query 1 run 1
SET
SET
SET
                                                                 QUERY PLAN                                                                  
---------------------------------------------------------------------------------------------------------------------------------------------
 Limit  (cost=3948970.46..3948970.47 rows=1 width=236) (actual time=61921.139..61921.140 rows=1 loops=1)
   ->  Sort  (cost=3948970.46..3948970.48 rows=6 width=236) (actual time=61921.138..61921.139 rows=1 loops=1)
         Sort Key: l_returnflag, l_linestatus
         Sort Method: top-N heapsort  Memory: 25kB
         ->  HashAggregate  (cost=3948970.27..3948970.44 rows=6 width=236) (actual time=61921.101..61921.107 rows=4 loops=1)
               Group Key: l_returnflag, l_linestatus
               Batches: 1  Memory Usage: 24kB
               ->  Seq Scan on lineitem  (cost=0.00..1874969.25 rows=59257172 width=25) (actual time=0.551..10900.214 rows=59284448 loops=1)
                     Filter: (l_shipdate <= '1998-09-10 00:00:00'::timestamp without time zone)
                     Rows Removed by Filter: 701604
 Planning Time: 13.707 ms
 Execution Time: 61922.281 ms
(12 rows)

SET
SET
SET
                                                                 QUERY PLAN                                                                 
--------------------------------------------------------------------------------------------------------------------------------------------
 Limit  (cost=3948970.46..3948970.47 rows=1 width=236) (actual time=60080.043..60080.045 rows=1 loops=1)
   ->  Sort  (cost=3948970.46..3948970.48 rows=6 width=236) (actual time=60080.042..60080.043 rows=1 loops=1)
         Sort Key: l_returnflag, l_linestatus
         Sort Method: top-N heapsort  Memory: 25kB
         ->  HashAggregate  (cost=3948970.27..3948970.44 rows=6 width=236) (actual time=60080.012..60080.018 rows=4 loops=1)
               Group Key: l_returnflag, l_linestatus
               Batches: 1  Memory Usage: 24kB
               ->  Seq Scan on lineitem  (cost=0.00..1874969.25 rows=59257172 width=25) (actual time=0.023..9114.503 rows=59284448 loops=1)
                     Filter: (l_shipdate <= '1998-09-10 00:00:00'::timestamp without time zone)
                     Rows Removed by Filter: 701604
 Planning Time: 0.617 ms
 Execution Time: 60080.096 ms
(12 rows)

query 2 run 1
SET
SET
SET
                                                                                        QUERY PLAN                                                                                         
-------------------------------------------------------------------------------------------------------------------------------------------------------------------------------------------
 Limit  (cost=1040442.52..1040442.53 rows=1 width=193) (actual time=4726.535..4726.551 rows=100 loops=1)
   ->  Sort  (cost=1040442.52..1040442.53 rows=1 width=193) (actual time=4726.534..4726.544 rows=100 loops=1)
         Sort Key: supplier.s_acctbal DESC, nation.n_name, supplier.s_name, part.p_partkey
         Sort Method: top-N heapsort  Memory: 70kB
         ->  Merge Join  (cost=554465.69..1040442.51 rows=1 width=193) (actual time=2893.094..4723.354 rows=4737 loops=1)
               Merge Cond: (part.p_partkey = partsupp.ps_partkey)
               Join Filter: (partsupp.ps_supplycost = (SubPlan 1))
               Rows Removed by Join Filter: 1661
               ->  Index Scan using part_pkey on part  (cost=0.43..89210.57 rows=7745 width=30) (actual time=0.479..798.391 rows=8046 loops=1)
                     Filter: (((p_type)::text ~~ '%NICKEL'::text) AND (p_size = 16))
                     Rows Removed by Filter: 1991954
               ->  Materialize  (cost=554464.92..562362.10 rows=1579436 width=173) (actual time=2891.491..3358.537 rows=1603828 loops=1)
                     Storage: Memory  Maximum Storage: 18kB
                     ->  Sort  (cost=554464.92..558413.51 rows=1579436 width=173) (actual time=2891.487..3183.537 rows=1603828 loops=1)
                           Sort Key: partsupp.ps_partkey
                           Sort Method: external merge  Disk: 293496kB
                           ->  Hash Join  (cost=4048.51..305092.01 rows=1579436 width=173) (actual time=38.812..2278.839 rows=1604080 loops=1)
                                 Hash Cond: (partsupp.ps_suppkey = supplier.s_suppkey)
                                 ->  Seq Scan on partsupp  (cost=0.00..255241.74 rows=8001974 width=14) (actual time=0.478..942.552 rows=8000000 loops=1)
                                 ->  Hash  (cost=3798.51..3798.51 rows=20000 width=167) (actual time=38.067..38.070 rows=20051 loops=1)
                                       Buckets: 32768  Batches: 1  Memory Usage: 4211kB
                                       ->  Hash Join  (cost=2.51..3798.51 rows=20000 width=167) (actual time=0.995..32.919 rows=20051 loops=1)
                                             Hash Cond: (supplier.s_nationkey = nation.n_nationkey)
                                             ->  Seq Scan on supplier  (cost=0.00..3221.00 rows=100000 width=145) (actual time=0.567..21.630 rows=100000 loops=1)
                                             ->  Hash  (cost=2.45..2.45 rows=5 width=30) (actual time=0.422..0.424 rows=5 loops=1)
                                                   Buckets: 1024  Batches: 1  Memory Usage: 9kB
                                                   ->  Hash Join  (cost=1.07..2.45 rows=5 width=30) (actual time=0.411..0.421 rows=5 loops=1)
                                                         Hash Cond: (nation.n_regionkey = region.r_regionkey)
                                                         ->  Seq Scan on nation  (cost=0.00..1.25 rows=25 width=34) (actual time=0.215..0.218 rows=25 loops=1)
                                                         ->  Hash  (cost=1.06..1.06 rows=1 width=4) (actual time=0.188..0.188 rows=1 loops=1)
                                                               Buckets: 1024  Batches: 1  Memory Usage: 9kB
                                                               ->  Seq Scan on region  (cost=0.00..1.06 rows=1 width=4) (actual time=0.182..0.184 rows=1 loops=1)
                                                                     Filter: (r_name = 'AMERICA'::bpchar)
                                                                     Rows Removed by Filter: 4
               SubPlan 1
                 ->  Aggregate  (cost=62.90..62.91 rows=1 width=32) (actual time=0.060..0.060 rows=1 loops=6398)
                       ->  Nested Loop  (cost=2.29..62.89 rows=3 width=6) (actual time=0.049..0.057 rows=2 loops=6398)
                             Join Filter: (nation_1.n_regionkey = region_1.r_regionkey)
                             Rows Removed by Join Filter: 2
                             ->  Seq Scan on region region_1  (cost=0.00..1.06 rows=1 width=4) (actual time=0.001..0.002 rows=1 loops=6398)
                                   Filter: (r_name = 'AMERICA'::bpchar)
                                   Rows Removed by Filter: 4
                             ->  Hash Join  (cost=2.29..61.62 rows=17 width=10) (actual time=0.043..0.055 rows=4 loops=6398)
                                   Hash Cond: (supplier_1.s_nationkey = nation_1.n_nationkey)
                                   ->  Nested Loop  (cost=0.72..60.00 rows=17 width=10) (actual time=0.042..0.054 rows=4 loops=6398)
                                         ->  Index Scan using idx_partsupp_partkey on partsupp partsupp_1  (cost=0.43..3.73 rows=17 width=10) (actual time=0.038..0.039 rows=4 loops=6398)
                                               Index Cond: (ps_partkey = part.p_partkey)
                                         ->  Index Scan using supplier_pkey on supplier supplier_1  (cost=0.29..3.31 rows=1 width=8) (actual time=0.003..0.003 rows=1 loops=25592)
                                               Index Cond: (s_suppkey = partsupp_1.ps_suppkey)
                                   ->  Hash  (cost=1.25..1.25 rows=25 width=8) (actual time=0.012..0.012 rows=25 loops=1)
                                         Buckets: 1024  Batches: 1  Memory Usage: 9kB
                                         ->  Seq Scan on nation nation_1  (cost=0.00..1.25 rows=25 width=8) (actual time=0.004..0.006 rows=25 loops=1)
 Planning Time: 22.528 ms
 Execution Time: 4764.343 ms
(54 rows)

SET
SET
SET
                                                                                        QUERY PLAN                                                                                         
-------------------------------------------------------------------------------------------------------------------------------------------------------------------------------------------
 Limit  (cost=1040442.52..1040442.53 rows=1 width=193) (actual time=3713.389..3713.405 rows=100 loops=1)
   ->  Sort  (cost=1040442.52..1040442.53 rows=1 width=193) (actual time=3713.388..3713.398 rows=100 loops=1)
         Sort Key: supplier.s_acctbal DESC, nation.n_name, supplier.s_name, part.p_partkey
         Sort Method: top-N heapsort  Memory: 70kB
         ->  Merge Join  (cost=554465.69..1040442.51 rows=1 width=193) (actual time=2470.488..3710.843 rows=4737 loops=1)
               Merge Cond: (part.p_partkey = partsupp.ps_partkey)
               Join Filter: (partsupp.ps_supplycost = (SubPlan 1))
               Rows Removed by Join Filter: 1661
               ->  Index Scan using part_pkey on part  (cost=0.43..89210.57 rows=7745 width=30) (actual time=0.021..495.152 rows=8046 loops=1)
                     Filter: (((p_type)::text ~~ '%NICKEL'::text) AND (p_size = 16))
                     Rows Removed by Filter: 1991954
               ->  Materialize  (cost=554464.92..562362.10 rows=1579436 width=173) (actual time=2470.357..2921.644 rows=1603828 loops=1)
                     Storage: Memory  Maximum Storage: 18kB
                     ->  Sort  (cost=554464.92..558413.51 rows=1579436 width=173) (actual time=2470.354..2745.247 rows=1603828 loops=1)
                           Sort Key: partsupp.ps_partkey
                           Sort Method: external merge  Disk: 293496kB
                           ->  Hash Join  (cost=4048.51..305092.01 rows=1579436 width=173) (actual time=25.107..1874.385 rows=1604080 loops=1)
                                 Hash Cond: (partsupp.ps_suppkey = supplier.s_suppkey)
                                 ->  Seq Scan on partsupp  (cost=0.00..255241.74 rows=8001974 width=14) (actual time=0.041..650.305 rows=8000000 loops=1)
                                 ->  Hash  (cost=3798.51..3798.51 rows=20000 width=167) (actual time=24.832..24.835 rows=20051 loops=1)
                                       Buckets: 32768  Batches: 1  Memory Usage: 4211kB
                                       ->  Hash Join  (cost=2.51..3798.51 rows=20000 width=167) (actual time=0.034..19.835 rows=20051 loops=1)
                                             Hash Cond: (supplier.s_nationkey = nation.n_nationkey)
                                             ->  Seq Scan on supplier  (cost=0.00..3221.00 rows=100000 width=145) (actual time=0.010..6.576 rows=100000 loops=1)
                                             ->  Hash  (cost=2.45..2.45 rows=5 width=30) (actual time=0.022..0.023 rows=5 loops=1)
                                                   Buckets: 1024  Batches: 1  Memory Usage: 9kB
                                                   ->  Hash Join  (cost=1.07..2.45 rows=5 width=30) (actual time=0.016..0.022 rows=5 loops=1)
                                                         Hash Cond: (nation.n_regionkey = region.r_regionkey)
                                                         ->  Seq Scan on nation  (cost=0.00..1.25 rows=25 width=34) (actual time=0.006..0.007 rows=25 loops=1)
                                                         ->  Hash  (cost=1.06..1.06 rows=1 width=4) (actual time=0.007..0.008 rows=1 loops=1)
                                                               Buckets: 1024  Batches: 1  Memory Usage: 9kB
                                                               ->  Seq Scan on region  (cost=0.00..1.06 rows=1 width=4) (actual time=0.004..0.005 rows=1 loops=1)
                                                                     Filter: (r_name = 'AMERICA'::bpchar)
                                                                     Rows Removed by Filter: 4
               SubPlan 1
                 ->  Aggregate  (cost=62.90..62.91 rows=1 width=32) (actual time=0.018..0.018 rows=1 loops=6398)
                       ->  Nested Loop  (cost=2.29..62.89 rows=3 width=6) (actual time=0.010..0.016 rows=2 loops=6398)
                             Join Filter: (nation_1.n_regionkey = region_1.r_regionkey)
                             Rows Removed by Join Filter: 2
                             ->  Seq Scan on region region_1  (cost=0.00..1.06 rows=1 width=4) (actual time=0.001..0.001 rows=1 loops=6398)
                                   Filter: (r_name = 'AMERICA'::bpchar)
                                   Rows Removed by Filter: 4
                             ->  Hash Join  (cost=2.29..61.62 rows=17 width=10) (actual time=0.006..0.014 rows=4 loops=6398)
                                   Hash Cond: (supplier_1.s_nationkey = nation_1.n_nationkey)
                                   ->  Nested Loop  (cost=0.72..60.00 rows=17 width=10) (actual time=0.005..0.013 rows=4 loops=6398)
                                         ->  Index Scan using idx_partsupp_partkey on partsupp partsupp_1  (cost=0.43..3.73 rows=17 width=10) (actual time=0.003..0.003 rows=4 loops=6398)
                                               Index Cond: (ps_partkey = part.p_partkey)
                                         ->  Index Scan using supplier_pkey on supplier supplier_1  (cost=0.29..3.31 rows=1 width=8) (actual time=0.002..0.002 rows=1 loops=25592)
                                               Index Cond: (s_suppkey = partsupp_1.ps_suppkey)
                                   ->  Hash  (cost=1.25..1.25 rows=25 width=8) (actual time=0.011..0.012 rows=25 loops=1)
                                         Buckets: 1024  Batches: 1  Memory Usage: 9kB
                                         ->  Seq Scan on nation nation_1  (cost=0.00..1.25 rows=25 width=8) (actual time=0.004..0.006 rows=25 loops=1)
 Planning Time: 1.658 ms
 Execution Time: 3749.201 ms
(54 rows)

query 3 run 1
SET
SET
SET
                                                                                     QUERY PLAN                                                                                      
-------------------------------------------------------------------------------------------------------------------------------------------------------------------------------------
 Limit  (cost=3174500.16..3174500.19 rows=10 width=44) (actual time=24185.210..24185.216 rows=10 loops=1)
   ->  Sort  (cost=3174500.16..3182276.36 rows=3110479 width=44) (actual time=24185.209..24185.213 rows=10 loops=1)
         Sort Key: (sum((lineitem.l_extendedprice * ('1'::numeric - lineitem.l_discount)))) DESC, orders.o_orderdate
         Sort Method: top-N heapsort  Memory: 26kB
         ->  HashAggregate  (cost=3031951.92..3107283.83 rows=3110479 width=44) (actual time=24122.250..24165.712 rows=113934 loops=1)
               Group Key: lineitem.l_orderkey, orders.o_orderdate, orders.o_shippriority
               Planned Partitions: 16  Batches: 1  Memory Usage: 49169kB
               ->  Hash Join  (cost=519619.52..2868408.76 rows=3110479 width=24) (actual time=7307.250..23933.853 rows=301530 loops=1)
                     Hash Cond: (lineitem.l_orderkey = orders.o_orderkey)
                     ->  Seq Scan on lineitem  (cost=0.00..1874969.25 rows=32232854 width=16) (actual time=0.653..10475.059 rows=32534229 loops=1)
                           Filter: (l_shipdate > '1995-03-07'::date)
                           Rows Removed by Filter: 27451823
                     ->  Hash  (cost=494458.73..494458.73 rows=1447423 width=12) (actual time=7302.972..7302.975 rows=1451805 loops=1)
                           Buckets: 2097152  Batches: 2  Memory Usage: 47606kB
                           ->  Hash Join  (cost=123783.93..494458.73 rows=1447423 width=12) (actual time=965.984..6980.705 rows=1451805 loops=1)
                                 Hash Cond: (orders.o_custkey = customer.c_custkey)
                                 ->  Bitmap Heap Scan on orders  (cost=65337.59..417024.39 rows=7233504 width=16) (actual time=532.590..4947.315 rows=7239437 loops=1)
                                       Recheck Cond: (o_orderdate < '1995-03-07'::date)
                                       Heap Blocks: exact=261268
                                       ->  Bitmap Index Scan on idx_orders_orderdate  (cost=0.00..63529.21 rows=7233504 width=0) (actual time=480.304..480.304 rows=7239437 loops=1)
                                             Index Cond: (o_orderdate < '1995-03-07'::date)
                                 ->  Hash  (cost=54694.89..54694.89 rows=300116 width=4) (actual time=432.520..432.521 rows=300276 loops=1)
                                       Buckets: 524288  Batches: 1  Memory Usage: 14653kB
                                       ->  Seq Scan on customer  (cost=0.00..54694.89 rows=300116 width=4) (actual time=0.655..386.899 rows=300276 loops=1)
                                             Filter: (c_mktsegment = 'BUILDING'::bpchar)
                                             Rows Removed by Filter: 1199724
 Planning Time: 21.236 ms
 Execution Time: 24186.898 ms
(28 rows)

SET
SET
SET
                                                                                     QUERY PLAN                                                                                      
-------------------------------------------------------------------------------------------------------------------------------------------------------------------------------------
 Limit  (cost=3174500.16..3174500.19 rows=10 width=44) (actual time=19225.335..19225.340 rows=10 loops=1)
   ->  Sort  (cost=3174500.16..3182276.36 rows=3110479 width=44) (actual time=19225.333..19225.338 rows=10 loops=1)
         Sort Key: (sum((lineitem.l_extendedprice * ('1'::numeric - lineitem.l_discount)))) DESC, orders.o_orderdate
         Sort Method: top-N heapsort  Memory: 26kB
         ->  HashAggregate  (cost=3031951.92..3107283.83 rows=3110479 width=44) (actual time=19162.560..19205.851 rows=113934 loops=1)
               Group Key: lineitem.l_orderkey, orders.o_orderdate, orders.o_shippriority
               Planned Partitions: 16  Batches: 1  Memory Usage: 49169kB
               ->  Hash Join  (cost=519619.52..2868408.76 rows=3110479 width=24) (actual time=4505.377..18985.416 rows=301530 loops=1)
                     Hash Cond: (lineitem.l_orderkey = orders.o_orderkey)
                     ->  Seq Scan on lineitem  (cost=0.00..1874969.25 rows=32232854 width=16) (actual time=0.039..8509.116 rows=32534229 loops=1)
                           Filter: (l_shipdate > '1995-03-07'::date)
                           Rows Removed by Filter: 27451823
                     ->  Hash  (cost=494458.73..494458.73 rows=1447423 width=12) (actual time=4502.512..4502.514 rows=1451805 loops=1)
                           Buckets: 2097152  Batches: 2  Memory Usage: 47606kB
                           ->  Hash Join  (cost=123783.93..494458.73 rows=1447423 width=12) (actual time=815.378..4232.097 rows=1451805 loops=1)
                                 Hash Cond: (orders.o_custkey = customer.c_custkey)
                                 ->  Bitmap Heap Scan on orders  (cost=65337.59..417024.39 rows=7233504 width=16) (actual time=500.984..2392.924 rows=7239437 loops=1)
                                       Recheck Cond: (o_orderdate < '1995-03-07'::date)
                                       Heap Blocks: exact=261268
                                       ->  Bitmap Index Scan on idx_orders_orderdate  (cost=0.00..63529.21 rows=7233504 width=0) (actual time=449.361..449.361 rows=7239437 loops=1)
                                             Index Cond: (o_orderdate < '1995-03-07'::date)
                                 ->  Hash  (cost=54694.89..54694.89 rows=300116 width=4) (actual time=313.618..313.619 rows=300276 loops=1)
                                       Buckets: 524288  Batches: 1  Memory Usage: 14653kB
                                       ->  Seq Scan on customer  (cost=0.00..54694.89 rows=300116 width=4) (actual time=0.035..269.951 rows=300276 loops=1)
                                             Filter: (c_mktsegment = 'BUILDING'::bpchar)
                                             Rows Removed by Filter: 1199724
 Planning Time: 1.378 ms
 Execution Time: 19226.681 ms
(28 rows)

query 4 run 1
SET
SET
SET
                                                                             QUERY PLAN                                                                             
--------------------------------------------------------------------------------------------------------------------------------------------------------------------
 Limit  (cost=2027616.12..2027616.13 rows=1 width=24) (actual time=18663.095..18663.097 rows=1 loops=1)
   ->  Sort  (cost=2027616.12..2027616.14 rows=5 width=24) (actual time=18663.094..18663.095 rows=1 loops=1)
         Sort Key: orders.o_orderpriority
         Sort Method: top-N heapsort  Memory: 25kB
         ->  HashAggregate  (cost=2027616.05..2027616.10 rows=5 width=24) (actual time=18663.044..18663.046 rows=5 loops=1)
               Group Key: orders.o_orderpriority
               Batches: 1  Memory Usage: 24kB
               ->  Nested Loop Semi Join  (cost=6334.08..2024871.12 rows=548985 width=16) (actual time=110.983..18361.012 rows=513822 loops=1)
                     ->  Bitmap Heap Scan on orders  (cost=6333.52..275837.73 rows=549081 width=20) (actual time=110.541..5000.545 rows=560424 loops=1)
                           Recheck Cond: ((o_orderdate >= '1993-12-01'::date) AND (o_orderdate < '1994-03-01'::date))
                           Heap Blocks: exact=231887
                           ->  Bitmap Index Scan on idx_orders_orderdate  (cost=0.00..6196.25 rows=549081 width=0) (actual time=63.784..63.784 rows=560424 loops=1)
                                 Index Cond: ((o_orderdate >= '1993-12-01'::date) AND (o_orderdate < '1994-03-01'::date))
                     ->  Index Scan using idx_lineitem_orderkey on lineitem  (cost=0.56..3.61 rows=1 width=4) (actual time=0.023..0.023 rows=1 loops=560424)
                           Index Cond: (l_orderkey = orders.o_orderkey)
                           Filter: (l_commitdate < l_receiptdate)
                           Rows Removed by Filter: 1
 Planning Time: 15.729 ms
 Execution Time: 18664.215 ms
(19 rows)

SET
SET
SET
                                                                             QUERY PLAN                                                                             
--------------------------------------------------------------------------------------------------------------------------------------------------------------------
 Limit  (cost=2027616.12..2027616.13 rows=1 width=24) (actual time=4704.880..4704.882 rows=1 loops=1)
   ->  Sort  (cost=2027616.12..2027616.14 rows=5 width=24) (actual time=4704.879..4704.881 rows=1 loops=1)
         Sort Key: orders.o_orderpriority
         Sort Method: top-N heapsort  Memory: 25kB
         ->  HashAggregate  (cost=2027616.05..2027616.10 rows=5 width=24) (actual time=4704.846..4704.848 rows=5 loops=1)
               Group Key: orders.o_orderpriority
               Batches: 1  Memory Usage: 24kB
               ->  Nested Loop Semi Join  (cost=6334.08..2024871.12 rows=548985 width=16) (actual time=109.735..4502.520 rows=513822 loops=1)
                     ->  Bitmap Heap Scan on orders  (cost=6333.52..275837.73 rows=549081 width=20) (actual time=109.707..1221.602 rows=560424 loops=1)
                           Recheck Cond: ((o_orderdate >= '1993-12-01'::date) AND (o_orderdate < '1994-03-01'::date))
                           Heap Blocks: exact=231887
                           ->  Bitmap Index Scan on idx_orders_orderdate  (cost=0.00..6196.25 rows=549081 width=0) (actual time=63.563..63.564 rows=560424 loops=1)
                                 Index Cond: ((o_orderdate >= '1993-12-01'::date) AND (o_orderdate < '1994-03-01'::date))
                     ->  Index Scan using idx_lineitem_orderkey on lineitem  (cost=0.56..3.61 rows=1 width=4) (actual time=0.005..0.005 rows=1 loops=560424)
                           Index Cond: (l_orderkey = orders.o_orderkey)
                           Filter: (l_commitdate < l_receiptdate)
                           Rows Removed by Filter: 1
 Planning Time: 1.300 ms
 Execution Time: 4704.938 ms
(19 rows)

query 5 run 1
SET
SET
SET
                                                                                        QUERY PLAN                                                                                         
-------------------------------------------------------------------------------------------------------------------------------------------------------------------------------------------
 Limit  (cost=2091925.89..2091925.89 rows=1 width=58) (actual time=21694.996..21695.011 rows=1 loops=1)
   ->  Sort  (cost=2091925.89..2091925.95 rows=25 width=58) (actual time=21694.995..21695.009 rows=1 loops=1)
         Sort Key: (sum((lineitem.l_extendedprice * ('1'::numeric - lineitem.l_discount)))) DESC
         Sort Method: top-N heapsort  Memory: 25kB
         ->  GroupAggregate  (cost=2091017.92..2091925.77 rows=25 width=58) (actual time=21673.290..21694.989 rows=5 loops=1)
               Group Key: nation.n_name
               ->  Sort  (cost=2091017.92..2091199.42 rows=72603 width=38) (actual time=21667.908..21670.818 rows=72033 loops=1)
                     Sort Key: nation.n_name
                     Sort Method: quicksort  Memory: 7012kB
                     ->  Hash Join  (cost=94513.32..2085156.04 rows=72603 width=38) (actual time=781.236..21621.243 rows=72033 loops=1)
                           Hash Cond: ((lineitem.l_suppkey = supplier.s_suppkey) AND (customer.c_nationkey = supplier.s_nationkey))
                           ->  Nested Loop  (cost=89792.32..2070797.05 rows=1835806 width=50) (actual time=738.101..21170.688 rows=1815327 loops=1)
                                 ->  Hash Join  (cost=89791.76..398684.34 rows=459032 width=38) (actual time=737.072..6843.266 rows=453399 loops=1)
                                       Hash Cond: (orders.o_custkey = customer.c_custkey)
                                       ->  Bitmap Heap Scan on orders  (cost=26470.34..322165.75 rows=2295161 width=8) (actual time=223.518..5670.122 rows=2276638 loops=1)
                                             Recheck Cond: ((o_orderdate >= '1993-01-01'::date) AND (o_orderdate < '1994-01-01'::date))
                                             Heap Blocks: exact=261246
                                             ->  Bitmap Index Scan on idx_orders_orderdate  (cost=0.00..25896.55 rows=2295161 width=0) (actual time=171.234..171.234 rows=2276638 loops=1)
                                                   Index Cond: ((o_orderdate >= '1993-01-01'::date) AND (o_orderdate < '1994-01-01'::date))
                                       ->  Hash  (cost=59571.84..59571.84 rows=299966 width=38) (actual time=513.053..513.064 rows=299436 loops=1)
                                             Buckets: 524288  Batches: 1  Memory Usage: 25151kB
                                             ->  Hash Join  (cost=2.51..59571.84 rows=299966 width=38) (actual time=0.924..454.701 rows=299436 loops=1)
                                                   Hash Cond: (customer.c_nationkey = nation.n_nationkey)
                                                   ->  Seq Scan on customer  (cost=0.00..50945.31 rows=1499831 width=8) (actual time=0.515..302.906 rows=1500000 loops=1)
                                                   ->  Hash  (cost=2.45..2.45 rows=5 width=30) (actual time=0.399..0.410 rows=5 loops=1)
                                                         Buckets: 1024  Batches: 1  Memory Usage: 9kB
                                                         ->  Hash Join  (cost=1.07..2.45 rows=5 width=30) (actual time=0.388..0.406 rows=5 loops=1)
                                                               Hash Cond: (nation.n_regionkey = region.r_regionkey)
                                                               ->  Seq Scan on nation  (cost=0.00..1.25 rows=25 width=34) (actual time=0.193..0.196 rows=25 loops=1)
                                                               ->  Hash  (cost=1.06..1.06 rows=1 width=4) (actual time=0.184..0.185 rows=1 loops=1)
                                                                     Buckets: 1024  Batches: 1  Memory Usage: 9kB
                                                                     ->  Seq Scan on region  (cost=0.00..1.06 rows=1 width=4) (actual time=0.177..0.179 rows=1 loops=1)
                                                                           Filter: (r_name = 'AMERICA'::bpchar)
                                                                           Rows Removed by Filter: 4
                                 ->  Index Scan using idx_lineitem_orderkey on lineitem  (cost=0.56..3.60 rows=4 width=20) (actual time=0.028..0.030 rows=4 loops=453399)
                                       Index Cond: (l_orderkey = orders.o_orderkey)
                           ->  Hash  (cost=3221.00..3221.00 rows=100000 width=8) (actual time=39.373..39.373 rows=100000 loops=1)
                                 Buckets: 131072  Batches: 1  Memory Usage: 4931kB
                                 ->  Seq Scan on supplier  (cost=0.00..3221.00 rows=100000 width=8) (actual time=0.507..24.960 rows=100000 loops=1)
 Planning Time: 25.992 ms
 Execution Time: 21695.895 ms
(41 rows)

SET
SET
SET
                                                                                        QUERY PLAN                                                                                         
-------------------------------------------------------------------------------------------------------------------------------------------------------------------------------------------
 Limit  (cost=2091925.89..2091925.89 rows=1 width=58) (actual time=6115.384..6115.390 rows=1 loops=1)
   ->  Sort  (cost=2091925.89..2091925.95 rows=25 width=58) (actual time=6115.383..6115.388 rows=1 loops=1)
         Sort Key: (sum((lineitem.l_extendedprice * ('1'::numeric - lineitem.l_discount)))) DESC
         Sort Method: top-N heapsort  Memory: 25kB
         ->  GroupAggregate  (cost=2091017.92..2091925.77 rows=25 width=58) (actual time=6094.146..6115.369 rows=5 loops=1)
               Group Key: nation.n_name
               ->  Sort  (cost=2091017.92..2091199.42 rows=72603 width=38) (actual time=6088.924..6091.742 rows=72033 loops=1)
                     Sort Key: nation.n_name
                     Sort Method: quicksort  Memory: 7012kB
                     ->  Hash Join  (cost=94513.32..2085156.04 rows=72603 width=38) (actual time=641.874..6055.251 rows=72033 loops=1)
                           Hash Cond: ((lineitem.l_suppkey = supplier.s_suppkey) AND (customer.c_nationkey = supplier.s_nationkey))
                           ->  Nested Loop  (cost=89792.32..2070797.05 rows=1835806 width=50) (actual time=608.404..5657.702 rows=1815327 loops=1)
                                 ->  Hash Join  (cost=89791.76..398684.34 rows=459032 width=38) (actual time=608.382..2548.430 rows=453399 loops=1)
                                       Hash Cond: (orders.o_custkey = customer.c_custkey)
                                       ->  Bitmap Heap Scan on orders  (cost=26470.34..322165.75 rows=2295161 width=8) (actual time=211.838..1590.914 rows=2276638 loops=1)
                                             Recheck Cond: ((o_orderdate >= '1993-01-01'::date) AND (o_orderdate < '1994-01-01'::date))
                                             Heap Blocks: exact=261246
                                             ->  Bitmap Index Scan on idx_orders_orderdate  (cost=0.00..25896.55 rows=2295161 width=0) (actual time=160.187..160.187 rows=2276638 loops=1)
                                                   Index Cond: ((o_orderdate >= '1993-01-01'::date) AND (o_orderdate < '1994-01-01'::date))
                                       ->  Hash  (cost=59571.84..59571.84 rows=299966 width=38) (actual time=396.198..396.201 rows=299436 loops=1)
                                             Buckets: 524288  Batches: 1  Memory Usage: 25151kB
                                             ->  Hash Join  (cost=2.51..59571.84 rows=299966 width=38) (actual time=0.064..340.292 rows=299436 loops=1)
                                                   Hash Cond: (customer.c_nationkey = nation.n_nationkey)
                                                   ->  Seq Scan on customer  (cost=0.00..50945.31 rows=1499831 width=8) (actual time=0.023..190.788 rows=1500000 loops=1)
                                                   ->  Hash  (cost=2.45..2.45 rows=5 width=30) (actual time=0.036..0.038 rows=5 loops=1)
                                                         Buckets: 1024  Batches: 1  Memory Usage: 9kB
                                                         ->  Hash Join  (cost=1.07..2.45 rows=5 width=30) (actual time=0.030..0.036 rows=5 loops=1)
                                                               Hash Cond: (nation.n_regionkey = region.r_regionkey)
                                                               ->  Seq Scan on nation  (cost=0.00..1.25 rows=25 width=34) (actual time=0.010..0.012 rows=25 loops=1)
                                                               ->  Hash  (cost=1.06..1.06 rows=1 width=4) (actual time=0.015..0.016 rows=1 loops=1)
                                                                     Buckets: 1024  Batches: 1  Memory Usage: 9kB
                                                                     ->  Seq Scan on region  (cost=0.00..1.06 rows=1 width=4) (actual time=0.011..0.012 rows=1 loops=1)
                                                                           Filter: (r_name = 'AMERICA'::bpchar)
                                                                           Rows Removed by Filter: 4
                                 ->  Index Scan using idx_lineitem_orderkey on lineitem  (cost=0.56..3.60 rows=4 width=20) (actual time=0.005..0.006 rows=4 loops=453399)
                                       Index Cond: (l_orderkey = orders.o_orderkey)
                           ->  Hash  (cost=3221.00..3221.00 rows=100000 width=8) (actual time=33.208..33.209 rows=100000 loops=1)
                                 Buckets: 131072  Batches: 1  Memory Usage: 4931kB
                                 ->  Seq Scan on supplier  (cost=0.00..3221.00 rows=100000 width=8) (actual time=0.021..17.329 rows=100000 loops=1)
 Planning Time: 3.741 ms
 Execution Time: 6115.864 ms
(41 rows)

query 6 run 1
SET
SET
SET
                                                                                                          QUERY PLAN                                                                                                           
-------------------------------------------------------------------------------------------------------------------------------------------------------------------------------------------------------------------------------
 Limit  (cost=1976980.63..1976980.64 rows=1 width=32) (actual time=13635.402..13635.403 rows=1 loops=1)
   ->  Aggregate  (cost=1976980.63..1976980.64 rows=1 width=32) (actual time=13635.400..13635.401 rows=1 loops=1)
         ->  Bitmap Heap Scan on lineitem  (cost=216304.06..1970977.22 rows=1200681 width=12) (actual time=1318.501..13031.505 rows=1194558 loops=1)
               Recheck Cond: ((l_shipdate >= '1993-01-01'::date) AND (l_shipdate < '1994-01-01 00:00:00'::timestamp without time zone) AND (l_discount >= 0.06) AND (l_discount <= 0.08) AND (l_quantity < '25'::numeric))
               Rows Removed by Index Recheck: 13724091
               Heap Blocks: exact=395900 lossy=267068
               ->  Bitmap Index Scan on idx_lineitem_shipdate  (cost=0.00..216003.89 rows=1200681 width=0) (actual time=1233.529..1233.529 rows=1194558 loops=1)
                     Index Cond: ((l_shipdate >= '1993-01-01'::date) AND (l_shipdate < '1994-01-01 00:00:00'::timestamp without time zone) AND (l_discount >= 0.06) AND (l_discount <= 0.08) AND (l_quantity < '25'::numeric))
 Planning Time: 13.367 ms
 Execution Time: 13636.822 ms
(10 rows)

SET
SET
SET
                                                                                                          QUERY PLAN                                                                                                           
-------------------------------------------------------------------------------------------------------------------------------------------------------------------------------------------------------------------------------
 Limit  (cost=1976980.63..1976980.64 rows=1 width=32) (actual time=6564.407..6564.408 rows=1 loops=1)
   ->  Aggregate  (cost=1976980.63..1976980.64 rows=1 width=32) (actual time=6564.406..6564.407 rows=1 loops=1)
         ->  Bitmap Heap Scan on lineitem  (cost=216304.06..1970977.22 rows=1200681 width=12) (actual time=1188.065..6242.455 rows=1194558 loops=1)
               Recheck Cond: ((l_shipdate >= '1993-01-01'::date) AND (l_shipdate < '1994-01-01 00:00:00'::timestamp without time zone) AND (l_discount >= 0.06) AND (l_discount <= 0.08) AND (l_quantity < '25'::numeric))
               Rows Removed by Index Recheck: 13724091
               Heap Blocks: exact=395900 lossy=267068
               ->  Bitmap Index Scan on idx_lineitem_shipdate  (cost=0.00..216003.89 rows=1200681 width=0) (actual time=1103.836..1103.836 rows=1194558 loops=1)
                     Index Cond: ((l_shipdate >= '1993-01-01'::date) AND (l_shipdate < '1994-01-01 00:00:00'::timestamp without time zone) AND (l_discount >= 0.06) AND (l_discount <= 0.08) AND (l_quantity < '25'::numeric))
 Planning Time: 0.710 ms
 Execution Time: 6564.598 ms
(10 rows)

query 7 run 1
SET
SET
SET
                                                                                 QUERY PLAN                                                                                  
-----------------------------------------------------------------------------------------------------------------------------------------------------------------------------
 Limit  (cost=2715289.55..2715289.67 rows=1 width=116) (actual time=17937.498..17937.505 rows=1 loops=1)
   ->  GroupAggregate  (cost=2715289.55..2716472.78 rows=10024 width=116) (actual time=17937.497..17937.503 rows=1 loops=1)
         Group Key: n1.n_name, n2.n_name, (EXTRACT(year FROM lineitem.l_shipdate))
         ->  Sort  (cost=2715289.55..2715437.10 rows=59021 width=96) (actual time=17930.422..17931.012 rows=14421 loops=1)
               Sort Key: n1.n_name, n2.n_name, (EXTRACT(year FROM lineitem.l_shipdate))
               Sort Method: quicksort  Memory: 6503kB
               ->  Hash Join  (cost=563388.32..2710612.45 rows=59021 width=96) (actual time=4796.112..17896.322 rows=57794 loops=1)
                     Hash Cond: (lineitem.l_orderkey = orders.o_orderkey)
                     Join Filter: (((n1.n_name = 'PERU'::bpchar) AND (n2.n_name = 'MOROCCO'::bpchar)) OR ((n1.n_name = 'MOROCCO'::bpchar) AND (n2.n_name = 'PERU'::bpchar)))
                     Rows Removed by Join Filter: 58158
                     ->  Hash Join  (cost=3629.40..2109985.52 rows=1418217 width=46) (actual time=31.993..12506.377 rows=1455694 loops=1)
                           Hash Cond: (lineitem.l_suppkey = supplier.s_suppkey)
                           ->  Seq Scan on lineitem  (cost=0.00..2024934.50 rows=17930520 width=24) (actual time=0.576..10322.876 rows=18230325 loops=1)
                                 Filter: ((l_shipdate >= '1995-01-01'::date) AND (l_shipdate <= '1996-12-31'::date))
                                 Rows Removed by Filter: 41755727
                           ->  Hash  (cost=3529.40..3529.40 rows=8000 width=30) (actual time=31.403..31.405 rows=7981 loops=1)
                                 Buckets: 8192  Batches: 1  Memory Usage: 548kB
                                 ->  Hash Join  (cost=1.40..3529.40 rows=8000 width=30) (actual time=0.803..30.157 rows=7981 loops=1)
                                       Hash Cond: (supplier.s_nationkey = n1.n_nationkey)
                                       ->  Seq Scan on supplier  (cost=0.00..3221.00 rows=100000 width=8) (actual time=0.555..21.066 rows=100000 loops=1)
                                       ->  Hash  (cost=1.38..1.38 rows=2 width=30) (actual time=0.241..0.241 rows=2 loops=1)
                                             Buckets: 1024  Batches: 1  Memory Usage: 9kB
                                             ->  Seq Scan on nation n1  (cost=0.00..1.38 rows=2 width=30) (actual time=0.232..0.236 rows=2 loops=1)
                                                   Filter: ((n_name = 'PERU'::bpchar) OR (n_name = 'MOROCCO'::bpchar))
                                                   Rows Removed by Filter: 23
                     ->  Hash  (cost=536556.76..536556.76 rows=1199933 width=30) (actual time=4759.226..4759.228 rows=1191175 loops=1)
                           Buckets: 1048576  Batches: 2  Memory Usage: 44259kB
                           ->  Hash Join  (cost=57051.01..536556.76 rows=1199933 width=30) (actual time=458.877..4519.615 rows=1191175 loops=1)
                                 Hash Cond: (orders.o_custkey = customer.c_custkey)
                                 ->  Seq Scan on orders  (cost=0.00..411259.61 rows=14999161 width=8) (actual time=0.801..1525.866 rows=15000000 loops=1)
                                 ->  Hash  (cost=55551.19..55551.19 rows=119986 width=30) (actual time=457.952..457.953 rows=119622 loops=1)
                                       Buckets: 131072  Batches: 1  Memory Usage: 8267kB
                                       ->  Hash Join  (cost=1.40..55551.19 rows=119986 width=30) (actual time=0.866..436.690 rows=119622 loops=1)
                                             Hash Cond: (customer.c_nationkey = n2.n_nationkey)
                                             ->  Seq Scan on customer  (cost=0.00..50945.31 rows=1499831 width=8) (actual time=0.842..304.607 rows=1500000 loops=1)
                                             ->  Hash  (cost=1.38..1.38 rows=2 width=30) (actual time=0.018..0.018 rows=2 loops=1)
                                                   Buckets: 1024  Batches: 1  Memory Usage: 9kB
                                                   ->  Seq Scan on nation n2  (cost=0.00..1.38 rows=2 width=30) (actual time=0.013..0.015 rows=2 loops=1)
                                                         Filter: ((n_name = 'MOROCCO'::bpchar) OR (n_name = 'PERU'::bpchar))
                                                         Rows Removed by Filter: 23
 Planning Time: 25.613 ms
 Execution Time: 17938.142 ms
(42 rows)

SET
SET
SET
                                                                                 QUERY PLAN                                                                                  
-----------------------------------------------------------------------------------------------------------------------------------------------------------------------------
 Limit  (cost=2715289.55..2715289.67 rows=1 width=116) (actual time=14457.504..14457.510 rows=1 loops=1)
   ->  GroupAggregate  (cost=2715289.55..2716472.78 rows=10024 width=116) (actual time=14457.503..14457.508 rows=1 loops=1)
         Group Key: n1.n_name, n2.n_name, (EXTRACT(year FROM lineitem.l_shipdate))
         ->  Sort  (cost=2715289.55..2715437.10 rows=59021 width=96) (actual time=14450.428..14451.023 rows=14421 loops=1)
               Sort Key: n1.n_name, n2.n_name, (EXTRACT(year FROM lineitem.l_shipdate))
               Sort Method: quicksort  Memory: 6503kB
               ->  Hash Join  (cost=563388.32..2710612.45 rows=59021 width=96) (actual time=3865.587..14418.279 rows=57794 loops=1)
                     Hash Cond: (lineitem.l_orderkey = orders.o_orderkey)
                     Join Filter: (((n1.n_name = 'PERU'::bpchar) AND (n2.n_name = 'MOROCCO'::bpchar)) OR ((n1.n_name = 'MOROCCO'::bpchar) AND (n2.n_name = 'PERU'::bpchar)))
                     Rows Removed by Join Filter: 58158
                     ->  Hash Join  (cost=3629.40..2109985.52 rows=1418217 width=46) (actual time=18.708..9992.820 rows=1455694 loops=1)
                           Hash Cond: (lineitem.l_suppkey = supplier.s_suppkey)
                           ->  Seq Scan on lineitem  (cost=0.00..2024934.50 rows=17930520 width=24) (actual time=0.042..8226.969 rows=18230325 loops=1)
                                 Filter: ((l_shipdate >= '1995-01-01'::date) AND (l_shipdate <= '1996-12-31'::date))
                                 Rows Removed by Filter: 41755727
                           ->  Hash  (cost=3529.40..3529.40 rows=8000 width=30) (actual time=18.655..18.657 rows=7981 loops=1)
                                 Buckets: 8192  Batches: 1  Memory Usage: 548kB
                                 ->  Hash Join  (cost=1.40..3529.40 rows=8000 width=30) (actual time=0.018..17.485 rows=7981 loops=1)
                                       Hash Cond: (supplier.s_nationkey = n1.n_nationkey)
                                       ->  Seq Scan on supplier  (cost=0.00..3221.00 rows=100000 width=8) (actual time=0.003..6.279 rows=100000 loops=1)
                                       ->  Hash  (cost=1.38..1.38 rows=2 width=30) (actual time=0.012..0.012 rows=2 loops=1)
                                             Buckets: 1024  Batches: 1  Memory Usage: 9kB
                                             ->  Seq Scan on nation n1  (cost=0.00..1.38 rows=2 width=30) (actual time=0.008..0.010 rows=2 loops=1)
                                                   Filter: ((n_name = 'PERU'::bpchar) OR (n_name = 'MOROCCO'::bpchar))
                                                   Rows Removed by Filter: 23
                     ->  Hash  (cost=536556.76..536556.76 rows=1199933 width=30) (actual time=3844.606..3844.608 rows=1191175 loops=1)
                           Buckets: 1048576  Batches: 2  Memory Usage: 44259kB
                           ->  Hash Join  (cost=57051.01..536556.76 rows=1199933 width=30) (actual time=282.175..3619.861 rows=1191175 loops=1)
                                 Hash Cond: (orders.o_custkey = customer.c_custkey)
                                 ->  Seq Scan on orders  (cost=0.00..411259.61 rows=14999161 width=8) (actual time=0.050..1057.354 rows=15000000 loops=1)
                                 ->  Hash  (cost=55551.19..55551.19 rows=119986 width=30) (actual time=282.010..282.011 rows=119622 loops=1)
                                       Buckets: 131072  Batches: 1  Memory Usage: 8267kB
                                       ->  Hash Join  (cost=1.40..55551.19 rows=119986 width=30) (actual time=0.023..262.697 rows=119622 loops=1)
                                             Hash Cond: (customer.c_nationkey = n2.n_nationkey)
                                             ->  Seq Scan on customer  (cost=0.00..50945.31 rows=1499831 width=8) (actual time=0.004..94.462 rows=1500000 loops=1)
                                             ->  Hash  (cost=1.38..1.38 rows=2 width=30) (actual time=0.015..0.016 rows=2 loops=1)
                                                   Buckets: 1024  Batches: 1  Memory Usage: 9kB
                                                   ->  Seq Scan on nation n2  (cost=0.00..1.38 rows=2 width=30) (actual time=0.011..0.013 rows=2 loops=1)
                                                         Filter: ((n_name = 'MOROCCO'::bpchar) OR (n_name = 'PERU'::bpchar))
                                                         Rows Removed by Filter: 23
 Planning Time: 2.366 ms
 Execution Time: 14457.788 ms
(42 rows)

query 8 run 1
SET
SET
SET
                                                                                          QUERY PLAN                                                                                           
-----------------------------------------------------------------------------------------------------------------------------------------------------------------------------------------------
 Limit  (cost=1211215.18..1211215.42 rows=1 width=64) (actual time=59473.349..59473.355 rows=1 loops=1)
   ->  GroupAggregate  (cost=1211215.18..1211801.54 rows=2406 width=64) (actual time=59473.348..59473.354 rows=1 loops=1)
         Group Key: (EXTRACT(year FROM orders.o_orderdate))
         ->  Sort  (cost=1211215.18..1211274.98 rows=23922 width=70) (actual time=59467.820..59468.284 rows=11818 loops=1)
               Sort Key: (EXTRACT(year FROM orders.o_orderdate))
               Sort Method: quicksort  Memory: 2259kB
               ->  Nested Loop  (cost=860298.05..1209475.32 rows=23922 width=70) (actual time=53975.356..59452.328 rows=23842 loops=1)
                     ->  Hash Join  (cost=860297.90..1208807.90 rows=23922 width=20) (actual time=53975.336..59418.134 rows=23842 loops=1)
                           Hash Cond: (lineitem.l_suppkey = supplier.s_suppkey)
                           ->  Hash Join  (cost=855826.90..1204273.39 rows=24195 width=20) (actual time=53935.247..59367.328 rows=23842 loops=1)
                                 Hash Cond: (orders.o_custkey = customer.c_custkey)
                                 ->  Hash Join  (cost=792505.48..1140256.36 rows=120977 width=24) (actual time=53434.991..58836.931 rows=118593 loops=1)
                                       Hash Cond: (orders.o_orderkey = lineitem.l_orderkey)
                                       ->  Bitmap Heap Scan on orders  (cost=52449.90..381936.38 rows=4547899 width=12) (actual time=365.174..4856.636 rows=4557513 loops=1)
                                             Recheck Cond: ((o_orderdate >= '1995-01-01'::date) AND (o_orderdate <= '1996-12-31'::date))
                                             Heap Blocks: exact=261268
                                             ->  Bitmap Index Scan on idx_orders_orderdate  (cost=0.00..51312.92 rows=4547899 width=0) (actual time=312.358..312.358 rows=4557513 loops=1)
                                                   Index Cond: ((o_orderdate >= '1995-01-01'::date) AND (o_orderdate <= '1996-12-31'::date))
                                       ->  Hash  (cost=735068.26..735068.26 rows=398986 width=20) (actual time=53069.520..53069.521 rows=389521 loops=1)
                                             Buckets: 524288  Batches: 1  Memory Usage: 25019kB
                                             ->  Nested Loop  (cost=0.44..735068.26 rows=398986 width=20) (actual time=2.238..52685.566 rows=389521 loops=1)
                                                   ->  Seq Scan on part  (cost=0.00..65979.84 rows=13302 width=4) (actual time=1.534..492.355 rows=13011 loops=1)
                                                         Filter: ((p_type)::text = 'LARGE POLISHED BRASS'::text)
                                                         Rows Removed by Filter: 1986989
                                                   ->  Index Scan using idx_lineitem_part_supp on lineitem  (cost=0.44..49.98 rows=32 width=24) (actual time=0.253..3.994 rows=30 loops=13011)
                                                         Index Cond: (l_partkey = part.p_partkey)
                                 ->  Hash  (cost=59571.84..59571.84 rows=299966 width=4) (actual time=499.605..499.607 rows=299436 loops=1)
                                       Buckets: 524288  Batches: 1  Memory Usage: 14624kB
                                       ->  Hash Join  (cost=2.51..59571.84 rows=299966 width=4) (actual time=1.479..454.353 rows=299436 loops=1)
                                             Hash Cond: (customer.c_nationkey = n1.n_nationkey)
                                             ->  Seq Scan on customer  (cost=0.00..50945.31 rows=1499831 width=8) (actual time=0.814..304.572 rows=1500000 loops=1)
                                             ->  Hash  (cost=2.45..2.45 rows=5 width=4) (actual time=0.659..0.660 rows=5 loops=1)
                                                   Buckets: 1024  Batches: 1  Memory Usage: 9kB
                                                   ->  Hash Join  (cost=1.07..2.45 rows=5 width=4) (actual time=0.654..0.659 rows=5 loops=1)
                                                         Hash Cond: (n1.n_regionkey = region.r_regionkey)
                                                         ->  Seq Scan on nation n1  (cost=0.00..1.25 rows=25 width=8) (actual time=0.325..0.326 rows=25 loops=1)
                                                         ->  Hash  (cost=1.06..1.06 rows=1 width=4) (actual time=0.323..0.324 rows=1 loops=1)
                                                               Buckets: 1024  Batches: 1  Memory Usage: 9kB
                                                               ->  Seq Scan on region  (cost=0.00..1.06 rows=1 width=4) (actual time=0.319..0.320 rows=1 loops=1)
                                                                     Filter: (r_name = 'AMERICA'::bpchar)
                                                                     Rows Removed by Filter: 4
                           ->  Hash  (cost=3221.00..3221.00 rows=100000 width=8) (actual time=39.810..39.811 rows=100000 loops=1)
                                 Buckets: 131072  Batches: 1  Memory Usage: 4931kB
                                 ->  Seq Scan on supplier  (cost=0.00..3221.00 rows=100000 width=8) (actual time=0.595..25.772 rows=100000 loops=1)
                     ->  Memoize  (cost=0.15..0.92 rows=1 width=30) (actual time=0.000..0.000 rows=1 loops=23842)
                           Cache Key: supplier.s_nationkey
                           Cache Mode: logical
                           Hits: 23817  Misses: 25  Evictions: 0  Overflows: 0  Memory Usage: 4kB
                           ->  Index Scan using nation_pkey on nation n2  (cost=0.14..0.91 rows=1 width=30) (actual time=0.003..0.003 rows=1 loops=25)
                                 Index Cond: (n_nationkey = supplier.s_nationkey)
 Planning Time: 31.193 ms
 Execution Time: 59473.985 ms
(52 rows)

SET
SET
SET
                                                                                          QUERY PLAN                                                                                           
-----------------------------------------------------------------------------------------------------------------------------------------------------------------------------------------------
 Limit  (cost=1211215.18..1211215.42 rows=1 width=64) (actual time=4938.618..4938.625 rows=1 loops=1)
   ->  GroupAggregate  (cost=1211215.18..1211801.54 rows=2406 width=64) (actual time=4938.617..4938.623 rows=1 loops=1)
         Group Key: (EXTRACT(year FROM orders.o_orderdate))
         ->  Sort  (cost=1211215.18..1211274.98 rows=23922 width=70) (actual time=4933.279..4933.729 rows=11818 loops=1)
               Sort Key: (EXTRACT(year FROM orders.o_orderdate))
               Sort Method: quicksort  Memory: 2259kB
               ->  Nested Loop  (cost=860298.05..1209475.32 rows=23922 width=70) (actual time=2702.930..4922.367 rows=23842 loops=1)
                     ->  Hash Join  (cost=860297.90..1208807.90 rows=23922 width=20) (actual time=2702.915..4900.070 rows=23842 loops=1)
                           Hash Cond: (lineitem.l_suppkey = supplier.s_suppkey)
                           ->  Hash Join  (cost=855826.90..1204273.39 rows=24195 width=20) (actual time=2670.172..4857.399 rows=23842 loops=1)
                                 Hash Cond: (orders.o_custkey = customer.c_custkey)
                                 ->  Hash Join  (cost=792505.48..1140256.36 rows=120977 width=24) (actual time=2290.591..4449.696 rows=118593 loops=1)
                                       Hash Cond: (orders.o_orderkey = lineitem.l_orderkey)
                                       ->  Bitmap Heap Scan on orders  (cost=52449.90..381936.38 rows=4547899 width=12) (actual time=344.810..1662.533 rows=4557513 loops=1)
                                             Recheck Cond: ((o_orderdate >= '1995-01-01'::date) AND (o_orderdate <= '1996-12-31'::date))
                                             Heap Blocks: exact=261268
                                             ->  Bitmap Index Scan on idx_orders_orderdate  (cost=0.00..51312.92 rows=4547899 width=0) (actual time=292.633..292.634 rows=4557513 loops=1)
                                                   Index Cond: ((o_orderdate >= '1995-01-01'::date) AND (o_orderdate <= '1996-12-31'::date))
                                       ->  Hash  (cost=735068.26..735068.26 rows=398986 width=20) (actual time=1945.466..1945.467 rows=389521 loops=1)
                                             Buckets: 524288  Batches: 1  Memory Usage: 25019kB
                                             ->  Nested Loop  (cost=0.44..735068.26 rows=398986 width=20) (actual time=0.098..1836.315 rows=389521 loops=1)
                                                   ->  Seq Scan on part  (cost=0.00..65979.84 rows=13302 width=4) (actual time=0.070..264.739 rows=13011 loops=1)
                                                         Filter: ((p_type)::text = 'LARGE POLISHED BRASS'::text)
                                                         Rows Removed by Filter: 1986989
                                                   ->  Index Scan using idx_lineitem_part_supp on lineitem  (cost=0.44..49.98 rows=32 width=24) (actual time=0.010..0.115 rows=30 loops=13011)
                                                         Index Cond: (l_partkey = part.p_partkey)
                                 ->  Hash  (cost=59571.84..59571.84 rows=299966 width=4) (actual time=378.862..378.865 rows=299436 loops=1)
                                       Buckets: 524288  Batches: 1  Memory Usage: 14624kB
                                       ->  Hash Join  (cost=2.51..59571.84 rows=299966 width=4) (actual time=0.072..334.994 rows=299436 loops=1)
                                             Hash Cond: (customer.c_nationkey = n1.n_nationkey)
                                             ->  Seq Scan on customer  (cost=0.00..50945.31 rows=1499831 width=8) (actual time=0.028..189.116 rows=1500000 loops=1)
                                             ->  Hash  (cost=2.45..2.45 rows=5 width=4) (actual time=0.038..0.039 rows=5 loops=1)
                                                   Buckets: 1024  Batches: 1  Memory Usage: 9kB
                                                   ->  Hash Join  (cost=1.07..2.45 rows=5 width=4) (actual time=0.033..0.038 rows=5 loops=1)
                                                         Hash Cond: (n1.n_regionkey = region.r_regionkey)
                                                         ->  Seq Scan on nation n1  (cost=0.00..1.25 rows=25 width=8) (actual time=0.013..0.014 rows=25 loops=1)
                                                         ->  Hash  (cost=1.06..1.06 rows=1 width=4) (actual time=0.015..0.016 rows=1 loops=1)
                                                               Buckets: 1024  Batches: 1  Memory Usage: 9kB
                                                               ->  Seq Scan on region  (cost=0.00..1.06 rows=1 width=4) (actual time=0.012..0.013 rows=1 loops=1)
                                                                     Filter: (r_name = 'AMERICA'::bpchar)
                                                                     Rows Removed by Filter: 4
                           ->  Hash  (cost=3221.00..3221.00 rows=100000 width=8) (actual time=32.392..32.393 rows=100000 loops=1)
                                 Buckets: 131072  Batches: 1  Memory Usage: 4931kB
                                 ->  Seq Scan on supplier  (cost=0.00..3221.00 rows=100000 width=8) (actual time=0.024..17.324 rows=100000 loops=1)
                     ->  Memoize  (cost=0.15..0.92 rows=1 width=30) (actual time=0.000..0.000 rows=1 loops=23842)
                           Cache Key: supplier.s_nationkey
                           Cache Mode: logical
                           Hits: 23817  Misses: 25  Evictions: 0  Overflows: 0  Memory Usage: 4kB
                           ->  Index Scan using nation_pkey on nation n2  (cost=0.14..0.91 rows=1 width=30) (actual time=0.002..0.002 rows=1 loops=25)
                                 Index Cond: (n_nationkey = supplier.s_nationkey)
 Planning Time: 4.709 ms
 Execution Time: 4938.897 ms
(52 rows)

query 9 run 1
SET
SET
SET
                                                                                   QUERY PLAN                                                                                    
---------------------------------------------------------------------------------------------------------------------------------------------------------------------------------
 Limit  (cost=1734917.58..1734917.61 rows=1 width=90) (actual time=181061.559..181061.564 rows=1 loops=1)
   ->  GroupAggregate  (cost=1734917.58..1734921.95 rows=125 width=90) (actual time=181061.558..181061.563 rows=1 loops=1)
         Group Key: nation.n_name, (EXTRACT(year FROM orders.o_orderdate))
         ->  Sort  (cost=1734917.58..1734917.89 rows=125 width=81) (actual time=181051.774..181054.837 rows=11401 loops=1)
               Sort Key: nation.n_name, (EXTRACT(year FROM orders.o_orderdate)) DESC
               Sort Method: external merge  Disk: 211216kB
               ->  Nested Loop  (cost=67243.57..1734913.23 rows=125 width=81) (actual time=585.890..177176.503 rows=3248192 loops=1)
                     Join Filter: (supplier.s_nationkey = nation.n_nationkey)
                     Rows Removed by Join Filter: 39009119
                     ->  Nested Loop  (cost=67243.57..1734866.46 rows=125 width=31) (actual time=585.642..169613.719 rows=3248192 loops=1)
                           ->  Nested Loop  (cost=67243.13..1734438.63 rows=125 width=31) (actual time=584.800..122552.277 rows=3248192 loops=1)
                                 ->  Nested Loop  (cost=67242.84..1734022.30 rows=127 width=35) (actual time=584.147..113206.179 rows=3248192 loops=1)
                                       ->  Hash Join  (cost=67242.40..343489.37 rows=404138 width=18) (actual time=583.600..3036.441 rows=433248 loops=1)
                                             Hash Cond: (partsupp.ps_partkey = part.p_partkey)
                                             ->  Seq Scan on partsupp  (cost=0.00..255241.74 rows=8001974 width=14) (actual time=0.487..1221.661 rows=8000000 loops=1)
                                             ->  Hash  (cost=65979.84..65979.84 rows=101005 width=4) (actual time=582.950..582.951 rows=108312 loops=1)
                                                   Buckets: 131072  Batches: 1  Memory Usage: 4832kB
                                                   ->  Seq Scan on part  (cost=0.00..65979.84 rows=101005 width=4) (actual time=0.481..566.069 rows=108312 loops=1)
                                                         Filter: ((p_name)::text ~~ '%navy%'::text)
                                                         Rows Removed by Filter: 1891688
                                       ->  Index Scan using idx_lineitem_part_supp on lineitem  (cost=0.44..3.43 rows=1 width=29) (actual time=0.037..0.252 rows=7 loops=433248)
                                             Index Cond: ((l_partkey = partsupp.ps_partkey) AND (l_suppkey = partsupp.ps_suppkey))
                                 ->  Index Scan using supplier_pkey on supplier  (cost=0.29..3.28 rows=1 width=8) (actual time=0.002..0.002 rows=1 loops=3248192)
                                       Index Cond: (s_suppkey = lineitem.l_suppkey)
                           ->  Index Scan using orders_pkey on orders  (cost=0.43..3.42 rows=1 width=8) (actual time=0.014..0.014 rows=1 loops=3248192)
                                 Index Cond: (o_orderkey = lineitem.l_orderkey)
                     ->  Materialize  (cost=0.00..1.38 rows=25 width=30) (actual time=0.000..0.001 rows=13 loops=3248192)
                           Storage: Memory  Maximum Storage: 18kB
                           ->  Seq Scan on nation  (cost=0.00..1.25 rows=25 width=30) (actual time=0.218..0.223 rows=25 loops=1)
 Planning Time: 32.171 ms
 Execution Time: 181088.496 ms
(31 rows)

SET
SET
SET
                                                                                   QUERY PLAN                                                                                    
---------------------------------------------------------------------------------------------------------------------------------------------------------------------------------
 Limit  (cost=1734917.58..1734917.61 rows=1 width=90) (actual time=61510.368..61510.373 rows=1 loops=1)
   ->  GroupAggregate  (cost=1734917.58..1734921.95 rows=125 width=90) (actual time=61510.367..61510.371 rows=1 loops=1)
         Group Key: nation.n_name, (EXTRACT(year FROM orders.o_orderdate))
         ->  Sort  (cost=1734917.58..1734917.89 rows=125 width=81) (actual time=61500.652..61503.723 rows=11401 loops=1)
               Sort Key: nation.n_name, (EXTRACT(year FROM orders.o_orderdate)) DESC
               Sort Method: external merge  Disk: 211216kB
               ->  Nested Loop  (cost=67243.57..1734913.23 rows=125 width=81) (actual time=538.726..57990.051 rows=3248192 loops=1)
                     Join Filter: (supplier.s_nationkey = nation.n_nationkey)
                     Rows Removed by Join Filter: 39009119
                     ->  Nested Loop  (cost=67243.57..1734866.46 rows=125 width=31) (actual time=538.706..51859.241 rows=3248192 loops=1)
                           ->  Nested Loop  (cost=67243.13..1734438.63 rows=125 width=31) (actual time=538.693..31443.415 rows=3248192 loops=1)
                                 ->  Nested Loop  (cost=67242.84..1734022.30 rows=127 width=35) (actual time=538.679..24616.725 rows=3248192 loops=1)
                                       ->  Hash Join  (cost=67242.40..343489.37 rows=404138 width=18) (actual time=538.653..2517.077 rows=433248 loops=1)
                                             Hash Cond: (partsupp.ps_partkey = part.p_partkey)
                                             ->  Seq Scan on partsupp  (cost=0.00..255241.74 rows=8001974 width=14) (actual time=0.290..873.349 rows=8000000 loops=1)
                                             ->  Hash  (cost=65979.84..65979.84 rows=101005 width=4) (actual time=538.235..538.236 rows=108312 loops=1)
                                                   Buckets: 131072  Batches: 1  Memory Usage: 4832kB
                                                   ->  Seq Scan on part  (cost=0.00..65979.84 rows=101005 width=4) (actual time=0.269..521.302 rows=108312 loops=1)
                                                         Filter: ((p_name)::text ~~ '%navy%'::text)
                                                         Rows Removed by Filter: 1891688
                                       ->  Index Scan using idx_lineitem_part_supp on lineitem  (cost=0.44..3.43 rows=1 width=29) (actual time=0.009..0.049 rows=7 loops=433248)
                                             Index Cond: ((l_partkey = partsupp.ps_partkey) AND (l_suppkey = partsupp.ps_suppkey))
                                 ->  Index Scan using supplier_pkey on supplier  (cost=0.29..3.28 rows=1 width=8) (actual time=0.002..0.002 rows=1 loops=3248192)
                                       Index Cond: (s_suppkey = lineitem.l_suppkey)
                           ->  Index Scan using orders_pkey on orders  (cost=0.43..3.42 rows=1 width=8) (actual time=0.006..0.006 rows=1 loops=3248192)
                                 Index Cond: (o_orderkey = lineitem.l_orderkey)
                     ->  Materialize  (cost=0.00..1.38 rows=25 width=30) (actual time=0.000..0.001 rows=13 loops=3248192)
                           Storage: Memory  Maximum Storage: 18kB
                           ->  Seq Scan on nation  (cost=0.00..1.25 rows=25 width=30) (actual time=0.006..0.008 rows=25 loops=1)
 Planning Time: 18.939 ms
 Execution Time: 61536.369 ms
(31 rows)

query 10 run 1
SET
SET
SET
                                                                                            QUERY PLAN                                                                                            
--------------------------------------------------------------------------------------------------------------------------------------------------------------------------------------------------
 Limit  (cost=2397766.72..2397766.77 rows=20 width=202) (actual time=19468.785..19468.790 rows=20 loops=1)
   ->  Sort  (cost=2397766.72..2399187.78 rows=568425 width=202) (actual time=19468.784..19468.787 rows=20 loops=1)
         Sort Key: (sum((lineitem.l_extendedprice * ('1'::numeric - lineitem.l_discount)))) DESC
         Sort Method: top-N heapsort  Memory: 33kB
         ->  GroupAggregate  (cost=2252048.42..2382641.14 rows=568425 width=202) (actual time=16901.027..19352.543 rows=381205 loops=1)
               Group Key: customer.c_custkey, nation.n_name
               ->  Incremental Sort  (cost=2252048.42..2368430.51 rows=568425 width=182) (actual time=16901.015..18675.597 rows=1145402 loops=1)
                     Sort Key: customer.c_custkey, nation.n_name
                     Presorted Key: customer.c_custkey
                     Full-sort Groups: 34068  Sort Method: quicksort  Average Memory: 31kB  Peak Memory: 31kB
                     ->  Nested Loop  (cost=2252048.25..2342851.39 rows=568425 width=182) (actual time=16900.885..18301.035 rows=1145402 loops=1)
                           ->  Merge Join  (cost=2252048.10..2328932.77 rows=568425 width=160) (actual time=16900.521..17882.245 rows=1145402 loops=1)
                                 Merge Cond: (customer.c_custkey = orders.o_custkey)
                                 ->  Index Scan using customer_pkey on customer  (cost=0.43..64619.39 rows=1499831 width=148) (actual time=0.537..510.787 rows=1499997 loops=1)
                                 ->  Sort  (cost=2252047.59..2253468.65 rows=568425 width=16) (actual time=16899.969..17011.866 rows=1145402 loops=1)
                                       Sort Key: orders.o_custkey
                                       Sort Method: external sort  Disk: 35280kB
                                       ->  Hash Join  (cost=283564.36..2197715.79 rows=568425 width=16) (actual time=4855.277..16462.351 rows=1145402 loops=1)
                                             Hash Cond: (lineitem.l_orderkey = orders.o_orderkey)
                                             ->  Seq Scan on lineitem  (cost=0.00..1874969.25 rows=14926541 width=16) (actual time=0.561..9922.105 rows=14808183 loops=1)
                                                   Filter: (l_returnflag = 'R'::bpchar)
                                                   Rows Removed by Filter: 45177869
                                             ->  Hash  (cost=276424.48..276424.48 rows=571190 width=8) (actual time=4852.535..4852.535 rows=573160 loops=1)
                                                   Buckets: 1048576  Batches: 1  Memory Usage: 30582kB
                                                   ->  Bitmap Heap Scan on orders  (cost=6588.63..276424.48 rows=571190 width=8) (actual time=111.617..4694.895 rows=573160 loops=1)
                                                         Recheck Cond: ((o_orderdate >= '1994-08-01'::date) AND (o_orderdate < '1994-11-01'::date))
                                                         Heap Blocks: exact=233346
                                                         ->  Bitmap Index Scan on idx_orders_orderdate  (cost=0.00..6445.84 rows=571190 width=0) (actual time=65.005..65.005 rows=573160 loops=1)
                                                               Index Cond: ((o_orderdate >= '1994-08-01'::date) AND (o_orderdate < '1994-11-01'::date))
                           ->  Memoize  (cost=0.15..0.92 rows=1 width=30) (actual time=0.000..0.000 rows=1 loops=1145402)
                                 Cache Key: customer.c_nationkey
                                 Cache Mode: logical
                                 Hits: 1145377  Misses: 25  Evictions: 0  Overflows: 0  Memory Usage: 4kB
                                 ->  Index Scan using nation_pkey on nation  (cost=0.14..0.91 rows=1 width=30) (actual time=0.016..0.016 rows=1 loops=25)
                                       Index Cond: (n_nationkey = customer.c_nationkey)
 Planning Time: 22.896 ms
 Execution Time: 19474.027 ms
(37 rows)

SET
SET
SET
                                                                                            QUERY PLAN                                                                                            
--------------------------------------------------------------------------------------------------------------------------------------------------------------------------------------------------
 Limit  (cost=2397766.72..2397766.77 rows=20 width=202) (actual time=13864.483..13864.488 rows=20 loops=1)
   ->  Sort  (cost=2397766.72..2399187.78 rows=568425 width=202) (actual time=13864.482..13864.486 rows=20 loops=1)
         Sort Key: (sum((lineitem.l_extendedprice * ('1'::numeric - lineitem.l_discount)))) DESC
         Sort Method: top-N heapsort  Memory: 33kB
         ->  GroupAggregate  (cost=2252048.42..2382641.14 rows=568425 width=202) (actual time=11421.911..13748.515 rows=381205 loops=1)
               Group Key: customer.c_custkey, nation.n_name
               ->  Incremental Sort  (cost=2252048.42..2368430.51 rows=568425 width=182) (actual time=11421.897..13070.096 rows=1145402 loops=1)
                     Sort Key: customer.c_custkey, nation.n_name
                     Presorted Key: customer.c_custkey
                     Full-sort Groups: 34068  Sort Method: quicksort  Average Memory: 31kB  Peak Memory: 31kB
                     ->  Nested Loop  (cost=2252048.25..2342851.39 rows=568425 width=182) (actual time=11421.788..12697.561 rows=1145402 loops=1)
                           ->  Merge Join  (cost=2252048.10..2328932.77 rows=568425 width=160) (actual time=11421.755..12278.959 rows=1145402 loops=1)
                                 Merge Cond: (customer.c_custkey = orders.o_custkey)
                                 ->  Index Scan using customer_pkey on customer  (cost=0.43..64619.39 rows=1499831 width=148) (actual time=0.015..388.086 rows=1499997 loops=1)
                                 ->  Sort  (cost=2252047.59..2253468.65 rows=568425 width=16) (actual time=11421.727..11532.505 rows=1145402 loops=1)
                                       Sort Key: orders.o_custkey
                                       Sort Method: external sort  Disk: 35280kB
                                       ->  Hash Join  (cost=283564.36..2197715.79 rows=568425 width=16) (actual time=1570.866..10995.048 rows=1145402 loops=1)
                                             Hash Cond: (lineitem.l_orderkey = orders.o_orderkey)
                                             ->  Seq Scan on lineitem  (cost=0.00..1874969.25 rows=14926541 width=16) (actual time=0.019..7854.631 rows=14808183 loops=1)
                                                   Filter: (l_returnflag = 'R'::bpchar)
                                                   Rows Removed by Filter: 45177869
                                             ->  Hash  (cost=276424.48..276424.48 rows=571190 width=8) (actual time=1569.416..1569.416 rows=573160 loops=1)
                                                   Buckets: 1048576  Batches: 1  Memory Usage: 30582kB
                                                   ->  Bitmap Heap Scan on orders  (cost=6588.63..276424.48 rows=571190 width=8) (actual time=110.895..1447.642 rows=573160 loops=1)
                                                         Recheck Cond: ((o_orderdate >= '1994-08-01'::date) AND (o_orderdate < '1994-11-01'::date))
                                                         Heap Blocks: exact=233346
                                                         ->  Bitmap Index Scan on idx_orders_orderdate  (cost=0.00..6445.84 rows=571190 width=0) (actual time=64.607..64.607 rows=573160 loops=1)
                                                               Index Cond: ((o_orderdate >= '1994-08-01'::date) AND (o_orderdate < '1994-11-01'::date))
                           ->  Memoize  (cost=0.15..0.92 rows=1 width=30) (actual time=0.000..0.000 rows=1 loops=1145402)
                                 Cache Key: customer.c_nationkey
                                 Cache Mode: logical
                                 Hits: 1145377  Misses: 25  Evictions: 0  Overflows: 0  Memory Usage: 4kB
                                 ->  Index Scan using nation_pkey on nation  (cost=0.14..0.91 rows=1 width=30) (actual time=0.002..0.002 rows=1 loops=25)
                                       Index Cond: (n_nationkey = customer.c_nationkey)
 Planning Time: 1.862 ms
 Execution Time: 13869.204 ms
(37 rows)

query 11 run 1
SET
SET
SET
                                                                                QUERY PLAN                                                                                 
---------------------------------------------------------------------------------------------------------------------------------------------------------------------------
 Limit  (cost=606261.59..606261.59 rows=1 width=36) (actual time=3453.861..3453.867 rows=0 loops=1)
   InitPlan 1
     ->  Aggregate  (cost=293088.63..293088.64 rows=1 width=32) (actual time=1375.209..1375.213 rows=1 loops=1)
           ->  Hash Join  (cost=2311.46..290719.47 rows=315887 width=10) (actual time=2.966..1309.409 rows=320800 loops=1)
                 Hash Cond: (partsupp_1.ps_suppkey = supplier_1.s_suppkey)
                 ->  Seq Scan on partsupp partsupp_1  (cost=0.00..255241.74 rows=8001974 width=14) (actual time=0.023..610.763 rows=8000000 loops=1)
                 ->  Hash  (cost=2261.46..2261.46 rows=4000 width=4) (actual time=2.899..2.900 rows=4010 loops=1)
                       Buckets: 4096  Batches: 1  Memory Usage: 173kB
                       ->  Nested Loop  (cost=37.29..2261.46 rows=4000 width=4) (actual time=0.598..2.549 rows=4010 loops=1)
                             ->  Seq Scan on nation nation_1  (cost=0.00..1.31 rows=1 width=4) (actual time=0.006..0.008 rows=1 loops=1)
                                   Filter: (n_name = 'SAUDI ARABIA'::bpchar)
                                   Rows Removed by Filter: 24
                             ->  Bitmap Heap Scan on supplier supplier_1  (cost=37.29..2220.15 rows=4000 width=8) (actual time=0.588..2.223 rows=4010 loops=1)
                                   Recheck Cond: (s_nationkey = nation_1.n_nationkey)
                                   Heap Blocks: exact=1869
                                   ->  Bitmap Index Scan on idx_supplier_nation_key  (cost=0.00..36.29 rows=4000 width=0) (actual time=0.379..0.380 rows=4010 loops=1)
                                         Index Cond: (s_nationkey = nation_1.n_nationkey)
   ->  Sort  (cost=313172.95..313436.19 rows=105296 width=36) (actual time=3453.860..3453.862 rows=0 loops=1)
         Sort Key: (sum((partsupp.ps_supplycost * (partsupp.ps_availqty)::numeric))) DESC
         Sort Method: quicksort  Memory: 25kB
         ->  HashAggregate  (cost=304823.33..312646.47 rows=105296 width=36) (actual time=3453.826..3453.828 rows=0 loops=1)
               Group Key: partsupp.ps_partkey
               Filter: (sum((partsupp.ps_supplycost * (partsupp.ps_availqty)::numeric)) > (InitPlan 1).col1)
               Planned Partitions: 4  Batches: 5  Memory Usage: 65585kB  Disk Usage: 7312kB
               Rows Removed by Filter: 301833
               ->  Hash Join  (cost=2311.46..290719.47 rows=315887 width=14) (actual time=40.551..1745.174 rows=320800 loops=1)
                     Hash Cond: (partsupp.ps_suppkey = supplier.s_suppkey)
                     ->  Seq Scan on partsupp  (cost=0.00..255241.74 rows=8001974 width=18) (actual time=0.669..954.558 rows=8000000 loops=1)
                     ->  Hash  (cost=2261.46..2261.46 rows=4000 width=4) (actual time=39.812..39.813 rows=4010 loops=1)
                           Buckets: 4096  Batches: 1  Memory Usage: 173kB
                           ->  Nested Loop  (cost=37.29..2261.46 rows=4000 width=4) (actual time=1.707..38.734 rows=4010 loops=1)
                                 ->  Seq Scan on nation  (cost=0.00..1.31 rows=1 width=4) (actual time=0.217..0.220 rows=1 loops=1)
                                       Filter: (n_name = 'SAUDI ARABIA'::bpchar)
                                       Rows Removed by Filter: 24
                                 ->  Bitmap Heap Scan on supplier  (cost=37.29..2220.15 rows=4000 width=8) (actual time=1.484..37.886 rows=4010 loops=1)
                                       Recheck Cond: (s_nationkey = nation.n_nationkey)
                                       Heap Blocks: exact=1869
                                       ->  Bitmap Index Scan on idx_supplier_nation_key  (cost=0.00..36.29 rows=4000 width=0) (actual time=0.933..0.933 rows=4010 loops=1)
                                             Index Cond: (s_nationkey = nation.n_nationkey)
 Planning Time: 17.099 ms
 Execution Time: 3456.293 ms
(41 rows)

SET
SET
SET
                                                                                QUERY PLAN                                                                                 
---------------------------------------------------------------------------------------------------------------------------------------------------------------------------
 Limit  (cost=606261.59..606261.59 rows=1 width=36) (actual time=3037.464..3037.470 rows=0 loops=1)
   InitPlan 1
     ->  Aggregate  (cost=293088.63..293088.64 rows=1 width=32) (actual time=1381.184..1381.187 rows=1 loops=1)
           ->  Hash Join  (cost=2311.46..290719.47 rows=315887 width=10) (actual time=3.028..1315.281 rows=320800 loops=1)
                 Hash Cond: (partsupp_1.ps_suppkey = supplier_1.s_suppkey)
                 ->  Seq Scan on partsupp partsupp_1  (cost=0.00..255241.74 rows=8001974 width=14) (actual time=0.018..612.880 rows=8000000 loops=1)
                 ->  Hash  (cost=2261.46..2261.46 rows=4000 width=4) (actual time=2.969..2.971 rows=4010 loops=1)
                       Buckets: 4096  Batches: 1  Memory Usage: 173kB
                       ->  Nested Loop  (cost=37.29..2261.46 rows=4000 width=4) (actual time=0.687..2.625 rows=4010 loops=1)
                             ->  Seq Scan on nation nation_1  (cost=0.00..1.31 rows=1 width=4) (actual time=0.005..0.007 rows=1 loops=1)
                                   Filter: (n_name = 'SAUDI ARABIA'::bpchar)
                                   Rows Removed by Filter: 24
                             ->  Bitmap Heap Scan on supplier supplier_1  (cost=37.29..2220.15 rows=4000 width=8) (actual time=0.678..2.299 rows=4010 loops=1)
                                   Recheck Cond: (s_nationkey = nation_1.n_nationkey)
                                   Heap Blocks: exact=1869
                                   ->  Bitmap Index Scan on idx_supplier_nation_key  (cost=0.00..36.29 rows=4000 width=0) (actual time=0.459..0.460 rows=4010 loops=1)
                                         Index Cond: (s_nationkey = nation_1.n_nationkey)
   ->  Sort  (cost=313172.95..313436.19 rows=105296 width=36) (actual time=3037.462..3037.464 rows=0 loops=1)
         Sort Key: (sum((partsupp.ps_supplycost * (partsupp.ps_availqty)::numeric))) DESC
         Sort Method: quicksort  Memory: 25kB
         ->  HashAggregate  (cost=304823.33..312646.47 rows=105296 width=36) (actual time=3037.430..3037.432 rows=0 loops=1)
               Group Key: partsupp.ps_partkey
               Filter: (sum((partsupp.ps_supplycost * (partsupp.ps_availqty)::numeric)) > (InitPlan 1).col1)
               Planned Partitions: 4  Batches: 5  Memory Usage: 65585kB  Disk Usage: 7312kB
               Rows Removed by Filter: 301833
               ->  Hash Join  (cost=2311.46..290719.47 rows=315887 width=14) (actual time=3.824..1331.266 rows=320800 loops=1)
                     Hash Cond: (partsupp.ps_suppkey = supplier.s_suppkey)
                     ->  Seq Scan on partsupp  (cost=0.00..255241.74 rows=8001974 width=18) (actual time=0.044..627.617 rows=8000000 loops=1)
                     ->  Hash  (cost=2261.46..2261.46 rows=4000 width=4) (actual time=3.743..3.744 rows=4010 loops=1)
                           Buckets: 4096  Batches: 1  Memory Usage: 173kB
                           ->  Nested Loop  (cost=37.29..2261.46 rows=4000 width=4) (actual time=0.691..3.365 rows=4010 loops=1)
                                 ->  Seq Scan on nation  (cost=0.00..1.31 rows=1 width=4) (actual time=0.012..0.014 rows=1 loops=1)
                                       Filter: (n_name = 'SAUDI ARABIA'::bpchar)
                                       Rows Removed by Filter: 24
                                 ->  Bitmap Heap Scan on supplier  (cost=37.29..2220.15 rows=4000 width=8) (actual time=0.675..3.014 rows=4010 loops=1)
                                       Recheck Cond: (s_nationkey = nation.n_nationkey)
                                       Heap Blocks: exact=1869
                                       ->  Bitmap Index Scan on idx_supplier_nation_key  (cost=0.00..36.29 rows=4000 width=0) (actual time=0.456..0.457 rows=4010 loops=1)
                                             Index Cond: (s_nationkey = nation.n_nationkey)
 Planning Time: 0.896 ms
 Execution Time: 3039.575 ms
(41 rows)

query 12 run 1
SET
SET
SET
                                                                                                                    QUERY PLAN                                                                                                                     
---------------------------------------------------------------------------------------------------------------------------------------------------------------------------------------------------------------------------------------------------
 Limit  (cost=3031743.06..3032579.31 rows=1 width=27) (actual time=18163.090..18163.093 rows=1 loops=1)
   ->  GroupAggregate  (cost=3031743.06..3037596.79 rows=7 width=27) (actual time=18163.089..18163.091 rows=1 loops=1)
         Group Key: lineitem.l_shipmode
         ->  Sort  (cost=3031743.06..3032474.77 rows=292683 width=27) (actual time=18120.620..18127.004 rows=155572 loops=1)
               Sort Key: lineitem.l_shipmode
               Sort Method: quicksort  Memory: 25513kB
               ->  Hash Join  (cost=2478488.79..3005168.94 rows=292683 width=27) (actual time=14248.233..18069.174 rows=311258 loops=1)
                     Hash Cond: (orders.o_orderkey = lineitem.l_orderkey)
                     ->  Seq Scan on orders  (cost=0.00..411259.61 rows=14999161 width=20) (actual time=0.571..1451.092 rows=15000000 loops=1)
                     ->  Hash  (cost=2474830.25..2474830.25 rows=292683 width=15) (actual time=14246.944..14246.945 rows=311258 loops=1)
                           Buckets: 524288  Batches: 1  Memory Usage: 18687kB
                           ->  Seq Scan on lineitem  (cost=0.00..2474830.25 rows=292683 width=15) (actual time=1.317..14175.266 rows=311258 loops=1)
                                 Filter: ((l_shipmode = ANY ('{SHIP,"REG AIR"}'::bpchar[])) AND (l_commitdate < l_receiptdate) AND (l_shipdate < l_commitdate) AND (l_receiptdate >= '1994-01-01'::date) AND (l_receiptdate < '1995-01-01'::date))
                                 Rows Removed by Filter: 59674794
 Planning Time: 15.796 ms
 Execution Time: 18163.549 ms
(16 rows)

SET
SET
SET
                                                                                                                    QUERY PLAN                                                                                                                     
---------------------------------------------------------------------------------------------------------------------------------------------------------------------------------------------------------------------------------------------------
 Limit  (cost=3031743.06..3032579.31 rows=1 width=27) (actual time=15405.049..15405.052 rows=1 loops=1)
   ->  GroupAggregate  (cost=3031743.06..3037596.79 rows=7 width=27) (actual time=15405.048..15405.050 rows=1 loops=1)
         Group Key: lineitem.l_shipmode
         ->  Sort  (cost=3031743.06..3032474.77 rows=292683 width=27) (actual time=15362.738..15369.059 rows=155572 loops=1)
               Sort Key: lineitem.l_shipmode
               Sort Method: quicksort  Memory: 25513kB
               ->  Hash Join  (cost=2478488.79..3005168.94 rows=292683 width=27) (actual time=12080.407..15312.273 rows=311258 loops=1)
                     Hash Cond: (orders.o_orderkey = lineitem.l_orderkey)
                     ->  Seq Scan on orders  (cost=0.00..411259.61 rows=14999161 width=20) (actual time=0.024..1026.718 rows=15000000 loops=1)
                     ->  Hash  (cost=2474830.25..2474830.25 rows=292683 width=15) (actual time=12079.723..12079.723 rows=311258 loops=1)
                           Buckets: 524288  Batches: 1  Memory Usage: 18687kB
                           ->  Seq Scan on lineitem  (cost=0.00..2474830.25 rows=292683 width=15) (actual time=0.112..12014.630 rows=311258 loops=1)
                                 Filter: ((l_shipmode = ANY ('{SHIP,"REG AIR"}'::bpchar[])) AND (l_commitdate < l_receiptdate) AND (l_shipdate < l_commitdate) AND (l_receiptdate >= '1994-01-01'::date) AND (l_receiptdate < '1995-01-01'::date))
                                 Rows Removed by Filter: 59674794
 Planning Time: 0.842 ms
 Execution Time: 15405.134 ms
(16 rows)

query 13 run 1
SET
SET
SET
                                                                                    QUERY PLAN                                                                                     
-----------------------------------------------------------------------------------------------------------------------------------------------------------------------------------
 Limit  (cost=1369797.63..1369797.63 rows=1 width=16) (actual time=16639.801..16639.804 rows=1 loops=1)
   ->  Sort  (cost=1369797.63..1369798.13 rows=200 width=16) (actual time=16639.799..16639.802 rows=1 loops=1)
         Sort Key: (count(*)) DESC, (count(orders.o_orderkey)) DESC
         Sort Method: top-N heapsort  Memory: 25kB
         ->  HashAggregate  (cost=1369794.63..1369796.63 rows=200 width=16) (actual time=16639.772..16639.780 rows=46 loops=1)
               Group Key: count(orders.o_orderkey)
               Batches: 1  Memory Usage: 40kB
               ->  HashAggregate  (cost=1215129.63..1347297.17 rows=1499831 width=12) (actual time=14523.882..16472.699 rows=1500000 loops=1)
                     Group Key: customer.c_custkey
                     Planned Partitions: 4  Batches: 5  Memory Usage: 65585kB  Disk Usage: 212480kB
                     ->  Hash Right Join  (cost=53278.78..664434.26 rows=14997661 width=8) (actual time=363.875..10723.547 rows=15337604 loops=1)
                           Hash Cond: (orders.o_custkey = customer.c_custkey)
                           ->  Seq Scan on orders  (cost=0.00..448757.51 rows=14997661 width=8) (actual time=0.782..4971.659 rows=14837583 loops=1)
                                 Filter: ((o_comment)::text !~~ '%special%requests%'::text)
                                 Rows Removed by Filter: 162417
                           ->  Hash  (cost=28671.89..28671.89 rows=1499831 width=4) (actual time=360.550..360.551 rows=1500000 loops=1)
                                 Buckets: 2097152  Batches: 2  Memory Usage: 42747kB
                                 ->  Index Only Scan using customer_pkey on customer  (cost=0.43..28671.89 rows=1499831 width=4) (actual time=0.020..164.432 rows=1500000 loops=1)
                                       Heap Fetches: 0
 Planning Time: 16.580 ms
 Execution Time: 16672.666 ms
(21 rows)

SET
SET
SET
                                                                                    QUERY PLAN                                                                                     
-----------------------------------------------------------------------------------------------------------------------------------------------------------------------------------
 Limit  (cost=1369797.63..1369797.63 rows=1 width=16) (actual time=16105.302..16105.305 rows=1 loops=1)
   ->  Sort  (cost=1369797.63..1369798.13 rows=200 width=16) (actual time=16105.300..16105.303 rows=1 loops=1)
         Sort Key: (count(*)) DESC, (count(orders.o_orderkey)) DESC
         Sort Method: top-N heapsort  Memory: 25kB
         ->  HashAggregate  (cost=1369794.63..1369796.63 rows=200 width=16) (actual time=16105.274..16105.282 rows=46 loops=1)
               Group Key: count(orders.o_orderkey)
               Batches: 1  Memory Usage: 40kB
               ->  HashAggregate  (cost=1215129.63..1347297.17 rows=1499831 width=12) (actual time=13939.554..15934.378 rows=1500000 loops=1)
                     Group Key: customer.c_custkey
                     Planned Partitions: 4  Batches: 5  Memory Usage: 65585kB  Disk Usage: 212480kB
                     ->  Hash Right Join  (cost=53278.78..664434.26 rows=14997661 width=8) (actual time=327.893..10151.592 rows=15337604 loops=1)
                           Hash Cond: (orders.o_custkey = customer.c_custkey)
                           ->  Seq Scan on orders  (cost=0.00..448757.51 rows=14997661 width=8) (actual time=0.038..4507.171 rows=14837583 loops=1)
                                 Filter: ((o_comment)::text !~~ '%special%requests%'::text)
                                 Rows Removed by Filter: 162417
                           ->  Hash  (cost=28671.89..28671.89 rows=1499831 width=4) (actual time=325.285..325.286 rows=1500000 loops=1)
                                 Buckets: 2097152  Batches: 2  Memory Usage: 42747kB
                                 ->  Index Only Scan using customer_pkey on customer  (cost=0.43..28671.89 rows=1499831 width=4) (actual time=0.021..133.968 rows=1500000 loops=1)
                                       Heap Fetches: 0
 Planning Time: 0.698 ms
 Execution Time: 16138.976 ms
(21 rows)

query 14 run 1
SET
SET
SET
                                                                              QUERY PLAN                                                                               
-----------------------------------------------------------------------------------------------------------------------------------------------------------------------
 Limit  (cost=1240634.34..1240634.36 rows=1 width=32) (actual time=67009.746..67009.749 rows=1 loops=1)
   ->  Aggregate  (cost=1240634.34..1240634.36 rows=1 width=32) (actual time=67009.745..67009.747 rows=1 loops=1)
         ->  Hash Join  (cost=99651.47..1227809.13 rows=732869 width=33) (actual time=761.882..66459.531 rows=772942 loops=1)
               Hash Cond: (lineitem.l_partkey = part.p_partkey)
               ->  Index Scan using idx_lineitem_shipdate on lineitem  (cost=0.56..1105404.44 rows=732869 width=16) (actual time=1.209..64622.361 rows=772942 loops=1)
                     Index Cond: ((l_shipdate >= '1994-05-01'::date) AND (l_shipdate < '1994-06-01'::date))
               ->  Hash  (cost=60980.07..60980.07 rows=1999907 width=25) (actual time=758.624..758.625 rows=2000000 loops=1)
                     Buckets: 1048576  Batches: 4  Memory Usage: 37079kB
                     ->  Seq Scan on part  (cost=0.00..60980.07 rows=1999907 width=25) (actual time=0.596..447.396 rows=2000000 loops=1)
 Planning Time: 18.449 ms
 Execution Time: 67010.307 ms
(11 rows)

SET
SET
SET
                                                                              QUERY PLAN                                                                              
----------------------------------------------------------------------------------------------------------------------------------------------------------------------
 Limit  (cost=1240634.34..1240634.36 rows=1 width=32) (actual time=3470.355..3470.358 rows=1 loops=1)
   ->  Aggregate  (cost=1240634.34..1240634.36 rows=1 width=32) (actual time=3470.354..3470.356 rows=1 loops=1)
         ->  Hash Join  (cost=99651.47..1227809.13 rows=732869 width=33) (actual time=631.396..3183.096 rows=772942 loops=1)
               Hash Cond: (lineitem.l_partkey = part.p_partkey)
               ->  Index Scan using idx_lineitem_shipdate on lineitem  (cost=0.56..1105404.44 rows=732869 width=16) (actual time=0.039..1966.192 rows=772942 loops=1)
                     Index Cond: ((l_shipdate >= '1994-05-01'::date) AND (l_shipdate < '1994-06-01'::date))
               ->  Hash  (cost=60980.07..60980.07 rows=1999907 width=25) (actual time=629.920..629.921 rows=2000000 loops=1)
                     Buckets: 1048576  Batches: 4  Memory Usage: 37079kB
                     ->  Seq Scan on part  (cost=0.00..60980.07 rows=1999907 width=25) (actual time=0.046..325.432 rows=2000000 loops=1)
 Planning Time: 1.116 ms
 Execution Time: 3470.474 ms
(11 rows)

query 15 run 1
SET
SET
SET
CREATE VIEW
                                                                                   QUERY PLAN                                                                                   
--------------------------------------------------------------------------------------------------------------------------------------------------------------------------------
 Limit  (cost=3768009.08..3768017.76 rows=1 width=104) (actual time=21171.782..21171.786 rows=1 loops=1)
   InitPlan 1
     ->  Aggregate  (cost=1884496.22..1884496.23 rows=1 width=32) (actual time=6254.290..6254.291 rows=1 loops=1)
           ->  HashAggregate  (cost=1881967.62..1883231.92 rows=101144 width=36) (actual time=6212.351..6248.464 rows=100000 loops=1)
                 Group Key: lineitem_1.l_suppkey
                 Batches: 1  Memory Usage: 43025kB
                 ->  Bitmap Heap Scan on lineitem lineitem_1  (cost=36203.09..1859388.57 rows=2257905 width=16) (actual time=354.986..4777.366 rows=2265714 loops=1)
                       Recheck Cond: ((l_shipdate >= '1996-01-01'::date) AND (l_shipdate < '1996-04-01'::date))
                       Rows Removed by Index Recheck: 13223651
                       Heap Blocks: exact=401153 lossy=267105
                       ->  Bitmap Index Scan on idx_lineitem_shipdate  (cost=0.00..35638.62 rows=2257905 width=0) (actual time=268.530..268.531 rows=2265714 loops=1)
                             Index Cond: ((l_shipdate >= '1996-01-01'::date) AND (l_shipdate < '1996-04-01'::date))
   ->  Merge Join  (cost=1883512.86..1887905.95 rows=506 width=104) (actual time=21171.781..21171.782 rows=1 loops=1)
         Merge Cond: (supplier.s_suppkey = revenue0.supplier_no)
         ->  Index Scan using supplier_pkey on supplier  (cost=0.29..4135.79 rows=100000 width=72) (actual time=0.573..19.763 rows=69998 loops=1)
         ->  Sort  (cost=1883512.56..1883513.83 rows=506 width=36) (actual time=21147.901..21147.902 rows=1 loops=1)
               Sort Key: revenue0.supplier_no
               Sort Method: quicksort  Memory: 25kB
               ->  Subquery Scan on revenue0  (cost=1881967.62..1883489.84 rows=506 width=36) (actual time=21122.966..21147.895 rows=1 loops=1)
                     ->  HashAggregate  (cost=1881967.62..1883484.78 rows=506 width=36) (actual time=21122.965..21147.892 rows=1 loops=1)
                           Group Key: lineitem.l_suppkey
                           Filter: (sum((lineitem.l_extendedprice * ('1'::numeric - lineitem.l_discount))) = (InitPlan 1).col1)
                           Batches: 1  Memory Usage: 43025kB
                           Rows Removed by Filter: 99999
                           ->  Bitmap Heap Scan on lineitem  (cost=36203.09..1859388.57 rows=2257905 width=16) (actual time=416.759..12704.974 rows=2265714 loops=1)
                                 Recheck Cond: ((l_shipdate >= '1996-01-01'::date) AND (l_shipdate < '1996-04-01'::date))
                                 Rows Removed by Index Recheck: 13223651
                                 Heap Blocks: exact=401153 lossy=267105
                                 ->  Bitmap Index Scan on idx_lineitem_shipdate  (cost=0.00..35638.62 rows=2257905 width=0) (actual time=329.740..329.740 rows=2265714 loops=1)
                                       Index Cond: ((l_shipdate >= '1996-01-01'::date) AND (l_shipdate < '1996-04-01'::date))
 Planning Time: 13.309 ms
 Execution Time: 21173.807 ms
(32 rows)

DROP VIEW
SET
SET
SET
CREATE VIEW
                                                                                   QUERY PLAN                                                                                   
--------------------------------------------------------------------------------------------------------------------------------------------------------------------------------
 Limit  (cost=3768009.08..3768017.76 rows=1 width=104) (actual time=12981.571..12981.574 rows=1 loops=1)
   InitPlan 1
     ->  Aggregate  (cost=1884496.22..1884496.23 rows=1 width=32) (actual time=6238.340..6238.341 rows=1 loops=1)
           ->  HashAggregate  (cost=1881967.62..1883231.92 rows=101144 width=36) (actual time=6197.009..6232.554 rows=100000 loops=1)
                 Group Key: lineitem_1.l_suppkey
                 Batches: 1  Memory Usage: 43025kB
                 ->  Bitmap Heap Scan on lineitem lineitem_1  (cost=36203.09..1859388.57 rows=2257905 width=16) (actual time=354.752..4756.451 rows=2265714 loops=1)
                       Recheck Cond: ((l_shipdate >= '1996-01-01'::date) AND (l_shipdate < '1996-04-01'::date))
                       Rows Removed by Index Recheck: 13223651
                       Heap Blocks: exact=401153 lossy=267105
                       ->  Bitmap Index Scan on idx_lineitem_shipdate  (cost=0.00..35638.62 rows=2257905 width=0) (actual time=268.801..268.801 rows=2265714 loops=1)
                             Index Cond: ((l_shipdate >= '1996-01-01'::date) AND (l_shipdate < '1996-04-01'::date))
   ->  Merge Join  (cost=1883512.86..1887905.95 rows=506 width=104) (actual time=12981.569..12981.571 rows=1 loops=1)
         Merge Cond: (supplier.s_suppkey = revenue0.supplier_no)
         ->  Index Scan using supplier_pkey on supplier  (cost=0.29..4135.79 rows=100000 width=72) (actual time=0.049..12.323 rows=69998 loops=1)
         ->  Sort  (cost=1883512.56..1883513.83 rows=506 width=36) (actual time=12965.316..12965.317 rows=1 loops=1)
               Sort Key: revenue0.supplier_no
               Sort Method: quicksort  Memory: 25kB
               ->  Subquery Scan on revenue0  (cost=1881967.62..1883489.84 rows=506 width=36) (actual time=12940.230..12965.310 rows=1 loops=1)
                     ->  HashAggregate  (cost=1881967.62..1883484.78 rows=506 width=36) (actual time=12940.229..12965.308 rows=1 loops=1)
                           Group Key: lineitem.l_suppkey
                           Filter: (sum((lineitem.l_extendedprice * ('1'::numeric - lineitem.l_discount))) = (InitPlan 1).col1)
                           Batches: 1  Memory Usage: 43025kB
                           Rows Removed by Filter: 99999
                           ->  Bitmap Heap Scan on lineitem  (cost=36203.09..1859388.57 rows=2257905 width=16) (actual time=376.515..5236.706 rows=2265714 loops=1)
                                 Recheck Cond: ((l_shipdate >= '1996-01-01'::date) AND (l_shipdate < '1996-04-01'::date))
                                 Rows Removed by Index Recheck: 13223651
                                 Heap Blocks: exact=401153 lossy=267105
                                 ->  Bitmap Index Scan on idx_lineitem_shipdate  (cost=0.00..35638.62 rows=2257905 width=0) (actual time=290.458..290.459 rows=2265714 loops=1)
                                       Index Cond: ((l_shipdate >= '1996-01-01'::date) AND (l_shipdate < '1996-04-01'::date))
 Planning Time: 1.264 ms
 Execution Time: 12983.351 ms
(32 rows)

DROP VIEW
query 16 run 1
SET
SET
SET
                                                                                         QUERY PLAN                                                                                         
--------------------------------------------------------------------------------------------------------------------------------------------------------------------------------------------
 Limit  (cost=359919.24..359919.24 rows=1 width=44) (actual time=7574.950..7574.953 rows=1 loops=1)
   ->  Sort  (cost=359919.24..360305.75 rows=154602 width=44) (actual time=7574.949..7574.951 rows=1 loops=1)
         Sort Key: (count(DISTINCT partsupp.ps_suppkey)) DESC, part.p_brand, part.p_type, part.p_size
         Sort Method: top-N heapsort  Memory: 25kB
         ->  GroupAggregate  (cost=350070.87..359146.23 rows=154602 width=44) (actual time=6815.996..7570.508 rows=27838 loops=1)
               Group Key: part.p_brand, part.p_type, part.p_size
               ->  Sort  (cost=350070.87..351576.74 rows=602347 width=40) (actual time=6815.949..7356.320 rows=1186319 loops=1)
                     Sort Key: part.p_brand, part.p_type, part.p_size, partsupp.ps_suppkey
                     Sort Method: external merge  Disk: 60592kB
                     ->  Hash Join  (cost=98213.70..281656.35 rows=602347 width=40) (actual time=756.263..3073.893 rows=1186319 loops=1)
                           Hash Cond: (partsupp.ps_partkey = part.p_partkey)
                           ->  Index Only Scan using partsupp_pkey on partsupp  (cost=3471.46..176411.50 rows=4000987 width=8) (actual time=33.314..1555.232 rows=7995520 loops=1)
                                 Filter: (NOT (ANY (ps_suppkey = (hashed SubPlan 1).col1)))
                                 Rows Removed by Filter: 4480
                                 Heap Fetches: 0
                                 SubPlan 1
                                   ->  Seq Scan on supplier  (cost=0.00..3471.00 rows=10 width=4) (actual time=1.684..32.784 rows=56 loops=1)
                                         Filter: ((s_comment)::text ~~ '%Customer%Complaints%'::text)
                                         Rows Removed by Filter: 99944
                           ->  Hash  (cost=90978.68..90978.68 rows=301085 width=40) (actual time=722.270..722.271 rows=296733 loops=1)
                                 Buckets: 524288  Batches: 1  Memory Usage: 25593kB
                                 ->  Seq Scan on part  (cost=0.00..90978.68 rows=301085 width=40) (actual time=0.614..661.316 rows=296733 loops=1)
                                       Filter: ((p_brand <> 'Brand#12'::bpchar) AND ((p_type)::text !~~ 'SMALL BRUSHED%'::text) AND (p_size = ANY ('{12,32,36,26,40,34,49,9}'::integer[])))
                                       Rows Removed by Filter: 1703267
 Planning Time: 16.488 ms
 Execution Time: 7583.069 ms
(26 rows)

SET
SET
SET
                                                                                         QUERY PLAN                                                                                         
--------------------------------------------------------------------------------------------------------------------------------------------------------------------------------------------
 Limit  (cost=359919.24..359919.24 rows=1 width=44) (actual time=7148.393..7148.396 rows=1 loops=1)
   ->  Sort  (cost=359919.24..360305.75 rows=154602 width=44) (actual time=7148.392..7148.394 rows=1 loops=1)
         Sort Key: (count(DISTINCT partsupp.ps_suppkey)) DESC, part.p_brand, part.p_type, part.p_size
         Sort Method: top-N heapsort  Memory: 25kB
         ->  GroupAggregate  (cost=350070.87..359146.23 rows=154602 width=44) (actual time=6388.518..7143.905 rows=27838 loops=1)
               Group Key: part.p_brand, part.p_type, part.p_size
               ->  Sort  (cost=350070.87..351576.74 rows=602347 width=40) (actual time=6388.472..6929.451 rows=1186319 loops=1)
                     Sort Key: part.p_brand, part.p_type, part.p_size, partsupp.ps_suppkey
                     Sort Method: external merge  Disk: 60592kB
                     ->  Hash Join  (cost=98213.70..281656.35 rows=602347 width=40) (actual time=540.814..2649.770 rows=1186319 loops=1)
                           Hash Cond: (partsupp.ps_partkey = part.p_partkey)
                           ->  Index Only Scan using partsupp_pkey on partsupp  (cost=3471.46..176411.50 rows=4000987 width=8) (actual time=19.739..1369.955 rows=7995520 loops=1)
                                 Filter: (NOT (ANY (ps_suppkey = (hashed SubPlan 1).col1)))
                                 Rows Removed by Filter: 4480
                                 Heap Fetches: 0
                                 SubPlan 1
                                   ->  Seq Scan on supplier  (cost=0.00..3471.00 rows=10 width=4) (actual time=0.116..19.479 rows=56 loops=1)
                                         Filter: ((s_comment)::text ~~ '%Customer%Complaints%'::text)
                                         Rows Removed by Filter: 99944
                           ->  Hash  (cost=90978.68..90978.68 rows=301085 width=40) (actual time=520.346..520.347 rows=296733 loops=1)
                                 Buckets: 524288  Batches: 1  Memory Usage: 25593kB
                                 ->  Seq Scan on part  (cost=0.00..90978.68 rows=301085 width=40) (actual time=0.021..461.302 rows=296733 loops=1)
                                       Filter: ((p_brand <> 'Brand#12'::bpchar) AND ((p_type)::text !~~ 'SMALL BRUSHED%'::text) AND (p_size = ANY ('{12,32,36,26,40,34,49,9}'::integer[])))
                                       Rows Removed by Filter: 1703267
 Planning Time: 0.861 ms
 Execution Time: 7156.522 ms
(26 rows)

query 17 run 1
SET
SET
SET
                                                                            QUERY PLAN                                                                            
------------------------------------------------------------------------------------------------------------------------------------------------------------------
 Limit  (cost=4885249.80..4885249.81 rows=1 width=32) (actual time=52466.763..52466.766 rows=1 loops=1)
   ->  Aggregate  (cost=4885249.80..4885249.81 rows=1 width=32) (actual time=52466.762..52466.764 rows=1 loops=1)
         ->  Nested Loop  (cost=4174363.51..4885203.95 rows=18339 width=8) (actual time=30889.215..52464.873 rows=5319 loops=1)
               Join Filter: (lineitem.l_partkey = part.p_partkey)
               ->  Hash Join  (cost=4174363.07..4793389.30 rows=1834 width=40) (actual time=30888.494..51484.487 rows=1996 loops=1)
                     Hash Cond: (lineitem_1.l_partkey = part.p_partkey)
                     ->  HashAggregate  (cost=4103359.14..4717437.03 rows=1885076 width=36) (actual time=30433.007..50879.523 rows=2000000 loops=1)
                           Group Key: lineitem_1.l_partkey
                           Planned Partitions: 16  Batches: 17  Memory Usage: 65681kB  Disk Usage: 1996856kB
                           ->  Seq Scan on lineitem lineitem_1  (cost=0.00..1725004.00 rows=59986100 width=9) (actual time=0.747..6211.019 rows=59986052 loops=1)
                     ->  Hash  (cost=70979.60..70979.60 rows=1946 width=4) (actual time=453.707..453.707 rows=1996 loops=1)
                           Buckets: 2048  Batches: 1  Memory Usage: 87kB
                           ->  Seq Scan on part  (cost=0.00..70979.60 rows=1946 width=4) (actual time=1.432..452.918 rows=1996 loops=1)
                                 Filter: ((p_brand = 'Brand#22'::bpchar) AND (p_container = 'LG BOX'::bpchar))
                                 Rows Removed by Filter: 1998004
               ->  Index Scan using idx_lineitem_part_supp on lineitem  (cost=0.44..49.93 rows=11 width=17) (actual time=0.347..0.490 rows=3 loops=1996)
                     Index Cond: (l_partkey = lineitem_1.l_partkey)
                     Filter: (l_quantity < ((0.2 * avg(lineitem_1.l_quantity))))
                     Rows Removed by Filter: 27
 Planning Time: 16.469 ms
 Execution Time: 52717.354 ms
(21 rows)

SET
SET
SET
                                                                            QUERY PLAN                                                                            
------------------------------------------------------------------------------------------------------------------------------------------------------------------
 Limit  (cost=4885249.80..4885249.81 rows=1 width=32) (actual time=49071.866..49071.868 rows=1 loops=1)
   ->  Aggregate  (cost=4885249.80..4885249.81 rows=1 width=32) (actual time=49071.864..49071.867 rows=1 loops=1)
         ->  Nested Loop  (cost=4174363.51..4885203.95 rows=18339 width=8) (actual time=28382.004..49071.196 rows=5319 loops=1)
               Join Filter: (lineitem.l_partkey = part.p_partkey)
               ->  Hash Join  (cost=4174363.07..4793389.30 rows=1834 width=40) (actual time=28381.971..49019.211 rows=1996 loops=1)
                     Hash Cond: (lineitem_1.l_partkey = part.p_partkey)
                     ->  HashAggregate  (cost=4103359.14..4717437.03 rows=1885076 width=36) (actual time=28137.242..48631.479 rows=2000000 loops=1)
                           Group Key: lineitem_1.l_partkey
                           Planned Partitions: 16  Batches: 17  Memory Usage: 65681kB  Disk Usage: 1996856kB
                           ->  Seq Scan on lineitem lineitem_1  (cost=0.00..1725004.00 rows=59986100 width=9) (actual time=0.041..4509.389 rows=59986052 loops=1)
                     ->  Hash  (cost=70979.60..70979.60 rows=1946 width=4) (actual time=242.943..242.944 rows=1996 loops=1)
                           Buckets: 2048  Batches: 1  Memory Usage: 87kB
                           ->  Seq Scan on part  (cost=0.00..70979.60 rows=1946 width=4) (actual time=0.115..242.483 rows=1996 loops=1)
                                 Filter: ((p_brand = 'Brand#22'::bpchar) AND (p_container = 'LG BOX'::bpchar))
                                 Rows Removed by Filter: 1998004
               ->  Index Scan using idx_lineitem_part_supp on lineitem  (cost=0.44..49.93 rows=11 width=17) (actual time=0.011..0.025 rows=3 loops=1996)
                     Index Cond: (l_partkey = lineitem_1.l_partkey)
                     Filter: (l_quantity < ((0.2 * avg(lineitem_1.l_quantity))))
                     Rows Removed by Filter: 27
 Planning Time: 0.907 ms
 Execution Time: 49305.263 ms
(21 rows)

query 18 run 1
SET
SET
SET
                                                                                                          QUERY PLAN                                                                                                           
-------------------------------------------------------------------------------------------------------------------------------------------------------------------------------------------------------------------------------
 Limit  (cost=8672927.48..8672927.73 rows=100 width=71) (actual time=42234.081..42234.094 rows=99 loops=1)
   ->  Sort  (cost=8672927.48..8722907.11 rows=19991854 width=71) (actual time=42234.080..42234.087 rows=99 loops=1)
         Sort Key: orders.o_totalprice DESC, orders.o_orderdate
         Sort Method: quicksort  Memory: 31kB
         ->  GroupAggregate  (cost=4154319.73..7908853.20 rows=19991854 width=71) (actual time=30311.996..42233.769 rows=99 loops=1)
               Group Key: orders.o_orderkey, customer.c_custkey
               ->  Incremental Sort  (cost=4154319.73..7509016.12 rows=19991854 width=44) (actual time=30311.985..42233.459 rows=693 loops=1)
                     Sort Key: orders.o_orderkey, customer.c_custkey
                     Presorted Key: orders.o_orderkey
                     Full-sort Groups: 20  Sort Method: quicksort  Average Memory: 27kB  Peak Memory: 27kB
                     ->  Merge Join  (cost=4154319.54..6784126.94 rows=19991854 width=44) (actual time=29779.185..42233.026 rows=693 loops=1)
                           Merge Cond: (lineitem.l_orderkey = orders.o_orderkey)
                           ->  Index Scan using idx_lineitem_orderkey on lineitem  (cost=0.56..2167471.56 rows=59986100 width=9) (actual time=0.550..9365.022 rows=59916431 loops=1)
                           ->  Materialize  (cost=4154317.63..4179311.84 rows=4998842 width=43) (actual time=29502.915..29503.125 rows=687 loops=1)
                                 Storage: Memory  Maximum Storage: 17kB
                                 ->  Sort  (cost=4154317.63..4166814.73 rows=4998842 width=43) (actual time=29502.910..29502.983 rows=99 loops=1)
                                       Sort Key: orders.o_orderkey
                                       Sort Method: quicksort  Memory: 31kB
                                       ->  Hash Join  (cost=78483.20..3499261.41 rows=4998842 width=43) (actual time=2326.839..29502.765 rows=99 loops=1)
                                             Hash Cond: (orders.o_custkey = customer.c_custkey)
                                             ->  Merge Join  (cost=1.00..3340286.22 rows=4998842 width=24) (actual time=728.652..28832.087 rows=99 loops=1)
                                                   Merge Cond: (orders.o_orderkey = lineitem_1.l_orderkey)
                                                   ->  Index Scan using orders_pkey on orders  (cost=0.43..547952.85 rows=14999161 width=20) (actual time=0.605..3071.904 rows=14982724 loops=1)
                                                   ->  GroupAggregate  (cost=0.56..2692349.94 rows=4998842 width=4) (actual time=621.449..24902.612 rows=99 loops=1)
                                                         Group Key: lineitem_1.l_orderkey
                                                         Filter: (sum(lineitem_1.l_quantity) > '313'::numeric)
                                                         Rows Removed by Filter: 14999901
                                                         ->  Index Scan using idx_lineitem_orderkey on lineitem lineitem_1  (cost=0.56..2167471.56 rows=59986100 width=9) (actual time=0.020..12340.503 rows=59986052 loops=1)
                                             ->  Hash  (cost=50945.31..50945.31 rows=1499831 width=23) (actual time=591.824..591.825 rows=1500000 loops=1)
                                                   Buckets: 1048576  Batches: 2  Memory Usage: 49242kB
                                                   ->  Seq Scan on customer  (cost=0.00..50945.31 rows=1499831 width=23) (actual time=0.699..341.530 rows=1500000 loops=1)
 Planning Time: 18.456 ms
 Execution Time: 42234.605 ms
(33 rows)

SET
SET
SET
                                                                                                          QUERY PLAN                                                                                                           
-------------------------------------------------------------------------------------------------------------------------------------------------------------------------------------------------------------------------------
 Limit  (cost=8672927.48..8672927.73 rows=100 width=71) (actual time=39060.779..39060.792 rows=99 loops=1)
   ->  Sort  (cost=8672927.48..8722907.11 rows=19991854 width=71) (actual time=39060.778..39060.785 rows=99 loops=1)
         Sort Key: orders.o_totalprice DESC, orders.o_orderdate
         Sort Method: quicksort  Memory: 31kB
         ->  GroupAggregate  (cost=4154319.73..7908853.20 rows=19991854 width=71) (actual time=27127.110..39060.453 rows=99 loops=1)
               Group Key: orders.o_orderkey, customer.c_custkey
               ->  Incremental Sort  (cost=4154319.73..7509016.12 rows=19991854 width=44) (actual time=27127.098..39060.160 rows=693 loops=1)
                     Sort Key: orders.o_orderkey, customer.c_custkey
                     Presorted Key: orders.o_orderkey
                     Full-sort Groups: 20  Sort Method: quicksort  Average Memory: 27kB  Peak Memory: 27kB
                     ->  Merge Join  (cost=4154319.54..6784126.94 rows=19991854 width=44) (actual time=26594.087..39059.729 rows=693 loops=1)
                           Merge Cond: (lineitem.l_orderkey = orders.o_orderkey)
                           ->  Index Scan using idx_lineitem_orderkey on lineitem  (cost=0.56..2167471.56 rows=59986100 width=9) (actual time=0.020..9374.949 rows=59916431 loops=1)
                           ->  Materialize  (cost=4154317.63..4179311.84 rows=4998842 width=43) (actual time=26323.227..26323.436 rows=687 loops=1)
                                 Storage: Memory  Maximum Storage: 17kB
                                 ->  Sort  (cost=4154317.63..4166814.73 rows=4998842 width=43) (actual time=26323.224..26323.297 rows=99 loops=1)
                                       Sort Key: orders.o_orderkey
                                       Sort Method: quicksort  Memory: 31kB
                                       ->  Hash Join  (cost=78483.20..3499261.41 rows=4998842 width=43) (actual time=1911.432..26323.101 rows=99 loops=1)
                                             Hash Cond: (orders.o_custkey = customer.c_custkey)
                                             ->  Merge Join  (cost=1.00..3340286.22 rows=4998842 width=24) (actual time=597.111..25769.296 rows=99 loops=1)
                                                   Merge Cond: (orders.o_orderkey = lineitem_1.l_orderkey)
                                                   ->  Index Scan using orders_pkey on orders  (cost=0.43..547952.85 rows=14999161 width=20) (actual time=0.012..2497.837 rows=14982724 loops=1)
                                                   ->  GroupAggregate  (cost=0.56..2692349.94 rows=4998842 width=4) (actual time=517.609..22429.857 rows=99 loops=1)
                                                         Group Key: lineitem_1.l_orderkey
                                                         Filter: (sum(lineitem_1.l_quantity) > '313'::numeric)
                                                         Rows Removed by Filter: 14999901
                                                         ->  Index Scan using idx_lineitem_orderkey on lineitem lineitem_1  (cost=0.56..2167471.56 rows=59986100 width=9) (actual time=0.006..10072.330 rows=59986052 loops=1)
                                             ->  Hash  (cost=50945.31..50945.31 rows=1499831 width=23) (actual time=472.570..472.571 rows=1500000 loops=1)
                                                   Buckets: 1048576  Batches: 2  Memory Usage: 49242kB
                                                   ->  Seq Scan on customer  (cost=0.00..50945.31 rows=1499831 width=23) (actual time=0.032..227.440 rows=1500000 loops=1)
 Planning Time: 1.655 ms
 Execution Time: 39060.962 ms
(33 rows)

query 19 run 1
SET
SET
SET
                                                                                                                                                                                                                                                                                                                                                                                                                                                                                                            QUERY PLAN                                                                                                                                                                                                                                                                                                                                                                                                                                                                                                            
----------------------------------------------------------------------------------------------------------------------------------------------------------------------------------------------------------------------------------------------------------------------------------------------------------------------------------------------------------------------------------------------------------------------------------------------------------------------------------------------------------------------------------------------------------------------------------------------------------------------------------------------------------------------------------------------------------------------------------------------------------------------------------------------------------------------------------------------------------------------------------------------------------------------------------------------------------------------------------------------------------------------------------
 Limit  (cost=383016.47..383016.48 rows=1 width=32) (actual time=23682.878..23682.880 rows=1 loops=1)
   ->  Aggregate  (cost=383016.47..383016.48 rows=1 width=32) (actual time=23682.877..23682.877 rows=1 loops=1)
         ->  Nested Loop  (cost=0.44..383007.67 rows=1173 width=12) (actual time=71.191..23679.747 rows=1063 loops=1)
               ->  Seq Scan on part  (cost=0.00..125977.05 rows=4946 width=30) (actual time=2.952..780.114 rows=4781 loops=1)
                     Filter: ((p_size >= 1) AND (((p_brand = 'Brand#24'::bpchar) AND (p_container = ANY ('{"SM CASE","SM BOX","SM PACK","SM PKG"}'::bpchar[])) AND (p_size <= 5)) OR ((p_brand = 'Brand#43'::bpchar) AND (p_container = ANY ('{"MED BAG","MED BOX","MED PKG","MED PACK"}'::bpchar[])) AND (p_size <= 10)) OR ((p_brand = 'Brand#44'::bpchar) AND (p_container = ANY ('{"LG CASE","LG BOX","LG PACK","LG PKG"}'::bpchar[])) AND (p_size <= 15))))
                     Rows Removed by Filter: 1995219
               ->  Index Scan using idx_lineitem_part_supp on lineitem  (cost=0.44..51.96 rows=1 width=21) (actual time=4.319..4.788 rows=0 loops=4781)
                     Index Cond: (l_partkey = part.p_partkey)
                     Filter: ((l_shipmode = ANY ('{AIR,"AIR REG"}'::bpchar[])) AND (l_shipinstruct = 'DELIVER IN PERSON'::bpchar) AND (((l_quantity >= '10'::numeric) AND (l_quantity <= '20'::numeric)) OR ((l_quantity >= '10'::numeric) AND (l_quantity <= '20'::numeric)) OR ((l_quantity >= '20'::numeric) AND (l_quantity <= '30'::numeric))) AND (((part.p_brand = 'Brand#24'::bpchar) AND (part.p_container = ANY ('{"SM CASE","SM BOX","SM PACK","SM PKG"}'::bpchar[])) AND (l_quantity >= '10'::numeric) AND (l_quantity <= '20'::numeric) AND (part.p_size <= 5)) OR ((part.p_brand = 'Brand#43'::bpchar) AND (part.p_container = ANY ('{"MED BAG","MED BOX","MED PKG","MED PACK"}'::bpchar[])) AND (l_quantity >= '10'::numeric) AND (l_quantity <= '20'::numeric) AND (part.p_size <= 10)) OR ((part.p_brand = 'Brand#44'::bpchar) AND (part.p_container = ANY ('{"LG CASE","LG BOX","LG PACK","LG PKG"}'::bpchar[])) AND (l_quantity >= '20'::numeric) AND (l_quantity <= '30'::numeric) AND (part.p_size <= 15))))
                     Rows Removed by Filter: 30
 Planning Time: 17.298 ms
 Execution Time: 23683.390 ms
(12 rows)

SET
SET
SET
                                                                                                                                                                                                                                                                                                                                                                                                                                                                                                            QUERY PLAN                                                                                                                                                                                                                                                                                                                                                                                                                                                                                                            
----------------------------------------------------------------------------------------------------------------------------------------------------------------------------------------------------------------------------------------------------------------------------------------------------------------------------------------------------------------------------------------------------------------------------------------------------------------------------------------------------------------------------------------------------------------------------------------------------------------------------------------------------------------------------------------------------------------------------------------------------------------------------------------------------------------------------------------------------------------------------------------------------------------------------------------------------------------------------------------------------------------------------------
 Limit  (cost=383016.47..383016.48 rows=1 width=32) (actual time=629.741..629.742 rows=1 loops=1)
   ->  Aggregate  (cost=383016.47..383016.48 rows=1 width=32) (actual time=629.740..629.740 rows=1 loops=1)
         ->  Nested Loop  (cost=0.44..383007.67 rows=1173 width=12) (actual time=1.536..629.104 rows=1063 loops=1)
               ->  Seq Scan on part  (cost=0.00..125977.05 rows=4946 width=30) (actual time=0.217..462.063 rows=4781 loops=1)
                     Filter: ((p_size >= 1) AND (((p_brand = 'Brand#24'::bpchar) AND (p_container = ANY ('{"SM CASE","SM BOX","SM PACK","SM PKG"}'::bpchar[])) AND (p_size <= 5)) OR ((p_brand = 'Brand#43'::bpchar) AND (p_container = ANY ('{"MED BAG","MED BOX","MED PKG","MED PACK"}'::bpchar[])) AND (p_size <= 10)) OR ((p_brand = 'Brand#44'::bpchar) AND (p_container = ANY ('{"LG CASE","LG BOX","LG PACK","LG PKG"}'::bpchar[])) AND (p_size <= 15))))
                     Rows Removed by Filter: 1995219
               ->  Index Scan using idx_lineitem_part_supp on lineitem  (cost=0.44..51.96 rows=1 width=21) (actual time=0.031..0.035 rows=0 loops=4781)
                     Index Cond: (l_partkey = part.p_partkey)
                     Filter: ((l_shipmode = ANY ('{AIR,"AIR REG"}'::bpchar[])) AND (l_shipinstruct = 'DELIVER IN PERSON'::bpchar) AND (((l_quantity >= '10'::numeric) AND (l_quantity <= '20'::numeric)) OR ((l_quantity >= '10'::numeric) AND (l_quantity <= '20'::numeric)) OR ((l_quantity >= '20'::numeric) AND (l_quantity <= '30'::numeric))) AND (((part.p_brand = 'Brand#24'::bpchar) AND (part.p_container = ANY ('{"SM CASE","SM BOX","SM PACK","SM PKG"}'::bpchar[])) AND (l_quantity >= '10'::numeric) AND (l_quantity <= '20'::numeric) AND (part.p_size <= 5)) OR ((part.p_brand = 'Brand#43'::bpchar) AND (part.p_container = ANY ('{"MED BAG","MED BOX","MED PKG","MED PACK"}'::bpchar[])) AND (l_quantity >= '10'::numeric) AND (l_quantity <= '20'::numeric) AND (part.p_size <= 10)) OR ((part.p_brand = 'Brand#44'::bpchar) AND (part.p_container = ANY ('{"LG CASE","LG BOX","LG PACK","LG PKG"}'::bpchar[])) AND (l_quantity >= '20'::numeric) AND (l_quantity <= '30'::numeric) AND (part.p_size <= 15))))
                     Rows Removed by Filter: 30
 Planning Time: 1.057 ms
 Execution Time: 629.785 ms
(12 rows)

query 20 run 1
SET
SET
SET
                                                                                       QUERY PLAN                                                                                        
-----------------------------------------------------------------------------------------------------------------------------------------------------------------------------------------
 Limit  (cost=2716188.74..2716188.75 rows=1 width=52) (actual time=53593.168..53593.173 rows=1 loops=1)
   ->  Sort  (cost=2716188.74..2716188.75 rows=1 width=52) (actual time=53593.167..53593.170 rows=1 loops=1)
         Sort Key: supplier.s_name
         Sort Method: top-N heapsort  Memory: 25kB
         ->  Nested Loop Semi Join  (cost=2514760.15..2716188.73 rows=1 width=52) (actual time=32473.701..53591.387 rows=1821 loops=1)
               Join Filter: (supplier.s_suppkey = lineitem.l_suppkey)
               Rows Removed by Join Filter: 183418712
               ->  Nested Loop  (cost=0.00..4472.31 rows=4000 width=56) (actual time=0.810..21.080 rows=4095 loops=1)
                     Join Filter: (supplier.s_nationkey = nation.n_nationkey)
                     Rows Removed by Join Filter: 95905
                     ->  Seq Scan on nation  (cost=0.00..1.31 rows=1 width=4) (actual time=0.276..0.279 rows=1 loops=1)
                           Filter: (n_name = 'IRAQ'::bpchar)
                           Rows Removed by Filter: 24
                     ->  Seq Scan on supplier  (cost=0.00..3221.00 rows=100000 width=60) (actual time=0.529..13.512 rows=100000 loops=1)
               ->  Materialize  (cost=2514760.15..2711536.43 rows=3 width=8) (actual time=7.561..10.738 rows=44791 loops=4095)
                     Storage: Memory  Maximum Storage: 2356kB
                     ->  Hash Join  (cost=2514760.15..2711536.41 rows=3 width=8) (actual time=30962.008..37741.673 rows=59002 loops=1)
                           Hash Cond: ((lineitem.l_partkey = partsupp.ps_partkey) AND (lineitem.l_suppkey = partsupp.ps_suppkey))
                           Join Filter: ((partsupp.ps_availqty)::numeric > ((0.5 * sum(lineitem.l_quantity))))
                           Rows Removed by Join Filter: 123
                           ->  HashAggregate  (cost=2372356.99..2532941.93 rows=4825494 width=40) (actual time=26160.334..32066.461 rows=5448842 loops=1)
                                 Group Key: lineitem.l_partkey, lineitem.l_suppkey
                                 Planned Partitions: 32  Batches: 161  Memory Usage: 65809kB  Disk Usage: 358152kB
                                 ->  Bitmap Heap Scan on lineitem  (cost=144815.44..1991674.87 rows=9031939 width=13) (actual time=1207.016..20680.062 rows=9123688 loops=1)
                                       Recheck Cond: ((l_shipdate >= '1996-01-01'::date) AND (l_shipdate < '1997-01-01'::date))
                                       Rows Removed by Index Recheck: 23164080
                                       Heap Blocks: exact=518099 lossy=530696
                                       ->  Bitmap Index Scan on idx_lineitem_shipdate  (cost=0.00..142557.46 rows=9031939 width=0) (actual time=1083.501..1083.501 rows=9123688 loops=1)
                                             Index Cond: ((l_shipdate >= '1996-01-01'::date) AND (l_shipdate < '1997-01-01'::date))
                           ->  Hash  (cost=141190.74..141190.74 rows=80828 width=16) (actual time=4801.375..4801.376 rows=86872 loops=1)
                                 Buckets: 131072  Batches: 1  Memory Usage: 5097kB
                                 ->  Nested Loop  (cost=0.43..141190.74 rows=80828 width=16) (actual time=1.027..4758.058 rows=86872 loops=1)
                                       ->  Seq Scan on part  (cost=0.00..65979.84 rows=20201 width=4) (actual time=0.430..516.295 rows=21718 loops=1)
                                             Filter: ((p_name)::text ~~ 'olive%'::text)
                                             Rows Removed by Filter: 1978282
                                       ->  Index Scan using idx_partsupp_partkey on partsupp  (cost=0.43..3.55 rows=17 width=12) (actual time=0.179..0.193 rows=4 loops=21718)
                                             Index Cond: (ps_partkey = part.p_partkey)
 Planning Time: 21.896 ms
 Execution Time: 53639.885 ms
(39 rows)

SET
SET
SET
                                                                                      QUERY PLAN                                                                                       
---------------------------------------------------------------------------------------------------------------------------------------------------------------------------------------
 Limit  (cost=2716188.74..2716188.75 rows=1 width=52) (actual time=36476.966..36476.970 rows=1 loops=1)
   ->  Sort  (cost=2716188.74..2716188.75 rows=1 width=52) (actual time=36476.964..36476.968 rows=1 loops=1)
         Sort Key: supplier.s_name
         Sort Method: top-N heapsort  Memory: 25kB
         ->  Nested Loop Semi Join  (cost=2514760.15..2716188.73 rows=1 width=52) (actual time=15182.337..36475.241 rows=1821 loops=1)
               Join Filter: (supplier.s_suppkey = lineitem.l_suppkey)
               Rows Removed by Join Filter: 183418712
               ->  Nested Loop  (cost=0.00..4472.31 rows=4000 width=56) (actual time=0.042..17.162 rows=4095 loops=1)
                     Join Filter: (supplier.s_nationkey = nation.n_nationkey)
                     Rows Removed by Join Filter: 95905
                     ->  Seq Scan on nation  (cost=0.00..1.31 rows=1 width=4) (actual time=0.023..0.026 rows=1 loops=1)
                           Filter: (n_name = 'IRAQ'::bpchar)
                           Rows Removed by Filter: 24
                     ->  Seq Scan on supplier  (cost=0.00..3221.00 rows=100000 width=60) (actual time=0.015..9.743 rows=100000 loops=1)
               ->  Materialize  (cost=2514760.15..2711536.43 rows=3 width=8) (actual time=3.340..6.533 rows=44791 loops=4095)
                     Storage: Memory  Maximum Storage: 2356kB
                     ->  Hash Join  (cost=2514760.15..2711536.41 rows=3 width=8) (actual time=13678.788..20422.491 rows=59002 loops=1)
                           Hash Cond: ((lineitem.l_partkey = partsupp.ps_partkey) AND (lineitem.l_suppkey = partsupp.ps_suppkey))
                           Join Filter: ((partsupp.ps_availqty)::numeric > ((0.5 * sum(lineitem.l_quantity))))
                           Rows Removed by Join Filter: 123
                           ->  HashAggregate  (cost=2372356.99..2532941.93 rows=4825494 width=40) (actual time=13183.024..19057.728 rows=5448842 loops=1)
                                 Group Key: lineitem.l_partkey, lineitem.l_suppkey
                                 Planned Partitions: 32  Batches: 161  Memory Usage: 65809kB  Disk Usage: 358152kB
                                 ->  Bitmap Heap Scan on lineitem  (cost=144815.44..1991674.87 rows=9031939 width=13) (actual time=1059.563..9126.226 rows=9123688 loops=1)
                                       Recheck Cond: ((l_shipdate >= '1996-01-01'::date) AND (l_shipdate < '1997-01-01'::date))
                                       Rows Removed by Index Recheck: 23164080
                                       Heap Blocks: exact=518099 lossy=530696
                                       ->  Bitmap Index Scan on idx_lineitem_shipdate  (cost=0.00..142557.46 rows=9031939 width=0) (actual time=935.834..935.834 rows=9123688 loops=1)
                                             Index Cond: ((l_shipdate >= '1996-01-01'::date) AND (l_shipdate < '1997-01-01'::date))
                           ->  Hash  (cost=141190.74..141190.74 rows=80828 width=16) (actual time=495.454..495.455 rows=86872 loops=1)
                                 Buckets: 131072  Batches: 1  Memory Usage: 5097kB
                                 ->  Nested Loop  (cost=0.43..141190.74 rows=80828 width=16) (actual time=0.063..474.539 rows=86872 loops=1)
                                       ->  Seq Scan on part  (cost=0.00..65979.84 rows=20201 width=4) (actual time=0.044..259.987 rows=21718 loops=1)
                                             Filter: ((p_name)::text ~~ 'olive%'::text)
                                             Rows Removed by Filter: 1978282
                                       ->  Index Scan using idx_partsupp_partkey on partsupp  (cost=0.43..3.55 rows=17 width=12) (actual time=0.008..0.009 rows=4 loops=21718)
                                             Index Cond: (ps_partkey = part.p_partkey)
 Planning Time: 1.985 ms
 Execution Time: 36523.022 ms
(39 rows)

query 21 run 1
SET
SET
SET
                                                                                               QUERY PLAN                                                                                                
---------------------------------------------------------------------------------------------------------------------------------------------------------------------------------------------------------
 Limit  (cost=3686321.17..3686321.18 rows=1 width=34) (actual time=25385.311..25385.325 rows=100 loops=1)
   ->  Sort  (cost=3686321.17..3686321.18 rows=1 width=34) (actual time=25385.310..25385.318 rows=100 loops=1)
         Sort Key: (count(*)) DESC, supplier.s_name
         Sort Method: top-N heapsort  Memory: 37kB
         ->  GroupAggregate  (cost=3686321.14..3686321.16 rows=1 width=34) (actual time=25378.518..25384.111 rows=3991 loops=1)
               Group Key: supplier.s_name
               ->  Sort  (cost=3686321.14..3686321.15 rows=1 width=26) (actual time=25378.506..25380.072 rows=39281 loops=1)
                     Sort Key: supplier.s_name
                     Sort Method: quicksort  Memory: 1537kB
                     ->  Nested Loop Semi Join  (cost=1970056.75..3686321.13 rows=1 width=26) (actual time=14372.488..25212.253 rows=39281 loops=1)
                           Join Filter: (l2.l_suppkey <> l1.l_suppkey)
                           Rows Removed by Join Filter: 42025
                           ->  Nested Loop Anti Join  (cost=1970056.18..3686317.49 rows=1 width=38) (actual time=14372.482..25037.435 rows=65960 loops=1)
                                 ->  Hash Join  (cost=1970055.62..2450049.97 rows=385025 width=38) (actual time=14371.729..19786.289 rows=730985 loops=1)
                                       Hash Cond: (orders.o_orderkey = l1.l_orderkey)
                                       ->  Seq Scan on orders  (cost=0.00..448757.51 rows=7303092 width=4) (actual time=0.505..2193.732 rows=7309184 loops=1)
                                             Filter: (o_orderstatus = 'F'::bpchar)
                                             Rows Removed by Filter: 7690816
                                       ->  Hash  (cost=1960171.02..1960171.02 rows=790768 width=34) (actual time=14369.751..14369.754 rows=1514267 loops=1)
                                             Buckets: 1048576 (originally 1048576)  Batches: 2 (originally 1)  Memory Usage: 58450kB
                                             ->  Hash Join  (cost=2311.46..1960171.02 rows=790768 width=34) (actual time=43.650..14011.768 rows=1514267 loops=1)
                                                   Hash Cond: (l1.l_suppkey = supplier.s_suppkey)
                                                   ->  Seq Scan on lineitem l1  (cost=0.00..1874969.25 rows=19995367 width=8) (actual time=0.553..10830.537 rows=37929348 loops=1)
                                                         Filter: (l_receiptdate > l_commitdate)
                                                         Rows Removed by Filter: 22056704
                                                   ->  Hash  (cost=2261.46..2261.46 rows=4000 width=30) (actual time=43.024..43.025 rows=3991 loops=1)
                                                         Buckets: 4096  Batches: 1  Memory Usage: 282kB
                                                         ->  Nested Loop  (cost=37.29..2261.46 rows=4000 width=30) (actual time=1.778..41.863 rows=3991 loops=1)
                                                               ->  Seq Scan on nation  (cost=0.00..1.31 rows=1 width=4) (actual time=0.202..0.206 rows=1 loops=1)
                                                                     Filter: (n_name = 'PERU'::bpchar)
                                                                     Rows Removed by Filter: 24
                                                               ->  Bitmap Heap Scan on supplier  (cost=37.29..2220.15 rows=4000 width=34) (actual time=1.569..40.926 rows=3991 loops=1)
                                                                     Recheck Cond: (s_nationkey = nation.n_nationkey)
                                                                     Heap Blocks: exact=1865
                                                                     ->  Bitmap Index Scan on idx_supplier_nation_key  (cost=0.00..36.29 rows=4000 width=0) (actual time=0.873..0.873 rows=3991 loops=1)
                                                                           Index Cond: (s_nationkey = nation.n_nationkey)
                                 ->  Index Scan using idx_lineitem_orderkey on lineitem l3  (cost=0.56..3.64 rows=1 width=8) (actual time=0.007..0.007 rows=1 loops=730985)
                                       Index Cond: (l_orderkey = l1.l_orderkey)
                                       Filter: ((l_receiptdate > l_commitdate) AND (l_suppkey <> l1.l_suppkey))
                                       Rows Removed by Filter: 1
                           ->  Index Scan using idx_lineitem_orderkey on lineitem l2  (cost=0.56..3.62 rows=4 width=8) (actual time=0.002..0.002 rows=1 loops=65960)
                                 Index Cond: (l_orderkey = orders.o_orderkey)
 Planning Time: 21.305 ms
 Execution Time: 25386.645 ms
(44 rows)

SET
SET
SET
                                                                                               QUERY PLAN                                                                                                
---------------------------------------------------------------------------------------------------------------------------------------------------------------------------------------------------------
 Limit  (cost=3686321.17..3686321.18 rows=1 width=34) (actual time=21598.602..21598.617 rows=100 loops=1)
   ->  Sort  (cost=3686321.17..3686321.18 rows=1 width=34) (actual time=21598.601..21598.610 rows=100 loops=1)
         Sort Key: (count(*)) DESC, supplier.s_name
         Sort Method: top-N heapsort  Memory: 37kB
         ->  GroupAggregate  (cost=3686321.14..3686321.16 rows=1 width=34) (actual time=21591.493..21597.399 rows=3991 loops=1)
               Group Key: supplier.s_name
               ->  Sort  (cost=3686321.14..3686321.15 rows=1 width=26) (actual time=21591.480..21593.063 rows=39281 loops=1)
                     Sort Key: supplier.s_name
                     Sort Method: quicksort  Memory: 1537kB
                     ->  Nested Loop Semi Join  (cost=1970056.75..3686321.13 rows=1 width=26) (actual time=12244.343..21425.466 rows=39281 loops=1)
                           Join Filter: (l2.l_suppkey <> l1.l_suppkey)
                           Rows Removed by Join Filter: 42025
                           ->  Nested Loop Anti Join  (cost=1970056.18..3686317.49 rows=1 width=38) (actual time=12244.338..21258.331 rows=65960 loops=1)
                                 ->  Hash Join  (cost=1970055.62..2450049.97 rows=385025 width=38) (actual time=12244.261..17180.729 rows=730985 loops=1)
                                       Hash Cond: (orders.o_orderkey = l1.l_orderkey)
                                       ->  Seq Scan on orders  (cost=0.00..448757.51 rows=7303092 width=4) (actual time=0.027..1763.974 rows=7309184 loops=1)
                                             Filter: (o_orderstatus = 'F'::bpchar)
                                             Rows Removed by Filter: 7690816
                                       ->  Hash  (cost=1960171.02..1960171.02 rows=790768 width=34) (actual time=12242.854..12242.857 rows=1514267 loops=1)
                                             Buckets: 1048576 (originally 1048576)  Batches: 2 (originally 1)  Memory Usage: 58450kB
                                             ->  Hash Join  (cost=2311.46..1960171.02 rows=790768 width=34) (actual time=14.177..11898.618 rows=1514267 loops=1)
                                                   Hash Cond: (l1.l_suppkey = supplier.s_suppkey)
                                                   ->  Seq Scan on lineitem l1  (cost=0.00..1874969.25 rows=19995367 width=8) (actual time=0.040..9109.833 rows=37929348 loops=1)
                                                         Filter: (l_receiptdate > l_commitdate)
                                                         Rows Removed by Filter: 22056704
                                                   ->  Hash  (cost=2261.46..2261.46 rows=4000 width=30) (actual time=14.094..14.096 rows=3991 loops=1)
                                                         Buckets: 4096  Batches: 1  Memory Usage: 282kB
                                                         ->  Nested Loop  (cost=37.29..2261.46 rows=4000 width=30) (actual time=0.547..13.243 rows=3991 loops=1)
                                                               ->  Seq Scan on nation  (cost=0.00..1.31 rows=1 width=4) (actual time=0.012..0.016 rows=1 loops=1)
                                                                     Filter: (n_name = 'PERU'::bpchar)
                                                                     Rows Removed by Filter: 24
                                                               ->  Bitmap Heap Scan on supplier  (cost=37.29..2220.15 rows=4000 width=34) (actual time=0.530..12.606 rows=3991 loops=1)
                                                                     Recheck Cond: (s_nationkey = nation.n_nationkey)
                                                                     Heap Blocks: exact=1865
                                                                     ->  Bitmap Index Scan on idx_supplier_nation_key  (cost=0.00..36.29 rows=4000 width=0) (actual time=0.309..0.309 rows=3991 loops=1)
                                                                           Index Cond: (s_nationkey = nation.n_nationkey)
                                 ->  Index Scan using idx_lineitem_orderkey on lineitem l3  (cost=0.56..3.64 rows=1 width=8) (actual time=0.005..0.005 rows=1 loops=730985)
                                       Index Cond: (l_orderkey = l1.l_orderkey)
                                       Filter: ((l_receiptdate > l_commitdate) AND (l_suppkey <> l1.l_suppkey))
                                       Rows Removed by Filter: 1
                           ->  Index Scan using idx_lineitem_orderkey on lineitem l2  (cost=0.56..3.62 rows=4 width=8) (actual time=0.002..0.002 rows=1 loops=65960)
                                 Index Cond: (l_orderkey = orders.o_orderkey)
 Planning Time: 2.515 ms
 Execution Time: 21599.990 ms
(44 rows)

query 22 run 1
SET
SET
SET
                                                                          QUERY PLAN                                                                          
--------------------------------------------------------------------------------------------------------------------------------------------------------------
 Limit  (cost=161637.97..161638.00 rows=1 width=72) (actual time=1819.356..1819.358 rows=1 loops=1)
   InitPlan 1
     ->  Aggregate  (cost=75436.92..75436.93 rows=1 width=32) (actual time=858.691..858.692 rows=1 loops=1)
           ->  Seq Scan on customer customer_1  (cost=0.00..75317.56 rows=47741 width=6) (actual time=0.017..827.208 rows=382426 loops=1)
                 Filter: ((c_acctbal > 0.00) AND (SUBSTRING(c_phone FROM 1 FOR 2) = ANY ('{21,29,26,34,14,15,17}'::text[])))
                 Rows Removed by Filter: 1117574
   ->  GroupAggregate  (cost=86201.04..86412.85 rows=7702 width=72) (actual time=1819.355..1819.355 rows=1 loops=1)
         Group Key: (SUBSTRING(customer.c_phone FROM 1 FOR 2))
         ->  Sort  (cost=86201.04..86220.30 rows=7702 width=38) (actual time=1817.645..1817.991 rows=9006 loops=1)
               Sort Key: (SUBSTRING(customer.c_phone FROM 1 FOR 2))
               Sort Method: quicksort  Memory: 3516kB
               ->  Nested Loop Anti Join  (cost=0.43..85703.84 rows=7702 width=38) (actual time=859.245..1798.569 rows=63509 loops=1)
                     ->  Seq Scan on customer  (cost=0.00..75317.56 rows=17498 width=26) (actual time=859.227..1354.979 rows=191129 loops=1)
                           Filter: ((c_acctbal > (InitPlan 1).col1) AND (SUBSTRING(c_phone FROM 1 FOR 2) = ANY ('{21,29,26,34,14,15,17}'::text[])))
                           Rows Removed by Filter: 1308871
                     ->  Index Only Scan using idx_orders_custkey on orders  (cost=0.43..2.17 rows=18 width=4) (actual time=0.002..0.002 rows=1 loops=191129)
                           Index Cond: (o_custkey = customer.c_custkey)
                           Heap Fetches: 0
 Planning Time: 15.052 ms
 Execution Time: 1820.460 ms
(20 rows)

SET
SET
SET
                                                                          QUERY PLAN                                                                          
--------------------------------------------------------------------------------------------------------------------------------------------------------------
 Limit  (cost=161637.97..161638.00 rows=1 width=72) (actual time=1480.874..1480.876 rows=1 loops=1)
   InitPlan 1
     ->  Aggregate  (cost=75436.92..75436.93 rows=1 width=32) (actual time=680.631..680.632 rows=1 loops=1)
           ->  Seq Scan on customer customer_1  (cost=0.00..75317.56 rows=47741 width=6) (actual time=0.008..649.940 rows=382426 loops=1)
                 Filter: ((c_acctbal > 0.00) AND (SUBSTRING(c_phone FROM 1 FOR 2) = ANY ('{21,29,26,34,14,15,17}'::text[])))
                 Rows Removed by Filter: 1117574
   ->  GroupAggregate  (cost=86201.04..86412.85 rows=7702 width=72) (actual time=1480.873..1480.874 rows=1 loops=1)
         Group Key: (SUBSTRING(customer.c_phone FROM 1 FOR 2))
         ->  Sort  (cost=86201.04..86220.30 rows=7702 width=38) (actual time=1479.161..1479.508 rows=9006 loops=1)
               Sort Key: (SUBSTRING(customer.c_phone FROM 1 FOR 2))
               Sort Method: quicksort  Memory: 3516kB
               ->  Nested Loop Anti Join  (cost=0.43..85703.84 rows=7702 width=38) (actual time=680.672..1461.982 rows=63509 loops=1)
                     ->  Seq Scan on customer  (cost=0.00..75317.56 rows=17498 width=26) (actual time=680.655..1148.463 rows=191129 loops=1)
                           Filter: ((c_acctbal > (InitPlan 1).col1) AND (SUBSTRING(c_phone FROM 1 FOR 2) = ANY ('{21,29,26,34,14,15,17}'::text[])))
                           Rows Removed by Filter: 1308871
                     ->  Index Only Scan using idx_orders_custkey on orders  (cost=0.43..2.17 rows=18 width=4) (actual time=0.001..0.001 rows=1 loops=191129)
                           Index Cond: (o_custkey = customer.c_custkey)
                           Heap Fetches: 0
 Planning Time: 0.794 ms
 Execution Time: 1480.927 ms
(20 rows)

