query 1 run 1
SET
SET
SET
                                                                 QUERY PLAN                                                                  
---------------------------------------------------------------------------------------------------------------------------------------------
 Limit  (cost=3951212.88..3951212.89 rows=1 width=236) (actual time=81030.495..81030.496 rows=1 loops=1)
   ->  Sort  (cost=3951212.88..3951212.90 rows=6 width=236) (actual time=81030.494..81030.494 rows=1 loops=1)
         Sort Key: l_returnflag, l_linestatus
         Sort Method: top-N heapsort  Memory: 25kB
         ->  HashAggregate  (cost=3951212.69..3951212.85 rows=6 width=236) (actual time=81030.458..81030.465 rows=4 loops=1)
               Group Key: l_returnflag, l_linestatus
               Batches: 1  Memory Usage: 32kB
               ->  Seq Scan on lineitem  (cost=0.00..1875002.05 rows=59320304 width=25) (actual time=0.496..12662.479 rows=59284448 loops=1)
                     Filter: (l_shipdate <= '1998-09-10 00:00:00'::timestamp without time zone)
                     Rows Removed by Filter: 701604
 Planning Time: 13.541 ms
 Execution Time: 81031.436 ms
(12 rows)

SET
SET
SET
                                                                 QUERY PLAN                                                                  
---------------------------------------------------------------------------------------------------------------------------------------------
 Limit  (cost=3951212.88..3951212.89 rows=1 width=236) (actual time=78890.120..78890.121 rows=1 loops=1)
   ->  Sort  (cost=3951212.88..3951212.90 rows=6 width=236) (actual time=78890.119..78890.120 rows=1 loops=1)
         Sort Key: l_returnflag, l_linestatus
         Sort Method: top-N heapsort  Memory: 25kB
         ->  HashAggregate  (cost=3951212.69..3951212.85 rows=6 width=236) (actual time=78890.095..78890.102 rows=4 loops=1)
               Group Key: l_returnflag, l_linestatus
               Batches: 1  Memory Usage: 32kB
               ->  Seq Scan on lineitem  (cost=0.00..1875002.05 rows=59320304 width=25) (actual time=0.021..10940.750 rows=59284448 loops=1)
                     Filter: (l_shipdate <= '1998-09-10 00:00:00'::timestamp without time zone)
                     Rows Removed by Filter: 701604
 Planning Time: 0.545 ms
 Execution Time: 78890.179 ms
(12 rows)

query 2 run 1
SET
SET
SET
                                                                                        QUERY PLAN                                                                                         
-------------------------------------------------------------------------------------------------------------------------------------------------------------------------------------------
 Limit  (cost=1083155.18..1083155.18 rows=1 width=192) (actual time=4980.890..4980.906 rows=100 loops=1)
   ->  Sort  (cost=1083155.18..1083155.18 rows=1 width=192) (actual time=4980.889..4980.899 rows=100 loops=1)
         Sort Key: supplier.s_acctbal DESC, nation.n_name, supplier.s_name, part.p_partkey
         Sort Method: top-N heapsort  Memory: 71kB
         ->  Merge Join  (cost=550107.96..1083155.17 rows=1 width=192) (actual time=3158.462..4977.687 rows=4737 loops=1)
               Merge Cond: (part.p_partkey = partsupp.ps_partkey)
               Join Filter: (partsupp.ps_supplycost = (SubPlan 1))
               Rows Removed by Join Filter: 1661
               ->  Index Scan using part_pkey on part  (cost=0.43..89213.39 rows=8392 width=30) (actual time=0.463..784.130 rows=8046 loops=1)
                     Filter: (((p_type)::text ~~ '%NICKEL'::text) AND (p_size = 16))
                     Rows Removed by Filter: 1991954
               ->  Materialize  (cost=550107.53..557880.50 rows=1554593 width=172) (actual time=3156.957..3627.817 rows=1603828 loops=1)
                     ->  Sort  (cost=550107.53..553994.01 rows=1554593 width=172) (actual time=3156.952..3441.577 rows=1603828 loops=1)
                           Sort Key: partsupp.ps_partkey
                           Sort Method: external merge  Disk: 293512kB
                           ->  Hash Join  (cost=4048.51..304835.87 rows=1554593 width=172) (actual time=44.043..2497.222 rows=1604080 loops=1)
                                 Hash Cond: (partsupp.ps_suppkey = supplier.s_suppkey)
                                 ->  Seq Scan on partsupp  (cost=0.00..255236.13 rows=8001413 width=14) (actual time=0.450..1072.921 rows=8000000 loops=1)
                                 ->  Hash  (cost=3798.51..3798.51 rows=20000 width=166) (actual time=43.577..43.580 rows=20051 loops=1)
                                       Buckets: 32768  Batches: 1  Memory Usage: 4211kB
                                       ->  Hash Join  (cost=2.51..3798.51 rows=20000 width=166) (actual time=0.614..37.794 rows=20051 loops=1)
                                             Hash Cond: (supplier.s_nationkey = nation.n_nationkey)
                                             ->  Seq Scan on supplier  (cost=0.00..3221.00 rows=100000 width=144) (actual time=0.237..25.055 rows=100000 loops=1)
                                             ->  Hash  (cost=2.45..2.45 rows=5 width=30) (actual time=0.373..0.375 rows=5 loops=1)
                                                   Buckets: 1024  Batches: 1  Memory Usage: 9kB
                                                   ->  Hash Join  (cost=1.07..2.45 rows=5 width=30) (actual time=0.362..0.372 rows=5 loops=1)
                                                         Hash Cond: (nation.n_regionkey = region.r_regionkey)
                                                         ->  Seq Scan on nation  (cost=0.00..1.25 rows=25 width=34) (actual time=0.166..0.169 rows=25 loops=1)
                                                         ->  Hash  (cost=1.06..1.06 rows=1 width=4) (actual time=0.187..0.188 rows=1 loops=1)
                                                               Buckets: 1024  Batches: 1  Memory Usage: 9kB
                                                               ->  Seq Scan on region  (cost=0.00..1.06 rows=1 width=4) (actual time=0.182..0.184 rows=1 loops=1)
                                                                     Filter: (r_name = 'AMERICA'::bpchar)
                                                                     Rows Removed by Filter: 4
               SubPlan 1
                 ->  Aggregate  (cost=66.23..66.24 rows=1 width=32) (actual time=0.060..0.060 rows=1 loops=6398)
                       ->  Nested Loop  (cost=2.29..66.22 rows=3 width=6) (actual time=0.049..0.057 rows=2 loops=6398)
                             Join Filter: (nation_1.n_regionkey = region_1.r_regionkey)
                             Rows Removed by Join Filter: 2
                             ->  Seq Scan on region region_1  (cost=0.00..1.06 rows=1 width=4) (actual time=0.001..0.001 rows=1 loops=6398)
                                   Filter: (r_name = 'AMERICA'::bpchar)
                                   Rows Removed by Filter: 4
                             ->  Hash Join  (cost=2.29..64.95 rows=17 width=10) (actual time=0.044..0.055 rows=4 loops=6398)
                                   Hash Cond: (supplier_1.s_nationkey = nation_1.n_nationkey)
                                   ->  Nested Loop  (cost=0.72..63.33 rows=17 width=10) (actual time=0.043..0.053 rows=4 loops=6398)
                                         ->  Index Scan using idx_partsupp_partkey on partsupp partsupp_1  (cost=0.43..3.75 rows=18 width=10) (actual time=0.038..0.039 rows=4 loops=6398)
                                               Index Cond: (ps_partkey = part.p_partkey)
                                         ->  Index Scan using supplier_pkey on supplier supplier_1  (cost=0.29..3.31 rows=1 width=8) (actual time=0.003..0.003 rows=1 loops=25592)
                                               Index Cond: (s_suppkey = partsupp_1.ps_suppkey)
                                   ->  Hash  (cost=1.25..1.25 rows=25 width=8) (actual time=0.011..0.011 rows=25 loops=1)
                                         Buckets: 1024  Batches: 1  Memory Usage: 9kB
                                         ->  Seq Scan on nation nation_1  (cost=0.00..1.25 rows=25 width=8) (actual time=0.003..0.006 rows=25 loops=1)
 Planning Time: 20.082 ms
 Execution Time: 5018.862 ms
(53 rows)

SET
SET
SET
                                                                                        QUERY PLAN                                                                                         
-------------------------------------------------------------------------------------------------------------------------------------------------------------------------------------------
 Limit  (cost=1083155.18..1083155.18 rows=1 width=192) (actual time=3906.832..3906.848 rows=100 loops=1)
   ->  Sort  (cost=1083155.18..1083155.18 rows=1 width=192) (actual time=3906.831..3906.841 rows=100 loops=1)
         Sort Key: supplier.s_acctbal DESC, nation.n_name, supplier.s_name, part.p_partkey
         Sort Method: top-N heapsort  Memory: 71kB
         ->  Merge Join  (cost=550107.96..1083155.17 rows=1 width=192) (actual time=2697.927..3904.345 rows=4737 loops=1)
               Merge Cond: (part.p_partkey = partsupp.ps_partkey)
               Join Filter: (partsupp.ps_supplycost = (SubPlan 1))
               Rows Removed by Join Filter: 1661
               ->  Index Scan using part_pkey on part  (cost=0.43..89213.39 rows=8392 width=30) (actual time=0.021..474.332 rows=8046 loops=1)
                     Filter: (((p_type)::text ~~ '%NICKEL'::text) AND (p_size = 16))
                     Rows Removed by Filter: 1991954
               ->  Materialize  (cost=550107.53..557880.50 rows=1554593 width=172) (actual time=2697.812..3144.728 rows=1603828 loops=1)
                     ->  Sort  (cost=550107.53..553994.01 rows=1554593 width=172) (actual time=2697.809..2962.020 rows=1603828 loops=1)
                           Sort Key: partsupp.ps_partkey
                           Sort Method: external merge  Disk: 293512kB
                           ->  Hash Join  (cost=4048.51..304835.87 rows=1554593 width=172) (actual time=26.148..2057.615 rows=1604080 loops=1)
                                 Hash Cond: (partsupp.ps_suppkey = supplier.s_suppkey)
                                 ->  Seq Scan on partsupp  (cost=0.00..255236.13 rows=8001413 width=14) (actual time=0.032..758.504 rows=8000000 loops=1)
                                 ->  Hash  (cost=3798.51..3798.51 rows=20000 width=166) (actual time=26.101..26.104 rows=20051 loops=1)
                                       Buckets: 32768  Batches: 1  Memory Usage: 4211kB
                                       ->  Hash Join  (cost=2.51..3798.51 rows=20000 width=166) (actual time=0.026..20.925 rows=20051 loops=1)
                                             Hash Cond: (supplier.s_nationkey = nation.n_nationkey)
                                             ->  Seq Scan on supplier  (cost=0.00..3221.00 rows=100000 width=144) (actual time=0.002..5.849 rows=100000 loops=1)
                                             ->  Hash  (cost=2.45..2.45 rows=5 width=30) (actual time=0.021..0.023 rows=5 loops=1)
                                                   Buckets: 1024  Batches: 1  Memory Usage: 9kB
                                                   ->  Hash Join  (cost=1.07..2.45 rows=5 width=30) (actual time=0.015..0.021 rows=5 loops=1)
                                                         Hash Cond: (nation.n_regionkey = region.r_regionkey)
                                                         ->  Seq Scan on nation  (cost=0.00..1.25 rows=25 width=34) (actual time=0.006..0.008 rows=25 loops=1)
                                                         ->  Hash  (cost=1.06..1.06 rows=1 width=4) (actual time=0.006..0.007 rows=1 loops=1)
                                                               Buckets: 1024  Batches: 1  Memory Usage: 9kB
                                                               ->  Seq Scan on region  (cost=0.00..1.06 rows=1 width=4) (actual time=0.003..0.004 rows=1 loops=1)
                                                                     Filter: (r_name = 'AMERICA'::bpchar)
                                                                     Rows Removed by Filter: 4
               SubPlan 1
                 ->  Aggregate  (cost=66.23..66.24 rows=1 width=32) (actual time=0.017..0.017 rows=1 loops=6398)
                       ->  Nested Loop  (cost=2.29..66.22 rows=3 width=6) (actual time=0.009..0.015 rows=2 loops=6398)
                             Join Filter: (nation_1.n_regionkey = region_1.r_regionkey)
                             Rows Removed by Join Filter: 2
                             ->  Seq Scan on region region_1  (cost=0.00..1.06 rows=1 width=4) (actual time=0.001..0.001 rows=1 loops=6398)
                                   Filter: (r_name = 'AMERICA'::bpchar)
                                   Rows Removed by Filter: 4
                             ->  Hash Join  (cost=2.29..64.95 rows=17 width=10) (actual time=0.005..0.013 rows=4 loops=6398)
                                   Hash Cond: (supplier_1.s_nationkey = nation_1.n_nationkey)
                                   ->  Nested Loop  (cost=0.72..63.33 rows=17 width=10) (actual time=0.005..0.012 rows=4 loops=6398)
                                         ->  Index Scan using idx_partsupp_partkey on partsupp partsupp_1  (cost=0.43..3.75 rows=18 width=10) (actual time=0.002..0.003 rows=4 loops=6398)
                                               Index Cond: (ps_partkey = part.p_partkey)
                                         ->  Index Scan using supplier_pkey on supplier supplier_1  (cost=0.29..3.31 rows=1 width=8) (actual time=0.002..0.002 rows=1 loops=25592)
                                               Index Cond: (s_suppkey = partsupp_1.ps_suppkey)
                                   ->  Hash  (cost=1.25..1.25 rows=25 width=8) (actual time=0.011..0.012 rows=25 loops=1)
                                         Buckets: 1024  Batches: 1  Memory Usage: 9kB
                                         ->  Seq Scan on nation nation_1  (cost=0.00..1.25 rows=25 width=8) (actual time=0.003..0.006 rows=25 loops=1)
 Planning Time: 1.822 ms
 Execution Time: 3943.566 ms
(53 rows)

query 3 run 1
SET
SET
SET
                                                                                     QUERY PLAN                                                                                      
-------------------------------------------------------------------------------------------------------------------------------------------------------------------------------------
 Limit  (cost=3184528.82..3184528.84 rows=10 width=44) (actual time=25450.139..25450.155 rows=10 loops=1)
   ->  Sort  (cost=3184528.82..3192435.77 rows=3162783 width=44) (actual time=25450.137..25450.141 rows=10 loops=1)
         Sort Key: (sum((lineitem.l_extendedprice * ('1'::numeric - lineitem.l_discount)))) DESC, orders.o_orderdate
         Sort Method: top-N heapsort  Memory: 26kB
         ->  HashAggregate  (cost=3039583.56..3116182.21 rows=3162783 width=44) (actual time=25383.462..25430.304 rows=113934 loops=1)
               Group Key: lineitem.l_orderkey, orders.o_orderdate, orders.o_shippriority
               Planned Partitions: 16  Batches: 1  Memory Usage: 53265kB
               ->  Hash Join  (cost=519071.46..2873290.36 rows=3162783 width=24) (actual time=7214.911..25171.465 rows=301530 loops=1)
                     Hash Cond: (lineitem.l_orderkey = orders.o_orderkey)
                     ->  Seq Scan on lineitem  (cost=0.00..1875002.05 rows=32590406 width=16) (actual time=0.719..11285.660 rows=32534229 loops=1)
                           Filter: (l_shipdate > '1995-03-07'::date)
                           Rows Removed by Filter: 27451823
                     ->  Hash  (cost=493765.21..493765.21 rows=1455780 width=12) (actual time=7210.752..7210.754 rows=1451805 loops=1)
                           Buckets: 2097152  Batches: 2  Memory Usage: 47606kB
                           ->  Hash Join  (cost=123547.82..493765.21 rows=1455780 width=12) (actual time=1064.532..6886.355 rows=1451805 loops=1)
                                 Hash Cond: (orders.o_custkey = customer.c_custkey)
                                 ->  Bitmap Heap Scan on orders  (cost=65062.72..416371.49 rows=7203262 width=16) (actual time=543.281..4747.290 rows=7239437 loops=1)
                                       Recheck Cond: (o_orderdate < '1995-03-07'::date)
                                       Heap Blocks: exact=261268
                                       ->  Bitmap Index Scan on idx_orders_orderdate  (cost=0.00..63261.90 rows=7203262 width=0) (actual time=492.626..492.626 rows=7239437 loops=1)
                                             Index Cond: (o_orderdate < '1995-03-07'::date)
                                 ->  Hash  (cost=54695.94..54695.94 rows=303133 width=4) (actual time=520.433..520.434 rows=300276 loops=1)
                                       Buckets: 524288  Batches: 1  Memory Usage: 14653kB
                                       ->  Seq Scan on customer  (cost=0.00..54695.94 rows=303133 width=4) (actual time=0.799..466.575 rows=300276 loops=1)
                                             Filter: (c_mktsegment = 'BUILDING'::bpchar)
                                             Rows Removed by Filter: 1199724
 Planning Time: 20.144 ms
 Execution Time: 25452.193 ms
(28 rows)

SET
SET
SET
                                                                                     QUERY PLAN                                                                                      
-------------------------------------------------------------------------------------------------------------------------------------------------------------------------------------
 Limit  (cost=3184528.82..3184528.84 rows=10 width=44) (actual time=20611.429..20611.446 rows=10 loops=1)
   ->  Sort  (cost=3184528.82..3192435.77 rows=3162783 width=44) (actual time=20611.427..20611.431 rows=10 loops=1)
         Sort Key: (sum((lineitem.l_extendedprice * ('1'::numeric - lineitem.l_discount)))) DESC, orders.o_orderdate
         Sort Method: top-N heapsort  Memory: 26kB
         ->  HashAggregate  (cost=3039583.56..3116182.21 rows=3162783 width=44) (actual time=20545.194..20591.671 rows=113934 loops=1)
               Group Key: lineitem.l_orderkey, orders.o_orderdate, orders.o_shippriority
               Planned Partitions: 16  Batches: 1  Memory Usage: 53265kB
               ->  Hash Join  (cost=519071.46..2873290.36 rows=3162783 width=24) (actual time=4585.599..20342.778 rows=301530 loops=1)
                     Hash Cond: (lineitem.l_orderkey = orders.o_orderkey)
                     ->  Seq Scan on lineitem  (cost=0.00..1875002.05 rows=32590406 width=16) (actual time=0.034..9335.074 rows=32534229 loops=1)
                           Filter: (l_shipdate > '1995-03-07'::date)
                           Rows Removed by Filter: 27451823
                     ->  Hash  (cost=493765.21..493765.21 rows=1455780 width=12) (actual time=4582.704..4582.707 rows=1451805 loops=1)
                           Buckets: 2097152  Batches: 2  Memory Usage: 47606kB
                           ->  Hash Join  (cost=123547.82..493765.21 rows=1455780 width=12) (actual time=891.274..4308.039 rows=1451805 loops=1)
                                 Hash Cond: (orders.o_custkey = customer.c_custkey)
                                 ->  Bitmap Heap Scan on orders  (cost=65062.72..416371.49 rows=7203262 width=16) (actual time=512.738..2407.158 rows=7239437 loops=1)
                                       Recheck Cond: (o_orderdate < '1995-03-07'::date)
                                       Heap Blocks: exact=261268
                                       ->  Bitmap Index Scan on idx_orders_orderdate  (cost=0.00..63261.90 rows=7203262 width=0) (actual time=462.544..462.544 rows=7239437 loops=1)
                                             Index Cond: (o_orderdate < '1995-03-07'::date)
                                 ->  Hash  (cost=54695.94..54695.94 rows=303133 width=4) (actual time=377.751..377.752 rows=300276 loops=1)
                                       Buckets: 524288  Batches: 1  Memory Usage: 14653kB
                                       ->  Seq Scan on customer  (cost=0.00..54695.94 rows=303133 width=4) (actual time=0.031..326.715 rows=300276 loops=1)
                                             Filter: (c_mktsegment = 'BUILDING'::bpchar)
                                             Rows Removed by Filter: 1199724
 Planning Time: 1.740 ms
 Execution Time: 20612.830 ms
(28 rows)

query 4 run 1
SET
SET
SET
                                                                             QUERY PLAN                                                                             
--------------------------------------------------------------------------------------------------------------------------------------------------------------------
 Limit  (cost=2030647.84..2030647.85 rows=1 width=24) (actual time=18886.905..18886.907 rows=1 loops=1)
   ->  Sort  (cost=2030647.84..2030647.86 rows=5 width=24) (actual time=18886.904..18886.905 rows=1 loops=1)
         Sort Key: orders.o_orderpriority
         Sort Method: top-N heapsort  Memory: 25kB
         ->  HashAggregate  (cost=2030647.77..2030647.82 rows=5 width=24) (actual time=18886.137..18886.139 rows=5 loops=1)
               Group Key: orders.o_orderpriority
               Batches: 1  Memory Usage: 24kB
               ->  Nested Loop Semi Join  (cost=6345.18..2027898.35 rows=549883 width=16) (actual time=110.611..18584.728 rows=513822 loops=1)
                     ->  Bitmap Heap Scan on orders  (cost=6344.62..275862.89 rows=550018 width=20) (actual time=110.185..5061.436 rows=560424 loops=1)
                           Recheck Cond: ((o_orderdate >= '1993-12-01'::date) AND (o_orderdate < '1994-03-01'::date))
                           Heap Blocks: exact=231887
                           ->  Bitmap Index Scan on idx_orders_orderdate  (cost=0.00..6207.12 rows=550018 width=0) (actual time=64.923..64.924 rows=560424 loops=1)
                                 Index Cond: ((o_orderdate >= '1993-12-01'::date) AND (o_orderdate < '1994-03-01'::date))
                     ->  Index Scan using idx_lineitem_orderkey on lineitem  (cost=0.56..3.61 rows=1 width=4) (actual time=0.023..0.023 rows=1 loops=560424)
                           Index Cond: (l_orderkey = orders.o_orderkey)
                           Filter: (l_commitdate < l_receiptdate)
                           Rows Removed by Filter: 1
 Planning Time: 15.576 ms
 Execution Time: 18887.614 ms
(19 rows)

SET
SET
SET
                                                                             QUERY PLAN                                                                             
--------------------------------------------------------------------------------------------------------------------------------------------------------------------
 Limit  (cost=2030647.84..2030647.85 rows=1 width=24) (actual time=4561.963..4561.965 rows=1 loops=1)
   ->  Sort  (cost=2030647.84..2030647.86 rows=5 width=24) (actual time=4561.962..4561.963 rows=1 loops=1)
         Sort Key: orders.o_orderpriority
         Sort Method: top-N heapsort  Memory: 25kB
         ->  HashAggregate  (cost=2030647.77..2030647.82 rows=5 width=24) (actual time=4561.707..4561.709 rows=5 loops=1)
               Group Key: orders.o_orderpriority
               Batches: 1  Memory Usage: 24kB
               ->  Nested Loop Semi Join  (cost=6345.18..2027898.35 rows=549883 width=16) (actual time=109.400..4353.429 rows=513822 loops=1)
                     ->  Bitmap Heap Scan on orders  (cost=6344.62..275862.89 rows=550018 width=20) (actual time=109.370..1206.994 rows=560424 loops=1)
                           Recheck Cond: ((o_orderdate >= '1993-12-01'::date) AND (o_orderdate < '1994-03-01'::date))
                           Heap Blocks: exact=231887
                           ->  Bitmap Index Scan on idx_orders_orderdate  (cost=0.00..6207.12 rows=550018 width=0) (actual time=64.408..64.409 rows=560424 loops=1)
                                 Index Cond: ((o_orderdate >= '1993-12-01'::date) AND (o_orderdate < '1994-03-01'::date))
                     ->  Index Scan using idx_lineitem_orderkey on lineitem  (cost=0.56..3.61 rows=1 width=4) (actual time=0.005..0.005 rows=1 loops=560424)
                           Index Cond: (l_orderkey = orders.o_orderkey)
                           Filter: (l_commitdate < l_receiptdate)
                           Rows Removed by Filter: 1
 Planning Time: 1.374 ms
 Execution Time: 4562.097 ms
(19 rows)

query 5 run 1
SET
SET
SET
                                                                                        QUERY PLAN                                                                                         
-------------------------------------------------------------------------------------------------------------------------------------------------------------------------------------------
 Limit  (cost=2078547.05..2078547.05 rows=1 width=58) (actual time=22333.001..22333.008 rows=1 loops=1)
   ->  Sort  (cost=2078547.05..2078547.11 rows=25 width=58) (actual time=22333.000..22333.006 rows=1 loops=1)
         Sort Key: (sum((lineitem.l_extendedprice * ('1'::numeric - lineitem.l_discount)))) DESC
         Sort Method: top-N heapsort  Memory: 25kB
         ->  GroupAggregate  (cost=2077639.97..2078546.92 rows=25 width=58) (actual time=22306.540..22332.988 rows=5 loops=1)
               Group Key: nation.n_name
               ->  Sort  (cost=2077639.97..2077821.30 rows=72531 width=38) (actual time=22299.894..22303.085 rows=72033 loops=1)
                     Sort Key: nation.n_name
                     Sort Method: quicksort  Memory: 8700kB
                     ->  Hash Join  (cost=94313.19..2071784.43 rows=72531 width=38) (actual time=893.470..22250.351 rows=72033 loops=1)
                           Hash Cond: ((lineitem.l_suppkey = supplier.s_suppkey) AND (customer.c_nationkey = supplier.s_nationkey))
                           ->  Nested Loop  (cost=89592.19..2057499.51 rows=1821698 width=50) (actual time=841.990..21762.551 rows=1815327 loops=1)
                                 ->  Hash Join  (cost=89591.62..398121.50 rows=455536 width=38) (actual time=841.468..6939.670 rows=453399 loops=1)
                                       Hash Cond: (orders.o_custkey = customer.c_custkey)
                                       ->  Bitmap Heap Scan on orders  (cost=26268.67..321701.88 rows=2277681 width=8) (actual time=225.612..5626.629 rows=2276638 loops=1)
                                             Recheck Cond: ((o_orderdate >= '1993-01-01'::date) AND (o_orderdate < '1994-01-01'::date))
                                             Heap Blocks: exact=261246
                                             ->  Bitmap Index Scan on idx_orders_orderdate  (cost=0.00..25699.25 rows=2277681 width=0) (actual time=174.603..174.603 rows=2276638 loops=1)
                                                   Index Cond: ((o_orderdate >= '1993-01-01'::date) AND (o_orderdate < '1994-01-01'::date))
                                       ->  Hash  (cost=59573.17..59573.17 rows=299983 width=38) (actual time=615.399..615.402 rows=299436 loops=1)
                                             Buckets: 524288  Batches: 1  Memory Usage: 25151kB
                                             ->  Hash Join  (cost=2.51..59573.17 rows=299983 width=38) (actual time=0.999..549.730 rows=299436 loops=1)
                                                   Hash Cond: (customer.c_nationkey = nation.n_nationkey)
                                                   ->  Seq Scan on customer  (cost=0.00..50946.15 rows=1499915 width=8) (actual time=0.532..377.469 rows=1500000 loops=1)
                                                   ->  Hash  (cost=2.45..2.45 rows=5 width=30) (actual time=0.455..0.457 rows=5 loops=1)
                                                         Buckets: 1024  Batches: 1  Memory Usage: 9kB
                                                         ->  Hash Join  (cost=1.07..2.45 rows=5 width=30) (actual time=0.443..0.453 rows=5 loops=1)
                                                               Hash Cond: (nation.n_regionkey = region.r_regionkey)
                                                               ->  Seq Scan on nation  (cost=0.00..1.25 rows=25 width=34) (actual time=0.209..0.213 rows=25 loops=1)
                                                               ->  Hash  (cost=1.06..1.06 rows=1 width=4) (actual time=0.223..0.224 rows=1 loops=1)
                                                                     Buckets: 1024  Batches: 1  Memory Usage: 9kB
                                                                     ->  Seq Scan on region  (cost=0.00..1.06 rows=1 width=4) (actual time=0.215..0.218 rows=1 loops=1)
                                                                           Filter: (r_name = 'AMERICA'::bpchar)
                                                                           Rows Removed by Filter: 4
                                 ->  Index Scan using idx_lineitem_orderkey on lineitem  (cost=0.56..3.60 rows=4 width=20) (actual time=0.029..0.031 rows=4 loops=453399)
                                       Index Cond: (l_orderkey = orders.o_orderkey)
                           ->  Hash  (cost=3221.00..3221.00 rows=100000 width=8) (actual time=44.847..44.847 rows=100000 loops=1)
                                 Buckets: 131072  Batches: 1  Memory Usage: 4931kB
                                 ->  Seq Scan on supplier  (cost=0.00..3221.00 rows=100000 width=8) (actual time=0.282..29.143 rows=100000 loops=1)
 Planning Time: 26.284 ms
 Execution Time: 22333.523 ms
(41 rows)

SET
SET
SET
                                                                                        QUERY PLAN                                                                                         
-------------------------------------------------------------------------------------------------------------------------------------------------------------------------------------------
 Limit  (cost=2078547.05..2078547.05 rows=1 width=58) (actual time=6171.687..6171.693 rows=1 loops=1)
   ->  Sort  (cost=2078547.05..2078547.11 rows=25 width=58) (actual time=6171.685..6171.691 rows=1 loops=1)
         Sort Key: (sum((lineitem.l_extendedprice * ('1'::numeric - lineitem.l_discount)))) DESC
         Sort Method: top-N heapsort  Memory: 25kB
         ->  GroupAggregate  (cost=2077639.97..2078546.92 rows=25 width=58) (actual time=6144.916..6171.671 rows=5 loops=1)
               Group Key: nation.n_name
               ->  Sort  (cost=2077639.97..2077821.30 rows=72531 width=38) (actual time=6138.150..6141.600 rows=72033 loops=1)
                     Sort Key: nation.n_name
                     Sort Method: quicksort  Memory: 8700kB
                     ->  Hash Join  (cost=94313.19..2071784.43 rows=72531 width=38) (actual time=734.551..6099.519 rows=72033 loops=1)
                           Hash Cond: ((lineitem.l_suppkey = supplier.s_suppkey) AND (customer.c_nationkey = supplier.s_nationkey))
                           ->  Nested Loop  (cost=89592.19..2057499.51 rows=1821698 width=50) (actual time=695.181..5664.401 rows=1815327 loops=1)
                                 ->  Hash Join  (cost=89591.62..398121.50 rows=455536 width=38) (actual time=695.158..2620.161 rows=453399 loops=1)
                                       Hash Cond: (orders.o_custkey = customer.c_custkey)
                                       ->  Bitmap Heap Scan on orders  (cost=26268.67..321701.88 rows=2277681 width=8) (actual time=214.179..1548.556 rows=2276638 loops=1)
                                             Recheck Cond: ((o_orderdate >= '1993-01-01'::date) AND (o_orderdate < '1994-01-01'::date))
                                             Heap Blocks: exact=261246
                                             ->  Bitmap Index Scan on idx_orders_orderdate  (cost=0.00..25699.25 rows=2277681 width=0) (actual time=163.893..163.893 rows=2276638 loops=1)
                                                   Index Cond: ((o_orderdate >= '1993-01-01'::date) AND (o_orderdate < '1994-01-01'::date))
                                       ->  Hash  (cost=59573.17..59573.17 rows=299983 width=38) (actual time=480.617..480.620 rows=299436 loops=1)
                                             Buckets: 524288  Batches: 1  Memory Usage: 25151kB
                                             ->  Hash Join  (cost=2.51..59573.17 rows=299983 width=38) (actual time=0.060..418.381 rows=299436 loops=1)
                                                   Hash Cond: (customer.c_nationkey = nation.n_nationkey)
                                                   ->  Seq Scan on customer  (cost=0.00..50946.15 rows=1499915 width=8) (actual time=0.020..252.939 rows=1500000 loops=1)
                                                   ->  Hash  (cost=2.45..2.45 rows=5 width=30) (actual time=0.034..0.036 rows=5 loops=1)
                                                         Buckets: 1024  Batches: 1  Memory Usage: 9kB
                                                         ->  Hash Join  (cost=1.07..2.45 rows=5 width=30) (actual time=0.029..0.034 rows=5 loops=1)
                                                               Hash Cond: (nation.n_regionkey = region.r_regionkey)
                                                               ->  Seq Scan on nation  (cost=0.00..1.25 rows=25 width=34) (actual time=0.008..0.009 rows=25 loops=1)
                                                               ->  Hash  (cost=1.06..1.06 rows=1 width=4) (actual time=0.016..0.017 rows=1 loops=1)
                                                                     Buckets: 1024  Batches: 1  Memory Usage: 9kB
                                                                     ->  Seq Scan on region  (cost=0.00..1.06 rows=1 width=4) (actual time=0.012..0.013 rows=1 loops=1)
                                                                           Filter: (r_name = 'AMERICA'::bpchar)
                                                                           Rows Removed by Filter: 4
                                 ->  Index Scan using idx_lineitem_orderkey on lineitem  (cost=0.56..3.60 rows=4 width=20) (actual time=0.005..0.006 rows=4 loops=453399)
                                       Index Cond: (l_orderkey = orders.o_orderkey)
                           ->  Hash  (cost=3221.00..3221.00 rows=100000 width=8) (actual time=38.874..38.875 rows=100000 loops=1)
                                 Buckets: 131072  Batches: 1  Memory Usage: 4931kB
                                 ->  Seq Scan on supplier  (cost=0.00..3221.00 rows=100000 width=8) (actual time=0.016..21.591 rows=100000 loops=1)
 Planning Time: 4.297 ms
 Execution Time: 6171.889 ms
(41 rows)

query 6 run 1
SET
SET
SET
                                                                                                       QUERY PLAN                                                                                                        
-------------------------------------------------------------------------------------------------------------------------------------------------------------------------------------------------------------------------
 Limit  (cost=1967264.42..1967264.43 rows=1 width=32) (actual time=96887.869..96887.870 rows=1 loops=1)
   ->  Aggregate  (cost=1967264.42..1967264.43 rows=1 width=32) (actual time=96887.867..96887.868 rows=1 loops=1)
         ->  Index Scan using idx_lineitem_shipdate on lineitem  (cost=0.56..1961400.62 rows=1172758 width=12) (actual time=1.164..95533.139 rows=1194558 loops=1)
               Index Cond: ((l_shipdate >= '1993-01-01'::date) AND (l_shipdate < '1994-01-01 00:00:00'::timestamp without time zone) AND (l_discount >= 0.06) AND (l_discount <= 0.08) AND (l_quantity < '25'::numeric))
 Planning Time: 11.469 ms
 Execution Time: 96889.165 ms
(6 rows)

SET
SET
SET
                                                                                                       QUERY PLAN                                                                                                        
-------------------------------------------------------------------------------------------------------------------------------------------------------------------------------------------------------------------------
 Limit  (cost=1967264.42..1967264.43 rows=1 width=32) (actual time=4326.045..4326.046 rows=1 loops=1)
   ->  Aggregate  (cost=1967264.42..1967264.43 rows=1 width=32) (actual time=4326.044..4326.044 rows=1 loops=1)
         ->  Index Scan using idx_lineitem_shipdate on lineitem  (cost=0.56..1961400.62 rows=1172758 width=12) (actual time=0.050..3912.460 rows=1194558 loops=1)
               Index Cond: ((l_shipdate >= '1993-01-01'::date) AND (l_shipdate < '1994-01-01 00:00:00'::timestamp without time zone) AND (l_discount >= 0.06) AND (l_discount <= 0.08) AND (l_quantity < '25'::numeric))
 Planning Time: 0.754 ms
 Execution Time: 4326.092 ms
(6 rows)

query 7 run 1
SET
SET
SET
                                                                                 QUERY PLAN                                                                                  
-----------------------------------------------------------------------------------------------------------------------------------------------------------------------------
 Limit  (cost=2719281.18..2719281.30 rows=1 width=116) (actual time=18964.958..18964.964 rows=1 loops=1)
   ->  GroupAggregate  (cost=2719281.18..2720502.97 rows=10068 width=116) (actual time=18964.957..18964.962 rows=1 loops=1)
         Group Key: n1.n_name, n2.n_name, (EXTRACT(year FROM lineitem.l_shipdate))
         ->  Sort  (cost=2719281.18..2719434.14 rows=61187 width=96) (actual time=18956.056..18956.774 rows=14421 loops=1)
               Sort Key: n1.n_name, n2.n_name, (EXTRACT(year FROM lineitem.l_shipdate))
               Sort Method: quicksort  Memory: 7858kB
               ->  Hash Join  (cost=563416.95..2714416.52 rows=61187 width=96) (actual time=5185.501..18920.608 rows=57794 loops=1)
                     Hash Cond: (lineitem.l_orderkey = orders.o_orderkey)
                     Join Filter: (((n1.n_name = 'PERU'::bpchar) AND (n2.n_name = 'MOROCCO'::bpchar)) OR ((n1.n_name = 'MOROCCO'::bpchar) AND (n2.n_name = 'PERU'::bpchar)))
                     Rows Removed by Join Filter: 58158
                     ->  Hash Join  (cost=3629.40..2112559.98 rows=1470285 width=46) (actual time=37.123..13080.367 rows=1455694 loops=1)
                           Hash Cond: (lineitem.l_suppkey = supplier.s_suppkey)
                           ->  Seq Scan on lineitem  (cost=0.00..2024973.86 rows=18467698 width=24) (actual time=0.575..10789.729 rows=18230325 loops=1)
                                 Filter: ((l_shipdate >= '1995-01-01'::date) AND (l_shipdate <= '1996-12-31'::date))
                                 Rows Removed by Filter: 41755727
                           ->  Hash  (cost=3529.40..3529.40 rows=8000 width=30) (actual time=36.531..36.533 rows=7981 loops=1)
                                 Buckets: 8192  Batches: 1  Memory Usage: 548kB
                                 ->  Hash Join  (cost=1.40..3529.40 rows=8000 width=30) (actual time=0.604..35.022 rows=7981 loops=1)
                                       Hash Cond: (supplier.s_nationkey = n1.n_nationkey)
                                       ->  Seq Scan on supplier  (cost=0.00..3221.00 rows=100000 width=8) (actual time=0.347..24.886 rows=100000 loops=1)
                                       ->  Hash  (cost=1.38..1.38 rows=2 width=30) (actual time=0.246..0.247 rows=2 loops=1)
                                             Buckets: 1024  Batches: 1  Memory Usage: 9kB
                                             ->  Seq Scan on nation n1  (cost=0.00..1.38 rows=2 width=30) (actual time=0.236..0.241 rows=2 loops=1)
                                                   Filter: ((n_name = 'PERU'::bpchar) OR (n_name = 'MOROCCO'::bpchar))
                                                   Rows Removed by Filter: 23
                     ->  Hash  (cost=536582.69..536582.69 rows=1200069 width=30) (actual time=5144.149..5144.152 rows=1191175 loops=1)
                           Buckets: 1048576  Batches: 2  Memory Usage: 44259kB
                           ->  Hash Join  (cost=57052.21..536582.69 rows=1200069 width=30) (actual time=544.571..4875.822 rows=1191175 loops=1)
                                 Hash Cond: (orders.o_custkey = customer.c_custkey)
                                 ->  Seq Scan on orders  (cost=0.00..411276.59 rows=15000859 width=8) (actual time=0.479..1691.898 rows=15000000 loops=1)
                                 ->  Hash  (cost=55552.29..55552.29 rows=119993 width=30) (actual time=543.956..543.958 rows=119622 loops=1)
                                       Buckets: 131072  Batches: 1  Memory Usage: 8267kB
                                       ->  Hash Join  (cost=1.40..55552.29 rows=119993 width=30) (actual time=0.463..517.144 rows=119622 loops=1)
                                             Hash Cond: (customer.c_nationkey = n2.n_nationkey)
                                             ->  Seq Scan on customer  (cost=0.00..50946.15 rows=1499915 width=8) (actual time=0.427..368.808 rows=1500000 loops=1)
                                             ->  Hash  (cost=1.38..1.38 rows=2 width=30) (actual time=0.026..0.027 rows=2 loops=1)
                                                   Buckets: 1024  Batches: 1  Memory Usage: 9kB
                                                   ->  Seq Scan on nation n2  (cost=0.00..1.38 rows=2 width=30) (actual time=0.017..0.021 rows=2 loops=1)
                                                         Filter: ((n_name = 'MOROCCO'::bpchar) OR (n_name = 'PERU'::bpchar))
                                                         Rows Removed by Filter: 23
 Planning Time: 21.261 ms
 Execution Time: 18965.732 ms
(42 rows)

SET
SET
SET
                                                                                 QUERY PLAN                                                                                  
-----------------------------------------------------------------------------------------------------------------------------------------------------------------------------
 Limit  (cost=2719281.18..2719281.30 rows=1 width=116) (actual time=15450.382..15450.388 rows=1 loops=1)
   ->  GroupAggregate  (cost=2719281.18..2720502.97 rows=10068 width=116) (actual time=15450.380..15450.386 rows=1 loops=1)
         Group Key: n1.n_name, n2.n_name, (EXTRACT(year FROM lineitem.l_shipdate))
         ->  Sort  (cost=2719281.18..2719434.14 rows=61187 width=96) (actual time=15441.466..15442.174 rows=14421 loops=1)
               Sort Key: n1.n_name, n2.n_name, (EXTRACT(year FROM lineitem.l_shipdate))
               Sort Method: quicksort  Memory: 7858kB
               ->  Hash Join  (cost=563416.95..2714416.52 rows=61187 width=96) (actual time=4227.189..15408.517 rows=57794 loops=1)
                     Hash Cond: (lineitem.l_orderkey = orders.o_orderkey)
                     Join Filter: (((n1.n_name = 'PERU'::bpchar) AND (n2.n_name = 'MOROCCO'::bpchar)) OR ((n1.n_name = 'MOROCCO'::bpchar) AND (n2.n_name = 'PERU'::bpchar)))
                     Rows Removed by Join Filter: 58158
                     ->  Hash Join  (cost=3629.40..2112559.98 rows=1470285 width=46) (actual time=19.769..10560.865 rows=1455694 loops=1)
                           Hash Cond: (lineitem.l_suppkey = supplier.s_suppkey)
                           ->  Seq Scan on lineitem  (cost=0.00..2024973.86 rows=18467698 width=24) (actual time=0.035..8724.281 rows=18230325 loops=1)
                                 Filter: ((l_shipdate >= '1995-01-01'::date) AND (l_shipdate <= '1996-12-31'::date))
                                 Rows Removed by Filter: 41755727
                           ->  Hash  (cost=3529.40..3529.40 rows=8000 width=30) (actual time=19.725..19.727 rows=7981 loops=1)
                                 Buckets: 8192  Batches: 1  Memory Usage: 548kB
                                 ->  Hash Join  (cost=1.40..3529.40 rows=8000 width=30) (actual time=0.019..18.632 rows=7981 loops=1)
                                       Hash Cond: (supplier.s_nationkey = n1.n_nationkey)
                                       ->  Seq Scan on supplier  (cost=0.00..3221.00 rows=100000 width=8) (actual time=0.006..5.703 rows=100000 loops=1)
                                       ->  Hash  (cost=1.38..1.38 rows=2 width=30) (actual time=0.010..0.010 rows=2 loops=1)
                                             Buckets: 1024  Batches: 1  Memory Usage: 9kB
                                             ->  Seq Scan on nation n1  (cost=0.00..1.38 rows=2 width=30) (actual time=0.005..0.007 rows=2 loops=1)
                                                   Filter: ((n_name = 'PERU'::bpchar) OR (n_name = 'MOROCCO'::bpchar))
                                                   Rows Removed by Filter: 23
                     ->  Hash  (cost=536582.69..536582.69 rows=1200069 width=30) (actual time=4205.082..4205.084 rows=1191175 loops=1)
                           Buckets: 1048576  Batches: 2  Memory Usage: 44259kB
                           ->  Hash Join  (cost=57052.21..536582.69 rows=1200069 width=30) (actual time=299.795..3953.049 rows=1191175 loops=1)
                                 Hash Cond: (orders.o_custkey = customer.c_custkey)
                                 ->  Seq Scan on orders  (cost=0.00..411276.59 rows=15000859 width=8) (actual time=0.032..1245.883 rows=15000000 loops=1)
                                 ->  Hash  (cost=55552.29..55552.29 rows=119993 width=30) (actual time=299.650..299.651 rows=119622 loops=1)
                                       Buckets: 131072  Batches: 1  Memory Usage: 8267kB
                                       ->  Hash Join  (cost=1.40..55552.29 rows=119993 width=30) (actual time=0.025..278.622 rows=119622 loops=1)
                                             Hash Cond: (customer.c_nationkey = n2.n_nationkey)
                                             ->  Seq Scan on customer  (cost=0.00..50946.15 rows=1499915 width=8) (actual time=0.003..84.926 rows=1500000 loops=1)
                                             ->  Hash  (cost=1.38..1.38 rows=2 width=30) (actual time=0.012..0.013 rows=2 loops=1)
                                                   Buckets: 1024  Batches: 1  Memory Usage: 9kB
                                                   ->  Seq Scan on nation n2  (cost=0.00..1.38 rows=2 width=30) (actual time=0.008..0.010 rows=2 loops=1)
                                                         Filter: ((n_name = 'MOROCCO'::bpchar) OR (n_name = 'PERU'::bpchar))
                                                         Rows Removed by Filter: 23
 Planning Time: 2.502 ms
 Execution Time: 15450.860 ms
(42 rows)

query 8 run 1
SET
SET
SET
                                                                                          QUERY PLAN                                                                                           
-----------------------------------------------------------------------------------------------------------------------------------------------------------------------------------------------
 Limit  (cost=1193099.49..1193099.73 rows=1 width=64) (actual time=60686.722..60686.737 rows=1 loops=1)
   ->  GroupAggregate  (cost=1193099.49..1193694.24 rows=2406 width=64) (actual time=60686.720..60686.726 rows=1 loops=1)
         Group Key: (EXTRACT(year FROM orders.o_orderdate))
         ->  Sort  (cost=1193099.49..1193160.22 rows=24295 width=70) (actual time=60680.519..60680.995 rows=11818 loops=1)
               Sort Key: (EXTRACT(year FROM orders.o_orderdate))
               Sort Method: quicksort  Memory: 2817kB
               ->  Nested Loop  (cost=841456.24..1191329.79 rows=24295 width=70) (actual time=55200.636..60663.533 rows=23842 loops=1)
                     ->  Hash Join  (cost=841456.09..1190652.32 rows=24295 width=20) (actual time=55200.617..60626.247 rows=23842 loops=1)
                           Hash Cond: (lineitem.l_suppkey = supplier.s_suppkey)
                           ->  Hash Join  (cost=836985.09..1186117.24 rows=24413 width=20) (actual time=55156.061..60570.712 rows=23842 loops=1)
                                 Hash Cond: (orders.o_custkey = customer.c_custkey)
                                 ->  Hash Join  (cost=773662.13..1122092.41 rows=122064 width=24) (actual time=54561.173..59945.294 rows=118593 loops=1)
                                       Hash Cond: (orders.o_orderkey = lineitem.l_orderkey)
                                       ->  Bitmap Heap Scan on orders  (cost=52860.36..382881.67 rows=4583554 width=12) (actual time=373.350..4809.814 rows=4557513 loops=1)
                                             Recheck Cond: ((o_orderdate >= '1995-01-01'::date) AND (o_orderdate <= '1996-12-31'::date))
                                             Heap Blocks: exact=261268
                                             ->  Bitmap Index Scan on idx_orders_orderdate  (cost=0.00..51714.47 rows=4583554 width=0) (actual time=322.010..322.010 rows=4557513 loops=1)
                                                   Index Cond: ((o_orderdate >= '1995-01-01'::date) AND (o_orderdate <= '1996-12-31'::date))
                                       ->  Hash  (cost=715808.21..715808.21 rows=399485 width=20) (actual time=54187.499..54187.500 rows=389521 loops=1)
                                             Buckets: 524288  Batches: 1  Memory Usage: 25019kB
                                             ->  Nested Loop  (cost=0.44..715808.21 rows=399485 width=20) (actual time=2.185..53778.243 rows=389521 loops=1)
                                                   ->  Seq Scan on part  (cost=0.00..65981.60 rows=13319 width=4) (actual time=1.518..576.373 rows=13011 loops=1)
                                                         Filter: ((p_type)::text = 'LARGE POLISHED BRASS'::text)
                                                         Rows Removed by Filter: 1986989
                                                   ->  Index Scan using idx_lineitem_part_supp on lineitem  (cost=0.44..48.48 rows=31 width=24) (actual time=0.256..4.068 rows=30 loops=13011)
                                                         Index Cond: (l_partkey = part.p_partkey)
                                 ->  Hash  (cost=59573.17..59573.17 rows=299983 width=4) (actual time=594.288..594.290 rows=299436 loops=1)
                                       Buckets: 524288  Batches: 1  Memory Usage: 14624kB
                                       ->  Hash Join  (cost=2.51..59573.17 rows=299983 width=4) (actual time=1.100..542.179 rows=299436 loops=1)
                                             Hash Cond: (customer.c_nationkey = n1.n_nationkey)
                                             ->  Seq Scan on customer  (cost=0.00..50946.15 rows=1499915 width=8) (actual time=0.652..375.647 rows=1500000 loops=1)
                                             ->  Hash  (cost=2.45..2.45 rows=5 width=4) (actual time=0.437..0.438 rows=5 loops=1)
                                                   Buckets: 1024  Batches: 1  Memory Usage: 9kB
                                                   ->  Hash Join  (cost=1.07..2.45 rows=5 width=4) (actual time=0.427..0.436 rows=5 loops=1)
                                                         Hash Cond: (n1.n_regionkey = region.r_regionkey)
                                                         ->  Seq Scan on nation n1  (cost=0.00..1.25 rows=25 width=8) (actual time=0.204..0.207 rows=25 loops=1)
                                                         ->  Hash  (cost=1.06..1.06 rows=1 width=4) (actual time=0.213..0.214 rows=1 loops=1)
                                                               Buckets: 1024  Batches: 1  Memory Usage: 9kB
                                                               ->  Seq Scan on region  (cost=0.00..1.06 rows=1 width=4) (actual time=0.208..0.210 rows=1 loops=1)
                                                                     Filter: (r_name = 'AMERICA'::bpchar)
                                                                     Rows Removed by Filter: 4
                           ->  Hash  (cost=3221.00..3221.00 rows=100000 width=8) (actual time=44.514..44.514 rows=100000 loops=1)
                                 Buckets: 131072  Batches: 1  Memory Usage: 4931kB
                                 ->  Seq Scan on supplier  (cost=0.00..3221.00 rows=100000 width=8) (actual time=0.286..29.500 rows=100000 loops=1)
                     ->  Memoize  (cost=0.15..0.92 rows=1 width=30) (actual time=0.000..0.000 rows=1 loops=23842)
                           Cache Key: supplier.s_nationkey
                           Cache Mode: logical
                           Hits: 23817  Misses: 25  Evictions: 0  Overflows: 0  Memory Usage: 4kB
                           ->  Index Scan using nation_pkey on nation n2  (cost=0.14..0.91 rows=1 width=30) (actual time=0.003..0.003 rows=1 loops=25)
                                 Index Cond: (n_nationkey = supplier.s_nationkey)
 Planning Time: 28.001 ms
 Execution Time: 60687.708 ms
(52 rows)

SET
SET
SET
                                                                                          QUERY PLAN                                                                                           
-----------------------------------------------------------------------------------------------------------------------------------------------------------------------------------------------
 Limit  (cost=1193099.49..1193099.73 rows=1 width=64) (actual time=5037.501..5037.519 rows=1 loops=1)
   ->  GroupAggregate  (cost=1193099.49..1193694.24 rows=2406 width=64) (actual time=5037.500..5037.507 rows=1 loops=1)
         Group Key: (EXTRACT(year FROM orders.o_orderdate))
         ->  Sort  (cost=1193099.49..1193160.22 rows=24295 width=70) (actual time=5031.237..5031.725 rows=11818 loops=1)
               Sort Key: (EXTRACT(year FROM orders.o_orderdate))
               Sort Method: quicksort  Memory: 2817kB
               ->  Nested Loop  (cost=841456.24..1191329.79 rows=24295 width=70) (actual time=2836.222..5020.083 rows=23842 loops=1)
                     ->  Hash Join  (cost=841456.09..1190652.32 rows=24295 width=20) (actual time=2836.207..4996.438 rows=23842 loops=1)
                           Hash Cond: (lineitem.l_suppkey = supplier.s_suppkey)
                           ->  Hash Join  (cost=836985.09..1186117.24 rows=24413 width=20) (actual time=2798.716..4949.366 rows=23842 loops=1)
                                 Hash Cond: (orders.o_custkey = customer.c_custkey)
                                 ->  Hash Join  (cost=773662.13..1122092.41 rows=122064 width=24) (actual time=2345.671..4468.092 rows=118593 loops=1)
                                       Hash Cond: (orders.o_orderkey = lineitem.l_orderkey)
                                       ->  Bitmap Heap Scan on orders  (cost=52860.36..382881.67 rows=4583554 width=12) (actual time=352.905..1606.585 rows=4557513 loops=1)
                                             Recheck Cond: ((o_orderdate >= '1995-01-01'::date) AND (o_orderdate <= '1996-12-31'::date))
                                             Heap Blocks: exact=261268
                                             ->  Bitmap Index Scan on idx_orders_orderdate  (cost=0.00..51714.47 rows=4583554 width=0) (actual time=302.102..302.102 rows=4557513 loops=1)
                                                   Index Cond: ((o_orderdate >= '1995-01-01'::date) AND (o_orderdate <= '1996-12-31'::date))
                                       ->  Hash  (cost=715808.21..715808.21 rows=399485 width=20) (actual time=1992.458..1992.460 rows=389521 loops=1)
                                             Buckets: 524288  Batches: 1  Memory Usage: 25019kB
                                             ->  Nested Loop  (cost=0.44..715808.21 rows=399485 width=20) (actual time=0.101..1875.434 rows=389521 loops=1)
                                                   ->  Seq Scan on part  (cost=0.00..65981.60 rows=13319 width=4) (actual time=0.072..310.781 rows=13011 loops=1)
                                                         Filter: ((p_type)::text = 'LARGE POLISHED BRASS'::text)
                                                         Rows Removed by Filter: 1986989
                                                   ->  Index Scan using idx_lineitem_part_supp on lineitem  (cost=0.44..48.48 rows=31 width=24) (actual time=0.009..0.114 rows=30 loops=13011)
                                                         Index Cond: (l_partkey = part.p_partkey)
                                 ->  Hash  (cost=59573.17..59573.17 rows=299983 width=4) (actual time=452.377..452.379 rows=299436 loops=1)
                                       Buckets: 524288  Batches: 1  Memory Usage: 14624kB
                                       ->  Hash Join  (cost=2.51..59573.17 rows=299983 width=4) (actual time=0.068..403.137 rows=299436 loops=1)
                                             Hash Cond: (customer.c_nationkey = n1.n_nationkey)
                                             ->  Seq Scan on customer  (cost=0.00..50946.15 rows=1499915 width=8) (actual time=0.023..244.204 rows=1500000 loops=1)
                                             ->  Hash  (cost=2.45..2.45 rows=5 width=4) (actual time=0.038..0.039 rows=5 loops=1)
                                                   Buckets: 1024  Batches: 1  Memory Usage: 9kB
                                                   ->  Hash Join  (cost=1.07..2.45 rows=5 width=4) (actual time=0.033..0.038 rows=5 loops=1)
                                                         Hash Cond: (n1.n_regionkey = region.r_regionkey)
                                                         ->  Seq Scan on nation n1  (cost=0.00..1.25 rows=25 width=8) (actual time=0.012..0.014 rows=25 loops=1)
                                                         ->  Hash  (cost=1.06..1.06 rows=1 width=4) (actual time=0.017..0.017 rows=1 loops=1)
                                                               Buckets: 1024  Batches: 1  Memory Usage: 9kB
                                                               ->  Seq Scan on region  (cost=0.00..1.06 rows=1 width=4) (actual time=0.014..0.015 rows=1 loops=1)
                                                                     Filter: (r_name = 'AMERICA'::bpchar)
                                                                     Rows Removed by Filter: 4
                           ->  Hash  (cost=3221.00..3221.00 rows=100000 width=8) (actual time=37.449..37.449 rows=100000 loops=1)
                                 Buckets: 131072  Batches: 1  Memory Usage: 4931kB
                                 ->  Seq Scan on supplier  (cost=0.00..3221.00 rows=100000 width=8) (actual time=0.022..21.279 rows=100000 loops=1)
                     ->  Memoize  (cost=0.15..0.92 rows=1 width=30) (actual time=0.000..0.000 rows=1 loops=23842)
                           Cache Key: supplier.s_nationkey
                           Cache Mode: logical
                           Hits: 23817  Misses: 25  Evictions: 0  Overflows: 0  Memory Usage: 4kB
                           ->  Index Scan using nation_pkey on nation n2  (cost=0.14..0.91 rows=1 width=30) (actual time=0.002..0.002 rows=1 loops=25)
                                 Index Cond: (n_nationkey = supplier.s_nationkey)
 Planning Time: 4.807 ms
 Execution Time: 5037.815 ms
(52 rows)

query 9 run 1
SET
SET
SET
                                                                                QUERY PLAN                                                                                 
---------------------------------------------------------------------------------------------------------------------------------------------------------------------------
 Limit  (cost=2513908.68..2513908.71 rows=1 width=90) (actual time=167904.875..167904.881 rows=1 loops=1)
   ->  GroupAggregate  (cost=2513908.68..2513915.40 rows=192 width=90) (actual time=167904.874..167904.879 rows=1 loops=1)
         Group Key: nation.n_name, (EXTRACT(year FROM orders.o_orderdate))
         ->  Sort  (cost=2513908.68..2513909.16 rows=192 width=81) (actual time=167892.898..167896.083 rows=11401 loops=1)
               Sort Key: nation.n_name, (EXTRACT(year FROM orders.o_orderdate)) DESC
               Sort Method: external merge  Disk: 211240kB
               ->  Nested Loop  (cost=72473.73..2513901.39 rows=192 width=81) (actual time=716.148..164116.831 rows=3248192 loops=1)
                     Join Filter: (supplier.s_nationkey = nation.n_nationkey)
                     Rows Removed by Join Filter: 39009119
                     ->  Nested Loop  (cost=72473.73..2513830.37 rows=192 width=31) (actual time=715.918..156699.911 rows=3248192 loops=1)
                           ->  Nested Loop  (cost=72473.29..2513173.23 rows=192 width=31) (actual time=714.685..110657.678 rows=3248192 loops=1)
                                 Join Filter: (supplier.s_suppkey = lineitem.l_suppkey)
                                 ->  Hash Join  (cost=72472.85..350410.07 rows=628119 width=26) (actual time=714.098..3373.128 rows=433248 loops=1)
                                       Hash Cond: (partsupp.ps_suppkey = supplier.s_suppkey)
                                       ->  Hash Join  (cost=68001.85..344241.73 rows=646579 width=18) (actual time=669.513..3107.662 rows=433248 loops=1)
                                             Hash Cond: (partsupp.ps_partkey = part.p_partkey)
                                             ->  Seq Scan on partsupp  (cost=0.00..255236.13 rows=8001413 width=14) (actual time=0.544..1332.564 rows=8000000 loops=1)
                                             ->  Hash  (cost=65981.60..65981.60 rows=161620 width=4) (actual time=668.550..668.551 rows=108312 loops=1)
                                                   Buckets: 262144  Batches: 1  Memory Usage: 5856kB
                                                   ->  Seq Scan on part  (cost=0.00..65981.60 rows=161620 width=4) (actual time=0.664..645.425 rows=108312 loops=1)
                                                         Filter: ((p_name)::text ~~ '%navy%'::text)
                                                         Rows Removed by Filter: 1891688
                                       ->  Hash  (cost=3221.00..3221.00 rows=100000 width=8) (actual time=44.543..44.544 rows=100000 loops=1)
                                             Buckets: 131072  Batches: 1  Memory Usage: 4931kB
                                             ->  Seq Scan on supplier  (cost=0.00..3221.00 rows=100000 width=8) (actual time=0.278..29.178 rows=100000 loops=1)
                                 ->  Index Scan using idx_lineitem_part_supp on lineitem  (cost=0.44..3.43 rows=1 width=29) (actual time=0.035..0.244 rows=7 loops=433248)
                                       Index Cond: ((l_partkey = partsupp.ps_partkey) AND (l_suppkey = partsupp.ps_suppkey))
                           ->  Index Scan using orders_pkey on orders  (cost=0.43..3.42 rows=1 width=8) (actual time=0.013..0.013 rows=1 loops=3248192)
                                 Index Cond: (o_orderkey = lineitem.l_orderkey)
                     ->  Materialize  (cost=0.00..1.38 rows=25 width=30) (actual time=0.000..0.001 rows=13 loops=3248192)
                           ->  Seq Scan on nation  (cost=0.00..1.25 rows=25 width=30) (actual time=0.203..0.209 rows=25 loops=1)
 Planning Time: 30.657 ms
 Execution Time: 167929.557 ms
(33 rows)

SET
SET
SET
                                                                                QUERY PLAN                                                                                 
---------------------------------------------------------------------------------------------------------------------------------------------------------------------------
 Limit  (cost=2513908.68..2513908.71 rows=1 width=90) (actual time=79511.537..79511.543 rows=1 loops=1)
   ->  GroupAggregate  (cost=2513908.68..2513915.40 rows=192 width=90) (actual time=79511.536..79511.541 rows=1 loops=1)
         Group Key: nation.n_name, (EXTRACT(year FROM orders.o_orderdate))
         ->  Sort  (cost=2513908.68..2513909.16 rows=192 width=81) (actual time=79499.540..79502.726 rows=11401 loops=1)
               Sort Key: nation.n_name, (EXTRACT(year FROM orders.o_orderdate)) DESC
               Sort Method: external merge  Disk: 211240kB
               ->  Nested Loop  (cost=72473.73..2513901.39 rows=192 width=81) (actual time=663.157..75953.464 rows=3248192 loops=1)
                     Join Filter: (supplier.s_nationkey = nation.n_nationkey)
                     Rows Removed by Join Filter: 39009119
                     ->  Nested Loop  (cost=72473.73..2513830.37 rows=192 width=31) (actual time=663.136..69328.329 rows=3248192 loops=1)
                           ->  Nested Loop  (cost=72473.29..2513173.23 rows=192 width=31) (actual time=663.119..47468.473 rows=3248192 loops=1)
                                 Join Filter: (supplier.s_suppkey = lineitem.l_suppkey)
                                 ->  Hash Join  (cost=72472.85..350410.07 rows=628119 width=26) (actual time=663.092..2998.392 rows=433248 loops=1)
                                       Hash Cond: (partsupp.ps_suppkey = supplier.s_suppkey)
                                       ->  Hash Join  (cost=68001.85..344241.73 rows=646579 width=18) (actual time=619.481..2739.483 rows=433248 loops=1)
                                             Hash Cond: (partsupp.ps_partkey = part.p_partkey)
                                             ->  Seq Scan on partsupp  (cost=0.00..255236.13 rows=8001413 width=14) (actual time=0.355..1072.243 rows=8000000 loops=1)
                                             ->  Hash  (cost=65981.60..65981.60 rows=161620 width=4) (actual time=618.678..618.679 rows=108312 loops=1)
                                                   Buckets: 262144  Batches: 1  Memory Usage: 5856kB
                                                   ->  Seq Scan on part  (cost=0.00..65981.60 rows=161620 width=4) (actual time=0.339..596.679 rows=108312 loops=1)
                                                         Filter: ((p_name)::text ~~ '%navy%'::text)
                                                         Rows Removed by Filter: 1891688
                                       ->  Hash  (cost=3221.00..3221.00 rows=100000 width=8) (actual time=43.536..43.537 rows=100000 loops=1)
                                             Buckets: 131072  Batches: 1  Memory Usage: 4931kB
                                             ->  Seq Scan on supplier  (cost=0.00..3221.00 rows=100000 width=8) (actual time=0.298..27.798 rows=100000 loops=1)
                                 ->  Index Scan using idx_lineitem_part_supp on lineitem  (cost=0.44..3.43 rows=1 width=29) (actual time=0.015..0.100 rows=7 loops=433248)
                                       Index Cond: ((l_partkey = partsupp.ps_partkey) AND (l_suppkey = partsupp.ps_suppkey))
                           ->  Index Scan using orders_pkey on orders  (cost=0.43..3.42 rows=1 width=8) (actual time=0.006..0.006 rows=1 loops=3248192)
                                 Index Cond: (o_orderkey = lineitem.l_orderkey)
                     ->  Materialize  (cost=0.00..1.38 rows=25 width=30) (actual time=0.000..0.001 rows=13 loops=3248192)
                           ->  Seq Scan on nation  (cost=0.00..1.25 rows=25 width=30) (actual time=0.008..0.010 rows=25 loops=1)
 Planning Time: 17.681 ms
 Execution Time: 79534.279 ms
(33 rows)

query 10 run 1
SET
SET
SET
                                                                                            QUERY PLAN                                                                                            
--------------------------------------------------------------------------------------------------------------------------------------------------------------------------------------------------
 Limit  (cost=2396060.59..2396060.64 rows=20 width=201) (actual time=20812.462..20812.467 rows=20 loops=1)
   ->  Sort  (cost=2396060.59..2397467.47 rows=562753 width=201) (actual time=20812.460..20812.464 rows=20 loops=1)
         Sort Key: (sum((lineitem.l_extendedprice * ('1'::numeric - lineitem.l_discount)))) DESC
         Sort Method: top-N heapsort  Memory: 33kB
         ->  GroupAggregate  (cost=2251102.38..2381085.93 rows=562753 width=201) (actual time=18077.042..20679.323 rows=381205 loops=1)
               Group Key: customer.c_custkey, nation.n_name
               ->  Incremental Sort  (cost=2251102.38..2367017.11 rows=562753 width=181) (actual time=18077.028..19830.473 rows=1145402 loops=1)
                     Sort Key: customer.c_custkey, nation.n_name
                     Presorted Key: customer.c_custkey
                     Full-sort Groups: 34068  Sort Method: quicksort  Average Memory: 32kB  Peak Memory: 32kB
                     ->  Nested Loop  (cost=2251102.21..2341693.22 rows=562753 width=181) (actual time=18076.890..19443.649 rows=1145402 loops=1)
                           ->  Merge Join  (cost=2251102.06..2327913.26 rows=562753 width=159) (actual time=18076.609..19034.370 rows=1145402 loops=1)
                                 Merge Cond: (customer.c_custkey = orders.o_custkey)
                                 ->  Index Scan using customer_pkey on customer  (cost=0.43..64620.65 rows=1499915 width=147) (actual time=0.587..492.989 rows=1499997 loops=1)
                                 ->  Sort  (cost=2251101.60..2252508.48 rows=562753 width=16) (actual time=18076.007..18182.254 rows=1145402 loops=1)
                                       Sort Key: orders.o_custkey
                                       Sort Method: external sort  Disk: 35288kB
                                       ->  Hash Join  (cost=283576.14..2197352.66 rows=562753 width=16) (actual time=4912.551..17572.627 rows=1145402 loops=1)
                                             Hash Cond: (lineitem.l_orderkey = orders.o_orderkey)
                                             ->  Seq Scan on lineitem  (cost=0.00..1875002.05 rows=14771223 width=16) (actual time=0.592..10873.442 rows=14808183 loops=1)
                                                   Filter: (l_returnflag = 'R'::bpchar)
                                                   Rows Removed by Filter: 45177869
                                             ->  Hash  (cost=276432.36..276432.36 rows=571502 width=8) (actual time=4909.952..4909.953 rows=573160 loops=1)
                                                   Buckets: 1048576  Batches: 1  Memory Usage: 30582kB
                                                   ->  Bitmap Heap Scan on orders  (cost=6591.83..276432.36 rows=571502 width=8) (actual time=111.206..4737.127 rows=573160 loops=1)
                                                         Recheck Cond: ((o_orderdate >= '1994-08-01'::date) AND (o_orderdate < '1994-11-01'::date))
                                                         Heap Blocks: exact=233346
                                                         ->  Bitmap Index Scan on idx_orders_orderdate  (cost=0.00..6448.96 rows=571502 width=0) (actual time=65.833..65.833 rows=573160 loops=1)
                                                               Index Cond: ((o_orderdate >= '1994-08-01'::date) AND (o_orderdate < '1994-11-01'::date))
                           ->  Memoize  (cost=0.15..0.92 rows=1 width=30) (actual time=0.000..0.000 rows=1 loops=1145402)
                                 Cache Key: customer.c_nationkey
                                 Cache Mode: logical
                                 Hits: 1145377  Misses: 25  Evictions: 0  Overflows: 0  Memory Usage: 4kB
                                 ->  Index Scan using nation_pkey on nation  (cost=0.14..0.91 rows=1 width=30) (actual time=0.012..0.012 rows=1 loops=25)
                                       Index Cond: (n_nationkey = customer.c_nationkey)
 Planning Time: 21.591 ms
 Execution Time: 20817.475 ms
(37 rows)

SET
SET
SET
                                                                                            QUERY PLAN                                                                                            
--------------------------------------------------------------------------------------------------------------------------------------------------------------------------------------------------
 Limit  (cost=2396060.59..2396060.64 rows=20 width=201) (actual time=15217.399..15217.404 rows=20 loops=1)
   ->  Sort  (cost=2396060.59..2397467.47 rows=562753 width=201) (actual time=15217.398..15217.401 rows=20 loops=1)
         Sort Key: (sum((lineitem.l_extendedprice * ('1'::numeric - lineitem.l_discount)))) DESC
         Sort Method: top-N heapsort  Memory: 33kB
         ->  GroupAggregate  (cost=2251102.38..2381085.93 rows=562753 width=201) (actual time=12626.571..15084.502 rows=381205 loops=1)
               Group Key: customer.c_custkey, nation.n_name
               ->  Incremental Sort  (cost=2251102.38..2367017.11 rows=562753 width=181) (actual time=12626.556..14247.358 rows=1145402 loops=1)
                     Sort Key: customer.c_custkey, nation.n_name
                     Presorted Key: customer.c_custkey
                     Full-sort Groups: 34068  Sort Method: quicksort  Average Memory: 32kB  Peak Memory: 32kB
                     ->  Nested Loop  (cost=2251102.21..2341693.22 rows=562753 width=181) (actual time=12626.450..13868.018 rows=1145402 loops=1)
                           ->  Merge Join  (cost=2251102.06..2327913.26 rows=562753 width=159) (actual time=12626.421..13459.925 rows=1145402 loops=1)
                                 Merge Cond: (customer.c_custkey = orders.o_custkey)
                                 ->  Index Scan using customer_pkey on customer  (cost=0.43..64620.65 rows=1499915 width=147) (actual time=0.012..372.174 rows=1499997 loops=1)
                                 ->  Sort  (cost=2251101.60..2252508.48 rows=562753 width=16) (actual time=12626.394..12732.210 rows=1145402 loops=1)
                                       Sort Key: orders.o_custkey
                                       Sort Method: external sort  Disk: 35288kB
                                       ->  Hash Join  (cost=283576.14..2197352.66 rows=562753 width=16) (actual time=1587.040..12132.794 rows=1145402 loops=1)
                                             Hash Cond: (lineitem.l_orderkey = orders.o_orderkey)
                                             ->  Seq Scan on lineitem  (cost=0.00..1875002.05 rows=14771223 width=16) (actual time=0.014..8835.567 rows=14808183 loops=1)
                                                   Filter: (l_returnflag = 'R'::bpchar)
                                                   Rows Removed by Filter: 45177869
                                             ->  Hash  (cost=276432.36..276432.36 rows=571502 width=8) (actual time=1585.576..1585.577 rows=573160 loops=1)
                                                   Buckets: 1048576  Batches: 1  Memory Usage: 30582kB
                                                   ->  Bitmap Heap Scan on orders  (cost=6591.83..276432.36 rows=571502 width=8) (actual time=109.692..1448.456 rows=573160 loops=1)
                                                         Recheck Cond: ((o_orderdate >= '1994-08-01'::date) AND (o_orderdate < '1994-11-01'::date))
                                                         Heap Blocks: exact=233346
                                                         ->  Bitmap Index Scan on idx_orders_orderdate  (cost=0.00..6448.96 rows=571502 width=0) (actual time=64.839..64.839 rows=573160 loops=1)
                                                               Index Cond: ((o_orderdate >= '1994-08-01'::date) AND (o_orderdate < '1994-11-01'::date))
                           ->  Memoize  (cost=0.15..0.92 rows=1 width=30) (actual time=0.000..0.000 rows=1 loops=1145402)
                                 Cache Key: customer.c_nationkey
                                 Cache Mode: logical
                                 Hits: 1145377  Misses: 25  Evictions: 0  Overflows: 0  Memory Usage: 4kB
                                 ->  Index Scan using nation_pkey on nation  (cost=0.14..0.91 rows=1 width=30) (actual time=0.002..0.002 rows=1 loops=25)
                                       Index Cond: (n_nationkey = customer.c_nationkey)
 Planning Time: 1.804 ms
 Execution Time: 15222.246 ms
(37 rows)

query 11 run 1
SET
SET
SET
                                                                                QUERY PLAN                                                                                 
---------------------------------------------------------------------------------------------------------------------------------------------------------------------------
 Limit  (cost=605756.41..605756.42 rows=1 width=36) (actual time=3912.456..3912.462 rows=0 loops=1)
   InitPlan 1 (returns $1)
     ->  Aggregate  (cost=292993.97..292993.99 rows=1 width=32) (actual time=1593.304..1593.307 rows=1 loops=1)
           ->  Hash Join  (cost=2311.46..290662.08 rows=310919 width=10) (actual time=2.845..1488.487 rows=320800 loops=1)
                 Hash Cond: (partsupp_1.ps_suppkey = supplier_1.s_suppkey)
                 ->  Seq Scan on partsupp partsupp_1  (cost=0.00..255236.13 rows=8001413 width=14) (actual time=0.017..735.061 rows=8000000 loops=1)
                 ->  Hash  (cost=2261.46..2261.46 rows=4000 width=4) (actual time=2.783..2.784 rows=4010 loops=1)
                       Buckets: 4096  Batches: 1  Memory Usage: 173kB
                       ->  Nested Loop  (cost=37.29..2261.46 rows=4000 width=4) (actual time=0.569..2.415 rows=4010 loops=1)
                             ->  Seq Scan on nation nation_1  (cost=0.00..1.31 rows=1 width=4) (actual time=0.006..0.007 rows=1 loops=1)
                                   Filter: (n_name = 'SAUDI ARABIA'::bpchar)
                                   Rows Removed by Filter: 24
                             ->  Bitmap Heap Scan on supplier supplier_1  (cost=37.29..2220.15 rows=4000 width=8) (actual time=0.559..2.082 rows=4010 loops=1)
                                   Recheck Cond: (s_nationkey = nation_1.n_nationkey)
                                   Heap Blocks: exact=1869
                                   ->  Bitmap Index Scan on idx_supplier_nation_key  (cost=0.00..36.29 rows=4000 width=0) (actual time=0.357..0.357 rows=4010 loops=1)
                                         Index Cond: (s_nationkey = nation_1.n_nationkey)
   ->  Sort  (cost=312762.43..313021.53 rows=103640 width=36) (actual time=3912.454..3912.456 rows=0 loops=1)
         Sort Key: (sum((partsupp.ps_supplycost * (partsupp.ps_availqty)::numeric))) DESC
         Sort Method: quicksort  Memory: 25kB
         ->  HashAggregate  (cost=304544.13..312244.23 rows=103640 width=36) (actual time=3912.419..3912.421 rows=0 loops=1)
               Group Key: partsupp.ps_partkey
               Filter: (sum((partsupp.ps_supplycost * (partsupp.ps_availqty)::numeric)) > $1)
               Batches: 5  Memory Usage: 65585kB  Disk Usage: 7448kB
               Rows Removed by Filter: 301833
               ->  Hash Join  (cost=2311.46..290662.08 rows=310919 width=14) (actual time=39.914..1910.059 rows=320800 loops=1)
                     Hash Cond: (partsupp.ps_suppkey = supplier.s_suppkey)
                     ->  Seq Scan on partsupp  (cost=0.00..255236.13 rows=8001413 width=18) (actual time=0.727..1065.253 rows=8000000 loops=1)
                     ->  Hash  (cost=2261.46..2261.46 rows=4000 width=4) (actual time=39.121..39.122 rows=4010 loops=1)
                           Buckets: 4096  Batches: 1  Memory Usage: 173kB
                           ->  Nested Loop  (cost=37.29..2261.46 rows=4000 width=4) (actual time=1.972..38.082 rows=4010 loops=1)
                                 ->  Seq Scan on nation  (cost=0.00..1.31 rows=1 width=4) (actual time=0.285..0.288 rows=1 loops=1)
                                       Filter: (n_name = 'SAUDI ARABIA'::bpchar)
                                       Rows Removed by Filter: 24
                                 ->  Bitmap Heap Scan on supplier  (cost=37.29..2220.15 rows=4000 width=8) (actual time=1.682..37.102 rows=4010 loops=1)
                                       Recheck Cond: (s_nationkey = nation.n_nationkey)
                                       Heap Blocks: exact=1869
                                       ->  Bitmap Index Scan on idx_supplier_nation_key  (cost=0.00..36.29 rows=4000 width=0) (actual time=1.185..1.185 rows=4010 loops=1)
                                             Index Cond: (s_nationkey = nation.n_nationkey)
 Planning Time: 15.699 ms
 Execution Time: 3915.183 ms
(41 rows)

SET
SET
SET
                                                                                QUERY PLAN                                                                                 
---------------------------------------------------------------------------------------------------------------------------------------------------------------------------
 Limit  (cost=605756.41..605756.42 rows=1 width=36) (actual time=3476.697..3476.703 rows=0 loops=1)
   InitPlan 1 (returns $1)
     ->  Aggregate  (cost=292993.97..292993.99 rows=1 width=32) (actual time=1588.063..1588.066 rows=1 loops=1)
           ->  Hash Join  (cost=2311.46..290662.08 rows=310919 width=10) (actual time=2.954..1484.990 rows=320800 loops=1)
                 Hash Cond: (partsupp_1.ps_suppkey = supplier_1.s_suppkey)
                 ->  Seq Scan on partsupp partsupp_1  (cost=0.00..255236.13 rows=8001413 width=14) (actual time=0.016..733.140 rows=8000000 loops=1)
                 ->  Hash  (cost=2261.46..2261.46 rows=4000 width=4) (actual time=2.895..2.897 rows=4010 loops=1)
                       Buckets: 4096  Batches: 1  Memory Usage: 173kB
                       ->  Nested Loop  (cost=37.29..2261.46 rows=4000 width=4) (actual time=0.682..2.527 rows=4010 loops=1)
                             ->  Seq Scan on nation nation_1  (cost=0.00..1.31 rows=1 width=4) (actual time=0.006..0.007 rows=1 loops=1)
                                   Filter: (n_name = 'SAUDI ARABIA'::bpchar)
                                   Rows Removed by Filter: 24
                             ->  Bitmap Heap Scan on supplier supplier_1  (cost=37.29..2220.15 rows=4000 width=8) (actual time=0.673..2.195 rows=4010 loops=1)
                                   Recheck Cond: (s_nationkey = nation_1.n_nationkey)
                                   Heap Blocks: exact=1869
                                   ->  Bitmap Index Scan on idx_supplier_nation_key  (cost=0.00..36.29 rows=4000 width=0) (actual time=0.464..0.464 rows=4010 loops=1)
                                         Index Cond: (s_nationkey = nation_1.n_nationkey)
   ->  Sort  (cost=312762.43..313021.53 rows=103640 width=36) (actual time=3476.696..3476.699 rows=0 loops=1)
         Sort Key: (sum((partsupp.ps_supplycost * (partsupp.ps_availqty)::numeric))) DESC
         Sort Method: quicksort  Memory: 25kB
         ->  HashAggregate  (cost=304544.13..312244.23 rows=103640 width=36) (actual time=3476.664..3476.666 rows=0 loops=1)
               Group Key: partsupp.ps_partkey
               Filter: (sum((partsupp.ps_supplycost * (partsupp.ps_availqty)::numeric)) > $1)
               Batches: 5  Memory Usage: 65585kB  Disk Usage: 7448kB
               Rows Removed by Filter: 301833
               ->  Hash Join  (cost=2311.46..290662.08 rows=310919 width=14) (actual time=3.922..1492.171 rows=320800 loops=1)
                     Hash Cond: (partsupp.ps_suppkey = supplier.s_suppkey)
                     ->  Seq Scan on partsupp  (cost=0.00..255236.13 rows=8001413 width=18) (actual time=0.043..740.605 rows=8000000 loops=1)
                     ->  Hash  (cost=2261.46..2261.46 rows=4000 width=4) (actual time=3.844..3.845 rows=4010 loops=1)
                           Buckets: 4096  Batches: 1  Memory Usage: 173kB
                           ->  Nested Loop  (cost=37.29..2261.46 rows=4000 width=4) (actual time=0.717..3.428 rows=4010 loops=1)
                                 ->  Seq Scan on nation  (cost=0.00..1.31 rows=1 width=4) (actual time=0.009..0.011 rows=1 loops=1)
                                       Filter: (n_name = 'SAUDI ARABIA'::bpchar)
                                       Rows Removed by Filter: 24
                                 ->  Bitmap Heap Scan on supplier  (cost=37.29..2220.15 rows=4000 width=8) (actual time=0.703..3.082 rows=4010 loops=1)
                                       Recheck Cond: (s_nationkey = nation.n_nationkey)
                                       Heap Blocks: exact=1869
                                       ->  Bitmap Index Scan on idx_supplier_nation_key  (cost=0.00..36.29 rows=4000 width=0) (actual time=0.494..0.494 rows=4010 loops=1)
                                             Index Cond: (s_nationkey = nation.n_nationkey)
 Planning Time: 0.948 ms
 Execution Time: 3478.782 ms
(41 rows)

query 12 run 1
SET
SET
SET
                                                                                                                    QUERY PLAN                                                                                                                     
---------------------------------------------------------------------------------------------------------------------------------------------------------------------------------------------------------------------------------------------------
 Limit  (cost=3030860.36..3031673.56 rows=1 width=27) (actual time=19198.461..19198.475 rows=1 loops=1)
   ->  GroupAggregate  (cost=3030860.36..3036552.73 rows=7 width=27) (actual time=19198.460..19198.462 rows=1 loops=1)
         Group Key: lineitem.l_shipmode
         ->  Sort  (cost=3030860.36..3031571.90 rows=284615 width=27) (actual time=19150.149..19156.433 rows=155572 loops=1)
               Sort Key: lineitem.l_shipmode
               Sort Method: quicksort  Memory: 30078kB
               ->  Hash Join  (cost=2478446.98..3005076.16 rows=284615 width=27) (actual time=14983.437..19081.288 rows=311258 loops=1)
                     Hash Cond: (orders.o_orderkey = lineitem.l_orderkey)
                     ->  Seq Scan on orders  (cost=0.00..411276.59 rows=15000859 width=20) (actual time=0.477..1635.237 rows=15000000 loops=1)
                     ->  Hash  (cost=2474889.29..2474889.29 rows=284615 width=15) (actual time=14982.203..14982.204 rows=311258 loops=1)
                           Buckets: 524288  Batches: 1  Memory Usage: 18687kB
                           ->  Seq Scan on lineitem  (cost=0.00..2474889.29 rows=284615 width=15) (actual time=1.423..14887.394 rows=311258 loops=1)
                                 Filter: ((l_shipmode = ANY ('{SHIP,"REG AIR"}'::bpchar[])) AND (l_commitdate < l_receiptdate) AND (l_shipdate < l_commitdate) AND (l_receiptdate >= '1994-01-01'::date) AND (l_receiptdate < '1995-01-01'::date))
                                 Rows Removed by Filter: 59674794
 Planning Time: 16.375 ms
 Execution Time: 19199.330 ms
(16 rows)

SET
SET
SET
                                                                                                                    QUERY PLAN                                                                                                                     
---------------------------------------------------------------------------------------------------------------------------------------------------------------------------------------------------------------------------------------------------
 Limit  (cost=3030860.36..3031673.56 rows=1 width=27) (actual time=16598.603..16598.615 rows=1 loops=1)
   ->  GroupAggregate  (cost=3030860.36..3036552.73 rows=7 width=27) (actual time=16598.602..16598.604 rows=1 loops=1)
         Group Key: lineitem.l_shipmode
         ->  Sort  (cost=3030860.36..3031571.90 rows=284615 width=27) (actual time=16549.963..16556.320 rows=155572 loops=1)
               Sort Key: lineitem.l_shipmode
               Sort Method: quicksort  Memory: 30078kB
               ->  Hash Join  (cost=2478446.98..3005076.16 rows=284615 width=27) (actual time=12912.197..16483.671 rows=311258 loops=1)
                     Hash Cond: (orders.o_orderkey = lineitem.l_orderkey)
                     ->  Seq Scan on orders  (cost=0.00..411276.59 rows=15000859 width=20) (actual time=0.017..1224.459 rows=15000000 loops=1)
                     ->  Hash  (cost=2474889.29..2474889.29 rows=284615 width=15) (actual time=12911.500..12911.501 rows=311258 loops=1)
                           Buckets: 524288  Batches: 1  Memory Usage: 18687kB
                           ->  Seq Scan on lineitem  (cost=0.00..2474889.29 rows=284615 width=15) (actual time=0.108..12824.288 rows=311258 loops=1)
                                 Filter: ((l_shipmode = ANY ('{SHIP,"REG AIR"}'::bpchar[])) AND (l_commitdate < l_receiptdate) AND (l_shipdate < l_commitdate) AND (l_receiptdate >= '1994-01-01'::date) AND (l_receiptdate < '1995-01-01'::date))
                                 Rows Removed by Filter: 59674794
 Planning Time: 0.771 ms
 Execution Time: 16598.748 ms
(16 rows)

query 13 run 1
SET
SET
SET
                                                                                    QUERY PLAN                                                                                     
-----------------------------------------------------------------------------------------------------------------------------------------------------------------------------------
 Limit  (cost=1353343.46..1353343.47 rows=1 width=16) (actual time=17228.448..17228.451 rows=1 loops=1)
   ->  Sort  (cost=1353343.46..1353343.96 rows=200 width=16) (actual time=17228.447..17228.449 rows=1 loops=1)
         Sort Key: (count(*)) DESC, (count(orders.o_orderkey)) DESC
         Sort Method: top-N heapsort  Memory: 25kB
         ->  HashAggregate  (cost=1353340.46..1353342.46 rows=200 width=16) (actual time=17228.419..17228.426 rows=46 loops=1)
               Group Key: count(orders.o_orderkey)
               Batches: 1  Memory Usage: 40kB
               ->  HashAggregate  (cost=1201015.94..1330841.74 rows=1499915 width=12) (actual time=14952.154..17059.830 rows=1500000 loops=1)
                     Group Key: customer.c_custkey
                     Planned Partitions: 4  Batches: 5  Memory Usage: 65585kB  Disk Usage: 216328kB
                     ->  Hash Right Join  (cost=53282.09..661330.69 rows=14697811 width=8) (actual time=365.860..10932.625 rows=15337604 loops=1)
                           Hash Cond: (orders.o_custkey = customer.c_custkey)
                           ->  Seq Scan on orders  (cost=0.00..448778.74 rows=14697811 width=8) (actual time=0.706..5133.805 rows=14837583 loops=1)
                                 Filter: ((o_comment)::text !~~ '%special%requests%'::text)
                                 Rows Removed by Filter: 162417
                           ->  Hash  (cost=28673.15..28673.15 rows=1499915 width=4) (actual time=362.595..362.596 rows=1500000 loops=1)
                                 Buckets: 2097152  Batches: 2  Memory Usage: 42747kB
                                 ->  Index Only Scan using customer_pkey on customer  (cost=0.43..28673.15 rows=1499915 width=4) (actual time=0.020..160.096 rows=1500000 loops=1)
                                       Heap Fetches: 0
 Planning Time: 14.881 ms
 Execution Time: 17262.510 ms
(21 rows)

SET
SET
SET
                                                                                    QUERY PLAN                                                                                     
-----------------------------------------------------------------------------------------------------------------------------------------------------------------------------------
 Limit  (cost=1353343.46..1353343.47 rows=1 width=16) (actual time=16644.026..16644.029 rows=1 loops=1)
   ->  Sort  (cost=1353343.46..1353343.96 rows=200 width=16) (actual time=16644.024..16644.027 rows=1 loops=1)
         Sort Key: (count(*)) DESC, (count(orders.o_orderkey)) DESC
         Sort Method: top-N heapsort  Memory: 25kB
         ->  HashAggregate  (cost=1353340.46..1353342.46 rows=200 width=16) (actual time=16643.998..16644.006 rows=46 loops=1)
               Group Key: count(orders.o_orderkey)
               Batches: 1  Memory Usage: 40kB
               ->  HashAggregate  (cost=1201015.94..1330841.74 rows=1499915 width=12) (actual time=14357.281..16472.613 rows=1500000 loops=1)
                     Group Key: customer.c_custkey
                     Planned Partitions: 4  Batches: 5  Memory Usage: 65585kB  Disk Usage: 216328kB
                     ->  Hash Right Join  (cost=53282.09..661330.69 rows=14697811 width=8) (actual time=329.636..10381.783 rows=15337604 loops=1)
                           Hash Cond: (orders.o_custkey = customer.c_custkey)
                           ->  Seq Scan on orders  (cost=0.00..448778.74 rows=14697811 width=8) (actual time=0.032..4673.625 rows=14837583 loops=1)
                                 Filter: ((o_comment)::text !~~ '%special%requests%'::text)
                                 Rows Removed by Filter: 162417
                           ->  Hash  (cost=28673.15..28673.15 rows=1499915 width=4) (actual time=327.044..327.045 rows=1500000 loops=1)
                                 Buckets: 2097152  Batches: 2  Memory Usage: 42747kB
                                 ->  Index Only Scan using customer_pkey on customer  (cost=0.43..28673.15 rows=1499915 width=4) (actual time=0.019..128.301 rows=1500000 loops=1)
                                       Heap Fetches: 0
 Planning Time: 0.669 ms
 Execution Time: 16677.917 ms
(21 rows)

query 14 run 1
SET
SET
SET
                                                                              QUERY PLAN                                                                               
-----------------------------------------------------------------------------------------------------------------------------------------------------------------------
 Limit  (cost=1216662.87..1216662.88 rows=1 width=32) (actual time=68394.915..68394.917 rows=1 loops=1)
   ->  Aggregate  (cost=1216662.87..1216662.88 rows=1 width=32) (actual time=68394.914..68394.916 rows=1 loops=1)
         ->  Hash Join  (cost=99655.65..1204110.71 rows=717266 width=33) (actual time=873.859..67782.417 rows=772942 loops=1)
               Hash Cond: (lineitem.l_partkey = part.p_partkey)
               ->  Index Scan using idx_lineitem_shipdate on lineitem  (cost=0.56..1081893.80 rows=717266 width=16) (actual time=1.419..65779.076 rows=772942 loops=1)
                     Index Cond: ((l_shipdate >= '1994-05-01'::date) AND (l_shipdate < '1994-06-01'::date))
               ->  Hash  (cost=60981.48..60981.48 rows=2000048 width=25) (actual time=870.350..870.351 rows=2000000 loops=1)
                     Buckets: 1048576  Batches: 4  Memory Usage: 37079kB
                     ->  Seq Scan on part  (cost=0.00..60981.48 rows=2000048 width=25) (actual time=0.749..531.950 rows=2000000 loops=1)
 Planning Time: 16.490 ms
 Execution Time: 68395.393 ms
(11 rows)

SET
SET
SET
                                                                              QUERY PLAN                                                                              
----------------------------------------------------------------------------------------------------------------------------------------------------------------------
 Limit  (cost=1216662.87..1216662.88 rows=1 width=32) (actual time=3548.996..3548.998 rows=1 loops=1)
   ->  Aggregate  (cost=1216662.87..1216662.88 rows=1 width=32) (actual time=3548.994..3548.995 rows=1 loops=1)
         ->  Hash Join  (cost=99655.65..1204110.71 rows=717266 width=33) (actual time=738.084..3209.539 rows=772942 loops=1)
               Hash Cond: (lineitem.l_partkey = part.p_partkey)
               ->  Index Scan using idx_lineitem_shipdate on lineitem  (cost=0.56..1081893.80 rows=717266 width=16) (actual time=0.044..1881.634 rows=772942 loops=1)
                     Index Cond: ((l_shipdate >= '1994-05-01'::date) AND (l_shipdate < '1994-06-01'::date))
               ->  Hash  (cost=60981.48..60981.48 rows=2000048 width=25) (actual time=736.570..736.570 rows=2000000 loops=1)
                     Buckets: 1048576  Batches: 4  Memory Usage: 37079kB
                     ->  Seq Scan on part  (cost=0.00..60981.48 rows=2000048 width=25) (actual time=0.034..406.002 rows=2000000 loops=1)
 Planning Time: 1.102 ms
 Execution Time: 3549.116 ms
(11 rows)

query 15 run 1
SET
SET
SET
CREATE VIEW
                                                                                   QUERY PLAN                                                                                   
--------------------------------------------------------------------------------------------------------------------------------------------------------------------------------
 Limit  (cost=3772870.65..3772879.41 rows=1 width=103) (actual time=19066.477..19066.480 rows=1 loops=1)
   InitPlan 1 (returns $0)
     ->  Aggregate  (cost=1886923.83..1886923.84 rows=1 width=32) (actual time=6205.300..6205.302 rows=1 loops=1)
           ->  HashAggregate  (cost=1884411.71..1885667.77 rows=100485 width=36) (actual time=6161.331..6199.372 rows=100000 loops=1)
                 Group Key: lineitem_1.l_suppkey
                 Batches: 1  Memory Usage: 47121kB
                 ->  Bitmap Heap Scan on lineitem lineitem_1  (cost=37513.64..1861015.05 rows=2339666 width=16) (actual time=366.807..4589.012 rows=2265714 loops=1)
                       Recheck Cond: ((l_shipdate >= '1996-01-01'::date) AND (l_shipdate < '1996-04-01'::date))
                       Rows Removed by Index Recheck: 13223651
                       Heap Blocks: exact=401153 lossy=267105
                       ->  Bitmap Index Scan on idx_lineitem_shipdate  (cost=0.00..36928.73 rows=2339666 width=0) (actual time=283.018..283.019 rows=2265714 loops=1)
                             Index Cond: ((l_shipdate >= '1996-01-01'::date) AND (l_shipdate < '1996-04-01'::date))
   ->  Merge Join  (cost=1885946.81..1890339.84 rows=502 width=103) (actual time=19066.476..19066.477 rows=1 loops=1)
         Merge Cond: (supplier.s_suppkey = revenue0.supplier_no)
         ->  Index Scan using supplier_pkey on supplier  (cost=0.29..4135.79 rows=100000 width=71) (actual time=0.454..19.817 rows=69998 loops=1)
         ->  Sort  (cost=1885946.52..1885947.78 rows=502 width=36) (actual time=19042.432..19042.433 rows=1 loops=1)
               Sort Key: revenue0.supplier_no
               Sort Method: quicksort  Memory: 25kB
               ->  Subquery Scan on revenue0  (cost=1884411.71..1885924.00 rows=502 width=36) (actual time=19015.816..19042.424 rows=1 loops=1)
                     ->  HashAggregate  (cost=1884411.71..1885918.98 rows=502 width=36) (actual time=19015.815..19042.422 rows=1 loops=1)
                           Group Key: lineitem.l_suppkey
                           Filter: (sum((lineitem.l_extendedprice * ('1'::numeric - lineitem.l_discount))) = $0)
                           Batches: 1  Memory Usage: 47121kB
                           Rows Removed by Filter: 99999
                           ->  Bitmap Heap Scan on lineitem  (cost=37513.64..1861015.05 rows=2339666 width=16) (actual time=426.866..10860.871 rows=2265714 loops=1)
                                 Recheck Cond: ((l_shipdate >= '1996-01-01'::date) AND (l_shipdate < '1996-04-01'::date))
                                 Rows Removed by Index Recheck: 13223651
                                 Heap Blocks: exact=401153 lossy=267105
                                 ->  Bitmap Index Scan on idx_lineitem_shipdate  (cost=0.00..36928.73 rows=2339666 width=0) (actual time=341.923..341.923 rows=2265714 loops=1)
                                       Index Cond: ((l_shipdate >= '1996-01-01'::date) AND (l_shipdate < '1996-04-01'::date))
 Planning Time: 15.415 ms
 Execution Time: 19068.341 ms
(32 rows)

DROP VIEW
SET
SET
SET
CREATE VIEW
                                                                                   QUERY PLAN                                                                                   
--------------------------------------------------------------------------------------------------------------------------------------------------------------------------------
 Limit  (cost=3772870.65..3772879.41 rows=1 width=103) (actual time=12994.288..12994.292 rows=1 loops=1)
   InitPlan 1 (returns $0)
     ->  Aggregate  (cost=1886923.83..1886923.84 rows=1 width=32) (actual time=6203.185..6203.186 rows=1 loops=1)
           ->  HashAggregate  (cost=1884411.71..1885667.77 rows=100485 width=36) (actual time=6159.577..6197.269 rows=100000 loops=1)
                 Group Key: lineitem_1.l_suppkey
                 Batches: 1  Memory Usage: 47121kB
                 ->  Bitmap Heap Scan on lineitem lineitem_1  (cost=37513.64..1861015.05 rows=2339666 width=16) (actual time=365.631..4591.601 rows=2265714 loops=1)
                       Recheck Cond: ((l_shipdate >= '1996-01-01'::date) AND (l_shipdate < '1996-04-01'::date))
                       Rows Removed by Index Recheck: 13223651
                       Heap Blocks: exact=401153 lossy=267105
                       ->  Bitmap Index Scan on idx_lineitem_shipdate  (cost=0.00..36928.73 rows=2339666 width=0) (actual time=282.139..282.139 rows=2265714 loops=1)
                             Index Cond: ((l_shipdate >= '1996-01-01'::date) AND (l_shipdate < '1996-04-01'::date))
   ->  Merge Join  (cost=1885946.81..1890339.84 rows=502 width=103) (actual time=12994.286..12994.288 rows=1 loops=1)
         Merge Cond: (supplier.s_suppkey = revenue0.supplier_no)
         ->  Index Scan using supplier_pkey on supplier  (cost=0.29..4135.79 rows=100000 width=71) (actual time=0.048..11.567 rows=69998 loops=1)
         ->  Sort  (cost=1885946.52..1885947.78 rows=502 width=36) (actual time=12978.640..12978.642 rows=1 loops=1)
               Sort Key: revenue0.supplier_no
               Sort Method: quicksort  Memory: 25kB
               ->  Subquery Scan on revenue0  (cost=1884411.71..1885924.00 rows=502 width=36) (actual time=12952.183..12978.633 rows=1 loops=1)
                     ->  HashAggregate  (cost=1884411.71..1885918.98 rows=502 width=36) (actual time=12952.182..12978.630 rows=1 loops=1)
                           Group Key: lineitem.l_suppkey
                           Filter: (sum((lineitem.l_extendedprice * ('1'::numeric - lineitem.l_discount))) = $0)
                           Batches: 1  Memory Usage: 47121kB
                           Rows Removed by Filter: 99999
                           ->  Bitmap Heap Scan on lineitem  (cost=37513.64..1861015.05 rows=2339666 width=16) (actual time=390.420..5135.582 rows=2265714 loops=1)
                                 Recheck Cond: ((l_shipdate >= '1996-01-01'::date) AND (l_shipdate < '1996-04-01'::date))
                                 Rows Removed by Index Recheck: 13223651
                                 Heap Blocks: exact=401153 lossy=267105
                                 ->  Bitmap Index Scan on idx_lineitem_shipdate  (cost=0.00..36928.73 rows=2339666 width=0) (actual time=305.374..305.374 rows=2265714 loops=1)
                                       Index Cond: ((l_shipdate >= '1996-01-01'::date) AND (l_shipdate < '1996-04-01'::date))
 Planning Time: 0.996 ms
 Execution Time: 12995.915 ms
(32 rows)

DROP VIEW
query 16 run 1
SET
SET
SET
                                                                                         QUERY PLAN                                                                                         
--------------------------------------------------------------------------------------------------------------------------------------------------------------------------------------------
 Limit  (cost=358077.26..358077.27 rows=1 width=44) (actual time=6654.705..6654.708 rows=1 loops=1)
   ->  Sort  (cost=358077.26..358460.36 rows=153240 width=44) (actual time=6654.704..6654.706 rows=1 loops=1)
         Sort Key: (count(DISTINCT partsupp.ps_suppkey)) DESC, part.p_brand, part.p_type, part.p_size
         Sort Method: top-N heapsort  Memory: 25kB
         ->  GroupAggregate  (cost=348412.16..357311.06 rows=153240 width=44) (actual time=6010.499..6648.892 rows=27838 loops=1)
               Group Key: part.p_brand, part.p_type, part.p_size
               ->  Sort  (cost=348412.16..349885.46 rows=589320 width=40) (actual time=6010.446..6360.591 rows=1186319 loops=1)
                     Sort Key: part.p_brand, part.p_type, part.p_size
                     Sort Method: external merge  Disk: 60592kB
                     ->  Hash Join  (cost=98136.35..281568.45 rows=589320 width=40) (actual time=839.523..3151.630 rows=1186319 loops=1)
                           Hash Cond: (partsupp.ps_partkey = part.p_partkey)
                           ->  Index Only Scan using partsupp_pkey on partsupp  (cost=3471.46..176401.68 rows=4000706 width=8) (actual time=36.434..1543.945 rows=7995520 loops=1)
                                 Filter: (NOT (hashed SubPlan 1))
                                 Rows Removed by Filter: 4480
                                 Heap Fetches: 0
                                 SubPlan 1
                                   ->  Seq Scan on supplier  (cost=0.00..3471.00 rows=10 width=4) (actual time=1.080..36.124 rows=56 loops=1)
                                         Filter: ((s_comment)::text ~~ '%Customer%Complaints%'::text)
                                         Rows Removed by Filter: 99944
                           ->  Hash  (cost=90982.20..90982.20 rows=294615 width=40) (actual time=802.490..802.491 rows=296733 loops=1)
                                 Buckets: 524288  Batches: 1  Memory Usage: 25593kB
                                 ->  Seq Scan on part  (cost=0.00..90982.20 rows=294615 width=40) (actual time=0.836..730.647 rows=296733 loops=1)
                                       Filter: ((p_brand <> 'Brand#12'::bpchar) AND ((p_type)::text !~~ 'SMALL BRUSHED%'::text) AND (p_size = ANY ('{12,32,36,26,40,34,49,9}'::integer[])))
                                       Rows Removed by Filter: 1703267
 Planning Time: 18.122 ms
 Execution Time: 6663.325 ms
(26 rows)

SET
SET
SET
                                                                                         QUERY PLAN                                                                                         
--------------------------------------------------------------------------------------------------------------------------------------------------------------------------------------------
 Limit  (cost=358077.26..358077.27 rows=1 width=44) (actual time=6124.378..6124.381 rows=1 loops=1)
   ->  Sort  (cost=358077.26..358460.36 rows=153240 width=44) (actual time=6124.377..6124.379 rows=1 loops=1)
         Sort Key: (count(DISTINCT partsupp.ps_suppkey)) DESC, part.p_brand, part.p_type, part.p_size
         Sort Method: top-N heapsort  Memory: 25kB
         ->  GroupAggregate  (cost=348412.16..357311.06 rows=153240 width=44) (actual time=5482.492..6118.588 rows=27838 loops=1)
               Group Key: part.p_brand, part.p_type, part.p_size
               ->  Sort  (cost=348412.16..349885.46 rows=589320 width=40) (actual time=5482.438..5832.537 rows=1186319 loops=1)
                     Sort Key: part.p_brand, part.p_type, part.p_size
                     Sort Method: external merge  Disk: 60592kB
                     ->  Hash Join  (cost=98136.35..281568.45 rows=589320 width=40) (actual time=531.051..2665.135 rows=1186319 loops=1)
                           Hash Cond: (partsupp.ps_partkey = part.p_partkey)
                           ->  Index Only Scan using partsupp_pkey on partsupp  (cost=3471.46..176401.68 rows=4000706 width=8) (actual time=20.454..1366.972 rows=7995520 loops=1)
                                 Filter: (NOT (hashed SubPlan 1))
                                 Rows Removed by Filter: 4480
                                 Heap Fetches: 0
                                 SubPlan 1
                                   ->  Seq Scan on supplier  (cost=0.00..3471.00 rows=10 width=4) (actual time=0.086..20.412 rows=56 loops=1)
                                         Filter: ((s_comment)::text ~~ '%Customer%Complaints%'::text)
                                         Rows Removed by Filter: 99944
                           ->  Hash  (cost=90982.20..90982.20 rows=294615 width=40) (actual time=510.017..510.018 rows=296733 loops=1)
                                 Buckets: 524288  Batches: 1  Memory Usage: 25593kB
                                 ->  Seq Scan on part  (cost=0.00..90982.20 rows=294615 width=40) (actual time=0.013..447.161 rows=296733 loops=1)
                                       Filter: ((p_brand <> 'Brand#12'::bpchar) AND ((p_type)::text !~~ 'SMALL BRUSHED%'::text) AND (p_size = ANY ('{12,32,36,26,40,34,49,9}'::integer[])))
                                       Rows Removed by Filter: 1703267
 Planning Time: 0.836 ms
 Execution Time: 6132.278 ms
(26 rows)

query 17 run 1
SET
SET
SET
                                                                            QUERY PLAN                                                                            
------------------------------------------------------------------------------------------------------------------------------------------------------------------
 Limit  (cost=4910119.88..4910119.89 rows=1 width=32) (actual time=55581.420..55581.422 rows=1 loops=1)
   ->  Aggregate  (cost=4910119.88..4910119.89 rows=1 width=32) (actual time=55581.418..55581.420 rows=1 loops=1)
         ->  Nested Loop  (cost=4174496.86..4910070.54 rows=19734 width=8) (actual time=32317.674..55579.457 rows=5319 loops=1)
               Join Filter: (part.p_partkey = lineitem.l_partkey)
               ->  Hash Join  (cost=4174496.42..4814230.96 rows=1974 width=40) (actual time=32317.124..54651.516 rows=1996 loops=1)
                     Hash Cond: (lineitem_1.l_partkey = part.p_partkey)
                     ->  HashAggregate  (cost=4103489.41..4718587.65 rows=1951390 width=36) (actual time=31780.931..53965.589 rows=2000000 loops=1)
                           Group Key: lineitem_1.l_partkey
                           Planned Partitions: 16  Batches: 17  Memory Usage: 65681kB  Disk Usage: 2015240kB
                           ->  Seq Scan on lineitem lineitem_1  (cost=0.00..1725030.24 rows=59988724 width=9) (actual time=0.586..7182.393 rows=59986052 loops=1)
                     ->  Hash  (cost=70981.72..70981.72 rows=2023 width=4) (actual time=534.381..534.382 rows=1996 loops=1)
                           Buckets: 2048  Batches: 1  Memory Usage: 87kB
                           ->  Seq Scan on part  (cost=0.00..70981.72 rows=2023 width=4) (actual time=1.511..533.310 rows=1996 loops=1)
                                 Filter: ((p_brand = 'Brand#22'::bpchar) AND (p_container = 'LG BOX'::bpchar))
                                 Rows Removed by Filter: 1998004
               ->  Index Scan using idx_lineitem_part_supp on lineitem  (cost=0.44..48.43 rows=10 width=17) (actual time=0.321..0.463 rows=3 loops=1996)
                     Index Cond: (l_partkey = lineitem_1.l_partkey)
                     Filter: (l_quantity < ((0.2 * avg(lineitem_1.l_quantity))))
                     Rows Removed by Filter: 27
 Planning Time: 14.070 ms
 Execution Time: 55835.937 ms
(21 rows)

SET
SET
SET
                                                                            QUERY PLAN                                                                            
------------------------------------------------------------------------------------------------------------------------------------------------------------------
 Limit  (cost=4910119.88..4910119.89 rows=1 width=32) (actual time=51850.138..51850.140 rows=1 loops=1)
   ->  Aggregate  (cost=4910119.88..4910119.89 rows=1 width=32) (actual time=51850.136..51850.138 rows=1 loops=1)
         ->  Nested Loop  (cost=4174496.86..4910070.54 rows=19734 width=8) (actual time=29658.344..51849.348 rows=5319 loops=1)
               Join Filter: (part.p_partkey = lineitem.l_partkey)
               ->  Hash Join  (cost=4174496.42..4814230.96 rows=1974 width=40) (actual time=29658.313..51805.760 rows=1996 loops=1)
                     Hash Cond: (lineitem_1.l_partkey = part.p_partkey)
                     ->  HashAggregate  (cost=4103489.41..4718587.65 rows=1951390 width=36) (actual time=29394.787..51399.039 rows=2000000 loops=1)
                           Group Key: lineitem_1.l_partkey
                           Planned Partitions: 16  Batches: 17  Memory Usage: 65681kB  Disk Usage: 2015240kB
                           ->  Seq Scan on lineitem lineitem_1  (cost=0.00..1725030.24 rows=59988724 width=9) (actual time=0.033..5322.332 rows=59986052 loops=1)
                     ->  Hash  (cost=70981.72..70981.72 rows=2023 width=4) (actual time=261.707..261.708 rows=1996 loops=1)
                           Buckets: 2048  Batches: 1  Memory Usage: 87kB
                           ->  Seq Scan on part  (cost=0.00..70981.72 rows=2023 width=4) (actual time=0.119..261.135 rows=1996 loops=1)
                                 Filter: ((p_brand = 'Brand#22'::bpchar) AND (p_container = 'LG BOX'::bpchar))
                                 Rows Removed by Filter: 1998004
               ->  Index Scan using idx_lineitem_part_supp on lineitem  (cost=0.44..48.43 rows=10 width=17) (actual time=0.010..0.021 rows=3 loops=1996)
                     Index Cond: (l_partkey = lineitem_1.l_partkey)
                     Filter: (l_quantity < ((0.2 * avg(lineitem_1.l_quantity))))
                     Rows Removed by Filter: 27
 Planning Time: 1.352 ms
 Execution Time: 52085.990 ms
(21 rows)

query 18 run 1
SET
SET
SET
                                                                                                 QUERY PLAN                                                                                                  
-------------------------------------------------------------------------------------------------------------------------------------------------------------------------------------------------------------
 Limit  (cost=8775459.20..8775459.45 rows=100 width=71) (actual time=41865.319..41865.333 rows=99 loops=1)
   ->  Sort  (cost=8775459.20..8825437.55 rows=19991337 width=71) (actual time=41865.318..41865.325 rows=99 loops=1)
         Sort Key: orders.o_totalprice DESC, orders.o_orderdate
         Sort Method: quicksort  Memory: 32kB
         ->  HashAggregate  (cost=7410102.74..8011404.68 rows=19991337 width=71) (actual time=41864.447..41865.225 rows=99 loops=1)
               Group Key: customer.c_custkey, orders.o_orderkey
               Planned Partitions: 128  Batches: 1  Memory Usage: 6225kB
               ->  Hash Join  (cost=78749.76..6333225.65 rows=19991337 width=44) (actual time=3081.939..41863.975 rows=693 loops=1)
                     Hash Cond: (orders.o_custkey = customer.c_custkey)
                     ->  Merge Join  (cost=265.68..5920155.15 rows=19991337 width=25) (actual time=1001.366..41094.759 rows=693 loops=1)
                           Merge Cond: (orders.o_orderkey = lineitem.l_orderkey)
                           ->  Merge Join  (cost=1.00..3390371.58 rows=4999060 width=24) (actual time=769.174..29934.573 rows=99 loops=1)
                                 Merge Cond: (orders.o_orderkey = lineitem_1.l_orderkey)
                                 ->  Index Scan using orders_pkey on orders  (cost=0.43..547978.32 rows=15000859 width=20) (actual time=0.500..2959.899 rows=14982724 loops=1)
                                 ->  GroupAggregate  (cost=0.56..2692412.26 rows=4999060 width=4) (actual time=661.590..26080.055 rows=99 loops=1)
                                       Group Key: lineitem_1.l_orderkey
                                       Filter: (sum(lineitem_1.l_quantity) > '313'::numeric)
                                       Rows Removed by Filter: 14999901
                                       ->  Index Scan using idx_lineitem_orderkey on lineitem lineitem_1  (cost=0.56..2167510.93 rows=59988724 width=9) (actual time=0.493..12362.730 rows=59986052 loops=1)
                           ->  Index Scan using idx_lineitem_orderkey on lineitem  (cost=0.56..2167510.93 rows=59988724 width=9) (actual time=0.015..7669.611 rows=59916431 loops=1)
                     ->  Hash  (cost=50946.15..50946.15 rows=1499915 width=23) (actual time=689.116..689.116 rows=1500000 loops=1)
                           Buckets: 1048576  Batches: 2  Memory Usage: 49242kB
                           ->  Seq Scan on customer  (cost=0.00..50946.15 rows=1499915 width=23) (actual time=0.789..416.302 rows=1500000 loops=1)
 Planning Time: 19.733 ms
 Execution Time: 41866.772 ms
(25 rows)

SET
SET
SET
                                                                                                 QUERY PLAN                                                                                                  
-------------------------------------------------------------------------------------------------------------------------------------------------------------------------------------------------------------
 Limit  (cost=8775459.20..8775459.45 rows=100 width=71) (actual time=38632.760..38632.773 rows=99 loops=1)
   ->  Sort  (cost=8775459.20..8825437.55 rows=19991337 width=71) (actual time=38632.758..38632.766 rows=99 loops=1)
         Sort Key: orders.o_totalprice DESC, orders.o_orderdate
         Sort Method: quicksort  Memory: 32kB
         ->  HashAggregate  (cost=7410102.74..8011404.68 rows=19991337 width=71) (actual time=38631.894..38632.666 rows=99 loops=1)
               Group Key: customer.c_custkey, orders.o_orderkey
               Planned Partitions: 128  Batches: 1  Memory Usage: 6225kB
               ->  Hash Join  (cost=78749.76..6333225.65 rows=19991337 width=44) (actual time=2629.430..38631.452 rows=693 loops=1)
                     Hash Cond: (orders.o_custkey = customer.c_custkey)
                     ->  Merge Join  (cost=265.68..5920155.15 rows=19991337 width=25) (actual time=864.661..38000.294 rows=693 loops=1)
                           Merge Cond: (orders.o_orderkey = lineitem.l_orderkey)
                           ->  Merge Join  (cost=1.00..3390371.58 rows=4999060 width=24) (actual time=627.435..26713.501 rows=99 loops=1)
                                 Merge Cond: (orders.o_orderkey = lineitem_1.l_orderkey)
                                 ->  Index Scan using orders_pkey on orders  (cost=0.43..547978.32 rows=15000859 width=20) (actual time=0.029..2369.961 rows=14982724 loops=1)
                                 ->  GroupAggregate  (cost=0.56..2692412.26 rows=4999060 width=4) (actual time=548.332..23468.969 rows=99 loops=1)
                                       Group Key: lineitem_1.l_orderkey
                                       Filter: (sum(lineitem_1.l_quantity) > '313'::numeric)
                                       Rows Removed by Filter: 14999901
                                       ->  Index Scan using idx_lineitem_orderkey on lineitem lineitem_1  (cost=0.56..2167510.93 rows=59988724 width=9) (actual time=0.016..10017.388 rows=59986052 loops=1)
                           ->  Index Scan using idx_lineitem_orderkey on lineitem  (cost=0.56..2167510.93 rows=59988724 width=9) (actual time=0.013..7794.828 rows=59916431 loops=1)
                     ->  Hash  (cost=50946.15..50946.15 rows=1499915 width=23) (actual time=549.863..549.863 rows=1500000 loops=1)
                           Buckets: 1048576  Batches: 2  Memory Usage: 49242kB
                           ->  Seq Scan on customer  (cost=0.00..50946.15 rows=1499915 width=23) (actual time=0.031..286.384 rows=1500000 loops=1)
 Planning Time: 1.687 ms
 Execution Time: 38634.017 ms
(25 rows)

query 19 run 1
SET
SET
SET
                                                                                                                                                                                                                                                                                                                                                                                                                                                                                                            QUERY PLAN                                                                                                                                                                                                                                                                                                                                                                                                                                                                                                            
----------------------------------------------------------------------------------------------------------------------------------------------------------------------------------------------------------------------------------------------------------------------------------------------------------------------------------------------------------------------------------------------------------------------------------------------------------------------------------------------------------------------------------------------------------------------------------------------------------------------------------------------------------------------------------------------------------------------------------------------------------------------------------------------------------------------------------------------------------------------------------------------------------------------------------------------------------------------------------------------------------------------------------
 Limit  (cost=363158.02..363158.03 rows=1 width=32) (actual time=23006.818..23006.820 rows=1 loops=1)
   ->  Aggregate  (cost=363158.02..363158.03 rows=1 width=32) (actual time=23006.817..23006.818 rows=1 loops=1)
         ->  Nested Loop  (cost=0.44..363149.90 rows=1082 width=12) (actual time=59.317..23003.526 rows=1063 loops=1)
               ->  Seq Scan on part  (cost=0.00..125983.04 rows=4705 width=30) (actual time=1.582..852.438 rows=4781 loops=1)
                     Filter: ((p_size >= 1) AND (((p_brand = 'Brand#24'::bpchar) AND (p_container = ANY ('{"SM CASE","SM BOX","SM PACK","SM PKG"}'::bpchar[])) AND (p_size <= 5)) OR ((p_brand = 'Brand#43'::bpchar) AND (p_container = ANY ('{"MED BAG","MED BOX","MED PKG","MED PACK"}'::bpchar[])) AND (p_size <= 10)) OR ((p_brand = 'Brand#44'::bpchar) AND (p_container = ANY ('{"LG CASE","LG BOX","LG PACK","LG PKG"}'::bpchar[])) AND (p_size <= 15))))
                     Rows Removed by Filter: 1995219
               ->  Index Scan using idx_lineitem_part_supp on lineitem  (cost=0.44..50.40 rows=1 width=21) (actual time=4.178..4.632 rows=0 loops=4781)
                     Index Cond: (l_partkey = part.p_partkey)
                     Filter: ((l_shipmode = ANY ('{AIR,"AIR REG"}'::bpchar[])) AND (l_shipinstruct = 'DELIVER IN PERSON'::bpchar) AND (((l_quantity >= '10'::numeric) AND (l_quantity <= '20'::numeric)) OR ((l_quantity >= '10'::numeric) AND (l_quantity <= '20'::numeric)) OR ((l_quantity >= '20'::numeric) AND (l_quantity <= '30'::numeric))) AND (((part.p_brand = 'Brand#24'::bpchar) AND (part.p_container = ANY ('{"SM CASE","SM BOX","SM PACK","SM PKG"}'::bpchar[])) AND (l_quantity >= '10'::numeric) AND (l_quantity <= '20'::numeric) AND (part.p_size <= 5)) OR ((part.p_brand = 'Brand#43'::bpchar) AND (part.p_container = ANY ('{"MED BAG","MED BOX","MED PKG","MED PACK"}'::bpchar[])) AND (l_quantity >= '10'::numeric) AND (l_quantity <= '20'::numeric) AND (part.p_size <= 10)) OR ((part.p_brand = 'Brand#44'::bpchar) AND (part.p_container = ANY ('{"LG CASE","LG BOX","LG PACK","LG PKG"}'::bpchar[])) AND (l_quantity >= '20'::numeric) AND (l_quantity <= '30'::numeric) AND (part.p_size <= 15))))
                     Rows Removed by Filter: 30
 Planning Time: 16.451 ms
 Execution Time: 23008.036 ms
(12 rows)

SET
SET
SET
                                                                                                                                                                                                                                                                                                                                                                                                                                                                                                            QUERY PLAN                                                                                                                                                                                                                                                                                                                                                                                                                                                                                                            
----------------------------------------------------------------------------------------------------------------------------------------------------------------------------------------------------------------------------------------------------------------------------------------------------------------------------------------------------------------------------------------------------------------------------------------------------------------------------------------------------------------------------------------------------------------------------------------------------------------------------------------------------------------------------------------------------------------------------------------------------------------------------------------------------------------------------------------------------------------------------------------------------------------------------------------------------------------------------------------------------------------------------------
 Limit  (cost=363158.02..363158.03 rows=1 width=32) (actual time=617.295..617.297 rows=1 loops=1)
   ->  Aggregate  (cost=363158.02..363158.03 rows=1 width=32) (actual time=617.295..617.295 rows=1 loops=1)
         ->  Nested Loop  (cost=0.44..363149.90 rows=1082 width=12) (actual time=1.502..616.448 rows=1063 loops=1)
               ->  Seq Scan on part  (cost=0.00..125983.04 rows=4705 width=30) (actual time=0.209..461.637 rows=4781 loops=1)
                     Filter: ((p_size >= 1) AND (((p_brand = 'Brand#24'::bpchar) AND (p_container = ANY ('{"SM CASE","SM BOX","SM PACK","SM PKG"}'::bpchar[])) AND (p_size <= 5)) OR ((p_brand = 'Brand#43'::bpchar) AND (p_container = ANY ('{"MED BAG","MED BOX","MED PKG","MED PACK"}'::bpchar[])) AND (p_size <= 10)) OR ((p_brand = 'Brand#44'::bpchar) AND (p_container = ANY ('{"LG CASE","LG BOX","LG PACK","LG PKG"}'::bpchar[])) AND (p_size <= 15))))
                     Rows Removed by Filter: 1995219
               ->  Index Scan using idx_lineitem_part_supp on lineitem  (cost=0.44..50.40 rows=1 width=21) (actual time=0.029..0.032 rows=0 loops=4781)
                     Index Cond: (l_partkey = part.p_partkey)
                     Filter: ((l_shipmode = ANY ('{AIR,"AIR REG"}'::bpchar[])) AND (l_shipinstruct = 'DELIVER IN PERSON'::bpchar) AND (((l_quantity >= '10'::numeric) AND (l_quantity <= '20'::numeric)) OR ((l_quantity >= '10'::numeric) AND (l_quantity <= '20'::numeric)) OR ((l_quantity >= '20'::numeric) AND (l_quantity <= '30'::numeric))) AND (((part.p_brand = 'Brand#24'::bpchar) AND (part.p_container = ANY ('{"SM CASE","SM BOX","SM PACK","SM PKG"}'::bpchar[])) AND (l_quantity >= '10'::numeric) AND (l_quantity <= '20'::numeric) AND (part.p_size <= 5)) OR ((part.p_brand = 'Brand#43'::bpchar) AND (part.p_container = ANY ('{"MED BAG","MED BOX","MED PKG","MED PACK"}'::bpchar[])) AND (l_quantity >= '10'::numeric) AND (l_quantity <= '20'::numeric) AND (part.p_size <= 10)) OR ((part.p_brand = 'Brand#44'::bpchar) AND (part.p_container = ANY ('{"LG CASE","LG BOX","LG PACK","LG PKG"}'::bpchar[])) AND (l_quantity >= '20'::numeric) AND (l_quantity <= '30'::numeric) AND (part.p_size <= 15))))
                     Rows Removed by Filter: 30
 Planning Time: 1.006 ms
 Execution Time: 617.350 ms
(12 rows)

query 20 run 1
SET
SET
SET
                                                                                       QUERY PLAN                                                                                        
-----------------------------------------------------------------------------------------------------------------------------------------------------------------------------------------
 Limit  (cost=2865941.87..2865941.87 rows=1 width=51) (actual time=53149.840..53149.844 rows=1 loops=1)
   ->  Sort  (cost=2865941.87..2865941.87 rows=1 width=51) (actual time=53149.839..53149.842 rows=1 loops=1)
         Sort Key: supplier.s_name
         Sort Method: top-N heapsort  Memory: 25kB
         ->  Nested Loop Semi Join  (cost=2610774.47..2865941.86 rows=1 width=51) (actual time=31235.515..53147.906 rows=1821 loops=1)
               Join Filter: (supplier.s_suppkey = lineitem.l_suppkey)
               Rows Removed by Join Filter: 183379751
               ->  Nested Loop  (cost=0.00..4472.31 rows=4000 width=55) (actual time=0.534..23.448 rows=4095 loops=1)
                     Join Filter: (supplier.s_nationkey = nation.n_nationkey)
                     Rows Removed by Join Filter: 95905
                     ->  Seq Scan on nation  (cost=0.00..1.31 rows=1 width=4) (actual time=0.243..0.246 rows=1 loops=1)
                           Filter: (n_name = 'IRAQ'::bpchar)
                           Rows Removed by Filter: 24
                     ->  Seq Scan on supplier  (cost=0.00..3221.00 rows=100000 width=59) (actual time=0.284..15.649 rows=100000 loops=1)
               ->  Materialize  (cost=2610774.47..2861109.56 rows=6 width=8) (actual time=7.225..10.554 rows=44782 loops=4095)
                     ->  Hash Join  (cost=2610774.47..2861109.53 rows=6 width=8) (actual time=29587.336..36911.083 rows=59002 loops=1)
                           Hash Cond: ((lineitem.l_partkey = partsupp.ps_partkey) AND (lineitem.l_suppkey = partsupp.ps_suppkey))
                           Join Filter: ((partsupp.ps_availqty)::numeric > ((0.5 * sum(lineitem.l_quantity))))
                           Rows Removed by Join Filter: 123
                           ->  HashAggregate  (cost=2391560.06..2556227.72 rows=4895265 width=40) (actual time=24639.353..31210.974 rows=5448842 loops=1)
                                 Group Key: lineitem.l_partkey, lineitem.l_suppkey
                                 Planned Partitions: 32  Batches: 161  Memory Usage: 65809kB  Disk Usage: 358200kB
                                 ->  Bitmap Heap Scan on lineitem  (cost=149797.70..1997773.87 rows=9342842 width=13) (actual time=1261.331..19766.458 rows=9123688 loops=1)
                                       Recheck Cond: ((l_shipdate >= '1996-01-01'::date) AND (l_shipdate < '1997-01-01'::date))
                                       Rows Removed by Index Recheck: 23164080
                                       Heap Blocks: exact=518099 lossy=530696
                                       ->  Bitmap Index Scan on idx_lineitem_shipdate  (cost=0.00..147461.98 rows=9342842 width=0) (actual time=1140.964..1140.964 rows=9123688 loops=1)
                                             Index Cond: ((l_shipdate >= '1996-01-01'::date) AND (l_shipdate < '1997-01-01'::date))
                           ->  Hash  (cost=216789.74..216789.74 rows=161645 width=16) (actual time=4947.587..4947.588 rows=86872 loops=1)
                                 Buckets: 262144  Batches: 1  Memory Usage: 6121kB
                                 ->  Nested Loop  (cost=0.43..216789.74 rows=161645 width=16) (actual time=1.223..4901.759 rows=86872 loops=1)
                                       ->  Seq Scan on part  (cost=0.00..65981.60 rows=40405 width=4) (actual time=0.550..722.320 rows=21718 loops=1)
                                             Filter: ((p_name)::text ~~ 'olive%'::text)
                                             Rows Removed by Filter: 1978282
                                       ->  Index Scan using idx_partsupp_partkey on partsupp  (cost=0.43..3.55 rows=18 width=12) (actual time=0.176..0.190 rows=4 loops=21718)
                                             Index Cond: (ps_partkey = part.p_partkey)
 Planning Time: 21.875 ms
 Execution Time: 53191.492 ms
(38 rows)

SET
SET
SET
                                                                                       QUERY PLAN                                                                                        
-----------------------------------------------------------------------------------------------------------------------------------------------------------------------------------------
 Limit  (cost=2865941.87..2865941.87 rows=1 width=51) (actual time=37201.156..37201.160 rows=1 loops=1)
   ->  Sort  (cost=2865941.87..2865941.87 rows=1 width=51) (actual time=37201.155..37201.158 rows=1 loops=1)
         Sort Key: supplier.s_name
         Sort Method: top-N heapsort  Memory: 25kB
         ->  Nested Loop Semi Join  (cost=2610774.47..2865941.86 rows=1 width=51) (actual time=15316.541..37199.237 rows=1821 loops=1)
               Join Filter: (supplier.s_suppkey = lineitem.l_suppkey)
               Rows Removed by Join Filter: 183379751
               ->  Nested Loop  (cost=0.00..4472.31 rows=4000 width=55) (actual time=0.037..19.941 rows=4095 loops=1)
                     Join Filter: (supplier.s_nationkey = nation.n_nationkey)
                     Rows Removed by Join Filter: 95905
                     ->  Seq Scan on nation  (cost=0.00..1.31 rows=1 width=4) (actual time=0.028..0.032 rows=1 loops=1)
                           Filter: (n_name = 'IRAQ'::bpchar)
                           Rows Removed by Filter: 24
                     ->  Seq Scan on supplier  (cost=0.00..3221.00 rows=100000 width=59) (actual time=0.005..12.246 rows=100000 loops=1)
               ->  Materialize  (cost=2610774.47..2861109.56 rows=6 width=8) (actual time=3.339..6.661 rows=44782 loops=4095)
                     ->  Hash Join  (cost=2610774.47..2861109.53 rows=6 width=8) (actual time=13673.751..20971.054 rows=59002 loops=1)
                           Hash Cond: ((lineitem.l_partkey = partsupp.ps_partkey) AND (lineitem.l_suppkey = partsupp.ps_suppkey))
                           Join Filter: ((partsupp.ps_availqty)::numeric > ((0.5 * sum(lineitem.l_quantity))))
                           Rows Removed by Join Filter: 123
                           ->  HashAggregate  (cost=2391560.06..2556227.72 rows=4895265 width=40) (actual time=13112.472..19658.940 rows=5448842 loops=1)
                                 Group Key: lineitem.l_partkey, lineitem.l_suppkey
                                 Planned Partitions: 32  Batches: 161  Memory Usage: 65809kB  Disk Usage: 358200kB
                                 ->  Bitmap Heap Scan on lineitem  (cost=149797.70..1997773.87 rows=9342842 width=13) (actual time=1122.445..9007.219 rows=9123688 loops=1)
                                       Recheck Cond: ((l_shipdate >= '1996-01-01'::date) AND (l_shipdate < '1997-01-01'::date))
                                       Rows Removed by Index Recheck: 23164080
                                       Heap Blocks: exact=518099 lossy=530696
                                       ->  Bitmap Index Scan on idx_lineitem_shipdate  (cost=0.00..147461.98 rows=9342842 width=0) (actual time=1002.837..1002.837 rows=9123688 loops=1)
                                             Index Cond: ((l_shipdate >= '1996-01-01'::date) AND (l_shipdate < '1997-01-01'::date))
                           ->  Hash  (cost=216789.74..216789.74 rows=161645 width=16) (actual time=560.889..560.890 rows=86872 loops=1)
                                 Buckets: 262144  Batches: 1  Memory Usage: 6121kB
                                 ->  Nested Loop  (cost=0.43..216789.74 rows=161645 width=16) (actual time=0.064..538.605 rows=86872 loops=1)
                                       ->  Seq Scan on part  (cost=0.00..65981.60 rows=40405 width=4) (actual time=0.043..329.640 rows=21718 loops=1)
                                             Filter: ((p_name)::text ~~ 'olive%'::text)
                                             Rows Removed by Filter: 1978282
                                       ->  Index Scan using idx_partsupp_partkey on partsupp  (cost=0.43..3.55 rows=18 width=12) (actual time=0.008..0.009 rows=4 loops=21718)
                                             Index Cond: (ps_partkey = part.p_partkey)
 Planning Time: 2.121 ms
 Execution Time: 37242.621 ms
(38 rows)

query 21 run 1
SET
SET
SET
                                                                                               QUERY PLAN                                                                                                
---------------------------------------------------------------------------------------------------------------------------------------------------------------------------------------------------------
 Limit  (cost=3691105.39..3691105.40 rows=1 width=34) (actual time=26252.900..26252.915 rows=100 loops=1)
   ->  Sort  (cost=3691105.39..3691105.40 rows=1 width=34) (actual time=26252.899..26252.908 rows=100 loops=1)
         Sort Key: (count(*)) DESC, supplier.s_name
         Sort Method: top-N heapsort  Memory: 38kB
         ->  GroupAggregate  (cost=3691105.36..3691105.38 rows=1 width=34) (actual time=26245.415..26251.696 rows=3991 loops=1)
               Group Key: supplier.s_name
               ->  Sort  (cost=3691105.36..3691105.37 rows=1 width=26) (actual time=26245.403..26246.995 rows=39281 loops=1)
                     Sort Key: supplier.s_name
                     Sort Method: quicksort  Memory: 4298kB
                     ->  Nested Loop Semi Join  (cost=1970210.30..3691105.35 rows=1 width=26) (actual time=15323.793..26082.920 rows=39281 loops=1)
                           Join Filter: (l2.l_suppkey <> l1.l_suppkey)
                           Rows Removed by Join Filter: 42025
                           ->  Nested Loop Anti Join  (cost=1970209.73..3691101.71 rows=1 width=38) (actual time=15323.789..25936.195 rows=65960 loops=1)
                                 ->  Hash Join  (cost=1970209.17..2450165.51 rows=386479 width=38) (actual time=15323.721..21055.269 rows=730985 loops=1)
                                       Hash Cond: (orders.o_orderkey = l1.l_orderkey)
                                       ->  Seq Scan on orders  (cost=0.00..448778.74 rows=7283417 width=4) (actual time=0.423..2462.606 rows=7309184 loops=1)
                                             Filter: (o_orderstatus = 'F'::bpchar)
                                             Rows Removed by Filter: 7690816
                                       ->  Hash  (cost=1960259.30..1960259.30 rows=795989 width=34) (actual time=15321.851..15321.853 rows=1514267 loops=1)
                                             Buckets: 1048576 (originally 1048576)  Batches: 2 (originally 1)  Memory Usage: 58450kB
                                             ->  Hash Join  (cost=2311.46..1960259.30 rows=795989 width=34) (actual time=39.606..14902.017 rows=1514267 loops=1)
                                                   Hash Cond: (l1.l_suppkey = supplier.s_suppkey)
                                                   ->  Seq Scan on lineitem l1  (cost=0.00..1875002.05 rows=19996241 width=8) (actual time=0.564..11448.106 rows=37929348 loops=1)
                                                         Filter: (l_receiptdate > l_commitdate)
                                                         Rows Removed by Filter: 22056704
                                                   ->  Hash  (cost=2261.46..2261.46 rows=4000 width=30) (actual time=38.965..38.967 rows=3991 loops=1)
                                                         Buckets: 4096  Batches: 1  Memory Usage: 282kB
                                                         ->  Nested Loop  (cost=37.29..2261.46 rows=4000 width=30) (actual time=1.560..37.856 rows=3991 loops=1)
                                                               ->  Seq Scan on nation  (cost=0.00..1.31 rows=1 width=4) (actual time=0.193..0.197 rows=1 loops=1)
                                                                     Filter: (n_name = 'PERU'::bpchar)
                                                                     Rows Removed by Filter: 24
                                                               ->  Bitmap Heap Scan on supplier  (cost=37.29..2220.15 rows=4000 width=34) (actual time=1.357..36.972 rows=3991 loops=1)
                                                                     Recheck Cond: (s_nationkey = nation.n_nationkey)
                                                                     Heap Blocks: exact=1865
                                                                     ->  Bitmap Index Scan on idx_supplier_nation_key  (cost=0.00..36.29 rows=4000 width=0) (actual time=0.869..0.869 rows=3991 loops=1)
                                                                           Index Cond: (s_nationkey = nation.n_nationkey)
                                 ->  Index Scan using idx_lineitem_orderkey on lineitem l3  (cost=0.56..3.64 rows=1 width=8) (actual time=0.006..0.006 rows=1 loops=730985)
                                       Index Cond: (l_orderkey = l1.l_orderkey)
                                       Filter: ((l_receiptdate > l_commitdate) AND (l_suppkey <> l1.l_suppkey))
                                       Rows Removed by Filter: 1
                           ->  Index Scan using idx_lineitem_orderkey on lineitem l2  (cost=0.56..3.62 rows=4 width=8) (actual time=0.002..0.002 rows=1 loops=65960)
                                 Index Cond: (l_orderkey = orders.o_orderkey)
 Planning Time: 20.850 ms
 Execution Time: 26254.322 ms
(44 rows)

SET
SET
SET
                                                                                               QUERY PLAN                                                                                                
---------------------------------------------------------------------------------------------------------------------------------------------------------------------------------------------------------
 Limit  (cost=3691105.39..3691105.40 rows=1 width=34) (actual time=22316.464..22316.479 rows=100 loops=1)
   ->  Sort  (cost=3691105.39..3691105.40 rows=1 width=34) (actual time=22316.462..22316.471 rows=100 loops=1)
         Sort Key: (count(*)) DESC, supplier.s_name
         Sort Method: top-N heapsort  Memory: 38kB
         ->  GroupAggregate  (cost=3691105.36..3691105.38 rows=1 width=34) (actual time=22309.083..22315.254 rows=3991 loops=1)
               Group Key: supplier.s_name
               ->  Sort  (cost=3691105.36..3691105.37 rows=1 width=26) (actual time=22309.071..22310.644 rows=39281 loops=1)
                     Sort Key: supplier.s_name
                     Sort Method: quicksort  Memory: 4298kB
                     ->  Nested Loop Semi Join  (cost=1970210.30..3691105.35 rows=1 width=26) (actual time=13106.520..22146.666 rows=39281 loops=1)
                           Join Filter: (l2.l_suppkey <> l1.l_suppkey)
                           Rows Removed by Join Filter: 42025
                           ->  Nested Loop Anti Join  (cost=1970209.73..3691101.71 rows=1 width=38) (actual time=13106.516..22006.165 rows=65960 loops=1)
                                 ->  Hash Join  (cost=1970209.17..2450165.51 rows=386479 width=38) (actual time=13106.465..18332.118 rows=730985 loops=1)
                                       Hash Cond: (orders.o_orderkey = l1.l_orderkey)
                                       ->  Seq Scan on orders  (cost=0.00..448778.74 rows=7283417 width=4) (actual time=0.020..2017.146 rows=7309184 loops=1)
                                             Filter: (o_orderstatus = 'F'::bpchar)
                                             Rows Removed by Filter: 7690816
                                       ->  Hash  (cost=1960259.30..1960259.30 rows=795989 width=34) (actual time=13104.989..13104.992 rows=1514267 loops=1)
                                             Buckets: 1048576 (originally 1048576)  Batches: 2 (originally 1)  Memory Usage: 58450kB
                                             ->  Hash Join  (cost=2311.46..1960259.30 rows=795989 width=34) (actual time=15.130..12712.781 rows=1514267 loops=1)
                                                   Hash Cond: (l1.l_suppkey = supplier.s_suppkey)
                                                   ->  Seq Scan on lineitem l1  (cost=0.00..1875002.05 rows=19996241 width=8) (actual time=0.030..9612.404 rows=37929348 loops=1)
                                                         Filter: (l_receiptdate > l_commitdate)
                                                         Rows Removed by Filter: 22056704
                                                   ->  Hash  (cost=2261.46..2261.46 rows=4000 width=30) (actual time=15.066..15.067 rows=3991 loops=1)
                                                         Buckets: 4096  Batches: 1  Memory Usage: 282kB
                                                         ->  Nested Loop  (cost=37.29..2261.46 rows=4000 width=30) (actual time=0.545..14.208 rows=3991 loops=1)
                                                               ->  Seq Scan on nation  (cost=0.00..1.31 rows=1 width=4) (actual time=0.013..0.017 rows=1 loops=1)
                                                                     Filter: (n_name = 'PERU'::bpchar)
                                                                     Rows Removed by Filter: 24
                                                               ->  Bitmap Heap Scan on supplier  (cost=37.29..2220.15 rows=4000 width=34) (actual time=0.526..13.638 rows=3991 loops=1)
                                                                     Recheck Cond: (s_nationkey = nation.n_nationkey)
                                                                     Heap Blocks: exact=1865
                                                                     ->  Bitmap Index Scan on idx_supplier_nation_key  (cost=0.00..36.29 rows=4000 width=0) (actual time=0.314..0.314 rows=3991 loops=1)
                                                                           Index Cond: (s_nationkey = nation.n_nationkey)
                                 ->  Index Scan using idx_lineitem_orderkey on lineitem l3  (cost=0.56..3.64 rows=1 width=8) (actual time=0.005..0.005 rows=1 loops=730985)
                                       Index Cond: (l_orderkey = l1.l_orderkey)
                                       Filter: ((l_receiptdate > l_commitdate) AND (l_suppkey <> l1.l_suppkey))
                                       Rows Removed by Filter: 1
                           ->  Index Scan using idx_lineitem_orderkey on lineitem l2  (cost=0.56..3.62 rows=4 width=8) (actual time=0.002..0.002 rows=1 loops=65960)
                                 Index Cond: (l_orderkey = orders.o_orderkey)
 Planning Time: 2.795 ms
 Execution Time: 22317.549 ms
(44 rows)

query 22 run 1
SET
SET
SET
                                                                          QUERY PLAN                                                                          
--------------------------------------------------------------------------------------------------------------------------------------------------------------
 Limit  (cost=161571.56..161571.59 rows=1 width=72) (actual time=1948.889..1948.891 rows=1 loops=1)
   InitPlan 1 (returns $0)
     ->  Aggregate  (cost=75439.00..75439.01 rows=1 width=32) (actual time=984.165..984.166 rows=1 loops=1)
           ->  Seq Scan on customer customer_1  (cost=0.00..75319.77 rows=47690 width=6) (actual time=0.016..947.299 rows=382426 loops=1)
                 Filter: ((c_acctbal > 0.00) AND (SUBSTRING(c_phone FROM 1 FOR 2) = ANY ('{21,29,26,34,14,15,17}'::text[])))
                 Rows Removed by Filter: 1117574
   ->  GroupAggregate  (cost=86132.55..86353.43 rows=8032 width=72) (actual time=1948.887..1948.888 rows=1 loops=1)
         Group Key: (SUBSTRING(customer.c_phone FROM 1 FOR 2))
         ->  Sort  (cost=86132.55..86152.63 rows=8032 width=38) (actual time=1947.096..1947.443 rows=9006 loops=1)
               Sort Key: (SUBSTRING(customer.c_phone FROM 1 FOR 2))
               Sort Method: quicksort  Memory: 5005kB
               ->  Nested Loop Anti Join  (cost=0.43..85611.61 rows=8032 width=38) (actual time=984.653..1926.804 rows=63509 loops=1)
                     ->  Seq Scan on customer  (cost=0.00..75319.77 rows=17499 width=26) (actual time=984.635..1504.905 rows=191129 loops=1)
                           Filter: ((c_acctbal > $0) AND (SUBSTRING(c_phone FROM 1 FOR 2) = ANY ('{21,29,26,34,14,15,17}'::text[])))
                           Rows Removed by Filter: 1308871
                     ->  Index Only Scan using idx_orders_custkey on orders  (cost=0.43..2.17 rows=18 width=4) (actual time=0.002..0.002 rows=1 loops=191129)
                           Index Cond: (o_custkey = customer.c_custkey)
                           Heap Fetches: 0
 Planning Time: 14.026 ms
 Execution Time: 1949.929 ms
(20 rows)

SET
SET
SET
                                                                          QUERY PLAN                                                                          
--------------------------------------------------------------------------------------------------------------------------------------------------------------
 Limit  (cost=161571.56..161571.59 rows=1 width=72) (actual time=1535.277..1535.279 rows=1 loops=1)
   InitPlan 1 (returns $0)
     ->  Aggregate  (cost=75439.00..75439.01 rows=1 width=32) (actual time=724.485..724.485 rows=1 loops=1)
           ->  Seq Scan on customer customer_1  (cost=0.00..75319.77 rows=47690 width=6) (actual time=0.007..689.816 rows=382426 loops=1)
                 Filter: ((c_acctbal > 0.00) AND (SUBSTRING(c_phone FROM 1 FOR 2) = ANY ('{21,29,26,34,14,15,17}'::text[])))
                 Rows Removed by Filter: 1117574
   ->  GroupAggregate  (cost=86132.55..86353.43 rows=8032 width=72) (actual time=1535.276..1535.276 rows=1 loops=1)
         Group Key: (SUBSTRING(customer.c_phone FROM 1 FOR 2))
         ->  Sort  (cost=86132.55..86152.63 rows=8032 width=38) (actual time=1533.493..1533.839 rows=9006 loops=1)
               Sort Key: (SUBSTRING(customer.c_phone FROM 1 FOR 2))
               Sort Method: quicksort  Memory: 5005kB
               ->  Nested Loop Anti Join  (cost=0.43..85611.61 rows=8032 width=38) (actual time=724.524..1515.260 rows=63509 loops=1)
                     ->  Seq Scan on customer  (cost=0.00..75319.77 rows=17499 width=26) (actual time=724.508..1224.268 rows=191129 loops=1)
                           Filter: ((c_acctbal > $0) AND (SUBSTRING(c_phone FROM 1 FOR 2) = ANY ('{21,29,26,34,14,15,17}'::text[])))
                           Rows Removed by Filter: 1308871
                     ->  Index Only Scan using idx_orders_custkey on orders  (cost=0.43..2.17 rows=18 width=4) (actual time=0.001..0.001 rows=1 loops=191129)
                           Index Cond: (o_custkey = customer.c_custkey)
                           Heap Fetches: 0
 Planning Time: 0.992 ms
 Execution Time: 1535.341 ms
(20 rows)

