query 1 run 1
SET
SET
SET
                                                                 QUERY PLAN                                                                  
---------------------------------------------------------------------------------------------------------------------------------------------
 Limit  (cost=3947736.58..3947736.58 rows=1 width=236) (actual time=73944.235..73944.236 rows=1 loops=1)
   ->  Sort  (cost=3947736.58..3947736.60 rows=6 width=236) (actual time=73944.233..73944.234 rows=1 loops=1)
         Sort Key: l_returnflag, l_linestatus
         Sort Method: top-N heapsort  Memory: 25kB
         ->  HashAggregate  (cost=3947736.39..3947736.55 rows=6 width=236) (actual time=73944.190..73944.198 rows=4 loops=1)
               Group Key: l_returnflag, l_linestatus
               Batches: 1  Memory Usage: 32kB
               ->  Seq Scan on lineitem  (cost=0.00..1874970.20 rows=59221891 width=25) (actual time=0.579..11622.455 rows=59284448 loops=1)
                     Filter: (l_shipdate <= '1998-09-10 00:00:00'::timestamp without time zone)
                     Rows Removed by Filter: 701604
 Planning Time: 15.405 ms
 Execution Time: 73944.567 ms
(12 rows)

SET
SET
SET
                                                                 QUERY PLAN                                                                 
--------------------------------------------------------------------------------------------------------------------------------------------
 Limit  (cost=3947736.58..3947736.58 rows=1 width=236) (actual time=71903.768..71903.769 rows=1 loops=1)
   ->  Sort  (cost=3947736.58..3947736.60 rows=6 width=236) (actual time=71903.767..71903.767 rows=1 loops=1)
         Sort Key: l_returnflag, l_linestatus
         Sort Method: top-N heapsort  Memory: 25kB
         ->  HashAggregate  (cost=3947736.39..3947736.55 rows=6 width=236) (actual time=71903.742..71903.751 rows=4 loops=1)
               Group Key: l_returnflag, l_linestatus
               Batches: 1  Memory Usage: 32kB
               ->  Seq Scan on lineitem  (cost=0.00..1874970.20 rows=59221891 width=25) (actual time=0.025..9979.056 rows=59284448 loops=1)
                     Filter: (l_shipdate <= '1998-09-10 00:00:00'::timestamp without time zone)
                     Rows Removed by Filter: 701604
 Planning Time: 0.549 ms
 Execution Time: 71903.817 ms
(12 rows)

query 2 run 1
SET
SET
SET
                                                                                        QUERY PLAN                                                                                         
-------------------------------------------------------------------------------------------------------------------------------------------------------------------------------------------
 Limit  (cost=1051586.35..1051586.36 rows=1 width=192) (actual time=4955.249..4955.266 rows=100 loops=1)
   ->  Sort  (cost=1051586.35..1051586.36 rows=1 width=192) (actual time=4955.248..4955.259 rows=100 loops=1)
         Sort Key: supplier.s_acctbal DESC, nation.n_name, supplier.s_name, part.p_partkey
         Sort Method: top-N heapsort  Memory: 71kB
         ->  Merge Join  (cost=557919.45..1051586.34 rows=1 width=192) (actual time=3150.874..4952.492 rows=4737 loops=1)
               Merge Cond: (part.p_partkey = partsupp.ps_partkey)
               Join Filter: (partsupp.ps_supplycost = (SubPlan 1))
               Rows Removed by Join Filter: 1661
               ->  Index Scan using part_pkey on part  (cost=0.43..89211.97 rows=7050 width=30) (actual time=0.460..786.291 rows=8046 loops=1)
                     Filter: (((p_type)::text ~~ '%NICKEL'::text) AND (p_size = 16))
                     Rows Removed by Filter: 1991954
               ->  Materialize  (cost=557906.37..565903.62 rows=1599451 width=172) (actual time=3149.286..3605.266 rows=1603828 loops=1)
                     ->  Sort  (cost=557906.37..561904.99 rows=1599451 width=172) (actual time=3149.281..3428.015 rows=1603828 loops=1)
                           Sort Key: partsupp.ps_partkey
                           Sort Method: external merge  Disk: 293496kB
                           ->  Hash Join  (cost=4048.51..305227.27 rows=1599451 width=172) (actual time=44.390..2486.133 rows=1604080 loops=1)
                                 Hash Cond: (partsupp.ps_suppkey = supplier.s_suppkey)
                                 ->  Seq Scan on partsupp  (cost=0.00..255194.55 rows=7997255 width=14) (actual time=0.425..1080.918 rows=8000000 loops=1)
                                 ->  Hash  (cost=3798.51..3798.51 rows=20000 width=166) (actual time=43.927..43.929 rows=20051 loops=1)
                                       Buckets: 32768  Batches: 1  Memory Usage: 4211kB
                                       ->  Hash Join  (cost=2.51..3798.51 rows=20000 width=166) (actual time=0.865..37.983 rows=20051 loops=1)
                                             Hash Cond: (supplier.s_nationkey = nation.n_nationkey)
                                             ->  Seq Scan on supplier  (cost=0.00..3221.00 rows=100000 width=144) (actual time=0.432..25.499 rows=100000 loops=1)
                                             ->  Hash  (cost=2.45..2.45 rows=5 width=30) (actual time=0.428..0.429 rows=5 loops=1)
                                                   Buckets: 1024  Batches: 1  Memory Usage: 9kB
                                                   ->  Hash Join  (cost=1.07..2.45 rows=5 width=30) (actual time=0.415..0.426 rows=5 loops=1)
                                                         Hash Cond: (nation.n_regionkey = region.r_regionkey)
                                                         ->  Seq Scan on nation  (cost=0.00..1.25 rows=25 width=34) (actual time=0.198..0.201 rows=25 loops=1)
                                                         ->  Hash  (cost=1.06..1.06 rows=1 width=4) (actual time=0.208..0.209 rows=1 loops=1)
                                                               Buckets: 1024  Batches: 1  Memory Usage: 9kB
                                                               ->  Seq Scan on region  (cost=0.00..1.06 rows=1 width=4) (actual time=0.202..0.204 rows=1 loops=1)
                                                                     Filter: (r_name = 'AMERICA'::bpchar)
                                                                     Rows Removed by Filter: 4
               SubPlan 1
                 ->  Aggregate  (cost=69.59..69.60 rows=1 width=32) (actual time=0.058..0.059 rows=1 loops=6398)
                       ->  Nested Loop  (cost=2.29..69.58 rows=4 width=6) (actual time=0.048..0.056 rows=2 loops=6398)
                             Join Filter: (nation_1.n_regionkey = region_1.r_regionkey)
                             Rows Removed by Join Filter: 2
                             ->  Seq Scan on region region_1  (cost=0.00..1.06 rows=1 width=4) (actual time=0.001..0.001 rows=1 loops=6398)
                                   Filter: (r_name = 'AMERICA'::bpchar)
                                   Rows Removed by Filter: 4
                             ->  Hash Join  (cost=2.29..68.28 rows=19 width=10) (actual time=0.042..0.054 rows=4 loops=6398)
                                   Hash Cond: (supplier_1.s_nationkey = nation_1.n_nationkey)
                                   ->  Nested Loop  (cost=0.72..66.66 rows=19 width=10) (actual time=0.042..0.052 rows=4 loops=6398)
                                         ->  Index Scan using idx_partsupp_partkey on partsupp partsupp_1  (cost=0.43..3.77 rows=19 width=10) (actual time=0.037..0.038 rows=4 loops=6398)
                                               Index Cond: (ps_partkey = part.p_partkey)
                                         ->  Index Scan using supplier_pkey on supplier supplier_1  (cost=0.29..3.31 rows=1 width=8) (actual time=0.003..0.003 rows=1 loops=25592)
                                               Index Cond: (s_suppkey = partsupp_1.ps_suppkey)
                                   ->  Hash  (cost=1.25..1.25 rows=25 width=8) (actual time=0.012..0.013 rows=25 loops=1)
                                         Buckets: 1024  Batches: 1  Memory Usage: 9kB
                                         ->  Seq Scan on nation nation_1  (cost=0.00..1.25 rows=25 width=8) (actual time=0.003..0.006 rows=25 loops=1)
 Planning Time: 20.803 ms
 Execution Time: 4991.663 ms
(53 rows)

SET
SET
SET
                                                                                        QUERY PLAN                                                                                         
-------------------------------------------------------------------------------------------------------------------------------------------------------------------------------------------
 Limit  (cost=1051586.35..1051586.36 rows=1 width=192) (actual time=3902.064..3902.080 rows=100 loops=1)
   ->  Sort  (cost=1051586.35..1051586.36 rows=1 width=192) (actual time=3902.062..3902.072 rows=100 loops=1)
         Sort Key: supplier.s_acctbal DESC, nation.n_name, supplier.s_name, part.p_partkey
         Sort Method: top-N heapsort  Memory: 71kB
         ->  Merge Join  (cost=557919.45..1051586.34 rows=1 width=192) (actual time=2697.975..3899.713 rows=4737 loops=1)
               Merge Cond: (part.p_partkey = partsupp.ps_partkey)
               Join Filter: (partsupp.ps_supplycost = (SubPlan 1))
               Rows Removed by Join Filter: 1661
               ->  Index Scan using part_pkey on part  (cost=0.43..89211.97 rows=7050 width=30) (actual time=0.020..480.617 rows=8046 loops=1)
                     Filter: (((p_type)::text ~~ '%NICKEL'::text) AND (p_size = 16))
                     Rows Removed by Filter: 1991954
               ->  Materialize  (cost=557906.37..565903.62 rows=1599451 width=172) (actual time=2697.860..3131.872 rows=1603828 loops=1)
                     ->  Sort  (cost=557906.37..561904.99 rows=1599451 width=172) (actual time=2697.857..2955.824 rows=1603828 loops=1)
                           Sort Key: partsupp.ps_partkey
                           Sort Method: external merge  Disk: 293496kB
                           ->  Hash Join  (cost=4048.51..305227.27 rows=1599451 width=172) (actual time=26.468..2046.835 rows=1604080 loops=1)
                                 Hash Cond: (partsupp.ps_suppkey = supplier.s_suppkey)
                                 ->  Seq Scan on partsupp  (cost=0.00..255194.55 rows=7997255 width=14) (actual time=0.033..772.587 rows=8000000 loops=1)
                                 ->  Hash  (cost=3798.51..3798.51 rows=20000 width=166) (actual time=26.408..26.411 rows=20051 loops=1)
                                       Buckets: 32768  Batches: 1  Memory Usage: 4211kB
                                       ->  Hash Join  (cost=2.51..3798.51 rows=20000 width=166) (actual time=0.025..20.972 rows=20051 loops=1)
                                             Hash Cond: (supplier.s_nationkey = nation.n_nationkey)
                                             ->  Seq Scan on supplier  (cost=0.00..3221.00 rows=100000 width=144) (actual time=0.002..5.981 rows=100000 loops=1)
                                             ->  Hash  (cost=2.45..2.45 rows=5 width=30) (actual time=0.020..0.022 rows=5 loops=1)
                                                   Buckets: 1024  Batches: 1  Memory Usage: 9kB
                                                   ->  Hash Join  (cost=1.07..2.45 rows=5 width=30) (actual time=0.014..0.020 rows=5 loops=1)
                                                         Hash Cond: (nation.n_regionkey = region.r_regionkey)
                                                         ->  Seq Scan on nation  (cost=0.00..1.25 rows=25 width=34) (actual time=0.001..0.003 rows=25 loops=1)
                                                         ->  Hash  (cost=1.06..1.06 rows=1 width=4) (actual time=0.009..0.010 rows=1 loops=1)
                                                               Buckets: 1024  Batches: 1  Memory Usage: 9kB
                                                               ->  Seq Scan on region  (cost=0.00..1.06 rows=1 width=4) (actual time=0.007..0.008 rows=1 loops=1)
                                                                     Filter: (r_name = 'AMERICA'::bpchar)
                                                                     Rows Removed by Filter: 4
               SubPlan 1
                 ->  Aggregate  (cost=69.59..69.60 rows=1 width=32) (actual time=0.017..0.017 rows=1 loops=6398)
                       ->  Nested Loop  (cost=2.29..69.58 rows=4 width=6) (actual time=0.009..0.015 rows=2 loops=6398)
                             Join Filter: (nation_1.n_regionkey = region_1.r_regionkey)
                             Rows Removed by Join Filter: 2
                             ->  Seq Scan on region region_1  (cost=0.00..1.06 rows=1 width=4) (actual time=0.001..0.001 rows=1 loops=6398)
                                   Filter: (r_name = 'AMERICA'::bpchar)
                                   Rows Removed by Filter: 4
                             ->  Hash Join  (cost=2.29..68.28 rows=19 width=10) (actual time=0.005..0.013 rows=4 loops=6398)
                                   Hash Cond: (supplier_1.s_nationkey = nation_1.n_nationkey)
                                   ->  Nested Loop  (cost=0.72..66.66 rows=19 width=10) (actual time=0.005..0.012 rows=4 loops=6398)
                                         ->  Index Scan using idx_partsupp_partkey on partsupp partsupp_1  (cost=0.43..3.77 rows=19 width=10) (actual time=0.002..0.003 rows=4 loops=6398)
                                               Index Cond: (ps_partkey = part.p_partkey)
                                         ->  Index Scan using supplier_pkey on supplier supplier_1  (cost=0.29..3.31 rows=1 width=8) (actual time=0.002..0.002 rows=1 loops=25592)
                                               Index Cond: (s_suppkey = partsupp_1.ps_suppkey)
                                   ->  Hash  (cost=1.25..1.25 rows=25 width=8) (actual time=0.012..0.012 rows=25 loops=1)
                                         Buckets: 1024  Batches: 1  Memory Usage: 9kB
                                         ->  Seq Scan on nation nation_1  (cost=0.00..1.25 rows=25 width=8) (actual time=0.003..0.006 rows=25 loops=1)
 Planning Time: 1.887 ms
 Execution Time: 3938.671 ms
(53 rows)

query 3 run 1
SET
SET
SET
                                                                                     QUERY PLAN                                                                                      
-------------------------------------------------------------------------------------------------------------------------------------------------------------------------------------
 Limit  (cost=3179015.10..3179015.13 rows=10 width=44) (actual time=26984.289..26984.294 rows=10 loops=1)
   ->  Sort  (cost=3179015.10..3186825.50 rows=3124157 width=44) (actual time=26984.287..26984.291 rows=10 loops=1)
         Sort Key: (sum((lineitem.l_extendedprice * ('1'::numeric - lineitem.l_discount)))) DESC, orders.o_orderdate
         Sort Method: top-N heapsort  Memory: 26kB
         ->  HashAggregate  (cost=3035840.02..3111503.19 rows=3124157 width=44) (actual time=26856.757..26964.895 rows=113934 loops=1)
               Group Key: lineitem.l_orderkey, orders.o_orderdate, orders.o_shippriority
               Planned Partitions: 32  Batches: 33  Memory Usage: 34065kB  Disk Usage: 6104kB
               ->  Hash Join  (cost=517824.90..2871577.70 rows=3124157 width=24) (actual time=7188.662..26646.350 rows=301530 loops=1)
                     Hash Cond: (lineitem.l_orderkey = orders.o_orderkey)
                     ->  Seq Scan on lineitem  (cost=0.00..1874970.20 rows=32593342 width=16) (actual time=0.713..11266.591 rows=32534229 loops=1)
                           Filter: (l_shipdate > '1995-03-07'::date)
                           Rows Removed by Filter: 27451823
                     ->  Hash  (cost=492833.87..492833.87 rows=1437682 width=12) (actual time=7184.796..7184.798 rows=1451805 loops=1)
                           Buckets: 1048576  Batches: 4  Memory Usage: 23817kB
                           ->  Hash Join  (cost=123184.21..492833.87 rows=1437682 width=12) (actual time=1051.929..6870.485 rows=1451805 loops=1)
                                 Hash Cond: (orders.o_custkey = customer.c_custkey)
                                 ->  Bitmap Heap Scan on orders  (cost=64725.31..415564.89 rows=7165726 width=16) (actual time=543.820..4722.270 rows=7239437 loops=1)
                                       Recheck Cond: (o_orderdate < '1995-03-07'::date)
                                       Heap Blocks: exact=261268
                                       ->  Bitmap Index Scan on idx_orders_orderdate  (cost=0.00..62933.88 rows=7165726 width=0) (actual time=493.111..493.112 rows=7239437 loops=1)
                                             Index Cond: (o_orderdate < '1995-03-07'::date)
                                 ->  Hash  (cost=54697.03..54697.03 rows=300950 width=4) (actual time=507.374..507.375 rows=300276 loops=1)
                                       Buckets: 524288  Batches: 1  Memory Usage: 14653kB
                                       ->  Seq Scan on customer  (cost=0.00..54697.03 rows=300950 width=4) (actual time=0.723..454.591 rows=300276 loops=1)
                                             Filter: (c_mktsegment = 'BUILDING'::bpchar)
                                             Rows Removed by Filter: 1199724
 Planning Time: 22.033 ms
 Execution Time: 26986.673 ms
(28 rows)

SET
SET
SET
                                                                                     QUERY PLAN                                                                                      
-------------------------------------------------------------------------------------------------------------------------------------------------------------------------------------
 Limit  (cost=3179015.10..3179015.13 rows=10 width=44) (actual time=22362.773..22362.778 rows=10 loops=1)
   ->  Sort  (cost=3179015.10..3186825.50 rows=3124157 width=44) (actual time=22362.772..22362.775 rows=10 loops=1)
         Sort Key: (sum((lineitem.l_extendedprice * ('1'::numeric - lineitem.l_discount)))) DESC, orders.o_orderdate
         Sort Method: top-N heapsort  Memory: 26kB
         ->  HashAggregate  (cost=3035840.02..3111503.19 rows=3124157 width=44) (actual time=22234.409..22343.050 rows=113934 loops=1)
               Group Key: lineitem.l_orderkey, orders.o_orderdate, orders.o_shippriority
               Planned Partitions: 32  Batches: 33  Memory Usage: 34065kB  Disk Usage: 6104kB
               ->  Hash Join  (cost=517824.90..2871577.70 rows=3124157 width=24) (actual time=4609.549..22037.132 rows=301530 loops=1)
                     Hash Cond: (lineitem.l_orderkey = orders.o_orderkey)
                     ->  Seq Scan on lineitem  (cost=0.00..1874970.20 rows=32593342 width=16) (actual time=0.021..9331.630 rows=32534229 loops=1)
                           Filter: (l_shipdate > '1995-03-07'::date)
                           Rows Removed by Filter: 27451823
                     ->  Hash  (cost=492833.87..492833.87 rows=1437682 width=12) (actual time=4607.682..4607.684 rows=1451805 loops=1)
                           Buckets: 1048576  Batches: 4  Memory Usage: 23817kB
                           ->  Hash Join  (cost=123184.21..492833.87 rows=1437682 width=12) (actual time=887.826..4345.486 rows=1451805 loops=1)
                                 Hash Cond: (orders.o_custkey = customer.c_custkey)
                                 ->  Bitmap Heap Scan on orders  (cost=64725.31..415564.89 rows=7165726 width=16) (actual time=512.457..2429.493 rows=7239437 loops=1)
                                       Recheck Cond: (o_orderdate < '1995-03-07'::date)
                                       Heap Blocks: exact=261268
                                       ->  Bitmap Index Scan on idx_orders_orderdate  (cost=0.00..62933.88 rows=7165726 width=0) (actual time=462.323..462.323 rows=7239437 loops=1)
                                             Index Cond: (o_orderdate < '1995-03-07'::date)
                                 ->  Hash  (cost=54697.03..54697.03 rows=300950 width=4) (actual time=374.644..374.645 rows=300276 loops=1)
                                       Buckets: 524288  Batches: 1  Memory Usage: 14653kB
                                       ->  Seq Scan on customer  (cost=0.00..54697.03 rows=300950 width=4) (actual time=0.028..324.617 rows=300276 loops=1)
                                             Filter: (c_mktsegment = 'BUILDING'::bpchar)
                                             Rows Removed by Filter: 1199724
 Planning Time: 1.536 ms
 Execution Time: 22364.437 ms
(28 rows)

query 4 run 1
SET
SET
SET
                                                                             QUERY PLAN                                                                             
--------------------------------------------------------------------------------------------------------------------------------------------------------------------
 Limit  (cost=2031342.82..2031342.83 rows=1 width=24) (actual time=18614.451..18614.452 rows=1 loops=1)
   ->  Sort  (cost=2031342.82..2031342.84 rows=5 width=24) (actual time=18614.449..18614.450 rows=1 loops=1)
         Sort Key: orders.o_orderpriority
         Sort Method: top-N heapsort  Memory: 25kB
         ->  HashAggregate  (cost=2031342.75..2031342.80 rows=5 width=24) (actual time=18613.700..18613.702 rows=5 loops=1)
               Group Key: orders.o_orderpriority
               Batches: 1  Memory Usage: 24kB
               ->  Nested Loop Semi Join  (cost=6347.47..2028591.97 rows=550155 width=16) (actual time=111.253..18339.101 rows=513822 loops=1)
                     ->  Bitmap Heap Scan on orders  (cost=6346.91..275868.52 rows=550241 width=20) (actual time=110.621..5030.867 rows=560424 loops=1)
                           Recheck Cond: ((o_orderdate >= '1993-12-01'::date) AND (o_orderdate < '1994-03-01'::date))
                           Heap Blocks: exact=231887
                           ->  Bitmap Index Scan on idx_orders_orderdate  (cost=0.00..6209.35 rows=550241 width=0) (actual time=64.967..64.967 rows=560424 loops=1)
                                 Index Cond: ((o_orderdate >= '1993-12-01'::date) AND (o_orderdate < '1994-03-01'::date))
                     ->  Index Scan using idx_lineitem_orderkey on lineitem  (cost=0.56..3.61 rows=1 width=4) (actual time=0.023..0.023 rows=1 loops=560424)
                           Index Cond: (l_orderkey = orders.o_orderkey)
                           Filter: (l_commitdate < l_receiptdate)
                           Rows Removed by Filter: 1
 Planning Time: 16.162 ms
 Execution Time: 18614.792 ms
(19 rows)

SET
SET
SET
                                                                             QUERY PLAN                                                                             
--------------------------------------------------------------------------------------------------------------------------------------------------------------------
 Limit  (cost=2031342.82..2031342.83 rows=1 width=24) (actual time=4515.661..4515.662 rows=1 loops=1)
   ->  Sort  (cost=2031342.82..2031342.84 rows=5 width=24) (actual time=4515.660..4515.661 rows=1 loops=1)
         Sort Key: orders.o_orderpriority
         Sort Method: top-N heapsort  Memory: 25kB
         ->  HashAggregate  (cost=2031342.75..2031342.80 rows=5 width=24) (actual time=4515.635..4515.637 rows=5 loops=1)
               Group Key: orders.o_orderpriority
               Batches: 1  Memory Usage: 24kB
               ->  Nested Loop Semi Join  (cost=6347.47..2028591.97 rows=550155 width=16) (actual time=109.364..4335.710 rows=513822 loops=1)
                     ->  Bitmap Heap Scan on orders  (cost=6346.91..275868.52 rows=550241 width=20) (actual time=109.336..1207.702 rows=560424 loops=1)
                           Recheck Cond: ((o_orderdate >= '1993-12-01'::date) AND (o_orderdate < '1994-03-01'::date))
                           Heap Blocks: exact=231887
                           ->  Bitmap Index Scan on idx_orders_orderdate  (cost=0.00..6209.35 rows=550241 width=0) (actual time=64.522..64.522 rows=560424 loops=1)
                                 Index Cond: ((o_orderdate >= '1993-12-01'::date) AND (o_orderdate < '1994-03-01'::date))
                     ->  Index Scan using idx_lineitem_orderkey on lineitem  (cost=0.56..3.61 rows=1 width=4) (actual time=0.005..0.005 rows=1 loops=560424)
                           Index Cond: (l_orderkey = orders.o_orderkey)
                           Filter: (l_commitdate < l_receiptdate)
                           Rows Removed by Filter: 1
 Planning Time: 1.160 ms
 Execution Time: 4515.719 ms
(19 rows)

query 5 run 1
SET
SET
SET
                                                                                        QUERY PLAN                                                                                         
-------------------------------------------------------------------------------------------------------------------------------------------------------------------------------------------
 Limit  (cost=2071081.45..2071081.45 rows=1 width=58) (actual time=21811.878..21811.885 rows=1 loops=1)
   ->  Sort  (cost=2071081.45..2071081.51 rows=25 width=58) (actual time=21811.877..21811.883 rows=1 loops=1)
         Sort Key: (sum((lineitem.l_extendedprice * ('1'::numeric - lineitem.l_discount)))) DESC
         Sort Method: top-N heapsort  Memory: 25kB
         ->  GroupAggregate  (cost=2070184.59..2071081.33 rows=25 width=58) (actual time=21787.132..21811.855 rows=5 loops=1)
               Group Key: nation.n_name
               ->  Sort  (cost=2070184.59..2070363.87 rows=71714 width=38) (actual time=21781.039..21784.203 rows=72033 loops=1)
                     Sort Key: nation.n_name
                     Sort Method: quicksort  Memory: 8700kB
                     ->  Hash Join  (cost=94203.77..2064400.87 rows=71714 width=38) (actual time=878.468..21733.620 rows=72033 loops=1)
                           Hash Cond: ((lineitem.l_suppkey = supplier.s_suppkey) AND (customer.c_nationkey = supplier.s_nationkey))
                           ->  Nested Loop  (cost=89482.77..2050155.64 rows=1814136 width=50) (actual time=829.096..21254.367 rows=1815327 loops=1)
                                 ->  Hash Join  (cost=89482.21..397811.68 rows=453605 width=38) (actual time=828.624..6900.313 rows=453399 loops=1)
                                       Hash Cond: (orders.o_custkey = customer.c_custkey)
                                       ->  Bitmap Heap Scan on orders  (cost=26157.67..321446.02 rows=2268023 width=8) (actual time=225.299..5621.715 rows=2276638 loops=1)
                                             Recheck Cond: ((o_orderdate >= '1993-01-01'::date) AND (o_orderdate < '1994-01-01'::date))
                                             Heap Blocks: exact=261246
                                             ->  Bitmap Index Scan on idx_orders_orderdate  (cost=0.00..25590.67 rows=2268023 width=0) (actual time=174.593..174.594 rows=2276638 loops=1)
                                                   Index Cond: ((o_orderdate >= '1993-01-01'::date) AND (o_orderdate < '1994-01-01'::date))
                                       ->  Hash  (cost=59574.54..59574.54 rows=300000 width=38) (actual time=602.835..602.838 rows=299436 loops=1)
                                             Buckets: 524288  Batches: 1  Memory Usage: 25151kB
                                             ->  Hash Join  (cost=2.51..59574.54 rows=300000 width=38) (actual time=1.016..538.710 rows=299436 loops=1)
                                                   Hash Cond: (customer.c_nationkey = nation.n_nationkey)
                                                   ->  Seq Scan on customer  (cost=0.00..50947.02 rows=1500002 width=8) (actual time=0.544..369.470 rows=1500000 loops=1)
                                                   ->  Hash  (cost=2.45..2.45 rows=5 width=30) (actual time=0.459..0.461 rows=5 loops=1)
                                                         Buckets: 1024  Batches: 1  Memory Usage: 9kB
                                                         ->  Hash Join  (cost=1.07..2.45 rows=5 width=30) (actual time=0.447..0.457 rows=5 loops=1)
                                                               Hash Cond: (nation.n_regionkey = region.r_regionkey)
                                                               ->  Seq Scan on nation  (cost=0.00..1.25 rows=25 width=34) (actual time=0.204..0.207 rows=25 loops=1)
                                                               ->  Hash  (cost=1.06..1.06 rows=1 width=4) (actual time=0.232..0.233 rows=1 loops=1)
                                                                     Buckets: 1024  Batches: 1  Memory Usage: 9kB
                                                                     ->  Seq Scan on region  (cost=0.00..1.06 rows=1 width=4) (actual time=0.224..0.226 rows=1 loops=1)
                                                                           Filter: (r_name = 'AMERICA'::bpchar)
                                                                           Rows Removed by Filter: 4
                                 ->  Index Scan using idx_lineitem_orderkey on lineitem  (cost=0.56..3.60 rows=4 width=20) (actual time=0.028..0.030 rows=4 loops=453399)
                                       Index Cond: (l_orderkey = orders.o_orderkey)
                           ->  Hash  (cost=3221.00..3221.00 rows=100000 width=8) (actual time=44.746..44.747 rows=100000 loops=1)
                                 Buckets: 131072  Batches: 1  Memory Usage: 4931kB
                                 ->  Seq Scan on supplier  (cost=0.00..3221.00 rows=100000 width=8) (actual time=0.339..28.970 rows=100000 loops=1)
 Planning Time: 26.090 ms
 Execution Time: 21812.773 ms
(41 rows)

SET
SET
SET
                                                                                        QUERY PLAN                                                                                         
-------------------------------------------------------------------------------------------------------------------------------------------------------------------------------------------
 Limit  (cost=2071081.45..2071081.45 rows=1 width=58) (actual time=6081.937..6081.944 rows=1 loops=1)
   ->  Sort  (cost=2071081.45..2071081.51 rows=25 width=58) (actual time=6081.935..6081.942 rows=1 loops=1)
         Sort Key: (sum((lineitem.l_extendedprice * ('1'::numeric - lineitem.l_discount)))) DESC
         Sort Method: top-N heapsort  Memory: 25kB
         ->  GroupAggregate  (cost=2070184.59..2071081.33 rows=25 width=58) (actual time=6057.150..6081.922 rows=5 loops=1)
               Group Key: nation.n_name
               ->  Sort  (cost=2070184.59..2070363.87 rows=71714 width=38) (actual time=6051.227..6054.556 rows=72033 loops=1)
                     Sort Key: nation.n_name
                     Sort Method: quicksort  Memory: 8700kB
                     ->  Hash Join  (cost=94203.77..2064400.87 rows=71714 width=38) (actual time=733.474..6019.830 rows=72033 loops=1)
                           Hash Cond: ((lineitem.l_suppkey = supplier.s_suppkey) AND (customer.c_nationkey = supplier.s_nationkey))
                           ->  Nested Loop  (cost=89482.77..2050155.64 rows=1814136 width=50) (actual time=694.333..5596.041 rows=1815327 loops=1)
                                 ->  Hash Join  (cost=89482.21..397811.68 rows=453605 width=38) (actual time=694.309..2612.101 rows=453399 loops=1)
                                       Hash Cond: (orders.o_custkey = customer.c_custkey)
                                       ->  Bitmap Heap Scan on orders  (cost=26157.67..321446.02 rows=2268023 width=8) (actual time=213.648..1555.576 rows=2276638 loops=1)
                                             Recheck Cond: ((o_orderdate >= '1993-01-01'::date) AND (o_orderdate < '1994-01-01'::date))
                                             Heap Blocks: exact=261246
                                             ->  Bitmap Index Scan on idx_orders_orderdate  (cost=0.00..25590.67 rows=2268023 width=0) (actual time=163.470..163.471 rows=2276638 loops=1)
                                                   Index Cond: ((o_orderdate >= '1993-01-01'::date) AND (o_orderdate < '1994-01-01'::date))
                                       ->  Hash  (cost=59574.54..59574.54 rows=300000 width=38) (actual time=480.316..480.320 rows=299436 loops=1)
                                             Buckets: 524288  Batches: 1  Memory Usage: 25151kB
                                             ->  Hash Join  (cost=2.51..59574.54 rows=300000 width=38) (actual time=0.059..418.320 rows=299436 loops=1)
                                                   Hash Cond: (customer.c_nationkey = nation.n_nationkey)
                                                   ->  Seq Scan on customer  (cost=0.00..50947.02 rows=1500002 width=8) (actual time=0.019..254.741 rows=1500000 loops=1)
                                                   ->  Hash  (cost=2.45..2.45 rows=5 width=30) (actual time=0.034..0.036 rows=5 loops=1)
                                                         Buckets: 1024  Batches: 1  Memory Usage: 9kB
                                                         ->  Hash Join  (cost=1.07..2.45 rows=5 width=30) (actual time=0.028..0.033 rows=5 loops=1)
                                                               Hash Cond: (nation.n_regionkey = region.r_regionkey)
                                                               ->  Seq Scan on nation  (cost=0.00..1.25 rows=25 width=34) (actual time=0.008..0.009 rows=25 loops=1)
                                                               ->  Hash  (cost=1.06..1.06 rows=1 width=4) (actual time=0.014..0.015 rows=1 loops=1)
                                                                     Buckets: 1024  Batches: 1  Memory Usage: 9kB
                                                                     ->  Seq Scan on region  (cost=0.00..1.06 rows=1 width=4) (actual time=0.010..0.011 rows=1 loops=1)
                                                                           Filter: (r_name = 'AMERICA'::bpchar)
                                                                           Rows Removed by Filter: 4
                                 ->  Index Scan using idx_lineitem_orderkey on lineitem  (cost=0.56..3.60 rows=4 width=20) (actual time=0.005..0.006 rows=4 loops=453399)
                                       Index Cond: (l_orderkey = orders.o_orderkey)
                           ->  Hash  (cost=3221.00..3221.00 rows=100000 width=8) (actual time=38.868..38.868 rows=100000 loops=1)
                                 Buckets: 131072  Batches: 1  Memory Usage: 4931kB
                                 ->  Seq Scan on supplier  (cost=0.00..3221.00 rows=100000 width=8) (actual time=0.017..21.620 rows=100000 loops=1)
 Planning Time: 3.889 ms
 Execution Time: 6082.391 ms
(41 rows)

query 6 run 1
SET
SET
SET
                                                                                                          QUERY PLAN                                                                                                           
-------------------------------------------------------------------------------------------------------------------------------------------------------------------------------------------------------------------------------
 Limit  (cost=1985886.46..1985886.47 rows=1 width=32) (actual time=14992.774..14992.775 rows=1 loops=1)
   ->  Aggregate  (cost=1985886.46..1985886.47 rows=1 width=32) (actual time=14992.772..14992.773 rows=1 loops=1)
         ->  Bitmap Heap Scan on lineitem  (cost=214101.19..1979793.28 rows=1218635 width=12) (actual time=1403.976..14178.804 rows=1194558 loops=1)
               Recheck Cond: ((l_shipdate >= '1993-01-01'::date) AND (l_shipdate < '1994-01-01 00:00:00'::timestamp without time zone) AND (l_discount >= 0.06) AND (l_discount <= 0.08) AND (l_quantity < '25'::numeric))
               Rows Removed by Index Recheck: 13724091
               Heap Blocks: exact=395900 lossy=267068
               ->  Bitmap Index Scan on idx_lineitem_shipdate  (cost=0.00..213796.53 rows=1218635 width=0) (actual time=1321.332..1321.332 rows=1194558 loops=1)
                     Index Cond: ((l_shipdate >= '1993-01-01'::date) AND (l_shipdate < '1994-01-01 00:00:00'::timestamp without time zone) AND (l_discount >= 0.06) AND (l_discount <= 0.08) AND (l_quantity < '25'::numeric))
 Planning Time: 14.275 ms
 Execution Time: 14993.978 ms
(10 rows)

SET
SET
SET
                                                                                                          QUERY PLAN                                                                                                           
-------------------------------------------------------------------------------------------------------------------------------------------------------------------------------------------------------------------------------
 Limit  (cost=1985886.46..1985886.47 rows=1 width=32) (actual time=6580.392..6580.393 rows=1 loops=1)
   ->  Aggregate  (cost=1985886.46..1985886.47 rows=1 width=32) (actual time=6580.390..6580.391 rows=1 loops=1)
         ->  Bitmap Heap Scan on lineitem  (cost=214101.19..1979793.28 rows=1218635 width=12) (actual time=1287.583..6184.285 rows=1194558 loops=1)
               Recheck Cond: ((l_shipdate >= '1993-01-01'::date) AND (l_shipdate < '1994-01-01 00:00:00'::timestamp without time zone) AND (l_discount >= 0.06) AND (l_discount <= 0.08) AND (l_quantity < '25'::numeric))
               Rows Removed by Index Recheck: 13724091
               Heap Blocks: exact=395900 lossy=267068
               ->  Bitmap Index Scan on idx_lineitem_shipdate  (cost=0.00..213796.53 rows=1218635 width=0) (actual time=1205.941..1205.942 rows=1194558 loops=1)
                     Index Cond: ((l_shipdate >= '1993-01-01'::date) AND (l_shipdate < '1994-01-01 00:00:00'::timestamp without time zone) AND (l_discount >= 0.06) AND (l_discount <= 0.08) AND (l_quantity < '25'::numeric))
 Planning Time: 0.751 ms
 Execution Time: 6580.649 ms
(10 rows)

query 7 run 1
SET
SET
SET
                                                                                 QUERY PLAN                                                                                  
-----------------------------------------------------------------------------------------------------------------------------------------------------------------------------
 Limit  (cost=2716403.71..2716403.83 rows=1 width=116) (actual time=19386.974..19386.980 rows=1 loops=1)
   ->  GroupAggregate  (cost=2716403.71..2717596.50 rows=10044 width=116) (actual time=19386.972..19386.978 rows=1 loops=1)
         Group Key: n1.n_name, n2.n_name, (EXTRACT(year FROM lineitem.l_shipdate))
         ->  Sort  (cost=2716403.71..2716552.59 rows=59550 width=96) (actual time=19378.926..19379.641 rows=14421 loops=1)
               Sort Key: n1.n_name, n2.n_name, (EXTRACT(year FROM lineitem.l_shipdate))
               Sort Method: quicksort  Memory: 9664kB
               ->  Hash Join  (cost=563386.43..2711680.86 rows=59550 width=96) (actual time=5274.790..19343.247 rows=57794 loops=1)
                     Hash Cond: (lineitem.l_orderkey = orders.o_orderkey)
                     Join Filter: (((n1.n_name = 'PERU'::bpchar) AND (n2.n_name = 'MOROCCO'::bpchar)) OR ((n1.n_name = 'MOROCCO'::bpchar) AND (n2.n_name = 'PERU'::bpchar)))
                     Rows Removed by Join Filter: 58158
                     ->  Hash Join  (cost=3629.40..2110762.39 rows=1430946 width=46) (actual time=36.897..13299.411 rows=1455694 loops=1)
                           Hash Cond: (lineitem.l_suppkey = supplier.s_suppkey)
                           ->  Seq Scan on lineitem  (cost=0.00..2024935.64 rows=18103436 width=24) (actual time=0.593..10982.307 rows=18230325 loops=1)
                                 Filter: ((l_shipdate >= '1995-01-01'::date) AND (l_shipdate <= '1996-12-31'::date))
                                 Rows Removed by Filter: 41755727
                           ->  Hash  (cost=3529.40..3529.40 rows=8000 width=30) (actual time=36.296..36.297 rows=7981 loops=1)
                                 Buckets: 8192  Batches: 1  Memory Usage: 548kB
                                 ->  Hash Join  (cost=1.40..3529.40 rows=8000 width=30) (actual time=0.520..34.812 rows=7981 loops=1)
                                       Hash Cond: (supplier.s_nationkey = n1.n_nationkey)
                                       ->  Seq Scan on supplier  (cost=0.00..3221.00 rows=100000 width=8) (actual time=0.313..24.620 rows=100000 loops=1)
                                       ->  Hash  (cost=1.38..1.38 rows=2 width=30) (actual time=0.198..0.199 rows=2 loops=1)
                                             Buckets: 1024  Batches: 1  Memory Usage: 9kB
                                             ->  Seq Scan on nation n1  (cost=0.00..1.38 rows=2 width=30) (actual time=0.189..0.193 rows=2 loops=1)
                                                   Filter: ((n_name = 'PERU'::bpchar) OR (n_name = 'MOROCCO'::bpchar))
                                                   Rows Removed by Filter: 23
                     ->  Hash  (cost=536555.14..536555.14 rows=1199911 width=30) (actual time=5233.267..5233.269 rows=1191175 loops=1)
                           Buckets: 524288  Batches: 4  Memory Usage: 22152kB
                           ->  Hash Join  (cost=57053.43..536555.14 rows=1199911 width=30) (actual time=548.879..4971.994 rows=1191175 loops=1)
                                 Hash Cond: (orders.o_custkey = customer.c_custkey)
                                 ->  Seq Scan on orders  (cost=0.00..411256.82 rows=14998882 width=8) (actual time=0.873..1726.088 rows=15000000 loops=1)
                                 ->  Hash  (cost=55553.43..55553.43 rows=120000 width=30) (actual time=547.698..547.699 rows=119622 loops=1)
                                       Buckets: 131072  Batches: 1  Memory Usage: 8267kB
                                       ->  Hash Join  (cost=1.40..55553.43 rows=120000 width=30) (actual time=0.731..521.186 rows=119622 loops=1)
                                             Hash Cond: (customer.c_nationkey = n2.n_nationkey)
                                             ->  Seq Scan on customer  (cost=0.00..50947.02 rows=1500002 width=8) (actual time=0.708..371.764 rows=1500000 loops=1)
                                             ->  Hash  (cost=1.38..1.38 rows=2 width=30) (actual time=0.017..0.017 rows=2 loops=1)
                                                   Buckets: 1024  Batches: 1  Memory Usage: 9kB
                                                   ->  Seq Scan on nation n2  (cost=0.00..1.38 rows=2 width=30) (actual time=0.011..0.013 rows=2 loops=1)
                                                         Filter: ((n_name = 'MOROCCO'::bpchar) OR (n_name = 'PERU'::bpchar))
                                                         Rows Removed by Filter: 23
 Planning Time: 21.849 ms
 Execution Time: 19387.584 ms
(42 rows)

SET
SET
SET
                                                                                 QUERY PLAN                                                                                  
-----------------------------------------------------------------------------------------------------------------------------------------------------------------------------
 Limit  (cost=2716403.71..2716403.83 rows=1 width=116) (actual time=15806.191..15806.198 rows=1 loops=1)
   ->  GroupAggregate  (cost=2716403.71..2717596.50 rows=10044 width=116) (actual time=15806.190..15806.196 rows=1 loops=1)
         Group Key: n1.n_name, n2.n_name, (EXTRACT(year FROM lineitem.l_shipdate))
         ->  Sort  (cost=2716403.71..2716552.59 rows=59550 width=96) (actual time=15798.087..15798.807 rows=14421 loops=1)
               Sort Key: n1.n_name, n2.n_name, (EXTRACT(year FROM lineitem.l_shipdate))
               Sort Method: quicksort  Memory: 9664kB
               ->  Hash Join  (cost=563386.43..2711680.86 rows=59550 width=96) (actual time=4303.448..15764.052 rows=57794 loops=1)
                     Hash Cond: (lineitem.l_orderkey = orders.o_orderkey)
                     Join Filter: (((n1.n_name = 'PERU'::bpchar) AND (n2.n_name = 'MOROCCO'::bpchar)) OR ((n1.n_name = 'MOROCCO'::bpchar) AND (n2.n_name = 'PERU'::bpchar)))
                     Rows Removed by Join Filter: 58158
                     ->  Hash Join  (cost=3629.40..2110762.39 rows=1430946 width=46) (actual time=19.856..10729.580 rows=1455694 loops=1)
                           Hash Cond: (lineitem.l_suppkey = supplier.s_suppkey)
                           ->  Seq Scan on lineitem  (cost=0.00..2024935.64 rows=18103436 width=24) (actual time=0.036..8772.502 rows=18230325 loops=1)
                                 Filter: ((l_shipdate >= '1995-01-01'::date) AND (l_shipdate <= '1996-12-31'::date))
                                 Rows Removed by Filter: 41755727
                           ->  Hash  (cost=3529.40..3529.40 rows=8000 width=30) (actual time=19.811..19.814 rows=7981 loops=1)
                                 Buckets: 8192  Batches: 1  Memory Usage: 548kB
                                 ->  Hash Join  (cost=1.40..3529.40 rows=8000 width=30) (actual time=0.022..18.718 rows=7981 loops=1)
                                       Hash Cond: (supplier.s_nationkey = n1.n_nationkey)
                                       ->  Seq Scan on supplier  (cost=0.00..3221.00 rows=100000 width=8) (actual time=0.009..5.840 rows=100000 loops=1)
                                       ->  Hash  (cost=1.38..1.38 rows=2 width=30) (actual time=0.010..0.011 rows=2 loops=1)
                                             Buckets: 1024  Batches: 1  Memory Usage: 9kB
                                             ->  Seq Scan on nation n1  (cost=0.00..1.38 rows=2 width=30) (actual time=0.006..0.007 rows=2 loops=1)
                                                   Filter: ((n_name = 'PERU'::bpchar) OR (n_name = 'MOROCCO'::bpchar))
                                                   Rows Removed by Filter: 23
                     ->  Hash  (cost=536555.14..536555.14 rows=1199911 width=30) (actual time=4281.455..4281.457 rows=1191175 loops=1)
                           Buckets: 524288  Batches: 4  Memory Usage: 22152kB
                           ->  Hash Join  (cost=57053.43..536555.14 rows=1199911 width=30) (actual time=301.936..4037.551 rows=1191175 loops=1)
                                 Hash Cond: (orders.o_custkey = customer.c_custkey)
                                 ->  Seq Scan on orders  (cost=0.00..411256.82 rows=14998882 width=8) (actual time=0.028..1266.996 rows=15000000 loops=1)
                                 ->  Hash  (cost=55553.43..55553.43 rows=120000 width=30) (actual time=301.641..301.642 rows=119622 loops=1)
                                       Buckets: 131072  Batches: 1  Memory Usage: 8267kB
                                       ->  Hash Join  (cost=1.40..55553.43 rows=120000 width=30) (actual time=0.027..280.180 rows=119622 loops=1)
                                             Hash Cond: (customer.c_nationkey = n2.n_nationkey)
                                             ->  Seq Scan on customer  (cost=0.00..50947.02 rows=1500002 width=8) (actual time=0.004..88.521 rows=1500000 loops=1)
                                             ->  Hash  (cost=1.38..1.38 rows=2 width=30) (actual time=0.013..0.013 rows=2 loops=1)
                                                   Buckets: 1024  Batches: 1  Memory Usage: 9kB
                                                   ->  Seq Scan on nation n2  (cost=0.00..1.38 rows=2 width=30) (actual time=0.008..0.010 rows=2 loops=1)
                                                         Filter: ((n_name = 'MOROCCO'::bpchar) OR (n_name = 'PERU'::bpchar))
                                                         Rows Removed by Filter: 23
 Planning Time: 2.703 ms
 Execution Time: 15806.341 ms
(42 rows)

query 8 run 1
SET
SET
SET
                                                                                          QUERY PLAN                                                                                           
-----------------------------------------------------------------------------------------------------------------------------------------------------------------------------------------------
 Limit  (cost=1213226.13..1213226.38 rows=1 width=64) (actual time=60010.649..60010.656 rows=1 loops=1)
   ->  GroupAggregate  (cost=1213226.13..1213819.99 rows=2406 width=64) (actual time=60010.648..60010.654 rows=1 loops=1)
         Group Key: (EXTRACT(year FROM orders.o_orderdate))
         ->  Sort  (cost=1213226.13..1213286.77 rows=24255 width=70) (actual time=60004.724..60005.173 rows=11818 loops=1)
               Sort Key: (EXTRACT(year FROM orders.o_orderdate))
               Sort Method: quicksort  Memory: 2631kB
               ->  Nested Loop  (cost=860986.53..1211459.64 rows=24255 width=70) (actual time=54573.361..59988.144 rows=23842 loops=1)
                     ->  Hash Join  (cost=860986.38..1210783.24 rows=24255 width=20) (actual time=54573.134..59952.643 rows=23842 loops=1)
                           Hash Cond: (lineitem.l_suppkey = supplier.s_suppkey)
                           ->  Hash Join  (cost=856515.38..1206247.80 rows=24548 width=20) (actual time=54528.640..59897.781 rows=23842 loops=1)
                                 Hash Cond: (orders.o_custkey = customer.c_custkey)
                                 ->  Hash Join  (cost=793190.85..1142217.51 rows=122741 width=24) (actual time=53931.678..59267.510 rows=118593 loops=1)
                                       Hash Cond: (orders.o_orderkey = lineitem.l_orderkey)
                                       ->  Bitmap Heap Scan on orders  (cost=53223.18..383716.18 rows=4615000 width=12) (actual time=374.324..4761.768 rows=4557513 loops=1)
                                             Recheck Cond: ((o_orderdate >= '1995-01-01'::date) AND (o_orderdate <= '1996-12-31'::date))
                                             Heap Blocks: exact=261268
                                             ->  Bitmap Index Scan on idx_orders_orderdate  (cost=0.00..52069.43 rows=4615000 width=0) (actual time=322.885..322.886 rows=4557513 loops=1)
                                                   Index Cond: ((o_orderdate >= '1995-01-01'::date) AND (o_orderdate <= '1996-12-31'::date))
                                       ->  Hash  (cost=734981.25..734981.25 rows=398913 width=20) (actual time=53557.023..53557.025 rows=389521 loops=1)
                                             Buckets: 524288  Batches: 1  Memory Usage: 25019kB
                                             ->  Nested Loop  (cost=0.44..734981.25 rows=398913 width=20) (actual time=2.151..53120.897 rows=389521 loops=1)
                                                   ->  Seq Scan on part  (cost=0.00..65980.71 rows=13300 width=4) (actual time=1.517..571.077 rows=13011 loops=1)
                                                         Filter: ((p_type)::text = 'LARGE POLISHED BRASS'::text)
                                                         Rows Removed by Filter: 1986989
                                                   ->  Index Scan using idx_lineitem_part_supp on lineitem  (cost=0.44..49.98 rows=32 width=24) (actual time=0.253..4.020 rows=30 loops=13011)
                                                         Index Cond: (l_partkey = part.p_partkey)
                                 ->  Hash  (cost=59574.54..59574.54 rows=300000 width=4) (actual time=596.358..596.360 rows=299436 loops=1)
                                       Buckets: 524288  Batches: 1  Memory Usage: 14624kB
                                       ->  Hash Join  (cost=2.51..59574.54 rows=300000 width=4) (actual time=1.410..544.099 rows=299436 loops=1)
                                             Hash Cond: (customer.c_nationkey = n1.n_nationkey)
                                             ->  Seq Scan on customer  (cost=0.00..50947.02 rows=1500002 width=8) (actual time=0.755..374.542 rows=1500000 loops=1)
                                             ->  Hash  (cost=2.45..2.45 rows=5 width=4) (actual time=0.646..0.648 rows=5 loops=1)
                                                   Buckets: 1024  Batches: 1  Memory Usage: 9kB
                                                   ->  Hash Join  (cost=1.07..2.45 rows=5 width=4) (actual time=0.642..0.646 rows=5 loops=1)
                                                         Hash Cond: (n1.n_regionkey = region.r_regionkey)
                                                         ->  Seq Scan on nation n1  (cost=0.00..1.25 rows=25 width=8) (actual time=0.315..0.316 rows=25 loops=1)
                                                         ->  Hash  (cost=1.06..1.06 rows=1 width=4) (actual time=0.320..0.320 rows=1 loops=1)
                                                               Buckets: 1024  Batches: 1  Memory Usage: 9kB
                                                               ->  Seq Scan on region  (cost=0.00..1.06 rows=1 width=4) (actual time=0.316..0.317 rows=1 loops=1)
                                                                     Filter: (r_name = 'AMERICA'::bpchar)
                                                                     Rows Removed by Filter: 4
                           ->  Hash  (cost=3221.00..3221.00 rows=100000 width=8) (actual time=44.452..44.453 rows=100000 loops=1)
                                 Buckets: 131072  Batches: 1  Memory Usage: 4931kB
                                 ->  Seq Scan on supplier  (cost=0.00..3221.00 rows=100000 width=8) (actual time=0.339..29.357 rows=100000 loops=1)
                     ->  Memoize  (cost=0.15..0.92 rows=1 width=30) (actual time=0.000..0.000 rows=1 loops=23842)
                           Cache Key: supplier.s_nationkey
                           Cache Mode: logical
                           Hits: 23817  Misses: 25  Evictions: 0  Overflows: 0  Memory Usage: 4kB
                           ->  Index Scan using nation_pkey on nation n2  (cost=0.14..0.91 rows=1 width=30) (actual time=0.011..0.011 rows=1 loops=25)
                                 Index Cond: (n_nationkey = supplier.s_nationkey)
 Planning Time: 30.730 ms
 Execution Time: 60011.598 ms
(52 rows)

SET
SET
SET
                                                                                          QUERY PLAN                                                                                           
-----------------------------------------------------------------------------------------------------------------------------------------------------------------------------------------------
 Limit  (cost=1213226.13..1213226.38 rows=1 width=64) (actual time=5039.416..5039.423 rows=1 loops=1)
   ->  GroupAggregate  (cost=1213226.13..1213819.99 rows=2406 width=64) (actual time=5039.414..5039.421 rows=1 loops=1)
         Group Key: (EXTRACT(year FROM orders.o_orderdate))
         ->  Sort  (cost=1213226.13..1213286.77 rows=24255 width=70) (actual time=5033.705..5034.144 rows=11818 loops=1)
               Sort Key: (EXTRACT(year FROM orders.o_orderdate))
               Sort Method: quicksort  Memory: 2631kB
               ->  Nested Loop  (cost=860986.53..1211459.64 rows=24255 width=70) (actual time=2833.399..5022.982 rows=23842 loops=1)
                     ->  Hash Join  (cost=860986.38..1210783.24 rows=24255 width=20) (actual time=2833.175..4999.156 rows=23842 loops=1)
                           Hash Cond: (lineitem.l_suppkey = supplier.s_suppkey)
                           ->  Hash Join  (cost=856515.38..1206247.80 rows=24548 width=20) (actual time=2795.580..4952.253 rows=23842 loops=1)
                                 Hash Cond: (orders.o_custkey = customer.c_custkey)
                                 ->  Hash Join  (cost=793190.85..1142217.51 rows=122741 width=24) (actual time=2331.829..4459.830 rows=118593 loops=1)
                                       Hash Cond: (orders.o_orderkey = lineitem.l_orderkey)
                                       ->  Bitmap Heap Scan on orders  (cost=53223.18..383716.18 rows=4615000 width=12) (actual time=351.685..1613.438 rows=4557513 loops=1)
                                             Recheck Cond: ((o_orderdate >= '1995-01-01'::date) AND (o_orderdate <= '1996-12-31'::date))
                                             Heap Blocks: exact=261268
                                             ->  Bitmap Index Scan on idx_orders_orderdate  (cost=0.00..52069.43 rows=4615000 width=0) (actual time=301.091..301.091 rows=4557513 loops=1)
                                                   Index Cond: ((o_orderdate >= '1995-01-01'::date) AND (o_orderdate <= '1996-12-31'::date))
                                       ->  Hash  (cost=734981.25..734981.25 rows=398913 width=20) (actual time=1979.821..1979.822 rows=389521 loops=1)
                                             Buckets: 524288  Batches: 1  Memory Usage: 25019kB
                                             ->  Nested Loop  (cost=0.44..734981.25 rows=398913 width=20) (actual time=0.098..1868.882 rows=389521 loops=1)
                                                   ->  Seq Scan on part  (cost=0.00..65980.71 rows=13300 width=4) (actual time=0.071..310.848 rows=13011 loops=1)
                                                         Filter: ((p_type)::text = 'LARGE POLISHED BRASS'::text)
                                                         Rows Removed by Filter: 1986989
                                                   ->  Index Scan using idx_lineitem_part_supp on lineitem  (cost=0.44..49.98 rows=32 width=24) (actual time=0.009..0.114 rows=30 loops=13011)
                                                         Index Cond: (l_partkey = part.p_partkey)
                                 ->  Hash  (cost=59574.54..59574.54 rows=300000 width=4) (actual time=463.086..463.088 rows=299436 loops=1)
                                       Buckets: 524288  Batches: 1  Memory Usage: 14624kB
                                       ->  Hash Join  (cost=2.51..59574.54 rows=300000 width=4) (actual time=0.069..413.907 rows=299436 loops=1)
                                             Hash Cond: (customer.c_nationkey = n1.n_nationkey)
                                             ->  Seq Scan on customer  (cost=0.00..50947.02 rows=1500002 width=8) (actual time=0.022..250.103 rows=1500000 loops=1)
                                             ->  Hash  (cost=2.45..2.45 rows=5 width=4) (actual time=0.040..0.041 rows=5 loops=1)
                                                   Buckets: 1024  Batches: 1  Memory Usage: 9kB
                                                   ->  Hash Join  (cost=1.07..2.45 rows=5 width=4) (actual time=0.034..0.039 rows=5 loops=1)
                                                         Hash Cond: (n1.n_regionkey = region.r_regionkey)
                                                         ->  Seq Scan on nation n1  (cost=0.00..1.25 rows=25 width=8) (actual time=0.013..0.015 rows=25 loops=1)
                                                         ->  Hash  (cost=1.06..1.06 rows=1 width=4) (actual time=0.016..0.016 rows=1 loops=1)
                                                               Buckets: 1024  Batches: 1  Memory Usage: 9kB
                                                               ->  Seq Scan on region  (cost=0.00..1.06 rows=1 width=4) (actual time=0.012..0.014 rows=1 loops=1)
                                                                     Filter: (r_name = 'AMERICA'::bpchar)
                                                                     Rows Removed by Filter: 4
                           ->  Hash  (cost=3221.00..3221.00 rows=100000 width=8) (actual time=37.552..37.552 rows=100000 loops=1)
                                 Buckets: 131072  Batches: 1  Memory Usage: 4931kB
                                 ->  Seq Scan on supplier  (cost=0.00..3221.00 rows=100000 width=8) (actual time=0.013..21.392 rows=100000 loops=1)
                     ->  Memoize  (cost=0.15..0.92 rows=1 width=30) (actual time=0.000..0.000 rows=1 loops=23842)
                           Cache Key: supplier.s_nationkey
                           Cache Mode: logical
                           Hits: 23817  Misses: 25  Evictions: 0  Overflows: 0  Memory Usage: 4kB
                           ->  Index Scan using nation_pkey on nation n2  (cost=0.14..0.91 rows=1 width=30) (actual time=0.010..0.010 rows=1 loops=25)
                                 Index Cond: (n_nationkey = supplier.s_nationkey)
 Planning Time: 4.748 ms
 Execution Time: 5039.710 ms
(52 rows)

query 9 run 1
SET
SET
SET
                                                                                   QUERY PLAN                                                                                    
---------------------------------------------------------------------------------------------------------------------------------------------------------------------------------
 Limit  (cost=1734061.71..1734061.75 rows=1 width=90) (actual time=175725.199..175725.204 rows=1 loops=1)
   ->  GroupAggregate  (cost=1734061.71..1734066.19 rows=128 width=90) (actual time=175725.198..175725.202 rows=1 loops=1)
         Group Key: nation.n_name, (EXTRACT(year FROM orders.o_orderdate))
         ->  Sort  (cost=1734061.71..1734062.03 rows=128 width=81) (actual time=175713.671..175716.877 rows=11401 loops=1)
               Sort Key: nation.n_name, (EXTRACT(year FROM orders.o_orderdate)) DESC
               Sort Method: external merge  Disk: 211256kB
               ->  Nested Loop  (cost=67244.49..1734057.23 rows=128 width=81) (actual time=667.637..171637.492 rows=3248192 loops=1)
                     Join Filter: (supplier.s_nationkey = nation.n_nationkey)
                     Rows Removed by Join Filter: 39009119
                     ->  Nested Loop  (cost=67244.49..1734009.33 rows=128 width=31) (actual time=667.325..164246.259 rows=3248192 loops=1)
                           ->  Nested Loop  (cost=67244.06..1733571.24 rows=128 width=31) (actual time=666.091..119764.365 rows=3248192 loops=1)
                                 ->  Nested Loop  (cost=67243.76..1733151.63 rows=128 width=35) (actual time=665.586..111741.952 rows=3248192 loops=1)
                                       ->  Hash Join  (cost=67243.32..343430.71 rows=403902 width=18) (actual time=665.015..3230.948 rows=433248 loops=1)
                                             Hash Cond: (partsupp.ps_partkey = part.p_partkey)
                                             ->  Seq Scan on partsupp  (cost=0.00..255194.55 rows=7997255 width=14) (actual time=0.451..1359.625 rows=8000000 loops=1)
                                             ->  Hash  (cost=65980.71..65980.71 rows=101009 width=4) (actual time=664.399..664.400 rows=108312 loops=1)
                                                   Buckets: 131072  Batches: 1  Memory Usage: 4832kB
                                                   ->  Seq Scan on part  (cost=0.00..65980.71 rows=101009 width=4) (actual time=0.463..641.449 rows=108312 loops=1)
                                                         Filter: ((p_name)::text ~~ '%navy%'::text)
                                                         Rows Removed by Filter: 1891688
                                       ->  Index Scan using idx_lineitem_part_supp on lineitem  (cost=0.44..3.43 rows=1 width=29) (actual time=0.036..0.248 rows=7 loops=433248)
                                             Index Cond: ((l_partkey = partsupp.ps_partkey) AND (l_suppkey = partsupp.ps_suppkey))
                                 ->  Index Scan using supplier_pkey on supplier  (cost=0.29..3.28 rows=1 width=8) (actual time=0.002..0.002 rows=1 loops=3248192)
                                       Index Cond: (s_suppkey = lineitem.l_suppkey)
                           ->  Index Scan using orders_pkey on orders  (cost=0.43..3.42 rows=1 width=8) (actual time=0.013..0.013 rows=1 loops=3248192)
                                 Index Cond: (o_orderkey = lineitem.l_orderkey)
                     ->  Materialize  (cost=0.00..1.38 rows=25 width=30) (actual time=0.000..0.001 rows=13 loops=3248192)
                           ->  Seq Scan on nation  (cost=0.00..1.25 rows=25 width=30) (actual time=0.297..0.299 rows=25 loops=1)
 Planning Time: 32.089 ms
 Execution Time: 175749.830 ms
(30 rows)

SET
SET
SET
                                                                                   QUERY PLAN                                                                                    
---------------------------------------------------------------------------------------------------------------------------------------------------------------------------------
 Limit  (cost=1734061.71..1734061.75 rows=1 width=90) (actual time=59229.599..59229.604 rows=1 loops=1)
   ->  GroupAggregate  (cost=1734061.71..1734066.19 rows=128 width=90) (actual time=59229.598..59229.602 rows=1 loops=1)
         Group Key: nation.n_name, (EXTRACT(year FROM orders.o_orderdate))
         ->  Sort  (cost=1734061.71..1734062.03 rows=128 width=81) (actual time=59218.018..59221.224 rows=11401 loops=1)
               Sort Key: nation.n_name, (EXTRACT(year FROM orders.o_orderdate)) DESC
               Sort Method: external merge  Disk: 211256kB
               ->  Nested Loop  (cost=67244.49..1734057.23 rows=128 width=81) (actual time=620.418..55549.078 rows=3248192 loops=1)
                     Join Filter: (supplier.s_nationkey = nation.n_nationkey)
                     Rows Removed by Join Filter: 39009119
                     ->  Nested Loop  (cost=67244.49..1734009.33 rows=128 width=31) (actual time=620.400..49588.039 rows=3248192 loops=1)
                           ->  Nested Loop  (cost=67244.06..1733571.24 rows=128 width=31) (actual time=620.384..30112.046 rows=3248192 loops=1)
                                 ->  Nested Loop  (cost=67243.76..1733151.63 rows=128 width=35) (actual time=620.368..24343.369 rows=3248192 loops=1)
                                       ->  Hash Join  (cost=67243.32..343430.71 rows=403902 width=18) (actual time=620.342..2650.258 rows=433248 loops=1)
                                             Hash Cond: (partsupp.ps_partkey = part.p_partkey)
                                             ->  Seq Scan on partsupp  (cost=0.00..255194.55 rows=7997255 width=14) (actual time=0.356..988.430 rows=8000000 loops=1)
                                             ->  Hash  (cost=65980.71..65980.71 rows=101009 width=4) (actual time=619.840..619.840 rows=108312 loops=1)
                                                   Buckets: 131072  Batches: 1  Memory Usage: 4832kB
                                                   ->  Seq Scan on part  (cost=0.00..65980.71 rows=101009 width=4) (actual time=0.295..597.418 rows=108312 loops=1)
                                                         Filter: ((p_name)::text ~~ '%navy%'::text)
                                                         Rows Removed by Filter: 1891688
                                       ->  Index Scan using idx_lineitem_part_supp on lineitem  (cost=0.44..3.43 rows=1 width=29) (actual time=0.008..0.048 rows=7 loops=433248)
                                             Index Cond: ((l_partkey = partsupp.ps_partkey) AND (l_suppkey = partsupp.ps_suppkey))
                                 ->  Index Scan using supplier_pkey on supplier  (cost=0.29..3.28 rows=1 width=8) (actual time=0.001..0.001 rows=1 loops=3248192)
                                       Index Cond: (s_suppkey = lineitem.l_suppkey)
                           ->  Index Scan using orders_pkey on orders  (cost=0.43..3.42 rows=1 width=8) (actual time=0.006..0.006 rows=1 loops=3248192)
                                 Index Cond: (o_orderkey = lineitem.l_orderkey)
                     ->  Materialize  (cost=0.00..1.38 rows=25 width=30) (actual time=0.000..0.001 rows=13 loops=3248192)
                           ->  Seq Scan on nation  (cost=0.00..1.25 rows=25 width=30) (actual time=0.004..0.008 rows=25 loops=1)
 Planning Time: 18.654 ms
 Execution Time: 59256.126 ms
(30 rows)

query 10 run 1
SET
SET
SET
                                                                                            QUERY PLAN                                                                                            
--------------------------------------------------------------------------------------------------------------------------------------------------------------------------------------------------
 Limit  (cost=2393413.89..2393413.94 rows=20 width=202) (actual time=20509.014..20509.019 rows=20 loops=1)
   ->  Sort  (cost=2393413.89..2394797.06 rows=553268 width=202) (actual time=20509.013..20509.016 rows=20 loops=1)
         Sort Key: (sum((lineitem.l_extendedprice * ('1'::numeric - lineitem.l_discount)))) DESC
         Sort Method: top-N heapsort  Memory: 33kB
         ->  GroupAggregate  (cost=2249748.89..2378691.63 rows=553268 width=202) (actual time=17888.263..20386.938 rows=381205 loops=1)
               Group Key: customer.c_custkey, nation.n_name
               ->  Incremental Sort  (cost=2249748.89..2364859.93 rows=553268 width=182) (actual time=17888.249..19603.611 rows=1145402 loops=1)
                     Sort Key: customer.c_custkey, nation.n_name
                     Presorted Key: customer.c_custkey
                     Full-sort Groups: 34068  Sort Method: quicksort  Average Memory: 33kB  Peak Memory: 33kB
                     ->  Nested Loop  (cost=2249748.72..2339962.87 rows=553268 width=182) (actual time=17888.132..19239.964 rows=1145402 loops=1)
                           ->  Merge Join  (cost=2249748.57..2326414.78 rows=553268 width=160) (actual time=17887.882..18832.724 rows=1145402 loops=1)
                                 Merge Cond: (customer.c_custkey = orders.o_custkey)
                                 ->  Index Scan using customer_pkey on customer  (cost=0.43..64621.96 rows=1500002 width=148) (actual time=0.434..488.247 rows=1499997 loops=1)
                                 ->  Sort  (cost=2249743.90..2251127.07 rows=553268 width=16) (actual time=17887.426..17994.824 rows=1145402 loops=1)
                                       Sort Key: orders.o_custkey
                                       Sort Method: external sort  Disk: 35288kB
                                       ->  Hash Join  (cost=283162.71..2196968.72 rows=553268 width=16) (actual time=4828.244..17329.229 rows=1145402 loops=1)
                                             Hash Cond: (lineitem.l_orderkey = orders.o_orderkey)
                                             ->  Seq Scan on lineitem  (cost=0.00..1874970.20 rows=14794591 width=16) (actual time=0.469..10682.840 rows=14808183 loops=1)
                                                   Filter: (l_returnflag = 'R'::bpchar)
                                                   Rows Removed by Filter: 45177869
                                             ->  Hash  (cost=276151.36..276151.36 rows=560908 width=8) (actual time=4825.801..4825.802 rows=573160 loops=1)
                                                   Buckets: 1048576  Batches: 1  Memory Usage: 30582kB
                                                   ->  Bitmap Heap Scan on orders  (cost=6469.74..276151.36 rows=560908 width=8) (actual time=111.567..4651.901 rows=573160 loops=1)
                                                         Recheck Cond: ((o_orderdate >= '1994-08-01'::date) AND (o_orderdate < '1994-11-01'::date))
                                                         Heap Blocks: exact=233346
                                                         ->  Bitmap Index Scan on idx_orders_orderdate  (cost=0.00..6329.52 rows=560908 width=0) (actual time=66.039..66.039 rows=573160 loops=1)
                                                               Index Cond: ((o_orderdate >= '1994-08-01'::date) AND (o_orderdate < '1994-11-01'::date))
                           ->  Memoize  (cost=0.15..0.92 rows=1 width=30) (actual time=0.000..0.000 rows=1 loops=1145402)
                                 Cache Key: customer.c_nationkey
                                 Cache Mode: logical
                                 Hits: 1145377  Misses: 25  Evictions: 0  Overflows: 0  Memory Usage: 4kB
                                 ->  Index Scan using nation_pkey on nation  (cost=0.14..0.91 rows=1 width=30) (actual time=0.011..0.011 rows=1 loops=25)
                                       Index Cond: (n_nationkey = customer.c_nationkey)
 Planning Time: 20.390 ms
 Execution Time: 20514.034 ms
(37 rows)

SET
SET
SET
                                                                                            QUERY PLAN                                                                                            
--------------------------------------------------------------------------------------------------------------------------------------------------------------------------------------------------
 Limit  (cost=2393413.89..2393413.94 rows=20 width=202) (actual time=14937.317..14937.322 rows=20 loops=1)
   ->  Sort  (cost=2393413.89..2394797.06 rows=553268 width=202) (actual time=14937.316..14937.319 rows=20 loops=1)
         Sort Key: (sum((lineitem.l_extendedprice * ('1'::numeric - lineitem.l_discount)))) DESC
         Sort Method: top-N heapsort  Memory: 33kB
         ->  GroupAggregate  (cost=2249748.89..2378691.63 rows=553268 width=202) (actual time=12462.100..14817.599 rows=381205 loops=1)
               Group Key: customer.c_custkey, nation.n_name
               ->  Incremental Sort  (cost=2249748.89..2364859.93 rows=553268 width=182) (actual time=12462.085..14044.549 rows=1145402 loops=1)
                     Sort Key: customer.c_custkey, nation.n_name
                     Presorted Key: customer.c_custkey
                     Full-sort Groups: 34068  Sort Method: quicksort  Average Memory: 33kB  Peak Memory: 33kB
                     ->  Nested Loop  (cost=2249748.72..2339962.87 rows=553268 width=182) (actual time=12461.969..13682.897 rows=1145402 loops=1)
                           ->  Merge Join  (cost=2249748.57..2326414.78 rows=553268 width=160) (actual time=12461.947..13281.752 rows=1145402 loops=1)
                                 Merge Cond: (customer.c_custkey = orders.o_custkey)
                                 ->  Index Scan using customer_pkey on customer  (cost=0.43..64621.96 rows=1500002 width=148) (actual time=0.017..368.716 rows=1499997 loops=1)
                                 ->  Sort  (cost=2249743.90..2251127.07 rows=553268 width=16) (actual time=12461.914..12567.500 rows=1145402 loops=1)
                                       Sort Key: orders.o_custkey
                                       Sort Method: external sort  Disk: 35288kB
                                       ->  Hash Join  (cost=283162.71..2196968.72 rows=553268 width=16) (actual time=1560.965..11912.416 rows=1145402 loops=1)
                                             Hash Cond: (lineitem.l_orderkey = orders.o_orderkey)
                                             ->  Seq Scan on lineitem  (cost=0.00..1874970.20 rows=14794591 width=16) (actual time=0.016..8627.811 rows=14808183 loops=1)
                                                   Filter: (l_returnflag = 'R'::bpchar)
                                                   Rows Removed by Filter: 45177869
                                             ->  Hash  (cost=276151.36..276151.36 rows=560908 width=8) (actual time=1559.502..1559.503 rows=573160 loops=1)
                                                   Buckets: 1048576  Batches: 1  Memory Usage: 30582kB
                                                   ->  Bitmap Heap Scan on orders  (cost=6469.74..276151.36 rows=560908 width=8) (actual time=109.976..1436.706 rows=573160 loops=1)
                                                         Recheck Cond: ((o_orderdate >= '1994-08-01'::date) AND (o_orderdate < '1994-11-01'::date))
                                                         Heap Blocks: exact=233346
                                                         ->  Bitmap Index Scan on idx_orders_orderdate  (cost=0.00..6329.52 rows=560908 width=0) (actual time=65.021..65.021 rows=573160 loops=1)
                                                               Index Cond: ((o_orderdate >= '1994-08-01'::date) AND (o_orderdate < '1994-11-01'::date))
                           ->  Memoize  (cost=0.15..0.92 rows=1 width=30) (actual time=0.000..0.000 rows=1 loops=1145402)
                                 Cache Key: customer.c_nationkey
                                 Cache Mode: logical
                                 Hits: 1145377  Misses: 25  Evictions: 0  Overflows: 0  Memory Usage: 4kB
                                 ->  Index Scan using nation_pkey on nation  (cost=0.14..0.91 rows=1 width=30) (actual time=0.002..0.002 rows=1 loops=25)
                                       Index Cond: (n_nationkey = customer.c_nationkey)
 Planning Time: 2.195 ms
 Execution Time: 14942.268 ms
(37 rows)

query 11 run 1
SET
SET
SET
                                                                                QUERY PLAN                                                                                 
---------------------------------------------------------------------------------------------------------------------------------------------------------------------------
 Limit  (cost=606526.43..606526.44 rows=1 width=36) (actual time=3950.107..3950.113 rows=0 loops=1)
   InitPlan 1 (returns $1)
     ->  Aggregate  (cost=293093.79..293093.81 rows=1 width=32) (actual time=1601.186..1601.190 rows=1 loops=1)
           ->  Hash Join  (cost=2311.46..290694.62 rows=319890 width=10) (actual time=2.764..1501.084 rows=320800 loops=1)
                 Hash Cond: (partsupp_1.ps_suppkey = supplier_1.s_suppkey)
                 ->  Seq Scan on partsupp partsupp_1  (cost=0.00..255194.55 rows=7997255 width=14) (actual time=0.017..751.353 rows=8000000 loops=1)
                 ->  Hash  (cost=2261.46..2261.46 rows=4000 width=4) (actual time=2.713..2.715 rows=4010 loops=1)
                       Buckets: 4096  Batches: 1  Memory Usage: 173kB
                       ->  Nested Loop  (cost=37.29..2261.46 rows=4000 width=4) (actual time=0.460..2.338 rows=4010 loops=1)
                             ->  Seq Scan on nation nation_1  (cost=0.00..1.31 rows=1 width=4) (actual time=0.006..0.007 rows=1 loops=1)
                                   Filter: (n_name = 'SAUDI ARABIA'::bpchar)
                                   Rows Removed by Filter: 24
                             ->  Bitmap Heap Scan on supplier supplier_1  (cost=37.29..2220.15 rows=4000 width=8) (actual time=0.450..1.989 rows=4010 loops=1)
                                   Recheck Cond: (s_nationkey = nation_1.n_nationkey)
                                   Heap Blocks: exact=1869
                                   ->  Bitmap Index Scan on idx_supplier_nation_key  (cost=0.00..36.29 rows=4000 width=0) (actual time=0.250..0.250 rows=4010 loops=1)
                                         Index Cond: (s_nationkey = nation_1.n_nationkey)
   ->  Sort  (cost=313432.63..313699.20 rows=106630 width=36) (actual time=3950.106..3950.108 rows=0 loops=1)
         Sort Key: (sum((partsupp.ps_supplycost * (partsupp.ps_availqty)::numeric))) DESC
         Sort Method: quicksort  Memory: 25kB
         ->  HashAggregate  (cost=304977.20..312899.48 rows=106630 width=36) (actual time=3950.082..3950.084 rows=0 loops=1)
               Group Key: partsupp.ps_partkey
               Filter: (sum((partsupp.ps_supplycost * (partsupp.ps_availqty)::numeric)) > $1)
               Planned Partitions: 4  Batches: 5  Memory Usage: 33841kB  Disk Usage: 11168kB
               Rows Removed by Filter: 301833
               ->  Hash Join  (cost=2311.46..290694.62 rows=319890 width=14) (actual time=40.100..1929.186 rows=320800 loops=1)
                     Hash Cond: (partsupp.ps_suppkey = supplier.s_suppkey)
                     ->  Seq Scan on partsupp  (cost=0.00..255194.55 rows=7997255 width=18) (actual time=0.506..1077.494 rows=8000000 loops=1)
                     ->  Hash  (cost=2261.46..2261.46 rows=4000 width=4) (actual time=39.532..39.534 rows=4010 loops=1)
                           Buckets: 4096  Batches: 1  Memory Usage: 173kB
                           ->  Nested Loop  (cost=37.29..2261.46 rows=4000 width=4) (actual time=1.460..38.307 rows=4010 loops=1)
                                 ->  Seq Scan on nation  (cost=0.00..1.31 rows=1 width=4) (actual time=0.197..0.201 rows=1 loops=1)
                                       Filter: (n_name = 'SAUDI ARABIA'::bpchar)
                                       Rows Removed by Filter: 24
                                 ->  Bitmap Heap Scan on supplier  (cost=37.29..2220.15 rows=4000 width=8) (actual time=1.255..37.322 rows=4010 loops=1)
                                       Recheck Cond: (s_nationkey = nation.n_nationkey)
                                       Heap Blocks: exact=1869
                                       ->  Bitmap Index Scan on idx_supplier_nation_key  (cost=0.00..36.29 rows=4000 width=0) (actual time=0.866..0.866 rows=4010 loops=1)
                                             Index Cond: (s_nationkey = nation.n_nationkey)
 Planning Time: 15.737 ms
 Execution Time: 3952.640 ms
(41 rows)

SET
SET
SET
                                                                                QUERY PLAN                                                                                 
---------------------------------------------------------------------------------------------------------------------------------------------------------------------------
 Limit  (cost=606526.43..606526.44 rows=1 width=36) (actual time=3522.578..3522.584 rows=0 loops=1)
   InitPlan 1 (returns $1)
     ->  Aggregate  (cost=293093.79..293093.81 rows=1 width=32) (actual time=1597.577..1597.580 rows=1 loops=1)
           ->  Hash Join  (cost=2311.46..290694.62 rows=319890 width=10) (actual time=2.740..1499.025 rows=320800 loops=1)
                 Hash Cond: (partsupp_1.ps_suppkey = supplier_1.s_suppkey)
                 ->  Seq Scan on partsupp partsupp_1  (cost=0.00..255194.55 rows=7997255 width=14) (actual time=0.016..753.467 rows=8000000 loops=1)
                 ->  Hash  (cost=2261.46..2261.46 rows=4000 width=4) (actual time=2.695..2.697 rows=4010 loops=1)
                       Buckets: 4096  Batches: 1  Memory Usage: 173kB
                       ->  Nested Loop  (cost=37.29..2261.46 rows=4000 width=4) (actual time=0.460..2.322 rows=4010 loops=1)
                             ->  Seq Scan on nation nation_1  (cost=0.00..1.31 rows=1 width=4) (actual time=0.005..0.007 rows=1 loops=1)
                                   Filter: (n_name = 'SAUDI ARABIA'::bpchar)
                                   Rows Removed by Filter: 24
                             ->  Bitmap Heap Scan on supplier supplier_1  (cost=37.29..2220.15 rows=4000 width=8) (actual time=0.451..1.985 rows=4010 loops=1)
                                   Recheck Cond: (s_nationkey = nation_1.n_nationkey)
                                   Heap Blocks: exact=1869
                                   ->  Bitmap Index Scan on idx_supplier_nation_key  (cost=0.00..36.29 rows=4000 width=0) (actual time=0.250..0.250 rows=4010 loops=1)
                                         Index Cond: (s_nationkey = nation_1.n_nationkey)
   ->  Sort  (cost=313432.63..313699.20 rows=106630 width=36) (actual time=3522.577..3522.579 rows=0 loops=1)
         Sort Key: (sum((partsupp.ps_supplycost * (partsupp.ps_availqty)::numeric))) DESC
         Sort Method: quicksort  Memory: 25kB
         ->  HashAggregate  (cost=304977.20..312899.48 rows=106630 width=36) (actual time=3522.554..3522.556 rows=0 loops=1)
               Group Key: partsupp.ps_partkey
               Filter: (sum((partsupp.ps_supplycost * (partsupp.ps_availqty)::numeric)) > $1)
               Planned Partitions: 4  Batches: 5  Memory Usage: 33841kB  Disk Usage: 11168kB
               Rows Removed by Filter: 301833
               ->  Hash Join  (cost=2311.46..290694.62 rows=319890 width=14) (actual time=3.774..1518.596 rows=320800 loops=1)
                     Hash Cond: (partsupp.ps_suppkey = supplier.s_suppkey)
                     ->  Seq Scan on partsupp  (cost=0.00..255194.55 rows=7997255 width=18) (actual time=0.036..760.651 rows=8000000 loops=1)
                     ->  Hash  (cost=2261.46..2261.46 rows=4000 width=4) (actual time=3.711..3.713 rows=4010 loops=1)
                           Buckets: 4096  Batches: 1  Memory Usage: 173kB
                           ->  Nested Loop  (cost=37.29..2261.46 rows=4000 width=4) (actual time=0.480..3.306 rows=4010 loops=1)
                                 ->  Seq Scan on nation  (cost=0.00..1.31 rows=1 width=4) (actual time=0.008..0.010 rows=1 loops=1)
                                       Filter: (n_name = 'SAUDI ARABIA'::bpchar)
                                       Rows Removed by Filter: 24
                                 ->  Bitmap Heap Scan on supplier  (cost=37.29..2220.15 rows=4000 width=8) (actual time=0.468..2.948 rows=4010 loops=1)
                                       Recheck Cond: (s_nationkey = nation.n_nationkey)
                                       Heap Blocks: exact=1869
                                       ->  Bitmap Index Scan on idx_supplier_nation_key  (cost=0.00..36.29 rows=4000 width=0) (actual time=0.257..0.258 rows=4010 loops=1)
                                             Index Cond: (s_nationkey = nation.n_nationkey)
 Planning Time: 0.933 ms
 Execution Time: 3524.834 ms
(41 rows)

query 12 run 1
SET
SET
SET
                                                                                                                    QUERY PLAN                                                                                                                     
---------------------------------------------------------------------------------------------------------------------------------------------------------------------------------------------------------------------------------------------------
 Limit  (cost=3030404.26..3031208.81 rows=1 width=27) (actual time=18896.058..18896.061 rows=1 loops=1)
   ->  GroupAggregate  (cost=3030404.26..3036036.07 rows=7 width=27) (actual time=18896.057..18896.059 rows=1 loops=1)
         Group Key: lineitem.l_shipmode
         ->  Sort  (cost=3030404.26..3031108.23 rows=281587 width=27) (actual time=18849.439..18855.534 rows=155572 loops=1)
               Sort Key: lineitem.l_shipmode
               Sort Method: quicksort  Memory: 31879kB
               ->  Hash Join  (cost=2478351.80..3004916.10 rows=281587 width=27) (actual time=14644.985..18774.324 rows=311258 loops=1)
                     Hash Cond: (orders.o_orderkey = lineitem.l_orderkey)
                     ->  Seq Scan on orders  (cost=0.00..411256.82 rows=14998882 width=20) (actual time=0.511..1652.544 rows=15000000 loops=1)
                     ->  Hash  (cost=2474831.96..2474831.96 rows=281587 width=15) (actual time=14643.674..14643.675 rows=311258 loops=1)
                           Buckets: 524288  Batches: 1  Memory Usage: 18687kB
                           ->  Seq Scan on lineitem  (cost=0.00..2474831.96 rows=281587 width=15) (actual time=1.108..14549.253 rows=311258 loops=1)
                                 Filter: ((l_shipmode = ANY ('{SHIP,"REG AIR"}'::bpchar[])) AND (l_commitdate < l_receiptdate) AND (l_shipdate < l_commitdate) AND (l_receiptdate >= '1994-01-01'::date) AND (l_receiptdate < '1995-01-01'::date))
                                 Rows Removed by Filter: 59674794
 Planning Time: 16.310 ms
 Execution Time: 18896.512 ms
(16 rows)

SET
SET
SET
                                                                                                                    QUERY PLAN                                                                                                                     
---------------------------------------------------------------------------------------------------------------------------------------------------------------------------------------------------------------------------------------------------
 Limit  (cost=3030404.26..3031208.81 rows=1 width=27) (actual time=16253.638..16253.641 rows=1 loops=1)
   ->  GroupAggregate  (cost=3030404.26..3036036.07 rows=7 width=27) (actual time=16253.637..16253.640 rows=1 loops=1)
         Group Key: lineitem.l_shipmode
         ->  Sort  (cost=3030404.26..3031108.23 rows=281587 width=27) (actual time=16206.810..16212.951 rows=155572 loops=1)
               Sort Key: lineitem.l_shipmode
               Sort Method: quicksort  Memory: 31879kB
               ->  Hash Join  (cost=2478351.80..3004916.10 rows=281587 width=27) (actual time=12527.409..16133.461 rows=311258 loops=1)
                     Hash Cond: (orders.o_orderkey = lineitem.l_orderkey)
                     ->  Seq Scan on orders  (cost=0.00..411256.82 rows=14998882 width=20) (actual time=0.023..1231.527 rows=15000000 loops=1)
                     ->  Hash  (cost=2474831.96..2474831.96 rows=281587 width=15) (actual time=12526.719..12526.719 rows=311258 loops=1)
                           Buckets: 524288  Batches: 1  Memory Usage: 18687kB
                           ->  Seq Scan on lineitem  (cost=0.00..2474831.96 rows=281587 width=15) (actual time=0.101..12434.027 rows=311258 loops=1)
                                 Filter: ((l_shipmode = ANY ('{SHIP,"REG AIR"}'::bpchar[])) AND (l_commitdate < l_receiptdate) AND (l_shipdate < l_commitdate) AND (l_receiptdate >= '1994-01-01'::date) AND (l_receiptdate < '1995-01-01'::date))
                                 Rows Removed by Filter: 59674794
 Planning Time: 0.967 ms
 Execution Time: 16253.771 ms
(16 rows)

query 13 run 1
SET
SET
SET
                                                                                    QUERY PLAN                                                                                     
-----------------------------------------------------------------------------------------------------------------------------------------------------------------------------------
 Limit  (cost=1361544.34..1361544.34 rows=1 width=16) (actual time=17736.099..17736.102 rows=1 loops=1)
   ->  Sort  (cost=1361544.34..1361544.84 rows=200 width=16) (actual time=17736.097..17736.100 rows=1 loops=1)
         Sort Key: (count(*)) DESC, (count(orders.o_orderkey)) DESC
         Sort Method: top-N heapsort  Memory: 25kB
         ->  HashAggregate  (cost=1361541.34..1361543.34 rows=200 width=16) (actual time=17736.070..17736.078 rows=46 loops=1)
               Group Key: count(orders.o_orderkey)
               Batches: 1  Memory Usage: 40kB
               ->  HashAggregate  (cost=1208046.15..1339041.31 rows=1500002 width=12) (actual time=15041.254..17568.228 rows=1500000 loops=1)
                     Group Key: customer.c_custkey
                     Planned Partitions: 8  Batches: 9  Memory Usage: 32849kB  Disk Usage: 325144kB
                     ->  Hash Right Join  (cost=53284.48..662868.99 rows=14847378 width=8) (actual time=346.771..11199.690 rows=15337604 loops=1)
                           Hash Cond: (orders.o_custkey = customer.c_custkey)
                           ->  Seq Scan on orders  (cost=0.00..448754.03 rows=14847378 width=8) (actual time=0.875..5089.235 rows=14837583 loops=1)
                                 Filter: ((o_comment)::text !~~ '%special%requests%'::text)
                                 Rows Removed by Filter: 162417
                           ->  Hash  (cost=28674.46..28674.46 rows=1500002 width=4) (actual time=344.502..344.503 rows=1500000 loops=1)
                                 Buckets: 1048576  Batches: 4  Memory Usage: 21380kB
                                 ->  Index Only Scan using customer_pkey on customer  (cost=0.43..28674.46 rows=1500002 width=4) (actual time=0.020..160.449 rows=1500000 loops=1)
                                       Heap Fetches: 0
 Planning Time: 17.386 ms
 Execution Time: 17790.411 ms
(21 rows)

SET
SET
SET
                                                                                    QUERY PLAN                                                                                     
-----------------------------------------------------------------------------------------------------------------------------------------------------------------------------------
 Limit  (cost=1361544.34..1361544.34 rows=1 width=16) (actual time=17118.963..17118.966 rows=1 loops=1)
   ->  Sort  (cost=1361544.34..1361544.84 rows=200 width=16) (actual time=17118.961..17118.963 rows=1 loops=1)
         Sort Key: (count(*)) DESC, (count(orders.o_orderkey)) DESC
         Sort Method: top-N heapsort  Memory: 25kB
         ->  HashAggregate  (cost=1361541.34..1361543.34 rows=200 width=16) (actual time=17118.935..17118.942 rows=46 loops=1)
               Group Key: count(orders.o_orderkey)
               Batches: 1  Memory Usage: 40kB
               ->  HashAggregate  (cost=1208046.15..1339041.31 rows=1500002 width=12) (actual time=14429.460..16947.508 rows=1500000 loops=1)
                     Group Key: customer.c_custkey
                     Planned Partitions: 8  Batches: 9  Memory Usage: 32849kB  Disk Usage: 325144kB
                     ->  Hash Right Join  (cost=53284.48..662868.99 rows=14847378 width=8) (actual time=312.076..10629.376 rows=15337604 loops=1)
                           Hash Cond: (orders.o_custkey = customer.c_custkey)
                           ->  Seq Scan on orders  (cost=0.00..448754.03 rows=14847378 width=8) (actual time=0.031..4596.887 rows=14837583 loops=1)
                                 Filter: ((o_comment)::text !~~ '%special%requests%'::text)
                                 Rows Removed by Filter: 162417
                           ->  Hash  (cost=28674.46..28674.46 rows=1500002 width=4) (actual time=310.682..310.683 rows=1500000 loops=1)
                                 Buckets: 1048576  Batches: 4  Memory Usage: 21380kB
                                 ->  Index Only Scan using customer_pkey on customer  (cost=0.43..28674.46 rows=1500002 width=4) (actual time=0.019..128.896 rows=1500000 loops=1)
                                       Heap Fetches: 0
 Planning Time: 0.628 ms
 Execution Time: 17173.456 ms
(21 rows)

query 14 run 1
SET
SET
SET
                                                                              QUERY PLAN                                                                               
-----------------------------------------------------------------------------------------------------------------------------------------------------------------------
 Limit  (cost=1291674.60..1291674.61 rows=1 width=32) (actual time=67269.036..67269.038 rows=1 loops=1)
   ->  Aggregate  (cost=1291674.60..1291674.61 rows=1 width=32) (actual time=67269.034..67269.036 rows=1 loops=1)
         ->  Hash Join  (cost=99653.05..1278268.77 rows=766047 width=33) (actual time=882.144..66818.070 rows=772942 loops=1)
               Hash Cond: (lineitem.l_partkey = part.p_partkey)
               ->  Index Scan using idx_lineitem_shipdate on lineitem  (cost=0.56..1155451.41 rows=766047 width=16) (actual time=1.493..64795.313 rows=772942 loops=1)
                     Index Cond: ((l_shipdate >= '1994-05-01'::date) AND (l_shipdate < '1994-06-01'::date))
               ->  Hash  (cost=60980.77..60980.77 rows=1999977 width=25) (actual time=873.629..873.630 rows=2000000 loops=1)
                     Buckets: 524288  Batches: 8  Memory Usage: 18555kB
                     ->  Seq Scan on part  (cost=0.00..60980.77 rows=1999977 width=25) (actual time=0.502..542.906 rows=2000000 loops=1)
 Planning Time: 19.684 ms
 Execution Time: 67269.444 ms
(11 rows)

SET
SET
SET
                                                                              QUERY PLAN                                                                              
----------------------------------------------------------------------------------------------------------------------------------------------------------------------
 Limit  (cost=1291674.60..1291674.61 rows=1 width=32) (actual time=3513.597..3513.600 rows=1 loops=1)
   ->  Aggregate  (cost=1291674.60..1291674.61 rows=1 width=32) (actual time=3513.595..3513.597 rows=1 loops=1)
         ->  Hash Join  (cost=99653.05..1278268.77 rows=766047 width=33) (actual time=735.399..3204.283 rows=772942 loops=1)
               Hash Cond: (lineitem.l_partkey = part.p_partkey)
               ->  Index Scan using idx_lineitem_shipdate on lineitem  (cost=0.56..1155451.41 rows=766047 width=16) (actual time=0.039..1872.473 rows=772942 loops=1)
                     Index Cond: ((l_shipdate >= '1994-05-01'::date) AND (l_shipdate < '1994-06-01'::date))
               ->  Hash  (cost=60980.77..60980.77 rows=1999977 width=25) (actual time=734.339..734.340 rows=2000000 loops=1)
                     Buckets: 524288  Batches: 8  Memory Usage: 18555kB
                     ->  Seq Scan on part  (cost=0.00..60980.77 rows=1999977 width=25) (actual time=0.027..411.372 rows=2000000 loops=1)
 Planning Time: 1.104 ms
 Execution Time: 3513.667 ms
(11 rows)

query 15 run 1
SET
SET
SET
CREATE VIEW
                                                                                   QUERY PLAN                                                                                   
--------------------------------------------------------------------------------------------------------------------------------------------------------------------------------
 Limit  (cost=3768410.45..3768419.13 rows=1 width=103) (actual time=20194.283..20194.293 rows=1 loops=1)
   InitPlan 1 (returns $0)
     ->  Aggregate  (cost=1884697.24..1884697.25 rows=1 width=32) (actual time=6669.700..6669.701 rows=1 loops=1)
           ->  HashAggregate  (cost=1882166.96..1883432.10 rows=101211 width=36) (actual time=6365.594..6663.655 rows=100000 loops=1)
                 Group Key: lineitem_1.l_suppkey
                 Batches: 5  Memory Usage: 33841kB  Disk Usage: 28280kB
                 ->  Bitmap Heap Scan on lineitem lineitem_1  (cost=36310.93..1859520.75 rows=2264621 width=16) (actual time=366.553..4656.479 rows=2265714 loops=1)
                       Recheck Cond: ((l_shipdate >= '1996-01-01'::date) AND (l_shipdate < '1996-04-01'::date))
                       Rows Removed by Index Recheck: 13223651
                       Heap Blocks: exact=401153 lossy=267105
                       ->  Bitmap Index Scan on idx_lineitem_shipdate  (cost=0.00..35744.78 rows=2264621 width=0) (actual time=282.614..282.614 rows=2265714 loops=1)
                             Index Cond: ((l_shipdate >= '1996-01-01'::date) AND (l_shipdate < '1996-04-01'::date))
   ->  Merge Join  (cost=1883713.20..1888106.29 rows=506 width=103) (actual time=20194.281..20194.283 rows=1 loops=1)
         Merge Cond: (supplier.s_suppkey = revenue0.supplier_no)
         ->  Index Scan using supplier_pkey on supplier  (cost=0.29..4135.79 rows=100000 width=71) (actual time=0.552..18.676 rows=69998 loops=1)
         ->  Sort  (cost=1883712.91..1883714.18 rows=506 width=36) (actual time=20171.373..20171.375 rows=1 loops=1)
               Sort Key: revenue0.supplier_no
               Sort Method: quicksort  Memory: 25kB
               ->  Subquery Scan on revenue0  (cost=1882166.96..1883690.19 rows=506 width=36) (actual time=19879.486..20171.367 rows=1 loops=1)
                     ->  HashAggregate  (cost=1882166.96..1883685.13 rows=506 width=36) (actual time=19879.485..20171.364 rows=1 loops=1)
                           Group Key: lineitem.l_suppkey
                           Filter: (sum((lineitem.l_extendedprice * ('1'::numeric - lineitem.l_discount))) = $0)
                           Batches: 5  Memory Usage: 33841kB  Disk Usage: 28280kB
                           Rows Removed by Filter: 99999
                           ->  Bitmap Heap Scan on lineitem  (cost=36310.93..1859520.75 rows=2264621 width=16) (actual time=424.156..11009.714 rows=2265714 loops=1)
                                 Recheck Cond: ((l_shipdate >= '1996-01-01'::date) AND (l_shipdate < '1996-04-01'::date))
                                 Rows Removed by Index Recheck: 13223651
                                 Heap Blocks: exact=401153 lossy=267105
                                 ->  Bitmap Index Scan on idx_lineitem_shipdate  (cost=0.00..35744.78 rows=2264621 width=0) (actual time=339.703..339.703 rows=2265714 loops=1)
                                       Index Cond: ((l_shipdate >= '1996-01-01'::date) AND (l_shipdate < '1996-04-01'::date))
 Planning Time: 13.155 ms
 Execution Time: 20203.577 ms
(32 rows)

DROP VIEW
SET
SET
SET
CREATE VIEW
                                                                                   QUERY PLAN                                                                                   
--------------------------------------------------------------------------------------------------------------------------------------------------------------------------------
 Limit  (cost=3768410.45..3768419.13 rows=1 width=103) (actual time=13975.982..13975.986 rows=1 loops=1)
   InitPlan 1 (returns $0)
     ->  Aggregate  (cost=1884697.24..1884697.25 rows=1 width=32) (actual time=6702.628..6702.629 rows=1 loops=1)
           ->  HashAggregate  (cost=1882166.96..1883432.10 rows=101211 width=36) (actual time=6400.424..6696.641 rows=100000 loops=1)
                 Group Key: lineitem_1.l_suppkey
                 Batches: 5  Memory Usage: 33841kB  Disk Usage: 28280kB
                 ->  Bitmap Heap Scan on lineitem lineitem_1  (cost=36310.93..1859520.75 rows=2264621 width=16) (actual time=368.562..4687.767 rows=2265714 loops=1)
                       Recheck Cond: ((l_shipdate >= '1996-01-01'::date) AND (l_shipdate < '1996-04-01'::date))
                       Rows Removed by Index Recheck: 13223651
                       Heap Blocks: exact=401153 lossy=267105
                       ->  Bitmap Index Scan on idx_lineitem_shipdate  (cost=0.00..35744.78 rows=2264621 width=0) (actual time=284.953..284.954 rows=2265714 loops=1)
                             Index Cond: ((l_shipdate >= '1996-01-01'::date) AND (l_shipdate < '1996-04-01'::date))
   ->  Merge Join  (cost=1883713.20..1888106.29 rows=506 width=103) (actual time=13975.981..13975.982 rows=1 loops=1)
         Merge Cond: (supplier.s_suppkey = revenue0.supplier_no)
         ->  Index Scan using supplier_pkey on supplier  (cost=0.29..4135.79 rows=100000 width=71) (actual time=0.040..11.653 rows=69998 loops=1)
         ->  Sort  (cost=1883712.91..1883714.18 rows=506 width=36) (actual time=13960.252..13960.253 rows=1 loops=1)
               Sort Key: revenue0.supplier_no
               Sort Method: quicksort  Memory: 25kB
               ->  Subquery Scan on revenue0  (cost=1882166.96..1883690.19 rows=506 width=36) (actual time=13676.827..13960.246 rows=1 loops=1)
                     ->  HashAggregate  (cost=1882166.96..1883685.13 rows=506 width=36) (actual time=13676.826..13960.243 rows=1 loops=1)
                           Group Key: lineitem.l_suppkey
                           Filter: (sum((lineitem.l_extendedprice * ('1'::numeric - lineitem.l_discount))) = $0)
                           Batches: 5  Memory Usage: 33841kB  Disk Usage: 28280kB
                           Rows Removed by Filter: 99999
                           ->  Bitmap Heap Scan on lineitem  (cost=36310.93..1859520.75 rows=2264621 width=16) (actual time=389.623..5225.833 rows=2265714 loops=1)
                                 Recheck Cond: ((l_shipdate >= '1996-01-01'::date) AND (l_shipdate < '1996-04-01'::date))
                                 Rows Removed by Index Recheck: 13223651
                                 Heap Blocks: exact=401153 lossy=267105
                                 ->  Bitmap Index Scan on idx_lineitem_shipdate  (cost=0.00..35744.78 rows=2264621 width=0) (actual time=306.074..306.074 rows=2265714 loops=1)
                                       Index Cond: ((l_shipdate >= '1996-01-01'::date) AND (l_shipdate < '1996-04-01'::date))
 Planning Time: 0.937 ms
 Execution Time: 13985.205 ms
(32 rows)

DROP VIEW
query 16 run 1
SET
SET
SET
                                                                                         QUERY PLAN                                                                                         
--------------------------------------------------------------------------------------------------------------------------------------------------------------------------------------------
 Limit  (cost=357851.78..357851.78 rows=1 width=44) (actual time=6689.655..6689.658 rows=1 loops=1)
   ->  Sort  (cost=357851.78..358234.68 rows=153160 width=44) (actual time=6689.653..6689.656 rows=1 loops=1)
         Sort Key: (count(DISTINCT partsupp.ps_suppkey)) DESC, part.p_brand, part.p_type, part.p_size
         Sort Method: top-N heapsort  Memory: 25kB
         ->  GroupAggregate  (cost=348200.79..357085.98 rows=153160 width=44) (actual time=6010.823..6684.663 rows=27838 loops=1)
               Group Key: part.p_brand, part.p_type, part.p_size
               ->  Sort  (cost=348200.79..349671.51 rows=588287 width=40) (actual time=6010.769..6375.007 rows=1186319 loops=1)
                     Sort Key: part.p_brand, part.p_type, part.p_size
                     Sort Method: external merge  Disk: 60592kB
                     ->  Hash Join  (cost=98129.90..281483.78 rows=588287 width=40) (actual time=820.122..3127.973 rows=1186319 loops=1)
                           Hash Cond: (partsupp.ps_partkey = part.p_partkey)
                           ->  Index Only Scan using partsupp_pkey on partsupp  (cost=3471.46..176328.92 rows=3998628 width=8) (actual time=36.346..1522.743 rows=7995520 loops=1)
                                 Filter: (NOT (hashed SubPlan 1))
                                 Rows Removed by Filter: 4480
                                 Heap Fetches: 0
                                 SubPlan 1
                                   ->  Seq Scan on supplier  (cost=0.00..3471.00 rows=10 width=4) (actual time=1.041..35.794 rows=56 loops=1)
                                         Filter: ((s_comment)::text ~~ '%Customer%Complaints%'::text)
                                         Rows Removed by Filter: 99944
                           ->  Hash  (cost=90980.43..90980.43 rows=294241 width=40) (actual time=783.069..783.070 rows=296733 loops=1)
                                 Buckets: 524288  Batches: 1  Memory Usage: 25593kB
                                 ->  Seq Scan on part  (cost=0.00..90980.43 rows=294241 width=40) (actual time=0.770..710.750 rows=296733 loops=1)
                                       Filter: ((p_brand <> 'Brand#12'::bpchar) AND ((p_type)::text !~~ 'SMALL BRUSHED%'::text) AND (p_size = ANY ('{12,32,36,26,40,34,49,9}'::integer[])))
                                       Rows Removed by Filter: 1703267
 Planning Time: 17.509 ms
 Execution Time: 6698.123 ms
(26 rows)

SET
SET
SET
                                                                                         QUERY PLAN                                                                                         
--------------------------------------------------------------------------------------------------------------------------------------------------------------------------------------------
 Limit  (cost=357851.78..357851.78 rows=1 width=44) (actual time=6238.386..6238.389 rows=1 loops=1)
   ->  Sort  (cost=357851.78..358234.68 rows=153160 width=44) (actual time=6238.385..6238.387 rows=1 loops=1)
         Sort Key: (count(DISTINCT partsupp.ps_suppkey)) DESC, part.p_brand, part.p_type, part.p_size
         Sort Method: top-N heapsort  Memory: 25kB
         ->  GroupAggregate  (cost=348200.79..357085.98 rows=153160 width=44) (actual time=5559.886..6233.350 rows=27838 loops=1)
               Group Key: part.p_brand, part.p_type, part.p_size
               ->  Sort  (cost=348200.79..349671.51 rows=588287 width=40) (actual time=5559.834..5924.372 rows=1186319 loops=1)
                     Sort Key: part.p_brand, part.p_type, part.p_size
                     Sort Method: external merge  Disk: 60592kB
                     ->  Hash Join  (cost=98129.90..281483.78 rows=588287 width=40) (actual time=529.199..2678.593 rows=1186319 loops=1)
                           Hash Cond: (partsupp.ps_partkey = part.p_partkey)
                           ->  Index Only Scan using partsupp_pkey on partsupp  (cost=3471.46..176328.92 rows=3998628 width=8) (actual time=20.956..1360.725 rows=7995520 loops=1)
                                 Filter: (NOT (hashed SubPlan 1))
                                 Rows Removed by Filter: 4480
                                 Heap Fetches: 0
                                 SubPlan 1
                                   ->  Seq Scan on supplier  (cost=0.00..3471.00 rows=10 width=4) (actual time=0.086..20.670 rows=56 loops=1)
                                         Filter: ((s_comment)::text ~~ '%Customer%Complaints%'::text)
                                         Rows Removed by Filter: 99944
                           ->  Hash  (cost=90980.43..90980.43 rows=294241 width=40) (actual time=507.591..507.592 rows=296733 loops=1)
                                 Buckets: 524288  Batches: 1  Memory Usage: 25593kB
                                 ->  Seq Scan on part  (cost=0.00..90980.43 rows=294241 width=40) (actual time=0.016..444.703 rows=296733 loops=1)
                                       Filter: ((p_brand <> 'Brand#12'::bpchar) AND ((p_type)::text !~~ 'SMALL BRUSHED%'::text) AND (p_size = ANY ('{12,32,36,26,40,34,49,9}'::integer[])))
                                       Rows Removed by Filter: 1703267
 Planning Time: 0.806 ms
 Execution Time: 6245.935 ms
(26 rows)

query 17 run 1
SET
SET
SET
                                                                            QUERY PLAN                                                                            
------------------------------------------------------------------------------------------------------------------------------------------------------------------
 Limit  (cost=4902056.25..4902056.26 rows=1 width=32) (actual time=54300.565..54300.575 rows=1 loops=1)
   ->  Aggregate  (cost=4902056.25..4902056.26 rows=1 width=32) (actual time=54300.564..54300.566 rows=1 loops=1)
         ->  Nested Loop  (cost=4174368.18..4902011.16 rows=18033 width=8) (actual time=31457.765..54298.545 rows=5319 loops=1)
               Join Filter: (part.p_partkey = lineitem.l_partkey)
               ->  Hash Join  (cost=4174367.74..4811696.73 rows=1804 width=40) (actual time=31457.157..53327.556 rows=1996 loops=1)
                     Hash Cond: (lineitem_1.l_partkey = part.p_partkey)
                     ->  HashAggregate  (cost=4103362.91..4717143.59 rows=1865212 width=36) (actual time=30930.523..52647.336 rows=2000000 loops=1)
                           Group Key: lineitem_1.l_partkey
                           Planned Partitions: 32  Batches: 33  Memory Usage: 34065kB  Disk Usage: 2103376kB
                           ->  Seq Scan on lineitem lineitem_1  (cost=0.00..1725004.76 rows=59986176 width=9) (actual time=0.732..7178.247 rows=59986052 loops=1)
                     ->  Hash  (cost=70980.65..70980.65 rows=1934 width=4) (actual time=526.332..526.333 rows=1996 loops=1)
                           Buckets: 2048  Batches: 1  Memory Usage: 87kB
                           ->  Seq Scan on part  (cost=0.00..70980.65 rows=1934 width=4) (actual time=1.336..525.308 rows=1996 loops=1)
                                 Filter: ((p_brand = 'Brand#22'::bpchar) AND (p_container = 'LG BOX'::bpchar))
                                 Rows Removed by Filter: 1998004
               ->  Index Scan using idx_lineitem_part_supp on lineitem  (cost=0.44..49.93 rows=11 width=17) (actual time=0.342..0.485 rows=3 loops=1996)
                     Index Cond: (l_partkey = lineitem_1.l_partkey)
                     Filter: (l_quantity < ((0.2 * avg(lineitem_1.l_quantity))))
                     Rows Removed by Filter: 27
 Planning Time: 15.664 ms
 Execution Time: 54562.179 ms
(21 rows)

SET
SET
SET
                                                                            QUERY PLAN                                                                            
------------------------------------------------------------------------------------------------------------------------------------------------------------------
 Limit  (cost=4902056.25..4902056.26 rows=1 width=32) (actual time=51454.486..51454.489 rows=1 loops=1)
   ->  Aggregate  (cost=4902056.25..4902056.26 rows=1 width=32) (actual time=51454.485..51454.487 rows=1 loops=1)
         ->  Nested Loop  (cost=4174368.18..4902011.16 rows=18033 width=8) (actual time=29637.011..51453.736 rows=5319 loops=1)
               Join Filter: (part.p_partkey = lineitem.l_partkey)
               ->  Hash Join  (cost=4174367.74..4811696.73 rows=1804 width=40) (actual time=29636.984..51409.435 rows=1996 loops=1)
                     Hash Cond: (lineitem_1.l_partkey = part.p_partkey)
                     ->  HashAggregate  (cost=4103362.91..4717143.59 rows=1865212 width=36) (actual time=29367.808..50992.470 rows=2000000 loops=1)
                           Group Key: lineitem_1.l_partkey
                           Planned Partitions: 32  Batches: 33  Memory Usage: 34065kB  Disk Usage: 2103376kB
                           ->  Seq Scan on lineitem lineitem_1  (cost=0.00..1725004.76 rows=59986176 width=9) (actual time=0.034..5373.522 rows=59986052 loops=1)
                     ->  Hash  (cost=70980.65..70980.65 rows=1934 width=4) (actual time=268.873..268.873 rows=1996 loops=1)
                           Buckets: 2048  Batches: 1  Memory Usage: 87kB
                           ->  Seq Scan on part  (cost=0.00..70980.65 rows=1934 width=4) (actual time=0.106..268.396 rows=1996 loops=1)
                                 Filter: ((p_brand = 'Brand#22'::bpchar) AND (p_container = 'LG BOX'::bpchar))
                                 Rows Removed by Filter: 1998004
               ->  Index Scan using idx_lineitem_part_supp on lineitem  (cost=0.44..49.93 rows=11 width=17) (actual time=0.010..0.021 rows=3 loops=1996)
                     Index Cond: (l_partkey = lineitem_1.l_partkey)
                     Filter: (l_quantity < ((0.2 * avg(lineitem_1.l_quantity))))
                     Rows Removed by Filter: 27
 Planning Time: 1.210 ms
 Execution Time: 51700.761 ms
(21 rows)

query 18 run 1
SET
SET
SET
                                                                                                 QUERY PLAN                                                                                                  
-------------------------------------------------------------------------------------------------------------------------------------------------------------------------------------------------------------
 Limit  (cost=8775474.19..8775474.44 rows=100 width=71) (actual time=42320.145..42320.158 rows=99 loops=1)
   ->  Sort  (cost=8775474.19..8825454.88 rows=19992275 width=71) (actual time=42320.143..42320.151 rows=99 loops=1)
         Sort Key: orders.o_totalprice DESC, orders.o_orderdate
         Sort Method: quicksort  Memory: 32kB
         ->  HashAggregate  (cost=7410053.67..8011383.82 rows=19992275 width=71) (actual time=42319.663..42320.065 rows=99 loops=1)
               Group Key: customer.c_custkey, orders.o_orderkey
               Planned Partitions: 256  Batches: 1  Memory Usage: 3153kB
               ->  Hash Join  (cost=78552.62..6333126.04 rows=19992275 width=44) (actual time=4389.206..42319.283 rows=693 loops=1)
                     Hash Cond: (orders.o_custkey = customer.c_custkey)
                     ->  Merge Join  (cost=65.58..5920037.13 rows=19992275 width=25) (actual time=1005.666..41539.900 rows=693 loops=1)
                           Merge Cond: (orders.o_orderkey = lineitem.l_orderkey)
                           ->  Merge Join  (cost=1.00..3390271.69 rows=4998848 width=24) (actual time=768.961..30162.460 rows=99 loops=1)
                                 Merge Cond: (orders.o_orderkey = lineitem_1.l_orderkey)
                                 ->  Index Scan using orders_pkey on orders  (cost=0.43..547948.67 rows=14998882 width=20) (actual time=0.710..2974.756 rows=14982724 loops=1)
                                 ->  GroupAggregate  (cost=0.56..2692351.74 rows=4998848 width=4) (actual time=660.593..26293.930 rows=99 loops=1)
                                       Group Key: lineitem_1.l_orderkey
                                       Filter: (sum(lineitem_1.l_quantity) > '313'::numeric)
                                       Rows Removed by Filter: 14999901
                                       ->  Index Scan using idx_lineitem_orderkey on lineitem lineitem_1  (cost=0.56..2167472.70 rows=59986176 width=9) (actual time=0.619..12415.619 rows=59986052 loops=1)
                           ->  Index Scan using idx_lineitem_orderkey on lineitem  (cost=0.56..2167472.70 rows=59986176 width=9) (actual time=0.014..7879.715 rows=59916431 loops=1)
                     ->  Hash  (cost=50947.02..50947.02 rows=1500002 width=23) (actual time=673.510..673.510 rows=1500000 loops=1)
                           Buckets: 524288  Batches: 4  Memory Usage: 24623kB
                           ->  Seq Scan on customer  (cost=0.00..50947.02 rows=1500002 width=23) (actual time=0.576..416.068 rows=1500000 loops=1)
 Planning Time: 21.317 ms
 Execution Time: 42321.358 ms
(25 rows)

SET
SET
SET
                                                                                                 QUERY PLAN                                                                                                  
-------------------------------------------------------------------------------------------------------------------------------------------------------------------------------------------------------------
 Limit  (cost=8775474.19..8775474.44 rows=100 width=71) (actual time=38959.301..38959.315 rows=99 loops=1)
   ->  Sort  (cost=8775474.19..8825454.88 rows=19992275 width=71) (actual time=38959.300..38959.307 rows=99 loops=1)
         Sort Key: orders.o_totalprice DESC, orders.o_orderdate
         Sort Method: quicksort  Memory: 32kB
         ->  HashAggregate  (cost=7410053.67..8011383.82 rows=19992275 width=71) (actual time=38958.811..38959.223 rows=99 loops=1)
               Group Key: customer.c_custkey, orders.o_orderkey
               Planned Partitions: 256  Batches: 1  Memory Usage: 3153kB
               ->  Hash Join  (cost=78552.62..6333126.04 rows=19992275 width=44) (actual time=3803.306..38958.437 rows=693 loops=1)
                     Hash Cond: (orders.o_custkey = customer.c_custkey)
                     ->  Merge Join  (cost=65.58..5920037.13 rows=19992275 width=25) (actual time=873.489..38308.453 rows=693 loops=1)
                           Merge Cond: (orders.o_orderkey = lineitem.l_orderkey)
                           ->  Merge Join  (cost=1.00..3390271.69 rows=4998848 width=24) (actual time=633.873..26913.138 rows=99 loops=1)
                                 Merge Cond: (orders.o_orderkey = lineitem_1.l_orderkey)
                                 ->  Index Scan using orders_pkey on orders  (cost=0.43..547948.67 rows=14998882 width=20) (actual time=0.019..2388.351 rows=14982724 loops=1)
                                 ->  GroupAggregate  (cost=0.56..2692351.74 rows=4998848 width=4) (actual time=554.249..23655.495 rows=99 loops=1)
                                       Group Key: lineitem_1.l_orderkey
                                       Filter: (sum(lineitem_1.l_quantity) > '313'::numeric)
                                       Rows Removed by Filter: 14999901
                                       ->  Index Scan using idx_lineitem_orderkey on lineitem lineitem_1  (cost=0.56..2167472.70 rows=59986176 width=9) (actual time=0.014..10107.003 rows=59986052 loops=1)
                           ->  Index Scan using idx_lineitem_orderkey on lineitem  (cost=0.56..2167472.70 rows=59986176 width=9) (actual time=0.013..7922.133 rows=59916431 loops=1)
                     ->  Hash  (cost=50947.02..50947.02 rows=1500002 width=23) (actual time=543.863..543.863 rows=1500000 loops=1)
                           Buckets: 524288  Batches: 4  Memory Usage: 24623kB
                           ->  Seq Scan on customer  (cost=0.00..50947.02 rows=1500002 width=23) (actual time=0.024..292.251 rows=1500000 loops=1)
 Planning Time: 2.009 ms
 Execution Time: 38959.850 ms
(25 rows)

query 19 run 1
SET
SET
SET
                                                                                                                                                                                                                                                                                                                                                                                                                                                                                                            QUERY PLAN                                                                                                                                                                                                                                                                                                                                                                                                                                                                                                            
----------------------------------------------------------------------------------------------------------------------------------------------------------------------------------------------------------------------------------------------------------------------------------------------------------------------------------------------------------------------------------------------------------------------------------------------------------------------------------------------------------------------------------------------------------------------------------------------------------------------------------------------------------------------------------------------------------------------------------------------------------------------------------------------------------------------------------------------------------------------------------------------------------------------------------------------------------------------------------------------------------------------------------
 Limit  (cost=368219.80..368219.81 rows=1 width=32) (actual time=23102.178..23102.179 rows=1 loops=1)
   ->  Aggregate  (cost=368219.80..368219.81 rows=1 width=32) (actual time=23102.177..23102.177 rows=1 loops=1)
         ->  Nested Loop  (cost=0.44..368211.63 rows=1090 width=12) (actual time=62.063..23098.801 rows=1063 loops=1)
               ->  Seq Scan on part  (cost=0.00..125980.02 rows=4661 width=30) (actual time=1.413..818.107 rows=4781 loops=1)
                     Filter: ((p_size >= 1) AND (((p_brand = 'Brand#24'::bpchar) AND (p_container = ANY ('{"SM CASE","SM BOX","SM PACK","SM PKG"}'::bpchar[])) AND (p_size <= 5)) OR ((p_brand = 'Brand#43'::bpchar) AND (p_container = ANY ('{"MED BAG","MED BOX","MED PKG","MED PACK"}'::bpchar[])) AND (p_size <= 10)) OR ((p_brand = 'Brand#44'::bpchar) AND (p_container = ANY ('{"LG CASE","LG BOX","LG PACK","LG PKG"}'::bpchar[])) AND (p_size <= 15))))
                     Rows Removed by Filter: 1995219
               ->  Index Scan using idx_lineitem_part_supp on lineitem  (cost=0.44..51.96 rows=1 width=21) (actual time=4.202..4.659 rows=0 loops=4781)
                     Index Cond: (l_partkey = part.p_partkey)
                     Filter: ((l_shipmode = ANY ('{AIR,"AIR REG"}'::bpchar[])) AND (l_shipinstruct = 'DELIVER IN PERSON'::bpchar) AND (((l_quantity >= '10'::numeric) AND (l_quantity <= '20'::numeric)) OR ((l_quantity >= '10'::numeric) AND (l_quantity <= '20'::numeric)) OR ((l_quantity >= '20'::numeric) AND (l_quantity <= '30'::numeric))) AND (((part.p_brand = 'Brand#24'::bpchar) AND (part.p_container = ANY ('{"SM CASE","SM BOX","SM PACK","SM PKG"}'::bpchar[])) AND (l_quantity >= '10'::numeric) AND (l_quantity <= '20'::numeric) AND (part.p_size <= 5)) OR ((part.p_brand = 'Brand#43'::bpchar) AND (part.p_container = ANY ('{"MED BAG","MED BOX","MED PKG","MED PACK"}'::bpchar[])) AND (l_quantity >= '10'::numeric) AND (l_quantity <= '20'::numeric) AND (part.p_size <= 10)) OR ((part.p_brand = 'Brand#44'::bpchar) AND (part.p_container = ANY ('{"LG CASE","LG BOX","LG PACK","LG PKG"}'::bpchar[])) AND (l_quantity >= '20'::numeric) AND (l_quantity <= '30'::numeric) AND (part.p_size <= 15))))
                     Rows Removed by Filter: 30
 Planning Time: 17.579 ms
 Execution Time: 23102.512 ms
(12 rows)

SET
SET
SET
                                                                                                                                                                                                                                                                                                                                                                                                                                                                                                            QUERY PLAN                                                                                                                                                                                                                                                                                                                                                                                                                                                                                                            
----------------------------------------------------------------------------------------------------------------------------------------------------------------------------------------------------------------------------------------------------------------------------------------------------------------------------------------------------------------------------------------------------------------------------------------------------------------------------------------------------------------------------------------------------------------------------------------------------------------------------------------------------------------------------------------------------------------------------------------------------------------------------------------------------------------------------------------------------------------------------------------------------------------------------------------------------------------------------------------------------------------------------------
 Limit  (cost=368219.80..368219.81 rows=1 width=32) (actual time=615.175..615.176 rows=1 loops=1)
   ->  Aggregate  (cost=368219.80..368219.81 rows=1 width=32) (actual time=615.174..615.174 rows=1 loops=1)
         ->  Nested Loop  (cost=0.44..368211.63 rows=1090 width=12) (actual time=1.493..614.472 rows=1063 loops=1)
               ->  Seq Scan on part  (cost=0.00..125980.02 rows=4661 width=30) (actual time=0.212..460.962 rows=4781 loops=1)
                     Filter: ((p_size >= 1) AND (((p_brand = 'Brand#24'::bpchar) AND (p_container = ANY ('{"SM CASE","SM BOX","SM PACK","SM PKG"}'::bpchar[])) AND (p_size <= 5)) OR ((p_brand = 'Brand#43'::bpchar) AND (p_container = ANY ('{"MED BAG","MED BOX","MED PKG","MED PACK"}'::bpchar[])) AND (p_size <= 10)) OR ((p_brand = 'Brand#44'::bpchar) AND (p_container = ANY ('{"LG CASE","LG BOX","LG PACK","LG PKG"}'::bpchar[])) AND (p_size <= 15))))
                     Rows Removed by Filter: 1995219
               ->  Index Scan using idx_lineitem_part_supp on lineitem  (cost=0.44..51.96 rows=1 width=21) (actual time=0.029..0.032 rows=0 loops=4781)
                     Index Cond: (l_partkey = part.p_partkey)
                     Filter: ((l_shipmode = ANY ('{AIR,"AIR REG"}'::bpchar[])) AND (l_shipinstruct = 'DELIVER IN PERSON'::bpchar) AND (((l_quantity >= '10'::numeric) AND (l_quantity <= '20'::numeric)) OR ((l_quantity >= '10'::numeric) AND (l_quantity <= '20'::numeric)) OR ((l_quantity >= '20'::numeric) AND (l_quantity <= '30'::numeric))) AND (((part.p_brand = 'Brand#24'::bpchar) AND (part.p_container = ANY ('{"SM CASE","SM BOX","SM PACK","SM PKG"}'::bpchar[])) AND (l_quantity >= '10'::numeric) AND (l_quantity <= '20'::numeric) AND (part.p_size <= 5)) OR ((part.p_brand = 'Brand#43'::bpchar) AND (part.p_container = ANY ('{"MED BAG","MED BOX","MED PKG","MED PACK"}'::bpchar[])) AND (l_quantity >= '10'::numeric) AND (l_quantity <= '20'::numeric) AND (part.p_size <= 10)) OR ((part.p_brand = 'Brand#44'::bpchar) AND (part.p_container = ANY ('{"LG CASE","LG BOX","LG PACK","LG PKG"}'::bpchar[])) AND (l_quantity >= '20'::numeric) AND (l_quantity <= '30'::numeric) AND (part.p_size <= 15))))
                     Rows Removed by Filter: 30
 Planning Time: 0.999 ms
 Execution Time: 615.221 ms
(12 rows)

query 20 run 1
SET
SET
SET
                                                                                       QUERY PLAN                                                                                        
-----------------------------------------------------------------------------------------------------------------------------------------------------------------------------------------
 Limit  (cost=2759841.93..2759841.93 rows=1 width=51) (actual time=53630.416..53630.420 rows=1 loops=1)
   ->  Sort  (cost=2759841.93..2759841.93 rows=1 width=51) (actual time=53630.414..53630.418 rows=1 loops=1)
         Sort Key: supplier.s_name
         Sort Method: top-N heapsort  Memory: 25kB
         ->  Nested Loop Semi Join  (cost=2511410.64..2759841.92 rows=1 width=51) (actual time=31389.564..53628.608 rows=1821 loops=1)
               Join Filter: (supplier.s_suppkey = lineitem.l_suppkey)
               Rows Removed by Join Filter: 183452432
               ->  Nested Loop  (cost=0.00..4472.31 rows=4000 width=55) (actual time=0.660..24.009 rows=4095 loops=1)
                     Join Filter: (supplier.s_nationkey = nation.n_nationkey)
                     Rows Removed by Join Filter: 95905
                     ->  Seq Scan on nation  (cost=0.00..1.31 rows=1 width=4) (actual time=0.202..0.205 rows=1 loops=1)
                           Filter: (n_name = 'IRAQ'::bpchar)
                           Rows Removed by Filter: 24
                     ->  Seq Scan on supplier  (cost=0.00..3221.00 rows=100000 width=59) (actual time=0.453..16.142 rows=100000 loops=1)
               ->  Materialize  (cost=2511410.64..2755189.61 rows=3 width=8) (actual time=7.306..10.663 rows=44800 loops=4095)
                     ->  Hash Join  (cost=2511410.64..2755189.60 rows=3 width=8) (actual time=29917.788..37208.663 rows=59002 loops=1)
                           Hash Cond: ((lineitem.l_partkey = partsupp.ps_partkey) AND (lineitem.l_suppkey = partsupp.ps_suppkey))
                           Join Filter: ((partsupp.ps_availqty)::numeric > ((0.5 * sum(lineitem.l_quantity))))
                           Rows Removed by Join Filter: 123
                           ->  HashAggregate  (cost=2367892.30..2527518.53 rows=4808720 width=40) (actual time=24828.145..31280.285 rows=5448842 loops=1)
                                 Group Key: lineitem.l_partkey, lineitem.l_suppkey
                                 Planned Partitions: 64  Batches: 325  Memory Usage: 34321kB  Disk Usage: 388616kB
                                 ->  Bitmap Heap Scan on lineitem  (cost=143654.77..1990262.02 rows=8959532 width=13) (actual time=1261.853..19792.526 rows=9123688 loops=1)
                                       Recheck Cond: ((l_shipdate >= '1996-01-01'::date) AND (l_shipdate < '1997-01-01'::date))
                                       Rows Removed by Index Recheck: 23164080
                                       Heap Blocks: exact=518099 lossy=530696
                                       ->  Bitmap Index Scan on idx_lineitem_shipdate  (cost=0.00..141414.89 rows=8959532 width=0) (actual time=1141.734..1141.734 rows=9123688 loops=1)
                                             Index Cond: ((l_shipdate >= '1996-01-01'::date) AND (l_shipdate < '1997-01-01'::date))
                           ->  Hash  (cost=142306.62..142306.62 rows=80781 width=16) (actual time=5089.353..5089.355 rows=86872 loops=1)
                                 Buckets: 131072  Batches: 1  Memory Usage: 5097kB
                                 ->  Nested Loop  (cost=0.43..142306.62 rows=80781 width=16) (actual time=1.488..5042.624 rows=86872 loops=1)
                                       ->  Seq Scan on part  (cost=0.00..65980.71 rows=20202 width=4) (actual time=0.610..727.472 rows=21718 loops=1)
                                             Filter: ((p_name)::text ~~ 'olive%'::text)
                                             Rows Removed by Filter: 1978282
                                       ->  Index Scan using idx_partsupp_partkey on partsupp  (cost=0.43..3.59 rows=19 width=12) (actual time=0.182..0.197 rows=4 loops=21718)
                                             Index Cond: (ps_partkey = part.p_partkey)
 Planning Time: 23.403 ms
 Execution Time: 53674.291 ms
(38 rows)

SET
SET
SET
                                                                                      QUERY PLAN                                                                                       
---------------------------------------------------------------------------------------------------------------------------------------------------------------------------------------
 Limit  (cost=2759841.93..2759841.93 rows=1 width=51) (actual time=37585.932..37585.936 rows=1 loops=1)
   ->  Sort  (cost=2759841.93..2759841.93 rows=1 width=51) (actual time=37585.930..37585.934 rows=1 loops=1)
         Sort Key: supplier.s_name
         Sort Method: top-N heapsort  Memory: 25kB
         ->  Nested Loop Semi Join  (cost=2511410.64..2759841.92 rows=1 width=51) (actual time=15144.211..37584.154 rows=1821 loops=1)
               Join Filter: (supplier.s_suppkey = lineitem.l_suppkey)
               Rows Removed by Join Filter: 183452432
               ->  Nested Loop  (cost=0.00..4472.31 rows=4000 width=55) (actual time=0.031..20.035 rows=4095 loops=1)
                     Join Filter: (supplier.s_nationkey = nation.n_nationkey)
                     Rows Removed by Join Filter: 95905
                     ->  Seq Scan on nation  (cost=0.00..1.31 rows=1 width=4) (actual time=0.022..0.025 rows=1 loops=1)
                           Filter: (n_name = 'IRAQ'::bpchar)
                           Rows Removed by Filter: 24
                     ->  Seq Scan on supplier  (cost=0.00..3221.00 rows=100000 width=59) (actual time=0.005..12.393 rows=100000 loops=1)
               ->  Materialize  (cost=2511410.64..2755189.61 rows=3 width=8) (actual time=3.340..6.689 rows=44800 loops=4095)
                     ->  Hash Join  (cost=2511410.64..2755189.60 rows=3 width=8) (actual time=13676.858..20946.240 rows=59002 loops=1)
                           Hash Cond: ((lineitem.l_partkey = partsupp.ps_partkey) AND (lineitem.l_suppkey = partsupp.ps_suppkey))
                           Join Filter: ((partsupp.ps_availqty)::numeric > ((0.5 * sum(lineitem.l_quantity))))
                           Rows Removed by Join Filter: 123
                           ->  HashAggregate  (cost=2367892.30..2527518.53 rows=4808720 width=40) (actual time=13118.466..19549.145 rows=5448842 loops=1)
                                 Group Key: lineitem.l_partkey, lineitem.l_suppkey
                                 Planned Partitions: 64  Batches: 325  Memory Usage: 34321kB  Disk Usage: 388616kB
                                 ->  Bitmap Heap Scan on lineitem  (cost=143654.77..1990262.02 rows=8959532 width=13) (actual time=1114.818..9047.301 rows=9123688 loops=1)
                                       Recheck Cond: ((l_shipdate >= '1996-01-01'::date) AND (l_shipdate < '1997-01-01'::date))
                                       Rows Removed by Index Recheck: 23164080
                                       Heap Blocks: exact=518099 lossy=530696
                                       ->  Bitmap Index Scan on idx_lineitem_shipdate  (cost=0.00..141414.89 rows=8959532 width=0) (actual time=995.817..995.817 rows=9123688 loops=1)
                                             Index Cond: ((l_shipdate >= '1996-01-01'::date) AND (l_shipdate < '1997-01-01'::date))
                           ->  Hash  (cost=142306.62..142306.62 rows=80781 width=16) (actual time=558.089..558.090 rows=86872 loops=1)
                                 Buckets: 131072  Batches: 1  Memory Usage: 5097kB
                                 ->  Nested Loop  (cost=0.43..142306.62 rows=80781 width=16) (actual time=0.056..536.593 rows=86872 loops=1)
                                       ->  Seq Scan on part  (cost=0.00..65980.71 rows=20202 width=4) (actual time=0.039..328.618 rows=21718 loops=1)
                                             Filter: ((p_name)::text ~~ 'olive%'::text)
                                             Rows Removed by Filter: 1978282
                                       ->  Index Scan using idx_partsupp_partkey on partsupp  (cost=0.43..3.59 rows=19 width=12) (actual time=0.008..0.009 rows=4 loops=21718)
                                             Index Cond: (ps_partkey = part.p_partkey)
 Planning Time: 2.294 ms
 Execution Time: 37629.738 ms
(38 rows)

query 21 run 1
SET
SET
SET
                                                                                               QUERY PLAN                                                                                                
---------------------------------------------------------------------------------------------------------------------------------------------------------------------------------------------------------
 Limit  (cost=3743744.14..3743744.14 rows=1 width=34) (actual time=25829.045..25829.060 rows=100 loops=1)
   ->  Sort  (cost=3743744.14..3743744.14 rows=1 width=34) (actual time=25829.043..25829.052 rows=100 loops=1)
         Sort Key: (count(*)) DESC, supplier.s_name
         Sort Method: top-N heapsort  Memory: 38kB
         ->  GroupAggregate  (cost=3743744.11..3743744.13 rows=1 width=34) (actual time=25821.635..25827.852 rows=3991 loops=1)
               Group Key: supplier.s_name
               ->  Sort  (cost=3743744.11..3743744.11 rows=1 width=26) (actual time=25821.623..25823.358 rows=39281 loops=1)
                     Sort Key: supplier.s_name
                     Sort Method: quicksort  Memory: 4605kB
                     ->  Nested Loop Semi Join  (cost=1976220.04..3743744.10 rows=1 width=26) (actual time=15472.489..25650.426 rows=39281 loops=1)
                           Join Filter: (l2.l_suppkey <> l1.l_suppkey)
                           Rows Removed by Join Filter: 42025
                           ->  Nested Loop Anti Join  (cost=1976219.48..3743740.46 rows=1 width=38) (actual time=15471.126..25504.104 rows=65960 loops=1)
                                 ->  Hash Join  (cost=1976218.91..2518691.72 rows=381531 width=38) (actual time=15468.861..20337.086 rows=730985 loops=1)
                                       Hash Cond: (orders.o_orderkey = l1.l_orderkey)
                                       ->  Seq Scan on orders  (cost=0.00..448754.03 rows=7241460 width=4) (actual time=0.502..2465.014 rows=7309184 loops=1)
                                             Filter: (o_orderstatus = 'F'::bpchar)
                                             Rows Removed by Filter: 7690816
                                       ->  Hash  (cost=1960166.84..1960166.84 rows=790246 width=34) (actual time=15467.510..15467.513 rows=1514267 loops=1)
                                             Buckets: 524288 (originally 524288)  Batches: 4 (originally 2)  Memory Usage: 29225kB
                                             ->  Hash Join  (cost=2311.46..1960166.84 rows=790246 width=34) (actual time=40.069..15025.543 rows=1514267 loops=1)
                                                   Hash Cond: (l1.l_suppkey = supplier.s_suppkey)
                                                   ->  Seq Scan on lineitem l1  (cost=0.00..1874970.20 rows=19995392 width=8) (actual time=0.502..11499.771 rows=37929348 loops=1)
                                                         Filter: (l_receiptdate > l_commitdate)
                                                         Rows Removed by Filter: 22056704
                                                   ->  Hash  (cost=2261.46..2261.46 rows=4000 width=30) (actual time=39.498..39.500 rows=3991 loops=1)
                                                         Buckets: 4096  Batches: 1  Memory Usage: 282kB
                                                         ->  Nested Loop  (cost=37.29..2261.46 rows=4000 width=30) (actual time=1.663..38.166 rows=3991 loops=1)
                                                               ->  Seq Scan on nation  (cost=0.00..1.31 rows=1 width=4) (actual time=0.187..0.190 rows=1 loops=1)
                                                                     Filter: (n_name = 'PERU'::bpchar)
                                                                     Rows Removed by Filter: 24
                                                               ->  Bitmap Heap Scan on supplier  (cost=37.29..2220.15 rows=4000 width=34) (actual time=1.467..37.289 rows=3991 loops=1)
                                                                     Recheck Cond: (s_nationkey = nation.n_nationkey)
                                                                     Heap Blocks: exact=1865
                                                                     ->  Bitmap Index Scan on idx_supplier_nation_key  (cost=0.00..36.29 rows=4000 width=0) (actual time=0.931..0.931 rows=3991 loops=1)
                                                                           Index Cond: (s_nationkey = nation.n_nationkey)
                                 ->  Index Scan using idx_lineitem_orderkey on lineitem l3  (cost=0.56..3.64 rows=1 width=8) (actual time=0.007..0.007 rows=1 loops=730985)
                                       Index Cond: (l_orderkey = l1.l_orderkey)
                                       Filter: ((l_receiptdate > l_commitdate) AND (l_suppkey <> l1.l_suppkey))
                                       Rows Removed by Filter: 1
                           ->  Index Scan using idx_lineitem_orderkey on lineitem l2  (cost=0.56..3.62 rows=4 width=8) (actual time=0.002..0.002 rows=1 loops=65960)
                                 Index Cond: (l_orderkey = orders.o_orderkey)
 Planning Time: 19.533 ms
 Execution Time: 25829.525 ms
(44 rows)

SET
SET
SET
                                                                                               QUERY PLAN                                                                                                
---------------------------------------------------------------------------------------------------------------------------------------------------------------------------------------------------------
 Limit  (cost=3743744.14..3743744.14 rows=1 width=34) (actual time=21509.153..21509.168 rows=100 loops=1)
   ->  Sort  (cost=3743744.14..3743744.14 rows=1 width=34) (actual time=21509.151..21509.160 rows=100 loops=1)
         Sort Key: (count(*)) DESC, supplier.s_name
         Sort Method: top-N heapsort  Memory: 38kB
         ->  GroupAggregate  (cost=3743744.11..3743744.13 rows=1 width=34) (actual time=21501.697..21507.963 rows=3991 loops=1)
               Group Key: supplier.s_name
               ->  Sort  (cost=3743744.11..3743744.11 rows=1 width=26) (actual time=21501.685..21503.411 rows=39281 loops=1)
                     Sort Key: supplier.s_name
                     Sort Method: quicksort  Memory: 4605kB
                     ->  Nested Loop Semi Join  (cost=1976220.04..3743744.10 rows=1 width=26) (actual time=13012.843..21331.535 rows=39281 loops=1)
                           Join Filter: (l2.l_suppkey <> l1.l_suppkey)
                           Rows Removed by Join Filter: 42025
                           ->  Nested Loop Anti Join  (cost=1976219.48..3743740.46 rows=1 width=38) (actual time=13012.369..21192.266 rows=65960 loops=1)
                                 ->  Hash Join  (cost=1976218.91..2518691.72 rows=381531 width=38) (actual time=13011.888..17376.829 rows=730985 loops=1)
                                       Hash Cond: (orders.o_orderkey = l1.l_orderkey)
                                       ->  Seq Scan on orders  (cost=0.00..448754.03 rows=7241460 width=4) (actual time=0.023..2004.571 rows=7309184 loops=1)
                                             Filter: (o_orderstatus = 'F'::bpchar)
                                             Rows Removed by Filter: 7690816
                                       ->  Hash  (cost=1960166.84..1960166.84 rows=790246 width=34) (actual time=13011.101..13011.103 rows=1514267 loops=1)
                                             Buckets: 524288 (originally 524288)  Batches: 4 (originally 2)  Memory Usage: 29225kB
                                             ->  Hash Join  (cost=2311.46..1960166.84 rows=790246 width=34) (actual time=15.144..12636.322 rows=1514267 loops=1)
                                                   Hash Cond: (l1.l_suppkey = supplier.s_suppkey)
                                                   ->  Seq Scan on lineitem l1  (cost=0.00..1874970.20 rows=19995392 width=8) (actual time=0.023..9592.779 rows=37929348 loops=1)
                                                         Filter: (l_receiptdate > l_commitdate)
                                                         Rows Removed by Filter: 22056704
                                                   ->  Hash  (cost=2261.46..2261.46 rows=4000 width=30) (actual time=15.089..15.090 rows=3991 loops=1)
                                                         Buckets: 4096  Batches: 1  Memory Usage: 282kB
                                                         ->  Nested Loop  (cost=37.29..2261.46 rows=4000 width=30) (actual time=0.524..14.182 rows=3991 loops=1)
                                                               ->  Seq Scan on nation  (cost=0.00..1.31 rows=1 width=4) (actual time=0.012..0.015 rows=1 loops=1)
                                                                     Filter: (n_name = 'PERU'::bpchar)
                                                                     Rows Removed by Filter: 24
                                                               ->  Bitmap Heap Scan on supplier  (cost=37.29..2220.15 rows=4000 width=34) (actual time=0.507..13.618 rows=3991 loops=1)
                                                                     Recheck Cond: (s_nationkey = nation.n_nationkey)
                                                                     Heap Blocks: exact=1865
                                                                     ->  Bitmap Index Scan on idx_supplier_nation_key  (cost=0.00..36.29 rows=4000 width=0) (actual time=0.294..0.294 rows=3991 loops=1)
                                                                           Index Cond: (s_nationkey = nation.n_nationkey)
                                 ->  Index Scan using idx_lineitem_orderkey on lineitem l3  (cost=0.56..3.64 rows=1 width=8) (actual time=0.005..0.005 rows=1 loops=730985)
                                       Index Cond: (l_orderkey = l1.l_orderkey)
                                       Filter: ((l_receiptdate > l_commitdate) AND (l_suppkey <> l1.l_suppkey))
                                       Rows Removed by Filter: 1
                           ->  Index Scan using idx_lineitem_orderkey on lineitem l2  (cost=0.56..3.62 rows=4 width=8) (actual time=0.002..0.002 rows=1 loops=65960)
                                 Index Cond: (l_orderkey = orders.o_orderkey)
 Planning Time: 2.545 ms
 Execution Time: 21509.539 ms
(44 rows)

query 22 run 1
SET
SET
SET
                                                                          QUERY PLAN                                                                          
--------------------------------------------------------------------------------------------------------------------------------------------------------------
 Limit  (cost=161597.77..161597.80 rows=1 width=72) (actual time=1933.635..1933.637 rows=1 loops=1)
   InitPlan 1 (returns $0)
     ->  Aggregate  (cost=75441.33..75441.34 rows=1 width=32) (actual time=959.047..959.047 rows=1 loops=1)
           ->  Seq Scan on customer customer_1  (cost=0.00..75322.05 rows=47708 width=6) (actual time=0.016..922.564 rows=382426 loops=1)
                 Filter: ((c_acctbal > 0.00) AND (SUBSTRING(c_phone FROM 1 FOR 2) = ANY ('{21,29,26,34,14,15,17}'::text[])))
                 Rows Removed by Filter: 1117574
   ->  GroupAggregate  (cost=86156.43..86374.65 rows=7935 width=72) (actual time=1933.634..1933.634 rows=1 loops=1)
         Group Key: (SUBSTRING(customer.c_phone FROM 1 FOR 2))
         ->  Sort  (cost=86156.43..86176.27 rows=7935 width=38) (actual time=1931.877..1932.208 rows=9006 loops=1)
               Sort Key: (SUBSTRING(customer.c_phone FROM 1 FOR 2))
               Sort Method: quicksort  Memory: 4513kB
               ->  Nested Loop Anti Join  (cost=0.43..85642.48 rows=7935 width=38) (actual time=959.502..1912.785 rows=63509 loops=1)
                     ->  Seq Scan on customer  (cost=0.00..75322.05 rows=17500 width=26) (actual time=959.485..1482.994 rows=191129 loops=1)
                           Filter: ((c_acctbal > $0) AND (SUBSTRING(c_phone FROM 1 FOR 2) = ANY ('{21,29,26,34,14,15,17}'::text[])))
                           Rows Removed by Filter: 1308871
                     ->  Index Only Scan using idx_orders_custkey on orders  (cost=0.43..2.17 rows=18 width=4) (actual time=0.002..0.002 rows=1 loops=191129)
                           Index Cond: (o_custkey = customer.c_custkey)
                           Heap Fetches: 0
 Planning Time: 14.106 ms
 Execution Time: 1933.982 ms
(20 rows)

SET
SET
SET
                                                                          QUERY PLAN                                                                          
--------------------------------------------------------------------------------------------------------------------------------------------------------------
 Limit  (cost=161597.77..161597.80 rows=1 width=72) (actual time=1530.662..1530.664 rows=1 loops=1)
   InitPlan 1 (returns $0)
     ->  Aggregate  (cost=75441.33..75441.34 rows=1 width=32) (actual time=707.662..707.663 rows=1 loops=1)
           ->  Seq Scan on customer customer_1  (cost=0.00..75322.05 rows=47708 width=6) (actual time=0.007..675.408 rows=382426 loops=1)
                 Filter: ((c_acctbal > 0.00) AND (SUBSTRING(c_phone FROM 1 FOR 2) = ANY ('{21,29,26,34,14,15,17}'::text[])))
                 Rows Removed by Filter: 1117574
   ->  GroupAggregate  (cost=86156.43..86374.65 rows=7935 width=72) (actual time=1530.661..1530.662 rows=1 loops=1)
         Group Key: (SUBSTRING(customer.c_phone FROM 1 FOR 2))
         ->  Sort  (cost=86156.43..86176.27 rows=7935 width=38) (actual time=1528.905..1529.236 rows=9006 loops=1)
               Sort Key: (SUBSTRING(customer.c_phone FROM 1 FOR 2))
               Sort Method: quicksort  Memory: 4513kB
               ->  Nested Loop Anti Join  (cost=0.43..85642.48 rows=7935 width=38) (actual time=707.701..1511.801 rows=63509 loops=1)
                     ->  Seq Scan on customer  (cost=0.00..75322.05 rows=17500 width=26) (actual time=707.685..1209.008 rows=191129 loops=1)
                           Filter: ((c_acctbal > $0) AND (SUBSTRING(c_phone FROM 1 FOR 2) = ANY ('{21,29,26,34,14,15,17}'::text[])))
                           Rows Removed by Filter: 1308871
                     ->  Index Only Scan using idx_orders_custkey on orders  (cost=0.43..2.17 rows=18 width=4) (actual time=0.001..0.001 rows=1 loops=191129)
                           Index Cond: (o_custkey = customer.c_custkey)
                           Heap Fetches: 0
 Planning Time: 0.743 ms
 Execution Time: 1530.711 ms
(20 rows)

