query 1 run 1
SET
SET
SET
                                                                 QUERY PLAN                                                                  
---------------------------------------------------------------------------------------------------------------------------------------------
 Limit  (cost=3950502.23..3950502.23 rows=1 width=236) (actual time=66373.123..66373.124 rows=1 loops=1)
   ->  Sort  (cost=3950502.23..3950502.24 rows=6 width=236) (actual time=66373.122..66373.122 rows=1 loops=1)
         Sort Key: l_returnflag, l_linestatus
         Sort Method: top-N heapsort  Memory: 25kB
         ->  HashAggregate  (cost=3950502.03..3950502.20 rows=6 width=236) (actual time=66373.073..66373.079 rows=4 loops=1)
               Group Key: l_returnflag, l_linestatus
               Batches: 1  Memory Usage: 24kB
               ->  Seq Scan on lineitem  (cost=0.00..1874982.85 rows=59300548 width=25) (actual time=0.491..10410.811 rows=59284448 loops=1)
                     Filter: (l_shipdate <= '1998-09-10 00:00:00'::timestamp without time zone)
                     Rows Removed by Filter: 701604
 Planning Time: 15.519 ms
 Execution Time: 66373.902 ms
(12 rows)

SET
SET
SET
                                                                 QUERY PLAN                                                                 
--------------------------------------------------------------------------------------------------------------------------------------------
 Limit  (cost=3950502.23..3950502.23 rows=1 width=236) (actual time=64172.567..64172.568 rows=1 loops=1)
   ->  Sort  (cost=3950502.23..3950502.24 rows=6 width=236) (actual time=64172.566..64172.566 rows=1 loops=1)
         Sort Key: l_returnflag, l_linestatus
         Sort Method: top-N heapsort  Memory: 25kB
         ->  HashAggregate  (cost=3950502.03..3950502.20 rows=6 width=236) (actual time=64172.535..64172.542 rows=4 loops=1)
               Group Key: l_returnflag, l_linestatus
               Batches: 1  Memory Usage: 24kB
               ->  Seq Scan on lineitem  (cost=0.00..1874982.85 rows=59300548 width=25) (actual time=0.024..8665.353 rows=59284448 loops=1)
                     Filter: (l_shipdate <= '1998-09-10 00:00:00'::timestamp without time zone)
                     Rows Removed by Filter: 701604
 Planning Time: 0.548 ms
 Execution Time: 64172.620 ms
(12 rows)

query 2 run 1
SET
SET
SET
                                                                                        QUERY PLAN                                                                                         
-------------------------------------------------------------------------------------------------------------------------------------------------------------------------------------------
 Limit  (cost=1153688.19..1153688.19 rows=1 width=192) (actual time=4771.417..4771.434 rows=100 loops=1)
   ->  Sort  (cost=1153688.19..1153688.19 rows=1 width=192) (actual time=4771.416..4771.427 rows=100 loops=1)
         Sort Key: supplier.s_acctbal DESC, nation.n_name, supplier.s_name, part.p_partkey
         Sort Method: top-N heapsort  Memory: 70kB
         ->  Merge Join  (cost=557959.80..1153688.18 rows=1 width=192) (actual time=2901.760..4768.566 rows=4737 loops=1)
               Merge Cond: (part.p_partkey = partsupp.ps_partkey)
               Join Filter: (partsupp.ps_supplycost = (SubPlan 1))
               Rows Removed by Join Filter: 1661
               ->  Index Scan using part_pkey on part  (cost=0.43..89213.05 rows=9329 width=30) (actual time=0.400..810.570 rows=8046 loops=1)
                     Filter: (((p_type)::text ~~ '%NICKEL'::text) AND (p_size = 16))
                     Rows Removed by Filter: 1991954
               ->  Materialize  (cost=557959.37..565957.73 rows=1599672 width=172) (actual time=2900.434..3362.839 rows=1603828 loops=1)
                     ->  Sort  (cost=557959.37..561958.55 rows=1599672 width=172) (actual time=2900.431..3190.103 rows=1603828 loops=1)
                           Sort Key: partsupp.ps_partkey
                           Sort Method: external merge  Disk: 293496kB
                           ->  Hash Join  (cost=4048.51..305244.66 rows=1599672 width=172) (actual time=38.555..2289.708 rows=1604080 loops=1)
                                 Hash Cond: (partsupp.ps_suppkey = supplier.s_suppkey)
                                 ->  Seq Scan on partsupp  (cost=0.00..255205.59 rows=7998359 width=14) (actual time=0.407..932.270 rows=8000000 loops=1)
                                 ->  Hash  (cost=3798.51..3798.51 rows=20000 width=166) (actual time=38.133..38.135 rows=20051 loops=1)
                                       Buckets: 32768  Batches: 1  Memory Usage: 4211kB
                                       ->  Hash Join  (cost=2.51..3798.51 rows=20000 width=166) (actual time=0.951..32.881 rows=20051 loops=1)
                                             Hash Cond: (supplier.s_nationkey = nation.n_nationkey)
                                             ->  Seq Scan on supplier  (cost=0.00..3221.00 rows=100000 width=144) (actual time=0.502..21.644 rows=100000 loops=1)
                                             ->  Hash  (cost=2.45..2.45 rows=5 width=30) (actual time=0.441..0.443 rows=5 loops=1)
                                                   Buckets: 1024  Batches: 1  Memory Usage: 9kB
                                                   ->  Hash Join  (cost=1.07..2.45 rows=5 width=30) (actual time=0.430..0.439 rows=5 loops=1)
                                                         Hash Cond: (nation.n_regionkey = region.r_regionkey)
                                                         ->  Seq Scan on nation  (cost=0.00..1.25 rows=25 width=34) (actual time=0.219..0.222 rows=25 loops=1)
                                                         ->  Hash  (cost=1.06..1.06 rows=1 width=4) (actual time=0.201..0.201 rows=1 loops=1)
                                                               Buckets: 1024  Batches: 1  Memory Usage: 9kB
                                                               ->  Seq Scan on region  (cost=0.00..1.06 rows=1 width=4) (actual time=0.195..0.196 rows=1 loops=1)
                                                                     Filter: (r_name = 'AMERICA'::bpchar)
                                                                     Rows Removed by Filter: 4
               SubPlan 1
                 ->  Aggregate  (cost=66.25..66.26 rows=1 width=32) (actual time=0.064..0.064 rows=1 loops=6398)
                       ->  Nested Loop  (cost=2.29..66.24 rows=4 width=6) (actual time=0.054..0.062 rows=2 loops=6398)
                             Join Filter: (nation_1.n_regionkey = region_1.r_regionkey)
                             Rows Removed by Join Filter: 2
                             ->  Seq Scan on region region_1  (cost=0.00..1.06 rows=1 width=4) (actual time=0.001..0.002 rows=1 loops=6398)
                                   Filter: (r_name = 'AMERICA'::bpchar)
                                   Rows Removed by Filter: 4
                             ->  Hash Join  (cost=2.29..64.95 rows=18 width=10) (actual time=0.048..0.059 rows=4 loops=6398)
                                   Hash Cond: (supplier_1.s_nationkey = nation_1.n_nationkey)
                                   ->  Nested Loop  (cost=0.72..63.33 rows=18 width=10) (actual time=0.047..0.058 rows=4 loops=6398)
                                         ->  Index Scan using idx_partsupp_partkey on partsupp partsupp_1  (cost=0.43..3.75 rows=18 width=10) (actual time=0.043..0.044 rows=4 loops=6398)
                                               Index Cond: (ps_partkey = part.p_partkey)
                                         ->  Index Scan using supplier_pkey on supplier supplier_1  (cost=0.29..3.31 rows=1 width=8) (actual time=0.003..0.003 rows=1 loops=25592)
                                               Index Cond: (s_suppkey = partsupp_1.ps_suppkey)
                                   ->  Hash  (cost=1.25..1.25 rows=25 width=8) (actual time=0.012..0.013 rows=25 loops=1)
                                         Buckets: 1024  Batches: 1  Memory Usage: 9kB
                                         ->  Seq Scan on nation nation_1  (cost=0.00..1.25 rows=25 width=8) (actual time=0.004..0.007 rows=25 loops=1)
 Planning Time: 20.285 ms
 Execution Time: 4808.127 ms
(53 rows)

SET
SET
SET
                                                                                        QUERY PLAN                                                                                         
-------------------------------------------------------------------------------------------------------------------------------------------------------------------------------------------
 Limit  (cost=1153688.19..1153688.19 rows=1 width=192) (actual time=3692.205..3692.221 rows=100 loops=1)
   ->  Sort  (cost=1153688.19..1153688.19 rows=1 width=192) (actual time=3692.204..3692.214 rows=100 loops=1)
         Sort Key: supplier.s_acctbal DESC, nation.n_name, supplier.s_name, part.p_partkey
         Sort Method: top-N heapsort  Memory: 70kB
         ->  Merge Join  (cost=557959.80..1153688.18 rows=1 width=192) (actual time=2452.582..3689.870 rows=4737 loops=1)
               Merge Cond: (part.p_partkey = partsupp.ps_partkey)
               Join Filter: (partsupp.ps_supplycost = (SubPlan 1))
               Rows Removed by Join Filter: 1661
               ->  Index Scan using part_pkey on part  (cost=0.43..89213.05 rows=9329 width=30) (actual time=0.024..500.464 rows=8046 loops=1)
                     Filter: (((p_type)::text ~~ '%NICKEL'::text) AND (p_size = 16))
                     Rows Removed by Filter: 1991954
               ->  Materialize  (cost=557959.37..565957.73 rows=1599672 width=172) (actual time=2452.457..2895.218 rows=1603828 loops=1)
                     ->  Sort  (cost=557959.37..561958.55 rows=1599672 width=172) (actual time=2452.454..2724.654 rows=1603828 loops=1)
                           Sort Key: partsupp.ps_partkey
                           Sort Method: external merge  Disk: 293496kB
                           ->  Hash Join  (cost=4048.51..305244.66 rows=1599672 width=172) (actual time=25.062..1856.015 rows=1604080 loops=1)
                                 Hash Cond: (partsupp.ps_suppkey = supplier.s_suppkey)
                                 ->  Seq Scan on partsupp  (cost=0.00..255205.59 rows=7998359 width=14) (actual time=0.044..640.591 rows=8000000 loops=1)
                                 ->  Hash  (cost=3798.51..3798.51 rows=20000 width=166) (actual time=25.002..25.005 rows=20051 loops=1)
                                       Buckets: 32768  Batches: 1  Memory Usage: 4211kB
                                       ->  Hash Join  (cost=2.51..3798.51 rows=20000 width=166) (actual time=0.028..19.914 rows=20051 loops=1)
                                             Hash Cond: (supplier.s_nationkey = nation.n_nationkey)
                                             ->  Seq Scan on supplier  (cost=0.00..3221.00 rows=100000 width=144) (actual time=0.004..6.459 rows=100000 loops=1)
                                             ->  Hash  (cost=2.45..2.45 rows=5 width=30) (actual time=0.022..0.023 rows=5 loops=1)
                                                   Buckets: 1024  Batches: 1  Memory Usage: 9kB
                                                   ->  Hash Join  (cost=1.07..2.45 rows=5 width=30) (actual time=0.016..0.021 rows=5 loops=1)
                                                         Hash Cond: (nation.n_regionkey = region.r_regionkey)
                                                         ->  Seq Scan on nation  (cost=0.00..1.25 rows=25 width=34) (actual time=0.006..0.008 rows=25 loops=1)
                                                         ->  Hash  (cost=1.06..1.06 rows=1 width=4) (actual time=0.006..0.007 rows=1 loops=1)
                                                               Buckets: 1024  Batches: 1  Memory Usage: 9kB
                                                               ->  Seq Scan on region  (cost=0.00..1.06 rows=1 width=4) (actual time=0.003..0.004 rows=1 loops=1)
                                                                     Filter: (r_name = 'AMERICA'::bpchar)
                                                                     Rows Removed by Filter: 4
               SubPlan 1
                 ->  Aggregate  (cost=66.25..66.26 rows=1 width=32) (actual time=0.018..0.018 rows=1 loops=6398)
                       ->  Nested Loop  (cost=2.29..66.24 rows=4 width=6) (actual time=0.010..0.016 rows=2 loops=6398)
                             Join Filter: (nation_1.n_regionkey = region_1.r_regionkey)
                             Rows Removed by Join Filter: 2
                             ->  Seq Scan on region region_1  (cost=0.00..1.06 rows=1 width=4) (actual time=0.001..0.001 rows=1 loops=6398)
                                   Filter: (r_name = 'AMERICA'::bpchar)
                                   Rows Removed by Filter: 4
                             ->  Hash Join  (cost=2.29..64.95 rows=18 width=10) (actual time=0.006..0.014 rows=4 loops=6398)
                                   Hash Cond: (supplier_1.s_nationkey = nation_1.n_nationkey)
                                   ->  Nested Loop  (cost=0.72..63.33 rows=18 width=10) (actual time=0.005..0.013 rows=4 loops=6398)
                                         ->  Index Scan using idx_partsupp_partkey on partsupp partsupp_1  (cost=0.43..3.75 rows=18 width=10) (actual time=0.003..0.003 rows=4 loops=6398)
                                               Index Cond: (ps_partkey = part.p_partkey)
                                         ->  Index Scan using supplier_pkey on supplier supplier_1  (cost=0.29..3.31 rows=1 width=8) (actual time=0.002..0.002 rows=1 loops=25592)
                                               Index Cond: (s_suppkey = partsupp_1.ps_suppkey)
                                   ->  Hash  (cost=1.25..1.25 rows=25 width=8) (actual time=0.012..0.012 rows=25 loops=1)
                                         Buckets: 1024  Batches: 1  Memory Usage: 9kB
                                         ->  Seq Scan on nation nation_1  (cost=0.00..1.25 rows=25 width=8) (actual time=0.004..0.007 rows=25 loops=1)
 Planning Time: 1.717 ms
 Execution Time: 3727.999 ms
(53 rows)

query 3 run 1
SET
SET
SET
                                                                                     QUERY PLAN                                                                                      
-------------------------------------------------------------------------------------------------------------------------------------------------------------------------------------
 Limit  (cost=3192439.70..3192439.73 rows=10 width=44) (actual time=24206.346..24206.351 rows=10 loops=1)
   ->  Sort  (cost=3192439.70..3200440.71 rows=3200401 width=44) (actual time=24206.344..24206.348 rows=10 loops=1)
         Sort Key: (sum((lineitem.l_extendedprice * ('1'::numeric - lineitem.l_discount)))) DESC, orders.o_orderdate
         Sort Method: top-N heapsort  Memory: 26kB
         ->  HashAggregate  (cost=3045770.48..3123280.19 rows=3200401 width=44) (actual time=24140.747..24183.557 rows=113934 loops=1)
               Group Key: lineitem.l_orderkey, orders.o_orderdate, orders.o_shippriority
               Planned Partitions: 32  Batches: 1  Memory Usage: 49169kB
               ->  Hash Join  (cost=519765.63..2877499.39 rows=3200401 width=24) (actual time=7269.105..23931.102 rows=301530 loops=1)
                     Hash Cond: (lineitem.l_orderkey = orders.o_orderkey)
                     ->  Seq Scan on lineitem  (cost=0.00..1874982.85 rows=32821573 width=16) (actual time=0.650..10420.256 rows=32534229 loops=1)
                           Filter: (l_shipdate > '1995-03-07'::date)
                           Rows Removed by Filter: 27451823
                     ->  Hash  (cost=494342.67..494342.67 rows=1462477 width=12) (actual time=7264.967..7264.970 rows=1451805 loops=1)
                           Buckets: 2097152  Batches: 2  Memory Usage: 47606kB
                           ->  Hash Join  (cost=123768.42..494342.67 rows=1462477 width=12) (actual time=978.302..6944.458 rows=1451805 loops=1)
                                 Hash Cond: (orders.o_custkey = customer.c_custkey)
                                 ->  Bitmap Heap Scan on orders  (cost=65277.07..416880.77 rows=7226856 width=16) (actual time=536.734..4900.210 rows=7239437 loops=1)
                                       Recheck Cond: (o_orderdate < '1995-03-07'::date)
                                       Heap Blocks: exact=261268
                                       ->  Bitmap Index Scan on idx_orders_orderdate  (cost=0.00..63470.35 rows=7226856 width=0) (actual time=483.997..483.998 rows=7239437 loops=1)
                                             Index Cond: (o_orderdate < '1995-03-07'::date)
                                 ->  Hash  (cost=54696.98..54696.98 rows=303550 width=4) (actual time=440.901..440.901 rows=300276 loops=1)
                                       Buckets: 524288  Batches: 1  Memory Usage: 14653kB
                                       ->  Seq Scan on customer  (cost=0.00..54696.98 rows=303550 width=4) (actual time=0.725..394.209 rows=300276 loops=1)
                                             Filter: (c_mktsegment = 'BUILDING'::bpchar)
                                             Rows Removed by Filter: 1199724
 Planning Time: 21.769 ms
 Execution Time: 24208.337 ms
(28 rows)

SET
SET
SET
                                                                                     QUERY PLAN                                                                                      
-------------------------------------------------------------------------------------------------------------------------------------------------------------------------------------
 Limit  (cost=3192439.70..3192439.73 rows=10 width=44) (actual time=19266.308..19266.313 rows=10 loops=1)
   ->  Sort  (cost=3192439.70..3200440.71 rows=3200401 width=44) (actual time=19266.306..19266.310 rows=10 loops=1)
         Sort Key: (sum((lineitem.l_extendedprice * ('1'::numeric - lineitem.l_discount)))) DESC, orders.o_orderdate
         Sort Method: top-N heapsort  Memory: 26kB
         ->  HashAggregate  (cost=3045770.48..3123280.19 rows=3200401 width=44) (actual time=19200.614..19243.752 rows=113934 loops=1)
               Group Key: lineitem.l_orderkey, orders.o_orderdate, orders.o_shippriority
               Planned Partitions: 32  Batches: 1  Memory Usage: 49169kB
               ->  Hash Join  (cost=519765.63..2877499.39 rows=3200401 width=24) (actual time=4484.308..19003.934 rows=301530 loops=1)
                     Hash Cond: (lineitem.l_orderkey = orders.o_orderkey)
                     ->  Seq Scan on lineitem  (cost=0.00..1874982.85 rows=32821573 width=16) (actual time=0.038..8438.015 rows=32534229 loops=1)
                           Filter: (l_shipdate > '1995-03-07'::date)
                           Rows Removed by Filter: 27451823
                     ->  Hash  (cost=494342.67..494342.67 rows=1462477 width=12) (actual time=4481.370..4481.373 rows=1451805 loops=1)
                           Buckets: 2097152  Batches: 2  Memory Usage: 47606kB
                           ->  Hash Join  (cost=123768.42..494342.67 rows=1462477 width=12) (actual time=820.923..4205.132 rows=1451805 loops=1)
                                 Hash Cond: (orders.o_custkey = customer.c_custkey)
                                 ->  Bitmap Heap Scan on orders  (cost=65277.07..416880.77 rows=7226856 width=16) (actual time=501.839..2378.025 rows=7239437 loops=1)
                                       Recheck Cond: (o_orderdate < '1995-03-07'::date)
                                       Heap Blocks: exact=261268
                                       ->  Bitmap Index Scan on idx_orders_orderdate  (cost=0.00..63470.35 rows=7226856 width=0) (actual time=449.728..449.729 rows=7239437 loops=1)
                                             Index Cond: (o_orderdate < '1995-03-07'::date)
                                 ->  Hash  (cost=54696.98..54696.98 rows=303550 width=4) (actual time=318.407..318.408 rows=300276 loops=1)
                                       Buckets: 524288  Batches: 1  Memory Usage: 14653kB
                                       ->  Seq Scan on customer  (cost=0.00..54696.98 rows=303550 width=4) (actual time=0.037..273.382 rows=300276 loops=1)
                                             Filter: (c_mktsegment = 'BUILDING'::bpchar)
                                             Rows Removed by Filter: 1199724
 Planning Time: 1.322 ms
 Execution Time: 19267.649 ms
(28 rows)

query 4 run 1
SET
SET
SET
                                                                             QUERY PLAN                                                                             
--------------------------------------------------------------------------------------------------------------------------------------------------------------------
 Limit  (cost=2051802.21..2051802.21 rows=1 width=24) (actual time=18748.286..18748.288 rows=1 loops=1)
   ->  Sort  (cost=2051802.21..2051802.22 rows=5 width=24) (actual time=18748.285..18748.286 rows=1 loops=1)
         Sort Key: orders.o_orderpriority
         Sort Method: top-N heapsort  Memory: 25kB
         ->  HashAggregate  (cost=2051802.13..2051802.18 rows=5 width=24) (actual time=18748.249..18748.251 rows=5 loops=1)
               Group Key: orders.o_orderpriority
               Batches: 1  Memory Usage: 24kB
               ->  Nested Loop Semi Join  (cost=6420.20..2049019.40 rows=556547 width=16) (actual time=111.076..18442.757 rows=513822 loops=1)
                     ->  Bitmap Heap Scan on orders  (cost=6419.64..276036.71 rows=556605 width=20) (actual time=110.615..5055.942 rows=560424 loops=1)
                           Recheck Cond: ((o_orderdate >= '1993-12-01'::date) AND (o_orderdate < '1994-03-01'::date))
                           Heap Blocks: exact=231887
                           ->  Bitmap Index Scan on idx_orders_orderdate  (cost=0.00..6280.49 rows=556605 width=0) (actual time=63.551..63.552 rows=560424 loops=1)
                                 Index Cond: ((o_orderdate >= '1993-12-01'::date) AND (o_orderdate < '1994-03-01'::date))
                     ->  Index Scan using idx_lineitem_orderkey on lineitem  (cost=0.56..3.61 rows=1 width=4) (actual time=0.023..0.023 rows=1 loops=560424)
                           Index Cond: (l_orderkey = orders.o_orderkey)
                           Filter: (l_commitdate < l_receiptdate)
                           Rows Removed by Filter: 1
 Planning Time: 18.740 ms
 Execution Time: 18749.384 ms
(19 rows)

SET
SET
SET
                                                                             QUERY PLAN                                                                             
--------------------------------------------------------------------------------------------------------------------------------------------------------------------
 Limit  (cost=2051802.21..2051802.21 rows=1 width=24) (actual time=4658.414..4658.416 rows=1 loops=1)
   ->  Sort  (cost=2051802.21..2051802.22 rows=5 width=24) (actual time=4658.413..4658.415 rows=1 loops=1)
         Sort Key: orders.o_orderpriority
         Sort Method: top-N heapsort  Memory: 25kB
         ->  HashAggregate  (cost=2051802.13..2051802.18 rows=5 width=24) (actual time=4658.382..4658.384 rows=5 loops=1)
               Group Key: orders.o_orderpriority
               Batches: 1  Memory Usage: 24kB
               ->  Nested Loop Semi Join  (cost=6420.20..2049019.40 rows=556547 width=16) (actual time=110.018..4448.381 rows=513822 loops=1)
                     ->  Bitmap Heap Scan on orders  (cost=6419.64..276036.71 rows=556605 width=20) (actual time=109.990..1218.230 rows=560424 loops=1)
                           Recheck Cond: ((o_orderdate >= '1993-12-01'::date) AND (o_orderdate < '1994-03-01'::date))
                           Heap Blocks: exact=231887
                           ->  Bitmap Index Scan on idx_orders_orderdate  (cost=0.00..6280.49 rows=556605 width=0) (actual time=63.493..63.493 rows=560424 loops=1)
                                 Index Cond: ((o_orderdate >= '1993-12-01'::date) AND (o_orderdate < '1994-03-01'::date))
                     ->  Index Scan using idx_lineitem_orderkey on lineitem  (cost=0.56..3.61 rows=1 width=4) (actual time=0.005..0.005 rows=1 loops=560424)
                           Index Cond: (l_orderkey = orders.o_orderkey)
                           Filter: (l_commitdate < l_receiptdate)
                           Rows Removed by Filter: 1
 Planning Time: 1.126 ms
 Execution Time: 4658.469 ms
(19 rows)

query 5 run 1
SET
SET
SET
                                                                                        QUERY PLAN                                                                                         
-------------------------------------------------------------------------------------------------------------------------------------------------------------------------------------------
 Limit  (cost=2055901.36..2055901.36 rows=1 width=58) (actual time=21753.151..21753.158 rows=1 loops=1)
   ->  Sort  (cost=2055901.36..2055901.42 rows=25 width=58) (actual time=21753.150..21753.156 rows=1 loops=1)
         Sort Key: (sum((lineitem.l_extendedprice * ('1'::numeric - lineitem.l_discount)))) DESC
         Sort Method: top-N heapsort  Memory: 25kB
         ->  GroupAggregate  (cost=2055011.51..2055901.23 rows=25 width=58) (actual time=21729.890..21753.118 rows=5 loops=1)
               Group Key: nation.n_name
               ->  Sort  (cost=2055011.51..2055189.39 rows=71153 width=38) (actual time=21723.988..21726.866 rows=72033 loops=1)
                     Sort Key: nation.n_name
                     Sort Method: quicksort  Memory: 7012kB
                     ->  Hash Join  (cost=93975.57..2049277.06 rows=71153 width=38) (actual time=787.299..21677.213 rows=72033 loops=1)
                           Hash Cond: ((lineitem.l_suppkey = supplier.s_suppkey) AND (customer.c_nationkey = supplier.s_nationkey))
                           ->  Nested Loop  (cost=89254.57..2035114.38 rows=1798414 width=50) (actual time=741.187..21206.241 rows=1815327 loops=1)
                                 ->  Hash Join  (cost=89254.01..397173.26 rows=449651 width=38) (actual time=740.350..6866.280 rows=453399 loops=1)
                                       Hash Cond: (orders.o_custkey = customer.c_custkey)
                                       ->  Bitmap Heap Scan on orders  (cost=25929.53..320921.32 rows=2248253 width=8) (actual time=222.420..5674.939 rows=2276638 loops=1)
                                             Recheck Cond: ((o_orderdate >= '1993-01-01'::date) AND (o_orderdate < '1994-01-01'::date))
                                             Heap Blocks: exact=261246
                                             ->  Bitmap Index Scan on idx_orders_orderdate  (cost=0.00..25367.47 rows=2248253 width=0) (actual time=169.881..169.881 rows=2276638 loops=1)
                                                   Index Cond: ((o_orderdate >= '1993-01-01'::date) AND (o_orderdate < '1994-01-01'::date))
                                       ->  Hash  (cost=59574.48..59574.48 rows=300000 width=38) (actual time=517.465..517.468 rows=299436 loops=1)
                                             Buckets: 524288  Batches: 1  Memory Usage: 25151kB
                                             ->  Hash Join  (cost=2.51..59574.48 rows=300000 width=38) (actual time=1.151..458.934 rows=299436 loops=1)
                                                   Hash Cond: (customer.c_nationkey = nation.n_nationkey)
                                                   ->  Seq Scan on customer  (cost=0.00..50946.98 rows=1499998 width=8) (actual time=0.652..301.680 rows=1500000 loops=1)
                                                   ->  Hash  (cost=2.45..2.45 rows=5 width=30) (actual time=0.486..0.489 rows=5 loops=1)
                                                         Buckets: 1024  Batches: 1  Memory Usage: 9kB
                                                         ->  Hash Join  (cost=1.07..2.45 rows=5 width=30) (actual time=0.475..0.485 rows=5 loops=1)
                                                               Hash Cond: (nation.n_regionkey = region.r_regionkey)
                                                               ->  Seq Scan on nation  (cost=0.00..1.25 rows=25 width=34) (actual time=0.236..0.239 rows=25 loops=1)
                                                               ->  Hash  (cost=1.06..1.06 rows=1 width=4) (actual time=0.228..0.228 rows=1 loops=1)
                                                                     Buckets: 1024  Batches: 1  Memory Usage: 9kB
                                                                     ->  Seq Scan on region  (cost=0.00..1.06 rows=1 width=4) (actual time=0.220..0.222 rows=1 loops=1)
                                                                           Filter: (r_name = 'AMERICA'::bpchar)
                                                                           Rows Removed by Filter: 4
                                 ->  Index Scan using idx_lineitem_orderkey on lineitem  (cost=0.56..3.60 rows=4 width=20) (actual time=0.028..0.031 rows=4 loops=453399)
                                       Index Cond: (l_orderkey = orders.o_orderkey)
                           ->  Hash  (cost=3221.00..3221.00 rows=100000 width=8) (actual time=40.230..40.231 rows=100000 loops=1)
                                 Buckets: 131072  Batches: 1  Memory Usage: 4931kB
                                 ->  Seq Scan on supplier  (cost=0.00..3221.00 rows=100000 width=8) (actual time=0.473..24.594 rows=100000 loops=1)
 Planning Time: 25.782 ms
 Execution Time: 21754.042 ms
(41 rows)

SET
SET
SET
                                                                                        QUERY PLAN                                                                                         
-------------------------------------------------------------------------------------------------------------------------------------------------------------------------------------------
 Limit  (cost=2055901.36..2055901.36 rows=1 width=58) (actual time=6066.264..6066.271 rows=1 loops=1)
   ->  Sort  (cost=2055901.36..2055901.42 rows=25 width=58) (actual time=6066.263..6066.269 rows=1 loops=1)
         Sort Key: (sum((lineitem.l_extendedprice * ('1'::numeric - lineitem.l_discount)))) DESC
         Sort Method: top-N heapsort  Memory: 25kB
         ->  GroupAggregate  (cost=2055011.51..2055901.23 rows=25 width=58) (actual time=6042.805..6066.252 rows=5 loops=1)
               Group Key: nation.n_name
               ->  Sort  (cost=2055011.51..2055189.39 rows=71153 width=38) (actual time=6037.181..6039.989 rows=72033 loops=1)
                     Sort Key: nation.n_name
                     Sort Method: quicksort  Memory: 7012kB
                     ->  Hash Join  (cost=93975.57..2049277.06 rows=71153 width=38) (actual time=644.609..6002.496 rows=72033 loops=1)
                           Hash Cond: ((lineitem.l_suppkey = supplier.s_suppkey) AND (customer.c_nationkey = supplier.s_nationkey))
                           ->  Nested Loop  (cost=89254.57..2035114.38 rows=1798414 width=50) (actual time=610.367..5587.062 rows=1815327 loops=1)
                                 ->  Hash Join  (cost=89254.01..397173.26 rows=449651 width=38) (actual time=610.342..2510.124 rows=453399 loops=1)
                                       Hash Cond: (orders.o_custkey = customer.c_custkey)
                                       ->  Bitmap Heap Scan on orders  (cost=25929.53..320921.32 rows=2248253 width=8) (actual time=211.830..1556.220 rows=2276638 loops=1)
                                             Recheck Cond: ((o_orderdate >= '1993-01-01'::date) AND (o_orderdate < '1994-01-01'::date))
                                             Heap Blocks: exact=261246
                                             ->  Bitmap Index Scan on idx_orders_orderdate  (cost=0.00..25367.47 rows=2248253 width=0) (actual time=159.766..159.766 rows=2276638 loops=1)
                                                   Index Cond: ((o_orderdate >= '1993-01-01'::date) AND (o_orderdate < '1994-01-01'::date))
                                       ->  Hash  (cost=59574.48..59574.48 rows=300000 width=38) (actual time=398.173..398.176 rows=299436 loops=1)
                                             Buckets: 524288  Batches: 1  Memory Usage: 25151kB
                                             ->  Hash Join  (cost=2.51..59574.48 rows=300000 width=38) (actual time=0.061..341.295 rows=299436 loops=1)
                                                   Hash Cond: (customer.c_nationkey = nation.n_nationkey)
                                                   ->  Seq Scan on customer  (cost=0.00..50946.98 rows=1499998 width=8) (actual time=0.022..188.498 rows=1500000 loops=1)
                                                   ->  Hash  (cost=2.45..2.45 rows=5 width=30) (actual time=0.033..0.035 rows=5 loops=1)
                                                         Buckets: 1024  Batches: 1  Memory Usage: 9kB
                                                         ->  Hash Join  (cost=1.07..2.45 rows=5 width=30) (actual time=0.028..0.033 rows=5 loops=1)
                                                               Hash Cond: (nation.n_regionkey = region.r_regionkey)
                                                               ->  Seq Scan on nation  (cost=0.00..1.25 rows=25 width=34) (actual time=0.008..0.009 rows=25 loops=1)
                                                               ->  Hash  (cost=1.06..1.06 rows=1 width=4) (actual time=0.015..0.016 rows=1 loops=1)
                                                                     Buckets: 1024  Batches: 1  Memory Usage: 9kB
                                                                     ->  Seq Scan on region  (cost=0.00..1.06 rows=1 width=4) (actual time=0.011..0.012 rows=1 loops=1)
                                                                           Filter: (r_name = 'AMERICA'::bpchar)
                                                                           Rows Removed by Filter: 4
                                 ->  Index Scan using idx_lineitem_orderkey on lineitem  (cost=0.56..3.60 rows=4 width=20) (actual time=0.005..0.006 rows=4 loops=453399)
                                       Index Cond: (l_orderkey = orders.o_orderkey)
                           ->  Hash  (cost=3221.00..3221.00 rows=100000 width=8) (actual time=33.743..33.743 rows=100000 loops=1)
                                 Buckets: 131072  Batches: 1  Memory Usage: 4931kB
                                 ->  Seq Scan on supplier  (cost=0.00..3221.00 rows=100000 width=8) (actual time=0.022..17.279 rows=100000 loops=1)
 Planning Time: 4.172 ms
 Execution Time: 6066.546 ms
(41 rows)

query 6 run 1
SET
SET
SET
                                                                                                          QUERY PLAN                                                                                                           
-------------------------------------------------------------------------------------------------------------------------------------------------------------------------------------------------------------------------------
 Limit  (cost=1973784.82..1973784.83 rows=1 width=32) (actual time=12702.379..12702.380 rows=1 loops=1)
   ->  Aggregate  (cost=1973784.82..1973784.83 rows=1 width=32) (actual time=12702.377..12702.378 rows=1 loops=1)
         ->  Bitmap Heap Scan on lineitem  (cost=210948.51..1967764.23 rows=1204118 width=12) (actual time=1293.588..12159.587 rows=1194558 loops=1)
               Recheck Cond: ((l_shipdate >= '1993-01-01'::date) AND (l_shipdate < '1994-01-01 00:00:00'::timestamp without time zone) AND (l_discount >= 0.06) AND (l_discount <= 0.08) AND (l_quantity < '25'::numeric))
               Rows Removed by Index Recheck: 13724091
               Heap Blocks: exact=395900 lossy=267068
               ->  Bitmap Index Scan on idx_lineitem_shipdate  (cost=0.00..210647.48 rows=1204118 width=0) (actual time=1208.093..1208.093 rows=1194558 loops=1)
                     Index Cond: ((l_shipdate >= '1993-01-01'::date) AND (l_shipdate < '1994-01-01 00:00:00'::timestamp without time zone) AND (l_discount >= 0.06) AND (l_discount <= 0.08) AND (l_quantity < '25'::numeric))
 Planning Time: 12.496 ms
 Execution Time: 12703.869 ms
(10 rows)

SET
SET
SET
                                                                                                          QUERY PLAN                                                                                                           
-------------------------------------------------------------------------------------------------------------------------------------------------------------------------------------------------------------------------------
 Limit  (cost=1973784.82..1973784.83 rows=1 width=32) (actual time=6411.999..6412.000 rows=1 loops=1)
   ->  Aggregate  (cost=1973784.82..1973784.83 rows=1 width=32) (actual time=6411.998..6411.998 rows=1 loops=1)
         ->  Bitmap Heap Scan on lineitem  (cost=210948.51..1967764.23 rows=1204118 width=12) (actual time=1151.144..6052.320 rows=1194558 loops=1)
               Recheck Cond: ((l_shipdate >= '1993-01-01'::date) AND (l_shipdate < '1994-01-01 00:00:00'::timestamp without time zone) AND (l_discount >= 0.06) AND (l_discount <= 0.08) AND (l_quantity < '25'::numeric))
               Rows Removed by Index Recheck: 13724091
               Heap Blocks: exact=395900 lossy=267068
               ->  Bitmap Index Scan on idx_lineitem_shipdate  (cost=0.00..210647.48 rows=1204118 width=0) (actual time=1066.524..1066.524 rows=1194558 loops=1)
                     Index Cond: ((l_shipdate >= '1993-01-01'::date) AND (l_shipdate < '1994-01-01 00:00:00'::timestamp without time zone) AND (l_discount >= 0.06) AND (l_discount <= 0.08) AND (l_quantity < '25'::numeric))
 Planning Time: 0.760 ms
 Execution Time: 6412.230 ms
(10 rows)

query 7 run 1
SET
SET
SET
                                                                                 QUERY PLAN                                                                                  
-----------------------------------------------------------------------------------------------------------------------------------------------------------------------------
 Limit  (cost=2719411.99..2719412.12 rows=1 width=116) (actual time=18105.063..18105.070 rows=1 loops=1)
   ->  GroupAggregate  (cost=2719411.99..2720631.06 rows=10024 width=116) (actual time=18105.062..18105.068 rows=1 loops=1)
         Group Key: n1.n_name, n2.n_name, (EXTRACT(year FROM lineitem.l_shipdate))
         ->  Sort  (cost=2719411.99..2719564.67 rows=61069 width=96) (actual time=18097.387..18097.982 rows=14421 loops=1)
               Sort Key: n1.n_name, n2.n_name, (EXTRACT(year FROM lineitem.l_shipdate))
               Sort Method: quicksort  Memory: 6503kB
               ->  Hash Join  (cost=563378.41..2714557.57 rows=61069 width=96) (actual time=4810.880..18064.127 rows=57794 loops=1)
                     Hash Cond: (lineitem.l_orderkey = orders.o_orderkey)
                     Join Filter: (((n1.n_name = 'PERU'::bpchar) AND (n2.n_name = 'MOROCCO'::bpchar)) OR ((n1.n_name = 'MOROCCO'::bpchar) AND (n2.n_name = 'PERU'::bpchar)))
                     Rows Removed by Join Filter: 58158
                     ->  Hash Join  (cost=3629.40..2112806.05 rows=1467445 width=46) (actual time=31.988..12660.918 rows=1455694 loops=1)
                           Hash Cond: (lineitem.l_suppkey = supplier.s_suppkey)
                           ->  Seq Scan on lineitem  (cost=0.00..2024950.82 rows=18547036 width=24) (actual time=0.497..10354.058 rows=18230325 loops=1)
                                 Filter: ((l_shipdate >= '1995-01-01'::date) AND (l_shipdate <= '1996-12-31'::date))
                                 Rows Removed by Filter: 41755727
                           ->  Hash  (cost=3529.40..3529.40 rows=8000 width=30) (actual time=31.475..31.477 rows=7981 loops=1)
                                 Buckets: 8192  Batches: 1  Memory Usage: 548kB
                                 ->  Hash Join  (cost=1.40..3529.40 rows=8000 width=30) (actual time=0.859..30.247 rows=7981 loops=1)
                                       Hash Cond: (supplier.s_nationkey = n1.n_nationkey)
                                       ->  Seq Scan on supplier  (cost=0.00..3221.00 rows=100000 width=8) (actual time=0.550..20.927 rows=100000 loops=1)
                                       ->  Hash  (cost=1.38..1.38 rows=2 width=30) (actual time=0.301..0.302 rows=2 loops=1)
                                             Buckets: 1024  Batches: 1  Memory Usage: 9kB
                                             ->  Seq Scan on nation n1  (cost=0.00..1.38 rows=2 width=30) (actual time=0.297..0.299 rows=2 loops=1)
                                                   Filter: ((n_name = 'PERU'::bpchar) OR (n_name = 'MOROCCO'::bpchar))
                                                   Rows Removed by Filter: 23
                     ->  Hash  (cost=536547.64..536547.64 rows=1199869 width=30) (actual time=4774.156..4774.158 rows=1191175 loops=1)
                           Buckets: 1048576  Batches: 2  Memory Usage: 44259kB
                           ->  Hash Join  (cost=57053.37..536547.64 rows=1199869 width=30) (actual time=463.356..4524.887 rows=1191175 loops=1)
                                 Hash Cond: (orders.o_custkey = customer.c_custkey)
                                 ->  Seq Scan on orders  (cost=0.00..411251.68 rows=14998368 width=8) (actual time=0.800..1484.125 rows=15000000 loops=1)
                                 ->  Hash  (cost=55553.37..55553.37 rows=120000 width=30) (actual time=462.265..462.267 rows=119622 loops=1)
                                       Buckets: 131072  Batches: 1  Memory Usage: 8267kB
                                       ->  Hash Join  (cost=1.40..55553.37 rows=120000 width=30) (actual time=0.858..438.211 rows=119622 loops=1)
                                             Hash Cond: (customer.c_nationkey = n2.n_nationkey)
                                             ->  Seq Scan on customer  (cost=0.00..50946.98 rows=1499998 width=8) (actual time=0.833..302.175 rows=1500000 loops=1)
                                             ->  Hash  (cost=1.38..1.38 rows=2 width=30) (actual time=0.018..0.019 rows=2 loops=1)
                                                   Buckets: 1024  Batches: 1  Memory Usage: 9kB
                                                   ->  Seq Scan on nation n2  (cost=0.00..1.38 rows=2 width=30) (actual time=0.013..0.015 rows=2 loops=1)
                                                         Filter: ((n_name = 'MOROCCO'::bpchar) OR (n_name = 'PERU'::bpchar))
                                                         Rows Removed by Filter: 23
 Planning Time: 23.988 ms
 Execution Time: 18105.720 ms
(42 rows)

SET
SET
SET
                                                                                 QUERY PLAN                                                                                  
-----------------------------------------------------------------------------------------------------------------------------------------------------------------------------
 Limit  (cost=2719411.99..2719412.12 rows=1 width=116) (actual time=14746.140..14746.147 rows=1 loops=1)
   ->  GroupAggregate  (cost=2719411.99..2720631.06 rows=10024 width=116) (actual time=14746.139..14746.145 rows=1 loops=1)
         Group Key: n1.n_name, n2.n_name, (EXTRACT(year FROM lineitem.l_shipdate))
         ->  Sort  (cost=2719411.99..2719564.67 rows=61069 width=96) (actual time=14738.502..14739.104 rows=14421 loops=1)
               Sort Key: n1.n_name, n2.n_name, (EXTRACT(year FROM lineitem.l_shipdate))
               Sort Method: quicksort  Memory: 6503kB
               ->  Hash Join  (cost=563378.41..2714557.57 rows=61069 width=96) (actual time=3909.495..14706.655 rows=57794 loops=1)
                     Hash Cond: (lineitem.l_orderkey = orders.o_orderkey)
                     Join Filter: (((n1.n_name = 'PERU'::bpchar) AND (n2.n_name = 'MOROCCO'::bpchar)) OR ((n1.n_name = 'MOROCCO'::bpchar) AND (n2.n_name = 'PERU'::bpchar)))
                     Rows Removed by Join Filter: 58158
                     ->  Hash Join  (cost=3629.40..2112806.05 rows=1467445 width=46) (actual time=18.681..10240.213 rows=1455694 loops=1)
                           Hash Cond: (lineitem.l_suppkey = supplier.s_suppkey)
                           ->  Seq Scan on lineitem  (cost=0.00..2024950.82 rows=18547036 width=24) (actual time=0.038..8326.178 rows=18230325 loops=1)
                                 Filter: ((l_shipdate >= '1995-01-01'::date) AND (l_shipdate <= '1996-12-31'::date))
                                 Rows Removed by Filter: 41755727
                           ->  Hash  (cost=3529.40..3529.40 rows=8000 width=30) (actual time=18.633..18.635 rows=7981 loops=1)
                                 Buckets: 8192  Batches: 1  Memory Usage: 548kB
                                 ->  Hash Join  (cost=1.40..3529.40 rows=8000 width=30) (actual time=0.020..17.459 rows=7981 loops=1)
                                       Hash Cond: (supplier.s_nationkey = n1.n_nationkey)
                                       ->  Seq Scan on supplier  (cost=0.00..3221.00 rows=100000 width=8) (actual time=0.007..6.235 rows=100000 loops=1)
                                       ->  Hash  (cost=1.38..1.38 rows=2 width=30) (actual time=0.010..0.011 rows=2 loops=1)
                                             Buckets: 1024  Batches: 1  Memory Usage: 9kB
                                             ->  Seq Scan on nation n1  (cost=0.00..1.38 rows=2 width=30) (actual time=0.006..0.008 rows=2 loops=1)
                                                   Filter: ((n_name = 'PERU'::bpchar) OR (n_name = 'MOROCCO'::bpchar))
                                                   Rows Removed by Filter: 23
                     ->  Hash  (cost=536547.64..536547.64 rows=1199869 width=30) (actual time=3888.519..3888.521 rows=1191175 loops=1)
                           Buckets: 1048576  Batches: 2  Memory Usage: 44259kB
                           ->  Hash Join  (cost=57053.37..536547.64 rows=1199869 width=30) (actual time=289.455..3654.175 rows=1191175 loops=1)
                                 Hash Cond: (orders.o_custkey = customer.c_custkey)
                                 ->  Seq Scan on orders  (cost=0.00..411251.68 rows=14998368 width=8) (actual time=0.041..1035.671 rows=15000000 loops=1)
                                 ->  Hash  (cost=55553.37..55553.37 rows=120000 width=30) (actual time=289.125..289.126 rows=119622 loops=1)
                                       Buckets: 131072  Batches: 1  Memory Usage: 8267kB
                                       ->  Hash Join  (cost=1.40..55553.37 rows=120000 width=30) (actual time=0.029..266.499 rows=119622 loops=1)
                                             Hash Cond: (customer.c_nationkey = n2.n_nationkey)
                                             ->  Seq Scan on customer  (cost=0.00..50946.98 rows=1499998 width=8) (actual time=0.008..93.596 rows=1500000 loops=1)
                                             ->  Hash  (cost=1.38..1.38 rows=2 width=30) (actual time=0.014..0.015 rows=2 loops=1)
                                                   Buckets: 1024  Batches: 1  Memory Usage: 9kB
                                                   ->  Seq Scan on nation n2  (cost=0.00..1.38 rows=2 width=30) (actual time=0.010..0.012 rows=2 loops=1)
                                                         Filter: ((n_name = 'MOROCCO'::bpchar) OR (n_name = 'PERU'::bpchar))
                                                         Rows Removed by Filter: 23
 Planning Time: 2.637 ms
 Execution Time: 14746.499 ms
(42 rows)

query 8 run 1
SET
SET
SET
                                                                                          QUERY PLAN                                                                                           
-----------------------------------------------------------------------------------------------------------------------------------------------------------------------------------------------
 Limit  (cost=1191718.75..1191718.99 rows=1 width=64) (actual time=60665.511..60665.528 rows=1 loops=1)
   ->  GroupAggregate  (cost=1191718.75..1192306.22 rows=2406 width=64) (actual time=60665.510..60665.517 rows=1 loops=1)
         Group Key: (EXTRACT(year FROM orders.o_orderdate))
         ->  Sort  (cost=1191718.75..1191778.68 rows=23971 width=70) (actual time=60659.879..60660.339 rows=11818 loops=1)
               Sort Key: (EXTRACT(year FROM orders.o_orderdate))
               Sort Method: quicksort  Memory: 2259kB
               ->  Nested Loop  (cost=840703.51..1189974.98 rows=23971 width=70) (actual time=55147.748..60644.858 rows=23842 loops=1)
                     ->  Hash Join  (cost=840703.36..1189306.24 rows=23971 width=20) (actual time=55147.716..60609.944 rows=23842 loops=1)
                           Hash Cond: (lineitem.l_suppkey = supplier.s_suppkey)
                           ->  Hash Join  (cost=836232.36..1184771.62 rows=24237 width=20) (actual time=55107.901..60559.708 rows=23842 loops=1)
                                 Hash Cond: (orders.o_custkey = customer.c_custkey)
                                 ->  Hash Join  (cost=772907.88..1120750.31 rows=121187 width=24) (actual time=54604.832..60025.119 rows=118593 loops=1)
                                       Hash Cond: (orders.o_orderkey = lineitem.l_orderkey)
                                       ->  Bitmap Heap Scan on orders  (cost=52504.80..382062.85 rows=4552670 width=12) (actual time=365.403..4853.592 rows=4557513 loops=1)
                                             Recheck Cond: ((o_orderdate >= '1995-01-01'::date) AND (o_orderdate <= '1996-12-31'::date))
                                             Heap Blocks: exact=261268
                                             ->  Bitmap Index Scan on idx_orders_orderdate  (cost=0.00..51366.64 rows=4552670 width=0) (actual time=312.384..312.384 rows=4557513 loops=1)
                                                   Index Cond: ((o_orderdate >= '1995-01-01'::date) AND (o_orderdate <= '1996-12-31'::date))
                                       ->  Hash  (cost=715412.59..715412.59 rows=399239 width=20) (actual time=54239.094..54239.096 rows=389521 loops=1)
                                             Buckets: 524288  Batches: 1  Memory Usage: 25019kB
                                             ->  Nested Loop  (cost=0.44..715412.59 rows=399239 width=20) (actual time=2.324..53799.017 rows=389521 loops=1)
                                                   ->  Seq Scan on part  (cost=0.00..65981.39 rows=13311 width=4) (actual time=1.378..487.437 rows=13011 loops=1)
                                                         Filter: ((p_type)::text = 'LARGE POLISHED BRASS'::text)
                                                         Rows Removed by Filter: 1986989
                                                   ->  Index Scan using idx_lineitem_part_supp on lineitem  (cost=0.44..48.48 rows=31 width=24) (actual time=0.258..4.077 rows=30 loops=13011)
                                                         Index Cond: (l_partkey = part.p_partkey)
                                 ->  Hash  (cost=59574.48..59574.48 rows=300000 width=4) (actual time=502.448..502.450 rows=299436 loops=1)
                                       Buckets: 524288  Batches: 1  Memory Usage: 14624kB
                                       ->  Hash Join  (cost=2.51..59574.48 rows=300000 width=4) (actual time=1.528..454.092 rows=299436 loops=1)
                                             Hash Cond: (customer.c_nationkey = n1.n_nationkey)
                                             ->  Seq Scan on customer  (cost=0.00..50946.98 rows=1499998 width=8) (actual time=0.852..301.885 rows=1500000 loops=1)
                                             ->  Hash  (cost=2.45..2.45 rows=5 width=4) (actual time=0.667..0.668 rows=5 loops=1)
                                                   Buckets: 1024  Batches: 1  Memory Usage: 9kB
                                                   ->  Hash Join  (cost=1.07..2.45 rows=5 width=4) (actual time=0.662..0.667 rows=5 loops=1)
                                                         Hash Cond: (n1.n_regionkey = region.r_regionkey)
                                                         ->  Seq Scan on nation n1  (cost=0.00..1.25 rows=25 width=8) (actual time=0.331..0.333 rows=25 loops=1)
                                                         ->  Hash  (cost=1.06..1.06 rows=1 width=4) (actual time=0.324..0.324 rows=1 loops=1)
                                                               Buckets: 1024  Batches: 1  Memory Usage: 9kB
                                                               ->  Seq Scan on region  (cost=0.00..1.06 rows=1 width=4) (actual time=0.319..0.320 rows=1 loops=1)
                                                                     Filter: (r_name = 'AMERICA'::bpchar)
                                                                     Rows Removed by Filter: 4
                           ->  Hash  (cost=3221.00..3221.00 rows=100000 width=8) (actual time=39.773..39.774 rows=100000 loops=1)
                                 Buckets: 131072  Batches: 1  Memory Usage: 4931kB
                                 ->  Seq Scan on supplier  (cost=0.00..3221.00 rows=100000 width=8) (actual time=0.471..25.519 rows=100000 loops=1)
                     ->  Memoize  (cost=0.15..0.92 rows=1 width=30) (actual time=0.000..0.000 rows=1 loops=23842)
                           Cache Key: supplier.s_nationkey
                           Cache Mode: logical
                           Hits: 23817  Misses: 25  Evictions: 0  Overflows: 0  Memory Usage: 4kB
                           ->  Index Scan using nation_pkey on nation n2  (cost=0.14..0.91 rows=1 width=30) (actual time=0.003..0.003 rows=1 loops=25)
                                 Index Cond: (n_nationkey = supplier.s_nationkey)
 Planning Time: 29.742 ms
 Execution Time: 60666.946 ms
(52 rows)

SET
SET
SET
                                                                                          QUERY PLAN                                                                                           
-----------------------------------------------------------------------------------------------------------------------------------------------------------------------------------------------
 Limit  (cost=1191718.75..1191718.99 rows=1 width=64) (actual time=4895.131..4895.147 rows=1 loops=1)
   ->  GroupAggregate  (cost=1191718.75..1192306.22 rows=2406 width=64) (actual time=4895.130..4895.136 rows=1 loops=1)
         Group Key: (EXTRACT(year FROM orders.o_orderdate))
         ->  Sort  (cost=1191718.75..1191778.68 rows=23971 width=70) (actual time=4889.659..4890.115 rows=11818 loops=1)
               Sort Key: (EXTRACT(year FROM orders.o_orderdate))
               Sort Method: quicksort  Memory: 2259kB
               ->  Nested Loop  (cost=840703.51..1189974.98 rows=23971 width=70) (actual time=2702.569..4879.262 rows=23842 loops=1)
                     ->  Hash Join  (cost=840703.36..1189306.24 rows=23971 width=20) (actual time=2702.553..4856.798 rows=23842 loops=1)
                           Hash Cond: (lineitem.l_suppkey = supplier.s_suppkey)
                           ->  Hash Join  (cost=836232.36..1184771.62 rows=24237 width=20) (actual time=2670.022..4815.139 rows=23842 loops=1)
                                 Hash Cond: (orders.o_custkey = customer.c_custkey)
                                 ->  Hash Join  (cost=772907.88..1120750.31 rows=121187 width=24) (actual time=2289.917..4407.291 rows=118593 loops=1)
                                       Hash Cond: (orders.o_orderkey = lineitem.l_orderkey)
                                       ->  Bitmap Heap Scan on orders  (cost=52504.80..382062.85 rows=4552670 width=12) (actual time=344.699..1616.830 rows=4557513 loops=1)
                                             Recheck Cond: ((o_orderdate >= '1995-01-01'::date) AND (o_orderdate <= '1996-12-31'::date))
                                             Heap Blocks: exact=261268
                                             ->  Bitmap Index Scan on idx_orders_orderdate  (cost=0.00..51366.64 rows=4552670 width=0) (actual time=292.146..292.146 rows=4557513 loops=1)
                                                   Index Cond: ((o_orderdate >= '1995-01-01'::date) AND (o_orderdate <= '1996-12-31'::date))
                                       ->  Hash  (cost=715412.59..715412.59 rows=399239 width=20) (actual time=1944.897..1944.899 rows=389521 loops=1)
                                             Buckets: 524288  Batches: 1  Memory Usage: 25019kB
                                             ->  Nested Loop  (cost=0.44..715412.59 rows=399239 width=20) (actual time=0.101..1828.566 rows=389521 loops=1)
                                                   ->  Seq Scan on part  (cost=0.00..65981.39 rows=13311 width=4) (actual time=0.072..268.942 rows=13011 loops=1)
                                                         Filter: ((p_type)::text = 'LARGE POLISHED BRASS'::text)
                                                         Rows Removed by Filter: 1986989
                                                   ->  Index Scan using idx_lineitem_part_supp on lineitem  (cost=0.44..48.48 rows=31 width=24) (actual time=0.010..0.114 rows=30 loops=13011)
                                                         Index Cond: (l_partkey = part.p_partkey)
                                 ->  Hash  (cost=59574.48..59574.48 rows=300000 width=4) (actual time=379.429..379.431 rows=299436 loops=1)
                                       Buckets: 524288  Batches: 1  Memory Usage: 14624kB
                                       ->  Hash Join  (cost=2.51..59574.48 rows=300000 width=4) (actual time=0.074..334.805 rows=299436 loops=1)
                                             Hash Cond: (customer.c_nationkey = n1.n_nationkey)
                                             ->  Seq Scan on customer  (cost=0.00..50946.98 rows=1499998 width=8) (actual time=0.028..186.762 rows=1500000 loops=1)
                                             ->  Hash  (cost=2.45..2.45 rows=5 width=4) (actual time=0.038..0.039 rows=5 loops=1)
                                                   Buckets: 1024  Batches: 1  Memory Usage: 9kB
                                                   ->  Hash Join  (cost=1.07..2.45 rows=5 width=4) (actual time=0.033..0.038 rows=5 loops=1)
                                                         Hash Cond: (n1.n_regionkey = region.r_regionkey)
                                                         ->  Seq Scan on nation n1  (cost=0.00..1.25 rows=25 width=8) (actual time=0.013..0.014 rows=25 loops=1)
                                                         ->  Hash  (cost=1.06..1.06 rows=1 width=4) (actual time=0.015..0.016 rows=1 loops=1)
                                                               Buckets: 1024  Batches: 1  Memory Usage: 9kB
                                                               ->  Seq Scan on region  (cost=0.00..1.06 rows=1 width=4) (actual time=0.013..0.013 rows=1 loops=1)
                                                                     Filter: (r_name = 'AMERICA'::bpchar)
                                                                     Rows Removed by Filter: 4
                           ->  Hash  (cost=3221.00..3221.00 rows=100000 width=8) (actual time=32.488..32.489 rows=100000 loops=1)
                                 Buckets: 131072  Batches: 1  Memory Usage: 4931kB
                                 ->  Seq Scan on supplier  (cost=0.00..3221.00 rows=100000 width=8) (actual time=0.022..17.191 rows=100000 loops=1)
                     ->  Memoize  (cost=0.15..0.92 rows=1 width=30) (actual time=0.000..0.000 rows=1 loops=23842)
                           Cache Key: supplier.s_nationkey
                           Cache Mode: logical
                           Hits: 23817  Misses: 25  Evictions: 0  Overflows: 0  Memory Usage: 4kB
                           ->  Index Scan using nation_pkey on nation n2  (cost=0.14..0.91 rows=1 width=30) (actual time=0.002..0.002 rows=1 loops=25)
                                 Index Cond: (n_nationkey = supplier.s_nationkey)
 Planning Time: 4.428 ms
 Execution Time: 4895.643 ms
(52 rows)

query 9 run 1
SET
SET
SET
                                                                                QUERY PLAN                                                                                
--------------------------------------------------------------------------------------------------------------------------------------------------------------------------
 Limit  (cost=2532510.32..2532510.35 rows=1 width=90) (actual time=50396.453..50396.458 rows=1 loops=1)
   ->  GroupAggregate  (cost=2532510.32..2532518.89 rows=245 width=90) (actual time=50396.452..50396.456 rows=1 loops=1)
         Group Key: nation.n_name, (EXTRACT(year FROM orders.o_orderdate))
         ->  Sort  (cost=2532510.32..2532510.93 rows=245 width=81) (actual time=50385.927..50388.948 rows=11401 loops=1)
               Sort Key: nation.n_name, (EXTRACT(year FROM orders.o_orderdate)) DESC
               Sort Method: external merge  Disk: 211240kB
               ->  Nested Loop  (cost=482743.38..2532500.60 rows=245 width=81) (actual time=3158.739..46703.045 rows=3248192 loops=1)
                     Join Filter: (supplier.s_nationkey = nation.n_nationkey)
                     Rows Removed by Join Filter: 39009119
                     ->  Nested Loop  (cost=482743.38..2532410.26 rows=245 width=31) (actual time=3158.390..41318.424 rows=3248192 loops=1)
                           ->  Nested Loop  (cost=482742.94..2531571.72 rows=245 width=31) (actual time=3157.650..30554.868 rows=3248192 loops=1)
                                 ->  Hash Join  (cost=482742.65..2530768.57 rows=245 width=35) (actual time=3156.331..21920.237 rows=3248192 loops=1)
                                       Hash Cond: ((lineitem.l_suppkey = partsupp.ps_suppkey) AND (lineitem.l_partkey = partsupp.ps_partkey))
                                       ->  Hash Join  (cost=68506.68..1950988.26 rows=6059302 width=33) (actual time=599.764..15998.665 rows=3248192 loops=1)
                                             Hash Cond: (lineitem.l_partkey = part.p_partkey)
                                             ->  Seq Scan on lineitem  (cost=0.00..1725014.88 rows=59987188 width=29) (actual time=0.488..6207.710 rows=59986052 loops=1)
                                             ->  Hash  (cost=65981.39..65981.39 rows=202023 width=4) (actual time=598.942..598.943 rows=108312 loops=1)
                                                   Buckets: 262144  Batches: 1  Memory Usage: 5856kB
                                                   ->  Seq Scan on part  (cost=0.00..65981.39 rows=202023 width=4) (actual time=0.494..578.959 rows=108312 loops=1)
                                                         Filter: ((p_name)::text ~~ '%navy%'::text)
                                                         Rows Removed by Filter: 1891688
                                       ->  Hash  (cost=255205.59..255205.59 rows=7998359 width=14) (actual time=2553.939..2553.939 rows=8000000 loops=1)
                                             Buckets: 2097152  Batches: 8  Memory Usage: 63251kB
                                             ->  Seq Scan on partsupp  (cost=0.00..255205.59 rows=7998359 width=14) (actual time=0.789..1230.110 rows=8000000 loops=1)
                                 ->  Index Scan using supplier_pkey on supplier  (cost=0.29..3.28 rows=1 width=8) (actual time=0.002..0.002 rows=1 loops=3248192)
                                       Index Cond: (s_suppkey = lineitem.l_suppkey)
                           ->  Index Scan using orders_pkey on orders  (cost=0.43..3.42 rows=1 width=8) (actual time=0.003..0.003 rows=1 loops=3248192)
                                 Index Cond: (o_orderkey = lineitem.l_orderkey)
                     ->  Materialize  (cost=0.00..1.38 rows=25 width=30) (actual time=0.000..0.000 rows=13 loops=3248192)
                           ->  Seq Scan on nation  (cost=0.00..1.25 rows=25 width=30) (actual time=0.331..0.333 rows=25 loops=1)
 Planning Time: 34.760 ms
 Execution Time: 50429.003 ms
(32 rows)

SET
SET
SET
                                                                                QUERY PLAN                                                                                
--------------------------------------------------------------------------------------------------------------------------------------------------------------------------
 Limit  (cost=2532510.32..2532510.35 rows=1 width=90) (actual time=45166.286..45166.291 rows=1 loops=1)
   ->  GroupAggregate  (cost=2532510.32..2532518.89 rows=245 width=90) (actual time=45166.285..45166.290 rows=1 loops=1)
         Group Key: nation.n_name, (EXTRACT(year FROM orders.o_orderdate))
         ->  Sort  (cost=2532510.32..2532510.93 rows=245 width=81) (actual time=45155.778..45158.796 rows=11401 loops=1)
               Sort Key: nation.n_name, (EXTRACT(year FROM orders.o_orderdate)) DESC
               Sort Method: external merge  Disk: 211240kB
               ->  Nested Loop  (cost=482743.38..2532500.60 rows=245 width=81) (actual time=2828.131..41488.786 rows=3248192 loops=1)
                     Join Filter: (supplier.s_nationkey = nation.n_nationkey)
                     Rows Removed by Join Filter: 39009119
                     ->  Nested Loop  (cost=482743.38..2532410.26 rows=245 width=31) (actual time=2828.111..36153.112 rows=3248192 loops=1)
                           ->  Nested Loop  (cost=482742.94..2531571.72 rows=245 width=31) (actual time=2828.095..27091.865 rows=3248192 loops=1)
                                 ->  Hash Join  (cost=482742.65..2530768.57 rows=245 width=35) (actual time=2828.071..19018.076 rows=3248192 loops=1)
                                       Hash Cond: ((lineitem.l_suppkey = partsupp.ps_suppkey) AND (lineitem.l_partkey = partsupp.ps_partkey))
                                       ->  Hash Join  (cost=68506.68..1950988.26 rows=6059302 width=33) (actual time=566.341..13469.191 rows=3248192 loops=1)
                                             Hash Cond: (lineitem.l_partkey = part.p_partkey)
                                             ->  Seq Scan on lineitem  (cost=0.00..1725014.88 rows=59987188 width=29) (actual time=0.293..4441.937 rows=59986052 loops=1)
                                             ->  Hash  (cost=65981.39..65981.39 rows=202023 width=4) (actual time=565.697..565.698 rows=108312 loops=1)
                                                   Buckets: 262144  Batches: 1  Memory Usage: 5856kB
                                                   ->  Seq Scan on part  (cost=0.00..65981.39 rows=202023 width=4) (actual time=0.298..545.853 rows=108312 loops=1)
                                                         Filter: ((p_name)::text ~~ '%navy%'::text)
                                                         Rows Removed by Filter: 1891688
                                       ->  Hash  (cost=255205.59..255205.59 rows=7998359 width=14) (actual time=2259.161..2259.161 rows=8000000 loops=1)
                                             Buckets: 2097152  Batches: 8  Memory Usage: 63251kB
                                             ->  Seq Scan on partsupp  (cost=0.00..255205.59 rows=7998359 width=14) (actual time=0.489..968.587 rows=8000000 loops=1)
                                 ->  Index Scan using supplier_pkey on supplier  (cost=0.29..3.28 rows=1 width=8) (actual time=0.002..0.002 rows=1 loops=3248192)
                                       Index Cond: (s_suppkey = lineitem.l_suppkey)
                           ->  Index Scan using orders_pkey on orders  (cost=0.43..3.42 rows=1 width=8) (actual time=0.002..0.002 rows=1 loops=3248192)
                                 Index Cond: (o_orderkey = lineitem.l_orderkey)
                     ->  Materialize  (cost=0.00..1.38 rows=25 width=30) (actual time=0.000..0.000 rows=13 loops=3248192)
                           ->  Seq Scan on nation  (cost=0.00..1.25 rows=25 width=30) (actual time=0.005..0.007 rows=25 loops=1)
 Planning Time: 17.655 ms
 Execution Time: 45199.686 ms
(32 rows)

query 10 run 1
SET
SET
SET
                                                                                            QUERY PLAN                                                                                            
--------------------------------------------------------------------------------------------------------------------------------------------------------------------------------------------------
 Limit  (cost=2393914.32..2393914.37 rows=20 width=202) (actual time=19719.754..19719.759 rows=20 loops=1)
   ->  Sort  (cost=2393914.32..2395303.68 rows=555745 width=202) (actual time=19719.752..19719.756 rows=20 loops=1)
         Sort Key: (sum((lineitem.l_extendedprice * ('1'::numeric - lineitem.l_discount)))) DESC
         Sort Method: top-N heapsort  Memory: 33kB
         ->  GroupAggregate  (cost=2249912.32..2379126.15 rows=555745 width=202) (actual time=17146.767..19602.729 rows=381205 loops=1)
               Group Key: customer.c_custkey, nation.n_name
               ->  Incremental Sort  (cost=2249912.32..2365232.52 rows=555745 width=182) (actual time=17146.754..18868.561 rows=1145402 loops=1)
                     Sort Key: customer.c_custkey, nation.n_name
                     Presorted Key: customer.c_custkey
                     Full-sort Groups: 34068  Sort Method: quicksort  Average Memory: 31kB  Peak Memory: 31kB
                     ->  Nested Loop  (cost=2249912.15..2340224.00 rows=555745 width=182) (actual time=17146.609..18510.572 rows=1145402 loops=1)
                           ->  Merge Join  (cost=2249912.00..2326615.36 rows=555745 width=160) (actual time=17146.308..18110.627 rows=1145402 loops=1)
                                 Merge Cond: (customer.c_custkey = orders.o_custkey)
                                 ->  Index Scan using customer_pkey on customer  (cost=0.43..64621.90 rows=1499998 width=148) (actual time=0.612..512.649 rows=1499997 loops=1)
                                 ->  Sort  (cost=2249911.21..2251300.57 rows=555745 width=16) (actual time=17145.668..17257.652 rows=1145402 loops=1)
                                       Sort Key: orders.o_custkey
                                       Sort Method: external sort  Disk: 35280kB
                                       ->  Hash Join  (cost=283524.43..2196881.84 rows=555745 width=16) (actual time=4866.830..16704.460 rows=1145402 loops=1)
                                             Hash Cond: (lineitem.l_orderkey = orders.o_orderkey)
                                             ->  Seq Scan on lineitem  (cost=0.00..1874982.85 rows=14618878 width=16) (actual time=0.503..10131.657 rows=14808183 loops=1)
                                                   Filter: (l_returnflag = 'R'::bpchar)
                                                   Rows Removed by Filter: 45177869
                                             ->  Hash  (cost=276397.28..276397.28 rows=570172 width=8) (actual time=4864.319..4864.320 rows=573160 loops=1)
                                                   Buckets: 1048576  Batches: 1  Memory Usage: 30582kB
                                                   ->  Bitmap Heap Scan on orders  (cost=6576.70..276397.28 rows=570172 width=8) (actual time=112.066..4685.320 rows=573160 loops=1)
                                                         Recheck Cond: ((o_orderdate >= '1994-08-01'::date) AND (o_orderdate < '1994-11-01'::date))
                                                         Heap Blocks: exact=233346
                                                         ->  Bitmap Index Scan on idx_orders_orderdate  (cost=0.00..6434.16 rows=570172 width=0) (actual time=64.933..64.933 rows=573160 loops=1)
                                                               Index Cond: ((o_orderdate >= '1994-08-01'::date) AND (o_orderdate < '1994-11-01'::date))
                           ->  Memoize  (cost=0.15..0.92 rows=1 width=30) (actual time=0.000..0.000 rows=1 loops=1145402)
                                 Cache Key: customer.c_nationkey
                                 Cache Mode: logical
                                 Hits: 1145377  Misses: 25  Evictions: 0  Overflows: 0  Memory Usage: 4kB
                                 ->  Index Scan using nation_pkey on nation  (cost=0.14..0.91 rows=1 width=30) (actual time=0.013..0.013 rows=1 loops=25)
                                       Index Cond: (n_nationkey = customer.c_nationkey)
 Planning Time: 26.318 ms
 Execution Time: 19725.471 ms
(37 rows)

SET
SET
SET
                                                                                            QUERY PLAN                                                                                            
--------------------------------------------------------------------------------------------------------------------------------------------------------------------------------------------------
 Limit  (cost=2393914.32..2393914.37 rows=20 width=202) (actual time=14072.510..14072.515 rows=20 loops=1)
   ->  Sort  (cost=2393914.32..2395303.68 rows=555745 width=202) (actual time=14072.509..14072.512 rows=20 loops=1)
         Sort Key: (sum((lineitem.l_extendedprice * ('1'::numeric - lineitem.l_discount)))) DESC
         Sort Method: top-N heapsort  Memory: 33kB
         ->  GroupAggregate  (cost=2249912.32..2379126.15 rows=555745 width=202) (actual time=11650.512..13955.679 rows=381205 loops=1)
               Group Key: customer.c_custkey, nation.n_name
               ->  Incremental Sort  (cost=2249912.32..2365232.52 rows=555745 width=182) (actual time=11650.499..13227.860 rows=1145402 loops=1)
                     Sort Key: customer.c_custkey, nation.n_name
                     Presorted Key: customer.c_custkey
                     Full-sort Groups: 34068  Sort Method: quicksort  Average Memory: 31kB  Peak Memory: 31kB
                     ->  Nested Loop  (cost=2249912.15..2340224.00 rows=555745 width=182) (actual time=11650.392..12873.034 rows=1145402 loops=1)
                           ->  Merge Join  (cost=2249912.00..2326615.36 rows=555745 width=160) (actual time=11650.360..12487.695 rows=1145402 loops=1)
                                 Merge Cond: (customer.c_custkey = orders.o_custkey)
                                 ->  Index Scan using customer_pkey on customer  (cost=0.43..64621.90 rows=1499998 width=148) (actual time=0.016..389.227 rows=1499997 loops=1)
                                 ->  Sort  (cost=2249911.21..2251300.57 rows=555745 width=16) (actual time=11650.329..11761.349 rows=1145402 loops=1)
                                       Sort Key: orders.o_custkey
                                       Sort Method: external sort  Disk: 35280kB
                                       ->  Hash Join  (cost=283524.43..2196881.84 rows=555745 width=16) (actual time=1534.865..11218.512 rows=1145402 loops=1)
                                             Hash Cond: (lineitem.l_orderkey = orders.o_orderkey)
                                             ->  Seq Scan on lineitem  (cost=0.00..1874982.85 rows=14618878 width=16) (actual time=0.020..8057.700 rows=14808183 loops=1)
                                                   Filter: (l_returnflag = 'R'::bpchar)
                                                   Rows Removed by Filter: 45177869
                                             ->  Hash  (cost=276397.28..276397.28 rows=570172 width=8) (actual time=1533.496..1533.497 rows=573160 loops=1)
                                                   Buckets: 1048576  Batches: 1  Memory Usage: 30582kB
                                                   ->  Bitmap Heap Scan on orders  (cost=6576.70..276397.28 rows=570172 width=8) (actual time=110.713..1405.158 rows=573160 loops=1)
                                                         Recheck Cond: ((o_orderdate >= '1994-08-01'::date) AND (o_orderdate < '1994-11-01'::date))
                                                         Heap Blocks: exact=233346
                                                         ->  Bitmap Index Scan on idx_orders_orderdate  (cost=0.00..6434.16 rows=570172 width=0) (actual time=64.172..64.172 rows=573160 loops=1)
                                                               Index Cond: ((o_orderdate >= '1994-08-01'::date) AND (o_orderdate < '1994-11-01'::date))
                           ->  Memoize  (cost=0.15..0.92 rows=1 width=30) (actual time=0.000..0.000 rows=1 loops=1145402)
                                 Cache Key: customer.c_nationkey
                                 Cache Mode: logical
                                 Hits: 1145377  Misses: 25  Evictions: 0  Overflows: 0  Memory Usage: 4kB
                                 ->  Index Scan using nation_pkey on nation  (cost=0.14..0.91 rows=1 width=30) (actual time=0.002..0.002 rows=1 loops=25)
                                       Index Cond: (n_nationkey = customer.c_nationkey)
 Planning Time: 2.067 ms
 Execution Time: 14077.293 ms
(37 rows)

query 11 run 1
SET
SET
SET
                                                                                QUERY PLAN                                                                                 
---------------------------------------------------------------------------------------------------------------------------------------------------------------------------
 Limit  (cost=606561.13..606561.14 rows=1 width=36) (actual time=3482.723..3482.729 rows=0 loops=1)
   InitPlan 1
     ->  Aggregate  (cost=293109.74..293109.76 rows=1 width=32) (actual time=1392.211..1392.214 rows=1 loops=1)
           ->  Hash Join  (cost=2311.46..290710.24 rows=319934 width=10) (actual time=3.077..1314.908 rows=320800 loops=1)
                 Hash Cond: (partsupp_1.ps_suppkey = supplier_1.s_suppkey)
                 ->  Seq Scan on partsupp partsupp_1  (cost=0.00..255205.59 rows=7998359 width=14) (actual time=0.023..600.786 rows=8000000 loops=1)
                 ->  Hash  (cost=2261.46..2261.46 rows=4000 width=4) (actual time=3.005..3.006 rows=4010 loops=1)
                       Buckets: 4096  Batches: 1  Memory Usage: 173kB
                       ->  Nested Loop  (cost=37.29..2261.46 rows=4000 width=4) (actual time=0.599..2.602 rows=4010 loops=1)
                             ->  Seq Scan on nation nation_1  (cost=0.00..1.31 rows=1 width=4) (actual time=0.007..0.008 rows=1 loops=1)
                                   Filter: (n_name = 'SAUDI ARABIA'::bpchar)
                                   Rows Removed by Filter: 24
                             ->  Bitmap Heap Scan on supplier supplier_1  (cost=37.29..2220.15 rows=4000 width=8) (actual time=0.589..2.273 rows=4010 loops=1)
                                   Recheck Cond: (s_nationkey = nation_1.n_nationkey)
                                   Heap Blocks: exact=1869
                                   ->  Bitmap Index Scan on idx_supplier_nation_key  (cost=0.00..36.29 rows=4000 width=0) (actual time=0.379..0.379 rows=4010 loops=1)
                                         Index Cond: (s_nationkey = nation_1.n_nationkey)
   ->  Sort  (cost=313451.38..313717.99 rows=106645 width=36) (actual time=3482.722..3482.724 rows=0 loops=1)
         Sort Key: (sum((partsupp.ps_supplycost * (partsupp.ps_availqty)::numeric))) DESC
         Sort Method: quicksort  Memory: 25kB
         ->  HashAggregate  (cost=304994.79..312918.15 rows=106645 width=36) (actual time=3482.691..3482.693 rows=0 loops=1)
               Group Key: partsupp.ps_partkey
               Filter: (sum((partsupp.ps_supplycost * (partsupp.ps_availqty)::numeric)) > (InitPlan 1).col1)
               Planned Partitions: 4  Batches: 5  Memory Usage: 65585kB  Disk Usage: 7312kB
               Rows Removed by Filter: 301833
               ->  Hash Join  (cost=2311.46..290710.24 rows=319934 width=14) (actual time=42.666..1741.203 rows=320800 loops=1)
                     Hash Cond: (partsupp.ps_suppkey = supplier.s_suppkey)
                     ->  Seq Scan on partsupp  (cost=0.00..255205.59 rows=7998359 width=18) (actual time=0.690..936.293 rows=8000000 loops=1)
                     ->  Hash  (cost=2261.46..2261.46 rows=4000 width=4) (actual time=41.903..41.904 rows=4010 loops=1)
                           Buckets: 4096  Batches: 1  Memory Usage: 173kB
                           ->  Nested Loop  (cost=37.29..2261.46 rows=4000 width=4) (actual time=1.986..40.766 rows=4010 loops=1)
                                 ->  Seq Scan on nation  (cost=0.00..1.31 rows=1 width=4) (actual time=0.231..0.235 rows=1 loops=1)
                                       Filter: (n_name = 'SAUDI ARABIA'::bpchar)
                                       Rows Removed by Filter: 24
                                 ->  Bitmap Heap Scan on supplier  (cost=37.29..2220.15 rows=4000 width=8) (actual time=1.750..39.918 rows=4010 loops=1)
                                       Recheck Cond: (s_nationkey = nation.n_nationkey)
                                       Heap Blocks: exact=1869
                                       ->  Bitmap Index Scan on idx_supplier_nation_key  (cost=0.00..36.29 rows=4000 width=0) (actual time=1.156..1.156 rows=4010 loops=1)
                                             Index Cond: (s_nationkey = nation.n_nationkey)
 Planning Time: 15.582 ms
 Execution Time: 3485.123 ms
(41 rows)

SET
SET
SET
                                                                                QUERY PLAN                                                                                 
---------------------------------------------------------------------------------------------------------------------------------------------------------------------------
 Limit  (cost=606561.13..606561.14 rows=1 width=36) (actual time=3043.861..3043.867 rows=0 loops=1)
   InitPlan 1
     ->  Aggregate  (cost=293109.74..293109.76 rows=1 width=32) (actual time=1388.616..1388.619 rows=1 loops=1)
           ->  Hash Join  (cost=2311.46..290710.24 rows=319934 width=10) (actual time=2.931..1311.493 rows=320800 loops=1)
                 Hash Cond: (partsupp_1.ps_suppkey = supplier_1.s_suppkey)
                 ->  Seq Scan on partsupp partsupp_1  (cost=0.00..255205.59 rows=7998359 width=14) (actual time=0.018..601.142 rows=8000000 loops=1)
                 ->  Hash  (cost=2261.46..2261.46 rows=4000 width=4) (actual time=2.882..2.884 rows=4010 loops=1)
                       Buckets: 4096  Batches: 1  Memory Usage: 173kB
                       ->  Nested Loop  (cost=37.29..2261.46 rows=4000 width=4) (actual time=0.516..2.481 rows=4010 loops=1)
                             ->  Seq Scan on nation nation_1  (cost=0.00..1.31 rows=1 width=4) (actual time=0.006..0.007 rows=1 loops=1)
                                   Filter: (n_name = 'SAUDI ARABIA'::bpchar)
                                   Rows Removed by Filter: 24
                             ->  Bitmap Heap Scan on supplier supplier_1  (cost=37.29..2220.15 rows=4000 width=8) (actual time=0.507..2.153 rows=4010 loops=1)
                                   Recheck Cond: (s_nationkey = nation_1.n_nationkey)
                                   Heap Blocks: exact=1869
                                   ->  Bitmap Index Scan on idx_supplier_nation_key  (cost=0.00..36.29 rows=4000 width=0) (actual time=0.298..0.298 rows=4010 loops=1)
                                         Index Cond: (s_nationkey = nation_1.n_nationkey)
   ->  Sort  (cost=313451.38..313717.99 rows=106645 width=36) (actual time=3043.860..3043.862 rows=0 loops=1)
         Sort Key: (sum((partsupp.ps_supplycost * (partsupp.ps_availqty)::numeric))) DESC
         Sort Method: quicksort  Memory: 25kB
         ->  HashAggregate  (cost=304994.79..312918.15 rows=106645 width=36) (actual time=3043.830..3043.832 rows=0 loops=1)
               Group Key: partsupp.ps_partkey
               Filter: (sum((partsupp.ps_supplycost * (partsupp.ps_availqty)::numeric)) > (InitPlan 1).col1)
               Planned Partitions: 4  Batches: 5  Memory Usage: 65585kB  Disk Usage: 7312kB
               Rows Removed by Filter: 301833
               ->  Hash Join  (cost=2311.46..290710.24 rows=319934 width=14) (actual time=3.743..1317.672 rows=320800 loops=1)
                     Hash Cond: (partsupp.ps_suppkey = supplier.s_suppkey)
                     ->  Seq Scan on partsupp  (cost=0.00..255205.59 rows=7998359 width=18) (actual time=0.042..606.663 rows=8000000 loops=1)
                     ->  Hash  (cost=2261.46..2261.46 rows=4000 width=4) (actual time=3.668..3.669 rows=4010 loops=1)
                           Buckets: 4096  Batches: 1  Memory Usage: 173kB
                           ->  Nested Loop  (cost=37.29..2261.46 rows=4000 width=4) (actual time=0.500..3.241 rows=4010 loops=1)
                                 ->  Seq Scan on nation  (cost=0.00..1.31 rows=1 width=4) (actual time=0.009..0.011 rows=1 loops=1)
                                       Filter: (n_name = 'SAUDI ARABIA'::bpchar)
                                       Rows Removed by Filter: 24
                                 ->  Bitmap Heap Scan on supplier  (cost=37.29..2220.15 rows=4000 width=8) (actual time=0.487..2.902 rows=4010 loops=1)
                                       Recheck Cond: (s_nationkey = nation.n_nationkey)
                                       Heap Blocks: exact=1869
                                       ->  Bitmap Index Scan on idx_supplier_nation_key  (cost=0.00..36.29 rows=4000 width=0) (actual time=0.270..0.270 rows=4010 loops=1)
                                             Index Cond: (s_nationkey = nation.n_nationkey)
 Planning Time: 0.886 ms
 Execution Time: 3045.940 ms
(41 rows)

query 12 run 1
SET
SET
SET
                                                                                                                    QUERY PLAN                                                                                                                     
---------------------------------------------------------------------------------------------------------------------------------------------------------------------------------------------------------------------------------------------------
 Limit  (cost=3030711.23..3031522.74 rows=1 width=27) (actual time=18471.341..18471.344 rows=1 loops=1)
   ->  GroupAggregate  (cost=3030711.23..3036391.80 rows=7 width=27) (actual time=18471.339..18471.341 rows=1 loops=1)
         Group Key: lineitem.l_shipmode
         ->  Sort  (cost=3030711.23..3031421.29 rows=284025 width=27) (actual time=18425.432..18431.547 rows=155572 loops=1)
               Sort Key: lineitem.l_shipmode
               Sort Method: quicksort  Memory: 25513kB
               ->  Hash Join  (cost=2478405.04..3004984.73 rows=284025 width=27) (actual time=14588.830..18371.274 rows=311258 loops=1)
                     Hash Cond: (orders.o_orderkey = lineitem.l_orderkey)
                     ->  Seq Scan on orders  (cost=0.00..411251.68 rows=14998368 width=20) (actual time=0.602..1421.725 rows=15000000 loops=1)
                     ->  Hash  (cost=2474854.73..2474854.73 rows=284025 width=15) (actual time=14587.507..14587.507 rows=311258 loops=1)
                           Buckets: 524288  Batches: 1  Memory Usage: 18687kB
                           ->  Seq Scan on lineitem  (cost=0.00..2474854.73 rows=284025 width=15) (actual time=1.408..14502.274 rows=311258 loops=1)
                                 Filter: ((l_shipmode = ANY ('{SHIP,"REG AIR"}'::bpchar[])) AND (l_commitdate < l_receiptdate) AND (l_shipdate < l_commitdate) AND (l_receiptdate >= '1994-01-01'::date) AND (l_receiptdate < '1995-01-01'::date))
                                 Rows Removed by Filter: 59674794
 Planning Time: 15.620 ms
 Execution Time: 18472.205 ms
(16 rows)

SET
SET
SET
                                                                                                                    QUERY PLAN                                                                                                                     
---------------------------------------------------------------------------------------------------------------------------------------------------------------------------------------------------------------------------------------------------
 Limit  (cost=3030711.23..3031522.74 rows=1 width=27) (actual time=15840.680..15840.683 rows=1 loops=1)
   ->  GroupAggregate  (cost=3030711.23..3036391.80 rows=7 width=27) (actual time=15840.679..15840.681 rows=1 loops=1)
         Group Key: lineitem.l_shipmode
         ->  Sort  (cost=3030711.23..3031421.29 rows=284025 width=27) (actual time=15794.915..15801.059 rows=155572 loops=1)
               Sort Key: lineitem.l_shipmode
               Sort Method: quicksort  Memory: 25513kB
               ->  Hash Join  (cost=2478405.04..3004984.73 rows=284025 width=27) (actual time=12514.445..15742.655 rows=311258 loops=1)
                     Hash Cond: (orders.o_orderkey = lineitem.l_orderkey)
                     ->  Seq Scan on orders  (cost=0.00..411251.68 rows=14998368 width=20) (actual time=0.022..998.572 rows=15000000 loops=1)
                     ->  Hash  (cost=2474854.73..2474854.73 rows=284025 width=15) (actual time=12513.739..12513.740 rows=311258 loops=1)
                           Buckets: 524288  Batches: 1  Memory Usage: 18687kB
                           ->  Seq Scan on lineitem  (cost=0.00..2474854.73 rows=284025 width=15) (actual time=0.127..12441.706 rows=311258 loops=1)
                                 Filter: ((l_shipmode = ANY ('{SHIP,"REG AIR"}'::bpchar[])) AND (l_commitdate < l_receiptdate) AND (l_shipdate < l_commitdate) AND (l_receiptdate >= '1994-01-01'::date) AND (l_receiptdate < '1995-01-01'::date))
                                 Rows Removed by Filter: 59674794
 Planning Time: 0.820 ms
 Execution Time: 15840.758 ms
(16 rows)

query 13 run 1
SET
SET
SET
                                                                                    QUERY PLAN                                                                                     
-----------------------------------------------------------------------------------------------------------------------------------------------------------------------------------
 Limit  (cost=1361509.70..1361509.70 rows=1 width=16) (actual time=17152.046..17152.049 rows=1 loops=1)
   ->  Sort  (cost=1361509.70..1361510.20 rows=200 width=16) (actual time=17152.045..17152.047 rows=1 loops=1)
         Sort Key: (count(*)) DESC, (count(orders.o_orderkey)) DESC
         Sort Method: top-N heapsort  Memory: 25kB
         ->  HashAggregate  (cost=1361506.70..1361508.70 rows=200 width=16) (actual time=17152.017..17152.024 rows=46 loops=1)
               Group Key: count(orders.o_orderkey)
               Batches: 1  Memory Usage: 40kB
               ->  HashAggregate  (cost=1208015.59..1339006.73 rows=1499998 width=12) (actual time=15042.792..16982.498 rows=1500000 loops=1)
                     Group Key: customer.c_custkey
                     Planned Partitions: 4  Batches: 5  Memory Usage: 65585kB  Disk Usage: 212480kB
                     ->  Hash Right Join  (cost=53284.37..662857.11 rows=14846869 width=8) (actual time=371.639..10952.156 rows=15337604 loops=1)
                           Hash Cond: (orders.o_custkey = customer.c_custkey)
                           ->  Seq Scan on orders  (cost=0.00..448747.60 rows=14846869 width=8) (actual time=0.704..5030.480 rows=14837583 loops=1)
                                 Filter: ((o_comment)::text !~~ '%special%requests%'::text)
                                 Rows Removed by Filter: 162417
                           ->  Hash  (cost=28674.40..28674.40 rows=1499998 width=4) (actual time=368.297..368.297 rows=1500000 loops=1)
                                 Buckets: 2097152  Batches: 2  Memory Usage: 42747kB
                                 ->  Index Only Scan using customer_pkey on customer  (cost=0.43..28674.40 rows=1499998 width=4) (actual time=0.022..164.623 rows=1500000 loops=1)
                                       Heap Fetches: 0
 Planning Time: 16.772 ms
 Execution Time: 17185.879 ms
(21 rows)

SET
SET
SET
                                                                                    QUERY PLAN                                                                                     
-----------------------------------------------------------------------------------------------------------------------------------------------------------------------------------
 Limit  (cost=1361509.70..1361509.70 rows=1 width=16) (actual time=16652.013..16652.017 rows=1 loops=1)
   ->  Sort  (cost=1361509.70..1361510.20 rows=200 width=16) (actual time=16652.012..16652.015 rows=1 loops=1)
         Sort Key: (count(*)) DESC, (count(orders.o_orderkey)) DESC
         Sort Method: top-N heapsort  Memory: 25kB
         ->  HashAggregate  (cost=1361506.70..1361508.70 rows=200 width=16) (actual time=16651.987..16651.995 rows=46 loops=1)
               Group Key: count(orders.o_orderkey)
               Batches: 1  Memory Usage: 40kB
               ->  HashAggregate  (cost=1208015.59..1339006.73 rows=1499998 width=12) (actual time=14530.076..16477.136 rows=1500000 loops=1)
                     Group Key: customer.c_custkey
                     Planned Partitions: 4  Batches: 5  Memory Usage: 65585kB  Disk Usage: 212480kB
                     ->  Hash Right Join  (cost=53284.37..662857.11 rows=14846869 width=8) (actual time=335.852..10453.886 rows=15337604 loops=1)
                           Hash Cond: (orders.o_custkey = customer.c_custkey)
                           ->  Seq Scan on orders  (cost=0.00..448747.60 rows=14846869 width=8) (actual time=0.037..4570.331 rows=14837583 loops=1)
                                 Filter: ((o_comment)::text !~~ '%special%requests%'::text)
                                 Rows Removed by Filter: 162417
                           ->  Hash  (cost=28674.40..28674.40 rows=1499998 width=4) (actual time=333.272..333.273 rows=1500000 loops=1)
                                 Buckets: 2097152  Batches: 2  Memory Usage: 42747kB
                                 ->  Index Only Scan using customer_pkey on customer  (cost=0.43..28674.40 rows=1499998 width=4) (actual time=0.022..133.291 rows=1500000 loops=1)
                                       Heap Fetches: 0
 Planning Time: 0.697 ms
 Execution Time: 16685.718 ms
(21 rows)

query 14 run 1
SET
SET
SET
                                                                              QUERY PLAN                                                                               
-----------------------------------------------------------------------------------------------------------------------------------------------------------------------
 Limit  (cost=1326016.69..1326016.71 rows=1 width=32) (actual time=69458.292..69458.294 rows=1 loops=1)
   ->  Aggregate  (cost=1326016.69..1326016.71 rows=1 width=32) (actual time=69458.290..69458.292 rows=1 loops=1)
         ->  Hash Join  (cost=99655.26..1312220.30 rows=788365 width=33) (actual time=777.580..68892.049 rows=772942 loops=1)
               Hash Cond: (lineitem.l_partkey = part.p_partkey)
               ->  Index Scan using idx_lineitem_shipdate on lineitem  (cost=0.56..1189123.14 rows=788365 width=16) (actual time=1.118..66993.442 rows=772942 loops=1)
                     Index Cond: ((l_shipdate >= '1994-05-01'::date) AND (l_shipdate < '1994-06-01'::date))
               ->  Hash  (cost=60981.31..60981.31 rows=2000031 width=25) (actual time=774.458..774.459 rows=2000000 loops=1)
                     Buckets: 1048576  Batches: 4  Memory Usage: 37079kB
                     ->  Seq Scan on part  (cost=0.00..60981.31 rows=2000031 width=25) (actual time=0.560..446.723 rows=2000000 loops=1)
 Planning Time: 17.729 ms
 Execution Time: 69458.735 ms
(11 rows)

SET
SET
SET
                                                                              QUERY PLAN                                                                              
----------------------------------------------------------------------------------------------------------------------------------------------------------------------
 Limit  (cost=1326016.69..1326016.71 rows=1 width=32) (actual time=3443.456..3443.459 rows=1 loops=1)
   ->  Aggregate  (cost=1326016.69..1326016.71 rows=1 width=32) (actual time=3443.455..3443.457 rows=1 loops=1)
         ->  Hash Join  (cost=99655.26..1312220.30 rows=788365 width=33) (actual time=648.113..3136.435 rows=772942 loops=1)
               Hash Cond: (lineitem.l_partkey = part.p_partkey)
               ->  Index Scan using idx_lineitem_shipdate on lineitem  (cost=0.56..1189123.14 rows=788365 width=16) (actual time=0.040..1908.584 rows=772942 loops=1)
                     Index Cond: ((l_shipdate >= '1994-05-01'::date) AND (l_shipdate < '1994-06-01'::date))
               ->  Hash  (cost=60981.31..60981.31 rows=2000031 width=25) (actual time=646.615..646.615 rows=2000000 loops=1)
                     Buckets: 1048576  Batches: 4  Memory Usage: 37079kB
                     ->  Seq Scan on part  (cost=0.00..60981.31 rows=2000031 width=25) (actual time=0.035..325.335 rows=2000000 loops=1)
 Planning Time: 1.094 ms
 Execution Time: 3443.570 ms
(11 rows)

query 15 run 1
SET
SET
SET
CREATE VIEW
                                                                                   QUERY PLAN                                                                                   
--------------------------------------------------------------------------------------------------------------------------------------------------------------------------------
 Limit  (cost=3773756.16..3773764.84 rows=1 width=103) (actual time=18771.239..18771.243 rows=1 loops=1)
   InitPlan 1
     ->  Aggregate  (cost=1887369.59..1887369.60 rows=1 width=32) (actual time=6148.564..6148.565 rows=1 loops=1)
           ->  HashAggregate  (cost=1884841.79..1886105.69 rows=101112 width=36) (actual time=6107.433..6142.735 rows=100000 loops=1)
                 Group Key: lineitem_1.l_suppkey
                 Batches: 1  Memory Usage: 43025kB
                 ->  Bitmap Heap Scan on lineitem lineitem_1  (cost=37757.22..1861293.83 rows=2354796 width=16) (actual time=354.335..4650.681 rows=2265714 loops=1)
                       Recheck Cond: ((l_shipdate >= '1996-01-01'::date) AND (l_shipdate < '1996-04-01'::date))
                       Rows Removed by Index Recheck: 13223651
                       Heap Blocks: exact=401153 lossy=267105
                       ->  Bitmap Index Scan on idx_lineitem_shipdate  (cost=0.00..37168.53 rows=2354796 width=0) (actual time=267.880..267.880 rows=2265714 loops=1)
                             Index Cond: ((l_shipdate >= '1996-01-01'::date) AND (l_shipdate < '1996-04-01'::date))
   ->  Merge Join  (cost=1886386.55..1890779.64 rows=506 width=103) (actual time=18771.238..18771.239 rows=1 loops=1)
         Merge Cond: (supplier.s_suppkey = revenue0.supplier_no)
         ->  Index Scan using supplier_pkey on supplier  (cost=0.29..4135.79 rows=100000 width=71) (actual time=0.564..20.204 rows=69998 loops=1)
         ->  Sort  (cost=1886386.26..1886387.53 rows=506 width=36) (actual time=18746.895..18746.897 rows=1 loops=1)
               Sort Key: revenue0.supplier_no
               Sort Method: quicksort  Memory: 25kB
               ->  Subquery Scan on revenue0  (cost=1884841.79..1886363.53 rows=506 width=36) (actual time=18721.932..18746.886 rows=1 loops=1)
                     ->  HashAggregate  (cost=1884841.79..1886358.47 rows=506 width=36) (actual time=18721.931..18746.884 rows=1 loops=1)
                           Group Key: lineitem.l_suppkey
                           Filter: (sum((lineitem.l_extendedprice * ('1'::numeric - lineitem.l_discount))) = (InitPlan 1).col1)
                           Batches: 1  Memory Usage: 43025kB
                           Rows Removed by Filter: 99999
                           ->  Bitmap Heap Scan on lineitem  (cost=37757.22..1861293.83 rows=2354796 width=16) (actual time=413.442..10792.978 rows=2265714 loops=1)
                                 Recheck Cond: ((l_shipdate >= '1996-01-01'::date) AND (l_shipdate < '1996-04-01'::date))
                                 Rows Removed by Index Recheck: 13223651
                                 Heap Blocks: exact=401153 lossy=267105
                                 ->  Bitmap Index Scan on idx_lineitem_shipdate  (cost=0.00..37168.53 rows=2354796 width=0) (actual time=326.063..326.063 rows=2265714 loops=1)
                                       Index Cond: ((l_shipdate >= '1996-01-01'::date) AND (l_shipdate < '1996-04-01'::date))
 Planning Time: 13.499 ms
 Execution Time: 18773.489 ms
(32 rows)

DROP VIEW
SET
SET
SET
CREATE VIEW
                                                                                   QUERY PLAN                                                                                   
--------------------------------------------------------------------------------------------------------------------------------------------------------------------------------
 Limit  (cost=3773756.16..3773764.84 rows=1 width=103) (actual time=12870.855..12870.859 rows=1 loops=1)
   InitPlan 1
     ->  Aggregate  (cost=1887369.59..1887369.60 rows=1 width=32) (actual time=6182.592..6182.593 rows=1 loops=1)
           ->  HashAggregate  (cost=1884841.79..1886105.69 rows=101112 width=36) (actual time=6141.379..6176.781 rows=100000 loops=1)
                 Group Key: lineitem_1.l_suppkey
                 Batches: 1  Memory Usage: 43025kB
                 ->  Bitmap Heap Scan on lineitem lineitem_1  (cost=37757.22..1861293.83 rows=2354796 width=16) (actual time=356.203..4671.845 rows=2265714 loops=1)
                       Recheck Cond: ((l_shipdate >= '1996-01-01'::date) AND (l_shipdate < '1996-04-01'::date))
                       Rows Removed by Index Recheck: 13223651
                       Heap Blocks: exact=401153 lossy=267105
                       ->  Bitmap Index Scan on idx_lineitem_shipdate  (cost=0.00..37168.53 rows=2354796 width=0) (actual time=269.403..269.403 rows=2265714 loops=1)
                             Index Cond: ((l_shipdate >= '1996-01-01'::date) AND (l_shipdate < '1996-04-01'::date))
   ->  Merge Join  (cost=1886386.55..1890779.64 rows=506 width=103) (actual time=12870.854..12870.855 rows=1 loops=1)
         Merge Cond: (supplier.s_suppkey = revenue0.supplier_no)
         ->  Index Scan using supplier_pkey on supplier  (cost=0.29..4135.79 rows=100000 width=71) (actual time=0.048..12.315 rows=69998 loops=1)
         ->  Sort  (cost=1886386.26..1886387.53 rows=506 width=36) (actual time=12854.556..12854.558 rows=1 loops=1)
               Sort Key: revenue0.supplier_no
               Sort Method: quicksort  Memory: 25kB
               ->  Subquery Scan on revenue0  (cost=1884841.79..1886363.53 rows=506 width=36) (actual time=12829.547..12854.549 rows=1 loops=1)
                     ->  HashAggregate  (cost=1884841.79..1886358.47 rows=506 width=36) (actual time=12829.546..12854.546 rows=1 loops=1)
                           Group Key: lineitem.l_suppkey
                           Filter: (sum((lineitem.l_extendedprice * ('1'::numeric - lineitem.l_discount))) = (InitPlan 1).col1)
                           Batches: 1  Memory Usage: 43025kB
                           Rows Removed by Filter: 99999
                           ->  Bitmap Heap Scan on lineitem  (cost=37757.22..1861293.83 rows=2354796 width=16) (actual time=378.500..5151.994 rows=2265714 loops=1)
                                 Recheck Cond: ((l_shipdate >= '1996-01-01'::date) AND (l_shipdate < '1996-04-01'::date))
                                 Rows Removed by Index Recheck: 13223651
                                 Heap Blocks: exact=401153 lossy=267105
                                 ->  Bitmap Index Scan on idx_lineitem_shipdate  (cost=0.00..37168.53 rows=2354796 width=0) (actual time=291.806..291.806 rows=2265714 loops=1)
                                       Index Cond: ((l_shipdate >= '1996-01-01'::date) AND (l_shipdate < '1996-04-01'::date))
 Planning Time: 0.988 ms
 Execution Time: 12872.647 ms
(32 rows)

DROP VIEW
query 16 run 1
SET
SET
SET
                                                                                         QUERY PLAN                                                                                         
--------------------------------------------------------------------------------------------------------------------------------------------------------------------------------------------
 Limit  (cost=358269.31..358269.32 rows=1 width=44) (actual time=7595.161..7595.164 rows=1 loops=1)
   ->  Sort  (cost=358269.31..358652.95 rows=153453 width=44) (actual time=7595.160..7595.162 rows=1 loops=1)
         Sort Key: (count(DISTINCT partsupp.ps_suppkey)) DESC, part.p_brand, part.p_type, part.p_size
         Sort Method: top-N heapsort  Memory: 25kB
         ->  GroupAggregate  (cost=348578.84..357502.05 rows=153453 width=44) (actual time=6846.773..7590.268 rows=27838 loops=1)
               Group Key: part.p_brand, part.p_type, part.p_size
               ->  Sort  (cost=348578.84..350056.58 rows=591094 width=40) (actual time=6846.727..7381.763 rows=1186319 loops=1)
                     Sort Key: part.p_brand, part.p_type, part.p_size, partsupp.ps_suppkey
                     Sort Method: external merge  Disk: 60592kB
                     ->  Hash Join  (cost=98148.38..281523.03 rows=591094 width=40) (actual time=762.991..3099.943 rows=1186319 loops=1)
                           Hash Cond: (partsupp.ps_partkey = part.p_partkey)
                           ->  Index Only Scan using partsupp_pkey on partsupp  (cost=3471.46..176348.24 rows=3999180 width=8) (actual time=33.587..1547.563 rows=7995520 loops=1)
                                 Filter: (NOT (ANY (ps_suppkey = (hashed SubPlan 1).col1)))
                                 Rows Removed by Filter: 4480
                                 Heap Fetches: 0
                                 SubPlan 1
                                   ->  Seq Scan on supplier  (cost=0.00..3471.00 rows=10 width=4) (actual time=1.302..33.267 rows=56 loops=1)
                                         Filter: ((s_comment)::text ~~ '%Customer%Complaints%'::text)
                                         Rows Removed by Filter: 99944
                           ->  Hash  (cost=90981.77..90981.77 rows=295612 width=40) (actual time=728.708..728.709 rows=296733 loops=1)
                                 Buckets: 524288  Batches: 1  Memory Usage: 25593kB
                                 ->  Seq Scan on part  (cost=0.00..90981.77 rows=295612 width=40) (actual time=0.622..661.460 rows=296733 loops=1)
                                       Filter: ((p_brand <> 'Brand#12'::bpchar) AND ((p_type)::text !~~ 'SMALL BRUSHED%'::text) AND (p_size = ANY ('{12,32,36,26,40,34,49,9}'::integer[])))
                                       Rows Removed by Filter: 1703267
 Planning Time: 18.538 ms
 Execution Time: 7603.544 ms
(26 rows)

SET
SET
SET
                                                                                         QUERY PLAN                                                                                         
--------------------------------------------------------------------------------------------------------------------------------------------------------------------------------------------
 Limit  (cost=358269.31..358269.32 rows=1 width=44) (actual time=7251.867..7251.870 rows=1 loops=1)
   ->  Sort  (cost=358269.31..358652.95 rows=153453 width=44) (actual time=7251.866..7251.868 rows=1 loops=1)
         Sort Key: (count(DISTINCT partsupp.ps_suppkey)) DESC, part.p_brand, part.p_type, part.p_size
         Sort Method: top-N heapsort  Memory: 25kB
         ->  GroupAggregate  (cost=348578.84..357502.05 rows=153453 width=44) (actual time=6504.569..7247.000 rows=27838 loops=1)
               Group Key: part.p_brand, part.p_type, part.p_size
               ->  Sort  (cost=348578.84..350056.58 rows=591094 width=40) (actual time=6504.507..7039.738 rows=1186319 loops=1)
                     Sort Key: part.p_brand, part.p_type, part.p_size, partsupp.ps_suppkey
                     Sort Method: external merge  Disk: 60592kB
                     ->  Hash Join  (cost=98148.38..281523.03 rows=591094 width=40) (actual time=551.052..2760.350 rows=1186319 loops=1)
                           Hash Cond: (partsupp.ps_partkey = part.p_partkey)
                           ->  Index Only Scan using partsupp_pkey on partsupp  (cost=3471.46..176348.24 rows=3999180 width=8) (actual time=20.016..1422.244 rows=7995520 loops=1)
                                 Filter: (NOT (ANY (ps_suppkey = (hashed SubPlan 1).col1)))
                                 Rows Removed by Filter: 4480
                                 Heap Fetches: 0
                                 SubPlan 1
                                   ->  Seq Scan on supplier  (cost=0.00..3471.00 rows=10 width=4) (actual time=0.094..19.973 rows=56 loops=1)
                                         Filter: ((s_comment)::text ~~ '%Customer%Complaints%'::text)
                                         Rows Removed by Filter: 99944
                           ->  Hash  (cost=90981.77..90981.77 rows=295612 width=40) (actual time=530.328..530.328 rows=296733 loops=1)
                                 Buckets: 524288  Batches: 1  Memory Usage: 25593kB
                                 ->  Seq Scan on part  (cost=0.00..90981.77 rows=295612 width=40) (actual time=0.021..465.656 rows=296733 loops=1)
                                       Filter: ((p_brand <> 'Brand#12'::bpchar) AND ((p_type)::text !~~ 'SMALL BRUSHED%'::text) AND (p_size = ANY ('{12,32,36,26,40,34,49,9}'::integer[])))
                                       Rows Removed by Filter: 1703267
 Planning Time: 0.839 ms
 Execution Time: 7259.959 ms
(26 rows)

query 17 run 1
SET
SET
SET
                                                                            QUERY PLAN                                                                            
------------------------------------------------------------------------------------------------------------------------------------------------------------------
 Limit  (cost=4892268.93..4892268.94 rows=1 width=32) (actual time=52557.533..52557.536 rows=1 loops=1)
   ->  Aggregate  (cost=4892268.93..4892268.94 rows=1 width=32) (actual time=52557.532..52557.534 rows=1 loops=1)
         ->  Nested Loop  (cost=4174420.66..4892218.76 rows=20066 width=8) (actual time=30985.128..52555.794 rows=5319 loops=1)
               Join Filter: (lineitem.l_partkey = part.p_partkey)
               ->  Hash Join  (cost=4174420.22..4794777.84 rows=2007 width=40) (actual time=30984.559..51729.174 rows=1996 loops=1)
                     Hash Cond: (lineitem_1.l_partkey = part.p_partkey)
                     ->  HashAggregate  (cost=4103413.15..4718625.73 rows=1960013 width=36) (actual time=30525.509..51118.260 rows=2000000 loops=1)
                           Group Key: lineitem_1.l_partkey
                           Planned Partitions: 16  Batches: 17  Memory Usage: 65681kB  Disk Usage: 1996856kB
                           ->  Seq Scan on lineitem lineitem_1  (cost=0.00..1725014.88 rows=59987188 width=9) (actual time=0.526..6155.317 rows=59986052 loops=1)
                     ->  Hash  (cost=70981.46..70981.46 rows=2048 width=4) (actual time=457.186..457.187 rows=1996 loops=1)
                           Buckets: 2048  Batches: 1  Memory Usage: 87kB
                           ->  Seq Scan on part  (cost=0.00..70981.46 rows=2048 width=4) (actual time=1.285..456.170 rows=1996 loops=1)
                                 Filter: ((p_brand = 'Brand#22'::bpchar) AND (p_container = 'LG BOX'::bpchar))
                                 Rows Removed by Filter: 1998004
               ->  Index Scan using idx_lineitem_part_supp on lineitem  (cost=0.44..48.43 rows=10 width=17) (actual time=0.276..0.413 rows=3 loops=1996)
                     Index Cond: (l_partkey = lineitem_1.l_partkey)
                     Filter: (l_quantity < ((0.2 * avg(lineitem_1.l_quantity))))
                     Rows Removed by Filter: 27
 Planning Time: 15.399 ms
 Execution Time: 52805.969 ms
(21 rows)

SET
SET
SET
                                                                            QUERY PLAN                                                                            
------------------------------------------------------------------------------------------------------------------------------------------------------------------
 Limit  (cost=4892268.93..4892268.94 rows=1 width=32) (actual time=49042.472..49042.475 rows=1 loops=1)
   ->  Aggregate  (cost=4892268.93..4892268.94 rows=1 width=32) (actual time=49042.470..49042.473 rows=1 loops=1)
         ->  Nested Loop  (cost=4174420.66..4892218.76 rows=20066 width=8) (actual time=28391.801..49041.762 rows=5319 loops=1)
               Join Filter: (lineitem.l_partkey = part.p_partkey)
               ->  Hash Join  (cost=4174420.22..4794777.84 rows=2007 width=40) (actual time=28391.777..48997.277 rows=1996 loops=1)
                     Hash Cond: (lineitem_1.l_partkey = part.p_partkey)
                     ->  HashAggregate  (cost=4103413.15..4718625.73 rows=1960013 width=36) (actual time=28140.888..48602.610 rows=2000000 loops=1)
                           Group Key: lineitem_1.l_partkey
                           Planned Partitions: 16  Batches: 17  Memory Usage: 65681kB  Disk Usage: 1996856kB
                           ->  Seq Scan on lineitem lineitem_1  (cost=0.00..1725014.88 rows=59987188 width=9) (actual time=0.039..4423.141 rows=59986052 loops=1)
                     ->  Hash  (cost=70981.46..70981.46 rows=2048 width=4) (actual time=249.011..249.011 rows=1996 loops=1)
                           Buckets: 2048  Batches: 1  Memory Usage: 87kB
                           ->  Seq Scan on part  (cost=0.00..70981.46 rows=2048 width=4) (actual time=0.111..248.406 rows=1996 loops=1)
                                 Filter: ((p_brand = 'Brand#22'::bpchar) AND (p_container = 'LG BOX'::bpchar))
                                 Rows Removed by Filter: 1998004
               ->  Index Scan using idx_lineitem_part_supp on lineitem  (cost=0.44..48.43 rows=10 width=17) (actual time=0.010..0.021 rows=3 loops=1996)
                     Index Cond: (l_partkey = lineitem_1.l_partkey)
                     Filter: (l_quantity < ((0.2 * avg(lineitem_1.l_quantity))))
                     Rows Removed by Filter: 27
 Planning Time: 0.888 ms
 Execution Time: 49275.166 ms
(21 rows)

query 18 run 1
SET
SET
SET
                                                                                                          QUERY PLAN                                                                                                           
-------------------------------------------------------------------------------------------------------------------------------------------------------------------------------------------------------------------------------
 Limit  (cost=8672821.24..8672821.49 rows=100 width=71) (actual time=43624.558..43624.572 rows=99 loops=1)
   ->  Sort  (cost=8672821.24..8722805.33 rows=19993634 width=71) (actual time=43624.556..43624.564 rows=99 loops=1)
         Sort Key: orders.o_totalprice DESC, orders.o_orderdate
         Sort Method: quicksort  Memory: 31kB
         ->  GroupAggregate  (cost=4154361.98..7908678.93 rows=19993634 width=71) (actual time=31601.491..43624.446 rows=99 loops=1)
               Group Key: orders.o_orderkey, customer.c_custkey
               ->  Incremental Sort  (cost=4154361.98..7508806.25 rows=19993634 width=44) (actual time=31601.480..43624.145 rows=693 loops=1)
                     Sort Key: orders.o_orderkey, customer.c_custkey
                     Presorted Key: orders.o_orderkey
                     Full-sort Groups: 20  Sort Method: quicksort  Average Memory: 27kB  Peak Memory: 27kB
                     ->  Merge Join  (cost=4154361.80..6783927.03 rows=19993634 width=44) (actual time=31064.898..43623.734 rows=693 loops=1)
                           Merge Cond: (lineitem.l_orderkey = orders.o_orderkey)
                           ->  Index Scan using idx_lineitem_orderkey on lineitem  (cost=0.56..2167487.88 rows=59987188 width=9) (actual time=0.497..9416.633 rows=59916431 loops=1)
                           ->  Materialize  (cost=4154347.37..4179342.03 rows=4998932 width=43) (actual time=30786.823..30787.013 rows=687 loops=1)
                                 ->  Sort  (cost=4154347.37..4166844.70 rows=4998932 width=43) (actual time=30786.819..30786.884 rows=99 loops=1)
                                       Sort Key: orders.o_orderkey
                                       Sort Method: quicksort  Memory: 31kB
                                       ->  Hash Join  (cost=78487.96..3499280.49 rows=4998932 width=43) (actual time=2414.035..30786.677 rows=99 loops=1)
                                             Hash Cond: (orders.o_custkey = customer.c_custkey)
                                             ->  Merge Join  (cost=1.00..3340299.31 rows=4998932 width=24) (actual time=760.818..30106.322 rows=99 loops=1)
                                                   Merge Cond: (orders.o_orderkey = lineitem_1.l_orderkey)
                                                   ->  Index Scan using orders_pkey on orders  (cost=0.43..547940.96 rows=14998368 width=20) (actual time=0.568..3090.328 rows=14982724 loops=1)
                                                   ->  GroupAggregate  (cost=0.56..2692375.78 rows=4998932 width=4) (actual time=651.633..26143.160 rows=99 loops=1)
                                                         Group Key: lineitem_1.l_orderkey
                                                         Filter: (sum(lineitem_1.l_quantity) > '313'::numeric)
                                                         Rows Removed by Filter: 14999901
                                                         ->  Index Scan using idx_lineitem_orderkey on lineitem lineitem_1  (cost=0.56..2167487.88 rows=59987188 width=9) (actual time=0.017..12842.272 rows=59986052 loops=1)
                                             ->  Hash  (cost=50946.98..50946.98 rows=1499998 width=23) (actual time=601.004..601.005 rows=1500000 loops=1)
                                                   Buckets: 1048576  Batches: 2  Memory Usage: 49242kB
                                                   ->  Seq Scan on customer  (cost=0.00..50946.98 rows=1499998 width=23) (actual time=0.885..342.505 rows=1500000 loops=1)
 Planning Time: 21.098 ms
 Execution Time: 43625.363 ms
(32 rows)

SET
SET
SET
                                                                                                          QUERY PLAN                                                                                                           
-------------------------------------------------------------------------------------------------------------------------------------------------------------------------------------------------------------------------------
 Limit  (cost=8672821.24..8672821.49 rows=100 width=71) (actual time=40524.564..40524.578 rows=99 loops=1)
   ->  Sort  (cost=8672821.24..8722805.33 rows=19993634 width=71) (actual time=40524.563..40524.570 rows=99 loops=1)
         Sort Key: orders.o_totalprice DESC, orders.o_orderdate
         Sort Method: quicksort  Memory: 31kB
         ->  GroupAggregate  (cost=4154361.98..7908678.93 rows=19993634 width=71) (actual time=28480.230..40524.465 rows=99 loops=1)
               Group Key: orders.o_orderkey, customer.c_custkey
               ->  Incremental Sort  (cost=4154361.98..7508806.25 rows=19993634 width=44) (actual time=28480.219..40524.189 rows=693 loops=1)
                     Sort Key: orders.o_orderkey, customer.c_custkey
                     Presorted Key: orders.o_orderkey
                     Full-sort Groups: 20  Sort Method: quicksort  Average Memory: 27kB  Peak Memory: 27kB
                     ->  Merge Join  (cost=4154361.80..6783927.03 rows=19993634 width=44) (actual time=27942.718..40523.779 rows=693 loops=1)
                           Merge Cond: (lineitem.l_orderkey = orders.o_orderkey)
                           ->  Index Scan using idx_lineitem_orderkey on lineitem  (cost=0.56..2167487.88 rows=59987188 width=9) (actual time=0.015..9448.028 rows=59916431 loops=1)
                           ->  Materialize  (cost=4154347.37..4179342.03 rows=4998932 width=43) (actual time=27669.675..27669.865 rows=687 loops=1)
                                 ->  Sort  (cost=4154347.37..4166844.70 rows=4998932 width=43) (actual time=27669.672..27669.738 rows=99 loops=1)
                                       Sort Key: orders.o_orderkey
                                       Sort Method: quicksort  Memory: 31kB
                                       ->  Hash Join  (cost=78487.96..3499280.49 rows=4998932 width=43) (actual time=1998.637..27669.555 rows=99 loops=1)
                                             Hash Cond: (orders.o_custkey = customer.c_custkey)
                                             ->  Merge Join  (cost=1.00..3340299.31 rows=4998932 width=24) (actual time=629.374..27109.834 rows=99 loops=1)
                                                   Merge Cond: (orders.o_orderkey = lineitem_1.l_orderkey)
                                                   ->  Index Scan using orders_pkey on orders  (cost=0.43..547940.96 rows=14998368 width=20) (actual time=0.012..2511.355 rows=14982724 loops=1)
                                                   ->  GroupAggregate  (cost=0.56..2692375.78 rows=4998932 width=4) (actual time=549.422..23749.843 rows=99 loops=1)
                                                         Group Key: lineitem_1.l_orderkey
                                                         Filter: (sum(lineitem_1.l_quantity) > '313'::numeric)
                                                         Rows Removed by Filter: 14999901
                                                         ->  Index Scan using idx_lineitem_orderkey on lineitem lineitem_1  (cost=0.56..2167487.88 rows=59987188 width=9) (actual time=0.006..10641.194 rows=59986052 loops=1)
                                             ->  Hash  (cost=50946.98..50946.98 rows=1499998 width=23) (actual time=480.496..480.496 rows=1500000 loops=1)
                                                   Buckets: 1048576  Batches: 2  Memory Usage: 49242kB
                                                   ->  Seq Scan on customer  (cost=0.00..50946.98 rows=1499998 width=23) (actual time=0.033..227.937 rows=1500000 loops=1)
 Planning Time: 1.580 ms
 Execution Time: 40524.748 ms
(32 rows)

query 19 run 1
SET
SET
SET
                                                                                                                                                                                                                                                                                                                                                                                                                                                                                                            QUERY PLAN                                                                                                                                                                                                                                                                                                                                                                                                                                                                                                            
----------------------------------------------------------------------------------------------------------------------------------------------------------------------------------------------------------------------------------------------------------------------------------------------------------------------------------------------------------------------------------------------------------------------------------------------------------------------------------------------------------------------------------------------------------------------------------------------------------------------------------------------------------------------------------------------------------------------------------------------------------------------------------------------------------------------------------------------------------------------------------------------------------------------------------------------------------------------------------------------------------------------------------
 Limit  (cost=369048.68..369048.69 rows=1 width=32) (actual time=23035.066..23035.067 rows=1 loops=1)
   ->  Aggregate  (cost=369048.68..369048.69 rows=1 width=32) (actual time=23035.064..23035.065 rows=1 loops=1)
         ->  Nested Loop  (cost=0.44..369040.04 rows=1152 width=12) (actual time=60.212..23031.892 rows=1063 loops=1)
               ->  Seq Scan on part  (cost=0.00..125982.32 rows=4822 width=30) (actual time=2.029..788.359 rows=4781 loops=1)
                     Filter: ((p_size >= 1) AND (((p_brand = 'Brand#24'::bpchar) AND (p_container = ANY ('{"SM CASE","SM BOX","SM PACK","SM PKG"}'::bpchar[])) AND (p_size <= 5)) OR ((p_brand = 'Brand#43'::bpchar) AND (p_container = ANY ('{"MED BAG","MED BOX","MED PKG","MED PACK"}'::bpchar[])) AND (p_size <= 10)) OR ((p_brand = 'Brand#44'::bpchar) AND (p_container = ANY ('{"LG CASE","LG BOX","LG PACK","LG PKG"}'::bpchar[])) AND (p_size <= 15))))
                     Rows Removed by Filter: 1995219
               ->  Index Scan using idx_lineitem_part_supp on lineitem  (cost=0.44..50.40 rows=1 width=21) (actual time=4.196..4.651 rows=0 loops=4781)
                     Index Cond: (l_partkey = part.p_partkey)
                     Filter: ((l_shipmode = ANY ('{AIR,"AIR REG"}'::bpchar[])) AND (l_shipinstruct = 'DELIVER IN PERSON'::bpchar) AND (((l_quantity >= '10'::numeric) AND (l_quantity <= '20'::numeric)) OR ((l_quantity >= '10'::numeric) AND (l_quantity <= '20'::numeric)) OR ((l_quantity >= '20'::numeric) AND (l_quantity <= '30'::numeric))) AND (((part.p_brand = 'Brand#24'::bpchar) AND (part.p_container = ANY ('{"SM CASE","SM BOX","SM PACK","SM PKG"}'::bpchar[])) AND (l_quantity >= '10'::numeric) AND (l_quantity <= '20'::numeric) AND (part.p_size <= 5)) OR ((part.p_brand = 'Brand#43'::bpchar) AND (part.p_container = ANY ('{"MED BAG","MED BOX","MED PKG","MED PACK"}'::bpchar[])) AND (l_quantity >= '10'::numeric) AND (l_quantity <= '20'::numeric) AND (part.p_size <= 10)) OR ((part.p_brand = 'Brand#44'::bpchar) AND (part.p_container = ANY ('{"LG CASE","LG BOX","LG PACK","LG PKG"}'::bpchar[])) AND (l_quantity >= '20'::numeric) AND (l_quantity <= '30'::numeric) AND (part.p_size <= 15))))
                     Rows Removed by Filter: 30
 Planning Time: 16.608 ms
 Execution Time: 23035.378 ms
(12 rows)

SET
SET
SET
                                                                                                                                                                                                                                                                                                                                                                                                                                                                                                            QUERY PLAN                                                                                                                                                                                                                                                                                                                                                                                                                                                                                                            
----------------------------------------------------------------------------------------------------------------------------------------------------------------------------------------------------------------------------------------------------------------------------------------------------------------------------------------------------------------------------------------------------------------------------------------------------------------------------------------------------------------------------------------------------------------------------------------------------------------------------------------------------------------------------------------------------------------------------------------------------------------------------------------------------------------------------------------------------------------------------------------------------------------------------------------------------------------------------------------------------------------------------------
 Limit  (cost=369048.68..369048.69 rows=1 width=32) (actual time=627.397..627.398 rows=1 loops=1)
   ->  Aggregate  (cost=369048.68..369048.69 rows=1 width=32) (actual time=627.396..627.396 rows=1 loops=1)
         ->  Nested Loop  (cost=0.44..369040.04 rows=1152 width=12) (actual time=1.538..626.713 rows=1063 loops=1)
               ->  Seq Scan on part  (cost=0.00..125982.32 rows=4822 width=30) (actual time=0.220..463.212 rows=4781 loops=1)
                     Filter: ((p_size >= 1) AND (((p_brand = 'Brand#24'::bpchar) AND (p_container = ANY ('{"SM CASE","SM BOX","SM PACK","SM PKG"}'::bpchar[])) AND (p_size <= 5)) OR ((p_brand = 'Brand#43'::bpchar) AND (p_container = ANY ('{"MED BAG","MED BOX","MED PKG","MED PACK"}'::bpchar[])) AND (p_size <= 10)) OR ((p_brand = 'Brand#44'::bpchar) AND (p_container = ANY ('{"LG CASE","LG BOX","LG PACK","LG PKG"}'::bpchar[])) AND (p_size <= 15))))
                     Rows Removed by Filter: 1995219
               ->  Index Scan using idx_lineitem_part_supp on lineitem  (cost=0.44..50.40 rows=1 width=21) (actual time=0.031..0.034 rows=0 loops=4781)
                     Index Cond: (l_partkey = part.p_partkey)
                     Filter: ((l_shipmode = ANY ('{AIR,"AIR REG"}'::bpchar[])) AND (l_shipinstruct = 'DELIVER IN PERSON'::bpchar) AND (((l_quantity >= '10'::numeric) AND (l_quantity <= '20'::numeric)) OR ((l_quantity >= '10'::numeric) AND (l_quantity <= '20'::numeric)) OR ((l_quantity >= '20'::numeric) AND (l_quantity <= '30'::numeric))) AND (((part.p_brand = 'Brand#24'::bpchar) AND (part.p_container = ANY ('{"SM CASE","SM BOX","SM PACK","SM PKG"}'::bpchar[])) AND (l_quantity >= '10'::numeric) AND (l_quantity <= '20'::numeric) AND (part.p_size <= 5)) OR ((part.p_brand = 'Brand#43'::bpchar) AND (part.p_container = ANY ('{"MED BAG","MED BOX","MED PKG","MED PACK"}'::bpchar[])) AND (l_quantity >= '10'::numeric) AND (l_quantity <= '20'::numeric) AND (part.p_size <= 10)) OR ((part.p_brand = 'Brand#44'::bpchar) AND (part.p_container = ANY ('{"LG CASE","LG BOX","LG PACK","LG PKG"}'::bpchar[])) AND (l_quantity >= '20'::numeric) AND (l_quantity <= '30'::numeric) AND (part.p_size <= 15))))
                     Rows Removed by Filter: 30
 Planning Time: 1.059 ms
 Execution Time: 627.441 ms
(12 rows)

query 20 run 1
SET
SET
SET
                                                                                       QUERY PLAN                                                                                        
-----------------------------------------------------------------------------------------------------------------------------------------------------------------------------------------
 Limit  (cost=2732386.15..2732386.15 rows=1 width=51) (actual time=52042.962..52042.966 rows=1 loops=1)
   ->  Sort  (cost=2732386.15..2732386.15 rows=1 width=51) (actual time=52042.960..52042.964 rows=1 loops=1)
         Sort Key: supplier.s_name
         Sort Method: top-N heapsort  Memory: 25kB
         ->  Nested Loop Semi Join  (cost=2527924.09..2732386.14 rows=1 width=51) (actual time=31270.700..52041.229 rows=1821 loops=1)
               Join Filter: (supplier.s_suppkey = lineitem.l_suppkey)
               Rows Removed by Join Filter: 183418712
               ->  Nested Loop  (cost=0.00..4472.31 rows=4000 width=55) (actual time=0.880..21.117 rows=4095 loops=1)
                     Join Filter: (supplier.s_nationkey = nation.n_nationkey)
                     Rows Removed by Join Filter: 95905
                     ->  Seq Scan on nation  (cost=0.00..1.31 rows=1 width=4) (actual time=0.336..0.339 rows=1 loops=1)
                           Filter: (n_name = 'IRAQ'::bpchar)
                           Rows Removed by Filter: 24
                     ->  Seq Scan on supplier  (cost=0.00..3221.00 rows=100000 width=59) (actual time=0.537..13.361 rows=100000 loops=1)
               ->  Materialize  (cost=2527924.09..2727733.83 rows=3 width=8) (actual time=7.269..10.415 rows=44791 loops=4095)
                     ->  Hash Join  (cost=2527924.09..2727733.82 rows=3 width=8) (actual time=29765.429..36524.499 rows=59002 loops=1)
                           Hash Cond: ((lineitem.l_partkey = partsupp.ps_partkey) AND (lineitem.l_suppkey = partsupp.ps_suppkey))
                           Join Filter: ((partsupp.ps_availqty)::numeric > ((0.5 * sum(lineitem.l_quantity))))
                           Rows Removed by Join Filter: 123
                           ->  HashAggregate  (cost=2384960.50..2548232.28 rows=4871708 width=40) (actual time=25057.865..31004.202 rows=5448842 loops=1)
                                 Group Key: lineitem.l_partkey, lineitem.l_suppkey
                                 Planned Partitions: 32  Batches: 161  Memory Usage: 65809kB  Disk Usage: 358152kB
                                 ->  Bitmap Heap Scan on lineitem  (cost=148088.46..1995673.86 rows=9236087 width=13) (actual time=1218.936..20203.439 rows=9123688 loops=1)
                                       Recheck Cond: ((l_shipdate >= '1996-01-01'::date) AND (l_shipdate < '1997-01-01'::date))
                                       Rows Removed by Index Recheck: 23164080
                                       Heap Blocks: exact=518099 lossy=530696
                                       ->  Bitmap Index Scan on idx_lineitem_shipdate  (cost=0.00..145779.43 rows=9236087 width=0) (actual time=1094.907..1094.908 rows=9123688 loops=1)
                                             Index Cond: ((l_shipdate >= '1996-01-01'::date) AND (l_shipdate < '1997-01-01'::date))
                           ->  Hash  (cost=141751.74..141751.74 rows=80790 width=16) (actual time=4707.198..4707.199 rows=86872 loops=1)
                                 Buckets: 131072  Batches: 1  Memory Usage: 5097kB
                                 ->  Nested Loop  (cost=0.43..141751.74 rows=80790 width=16) (actual time=1.051..4661.291 rows=86872 loops=1)
                                       ->  Seq Scan on part  (cost=0.00..65981.39 rows=20202 width=4) (actual time=0.630..534.129 rows=21718 loops=1)
                                             Filter: ((p_name)::text ~~ 'olive%'::text)
                                             Rows Removed by Filter: 1978282
                                       ->  Index Scan using idx_partsupp_partkey on partsupp  (cost=0.43..3.57 rows=18 width=12) (actual time=0.174..0.188 rows=4 loops=21718)
                                             Index Cond: (ps_partkey = part.p_partkey)
 Planning Time: 25.104 ms
 Execution Time: 52085.346 ms
(38 rows)

SET
SET
SET
                                                                                      QUERY PLAN                                                                                       
---------------------------------------------------------------------------------------------------------------------------------------------------------------------------------------
 Limit  (cost=2732386.15..2732386.15 rows=1 width=51) (actual time=36183.142..36183.146 rows=1 loops=1)
   ->  Sort  (cost=2732386.15..2732386.15 rows=1 width=51) (actual time=36183.141..36183.145 rows=1 loops=1)
         Sort Key: supplier.s_name
         Sort Method: top-N heapsort  Memory: 25kB
         ->  Nested Loop Semi Join  (cost=2527924.09..2732386.14 rows=1 width=51) (actual time=15352.074..36181.481 rows=1821 loops=1)
               Join Filter: (supplier.s_suppkey = lineitem.l_suppkey)
               Rows Removed by Join Filter: 183418712
               ->  Nested Loop  (cost=0.00..4472.31 rows=4000 width=55) (actual time=0.038..16.719 rows=4095 loops=1)
                     Join Filter: (supplier.s_nationkey = nation.n_nationkey)
                     Rows Removed by Join Filter: 95905
                     ->  Seq Scan on nation  (cost=0.00..1.31 rows=1 width=4) (actual time=0.025..0.028 rows=1 loops=1)
                           Filter: (n_name = 'IRAQ'::bpchar)
                           Rows Removed by Filter: 24
                     ->  Seq Scan on supplier  (cost=0.00..3221.00 rows=100000 width=59) (actual time=0.009..9.556 rows=100000 loops=1)
               ->  Materialize  (cost=2527924.09..2727733.83 rows=3 width=8) (actual time=3.377..6.540 rows=44791 loops=4095)
                     ->  Hash Join  (cost=2527924.09..2727733.82 rows=3 width=8) (actual time=13829.195..20667.805 rows=59002 loops=1)
                           Hash Cond: ((lineitem.l_partkey = partsupp.ps_partkey) AND (lineitem.l_suppkey = partsupp.ps_suppkey))
                           Join Filter: ((partsupp.ps_availqty)::numeric > ((0.5 * sum(lineitem.l_quantity))))
                           Rows Removed by Join Filter: 123
                           ->  HashAggregate  (cost=2384960.50..2548232.28 rows=4871708 width=40) (actual time=13309.611..19328.583 rows=5448842 loops=1)
                                 Group Key: lineitem.l_partkey, lineitem.l_suppkey
                                 Planned Partitions: 32  Batches: 161  Memory Usage: 65809kB  Disk Usage: 358152kB
                                 ->  Bitmap Heap Scan on lineitem  (cost=148088.46..1995673.86 rows=9236087 width=13) (actual time=1062.848..9259.714 rows=9123688 loops=1)
                                       Recheck Cond: ((l_shipdate >= '1996-01-01'::date) AND (l_shipdate < '1997-01-01'::date))
                                       Rows Removed by Index Recheck: 23164080
                                       Heap Blocks: exact=518099 lossy=530696
                                       ->  Bitmap Index Scan on idx_lineitem_shipdate  (cost=0.00..145779.43 rows=9236087 width=0) (actual time=938.935..938.935 rows=9123688 loops=1)
                                             Index Cond: ((l_shipdate >= '1996-01-01'::date) AND (l_shipdate < '1997-01-01'::date))
                           ->  Hash  (cost=141751.74..141751.74 rows=80790 width=16) (actual time=519.226..519.227 rows=86872 loops=1)
                                 Buckets: 131072  Batches: 1  Memory Usage: 5097kB
                                 ->  Nested Loop  (cost=0.43..141751.74 rows=80790 width=16) (actual time=0.069..497.365 rows=86872 loops=1)
                                       ->  Seq Scan on part  (cost=0.00..65981.39 rows=20202 width=4) (actual time=0.047..278.480 rows=21718 loops=1)
                                             Filter: ((p_name)::text ~~ 'olive%'::text)
                                             Rows Removed by Filter: 1978282
                                       ->  Index Scan using idx_partsupp_partkey on partsupp  (cost=0.43..3.57 rows=18 width=12) (actual time=0.008..0.009 rows=4 loops=21718)
                                             Index Cond: (ps_partkey = part.p_partkey)
 Planning Time: 2.125 ms
 Execution Time: 36231.473 ms
(38 rows)

query 21 run 1
SET
SET
SET
                                                                                               QUERY PLAN                                                                                                
---------------------------------------------------------------------------------------------------------------------------------------------------------------------------------------------------------
 Limit  (cost=3687006.32..3687006.33 rows=1 width=34) (actual time=25936.128..25936.144 rows=100 loops=1)
   ->  Sort  (cost=3687006.32..3687006.33 rows=1 width=34) (actual time=25936.127..25936.136 rows=100 loops=1)
         Sort Key: (count(*)) DESC, supplier.s_name
         Sort Method: top-N heapsort  Memory: 37kB
         ->  GroupAggregate  (cost=3687006.29..3687006.31 rows=1 width=34) (actual time=25929.207..25934.940 rows=3991 loops=1)
               Group Key: supplier.s_name
               ->  Sort  (cost=3687006.29..3687006.30 rows=1 width=26) (actual time=25929.196..25930.729 rows=39281 loops=1)
                     Sort Key: supplier.s_name
                     Sort Method: quicksort  Memory: 1537kB
                     ->  Nested Loop Semi Join  (cost=1970077.67..3687006.28 rows=1 width=26) (actual time=14644.620..25770.644 rows=39281 loops=1)
                           Join Filter: (l2.l_suppkey <> l1.l_suppkey)
                           Rows Removed by Join Filter: 42025
                           ->  Nested Loop Anti Join  (cost=1970077.10..3687002.64 rows=1 width=38) (actual time=14644.614..25596.884 rows=65960 loops=1)
                                 ->  Hash Join  (cost=1970076.54..2450067.23 rows=385233 width=38) (actual time=14643.817..20304.073 rows=730985 loops=1)
                                       Hash Cond: (orders.o_orderkey = l1.l_orderkey)
                                       ->  Seq Scan on orders  (cost=0.00..448747.60 rows=7304205 width=4) (actual time=0.574..2305.890 rows=7309184 loops=1)
                                             Filter: (o_orderstatus = 'F'::bpchar)
                                             Rows Removed by Filter: 7690816
                                       ->  Hash  (cost=1960188.62..1960188.62 rows=791033 width=34) (actual time=14641.750..14641.752 rows=1514267 loops=1)
                                             Buckets: 1048576 (originally 1048576)  Batches: 2 (originally 1)  Memory Usage: 58450kB
                                             ->  Hash Join  (cost=2311.46..1960188.62 rows=791033 width=34) (actual time=41.004..14228.670 rows=1514267 loops=1)
                                                   Hash Cond: (l1.l_suppkey = supplier.s_suppkey)
                                                   ->  Seq Scan on lineitem l1  (cost=0.00..1874982.85 rows=19995729 width=8) (actual time=0.603..10828.328 rows=37929348 loops=1)
                                                         Filter: (l_receiptdate > l_commitdate)
                                                         Rows Removed by Filter: 22056704
                                                   ->  Hash  (cost=2261.46..2261.46 rows=4000 width=30) (actual time=40.307..40.309 rows=3991 loops=1)
                                                         Buckets: 4096  Batches: 1  Memory Usage: 282kB
                                                         ->  Nested Loop  (cost=37.29..2261.46 rows=4000 width=30) (actual time=1.913..38.996 rows=3991 loops=1)
                                                               ->  Seq Scan on nation  (cost=0.00..1.31 rows=1 width=4) (actual time=0.234..0.238 rows=1 loops=1)
                                                                     Filter: (n_name = 'PERU'::bpchar)
                                                                     Rows Removed by Filter: 24
                                                               ->  Bitmap Heap Scan on supplier  (cost=37.29..2220.15 rows=4000 width=34) (actual time=1.672..37.982 rows=3991 loops=1)
                                                                     Recheck Cond: (s_nationkey = nation.n_nationkey)
                                                                     Heap Blocks: exact=1865
                                                                     ->  Bitmap Index Scan on idx_supplier_nation_key  (cost=0.00..36.29 rows=4000 width=0) (actual time=0.969..0.969 rows=3991 loops=1)
                                                                           Index Cond: (s_nationkey = nation.n_nationkey)
                                 ->  Index Scan using idx_lineitem_orderkey on lineitem l3  (cost=0.56..3.64 rows=1 width=8) (actual time=0.007..0.007 rows=1 loops=730985)
                                       Index Cond: (l_orderkey = l1.l_orderkey)
                                       Filter: ((l_receiptdate > l_commitdate) AND (l_suppkey <> l1.l_suppkey))
                                       Rows Removed by Filter: 1
                           ->  Index Scan using idx_lineitem_orderkey on lineitem l2  (cost=0.56..3.62 rows=4 width=8) (actual time=0.002..0.002 rows=1 loops=65960)
                                 Index Cond: (l_orderkey = orders.o_orderkey)
 Planning Time: 20.749 ms
 Execution Time: 25937.626 ms
(44 rows)

SET
SET
SET
                                                                                               QUERY PLAN                                                                                                
---------------------------------------------------------------------------------------------------------------------------------------------------------------------------------------------------------
 Limit  (cost=3687006.32..3687006.33 rows=1 width=34) (actual time=22010.389..22010.404 rows=100 loops=1)
   ->  Sort  (cost=3687006.32..3687006.33 rows=1 width=34) (actual time=22010.388..22010.397 rows=100 loops=1)
         Sort Key: (count(*)) DESC, supplier.s_name
         Sort Method: top-N heapsort  Memory: 37kB
         ->  GroupAggregate  (cost=3687006.29..3687006.31 rows=1 width=34) (actual time=22003.513..22009.194 rows=3991 loops=1)
               Group Key: supplier.s_name
               ->  Sort  (cost=3687006.29..3687006.30 rows=1 width=26) (actual time=22003.501..22005.042 rows=39281 loops=1)
                     Sort Key: supplier.s_name
                     Sort Method: quicksort  Memory: 1537kB
                     ->  Nested Loop Semi Join  (cost=1970077.67..3687006.28 rows=1 width=26) (actual time=12481.064..21845.683 rows=39281 loops=1)
                           Join Filter: (l2.l_suppkey <> l1.l_suppkey)
                           Rows Removed by Join Filter: 42025
                           ->  Nested Loop Anti Join  (cost=1970077.10..3687002.64 rows=1 width=38) (actual time=12481.059..21679.081 rows=65960 loops=1)
                                 ->  Hash Join  (cost=1970076.54..2450067.23 rows=385233 width=38) (actual time=12480.988..17623.674 rows=730985 loops=1)
                                       Hash Cond: (orders.o_orderkey = l1.l_orderkey)
                                       ->  Seq Scan on orders  (cost=0.00..448747.60 rows=7304205 width=4) (actual time=0.028..1862.783 rows=7309184 loops=1)
                                             Filter: (o_orderstatus = 'F'::bpchar)
                                             Rows Removed by Filter: 7690816
                                       ->  Hash  (cost=1960188.62..1960188.62 rows=791033 width=34) (actual time=12479.517..12479.519 rows=1514267 loops=1)
                                             Buckets: 1048576 (originally 1048576)  Batches: 2 (originally 1)  Memory Usage: 58450kB
                                             ->  Hash Join  (cost=2311.46..1960188.62 rows=791033 width=34) (actual time=14.316..12079.106 rows=1514267 loops=1)
                                                   Hash Cond: (l1.l_suppkey = supplier.s_suppkey)
                                                   ->  Seq Scan on lineitem l1  (cost=0.00..1874982.85 rows=19995729 width=8) (actual time=0.048..9099.542 rows=37929348 loops=1)
                                                         Filter: (l_receiptdate > l_commitdate)
                                                         Rows Removed by Filter: 22056704
                                                   ->  Hash  (cost=2261.46..2261.46 rows=4000 width=30) (actual time=14.224..14.225 rows=3991 loops=1)
                                                         Buckets: 4096  Batches: 1  Memory Usage: 282kB
                                                         ->  Nested Loop  (cost=37.29..2261.46 rows=4000 width=30) (actual time=0.552..13.225 rows=3991 loops=1)
                                                               ->  Seq Scan on nation  (cost=0.00..1.31 rows=1 width=4) (actual time=0.013..0.016 rows=1 loops=1)
                                                                     Filter: (n_name = 'PERU'::bpchar)
                                                                     Rows Removed by Filter: 24
                                                               ->  Bitmap Heap Scan on supplier  (cost=37.29..2220.15 rows=4000 width=34) (actual time=0.535..12.610 rows=3991 loops=1)
                                                                     Recheck Cond: (s_nationkey = nation.n_nationkey)
                                                                     Heap Blocks: exact=1865
                                                                     ->  Bitmap Index Scan on idx_supplier_nation_key  (cost=0.00..36.29 rows=4000 width=0) (actual time=0.312..0.312 rows=3991 loops=1)
                                                                           Index Cond: (s_nationkey = nation.n_nationkey)
                                 ->  Index Scan using idx_lineitem_orderkey on lineitem l3  (cost=0.56..3.64 rows=1 width=8) (actual time=0.005..0.005 rows=1 loops=730985)
                                       Index Cond: (l_orderkey = l1.l_orderkey)
                                       Filter: ((l_receiptdate > l_commitdate) AND (l_suppkey <> l1.l_suppkey))
                                       Rows Removed by Filter: 1
                           ->  Index Scan using idx_lineitem_orderkey on lineitem l2  (cost=0.56..3.62 rows=4 width=8) (actual time=0.002..0.002 rows=1 loops=65960)
                                 Index Cond: (l_orderkey = orders.o_orderkey)
 Planning Time: 2.974 ms
 Execution Time: 22011.586 ms
(44 rows)

query 22 run 1
SET
SET
SET
                                                                          QUERY PLAN                                                                          
--------------------------------------------------------------------------------------------------------------------------------------------------------------
 Limit  (cost=161734.36..161734.39 rows=1 width=72) (actual time=1892.933..1892.935 rows=1 loops=1)
   InitPlan 1
     ->  Aggregate  (cost=75440.96..75440.97 rows=1 width=32) (actual time=893.963..893.964 rows=1 loops=1)
           ->  Seq Scan on customer customer_1  (cost=0.00..75321.95 rows=47604 width=6) (actual time=0.018..862.101 rows=382426 loops=1)
                 Filter: ((c_acctbal > 0.00) AND (SUBSTRING(c_phone FROM 1 FOR 2) = ANY ('{21,29,26,34,14,15,17}'::text[])))
                 Rows Removed by Filter: 1117574
   ->  GroupAggregate  (cost=86293.39..86495.29 rows=7342 width=72) (actual time=1892.932..1892.932 rows=1 loops=1)
         Group Key: (SUBSTRING(customer.c_phone FROM 1 FOR 2))
         ->  Sort  (cost=86293.39..86311.74 rows=7342 width=38) (actual time=1891.173..1891.517 rows=9006 loops=1)
               Sort Key: (SUBSTRING(customer.c_phone FROM 1 FOR 2))
               Sort Method: quicksort  Memory: 3516kB
               ->  Nested Loop Anti Join  (cost=0.43..85821.96 rows=7342 width=38) (actual time=894.622..1871.556 rows=63509 loops=1)
                     ->  Seq Scan on customer  (cost=0.00..75321.95 rows=17500 width=26) (actual time=894.604..1417.718 rows=191129 loops=1)
                           Filter: ((c_acctbal > (InitPlan 1).col1) AND (SUBSTRING(c_phone FROM 1 FOR 2) = ANY ('{21,29,26,34,14,15,17}'::text[])))
                           Rows Removed by Filter: 1308871
                     ->  Index Only Scan using idx_orders_custkey on orders  (cost=0.43..2.16 rows=17 width=4) (actual time=0.002..0.002 rows=1 loops=191129)
                           Index Cond: (o_custkey = customer.c_custkey)
                           Heap Fetches: 0
 Planning Time: 16.471 ms
 Execution Time: 1893.989 ms
(20 rows)

SET
SET
SET
                                                                          QUERY PLAN                                                                          
--------------------------------------------------------------------------------------------------------------------------------------------------------------
 Limit  (cost=161734.36..161734.39 rows=1 width=72) (actual time=1551.243..1551.245 rows=1 loops=1)
   InitPlan 1
     ->  Aggregate  (cost=75440.96..75440.97 rows=1 width=32) (actual time=711.748..711.749 rows=1 loops=1)
           ->  Seq Scan on customer customer_1  (cost=0.00..75321.95 rows=47604 width=6) (actual time=0.008..680.201 rows=382426 loops=1)
                 Filter: ((c_acctbal > 0.00) AND (SUBSTRING(c_phone FROM 1 FOR 2) = ANY ('{21,29,26,34,14,15,17}'::text[])))
                 Rows Removed by Filter: 1117574
   ->  GroupAggregate  (cost=86293.39..86495.29 rows=7342 width=72) (actual time=1551.242..1551.243 rows=1 loops=1)
         Group Key: (SUBSTRING(customer.c_phone FROM 1 FOR 2))
         ->  Sort  (cost=86293.39..86311.74 rows=7342 width=38) (actual time=1549.495..1549.838 rows=9006 loops=1)
               Sort Key: (SUBSTRING(customer.c_phone FROM 1 FOR 2))
               Sort Method: quicksort  Memory: 3516kB
               ->  Nested Loop Anti Join  (cost=0.43..85821.96 rows=7342 width=38) (actual time=711.792..1532.187 rows=63509 loops=1)
                     ->  Seq Scan on customer  (cost=0.00..75321.95 rows=17500 width=26) (actual time=711.774..1207.807 rows=191129 loops=1)
                           Filter: ((c_acctbal > (InitPlan 1).col1) AND (SUBSTRING(c_phone FROM 1 FOR 2) = ANY ('{21,29,26,34,14,15,17}'::text[])))
                           Rows Removed by Filter: 1308871
                     ->  Index Only Scan using idx_orders_custkey on orders  (cost=0.43..2.16 rows=17 width=4) (actual time=0.001..0.001 rows=1 loops=191129)
                           Index Cond: (o_custkey = customer.c_custkey)
                           Heap Fetches: 0
 Planning Time: 1.169 ms
 Execution Time: 1551.299 ms
(20 rows)

