query 1 run 1
SET
SET
SET
                                                                 QUERY PLAN                                                                  
---------------------------------------------------------------------------------------------------------------------------------------------
 Limit  (cost=3947931.00..3947931.00 rows=1 width=236) (actual time=71944.426..71944.427 rows=1 loops=1)
   ->  Sort  (cost=3947931.00..3947931.01 rows=6 width=236) (actual time=71944.424..71944.425 rows=1 loops=1)
         Sort Key: l_returnflag, l_linestatus
         Sort Method: top-N heapsort  Memory: 25kB
         ->  HashAggregate  (cost=3947930.80..3947930.97 rows=6 width=236) (actual time=71944.376..71944.382 rows=4 loops=1)
               Group Key: l_returnflag, l_linestatus
               Batches: 1  Memory Usage: 24kB
               ->  Seq Scan on lineitem  (cost=0.00..1874944.85 rows=59228170 width=25) (actual time=0.491..11482.620 rows=59284448 loops=1)
                     Filter: (l_shipdate <= '1998-09-10 00:00:00'::timestamp without time zone)
                     Rows Removed by Filter: 701604
 Planning Time: 15.850 ms
 Execution Time: 71944.774 ms
(12 rows)

SET
SET
SET
                                                                 QUERY PLAN                                                                 
--------------------------------------------------------------------------------------------------------------------------------------------
 Limit  (cost=3947931.00..3947931.00 rows=1 width=236) (actual time=69986.215..69986.217 rows=1 loops=1)
   ->  Sort  (cost=3947931.00..3947931.01 rows=6 width=236) (actual time=69986.214..69986.215 rows=1 loops=1)
         Sort Key: l_returnflag, l_linestatus
         Sort Method: top-N heapsort  Memory: 25kB
         ->  HashAggregate  (cost=3947930.80..3947930.97 rows=6 width=236) (actual time=69986.183..69986.190 rows=4 loops=1)
               Group Key: l_returnflag, l_linestatus
               Batches: 1  Memory Usage: 24kB
               ->  Seq Scan on lineitem  (cost=0.00..1874944.85 rows=59228170 width=25) (actual time=0.021..9735.229 rows=59284448 loops=1)
                     Filter: (l_shipdate <= '1998-09-10 00:00:00'::timestamp without time zone)
                     Rows Removed by Filter: 701604
 Planning Time: 0.586 ms
 Execution Time: 69986.271 ms
(12 rows)

query 2 run 1
SET
SET
SET
                                                                                        QUERY PLAN                                                                                         
-------------------------------------------------------------------------------------------------------------------------------------------------------------------------------------------
 Limit  (cost=1163655.15..1163655.16 rows=1 width=192) (actual time=4917.977..4917.993 rows=100 loops=1)
   ->  Sort  (cost=1163655.15..1163655.16 rows=1 width=192) (actual time=4917.976..4917.986 rows=100 loops=1)
         Sort Key: supplier.s_acctbal DESC, nation.n_name, supplier.s_name, part.p_partkey
         Sort Method: top-N heapsort  Memory: 70kB
         ->  Merge Join  (cost=558098.06..1163655.14 rows=1 width=192) (actual time=3095.061..4914.319 rows=4737 loops=1)
               Merge Cond: (part.p_partkey = partsupp.ps_partkey)
               Join Filter: (partsupp.ps_supplycost = (SubPlan 1))
               Rows Removed by Join Filter: 1661
               ->  Index Scan using part_pkey on part  (cost=0.43..89211.39 rows=9055 width=30) (actual time=0.503..794.037 rows=8046 loops=1)
                     Filter: (((p_type)::text ~~ '%NICKEL'::text) AND (p_size = 16))
                     Rows Removed by Filter: 1991954
               ->  Materialize  (cost=558097.08..566098.25 rows=1600234 width=172) (actual time=3093.752..3560.209 rows=1603828 loops=1)
                     ->  Sort  (cost=558097.08..562097.67 rows=1600234 width=172) (actual time=3093.748..3383.162 rows=1603828 loops=1)
                           Sort Key: partsupp.ps_partkey
                           Sort Method: external merge  Disk: 293488kB
                           ->  Hash Join  (cost=4048.51..305288.91 rows=1600234 width=172) (actual time=43.919..2458.913 rows=1604080 loops=1)
                                 Hash Cond: (partsupp.ps_suppkey = supplier.s_suppkey)
                                 ->  Seq Scan on partsupp  (cost=0.00..255233.68 rows=8001168 width=14) (actual time=0.567..1079.064 rows=8000000 loops=1)
                                 ->  Hash  (cost=3798.51..3798.51 rows=20000 width=166) (actual time=43.093..43.096 rows=20051 loops=1)
                                       Buckets: 32768  Batches: 1  Memory Usage: 4211kB
                                       ->  Hash Join  (cost=2.51..3798.51 rows=20000 width=166) (actual time=1.149..37.405 rows=20051 loops=1)
                                             Hash Cond: (supplier.s_nationkey = nation.n_nationkey)
                                             ->  Seq Scan on supplier  (cost=0.00..3221.00 rows=100000 width=144) (actual time=0.581..25.128 rows=100000 loops=1)
                                             ->  Hash  (cost=2.45..2.45 rows=5 width=30) (actual time=0.558..0.560 rows=5 loops=1)
                                                   Buckets: 1024  Batches: 1  Memory Usage: 9kB
                                                   ->  Hash Join  (cost=1.07..2.45 rows=5 width=30) (actual time=0.547..0.557 rows=5 loops=1)
                                                         Hash Cond: (nation.n_regionkey = region.r_regionkey)
                                                         ->  Seq Scan on nation  (cost=0.00..1.25 rows=25 width=34) (actual time=0.261..0.264 rows=25 loops=1)
                                                         ->  Hash  (cost=1.06..1.06 rows=1 width=4) (actual time=0.273..0.274 rows=1 loops=1)
                                                               Buckets: 1024  Batches: 1  Memory Usage: 9kB
                                                               ->  Seq Scan on region  (cost=0.00..1.06 rows=1 width=4) (actual time=0.267..0.269 rows=1 loops=1)
                                                                     Filter: (r_name = 'AMERICA'::bpchar)
                                                                     Rows Removed by Filter: 4
               SubPlan 1
                 ->  Aggregate  (cost=69.59..69.60 rows=1 width=32) (actual time=0.059..0.059 rows=1 loops=6398)
                       ->  Nested Loop  (cost=2.29..69.58 rows=4 width=6) (actual time=0.049..0.057 rows=2 loops=6398)
                             Join Filter: (nation_1.n_regionkey = region_1.r_regionkey)
                             Rows Removed by Join Filter: 2
                             ->  Seq Scan on region region_1  (cost=0.00..1.06 rows=1 width=4) (actual time=0.001..0.001 rows=1 loops=6398)
                                   Filter: (r_name = 'AMERICA'::bpchar)
                                   Rows Removed by Filter: 4
                             ->  Hash Join  (cost=2.29..68.28 rows=19 width=10) (actual time=0.043..0.054 rows=4 loops=6398)
                                   Hash Cond: (supplier_1.s_nationkey = nation_1.n_nationkey)
                                   ->  Nested Loop  (cost=0.72..66.66 rows=19 width=10) (actual time=0.042..0.053 rows=4 loops=6398)
                                         ->  Index Scan using idx_partsupp_partkey on partsupp partsupp_1  (cost=0.43..3.77 rows=19 width=10) (actual time=0.038..0.039 rows=4 loops=6398)
                                               Index Cond: (ps_partkey = part.p_partkey)
                                         ->  Index Scan using supplier_pkey on supplier supplier_1  (cost=0.29..3.31 rows=1 width=8) (actual time=0.003..0.003 rows=1 loops=25592)
                                               Index Cond: (s_suppkey = partsupp_1.ps_suppkey)
                                   ->  Hash  (cost=1.25..1.25 rows=25 width=8) (actual time=0.011..0.011 rows=25 loops=1)
                                         Buckets: 1024  Batches: 1  Memory Usage: 9kB
                                         ->  Seq Scan on nation nation_1  (cost=0.00..1.25 rows=25 width=8) (actual time=0.003..0.006 rows=25 loops=1)
 Planning Time: 21.579 ms
 Execution Time: 4955.308 ms
(53 rows)

SET
SET
SET
                                                                                        QUERY PLAN                                                                                         
-------------------------------------------------------------------------------------------------------------------------------------------------------------------------------------------
 Limit  (cost=1163655.15..1163655.16 rows=1 width=192) (actual time=3877.357..3877.374 rows=100 loops=1)
   ->  Sort  (cost=1163655.15..1163655.16 rows=1 width=192) (actual time=3877.356..3877.366 rows=100 loops=1)
         Sort Key: supplier.s_acctbal DESC, nation.n_name, supplier.s_name, part.p_partkey
         Sort Method: top-N heapsort  Memory: 70kB
         ->  Merge Join  (cost=558098.06..1163655.14 rows=1 width=192) (actual time=2656.433..3874.903 rows=4737 loops=1)
               Merge Cond: (part.p_partkey = partsupp.ps_partkey)
               Join Filter: (partsupp.ps_supplycost = (SubPlan 1))
               Rows Removed by Join Filter: 1661
               ->  Index Scan using part_pkey on part  (cost=0.43..89211.39 rows=9055 width=30) (actual time=0.019..490.759 rows=8046 loops=1)
                     Filter: (((p_type)::text ~~ '%NICKEL'::text) AND (p_size = 16))
                     Rows Removed by Filter: 1991954
               ->  Materialize  (cost=558097.08..566098.25 rows=1600234 width=172) (actual time=2656.320..3102.613 rows=1603828 loops=1)
                     ->  Sort  (cost=558097.08..562097.67 rows=1600234 width=172) (actual time=2656.317..2925.092 rows=1603828 loops=1)
                           Sort Key: partsupp.ps_partkey
                           Sort Method: external merge  Disk: 293488kB
                           ->  Hash Join  (cost=4048.51..305288.91 rows=1600234 width=172) (actual time=26.400..2037.347 rows=1604080 loops=1)
                                 Hash Cond: (partsupp.ps_suppkey = supplier.s_suppkey)
                                 ->  Seq Scan on partsupp  (cost=0.00..255233.68 rows=8001168 width=14) (actual time=0.031..777.626 rows=8000000 loops=1)
                                 ->  Hash  (cost=3798.51..3798.51 rows=20000 width=166) (actual time=26.137..26.140 rows=20051 loops=1)
                                       Buckets: 32768  Batches: 1  Memory Usage: 4211kB
                                       ->  Hash Join  (cost=2.51..3798.51 rows=20000 width=166) (actual time=0.030..20.853 rows=20051 loops=1)
                                             Hash Cond: (supplier.s_nationkey = nation.n_nationkey)
                                             ->  Seq Scan on supplier  (cost=0.00..3221.00 rows=100000 width=144) (actual time=0.003..7.037 rows=100000 loops=1)
                                             ->  Hash  (cost=2.45..2.45 rows=5 width=30) (actual time=0.023..0.024 rows=5 loops=1)
                                                   Buckets: 1024  Batches: 1  Memory Usage: 9kB
                                                   ->  Hash Join  (cost=1.07..2.45 rows=5 width=30) (actual time=0.017..0.023 rows=5 loops=1)
                                                         Hash Cond: (nation.n_regionkey = region.r_regionkey)
                                                         ->  Seq Scan on nation  (cost=0.00..1.25 rows=25 width=34) (actual time=0.002..0.003 rows=25 loops=1)
                                                         ->  Hash  (cost=1.06..1.06 rows=1 width=4) (actual time=0.012..0.013 rows=1 loops=1)
                                                               Buckets: 1024  Batches: 1  Memory Usage: 9kB
                                                               ->  Seq Scan on region  (cost=0.00..1.06 rows=1 width=4) (actual time=0.009..0.010 rows=1 loops=1)
                                                                     Filter: (r_name = 'AMERICA'::bpchar)
                                                                     Rows Removed by Filter: 4
               SubPlan 1
                 ->  Aggregate  (cost=69.59..69.60 rows=1 width=32) (actual time=0.016..0.016 rows=1 loops=6398)
                       ->  Nested Loop  (cost=2.29..69.58 rows=4 width=6) (actual time=0.009..0.015 rows=2 loops=6398)
                             Join Filter: (nation_1.n_regionkey = region_1.r_regionkey)
                             Rows Removed by Join Filter: 2
                             ->  Seq Scan on region region_1  (cost=0.00..1.06 rows=1 width=4) (actual time=0.001..0.001 rows=1 loops=6398)
                                   Filter: (r_name = 'AMERICA'::bpchar)
                                   Rows Removed by Filter: 4
                             ->  Hash Join  (cost=2.29..68.28 rows=19 width=10) (actual time=0.005..0.013 rows=4 loops=6398)
                                   Hash Cond: (supplier_1.s_nationkey = nation_1.n_nationkey)
                                   ->  Nested Loop  (cost=0.72..66.66 rows=19 width=10) (actual time=0.005..0.012 rows=4 loops=6398)
                                         ->  Index Scan using idx_partsupp_partkey on partsupp partsupp_1  (cost=0.43..3.77 rows=19 width=10) (actual time=0.002..0.003 rows=4 loops=6398)
                                               Index Cond: (ps_partkey = part.p_partkey)
                                         ->  Index Scan using supplier_pkey on supplier supplier_1  (cost=0.29..3.31 rows=1 width=8) (actual time=0.002..0.002 rows=1 loops=25592)
                                               Index Cond: (s_suppkey = partsupp_1.ps_suppkey)
                                   ->  Hash  (cost=1.25..1.25 rows=25 width=8) (actual time=0.011..0.012 rows=25 loops=1)
                                         Buckets: 1024  Batches: 1  Memory Usage: 9kB
                                         ->  Seq Scan on nation nation_1  (cost=0.00..1.25 rows=25 width=8) (actual time=0.003..0.006 rows=25 loops=1)
 Planning Time: 1.668 ms
 Execution Time: 3914.463 ms
(53 rows)

query 3 run 1
SET
SET
SET
                                                                                     QUERY PLAN                                                                                      
-------------------------------------------------------------------------------------------------------------------------------------------------------------------------------------
 Limit  (cost=3181714.99..3181715.01 rows=10 width=44) (actual time=25210.910..25210.915 rows=10 loops=1)
   ->  Sort  (cost=3181714.99..3189572.11 rows=3142848 width=44) (actual time=25210.908..25210.912 rows=10 loops=1)
         Sort Key: (sum((lineitem.l_extendedprice * ('1'::numeric - lineitem.l_discount)))) DESC, orders.o_orderdate
         Sort Method: top-N heapsort  Memory: 26kB
         ->  HashAggregate  (cost=3037683.32..3113799.17 rows=3142848 width=44) (actual time=25145.975..25191.007 rows=113934 loops=1)
               Group Key: lineitem.l_orderkey, orders.o_orderdate, orders.o_shippriority
               Planned Partitions: 16  Batches: 1  Memory Usage: 49169kB
               ->  Hash Join  (cost=520139.74..2872438.27 rows=3142848 width=24) (actual time=7202.212..24945.565 rows=301530 loops=1)
                     Hash Cond: (lineitem.l_orderkey = orders.o_orderkey)
                     ->  Seq Scan on lineitem  (cost=0.00..1874944.85 rows=32468585 width=16) (actual time=0.669..11282.022 rows=32534229 loops=1)
                           Filter: (l_shipdate > '1995-03-07'::date)
                           Rows Removed by Filter: 27451823
                     ->  Hash  (cost=494899.71..494899.71 rows=1452003 width=12) (actual time=7198.103..7198.105 rows=1451805 loops=1)
                           Buckets: 2097152  Batches: 2  Memory Usage: 47606kB
                           ->  Hash Join  (cost=123951.93..494899.71 rows=1452003 width=12) (actual time=1028.677..6870.701 rows=1451805 loops=1)
                                 Hash Cond: (orders.o_custkey = customer.c_custkey)
                                 ->  Bitmap Heap Scan on orders  (cost=65498.46..417410.86 rows=7251552 width=16) (actual time=527.386..4744.356 rows=7239437 loops=1)
                                       Recheck Cond: (o_orderdate < '1995-03-07'::date)
                                       Heap Blocks: exact=261268
                                       ->  Bitmap Index Scan on idx_orders_orderdate  (cost=0.00..63685.57 rows=7251552 width=0) (actual time=474.343..474.343 rows=7239437 loops=1)
                                             Index Cond: (o_orderdate < '1995-03-07'::date)
                                 ->  Hash  (cost=54698.74..54698.74 rows=300378 width=4) (actual time=500.651..500.651 rows=300276 loops=1)
                                       Buckets: 524288  Batches: 1  Memory Usage: 14653kB
                                       ->  Seq Scan on customer  (cost=0.00..54698.74 rows=300378 width=4) (actual time=0.600..448.746 rows=300276 loops=1)
                                             Filter: (c_mktsegment = 'BUILDING'::bpchar)
                                             Rows Removed by Filter: 1199724
 Planning Time: 20.945 ms
 Execution Time: 25212.876 ms
(28 rows)

SET
SET
SET
                                                                                     QUERY PLAN                                                                                      
-------------------------------------------------------------------------------------------------------------------------------------------------------------------------------------
 Limit  (cost=3181714.99..3181715.01 rows=10 width=44) (actual time=20543.788..20543.793 rows=10 loops=1)
   ->  Sort  (cost=3181714.99..3189572.11 rows=3142848 width=44) (actual time=20543.787..20543.790 rows=10 loops=1)
         Sort Key: (sum((lineitem.l_extendedprice * ('1'::numeric - lineitem.l_discount)))) DESC, orders.o_orderdate
         Sort Method: top-N heapsort  Memory: 26kB
         ->  HashAggregate  (cost=3037683.32..3113799.17 rows=3142848 width=44) (actual time=20478.636..20523.585 rows=113934 loops=1)
               Group Key: lineitem.l_orderkey, orders.o_orderdate, orders.o_shippriority
               Planned Partitions: 16  Batches: 1  Memory Usage: 49169kB
               ->  Hash Join  (cost=520139.74..2872438.27 rows=3142848 width=24) (actual time=4525.983..20282.607 rows=301530 loops=1)
                     Hash Cond: (lineitem.l_orderkey = orders.o_orderkey)
                     ->  Seq Scan on lineitem  (cost=0.00..1874944.85 rows=32468585 width=16) (actual time=0.034..9396.590 rows=32534229 loops=1)
                           Filter: (l_shipdate > '1995-03-07'::date)
                           Rows Removed by Filter: 27451823
                     ->  Hash  (cost=494899.71..494899.71 rows=1452003 width=12) (actual time=4523.108..4523.110 rows=1451805 loops=1)
                           Buckets: 2097152  Batches: 2  Memory Usage: 47606kB
                           ->  Hash Join  (cost=123951.93..494899.71 rows=1452003 width=12) (actual time=869.627..4242.216 rows=1451805 loops=1)
                                 Hash Cond: (orders.o_custkey = customer.c_custkey)
                                 ->  Bitmap Heap Scan on orders  (cost=65498.46..417410.86 rows=7251552 width=16) (actual time=497.964..2357.769 rows=7239437 loops=1)
                                       Recheck Cond: (o_orderdate < '1995-03-07'::date)
                                       Heap Blocks: exact=261268
                                       ->  Bitmap Index Scan on idx_orders_orderdate  (cost=0.00..63685.57 rows=7251552 width=0) (actual time=445.661..445.661 rows=7239437 loops=1)
                                             Index Cond: (o_orderdate < '1995-03-07'::date)
                                 ->  Hash  (cost=54698.74..54698.74 rows=300378 width=4) (actual time=370.932..370.933 rows=300276 loops=1)
                                       Buckets: 524288  Batches: 1  Memory Usage: 14653kB
                                       ->  Seq Scan on customer  (cost=0.00..54698.74 rows=300378 width=4) (actual time=0.030..321.345 rows=300276 loops=1)
                                             Filter: (c_mktsegment = 'BUILDING'::bpchar)
                                             Rows Removed by Filter: 1199724
 Planning Time: 1.301 ms
 Execution Time: 20545.151 ms
(28 rows)

query 4 run 1
SET
SET
SET
                                                                             QUERY PLAN                                                                             
--------------------------------------------------------------------------------------------------------------------------------------------------------------------
 Limit  (cost=2021630.29..2021630.29 rows=1 width=24) (actual time=18788.988..18788.990 rows=1 loops=1)
   ->  Sort  (cost=2021630.29..2021630.30 rows=5 width=24) (actual time=18788.986..18788.987 rows=1 loops=1)
         Sort Key: orders.o_orderpriority
         Sort Method: top-N heapsort  Memory: 25kB
         ->  HashAggregate  (cost=2021630.21..2021630.26 rows=5 width=24) (actual time=18788.945..18788.946 rows=5 loops=1)
               Group Key: orders.o_orderpriority
               Batches: 1  Memory Usage: 24kB
               ->  Nested Loop Semi Join  (cost=6311.91..2018894.98 rows=547046 width=16) (actual time=112.090..18497.164 rows=513822 loops=1)
                     ->  Bitmap Heap Scan on orders  (cost=6311.35..275787.51 rows=547211 width=20) (actual time=111.603..5076.195 rows=560424 loops=1)
                           Recheck Cond: ((o_orderdate >= '1993-12-01'::date) AND (o_orderdate < '1994-03-01'::date))
                           Heap Blocks: exact=231887
                           ->  Bitmap Index Scan on idx_orders_orderdate  (cost=0.00..6174.55 rows=547211 width=0) (actual time=64.187..64.187 rows=560424 loops=1)
                                 Index Cond: ((o_orderdate >= '1993-12-01'::date) AND (o_orderdate < '1994-03-01'::date))
                     ->  Index Scan using idx_lineitem_orderkey on lineitem  (cost=0.56..3.61 rows=1 width=4) (actual time=0.023..0.023 rows=1 loops=560424)
                           Index Cond: (l_orderkey = orders.o_orderkey)
                           Filter: (l_commitdate < l_receiptdate)
                           Rows Removed by Filter: 1
 Planning Time: 15.687 ms
 Execution Time: 18789.359 ms
(19 rows)

SET
SET
SET
                                                                             QUERY PLAN                                                                             
--------------------------------------------------------------------------------------------------------------------------------------------------------------------
 Limit  (cost=2021630.29..2021630.29 rows=1 width=24) (actual time=4507.313..4507.315 rows=1 loops=1)
   ->  Sort  (cost=2021630.29..2021630.30 rows=5 width=24) (actual time=4507.312..4507.313 rows=1 loops=1)
         Sort Key: orders.o_orderpriority
         Sort Method: top-N heapsort  Memory: 25kB
         ->  HashAggregate  (cost=2021630.21..2021630.26 rows=5 width=24) (actual time=4507.279..4507.281 rows=5 loops=1)
               Group Key: orders.o_orderpriority
               Batches: 1  Memory Usage: 24kB
               ->  Nested Loop Semi Join  (cost=6311.91..2018894.98 rows=547046 width=16) (actual time=110.038..4307.096 rows=513822 loops=1)
                     ->  Bitmap Heap Scan on orders  (cost=6311.35..275787.51 rows=547211 width=20) (actual time=110.011..1206.035 rows=560424 loops=1)
                           Recheck Cond: ((o_orderdate >= '1993-12-01'::date) AND (o_orderdate < '1994-03-01'::date))
                           Heap Blocks: exact=231887
                           ->  Bitmap Index Scan on idx_orders_orderdate  (cost=0.00..6174.55 rows=547211 width=0) (actual time=63.290..63.290 rows=560424 loops=1)
                                 Index Cond: ((o_orderdate >= '1993-12-01'::date) AND (o_orderdate < '1994-03-01'::date))
                     ->  Index Scan using idx_lineitem_orderkey on lineitem  (cost=0.56..3.61 rows=1 width=4) (actual time=0.005..0.005 rows=1 loops=560424)
                           Index Cond: (l_orderkey = orders.o_orderkey)
                           Filter: (l_commitdate < l_receiptdate)
                           Rows Removed by Filter: 1
 Planning Time: 1.572 ms
 Execution Time: 4507.387 ms
(19 rows)

query 5 run 1
SET
SET
SET
                                                                                        QUERY PLAN                                                                                         
-------------------------------------------------------------------------------------------------------------------------------------------------------------------------------------------
 Limit  (cost=2056924.74..2056924.74 rows=1 width=58) (actual time=21728.315..21728.322 rows=1 loops=1)
   ->  Sort  (cost=2056924.74..2056924.80 rows=25 width=58) (actual time=21728.314..21728.320 rows=1 loops=1)
         Sort Key: (sum((lineitem.l_extendedprice * ('1'::numeric - lineitem.l_discount)))) DESC
         Sort Method: top-N heapsort  Memory: 25kB
         ->  GroupAggregate  (cost=2056024.50..2056924.61 rows=25 width=58) (actual time=21703.791..21728.301 rows=5 loops=1)
               Group Key: nation.n_name
               ->  Sort  (cost=2056024.50..2056204.46 rows=71984 width=38) (actual time=21697.670..21700.535 rows=72033 loops=1)
                     Sort Key: nation.n_name
                     Sort Method: quicksort  Memory: 7575kB
                     ->  Hash Join  (cost=93990.76..2050217.05 rows=71984 width=38) (actual time=871.337..21648.690 rows=72033 loops=1)
                           Hash Cond: ((lineitem.l_suppkey = supplier.s_suppkey) AND (customer.c_nationkey = supplier.s_nationkey))
                           ->  Nested Loop  (cost=89269.76..2036051.06 rows=1799044 width=50) (actual time=823.094..21175.096 rows=1815327 loops=1)
                                 ->  Hash Join  (cost=89269.20..397213.99 rows=449897 width=38) (actual time=822.642..6937.068 rows=453399 loops=1)
                                       Hash Cond: (orders.o_custkey = customer.c_custkey)
                                       ->  Bitmap Heap Scan on orders  (cost=25942.15..320952.41 rows=2249484 width=8) (actual time=225.297..5674.517 rows=2276638 loops=1)
                                             Recheck Cond: ((o_orderdate >= '1993-01-01'::date) AND (o_orderdate < '1994-01-01'::date))
                                             Heap Blocks: exact=261246
                                             ->  Bitmap Index Scan on idx_orders_orderdate  (cost=0.00..25379.78 rows=2249484 width=0) (actual time=172.226..172.226 rows=2276638 loops=1)
                                                   Index Cond: ((o_orderdate >= '1993-01-01'::date) AND (o_orderdate < '1994-01-01'::date))
                                       ->  Hash  (cost=59576.70..59576.70 rows=300028 width=38) (actual time=596.859..596.862 rows=299436 loops=1)
                                             Buckets: 524288  Batches: 1  Memory Usage: 25151kB
                                             ->  Hash Join  (cost=2.51..59576.70 rows=300028 width=38) (actual time=1.443..533.461 rows=299436 loops=1)
                                                   Hash Cond: (customer.c_nationkey = nation.n_nationkey)
                                                   ->  Seq Scan on customer  (cost=0.00..50948.39 rows=1500139 width=8) (actual time=0.775..367.528 rows=1500000 loops=1)
                                                   ->  Hash  (cost=2.45..2.45 rows=5 width=30) (actual time=0.660..0.662 rows=5 loops=1)
                                                         Buckets: 1024  Batches: 1  Memory Usage: 9kB
                                                         ->  Hash Join  (cost=1.07..2.45 rows=5 width=30) (actual time=0.655..0.660 rows=5 loops=1)
                                                               Hash Cond: (nation.n_regionkey = region.r_regionkey)
                                                               ->  Seq Scan on nation  (cost=0.00..1.25 rows=25 width=34) (actual time=0.316..0.318 rows=25 loops=1)
                                                               ->  Hash  (cost=1.06..1.06 rows=1 width=4) (actual time=0.330..0.331 rows=1 loops=1)
                                                                     Buckets: 1024  Batches: 1  Memory Usage: 9kB
                                                                     ->  Seq Scan on region  (cost=0.00..1.06 rows=1 width=4) (actual time=0.326..0.327 rows=1 loops=1)
                                                                           Filter: (r_name = 'AMERICA'::bpchar)
                                                                           Rows Removed by Filter: 4
                                 ->  Index Scan using idx_lineitem_orderkey on lineitem  (cost=0.56..3.60 rows=4 width=20) (actual time=0.028..0.030 rows=4 loops=453399)
                                       Index Cond: (l_orderkey = orders.o_orderkey)
                           ->  Hash  (cost=3221.00..3221.00 rows=100000 width=8) (actual time=43.957..43.958 rows=100000 loops=1)
                                 Buckets: 131072  Batches: 1  Memory Usage: 4931kB
                                 ->  Seq Scan on supplier  (cost=0.00..3221.00 rows=100000 width=8) (actual time=0.543..28.752 rows=100000 loops=1)
 Planning Time: 25.682 ms
 Execution Time: 21728.859 ms
(41 rows)

SET
SET
SET
                                                                                        QUERY PLAN                                                                                         
-------------------------------------------------------------------------------------------------------------------------------------------------------------------------------------------
 Limit  (cost=2056924.74..2056924.74 rows=1 width=58) (actual time=6028.905..6028.912 rows=1 loops=1)
   ->  Sort  (cost=2056924.74..2056924.80 rows=25 width=58) (actual time=6028.904..6028.910 rows=1 loops=1)
         Sort Key: (sum((lineitem.l_extendedprice * ('1'::numeric - lineitem.l_discount)))) DESC
         Sort Method: top-N heapsort  Memory: 25kB
         ->  GroupAggregate  (cost=2056024.50..2056924.61 rows=25 width=58) (actual time=6004.490..6028.893 rows=5 loops=1)
               Group Key: nation.n_name
               ->  Sort  (cost=2056024.50..2056204.46 rows=71984 width=38) (actual time=5998.461..6001.300 rows=72033 loops=1)
                     Sort Key: nation.n_name
                     Sort Method: quicksort  Memory: 7575kB
                     ->  Hash Join  (cost=93990.76..2050217.05 rows=71984 width=38) (actual time=709.830..5965.185 rows=72033 loops=1)
                           Hash Cond: ((lineitem.l_suppkey = supplier.s_suppkey) AND (customer.c_nationkey = supplier.s_nationkey))
                           ->  Nested Loop  (cost=89269.76..2036051.06 rows=1799044 width=50) (actual time=671.458..5552.180 rows=1815327 loops=1)
                                 ->  Hash Join  (cost=89269.20..397213.99 rows=449897 width=38) (actual time=671.436..2588.235 rows=453399 loops=1)
                                       Hash Cond: (orders.o_custkey = customer.c_custkey)
                                       ->  Bitmap Heap Scan on orders  (cost=25942.15..320952.41 rows=2249484 width=8) (actual time=212.185..1557.742 rows=2276638 loops=1)
                                             Recheck Cond: ((o_orderdate >= '1993-01-01'::date) AND (o_orderdate < '1994-01-01'::date))
                                             Heap Blocks: exact=261246
                                             ->  Bitmap Index Scan on idx_orders_orderdate  (cost=0.00..25379.78 rows=2249484 width=0) (actual time=159.922..159.923 rows=2276638 loops=1)
                                                   Index Cond: ((o_orderdate >= '1993-01-01'::date) AND (o_orderdate < '1994-01-01'::date))
                                       ->  Hash  (cost=59576.70..59576.70 rows=300028 width=38) (actual time=458.899..458.902 rows=299436 loops=1)
                                             Buckets: 524288  Batches: 1  Memory Usage: 25151kB
                                             ->  Hash Join  (cost=2.51..59576.70 rows=300028 width=38) (actual time=0.060..398.470 rows=299436 loops=1)
                                                   Hash Cond: (customer.c_nationkey = nation.n_nationkey)
                                                   ->  Seq Scan on customer  (cost=0.00..50948.39 rows=1500139 width=8) (actual time=0.020..237.816 rows=1500000 loops=1)
                                                   ->  Hash  (cost=2.45..2.45 rows=5 width=30) (actual time=0.032..0.035 rows=5 loops=1)
                                                         Buckets: 1024  Batches: 1  Memory Usage: 9kB
                                                         ->  Hash Join  (cost=1.07..2.45 rows=5 width=30) (actual time=0.027..0.033 rows=5 loops=1)
                                                               Hash Cond: (nation.n_regionkey = region.r_regionkey)
                                                               ->  Seq Scan on nation  (cost=0.00..1.25 rows=25 width=34) (actual time=0.007..0.009 rows=25 loops=1)
                                                               ->  Hash  (cost=1.06..1.06 rows=1 width=4) (actual time=0.014..0.015 rows=1 loops=1)
                                                                     Buckets: 1024  Batches: 1  Memory Usage: 9kB
                                                                     ->  Seq Scan on region  (cost=0.00..1.06 rows=1 width=4) (actual time=0.011..0.012 rows=1 loops=1)
                                                                           Filter: (r_name = 'AMERICA'::bpchar)
                                                                           Rows Removed by Filter: 4
                                 ->  Index Scan using idx_lineitem_orderkey on lineitem  (cost=0.56..3.60 rows=4 width=20) (actual time=0.005..0.006 rows=4 loops=453399)
                                       Index Cond: (l_orderkey = orders.o_orderkey)
                           ->  Hash  (cost=3221.00..3221.00 rows=100000 width=8) (actual time=37.855..37.856 rows=100000 loops=1)
                                 Buckets: 131072  Batches: 1  Memory Usage: 4931kB
                                 ->  Seq Scan on supplier  (cost=0.00..3221.00 rows=100000 width=8) (actual time=0.017..20.456 rows=100000 loops=1)
 Planning Time: 4.007 ms
 Execution Time: 6029.177 ms
(41 rows)

query 6 run 1
SET
SET
SET
                                                                                                          QUERY PLAN                                                                                                           
-------------------------------------------------------------------------------------------------------------------------------------------------------------------------------------------------------------------------------
 Limit  (cost=1987485.05..1987485.06 rows=1 width=32) (actual time=13571.128..13571.129 rows=1 loops=1)
   ->  Aggregate  (cost=1987485.05..1987485.06 rows=1 width=32) (actual time=13571.126..13571.126 rows=1 loops=1)
         ->  Bitmap Heap Scan on lineitem  (cost=215059.65..1981386.40 rows=1219730 width=12) (actual time=1284.487..12922.393 rows=1194558 loops=1)
               Recheck Cond: ((l_shipdate >= '1993-01-01'::date) AND (l_shipdate < '1994-01-01 00:00:00'::timestamp without time zone) AND (l_discount >= 0.06) AND (l_discount <= 0.08) AND (l_quantity < '25'::numeric))
               Rows Removed by Index Recheck: 13724091
               Heap Blocks: exact=395900 lossy=267068
               ->  Bitmap Index Scan on idx_lineitem_shipdate  (cost=0.00..214754.72 rows=1219730 width=0) (actual time=1198.810..1198.811 rows=1194558 loops=1)
                     Index Cond: ((l_shipdate >= '1993-01-01'::date) AND (l_shipdate < '1994-01-01 00:00:00'::timestamp without time zone) AND (l_discount >= 0.06) AND (l_discount <= 0.08) AND (l_quantity < '25'::numeric))
 Planning Time: 11.390 ms
 Execution Time: 13572.355 ms
(10 rows)

SET
SET
SET
                                                                                                          QUERY PLAN                                                                                                           
-------------------------------------------------------------------------------------------------------------------------------------------------------------------------------------------------------------------------------
 Limit  (cost=1987485.05..1987485.06 rows=1 width=32) (actual time=6349.131..6349.132 rows=1 loops=1)
   ->  Aggregate  (cost=1987485.05..1987485.06 rows=1 width=32) (actual time=6349.130..6349.131 rows=1 loops=1)
         ->  Bitmap Heap Scan on lineitem  (cost=215059.65..1981386.40 rows=1219730 width=12) (actual time=1144.201..5984.976 rows=1194558 loops=1)
               Recheck Cond: ((l_shipdate >= '1993-01-01'::date) AND (l_shipdate < '1994-01-01 00:00:00'::timestamp without time zone) AND (l_discount >= 0.06) AND (l_discount <= 0.08) AND (l_quantity < '25'::numeric))
               Rows Removed by Index Recheck: 13724091
               Heap Blocks: exact=395900 lossy=267068
               ->  Bitmap Index Scan on idx_lineitem_shipdate  (cost=0.00..214754.72 rows=1219730 width=0) (actual time=1059.202..1059.202 rows=1194558 loops=1)
                     Index Cond: ((l_shipdate >= '1993-01-01'::date) AND (l_shipdate < '1994-01-01 00:00:00'::timestamp without time zone) AND (l_discount >= 0.06) AND (l_discount <= 0.08) AND (l_quantity < '25'::numeric))
 Planning Time: 0.678 ms
 Execution Time: 6349.333 ms
(10 rows)

query 7 run 1
SET
SET
SET
                                                                                 QUERY PLAN                                                                                  
-----------------------------------------------------------------------------------------------------------------------------------------------------------------------------
 Limit  (cost=2717564.07..2717564.19 rows=1 width=116) (actual time=18908.221..18908.228 rows=1 loops=1)
   ->  GroupAggregate  (cost=2717564.07..2718774.12 rows=10048 width=116) (actual time=18908.220..18908.226 rows=1 loops=1)
         Group Key: n1.n_name, n2.n_name, (EXTRACT(year FROM lineitem.l_shipdate))
         ->  Sort  (cost=2717564.07..2717715.40 rows=60533 width=96) (actual time=18900.079..18900.689 rows=14421 loops=1)
               Sort Key: n1.n_name, n2.n_name, (EXTRACT(year FROM lineitem.l_shipdate))
               Sort Method: quicksort  Memory: 6955kB
               ->  Hash Join  (cost=563415.50..2712756.10 rows=60533 width=96) (actual time=5144.136..18866.381 rows=57794 loops=1)
                     Hash Cond: (lineitem.l_orderkey = orders.o_orderkey)
                     Join Filter: (((n1.n_name = 'PERU'::bpchar) AND (n2.n_name = 'MOROCCO'::bpchar)) OR ((n1.n_name = 'MOROCCO'::bpchar) AND (n2.n_name = 'PERU'::bpchar)))
                     Rows Removed by Join Filter: 58158
                     ->  Hash Join  (cost=3629.40..2111262.76 rows=1454561 width=46) (actual time=36.092..13092.821 rows=1455694 loops=1)
                           Hash Cond: (lineitem.l_suppkey = supplier.s_suppkey)
                           ->  Seq Scan on lineitem  (cost=0.00..2024905.22 rows=18182009 width=24) (actual time=0.488..10795.976 rows=18230325 loops=1)
                                 Filter: ((l_shipdate >= '1995-01-01'::date) AND (l_shipdate <= '1996-12-31'::date))
                                 Rows Removed by Filter: 41755727
                           ->  Hash  (cost=3529.40..3529.40 rows=8000 width=30) (actual time=35.590..35.592 rows=7981 loops=1)
                                 Buckets: 8192  Batches: 1  Memory Usage: 548kB
                                 ->  Hash Join  (cost=1.40..3529.40 rows=8000 width=30) (actual time=0.701..34.208 rows=7981 loops=1)
                                       Hash Cond: (supplier.s_nationkey = n1.n_nationkey)
                                       ->  Seq Scan on supplier  (cost=0.00..3221.00 rows=100000 width=8) (actual time=0.487..24.283 rows=100000 loops=1)
                                       ->  Hash  (cost=1.38..1.38 rows=2 width=30) (actual time=0.206..0.207 rows=2 loops=1)
                                             Buckets: 1024  Batches: 1  Memory Usage: 9kB
                                             ->  Seq Scan on nation n1  (cost=0.00..1.38 rows=2 width=30) (actual time=0.197..0.201 rows=2 loops=1)
                                                   Filter: ((n_name = 'PERU'::bpchar) OR (n_name = 'MOROCCO'::bpchar))
                                                   Rows Removed by Filter: 23
                     ->  Hash  (cost=536581.54..536581.54 rows=1200045 width=30) (actual time=5103.778..5103.781 rows=1191175 loops=1)
                           Buckets: 1048576  Batches: 2  Memory Usage: 44259kB
                           ->  Hash Join  (cost=57055.36..536581.54 rows=1200045 width=30) (actual time=532.062..4859.096 rows=1191175 loops=1)
                                 Hash Cond: (orders.o_custkey = customer.c_custkey)
                                 ->  Seq Scan on orders  (cost=0.00..411273.63 rows=15000563 width=8) (actual time=0.647..1720.379 rows=15000000 loops=1)
                                 ->  Hash  (cost=55555.22..55555.22 rows=120011 width=30) (actual time=531.286..531.287 rows=119622 loops=1)
                                       Buckets: 131072  Batches: 1  Memory Usage: 8267kB
                                       ->  Hash Join  (cost=1.40..55555.22 rows=120011 width=30) (actual time=0.548..505.743 rows=119622 loops=1)
                                             Hash Cond: (customer.c_nationkey = n2.n_nationkey)
                                             ->  Seq Scan on customer  (cost=0.00..50948.39 rows=1500139 width=8) (actual time=0.512..360.107 rows=1500000 loops=1)
                                             ->  Hash  (cost=1.38..1.38 rows=2 width=30) (actual time=0.027..0.027 rows=2 loops=1)
                                                   Buckets: 1024  Batches: 1  Memory Usage: 9kB
                                                   ->  Seq Scan on nation n2  (cost=0.00..1.38 rows=2 width=30) (actual time=0.018..0.022 rows=2 loops=1)
                                                         Filter: ((n_name = 'MOROCCO'::bpchar) OR (n_name = 'PERU'::bpchar))
                                                         Rows Removed by Filter: 23
 Planning Time: 24.329 ms
 Execution Time: 18908.798 ms
(42 rows)

SET
SET
SET
                                                                                 QUERY PLAN                                                                                  
-----------------------------------------------------------------------------------------------------------------------------------------------------------------------------
 Limit  (cost=2717564.07..2717564.19 rows=1 width=116) (actual time=15569.481..15569.488 rows=1 loops=1)
   ->  GroupAggregate  (cost=2717564.07..2718774.12 rows=10048 width=116) (actual time=15569.480..15569.486 rows=1 loops=1)
         Group Key: n1.n_name, n2.n_name, (EXTRACT(year FROM lineitem.l_shipdate))
         ->  Sort  (cost=2717564.07..2717715.40 rows=60533 width=96) (actual time=15561.392..15562.000 rows=14421 loops=1)
               Sort Key: n1.n_name, n2.n_name, (EXTRACT(year FROM lineitem.l_shipdate))
               Sort Method: quicksort  Memory: 6955kB
               ->  Hash Join  (cost=563415.50..2712756.10 rows=60533 width=96) (actual time=4206.647..15529.463 rows=57794 loops=1)
                     Hash Cond: (lineitem.l_orderkey = orders.o_orderkey)
                     Join Filter: (((n1.n_name = 'PERU'::bpchar) AND (n2.n_name = 'MOROCCO'::bpchar)) OR ((n1.n_name = 'MOROCCO'::bpchar) AND (n2.n_name = 'PERU'::bpchar)))
                     Rows Removed by Join Filter: 58158
                     ->  Hash Join  (cost=3629.40..2111262.76 rows=1454561 width=46) (actual time=19.251..10719.642 rows=1455694 loops=1)
                           Hash Cond: (lineitem.l_suppkey = supplier.s_suppkey)
                           ->  Seq Scan on lineitem  (cost=0.00..2024905.22 rows=18182009 width=24) (actual time=0.035..8825.057 rows=18230325 loops=1)
                                 Filter: ((l_shipdate >= '1995-01-01'::date) AND (l_shipdate <= '1996-12-31'::date))
                                 Rows Removed by Filter: 41755727
                           ->  Hash  (cost=3529.40..3529.40 rows=8000 width=30) (actual time=19.208..19.210 rows=7981 loops=1)
                                 Buckets: 8192  Batches: 1  Memory Usage: 548kB
                                 ->  Hash Join  (cost=1.40..3529.40 rows=8000 width=30) (actual time=0.019..18.224 rows=7981 loops=1)
                                       Hash Cond: (supplier.s_nationkey = n1.n_nationkey)
                                       ->  Seq Scan on supplier  (cost=0.00..3221.00 rows=100000 width=8) (actual time=0.006..6.596 rows=100000 loops=1)
                                       ->  Hash  (cost=1.38..1.38 rows=2 width=30) (actual time=0.010..0.010 rows=2 loops=1)
                                             Buckets: 1024  Batches: 1  Memory Usage: 9kB
                                             ->  Seq Scan on nation n1  (cost=0.00..1.38 rows=2 width=30) (actual time=0.006..0.007 rows=2 loops=1)
                                                   Filter: ((n_name = 'PERU'::bpchar) OR (n_name = 'MOROCCO'::bpchar))
                                                   Rows Removed by Filter: 23
                     ->  Hash  (cost=536581.54..536581.54 rows=1200045 width=30) (actual time=4185.072..4185.074 rows=1191175 loops=1)
                           Buckets: 1048576  Batches: 2  Memory Usage: 44259kB
                           ->  Hash Join  (cost=57055.36..536581.54 rows=1200045 width=30) (actual time=295.716..3934.804 rows=1191175 loops=1)
                                 Hash Cond: (orders.o_custkey = customer.c_custkey)
                                 ->  Seq Scan on orders  (cost=0.00..411273.63 rows=15000563 width=8) (actual time=0.038..1269.744 rows=15000000 loops=1)
                                 ->  Hash  (cost=55555.22..55555.22 rows=120011 width=30) (actual time=295.549..295.550 rows=119622 loops=1)
                                       Buckets: 131072  Batches: 1  Memory Usage: 8267kB
                                       ->  Hash Join  (cost=1.40..55555.22 rows=120011 width=30) (actual time=0.021..274.919 rows=119622 loops=1)
                                             Hash Cond: (customer.c_nationkey = n2.n_nationkey)
                                             ->  Seq Scan on customer  (cost=0.00..50948.39 rows=1500139 width=8) (actual time=0.003..100.511 rows=1500000 loops=1)
                                             ->  Hash  (cost=1.38..1.38 rows=2 width=30) (actual time=0.013..0.013 rows=2 loops=1)
                                                   Buckets: 1024  Batches: 1  Memory Usage: 9kB
                                                   ->  Seq Scan on nation n2  (cost=0.00..1.38 rows=2 width=30) (actual time=0.008..0.010 rows=2 loops=1)
                                                         Filter: ((n_name = 'MOROCCO'::bpchar) OR (n_name = 'PERU'::bpchar))
                                                         Rows Removed by Filter: 23
 Planning Time: 2.389 ms
 Execution Time: 15569.821 ms
(42 rows)

query 8 run 1
SET
SET
SET
                                                                                          QUERY PLAN                                                                                           
-----------------------------------------------------------------------------------------------------------------------------------------------------------------------------------------------
 Limit  (cost=1209948.39..1209948.64 rows=1 width=64) (actual time=60805.341..60805.348 rows=1 loops=1)
   ->  GroupAggregate  (cost=1209948.39..1210543.26 rows=2406 width=64) (actual time=60805.340..60805.346 rows=1 loops=1)
         Group Key: (EXTRACT(year FROM orders.o_orderdate))
         ->  Sort  (cost=1209948.39..1210009.14 rows=24300 width=70) (actual time=60799.374..60799.838 rows=11818 loops=1)
               Sort Key: (EXTRACT(year FROM orders.o_orderdate))
               Sort Method: quicksort  Memory: 2445kB
               ->  Nested Loop  (cost=858302.12..1208178.30 rows=24300 width=70) (actual time=55251.198..60781.737 rows=23842 loops=1)
                     ->  Hash Join  (cost=858301.97..1207500.69 rows=24300 width=20) (actual time=55251.167..60744.119 rows=23842 loops=1)
                           Hash Cond: (lineitem.l_suppkey = supplier.s_suppkey)
                           ->  Hash Join  (cost=853830.97..1202965.90 rows=24300 width=20) (actual time=55207.252..60688.886 rows=23842 loops=1)
                                 Hash Cond: (orders.o_custkey = customer.c_custkey)
                                 ->  Hash Join  (cost=790503.92..1138940.22 rows=121502 width=24) (actual time=54635.735..60083.996 rows=118593 loops=1)
                                       Hash Cond: (orders.o_orderkey = lineitem.l_orderkey)
                                       ->  Bitmap Heap Scan on orders  (cost=52866.73..382897.35 rows=4584175 width=12) (actual time=366.621..4833.490 rows=4557513 loops=1)
                                             Recheck Cond: ((o_orderdate >= '1995-01-01'::date) AND (o_orderdate <= '1996-12-31'::date))
                                             Heap Blocks: exact=261268
                                             ->  Bitmap Index Scan on idx_orders_orderdate  (cost=0.00..51720.68 rows=4584175 width=0) (actual time=312.103..312.103 rows=4557513 loops=1)
                                                   Index Cond: ((o_orderdate >= '1995-01-01'::date) AND (o_orderdate <= '1996-12-31'::date))
                                       ->  Hash  (cost=732667.38..732667.38 rows=397585 width=20) (actual time=54268.798..54268.799 rows=389521 loops=1)
                                             Buckets: 524288  Batches: 1  Memory Usage: 25019kB
                                             ->  Nested Loop  (cost=0.44..732667.38 rows=397585 width=20) (actual time=2.320..53821.663 rows=389521 loops=1)
                                                   ->  Seq Scan on part  (cost=0.00..65980.35 rows=13256 width=4) (actual time=1.679..599.325 rows=13011 loops=1)
                                                         Filter: ((p_type)::text = 'LARGE POLISHED BRASS'::text)
                                                         Rows Removed by Filter: 1986989
                                                   ->  Index Scan using idx_lineitem_part_supp on lineitem  (cost=0.44..49.97 rows=32 width=24) (actual time=0.255..4.072 rows=30 loops=13011)
                                                         Index Cond: (l_partkey = part.p_partkey)
                                 ->  Hash  (cost=59576.70..59576.70 rows=300028 width=4) (actual time=570.846..570.848 rows=299436 loops=1)
                                       Buckets: 524288  Batches: 1  Memory Usage: 14624kB
                                       ->  Hash Join  (cost=2.51..59576.70 rows=300028 width=4) (actual time=1.083..520.902 rows=299436 loops=1)
                                             Hash Cond: (customer.c_nationkey = n1.n_nationkey)
                                             ->  Seq Scan on customer  (cost=0.00..50948.39 rows=1500139 width=8) (actual time=0.618..359.396 rows=1500000 loops=1)
                                             ->  Hash  (cost=2.45..2.45 rows=5 width=4) (actual time=0.452..0.454 rows=5 loops=1)
                                                   Buckets: 1024  Batches: 1  Memory Usage: 9kB
                                                   ->  Hash Join  (cost=1.07..2.45 rows=5 width=4) (actual time=0.442..0.451 rows=5 loops=1)
                                                         Hash Cond: (n1.n_regionkey = region.r_regionkey)
                                                         ->  Seq Scan on nation n1  (cost=0.00..1.25 rows=25 width=8) (actual time=0.211..0.214 rows=25 loops=1)
                                                         ->  Hash  (cost=1.06..1.06 rows=1 width=4) (actual time=0.221..0.222 rows=1 loops=1)
                                                               Buckets: 1024  Batches: 1  Memory Usage: 9kB
                                                               ->  Seq Scan on region  (cost=0.00..1.06 rows=1 width=4) (actual time=0.215..0.217 rows=1 loops=1)
                                                                     Filter: (r_name = 'AMERICA'::bpchar)
                                                                     Rows Removed by Filter: 4
                           ->  Hash  (cost=3221.00..3221.00 rows=100000 width=8) (actual time=43.653..43.654 rows=100000 loops=1)
                                 Buckets: 131072  Batches: 1  Memory Usage: 4931kB
                                 ->  Seq Scan on supplier  (cost=0.00..3221.00 rows=100000 width=8) (actual time=0.575..28.779 rows=100000 loops=1)
                     ->  Memoize  (cost=0.15..0.92 rows=1 width=30) (actual time=0.000..0.000 rows=1 loops=23842)
                           Cache Key: supplier.s_nationkey
                           Cache Mode: logical
                           Hits: 23817  Misses: 25  Evictions: 0  Overflows: 0  Memory Usage: 4kB
                           ->  Index Scan using nation_pkey on nation n2  (cost=0.14..0.91 rows=1 width=30) (actual time=0.004..0.004 rows=1 loops=25)
                                 Index Cond: (n_nationkey = supplier.s_nationkey)
 Planning Time: 28.648 ms
 Execution Time: 60805.922 ms
(52 rows)

SET
SET
SET
                                                                                          QUERY PLAN                                                                                           
-----------------------------------------------------------------------------------------------------------------------------------------------------------------------------------------------
 Limit  (cost=1209948.39..1209948.64 rows=1 width=64) (actual time=4951.105..4951.112 rows=1 loops=1)
   ->  GroupAggregate  (cost=1209948.39..1210543.26 rows=2406 width=64) (actual time=4951.104..4951.110 rows=1 loops=1)
         Group Key: (EXTRACT(year FROM orders.o_orderdate))
         ->  Sort  (cost=1209948.39..1210009.14 rows=24300 width=70) (actual time=4945.230..4945.682 rows=11818 loops=1)
               Sort Key: (EXTRACT(year FROM orders.o_orderdate))
               Sort Method: quicksort  Memory: 2445kB
               ->  Nested Loop  (cost=858302.12..1208178.30 rows=24300 width=70) (actual time=2750.318..4934.371 rows=23842 loops=1)
                     ->  Hash Join  (cost=858301.97..1207500.69 rows=24300 width=20) (actual time=2750.304..4912.667 rows=23842 loops=1)
                           Hash Cond: (lineitem.l_suppkey = supplier.s_suppkey)
                           ->  Hash Join  (cost=853830.97..1202965.90 rows=24300 width=20) (actual time=2713.901..4866.250 rows=23842 loops=1)
                                 Hash Cond: (orders.o_custkey = customer.c_custkey)
                                 ->  Hash Join  (cost=790503.92..1138940.22 rows=121502 width=24) (actual time=2275.224..4398.927 rows=118593 loops=1)
                                       Hash Cond: (orders.o_orderkey = lineitem.l_orderkey)
                                       ->  Bitmap Heap Scan on orders  (cost=52866.73..382897.35 rows=4584175 width=12) (actual time=346.887..1613.798 rows=4557513 loops=1)
                                             Recheck Cond: ((o_orderdate >= '1995-01-01'::date) AND (o_orderdate <= '1996-12-31'::date))
                                             Heap Blocks: exact=261268
                                             ->  Bitmap Index Scan on idx_orders_orderdate  (cost=0.00..51720.68 rows=4584175 width=0) (actual time=293.708..293.708 rows=4557513 loops=1)
                                                   Index Cond: ((o_orderdate >= '1995-01-01'::date) AND (o_orderdate <= '1996-12-31'::date))
                                       ->  Hash  (cost=732667.38..732667.38 rows=397585 width=20) (actual time=1928.012..1928.014 rows=389521 loops=1)
                                             Buckets: 524288  Batches: 1  Memory Usage: 25019kB
                                             ->  Nested Loop  (cost=0.44..732667.38 rows=397585 width=20) (actual time=0.098..1819.785 rows=389521 loops=1)
                                                   ->  Seq Scan on part  (cost=0.00..65980.35 rows=13256 width=4) (actual time=0.072..316.015 rows=13011 loops=1)
                                                         Filter: ((p_type)::text = 'LARGE POLISHED BRASS'::text)
                                                         Rows Removed by Filter: 1986989
                                                   ->  Index Scan using idx_lineitem_part_supp on lineitem  (cost=0.44..49.97 rows=32 width=24) (actual time=0.009..0.110 rows=30 loops=13011)
                                                         Index Cond: (l_partkey = part.p_partkey)
                                 ->  Hash  (cost=59576.70..59576.70 rows=300028 width=4) (actual time=437.958..437.961 rows=299436 loops=1)
                                       Buckets: 524288  Batches: 1  Memory Usage: 14624kB
                                       ->  Hash Join  (cost=2.51..59576.70 rows=300028 width=4) (actual time=0.072..390.359 rows=299436 loops=1)
                                             Hash Cond: (customer.c_nationkey = n1.n_nationkey)
                                             ->  Seq Scan on customer  (cost=0.00..50948.39 rows=1500139 width=8) (actual time=0.025..233.099 rows=1500000 loops=1)
                                             ->  Hash  (cost=2.45..2.45 rows=5 width=4) (actual time=0.039..0.041 rows=5 loops=1)
                                                   Buckets: 1024  Batches: 1  Memory Usage: 9kB
                                                   ->  Hash Join  (cost=1.07..2.45 rows=5 width=4) (actual time=0.035..0.039 rows=5 loops=1)
                                                         Hash Cond: (n1.n_regionkey = region.r_regionkey)
                                                         ->  Seq Scan on nation n1  (cost=0.00..1.25 rows=25 width=8) (actual time=0.012..0.013 rows=25 loops=1)
                                                         ->  Hash  (cost=1.06..1.06 rows=1 width=4) (actual time=0.018..0.018 rows=1 loops=1)
                                                               Buckets: 1024  Batches: 1  Memory Usage: 9kB
                                                               ->  Seq Scan on region  (cost=0.00..1.06 rows=1 width=4) (actual time=0.014..0.015 rows=1 loops=1)
                                                                     Filter: (r_name = 'AMERICA'::bpchar)
                                                                     Rows Removed by Filter: 4
                           ->  Hash  (cost=3221.00..3221.00 rows=100000 width=8) (actual time=36.104..36.104 rows=100000 loops=1)
                                 Buckets: 131072  Batches: 1  Memory Usage: 4931kB
                                 ->  Seq Scan on supplier  (cost=0.00..3221.00 rows=100000 width=8) (actual time=0.016..20.137 rows=100000 loops=1)
                     ->  Memoize  (cost=0.15..0.92 rows=1 width=30) (actual time=0.000..0.000 rows=1 loops=23842)
                           Cache Key: supplier.s_nationkey
                           Cache Mode: logical
                           Hits: 23817  Misses: 25  Evictions: 0  Overflows: 0  Memory Usage: 4kB
                           ->  Index Scan using nation_pkey on nation n2  (cost=0.14..0.91 rows=1 width=30) (actual time=0.002..0.002 rows=1 loops=25)
                                 Index Cond: (n_nationkey = supplier.s_nationkey)
 Planning Time: 4.589 ms
 Execution Time: 4951.402 ms
(52 rows)

query 9 run 1
SET
SET
SET
                                                                                   QUERY PLAN                                                                                    
---------------------------------------------------------------------------------------------------------------------------------------------------------------------------------
 Limit  (cost=2013330.99..2013331.03 rows=1 width=90) (actual time=174068.721..174068.726 rows=1 loops=1)
   ->  GroupAggregate  (cost=2013330.99..2013336.49 rows=157 width=90) (actual time=174068.719..174068.724 rows=1 loops=1)
         Group Key: nation.n_name, (EXTRACT(year FROM orders.o_orderdate))
         ->  Sort  (cost=2013330.99..2013331.39 rows=157 width=81) (actual time=174057.341..174060.606 rows=11401 loops=1)
               Sort Key: nation.n_name, (EXTRACT(year FROM orders.o_orderdate)) DESC
               Sort Method: external merge  Disk: 211224kB
               ->  Nested Loop  (cost=67496.63..2013325.27 rows=157 width=81) (actual time=673.053..170183.829 rows=3248192 loops=1)
                     Join Filter: (supplier.s_nationkey = nation.n_nationkey)
                     Rows Removed by Join Filter: 39009119
                     ->  Nested Loop  (cost=67496.63..2013266.76 rows=157 width=31) (actual time=672.869..162553.915 rows=3248192 loops=1)
                           ->  Nested Loop  (cost=67496.20..2012729.41 rows=157 width=31) (actual time=671.926..118553.669 rows=3248192 loops=1)
                                 ->  Nested Loop  (cost=67495.90..2012211.46 rows=158 width=35) (actual time=671.338..110663.167 rows=3248192 loops=1)
                                       ->  Hash Join  (cost=67495.46..343732.25 rows=484919 width=18) (actual time=670.833..3224.146 rows=433248 loops=1)
                                             Hash Cond: (partsupp.ps_partkey = part.p_partkey)
                                             ->  Seq Scan on partsupp  (cost=0.00..255233.68 rows=8001168 width=14) (actual time=0.457..1365.970 rows=8000000 loops=1)
                                             ->  Hash  (cost=65980.35..65980.35 rows=121209 width=4) (actual time=669.980..669.981 rows=108312 loops=1)
                                                   Buckets: 131072  Batches: 1  Memory Usage: 4832kB
                                                   ->  Seq Scan on part  (cost=0.00..65980.35 rows=121209 width=4) (actual time=0.490..645.616 rows=108312 loops=1)
                                                         Filter: ((p_name)::text ~~ '%navy%'::text)
                                                         Rows Removed by Filter: 1891688
                                       ->  Index Scan using idx_lineitem_part_supp on lineitem  (cost=0.44..3.43 rows=1 width=29) (actual time=0.035..0.245 rows=7 loops=433248)
                                             Index Cond: ((l_partkey = partsupp.ps_partkey) AND (l_suppkey = partsupp.ps_suppkey))
                                 ->  Index Scan using supplier_pkey on supplier  (cost=0.29..3.28 rows=1 width=8) (actual time=0.002..0.002 rows=1 loops=3248192)
                                       Index Cond: (s_suppkey = lineitem.l_suppkey)
                           ->  Index Scan using orders_pkey on orders  (cost=0.43..3.42 rows=1 width=8) (actual time=0.013..0.013 rows=1 loops=3248192)
                                 Index Cond: (o_orderkey = lineitem.l_orderkey)
                     ->  Materialize  (cost=0.00..1.38 rows=25 width=30) (actual time=0.000..0.001 rows=13 loops=3248192)
                           ->  Seq Scan on nation  (cost=0.00..1.25 rows=25 width=30) (actual time=0.168..0.170 rows=25 loops=1)
 Planning Time: 29.987 ms
 Execution Time: 174095.848 ms
(30 rows)

SET
SET
SET
                                                                                   QUERY PLAN                                                                                    
---------------------------------------------------------------------------------------------------------------------------------------------------------------------------------
 Limit  (cost=2013330.99..2013331.03 rows=1 width=90) (actual time=67763.035..67763.040 rows=1 loops=1)
   ->  GroupAggregate  (cost=2013330.99..2013336.49 rows=157 width=90) (actual time=67763.033..67763.038 rows=1 loops=1)
         Group Key: nation.n_name, (EXTRACT(year FROM orders.o_orderdate))
         ->  Sort  (cost=2013330.99..2013331.39 rows=157 width=81) (actual time=67751.743..67755.034 rows=11401 loops=1)
               Sort Key: nation.n_name, (EXTRACT(year FROM orders.o_orderdate)) DESC
               Sort Method: external merge  Disk: 211224kB
               ->  Nested Loop  (cost=67496.63..2013325.27 rows=157 width=81) (actual time=610.818..64221.443 rows=3248192 loops=1)
                     Join Filter: (supplier.s_nationkey = nation.n_nationkey)
                     Rows Removed by Join Filter: 39009119
                     ->  Nested Loop  (cost=67496.63..2013266.76 rows=157 width=31) (actual time=610.801..57860.350 rows=3248192 loops=1)
                           ->  Nested Loop  (cost=67496.20..2012729.41 rows=157 width=31) (actual time=610.787..38042.012 rows=3248192 loops=1)
                                 ->  Nested Loop  (cost=67495.90..2012211.46 rows=158 width=35) (actual time=610.772..31936.269 rows=3248192 loops=1)
                                       ->  Hash Join  (cost=67495.46..343732.25 rows=484919 width=18) (actual time=610.748..2689.197 rows=433248 loops=1)
                                             Hash Cond: (partsupp.ps_partkey = part.p_partkey)
                                             ->  Seq Scan on partsupp  (cost=0.00..255233.68 rows=8001168 width=14) (actual time=0.254..1016.690 rows=8000000 loops=1)
                                             ->  Hash  (cost=65980.35..65980.35 rows=121209 width=4) (actual time=610.104..610.105 rows=108312 loops=1)
                                                   Buckets: 131072  Batches: 1  Memory Usage: 4832kB
                                                   ->  Seq Scan on part  (cost=0.00..65980.35 rows=121209 width=4) (actual time=0.308..586.992 rows=108312 loops=1)
                                                         Filter: ((p_name)::text ~~ '%navy%'::text)
                                                         Rows Removed by Filter: 1891688
                                       ->  Index Scan using idx_lineitem_part_supp on lineitem  (cost=0.44..3.43 rows=1 width=29) (actual time=0.011..0.066 rows=7 loops=433248)
                                             Index Cond: ((l_partkey = partsupp.ps_partkey) AND (l_suppkey = partsupp.ps_suppkey))
                                 ->  Index Scan using supplier_pkey on supplier  (cost=0.29..3.28 rows=1 width=8) (actual time=0.001..0.001 rows=1 loops=3248192)
                                       Index Cond: (s_suppkey = lineitem.l_suppkey)
                           ->  Index Scan using orders_pkey on orders  (cost=0.43..3.42 rows=1 width=8) (actual time=0.006..0.006 rows=1 loops=3248192)
                                 Index Cond: (o_orderkey = lineitem.l_orderkey)
                     ->  Materialize  (cost=0.00..1.38 rows=25 width=30) (actual time=0.000..0.001 rows=13 loops=3248192)
                           ->  Seq Scan on nation  (cost=0.00..1.25 rows=25 width=30) (actual time=0.004..0.007 rows=25 loops=1)
 Planning Time: 17.753 ms
 Execution Time: 67789.173 ms
(30 rows)

query 10 run 1
SET
SET
SET
                                                                                            QUERY PLAN                                                                                            
--------------------------------------------------------------------------------------------------------------------------------------------------------------------------------------------------
 Limit  (cost=2395619.68..2395619.73 rows=20 width=202) (actual time=20634.734..20634.740 rows=20 loops=1)
   ->  Sort  (cost=2395619.68..2397020.56 rows=560355 width=202) (actual time=20634.733..20634.737 rows=20 loops=1)
         Sort Key: (sum((lineitem.l_extendedprice * ('1'::numeric - lineitem.l_discount)))) DESC
         Sort Method: top-N heapsort  Memory: 33kB
         ->  GroupAggregate  (cost=2250986.76..2380708.83 rows=560355 width=202) (actual time=17978.542..20511.287 rows=381205 loops=1)
               Group Key: customer.c_custkey, nation.n_name
               ->  Incremental Sort  (cost=2250986.76..2366699.96 rows=560355 width=182) (actual time=17978.530..19744.070 rows=1145402 loops=1)
                     Sort Key: customer.c_custkey, nation.n_name
                     Presorted Key: customer.c_custkey
                     Full-sort Groups: 34068  Sort Method: quicksort  Average Memory: 31kB  Peak Memory: 31kB
                     ->  Nested Loop  (cost=2250986.59..2341483.98 rows=560355 width=182) (actual time=17978.385..19370.930 rows=1145402 loops=1)
                           ->  Merge Join  (cost=2250986.44..2327762.64 rows=560355 width=160) (actual time=17978.114..18949.131 rows=1145402 loops=1)
                                 Merge Cond: (customer.c_custkey = orders.o_custkey)
                                 ->  Index Scan using customer_pkey on customer  (cost=0.43..64624.01 rows=1500139 width=148) (actual time=0.489..489.866 rows=1499997 loops=1)
                                 ->  Sort  (cost=2250983.14..2252384.03 rows=560355 width=16) (actual time=17977.610..18090.828 rows=1145402 loops=1)
                                       Sort Key: orders.o_custkey
                                       Sort Method: external sort  Disk: 35288kB
                                       ->  Hash Join  (cost=283118.55..2197480.50 rows=560355 width=16) (actual time=4802.024..17512.211 rows=1145402 loops=1)
                                             Hash Cond: (lineitem.l_orderkey = orders.o_orderkey)
                                             ->  Seq Scan on lineitem  (cost=0.00..1874944.85 rows=15016032 width=16) (actual time=0.499..10924.307 rows=14808183 loops=1)
                                                   Filter: (l_returnflag = 'R'::bpchar)
                                                   Rows Removed by Filter: 45177869
                                             ->  Hash  (cost=276121.33..276121.33 rows=559778 width=8) (actual time=4799.450..4799.451 rows=573160 loops=1)
                                                   Buckets: 1048576  Batches: 1  Memory Usage: 30582kB
                                                   ->  Bitmap Heap Scan on orders  (cost=6456.66..276121.33 rows=559778 width=8) (actual time=112.258..4636.550 rows=573160 loops=1)
                                                         Recheck Cond: ((o_orderdate >= '1994-08-01'::date) AND (o_orderdate < '1994-11-01'::date))
                                                         Heap Blocks: exact=233346
                                                         ->  Bitmap Index Scan on idx_orders_orderdate  (cost=0.00..6316.72 rows=559778 width=0) (actual time=64.884..64.885 rows=573160 loops=1)
                                                               Index Cond: ((o_orderdate >= '1994-08-01'::date) AND (o_orderdate < '1994-11-01'::date))
                           ->  Memoize  (cost=0.15..0.92 rows=1 width=30) (actual time=0.000..0.000 rows=1 loops=1145402)
                                 Cache Key: customer.c_nationkey
                                 Cache Mode: logical
                                 Hits: 1145377  Misses: 25  Evictions: 0  Overflows: 0  Memory Usage: 4kB
                                 ->  Index Scan using nation_pkey on nation  (cost=0.14..0.91 rows=1 width=30) (actual time=0.012..0.012 rows=1 loops=25)
                                       Index Cond: (n_nationkey = customer.c_nationkey)
 Planning Time: 24.026 ms
 Execution Time: 20639.948 ms
(37 rows)

SET
SET
SET
                                                                                            QUERY PLAN                                                                                            
--------------------------------------------------------------------------------------------------------------------------------------------------------------------------------------------------
 Limit  (cost=2395619.68..2395619.73 rows=20 width=202) (actual time=15061.981..15061.986 rows=20 loops=1)
   ->  Sort  (cost=2395619.68..2397020.56 rows=560355 width=202) (actual time=15061.980..15061.983 rows=20 loops=1)
         Sort Key: (sum((lineitem.l_extendedprice * ('1'::numeric - lineitem.l_discount)))) DESC
         Sort Method: top-N heapsort  Memory: 33kB
         ->  GroupAggregate  (cost=2250986.76..2380708.83 rows=560355 width=202) (actual time=12576.376..14940.941 rows=381205 loops=1)
               Group Key: customer.c_custkey, nation.n_name
               ->  Incremental Sort  (cost=2250986.76..2366699.96 rows=560355 width=182) (actual time=12576.363..14182.848 rows=1145402 loops=1)
                     Sort Key: customer.c_custkey, nation.n_name
                     Presorted Key: customer.c_custkey
                     Full-sort Groups: 34068  Sort Method: quicksort  Average Memory: 31kB  Peak Memory: 31kB
                     ->  Nested Loop  (cost=2250986.59..2341483.98 rows=560355 width=182) (actual time=12576.259..13817.489 rows=1145402 loops=1)
                           ->  Merge Join  (cost=2250986.44..2327762.64 rows=560355 width=160) (actual time=12576.229..13418.007 rows=1145402 loops=1)
                                 Merge Cond: (customer.c_custkey = orders.o_custkey)
                                 ->  Index Scan using customer_pkey on customer  (cost=0.43..64624.01 rows=1500139 width=148) (actual time=0.012..364.823 rows=1499997 loops=1)
                                 ->  Sort  (cost=2250983.14..2252384.03 rows=560355 width=16) (actual time=12576.202..12687.277 rows=1145402 loops=1)
                                       Sort Key: orders.o_custkey
                                       Sort Method: external sort  Disk: 35288kB
                                       ->  Hash Join  (cost=283118.55..2197480.50 rows=560355 width=16) (actual time=1485.237..12124.425 rows=1145402 loops=1)
                                             Hash Cond: (lineitem.l_orderkey = orders.o_orderkey)
                                             ->  Seq Scan on lineitem  (cost=0.00..1874944.85 rows=15016032 width=16) (actual time=0.014..8920.784 rows=14808183 loops=1)
                                                   Filter: (l_returnflag = 'R'::bpchar)
                                                   Rows Removed by Filter: 45177869
                                             ->  Hash  (cost=276121.33..276121.33 rows=559778 width=8) (actual time=1483.754..1483.755 rows=573160 loops=1)
                                                   Buckets: 1048576  Batches: 1  Memory Usage: 30582kB
                                                   ->  Bitmap Heap Scan on orders  (cost=6456.66..276121.33 rows=559778 width=8) (actual time=110.787..1362.298 rows=573160 loops=1)
                                                         Recheck Cond: ((o_orderdate >= '1994-08-01'::date) AND (o_orderdate < '1994-11-01'::date))
                                                         Heap Blocks: exact=233346
                                                         ->  Bitmap Index Scan on idx_orders_orderdate  (cost=0.00..6316.72 rows=559778 width=0) (actual time=64.107..64.107 rows=573160 loops=1)
                                                               Index Cond: ((o_orderdate >= '1994-08-01'::date) AND (o_orderdate < '1994-11-01'::date))
                           ->  Memoize  (cost=0.15..0.92 rows=1 width=30) (actual time=0.000..0.000 rows=1 loops=1145402)
                                 Cache Key: customer.c_nationkey
                                 Cache Mode: logical
                                 Hits: 1145377  Misses: 25  Evictions: 0  Overflows: 0  Memory Usage: 4kB
                                 ->  Index Scan using nation_pkey on nation  (cost=0.14..0.91 rows=1 width=30) (actual time=0.002..0.002 rows=1 loops=25)
                                       Index Cond: (n_nationkey = customer.c_nationkey)
 Planning Time: 1.790 ms
 Execution Time: 15066.785 ms
(37 rows)

query 11 run 1
SET
SET
SET
                                                                                QUERY PLAN                                                                                 
---------------------------------------------------------------------------------------------------------------------------------------------------------------------------
 Limit  (cost=606649.52..606649.52 rows=1 width=36) (actual time=3846.667..3846.673 rows=0 loops=1)
   InitPlan 1 (returns $1)
     ->  Aggregate  (cost=293150.34..293150.36 rows=1 width=32) (actual time=1576.292..1576.295 rows=1 loops=1)
           ->  Hash Join  (cost=2311.46..290749.99 rows=320047 width=10) (actual time=2.919..1486.441 rows=320800 loops=1)
                 Hash Cond: (partsupp_1.ps_suppkey = supplier_1.s_suppkey)
                 ->  Seq Scan on partsupp partsupp_1  (cost=0.00..255233.68 rows=8001168 width=14) (actual time=0.017..751.543 rows=8000000 loops=1)
                 ->  Hash  (cost=2261.46..2261.46 rows=4000 width=4) (actual time=2.853..2.855 rows=4010 loops=1)
                       Buckets: 4096  Batches: 1  Memory Usage: 173kB
                       ->  Nested Loop  (cost=37.29..2261.46 rows=4000 width=4) (actual time=0.606..2.487 rows=4010 loops=1)
                             ->  Seq Scan on nation nation_1  (cost=0.00..1.31 rows=1 width=4) (actual time=0.014..0.016 rows=1 loops=1)
                                   Filter: (n_name = 'SAUDI ARABIA'::bpchar)
                                   Rows Removed by Filter: 24
                             ->  Bitmap Heap Scan on supplier supplier_1  (cost=37.29..2220.15 rows=4000 width=8) (actual time=0.588..2.144 rows=4010 loops=1)
                                   Recheck Cond: (s_nationkey = nation_1.n_nationkey)
                                   Heap Blocks: exact=1869
                                   ->  Bitmap Index Scan on idx_supplier_nation_key  (cost=0.00..36.29 rows=4000 width=0) (actual time=0.378..0.378 rows=4010 loops=1)
                                         Index Cond: (s_nationkey = nation_1.n_nationkey)
   ->  Sort  (cost=313499.16..313765.87 rows=106682 width=36) (actual time=3846.666..3846.668 rows=0 loops=1)
         Sort Key: (sum((partsupp.ps_supplycost * (partsupp.ps_availqty)::numeric))) DESC
         Sort Method: quicksort  Memory: 25kB
         ->  HashAggregate  (cost=305039.59..312965.75 rows=106682 width=36) (actual time=3846.634..3846.636 rows=0 loops=1)
               Group Key: partsupp.ps_partkey
               Filter: (sum((partsupp.ps_supplycost * (partsupp.ps_availqty)::numeric)) > $1)
               Planned Partitions: 4  Batches: 5  Memory Usage: 65585kB  Disk Usage: 7312kB
               Rows Removed by Filter: 301833
               ->  Hash Join  (cost=2311.46..290749.99 rows=320047 width=14) (actual time=40.726..1896.324 rows=320800 loops=1)
                     Hash Cond: (partsupp.ps_suppkey = supplier.s_suppkey)
                     ->  Seq Scan on partsupp  (cost=0.00..255233.68 rows=8001168 width=18) (actual time=0.651..1076.352 rows=8000000 loops=1)
                     ->  Hash  (cost=2261.46..2261.46 rows=4000 width=4) (actual time=39.998..40.000 rows=4010 loops=1)
                           Buckets: 4096  Batches: 1  Memory Usage: 173kB
                           ->  Nested Loop  (cost=37.29..2261.46 rows=4000 width=4) (actual time=1.834..39.047 rows=4010 loops=1)
                                 ->  Seq Scan on nation  (cost=0.00..1.31 rows=1 width=4) (actual time=0.214..0.218 rows=1 loops=1)
                                       Filter: (n_name = 'SAUDI ARABIA'::bpchar)
                                       Rows Removed by Filter: 24
                                 ->  Bitmap Heap Scan on supplier  (cost=37.29..2220.15 rows=4000 width=8) (actual time=1.611..38.233 rows=4010 loops=1)
                                       Recheck Cond: (s_nationkey = nation.n_nationkey)
                                       Heap Blocks: exact=1869
                                       ->  Bitmap Index Scan on idx_supplier_nation_key  (cost=0.00..36.29 rows=4000 width=0) (actual time=0.941..0.941 rows=4010 loops=1)
                                             Index Cond: (s_nationkey = nation.n_nationkey)
 Planning Time: 15.037 ms
 Execution Time: 3849.438 ms
(41 rows)

SET
SET
SET
                                                                                QUERY PLAN                                                                                 
---------------------------------------------------------------------------------------------------------------------------------------------------------------------------
 Limit  (cost=606649.52..606649.52 rows=1 width=36) (actual time=3432.812..3432.818 rows=0 loops=1)
   InitPlan 1 (returns $1)
     ->  Aggregate  (cost=293150.34..293150.36 rows=1 width=32) (actual time=1574.117..1574.120 rows=1 loops=1)
           ->  Hash Join  (cost=2311.46..290749.99 rows=320047 width=10) (actual time=2.887..1483.964 rows=320800 loops=1)
                 Hash Cond: (partsupp_1.ps_suppkey = supplier_1.s_suppkey)
                 ->  Seq Scan on partsupp partsupp_1  (cost=0.00..255233.68 rows=8001168 width=14) (actual time=0.017..748.846 rows=8000000 loops=1)
                 ->  Hash  (cost=2261.46..2261.46 rows=4000 width=4) (actual time=2.824..2.825 rows=4010 loops=1)
                       Buckets: 4096  Batches: 1  Memory Usage: 173kB
                       ->  Nested Loop  (cost=37.29..2261.46 rows=4000 width=4) (actual time=0.572..2.457 rows=4010 loops=1)
                             ->  Seq Scan on nation nation_1  (cost=0.00..1.31 rows=1 width=4) (actual time=0.006..0.007 rows=1 loops=1)
                                   Filter: (n_name = 'SAUDI ARABIA'::bpchar)
                                   Rows Removed by Filter: 24
                             ->  Bitmap Heap Scan on supplier supplier_1  (cost=37.29..2220.15 rows=4000 width=8) (actual time=0.562..2.116 rows=4010 loops=1)
                                   Recheck Cond: (s_nationkey = nation_1.n_nationkey)
                                   Heap Blocks: exact=1869
                                   ->  Bitmap Index Scan on idx_supplier_nation_key  (cost=0.00..36.29 rows=4000 width=0) (actual time=0.352..0.352 rows=4010 loops=1)
                                         Index Cond: (s_nationkey = nation_1.n_nationkey)
   ->  Sort  (cost=313499.16..313765.87 rows=106682 width=36) (actual time=3432.810..3432.813 rows=0 loops=1)
         Sort Key: (sum((partsupp.ps_supplycost * (partsupp.ps_availqty)::numeric))) DESC
         Sort Method: quicksort  Memory: 25kB
         ->  HashAggregate  (cost=305039.59..312965.75 rows=106682 width=36) (actual time=3432.778..3432.780 rows=0 loops=1)
               Group Key: partsupp.ps_partkey
               Filter: (sum((partsupp.ps_supplycost * (partsupp.ps_availqty)::numeric)) > $1)
               Planned Partitions: 4  Batches: 5  Memory Usage: 65585kB  Disk Usage: 7312kB
               Rows Removed by Filter: 301833
               ->  Hash Join  (cost=2311.46..290749.99 rows=320047 width=14) (actual time=3.685..1494.080 rows=320800 loops=1)
                     Hash Cond: (partsupp.ps_suppkey = supplier.s_suppkey)
                     ->  Seq Scan on partsupp  (cost=0.00..255233.68 rows=8001168 width=18) (actual time=0.037..759.450 rows=8000000 loops=1)
                     ->  Hash  (cost=2261.46..2261.46 rows=4000 width=4) (actual time=3.619..3.620 rows=4010 loops=1)
                           Buckets: 4096  Batches: 1  Memory Usage: 173kB
                           ->  Nested Loop  (cost=37.29..2261.46 rows=4000 width=4) (actual time=0.514..3.230 rows=4010 loops=1)
                                 ->  Seq Scan on nation  (cost=0.00..1.31 rows=1 width=4) (actual time=0.009..0.011 rows=1 loops=1)
                                       Filter: (n_name = 'SAUDI ARABIA'::bpchar)
                                       Rows Removed by Filter: 24
                                 ->  Bitmap Heap Scan on supplier  (cost=37.29..2220.15 rows=4000 width=8) (actual time=0.500..2.862 rows=4010 loops=1)
                                       Recheck Cond: (s_nationkey = nation.n_nationkey)
                                       Heap Blocks: exact=1869
                                       ->  Bitmap Index Scan on idx_supplier_nation_key  (cost=0.00..36.29 rows=4000 width=0) (actual time=0.277..0.278 rows=4010 loops=1)
                                             Index Cond: (s_nationkey = nation.n_nationkey)
 Planning Time: 0.880 ms
 Execution Time: 3435.061 ms
(41 rows)

query 12 run 1
SET
SET
SET
                                                                                                                    QUERY PLAN                                                                                                                     
---------------------------------------------------------------------------------------------------------------------------------------------------------------------------------------------------------------------------------------------------
 Limit  (cost=3030455.98..3031262.14 rows=1 width=27) (actual time=19345.825..19345.828 rows=1 loops=1)
   ->  GroupAggregate  (cost=3030455.98..3036099.09 rows=7 width=27) (actual time=19345.824..19345.826 rows=1 loops=1)
         Group Key: lineitem.l_shipmode
         ->  Sort  (cost=3030455.98..3031161.36 rows=282152 width=27) (actual time=19299.552..19305.774 rows=155572 loops=1)
               Sort Key: lineitem.l_shipmode
               Sort Method: quicksort  Memory: 26853kB
               ->  Hash Join  (cost=2478313.23..3004912.60 rows=282152 width=27) (actual time=15159.726..19236.763 rows=311258 loops=1)
                     Hash Cond: (orders.o_orderkey = lineitem.l_orderkey)
                     ->  Seq Scan on orders  (cost=0.00..411273.63 rows=15000563 width=20) (actual time=0.573..1675.780 rows=15000000 loops=1)
                     ->  Hash  (cost=2474786.33..2474786.33 rows=282152 width=15) (actual time=15158.399..15158.400 rows=311258 loops=1)
                           Buckets: 524288  Batches: 1  Memory Usage: 18687kB
                           ->  Seq Scan on lineitem  (cost=0.00..2474786.33 rows=282152 width=15) (actual time=1.293..15078.419 rows=311258 loops=1)
                                 Filter: ((l_shipmode = ANY ('{SHIP,"REG AIR"}'::bpchar[])) AND (l_commitdate < l_receiptdate) AND (l_shipdate < l_commitdate) AND (l_receiptdate >= '1994-01-01'::date) AND (l_receiptdate < '1995-01-01'::date))
                                 Rows Removed by Filter: 59674794
 Planning Time: 16.916 ms
 Execution Time: 19346.315 ms
(16 rows)

SET
SET
SET
                                                                                                                    QUERY PLAN                                                                                                                     
---------------------------------------------------------------------------------------------------------------------------------------------------------------------------------------------------------------------------------------------------
 Limit  (cost=3030455.98..3031262.14 rows=1 width=27) (actual time=16689.813..16689.816 rows=1 loops=1)
   ->  GroupAggregate  (cost=3030455.98..3036099.09 rows=7 width=27) (actual time=16689.812..16689.814 rows=1 loops=1)
         Group Key: lineitem.l_shipmode
         ->  Sort  (cost=3030455.98..3031161.36 rows=282152 width=27) (actual time=16643.566..16649.795 rows=155572 loops=1)
               Sort Key: lineitem.l_shipmode
               Sort Method: quicksort  Memory: 26853kB
               ->  Hash Join  (cost=2478313.23..3004912.60 rows=282152 width=27) (actual time=13062.190..16582.595 rows=311258 loops=1)
                     Hash Cond: (orders.o_orderkey = lineitem.l_orderkey)
                     ->  Seq Scan on orders  (cost=0.00..411273.63 rows=15000563 width=20) (actual time=0.018..1242.018 rows=15000000 loops=1)
                     ->  Hash  (cost=2474786.33..2474786.33 rows=282152 width=15) (actual time=13061.489..13061.489 rows=311258 loops=1)
                           Buckets: 524288  Batches: 1  Memory Usage: 18687kB
                           ->  Seq Scan on lineitem  (cost=0.00..2474786.33 rows=282152 width=15) (actual time=0.106..12989.000 rows=311258 loops=1)
                                 Filter: ((l_shipmode = ANY ('{SHIP,"REG AIR"}'::bpchar[])) AND (l_commitdate < l_receiptdate) AND (l_shipdate < l_commitdate) AND (l_receiptdate >= '1994-01-01'::date) AND (l_receiptdate < '1995-01-01'::date))
                                 Rows Removed by Filter: 59674794
 Planning Time: 0.790 ms
 Execution Time: 16689.925 ms
(16 rows)

query 13 run 1
SET
SET
SET
                                                                                    QUERY PLAN                                                                                     
-----------------------------------------------------------------------------------------------------------------------------------------------------------------------------------
 Limit  (cost=1369911.44..1369911.44 rows=1 width=16) (actual time=16996.442..16996.445 rows=1 loops=1)
   ->  Sort  (cost=1369911.44..1369911.94 rows=200 width=16) (actual time=16996.440..16996.442 rows=1 loops=1)
         Sort Key: (count(*)) DESC, (count(orders.o_orderkey)) DESC
         Sort Method: top-N heapsort  Memory: 25kB
         ->  HashAggregate  (cost=1369908.44..1369910.44 rows=200 width=16) (actual time=16996.414..16996.422 rows=46 loops=1)
               Group Key: count(orders.o_orderkey)
               Batches: 1  Memory Usage: 40kB
               ->  HashAggregate  (cost=1215224.78..1347406.35 rows=1500139 width=12) (actual time=14844.577..16828.215 rows=1500000 loops=1)
                     Group Key: customer.c_custkey
                     Planned Partitions: 4  Batches: 5  Memory Usage: 65585kB  Disk Usage: 212480kB
                     ->  Hash Right Join  (cost=53288.25..664477.94 rows=14999063 width=8) (actual time=363.920..11036.908 rows=15337604 loops=1)
                           Hash Cond: (orders.o_custkey = customer.c_custkey)
                           ->  Seq Scan on orders  (cost=0.00..448775.04 rows=14999063 width=8) (actual time=0.629..5264.700 rows=14837583 loops=1)
                                 Filter: ((o_comment)::text !~~ '%special%requests%'::text)
                                 Rows Removed by Filter: 162417
                           ->  Hash  (cost=28676.51..28676.51 rows=1500139 width=4) (actual time=360.670..360.670 rows=1500000 loops=1)
                                 Buckets: 2097152  Batches: 2  Memory Usage: 42747kB
                                 ->  Index Only Scan using customer_pkey on customer  (cost=0.43..28676.51 rows=1500139 width=4) (actual time=0.020..158.920 rows=1500000 loops=1)
                                       Heap Fetches: 0
 Planning Time: 15.831 ms
 Execution Time: 17029.238 ms
(21 rows)

SET
SET
SET
                                                                                    QUERY PLAN                                                                                     
-----------------------------------------------------------------------------------------------------------------------------------------------------------------------------------
 Limit  (cost=1369911.44..1369911.44 rows=1 width=16) (actual time=16456.239..16456.242 rows=1 loops=1)
   ->  Sort  (cost=1369911.44..1369911.94 rows=200 width=16) (actual time=16456.237..16456.239 rows=1 loops=1)
         Sort Key: (count(*)) DESC, (count(orders.o_orderkey)) DESC
         Sort Method: top-N heapsort  Memory: 25kB
         ->  HashAggregate  (cost=1369908.44..1369910.44 rows=200 width=16) (actual time=16456.005..16456.013 rows=46 loops=1)
               Group Key: count(orders.o_orderkey)
               Batches: 1  Memory Usage: 40kB
               ->  HashAggregate  (cost=1215224.78..1347406.35 rows=1500139 width=12) (actual time=14301.281..16286.676 rows=1500000 loops=1)
                     Group Key: customer.c_custkey
                     Planned Partitions: 4  Batches: 5  Memory Usage: 65585kB  Disk Usage: 212480kB
                     ->  Hash Right Join  (cost=53288.25..664477.94 rows=14999063 width=8) (actual time=330.955..10489.267 rows=15337604 loops=1)
                           Hash Cond: (orders.o_custkey = customer.c_custkey)
                           ->  Seq Scan on orders  (cost=0.00..448775.04 rows=14999063 width=8) (actual time=0.033..4801.739 rows=14837583 loops=1)
                                 Filter: ((o_comment)::text !~~ '%special%requests%'::text)
                                 Rows Removed by Filter: 162417
                           ->  Hash  (cost=28676.51..28676.51 rows=1500139 width=4) (actual time=328.446..328.447 rows=1500000 loops=1)
                                 Buckets: 2097152  Batches: 2  Memory Usage: 42747kB
                                 ->  Index Only Scan using customer_pkey on customer  (cost=0.43..28676.51 rows=1500139 width=4) (actual time=0.019..128.951 rows=1500000 loops=1)
                                       Heap Fetches: 0
 Planning Time: 0.676 ms
 Execution Time: 16489.704 ms
(21 rows)

query 14 run 1
SET
SET
SET
                                                                              QUERY PLAN                                                                               
-----------------------------------------------------------------------------------------------------------------------------------------------------------------------
 Limit  (cost=1252563.72..1252563.73 rows=1 width=32) (actual time=67382.883..67382.886 rows=1 loops=1)
   ->  Aggregate  (cost=1252563.72..1252563.73 rows=1 width=32) (actual time=67382.882..67382.883 rows=1 loops=1)
         ->  Hash Join  (cost=99652.40..1239602.27 rows=740654 width=33) (actual time=863.878..66750.257 rows=772942 loops=1)
               Hash Cond: (lineitem.l_partkey = part.p_partkey)
               ->  Index Scan using idx_lineitem_shipdate on lineitem  (cost=0.56..1117100.22 rows=740654 width=16) (actual time=1.251..64770.979 rows=772942 loops=1)
                     Index Cond: ((l_shipdate >= '1994-05-01'::date) AND (l_shipdate < '1994-06-01'::date))
               ->  Hash  (cost=60980.48..60980.48 rows=1999948 width=25) (actual time=860.656..860.656 rows=2000000 loops=1)
                     Buckets: 1048576  Batches: 4  Memory Usage: 37079kB
                     ->  Seq Scan on part  (cost=0.00..60980.48 rows=1999948 width=25) (actual time=0.638..520.215 rows=2000000 loops=1)
 Planning Time: 17.169 ms
 Execution Time: 67383.326 ms
(11 rows)

SET
SET
SET
                                                                              QUERY PLAN                                                                              
----------------------------------------------------------------------------------------------------------------------------------------------------------------------
 Limit  (cost=1252563.72..1252563.73 rows=1 width=32) (actual time=3498.079..3498.082 rows=1 loops=1)
   ->  Aggregate  (cost=1252563.72..1252563.73 rows=1 width=32) (actual time=3498.078..3498.080 rows=1 loops=1)
         ->  Hash Join  (cost=99652.40..1239602.27 rows=740654 width=33) (actual time=712.329..3164.902 rows=772942 loops=1)
               Hash Cond: (lineitem.l_partkey = part.p_partkey)
               ->  Index Scan using idx_lineitem_shipdate on lineitem  (cost=0.56..1117100.22 rows=740654 width=16) (actual time=0.038..1872.537 rows=772942 loops=1)
                     Index Cond: ((l_shipdate >= '1994-05-01'::date) AND (l_shipdate < '1994-06-01'::date))
               ->  Hash  (cost=60980.48..60980.48 rows=1999948 width=25) (actual time=710.854..710.855 rows=2000000 loops=1)
                     Buckets: 1048576  Batches: 4  Memory Usage: 37079kB
                     ->  Seq Scan on part  (cost=0.00..60980.48 rows=1999948 width=25) (actual time=0.029..381.540 rows=2000000 loops=1)
 Planning Time: 1.120 ms
 Execution Time: 3498.198 ms
(11 rows)

query 15 run 1
SET
SET
SET
CREATE VIEW
                                                                                   QUERY PLAN                                                                                   
--------------------------------------------------------------------------------------------------------------------------------------------------------------------------------
 Limit  (cost=3754752.35..3754761.30 rows=1 width=103) (actual time=19455.007..19455.010 rows=1 loops=1)
   InitPlan 1 (returns $0)
     ->  Aggregate  (cost=1877853.78..1877853.79 rows=1 width=32) (actual time=6203.329..6203.331 rows=1 loops=1)
           ->  HashAggregate  (cost=1875397.88..1876625.83 rows=98236 width=36) (actual time=6161.759..6197.698 rows=100000 loops=1)
                 Group Key: lineitem_1.l_suppkey
                 Batches: 1  Memory Usage: 43025kB
                 ->  Bitmap Heap Scan on lineitem lineitem_1  (cost=35697.62..1853134.90 rows=2226298 width=16) (actual time=364.683..4624.536 rows=2265714 loops=1)
                       Recheck Cond: ((l_shipdate >= '1996-01-01'::date) AND (l_shipdate < '1996-04-01'::date))
                       Rows Removed by Index Recheck: 13223651
                       Heap Blocks: exact=401153 lossy=267105
                       ->  Bitmap Index Scan on idx_lineitem_shipdate  (cost=0.00..35141.04 rows=2226298 width=0) (actual time=277.656..277.656 rows=2265714 loops=1)
                             Index Cond: ((l_shipdate >= '1996-01-01'::date) AND (l_shipdate < '1996-04-01'::date))
   ->  Merge Join  (cost=1876898.57..1881291.43 rows=491 width=103) (actual time=19455.005..19455.006 rows=1 loops=1)
         Merge Cond: (supplier.s_suppkey = revenue0.supplier_no)
         ->  Index Scan using supplier_pkey on supplier  (cost=0.29..4135.79 rows=100000 width=71) (actual time=0.626..18.896 rows=69998 loops=1)
         ->  Sort  (cost=1876898.27..1876899.50 rows=491 width=36) (actual time=19431.830..19431.832 rows=1 loops=1)
               Sort Key: revenue0.supplier_no
               Sort Method: quicksort  Memory: 25kB
               ->  Subquery Scan on revenue0  (cost=1875397.88..1876876.33 rows=491 width=36) (actual time=19406.209..19431.821 rows=1 loops=1)
                     ->  HashAggregate  (cost=1875397.88..1876871.42 rows=491 width=36) (actual time=19406.208..19431.819 rows=1 loops=1)
                           Group Key: lineitem.l_suppkey
                           Filter: (sum((lineitem.l_extendedprice * ('1'::numeric - lineitem.l_discount))) = $0)
                           Batches: 1  Memory Usage: 43025kB
                           Rows Removed by Filter: 99999
                           ->  Bitmap Heap Scan on lineitem  (cost=35697.62..1853134.90 rows=2226298 width=16) (actual time=423.358..11200.120 rows=2265714 loops=1)
                                 Recheck Cond: ((l_shipdate >= '1996-01-01'::date) AND (l_shipdate < '1996-04-01'::date))
                                 Rows Removed by Index Recheck: 13223651
                                 Heap Blocks: exact=401153 lossy=267105
                                 ->  Bitmap Index Scan on idx_lineitem_shipdate  (cost=0.00..35141.04 rows=2226298 width=0) (actual time=335.384..335.384 rows=2265714 loops=1)
                                       Index Cond: ((l_shipdate >= '1996-01-01'::date) AND (l_shipdate < '1996-04-01'::date))
 Planning Time: 13.749 ms
 Execution Time: 19456.802 ms
(32 rows)

DROP VIEW
SET
SET
SET
CREATE VIEW
                                                                                   QUERY PLAN                                                                                   
--------------------------------------------------------------------------------------------------------------------------------------------------------------------------------
 Limit  (cost=3754752.35..3754761.30 rows=1 width=103) (actual time=12931.779..12931.782 rows=1 loops=1)
   InitPlan 1 (returns $0)
     ->  Aggregate  (cost=1877853.78..1877853.79 rows=1 width=32) (actual time=6221.310..6221.311 rows=1 loops=1)
           ->  HashAggregate  (cost=1875397.88..1876625.83 rows=98236 width=36) (actual time=6179.597..6215.647 rows=100000 loops=1)
                 Group Key: lineitem_1.l_suppkey
                 Batches: 1  Memory Usage: 43025kB
                 ->  Bitmap Heap Scan on lineitem lineitem_1  (cost=35697.62..1853134.90 rows=2226298 width=16) (actual time=364.107..4641.233 rows=2265714 loops=1)
                       Recheck Cond: ((l_shipdate >= '1996-01-01'::date) AND (l_shipdate < '1996-04-01'::date))
                       Rows Removed by Index Recheck: 13223651
                       Heap Blocks: exact=401153 lossy=267105
                       ->  Bitmap Index Scan on idx_lineitem_shipdate  (cost=0.00..35141.04 rows=2226298 width=0) (actual time=277.169..277.169 rows=2265714 loops=1)
                             Index Cond: ((l_shipdate >= '1996-01-01'::date) AND (l_shipdate < '1996-04-01'::date))
   ->  Merge Join  (cost=1876898.57..1881291.43 rows=491 width=103) (actual time=12931.777..12931.779 rows=1 loops=1)
         Merge Cond: (supplier.s_suppkey = revenue0.supplier_no)
         ->  Index Scan using supplier_pkey on supplier  (cost=0.29..4135.79 rows=100000 width=71) (actual time=0.046..11.811 rows=69998 loops=1)
         ->  Sort  (cost=1876898.27..1876899.50 rows=491 width=36) (actual time=12916.035..12916.036 rows=1 loops=1)
               Sort Key: revenue0.supplier_no
               Sort Method: quicksort  Memory: 25kB
               ->  Subquery Scan on revenue0  (cost=1875397.88..1876876.33 rows=491 width=36) (actual time=12890.442..12916.028 rows=1 loops=1)
                     ->  HashAggregate  (cost=1875397.88..1876871.42 rows=491 width=36) (actual time=12890.441..12916.026 rows=1 loops=1)
                           Group Key: lineitem.l_suppkey
                           Filter: (sum((lineitem.l_extendedprice * ('1'::numeric - lineitem.l_discount))) = $0)
                           Batches: 1  Memory Usage: 43025kB
                           Rows Removed by Filter: 99999
                           ->  Bitmap Heap Scan on lineitem  (cost=35697.62..1853134.90 rows=2226298 width=16) (actual time=386.889..5116.430 rows=2265714 loops=1)
                                 Recheck Cond: ((l_shipdate >= '1996-01-01'::date) AND (l_shipdate < '1996-04-01'::date))
                                 Rows Removed by Index Recheck: 13223651
                                 Heap Blocks: exact=401153 lossy=267105
                                 ->  Bitmap Index Scan on idx_lineitem_shipdate  (cost=0.00..35141.04 rows=2226298 width=0) (actual time=299.962..299.963 rows=2265714 loops=1)
                                       Index Cond: ((l_shipdate >= '1996-01-01'::date) AND (l_shipdate < '1996-04-01'::date))
 Planning Time: 1.002 ms
 Execution Time: 12933.355 ms
(32 rows)

DROP VIEW
query 16 run 1
SET
SET
SET
                                                                                         QUERY PLAN                                                                                         
--------------------------------------------------------------------------------------------------------------------------------------------------------------------------------------------
 Limit  (cost=357873.67..357873.67 rows=1 width=44) (actual time=7677.456..7677.460 rows=1 loops=1)
   ->  Sort  (cost=357873.67..358256.39 rows=153090 width=44) (actual time=7677.455..7677.458 rows=1 loops=1)
         Sort Key: (count(DISTINCT partsupp.ps_suppkey)) DESC, part.p_brand, part.p_type, part.p_size
         Sort Method: top-N heapsort  Memory: 25kB
         ->  GroupAggregate  (cost=348228.20..357108.22 rows=153090 width=44) (actual time=6881.333..7673.020 rows=27838 loops=1)
               Group Key: part.p_brand, part.p_type, part.p_size
               ->  Sort  (cost=348228.20..349698.03 rows=587929 width=40) (actual time=6881.283..7450.009 rows=1186319 loops=1)
                     Sort Key: part.p_brand, part.p_type, part.p_size, partsupp.ps_suppkey
                     Sort Method: external merge  Disk: 60584kB
                     ->  Hash Join  (cost=98125.08..281552.58 rows=587929 width=40) (actual time=830.830..3144.348 rows=1186319 loops=1)
                           Hash Cond: (partsupp.ps_partkey = part.p_partkey)
                           ->  Index Only Scan using partsupp_pkey on partsupp  (cost=3471.46..176397.40 rows=4000584 width=8) (actual time=36.647..1545.577 rows=7995520 loops=1)
                                 Filter: (NOT (hashed SubPlan 1))
                                 Rows Removed by Filter: 4480
                                 Heap Fetches: 0
                                 SubPlan 1
                                   ->  Seq Scan on supplier  (cost=0.00..3471.00 rows=10 width=4) (actual time=1.625..36.332 rows=56 loops=1)
                                         Filter: ((s_comment)::text ~~ '%Customer%Complaints%'::text)
                                         Rows Removed by Filter: 99944
                           ->  Hash  (cost=90979.70..90979.70 rows=293914 width=40) (actual time=793.550..793.550 rows=296733 loops=1)
                                 Buckets: 524288  Batches: 1  Memory Usage: 25593kB
                                 ->  Seq Scan on part  (cost=0.00..90979.70 rows=293914 width=40) (actual time=0.750..724.058 rows=296733 loops=1)
                                       Filter: ((p_brand <> 'Brand#12'::bpchar) AND ((p_type)::text !~~ 'SMALL BRUSHED%'::text) AND (p_size = ANY ('{12,32,36,26,40,34,49,9}'::integer[])))
                                       Rows Removed by Filter: 1703267
 Planning Time: 16.659 ms
 Execution Time: 7685.694 ms
(26 rows)

SET
SET
SET
                                                                                         QUERY PLAN                                                                                         
--------------------------------------------------------------------------------------------------------------------------------------------------------------------------------------------
 Limit  (cost=357873.67..357873.67 rows=1 width=44) (actual time=7227.096..7227.099 rows=1 loops=1)
   ->  Sort  (cost=357873.67..358256.39 rows=153090 width=44) (actual time=7227.095..7227.097 rows=1 loops=1)
         Sort Key: (count(DISTINCT partsupp.ps_suppkey)) DESC, part.p_brand, part.p_type, part.p_size
         Sort Method: top-N heapsort  Memory: 25kB
         ->  GroupAggregate  (cost=348228.20..357108.22 rows=153090 width=44) (actual time=6426.062..7222.654 rows=27838 loops=1)
               Group Key: part.p_brand, part.p_type, part.p_size
               ->  Sort  (cost=348228.20..349698.03 rows=587929 width=40) (actual time=6426.012..6998.809 rows=1186319 loops=1)
                     Sort Key: part.p_brand, part.p_type, part.p_size, partsupp.ps_suppkey
                     Sort Method: external merge  Disk: 60584kB
                     ->  Hash Join  (cost=98125.08..281552.58 rows=587929 width=40) (actual time=543.225..2697.583 rows=1186319 loops=1)
                           Hash Cond: (partsupp.ps_partkey = part.p_partkey)
                           ->  Index Only Scan using partsupp_pkey on partsupp  (cost=3471.46..176397.40 rows=4000584 width=8) (actual time=20.028..1378.687 rows=7995520 loops=1)
                                 Filter: (NOT (hashed SubPlan 1))
                                 Rows Removed by Filter: 4480
                                 Heap Fetches: 0
                                 SubPlan 1
                                   ->  Seq Scan on supplier  (cost=0.00..3471.00 rows=10 width=4) (actual time=0.086..19.960 rows=56 loops=1)
                                         Filter: ((s_comment)::text ~~ '%Customer%Complaints%'::text)
                                         Rows Removed by Filter: 99944
                           ->  Hash  (cost=90979.70..90979.70 rows=293914 width=40) (actual time=522.573..522.574 rows=296733 loops=1)
                                 Buckets: 524288  Batches: 1  Memory Usage: 25593kB
                                 ->  Seq Scan on part  (cost=0.00..90979.70 rows=293914 width=40) (actual time=0.015..460.517 rows=296733 loops=1)
                                       Filter: ((p_brand <> 'Brand#12'::bpchar) AND ((p_type)::text !~~ 'SMALL BRUSHED%'::text) AND (p_size = ANY ('{12,32,36,26,40,34,49,9}'::integer[])))
                                       Rows Removed by Filter: 1703267
 Planning Time: 0.873 ms
 Execution Time: 7235.119 ms
(26 rows)

query 17 run 1
SET
SET
SET
                                                                            QUERY PLAN                                                                            
------------------------------------------------------------------------------------------------------------------------------------------------------------------
 Limit  (cost=4885837.88..4885837.90 rows=1 width=32) (actual time=54403.763..54403.766 rows=1 loops=1)
   ->  Aggregate  (cost=4885837.88..4885837.90 rows=1 width=32) (actual time=54403.762..54403.764 rows=1 loops=1)
         ->  Nested Loop  (cost=4174267.88..4885791.45 rows=18571 width=8) (actual time=31979.568..54401.949 rows=5319 loops=1)
               Join Filter: (lineitem.l_partkey = part.p_partkey)
               ->  Hash Join  (cost=4174267.44..4792787.78 rows=1858 width=40) (actual time=31978.721..53171.106 rows=1996 loops=1)
                     Hash Cond: (lineitem_1.l_partkey = part.p_partkey)
                     ->  HashAggregate  (cost=4103262.22..4716906.73 rows=1857454 width=36) (actual time=31459.323..52504.659 rows=2000000 loops=1)
                           Group Key: lineitem_1.l_partkey
                           Planned Partitions: 16  Batches: 17  Memory Usage: 65681kB  Disk Usage: 1996856kB
                           ->  Seq Scan on lineitem lineitem_1  (cost=0.00..1724984.48 rows=59984148 width=9) (actual time=0.610..7221.927 rows=59986052 loops=1)
                     ->  Hash  (cost=70980.22..70980.22 rows=2000 width=4) (actual time=517.477..517.478 rows=1996 loops=1)
                           Buckets: 2048  Batches: 1  Memory Usage: 87kB
                           ->  Seq Scan on part  (cost=0.00..70980.22 rows=2000 width=4) (actual time=1.491..516.278 rows=1996 loops=1)
                                 Filter: ((p_brand = 'Brand#22'::bpchar) AND (p_container = 'LG BOX'::bpchar))
                                 Rows Removed by Filter: 1998004
               ->  Index Scan using idx_lineitem_part_supp on lineitem  (cost=0.44..49.92 rows=11 width=17) (actual time=0.474..0.615 rows=3 loops=1996)
                     Index Cond: (l_partkey = lineitem_1.l_partkey)
                     Filter: (l_quantity < ((0.2 * avg(lineitem_1.l_quantity))))
                     Rows Removed by Filter: 27
 Planning Time: 15.894 ms
 Execution Time: 54627.592 ms
(21 rows)

SET
SET
SET
                                                                            QUERY PLAN                                                                            
------------------------------------------------------------------------------------------------------------------------------------------------------------------
 Limit  (cost=4885837.88..4885837.90 rows=1 width=32) (actual time=50713.113..50713.116 rows=1 loops=1)
   ->  Aggregate  (cost=4885837.88..4885837.90 rows=1 width=32) (actual time=50713.112..50713.114 rows=1 loops=1)
         ->  Nested Loop  (cost=4174267.88..4885791.45 rows=18571 width=8) (actual time=29510.193..50712.251 rows=5319 loops=1)
               Join Filter: (lineitem.l_partkey = part.p_partkey)
               ->  Hash Join  (cost=4174267.44..4792787.78 rows=1858 width=40) (actual time=29510.165..50668.183 rows=1996 loops=1)
                     Hash Cond: (lineitem_1.l_partkey = part.p_partkey)
                     ->  HashAggregate  (cost=4103262.22..4716906.73 rows=1857454 width=36) (actual time=29252.672..50270.410 rows=2000000 loops=1)
                           Group Key: lineitem_1.l_partkey
                           Planned Partitions: 16  Batches: 17  Memory Usage: 65681kB  Disk Usage: 1996856kB
                           ->  Seq Scan on lineitem lineitem_1  (cost=0.00..1724984.48 rows=59984148 width=9) (actual time=0.035..5432.666 rows=59986052 loops=1)
                     ->  Hash  (cost=70980.22..70980.22 rows=2000 width=4) (actual time=255.595..255.595 rows=1996 loops=1)
                           Buckets: 2048  Batches: 1  Memory Usage: 87kB
                           ->  Seq Scan on part  (cost=0.00..70980.22 rows=2000 width=4) (actual time=0.113..255.062 rows=1996 loops=1)
                                 Filter: ((p_brand = 'Brand#22'::bpchar) AND (p_container = 'LG BOX'::bpchar))
                                 Rows Removed by Filter: 1998004
               ->  Index Scan using idx_lineitem_part_supp on lineitem  (cost=0.44..49.92 rows=11 width=17) (actual time=0.010..0.021 rows=3 loops=1996)
                     Index Cond: (l_partkey = lineitem_1.l_partkey)
                     Filter: (l_quantity < ((0.2 * avg(lineitem_1.l_quantity))))
                     Rows Removed by Filter: 27
 Planning Time: 0.879 ms
 Execution Time: 50934.289 ms
(21 rows)

query 18 run 1
SET
SET
SET
                                                                                                 QUERY PLAN                                                                                                  
-------------------------------------------------------------------------------------------------------------------------------------------------------------------------------------------------------------
 Limit  (cost=8724719.45..8724719.70 rows=100 width=71) (actual time=41285.632..41285.646 rows=99 loops=1)
   ->  Sort  (cost=8724719.45..8774691.16 rows=19988683 width=71) (actual time=41285.631..41285.638 rows=99 loops=1)
         Sort Key: orders.o_totalprice DESC, orders.o_orderdate
         Sort Method: quicksort  Memory: 31kB
         ->  HashAggregate  (cost=7359544.25..7960766.36 rows=19988683 width=71) (actual time=41284.754..41285.539 rows=99 loops=1)
               Group Key: customer.c_custkey, orders.o_orderkey
               Planned Partitions: 128  Batches: 1  Memory Usage: 6225kB
               ->  Hash Join  (cost=78888.09..6282810.12 rows=19988683 width=44) (actual time=3004.171..41284.260 rows=693 loops=1)
                     Hash Cond: (orders.o_custkey = customer.c_custkey)
                     ->  Merge Join  (cost=397.97..5869775.55 rows=19988683 width=25) (actual time=978.681..40530.601 rows=693 loops=1)
                           Merge Cond: (orders.o_orderkey = lineitem.l_orderkey)
                           ->  Merge Join  (cost=1.00..3340262.35 rows=4998679 width=24) (actual time=755.657..29822.552 rows=99 loops=1)
                                 Merge Cond: (orders.o_orderkey = lineitem_1.l_orderkey)
                                 ->  Index Scan using orders_pkey on orders  (cost=0.43..547973.88 rows=15000563 width=20) (actual time=0.598..3010.203 rows=14982724 loops=1)
                                 ->  GroupAggregate  (cost=0.56..2692303.58 rows=4998679 width=4) (actual time=645.357..25916.511 rows=99 loops=1)
                                       Group Key: lineitem_1.l_orderkey
                                       Filter: (sum(lineitem_1.l_quantity) > '313'::numeric)
                                       Rows Removed by Filter: 14999901
                                       ->  Index Scan using idx_lineitem_orderkey on lineitem lineitem_1  (cost=0.56..2167442.28 rows=59984148 width=9) (actual time=0.491..12408.561 rows=59986052 loops=1)
                           ->  Index Scan using idx_lineitem_orderkey on lineitem  (cost=0.56..2167442.28 rows=59984148 width=9) (actual time=0.014..7396.480 rows=59916431 loops=1)
                     ->  Hash  (cost=50948.39..50948.39 rows=1500139 width=23) (actual time=669.934..669.935 rows=1500000 loops=1)
                           Buckets: 1048576  Batches: 2  Memory Usage: 49242kB
                           ->  Seq Scan on customer  (cost=0.00..50948.39 rows=1500139 width=23) (actual time=0.631..401.857 rows=1500000 loops=1)
 Planning Time: 21.781 ms
 Execution Time: 41287.019 ms
(25 rows)

SET
SET
SET
                                                                                                 QUERY PLAN                                                                                                  
-------------------------------------------------------------------------------------------------------------------------------------------------------------------------------------------------------------
 Limit  (cost=8724719.45..8724719.70 rows=100 width=71) (actual time=38020.902..38020.916 rows=99 loops=1)
   ->  Sort  (cost=8724719.45..8774691.16 rows=19988683 width=71) (actual time=38020.901..38020.908 rows=99 loops=1)
         Sort Key: orders.o_totalprice DESC, orders.o_orderdate
         Sort Method: quicksort  Memory: 31kB
         ->  HashAggregate  (cost=7359544.25..7960766.36 rows=19988683 width=71) (actual time=38020.030..38020.809 rows=99 loops=1)
               Group Key: customer.c_custkey, orders.o_orderkey
               Planned Partitions: 128  Batches: 1  Memory Usage: 6225kB
               ->  Hash Join  (cost=78888.09..6282810.12 rows=19988683 width=44) (actual time=2580.035..38019.559 rows=693 loops=1)
                     Hash Cond: (orders.o_custkey = customer.c_custkey)
                     ->  Merge Join  (cost=397.97..5869775.55 rows=19988683 width=25) (actual time=847.603..37396.009 rows=693 loops=1)
                           Merge Cond: (orders.o_orderkey = lineitem.l_orderkey)
                           ->  Merge Join  (cost=1.00..3340262.35 rows=4998679 width=24) (actual time=621.623..26645.642 rows=99 loops=1)
                                 Merge Cond: (orders.o_orderkey = lineitem_1.l_orderkey)
                                 ->  Index Scan using orders_pkey on orders  (cost=0.43..547973.88 rows=15000563 width=20) (actual time=0.029..2422.590 rows=14982724 loops=1)
                                 ->  GroupAggregate  (cost=0.56..2692303.58 rows=4998679 width=4) (actual time=540.769..23363.824 rows=99 loops=1)
                                       Group Key: lineitem_1.l_orderkey
                                       Filter: (sum(lineitem_1.l_quantity) > '313'::numeric)
                                       Rows Removed by Filter: 14999901
                                       ->  Index Scan using idx_lineitem_orderkey on lineitem lineitem_1  (cost=0.56..2167442.28 rows=59984148 width=9) (actual time=0.021..10081.275 rows=59986052 loops=1)
                           ->  Index Scan using idx_lineitem_orderkey on lineitem  (cost=0.56..2167442.28 rows=59984148 width=9) (actual time=0.013..7444.551 rows=59916431 loops=1)
                     ->  Hash  (cost=50948.39..50948.39 rows=1500139 width=23) (actual time=540.368..540.369 rows=1500000 loops=1)
                           Buckets: 1048576  Batches: 2  Memory Usage: 49242kB
                           ->  Seq Scan on customer  (cost=0.00..50948.39 rows=1500139 width=23) (actual time=0.030..278.263 rows=1500000 loops=1)
 Planning Time: 1.839 ms
 Execution Time: 38022.096 ms
(25 rows)

query 19 run 1
SET
SET
SET
                                                                                                                                                                                                                                                                                                                                                                                                                                                                                                            QUERY PLAN                                                                                                                                                                                                                                                                                                                                                                                                                                                                                                            
----------------------------------------------------------------------------------------------------------------------------------------------------------------------------------------------------------------------------------------------------------------------------------------------------------------------------------------------------------------------------------------------------------------------------------------------------------------------------------------------------------------------------------------------------------------------------------------------------------------------------------------------------------------------------------------------------------------------------------------------------------------------------------------------------------------------------------------------------------------------------------------------------------------------------------------------------------------------------------------------------------------------------------
 Limit  (cost=377427.65..377427.66 rows=1 width=32) (actual time=22778.765..22778.766 rows=1 loops=1)
   ->  Aggregate  (cost=377427.65..377427.66 rows=1 width=32) (actual time=22778.763..22778.764 rows=1 loops=1)
         ->  Nested Loop  (cost=0.44..377418.92 rows=1164 width=12) (actual time=60.446..22775.597 rows=1063 loops=1)
               ->  Seq Scan on part  (cost=0.00..125978.79 rows=4839 width=30) (actual time=1.578..841.611 rows=4781 loops=1)
                     Filter: ((p_size >= 1) AND (((p_brand = 'Brand#24'::bpchar) AND (p_container = ANY ('{"SM CASE","SM BOX","SM PACK","SM PKG"}'::bpchar[])) AND (p_size <= 5)) OR ((p_brand = 'Brand#43'::bpchar) AND (p_container = ANY ('{"MED BAG","MED BOX","MED PKG","MED PACK"}'::bpchar[])) AND (p_size <= 10)) OR ((p_brand = 'Brand#44'::bpchar) AND (p_container = ANY ('{"LG CASE","LG BOX","LG PACK","LG PKG"}'::bpchar[])) AND (p_size <= 15))))
                     Rows Removed by Filter: 1995219
               ->  Index Scan using idx_lineitem_part_supp on lineitem  (cost=0.44..51.95 rows=1 width=21) (actual time=4.139..4.586 rows=0 loops=4781)
                     Index Cond: (l_partkey = part.p_partkey)
                     Filter: ((l_shipmode = ANY ('{AIR,"AIR REG"}'::bpchar[])) AND (l_shipinstruct = 'DELIVER IN PERSON'::bpchar) AND (((l_quantity >= '10'::numeric) AND (l_quantity <= '20'::numeric)) OR ((l_quantity >= '10'::numeric) AND (l_quantity <= '20'::numeric)) OR ((l_quantity >= '20'::numeric) AND (l_quantity <= '30'::numeric))) AND (((part.p_brand = 'Brand#24'::bpchar) AND (part.p_container = ANY ('{"SM CASE","SM BOX","SM PACK","SM PKG"}'::bpchar[])) AND (l_quantity >= '10'::numeric) AND (l_quantity <= '20'::numeric) AND (part.p_size <= 5)) OR ((part.p_brand = 'Brand#43'::bpchar) AND (part.p_container = ANY ('{"MED BAG","MED BOX","MED PKG","MED PACK"}'::bpchar[])) AND (l_quantity >= '10'::numeric) AND (l_quantity <= '20'::numeric) AND (part.p_size <= 10)) OR ((part.p_brand = 'Brand#44'::bpchar) AND (part.p_container = ANY ('{"LG CASE","LG BOX","LG PACK","LG PKG"}'::bpchar[])) AND (l_quantity >= '20'::numeric) AND (l_quantity <= '30'::numeric) AND (part.p_size <= 15))))
                     Rows Removed by Filter: 30
 Planning Time: 18.813 ms
 Execution Time: 22779.377 ms
(12 rows)

SET
SET
SET
                                                                                                                                                                                                                                                                                                                                                                                                                                                                                                            QUERY PLAN                                                                                                                                                                                                                                                                                                                                                                                                                                                                                                            
----------------------------------------------------------------------------------------------------------------------------------------------------------------------------------------------------------------------------------------------------------------------------------------------------------------------------------------------------------------------------------------------------------------------------------------------------------------------------------------------------------------------------------------------------------------------------------------------------------------------------------------------------------------------------------------------------------------------------------------------------------------------------------------------------------------------------------------------------------------------------------------------------------------------------------------------------------------------------------------------------------------------------------
 Limit  (cost=377427.65..377427.66 rows=1 width=32) (actual time=632.000..632.001 rows=1 loops=1)
   ->  Aggregate  (cost=377427.65..377427.66 rows=1 width=32) (actual time=631.998..631.999 rows=1 loops=1)
         ->  Nested Loop  (cost=0.44..377418.92 rows=1164 width=12) (actual time=1.516..631.233 rows=1063 loops=1)
               ->  Seq Scan on part  (cost=0.00..125978.79 rows=4839 width=30) (actual time=0.225..474.238 rows=4781 loops=1)
                     Filter: ((p_size >= 1) AND (((p_brand = 'Brand#24'::bpchar) AND (p_container = ANY ('{"SM CASE","SM BOX","SM PACK","SM PKG"}'::bpchar[])) AND (p_size <= 5)) OR ((p_brand = 'Brand#43'::bpchar) AND (p_container = ANY ('{"MED BAG","MED BOX","MED PKG","MED PACK"}'::bpchar[])) AND (p_size <= 10)) OR ((p_brand = 'Brand#44'::bpchar) AND (p_container = ANY ('{"LG CASE","LG BOX","LG PACK","LG PKG"}'::bpchar[])) AND (p_size <= 15))))
                     Rows Removed by Filter: 1995219
               ->  Index Scan using idx_lineitem_part_supp on lineitem  (cost=0.44..51.95 rows=1 width=21) (actual time=0.029..0.032 rows=0 loops=4781)
                     Index Cond: (l_partkey = part.p_partkey)
                     Filter: ((l_shipmode = ANY ('{AIR,"AIR REG"}'::bpchar[])) AND (l_shipinstruct = 'DELIVER IN PERSON'::bpchar) AND (((l_quantity >= '10'::numeric) AND (l_quantity <= '20'::numeric)) OR ((l_quantity >= '10'::numeric) AND (l_quantity <= '20'::numeric)) OR ((l_quantity >= '20'::numeric) AND (l_quantity <= '30'::numeric))) AND (((part.p_brand = 'Brand#24'::bpchar) AND (part.p_container = ANY ('{"SM CASE","SM BOX","SM PACK","SM PKG"}'::bpchar[])) AND (l_quantity >= '10'::numeric) AND (l_quantity <= '20'::numeric) AND (part.p_size <= 5)) OR ((part.p_brand = 'Brand#43'::bpchar) AND (part.p_container = ANY ('{"MED BAG","MED BOX","MED PKG","MED PACK"}'::bpchar[])) AND (l_quantity >= '10'::numeric) AND (l_quantity <= '20'::numeric) AND (part.p_size <= 10)) OR ((part.p_brand = 'Brand#44'::bpchar) AND (part.p_container = ANY ('{"LG CASE","LG BOX","LG PACK","LG PKG"}'::bpchar[])) AND (l_quantity >= '20'::numeric) AND (l_quantity <= '30'::numeric) AND (part.p_size <= 15))))
                     Rows Removed by Filter: 30
 Planning Time: 1.244 ms
 Execution Time: 632.061 ms
(12 rows)

query 20 run 1
SET
SET
SET
                                                                                       QUERY PLAN                                                                                        
-----------------------------------------------------------------------------------------------------------------------------------------------------------------------------------------
 Limit  (cost=2798028.21..2798028.21 rows=1 width=51) (actual time=53969.452..53969.456 rows=1 loops=1)
   ->  Sort  (cost=2798028.21..2798028.21 rows=1 width=51) (actual time=53969.451..53969.454 rows=1 loops=1)
         Sort Key: supplier.s_name
         Sort Method: top-N heapsort  Memory: 25kB
         ->  Nested Loop Semi Join  (cost=2595687.57..2798028.20 rows=1 width=51) (actual time=32303.426..53967.589 rows=1821 loops=1)
               Join Filter: (supplier.s_suppkey = lineitem.l_suppkey)
               Rows Removed by Join Filter: 183418673
               ->  Nested Loop  (cost=0.00..4472.31 rows=4000 width=55) (actual time=0.689..23.865 rows=4095 loops=1)
                     Join Filter: (supplier.s_nationkey = nation.n_nationkey)
                     Rows Removed by Join Filter: 95905
                     ->  Seq Scan on nation  (cost=0.00..1.31 rows=1 width=4) (actual time=0.222..0.225 rows=1 loops=1)
                           Filter: (n_name = 'IRAQ'::bpchar)
                           Rows Removed by Filter: 24
                     ->  Seq Scan on supplier  (cost=0.00..3221.00 rows=100000 width=59) (actual time=0.460..16.356 rows=100000 loops=1)
               ->  Materialize  (cost=2595687.57..2793195.90 rows=6 width=8) (actual time=7.510..10.800 rows=44791 loops=4095)
                     ->  Hash Join  (cost=2595687.57..2793195.87 rows=6 width=8) (actual time=30753.042..37707.998 rows=59002 loops=1)
                           Hash Cond: ((lineitem.l_partkey = partsupp.ps_partkey) AND (lineitem.l_suppkey = partsupp.ps_suppkey))
                           Join Filter: ((partsupp.ps_availqty)::numeric > ((0.5 * sum(lineitem.l_quantity))))
                           Rows Removed by Join Filter: 123
                           ->  HashAggregate  (cost=2375369.76..2536602.69 rows=4836677 width=40) (actual time=25784.077..31990.831 rows=5448842 loops=1)
                                 Group Key: lineitem.l_partkey, lineitem.l_suppkey
                                 Planned Partitions: 32  Batches: 161  Memory Usage: 65809kB  Disk Usage: 358152kB
                                 ->  Bitmap Heap Scan on lineitem  (cost=145606.01..1992614.86 rows=9081117 width=13) (actual time=1245.101..20321.927 rows=9123688 loops=1)
                                       Recheck Cond: ((l_shipdate >= '1996-01-01'::date) AND (l_shipdate < '1997-01-01'::date))
                                       Rows Removed by Index Recheck: 23164080
                                       Heap Blocks: exact=518099 lossy=530696
                                       ->  Bitmap Index Scan on idx_lineitem_shipdate  (cost=0.00..143335.73 rows=9081117 width=0) (actual time=1120.801..1120.801 rows=9123688 loops=1)
                                             Index Cond: ((l_shipdate >= '1996-01-01'::date) AND (l_shipdate < '1997-01-01'::date))
                           ->  Hash  (cost=217893.21..217893.21 rows=161640 width=16) (actual time=4968.615..4968.617 rows=86872 loops=1)
                                 Buckets: 262144  Batches: 1  Memory Usage: 6121kB
                                 ->  Nested Loop  (cost=0.43..217893.21 rows=161640 width=16) (actual time=0.904..4921.511 rows=86872 loops=1)
                                       ->  Seq Scan on part  (cost=0.00..65980.35 rows=40403 width=4) (actual time=0.563..735.143 rows=21718 loops=1)
                                             Filter: ((p_name)::text ~~ 'olive%'::text)
                                             Rows Removed by Filter: 1978282
                                       ->  Index Scan using idx_partsupp_partkey on partsupp  (cost=0.43..3.57 rows=19 width=12) (actual time=0.176..0.191 rows=4 loops=21718)
                                             Index Cond: (ps_partkey = part.p_partkey)
 Planning Time: 19.886 ms
 Execution Time: 54011.086 ms
(38 rows)

SET
SET
SET
                                                                                      QUERY PLAN                                                                                       
---------------------------------------------------------------------------------------------------------------------------------------------------------------------------------------
 Limit  (cost=2798028.21..2798028.21 rows=1 width=51) (actual time=36942.973..36942.977 rows=1 loops=1)
   ->  Sort  (cost=2798028.21..2798028.21 rows=1 width=51) (actual time=36942.971..36942.975 rows=1 loops=1)
         Sort Key: supplier.s_name
         Sort Method: top-N heapsort  Memory: 25kB
         ->  Nested Loop Semi Join  (cost=2595687.57..2798028.20 rows=1 width=51) (actual time=15354.233..36941.188 rows=1821 loops=1)
               Join Filter: (supplier.s_suppkey = lineitem.l_suppkey)
               Rows Removed by Join Filter: 183418673
               ->  Nested Loop  (cost=0.00..4472.31 rows=4000 width=55) (actual time=0.031..19.729 rows=4095 loops=1)
                     Join Filter: (supplier.s_nationkey = nation.n_nationkey)
                     Rows Removed by Join Filter: 95905
                     ->  Seq Scan on nation  (cost=0.00..1.31 rows=1 width=4) (actual time=0.022..0.026 rows=1 loops=1)
                           Filter: (n_name = 'IRAQ'::bpchar)
                           Rows Removed by Filter: 24
                     ->  Seq Scan on supplier  (cost=0.00..3221.00 rows=100000 width=59) (actual time=0.005..12.421 rows=100000 loops=1)
               ->  Materialize  (cost=2595687.57..2793195.90 rows=6 width=8) (actual time=3.374..6.656 rows=44791 loops=4095)
                     ->  Hash Join  (cost=2595687.57..2793195.87 rows=6 width=8) (actual time=13816.537..20733.725 rows=59002 loops=1)
                           Hash Cond: ((lineitem.l_partkey = partsupp.ps_partkey) AND (lineitem.l_suppkey = partsupp.ps_suppkey))
                           Join Filter: ((partsupp.ps_availqty)::numeric > ((0.5 * sum(lineitem.l_quantity))))
                           Rows Removed by Join Filter: 123
                           ->  HashAggregate  (cost=2375369.76..2536602.69 rows=4836677 width=40) (actual time=13257.668..19431.020 rows=5448842 loops=1)
                                 Group Key: lineitem.l_partkey, lineitem.l_suppkey
                                 Planned Partitions: 32  Batches: 161  Memory Usage: 65809kB  Disk Usage: 358152kB
                                 ->  Bitmap Heap Scan on lineitem  (cost=145606.01..1992614.86 rows=9081117 width=13) (actual time=1095.727..9140.970 rows=9123688 loops=1)
                                       Recheck Cond: ((l_shipdate >= '1996-01-01'::date) AND (l_shipdate < '1997-01-01'::date))
                                       Rows Removed by Index Recheck: 23164080
                                       Heap Blocks: exact=518099 lossy=530696
                                       ->  Bitmap Index Scan on idx_lineitem_shipdate  (cost=0.00..143335.73 rows=9081117 width=0) (actual time=971.077..971.078 rows=9123688 loops=1)
                                             Index Cond: ((l_shipdate >= '1996-01-01'::date) AND (l_shipdate < '1997-01-01'::date))
                           ->  Hash  (cost=217893.21..217893.21 rows=161640 width=16) (actual time=558.524..558.526 rows=86872 loops=1)
                                 Buckets: 262144  Batches: 1  Memory Usage: 6121kB
                                 ->  Nested Loop  (cost=0.43..217893.21 rows=161640 width=16) (actual time=0.058..537.589 rows=86872 loops=1)
                                       ->  Seq Scan on part  (cost=0.00..65980.35 rows=40403 width=4) (actual time=0.042..335.267 rows=21718 loops=1)
                                             Filter: ((p_name)::text ~~ 'olive%'::text)
                                             Rows Removed by Filter: 1978282
                                       ->  Index Scan using idx_partsupp_partkey on partsupp  (cost=0.43..3.57 rows=19 width=12) (actual time=0.008..0.009 rows=4 loops=21718)
                                             Index Cond: (ps_partkey = part.p_partkey)
 Planning Time: 2.144 ms
 Execution Time: 36986.839 ms
(38 rows)

query 21 run 1
SET
SET
SET
                                                                                               QUERY PLAN                                                                                                
---------------------------------------------------------------------------------------------------------------------------------------------------------------------------------------------------------
 Limit  (cost=3773798.50..3773798.50 rows=1 width=34) (actual time=25349.846..25349.861 rows=100 loops=1)
   ->  Sort  (cost=3773798.50..3773798.50 rows=1 width=34) (actual time=25349.844..25349.853 rows=100 loops=1)
         Sort Key: (count(*)) DESC, supplier.s_name
         Sort Method: top-N heapsort  Memory: 37kB
         ->  GroupAggregate  (cost=3773798.47..3773798.49 rows=1 width=34) (actual time=25342.876..25348.674 rows=3991 loops=1)
               Group Key: supplier.s_name
               ->  Sort  (cost=3773798.47..3773798.47 rows=1 width=26) (actual time=25342.864..25344.430 rows=39281 loops=1)
                     Sort Key: supplier.s_name
                     Sort Method: quicksort  Memory: 3071kB
                     ->  Nested Loop Semi Join  (cost=1976481.88..3773798.46 rows=1 width=26) (actual time=15404.349..25180.903 rows=39281 loops=1)
                           Join Filter: (l2.l_suppkey <> l1.l_suppkey)
                           Rows Removed by Join Filter: 42025
                           ->  Nested Loop Anti Join  (cost=1976481.31..3773794.82 rows=1 width=38) (actual time=15404.341..25036.000 rows=65960 loops=1)
                                 ->  Hash Join  (cost=1976480.75..2520085.64 rows=390457 width=38) (actual time=15404.270..20117.739 rows=730985 loops=1)
                                       Hash Cond: (orders.o_orderkey = l1.l_orderkey)
                                       ->  Seq Scan on orders  (cost=0.00..448775.04 rows=7323275 width=4) (actual time=0.536..2566.386 rows=7309184 loops=1)
                                             Filter: (o_orderstatus = 'F'::bpchar)
                                             Rows Removed by Filter: 7690816
                                       ->  Hash  (cost=1960234.38..1960234.38 rows=799789 width=34) (actual time=15402.300..15402.302 rows=1514267 loops=1)
                                             Buckets: 1048576  Batches: 2  Memory Usage: 58450kB
                                             ->  Hash Join  (cost=2311.46..1960234.38 rows=799789 width=34) (actual time=40.860..14978.332 rows=1514267 loops=1)
                                                   Hash Cond: (l1.l_suppkey = supplier.s_suppkey)
                                                   ->  Seq Scan on lineitem l1  (cost=0.00..1874944.85 rows=19994716 width=8) (actual time=0.631..11554.961 rows=37929348 loops=1)
                                                         Filter: (l_receiptdate > l_commitdate)
                                                         Rows Removed by Filter: 22056704
                                                   ->  Hash  (cost=2261.46..2261.46 rows=4000 width=30) (actual time=40.152..40.153 rows=3991 loops=1)
                                                         Buckets: 4096  Batches: 1  Memory Usage: 282kB
                                                         ->  Nested Loop  (cost=37.29..2261.46 rows=4000 width=30) (actual time=2.012..39.064 rows=3991 loops=1)
                                                               ->  Seq Scan on nation  (cost=0.00..1.31 rows=1 width=4) (actual time=0.262..0.266 rows=1 loops=1)
                                                                     Filter: (n_name = 'PERU'::bpchar)
                                                                     Rows Removed by Filter: 24
                                                               ->  Bitmap Heap Scan on supplier  (cost=37.29..2220.15 rows=4000 width=34) (actual time=1.738..38.075 rows=3991 loops=1)
                                                                     Recheck Cond: (s_nationkey = nation.n_nationkey)
                                                                     Heap Blocks: exact=1865
                                                                     ->  Bitmap Index Scan on idx_supplier_nation_key  (cost=0.00..36.29 rows=4000 width=0) (actual time=0.972..0.972 rows=3991 loops=1)
                                                                           Index Cond: (s_nationkey = nation.n_nationkey)
                                 ->  Index Scan using idx_lineitem_orderkey on lineitem l3  (cost=0.56..3.64 rows=1 width=8) (actual time=0.006..0.006 rows=1 loops=730985)
                                       Index Cond: (l_orderkey = l1.l_orderkey)
                                       Filter: ((l_receiptdate > l_commitdate) AND (l_suppkey <> l1.l_suppkey))
                                       Rows Removed by Filter: 1
                           ->  Index Scan using idx_lineitem_orderkey on lineitem l2  (cost=0.56..3.62 rows=4 width=8) (actual time=0.002..0.002 rows=1 loops=65960)
                                 Index Cond: (l_orderkey = orders.o_orderkey)
 Planning Time: 19.067 ms
 Execution Time: 25350.562 ms
(44 rows)

SET
SET
SET
                                                                                               QUERY PLAN                                                                                                
---------------------------------------------------------------------------------------------------------------------------------------------------------------------------------------------------------
 Limit  (cost=3773798.50..3773798.50 rows=1 width=34) (actual time=21319.427..21319.443 rows=100 loops=1)
   ->  Sort  (cost=3773798.50..3773798.50 rows=1 width=34) (actual time=21319.426..21319.435 rows=100 loops=1)
         Sort Key: (count(*)) DESC, supplier.s_name
         Sort Method: top-N heapsort  Memory: 37kB
         ->  GroupAggregate  (cost=3773798.47..3773798.49 rows=1 width=34) (actual time=21312.401..21318.255 rows=3991 loops=1)
               Group Key: supplier.s_name
               ->  Sort  (cost=3773798.47..3773798.47 rows=1 width=26) (actual time=21312.388..21313.968 rows=39281 loops=1)
                     Sort Key: supplier.s_name
                     Sort Method: quicksort  Memory: 3071kB
                     ->  Nested Loop Semi Join  (cost=1976481.88..3773798.46 rows=1 width=26) (actual time=13142.550..21151.128 rows=39281 loops=1)
                           Join Filter: (l2.l_suppkey <> l1.l_suppkey)
                           Rows Removed by Join Filter: 42025
                           ->  Nested Loop Anti Join  (cost=1976481.31..3773794.82 rows=1 width=38) (actual time=13142.542..21014.534 rows=65960 loops=1)
                                 ->  Hash Join  (cost=1976480.75..2520085.64 rows=390457 width=38) (actual time=13142.474..17323.771 rows=730985 loops=1)
                                       Hash Cond: (orders.o_orderkey = l1.l_orderkey)
                                       ->  Seq Scan on orders  (cost=0.00..448775.04 rows=7323275 width=4) (actual time=0.019..2094.453 rows=7309184 loops=1)
                                             Filter: (o_orderstatus = 'F'::bpchar)
                                             Rows Removed by Filter: 7690816
                                       ->  Hash  (cost=1960234.38..1960234.38 rows=799789 width=34) (actual time=13141.032..13141.035 rows=1514267 loops=1)
                                             Buckets: 1048576  Batches: 2  Memory Usage: 58450kB
                                             ->  Hash Join  (cost=2311.46..1960234.38 rows=799789 width=34) (actual time=13.993..12760.510 rows=1514267 loops=1)
                                                   Hash Cond: (l1.l_suppkey = supplier.s_suppkey)
                                                   ->  Seq Scan on lineitem l1  (cost=0.00..1874944.85 rows=19994716 width=8) (actual time=0.035..9739.431 rows=37929348 loops=1)
                                                         Filter: (l_receiptdate > l_commitdate)
                                                         Rows Removed by Filter: 22056704
                                                   ->  Hash  (cost=2261.46..2261.46 rows=4000 width=30) (actual time=13.923..13.924 rows=3991 loops=1)
                                                         Buckets: 4096  Batches: 1  Memory Usage: 282kB
                                                         ->  Nested Loop  (cost=37.29..2261.46 rows=4000 width=30) (actual time=0.554..13.087 rows=3991 loops=1)
                                                               ->  Seq Scan on nation  (cost=0.00..1.31 rows=1 width=4) (actual time=0.015..0.018 rows=1 loops=1)
                                                                     Filter: (n_name = 'PERU'::bpchar)
                                                                     Rows Removed by Filter: 24
                                                               ->  Bitmap Heap Scan on supplier  (cost=37.29..2220.15 rows=4000 width=34) (actual time=0.534..12.489 rows=3991 loops=1)
                                                                     Recheck Cond: (s_nationkey = nation.n_nationkey)
                                                                     Heap Blocks: exact=1865
                                                                     ->  Bitmap Index Scan on idx_supplier_nation_key  (cost=0.00..36.29 rows=4000 width=0) (actual time=0.310..0.310 rows=3991 loops=1)
                                                                           Index Cond: (s_nationkey = nation.n_nationkey)
                                 ->  Index Scan using idx_lineitem_orderkey on lineitem l3  (cost=0.56..3.64 rows=1 width=8) (actual time=0.005..0.005 rows=1 loops=730985)
                                       Index Cond: (l_orderkey = l1.l_orderkey)
                                       Filter: ((l_receiptdate > l_commitdate) AND (l_suppkey <> l1.l_suppkey))
                                       Rows Removed by Filter: 1
                           ->  Index Scan using idx_lineitem_orderkey on lineitem l2  (cost=0.56..3.62 rows=4 width=8) (actual time=0.002..0.002 rows=1 loops=65960)
                                 Index Cond: (l_orderkey = orders.o_orderkey)
 Planning Time: 2.505 ms
 Execution Time: 21319.882 ms
(44 rows)

query 22 run 1
SET
SET
SET
                                                                          QUERY PLAN                                                                          
--------------------------------------------------------------------------------------------------------------------------------------------------------------
 Limit  (cost=161673.37..161673.40 rows=1 width=72) (actual time=1999.732..1999.734 rows=1 loops=1)
   InitPlan 1 (returns $0)
     ->  Aggregate  (cost=75444.95..75444.96 rows=1 width=32) (actual time=994.106..994.107 rows=1 loops=1)
           ->  Seq Scan on customer customer_1  (cost=0.00..75325.65 rows=47719 width=6) (actual time=0.017..958.061 rows=382426 loops=1)
                 Filter: ((c_acctbal > 0.00) AND (SUBSTRING(c_phone FROM 1 FOR 2) = ANY ('{21,29,26,34,14,15,17}'::text[])))
                 Rows Removed by Filter: 1117574
   ->  GroupAggregate  (cost=86228.41..86438.23 rows=7630 width=72) (actual time=1999.730..1999.731 rows=1 loops=1)
         Group Key: (SUBSTRING(customer.c_phone FROM 1 FOR 2))
         ->  Sort  (cost=86228.41..86247.48 rows=7630 width=38) (actual time=1997.934..1998.277 rows=9006 loops=1)
               Sort Key: (SUBSTRING(customer.c_phone FROM 1 FOR 2))
               Sort Method: quicksort  Memory: 4012kB
               ->  Nested Loop Anti Join  (cost=0.43..85736.37 rows=7630 width=38) (actual time=994.630..1977.090 rows=63509 loops=1)
                     ->  Seq Scan on customer  (cost=0.00..75325.65 rows=17502 width=26) (actual time=994.614..1551.800 rows=191129 loops=1)
                           Filter: ((c_acctbal > $0) AND (SUBSTRING(c_phone FROM 1 FOR 2) = ANY ('{21,29,26,34,14,15,17}'::text[])))
                           Rows Removed by Filter: 1308871
                     ->  Index Only Scan using idx_orders_custkey on orders  (cost=0.43..2.17 rows=18 width=4) (actual time=0.002..0.002 rows=1 loops=191129)
                           Index Cond: (o_custkey = customer.c_custkey)
                           Heap Fetches: 0
 Planning Time: 14.932 ms
 Execution Time: 2000.671 ms
(20 rows)

SET
SET
SET
                                                                          QUERY PLAN                                                                          
--------------------------------------------------------------------------------------------------------------------------------------------------------------
 Limit  (cost=161673.37..161673.40 rows=1 width=72) (actual time=1585.656..1585.658 rows=1 loops=1)
   InitPlan 1 (returns $0)
     ->  Aggregate  (cost=75444.95..75444.96 rows=1 width=32) (actual time=742.231..742.231 rows=1 loops=1)
           ->  Seq Scan on customer customer_1  (cost=0.00..75325.65 rows=47719 width=6) (actual time=0.007..709.090 rows=382426 loops=1)
                 Filter: ((c_acctbal > 0.00) AND (SUBSTRING(c_phone FROM 1 FOR 2) = ANY ('{21,29,26,34,14,15,17}'::text[])))
                 Rows Removed by Filter: 1117574
   ->  GroupAggregate  (cost=86228.41..86438.23 rows=7630 width=72) (actual time=1585.655..1585.656 rows=1 loops=1)
         Group Key: (SUBSTRING(customer.c_phone FROM 1 FOR 2))
         ->  Sort  (cost=86228.41..86247.48 rows=7630 width=38) (actual time=1583.868..1584.210 rows=9006 loops=1)
               Sort Key: (SUBSTRING(customer.c_phone FROM 1 FOR 2))
               Sort Method: quicksort  Memory: 4012kB
               ->  Nested Loop Anti Join  (cost=0.43..85736.37 rows=7630 width=38) (actual time=742.270..1564.974 rows=63509 loops=1)
                     ->  Seq Scan on customer  (cost=0.00..75325.65 rows=17502 width=26) (actual time=742.254..1267.464 rows=191129 loops=1)
                           Filter: ((c_acctbal > $0) AND (SUBSTRING(c_phone FROM 1 FOR 2) = ANY ('{21,29,26,34,14,15,17}'::text[])))
                           Rows Removed by Filter: 1308871
                     ->  Index Only Scan using idx_orders_custkey on orders  (cost=0.43..2.17 rows=18 width=4) (actual time=0.001..0.001 rows=1 loops=191129)
                           Index Cond: (o_custkey = customer.c_custkey)
                           Heap Fetches: 0
 Planning Time: 0.799 ms
 Execution Time: 1585.715 ms
(20 rows)

