query 1 run 1
SET
SET
SET
                                                                           QUERY PLAN                                                                            
-----------------------------------------------------------------------------------------------------------------------------------------------------------------
 Limit  (cost=1832224.00..1832224.64 rows=1 width=236) (actual time=21537.917..21538.675 rows=1 loops=1)
   ->  Finalize GroupAggregate  (cost=1832224.00..1832227.82 rows=6 width=236) (actual time=21537.915..21538.673 rows=1 loops=1)
         Group Key: l_returnflag, l_linestatus
         ->  Gather Merge  (cost=1832224.00..1832226.87 rows=24 width=236) (actual time=21537.892..21538.651 rows=6 loops=1)
               Workers Planned: 4
               Workers Launched: 4
               ->  Sort  (cost=1831223.94..1831223.96 rows=6 width=236) (actual time=21530.528..21530.529 rows=4 loops=5)
                     Sort Key: l_returnflag, l_linestatus
                     Sort Method: quicksort  Memory: 27kB
                     Worker 0:  Sort Method: quicksort  Memory: 27kB
                     Worker 1:  Sort Method: quicksort  Memory: 27kB
                     Worker 2:  Sort Method: quicksort  Memory: 27kB
                     Worker 3:  Sort Method: quicksort  Memory: 27kB
                     ->  Partial HashAggregate  (cost=1831223.73..1831223.86 rows=6 width=236) (actual time=21530.498..21530.504 rows=4 loops=5)
                           Group Key: l_returnflag, l_linestatus
                           Batches: 1  Memory Usage: 32kB
                           Worker 0:  Batches: 1  Memory Usage: 32kB
                           Worker 1:  Batches: 1  Memory Usage: 32kB
                           Worker 2:  Batches: 1  Memory Usage: 32kB
                           Worker 3:  Batches: 1  Memory Usage: 32kB
                           ->  Parallel Seq Scan on lineitem  (cost=0.00..1312589.95 rows=14818108 width=25) (actual time=0.921..4427.445 rows=11856890 loops=5)
                                 Filter: (l_shipdate <= '1998-09-10 00:00:00'::timestamp without time zone)
                                 Rows Removed by Filter: 140321
 Planning Time: 15.139 ms
 Execution Time: 21539.862 ms
(25 rows)

SET
SET
SET
                                                                           QUERY PLAN                                                                            
-----------------------------------------------------------------------------------------------------------------------------------------------------------------
 Limit  (cost=1832224.00..1832224.64 rows=1 width=236) (actual time=21025.615..21025.688 rows=1 loops=1)
   ->  Finalize GroupAggregate  (cost=1832224.00..1832227.82 rows=6 width=236) (actual time=21025.614..21025.687 rows=1 loops=1)
         Group Key: l_returnflag, l_linestatus
         ->  Gather Merge  (cost=1832224.00..1832226.87 rows=24 width=236) (actual time=21025.587..21025.662 rows=6 loops=1)
               Workers Planned: 4
               Workers Launched: 4
               ->  Sort  (cost=1831223.94..1831223.96 rows=6 width=236) (actual time=21019.403..21019.403 rows=4 loops=5)
                     Sort Key: l_returnflag, l_linestatus
                     Sort Method: quicksort  Memory: 27kB
                     Worker 0:  Sort Method: quicksort  Memory: 27kB
                     Worker 1:  Sort Method: quicksort  Memory: 27kB
                     Worker 2:  Sort Method: quicksort  Memory: 27kB
                     Worker 3:  Sort Method: quicksort  Memory: 27kB
                     ->  Partial HashAggregate  (cost=1831223.73..1831223.86 rows=6 width=236) (actual time=21019.376..21019.381 rows=4 loops=5)
                           Group Key: l_returnflag, l_linestatus
                           Batches: 1  Memory Usage: 32kB
                           Worker 0:  Batches: 1  Memory Usage: 32kB
                           Worker 1:  Batches: 1  Memory Usage: 32kB
                           Worker 2:  Batches: 1  Memory Usage: 32kB
                           Worker 3:  Batches: 1  Memory Usage: 32kB
                           ->  Parallel Seq Scan on lineitem  (cost=0.00..1312589.95 rows=14818108 width=25) (actual time=0.030..2976.318 rows=11856890 loops=5)
                                 Filter: (l_shipdate <= '1998-09-10 00:00:00'::timestamp without time zone)
                                 Rows Removed by Filter: 140321
 Planning Time: 0.834 ms
 Execution Time: 21025.768 ms
(25 rows)

query 2 run 1
SET
SET
SET
                                                                                        QUERY PLAN                                                                                         
-------------------------------------------------------------------------------------------------------------------------------------------------------------------------------------------
 Limit  (cost=1076192.09..1076192.09 rows=1 width=192) (actual time=4293.375..4293.495 rows=100 loops=1)
   ->  Sort  (cost=1076192.09..1076192.09 rows=1 width=192) (actual time=4293.373..4293.487 rows=100 loops=1)
         Sort Key: supplier.s_acctbal DESC, nation.n_name, supplier.s_name, part.p_partkey
         Sort Method: top-N heapsort  Memory: 71kB
         ->  Merge Join  (cost=554657.75..1076192.08 rows=1 width=192) (actual time=3240.735..4290.272 rows=4737 loops=1)
               Merge Cond: (part.p_partkey = partsupp.ps_partkey)
               Join Filter: (partsupp.ps_supplycost = (SubPlan 1))
               Rows Removed by Join Filter: 1661
               ->  Gather Merge  (cost=1000.49..68673.37 rows=8064 width=30) (actual time=66.687..70.130 rows=8046 loops=1)
                     Workers Planned: 4
                     Workers Launched: 4
                     ->  Parallel Index Scan using part_pkey on part  (cost=0.43..66712.81 rows=2016 width=30) (actual time=2.042..277.472 rows=1609 loops=5)
                           Filter: (((p_type)::text ~~ '%NICKEL'::text) AND (p_size = 16))
                           Rows Removed by Filter: 398391
               ->  Materialize  (cost=553656.97..561531.46 rows=1574898 width=172) (actual time=3172.826..3639.235 rows=1603828 loops=1)
                     ->  Sort  (cost=553656.97..557594.21 rows=1574898 width=172) (actual time=3172.820..3454.333 rows=1603828 loops=1)
                           Sort Key: partsupp.ps_partkey
                           Sort Method: external merge  Disk: 293512kB
                           ->  Hash Join  (cost=4048.51..305033.71 rows=1574898 width=172) (actual time=76.014..2521.137 rows=1604080 loops=1)
                                 Hash Cond: (partsupp.ps_suppkey = supplier.s_suppkey)
                                 ->  Seq Scan on partsupp  (cost=0.00..255232.34 rows=8001034 width=14) (actual time=5.498..1076.290 rows=8000000 loops=1)
                                 ->  Hash  (cost=3798.51..3798.51 rows=20000 width=166) (actual time=70.259..70.261 rows=20051 loops=1)
                                       Buckets: 32768  Batches: 1  Memory Usage: 4211kB
                                       ->  Hash Join  (cost=2.51..3798.51 rows=20000 width=166) (actual time=8.492..63.574 rows=20051 loops=1)
                                             Hash Cond: (supplier.s_nationkey = nation.n_nationkey)
                                             ->  Seq Scan on supplier  (cost=0.00..3221.00 rows=100000 width=144) (actual time=0.610..41.603 rows=100000 loops=1)
                                             ->  Hash  (cost=2.45..2.45 rows=5 width=30) (actual time=7.873..7.875 rows=5 loops=1)
                                                   Buckets: 1024  Batches: 1  Memory Usage: 9kB
                                                   ->  Hash Join  (cost=1.07..2.45 rows=5 width=30) (actual time=7.866..7.872 rows=5 loops=1)
                                                         Hash Cond: (nation.n_regionkey = region.r_regionkey)
                                                         ->  Seq Scan on nation  (cost=0.00..1.25 rows=25 width=34) (actual time=4.422..4.424 rows=25 loops=1)
                                                         ->  Hash  (cost=1.06..1.06 rows=1 width=4) (actual time=3.430..3.430 rows=1 loops=1)
                                                               Buckets: 1024  Batches: 1  Memory Usage: 9kB
                                                               ->  Seq Scan on region  (cost=0.00..1.06 rows=1 width=4) (actual time=3.423..3.424 rows=1 loops=1)
                                                                     Filter: (r_name = 'AMERICA'::bpchar)
                                                                     Rows Removed by Filter: 4
               SubPlan 1
                 ->  Aggregate  (cost=69.59..69.60 rows=1 width=32) (actual time=0.062..0.062 rows=1 loops=6398)
                       ->  Nested Loop  (cost=2.29..69.58 rows=4 width=6) (actual time=0.051..0.059 rows=2 loops=6398)
                             Join Filter: (nation_1.n_regionkey = region_1.r_regionkey)
                             Rows Removed by Join Filter: 2
                             ->  Seq Scan on region region_1  (cost=0.00..1.06 rows=1 width=4) (actual time=0.001..0.001 rows=1 loops=6398)
                                   Filter: (r_name = 'AMERICA'::bpchar)
                                   Rows Removed by Filter: 4
                             ->  Hash Join  (cost=2.29..68.28 rows=19 width=10) (actual time=0.046..0.057 rows=4 loops=6398)
                                   Hash Cond: (supplier_1.s_nationkey = nation_1.n_nationkey)
                                   ->  Nested Loop  (cost=0.72..66.66 rows=19 width=10) (actual time=0.045..0.056 rows=4 loops=6398)
                                         ->  Index Scan using idx_partsupp_partkey on partsupp partsupp_1  (cost=0.43..3.77 rows=19 width=10) (actual time=0.041..0.043 rows=4 loops=6398)
                                               Index Cond: (ps_partkey = part.p_partkey)
                                         ->  Index Scan using supplier_pkey on supplier supplier_1  (cost=0.29..3.31 rows=1 width=8) (actual time=0.003..0.003 rows=1 loops=25592)
                                               Index Cond: (s_suppkey = partsupp_1.ps_suppkey)
                                   ->  Hash  (cost=1.25..1.25 rows=25 width=8) (actual time=0.012..0.012 rows=25 loops=1)
                                         Buckets: 1024  Batches: 1  Memory Usage: 9kB
                                         ->  Seq Scan on nation nation_1  (cost=0.00..1.25 rows=25 width=8) (actual time=0.003..0.006 rows=25 loops=1)
 Planning Time: 21.555 ms
 Execution Time: 4330.115 ms
(56 rows)

SET
SET
SET
                                                                                        QUERY PLAN                                                                                         
-------------------------------------------------------------------------------------------------------------------------------------------------------------------------------------------
 Limit  (cost=1076192.09..1076192.09 rows=1 width=192) (actual time=3500.843..3500.962 rows=100 loops=1)
   ->  Sort  (cost=1076192.09..1076192.09 rows=1 width=192) (actual time=3500.842..3500.955 rows=100 loops=1)
         Sort Key: supplier.s_acctbal DESC, nation.n_name, supplier.s_name, part.p_partkey
         Sort Method: top-N heapsort  Memory: 71kB
         ->  Merge Join  (cost=554657.75..1076192.08 rows=1 width=192) (actual time=2748.973..3498.522 rows=4737 loops=1)
               Merge Cond: (part.p_partkey = partsupp.ps_partkey)
               Join Filter: (partsupp.ps_supplycost = (SubPlan 1))
               Rows Removed by Join Filter: 1661
               ->  Gather Merge  (cost=1000.49..68673.37 rows=8064 width=30) (actual time=26.536..29.052 rows=8046 loops=1)
                     Workers Planned: 4
                     Workers Launched: 4
                     ->  Parallel Index Scan using part_pkey on part  (cost=0.43..66712.81 rows=2016 width=30) (actual time=0.150..117.612 rows=1609 loops=5)
                           Filter: (((p_type)::text ~~ '%NICKEL'::text) AND (p_size = 16))
                           Rows Removed by Filter: 398391
               ->  Materialize  (cost=553656.97..561531.46 rows=1574898 width=172) (actual time=2722.340..3178.632 rows=1603828 loops=1)
                     ->  Sort  (cost=553656.97..557594.21 rows=1574898 width=172) (actual time=2722.335..2994.216 rows=1603828 loops=1)
                           Sort Key: partsupp.ps_partkey
                           Sort Method: external merge  Disk: 293512kB
                           ->  Hash Join  (cost=4048.51..305033.71 rows=1574898 width=172) (actual time=57.056..2086.572 rows=1604080 loops=1)
                                 Hash Cond: (partsupp.ps_suppkey = supplier.s_suppkey)
                                 ->  Seq Scan on partsupp  (cost=0.00..255232.34 rows=8001034 width=14) (actual time=0.039..770.192 rows=8000000 loops=1)
                                 ->  Hash  (cost=3798.51..3798.51 rows=20000 width=166) (actual time=56.782..56.785 rows=20051 loops=1)
                                       Buckets: 32768  Batches: 1  Memory Usage: 4211kB
                                       ->  Hash Join  (cost=2.51..3798.51 rows=20000 width=166) (actual time=0.043..45.506 rows=20051 loops=1)
                                             Hash Cond: (supplier.s_nationkey = nation.n_nationkey)
                                             ->  Seq Scan on supplier  (cost=0.00..3221.00 rows=100000 width=144) (actual time=0.012..11.359 rows=100000 loops=1)
                                             ->  Hash  (cost=2.45..2.45 rows=5 width=30) (actual time=0.028..0.030 rows=5 loops=1)
                                                   Buckets: 1024  Batches: 1  Memory Usage: 9kB
                                                   ->  Hash Join  (cost=1.07..2.45 rows=5 width=30) (actual time=0.022..0.028 rows=5 loops=1)
                                                         Hash Cond: (nation.n_regionkey = region.r_regionkey)
                                                         ->  Seq Scan on nation  (cost=0.00..1.25 rows=25 width=34) (actual time=0.006..0.008 rows=25 loops=1)
                                                         ->  Hash  (cost=1.06..1.06 rows=1 width=4) (actual time=0.012..0.013 rows=1 loops=1)
                                                               Buckets: 1024  Batches: 1  Memory Usage: 9kB
                                                               ->  Seq Scan on region  (cost=0.00..1.06 rows=1 width=4) (actual time=0.009..0.010 rows=1 loops=1)
                                                                     Filter: (r_name = 'AMERICA'::bpchar)
                                                                     Rows Removed by Filter: 4
               SubPlan 1
                 ->  Aggregate  (cost=69.59..69.60 rows=1 width=32) (actual time=0.017..0.017 rows=1 loops=6398)
                       ->  Nested Loop  (cost=2.29..69.58 rows=4 width=6) (actual time=0.009..0.015 rows=2 loops=6398)
                             Join Filter: (nation_1.n_regionkey = region_1.r_regionkey)
                             Rows Removed by Join Filter: 2
                             ->  Seq Scan on region region_1  (cost=0.00..1.06 rows=1 width=4) (actual time=0.001..0.001 rows=1 loops=6398)
                                   Filter: (r_name = 'AMERICA'::bpchar)
                                   Rows Removed by Filter: 4
                             ->  Hash Join  (cost=2.29..68.28 rows=19 width=10) (actual time=0.005..0.013 rows=4 loops=6398)
                                   Hash Cond: (supplier_1.s_nationkey = nation_1.n_nationkey)
                                   ->  Nested Loop  (cost=0.72..66.66 rows=19 width=10) (actual time=0.005..0.012 rows=4 loops=6398)
                                         ->  Index Scan using idx_partsupp_partkey on partsupp partsupp_1  (cost=0.43..3.77 rows=19 width=10) (actual time=0.003..0.003 rows=4 loops=6398)
                                               Index Cond: (ps_partkey = part.p_partkey)
                                         ->  Index Scan using supplier_pkey on supplier supplier_1  (cost=0.29..3.31 rows=1 width=8) (actual time=0.002..0.002 rows=1 loops=25592)
                                               Index Cond: (s_suppkey = partsupp_1.ps_suppkey)
                                   ->  Hash  (cost=1.25..1.25 rows=25 width=8) (actual time=0.011..0.011 rows=25 loops=1)
                                         Buckets: 1024  Batches: 1  Memory Usage: 9kB
                                         ->  Seq Scan on nation nation_1  (cost=0.00..1.25 rows=25 width=8) (actual time=0.003..0.006 rows=25 loops=1)
 Planning Time: 1.909 ms
 Execution Time: 3536.732 ms
(56 rows)

query 3 run 1
SET
SET
SET
                                                                                QUERY PLAN                                                                                 
---------------------------------------------------------------------------------------------------------------------------------------------------------------------------
 Limit  (cost=2293890.25..2293890.28 rows=10 width=44) (actual time=10288.318..10321.130 rows=10 loops=1)
   ->  Sort  (cost=2293890.25..2301747.22 rows=3142789 width=44) (actual time=10288.317..10321.127 rows=10 loops=1)
         Sort Key: (sum((lineitem.l_extendedprice * ('1'::numeric - lineitem.l_discount)))) DESC, orders.o_orderdate
         Sort Method: top-N heapsort  Memory: 26kB
         ->  GroupAggregate  (cost=1763248.30..2225975.71 rows=3142789 width=44) (actual time=10051.389..10297.039 rows=113934 loops=1)
               Group Key: lineitem.l_orderkey, orders.o_orderdate, orders.o_shippriority
               ->  Gather Merge  (cost=1763248.30..2139549.01 rows=3142789 width=24) (actual time=10051.376..10128.342 rows=301530 loops=1)
                     Workers Planned: 4
                     Workers Launched: 4
                     ->  Sort  (cost=1762248.24..1764212.49 rows=785697 width=24) (actual time=10040.872..10043.654 rows=60306 loops=5)
                           Sort Key: lineitem.l_orderkey, orders.o_orderdate, orders.o_shippriority
                           Sort Method: quicksort  Memory: 5710kB
                           Worker 0:  Sort Method: quicksort  Memory: 5623kB
                           Worker 1:  Sort Method: quicksort  Memory: 5661kB
                           Worker 2:  Sort Method: quicksort  Memory: 5607kB
                           Worker 3:  Sort Method: quicksort  Memory: 5698kB
                           ->  Nested Loop  (cost=41584.42..1674955.31 rows=785697 width=24) (actual time=266.001..10020.703 rows=60306 loops=5)
                                 ->  Parallel Hash Join  (cost=41583.85..354440.97 rows=363517 width=12) (actual time=264.412..1825.138 rows=290361 loops=5)
                                       Hash Cond: (orders.o_custkey = customer.c_custkey)
                                       ->  Parallel Seq Scan on orders  (cost=0.00..308146.39 rows=1794558 width=16) (actual time=0.423..1110.070 rows=1447887 loops=5)
                                             Filter: (o_orderdate < '1995-03-07'::date)
                                             Rows Removed by Filter: 1552113
                                       ->  Parallel Hash  (cost=40634.35..40634.35 rows=75960 width=4) (actual time=263.261..263.262 rows=60055 loops=5)
                                             Buckets: 524288  Batches: 1  Memory Usage: 15936kB
                                             ->  Parallel Seq Scan on customer  (cost=0.00..40634.35 rows=75960 width=4) (actual time=0.130..245.128 rows=60055 loops=5)
                                                   Filter: (c_mktsegment = 'BUILDING'::bpchar)
                                                   Rows Removed by Filter: 239945
                                 ->  Index Scan using idx_lineitem_orderkey on lineitem  (cost=0.56..3.61 rows=2 width=16) (actual time=0.028..0.028 rows=0 loops=1451805)
                                       Index Cond: (l_orderkey = orders.o_orderkey)
                                       Filter: (l_shipdate > '1995-03-07'::date)
                                       Rows Removed by Filter: 4
 Planning Time: 18.526 ms
 Execution Time: 10321.843 ms
(33 rows)

SET
SET
SET
                                                                                QUERY PLAN                                                                                 
---------------------------------------------------------------------------------------------------------------------------------------------------------------------------
 Limit  (cost=2293890.25..2293890.28 rows=10 width=44) (actual time=3900.811..3935.439 rows=10 loops=1)
   ->  Sort  (cost=2293890.25..2301747.22 rows=3142789 width=44) (actual time=3900.809..3935.437 rows=10 loops=1)
         Sort Key: (sum((lineitem.l_extendedprice * ('1'::numeric - lineitem.l_discount)))) DESC, orders.o_orderdate
         Sort Method: top-N heapsort  Memory: 26kB
         ->  GroupAggregate  (cost=1763248.30..2225975.71 rows=3142789 width=44) (actual time=3659.807..3911.049 rows=113934 loops=1)
               Group Key: lineitem.l_orderkey, orders.o_orderdate, orders.o_shippriority
               ->  Gather Merge  (cost=1763248.30..2139549.01 rows=3142789 width=24) (actual time=3659.794..3740.563 rows=301530 loops=1)
                     Workers Planned: 4
                     Workers Launched: 4
                     ->  Sort  (cost=1762248.24..1764212.49 rows=785697 width=24) (actual time=3651.803..3654.627 rows=60306 loops=5)
                           Sort Key: lineitem.l_orderkey, orders.o_orderdate, orders.o_shippriority
                           Sort Method: quicksort  Memory: 5418kB
                           Worker 0:  Sort Method: quicksort  Memory: 5611kB
                           Worker 1:  Sort Method: quicksort  Memory: 6009kB
                           Worker 2:  Sort Method: quicksort  Memory: 5523kB
                           Worker 3:  Sort Method: quicksort  Memory: 5739kB
                           ->  Nested Loop  (cost=41584.42..1674955.31 rows=785697 width=24) (actual time=131.930..3629.434 rows=60306 loops=5)
                                 ->  Parallel Hash Join  (cost=41583.85..354440.97 rows=363517 width=12) (actual time=131.745..1231.070 rows=290361 loops=5)
                                       Hash Cond: (orders.o_custkey = customer.c_custkey)
                                       ->  Parallel Seq Scan on orders  (cost=0.00..308146.39 rows=1794558 width=16) (actual time=0.322..577.928 rows=1447887 loops=5)
                                             Filter: (o_orderdate < '1995-03-07'::date)
                                             Rows Removed by Filter: 1552113
                                       ->  Parallel Hash  (cost=40634.35..40634.35 rows=75960 width=4) (actual time=130.725..130.725 rows=60055 loops=5)
                                             Buckets: 524288  Batches: 1  Memory Usage: 15904kB
                                             ->  Parallel Seq Scan on customer  (cost=0.00..40634.35 rows=75960 width=4) (actual time=0.526..107.618 rows=60055 loops=5)
                                                   Filter: (c_mktsegment = 'BUILDING'::bpchar)
                                                   Rows Removed by Filter: 239945
                                 ->  Index Scan using idx_lineitem_orderkey on lineitem  (cost=0.56..3.61 rows=2 width=16) (actual time=0.008..0.008 rows=0 loops=1451805)
                                       Index Cond: (l_orderkey = orders.o_orderkey)
                                       Filter: (l_shipdate > '1995-03-07'::date)
                                       Rows Removed by Filter: 4
 Planning Time: 1.591 ms
 Execution Time: 3935.520 ms
(33 rows)

query 4 run 1
SET
SET
SET
                                                                                QUERY PLAN                                                                                
--------------------------------------------------------------------------------------------------------------------------------------------------------------------------
 Limit  (cost=282061.17..640166.72 rows=1 width=24) (actual time=27849.869..27875.254 rows=1 loops=1)
   ->  GroupAggregate  (cost=282061.17..2072588.93 rows=5 width=24) (actual time=27849.867..27875.252 rows=1 loops=1)
         Group Key: orders.o_orderpriority
         ->  Nested Loop Semi Join  (cost=282061.17..2069885.28 rows=540721 width=16) (actual time=4207.262..27792.881 rows=103030 loops=1)
               ->  Gather Merge  (cost=282060.60..346826.63 rows=540913 width=20) (actual time=4206.000..4352.017 rows=112213 loops=1)
                     Workers Planned: 4
                     Workers Launched: 4
                     ->  Sort  (cost=281060.55..281398.62 rows=135228 width=20) (actual time=4194.055..4197.236 rows=23397 loops=5)
                           Sort Key: orders.o_orderpriority
                           Sort Method: quicksort  Memory: 10098kB
                           Worker 0:  Sort Method: quicksort  Memory: 10031kB
                           Worker 1:  Sort Method: quicksort  Memory: 10012kB
                           Worker 2:  Sort Method: quicksort  Memory: 10096kB
                           Worker 3:  Sort Method: quicksort  Memory: 10152kB
                           ->  Parallel Bitmap Heap Scan on orders  (cost=6239.29..269535.72 rows=135228 width=20) (actual time=130.756..4142.110 rows=112085 loops=5)
                                 Recheck Cond: ((o_orderdate >= '1993-12-01'::date) AND (o_orderdate < '1994-03-01'::date))
                                 Heap Blocks: exact=46446
                                 ->  Bitmap Index Scan on idx_orders_orderdate  (cost=0.00..6104.07 rows=540913 width=0) (actual time=86.783..86.783 rows=560424 loops=1)
                                       Index Cond: ((o_orderdate >= '1993-12-01'::date) AND (o_orderdate < '1994-03-01'::date))
               ->  Index Scan using idx_lineitem_orderkey on lineitem  (cost=0.56..3.61 rows=1 width=4) (actual time=0.207..0.207 rows=1 loops=112213)
                     Index Cond: (l_orderkey = orders.o_orderkey)
                     Filter: (l_commitdate < l_receiptdate)
                     Rows Removed by Filter: 1
 Planning Time: 16.814 ms
 Execution Time: 27876.946 ms
(25 rows)

SET
SET
SET
                                                                                QUERY PLAN                                                                                
--------------------------------------------------------------------------------------------------------------------------------------------------------------------------
 Limit  (cost=282061.17..640166.72 rows=1 width=24) (actual time=1693.334..1714.412 rows=1 loops=1)
   ->  GroupAggregate  (cost=282061.17..2072588.93 rows=5 width=24) (actual time=1693.333..1714.410 rows=1 loops=1)
         Group Key: orders.o_orderpriority
         ->  Nested Loop Semi Join  (cost=282061.17..2069885.28 rows=540721 width=16) (actual time=712.744..1692.359 rows=103030 loops=1)
               ->  Gather Merge  (cost=282060.60..346826.63 rows=540913 width=20) (actual time=712.692..770.510 rows=112213 loops=1)
                     Workers Planned: 4
                     Workers Launched: 4
                     ->  Sort  (cost=281060.55..281398.62 rows=135228 width=20) (actual time=704.468..706.817 rows=23424 loops=5)
                           Sort Key: orders.o_orderpriority
                           Sort Method: quicksort  Memory: 10014kB
                           Worker 0:  Sort Method: quicksort  Memory: 10552kB
                           Worker 1:  Sort Method: quicksort  Memory: 9971kB
                           Worker 2:  Sort Method: quicksort  Memory: 10909kB
                           Worker 3:  Sort Method: quicksort  Memory: 8942kB
                           ->  Parallel Bitmap Heap Scan on orders  (cost=6239.29..269535.72 rows=135228 width=20) (actual time=127.365..663.833 rows=112085 loops=5)
                                 Recheck Cond: ((o_orderdate >= '1993-12-01'::date) AND (o_orderdate < '1994-03-01'::date))
                                 Heap Blocks: exact=46009
                                 ->  Bitmap Index Scan on idx_orders_orderdate  (cost=0.00..6104.07 rows=540913 width=0) (actual time=82.128..82.129 rows=560424 loops=1)
                                       Index Cond: ((o_orderdate >= '1993-12-01'::date) AND (o_orderdate < '1994-03-01'::date))
               ->  Index Scan using idx_lineitem_orderkey on lineitem  (cost=0.56..3.61 rows=1 width=4) (actual time=0.008..0.008 rows=1 loops=112213)
                     Index Cond: (l_orderkey = orders.o_orderkey)
                     Filter: (l_commitdate < l_receiptdate)
                     Rows Removed by Filter: 1
 Planning Time: 1.112 ms
 Execution Time: 1714.487 ms
(25 rows)

query 5 run 1
SET
SET
SET
                                                                                              QUERY PLAN                                                                                               
-------------------------------------------------------------------------------------------------------------------------------------------------------------------------------------------------------
 Limit  (cost=763853.66..763853.67 rows=1 width=58) (actual time=21819.844..21868.288 rows=1 loops=1)
   ->  Sort  (cost=763853.66..763853.73 rows=25 width=58) (actual time=21819.843..21868.285 rows=1 loops=1)
         Sort Key: (sum((lineitem.l_extendedprice * ('1'::numeric - lineitem.l_discount)))) DESC
         Sort Method: top-N heapsort  Memory: 25kB
         ->  Finalize GroupAggregate  (cost=763615.33..763853.54 rows=25 width=58) (actual time=21811.236..21868.269 rows=5 loops=1)
               Group Key: nation.n_name
               ->  Gather Merge  (cost=763615.33..763852.48 rows=100 width=58) (actual time=21809.754..21868.239 rows=25 loops=1)
                     Workers Planned: 4
                     Workers Launched: 4
                     ->  Partial GroupAggregate  (cost=762615.27..762840.51 rows=25 width=58) (actual time=21790.915..21797.577 rows=5 loops=5)
                           Group Key: nation.n_name
                           ->  Sort  (cost=762615.27..762660.26 rows=17994 width=38) (actual time=21789.478..21790.179 rows=14407 loops=5)
                                 Sort Key: nation.n_name
                                 Sort Method: quicksort  Memory: 1512kB
                                 Worker 0:  Sort Method: quicksort  Memory: 1519kB
                                 Worker 1:  Sort Method: quicksort  Memory: 1499kB
                                 Worker 2:  Sort Method: quicksort  Memory: 1523kB
                                 Worker 3:  Sort Method: quicksort  Memory: 1498kB
                                 ->  Parallel Hash Join  (cost=72702.94..761343.52 rows=17994 width=38) (actual time=525.918..21775.105 rows=14407 loops=5)
                                       Hash Cond: ((lineitem.l_suppkey = supplier.s_suppkey) AND (customer.c_nationkey = supplier.s_nationkey))
                                       ->  Nested Loop  (cost=69011.35..755265.81 rows=454498 width=50) (actual time=507.178..21607.773 rows=363065 loops=5)
                                             ->  Parallel Hash Join  (cost=69010.78..341219.02 rows=113665 width=38) (actual time=506.908..2550.527 rows=90680 loops=5)
                                                   Hash Cond: (orders.o_custkey = customer.c_custkey)
                                                   ->  Parallel Bitmap Heap Scan on orders  (cost=26217.73..296010.59 rows=568324 width=8) (actual time=259.627..2076.246 rows=455328 loops=5)
                                                         Recheck Cond: ((o_orderdate >= '1993-01-01'::date) AND (o_orderdate < '1994-01-01'::date))
                                                         Heap Blocks: exact=52168
                                                         ->  Bitmap Index Scan on idx_orders_orderdate  (cost=0.00..25649.41 rows=2273297 width=0) (actual time=202.732..202.732 rows=2276638 loops=1)
                                                               Index Cond: ((o_orderdate >= '1993-01-01'::date) AND (o_orderdate < '1994-01-01'::date))
                                                   ->  Parallel Hash  (cost=41855.58..41855.58 rows=74998 width=38) (actual time=246.410..246.413 rows=59887 loops=5)
                                                         Buckets: 524288  Batches: 1  Memory Usage: 25280kB
                                                         ->  Hash Join  (cost=2.51..41855.58 rows=74998 width=38) (actual time=0.779..219.582 rows=59887 loops=5)
                                                               Hash Cond: (customer.c_nationkey = nation.n_nationkey)
                                                               ->  Parallel Seq Scan on customer  (cost=0.00..39696.88 rows=374988 width=8) (actual time=0.416..179.229 rows=300000 loops=5)
                                                               ->  Hash  (cost=2.45..2.45 rows=5 width=30) (actual time=0.355..0.357 rows=5 loops=5)
                                                                     Buckets: 1024  Batches: 1  Memory Usage: 9kB
                                                                     ->  Hash Join  (cost=1.07..2.45 rows=5 width=30) (actual time=0.340..0.355 rows=5 loops=5)
                                                                           Hash Cond: (nation.n_regionkey = region.r_regionkey)
                                                                           ->  Seq Scan on nation  (cost=0.00..1.25 rows=25 width=34) (actual time=0.183..0.190 rows=25 loops=5)
                                                                           ->  Hash  (cost=1.06..1.06 rows=1 width=4) (actual time=0.149..0.150 rows=1 loops=5)
                                                                                 Buckets: 1024  Batches: 1  Memory Usage: 9kB
                                                                                 ->  Seq Scan on region  (cost=0.00..1.06 rows=1 width=4) (actual time=0.146..0.147 rows=1 loops=5)
                                                                                       Filter: (r_name = 'AMERICA'::bpchar)
                                                                                       Rows Removed by Filter: 4
                                             ->  Index Scan using idx_lineitem_orderkey on lineitem  (cost=0.56..3.60 rows=4 width=20) (actual time=0.198..0.208 rows=4 loops=453399)
                                                   Index Cond: (l_orderkey = orders.o_orderkey)
                                       ->  Parallel Hash  (cost=2809.24..2809.24 rows=58824 width=8) (actual time=15.518..15.519 rows=20000 loops=5)
                                             Buckets: 131072  Batches: 1  Memory Usage: 5024kB
                                             ->  Parallel Seq Scan on supplier  (cost=0.00..2809.24 rows=58824 width=8) (actual time=0.080..9.421 rows=20000 loops=5)
 Planning Time: 24.265 ms
 Execution Time: 21868.876 ms
(50 rows)

SET
SET
SET
                                                                                              QUERY PLAN                                                                                               
-------------------------------------------------------------------------------------------------------------------------------------------------------------------------------------------------------
 Limit  (cost=763853.66..763853.67 rows=1 width=58) (actual time=2577.647..2622.382 rows=1 loops=1)
   ->  Sort  (cost=763853.66..763853.73 rows=25 width=58) (actual time=2577.646..2622.380 rows=1 loops=1)
         Sort Key: (sum((lineitem.l_extendedprice * ('1'::numeric - lineitem.l_discount)))) DESC
         Sort Method: top-N heapsort  Memory: 25kB
         ->  Finalize GroupAggregate  (cost=763615.33..763853.54 rows=25 width=58) (actual time=2569.075..2622.363 rows=5 loops=1)
               Group Key: nation.n_name
               ->  Gather Merge  (cost=763615.33..763852.48 rows=100 width=58) (actual time=2567.554..2622.331 rows=25 loops=1)
                     Workers Planned: 4
                     Workers Launched: 4
                     ->  Partial GroupAggregate  (cost=762615.27..762840.51 rows=25 width=58) (actual time=2551.016..2557.679 rows=5 loops=5)
                           Group Key: nation.n_name
                           ->  Sort  (cost=762615.27..762660.26 rows=17994 width=38) (actual time=2549.582..2550.299 rows=14407 loops=5)
                                 Sort Key: nation.n_name
                                 Sort Method: quicksort  Memory: 1516kB
                                 Worker 0:  Sort Method: quicksort  Memory: 1603kB
                                 Worker 1:  Sort Method: quicksort  Memory: 1541kB
                                 Worker 2:  Sort Method: quicksort  Memory: 1496kB
                                 Worker 3:  Sort Method: quicksort  Memory: 1394kB
                                 ->  Parallel Hash Join  (cost=72702.94..761343.52 rows=17994 width=38) (actual time=419.887..2541.138 rows=14407 loops=5)
                                       Hash Cond: ((lineitem.l_suppkey = supplier.s_suppkey) AND (customer.c_nationkey = supplier.s_nationkey))
                                       ->  Nested Loop  (cost=69011.35..755265.81 rows=454498 width=50) (actual time=402.160..2412.322 rows=363065 loops=5)
                                             ->  Parallel Hash Join  (cost=69010.78..341219.02 rows=113665 width=38) (actual time=402.105..990.424 rows=90680 loops=5)
                                                   Hash Cond: (orders.o_custkey = customer.c_custkey)
                                                   ->  Parallel Bitmap Heap Scan on orders  (cost=26217.73..296010.59 rows=568324 width=8) (actual time=246.258..659.211 rows=455328 loops=5)
                                                         Recheck Cond: ((o_orderdate >= '1993-01-01'::date) AND (o_orderdate < '1994-01-01'::date))
                                                         Heap Blocks: exact=52395
                                                         ->  Bitmap Index Scan on idx_orders_orderdate  (cost=0.00..25649.41 rows=2273297 width=0) (actual time=190.567..190.567 rows=2276638 loops=1)
                                                               Index Cond: ((o_orderdate >= '1993-01-01'::date) AND (o_orderdate < '1994-01-01'::date))
                                                   ->  Parallel Hash  (cost=41855.58..41855.58 rows=74998 width=38) (actual time=155.289..155.292 rows=59887 loops=5)
                                                         Buckets: 524288  Batches: 1  Memory Usage: 25312kB
                                                         ->  Hash Join  (cost=2.51..41855.58 rows=74998 width=38) (actual time=0.823..127.388 rows=59887 loops=5)
                                                               Hash Cond: (customer.c_nationkey = nation.n_nationkey)
                                                               ->  Parallel Seq Scan on customer  (cost=0.00..39696.88 rows=374988 width=8) (actual time=0.025..89.912 rows=300000 loops=5)
                                                               ->  Hash  (cost=2.45..2.45 rows=5 width=30) (actual time=0.787..0.789 rows=5 loops=5)
                                                                     Buckets: 1024  Batches: 1  Memory Usage: 9kB
                                                                     ->  Hash Join  (cost=1.07..2.45 rows=5 width=30) (actual time=0.781..0.787 rows=5 loops=5)
                                                                           Hash Cond: (nation.n_regionkey = region.r_regionkey)
                                                                           ->  Seq Scan on nation  (cost=0.00..1.25 rows=25 width=34) (actual time=0.753..0.754 rows=25 loops=5)
                                                                           ->  Hash  (cost=1.06..1.06 rows=1 width=4) (actual time=0.020..0.021 rows=1 loops=5)
                                                                                 Buckets: 1024  Batches: 1  Memory Usage: 9kB
                                                                                 ->  Seq Scan on region  (cost=0.00..1.06 rows=1 width=4) (actual time=0.018..0.019 rows=1 loops=5)
                                                                                       Filter: (r_name = 'AMERICA'::bpchar)
                                                                                       Rows Removed by Filter: 4
                                             ->  Index Scan using idx_lineitem_orderkey on lineitem  (cost=0.56..3.60 rows=4 width=20) (actual time=0.014..0.015 rows=4 loops=453399)
                                                   Index Cond: (l_orderkey = orders.o_orderkey)
                                       ->  Parallel Hash  (cost=2809.24..2809.24 rows=58824 width=8) (actual time=16.657..16.657 rows=20000 loops=5)
                                             Buckets: 131072  Batches: 1  Memory Usage: 5056kB
                                             ->  Parallel Seq Scan on supplier  (cost=0.00..2809.24 rows=58824 width=8) (actual time=0.023..8.528 rows=20000 loops=5)
 Planning Time: 5.309 ms
 Execution Time: 2622.711 ms
(50 rows)

query 6 run 1
SET
SET
SET
                                                                                                                QUERY PLAN                                                                                                                 
-------------------------------------------------------------------------------------------------------------------------------------------------------------------------------------------------------------------------------------------
 Limit  (cost=1277230.47..1277230.48 rows=1 width=32) (actual time=10609.021..10654.292 rows=1 loops=1)
   ->  Finalize Aggregate  (cost=1277230.47..1277230.48 rows=1 width=32) (actual time=10609.019..10654.289 rows=1 loops=1)
         ->  Gather  (cost=1277230.03..1277230.44 rows=4 width=32) (actual time=10606.147..10654.272 rows=5 loops=1)
               Workers Planned: 4
               Workers Launched: 4
               ->  Partial Aggregate  (cost=1276230.03..1276230.04 rows=1 width=32) (actual time=10597.624..10597.625 rows=1 loops=5)
                     ->  Parallel Bitmap Heap Scan on lineitem  (cost=210420.88..1274758.28 rows=294351 width=12) (actual time=1321.798..10448.267 rows=238912 loops=5)
                           Recheck Cond: ((l_shipdate >= '1993-01-01'::date) AND (l_shipdate < '1994-01-01 00:00:00'::timestamp without time zone) AND (l_discount >= 0.06) AND (l_discount <= 0.08) AND (l_quantity < '25'::numeric))
                           Rows Removed by Index Recheck: 2744818
                           Heap Blocks: exact=79478 lossy=54134
                           ->  Bitmap Index Scan on idx_lineitem_shipdate  (cost=0.00..210126.53 rows=1177403 width=0) (actual time=1236.535..1236.535 rows=1194558 loops=1)
                                 Index Cond: ((l_shipdate >= '1993-01-01'::date) AND (l_shipdate < '1994-01-01 00:00:00'::timestamp without time zone) AND (l_discount >= 0.06) AND (l_discount <= 0.08) AND (l_quantity < '25'::numeric))
 Planning Time: 11.844 ms
 Execution Time: 10655.775 ms
(14 rows)

SET
SET
SET
                                                                                                                QUERY PLAN                                                                                                                 
-------------------------------------------------------------------------------------------------------------------------------------------------------------------------------------------------------------------------------------------
 Limit  (cost=1277230.47..1277230.48 rows=1 width=32) (actual time=3119.362..3164.190 rows=1 loops=1)
   ->  Finalize Aggregate  (cost=1277230.47..1277230.48 rows=1 width=32) (actual time=3119.360..3164.188 rows=1 loops=1)
         ->  Gather  (cost=1277230.03..1277230.44 rows=4 width=32) (actual time=3116.858..3164.172 rows=5 loops=1)
               Workers Planned: 4
               Workers Launched: 4
               ->  Partial Aggregate  (cost=1276230.03..1276230.04 rows=1 width=32) (actual time=3111.986..3111.987 rows=1 loops=5)
                     ->  Parallel Bitmap Heap Scan on lineitem  (cost=210420.88..1274758.28 rows=294351 width=12) (actual time=1177.524..3004.081 rows=238912 loops=5)
                           Recheck Cond: ((l_shipdate >= '1993-01-01'::date) AND (l_shipdate < '1994-01-01 00:00:00'::timestamp without time zone) AND (l_discount >= 0.06) AND (l_discount <= 0.08) AND (l_quantity < '25'::numeric))
                           Rows Removed by Index Recheck: 2744818
                           Heap Blocks: exact=74325 lossy=50592
                           ->  Bitmap Index Scan on idx_lineitem_shipdate  (cost=0.00..210126.53 rows=1177403 width=0) (actual time=1090.105..1090.105 rows=1194558 loops=1)
                                 Index Cond: ((l_shipdate >= '1993-01-01'::date) AND (l_shipdate < '1994-01-01 00:00:00'::timestamp without time zone) AND (l_discount >= 0.06) AND (l_discount <= 0.08) AND (l_quantity < '25'::numeric))
 Planning Time: 0.674 ms
 Execution Time: 3164.244 ms
(14 rows)

query 7 run 1
SET
SET
SET
                                                                                                      QUERY PLAN                                                                                                       
-----------------------------------------------------------------------------------------------------------------------------------------------------------------------------------------------------------------------
 Limit  (cost=1418665.00..1419700.33 rows=1 width=116) (actual time=25542.541..25547.500 rows=1 loops=1)
   ->  GroupAggregate  (cost=1418665.00..11821673.98 rows=10048 width=116) (actual time=25542.540..25547.498 rows=1 loops=1)
         Group Key: n1.n_name, n2.n_name, EXTRACT(year FROM lineitem.l_shipdate)
         ->  Nested Loop  (cost=1418665.00..11820626.74 rows=59768 width=96) (actual time=7117.437..25520.773 rows=14421 loops=1)
               Join Filter: (n2.n_nationkey = customer.c_nationkey)
               Rows Removed by Join Filter: 349047
               ->  Nested Loop  (cost=1418664.57..6706171.96 rows=1494199 width=76) (actual time=7105.126..19607.972 rows=363468 loops=1)
                     ->  Gather Merge  (cost=1418664.14..1597571.52 rows=1494199 width=76) (actual time=7103.855..7519.310 rows=363468 loops=1)
                           Workers Planned: 4
                           Workers Launched: 4
                           ->  Sort  (cost=1417664.08..1418597.95 rows=373550 width=76) (actual time=7083.196..7122.087 rows=73112 loops=5)
                                 Sort Key: n1.n_name, n2.n_name, (EXTRACT(year FROM lineitem.l_shipdate))
                                 Sort Method: external merge  Disk: 26576kB
                                 Worker 0:  Sort Method: external merge  Disk: 27232kB
                                 Worker 1:  Sort Method: external merge  Disk: 26488kB
                                 Worker 2:  Sort Method: external merge  Disk: 26904kB
                                 Worker 3:  Sort Method: external merge  Disk: 26744kB
                                 ->  Parallel Hash Join  (cost=3140.96..1372418.52 rows=373550 width=76) (actual time=15.484..6790.769 rows=291139 loops=5)
                                       Hash Cond: (lineitem.l_suppkey = supplier.s_suppkey)
                                       ->  Parallel Seq Scan on lineitem  (cost=0.00..1350079.34 rows=4533566 width=24) (actual time=0.548..6184.925 rows=3646065 loops=5)
                                             Filter: ((l_shipdate >= '1995-01-01'::date) AND (l_shipdate <= '1996-12-31'::date))
                                             Rows Removed by Filter: 8351145
                                       ->  Parallel Hash  (cost=3079.76..3079.76 rows=4896 width=60) (actual time=14.599..14.603 rows=1596 loops=5)
                                             Buckets: 16384  Batches: 1  Memory Usage: 928kB
                                             ->  Hash Join  (cost=2.87..3079.76 rows=4896 width=60) (actual time=0.266..13.815 rows=1596 loops=5)
                                                   Hash Cond: (supplier.s_nationkey = n1.n_nationkey)
                                                   ->  Parallel Seq Scan on supplier  (cost=0.00..2809.24 rows=58824 width=8) (actual time=0.182..11.408 rows=20000 loops=5)
                                                   ->  Hash  (cost=2.84..2.84 rows=2 width=60) (actual time=0.075..0.077 rows=2 loops=5)
                                                         Buckets: 1024  Batches: 1  Memory Usage: 9kB
                                                         ->  Nested Loop  (cost=0.00..2.84 rows=2 width=60) (actual time=0.066..0.072 rows=2 loops=5)
                                                               Join Filter: (((n1.n_name = 'PERU'::bpchar) AND (n2.n_name = 'MOROCCO'::bpchar)) OR ((n1.n_name = 'MOROCCO'::bpchar) AND (n2.n_name = 'PERU'::bpchar)))
                                                               Rows Removed by Join Filter: 2
                                                               ->  Seq Scan on nation n1  (cost=0.00..1.38 rows=2 width=30) (actual time=0.056..0.058 rows=2 loops=5)
                                                                     Filter: ((n_name = 'PERU'::bpchar) OR (n_name = 'MOROCCO'::bpchar))
                                                                     Rows Removed by Filter: 23
                                                               ->  Materialize  (cost=0.00..1.39 rows=2 width=30) (actual time=0.003..0.005 rows=2 loops=10)
                                                                     ->  Seq Scan on nation n2  (cost=0.00..1.38 rows=2 width=30) (actual time=0.004..0.006 rows=2 loops=5)
                                                                           Filter: ((n_name = 'MOROCCO'::bpchar) OR (n_name = 'PERU'::bpchar))
                                                                           Rows Removed by Filter: 23
                     ->  Index Scan using orders_pkey on orders  (cost=0.43..3.42 rows=1 width=8) (actual time=0.033..0.033 rows=1 loops=363468)
                           Index Cond: (o_orderkey = lineitem.l_orderkey)
               ->  Index Scan using customer_pkey on customer  (cost=0.43..3.41 rows=1 width=8) (actual time=0.015..0.016 rows=1 loops=363468)
                     Index Cond: (c_custkey = orders.o_custkey)
 Planning Time: 22.117 ms
 Execution Time: 25550.830 ms
(45 rows)

SET
SET
SET
                                                                                                      QUERY PLAN                                                                                                       
-----------------------------------------------------------------------------------------------------------------------------------------------------------------------------------------------------------------------
 Limit  (cost=1418665.00..1419700.33 rows=1 width=116) (actual time=5740.185..5745.997 rows=1 loops=1)
   ->  GroupAggregate  (cost=1418665.00..11821673.98 rows=10048 width=116) (actual time=5740.184..5745.995 rows=1 loops=1)
         Group Key: n1.n_name, n2.n_name, EXTRACT(year FROM lineitem.l_shipdate)
         ->  Nested Loop  (cost=1418665.00..11820626.74 rows=59768 width=96) (actual time=3543.113..5731.867 rows=14421 loops=1)
               Join Filter: (n2.n_nationkey = customer.c_nationkey)
               Rows Removed by Join Filter: 349095
               ->  Nested Loop  (cost=1418664.57..6706171.96 rows=1494199 width=76) (actual time=3542.051..4727.535 rows=363516 loops=1)
                     ->  Gather Merge  (cost=1418664.14..1597571.52 rows=1494199 width=76) (actual time=3541.996..3768.977 rows=363516 loops=1)
                           Workers Planned: 4
                           Workers Launched: 4
                           ->  Sort  (cost=1417664.08..1418597.95 rows=373550 width=76) (actual time=3525.487..3552.923 rows=73113 loops=5)
                                 Sort Key: n1.n_name, n2.n_name, (EXTRACT(year FROM lineitem.l_shipdate))
                                 Sort Method: external merge  Disk: 27136kB
                                 Worker 0:  Sort Method: external merge  Disk: 26304kB
                                 Worker 1:  Sort Method: external merge  Disk: 26816kB
                                 Worker 2:  Sort Method: external merge  Disk: 26608kB
                                 Worker 3:  Sort Method: external merge  Disk: 27088kB
                                 ->  Parallel Hash Join  (cost=3140.96..1372418.52 rows=373550 width=76) (actual time=14.852..3190.933 rows=291139 loops=5)
                                       Hash Cond: (lineitem.l_suppkey = supplier.s_suppkey)
                                       ->  Parallel Seq Scan on lineitem  (cost=0.00..1350079.34 rows=4533566 width=24) (actual time=1.132..2517.770 rows=3646065 loops=5)
                                             Filter: ((l_shipdate >= '1995-01-01'::date) AND (l_shipdate <= '1996-12-31'::date))
                                             Rows Removed by Filter: 8351145
                                       ->  Parallel Hash  (cost=3079.76..3079.76 rows=4896 width=60) (actual time=12.403..12.406 rows=1596 loops=5)
                                             Buckets: 16384  Batches: 1  Memory Usage: 960kB
                                             ->  Hash Join  (cost=2.87..3079.76 rows=4896 width=60) (actual time=0.069..10.833 rows=1596 loops=5)
                                                   Hash Cond: (supplier.s_nationkey = n1.n_nationkey)
                                                   ->  Parallel Seq Scan on supplier  (cost=0.00..2809.24 rows=58824 width=8) (actual time=0.031..8.575 rows=20000 loops=5)
                                                   ->  Hash  (cost=2.84..2.84 rows=2 width=60) (actual time=0.032..0.034 rows=2 loops=5)
                                                         Buckets: 1024  Batches: 1  Memory Usage: 9kB
                                                         ->  Nested Loop  (cost=0.00..2.84 rows=2 width=60) (actual time=0.023..0.029 rows=2 loops=5)
                                                               Join Filter: (((n1.n_name = 'PERU'::bpchar) AND (n2.n_name = 'MOROCCO'::bpchar)) OR ((n1.n_name = 'MOROCCO'::bpchar) AND (n2.n_name = 'PERU'::bpchar)))
                                                               Rows Removed by Join Filter: 2
                                                               ->  Seq Scan on nation n1  (cost=0.00..1.38 rows=2 width=30) (actual time=0.012..0.014 rows=2 loops=5)
                                                                     Filter: ((n_name = 'PERU'::bpchar) OR (n_name = 'MOROCCO'::bpchar))
                                                                     Rows Removed by Filter: 23
                                                               ->  Materialize  (cost=0.00..1.39 rows=2 width=30) (actual time=0.003..0.005 rows=2 loops=10)
                                                                     ->  Seq Scan on nation n2  (cost=0.00..1.38 rows=2 width=30) (actual time=0.004..0.006 rows=2 loops=5)
                                                                           Filter: ((n_name = 'MOROCCO'::bpchar) OR (n_name = 'PERU'::bpchar))
                                                                           Rows Removed by Filter: 23
                     ->  Index Scan using orders_pkey on orders  (cost=0.43..3.42 rows=1 width=8) (actual time=0.002..0.002 rows=1 loops=363516)
                           Index Cond: (o_orderkey = lineitem.l_orderkey)
               ->  Index Scan using customer_pkey on customer  (cost=0.43..3.41 rows=1 width=8) (actual time=0.002..0.002 rows=1 loops=363516)
                     Index Cond: (c_custkey = orders.o_custkey)
 Planning Time: 3.249 ms
 Execution Time: 5750.015 ms
(45 rows)

query 8 run 1
SET
SET
SET
                                                                                         QUERY PLAN                                                                                          
---------------------------------------------------------------------------------------------------------------------------------------------------------------------------------------------
 Limit  (cost=386272.40..392864.39 rows=1 width=64) (actual time=35025.723..35032.074 rows=1 loops=1)
   ->  GroupAggregate  (cost=386272.40..16246583.72 rows=2406 width=64) (actual time=35025.722..35032.072 rows=1 loops=1)
         Group Key: EXTRACT(year FROM orders.o_orderdate)
         ->  Nested Loop  (cost=386272.40..16246072.14 rows=23173 width=70) (actual time=2262.497..35006.099 rows=11818 loops=1)
               Join Filter: (supplier.s_nationkey = n2.n_nationkey)
               Rows Removed by Join Filter: 142661
               ->  Nested Loop  (cost=386272.40..16237643.91 rows=23173 width=20) (actual time=2262.453..34960.720 rows=11818 loops=1)
                     ->  Nested Loop  (cost=386272.11..16161067.52 rows=23408 width=20) (actual time=2262.114..34470.026 rows=11818 loops=1)
                           ->  Nested Loop  (cost=386271.68..3795347.20 rows=3622251 width=24) (actual time=2194.627..23920.327 rows=1816470 loops=1)
                                 ->  Gather Merge  (cost=386271.12..494736.93 rows=905885 width=8) (actual time=2193.848..2469.858 rows=454502 loops=1)
                                       Workers Planned: 4
                                       Workers Launched: 4
                                       ->  Sort  (cost=385271.06..385837.24 rows=226471 width=8) (actual time=2181.655..2189.903 rows=92090 loops=5)
                                             Sort Key: (EXTRACT(year FROM orders.o_orderdate))
                                             Sort Method: quicksort  Memory: 16256kB
                                             Worker 0:  Sort Method: quicksort  Memory: 15936kB
                                             Worker 1:  Sort Method: quicksort  Memory: 15997kB
                                             Worker 2:  Sort Method: quicksort  Memory: 16206kB
                                             Worker 3:  Sort Method: quicksort  Memory: 16113kB
                                             ->  Parallel Hash Join  (cost=42793.05..365127.64 rows=226471 width=8) (actual time=261.952..2128.620 rows=182072 loops=5)
                                                   Hash Cond: (orders.o_custkey = customer.c_custkey)
                                                   ->  Parallel Seq Scan on orders  (cost=0.00..317522.07 rows=1132356 width=12) (actual time=0.371..1586.518 rows=911503 loops=5)
                                                         Filter: ((o_orderdate >= '1995-01-01'::date) AND (o_orderdate <= '1996-12-31'::date))
                                                         Rows Removed by Filter: 2088497
                                                   ->  Parallel Hash  (cost=41855.58..41855.58 rows=74998 width=4) (actual time=260.830..260.833 rows=59887 loops=5)
                                                         Buckets: 524288  Batches: 1  Memory Usage: 15904kB
                                                         ->  Hash Join  (cost=2.51..41855.58 rows=74998 width=4) (actual time=0.557..243.081 rows=59887 loops=5)
                                                               Hash Cond: (customer.c_nationkey = n1.n_nationkey)
                                                               ->  Parallel Seq Scan on customer  (cost=0.00..39696.88 rows=374988 width=8) (actual time=0.122..203.934 rows=300000 loops=5)
                                                               ->  Hash  (cost=2.45..2.45 rows=5 width=4) (actual time=0.416..0.418 rows=5 loops=5)
                                                                     Buckets: 1024  Batches: 1  Memory Usage: 9kB
                                                                     ->  Hash Join  (cost=1.07..2.45 rows=5 width=4) (actual time=0.129..0.137 rows=5 loops=5)
                                                                           Hash Cond: (n1.n_regionkey = region.r_regionkey)
                                                                           ->  Seq Scan on nation n1  (cost=0.00..1.25 rows=25 width=8) (actual time=0.056..0.058 rows=25 loops=5)
                                                                           ->  Hash  (cost=1.06..1.06 rows=1 width=4) (actual time=0.053..0.054 rows=1 loops=5)
                                                                                 Buckets: 1024  Batches: 1  Memory Usage: 9kB
                                                                                 ->  Seq Scan on region  (cost=0.00..1.06 rows=1 width=4) (actual time=0.048..0.049 rows=1 loops=5)
                                                                                       Filter: (r_name = 'AMERICA'::bpchar)
                                                                                       Rows Removed by Filter: 4
                                 ->  Index Scan using idx_lineitem_orderkey on lineitem  (cost=0.56..3.60 rows=4 width=24) (actual time=0.043..0.046 rows=4 loops=454502)
                                       Index Cond: (l_orderkey = orders.o_orderkey)
                           ->  Index Scan using part_pkey on part  (cost=0.43..3.41 rows=1 width=4) (actual time=0.006..0.006 rows=0 loops=1816470)
                                 Index Cond: (p_partkey = lineitem.l_partkey)
                                 Filter: ((p_type)::text = 'LARGE POLISHED BRASS'::text)
                                 Rows Removed by Filter: 1
                     ->  Index Scan using supplier_pkey on supplier  (cost=0.29..3.27 rows=1 width=8) (actual time=0.041..0.041 rows=1 loops=11818)
                           Index Cond: (s_suppkey = lineitem.l_suppkey)
               ->  Materialize  (cost=0.00..1.38 rows=25 width=30) (actual time=0.000..0.001 rows=13 loops=11818)
                     ->  Seq Scan on nation n2  (cost=0.00..1.25 rows=25 width=30) (actual time=0.009..0.016 rows=25 loops=1)
 Planning Time: 29.077 ms
 Execution Time: 35032.664 ms
(51 rows)

SET
SET
SET
                                                                                         QUERY PLAN                                                                                         
--------------------------------------------------------------------------------------------------------------------------------------------------------------------------------------------
 Limit  (cost=386272.40..392864.39 rows=1 width=64) (actual time=9196.512..9202.458 rows=1 loops=1)
   ->  GroupAggregate  (cost=386272.40..16246583.72 rows=2406 width=64) (actual time=9196.511..9202.456 rows=1 loops=1)
         Group Key: EXTRACT(year FROM orders.o_orderdate)
         ->  Nested Loop  (cost=386272.40..16246072.14 rows=23173 width=70) (actual time=1064.132..9188.568 rows=11818 loops=1)
               Join Filter: (supplier.s_nationkey = n2.n_nationkey)
               Rows Removed by Join Filter: 142648
               ->  Nested Loop  (cost=386272.40..16237643.91 rows=23173 width=20) (actual time=1064.117..9158.912 rows=11818 loops=1)
                     ->  Nested Loop  (cost=386272.11..16161067.52 rows=23408 width=20) (actual time=1064.104..9115.991 rows=11818 loops=1)
                           ->  Nested Loop  (cost=386271.68..3795347.20 rows=3622251 width=24) (actual time=1063.941..4021.787 rows=1816459 loops=1)
                                 ->  Gather Merge  (cost=386271.12..494736.93 rows=905885 width=8) (actual time=1063.893..1257.191 rows=454495 loops=1)
                                       Workers Planned: 4
                                       Workers Launched: 4
                                       ->  Sort  (cost=385271.06..385837.24 rows=226471 width=8) (actual time=1052.409..1059.231 rows=92067 loops=5)
                                             Sort Key: (EXTRACT(year FROM orders.o_orderdate))
                                             Sort Method: quicksort  Memory: 16034kB
                                             Worker 0:  Sort Method: quicksort  Memory: 16988kB
                                             Worker 1:  Sort Method: quicksort  Memory: 15893kB
                                             Worker 2:  Sort Method: quicksort  Memory: 17241kB
                                             Worker 3:  Sort Method: quicksort  Memory: 14352kB
                                             ->  Parallel Hash Join  (cost=42793.05..365127.64 rows=226471 width=8) (actual time=154.421..993.607 rows=182072 loops=5)
                                                   Hash Cond: (orders.o_custkey = customer.c_custkey)
                                                   ->  Parallel Seq Scan on orders  (cost=0.00..317522.07 rows=1132356 width=12) (actual time=0.860..535.602 rows=911503 loops=5)
                                                         Filter: ((o_orderdate >= '1995-01-01'::date) AND (o_orderdate <= '1996-12-31'::date))
                                                         Rows Removed by Filter: 2088497
                                                   ->  Parallel Hash  (cost=41855.58..41855.58 rows=74998 width=4) (actual time=152.895..152.898 rows=59887 loops=5)
                                                         Buckets: 524288  Batches: 1  Memory Usage: 15872kB
                                                         ->  Hash Join  (cost=2.51..41855.58 rows=74998 width=4) (actual time=1.588..131.046 rows=59887 loops=5)
                                                               Hash Cond: (customer.c_nationkey = n1.n_nationkey)
                                                               ->  Parallel Seq Scan on customer  (cost=0.00..39696.88 rows=374988 width=8) (actual time=0.029..89.483 rows=300000 loops=5)
                                                               ->  Hash  (cost=2.45..2.45 rows=5 width=4) (actual time=1.545..1.547 rows=5 loops=5)
                                                                     Buckets: 1024  Batches: 1  Memory Usage: 9kB
                                                                     ->  Hash Join  (cost=1.07..2.45 rows=5 width=4) (actual time=1.353..1.360 rows=5 loops=5)
                                                                           Hash Cond: (n1.n_regionkey = region.r_regionkey)
                                                                           ->  Seq Scan on nation n1  (cost=0.00..1.25 rows=25 width=8) (actual time=1.303..1.304 rows=25 loops=5)
                                                                           ->  Hash  (cost=1.06..1.06 rows=1 width=4) (actual time=0.031..0.032 rows=1 loops=5)
                                                                                 Buckets: 1024  Batches: 1  Memory Usage: 9kB
                                                                                 ->  Seq Scan on region  (cost=0.00..1.06 rows=1 width=4) (actual time=0.024..0.025 rows=1 loops=5)
                                                                                       Filter: (r_name = 'AMERICA'::bpchar)
                                                                                       Rows Removed by Filter: 4
                                 ->  Index Scan using idx_lineitem_orderkey on lineitem  (cost=0.56..3.60 rows=4 width=24) (actual time=0.005..0.005 rows=4 loops=454495)
                                       Index Cond: (l_orderkey = orders.o_orderkey)
                           ->  Index Scan using part_pkey on part  (cost=0.43..3.41 rows=1 width=4) (actual time=0.003..0.003 rows=0 loops=1816459)
                                 Index Cond: (p_partkey = lineitem.l_partkey)
                                 Filter: ((p_type)::text = 'LARGE POLISHED BRASS'::text)
                                 Rows Removed by Filter: 1
                     ->  Index Scan using supplier_pkey on supplier  (cost=0.29..3.27 rows=1 width=8) (actual time=0.003..0.003 rows=1 loops=11818)
                           Index Cond: (s_suppkey = lineitem.l_suppkey)
               ->  Materialize  (cost=0.00..1.38 rows=25 width=30) (actual time=0.000..0.001 rows=13 loops=11818)
                     ->  Seq Scan on nation n2  (cost=0.00..1.25 rows=25 width=30) (actual time=0.006..0.012 rows=25 loops=1)
 Planning Time: 5.727 ms
 Execution Time: 9202.799 ms
(51 rows)

query 9 run 1
SET
SET
SET
                                                                                         QUERY PLAN                                                                                         
--------------------------------------------------------------------------------------------------------------------------------------------------------------------------------------------
 Limit  (cost=31695.91..37640.18 rows=1 width=90) (actual time=1802484.354..1802485.697 rows=1 loops=1)
   ->  GroupAggregate  (cost=31695.91..560735.68 rows=89 width=90) (actual time=1802484.353..1802485.695 rows=1 loops=1)
         Group Key: nation.n_name, (EXTRACT(year FROM orders.o_orderdate))
         ->  Incremental Sort  (cost=31695.91..560732.79 rows=89 width=81) (actual time=1802474.818..1802477.081 rows=11401 loops=1)
               Sort Key: nation.n_name, (EXTRACT(year FROM orders.o_orderdate)) DESC
               Presorted Key: nation.n_name
               Full-sort Groups: 1  Sort Method: quicksort  Average Memory: 31kB  Peak Memory: 31kB
               Pre-sorted Groups: 1  Sort Method: quicksort  Average Memory: 15860kB  Peak Memory: 15860kB
               ->  Nested Loop  (cost=9652.78..560729.45 rows=89 width=81) (actual time=13054.118..1802367.080 rows=128453 loops=1)
                     Join Filter: (supplier.s_suppkey = lineitem.l_suppkey)
                     Rows Removed by Join Filter: 12781466155
                     ->  Gather Merge  (cost=8651.47..20048.53 rows=100000 width=30) (actual time=50.446..59.073 rows=3935 loops=1)
                           Workers Planned: 1
                           Workers Launched: 1
                           ->  Sort  (cost=7651.46..7798.52 rows=58824 width=30) (actual time=44.547..45.292 rows=2420 loops=2)
                                 Sort Key: nation.n_name
                                 Sort Method: quicksort  Memory: 5495kB
                                 Worker 0:  Sort Method: quicksort  Memory: 4609kB
                                 ->  Hash Join  (cost=1.56..2991.39 rows=58824 width=30) (actual time=0.315..23.585 rows=50000 loops=2)
                                       Hash Cond: (supplier.s_nationkey = nation.n_nationkey)
                                       ->  Parallel Seq Scan on supplier  (cost=0.00..2809.24 rows=58824 width=8) (actual time=0.143..14.328 rows=50000 loops=2)
                                       ->  Hash  (cost=1.25..1.25 rows=25 width=30) (actual time=0.123..0.123 rows=25 loops=2)
                                             Buckets: 1024  Batches: 1  Memory Usage: 10kB
                                             ->  Seq Scan on nation  (cost=0.00..1.25 rows=25 width=30) (actual time=0.114..0.117 rows=25 loops=2)
                     ->  Materialize  (cost=1001.31..405680.93 rows=90 width=35) (actual time=0.003..236.671 rows=3248182 loops=3935)
                           ->  Gather  (cost=1001.31..405680.48 rows=90 width=35) (actual time=3.991..37833.103 rows=3248192 loops=1)
                                 Workers Planned: 4
                                 Workers Launched: 4
                                 ->  Nested Loop  (cost=1.31..404671.48 rows=22 width=35) (actual time=2.200..38670.461 rows=649638 loops=5)
                                       ->  Nested Loop  (cost=0.87..404596.18 rows=22 width=35) (actual time=1.604..27625.506 rows=649638 loops=5)
                                             ->  Nested Loop  (cost=0.43..126519.19 rows=80819 width=18) (actual time=1.284..1048.489 rows=86650 loops=5)
                                                   ->  Parallel Seq Scan on part  (cost=0.00..47231.14 rows=20202 width=4) (actual time=0.666..176.745 rows=21662 loops=5)
                                                         Filter: ((p_name)::text ~~ '%navy%'::text)
                                                         Rows Removed by Filter: 378338
                                                   ->  Index Scan using idx_partsupp_partkey on partsupp  (cost=0.43..3.73 rows=19 width=14) (actual time=0.035..0.039 rows=4 loops=108312)
                                                         Index Cond: (ps_partkey = part.p_partkey)
                                             ->  Index Scan using idx_lineitem_part_supp on lineitem  (cost=0.44..3.43 rows=1 width=29) (actual time=0.044..0.304 rows=7 loops=433248)
                                                   Index Cond: ((l_partkey = partsupp.ps_partkey) AND (l_suppkey = partsupp.ps_suppkey))
                                       ->  Index Scan using orders_pkey on orders  (cost=0.43..3.42 rows=1 width=8) (actual time=0.016..0.016 rows=1 loops=3248192)
                                             Index Cond: (o_orderkey = lineitem.l_orderkey)
 Planning Time: 36.274 ms
 Execution Time: 1802505.373 ms
(42 rows)

SET
SET
SET
                                                                                         QUERY PLAN                                                                                         
--------------------------------------------------------------------------------------------------------------------------------------------------------------------------------------------
 Limit  (cost=31695.91..37640.18 rows=1 width=90) (actual time=1804887.728..1804889.271 rows=1 loops=1)
   ->  GroupAggregate  (cost=31695.91..560735.68 rows=89 width=90) (actual time=1804887.726..1804889.268 rows=1 loops=1)
         Group Key: nation.n_name, (EXTRACT(year FROM orders.o_orderdate))
         ->  Incremental Sort  (cost=31695.91..560732.79 rows=89 width=81) (actual time=1804878.134..1804880.625 rows=11401 loops=1)
               Sort Key: nation.n_name, (EXTRACT(year FROM orders.o_orderdate)) DESC
               Presorted Key: nation.n_name
               Full-sort Groups: 1  Sort Method: quicksort  Average Memory: 31kB  Peak Memory: 31kB
               Pre-sorted Groups: 1  Sort Method: quicksort  Average Memory: 15860kB  Peak Memory: 15860kB
               ->  Nested Loop  (cost=9652.78..560729.45 rows=89 width=81) (actual time=1977.295..1804768.779 rows=128453 loops=1)
                     Join Filter: (supplier.s_suppkey = lineitem.l_suppkey)
                     Rows Removed by Join Filter: 12780230623
                     ->  Gather Merge  (cost=8651.47..20048.53 rows=100000 width=30) (actual time=50.735..59.402 rows=3935 loops=1)
                           Workers Planned: 1
                           Workers Launched: 1
                           ->  Sort  (cost=7651.46..7798.52 rows=58824 width=30) (actual time=44.359..45.133 rows=2452 loops=2)
                                 Sort Key: nation.n_name
                                 Sort Method: quicksort  Memory: 5565kB
                                 Worker 0:  Sort Method: quicksort  Memory: 4539kB
                                 ->  Hash Join  (cost=1.56..2991.39 rows=58824 width=30) (actual time=0.346..23.095 rows=50000 loops=2)
                                       Hash Cond: (supplier.s_nationkey = nation.n_nationkey)
                                       ->  Parallel Seq Scan on supplier  (cost=0.00..2809.24 rows=58824 width=8) (actual time=0.153..13.753 rows=50000 loops=2)
                                       ->  Hash  (cost=1.25..1.25 rows=25 width=30) (actual time=0.123..0.123 rows=25 loops=2)
                                             Buckets: 1024  Batches: 1  Memory Usage: 10kB
                                             ->  Seq Scan on nation  (cost=0.00..1.25 rows=25 width=30) (actual time=0.114..0.117 rows=25 loops=2)
                     ->  Materialize  (cost=1001.31..405680.93 rows=90 width=35) (actual time=0.002..232.662 rows=3247868 loops=3935)
                           ->  Gather  (cost=1001.31..405680.48 rows=90 width=35) (actual time=1.816..16529.306 rows=3248192 loops=1)
                                 Workers Planned: 4
                                 Workers Launched: 4
                                 ->  Nested Loop  (cost=1.31..404671.48 rows=22 width=35) (actual time=1.407..17378.946 rows=649638 loops=5)
                                       ->  Nested Loop  (cost=0.87..404596.18 rows=22 width=35) (actual time=1.359..11613.513 rows=649638 loops=5)
                                             ->  Nested Loop  (cost=0.43..126519.19 rows=80819 width=18) (actual time=1.173..673.017 rows=86650 loops=5)
                                                   ->  Parallel Seq Scan on part  (cost=0.00..47231.14 rows=20202 width=4) (actual time=0.258..166.002 rows=21662 loops=5)
                                                         Filter: ((p_name)::text ~~ '%navy%'::text)
                                                         Rows Removed by Filter: 378338
                                                   ->  Index Scan using idx_partsupp_partkey on partsupp  (cost=0.43..3.73 rows=19 width=14) (actual time=0.020..0.022 rows=4 loops=108312)
                                                         Index Cond: (ps_partkey = part.p_partkey)
                                             ->  Index Scan using idx_lineitem_part_supp on lineitem  (cost=0.44..3.43 rows=1 width=29) (actual time=0.020..0.124 rows=7 loops=433248)
                                                   Index Cond: ((l_partkey = partsupp.ps_partkey) AND (l_suppkey = partsupp.ps_suppkey))
                                       ->  Index Scan using orders_pkey on orders  (cost=0.43..3.42 rows=1 width=8) (actual time=0.008..0.008 rows=1 loops=3248192)
                                             Index Cond: (o_orderkey = lineitem.l_orderkey)
 Planning Time: 18.685 ms
 Execution Time: 1804910.145 ms
(42 rows)

query 10 run 1
SET
SET
SET
                                                                                            QUERY PLAN                                                                                            
--------------------------------------------------------------------------------------------------------------------------------------------------------------------------------------------------
 Limit  (cost=939778.54..939778.59 rows=20 width=201) (actual time=21023.060..21083.914 rows=20 loops=1)
   ->  Sort  (cost=939778.54..941192.94 rows=565762 width=201) (actual time=21023.059..21083.910 rows=20 loops=1)
         Sort Key: (sum((lineitem.l_extendedprice * ('1'::numeric - lineitem.l_discount)))) DESC
         Sort Method: top-N heapsort  Memory: 33kB
         ->  GroupAggregate  (cost=842838.45..924723.81 rows=565762 width=201) (actual time=19859.525..20943.250 rows=381205 loops=1)
               Group Key: customer.c_custkey, nation.n_name
               ->  Gather Merge  (cost=842838.45..910579.76 rows=565762 width=181) (actual time=19859.504..20145.390 rows=1145402 loops=1)
                     Workers Planned: 4
                     Workers Launched: 4
                     ->  Sort  (cost=841838.40..842192.00 rows=141440 width=181) (actual time=19844.453..19870.698 rows=229080 loops=5)
                           Sort Key: customer.c_custkey, nation.n_name
                           Sort Method: external merge  Disk: 40712kB
                           Worker 0:  Sort Method: external merge  Disk: 53136kB
                           Worker 1:  Sort Method: external merge  Disk: 42504kB
                           Worker 2:  Sort Method: external merge  Disk: 40304kB
                           Worker 3:  Sort Method: external merge  Disk: 41872kB
                           ->  Hash Join  (cost=786441.21..829738.32 rows=141440 width=181) (actual time=19368.621..19713.778 rows=229080 loops=5)
                                 Hash Cond: (customer.c_nationkey = nation.n_nationkey)
                                 ->  Parallel Hash Join  (cost=786439.64..829302.54 rows=141440 width=159) (actual time=19368.490..19660.500 rows=229080 loops=5)
                                       Hash Cond: (customer.c_custkey = orders.o_custkey)
                                       ->  Parallel Seq Scan on customer  (cost=0.00..39696.88 rows=374988 width=147) (actual time=0.360..121.878 rows=300000 loops=5)
                                       ->  Parallel Hash  (cost=784671.64..784671.64 rows=141440 width=16) (actual time=19366.893..19366.895 rows=229080 loops=5)
                                             Buckets: 2097152 (originally 1048576)  Batches: 1 (originally 1)  Memory Usage: 85184kB
                                             ->  Nested Loop  (cost=6555.20..784671.64 rows=141440 width=16) (actual time=137.237..19197.278 rows=229080 loops=5)
                                                   ->  Parallel Bitmap Heap Scan on orders  (cost=6554.63..269953.80 rows=142078 width=8) (actual time=136.730..2374.831 rows=114632 loops=5)
                                                         Recheck Cond: ((o_orderdate >= '1994-08-01'::date) AND (o_orderdate < '1994-11-01'::date))
                                                         Heap Blocks: exact=46744
                                                         ->  Bitmap Index Scan on idx_orders_orderdate  (cost=0.00..6412.56 rows=568312 width=0) (actual time=87.718..87.718 rows=573160 loops=1)
                                                               Index Cond: ((o_orderdate >= '1994-08-01'::date) AND (o_orderdate < '1994-11-01'::date))
                                                   ->  Index Scan using idx_lineitem_orderkey on lineitem  (cost=0.56..3.61 rows=1 width=16) (actual time=0.141..0.146 rows=2 loops=573160)
                                                         Index Cond: (l_orderkey = orders.o_orderkey)
                                                         Filter: (l_returnflag = 'R'::bpchar)
                                                         Rows Removed by Filter: 2
                                 ->  Hash  (cost=1.25..1.25 rows=25 width=30) (actual time=0.060..0.060 rows=25 loops=5)
                                       Buckets: 1024  Batches: 1  Memory Usage: 10kB
                                       ->  Seq Scan on nation  (cost=0.00..1.25 rows=25 width=30) (actual time=0.052..0.055 rows=25 loops=5)
 Planning Time: 21.542 ms
 Execution Time: 21089.664 ms
(38 rows)

SET
SET
SET
                                                                                            QUERY PLAN                                                                                            
--------------------------------------------------------------------------------------------------------------------------------------------------------------------------------------------------
 Limit  (cost=939778.54..939778.59 rows=20 width=201) (actual time=3820.428..3877.424 rows=20 loops=1)
   ->  Sort  (cost=939778.54..941192.94 rows=565762 width=201) (actual time=3820.426..3877.420 rows=20 loops=1)
         Sort Key: (sum((lineitem.l_extendedprice * ('1'::numeric - lineitem.l_discount)))) DESC
         Sort Method: top-N heapsort  Memory: 33kB
         ->  GroupAggregate  (cost=842838.45..924723.81 rows=565762 width=201) (actual time=2660.871..3737.885 rows=381205 loops=1)
               Group Key: customer.c_custkey, nation.n_name
               ->  Gather Merge  (cost=842838.45..910579.76 rows=565762 width=181) (actual time=2660.851..2940.120 rows=1145402 loops=1)
                     Workers Planned: 4
                     Workers Launched: 4
                     ->  Sort  (cost=841838.40..842192.00 rows=141440 width=181) (actual time=2649.530..2674.919 rows=229080 loops=5)
                           Sort Key: customer.c_custkey, nation.n_name
                           Sort Method: external merge  Disk: 40528kB
                           Worker 0:  Sort Method: external merge  Disk: 41728kB
                           Worker 1:  Sort Method: external merge  Disk: 49552kB
                           Worker 2:  Sort Method: external merge  Disk: 37016kB
                           Worker 3:  Sort Method: external merge  Disk: 49696kB
                           ->  Hash Join  (cost=786441.21..829738.32 rows=141440 width=181) (actual time=2224.434..2497.024 rows=229080 loops=5)
                                 Hash Cond: (customer.c_nationkey = nation.n_nationkey)
                                 ->  Parallel Hash Join  (cost=786439.64..829302.54 rows=141440 width=159) (actual time=2224.345..2443.776 rows=229080 loops=5)
                                       Hash Cond: (customer.c_custkey = orders.o_custkey)
                                       ->  Parallel Seq Scan on customer  (cost=0.00..39696.88 rows=374988 width=147) (actual time=0.024..61.291 rows=300000 loops=5)
                                       ->  Parallel Hash  (cost=784671.64..784671.64 rows=141440 width=16) (actual time=2222.550..2222.552 rows=229080 loops=5)
                                             Buckets: 2097152 (originally 1048576)  Batches: 1 (originally 1)  Memory Usage: 85216kB
                                             ->  Nested Loop  (cost=6555.20..784671.64 rows=141440 width=16) (actual time=134.184..2098.298 rows=229080 loops=5)
                                                   ->  Parallel Bitmap Heap Scan on orders  (cost=6554.63..269953.80 rows=142078 width=8) (actual time=134.070..487.029 rows=114632 loops=5)
                                                         Recheck Cond: ((o_orderdate >= '1994-08-01'::date) AND (o_orderdate < '1994-11-01'::date))
                                                         Heap Blocks: exact=48625
                                                         ->  Bitmap Index Scan on idx_orders_orderdate  (cost=0.00..6412.56 rows=568312 width=0) (actual time=84.799..84.799 rows=573160 loops=1)
                                                               Index Cond: ((o_orderdate >= '1994-08-01'::date) AND (o_orderdate < '1994-11-01'::date))
                                                   ->  Index Scan using idx_lineitem_orderkey on lineitem  (cost=0.56..3.61 rows=1 width=16) (actual time=0.012..0.013 rows=2 loops=573160)
                                                         Index Cond: (l_orderkey = orders.o_orderkey)
                                                         Filter: (l_returnflag = 'R'::bpchar)
                                                         Rows Removed by Filter: 2
                                 ->  Hash  (cost=1.25..1.25 rows=25 width=30) (actual time=0.020..0.020 rows=25 loops=5)
                                       Buckets: 1024  Batches: 1  Memory Usage: 10kB
                                       ->  Seq Scan on nation  (cost=0.00..1.25 rows=25 width=30) (actual time=0.011..0.014 rows=25 loops=5)
 Planning Time: 2.088 ms
 Execution Time: 3882.922 ms
(38 rows)

query 11 run 1
SET
SET
SET
                                                                                         QUERY PLAN                                                                                          
---------------------------------------------------------------------------------------------------------------------------------------------------------------------------------------------
 Limit  (cost=437343.28..437343.28 rows=1 width=36) (actual time=4019.002..4037.934 rows=0 loops=1)
   InitPlan 1 (returns $3)
     ->  Finalize Aggregate  (cost=193187.24..193187.25 rows=1 width=32) (actual time=158.319..158.396 rows=1 loops=1)
           ->  Gather  (cost=193187.02..193187.23 rows=2 width=32) (actual time=157.695..158.385 rows=3 loops=1)
                 Workers Planned: 2
                 Workers Launched: 2
                 ->  Partial Aggregate  (cost=192187.02..192187.03 rows=1 width=32) (actual time=155.531..155.533 rows=1 loops=3)
                       ->  Nested Loop  (cost=0.87..191202.70 rows=131242 width=10) (actual time=0.297..125.652 rows=106933 loops=3)
                             ->  Nested Loop  (cost=0.44..4617.72 rows=1667 width=4) (actual time=0.117..16.607 rows=1337 loops=3)
                                   ->  Parallel Index Scan using supplier_pkey on supplier supplier_1  (cost=0.29..3552.46 rows=41667 width=8) (actual time=0.039..6.684 rows=33333 loops=3)
                                   ->  Memoize  (cost=0.15..0.92 rows=1 width=4) (actual time=0.000..0.000 rows=0 loops=100000)
                                         Cache Key: supplier_1.s_nationkey
                                         Cache Mode: logical
                                         Hits: 38405  Misses: 25  Evictions: 0  Overflows: 0  Memory Usage: 2kB
                                         Worker 0:  Hits: 31085  Misses: 25  Evictions: 0  Overflows: 0  Memory Usage: 2kB
                                         Worker 1:  Hits: 30435  Misses: 25  Evictions: 0  Overflows: 0  Memory Usage: 2kB
                                         ->  Index Scan using nation_pkey on nation nation_1  (cost=0.14..0.91 rows=1 width=4) (actual time=0.002..0.002 rows=0 loops=75)
                                               Index Cond: (n_nationkey = supplier_1.s_nationkey)
                                               Filter: (n_name = 'SAUDI ARABIA'::bpchar)
                                               Rows Removed by Filter: 1
                             ->  Index Scan using idx_partsupp_suppkey on partsupp partsupp_1  (cost=0.43..111.14 rows=79 width=14) (actual time=0.004..0.073 rows=80 loops=4010)
                                   Index Cond: (ps_suppkey = supplier_1.s_suppkey)
   ->  Sort  (cost=244156.03..244418.51 rows=104993 width=36) (actual time=4019.001..4037.855 rows=0 loops=1)
         Sort Key: (sum((partsupp.ps_supplycost * (partsupp.ps_availqty)::numeric))) DESC
         Sort Method: quicksort  Memory: 25kB
         ->  Finalize GroupAggregate  (cost=203359.52..243631.07 rows=104993 width=36) (actual time=4018.994..4037.847 rows=0 loops=1)
               Group Key: partsupp.ps_partkey
               Filter: (sum((partsupp.ps_supplycost * (partsupp.ps_availqty)::numeric)) > $3)
               Rows Removed by Filter: 301833
               ->  Gather Merge  (cost=203359.52..236937.74 rows=262484 width=36) (actual time=3517.371..3684.297 rows=314479 loops=1)
                     Workers Planned: 2
                     Workers Launched: 2
                     ->  Partial GroupAggregate  (cost=202359.50..205640.55 rows=131242 width=36) (actual time=3509.422..3613.075 rows=104826 loops=3)
                           Group Key: partsupp.ps_partkey
                           ->  Sort  (cost=202359.50..202687.60 rows=131242 width=14) (actual time=3509.406..3519.325 rows=106933 loops=3)
                                 Sort Key: partsupp.ps_partkey
                                 Sort Method: quicksort  Memory: 8655kB
                                 Worker 0:  Sort Method: quicksort  Memory: 9149kB
                                 Worker 1:  Sort Method: quicksort  Memory: 8957kB
                                 ->  Nested Loop  (cost=0.87..191202.70 rows=131242 width=14) (actual time=0.967..3470.827 rows=106933 loops=3)
                                       ->  Nested Loop  (cost=0.44..4617.72 rows=1667 width=4) (actual time=0.347..31.944 rows=1337 loops=3)
                                             ->  Parallel Index Scan using supplier_pkey on supplier  (cost=0.29..3552.46 rows=41667 width=8) (actual time=0.195..19.192 rows=33333 loops=3)
                                             ->  Memoize  (cost=0.15..0.92 rows=1 width=4) (actual time=0.000..0.000 rows=0 loops=100000)
                                                   Cache Key: supplier.s_nationkey
                                                   Cache Mode: logical
                                                   Hits: 32631  Misses: 25  Evictions: 0  Overflows: 0  Memory Usage: 2kB
                                                   Worker 0:  Hits: 35477  Misses: 25  Evictions: 0  Overflows: 0  Memory Usage: 2kB
                                                   Worker 1:  Hits: 31817  Misses: 25  Evictions: 0  Overflows: 0  Memory Usage: 2kB
                                                   ->  Index Scan using nation_pkey on nation  (cost=0.14..0.91 rows=1 width=4) (actual time=0.005..0.005 rows=0 loops=75)
                                                         Index Cond: (n_nationkey = supplier.s_nationkey)
                                                         Filter: (n_name = 'SAUDI ARABIA'::bpchar)
                                                         Rows Removed by Filter: 1
                                       ->  Index Scan using idx_partsupp_suppkey on partsupp  (cost=0.43..111.14 rows=79 width=18) (actual time=0.059..2.555 rows=80 loops=4010)
                                             Index Cond: (ps_suppkey = supplier.s_suppkey)
 Planning Time: 13.200 ms
 Execution Time: 4038.329 ms
(56 rows)

SET
SET
SET
                                                                                         QUERY PLAN                                                                                          
---------------------------------------------------------------------------------------------------------------------------------------------------------------------------------------------
 Limit  (cost=437343.28..437343.28 rows=1 width=36) (actual time=666.530..683.813 rows=0 loops=1)
   InitPlan 1 (returns $3)
     ->  Finalize Aggregate  (cost=193187.24..193187.25 rows=1 width=32) (actual time=151.929..152.011 rows=1 loops=1)
           ->  Gather  (cost=193187.02..193187.23 rows=2 width=32) (actual time=151.604..152.003 rows=3 loops=1)
                 Workers Planned: 2
                 Workers Launched: 2
                 ->  Partial Aggregate  (cost=192187.02..192187.03 rows=1 width=32) (actual time=149.120..149.121 rows=1 loops=3)
                       ->  Nested Loop  (cost=0.87..191202.70 rows=131242 width=10) (actual time=0.302..119.748 rows=106933 loops=3)
                             ->  Nested Loop  (cost=0.44..4617.72 rows=1667 width=4) (actual time=0.129..16.425 rows=1337 loops=3)
                                   ->  Parallel Index Scan using supplier_pkey on supplier supplier_1  (cost=0.29..3552.46 rows=41667 width=8) (actual time=0.050..6.574 rows=33333 loops=3)
                                   ->  Memoize  (cost=0.15..0.92 rows=1 width=4) (actual time=0.000..0.000 rows=0 loops=100000)
                                         Cache Key: supplier_1.s_nationkey
                                         Cache Mode: logical
                                         Hits: 42513  Misses: 25  Evictions: 0  Overflows: 0  Memory Usage: 2kB
                                         Worker 0:  Hits: 27791  Misses: 25  Evictions: 0  Overflows: 0  Memory Usage: 2kB
                                         Worker 1:  Hits: 29621  Misses: 25  Evictions: 0  Overflows: 0  Memory Usage: 2kB
                                         ->  Index Scan using nation_pkey on nation nation_1  (cost=0.14..0.91 rows=1 width=4) (actual time=0.002..0.002 rows=0 loops=75)
                                               Index Cond: (n_nationkey = supplier_1.s_nationkey)
                                               Filter: (n_name = 'SAUDI ARABIA'::bpchar)
                                               Rows Removed by Filter: 1
                             ->  Index Scan using idx_partsupp_suppkey on partsupp partsupp_1  (cost=0.43..111.14 rows=79 width=14) (actual time=0.003..0.068 rows=80 loops=4010)
                                   Index Cond: (ps_suppkey = supplier_1.s_suppkey)
   ->  Sort  (cost=244156.03..244418.51 rows=104993 width=36) (actual time=666.529..683.729 rows=0 loops=1)
         Sort Key: (sum((partsupp.ps_supplycost * (partsupp.ps_availqty)::numeric))) DESC
         Sort Method: quicksort  Memory: 25kB
         ->  Finalize GroupAggregate  (cost=203359.52..243631.07 rows=104993 width=36) (actual time=666.522..683.721 rows=0 loops=1)
               Group Key: partsupp.ps_partkey
               Filter: (sum((partsupp.ps_supplycost * (partsupp.ps_availqty)::numeric)) > $3)
               Rows Removed by Filter: 301833
               ->  Gather Merge  (cost=203359.52..236937.74 rows=262484 width=36) (actual time=166.107..336.932 rows=314278 loops=1)
                     Workers Planned: 2
                     Workers Launched: 2
                     ->  Partial GroupAggregate  (cost=202359.50..205640.55 rows=131242 width=36) (actual time=163.024..266.292 rows=104759 loops=3)
                           Group Key: partsupp.ps_partkey
                           ->  Sort  (cost=202359.50..202687.60 rows=131242 width=14) (actual time=163.013..172.671 rows=106933 loops=3)
                                 Sort Key: partsupp.ps_partkey
                                 Sort Method: quicksort  Memory: 9036kB
                                 Worker 0:  Sort Method: quicksort  Memory: 8891kB
                                 Worker 1:  Sort Method: quicksort  Memory: 8834kB
                                 ->  Nested Loop  (cost=0.87..191202.70 rows=131242 width=14) (actual time=0.121..138.560 rows=106933 loops=3)
                                       ->  Nested Loop  (cost=0.44..4617.72 rows=1667 width=4) (actual time=0.102..17.170 rows=1337 loops=3)
                                             ->  Parallel Index Scan using supplier_pkey on supplier  (cost=0.29..3552.46 rows=41667 width=8) (actual time=0.034..6.987 rows=33333 loops=3)
                                             ->  Memoize  (cost=0.15..0.92 rows=1 width=4) (actual time=0.000..0.000 rows=0 loops=100000)
                                                   Cache Key: supplier.s_nationkey
                                                   Cache Mode: logical
                                                   Hits: 33363  Misses: 25  Evictions: 0  Overflows: 0  Memory Usage: 2kB
                                                   Worker 0:  Hits: 33281  Misses: 25  Evictions: 0  Overflows: 0  Memory Usage: 2kB
                                                   Worker 1:  Hits: 33281  Misses: 25  Evictions: 0  Overflows: 0  Memory Usage: 2kB
                                                   ->  Index Scan using nation_pkey on nation  (cost=0.14..0.91 rows=1 width=4) (actual time=0.002..0.002 rows=0 loops=75)
                                                         Index Cond: (n_nationkey = supplier.s_nationkey)
                                                         Filter: (n_name = 'SAUDI ARABIA'::bpchar)
                                                         Rows Removed by Filter: 1
                                       ->  Index Scan using idx_partsupp_suppkey on partsupp  (cost=0.43..111.14 rows=79 width=18) (actual time=0.004..0.081 rows=80 loops=4010)
                                             Index Cond: (ps_suppkey = supplier.s_suppkey)
 Planning Time: 1.533 ms
 Execution Time: 683.905 ms
(56 rows)

query 12 run 1
SET
SET
SET
                                                                                                                    QUERY PLAN                                                                                                                     
---------------------------------------------------------------------------------------------------------------------------------------------------------------------------------------------------------------------------------------------------
 Limit  (cost=1469375.32..1616079.23 rows=1 width=27) (actual time=13450.048..13451.111 rows=1 loops=1)
   ->  GroupAggregate  (cost=1469375.32..2496302.73 rows=7 width=27) (actual time=13450.047..13451.110 rows=1 loops=1)
         Group Key: lineitem.l_shipmode
         ->  Nested Loop  (cost=1469375.32..2491247.99 rows=288838 width=27) (actual time=6925.193..13360.414 rows=155572 loops=1)
               ->  Gather Merge  (cost=1469374.88..1503958.80 rows=288838 width=15) (actual time=6924.284..6998.296 rows=155572 loops=1)
                     Workers Planned: 4
                     Workers Launched: 4
                     ->  Sort  (cost=1468374.82..1468555.35 rows=72210 width=15) (actual time=6914.016..6916.767 rows=32213 loops=5)
                           Sort Key: lineitem.l_shipmode
                           Sort Method: quicksort  Memory: 5021kB
                           Worker 0:  Sort Method: quicksort  Memory: 4899kB
                           Worker 1:  Sort Method: quicksort  Memory: 4893kB
                           Worker 2:  Sort Method: quicksort  Memory: 4946kB
                           Worker 3:  Sort Method: quicksort  Memory: 4946kB
                           ->  Parallel Seq Scan on lineitem  (cost=0.00..1462547.51 rows=72210 width=15) (actual time=1.565..6895.997 rows=62252 loops=5)
                                 Filter: ((l_shipmode = ANY ('{SHIP,"REG AIR"}'::bpchar[])) AND (l_commitdate < l_receiptdate) AND (l_shipdate < l_commitdate) AND (l_receiptdate >= '1994-01-01'::date) AND (l_receiptdate < '1995-01-01'::date))
                                 Rows Removed by Filter: 11934959
               ->  Index Scan using orders_pkey on orders  (cost=0.43..3.42 rows=1 width=20) (actual time=0.040..0.040 rows=1 loops=155572)
                     Index Cond: (o_orderkey = lineitem.l_orderkey)
 Planning Time: 14.768 ms
 Execution Time: 13451.475 ms
(21 rows)

SET
SET
SET
                                                                                                                    QUERY PLAN                                                                                                                     
---------------------------------------------------------------------------------------------------------------------------------------------------------------------------------------------------------------------------------------------------
 Limit  (cost=1469375.32..1616079.23 rows=1 width=27) (actual time=4045.044..4046.771 rows=1 loops=1)
   ->  GroupAggregate  (cost=1469375.32..2496302.73 rows=7 width=27) (actual time=4045.042..4046.769 rows=1 loops=1)
         Group Key: lineitem.l_shipmode
         ->  Nested Loop  (cost=1469375.32..2491247.99 rows=288838 width=27) (actual time=3562.607..3997.130 rows=155572 loops=1)
               ->  Gather Merge  (cost=1469374.88..1503958.80 rows=288838 width=15) (actual time=3562.555..3604.708 rows=155572 loops=1)
                     Workers Planned: 4
                     Workers Launched: 4
                     ->  Sort  (cost=1468374.82..1468555.35 rows=72210 width=15) (actual time=3555.617..3557.790 rows=32324 loops=5)
                           Sort Key: lineitem.l_shipmode
                           Sort Method: quicksort  Memory: 6744kB
                           Worker 0:  Sort Method: quicksort  Memory: 4977kB
                           Worker 1:  Sort Method: quicksort  Memory: 4804kB
                           Worker 2:  Sort Method: quicksort  Memory: 4842kB
                           Worker 3:  Sort Method: quicksort  Memory: 4875kB
                           ->  Parallel Seq Scan on lineitem  (cost=0.00..1462547.51 rows=72210 width=15) (actual time=0.086..3533.845 rows=62252 loops=5)
                                 Filter: ((l_shipmode = ANY ('{SHIP,"REG AIR"}'::bpchar[])) AND (l_commitdate < l_receiptdate) AND (l_shipdate < l_commitdate) AND (l_receiptdate >= '1994-01-01'::date) AND (l_receiptdate < '1995-01-01'::date))
                                 Rows Removed by Filter: 11934959
               ->  Index Scan using orders_pkey on orders  (cost=0.43..3.42 rows=1 width=20) (actual time=0.002..0.002 rows=1 loops=155572)
                     Index Cond: (o_orderkey = lineitem.l_orderkey)
 Planning Time: 0.848 ms
 Execution Time: 4046.833 ms
(21 rows)

query 13 run 1
SET
SET
SET
                                                                                    QUERY PLAN                                                                                     
-----------------------------------------------------------------------------------------------------------------------------------------------------------------------------------
 Limit  (cost=1369936.81..1369936.82 rows=1 width=16) (actual time=17184.285..17184.288 rows=1 loops=1)
   ->  Sort  (cost=1369936.81..1369937.31 rows=200 width=16) (actual time=17184.283..17184.286 rows=1 loops=1)
         Sort Key: (count(*)) DESC, (count(orders.o_orderkey)) DESC
         Sort Method: top-N heapsort  Memory: 25kB
         ->  HashAggregate  (cost=1369933.81..1369935.81 rows=200 width=16) (actual time=17184.256..17184.264 rows=46 loops=1)
               Group Key: count(orders.o_orderkey)
               Batches: 1  Memory Usage: 40kB
               ->  HashAggregate  (cost=1215250.73..1347434.52 rows=1499953 width=12) (actual time=14923.632..17015.704 rows=1500000 loops=1)
                     Group Key: customer.c_custkey
                     Planned Partitions: 4  Batches: 5  Memory Usage: 65585kB  Disk Usage: 216328kB
                     ->  Hash Right Join  (cost=53283.14..664484.72 rows=14999585 width=8) (actual time=376.987..11036.203 rows=15337604 loops=1)
                           Hash Cond: (orders.o_custkey = customer.c_custkey)
                           ->  Seq Scan on orders  (cost=0.00..448781.56 rows=14999585 width=8) (actual time=0.755..5140.202 rows=14837583 loops=1)
                                 Filter: ((o_comment)::text !~~ '%special%requests%'::text)
                                 Rows Removed by Filter: 162417
                           ->  Hash  (cost=28673.72..28673.72 rows=1499953 width=4) (actual time=373.539..373.540 rows=1500000 loops=1)
                                 Buckets: 2097152  Batches: 2  Memory Usage: 42747kB
                                 ->  Index Only Scan using customer_pkey on customer  (cost=0.43..28673.72 rows=1499953 width=4) (actual time=0.021..165.022 rows=1500000 loops=1)
                                       Heap Fetches: 0
 Planning Time: 15.682 ms
 Execution Time: 17219.492 ms
(21 rows)

SET
SET
SET
                                                                                    QUERY PLAN                                                                                     
-----------------------------------------------------------------------------------------------------------------------------------------------------------------------------------
 Limit  (cost=1369936.81..1369936.82 rows=1 width=16) (actual time=16518.759..16518.762 rows=1 loops=1)
   ->  Sort  (cost=1369936.81..1369937.31 rows=200 width=16) (actual time=16518.757..16518.760 rows=1 loops=1)
         Sort Key: (count(*)) DESC, (count(orders.o_orderkey)) DESC
         Sort Method: top-N heapsort  Memory: 25kB
         ->  HashAggregate  (cost=1369933.81..1369935.81 rows=200 width=16) (actual time=16518.731..16518.738 rows=46 loops=1)
               Group Key: count(orders.o_orderkey)
               Batches: 1  Memory Usage: 40kB
               ->  HashAggregate  (cost=1215250.73..1347434.52 rows=1499953 width=12) (actual time=14265.421..16350.888 rows=1500000 loops=1)
                     Group Key: customer.c_custkey
                     Planned Partitions: 4  Batches: 5  Memory Usage: 65585kB  Disk Usage: 216328kB
                     ->  Hash Right Join  (cost=53283.14..664484.72 rows=14999585 width=8) (actual time=334.681..10416.981 rows=15337604 loops=1)
                           Hash Cond: (orders.o_custkey = customer.c_custkey)
                           ->  Seq Scan on orders  (cost=0.00..448781.56 rows=14999585 width=8) (actual time=0.032..4673.124 rows=14837583 loops=1)
                                 Filter: ((o_comment)::text !~~ '%special%requests%'::text)
                                 Rows Removed by Filter: 162417
                           ->  Hash  (cost=28673.72..28673.72 rows=1499953 width=4) (actual time=332.030..332.031 rows=1500000 loops=1)
                                 Buckets: 2097152  Batches: 2  Memory Usage: 42747kB
                                 ->  Index Only Scan using customer_pkey on customer  (cost=0.43..28673.72 rows=1499953 width=4) (actual time=0.019..130.856 rows=1500000 loops=1)
                                       Heap Fetches: 0
 Planning Time: 0.680 ms
 Execution Time: 16553.291 ms
(21 rows)

query 14 run 1
SET
SET
SET
                                                                                  QUERY PLAN                                                                                  
------------------------------------------------------------------------------------------------------------------------------------------------------------------------------
 Limit  (cost=837842.37..837842.39 rows=1 width=32) (actual time=5271.539..5316.172 rows=1 loops=1)
   ->  Finalize Aggregate  (cost=837842.37..837842.39 rows=1 width=32) (actual time=5271.537..5316.170 rows=1 loops=1)
         ->  Gather  (cost=837841.92..837842.33 rows=4 width=64) (actual time=5265.353..5316.146 rows=5 loops=1)
               Workers Planned: 4
               Workers Launched: 4
               ->  Partial Aggregate  (cost=836841.92..836841.93 rows=1 width=64) (actual time=5258.167..5258.169 rows=1 loops=5)
                     ->  Parallel Hash Join  (cost=64319.12..833632.80 rows=183378 width=33) (actual time=662.767..5095.886 rows=154588 loops=5)
                           Hash Cond: (lineitem.l_partkey = part.p_partkey)
                           ->  Parallel Bitmap Heap Scan on lineitem  (cost=12087.87..780906.85 rows=188459 width=16) (actual time=291.693..4557.608 rows=154588 loops=5)
                                 Recheck Cond: ((l_shipdate >= '1994-05-01'::date) AND (l_shipdate < '1994-06-01'::date))
                                 Heap Blocks: exact=83188
                                 ->  Bitmap Index Scan on idx_lineitem_shipdate  (cost=0.00..11899.42 rows=753835 width=0) (actual time=191.630..191.630 rows=772942 loops=1)
                                       Index Cond: ((l_shipdate >= '1994-05-01'::date) AND (l_shipdate < '1994-06-01'::date))
                           ->  Parallel Hash  (cost=45981.11..45981.11 rows=500011 width=25) (actual time=368.885..368.885 rows=400000 loops=5)
                                 Buckets: 2097152  Batches: 1  Memory Usage: 137280kB
                                 ->  Parallel Seq Scan on part  (cost=0.00..45981.11 rows=500011 width=25) (actual time=0.462..229.093 rows=400000 loops=5)
 Planning Time: 18.098 ms
 Execution Time: 5316.571 ms
(18 rows)

SET
SET
SET
                                                                                  QUERY PLAN                                                                                  
------------------------------------------------------------------------------------------------------------------------------------------------------------------------------
 Limit  (cost=837842.37..837842.39 rows=1 width=32) (actual time=1724.800..1779.469 rows=1 loops=1)
   ->  Finalize Aggregate  (cost=837842.37..837842.39 rows=1 width=32) (actual time=1724.799..1779.467 rows=1 loops=1)
         ->  Gather  (cost=837841.92..837842.33 rows=4 width=64) (actual time=1714.139..1779.442 rows=5 loops=1)
               Workers Planned: 4
               Workers Launched: 4
               ->  Partial Aggregate  (cost=836841.92..836841.93 rows=1 width=64) (actual time=1710.132..1710.135 rows=1 loops=5)
                     ->  Parallel Hash Join  (cost=64319.12..833632.80 rows=183378 width=33) (actual time=555.050..1599.336 rows=154588 loops=5)
                           Hash Cond: (lineitem.l_partkey = part.p_partkey)
                           ->  Parallel Bitmap Heap Scan on lineitem  (cost=12087.87..780906.85 rows=188459 width=16) (actual time=273.057..1185.032 rows=154588 loops=5)
                                 Recheck Cond: ((l_shipdate >= '1994-05-01'::date) AND (l_shipdate < '1994-06-01'::date))
                                 Heap Blocks: exact=74634
                                 ->  Bitmap Index Scan on idx_lineitem_shipdate  (cost=0.00..11899.42 rows=753835 width=0) (actual time=174.474..174.474 rows=772942 loops=1)
                                       Index Cond: ((l_shipdate >= '1994-05-01'::date) AND (l_shipdate < '1994-06-01'::date))
                           ->  Parallel Hash  (cost=45981.11..45981.11 rows=500011 width=25) (actual time=279.859..279.860 rows=400000 loops=5)
                                 Buckets: 2097152  Batches: 1  Memory Usage: 137312kB
                                 ->  Parallel Seq Scan on part  (cost=0.00..45981.11 rows=500011 width=25) (actual time=0.043..127.181 rows=400000 loops=5)
 Planning Time: 1.307 ms
 Execution Time: 1779.525 ms
(18 rows)

query 15 run 1
SET
SET
SET
CREATE VIEW
                                                                                       QUERY PLAN                                                                                       
----------------------------------------------------------------------------------------------------------------------------------------------------------------------------------------
 Limit  (cost=2741072.76..2741180.02 rows=1 width=103) (actual time=13170.243..13227.724 rows=1 loops=1)
   InitPlan 1 (returns $1)
     ->  Aggregate  (cost=1389318.70..1389318.71 rows=1 width=32) (actual time=2915.153..2924.169 rows=1 loops=1)
           ->  Finalize HashAggregate  (cost=1386793.35..1388056.02 rows=101014 width=36) (actual time=2872.655..2918.237 rows=100000 loops=1)
                 Group Key: lineitem_1.l_suppkey
                 Batches: 1  Memory Usage: 66577kB
                 ->  Gather  (cost=1342094.65..1383762.93 rows=404056 width=36) (actual time=2534.592..2616.442 rows=398558 loops=1)
                       Workers Planned: 4
                       Workers Launched: 3
                       ->  Partial HashAggregate  (cost=1341094.65..1342357.33 rows=101014 width=36) (actual time=2530.205..2577.879 rows=99640 loops=4)
                             Group Key: lineitem_1.l_suppkey
                             Batches: 1  Memory Usage: 44049kB
                             Worker 0:  Batches: 1  Memory Usage: 44049kB
                             Worker 1:  Batches: 1  Memory Usage: 44049kB
                             Worker 2:  Batches: 1  Memory Usage: 44049kB
                             ->  Parallel Bitmap Heap Scan on lineitem lineitem_1  (cost=36063.67..1335471.82 rows=562283 width=16) (actual time=438.093..2049.673 rows=566428 loops=4)
                                   Recheck Cond: ((l_shipdate >= '1996-01-01'::date) AND (l_shipdate < '1996-04-01'::date))
                                   Rows Removed by Index Recheck: 3305913
                                   Heap Blocks: exact=109217 lossy=72715
                                   ->  Bitmap Index Scan on idx_lineitem_shipdate  (cost=0.00..35501.39 rows=2249132 width=0) (actual time=348.544..348.545 rows=2265714 loops=1)
                                         Index Cond: ((l_shipdate >= '1996-01-01'::date) AND (l_shipdate < '1996-04-01'::date))
   ->  Nested Loop  (cost=1351754.06..1405917.50 rows=505 width=103) (actual time=13170.241..13218.706 rows=1 loops=1)
         ->  Finalize GroupAggregate  (cost=1351753.77..1404678.90 rows=505 width=36) (actual time=13169.581..13218.044 rows=1 loops=1)
               Group Key: lineitem.l_suppkey
               Filter: (sum((lineitem.l_extendedprice * ('1'::numeric - lineitem.l_discount))) = $1)
               Rows Removed by Filter: 69997
               ->  Gather Merge  (cost=1351753.77..1400133.27 rows=404056 width=36) (actual time=10047.447..10160.011 rows=346277 loops=1)
                     Workers Planned: 4
                     Workers Launched: 4
                     ->  Sort  (cost=1350753.71..1351006.24 rows=101014 width=36) (actual time=10015.474..10023.518 rows=69771 loops=5)
                           Sort Key: lineitem.l_suppkey
                           Sort Method: quicksort  Memory: 13894kB
                           Worker 0:  Sort Method: quicksort  Memory: 13898kB
                           Worker 1:  Sort Method: quicksort  Memory: 13889kB
                           Worker 2:  Sort Method: quicksort  Memory: 13894kB
                           Worker 3:  Sort Method: quicksort  Memory: 13893kB
                           ->  Partial HashAggregate  (cost=1341094.65..1342357.33 rows=101014 width=36) (actual time=9927.590..9991.628 rows=98936 loops=5)
                                 Group Key: lineitem.l_suppkey
                                 Batches: 1  Memory Usage: 44049kB
                                 Worker 0:  Batches: 1  Memory Usage: 47121kB
                                 Worker 1:  Batches: 1  Memory Usage: 44049kB
                                 Worker 2:  Batches: 1  Memory Usage: 44049kB
                                 Worker 3:  Batches: 1  Memory Usage: 44049kB
                                 ->  Parallel Bitmap Heap Scan on lineitem  (cost=36063.67..1335471.82 rows=562283 width=16) (actual time=484.857..9411.742 rows=453143 loops=5)
                                       Recheck Cond: ((l_shipdate >= '1996-01-01'::date) AND (l_shipdate < '1996-04-01'::date))
                                       Rows Removed by Index Recheck: 2644730
                                       Heap Blocks: exact=79683 lossy=53672
                                       ->  Bitmap Index Scan on idx_lineitem_shipdate  (cost=0.00..35501.39 rows=2249132 width=0) (actual time=399.771..399.771 rows=2265714 loops=1)
                                             Index Cond: ((l_shipdate >= '1996-01-01'::date) AND (l_shipdate < '1996-04-01'::date))
         ->  Index Scan using supplier_pkey on supplier  (cost=0.29..2.44 rows=1 width=71) (actual time=0.656..0.656 rows=1 loops=1)
               Index Cond: (s_suppkey = lineitem.l_suppkey)
 Planning Time: 12.588 ms
 Execution Time: 13230.338 ms
(53 rows)

DROP VIEW
SET
SET
SET
CREATE VIEW
                                                                                       QUERY PLAN                                                                                       
----------------------------------------------------------------------------------------------------------------------------------------------------------------------------------------
 Limit  (cost=2741072.76..2741180.02 rows=1 width=103) (actual time=5949.757..6005.777 rows=1 loops=1)
   InitPlan 1 (returns $1)
     ->  Aggregate  (cost=1389318.70..1389318.71 rows=1 width=32) (actual time=2909.386..2919.149 rows=1 loops=1)
           ->  Finalize HashAggregate  (cost=1386793.35..1388056.02 rows=101014 width=36) (actual time=2864.881..2913.238 rows=100000 loops=1)
                 Group Key: lineitem_1.l_suppkey
                 Batches: 1  Memory Usage: 66577kB
                 ->  Gather  (cost=1342094.65..1383762.93 rows=404056 width=36) (actual time=2533.530..2615.804 rows=398565 loops=1)
                       Workers Planned: 4
                       Workers Launched: 3
                       ->  Partial HashAggregate  (cost=1341094.65..1342357.33 rows=101014 width=36) (actual time=2529.257..2576.350 rows=99641 loops=4)
                             Group Key: lineitem_1.l_suppkey
                             Batches: 1  Memory Usage: 44049kB
                             Worker 0:  Batches: 1  Memory Usage: 44049kB
                             Worker 1:  Batches: 1  Memory Usage: 44049kB
                             Worker 2:  Batches: 1  Memory Usage: 44049kB
                             ->  Parallel Bitmap Heap Scan on lineitem lineitem_1  (cost=36063.67..1335471.82 rows=562283 width=16) (actual time=435.967..2047.698 rows=566428 loops=4)
                                   Recheck Cond: ((l_shipdate >= '1996-01-01'::date) AND (l_shipdate < '1996-04-01'::date))
                                   Rows Removed by Index Recheck: 3305913
                                   Heap Blocks: exact=109891 lossy=73234
                                   ->  Bitmap Index Scan on idx_lineitem_shipdate  (cost=0.00..35501.39 rows=2249132 width=0) (actual time=346.244..346.244 rows=2265714 loops=1)
                                         Index Cond: ((l_shipdate >= '1996-01-01'::date) AND (l_shipdate < '1996-04-01'::date))
   ->  Nested Loop  (cost=1351754.06..1405917.50 rows=505 width=103) (actual time=5949.756..5996.012 rows=1 loops=1)
         ->  Finalize GroupAggregate  (cost=1351753.77..1404678.90 rows=505 width=36) (actual time=5949.717..5995.972 rows=1 loops=1)
               Group Key: lineitem.l_suppkey
               Filter: (sum((lineitem.l_extendedprice * ('1'::numeric - lineitem.l_discount))) = $1)
               Rows Removed by Filter: 69997
               ->  Gather Merge  (cost=1351753.77..1400133.27 rows=404056 width=36) (actual time=2834.214..2944.507 rows=346029 loops=1)
                     Workers Planned: 4
                     Workers Launched: 4
                     ->  Sort  (cost=1350753.71..1351006.24 rows=101014 width=36) (actual time=2806.515..2814.249 rows=69686 loops=5)
                           Sort Key: lineitem.l_suppkey
                           Sort Method: quicksort  Memory: 13937kB
                           Worker 0:  Sort Method: quicksort  Memory: 13902kB
                           Worker 1:  Sort Method: quicksort  Memory: 13812kB
                           Worker 2:  Sort Method: quicksort  Memory: 13909kB
                           Worker 3:  Sort Method: quicksort  Memory: 13873kB
                           ->  Partial HashAggregate  (cost=1341094.65..1342357.33 rows=101014 width=36) (actual time=2718.428..2781.234 rows=98871 loops=5)
                                 Group Key: lineitem.l_suppkey
                                 Batches: 1  Memory Usage: 44049kB
                                 Worker 0:  Batches: 1  Memory Usage: 47121kB
                                 Worker 1:  Batches: 1  Memory Usage: 44049kB
                                 Worker 2:  Batches: 1  Memory Usage: 44049kB
                                 Worker 3:  Batches: 1  Memory Usage: 44049kB
                                 ->  Parallel Bitmap Heap Scan on lineitem  (cost=36063.67..1335471.82 rows=562283 width=16) (actual time=451.180..2277.982 rows=453143 loops=5)
                                       Recheck Cond: ((l_shipdate >= '1996-01-01'::date) AND (l_shipdate < '1996-04-01'::date))
                                       Rows Removed by Index Recheck: 2644730
                                       Heap Blocks: exact=87219 lossy=58641
                                       ->  Bitmap Index Scan on idx_lineitem_shipdate  (cost=0.00..35501.39 rows=2249132 width=0) (actual time=363.011..363.011 rows=2265714 loops=1)
                                             Index Cond: ((l_shipdate >= '1996-01-01'::date) AND (l_shipdate < '1996-04-01'::date))
         ->  Index Scan using supplier_pkey on supplier  (cost=0.29..2.44 rows=1 width=71) (actual time=0.034..0.035 rows=1 loops=1)
               Index Cond: (s_suppkey = lineitem.l_suppkey)
 Planning Time: 1.066 ms
 Execution Time: 6008.113 ms
(53 rows)

DROP VIEW
query 16 run 1
SET
SET
SET
                                                                                            QUERY PLAN                                                                                            
--------------------------------------------------------------------------------------------------------------------------------------------------------------------------------------------------
 Limit  (cost=251870.85..251870.85 rows=1 width=44) (actual time=2566.106..2576.403 rows=1 loops=1)
   ->  Sort  (cost=251870.85..252255.75 rows=153961 width=44) (actual time=2566.105..2576.401 rows=1 loops=1)
         Sort Key: (count(DISTINCT partsupp.ps_suppkey)) DESC, part.p_brand, part.p_type, part.p_size
         Sort Method: top-N heapsort  Memory: 25kB
         ->  GroupAggregate  (cost=172228.17..251101.04 rows=153961 width=44) (actual time=1961.826..2568.852 rows=27838 loops=1)
               Group Key: part.p_brand, part.p_type, part.p_size
               ->  Gather Merge  (cost=172228.17..243600.55 rows=596088 width=40) (actual time=1961.777..2300.391 rows=1186319 loops=1)
                     Workers Planned: 4
                     Workers Launched: 4
                     ->  Sort  (cost=171228.11..171600.66 rows=149022 width=40) (actual time=1823.027..1842.777 rows=237264 loops=5)
                           Sort Key: part.p_brand, part.p_type, part.p_size
                           Sort Method: quicksort  Memory: 25384kB
                           Worker 0:  Sort Method: quicksort  Memory: 25628kB
                           Worker 1:  Sort Method: quicksort  Memory: 26427kB
                           Worker 2:  Sort Method: quicksort  Memory: 26094kB
                           Worker 3:  Sort Method: quicksort  Memory: 24985kB
                           ->  Parallel Hash Join  (cost=57884.02..158423.27 rows=149022 width=40) (actual time=347.124..1088.112 rows=237264 loops=5)
                                 Hash Cond: (partsupp.ps_partkey = part.p_partkey)
                                 ->  Parallel Index Only Scan using partsupp_pkey on partsupp  (cost=3471.46..101385.36 rows=1000129 width=8) (actual time=49.891..596.708 rows=1599104 loops=5)
                                       Filter: (NOT (hashed SubPlan 1))
                                       Rows Removed by Filter: 896
                                       Heap Fetches: 0
                                       SubPlan 1
                                         ->  Seq Scan on supplier  (cost=0.00..3471.00 rows=10 width=4) (actual time=1.800..49.075 rows=56 loops=5)
                                               Filter: ((s_comment)::text ~~ '%Customer%Complaints%'::text)
                                               Rows Removed by Filter: 99944
                                 ->  Parallel Hash  (cost=53481.28..53481.28 rows=74503 width=40) (actual time=296.541..296.542 rows=59347 loops=5)
                                       Buckets: 524288  Batches: 1  Memory Usage: 26400kB
                                       ->  Parallel Seq Scan on part  (cost=0.00..53481.28 rows=74503 width=40) (actual time=0.122..271.478 rows=59347 loops=5)
                                             Filter: ((p_brand <> 'Brand#12'::bpchar) AND ((p_type)::text !~~ 'SMALL BRUSHED%'::text) AND (p_size = ANY ('{12,32,36,26,40,34,49,9}'::integer[])))
                                             Rows Removed by Filter: 340653
 Planning Time: 19.639 ms
 Execution Time: 2576.935 ms
(33 rows)

SET
SET
SET
                                                                                            QUERY PLAN                                                                                            
--------------------------------------------------------------------------------------------------------------------------------------------------------------------------------------------------
 Limit  (cost=251870.85..251870.85 rows=1 width=44) (actual time=2251.023..2257.143 rows=1 loops=1)
   ->  Sort  (cost=251870.85..252255.75 rows=153961 width=44) (actual time=2251.022..2257.140 rows=1 loops=1)
         Sort Key: (count(DISTINCT partsupp.ps_suppkey)) DESC, part.p_brand, part.p_type, part.p_size
         Sort Method: top-N heapsort  Memory: 25kB
         ->  GroupAggregate  (cost=172228.17..251101.04 rows=153961 width=44) (actual time=1640.841..2249.552 rows=27838 loops=1)
               Group Key: part.p_brand, part.p_type, part.p_size
               ->  Gather Merge  (cost=172228.17..243600.55 rows=596088 width=40) (actual time=1640.793..1981.944 rows=1186319 loops=1)
                     Workers Planned: 4
                     Workers Launched: 4
                     ->  Sort  (cost=171228.11..171600.66 rows=149022 width=40) (actual time=1533.218..1553.008 rows=237264 loops=5)
                           Sort Key: part.p_brand, part.p_type, part.p_size
                           Sort Method: quicksort  Memory: 25482kB
                           Worker 0:  Sort Method: quicksort  Memory: 25930kB
                           Worker 1:  Sort Method: quicksort  Memory: 27409kB
                           Worker 2:  Sort Method: quicksort  Memory: 24940kB
                           Worker 3:  Sort Method: quicksort  Memory: 24758kB
                           ->  Parallel Hash Join  (cost=57884.02..158423.27 rows=149022 width=40) (actual time=186.880..805.421 rows=237264 loops=5)
                                 Hash Cond: (partsupp.ps_partkey = part.p_partkey)
                                 ->  Parallel Index Only Scan using partsupp_pkey on partsupp  (cost=3471.46..101385.36 rows=1000129 width=8) (actual time=27.576..445.718 rows=1599104 loops=5)
                                       Filter: (NOT (hashed SubPlan 1))
                                       Rows Removed by Filter: 896
                                       Heap Fetches: 0
                                       SubPlan 1
                                         ->  Seq Scan on supplier  (cost=0.00..3471.00 rows=10 width=4) (actual time=0.084..27.326 rows=56 loops=5)
                                               Filter: ((s_comment)::text ~~ '%Customer%Complaints%'::text)
                                               Rows Removed by Filter: 99944
                                 ->  Parallel Hash  (cost=53481.28..53481.28 rows=74503 width=40) (actual time=158.618..158.619 rows=59347 loops=5)
                                       Buckets: 524288  Batches: 1  Memory Usage: 26368kB
                                       ->  Parallel Seq Scan on part  (cost=0.00..53481.28 rows=74503 width=40) (actual time=0.015..129.421 rows=59347 loops=5)
                                             Filter: ((p_brand <> 'Brand#12'::bpchar) AND ((p_type)::text !~~ 'SMALL BRUSHED%'::text) AND (p_size = ANY ('{12,32,36,26,40,34,49,9}'::integer[])))
                                             Rows Removed by Filter: 340653
 Planning Time: 0.860 ms
 Execution Time: 2257.229 ms
(33 rows)

query 17 run 1
SET
SET
SET
                                                                                      QUERY PLAN                                                                                       
---------------------------------------------------------------------------------------------------------------------------------------------------------------------------------------
 Limit  (cost=3495889.09..3495889.11 rows=1 width=32) (actual time=25885.456..25971.201 rows=1 loops=1)
   ->  Aggregate  (cost=3495889.09..3495889.11 rows=1 width=32) (actual time=25885.455..25971.199 rows=1 loops=1)
         ->  Merge Join  (cost=2295453.71..3495838.81 rows=20114 width=8) (actual time=18994.700..25970.320 rows=5319 loops=1)
               Merge Cond: (lineitem_1.l_partkey = part.p_partkey)
               Join Filter: (lineitem.l_quantity < ((0.2 * avg(lineitem_1.l_quantity))))
               Rows Removed by Join Filter: 54632
               ->  Finalize GroupAggregate  (cost=2294452.78..3371384.92 rows=2055455 width=36) (actual time=18963.931..25730.687 rows=1999333 loops=1)
                     Group Key: lineitem_1.l_partkey
                     ->  Gather Merge  (cost=2294452.78..3278889.45 rows=8221820 width=36) (actual time=18963.910..21075.185 rows=9972448 loops=1)
                           Workers Planned: 4
                           Workers Launched: 4
                           ->  Sort  (cost=2293452.73..2298591.36 rows=2055455 width=36) (actual time=18398.792..18701.176 rows=1994992 loops=5)
                                 Sort Key: lineitem_1.l_partkey
                                 Sort Method: external merge  Disk: 150336kB
                                 Worker 0:  Sort Method: external merge  Disk: 150328kB
                                 Worker 1:  Sort Method: external merge  Disk: 150320kB
                                 Worker 2:  Sort Method: external merge  Disk: 150320kB
                                 Worker 3:  Sort Method: external merge  Disk: 150336kB
                                 ->  Partial HashAggregate  (cost=1869658.85..2041794.97 rows=2055455 width=36) (actual time=10098.255..17499.022 rows=1995155 loops=5)
                                       Group Key: lineitem_1.l_partkey
                                       Planned Partitions: 16  Batches: 17  Memory Usage: 65681kB  Disk Usage: 407768kB
                                       Worker 0:  Batches: 17  Memory Usage: 65681kB  Disk Usage: 407840kB
                                       Worker 1:  Batches: 17  Memory Usage: 65681kB  Disk Usage: 407608kB
                                       Worker 2:  Batches: 17  Memory Usage: 65681kB  Disk Usage: 406624kB
                                       Worker 3:  Batches: 17  Memory Usage: 65681kB  Disk Usage: 407848kB
                                       ->  Parallel Seq Scan on lineitem lineitem_1  (cost=0.00..1275100.56 rows=14995756 width=9) (actual time=1.653..3919.849 rows=11997210 loops=5)
               ->  Materialize  (cost=1000.93..97851.50 rows=58715 width=21) (actual time=28.379..66.507 rows=59951 loops=1)
                     ->  Gather Merge  (cost=1000.93..97704.71 rows=58715 width=21) (actual time=28.374..59.557 rows=59951 loops=1)
                           Workers Planned: 4
                           Workers Launched: 3
                           ->  Nested Loop  (cost=0.87..89711.13 rows=14679 width=21) (actual time=2.056..478.265 rows=14988 loops=4)
                                 ->  Parallel Index Scan using part_pkey on part  (cost=0.43..66712.81 rows=503 width=4) (actual time=0.916..191.254 rows=499 loops=4)
                                       Filter: ((p_brand = 'Brand#22'::bpchar) AND (p_container = 'LG BOX'::bpchar))
                                       Rows Removed by Filter: 499501
                                 ->  Index Scan using idx_lineitem_part_supp on lineitem  (cost=0.44..45.43 rows=29 width=17) (actual time=0.341..0.566 rows=30 loops=1996)
                                       Index Cond: (l_partkey = part.p_partkey)
 Planning Time: 15.505 ms
 Execution Time: 26040.308 ms
(38 rows)

SET
SET
SET
                                                                                      QUERY PLAN                                                                                       
---------------------------------------------------------------------------------------------------------------------------------------------------------------------------------------
 Limit  (cost=3495889.09..3495889.11 rows=1 width=32) (actual time=24133.555..24214.500 rows=1 loops=1)
   ->  Aggregate  (cost=3495889.09..3495889.11 rows=1 width=32) (actual time=24133.554..24214.498 rows=1 loops=1)
         ->  Merge Join  (cost=2295453.71..3495838.81 rows=20114 width=8) (actual time=17134.139..24213.733 rows=5319 loops=1)
               Merge Cond: (lineitem_1.l_partkey = part.p_partkey)
               Join Filter: (lineitem.l_quantity < ((0.2 * avg(lineitem_1.l_quantity))))
               Rows Removed by Join Filter: 54632
               ->  Finalize GroupAggregate  (cost=2294452.78..3371384.92 rows=2055455 width=36) (actual time=17124.528..24013.569 rows=1999333 loops=1)
                     Group Key: lineitem_1.l_partkey
                     ->  Gather Merge  (cost=2294452.78..3278889.45 rows=8221820 width=36) (actual time=17124.510..19267.003 rows=9972035 loops=1)
                           Workers Planned: 4
                           Workers Launched: 4
                           ->  Sort  (cost=2293452.73..2298591.36 rows=2055455 width=36) (actual time=16992.194..17291.296 rows=1994858 loops=5)
                                 Sort Key: lineitem_1.l_partkey
                                 Sort Method: external merge  Disk: 150272kB
                                 Worker 0:  Sort Method: external merge  Disk: 150376kB
                                 Worker 1:  Sort Method: external merge  Disk: 150288kB
                                 Worker 2:  Sort Method: external merge  Disk: 150392kB
                                 Worker 3:  Sort Method: external merge  Disk: 150280kB
                                 ->  Partial HashAggregate  (cost=1869658.85..2041794.97 rows=2055455 width=36) (actual time=8644.689..16118.772 rows=1995072 loops=5)
                                       Group Key: lineitem_1.l_partkey
                                       Planned Partitions: 16  Batches: 17  Memory Usage: 65681kB  Disk Usage: 392208kB
                                       Worker 0:  Batches: 17  Memory Usage: 65681kB  Disk Usage: 408608kB
                                       Worker 1:  Batches: 17  Memory Usage: 65681kB  Disk Usage: 393248kB
                                       Worker 2:  Batches: 17  Memory Usage: 65681kB  Disk Usage: 422928kB
                                       Worker 3:  Batches: 17  Memory Usage: 65681kB  Disk Usage: 392208kB
                                       ->  Parallel Seq Scan on lineitem lineitem_1  (cost=0.00..1275100.56 rows=14995756 width=9) (actual time=0.054..1632.102 rows=11997210 loops=5)
               ->  Materialize  (cost=1000.93..97851.50 rows=58715 width=21) (actual time=7.333..28.545 rows=59951 loops=1)
                     ->  Gather Merge  (cost=1000.93..97704.71 rows=58715 width=21) (actual time=7.328..21.925 rows=59951 loops=1)
                           Workers Planned: 4
                           Workers Launched: 3
                           ->  Nested Loop  (cost=0.87..89711.13 rows=14679 width=21) (actual time=0.230..124.672 rows=14988 loops=4)
                                 ->  Parallel Index Scan using part_pkey on part  (cost=0.43..66712.81 rows=503 width=4) (actual time=0.211..105.731 rows=499 loops=4)
                                       Filter: ((p_brand = 'Brand#22'::bpchar) AND (p_container = 'LG BOX'::bpchar))
                                       Rows Removed by Filter: 499501
                                 ->  Index Scan using idx_lineitem_part_supp on lineitem  (cost=0.44..45.43 rows=29 width=17) (actual time=0.004..0.033 rows=30 loops=1996)
                                       Index Cond: (l_partkey = part.p_partkey)
 Planning Time: 0.956 ms
 Execution Time: 24278.237 ms
(38 rows)

query 18 run 1
SET
SET
SET
                                                                                                 QUERY PLAN                                                                                                  
-------------------------------------------------------------------------------------------------------------------------------------------------------------------------------------------------------------
 Limit  (cost=8774580.51..8774580.76 rows=100 width=71) (actual time=42273.371..42273.385 rows=99 loops=1)
   ->  Sort  (cost=8774580.51..8824548.61 rows=19987237 width=71) (actual time=42273.370..42273.377 rows=99 loops=1)
         Sort Key: orders.o_totalprice DESC, orders.o_orderdate
         Sort Method: quicksort  Memory: 32kB
         ->  HashAggregate  (cost=7409504.08..8010682.69 rows=19987237 width=71) (actual time=42272.501..42273.277 rows=99 loops=1)
               Group Key: customer.c_custkey, orders.o_orderkey
               Planned Partitions: 128  Batches: 1  Memory Usage: 6225kB
               ->  Hash Join  (cost=78522.59..6332847.83 rows=19987237 width=44) (actual time=3084.160..42272.037 rows=693 loops=1)
                     Hash Cond: (orders.o_custkey = customer.c_custkey)
                     ->  Merge Join  (cost=37.64..5919843.25 rows=19987237 width=25) (actual time=1003.595..41505.119 rows=693 loops=1)
                           Merge Cond: (orders.o_orderkey = lineitem.l_orderkey)
                           ->  Merge Join  (cost=1.00..3390229.47 rows=4998585 width=24) (actual time=771.411..30332.783 rows=99 loops=1)
                                 Merge Cond: (orders.o_orderkey = lineitem_1.l_orderkey)
                                 ->  Index Scan using orders_pkey on orders  (cost=0.43..547981.71 rows=15001085 width=20) (actual time=0.491..2978.391 rows=14982724 loops=1)
                                 ->  GroupAggregate  (cost=0.56..2692276.89 rows=4998585 width=4) (actual time=663.047..26459.231 rows=99 loops=1)
                                       Group Key: lineitem_1.l_orderkey
                                       Filter: (sum(lineitem_1.l_quantity) > '313'::numeric)
                                       Rows Removed by Filter: 14999901
                                       ->  Index Scan using idx_lineitem_orderkey on lineitem lineitem_1  (cost=0.56..2167425.43 rows=59983024 width=9) (actual time=0.438..12572.132 rows=59986052 loops=1)
                           ->  Index Scan using idx_lineitem_orderkey on lineitem  (cost=0.56..2167425.43 rows=59983024 width=9) (actual time=0.014..7682.814 rows=59916431 loops=1)
                     ->  Hash  (cost=50946.53..50946.53 rows=1499953 width=23) (actual time=686.576..686.577 rows=1500000 loops=1)
                           Buckets: 1048576  Batches: 2  Memory Usage: 49242kB
                           ->  Seq Scan on customer  (cost=0.00..50946.53 rows=1499953 width=23) (actual time=0.589..415.629 rows=1500000 loops=1)
 Planning Time: 21.986 ms
 Execution Time: 42274.841 ms
(25 rows)

SET
SET
SET
                                                                                                 QUERY PLAN                                                                                                  
-------------------------------------------------------------------------------------------------------------------------------------------------------------------------------------------------------------
 Limit  (cost=8774580.51..8774580.76 rows=100 width=71) (actual time=38873.446..38873.459 rows=99 loops=1)
   ->  Sort  (cost=8774580.51..8824548.61 rows=19987237 width=71) (actual time=38873.444..38873.452 rows=99 loops=1)
         Sort Key: orders.o_totalprice DESC, orders.o_orderdate
         Sort Method: quicksort  Memory: 32kB
         ->  HashAggregate  (cost=7409504.08..8010682.69 rows=19987237 width=71) (actual time=38872.577..38873.351 rows=99 loops=1)
               Group Key: customer.c_custkey, orders.o_orderkey
               Planned Partitions: 128  Batches: 1  Memory Usage: 6225kB
               ->  Hash Join  (cost=78522.59..6332847.83 rows=19987237 width=44) (actual time=2644.895..38872.140 rows=693 loops=1)
                     Hash Cond: (orders.o_custkey = customer.c_custkey)
                     ->  Merge Join  (cost=37.64..5919843.25 rows=19987237 width=25) (actual time=871.278..38240.762 rows=693 loops=1)
                           Merge Cond: (orders.o_orderkey = lineitem.l_orderkey)
                           ->  Merge Join  (cost=1.00..3390229.47 rows=4998585 width=24) (actual time=633.856..26939.301 rows=99 loops=1)
                                 Merge Cond: (orders.o_orderkey = lineitem_1.l_orderkey)
                                 ->  Index Scan using orders_pkey on orders  (cost=0.43..547981.71 rows=15001085 width=20) (actual time=0.030..2376.929 rows=14982724 loops=1)
                                 ->  GroupAggregate  (cost=0.56..2692276.89 rows=4998585 width=4) (actual time=554.216..23687.021 rows=99 loops=1)
                                       Group Key: lineitem_1.l_orderkey
                                       Filter: (sum(lineitem_1.l_quantity) > '313'::numeric)
                                       Rows Removed by Filter: 14999901
                                       ->  Index Scan using idx_lineitem_orderkey on lineitem lineitem_1  (cost=0.56..2167425.43 rows=59983024 width=9) (actual time=0.017..10160.451 rows=59986052 loops=1)
                           ->  Index Scan using idx_lineitem_orderkey on lineitem  (cost=0.56..2167425.43 rows=59983024 width=9) (actual time=0.013..7812.072 rows=59916431 loops=1)
                     ->  Hash  (cost=50946.53..50946.53 rows=1499953 width=23) (actual time=550.345..550.346 rows=1500000 loops=1)
                           Buckets: 1048576  Batches: 2  Memory Usage: 49242kB
                           ->  Seq Scan on customer  (cost=0.00..50946.53 rows=1499953 width=23) (actual time=0.031..286.887 rows=1500000 loops=1)
 Planning Time: 1.885 ms
 Execution Time: 38874.651 ms
(25 rows)

query 19 run 1
SET
SET
SET
                                                                                                                                                                                                                                                                                                                                                                                                                                                                                                                  QUERY PLAN                                                                                                                                                                                                                                                                                                                                                                                                                                                                                                                  
----------------------------------------------------------------------------------------------------------------------------------------------------------------------------------------------------------------------------------------------------------------------------------------------------------------------------------------------------------------------------------------------------------------------------------------------------------------------------------------------------------------------------------------------------------------------------------------------------------------------------------------------------------------------------------------------------------------------------------------------------------------------------------------------------------------------------------------------------------------------------------------------------------------------------------------------------------------------------------------------------------------------------------------------
 Limit  (cost=118884.73..118884.74 rows=1 width=32) (actual time=5086.538..5097.536 rows=1 loops=1)
   ->  Finalize Aggregate  (cost=118884.73..118884.74 rows=1 width=32) (actual time=5086.536..5097.534 rows=1 loops=1)
         ->  Gather  (cost=118884.30..118884.71 rows=4 width=32) (actual time=5086.521..5097.523 rows=5 loops=1)
               Workers Planned: 4
               Workers Launched: 4
               ->  Partial Aggregate  (cost=117884.30..117884.31 rows=1 width=32) (actual time=5074.488..5074.489 rows=1 loops=5)
                     ->  Nested Loop  (cost=0.44..117882.28 rows=268 width=12) (actual time=59.786..5073.887 rows=213 loops=5)
                           ->  Parallel Seq Scan on part  (cost=0.00..62231.47 rows=1177 width=30) (actual time=0.862..182.581 rows=956 loops=5)
                                 Filter: ((p_size >= 1) AND (((p_brand = 'Brand#24'::bpchar) AND (p_container = ANY ('{"SM CASE","SM BOX","SM PACK","SM PKG"}'::bpchar[])) AND (p_size <= 5)) OR ((p_brand = 'Brand#43'::bpchar) AND (p_container = ANY ('{"MED BAG","MED BOX","MED PKG","MED PACK"}'::bpchar[])) AND (p_size <= 10)) OR ((p_brand = 'Brand#44'::bpchar) AND (p_container = ANY ('{"LG CASE","LG BOX","LG PACK","LG PKG"}'::bpchar[])) AND (p_size <= 15))))
                                 Rows Removed by Filter: 399044
                           ->  Index Scan using idx_lineitem_part_supp on lineitem  (cost=0.44..47.27 rows=1 width=21) (actual time=4.616..5.114 rows=0 loops=4781)
                                 Index Cond: (l_partkey = part.p_partkey)
                                 Filter: ((l_shipmode = ANY ('{AIR,"AIR REG"}'::bpchar[])) AND (l_shipinstruct = 'DELIVER IN PERSON'::bpchar) AND (((l_quantity >= '10'::numeric) AND (l_quantity <= '20'::numeric)) OR ((l_quantity >= '10'::numeric) AND (l_quantity <= '20'::numeric)) OR ((l_quantity >= '20'::numeric) AND (l_quantity <= '30'::numeric))) AND (((part.p_brand = 'Brand#24'::bpchar) AND (part.p_container = ANY ('{"SM CASE","SM BOX","SM PACK","SM PKG"}'::bpchar[])) AND (l_quantity >= '10'::numeric) AND (l_quantity <= '20'::numeric) AND (part.p_size <= 5)) OR ((part.p_brand = 'Brand#43'::bpchar) AND (part.p_container = ANY ('{"MED BAG","MED BOX","MED PKG","MED PACK"}'::bpchar[])) AND (l_quantity >= '10'::numeric) AND (l_quantity <= '20'::numeric) AND (part.p_size <= 10)) OR ((part.p_brand = 'Brand#44'::bpchar) AND (part.p_container = ANY ('{"LG CASE","LG BOX","LG PACK","LG PKG"}'::bpchar[])) AND (l_quantity >= '20'::numeric) AND (l_quantity <= '30'::numeric) AND (part.p_size <= 15))))
                                 Rows Removed by Filter: 30
 Planning Time: 18.923 ms
 Execution Time: 5097.943 ms
(16 rows)

SET
SET
SET
                                                                                                                                                                                                                                                                                                                                                                                                                                                                                                                  QUERY PLAN                                                                                                                                                                                                                                                                                                                                                                                                                                                                                                                  
----------------------------------------------------------------------------------------------------------------------------------------------------------------------------------------------------------------------------------------------------------------------------------------------------------------------------------------------------------------------------------------------------------------------------------------------------------------------------------------------------------------------------------------------------------------------------------------------------------------------------------------------------------------------------------------------------------------------------------------------------------------------------------------------------------------------------------------------------------------------------------------------------------------------------------------------------------------------------------------------------------------------------------------------
 Limit  (cost=118884.73..118884.74 rows=1 width=32) (actual time=219.499..241.240 rows=1 loops=1)
   ->  Finalize Aggregate  (cost=118884.73..118884.74 rows=1 width=32) (actual time=219.498..241.238 rows=1 loops=1)
         ->  Gather  (cost=118884.30..118884.71 rows=4 width=32) (actual time=215.841..241.222 rows=5 loops=1)
               Workers Planned: 4
               Workers Launched: 4
               ->  Partial Aggregate  (cost=117884.30..117884.31 rows=1 width=32) (actual time=210.177..210.178 rows=1 loops=5)
                     ->  Nested Loop  (cost=0.44..117882.28 rows=268 width=12) (actual time=1.054..209.974 rows=213 loops=5)
                           ->  Parallel Seq Scan on part  (cost=0.00..62231.47 rows=1177 width=30) (actual time=0.109..129.240 rows=956 loops=5)
                                 Filter: ((p_size >= 1) AND (((p_brand = 'Brand#24'::bpchar) AND (p_container = ANY ('{"SM CASE","SM BOX","SM PACK","SM PKG"}'::bpchar[])) AND (p_size <= 5)) OR ((p_brand = 'Brand#43'::bpchar) AND (p_container = ANY ('{"MED BAG","MED BOX","MED PKG","MED PACK"}'::bpchar[])) AND (p_size <= 10)) OR ((p_brand = 'Brand#44'::bpchar) AND (p_container = ANY ('{"LG CASE","LG BOX","LG PACK","LG PKG"}'::bpchar[])) AND (p_size <= 15))))
                                 Rows Removed by Filter: 399044
                           ->  Index Scan using idx_lineitem_part_supp on lineitem  (cost=0.44..47.27 rows=1 width=21) (actual time=0.076..0.083 rows=0 loops=4781)
                                 Index Cond: (l_partkey = part.p_partkey)
                                 Filter: ((l_shipmode = ANY ('{AIR,"AIR REG"}'::bpchar[])) AND (l_shipinstruct = 'DELIVER IN PERSON'::bpchar) AND (((l_quantity >= '10'::numeric) AND (l_quantity <= '20'::numeric)) OR ((l_quantity >= '10'::numeric) AND (l_quantity <= '20'::numeric)) OR ((l_quantity >= '20'::numeric) AND (l_quantity <= '30'::numeric))) AND (((part.p_brand = 'Brand#24'::bpchar) AND (part.p_container = ANY ('{"SM CASE","SM BOX","SM PACK","SM PKG"}'::bpchar[])) AND (l_quantity >= '10'::numeric) AND (l_quantity <= '20'::numeric) AND (part.p_size <= 5)) OR ((part.p_brand = 'Brand#43'::bpchar) AND (part.p_container = ANY ('{"MED BAG","MED BOX","MED PKG","MED PACK"}'::bpchar[])) AND (l_quantity >= '10'::numeric) AND (l_quantity <= '20'::numeric) AND (part.p_size <= 10)) OR ((part.p_brand = 'Brand#44'::bpchar) AND (part.p_container = ANY ('{"LG CASE","LG BOX","LG PACK","LG PKG"}'::bpchar[])) AND (l_quantity >= '20'::numeric) AND (l_quantity <= '30'::numeric) AND (part.p_size <= 15))))
                                 Rows Removed by Filter: 30
 Planning Time: 1.082 ms
 Execution Time: 241.298 ms
(16 rows)

query 20 run 1
SET
SET
SET
                                                                                    QUERY PLAN                                                                                     
-----------------------------------------------------------------------------------------------------------------------------------------------------------------------------------
 Limit  (cost=2449293.75..2693902.80 rows=1 width=51) (actual time=27478.828..27480.121 rows=1 loops=1)
   ->  Nested Loop Semi Join  (cost=2449293.75..2693902.80 rows=1 width=51) (actual time=27478.826..27480.119 rows=1 loops=1)
         Join Filter: (supplier.s_suppkey = lineitem.l_suppkey)
         Rows Removed by Join Filter: 13802
         ->  Gather Merge  (cost=4122.93..4578.81 rows=4000 width=55) (actual time=25.394..26.616 rows=1 loops=1)
               Workers Planned: 1
               Workers Launched: 1
               ->  Sort  (cost=3122.92..3128.80 rows=2353 width=55) (actual time=20.348..20.364 rows=391 loops=2)
                     Sort Key: supplier.s_name
                     Sort Method: quicksort  Memory: 346kB
                     Worker 0:  Sort Method: quicksort  Memory: 197kB
                     ->  Hash Join  (cost=1.32..2991.15 rows=2353 width=55) (actual time=0.351..19.039 rows=2048 loops=2)
                           Hash Cond: (supplier.s_nationkey = nation.n_nationkey)
                           ->  Parallel Seq Scan on supplier  (cost=0.00..2809.24 rows=58824 width=59) (actual time=0.162..13.941 rows=50000 loops=2)
                           ->  Hash  (cost=1.31..1.31 rows=1 width=4) (actual time=0.120..0.120 rows=1 loops=2)
                                 Buckets: 1024  Batches: 1  Memory Usage: 9kB
                                 ->  Seq Scan on nation  (cost=0.00..1.31 rows=1 width=4) (actual time=0.116..0.117 rows=1 loops=2)
                                       Filter: (n_name = 'IRAQ'::bpchar)
                                       Rows Removed by Filter: 24
         ->  Materialize  (cost=2445170.81..2689144.00 rows=3 width=8) (actual time=25706.566..27452.303 rows=13803 loops=1)
               ->  Hash Join  (cost=2445170.81..2689143.98 rows=3 width=8) (actual time=25706.563..27448.206 rows=13803 loops=1)
                     Hash Cond: ((lineitem.l_partkey = partsupp.ps_partkey) AND (lineitem.l_suppkey = partsupp.ps_suppkey))
                     Join Filter: ((partsupp.ps_availqty)::numeric > ((0.5 * sum(lineitem.l_quantity))))
                     Rows Removed by Join Filter: 27
                     ->  HashAggregate  (cost=2368566.13..2528342.31 rows=4811249 width=40) (actual time=24261.875..25791.680 rows=1277698 loops=1)
                           Group Key: lineitem.l_partkey, lineitem.l_suppkey
                           Planned Partitions: 32  Batches: 61  Memory Usage: 65809kB  Disk Usage: 358200kB
                           ->  Bitmap Heap Scan on lineitem  (cost=143841.34..1990452.42 rows=8971002 width=13) (actual time=1265.814..19411.433 rows=9123688 loops=1)
                                 Recheck Cond: ((l_shipdate >= '1996-01-01'::date) AND (l_shipdate < '1997-01-01'::date))
                                 Rows Removed by Index Recheck: 23164080
                                 Heap Blocks: exact=518099 lossy=530696
                                 ->  Bitmap Index Scan on idx_lineitem_shipdate  (cost=0.00..141598.59 rows=8971002 width=0) (actual time=1145.909..1145.909 rows=9123688 loops=1)
                                       Index Cond: ((l_shipdate >= '1996-01-01'::date) AND (l_shipdate < '1997-01-01'::date))
                     ->  Hash  (cost=75392.43..75392.43 rows=80817 width=16) (actual time=1444.378..1444.447 rows=86872 loops=1)
                           Buckets: 131072  Batches: 1  Memory Usage: 5097kB
                           ->  Gather  (cost=1000.43..75392.43 rows=80817 width=16) (actual time=3.223..1424.102 rows=86872 loops=1)
                                 Workers Planned: 4
                                 Workers Launched: 4
                                 ->  Nested Loop  (cost=0.43..66310.73 rows=20204 width=16) (actual time=2.005..1424.563 rows=17374 loops=5)
                                       ->  Parallel Seq Scan on part  (cost=0.00..47231.14 rows=5050 width=4) (actual time=1.398..164.749 rows=4344 loops=5)
                                             Filter: ((p_name)::text ~~ 'olive%'::text)
                                             Rows Removed by Filter: 395656
                                       ->  Index Scan using idx_partsupp_partkey on partsupp  (cost=0.43..3.59 rows=19 width=12) (actual time=0.271..0.288 rows=4 loops=21718)
                                             Index Cond: (ps_partkey = part.p_partkey)
 Planning Time: 20.695 ms
 Execution Time: 27527.375 ms
(46 rows)

SET
SET
SET
                                                                                   QUERY PLAN                                                                                    
---------------------------------------------------------------------------------------------------------------------------------------------------------------------------------
 Limit  (cost=2449293.75..2693902.80 rows=1 width=51) (actual time=15051.095..15052.503 rows=1 loops=1)
   ->  Nested Loop Semi Join  (cost=2449293.75..2693902.80 rows=1 width=51) (actual time=15051.094..15052.501 rows=1 loops=1)
         Join Filter: (supplier.s_suppkey = lineitem.l_suppkey)
         Rows Removed by Join Filter: 13802
         ->  Gather Merge  (cost=4122.93..4578.81 rows=4000 width=55) (actual time=17.537..18.877 rows=1 loops=1)
               Workers Planned: 1
               Workers Launched: 1
               ->  Sort  (cost=3122.92..3128.80 rows=2353 width=55) (actual time=15.658..15.675 rows=391 loops=2)
                     Sort Key: supplier.s_name
                     Sort Method: quicksort  Memory: 319kB
                     Worker 0:  Sort Method: quicksort  Memory: 224kB
                     ->  Hash Join  (cost=1.32..2991.15 rows=2353 width=55) (actual time=0.097..14.312 rows=2048 loops=2)
                           Hash Cond: (supplier.s_nationkey = nation.n_nationkey)
                           ->  Parallel Seq Scan on supplier  (cost=0.00..2809.24 rows=58824 width=59) (actual time=0.020..9.399 rows=50000 loops=2)
                           ->  Hash  (cost=1.31..1.31 rows=1 width=4) (actual time=0.019..0.020 rows=1 loops=2)
                                 Buckets: 1024  Batches: 1  Memory Usage: 9kB
                                 ->  Seq Scan on nation  (cost=0.00..1.31 rows=1 width=4) (actual time=0.016..0.017 rows=1 loops=2)
                                       Filter: (n_name = 'IRAQ'::bpchar)
                                       Rows Removed by Filter: 24
         ->  Materialize  (cost=2445170.81..2689144.00 rows=3 width=8) (actual time=13297.810..15032.424 rows=13803 loops=1)
               ->  Hash Join  (cost=2445170.81..2689143.98 rows=3 width=8) (actual time=13297.805..15028.327 rows=13803 loops=1)
                     Hash Cond: ((lineitem.l_partkey = partsupp.ps_partkey) AND (lineitem.l_suppkey = partsupp.ps_suppkey))
                     Join Filter: ((partsupp.ps_availqty)::numeric > ((0.5 * sum(lineitem.l_quantity))))
                     Rows Removed by Join Filter: 27
                     ->  HashAggregate  (cost=2368566.13..2528342.31 rows=4811249 width=40) (actual time=13097.738..14616.186 rows=1277698 loops=1)
                           Group Key: lineitem.l_partkey, lineitem.l_suppkey
                           Planned Partitions: 32  Batches: 61  Memory Usage: 65809kB  Disk Usage: 358200kB
                           ->  Bitmap Heap Scan on lineitem  (cost=143841.34..1990452.42 rows=8971002 width=13) (actual time=1118.748..9028.569 rows=9123688 loops=1)
                                 Recheck Cond: ((l_shipdate >= '1996-01-01'::date) AND (l_shipdate < '1997-01-01'::date))
                                 Rows Removed by Index Recheck: 23164080
                                 Heap Blocks: exact=518099 lossy=530696
                                 ->  Bitmap Index Scan on idx_lineitem_shipdate  (cost=0.00..141598.59 rows=8971002 width=0) (actual time=999.538..999.538 rows=9123688 loops=1)
                                       Index Cond: ((l_shipdate >= '1996-01-01'::date) AND (l_shipdate < '1997-01-01'::date))
                     ->  Hash  (cost=75392.43..75392.43 rows=80817 width=16) (actual time=199.749..199.815 rows=86872 loops=1)
                           Buckets: 131072  Batches: 1  Memory Usage: 5097kB
                           ->  Gather  (cost=1000.43..75392.43 rows=80817 width=16) (actual time=0.348..181.429 rows=86872 loops=1)
                                 Workers Planned: 4
                                 Workers Launched: 4
                                 ->  Nested Loop  (cost=0.43..66310.73 rows=20204 width=16) (actual time=0.112..183.642 rows=17374 loops=5)
                                       ->  Parallel Seq Scan on part  (cost=0.00..47231.14 rows=5050 width=4) (actual time=0.060..108.801 rows=4344 loops=5)
                                             Filter: ((p_name)::text ~~ 'olive%'::text)
                                             Rows Removed by Filter: 395656
                                       ->  Index Scan using idx_partsupp_partkey on partsupp  (cost=0.43..3.59 rows=19 width=12) (actual time=0.015..0.016 rows=4 loops=21718)
                                             Index Cond: (ps_partkey = part.p_partkey)
 Planning Time: 2.273 ms
 Execution Time: 15100.196 ms
(46 rows)

query 21 run 1
SET
SET
SET
                                                                                           QUERY PLAN                                                                                           
------------------------------------------------------------------------------------------------------------------------------------------------------------------------------------------------
 Limit  (cost=1961188.13..1961188.13 rows=1 width=34) (actual time=11180.823..11193.586 rows=100 loops=1)
   ->  Sort  (cost=1961188.13..1961188.13 rows=1 width=34) (actual time=11180.822..11193.578 rows=100 loops=1)
         Sort Key: (count(*)) DESC, supplier.s_name
         Sort Method: top-N heapsort  Memory: 38kB
         ->  GroupAggregate  (cost=1961184.90..1961188.12 rows=1 width=34) (actual time=10635.629..11191.028 rows=3991 loops=1)
               Group Key: supplier.s_name
               ->  Nested Loop Semi Join  (cost=1961184.90..1961188.10 rows=1 width=26) (actual time=10635.450..11178.842 rows=39281 loops=1)
                     Join Filter: (l2.l_suppkey <> l1.l_suppkey)
                     Rows Removed by Join Filter: 42025
                     ->  Gather Merge  (cost=1961184.33..1961184.46 rows=1 width=38) (actual time=10635.400..10682.590 rows=65960 loops=1)
                           Workers Planned: 4
                           Workers Launched: 4
                           ->  Sort  (cost=1960184.28..1960184.28 rows=1 width=38) (actual time=10610.367..10612.211 rows=13192 loops=5)
                                 Sort Key: supplier.s_name
                                 Sort Method: quicksort  Memory: 1409kB
                                 Worker 0:  Sort Method: quicksort  Memory: 1398kB
                                 Worker 1:  Sort Method: quicksort  Memory: 1423kB
                                 Worker 2:  Sort Method: quicksort  Memory: 1425kB
                                 Worker 3:  Sort Method: quicksort  Memory: 1422kB
                                 ->  Nested Loop Anti Join  (cost=1337994.33..1960184.27 rows=1 width=38) (actual time=7000.169..10535.586 rows=13192 loops=5)
                                       ->  Parallel Hash Join  (cost=1337993.77..1653172.81 rows=95616 width=38) (actual time=6998.655..8760.903 rows=146197 loops=5)
                                             Hash Cond: (orders.o_orderkey = l1.l_orderkey)
                                             ->  Parallel Seq Scan on orders  (cost=0.00..308146.39 rows=1811631 width=4) (actual time=0.600..1235.750 rows=1461837 loops=5)
                                                   Filter: (o_orderstatus = 'F'::bpchar)
                                                   Rows Removed by Filter: 1538163
                                             ->  Parallel Hash  (cost=1335519.57..1335519.57 rows=197936 width=34) (actual time=6996.754..6997.054 rows=302853 loops=5)
                                                   Buckets: 2097152 (originally 1048576)  Batches: 1 (originally 1)  Memory Usage: 131360kB
                                                   ->  Parallel Hash Join  (cost=3020.56..1335519.57 rows=197936 width=34) (actual time=15.668..6827.286 rows=302853 loops=5)
                                                         Hash Cond: (l1.l_suppkey = supplier.s_suppkey)
                                                         ->  Parallel Seq Scan on lineitem l1  (cost=0.00..1312589.95 rows=4998585 width=8) (actual time=0.466..5999.212 rows=7585870 loops=5)
                                                               Filter: (l_receiptdate > l_commitdate)
                                                               Rows Removed by Filter: 4411341
                                                         ->  Parallel Hash  (cost=2991.15..2991.15 rows=2353 width=30) (actual time=15.046..15.048 rows=798 loops=5)
                                                               Buckets: 4096  Batches: 1  Memory Usage: 352kB
                                                               ->  Hash Join  (cost=1.32..2991.15 rows=2353 width=30) (actual time=0.190..14.713 rows=798 loops=5)
                                                                     Hash Cond: (supplier.s_nationkey = nation.n_nationkey)
                                                                     ->  Parallel Seq Scan on supplier  (cost=0.00..2809.24 rows=58824 width=34) (actual time=0.074..12.436 rows=20000 loops=5)
                                                                     ->  Hash  (cost=1.31..1.31 rows=1 width=4) (actual time=0.057..0.058 rows=1 loops=5)
                                                                           Buckets: 1024  Batches: 1  Memory Usage: 9kB
                                                                           ->  Seq Scan on nation  (cost=0.00..1.31 rows=1 width=4) (actual time=0.052..0.053 rows=1 loops=5)
                                                                                 Filter: (n_name = 'PERU'::bpchar)
                                                                                 Rows Removed by Filter: 24
                                       ->  Index Scan using idx_lineitem_orderkey on lineitem l3  (cost=0.56..3.64 rows=1 width=8) (actual time=0.012..0.012 rows=1 loops=730985)
                                             Index Cond: (l_orderkey = l1.l_orderkey)
                                             Filter: ((l_receiptdate > l_commitdate) AND (l_suppkey <> l1.l_suppkey))
                                             Rows Removed by Filter: 1
                     ->  Index Scan using idx_lineitem_orderkey on lineitem l2  (cost=0.56..3.62 rows=4 width=8) (actual time=0.007..0.007 rows=1 loops=65960)
                           Index Cond: (l_orderkey = orders.o_orderkey)
 Planning Time: 19.130 ms
 Execution Time: 11194.354 ms
(50 rows)

SET
SET
SET
                                                                                          QUERY PLAN                                                                                           
-----------------------------------------------------------------------------------------------------------------------------------------------------------------------------------------------
 Limit  (cost=1961188.13..1961188.13 rows=1 width=34) (actual time=6825.376..6845.559 rows=100 loops=1)
   ->  Sort  (cost=1961188.13..1961188.13 rows=1 width=34) (actual time=6825.375..6845.551 rows=100 loops=1)
         Sort Key: (count(*)) DESC, supplier.s_name
         Sort Method: top-N heapsort  Memory: 38kB
         ->  GroupAggregate  (cost=1961184.90..1961188.12 rows=1 width=34) (actual time=6334.471..6843.068 rows=3991 loops=1)
               Group Key: supplier.s_name
               ->  Nested Loop Semi Join  (cost=1961184.90..1961188.10 rows=1 width=26) (actual time=6334.331..6831.468 rows=39281 loops=1)
                     Join Filter: (l2.l_suppkey <> l1.l_suppkey)
                     Rows Removed by Join Filter: 42025
                     ->  Gather Merge  (cost=1961184.33..1961184.46 rows=1 width=38) (actual time=6334.295..6388.177 rows=65960 loops=1)
                           Workers Planned: 4
                           Workers Launched: 4
                           ->  Sort  (cost=1960184.28..1960184.28 rows=1 width=38) (actual time=6308.849..6310.408 rows=13192 loops=5)
                                 Sort Key: supplier.s_name
                                 Sort Method: quicksort  Memory: 1515kB
                                 Worker 0:  Sort Method: quicksort  Memory: 1223kB
                                 Worker 1:  Sort Method: quicksort  Memory: 1371kB
                                 Worker 2:  Sort Method: quicksort  Memory: 1467kB
                                 Worker 3:  Sort Method: quicksort  Memory: 1499kB
                                 ->  Nested Loop Anti Join  (cost=1337994.33..1960184.27 rows=1 width=38) (actual time=3853.406..6237.321 rows=13192 loops=5)
                                       ->  Parallel Hash Join  (cost=1337993.77..1653172.81 rows=95616 width=38) (actual time=3853.012..5050.673 rows=146197 loops=5)
                                             Hash Cond: (orders.o_orderkey = l1.l_orderkey)
                                             ->  Parallel Seq Scan on orders  (cost=0.00..308146.39 rows=1811631 width=4) (actual time=0.073..612.314 rows=1461837 loops=5)
                                                   Filter: (o_orderstatus = 'F'::bpchar)
                                                   Rows Removed by Filter: 1538163
                                             ->  Parallel Hash  (cost=1335519.57..1335519.57 rows=197936 width=34) (actual time=3851.028..3851.032 rows=302853 loops=5)
                                                   Buckets: 2097152 (originally 1048576)  Batches: 1 (originally 1)  Memory Usage: 131360kB
                                                   ->  Parallel Hash Join  (cost=3020.56..1335519.57 rows=197936 width=34) (actual time=11.752..3657.745 rows=302853 loops=5)
                                                         Hash Cond: (l1.l_suppkey = supplier.s_suppkey)
                                                         ->  Parallel Seq Scan on lineitem l1  (cost=0.00..1312589.95 rows=4998585 width=8) (actual time=0.889..2736.949 rows=7585870 loops=5)
                                                               Filter: (l_receiptdate > l_commitdate)
                                                               Rows Removed by Filter: 4411341
                                                         ->  Parallel Hash  (cost=2991.15..2991.15 rows=2353 width=30) (actual time=9.959..9.961 rows=798 loops=5)
                                                               Buckets: 4096  Batches: 1  Memory Usage: 352kB
                                                               ->  Hash Join  (cost=1.32..2991.15 rows=2353 width=30) (actual time=0.096..9.644 rows=798 loops=5)
                                                                     Hash Cond: (supplier.s_nationkey = nation.n_nationkey)
                                                                     ->  Parallel Seq Scan on supplier  (cost=0.00..2809.24 rows=58824 width=34) (actual time=0.022..6.766 rows=20000 loops=5)
                                                                     ->  Hash  (cost=1.31..1.31 rows=1 width=4) (actual time=0.018..0.019 rows=1 loops=5)
                                                                           Buckets: 1024  Batches: 1  Memory Usage: 9kB
                                                                           ->  Seq Scan on nation  (cost=0.00..1.31 rows=1 width=4) (actual time=0.013..0.015 rows=1 loops=5)
                                                                                 Filter: (n_name = 'PERU'::bpchar)
                                                                                 Rows Removed by Filter: 24
                                       ->  Index Scan using idx_lineitem_orderkey on lineitem l3  (cost=0.56..3.64 rows=1 width=8) (actual time=0.008..0.008 rows=1 loops=730985)
                                             Index Cond: (l_orderkey = l1.l_orderkey)
                                             Filter: ((l_receiptdate > l_commitdate) AND (l_suppkey <> l1.l_suppkey))
                                             Rows Removed by Filter: 1
                     ->  Index Scan using idx_lineitem_orderkey on lineitem l2  (cost=0.56..3.62 rows=4 width=8) (actual time=0.006..0.006 rows=1 loops=65960)
                           Index Cond: (l_orderkey = orders.o_orderkey)
 Planning Time: 3.075 ms
 Execution Time: 6845.665 ms
(50 rows)

query 22 run 1
SET
SET
SET
                                                                          QUERY PLAN                                                                          
--------------------------------------------------------------------------------------------------------------------------------------------------------------
 Limit  (cost=93876.26..93877.88 rows=1 width=72) (actual time=1512.533..1518.317 rows=1 loops=1)
   InitPlan 1 (returns $1)
     ->  Finalize Aggregate  (cost=46820.73..46820.74 rows=1 width=32) (actual time=310.465..310.557 rows=1 loops=1)
           ->  Gather  (cost=46820.30..46820.71 rows=4 width=32) (actual time=310.170..310.542 rows=5 loops=1)
                 Workers Planned: 4
                 Workers Launched: 4
                 ->  Partial Aggregate  (cost=45820.30..45820.31 rows=1 width=32) (actual time=303.184..303.185 rows=1 loops=5)
                       ->  Parallel Seq Scan on customer customer_1  (cost=0.00..45790.44 rows=11942 width=6) (actual time=0.109..294.609 rows=76485 loops=5)
                             Filter: ((c_acctbal > 0.00) AND (SUBSTRING(c_phone FROM 1 FOR 2) = ANY ('{21,29,26,34,14,15,17}'::text[])))
                             Rows Removed by Filter: 223515
   ->  GroupAggregate  (cost=47055.51..59706.57 rows=7789 width=72) (actual time=1512.532..1518.223 rows=1 loops=1)
         Group Key: SUBSTRING(customer.c_phone FROM 1 FOR 2)
         ->  Nested Loop Anti Join  (cost=47055.51..59511.85 rows=7789 width=38) (actual time=499.929..1512.468 rows=9006 loops=1)
               ->  Gather Merge  (cost=47055.08..49150.32 rows=17499 width=26) (actual time=499.470..521.907 rows=27134 loops=1)
                     Workers Planned: 4
                     Params Evaluated: $1
                     Workers Launched: 3
                     ->  Sort  (cost=46055.02..46065.96 rows=4375 width=26) (actual time=182.784..183.754 rows=7549 loops=4)
                           Sort Key: (SUBSTRING(customer.c_phone FROM 1 FOR 2))
                           Sort Method: quicksort  Memory: 5306kB
                           Worker 0:  Sort Method: quicksort  Memory: 5077kB
                           Worker 1:  Sort Method: quicksort  Memory: 4647kB
                           Worker 2:  Sort Method: quicksort  Memory: 4555kB
                           ->  Parallel Seq Scan on customer  (cost=0.00..45790.44 rows=4375 width=26) (actual time=0.018..164.944 rows=47782 loops=4)
                                 Filter: ((c_acctbal > $1) AND (SUBSTRING(c_phone FROM 1 FOR 2) = ANY ('{21,29,26,34,14,15,17}'::text[])))
                                 Rows Removed by Filter: 327218
               ->  Index Only Scan using idx_orders_custkey on orders  (cost=0.43..2.17 rows=18 width=4) (actual time=0.036..0.036 rows=1 loops=27134)
                     Index Cond: (o_custkey = customer.c_custkey)
                     Heap Fetches: 0
 Planning Time: 13.618 ms
 Execution Time: 1518.708 ms
(31 rows)

SET
SET
SET
                                                                          QUERY PLAN                                                                          
--------------------------------------------------------------------------------------------------------------------------------------------------------------
 Limit  (cost=93876.26..93877.88 rows=1 width=72) (actual time=452.417..456.771 rows=1 loops=1)
   InitPlan 1 (returns $1)
     ->  Finalize Aggregate  (cost=46820.73..46820.74 rows=1 width=32) (actual time=213.617..213.716 rows=1 loops=1)
           ->  Gather  (cost=46820.30..46820.71 rows=4 width=32) (actual time=210.097..213.694 rows=5 loops=1)
                 Workers Planned: 4
                 Workers Launched: 4
                 ->  Partial Aggregate  (cost=45820.30..45820.31 rows=1 width=32) (actual time=205.950..205.951 rows=1 loops=5)
                       ->  Parallel Seq Scan on customer customer_1  (cost=0.00..45790.44 rows=11942 width=6) (actual time=0.014..195.492 rows=76485 loops=5)
                             Filter: ((c_acctbal > 0.00) AND (SUBSTRING(c_phone FROM 1 FOR 2) = ANY ('{21,29,26,34,14,15,17}'::text[])))
                             Rows Removed by Filter: 223515
   ->  GroupAggregate  (cost=47055.51..59706.57 rows=7789 width=72) (actual time=452.416..456.670 rows=1 loops=1)
         Group Key: SUBSTRING(customer.c_phone FROM 1 FOR 2)
         ->  Nested Loop Anti Join  (cost=47055.51..59511.85 rows=7789 width=38) (actual time=388.538..454.676 rows=9006 loops=1)
               ->  Gather Merge  (cost=47055.08..49150.32 rows=17499 width=26) (actual time=388.442..400.327 rows=27129 loops=1)
                     Workers Planned: 4
                     Params Evaluated: $1
                     Workers Launched: 4
                     ->  Sort  (cost=46055.02..46065.96 rows=4375 width=26) (actual time=169.806..170.389 rows=6279 loops=5)
                           Sort Key: (SUBSTRING(customer.c_phone FROM 1 FOR 2))
                           Sort Method: quicksort  Memory: 5164kB
                           Worker 0:  Sort Method: quicksort  Memory: 2379kB
                           Worker 1:  Sort Method: quicksort  Memory: 2379kB
                           Worker 2:  Sort Method: quicksort  Memory: 4848kB
                           Worker 3:  Sort Method: quicksort  Memory: 4815kB
                           ->  Parallel Seq Scan on customer  (cost=0.00..45790.44 rows=4375 width=26) (actual time=0.017..153.551 rows=38226 loops=5)
                                 Filter: ((c_acctbal > $1) AND (SUBSTRING(c_phone FROM 1 FOR 2) = ANY ('{21,29,26,34,14,15,17}'::text[])))
                                 Rows Removed by Filter: 261774
               ->  Index Only Scan using idx_orders_custkey on orders  (cost=0.43..2.17 rows=18 width=4) (actual time=0.002..0.002 rows=1 loops=27129)
                     Index Cond: (o_custkey = customer.c_custkey)
                     Heap Fetches: 0
 Planning Time: 0.774 ms
 Execution Time: 456.842 ms
(32 rows)

