query 1 run 1
SET
SET
SET
                                                                 QUERY PLAN                                                                  
---------------------------------------------------------------------------------------------------------------------------------------------
 Limit  (cost=4246152.54..4246152.54 rows=1 width=236) (actual time=71905.294..71905.295 rows=1 loops=1)
   ->  Sort  (cost=4246152.54..4246152.55 rows=6 width=236) (actual time=71905.293..71905.293 rows=1 loops=1)
         Sort Key: l_returnflag, l_linestatus
         Sort Method: top-N heapsort  Memory: 25kB
         ->  HashAggregate  (cost=4246152.34..4246152.50 rows=6 width=236) (actual time=71905.265..71905.274 rows=4 loops=1)
               Group Key: l_returnflag, l_linestatus
               Batches: 1  Memory Usage: 24kB
               ->  Seq Scan on lineitem  (cost=0.00..1874945.30 rows=59280176 width=25) (actual time=0.425..11286.379 rows=59284448 loops=1)
                     Filter: (l_shipdate <= '1998-09-10 00:00:00'::timestamp without time zone)
                     Rows Removed by Filter: 701604
 Planning Time: 13.924 ms
 Execution Time: 71905.659 ms
(12 rows)

SET
SET
SET
                                                                 QUERY PLAN                                                                 
--------------------------------------------------------------------------------------------------------------------------------------------
 Limit  (cost=4246152.54..4246152.54 rows=1 width=236) (actual time=68186.245..68186.246 rows=1 loops=1)
   ->  Sort  (cost=4246152.54..4246152.55 rows=6 width=236) (actual time=68186.244..68186.245 rows=1 loops=1)
         Sort Key: l_returnflag, l_linestatus
         Sort Method: top-N heapsort  Memory: 25kB
         ->  HashAggregate  (cost=4246152.34..4246152.50 rows=6 width=236) (actual time=68186.218..68186.226 rows=4 loops=1)
               Group Key: l_returnflag, l_linestatus
               Batches: 1  Memory Usage: 24kB
               ->  Seq Scan on lineitem  (cost=0.00..1874945.30 rows=59280176 width=25) (actual time=0.024..9512.175 rows=59284448 loops=1)
                     Filter: (l_shipdate <= '1998-09-10 00:00:00'::timestamp without time zone)
                     Rows Removed by Filter: 701604
 Planning Time: 0.751 ms
 Execution Time: 68186.301 ms
(12 rows)

query 2 run 1
SET
SET
SET
                                                                                        QUERY PLAN                                                                                         
-------------------------------------------------------------------------------------------------------------------------------------------------------------------------------------------
 Limit  (cost=1049999.26..1049999.27 rows=1 width=193) (actual time=4919.773..4919.789 rows=100 loops=1)
   ->  Sort  (cost=1049999.26..1049999.27 rows=1 width=193) (actual time=4919.772..4919.782 rows=100 loops=1)
         Sort Key: supplier.s_acctbal DESC, nation.n_name, supplier.s_name, part.p_partkey
         Sort Method: top-N heapsort  Memory: 71kB
         ->  Merge Join  (cost=557944.97..1049999.25 rows=1 width=193) (actual time=3104.820..4917.020 rows=4737 loops=1)
               Merge Cond: (part.p_partkey = partsupp.ps_partkey)
               Join Filter: (partsupp.ps_supplycost = (SubPlan 1))
               Rows Removed by Join Filter: 1661
               ->  Index Scan using part_pkey on part  (cost=0.43..89212.51 rows=7374 width=30) (actual time=0.596..786.735 rows=8046 loops=1)
                     Filter: (((p_type)::text ~~ '%NICKEL'::text) AND (p_size = 16))
                     Rows Removed by Filter: 1991954
               ->  Materialize  (cost=557932.44..565930.27 rows=1599565 width=173) (actual time=3103.247..3564.123 rows=1603828 loops=1)
                     ->  Sort  (cost=557932.44..561931.35 rows=1599565 width=173) (actual time=3103.243..3383.296 rows=1603828 loops=1)
                           Sort Key: partsupp.ps_partkey
                           Sort Method: external merge  Disk: 293496kB
                           ->  Hash Join  (cost=4048.51..305236.28 rows=1599565 width=173) (actual time=43.697..2445.017 rows=1604080 loops=1)
                                 Hash Cond: (partsupp.ps_suppkey = supplier.s_suppkey)
                                 ->  Seq Scan on partsupp  (cost=0.00..255200.27 rows=7997827 width=14) (actual time=0.522..1074.256 rows=8000000 loops=1)
                                 ->  Hash  (cost=3798.51..3798.51 rows=20000 width=167) (actual time=42.919..42.921 rows=20051 loops=1)
                                       Buckets: 32768  Batches: 1  Memory Usage: 4211kB
                                       ->  Hash Join  (cost=2.51..3798.51 rows=20000 width=167) (actual time=0.847..37.320 rows=20051 loops=1)
                                             Hash Cond: (supplier.s_nationkey = nation.n_nationkey)
                                             ->  Seq Scan on supplier  (cost=0.00..3221.00 rows=100000 width=145) (actual time=0.334..25.305 rows=100000 loops=1)
                                             ->  Hash  (cost=2.45..2.45 rows=5 width=30) (actual time=0.502..0.504 rows=5 loops=1)
                                                   Buckets: 1024  Batches: 1  Memory Usage: 9kB
                                                   ->  Hash Join  (cost=1.07..2.45 rows=5 width=30) (actual time=0.491..0.501 rows=5 loops=1)
                                                         Hash Cond: (nation.n_regionkey = region.r_regionkey)
                                                         ->  Seq Scan on nation  (cost=0.00..1.25 rows=25 width=34) (actual time=0.237..0.240 rows=25 loops=1)
                                                         ->  Hash  (cost=1.06..1.06 rows=1 width=4) (actual time=0.242..0.242 rows=1 loops=1)
                                                               Buckets: 1024  Batches: 1  Memory Usage: 9kB
                                                               ->  Seq Scan on region  (cost=0.00..1.06 rows=1 width=4) (actual time=0.236..0.238 rows=1 loops=1)
                                                                     Filter: (r_name = 'AMERICA'::bpchar)
                                                                     Rows Removed by Filter: 4
               SubPlan 1
                 ->  Aggregate  (cost=66.25..66.26 rows=1 width=32) (actual time=0.060..0.060 rows=1 loops=6398)
                       ->  Nested Loop  (cost=2.29..66.24 rows=4 width=6) (actual time=0.049..0.058 rows=2 loops=6398)
                             Join Filter: (nation_1.n_regionkey = region_1.r_regionkey)
                             Rows Removed by Join Filter: 2
                             ->  Seq Scan on region region_1  (cost=0.00..1.06 rows=1 width=4) (actual time=0.001..0.001 rows=1 loops=6398)
                                   Filter: (r_name = 'AMERICA'::bpchar)
                                   Rows Removed by Filter: 4
                             ->  Hash Join  (cost=2.29..64.95 rows=18 width=10) (actual time=0.044..0.055 rows=4 loops=6398)
                                   Hash Cond: (supplier_1.s_nationkey = nation_1.n_nationkey)
                                   ->  Nested Loop  (cost=0.72..63.33 rows=18 width=10) (actual time=0.043..0.054 rows=4 loops=6398)
                                         ->  Index Scan using idx_partsupp_partkey on partsupp partsupp_1  (cost=0.43..3.75 rows=18 width=10) (actual time=0.039..0.040 rows=4 loops=6398)
                                               Index Cond: (ps_partkey = part.p_partkey)
                                         ->  Index Scan using supplier_pkey on supplier supplier_1  (cost=0.29..3.31 rows=1 width=8) (actual time=0.003..0.003 rows=1 loops=25592)
                                               Index Cond: (s_suppkey = partsupp_1.ps_suppkey)
                                   ->  Hash  (cost=1.25..1.25 rows=25 width=8) (actual time=0.012..0.013 rows=25 loops=1)
                                         Buckets: 1024  Batches: 1  Memory Usage: 9kB
                                         ->  Seq Scan on nation nation_1  (cost=0.00..1.25 rows=25 width=8) (actual time=0.003..0.007 rows=25 loops=1)
 Planning Time: 18.214 ms
 Execution Time: 4956.549 ms
(53 rows)

SET
SET
SET
                                                                                        QUERY PLAN                                                                                         
-------------------------------------------------------------------------------------------------------------------------------------------------------------------------------------------
 Limit  (cost=1049999.26..1049999.27 rows=1 width=193) (actual time=3877.941..3877.957 rows=100 loops=1)
   ->  Sort  (cost=1049999.26..1049999.27 rows=1 width=193) (actual time=3877.940..3877.950 rows=100 loops=1)
         Sort Key: supplier.s_acctbal DESC, nation.n_name, supplier.s_name, part.p_partkey
         Sort Method: top-N heapsort  Memory: 71kB
         ->  Merge Join  (cost=557944.97..1049999.25 rows=1 width=193) (actual time=2681.133..3875.697 rows=4737 loops=1)
               Merge Cond: (part.p_partkey = partsupp.ps_partkey)
               Join Filter: (partsupp.ps_supplycost = (SubPlan 1))
               Rows Removed by Join Filter: 1661
               ->  Index Scan using part_pkey on part  (cost=0.43..89212.51 rows=7374 width=30) (actual time=0.015..475.306 rows=8046 loops=1)
                     Filter: (((p_type)::text ~~ '%NICKEL'::text) AND (p_size = 16))
                     Rows Removed by Filter: 1991954
               ->  Materialize  (cost=557932.44..565930.27 rows=1599565 width=173) (actual time=2681.012..3117.137 rows=1603828 loops=1)
                     ->  Sort  (cost=557932.44..561931.35 rows=1599565 width=173) (actual time=2681.010..2939.704 rows=1603828 loops=1)
                           Sort Key: partsupp.ps_partkey
                           Sort Method: external merge  Disk: 293496kB
                           ->  Hash Join  (cost=4048.51..305236.28 rows=1599565 width=173) (actual time=25.565..2035.855 rows=1604080 loops=1)
                                 Hash Cond: (partsupp.ps_suppkey = supplier.s_suppkey)
                                 ->  Seq Scan on partsupp  (cost=0.00..255200.27 rows=7997827 width=14) (actual time=0.035..773.185 rows=8000000 loops=1)
                                 ->  Hash  (cost=3798.51..3798.51 rows=20000 width=167) (actual time=25.297..25.300 rows=20051 loops=1)
                                       Buckets: 32768  Batches: 1  Memory Usage: 4211kB
                                       ->  Hash Join  (cost=2.51..3798.51 rows=20000 width=167) (actual time=0.039..20.268 rows=20051 loops=1)
                                             Hash Cond: (supplier.s_nationkey = nation.n_nationkey)
                                             ->  Seq Scan on supplier  (cost=0.00..3221.00 rows=100000 width=145) (actual time=0.014..5.872 rows=100000 loops=1)
                                             ->  Hash  (cost=2.45..2.45 rows=5 width=30) (actual time=0.021..0.023 rows=5 loops=1)
                                                   Buckets: 1024  Batches: 1  Memory Usage: 9kB
                                                   ->  Hash Join  (cost=1.07..2.45 rows=5 width=30) (actual time=0.015..0.021 rows=5 loops=1)
                                                         Hash Cond: (nation.n_regionkey = region.r_regionkey)
                                                         ->  Seq Scan on nation  (cost=0.00..1.25 rows=25 width=34) (actual time=0.002..0.003 rows=25 loops=1)
                                                         ->  Hash  (cost=1.06..1.06 rows=1 width=4) (actual time=0.010..0.011 rows=1 loops=1)
                                                               Buckets: 1024  Batches: 1  Memory Usage: 9kB
                                                               ->  Seq Scan on region  (cost=0.00..1.06 rows=1 width=4) (actual time=0.007..0.008 rows=1 loops=1)
                                                                     Filter: (r_name = 'AMERICA'::bpchar)
                                                                     Rows Removed by Filter: 4
               SubPlan 1
                 ->  Aggregate  (cost=66.25..66.26 rows=1 width=32) (actual time=0.017..0.017 rows=1 loops=6398)
                       ->  Nested Loop  (cost=2.29..66.24 rows=4 width=6) (actual time=0.009..0.015 rows=2 loops=6398)
                             Join Filter: (nation_1.n_regionkey = region_1.r_regionkey)
                             Rows Removed by Join Filter: 2
                             ->  Seq Scan on region region_1  (cost=0.00..1.06 rows=1 width=4) (actual time=0.001..0.001 rows=1 loops=6398)
                                   Filter: (r_name = 'AMERICA'::bpchar)
                                   Rows Removed by Filter: 4
                             ->  Hash Join  (cost=2.29..64.95 rows=18 width=10) (actual time=0.005..0.013 rows=4 loops=6398)
                                   Hash Cond: (supplier_1.s_nationkey = nation_1.n_nationkey)
                                   ->  Nested Loop  (cost=0.72..63.33 rows=18 width=10) (actual time=0.005..0.012 rows=4 loops=6398)
                                         ->  Index Scan using idx_partsupp_partkey on partsupp partsupp_1  (cost=0.43..3.75 rows=18 width=10) (actual time=0.002..0.003 rows=4 loops=6398)
                                               Index Cond: (ps_partkey = part.p_partkey)
                                         ->  Index Scan using supplier_pkey on supplier supplier_1  (cost=0.29..3.31 rows=1 width=8) (actual time=0.002..0.002 rows=1 loops=25592)
                                               Index Cond: (s_suppkey = partsupp_1.ps_suppkey)
                                   ->  Hash  (cost=1.25..1.25 rows=25 width=8) (actual time=0.011..0.012 rows=25 loops=1)
                                         Buckets: 1024  Batches: 1  Memory Usage: 9kB
                                         ->  Seq Scan on nation nation_1  (cost=0.00..1.25 rows=25 width=8) (actual time=0.003..0.006 rows=25 loops=1)
 Planning Time: 1.692 ms
 Execution Time: 3914.252 ms
(53 rows)

query 3 run 1
SET
SET
SET
                                                                                     QUERY PLAN                                                                                      
-------------------------------------------------------------------------------------------------------------------------------------------------------------------------------------
 Limit  (cost=3181850.50..3181850.53 rows=10 width=44) (actual time=28053.301..28053.306 rows=10 loops=1)
   ->  Sort  (cost=3181850.50..3189675.82 rows=3130126 width=44) (actual time=28053.300..28053.303 rows=10 loops=1)
         Sort Key: (sum((lineitem.l_extendedprice * ('1'::numeric - lineitem.l_discount)))) DESC, orders.o_orderdate
         Sort Method: top-N heapsort  Memory: 26kB
         ->  HashAggregate  (cost=3038401.87..3114209.61 rows=3130126 width=44) (actual time=27936.968..28030.942 rows=113934 loops=1)
               Group Key: lineitem.l_orderkey, orders.o_orderdate, orders.o_shippriority
               Planned Partitions: 32  Batches: 33  Memory Usage: 35089kB  Disk Usage: 2056kB
               ->  Hash Join  (cost=521443.09..2873825.71 rows=3130126 width=24) (actual time=8420.358..27744.888 rows=301530 loops=1)
                     Hash Cond: (lineitem.l_orderkey = orders.o_orderkey)
                     ->  Seq Scan on lineitem  (cost=0.00..1874945.30 rows=32486684 width=16) (actual time=0.438..11209.717 rows=32534229 loops=1)
                           Filter: (l_shipdate > '1995-03-07'::date)
                           Rows Removed by Filter: 27451823
                     ->  Hash  (cost=496321.21..496321.21 rows=1445190 width=12) (actual time=8416.971..8416.973 rows=1451805 loops=1)
                           Buckets: 1048576  Batches: 4  Memory Usage: 23817kB
                           ->  Hash Join  (cost=124451.74..496321.21 rows=1445190 width=12) (actual time=1052.514..8028.409 rows=1451805 loops=1)
                                 Hash Cond: (orders.o_custkey = customer.c_custkey)
                                 ->  Bitmap Heap Scan on orders  (cost=66050.23..418724.36 rows=7312490 width=16) (actual time=540.822..5516.078 rows=7239437 loops=1)
                                       Recheck Cond: (o_orderdate < '1995-03-07'::date)
                                       Heap Blocks: exact=261268
                                       ->  Bitmap Index Scan on idx_orders_orderdate  (cost=0.00..64222.11 rows=7312490 width=0) (actual time=496.329..496.329 rows=7239437 loops=1)
                                             Index Cond: (o_orderdate < '1995-03-07'::date)
                                 ->  Hash  (cost=54696.07..54696.07 rows=296435 width=4) (actual time=510.850..510.851 rows=300276 loops=1)
                                       Buckets: 524288  Batches: 1  Memory Usage: 14653kB
                                       ->  Seq Scan on customer  (cost=0.00..54696.07 rows=296435 width=4) (actual time=0.396..458.735 rows=300276 loops=1)
                                             Filter: (c_mktsegment = 'BUILDING'::bpchar)
                                             Rows Removed by Filter: 1199724
 Planning Time: 20.192 ms
 Execution Time: 28054.872 ms
(28 rows)

SET
SET
SET
                                                                                     QUERY PLAN                                                                                      
-------------------------------------------------------------------------------------------------------------------------------------------------------------------------------------
 Limit  (cost=3181850.50..3181850.53 rows=10 width=44) (actual time=22131.160..22131.165 rows=10 loops=1)
   ->  Sort  (cost=3181850.50..3189675.82 rows=3130126 width=44) (actual time=22131.159..22131.163 rows=10 loops=1)
         Sort Key: (sum((lineitem.l_extendedprice * ('1'::numeric - lineitem.l_discount)))) DESC, orders.o_orderdate
         Sort Method: top-N heapsort  Memory: 26kB
         ->  HashAggregate  (cost=3038401.87..3114209.61 rows=3130126 width=44) (actual time=22014.794..22108.780 rows=113934 loops=1)
               Group Key: lineitem.l_orderkey, orders.o_orderdate, orders.o_shippriority
               Planned Partitions: 32  Batches: 33  Memory Usage: 35089kB  Disk Usage: 2056kB
               ->  Hash Join  (cost=521443.09..2873825.71 rows=3130126 width=24) (actual time=4565.356..21834.104 rows=301530 loops=1)
                     Hash Cond: (lineitem.l_orderkey = orders.o_orderkey)
                     ->  Seq Scan on lineitem  (cost=0.00..1874945.30 rows=32486684 width=16) (actual time=0.027..9300.345 rows=32534229 loops=1)
                           Filter: (l_shipdate > '1995-03-07'::date)
                           Rows Removed by Filter: 27451823
                     ->  Hash  (cost=496321.21..496321.21 rows=1445190 width=12) (actual time=4563.487..4563.489 rows=1451805 loops=1)
                           Buckets: 1048576  Batches: 4  Memory Usage: 23817kB
                           ->  Hash Join  (cost=124451.74..496321.21 rows=1445190 width=12) (actual time=887.096..4304.960 rows=1451805 loops=1)
                                 Hash Cond: (orders.o_custkey = customer.c_custkey)
                                 ->  Bitmap Heap Scan on orders  (cost=66050.23..418724.36 rows=7312490 width=16) (actual time=509.732..2408.703 rows=7239437 loops=1)
                                       Recheck Cond: (o_orderdate < '1995-03-07'::date)
                                       Heap Blocks: exact=261268
                                       ->  Bitmap Index Scan on idx_orders_orderdate  (cost=0.00..64222.11 rows=7312490 width=0) (actual time=465.703..465.703 rows=7239437 loops=1)
                                             Index Cond: (o_orderdate < '1995-03-07'::date)
                                 ->  Hash  (cost=54696.07..54696.07 rows=296435 width=4) (actual time=376.578..376.579 rows=300276 loops=1)
                                       Buckets: 524288  Batches: 1  Memory Usage: 14653kB
                                       ->  Seq Scan on customer  (cost=0.00..54696.07 rows=296435 width=4) (actual time=0.030..327.429 rows=300276 loops=1)
                                             Filter: (c_mktsegment = 'BUILDING'::bpchar)
                                             Rows Removed by Filter: 1199724
 Planning Time: 1.266 ms
 Execution Time: 22132.522 ms
(28 rows)

query 4 run 1
SET
SET
SET
                                                                             QUERY PLAN                                                                             
--------------------------------------------------------------------------------------------------------------------------------------------------------------------
 Limit  (cost=2124513.72..2124513.72 rows=1 width=24) (actual time=18612.568..18612.570 rows=1 loops=1)
   ->  Sort  (cost=2124513.72..2124513.73 rows=5 width=24) (actual time=18612.567..18612.568 rows=1 loops=1)
         Sort Key: orders.o_orderpriority
         Sort Method: top-N heapsort  Memory: 25kB
         ->  HashAggregate  (cost=2124513.64..2124513.69 rows=5 width=24) (actual time=18612.530..18612.531 rows=5 loops=1)
               Group Key: orders.o_orderpriority
               Batches: 1  Memory Usage: 24kB
               ->  Nested Loop Semi Join  (cost=6681.81..2121618.25 rows=579079 width=16) (actual time=105.245..18334.679 rows=513822 loops=1)
                     ->  Bitmap Heap Scan on orders  (cost=6681.25..276637.26 rows=579201 width=20) (actual time=104.741..4996.372 rows=560424 loops=1)
                           Recheck Cond: ((o_orderdate >= '1993-12-01'::date) AND (o_orderdate < '1994-03-01'::date))
                           Heap Blocks: exact=231887
                           ->  Bitmap Index Scan on idx_orders_orderdate  (cost=0.00..6536.45 rows=579201 width=0) (actual time=64.644..64.644 rows=560424 loops=1)
                                 Index Cond: ((o_orderdate >= '1993-12-01'::date) AND (o_orderdate < '1994-03-01'::date))
                     ->  Index Scan using idx_lineitem_orderkey on lineitem  (cost=0.56..3.61 rows=1 width=4) (actual time=0.023..0.023 rows=1 loops=560424)
                           Index Cond: (l_orderkey = orders.o_orderkey)
                           Filter: (l_commitdate < l_receiptdate)
                           Rows Removed by Filter: 1
 Planning Time: 14.799 ms
 Execution Time: 18612.900 ms
(19 rows)

SET
SET
SET
                                                                             QUERY PLAN                                                                             
--------------------------------------------------------------------------------------------------------------------------------------------------------------------
 Limit  (cost=2124513.72..2124513.72 rows=1 width=24) (actual time=4593.907..4593.909 rows=1 loops=1)
   ->  Sort  (cost=2124513.72..2124513.73 rows=5 width=24) (actual time=4593.906..4593.907 rows=1 loops=1)
         Sort Key: orders.o_orderpriority
         Sort Method: top-N heapsort  Memory: 25kB
         ->  HashAggregate  (cost=2124513.64..2124513.69 rows=5 width=24) (actual time=4593.885..4593.887 rows=5 loops=1)
               Group Key: orders.o_orderpriority
               Batches: 1  Memory Usage: 24kB
               ->  Nested Loop Semi Join  (cost=6681.81..2121618.25 rows=579079 width=16) (actual time=104.079..4402.811 rows=513822 loops=1)
                     ->  Bitmap Heap Scan on orders  (cost=6681.25..276637.26 rows=579201 width=20) (actual time=104.041..1223.982 rows=560424 loops=1)
                           Recheck Cond: ((o_orderdate >= '1993-12-01'::date) AND (o_orderdate < '1994-03-01'::date))
                           Heap Blocks: exact=231887
                           ->  Bitmap Index Scan on idx_orders_orderdate  (cost=0.00..6536.45 rows=579201 width=0) (actual time=64.780..64.780 rows=560424 loops=1)
                                 Index Cond: ((o_orderdate >= '1993-12-01'::date) AND (o_orderdate < '1994-03-01'::date))
                     ->  Index Scan using idx_lineitem_orderkey on lineitem  (cost=0.56..3.61 rows=1 width=4) (actual time=0.005..0.005 rows=1 loops=560424)
                           Index Cond: (l_orderkey = orders.o_orderkey)
                           Filter: (l_commitdate < l_receiptdate)
                           Rows Removed by Filter: 1
 Planning Time: 1.128 ms
 Execution Time: 4593.973 ms
(19 rows)

query 5 run 1
SET
SET
SET
                                                                                        QUERY PLAN                                                                                         
-------------------------------------------------------------------------------------------------------------------------------------------------------------------------------------------
 Limit  (cost=2159730.21..2159730.22 rows=1 width=58) (actual time=21835.616..21835.622 rows=1 loops=1)
   ->  Sort  (cost=2159730.21..2159730.28 rows=25 width=58) (actual time=21835.614..21835.620 rows=1 loops=1)
         Sort Key: (sum((lineitem.l_extendedprice * ('1'::numeric - lineitem.l_discount)))) DESC
         Sort Method: top-N heapsort  Memory: 25kB
         ->  GroupAggregate  (cost=2158776.55..2159730.09 rows=25 width=58) (actual time=21810.931..21835.600 rows=5 loops=1)
               Group Key: nation.n_name
               ->  Sort  (cost=2158776.55..2158967.20 rows=76258 width=38) (actual time=21804.704..21807.810 rows=72033 loops=1)
                     Sort Key: nation.n_name
                     Sort Method: quicksort  Memory: 8700kB
                     ->  Hash Join  (cost=95531.06..2152592.56 rows=76258 width=38) (actual time=876.685..21759.373 rows=72033 loops=1)
                           Hash Cond: ((lineitem.l_suppkey = supplier.s_suppkey) AND (customer.c_nationkey = supplier.s_nationkey))
                           ->  Nested Loop  (cost=90810.06..2137863.77 rows=1906244 width=50) (actual time=827.904..21274.866 rows=1815327 loops=1)
                                 ->  Hash Join  (cost=90809.50..401531.13 rows=476662 width=38) (actual time=827.476..6909.325 rows=453399 loops=1)
                                       Hash Cond: (orders.o_custkey = customer.c_custkey)
                                       ->  Bitmap Heap Scan on orders  (cost=27486.34..324503.96 rows=2383308 width=8) (actual time=220.802..5610.619 rows=2276638 loops=1)
                                             Recheck Cond: ((o_orderdate >= '1993-01-01'::date) AND (o_orderdate < '1994-01-01'::date))
                                             Heap Blocks: exact=261246
                                             ->  Bitmap Index Scan on idx_orders_orderdate  (cost=0.00..26890.52 rows=2383308 width=0) (actual time=176.344..176.345 rows=2276638 loops=1)
                                                   Index Cond: ((o_orderdate >= '1993-01-01'::date) AND (o_orderdate < '1994-01-01'::date))
                                       ->  Hash  (cost=59573.34..59573.34 rows=299985 width=38) (actual time=606.206..606.209 rows=299436 loops=1)
                                             Buckets: 524288  Batches: 1  Memory Usage: 25151kB
                                             ->  Hash Join  (cost=2.51..59573.34 rows=299985 width=38) (actual time=1.190..541.004 rows=299436 loops=1)
                                                   Hash Cond: (customer.c_nationkey = nation.n_nationkey)
                                                   ->  Seq Scan on customer  (cost=0.00..50946.26 rows=1499926 width=8) (actual time=0.517..374.684 rows=1500000 loops=1)
                                                   ->  Hash  (cost=2.45..2.45 rows=5 width=30) (actual time=0.665..0.667 rows=5 loops=1)
                                                         Buckets: 1024  Batches: 1  Memory Usage: 9kB
                                                         ->  Hash Join  (cost=1.07..2.45 rows=5 width=30) (actual time=0.660..0.665 rows=5 loops=1)
                                                               Hash Cond: (nation.n_regionkey = region.r_regionkey)
                                                               ->  Seq Scan on nation  (cost=0.00..1.25 rows=25 width=34) (actual time=0.315..0.316 rows=25 loops=1)
                                                               ->  Hash  (cost=1.06..1.06 rows=1 width=4) (actual time=0.337..0.337 rows=1 loops=1)
                                                                     Buckets: 1024  Batches: 1  Memory Usage: 9kB
                                                                     ->  Seq Scan on region  (cost=0.00..1.06 rows=1 width=4) (actual time=0.332..0.333 rows=1 loops=1)
                                                                           Filter: (r_name = 'AMERICA'::bpchar)
                                                                           Rows Removed by Filter: 4
                                 ->  Index Scan using idx_lineitem_orderkey on lineitem  (cost=0.56..3.60 rows=4 width=20) (actual time=0.028..0.031 rows=4 loops=453399)
                                       Index Cond: (l_orderkey = orders.o_orderkey)
                           ->  Hash  (cost=3221.00..3221.00 rows=100000 width=8) (actual time=44.614..44.614 rows=100000 loops=1)
                                 Buckets: 131072  Batches: 1  Memory Usage: 4931kB
                                 ->  Seq Scan on supplier  (cost=0.00..3221.00 rows=100000 width=8) (actual time=0.401..29.146 rows=100000 loops=1)
 Planning Time: 23.282 ms
 Execution Time: 21836.808 ms
(41 rows)

SET
SET
SET
                                                                                        QUERY PLAN                                                                                         
-------------------------------------------------------------------------------------------------------------------------------------------------------------------------------------------
 Limit  (cost=2159730.21..2159730.22 rows=1 width=58) (actual time=6117.714..6117.720 rows=1 loops=1)
   ->  Sort  (cost=2159730.21..2159730.28 rows=25 width=58) (actual time=6117.712..6117.718 rows=1 loops=1)
         Sort Key: (sum((lineitem.l_extendedprice * ('1'::numeric - lineitem.l_discount)))) DESC
         Sort Method: top-N heapsort  Memory: 25kB
         ->  GroupAggregate  (cost=2158776.55..2159730.09 rows=25 width=58) (actual time=6093.463..6117.699 rows=5 loops=1)
               Group Key: nation.n_name
               ->  Sort  (cost=2158776.55..2158967.20 rows=76258 width=38) (actual time=6087.420..6090.443 rows=72033 loops=1)
                     Sort Key: nation.n_name
                     Sort Method: quicksort  Memory: 8700kB
                     ->  Hash Join  (cost=95531.06..2152592.56 rows=76258 width=38) (actual time=748.260..6056.420 rows=72033 loops=1)
                           Hash Cond: ((lineitem.l_suppkey = supplier.s_suppkey) AND (customer.c_nationkey = supplier.s_nationkey))
                           ->  Nested Loop  (cost=90810.06..2137863.77 rows=1906244 width=50) (actual time=708.755..5633.362 rows=1815327 loops=1)
                                 ->  Hash Join  (cost=90809.50..401531.13 rows=476662 width=38) (actual time=708.731..2630.523 rows=453399 loops=1)
                                       Hash Cond: (orders.o_custkey = customer.c_custkey)
                                       ->  Bitmap Heap Scan on orders  (cost=27486.34..324503.96 rows=2383308 width=8) (actual time=231.377..1572.790 rows=2276638 loops=1)
                                             Recheck Cond: ((o_orderdate >= '1993-01-01'::date) AND (o_orderdate < '1994-01-01'::date))
                                             Heap Blocks: exact=261246
                                             ->  Bitmap Index Scan on idx_orders_orderdate  (cost=0.00..26890.52 rows=2383308 width=0) (actual time=187.775..187.775 rows=2276638 loops=1)
                                                   Index Cond: ((o_orderdate >= '1993-01-01'::date) AND (o_orderdate < '1994-01-01'::date))
                                       ->  Hash  (cost=59573.34..59573.34 rows=299985 width=38) (actual time=477.002..477.005 rows=299436 loops=1)
                                             Buckets: 524288  Batches: 1  Memory Usage: 25151kB
                                             ->  Hash Join  (cost=2.51..59573.34 rows=299985 width=38) (actual time=0.057..413.893 rows=299436 loops=1)
                                                   Hash Cond: (customer.c_nationkey = nation.n_nationkey)
                                                   ->  Seq Scan on customer  (cost=0.00..50946.26 rows=1499926 width=8) (actual time=0.019..254.431 rows=1500000 loops=1)
                                                   ->  Hash  (cost=2.45..2.45 rows=5 width=30) (actual time=0.032..0.034 rows=5 loops=1)
                                                         Buckets: 1024  Batches: 1  Memory Usage: 9kB
                                                         ->  Hash Join  (cost=1.07..2.45 rows=5 width=30) (actual time=0.026..0.032 rows=5 loops=1)
                                                               Hash Cond: (nation.n_regionkey = region.r_regionkey)
                                                               ->  Seq Scan on nation  (cost=0.00..1.25 rows=25 width=34) (actual time=0.007..0.008 rows=25 loops=1)
                                                               ->  Hash  (cost=1.06..1.06 rows=1 width=4) (actual time=0.014..0.015 rows=1 loops=1)
                                                                     Buckets: 1024  Batches: 1  Memory Usage: 9kB
                                                                     ->  Seq Scan on region  (cost=0.00..1.06 rows=1 width=4) (actual time=0.010..0.012 rows=1 loops=1)
                                                                           Filter: (r_name = 'AMERICA'::bpchar)
                                                                           Rows Removed by Filter: 4
                                 ->  Index Scan using idx_lineitem_orderkey on lineitem  (cost=0.56..3.60 rows=4 width=20) (actual time=0.005..0.006 rows=4 loops=453399)
                                       Index Cond: (l_orderkey = orders.o_orderkey)
                           ->  Hash  (cost=3221.00..3221.00 rows=100000 width=8) (actual time=38.989..38.989 rows=100000 loops=1)
                                 Buckets: 131072  Batches: 1  Memory Usage: 4931kB
                                 ->  Seq Scan on supplier  (cost=0.00..3221.00 rows=100000 width=8) (actual time=0.020..21.865 rows=100000 loops=1)
 Planning Time: 3.222 ms
 Execution Time: 6117.940 ms
(41 rows)

query 6 run 1
SET
SET
SET
                                                                                                          QUERY PLAN                                                                                                           
-------------------------------------------------------------------------------------------------------------------------------------------------------------------------------------------------------------------------------
 Limit  (cost=1977508.22..1977508.23 rows=1 width=32) (actual time=13323.455..13323.457 rows=1 loops=1)
   ->  Aggregate  (cost=1977508.22..1977508.23 rows=1 width=32) (actual time=13323.454..13323.454 rows=1 loops=1)
         ->  Bitmap Heap Scan on lineitem  (cost=215532.77..1971494.17 rows=1202808 width=12) (actual time=1354.180..12725.440 rows=1194558 loops=1)
               Recheck Cond: ((l_shipdate >= '1993-01-01'::date) AND (l_shipdate < '1994-01-01 00:00:00'::timestamp without time zone) AND (l_discount >= 0.06) AND (l_discount <= 0.08) AND (l_quantity < '25'::numeric))
               Rows Removed by Index Recheck: 13724091
               Heap Blocks: exact=395900 lossy=267068
               ->  Bitmap Index Scan on idx_lineitem_shipdate  (cost=0.00..215232.07 rows=1202808 width=0) (actual time=1281.973..1281.973 rows=1194558 loops=1)
                     Index Cond: ((l_shipdate >= '1993-01-01'::date) AND (l_shipdate < '1994-01-01 00:00:00'::timestamp without time zone) AND (l_discount >= 0.06) AND (l_discount <= 0.08) AND (l_quantity < '25'::numeric))
 Planning Time: 12.191 ms
 Execution Time: 13325.090 ms
(10 rows)

SET
SET
SET
                                                                                                          QUERY PLAN                                                                                                           
-------------------------------------------------------------------------------------------------------------------------------------------------------------------------------------------------------------------------------
 Limit  (cost=1977508.22..1977508.23 rows=1 width=32) (actual time=6503.058..6503.059 rows=1 loops=1)
   ->  Aggregate  (cost=1977508.22..1977508.23 rows=1 width=32) (actual time=6503.056..6503.057 rows=1 loops=1)
         ->  Bitmap Heap Scan on lineitem  (cost=215532.77..1971494.17 rows=1202808 width=12) (actual time=1205.687..6159.214 rows=1194558 loops=1)
               Recheck Cond: ((l_shipdate >= '1993-01-01'::date) AND (l_shipdate < '1994-01-01 00:00:00'::timestamp without time zone) AND (l_discount >= 0.06) AND (l_discount <= 0.08) AND (l_quantity < '25'::numeric))
               Rows Removed by Index Recheck: 13724091
               Heap Blocks: exact=395900 lossy=267068
               ->  Bitmap Index Scan on idx_lineitem_shipdate  (cost=0.00..215232.07 rows=1202808 width=0) (actual time=1134.267..1134.267 rows=1194558 loops=1)
                     Index Cond: ((l_shipdate >= '1993-01-01'::date) AND (l_shipdate < '1994-01-01 00:00:00'::timestamp without time zone) AND (l_discount >= 0.06) AND (l_discount <= 0.08) AND (l_quantity < '25'::numeric))
 Planning Time: 0.778 ms
 Execution Time: 6503.292 ms
(10 rows)

query 7 run 1
SET
SET
SET
                                                                                 QUERY PLAN                                                                                  
-----------------------------------------------------------------------------------------------------------------------------------------------------------------------------
 Limit  (cost=2716058.45..2716058.58 rows=1 width=92) (actual time=19127.633..19127.639 rows=1 loops=1)
   ->  GroupAggregate  (cost=2716058.45..2717279.29 rows=10040 width=92) (actual time=19127.632..19127.638 rows=1 loops=1)
         Group Key: n1.n_name, n2.n_name, (date_part('year'::text, (lineitem.l_shipdate)::timestamp without time zone))
         ->  Sort  (cost=2716058.45..2716207.76 rows=59722 width=72) (actual time=19120.555..19121.290 rows=14421 loops=1)
               Sort Key: n1.n_name, n2.n_name, (date_part('year'::text, (lineitem.l_shipdate)::timestamp without time zone))
               Sort Method: quicksort  Memory: 9664kB
               ->  Hash Join  (cost=563390.51..2711320.71 rows=59722 width=72) (actual time=5146.208..19092.142 rows=57794 loops=1)
                     Hash Cond: (lineitem.l_orderkey = orders.o_orderkey)
                     Join Filter: (((n1.n_name = 'PERU'::bpchar) AND (n2.n_name = 'MOROCCO'::bpchar)) OR ((n1.n_name = 'MOROCCO'::bpchar) AND (n2.n_name = 'PERU'::bpchar)))
                     Rows Removed by Join Filter: 58158
                     ->  Hash Join  (cost=3629.40..2110154.41 rows=1435064 width=46) (actual time=36.763..13178.214 rows=1455694 loops=1)
                           Hash Cond: (lineitem.l_suppkey = supplier.s_suppkey)
                           ->  Seq Scan on lineitem  (cost=0.00..2024905.76 rows=17938295 width=24) (actual time=0.518..10970.927 rows=18230325 loops=1)
                                 Filter: ((l_shipdate >= '1995-01-01'::date) AND (l_shipdate <= '1996-12-31'::date))
                                 Rows Removed by Filter: 41755727
                           ->  Hash  (cost=3529.40..3529.40 rows=8000 width=30) (actual time=36.201..36.203 rows=7981 loops=1)
                                 Buckets: 8192  Batches: 1  Memory Usage: 548kB
                                 ->  Hash Join  (cost=1.40..3529.40 rows=8000 width=30) (actual time=0.670..34.590 rows=7981 loops=1)
                                       Hash Cond: (supplier.s_nationkey = n1.n_nationkey)
                                       ->  Seq Scan on supplier  (cost=0.00..3221.00 rows=100000 width=8) (actual time=0.400..24.761 rows=100000 loops=1)
                                       ->  Hash  (cost=1.38..1.38 rows=2 width=30) (actual time=0.262..0.262 rows=2 loops=1)
                                             Buckets: 1024  Batches: 1  Memory Usage: 9kB
                                             ->  Seq Scan on nation n1  (cost=0.00..1.38 rows=2 width=30) (actual time=0.251..0.256 rows=2 loops=1)
                                                   Filter: ((n_name = 'PERU'::bpchar) OR (n_name = 'MOROCCO'::bpchar))
                                                   Rows Removed by Filter: 23
                     ->  Hash  (cost=536558.90..536558.90 rows=1199937 width=30) (actual time=5105.643..5105.645 rows=1191175 loops=1)
                           Buckets: 524288  Batches: 4  Memory Usage: 22152kB
                           ->  Hash Join  (cost=57052.36..536558.90 rows=1199937 width=30) (actual time=542.116..4850.311 rows=1191175 loops=1)
                                 Hash Cond: (orders.o_custkey = customer.c_custkey)
                                 ->  Seq Scan on orders  (cost=0.00..411260.13 rows=14999213 width=8) (actual time=0.820..1703.428 rows=15000000 loops=1)
                                 ->  Hash  (cost=55552.43..55552.43 rows=119994 width=30) (actual time=541.216..541.217 rows=119622 loops=1)
                                       Buckets: 131072  Batches: 1  Memory Usage: 8267kB
                                       ->  Hash Join  (cost=1.40..55552.43 rows=119994 width=30) (actual time=0.382..515.624 rows=119622 loops=1)
                                             Hash Cond: (customer.c_nationkey = n2.n_nationkey)
                                             ->  Seq Scan on customer  (cost=0.00..50946.26 rows=1499926 width=8) (actual time=0.347..371.218 rows=1500000 loops=1)
                                             ->  Hash  (cost=1.38..1.38 rows=2 width=30) (actual time=0.025..0.026 rows=2 loops=1)
                                                   Buckets: 1024  Batches: 1  Memory Usage: 9kB
                                                   ->  Seq Scan on nation n2  (cost=0.00..1.38 rows=2 width=30) (actual time=0.017..0.021 rows=2 loops=1)
                                                         Filter: ((n_name = 'MOROCCO'::bpchar) OR (n_name = 'PERU'::bpchar))
                                                         Rows Removed by Filter: 23
 Planning Time: 22.186 ms
 Execution Time: 19128.636 ms
(42 rows)

SET
SET
SET
                                                                                 QUERY PLAN                                                                                  
-----------------------------------------------------------------------------------------------------------------------------------------------------------------------------
 Limit  (cost=2716058.45..2716058.58 rows=1 width=92) (actual time=15640.187..15640.194 rows=1 loops=1)
   ->  GroupAggregate  (cost=2716058.45..2717279.29 rows=10040 width=92) (actual time=15640.186..15640.192 rows=1 loops=1)
         Group Key: n1.n_name, n2.n_name, (date_part('year'::text, (lineitem.l_shipdate)::timestamp without time zone))
         ->  Sort  (cost=2716058.45..2716207.76 rows=59722 width=72) (actual time=15633.125..15633.854 rows=14421 loops=1)
               Sort Key: n1.n_name, n2.n_name, (date_part('year'::text, (lineitem.l_shipdate)::timestamp without time zone))
               Sort Method: quicksort  Memory: 9664kB
               ->  Hash Join  (cost=563390.51..2711320.71 rows=59722 width=72) (actual time=4174.947..15605.894 rows=57794 loops=1)
                     Hash Cond: (lineitem.l_orderkey = orders.o_orderkey)
                     Join Filter: (((n1.n_name = 'PERU'::bpchar) AND (n2.n_name = 'MOROCCO'::bpchar)) OR ((n1.n_name = 'MOROCCO'::bpchar) AND (n2.n_name = 'PERU'::bpchar)))
                     Rows Removed by Join Filter: 58158
                     ->  Hash Join  (cost=3629.40..2110154.41 rows=1435064 width=46) (actual time=19.324..10705.468 rows=1455694 loops=1)
                           Hash Cond: (lineitem.l_suppkey = supplier.s_suppkey)
                           ->  Seq Scan on lineitem  (cost=0.00..2024905.76 rows=17938295 width=24) (actual time=0.031..8920.571 rows=18230325 loops=1)
                                 Filter: ((l_shipdate >= '1995-01-01'::date) AND (l_shipdate <= '1996-12-31'::date))
                                 Rows Removed by Filter: 41755727
                           ->  Hash  (cost=3529.40..3529.40 rows=8000 width=30) (actual time=19.275..19.277 rows=7981 loops=1)
                                 Buckets: 8192  Batches: 1  Memory Usage: 548kB
                                 ->  Hash Join  (cost=1.40..3529.40 rows=8000 width=30) (actual time=0.022..18.058 rows=7981 loops=1)
                                       Hash Cond: (supplier.s_nationkey = n1.n_nationkey)
                                       ->  Seq Scan on supplier  (cost=0.00..3221.00 rows=100000 width=8) (actual time=0.005..5.738 rows=100000 loops=1)
                                       ->  Hash  (cost=1.38..1.38 rows=2 width=30) (actual time=0.013..0.014 rows=2 loops=1)
                                             Buckets: 1024  Batches: 1  Memory Usage: 9kB
                                             ->  Seq Scan on nation n1  (cost=0.00..1.38 rows=2 width=30) (actual time=0.009..0.011 rows=2 loops=1)
                                                   Filter: ((n_name = 'PERU'::bpchar) OR (n_name = 'MOROCCO'::bpchar))
                                                   Rows Removed by Filter: 23
                     ->  Hash  (cost=536558.90..536558.90 rows=1199937 width=30) (actual time=4153.444..4153.446 rows=1191175 loops=1)
                           Buckets: 524288  Batches: 4  Memory Usage: 22152kB
                           ->  Hash Join  (cost=57052.36..536558.90 rows=1199937 width=30) (actual time=292.234..3913.698 rows=1191175 loops=1)
                                 Hash Cond: (orders.o_custkey = customer.c_custkey)
                                 ->  Seq Scan on orders  (cost=0.00..411260.13 rows=14999213 width=8) (actual time=0.031..1250.477 rows=15000000 loops=1)
                                 ->  Hash  (cost=55552.43..55552.43 rows=119994 width=30) (actual time=292.132..292.134 rows=119622 loops=1)
                                       Buckets: 131072  Batches: 1  Memory Usage: 8267kB
                                       ->  Hash Join  (cost=1.40..55552.43 rows=119994 width=30) (actual time=0.019..271.451 rows=119622 loops=1)
                                             Hash Cond: (customer.c_nationkey = n2.n_nationkey)
                                             ->  Seq Scan on customer  (cost=0.00..50946.26 rows=1499926 width=8) (actual time=0.003..86.029 rows=1500000 loops=1)
                                             ->  Hash  (cost=1.38..1.38 rows=2 width=30) (actual time=0.012..0.013 rows=2 loops=1)
                                                   Buckets: 1024  Batches: 1  Memory Usage: 9kB
                                                   ->  Seq Scan on nation n2  (cost=0.00..1.38 rows=2 width=30) (actual time=0.008..0.010 rows=2 loops=1)
                                                         Filter: ((n_name = 'MOROCCO'::bpchar) OR (n_name = 'PERU'::bpchar))
                                                         Rows Removed by Filter: 23
 Planning Time: 2.140 ms
 Execution Time: 15640.335 ms
(42 rows)

query 8 run 1
SET
SET
SET
                                                                                          QUERY PLAN                                                                                           
-----------------------------------------------------------------------------------------------------------------------------------------------------------------------------------------------
 Limit  (cost=1219958.83..1219959.07 rows=1 width=40) (actual time=59899.502..59899.509 rows=1 loops=1)
   ->  GroupAggregate  (cost=1219958.83..1220557.30 rows=2406 width=40) (actual time=59899.501..59899.507 rows=1 loops=1)
         Group Key: (date_part('year'::text, (orders.o_orderdate)::timestamp without time zone))
         ->  Sort  (cost=1219958.83..1220019.31 rows=24193 width=46) (actual time=59894.291..59894.766 rows=11818 loops=1)
               Sort Key: (date_part('year'::text, (orders.o_orderdate)::timestamp without time zone))
               Sort Method: quicksort  Memory: 2631kB
               ->  Nested Loop  (cost=860912.32..1218197.30 rows=24193 width=46) (actual time=54482.419..59881.583 rows=23842 loops=1)
                     Join Filter: (supplier.s_nationkey = n2.n_nationkey)
                     Rows Removed by Join Filter: 287513
                     ->  Hash Join  (cost=860912.32..1209337.72 rows=24193 width=20) (actual time=54482.396..59829.017 rows=23842 loops=1)
                           Hash Cond: (lineitem.l_suppkey = supplier.s_suppkey)
                           ->  Hash Join  (cost=856441.32..1204803.21 rows=24193 width=20) (actual time=54437.060..59772.751 rows=23842 loops=1)
                                 Hash Cond: (orders.o_custkey = customer.c_custkey)
                                 ->  Hash Join  (cost=793118.17..1140784.51 rows=120965 width=24) (actual time=53837.751..59143.069 rows=118593 loops=1)
                                       Hash Cond: (orders.o_orderkey = lineitem.l_orderkey)
                                       ->  Bitmap Heap Scan on orders  (cost=52397.75..381816.71 rows=4543397 width=12) (actual time=367.877..4732.982 rows=4557513 loops=1)
                                             Recheck Cond: ((o_orderdate >= '1995-01-01'::date) AND (o_orderdate <= '1996-12-31'::date))
                                             Heap Blocks: exact=261268
                                             ->  Bitmap Index Scan on idx_orders_orderdate  (cost=0.00..51261.90 rows=4543397 width=0) (actual time=322.905..322.906 rows=4557513 loops=1)
                                                   Index Cond: ((o_orderdate >= '1995-01-01'::date) AND (o_orderdate <= '1996-12-31'::date))
                                       ->  Hash  (cost=735728.61..735728.61 rows=399344 width=20) (actual time=53469.555..53469.556 rows=389521 loops=1)
                                             Buckets: 524288  Batches: 1  Memory Usage: 25019kB
                                             ->  Nested Loop  (cost=0.44..735728.61 rows=399344 width=20) (actual time=2.038..53016.872 rows=389521 loops=1)
                                                   ->  Seq Scan on part  (cost=0.00..65981.05 rows=13315 width=4) (actual time=1.506..597.247 rows=13011 loops=1)
                                                         Filter: ((p_type)::text = 'LARGE POLISHED BRASS'::text)
                                                         Rows Removed by Filter: 1986989
                                                   ->  Index Scan using idx_lineitem_part_supp on lineitem  (cost=0.44..49.98 rows=32 width=24) (actual time=0.251..4.008 rows=30 loops=13011)
                                                         Index Cond: (l_partkey = part.p_partkey)
                                 ->  Hash  (cost=59573.34..59573.34 rows=299985 width=4) (actual time=598.670..598.672 rows=299436 loops=1)
                                       Buckets: 524288  Batches: 1  Memory Usage: 14624kB
                                       ->  Hash Join  (cost=2.51..59573.34 rows=299985 width=4) (actual time=1.162..547.722 rows=299436 loops=1)
                                             Hash Cond: (customer.c_nationkey = n1.n_nationkey)
                                             ->  Seq Scan on customer  (cost=0.00..50946.26 rows=1499926 width=8) (actual time=0.490..378.824 rows=1500000 loops=1)
                                             ->  Hash  (cost=2.45..2.45 rows=5 width=4) (actual time=0.662..0.664 rows=5 loops=1)
                                                   Buckets: 1024  Batches: 1  Memory Usage: 9kB
                                                   ->  Hash Join  (cost=1.07..2.45 rows=5 width=4) (actual time=0.657..0.662 rows=5 loops=1)
                                                         Hash Cond: (n1.n_regionkey = region.r_regionkey)
                                                         ->  Seq Scan on nation n1  (cost=0.00..1.25 rows=25 width=8) (actual time=0.319..0.320 rows=25 loops=1)
                                                         ->  Hash  (cost=1.06..1.06 rows=1 width=4) (actual time=0.331..0.332 rows=1 loops=1)
                                                               Buckets: 1024  Batches: 1  Memory Usage: 9kB
                                                               ->  Seq Scan on region  (cost=0.00..1.06 rows=1 width=4) (actual time=0.327..0.328 rows=1 loops=1)
                                                                     Filter: (r_name = 'AMERICA'::bpchar)
                                                                     Rows Removed by Filter: 4
                           ->  Hash  (cost=3221.00..3221.00 rows=100000 width=8) (actual time=45.036..45.036 rows=100000 loops=1)
                                 Buckets: 131072  Batches: 1  Memory Usage: 4931kB
                                 ->  Seq Scan on supplier  (cost=0.00..3221.00 rows=100000 width=8) (actual time=0.374..30.092 rows=100000 loops=1)
                     ->  Materialize  (cost=0.00..1.38 rows=25 width=30) (actual time=0.000..0.001 rows=13 loops=23842)
                           ->  Seq Scan on nation n2  (cost=0.00..1.25 rows=25 width=30) (actual time=0.008..0.011 rows=25 loops=1)
 Planning Time: 26.971 ms
 Execution Time: 59900.092 ms
(50 rows)

SET
SET
SET
                                                                                          QUERY PLAN                                                                                           
-----------------------------------------------------------------------------------------------------------------------------------------------------------------------------------------------
 Limit  (cost=1219958.83..1219959.07 rows=1 width=40) (actual time=5130.273..5130.280 rows=1 loops=1)
   ->  GroupAggregate  (cost=1219958.83..1220557.30 rows=2406 width=40) (actual time=5130.272..5130.278 rows=1 loops=1)
         Group Key: (date_part('year'::text, (orders.o_orderdate)::timestamp without time zone))
         ->  Sort  (cost=1219958.83..1220019.31 rows=24193 width=46) (actual time=5125.212..5125.679 rows=11818 loops=1)
               Sort Key: (date_part('year'::text, (orders.o_orderdate)::timestamp without time zone))
               Sort Method: quicksort  Memory: 2631kB
               ->  Nested Loop  (cost=860912.32..1218197.30 rows=24193 width=46) (actual time=2908.492..5116.993 rows=23842 loops=1)
                     Join Filter: (supplier.s_nationkey = n2.n_nationkey)
                     Rows Removed by Join Filter: 287513
                     ->  Hash Join  (cost=860912.32..1209337.72 rows=24193 width=20) (actual time=2908.469..5076.125 rows=23842 loops=1)
                           Hash Cond: (lineitem.l_suppkey = supplier.s_suppkey)
                           ->  Hash Join  (cost=856441.32..1204803.21 rows=24193 width=20) (actual time=2869.602..5027.694 rows=23842 loops=1)
                                 Hash Cond: (orders.o_custkey = customer.c_custkey)
                                 ->  Hash Join  (cost=793118.17..1140784.51 rows=120965 width=24) (actual time=2405.453..4535.642 rows=118593 loops=1)
                                       Hash Cond: (orders.o_orderkey = lineitem.l_orderkey)
                                       ->  Bitmap Heap Scan on orders  (cost=52397.75..381816.71 rows=4543397 width=12) (actual time=346.364..1601.505 rows=4557513 loops=1)
                                             Recheck Cond: ((o_orderdate >= '1995-01-01'::date) AND (o_orderdate <= '1996-12-31'::date))
                                             Heap Blocks: exact=261268
                                             ->  Bitmap Index Scan on idx_orders_orderdate  (cost=0.00..51261.90 rows=4543397 width=0) (actual time=302.336..302.337 rows=4557513 loops=1)
                                                   Index Cond: ((o_orderdate >= '1995-01-01'::date) AND (o_orderdate <= '1996-12-31'::date))
                                       ->  Hash  (cost=735728.61..735728.61 rows=399344 width=20) (actual time=2058.746..2058.747 rows=389521 loops=1)
                                             Buckets: 524288  Batches: 1  Memory Usage: 25019kB
                                             ->  Nested Loop  (cost=0.44..735728.61 rows=399344 width=20) (actual time=0.100..1931.419 rows=389521 loops=1)
                                                   ->  Seq Scan on part  (cost=0.00..65981.05 rows=13315 width=4) (actual time=0.072..318.130 rows=13011 loops=1)
                                                         Filter: ((p_type)::text = 'LARGE POLISHED BRASS'::text)
                                                         Rows Removed by Filter: 1986989
                                                   ->  Index Scan using idx_lineitem_part_supp on lineitem  (cost=0.44..49.98 rows=32 width=24) (actual time=0.009..0.117 rows=30 loops=13011)
                                                         Index Cond: (l_partkey = part.p_partkey)
                                 ->  Hash  (cost=59573.34..59573.34 rows=299985 width=4) (actual time=463.409..463.411 rows=299436 loops=1)
                                       Buckets: 524288  Batches: 1  Memory Usage: 14624kB
                                       ->  Hash Join  (cost=2.51..59573.34 rows=299985 width=4) (actual time=0.070..414.291 rows=299436 loops=1)
                                             Hash Cond: (customer.c_nationkey = n1.n_nationkey)
                                             ->  Seq Scan on customer  (cost=0.00..50946.26 rows=1499926 width=8) (actual time=0.024..251.680 rows=1500000 loops=1)
                                             ->  Hash  (cost=2.45..2.45 rows=5 width=4) (actual time=0.039..0.040 rows=5 loops=1)
                                                   Buckets: 1024  Batches: 1  Memory Usage: 9kB
                                                   ->  Hash Join  (cost=1.07..2.45 rows=5 width=4) (actual time=0.033..0.039 rows=5 loops=1)
                                                         Hash Cond: (n1.n_regionkey = region.r_regionkey)
                                                         ->  Seq Scan on nation n1  (cost=0.00..1.25 rows=25 width=8) (actual time=0.012..0.014 rows=25 loops=1)
                                                         ->  Hash  (cost=1.06..1.06 rows=1 width=4) (actual time=0.016..0.016 rows=1 loops=1)
                                                               Buckets: 1024  Batches: 1  Memory Usage: 9kB
                                                               ->  Seq Scan on region  (cost=0.00..1.06 rows=1 width=4) (actual time=0.012..0.013 rows=1 loops=1)
                                                                     Filter: (r_name = 'AMERICA'::bpchar)
                                                                     Rows Removed by Filter: 4
                           ->  Hash  (cost=3221.00..3221.00 rows=100000 width=8) (actual time=38.555..38.556 rows=100000 loops=1)
                                 Buckets: 131072  Batches: 1  Memory Usage: 4931kB
                                 ->  Seq Scan on supplier  (cost=0.00..3221.00 rows=100000 width=8) (actual time=0.021..22.057 rows=100000 loops=1)
                     ->  Materialize  (cost=0.00..1.38 rows=25 width=30) (actual time=0.000..0.000 rows=13 loops=23842)
                           ->  Seq Scan on nation n2  (cost=0.00..1.25 rows=25 width=30) (actual time=0.008..0.010 rows=25 loops=1)
 Planning Time: 3.719 ms
 Execution Time: 5130.558 ms
(50 rows)

query 9 run 1
SET
SET
SET
                                                                                      QUERY PLAN                                                                                      
--------------------------------------------------------------------------------------------------------------------------------------------------------------------------------------
 Limit  (cost=1136624.16..1136624.20 rows=1 width=66) (actual time=176860.469..176860.473 rows=1 loops=1)
   ->  GroupAggregate  (cost=1136624.16..1136627.05 rows=77 width=66) (actual time=176860.468..176860.471 rows=1 loops=1)
         Group Key: nation.n_name, (date_part('year'::text, (orders.o_orderdate)::timestamp without time zone))
         ->  Sort  (cost=1136624.16..1136624.35 rows=77 width=57) (actual time=176851.137..176853.220 rows=11401 loops=1)
               Sort Key: nation.n_name, (date_part('year'::text, (orders.o_orderdate)::timestamp without time zone)) DESC
               Sort Method: external merge  Disk: 239856kB
               ->  Nested Loop  (cost=1.60..1136621.75 rows=77 width=57) (actual time=2.465..173322.207 rows=3248192 loops=1)
                     Join Filter: (supplier.s_nationkey = nation.n_nationkey)
                     Rows Removed by Join Filter: 39009119
                     ->  Nested Loop  (cost=1.60..1136592.22 rows=77 width=31) (actual time=2.264..166078.458 rows=3248192 loops=1)
                           ->  Nested Loop  (cost=1.17..1136328.67 rows=77 width=31) (actual time=1.513..120727.889 rows=3248192 loops=1)
                                 ->  Nested Loop  (cost=0.87..1136072.98 rows=78 width=35) (actual time=1.207..112533.415 rows=3248192 loops=1)
                                       ->  Nested Loop  (cost=0.43..302182.62 rows=242358 width=18) (actual time=0.852..2526.478 rows=433248 loops=1)
                                             ->  Seq Scan on part  (cost=0.00..65981.05 rows=60606 width=4) (actual time=0.494..686.938 rows=108312 loops=1)
                                                   Filter: ((p_name)::text ~~ '%navy%'::text)
                                                   Rows Removed by Filter: 1891688
                                             ->  Index Scan using idx_partsupp_partkey on partsupp  (cost=0.43..3.72 rows=18 width=14) (actual time=0.014..0.016 rows=4 loops=108312)
                                                   Index Cond: (ps_partkey = part.p_partkey)
                                       ->  Index Scan using idx_lineitem_part_supp on lineitem  (cost=0.44..3.43 rows=1 width=29) (actual time=0.036..0.251 rows=7 loops=433248)
                                             Index Cond: ((l_partkey = partsupp.ps_partkey) AND (l_suppkey = partsupp.ps_suppkey))
                                 ->  Index Scan using supplier_pkey on supplier  (cost=0.29..3.28 rows=1 width=8) (actual time=0.002..0.002 rows=1 loops=3248192)
                                       Index Cond: (s_suppkey = lineitem.l_suppkey)
                           ->  Index Scan using orders_pkey on orders  (cost=0.43..3.42 rows=1 width=8) (actual time=0.013..0.013 rows=1 loops=3248192)
                                 Index Cond: (o_orderkey = lineitem.l_orderkey)
                     ->  Materialize  (cost=0.00..1.38 rows=25 width=30) (actual time=0.000..0.001 rows=13 loops=3248192)
                           ->  Seq Scan on nation  (cost=0.00..1.25 rows=25 width=30) (actual time=0.175..0.181 rows=25 loops=1)
 Planning Time: 30.128 ms
 Execution Time: 176887.742 ms
(28 rows)

SET
SET
SET
                                                                                      QUERY PLAN                                                                                      
--------------------------------------------------------------------------------------------------------------------------------------------------------------------------------------
 Limit  (cost=1136624.16..1136624.20 rows=1 width=66) (actual time=78271.538..78271.542 rows=1 loops=1)
   ->  GroupAggregate  (cost=1136624.16..1136627.05 rows=77 width=66) (actual time=78271.536..78271.540 rows=1 loops=1)
         Group Key: nation.n_name, (date_part('year'::text, (orders.o_orderdate)::timestamp without time zone))
         ->  Sort  (cost=1136624.16..1136624.35 rows=77 width=57) (actual time=78262.437..78264.528 rows=11401 loops=1)
               Sort Key: nation.n_name, (date_part('year'::text, (orders.o_orderdate)::timestamp without time zone)) DESC
               Sort Method: external merge  Disk: 239856kB
               ->  Nested Loop  (cost=1.60..1136621.75 rows=77 width=57) (actual time=0.524..75001.081 rows=3248192 loops=1)
                     Join Filter: (supplier.s_nationkey = nation.n_nationkey)
                     Rows Removed by Join Filter: 39009119
                     ->  Nested Loop  (cost=1.60..1136592.22 rows=77 width=31) (actual time=0.508..68837.241 rows=3248192 loops=1)
                           ->  Nested Loop  (cost=1.17..1136328.67 rows=77 width=31) (actual time=0.492..48329.382 rows=3248192 loops=1)
                                 ->  Nested Loop  (cost=0.87..1136072.98 rows=78 width=35) (actual time=0.483..41805.278 rows=3248192 loops=1)
                                       ->  Nested Loop  (cost=0.43..302182.62 rows=242358 width=18) (actual time=0.454..1765.269 rows=433248 loops=1)
                                             ->  Seq Scan on part  (cost=0.00..65981.05 rows=60606 width=4) (actual time=0.287..603.351 rows=108312 loops=1)
                                                   Filter: ((p_name)::text ~~ '%navy%'::text)
                                                   Rows Removed by Filter: 1891688
                                             ->  Index Scan using idx_partsupp_partkey on partsupp  (cost=0.43..3.72 rows=18 width=14) (actual time=0.008..0.010 rows=4 loops=108312)
                                                   Index Cond: (ps_partkey = part.p_partkey)
                                       ->  Index Scan using idx_lineitem_part_supp on lineitem  (cost=0.44..3.43 rows=1 width=29) (actual time=0.014..0.090 rows=7 loops=433248)
                                             Index Cond: ((l_partkey = partsupp.ps_partkey) AND (l_suppkey = partsupp.ps_suppkey))
                                 ->  Index Scan using supplier_pkey on supplier  (cost=0.29..3.28 rows=1 width=8) (actual time=0.001..0.001 rows=1 loops=3248192)
                                       Index Cond: (s_suppkey = lineitem.l_suppkey)
                           ->  Index Scan using orders_pkey on orders  (cost=0.43..3.42 rows=1 width=8) (actual time=0.006..0.006 rows=1 loops=3248192)
                                 Index Cond: (o_orderkey = lineitem.l_orderkey)
                     ->  Materialize  (cost=0.00..1.38 rows=25 width=30) (actual time=0.000..0.001 rows=13 loops=3248192)
                           ->  Seq Scan on nation  (cost=0.00..1.25 rows=25 width=30) (actual time=0.003..0.006 rows=25 loops=1)
 Planning Time: 15.947 ms
 Execution Time: 78301.301 ms
(28 rows)

query 10 run 1
SET
SET
SET
                                                                                            QUERY PLAN                                                                                            
--------------------------------------------------------------------------------------------------------------------------------------------------------------------------------------------------
 Limit  (cost=2438106.81..2438106.86 rows=20 width=201) (actual time=20630.114..20630.121 rows=20 loops=1)
   ->  Sort  (cost=2438106.81..2439462.42 rows=542243 width=201) (actual time=20630.113..20630.118 rows=20 loops=1)
         Sort Key: (sum((lineitem.l_extendedprice * ('1'::numeric - lineitem.l_discount)))) DESC
         Sort Method: top-N heapsort  Memory: 33kB
         ->  GroupAggregate  (cost=2408766.23..2423677.92 rows=542243 width=201) (actual time=19629.022..20518.168 rows=381205 loops=1)
               Group Key: customer.c_custkey, nation.n_name
               ->  Sort  (cost=2408766.23..2410121.84 rows=542243 width=181) (actual time=19629.004..19782.178 rows=1145402 loops=1)
                     Sort Key: customer.c_custkey, nation.n_name
                     Sort Method: external merge  Disk: 218528kB
                     ->  Hash Join  (cost=2247975.15..2326143.44 rows=542243 width=181) (actual time=18019.032..19121.070 rows=1145402 loops=1)
                           Hash Cond: (customer.c_nationkey = nation.n_nationkey)
                           ->  Merge Join  (cost=2247973.59..2324477.19 rows=542243 width=159) (actual time=18018.771..18919.024 rows=1145402 loops=1)
                                 Merge Cond: (customer.c_custkey = orders.o_custkey)
                                 ->  Index Scan using customer_pkey on customer  (cost=0.43..64620.82 rows=1499926 width=147) (actual time=0.470..460.860 rows=1499997 loops=1)
                                 ->  Sort  (cost=2247973.12..2249328.73 rows=542243 width=16) (actual time=18018.287..18119.753 rows=1145402 loops=1)
                                       Sort Key: orders.o_custkey
                                       Sort Method: external sort  Disk: 35288kB
                                       ->  Hash Join  (cost=282952.65..2196328.32 rows=542243 width=16) (actual time=4863.068..17451.083 rows=1145402 loops=1)
                                             Hash Cond: (lineitem.l_orderkey = orders.o_orderkey)
                                             ->  Seq Scan on lineitem  (cost=0.00..1874945.30 rows=14640140 width=16) (actual time=0.520..10805.321 rows=14808183 loops=1)
                                                   Filter: (l_returnflag = 'R'::bpchar)
                                                   Rows Removed by Filter: 45177869
                                             ->  Hash  (cost=276008.37..276008.37 rows=555542 width=8) (actual time=4860.478..4860.479 rows=573160 loops=1)
                                                   Buckets: 1048576  Batches: 1  Memory Usage: 30582kB
                                                   ->  Bitmap Heap Scan on orders  (cost=6407.24..276008.37 rows=555542 width=8) (actual time=106.037..4691.859 rows=573160 loops=1)
                                                         Recheck Cond: ((o_orderdate >= '1994-08-01'::date) AND (o_orderdate < '1994-11-01'::date))
                                                         Heap Blocks: exact=233346
                                                         ->  Bitmap Index Scan on idx_orders_orderdate  (cost=0.00..6268.36 rows=555542 width=0) (actual time=66.299..66.299 rows=573160 loops=1)
                                                               Index Cond: ((o_orderdate >= '1994-08-01'::date) AND (o_orderdate < '1994-11-01'::date))
                           ->  Hash  (cost=1.25..1.25 rows=25 width=30) (actual time=0.254..0.255 rows=25 loops=1)
                                 Buckets: 1024  Batches: 1  Memory Usage: 10kB
                                 ->  Seq Scan on nation  (cost=0.00..1.25 rows=25 width=30) (actual time=0.235..0.242 rows=25 loops=1)
 Planning Time: 22.646 ms
 Execution Time: 20663.242 ms
(34 rows)

SET
SET
SET
                                                                                            QUERY PLAN                                                                                            
--------------------------------------------------------------------------------------------------------------------------------------------------------------------------------------------------
 Limit  (cost=2438106.81..2438106.86 rows=20 width=201) (actual time=15046.160..15046.167 rows=20 loops=1)
   ->  Sort  (cost=2438106.81..2439462.42 rows=542243 width=201) (actual time=15046.159..15046.164 rows=20 loops=1)
         Sort Key: (sum((lineitem.l_extendedprice * ('1'::numeric - lineitem.l_discount)))) DESC
         Sort Method: top-N heapsort  Memory: 33kB
         ->  GroupAggregate  (cost=2408766.23..2423677.92 rows=542243 width=201) (actual time=14043.506..14934.075 rows=381205 loops=1)
               Group Key: customer.c_custkey, nation.n_name
               ->  Sort  (cost=2408766.23..2410121.84 rows=542243 width=181) (actual time=14043.488..14195.543 rows=1145402 loops=1)
                     Sort Key: customer.c_custkey, nation.n_name
                     Sort Method: external merge  Disk: 218528kB
                     ->  Hash Join  (cost=2247975.15..2326143.44 rows=542243 width=181) (actual time=12572.801..13541.219 rows=1145402 loops=1)
                           Hash Cond: (customer.c_nationkey = nation.n_nationkey)
                           ->  Merge Join  (cost=2247973.59..2324477.19 rows=542243 width=159) (actual time=12572.774..13342.011 rows=1145402 loops=1)
                                 Merge Cond: (customer.c_custkey = orders.o_custkey)
                                 ->  Index Scan using customer_pkey on customer  (cost=0.43..64620.82 rows=1499926 width=147) (actual time=0.011..339.098 rows=1499997 loops=1)
                                 ->  Sort  (cost=2247973.12..2249328.73 rows=542243 width=16) (actual time=12572.750..12671.101 rows=1145402 loops=1)
                                       Sort Key: orders.o_custkey
                                       Sort Method: external sort  Disk: 35288kB
                                       ->  Hash Join  (cost=282952.65..2196328.32 rows=542243 width=16) (actual time=1580.000..12021.725 rows=1145402 loops=1)
                                             Hash Cond: (lineitem.l_orderkey = orders.o_orderkey)
                                             ->  Seq Scan on lineitem  (cost=0.00..1874945.30 rows=14640140 width=16) (actual time=0.013..8733.827 rows=14808183 loops=1)
                                                   Filter: (l_returnflag = 'R'::bpchar)
                                                   Rows Removed by Filter: 45177869
                                             ->  Hash  (cost=276008.37..276008.37 rows=555542 width=8) (actual time=1578.583..1578.583 rows=573160 loops=1)
                                                   Buckets: 1048576  Batches: 1  Memory Usage: 30582kB
                                                   ->  Bitmap Heap Scan on orders  (cost=6407.24..276008.37 rows=555542 width=8) (actual time=104.360..1449.492 rows=573160 loops=1)
                                                         Recheck Cond: ((o_orderdate >= '1994-08-01'::date) AND (o_orderdate < '1994-11-01'::date))
                                                         Heap Blocks: exact=233346
                                                         ->  Bitmap Index Scan on idx_orders_orderdate  (cost=0.00..6268.36 rows=555542 width=0) (actual time=65.346..65.346 rows=573160 loops=1)
                                                               Index Cond: ((o_orderdate >= '1994-08-01'::date) AND (o_orderdate < '1994-11-01'::date))
                           ->  Hash  (cost=1.25..1.25 rows=25 width=30) (actual time=0.020..0.020 rows=25 loops=1)
                                 Buckets: 1024  Batches: 1  Memory Usage: 10kB
                                 ->  Seq Scan on nation  (cost=0.00..1.25 rows=25 width=30) (actual time=0.012..0.015 rows=25 loops=1)
 Planning Time: 1.903 ms
 Execution Time: 15078.721 ms
(34 rows)

query 11 run 1
SET
SET
SET
                                                                                QUERY PLAN                                                                                 
---------------------------------------------------------------------------------------------------------------------------------------------------------------------------
 Limit  (cost=609743.56..609743.57 rows=1 width=36) (actual time=3877.948..3877.954 rows=0 loops=1)
   InitPlan 1 (returns $1)
     ->  Aggregate  (cost=293102.06..293102.07 rows=1 width=32) (actual time=1553.329..1553.333 rows=1 loops=1)
           ->  Hash Join  (cost=2311.46..290702.71 rows=319913 width=10) (actual time=2.662..1467.939 rows=320800 loops=1)
                 Hash Cond: (partsupp_1.ps_suppkey = supplier_1.s_suppkey)
                 ->  Seq Scan on partsupp partsupp_1  (cost=0.00..255200.27 rows=7997827 width=14) (actual time=0.018..734.262 rows=8000000 loops=1)
                 ->  Hash  (cost=2261.46..2261.46 rows=4000 width=4) (actual time=2.612..2.614 rows=4010 loops=1)
                       Buckets: 4096  Batches: 1  Memory Usage: 173kB
                       ->  Nested Loop  (cost=37.29..2261.46 rows=4000 width=4) (actual time=0.442..2.246 rows=4010 loops=1)
                             ->  Seq Scan on nation nation_1  (cost=0.00..1.31 rows=1 width=4) (actual time=0.006..0.008 rows=1 loops=1)
                                   Filter: (n_name = 'SAUDI ARABIA'::bpchar)
                                   Rows Removed by Filter: 24
                             ->  Bitmap Heap Scan on supplier supplier_1  (cost=37.29..2220.15 rows=4000 width=8) (actual time=0.431..1.910 rows=4010 loops=1)
                                   Recheck Cond: (s_nationkey = nation_1.n_nationkey)
                                   Heap Blocks: exact=1869
                                   ->  Bitmap Index Scan on idx_supplier_nation_key  (cost=0.00..36.29 rows=4000 width=0) (actual time=0.255..0.255 rows=4010 loops=1)
                                         Index Cond: (s_nationkey = nation_1.n_nationkey)
   ->  Sort  (cost=316641.49..316908.09 rows=106638 width=36) (actual time=3877.947..3877.949 rows=0 loops=1)
         Sort Key: (sum((partsupp.ps_supplycost * (partsupp.ps_availqty)::numeric))) DESC
         Sort Method: quicksort  Memory: 25kB
         ->  HashAggregate  (cost=307385.67..316108.30 rows=106638 width=36) (actual time=3877.929..3877.930 rows=0 loops=1)
               Group Key: partsupp.ps_partkey
               Filter: (sum((partsupp.ps_supplycost * (partsupp.ps_availqty)::numeric)) > $1)
               Planned Partitions: 8  Batches: 9  Memory Usage: 34897kB  Disk Usage: 9736kB
               Rows Removed by Filter: 301833
               ->  Hash Join  (cost=2311.46..290702.71 rows=319913 width=14) (actual time=40.062..1923.484 rows=320800 loops=1)
                     Hash Cond: (partsupp.ps_suppkey = supplier.s_suppkey)
                     ->  Seq Scan on partsupp  (cost=0.00..255200.27 rows=7997827 width=18) (actual time=0.409..1073.073 rows=8000000 loops=1)
                     ->  Hash  (cost=2261.46..2261.46 rows=4000 width=4) (actual time=39.585..39.586 rows=4010 loops=1)
                           Buckets: 4096  Batches: 1  Memory Usage: 173kB
                           ->  Nested Loop  (cost=37.29..2261.46 rows=4000 width=4) (actual time=1.389..38.566 rows=4010 loops=1)
                                 ->  Seq Scan on nation  (cost=0.00..1.31 rows=1 width=4) (actual time=0.175..0.178 rows=1 loops=1)
                                       Filter: (n_name = 'SAUDI ARABIA'::bpchar)
                                       Rows Removed by Filter: 24
                                 ->  Bitmap Heap Scan on supplier  (cost=37.29..2220.15 rows=4000 width=8) (actual time=1.207..37.751 rows=4010 loops=1)
                                       Recheck Cond: (s_nationkey = nation.n_nationkey)
                                       Heap Blocks: exact=1869
                                       ->  Bitmap Index Scan on idx_supplier_nation_key  (cost=0.00..36.29 rows=4000 width=0) (actual time=0.856..0.856 rows=4010 loops=1)
                                             Index Cond: (s_nationkey = nation.n_nationkey)
 Planning Time: 12.816 ms
 Execution Time: 3880.308 ms
(41 rows)

SET
SET
SET
                                                                                QUERY PLAN                                                                                 
---------------------------------------------------------------------------------------------------------------------------------------------------------------------------
 Limit  (cost=609743.56..609743.57 rows=1 width=36) (actual time=3420.966..3420.972 rows=0 loops=1)
   InitPlan 1 (returns $1)
     ->  Aggregate  (cost=293102.06..293102.07 rows=1 width=32) (actual time=1546.879..1546.883 rows=1 loops=1)
           ->  Hash Join  (cost=2311.46..290702.71 rows=319913 width=10) (actual time=2.673..1457.762 rows=320800 loops=1)
                 Hash Cond: (partsupp_1.ps_suppkey = supplier_1.s_suppkey)
                 ->  Seq Scan on partsupp partsupp_1  (cost=0.00..255200.27 rows=7997827 width=14) (actual time=0.017..734.505 rows=8000000 loops=1)
                 ->  Hash  (cost=2261.46..2261.46 rows=4000 width=4) (actual time=2.626..2.628 rows=4010 loops=1)
                       Buckets: 4096  Batches: 1  Memory Usage: 173kB
                       ->  Nested Loop  (cost=37.29..2261.46 rows=4000 width=4) (actual time=0.451..2.268 rows=4010 loops=1)
                             ->  Seq Scan on nation nation_1  (cost=0.00..1.31 rows=1 width=4) (actual time=0.005..0.007 rows=1 loops=1)
                                   Filter: (n_name = 'SAUDI ARABIA'::bpchar)
                                   Rows Removed by Filter: 24
                             ->  Bitmap Heap Scan on supplier supplier_1  (cost=37.29..2220.15 rows=4000 width=8) (actual time=0.441..1.930 rows=4010 loops=1)
                                   Recheck Cond: (s_nationkey = nation_1.n_nationkey)
                                   Heap Blocks: exact=1869
                                   ->  Bitmap Index Scan on idx_supplier_nation_key  (cost=0.00..36.29 rows=4000 width=0) (actual time=0.264..0.264 rows=4010 loops=1)
                                         Index Cond: (s_nationkey = nation_1.n_nationkey)
   ->  Sort  (cost=316641.49..316908.09 rows=106638 width=36) (actual time=3420.965..3420.967 rows=0 loops=1)
         Sort Key: (sum((partsupp.ps_supplycost * (partsupp.ps_availqty)::numeric))) DESC
         Sort Method: quicksort  Memory: 25kB
         ->  HashAggregate  (cost=307385.67..316108.30 rows=106638 width=36) (actual time=3420.952..3420.954 rows=0 loops=1)
               Group Key: partsupp.ps_partkey
               Filter: (sum((partsupp.ps_supplycost * (partsupp.ps_availqty)::numeric)) > $1)
               Planned Partitions: 8  Batches: 9  Memory Usage: 34897kB  Disk Usage: 9736kB
               Rows Removed by Filter: 301833
               ->  Hash Join  (cost=2311.46..290702.71 rows=319913 width=14) (actual time=3.752..1484.736 rows=320800 loops=1)
                     Hash Cond: (partsupp.ps_suppkey = supplier.s_suppkey)
                     ->  Seq Scan on partsupp  (cost=0.00..255200.27 rows=7997827 width=18) (actual time=0.029..746.328 rows=8000000 loops=1)
                     ->  Hash  (cost=2261.46..2261.46 rows=4000 width=4) (actual time=3.693..3.695 rows=4010 loops=1)
                           Buckets: 4096  Batches: 1  Memory Usage: 173kB
                           ->  Nested Loop  (cost=37.29..2261.46 rows=4000 width=4) (actual time=0.647..3.282 rows=4010 loops=1)
                                 ->  Seq Scan on nation  (cost=0.00..1.31 rows=1 width=4) (actual time=0.006..0.008 rows=1 loops=1)
                                       Filter: (n_name = 'SAUDI ARABIA'::bpchar)
                                       Rows Removed by Filter: 24
                                 ->  Bitmap Heap Scan on supplier  (cost=37.29..2220.15 rows=4000 width=8) (actual time=0.638..2.920 rows=4010 loops=1)
                                       Recheck Cond: (s_nationkey = nation.n_nationkey)
                                       Heap Blocks: exact=1869
                                       ->  Bitmap Index Scan on idx_supplier_nation_key  (cost=0.00..36.29 rows=4000 width=0) (actual time=0.455..0.455 rows=4010 loops=1)
                                             Index Cond: (s_nationkey = nation.n_nationkey)
 Planning Time: 1.162 ms
 Execution Time: 3422.721 ms
(41 rows)

query 12 run 1
SET
SET
SET
                                                                                                                    QUERY PLAN                                                                                                                     
---------------------------------------------------------------------------------------------------------------------------------------------------------------------------------------------------------------------------------------------------
 Limit  (cost=3031483.14..3032314.22 rows=1 width=27) (actual time=18856.141..18856.144 rows=1 loops=1)
   ->  GroupAggregate  (cost=3031483.14..3037300.73 rows=7 width=27) (actual time=18856.140..18856.142 rows=1 loops=1)
         Group Key: lineitem.l_shipmode
         ->  Sort  (cost=3031483.14..3032210.33 rows=290876 width=27) (actual time=18812.657..18818.770 rows=155572 loops=1)
               Sort Key: lineitem.l_shipmode
               Sort Method: quicksort  Memory: 31879kB
               ->  Hash Join  (cost=2478423.09..3005086.08 rows=290876 width=27) (actual time=14659.810..18742.139 rows=311258 loops=1)
                     Hash Cond: (orders.o_orderkey = lineitem.l_orderkey)
                     ->  Seq Scan on orders  (cost=0.00..411260.13 rows=14999213 width=20) (actual time=0.490..1636.379 rows=15000000 loops=1)
                     ->  Hash  (cost=2474787.14..2474787.14 rows=290876 width=15) (actual time=14658.543..14658.543 rows=311258 loops=1)
                           Buckets: 524288  Batches: 1  Memory Usage: 18687kB
                           ->  Seq Scan on lineitem  (cost=0.00..2474787.14 rows=290876 width=15) (actual time=1.125..14571.572 rows=311258 loops=1)
                                 Filter: ((l_shipmode = ANY ('{SHIP,"REG AIR"}'::bpchar[])) AND (l_commitdate < l_receiptdate) AND (l_shipdate < l_commitdate) AND (l_receiptdate >= '1994-01-01'::date) AND (l_receiptdate < '1995-01-01'::date))
                                 Rows Removed by Filter: 59674794
 Planning Time: 14.924 ms
 Execution Time: 18857.244 ms
(16 rows)

SET
SET
SET
                                                                                                                    QUERY PLAN                                                                                                                     
---------------------------------------------------------------------------------------------------------------------------------------------------------------------------------------------------------------------------------------------------
 Limit  (cost=3031483.14..3032314.22 rows=1 width=27) (actual time=16287.842..16287.845 rows=1 loops=1)
   ->  GroupAggregate  (cost=3031483.14..3037300.73 rows=7 width=27) (actual time=16287.841..16287.843 rows=1 loops=1)
         Group Key: lineitem.l_shipmode
         ->  Sort  (cost=3031483.14..3032210.33 rows=290876 width=27) (actual time=16244.285..16250.413 rows=155572 loops=1)
               Sort Key: lineitem.l_shipmode
               Sort Method: quicksort  Memory: 31879kB
               ->  Hash Join  (cost=2478423.09..3005086.08 rows=290876 width=27) (actual time=12641.239..16176.180 rows=311258 loops=1)
                     Hash Cond: (orders.o_orderkey = lineitem.l_orderkey)
                     ->  Seq Scan on orders  (cost=0.00..411260.13 rows=14999213 width=20) (actual time=0.021..1218.115 rows=15000000 loops=1)
                     ->  Hash  (cost=2474787.14..2474787.14 rows=290876 width=15) (actual time=12640.591..12640.591 rows=311258 loops=1)
                           Buckets: 524288  Batches: 1  Memory Usage: 18687kB
                           ->  Seq Scan on lineitem  (cost=0.00..2474787.14 rows=290876 width=15) (actual time=0.105..12560.960 rows=311258 loops=1)
                                 Filter: ((l_shipmode = ANY ('{SHIP,"REG AIR"}'::bpchar[])) AND (l_commitdate < l_receiptdate) AND (l_shipdate < l_commitdate) AND (l_receiptdate >= '1994-01-01'::date) AND (l_receiptdate < '1995-01-01'::date))
                                 Rows Removed by Filter: 59674794
 Planning Time: 0.714 ms
 Execution Time: 16287.933 ms
(16 rows)

query 13 run 1
SET
SET
SET
                                                                                    QUERY PLAN                                                                                     
-----------------------------------------------------------------------------------------------------------------------------------------------------------------------------------
 Limit  (cost=1369807.72..1369807.72 rows=1 width=16) (actual time=17907.597..17907.600 rows=1 loops=1)
   ->  Sort  (cost=1369807.72..1369808.22 rows=200 width=16) (actual time=17907.595..17907.598 rows=1 loops=1)
         Sort Key: (count(*)) DESC, (count(orders.o_orderkey)) DESC
         Sort Method: top-N heapsort  Memory: 25kB
         ->  HashAggregate  (cost=1369804.72..1369806.72 rows=200 width=16) (actual time=17907.569..17907.577 rows=46 loops=1)
               Group Key: count(orders.o_orderkey)
               Batches: 1  Memory Usage: 40kB
               ->  HashAggregate  (cost=1215136.94..1347305.83 rows=1499926 width=12) (actual time=15328.288..17741.552 rows=1500000 loops=1)
                     Group Key: customer.c_custkey
                     Planned Partitions: 8  Batches: 9  Memory Usage: 32849kB  Disk Usage: 325144kB
                     ->  Hash Right Join  (cost=53282.39..664439.66 rows=14997713 width=8) (actual time=344.100..11313.856 rows=15337604 loops=1)
                           Hash Cond: (orders.o_custkey = customer.c_custkey)
                           ->  Seq Scan on orders  (cost=0.00..448758.16 rows=14997713 width=8) (actual time=0.614..5170.954 rows=14837583 loops=1)
                                 Filter: ((o_comment)::text !~~ '%special%requests%'::text)
                                 Rows Removed by Filter: 162417
                           ->  Hash  (cost=28673.32..28673.32 rows=1499926 width=4) (actual time=341.999..342.000 rows=1500000 loops=1)
                                 Buckets: 1048576  Batches: 4  Memory Usage: 21380kB
                                 ->  Index Only Scan using customer_pkey on customer  (cost=0.43..28673.32 rows=1499926 width=4) (actual time=0.019..157.352 rows=1500000 loops=1)
                                       Heap Fetches: 0
 Planning Time: 14.271 ms
 Execution Time: 17959.913 ms
(21 rows)

SET
SET
SET
                                                                                    QUERY PLAN                                                                                     
-----------------------------------------------------------------------------------------------------------------------------------------------------------------------------------
 Limit  (cost=1369807.72..1369807.72 rows=1 width=16) (actual time=17327.845..17327.848 rows=1 loops=1)
   ->  Sort  (cost=1369807.72..1369808.22 rows=200 width=16) (actual time=17327.844..17327.846 rows=1 loops=1)
         Sort Key: (count(*)) DESC, (count(orders.o_orderkey)) DESC
         Sort Method: top-N heapsort  Memory: 25kB
         ->  HashAggregate  (cost=1369804.72..1369806.72 rows=200 width=16) (actual time=17327.812..17327.819 rows=46 loops=1)
               Group Key: count(orders.o_orderkey)
               Batches: 1  Memory Usage: 40kB
               ->  HashAggregate  (cost=1215136.94..1347305.83 rows=1499926 width=12) (actual time=14756.993..17160.696 rows=1500000 loops=1)
                     Group Key: customer.c_custkey
                     Planned Partitions: 8  Batches: 9  Memory Usage: 32849kB  Disk Usage: 325144kB
                     ->  Hash Right Join  (cost=53282.39..664439.66 rows=14997713 width=8) (actual time=307.313..10766.443 rows=15337604 loops=1)
                           Hash Cond: (orders.o_custkey = customer.c_custkey)
                           ->  Seq Scan on orders  (cost=0.00..448758.16 rows=14997713 width=8) (actual time=0.032..4692.920 rows=14837583 loops=1)
                                 Filter: ((o_comment)::text !~~ '%special%requests%'::text)
                                 Rows Removed by Filter: 162417
                           ->  Hash  (cost=28673.32..28673.32 rows=1499926 width=4) (actual time=305.822..305.823 rows=1500000 loops=1)
                                 Buckets: 1048576  Batches: 4  Memory Usage: 21380kB
                                 ->  Index Only Scan using customer_pkey on customer  (cost=0.43..28673.32 rows=1499926 width=4) (actual time=0.019..124.818 rows=1500000 loops=1)
                                       Heap Fetches: 0
 Planning Time: 0.669 ms
 Execution Time: 17382.472 ms
(21 rows)

query 14 run 1
SET
SET
SET
                                                                              QUERY PLAN                                                                               
-----------------------------------------------------------------------------------------------------------------------------------------------------------------------
 Limit  (cost=1270166.39..1270166.41 rows=1 width=32) (actual time=67060.554..67060.556 rows=1 loops=1)
   ->  Aggregate  (cost=1270166.39..1270166.41 rows=1 width=32) (actual time=67060.552..67060.554 rows=1 loops=1)
         ->  Hash Join  (cost=99653.65..1257005.48 rows=752052 width=33) (actual time=877.966..66611.827 rows=772942 loops=1)
               Hash Cond: (lineitem.l_partkey = part.p_partkey)
               ->  Index Scan using idx_lineitem_shipdate on lineitem  (cost=0.56..1134360.25 rows=752052 width=16) (actual time=1.076..64590.016 rows=772942 loops=1)
                     Index Cond: ((l_shipdate >= '1994-05-01'::date) AND (l_shipdate < '1994-06-01'::date))
               ->  Hash  (cost=60981.04..60981.04 rows=2000004 width=25) (actual time=870.081..870.081 rows=2000000 loops=1)
                     Buckets: 524288  Batches: 8  Memory Usage: 18555kB
                     ->  Seq Scan on part  (cost=0.00..60981.04 rows=2000004 width=25) (actual time=0.484..541.261 rows=2000000 loops=1)
 Planning Time: 15.026 ms
 Execution Time: 67060.925 ms
(11 rows)

SET
SET
SET
                                                                              QUERY PLAN                                                                              
----------------------------------------------------------------------------------------------------------------------------------------------------------------------
 Limit  (cost=1270166.39..1270166.41 rows=1 width=32) (actual time=3512.942..3512.945 rows=1 loops=1)
   ->  Aggregate  (cost=1270166.39..1270166.41 rows=1 width=32) (actual time=3512.941..3512.943 rows=1 loops=1)
         ->  Hash Join  (cost=99653.65..1257005.48 rows=752052 width=33) (actual time=729.894..3212.776 rows=772942 loops=1)
               Hash Cond: (lineitem.l_partkey = part.p_partkey)
               ->  Index Scan using idx_lineitem_shipdate on lineitem  (cost=0.56..1134360.25 rows=752052 width=16) (actual time=0.053..1890.778 rows=772942 loops=1)
                     Index Cond: ((l_shipdate >= '1994-05-01'::date) AND (l_shipdate < '1994-06-01'::date))
               ->  Hash  (cost=60981.04..60981.04 rows=2000004 width=25) (actual time=728.845..728.845 rows=2000000 loops=1)
                     Buckets: 524288  Batches: 8  Memory Usage: 18555kB
                     ->  Seq Scan on part  (cost=0.00..60981.04 rows=2000004 width=25) (actual time=0.024..409.708 rows=2000000 loops=1)
 Planning Time: 0.937 ms
 Execution Time: 3513.017 ms
(11 rows)

query 15 run 1
SET
SET
SET
CREATE VIEW
                                                                                   QUERY PLAN                                                                                   
--------------------------------------------------------------------------------------------------------------------------------------------------------------------------------
 Limit  (cost=3806756.15..3808310.97 rows=1 width=104) (actual time=19943.005..19943.008 rows=1 loops=1)
   InitPlan 1 (returns $0)
     ->  Aggregate  (cost=1859145.42..1859145.43 rows=1 width=32) (actual time=6120.906..6120.907 rows=1 loops=1)
           ->  HashAggregate  (cost=1856688.92..1857917.17 rows=98260 width=36) (actual time=6051.810..6115.110 rows=100000 loops=1)
                 Group Key: lineitem_1.l_suppkey
                 Batches: 5  Memory Usage: 34865kB  Disk Usage: 3488kB
                 ->  Bitmap Heap Scan on lineitem lineitem_1  (cost=34588.60..1835117.18 rows=2157174 width=16) (actual time=356.424..4581.519 rows=2265714 loops=1)
                       Recheck Cond: ((l_shipdate >= '1996-01-01'::date) AND (l_shipdate < '1996-04-01'::date))
                       Rows Removed by Index Recheck: 13223651
                       Heap Blocks: exact=401153 lossy=267105
                       ->  Bitmap Index Scan on idx_lineitem_shipdate  (cost=0.00..34049.31 rows=2157174 width=0) (actual time=283.593..283.593 rows=2265714 loops=1)
                             Index Cond: ((l_shipdate >= '1996-01-01'::date) AND (l_shipdate < '1996-04-01'::date))
   ->  Nested Loop  (cost=1947610.72..2711030.73 rows=491 width=104) (actual time=19943.004..19943.005 rows=1 loops=1)
         Join Filter: (supplier.s_suppkey = revenue0.supplier_no)
         Rows Removed by Join Filter: 69997
         ->  Index Scan using supplier_pkey on supplier  (cost=0.29..4135.79 rows=100000 width=72) (actual time=0.767..18.133 rows=69998 loops=1)
         ->  Materialize  (cost=1947610.43..1970403.50 rows=491 width=36) (actual time=0.284..0.285 rows=1 loops=69998)
               ->  Subquery Scan on revenue0  (cost=1947610.43..1970401.04 rows=491 width=36) (actual time=19856.245..19909.387 rows=1 loops=1)
                     ->  HashAggregate  (cost=1947610.43..1970396.13 rows=491 width=36) (actual time=19856.244..19909.385 rows=1 loops=1)
                           Group Key: lineitem.l_suppkey
                           Filter: (sum((lineitem.l_extendedprice * ('1'::numeric - lineitem.l_discount))) = $0)
                           Planned Partitions: 4  Batches: 5  Memory Usage: 34865kB  Disk Usage: 3488kB
                           Rows Removed by Filter: 99999
                           ->  Bitmap Heap Scan on lineitem  (cost=34588.60..1835117.18 rows=2157174 width=16) (actual time=413.707..11523.439 rows=2265714 loops=1)
                                 Recheck Cond: ((l_shipdate >= '1996-01-01'::date) AND (l_shipdate < '1996-04-01'::date))
                                 Rows Removed by Index Recheck: 13223651
                                 Heap Blocks: exact=401153 lossy=267105
                                 ->  Bitmap Index Scan on idx_lineitem_shipdate  (cost=0.00..34049.31 rows=2157174 width=0) (actual time=340.219..340.219 rows=2265714 loops=1)
                                       Index Cond: ((l_shipdate >= '1996-01-01'::date) AND (l_shipdate < '1996-04-01'::date))
 Planning Time: 12.894 ms
 Execution Time: 19945.409 ms
(31 rows)

DROP VIEW
SET
SET
SET
CREATE VIEW
                                                                                   QUERY PLAN                                                                                   
--------------------------------------------------------------------------------------------------------------------------------------------------------------------------------
 Limit  (cost=3806756.15..3808310.97 rows=1 width=104) (actual time=12915.577..12915.580 rows=1 loops=1)
   InitPlan 1 (returns $0)
     ->  Aggregate  (cost=1859145.42..1859145.43 rows=1 width=32) (actual time=6160.329..6160.330 rows=1 loops=1)
           ->  HashAggregate  (cost=1856688.92..1857917.17 rows=98260 width=36) (actual time=6090.415..6154.489 rows=100000 loops=1)
                 Group Key: lineitem_1.l_suppkey
                 Batches: 5  Memory Usage: 34865kB  Disk Usage: 3488kB
                 ->  Bitmap Heap Scan on lineitem lineitem_1  (cost=34588.60..1835117.18 rows=2157174 width=16) (actual time=355.181..4614.672 rows=2265714 loops=1)
                       Recheck Cond: ((l_shipdate >= '1996-01-01'::date) AND (l_shipdate < '1996-04-01'::date))
                       Rows Removed by Index Recheck: 13223651
                       Heap Blocks: exact=401153 lossy=267105
                       ->  Bitmap Index Scan on idx_lineitem_shipdate  (cost=0.00..34049.31 rows=2157174 width=0) (actual time=282.562..282.563 rows=2265714 loops=1)
                             Index Cond: ((l_shipdate >= '1996-01-01'::date) AND (l_shipdate < '1996-04-01'::date))
   ->  Nested Loop  (cost=1947610.72..2711030.73 rows=491 width=104) (actual time=12915.576..12915.577 rows=1 loops=1)
         Join Filter: (supplier.s_suppkey = revenue0.supplier_no)
         Rows Removed by Join Filter: 69997
         ->  Index Scan using supplier_pkey on supplier  (cost=0.29..4135.79 rows=100000 width=72) (actual time=0.043..12.474 rows=69998 loops=1)
         ->  Materialize  (cost=1947610.43..1970403.50 rows=491 width=36) (actual time=0.183..0.184 rows=1 loops=69998)
               ->  Subquery Scan on revenue0  (cost=1947610.43..1970401.04 rows=491 width=36) (actual time=12835.376..12888.111 rows=1 loops=1)
                     ->  HashAggregate  (cost=1947610.43..1970396.13 rows=491 width=36) (actual time=12835.375..12888.110 rows=1 loops=1)
                           Group Key: lineitem.l_suppkey
                           Filter: (sum((lineitem.l_extendedprice * ('1'::numeric - lineitem.l_discount))) = $0)
                           Planned Partitions: 4  Batches: 5  Memory Usage: 34865kB  Disk Usage: 3488kB
                           Rows Removed by Filter: 99999
                           ->  Bitmap Heap Scan on lineitem  (cost=34588.60..1835117.18 rows=2157174 width=16) (actual time=379.160..5169.670 rows=2265714 loops=1)
                                 Recheck Cond: ((l_shipdate >= '1996-01-01'::date) AND (l_shipdate < '1996-04-01'::date))
                                 Rows Removed by Index Recheck: 13223651
                                 Heap Blocks: exact=401153 lossy=267105
                                 ->  Bitmap Index Scan on idx_lineitem_shipdate  (cost=0.00..34049.31 rows=2157174 width=0) (actual time=306.571..306.571 rows=2265714 loops=1)
                                       Index Cond: ((l_shipdate >= '1996-01-01'::date) AND (l_shipdate < '1996-04-01'::date))
 Planning Time: 0.957 ms
 Execution Time: 12917.778 ms
(31 rows)

DROP VIEW
query 16 run 1
SET
SET
SET
                                                                                         QUERY PLAN                                                                                         
--------------------------------------------------------------------------------------------------------------------------------------------------------------------------------------------
 Limit  (cost=361178.88..361178.88 rows=1 width=44) (actual time=6565.577..6565.580 rows=1 loops=1)
   ->  Sort  (cost=361178.88..361567.87 rows=155598 width=44) (actual time=6565.575..6565.578 rows=1 loops=1)
         Sort Key: (count(DISTINCT partsupp.ps_suppkey)) DESC, part.p_brand, part.p_type, part.p_size
         Sort Method: top-N heapsort  Memory: 25kB
         ->  GroupAggregate  (cost=351197.59..360400.89 rows=155598 width=44) (actual time=5916.457..6560.270 rows=27838 loops=1)
               Group Key: part.p_brand, part.p_type, part.p_size
               ->  Sort  (cost=351197.59..352727.06 rows=611785 width=40) (actual time=5916.406..6272.020 rows=1186319 loops=1)
                     Sort Key: part.p_brand, part.p_type, part.p_size
                     Sort Method: external merge  Disk: 60592kB
                     ->  Hash Join  (cost=98277.26..281641.90 rows=611785 width=40) (actual time=827.344..3093.085 rows=1186319 loops=1)
                           Hash Cond: (partsupp.ps_partkey = part.p_partkey)
                           ->  Index Only Scan using partsupp_pkey on partsupp  (cost=3471.46..176338.93 rows=3998914 width=8) (actual time=36.042..1488.112 rows=7995520 loops=1)
                                 Filter: (NOT (hashed SubPlan 1))
                                 Rows Removed by Filter: 4480
                                 Heap Fetches: 0
                                 SubPlan 1
                                   ->  Seq Scan on supplier  (cost=0.00..3471.00 rows=10 width=4) (actual time=1.090..35.731 rows=56 loops=1)
                                         Filter: ((s_comment)::text ~~ '%Customer%Complaints%'::text)
                                         Rows Removed by Filter: 99944
                           ->  Hash  (cost=90981.10..90981.10 rows=305976 width=40) (actual time=790.613..790.613 rows=296733 loops=1)
                                 Buckets: 524288  Batches: 1  Memory Usage: 25593kB
                                 ->  Seq Scan on part  (cost=0.00..90981.10 rows=305976 width=40) (actual time=0.591..719.710 rows=296733 loops=1)
                                       Filter: ((p_brand <> 'Brand#12'::bpchar) AND ((p_type)::text !~~ 'SMALL BRUSHED%'::text) AND (p_size = ANY ('{12,32,36,26,40,34,49,9}'::integer[])))
                                       Rows Removed by Filter: 1703267
 Planning Time: 15.882 ms
 Execution Time: 6574.326 ms
(26 rows)

SET
SET
SET
                                                                                         QUERY PLAN                                                                                         
--------------------------------------------------------------------------------------------------------------------------------------------------------------------------------------------
 Limit  (cost=361178.88..361178.88 rows=1 width=44) (actual time=6064.873..6064.876 rows=1 loops=1)
   ->  Sort  (cost=361178.88..361567.87 rows=155598 width=44) (actual time=6064.871..6064.874 rows=1 loops=1)
         Sort Key: (count(DISTINCT partsupp.ps_suppkey)) DESC, part.p_brand, part.p_type, part.p_size
         Sort Method: top-N heapsort  Memory: 25kB
         ->  GroupAggregate  (cost=351197.59..360400.89 rows=155598 width=44) (actual time=5412.796..6059.553 rows=27838 loops=1)
               Group Key: part.p_brand, part.p_type, part.p_size
               ->  Sort  (cost=351197.59..352727.06 rows=611785 width=40) (actual time=5412.744..5769.171 rows=1186319 loops=1)
                     Sort Key: part.p_brand, part.p_type, part.p_size
                     Sort Method: external merge  Disk: 60592kB
                     ->  Hash Join  (cost=98277.26..281641.90 rows=611785 width=40) (actual time=522.616..2590.979 rows=1186319 loops=1)
                           Hash Cond: (partsupp.ps_partkey = part.p_partkey)
                           ->  Index Only Scan using partsupp_pkey on partsupp  (cost=3471.46..176338.93 rows=3998914 width=8) (actual time=20.829..1296.110 rows=7995520 loops=1)
                                 Filter: (NOT (hashed SubPlan 1))
                                 Rows Removed by Filter: 4480
                                 Heap Fetches: 0
                                 SubPlan 1
                                   ->  Seq Scan on supplier  (cost=0.00..3471.00 rows=10 width=4) (actual time=0.092..20.787 rows=56 loops=1)
                                         Filter: ((s_comment)::text ~~ '%Customer%Complaints%'::text)
                                         Rows Removed by Filter: 99944
                           ->  Hash  (cost=90981.10..90981.10 rows=305976 width=40) (actual time=501.086..501.087 rows=296733 loops=1)
                                 Buckets: 524288  Batches: 1  Memory Usage: 25593kB
                                 ->  Seq Scan on part  (cost=0.00..90981.10 rows=305976 width=40) (actual time=0.017..439.065 rows=296733 loops=1)
                                       Filter: ((p_brand <> 'Brand#12'::bpchar) AND ((p_type)::text !~~ 'SMALL BRUSHED%'::text) AND (p_size = ANY ('{12,32,36,26,40,34,49,9}'::integer[])))
                                       Rows Removed by Filter: 1703267
 Planning Time: 1.026 ms
 Execution Time: 6072.887 ms
(26 rows)

query 17 run 1
SET
SET
SET
                                                                            QUERY PLAN                                                                            
------------------------------------------------------------------------------------------------------------------------------------------------------------------
 Limit  (cost=4905922.65..4905922.67 rows=1 width=32) (actual time=53932.442..53932.444 rows=1 loops=1)
   ->  Aggregate  (cost=4905922.65..4905922.67 rows=1 width=32) (actual time=53932.441..53932.443 rows=1 loops=1)
         ->  Nested Loop  (cost=4174270.51..4905875.74 rows=18766 width=8) (actual time=32304.893..53930.719 rows=5319 loops=1)
               Join Filter: (part.p_partkey = lineitem.l_partkey)
               ->  Hash Join  (cost=4174270.07..4811907.77 rows=1877 width=40) (actual time=32304.460..52965.167 rows=1996 loops=1)
                     Hash Cond: (lineitem_1.l_partkey = part.p_partkey)
                     ->  HashAggregate  (cost=4103264.01..4717203.42 rows=1877091 width=36) (actual time=31769.333..52281.045 rows=2000000 loops=1)
                           Group Key: lineitem_1.l_partkey
                           Planned Partitions: 32  Batches: 33  Memory Usage: 33041kB  Disk Usage: 2080800kB
                           ->  Seq Scan on lineitem lineitem_1  (cost=0.00..1724984.84 rows=59984184 width=9) (actual time=0.528..7089.697 rows=59986052 loops=1)
                     ->  Hash  (cost=70981.06..70981.06 rows=2000 width=4) (actual time=533.900..533.900 rows=1996 loops=1)
                           Buckets: 2048  Batches: 1  Memory Usage: 87kB
                           ->  Seq Scan on part  (cost=0.00..70981.06 rows=2000 width=4) (actual time=1.366..532.906 rows=1996 loops=1)
                                 Filter: ((p_brand = 'Brand#22'::bpchar) AND (p_container = 'LG BOX'::bpchar))
                                 Rows Removed by Filter: 1998004
               ->  Index Scan using idx_lineitem_part_supp on lineitem  (cost=0.44..49.93 rows=11 width=17) (actual time=0.339..0.482 rows=3 loops=1996)
                     Index Cond: (l_partkey = lineitem_1.l_partkey)
                     Filter: (l_quantity < ((0.2 * avg(lineitem_1.l_quantity))))
                     Rows Removed by Filter: 27
 Planning Time: 16.048 ms
 Execution Time: 54164.761 ms
(21 rows)

SET
SET
SET
                                                                            QUERY PLAN                                                                            
------------------------------------------------------------------------------------------------------------------------------------------------------------------
 Limit  (cost=4905922.65..4905922.67 rows=1 width=32) (actual time=50208.762..50208.765 rows=1 loops=1)
   ->  Aggregate  (cost=4905922.65..4905922.67 rows=1 width=32) (actual time=50208.761..50208.763 rows=1 loops=1)
         ->  Nested Loop  (cost=4174270.51..4905875.74 rows=18766 width=8) (actual time=29661.097..50208.012 rows=5319 loops=1)
               Join Filter: (part.p_partkey = lineitem.l_partkey)
               ->  Hash Join  (cost=4174270.07..4811907.77 rows=1877 width=40) (actual time=29661.072..50163.425 rows=1996 loops=1)
                     Hash Cond: (lineitem_1.l_partkey = part.p_partkey)
                     ->  HashAggregate  (cost=4103264.01..4717203.42 rows=1877091 width=36) (actual time=29394.697..49755.623 rows=2000000 loops=1)
                           Group Key: lineitem_1.l_partkey
                           Planned Partitions: 32  Batches: 33  Memory Usage: 33041kB  Disk Usage: 2080800kB
                           ->  Seq Scan on lineitem lineitem_1  (cost=0.00..1724984.84 rows=59984184 width=9) (actual time=0.035..5277.007 rows=59986052 loops=1)
                     ->  Hash  (cost=70981.06..70981.06 rows=2000 width=4) (actual time=265.159..265.159 rows=1996 loops=1)
                           Buckets: 2048  Batches: 1  Memory Usage: 87kB
                           ->  Seq Scan on part  (cost=0.00..70981.06 rows=2000 width=4) (actual time=0.108..264.665 rows=1996 loops=1)
                                 Filter: ((p_brand = 'Brand#22'::bpchar) AND (p_container = 'LG BOX'::bpchar))
                                 Rows Removed by Filter: 1998004
               ->  Index Scan using idx_lineitem_part_supp on lineitem  (cost=0.44..49.93 rows=11 width=17) (actual time=0.010..0.021 rows=3 loops=1996)
                     Index Cond: (l_partkey = lineitem_1.l_partkey)
                     Filter: (l_quantity < ((0.2 * avg(lineitem_1.l_quantity))))
                     Rows Removed by Filter: 27
 Planning Time: 1.073 ms
 Execution Time: 50460.553 ms
(21 rows)

query 18 run 1
SET
SET
SET
                                                                                                 QUERY PLAN                                                                                                  
-------------------------------------------------------------------------------------------------------------------------------------------------------------------------------------------------------------
 Limit  (cost=8774932.14..8774932.39 rows=100 width=71) (actual time=40869.670..40869.684 rows=99 loops=1)
   ->  Sort  (cost=8774932.14..8824908.41 rows=19990506 width=71) (actual time=40869.669..40869.676 rows=99 loops=1)
         Sort Key: orders.o_totalprice DESC, orders.o_orderdate
         Sort Method: quicksort  Memory: 32kB
         ->  HashAggregate  (cost=7409632.44..8010909.38 rows=19990506 width=71) (actual time=40869.192..40869.586 rows=99 loops=1)
               Group Key: customer.c_custkey, orders.o_orderkey
               Planned Partitions: 256  Batches: 1  Memory Usage: 3121kB
               ->  Hash Join  (cost=78501.01..6332800.10 rows=19990506 width=44) (actual time=4273.452..40868.806 rows=693 loops=1)
                     Hash Cond: (orders.o_custkey = customer.c_custkey)
                     ->  Merge Join  (cost=16.67..5919743.55 rows=19990506 width=25) (actual time=972.575..40079.209 rows=693 loops=1)
                           Merge Cond: (orders.o_orderkey = lineitem.l_orderkey)
                           ->  Merge Join  (cost=1.00..3390226.44 rows=4998682 width=24) (actual time=742.928..29031.599 rows=99 loops=1)
                                 Merge Cond: (orders.o_orderkey = lineitem_1.l_orderkey)
                                 ->  Index Scan using orders_pkey on orders  (cost=0.43..547953.63 rows=14999213 width=20) (actual time=0.542..2967.798 rows=14982724 loops=1)
                                 ->  GroupAggregate  (cost=0.56..2692304.44 rows=4998682 width=4) (actual time=635.228..25176.889 rows=99 loops=1)
                                       Group Key: lineitem_1.l_orderkey
                                       Filter: (sum(lineitem_1.l_quantity) > '313'::numeric)
                                       Rows Removed by Filter: 14999901
                                       ->  Index Scan using idx_lineitem_orderkey on lineitem lineitem_1  (cost=0.56..2167442.82 rows=59984184 width=9) (actual time=0.441..11998.447 rows=59986052 loops=1)
                           ->  Index Scan using idx_lineitem_orderkey on lineitem  (cost=0.56..2167442.82 rows=59984184 width=9) (actual time=0.013..7650.247 rows=59916431 loops=1)
                     ->  Hash  (cost=50946.26..50946.26 rows=1499926 width=23) (actual time=680.529..680.529 rows=1500000 loops=1)
                           Buckets: 524288  Batches: 4  Memory Usage: 24623kB
                           ->  Seq Scan on customer  (cost=0.00..50946.26 rows=1499926 width=23) (actual time=0.534..418.594 rows=1500000 loops=1)
 Planning Time: 19.747 ms
 Execution Time: 40870.764 ms
(25 rows)

SET
SET
SET
                                                                                                 QUERY PLAN                                                                                                 
------------------------------------------------------------------------------------------------------------------------------------------------------------------------------------------------------------
 Limit  (cost=8774932.14..8774932.39 rows=100 width=71) (actual time=37490.135..37490.149 rows=99 loops=1)
   ->  Sort  (cost=8774932.14..8824908.41 rows=19990506 width=71) (actual time=37490.134..37490.141 rows=99 loops=1)
         Sort Key: orders.o_totalprice DESC, orders.o_orderdate
         Sort Method: quicksort  Memory: 32kB
         ->  HashAggregate  (cost=7409632.44..8010909.38 rows=19990506 width=71) (actual time=37489.636..37490.048 rows=99 loops=1)
               Group Key: customer.c_custkey, orders.o_orderkey
               Planned Partitions: 256  Batches: 1  Memory Usage: 3121kB
               ->  Hash Join  (cost=78501.01..6332800.10 rows=19990506 width=44) (actual time=3674.829..37489.271 rows=693 loops=1)
                     Hash Cond: (orders.o_custkey = customer.c_custkey)
                     ->  Merge Join  (cost=16.67..5919743.55 rows=19990506 width=25) (actual time=841.307..36839.584 rows=693 loops=1)
                           Merge Cond: (orders.o_orderkey = lineitem.l_orderkey)
                           ->  Merge Join  (cost=1.00..3390226.44 rows=4998682 width=24) (actual time=606.514..25697.693 rows=99 loops=1)
                                 Merge Cond: (orders.o_orderkey = lineitem_1.l_orderkey)
                                 ->  Index Scan using orders_pkey on orders  (cost=0.43..547953.63 rows=14999213 width=20) (actual time=0.028..2371.169 rows=14982724 loops=1)
                                 ->  GroupAggregate  (cost=0.56..2692304.44 rows=4998682 width=4) (actual time=527.230..22461.407 rows=99 loops=1)
                                       Group Key: lineitem_1.l_orderkey
                                       Filter: (sum(lineitem_1.l_quantity) > '313'::numeric)
                                       Rows Removed by Filter: 14999901
                                       ->  Index Scan using idx_lineitem_orderkey on lineitem lineitem_1  (cost=0.56..2167442.82 rows=59984184 width=9) (actual time=0.015..9652.618 rows=59986052 loops=1)
                           ->  Index Scan using idx_lineitem_orderkey on lineitem  (cost=0.56..2167442.82 rows=59984184 width=9) (actual time=0.012..7753.151 rows=59916431 loops=1)
                     ->  Hash  (cost=50946.26..50946.26 rows=1499926 width=23) (actual time=539.347..539.348 rows=1500000 loops=1)
                           Buckets: 524288  Batches: 4  Memory Usage: 24623kB
                           ->  Seq Scan on customer  (cost=0.00..50946.26 rows=1499926 width=23) (actual time=0.030..292.871 rows=1500000 loops=1)
 Planning Time: 1.607 ms
 Execution Time: 37490.894 ms
(25 rows)

query 19 run 1
SET
SET
SET
                                                                                                                                                                                                                                                                                                                                                                                                                                                                                                            QUERY PLAN                                                                                                                                                                                                                                                                                                                                                                                                                                                                                                            
----------------------------------------------------------------------------------------------------------------------------------------------------------------------------------------------------------------------------------------------------------------------------------------------------------------------------------------------------------------------------------------------------------------------------------------------------------------------------------------------------------------------------------------------------------------------------------------------------------------------------------------------------------------------------------------------------------------------------------------------------------------------------------------------------------------------------------------------------------------------------------------------------------------------------------------------------------------------------------------------------------------------------------
 Limit  (cost=376424.16..376424.17 rows=1 width=32) (actual time=23146.313..23146.314 rows=1 loops=1)
   ->  Aggregate  (cost=376424.16..376424.17 rows=1 width=32) (actual time=23146.312..23146.313 rows=1 loops=1)
         ->  Nested Loop  (cost=0.44..376415.64 rows=1135 width=12) (actual time=61.047..23143.236 rows=1063 loops=1)
               ->  Seq Scan on part  (cost=0.00..125981.17 rows=4819 width=30) (actual time=1.537..835.145 rows=4781 loops=1)
                     Filter: ((p_size >= 1) AND (((p_brand = 'Brand#24'::bpchar) AND (p_container = ANY ('{"SM CASE","SM BOX","SM PACK","SM PKG"}'::bpchar[])) AND (p_size <= 5)) OR ((p_brand = 'Brand#43'::bpchar) AND (p_container = ANY ('{"MED BAG","MED BOX","MED PKG","MED PACK"}'::bpchar[])) AND (p_size <= 10)) OR ((p_brand = 'Brand#44'::bpchar) AND (p_container = ANY ('{"LG CASE","LG BOX","LG PACK","LG PKG"}'::bpchar[])) AND (p_size <= 15))))
                     Rows Removed by Filter: 1995219
               ->  Index Scan using idx_lineitem_part_supp on lineitem  (cost=0.44..51.96 rows=1 width=21) (actual time=4.208..4.664 rows=0 loops=4781)
                     Index Cond: (l_partkey = part.p_partkey)
                     Filter: ((l_shipmode = ANY ('{AIR,"AIR REG"}'::bpchar[])) AND (l_shipinstruct = 'DELIVER IN PERSON'::bpchar) AND (((l_quantity >= '10'::numeric) AND (l_quantity <= '20'::numeric)) OR ((l_quantity >= '10'::numeric) AND (l_quantity <= '20'::numeric)) OR ((l_quantity >= '20'::numeric) AND (l_quantity <= '30'::numeric))) AND (((part.p_brand = 'Brand#24'::bpchar) AND (part.p_container = ANY ('{"SM CASE","SM BOX","SM PACK","SM PKG"}'::bpchar[])) AND (l_quantity >= '10'::numeric) AND (l_quantity <= '20'::numeric) AND (part.p_size <= 5)) OR ((part.p_brand = 'Brand#43'::bpchar) AND (part.p_container = ANY ('{"MED BAG","MED BOX","MED PKG","MED PACK"}'::bpchar[])) AND (l_quantity >= '10'::numeric) AND (l_quantity <= '20'::numeric) AND (part.p_size <= 10)) OR ((part.p_brand = 'Brand#44'::bpchar) AND (part.p_container = ANY ('{"LG CASE","LG BOX","LG PACK","LG PKG"}'::bpchar[])) AND (l_quantity >= '20'::numeric) AND (l_quantity <= '30'::numeric) AND (part.p_size <= 15))))
                     Rows Removed by Filter: 30
 Planning Time: 16.889 ms
 Execution Time: 23147.358 ms
(12 rows)

SET
SET
SET
                                                                                                                                                                                                                                                                                                                                                                                                                                                                                                            QUERY PLAN                                                                                                                                                                                                                                                                                                                                                                                                                                                                                                            
----------------------------------------------------------------------------------------------------------------------------------------------------------------------------------------------------------------------------------------------------------------------------------------------------------------------------------------------------------------------------------------------------------------------------------------------------------------------------------------------------------------------------------------------------------------------------------------------------------------------------------------------------------------------------------------------------------------------------------------------------------------------------------------------------------------------------------------------------------------------------------------------------------------------------------------------------------------------------------------------------------------------------------
 Limit  (cost=376424.16..376424.17 rows=1 width=32) (actual time=619.643..619.645 rows=1 loops=1)
   ->  Aggregate  (cost=376424.16..376424.17 rows=1 width=32) (actual time=619.642..619.643 rows=1 loops=1)
         ->  Nested Loop  (cost=0.44..376415.64 rows=1135 width=12) (actual time=1.517..618.975 rows=1063 loops=1)
               ->  Seq Scan on part  (cost=0.00..125981.17 rows=4819 width=30) (actual time=0.221..464.712 rows=4781 loops=1)
                     Filter: ((p_size >= 1) AND (((p_brand = 'Brand#24'::bpchar) AND (p_container = ANY ('{"SM CASE","SM BOX","SM PACK","SM PKG"}'::bpchar[])) AND (p_size <= 5)) OR ((p_brand = 'Brand#43'::bpchar) AND (p_container = ANY ('{"MED BAG","MED BOX","MED PKG","MED PACK"}'::bpchar[])) AND (p_size <= 10)) OR ((p_brand = 'Brand#44'::bpchar) AND (p_container = ANY ('{"LG CASE","LG BOX","LG PACK","LG PKG"}'::bpchar[])) AND (p_size <= 15))))
                     Rows Removed by Filter: 1995219
               ->  Index Scan using idx_lineitem_part_supp on lineitem  (cost=0.44..51.96 rows=1 width=21) (actual time=0.029..0.032 rows=0 loops=4781)
                     Index Cond: (l_partkey = part.p_partkey)
                     Filter: ((l_shipmode = ANY ('{AIR,"AIR REG"}'::bpchar[])) AND (l_shipinstruct = 'DELIVER IN PERSON'::bpchar) AND (((l_quantity >= '10'::numeric) AND (l_quantity <= '20'::numeric)) OR ((l_quantity >= '10'::numeric) AND (l_quantity <= '20'::numeric)) OR ((l_quantity >= '20'::numeric) AND (l_quantity <= '30'::numeric))) AND (((part.p_brand = 'Brand#24'::bpchar) AND (part.p_container = ANY ('{"SM CASE","SM BOX","SM PACK","SM PKG"}'::bpchar[])) AND (l_quantity >= '10'::numeric) AND (l_quantity <= '20'::numeric) AND (part.p_size <= 5)) OR ((part.p_brand = 'Brand#43'::bpchar) AND (part.p_container = ANY ('{"MED BAG","MED BOX","MED PKG","MED PACK"}'::bpchar[])) AND (l_quantity >= '10'::numeric) AND (l_quantity <= '20'::numeric) AND (part.p_size <= 10)) OR ((part.p_brand = 'Brand#44'::bpchar) AND (part.p_container = ANY ('{"LG CASE","LG BOX","LG PACK","LG PKG"}'::bpchar[])) AND (l_quantity >= '20'::numeric) AND (l_quantity <= '30'::numeric) AND (part.p_size <= 15))))
                     Rows Removed by Filter: 30
 Planning Time: 0.945 ms
 Execution Time: 619.693 ms
(12 rows)

query 20 run 1
SET
SET
SET
                                                                                       QUERY PLAN                                                                                        
-----------------------------------------------------------------------------------------------------------------------------------------------------------------------------------------
 Limit  (cost=2837093.41..2837093.41 rows=1 width=52) (actual time=52356.550..52356.554 rows=1 loops=1)
   ->  Sort  (cost=2837093.41..2837093.41 rows=1 width=52) (actual time=52356.549..52356.552 rows=1 loops=1)
         Sort Key: supplier.s_name
         Sort Method: top-N heapsort  Memory: 25kB
         ->  Nested Loop Semi Join  (cost=2588177.16..2837093.40 rows=1 width=52) (actual time=30990.118..52354.740 rows=1821 loops=1)
               Join Filter: (supplier.s_suppkey = lineitem.l_suppkey)
               Rows Removed by Join Filter: 183372192
               ->  Nested Loop  (cost=0.00..4472.31 rows=4000 width=56) (actual time=0.598..23.488 rows=4095 loops=1)
                     Join Filter: (supplier.s_nationkey = nation.n_nationkey)
                     Rows Removed by Join Filter: 95905
                     ->  Seq Scan on nation  (cost=0.00..1.31 rows=1 width=4) (actual time=0.194..0.197 rows=1 loops=1)
                           Filter: (n_name = 'IRAQ'::bpchar)
                           Rows Removed by Filter: 24
                     ->  Seq Scan on supplier  (cost=0.00..3221.00 rows=100000 width=60) (actual time=0.399..15.923 rows=100000 loops=1)
               ->  Materialize  (cost=2588177.16..2832261.10 rows=6 width=8) (actual time=7.227..10.336 rows=44780 loops=4095)
                     ->  Hash Join  (cost=2588177.16..2832261.07 rows=6 width=8) (actual time=29596.135..36199.256 rows=59002 loops=1)
                           Hash Cond: ((lineitem.l_partkey = partsupp.ps_partkey) AND (lineitem.l_suppkey = partsupp.ps_suppkey))
                           Join Filter: ((partsupp.ps_availqty)::numeric > ((0.5 * sum(lineitem.l_quantity))))
                           Rows Removed by Join Filter: 123
                           ->  HashAggregate  (cost=2368966.82..2528827.11 rows=4812764 width=40) (actual time=24612.756..30489.360 rows=5448842 loops=1)
                                 Group Key: lineitem.l_partkey, lineitem.l_suppkey
                                 Planned Partitions: 64  Batches: 65  Memory Usage: 35345kB  Disk Usage: 388568kB
                                 ->  Bitmap Heap Scan on lineitem  (cost=143941.77..1990588.16 rows=8977288 width=13) (actual time=1250.411..19788.074 rows=9123688 loops=1)
                                       Recheck Cond: ((l_shipdate >= '1996-01-01'::date) AND (l_shipdate < '1997-01-01'::date))
                                       Rows Removed by Index Recheck: 23164080
                                       Heap Blocks: exact=518099 lossy=530696
                                       ->  Bitmap Index Scan on idx_lineitem_shipdate  (cost=0.00..141697.45 rows=8977288 width=0) (actual time=1145.167..1145.167 rows=9123688 loops=1)
                                             Index Cond: ((l_shipdate >= '1996-01-01'::date) AND (l_shipdate < '1997-01-01'::date))
                           ->  Hash  (cost=216786.76..216786.76 rows=161572 width=16) (actual time=4982.943..4982.944 rows=86872 loops=1)
                                 Buckets: 262144  Batches: 1  Memory Usage: 6121kB
                                 ->  Nested Loop  (cost=0.43..216786.76 rows=161572 width=16) (actual time=0.960..4935.466 rows=86872 loops=1)
                                       ->  Seq Scan on part  (cost=0.00..65981.05 rows=40404 width=4) (actual time=0.635..735.985 rows=21718 loops=1)
                                             Filter: ((p_name)::text ~~ 'olive%'::text)
                                             Rows Removed by Filter: 1978282
                                       ->  Index Scan using idx_partsupp_partkey on partsupp  (cost=0.43..3.55 rows=18 width=12) (actual time=0.177..0.191 rows=4 loops=21718)
                                             Index Cond: (ps_partkey = part.p_partkey)
 Planning Time: 22.192 ms
 Execution Time: 52404.147 ms
(38 rows)

SET
SET
SET
                                                                                       QUERY PLAN                                                                                        
-----------------------------------------------------------------------------------------------------------------------------------------------------------------------------------------
 Limit  (cost=2837093.41..2837093.41 rows=1 width=52) (actual time=36363.091..36363.095 rows=1 loops=1)
   ->  Sort  (cost=2837093.41..2837093.41 rows=1 width=52) (actual time=36363.090..36363.093 rows=1 loops=1)
         Sort Key: supplier.s_name
         Sort Method: top-N heapsort  Memory: 25kB
         ->  Nested Loop Semi Join  (cost=2588177.16..2837093.40 rows=1 width=52) (actual time=15054.241..36361.293 rows=1821 loops=1)
               Join Filter: (supplier.s_suppkey = lineitem.l_suppkey)
               Rows Removed by Join Filter: 183372192
               ->  Nested Loop  (cost=0.00..4472.31 rows=4000 width=56) (actual time=0.031..19.660 rows=4095 loops=1)
                     Join Filter: (supplier.s_nationkey = nation.n_nationkey)
                     Rows Removed by Join Filter: 95905
                     ->  Seq Scan on nation  (cost=0.00..1.31 rows=1 width=4) (actual time=0.021..0.024 rows=1 loops=1)
                           Filter: (n_name = 'IRAQ'::bpchar)
                           Rows Removed by Filter: 24
                     ->  Seq Scan on supplier  (cost=0.00..3221.00 rows=100000 width=60) (actual time=0.006..12.249 rows=100000 loops=1)
               ->  Materialize  (cost=2588177.16..2832261.10 rows=6 width=8) (actual time=3.335..6.452 rows=44780 loops=4095)
                     ->  Hash Join  (cost=2588177.16..2832261.07 rows=6 width=8) (actual time=13655.667..20297.793 rows=59002 loops=1)
                           Hash Cond: ((lineitem.l_partkey = partsupp.ps_partkey) AND (lineitem.l_suppkey = partsupp.ps_suppkey))
                           Join Filter: ((partsupp.ps_availqty)::numeric > ((0.5 * sum(lineitem.l_quantity))))
                           Rows Removed by Join Filter: 123
                           ->  HashAggregate  (cost=2368966.82..2528827.11 rows=4812764 width=40) (actual time=13079.277..18992.668 rows=5448842 loops=1)
                                 Group Key: lineitem.l_partkey, lineitem.l_suppkey
                                 Planned Partitions: 64  Batches: 65  Memory Usage: 35345kB  Disk Usage: 388568kB
                                 ->  Bitmap Heap Scan on lineitem  (cost=143941.77..1990588.16 rows=8977288 width=13) (actual time=1115.144..9023.094 rows=9123688 loops=1)
                                       Recheck Cond: ((l_shipdate >= '1996-01-01'::date) AND (l_shipdate < '1997-01-01'::date))
                                       Rows Removed by Index Recheck: 23164080
                                       Heap Blocks: exact=518099 lossy=530696
                                       ->  Bitmap Index Scan on idx_lineitem_shipdate  (cost=0.00..141697.45 rows=8977288 width=0) (actual time=1010.042..1010.042 rows=9123688 loops=1)
                                             Index Cond: ((l_shipdate >= '1996-01-01'::date) AND (l_shipdate < '1997-01-01'::date))
                           ->  Hash  (cost=216786.76..216786.76 rows=161572 width=16) (actual time=575.932..575.934 rows=86872 loops=1)
                                 Buckets: 262144  Batches: 1  Memory Usage: 6121kB
                                 ->  Nested Loop  (cost=0.43..216786.76 rows=161572 width=16) (actual time=0.058..553.399 rows=86872 loops=1)
                                       ->  Seq Scan on part  (cost=0.00..65981.05 rows=40404 width=4) (actual time=0.041..338.306 rows=21718 loops=1)
                                             Filter: ((p_name)::text ~~ 'olive%'::text)
                                             Rows Removed by Filter: 1978282
                                       ->  Index Scan using idx_partsupp_partkey on partsupp  (cost=0.43..3.55 rows=18 width=12) (actual time=0.008..0.009 rows=4 loops=21718)
                                             Index Cond: (ps_partkey = part.p_partkey)
 Planning Time: 1.967 ms
 Execution Time: 36410.598 ms
(38 rows)

query 21 run 1
SET
SET
SET
                                                                                               QUERY PLAN                                                                                                
---------------------------------------------------------------------------------------------------------------------------------------------------------------------------------------------------------
 Limit  (cost=3784954.67..3784954.67 rows=1 width=34) (actual time=25524.968..25524.983 rows=100 loops=1)
   ->  Sort  (cost=3784954.67..3784954.67 rows=1 width=34) (actual time=25524.967..25524.976 rows=100 loops=1)
         Sort Key: (count(*)) DESC, supplier.s_name
         Sort Method: top-N heapsort  Memory: 38kB
         ->  GroupAggregate  (cost=3784954.64..3784954.66 rows=1 width=34) (actual time=25517.868..25523.783 rows=3991 loops=1)
               Group Key: supplier.s_name
               ->  Sort  (cost=3784954.64..3784954.64 rows=1 width=26) (actual time=25517.856..25519.395 rows=39281 loops=1)
                     Sort Key: supplier.s_name
                     Sort Method: quicksort  Memory: 4605kB
                     ->  Nested Loop Semi Join  (cost=1976482.37..3784954.63 rows=1 width=26) (actual time=15201.491..25346.226 rows=39281 loops=1)
                           Join Filter: (l2.l_suppkey <> l1.l_suppkey)
                           Rows Removed by Join Filter: 42025
                           ->  Nested Loop Anti Join  (cost=1976481.81..3784950.99 rows=1 width=38) (actual time=15200.509..25199.556 rows=65960 loops=1)
                                 ->  Hash Join  (cost=1976481.24..2520800.04 rows=393709 width=38) (actual time=15198.619..20010.338 rows=730985 loops=1)
                                       Hash Cond: (orders.o_orderkey = l1.l_orderkey)
                                       ->  Seq Scan on orders  (cost=0.00..448758.16 rows=7383612 width=4) (actual time=0.499..2477.616 rows=7309184 loops=1)
                                             Filter: (o_orderstatus = 'F'::bpchar)
                                             Rows Removed by Filter: 7690816
                                       ->  Hash  (cost=1960234.88..1960234.88 rows=799789 width=34) (actual time=15197.279..15197.282 rows=1514267 loops=1)
                                             Buckets: 524288  Batches: 4  Memory Usage: 29225kB
                                             ->  Hash Join  (cost=2311.46..1960234.88 rows=799789 width=34) (actual time=38.892..14818.344 rows=1514267 loops=1)
                                                   Hash Cond: (l1.l_suppkey = supplier.s_suppkey)
                                                   ->  Seq Scan on lineitem l1  (cost=0.00..1874945.30 rows=19994728 width=8) (actual time=0.465..11449.457 rows=37929348 loops=1)
                                                         Filter: (l_receiptdate > l_commitdate)
                                                         Rows Removed by Filter: 22056704
                                                   ->  Hash  (cost=2261.46..2261.46 rows=4000 width=30) (actual time=38.359..38.361 rows=3991 loops=1)
                                                         Buckets: 4096  Batches: 1  Memory Usage: 282kB
                                                         ->  Nested Loop  (cost=37.29..2261.46 rows=4000 width=30) (actual time=1.794..37.173 rows=3991 loops=1)
                                                               ->  Seq Scan on nation  (cost=0.00..1.31 rows=1 width=4) (actual time=0.182..0.185 rows=1 loops=1)
                                                                     Filter: (n_name = 'PERU'::bpchar)
                                                                     Rows Removed by Filter: 24
                                                               ->  Bitmap Heap Scan on supplier  (cost=37.29..2220.15 rows=4000 width=34) (actual time=1.603..36.248 rows=3991 loops=1)
                                                                     Recheck Cond: (s_nationkey = nation.n_nationkey)
                                                                     Heap Blocks: exact=1865
                                                                     ->  Bitmap Index Scan on idx_supplier_nation_key  (cost=0.00..36.29 rows=4000 width=0) (actual time=1.154..1.154 rows=3991 loops=1)
                                                                           Index Cond: (s_nationkey = nation.n_nationkey)
                                 ->  Index Scan using idx_lineitem_orderkey on lineitem l3  (cost=0.56..3.64 rows=1 width=8) (actual time=0.007..0.007 rows=1 loops=730985)
                                       Index Cond: (l_orderkey = l1.l_orderkey)
                                       Filter: ((l_receiptdate > l_commitdate) AND (l_suppkey <> l1.l_suppkey))
                                       Rows Removed by Filter: 1
                           ->  Index Scan using idx_lineitem_orderkey on lineitem l2  (cost=0.56..3.62 rows=4 width=8) (actual time=0.002..0.002 rows=1 loops=65960)
                                 Index Cond: (l_orderkey = orders.o_orderkey)
 Planning Time: 19.228 ms
 Execution Time: 25525.821 ms
(44 rows)

SET
SET
SET
                                                                                               QUERY PLAN                                                                                                
---------------------------------------------------------------------------------------------------------------------------------------------------------------------------------------------------------
 Limit  (cost=3784954.67..3784954.67 rows=1 width=34) (actual time=21367.768..21367.783 rows=100 loops=1)
   ->  Sort  (cost=3784954.67..3784954.67 rows=1 width=34) (actual time=21367.767..21367.776 rows=100 loops=1)
         Sort Key: (count(*)) DESC, supplier.s_name
         Sort Method: top-N heapsort  Memory: 38kB
         ->  GroupAggregate  (cost=3784954.64..3784954.66 rows=1 width=34) (actual time=21360.418..21366.591 rows=3991 loops=1)
               Group Key: supplier.s_name
               ->  Sort  (cost=3784954.64..3784954.64 rows=1 width=26) (actual time=21360.407..21362.124 rows=39281 loops=1)
                     Sort Key: supplier.s_name
                     Sort Method: quicksort  Memory: 4605kB
                     ->  Nested Loop Semi Join  (cost=1976482.37..3784954.63 rows=1 width=26) (actual time=12905.710..21190.046 rows=39281 loops=1)
                           Join Filter: (l2.l_suppkey <> l1.l_suppkey)
                           Rows Removed by Join Filter: 42025
                           ->  Nested Loop Anti Join  (cost=1976481.81..3784950.99 rows=1 width=38) (actual time=12905.250..21050.679 rows=65960 loops=1)
                                 ->  Hash Join  (cost=1976481.24..2520800.04 rows=393709 width=38) (actual time=12904.780..17210.061 rows=730985 loops=1)
                                       Hash Cond: (orders.o_orderkey = l1.l_orderkey)
                                       ->  Seq Scan on orders  (cost=0.00..448758.16 rows=7383612 width=4) (actual time=0.029..2009.344 rows=7309184 loops=1)
                                             Filter: (o_orderstatus = 'F'::bpchar)
                                             Rows Removed by Filter: 7690816
                                       ->  Hash  (cost=1960234.88..1960234.88 rows=799789 width=34) (actual time=12903.911..12903.913 rows=1514267 loops=1)
                                             Buckets: 524288  Batches: 4  Memory Usage: 29225kB
                                             ->  Hash Join  (cost=2311.46..1960234.88 rows=799789 width=34) (actual time=15.114..12563.243 rows=1514267 loops=1)
                                                   Hash Cond: (l1.l_suppkey = supplier.s_suppkey)
                                                   ->  Seq Scan on lineitem l1  (cost=0.00..1874945.30 rows=19994728 width=8) (actual time=0.031..9588.596 rows=37929348 loops=1)
                                                         Filter: (l_receiptdate > l_commitdate)
                                                         Rows Removed by Filter: 22056704
                                                   ->  Hash  (cost=2261.46..2261.46 rows=4000 width=30) (actual time=15.050..15.052 rows=3991 loops=1)
                                                         Buckets: 4096  Batches: 1  Memory Usage: 282kB
                                                         ->  Nested Loop  (cost=37.29..2261.46 rows=4000 width=30) (actual time=0.513..14.193 rows=3991 loops=1)
                                                               ->  Seq Scan on nation  (cost=0.00..1.31 rows=1 width=4) (actual time=0.016..0.020 rows=1 loops=1)
                                                                     Filter: (n_name = 'PERU'::bpchar)
                                                                     Rows Removed by Filter: 24
                                                               ->  Bitmap Heap Scan on supplier  (cost=37.29..2220.15 rows=4000 width=34) (actual time=0.491..13.577 rows=3991 loops=1)
                                                                     Recheck Cond: (s_nationkey = nation.n_nationkey)
                                                                     Heap Blocks: exact=1865
                                                                     ->  Bitmap Index Scan on idx_supplier_nation_key  (cost=0.00..36.29 rows=4000 width=0) (actual time=0.300..0.300 rows=3991 loops=1)
                                                                           Index Cond: (s_nationkey = nation.n_nationkey)
                                 ->  Index Scan using idx_lineitem_orderkey on lineitem l3  (cost=0.56..3.64 rows=1 width=8) (actual time=0.005..0.005 rows=1 loops=730985)
                                       Index Cond: (l_orderkey = l1.l_orderkey)
                                       Filter: ((l_receiptdate > l_commitdate) AND (l_suppkey <> l1.l_suppkey))
                                       Rows Removed by Filter: 1
                           ->  Index Scan using idx_lineitem_orderkey on lineitem l2  (cost=0.56..3.62 rows=4 width=8) (actual time=0.002..0.002 rows=1 loops=65960)
                                 Index Cond: (l_orderkey = orders.o_orderkey)
 Planning Time: 2.317 ms
 Execution Time: 21367.945 ms
(44 rows)

query 22 run 1
SET
SET
SET
                                                                          QUERY PLAN                                                                          
--------------------------------------------------------------------------------------------------------------------------------------------------------------
 Limit  (cost=161613.04..161613.07 rows=1 width=72) (actual time=1947.200..1947.202 rows=1 loops=1)
   InitPlan 1 (returns $0)
     ->  Aggregate  (cost=75439.57..75439.58 rows=1 width=32) (actual time=963.008..963.008 rows=1 loops=1)
           ->  Seq Scan on customer customer_1  (cost=0.00..75320.06 rows=47806 width=6) (actual time=0.016..927.677 rows=382426 loops=1)
                 Filter: ((c_acctbal > 0.00) AND ("substring"((c_phone)::text, 1, 2) = ANY ('{21,29,26,34,14,15,17}'::text[])))
                 Rows Removed by Filter: 1117574
   ->  GroupAggregate  (cost=86173.45..86389.14 rows=7843 width=72) (actual time=1947.199..1947.200 rows=1 loops=1)
         Group Key: ("substring"((customer.c_phone)::text, 1, 2))
         ->  Sort  (cost=86173.45..86193.06 rows=7843 width=38) (actual time=1945.433..1945.765 rows=9006 loops=1)
               Sort Key: ("substring"((customer.c_phone)::text, 1, 2))
               Sort Method: quicksort  Memory: 4513kB
               ->  Nested Loop Anti Join  (cost=0.43..85666.12 rows=7843 width=38) (actual time=963.362..1925.729 rows=63509 loops=1)
                     ->  Seq Scan on customer  (cost=0.00..75320.06 rows=17499 width=26) (actual time=963.344..1489.187 rows=191129 loops=1)
                           Filter: ((c_acctbal > $0) AND ("substring"((c_phone)::text, 1, 2) = ANY ('{21,29,26,34,14,15,17}'::text[])))
                           Rows Removed by Filter: 1308871
                     ->  Index Only Scan using idx_orders_custkey on orders  (cost=0.43..2.17 rows=18 width=4) (actual time=0.002..0.002 rows=1 loops=191129)
                           Index Cond: (o_custkey = customer.c_custkey)
                           Heap Fetches: 0
 Planning Time: 12.610 ms
 Execution Time: 1948.105 ms
(20 rows)

SET
SET
SET
                                                                          QUERY PLAN                                                                          
--------------------------------------------------------------------------------------------------------------------------------------------------------------
 Limit  (cost=161613.04..161613.07 rows=1 width=72) (actual time=1547.166..1547.169 rows=1 loops=1)
   InitPlan 1 (returns $0)
     ->  Aggregate  (cost=75439.57..75439.58 rows=1 width=32) (actual time=715.266..715.267 rows=1 loops=1)
           ->  Seq Scan on customer customer_1  (cost=0.00..75320.06 rows=47806 width=6) (actual time=0.007..683.144 rows=382426 loops=1)
                 Filter: ((c_acctbal > 0.00) AND ("substring"((c_phone)::text, 1, 2) = ANY ('{21,29,26,34,14,15,17}'::text[])))
                 Rows Removed by Filter: 1117574
   ->  GroupAggregate  (cost=86173.45..86389.14 rows=7843 width=72) (actual time=1547.165..1547.166 rows=1 loops=1)
         Group Key: ("substring"((customer.c_phone)::text, 1, 2))
         ->  Sort  (cost=86173.45..86193.06 rows=7843 width=38) (actual time=1545.401..1545.731 rows=9006 loops=1)
               Sort Key: ("substring"((customer.c_phone)::text, 1, 2))
               Sort Method: quicksort  Memory: 4513kB
               ->  Nested Loop Anti Join  (cost=0.43..85666.12 rows=7843 width=38) (actual time=715.311..1527.355 rows=63509 loops=1)
                     ->  Seq Scan on customer  (cost=0.00..75320.06 rows=17499 width=26) (actual time=715.295..1219.059 rows=191129 loops=1)
                           Filter: ((c_acctbal > $0) AND ("substring"((c_phone)::text, 1, 2) = ANY ('{21,29,26,34,14,15,17}'::text[])))
                           Rows Removed by Filter: 1308871
                     ->  Index Only Scan using idx_orders_custkey on orders  (cost=0.43..2.17 rows=18 width=4) (actual time=0.001..0.001 rows=1 loops=191129)
                           Index Cond: (o_custkey = customer.c_custkey)
                           Heap Fetches: 0
 Planning Time: 0.666 ms
 Execution Time: 1547.220 ms
(20 rows)

