query 1 run 1
SET
SET
SET
                                                               QUERY PLAN                                                                
-----------------------------------------------------------------------------------------------------------------------------------------
 Limit  (cost=424389.88..424389.88 rows=1 width=236) (actual time=7027.679..7027.680 rows=1 loops=1)
   ->  Sort  (cost=424389.88..424389.89 rows=6 width=236) (actual time=7027.678..7027.679 rows=1 loops=1)
         Sort Key: l_returnflag, l_linestatus
         Sort Method: top-N heapsort  Memory: 25kB
         ->  HashAggregate  (cost=424389.68..424389.85 rows=6 width=236) (actual time=7026.913..7026.921 rows=4 loops=1)
               Group Key: l_returnflag, l_linestatus
               Batches: 1  Memory Usage: 24kB
               ->  Seq Scan on lineitem  (cost=0.00..187575.00 rows=5920367 width=25) (actual time=0.471..1158.384 rows=5930957 loops=1)
                     Filter: (l_shipdate <= '1998-09-10 00:00:00'::timestamp without time zone)
                     Rows Removed by Filter: 70258
 Planning Time: 13.038 ms
 Execution Time: 7028.402 ms
(12 rows)

SET
SET
SET
                                                               QUERY PLAN                                                               
----------------------------------------------------------------------------------------------------------------------------------------
 Limit  (cost=424389.88..424389.88 rows=1 width=236) (actual time=7048.205..7048.206 rows=1 loops=1)
   ->  Sort  (cost=424389.88..424389.89 rows=6 width=236) (actual time=7048.204..7048.205 rows=1 loops=1)
         Sort Key: l_returnflag, l_linestatus
         Sort Method: top-N heapsort  Memory: 25kB
         ->  HashAggregate  (cost=424389.68..424389.85 rows=6 width=236) (actual time=7048.179..7048.187 rows=4 loops=1)
               Group Key: l_returnflag, l_linestatus
               Batches: 1  Memory Usage: 24kB
               ->  Seq Scan on lineitem  (cost=0.00..187575.00 rows=5920367 width=25) (actual time=0.021..956.671 rows=5930957 loops=1)
                     Filter: (l_shipdate <= '1998-09-10 00:00:00'::timestamp without time zone)
                     Rows Removed by Filter: 70258
 Planning Time: 0.494 ms
 Execution Time: 7048.262 ms
(12 rows)

query 2 run 1
SET
SET
SET
                                                                                        QUERY PLAN                                                                                        
------------------------------------------------------------------------------------------------------------------------------------------------------------------------------------------
 Limit  (cost=56946.44..56946.44 rows=1 width=192) (actual time=490.959..490.976 rows=100 loops=1)
   ->  Sort  (cost=56946.44..56946.44 rows=1 width=192) (actual time=490.958..490.968 rows=100 loops=1)
         Sort Key: supplier.s_acctbal DESC, nation.n_name, supplier.s_name, part.p_partkey
         Sort Method: top-N heapsort  Memory: 69kB
         ->  Hash Join  (cost=36849.01..56946.43 rows=1 width=192) (actual time=370.899..489.748 rows=489 loops=1)
               Hash Cond: ((part.p_partkey = partsupp.ps_partkey) AND ((SubPlan 1) = partsupp.ps_supplycost))
               ->  Seq Scan on part  (cost=0.00..7099.00 rows=983 width=30) (actual time=0.556..64.929 rows=799 loops=1)
                     Filter: (((p_type)::text ~~ '%NICKEL'::text) AND (p_size = 16))
                     Rows Removed by Filter: 199201
               ->  Hash  (cost=30542.01..30542.01 rows=160000 width=172) (actual time=369.920..369.923 rows=162880 loops=1)
                     Buckets: 262144  Batches: 2  Memory Usage: 18709kB
                     ->  Hash Join  (cost=408.01..30542.01 rows=160000 width=172) (actual time=6.955..303.744 rows=162880 loops=1)
                           Hash Cond: (partsupp.ps_suppkey = supplier.s_suppkey)
                           ->  Seq Scan on partsupp  (cost=0.00..25534.00 rows=800000 width=14) (actual time=0.449..185.644 rows=800000 loops=1)
                           ->  Hash  (cost=383.01..383.01 rows=2000 width=166) (actual time=6.257..6.259 rows=2036 loops=1)
                                 Buckets: 2048  Batches: 1  Memory Usage: 419kB
                                 ->  Hash Join  (cost=2.51..383.01 rows=2000 width=166) (actual time=0.741..5.759 rows=2036 loops=1)
                                       Hash Cond: (supplier.s_nationkey = nation.n_nationkey)
                                       ->  Seq Scan on supplier  (cost=0.00..323.00 rows=10000 width=144) (actual time=0.298..4.091 rows=10000 loops=1)
                                       ->  Hash  (cost=2.45..2.45 rows=5 width=30) (actual time=0.435..0.436 rows=5 loops=1)
                                             Buckets: 1024  Batches: 1  Memory Usage: 9kB
                                             ->  Hash Join  (cost=1.07..2.45 rows=5 width=30) (actual time=0.423..0.433 rows=5 loops=1)
                                                   Hash Cond: (nation.n_regionkey = region.r_regionkey)
                                                   ->  Seq Scan on nation  (cost=0.00..1.25 rows=25 width=34) (actual time=0.185..0.188 rows=25 loops=1)
                                                   ->  Hash  (cost=1.06..1.06 rows=1 width=4) (actual time=0.227..0.228 rows=1 loops=1)
                                                         Buckets: 1024  Batches: 1  Memory Usage: 9kB
                                                         ->  Seq Scan on region  (cost=0.00..1.06 rows=1 width=4) (actual time=0.221..0.223 rows=1 loops=1)
                                                               Filter: (r_name = 'AMERICA'::bpchar)
                                                               Rows Removed by Filter: 4
               SubPlan 1
                 ->  Aggregate  (cost=18.44..18.45 rows=1 width=32) (actual time=0.031..0.031 rows=1 loops=1288)
                       ->  Nested Loop  (cost=0.85..18.44 rows=1 width=6) (actual time=0.024..0.029 rows=1 loops=1288)
                             Join Filter: (nation_1.n_regionkey = region_1.r_regionkey)
                             Rows Removed by Join Filter: 3
                             ->  Seq Scan on region region_1  (cost=0.00..1.06 rows=1 width=4) (actual time=0.001..0.001 rows=1 loops=1288)
                                   Filter: (r_name = 'AMERICA'::bpchar)
                                   Rows Removed by Filter: 4
                             ->  Nested Loop  (cost=0.85..17.33 rows=4 width=10) (actual time=0.018..0.027 rows=4 loops=1288)
                                   ->  Nested Loop  (cost=0.71..16.71 rows=4 width=10) (actual time=0.016..0.023 rows=4 loops=1288)
                                         ->  Index Scan using idx_partsupp_partkey on partsupp partsupp_1  (cost=0.42..3.50 rows=4 width=10) (actual time=0.014..0.015 rows=4 loops=1288)
                                               Index Cond: (ps_partkey = part.p_partkey)
                                         ->  Index Scan using supplier_pkey on supplier supplier_1  (cost=0.29..3.30 rows=1 width=8) (actual time=0.002..0.002 rows=1 loops=5152)
                                               Index Cond: (s_suppkey = partsupp_1.ps_suppkey)
                                   ->  Index Scan using nation_pkey on nation nation_1  (cost=0.14..0.16 rows=1 width=8) (actual time=0.001..0.001 rows=1 loops=5152)
                                         Index Cond: (n_nationkey = supplier_1.s_nationkey)
 Planning Time: 19.065 ms
 Execution Time: 491.828 ms
(47 rows)

SET
SET
SET
                                                                                        QUERY PLAN                                                                                        
------------------------------------------------------------------------------------------------------------------------------------------------------------------------------------------
 Limit  (cost=56946.44..56946.44 rows=1 width=192) (actual time=309.222..309.246 rows=100 loops=1)
   ->  Sort  (cost=56946.44..56946.44 rows=1 width=192) (actual time=309.221..309.238 rows=100 loops=1)
         Sort Key: supplier.s_acctbal DESC, nation.n_name, supplier.s_name, part.p_partkey
         Sort Method: top-N heapsort  Memory: 69kB
         ->  Hash Join  (cost=36849.01..56946.43 rows=1 width=192) (actual time=236.688..308.859 rows=489 loops=1)
               Hash Cond: ((part.p_partkey = partsupp.ps_partkey) AND ((SubPlan 1) = partsupp.ps_supplycost))
               ->  Seq Scan on part  (cost=0.00..7099.00 rows=983 width=30) (actual time=0.011..37.478 rows=799 loops=1)
                     Filter: (((p_type)::text ~~ '%NICKEL'::text) AND (p_size = 16))
                     Rows Removed by Filter: 199201
               ->  Hash  (cost=30542.01..30542.01 rows=160000 width=172) (actual time=236.302..236.306 rows=162880 loops=1)
                     Buckets: 262144  Batches: 2  Memory Usage: 18709kB
                     ->  Hash Join  (cost=408.01..30542.01 rows=160000 width=172) (actual time=2.793..174.638 rows=162880 loops=1)
                           Hash Cond: (partsupp.ps_suppkey = supplier.s_suppkey)
                           ->  Seq Scan on partsupp  (cost=0.00..25534.00 rows=800000 width=14) (actual time=0.003..47.627 rows=800000 loops=1)
                           ->  Hash  (cost=383.01..383.01 rows=2000 width=166) (actual time=2.576..2.579 rows=2036 loops=1)
                                 Buckets: 2048  Batches: 1  Memory Usage: 419kB
                                 ->  Hash Join  (cost=2.51..383.01 rows=2000 width=166) (actual time=0.039..2.102 rows=2036 loops=1)
                                       Hash Cond: (supplier.s_nationkey = nation.n_nationkey)
                                       ->  Seq Scan on supplier  (cost=0.00..323.00 rows=10000 width=144) (actual time=0.010..0.623 rows=10000 loops=1)
                                       ->  Hash  (cost=2.45..2.45 rows=5 width=30) (actual time=0.026..0.027 rows=5 loops=1)
                                             Buckets: 1024  Batches: 1  Memory Usage: 9kB
                                             ->  Hash Join  (cost=1.07..2.45 rows=5 width=30) (actual time=0.019..0.026 rows=5 loops=1)
                                                   Hash Cond: (nation.n_regionkey = region.r_regionkey)
                                                   ->  Seq Scan on nation  (cost=0.00..1.25 rows=25 width=34) (actual time=0.002..0.003 rows=25 loops=1)
                                                   ->  Hash  (cost=1.06..1.06 rows=1 width=4) (actual time=0.014..0.014 rows=1 loops=1)
                                                         Buckets: 1024  Batches: 1  Memory Usage: 9kB
                                                         ->  Seq Scan on region  (cost=0.00..1.06 rows=1 width=4) (actual time=0.010..0.011 rows=1 loops=1)
                                                               Filter: (r_name = 'AMERICA'::bpchar)
                                                               Rows Removed by Filter: 4
               SubPlan 1
                 ->  Aggregate  (cost=18.44..18.45 rows=1 width=32) (actual time=0.016..0.016 rows=1 loops=1288)
                       ->  Nested Loop  (cost=0.85..18.44 rows=1 width=6) (actual time=0.010..0.014 rows=1 loops=1288)
                             Join Filter: (nation_1.n_regionkey = region_1.r_regionkey)
                             Rows Removed by Join Filter: 3
                             ->  Seq Scan on region region_1  (cost=0.00..1.06 rows=1 width=4) (actual time=0.001..0.001 rows=1 loops=1288)
                                   Filter: (r_name = 'AMERICA'::bpchar)
                                   Rows Removed by Filter: 4
                             ->  Nested Loop  (cost=0.85..17.33 rows=4 width=10) (actual time=0.005..0.013 rows=4 loops=1288)
                                   ->  Nested Loop  (cost=0.71..16.71 rows=4 width=10) (actual time=0.004..0.009 rows=4 loops=1288)
                                         ->  Index Scan using idx_partsupp_partkey on partsupp partsupp_1  (cost=0.42..3.50 rows=4 width=10) (actual time=0.003..0.003 rows=4 loops=1288)
                                               Index Cond: (ps_partkey = part.p_partkey)
                                         ->  Index Scan using supplier_pkey on supplier supplier_1  (cost=0.29..3.30 rows=1 width=8) (actual time=0.001..0.001 rows=1 loops=5152)
                                               Index Cond: (s_suppkey = partsupp_1.ps_suppkey)
                                   ->  Index Scan using nation_pkey on nation nation_1  (cost=0.14..0.16 rows=1 width=8) (actual time=0.001..0.001 rows=1 loops=5152)
                                         Index Cond: (n_nationkey = supplier_1.s_nationkey)
 Planning Time: 1.627 ms
 Execution Time: 309.347 ms
(47 rows)

query 3 run 1
SET
SET
SET
                                                                                   QUERY PLAN                                                                                   
--------------------------------------------------------------------------------------------------------------------------------------------------------------------------------
 Limit  (cost=285371.60..285371.63 rows=10 width=44) (actual time=2105.870..2105.875 rows=10 loops=1)
   ->  Sort  (cost=285371.60..286160.89 rows=315714 width=44) (actual time=2105.869..2105.873 rows=10 loops=1)
         Sort Key: (sum((lineitem.l_extendedprice * ('1'::numeric - lineitem.l_discount)))) DESC, orders.o_orderdate
         Sort Method: top-N heapsort  Memory: 26kB
         ->  HashAggregate  (cost=270902.94..278549.14 rows=315714 width=44) (actual time=2099.581..2103.885 rows=11612 loops=1)
               Group Key: lineitem.l_orderkey, orders.o_orderdate, orders.o_shippriority
               Planned Partitions: 4  Batches: 1  Memory Usage: 7185kB
               ->  Hash Join  (cost=51400.67..254303.29 rows=315714 width=24) (actual time=692.549..2078.156 rows=30533 loops=1)
                     Hash Cond: (lineitem.l_orderkey = orders.o_orderkey)
                     ->  Seq Scan on lineitem  (cost=0.00..187575.00 rows=3245461 width=16) (actual time=0.453..1094.376 rows=3261873 loops=1)
                           Filter: (l_shipdate > '1995-03-07'::date)
                           Rows Removed by Filter: 2739342
                     ->  Hash  (cost=49576.33..49576.33 rows=145947 width=12) (actual time=691.016..691.018 rows=146063 loops=1)
                           Buckets: 262144  Batches: 1  Memory Usage: 8325kB
                           ->  Hash Join  (cost=12450.20..49576.33 rows=145947 width=12) (actual time=95.319..659.263 rows=146063 loops=1)
                                 Hash Cond: (orders.o_custkey = customer.c_custkey)
                                 ->  Bitmap Heap Scan on orders  (cost=6601.77..41819.60 rows=726947 width=16) (actual time=42.343..470.703 rows=722275 loops=1)
                                       Recheck Cond: (o_orderdate < '1995-03-07'::date)
                                       Heap Blocks: exact=26131
                                       ->  Bitmap Index Scan on idx_orders_orderdate  (cost=0.00..6420.03 rows=726947 width=0) (actual time=38.966..38.966 rows=722275 loops=1)
                                             Index Cond: (o_orderdate < '1995-03-07'::date)
                                 ->  Hash  (cost=5472.00..5472.00 rows=30115 width=4) (actual time=52.686..52.687 rows=30142 loops=1)
                                       Buckets: 32768  Batches: 1  Memory Usage: 1316kB
                                       ->  Seq Scan on customer  (cost=0.00..5472.00 rows=30115 width=4) (actual time=0.362..48.226 rows=30142 loops=1)
                                             Filter: (c_mktsegment = 'BUILDING'::bpchar)
                                             Rows Removed by Filter: 119858
 Planning Time: 17.395 ms
 Execution Time: 2106.637 ms
(28 rows)

SET
SET
SET
                                                                                   QUERY PLAN                                                                                   
--------------------------------------------------------------------------------------------------------------------------------------------------------------------------------
 Limit  (cost=285371.60..285371.63 rows=10 width=44) (actual time=1469.744..1469.749 rows=10 loops=1)
   ->  Sort  (cost=285371.60..286160.89 rows=315714 width=44) (actual time=1469.742..1469.746 rows=10 loops=1)
         Sort Key: (sum((lineitem.l_extendedprice * ('1'::numeric - lineitem.l_discount)))) DESC, orders.o_orderdate
         Sort Method: top-N heapsort  Memory: 26kB
         ->  HashAggregate  (cost=270902.94..278549.14 rows=315714 width=44) (actual time=1463.388..1467.766 rows=11612 loops=1)
               Group Key: lineitem.l_orderkey, orders.o_orderdate, orders.o_shippriority
               Planned Partitions: 4  Batches: 1  Memory Usage: 7185kB
               ->  Hash Join  (cost=51400.67..254303.29 rows=315714 width=24) (actual time=288.031..1444.488 rows=30533 loops=1)
                     Hash Cond: (lineitem.l_orderkey = orders.o_orderkey)
                     ->  Seq Scan on lineitem  (cost=0.00..187575.00 rows=3245461 width=16) (actual time=0.036..875.510 rows=3261873 loops=1)
                           Filter: (l_shipdate > '1995-03-07'::date)
                           Rows Removed by Filter: 2739342
                     ->  Hash  (cost=49576.33..49576.33 rows=145947 width=12) (actual time=287.507..287.509 rows=146063 loops=1)
                           Buckets: 262144  Batches: 1  Memory Usage: 8325kB
                           ->  Hash Join  (cost=12450.20..49576.33 rows=145947 width=12) (actual time=60.598..263.494 rows=146063 loops=1)
                                 Hash Cond: (orders.o_custkey = customer.c_custkey)
                                 ->  Bitmap Heap Scan on orders  (cost=6601.77..41819.60 rows=726947 width=16) (actual time=34.481..139.110 rows=722275 loops=1)
                                       Recheck Cond: (o_orderdate < '1995-03-07'::date)
                                       Heap Blocks: exact=26131
                                       ->  Bitmap Index Scan on idx_orders_orderdate  (cost=0.00..6420.03 rows=726947 width=0) (actual time=31.491..31.491 rows=722275 loops=1)
                                             Index Cond: (o_orderdate < '1995-03-07'::date)
                                 ->  Hash  (cost=5472.00..5472.00 rows=30115 width=4) (actual time=25.868..25.868 rows=30142 loops=1)
                                       Buckets: 32768  Batches: 1  Memory Usage: 1316kB
                                       ->  Seq Scan on customer  (cost=0.00..5472.00 rows=30115 width=4) (actual time=0.016..22.546 rows=30142 loops=1)
                                             Filter: (c_mktsegment = 'BUILDING'::bpchar)
                                             Rows Removed by Filter: 119858
 Planning Time: 1.279 ms
 Execution Time: 1470.207 ms
(28 rows)

query 4 run 1
SET
SET
SET
                                                                          QUERY PLAN                                                                           
---------------------------------------------------------------------------------------------------------------------------------------------------------------
 Limit  (cost=176921.28..176921.29 rows=1 width=24) (actual time=2111.394..2111.396 rows=1 loops=1)
   ->  Sort  (cost=176921.28..176921.30 rows=5 width=24) (actual time=2111.392..2111.393 rows=1 loops=1)
         Sort Key: orders.o_orderpriority
         Sort Method: top-N heapsort  Memory: 25kB
         ->  HashAggregate  (cost=176921.21..176921.26 rows=5 width=24) (actual time=2111.356..2111.358 rows=5 loops=1)
               Group Key: orders.o_orderpriority
               Batches: 1  Memory Usage: 24kB
               ->  Nested Loop Semi Join  (cost=614.16..176656.43 rows=52956 width=16) (actual time=8.480..2080.571 rows=51398 loops=1)
                     ->  Bitmap Heap Scan on orders  (cost=613.73..27539.07 rows=52956 width=20) (actual time=8.048..532.847 rows=55973 loops=1)
                           Recheck Cond: ((o_orderdate >= '1993-12-01'::date) AND (o_orderdate < '1994-03-01'::date))
                           Heap Blocks: exact=23186
                           ->  Bitmap Index Scan on idx_orders_orderdate  (cost=0.00..600.49 rows=52956 width=0) (actual time=5.132..5.132 rows=55973 loops=1)
                                 Index Cond: ((o_orderdate >= '1993-12-01'::date) AND (o_orderdate < '1994-03-01'::date))
                     ->  Index Scan using idx_lineitem_orderkey on lineitem  (cost=0.43..3.20 rows=1 width=4) (actual time=0.027..0.027 rows=1 loops=55973)
                           Index Cond: (l_orderkey = orders.o_orderkey)
                           Filter: (l_commitdate < l_receiptdate)
                           Rows Removed by Filter: 1
 Planning Time: 12.989 ms
 Execution Time: 2112.250 ms
(19 rows)

SET
SET
SET
                                                                          QUERY PLAN                                                                           
---------------------------------------------------------------------------------------------------------------------------------------------------------------
 Limit  (cost=176921.28..176921.29 rows=1 width=24) (actual time=195.481..195.483 rows=1 loops=1)
   ->  Sort  (cost=176921.28..176921.30 rows=5 width=24) (actual time=195.480..195.481 rows=1 loops=1)
         Sort Key: orders.o_orderpriority
         Sort Method: top-N heapsort  Memory: 25kB
         ->  HashAggregate  (cost=176921.21..176921.26 rows=5 width=24) (actual time=195.460..195.462 rows=5 loops=1)
               Group Key: orders.o_orderpriority
               Batches: 1  Memory Usage: 24kB
               ->  Nested Loop Semi Join  (cost=614.16..176656.43 rows=52956 width=16) (actual time=6.217..182.354 rows=51398 loops=1)
                     ->  Bitmap Heap Scan on orders  (cost=613.73..27539.07 rows=52956 width=20) (actual time=6.195..40.354 rows=55973 loops=1)
                           Recheck Cond: ((o_orderdate >= '1993-12-01'::date) AND (o_orderdate < '1994-03-01'::date))
                           Heap Blocks: exact=23186
                           ->  Bitmap Index Scan on idx_orders_orderdate  (cost=0.00..600.49 rows=52956 width=0) (actual time=3.448..3.448 rows=55973 loops=1)
                                 Index Cond: ((o_orderdate >= '1993-12-01'::date) AND (o_orderdate < '1994-03-01'::date))
                     ->  Index Scan using idx_lineitem_orderkey on lineitem  (cost=0.43..3.20 rows=1 width=4) (actual time=0.002..0.002 rows=1 loops=55973)
                           Index Cond: (l_orderkey = orders.o_orderkey)
                           Filter: (l_commitdate < l_receiptdate)
                           Rows Removed by Filter: 1
 Planning Time: 0.678 ms
 Execution Time: 195.542 ms
(19 rows)

query 5 run 1
SET
SET
SET
                                                                                      QUERY PLAN                                                                                      
--------------------------------------------------------------------------------------------------------------------------------------------------------------------------------------
 Limit  (cost=188553.75..188553.75 rows=1 width=58) (actual time=2261.115..2261.120 rows=1 loops=1)
   ->  Sort  (cost=188553.75..188553.81 rows=25 width=58) (actual time=2261.113..2261.118 rows=1 loops=1)
         Sort Key: (sum((lineitem.l_extendedprice * ('1'::numeric - lineitem.l_discount)))) DESC
         Sort Method: top-N heapsort  Memory: 25kB
         ->  GroupAggregate  (cost=188462.27..188553.62 rows=25 width=58) (actual time=2258.479..2261.082 rows=5 loops=1)
               Group Key: nation.n_name
               ->  Sort  (cost=188462.27..188480.48 rows=7283 width=38) (actual time=2257.833..2258.130 rows=7540 loops=1)
                     Sort Key: nation.n_name
                     Sort Method: quicksort  Memory: 782kB
                     ->  Hash Join  (cost=9446.47..187995.06 rows=7283 width=38) (actual time=85.798..2253.233 rows=7540 loops=1)
                           Hash Cond: ((lineitem.l_suppkey = supplier.s_suppkey) AND (customer.c_nationkey = supplier.s_nationkey))
                           ->  Nested Loop  (cost=8973.47..186566.24 rows=182057 width=50) (actual time=79.663..2207.143 rows=182435 loops=1)
                                 ->  Hash Join  (cost=8973.04..39826.14 rows=45514 width=38) (actual time=79.270..731.294 rows=45297 loops=1)
                                       Hash Cond: (orders.o_custkey = customer.c_custkey)
                                       ->  Bitmap Heap Scan on orders  (cost=2636.03..32180.60 rows=227571 width=8) (actual time=17.301..597.181 rows=226645 loops=1)
                                             Recheck Cond: ((o_orderdate >= '1993-01-01'::date) AND (o_orderdate < '1994-01-01'::date))
                                             Heap Blocks: exact=26127
                                             ->  Bitmap Index Scan on idx_orders_orderdate  (cost=0.00..2579.14 rows=227571 width=0) (actual time=14.068..14.068 rows=226645 loops=1)
                                                   Index Cond: ((o_orderdate >= '1993-01-01'::date) AND (o_orderdate < '1994-01-01'::date))
                                       ->  Hash  (cost=5962.01..5962.01 rows=30000 width=38) (actual time=61.911..61.914 rows=29952 loops=1)
                                             Buckets: 32768  Batches: 1  Memory Usage: 2362kB
                                             ->  Hash Join  (cost=2.51..5962.01 rows=30000 width=38) (actual time=0.952..56.054 rows=29952 loops=1)
                                                   Hash Cond: (customer.c_nationkey = nation.n_nationkey)
                                                   ->  Seq Scan on customer  (cost=0.00..5097.00 rows=150000 width=8) (actual time=0.414..39.143 rows=150000 loops=1)
                                                   ->  Hash  (cost=2.45..2.45 rows=5 width=30) (actual time=0.526..0.528 rows=5 loops=1)
                                                         Buckets: 1024  Batches: 1  Memory Usage: 9kB
                                                         ->  Hash Join  (cost=1.07..2.45 rows=5 width=30) (actual time=0.514..0.524 rows=5 loops=1)
                                                               Hash Cond: (nation.n_regionkey = region.r_regionkey)
                                                               ->  Seq Scan on nation  (cost=0.00..1.25 rows=25 width=34) (actual time=0.261..0.264 rows=25 loops=1)
                                                               ->  Hash  (cost=1.06..1.06 rows=1 width=4) (actual time=0.239..0.240 rows=1 loops=1)
                                                                     Buckets: 1024  Batches: 1  Memory Usage: 9kB
                                                                     ->  Seq Scan on region  (cost=0.00..1.06 rows=1 width=4) (actual time=0.231..0.233 rows=1 loops=1)
                                                                           Filter: (r_name = 'AMERICA'::bpchar)
                                                                           Rows Removed by Filter: 4
                                 ->  Index Scan using idx_lineitem_orderkey on lineitem  (cost=0.43..3.18 rows=4 width=20) (actual time=0.029..0.031 rows=4 loops=45297)
                                       Index Cond: (l_orderkey = orders.o_orderkey)
                           ->  Hash  (cost=323.00..323.00 rows=10000 width=8) (actual time=5.857..5.857 rows=10000 loops=1)
                                 Buckets: 16384  Batches: 1  Memory Usage: 519kB
                                 ->  Seq Scan on supplier  (cost=0.00..323.00 rows=10000 width=8) (actual time=0.275..4.567 rows=10000 loops=1)
 Planning Time: 21.321 ms
 Execution Time: 2261.453 ms
(41 rows)

SET
SET
SET
                                                                                      QUERY PLAN                                                                                      
--------------------------------------------------------------------------------------------------------------------------------------------------------------------------------------
 Limit  (cost=188553.75..188553.75 rows=1 width=58) (actual time=340.537..340.542 rows=1 loops=1)
   ->  Sort  (cost=188553.75..188553.81 rows=25 width=58) (actual time=340.535..340.540 rows=1 loops=1)
         Sort Key: (sum((lineitem.l_extendedprice * ('1'::numeric - lineitem.l_discount)))) DESC
         Sort Method: top-N heapsort  Memory: 25kB
         ->  GroupAggregate  (cost=188462.27..188553.62 rows=25 width=58) (actual time=338.013..340.525 rows=5 loops=1)
               Group Key: nation.n_name
               ->  Sort  (cost=188462.27..188480.48 rows=7283 width=38) (actual time=337.386..337.671 rows=7540 loops=1)
                     Sort Key: nation.n_name
                     Sort Method: quicksort  Memory: 782kB
                     ->  Hash Join  (cost=9446.47..187995.06 rows=7283 width=38) (actual time=51.396..334.830 rows=7540 loops=1)
                           Hash Cond: ((lineitem.l_suppkey = supplier.s_suppkey) AND (customer.c_nationkey = supplier.s_nationkey))
                           ->  Nested Loop  (cost=8973.47..186566.24 rows=182057 width=50) (actual time=48.748..309.366 rows=182435 loops=1)
                                 ->  Hash Join  (cost=8973.04..39826.14 rows=45514 width=38) (actual time=48.535..152.450 rows=45297 loops=1)
                                       Hash Cond: (orders.o_custkey = customer.c_custkey)
                                       ->  Bitmap Heap Scan on orders  (cost=2636.03..32180.60 rows=227571 width=8) (actual time=14.012..74.303 rows=226645 loops=1)
                                             Recheck Cond: ((o_orderdate >= '1993-01-01'::date) AND (o_orderdate < '1994-01-01'::date))
                                             Heap Blocks: exact=26127
                                             ->  Bitmap Index Scan on idx_orders_orderdate  (cost=0.00..2579.14 rows=227571 width=0) (actual time=11.061..11.061 rows=226645 loops=1)
                                                   Index Cond: ((o_orderdate >= '1993-01-01'::date) AND (o_orderdate < '1994-01-01'::date))
                                       ->  Hash  (cost=5962.01..5962.01 rows=30000 width=38) (actual time=34.488..34.491 rows=29952 loops=1)
                                             Buckets: 32768  Batches: 1  Memory Usage: 2362kB
                                             ->  Hash Join  (cost=2.51..5962.01 rows=30000 width=38) (actual time=0.032..29.876 rows=29952 loops=1)
                                                   Hash Cond: (customer.c_nationkey = nation.n_nationkey)
                                                   ->  Seq Scan on customer  (cost=0.00..5097.00 rows=150000 width=8) (actual time=0.006..8.888 rows=150000 loops=1)
                                                   ->  Hash  (cost=2.45..2.45 rows=5 width=30) (actual time=0.021..0.023 rows=5 loops=1)
                                                         Buckets: 1024  Batches: 1  Memory Usage: 9kB
                                                         ->  Hash Join  (cost=1.07..2.45 rows=5 width=30) (actual time=0.016..0.021 rows=5 loops=1)
                                                               Hash Cond: (nation.n_regionkey = region.r_regionkey)
                                                               ->  Seq Scan on nation  (cost=0.00..1.25 rows=25 width=34) (actual time=0.002..0.004 rows=25 loops=1)
                                                               ->  Hash  (cost=1.06..1.06 rows=1 width=4) (actual time=0.009..0.009 rows=1 loops=1)
                                                                     Buckets: 1024  Batches: 1  Memory Usage: 9kB
                                                                     ->  Seq Scan on region  (cost=0.00..1.06 rows=1 width=4) (actual time=0.005..0.006 rows=1 loops=1)
                                                                           Filter: (r_name = 'AMERICA'::bpchar)
                                                                           Rows Removed by Filter: 4
                                 ->  Index Scan using idx_lineitem_orderkey on lineitem  (cost=0.43..3.18 rows=4 width=20) (actual time=0.002..0.003 rows=4 loops=45297)
                                       Index Cond: (l_orderkey = orders.o_orderkey)
                           ->  Hash  (cost=323.00..323.00 rows=10000 width=8) (actual time=2.624..2.625 rows=10000 loops=1)
                                 Buckets: 16384  Batches: 1  Memory Usage: 519kB
                                 ->  Seq Scan on supplier  (cost=0.00..323.00 rows=10000 width=8) (actual time=0.005..1.395 rows=10000 loops=1)
 Planning Time: 2.990 ms
 Execution Time: 340.628 ms
(41 rows)

query 6 run 1
SET
SET
SET
                                                                                                          QUERY PLAN                                                                                                           
-------------------------------------------------------------------------------------------------------------------------------------------------------------------------------------------------------------------------------
 Limit  (cost=108526.84..108526.85 rows=1 width=32) (actual time=1481.459..1481.460 rows=1 loops=1)
   ->  Aggregate  (cost=108526.84..108526.85 rows=1 width=32) (actual time=1481.457..1481.458 rows=1 loops=1)
         ->  Bitmap Heap Scan on lineitem  (cost=21003.41..107933.72 rows=118624 width=12) (actual time=133.639..1401.518 rows=119208 loops=1)
               Recheck Cond: ((l_shipdate >= '1993-01-01'::date) AND (l_shipdate < '1994-01-01 00:00:00'::timestamp without time zone) AND (l_discount >= 0.06) AND (l_discount <= 0.08) AND (l_quantity < '25'::numeric))
               Heap Blocks: exact=66143
               ->  Bitmap Index Scan on idx_lineitem_shipdate  (cost=0.00..20973.76 rows=118624 width=0) (actual time=124.286..124.286 rows=119208 loops=1)
                     Index Cond: ((l_shipdate >= '1993-01-01'::date) AND (l_shipdate < '1994-01-01 00:00:00'::timestamp without time zone) AND (l_discount >= 0.06) AND (l_discount <= 0.08) AND (l_quantity < '25'::numeric))
 Planning Time: 10.290 ms
 Execution Time: 1482.681 ms
(9 rows)

SET
SET
SET
                                                                                                          QUERY PLAN                                                                                                           
-------------------------------------------------------------------------------------------------------------------------------------------------------------------------------------------------------------------------------
 Limit  (cost=108526.84..108526.85 rows=1 width=32) (actual time=213.599..213.600 rows=1 loops=1)
   ->  Aggregate  (cost=108526.84..108526.85 rows=1 width=32) (actual time=213.597..213.598 rows=1 loops=1)
         ->  Bitmap Heap Scan on lineitem  (cost=21003.41..107933.72 rows=118624 width=12) (actual time=105.063..184.575 rows=119208 loops=1)
               Recheck Cond: ((l_shipdate >= '1993-01-01'::date) AND (l_shipdate < '1994-01-01 00:00:00'::timestamp without time zone) AND (l_discount >= 0.06) AND (l_discount <= 0.08) AND (l_quantity < '25'::numeric))
               Heap Blocks: exact=66143
               ->  Bitmap Index Scan on idx_lineitem_shipdate  (cost=0.00..20973.76 rows=118624 width=0) (actual time=96.077..96.078 rows=119208 loops=1)
                     Index Cond: ((l_shipdate >= '1993-01-01'::date) AND (l_shipdate < '1994-01-01 00:00:00'::timestamp without time zone) AND (l_discount >= 0.06) AND (l_discount <= 0.08) AND (l_quantity < '25'::numeric))
 Planning Time: 0.544 ms
 Execution Time: 213.896 ms
(9 rows)

query 7 run 1
SET
SET
SET
                                                                                   QUERY PLAN                                                                                   
--------------------------------------------------------------------------------------------------------------------------------------------------------------------------------
 Limit  (cost=234644.96..234645.00 rows=1 width=92) (actual time=3379.058..3379.064 rows=1 loops=1)
   ->  GroupAggregate  (cost=234644.96..234858.95 rows=6114 width=92) (actual time=3379.057..3379.062 rows=1 loops=1)
         Group Key: n1.n_name, n2.n_name, (date_part('year'::text, (lineitem.l_shipdate)::timestamp without time zone))
         ->  Sort  (cost=234644.96..234660.25 rows=6114 width=72) (actual time=3378.401..3378.458 rows=1359 loops=1)
               Sort Key: n1.n_name, n2.n_name, (date_part('year'::text, (lineitem.l_shipdate)::timestamp without time zone))
               Sort Method: quicksort  Memory: 998kB
               ->  Hash Join  (cost=84977.65..234260.45 rows=6114 width=72) (actual time=771.024..3373.516 rows=5729 loops=1)
                     Hash Cond: (lineitem.l_suppkey = supplier.s_suppkey)
                     Join Filter: (((n1.n_name = 'PERU'::bpchar) AND (n2.n_name = 'MOROCCO'::bpchar)) OR ((n1.n_name = 'MOROCCO'::bpchar) AND (n2.n_name = 'PERU'::bpchar)))
                     Rows Removed by Join Filter: 5827
                     ->  Hash Join  (cost=84612.55..233078.86 rows=146903 width=46) (actual time=763.909..3331.510 rows=145103 loops=1)
                           Hash Cond: (lineitem.l_orderkey = orders.o_orderkey)
                           ->  Bitmap Heap Scan on lineitem  (cost=29447.65..169557.47 rows=1836655 width=24) (actual time=217.037..2443.706 rows=1828450 loops=1)
                                 Recheck Cond: ((l_shipdate >= '1995-01-01'::date) AND (l_shipdate <= '1996-12-31'::date))
                                 Heap Blocks: exact=112061
                                 ->  Bitmap Index Scan on idx_lineitem_shipdate  (cost=0.00..28988.48 rows=1836655 width=0) (actual time=199.459..199.459 rows=1828450 loops=1)
                                       Index Cond: ((l_shipdate >= '1995-01-01'::date) AND (l_shipdate <= '1996-12-31'::date))
                           ->  Hash  (cost=53664.90..53664.90 rows=120000 width=30) (actual time=546.618..546.621 rows=118477 loops=1)
                                 Buckets: 131072  Batches: 1  Memory Usage: 8198kB
                                 ->  Hash Join  (cost=5708.90..53664.90 rows=120000 width=30) (actual time=55.396..522.332 rows=118477 loops=1)
                                       Hash Cond: (orders.o_custkey = customer.c_custkey)
                                       ->  Seq Scan on orders  (cost=0.00..41131.00 rows=1500000 width=8) (actual time=0.256..289.736 rows=1500000 loops=1)
                                       ->  Hash  (cost=5558.90..5558.90 rows=12000 width=30) (actual time=55.118..55.120 rows=11896 loops=1)
                                             Buckets: 16384  Batches: 1  Memory Usage: 849kB
                                             ->  Hash Join  (cost=1.40..5558.90 rows=12000 width=30) (actual time=0.371..53.025 rows=11896 loops=1)
                                                   Hash Cond: (customer.c_nationkey = n2.n_nationkey)
                                                   ->  Seq Scan on customer  (cost=0.00..5097.00 rows=150000 width=8) (actual time=0.335..38.528 rows=150000 loops=1)
                                                   ->  Hash  (cost=1.38..1.38 rows=2 width=30) (actual time=0.026..0.027 rows=2 loops=1)
                                                         Buckets: 1024  Batches: 1  Memory Usage: 9kB
                                                         ->  Seq Scan on nation n2  (cost=0.00..1.38 rows=2 width=30) (actual time=0.017..0.021 rows=2 loops=1)
                                                               Filter: ((n_name = 'MOROCCO'::bpchar) OR (n_name = 'PERU'::bpchar))
                                                               Rows Removed by Filter: 23
                     ->  Hash  (cost=355.10..355.10 rows=800 width=30) (actual time=5.820..5.821 rows=794 loops=1)
                           Buckets: 1024  Batches: 1  Memory Usage: 57kB
                           ->  Hash Join  (cost=1.40..355.10 rows=800 width=30) (actual time=0.701..5.676 rows=794 loops=1)
                                 Hash Cond: (supplier.s_nationkey = n1.n_nationkey)
                                 ->  Seq Scan on supplier  (cost=0.00..323.00 rows=10000 width=8) (actual time=0.271..4.257 rows=10000 loops=1)
                                 ->  Hash  (cost=1.38..1.38 rows=2 width=30) (actual time=0.422..0.422 rows=2 loops=1)
                                       Buckets: 1024  Batches: 1  Memory Usage: 9kB
                                       ->  Seq Scan on nation n1  (cost=0.00..1.38 rows=2 width=30) (actual time=0.176..0.178 rows=2 loops=1)
                                             Filter: ((n_name = 'PERU'::bpchar) OR (n_name = 'MOROCCO'::bpchar))
                                             Rows Removed by Filter: 23
 Planning Time: 18.036 ms
 Execution Time: 3380.074 ms
(44 rows)

SET
SET
SET
                                                                                   QUERY PLAN                                                                                   
--------------------------------------------------------------------------------------------------------------------------------------------------------------------------------
 Limit  (cost=234644.96..234645.00 rows=1 width=92) (actual time=988.126..988.132 rows=1 loops=1)
   ->  GroupAggregate  (cost=234644.96..234858.95 rows=6114 width=92) (actual time=988.125..988.130 rows=1 loops=1)
         Group Key: n1.n_name, n2.n_name, (date_part('year'::text, (lineitem.l_shipdate)::timestamp without time zone))
         ->  Sort  (cost=234644.96..234660.25 rows=6114 width=72) (actual time=987.473..987.528 rows=1359 loops=1)
               Sort Key: n1.n_name, n2.n_name, (date_part('year'::text, (lineitem.l_shipdate)::timestamp without time zone))
               Sort Method: quicksort  Memory: 998kB
               ->  Hash Join  (cost=84977.65..234260.45 rows=6114 width=72) (actual time=467.207..984.664 rows=5729 loops=1)
                     Hash Cond: (lineitem.l_suppkey = supplier.s_suppkey)
                     Join Filter: (((n1.n_name = 'PERU'::bpchar) AND (n2.n_name = 'MOROCCO'::bpchar)) OR ((n1.n_name = 'MOROCCO'::bpchar) AND (n2.n_name = 'PERU'::bpchar)))
                     Rows Removed by Join Filter: 5827
                     ->  Hash Join  (cost=84612.55..233078.86 rows=146903 width=46) (actual time=464.854..965.346 rows=145103 loops=1)
                           Hash Cond: (lineitem.l_orderkey = orders.o_orderkey)
                           ->  Bitmap Heap Scan on lineitem  (cost=29447.65..169557.47 rows=1836655 width=24) (actual time=151.459..442.782 rows=1828450 loops=1)
                                 Recheck Cond: ((l_shipdate >= '1995-01-01'::date) AND (l_shipdate <= '1996-12-31'::date))
                                 Heap Blocks: exact=112061
                                 ->  Bitmap Index Scan on idx_lineitem_shipdate  (cost=0.00..28988.48 rows=1836655 width=0) (actual time=134.285..134.285 rows=1828450 loops=1)
                                       Index Cond: ((l_shipdate >= '1995-01-01'::date) AND (l_shipdate <= '1996-12-31'::date))
                           ->  Hash  (cost=53664.90..53664.90 rows=120000 width=30) (actual time=313.294..313.296 rows=118477 loops=1)
                                 Buckets: 131072  Batches: 1  Memory Usage: 8198kB
                                 ->  Hash Join  (cost=5708.90..53664.90 rows=120000 width=30) (actual time=29.149..293.821 rows=118477 loops=1)
                                       Hash Cond: (orders.o_custkey = customer.c_custkey)
                                       ->  Seq Scan on orders  (cost=0.00..41131.00 rows=1500000 width=8) (actual time=0.007..82.181 rows=1500000 loops=1)
                                       ->  Hash  (cost=5558.90..5558.90 rows=12000 width=30) (actual time=29.129..29.131 rows=11896 loops=1)
                                             Buckets: 16384  Batches: 1  Memory Usage: 849kB
                                             ->  Hash Join  (cost=1.40..5558.90 rows=12000 width=30) (actual time=0.019..27.572 rows=11896 loops=1)
                                                   Hash Cond: (customer.c_nationkey = n2.n_nationkey)
                                                   ->  Seq Scan on customer  (cost=0.00..5097.00 rows=150000 width=8) (actual time=0.002..8.850 rows=150000 loops=1)
                                                   ->  Hash  (cost=1.38..1.38 rows=2 width=30) (actual time=0.013..0.013 rows=2 loops=1)
                                                         Buckets: 1024  Batches: 1  Memory Usage: 9kB
                                                         ->  Seq Scan on nation n2  (cost=0.00..1.38 rows=2 width=30) (actual time=0.008..0.010 rows=2 loops=1)
                                                               Filter: ((n_name = 'MOROCCO'::bpchar) OR (n_name = 'PERU'::bpchar))
                                                               Rows Removed by Filter: 23
                     ->  Hash  (cost=355.10..355.10 rows=800 width=30) (actual time=2.269..2.270 rows=794 loops=1)
                           Buckets: 1024  Batches: 1  Memory Usage: 57kB
                           ->  Hash Join  (cost=1.40..355.10 rows=800 width=30) (actual time=0.018..1.951 rows=794 loops=1)
                                 Hash Cond: (supplier.s_nationkey = n1.n_nationkey)
                                 ->  Seq Scan on supplier  (cost=0.00..323.00 rows=10000 width=8) (actual time=0.003..0.617 rows=10000 loops=1)
                                 ->  Hash  (cost=1.38..1.38 rows=2 width=30) (actual time=0.011..0.011 rows=2 loops=1)
                                       Buckets: 1024  Batches: 1  Memory Usage: 9kB
                                       ->  Seq Scan on nation n1  (cost=0.00..1.38 rows=2 width=30) (actual time=0.007..0.008 rows=2 loops=1)
                                             Filter: ((n_name = 'PERU'::bpchar) OR (n_name = 'MOROCCO'::bpchar))
                                             Rows Removed by Filter: 23
 Planning Time: 2.103 ms
 Execution Time: 988.236 ms
(44 rows)

query 8 run 1
SET
SET
SET
                                                                                          QUERY PLAN                                                                                          
----------------------------------------------------------------------------------------------------------------------------------------------------------------------------------------------
 Limit  (cost=113933.57..113933.61 rows=1 width=40) (actual time=6432.559..6432.565 rows=1 loops=1)
   ->  GroupAggregate  (cost=113933.57..114042.15 rows=2406 width=40) (actual time=6432.557..6432.563 rows=1 loops=1)
         Group Key: (date_part('year'::text, (orders.o_orderdate)::timestamp without time zone))
         ->  Sort  (cost=113933.57..113939.62 rows=2420 width=46) (actual time=6432.006..6432.064 rows=1235 loops=1)
               Sort Key: (date_part('year'::text, (orders.o_orderdate)::timestamp without time zone))
               Sort Method: quicksort  Memory: 291kB
               ->  Hash Join  (cost=78906.37..113797.55 rows=2420 width=46) (actual time=5789.063..6430.514 rows=2485 loops=1)
                     Hash Cond: (supplier.s_nationkey = n2.n_nationkey)
                     ->  Hash Join  (cost=78904.80..113776.46 rows=2420 width=20) (actual time=5788.852..6427.983 rows=2485 loops=1)
                           Hash Cond: (lineitem.l_suppkey = supplier.s_suppkey)
                           ->  Hash Join  (cost=78456.80..113322.11 rows=2420 width=20) (actual time=5783.032..6420.729 rows=2485 loops=1)
                                 Hash Cond: (orders.o_custkey = customer.c_custkey)
                                 ->  Hash Join  (cost=72119.79..106915.51 rows=12102 width=24) (actual time=5723.869..6357.402 rows=12097 loops=1)
                                       Hash Cond: (orders.o_orderkey = lineitem.l_orderkey)
                                       ->  Bitmap Heap Scan on orders  (cost=5276.98..38242.94 rows=455664 width=12) (actual time=29.401..561.438 rows=457263 loops=1)
                                             Recheck Cond: ((o_orderdate >= '1995-01-01'::date) AND (o_orderdate <= '1996-12-31'::date))
                                             Heap Blocks: exact=26131
                                             ->  Bitmap Index Scan on idx_orders_orderdate  (cost=0.00..5163.07 rows=455664 width=0) (actual time=26.050..26.050 rows=457263 loops=1)
                                                   Index Cond: ((o_orderdate >= '1995-01-01'::date) AND (o_orderdate <= '1996-12-31'::date))
                                       ->  Hash  (cost=66344.71..66344.71 rows=39848 width=20) (actual time=5694.346..5694.347 rows=39694 loops=1)
                                             Buckets: 65536  Batches: 1  Memory Usage: 2645kB
                                             ->  Nested Loop  (cost=0.43..66344.71 rows=39848 width=20) (actual time=1.806..5649.047 rows=39694 loops=1)
                                                   ->  Seq Scan on part  (cost=0.00..6599.00 rows=1328 width=4) (actual time=1.393..72.370 rows=1320 loops=1)
                                                         Filter: ((p_type)::text = 'LARGE POLISHED BRASS'::text)
                                                         Rows Removed by Filter: 198680
                                                   ->  Index Scan using idx_lineitem_part_supp on lineitem  (cost=0.43..44.68 rows=31 width=24) (actual time=0.251..4.204 rows=30 loops=1320)
                                                         Index Cond: (l_partkey = part.p_partkey)
                                 ->  Hash  (cost=5962.01..5962.01 rows=30000 width=4) (actual time=59.141..59.143 rows=29952 loops=1)
                                       Buckets: 32768  Batches: 1  Memory Usage: 1309kB
                                       ->  Hash Join  (cost=2.51..5962.01 rows=30000 width=4) (actual time=0.735..55.007 rows=29952 loops=1)
                                             Hash Cond: (customer.c_nationkey = n1.n_nationkey)
                                             ->  Seq Scan on customer  (cost=0.00..5097.00 rows=150000 width=8) (actual time=0.445..38.422 rows=150000 loops=1)
                                             ->  Hash  (cost=2.45..2.45 rows=5 width=4) (actual time=0.284..0.285 rows=5 loops=1)
                                                   Buckets: 1024  Batches: 1  Memory Usage: 9kB
                                                   ->  Hash Join  (cost=1.07..2.45 rows=5 width=4) (actual time=0.273..0.283 rows=5 loops=1)
                                                         Hash Cond: (n1.n_regionkey = region.r_regionkey)
                                                         ->  Seq Scan on nation n1  (cost=0.00..1.25 rows=25 width=8) (actual time=0.004..0.007 rows=25 loops=1)
                                                         ->  Hash  (cost=1.06..1.06 rows=1 width=4) (actual time=0.262..0.263 rows=1 loops=1)
                                                               Buckets: 1024  Batches: 1  Memory Usage: 9kB
                                                               ->  Seq Scan on region  (cost=0.00..1.06 rows=1 width=4) (actual time=0.256..0.258 rows=1 loops=1)
                                                                     Filter: (r_name = 'AMERICA'::bpchar)
                                                                     Rows Removed by Filter: 4
                           ->  Hash  (cost=323.00..323.00 rows=10000 width=8) (actual time=5.804..5.804 rows=10000 loops=1)
                                 Buckets: 16384  Batches: 1  Memory Usage: 519kB
                                 ->  Seq Scan on supplier  (cost=0.00..323.00 rows=10000 width=8) (actual time=0.285..4.566 rows=10000 loops=1)
                     ->  Hash  (cost=1.25..1.25 rows=25 width=30) (actual time=0.200..0.200 rows=25 loops=1)
                           Buckets: 1024  Batches: 1  Memory Usage: 10kB
                           ->  Seq Scan on nation n2  (cost=0.00..1.25 rows=25 width=30) (actual time=0.182..0.188 rows=25 loops=1)
 Planning Time: 24.195 ms
 Execution Time: 6432.968 ms
(50 rows)

SET
SET
SET
                                                                                          QUERY PLAN                                                                                          
----------------------------------------------------------------------------------------------------------------------------------------------------------------------------------------------
 Limit  (cost=113933.57..113933.61 rows=1 width=40) (actual time=265.171..265.178 rows=1 loops=1)
   ->  GroupAggregate  (cost=113933.57..114042.15 rows=2406 width=40) (actual time=265.170..265.176 rows=1 loops=1)
         Group Key: (date_part('year'::text, (orders.o_orderdate)::timestamp without time zone))
         ->  Sort  (cost=113933.57..113939.62 rows=2420 width=46) (actual time=264.627..264.682 rows=1235 loops=1)
               Sort Key: (date_part('year'::text, (orders.o_orderdate)::timestamp without time zone))
               Sort Method: quicksort  Memory: 291kB
               ->  Hash Join  (cost=78906.37..113797.55 rows=2420 width=46) (actual time=132.004..264.051 rows=2485 loops=1)
                     Hash Cond: (supplier.s_nationkey = n2.n_nationkey)
                     ->  Hash Join  (cost=78904.80..113776.46 rows=2420 width=20) (actual time=131.979..263.084 rows=2485 loops=1)
                           Hash Cond: (lineitem.l_suppkey = supplier.s_suppkey)
                           ->  Hash Join  (cost=78456.80..113322.11 rows=2420 width=20) (actual time=129.479..259.707 rows=2485 loops=1)
                                 Hash Cond: (orders.o_custkey = customer.c_custkey)
                                 ->  Hash Join  (cost=72119.79..106915.51 rows=12102 width=24) (actual time=96.187..223.726 rows=12097 loops=1)
                                       Hash Cond: (orders.o_orderkey = lineitem.l_orderkey)
                                       ->  Bitmap Heap Scan on orders  (cost=5276.98..38242.94 rows=455664 width=12) (actual time=23.202..99.168 rows=457263 loops=1)
                                             Recheck Cond: ((o_orderdate >= '1995-01-01'::date) AND (o_orderdate <= '1996-12-31'::date))
                                             Heap Blocks: exact=26131
                                             ->  Bitmap Index Scan on idx_orders_orderdate  (cost=0.00..5163.07 rows=455664 width=0) (actual time=20.263..20.263 rows=457263 loops=1)
                                                   Index Cond: ((o_orderdate >= '1995-01-01'::date) AND (o_orderdate <= '1996-12-31'::date))
                                       ->  Hash  (cost=66344.71..66344.71 rows=39848 width=20) (actual time=72.936..72.937 rows=39694 loops=1)
                                             Buckets: 65536  Batches: 1  Memory Usage: 2645kB
                                             ->  Nested Loop  (cost=0.43..66344.71 rows=39848 width=20) (actual time=0.056..65.355 rows=39694 loops=1)
                                                   ->  Seq Scan on part  (cost=0.00..6599.00 rows=1328 width=4) (actual time=0.042..24.304 rows=1320 loops=1)
                                                         Filter: ((p_type)::text = 'LARGE POLISHED BRASS'::text)
                                                         Rows Removed by Filter: 198680
                                                   ->  Index Scan using idx_lineitem_part_supp on lineitem  (cost=0.43..44.68 rows=31 width=24) (actual time=0.003..0.027 rows=30 loops=1320)
                                                         Index Cond: (l_partkey = part.p_partkey)
                                 ->  Hash  (cost=5962.01..5962.01 rows=30000 width=4) (actual time=33.268..33.270 rows=29952 loops=1)
                                       Buckets: 32768  Batches: 1  Memory Usage: 1309kB
                                       ->  Hash Join  (cost=2.51..5962.01 rows=30000 width=4) (actual time=0.032..29.690 rows=29952 loops=1)
                                             Hash Cond: (customer.c_nationkey = n1.n_nationkey)
                                             ->  Seq Scan on customer  (cost=0.00..5097.00 rows=150000 width=8) (actual time=0.003..8.909 rows=150000 loops=1)
                                             ->  Hash  (cost=2.45..2.45 rows=5 width=4) (actual time=0.025..0.026 rows=5 loops=1)
                                                   Buckets: 1024  Batches: 1  Memory Usage: 9kB
                                                   ->  Hash Join  (cost=1.07..2.45 rows=5 width=4) (actual time=0.020..0.025 rows=5 loops=1)
                                                         Hash Cond: (n1.n_regionkey = region.r_regionkey)
                                                         ->  Seq Scan on nation n1  (cost=0.00..1.25 rows=25 width=8) (actual time=0.001..0.003 rows=25 loops=1)
                                                         ->  Hash  (cost=1.06..1.06 rows=1 width=4) (actual time=0.014..0.014 rows=1 loops=1)
                                                               Buckets: 1024  Batches: 1  Memory Usage: 9kB
                                                               ->  Seq Scan on region  (cost=0.00..1.06 rows=1 width=4) (actual time=0.012..0.013 rows=1 loops=1)
                                                                     Filter: (r_name = 'AMERICA'::bpchar)
                                                                     Rows Removed by Filter: 4
                           ->  Hash  (cost=323.00..323.00 rows=10000 width=8) (actual time=2.491..2.492 rows=10000 loops=1)
                                 Buckets: 16384  Batches: 1  Memory Usage: 519kB
                                 ->  Seq Scan on supplier  (cost=0.00..323.00 rows=10000 width=8) (actual time=0.007..1.372 rows=10000 loops=1)
                     ->  Hash  (cost=1.25..1.25 rows=25 width=30) (actual time=0.013..0.014 rows=25 loops=1)
                           Buckets: 1024  Batches: 1  Memory Usage: 10kB
                           ->  Seq Scan on nation n2  (cost=0.00..1.25 rows=25 width=30) (actual time=0.005..0.008 rows=25 loops=1)
 Planning Time: 3.288 ms
 Execution Time: 265.272 ms
(50 rows)

query 9 run 1
SET
SET
SET
                                                                                   QUERY PLAN                                                                                   
--------------------------------------------------------------------------------------------------------------------------------------------------------------------------------
 Limit  (cost=213152.56..213152.60 rows=1 width=66) (actual time=17183.121..17183.126 rows=1 loops=1)
   ->  GroupAggregate  (cost=213152.56..213158.86 rows=168 width=66) (actual time=17183.120..17183.124 rows=1 loops=1)
         Group Key: nation.n_name, (date_part('year'::text, (orders.o_orderdate)::timestamp without time zone))
         ->  Sort  (cost=213152.56..213152.98 rows=168 width=57) (actual time=17182.209..17182.367 rows=1210 loops=1)
               Sort Key: nation.n_name, (date_part('year'::text, (orders.o_orderdate)::timestamp without time zone)) DESC
               Sort Method: external merge  Disk: 24064kB
               ->  Nested Loop  (cost=6776.91..213146.35 rows=168 width=57) (actual time=73.165..16831.612 rows=325928 loops=1)
                     Join Filter: (supplier.s_nationkey = nation.n_nationkey)
                     Rows Removed by Join Filter: 3898820
                     ->  Nested Loop  (cost=6776.91..213083.63 rows=168 width=31) (actual time=72.263..16127.232 rows=325928 loops=1)
                           ->  Nested Loop  (cost=6776.48..212555.04 rows=168 width=31) (actual time=71.692..12246.211 rows=325928 loops=1)
                                 ->  Nested Loop  (cost=6776.19..212059.81 rows=168 width=35) (actual time=71.366..11484.407 rows=325928 loops=1)
                                       ->  Hash Join  (cost=6775.76..34409.81 rows=56026 width=18) (actual time=70.964..399.379 rows=43520 loops=1)
                                             Hash Cond: (partsupp.ps_partkey = part.p_partkey)
                                             ->  Seq Scan on partsupp  (cost=0.00..25534.00 rows=800000 width=14) (actual time=0.414..216.698 rows=800000 loops=1)
                                             ->  Hash  (cost=6599.00..6599.00 rows=14141 width=4) (actual time=70.451..70.452 rows=10880 loops=1)
                                                   Buckets: 16384  Batches: 1  Memory Usage: 511kB
                                                   ->  Seq Scan on part  (cost=0.00..6599.00 rows=14141 width=4) (actual time=0.475..68.285 rows=10880 loops=1)
                                                         Filter: ((p_name)::text ~~ '%navy%'::text)
                                                         Rows Removed by Filter: 189120
                                       ->  Index Scan using idx_lineitem_part_supp on lineitem  (cost=0.43..3.16 rows=1 width=29) (actual time=0.036..0.252 rows=7 loops=43520)
                                             Index Cond: ((l_partkey = partsupp.ps_partkey) AND (l_suppkey = partsupp.ps_suppkey))
                                 ->  Index Scan using supplier_pkey on supplier  (cost=0.29..2.95 rows=1 width=8) (actual time=0.002..0.002 rows=1 loops=325928)
                                       Index Cond: (s_suppkey = lineitem.l_suppkey)
                           ->  Index Scan using orders_pkey on orders  (cost=0.43..3.15 rows=1 width=8) (actual time=0.011..0.011 rows=1 loops=325928)
                                 Index Cond: (o_orderkey = lineitem.l_orderkey)
                     ->  Materialize  (cost=0.00..1.38 rows=25 width=30) (actual time=0.000..0.001 rows=13 loops=325928)
                           ->  Seq Scan on nation  (cost=0.00..1.25 rows=25 width=30) (actual time=0.195..0.204 rows=25 loops=1)
 Planning Time: 24.910 ms
 Execution Time: 17187.466 ms
(30 rows)

SET
SET
SET
                                                                                   QUERY PLAN                                                                                   
--------------------------------------------------------------------------------------------------------------------------------------------------------------------------------
 Limit  (cost=213152.56..213152.60 rows=1 width=66) (actual time=2697.563..2697.568 rows=1 loops=1)
   ->  GroupAggregate  (cost=213152.56..213158.86 rows=168 width=66) (actual time=2697.561..2697.565 rows=1 loops=1)
         Group Key: nation.n_name, (date_part('year'::text, (orders.o_orderdate)::timestamp without time zone))
         ->  Sort  (cost=213152.56..213152.98 rows=168 width=57) (actual time=2696.639..2696.798 rows=1210 loops=1)
               Sort Key: nation.n_name, (date_part('year'::text, (orders.o_orderdate)::timestamp without time zone)) DESC
               Sort Method: external merge  Disk: 24064kB
               ->  Nested Loop  (cost=6776.91..213146.35 rows=168 width=57) (actual time=40.741..2402.557 rows=325928 loops=1)
                     Join Filter: (supplier.s_nationkey = nation.n_nationkey)
                     Rows Removed by Join Filter: 3898820
                     ->  Nested Loop  (cost=6776.91..213083.63 rows=168 width=31) (actual time=40.719..1900.179 rows=325928 loops=1)
                           ->  Nested Loop  (cost=6776.48..212555.04 rows=168 width=31) (actual time=40.709..1033.875 rows=325928 loops=1)
                                 ->  Nested Loop  (cost=6776.19..212059.81 rows=168 width=35) (actual time=40.703..593.311 rows=325928 loops=1)
                                       ->  Hash Join  (cost=6775.76..34409.81 rows=56026 width=18) (actual time=40.687..206.924 rows=43520 loops=1)
                                             Hash Cond: (partsupp.ps_partkey = part.p_partkey)
                                             ->  Seq Scan on partsupp  (cost=0.00..25534.00 rows=800000 width=14) (actual time=0.005..51.624 rows=800000 loops=1)
                                             ->  Hash  (cost=6599.00..6599.00 rows=14141 width=4) (actual time=40.654..40.655 rows=10880 loops=1)
                                                   Buckets: 16384  Batches: 1  Memory Usage: 511kB
                                                   ->  Seq Scan on part  (cost=0.00..6599.00 rows=14141 width=4) (actual time=0.009..39.137 rows=10880 loops=1)
                                                         Filter: ((p_name)::text ~~ '%navy%'::text)
                                                         Rows Removed by Filter: 189120
                                       ->  Index Scan using idx_lineitem_part_supp on lineitem  (cost=0.43..3.16 rows=1 width=29) (actual time=0.002..0.008 rows=7 loops=43520)
                                             Index Cond: ((l_partkey = partsupp.ps_partkey) AND (l_suppkey = partsupp.ps_suppkey))
                                 ->  Index Scan using supplier_pkey on supplier  (cost=0.29..2.95 rows=1 width=8) (actual time=0.001..0.001 rows=1 loops=325928)
                                       Index Cond: (s_suppkey = lineitem.l_suppkey)
                           ->  Index Scan using orders_pkey on orders  (cost=0.43..3.15 rows=1 width=8) (actual time=0.002..0.002 rows=1 loops=325928)
                                 Index Cond: (o_orderkey = lineitem.l_orderkey)
                     ->  Materialize  (cost=0.00..1.38 rows=25 width=30) (actual time=0.000..0.000 rows=13 loops=325928)
                           ->  Seq Scan on nation  (cost=0.00..1.25 rows=25 width=30) (actual time=0.005..0.008 rows=25 loops=1)
 Planning Time: 3.785 ms
 Execution Time: 2700.784 ms
(30 rows)

query 10 run 1
SET
SET
SET
                                                                                QUERY PLAN                                                                                 
---------------------------------------------------------------------------------------------------------------------------------------------------------------------------
 Limit  (cost=221640.07..221640.12 rows=20 width=202) (actual time=2228.697..2228.704 rows=20 loops=1)
   ->  Sort  (cost=221640.07..221780.70 rows=56255 width=202) (actual time=2228.696..2228.701 rows=20 loops=1)
         Sort Key: (sum((lineitem.l_extendedprice * ('1'::numeric - lineitem.l_discount)))) DESC
         Sort Method: top-N heapsort  Memory: 33kB
         ->  HashAggregate  (cost=219439.95..220143.14 rows=56255 width=202) (actual time=2198.752..2217.280 rows=38076 loops=1)
               Group Key: customer.c_custkey, nation.n_name
               Batches: 1  Memory Usage: 22033kB
               ->  Hash Join  (cost=7636.28..218736.77 rows=56255 width=182) (actual time=99.665..2075.912 rows=114347 loops=1)
                     Hash Cond: (customer.c_nationkey = nation.n_nationkey)
                     ->  Hash Join  (cost=7634.72..218562.50 rows=56255 width=160) (actual time=99.428..2048.473 rows=114347 loops=1)
                           Hash Cond: (orders.o_custkey = customer.c_custkey)
                           ->  Nested Loop  (cost=662.72..211442.83 rows=56255 width=16) (actual time=9.253..1908.496 rows=114347 loops=1)
                                 ->  Bitmap Heap Scan on orders  (cost=662.28..27649.90 rows=57108 width=8) (actual time=7.927..498.229 rows=57111 loops=1)
                                       Recheck Cond: ((o_orderdate >= '1994-08-01'::date) AND (o_orderdate < '1994-11-01'::date))
                                       Heap Blocks: exact=23377
                                       ->  Bitmap Index Scan on idx_orders_orderdate  (cost=0.00..648.01 rows=57108 width=0) (actual time=4.998..4.998 rows=57111 loops=1)
                                             Index Cond: ((o_orderdate >= '1994-08-01'::date) AND (o_orderdate < '1994-11-01'::date))
                                 ->  Index Scan using idx_lineitem_orderkey on lineitem  (cost=0.43..3.21 rows=1 width=16) (actual time=0.022..0.024 rows=2 loops=57111)
                                       Index Cond: (l_orderkey = orders.o_orderkey)
                                       Filter: (l_returnflag = 'R'::bpchar)
                                       Rows Removed by Filter: 2
                           ->  Hash  (cost=5097.00..5097.00 rows=150000 width=148) (actual time=89.749..89.750 rows=150000 loops=1)
                                 Buckets: 262144  Batches: 1  Memory Usage: 28861kB
                                 ->  Seq Scan on customer  (cost=0.00..5097.00 rows=150000 width=148) (actual time=0.475..49.296 rows=150000 loops=1)
                     ->  Hash  (cost=1.25..1.25 rows=25 width=30) (actual time=0.233..0.234 rows=25 loops=1)
                           Buckets: 1024  Batches: 1  Memory Usage: 10kB
                           ->  Seq Scan on nation  (cost=0.00..1.25 rows=25 width=30) (actual time=0.216..0.222 rows=25 loops=1)
 Planning Time: 19.843 ms
 Execution Time: 2229.438 ms
(29 rows)

SET
SET
SET
                                                                                QUERY PLAN                                                                                 
---------------------------------------------------------------------------------------------------------------------------------------------------------------------------
 Limit  (cost=221640.07..221640.12 rows=20 width=202) (actual time=506.406..506.413 rows=20 loops=1)
   ->  Sort  (cost=221640.07..221780.70 rows=56255 width=202) (actual time=506.405..506.410 rows=20 loops=1)
         Sort Key: (sum((lineitem.l_extendedprice * ('1'::numeric - lineitem.l_discount)))) DESC
         Sort Method: top-N heapsort  Memory: 33kB
         ->  HashAggregate  (cost=219439.95..220143.14 rows=56255 width=202) (actual time=477.114..495.402 rows=38076 loops=1)
               Group Key: customer.c_custkey, nation.n_name
               Batches: 1  Memory Usage: 22033kB
               ->  Hash Join  (cost=7636.28..218736.77 rows=56255 width=182) (actual time=70.861..384.242 rows=114347 loops=1)
                     Hash Cond: (customer.c_nationkey = nation.n_nationkey)
                     ->  Hash Join  (cost=7634.72..218562.50 rows=56255 width=160) (actual time=70.841..360.692 rows=114347 loops=1)
                           Hash Cond: (orders.o_custkey = customer.c_custkey)
                           ->  Nested Loop  (cost=662.72..211442.83 rows=56255 width=16) (actual time=6.458..258.094 rows=114347 loops=1)
                                 ->  Bitmap Heap Scan on orders  (cost=662.28..27649.90 rows=57108 width=8) (actual time=6.426..42.791 rows=57111 loops=1)
                                       Recheck Cond: ((o_orderdate >= '1994-08-01'::date) AND (o_orderdate < '1994-11-01'::date))
                                       Heap Blocks: exact=23377
                                       ->  Bitmap Index Scan on idx_orders_orderdate  (cost=0.00..648.01 rows=57108 width=0) (actual time=3.686..3.687 rows=57111 loops=1)
                                             Index Cond: ((o_orderdate >= '1994-08-01'::date) AND (o_orderdate < '1994-11-01'::date))
                                 ->  Index Scan using idx_lineitem_orderkey on lineitem  (cost=0.43..3.21 rows=1 width=16) (actual time=0.002..0.003 rows=2 loops=57111)
                                       Index Cond: (l_orderkey = orders.o_orderkey)
                                       Filter: (l_returnflag = 'R'::bpchar)
                                       Rows Removed by Filter: 2
                           ->  Hash  (cost=5097.00..5097.00 rows=150000 width=148) (actual time=63.938..63.938 rows=150000 loops=1)
                                 Buckets: 262144  Batches: 1  Memory Usage: 28861kB
                                 ->  Seq Scan on customer  (cost=0.00..5097.00 rows=150000 width=148) (actual time=0.035..24.759 rows=150000 loops=1)
                     ->  Hash  (cost=1.25..1.25 rows=25 width=30) (actual time=0.014..0.015 rows=25 loops=1)
                           Buckets: 1024  Batches: 1  Memory Usage: 10kB
                           ->  Seq Scan on nation  (cost=0.00..1.25 rows=25 width=30) (actual time=0.005..0.009 rows=25 loops=1)
 Planning Time: 1.317 ms
 Execution Time: 506.854 ms
(29 rows)

query 11 run 1
SET
SET
SET
                                                                             QUERY PLAN                                                                             
--------------------------------------------------------------------------------------------------------------------------------------------------------------------
 Limit  (cost=16312.27..16312.28 rows=1 width=36) (actual time=709.526..709.531 rows=1 loops=1)
   InitPlan 1 (returns $2)
     ->  Aggregate  (cost=7689.46..7689.48 rows=1 width=32) (actual time=25.836..25.838 rows=1 loops=1)
           ->  Nested Loop  (cost=5.31..7449.46 rows=32000 width=10) (actual time=0.052..18.314 rows=32880 loops=1)
                 ->  Nested Loop  (cost=4.88..229.08 rows=400 width=4) (actual time=0.046..0.273 rows=411 loops=1)
                       ->  Seq Scan on nation nation_1  (cost=0.00..1.31 rows=1 width=4) (actual time=0.007..0.010 rows=1 loops=1)
                             Filter: (n_name = 'SAUDI ARABIA'::bpchar)
                             Rows Removed by Filter: 24
                       ->  Bitmap Heap Scan on supplier supplier_1  (cost=4.88..223.76 rows=400 width=8) (actual time=0.036..0.219 rows=411 loops=1)
                             Recheck Cond: (s_nationkey = nation_1.n_nationkey)
                             Heap Blocks: exact=183
                             ->  Bitmap Index Scan on idx_supplier_nation_key  (cost=0.00..4.79 rows=400 width=0) (actual time=0.020..0.020 rows=411 loops=1)
                                   Index Cond: (s_nationkey = nation_1.n_nationkey)
                 ->  Index Scan using idx_partsupp_suppkey on partsupp partsupp_1  (cost=0.42..17.25 rows=80 width=14) (actual time=0.002..0.036 rows=80 loops=411)
                       Index Cond: (ps_suppkey = supplier_1.s_suppkey)
   ->  Sort  (cost=8622.80..8649.46 rows=10667 width=36) (actual time=709.525..709.527 rows=1 loops=1)
         Sort Key: (sum((partsupp.ps_supplycost * (partsupp.ps_availqty)::numeric))) DESC
         Sort Method: top-N heapsort  Memory: 25kB
         ->  HashAggregate  (cost=8009.46..8569.46 rows=10667 width=36) (actual time=698.817..709.384 rows=839 loops=1)
               Group Key: partsupp.ps_partkey
               Filter: (sum((partsupp.ps_supplycost * (partsupp.ps_availqty)::numeric)) > $2)
               Batches: 1  Memory Usage: 11793kB
               Rows Removed by Filter: 30007
               ->  Nested Loop  (cost=5.31..7449.46 rows=32000 width=14) (actual time=1.093..642.388 rows=32880 loops=1)
                     ->  Nested Loop  (cost=4.88..229.08 rows=400 width=4) (actual time=0.711..4.336 rows=411 loops=1)
                           ->  Seq Scan on nation  (cost=0.00..1.31 rows=1 width=4) (actual time=0.212..0.215 rows=1 loops=1)
                                 Filter: (n_name = 'SAUDI ARABIA'::bpchar)
                                 Rows Removed by Filter: 24
                           ->  Bitmap Heap Scan on supplier  (cost=4.88..223.76 rows=400 width=8) (actual time=0.493..4.019 rows=411 loops=1)
                                 Recheck Cond: (s_nationkey = nation.n_nationkey)
                                 Heap Blocks: exact=183
                                 ->  Bitmap Index Scan on idx_supplier_nation_key  (cost=0.00..4.79 rows=400 width=0) (actual time=0.262..0.262 rows=411 loops=1)
                                       Index Cond: (s_nationkey = nation.n_nationkey)
                     ->  Index Scan using idx_partsupp_suppkey on partsupp  (cost=0.42..17.25 rows=80 width=18) (actual time=0.043..1.535 rows=80 loops=411)
                           Index Cond: (ps_suppkey = supplier.s_suppkey)
 Planning Time: 13.322 ms
 Execution Time: 710.547 ms
(37 rows)

SET
SET
SET
                                                                             QUERY PLAN                                                                             
--------------------------------------------------------------------------------------------------------------------------------------------------------------------
 Limit  (cost=16312.27..16312.28 rows=1 width=36) (actual time=80.797..80.802 rows=1 loops=1)
   InitPlan 1 (returns $2)
     ->  Aggregate  (cost=7689.46..7689.48 rows=1 width=32) (actual time=25.803..25.806 rows=1 loops=1)
           ->  Nested Loop  (cost=5.31..7449.46 rows=32000 width=10) (actual time=0.049..18.265 rows=32880 loops=1)
                 ->  Nested Loop  (cost=4.88..229.08 rows=400 width=4) (actual time=0.043..0.271 rows=411 loops=1)
                       ->  Seq Scan on nation nation_1  (cost=0.00..1.31 rows=1 width=4) (actual time=0.008..0.011 rows=1 loops=1)
                             Filter: (n_name = 'SAUDI ARABIA'::bpchar)
                             Rows Removed by Filter: 24
                       ->  Bitmap Heap Scan on supplier supplier_1  (cost=4.88..223.76 rows=400 width=8) (actual time=0.033..0.218 rows=411 loops=1)
                             Recheck Cond: (s_nationkey = nation_1.n_nationkey)
                             Heap Blocks: exact=183
                             ->  Bitmap Index Scan on idx_supplier_nation_key  (cost=0.00..4.79 rows=400 width=0) (actual time=0.018..0.018 rows=411 loops=1)
                                   Index Cond: (s_nationkey = nation_1.n_nationkey)
                 ->  Index Scan using idx_partsupp_suppkey on partsupp partsupp_1  (cost=0.42..17.25 rows=80 width=14) (actual time=0.002..0.036 rows=80 loops=411)
                       Index Cond: (ps_suppkey = supplier_1.s_suppkey)
   ->  Sort  (cost=8622.80..8649.46 rows=10667 width=36) (actual time=80.796..80.798 rows=1 loops=1)
         Sort Key: (sum((partsupp.ps_supplycost * (partsupp.ps_availqty)::numeric))) DESC
         Sort Method: top-N heapsort  Memory: 25kB
         ->  HashAggregate  (cost=8009.46..8569.46 rows=10667 width=36) (actual time=70.154..80.649 rows=839 loops=1)
               Group Key: partsupp.ps_partkey
               Filter: (sum((partsupp.ps_supplycost * (partsupp.ps_availqty)::numeric)) > $2)
               Batches: 1  Memory Usage: 11793kB
               Rows Removed by Filter: 30007
               ->  Nested Loop  (cost=5.31..7449.46 rows=32000 width=14) (actual time=0.065..27.160 rows=32880 loops=1)
                     ->  Nested Loop  (cost=4.88..229.08 rows=400 width=4) (actual time=0.054..0.417 rows=411 loops=1)
                           ->  Seq Scan on nation  (cost=0.00..1.31 rows=1 width=4) (actual time=0.009..0.012 rows=1 loops=1)
                                 Filter: (n_name = 'SAUDI ARABIA'::bpchar)
                                 Rows Removed by Filter: 24
                           ->  Bitmap Heap Scan on supplier  (cost=4.88..223.76 rows=400 width=8) (actual time=0.042..0.352 rows=411 loops=1)
                                 Recheck Cond: (s_nationkey = nation.n_nationkey)
                                 Heap Blocks: exact=183
                                 ->  Bitmap Index Scan on idx_supplier_nation_key  (cost=0.00..4.79 rows=400 width=0) (actual time=0.024..0.024 rows=411 loops=1)
                                       Index Cond: (s_nationkey = nation.n_nationkey)
                     ->  Index Scan using idx_partsupp_suppkey on partsupp  (cost=0.42..17.25 rows=80 width=18) (actual time=0.003..0.056 rows=80 loops=411)
                           Index Cond: (ps_suppkey = supplier.s_suppkey)
 Planning Time: 0.917 ms
 Execution Time: 81.192 ms
(37 rows)

query 12 run 1
SET
SET
SET
                                                                                                                    QUERY PLAN                                                                                                                     
---------------------------------------------------------------------------------------------------------------------------------------------------------------------------------------------------------------------------------------------------
 Limit  (cost=302806.48..302890.35 rows=1 width=27) (actual time=2007.936..2007.938 rows=1 loops=1)
   ->  GroupAggregate  (cost=302806.48..303393.57 rows=7 width=27) (actual time=2007.935..2007.937 rows=1 loops=1)
         Group Key: lineitem.l_shipmode
         ->  Sort  (cost=302806.48..302879.86 rows=29351 width=27) (actual time=2003.640..2004.203 rows=15492 loops=1)
               Sort Key: lineitem.l_shipmode
               Sort Method: quicksort  Memory: 3187kB
               ->  Hash Join  (cost=247953.96..300628.47 rows=29351 width=27) (actual time=1517.958..1995.854 rows=30953 loops=1)
                     Hash Cond: (orders.o_orderkey = lineitem.l_orderkey)
                     ->  Seq Scan on orders  (cost=0.00..41131.00 rows=1500000 width=20) (actual time=0.372..284.420 rows=1500000 loops=1)
                     ->  Hash  (cost=247587.00..247587.00 rows=29357 width=15) (actual time=1517.469..1517.469 rows=30953 loops=1)
                           Buckets: 32768  Batches: 1  Memory Usage: 1707kB
                           ->  Seq Scan on lineitem  (cost=0.00..247587.00 rows=29357 width=15) (actual time=1.372..1509.451 rows=30953 loops=1)
                                 Filter: ((l_shipmode = ANY ('{SHIP,"REG AIR"}'::bpchar[])) AND (l_commitdate < l_receiptdate) AND (l_shipdate < l_commitdate) AND (l_receiptdate >= '1994-01-01'::date) AND (l_receiptdate < '1995-01-01'::date))
                                 Rows Removed by Filter: 5970262
 Planning Time: 12.791 ms
 Execution Time: 2009.035 ms
(16 rows)

SET
SET
SET
                                                                                                                    QUERY PLAN                                                                                                                     
---------------------------------------------------------------------------------------------------------------------------------------------------------------------------------------------------------------------------------------------------
 Limit  (cost=302806.48..302890.35 rows=1 width=27) (actual time=1569.772..1569.775 rows=1 loops=1)
   ->  GroupAggregate  (cost=302806.48..303393.57 rows=7 width=27) (actual time=1569.771..1569.773 rows=1 loops=1)
         Group Key: lineitem.l_shipmode
         ->  Sort  (cost=302806.48..302879.86 rows=29351 width=27) (actual time=1565.507..1566.072 rows=15492 loops=1)
               Sort Key: lineitem.l_shipmode
               Sort Method: quicksort  Memory: 3187kB
               ->  Hash Join  (cost=247953.96..300628.47 rows=29351 width=27) (actual time=1288.094..1559.393 rows=30953 loops=1)
                     Hash Cond: (orders.o_orderkey = lineitem.l_orderkey)
                     ->  Seq Scan on orders  (cost=0.00..41131.00 rows=1500000 width=20) (actual time=0.003..81.050 rows=1500000 loops=1)
                     ->  Hash  (cost=247587.00..247587.00 rows=29357 width=15) (actual time=1288.046..1288.047 rows=30953 loops=1)
                           Buckets: 32768  Batches: 1  Memory Usage: 1707kB
                           ->  Seq Scan on lineitem  (cost=0.00..247587.00 rows=29357 width=15) (actual time=0.103..1280.698 rows=30953 loops=1)
                                 Filter: ((l_shipmode = ANY ('{SHIP,"REG AIR"}'::bpchar[])) AND (l_commitdate < l_receiptdate) AND (l_shipdate < l_commitdate) AND (l_receiptdate >= '1994-01-01'::date) AND (l_receiptdate < '1995-01-01'::date))
                                 Rows Removed by Filter: 5970262
 Planning Time: 0.682 ms
 Execution Time: 1569.830 ms
(16 rows)

query 13 run 1
SET
SET
SET
                                                                                  QUERY PLAN                                                                                   
-------------------------------------------------------------------------------------------------------------------------------------------------------------------------------
 Limit  (cost=64702.50..64702.50 rows=1 width=16) (actual time=1449.633..1449.636 rows=1 loops=1)
   ->  Sort  (cost=64702.50..64703.00 rows=200 width=16) (actual time=1449.632..1449.634 rows=1 loops=1)
         Sort Key: (count(*)) DESC, (count(orders.o_orderkey)) DESC
         Sort Method: top-N heapsort  Memory: 25kB
         ->  HashAggregate  (cost=64699.50..64701.50 rows=200 width=16) (actual time=1449.606..1449.613 rows=42 loops=1)
               Group Key: count(orders.o_orderkey)
               Batches: 1  Memory Usage: 40kB
               ->  HashAggregate  (cost=60949.50..62449.50 rows=150000 width=12) (actual time=1409.778..1432.825 rows=150000 loops=1)
                     Group Key: customer.c_custkey
                     Batches: 1  Memory Usage: 18449kB
                     ->  Hash Right Join  (cost=4746.42..53525.26 rows=1484848 width=8) (actual time=33.182..1059.045 rows=1533923 loops=1)
                           Hash Cond: (orders.o_custkey = customer.c_custkey)
                           ->  Seq Scan on orders  (cost=0.00..44881.00 rows=1484848 width=8) (actual time=0.472..629.978 rows=1483918 loops=1)
                                 Filter: ((o_comment)::text !~~ '%special%requests%'::text)
                                 Rows Removed by Filter: 16082
                           ->  Hash  (cost=2871.42..2871.42 rows=150000 width=4) (actual time=32.324..32.324 rows=150000 loops=1)
                                 Buckets: 262144  Batches: 1  Memory Usage: 7322kB
                                 ->  Index Only Scan using customer_pkey on customer  (cost=0.42..2871.42 rows=150000 width=4) (actual time=0.013..15.888 rows=150000 loops=1)
                                       Heap Fetches: 0
 Planning Time: 11.613 ms
 Execution Time: 1451.335 ms
(21 rows)

SET
SET
SET
                                                                                  QUERY PLAN                                                                                   
-------------------------------------------------------------------------------------------------------------------------------------------------------------------------------
 Limit  (cost=64702.50..64702.50 rows=1 width=16) (actual time=1258.009..1258.012 rows=1 loops=1)
   ->  Sort  (cost=64702.50..64703.00 rows=200 width=16) (actual time=1258.007..1258.010 rows=1 loops=1)
         Sort Key: (count(*)) DESC, (count(orders.o_orderkey)) DESC
         Sort Method: top-N heapsort  Memory: 25kB
         ->  HashAggregate  (cost=64699.50..64701.50 rows=200 width=16) (actual time=1257.982..1257.989 rows=42 loops=1)
               Group Key: count(orders.o_orderkey)
               Batches: 1  Memory Usage: 40kB
               ->  HashAggregate  (cost=60949.50..62449.50 rows=150000 width=12) (actual time=1217.859..1241.071 rows=150000 loops=1)
                     Group Key: customer.c_custkey
                     Batches: 1  Memory Usage: 18449kB
                     ->  Hash Right Join  (cost=4746.42..53525.26 rows=1484848 width=8) (actual time=28.237..879.742 rows=1533923 loops=1)
                           Hash Cond: (orders.o_custkey = customer.c_custkey)
                           ->  Seq Scan on orders  (cost=0.00..44881.00 rows=1484848 width=8) (actual time=0.012..475.762 rows=1483918 loops=1)
                                 Filter: ((o_comment)::text !~~ '%special%requests%'::text)
                                 Rows Removed by Filter: 16082
                           ->  Hash  (cost=2871.42..2871.42 rows=150000 width=4) (actual time=27.920..27.920 rows=150000 loops=1)
                                 Buckets: 262144  Batches: 1  Memory Usage: 7322kB
                                 ->  Index Only Scan using customer_pkey on customer  (cost=0.42..2871.42 rows=150000 width=4) (actual time=0.013..12.509 rows=150000 loops=1)
                                       Heap Fetches: 0
 Planning Time: 0.824 ms
 Execution Time: 1259.451 ms
(21 rows)

query 14 run 1
SET
SET
SET
                                                                         QUERY PLAN                                                                          
-------------------------------------------------------------------------------------------------------------------------------------------------------------
 Limit  (cost=79848.66..79848.67 rows=1 width=32) (actual time=870.369..870.372 rows=1 loops=1)
   ->  Aggregate  (cost=79848.66..79848.67 rows=1 width=32) (actual time=870.368..870.369 rows=1 loops=1)
         ->  Hash Join  (cost=9882.74..78448.98 rows=79981 width=33) (actual time=106.314..814.520 rows=77317 loops=1)
               Hash Cond: (lineitem.l_partkey = part.p_partkey)
               ->  Bitmap Heap Scan on lineitem  (cost=1283.74..69640.03 rows=79981 width=16) (actual time=17.995..676.784 rows=77317 loops=1)
                     Recheck Cond: ((l_shipdate >= '1994-05-01'::date) AND (l_shipdate < '1994-06-01'::date))
                     Heap Blocks: exact=41681
                     ->  Bitmap Index Scan on idx_lineitem_shipdate  (cost=0.00..1263.74 rows=79981 width=0) (actual time=12.601..12.601 rows=77317 loops=1)
                           Index Cond: ((l_shipdate >= '1994-05-01'::date) AND (l_shipdate < '1994-06-01'::date))
               ->  Hash  (cost=6099.00..6099.00 rows=200000 width=25) (actual time=88.107..88.108 rows=200000 loops=1)
                     Buckets: 262144  Batches: 1  Memory Usage: 13600kB
                     ->  Seq Scan on part  (cost=0.00..6099.00 rows=200000 width=25) (actual time=0.399..54.588 rows=200000 loops=1)
 Planning Time: 12.496 ms
 Execution Time: 870.463 ms
(14 rows)

SET
SET
SET
                                                                        QUERY PLAN                                                                         
-----------------------------------------------------------------------------------------------------------------------------------------------------------
 Limit  (cost=79848.66..79848.67 rows=1 width=32) (actual time=182.816..182.818 rows=1 loops=1)
   ->  Aggregate  (cost=79848.66..79848.67 rows=1 width=32) (actual time=182.814..182.816 rows=1 loops=1)
         ->  Hash Join  (cost=9882.74..78448.98 rows=79981 width=33) (actual time=70.034..150.689 rows=77317 loops=1)
               Hash Cond: (lineitem.l_partkey = part.p_partkey)
               ->  Bitmap Heap Scan on lineitem  (cost=1283.74..69640.03 rows=79981 width=16) (actual time=12.711..65.640 rows=77317 loops=1)
                     Recheck Cond: ((l_shipdate >= '1994-05-01'::date) AND (l_shipdate < '1994-06-01'::date))
                     Heap Blocks: exact=41681
                     ->  Bitmap Index Scan on idx_lineitem_shipdate  (cost=0.00..1263.74 rows=79981 width=0) (actual time=7.658..7.658 rows=77317 loops=1)
                           Index Cond: ((l_shipdate >= '1994-05-01'::date) AND (l_shipdate < '1994-06-01'::date))
               ->  Hash  (cost=6099.00..6099.00 rows=200000 width=25) (actual time=57.114..57.114 rows=200000 loops=1)
                     Buckets: 262144  Batches: 1  Memory Usage: 13600kB
                     ->  Seq Scan on part  (cost=0.00..6099.00 rows=200000 width=25) (actual time=0.010..26.464 rows=200000 loops=1)
 Planning Time: 0.618 ms
 Execution Time: 182.876 ms
(14 rows)

query 15 run 1
SET
SET
SET
CREATE VIEW
                                                                                QUERY PLAN                                                                                 
---------------------------------------------------------------------------------------------------------------------------------------------------------------------------
 Limit  (cost=246130.70..246139.58 rows=1 width=103) (actual time=1531.064..1531.068 rows=1 loops=1)
   InitPlan 1 (returns $0)
     ->  Aggregate  (cost=122239.91..122239.92 rows=1 width=32) (actual time=202.808..202.810 rows=1 loops=1)
           ->  HashAggregate  (cost=121990.23..122115.07 rows=9987 width=36) (actual time=199.693..202.237 rows=10000 loops=1)
                 Group Key: lineitem_1.l_suppkey
                 Batches: 1  Memory Usage: 4497kB
                 ->  Bitmap Heap Scan on lineitem lineitem_1  (cost=3684.98..119692.13 rows=229810 width=16) (actual time=27.985..95.495 rows=225954 loops=1)
                       Recheck Cond: ((l_shipdate >= '1996-01-01'::date) AND (l_shipdate < '1996-04-01'::date))
                       Heap Blocks: exact=66828
                       ->  Bitmap Index Scan on idx_lineitem_shipdate  (cost=0.00..3627.53 rows=229810 width=0) (actual time=19.011..19.011 rows=225954 loops=1)
                             Index Cond: ((l_shipdate >= '1996-01-01'::date) AND (l_shipdate < '1996-04-01'::date))
   ->  Merge Join  (cost=123890.78..124335.03 rows=50 width=103) (actual time=1531.063..1531.064 rows=1 loops=1)
         Merge Cond: (supplier.s_suppkey = revenue0.supplier_no)
         ->  Index Scan using supplier_pkey on supplier  (cost=0.29..418.79 rows=10000 width=71) (actual time=0.315..4.899 rows=8449 loops=1)
         ->  Sort  (cost=123890.49..123890.62 rows=50 width=36) (actual time=1525.640..1525.641 rows=1 loops=1)
               Sort Key: revenue0.supplier_no
               Sort Method: quicksort  Memory: 25kB
               ->  Subquery Scan on revenue0  (cost=123713.81..123889.08 rows=50 width=36) (actual time=1523.296..1525.633 rows=1 loops=1)
                     ->  HashAggregate  (cost=123713.81..123888.58 rows=50 width=36) (actual time=1523.295..1525.632 rows=1 loops=1)
                           Group Key: lineitem.l_suppkey
                           Filter: (sum((lineitem.l_extendedprice * ('1'::numeric - lineitem.l_discount))) = $0)
                           Batches: 1  Memory Usage: 4497kB
                           Rows Removed by Filter: 9999
                           ->  Bitmap Heap Scan on lineitem  (cost=3684.98..119692.13 rows=229810 width=16) (actual time=39.951..1142.037 rows=225954 loops=1)
                                 Recheck Cond: ((l_shipdate >= '1996-01-01'::date) AND (l_shipdate < '1996-04-01'::date))
                                 Heap Blocks: exact=66828
                                 ->  Bitmap Index Scan on idx_lineitem_shipdate  (cost=0.00..3627.53 rows=229810 width=0) (actual time=30.209..30.209 rows=225954 loops=1)
                                       Index Cond: ((l_shipdate >= '1996-01-01'::date) AND (l_shipdate < '1996-04-01'::date))
 Planning Time: 13.445 ms
 Execution Time: 1531.709 ms
(30 rows)

DROP VIEW
SET
SET
SET
CREATE VIEW
                                                                                QUERY PLAN                                                                                 
---------------------------------------------------------------------------------------------------------------------------------------------------------------------------
 Limit  (cost=246130.70..246139.58 rows=1 width=103) (actual time=439.489..439.493 rows=1 loops=1)
   InitPlan 1 (returns $0)
     ->  Aggregate  (cost=122239.91..122239.92 rows=1 width=32) (actual time=202.241..202.242 rows=1 loops=1)
           ->  HashAggregate  (cost=121990.23..122115.07 rows=9987 width=36) (actual time=199.102..201.668 rows=10000 loops=1)
                 Group Key: lineitem_1.l_suppkey
                 Batches: 1  Memory Usage: 4497kB
                 ->  Bitmap Heap Scan on lineitem lineitem_1  (cost=3684.98..119692.13 rows=229810 width=16) (actual time=27.691..95.334 rows=225954 loops=1)
                       Recheck Cond: ((l_shipdate >= '1996-01-01'::date) AND (l_shipdate < '1996-04-01'::date))
                       Heap Blocks: exact=66828
                       ->  Bitmap Index Scan on idx_lineitem_shipdate  (cost=0.00..3627.53 rows=229810 width=0) (actual time=18.695..18.695 rows=225954 loops=1)
                             Index Cond: ((l_shipdate >= '1996-01-01'::date) AND (l_shipdate < '1996-04-01'::date))
   ->  Merge Join  (cost=123890.78..124335.03 rows=50 width=103) (actual time=439.488..439.489 rows=1 loops=1)
         Merge Cond: (supplier.s_suppkey = revenue0.supplier_no)
         ->  Index Scan using supplier_pkey on supplier  (cost=0.29..418.79 rows=10000 width=71) (actual time=0.006..1.305 rows=8449 loops=1)
         ->  Sort  (cost=123890.49..123890.62 rows=50 width=36) (actual time=437.688..437.689 rows=1 loops=1)
               Sort Key: revenue0.supplier_no
               Sort Method: quicksort  Memory: 25kB
               ->  Subquery Scan on revenue0  (cost=123713.81..123889.08 rows=50 width=36) (actual time=435.344..437.684 rows=1 loops=1)
                     ->  HashAggregate  (cost=123713.81..123888.58 rows=50 width=36) (actual time=435.343..437.683 rows=1 loops=1)
                           Group Key: lineitem.l_suppkey
                           Filter: (sum((lineitem.l_extendedprice * ('1'::numeric - lineitem.l_discount))) = $0)
                           Batches: 1  Memory Usage: 4497kB
                           Rows Removed by Filter: 9999
                           ->  Bitmap Heap Scan on lineitem  (cost=3684.98..119692.13 rows=229810 width=16) (actual time=29.126..124.361 rows=225954 loops=1)
                                 Recheck Cond: ((l_shipdate >= '1996-01-01'::date) AND (l_shipdate < '1996-04-01'::date))
                                 Heap Blocks: exact=66828
                                 ->  Bitmap Index Scan on idx_lineitem_shipdate  (cost=0.00..3627.53 rows=229810 width=0) (actual time=20.128..20.128 rows=225954 loops=1)
                                       Index Cond: ((l_shipdate >= '1996-01-01'::date) AND (l_shipdate < '1996-04-01'::date))
 Planning Time: 0.680 ms
 Execution Time: 439.837 ms
(30 rows)

DROP VIEW
query 16 run 1
SET
SET
SET
                                                                                         QUERY PLAN                                                                                         
--------------------------------------------------------------------------------------------------------------------------------------------------------------------------------------------
 Limit  (cost=33646.61..33646.62 rows=1 width=44) (actual time=604.041..604.044 rows=1 loops=1)
   ->  Sort  (cost=33646.61..33686.16 rows=15820 width=44) (actual time=604.040..604.042 rows=1 loops=1)
         Sort Key: (count(DISTINCT partsupp.ps_suppkey)) DESC, part.p_brand, part.p_type, part.p_size
         Sort Method: top-N heapsort  Memory: 25kB
         ->  GroupAggregate  (cost=32691.69..33567.51 rows=15820 width=44) (actual time=555.083..600.817 rows=18220 loops=1)
               Group Key: part.p_brand, part.p_type, part.p_size
               ->  Sort  (cost=32691.69..32835.21 rows=57410 width=40) (actual time=555.060..562.658 rows=117930 loops=1)
                     Sort Key: part.p_brand, part.p_type, part.p_size
                     Sort Method: quicksort  Memory: 12286kB
                     ->  Hash Join  (cost=9809.69..28153.71 rows=57410 width=40) (actual time=84.324..289.594 rows=117930 loops=1)
                           Hash Cond: (partsupp.ps_partkey = part.p_partkey)
                           ->  Index Only Scan using partsupp_pkey on partsupp  (cost=348.43..17642.43 rows=400000 width=8) (actual time=5.758..138.000 rows=799680 loops=1)
                                 Filter: (NOT (hashed SubPlan 1))
                                 Rows Removed by Filter: 320
                                 Heap Fetches: 0
                                 SubPlan 1
                                   ->  Seq Scan on supplier  (cost=0.00..348.00 rows=1 width=4) (actual time=1.016..5.490 rows=4 loops=1)
                                         Filter: ((s_comment)::text ~~ '%Customer%Complaints%'::text)
                                         Rows Removed by Filter: 9996
                           ->  Hash  (cost=9099.00..9099.00 rows=28981 width=40) (actual time=78.527..78.528 rows=29492 loops=1)
                                 Buckets: 32768  Batches: 1  Memory Usage: 2393kB
                                 ->  Seq Scan on part  (cost=0.00..9099.00 rows=28981 width=40) (actual time=0.463..72.543 rows=29492 loops=1)
                                       Filter: ((p_brand <> 'Brand#12'::bpchar) AND ((p_type)::text !~~ 'SMALL BRUSHED%'::text) AND (p_size = ANY ('{12,32,36,26,40,34,49,9}'::integer[])))
                                       Rows Removed by Filter: 170508
 Planning Time: 16.202 ms
 Execution Time: 604.680 ms
(26 rows)

SET
SET
SET
                                                                                         QUERY PLAN                                                                                         
--------------------------------------------------------------------------------------------------------------------------------------------------------------------------------------------
 Limit  (cost=33646.61..33646.62 rows=1 width=44) (actual time=552.441..552.444 rows=1 loops=1)
   ->  Sort  (cost=33646.61..33686.16 rows=15820 width=44) (actual time=552.439..552.441 rows=1 loops=1)
         Sort Key: (count(DISTINCT partsupp.ps_suppkey)) DESC, part.p_brand, part.p_type, part.p_size
         Sort Method: top-N heapsort  Memory: 25kB
         ->  GroupAggregate  (cost=32691.69..33567.51 rows=15820 width=44) (actual time=503.636..549.275 rows=18220 loops=1)
               Group Key: part.p_brand, part.p_type, part.p_size
               ->  Sort  (cost=32691.69..32835.21 rows=57410 width=40) (actual time=503.614..511.055 rows=117930 loops=1)
                     Sort Key: part.p_brand, part.p_type, part.p_size
                     Sort Method: quicksort  Memory: 12286kB
                     ->  Hash Join  (cost=9809.69..28153.71 rows=57410 width=40) (actual time=51.682..238.776 rows=117930 loops=1)
                           Hash Cond: (partsupp.ps_partkey = part.p_partkey)
                           ->  Index Only Scan using partsupp_pkey on partsupp  (cost=348.43..17642.43 rows=400000 width=8) (actual time=2.104..117.850 rows=799680 loops=1)
                                 Filter: (NOT (hashed SubPlan 1))
                                 Rows Removed by Filter: 320
                                 Heap Fetches: 0
                                 SubPlan 1
                                   ->  Seq Scan on supplier  (cost=0.00..348.00 rows=1 width=4) (actual time=0.087..2.087 rows=4 loops=1)
                                         Filter: ((s_comment)::text ~~ '%Customer%Complaints%'::text)
                                         Rows Removed by Filter: 9996
                           ->  Hash  (cost=9099.00..9099.00 rows=28981 width=40) (actual time=49.549..49.550 rows=29492 loops=1)
                                 Buckets: 32768  Batches: 1  Memory Usage: 2393kB
                                 ->  Seq Scan on part  (cost=0.00..9099.00 rows=28981 width=40) (actual time=0.007..44.420 rows=29492 loops=1)
                                       Filter: ((p_brand <> 'Brand#12'::bpchar) AND ((p_type)::text !~~ 'SMALL BRUSHED%'::text) AND (p_size = ANY ('{12,32,36,26,40,34,49,9}'::integer[])))
                                       Rows Removed by Filter: 170508
 Planning Time: 1.020 ms
 Execution Time: 552.499 ms
(26 rows)

query 17 run 1
SET
SET
SET
                                                                          QUERY PLAN                                                                          
--------------------------------------------------------------------------------------------------------------------------------------------------------------
 Limit  (cost=489688.02..489688.03 rows=1 width=32) (actual time=4228.841..4228.844 rows=1 loops=1)
   ->  Aggregate  (cost=489688.02..489688.03 rows=1 width=32) (actual time=4228.840..4228.842 rows=1 loops=1)
         ->  Nested Loop  (cost=417612.04..489683.31 rows=1881 width=8) (actual time=3179.712..4228.626 rows=592 loops=1)
               Join Filter: (part.p_partkey = lineitem.l_partkey)
               ->  Hash Join  (cost=417611.60..481628.07 rows=188 width=40) (actual time=3179.036..4126.245 rows=208 loops=1)
                     Hash Cond: (lineitem_1.l_partkey = part.p_partkey)
                     ->  HashAggregate  (cost=410510.20..472053.77 rows=195873 width=36) (actual time=3123.255..4057.967 rows=200000 loops=1)
                           Group Key: lineitem_1.l_partkey
                           Planned Partitions: 4  Batches: 5  Memory Usage: 34865kB  Disk Usage: 105272kB
                           ->  Seq Scan on lineitem lineitem_1  (cost=0.00..172572.00 rows=6001200 width=9) (actual time=0.704..743.815 rows=6001215 loops=1)
                     ->  Hash  (cost=7099.00..7099.00 rows=192 width=4) (actual time=55.630..55.631 rows=208 loops=1)
                           Buckets: 1024  Batches: 1  Memory Usage: 16kB
                           ->  Seq Scan on part  (cost=0.00..7099.00 rows=192 width=4) (actual time=1.369..55.529 rows=208 loops=1)
                                 Filter: ((p_brand = 'Brand#22'::bpchar) AND (p_container = 'LG BOX'::bpchar))
                                 Rows Removed by Filter: 199792
               ->  Index Scan using idx_lineitem_part_supp on lineitem  (cost=0.43..42.72 rows=10 width=17) (actual time=0.342..0.490 rows=3 loops=208)
                     Index Cond: (l_partkey = lineitem_1.l_partkey)
                     Filter: (l_quantity < ((0.2 * avg(lineitem_1.l_quantity))))
                     Rows Removed by Filter: 27
 Planning Time: 12.893 ms
 Execution Time: 4243.756 ms
(21 rows)

SET
SET
SET
                                                                          QUERY PLAN                                                                          
--------------------------------------------------------------------------------------------------------------------------------------------------------------
 Limit  (cost=489688.02..489688.03 rows=1 width=32) (actual time=3845.260..3845.262 rows=1 loops=1)
   ->  Aggregate  (cost=489688.02..489688.03 rows=1 width=32) (actual time=3845.258..3845.260 rows=1 loops=1)
         ->  Nested Loop  (cost=417612.04..489683.31 rows=1881 width=8) (actual time=2901.055..3845.171 rows=592 loops=1)
               Join Filter: (part.p_partkey = lineitem.l_partkey)
               ->  Hash Join  (cost=417611.60..481628.07 rows=188 width=40) (actual time=2901.022..3840.636 rows=208 loops=1)
                     Hash Cond: (lineitem_1.l_partkey = part.p_partkey)
                     ->  HashAggregate  (cost=410510.20..472053.77 rows=195873 width=36) (actual time=2873.980..3801.516 rows=200000 loops=1)
                           Group Key: lineitem_1.l_partkey
                           Planned Partitions: 4  Batches: 5  Memory Usage: 34865kB  Disk Usage: 105272kB
                           ->  Seq Scan on lineitem lineitem_1  (cost=0.00..172572.00 rows=6001200 width=9) (actual time=0.030..534.681 rows=6001215 loops=1)
                     ->  Hash  (cost=7099.00..7099.00 rows=192 width=4) (actual time=26.889..26.889 rows=208 loops=1)
                           Buckets: 1024  Batches: 1  Memory Usage: 16kB
                           ->  Seq Scan on part  (cost=0.00..7099.00 rows=192 width=4) (actual time=0.109..26.835 rows=208 loops=1)
                                 Filter: ((p_brand = 'Brand#22'::bpchar) AND (p_container = 'LG BOX'::bpchar))
                                 Rows Removed by Filter: 199792
               ->  Index Scan using idx_lineitem_part_supp on lineitem  (cost=0.43..42.72 rows=10 width=17) (actual time=0.009..0.021 rows=3 loops=208)
                     Index Cond: (l_partkey = lineitem_1.l_partkey)
                     Filter: (l_quantity < ((0.2 * avg(lineitem_1.l_quantity))))
                     Rows Removed by Filter: 27
 Planning Time: 0.723 ms
 Execution Time: 3860.597 ms
(21 rows)

query 18 run 1
SET
SET
SET
                                                                                                     QUERY PLAN                                                                                                      
---------------------------------------------------------------------------------------------------------------------------------------------------------------------------------------------------------------------
 Limit  (cost=803605.19..803605.44 rows=100 width=71) (actual time=4513.691..4513.697 rows=9 loops=1)
   ->  Sort  (cost=803605.19..808606.19 rows=2000400 width=71) (actual time=4513.690..4513.694 rows=9 loops=1)
         Sort Key: orders.o_totalprice DESC, orders.o_orderdate
         Sort Method: quicksort  Memory: 25kB
         ->  HashAggregate  (cost=666983.06..727151.34 rows=2000400 width=71) (actual time=4513.301..4513.653 rows=9 loops=1)
               Group Key: customer.c_custkey, orders.o_orderkey
               Planned Partitions: 32  Batches: 1  Memory Usage: 3097kB
               ->  Hash Join  (cost=338895.44..559227.14 rows=2000400 width=44) (actual time=3780.382..4513.233 rows=63 loops=1)
                     Hash Cond: (orders.o_custkey = customer.c_custkey)
                     ->  Hash Join  (cost=331923.44..547003.94 rows=2000400 width=25) (actual time=3711.374..4444.204 rows=63 loops=1)
                           Hash Cond: (lineitem.l_orderkey = orders.o_orderkey)
                           ->  Seq Scan on lineitem  (cost=0.00..172572.00 rows=6001200 width=9) (actual time=0.545..330.222 rows=6001215 loops=1)
                           ->  Hash  (cost=325672.19..325672.19 rows=500100 width=24) (actual time=3515.420..3515.422 rows=9 loops=1)
                                 Buckets: 524288  Batches: 1  Memory Usage: 4097kB
                                 ->  Hash Join  (cost=280603.68..325672.19 rows=500100 width=24) (actual time=3158.262..3515.396 rows=9 loops=1)
                                       Hash Cond: (orders.o_orderkey = lineitem_1.l_orderkey)
                                       ->  Seq Scan on orders  (cost=0.00..41131.00 rows=1500000 width=20) (actual time=0.329..277.233 rows=1500000 loops=1)
                                       ->  Hash  (cost=274352.43..274352.43 rows=500100 width=4) (actual time=3058.773..3058.774 rows=9 loops=1)
                                             Buckets: 524288  Batches: 1  Memory Usage: 4097kB
                                             ->  GroupAggregate  (cost=0.43..269351.43 rows=500100 width=4) (actual time=654.431..3058.748 rows=9 loops=1)
                                                   Group Key: lineitem_1.l_orderkey
                                                   Filter: (sum(lineitem_1.l_quantity) > '313'::numeric)
                                                   Rows Removed by Filter: 1499991
                                                   ->  Index Scan using idx_lineitem_orderkey on lineitem lineitem_1  (cost=0.43..216840.93 rows=6001200 width=9) (actual time=0.020..1669.493 rows=6001215 loops=1)
                     ->  Hash  (cost=5097.00..5097.00 rows=150000 width=23) (actual time=68.611..68.612 rows=150000 loops=1)
                           Buckets: 262144  Batches: 1  Memory Usage: 10252kB
                           ->  Seq Scan on customer  (cost=0.00..5097.00 rows=150000 width=23) (actual time=0.472..43.338 rows=150000 loops=1)
 Planning Time: 19.277 ms
 Execution Time: 4515.036 ms
(29 rows)

SET
SET
SET
                                                                                                     QUERY PLAN                                                                                                     
--------------------------------------------------------------------------------------------------------------------------------------------------------------------------------------------------------------------
 Limit  (cost=803605.19..803605.44 rows=100 width=71) (actual time=3438.493..3438.499 rows=9 loops=1)
   ->  Sort  (cost=803605.19..808606.19 rows=2000400 width=71) (actual time=3438.491..3438.496 rows=9 loops=1)
         Sort Key: orders.o_totalprice DESC, orders.o_orderdate
         Sort Method: quicksort  Memory: 25kB
         ->  HashAggregate  (cost=666983.06..727151.34 rows=2000400 width=71) (actual time=3438.103..3438.456 rows=9 loops=1)
               Group Key: customer.c_custkey, orders.o_orderkey
               Planned Partitions: 32  Batches: 1  Memory Usage: 3097kB
               ->  Hash Join  (cost=338895.44..559227.14 rows=2000400 width=44) (actual time=2696.223..3438.036 rows=63 loops=1)
                     Hash Cond: (orders.o_custkey = customer.c_custkey)
                     ->  Hash Join  (cost=331923.44..547003.94 rows=2000400 width=25) (actual time=2651.948..3393.740 rows=63 loops=1)
                           Hash Cond: (lineitem.l_orderkey = orders.o_orderkey)
                           ->  Seq Scan on lineitem  (cost=0.00..172572.00 rows=6001200 width=9) (actual time=0.010..328.818 rows=6001215 loops=1)
                           ->  Hash  (cost=325672.19..325672.19 rows=500100 width=24) (actual time=2454.309..2454.311 rows=9 loops=1)
                                 Buckets: 524288  Batches: 1  Memory Usage: 4097kB
                                 ->  Hash Join  (cost=280603.68..325672.19 rows=500100 width=24) (actual time=2238.545..2454.289 rows=9 loops=1)
                                       Hash Cond: (orders.o_orderkey = lineitem_1.l_orderkey)
                                       ->  Seq Scan on orders  (cost=0.00..41131.00 rows=1500000 width=20) (actual time=0.007..81.388 rows=1500000 loops=1)
                                       ->  Hash  (cost=274352.43..274352.43 rows=500100 width=4) (actual time=2179.902..2179.903 rows=9 loops=1)
                                             Buckets: 524288  Batches: 1  Memory Usage: 4097kB
                                             ->  GroupAggregate  (cost=0.43..269351.43 rows=500100 width=4) (actual time=460.662..2179.885 rows=9 loops=1)
                                                   Group Key: lineitem_1.l_orderkey
                                                   Filter: (sum(lineitem_1.l_quantity) > '313'::numeric)
                                                   Rows Removed by Filter: 1499991
                                                   ->  Index Scan using idx_lineitem_orderkey on lineitem lineitem_1  (cost=0.43..216840.93 rows=6001200 width=9) (actual time=0.016..866.100 rows=6001215 loops=1)
                     ->  Hash  (cost=5097.00..5097.00 rows=150000 width=23) (actual time=43.853..43.853 rows=150000 loops=1)
                           Buckets: 262144  Batches: 1  Memory Usage: 10252kB
                           ->  Seq Scan on customer  (cost=0.00..5097.00 rows=150000 width=23) (actual time=0.019..19.425 rows=150000 loops=1)
 Planning Time: 1.152 ms
 Execution Time: 3439.202 ms
(29 rows)

query 19 run 1
SET
SET
SET
                                                                                                                                                                                                                                                                                                                                                                                                                                                                                                            QUERY PLAN                                                                                                                                                                                                                                                                                                                                                                                                                                                                                                            
----------------------------------------------------------------------------------------------------------------------------------------------------------------------------------------------------------------------------------------------------------------------------------------------------------------------------------------------------------------------------------------------------------------------------------------------------------------------------------------------------------------------------------------------------------------------------------------------------------------------------------------------------------------------------------------------------------------------------------------------------------------------------------------------------------------------------------------------------------------------------------------------------------------------------------------------------------------------------------------------------------------------------------
 Limit  (cost=35991.70..35991.71 rows=1 width=32) (actual time=2459.817..2459.819 rows=1 loops=1)
   ->  Aggregate  (cost=35991.70..35991.71 rows=1 width=32) (actual time=2459.816..2459.817 rows=1 loops=1)
         ->  Nested Loop  (cost=0.43..35990.83 rows=115 width=12) (actual time=13.081..2459.463 rows=111 loops=1)
               ->  Seq Scan on part  (cost=0.00..12599.00 rows=487 width=30) (actual time=1.412..91.144 rows=507 loops=1)
                     Filter: ((p_size >= 1) AND (((p_brand = 'Brand#24'::bpchar) AND (p_container = ANY ('{"SM CASE","SM BOX","SM PACK","SM PKG"}'::bpchar[])) AND (p_size <= 5)) OR ((p_brand = 'Brand#43'::bpchar) AND (p_container = ANY ('{"MED BAG","MED BOX","MED PKG","MED PACK"}'::bpchar[])) AND (p_size <= 10)) OR ((p_brand = 'Brand#44'::bpchar) AND (p_container = ANY ('{"LG CASE","LG BOX","LG PACK","LG PKG"}'::bpchar[])) AND (p_size <= 15))))
                     Rows Removed by Filter: 199493
               ->  Index Scan using idx_lineitem_part_supp on lineitem  (cost=0.43..48.02 rows=1 width=21) (actual time=4.170..4.670 rows=0 loops=507)
                     Index Cond: (l_partkey = part.p_partkey)
                     Filter: ((l_shipmode = ANY ('{AIR,"AIR REG"}'::bpchar[])) AND (l_shipinstruct = 'DELIVER IN PERSON'::bpchar) AND (((l_quantity >= '10'::numeric) AND (l_quantity <= '20'::numeric)) OR ((l_quantity >= '10'::numeric) AND (l_quantity <= '20'::numeric)) OR ((l_quantity >= '20'::numeric) AND (l_quantity <= '30'::numeric))) AND (((part.p_brand = 'Brand#24'::bpchar) AND (part.p_container = ANY ('{"SM CASE","SM BOX","SM PACK","SM PKG"}'::bpchar[])) AND (l_quantity >= '10'::numeric) AND (l_quantity <= '20'::numeric) AND (part.p_size <= 5)) OR ((part.p_brand = 'Brand#43'::bpchar) AND (part.p_container = ANY ('{"MED BAG","MED BOX","MED PKG","MED PACK"}'::bpchar[])) AND (l_quantity >= '10'::numeric) AND (l_quantity <= '20'::numeric) AND (part.p_size <= 10)) OR ((part.p_brand = 'Brand#44'::bpchar) AND (part.p_container = ANY ('{"LG CASE","LG BOX","LG PACK","LG PKG"}'::bpchar[])) AND (l_quantity >= '20'::numeric) AND (l_quantity <= '30'::numeric) AND (part.p_size <= 15))))
                     Rows Removed by Filter: 30
 Planning Time: 16.670 ms
 Execution Time: 2459.877 ms
(12 rows)

SET
SET
SET
                                                                                                                                                                                                                                                                                                                                                                                                                                                                                                            QUERY PLAN                                                                                                                                                                                                                                                                                                                                                                                                                                                                                                            
----------------------------------------------------------------------------------------------------------------------------------------------------------------------------------------------------------------------------------------------------------------------------------------------------------------------------------------------------------------------------------------------------------------------------------------------------------------------------------------------------------------------------------------------------------------------------------------------------------------------------------------------------------------------------------------------------------------------------------------------------------------------------------------------------------------------------------------------------------------------------------------------------------------------------------------------------------------------------------------------------------------------------------
 Limit  (cost=35991.70..35991.71 rows=1 width=32) (actual time=63.868..63.870 rows=1 loops=1)
   ->  Aggregate  (cost=35991.70..35991.71 rows=1 width=32) (actual time=63.867..63.868 rows=1 loops=1)
         ->  Nested Loop  (cost=0.43..35990.83 rows=115 width=12) (actual time=0.331..63.784 rows=111 loops=1)
               ->  Seq Scan on part  (cost=0.00..12599.00 rows=487 width=30) (actual time=0.214..47.017 rows=507 loops=1)
                     Filter: ((p_size >= 1) AND (((p_brand = 'Brand#24'::bpchar) AND (p_container = ANY ('{"SM CASE","SM BOX","SM PACK","SM PKG"}'::bpchar[])) AND (p_size <= 5)) OR ((p_brand = 'Brand#43'::bpchar) AND (p_container = ANY ('{"MED BAG","MED BOX","MED PKG","MED PACK"}'::bpchar[])) AND (p_size <= 10)) OR ((p_brand = 'Brand#44'::bpchar) AND (p_container = ANY ('{"LG CASE","LG BOX","LG PACK","LG PKG"}'::bpchar[])) AND (p_size <= 15))))
                     Rows Removed by Filter: 199493
               ->  Index Scan using idx_lineitem_part_supp on lineitem  (cost=0.43..48.02 rows=1 width=21) (actual time=0.029..0.033 rows=0 loops=507)
                     Index Cond: (l_partkey = part.p_partkey)
                     Filter: ((l_shipmode = ANY ('{AIR,"AIR REG"}'::bpchar[])) AND (l_shipinstruct = 'DELIVER IN PERSON'::bpchar) AND (((l_quantity >= '10'::numeric) AND (l_quantity <= '20'::numeric)) OR ((l_quantity >= '10'::numeric) AND (l_quantity <= '20'::numeric)) OR ((l_quantity >= '20'::numeric) AND (l_quantity <= '30'::numeric))) AND (((part.p_brand = 'Brand#24'::bpchar) AND (part.p_container = ANY ('{"SM CASE","SM BOX","SM PACK","SM PKG"}'::bpchar[])) AND (l_quantity >= '10'::numeric) AND (l_quantity <= '20'::numeric) AND (part.p_size <= 5)) OR ((part.p_brand = 'Brand#43'::bpchar) AND (part.p_container = ANY ('{"MED BAG","MED BOX","MED PKG","MED PACK"}'::bpchar[])) AND (l_quantity >= '10'::numeric) AND (l_quantity <= '20'::numeric) AND (part.p_size <= 10)) OR ((part.p_brand = 'Brand#44'::bpchar) AND (part.p_container = ANY ('{"LG CASE","LG BOX","LG PACK","LG PKG"}'::bpchar[])) AND (l_quantity >= '20'::numeric) AND (l_quantity <= '30'::numeric) AND (part.p_size <= 15))))
                     Rows Removed by Filter: 30
 Planning Time: 0.893 ms
 Execution Time: 63.907 ms
(12 rows)

query 20 run 1
SET
SET
SET
                                                                                        QUERY PLAN                                                                                        
------------------------------------------------------------------------------------------------------------------------------------------------------------------------------------------
 Limit  (cost=218250.80..218250.80 rows=1 width=51) (actual time=3788.907..3788.911 rows=1 loops=1)
   ->  Sort  (cost=218250.80..218250.80 rows=1 width=51) (actual time=3788.906..3788.909 rows=1 loops=1)
         Sort Key: supplier.s_name
         Sort Method: top-N heapsort  Memory: 25kB
         ->  Nested Loop Semi Join  (cost=187988.26..218250.79 rows=1 width=51) (actual time=3621.045..3788.704 rows=196 loops=1)
               Join Filter: (supplier.s_suppkey = lineitem.l_suppkey)
               Rows Removed by Join Filter: 1907818
               ->  Nested Loop  (cost=0.00..449.31 rows=400 width=55) (actual time=0.476..3.712 rows=438 loops=1)
                     Join Filter: (supplier.s_nationkey = nation.n_nationkey)
                     Rows Removed by Join Filter: 9562
                     ->  Seq Scan on nation  (cost=0.00..1.31 rows=1 width=4) (actual time=0.196..0.199 rows=1 loops=1)
                           Filter: (n_name = 'IRAQ'::bpchar)
                           Rows Removed by Filter: 24
                     ->  Seq Scan on supplier  (cost=0.00..323.00 rows=10000 width=59) (actual time=0.275..2.756 rows=10000 loops=1)
               ->  Materialize  (cost=187988.26..217795.48 rows=1 width=8) (actual time=5.728..8.405 rows=4356 loops=438)
                     ->  Nested Loop  (cost=187988.26..217795.47 rows=1 width=8) (actual time=2508.861..3614.382 rows=5898 loops=1)
                           ->  Hash Join  (cost=187987.83..210730.63 rows=4958 width=44) (actual time=2508.364..3121.750 rows=5914 loops=1)
                                 Hash Cond: (lineitem.l_partkey = part.p_partkey)
                                 ->  HashAggregate  (cost=181363.58..197908.58 rows=490913 width=40) (actual time=2457.306..3022.097 rows=544869 loops=1)
                                       Group Key: lineitem.l_partkey, lineitem.l_suppkey
                                       Planned Partitions: 8  Batches: 9  Memory Usage: 34897kB  Disk Usage: 31704kB
                                       ->  Bitmap Heap Scan on lineitem  (cost=15074.62..141737.10 rows=940165 width=13) (actual time=128.220..1967.917 rows=913487 loops=1)
                                             Recheck Cond: ((l_shipdate >= '1996-01-01'::date) AND (l_shipdate < '1997-01-01'::date))
                                             Heap Blocks: exact=104951
                                             ->  Bitmap Index Scan on idx_lineitem_shipdate  (cost=0.00..14839.58 rows=940165 width=0) (actual time=111.642..111.642 rows=913487 loops=1)
                                                   Index Cond: ((l_shipdate >= '1996-01-01'::date) AND (l_shipdate < '1997-01-01'::date))
                                 ->  Hash  (cost=6599.00..6599.00 rows=2020 width=4) (actual time=51.041..51.042 rows=2187 loops=1)
                                       Buckets: 4096 (originally 2048)  Batches: 1 (originally 1)  Memory Usage: 109kB
                                       ->  Seq Scan on part  (cost=0.00..6599.00 rows=2020 width=4) (actual time=0.465..50.400 rows=2187 loops=1)
                                             Filter: ((p_name)::text ~~ 'olive%'::text)
                                             Rows Removed by Filter: 197813
                           ->  Index Scan using idx_partsupp_partkey on partsupp  (cost=0.42..1.41 rows=1 width=12) (actual time=0.082..0.082 rows=1 loops=5914)
                                 Index Cond: (ps_partkey = lineitem.l_partkey)
                                 Filter: ((lineitem.l_suppkey = ps_suppkey) AND ((ps_availqty)::numeric > ((0.5 * sum(lineitem.l_quantity)))))
                                 Rows Removed by Filter: 2
 Planning Time: 17.873 ms
 Execution Time: 3794.039 ms
(37 rows)

SET
SET
SET
                                                                                       QUERY PLAN                                                                                       
----------------------------------------------------------------------------------------------------------------------------------------------------------------------------------------
 Limit  (cost=218250.80..218250.80 rows=1 width=51) (actual time=1465.485..1465.489 rows=1 loops=1)
   ->  Sort  (cost=218250.80..218250.80 rows=1 width=51) (actual time=1465.484..1465.487 rows=1 loops=1)
         Sort Key: supplier.s_name
         Sort Method: top-N heapsort  Memory: 25kB
         ->  Nested Loop Semi Join  (cost=187988.26..218250.79 rows=1 width=51) (actual time=1298.268..1465.310 rows=196 loops=1)
               Join Filter: (supplier.s_suppkey = lineitem.l_suppkey)
               Rows Removed by Join Filter: 1907818
               ->  Nested Loop  (cost=0.00..449.31 rows=400 width=55) (actual time=0.024..1.715 rows=438 loops=1)
                     Join Filter: (supplier.s_nationkey = nation.n_nationkey)
                     Rows Removed by Join Filter: 9562
                     ->  Seq Scan on nation  (cost=0.00..1.31 rows=1 width=4) (actual time=0.009..0.012 rows=1 loops=1)
                           Filter: (n_name = 'IRAQ'::bpchar)
                           Rows Removed by Filter: 24
                     ->  Seq Scan on supplier  (cost=0.00..323.00 rows=10000 width=59) (actual time=0.011..0.609 rows=10000 loops=1)
               ->  Materialize  (cost=187988.26..217795.48 rows=1 width=8) (actual time=1.645..3.105 rows=4356 loops=438)
                     ->  Nested Loop  (cost=187988.26..217795.47 rows=1 width=8) (actual time=720.309..1294.955 rows=5898 loops=1)
                           ->  Hash Join  (cost=187987.83..210730.63 rows=4958 width=44) (actual time=720.290..1272.463 rows=5914 loops=1)
                                 Hash Cond: (lineitem.l_partkey = part.p_partkey)
                                 ->  HashAggregate  (cost=181363.58..197908.58 rows=490913 width=40) (actual time=698.419..1210.608 rows=544869 loops=1)
                                       Group Key: lineitem.l_partkey, lineitem.l_suppkey
                                       Planned Partitions: 8  Batches: 9  Memory Usage: 34897kB  Disk Usage: 31704kB
                                       ->  Bitmap Heap Scan on lineitem  (cost=15074.62..141737.10 rows=940165 width=13) (actual time=90.429..296.661 rows=913487 loops=1)
                                             Recheck Cond: ((l_shipdate >= '1996-01-01'::date) AND (l_shipdate < '1997-01-01'::date))
                                             Heap Blocks: exact=104951
                                             ->  Bitmap Index Scan on idx_lineitem_shipdate  (cost=0.00..14839.58 rows=940165 width=0) (actual time=74.346..74.346 rows=913487 loops=1)
                                                   Index Cond: ((l_shipdate >= '1996-01-01'::date) AND (l_shipdate < '1997-01-01'::date))
                                 ->  Hash  (cost=6599.00..6599.00 rows=2020 width=4) (actual time=21.854..21.854 rows=2187 loops=1)
                                       Buckets: 4096 (originally 2048)  Batches: 1 (originally 1)  Memory Usage: 109kB
                                       ->  Seq Scan on part  (cost=0.00..6599.00 rows=2020 width=4) (actual time=0.022..21.450 rows=2187 loops=1)
                                             Filter: ((p_name)::text ~~ 'olive%'::text)
                                             Rows Removed by Filter: 197813
                           ->  Index Scan using idx_partsupp_partkey on partsupp  (cost=0.42..1.41 rows=1 width=12) (actual time=0.003..0.003 rows=1 loops=5914)
                                 Index Cond: (ps_partkey = lineitem.l_partkey)
                                 Filter: ((lineitem.l_suppkey = ps_suppkey) AND ((ps_availqty)::numeric > ((0.5 * sum(lineitem.l_quantity)))))
                                 Rows Removed by Filter: 2
 Planning Time: 1.441 ms
 Execution Time: 1470.298 ms
(37 rows)

query 21 run 1
SET
SET
SET
                                                                                              QUERY PLAN                                                                                              
------------------------------------------------------------------------------------------------------------------------------------------------------------------------------------------------------
 Limit  (cost=361824.74..361824.75 rows=1 width=34) (actual time=2642.723..2642.737 rows=100 loops=1)
   ->  Sort  (cost=361824.74..361824.75 rows=1 width=34) (actual time=2642.722..2642.730 rows=100 loops=1)
         Sort Key: (count(*)) DESC, supplier.s_name
         Sort Method: top-N heapsort  Memory: 37kB
         ->  GroupAggregate  (cost=361824.71..361824.73 rows=1 width=34) (actual time=2641.706..2642.327 rows=421 loops=1)
               Group Key: supplier.s_name
               ->  Sort  (cost=361824.71..361824.72 rows=1 width=26) (actual time=2641.698..2641.857 rows=4227 loops=1)
                     Sort Key: supplier.s_name
                     Sort Method: quicksort  Memory: 523kB
                     ->  Nested Loop Semi Join  (cost=197111.80..361824.70 rows=1 width=26) (actual time=1482.775..2628.091 rows=4227 loops=1)
                           Join Filter: (l2.l_suppkey <> l1.l_suppkey)
                           Rows Removed by Join Filter: 4309
                           ->  Nested Loop Anti Join  (cost=197111.37..361821.31 rows=1 width=38) (actual time=1482.731..2612.954 rows=6909 loops=1)
                                 ->  Hash Join  (cost=197110.94..245139.76 rows=39195 width=38) (actual time=1481.745..1988.767 rows=76644 loops=1)
                                       Hash Cond: (orders.o_orderkey = l1.l_orderkey)
                                       ->  Seq Scan on orders  (cost=0.00..44881.00 rows=734900 width=4) (actual time=0.263..362.314 rows=729413 loops=1)
                                             Filter: (o_orderstatus = 'F'::bpchar)
                                             Rows Removed by Filter: 770587
                                       ->  Hash  (cost=196110.74..196110.74 rows=80016 width=34) (actual time=1481.414..1481.417 rows=159165 loops=1)
                                             Buckets: 262144 (originally 131072)  Batches: 1 (originally 1)  Memory Usage: 12618kB
                                             ->  Hash Join  (cost=234.08..196110.74 rows=80016 width=34) (actual time=5.592..1442.658 rows=159165 loops=1)
                                                   Hash Cond: (l1.l_suppkey = supplier.s_suppkey)
                                                   ->  Seq Scan on lineitem l1  (cost=0.00..187575.00 rows=2000400 width=8) (actual time=0.477..1166.795 rows=3793296 loops=1)
                                                         Filter: (l_receiptdate > l_commitdate)
                                                         Rows Removed by Filter: 2207919
                                                   ->  Hash  (cost=229.08..229.08 rows=400 width=30) (actual time=5.050..5.052 rows=421 loops=1)
                                                         Buckets: 1024  Batches: 1  Memory Usage: 35kB
                                                         ->  Nested Loop  (cost=4.88..229.08 rows=400 width=30) (actual time=1.015..4.938 rows=421 loops=1)
                                                               ->  Seq Scan on nation  (cost=0.00..1.31 rows=1 width=4) (actual time=0.191..0.193 rows=1 loops=1)
                                                                     Filter: (n_name = 'PERU'::bpchar)
                                                                     Rows Removed by Filter: 24
                                                               ->  Bitmap Heap Scan on supplier  (cost=4.88..223.76 rows=400 width=34) (actual time=0.817..4.663 rows=421 loops=1)
                                                                     Recheck Cond: (s_nationkey = nation.n_nationkey)
                                                                     Heap Blocks: exact=184
                                                                     ->  Bitmap Index Scan on idx_supplier_nation_key  (cost=0.00..4.79 rows=400 width=0) (actual time=0.509..0.509 rows=421 loops=1)
                                                                           Index Cond: (s_nationkey = nation.n_nationkey)
                                 ->  Index Scan using idx_lineitem_orderkey on lineitem l3  (cost=0.43..3.39 rows=1 width=8) (actual time=0.008..0.008 rows=1 loops=76644)
                                       Index Cond: (l_orderkey = l1.l_orderkey)
                                       Filter: ((l_receiptdate > l_commitdate) AND (l_suppkey <> l1.l_suppkey))
                                       Rows Removed by Filter: 1
                           ->  Index Scan using idx_lineitem_orderkey on lineitem l2  (cost=0.43..3.37 rows=4 width=8) (actual time=0.002..0.002 rows=1 loops=6909)
                                 Index Cond: (l_orderkey = orders.o_orderkey)
 Planning Time: 16.669 ms
 Execution Time: 2643.112 ms
(44 rows)

SET
SET
SET
                                                                                              QUERY PLAN                                                                                              
------------------------------------------------------------------------------------------------------------------------------------------------------------------------------------------------------
 Limit  (cost=361824.74..361824.75 rows=1 width=34) (actual time=1751.096..1751.110 rows=100 loops=1)
   ->  Sort  (cost=361824.74..361824.75 rows=1 width=34) (actual time=1751.095..1751.103 rows=100 loops=1)
         Sort Key: (count(*)) DESC, supplier.s_name
         Sort Method: top-N heapsort  Memory: 37kB
         ->  GroupAggregate  (cost=361824.71..361824.73 rows=1 width=34) (actual time=1750.078..1750.700 rows=421 loops=1)
               Group Key: supplier.s_name
               ->  Sort  (cost=361824.71..361824.72 rows=1 width=26) (actual time=1750.070..1750.229 rows=4227 loops=1)
                     Sort Key: supplier.s_name
                     Sort Method: quicksort  Memory: 523kB
                     ->  Nested Loop Semi Join  (cost=197111.80..361824.70 rows=1 width=26) (actual time=1262.662..1737.265 rows=4227 loops=1)
                           Join Filter: (l2.l_suppkey <> l1.l_suppkey)
                           Rows Removed by Join Filter: 4309
                           ->  Nested Loop Anti Join  (cost=197111.37..361821.31 rows=1 width=38) (actual time=1262.645..1726.119 rows=6909 loops=1)
                                 ->  Hash Join  (cost=197110.94..245139.76 rows=39195 width=38) (actual time=1262.521..1561.055 rows=76644 loops=1)
                                       Hash Cond: (orders.o_orderkey = l1.l_orderkey)
                                       ->  Seq Scan on orders  (cost=0.00..44881.00 rows=734900 width=4) (actual time=0.006..178.049 rows=729413 loops=1)
                                             Filter: (o_orderstatus = 'F'::bpchar)
                                             Rows Removed by Filter: 770587
                                       ->  Hash  (cost=196110.74..196110.74 rows=80016 width=34) (actual time=1262.177..1262.179 rows=159165 loops=1)
                                             Buckets: 262144 (originally 131072)  Batches: 1 (originally 1)  Memory Usage: 12618kB
                                             ->  Hash Join  (cost=234.08..196110.74 rows=80016 width=34) (actual time=0.485..1223.335 rows=159165 loops=1)
                                                   Hash Cond: (l1.l_suppkey = supplier.s_suppkey)
                                                   ->  Seq Scan on lineitem l1  (cost=0.00..187575.00 rows=2000400 width=8) (actual time=0.036..963.094 rows=3793296 loops=1)
                                                         Filter: (l_receiptdate > l_commitdate)
                                                         Rows Removed by Filter: 2207919
                                                   ->  Hash  (cost=229.08..229.08 rows=400 width=30) (actual time=0.426..0.427 rows=421 loops=1)
                                                         Buckets: 1024  Batches: 1  Memory Usage: 35kB
                                                         ->  Nested Loop  (cost=4.88..229.08 rows=400 width=30) (actual time=0.063..0.369 rows=421 loops=1)
                                                               ->  Seq Scan on nation  (cost=0.00..1.31 rows=1 width=4) (actual time=0.005..0.006 rows=1 loops=1)
                                                                     Filter: (n_name = 'PERU'::bpchar)
                                                                     Rows Removed by Filter: 24
                                                               ->  Bitmap Heap Scan on supplier  (cost=4.88..223.76 rows=400 width=34) (actual time=0.055..0.317 rows=421 loops=1)
                                                                     Recheck Cond: (s_nationkey = nation.n_nationkey)
                                                                     Heap Blocks: exact=184
                                                                     ->  Bitmap Index Scan on idx_supplier_nation_key  (cost=0.00..4.79 rows=400 width=0) (actual time=0.034..0.034 rows=421 loops=1)
                                                                           Index Cond: (s_nationkey = nation.n_nationkey)
                                 ->  Index Scan using idx_lineitem_orderkey on lineitem l3  (cost=0.43..3.39 rows=1 width=8) (actual time=0.002..0.002 rows=1 loops=76644)
                                       Index Cond: (l_orderkey = l1.l_orderkey)
                                       Filter: ((l_receiptdate > l_commitdate) AND (l_suppkey <> l1.l_suppkey))
                                       Rows Removed by Filter: 1
                           ->  Index Scan using idx_lineitem_orderkey on lineitem l2  (cost=0.43..3.37 rows=4 width=8) (actual time=0.001..0.001 rows=1 loops=6909)
                                 Index Cond: (l_orderkey = orders.o_orderkey)
 Planning Time: 1.832 ms
 Execution Time: 1751.216 ms
(44 rows)

query 22 run 1
SET
SET
SET
                                                                         QUERY PLAN                                                                          
-------------------------------------------------------------------------------------------------------------------------------------------------------------
 Limit  (cost=16079.47..16079.50 rows=1 width=72) (actual time=196.259..196.261 rows=1 loops=1)
   InitPlan 1 (returns $0)
     ->  Aggregate  (cost=7546.42..7546.43 rows=1 width=32) (actual time=98.093..98.094 rows=1 loops=1)
           ->  Seq Scan on customer customer_1  (cost=0.00..7534.50 rows=4766 width=6) (actual time=0.016..94.613 rows=38017 loops=1)
                 Filter: ((c_acctbal > 0.00) AND ("substring"((c_phone)::text, 1, 2) = ANY ('{21,29,26,34,14,15,17}'::text[])))
                 Rows Removed by Filter: 111983
   ->  GroupAggregate  (cost=8533.04..8553.50 rows=744 width=72) (actual time=196.258..196.258 rows=1 loops=1)
         Group Key: ("substring"((customer.c_phone)::text, 1, 2))
         ->  Sort  (cost=8533.04..8534.90 rows=744 width=38) (actual time=196.057..196.092 rows=952 loops=1)
               Sort Key: ("substring"((customer.c_phone)::text, 1, 2))
               Sort Method: quicksort  Memory: 492kB
               ->  Nested Loop Anti Join  (cost=0.43..8497.56 rows=744 width=38) (actual time=98.460..194.104 rows=6397 loops=1)
                     ->  Seq Scan on customer  (cost=0.00..7534.50 rows=1750 width=26) (actual time=98.443..151.104 rows=19077 loops=1)
                           Filter: ((c_acctbal > $0) AND ("substring"((c_phone)::text, 1, 2) = ANY ('{21,29,26,34,14,15,17}'::text[])))
                           Rows Removed by Filter: 130923
                     ->  Index Only Scan using idx_orders_custkey on orders  (cost=0.43..1.68 rows=17 width=4) (actual time=0.002..0.002 rows=1 loops=19077)
                           Index Cond: (o_custkey = customer.c_custkey)
                           Heap Fetches: 0
 Planning Time: 13.313 ms
 Execution Time: 196.903 ms
(20 rows)

SET
SET
SET
                                                                         QUERY PLAN                                                                          
-------------------------------------------------------------------------------------------------------------------------------------------------------------
 Limit  (cost=16079.47..16079.50 rows=1 width=72) (actual time=155.299..155.301 rows=1 loops=1)
   InitPlan 1 (returns $0)
     ->  Aggregate  (cost=7546.42..7546.43 rows=1 width=32) (actual time=72.265..72.266 rows=1 loops=1)
           ->  Seq Scan on customer customer_1  (cost=0.00..7534.50 rows=4766 width=6) (actual time=0.007..69.035 rows=38017 loops=1)
                 Filter: ((c_acctbal > 0.00) AND ("substring"((c_phone)::text, 1, 2) = ANY ('{21,29,26,34,14,15,17}'::text[])))
                 Rows Removed by Filter: 111983
   ->  GroupAggregate  (cost=8533.04..8553.50 rows=744 width=72) (actual time=155.298..155.298 rows=1 loops=1)
         Group Key: ("substring"((customer.c_phone)::text, 1, 2))
         ->  Sort  (cost=8533.04..8534.90 rows=744 width=38) (actual time=155.086..155.129 rows=952 loops=1)
               Sort Key: ("substring"((customer.c_phone)::text, 1, 2))
               Sort Method: quicksort  Memory: 492kB
               ->  Nested Loop Anti Join  (cost=0.43..8497.56 rows=744 width=38) (actual time=72.309..153.041 rows=6397 loops=1)
                     ->  Seq Scan on customer  (cost=0.00..7534.50 rows=1750 width=26) (actual time=72.293..122.765 rows=19077 loops=1)
                           Filter: ((c_acctbal > $0) AND ("substring"((c_phone)::text, 1, 2) = ANY ('{21,29,26,34,14,15,17}'::text[])))
                           Rows Removed by Filter: 130923
                     ->  Index Only Scan using idx_orders_custkey on orders  (cost=0.43..1.68 rows=17 width=4) (actual time=0.001..0.001 rows=1 loops=19077)
                           Index Cond: (o_custkey = customer.c_custkey)
                           Heap Fetches: 0
 Planning Time: 0.631 ms
 Execution Time: 155.346 ms
(20 rows)

