query 1 run 1
SET
SET
SET
                                                 QUERY PLAN                                                 
------------------------------------------------------------------------------------------------------------
 Limit  (cost=184180.85..184181.48 rows=1 width=236)
   ->  Finalize GroupAggregate  (cost=184180.85..184184.67 rows=6 width=236)
         Group Key: l_returnflag, l_linestatus
         ->  Gather Merge  (cost=184180.85..184183.72 rows=24 width=236)
               Workers Planned: 4
               ->  Sort  (cost=183180.79..183180.81 rows=6 width=236)
                     Sort Key: l_returnflag, l_linestatus
                     ->  Partial HashAggregate  (cost=183180.58..183180.71 rows=6 width=236)
                           Group Key: l_returnflag, l_linestatus
                           ->  Parallel Seq Scan on lineitem  (cost=0.00..131313.76 rows=1481909 width=25)
                                 Filter: (l_shipdate <= '1998-09-10 00:00:00'::timestamp without time zone)
(11 rows)

query 2 run 1
SET
SET
SET
                                                                 QUERY PLAN                                                                  
---------------------------------------------------------------------------------------------------------------------------------------------
 Limit  (cost=54211.17..54211.17 rows=1 width=192)
   ->  Sort  (cost=54211.17..54211.17 rows=1 width=192)
         Sort Key: supplier.s_acctbal DESC, nation.n_name, supplier.s_name, part.p_partkey
         ->  Hash Join  (cost=37849.01..54211.16 rows=1 width=192)
               Hash Cond: ((part.p_partkey = partsupp.ps_partkey) AND ((SubPlan 1) = partsupp.ps_supplycost))
               ->  Gather  (cost=1000.00..6425.00 rows=760 width=30)
                     Workers Planned: 2
                     ->  Parallel Seq Scan on part  (cost=0.00..5349.00 rows=317 width=30)
                           Filter: (((p_type)::text ~~ '%NICKEL'::text) AND (p_size = 16))
               ->  Hash  (cost=30542.01..30542.01 rows=160000 width=172)
                     ->  Hash Join  (cost=408.01..30542.01 rows=160000 width=172)
                           Hash Cond: (partsupp.ps_suppkey = supplier.s_suppkey)
                           ->  Seq Scan on partsupp  (cost=0.00..25534.00 rows=800000 width=14)
                           ->  Hash  (cost=383.01..383.01 rows=2000 width=166)
                                 ->  Hash Join  (cost=2.51..383.01 rows=2000 width=166)
                                       Hash Cond: (supplier.s_nationkey = nation.n_nationkey)
                                       ->  Seq Scan on supplier  (cost=0.00..323.00 rows=10000 width=144)
                                       ->  Hash  (cost=2.45..2.45 rows=5 width=30)
                                             ->  Hash Join  (cost=1.07..2.45 rows=5 width=30)
                                                   Hash Cond: (nation.n_regionkey = region.r_regionkey)
                                                   ->  Seq Scan on nation  (cost=0.00..1.25 rows=25 width=34)
                                                   ->  Hash  (cost=1.06..1.06 rows=1 width=4)
                                                         ->  Seq Scan on region  (cost=0.00..1.06 rows=1 width=4)
                                                               Filter: (r_name = 'AMERICA'::bpchar)
               SubPlan 1
                 ->  Aggregate  (cost=18.44..18.45 rows=1 width=32)
                       ->  Nested Loop  (cost=0.85..18.44 rows=1 width=6)
                             Join Filter: (nation_1.n_regionkey = region_1.r_regionkey)
                             ->  Seq Scan on region region_1  (cost=0.00..1.06 rows=1 width=4)
                                   Filter: (r_name = 'AMERICA'::bpchar)
                             ->  Nested Loop  (cost=0.85..17.33 rows=4 width=10)
                                   ->  Nested Loop  (cost=0.71..16.71 rows=4 width=10)
                                         ->  Index Scan using idx_partsupp_partkey on partsupp partsupp_1  (cost=0.42..3.50 rows=4 width=10)
                                               Index Cond: (ps_partkey = part.p_partkey)
                                         ->  Index Scan using supplier_pkey on supplier supplier_1  (cost=0.29..3.30 rows=1 width=8)
                                               Index Cond: (s_suppkey = partsupp_1.ps_suppkey)
                                   ->  Index Scan using nation_pkey on nation nation_1  (cost=0.14..0.16 rows=1 width=8)
                                         Index Cond: (n_nationkey = supplier_1.s_nationkey)
(38 rows)

query 3 run 1
SET
SET
SET
                                                          QUERY PLAN                                                          
------------------------------------------------------------------------------------------------------------------------------
 Limit  (cost=232365.80..232365.83 rows=10 width=44)
   ->  Sort  (cost=232365.80..233143.42 rows=311048 width=44)
         Sort Key: (sum((lineitem.l_extendedprice * ('1'::numeric - lineitem.l_discount)))) DESC, orders.o_orderdate
         ->  GroupAggregate  (cost=179847.13..225644.17 rows=311048 width=44)
               Group Key: lineitem.l_orderkey, orders.o_orderdate, orders.o_shippriority
               ->  Gather Merge  (cost=179847.13..217090.35 rows=311048 width=24)
                     Workers Planned: 4
                     ->  Sort  (cost=178847.07..179041.47 rows=77762 width=24)
                           Sort Key: lineitem.l_orderkey, orders.o_orderdate, orders.o_shippriority
                           ->  Parallel Hash Join  (cost=37892.42..172530.16 rows=77762 width=24)
                                 Hash Cond: (lineitem.l_orderkey = orders.o_orderkey)
                                 ->  Parallel Seq Scan on lineitem  (cost=0.00..131313.76 rows=819499 width=16)
                                       Filter: (l_shipdate > '1995-03-07'::date)
                                 ->  Parallel Hash  (cost=37318.37..37318.37 rows=45924 width=12)
                                       ->  Parallel Hash Join  (cost=4533.90..37318.37 rows=45924 width=12)
                                             Hash Cond: (orders.o_custkey = customer.c_custkey)
                                             ->  Parallel Seq Scan on orders  (cost=0.00..32179.39 rows=230501 width=16)
                                                   Filter: (o_orderdate < '1995-03-07'::date)
                                             ->  Parallel Hash  (cost=4378.25..4378.25 rows=12452 width=4)
                                                   ->  Parallel Seq Scan on customer  (cost=0.00..4378.25 rows=12452 width=4)
                                                         Filter: (c_mktsegment = 'BUILDING'::bpchar)
(21 rows)

query 4 run 1
SET
SET
SET
                                                           QUERY PLAN                                                           
--------------------------------------------------------------------------------------------------------------------------------
 Limit  (cost=29286.41..61594.76 rows=1 width=24)
   ->  GroupAggregate  (cost=29286.41..190828.14 rows=5 width=24)
         Group Key: orders.o_orderpriority
         ->  Nested Loop Semi Join  (cost=29286.41..190553.22 rows=54975 width=16)
               ->  Gather Merge  (cost=29285.98..35789.88 rows=54975 width=20)
                     Workers Planned: 3
                     ->  Sort  (cost=28285.94..28330.27 rows=17734 width=20)
                           Sort Key: orders.o_orderpriority
                           ->  Parallel Bitmap Heap Scan on orders  (cost=637.42..27034.43 rows=17734 width=20)
                                 Recheck Cond: ((o_orderdate >= '1993-12-01'::date) AND (o_orderdate < '1994-03-01'::date))
                                 ->  Bitmap Index Scan on idx_orders_orderdate  (cost=0.00..623.68 rows=54975 width=0)
                                       Index Cond: ((o_orderdate >= '1993-12-01'::date) AND (o_orderdate < '1994-03-01'::date))
               ->  Index Scan using idx_lineitem_orderkey on lineitem  (cost=0.43..3.20 rows=1 width=4)
                     Index Cond: (l_orderkey = orders.o_orderkey)
                     Filter: (l_commitdate < l_receiptdate)
(15 rows)

query 5 run 1
SET
SET
SET
                                                                       QUERY PLAN                                                                       
--------------------------------------------------------------------------------------------------------------------------------------------------------
 Limit  (cost=83365.01..83365.01 rows=1 width=58)
   ->  Sort  (cost=83365.01..83365.07 rows=25 width=58)
         Sort Key: (sum((lineitem.l_extendedprice * ('1'::numeric - lineitem.l_discount)))) DESC
         ->  Finalize GroupAggregate  (cost=83326.06..83364.88 rows=25 width=58)
               Group Key: nation.n_name
               ->  Gather Merge  (cost=83326.06..83364.01 rows=75 width=58)
                     Workers Planned: 3
                     ->  Partial GroupAggregate  (cost=82326.02..82355.15 rows=25 width=58)
                           Group Key: nation.n_name
                           ->  Sort  (cost=82326.02..82331.78 rows=2306 width=38)
                                 Sort Key: nation.n_name
                                 ->  Hash Join  (cost=7806.07..82197.21 rows=2306 width=38)
                                       Hash Cond: ((lineitem.l_suppkey = supplier.s_suppkey) AND (customer.c_nationkey = supplier.s_nationkey))
                                       ->  Nested Loop  (cost=7333.07..81421.05 rows=57745 width=50)
                                             ->  Parallel Hash Join  (cost=7332.64..34877.20 rows=14436 width=38)
                                                   Hash Cond: (orders.o_custkey = customer.c_custkey)
                                                   ->  Parallel Bitmap Heap Scan on orders  (cost=2592.51..29806.24 rows=72182 width=8)
                                                         Recheck Cond: ((o_orderdate >= '1993-01-01'::date) AND (o_orderdate < '1994-01-01'::date))
                                                         ->  Bitmap Index Scan on idx_orders_orderdate  (cost=0.00..2536.57 rows=223764 width=0)
                                                               Index Cond: ((o_orderdate >= '1993-01-01'::date) AND (o_orderdate < '1994-01-01'::date))
                                                   ->  Parallel Hash  (cost=4583.88..4583.88 rows=12500 width=38)
                                                         ->  Hash Join  (cost=2.51..4583.88 rows=12500 width=38)
                                                               Hash Cond: (customer.c_nationkey = nation.n_nationkey)
                                                               ->  Parallel Seq Scan on customer  (cost=0.00..4222.00 rows=62500 width=8)
                                                               ->  Hash  (cost=2.45..2.45 rows=5 width=30)
                                                                     ->  Hash Join  (cost=1.07..2.45 rows=5 width=30)
                                                                           Hash Cond: (nation.n_regionkey = region.r_regionkey)
                                                                           ->  Seq Scan on nation  (cost=0.00..1.25 rows=25 width=34)
                                                                           ->  Hash  (cost=1.06..1.06 rows=1 width=4)
                                                                                 ->  Seq Scan on region  (cost=0.00..1.06 rows=1 width=4)
                                                                                       Filter: (r_name = 'AMERICA'::bpchar)
                                             ->  Index Scan using idx_lineitem_orderkey on lineitem  (cost=0.43..3.18 rows=4 width=20)
                                                   Index Cond: (l_orderkey = orders.o_orderkey)
                                       ->  Hash  (cost=323.00..323.00 rows=10000 width=8)
                                             ->  Seq Scan on supplier  (cost=0.00..323.00 rows=10000 width=8)
(35 rows)

query 6 run 1
SET
SET
SET
                                                                                                                QUERY PLAN                                                                                                                 
-------------------------------------------------------------------------------------------------------------------------------------------------------------------------------------------------------------------------------------------
 Limit  (cost=108151.90..108151.91 rows=1 width=32)
   ->  Finalize Aggregate  (cost=108151.90..108151.91 rows=1 width=32)
         ->  Gather  (cost=108151.47..108151.88 rows=4 width=32)
               Workers Planned: 4
               ->  Partial Aggregate  (cost=107151.47..107151.48 rows=1 width=32)
                     ->  Parallel Bitmap Heap Scan on lineitem  (cost=21244.09..107000.46 rows=30202 width=12)
                           Recheck Cond: ((l_shipdate >= '1993-01-01'::date) AND (l_shipdate < '1994-01-01 00:00:00'::timestamp without time zone) AND (l_discount >= 0.06) AND (l_discount <= 0.08) AND (l_quantity < '25'::numeric))
                           ->  Bitmap Index Scan on idx_lineitem_shipdate  (cost=0.00..21213.88 rows=120810 width=0)
                                 Index Cond: ((l_shipdate >= '1993-01-01'::date) AND (l_shipdate < '1994-01-01 00:00:00'::timestamp without time zone) AND (l_discount >= 0.06) AND (l_discount <= 0.08) AND (l_quantity < '25'::numeric))
(9 rows)

query 7 run 1
SET
SET
SET
                                                                                                      QUERY PLAN                                                                                                       
-----------------------------------------------------------------------------------------------------------------------------------------------------------------------------------------------------------------------
 Limit  (cost=141497.61..141655.99 rows=1 width=116)
   ->  GroupAggregate  (cost=141497.61..1116153.52 rows=6154 width=116)
         Group Key: n1.n_name, n2.n_name, EXTRACT(year FROM lineitem.l_shipdate)
         ->  Nested Loop  (cost=141497.61..1115968.90 rows=6154 width=96)
               Join Filter: (n2.n_nationkey = customer.c_nationkey)
               ->  Nested Loop  (cost=141497.19..638448.12 rows=153841 width=76)
                     ->  Gather Merge  (cost=141496.76..159920.57 rows=153872 width=76)
                           Workers Planned: 4
                           ->  Sort  (cost=140496.70..140592.87 rows=38468 width=76)
                                 Sort Key: n1.n_name, n2.n_name, (EXTRACT(year FROM lineitem.l_shipdate))
                                 ->  Hash Join  (cost=381.77..137567.10 rows=38468 width=76)
                                       Hash Cond: (lineitem.l_suppkey = supplier.s_suppkey)
                                       ->  Parallel Seq Scan on lineitem  (cost=0.00..135064.52 rows=463010 width=24)
                                             Filter: ((l_shipdate >= '1995-01-01'::date) AND (l_shipdate <= '1996-12-31'::date))
                                       ->  Hash  (cost=371.37..371.37 rows=832 width=60)
                                             ->  Hash Join  (cost=2.87..371.37 rows=832 width=60)
                                                   Hash Cond: (supplier.s_nationkey = n1.n_nationkey)
                                                   ->  Seq Scan on supplier  (cost=0.00..323.00 rows=10000 width=8)
                                                   ->  Hash  (cost=2.84..2.84 rows=2 width=60)
                                                         ->  Nested Loop  (cost=0.00..2.84 rows=2 width=60)
                                                               Join Filter: (((n1.n_name = 'PERU'::bpchar) AND (n2.n_name = 'MOROCCO'::bpchar)) OR ((n1.n_name = 'MOROCCO'::bpchar) AND (n2.n_name = 'PERU'::bpchar)))
                                                               ->  Seq Scan on nation n1  (cost=0.00..1.38 rows=2 width=30)
                                                                     Filter: ((n_name = 'PERU'::bpchar) OR (n_name = 'MOROCCO'::bpchar))
                                                               ->  Materialize  (cost=0.00..1.39 rows=2 width=30)
                                                                     ->  Seq Scan on nation n2  (cost=0.00..1.38 rows=2 width=30)
                                                                           Filter: ((n_name = 'MOROCCO'::bpchar) OR (n_name = 'PERU'::bpchar))
                     ->  Index Scan using orders_pkey on orders  (cost=0.43..3.11 rows=1 width=8)
                           Index Cond: (o_orderkey = lineitem.l_orderkey)
               ->  Index Scan using customer_pkey on customer  (cost=0.42..3.09 rows=1 width=8)
                     Index Cond: (c_custkey = orders.o_custkey)
(30 rows)

query 8 run 1
SET
SET
SET
                                                                  QUERY PLAN                                                                   
-----------------------------------------------------------------------------------------------------------------------------------------------
 Limit  (cost=42029.25..42414.75 rows=1 width=64)
   ->  GroupAggregate  (cost=42029.25..969555.37 rows=2406 width=64)
         Group Key: EXTRACT(year FROM orders.o_orderdate)
         ->  Nested Loop  (cost=42029.25..969458.29 rows=2448 width=70)
               Join Filter: (supplier.s_nationkey = n2.n_nationkey)
               ->  Nested Loop  (cost=42029.25..968566.78 rows=2448 width=20)
                     ->  Nested Loop  (cost=42028.96..961368.84 rows=2453 width=20)
                           ->  Nested Loop  (cost=42028.53..351469.30 rows=369678 width=24)
                                 ->  Gather Merge  (cost=42028.10..52961.86 rows=92419 width=8)
                                       Workers Planned: 3
                                       ->  Sort  (cost=41028.06..41102.59 rows=29813 width=8)
                                             Sort Key: (EXTRACT(year FROM orders.o_orderdate))
                                             ->  Parallel Hash Join  (cost=4740.13..38812.41 rows=29813 width=8)
                                                   Hash Cond: (orders.o_custkey = customer.c_custkey)
                                                   ->  Parallel Seq Scan on orders  (cost=0.00..33389.06 rows=149064 width=12)
                                                         Filter: ((o_orderdate >= '1995-01-01'::date) AND (o_orderdate <= '1996-12-31'::date))
                                                   ->  Parallel Hash  (cost=4583.88..4583.88 rows=12500 width=4)
                                                         ->  Hash Join  (cost=2.51..4583.88 rows=12500 width=4)
                                                               Hash Cond: (customer.c_nationkey = n1.n_nationkey)
                                                               ->  Parallel Seq Scan on customer  (cost=0.00..4222.00 rows=62500 width=8)
                                                               ->  Hash  (cost=2.45..2.45 rows=5 width=4)
                                                                     ->  Hash Join  (cost=1.07..2.45 rows=5 width=4)
                                                                           Hash Cond: (n1.n_regionkey = region.r_regionkey)
                                                                           ->  Seq Scan on nation n1  (cost=0.00..1.25 rows=25 width=8)
                                                                           ->  Hash  (cost=1.06..1.06 rows=1 width=4)
                                                                                 ->  Seq Scan on region  (cost=0.00..1.06 rows=1 width=4)
                                                                                       Filter: (r_name = 'AMERICA'::bpchar)
                                 ->  Index Scan using idx_lineitem_orderkey on lineitem  (cost=0.43..3.19 rows=4 width=24)
                                       Index Cond: (l_orderkey = orders.o_orderkey)
                           ->  Memoize  (cost=0.43..3.11 rows=1 width=4)
                                 Cache Key: lineitem.l_partkey
                                 Cache Mode: logical
                                 ->  Index Scan using part_pkey on part  (cost=0.42..3.10 rows=1 width=4)
                                       Index Cond: (p_partkey = lineitem.l_partkey)
                                       Filter: ((p_type)::text = 'LARGE POLISHED BRASS'::text)
                     ->  Index Scan using supplier_pkey on supplier  (cost=0.29..2.93 rows=1 width=8)
                           Index Cond: (s_suppkey = lineitem.l_suppkey)
               ->  Materialize  (cost=0.00..1.38 rows=25 width=30)
                     ->  Seq Scan on nation n2  (cost=0.00..1.25 rows=25 width=30)
(39 rows)

query 9 run 1
SET
SET
SET
                                                                    QUERY PLAN                                                                    
--------------------------------------------------------------------------------------------------------------------------------------------------
 Limit  (cost=30924.73..31962.44 rows=1 width=90)
   ->  GroupAggregate  (cost=30924.73..184505.29 rows=148 width=90)
         Group Key: nation.n_name, (EXTRACT(year FROM orders.o_orderdate))
         ->  Incremental Sort  (cost=30924.73..184500.48 rows=148 width=81)
               Sort Key: nation.n_name, (EXTRACT(year FROM orders.o_orderdate)) DESC
               Presorted Key: nation.n_name
               ->  Nested Loop  (cost=24525.85..184494.45 rows=148 width=81)
                     ->  Nested Loop  (cost=24525.42..184028.42 rows=148 width=53)
                           Join Filter: (supplier.s_suppkey = lineitem.l_suppkey)
                           ->  Gather Merge  (cost=24524.99..30171.75 rows=48484 width=48)
                                 Workers Planned: 2
                                 ->  Sort  (cost=23524.96..23575.47 rows=20202 width=48)
                                       Sort Key: nation.n_name
                                       ->  Hash Join  (cost=449.99..22080.30 rows=20202 width=48)
                                             Hash Cond: (supplier.s_nationkey = nation.n_nationkey)
                                             ->  Hash Join  (cost=448.43..22016.72 rows=20202 width=26)
                                                   Hash Cond: (partsupp.ps_suppkey = supplier.s_suppkey)
                                                   ->  Nested Loop  (cost=0.42..21515.66 rows=20202 width=18)
                                                         ->  Parallel Seq Scan on part  (cost=0.00..5140.67 rows=5050 width=4)
                                                               Filter: ((p_name)::text ~~ '%navy%'::text)
                                                         ->  Index Scan using idx_partsupp_partkey on partsupp  (cost=0.42..3.20 rows=4 width=14)
                                                               Index Cond: (ps_partkey = part.p_partkey)
                                                   ->  Hash  (cost=323.00..323.00 rows=10000 width=8)
                                                         ->  Seq Scan on supplier  (cost=0.00..323.00 rows=10000 width=8)
                                             ->  Hash  (cost=1.25..1.25 rows=25 width=30)
                                                   ->  Seq Scan on nation  (cost=0.00..1.25 rows=25 width=30)
                           ->  Index Scan using idx_lineitem_part_supp on lineitem  (cost=0.43..3.16 rows=1 width=29)
                                 Index Cond: ((l_partkey = partsupp.ps_partkey) AND (l_suppkey = partsupp.ps_suppkey))
                     ->  Index Scan using orders_pkey on orders  (cost=0.43..3.15 rows=1 width=8)
                           Index Cond: (o_orderkey = lineitem.l_orderkey)
(30 rows)

query 10 run 1
SET
SET
SET
                                                                 QUERY PLAN                                                                 
--------------------------------------------------------------------------------------------------------------------------------------------
 Limit  (cost=100777.96..100778.01 rows=20 width=202)
   ->  Sort  (cost=100777.96..100918.56 rows=56237 width=202)
         Sort Key: (sum((lineitem.l_extendedprice * ('1'::numeric - lineitem.l_discount)))) DESC
         ->  HashAggregate  (cost=98578.55..99281.52 rows=56237 width=202)
               Group Key: customer.c_custkey, nation.n_name
               ->  Gather  (cost=6665.45..97875.59 rows=56237 width=182)
                     Workers Planned: 3
                     ->  Hash Join  (cost=5665.45..91251.89 rows=18141 width=182)
                           Hash Cond: (customer.c_nationkey = nation.n_nationkey)
                           ->  Parallel Hash Join  (cost=5663.89..91194.63 rows=18141 width=160)
                                 Hash Cond: (orders.o_custkey = customer.c_custkey)
                                 ->  Nested Loop  (cost=660.64..86143.76 rows=18141 width=16)
                                       ->  Parallel Bitmap Heap Scan on orders  (cost=660.20..27066.55 rows=18356 width=8)
                                             Recheck Cond: ((o_orderdate >= '1994-08-01'::date) AND (o_orderdate < '1994-11-01'::date))
                                             ->  Bitmap Index Scan on idx_orders_orderdate  (cost=0.00..645.98 rows=56905 width=0)
                                                   Index Cond: ((o_orderdate >= '1994-08-01'::date) AND (o_orderdate < '1994-11-01'::date))
                                       ->  Index Scan using idx_lineitem_orderkey on lineitem  (cost=0.43..3.21 rows=1 width=16)
                                             Index Cond: (l_orderkey = orders.o_orderkey)
                                             Filter: (l_returnflag = 'R'::bpchar)
                                 ->  Parallel Hash  (cost=4222.00..4222.00 rows=62500 width=148)
                                       ->  Parallel Seq Scan on customer  (cost=0.00..4222.00 rows=62500 width=148)
                           ->  Hash  (cost=1.25..1.25 rows=25 width=30)
                                 ->  Seq Scan on nation  (cost=0.00..1.25 rows=25 width=30)
(23 rows)

query 11 run 1
SET
SET
SET
                                                      QUERY PLAN                                                       
-----------------------------------------------------------------------------------------------------------------------
 Limit  (cost=15992.47..15992.47 rows=1 width=36)
   InitPlan 1 (returns $2)
     ->  Aggregate  (cost=7689.56..7689.57 rows=1 width=32)
           ->  Nested Loop  (cost=5.31..7449.56 rows=32000 width=10)
                 ->  Nested Loop  (cost=4.88..229.08 rows=400 width=4)
                       ->  Seq Scan on nation nation_1  (cost=0.00..1.31 rows=1 width=4)
                             Filter: (n_name = 'SAUDI ARABIA'::bpchar)
                       ->  Bitmap Heap Scan on supplier supplier_1  (cost=4.88..223.76 rows=400 width=8)
                             Recheck Cond: (s_nationkey = nation_1.n_nationkey)
                             ->  Bitmap Index Scan on idx_supplier_nation_key  (cost=0.00..4.79 rows=400 width=0)
                                   Index Cond: (s_nationkey = nation_1.n_nationkey)
                 ->  Index Scan using idx_partsupp_suppkey on partsupp partsupp_1  (cost=0.42..17.25 rows=80 width=14)
                       Index Cond: (ps_suppkey = supplier_1.s_suppkey)
   ->  Sort  (cost=8302.89..8329.56 rows=10667 width=36)
         Sort Key: (sum((partsupp.ps_supplycost * (partsupp.ps_availqty)::numeric))) DESC
         ->  HashAggregate  (cost=7769.56..8249.56 rows=10667 width=36)
               Group Key: partsupp.ps_partkey
               Filter: (sum((partsupp.ps_supplycost * (partsupp.ps_availqty)::numeric)) > $2)
               ->  Nested Loop  (cost=5.31..7449.56 rows=32000 width=14)
                     ->  Nested Loop  (cost=4.88..229.08 rows=400 width=4)
                           ->  Seq Scan on nation  (cost=0.00..1.31 rows=1 width=4)
                                 Filter: (n_name = 'SAUDI ARABIA'::bpchar)
                           ->  Bitmap Heap Scan on supplier  (cost=4.88..223.76 rows=400 width=8)
                                 Recheck Cond: (s_nationkey = nation.n_nationkey)
                                 ->  Bitmap Index Scan on idx_supplier_nation_key  (cost=0.00..4.79 rows=400 width=0)
                                       Index Cond: (s_nationkey = nation.n_nationkey)
                     ->  Index Scan using idx_partsupp_suppkey on partsupp  (cost=0.42..17.25 rows=80 width=18)
                           Index Cond: (ps_suppkey = supplier.s_suppkey)
(28 rows)

query 12 run 1
SET
SET
SET
                                                                                                                    QUERY PLAN                                                                                                                     
---------------------------------------------------------------------------------------------------------------------------------------------------------------------------------------------------------------------------------------------------
 Limit  (cost=147775.13..161053.96 rows=1 width=27)
   ->  GroupAggregate  (cost=147775.13..240726.90 rows=7 width=27)
         Group Key: lineitem.l_shipmode
         ->  Nested Loop  (cost=147775.13..240226.26 rows=28604 width=27)
               ->  Gather Merge  (cost=147774.71..151200.31 rows=28610 width=15)
                     Workers Planned: 4
                     ->  Sort  (cost=146774.65..146792.53 rows=7152 width=15)
                           Sort Key: lineitem.l_shipmode
                           ->  Parallel Seq Scan on lineitem  (cost=0.00..146316.77 rows=7152 width=15)
                                 Filter: ((l_shipmode = ANY ('{SHIP,"REG AIR"}'::bpchar[])) AND (l_commitdate < l_receiptdate) AND (l_shipdate < l_commitdate) AND (l_receiptdate >= '1994-01-01'::date) AND (l_receiptdate < '1995-01-01'::date))
               ->  Index Scan using orders_pkey on orders  (cost=0.43..3.11 rows=1 width=20)
                     Index Cond: (o_orderkey = lineitem.l_orderkey)
(12 rows)

query 13 run 1
SET
SET
SET
                                                          QUERY PLAN                                                           
-------------------------------------------------------------------------------------------------------------------------------
 Limit  (cost=64816.89..64816.89 rows=1 width=16)
   ->  Sort  (cost=64816.89..64817.39 rows=200 width=16)
         Sort Key: (count(*)) DESC, (count(orders.o_orderkey)) DESC
         ->  HashAggregate  (cost=64813.89..64815.89 rows=200 width=16)
               Group Key: count(orders.o_orderkey)
               ->  HashAggregate  (cost=61063.89..62563.89 rows=150000 width=12)
                     Group Key: customer.c_custkey
                     ->  Hash Right Join  (cost=4746.42..53564.64 rows=1499850 width=8)
                           Hash Cond: (orders.o_custkey = customer.c_custkey)
                           ->  Seq Scan on orders  (cost=0.00..44881.00 rows=1499850 width=8)
                                 Filter: ((o_comment)::text !~~ '%special%requests%'::text)
                           ->  Hash  (cost=2871.42..2871.42 rows=150000 width=4)
                                 ->  Index Only Scan using customer_pkey on customer  (cost=0.42..2871.42 rows=150000 width=4)
(13 rows)

query 14 run 1
SET
SET
SET
                                                          QUERY PLAN                                                          
------------------------------------------------------------------------------------------------------------------------------
 Limit  (cost=75553.00..75553.01 rows=1 width=32)
   ->  Finalize Aggregate  (cost=75553.00..75553.01 rows=1 width=32)
         ->  Gather  (cost=75552.54..75552.95 rows=4 width=64)
               Workers Planned: 4
               ->  Partial Aggregate  (cost=74552.54..74552.55 rows=1 width=64)
                     ->  Parallel Hash Join  (cost=7241.19..74207.12 rows=19738 width=33)
                           Hash Cond: (lineitem.l_partkey = part.p_partkey)
                           ->  Parallel Bitmap Heap Scan on lineitem  (cost=1267.19..68181.32 rows=19738 width=16)
                                 Recheck Cond: ((l_shipdate >= '1994-05-01'::date) AND (l_shipdate < '1994-06-01'::date))
                                 ->  Bitmap Index Scan on idx_lineitem_shipdate  (cost=0.00..1247.45 rows=78952 width=0)
                                       Index Cond: ((l_shipdate >= '1994-05-01'::date) AND (l_shipdate < '1994-06-01'::date))
                           ->  Parallel Hash  (cost=4932.33..4932.33 rows=83333 width=25)
                                 ->  Parallel Seq Scan on part  (cost=0.00..4932.33 rows=83333 width=25)
(13 rows)

query 15 run 1
SET
SET
SET
CREATE VIEW
                                                             QUERY PLAN                                                             
------------------------------------------------------------------------------------------------------------------------------------
 Limit  (cost=242204.33..242311.81 rows=1 width=103)
   InitPlan 1 (returns $0)
     ->  Aggregate  (cost=122558.87..122558.88 rows=1 width=32)
           ->  HashAggregate  (cost=122308.42..122433.65 rows=10018 width=36)
                 Group Key: lineitem_1.l_suppkey
                 ->  Bitmap Heap Scan on lineitem lineitem_1  (cost=3809.42..119932.82 rows=237560 width=16)
                       Recheck Cond: ((l_shipdate >= '1996-01-01'::date) AND (l_shipdate < '1996-04-01'::date))
                       ->  Bitmap Index Scan on idx_lineitem_shipdate  (cost=0.00..3750.03 rows=237560 width=0)
                             Index Cond: ((l_shipdate >= '1996-01-01'::date) AND (l_shipdate < '1996-04-01'::date))
   ->  Nested Loop  (cost=119645.45..125019.11 rows=50 width=103)
         ->  Finalize GroupAggregate  (cost=119645.17..124893.98 rows=50 width=36)
               Group Key: lineitem.l_suppkey
               Filter: (sum((lineitem.l_extendedprice * ('1'::numeric - lineitem.l_discount))) = $0)
               ->  Gather Merge  (cost=119645.17..124443.17 rows=40072 width=36)
                     Workers Planned: 4
                     ->  Sort  (cost=118645.11..118670.15 rows=10018 width=36)
                           Sort Key: lineitem.l_suppkey
                           ->  Partial HashAggregate  (cost=117854.17..117979.40 rows=10018 width=36)
                                 Group Key: lineitem.l_suppkey
                                 ->  Parallel Bitmap Heap Scan on lineitem  (cost=3809.42..117260.27 rows=59390 width=16)
                                       Recheck Cond: ((l_shipdate >= '1996-01-01'::date) AND (l_shipdate < '1996-04-01'::date))
                                       ->  Bitmap Index Scan on idx_lineitem_shipdate  (cost=0.00..3750.03 rows=237560 width=0)
                                             Index Cond: ((l_shipdate >= '1996-01-01'::date) AND (l_shipdate < '1996-04-01'::date))
         ->  Index Scan using supplier_pkey on supplier  (cost=0.29..2.49 rows=1 width=71)
               Index Cond: (s_suppkey = lineitem.l_suppkey)
(25 rows)

DROP VIEW
query 16 run 1
SET
SET
SET
                                                                                            QUERY PLAN                                                                                            
--------------------------------------------------------------------------------------------------------------------------------------------------------------------------------------------------
 Limit  (cost=26859.02..26859.03 rows=1 width=44)
   ->  Sort  (cost=26859.02..26899.27 rows=16100 width=44)
         Sort Key: (count(DISTINCT partsupp.ps_suppkey)) DESC, part.p_brand, part.p_type, part.p_size
         ->  GroupAggregate  (cost=18791.15..26778.52 rows=16100 width=44)
               Group Key: part.p_brand, part.p_type, part.p_size
               ->  Gather Merge  (cost=18791.15..26014.26 rows=60326 width=40)
                     Workers Planned: 4
                     ->  Sort  (cost=17791.09..17828.80 rows=15082 width=40)
                           Sort Key: part.p_brand, part.p_type, part.p_size
                           ->  Parallel Hash Join  (cost=6687.86..16744.36 rows=15082 width=40)
                                 Hash Cond: (partsupp.ps_partkey = part.p_partkey)
                                 ->  Parallel Index Only Scan using partsupp_pkey on partsupp  (cost=348.43..10142.43 rows=100000 width=8)
                                       Filter: (NOT (hashed SubPlan 1))
                                       SubPlan 1
                                         ->  Seq Scan on supplier  (cost=0.00..348.00 rows=1 width=4)
                                               Filter: ((s_comment)::text ~~ '%Customer%Complaints%'::text)
                                 ->  Parallel Hash  (cost=6182.33..6182.33 rows=12568 width=40)
                                       ->  Parallel Seq Scan on part  (cost=0.00..6182.33 rows=12568 width=40)
                                             Filter: ((p_brand <> 'Brand#12'::bpchar) AND ((p_type)::text !~~ 'SMALL BRUSHED%'::text) AND (p_size = ANY ('{12,32,36,26,40,34,49,9}'::integer[])))
(19 rows)

query 17 run 1
SET
SET
SET
                                                           QUERY PLAN                                                            
---------------------------------------------------------------------------------------------------------------------------------
 Limit  (cost=339212.77..339212.78 rows=1 width=32)
   ->  Aggregate  (cost=339212.77..339212.78 rows=1 width=32)
         ->  Merge Join  (cost=223111.16..339207.62 rows=2061 width=8)
               Merge Cond: (lineitem_1.l_partkey = part.p_partkey)
               Join Filter: (lineitem.l_quantity < ((0.2 * avg(lineitem_1.l_quantity))))
               ->  Finalize GroupAggregate  (cost=222110.29..323498.68 rows=193512 width=36)
                     Group Key: lineitem_1.l_partkey
                     ->  Gather Merge  (cost=222110.29..314790.64 rows=774048 width=36)
                           Workers Planned: 4
                           ->  Sort  (cost=221110.23..221594.01 rows=193512 width=36)
                                 Sort Key: lineitem_1.l_partkey
                                 ->  Partial HashAggregate  (cost=187047.60..204117.88 rows=193512 width=36)
                                       Group Key: lineitem_1.l_partkey
                                       Planned Partitions: 4
                                       ->  Parallel Seq Scan on lineitem lineitem_1  (cost=0.00..127563.01 rows=1500301 width=9)
               ->  Materialize  (cost=1000.88..13196.75 rows=6391 width=21)
                     ->  Gather Merge  (cost=1000.88..13180.78 rows=6391 width=21)
                           Workers Planned: 2
                           ->  Nested Loop  (cost=0.85..11443.07 rows=2663 width=21)
                                 ->  Parallel Index Scan using part_pkey on part  (cost=0.42..7176.42 rows=89 width=4)
                                       Filter: ((p_brand = 'Brand#22'::bpchar) AND (p_container = 'LG BOX'::bpchar))
                                 ->  Index Scan using idx_lineitem_part_supp on lineitem  (cost=0.43..47.63 rows=31 width=17)
                                       Index Cond: (l_partkey = part.p_partkey)
(23 rows)

query 18 run 1
SET
SET
SET
                                                                            QUERY PLAN                                                                            
------------------------------------------------------------------------------------------------------------------------------------------------------------------
 Limit  (cost=803605.34..803605.59 rows=100 width=71)
   ->  Sort  (cost=803605.34..808606.34 rows=2000400 width=71)
         Sort Key: orders.o_totalprice DESC, orders.o_orderdate
         ->  HashAggregate  (cost=666983.21..727151.49 rows=2000400 width=71)
               Group Key: customer.c_custkey, orders.o_orderkey
               Planned Partitions: 32
               ->  Hash Join  (cost=338895.54..559227.29 rows=2000400 width=44)
                     Hash Cond: (orders.o_custkey = customer.c_custkey)
                     ->  Hash Join  (cost=331923.54..547004.09 rows=2000400 width=25)
                           Hash Cond: (lineitem.l_orderkey = orders.o_orderkey)
                           ->  Seq Scan on lineitem  (cost=0.00..172572.04 rows=6001204 width=9)
                           ->  Hash  (cost=325672.29..325672.29 rows=500100 width=24)
                                 ->  Hash Join  (cost=280603.78..325672.29 rows=500100 width=24)
                                       Hash Cond: (orders.o_orderkey = lineitem_1.l_orderkey)
                                       ->  Seq Scan on orders  (cost=0.00..41131.00 rows=1500000 width=20)
                                       ->  Hash  (cost=274352.53..274352.53 rows=500100 width=4)
                                             ->  GroupAggregate  (cost=0.43..269351.53 rows=500100 width=4)
                                                   Group Key: lineitem_1.l_orderkey
                                                   Filter: (sum(lineitem_1.l_quantity) > '313'::numeric)
                                                   ->  Index Scan using idx_lineitem_orderkey on lineitem lineitem_1  (cost=0.43..216840.99 rows=6001204 width=9)
                     ->  Hash  (cost=5097.00..5097.00 rows=150000 width=23)
                           ->  Seq Scan on customer  (cost=0.00..5097.00 rows=150000 width=23)
(22 rows)

query 19 run 1
SET
SET
SET
                                                                                                                                                                                                                                                                                                                                                                                                                                                                                                                  QUERY PLAN                                                                                                                                                                                                                                                                                                                                                                                                                                                                                                                  
----------------------------------------------------------------------------------------------------------------------------------------------------------------------------------------------------------------------------------------------------------------------------------------------------------------------------------------------------------------------------------------------------------------------------------------------------------------------------------------------------------------------------------------------------------------------------------------------------------------------------------------------------------------------------------------------------------------------------------------------------------------------------------------------------------------------------------------------------------------------------------------------------------------------------------------------------------------------------------------------------------------------------------------------
 Limit  (cost=18257.53..18257.54 rows=1 width=32)
   ->  Finalize Aggregate  (cost=18257.53..18257.54 rows=1 width=32)
         ->  Gather  (cost=18257.31..18257.52 rows=2 width=32)
               Workers Planned: 2
               ->  Partial Aggregate  (cost=17257.31..17257.32 rows=1 width=32)
                     ->  Nested Loop  (cost=0.43..17256.95 rows=47 width=12)
                           ->  Parallel Seq Scan on part  (cost=0.00..7640.67 rows=200 width=30)
                                 Filter: ((p_size >= 1) AND (((p_brand = 'Brand#24'::bpchar) AND (p_container = ANY ('{"SM CASE","SM BOX","SM PACK","SM PKG"}'::bpchar[])) AND (p_size <= 5)) OR ((p_brand = 'Brand#43'::bpchar) AND (p_container = ANY ('{"MED BAG","MED BOX","MED PKG","MED PACK"}'::bpchar[])) AND (p_size <= 10)) OR ((p_brand = 'Brand#44'::bpchar) AND (p_container = ANY ('{"LG CASE","LG BOX","LG PACK","LG PKG"}'::bpchar[])) AND (p_size <= 15))))
                           ->  Index Scan using idx_lineitem_part_supp on lineitem  (cost=0.43..48.07 rows=1 width=21)
                                 Index Cond: (l_partkey = part.p_partkey)
                                 Filter: ((l_shipmode = ANY ('{AIR,"AIR REG"}'::bpchar[])) AND (l_shipinstruct = 'DELIVER IN PERSON'::bpchar) AND (((l_quantity >= '10'::numeric) AND (l_quantity <= '20'::numeric)) OR ((l_quantity >= '10'::numeric) AND (l_quantity <= '20'::numeric)) OR ((l_quantity >= '20'::numeric) AND (l_quantity <= '30'::numeric))) AND (((part.p_brand = 'Brand#24'::bpchar) AND (part.p_container = ANY ('{"SM CASE","SM BOX","SM PACK","SM PKG"}'::bpchar[])) AND (l_quantity >= '10'::numeric) AND (l_quantity <= '20'::numeric) AND (part.p_size <= 5)) OR ((part.p_brand = 'Brand#43'::bpchar) AND (part.p_container = ANY ('{"MED BAG","MED BOX","MED PKG","MED PACK"}'::bpchar[])) AND (l_quantity >= '10'::numeric) AND (l_quantity <= '20'::numeric) AND (part.p_size <= 10)) OR ((part.p_brand = 'Brand#44'::bpchar) AND (part.p_container = ANY ('{"LG CASE","LG BOX","LG PACK","LG PKG"}'::bpchar[])) AND (l_quantity >= '20'::numeric) AND (l_quantity <= '30'::numeric) AND (part.p_size <= 15))))
(11 rows)

query 20 run 1
SET
SET
SET
                                                                  QUERY PLAN                                                                   
-----------------------------------------------------------------------------------------------------------------------------------------------
 Limit  (cost=223533.63..223533.64 rows=1 width=51)
   ->  Sort  (cost=223533.63..223533.64 rows=1 width=51)
         Sort Key: supplier.s_name
         ->  Nested Loop Semi Join  (cost=186624.52..223533.62 rows=1 width=51)
               Join Filter: (supplier.s_suppkey = lineitem.l_suppkey)
               ->  Nested Loop  (cost=0.00..449.31 rows=400 width=55)
                     Join Filter: (supplier.s_nationkey = nation.n_nationkey)
                     ->  Seq Scan on nation  (cost=0.00..1.31 rows=1 width=4)
                           Filter: (n_name = 'IRAQ'::bpchar)
                     ->  Seq Scan on supplier  (cost=0.00..323.00 rows=10000 width=59)
               ->  Materialize  (cost=186624.52..223078.31 rows=1 width=8)
                     ->  Nested Loop  (cost=186624.52..223078.31 rows=1 width=8)
                           ->  Hash Join  (cost=186624.09..209066.41 rows=9832 width=44)
                                 Hash Cond: (lineitem.l_partkey = part.p_partkey)
                                 ->  HashAggregate  (cost=179974.59..196271.71 rows=486747 width=40)
                                       Group Key: lineitem.l_partkey, lineitem.l_suppkey
                                       Planned Partitions: 8
                                       ->  Bitmap Heap Scan on lineitem  (cost=14770.54..141148.25 rows=921181 width=13)
                                             Recheck Cond: ((l_shipdate >= '1996-01-01'::date) AND (l_shipdate < '1997-01-01'::date))
                                             ->  Bitmap Index Scan on idx_lineitem_shipdate  (cost=0.00..14540.24 rows=921181 width=0)
                                                   Index Cond: ((l_shipdate >= '1996-01-01'::date) AND (l_shipdate < '1997-01-01'::date))
                                 ->  Hash  (cost=6599.00..6599.00 rows=4040 width=4)
                                       ->  Seq Scan on part  (cost=0.00..6599.00 rows=4040 width=4)
                                             Filter: ((p_name)::text ~~ 'olive%'::text)
                           ->  Index Scan using idx_partsupp_partkey on partsupp  (cost=0.42..1.42 rows=1 width=12)
                                 Index Cond: (ps_partkey = lineitem.l_partkey)
                                 Filter: ((lineitem.l_suppkey = ps_suppkey) AND ((ps_availqty)::numeric > ((0.5 * sum(lineitem.l_quantity)))))
(27 rows)

query 21 run 1
SET
SET
SET
                                                                        QUERY PLAN                                                                        
----------------------------------------------------------------------------------------------------------------------------------------------------------
 Limit  (cost=194073.68..194073.69 rows=1 width=34)
   ->  Sort  (cost=194073.68..194073.69 rows=1 width=34)
         Sort Key: (count(*)) DESC, supplier.s_name
         ->  GroupAggregate  (cost=194073.65..194073.67 rows=1 width=34)
               Group Key: supplier.s_name
               ->  Sort  (cost=194073.65..194073.66 rows=1 width=26)
                     Sort Key: supplier.s_name
                     ->  Nested Loop Semi Join  (cost=1235.37..194073.64 rows=1 width=26)
                           Join Filter: (l2.l_suppkey <> l1.l_suppkey)
                           ->  Nested Loop  (cost=1234.94..194070.25 rows=1 width=38)
                                 ->  Gather  (cost=1234.51..194066.94 rows=1 width=34)
                                       Workers Planned: 4
                                       ->  Nested Loop Anti Join  (cost=234.51..193066.84 rows=1 width=34)
                                             ->  Hash Join  (cost=234.08..133622.89 rows=19968 width=34)
                                                   Hash Cond: (l1.l_suppkey = supplier.s_suppkey)
                                                   ->  Parallel Seq Scan on lineitem l1  (cost=0.00..131313.76 rows=500100 width=8)
                                                         Filter: (l_receiptdate > l_commitdate)
                                                   ->  Hash  (cost=229.08..229.08 rows=400 width=30)
                                                         ->  Nested Loop  (cost=4.88..229.08 rows=400 width=30)
                                                               ->  Seq Scan on nation  (cost=0.00..1.31 rows=1 width=4)
                                                                     Filter: (n_name = 'PERU'::bpchar)
                                                               ->  Bitmap Heap Scan on supplier  (cost=4.88..223.76 rows=400 width=34)
                                                                     Recheck Cond: (s_nationkey = nation.n_nationkey)
                                                                     ->  Bitmap Index Scan on idx_supplier_nation_key  (cost=0.00..4.79 rows=400 width=0)
                                                                           Index Cond: (s_nationkey = nation.n_nationkey)
                                             ->  Index Scan using idx_lineitem_orderkey on lineitem l3  (cost=0.43..3.39 rows=1 width=8)
                                                   Index Cond: (l_orderkey = l1.l_orderkey)
                                                   Filter: ((l_receiptdate > l_commitdate) AND (l_suppkey <> l1.l_suppkey))
                                 ->  Index Scan using orders_pkey on orders  (cost=0.43..3.31 rows=1 width=4)
                                       Index Cond: (o_orderkey = l1.l_orderkey)
                                       Filter: (o_orderstatus = 'F'::bpchar)
                           ->  Index Scan using idx_lineitem_orderkey on lineitem l2  (cost=0.43..3.37 rows=4 width=8)
                                 Index Cond: (l_orderkey = orders.o_orderkey)
(33 rows)

query 22 run 1
SET
SET
SET
                                                                QUERY PLAN                                                                 
-------------------------------------------------------------------------------------------------------------------------------------------
 Limit  (cost=12515.57..12517.22 rows=1 width=72)
   InitPlan 1 (returns $1)
     ->  Finalize Aggregate  (cost=6242.82..6242.83 rows=1 width=32)
           ->  Gather  (cost=6242.59..6242.80 rows=2 width=32)
                 Workers Planned: 2
                 ->  Partial Aggregate  (cost=5242.59..5242.60 rows=1 width=32)
                       ->  Parallel Seq Scan on customer customer_1  (cost=0.00..5237.62 rows=1987 width=6)
                             Filter: ((c_acctbal > 0.00) AND (SUBSTRING(c_phone FROM 1 FOR 2) = ANY ('{21,29,26,34,14,15,17}'::text[])))
   ->  GroupAggregate  (cost=6272.74..7462.81 rows=719 width=72)
         Group Key: SUBSTRING(customer.c_phone FROM 1 FOR 2)
         ->  Nested Loop Anti Join  (cost=6272.74..7444.83 rows=719 width=38)
               ->  Gather Merge  (cost=6272.31..6476.13 rows=1750 width=26)
                     Workers Planned: 2
                     Params Evaluated: $1
                     ->  Sort  (cost=5272.29..5274.11 rows=729 width=26)
                           Sort Key: (SUBSTRING(customer.c_phone FROM 1 FOR 2))
                           ->  Parallel Seq Scan on customer  (cost=0.00..5237.62 rows=729 width=26)
                                 Filter: ((c_acctbal > $1) AND (SUBSTRING(c_phone FROM 1 FOR 2) = ANY ('{21,29,26,34,14,15,17}'::text[])))
               ->  Index Only Scan using idx_orders_custkey on orders  (cost=0.43..1.68 rows=17 width=4)
                     Index Cond: (o_custkey = customer.c_custkey)
(20 rows)

