query 1 run 1
SET
SET
SET
                                                 QUERY PLAN                                                  
-------------------------------------------------------------------------------------------------------------
 Limit  (cost=1831852.76..1831853.39 rows=1 width=236)
   ->  Finalize GroupAggregate  (cost=1831852.76..1831856.57 rows=6 width=236)
         Group Key: l_returnflag, l_linestatus
         ->  Gather Merge  (cost=1831852.76..1831855.63 rows=24 width=236)
               Workers Planned: 4
               ->  Sort  (cost=1830852.70..1830852.71 rows=6 width=236)
                     Sort Key: l_returnflag, l_linestatus
                     ->  Partial HashAggregate  (cost=1830852.49..1830852.62 rows=6 width=236)
                           Group Key: l_returnflag, l_linestatus
                           ->  Parallel Seq Scan on lineitem  (cost=0.00..1312602.73 rows=14807136 width=25)
                                 Filter: (l_shipdate <= '1998-09-10 00:00:00'::timestamp without time zone)
(11 rows)

query 2 run 1
SET
SET
SET
                                                                  QUERY PLAN                                                                  
----------------------------------------------------------------------------------------------------------------------------------------------
 Limit  (cost=1111009.49..1111009.50 rows=1 width=192)
   ->  Sort  (cost=1111009.49..1111009.50 rows=1 width=192)
         Sort Key: supplier.s_acctbal DESC, nation.n_name, supplier.s_name, part.p_partkey
         ->  Merge Join  (cost=559093.75..1111009.48 rows=1 width=192)
               Merge Cond: (part.p_partkey = partsupp.ps_partkey)
               Join Filter: (partsupp.ps_supplycost = (SubPlan 1))
               ->  Gather Merge  (cost=1000.49..68721.59 rows=8477 width=30)
                     Workers Planned: 4
                     ->  Parallel Index Scan using part_pkey on part  (cost=0.43..66711.84 rows=2119 width=30)
                           Filter: (((p_type)::text ~~ '%NICKEL'::text) AND (p_size = 16))
               ->  Materialize  (cost=558093.19..566094.31 rows=1600225 width=172)
                     ->  Sort  (cost=558093.19..562093.75 rows=1600225 width=172)
                           Sort Key: partsupp.ps_partkey
                           ->  Hash Join  (cost=4048.51..305288.26 rows=1600225 width=172)
                                 Hash Cond: (partsupp.ps_suppkey = supplier.s_suppkey)
                                 ->  Seq Scan on partsupp  (cost=0.00..255233.27 rows=8001127 width=14)
                                 ->  Hash  (cost=3798.51..3798.51 rows=20000 width=166)
                                       ->  Hash Join  (cost=2.51..3798.51 rows=20000 width=166)
                                             Hash Cond: (supplier.s_nationkey = nation.n_nationkey)
                                             ->  Seq Scan on supplier  (cost=0.00..3221.00 rows=100000 width=144)
                                             ->  Hash  (cost=2.45..2.45 rows=5 width=30)
                                                   ->  Hash Join  (cost=1.07..2.45 rows=5 width=30)
                                                         Hash Cond: (nation.n_regionkey = region.r_regionkey)
                                                         ->  Seq Scan on nation  (cost=0.00..1.25 rows=25 width=34)
                                                         ->  Hash  (cost=1.06..1.06 rows=1 width=4)
                                                               ->  Seq Scan on region  (cost=0.00..1.06 rows=1 width=4)
                                                                     Filter: (r_name = 'AMERICA'::bpchar)
               SubPlan 1
                 ->  Aggregate  (cost=69.59..69.60 rows=1 width=32)
                       ->  Nested Loop  (cost=2.29..69.58 rows=4 width=6)
                             Join Filter: (nation_1.n_regionkey = region_1.r_regionkey)
                             ->  Seq Scan on region region_1  (cost=0.00..1.06 rows=1 width=4)
                                   Filter: (r_name = 'AMERICA'::bpchar)
                             ->  Hash Join  (cost=2.29..68.28 rows=19 width=10)
                                   Hash Cond: (supplier_1.s_nationkey = nation_1.n_nationkey)
                                   ->  Nested Loop  (cost=0.72..66.66 rows=19 width=10)
                                         ->  Index Scan using idx_partsupp_partkey on partsupp partsupp_1  (cost=0.43..3.77 rows=19 width=10)
                                               Index Cond: (ps_partkey = part.p_partkey)
                                         ->  Index Scan using supplier_pkey on supplier supplier_1  (cost=0.29..3.31 rows=1 width=8)
                                               Index Cond: (s_suppkey = partsupp_1.ps_suppkey)
                                   ->  Hash  (cost=1.25..1.25 rows=25 width=8)
                                         ->  Seq Scan on nation nation_1  (cost=0.00..1.25 rows=25 width=8)
(42 rows)

query 3 run 1
SET
SET
SET
                                                        QUERY PLAN                                                         
---------------------------------------------------------------------------------------------------------------------------
 Limit  (cost=2270981.75..2270981.77 rows=10 width=44)
   ->  Sort  (cost=2270981.75..2278720.33 rows=3095432 width=44)
         Sort Key: (sum((lineitem.l_extendedprice * ('1'::numeric - lineitem.l_discount)))) DESC, orders.o_orderdate
         ->  GroupAggregate  (cost=1748335.76..2204090.58 rows=3095432 width=44)
               Group Key: lineitem.l_orderkey, orders.o_orderdate, orders.o_shippriority
               ->  Gather Merge  (cost=1748335.76..2118966.20 rows=3095432 width=24)
                     Workers Planned: 4
                     ->  Sort  (cost=1747335.70..1749270.35 rows=773858 width=24)
                           Sort Key: lineitem.l_orderkey, orders.o_orderdate, orders.o_shippriority
                           ->  Nested Loop  (cost=41574.65..1661442.02 rows=773858 width=24)
                                 ->  Parallel Hash Join  (cost=41574.09..354426.44 rows=359801 width=12)
                                       Hash Cond: (orders.o_custkey = customer.c_custkey)
                                       ->  Parallel Seq Scan on orders  (cost=0.00..308139.37 rows=1795416 width=16)
                                             Filter: (o_orderdate < '1995-03-07'::date)
                                       ->  Parallel Hash  (cost=40634.68..40634.68 rows=75153 width=4)
                                             ->  Parallel Seq Scan on customer  (cost=0.00..40634.68 rows=75153 width=4)
                                                   Filter: (c_mktsegment = 'BUILDING'::bpchar)
                                 ->  Index Scan using idx_lineitem_orderkey on lineitem  (cost=0.56..3.61 rows=2 width=16)
                                       Index Cond: (l_orderkey = orders.o_orderkey)
                                       Filter: (l_shipdate > '1995-03-07'::date)
(20 rows)

query 4 run 1
SET
SET
SET
                                                           QUERY PLAN                                                           
--------------------------------------------------------------------------------------------------------------------------------
 Limit  (cost=282025.54..639512.70 rows=1 width=24)
   ->  GroupAggregate  (cost=282025.54..2069461.34 rows=5 width=24)
         Group Key: orders.o_orderpriority
         ->  Nested Loop Semi Join  (cost=282025.54..2066761.69 rows=539920 width=16)
               ->  Gather Merge  (cost=282024.98..346680.97 rows=539994 width=20)
                     Workers Planned: 4
                     ->  Sort  (cost=281024.92..281362.42 rows=134998 width=20)
                           Sort Key: orders.o_orderpriority
                           ->  Parallel Bitmap Heap Scan on orders  (cost=6228.37..269521.35 rows=134998 width=20)
                                 Recheck Cond: ((o_orderdate >= '1993-12-01'::date) AND (o_orderdate < '1994-03-01'::date))
                                 ->  Bitmap Index Scan on idx_orders_orderdate  (cost=0.00..6093.38 rows=539994 width=0)
                                       Index Cond: ((o_orderdate >= '1993-12-01'::date) AND (o_orderdate < '1994-03-01'::date))
               ->  Index Scan using idx_lineitem_orderkey on lineitem  (cost=0.56..3.61 rows=1 width=4)
                     Index Cond: (l_orderkey = orders.o_orderkey)
                     Filter: (l_commitdate < l_receiptdate)
(15 rows)

query 5 run 1
SET
SET
SET
                                                                       QUERY PLAN                                                                       
--------------------------------------------------------------------------------------------------------------------------------------------------------
 Limit  (cost=759598.75..759598.75 rows=1 width=58)
   ->  Sort  (cost=759598.75..759598.81 rows=25 width=58)
         Sort Key: (sum((lineitem.l_extendedprice * ('1'::numeric - lineitem.l_discount)))) DESC
         ->  Finalize GroupAggregate  (cost=759360.18..759598.62 rows=25 width=58)
               Group Key: nation.n_name
               ->  Gather Merge  (cost=759360.18..759597.56 rows=100 width=58)
                     Workers Planned: 4
                     ->  Partial GroupAggregate  (cost=758360.13..758585.59 rows=25 width=58)
                           Group Key: nation.n_name
                           ->  Sort  (cost=758360.13..758405.16 rows=18012 width=38)
                                 Sort Key: nation.n_name
                                 ->  Parallel Hash Join  (cost=72457.68..757086.98 rows=18012 width=38)
                                       Hash Cond: ((lineitem.l_suppkey = supplier.s_suppkey) AND (customer.c_nationkey = supplier.s_nationkey))
                                       ->  Nested Loop  (cost=68766.09..751031.15 rows=450330 width=50)
                                             ->  Parallel Hash Join  (cost=68765.52..340871.08 rows=112598 width=38)
                                                   Hash Cond: (orders.o_custkey = customer.c_custkey)
                                                   ->  Parallel Bitmap Heap Scan on orders  (cost=25972.00..295684.85 rows=562990 width=8)
                                                         Recheck Cond: ((o_orderdate >= '1993-01-01'::date) AND (o_orderdate < '1994-01-01'::date))
                                                         ->  Bitmap Index Scan on idx_orders_orderdate  (cost=0.00..25409.02 rows=2251958 width=0)
                                                               Index Cond: ((o_orderdate >= '1993-01-01'::date) AND (o_orderdate < '1994-01-01'::date))
                                                   ->  Parallel Hash  (cost=41855.98..41855.98 rows=75003 width=38)
                                                         ->  Hash Join  (cost=2.51..41855.98 rows=75003 width=38)
                                                               Hash Cond: (customer.c_nationkey = nation.n_nationkey)
                                                               ->  Parallel Seq Scan on customer  (cost=0.00..39697.14 rows=375014 width=8)
                                                               ->  Hash  (cost=2.45..2.45 rows=5 width=30)
                                                                     ->  Hash Join  (cost=1.07..2.45 rows=5 width=30)
                                                                           Hash Cond: (nation.n_regionkey = region.r_regionkey)
                                                                           ->  Seq Scan on nation  (cost=0.00..1.25 rows=25 width=34)
                                                                           ->  Hash  (cost=1.06..1.06 rows=1 width=4)
                                                                                 ->  Seq Scan on region  (cost=0.00..1.06 rows=1 width=4)
                                                                                       Filter: (r_name = 'AMERICA'::bpchar)
                                             ->  Index Scan using idx_lineitem_orderkey on lineitem  (cost=0.56..3.60 rows=4 width=20)
                                                   Index Cond: (l_orderkey = orders.o_orderkey)
                                       ->  Parallel Hash  (cost=2809.24..2809.24 rows=58824 width=8)
                                             ->  Parallel Seq Scan on supplier  (cost=0.00..2809.24 rows=58824 width=8)
(35 rows)

query 6 run 1
SET
SET
SET
                                                                                                                QUERY PLAN                                                                                                                 
-------------------------------------------------------------------------------------------------------------------------------------------------------------------------------------------------------------------------------------------
 Limit  (cost=1279961.48..1279961.49 rows=1 width=32)
   ->  Finalize Aggregate  (cost=1279961.48..1279961.49 rows=1 width=32)
         ->  Gather  (cost=1279961.05..1279961.46 rows=4 width=32)
               Workers Planned: 4
               ->  Partial Aggregate  (cost=1278961.05..1278961.06 rows=1 width=32)
                     ->  Parallel Bitmap Heap Scan on lineitem  (cost=214764.35..1277493.87 rows=293436 width=12)
                           Recheck Cond: ((l_shipdate >= '1993-01-01'::date) AND (l_shipdate < '1994-01-01 00:00:00'::timestamp without time zone) AND (l_discount >= 0.06) AND (l_discount <= 0.08) AND (l_quantity < '25'::numeric))
                           ->  Bitmap Index Scan on idx_lineitem_shipdate  (cost=0.00..214470.92 rows=1173745 width=0)
                                 Index Cond: ((l_shipdate >= '1993-01-01'::date) AND (l_shipdate < '1994-01-01 00:00:00'::timestamp without time zone) AND (l_discount >= 0.06) AND (l_discount <= 0.08) AND (l_quantity < '25'::numeric))
(9 rows)

query 7 run 1
SET
SET
SET
                                                                                                      QUERY PLAN                                                                                                       
-----------------------------------------------------------------------------------------------------------------------------------------------------------------------------------------------------------------------
 Limit  (cost=1419302.44..1420351.70 rows=1 width=116)
   ->  GroupAggregate  (cost=1419302.44..11945492.75 rows=10032 width=116)
         Group Key: n1.n_name, n2.n_name, EXTRACT(year FROM lineitem.l_shipdate)
         ->  Nested Loop  (cost=1419302.44..11944435.13 rows=60476 width=96)
               Join Filter: (customer.c_nationkey = n2.n_nationkey)
               ->  Nested Loop  (cost=1419302.01..6769419.45 rows=1511892 width=76)
                     ->  Gather Merge  (cost=1419301.58..1600327.42 rows=1511892 width=76)
                           Workers Planned: 4
                           ->  Sort  (cost=1418301.52..1419246.45 rows=377973 width=76)
                                 Sort Key: n1.n_name, n2.n_name, (EXTRACT(year FROM lineitem.l_shipdate))
                                 ->  Parallel Hash Join  (cost=3140.96..1372488.50 rows=377973 width=76)
                                       Hash Cond: (lineitem.l_suppkey = supplier.s_suppkey)
                                       ->  Parallel Seq Scan on lineitem  (cost=0.00..1350094.67 rows=4541200 width=24)
                                             Filter: ((l_shipdate >= '1995-01-01'::date) AND (l_shipdate <= '1996-12-31'::date))
                                       ->  Parallel Hash  (cost=3079.76..3079.76 rows=4896 width=60)
                                             ->  Hash Join  (cost=2.87..3079.76 rows=4896 width=60)
                                                   Hash Cond: (supplier.s_nationkey = n1.n_nationkey)
                                                   ->  Parallel Seq Scan on supplier  (cost=0.00..2809.24 rows=58824 width=8)
                                                   ->  Hash  (cost=2.84..2.84 rows=2 width=60)
                                                         ->  Nested Loop  (cost=0.00..2.84 rows=2 width=60)
                                                               Join Filter: (((n1.n_name = 'PERU'::bpchar) AND (n2.n_name = 'MOROCCO'::bpchar)) OR ((n1.n_name = 'MOROCCO'::bpchar) AND (n2.n_name = 'PERU'::bpchar)))
                                                               ->  Seq Scan on nation n1  (cost=0.00..1.38 rows=2 width=30)
                                                                     Filter: ((n_name = 'PERU'::bpchar) OR (n_name = 'MOROCCO'::bpchar))
                                                               ->  Materialize  (cost=0.00..1.39 rows=2 width=30)
                                                                     ->  Seq Scan on nation n2  (cost=0.00..1.38 rows=2 width=30)
                                                                           Filter: ((n_name = 'MOROCCO'::bpchar) OR (n_name = 'PERU'::bpchar))
                     ->  Index Scan using orders_pkey on orders  (cost=0.43..3.42 rows=1 width=8)
                           Index Cond: (o_orderkey = lineitem.l_orderkey)
               ->  Index Scan using customer_pkey on customer  (cost=0.43..3.41 rows=1 width=8)
                     Index Cond: (c_custkey = orders.o_custkey)
(30 rows)

query 8 run 1
SET
SET
SET
                                                                  QUERY PLAN                                                                   
-----------------------------------------------------------------------------------------------------------------------------------------------
 Limit  (cost=386852.60..392830.21 rows=1 width=64)
   ->  GroupAggregate  (cost=386852.60..14768992.16 rows=2406 width=64)
         Group Key: EXTRACT(year FROM orders.o_orderdate)
         ->  Nested Loop  (cost=386852.60..14768455.06 rows=24449 width=70)
               Join Filter: (supplier.s_nationkey = n2.n_nationkey)
               ->  Nested Loop  (cost=386852.60..14759562.79 rows=24449 width=20)
                     ->  Nested Loop  (cost=386852.30..14679580.90 rows=24449 width=20)
                           ->  Nested Loop  (cost=386851.87..3871282.24 rows=3703125 width=24)
                                 ->  Gather Merge  (cost=386851.30..497714.68 rows=925909 width=8)
                                       Workers Planned: 4
                                       ->  Sort  (cost=385851.24..386429.94 rows=231477 width=8)
                                             Sort Key: (EXTRACT(year FROM orders.o_orderdate))
                                             ->  Parallel Hash Join  (cost=42793.52..365226.05 rows=231477 width=8)
                                                   Hash Cond: (orders.o_custkey = customer.c_custkey)
                                                   ->  Parallel Seq Scan on orders  (cost=0.00..317513.65 rows=1157386 width=12)
                                                         Filter: ((o_orderdate >= '1995-01-01'::date) AND (o_orderdate <= '1996-12-31'::date))
                                                   ->  Parallel Hash  (cost=41855.98..41855.98 rows=75003 width=4)
                                                         ->  Hash Join  (cost=2.51..41855.98 rows=75003 width=4)
                                                               Hash Cond: (customer.c_nationkey = n1.n_nationkey)
                                                               ->  Parallel Seq Scan on customer  (cost=0.00..39697.14 rows=375014 width=8)
                                                               ->  Hash  (cost=2.45..2.45 rows=5 width=4)
                                                                     ->  Hash Join  (cost=1.07..2.45 rows=5 width=4)
                                                                           Hash Cond: (n1.n_regionkey = region.r_regionkey)
                                                                           ->  Seq Scan on nation n1  (cost=0.00..1.25 rows=25 width=8)
                                                                           ->  Hash  (cost=1.06..1.06 rows=1 width=4)
                                                                                 ->  Seq Scan on region  (cost=0.00..1.06 rows=1 width=4)
                                                                                       Filter: (r_name = 'AMERICA'::bpchar)
                                 ->  Index Scan using idx_lineitem_orderkey on lineitem  (cost=0.56..3.60 rows=4 width=24)
                                       Index Cond: (l_orderkey = orders.o_orderkey)
                           ->  Memoize  (cost=0.44..3.42 rows=1 width=4)
                                 Cache Key: lineitem.l_partkey
                                 Cache Mode: logical
                                 ->  Index Scan using part_pkey on part  (cost=0.43..3.41 rows=1 width=4)
                                       Index Cond: (p_partkey = lineitem.l_partkey)
                                       Filter: ((p_type)::text = 'LARGE POLISHED BRASS'::text)
                     ->  Index Scan using supplier_pkey on supplier  (cost=0.29..3.27 rows=1 width=8)
                           Index Cond: (s_suppkey = lineitem.l_suppkey)
               ->  Materialize  (cost=0.00..1.38 rows=25 width=30)
                     ->  Seq Scan on nation n2  (cost=0.00..1.25 rows=25 width=30)
(39 rows)

query 9 run 1
SET
SET
SET
                                                                 QUERY PLAN                                                                  
---------------------------------------------------------------------------------------------------------------------------------------------
 Limit  (cost=32176.03..37748.85 rows=1 width=90)
   ->  GroupAggregate  (cost=32176.03..572739.02 rows=97 width=90)
         Group Key: nation.n_name, (EXTRACT(year FROM orders.o_orderdate))
         ->  Incremental Sort  (cost=32176.03..572735.86 rows=97 width=81)
               Sort Key: nation.n_name, (EXTRACT(year FROM orders.o_orderdate)) DESC
               Presorted Key: nation.n_name
               ->  Nested Loop  (cost=9652.78..572733.20 rows=97 width=81)
                     Join Filter: (supplier.s_suppkey = lineitem.l_suppkey)
                     ->  Gather Merge  (cost=8651.47..20048.53 rows=100000 width=30)
                           Workers Planned: 1
                           ->  Sort  (cost=7651.46..7798.52 rows=58824 width=30)
                                 Sort Key: nation.n_name
                                 ->  Hash Join  (cost=1.56..2991.39 rows=58824 width=30)
                                       Hash Cond: (supplier.s_nationkey = nation.n_nationkey)
                                       ->  Parallel Seq Scan on supplier  (cost=0.00..2809.24 rows=58824 width=8)
                                       ->  Hash  (cost=1.25..1.25 rows=25 width=30)
                                             ->  Seq Scan on nation  (cost=0.00..1.25 rows=25 width=30)
                     ->  Materialize  (cost=1001.31..405684.67 rows=98 width=35)
                           ->  Gather  (cost=1001.31..405684.18 rows=98 width=35)
                                 Workers Planned: 4
                                 ->  Nested Loop  (cost=1.31..404674.38 rows=24 width=35)
                                       ->  Nested Loop  (cost=0.87..404592.24 rows=24 width=35)
                                             ->  Nested Loop  (cost=0.43..126515.25 rows=80819 width=18)
                                                   ->  Parallel Seq Scan on part  (cost=0.00..47230.79 rows=20201 width=4)
                                                         Filter: ((p_name)::text ~~ '%navy%'::text)
                                                   ->  Index Scan using idx_partsupp_partkey on partsupp  (cost=0.43..3.73 rows=19 width=14)
                                                         Index Cond: (ps_partkey = part.p_partkey)
                                             ->  Index Scan using idx_lineitem_part_supp on lineitem  (cost=0.44..3.43 rows=1 width=29)
                                                   Index Cond: ((l_partkey = partsupp.ps_partkey) AND (l_suppkey = partsupp.ps_suppkey))
                                       ->  Index Scan using orders_pkey on orders  (cost=0.43..3.42 rows=1 width=8)
                                             Index Cond: (o_orderkey = lineitem.l_orderkey)
(31 rows)

query 10 run 1
SET
SET
SET
                                                                    QUERY PLAN                                                                    
--------------------------------------------------------------------------------------------------------------------------------------------------
 Limit  (cost=950305.13..950305.18 rows=20 width=202)
   ->  Sort  (cost=950305.13..951744.41 rows=575715 width=202)
         Sort Key: (sum((lineitem.l_extendedprice * ('1'::numeric - lineitem.l_discount)))) DESC
         ->  GroupAggregate  (cost=851659.65..934985.56 rows=575715 width=202)
               Group Key: customer.c_custkey, nation.n_name
               ->  Gather Merge  (cost=851659.65..920592.68 rows=575715 width=182)
                     Workers Planned: 4
                     ->  Sort  (cost=850659.59..851019.42 rows=143929 width=182)
                           Sort Key: customer.c_custkey, nation.n_name
                           ->  Hash Join  (cost=51047.63..838328.48 rows=143929 width=182)
                                 Hash Cond: (customer.c_nationkey = nation.n_nationkey)
                                 ->  Parallel Hash Join  (cost=51046.07..837885.06 rows=143929 width=160)
                                       Hash Cond: (orders.o_custkey = customer.c_custkey)
                                       ->  Nested Loop  (cost=6661.25..793122.43 rows=143929 width=16)
                                             ->  Parallel Bitmap Heap Scan on orders  (cost=6660.69..270094.27 rows=144372 width=8)
                                                   Recheck Cond: ((o_orderdate >= '1994-08-01'::date) AND (o_orderdate < '1994-11-01'::date))
                                                   ->  Bitmap Index Scan on idx_orders_orderdate  (cost=0.00..6516.32 rows=577488 width=0)
                                                         Index Cond: ((o_orderdate >= '1994-08-01'::date) AND (o_orderdate < '1994-11-01'::date))
                                             ->  Index Scan using idx_lineitem_orderkey on lineitem  (cost=0.56..3.61 rows=1 width=16)
                                                   Index Cond: (l_orderkey = orders.o_orderkey)
                                                   Filter: (l_returnflag = 'R'::bpchar)
                                       ->  Parallel Hash  (cost=39697.14..39697.14 rows=375014 width=148)
                                             ->  Parallel Seq Scan on customer  (cost=0.00..39697.14 rows=375014 width=148)
                                 ->  Hash  (cost=1.25..1.25 rows=25 width=30)
                                       ->  Seq Scan on nation  (cost=0.00..1.25 rows=25 width=30)
(25 rows)

query 11 run 1
SET
SET
SET
                                                                  QUERY PLAN                                                                   
-----------------------------------------------------------------------------------------------------------------------------------------------
 Limit  (cost=447534.58..447534.58 rows=1 width=36)
   InitPlan 1 (returns $3)
     ->  Finalize Aggregate  (cost=197865.49..197865.50 rows=1 width=32)
           ->  Gather  (cost=197865.26..197865.47 rows=2 width=32)
                 Workers Planned: 2
                 ->  Partial Aggregate  (cost=196865.26..196865.27 rows=1 width=32)
                       ->  Nested Loop  (cost=0.87..195865.12 rows=133352 width=10)
                             ->  Nested Loop  (cost=0.44..4617.72 rows=1667 width=4)
                                   ->  Parallel Index Scan using supplier_pkey on supplier supplier_1  (cost=0.29..3552.46 rows=41667 width=8)
                                   ->  Memoize  (cost=0.15..0.92 rows=1 width=4)
                                         Cache Key: supplier_1.s_nationkey
                                         Cache Mode: logical
                                         ->  Index Scan using nation_pkey on nation nation_1  (cost=0.14..0.91 rows=1 width=4)
                                               Index Cond: (n_nationkey = supplier_1.s_nationkey)
                                               Filter: (n_name = 'SAUDI ARABIA'::bpchar)
                             ->  Index Scan using idx_partsupp_suppkey on partsupp partsupp_1  (cost=0.43..113.92 rows=81 width=14)
                                   Index Cond: (ps_suppkey = supplier_1.s_suppkey)
   ->  Sort  (cost=249669.08..249935.78 rows=106682 width=36)
         Sort Key: (sum((partsupp.ps_supplycost * (partsupp.ps_availqty)::numeric))) DESC
         ->  Finalize GroupAggregate  (cost=208216.66..249135.67 rows=106682 width=36)
               Group Key: partsupp.ps_partkey
               Filter: (sum((partsupp.ps_supplycost * (partsupp.ps_availqty)::numeric)) > $3)
               ->  Gather Merge  (cost=208216.66..242334.71 rows=266704 width=36)
                     Workers Planned: 2
                     ->  Partial GroupAggregate  (cost=207216.63..210550.43 rows=133352 width=36)
                           Group Key: partsupp.ps_partkey
                           ->  Sort  (cost=207216.63..207550.01 rows=133352 width=14)
                                 Sort Key: partsupp.ps_partkey
                                 ->  Nested Loop  (cost=0.87..195865.12 rows=133352 width=14)
                                       ->  Nested Loop  (cost=0.44..4617.72 rows=1667 width=4)
                                             ->  Parallel Index Scan using supplier_pkey on supplier  (cost=0.29..3552.46 rows=41667 width=8)
                                             ->  Memoize  (cost=0.15..0.92 rows=1 width=4)
                                                   Cache Key: supplier.s_nationkey
                                                   Cache Mode: logical
                                                   ->  Index Scan using nation_pkey on nation  (cost=0.14..0.91 rows=1 width=4)
                                                         Index Cond: (n_nationkey = supplier.s_nationkey)
                                                         Filter: (n_name = 'SAUDI ARABIA'::bpchar)
                                       ->  Index Scan using idx_partsupp_suppkey on partsupp  (cost=0.43..113.92 rows=81 width=18)
                                             Index Cond: (ps_suppkey = supplier.s_suppkey)
(39 rows)

query 12 run 1
SET
SET
SET
                                                                                                                    QUERY PLAN                                                                                                                     
---------------------------------------------------------------------------------------------------------------------------------------------------------------------------------------------------------------------------------------------------
 Limit  (cost=1469511.10..1618821.00 rows=1 width=27)
   ->  GroupAggregate  (cost=1469511.10..2514680.44 rows=7 width=27)
         Group Key: lineitem.l_shipmode
         ->  Nested Loop  (cost=1469511.10..2509535.91 rows=293969 width=27)
               ->  Gather Merge  (cost=1469510.66..1504708.94 rows=293969 width=15)
                     Workers Planned: 4
                     ->  Sort  (cost=1468510.61..1468694.34 rows=73492 width=15)
                           Sort Key: lineitem.l_shipmode
                           ->  Parallel Seq Scan on lineitem  (cost=0.00..1462570.50 rows=73492 width=15)
                                 Filter: ((l_shipmode = ANY ('{SHIP,"REG AIR"}'::bpchar[])) AND (l_commitdate < l_receiptdate) AND (l_shipdate < l_commitdate) AND (l_receiptdate >= '1994-01-01'::date) AND (l_receiptdate < '1995-01-01'::date))
               ->  Index Scan using orders_pkey on orders  (cost=0.43..3.42 rows=1 width=20)
                     Index Cond: (o_orderkey = lineitem.l_orderkey)
(12 rows)

query 13 run 1
SET
SET
SET
                                                           QUERY PLAN                                                            
---------------------------------------------------------------------------------------------------------------------------------
 Limit  (cost=1369790.23..1369790.24 rows=1 width=16)
   ->  Sort  (cost=1369790.23..1369790.73 rows=200 width=16)
         Sort Key: (count(*)) DESC, (count(orders.o_orderkey)) DESC
         ->  HashAggregate  (cost=1369787.23..1369789.23 rows=200 width=16)
               Group Key: count(orders.o_orderkey)
               ->  HashAggregate  (cost=1215119.12..1347286.39 rows=1500056 width=12)
                     Group Key: customer.c_custkey
                     Planned Partitions: 4
                     ->  Hash Right Join  (cost=53285.97..664435.58 rows=14997339 width=8)
                           Hash Cond: (orders.o_custkey = customer.c_custkey)
                           ->  Seq Scan on orders  (cost=0.00..448753.49 rows=14997339 width=8)
                                 Filter: ((o_comment)::text !~~ '%special%requests%'::text)
                           ->  Hash  (cost=28675.27..28675.27 rows=1500056 width=4)
                                 ->  Index Only Scan using customer_pkey on customer  (cost=0.43..28675.27 rows=1500056 width=4)
(14 rows)

query 14 run 1
SET
SET
SET
                                                          QUERY PLAN                                                          
------------------------------------------------------------------------------------------------------------------------------
 Limit  (cost=890865.12..890865.13 rows=1 width=32)
   ->  Finalize Aggregate  (cost=890865.12..890865.13 rows=1 width=32)
         ->  Gather  (cost=890864.66..890865.07 rows=4 width=64)
               Workers Planned: 4
               ->  Partial Aggregate  (cost=889864.66..889864.67 rows=1 width=64)
                     ->  Parallel Hash Join  (cost=65648.56..886203.80 rows=209192 width=33)
                           Hash Cond: (lineitem.l_partkey = part.p_partkey)
                           ->  Parallel Bitmap Heap Scan on lineitem  (cost=13417.94..833424.05 rows=209192 width=16)
                                 Recheck Cond: ((l_shipdate >= '1994-05-01'::date) AND (l_shipdate < '1994-06-01'::date))
                                 ->  Bitmap Index Scan on idx_lineitem_shipdate  (cost=0.00..13208.75 rows=836768 width=0)
                                       Index Cond: ((l_shipdate >= '1994-05-01'::date) AND (l_shipdate < '1994-06-01'::date))
                           ->  Parallel Hash  (cost=45980.83..45980.83 rows=499983 width=25)
                                 ->  Parallel Seq Scan on part  (cost=0.00..45980.83 rows=499983 width=25)
(13 rows)

query 15 run 1
SET
SET
SET
CREATE VIEW
                                                             QUERY PLAN                                                             
------------------------------------------------------------------------------------------------------------------------------------
 Limit  (cost=2740180.58..2740287.89 rows=1 width=103)
   InitPlan 1 (returns $1)
     ->  Aggregate  (cost=1388369.59..1388369.60 rows=1 width=32)
           ->  Finalize HashAggregate  (cost=1385913.19..1387141.39 rows=98256 width=36)
                 Group Key: lineitem_1.l_suppkey
                 ->  Gather  (cost=1342434.91..1382965.51 rows=393024 width=36)
                       Workers Planned: 4
                       ->  Partial HashAggregate  (cost=1341434.91..1342663.11 rows=98256 width=36)
                             Group Key: lineitem_1.l_suppkey
                             ->  Parallel Bitmap Heap Scan on lineitem lineitem_1  (cost=36145.62..1335799.04 rows=563587 width=16)
                                   Recheck Cond: ((l_shipdate >= '1996-01-01'::date) AND (l_shipdate < '1996-04-01'::date))
                                   ->  Bitmap Index Scan on idx_lineitem_shipdate  (cost=0.00..35582.04 rows=2254347 width=0)
                                         Index Cond: ((l_shipdate >= '1996-01-01'::date) AND (l_shipdate < '1996-04-01'::date))
   ->  Nested Loop  (cost=1351810.98..1404502.41 rows=491 width=103)
         ->  Finalize GroupAggregate  (cost=1351810.68..1403290.79 rows=491 width=36)
               Group Key: lineitem.l_suppkey
               Filter: (sum((lineitem.l_extendedprice * ('1'::numeric - lineitem.l_discount))) = $1)
               ->  Gather Merge  (cost=1351810.68..1398869.27 rows=393024 width=36)
                     Workers Planned: 4
                     ->  Sort  (cost=1350810.63..1351056.27 rows=98256 width=36)
                           Sort Key: lineitem.l_suppkey
                           ->  Partial HashAggregate  (cost=1341434.91..1342663.11 rows=98256 width=36)
                                 Group Key: lineitem.l_suppkey
                                 ->  Parallel Bitmap Heap Scan on lineitem  (cost=36145.62..1335799.04 rows=563587 width=16)
                                       Recheck Cond: ((l_shipdate >= '1996-01-01'::date) AND (l_shipdate < '1996-04-01'::date))
                                       ->  Bitmap Index Scan on idx_lineitem_shipdate  (cost=0.00..35582.04 rows=2254347 width=0)
                                             Index Cond: ((l_shipdate >= '1996-01-01'::date) AND (l_shipdate < '1996-04-01'::date))
         ->  Index Scan using supplier_pkey on supplier  (cost=0.29..2.46 rows=1 width=71)
               Index Cond: (s_suppkey = lineitem.l_suppkey)
(29 rows)

DROP VIEW
query 16 run 1
SET
SET
SET
                                                                                            QUERY PLAN                                                                                            
--------------------------------------------------------------------------------------------------------------------------------------------------------------------------------------------------
 Limit  (cost=253596.96..253596.96 rows=1 width=44)
   ->  Sort  (cost=253596.96..253984.71 rows=155101 width=44)
         Sort Key: (count(DISTINCT partsupp.ps_suppkey)) DESC, part.p_brand, part.p_type, part.p_size
         ->  GroupAggregate  (cost=172503.09..252821.45 rows=155101 width=44)
               Group Key: part.p_brand, part.p_type, part.p_size
               ->  Gather Merge  (cost=172503.09..245199.02 rows=607142 width=40)
                     Workers Planned: 4
                     ->  Sort  (cost=171503.04..171882.50 rows=151786 width=40)
                           Sort Key: part.p_brand, part.p_type, part.p_size, partsupp.ps_suppkey
                           ->  Parallel Hash Join  (cost=57900.54..158440.58 rows=151786 width=40)
                                 Hash Cond: (partsupp.ps_partkey = part.p_partkey)
                                 ->  Parallel Index Only Scan using partsupp_pkey on partsupp  (cost=3471.46..101386.11 rows=1000141 width=8)
                                       Filter: (NOT (hashed SubPlan 1))
                                       SubPlan 1
                                         ->  Seq Scan on supplier  (cost=0.00..3471.00 rows=10 width=4)
                                               Filter: ((s_comment)::text ~~ '%Customer%Complaints%'::text)
                                 ->  Parallel Hash  (cost=53480.58..53480.58 rows=75880 width=40)
                                       ->  Parallel Seq Scan on part  (cost=0.00..53480.58 rows=75880 width=40)
                                             Filter: ((p_brand <> 'Brand#12'::bpchar) AND ((p_type)::text !~~ 'SMALL BRUSHED%'::text) AND (p_size = ANY ('{12,32,36,26,40,34,49,9}'::integer[])))
(19 rows)

query 17 run 1
SET
SET
SET
                                                            QUERY PLAN                                                             
-----------------------------------------------------------------------------------------------------------------------------------
 Limit  (cost=3437113.07..3437113.08 rows=1 width=32)
   ->  Aggregate  (cost=3437113.07..3437113.08 rows=1 width=32)
         ->  Merge Join  (cost=2287609.67..3437065.97 rows=18836 width=8)
               Merge Cond: (lineitem_1.l_partkey = part.p_partkey)
               Join Filter: (lineitem.l_quantity < ((0.2 * avg(lineitem_1.l_quantity))))
               ->  Finalize GroupAggregate  (cost=2286608.74..3334386.84 rows=1999811 width=36)
                     Group Key: lineitem_1.l_partkey
                     ->  Gather Merge  (cost=2286608.74..3244395.35 rows=7999244 width=36)
                           Workers Planned: 4
                           ->  Sort  (cost=2285608.68..2290608.21 rows=1999811 width=36)
                                 Sort Key: lineitem_1.l_partkey
                                 ->  Partial HashAggregate  (cost=1869709.60..2041160.14 rows=1999811 width=36)
                                       Group Key: lineitem_1.l_partkey
                                       Planned Partitions: 16
                                       ->  Parallel Seq Scan on lineitem lineitem_1  (cost=0.00..1275110.78 rows=14996778 width=9)
               ->  Materialize  (cost=1000.93..96831.99 rows=56510 width=21)
                     ->  Gather Merge  (cost=1000.93..96690.72 rows=56510 width=21)
                           Workers Planned: 4
                           ->  Nested Loop  (cost=0.87..88959.77 rows=14128 width=21)
                                 ->  Parallel Index Scan using part_pkey on part  (cost=0.43..66711.84 rows=471 width=4)
                                       Filter: ((p_brand = 'Brand#22'::bpchar) AND (p_container = 'LG BOX'::bpchar))
                                 ->  Index Scan using idx_lineitem_part_supp on lineitem  (cost=0.44..46.94 rows=30 width=17)
                                       Index Cond: (l_partkey = part.p_partkey)
(23 rows)

query 18 run 1
SET
SET
SET
                                                                       QUERY PLAN                                                                       
--------------------------------------------------------------------------------------------------------------------------------------------------------
 Limit  (cost=8725683.43..8725683.68 rows=100 width=71)
   ->  Sort  (cost=8725683.43..8775665.82 rows=19992956 width=71)
         Sort Key: orders.o_totalprice DESC, orders.o_orderdate
         ->  HashAggregate  (cost=7360216.40..7961567.03 rows=19992956 width=71)
               Group Key: customer.c_custkey, orders.o_orderkey
               Planned Partitions: 128
               ->  Hash Join  (cost=78763.00..6283252.09 rows=19992956 width=44)
                     Hash Cond: (orders.o_custkey = customer.c_custkey)
                     ->  Merge Join  (cost=274.74..5870150.18 rows=19992956 width=25)
                           Merge Cond: (orders.o_orderkey = lineitem.l_orderkey)
                           ->  Merge Join  (cost=1.00..3340305.67 rows=4998926 width=24)
                                 Merge Cond: (orders.o_orderkey = lineitem_1.l_orderkey)
                                 ->  Index Scan using orders_pkey on orders  (cost=0.43..547948.02 rows=14998839 width=20)
                                 ->  GroupAggregate  (cost=0.56..2692373.97 rows=4998926 width=4)
                                       Group Key: lineitem_1.l_orderkey
                                       Filter: (sum(lineitem_1.l_quantity) > '313'::numeric)
                                       ->  Index Scan using idx_lineitem_orderkey on lineitem lineitem_1  (cost=0.56..2167486.75 rows=59987112 width=9)
                           ->  Index Scan using idx_lineitem_orderkey on lineitem  (cost=0.56..2167486.75 rows=59987112 width=9)
                     ->  Hash  (cost=50947.56..50947.56 rows=1500056 width=23)
                           ->  Seq Scan on customer  (cost=0.00..50947.56 rows=1500056 width=23)
(20 rows)

query 19 run 1
SET
SET
SET
                                                                                                                                                                                                                                                                                                                                                                                                                                                                                                                  QUERY PLAN                                                                                                                                                                                                                                                                                                                                                                                                                                                                                                                  
----------------------------------------------------------------------------------------------------------------------------------------------------------------------------------------------------------------------------------------------------------------------------------------------------------------------------------------------------------------------------------------------------------------------------------------------------------------------------------------------------------------------------------------------------------------------------------------------------------------------------------------------------------------------------------------------------------------------------------------------------------------------------------------------------------------------------------------------------------------------------------------------------------------------------------------------------------------------------------------------------------------------------------------------
 Limit  (cost=123554.07..123554.08 rows=1 width=32)
   ->  Finalize Aggregate  (cost=123554.07..123554.08 rows=1 width=32)
         ->  Gather  (cost=123553.64..123554.05 rows=4 width=32)
               Workers Planned: 4
               ->  Partial Aggregate  (cost=122553.64..122553.65 rows=1 width=32)
                     ->  Nested Loop  (cost=0.44..122551.50 rows=285 width=12)
                           ->  Parallel Seq Scan on part  (cost=0.00..62230.29 rows=1235 width=30)
                                 Filter: ((p_size >= 1) AND (((p_brand = 'Brand#24'::bpchar) AND (p_container = ANY ('{"SM CASE","SM BOX","SM PACK","SM PKG"}'::bpchar[])) AND (p_size <= 5)) OR ((p_brand = 'Brand#43'::bpchar) AND (p_container = ANY ('{"MED BAG","MED BOX","MED PKG","MED PACK"}'::bpchar[])) AND (p_size <= 10)) OR ((p_brand = 'Brand#44'::bpchar) AND (p_container = ANY ('{"LG CASE","LG BOX","LG PACK","LG PKG"}'::bpchar[])) AND (p_size <= 15))))
                           ->  Index Scan using idx_lineitem_part_supp on lineitem  (cost=0.44..48.83 rows=1 width=21)
                                 Index Cond: (l_partkey = part.p_partkey)
                                 Filter: ((l_shipmode = ANY ('{AIR,"AIR REG"}'::bpchar[])) AND (l_shipinstruct = 'DELIVER IN PERSON'::bpchar) AND (((l_quantity >= '10'::numeric) AND (l_quantity <= '20'::numeric)) OR ((l_quantity >= '10'::numeric) AND (l_quantity <= '20'::numeric)) OR ((l_quantity >= '20'::numeric) AND (l_quantity <= '30'::numeric))) AND (((part.p_brand = 'Brand#24'::bpchar) AND (part.p_container = ANY ('{"SM CASE","SM BOX","SM PACK","SM PKG"}'::bpchar[])) AND (l_quantity >= '10'::numeric) AND (l_quantity <= '20'::numeric) AND (part.p_size <= 5)) OR ((part.p_brand = 'Brand#43'::bpchar) AND (part.p_container = ANY ('{"MED BAG","MED BOX","MED PKG","MED PACK"}'::bpchar[])) AND (l_quantity >= '10'::numeric) AND (l_quantity <= '20'::numeric) AND (part.p_size <= 10)) OR ((part.p_brand = 'Brand#44'::bpchar) AND (part.p_container = ANY ('{"LG CASE","LG BOX","LG PACK","LG PKG"}'::bpchar[])) AND (l_quantity >= '20'::numeric) AND (l_quantity <= '30'::numeric) AND (part.p_size <= 15))))
(11 rows)

query 20 run 1
SET
SET
SET
                                                           QUERY PLAN                                                            
---------------------------------------------------------------------------------------------------------------------------------
 Limit  (cost=2455945.18..2654047.91 rows=1 width=51)
   ->  Nested Loop Semi Join  (cost=2455945.18..2654047.91 rows=1 width=51)
         Join Filter: (supplier.s_suppkey = lineitem.l_suppkey)
         ->  Gather Merge  (cost=4122.93..4578.81 rows=4000 width=55)
               Workers Planned: 1
               ->  Sort  (cost=3122.92..3128.80 rows=2353 width=55)
                     Sort Key: supplier.s_name
                     ->  Hash Join  (cost=1.32..2991.15 rows=2353 width=55)
                           Hash Cond: (supplier.s_nationkey = nation.n_nationkey)
                           ->  Parallel Seq Scan on supplier  (cost=0.00..2809.24 rows=58824 width=59)
                           ->  Hash  (cost=1.31..1.31 rows=1 width=4)
                                 ->  Seq Scan on nation  (cost=0.00..1.31 rows=1 width=4)
                                       Filter: (n_name = 'IRAQ'::bpchar)
         ->  Materialize  (cost=2451822.25..2649289.11 rows=3 width=8)
               ->  Hash Join  (cost=2451822.25..2649289.09 rows=3 width=8)
                     Hash Cond: ((lineitem.l_partkey = partsupp.ps_partkey) AND (lineitem.l_suppkey = partsupp.ps_suppkey))
                     Join Filter: ((partsupp.ps_availqty)::numeric > ((0.5 * sum(lineitem.l_quantity))))
                     ->  HashAggregate  (cost=2375217.85..2536413.55 rows=4836134 width=40)
                           Group Key: lineitem.l_partkey, lineitem.l_suppkey
                           Planned Partitions: 32
                           ->  Bitmap Heap Scan on lineitem  (cost=145555.98..1992588.51 rows=9078138 width=13)
                                 Recheck Cond: ((l_shipdate >= '1996-01-01'::date) AND (l_shipdate < '1997-01-01'::date))
                                 ->  Bitmap Index Scan on idx_lineitem_shipdate  (cost=0.00..143286.45 rows=9078138 width=0)
                                       Index Cond: ((l_shipdate >= '1996-01-01'::date) AND (l_shipdate < '1997-01-01'::date))
                     ->  Hash  (cost=75392.13..75392.13 rows=80818 width=16)
                           ->  Gather  (cost=1000.43..75392.13 rows=80818 width=16)
                                 Workers Planned: 4
                                 ->  Nested Loop  (cost=0.43..66310.33 rows=20204 width=16)
                                       ->  Parallel Seq Scan on part  (cost=0.00..47230.79 rows=5050 width=4)
                                             Filter: ((p_name)::text ~~ 'olive%'::text)
                                       ->  Index Scan using idx_partsupp_partkey on partsupp  (cost=0.43..3.59 rows=19 width=12)
                                             Index Cond: (ps_partkey = part.p_partkey)
(32 rows)

query 21 run 1
SET
SET
SET
                                                                   QUERY PLAN                                                                    
-------------------------------------------------------------------------------------------------------------------------------------------------
 Limit  (cost=1964938.90..1964938.90 rows=1 width=34)
   ->  Sort  (cost=1964938.90..1964938.90 rows=1 width=34)
         Sort Key: (count(*)) DESC, supplier.s_name
         ->  GroupAggregate  (cost=1964935.67..1964938.89 rows=1 width=34)
               Group Key: supplier.s_name
               ->  Nested Loop Semi Join  (cost=1964935.67..1964938.87 rows=1 width=26)
                     Join Filter: (l2.l_suppkey <> l1.l_suppkey)
                     ->  Gather Merge  (cost=1964935.11..1964935.23 rows=1 width=38)
                           Workers Planned: 4
                           ->  Sort  (cost=1963935.05..1963935.05 rows=1 width=38)
                                 Sort Key: supplier.s_name
                                 ->  Nested Loop Anti Join  (cost=1338045.54..1963935.04 rows=1 width=38)
                                       ->  Parallel Hash Join  (cost=1338044.97..1653231.04 rows=96766 width=38)
                                             Hash Cond: (orders.o_orderkey = l1.l_orderkey)
                                             ->  Parallel Seq Scan on orders  (cost=0.00..308139.37 rows=1814610 width=4)
                                                   Filter: (o_orderstatus = 'F'::bpchar)
                                             ->  Parallel Hash  (cost=1335545.51..1335545.51 rows=199957 width=34)
                                                   ->  Parallel Hash Join  (cost=3020.56..1335545.51 rows=199957 width=34)
                                                         Hash Cond: (l1.l_suppkey = supplier.s_suppkey)
                                                         ->  Parallel Seq Scan on lineitem l1  (cost=0.00..1312602.73 rows=4998926 width=8)
                                                               Filter: (l_receiptdate > l_commitdate)
                                                         ->  Parallel Hash  (cost=2991.15..2991.15 rows=2353 width=30)
                                                               ->  Hash Join  (cost=1.32..2991.15 rows=2353 width=30)
                                                                     Hash Cond: (supplier.s_nationkey = nation.n_nationkey)
                                                                     ->  Parallel Seq Scan on supplier  (cost=0.00..2809.24 rows=58824 width=34)
                                                                     ->  Hash  (cost=1.31..1.31 rows=1 width=4)
                                                                           ->  Seq Scan on nation  (cost=0.00..1.31 rows=1 width=4)
                                                                                 Filter: (n_name = 'PERU'::bpchar)
                                       ->  Index Scan using idx_lineitem_orderkey on lineitem l3  (cost=0.56..3.64 rows=1 width=8)
                                             Index Cond: (l_orderkey = l1.l_orderkey)
                                             Filter: ((l_receiptdate > l_commitdate) AND (l_suppkey <> l1.l_suppkey))
                     ->  Index Scan using idx_lineitem_orderkey on lineitem l2  (cost=0.56..3.62 rows=4 width=8)
                           Index Cond: (l_orderkey = orders.o_orderkey)
(33 rows)

query 22 run 1
SET
SET
SET
                                                                QUERY PLAN                                                                 
-------------------------------------------------------------------------------------------------------------------------------------------
 Limit  (cost=93877.54..93879.04 rows=1 width=72)
   InitPlan 1 (returns $1)
     ->  Finalize Aggregate  (cost=46821.34..46821.35 rows=1 width=32)
           ->  Gather  (cost=46820.91..46821.32 rows=4 width=32)
                 Workers Planned: 4
                 ->  Partial Aggregate  (cost=45820.91..45820.92 rows=1 width=32)
                       ->  Parallel Seq Scan on customer customer_1  (cost=0.00..45791.12 rows=11915 width=6)
                             Filter: ((c_acctbal > 0.00) AND (SUBSTRING(c_phone FROM 1 FOR 2) = ANY ('{21,29,26,34,14,15,17}'::text[])))
   ->  GroupAggregate  (cost=47056.19..59556.03 rows=8350 width=72)
         Group Key: SUBSTRING(customer.c_phone FROM 1 FOR 2)
         ->  Nested Loop Anti Join  (cost=47056.19..59347.28 rows=8350 width=38)
               ->  Gather Merge  (cost=47055.76..49151.23 rows=17501 width=26)
                     Workers Planned: 4
                     Params Evaluated: $1
                     ->  Sort  (cost=46055.70..46066.63 rows=4375 width=26)
                           Sort Key: (SUBSTRING(customer.c_phone FROM 1 FOR 2))
                           ->  Parallel Seq Scan on customer  (cost=0.00..45791.12 rows=4375 width=26)
                                 Filter: ((c_acctbal > $1) AND (SUBSTRING(c_phone FROM 1 FOR 2) = ANY ('{21,29,26,34,14,15,17}'::text[])))
               ->  Index Only Scan using idx_orders_custkey on orders  (cost=0.43..2.19 rows=19 width=4)
                     Index Cond: (o_custkey = customer.c_custkey)
(20 rows)

