query 1 run 1
SET
SET
SET
                                                 QUERY PLAN                                                  
-------------------------------------------------------------------------------------------------------------
 Limit  (cost=1831778.13..1831778.76 rows=1 width=236)
   ->  Finalize GroupAggregate  (cost=1831778.13..1831781.95 rows=6 width=236)
         Group Key: l_returnflag, l_linestatus
         ->  Gather Merge  (cost=1831778.13..1831781.00 rows=24 width=236)
               Workers Planned: 4
               ->  Sort  (cost=1830778.07..1830778.09 rows=6 width=236)
                     Sort Key: l_returnflag, l_linestatus
                     ->  Partial HashAggregate  (cost=1830777.86..1830777.99 rows=6 width=236)
                           Group Key: l_returnflag, l_linestatus
                           ->  Parallel Seq Scan on lineitem  (cost=0.00..1312603.31 rows=14804987 width=25)
                                 Filter: (l_shipdate <= '1998-09-10 00:00:00'::timestamp without time zone)
(11 rows)

query 2 run 1
SET
SET
SET
                                                                  QUERY PLAN                                                                  
----------------------------------------------------------------------------------------------------------------------------------------------
 Limit  (cost=1096097.48..1096097.49 rows=1 width=192)
   ->  Sort  (cost=1096097.48..1096097.49 rows=1 width=192)
         Sort Key: supplier.s_acctbal DESC, nation.n_name, supplier.s_name, part.p_partkey
         ->  Merge Join  (cost=553847.66..1096097.47 rows=1 width=192)
               Merge Cond: (part.p_partkey = partsupp.ps_partkey)
               Join Filter: (partsupp.ps_supplycost = (SubPlan 1))
               ->  Gather Merge  (cost=1000.49..68771.59 rows=8892 width=30)
                     Workers Planned: 4
                     ->  Parallel Index Scan using part_pkey on part  (cost=0.43..66712.41 rows=2223 width=30)
                           Filter: (((p_type)::text ~~ '%NICKEL'::text) AND (p_size = 16))
               ->  Materialize  (cost=552846.87..560699.00 rows=1570425 width=172)
                     ->  Sort  (cost=552846.87..556772.93 rows=1570425 width=172)
                           Sort Key: partsupp.ps_partkey
                           ->  Hash Join  (cost=4048.51..304961.50 rows=1570425 width=172)
                                 Hash Cond: (partsupp.ps_suppkey = supplier.s_suppkey)
                                 ->  Seq Scan on partsupp  (cost=0.00..255212.36 rows=7999036 width=14)
                                 ->  Hash  (cost=3798.51..3798.51 rows=20000 width=166)
                                       ->  Hash Join  (cost=2.51..3798.51 rows=20000 width=166)
                                             Hash Cond: (supplier.s_nationkey = nation.n_nationkey)
                                             ->  Seq Scan on supplier  (cost=0.00..3221.00 rows=100000 width=144)
                                             ->  Hash  (cost=2.45..2.45 rows=5 width=30)
                                                   ->  Hash Join  (cost=1.07..2.45 rows=5 width=30)
                                                         Hash Cond: (nation.n_regionkey = region.r_regionkey)
                                                         ->  Seq Scan on nation  (cost=0.00..1.25 rows=25 width=34)
                                                         ->  Hash  (cost=1.06..1.06 rows=1 width=4)
                                                               ->  Seq Scan on region  (cost=0.00..1.06 rows=1 width=4)
                                                                     Filter: (r_name = 'AMERICA'::bpchar)
               SubPlan 1
                 ->  Aggregate  (cost=66.25..66.26 rows=1 width=32)
                       ->  Nested Loop  (cost=2.29..66.24 rows=4 width=6)
                             Join Filter: (nation_1.n_regionkey = region_1.r_regionkey)
                             ->  Seq Scan on region region_1  (cost=0.00..1.06 rows=1 width=4)
                                   Filter: (r_name = 'AMERICA'::bpchar)
                             ->  Hash Join  (cost=2.29..64.95 rows=18 width=10)
                                   Hash Cond: (supplier_1.s_nationkey = nation_1.n_nationkey)
                                   ->  Nested Loop  (cost=0.72..63.33 rows=18 width=10)
                                         ->  Index Scan using idx_partsupp_partkey on partsupp partsupp_1  (cost=0.43..3.75 rows=18 width=10)
                                               Index Cond: (ps_partkey = part.p_partkey)
                                         ->  Index Scan using supplier_pkey on supplier supplier_1  (cost=0.29..3.31 rows=1 width=8)
                                               Index Cond: (s_suppkey = partsupp_1.ps_suppkey)
                                   ->  Hash  (cost=1.25..1.25 rows=25 width=8)
                                         ->  Seq Scan on nation nation_1  (cost=0.00..1.25 rows=25 width=8)
(42 rows)

query 3 run 1
SET
SET
SET
                                                        QUERY PLAN                                                         
---------------------------------------------------------------------------------------------------------------------------
 Limit  (cost=2335205.89..2335205.92 rows=10 width=44)
   ->  Sort  (cost=2335205.89..2343263.20 rows=3222921 width=44)
         Sort Key: (sum((lineitem.l_extendedprice * ('1'::numeric - lineitem.l_discount)))) DESC, orders.o_orderdate
         ->  GroupAggregate  (cost=1791034.12..2265559.73 rows=3222921 width=44)
               Group Key: lineitem.l_orderkey, orders.o_orderdate, orders.o_shippriority
               ->  Gather Merge  (cost=1791034.12..2176929.40 rows=3222921 width=24)
                     Workers Planned: 4
                     ->  Sort  (cost=1790034.06..1792048.38 rows=805730 width=24)
                           Sort Key: lineitem.l_orderkey, orders.o_orderdate, orders.o_shippriority
                           ->  Nested Loop  (cost=41591.10..1700367.70 rows=805730 width=24)
                                 ->  Parallel Hash Join  (cost=41590.53..354508.71 rows=370494 width=12)
                                       Hash Cond: (orders.o_custkey = customer.c_custkey)
                                       ->  Parallel Seq Scan on orders  (cost=0.00..308149.22 rows=1816742 width=16)
                                             Filter: (o_orderdate < '1995-03-07'::date)
                                       ->  Parallel Hash  (cost=40634.58..40634.58 rows=76476 width=4)
                                             ->  Parallel Seq Scan on customer  (cost=0.00..40634.58 rows=76476 width=4)
                                                   Filter: (c_mktsegment = 'BUILDING'::bpchar)
                                 ->  Index Scan using idx_lineitem_orderkey on lineitem  (cost=0.56..3.61 rows=2 width=16)
                                       Index Cond: (l_orderkey = orders.o_orderkey)
                                       Filter: (l_shipdate > '1995-03-07'::date)
(20 rows)

query 4 run 1
SET
SET
SET
                                                           QUERY PLAN                                                           
--------------------------------------------------------------------------------------------------------------------------------
 Limit  (cost=281802.84..635458.01 rows=1 width=24)
   ->  GroupAggregate  (cost=281802.84..2050078.68 rows=5 width=24)
         Group Key: orders.o_orderpriority
         ->  Nested Loop Semi Join  (cost=281802.84..2047408.60 rows=534007 width=16)
               ->  Gather Merge  (cost=281802.28..345763.44 rows=534191 width=20)
                     Workers Planned: 4
                     ->  Sort  (cost=280802.22..281136.09 rows=133548 width=20)
                           Sort Key: orders.o_orderpriority
                           ->  Parallel Bitmap Heap Scan on orders  (cost=6161.39..269432.61 rows=133548 width=20)
                                 Recheck Cond: ((o_orderdate >= '1993-12-01'::date) AND (o_orderdate < '1994-03-01'::date))
                                 ->  Bitmap Index Scan on idx_orders_orderdate  (cost=0.00..6027.85 rows=534191 width=0)
                                       Index Cond: ((o_orderdate >= '1993-12-01'::date) AND (o_orderdate < '1994-03-01'::date))
               ->  Index Scan using idx_lineitem_orderkey on lineitem  (cost=0.56..3.61 rows=1 width=4)
                     Index Cond: (l_orderkey = orders.o_orderkey)
                     Filter: (l_commitdate < l_receiptdate)
(15 rows)

query 5 run 1
SET
SET
SET
                                                                       QUERY PLAN                                                                       
--------------------------------------------------------------------------------------------------------------------------------------------------------
 Limit  (cost=756985.58..756985.58 rows=1 width=58)
   ->  Sort  (cost=756985.58..756985.64 rows=25 width=58)
         Sort Key: (sum((lineitem.l_extendedprice * ('1'::numeric - lineitem.l_discount)))) DESC
         ->  Finalize GroupAggregate  (cost=756748.33..756985.45 rows=25 width=58)
               Group Key: nation.n_name
               ->  Gather Merge  (cost=756748.33..756984.39 rows=100 width=58)
                     Workers Planned: 4
                     ->  Partial GroupAggregate  (cost=755748.27..755972.42 rows=25 width=58)
                           Group Key: nation.n_name
                           ->  Sort  (cost=755748.27..755793.04 rows=17907 width=38)
                                 Sort Key: nation.n_name
                                 ->  Parallel Hash Join  (cost=72305.94..754483.30 rows=17907 width=38)
                                       Hash Cond: ((lineitem.l_suppkey = supplier.s_suppkey) AND (customer.c_nationkey = supplier.s_nationkey))
                                       ->  Nested Loop  (cost=68614.34..748441.65 rows=447630 width=50)
                                             ->  Parallel Hash Join  (cost=68613.77..340656.59 rows=111946 width=38)
                                                   Hash Cond: (orders.o_custkey = customer.c_custkey)
                                                   ->  Parallel Bitmap Heap Scan on orders  (cost=25820.41..295484.37 rows=559731 width=8)
                                                         Recheck Cond: ((o_orderdate >= '1993-01-01'::date) AND (o_orderdate < '1994-01-01'::date))
                                                         ->  Bitmap Index Scan on idx_orders_orderdate  (cost=0.00..25260.68 rows=2238924 width=0)
                                                               Index Cond: ((o_orderdate >= '1993-01-01'::date) AND (o_orderdate < '1994-01-01'::date))
                                                   ->  Parallel Hash  (cost=41855.86..41855.86 rows=75001 width=38)
                                                         ->  Hash Join  (cost=2.51..41855.86 rows=75001 width=38)
                                                               Hash Cond: (customer.c_nationkey = nation.n_nationkey)
                                                               ->  Parallel Seq Scan on customer  (cost=0.00..39697.07 rows=375006 width=8)
                                                               ->  Hash  (cost=2.45..2.45 rows=5 width=30)
                                                                     ->  Hash Join  (cost=1.07..2.45 rows=5 width=30)
                                                                           Hash Cond: (nation.n_regionkey = region.r_regionkey)
                                                                           ->  Seq Scan on nation  (cost=0.00..1.25 rows=25 width=34)
                                                                           ->  Hash  (cost=1.06..1.06 rows=1 width=4)
                                                                                 ->  Seq Scan on region  (cost=0.00..1.06 rows=1 width=4)
                                                                                       Filter: (r_name = 'AMERICA'::bpchar)
                                             ->  Index Scan using idx_lineitem_orderkey on lineitem  (cost=0.56..3.60 rows=4 width=20)
                                                   Index Cond: (l_orderkey = orders.o_orderkey)
                                       ->  Parallel Hash  (cost=2809.24..2809.24 rows=58824 width=8)
                                             ->  Parallel Seq Scan on supplier  (cost=0.00..2809.24 rows=58824 width=8)
(35 rows)

query 6 run 1
SET
SET
SET
                                                                                                                QUERY PLAN                                                                                                                 
-------------------------------------------------------------------------------------------------------------------------------------------------------------------------------------------------------------------------------------------
 Limit  (cost=1286998.52..1286998.53 rows=1 width=32)
   ->  Finalize Aggregate  (cost=1286998.52..1286998.53 rows=1 width=32)
         ->  Gather  (cost=1286998.09..1286998.50 rows=4 width=32)
               Workers Planned: 4
               ->  Partial Aggregate  (cost=1285998.09..1285998.10 rows=1 width=32)
                     ->  Parallel Bitmap Heap Scan on lineitem  (cost=213283.90..1284506.81 rows=298255 width=12)
                           Recheck Cond: ((l_shipdate >= '1993-01-01'::date) AND (l_shipdate < '1994-01-01 00:00:00'::timestamp without time zone) AND (l_discount >= 0.06) AND (l_discount <= 0.08) AND (l_quantity < '25'::numeric))
                           ->  Bitmap Index Scan on idx_lineitem_shipdate  (cost=0.00..212985.64 rows=1193019 width=0)
                                 Index Cond: ((l_shipdate >= '1993-01-01'::date) AND (l_shipdate < '1994-01-01 00:00:00'::timestamp without time zone) AND (l_discount >= 0.06) AND (l_discount <= 0.08) AND (l_quantity < '25'::numeric))
(9 rows)

query 7 run 1
SET
SET
SET
                                                                                                      QUERY PLAN                                                                                                       
-----------------------------------------------------------------------------------------------------------------------------------------------------------------------------------------------------------------------
 Limit  (cost=1419866.24..1420923.78 rows=1 width=116)
   ->  GroupAggregate  (cost=1419866.24..12033403.88 rows=10036 width=116)
         Group Key: n1.n_name, n2.n_name, EXTRACT(year FROM lineitem.l_shipdate)
         ->  Nested Loop  (cost=1419866.24..12032338.67 rows=60978 width=96)
               Join Filter: (n2.n_nationkey = customer.c_nationkey)
               ->  Nested Loop  (cost=1419865.81..6814379.61 rows=1524438 width=76)
                     ->  Gather Merge  (cost=1419865.37..1602393.41 rows=1524438 width=76)
                           Workers Planned: 4
                           ->  Sort  (cost=1418865.32..1419818.09 rows=381110 width=76)
                                 Sort Key: n1.n_name, n2.n_name, (EXTRACT(year FROM lineitem.l_shipdate))
                                 ->  Parallel Hash Join  (cost=3140.96..1372648.96 rows=381110 width=76)
                                       Hash Cond: (lineitem.l_suppkey = supplier.s_suppkey)
                                       ->  Parallel Seq Scan on lineitem  (cost=0.00..1350095.38 rows=4578882 width=24)
                                             Filter: ((l_shipdate >= '1995-01-01'::date) AND (l_shipdate <= '1996-12-31'::date))
                                       ->  Parallel Hash  (cost=3079.76..3079.76 rows=4896 width=60)
                                             ->  Hash Join  (cost=2.87..3079.76 rows=4896 width=60)
                                                   Hash Cond: (supplier.s_nationkey = n1.n_nationkey)
                                                   ->  Parallel Seq Scan on supplier  (cost=0.00..2809.24 rows=58824 width=8)
                                                   ->  Hash  (cost=2.84..2.84 rows=2 width=60)
                                                         ->  Nested Loop  (cost=0.00..2.84 rows=2 width=60)
                                                               Join Filter: (((n1.n_name = 'PERU'::bpchar) AND (n2.n_name = 'MOROCCO'::bpchar)) OR ((n1.n_name = 'MOROCCO'::bpchar) AND (n2.n_name = 'PERU'::bpchar)))
                                                               ->  Seq Scan on nation n1  (cost=0.00..1.38 rows=2 width=30)
                                                                     Filter: ((n_name = 'PERU'::bpchar) OR (n_name = 'MOROCCO'::bpchar))
                                                               ->  Materialize  (cost=0.00..1.39 rows=2 width=30)
                                                                     ->  Seq Scan on nation n2  (cost=0.00..1.38 rows=2 width=30)
                                                                           Filter: ((n_name = 'MOROCCO'::bpchar) OR (n_name = 'PERU'::bpchar))
                     ->  Index Scan using orders_pkey on orders  (cost=0.43..3.42 rows=1 width=8)
                           Index Cond: (o_orderkey = lineitem.l_orderkey)
               ->  Index Scan using customer_pkey on customer  (cost=0.43..3.41 rows=1 width=8)
                     Index Cond: (c_custkey = orders.o_custkey)
(30 rows)

query 8 run 1
SET
SET
SET
                                                                  QUERY PLAN                                                                   
-----------------------------------------------------------------------------------------------------------------------------------------------
 Limit  (cost=386449.44..393085.47 rows=1 width=64)
   ->  GroupAggregate  (cost=386449.44..16352727.43 rows=2406 width=64)
         Group Key: EXTRACT(year FROM orders.o_orderdate)
         ->  Nested Loop  (cost=386449.44..16352195.03 rows=24214 width=70)
               Join Filter: (supplier.s_nationkey = n2.n_nationkey)
               ->  Nested Loop  (cost=386449.44..16343388.36 rows=24214 width=20)
                     ->  Nested Loop  (cost=386449.15..16264175.25 rows=24214 width=20)
                           ->  Nested Loop  (cost=386448.72..3817738.56 rows=3645895 width=24)
                                 ->  Gather Merge  (cost=386448.16..495620.77 rows=911788 width=8)
                                       Workers Planned: 4
                                       ->  Sort  (cost=385448.10..386017.97 rows=227947 width=8)
                                             Sort Key: (EXTRACT(year FROM orders.o_orderdate))
                                             ->  Parallel Hash Join  (cost=42793.37..365162.71 rows=227947 width=8)
                                                   Hash Cond: (orders.o_custkey = customer.c_custkey)
                                                   ->  Parallel Seq Scan on orders  (cost=0.00..317525.47 rows=1139735 width=12)
                                                         Filter: ((o_orderdate >= '1995-01-01'::date) AND (o_orderdate <= '1996-12-31'::date))
                                                   ->  Parallel Hash  (cost=41855.86..41855.86 rows=75001 width=4)
                                                         ->  Hash Join  (cost=2.51..41855.86 rows=75001 width=4)
                                                               Hash Cond: (customer.c_nationkey = n1.n_nationkey)
                                                               ->  Parallel Seq Scan on customer  (cost=0.00..39697.07 rows=375006 width=8)
                                                               ->  Hash  (cost=2.45..2.45 rows=5 width=4)
                                                                     ->  Hash Join  (cost=1.07..2.45 rows=5 width=4)
                                                                           Hash Cond: (n1.n_regionkey = region.r_regionkey)
                                                                           ->  Seq Scan on nation n1  (cost=0.00..1.25 rows=25 width=8)
                                                                           ->  Hash  (cost=1.06..1.06 rows=1 width=4)
                                                                                 ->  Seq Scan on region  (cost=0.00..1.06 rows=1 width=4)
                                                                                       Filter: (r_name = 'AMERICA'::bpchar)
                                 ->  Index Scan using idx_lineitem_orderkey on lineitem  (cost=0.56..3.60 rows=4 width=24)
                                       Index Cond: (l_orderkey = orders.o_orderkey)
                           ->  Index Scan using part_pkey on part  (cost=0.43..3.41 rows=1 width=4)
                                 Index Cond: (p_partkey = lineitem.l_partkey)
                                 Filter: ((p_type)::text = 'LARGE POLISHED BRASS'::text)
                     ->  Index Scan using supplier_pkey on supplier  (cost=0.29..3.27 rows=1 width=8)
                           Index Cond: (s_suppkey = lineitem.l_suppkey)
               ->  Materialize  (cost=0.00..1.38 rows=25 width=30)
                     ->  Seq Scan on nation n2  (cost=0.00..1.25 rows=25 width=30)
(36 rows)

query 9 run 1
SET
SET
SET
                                                                 QUERY PLAN                                                                  
---------------------------------------------------------------------------------------------------------------------------------------------
 Limit  (cost=37339.55..42655.46 rows=1 width=90)
   ->  GroupAggregate  (cost=37339.55..701828.41 rows=125 width=90)
         Group Key: nation.n_name, (EXTRACT(year FROM orders.o_orderdate))
         ->  Incremental Sort  (cost=37339.55..701824.35 rows=125 width=81)
               Sort Key: nation.n_name, (EXTRACT(year FROM orders.o_orderdate)) DESC
               Presorted Key: nation.n_name
               ->  Nested Loop  (cost=9652.78..701819.40 rows=125 width=81)
                     Join Filter: (supplier.s_suppkey = lineitem.l_suppkey)
                     ->  Gather Merge  (cost=8651.47..20048.53 rows=100000 width=30)
                           Workers Planned: 1
                           ->  Sort  (cost=7651.46..7798.52 rows=58824 width=30)
                                 Sort Key: nation.n_name
                                 ->  Hash Join  (cost=1.56..2991.39 rows=58824 width=30)
                                       Hash Cond: (supplier.s_nationkey = nation.n_nationkey)
                                       ->  Parallel Seq Scan on supplier  (cost=0.00..2809.24 rows=58824 width=8)
                                       ->  Hash  (cost=1.25..1.25 rows=25 width=30)
                                             ->  Seq Scan on nation  (cost=0.00..1.25 rows=25 width=30)
                     ->  Materialize  (cost=1001.31..494270.88 rows=125 width=35)
                           ->  Gather  (cost=1001.31..494270.25 rows=125 width=35)
                                 Workers Planned: 4
                                 ->  Nested Loop  (cost=1.31..493257.75 rows=31 width=35)
                                       ->  Nested Loop  (cost=0.87..493151.65 rows=31 width=35)
                                             ->  Nested Loop  (cost=0.43..145643.99 rows=100998 width=18)
                                                   ->  Parallel Seq Scan on part  (cost=0.00..47230.99 rows=25252 width=4)
                                                         Filter: ((p_name)::text ~~ '%navy%'::text)
                                                   ->  Index Scan using idx_partsupp_partkey on partsupp  (cost=0.43..3.72 rows=18 width=14)
                                                         Index Cond: (ps_partkey = part.p_partkey)
                                             ->  Index Scan using idx_lineitem_part_supp on lineitem  (cost=0.44..3.43 rows=1 width=29)
                                                   Index Cond: ((l_partkey = partsupp.ps_partkey) AND (l_suppkey = partsupp.ps_suppkey))
                                       ->  Index Scan using orders_pkey on orders  (cost=0.43..3.42 rows=1 width=8)
                                             Index Cond: (o_orderkey = lineitem.l_orderkey)
(31 rows)

query 10 run 1
SET
SET
SET
                                                                       QUERY PLAN                                                                       
--------------------------------------------------------------------------------------------------------------------------------------------------------
 Limit  (cost=958219.56..958219.61 rows=20 width=202)
   ->  Sort  (cost=958219.56..959650.84 rows=572515 width=202)
         Sort Key: (sum((lineitem.l_extendedprice * ('1'::numeric - lineitem.l_discount)))) DESC
         ->  GroupAggregate  (cost=860122.39..942985.14 rows=572515 width=202)
               Group Key: customer.c_custkey, nation.n_name
               ->  Gather Merge  (cost=860122.39..928672.26 rows=572515 width=182)
                     Workers Planned: 4
                     ->  Sort  (cost=859122.33..859480.15 rows=143129 width=182)
                           Sort Key: customer.c_custkey, nation.n_name
                           ->  Hash Join  (cost=803558.67..846865.51 rows=143129 width=182)
                                 Hash Cond: (customer.c_nationkey = nation.n_nationkey)
                                 ->  Parallel Hash Join  (cost=803557.11..846424.54 rows=143129 width=160)
                                       Hash Cond: (customer.c_custkey = orders.o_custkey)
                                       ->  Parallel Seq Scan on customer  (cost=0.00..39697.07 rows=375006 width=148)
                                       ->  Parallel Hash  (cost=801768.00..801768.00 rows=143129 width=16)
                                             ->  Nested Loop  (cost=6769.47..801768.00 rows=143129 width=16)
                                                   ->  Parallel Bitmap Heap Scan on orders  (cost=6768.90..270237.68 rows=146719 width=8)
                                                         Recheck Cond: ((o_orderdate >= '1994-08-01'::date) AND (o_orderdate < '1994-11-01'::date))
                                                         ->  Bitmap Index Scan on idx_orders_orderdate  (cost=0.00..6622.19 rows=586875 width=0)
                                                               Index Cond: ((o_orderdate >= '1994-08-01'::date) AND (o_orderdate < '1994-11-01'::date))
                                                   ->  Index Scan using idx_lineitem_orderkey on lineitem  (cost=0.56..3.61 rows=1 width=16)
                                                         Index Cond: (l_orderkey = orders.o_orderkey)
                                                         Filter: (l_returnflag = 'R'::bpchar)
                                 ->  Hash  (cost=1.25..1.25 rows=25 width=30)
                                       ->  Seq Scan on nation  (cost=0.00..1.25 rows=25 width=30)
(25 rows)

query 11 run 1
SET
SET
SET
                                                                  QUERY PLAN                                                                   
-----------------------------------------------------------------------------------------------------------------------------------------------
 Limit  (cost=437211.34..437211.34 rows=1 width=36)
   InitPlan 1 (returns $3)
     ->  Finalize Aggregate  (cost=193195.04..193195.05 rows=1 width=32)
           ->  Gather  (cost=193194.82..193195.03 rows=2 width=32)
                 Workers Planned: 2
                 ->  Partial Aggregate  (cost=192194.82..192194.83 rows=1 width=32)
                       ->  Nested Loop  (cost=0.87..191213.30 rows=130869 width=10)
                             ->  Nested Loop  (cost=0.44..4617.72 rows=1667 width=4)
                                   ->  Parallel Index Scan using supplier_pkey on supplier supplier_1  (cost=0.29..3552.46 rows=41667 width=8)
                                   ->  Memoize  (cost=0.15..0.92 rows=1 width=4)
                                         Cache Key: supplier_1.s_nationkey
                                         Cache Mode: logical
                                         ->  Index Scan using nation_pkey on nation nation_1  (cost=0.14..0.91 rows=1 width=4)
                                               Index Cond: (n_nationkey = supplier_1.s_nationkey)
                                               Filter: (n_name = 'SAUDI ARABIA'::bpchar)
                             ->  Index Scan using idx_partsupp_suppkey on partsupp partsupp_1  (cost=0.43..111.14 rows=79 width=14)
                                   Index Cond: (ps_suppkey = supplier_1.s_suppkey)
   ->  Sort  (cost=244016.29..244278.03 rows=104695 width=36)
         Sort Key: (sum((partsupp.ps_supplycost * (partsupp.ps_availqty)::numeric))) DESC
         ->  Finalize GroupAggregate  (cost=203335.72..243492.82 rows=104695 width=36)
               Group Key: partsupp.ps_partkey
               Filter: (sum((partsupp.ps_supplycost * (partsupp.ps_availqty)::numeric)) > $3)
               ->  Gather Merge  (cost=203335.72..236818.51 rows=261738 width=36)
                     Workers Planned: 2
                     ->  Partial GroupAggregate  (cost=202335.70..205607.42 rows=130869 width=36)
                           Group Key: partsupp.ps_partkey
                           ->  Sort  (cost=202335.70..202662.87 rows=130869 width=14)
                                 Sort Key: partsupp.ps_partkey
                                 ->  Nested Loop  (cost=0.87..191213.30 rows=130869 width=14)
                                       ->  Nested Loop  (cost=0.44..4617.72 rows=1667 width=4)
                                             ->  Parallel Index Scan using supplier_pkey on supplier  (cost=0.29..3552.46 rows=41667 width=8)
                                             ->  Memoize  (cost=0.15..0.92 rows=1 width=4)
                                                   Cache Key: supplier.s_nationkey
                                                   Cache Mode: logical
                                                   ->  Index Scan using nation_pkey on nation  (cost=0.14..0.91 rows=1 width=4)
                                                         Index Cond: (n_nationkey = supplier.s_nationkey)
                                                         Filter: (n_name = 'SAUDI ARABIA'::bpchar)
                                       ->  Index Scan using idx_partsupp_suppkey on partsupp  (cost=0.43..111.14 rows=79 width=18)
                                             Index Cond: (ps_suppkey = supplier.s_suppkey)
(39 rows)

query 12 run 1
SET
SET
SET
                                                                                                                    QUERY PLAN                                                                                                                     
---------------------------------------------------------------------------------------------------------------------------------------------------------------------------------------------------------------------------------------------------
 Limit  (cost=1469217.78..1611721.91 rows=1 width=27)
   ->  GroupAggregate  (cost=1469217.78..2466746.67 rows=7 width=27)
         Group Key: lineitem.l_shipmode
         ->  Nested Loop  (cost=1469217.78..2461836.65 rows=280569 width=27)
               ->  Gather Merge  (cost=1469217.35..1502811.17 rows=280569 width=15)
                     Workers Planned: 4
                     ->  Sort  (cost=1468217.29..1468392.64 rows=70142 width=15)
                           Sort Key: lineitem.l_shipmode
                           ->  Parallel Seq Scan on lineitem  (cost=0.00..1462571.56 rows=70142 width=15)
                                 Filter: ((l_shipmode = ANY ('{SHIP,"REG AIR"}'::bpchar[])) AND (l_commitdate < l_receiptdate) AND (l_shipdate < l_commitdate) AND (l_receiptdate >= '1994-01-01'::date) AND (l_receiptdate < '1995-01-01'::date))
               ->  Index Scan using orders_pkey on orders  (cost=0.43..3.42 rows=1 width=20)
                     Index Cond: (o_orderkey = lineitem.l_orderkey)
(12 rows)

query 13 run 1
SET
SET
SET
                                                           QUERY PLAN                                                            
---------------------------------------------------------------------------------------------------------------------------------
 Limit  (cost=1370000.69..1370000.70 rows=1 width=16)
   ->  Sort  (cost=1370000.69..1370001.19 rows=200 width=16)
         Sort Key: (count(*)) DESC, (count(orders.o_orderkey)) DESC
         ->  HashAggregate  (cost=1369997.69..1369999.69 rows=200 width=16)
               Group Key: count(orders.o_orderkey)
               ->  HashAggregate  (cost=1215305.71..1347497.30 rows=1500026 width=12)
                     Group Key: customer.c_custkey
                     Planned Partitions: 8
                     ->  Hash Right Join  (cost=53285.14..664506.43 rows=15000491 width=8)
                           Hash Cond: (orders.o_custkey = customer.c_custkey)
                           ->  Seq Scan on orders  (cost=0.00..448792.89 rows=15000491 width=8)
                                 Filter: ((o_comment)::text !~~ '%special%requests%'::text)
                           ->  Hash  (cost=28674.82..28674.82 rows=1500026 width=4)
                                 ->  Index Only Scan using customer_pkey on customer  (cost=0.43..28674.82 rows=1500026 width=4)
(14 rows)

query 14 run 1
SET
SET
SET
                                                          QUERY PLAN                                                          
------------------------------------------------------------------------------------------------------------------------------
 Limit  (cost=805710.02..805710.04 rows=1 width=32)
   ->  Finalize Aggregate  (cost=805710.02..805710.04 rows=1 width=32)
         ->  Gather  (cost=805709.57..805709.98 rows=4 width=64)
               Workers Planned: 4
               ->  Partial Aggregate  (cost=804709.57..804709.58 rows=1 width=64)
                     ->  Parallel Hash Join  (cost=63567.15..801616.51 rows=176746 width=33)
                           Hash Cond: (lineitem.l_partkey = part.p_partkey)
                           ->  Parallel Bitmap Heap Scan on lineitem  (cost=11336.15..748921.55 rows=176746 width=16)
                                 Recheck Cond: ((l_shipdate >= '1994-05-01'::date) AND (l_shipdate < '1994-06-01'::date))
                                 ->  Bitmap Index Scan on idx_lineitem_shipdate  (cost=0.00..11159.41 rows=706984 width=0)
                                       Index Cond: ((l_shipdate >= '1994-05-01'::date) AND (l_shipdate < '1994-06-01'::date))
                           ->  Parallel Hash  (cost=45981.00..45981.00 rows=500000 width=25)
                                 ->  Parallel Seq Scan on part  (cost=0.00..45981.00 rows=500000 width=25)
(13 rows)

query 15 run 1
SET
SET
SET
CREATE VIEW
                                                             QUERY PLAN                                                             
------------------------------------------------------------------------------------------------------------------------------------
 Limit  (cost=2742003.22..2742110.40 rows=1 width=103)
   InitPlan 1 (returns $1)
     ->  Aggregate  (cost=1389366.65..1389366.66 rows=1 width=32)
           ->  Finalize HashAggregate  (cost=1386898.50..1388132.58 rows=98726 width=36)
                 Group Key: lineitem_1.l_suppkey
                 ->  Gather  (cost=1343212.25..1383936.72 rows=394904 width=36)
                       Workers Planned: 4
                       ->  Partial HashAggregate  (cost=1342212.25..1343446.32 rows=98726 width=36)
                             Group Key: lineitem_1.l_suppkey
                             ->  Parallel Bitmap Heap Scan on lineitem lineitem_1  (cost=36787.63..1336476.50 rows=573575 width=16)
                                   Recheck Cond: ((l_shipdate >= '1996-01-01'::date) AND (l_shipdate < '1996-04-01'::date))
                                   ->  Bitmap Index Scan on idx_lineitem_shipdate  (cost=0.00..36214.06 rows=2294299 width=0)
                                         Index Cond: ((l_shipdate >= '1996-01-01'::date) AND (l_shipdate < '1996-04-01'::date))
   ->  Nested Loop  (cost=1352636.56..1405579.71 rows=494 width=103)
         ->  Finalize GroupAggregate  (cost=1352636.27..1404362.63 rows=494 width=36)
               Group Key: lineitem.l_suppkey
               Filter: (sum((lineitem.l_extendedprice * ('1'::numeric - lineitem.l_discount))) = $1)
               ->  Gather Merge  (cost=1352636.27..1399919.96 rows=394904 width=36)
                     Workers Planned: 4
                     ->  Sort  (cost=1351636.21..1351883.02 rows=98726 width=36)
                           Sort Key: lineitem.l_suppkey
                           ->  Partial HashAggregate  (cost=1342212.25..1343446.32 rows=98726 width=36)
                                 Group Key: lineitem.l_suppkey
                                 ->  Parallel Bitmap Heap Scan on lineitem  (cost=36787.63..1336476.50 rows=573575 width=16)
                                       Recheck Cond: ((l_shipdate >= '1996-01-01'::date) AND (l_shipdate < '1996-04-01'::date))
                                       ->  Bitmap Index Scan on idx_lineitem_shipdate  (cost=0.00..36214.06 rows=2294299 width=0)
                                             Index Cond: ((l_shipdate >= '1996-01-01'::date) AND (l_shipdate < '1996-04-01'::date))
         ->  Index Scan using supplier_pkey on supplier  (cost=0.29..2.45 rows=1 width=71)
               Index Cond: (s_suppkey = lineitem.l_suppkey)
(29 rows)

DROP VIEW
query 16 run 1
SET
SET
SET
                                                                                            QUERY PLAN                                                                                            
--------------------------------------------------------------------------------------------------------------------------------------------------------------------------------------------------
 Limit  (cost=252395.28..252395.28 rows=1 width=44)
   ->  Sort  (cost=252395.28..252781.12 rows=154338 width=44)
         Sort Key: (count(DISTINCT partsupp.ps_suppkey)) DESC, part.p_brand, part.p_type, part.p_size
         ->  GroupAggregate  (cost=172297.28..251623.59 rows=154338 width=44)
               Group Key: part.p_brand, part.p_type, part.p_size
               ->  Gather Merge  (cost=172297.28..244084.67 rows=599554 width=40)
                     Workers Planned: 4
                     ->  Sort  (cost=171297.23..171671.95 rows=149888 width=40)
                           Sort Key: part.p_brand, part.p_type, part.p_size
                           ->  Parallel Hash Join  (cost=57889.36..158411.71 rows=149888 width=40)
                                 Hash Cond: (partsupp.ps_partkey = part.p_partkey)
                                 ->  Parallel Index Only Scan using partsupp_pkey on partsupp  (cost=3471.46..101369.12 rows=999880 width=8)
                                       Filter: (NOT (hashed SubPlan 1))
                                       SubPlan 1
                                         ->  Seq Scan on supplier  (cost=0.00..3471.00 rows=10 width=4)
                                               Filter: ((s_comment)::text ~~ '%Customer%Complaints%'::text)
                                 ->  Parallel Hash  (cost=53480.99..53480.99 rows=74953 width=40)
                                       ->  Parallel Seq Scan on part  (cost=0.00..53480.99 rows=74953 width=40)
                                             Filter: ((p_brand <> 'Brand#12'::bpchar) AND ((p_type)::text !~~ 'SMALL BRUSHED%'::text) AND (p_size = ANY ('{12,32,36,26,40,34,49,9}'::integer[])))
(19 rows)

query 17 run 1
SET
SET
SET
                                                            QUERY PLAN                                                             
-----------------------------------------------------------------------------------------------------------------------------------
 Limit  (cost=3396876.79..3396876.80 rows=1 width=32)
   ->  Aggregate  (cost=3396876.79..3396876.80 rows=1 width=32)
         ->  Merge Join  (cost=2274214.19..3396827.28 rows=19802 width=8)
               Merge Cond: (lineitem_1.l_partkey = part.p_partkey)
               Join Filter: (lineitem.l_quantity < ((0.2 * avg(lineitem_1.l_quantity))))
               ->  Finalize GroupAggregate  (cost=2273213.26..3271474.45 rows=1905302 width=36)
                     Group Key: lineitem_1.l_partkey
                     ->  Gather Merge  (cost=2273213.26..3185735.86 rows=7621208 width=36)
                           Workers Planned: 4
                           ->  Sort  (cost=2272213.20..2276976.46 rows=1905302 width=36)
                                 Sort Key: lineitem_1.l_partkey
                                 ->  Partial HashAggregate  (cost=1869711.93..2039981.57 rows=1905302 width=36)
                                       Group Key: lineitem_1.l_partkey
                                       Planned Partitions: 32
                                       ->  Parallel Seq Scan on lineitem lineitem_1  (cost=0.00..1275111.25 rows=14996825 width=9)
               ->  Materialize  (cost=1000.93..100638.10 rows=62357 width=21)
                     ->  Gather Merge  (cost=1000.93..100482.21 rows=62357 width=21)
                           Workers Planned: 4
                           ->  Nested Loop  (cost=0.87..92054.83 rows=15589 width=21)
                                 ->  Parallel Index Scan using part_pkey on part  (cost=0.43..66712.41 rows=520 width=4)
                                       Filter: ((p_brand = 'Brand#22'::bpchar) AND (p_container = 'LG BOX'::bpchar))
                                 ->  Index Scan using idx_lineitem_part_supp on lineitem  (cost=0.44..48.43 rows=31 width=17)
                                       Index Cond: (l_partkey = part.p_partkey)
(23 rows)

query 18 run 1
SET
SET
SET
                                                                       QUERY PLAN                                                                       
--------------------------------------------------------------------------------------------------------------------------------------------------------
 Limit  (cost=8774924.76..8774925.01 rows=100 width=71)
   ->  Sort  (cost=8774924.76..8824896.96 rows=19988882 width=71)
         Sort Key: orders.o_totalprice DESC, orders.o_orderdate
         ->  HashAggregate  (cost=7409735.97..8010964.06 rows=19988882 width=71)
               Group Key: customer.c_custkey, orders.o_orderkey
               Planned Partitions: 256
               ->  Hash Join  (cost=78564.10..6332991.11 rows=19988882 width=44)
                     Hash Cond: (orders.o_custkey = customer.c_custkey)
                     ->  Merge Join  (cost=76.51..5919956.57 rows=19988882 width=25)
                           Merge Cond: (orders.o_orderkey = lineitem.l_orderkey)
                           ->  Merge Join  (cost=1.00..3390354.91 rows=4998942 width=24)
                                 Merge Cond: (orders.o_orderkey = lineitem_1.l_orderkey)
                                 ->  Index Scan using orders_pkey on orders  (cost=0.43..547995.30 rows=15001991 width=20)
                                 ->  GroupAggregate  (cost=0.56..2692378.44 rows=4998942 width=4)
                                       Group Key: lineitem_1.l_orderkey
                                       Filter: (sum(lineitem_1.l_quantity) > '313'::numeric)
                                       ->  Index Scan using idx_lineitem_orderkey on lineitem lineitem_1  (cost=0.56..2167489.56 rows=59987300 width=9)
                           ->  Index Scan using idx_lineitem_orderkey on lineitem  (cost=0.56..2167489.56 rows=59987300 width=9)
                     ->  Hash  (cost=50947.26..50947.26 rows=1500026 width=23)
                           ->  Seq Scan on customer  (cost=0.00..50947.26 rows=1500026 width=23)
(20 rows)

query 19 run 1
SET
SET
SET
                                                                                                                                                                                                                                                                                                                                                                                                                                                                                                                  QUERY PLAN                                                                                                                                                                                                                                                                                                                                                                                                                                                                                                                  
----------------------------------------------------------------------------------------------------------------------------------------------------------------------------------------------------------------------------------------------------------------------------------------------------------------------------------------------------------------------------------------------------------------------------------------------------------------------------------------------------------------------------------------------------------------------------------------------------------------------------------------------------------------------------------------------------------------------------------------------------------------------------------------------------------------------------------------------------------------------------------------------------------------------------------------------------------------------------------------------------------------------------------------------
 Limit  (cost=122764.66..122764.67 rows=1 width=32)
   ->  Finalize Aggregate  (cost=122764.66..122764.67 rows=1 width=32)
         ->  Gather  (cost=122764.22..122764.63 rows=4 width=32)
               Workers Planned: 4
               ->  Partial Aggregate  (cost=121764.22..121764.23 rows=1 width=32)
                     ->  Nested Loop  (cost=0.44..121762.15 rows=276 width=12)
                           ->  Parallel Seq Scan on part  (cost=0.00..62230.98 rows=1181 width=30)
                                 Filter: ((p_size >= 1) AND (((p_brand = 'Brand#24'::bpchar) AND (p_container = ANY ('{"SM CASE","SM BOX","SM PACK","SM PKG"}'::bpchar[])) AND (p_size <= 5)) OR ((p_brand = 'Brand#43'::bpchar) AND (p_container = ANY ('{"MED BAG","MED BOX","MED PKG","MED PACK"}'::bpchar[])) AND (p_size <= 10)) OR ((p_brand = 'Brand#44'::bpchar) AND (p_container = ANY ('{"LG CASE","LG BOX","LG PACK","LG PKG"}'::bpchar[])) AND (p_size <= 15))))
                           ->  Index Scan using idx_lineitem_part_supp on lineitem  (cost=0.44..50.40 rows=1 width=21)
                                 Index Cond: (l_partkey = part.p_partkey)
                                 Filter: ((l_shipmode = ANY ('{AIR,"AIR REG"}'::bpchar[])) AND (l_shipinstruct = 'DELIVER IN PERSON'::bpchar) AND (((l_quantity >= '10'::numeric) AND (l_quantity <= '20'::numeric)) OR ((l_quantity >= '10'::numeric) AND (l_quantity <= '20'::numeric)) OR ((l_quantity >= '20'::numeric) AND (l_quantity <= '30'::numeric))) AND (((part.p_brand = 'Brand#24'::bpchar) AND (part.p_container = ANY ('{"SM CASE","SM BOX","SM PACK","SM PKG"}'::bpchar[])) AND (l_quantity >= '10'::numeric) AND (l_quantity <= '20'::numeric) AND (part.p_size <= 5)) OR ((part.p_brand = 'Brand#43'::bpchar) AND (part.p_container = ANY ('{"MED BAG","MED BOX","MED PKG","MED PACK"}'::bpchar[])) AND (l_quantity >= '10'::numeric) AND (l_quantity <= '20'::numeric) AND (part.p_size <= 10)) OR ((part.p_brand = 'Brand#44'::bpchar) AND (part.p_container = ANY ('{"LG CASE","LG BOX","LG PACK","LG PKG"}'::bpchar[])) AND (l_quantity >= '20'::numeric) AND (l_quantity <= '30'::numeric) AND (part.p_size <= 15))))
(11 rows)

query 20 run 1
SET
SET
SET
                                                           QUERY PLAN                                                            
---------------------------------------------------------------------------------------------------------------------------------
 Limit  (cost=2470745.55..2721334.93 rows=1 width=51)
   ->  Nested Loop Semi Join  (cost=2470745.55..2721334.93 rows=1 width=51)
         Join Filter: (supplier.s_suppkey = lineitem.l_suppkey)
         ->  Gather Merge  (cost=4122.93..4578.81 rows=4000 width=55)
               Workers Planned: 1
               ->  Sort  (cost=3122.92..3128.80 rows=2353 width=55)
                     Sort Key: supplier.s_name
                     ->  Hash Join  (cost=1.32..2991.15 rows=2353 width=55)
                           Hash Cond: (supplier.s_nationkey = nation.n_nationkey)
                           ->  Parallel Seq Scan on supplier  (cost=0.00..2809.24 rows=58824 width=59)
                           ->  Hash  (cost=1.31..1.31 rows=1 width=4)
                                 ->  Seq Scan on nation  (cost=0.00..1.31 rows=1 width=4)
                                       Filter: (n_name = 'IRAQ'::bpchar)
         ->  Materialize  (cost=2466622.61..2716576.12 rows=3 width=8)
               ->  Hash Join  (cost=2466622.61..2716576.11 rows=3 width=8)
                     Hash Cond: ((lineitem.l_partkey = partsupp.ps_partkey) AND (lineitem.l_suppkey = partsupp.ps_suppkey))
                     Join Filter: ((partsupp.ps_availqty)::numeric > ((0.5 * sum(lineitem.l_quantity))))
                     ->  HashAggregate  (cost=2390159.14..2554532.49 rows=4890286 width=40)
                           Group Key: lineitem.l_partkey, lineitem.l_suppkey
                           Planned Partitions: 64
                           ->  Bitmap Heap Scan on lineitem  (cost=149439.67..1997320.86 rows=9320352 width=13)
                                 Recheck Cond: ((l_shipdate >= '1996-01-01'::date) AND (l_shipdate < '1997-01-01'::date))
                                 ->  Bitmap Index Scan on idx_lineitem_shipdate  (cost=0.00..147109.59 rows=9320352 width=0)
                                       Index Cond: ((l_shipdate >= '1996-01-01'::date) AND (l_shipdate < '1997-01-01'::date))
                     ->  Hash  (cost=75251.51..75251.51 rows=80798 width=16)
                           ->  Gather  (cost=1000.43..75251.51 rows=80798 width=16)
                                 Workers Planned: 4
                                 ->  Nested Loop  (cost=0.43..66171.71 rows=20200 width=16)
                                       ->  Parallel Seq Scan on part  (cost=0.00..47230.99 rows=5050 width=4)
                                             Filter: ((p_name)::text ~~ 'olive%'::text)
                                       ->  Index Scan using idx_partsupp_partkey on partsupp  (cost=0.43..3.57 rows=18 width=12)
                                             Index Cond: (ps_partkey = part.p_partkey)
(32 rows)

query 21 run 1
SET
SET
SET
                                                                   QUERY PLAN                                                                    
-------------------------------------------------------------------------------------------------------------------------------------------------
 Limit  (cost=1968605.61..1968605.62 rows=1 width=34)
   ->  Sort  (cost=1968605.61..1968605.62 rows=1 width=34)
         Sort Key: (count(*)) DESC, supplier.s_name
         ->  GroupAggregate  (cost=1968602.39..1968605.60 rows=1 width=34)
               Group Key: supplier.s_name
               ->  Nested Loop Semi Join  (cost=1968602.39..1968605.59 rows=1 width=26)
                     Join Filter: (l2.l_suppkey <> l1.l_suppkey)
                     ->  Gather Merge  (cost=1968601.82..1968601.95 rows=1 width=38)
                           Workers Planned: 4
                           ->  Sort  (cost=1967601.77..1967601.77 rows=1 width=38)
                                 Sort Key: supplier.s_name
                                 ->  Nested Loop Anti Join  (cost=1338046.20..1967601.76 rows=1 width=38)
                                       ->  Parallel Hash Join  (cost=1338045.63..1653324.06 rows=97879 width=38)
                                             Hash Cond: (orders.o_orderkey = l1.l_orderkey)
                                             ->  Parallel Seq Scan on orders  (cost=0.00..308149.22 rows=1835868 width=4)
                                                   Filter: (o_orderstatus = 'F'::bpchar)
                                             ->  Parallel Hash  (cost=1335546.16..1335546.16 rows=199958 width=34)
                                                   ->  Parallel Hash Join  (cost=3020.56..1335546.16 rows=199958 width=34)
                                                         Hash Cond: (l1.l_suppkey = supplier.s_suppkey)
                                                         ->  Parallel Seq Scan on lineitem l1  (cost=0.00..1312603.31 rows=4998942 width=8)
                                                               Filter: (l_receiptdate > l_commitdate)
                                                         ->  Parallel Hash  (cost=2991.15..2991.15 rows=2353 width=30)
                                                               ->  Hash Join  (cost=1.32..2991.15 rows=2353 width=30)
                                                                     Hash Cond: (supplier.s_nationkey = nation.n_nationkey)
                                                                     ->  Parallel Seq Scan on supplier  (cost=0.00..2809.24 rows=58824 width=34)
                                                                     ->  Hash  (cost=1.31..1.31 rows=1 width=4)
                                                                           ->  Seq Scan on nation  (cost=0.00..1.31 rows=1 width=4)
                                                                                 Filter: (n_name = 'PERU'::bpchar)
                                       ->  Index Scan using idx_lineitem_orderkey on lineitem l3  (cost=0.56..3.64 rows=1 width=8)
                                             Index Cond: (l_orderkey = l1.l_orderkey)
                                             Filter: ((l_receiptdate > l_commitdate) AND (l_suppkey <> l1.l_suppkey))
                     ->  Index Scan using idx_lineitem_orderkey on lineitem l2  (cost=0.56..3.62 rows=4 width=8)
                           Index Cond: (l_orderkey = orders.o_orderkey)
(33 rows)

query 22 run 1
SET
SET
SET
                                                                QUERY PLAN                                                                 
-------------------------------------------------------------------------------------------------------------------------------------------
 Limit  (cost=93877.21..93879.01 rows=1 width=72)
   InitPlan 1 (returns $1)
     ->  Finalize Aggregate  (cost=46821.20..46821.21 rows=1 width=32)
           ->  Gather  (cost=46820.77..46821.18 rows=4 width=32)
                 Workers Planned: 4
                 ->  Partial Aggregate  (cost=45820.77..45820.78 rows=1 width=32)
                       ->  Parallel Seq Scan on customer customer_1  (cost=0.00..45790.92 rows=11939 width=6)
                             Filter: ((c_acctbal > 0.00) AND (SUBSTRING(c_phone FROM 1 FOR 2) = ANY ('{21,29,26,34,14,15,17}'::text[])))
   ->  GroupAggregate  (cost=47055.99..59890.92 rows=7136 width=72)
         Group Key: SUBSTRING(customer.c_phone FROM 1 FOR 2)
         ->  Nested Loop Anti Join  (cost=47055.99..59712.52 rows=7136 width=38)
               ->  Gather Merge  (cost=47055.56..49150.91 rows=17500 width=26)
                     Workers Planned: 4
                     Params Evaluated: $1
                     ->  Sort  (cost=46055.50..46066.44 rows=4375 width=26)
                           Sort Key: (SUBSTRING(customer.c_phone FROM 1 FOR 2))
                           ->  Parallel Seq Scan on customer  (cost=0.00..45790.92 rows=4375 width=26)
                                 Filter: ((c_acctbal > $1) AND (SUBSTRING(c_phone FROM 1 FOR 2) = ANY ('{21,29,26,34,14,15,17}'::text[])))
               ->  Index Only Scan using idx_orders_custkey on orders  (cost=0.43..2.16 rows=17 width=4)
                     Index Cond: (o_custkey = customer.c_custkey)
(20 rows)

