query 1 run 1
SET
SET
SET
                                                                         QUERY PLAN                                                                          
-------------------------------------------------------------------------------------------------------------------------------------------------------------
 Limit  (cost=184237.54..184238.18 rows=1 width=236) (actual time=2232.533..2233.312 rows=1 loops=1)
   ->  Finalize GroupAggregate  (cost=184237.54..184241.36 rows=6 width=236) (actual time=2232.531..2233.310 rows=1 loops=1)
         Group Key: l_returnflag, l_linestatus
         ->  Gather Merge  (cost=184237.54..184240.42 rows=24 width=236) (actual time=2232.509..2233.290 rows=6 loops=1)
               Workers Planned: 4
               Workers Launched: 4
               ->  Sort  (cost=183237.49..183237.50 rows=6 width=236) (actual time=2225.529..2225.530 rows=4 loops=5)
                     Sort Key: l_returnflag, l_linestatus
                     Sort Method: quicksort  Memory: 27kB
                     Worker 0:  Sort Method: quicksort  Memory: 27kB
                     Worker 1:  Sort Method: quicksort  Memory: 27kB
                     Worker 2:  Sort Method: quicksort  Memory: 27kB
                     Worker 3:  Sort Method: quicksort  Memory: 27kB
                     ->  Partial HashAggregate  (cost=183237.27..183237.41 rows=6 width=236) (actual time=2225.504..2225.509 rows=4 loops=5)
                           Group Key: l_returnflag, l_linestatus
                           Batches: 1  Memory Usage: 32kB
                           Worker 0:  Batches: 1  Memory Usage: 32kB
                           Worker 1:  Batches: 1  Memory Usage: 32kB
                           Worker 2:  Batches: 1  Memory Usage: 32kB
                           Worker 3:  Batches: 1  Memory Usage: 32kB
                           ->  Parallel Seq Scan on lineitem  (cost=0.00..131312.88 rows=1483554 width=25) (actual time=0.269..427.055 rows=1186191 loops=5)
                                 Filter: (l_shipdate <= '1998-09-10 00:00:00'::timestamp without time zone)
                                 Rows Removed by Filter: 14052
 Planning Time: 11.674 ms
 Execution Time: 2234.828 ms
(25 rows)

SET
SET
SET
                                                                         QUERY PLAN                                                                          
-------------------------------------------------------------------------------------------------------------------------------------------------------------
 Limit  (cost=184237.54..184238.18 rows=1 width=236) (actual time=2116.523..2116.597 rows=1 loops=1)
   ->  Finalize GroupAggregate  (cost=184237.54..184241.36 rows=6 width=236) (actual time=2116.522..2116.595 rows=1 loops=1)
         Group Key: l_returnflag, l_linestatus
         ->  Gather Merge  (cost=184237.54..184240.42 rows=24 width=236) (actual time=2116.491..2116.570 rows=6 loops=1)
               Workers Planned: 4
               Workers Launched: 4
               ->  Sort  (cost=183237.49..183237.50 rows=6 width=236) (actual time=2109.892..2109.893 rows=4 loops=5)
                     Sort Key: l_returnflag, l_linestatus
                     Sort Method: quicksort  Memory: 27kB
                     Worker 0:  Sort Method: quicksort  Memory: 27kB
                     Worker 1:  Sort Method: quicksort  Memory: 27kB
                     Worker 2:  Sort Method: quicksort  Memory: 27kB
                     Worker 3:  Sort Method: quicksort  Memory: 27kB
                     ->  Partial HashAggregate  (cost=183237.27..183237.41 rows=6 width=236) (actual time=2109.868..2109.874 rows=4 loops=5)
                           Group Key: l_returnflag, l_linestatus
                           Batches: 1  Memory Usage: 32kB
                           Worker 0:  Batches: 1  Memory Usage: 32kB
                           Worker 1:  Batches: 1  Memory Usage: 32kB
                           Worker 2:  Batches: 1  Memory Usage: 32kB
                           Worker 3:  Batches: 1  Memory Usage: 32kB
                           ->  Parallel Seq Scan on lineitem  (cost=0.00..131312.88 rows=1483554 width=25) (actual time=0.034..295.679 rows=1186191 loops=5)
                                 Filter: (l_shipdate <= '1998-09-10 00:00:00'::timestamp without time zone)
                                 Rows Removed by Filter: 14052
 Planning Time: 0.555 ms
 Execution Time: 2116.668 ms
(25 rows)

query 2 run 1
SET
SET
SET
                                                                                        QUERY PLAN                                                                                        
------------------------------------------------------------------------------------------------------------------------------------------------------------------------------------------
 Limit  (cost=47607.97..47607.98 rows=1 width=192) (actual time=444.334..444.429 rows=100 loops=1)
   ->  Sort  (cost=47607.97..47607.98 rows=1 width=192) (actual time=444.333..444.422 rows=100 loops=1)
         Sort Key: supplier.s_acctbal DESC, nation.n_name, supplier.s_name, part.p_partkey
         Sort Method: top-N heapsort  Memory: 69kB
         ->  Hash Join  (cost=33942.01..47607.96 rows=1 width=192) (actual time=382.923..444.022 rows=489 loops=1)
               Hash Cond: ((part.p_partkey = partsupp.ps_partkey) AND ((SubPlan 1) = partsupp.ps_supplycost))
               ->  Gather  (cost=1000.00..6438.10 rows=891 width=30) (actual time=1.059..1.319 rows=799 loops=1)
                     Workers Planned: 2
                     Workers Launched: 2
                     ->  Parallel Seq Scan on part  (cost=0.00..5349.00 rows=371 width=30) (actual time=0.382..38.951 rows=266 loops=3)
                           Filter: (((p_type)::text ~~ '%NICKEL'::text) AND (p_size = 16))
                           Rows Removed by Filter: 66400
               ->  Hash  (cost=30542.01..30542.01 rows=160000 width=172) (actual time=381.231..381.235 rows=162880 loops=1)
                     Buckets: 262144  Batches: 1  Memory Usage: 35361kB
                     ->  Hash Join  (cost=408.01..30542.01 rows=160000 width=172) (actual time=6.916..320.014 rows=162880 loops=1)
                           Hash Cond: (partsupp.ps_suppkey = supplier.s_suppkey)
                           ->  Seq Scan on partsupp  (cost=0.00..25534.00 rows=800000 width=14) (actual time=0.271..193.406 rows=800000 loops=1)
                           ->  Hash  (cost=383.01..383.01 rows=2000 width=166) (actual time=6.634..6.637 rows=2036 loops=1)
                                 Buckets: 2048  Batches: 1  Memory Usage: 419kB
                                 ->  Hash Join  (cost=2.51..383.01 rows=2000 width=166) (actual time=0.616..5.863 rows=2036 loops=1)
                                       Hash Cond: (supplier.s_nationkey = nation.n_nationkey)
                                       ->  Seq Scan on supplier  (cost=0.00..323.00 rows=10000 width=144) (actual time=0.244..4.172 rows=10000 loops=1)
                                       ->  Hash  (cost=2.45..2.45 rows=5 width=30) (actual time=0.368..0.370 rows=5 loops=1)
                                             Buckets: 1024  Batches: 1  Memory Usage: 9kB
                                             ->  Hash Join  (cost=1.07..2.45 rows=5 width=30) (actual time=0.363..0.368 rows=5 loops=1)
                                                   Hash Cond: (nation.n_regionkey = region.r_regionkey)
                                                   ->  Seq Scan on nation  (cost=0.00..1.25 rows=25 width=34) (actual time=0.174..0.176 rows=25 loops=1)
                                                   ->  Hash  (cost=1.06..1.06 rows=1 width=4) (actual time=0.181..0.181 rows=1 loops=1)
                                                         Buckets: 1024  Batches: 1  Memory Usage: 9kB
                                                         ->  Seq Scan on region  (cost=0.00..1.06 rows=1 width=4) (actual time=0.177..0.178 rows=1 loops=1)
                                                               Filter: (r_name = 'AMERICA'::bpchar)
                                                               Rows Removed by Filter: 4
               SubPlan 1
                 ->  Aggregate  (cost=18.44..18.45 rows=1 width=32) (actual time=0.046..0.046 rows=1 loops=1288)
                       ->  Nested Loop  (cost=0.85..18.44 rows=1 width=6) (actual time=0.040..0.045 rows=1 loops=1288)
                             Join Filter: (nation_1.n_regionkey = region_1.r_regionkey)
                             Rows Removed by Join Filter: 3
                             ->  Seq Scan on region region_1  (cost=0.00..1.06 rows=1 width=4) (actual time=0.001..0.001 rows=1 loops=1288)
                                   Filter: (r_name = 'AMERICA'::bpchar)
                                   Rows Removed by Filter: 4
                             ->  Nested Loop  (cost=0.85..17.33 rows=4 width=10) (actual time=0.033..0.043 rows=4 loops=1288)
                                   ->  Nested Loop  (cost=0.71..16.71 rows=4 width=10) (actual time=0.032..0.038 rows=4 loops=1288)
                                         ->  Index Scan using idx_partsupp_partkey on partsupp partsupp_1  (cost=0.42..3.50 rows=4 width=10) (actual time=0.030..0.031 rows=4 loops=1288)
                                               Index Cond: (ps_partkey = part.p_partkey)
                                         ->  Index Scan using supplier_pkey on supplier supplier_1  (cost=0.29..3.30 rows=1 width=8) (actual time=0.001..0.001 rows=1 loops=5152)
                                               Index Cond: (s_suppkey = partsupp_1.ps_suppkey)
                                   ->  Index Scan using nation_pkey on nation nation_1  (cost=0.14..0.16 rows=1 width=8) (actual time=0.001..0.001 rows=1 loops=5152)
                                         Index Cond: (n_nationkey = supplier_1.s_nationkey)
 Planning Time: 19.536 ms
 Execution Time: 444.597 ms
(50 rows)

SET
SET
SET
                                                                                        QUERY PLAN                                                                                        
------------------------------------------------------------------------------------------------------------------------------------------------------------------------------------------
 Limit  (cost=47607.97..47607.98 rows=1 width=192) (actual time=255.456..255.549 rows=100 loops=1)
   ->  Sort  (cost=47607.97..47607.98 rows=1 width=192) (actual time=255.455..255.542 rows=100 loops=1)
         Sort Key: supplier.s_acctbal DESC, nation.n_name, supplier.s_name, part.p_partkey
         Sort Method: top-N heapsort  Memory: 70kB
         ->  Hash Join  (cost=33942.01..47607.96 rows=1 width=192) (actual time=234.822..255.196 rows=489 loops=1)
               Hash Cond: ((part.p_partkey = partsupp.ps_partkey) AND ((SubPlan 1) = partsupp.ps_supplycost))
               ->  Gather  (cost=1000.00..6438.10 rows=891 width=30) (actual time=0.295..0.494 rows=799 loops=1)
                     Workers Planned: 2
                     Workers Launched: 2
                     ->  Parallel Seq Scan on part  (cost=0.00..5349.00 rows=371 width=30) (actual time=0.042..13.975 rows=266 loops=3)
                           Filter: (((p_type)::text ~~ '%NICKEL'::text) AND (p_size = 16))
                           Rows Removed by Filter: 66400
               ->  Hash  (cost=30542.01..30542.01 rows=160000 width=172) (actual time=234.107..234.110 rows=162880 loops=1)
                     Buckets: 262144  Batches: 1  Memory Usage: 35361kB
                     ->  Hash Join  (cost=408.01..30542.01 rows=160000 width=172) (actual time=2.976..179.081 rows=162880 loops=1)
                           Hash Cond: (partsupp.ps_suppkey = supplier.s_suppkey)
                           ->  Seq Scan on partsupp  (cost=0.00..25534.00 rows=800000 width=14) (actual time=0.004..48.962 rows=800000 loops=1)
                           ->  Hash  (cost=383.01..383.01 rows=2000 width=166) (actual time=2.958..2.961 rows=2036 loops=1)
                                 Buckets: 2048  Batches: 1  Memory Usage: 419kB
                                 ->  Hash Join  (cost=2.51..383.01 rows=2000 width=166) (actual time=0.029..2.258 rows=2036 loops=1)
                                       Hash Cond: (supplier.s_nationkey = nation.n_nationkey)
                                       ->  Seq Scan on supplier  (cost=0.00..323.00 rows=10000 width=144) (actual time=0.002..0.633 rows=10000 loops=1)
                                       ->  Hash  (cost=2.45..2.45 rows=5 width=30) (actual time=0.024..0.026 rows=5 loops=1)
                                             Buckets: 1024  Batches: 1  Memory Usage: 9kB
                                             ->  Hash Join  (cost=1.07..2.45 rows=5 width=30) (actual time=0.018..0.024 rows=5 loops=1)
                                                   Hash Cond: (nation.n_regionkey = region.r_regionkey)
                                                   ->  Seq Scan on nation  (cost=0.00..1.25 rows=25 width=34) (actual time=0.002..0.004 rows=25 loops=1)
                                                   ->  Hash  (cost=1.06..1.06 rows=1 width=4) (actual time=0.012..0.013 rows=1 loops=1)
                                                         Buckets: 1024  Batches: 1  Memory Usage: 9kB
                                                         ->  Seq Scan on region  (cost=0.00..1.06 rows=1 width=4) (actual time=0.009..0.010 rows=1 loops=1)
                                                               Filter: (r_name = 'AMERICA'::bpchar)
                                                               Rows Removed by Filter: 4
               SubPlan 1
                 ->  Aggregate  (cost=18.44..18.45 rows=1 width=32) (actual time=0.015..0.015 rows=1 loops=1288)
                       ->  Nested Loop  (cost=0.85..18.44 rows=1 width=6) (actual time=0.010..0.014 rows=1 loops=1288)
                             Join Filter: (nation_1.n_regionkey = region_1.r_regionkey)
                             Rows Removed by Join Filter: 3
                             ->  Seq Scan on region region_1  (cost=0.00..1.06 rows=1 width=4) (actual time=0.001..0.001 rows=1 loops=1288)
                                   Filter: (r_name = 'AMERICA'::bpchar)
                                   Rows Removed by Filter: 4
                             ->  Nested Loop  (cost=0.85..17.33 rows=4 width=10) (actual time=0.005..0.012 rows=4 loops=1288)
                                   ->  Nested Loop  (cost=0.71..16.71 rows=4 width=10) (actual time=0.004..0.008 rows=4 loops=1288)
                                         ->  Index Scan using idx_partsupp_partkey on partsupp partsupp_1  (cost=0.42..3.50 rows=4 width=10) (actual time=0.002..0.003 rows=4 loops=1288)
                                               Index Cond: (ps_partkey = part.p_partkey)
                                         ->  Index Scan using supplier_pkey on supplier supplier_1  (cost=0.29..3.30 rows=1 width=8) (actual time=0.001..0.001 rows=1 loops=5152)
                                               Index Cond: (s_suppkey = partsupp_1.ps_suppkey)
                                   ->  Index Scan using nation_pkey on nation nation_1  (cost=0.14..0.16 rows=1 width=8) (actual time=0.001..0.001 rows=1 loops=5152)
                                         Index Cond: (n_nationkey = supplier_1.s_nationkey)
 Planning Time: 2.250 ms
 Execution Time: 255.688 ms
(50 rows)

query 3 run 1
SET
SET
SET
                                                                                 QUERY PLAN                                                                                 
----------------------------------------------------------------------------------------------------------------------------------------------------------------------------
 Limit  (cost=234534.48..234534.50 rows=10 width=44) (actual time=1176.087..1177.535 rows=10 loops=1)
   ->  Sort  (cost=234534.48..235339.95 rows=322187 width=44) (actual time=1176.086..1177.532 rows=10 loops=1)
         Sort Key: (sum((lineitem.l_extendedprice * ('1'::numeric - lineitem.l_discount)))) DESC, orders.o_orderdate
         Sort Method: top-N heapsort  Memory: 26kB
         ->  GroupAggregate  (cost=180135.05..227572.13 rows=322187 width=44) (actual time=1151.585..1174.934 rows=11612 loops=1)
               Group Key: lineitem.l_orderkey, orders.o_orderdate, orders.o_shippriority
               ->  Gather Merge  (cost=180135.05..218711.99 rows=322187 width=24) (actual time=1151.571..1157.627 rows=30533 loops=1)
                     Workers Planned: 4
                     Workers Launched: 4
                     ->  Sort  (cost=179134.99..179336.36 rows=80547 width=24) (actual time=1143.209..1143.476 rows=6107 loops=5)
                           Sort Key: lineitem.l_orderkey, orders.o_orderdate, orders.o_shippriority
                           Sort Method: quicksort  Memory: 618kB
                           Worker 0:  Sort Method: quicksort  Memory: 610kB
                           Worker 1:  Sort Method: quicksort  Memory: 606kB
                           Worker 2:  Sort Method: quicksort  Memory: 623kB
                           Worker 3:  Sort Method: quicksort  Memory: 594kB
                           ->  Parallel Hash Join  (cost=37929.42..172571.40 rows=80547 width=24) (actual time=257.776..1141.292 rows=6107 loops=5)
                                 Hash Cond: (lineitem.l_orderkey = orders.o_orderkey)
                                 ->  Parallel Seq Scan on lineitem  (cost=0.00..131312.88 rows=818482 width=16) (actual time=0.568..812.636 rows=652375 loops=5)
                                       Filter: (l_shipdate > '1995-03-07'::date)
                                       Rows Removed by Filter: 547868
                                 ->  Parallel Hash  (cost=37334.19..37334.19 rows=47618 width=12) (actual time=255.837..255.840 rows=29213 loops=5)
                                       Buckets: 262144  Batches: 1  Memory Usage: 8992kB
                                       ->  Parallel Hash Join  (cost=4536.09..37334.19 rows=47618 width=12) (actual time=23.020..246.038 rows=29213 loops=5)
                                             Hash Cond: (orders.o_custkey = customer.c_custkey)
                                             ->  Parallel Seq Scan on orders  (cost=0.00..32179.39 rows=235693 width=16) (actual time=0.434..193.467 rows=144455 loops=5)
                                                   Filter: (o_orderdate < '1995-03-07'::date)
                                                   Rows Removed by Filter: 155545
                                             ->  Parallel Hash  (cost=4378.25..4378.25 rows=12627 width=4) (actual time=22.471..22.472 rows=6028 loops=5)
                                                   Buckets: 32768  Batches: 1  Memory Usage: 1536kB
                                                   ->  Parallel Seq Scan on customer  (cost=0.00..4378.25 rows=12627 width=4) (actual time=0.089..20.883 rows=6028 loops=5)
                                                         Filter: (c_mktsegment = 'BUILDING'::bpchar)
                                                         Rows Removed by Filter: 23972
 Planning Time: 19.052 ms
 Execution Time: 1178.297 ms
(35 rows)

SET
SET
SET
                                                                                QUERY PLAN                                                                                 
---------------------------------------------------------------------------------------------------------------------------------------------------------------------------
 Limit  (cost=234534.48..234534.50 rows=10 width=44) (actual time=458.686..460.092 rows=10 loops=1)
   ->  Sort  (cost=234534.48..235339.95 rows=322187 width=44) (actual time=458.684..460.089 rows=10 loops=1)
         Sort Key: (sum((lineitem.l_extendedprice * ('1'::numeric - lineitem.l_discount)))) DESC, orders.o_orderdate
         Sort Method: top-N heapsort  Memory: 26kB
         ->  GroupAggregate  (cost=180135.05..227572.13 rows=322187 width=44) (actual time=433.962..457.532 rows=11612 loops=1)
               Group Key: lineitem.l_orderkey, orders.o_orderdate, orders.o_shippriority
               ->  Gather Merge  (cost=180135.05..218711.99 rows=322187 width=24) (actual time=433.949..439.959 rows=30533 loops=1)
                     Workers Planned: 4
                     Workers Launched: 4
                     ->  Sort  (cost=179134.99..179336.36 rows=80547 width=24) (actual time=429.075..429.346 rows=6107 loops=5)
                           Sort Key: lineitem.l_orderkey, orders.o_orderdate, orders.o_shippriority
                           Sort Method: quicksort  Memory: 692kB
                           Worker 0:  Sort Method: quicksort  Memory: 498kB
                           Worker 1:  Sort Method: quicksort  Memory: 671kB
                           Worker 2:  Sort Method: quicksort  Memory: 612kB
                           Worker 3:  Sort Method: quicksort  Memory: 577kB
                           ->  Parallel Hash Join  (cost=37929.42..172571.40 rows=80547 width=24) (actual time=98.015..427.581 rows=6107 loops=5)
                                 Hash Cond: (lineitem.l_orderkey = orders.o_orderkey)
                                 ->  Parallel Seq Scan on lineitem  (cost=0.00..131312.88 rows=818482 width=16) (actual time=0.050..250.088 rows=652375 loops=5)
                                       Filter: (l_shipdate > '1995-03-07'::date)
                                       Rows Removed by Filter: 547868
                                 ->  Parallel Hash  (cost=37334.19..37334.19 rows=47618 width=12) (actual time=96.716..96.718 rows=29213 loops=5)
                                       Buckets: 262144  Batches: 1  Memory Usage: 8960kB
                                       ->  Parallel Hash Join  (cost=4536.09..37334.19 rows=47618 width=12) (actual time=9.082..85.052 rows=29213 loops=5)
                                             Hash Cond: (orders.o_custkey = customer.c_custkey)
                                             ->  Parallel Seq Scan on orders  (cost=0.00..32179.39 rows=235693 width=16) (actual time=0.010..50.753 rows=144455 loops=5)
                                                   Filter: (o_orderdate < '1995-03-07'::date)
                                                   Rows Removed by Filter: 155545
                                             ->  Parallel Hash  (cost=4378.25..4378.25 rows=12627 width=4) (actual time=8.257..8.257 rows=6028 loops=5)
                                                   Buckets: 32768  Batches: 1  Memory Usage: 1504kB
                                                   ->  Parallel Seq Scan on customer  (cost=0.00..4378.25 rows=12627 width=4) (actual time=0.011..6.163 rows=6028 loops=5)
                                                         Filter: (c_mktsegment = 'BUILDING'::bpchar)
                                                         Rows Removed by Filter: 23972
 Planning Time: 1.052 ms
 Execution Time: 460.159 ms
(35 rows)

query 4 run 1
SET
SET
SET
                                                                             QUERY PLAN                                                                              
---------------------------------------------------------------------------------------------------------------------------------------------------------------------
 Limit  (cost=29416.93..63554.56 rows=1 width=24) (actual time=2919.116..2922.709 rows=1 loops=1)
   ->  GroupAggregate  (cost=29416.93..200105.05 rows=5 width=24) (actual time=2919.115..2922.707 rows=1 loops=1)
         Group Key: orders.o_orderpriority
         ->  Nested Loop Semi Join  (cost=29416.93..199814.47 rows=58107 width=16) (actual time=428.300..2913.784 rows=10479 loops=1)
               ->  Gather Merge  (cost=29416.50..36290.93 rows=58107 width=20) (actual time=427.657..443.842 rows=11387 loops=1)
                     Workers Planned: 3
                     Workers Launched: 3
                     ->  Sort  (cost=28416.46..28463.32 rows=18744 width=20) (actual time=420.192..420.677 rows=3818 loops=4)
                           Sort Key: orders.o_orderpriority
                           Sort Method: quicksort  Memory: 1285kB
                           Worker 0:  Sort Method: quicksort  Memory: 1250kB
                           Worker 1:  Sort Method: quicksort  Memory: 1235kB
                           Worker 2:  Sort Method: quicksort  Memory: 1266kB
                           ->  Parallel Bitmap Heap Scan on orders  (cost=674.02..27086.19 rows=18744 width=20) (actual time=4.752..414.187 rows=13993 loops=4)
                                 Recheck Cond: ((o_orderdate >= '1993-12-01'::date) AND (o_orderdate < '1994-03-01'::date))
                                 Heap Blocks: exact=5964
                                 ->  Bitmap Index Scan on idx_orders_orderdate  (cost=0.00..659.50 rows=58107 width=0) (actual time=7.094..7.094 rows=55973 loops=1)
                                       Index Cond: ((o_orderdate >= '1993-12-01'::date) AND (o_orderdate < '1994-03-01'::date))
               ->  Index Scan using idx_lineitem_orderkey on lineitem  (cost=0.43..3.20 rows=1 width=4) (actual time=0.215..0.215 rows=1 loops=11387)
                     Index Cond: (l_orderkey = orders.o_orderkey)
                     Filter: (l_commitdate < l_receiptdate)
                     Rows Removed by Filter: 1
 Planning Time: 13.760 ms
 Execution Time: 2923.516 ms
(24 rows)

SET
SET
SET
                                                                             QUERY PLAN                                                                              
---------------------------------------------------------------------------------------------------------------------------------------------------------------------
 Limit  (cost=29416.93..63554.56 rows=1 width=24) (actual time=77.465..82.869 rows=1 loops=1)
   ->  GroupAggregate  (cost=29416.93..200105.05 rows=5 width=24) (actual time=77.464..82.867 rows=1 loops=1)
         Group Key: orders.o_orderpriority
         ->  Nested Loop Semi Join  (cost=29416.93..199814.47 rows=58107 width=16) (actual time=34.566..81.233 rows=10479 loops=1)
               ->  Gather Merge  (cost=29416.50..36290.93 rows=58107 width=20) (actual time=34.523..42.930 rows=11387 loops=1)
                     Workers Planned: 3
                     Workers Launched: 3
                     ->  Sort  (cost=28416.46..28463.32 rows=18744 width=20) (actual time=31.212..31.500 rows=3778 loops=4)
                           Sort Key: orders.o_orderpriority
                           Sort Method: quicksort  Memory: 1247kB
                           Worker 0:  Sort Method: quicksort  Memory: 1234kB
                           Worker 1:  Sort Method: quicksort  Memory: 1234kB
                           Worker 2:  Sort Method: quicksort  Memory: 1322kB
                           ->  Parallel Bitmap Heap Scan on orders  (cost=674.02..27086.19 rows=18744 width=20) (actual time=6.059..27.572 rows=13993 loops=4)
                                 Recheck Cond: ((o_orderdate >= '1993-12-01'::date) AND (o_orderdate < '1994-03-01'::date))
                                 Heap Blocks: exact=5710
                                 ->  Bitmap Index Scan on idx_orders_orderdate  (cost=0.00..659.50 rows=58107 width=0) (actual time=5.412..5.412 rows=55973 loops=1)
                                       Index Cond: ((o_orderdate >= '1993-12-01'::date) AND (o_orderdate < '1994-03-01'::date))
               ->  Index Scan using idx_lineitem_orderkey on lineitem  (cost=0.43..3.20 rows=1 width=4) (actual time=0.003..0.003 rows=1 loops=11387)
                     Index Cond: (l_orderkey = orders.o_orderkey)
                     Filter: (l_commitdate < l_receiptdate)
                     Rows Removed by Filter: 1
 Planning Time: 0.887 ms
 Execution Time: 82.927 ms
(24 rows)

query 5 run 1
SET
SET
SET
                                                                                            QUERY PLAN                                                                                            
--------------------------------------------------------------------------------------------------------------------------------------------------------------------------------------------------
 Limit  (cost=85440.02..85440.02 rows=1 width=58) (actual time=2184.581..2194.414 rows=1 loops=1)
   ->  Sort  (cost=85440.02..85440.08 rows=25 width=58) (actual time=2184.579..2194.412 rows=1 loops=1)
         Sort Key: (sum((lineitem.l_extendedprice * ('1'::numeric - lineitem.l_discount)))) DESC
         Sort Method: top-N heapsort  Memory: 25kB
         ->  Finalize GroupAggregate  (cost=85399.91..85439.90 rows=25 width=58) (actual time=2183.970..2194.401 rows=5 loops=1)
               Group Key: nation.n_name
               ->  Gather Merge  (cost=85399.91..85439.02 rows=75 width=58) (actual time=2183.749..2194.382 rows=20 loops=1)
                     Workers Planned: 3
                     Workers Launched: 3
                     ->  Partial GroupAggregate  (cost=84399.87..84430.17 rows=25 width=58) (actual time=2176.029..2176.826 rows=5 loops=4)
                           Group Key: nation.n_name
                           ->  Sort  (cost=84399.87..84405.87 rows=2399 width=38) (actual time=2175.830..2175.913 rows=1885 loops=4)
                                 Sort Key: nation.n_name
                                 Sort Method: quicksort  Memory: 193kB
                                 Worker 0:  Sort Method: quicksort  Memory: 203kB
                                 Worker 1:  Sort Method: quicksort  Memory: 191kB
                                 Worker 2:  Sort Method: quicksort  Memory: 196kB
                                 ->  Hash Join  (cost=7911.35..84265.19 rows=2399 width=38) (actual time=49.533..2173.953 rows=1885 loops=4)
                                       Hash Cond: ((lineitem.l_suppkey = supplier.s_suppkey) AND (customer.c_nationkey = supplier.s_nationkey))
                                       ->  Nested Loop  (cost=7438.35..83476.65 rows=60103 width=50) (actual time=44.494..2156.538 rows=45609 loops=4)
                                             ->  Parallel Hash Join  (cost=7437.92..35039.97 rows=15024 width=38) (actual time=44.018..370.271 rows=11324 loops=4)
                                                   Hash Cond: (orders.o_custkey = customer.c_custkey)
                                                   ->  Parallel Bitmap Heap Scan on orders  (cost=2697.78..29955.54 rows=75117 width=8) (actual time=19.812..320.216 rows=56661 loops=4)
                                                         Recheck Cond: ((o_orderdate >= '1993-01-01'::date) AND (o_orderdate < '1994-01-01'::date))
                                                         Heap Blocks: exact=6444
                                                         ->  Bitmap Index Scan on idx_orders_orderdate  (cost=0.00..2639.57 rows=232864 width=0) (actual time=15.923..15.923 rows=226645 loops=1)
                                                               Index Cond: ((o_orderdate >= '1993-01-01'::date) AND (o_orderdate < '1994-01-01'::date))
                                                   ->  Parallel Hash  (cost=4583.88..4583.88 rows=12500 width=38) (actual time=24.033..24.035 rows=7488 loops=4)
                                                         Buckets: 32768  Batches: 1  Memory Usage: 2432kB
                                                         ->  Hash Join  (cost=2.51..4583.88 rows=12500 width=38) (actual time=0.567..21.680 rows=7488 loops=4)
                                                               Hash Cond: (customer.c_nationkey = nation.n_nationkey)
                                                               ->  Parallel Seq Scan on customer  (cost=0.00..4222.00 rows=62500 width=8) (actual time=0.101..16.565 rows=37500 loops=4)
                                                               ->  Hash  (cost=2.45..2.45 rows=5 width=30) (actual time=0.456..0.457 rows=5 loops=4)
                                                                     Buckets: 1024  Batches: 1  Memory Usage: 9kB
                                                                     ->  Hash Join  (cost=1.07..2.45 rows=5 width=30) (actual time=0.449..0.454 rows=5 loops=4)
                                                                           Hash Cond: (nation.n_regionkey = region.r_regionkey)
                                                                           ->  Seq Scan on nation  (cost=0.00..1.25 rows=25 width=34) (actual time=0.387..0.388 rows=25 loops=4)
                                                                           ->  Hash  (cost=1.06..1.06 rows=1 width=4) (actual time=0.053..0.053 rows=1 loops=4)
                                                                                 Buckets: 1024  Batches: 1  Memory Usage: 9kB
                                                                                 ->  Seq Scan on region  (cost=0.00..1.06 rows=1 width=4) (actual time=0.050..0.051 rows=1 loops=4)
                                                                                       Filter: (r_name = 'AMERICA'::bpchar)
                                                                                       Rows Removed by Filter: 4
                                             ->  Index Scan using idx_lineitem_orderkey on lineitem  (cost=0.43..3.18 rows=4 width=20) (actual time=0.148..0.156 rows=4 loops=45297)
                                                   Index Cond: (l_orderkey = orders.o_orderkey)
                                       ->  Hash  (cost=323.00..323.00 rows=10000 width=8) (actual time=3.744..3.745 rows=10000 loops=4)
                                             Buckets: 16384  Batches: 1  Memory Usage: 519kB
                                             ->  Seq Scan on supplier  (cost=0.00..323.00 rows=10000 width=8) (actual time=0.076..2.253 rows=10000 loops=4)
 Planning Time: 24.844 ms
 Execution Time: 2194.497 ms
(49 rows)

SET
SET
SET
                                                                                            QUERY PLAN                                                                                            
--------------------------------------------------------------------------------------------------------------------------------------------------------------------------------------------------
 Limit  (cost=85440.02..85440.02 rows=1 width=58) (actual time=144.186..157.242 rows=1 loops=1)
   ->  Sort  (cost=85440.02..85440.08 rows=25 width=58) (actual time=144.184..157.240 rows=1 loops=1)
         Sort Key: (sum((lineitem.l_extendedprice * ('1'::numeric - lineitem.l_discount)))) DESC
         Sort Method: top-N heapsort  Memory: 25kB
         ->  Finalize GroupAggregate  (cost=85399.91..85439.90 rows=25 width=58) (actual time=143.526..157.229 rows=5 loops=1)
               Group Key: nation.n_name
               ->  Gather Merge  (cost=85399.91..85439.02 rows=75 width=58) (actual time=143.289..157.208 rows=20 loops=1)
                     Workers Planned: 3
                     Workers Launched: 3
                     ->  Partial GroupAggregate  (cost=84399.87..84430.17 rows=25 width=58) (actual time=138.913..139.717 rows=5 loops=4)
                           Group Key: nation.n_name
                           ->  Sort  (cost=84399.87..84405.87 rows=2399 width=38) (actual time=138.708..138.791 rows=1885 loops=4)
                                 Sort Key: nation.n_name
                                 Sort Method: quicksort  Memory: 198kB
                                 Worker 0:  Sort Method: quicksort  Memory: 193kB
                                 Worker 1:  Sort Method: quicksort  Memory: 193kB
                                 Worker 2:  Sort Method: quicksort  Memory: 199kB
                                 ->  Hash Join  (cost=7911.35..84265.19 rows=2399 width=38) (actual time=31.375..137.871 rows=1885 loops=4)
                                       Hash Cond: ((lineitem.l_suppkey = supplier.s_suppkey) AND (customer.c_nationkey = supplier.s_nationkey))
                                       ->  Nested Loop  (cost=7438.35..83476.65 rows=60103 width=50) (actual time=28.329..126.776 rows=45609 loops=4)
                                             ->  Parallel Hash Join  (cost=7437.92..35039.97 rows=15024 width=38) (actual time=28.303..68.259 rows=11324 loops=4)
                                                   Hash Cond: (orders.o_custkey = customer.c_custkey)
                                                   ->  Parallel Bitmap Heap Scan on orders  (cost=2697.78..29955.54 rows=75117 width=8) (actual time=16.232..42.363 rows=56661 loops=4)
                                                         Recheck Cond: ((o_orderdate >= '1993-01-01'::date) AND (o_orderdate < '1994-01-01'::date))
                                                         Heap Blocks: exact=6496
                                                         ->  Bitmap Index Scan on idx_orders_orderdate  (cost=0.00..2639.57 rows=232864 width=0) (actual time=12.529..12.529 rows=226645 loops=1)
                                                               Index Cond: ((o_orderdate >= '1993-01-01'::date) AND (o_orderdate < '1994-01-01'::date))
                                                   ->  Parallel Hash  (cost=4583.88..4583.88 rows=12500 width=38) (actual time=11.909..11.911 rows=7488 loops=4)
                                                         Buckets: 32768  Batches: 1  Memory Usage: 2464kB
                                                         ->  Hash Join  (cost=2.51..4583.88 rows=12500 width=38) (actual time=0.234..9.675 rows=7488 loops=4)
                                                               Hash Cond: (customer.c_nationkey = nation.n_nationkey)
                                                               ->  Parallel Seq Scan on customer  (cost=0.00..4222.00 rows=62500 width=8) (actual time=0.007..3.381 rows=37500 loops=4)
                                                               ->  Hash  (cost=2.45..2.45 rows=5 width=30) (actual time=0.222..0.223 rows=5 loops=4)
                                                                     Buckets: 1024  Batches: 1  Memory Usage: 9kB
                                                                     ->  Hash Join  (cost=1.07..2.45 rows=5 width=30) (actual time=0.216..0.221 rows=5 loops=4)
                                                                           Hash Cond: (nation.n_regionkey = region.r_regionkey)
                                                                           ->  Seq Scan on nation  (cost=0.00..1.25 rows=25 width=34) (actual time=0.199..0.200 rows=25 loops=4)
                                                                           ->  Hash  (cost=1.06..1.06 rows=1 width=4) (actual time=0.011..0.012 rows=1 loops=4)
                                                                                 Buckets: 1024  Batches: 1  Memory Usage: 9kB
                                                                                 ->  Seq Scan on region  (cost=0.00..1.06 rows=1 width=4) (actual time=0.009..0.010 rows=1 loops=4)
                                                                                       Filter: (r_name = 'AMERICA'::bpchar)
                                                                                       Rows Removed by Filter: 4
                                             ->  Index Scan using idx_lineitem_orderkey on lineitem  (cost=0.43..3.18 rows=4 width=20) (actual time=0.003..0.004 rows=4 loops=45297)
                                                   Index Cond: (l_orderkey = orders.o_orderkey)
                                       ->  Hash  (cost=323.00..323.00 rows=10000 width=8) (actual time=2.954..2.954 rows=10000 loops=4)
                                             Buckets: 16384  Batches: 1  Memory Usage: 519kB
                                             ->  Seq Scan on supplier  (cost=0.00..323.00 rows=10000 width=8) (actual time=0.013..1.471 rows=10000 loops=4)
 Planning Time: 4.464 ms
 Execution Time: 157.339 ms
(49 rows)

query 6 run 1
SET
SET
SET
                                                                                                                QUERY PLAN                                                                                                                 
-------------------------------------------------------------------------------------------------------------------------------------------------------------------------------------------------------------------------------------------
 Limit  (cost=106550.36..106550.37 rows=1 width=32) (actual time=1066.373..1069.140 rows=1 loops=1)
   ->  Finalize Aggregate  (cost=106550.36..106550.37 rows=1 width=32) (actual time=1066.372..1069.138 rows=1 loops=1)
         ->  Gather  (cost=106549.93..106550.34 rows=4 width=32) (actual time=1060.803..1069.121 rows=5 loops=1)
               Workers Planned: 4
               Workers Launched: 4
               ->  Partial Aggregate  (cost=105549.93..105549.94 rows=1 width=32) (actual time=1053.782..1053.783 rows=1 loops=5)
                     ->  Parallel Bitmap Heap Scan on lineitem  (cost=20849.38..105402.87 rows=29412 width=12) (actual time=132.080..1036.088 rows=23842 loops=5)
                           Recheck Cond: ((l_shipdate >= '1993-01-01'::date) AND (l_shipdate < '1994-01-01 00:00:00'::timestamp without time zone) AND (l_discount >= 0.06) AND (l_discount <= 0.08) AND (l_quantity < '25'::numeric))
                           Heap Blocks: exact=13122
                           ->  Bitmap Index Scan on idx_lineitem_shipdate  (cost=0.00..20819.97 rows=117646 width=0) (actual time=127.118..127.118 rows=119208 loops=1)
                                 Index Cond: ((l_shipdate >= '1993-01-01'::date) AND (l_shipdate < '1994-01-01 00:00:00'::timestamp without time zone) AND (l_discount >= 0.06) AND (l_discount <= 0.08) AND (l_quantity < '25'::numeric))
 Planning Time: 9.960 ms
 Execution Time: 1070.371 ms
(13 rows)

SET
SET
SET
                                                                                                                QUERY PLAN                                                                                                                 
-------------------------------------------------------------------------------------------------------------------------------------------------------------------------------------------------------------------------------------------
 Limit  (cost=106550.36..106550.37 rows=1 width=32) (actual time=206.571..211.173 rows=1 loops=1)
   ->  Finalize Aggregate  (cost=106550.36..106550.37 rows=1 width=32) (actual time=206.569..211.170 rows=1 loops=1)
         ->  Gather  (cost=106549.93..106550.34 rows=4 width=32) (actual time=198.829..211.148 rows=5 loops=1)
               Workers Planned: 4
               Workers Launched: 4
               ->  Partial Aggregate  (cost=105549.93..105549.94 rows=1 width=32) (actual time=196.787..196.788 rows=1 loops=5)
                     ->  Parallel Bitmap Heap Scan on lineitem  (cost=20849.38..105402.87 rows=29412 width=12) (actual time=106.100..188.909 rows=23842 loops=5)
                           Recheck Cond: ((l_shipdate >= '1993-01-01'::date) AND (l_shipdate < '1994-01-01 00:00:00'::timestamp without time zone) AND (l_discount >= 0.06) AND (l_discount <= 0.08) AND (l_quantity < '25'::numeric))
                           Heap Blocks: exact=11086
                           ->  Bitmap Index Scan on idx_lineitem_shipdate  (cost=0.00..20819.97 rows=117646 width=0) (actual time=98.174..98.175 rows=119208 loops=1)
                                 Index Cond: ((l_shipdate >= '1993-01-01'::date) AND (l_shipdate < '1994-01-01 00:00:00'::timestamp without time zone) AND (l_discount >= 0.06) AND (l_discount <= 0.08) AND (l_quantity < '25'::numeric))
 Planning Time: 0.760 ms
 Execution Time: 211.231 ms
(13 rows)

query 7 run 1
SET
SET
SET
                                                                                                      QUERY PLAN                                                                                                       
-----------------------------------------------------------------------------------------------------------------------------------------------------------------------------------------------------------------------
 Limit  (cost=141422.17..141580.53 rows=1 width=116) (actual time=3004.179..3005.346 rows=1 loops=1)
   ->  GroupAggregate  (cost=141422.17..1102504.30 rows=6069 width=116) (actual time=3004.178..3005.345 rows=1 loops=1)
         Group Key: n1.n_name, n2.n_name, EXTRACT(year FROM lineitem.l_shipdate)
         ->  Nested Loop  (cost=141422.17..1102322.23 rows=6069 width=96) (actual time=837.464..3002.843 rows=1359 loops=1)
               Join Filter: (n2.n_nationkey = customer.c_nationkey)
               Rows Removed by Join Filter: 32683
               ->  Nested Loop  (cost=141421.75..631403.64 rows=151714 width=76) (actual time=834.141..2506.876 rows=34042 loops=1)
                     ->  Gather Merge  (cost=141421.33..159586.75 rows=151714 width=76) (actual time=833.097..869.956 rows=34042 loops=1)
                           Workers Planned: 4
                           Workers Launched: 4
                           ->  Sort  (cost=140421.27..140516.09 rows=37928 width=76) (actual time=821.340..822.235 rows=7232 loops=5)
                                 Sort Key: n1.n_name, n2.n_name, (EXTRACT(year FROM lineitem.l_shipdate))
                                 Sort Method: quicksort  Memory: 4326kB
                                 Worker 0:  Sort Method: quicksort  Memory: 4289kB
                                 Worker 1:  Sort Method: quicksort  Memory: 4472kB
                                 Worker 2:  Sort Method: quicksort  Memory: 4478kB
                                 Worker 3:  Sort Method: quicksort  Memory: 4367kB
                                 ->  Hash Join  (cost=381.77..137536.66 rows=37928 width=76) (actual time=4.011..796.100 rows=28944 loops=5)
                                       Hash Cond: (lineitem.l_suppkey = supplier.s_suppkey)
                                       ->  Parallel Seq Scan on lineitem  (cost=0.00..135063.46 rows=456610 width=24) (actual time=0.828..740.117 rows=365690 loops=5)
                                             Filter: ((l_shipdate >= '1995-01-01'::date) AND (l_shipdate <= '1996-12-31'::date))
                                             Rows Removed by Filter: 834553
                                       ->  Hash  (cost=371.37..371.37 rows=832 width=60) (actual time=3.090..3.093 rows=794 loops=5)
                                             Buckets: 1024  Batches: 1  Memory Usage: 80kB
                                             ->  Hash Join  (cost=2.87..371.37 rows=832 width=60) (actual time=0.217..2.855 rows=794 loops=5)
                                                   Hash Cond: (supplier.s_nationkey = n1.n_nationkey)
                                                   ->  Seq Scan on supplier  (cost=0.00..323.00 rows=10000 width=8) (actual time=0.145..1.539 rows=10000 loops=5)
                                                   ->  Hash  (cost=2.84..2.84 rows=2 width=60) (actual time=0.065..0.067 rows=2 loops=5)
                                                         Buckets: 1024  Batches: 1  Memory Usage: 9kB
                                                         ->  Nested Loop  (cost=0.00..2.84 rows=2 width=60) (actual time=0.060..0.065 rows=2 loops=5)
                                                               Join Filter: (((n1.n_name = 'PERU'::bpchar) AND (n2.n_name = 'MOROCCO'::bpchar)) OR ((n1.n_name = 'MOROCCO'::bpchar) AND (n2.n_name = 'PERU'::bpchar)))
                                                               Rows Removed by Join Filter: 2
                                                               ->  Seq Scan on nation n1  (cost=0.00..1.38 rows=2 width=30) (actual time=0.049..0.050 rows=2 loops=5)
                                                                     Filter: ((n_name = 'PERU'::bpchar) OR (n_name = 'MOROCCO'::bpchar))
                                                                     Rows Removed by Filter: 23
                                                               ->  Materialize  (cost=0.00..1.39 rows=2 width=30) (actual time=0.003..0.005 rows=2 loops=10)
                                                                     ->  Seq Scan on nation n2  (cost=0.00..1.38 rows=2 width=30) (actual time=0.004..0.006 rows=2 loops=5)
                                                                           Filter: ((n_name = 'MOROCCO'::bpchar) OR (n_name = 'PERU'::bpchar))
                                                                           Rows Removed by Filter: 23
                     ->  Index Scan using orders_pkey on orders  (cost=0.43..3.11 rows=1 width=8) (actual time=0.047..0.047 rows=1 loops=34042)
                           Index Cond: (o_orderkey = lineitem.l_orderkey)
               ->  Index Scan using customer_pkey on customer  (cost=0.42..3.09 rows=1 width=8) (actual time=0.014..0.014 rows=1 loops=34042)
                     Index Cond: (c_custkey = orders.o_custkey)
 Planning Time: 23.971 ms
 Execution Time: 3006.006 ms
(45 rows)

SET
SET
SET
                                                                                                      QUERY PLAN                                                                                                       
-----------------------------------------------------------------------------------------------------------------------------------------------------------------------------------------------------------------------
 Limit  (cost=141422.17..141580.53 rows=1 width=116) (actual time=508.340..509.522 rows=1 loops=1)
   ->  GroupAggregate  (cost=141422.17..1102504.30 rows=6069 width=116) (actual time=508.338..509.520 rows=1 loops=1)
         Group Key: n1.n_name, n2.n_name, EXTRACT(year FROM lineitem.l_shipdate)
         ->  Nested Loop  (cost=141422.17..1102322.23 rows=6069 width=96) (actual time=343.100..508.330 rows=1359 loops=1)
               Join Filter: (n2.n_nationkey = customer.c_nationkey)
               Rows Removed by Join Filter: 32679
               ->  Nested Loop  (cost=141421.75..631403.64 rows=151714 width=76) (actual time=342.930..437.227 rows=34038 loops=1)
                     ->  Gather Merge  (cost=141421.33..159586.75 rows=151714 width=76) (actual time=342.882..362.409 rows=34038 loops=1)
                           Workers Planned: 4
                           Workers Launched: 4
                           ->  Sort  (cost=140421.27..140516.09 rows=37928 width=76) (actual time=334.531..335.192 rows=7208 loops=5)
                                 Sort Key: n1.n_name, n2.n_name, (EXTRACT(year FROM lineitem.l_shipdate))
                                 Sort Method: quicksort  Memory: 5744kB
                                 Worker 0:  Sort Method: quicksort  Memory: 3647kB
                                 Worker 1:  Sort Method: quicksort  Memory: 5853kB
                                 Worker 2:  Sort Method: quicksort  Memory: 3816kB
                                 Worker 3:  Sort Method: quicksort  Memory: 4408kB
                                 ->  Hash Join  (cost=381.77..137536.66 rows=37928 width=76) (actual time=4.038..309.703 rows=28944 loops=5)
                                       Hash Cond: (lineitem.l_suppkey = supplier.s_suppkey)
                                       ->  Parallel Seq Scan on lineitem  (cost=0.00..135063.46 rows=456610 width=24) (actual time=0.035..251.278 rows=365690 loops=5)
                                             Filter: ((l_shipdate >= '1995-01-01'::date) AND (l_shipdate <= '1996-12-31'::date))
                                             Rows Removed by Filter: 834553
                                       ->  Hash  (cost=371.37..371.37 rows=832 width=60) (actual time=3.925..3.928 rows=794 loops=5)
                                             Buckets: 1024  Batches: 1  Memory Usage: 80kB
                                             ->  Hash Join  (cost=2.87..371.37 rows=832 width=60) (actual time=0.038..3.779 rows=794 loops=5)
                                                   Hash Cond: (supplier.s_nationkey = n1.n_nationkey)
                                                   ->  Seq Scan on supplier  (cost=0.00..323.00 rows=10000 width=8) (actual time=0.009..0.714 rows=10000 loops=5)
                                                   ->  Hash  (cost=2.84..2.84 rows=2 width=60) (actual time=0.026..0.028 rows=2 loops=5)
                                                         Buckets: 1024  Batches: 1  Memory Usage: 9kB
                                                         ->  Nested Loop  (cost=0.00..2.84 rows=2 width=60) (actual time=0.021..0.026 rows=2 loops=5)
                                                               Join Filter: (((n1.n_name = 'PERU'::bpchar) AND (n2.n_name = 'MOROCCO'::bpchar)) OR ((n1.n_name = 'MOROCCO'::bpchar) AND (n2.n_name = 'PERU'::bpchar)))
                                                               Rows Removed by Join Filter: 2
                                                               ->  Seq Scan on nation n1  (cost=0.00..1.38 rows=2 width=30) (actual time=0.011..0.013 rows=2 loops=5)
                                                                     Filter: ((n_name = 'PERU'::bpchar) OR (n_name = 'MOROCCO'::bpchar))
                                                                     Rows Removed by Filter: 23
                                                               ->  Materialize  (cost=0.00..1.39 rows=2 width=30) (actual time=0.003..0.004 rows=2 loops=10)
                                                                     ->  Seq Scan on nation n2  (cost=0.00..1.38 rows=2 width=30) (actual time=0.004..0.006 rows=2 loops=5)
                                                                           Filter: ((n_name = 'MOROCCO'::bpchar) OR (n_name = 'PERU'::bpchar))
                                                                           Rows Removed by Filter: 23
                     ->  Index Scan using orders_pkey on orders  (cost=0.43..3.11 rows=1 width=8) (actual time=0.002..0.002 rows=1 loops=34038)
                           Index Cond: (o_orderkey = lineitem.l_orderkey)
               ->  Index Scan using customer_pkey on customer  (cost=0.42..3.09 rows=1 width=8) (actual time=0.002..0.002 rows=1 loops=34038)
                     Index Cond: (c_custkey = orders.o_custkey)
 Planning Time: 2.929 ms
 Execution Time: 509.828 ms
(45 rows)

query 8 run 1
SET
SET
SET
                                                                                       QUERY PLAN                                                                                        
-----------------------------------------------------------------------------------------------------------------------------------------------------------------------------------------
 Limit  (cost=41946.50..42323.09 rows=1 width=64) (actual time=5063.402..5067.517 rows=1 loops=1)
   ->  GroupAggregate  (cost=41946.50..942001.14 rows=2390 width=64) (actual time=5063.401..5067.515 rows=1 loops=1)
         Group Key: EXTRACT(year FROM orders.o_orderdate)
         ->  Nested Loop  (cost=41946.50..941905.54 rows=2390 width=70) (actual time=265.700..5064.781 rows=1235 loops=1)
               Join Filter: (supplier.s_nationkey = n2.n_nationkey)
               Rows Removed by Join Filter: 14807
               ->  Nested Loop  (cost=41946.50..941035.23 rows=2390 width=20) (actual time=265.657..5060.381 rows=1235 loops=1)
                     ->  Nested Loop  (cost=41946.21..934007.49 rows=2395 width=20) (actual time=265.446..5019.915 rows=1235 loops=1)
                           ->  Nested Loop  (cost=41945.78..343162.63 rows=359898 width=24) (actual time=221.000..3997.043 rows=183034 loops=1)
                                 ->  Gather Merge  (cost=41945.35..52588.32 rows=89961 width=8) (actual time=220.291..257.741 rows=45677 loops=1)
                                       Workers Planned: 3
                                       Workers Launched: 3
                                       ->  Sort  (cost=40945.31..41017.86 rows=29020 width=8) (actual time=213.536..214.919 rows=12405 loops=4)
                                             Sort Key: (EXTRACT(year FROM orders.o_orderdate))
                                             Sort Method: quicksort  Memory: 1981kB
                                             Worker 0:  Sort Method: quicksort  Memory: 2065kB
                                             Worker 1:  Sort Method: quicksort  Memory: 2008kB
                                             Worker 2:  Sort Method: quicksort  Memory: 2007kB
                                             ->  Parallel Hash Join  (cost=4740.13..38794.24 rows=29020 width=8) (actual time=22.504..205.979 rows=22795 loops=4)
                                                   Hash Cond: (orders.o_custkey = customer.c_custkey)
                                                   ->  Parallel Seq Scan on orders  (cost=0.00..33389.06 rows=145098 width=12) (actual time=0.355..152.485 rows=114316 loops=4)
                                                         Filter: ((o_orderdate >= '1995-01-01'::date) AND (o_orderdate <= '1996-12-31'::date))
                                                         Rows Removed by Filter: 260684
                                                   ->  Parallel Hash  (cost=4583.88..4583.88 rows=12500 width=4) (actual time=21.956..21.961 rows=7488 loops=4)
                                                         Buckets: 32768  Batches: 1  Memory Usage: 1504kB
                                                         ->  Hash Join  (cost=2.51..4583.88 rows=12500 width=4) (actual time=0.260..20.116 rows=7488 loops=4)
                                                               Hash Cond: (customer.c_nationkey = n1.n_nationkey)
                                                               ->  Parallel Seq Scan on customer  (cost=0.00..4222.00 rows=62500 width=8) (actual time=0.122..15.455 rows=37500 loops=4)
                                                               ->  Hash  (cost=2.45..2.45 rows=5 width=4) (actual time=0.133..0.134 rows=5 loops=4)
                                                                     Buckets: 1024  Batches: 1  Memory Usage: 9kB
                                                                     ->  Hash Join  (cost=1.07..2.45 rows=5 width=4) (actual time=0.127..0.133 rows=5 loops=4)
                                                                           Hash Cond: (n1.n_regionkey = region.r_regionkey)
                                                                           ->  Seq Scan on nation n1  (cost=0.00..1.25 rows=25 width=8) (actual time=0.060..0.061 rows=25 loops=4)
                                                                           ->  Hash  (cost=1.06..1.06 rows=1 width=4) (actual time=0.062..0.063 rows=1 loops=4)
                                                                                 Buckets: 1024  Batches: 1  Memory Usage: 9kB
                                                                                 ->  Seq Scan on region  (cost=0.00..1.06 rows=1 width=4) (actual time=0.057..0.059 rows=1 loops=4)
                                                                                       Filter: (r_name = 'AMERICA'::bpchar)
                                                                                       Rows Removed by Filter: 4
                                 ->  Index Scan using idx_lineitem_orderkey on lineitem  (cost=0.43..3.19 rows=4 width=24) (actual time=0.075..0.080 rows=4 loops=45677)
                                       Index Cond: (l_orderkey = orders.o_orderkey)
                           ->  Memoize  (cost=0.43..3.11 rows=1 width=4) (actual time=0.005..0.005 rows=0 loops=183034)
                                 Cache Key: lineitem.l_partkey
                                 Cache Mode: logical
                                 Hits: 62993  Misses: 120041  Evictions: 0  Overflows: 0  Memory Usage: 8001kB
                                 ->  Index Scan using part_pkey on part  (cost=0.42..3.10 rows=1 width=4) (actual time=0.007..0.007 rows=0 loops=120041)
                                       Index Cond: (p_partkey = lineitem.l_partkey)
                                       Filter: ((p_type)::text = 'LARGE POLISHED BRASS'::text)
                                       Rows Removed by Filter: 1
                     ->  Index Scan using supplier_pkey on supplier  (cost=0.29..2.93 rows=1 width=8) (actual time=0.032..0.032 rows=1 loops=1235)
                           Index Cond: (s_suppkey = lineitem.l_suppkey)
               ->  Materialize  (cost=0.00..1.38 rows=25 width=30) (actual time=0.000..0.001 rows=13 loops=1235)
                     ->  Seq Scan on nation n2  (cost=0.00..1.25 rows=25 width=30) (actual time=0.010..0.015 rows=25 loops=1)
 Planning Time: 25.739 ms
 Execution Time: 5068.621 ms
(54 rows)

SET
SET
SET
                                                                                       QUERY PLAN                                                                                       
----------------------------------------------------------------------------------------------------------------------------------------------------------------------------------------
 Limit  (cost=41946.50..42323.09 rows=1 width=64) (actual time=621.156..627.776 rows=1 loops=1)
   ->  GroupAggregate  (cost=41946.50..942001.14 rows=2390 width=64) (actual time=621.154..627.774 rows=1 loops=1)
         Group Key: EXTRACT(year FROM orders.o_orderdate)
         ->  Nested Loop  (cost=41946.50..941905.54 rows=2390 width=70) (actual time=102.627..626.510 rows=1235 loops=1)
               Join Filter: (supplier.s_nationkey = n2.n_nationkey)
               Rows Removed by Join Filter: 14799
               ->  Nested Loop  (cost=41946.50..941035.23 rows=2390 width=20) (actual time=102.613..624.063 rows=1235 loops=1)
                     ->  Nested Loop  (cost=41946.21..934007.49 rows=2395 width=20) (actual time=102.601..620.798 rows=1235 loops=1)
                           ->  Nested Loop  (cost=41945.78..343162.63 rows=359898 width=24) (actual time=101.370..290.761 rows=182928 loops=1)
                                 ->  Gather Merge  (cost=41945.35..52588.32 rows=89961 width=8) (actual time=101.321..124.508 rows=45646 loops=1)
                                       Workers Planned: 3
                                       Workers Launched: 3
                                       ->  Sort  (cost=40945.31..41017.86 rows=29020 width=8) (actual time=97.666..98.537 rows=12488 loops=4)
                                             Sort Key: (EXTRACT(year FROM orders.o_orderdate))
                                             Sort Method: quicksort  Memory: 2016kB
                                             Worker 0:  Sort Method: quicksort  Memory: 2012kB
                                             Worker 1:  Sort Method: quicksort  Memory: 2009kB
                                             Worker 2:  Sort Method: quicksort  Memory: 2023kB
                                             ->  Parallel Hash Join  (cost=4740.13..38794.24 rows=29020 width=8) (actual time=11.302..91.522 rows=22795 loops=4)
                                                   Hash Cond: (orders.o_custkey = customer.c_custkey)
                                                   ->  Parallel Seq Scan on orders  (cost=0.00..33389.06 rows=145098 width=12) (actual time=0.009..56.753 rows=114316 loops=4)
                                                         Filter: ((o_orderdate >= '1995-01-01'::date) AND (o_orderdate <= '1996-12-31'::date))
                                                         Rows Removed by Filter: 260684
                                                   ->  Parallel Hash  (cost=4583.88..4583.88 rows=12500 width=4) (actual time=11.097..11.100 rows=7488 loops=4)
                                                         Buckets: 32768  Batches: 1  Memory Usage: 1440kB
                                                         ->  Hash Join  (cost=2.51..4583.88 rows=12500 width=4) (actual time=0.046..9.520 rows=7488 loops=4)
                                                               Hash Cond: (customer.c_nationkey = n1.n_nationkey)
                                                               ->  Parallel Seq Scan on customer  (cost=0.00..4222.00 rows=62500 width=8) (actual time=0.006..3.465 rows=37500 loops=4)
                                                               ->  Hash  (cost=2.45..2.45 rows=5 width=4) (actual time=0.034..0.036 rows=5 loops=4)
                                                                     Buckets: 1024  Batches: 1  Memory Usage: 9kB
                                                                     ->  Hash Join  (cost=1.07..2.45 rows=5 width=4) (actual time=0.029..0.035 rows=5 loops=4)
                                                                           Hash Cond: (n1.n_regionkey = region.r_regionkey)
                                                                           ->  Seq Scan on nation n1  (cost=0.00..1.25 rows=25 width=8) (actual time=0.009..0.010 rows=25 loops=4)
                                                                           ->  Hash  (cost=1.06..1.06 rows=1 width=4) (actual time=0.016..0.017 rows=1 loops=4)
                                                                                 Buckets: 1024  Batches: 1  Memory Usage: 9kB
                                                                                 ->  Seq Scan on region  (cost=0.00..1.06 rows=1 width=4) (actual time=0.012..0.013 rows=1 loops=4)
                                                                                       Filter: (r_name = 'AMERICA'::bpchar)
                                                                                       Rows Removed by Filter: 4
                                 ->  Index Scan using idx_lineitem_orderkey on lineitem  (cost=0.43..3.19 rows=4 width=24) (actual time=0.002..0.003 rows=4 loops=45646)
                                       Index Cond: (l_orderkey = orders.o_orderkey)
                           ->  Memoize  (cost=0.43..3.11 rows=1 width=4) (actual time=0.002..0.002 rows=0 loops=182928)
                                 Cache Key: lineitem.l_partkey
                                 Cache Mode: logical
                                 Hits: 62937  Misses: 119991  Evictions: 0  Overflows: 0  Memory Usage: 7997kB
                                 ->  Index Scan using part_pkey on part  (cost=0.42..3.10 rows=1 width=4) (actual time=0.002..0.002 rows=0 loops=119991)
                                       Index Cond: (p_partkey = lineitem.l_partkey)
                                       Filter: ((p_type)::text = 'LARGE POLISHED BRASS'::text)
                                       Rows Removed by Filter: 1
                     ->  Index Scan using supplier_pkey on supplier  (cost=0.29..2.93 rows=1 width=8) (actual time=0.002..0.002 rows=1 loops=1235)
                           Index Cond: (s_suppkey = lineitem.l_suppkey)
               ->  Materialize  (cost=0.00..1.38 rows=25 width=30) (actual time=0.000..0.001 rows=13 loops=1235)
                     ->  Seq Scan on nation n2  (cost=0.00..1.25 rows=25 width=30) (actual time=0.006..0.012 rows=25 loops=1)
 Planning Time: 5.248 ms
 Execution Time: 628.930 ms
(54 rows)

query 9 run 1
SET
SET
SET
                                                                                           QUERY PLAN                                                                                           
------------------------------------------------------------------------------------------------------------------------------------------------------------------------------------------------
 Limit  (cost=54265.81..54280.21 rows=1 width=90) (actual time=4772.301..4775.605 rows=1 loops=1)
   ->  GroupAggregate  (cost=54265.81..920386.06 rows=60150 width=90) (actual time=4772.299..4775.603 rows=1 loops=1)
         Group Key: nation.n_name, (EXTRACT(year FROM orders.o_orderdate))
         ->  Incremental Sort  (cost=54265.81..915249.11 rows=241983 width=81) (actual time=4771.308..4774.661 rows=1210 loops=1)
               Sort Key: nation.n_name, (EXTRACT(year FROM orders.o_orderdate)) DESC
               Presorted Key: nation.n_name
               Full-sort Groups: 1  Sort Method: quicksort  Average Memory: 31kB  Peak Memory: 31kB
               Pre-sorted Groups: 1  Sort Method: quicksort  Average Memory: 1741kB  Peak Memory: 1741kB
               ->  Nested Loop  (cost=18530.17..886829.54 rows=241983 width=81) (actual time=284.013..4746.750 rows=13629 loops=1)
                     ->  Nested Loop  (cost=18529.74..124869.31 rows=241983 width=53) (actual time=283.290..2587.101 rows=13629 loops=1)
                           Join Filter: (supplier.s_suppkey = lineitem.l_suppkey)
                           ->  Gather Merge  (cost=18529.31..22293.97 rows=32324 width=48) (actual time=282.014..288.091 rows=1812 loops=1)
                                 Workers Planned: 2
                                 Workers Launched: 2
                                 ->  Sort  (cost=17529.28..17562.95 rows=13468 width=48) (actual time=275.254..275.392 rows=1092 loops=3)
                                       Sort Key: nation.n_name
                                       Sort Method: quicksort  Memory: 1788kB
                                       Worker 0:  Sort Method: quicksort  Memory: 1752kB
                                       Worker 1:  Sort Method: quicksort  Memory: 1694kB
                                       ->  Hash Join  (cost=449.99..16605.56 rows=13468 width=48) (actual time=4.181..266.223 rows=14507 loops=3)
                                             Hash Cond: (supplier.s_nationkey = nation.n_nationkey)
                                             ->  Hash Join  (cost=448.43..16562.65 rows=13468 width=26) (actual time=4.030..262.847 rows=14507 loops=3)
                                                   Hash Cond: (partsupp.ps_suppkey = supplier.s_suppkey)
                                                   ->  Nested Loop  (cost=0.42..16079.29 rows=13468 width=18) (actual time=0.277..253.018 rows=14507 loops=3)
                                                         ->  Parallel Seq Scan on part  (cost=0.00..5140.67 rows=3367 width=4) (actual time=0.111..29.350 rows=3627 loops=3)
                                                               Filter: ((p_name)::text ~~ '%navy%'::text)
                                                               Rows Removed by Filter: 63040
                                                         ->  Index Scan using idx_partsupp_partkey on partsupp  (cost=0.42..3.21 rows=4 width=14) (actual time=0.058..0.060 rows=4 loops=10880)
                                                               Index Cond: (ps_partkey = part.p_partkey)
                                                   ->  Hash  (cost=323.00..323.00 rows=10000 width=8) (actual time=3.737..3.738 rows=10000 loops=3)
                                                         Buckets: 16384  Batches: 1  Memory Usage: 519kB
                                                         ->  Seq Scan on supplier  (cost=0.00..323.00 rows=10000 width=8) (actual time=0.089..2.462 rows=10000 loops=3)
                                             ->  Hash  (cost=1.25..1.25 rows=25 width=30) (actual time=0.091..0.091 rows=25 loops=3)
                                                   Buckets: 1024  Batches: 1  Memory Usage: 10kB
                                                   ->  Seq Scan on nation  (cost=0.00..1.25 rows=25 width=30) (actual time=0.078..0.081 rows=25 loops=3)
                           ->  Index Scan using idx_lineitem_part_supp on lineitem  (cost=0.43..3.16 rows=1 width=29) (actual time=0.287..1.261 rows=8 loops=1812)
                                 Index Cond: ((l_partkey = partsupp.ps_partkey) AND (l_suppkey = partsupp.ps_suppkey))
                     ->  Index Scan using orders_pkey on orders  (cost=0.43..3.15 rows=1 width=8) (actual time=0.155..0.155 rows=1 loops=13629)
                           Index Cond: (o_orderkey = lineitem.l_orderkey)
 Planning Time: 27.948 ms
 Execution Time: 4775.697 ms
(41 rows)

SET
SET
SET
                                                                                           QUERY PLAN                                                                                           
------------------------------------------------------------------------------------------------------------------------------------------------------------------------------------------------
 Limit  (cost=54265.81..54280.21 rows=1 width=90) (actual time=125.960..129.793 rows=1 loops=1)
   ->  GroupAggregate  (cost=54265.81..920386.06 rows=60150 width=90) (actual time=125.958..129.791 rows=1 loops=1)
         Group Key: nation.n_name, (EXTRACT(year FROM orders.o_orderdate))
         ->  Incremental Sort  (cost=54265.81..915249.11 rows=241983 width=81) (actual time=124.993..128.873 rows=1210 loops=1)
               Sort Key: nation.n_name, (EXTRACT(year FROM orders.o_orderdate)) DESC
               Presorted Key: nation.n_name
               Full-sort Groups: 1  Sort Method: quicksort  Average Memory: 31kB  Peak Memory: 31kB
               Pre-sorted Groups: 1  Sort Method: quicksort  Average Memory: 1741kB  Peak Memory: 1741kB
               ->  Nested Loop  (cost=18530.17..886829.54 rows=241983 width=81) (actual time=50.847..121.412 rows=13629 loops=1)
                     ->  Nested Loop  (cost=18529.74..124869.31 rows=241983 width=53) (actual time=50.833..75.540 rows=13629 loops=1)
                           Join Filter: (supplier.s_suppkey = lineitem.l_suppkey)
                           ->  Gather Merge  (cost=18529.31..22293.97 rows=32324 width=48) (actual time=50.789..55.448 rows=1812 loops=1)
                                 Workers Planned: 2
                                 Workers Launched: 2
                                 ->  Sort  (cost=17529.28..17562.95 rows=13468 width=48) (actual time=47.980..48.066 rows=1036 loops=3)
                                       Sort Key: nation.n_name
                                       Sort Method: quicksort  Memory: 1821kB
                                       Worker 0:  Sort Method: quicksort  Memory: 1705kB
                                       Worker 1:  Sort Method: quicksort  Memory: 1708kB
                                       ->  Hash Join  (cost=449.99..16605.56 rows=13468 width=48) (actual time=2.786..40.161 rows=14507 loops=3)
                                             Hash Cond: (supplier.s_nationkey = nation.n_nationkey)
                                             ->  Hash Join  (cost=448.43..16562.65 rows=13468 width=26) (actual time=2.706..37.362 rows=14507 loops=3)
                                                   Hash Cond: (partsupp.ps_suppkey = supplier.s_suppkey)
                                                   ->  Nested Loop  (cost=0.42..16079.29 rows=13468 width=18) (actual time=0.027..30.219 rows=14507 loops=3)
                                                         ->  Parallel Seq Scan on part  (cost=0.00..5140.67 rows=3367 width=4) (actual time=0.012..14.533 rows=3627 loops=3)
                                                               Filter: ((p_name)::text ~~ '%navy%'::text)
                                                               Rows Removed by Filter: 63040
                                                         ->  Index Scan using idx_partsupp_partkey on partsupp  (cost=0.42..3.21 rows=4 width=14) (actual time=0.003..0.004 rows=4 loops=10880)
                                                               Index Cond: (ps_partkey = part.p_partkey)
                                                   ->  Hash  (cost=323.00..323.00 rows=10000 width=8) (actual time=2.662..2.663 rows=10000 loops=3)
                                                         Buckets: 16384  Batches: 1  Memory Usage: 519kB
                                                         ->  Seq Scan on supplier  (cost=0.00..323.00 rows=10000 width=8) (actual time=0.006..1.428 rows=10000 loops=3)
                                             ->  Hash  (cost=1.25..1.25 rows=25 width=30) (actual time=0.021..0.021 rows=25 loops=3)
                                                   Buckets: 1024  Batches: 1  Memory Usage: 10kB
                                                   ->  Seq Scan on nation  (cost=0.00..1.25 rows=25 width=30) (actual time=0.010..0.014 rows=25 loops=3)
                           ->  Index Scan using idx_lineitem_part_supp on lineitem  (cost=0.43..3.16 rows=1 width=29) (actual time=0.004..0.009 rows=8 loops=1812)
                                 Index Cond: ((l_partkey = partsupp.ps_partkey) AND (l_suppkey = partsupp.ps_suppkey))
                     ->  Index Scan using orders_pkey on orders  (cost=0.43..3.15 rows=1 width=8) (actual time=0.003..0.003 rows=1 loops=13629)
                           Index Cond: (o_orderkey = lineitem.l_orderkey)
 Planning Time: 6.447 ms
 Execution Time: 129.880 ms
(41 rows)

query 10 run 1
SET
SET
SET
                                                                                   QUERY PLAN                                                                                    
---------------------------------------------------------------------------------------------------------------------------------------------------------------------------------
 Limit  (cost=100363.03..100363.08 rows=20 width=202) (actual time=1998.629..2003.358 rows=20 loops=1)
   ->  Sort  (cost=100363.03..100502.20 rows=55670 width=202) (actual time=1998.627..2003.355 rows=20 loops=1)
         Sort Key: (sum((lineitem.l_extendedprice * ('1'::numeric - lineitem.l_discount)))) DESC
         Sort Method: top-N heapsort  Memory: 33kB
         ->  HashAggregate  (cost=98185.80..98881.67 rows=55670 width=202) (actual time=1966.090..1991.484 rows=38076 loops=1)
               Group Key: customer.c_custkey, nation.n_name
               Batches: 1  Memory Usage: 26129kB
               ->  Gather  (cost=6662.21..97489.92 rows=55670 width=182) (actual time=64.445..1856.222 rows=114347 loops=1)
                     Workers Planned: 3
                     Workers Launched: 3
                     ->  Hash Join  (cost=5662.21..90922.92 rows=17958 width=182) (actual time=55.996..1912.346 rows=28587 loops=4)
                           Hash Cond: (customer.c_nationkey = nation.n_nationkey)
                           ->  Parallel Hash Join  (cost=5660.65..90866.23 rows=17958 width=160) (actual time=55.867..1902.115 rows=28587 loops=4)
                                 Hash Cond: (orders.o_custkey = customer.c_custkey)
                                 ->  Nested Loop  (cost=657.40..85815.84 rows=17958 width=16) (actual time=14.205..1839.440 rows=28587 loops=4)
                                       ->  Parallel Bitmap Heap Scan on orders  (cost=656.96..27061.78 rows=18255 width=8) (actual time=12.792..268.253 rows=14278 loops=4)
                                             Recheck Cond: ((o_orderdate >= '1994-08-01'::date) AND (o_orderdate < '1994-11-01'::date))
                                             Heap Blocks: exact=5024
                                             ->  Bitmap Index Scan on idx_orders_orderdate  (cost=0.00..642.82 rows=56589 width=0) (actual time=9.066..9.066 rows=57111 loops=1)
                                                   Index Cond: ((o_orderdate >= '1994-08-01'::date) AND (o_orderdate < '1994-11-01'::date))
                                       ->  Index Scan using idx_lineitem_orderkey on lineitem  (cost=0.43..3.21 rows=1 width=16) (actual time=0.105..0.109 rows=2 loops=57111)
                                             Index Cond: (l_orderkey = orders.o_orderkey)
                                             Filter: (l_returnflag = 'R'::bpchar)
                                             Rows Removed by Filter: 2
                                 ->  Parallel Hash  (cost=4222.00..4222.00 rows=62500 width=148) (actual time=41.207..41.208 rows=37500 loops=4)
                                       Buckets: 262144  Batches: 1  Memory Usage: 29344kB
                                       ->  Parallel Seq Scan on customer  (cost=0.00..4222.00 rows=62500 width=148) (actual time=0.101..20.467 rows=37500 loops=4)
                           ->  Hash  (cost=1.25..1.25 rows=25 width=30) (actual time=0.064..0.065 rows=25 loops=4)
                                 Buckets: 1024  Batches: 1  Memory Usage: 10kB
                                 ->  Seq Scan on nation  (cost=0.00..1.25 rows=25 width=30) (actual time=0.056..0.059 rows=25 loops=4)
 Planning Time: 21.289 ms
 Execution Time: 2004.327 ms
(32 rows)

SET
SET
SET
                                                                                   QUERY PLAN                                                                                    
---------------------------------------------------------------------------------------------------------------------------------------------------------------------------------
 Limit  (cost=100363.03..100363.08 rows=20 width=202) (actual time=220.550..224.870 rows=20 loops=1)
   ->  Sort  (cost=100363.03..100502.20 rows=55670 width=202) (actual time=220.549..224.867 rows=20 loops=1)
         Sort Key: (sum((lineitem.l_extendedprice * ('1'::numeric - lineitem.l_discount)))) DESC
         Sort Method: top-N heapsort  Memory: 33kB
         ->  HashAggregate  (cost=98185.80..98881.67 rows=55670 width=202) (actual time=186.968..212.524 rows=38076 loops=1)
               Group Key: customer.c_custkey, nation.n_name
               Batches: 1  Memory Usage: 26129kB
               ->  Gather  (cost=6662.21..97489.92 rows=55670 width=182) (actual time=43.309..103.717 rows=114347 loops=1)
                     Workers Planned: 3
                     Workers Launched: 3
                     ->  Hash Join  (cost=5662.21..90922.92 rows=17958 width=182) (actual time=38.862..148.122 rows=28587 loops=4)
                           Hash Cond: (customer.c_nationkey = nation.n_nationkey)
                           ->  Parallel Hash Join  (cost=5660.65..90866.23 rows=17958 width=160) (actual time=38.783..141.060 rows=28587 loops=4)
                                 Hash Cond: (orders.o_custkey = customer.c_custkey)
                                 ->  Nested Loop  (cost=657.40..85815.84 rows=17958 width=16) (actual time=10.732..99.000 rows=28587 loops=4)
                                       ->  Parallel Bitmap Heap Scan on orders  (cost=656.96..27061.78 rows=18255 width=8) (actual time=10.698..26.936 rows=14278 loops=4)
                                             Recheck Cond: ((o_orderdate >= '1994-08-01'::date) AND (o_orderdate < '1994-11-01'::date))
                                             Heap Blocks: exact=2101
                                             ->  Bitmap Index Scan on idx_orders_orderdate  (cost=0.00..642.82 rows=56589 width=0) (actual time=7.399..7.399 rows=57111 loops=1)
                                                   Index Cond: ((o_orderdate >= '1994-08-01'::date) AND (o_orderdate < '1994-11-01'::date))
                                       ->  Index Scan using idx_lineitem_orderkey on lineitem  (cost=0.43..3.21 rows=1 width=16) (actual time=0.004..0.005 rows=2 loops=57111)
                                             Index Cond: (l_orderkey = orders.o_orderkey)
                                             Filter: (l_returnflag = 'R'::bpchar)
                                             Rows Removed by Filter: 2
                                 ->  Parallel Hash  (cost=4222.00..4222.00 rows=62500 width=148) (actual time=27.648..27.648 rows=37500 loops=4)
                                       Buckets: 262144  Batches: 1  Memory Usage: 29344kB
                                       ->  Parallel Seq Scan on customer  (cost=0.00..4222.00 rows=62500 width=148) (actual time=0.007..7.888 rows=37500 loops=4)
                           ->  Hash  (cost=1.25..1.25 rows=25 width=30) (actual time=0.016..0.016 rows=25 loops=4)
                                 Buckets: 1024  Batches: 1  Memory Usage: 10kB
                                 ->  Seq Scan on nation  (cost=0.00..1.25 rows=25 width=30) (actual time=0.008..0.011 rows=25 loops=4)
 Planning Time: 1.641 ms
 Execution Time: 225.234 ms
(32 rows)

query 11 run 1
SET
SET
SET
                                                                             QUERY PLAN                                                                             
--------------------------------------------------------------------------------------------------------------------------------------------------------------------
 Limit  (cost=15991.92..15991.92 rows=1 width=36) (actual time=710.310..710.315 rows=1 loops=1)
   InitPlan 1 (returns $2)
     ->  Aggregate  (cost=7689.29..7689.30 rows=1 width=32) (actual time=25.777..25.779 rows=1 loops=1)
           ->  Nested Loop  (cost=5.31..7449.28 rows=32000 width=10) (actual time=0.050..17.745 rows=32880 loops=1)
                 ->  Nested Loop  (cost=4.88..229.08 rows=400 width=4) (actual time=0.044..0.270 rows=411 loops=1)
                       ->  Seq Scan on nation nation_1  (cost=0.00..1.31 rows=1 width=4) (actual time=0.007..0.009 rows=1 loops=1)
                             Filter: (n_name = 'SAUDI ARABIA'::bpchar)
                             Rows Removed by Filter: 24
                       ->  Bitmap Heap Scan on supplier supplier_1  (cost=4.88..223.76 rows=400 width=8) (actual time=0.035..0.220 rows=411 loops=1)
                             Recheck Cond: (s_nationkey = nation_1.n_nationkey)
                             Heap Blocks: exact=183
                             ->  Bitmap Index Scan on idx_supplier_nation_key  (cost=0.00..4.79 rows=400 width=0) (actual time=0.018..0.018 rows=411 loops=1)
                                   Index Cond: (s_nationkey = nation_1.n_nationkey)
                 ->  Index Scan using idx_partsupp_suppkey on partsupp partsupp_1  (cost=0.42..17.25 rows=80 width=14) (actual time=0.002..0.034 rows=80 loops=411)
                       Index Cond: (ps_suppkey = supplier_1.s_suppkey)
   ->  Sort  (cost=8302.62..8329.29 rows=10667 width=36) (actual time=710.309..710.311 rows=1 loops=1)
         Sort Key: (sum((partsupp.ps_supplycost * (partsupp.ps_availqty)::numeric))) DESC
         Sort Method: top-N heapsort  Memory: 25kB
         ->  HashAggregate  (cost=7769.28..8249.28 rows=10667 width=36) (actual time=699.205..710.159 rows=839 loops=1)
               Group Key: partsupp.ps_partkey
               Filter: (sum((partsupp.ps_supplycost * (partsupp.ps_availqty)::numeric)) > $2)
               Batches: 1  Memory Usage: 15889kB
               Rows Removed by Filter: 30007
               ->  Nested Loop  (cost=5.31..7449.28 rows=32000 width=14) (actual time=0.837..640.486 rows=32880 loops=1)
                     ->  Nested Loop  (cost=4.88..229.08 rows=400 width=4) (actual time=0.646..4.144 rows=411 loops=1)
                           ->  Seq Scan on nation  (cost=0.00..1.31 rows=1 width=4) (actual time=0.187..0.191 rows=1 loops=1)
                                 Filter: (n_name = 'SAUDI ARABIA'::bpchar)
                                 Rows Removed by Filter: 24
                           ->  Bitmap Heap Scan on supplier  (cost=4.88..223.76 rows=400 width=8) (actual time=0.453..3.850 rows=411 loops=1)
                                 Recheck Cond: (s_nationkey = nation.n_nationkey)
                                 Heap Blocks: exact=183
                                 ->  Bitmap Index Scan on idx_supplier_nation_key  (cost=0.00..4.79 rows=400 width=0) (actual time=0.242..0.242 rows=411 loops=1)
                                       Index Cond: (s_nationkey = nation.n_nationkey)
                     ->  Index Scan using idx_partsupp_suppkey on partsupp  (cost=0.42..17.25 rows=80 width=18) (actual time=0.052..1.531 rows=80 loops=411)
                           Index Cond: (ps_suppkey = supplier.s_suppkey)
 Planning Time: 14.190 ms
 Execution Time: 710.677 ms
(37 rows)

SET
SET
SET
                                                                             QUERY PLAN                                                                             
--------------------------------------------------------------------------------------------------------------------------------------------------------------------
 Limit  (cost=15991.92..15991.92 rows=1 width=36) (actual time=82.791..82.795 rows=1 loops=1)
   InitPlan 1 (returns $2)
     ->  Aggregate  (cost=7689.29..7689.30 rows=1 width=32) (actual time=25.835..25.837 rows=1 loops=1)
           ->  Nested Loop  (cost=5.31..7449.28 rows=32000 width=10) (actual time=0.049..17.724 rows=32880 loops=1)
                 ->  Nested Loop  (cost=4.88..229.08 rows=400 width=4) (actual time=0.044..0.273 rows=411 loops=1)
                       ->  Seq Scan on nation nation_1  (cost=0.00..1.31 rows=1 width=4) (actual time=0.008..0.011 rows=1 loops=1)
                             Filter: (n_name = 'SAUDI ARABIA'::bpchar)
                             Rows Removed by Filter: 24
                       ->  Bitmap Heap Scan on supplier supplier_1  (cost=4.88..223.76 rows=400 width=8) (actual time=0.033..0.221 rows=411 loops=1)
                             Recheck Cond: (s_nationkey = nation_1.n_nationkey)
                             Heap Blocks: exact=183
                             ->  Bitmap Index Scan on idx_supplier_nation_key  (cost=0.00..4.79 rows=400 width=0) (actual time=0.017..0.017 rows=411 loops=1)
                                   Index Cond: (s_nationkey = nation_1.n_nationkey)
                 ->  Index Scan using idx_partsupp_suppkey on partsupp partsupp_1  (cost=0.42..17.25 rows=80 width=14) (actual time=0.002..0.034 rows=80 loops=411)
                       Index Cond: (ps_suppkey = supplier_1.s_suppkey)
   ->  Sort  (cost=8302.62..8329.29 rows=10667 width=36) (actual time=82.790..82.791 rows=1 loops=1)
         Sort Key: (sum((partsupp.ps_supplycost * (partsupp.ps_availqty)::numeric))) DESC
         Sort Method: top-N heapsort  Memory: 25kB
         ->  HashAggregate  (cost=7769.28..8249.28 rows=10667 width=36) (actual time=71.759..82.640 rows=839 loops=1)
               Group Key: partsupp.ps_partkey
               Filter: (sum((partsupp.ps_supplycost * (partsupp.ps_availqty)::numeric)) > $2)
               Batches: 1  Memory Usage: 15889kB
               Rows Removed by Filter: 30007
               ->  Nested Loop  (cost=5.31..7449.28 rows=32000 width=14) (actual time=0.059..27.048 rows=32880 loops=1)
                     ->  Nested Loop  (cost=4.88..229.08 rows=400 width=4) (actual time=0.048..0.454 rows=411 loops=1)
                           ->  Seq Scan on nation  (cost=0.00..1.31 rows=1 width=4) (actual time=0.008..0.011 rows=1 loops=1)
                                 Filter: (n_name = 'SAUDI ARABIA'::bpchar)
                                 Rows Removed by Filter: 24
                           ->  Bitmap Heap Scan on supplier  (cost=4.88..223.76 rows=400 width=8) (actual time=0.037..0.393 rows=411 loops=1)
                                 Recheck Cond: (s_nationkey = nation.n_nationkey)
                                 Heap Blocks: exact=183
                                 ->  Bitmap Index Scan on idx_supplier_nation_key  (cost=0.00..4.79 rows=400 width=0) (actual time=0.018..0.018 rows=411 loops=1)
                                       Index Cond: (s_nationkey = nation.n_nationkey)
                     ->  Index Scan using idx_partsupp_suppkey on partsupp  (cost=0.42..17.25 rows=80 width=18) (actual time=0.003..0.055 rows=80 loops=411)
                           Index Cond: (ps_suppkey = supplier.s_suppkey)
 Planning Time: 1.085 ms
 Execution Time: 83.152 ms
(37 rows)

query 12 run 1
SET
SET
SET
                                                                                                                    QUERY PLAN                                                                                                                     
---------------------------------------------------------------------------------------------------------------------------------------------------------------------------------------------------------------------------------------------------
 Limit  (cost=147788.46..161452.45 rows=1 width=27) (actual time=1658.806..1659.923 rows=1 loops=1)
   ->  GroupAggregate  (cost=147788.46..243436.34 rows=7 width=27) (actual time=1658.805..1659.921 rows=1 loops=1)
         Group Key: lineitem.l_shipmode
         ->  Nested Loop  (cost=147788.46..242921.02 rows=29443 width=27) (actual time=768.192..1649.706 rows=15492 loops=1)
               ->  Gather Merge  (cost=147788.04..151313.38 rows=29443 width=15) (actual time=767.545..777.024 rows=15492 loops=1)
                     Workers Planned: 4
                     Workers Launched: 4
                     ->  Sort  (cost=146787.98..146806.38 rows=7361 width=15) (actual time=756.492..756.859 rows=4244 loops=5)
                           Sort Key: lineitem.l_shipmode
                           Sort Method: quicksort  Memory: 554kB
                           Worker 0:  Sort Method: quicksort  Memory: 511kB
                           Worker 1:  Sort Method: quicksort  Memory: 534kB
                           Worker 2:  Sort Method: quicksort  Memory: 534kB
                           Worker 3:  Sort Method: quicksort  Memory: 522kB
                           ->  Parallel Seq Scan on lineitem  (cost=0.00..146315.19 rows=7361 width=15) (actual time=0.332..754.075 rows=6191 loops=5)
                                 Filter: ((l_shipmode = ANY ('{SHIP,"REG AIR"}'::bpchar[])) AND (l_commitdate < l_receiptdate) AND (l_shipdate < l_commitdate) AND (l_receiptdate >= '1994-01-01'::date) AND (l_receiptdate < '1995-01-01'::date))
                                 Rows Removed by Filter: 1194052
               ->  Index Scan using orders_pkey on orders  (cost=0.43..3.11 rows=1 width=20) (actual time=0.055..0.055 rows=1 loops=15492)
                     Index Cond: (o_orderkey = lineitem.l_orderkey)
 Planning Time: 14.171 ms
 Execution Time: 1660.346 ms
(21 rows)

SET
SET
SET
                                                                                                                    QUERY PLAN                                                                                                                     
---------------------------------------------------------------------------------------------------------------------------------------------------------------------------------------------------------------------------------------------------
 Limit  (cost=147788.46..161452.45 rows=1 width=27) (actual time=413.201..414.307 rows=1 loops=1)
   ->  GroupAggregate  (cost=147788.46..243436.34 rows=7 width=27) (actual time=413.199..414.305 rows=1 loops=1)
         Group Key: lineitem.l_shipmode
         ->  Nested Loop  (cost=147788.46..242921.02 rows=29443 width=27) (actual time=364.725..409.670 rows=15492 loops=1)
               ->  Gather Merge  (cost=147788.04..151313.38 rows=29443 width=15) (actual time=364.688..369.643 rows=15492 loops=1)
                     Workers Planned: 4
                     Workers Launched: 4
                     ->  Sort  (cost=146787.98..146806.38 rows=7361 width=15) (actual time=361.119..361.345 rows=4160 loops=5)
                           Sort Key: lineitem.l_shipmode
                           Sort Method: quicksort  Memory: 547kB
                           Worker 0:  Sort Method: quicksort  Memory: 544kB
                           Worker 1:  Sort Method: quicksort  Memory: 498kB
                           Worker 2:  Sort Method: quicksort  Memory: 539kB
                           Worker 3:  Sort Method: quicksort  Memory: 528kB
                           ->  Parallel Seq Scan on lineitem  (cost=0.00..146315.19 rows=7361 width=15) (actual time=0.090..359.216 rows=6191 loops=5)
                                 Filter: ((l_shipmode = ANY ('{SHIP,"REG AIR"}'::bpchar[])) AND (l_commitdate < l_receiptdate) AND (l_shipdate < l_commitdate) AND (l_receiptdate >= '1994-01-01'::date) AND (l_receiptdate < '1995-01-01'::date))
                                 Rows Removed by Filter: 1194052
               ->  Index Scan using orders_pkey on orders  (cost=0.43..3.11 rows=1 width=20) (actual time=0.002..0.002 rows=1 loops=15492)
                     Index Cond: (o_orderkey = lineitem.l_orderkey)
 Planning Time: 1.156 ms
 Execution Time: 414.367 ms
(21 rows)

query 13 run 1
SET
SET
SET
                                                                                  QUERY PLAN                                                                                   
-------------------------------------------------------------------------------------------------------------------------------------------------------------------------------
 Limit  (cost=64816.89..64816.89 rows=1 width=16) (actual time=1450.038..1450.041 rows=1 loops=1)
   ->  Sort  (cost=64816.89..64817.39 rows=200 width=16) (actual time=1450.036..1450.038 rows=1 loops=1)
         Sort Key: (count(*)) DESC, (count(orders.o_orderkey)) DESC
         Sort Method: top-N heapsort  Memory: 25kB
         ->  HashAggregate  (cost=64813.89..64815.89 rows=200 width=16) (actual time=1450.010..1450.017 rows=42 loops=1)
               Group Key: count(orders.o_orderkey)
               Batches: 1  Memory Usage: 40kB
               ->  HashAggregate  (cost=61063.89..62563.89 rows=150000 width=12) (actual time=1409.192..1433.047 rows=150000 loops=1)
                     Group Key: customer.c_custkey
                     Batches: 1  Memory Usage: 18449kB
                     ->  Hash Right Join  (cost=4746.42..53564.64 rows=1499850 width=8) (actual time=34.255..1052.414 rows=1533923 loops=1)
                           Hash Cond: (orders.o_custkey = customer.c_custkey)
                           ->  Seq Scan on orders  (cost=0.00..44881.00 rows=1499850 width=8) (actual time=0.596..620.994 rows=1483918 loops=1)
                                 Filter: ((o_comment)::text !~~ '%special%requests%'::text)
                                 Rows Removed by Filter: 16082
                           ->  Hash  (cost=2871.42..2871.42 rows=150000 width=4) (actual time=33.231..33.232 rows=150000 loops=1)
                                 Buckets: 262144  Batches: 1  Memory Usage: 7322kB
                                 ->  Index Only Scan using customer_pkey on customer  (cost=0.42..2871.42 rows=150000 width=4) (actual time=0.014..16.399 rows=150000 loops=1)
                                       Heap Fetches: 0
 Planning Time: 14.277 ms
 Execution Time: 1451.603 ms
(21 rows)

SET
SET
SET
                                                                                  QUERY PLAN                                                                                   
-------------------------------------------------------------------------------------------------------------------------------------------------------------------------------
 Limit  (cost=64816.89..64816.89 rows=1 width=16) (actual time=1243.784..1243.787 rows=1 loops=1)
   ->  Sort  (cost=64816.89..64817.39 rows=200 width=16) (actual time=1243.783..1243.785 rows=1 loops=1)
         Sort Key: (count(*)) DESC, (count(orders.o_orderkey)) DESC
         Sort Method: top-N heapsort  Memory: 25kB
         ->  HashAggregate  (cost=64813.89..64815.89 rows=200 width=16) (actual time=1243.758..1243.765 rows=42 loops=1)
               Group Key: count(orders.o_orderkey)
               Batches: 1  Memory Usage: 40kB
               ->  HashAggregate  (cost=61063.89..62563.89 rows=150000 width=12) (actual time=1204.053..1226.885 rows=150000 loops=1)
                     Group Key: customer.c_custkey
                     Batches: 1  Memory Usage: 18449kB
                     ->  Hash Right Join  (cost=4746.42..53564.64 rows=1499850 width=8) (actual time=28.949..867.772 rows=1533923 loops=1)
                           Hash Cond: (orders.o_custkey = customer.c_custkey)
                           ->  Seq Scan on orders  (cost=0.00..44881.00 rows=1499850 width=8) (actual time=0.011..465.801 rows=1483918 loops=1)
                                 Filter: ((o_comment)::text !~~ '%special%requests%'::text)
                                 Rows Removed by Filter: 16082
                           ->  Hash  (cost=2871.42..2871.42 rows=150000 width=4) (actual time=28.497..28.497 rows=150000 loops=1)
                                 Buckets: 262144  Batches: 1  Memory Usage: 7322kB
                                 ->  Index Only Scan using customer_pkey on customer  (cost=0.42..2871.42 rows=150000 width=4) (actual time=0.015..12.990 rows=150000 loops=1)
                                       Heap Fetches: 0
 Planning Time: 0.752 ms
 Execution Time: 1245.072 ms
(21 rows)

query 14 run 1
SET
SET
SET
                                                                               QUERY PLAN                                                                                
-------------------------------------------------------------------------------------------------------------------------------------------------------------------------
 Limit  (cost=75644.97..75644.98 rows=1 width=32) (actual time=532.739..537.938 rows=1 loops=1)
   ->  Finalize Aggregate  (cost=75644.97..75644.98 rows=1 width=32) (actual time=532.737..537.936 rows=1 loops=1)
         ->  Gather  (cost=75644.51..75644.92 rows=4 width=64) (actual time=530.397..537.915 rows=5 loops=1)
               Workers Planned: 4
               Workers Launched: 4
               ->  Partial Aggregate  (cost=74644.51..74644.52 rows=1 width=64) (actual time=522.725..522.728 rows=1 loops=5)
                     ->  Parallel Hash Join  (cost=7244.39..74298.36 rows=19780 width=33) (actual time=55.588..506.554 rows=15463 loops=5)
                           Hash Cond: (lineitem.l_partkey = part.p_partkey)
                           ->  Parallel Bitmap Heap Scan on lineitem  (cost=1270.39..68272.44 rows=19780 width=16) (actual time=21.148..456.577 rows=15463 loops=5)
                                 Recheck Cond: ((l_shipdate >= '1994-05-01'::date) AND (l_shipdate < '1994-06-01'::date))
                                 Heap Blocks: exact=8382
                                 ->  Bitmap Index Scan on idx_lineitem_shipdate  (cost=0.00..1250.61 rows=79118 width=0) (actual time=14.188..14.188 rows=77317 loops=1)
                                       Index Cond: ((l_shipdate >= '1994-05-01'::date) AND (l_shipdate < '1994-06-01'::date))
                           ->  Parallel Hash  (cost=4932.33..4932.33 rows=83333 width=25) (actual time=34.006..34.007 rows=40000 loops=5)
                                 Buckets: 262144  Batches: 1  Memory Usage: 14240kB
                                 ->  Parallel Seq Scan on part  (cost=0.00..4932.33 rows=83333 width=25) (actual time=0.077..20.197 rows=40000 loops=5)
 Planning Time: 14.759 ms
 Execution Time: 537.988 ms
(18 rows)

SET
SET
SET
                                                                              QUERY PLAN                                                                               
-----------------------------------------------------------------------------------------------------------------------------------------------------------------------
 Limit  (cost=75644.97..75644.98 rows=1 width=32) (actual time=108.395..113.319 rows=1 loops=1)
   ->  Finalize Aggregate  (cost=75644.97..75644.98 rows=1 width=32) (actual time=108.393..113.317 rows=1 loops=1)
         ->  Gather  (cost=75644.51..75644.92 rows=4 width=64) (actual time=104.445..113.294 rows=5 loops=1)
               Workers Planned: 4
               Workers Launched: 4
               ->  Partial Aggregate  (cost=74644.51..74644.52 rows=1 width=64) (actual time=101.042..101.044 rows=1 loops=5)
                     ->  Parallel Hash Join  (cost=7244.39..74298.36 rows=19780 width=33) (actual time=40.097..91.812 rows=15463 loops=5)
                           Hash Cond: (lineitem.l_partkey = part.p_partkey)
                           ->  Parallel Bitmap Heap Scan on lineitem  (cost=1270.39..68272.44 rows=19780 width=16) (actual time=14.835..58.319 rows=15463 loops=5)
                                 Recheck Cond: ((l_shipdate >= '1994-05-01'::date) AND (l_shipdate < '1994-06-01'::date))
                                 Heap Blocks: exact=7107
                                 ->  Bitmap Index Scan on idx_lineitem_shipdate  (cost=0.00..1250.61 rows=79118 width=0) (actual time=8.513..8.513 rows=77317 loops=1)
                                       Index Cond: ((l_shipdate >= '1994-05-01'::date) AND (l_shipdate < '1994-06-01'::date))
                           ->  Parallel Hash  (cost=4932.33..4932.33 rows=83333 width=25) (actual time=24.820..24.821 rows=40000 loops=5)
                                 Buckets: 262144  Batches: 1  Memory Usage: 14240kB
                                 ->  Parallel Seq Scan on part  (cost=0.00..4932.33 rows=83333 width=25) (actual time=0.009..6.781 rows=40000 loops=5)
 Planning Time: 1.003 ms
 Execution Time: 113.358 ms
(18 rows)

query 15 run 1
SET
SET
SET
CREATE VIEW
                                                                                   QUERY PLAN                                                                                    
---------------------------------------------------------------------------------------------------------------------------------------------------------------------------------
 Limit  (cost=238302.69..238410.19 rows=1 width=103) (actual time=1272.492..1279.992 rows=1 loops=1)
   InitPlan 1 (returns $0)
     ->  Aggregate  (cost=120425.86..120425.87 rows=1 width=32) (actual time=239.041..239.042 rows=1 loops=1)
           ->  HashAggregate  (cost=120175.36..120300.61 rows=10020 width=36) (actual time=235.577..238.449 rows=10000 loops=1)
                 Group Key: lineitem_1.l_suppkey
                 Batches: 1  Memory Usage: 4497kB
                 ->  Bitmap Heap Scan on lineitem lineitem_1  (cost=3497.80..117994.03 rows=218133 width=16) (actual time=28.989..120.603 rows=225954 loops=1)
                       Recheck Cond: ((l_shipdate >= '1996-01-01'::date) AND (l_shipdate < '1996-04-01'::date))
                       Heap Blocks: exact=66828
                       ->  Bitmap Index Scan on idx_lineitem_shipdate  (cost=0.00..3443.26 rows=218133 width=0) (actual time=18.640..18.641 rows=225954 loops=1)
                             Index Cond: ((l_shipdate >= '1996-01-01'::date) AND (l_shipdate < '1996-04-01'::date))
   ->  Nested Loop  (cost=117876.82..123251.53 rows=50 width=103) (actual time=1272.491..1279.988 rows=1 loops=1)
         ->  Finalize GroupAggregate  (cost=117876.54..123126.40 rows=50 width=36) (actual time=1271.884..1279.379 rows=1 loops=1)
               Group Key: lineitem.l_suppkey
               Filter: (sum((lineitem.l_extendedprice * ('1'::numeric - lineitem.l_discount))) = $0)
               Rows Removed by Filter: 8448
               ->  Gather Merge  (cost=117876.54..122675.50 rows=40080 width=36) (actual time=1007.574..1022.689 rows=41776 loops=1)
                     Workers Planned: 4
                     Workers Launched: 4
                     ->  Sort  (cost=116876.48..116901.53 rows=10020 width=36) (actual time=994.809..995.681 rows=8786 loops=5)
                           Sort Key: lineitem.l_suppkey
                           Sort Method: quicksort  Memory: 1468kB
                           Worker 0:  Sort Method: quicksort  Memory: 1467kB
                           Worker 1:  Sort Method: quicksort  Memory: 1466kB
                           Worker 2:  Sort Method: quicksort  Memory: 1466kB
                           Worker 3:  Sort Method: quicksort  Memory: 1466kB
                           ->  Partial HashAggregate  (cost=116085.37..116210.62 rows=10020 width=36) (actual time=986.997..992.380 rows=9893 loops=5)
                                 Group Key: lineitem.l_suppkey
                                 Batches: 1  Memory Usage: 4497kB
                                 Worker 0:  Batches: 1  Memory Usage: 4497kB
                                 Worker 1:  Batches: 1  Memory Usage: 4497kB
                                 Worker 2:  Batches: 1  Memory Usage: 4497kB
                                 Worker 3:  Batches: 1  Memory Usage: 4497kB
                                 ->  Parallel Bitmap Heap Scan on lineitem  (cost=3497.80..115540.04 rows=54533 width=16) (actual time=41.423..933.018 rows=45191 loops=5)
                                       Recheck Cond: ((l_shipdate >= '1996-01-01'::date) AND (l_shipdate < '1996-04-01'::date))
                                       Heap Blocks: exact=13593
                                       ->  Bitmap Index Scan on idx_lineitem_shipdate  (cost=0.00..3443.26 rows=218133 width=0) (actual time=38.066..38.066 rows=225954 loops=1)
                                             Index Cond: ((l_shipdate >= '1996-01-01'::date) AND (l_shipdate < '1996-04-01'::date))
         ->  Index Scan using supplier_pkey on supplier  (cost=0.29..2.49 rows=1 width=71) (actual time=0.600..0.601 rows=1 loops=1)
               Index Cond: (s_suppkey = lineitem.l_suppkey)
 Planning Time: 12.856 ms
 Execution Time: 1280.781 ms
(42 rows)

DROP VIEW
SET
SET
SET
CREATE VIEW
                                                                                   QUERY PLAN                                                                                    
---------------------------------------------------------------------------------------------------------------------------------------------------------------------------------
 Limit  (cost=238302.69..238410.19 rows=1 width=103) (actual time=412.247..421.883 rows=1 loops=1)
   InitPlan 1 (returns $0)
     ->  Aggregate  (cost=120425.86..120425.87 rows=1 width=32) (actual time=222.395..222.396 rows=1 loops=1)
           ->  HashAggregate  (cost=120175.36..120300.61 rows=10020 width=36) (actual time=218.890..221.802 rows=10000 loops=1)
                 Group Key: lineitem_1.l_suppkey
                 Batches: 1  Memory Usage: 4497kB
                 ->  Bitmap Heap Scan on lineitem lineitem_1  (cost=3497.80..117994.03 rows=218133 width=16) (actual time=28.723..106.580 rows=225954 loops=1)
                       Recheck Cond: ((l_shipdate >= '1996-01-01'::date) AND (l_shipdate < '1996-04-01'::date))
                       Heap Blocks: exact=66828
                       ->  Bitmap Index Scan on idx_lineitem_shipdate  (cost=0.00..3443.26 rows=218133 width=0) (actual time=18.503..18.504 rows=225954 loops=1)
                             Index Cond: ((l_shipdate >= '1996-01-01'::date) AND (l_shipdate < '1996-04-01'::date))
   ->  Nested Loop  (cost=117876.82..123251.53 rows=50 width=103) (actual time=412.246..421.880 rows=1 loops=1)
         ->  Finalize GroupAggregate  (cost=117876.54..123126.40 rows=50 width=36) (actual time=412.222..421.855 rows=1 loops=1)
               Group Key: lineitem.l_suppkey
               Filter: (sum((lineitem.l_extendedprice * ('1'::numeric - lineitem.l_discount))) = $0)
               Rows Removed by Filter: 8448
               ->  Gather Merge  (cost=117876.54..122675.50 rows=40080 width=36) (actual time=165.055..182.184 rows=41733 loops=1)
                     Workers Planned: 4
                     Workers Launched: 4
                     ->  Sort  (cost=116876.48..116901.53 rows=10020 width=36) (actual time=157.701..158.528 rows=8820 loops=5)
                           Sort Key: lineitem.l_suppkey
                           Sort Method: quicksort  Memory: 1467kB
                           Worker 0:  Sort Method: quicksort  Memory: 1458kB
                           Worker 1:  Sort Method: quicksort  Memory: 1460kB
                           Worker 2:  Sort Method: quicksort  Memory: 1467kB
                           Worker 3:  Sort Method: quicksort  Memory: 1472kB
                           ->  Partial HashAggregate  (cost=116085.37..116210.62 rows=10020 width=36) (actual time=149.282..154.385 rows=9877 loops=5)
                                 Group Key: lineitem.l_suppkey
                                 Batches: 1  Memory Usage: 4497kB
                                 Worker 0:  Batches: 1  Memory Usage: 4497kB
                                 Worker 1:  Batches: 1  Memory Usage: 4497kB
                                 Worker 2:  Batches: 1  Memory Usage: 4497kB
                                 Worker 3:  Batches: 1  Memory Usage: 4497kB
                                 ->  Parallel Bitmap Heap Scan on lineitem  (cost=3497.80..115540.04 rows=54533 width=16) (actual time=34.234..114.152 rows=45191 loops=5)
                                       Recheck Cond: ((l_shipdate >= '1996-01-01'::date) AND (l_shipdate < '1996-04-01'::date))
                                       Heap Blocks: exact=13870
                                       ->  Bitmap Index Scan on idx_lineitem_shipdate  (cost=0.00..3443.26 rows=218133 width=0) (actual time=26.476..26.477 rows=225954 loops=1)
                                             Index Cond: ((l_shipdate >= '1996-01-01'::date) AND (l_shipdate < '1996-04-01'::date))
         ->  Index Scan using supplier_pkey on supplier  (cost=0.29..2.49 rows=1 width=71) (actual time=0.021..0.021 rows=1 loops=1)
               Index Cond: (s_suppkey = lineitem.l_suppkey)
 Planning Time: 0.797 ms
 Execution Time: 422.254 ms
(42 rows)

DROP VIEW
query 16 run 1
SET
SET
SET
                                                                                            QUERY PLAN                                                                                            
--------------------------------------------------------------------------------------------------------------------------------------------------------------------------------------------------
 Limit  (cost=26676.03..26676.04 rows=1 width=44) (actual time=289.981..290.631 rows=1 loops=1)
   ->  Sort  (cost=26676.03..26715.94 rows=15961 width=44) (actual time=289.980..290.628 rows=1 loops=1)
         Sort Key: (count(DISTINCT partsupp.ps_suppkey)) DESC, part.p_brand, part.p_type, part.p_size
         Sort Method: top-N heapsort  Memory: 25kB
         ->  GroupAggregate  (cost=18765.15..26596.23 rows=15961 width=44) (actual time=196.159..286.114 rows=18220 loops=1)
               Group Key: part.p_brand, part.p_type, part.p_size
               ->  Gather Merge  (cost=18765.15..25845.30 rows=59132 width=40) (actual time=196.131..244.263 rows=117930 loops=1)
                     Workers Planned: 4
                     Workers Launched: 4
                     ->  Sort  (cost=17765.09..17802.05 rows=14783 width=40) (actual time=168.039..169.811 rows=23586 loops=5)
                           Sort Key: part.p_brand, part.p_type, part.p_size
                           Sort Method: quicksort  Memory: 2400kB
                           Worker 0:  Sort Method: quicksort  Memory: 3030kB
                           Worker 1:  Sort Method: quicksort  Memory: 2831kB
                           Worker 2:  Sort Method: quicksort  Memory: 2433kB
                           Worker 3:  Sort Method: quicksort  Memory: 2872kB
                           ->  Parallel Hash Join  (cost=6684.75..16741.25 rows=14783 width=40) (actual time=41.593..108.227 rows=23586 loops=5)
                                 Hash Cond: (partsupp.ps_partkey = part.p_partkey)
                                 ->  Parallel Index Only Scan using partsupp_pkey on partsupp  (cost=348.43..10142.43 rows=100000 width=8) (actual time=7.132..55.584 rows=159936 loops=5)
                                       Filter: (NOT (hashed SubPlan 1))
                                       Rows Removed by Filter: 64
                                       Heap Fetches: 0
                                       SubPlan 1
                                         ->  Seq Scan on supplier  (cost=0.00..348.00 rows=1 width=4) (actual time=0.617..6.367 rows=4 loops=5)
                                               Filter: ((s_comment)::text ~~ '%Customer%Complaints%'::text)
                                               Rows Removed by Filter: 9996
                                 ->  Parallel Hash  (cost=6182.33..6182.33 rows=12319 width=40) (actual time=34.280..34.281 rows=5898 loops=5)
                                       Buckets: 32768  Batches: 1  Memory Usage: 2560kB
                                       ->  Parallel Seq Scan on part  (cost=0.00..6182.33 rows=12319 width=40) (actual time=0.333..31.875 rows=5898 loops=5)
                                             Filter: ((p_brand <> 'Brand#12'::bpchar) AND ((p_type)::text !~~ 'SMALL BRUSHED%'::text) AND (p_size = ANY ('{12,32,36,26,40,34,49,9}'::integer[])))
                                             Rows Removed by Filter: 34102
 Planning Time: 15.115 ms
 Execution Time: 290.709 ms
(33 rows)

SET
SET
SET
                                                                                            QUERY PLAN                                                                                            
--------------------------------------------------------------------------------------------------------------------------------------------------------------------------------------------------
 Limit  (cost=26676.03..26676.04 rows=1 width=44) (actual time=249.396..249.789 rows=1 loops=1)
   ->  Sort  (cost=26676.03..26715.94 rows=15961 width=44) (actual time=249.395..249.787 rows=1 loops=1)
         Sort Key: (count(DISTINCT partsupp.ps_suppkey)) DESC, part.p_brand, part.p_type, part.p_size
         Sort Method: top-N heapsort  Memory: 25kB
         ->  GroupAggregate  (cost=18765.15..26596.23 rows=15961 width=44) (actual time=155.332..245.310 rows=18220 loops=1)
               Group Key: part.p_brand, part.p_type, part.p_size
               ->  Gather Merge  (cost=18765.15..25845.30 rows=59132 width=40) (actual time=155.299..203.665 rows=117930 loops=1)
                     Workers Planned: 4
                     Workers Launched: 4
                     ->  Sort  (cost=17765.09..17802.05 rows=14783 width=40) (actual time=136.059..137.810 rows=23586 loops=5)
                           Sort Key: part.p_brand, part.p_type, part.p_size
                           Sort Method: quicksort  Memory: 2907kB
                           Worker 0:  Sort Method: quicksort  Memory: 2841kB
                           Worker 1:  Sort Method: quicksort  Memory: 2505kB
                           Worker 2:  Sort Method: quicksort  Memory: 2754kB
                           Worker 3:  Sort Method: quicksort  Memory: 2559kB
                           ->  Parallel Hash Join  (cost=6684.75..16741.25 rows=14783 width=40) (actual time=18.690..75.524 rows=23586 loops=5)
                                 Hash Cond: (partsupp.ps_partkey = part.p_partkey)
                                 ->  Parallel Index Only Scan using partsupp_pkey on partsupp  (cost=348.43..10142.43 rows=100000 width=8) (actual time=2.674..41.391 rows=159936 loops=5)
                                       Filter: (NOT (hashed SubPlan 1))
                                       Rows Removed by Filter: 64
                                       Heap Fetches: 0
                                       SubPlan 1
                                         ->  Seq Scan on supplier  (cost=0.00..348.00 rows=1 width=4) (actual time=0.083..2.558 rows=4 loops=5)
                                               Filter: ((s_comment)::text ~~ '%Customer%Complaints%'::text)
                                               Rows Removed by Filter: 9996
                                 ->  Parallel Hash  (cost=6182.33..6182.33 rows=12319 width=40) (actual time=15.813..15.814 rows=5898 loops=5)
                                       Buckets: 32768  Batches: 1  Memory Usage: 2528kB
                                       ->  Parallel Seq Scan on part  (cost=0.00..6182.33 rows=12319 width=40) (actual time=0.012..13.135 rows=5898 loops=5)
                                             Filter: ((p_brand <> 'Brand#12'::bpchar) AND ((p_type)::text !~~ 'SMALL BRUSHED%'::text) AND (p_size = ANY ('{12,32,36,26,40,34,49,9}'::integer[])))
                                             Rows Removed by Filter: 34102
 Planning Time: 0.794 ms
 Execution Time: 249.845 ms
(33 rows)

query 17 run 1
SET
SET
SET
                                                                                   QUERY PLAN                                                                                    
---------------------------------------------------------------------------------------------------------------------------------------------------------------------------------
 Limit  (cost=219489.34..219489.35 rows=1 width=32) (actual time=4665.700..4667.810 rows=1 loops=1)
   ->  Finalize Aggregate  (cost=219489.34..219489.35 rows=1 width=32) (actual time=4665.698..4667.807 rows=1 loops=1)
         ->  Gather  (cost=219489.12..219489.33 rows=2 width=32) (actual time=4656.771..4667.792 rows=3 loops=1)
               Workers Planned: 2
               Workers Launched: 2
               ->  Partial Aggregate  (cost=218489.12..218489.13 rows=1 width=32) (actual time=4649.629..4649.632 rows=1 loops=3)
                     ->  Nested Loop  (cost=209603.73..218487.11 rows=801 width=8) (actual time=4569.640..4649.529 rows=197 loops=3)
                           Join Filter: (part.p_partkey = lineitem.l_partkey)
                           ->  Hash Join  (cost=209603.29..214952.52 rows=80 width=40) (actual time=4569.206..4604.283 rows=69 loops=3)
                                 Hash Cond: (part.p_partkey = lineitem_1.l_partkey)
                                 ->  Parallel Seq Scan on part  (cost=0.00..5349.00 rows=85 width=4) (actual time=0.546..35.521 rows=69 loops=3)
                                       Filter: ((p_brand = 'Brand#22'::bpchar) AND (p_container = 'LG BOX'::bpchar))
                                       Rows Removed by Filter: 66597
                                 ->  Hash  (cost=207260.14..207260.14 rows=187452 width=36) (actual time=4568.240..4568.241 rows=200000 loops=3)
                                       Buckets: 262144  Batches: 1  Memory Usage: 11623kB
                                       ->  HashAggregate  (cost=202573.85..205385.62 rows=187452 width=36) (actual time=3824.933..4531.357 rows=200000 loops=3)
                                             Group Key: lineitem_1.l_partkey
                                             Batches: 5  Memory Usage: 65585kB  Disk Usage: 56504kB
                                             Worker 0:  Batches: 5  Memory Usage: 65585kB  Disk Usage: 56472kB
                                             Worker 1:  Batches: 5  Memory Usage: 65585kB  Disk Usage: 56472kB
                                             ->  Seq Scan on lineitem lineitem_1  (cost=0.00..172569.23 rows=6000923 width=9) (actual time=0.202..1035.486 rows=6001215 loops=3)
                           ->  Index Scan using idx_lineitem_part_supp on lineitem  (cost=0.43..44.04 rows=11 width=17) (actual time=0.462..0.650 rows=3 loops=208)
                                 Index Cond: (l_partkey = lineitem_1.l_partkey)
                                 Filter: (l_quantity < ((0.2 * avg(lineitem_1.l_quantity))))
                                 Rows Removed by Filter: 27
 Planning Time: 16.147 ms
 Execution Time: 4677.159 ms
(27 rows)

SET
SET
SET
                                                                                   QUERY PLAN                                                                                   
--------------------------------------------------------------------------------------------------------------------------------------------------------------------------------
 Limit  (cost=219489.34..219489.35 rows=1 width=32) (actual time=4290.028..4293.226 rows=1 loops=1)
   ->  Finalize Aggregate  (cost=219489.34..219489.35 rows=1 width=32) (actual time=4290.027..4293.224 rows=1 loops=1)
         ->  Gather  (cost=219489.12..219489.33 rows=2 width=32) (actual time=4281.890..4293.210 rows=3 loops=1)
               Workers Planned: 2
               Workers Launched: 2
               ->  Partial Aggregate  (cost=218489.12..218489.13 rows=1 width=32) (actual time=4277.782..4277.785 rows=1 loops=3)
                     ->  Nested Loop  (cost=209603.73..218487.11 rows=801 width=8) (actual time=4266.784..4277.749 rows=197 loops=3)
                           Join Filter: (part.p_partkey = lineitem.l_partkey)
                           ->  Hash Join  (cost=209603.29..214952.52 rows=80 width=40) (actual time=4266.743..4276.144 rows=69 loops=3)
                                 Hash Cond: (part.p_partkey = lineitem_1.l_partkey)
                                 ->  Parallel Seq Scan on part  (cost=0.00..5349.00 rows=85 width=4) (actual time=0.076..9.437 rows=69 loops=3)
                                       Filter: ((p_brand = 'Brand#22'::bpchar) AND (p_container = 'LG BOX'::bpchar))
                                       Rows Removed by Filter: 66597
                                 ->  Hash  (cost=207260.14..207260.14 rows=187452 width=36) (actual time=4266.230..4266.230 rows=200000 loops=3)
                                       Buckets: 262144  Batches: 1  Memory Usage: 11623kB
                                       ->  HashAggregate  (cost=202573.85..205385.62 rows=187452 width=36) (actual time=3523.423..4229.581 rows=200000 loops=3)
                                             Group Key: lineitem_1.l_partkey
                                             Batches: 5  Memory Usage: 65585kB  Disk Usage: 56472kB
                                             Worker 0:  Batches: 5  Memory Usage: 65585kB  Disk Usage: 56448kB
                                             Worker 1:  Batches: 5  Memory Usage: 65585kB  Disk Usage: 56448kB
                                             ->  Seq Scan on lineitem lineitem_1  (cost=0.00..172569.23 rows=6000923 width=9) (actual time=0.053..764.010 rows=6001215 loops=3)
                           ->  Index Scan using idx_lineitem_part_supp on lineitem  (cost=0.43..44.04 rows=11 width=17) (actual time=0.009..0.022 rows=3 loops=208)
                                 Index Cond: (l_partkey = lineitem_1.l_partkey)
                                 Filter: (l_quantity < ((0.2 * avg(lineitem_1.l_quantity))))
                                 Rows Removed by Filter: 27
 Planning Time: 1.389 ms
 Execution Time: 4302.954 ms
(27 rows)

query 18 run 1
SET
SET
SET
                                                                                                     QUERY PLAN                                                                                                      
---------------------------------------------------------------------------------------------------------------------------------------------------------------------------------------------------------------------
 Limit  (cost=799681.01..799681.26 rows=100 width=71) (actual time=4561.093..4561.099 rows=9 loops=1)
   ->  Sort  (cost=799681.01..804682.55 rows=2000616 width=71) (actual time=4561.092..4561.096 rows=9 loops=1)
         Sort Key: orders.o_totalprice DESC, orders.o_orderdate
         Sort Method: quicksort  Memory: 25kB
         ->  HashAggregate  (cost=663044.13..723218.91 rows=2000616 width=71) (actual time=4560.349..4561.049 rows=9 loops=1)
               Group Key: customer.c_custkey, orders.o_orderkey
               Planned Partitions: 16  Batches: 1  Memory Usage: 6169kB
               ->  Hash Join  (cost=340200.80..555276.57 rows=2000616 width=44) (actual time=3800.413..4560.270 rows=63 loops=1)
                     Hash Cond: (lineitem.l_orderkey = orders.o_orderkey)
                     ->  Seq Scan on lineitem  (cost=0.00..172569.23 rows=6000923 width=9) (actual time=0.475..328.699 rows=6001215 loops=1)
                     ->  Hash  (cost=333949.84..333949.84 rows=500077 width=43) (actual time=3596.469..3596.472 rows=9 loops=1)
                           Buckets: 524288  Batches: 1  Memory Usage: 4097kB
                           ->  Hash Join  (cost=287568.59..333949.84 rows=500077 width=43) (actual time=3240.013..3596.448 rows=9 loops=1)
                                 Hash Cond: (orders.o_custkey = customer.c_custkey)
                                 ->  Hash Join  (cost=280596.59..325665.10 rows=500077 width=24) (actual time=3169.952..3526.377 rows=9 loops=1)
                                       Hash Cond: (orders.o_orderkey = lineitem_1.l_orderkey)
                                       ->  Seq Scan on orders  (cost=0.00..41131.00 rows=1500000 width=20) (actual time=0.503..274.910 rows=1500000 loops=1)
                                       ->  Hash  (cost=274345.63..274345.63 rows=500077 width=4) (actual time=3070.615..3070.616 rows=9 loops=1)
                                             Buckets: 524288  Batches: 1  Memory Usage: 4097kB
                                             ->  GroupAggregate  (cost=0.43..269344.86 rows=500077 width=4) (actual time=656.531..3070.591 rows=9 loops=1)
                                                   Group Key: lineitem_1.l_orderkey
                                                   Filter: (sum(lineitem_1.l_quantity) > '313'::numeric)
                                                   Rows Removed by Filter: 1499991
                                                   ->  Index Scan using idx_lineitem_orderkey on lineitem lineitem_1  (cost=0.43..216836.78 rows=6000923 width=9) (actual time=0.019..1666.229 rows=6001215 loops=1)
                                 ->  Hash  (cost=5097.00..5097.00 rows=150000 width=23) (actual time=69.713..69.713 rows=150000 loops=1)
                                       Buckets: 262144  Batches: 1  Memory Usage: 10252kB
                                       ->  Seq Scan on customer  (cost=0.00..5097.00 rows=150000 width=23) (actual time=0.393..43.400 rows=150000 loops=1)
 Planning Time: 16.830 ms
 Execution Time: 4562.571 ms
(29 rows)

SET
SET
SET
                                                                                                     QUERY PLAN                                                                                                     
--------------------------------------------------------------------------------------------------------------------------------------------------------------------------------------------------------------------
 Limit  (cost=799681.01..799681.26 rows=100 width=71) (actual time=3456.268..3456.274 rows=9 loops=1)
   ->  Sort  (cost=799681.01..804682.55 rows=2000616 width=71) (actual time=3456.266..3456.271 rows=9 loops=1)
         Sort Key: orders.o_totalprice DESC, orders.o_orderdate
         Sort Method: quicksort  Memory: 25kB
         ->  HashAggregate  (cost=663044.13..723218.91 rows=2000616 width=71) (actual time=3455.523..3456.224 rows=9 loops=1)
               Group Key: customer.c_custkey, orders.o_orderkey
               Planned Partitions: 16  Batches: 1  Memory Usage: 6169kB
               ->  Hash Join  (cost=340200.80..555276.57 rows=2000616 width=44) (actual time=2701.222..3455.446 rows=63 loops=1)
                     Hash Cond: (lineitem.l_orderkey = orders.o_orderkey)
                     ->  Seq Scan on lineitem  (cost=0.00..172569.23 rows=6000923 width=9) (actual time=0.015..324.590 rows=6001215 loops=1)
                     ->  Hash  (cost=333949.84..333949.84 rows=500077 width=43) (actual time=2498.959..2498.962 rows=9 loops=1)
                           Buckets: 524288  Batches: 1  Memory Usage: 4097kB
                           ->  Hash Join  (cost=287568.59..333949.84 rows=500077 width=43) (actual time=2287.163..2498.942 rows=9 loops=1)
                                 Hash Cond: (orders.o_custkey = customer.c_custkey)
                                 ->  Hash Join  (cost=280596.59..325665.10 rows=500077 width=24) (actual time=2242.134..2453.903 rows=9 loops=1)
                                       Hash Cond: (orders.o_orderkey = lineitem_1.l_orderkey)
                                       ->  Seq Scan on orders  (cost=0.00..41131.00 rows=1500000 width=20) (actual time=0.005..80.841 rows=1500000 loops=1)
                                       ->  Hash  (cost=274345.63..274345.63 rows=500077 width=4) (actual time=2184.684..2184.685 rows=9 loops=1)
                                             Buckets: 524288  Batches: 1  Memory Usage: 4097kB
                                             ->  GroupAggregate  (cost=0.43..269344.86 rows=500077 width=4) (actual time=462.309..2184.667 rows=9 loops=1)
                                                   Group Key: lineitem_1.l_orderkey
                                                   Filter: (sum(lineitem_1.l_quantity) > '313'::numeric)
                                                   Rows Removed by Filter: 1499991
                                                   ->  Index Scan using idx_lineitem_orderkey on lineitem lineitem_1  (cost=0.43..216836.78 rows=6000923 width=9) (actual time=0.018..862.616 rows=6001215 loops=1)
                                 ->  Hash  (cost=5097.00..5097.00 rows=150000 width=23) (actual time=44.614..44.614 rows=150000 loops=1)
                                       Buckets: 262144  Batches: 1  Memory Usage: 10252kB
                                       ->  Seq Scan on customer  (cost=0.00..5097.00 rows=150000 width=23) (actual time=0.012..19.475 rows=150000 loops=1)
 Planning Time: 1.451 ms
 Execution Time: 3457.577 ms
(29 rows)

query 19 run 1
SET
SET
SET
                                                                                                                                                                                                                                                                                                                                                                                                                                                                                                                  QUERY PLAN                                                                                                                                                                                                                                                                                                                                                                                                                                                                                                                  
----------------------------------------------------------------------------------------------------------------------------------------------------------------------------------------------------------------------------------------------------------------------------------------------------------------------------------------------------------------------------------------------------------------------------------------------------------------------------------------------------------------------------------------------------------------------------------------------------------------------------------------------------------------------------------------------------------------------------------------------------------------------------------------------------------------------------------------------------------------------------------------------------------------------------------------------------------------------------------------------------------------------------------------------
 Limit  (cost=18488.66..18488.67 rows=1 width=32) (actual time=855.012..857.815 rows=1 loops=1)
   ->  Finalize Aggregate  (cost=18488.66..18488.67 rows=1 width=32) (actual time=855.011..857.813 rows=1 loops=1)
         ->  Gather  (cost=18488.44..18488.65 rows=2 width=32) (actual time=850.949..857.800 rows=3 loops=1)
               Workers Planned: 2
               Workers Launched: 2
               ->  Partial Aggregate  (cost=17488.44..17488.45 rows=1 width=32) (actual time=847.420..847.421 rows=1 loops=3)
                     ->  Nested Loop  (cost=0.43..17488.08 rows=47 width=12) (actual time=32.616..847.302 rows=37 loops=3)
                           ->  Parallel Seq Scan on part  (cost=0.00..7640.67 rows=199 width=30) (actual time=0.690..30.050 rows=169 loops=3)
                                 Filter: ((p_size >= 1) AND (((p_brand = 'Brand#24'::bpchar) AND (p_container = ANY ('{"SM CASE","SM BOX","SM PACK","SM PKG"}'::bpchar[])) AND (p_size <= 5)) OR ((p_brand = 'Brand#43'::bpchar) AND (p_container = ANY ('{"MED BAG","MED BOX","MED PKG","MED PACK"}'::bpchar[])) AND (p_size <= 10)) OR ((p_brand = 'Brand#44'::bpchar) AND (p_container = ANY ('{"LG CASE","LG BOX","LG PACK","LG PKG"}'::bpchar[])) AND (p_size <= 15))))
                                 Rows Removed by Filter: 66498
                           ->  Index Scan using idx_lineitem_part_supp on lineitem  (cost=0.43..49.47 rows=1 width=21) (actual time=4.291..4.834 rows=0 loops=507)
                                 Index Cond: (l_partkey = part.p_partkey)
                                 Filter: ((l_shipmode = ANY ('{AIR,"AIR REG"}'::bpchar[])) AND (l_shipinstruct = 'DELIVER IN PERSON'::bpchar) AND (((l_quantity >= '10'::numeric) AND (l_quantity <= '20'::numeric)) OR ((l_quantity >= '10'::numeric) AND (l_quantity <= '20'::numeric)) OR ((l_quantity >= '20'::numeric) AND (l_quantity <= '30'::numeric))) AND (((part.p_brand = 'Brand#24'::bpchar) AND (part.p_container = ANY ('{"SM CASE","SM BOX","SM PACK","SM PKG"}'::bpchar[])) AND (l_quantity >= '10'::numeric) AND (l_quantity <= '20'::numeric) AND (part.p_size <= 5)) OR ((part.p_brand = 'Brand#43'::bpchar) AND (part.p_container = ANY ('{"MED BAG","MED BOX","MED PKG","MED PACK"}'::bpchar[])) AND (l_quantity >= '10'::numeric) AND (l_quantity <= '20'::numeric) AND (part.p_size <= 10)) OR ((part.p_brand = 'Brand#44'::bpchar) AND (part.p_container = ANY ('{"LG CASE","LG BOX","LG PACK","LG PKG"}'::bpchar[])) AND (l_quantity >= '20'::numeric) AND (l_quantity <= '30'::numeric) AND (part.p_size <= 15))))
                                 Rows Removed by Filter: 30
 Planning Time: 16.492 ms
 Execution Time: 858.073 ms
(16 rows)

SET
SET
SET
                                                                                                                                                                                                                                                                                                                                                                                                                                                                                                                  QUERY PLAN                                                                                                                                                                                                                                                                                                                                                                                                                                                                                                                  
----------------------------------------------------------------------------------------------------------------------------------------------------------------------------------------------------------------------------------------------------------------------------------------------------------------------------------------------------------------------------------------------------------------------------------------------------------------------------------------------------------------------------------------------------------------------------------------------------------------------------------------------------------------------------------------------------------------------------------------------------------------------------------------------------------------------------------------------------------------------------------------------------------------------------------------------------------------------------------------------------------------------------------------------
 Limit  (cost=18488.66..18488.67 rows=1 width=32) (actual time=28.933..32.746 rows=1 loops=1)
   ->  Finalize Aggregate  (cost=18488.66..18488.67 rows=1 width=32) (actual time=28.932..32.744 rows=1 loops=1)
         ->  Gather  (cost=18488.44..18488.65 rows=2 width=32) (actual time=28.807..32.735 rows=3 loops=1)
               Workers Planned: 2
               Workers Launched: 2
               ->  Partial Aggregate  (cost=17488.44..17488.45 rows=1 width=32) (actual time=26.445..26.446 rows=1 loops=3)
                     ->  Nested Loop  (cost=0.43..17488.08 rows=47 width=12) (actual time=0.201..26.403 rows=37 loops=3)
                           ->  Parallel Seq Scan on part  (cost=0.00..7640.67 rows=199 width=30) (actual time=0.103..17.204 rows=169 loops=3)
                                 Filter: ((p_size >= 1) AND (((p_brand = 'Brand#24'::bpchar) AND (p_container = ANY ('{"SM CASE","SM BOX","SM PACK","SM PKG"}'::bpchar[])) AND (p_size <= 5)) OR ((p_brand = 'Brand#43'::bpchar) AND (p_container = ANY ('{"MED BAG","MED BOX","MED PKG","MED PACK"}'::bpchar[])) AND (p_size <= 10)) OR ((p_brand = 'Brand#44'::bpchar) AND (p_container = ANY ('{"LG CASE","LG BOX","LG PACK","LG PKG"}'::bpchar[])) AND (p_size <= 15))))
                                 Rows Removed by Filter: 66498
                           ->  Index Scan using idx_lineitem_part_supp on lineitem  (cost=0.43..49.47 rows=1 width=21) (actual time=0.048..0.054 rows=0 loops=507)
                                 Index Cond: (l_partkey = part.p_partkey)
                                 Filter: ((l_shipmode = ANY ('{AIR,"AIR REG"}'::bpchar[])) AND (l_shipinstruct = 'DELIVER IN PERSON'::bpchar) AND (((l_quantity >= '10'::numeric) AND (l_quantity <= '20'::numeric)) OR ((l_quantity >= '10'::numeric) AND (l_quantity <= '20'::numeric)) OR ((l_quantity >= '20'::numeric) AND (l_quantity <= '30'::numeric))) AND (((part.p_brand = 'Brand#24'::bpchar) AND (part.p_container = ANY ('{"SM CASE","SM BOX","SM PACK","SM PKG"}'::bpchar[])) AND (l_quantity >= '10'::numeric) AND (l_quantity <= '20'::numeric) AND (part.p_size <= 5)) OR ((part.p_brand = 'Brand#43'::bpchar) AND (part.p_container = ANY ('{"MED BAG","MED BOX","MED PKG","MED PACK"}'::bpchar[])) AND (l_quantity >= '10'::numeric) AND (l_quantity <= '20'::numeric) AND (part.p_size <= 10)) OR ((part.p_brand = 'Brand#44'::bpchar) AND (part.p_container = ANY ('{"LG CASE","LG BOX","LG PACK","LG PKG"}'::bpchar[])) AND (l_quantity >= '20'::numeric) AND (l_quantity <= '30'::numeric) AND (part.p_size <= 15))))
                                 Rows Removed by Filter: 30
 Planning Time: 0.996 ms
 Execution Time: 32.999 ms
(16 rows)

query 20 run 1
SET
SET
SET
                                                                                        QUERY PLAN                                                                                        
------------------------------------------------------------------------------------------------------------------------------------------------------------------------------------------
 Limit  (cost=215046.87..215046.88 rows=1 width=51) (actual time=3958.983..3959.061 rows=1 loops=1)
   ->  Sort  (cost=215046.87..215046.88 rows=1 width=51) (actual time=3958.981..3959.059 rows=1 loops=1)
         Sort Key: supplier.s_name
         Sort Method: top-N heapsort  Memory: 25kB
         ->  Nested Loop Semi Join  (cost=185393.71..215046.86 rows=1 width=51) (actual time=3790.693..3958.828 rows=196 loops=1)
               Join Filter: (supplier.s_suppkey = lineitem.l_suppkey)
               Rows Removed by Join Filter: 1891765
               ->  Nested Loop  (cost=0.00..449.31 rows=400 width=55) (actual time=0.539..3.866 rows=438 loops=1)
                     Join Filter: (supplier.s_nationkey = nation.n_nationkey)
                     Rows Removed by Join Filter: 9562
                     ->  Seq Scan on nation  (cost=0.00..1.31 rows=1 width=4) (actual time=0.218..0.220 rows=1 loops=1)
                           Filter: (n_name = 'IRAQ'::bpchar)
                           Rows Removed by Filter: 24
                     ->  Seq Scan on supplier  (cost=0.00..323.00 rows=10000 width=59) (actual time=0.314..2.867 rows=10000 loops=1)
               ->  Materialize  (cost=185393.71..214591.55 rows=1 width=8) (actual time=6.333..8.796 rows=4320 loops=438)
                     ->  Nested Loop  (cost=185393.71..214591.55 rows=1 width=8) (actual time=2773.819..3784.957 rows=5898 loops=1)
                           ->  Hash Join  (cost=185393.28..207627.69 rows=4886 width=44) (actual time=2773.310..3337.824 rows=5914 loops=1)
                                 Hash Cond: (lineitem.l_partkey = part.p_partkey)
                                 ->  HashAggregate  (cost=179025.37..195151.70 rows=483806 width=40) (actual time=2739.402..3259.335 rows=544869 loops=1)
                                       Group Key: lineitem.l_partkey, lineitem.l_suppkey
                                       Planned Partitions: 4  Batches: 5  Memory Usage: 65585kB  Disk Usage: 27456kB
                                       ->  Bitmap Heap Scan on lineitem  (cost=14562.59..140745.73 rows=908210 width=13) (actual time=130.385..2109.513 rows=913487 loops=1)
                                             Recheck Cond: ((l_shipdate >= '1996-01-01'::date) AND (l_shipdate < '1997-01-01'::date))
                                             Heap Blocks: exact=104951
                                             ->  Bitmap Index Scan on idx_lineitem_shipdate  (cost=0.00..14335.53 rows=908210 width=0) (actual time=111.365..111.365 rows=913487 loops=1)
                                                   Index Cond: ((l_shipdate >= '1996-01-01'::date) AND (l_shipdate < '1997-01-01'::date))
                                 ->  Hash  (cost=6342.67..6342.67 rows=2020 width=4) (actual time=33.885..33.960 rows=2187 loops=1)
                                       Buckets: 4096 (originally 2048)  Batches: 1 (originally 1)  Memory Usage: 109kB
                                       ->  Gather  (cost=1000.00..6342.67 rows=2020 width=4) (actual time=0.687..33.482 rows=2187 loops=1)
                                             Workers Planned: 2
                                             Workers Launched: 2
                                             ->  Parallel Seq Scan on part  (cost=0.00..5140.67 rows=842 width=4) (actual time=0.157..21.330 rows=729 loops=3)
                                                   Filter: ((p_name)::text ~~ 'olive%'::text)
                                                   Rows Removed by Filter: 65938
                           ->  Index Scan using idx_partsupp_partkey on partsupp  (cost=0.42..1.42 rows=1 width=12) (actual time=0.075..0.075 rows=1 loops=5914)
                                 Index Cond: (ps_partkey = lineitem.l_partkey)
                                 Filter: ((lineitem.l_suppkey = ps_suppkey) AND ((ps_availqty)::numeric > ((0.5 * sum(lineitem.l_quantity)))))
                                 Rows Removed by Filter: 2
 Planning Time: 19.373 ms
 Execution Time: 3964.084 ms
(40 rows)

SET
SET
SET
                                                                                       QUERY PLAN                                                                                       
----------------------------------------------------------------------------------------------------------------------------------------------------------------------------------------
 Limit  (cost=215046.87..215046.88 rows=1 width=51) (actual time=1445.015..1445.092 rows=1 loops=1)
   ->  Sort  (cost=215046.87..215046.88 rows=1 width=51) (actual time=1445.014..1445.090 rows=1 loops=1)
         Sort Key: supplier.s_name
         Sort Method: top-N heapsort  Memory: 25kB
         ->  Nested Loop Semi Join  (cost=185393.71..215046.86 rows=1 width=51) (actual time=1278.613..1444.904 rows=196 loops=1)
               Join Filter: (supplier.s_suppkey = lineitem.l_suppkey)
               Rows Removed by Join Filter: 1891765
               ->  Nested Loop  (cost=0.00..449.31 rows=400 width=55) (actual time=0.020..1.674 rows=438 loops=1)
                     Join Filter: (supplier.s_nationkey = nation.n_nationkey)
                     Rows Removed by Join Filter: 9562
                     ->  Seq Scan on nation  (cost=0.00..1.31 rows=1 width=4) (actual time=0.012..0.015 rows=1 loops=1)
                           Filter: (n_name = 'IRAQ'::bpchar)
                           Rows Removed by Filter: 24
                     ->  Seq Scan on supplier  (cost=0.00..323.00 rows=10000 width=59) (actual time=0.004..0.599 rows=10000 loops=1)
               ->  Materialize  (cost=185393.71..214591.55 rows=1 width=8) (actual time=1.643..3.063 rows=4320 loops=438)
                     ->  Nested Loop  (cost=185393.71..214591.55 rows=1 width=8) (actual time=719.540..1275.290 rows=5898 loops=1)
                           ->  Hash Join  (cost=185393.28..207627.69 rows=4886 width=44) (actual time=719.521..1253.532 rows=5914 loops=1)
                                 Hash Cond: (lineitem.l_partkey = part.p_partkey)
                                 ->  HashAggregate  (cost=179025.37..195151.70 rows=483806 width=40) (actual time=707.792..1203.171 rows=544869 loops=1)
                                       Group Key: lineitem.l_partkey, lineitem.l_suppkey
                                       Planned Partitions: 4  Batches: 5  Memory Usage: 65585kB  Disk Usage: 27456kB
                                       ->  Bitmap Heap Scan on lineitem  (cost=14562.59..140745.73 rows=908210 width=13) (actual time=92.981..311.698 rows=913487 loops=1)
                                             Recheck Cond: ((l_shipdate >= '1996-01-01'::date) AND (l_shipdate < '1997-01-01'::date))
                                             Heap Blocks: exact=104951
                                             ->  Bitmap Index Scan on idx_lineitem_shipdate  (cost=0.00..14335.53 rows=908210 width=0) (actual time=74.496..74.496 rows=913487 loops=1)
                                                   Index Cond: ((l_shipdate >= '1996-01-01'::date) AND (l_shipdate < '1997-01-01'::date))
                                 ->  Hash  (cost=6342.67..6342.67 rows=2020 width=4) (actual time=11.709..11.783 rows=2187 loops=1)
                                       Buckets: 4096 (originally 2048)  Batches: 1 (originally 1)  Memory Usage: 109kB
                                       ->  Gather  (cost=1000.00..6342.67 rows=2020 width=4) (actual time=0.354..11.452 rows=2187 loops=1)
                                             Workers Planned: 2
                                             Workers Launched: 2
                                             ->  Parallel Seq Scan on part  (cost=0.00..5140.67 rows=842 width=4) (actual time=0.021..8.830 rows=729 loops=3)
                                                   Filter: ((p_name)::text ~~ 'olive%'::text)
                                                   Rows Removed by Filter: 65938
                           ->  Index Scan using idx_partsupp_partkey on partsupp  (cost=0.42..1.42 rows=1 width=12) (actual time=0.003..0.003 rows=1 loops=5914)
                                 Index Cond: (ps_partkey = lineitem.l_partkey)
                                 Filter: ((lineitem.l_suppkey = ps_suppkey) AND ((ps_availqty)::numeric > ((0.5 * sum(lineitem.l_quantity)))))
                                 Rows Removed by Filter: 2
 Planning Time: 1.694 ms
 Execution Time: 1449.681 ms
(40 rows)

query 21 run 1
SET
SET
SET
                                                                                              QUERY PLAN                                                                                              
------------------------------------------------------------------------------------------------------------------------------------------------------------------------------------------------------
 Limit  (cost=194057.77..194057.77 rows=1 width=34) (actual time=1446.482..1446.597 rows=100 loops=1)
   ->  Sort  (cost=194057.77..194057.77 rows=1 width=34) (actual time=1446.481..1446.590 rows=100 loops=1)
         Sort Key: (count(*)) DESC, supplier.s_name
         Sort Method: top-N heapsort  Memory: 37kB
         ->  GroupAggregate  (cost=194057.74..194057.76 rows=1 width=34) (actual time=1445.422..1446.180 rows=421 loops=1)
               Group Key: supplier.s_name
               ->  Sort  (cost=194057.74..194057.74 rows=1 width=26) (actual time=1445.413..1445.682 rows=4227 loops=1)
                     Sort Key: supplier.s_name
                     Sort Method: quicksort  Memory: 490kB
                     ->  Nested Loop Semi Join  (cost=1235.37..194057.73 rows=1 width=26) (actual time=11.661..1431.092 rows=4227 loops=1)
                           Join Filter: (l2.l_suppkey <> l1.l_suppkey)
                           Rows Removed by Join Filter: 4309
                           ->  Nested Loop  (cost=1234.94..194054.33 rows=1 width=38) (actual time=10.993..1346.610 rows=6909 loops=1)
                                 ->  Gather  (cost=1234.51..194051.02 rows=1 width=34) (actual time=9.223..36.356 rows=14289 loops=1)
                                       Workers Planned: 4
                                       Workers Launched: 4
                                       ->  Nested Loop Anti Join  (cost=234.51..193050.92 rows=1 width=34) (actual time=2.622..588.580 rows=2858 loops=5)
                                             ->  Hash Join  (cost=234.08..133621.88 rows=19963 width=34) (actual time=1.869..480.010 rows=31833 loops=5)
                                                   Hash Cond: (l1.l_suppkey = supplier.s_suppkey)
                                                   ->  Parallel Seq Scan on lineitem l1  (cost=0.00..131312.88 rows=500077 width=8) (actual time=0.127..411.668 rows=758659 loops=5)
                                                         Filter: (l_receiptdate > l_commitdate)
                                                         Rows Removed by Filter: 441584
                                                   ->  Hash  (cost=229.08..229.08 rows=400 width=30) (actual time=1.660..1.661 rows=421 loops=5)
                                                         Buckets: 1024  Batches: 1  Memory Usage: 35kB
                                                         ->  Nested Loop  (cost=4.88..229.08 rows=400 width=30) (actual time=0.479..1.586 rows=421 loops=5)
                                                               ->  Seq Scan on nation  (cost=0.00..1.31 rows=1 width=4) (actual time=0.262..0.264 rows=1 loops=5)
                                                                     Filter: (n_name = 'PERU'::bpchar)
                                                                     Rows Removed by Filter: 24
                                                               ->  Bitmap Heap Scan on supplier  (cost=4.88..223.76 rows=400 width=34) (actual time=0.213..1.263 rows=421 loops=5)
                                                                     Recheck Cond: (s_nationkey = nation.n_nationkey)
                                                                     Heap Blocks: exact=184
                                                                     ->  Bitmap Index Scan on idx_supplier_nation_key  (cost=0.00..4.79 rows=400 width=0) (actual time=0.131..0.131 rows=421 loops=5)
                                                                           Index Cond: (s_nationkey = nation.n_nationkey)
                                             ->  Index Scan using idx_lineitem_orderkey on lineitem l3  (cost=0.43..3.39 rows=1 width=8) (actual time=0.003..0.003 rows=1 loops=159165)
                                                   Index Cond: (l_orderkey = l1.l_orderkey)
                                                   Filter: ((l_receiptdate > l_commitdate) AND (l_suppkey <> l1.l_suppkey))
                                                   Rows Removed by Filter: 1
                                 ->  Index Scan using orders_pkey on orders  (cost=0.43..3.31 rows=1 width=4) (actual time=0.091..0.091 rows=0 loops=14289)
                                       Index Cond: (o_orderkey = l1.l_orderkey)
                                       Filter: (o_orderstatus = 'F'::bpchar)
                                       Rows Removed by Filter: 1
                           ->  Index Scan using idx_lineitem_orderkey on lineitem l2  (cost=0.43..3.37 rows=4 width=8) (actual time=0.011..0.011 rows=1 loops=6909)
                                 Index Cond: (l_orderkey = orders.o_orderkey)
 Planning Time: 17.472 ms
 Execution Time: 1447.350 ms
(45 rows)

SET
SET
SET
                                                                                              QUERY PLAN                                                                                              
------------------------------------------------------------------------------------------------------------------------------------------------------------------------------------------------------
 Limit  (cost=194057.77..194057.77 rows=1 width=34) (actual time=486.994..487.093 rows=100 loops=1)
   ->  Sort  (cost=194057.77..194057.77 rows=1 width=34) (actual time=486.992..487.085 rows=100 loops=1)
         Sort Key: (count(*)) DESC, supplier.s_name
         Sort Method: top-N heapsort  Memory: 37kB
         ->  GroupAggregate  (cost=194057.74..194057.76 rows=1 width=34) (actual time=485.935..486.675 rows=421 loops=1)
               Group Key: supplier.s_name
               ->  Sort  (cost=194057.74..194057.74 rows=1 width=26) (actual time=485.927..486.180 rows=4227 loops=1)
                     Sort Key: supplier.s_name
                     Sort Method: quicksort  Memory: 490kB
                     ->  Nested Loop Semi Join  (cost=1235.37..194057.73 rows=1 width=26) (actual time=1.306..472.974 rows=4227 loops=1)
                           Join Filter: (l2.l_suppkey <> l1.l_suppkey)
                           Rows Removed by Join Filter: 4309
                           ->  Nested Loop  (cost=1234.94..194054.33 rows=1 width=38) (actual time=1.301..451.130 rows=6909 loops=1)
                                 ->  Gather  (cost=1234.51..194051.02 rows=1 width=34) (actual time=1.170..392.549 rows=14289 loops=1)
                                       Workers Planned: 4
                                       Workers Launched: 4
                                       ->  Nested Loop Anti Join  (cost=234.51..193050.92 rows=1 width=34) (actual time=0.670..446.598 rows=2858 loops=5)
                                             ->  Hash Join  (cost=234.08..133621.88 rows=19963 width=34) (actual time=0.512..355.065 rows=31833 loops=5)
                                                   Hash Cond: (l1.l_suppkey = supplier.s_suppkey)
                                                   ->  Parallel Seq Scan on lineitem l1  (cost=0.00..131312.88 rows=500077 width=8) (actual time=0.030..277.545 rows=758659 loops=5)
                                                         Filter: (l_receiptdate > l_commitdate)
                                                         Rows Removed by Filter: 441584
                                                   ->  Hash  (cost=229.08..229.08 rows=400 width=30) (actual time=0.416..0.417 rows=421 loops=5)
                                                         Buckets: 1024  Batches: 1  Memory Usage: 35kB
                                                         ->  Nested Loop  (cost=4.88..229.08 rows=400 width=30) (actual time=0.051..0.354 rows=421 loops=5)
                                                               ->  Seq Scan on nation  (cost=0.00..1.31 rows=1 width=4) (actual time=0.009..0.011 rows=1 loops=5)
                                                                     Filter: (n_name = 'PERU'::bpchar)
                                                                     Rows Removed by Filter: 24
                                                               ->  Bitmap Heap Scan on supplier  (cost=4.88..223.76 rows=400 width=34) (actual time=0.040..0.297 rows=421 loops=5)
                                                                     Recheck Cond: (s_nationkey = nation.n_nationkey)
                                                                     Heap Blocks: exact=184
                                                                     ->  Bitmap Index Scan on idx_supplier_nation_key  (cost=0.00..4.79 rows=400 width=0) (actual time=0.020..0.020 rows=421 loops=5)
                                                                           Index Cond: (s_nationkey = nation.n_nationkey)
                                             ->  Index Scan using idx_lineitem_orderkey on lineitem l3  (cost=0.43..3.39 rows=1 width=8) (actual time=0.002..0.002 rows=1 loops=159165)
                                                   Index Cond: (l_orderkey = l1.l_orderkey)
                                                   Filter: ((l_receiptdate > l_commitdate) AND (l_suppkey <> l1.l_suppkey))
                                                   Rows Removed by Filter: 1
                                 ->  Index Scan using orders_pkey on orders  (cost=0.43..3.31 rows=1 width=4) (actual time=0.004..0.004 rows=0 loops=14289)
                                       Index Cond: (o_orderkey = l1.l_orderkey)
                                       Filter: (o_orderstatus = 'F'::bpchar)
                                       Rows Removed by Filter: 1
                           ->  Index Scan using idx_lineitem_orderkey on lineitem l2  (cost=0.43..3.37 rows=4 width=8) (actual time=0.003..0.003 rows=1 loops=6909)
                                 Index Cond: (l_orderkey = orders.o_orderkey)
 Planning Time: 2.741 ms
 Execution Time: 487.189 ms
(45 rows)

query 22 run 1
SET
SET
SET
                                                                        QUERY PLAN                                                                         
-----------------------------------------------------------------------------------------------------------------------------------------------------------
 Limit  (cost=12515.55..12517.16 rows=1 width=72) (actual time=177.077..179.308 rows=1 loops=1)
   InitPlan 1 (returns $1)
     ->  Finalize Aggregate  (cost=6242.80..6242.81 rows=1 width=32) (actual time=44.908..44.994 rows=1 loops=1)
           ->  Gather  (cost=6242.58..6242.79 rows=2 width=32) (actual time=44.757..44.982 rows=3 loops=1)
                 Workers Planned: 2
                 Workers Launched: 2
                 ->  Partial Aggregate  (cost=5242.58..5242.59 rows=1 width=32) (actual time=39.615..39.616 rows=1 loops=3)
                       ->  Parallel Seq Scan on customer customer_1  (cost=0.00..5237.62 rows=1982 width=6) (actual time=0.138..38.319 rows=12672 loops=3)
                             Filter: ((c_acctbal > 0.00) AND (SUBSTRING(c_phone FROM 1 FOR 2) = ANY ('{21,29,26,34,14,15,17}'::text[])))
                             Rows Removed by Filter: 37328
   ->  GroupAggregate  (cost=6272.74..7458.71 rows=739 width=72) (actual time=177.076..179.220 rows=1 loops=1)
         Group Key: SUBSTRING(customer.c_phone FROM 1 FOR 2)
         ->  Nested Loop Anti Join  (cost=6272.74..7440.23 rows=739 width=38) (actual time=70.418..178.672 rows=952 loops=1)
               ->  Gather Merge  (cost=6272.31..6476.13 rows=1750 width=26) (actual time=69.918..73.730 rows=2734 loops=1)
                     Workers Planned: 2
                     Params Evaluated: $1
                     Workers Launched: 2
                     ->  Sort  (cost=5272.29..5274.11 rows=729 width=26) (actual time=22.525..22.682 rows=1608 loops=3)
                           Sort Key: (SUBSTRING(customer.c_phone FROM 1 FOR 2))
                           Sort Method: quicksort  Memory: 694kB
                           Worker 0:  Sort Method: quicksort  Memory: 608kB
                           Worker 1:  Sort Method: quicksort  Memory: 617kB
                           ->  Parallel Seq Scan on customer  (cost=0.00..5237.62 rows=729 width=26) (actual time=0.023..20.498 rows=6359 loops=3)
                                 Filter: ((c_acctbal > $1) AND (SUBSTRING(c_phone FROM 1 FOR 2) = ANY ('{21,29,26,34,14,15,17}'::text[])))
                                 Rows Removed by Filter: 43641
               ->  Index Only Scan using idx_orders_custkey on orders  (cost=0.43..1.68 rows=17 width=4) (actual time=0.038..0.038 rows=1 loops=2734)
                     Index Cond: (o_custkey = customer.c_custkey)
                     Heap Fetches: 0
 Planning Time: 14.919 ms
 Execution Time: 179.378 ms
(30 rows)

SET
SET
SET
                                                                        QUERY PLAN                                                                         
-----------------------------------------------------------------------------------------------------------------------------------------------------------
 Limit  (cost=12515.55..12517.16 rows=1 width=72) (actual time=59.864..61.417 rows=1 loops=1)
   InitPlan 1 (returns $1)
     ->  Finalize Aggregate  (cost=6242.80..6242.81 rows=1 width=32) (actual time=29.077..29.156 rows=1 loops=1)
           ->  Gather  (cost=6242.58..6242.79 rows=2 width=32) (actual time=28.973..29.145 rows=3 loops=1)
                 Workers Planned: 2
                 Workers Launched: 2
                 ->  Partial Aggregate  (cost=5242.58..5242.59 rows=1 width=32) (actual time=26.868..26.868 rows=1 loops=3)
                       ->  Parallel Seq Scan on customer customer_1  (cost=0.00..5237.62 rows=1982 width=6) (actual time=0.018..25.693 rows=12672 loops=3)
                             Filter: ((c_acctbal > 0.00) AND (SUBSTRING(c_phone FROM 1 FOR 2) = ANY ('{21,29,26,34,14,15,17}'::text[])))
                             Rows Removed by Filter: 37328
   ->  GroupAggregate  (cost=6272.74..7458.71 rows=739 width=72) (actual time=59.863..61.336 rows=1 loops=1)
         Group Key: SUBSTRING(customer.c_phone FROM 1 FOR 2)
         ->  Nested Loop Anti Join  (cost=6272.74..7440.23 rows=739 width=38) (actual time=53.687..61.110 rows=952 loops=1)
               ->  Gather Merge  (cost=6272.31..6476.13 rows=1750 width=26) (actual time=53.647..55.838 rows=2735 loops=1)
                     Workers Planned: 2
                     Params Evaluated: $1
                     Workers Launched: 2
                     ->  Sort  (cost=5272.29..5274.11 rows=729 width=26) (actual time=22.016..22.091 rows=1523 loops=3)
                           Sort Key: (SUBSTRING(customer.c_phone FROM 1 FOR 2))
                           Sort Method: quicksort  Memory: 708kB
                           Worker 0:  Sort Method: quicksort  Memory: 599kB
                           Worker 1:  Sort Method: quicksort  Memory: 611kB
                           ->  Parallel Seq Scan on customer  (cost=0.00..5237.62 rows=729 width=26) (actual time=0.022..20.032 rows=6359 loops=3)
                                 Filter: ((c_acctbal > $1) AND (SUBSTRING(c_phone FROM 1 FOR 2) = ANY ('{21,29,26,34,14,15,17}'::text[])))
                                 Rows Removed by Filter: 43641
               ->  Index Only Scan using idx_orders_custkey on orders  (cost=0.43..1.68 rows=17 width=4) (actual time=0.002..0.002 rows=1 loops=2735)
                     Index Cond: (o_custkey = customer.c_custkey)
                     Heap Fetches: 0
 Planning Time: 1.109 ms
 Execution Time: 61.473 ms
(30 rows)

