query 1 run 1
SET
SET
SET
                                                                 QUERY PLAN                                                                  
---------------------------------------------------------------------------------------------------------------------------------------------
 Limit  (cost=4245499.46..4245499.46 rows=1 width=236) (actual time=71444.549..71444.550 rows=1 loops=1)
   ->  Sort  (cost=4245499.46..4245499.47 rows=6 width=236) (actual time=71444.548..71444.549 rows=1 loops=1)
         Sort Key: l_returnflag, l_linestatus
         Sort Method: top-N heapsort  Memory: 25kB
         ->  HashAggregate  (cost=4245499.26..4245499.42 rows=6 width=236) (actual time=71444.522..71444.530 rows=4 loops=1)
               Group Key: l_returnflag, l_linestatus
               ->  Seq Scan on lineitem  (cost=0.00..1874818.30 rows=59267024 width=25) (actual time=0.361..11398.720 rows=59284448 loops=1)
                     Filter: (l_shipdate <= '1998-09-10 00:00:00'::timestamp without time zone)
                     Rows Removed by Filter: 701604
 Planning time: 12.477 ms
 Execution time: 71445.281 ms
(11 rows)

SET
SET
SET
                                                                 QUERY PLAN                                                                 
--------------------------------------------------------------------------------------------------------------------------------------------
 Limit  (cost=4245499.46..4245499.46 rows=1 width=236) (actual time=69101.811..69101.812 rows=1 loops=1)
   ->  Sort  (cost=4245499.46..4245499.47 rows=6 width=236) (actual time=69101.810..69101.811 rows=1 loops=1)
         Sort Key: l_returnflag, l_linestatus
         Sort Method: top-N heapsort  Memory: 25kB
         ->  HashAggregate  (cost=4245499.26..4245499.42 rows=6 width=236) (actual time=69101.785..69101.793 rows=4 loops=1)
               Group Key: l_returnflag, l_linestatus
               ->  Seq Scan on lineitem  (cost=0.00..1874818.30 rows=59267024 width=25) (actual time=0.022..9598.360 rows=59284448 loops=1)
                     Filter: (l_shipdate <= '1998-09-10 00:00:00'::timestamp without time zone)
                     Rows Removed by Filter: 701604
 Planning time: 0.447 ms
 Execution time: 69101.863 ms
(11 rows)

query 2 run 1
SET
SET
SET
                                                                                        QUERY PLAN                                                                                         
-------------------------------------------------------------------------------------------------------------------------------------------------------------------------------------------
 Limit  (cost=1069353.30..1069353.31 rows=1 width=193) (actual time=5731.971..5731.986 rows=100 loops=1)
   ->  Sort  (cost=1069353.30..1069353.31 rows=1 width=193) (actual time=5731.970..5731.979 rows=100 loops=1)
         Sort Key: supplier.s_acctbal DESC, nation.n_name, supplier.s_name, part.p_partkey
         Sort Method: top-N heapsort  Memory: 71kB
         ->  Merge Join  (cost=557976.82..1069353.29 rows=1 width=193) (actual time=3701.670..5728.660 rows=4737 loops=1)
               Merge Cond: (part.p_partkey = partsupp.ps_partkey)
               Join Filter: (partsupp.ps_supplycost = (SubPlan 1))
               Rows Removed by Join Filter: 1661
               ->  Index Scan using part_pkey on part  (cost=0.43..89212.09 rows=7366 width=30) (actual time=0.013..777.320 rows=8046 loops=1)
                     Filter: (((p_type)::text ~~ '%NICKEL'::text) AND (p_size = 16))
                     Rows Removed by Filter: 1991954
               ->  Materialize  (cost=557976.39..565975.08 rows=1599738 width=173) (actual time=3700.869..4091.301 rows=1603828 loops=1)
                     ->  Sort  (cost=557976.39..561975.73 rows=1599738 width=173) (actual time=3700.867..3950.735 rows=1603828 loops=1)
                           Sort Key: partsupp.ps_partkey
                           Sort Method: external sort  Disk: 293440kB
                           ->  Hash Join  (cost=4048.51..305249.90 rows=1599738 width=173) (actual time=42.388..2497.497 rows=1604080 loops=1)
                                 Hash Cond: (partsupp.ps_suppkey = supplier.s_suppkey)
                                 ->  Seq Scan on partsupp  (cost=0.00..255208.92 rows=7998692 width=14) (actual time=0.011..1099.399 rows=8000000 loops=1)
                                 ->  Hash  (cost=3798.51..3798.51 rows=20000 width=167) (actual time=42.147..42.149 rows=20051 loops=1)
                                       Buckets: 32768  Batches: 1  Memory Usage: 4211kB
                                       ->  Hash Join  (cost=2.51..3798.51 rows=20000 width=167) (actual time=0.020..36.977 rows=20051 loops=1)
                                             Hash Cond: (supplier.s_nationkey = nation.n_nationkey)
                                             ->  Seq Scan on supplier  (cost=0.00..3221.00 rows=100000 width=145) (actual time=0.003..25.174 rows=100000 loops=1)
                                             ->  Hash  (cost=2.45..2.45 rows=5 width=30) (actual time=0.014..0.015 rows=5 loops=1)
                                                   Buckets: 1024  Batches: 1  Memory Usage: 9kB
                                                   ->  Hash Join  (cost=1.07..2.45 rows=5 width=30) (actual time=0.009..0.014 rows=5 loops=1)
                                                         Hash Cond: (nation.n_regionkey = region.r_regionkey)
                                                         ->  Seq Scan on nation  (cost=0.00..1.25 rows=25 width=34) (actual time=0.002..0.003 rows=25 loops=1)
                                                         ->  Hash  (cost=1.06..1.06 rows=1 width=4) (actual time=0.005..0.005 rows=1 loops=1)
                                                               Buckets: 1024  Batches: 1  Memory Usage: 9kB
                                                               ->  Seq Scan on region  (cost=0.00..1.06 rows=1 width=4) (actual time=0.003..0.004 rows=1 loops=1)
                                                                     Filter: (r_name = 'AMERICA'::bpchar)
                                                                     Rows Removed by Filter: 4
               SubPlan 1
                 ->  Aggregate  (cost=69.59..69.60 rows=1 width=32) (actual time=0.105..0.105 rows=1 loops=6398)
                       ->  Nested Loop  (cost=2.29..69.58 rows=4 width=6) (actual time=0.094..0.103 rows=2 loops=6398)
                             Join Filter: (nation_1.n_regionkey = region_1.r_regionkey)
                             Rows Removed by Join Filter: 2
                             ->  Seq Scan on region region_1  (cost=0.00..1.06 rows=1 width=4) (actual time=0.001..0.002 rows=1 loops=6398)
                                   Filter: (r_name = 'AMERICA'::bpchar)
                                   Rows Removed by Filter: 4
                             ->  Hash Join  (cost=2.29..68.28 rows=19 width=10) (actual time=0.088..0.100 rows=4 loops=6398)
                                   Hash Cond: (supplier_1.s_nationkey = nation_1.n_nationkey)
                                   ->  Nested Loop  (cost=0.72..66.66 rows=19 width=10) (actual time=0.087..0.099 rows=4 loops=6398)
                                         ->  Index Scan using idx_partsupp_partkey on partsupp partsupp_1  (cost=0.43..3.77 rows=19 width=10) (actual time=0.083..0.084 rows=4 loops=6398)
                                               Index Cond: (part.p_partkey = ps_partkey)
                                         ->  Index Scan using supplier_pkey on supplier supplier_1  (cost=0.29..3.31 rows=1 width=8) (actual time=0.003..0.003 rows=1 loops=25592)
                                               Index Cond: (s_suppkey = partsupp_1.ps_suppkey)
                                   ->  Hash  (cost=1.25..1.25 rows=25 width=8) (actual time=0.010..0.011 rows=25 loops=1)
                                         Buckets: 1024  Batches: 1  Memory Usage: 9kB
                                         ->  Seq Scan on nation nation_1  (cost=0.00..1.25 rows=25 width=8) (actual time=0.003..0.006 rows=25 loops=1)
 Planning time: 20.857 ms
 Execution time: 5769.943 ms
(53 rows)

SET
SET
SET
                                                                                        QUERY PLAN                                                                                         
-------------------------------------------------------------------------------------------------------------------------------------------------------------------------------------------
 Limit  (cost=1069353.30..1069353.31 rows=1 width=193) (actual time=4409.044..4409.059 rows=100 loops=1)
   ->  Sort  (cost=1069353.30..1069353.31 rows=1 width=193) (actual time=4409.043..4409.052 rows=100 loops=1)
         Sort Key: supplier.s_acctbal DESC, nation.n_name, supplier.s_name, part.p_partkey
         Sort Method: top-N heapsort  Memory: 71kB
         ->  Merge Join  (cost=557976.82..1069353.29 rows=1 width=193) (actual time=3261.730..4406.786 rows=4737 loops=1)
               Merge Cond: (part.p_partkey = partsupp.ps_partkey)
               Join Filter: (partsupp.ps_supplycost = (SubPlan 1))
               Rows Removed by Join Filter: 1661
               ->  Index Scan using part_pkey on part  (cost=0.43..89212.09 rows=7366 width=30) (actual time=0.014..487.415 rows=8046 loops=1)
                     Filter: (((p_type)::text ~~ '%NICKEL'::text) AND (p_size = 16))
                     Rows Removed by Filter: 1991954
               ->  Materialize  (cost=557976.39..565975.08 rows=1599738 width=173) (actual time=3261.626..3636.545 rows=1603828 loops=1)
                     ->  Sort  (cost=557976.39..561975.73 rows=1599738 width=173) (actual time=3261.624..3499.537 rows=1603828 loops=1)
                           Sort Key: partsupp.ps_partkey
                           Sort Method: external sort  Disk: 293440kB
                           ->  Hash Join  (cost=4048.51..305249.90 rows=1599738 width=173) (actual time=24.950..2090.065 rows=1604080 loops=1)
                                 Hash Cond: (partsupp.ps_suppkey = supplier.s_suppkey)
                                 ->  Seq Scan on partsupp  (cost=0.00..255208.92 rows=7998692 width=14) (actual time=0.011..805.491 rows=8000000 loops=1)
                                 ->  Hash  (cost=3798.51..3798.51 rows=20000 width=167) (actual time=24.701..24.702 rows=20051 loops=1)
                                       Buckets: 32768  Batches: 1  Memory Usage: 4211kB
                                       ->  Hash Join  (cost=2.51..3798.51 rows=20000 width=167) (actual time=0.021..20.113 rows=20051 loops=1)
                                             Hash Cond: (supplier.s_nationkey = nation.n_nationkey)
                                             ->  Seq Scan on supplier  (cost=0.00..3221.00 rows=100000 width=145) (actual time=0.003..5.635 rows=100000 loops=1)
                                             ->  Hash  (cost=2.45..2.45 rows=5 width=30) (actual time=0.014..0.015 rows=5 loops=1)
                                                   Buckets: 1024  Batches: 1  Memory Usage: 9kB
                                                   ->  Hash Join  (cost=1.07..2.45 rows=5 width=30) (actual time=0.009..0.014 rows=5 loops=1)
                                                         Hash Cond: (nation.n_regionkey = region.r_regionkey)
                                                         ->  Seq Scan on nation  (cost=0.00..1.25 rows=25 width=34) (actual time=0.001..0.003 rows=25 loops=1)
                                                         ->  Hash  (cost=1.06..1.06 rows=1 width=4) (actual time=0.005..0.005 rows=1 loops=1)
                                                               Buckets: 1024  Batches: 1  Memory Usage: 9kB
                                                               ->  Seq Scan on region  (cost=0.00..1.06 rows=1 width=4) (actual time=0.003..0.004 rows=1 loops=1)
                                                                     Filter: (r_name = 'AMERICA'::bpchar)
                                                                     Rows Removed by Filter: 4
               SubPlan 1
                 ->  Aggregate  (cost=69.59..69.60 rows=1 width=32) (actual time=0.016..0.016 rows=1 loops=6398)
                       ->  Nested Loop  (cost=2.29..69.58 rows=4 width=6) (actual time=0.009..0.014 rows=2 loops=6398)
                             Join Filter: (nation_1.n_regionkey = region_1.r_regionkey)
                             Rows Removed by Join Filter: 2
                             ->  Seq Scan on region region_1  (cost=0.00..1.06 rows=1 width=4) (actual time=0.001..0.001 rows=1 loops=6398)
                                   Filter: (r_name = 'AMERICA'::bpchar)
                                   Rows Removed by Filter: 4
                             ->  Hash Join  (cost=2.29..68.28 rows=19 width=10) (actual time=0.005..0.012 rows=4 loops=6398)
                                   Hash Cond: (supplier_1.s_nationkey = nation_1.n_nationkey)
                                   ->  Nested Loop  (cost=0.72..66.66 rows=19 width=10) (actual time=0.004..0.011 rows=4 loops=6398)
                                         ->  Index Scan using idx_partsupp_partkey on partsupp partsupp_1  (cost=0.43..3.77 rows=19 width=10) (actual time=0.002..0.003 rows=4 loops=6398)
                                               Index Cond: (part.p_partkey = ps_partkey)
                                         ->  Index Scan using supplier_pkey on supplier supplier_1  (cost=0.29..3.31 rows=1 width=8) (actual time=0.002..0.002 rows=1 loops=25592)
                                               Index Cond: (s_suppkey = partsupp_1.ps_suppkey)
                                   ->  Hash  (cost=1.25..1.25 rows=25 width=8) (actual time=0.011..0.011 rows=25 loops=1)
                                         Buckets: 1024  Batches: 1  Memory Usage: 9kB
                                         ->  Seq Scan on nation nation_1  (cost=0.00..1.25 rows=25 width=8) (actual time=0.003..0.007 rows=25 loops=1)
 Planning time: 1.681 ms
 Execution time: 4445.772 ms
(53 rows)

query 3 run 1
SET
SET
SET
                                                                                        QUERY PLAN                                                                                         
-------------------------------------------------------------------------------------------------------------------------------------------------------------------------------------------
 Limit  (cost=3438675.37..3438675.40 rows=10 width=44) (actual time=25604.753..25604.757 rows=10 loops=1)
   ->  Sort  (cost=3438675.37..3446534.05 rows=3143470 width=44) (actual time=25604.753..25604.755 rows=10 loops=1)
         Sort Key: (sum((lineitem.l_extendedprice * ('1'::numeric - lineitem.l_discount)))) DESC, orders.o_orderdate
         Sort Method: top-N heapsort  Memory: 26kB
         ->  GroupAggregate  (cost=3276442.02..3370746.12 rows=3143470 width=44) (actual time=25423.680..25586.300 rows=113934 loops=1)
               Group Key: lineitem.l_orderkey, orders.o_orderdate, orders.o_shippriority
               ->  Sort  (cost=3276442.02..3284300.69 rows=3143470 width=24) (actual time=25423.666..25436.129 rows=301530 loops=1)
                     Sort Key: lineitem.l_orderkey, orders.o_orderdate, orders.o_shippriority
                     Sort Method: quicksort  Memory: 31119kB
                     ->  Hash Join  (cost=542539.25..2895757.14 rows=3143470 width=24) (actual time=7382.851..25334.593 rows=301530 loops=1)
                           Hash Cond: (lineitem.l_orderkey = orders.o_orderkey)
                           ->  Seq Scan on lineitem  (cost=0.00..1874818.30 rows=32546637 width=16) (actual time=0.015..11623.890 rows=32534229 loops=1)
                                 Filter: (l_shipdate > '1995-03-07'::date)
                                 Rows Removed by Filter: 27451823
                           ->  Hash  (cost=517354.04..517354.04 rows=1448817 width=12) (actual time=7379.918..7379.920 rows=1451805 loops=1)
                                 Buckets: 1048576  Batches: 4  Memory Usage: 23817kB
                                 ->  Hash Join  (cost=145300.68..517354.04 rows=1448817 width=12) (actual time=1246.673..7095.703 rows=1451805 loops=1)
                                       Hash Cond: (orders.o_custkey = customer.c_custkey)
                                       ->  Bitmap Heap Scan on orders  (cost=86892.46..439718.56 rows=7324648 width=16) (actual time=738.803..4978.917 rows=7239437 loops=1)
                                             Recheck Cond: (o_orderdate < '1995-03-07'::date)
                                             Heap Blocks: exact=261268
                                             ->  Bitmap Index Scan on idx_orders_orderdate  (cost=0.00..85061.29 rows=7324648 width=0) (actual time=694.870..694.870 rows=7239437 loops=1)
                                                   Index Cond: (o_orderdate < '1995-03-07'::date)
                                       ->  Hash  (cost=54699.06..54699.06 rows=296733 width=4) (actual time=507.051..507.051 rows=300276 loops=1)
                                             Buckets: 524288  Batches: 1  Memory Usage: 14653kB
                                             ->  Seq Scan on customer  (cost=0.00..54699.06 rows=296733 width=4) (actual time=0.012..456.213 rows=300276 loops=1)
                                                   Filter: (c_mktsegment = 'BUILDING'::bpchar)
                                                   Rows Removed by Filter: 1199724
 Planning time: 19.625 ms
 Execution time: 25605.880 ms
(30 rows)

SET
SET
SET
                                                                                        QUERY PLAN                                                                                         
-------------------------------------------------------------------------------------------------------------------------------------------------------------------------------------------
 Limit  (cost=3438675.37..3438675.40 rows=10 width=44) (actual time=20787.368..20787.372 rows=10 loops=1)
   ->  Sort  (cost=3438675.37..3446534.05 rows=3143470 width=44) (actual time=20787.367..20787.369 rows=10 loops=1)
         Sort Key: (sum((lineitem.l_extendedprice * ('1'::numeric - lineitem.l_discount)))) DESC, orders.o_orderdate
         Sort Method: top-N heapsort  Memory: 26kB
         ->  GroupAggregate  (cost=3276442.02..3370746.12 rows=3143470 width=44) (actual time=20607.538..20768.771 rows=113934 loops=1)
               Group Key: lineitem.l_orderkey, orders.o_orderdate, orders.o_shippriority
               ->  Sort  (cost=3276442.02..3284300.69 rows=3143470 width=24) (actual time=20607.524..20620.014 rows=301530 loops=1)
                     Sort Key: lineitem.l_orderkey, orders.o_orderdate, orders.o_shippriority
                     Sort Method: quicksort  Memory: 31119kB
                     ->  Hash Join  (cost=542539.25..2895757.14 rows=3143470 width=24) (actual time=4578.712..20520.578 rows=301530 loops=1)
                           Hash Cond: (lineitem.l_orderkey = orders.o_orderkey)
                           ->  Seq Scan on lineitem  (cost=0.00..1874818.30 rows=32546637 width=16) (actual time=0.009..9741.115 rows=32534229 loops=1)
                                 Filter: (l_shipdate > '1995-03-07'::date)
                                 Rows Removed by Filter: 27451823
                           ->  Hash  (cost=517354.04..517354.04 rows=1448817 width=12) (actual time=4576.907..4576.908 rows=1451805 loops=1)
                                 Buckets: 1048576  Batches: 4  Memory Usage: 23817kB
                                 ->  Hash Join  (cost=145300.68..517354.04 rows=1448817 width=12) (actual time=1031.781..4338.371 rows=1451805 loops=1)
                                       Hash Cond: (orders.o_custkey = customer.c_custkey)
                                       ->  Bitmap Heap Scan on orders  (cost=86892.46..439718.56 rows=7324648 width=16) (actual time=658.714..2478.366 rows=7239437 loops=1)
                                             Recheck Cond: (o_orderdate < '1995-03-07'::date)
                                             Heap Blocks: exact=261268
                                             ->  Bitmap Index Scan on idx_orders_orderdate  (cost=0.00..85061.29 rows=7324648 width=0) (actual time=614.687..614.687 rows=7239437 loops=1)
                                                   Index Cond: (o_orderdate < '1995-03-07'::date)
                                       ->  Hash  (cost=54699.06..54699.06 rows=296733 width=4) (actual time=372.288..372.288 rows=300276 loops=1)
                                             Buckets: 524288  Batches: 1  Memory Usage: 14653kB
                                             ->  Seq Scan on customer  (cost=0.00..54699.06 rows=296733 width=4) (actual time=0.013..324.811 rows=300276 loops=1)
                                                   Filter: (c_mktsegment = 'BUILDING'::bpchar)
                                                   Rows Removed by Filter: 1199724
 Planning time: 1.530 ms
 Execution time: 20787.761 ms
(30 rows)

query 4 run 1
SET
SET
SET
                                                                             QUERY PLAN                                                                             
--------------------------------------------------------------------------------------------------------------------------------------------------------------------
 Limit  (cost=2084656.08..2084656.09 rows=1 width=24) (actual time=19079.339..19079.341 rows=1 loops=1)
   ->  Sort  (cost=2084656.08..2084656.10 rows=5 width=24) (actual time=19079.338..19079.339 rows=1 loops=1)
         Sort Key: orders.o_orderpriority
         Sort Method: top-N heapsort  Memory: 25kB
         ->  HashAggregate  (cost=2084656.01..2084656.06 rows=5 width=24) (actual time=19079.316..19079.317 rows=5 loops=1)
               Group Key: orders.o_orderpriority
               ->  Nested Loop Semi Join  (cost=8132.72..2081827.01 rows=565800 width=16) (actual time=123.905..18853.955 rows=513822 loops=1)
                     ->  Bitmap Heap Scan on orders  (cost=8132.15..277891.20 rows=566070 width=20) (actual time=123.807..5079.415 rows=560424 loops=1)
                           Recheck Cond: ((o_orderdate >= '1993-12-01'::date) AND (o_orderdate < '1994-03-01'::date))
                           Heap Blocks: exact=231887
                           ->  Bitmap Index Scan on idx_orders_orderdate  (cost=0.00..7990.64 rows=566070 width=0) (actual time=84.867..84.868 rows=560424 loops=1)
                                 Index Cond: ((o_orderdate >= '1993-12-01'::date) AND (o_orderdate < '1994-03-01'::date))
                     ->  Index Scan using idx_lineitem_orderkey on lineitem  (cost=0.56..3.61 rows=1 width=4) (actual time=0.024..0.024 rows=1 loops=560424)
                           Index Cond: (l_orderkey = orders.o_orderkey)
                           Filter: (l_commitdate < l_receiptdate)
                           Rows Removed by Filter: 1
 Planning time: 17.379 ms
 Execution time: 19080.260 ms
(18 rows)

SET
SET
SET
                                                                             QUERY PLAN                                                                             
--------------------------------------------------------------------------------------------------------------------------------------------------------------------
 Limit  (cost=2084656.08..2084656.09 rows=1 width=24) (actual time=4785.790..4785.791 rows=1 loops=1)
   ->  Sort  (cost=2084656.08..2084656.10 rows=5 width=24) (actual time=4785.789..4785.790 rows=1 loops=1)
         Sort Key: orders.o_orderpriority
         Sort Method: top-N heapsort  Memory: 25kB
         ->  HashAggregate  (cost=2084656.01..2084656.06 rows=5 width=24) (actual time=4785.768..4785.770 rows=5 loops=1)
               Group Key: orders.o_orderpriority
               ->  Nested Loop Semi Join  (cost=8132.72..2081827.01 rows=565800 width=16) (actual time=120.488..4621.859 rows=513822 loops=1)
                     ->  Bitmap Heap Scan on orders  (cost=8132.15..277891.20 rows=566070 width=20) (actual time=120.448..1229.256 rows=560424 loops=1)
                           Recheck Cond: ((o_orderdate >= '1993-12-01'::date) AND (o_orderdate < '1994-03-01'::date))
                           Heap Blocks: exact=231887
                           ->  Bitmap Index Scan on idx_orders_orderdate  (cost=0.00..7990.64 rows=566070 width=0) (actual time=81.052..81.052 rows=560424 loops=1)
                                 Index Cond: ((o_orderdate >= '1993-12-01'::date) AND (o_orderdate < '1994-03-01'::date))
                     ->  Index Scan using idx_lineitem_orderkey on lineitem  (cost=0.56..3.61 rows=1 width=4) (actual time=0.006..0.006 rows=1 loops=560424)
                           Index Cond: (l_orderkey = orders.o_orderkey)
                           Filter: (l_commitdate < l_receiptdate)
                           Rows Removed by Filter: 1
 Planning time: 1.061 ms
 Execution time: 4785.857 ms
(18 rows)

query 5 run 1
SET
SET
SET
                                                                                        QUERY PLAN                                                                                         
-------------------------------------------------------------------------------------------------------------------------------------------------------------------------------------------
 Limit  (cost=2090807.71..2090807.72 rows=1 width=58) (actual time=22342.008..22342.013 rows=1 loops=1)
   ->  Sort  (cost=2090807.71..2090807.78 rows=25 width=58) (actual time=22342.007..22342.012 rows=1 loops=1)
         Sort Key: (sum((lineitem.l_extendedprice * ('1'::numeric - lineitem.l_discount)))) DESC
         Sort Method: top-N heapsort  Memory: 25kB
         ->  GroupAggregate  (cost=2089897.81..2090807.59 rows=25 width=58) (actual time=22318.689..22341.993 rows=5 loops=1)
               Group Key: nation.n_name
               ->  Sort  (cost=2089897.81..2090079.71 rows=72757 width=38) (actual time=22312.792..22315.868 rows=72033 loops=1)
                     Sort Key: nation.n_name
                     Sort Method: quicksort  Memory: 8700kB
                     ->  Hash Join  (cost=100860.38..2084022.40 rows=72757 width=38) (actual time=933.382..22269.384 rows=72033 loops=1)
                           Hash Cond: ((lineitem.l_suppkey = supplier.s_suppkey) AND (customer.c_nationkey = supplier.s_nationkey))
                           ->  Nested Loop  (cost=96139.38..2069711.58 rows=1826630 width=50) (actual time=889.368..21815.384 rows=1815327 loops=1)
                                 ->  Hash Join  (cost=96138.82..404807.64 rows=456875 width=38) (actual time=887.927..7048.074 rows=453399 loops=1)
                                       Hash Cond: (orders.o_custkey = customer.c_custkey)
                                       ->  Bitmap Heap Scan on orders  (cost=32811.30..328344.95 rows=2284377 width=8) (actual time=297.712..5822.909 rows=2276638 loops=1)
                                             Recheck Cond: ((o_orderdate >= '1993-01-01'::date) AND (o_orderdate < '1994-01-01'::date))
                                             Heap Blocks: exact=261246
                                             ->  Bitmap Index Scan on idx_orders_orderdate  (cost=0.00..32240.21 rows=2284377 width=0) (actual time=253.994..253.995 rows=2276638 loops=1)
                                                   Index Cond: ((o_orderdate >= '1993-01-01'::date) AND (o_orderdate < '1994-01-01'::date))
                                       ->  Hash  (cost=59577.11..59577.11 rows=300033 width=38) (actual time=589.742..589.743 rows=299436 loops=1)
                                             Buckets: 524288  Batches: 1  Memory Usage: 25151kB
                                             ->  Hash Join  (cost=2.51..59577.11 rows=300033 width=38) (actual time=0.037..531.099 rows=299436 loops=1)
                                                   Hash Cond: (customer.c_nationkey = nation.n_nationkey)
                                                   ->  Seq Scan on customer  (cost=0.00..50948.65 rows=1500165 width=8) (actual time=0.008..366.566 rows=1500000 loops=1)
                                                   ->  Hash  (cost=2.45..2.45 rows=5 width=30) (actual time=0.021..0.022 rows=5 loops=1)
                                                         Buckets: 1024  Batches: 1  Memory Usage: 9kB
                                                         ->  Hash Join  (cost=1.07..2.45 rows=5 width=30) (actual time=0.016..0.020 rows=5 loops=1)
                                                               Hash Cond: (nation.n_regionkey = region.r_regionkey)
                                                               ->  Seq Scan on nation  (cost=0.00..1.25 rows=25 width=34) (actual time=0.003..0.004 rows=25 loops=1)
                                                               ->  Hash  (cost=1.06..1.06 rows=1 width=4) (actual time=0.009..0.009 rows=1 loops=1)
                                                                     Buckets: 1024  Batches: 1  Memory Usage: 9kB
                                                                     ->  Seq Scan on region  (cost=0.00..1.06 rows=1 width=4) (actual time=0.005..0.007 rows=1 loops=1)
                                                                           Filter: (r_name = 'AMERICA'::bpchar)
                                                                           Rows Removed by Filter: 4
                                 ->  Index Scan using idx_lineitem_orderkey on lineitem  (cost=0.56..3.60 rows=4 width=20) (actual time=0.029..0.032 rows=4 loops=453399)
                                       Index Cond: (l_orderkey = orders.o_orderkey)
                           ->  Hash  (cost=3221.00..3221.00 rows=100000 width=8) (actual time=43.256..43.256 rows=100000 loops=1)
                                 Buckets: 131072  Batches: 1  Memory Usage: 4931kB
                                 ->  Seq Scan on supplier  (cost=0.00..3221.00 rows=100000 width=8) (actual time=0.004..29.025 rows=100000 loops=1)
 Planning time: 26.052 ms
 Execution time: 22342.723 ms
(41 rows)

SET
SET
SET
                                                                                        QUERY PLAN                                                                                         
-------------------------------------------------------------------------------------------------------------------------------------------------------------------------------------------
 Limit  (cost=2090807.71..2090807.72 rows=1 width=58) (actual time=6189.422..6189.427 rows=1 loops=1)
   ->  Sort  (cost=2090807.71..2090807.78 rows=25 width=58) (actual time=6189.421..6189.425 rows=1 loops=1)
         Sort Key: (sum((lineitem.l_extendedprice * ('1'::numeric - lineitem.l_discount)))) DESC
         Sort Method: top-N heapsort  Memory: 25kB
         ->  GroupAggregate  (cost=2089897.81..2090807.59 rows=25 width=58) (actual time=6166.223..6189.405 rows=5 loops=1)
               Group Key: nation.n_name
               ->  Sort  (cost=2089897.81..2090079.71 rows=72757 width=38) (actual time=6160.469..6163.429 rows=72033 loops=1)
                     Sort Key: nation.n_name
                     Sort Method: quicksort  Memory: 8700kB
                     ->  Hash Join  (cost=100860.38..2084022.40 rows=72757 width=38) (actual time=782.345..6130.488 rows=72033 loops=1)
                           Hash Cond: ((lineitem.l_suppkey = supplier.s_suppkey) AND (customer.c_nationkey = supplier.s_nationkey))
                           ->  Nested Loop  (cost=96139.38..2069711.58 rows=1826630 width=50) (actual time=744.119..5729.975 rows=1815327 loops=1)
                                 ->  Hash Join  (cost=96138.82..404807.64 rows=456875 width=38) (actual time=744.096..2583.273 rows=453399 loops=1)
                                       Hash Cond: (orders.o_custkey = customer.c_custkey)
                                       ->  Bitmap Heap Scan on orders  (cost=32811.30..328344.95 rows=2284377 width=8) (actual time=270.913..1571.094 rows=2276638 loops=1)
                                             Recheck Cond: ((o_orderdate >= '1993-01-01'::date) AND (o_orderdate < '1994-01-01'::date))
                                             Heap Blocks: exact=261246
                                             ->  Bitmap Index Scan on idx_orders_orderdate  (cost=0.00..32240.21 rows=2284377 width=0) (actual time=226.999..226.999 rows=2276638 loops=1)
                                                   Index Cond: ((o_orderdate >= '1993-01-01'::date) AND (o_orderdate < '1994-01-01'::date))
                                       ->  Hash  (cost=59577.11..59577.11 rows=300033 width=38) (actual time=472.826..472.828 rows=299436 loops=1)
                                             Buckets: 524288  Batches: 1  Memory Usage: 25151kB
                                             ->  Hash Join  (cost=2.51..59577.11 rows=300033 width=38) (actual time=0.035..416.930 rows=299436 loops=1)
                                                   Hash Cond: (customer.c_nationkey = nation.n_nationkey)
                                                   ->  Seq Scan on customer  (cost=0.00..50948.65 rows=1500165 width=8) (actual time=0.008..257.595 rows=1500000 loops=1)
                                                   ->  Hash  (cost=2.45..2.45 rows=5 width=30) (actual time=0.020..0.021 rows=5 loops=1)
                                                         Buckets: 1024  Batches: 1  Memory Usage: 9kB
                                                         ->  Hash Join  (cost=1.07..2.45 rows=5 width=30) (actual time=0.014..0.019 rows=5 loops=1)
                                                               Hash Cond: (nation.n_regionkey = region.r_regionkey)
                                                               ->  Seq Scan on nation  (cost=0.00..1.25 rows=25 width=34) (actual time=0.002..0.004 rows=25 loops=1)
                                                               ->  Hash  (cost=1.06..1.06 rows=1 width=4) (actual time=0.008..0.008 rows=1 loops=1)
                                                                     Buckets: 1024  Batches: 1  Memory Usage: 9kB
                                                                     ->  Seq Scan on region  (cost=0.00..1.06 rows=1 width=4) (actual time=0.005..0.006 rows=1 loops=1)
                                                                           Filter: (r_name = 'AMERICA'::bpchar)
                                                                           Rows Removed by Filter: 4
                                 ->  Index Scan using idx_lineitem_orderkey on lineitem  (cost=0.56..3.60 rows=4 width=20) (actual time=0.005..0.006 rows=4 loops=453399)
                                       Index Cond: (l_orderkey = orders.o_orderkey)
                           ->  Hash  (cost=3221.00..3221.00 rows=100000 width=8) (actual time=37.941..37.941 rows=100000 loops=1)
                                 Buckets: 131072  Batches: 1  Memory Usage: 4931kB
                                 ->  Seq Scan on supplier  (cost=0.00..3221.00 rows=100000 width=8) (actual time=0.005..21.887 rows=100000 loops=1)
 Planning time: 3.319 ms
 Execution time: 6189.624 ms
(41 rows)

query 6 run 1
SET
SET
SET
                                                                                                          QUERY PLAN                                                                                                           
-------------------------------------------------------------------------------------------------------------------------------------------------------------------------------------------------------------------------------
 Limit  (cost=1092281.00..1092281.01 rows=1 width=32) (actual time=13116.165..13116.167 rows=1 loops=1)
   ->  Aggregate  (cost=1092281.00..1092281.01 rows=1 width=32) (actual time=13116.164..13116.164 rows=1 loops=1)
         ->  Bitmap Heap Scan on lineitem  (cost=212151.60..1086286.81 rows=1198838 width=12) (actual time=1312.929..12538.796 rows=1194558 loops=1)
               Recheck Cond: ((l_shipdate >= '1993-01-01'::date) AND (l_shipdate < '1994-01-01 00:00:00'::timestamp without time zone) AND (l_discount >= 0.06) AND (l_discount <= 0.08) AND (l_quantity < '25'::numeric))
               Rows Removed by Index Recheck: 13724091
               Heap Blocks: exact=395900 lossy=267068
               ->  Bitmap Index Scan on idx_lineitem_shipdate  (cost=0.00..211851.89 rows=1198838 width=0) (actual time=1240.935..1240.936 rows=1194558 loops=1)
                     Index Cond: ((l_shipdate >= '1993-01-01'::date) AND (l_shipdate < '1994-01-01 00:00:00'::timestamp without time zone) AND (l_discount >= 0.06) AND (l_discount <= 0.08) AND (l_quantity < '25'::numeric))
 Planning time: 13.341 ms
 Execution time: 13116.890 ms
(10 rows)

SET
SET
SET
                                                                                                          QUERY PLAN                                                                                                           
-------------------------------------------------------------------------------------------------------------------------------------------------------------------------------------------------------------------------------
 Limit  (cost=1092281.00..1092281.01 rows=1 width=32) (actual time=6656.828..6656.830 rows=1 loops=1)
   ->  Aggregate  (cost=1092281.00..1092281.01 rows=1 width=32) (actual time=6656.827..6656.828 rows=1 loops=1)
         ->  Bitmap Heap Scan on lineitem  (cost=212151.60..1086286.81 rows=1198838 width=12) (actual time=1179.354..6260.422 rows=1194558 loops=1)
               Recheck Cond: ((l_shipdate >= '1993-01-01'::date) AND (l_shipdate < '1994-01-01 00:00:00'::timestamp without time zone) AND (l_discount >= 0.06) AND (l_discount <= 0.08) AND (l_quantity < '25'::numeric))
               Rows Removed by Index Recheck: 13724091
               Heap Blocks: exact=395900 lossy=267068
               ->  Bitmap Index Scan on idx_lineitem_shipdate  (cost=0.00..211851.89 rows=1198838 width=0) (actual time=1108.129..1108.130 rows=1194558 loops=1)
                     Index Cond: ((l_shipdate >= '1993-01-01'::date) AND (l_shipdate < '1994-01-01 00:00:00'::timestamp without time zone) AND (l_discount >= 0.06) AND (l_discount <= 0.08) AND (l_quantity < '25'::numeric))
 Planning time: 0.700 ms
 Execution time: 6657.255 ms
(10 rows)

query 7 run 1
SET
SET
SET
                                                                                     QUERY PLAN                                                                                      
-------------------------------------------------------------------------------------------------------------------------------------------------------------------------------------
 Limit  (cost=2379710.64..2379710.76 rows=1 width=92) (actual time=32233.978..32233.983 rows=1 loops=1)
   ->  GroupAggregate  (cost=2379710.64..2380937.91 rows=10040 width=92) (actual time=32233.977..32233.982 rows=1 loops=1)
         Group Key: n1.n_name, n2.n_name, (date_part('year'::text, (lineitem.l_shipdate)::timestamp without time zone))
         ->  Sort  (cost=2379710.64..2379860.86 rows=60090 width=72) (actual time=32227.001..32227.724 rows=14421 loops=1)
               Sort Key: n1.n_name, n2.n_name, (date_part('year'::text, (lineitem.l_shipdate)::timestamp without time zone))
               Sort Method: quicksort  Memory: 9664kB
               ->  Hash Join  (cost=853904.66..2374941.04 rows=60090 width=72) (actual time=7039.682..32199.902 rows=57794 loops=1)
                     Hash Cond: (lineitem.l_orderkey = orders.o_orderkey)
                     Join Filter: (((n1.n_name = 'PERU'::bpchar) AND (n2.n_name = 'MOROCCO'::bpchar)) OR ((n1.n_name = 'MOROCCO'::bpchar) AND (n2.n_name = 'PERU'::bpchar)))
                     Rows Removed by Join Filter: 58158
                     ->  Hash Join  (cost=294116.70..1773541.69 rows=1443917 width=46) (actual time=2047.988..26385.553 rows=1455694 loops=1)
                           Hash Cond: (lineitem.l_suppkey = supplier.s_suppkey)
                           ->  Bitmap Heap Scan on lineitem  (cost=290487.30..1687504.55 rows=18124950 width=24) (actual time=2013.017..23608.737 rows=18230325 loops=1)
                                 Recheck Cond: ((l_shipdate >= '1995-01-01'::date) AND (l_shipdate <= '1996-12-31'::date))
                                 Rows Removed by Index Recheck: 28836540
                                 Heap Blocks: exact=326879 lossy=793187
                                 ->  Bitmap Index Scan on idx_lineitem_shipdate  (cost=0.00..285956.07 rows=18124950 width=0) (actual time=1950.072..1950.072 rows=18230325 loops=1)
                                       Index Cond: ((l_shipdate >= '1995-01-01'::date) AND (l_shipdate <= '1996-12-31'::date))
                           ->  Hash  (cost=3529.40..3529.40 rows=8000 width=30) (actual time=34.916..34.917 rows=7981 loops=1)
                                 Buckets: 8192  Batches: 1  Memory Usage: 548kB
                                 ->  Hash Join  (cost=1.40..3529.40 rows=8000 width=30) (actual time=0.015..33.606 rows=7981 loops=1)
                                       Hash Cond: (supplier.s_nationkey = n1.n_nationkey)
                                       ->  Seq Scan on supplier  (cost=0.00..3221.00 rows=100000 width=8) (actual time=0.004..24.005 rows=100000 loops=1)
                                       ->  Hash  (cost=1.38..1.38 rows=2 width=30) (actual time=0.008..0.009 rows=2 loops=1)
                                             Buckets: 1024  Batches: 1  Memory Usage: 9kB
                                             ->  Seq Scan on nation n1  (cost=0.00..1.38 rows=2 width=30) (actual time=0.005..0.007 rows=2 loops=1)
                                                   Filter: ((n_name = 'PERU'::bpchar) OR (n_name = 'MOROCCO'::bpchar))
                                                   Rows Removed by Filter: 23
                     ->  Hash  (cost=536583.29..536583.29 rows=1200053 width=30) (actual time=4987.614..4987.616 rows=1191175 loops=1)
                           Buckets: 524288  Batches: 4  Memory Usage: 22152kB
                           ->  Hash Join  (cost=57055.72..536583.29 rows=1200053 width=30) (actual time=527.129..4743.510 rows=1191175 loops=1)
                                 Hash Cond: (orders.o_custkey = customer.c_custkey)
                                 ->  Seq Scan on orders  (cost=0.00..411274.59 rows=15000659 width=8) (actual time=0.022..1650.136 rows=15000000 loops=1)
                                 ->  Hash  (cost=55555.56..55555.56 rows=120013 width=30) (actual time=527.009..527.010 rows=119622 loops=1)
                                       Buckets: 131072  Batches: 1  Memory Usage: 8267kB
                                       ->  Hash Join  (cost=1.40..55555.56 rows=120013 width=30) (actual time=0.018..503.512 rows=119622 loops=1)
                                             Hash Cond: (customer.c_nationkey = n2.n_nationkey)
                                             ->  Seq Scan on customer  (cost=0.00..50948.65 rows=1500165 width=8) (actual time=0.003..360.762 rows=1500000 loops=1)
                                             ->  Hash  (cost=1.38..1.38 rows=2 width=30) (actual time=0.011..0.011 rows=2 loops=1)
                                                   Buckets: 1024  Batches: 1  Memory Usage: 9kB
                                                   ->  Seq Scan on nation n2  (cost=0.00..1.38 rows=2 width=30) (actual time=0.006..0.008 rows=2 loops=1)
                                                         Filter: ((n_name = 'MOROCCO'::bpchar) OR (n_name = 'PERU'::bpchar))
                                                         Rows Removed by Filter: 23
 Planning time: 23.936 ms
 Execution time: 32235.402 ms
(45 rows)

SET
SET
SET
                                                                                     QUERY PLAN                                                                                      
-------------------------------------------------------------------------------------------------------------------------------------------------------------------------------------
 Limit  (cost=2379710.64..2379710.76 rows=1 width=92) (actual time=18683.077..18683.082 rows=1 loops=1)
   ->  GroupAggregate  (cost=2379710.64..2380937.91 rows=10040 width=92) (actual time=18683.075..18683.080 rows=1 loops=1)
         Group Key: n1.n_name, n2.n_name, (date_part('year'::text, (lineitem.l_shipdate)::timestamp without time zone))
         ->  Sort  (cost=2379710.64..2379860.86 rows=60090 width=72) (actual time=18676.092..18676.866 rows=14421 loops=1)
               Sort Key: n1.n_name, n2.n_name, (date_part('year'::text, (lineitem.l_shipdate)::timestamp without time zone))
               Sort Method: quicksort  Memory: 9664kB
               ->  Hash Join  (cost=853904.66..2374941.04 rows=60090 width=72) (actual time=5960.995..18652.352 rows=57794 loops=1)
                     Hash Cond: (lineitem.l_orderkey = orders.o_orderkey)
                     Join Filter: (((n1.n_name = 'PERU'::bpchar) AND (n2.n_name = 'MOROCCO'::bpchar)) OR ((n1.n_name = 'MOROCCO'::bpchar) AND (n2.n_name = 'PERU'::bpchar)))
                     Rows Removed by Join Filter: 58158
                     ->  Hash Join  (cost=294116.70..1773541.69 rows=1443917 width=46) (actual time=1766.568..13788.978 rows=1455694 loops=1)
                           Hash Cond: (lineitem.l_suppkey = supplier.s_suppkey)
                           ->  Bitmap Heap Scan on lineitem  (cost=290487.30..1687504.55 rows=18124950 width=24) (actual time=1740.057..11619.027 rows=18230325 loops=1)
                                 Recheck Cond: ((l_shipdate >= '1995-01-01'::date) AND (l_shipdate <= '1996-12-31'::date))
                                 Rows Removed by Index Recheck: 28836540
                                 Heap Blocks: exact=326879 lossy=793187
                                 ->  Bitmap Index Scan on idx_lineitem_shipdate  (cost=0.00..285956.07 rows=18124950 width=0) (actual time=1677.079..1677.079 rows=18230325 loops=1)
                                       Index Cond: ((l_shipdate >= '1995-01-01'::date) AND (l_shipdate <= '1996-12-31'::date))
                           ->  Hash  (cost=3529.40..3529.40 rows=8000 width=30) (actual time=26.487..26.489 rows=7981 loops=1)
                                 Buckets: 8192  Batches: 1  Memory Usage: 548kB
                                 ->  Hash Join  (cost=1.40..3529.40 rows=8000 width=30) (actual time=0.015..25.189 rows=7981 loops=1)
                                       Hash Cond: (supplier.s_nationkey = n1.n_nationkey)
                                       ->  Seq Scan on supplier  (cost=0.00..3221.00 rows=100000 width=8) (actual time=0.004..15.732 rows=100000 loops=1)
                                       ->  Hash  (cost=1.38..1.38 rows=2 width=30) (actual time=0.008..0.009 rows=2 loops=1)
                                             Buckets: 1024  Batches: 1  Memory Usage: 9kB
                                             ->  Seq Scan on nation n1  (cost=0.00..1.38 rows=2 width=30) (actual time=0.005..0.007 rows=2 loops=1)
                                                   Filter: ((n_name = 'PERU'::bpchar) OR (n_name = 'MOROCCO'::bpchar))
                                                   Rows Removed by Filter: 23
                     ->  Hash  (cost=536583.29..536583.29 rows=1200053 width=30) (actual time=4192.345..4192.347 rows=1191175 loops=1)
                           Buckets: 524288  Batches: 4  Memory Usage: 22152kB
                           ->  Hash Join  (cost=57055.72..536583.29 rows=1200053 width=30) (actual time=396.895..3962.532 rows=1191175 loops=1)
                                 Hash Cond: (orders.o_custkey = customer.c_custkey)
                                 ->  Seq Scan on orders  (cost=0.00..411274.59 rows=15000659 width=8) (actual time=0.017..1227.064 rows=15000000 loops=1)
                                 ->  Hash  (cost=55555.56..55555.56 rows=120013 width=30) (actual time=396.779..396.780 rows=119622 loops=1)
                                       Buckets: 131072  Batches: 1  Memory Usage: 8267kB
                                       ->  Hash Join  (cost=1.40..55555.56 rows=120013 width=30) (actual time=0.017..375.060 rows=119622 loops=1)
                                             Hash Cond: (customer.c_nationkey = n2.n_nationkey)
                                             ->  Seq Scan on customer  (cost=0.00..50948.65 rows=1500165 width=8) (actual time=0.003..237.415 rows=1500000 loops=1)
                                             ->  Hash  (cost=1.38..1.38 rows=2 width=30) (actual time=0.010..0.011 rows=2 loops=1)
                                                   Buckets: 1024  Batches: 1  Memory Usage: 9kB
                                                   ->  Seq Scan on nation n2  (cost=0.00..1.38 rows=2 width=30) (actual time=0.006..0.008 rows=2 loops=1)
                                                         Filter: ((n_name = 'MOROCCO'::bpchar) OR (n_name = 'PERU'::bpchar))
                                                         Rows Removed by Filter: 23
 Planning time: 2.621 ms
 Execution time: 18683.736 ms
(45 rows)

query 8 run 1
SET
SET
SET
                                                                                           QUERY PLAN                                                                                            
-------------------------------------------------------------------------------------------------------------------------------------------------------------------------------------------------
 Limit  (cost=1218371.56..1218371.81 rows=1 width=40) (actual time=61922.543..61922.549 rows=1 loops=1)
   ->  GroupAggregate  (cost=1218371.56..1218958.81 rows=2406 width=40) (actual time=61922.542..61922.547 rows=1 loops=1)
         Group Key: (date_part('year'::text, (orders.o_orderdate)::timestamp without time zone))
         ->  Sort  (cost=1218371.56..1218430.80 rows=23694 width=46) (actual time=61917.265..61917.722 rows=11818 loops=1)
               Sort Key: (date_part('year'::text, (orders.o_orderdate)::timestamp without time zone))
               Sort Method: quicksort  Memory: 2631kB
               ->  Nested Loop  (cost=500735.44..1216649.93 rows=23694 width=46) (actual time=7177.059..61904.092 rows=23842 loops=1)
                     Join Filter: (supplier.s_nationkey = n2.n_nationkey)
                     Rows Removed by Join Filter: 287513
                     ->  Hash Join  (cost=500735.44..1207973.05 rows=23694 width=20) (actual time=7177.025..61835.346 rows=23842 loops=1)
                           Hash Cond: (lineitem.l_suppkey = supplier.s_suppkey)
                           ->  Hash Join  (cost=496264.44..1203439.60 rows=23793 width=20) (actual time=7133.627..61779.938 rows=23842 loops=1)
                                 Hash Cond: (lineitem.l_orderkey = orders.o_orderkey)
                                 ->  Nested Loop  (cost=0.56..697269.05 rows=399131 width=20) (actual time=2.097..54229.362 rows=389521 loops=1)
                                       ->  Seq Scan on part  (cost=0.00..65980.79 rows=13310 width=4) (actual time=0.912..479.863 rows=13011 loops=1)
                                             Filter: ((p_type)::text = 'LARGE POLISHED BRASS'::text)
                                             Rows Removed by Filter: 1986989
                                       ->  Index Scan using idx_lineitem_part_supp on lineitem  (cost=0.56..47.13 rows=30 width=24) (actual time=0.308..4.112 rows=30 loops=13011)
                                             Index Cond: (l_partkey = part.p_partkey)
                                 ->  Hash  (cost=481591.97..481591.97 rows=894232 width=8) (actual time=7118.845..7118.848 rows=910360 loops=1)
                                       Buckets: 1048576  Batches: 2  Memory Usage: 25982kB
                                       ->  Hash Join  (cost=127547.37..481591.97 rows=894232 width=8) (actual time=1131.902..6902.395 rows=910360 loops=1)
                                             Hash Cond: (orders.o_custkey = customer.c_custkey)
                                             ->  Bitmap Heap Scan on orders  (cost=64219.85..392555.28 rows=4471162 width=12) (actual time=519.461..5207.073 rows=4557513 loops=1)
                                                   Recheck Cond: ((o_orderdate >= '1995-01-01'::date) AND (o_orderdate <= '1996-12-31'::date))
                                                   Heap Blocks: exact=261268
                                                   ->  Bitmap Index Scan on idx_orders_orderdate  (cost=0.00..63102.06 rows=4471162 width=0) (actual time=475.232..475.233 rows=4557513 loops=1)
                                                         Index Cond: ((o_orderdate >= '1995-01-01'::date) AND (o_orderdate <= '1996-12-31'::date))
                                             ->  Hash  (cost=59577.11..59577.11 rows=300033 width=4) (actual time=611.743..611.745 rows=299436 loops=1)
                                                   Buckets: 524288  Batches: 1  Memory Usage: 14624kB
                                                   ->  Hash Join  (cost=2.51..59577.11 rows=300033 width=4) (actual time=0.041..559.835 rows=299436 loops=1)
                                                         Hash Cond: (customer.c_nationkey = n1.n_nationkey)
                                                         ->  Seq Scan on customer  (cost=0.00..50948.65 rows=1500165 width=8) (actual time=0.013..393.959 rows=1500000 loops=1)
                                                         ->  Hash  (cost=2.45..2.45 rows=5 width=4) (actual time=0.020..0.021 rows=5 loops=1)
                                                               Buckets: 1024  Batches: 1  Memory Usage: 9kB
                                                               ->  Hash Join  (cost=1.07..2.45 rows=5 width=4) (actual time=0.015..0.020 rows=5 loops=1)
                                                                     Hash Cond: (n1.n_regionkey = region.r_regionkey)
                                                                     ->  Seq Scan on nation n1  (cost=0.00..1.25 rows=25 width=8) (actual time=0.003..0.004 rows=25 loops=1)
                                                                     ->  Hash  (cost=1.06..1.06 rows=1 width=4) (actual time=0.008..0.009 rows=1 loops=1)
                                                                           Buckets: 1024  Batches: 1  Memory Usage: 9kB
                                                                           ->  Seq Scan on region  (cost=0.00..1.06 rows=1 width=4) (actual time=0.005..0.007 rows=1 loops=1)
                                                                                 Filter: (r_name = 'AMERICA'::bpchar)
                                                                                 Rows Removed by Filter: 4
                           ->  Hash  (cost=3221.00..3221.00 rows=100000 width=8) (actual time=43.351..43.351 rows=100000 loops=1)
                                 Buckets: 131072  Batches: 1  Memory Usage: 4931kB
                                 ->  Seq Scan on supplier  (cost=0.00..3221.00 rows=100000 width=8) (actual time=0.004..29.436 rows=100000 loops=1)
                     ->  Materialize  (cost=0.00..1.38 rows=25 width=30) (actual time=0.000..0.001 rows=13 loops=23842)
                           ->  Seq Scan on nation n2  (cost=0.00..1.25 rows=25 width=30) (actual time=0.009..0.014 rows=25 loops=1)
 Planning time: 33.754 ms
 Execution time: 61923.656 ms
(50 rows)

SET
SET
SET
                                                                                           QUERY PLAN                                                                                            
-------------------------------------------------------------------------------------------------------------------------------------------------------------------------------------------------
 Limit  (cost=1218371.56..1218371.81 rows=1 width=40) (actual time=5586.572..5586.578 rows=1 loops=1)
   ->  GroupAggregate  (cost=1218371.56..1218958.81 rows=2406 width=40) (actual time=5586.571..5586.577 rows=1 loops=1)
         Group Key: (date_part('year'::text, (orders.o_orderdate)::timestamp without time zone))
         ->  Sort  (cost=1218371.56..1218430.80 rows=23694 width=46) (actual time=5581.300..5581.757 rows=11818 loops=1)
               Sort Key: (date_part('year'::text, (orders.o_orderdate)::timestamp without time zone))
               Sort Method: quicksort  Memory: 2631kB
               ->  Nested Loop  (cost=500735.44..1216649.93 rows=23694 width=46) (actual time=3761.877..5575.672 rows=23842 loops=1)
                     Join Filter: (supplier.s_nationkey = n2.n_nationkey)
                     Rows Removed by Join Filter: 287513
                     ->  Hash Join  (cost=500735.44..1207973.05 rows=23694 width=20) (actual time=3761.861..5535.245 rows=23842 loops=1)
                           Hash Cond: (lineitem.l_suppkey = supplier.s_suppkey)
                           ->  Hash Join  (cost=496264.44..1203439.60 rows=23793 width=20) (actual time=3725.898..5491.002 rows=23842 loops=1)
                                 Hash Cond: (lineitem.l_orderkey = orders.o_orderkey)
                                 ->  Nested Loop  (cost=0.56..697269.05 rows=399131 width=20) (actual time=0.080..1591.962 rows=389521 loops=1)
                                       ->  Seq Scan on part  (cost=0.00..65980.79 rows=13310 width=4) (actual time=0.051..259.698 rows=13011 loops=1)
                                             Filter: ((p_type)::text = 'LARGE POLISHED BRASS'::text)
                                             Rows Removed by Filter: 1986989
                                       ->  Index Scan using idx_lineitem_part_supp on lineitem  (cost=0.56..47.13 rows=30 width=24) (actual time=0.009..0.097 rows=30 loops=13011)
                                             Index Cond: (l_partkey = part.p_partkey)
                                 ->  Hash  (cost=481591.97..481591.97 rows=894232 width=8) (actual time=3724.084..3724.087 rows=910360 loops=1)
                                       Buckets: 1048576  Batches: 2  Memory Usage: 25982kB
                                       ->  Hash Join  (cost=127547.37..481591.97 rows=894232 width=8) (actual time=918.036..3553.603 rows=910360 loops=1)
                                             Hash Cond: (orders.o_custkey = customer.c_custkey)
                                             ->  Bitmap Heap Scan on orders  (cost=64219.85..392555.28 rows=4471162 width=12) (actual time=471.430..2138.677 rows=4557513 loops=1)
                                                   Recheck Cond: ((o_orderdate >= '1995-01-01'::date) AND (o_orderdate <= '1996-12-31'::date))
                                                   Heap Blocks: exact=261268
                                                   ->  Bitmap Index Scan on idx_orders_orderdate  (cost=0.00..63102.06 rows=4471162 width=0) (actual time=427.295..427.295 rows=4557513 loops=1)
                                                         Index Cond: ((o_orderdate >= '1995-01-01'::date) AND (o_orderdate <= '1996-12-31'::date))
                                             ->  Hash  (cost=59577.11..59577.11 rows=300033 width=4) (actual time=445.848..445.850 rows=299436 loops=1)
                                                   Buckets: 524288  Batches: 1  Memory Usage: 14624kB
                                                   ->  Hash Join  (cost=2.51..59577.11 rows=300033 width=4) (actual time=0.041..398.527 rows=299436 loops=1)
                                                         Hash Cond: (customer.c_nationkey = n1.n_nationkey)
                                                         ->  Seq Scan on customer  (cost=0.00..50948.65 rows=1500165 width=8) (actual time=0.011..242.198 rows=1500000 loops=1)
                                                         ->  Hash  (cost=2.45..2.45 rows=5 width=4) (actual time=0.020..0.021 rows=5 loops=1)
                                                               Buckets: 1024  Batches: 1  Memory Usage: 9kB
                                                               ->  Hash Join  (cost=1.07..2.45 rows=5 width=4) (actual time=0.015..0.020 rows=5 loops=1)
                                                                     Hash Cond: (n1.n_regionkey = region.r_regionkey)
                                                                     ->  Seq Scan on nation n1  (cost=0.00..1.25 rows=25 width=8) (actual time=0.003..0.004 rows=25 loops=1)
                                                                     ->  Hash  (cost=1.06..1.06 rows=1 width=4) (actual time=0.008..0.008 rows=1 loops=1)
                                                                           Buckets: 1024  Batches: 1  Memory Usage: 9kB
                                                                           ->  Seq Scan on region  (cost=0.00..1.06 rows=1 width=4) (actual time=0.005..0.006 rows=1 loops=1)
                                                                                 Filter: (r_name = 'AMERICA'::bpchar)
                                                                                 Rows Removed by Filter: 4
                           ->  Hash  (cost=3221.00..3221.00 rows=100000 width=8) (actual time=35.917..35.917 rows=100000 loops=1)
                                 Buckets: 131072  Batches: 1  Memory Usage: 4931kB
                                 ->  Seq Scan on supplier  (cost=0.00..3221.00 rows=100000 width=8) (actual time=0.005..21.320 rows=100000 loops=1)
                     ->  Materialize  (cost=0.00..1.38 rows=25 width=30) (actual time=0.000..0.000 rows=13 loops=23842)
                           ->  Seq Scan on nation n2  (cost=0.00..1.25 rows=25 width=30) (actual time=0.004..0.006 rows=25 loops=1)
 Planning time: 3.568 ms
 Execution time: 5587.052 ms
(50 rows)

query 9 run 1
SET
SET
SET
                                                                                QUERY PLAN                                                                                 
---------------------------------------------------------------------------------------------------------------------------------------------------------------------------
 Limit  (cost=3262943.83..3262943.84 rows=1 width=66) (actual time=128568.744..128568.748 rows=1 loops=1)
   ->  Sort  (cost=3262943.83..3263094.21 rows=60150 width=66) (actual time=128568.743..128568.747 rows=1 loops=1)
         Sort Key: nation.n_name, (date_part('year'::text, (orders.o_orderdate)::timestamp without time zone)) DESC
         Sort Method: top-N heapsort  Memory: 25kB
         ->  HashAggregate  (cost=3261590.46..3262643.08 rows=60150 width=66) (actual time=128568.246..128568.671 rows=175 loops=1)
               Group Key: nation.n_name, date_part('year'::text, (orders.o_orderdate)::timestamp without time zone)
               ->  Hash Join  (cost=729601.41..3187691.27 rows=4222811 width=57) (actual time=5140.333..125998.847 rows=3248192 loops=1)
                     Hash Cond: (supplier.s_nationkey = nation.n_nationkey)
                     ->  Hash Join  (cost=729599.84..3153611.62 rows=4222811 width=31) (actual time=5140.307..125024.580 rows=3248192 loops=1)
                           Hash Cond: (lineitem.l_orderkey = orders.o_orderkey)
                           ->  Nested Loop  (cost=72220.02..2368815.92 rows=4222811 width=31) (actual time=713.788..116339.488 rows=3248192 loops=1)
                                 Join Filter: (supplier.s_suppkey = lineitem.l_suppkey)
                                 ->  Hash Join  (cost=72219.45..349909.65 rows=565564 width=26) (actual time=713.100..3229.103 rows=433248 loops=1)
                                       Hash Cond: (partsupp.ps_suppkey = supplier.s_suppkey)
                                       ->  Hash Join  (cost=67748.45..343953.98 rows=565564 width=18) (actual time=670.175..2994.031 rows=433248 loops=1)
                                             Hash Cond: (partsupp.ps_partkey = part.p_partkey)
                                             ->  Seq Scan on partsupp  (cost=0.00..255208.92 rows=7998692 width=14) (actual time=0.010..1357.072 rows=8000000 loops=1)
                                             ->  Hash  (cost=65980.79..65980.79 rows=141413 width=4) (actual time=669.776..669.776 rows=108312 loops=1)
                                                   Buckets: 262144  Batches: 1  Memory Usage: 5856kB
                                                   ->  Seq Scan on part  (cost=0.00..65980.79 rows=141413 width=4) (actual time=0.009..646.992 rows=108312 loops=1)
                                                         Filter: ((p_name)::text ~~ '%navy%'::text)
                                                         Rows Removed by Filter: 1891688
                                       ->  Hash  (cost=3221.00..3221.00 rows=100000 width=8) (actual time=42.662..42.662 rows=100000 loops=1)
                                             Buckets: 131072  Batches: 1  Memory Usage: 4931kB
                                             ->  Seq Scan on supplier  (cost=0.00..3221.00 rows=100000 width=8) (actual time=0.004..28.810 rows=100000 loops=1)
                                 ->  Index Scan using idx_lineitem_part_supp on lineitem  (cost=0.56..3.56 rows=1 width=29) (actual time=0.039..0.257 rows=7 loops=433248)
                                       Index Cond: ((l_partkey = partsupp.ps_partkey) AND (l_suppkey = partsupp.ps_suppkey))
                           ->  Hash  (cost=411274.59..411274.59 rows=15000659 width=8) (actual time=4405.968..4405.968 rows=15000000 loops=1)
                                 Buckets: 1048576  Batches: 32  Memory Usage: 26512kB
                                 ->  Seq Scan on orders  (cost=0.00..411274.59 rows=15000659 width=8) (actual time=0.015..2438.434 rows=15000000 loops=1)
                     ->  Hash  (cost=1.25..1.25 rows=25 width=30) (actual time=0.014..0.015 rows=25 loops=1)
                           Buckets: 1024  Batches: 1  Memory Usage: 10kB
                           ->  Seq Scan on nation  (cost=0.00..1.25 rows=25 width=30) (actual time=0.007..0.010 rows=25 loops=1)
 Planning time: 30.963 ms
 Execution time: 128569.233 ms
(35 rows)

SET
SET
SET
                                                                                QUERY PLAN                                                                                 
---------------------------------------------------------------------------------------------------------------------------------------------------------------------------
 Limit  (cost=3262943.83..3262943.84 rows=1 width=66) (actual time=60390.886..60390.890 rows=1 loops=1)
   ->  Sort  (cost=3262943.83..3263094.21 rows=60150 width=66) (actual time=60390.885..60390.889 rows=1 loops=1)
         Sort Key: nation.n_name, (date_part('year'::text, (orders.o_orderdate)::timestamp without time zone)) DESC
         Sort Method: top-N heapsort  Memory: 25kB
         ->  HashAggregate  (cost=3261590.46..3262643.08 rows=60150 width=66) (actual time=60390.382..60390.801 rows=175 loops=1)
               Group Key: nation.n_name, date_part('year'::text, (orders.o_orderdate)::timestamp without time zone)
               ->  Hash Join  (cost=729601.41..3187691.27 rows=4222811 width=57) (actual time=5179.817..57857.388 rows=3248192 loops=1)
                     Hash Cond: (supplier.s_nationkey = nation.n_nationkey)
                     ->  Hash Join  (cost=729599.84..3153611.62 rows=4222811 width=31) (actual time=5179.790..56910.950 rows=3248192 loops=1)
                           Hash Cond: (lineitem.l_orderkey = orders.o_orderkey)
                           ->  Nested Loop  (cost=72220.02..2368815.92 rows=4222811 width=31) (actual time=668.910..48516.155 rows=3248192 loops=1)
                                 Join Filter: (supplier.s_suppkey = lineitem.l_suppkey)
                                 ->  Hash Join  (cost=72219.45..349909.65 rows=565564 width=26) (actual time=668.879..2904.273 rows=433248 loops=1)
                                       Hash Cond: (partsupp.ps_suppkey = supplier.s_suppkey)
                                       ->  Hash Join  (cost=67748.45..343953.98 rows=565564 width=18) (actual time=626.213..2688.510 rows=433248 loops=1)
                                             Hash Cond: (partsupp.ps_partkey = part.p_partkey)
                                             ->  Seq Scan on partsupp  (cost=0.00..255208.92 rows=7998692 width=14) (actual time=0.009..1189.605 rows=8000000 loops=1)
                                             ->  Hash  (cost=65980.79..65980.79 rows=141413 width=4) (actual time=625.822..625.822 rows=108312 loops=1)
                                                   Buckets: 262144  Batches: 1  Memory Usage: 5856kB
                                                   ->  Seq Scan on part  (cost=0.00..65980.79 rows=141413 width=4) (actual time=0.009..604.081 rows=108312 loops=1)
                                                         Filter: ((p_name)::text ~~ '%navy%'::text)
                                                         Rows Removed by Filter: 1891688
                                       ->  Hash  (cost=3221.00..3221.00 rows=100000 width=8) (actual time=42.372..42.372 rows=100000 loops=1)
                                             Buckets: 131072  Batches: 1  Memory Usage: 4931kB
                                             ->  Seq Scan on supplier  (cost=0.00..3221.00 rows=100000 width=8) (actual time=0.005..28.034 rows=100000 loops=1)
                                 ->  Index Scan using idx_lineitem_part_supp on lineitem  (cost=0.56..3.56 rows=1 width=29) (actual time=0.017..0.102 rows=7 loops=433248)
                                       Index Cond: ((l_partkey = partsupp.ps_partkey) AND (l_suppkey = partsupp.ps_suppkey))
                           ->  Hash  (cost=411274.59..411274.59 rows=15000659 width=8) (actual time=4496.374..4496.374 rows=15000000 loops=1)
                                 Buckets: 1048576  Batches: 32  Memory Usage: 26512kB
                                 ->  Seq Scan on orders  (cost=0.00..411274.59 rows=15000659 width=8) (actual time=0.011..2514.960 rows=15000000 loops=1)
                     ->  Hash  (cost=1.25..1.25 rows=25 width=30) (actual time=0.016..0.017 rows=25 loops=1)
                           Buckets: 1024  Batches: 1  Memory Usage: 10kB
                           ->  Seq Scan on nation  (cost=0.00..1.25 rows=25 width=30) (actual time=0.009..0.011 rows=25 loops=1)
 Planning time: 19.637 ms
 Execution time: 60391.404 ms
(35 rows)

query 10 run 1
SET
SET
SET
                                                                                         QUERY PLAN                                                                                         
--------------------------------------------------------------------------------------------------------------------------------------------------------------------------------------------
 Limit  (cost=2462175.84..2462175.89 rows=20 width=202) (actual time=20741.945..20741.951 rows=20 loops=1)
   ->  Sort  (cost=2462175.84..2463620.62 rows=577913 width=202) (actual time=20741.944..20741.948 rows=20 loops=1)
         Sort Key: (sum((lineitem.l_extendedprice * ('1'::numeric - lineitem.l_discount)))) DESC
         Sort Method: top-N heapsort  Memory: 33kB
         ->  GroupAggregate  (cost=2430905.18..2446797.78 rows=577913 width=202) (actual time=19843.626..20639.637 rows=381205 loops=1)
               Group Key: customer.c_custkey, nation.n_name
               ->  Sort  (cost=2430905.18..2432349.96 rows=577913 width=182) (actual time=19843.609..20022.954 rows=1145402 loops=1)
                     Sort Key: customer.c_custkey, nation.n_name
                     Sort Method: external merge  Disk: 218520kB
                     ->  Hash Join  (cost=387684.55..2342580.98 rows=577913 width=182) (actual time=5775.431..19098.229 rows=1145402 loops=1)
                           Hash Cond: (customer.c_nationkey = nation.n_nationkey)
                           ->  Hash Join  (cost=387682.99..2340805.22 rows=577913 width=160) (actual time=5775.416..18912.570 rows=1145402 loops=1)
                                 Hash Cond: (orders.o_custkey = customer.c_custkey)
                                 ->  Hash Join  (cost=285751.28..2199481.48 rows=577913 width=16) (actual time=4834.279..17166.364 rows=1145402 loops=1)
                                       Hash Cond: (lineitem.l_orderkey = orders.o_orderkey)
                                       ->  Seq Scan on lineitem  (cost=0.00..1874818.30 rows=14823579 width=16) (actual time=0.013..10551.773 rows=14808183 loops=1)
                                             Filter: (l_returnflag = 'R'::bpchar)
                                             Rows Removed by Filter: 45177869
                                       ->  Hash  (cost=278441.06..278441.06 rows=584817 width=8) (actual time=4832.521..4832.521 rows=573160 loops=1)
                                             Buckets: 1048576  Batches: 1  Memory Usage: 30582kB
                                             ->  Bitmap Heap Scan on orders  (cost=8400.81..278441.06 rows=584817 width=8) (actual time=123.010..4676.029 rows=573160 loops=1)
                                                   Recheck Cond: ((o_orderdate >= '1994-08-01'::date) AND (o_orderdate < '1994-11-01'::date))
                                                   Heap Blocks: exact=233346
                                                   ->  Bitmap Index Scan on idx_orders_orderdate  (cost=0.00..8254.60 rows=584817 width=0) (actual time=84.096..84.096 rows=573160 loops=1)
                                                         Index Cond: ((o_orderdate >= '1994-08-01'::date) AND (o_orderdate < '1994-11-01'::date))
                                 ->  Hash  (cost=50948.65..50948.65 rows=1500165 width=148) (actual time=940.535..940.536 rows=1500000 loops=1)
                                       Buckets: 262144  Batches: 16  Memory Usage: 18791kB
                                       ->  Seq Scan on customer  (cost=0.00..50948.65 rows=1500165 width=148) (actual time=0.004..499.990 rows=1500000 loops=1)
                           ->  Hash  (cost=1.25..1.25 rows=25 width=30) (actual time=0.011..0.011 rows=25 loops=1)
                                 Buckets: 1024  Batches: 1  Memory Usage: 10kB
                                 ->  Seq Scan on nation  (cost=0.00..1.25 rows=25 width=30) (actual time=0.004..0.006 rows=25 loops=1)
 Planning time: 24.656 ms
 Execution time: 20778.532 ms
(33 rows)

SET
SET
SET
                                                                                         QUERY PLAN                                                                                         
--------------------------------------------------------------------------------------------------------------------------------------------------------------------------------------------
 Limit  (cost=2462175.84..2462175.89 rows=20 width=202) (actual time=15099.528..15099.534 rows=20 loops=1)
   ->  Sort  (cost=2462175.84..2463620.62 rows=577913 width=202) (actual time=15099.527..15099.531 rows=20 loops=1)
         Sort Key: (sum((lineitem.l_extendedprice * ('1'::numeric - lineitem.l_discount)))) DESC
         Sort Method: top-N heapsort  Memory: 33kB
         ->  GroupAggregate  (cost=2430905.18..2446797.78 rows=577913 width=202) (actual time=14214.572..14997.815 rows=381205 loops=1)
               Group Key: customer.c_custkey, nation.n_name
               ->  Sort  (cost=2430905.18..2432349.96 rows=577913 width=182) (actual time=14214.556..14389.779 rows=1145402 loops=1)
                     Sort Key: customer.c_custkey, nation.n_name
                     Sort Method: external merge  Disk: 218520kB
                     ->  Hash Join  (cost=387684.55..2342580.98 rows=577913 width=182) (actual time=2346.383..13482.871 rows=1145402 loops=1)
                           Hash Cond: (customer.c_nationkey = nation.n_nationkey)
                           ->  Hash Join  (cost=387682.99..2340805.22 rows=577913 width=160) (actual time=2346.367..13298.016 rows=1145402 loops=1)
                                 Hash Cond: (orders.o_custkey = customer.c_custkey)
                                 ->  Hash Join  (cost=285751.28..2199481.48 rows=577913 width=16) (actual time=1546.991..11721.303 rows=1145402 loops=1)
                                       Hash Cond: (lineitem.l_orderkey = orders.o_orderkey)
                                       ->  Seq Scan on lineitem  (cost=0.00..1874818.30 rows=14823579 width=16) (actual time=0.010..8477.393 rows=14808183 loops=1)
                                             Filter: (l_returnflag = 'R'::bpchar)
                                             Rows Removed by Filter: 45177869
                                       ->  Hash  (cost=278441.06..278441.06 rows=584817 width=8) (actual time=1545.666..1545.666 rows=573160 loops=1)
                                             Buckets: 1048576  Batches: 1  Memory Usage: 30582kB
                                             ->  Bitmap Heap Scan on orders  (cost=8400.81..278441.06 rows=584817 width=8) (actual time=111.605..1418.345 rows=573160 loops=1)
                                                   Recheck Cond: ((o_orderdate >= '1994-08-01'::date) AND (o_orderdate < '1994-11-01'::date))
                                                   Heap Blocks: exact=233346
                                                   ->  Bitmap Index Scan on idx_orders_orderdate  (cost=0.00..8254.60 rows=584817 width=0) (actual time=72.710..72.710 rows=573160 loops=1)
                                                         Index Cond: ((o_orderdate >= '1994-08-01'::date) AND (o_orderdate < '1994-11-01'::date))
                                 ->  Hash  (cost=50948.65..50948.65 rows=1500165 width=148) (actual time=798.821..798.821 rows=1500000 loops=1)
                                       Buckets: 262144  Batches: 16  Memory Usage: 18791kB
                                       ->  Seq Scan on customer  (cost=0.00..50948.65 rows=1500165 width=148) (actual time=0.004..369.379 rows=1500000 loops=1)
                           ->  Hash  (cost=1.25..1.25 rows=25 width=30) (actual time=0.012..0.012 rows=25 loops=1)
                                 Buckets: 1024  Batches: 1  Memory Usage: 10kB
                                 ->  Seq Scan on nation  (cost=0.00..1.25 rows=25 width=30) (actual time=0.004..0.008 rows=25 loops=1)
 Planning time: 1.942 ms
 Execution time: 15135.937 ms
(33 rows)

query 11 run 1
SET
SET
SET
                                                                                   QUERY PLAN                                                                                    
---------------------------------------------------------------------------------------------------------------------------------------------------------------------------------
 Limit  (cost=625906.66..625906.67 rows=1 width=36) (actual time=3547.511..3547.515 rows=0 loops=1)
   InitPlan 1 (returns $1)
     ->  Aggregate  (cost=293126.57..293126.58 rows=1 width=32) (actual time=1501.673..1501.675 rows=1 loops=1)
           ->  Hash Join  (cost=2323.46..290726.95 rows=319948 width=10) (actual time=2.780..1402.819 rows=320800 loops=1)
                 Hash Cond: (partsupp_1.ps_suppkey = supplier_1.s_suppkey)
                 ->  Seq Scan on partsupp partsupp_1  (cost=0.00..255208.92 rows=7998692 width=14) (actual time=0.036..715.024 rows=8000000 loops=1)
                 ->  Hash  (cost=2273.46..2273.46 rows=4000 width=4) (actual time=2.713..2.714 rows=4010 loops=1)
                       Buckets: 4096  Batches: 1  Memory Usage: 173kB
                       ->  Nested Loop  (cost=49.29..2273.46 rows=4000 width=4) (actual time=0.484..2.370 rows=4010 loops=1)
                             ->  Seq Scan on nation nation_1  (cost=0.00..1.31 rows=1 width=4) (actual time=0.006..0.007 rows=1 loops=1)
                                   Filter: (n_name = 'SAUDI ARABIA'::bpchar)
                                   Rows Removed by Filter: 24
                             ->  Bitmap Heap Scan on supplier supplier_1  (cost=49.29..2232.15 rows=4000 width=8) (actual time=0.474..1.968 rows=4010 loops=1)
                                   Recheck Cond: (s_nationkey = nation_1.n_nationkey)
                                   Heap Blocks: exact=1869
                                   ->  Bitmap Index Scan on idx_supplier_nation_key  (cost=0.00..48.29 rows=4000 width=0) (actual time=0.298..0.298 rows=4010 loops=1)
                                         Index Cond: (s_nationkey = nation_1.n_nationkey)
   ->  Sort  (cost=332780.08..333579.95 rows=319948 width=36) (actual time=3547.510..3547.512 rows=0 loops=1)
         Sort Key: (sum((partsupp.ps_supplycost * (partsupp.ps_availqty)::numeric))) DESC
         Sort Method: quicksort  Memory: 25kB
         ->  GroupAggregate  (cost=319982.16..331180.34 rows=319948 width=36) (actual time=3547.498..3547.500 rows=0 loops=1)
               Group Key: partsupp.ps_partkey
               Filter: (sum((partsupp.ps_supplycost * (partsupp.ps_availqty)::numeric)) > $1)
               Rows Removed by Filter: 301833
               ->  Sort  (cost=319982.16..320782.03 rows=319948 width=14) (actual time=1845.810..1857.899 rows=320800 loops=1)
                     Sort Key: partsupp.ps_partkey
                     Sort Method: quicksort  Memory: 25961kB
                     ->  Hash Join  (cost=2323.46..290726.95 rows=319948 width=14) (actual time=23.556..1796.527 rows=320800 loops=1)
                           Hash Cond: (partsupp.ps_suppkey = supplier.s_suppkey)
                           ->  Seq Scan on partsupp  (cost=0.00..255208.92 rows=7998692 width=18) (actual time=0.238..1038.047 rows=8000000 loops=1)
                           ->  Hash  (cost=2273.46..2273.46 rows=4000 width=4) (actual time=23.238..23.239 rows=4010 loops=1)
                                 Buckets: 4096  Batches: 1  Memory Usage: 173kB
                                 ->  Nested Loop  (cost=49.29..2273.46 rows=4000 width=4) (actual time=1.787..22.492 rows=4010 loops=1)
                                       ->  Seq Scan on nation  (cost=0.00..1.31 rows=1 width=4) (actual time=0.011..0.014 rows=1 loops=1)
                                             Filter: (n_name = 'SAUDI ARABIA'::bpchar)
                                             Rows Removed by Filter: 24
                                       ->  Bitmap Heap Scan on supplier  (cost=49.29..2232.15 rows=4000 width=8) (actual time=1.772..21.933 rows=4010 loops=1)
                                             Recheck Cond: (s_nationkey = nation.n_nationkey)
                                             Heap Blocks: exact=1869
                                             ->  Bitmap Index Scan on idx_supplier_nation_key  (cost=0.00..48.29 rows=4000 width=0) (actual time=1.531..1.532 rows=4010 loops=1)
                                                   Index Cond: (s_nationkey = nation.n_nationkey)
 Planning time: 12.293 ms
 Execution time: 3548.527 ms
(43 rows)

SET
SET
SET
                                                                                   QUERY PLAN                                                                                    
---------------------------------------------------------------------------------------------------------------------------------------------------------------------------------
 Limit  (cost=625906.66..625906.67 rows=1 width=36) (actual time=3149.919..3149.923 rows=0 loops=1)
   InitPlan 1 (returns $1)
     ->  Aggregate  (cost=293126.57..293126.58 rows=1 width=32) (actual time=1499.863..1499.865 rows=1 loops=1)
           ->  Hash Join  (cost=2323.46..290726.95 rows=319948 width=10) (actual time=2.787..1401.426 rows=320800 loops=1)
                 Hash Cond: (partsupp_1.ps_suppkey = supplier_1.s_suppkey)
                 ->  Seq Scan on partsupp partsupp_1  (cost=0.00..255208.92 rows=7998692 width=14) (actual time=0.033..712.442 rows=8000000 loops=1)
                 ->  Hash  (cost=2273.46..2273.46 rows=4000 width=4) (actual time=2.725..2.726 rows=4010 loops=1)
                       Buckets: 4096  Batches: 1  Memory Usage: 173kB
                       ->  Nested Loop  (cost=49.29..2273.46 rows=4000 width=4) (actual time=0.478..2.380 rows=4010 loops=1)
                             ->  Seq Scan on nation nation_1  (cost=0.00..1.31 rows=1 width=4) (actual time=0.005..0.007 rows=1 loops=1)
                                   Filter: (n_name = 'SAUDI ARABIA'::bpchar)
                                   Rows Removed by Filter: 24
                             ->  Bitmap Heap Scan on supplier supplier_1  (cost=49.29..2232.15 rows=4000 width=8) (actual time=0.469..1.978 rows=4010 loops=1)
                                   Recheck Cond: (s_nationkey = nation_1.n_nationkey)
                                   Heap Blocks: exact=1869
                                   ->  Bitmap Index Scan on idx_supplier_nation_key  (cost=0.00..48.29 rows=4000 width=0) (actual time=0.294..0.294 rows=4010 loops=1)
                                         Index Cond: (s_nationkey = nation_1.n_nationkey)
   ->  Sort  (cost=332780.08..333579.95 rows=319948 width=36) (actual time=3149.918..3149.920 rows=0 loops=1)
         Sort Key: (sum((partsupp.ps_supplycost * (partsupp.ps_availqty)::numeric))) DESC
         Sort Method: quicksort  Memory: 25kB
         ->  GroupAggregate  (cost=319982.16..331180.34 rows=319948 width=36) (actual time=3149.910..3149.912 rows=0 loops=1)
               Group Key: partsupp.ps_partkey
               Filter: (sum((partsupp.ps_supplycost * (partsupp.ps_availqty)::numeric)) > $1)
               Rows Removed by Filter: 301833
               ->  Sort  (cost=319982.16..320782.03 rows=319948 width=14) (actual time=1452.026..1464.173 rows=320800 loops=1)
                     Sort Key: partsupp.ps_partkey
                     Sort Method: quicksort  Memory: 25961kB
                     ->  Hash Join  (cost=2323.46..290726.95 rows=319948 width=14) (actual time=3.734..1406.119 rows=320800 loops=1)
                           Hash Cond: (partsupp.ps_suppkey = supplier.s_suppkey)
                           ->  Seq Scan on partsupp  (cost=0.00..255208.92 rows=7998692 width=18) (actual time=0.022..715.599 rows=8000000 loops=1)
                           ->  Hash  (cost=2273.46..2273.46 rows=4000 width=4) (actual time=3.683..3.684 rows=4010 loops=1)
                                 Buckets: 4096  Batches: 1  Memory Usage: 173kB
                                 ->  Nested Loop  (cost=49.29..2273.46 rows=4000 width=4) (actual time=0.751..3.325 rows=4010 loops=1)
                                       ->  Seq Scan on nation  (cost=0.00..1.31 rows=1 width=4) (actual time=0.005..0.006 rows=1 loops=1)
                                             Filter: (n_name = 'SAUDI ARABIA'::bpchar)
                                             Rows Removed by Filter: 24
                                       ->  Bitmap Heap Scan on supplier  (cost=49.29..2232.15 rows=4000 width=8) (actual time=0.744..2.942 rows=4010 loops=1)
                                             Recheck Cond: (s_nationkey = nation.n_nationkey)
                                             Heap Blocks: exact=1869
                                             ->  Bitmap Index Scan on idx_supplier_nation_key  (cost=0.00..48.29 rows=4000 width=0) (actual time=0.530..0.530 rows=4010 loops=1)
                                                   Index Cond: (s_nationkey = nation.n_nationkey)
 Planning time: 0.869 ms
 Execution time: 3149.990 ms
(43 rows)

query 12 run 1
SET
SET
SET
                                                                                                                    QUERY PLAN                                                                                                                     
---------------------------------------------------------------------------------------------------------------------------------------------------------------------------------------------------------------------------------------------------
 Limit  (cost=3117170.38..3118001.16 rows=1 width=27) (actual time=19422.114..19422.116 rows=1 loops=1)
   ->  GroupAggregate  (cost=3117170.38..3122985.85 rows=7 width=27) (actual time=19422.113..19422.115 rows=1 loops=1)
         Group Key: lineitem.l_shipmode
         ->  Sort  (cost=3117170.38..3117897.30 rows=290770 width=27) (actual time=19380.269..19386.327 rows=155572 loops=1)
               Sort Key: lineitem.l_shipmode
               Sort Method: quicksort  Memory: 31879kB
               ->  Merge Join  (cost=2500945.79..3090783.70 rows=290770 width=27) (actual time=14643.081..19306.345 rows=311258 loops=1)
                     Merge Cond: (orders.o_orderkey = lineitem.l_orderkey)
                     ->  Index Scan using orders_pkey on orders  (cost=0.43..547975.32 rows=15000659 width=20) (actual time=0.004..3682.227 rows=14999967 loops=1)
                     ->  Sort  (cost=2500945.22..2501672.14 rows=290770 width=15) (actual time=14642.980..14670.624 rows=311258 loops=1)
                           Sort Key: lineitem.l_orderkey
                           Sort Method: quicksort  Memory: 25513kB
                           ->  Seq Scan on lineitem  (cost=0.00..2474558.54 rows=290770 width=15) (actual time=0.543..14575.124 rows=311258 loops=1)
                                 Filter: ((l_shipmode = ANY ('{SHIP,"REG AIR"}'::bpchar[])) AND (l_commitdate < l_receiptdate) AND (l_shipdate < l_commitdate) AND (l_receiptdate >= '1994-01-01'::date) AND (l_receiptdate < '1995-01-01'::date))
                                 Rows Removed by Filter: 59674794
 Planning time: 18.031 ms
 Execution time: 19423.053 ms
(17 rows)

SET
SET
SET
                                                                                                                    QUERY PLAN                                                                                                                     
---------------------------------------------------------------------------------------------------------------------------------------------------------------------------------------------------------------------------------------------------
 Limit  (cost=3117170.38..3118001.16 rows=1 width=27) (actual time=16279.490..16279.491 rows=1 loops=1)
   ->  GroupAggregate  (cost=3117170.38..3122985.85 rows=7 width=27) (actual time=16279.489..16279.490 rows=1 loops=1)
         Group Key: lineitem.l_shipmode
         ->  Sort  (cost=3117170.38..3117897.30 rows=290770 width=27) (actual time=16237.568..16243.601 rows=155572 loops=1)
               Sort Key: lineitem.l_shipmode
               Sort Method: quicksort  Memory: 31879kB
               ->  Merge Join  (cost=2500945.79..3090783.70 rows=290770 width=27) (actual time=12587.053..16170.895 rows=311258 loops=1)
                     Merge Cond: (orders.o_orderkey = lineitem.l_orderkey)
                     ->  Index Scan using orders_pkey on orders  (cost=0.43..547975.32 rows=15000659 width=20) (actual time=0.004..2636.219 rows=14999967 loops=1)
                     ->  Sort  (cost=2500945.22..2501672.14 rows=290770 width=15) (actual time=12586.991..12611.474 rows=311258 loops=1)
                           Sort Key: lineitem.l_orderkey
                           Sort Method: quicksort  Memory: 25513kB
                           ->  Seq Scan on lineitem  (cost=0.00..2474558.54 rows=290770 width=15) (actual time=0.088..12516.697 rows=311258 loops=1)
                                 Filter: ((l_shipmode = ANY ('{SHIP,"REG AIR"}'::bpchar[])) AND (l_commitdate < l_receiptdate) AND (l_shipdate < l_commitdate) AND (l_receiptdate >= '1994-01-01'::date) AND (l_receiptdate < '1995-01-01'::date))
                                 Rows Removed by Filter: 59674794
 Planning time: 0.915 ms
 Execution time: 16279.609 ms
(17 rows)

query 13 run 1
SET
SET
SET
                                                                                       QUERY PLAN                                                                                        
-----------------------------------------------------------------------------------------------------------------------------------------------------------------------------------------
 Limit  (cost=2711138.32..2711138.32 rows=1 width=16) (actual time=19266.108..19266.111 rows=1 loops=1)
   ->  Sort  (cost=2711138.32..2711138.82 rows=200 width=16) (actual time=19266.107..19266.109 rows=1 loops=1)
         Sort Key: (count(*)) DESC, (count(orders.o_orderkey)) DESC
         Sort Method: top-N heapsort  Memory: 25kB
         ->  HashAggregate  (cost=2711135.32..2711137.32 rows=200 width=16) (actual time=19266.074..19266.081 rows=46 loops=1)
               Group Key: count(orders.o_orderkey)
               ->  GroupAggregate  (cost=2562261.84..2688632.85 rows=1500165 width=12) (actual time=15708.502..19085.671 rows=1500000 loops=1)
                     Group Key: customer.c_custkey
                     ->  Sort  (cost=2562261.84..2599384.96 rows=14849248 width=8) (actual time=15708.492..17519.118 rows=15337604 loops=1)
                           Sort Key: customer.c_custkey
                           Sort Method: external merge  Disk: 268424kB
                           ->  Hash Right Join  (cost=53289.96..662916.59 rows=14849248 width=8) (actual time=336.915..11104.721 rows=15337604 loops=1)
                                 Hash Cond: (orders.o_custkey = customer.c_custkey)
                                 ->  Seq Scan on orders  (cost=0.00..448776.24 rows=14849248 width=8) (actual time=0.352..5276.423 rows=14837583 loops=1)
                                       Filter: ((o_comment)::text !~~ '%special%requests%'::text)
                                       Rows Removed by Filter: 162417
                                 ->  Hash  (cost=28676.90..28676.90 rows=1500165 width=4) (actual time=335.244..335.244 rows=1500000 loops=1)
                                       Buckets: 1048576  Batches: 4  Memory Usage: 21380kB
                                       ->  Index Only Scan using customer_pkey on customer  (cost=0.43..28676.90 rows=1500165 width=4) (actual time=0.320..159.449 rows=1500000 loops=1)
                                             Heap Fetches: 0
 Planning time: 13.877 ms
 Execution time: 19305.983 ms
(22 rows)

SET
SET
SET
                                                                                       QUERY PLAN                                                                                        
-----------------------------------------------------------------------------------------------------------------------------------------------------------------------------------------
 Limit  (cost=2711138.32..2711138.32 rows=1 width=16) (actual time=18800.546..18800.548 rows=1 loops=1)
   ->  Sort  (cost=2711138.32..2711138.82 rows=200 width=16) (actual time=18800.545..18800.547 rows=1 loops=1)
         Sort Key: (count(*)) DESC, (count(orders.o_orderkey)) DESC
         Sort Method: top-N heapsort  Memory: 25kB
         ->  HashAggregate  (cost=2711135.32..2711137.32 rows=200 width=16) (actual time=18800.526..18800.533 rows=46 loops=1)
               Group Key: count(orders.o_orderkey)
               ->  GroupAggregate  (cost=2562261.84..2688632.85 rows=1500165 width=12) (actual time=15244.300..18620.783 rows=1500000 loops=1)
                     Group Key: customer.c_custkey
                     ->  Sort  (cost=2562261.84..2599384.96 rows=14849248 width=8) (actual time=15244.291..17062.112 rows=15337604 loops=1)
                           Sort Key: customer.c_custkey
                           Sort Method: external merge  Disk: 268424kB
                           ->  Hash Right Join  (cost=53289.96..662916.59 rows=14849248 width=8) (actual time=301.217..10653.024 rows=15337604 loops=1)
                                 Hash Cond: (orders.o_custkey = customer.c_custkey)
                                 ->  Seq Scan on orders  (cost=0.00..448776.24 rows=14849248 width=8) (actual time=0.035..4825.155 rows=14837583 loops=1)
                                       Filter: ((o_comment)::text !~~ '%special%requests%'::text)
                                       Rows Removed by Filter: 162417
                                 ->  Hash  (cost=28676.90..28676.90 rows=1500165 width=4) (actual time=299.834..299.834 rows=1500000 loops=1)
                                       Buckets: 1048576  Batches: 4  Memory Usage: 21380kB
                                       ->  Index Only Scan using customer_pkey on customer  (cost=0.43..28676.90 rows=1500165 width=4) (actual time=0.043..127.522 rows=1500000 loops=1)
                                             Heap Fetches: 0
 Planning time: 0.557 ms
 Execution time: 18841.392 ms
(22 rows)

query 14 run 1
SET
SET
SET
                                                                            QUERY PLAN                                                                            
------------------------------------------------------------------------------------------------------------------------------------------------------------------
 Limit  (cost=854477.57..854477.58 rows=1 width=32) (actual time=7879.060..7879.062 rows=1 loops=1)
   ->  Aggregate  (cost=854477.57..854477.58 rows=1 width=32) (actual time=7879.059..7879.060 rows=1 loops=1)
         ->  Hash Join  (cost=113059.29..839840.54 rows=836401 width=33) (actual time=1073.610..7517.592 rows=772942 loops=1)
               Hash Cond: (lineitem.l_partkey = part.p_partkey)
               ->  Bitmap Heap Scan on lineitem  (cost=13406.68..716152.37 rows=836401 width=16) (actual time=219.400..6012.631 rows=772942 loops=1)
                     Recheck Cond: ((l_shipdate >= '1994-05-01'::date) AND (l_shipdate < '1994-06-01'::date))
                     Heap Blocks: exact=416569
                     ->  Bitmap Index Scan on idx_lineitem_shipdate  (cost=0.00..13197.58 rows=836401 width=0) (actual time=143.229..143.229 rows=772942 loops=1)
                           Index Cond: ((l_shipdate >= '1994-05-01'::date) AND (l_shipdate < '1994-06-01'::date))
               ->  Hash  (cost=60980.83..60980.83 rows=1999983 width=25) (actual time=853.216..853.216 rows=2000000 loops=1)
                     Buckets: 524288  Batches: 8  Memory Usage: 18555kB
                     ->  Seq Scan on part  (cost=0.00..60980.83 rows=1999983 width=25) (actual time=0.009..539.191 rows=2000000 loops=1)
 Planning time: 16.894 ms
 Execution time: 7879.685 ms
(14 rows)

SET
SET
SET
                                                                            QUERY PLAN                                                                            
------------------------------------------------------------------------------------------------------------------------------------------------------------------
 Limit  (cost=854477.57..854477.58 rows=1 width=32) (actual time=3942.365..3942.367 rows=1 loops=1)
   ->  Aggregate  (cost=854477.57..854477.58 rows=1 width=32) (actual time=3942.364..3942.365 rows=1 loops=1)
         ->  Hash Join  (cost=113059.29..839840.54 rows=836401 width=33) (actual time=898.547..3614.001 rows=772942 loops=1)
               Hash Cond: (lineitem.l_partkey = part.p_partkey)
               ->  Bitmap Heap Scan on lineitem  (cost=13406.68..716152.37 rows=836401 width=16) (actual time=206.652..2353.944 rows=772942 loops=1)
                     Recheck Cond: ((l_shipdate >= '1994-05-01'::date) AND (l_shipdate < '1994-06-01'::date))
                     Heap Blocks: exact=416569
                     ->  Bitmap Index Scan on idx_lineitem_shipdate  (cost=0.00..13197.58 rows=836401 width=0) (actual time=130.623..130.623 rows=772942 loops=1)
                           Index Cond: ((l_shipdate >= '1994-05-01'::date) AND (l_shipdate < '1994-06-01'::date))
               ->  Hash  (cost=60980.83..60980.83 rows=1999983 width=25) (actual time=691.443..691.443 rows=2000000 loops=1)
                     Buckets: 524288  Batches: 8  Memory Usage: 18555kB
                     ->  Seq Scan on part  (cost=0.00..60980.83 rows=1999983 width=25) (actual time=0.008..391.520 rows=2000000 loops=1)
 Planning time: 0.883 ms
 Execution time: 3942.769 ms
(14 rows)

query 15 run 1
SET
SET
SET
CREATE VIEW
                                                                                QUERY PLAN                                                                                
--------------------------------------------------------------------------------------------------------------------------------------------------------------------------
 Limit  (cost=2646614.57..2646615.09 rows=1 width=104) (actual time=19609.690..19609.693 rows=1 loops=1)
   InitPlan 1 (returns $0)
     ->  Aggregate  (cost=1207744.42..1207744.43 rows=1 width=32) (actual time=6199.803..6199.804 rows=1 loops=1)
           ->  HashAggregate  (cost=1205233.89..1206489.15 rows=100421 width=36) (actual time=6156.057..6192.935 rows=100000 loops=1)
                 Group Key: lineitem_1.l_suppkey
                 ->  Bitmap Heap Scan on lineitem lineitem_1  (cost=35218.45..1183259.86 rows=2197403 width=16) (actual time=347.852..4685.647 rows=2265714 loops=1)
                       Recheck Cond: ((l_shipdate >= '1996-01-01'::date) AND (l_shipdate < '1996-04-01'::date))
                       Rows Removed by Index Recheck: 13223651
                       Heap Blocks: exact=401153 lossy=267105
                       ->  Bitmap Index Scan on idx_lineitem_shipdate  (cost=0.00..34669.10 rows=2197403 width=0) (actual time=275.191..275.191 rows=2265714 loops=1)
                             Index Cond: ((l_shipdate >= '1996-01-01'::date) AND (l_shipdate < '1996-04-01'::date))
   ->  Merge Join  (cost=1438870.14..1490969.49 rows=100421 width=104) (actual time=19609.689..19609.690 rows=1 loops=1)
         Merge Cond: (supplier.s_suppkey = lineitem.l_suppkey)
         ->  Index Scan using supplier_pkey on supplier  (cost=0.29..4135.79 rows=100000 width=72) (actual time=0.438..18.774 rows=69998 loops=1)
         ->  GroupAggregate  (cost=1438869.85..1484324.22 rows=100421 width=36) (actual time=19586.986..19586.987 rows=1 loops=1)
               Group Key: lineitem.l_suppkey
               Filter: (sum((lineitem.l_extendedprice * ('1'::numeric - lineitem.l_discount))) = $0)
               Rows Removed by Filter: 69997
               ->  Sort  (cost=1438869.85..1444363.36 rows=2197403 width=16) (actual time=12693.000..12846.741 rows=1585450 loops=1)
                     Sort Key: lineitem.l_suppkey
                     Sort Method: external merge  Disk: 60920kB
                     ->  Bitmap Heap Scan on lineitem  (cost=35218.45..1183259.86 rows=2197403 width=16) (actual time=407.718..11733.862 rows=2265714 loops=1)
                           Recheck Cond: ((l_shipdate >= '1996-01-01'::date) AND (l_shipdate < '1996-04-01'::date))
                           Rows Removed by Index Recheck: 13223651
                           Heap Blocks: exact=401153 lossy=267105
                           ->  Bitmap Index Scan on idx_lineitem_shipdate  (cost=0.00..34669.10 rows=2197403 width=0) (actual time=334.165..334.165 rows=2265714 loops=1)
                                 Index Cond: ((l_shipdate >= '1996-01-01'::date) AND (l_shipdate < '1996-04-01'::date))
 Planning time: 12.179 ms
 Execution time: 19619.078 ms
(29 rows)

DROP VIEW
SET
SET
SET
CREATE VIEW
                                                                                QUERY PLAN                                                                                
--------------------------------------------------------------------------------------------------------------------------------------------------------------------------
 Limit  (cost=2646614.57..2646615.09 rows=1 width=104) (actual time=12969.829..12969.832 rows=1 loops=1)
   InitPlan 1 (returns $0)
     ->  Aggregate  (cost=1207744.42..1207744.43 rows=1 width=32) (actual time=6202.742..6202.743 rows=1 loops=1)
           ->  HashAggregate  (cost=1205233.89..1206489.15 rows=100421 width=36) (actual time=6158.577..6195.794 rows=100000 loops=1)
                 Group Key: lineitem_1.l_suppkey
                 ->  Bitmap Heap Scan on lineitem lineitem_1  (cost=35218.45..1183259.86 rows=2197403 width=16) (actual time=347.236..4695.504 rows=2265714 loops=1)
                       Recheck Cond: ((l_shipdate >= '1996-01-01'::date) AND (l_shipdate < '1996-04-01'::date))
                       Rows Removed by Index Recheck: 13223651
                       Heap Blocks: exact=401153 lossy=267105
                       ->  Bitmap Index Scan on idx_lineitem_shipdate  (cost=0.00..34669.10 rows=2197403 width=0) (actual time=274.826..274.827 rows=2265714 loops=1)
                             Index Cond: ((l_shipdate >= '1996-01-01'::date) AND (l_shipdate < '1996-04-01'::date))
   ->  Merge Join  (cost=1438870.14..1490969.49 rows=100421 width=104) (actual time=12969.828..12969.829 rows=1 loops=1)
         Merge Cond: (supplier.s_suppkey = lineitem.l_suppkey)
         ->  Index Scan using supplier_pkey on supplier  (cost=0.29..4135.79 rows=100000 width=72) (actual time=0.040..10.870 rows=69998 loops=1)
         ->  GroupAggregate  (cost=1438869.85..1484324.22 rows=100421 width=36) (actual time=12955.121..12955.122 rows=1 loops=1)
               Group Key: lineitem.l_suppkey
               Filter: (sum((lineitem.l_extendedprice * ('1'::numeric - lineitem.l_discount))) = $0)
               Rows Removed by Filter: 69997
               ->  Sort  (cost=1438869.85..1444363.36 rows=2197403 width=16) (actual time=6058.364..6212.189 rows=1585450 loops=1)
                     Sort Key: lineitem.l_suppkey
                     Sort Method: external merge  Disk: 60920kB
                     ->  Bitmap Heap Scan on lineitem  (cost=35218.45..1183259.86 rows=2197403 width=16) (actual time=371.940..5257.997 rows=2265714 loops=1)
                           Recheck Cond: ((l_shipdate >= '1996-01-01'::date) AND (l_shipdate < '1996-04-01'::date))
                           Rows Removed by Index Recheck: 13223651
                           Heap Blocks: exact=401153 lossy=267105
                           ->  Bitmap Index Scan on idx_lineitem_shipdate  (cost=0.00..34669.10 rows=2197403 width=0) (actual time=299.517..299.517 rows=2265714 loops=1)
                                 Index Cond: ((l_shipdate >= '1996-01-01'::date) AND (l_shipdate < '1996-04-01'::date))
 Planning time: 0.930 ms
 Execution time: 12978.857 ms
(29 rows)

DROP VIEW
query 16 run 1
SET
SET
SET
                                                                                         QUERY PLAN                                                                                         
--------------------------------------------------------------------------------------------------------------------------------------------------------------------------------------------
 Limit  (cost=355726.87..355726.88 rows=1 width=44) (actual time=6487.786..6487.788 rows=1 loops=1)
   ->  Sort  (cost=355726.87..356105.55 rows=151472 width=44) (actual time=6487.785..6487.786 rows=1 loops=1)
         Sort Key: (count(DISTINCT partsupp.ps_suppkey)) DESC, part.p_brand, part.p_type, part.p_size
         Sort Method: top-N heapsort  Memory: 25kB
         ->  GroupAggregate  (cost=346292.08..354969.51 rows=151472 width=44) (actual time=5818.093..6482.309 rows=27838 loops=1)
               Group Key: part.p_brand, part.p_type, part.p_size
               ->  Sort  (cost=346292.08..347724.62 rows=573017 width=40) (actual time=5818.042..6171.507 rows=1186319 loops=1)
                     Sort Key: part.p_brand, part.p_type, part.p_size
                     Sort Method: external merge  Disk: 60592kB
                     ->  Hash Join  (cost=98033.95..281414.86 rows=573017 width=40) (actual time=809.176..3077.847 rows=1186319 loops=1)
                           Hash Cond: (partsupp.ps_partkey = part.p_partkey)
                           ->  Index Only Scan using partsupp_pkey on partsupp  (cost=3471.46..176354.07 rows=3999346 width=8) (actual time=36.980..1508.843 rows=7995520 loops=1)
                                 Filter: (NOT (hashed SubPlan 1))
                                 Rows Removed by Filter: 4480
                                 Heap Fetches: 0
                                 SubPlan 1
                                   ->  Seq Scan on supplier  (cost=0.00..3471.00 rows=10 width=4) (actual time=1.266..36.142 rows=56 loops=1)
                                         Filter: ((s_comment)::text ~~ '%Customer%Complaints%'::text)
                                         Rows Removed by Filter: 99944
                           ->  Hash  (cost=90980.58..90980.58 rows=286553 width=40) (actual time=771.560..771.561 rows=296733 loops=1)
                                 Buckets: 524288  Batches: 1  Memory Usage: 25593kB
                                 ->  Seq Scan on part  (cost=0.00..90980.58 rows=286553 width=40) (actual time=0.015..706.411 rows=296733 loops=1)
                                       Filter: ((p_brand <> 'Brand#12'::bpchar) AND ((p_type)::text !~~ 'SMALL BRUSHED%'::text) AND (p_size = ANY ('{12,32,36,26,40,34,49,9}'::integer[])))
                                       Rows Removed by Filter: 1703267
 Planning time: 13.719 ms
 Execution time: 6496.259 ms
(26 rows)

SET
SET
SET
                                                                                         QUERY PLAN                                                                                         
--------------------------------------------------------------------------------------------------------------------------------------------------------------------------------------------
 Limit  (cost=355726.87..355726.88 rows=1 width=44) (actual time=5994.384..5994.386 rows=1 loops=1)
   ->  Sort  (cost=355726.87..356105.55 rows=151472 width=44) (actual time=5994.383..5994.385 rows=1 loops=1)
         Sort Key: (count(DISTINCT partsupp.ps_suppkey)) DESC, part.p_brand, part.p_type, part.p_size
         Sort Method: top-N heapsort  Memory: 25kB
         ->  GroupAggregate  (cost=346292.08..354969.51 rows=151472 width=44) (actual time=5326.145..5989.047 rows=27838 loops=1)
               Group Key: part.p_brand, part.p_type, part.p_size
               ->  Sort  (cost=346292.08..347724.62 rows=573017 width=40) (actual time=5326.094..5679.215 rows=1186319 loops=1)
                     Sort Key: part.p_brand, part.p_type, part.p_size
                     Sort Method: external merge  Disk: 60592kB
                     ->  Hash Join  (cost=98033.95..281414.86 rows=573017 width=40) (actual time=500.451..2591.772 rows=1186319 loops=1)
                           Hash Cond: (partsupp.ps_partkey = part.p_partkey)
                           ->  Index Only Scan using partsupp_pkey on partsupp  (cost=3471.46..176354.07 rows=3999346 width=8) (actual time=20.215..1333.202 rows=7995520 loops=1)
                                 Filter: (NOT (hashed SubPlan 1))
                                 Rows Removed by Filter: 4480
                                 Heap Fetches: 0
                                 SubPlan 1
                                   ->  Seq Scan on supplier  (cost=0.00..3471.00 rows=10 width=4) (actual time=0.083..20.170 rows=56 loops=1)
                                         Filter: ((s_comment)::text ~~ '%Customer%Complaints%'::text)
                                         Rows Removed by Filter: 99944
                           ->  Hash  (cost=90980.58..90980.58 rows=286553 width=40) (actual time=479.581..479.582 rows=296733 loops=1)
                                 Buckets: 524288  Batches: 1  Memory Usage: 25593kB
                                 ->  Seq Scan on part  (cost=0.00..90980.58 rows=286553 width=40) (actual time=0.016..423.051 rows=296733 loops=1)
                                       Filter: ((p_brand <> 'Brand#12'::bpchar) AND ((p_type)::text !~~ 'SMALL BRUSHED%'::text) AND (p_size = ANY ('{12,32,36,26,40,34,49,9}'::integer[])))
                                       Rows Removed by Filter: 1703267
 Planning time: 0.694 ms
 Execution time: 6001.933 ms
(26 rows)

query 17 run 1
SET
SET
SET
                                                                              QUERY PLAN                                                                              
----------------------------------------------------------------------------------------------------------------------------------------------------------------------
 Limit  (cost=10816123.00..10816123.02 rows=1 width=32) (actual time=49765.520..49765.522 rows=1 loops=1)
   ->  Aggregate  (cost=10816123.00..10816123.02 rows=1 width=32) (actual time=49765.519..49765.521 rows=1 loops=1)
         ->  Merge Join  (cost=10131773.25..10816076.04 rows=18784 width=8) (actual time=28065.720..49763.634 rows=5319 loops=1)
               Merge Cond: (lineitem_1.l_partkey = part.p_partkey)
               Join Filter: (lineitem.l_quantity < ((0.2 * avg(lineitem_1.l_quantity))))
               Rows Removed by Join Filter: 54632
               ->  GroupAggregate  (cost=10131772.25..10611373.40 rows=1986398 width=36) (actual time=28058.448..47324.374 rows=1999333 loops=1)
                     Group Key: lineitem_1.l_partkey
                     ->  Sort  (cost=10131772.25..10281707.31 rows=59974024 width=9) (actual time=28058.413..38234.779 rows=59965994 loops=1)
                           Sort Key: lineitem_1.l_partkey
                           Sort Method: external merge  Disk: 1115736kB
                           ->  Seq Scan on lineitem lineitem_1  (cost=0.00..1724883.24 rows=59974024 width=9) (actual time=0.247..9324.537 rows=59986052 loops=1)
               ->  Materialize  (cost=0.99..179026.44 rows=56736 width=21) (actual time=1.355..2321.666 rows=59951 loops=1)
                     ->  Nested Loop  (cost=0.99..178884.60 rows=56736 width=21) (actual time=1.352..2303.332 rows=59951 loops=1)
                           ->  Index Scan using part_pkey on part  (cost=0.43..89212.09 rows=1892 width=4) (actual time=1.045..633.798 rows=1996 loops=1)
                                 Filter: ((p_brand = 'Brand#22'::bpchar) AND (p_container = 'LG BOX'::bpchar))
                                 Rows Removed by Filter: 1998004
                           ->  Index Scan using idx_lineitem_part_supp on lineitem  (cost=0.56..47.10 rows=30 width=17) (actual time=0.582..0.828 rows=30 loops=1996)
                                 Index Cond: (l_partkey = part.p_partkey)
 Planning time: 15.790 ms
 Execution time: 49891.672 ms
(21 rows)

SET
SET
SET
                                                                              QUERY PLAN                                                                              
----------------------------------------------------------------------------------------------------------------------------------------------------------------------
 Limit  (cost=10816123.00..10816123.02 rows=1 width=32) (actual time=45751.556..45751.557 rows=1 loops=1)
   ->  Aggregate  (cost=10816123.00..10816123.02 rows=1 width=32) (actual time=45751.555..45751.556 rows=1 loops=1)
         ->  Merge Join  (cost=10131773.25..10816076.04 rows=18784 width=8) (actual time=26019.205..45750.608 rows=5319 loops=1)
               Merge Cond: (lineitem_1.l_partkey = part.p_partkey)
               Join Filter: (lineitem.l_quantity < ((0.2 * avg(lineitem_1.l_quantity))))
               Rows Removed by Join Filter: 54632
               ->  GroupAggregate  (cost=10131772.25..10611373.40 rows=1986398 width=36) (actual time=26013.171..45214.488 rows=1999333 loops=1)
                     Group Key: lineitem_1.l_partkey
                     ->  Sort  (cost=10131772.25..10281707.31 rows=59974024 width=9) (actual time=26013.150..36265.677 rows=59965994 loops=1)
                           Sort Key: lineitem_1.l_partkey
                           Sort Method: external merge  Disk: 1115736kB
                           ->  Seq Scan on lineitem lineitem_1  (cost=0.00..1724883.24 rows=59974024 width=9) (actual time=0.032..7411.729 rows=59986052 loops=1)
               ->  Materialize  (cost=0.99..179026.44 rows=56736 width=21) (actual time=0.151..426.010 rows=59951 loops=1)
                     ->  Nested Loop  (cost=0.99..178884.60 rows=56736 width=21) (actual time=0.149..416.536 rows=59951 loops=1)
                           ->  Index Scan using part_pkey on part  (cost=0.43..89212.09 rows=1892 width=4) (actual time=0.138..362.595 rows=1996 loops=1)
                                 Filter: ((p_brand = 'Brand#22'::bpchar) AND (p_container = 'LG BOX'::bpchar))
                                 Rows Removed by Filter: 1998004
                           ->  Index Scan using idx_lineitem_part_supp on lineitem  (cost=0.56..47.10 rows=30 width=17) (actual time=0.004..0.022 rows=30 loops=1996)
                                 Index Cond: (l_partkey = part.p_partkey)
 Planning time: 0.725 ms
 Execution time: 45875.196 ms
(21 rows)

query 18 run 1
SET
SET
SET
                                                                                                    QUERY PLAN                                                                                                     
-------------------------------------------------------------------------------------------------------------------------------------------------------------------------------------------------------------------
 Limit  (cost=21558924.07..21558924.32 rows=100 width=71) (actual time=40851.416..40851.429 rows=99 loops=1)
   ->  Sort  (cost=21558924.07..21708787.63 rows=59945426 width=71) (actual time=40851.415..40851.422 rows=99 loops=1)
         Sort Key: orders.o_totalprice DESC, orders.o_orderdate
         Sort Method: quicksort  Memory: 32kB
         ->  GroupAggregate  (cost=17919080.90..19267852.99 rows=59945426 width=71) (actual time=40851.168..40851.339 rows=99 loops=1)
               Group Key: customer.c_custkey, orders.o_orderkey
               ->  Sort  (cost=17919080.90..18068944.47 rows=59945426 width=44) (actual time=40851.150..40851.178 rows=693 loops=1)
                     Sort Key: customer.c_custkey, orders.o_orderkey
                     Sort Method: quicksort  Memory: 79kB
                     ->  Hash Join  (cost=78722.60..7804094.68 rows=59945426 width=44) (actual time=4272.648..40850.927 rows=693 loops=1)
                           Hash Cond: (orders.o_custkey = customer.c_custkey)
                           ->  Merge Join  (cost=230.89..6739886.78 rows=59945426 width=25) (actual time=976.595..40083.789 rows=693 loops=1)
                                 Merge Cond: (orders.o_orderkey = lineitem.l_orderkey)
                                 ->  Merge Join  (cost=1.00..3681594.22 rows=14993506 width=24) (actual time=747.016..28915.246 rows=99 loops=1)
                                       Merge Cond: (orders.o_orderkey = lineitem_1.l_orderkey)
                                       ->  Index Scan using orders_pkey on orders  (cost=0.43..547975.32 rows=15000659 width=20) (actual time=0.004..2794.719 rows=14982724 loops=1)
                                       ->  GroupAggregate  (cost=0.56..2758763.37 rows=14993506 width=4) (actual time=644.310..25281.065 rows=99 loops=1)
                                             Group Key: lineitem_1.l_orderkey
                                             Filter: (sum(lineitem_1.l_quantity) > '313'::numeric)
                                             Rows Removed by Filter: 14999901
                                             ->  Index Scan using idx_lineitem_orderkey on lineitem lineitem_1  (cost=0.56..2271474.43 rows=59974024 width=9) (actual time=0.004..11748.504 rows=59986052 loops=1)
                                 ->  Index Scan using idx_lineitem_orderkey on lineitem  (cost=0.56..2271474.43 rows=59974024 width=9) (actual time=0.010..7848.582 rows=59916431 loops=1)
                           ->  Hash  (cost=50948.65..50948.65 rows=1500165 width=23) (actual time=662.049..662.050 rows=1500000 loops=1)
                                 Buckets: 524288  Batches: 4  Memory Usage: 24623kB
                                 ->  Seq Scan on customer  (cost=0.00..50948.65 rows=1500165 width=23) (actual time=0.011..418.882 rows=1500000 loops=1)
 Planning time: 22.273 ms
 Execution time: 40852.106 ms
(27 rows)

SET
SET
SET
                                                                                                    QUERY PLAN                                                                                                    
------------------------------------------------------------------------------------------------------------------------------------------------------------------------------------------------------------------
 Limit  (cost=21558924.07..21558924.32 rows=100 width=71) (actual time=37590.639..37590.651 rows=99 loops=1)
   ->  Sort  (cost=21558924.07..21708787.63 rows=59945426 width=71) (actual time=37590.638..37590.644 rows=99 loops=1)
         Sort Key: orders.o_totalprice DESC, orders.o_orderdate
         Sort Method: quicksort  Memory: 32kB
         ->  GroupAggregate  (cost=17919080.90..19267852.99 rows=59945426 width=71) (actual time=37590.390..37590.561 rows=99 loops=1)
               Group Key: customer.c_custkey, orders.o_orderkey
               ->  Sort  (cost=17919080.90..18068944.47 rows=59945426 width=44) (actual time=37590.373..37590.401 rows=693 loops=1)
                     Sort Key: customer.c_custkey, orders.o_orderkey
                     Sort Method: quicksort  Memory: 79kB
                     ->  Hash Join  (cost=78722.60..7804094.68 rows=59945426 width=44) (actual time=3681.282..37590.150 rows=693 loops=1)
                           Hash Cond: (orders.o_custkey = customer.c_custkey)
                           ->  Merge Join  (cost=230.89..6739886.78 rows=59945426 width=25) (actual time=848.439..36959.647 rows=693 loops=1)
                                 Merge Cond: (orders.o_orderkey = lineitem.l_orderkey)
                                 ->  Merge Join  (cost=1.00..3681594.22 rows=14993506 width=24) (actual time=611.444..25695.152 rows=99 loops=1)
                                       Merge Cond: (orders.o_orderkey = lineitem_1.l_orderkey)
                                       ->  Index Scan using orders_pkey on orders  (cost=0.43..547975.32 rows=15000659 width=20) (actual time=0.004..2190.830 rows=14982724 loops=1)
                                       ->  GroupAggregate  (cost=0.56..2758763.37 rows=14993506 width=4) (actual time=536.885..22686.738 rows=99 loops=1)
                                             Group Key: lineitem_1.l_orderkey
                                             Filter: (sum(lineitem_1.l_quantity) > '313'::numeric)
                                             Rows Removed by Filter: 14999901
                                             ->  Index Scan using idx_lineitem_orderkey on lineitem lineitem_1  (cost=0.56..2271474.43 rows=59974024 width=9) (actual time=0.004..9319.248 rows=59986052 loops=1)
                                 ->  Index Scan using idx_lineitem_orderkey on lineitem  (cost=0.56..2271474.43 rows=59974024 width=9) (actual time=0.011..7940.829 rows=59916431 loops=1)
                           ->  Hash  (cost=50948.65..50948.65 rows=1500165 width=23) (actual time=525.686..525.686 rows=1500000 loops=1)
                                 Buckets: 524288  Batches: 4  Memory Usage: 24623kB
                                 ->  Seq Scan on customer  (cost=0.00..50948.65 rows=1500165 width=23) (actual time=0.011..291.387 rows=1500000 loops=1)
 Planning time: 1.867 ms
 Execution time: 37590.768 ms
(27 rows)

query 19 run 1
SET
SET
SET
                                                                                                                                                                                                                                                                                                                                                                                                                                                                                                            QUERY PLAN                                                                                                                                                                                                                                                                                                                                                                                                                                                                                                            
----------------------------------------------------------------------------------------------------------------------------------------------------------------------------------------------------------------------------------------------------------------------------------------------------------------------------------------------------------------------------------------------------------------------------------------------------------------------------------------------------------------------------------------------------------------------------------------------------------------------------------------------------------------------------------------------------------------------------------------------------------------------------------------------------------------------------------------------------------------------------------------------------------------------------------------------------------------------------------------------------------------------------------
 Limit  (cost=363920.79..363920.80 rows=1 width=32) (actual time=24025.951..24025.952 rows=1 loops=1)
   ->  Aggregate  (cost=363920.79..363920.80 rows=1 width=32) (actual time=24025.950..24025.950 rows=1 loops=1)
         ->  Nested Loop  (cost=0.56..363912.29 rows=1133 width=12) (actual time=57.496..24022.459 rows=1063 loops=1)
               ->  Seq Scan on part  (cost=0.00..125980.28 rows=4855 width=30) (actual time=0.978..802.329 rows=4781 loops=1)
                     Filter: ((p_size >= 1) AND (((p_brand = 'Brand#24'::bpchar) AND (p_container = ANY ('{"SM CASE","SM BOX","SM PACK","SM PKG"}'::bpchar[])) AND (p_size <= 5)) OR ((p_brand = 'Brand#43'::bpchar) AND (p_container = ANY ('{"MED BAG","MED BOX","MED PKG","MED PACK"}'::bpchar[])) AND (p_size <= 10)) OR ((p_brand = 'Brand#44'::bpchar) AND (p_container = ANY ('{"LG CASE","LG BOX","LG PACK","LG PKG"}'::bpchar[])) AND (p_size <= 15))))
                     Rows Removed by Filter: 1995219
               ->  Index Scan using idx_lineitem_part_supp on lineitem  (cost=0.56..49.00 rows=1 width=21) (actual time=4.372..4.855 rows=0 loops=4781)
                     Index Cond: (l_partkey = part.p_partkey)
                     Filter: ((l_shipmode = ANY ('{AIR,"AIR REG"}'::bpchar[])) AND (l_shipinstruct = 'DELIVER IN PERSON'::bpchar) AND (((l_quantity >= '10'::numeric) AND (l_quantity <= '20'::numeric)) OR ((l_quantity >= '10'::numeric) AND (l_quantity <= '20'::numeric)) OR ((l_quantity >= '20'::numeric) AND (l_quantity <= '30'::numeric))) AND (((part.p_brand = 'Brand#24'::bpchar) AND (part.p_container = ANY ('{"SM CASE","SM BOX","SM PACK","SM PKG"}'::bpchar[])) AND (l_quantity >= '10'::numeric) AND (l_quantity <= '20'::numeric) AND (part.p_size <= 5)) OR ((part.p_brand = 'Brand#43'::bpchar) AND (part.p_container = ANY ('{"MED BAG","MED BOX","MED PKG","MED PACK"}'::bpchar[])) AND (l_quantity >= '10'::numeric) AND (l_quantity <= '20'::numeric) AND (part.p_size <= 10)) OR ((part.p_brand = 'Brand#44'::bpchar) AND (part.p_container = ANY ('{"LG CASE","LG BOX","LG PACK","LG PKG"}'::bpchar[])) AND (l_quantity >= '20'::numeric) AND (l_quantity <= '30'::numeric) AND (part.p_size <= 15))))
                     Rows Removed by Filter: 30
 Planning time: 18.777 ms
 Execution time: 24026.548 ms
(12 rows)

SET
SET
SET
                                                                                                                                                                                                                                                                                                                                                                                                                                                                                                            QUERY PLAN                                                                                                                                                                                                                                                                                                                                                                                                                                                                                                            
----------------------------------------------------------------------------------------------------------------------------------------------------------------------------------------------------------------------------------------------------------------------------------------------------------------------------------------------------------------------------------------------------------------------------------------------------------------------------------------------------------------------------------------------------------------------------------------------------------------------------------------------------------------------------------------------------------------------------------------------------------------------------------------------------------------------------------------------------------------------------------------------------------------------------------------------------------------------------------------------------------------------------------
 Limit  (cost=363920.79..363920.80 rows=1 width=32) (actual time=580.734..580.736 rows=1 loops=1)
   ->  Aggregate  (cost=363920.79..363920.80 rows=1 width=32) (actual time=580.734..580.734 rows=1 loops=1)
         ->  Nested Loop  (cost=0.56..363912.29 rows=1133 width=12) (actual time=1.423..579.918 rows=1063 loops=1)
               ->  Seq Scan on part  (cost=0.00..125980.28 rows=4855 width=30) (actual time=0.197..420.462 rows=4781 loops=1)
                     Filter: ((p_size >= 1) AND (((p_brand = 'Brand#24'::bpchar) AND (p_container = ANY ('{"SM CASE","SM BOX","SM PACK","SM PKG"}'::bpchar[])) AND (p_size <= 5)) OR ((p_brand = 'Brand#43'::bpchar) AND (p_container = ANY ('{"MED BAG","MED BOX","MED PKG","MED PACK"}'::bpchar[])) AND (p_size <= 10)) OR ((p_brand = 'Brand#44'::bpchar) AND (p_container = ANY ('{"LG CASE","LG BOX","LG PACK","LG PKG"}'::bpchar[])) AND (p_size <= 15))))
                     Rows Removed by Filter: 1995219
               ->  Index Scan using idx_lineitem_part_supp on lineitem  (cost=0.56..49.00 rows=1 width=21) (actual time=0.030..0.033 rows=0 loops=4781)
                     Index Cond: (l_partkey = part.p_partkey)
                     Filter: ((l_shipmode = ANY ('{AIR,"AIR REG"}'::bpchar[])) AND (l_shipinstruct = 'DELIVER IN PERSON'::bpchar) AND (((l_quantity >= '10'::numeric) AND (l_quantity <= '20'::numeric)) OR ((l_quantity >= '10'::numeric) AND (l_quantity <= '20'::numeric)) OR ((l_quantity >= '20'::numeric) AND (l_quantity <= '30'::numeric))) AND (((part.p_brand = 'Brand#24'::bpchar) AND (part.p_container = ANY ('{"SM CASE","SM BOX","SM PACK","SM PKG"}'::bpchar[])) AND (l_quantity >= '10'::numeric) AND (l_quantity <= '20'::numeric) AND (part.p_size <= 5)) OR ((part.p_brand = 'Brand#43'::bpchar) AND (part.p_container = ANY ('{"MED BAG","MED BOX","MED PKG","MED PACK"}'::bpchar[])) AND (l_quantity >= '10'::numeric) AND (l_quantity <= '20'::numeric) AND (part.p_size <= 10)) OR ((part.p_brand = 'Brand#44'::bpchar) AND (part.p_container = ANY ('{"LG CASE","LG BOX","LG PACK","LG PKG"}'::bpchar[])) AND (l_quantity >= '20'::numeric) AND (l_quantity <= '30'::numeric) AND (part.p_size <= 15))))
                     Rows Removed by Filter: 30
 Planning time: 1.140 ms
 Execution time: 580.781 ms
(12 rows)

query 20 run 1
SET
SET
SET
                                                                                          QUERY PLAN                                                                                           
-----------------------------------------------------------------------------------------------------------------------------------------------------------------------------------------------
 Limit  (cost=2957299.27..2957299.28 rows=1 width=52) (actual time=53055.401..53055.405 rows=1 loops=1)
   ->  Sort  (cost=2957299.27..2957299.28 rows=1 width=52) (actual time=53055.400..53055.403 rows=1 loops=1)
         Sort Key: supplier.s_name
         Sort Method: top-N heapsort  Memory: 25kB
         ->  Nested Loop Semi Join  (cost=2548474.16..2957299.26 rows=1 width=52) (actual time=28101.534..53053.627 rows=1821 loops=1)
               Join Filter: (supplier.s_suppkey = lineitem.l_suppkey)
               Rows Removed by Join Filter: 182001415
               ->  Nested Loop  (cost=0.00..4472.31 rows=4000 width=56) (actual time=0.372..23.602 rows=4095 loops=1)
                     Join Filter: (supplier.s_nationkey = nation.n_nationkey)
                     Rows Removed by Join Filter: 95905
                     ->  Seq Scan on nation  (cost=0.00..1.31 rows=1 width=4) (actual time=0.005..0.008 rows=1 loops=1)
                           Filter: (n_name = 'IRAQ'::bpchar)
                           Rows Removed by Filter: 24
                     ->  Seq Scan on supplier  (cost=0.00..3221.00 rows=100000 width=60) (actual time=0.362..15.947 rows=100000 loops=1)
               ->  Materialize  (cost=2548474.16..2952646.96 rows=3 width=8) (actual time=6.375..10.516 rows=44445 loops=4095)
                     ->  Merge Join  (cost=2548474.16..2952646.94 rows=3 width=8) (actual time=26107.164..36854.216 rows=59002 loops=1)
                           Merge Cond: (lineitem.l_partkey = partsupp.ps_partkey)
                           Join Filter: ((partsupp.ps_suppkey = lineitem.l_suppkey) AND ((partsupp.ps_availqty)::numeric > ((0.5 * sum(lineitem.l_quantity)))))
                           Rows Removed by Join Filter: 177498
                           ->  GroupAggregate  (cost=2548473.30..2711197.91 rows=4825473 width=40) (actual time=26106.415..31657.814 rows=5448473 loops=1)
                                 Group Key: lineitem.l_partkey, lineitem.l_suppkey
                                 ->  Sort  (cost=2548473.30..2571058.93 rows=9034252 width=13) (actual time=26106.403..27826.955 rows=9123091 loops=1)
                                       Sort Key: lineitem.l_partkey, lineitem.l_suppkey
                                       Sort Method: external merge  Disk: 205344kB
                                       ->  Bitmap Heap Scan on lineitem  (cost=144791.15..1405447.93 rows=9034252 width=13) (actual time=1234.883..22529.145 rows=9123688 loops=1)
                                             Recheck Cond: ((l_shipdate >= '1996-01-01'::date) AND (l_shipdate < '1997-01-01'::date))
                                             Rows Removed by Index Recheck: 23164080
                                             Heap Blocks: exact=518099 lossy=530696
                                             ->  Bitmap Index Scan on idx_lineitem_shipdate  (cost=0.00..142532.59 rows=9034252 width=0) (actual time=1129.980..1129.980 rows=9123688 loops=1)
                                                   Index Cond: ((l_shipdate >= '1996-01-01'::date) AND (l_shipdate < '1997-01-01'::date))
                           ->  Materialize  (cost=0.86..160894.53 rows=80795 width=16) (actual time=0.371..4731.927 rows=237286 loops=1)
                                 ->  Nested Loop  (cost=0.86..160692.54 rows=80795 width=16) (actual time=0.367..4692.782 rows=86872 loops=1)
                                       ->  Index Scan using part_pkey on part  (cost=0.43..84212.13 rows=20202 width=4) (actual time=0.106..461.547 rows=21718 loops=1)
                                             Filter: ((p_name)::text ~~ 'olive%'::text)
                                             Rows Removed by Filter: 1978282
                                       ->  Index Scan using idx_partsupp_partkey on partsupp  (cost=0.43..3.60 rows=19 width=12) (actual time=0.179..0.193 rows=4 loops=21718)
                                             Index Cond: (ps_partkey = part.p_partkey)
 Planning time: 19.303 ms
 Execution time: 53079.025 ms
(39 rows)

SET
SET
SET
                                                                                         QUERY PLAN                                                                                          
---------------------------------------------------------------------------------------------------------------------------------------------------------------------------------------------
 Limit  (cost=2957299.27..2957299.28 rows=1 width=52) (actual time=34760.647..34760.651 rows=1 loops=1)
   ->  Sort  (cost=2957299.27..2957299.28 rows=1 width=52) (actual time=34760.646..34760.649 rows=1 loops=1)
         Sort Key: supplier.s_name
         Sort Method: top-N heapsort  Memory: 25kB
         ->  Nested Loop Semi Join  (cost=2548474.16..2957299.26 rows=1 width=52) (actual time=13782.186..34758.926 rows=1821 loops=1)
               Join Filter: (supplier.s_suppkey = lineitem.l_suppkey)
               Rows Removed by Join Filter: 182001415
               ->  Nested Loop  (cost=0.00..4472.31 rows=4000 width=56) (actual time=0.018..20.156 rows=4095 loops=1)
                     Join Filter: (supplier.s_nationkey = nation.n_nationkey)
                     Rows Removed by Join Filter: 95905
                     ->  Seq Scan on nation  (cost=0.00..1.31 rows=1 width=4) (actual time=0.006..0.009 rows=1 loops=1)
                           Filter: (n_name = 'IRAQ'::bpchar)
                           Rows Removed by Filter: 24
                     ->  Seq Scan on supplier  (cost=0.00..3221.00 rows=100000 width=60) (actual time=0.009..12.476 rows=100000 loops=1)
               ->  Materialize  (cost=2548474.16..2952646.96 rows=3 width=8) (actual time=3.089..6.042 rows=44445 loops=4095)
                     ->  Merge Join  (cost=2548474.16..2952646.94 rows=3 width=8) (actual time=12649.551..18684.095 rows=59002 loops=1)
                           Merge Cond: (lineitem.l_partkey = partsupp.ps_partkey)
                           Join Filter: ((partsupp.ps_suppkey = lineitem.l_suppkey) AND ((partsupp.ps_availqty)::numeric > ((0.5 * sum(lineitem.l_quantity)))))
                           Rows Removed by Join Filter: 177498
                           ->  GroupAggregate  (cost=2548473.30..2711197.91 rows=4825473 width=40) (actual time=12649.144..17725.785 rows=5448473 loops=1)
                                 Group Key: lineitem.l_partkey, lineitem.l_suppkey
                                 ->  Sort  (cost=2548473.30..2571058.93 rows=9034252 width=13) (actual time=12649.132..14199.898 rows=9123091 loops=1)
                                       Sort Key: lineitem.l_partkey, lineitem.l_suppkey
                                       Sort Method: external merge  Disk: 205344kB
                                       ->  Bitmap Heap Scan on lineitem  (cost=144791.15..1405447.93 rows=9034252 width=13) (actual time=1087.763..9397.844 rows=9123688 loops=1)
                                             Recheck Cond: ((l_shipdate >= '1996-01-01'::date) AND (l_shipdate < '1997-01-01'::date))
                                             Rows Removed by Index Recheck: 23164080
                                             Heap Blocks: exact=518099 lossy=530696
                                             ->  Bitmap Index Scan on idx_lineitem_shipdate  (cost=0.00..142532.59 rows=9034252 width=0) (actual time=983.261..983.261 rows=9123688 loops=1)
                                                   Index Cond: ((l_shipdate >= '1996-01-01'::date) AND (l_shipdate < '1997-01-01'::date))
                           ->  Materialize  (cost=0.86..160894.53 rows=80795 width=16) (actual time=0.078..555.384 rows=237286 loops=1)
                                 ->  Nested Loop  (cost=0.86..160692.54 rows=80795 width=16) (actual time=0.075..533.402 rows=86872 loops=1)
                                       ->  Index Scan using part_pkey on part  (cost=0.43..84212.13 rows=20202 width=4) (actual time=0.052..358.795 rows=21718 loops=1)
                                             Filter: ((p_name)::text ~~ 'olive%'::text)
                                             Rows Removed by Filter: 1978282
                                       ->  Index Scan using idx_partsupp_partkey on partsupp  (cost=0.43..3.60 rows=19 width=12) (actual time=0.006..0.007 rows=4 loops=21718)
                                             Index Cond: (ps_partkey = part.p_partkey)
 Planning time: 1.876 ms
 Execution time: 34784.768 ms
(39 rows)

query 21 run 1
SET
SET
SET
                                                                                            QUERY PLAN                                                                                             
---------------------------------------------------------------------------------------------------------------------------------------------------------------------------------------------------
 Limit  (cost=4012161.18..4012161.19 rows=1 width=34) (actual time=31738.823..31738.836 rows=100 loops=1)
   ->  Sort  (cost=4012161.18..4012161.19 rows=1 width=34) (actual time=31738.822..31738.829 rows=100 loops=1)
         Sort Key: (count(*)) DESC, supplier.s_name
         Sort Method: top-N heapsort  Memory: 38kB
         ->  GroupAggregate  (cost=4012161.15..4012161.17 rows=1 width=34) (actual time=31731.766..31737.663 rows=3991 loops=1)
               Group Key: supplier.s_name
               ->  Sort  (cost=4012161.15..4012161.16 rows=1 width=26) (actual time=31731.758..31733.200 rows=39281 loops=1)
                     Sort Key: supplier.s_name
                     Sort Method: quicksort  Memory: 4605kB
                     ->  Nested Loop Anti Join  (cost=572201.38..4012161.14 rows=1 width=26) (actual time=3312.699..31565.185 rows=39281 loops=1)
                           ->  Nested Loop Semi Join  (cost=572200.81..4012157.49 rows=1 width=34) (actual time=3296.428..29923.220 rows=704306 loops=1)
                                 Join Filter: (l2.l_suppkey <> l1.l_suppkey)
                                 Rows Removed by Join Filter: 183320
                                 ->  Hash Join  (cost=572200.25..2573317.38 rows=391833 width=38) (actual time=3293.692..20114.441 rows=730985 loops=1)
                                       Hash Cond: (l1.l_orderkey = orders.o_orderkey)
                                       ->  Hash Join  (cost=2323.46..1960072.30 rows=796301 width=34) (actual time=39.994..15446.371 rows=1514267 loops=1)
                                             Hash Cond: (l1.l_suppkey = supplier.s_suppkey)
                                             ->  Seq Scan on lineitem l1  (cost=0.00..1874818.30 rows=19991341 width=8) (actual time=0.010..12006.017 rows=37929348 loops=1)
                                                   Filter: (l_receiptdate > l_commitdate)
                                                   Rows Removed by Filter: 22056704
                                             ->  Hash  (cost=2273.46..2273.46 rows=4000 width=30) (actual time=39.919..39.920 rows=3991 loops=1)
                                                   Buckets: 4096  Batches: 1  Memory Usage: 282kB
                                                   ->  Nested Loop  (cost=49.29..2273.46 rows=4000 width=30) (actual time=1.884..38.854 rows=3991 loops=1)
                                                         ->  Seq Scan on nation  (cost=0.00..1.31 rows=1 width=4) (actual time=0.004..0.006 rows=1 loops=1)
                                                               Filter: (n_name = 'PERU'::bpchar)
                                                               Rows Removed by Filter: 24
                                                         ->  Bitmap Heap Scan on supplier  (cost=49.29..2232.15 rows=4000 width=34) (actual time=1.878..38.009 rows=3991 loops=1)
                                                               Recheck Cond: (s_nationkey = nation.n_nationkey)
                                                               Heap Blocks: exact=1865
                                                               ->  Bitmap Index Scan on idx_supplier_nation_key  (cost=0.00..48.29 rows=4000 width=0) (actual time=1.687..1.687 rows=3991 loops=1)
                                                                     Index Cond: (s_nationkey = nation.n_nationkey)
                                       ->  Hash  (cost=448776.24..448776.24 rows=7381324 width=4) (actual time=3249.202..3249.202 rows=7309184 loops=1)
                                             Buckets: 1048576  Batches: 16  Memory Usage: 24248kB
                                             ->  Seq Scan on orders  (cost=0.00..448776.24 rows=7381324 width=4) (actual time=0.013..2375.938 rows=7309184 loops=1)
                                                   Filter: (o_orderstatus = 'F'::bpchar)
                                                   Rows Removed by Filter: 7690816
                                 ->  Index Scan using idx_lineitem_orderkey on lineitem l2  (cost=0.56..3.62 rows=4 width=8) (actual time=0.013..0.013 rows=1 loops=730985)
                                       Index Cond: (l_orderkey = orders.o_orderkey)
                           ->  Index Scan using idx_lineitem_orderkey on lineitem l3  (cost=0.56..3.64 rows=1 width=8) (actual time=0.002..0.002 rows=1 loops=704306)
                                 Index Cond: (l_orderkey = l1.l_orderkey)
                                 Filter: ((l_receiptdate > l_commitdate) AND (l_suppkey <> l1.l_suppkey))
                                 Rows Removed by Filter: 1
 Planning time: 22.787 ms
 Execution time: 31739.526 ms
(44 rows)

SET
SET
SET
                                                                                            QUERY PLAN                                                                                             
---------------------------------------------------------------------------------------------------------------------------------------------------------------------------------------------------
 Limit  (cost=4012161.18..4012161.19 rows=1 width=34) (actual time=23044.836..23044.850 rows=100 loops=1)
   ->  Sort  (cost=4012161.18..4012161.19 rows=1 width=34) (actual time=23044.835..23044.843 rows=100 loops=1)
         Sort Key: (count(*)) DESC, supplier.s_name
         Sort Method: top-N heapsort  Memory: 38kB
         ->  GroupAggregate  (cost=4012161.15..4012161.17 rows=1 width=34) (actual time=23037.635..23043.673 rows=3991 loops=1)
               Group Key: supplier.s_name
               ->  Sort  (cost=4012161.15..4012161.16 rows=1 width=26) (actual time=23037.626..23039.163 rows=39281 loops=1)
                     Sort Key: supplier.s_name
                     Sort Method: quicksort  Memory: 4605kB
                     ->  Nested Loop Anti Join  (cost=572201.38..4012161.14 rows=1 width=26) (actual time=2769.245..22872.832 rows=39281 loops=1)
                           ->  Nested Loop Semi Join  (cost=572200.81..4012157.49 rows=1 width=34) (actual time=2756.992..21357.359 rows=704306 loops=1)
                                 Join Filter: (l2.l_suppkey <> l1.l_suppkey)
                                 Rows Removed by Join Filter: 183320
                                 ->  Hash Join  (cost=572200.25..2573317.38 rows=391833 width=38) (actual time=2756.970..17040.195 rows=730985 loops=1)
                                       Hash Cond: (l1.l_orderkey = orders.o_orderkey)
                                       ->  Hash Join  (cost=2323.46..1960072.30 rows=796301 width=34) (actual time=15.225..12948.625 rows=1514267 loops=1)
                                             Hash Cond: (l1.l_suppkey = supplier.s_suppkey)
                                             ->  Seq Scan on lineitem l1  (cost=0.00..1874818.30 rows=19991341 width=8) (actual time=0.010..10035.047 rows=37929348 loops=1)
                                                   Filter: (l_receiptdate > l_commitdate)
                                                   Rows Removed by Filter: 22056704
                                             ->  Hash  (cost=2273.46..2273.46 rows=4000 width=30) (actual time=15.182..15.183 rows=3991 loops=1)
                                                   Buckets: 4096  Batches: 1  Memory Usage: 282kB
                                                   ->  Nested Loop  (cost=49.29..2273.46 rows=4000 width=30) (actual time=0.567..14.355 rows=3991 loops=1)
                                                         ->  Seq Scan on nation  (cost=0.00..1.31 rows=1 width=4) (actual time=0.004..0.008 rows=1 loops=1)
                                                               Filter: (n_name = 'PERU'::bpchar)
                                                               Rows Removed by Filter: 24
                                                         ->  Bitmap Heap Scan on supplier  (cost=49.29..2232.15 rows=4000 width=34) (actual time=0.560..13.683 rows=3991 loops=1)
                                                               Recheck Cond: (s_nationkey = nation.n_nationkey)
                                                               Heap Blocks: exact=1865
                                                               ->  Bitmap Index Scan on idx_supplier_nation_key  (cost=0.00..48.29 rows=4000 width=0) (actual time=0.380..0.380 rows=3991 loops=1)
                                                                     Index Cond: (s_nationkey = nation.n_nationkey)
                                       ->  Hash  (cost=448776.24..448776.24 rows=7381324 width=4) (actual time=2738.321..2738.321 rows=7309184 loops=1)
                                             Buckets: 1048576  Batches: 16  Memory Usage: 24248kB
                                             ->  Seq Scan on orders  (cost=0.00..448776.24 rows=7381324 width=4) (actual time=0.013..1899.522 rows=7309184 loops=1)
                                                   Filter: (o_orderstatus = 'F'::bpchar)
                                                   Rows Removed by Filter: 7690816
                                 ->  Index Scan using idx_lineitem_orderkey on lineitem l2  (cost=0.56..3.62 rows=4 width=8) (actual time=0.005..0.005 rows=1 loops=730985)
                                       Index Cond: (l_orderkey = orders.o_orderkey)
                           ->  Index Scan using idx_lineitem_orderkey on lineitem l3  (cost=0.56..3.64 rows=1 width=8) (actual time=0.002..0.002 rows=1 loops=704306)
                                 Index Cond: (l_orderkey = l1.l_orderkey)
                                 Filter: ((l_receiptdate > l_commitdate) AND (l_suppkey <> l1.l_suppkey))
                                 Rows Removed by Filter: 1
 Planning time: 3.022 ms
 Execution time: 23045.015 ms
(44 rows)

query 22 run 1
SET
SET
SET
                                                                          QUERY PLAN                                                                          
--------------------------------------------------------------------------------------------------------------------------------------------------------------
 Limit  (cost=161695.58..161695.61 rows=1 width=72) (actual time=2296.744..2296.746 rows=1 loops=1)
   InitPlan 1 (returns $0)
     ->  Aggregate  (cost=75445.53..75445.54 rows=1 width=32) (actual time=1008.913..1008.914 rows=1 loops=1)
           ->  Seq Scan on customer customer_1  (cost=0.00..75326.33 rows=47677 width=6) (actual time=0.007..966.382 rows=382426 loops=1)
                 Filter: ((c_acctbal > 0.00) AND ("substring"((c_phone)::text, 1, 2) = ANY ('{21,29,26,34,14,15,17}'::text[])))
                 Rows Removed by Filter: 1117574
   ->  GroupAggregate  (cost=86250.04..86458.82 rows=7592 width=72) (actual time=2296.743..2296.744 rows=1 loops=1)
         Group Key: ("substring"((customer.c_phone)::text, 1, 2))
         ->  Sort  (cost=86250.04..86269.02 rows=7592 width=38) (actual time=2294.986..2295.316 rows=9006 loops=1)
               Sort Key: ("substring"((customer.c_phone)::text, 1, 2))
               Sort Method: quicksort  Memory: 4513kB
               ->  Nested Loop Anti Join  (cost=0.43..85760.73 rows=7592 width=38) (actual time=1008.958..2273.022 rows=63509 loops=1)
                     ->  Seq Scan on customer  (cost=0.00..75326.33 rows=17502 width=26) (actual time=1008.937..1564.106 rows=191129 loops=1)
                           Filter: ((c_acctbal > $0) AND ("substring"((c_phone)::text, 1, 2) = ANY ('{21,29,26,34,14,15,17}'::text[])))
                           Rows Removed by Filter: 1308871
                     ->  Index Only Scan using idx_orders_custkey on orders  (cost=0.43..2.18 rows=18 width=4) (actual time=0.003..0.003 rows=1 loops=191129)
                           Index Cond: (o_custkey = customer.c_custkey)
                           Heap Fetches: 0
 Planning time: 14.536 ms
 Execution time: 2297.526 ms
(20 rows)

SET
SET
SET
                                                                          QUERY PLAN                                                                          
--------------------------------------------------------------------------------------------------------------------------------------------------------------
 Limit  (cost=161695.58..161695.61 rows=1 width=72) (actual time=1661.118..1661.121 rows=1 loops=1)
   InitPlan 1 (returns $0)
     ->  Aggregate  (cost=75445.53..75445.54 rows=1 width=32) (actual time=755.347..755.348 rows=1 loops=1)
           ->  Seq Scan on customer customer_1  (cost=0.00..75326.33 rows=47677 width=6) (actual time=0.007..713.340 rows=382426 loops=1)
                 Filter: ((c_acctbal > 0.00) AND ("substring"((c_phone)::text, 1, 2) = ANY ('{21,29,26,34,14,15,17}'::text[])))
                 Rows Removed by Filter: 1117574
   ->  GroupAggregate  (cost=86250.04..86458.82 rows=7592 width=72) (actual time=1661.117..1661.118 rows=1 loops=1)
         Group Key: ("substring"((customer.c_phone)::text, 1, 2))
         ->  Sort  (cost=86250.04..86269.02 rows=7592 width=38) (actual time=1659.349..1659.679 rows=9006 loops=1)
               Sort Key: ("substring"((customer.c_phone)::text, 1, 2))
               Sort Method: quicksort  Memory: 4513kB
               ->  Nested Loop Anti Join  (cost=0.43..85760.73 rows=7592 width=38) (actual time=755.399..1640.860 rows=63509 loops=1)
                     ->  Seq Scan on customer  (cost=0.00..75326.33 rows=17502 width=26) (actual time=755.375..1276.921 rows=191129 loops=1)
                           Filter: ((c_acctbal > $0) AND ("substring"((c_phone)::text, 1, 2) = ANY ('{21,29,26,34,14,15,17}'::text[])))
                           Rows Removed by Filter: 1308871
                     ->  Index Only Scan using idx_orders_custkey on orders  (cost=0.43..2.18 rows=18 width=4) (actual time=0.002..0.002 rows=1 loops=191129)
                           Index Cond: (o_custkey = customer.c_custkey)
                           Heap Fetches: 0
 Planning time: 0.749 ms
 Execution time: 1661.224 ms
(20 rows)

