query 1 run 1
SET
SET
SET
                                                                 QUERY PLAN                                                                  
---------------------------------------------------------------------------------------------------------------------------------------------
 Limit  (cost=3950595.81..3950595.82 rows=1 width=236) (actual time=78522.304..78522.306 rows=1 loops=1)
   ->  Sort  (cost=3950595.81..3950595.83 rows=6 width=236) (actual time=78522.303..78522.303 rows=1 loops=1)
         Sort Key: l_returnflag, l_linestatus
         Sort Method: top-N heapsort  Memory: 25kB
         ->  HashAggregate  (cost=3950595.62..3950595.79 rows=6 width=236) (actual time=78522.251..78522.258 rows=4 loops=1)
               Group Key: l_returnflag, l_linestatus
               Batches: 1  Memory Usage: 32kB
               ->  Seq Scan on lineitem  (cost=0.00..1874985.65 rows=59303142 width=25) (actual time=0.453..12668.251 rows=59284448 loops=1)
                     Filter: (l_shipdate <= '1998-09-10 00:00:00'::timestamp without time zone)
                     Rows Removed by Filter: 701604
 Planning Time: 15.999 ms
 Execution Time: 78523.055 ms
(12 rows)

SET
SET
SET
                                                                 QUERY PLAN                                                                  
---------------------------------------------------------------------------------------------------------------------------------------------
 Limit  (cost=3950595.81..3950595.82 rows=1 width=236) (actual time=77365.637..77365.638 rows=1 loops=1)
   ->  Sort  (cost=3950595.81..3950595.83 rows=6 width=236) (actual time=77365.636..77365.637 rows=1 loops=1)
         Sort Key: l_returnflag, l_linestatus
         Sort Method: top-N heapsort  Memory: 25kB
         ->  HashAggregate  (cost=3950595.62..3950595.79 rows=6 width=236) (actual time=77365.611..77365.618 rows=4 loops=1)
               Group Key: l_returnflag, l_linestatus
               Batches: 1  Memory Usage: 32kB
               ->  Seq Scan on lineitem  (cost=0.00..1874985.65 rows=59303142 width=25) (actual time=0.021..10902.066 rows=59284448 loops=1)
                     Filter: (l_shipdate <= '1998-09-10 00:00:00'::timestamp without time zone)
                     Rows Removed by Filter: 701604
 Planning Time: 0.543 ms
 Execution Time: 77365.697 ms
(12 rows)

query 2 run 1
SET
SET
SET
                                                                                        QUERY PLAN                                                                                         
-------------------------------------------------------------------------------------------------------------------------------------------------------------------------------------------
 Limit  (cost=1096695.19..1096695.19 rows=1 width=192) (actual time=4973.426..4973.442 rows=100 loops=1)
   ->  Sort  (cost=1096695.19..1096695.19 rows=1 width=192) (actual time=4973.425..4973.435 rows=100 loops=1)
         Sort Key: supplier.s_acctbal DESC, nation.n_name, supplier.s_name, part.p_partkey
         Sort Method: top-N heapsort  Memory: 71kB
         ->  Merge Join  (cost=558032.97..1096695.18 rows=1 width=192) (actual time=3153.577..4969.913 rows=4737 loops=1)
               Merge Cond: (part.p_partkey = partsupp.ps_partkey)
               Join Filter: (partsupp.ps_supplycost = (SubPlan 1))
               Rows Removed by Join Filter: 1661
               ->  Index Scan using part_pkey on part  (cost=0.43..89212.09 rows=8249 width=30) (actual time=0.434..780.587 rows=8046 loops=1)
                     Filter: (((p_type)::text ~~ '%NICKEL'::text) AND (p_size = 16))
                     Rows Removed by Filter: 1991954
               ->  Materialize  (cost=558021.73..566024.10 rows=1600474 width=172) (actual time=3152.054..3621.199 rows=1603828 loops=1)
                     ->  Sort  (cost=558021.73..562022.91 rows=1600474 width=172) (actual time=3152.050..3432.701 rows=1603828 loops=1)
                           Sort Key: partsupp.ps_partkey
                           Sort Method: external merge  Disk: 293512kB
                           ->  Hash Join  (cost=4048.51..305173.59 rows=1600474 width=172) (actual time=44.487..2491.749 rows=1604080 loops=1)
                                 Hash Cond: (partsupp.ps_suppkey = supplier.s_suppkey)
                                 ->  Seq Scan on partsupp  (cost=0.00..255245.71 rows=8002371 width=14) (actual time=0.514..1070.489 rows=8000000 loops=1)
                                 ->  Hash  (cost=3798.51..3798.51 rows=20000 width=166) (actual time=43.942..43.945 rows=20051 loops=1)
                                       Buckets: 32768  Batches: 1  Memory Usage: 4211kB
                                       ->  Hash Join  (cost=2.51..3798.51 rows=20000 width=166) (actual time=0.841..38.134 rows=20051 loops=1)
                                             Hash Cond: (supplier.s_nationkey = nation.n_nationkey)
                                             ->  Seq Scan on supplier  (cost=0.00..3221.00 rows=100000 width=144) (actual time=0.366..25.422 rows=100000 loops=1)
                                             ->  Hash  (cost=2.45..2.45 rows=5 width=30) (actual time=0.465..0.467 rows=5 loops=1)
                                                   Buckets: 1024  Batches: 1  Memory Usage: 9kB
                                                   ->  Hash Join  (cost=1.07..2.45 rows=5 width=30) (actual time=0.454..0.464 rows=5 loops=1)
                                                         Hash Cond: (nation.n_regionkey = region.r_regionkey)
                                                         ->  Seq Scan on nation  (cost=0.00..1.25 rows=25 width=34) (actual time=0.243..0.246 rows=25 loops=1)
                                                         ->  Hash  (cost=1.06..1.06 rows=1 width=4) (actual time=0.201..0.202 rows=1 loops=1)
                                                               Buckets: 1024  Batches: 1  Memory Usage: 9kB
                                                               ->  Seq Scan on region  (cost=0.00..1.06 rows=1 width=4) (actual time=0.195..0.197 rows=1 loops=1)
                                                                     Filter: (r_name = 'AMERICA'::bpchar)
                                                                     Rows Removed by Filter: 4
               SubPlan 1
                 ->  Aggregate  (cost=66.25..66.26 rows=1 width=32) (actual time=0.060..0.060 rows=1 loops=6398)
                       ->  Nested Loop  (cost=2.29..66.24 rows=4 width=6) (actual time=0.049..0.058 rows=2 loops=6398)
                             Join Filter: (nation_1.n_regionkey = region_1.r_regionkey)
                             Rows Removed by Join Filter: 2
                             ->  Seq Scan on region region_1  (cost=0.00..1.06 rows=1 width=4) (actual time=0.001..0.001 rows=1 loops=6398)
                                   Filter: (r_name = 'AMERICA'::bpchar)
                                   Rows Removed by Filter: 4
                             ->  Hash Join  (cost=2.29..64.95 rows=18 width=10) (actual time=0.043..0.056 rows=4 loops=6398)
                                   Hash Cond: (supplier_1.s_nationkey = nation_1.n_nationkey)
                                   ->  Nested Loop  (cost=0.72..63.33 rows=18 width=10) (actual time=0.043..0.054 rows=4 loops=6398)
                                         ->  Index Scan using idx_partsupp_partkey on partsupp partsupp_1  (cost=0.43..3.75 rows=18 width=10) (actual time=0.038..0.039 rows=4 loops=6398)
                                               Index Cond: (ps_partkey = part.p_partkey)
                                         ->  Index Scan using supplier_pkey on supplier supplier_1  (cost=0.29..3.31 rows=1 width=8) (actual time=0.003..0.003 rows=1 loops=25592)
                                               Index Cond: (s_suppkey = partsupp_1.ps_suppkey)
                                   ->  Hash  (cost=1.25..1.25 rows=25 width=8) (actual time=0.011..0.011 rows=25 loops=1)
                                         Buckets: 1024  Batches: 1  Memory Usage: 9kB
                                         ->  Seq Scan on nation nation_1  (cost=0.00..1.25 rows=25 width=8) (actual time=0.002..0.006 rows=25 loops=1)
 Planning Time: 21.203 ms
 Execution Time: 5010.953 ms
(53 rows)

SET
SET
SET
                                                                                        QUERY PLAN                                                                                         
-------------------------------------------------------------------------------------------------------------------------------------------------------------------------------------------
 Limit  (cost=1096695.19..1096695.19 rows=1 width=192) (actual time=3905.822..3905.838 rows=100 loops=1)
   ->  Sort  (cost=1096695.19..1096695.19 rows=1 width=192) (actual time=3905.821..3905.831 rows=100 loops=1)
         Sort Key: supplier.s_acctbal DESC, nation.n_name, supplier.s_name, part.p_partkey
         Sort Method: top-N heapsort  Memory: 71kB
         ->  Merge Join  (cost=558032.97..1096695.18 rows=1 width=192) (actual time=2703.096..3903.157 rows=4737 loops=1)
               Merge Cond: (part.p_partkey = partsupp.ps_partkey)
               Join Filter: (partsupp.ps_supplycost = (SubPlan 1))
               Rows Removed by Join Filter: 1661
               ->  Index Scan using part_pkey on part  (cost=0.43..89212.09 rows=8249 width=30) (actual time=0.021..472.951 rows=8046 loops=1)
                     Filter: (((p_type)::text ~~ '%NICKEL'::text) AND (p_size = 16))
                     Rows Removed by Filter: 1991954
               ->  Materialize  (cost=558021.73..566024.10 rows=1600474 width=172) (actual time=2702.981..3145.282 rows=1603828 loops=1)
                     ->  Sort  (cost=558021.73..562022.91 rows=1600474 width=172) (actual time=2702.978..2962.511 rows=1603828 loops=1)
                           Sort Key: partsupp.ps_partkey
                           Sort Method: external merge  Disk: 293512kB
                           ->  Hash Join  (cost=4048.51..305173.59 rows=1600474 width=172) (actual time=26.176..2063.375 rows=1604080 loops=1)
                                 Hash Cond: (partsupp.ps_suppkey = supplier.s_suppkey)
                                 ->  Seq Scan on partsupp  (cost=0.00..255245.71 rows=8002371 width=14) (actual time=0.034..756.708 rows=8000000 loops=1)
                                 ->  Hash  (cost=3798.51..3798.51 rows=20000 width=166) (actual time=26.126..26.128 rows=20051 loops=1)
                                       Buckets: 32768  Batches: 1  Memory Usage: 4211kB
                                       ->  Hash Join  (cost=2.51..3798.51 rows=20000 width=166) (actual time=0.025..20.999 rows=20051 loops=1)
                                             Hash Cond: (supplier.s_nationkey = nation.n_nationkey)
                                             ->  Seq Scan on supplier  (cost=0.00..3221.00 rows=100000 width=144) (actual time=0.002..5.847 rows=100000 loops=1)
                                             ->  Hash  (cost=2.45..2.45 rows=5 width=30) (actual time=0.021..0.022 rows=5 loops=1)
                                                   Buckets: 1024  Batches: 1  Memory Usage: 9kB
                                                   ->  Hash Join  (cost=1.07..2.45 rows=5 width=30) (actual time=0.015..0.021 rows=5 loops=1)
                                                         Hash Cond: (nation.n_regionkey = region.r_regionkey)
                                                         ->  Seq Scan on nation  (cost=0.00..1.25 rows=25 width=34) (actual time=0.006..0.008 rows=25 loops=1)
                                                         ->  Hash  (cost=1.06..1.06 rows=1 width=4) (actual time=0.006..0.007 rows=1 loops=1)
                                                               Buckets: 1024  Batches: 1  Memory Usage: 9kB
                                                               ->  Seq Scan on region  (cost=0.00..1.06 rows=1 width=4) (actual time=0.003..0.005 rows=1 loops=1)
                                                                     Filter: (r_name = 'AMERICA'::bpchar)
                                                                     Rows Removed by Filter: 4
               SubPlan 1
                 ->  Aggregate  (cost=66.25..66.26 rows=1 width=32) (actual time=0.017..0.017 rows=1 loops=6398)
                       ->  Nested Loop  (cost=2.29..66.24 rows=4 width=6) (actual time=0.009..0.015 rows=2 loops=6398)
                             Join Filter: (nation_1.n_regionkey = region_1.r_regionkey)
                             Rows Removed by Join Filter: 2
                             ->  Seq Scan on region region_1  (cost=0.00..1.06 rows=1 width=4) (actual time=0.001..0.001 rows=1 loops=6398)
                                   Filter: (r_name = 'AMERICA'::bpchar)
                                   Rows Removed by Filter: 4
                             ->  Hash Join  (cost=2.29..64.95 rows=18 width=10) (actual time=0.005..0.013 rows=4 loops=6398)
                                   Hash Cond: (supplier_1.s_nationkey = nation_1.n_nationkey)
                                   ->  Nested Loop  (cost=0.72..63.33 rows=18 width=10) (actual time=0.005..0.012 rows=4 loops=6398)
                                         ->  Index Scan using idx_partsupp_partkey on partsupp partsupp_1  (cost=0.43..3.75 rows=18 width=10) (actual time=0.002..0.003 rows=4 loops=6398)
                                               Index Cond: (ps_partkey = part.p_partkey)
                                         ->  Index Scan using supplier_pkey on supplier supplier_1  (cost=0.29..3.31 rows=1 width=8) (actual time=0.002..0.002 rows=1 loops=25592)
                                               Index Cond: (s_suppkey = partsupp_1.ps_suppkey)
                                   ->  Hash  (cost=1.25..1.25 rows=25 width=8) (actual time=0.011..0.011 rows=25 loops=1)
                                         Buckets: 1024  Batches: 1  Memory Usage: 9kB
                                         ->  Seq Scan on nation nation_1  (cost=0.00..1.25 rows=25 width=8) (actual time=0.003..0.006 rows=25 loops=1)
 Planning Time: 1.877 ms
 Execution Time: 3942.742 ms
(53 rows)

query 3 run 1
SET
SET
SET
                                                                                     QUERY PLAN                                                                                      
-------------------------------------------------------------------------------------------------------------------------------------------------------------------------------------
 Limit  (cost=3176969.86..3176969.89 rows=10 width=44) (actual time=25380.257..25380.262 rows=10 loops=1)
   ->  Sort  (cost=3176969.86..3184717.33 rows=3098988 width=44) (actual time=25380.255..25380.259 rows=10 loops=1)
         Sort Key: (sum((lineitem.l_extendedprice * ('1'::numeric - lineitem.l_discount)))) DESC, orders.o_orderdate
         Sort Method: top-N heapsort  Memory: 26kB
         ->  HashAggregate  (cost=3034948.23..3110001.85 rows=3098988 width=44) (actual time=25313.623..25360.336 rows=113934 loops=1)
               Group Key: lineitem.l_orderkey, orders.o_orderdate, orders.o_shippriority
               Planned Partitions: 16  Batches: 1  Memory Usage: 53265kB
               ->  Hash Join  (cost=519339.41..2872009.25 rows=3098988 width=24) (actual time=7257.581..25100.806 rows=301530 loops=1)
                     Hash Cond: (lineitem.l_orderkey = orders.o_orderkey)
                     ->  Seq Scan on lineitem  (cost=0.00..1874985.65 rows=32533950 width=16) (actual time=0.524..11277.651 rows=32534229 loops=1)
                           Filter: (l_shipdate > '1995-03-07'::date)
                           Rows Removed by Filter: 27451823
                     ->  Hash  (cost=494504.91..494504.91 rows=1428680 width=12) (actual time=7253.501..7253.503 rows=1451805 loops=1)
                           Buckets: 2097152  Batches: 2  Memory Usage: 47606kB
                           ->  Hash Join  (cost=123769.89..494504.91 rows=1428680 width=12) (actual time=1053.047..6940.807 rows=1451805 loops=1)
                                 Hash Cond: (orders.o_custkey = customer.c_custkey)
                                 ->  Bitmap Heap Scan on orders  (cost=65372.94..417109.51 rows=7237485 width=16) (actual time=542.141..4795.221 rows=7239437 loops=1)
                                       Recheck Cond: (o_orderdate < '1995-03-07'::date)
                                       Heap Blocks: exact=261268
                                       ->  Bitmap Index Scan on idx_orders_orderdate  (cost=0.00..63563.57 rows=7237485 width=0) (actual time=491.360..491.361 rows=7239437 loops=1)
                                             Index Cond: (o_orderdate < '1995-03-07'::date)
                                 ->  Hash  (cost=54695.91..54695.91 rows=296083 width=4) (actual time=510.148..510.149 rows=300276 loops=1)
                                       Buckets: 524288  Batches: 1  Memory Usage: 14653kB
                                       ->  Seq Scan on customer  (cost=0.00..54695.91 rows=296083 width=4) (actual time=0.330..456.178 rows=300276 loops=1)
                                             Filter: (c_mktsegment = 'BUILDING'::bpchar)
                                             Rows Removed by Filter: 1199724
 Planning Time: 21.785 ms
 Execution Time: 25381.856 ms
(28 rows)

SET
SET
SET
                                                                                     QUERY PLAN                                                                                      
-------------------------------------------------------------------------------------------------------------------------------------------------------------------------------------
 Limit  (cost=3176969.86..3176969.89 rows=10 width=44) (actual time=20596.454..20596.459 rows=10 loops=1)
   ->  Sort  (cost=3176969.86..3184717.33 rows=3098988 width=44) (actual time=20596.452..20596.456 rows=10 loops=1)
         Sort Key: (sum((lineitem.l_extendedprice * ('1'::numeric - lineitem.l_discount)))) DESC, orders.o_orderdate
         Sort Method: top-N heapsort  Memory: 26kB
         ->  HashAggregate  (cost=3034948.23..3110001.85 rows=3098988 width=44) (actual time=20530.151..20576.568 rows=113934 loops=1)
               Group Key: lineitem.l_orderkey, orders.o_orderdate, orders.o_shippriority
               Planned Partitions: 16  Batches: 1  Memory Usage: 53265kB
               ->  Hash Join  (cost=519339.41..2872009.25 rows=3098988 width=24) (actual time=4558.131..20326.931 rows=301530 loops=1)
                     Hash Cond: (lineitem.l_orderkey = orders.o_orderkey)
                     ->  Seq Scan on lineitem  (cost=0.00..1874985.65 rows=32533950 width=16) (actual time=0.034..9313.535 rows=32534229 loops=1)
                           Filter: (l_shipdate > '1995-03-07'::date)
                           Rows Removed by Filter: 27451823
                     ->  Hash  (cost=494504.91..494504.91 rows=1428680 width=12) (actual time=4555.293..4555.295 rows=1451805 loops=1)
                           Buckets: 2097152  Batches: 2  Memory Usage: 47606kB
                           ->  Hash Join  (cost=123769.89..494504.91 rows=1428680 width=12) (actual time=887.529..4284.409 rows=1451805 loops=1)
                                 Hash Cond: (orders.o_custkey = customer.c_custkey)
                                 ->  Bitmap Heap Scan on orders  (cost=65372.94..417109.51 rows=7237485 width=16) (actual time=511.817..2387.378 rows=7239437 loops=1)
                                       Recheck Cond: (o_orderdate < '1995-03-07'::date)
                                       Heap Blocks: exact=261268
                                       ->  Bitmap Index Scan on idx_orders_orderdate  (cost=0.00..63563.57 rows=7237485 width=0) (actual time=461.555..461.555 rows=7239437 loops=1)
                                             Index Cond: (o_orderdate < '1995-03-07'::date)
                                 ->  Hash  (cost=54695.91..54695.91 rows=296083 width=4) (actual time=374.950..374.951 rows=300276 loops=1)
                                       Buckets: 524288  Batches: 1  Memory Usage: 14653kB
                                       ->  Seq Scan on customer  (cost=0.00..54695.91 rows=296083 width=4) (actual time=0.029..324.060 rows=300276 loops=1)
                                             Filter: (c_mktsegment = 'BUILDING'::bpchar)
                                             Rows Removed by Filter: 1199724
 Planning Time: 1.341 ms
 Execution Time: 20597.820 ms
(28 rows)

query 4 run 1
SET
SET
SET
                                                                             QUERY PLAN                                                                             
--------------------------------------------------------------------------------------------------------------------------------------------------------------------
 Limit  (cost=2030878.49..2030878.49 rows=1 width=24) (actual time=18772.688..18772.689 rows=1 loops=1)
   ->  Sort  (cost=2030878.49..2030878.50 rows=5 width=24) (actual time=18772.687..18772.688 rows=1 loops=1)
         Sort Key: orders.o_orderpriority
         Sort Method: top-N heapsort  Memory: 25kB
         ->  HashAggregate  (cost=2030878.41..2030878.46 rows=5 width=24) (actual time=18772.665..18772.666 rows=5 loops=1)
               Group Key: orders.o_orderpriority
               Batches: 1  Memory Usage: 24kB
               ->  Nested Loop Semi Join  (cost=6346.01..2028128.24 rows=550034 width=16) (actual time=110.754..18484.556 rows=513822 loops=1)
                     ->  Bitmap Heap Scan on orders  (cost=6345.45..275864.93 rows=550099 width=20) (actual time=110.186..4976.020 rows=560424 loops=1)
                           Recheck Cond: ((o_orderdate >= '1993-12-01'::date) AND (o_orderdate < '1994-03-01'::date))
                           Heap Blocks: exact=231887
                           ->  Bitmap Index Scan on idx_orders_orderdate  (cost=0.00..6207.93 rows=550099 width=0) (actual time=64.643..64.644 rows=560424 loops=1)
                                 Index Cond: ((o_orderdate >= '1993-12-01'::date) AND (o_orderdate < '1994-03-01'::date))
                     ->  Index Scan using idx_lineitem_orderkey on lineitem  (cost=0.56..3.61 rows=1 width=4) (actual time=0.023..0.023 rows=1 loops=560424)
                           Index Cond: (l_orderkey = orders.o_orderkey)
                           Filter: (l_commitdate < l_receiptdate)
                           Rows Removed by Filter: 1
 Planning Time: 18.170 ms
 Execution Time: 18773.928 ms
(19 rows)

SET
SET
SET
                                                                             QUERY PLAN                                                                             
--------------------------------------------------------------------------------------------------------------------------------------------------------------------
 Limit  (cost=2030878.49..2030878.49 rows=1 width=24) (actual time=4688.823..4688.824 rows=1 loops=1)
   ->  Sort  (cost=2030878.49..2030878.50 rows=5 width=24) (actual time=4688.821..4688.822 rows=1 loops=1)
         Sort Key: orders.o_orderpriority
         Sort Method: top-N heapsort  Memory: 25kB
         ->  HashAggregate  (cost=2030878.41..2030878.46 rows=5 width=24) (actual time=4688.799..4688.801 rows=5 loops=1)
               Group Key: orders.o_orderpriority
               Batches: 1  Memory Usage: 24kB
               ->  Nested Loop Semi Join  (cost=6346.01..2028128.24 rows=550034 width=16) (actual time=109.272..4468.400 rows=513822 loops=1)
                     ->  Bitmap Heap Scan on orders  (cost=6345.45..275864.93 rows=550099 width=20) (actual time=109.243..1231.481 rows=560424 loops=1)
                           Recheck Cond: ((o_orderdate >= '1993-12-01'::date) AND (o_orderdate < '1994-03-01'::date))
                           Heap Blocks: exact=231887
                           ->  Bitmap Index Scan on idx_orders_orderdate  (cost=0.00..6207.93 rows=550099 width=0) (actual time=64.331..64.331 rows=560424 loops=1)
                                 Index Cond: ((o_orderdate >= '1993-12-01'::date) AND (o_orderdate < '1994-03-01'::date))
                     ->  Index Scan using idx_lineitem_orderkey on lineitem  (cost=0.56..3.61 rows=1 width=4) (actual time=0.005..0.005 rows=1 loops=560424)
                           Index Cond: (l_orderkey = orders.o_orderkey)
                           Filter: (l_commitdate < l_receiptdate)
                           Rows Removed by Filter: 1
 Planning Time: 1.592 ms
 Execution Time: 4688.898 ms
(19 rows)

query 5 run 1
SET
SET
SET
                                                                                        QUERY PLAN                                                                                         
-------------------------------------------------------------------------------------------------------------------------------------------------------------------------------------------
 Limit  (cost=2044169.04..2044169.04 rows=1 width=58) (actual time=22328.196..22328.202 rows=1 loops=1)
   ->  Sort  (cost=2044169.04..2044169.10 rows=25 width=58) (actual time=22328.195..22328.200 rows=1 loops=1)
         Sort Key: (sum((lineitem.l_extendedprice * ('1'::numeric - lineitem.l_discount)))) DESC
         Sort Method: top-N heapsort  Memory: 25kB
         ->  GroupAggregate  (cost=2043275.58..2044168.92 rows=25 width=58) (actual time=22301.737..22328.178 rows=5 loops=1)
               Group Key: nation.n_name
               ->  Sort  (cost=2043275.58..2043454.18 rows=71442 width=38) (actual time=22295.147..22298.321 rows=72033 loops=1)
                     Sort Key: nation.n_name
                     Sort Method: quicksort  Memory: 8700kB
                     ->  Hash Join  (cost=93795.49..2037515.75 rows=71442 width=38) (actual time=884.775..22245.478 rows=72033 loops=1)
                           Hash Cond: ((lineitem.l_suppkey = supplier.s_suppkey) AND (customer.c_nationkey = supplier.s_nationkey))
                           ->  Nested Loop  (cost=89074.49..2023417.74 rows=1786095 width=50) (actual time=833.451..21763.395 rows=1815327 loops=1)
                                 ->  Hash Join  (cost=89073.93..396674.27 rows=446577 width=38) (actual time=833.059..6920.053 rows=453399 loops=1)
                                       Hash Cond: (orders.o_custkey = customer.c_custkey)
                                       ->  Bitmap Heap Scan on orders  (cost=25751.00..320512.26 rows=2232884 width=8) (actual time=225.941..5634.310 rows=2276638 loops=1)
                                             Recheck Cond: ((o_orderdate >= '1993-01-01'::date) AND (o_orderdate < '1994-01-01'::date))
                                             Heap Blocks: exact=261246
                                             ->  Bitmap Index Scan on idx_orders_orderdate  (cost=0.00..25192.78 rows=2232884 width=0) (actual time=174.476..174.476 rows=2276638 loops=1)
                                                   Index Cond: ((o_orderdate >= '1993-01-01'::date) AND (o_orderdate < '1994-01-01'::date))
                                       ->  Hash  (cost=59573.14..59573.14 rows=299983 width=38) (actual time=606.673..606.675 rows=299436 loops=1)
                                             Buckets: 524288  Batches: 1  Memory Usage: 25151kB
                                             ->  Hash Join  (cost=2.51..59573.14 rows=299983 width=38) (actual time=1.156..542.630 rows=299436 loops=1)
                                                   Hash Cond: (customer.c_nationkey = nation.n_nationkey)
                                                   ->  Seq Scan on customer  (cost=0.00..50946.13 rows=1499913 width=8) (actual time=0.486..371.659 rows=1500000 loops=1)
                                                   ->  Hash  (cost=2.45..2.45 rows=5 width=30) (actual time=0.661..0.663 rows=5 loops=1)
                                                         Buckets: 1024  Batches: 1  Memory Usage: 9kB
                                                         ->  Hash Join  (cost=1.07..2.45 rows=5 width=30) (actual time=0.656..0.661 rows=5 loops=1)
                                                               Hash Cond: (nation.n_regionkey = region.r_regionkey)
                                                               ->  Seq Scan on nation  (cost=0.00..1.25 rows=25 width=34) (actual time=0.324..0.326 rows=25 loops=1)
                                                               ->  Hash  (cost=1.06..1.06 rows=1 width=4) (actual time=0.324..0.325 rows=1 loops=1)
                                                                     Buckets: 1024  Batches: 1  Memory Usage: 9kB
                                                                     ->  Seq Scan on region  (cost=0.00..1.06 rows=1 width=4) (actual time=0.319..0.321 rows=1 loops=1)
                                                                           Filter: (r_name = 'AMERICA'::bpchar)
                                                                           Rows Removed by Filter: 4
                                 ->  Index Scan using idx_lineitem_orderkey on lineitem  (cost=0.56..3.60 rows=4 width=20) (actual time=0.029..0.032 rows=4 loops=453399)
                                       Index Cond: (l_orderkey = orders.o_orderkey)
                           ->  Hash  (cost=3221.00..3221.00 rows=100000 width=8) (actual time=46.004..46.005 rows=100000 loops=1)
                                 Buckets: 131072  Batches: 1  Memory Usage: 4931kB
                                 ->  Seq Scan on supplier  (cost=0.00..3221.00 rows=100000 width=8) (actual time=0.380..29.651 rows=100000 loops=1)
 Planning Time: 29.453 ms
 Execution Time: 22329.100 ms
(41 rows)

SET
SET
SET
                                                                                        QUERY PLAN                                                                                         
-------------------------------------------------------------------------------------------------------------------------------------------------------------------------------------------
 Limit  (cost=2044169.04..2044169.04 rows=1 width=58) (actual time=6035.292..6035.299 rows=1 loops=1)
   ->  Sort  (cost=2044169.04..2044169.10 rows=25 width=58) (actual time=6035.290..6035.297 rows=1 loops=1)
         Sort Key: (sum((lineitem.l_extendedprice * ('1'::numeric - lineitem.l_discount)))) DESC
         Sort Method: top-N heapsort  Memory: 25kB
         ->  GroupAggregate  (cost=2043275.58..2044168.92 rows=25 width=58) (actual time=6008.763..6035.275 rows=5 loops=1)
               Group Key: nation.n_name
               ->  Sort  (cost=2043275.58..2043454.18 rows=71442 width=38) (actual time=6002.180..6005.319 rows=72033 loops=1)
                     Sort Key: nation.n_name
                     Sort Method: quicksort  Memory: 8700kB
                     ->  Hash Join  (cost=93795.49..2037515.75 rows=71442 width=38) (actual time=726.993..5968.833 rows=72033 loops=1)
                           Hash Cond: ((lineitem.l_suppkey = supplier.s_suppkey) AND (customer.c_nationkey = supplier.s_nationkey))
                           ->  Nested Loop  (cost=89074.49..2023417.74 rows=1786095 width=50) (actual time=687.043..5547.427 rows=1815327 loops=1)
                                 ->  Hash Join  (cost=89073.93..396674.27 rows=446577 width=38) (actual time=687.021..2582.086 rows=453399 loops=1)
                                       Hash Cond: (orders.o_custkey = customer.c_custkey)
                                       ->  Bitmap Heap Scan on orders  (cost=25751.00..320512.26 rows=2232884 width=8) (actual time=214.237..1533.420 rows=2276638 loops=1)
                                             Recheck Cond: ((o_orderdate >= '1993-01-01'::date) AND (o_orderdate < '1994-01-01'::date))
                                             Heap Blocks: exact=261246
                                             ->  Bitmap Index Scan on idx_orders_orderdate  (cost=0.00..25192.78 rows=2232884 width=0) (actual time=164.016..164.017 rows=2276638 loops=1)
                                                   Index Cond: ((o_orderdate >= '1993-01-01'::date) AND (o_orderdate < '1994-01-01'::date))
                                       ->  Hash  (cost=59573.14..59573.14 rows=299983 width=38) (actual time=472.427..472.430 rows=299436 loops=1)
                                             Buckets: 524288  Batches: 1  Memory Usage: 25151kB
                                             ->  Hash Join  (cost=2.51..59573.14 rows=299983 width=38) (actual time=0.058..411.595 rows=299436 loops=1)
                                                   Hash Cond: (customer.c_nationkey = nation.n_nationkey)
                                                   ->  Seq Scan on customer  (cost=0.00..50946.13 rows=1499913 width=8) (actual time=0.019..247.904 rows=1500000 loops=1)
                                                   ->  Hash  (cost=2.45..2.45 rows=5 width=30) (actual time=0.032..0.034 rows=5 loops=1)
                                                         Buckets: 1024  Batches: 1  Memory Usage: 9kB
                                                         ->  Hash Join  (cost=1.07..2.45 rows=5 width=30) (actual time=0.027..0.032 rows=5 loops=1)
                                                               Hash Cond: (nation.n_regionkey = region.r_regionkey)
                                                               ->  Seq Scan on nation  (cost=0.00..1.25 rows=25 width=34) (actual time=0.007..0.008 rows=25 loops=1)
                                                               ->  Hash  (cost=1.06..1.06 rows=1 width=4) (actual time=0.015..0.016 rows=1 loops=1)
                                                                     Buckets: 1024  Batches: 1  Memory Usage: 9kB
                                                                     ->  Seq Scan on region  (cost=0.00..1.06 rows=1 width=4) (actual time=0.012..0.013 rows=1 loops=1)
                                                                           Filter: (r_name = 'AMERICA'::bpchar)
                                                                           Rows Removed by Filter: 4
                                 ->  Index Scan using idx_lineitem_orderkey on lineitem  (cost=0.56..3.60 rows=4 width=20) (actual time=0.005..0.006 rows=4 loops=453399)
                                       Index Cond: (l_orderkey = orders.o_orderkey)
                           ->  Hash  (cost=3221.00..3221.00 rows=100000 width=8) (actual time=39.684..39.684 rows=100000 loops=1)
                                 Buckets: 131072  Batches: 1  Memory Usage: 4931kB
                                 ->  Seq Scan on supplier  (cost=0.00..3221.00 rows=100000 width=8) (actual time=0.015..22.009 rows=100000 loops=1)
 Planning Time: 4.270 ms
 Execution Time: 6035.504 ms
(41 rows)

query 6 run 1
SET
SET
SET
                                                                                                          QUERY PLAN                                                                                                           
-------------------------------------------------------------------------------------------------------------------------------------------------------------------------------------------------------------------------------
 Limit  (cost=1993752.23..1993752.24 rows=1 width=32) (actual time=13989.317..13989.318 rows=1 loops=1)
   ->  Aggregate  (cost=1993752.23..1993752.24 rows=1 width=32) (actual time=13989.315..13989.315 rows=1 loops=1)
         ->  Bitmap Heap Scan on lineitem  (cost=215346.90..1987604.85 rows=1229476 width=12) (actual time=1290.134..13279.412 rows=1194558 loops=1)
               Recheck Cond: ((l_shipdate >= '1993-01-01'::date) AND (l_shipdate < '1994-01-01 00:00:00'::timestamp without time zone) AND (l_discount >= 0.06) AND (l_discount <= 0.08) AND (l_quantity < '25'::numeric))
               Rows Removed by Index Recheck: 13724091
               Heap Blocks: exact=395900 lossy=267068
               ->  Bitmap Index Scan on idx_lineitem_shipdate  (cost=0.00..215039.53 rows=1229476 width=0) (actual time=1207.625..1207.625 rows=1194558 loops=1)
                     Index Cond: ((l_shipdate >= '1993-01-01'::date) AND (l_shipdate < '1994-01-01 00:00:00'::timestamp without time zone) AND (l_discount >= 0.06) AND (l_discount <= 0.08) AND (l_quantity < '25'::numeric))
 Planning Time: 11.022 ms
 Execution Time: 13990.887 ms
(10 rows)

SET
SET
SET
                                                                                                          QUERY PLAN                                                                                                           
-------------------------------------------------------------------------------------------------------------------------------------------------------------------------------------------------------------------------------
 Limit  (cost=1993752.23..1993752.24 rows=1 width=32) (actual time=6427.735..6427.737 rows=1 loops=1)
   ->  Aggregate  (cost=1993752.23..1993752.24 rows=1 width=32) (actual time=6427.734..6427.735 rows=1 loops=1)
         ->  Bitmap Heap Scan on lineitem  (cost=215346.90..1987604.85 rows=1229476 width=12) (actual time=1160.954..6028.292 rows=1194558 loops=1)
               Recheck Cond: ((l_shipdate >= '1993-01-01'::date) AND (l_shipdate < '1994-01-01 00:00:00'::timestamp without time zone) AND (l_discount >= 0.06) AND (l_discount <= 0.08) AND (l_quantity < '25'::numeric))
               Rows Removed by Index Recheck: 13724091
               Heap Blocks: exact=395900 lossy=267068
               ->  Bitmap Index Scan on idx_lineitem_shipdate  (cost=0.00..215039.53 rows=1229476 width=0) (actual time=1079.249..1079.249 rows=1194558 loops=1)
                     Index Cond: ((l_shipdate >= '1993-01-01'::date) AND (l_shipdate < '1994-01-01 00:00:00'::timestamp without time zone) AND (l_discount >= 0.06) AND (l_discount <= 0.08) AND (l_quantity < '25'::numeric))
 Planning Time: 0.882 ms
 Execution Time: 6427.942 ms
(10 rows)

query 7 run 1
SET
SET
SET
                                                                                 QUERY PLAN                                                                                  
-----------------------------------------------------------------------------------------------------------------------------------------------------------------------------
 Limit  (cost=2716010.10..2716010.22 rows=1 width=116) (actual time=18976.624..18976.630 rows=1 loops=1)
   ->  GroupAggregate  (cost=2716010.10..2717206.18 rows=10028 width=116) (actual time=18976.622..18976.628 rows=1 loops=1)
         Group Key: n1.n_name, n2.n_name, (EXTRACT(year FROM lineitem.l_shipdate))
         ->  Sort  (cost=2716010.10..2716159.48 rows=59752 width=96) (actual time=18967.700..18968.398 rows=14421 loops=1)
               Sort Key: n1.n_name, n2.n_name, (EXTRACT(year FROM lineitem.l_shipdate))
               Sort Method: quicksort  Memory: 7858kB
               ->  Hash Join  (cost=563381.40..2711269.76 rows=59752 width=96) (actual time=5204.330..18933.232 rows=57794 loops=1)
                     Hash Cond: (lineitem.l_orderkey = orders.o_orderkey)
                     Join Filter: (((n1.n_name = 'PERU'::bpchar) AND (n2.n_name = 'MOROCCO'::bpchar)) OR ((n1.n_name = 'MOROCCO'::bpchar) AND (n2.n_name = 'PERU'::bpchar)))
                     Rows Removed by Join Filter: 58158
                     ->  Hash Join  (cost=3629.40..2110243.92 rows=1435786 width=46) (actual time=36.428..13073.175 rows=1455694 loops=1)
                           Hash Cond: (lineitem.l_suppkey = supplier.s_suppkey)
                           ->  Seq Scan on lineitem  (cost=0.00..2024954.18 rows=17947329 width=24) (actual time=0.438..10804.335 rows=18230325 loops=1)
                                 Filter: ((l_shipdate >= '1995-01-01'::date) AND (l_shipdate <= '1996-12-31'::date))
                                 Rows Removed by Filter: 41755727
                           ->  Hash  (cost=3529.40..3529.40 rows=8000 width=30) (actual time=35.976..35.977 rows=7981 loops=1)
                                 Buckets: 8192  Batches: 1  Memory Usage: 548kB
                                 ->  Hash Join  (cost=1.40..3529.40 rows=8000 width=30) (actual time=0.556..34.505 rows=7981 loops=1)
                                       Hash Cond: (supplier.s_nationkey = n1.n_nationkey)
                                       ->  Seq Scan on supplier  (cost=0.00..3221.00 rows=100000 width=8) (actual time=0.324..24.275 rows=100000 loops=1)
                                       ->  Hash  (cost=1.38..1.38 rows=2 width=30) (actual time=0.223..0.224 rows=2 loops=1)
                                             Buckets: 1024  Batches: 1  Memory Usage: 9kB
                                             ->  Seq Scan on nation n1  (cost=0.00..1.38 rows=2 width=30) (actual time=0.214..0.218 rows=2 loops=1)
                                                   Filter: ((n_name = 'PERU'::bpchar) OR (n_name = 'MOROCCO'::bpchar))
                                                   Rows Removed by Filter: 23
                     ->  Hash  (cost=536550.36..536550.36 rows=1199891 width=30) (actual time=5164.248..5164.250 rows=1191175 loops=1)
                           Buckets: 1048576  Batches: 2  Memory Usage: 44259kB
                           ->  Hash Join  (cost=57052.18..536550.36 rows=1199891 width=30) (actual time=551.920..4901.364 rows=1191175 loops=1)
                                 Hash Cond: (orders.o_custkey = customer.c_custkey)
                                 ->  Seq Scan on orders  (cost=0.00..411254.38 rows=14998638 width=8) (actual time=0.866..1699.332 rows=15000000 loops=1)
                                 ->  Hash  (cost=55552.27..55552.27 rows=119993 width=30) (actual time=550.723..550.724 rows=119622 loops=1)
                                       Buckets: 131072  Batches: 1  Memory Usage: 8267kB
                                       ->  Hash Join  (cost=1.40..55552.27 rows=119993 width=30) (actual time=0.466..524.396 rows=119622 loops=1)
                                             Hash Cond: (customer.c_nationkey = n2.n_nationkey)
                                             ->  Seq Scan on customer  (cost=0.00..50946.13 rows=1499913 width=8) (actual time=0.442..374.095 rows=1500000 loops=1)
                                             ->  Hash  (cost=1.38..1.38 rows=2 width=30) (actual time=0.017..0.018 rows=2 loops=1)
                                                   Buckets: 1024  Batches: 1  Memory Usage: 9kB
                                                   ->  Seq Scan on nation n2  (cost=0.00..1.38 rows=2 width=30) (actual time=0.011..0.014 rows=2 loops=1)
                                                         Filter: ((n_name = 'MOROCCO'::bpchar) OR (n_name = 'PERU'::bpchar))
                                                         Rows Removed by Filter: 23
 Planning Time: 26.553 ms
 Execution Time: 18977.521 ms
(42 rows)

SET
SET
SET
                                                                                 QUERY PLAN                                                                                  
-----------------------------------------------------------------------------------------------------------------------------------------------------------------------------
 Limit  (cost=2716010.10..2716010.22 rows=1 width=116) (actual time=15615.925..15615.931 rows=1 loops=1)
   ->  GroupAggregate  (cost=2716010.10..2717206.18 rows=10028 width=116) (actual time=15615.923..15615.929 rows=1 loops=1)
         Group Key: n1.n_name, n2.n_name, (EXTRACT(year FROM lineitem.l_shipdate))
         ->  Sort  (cost=2716010.10..2716159.48 rows=59752 width=96) (actual time=15607.180..15607.866 rows=14421 loops=1)
               Sort Key: n1.n_name, n2.n_name, (EXTRACT(year FROM lineitem.l_shipdate))
               Sort Method: quicksort  Memory: 7858kB
               ->  Hash Join  (cost=563381.40..2711269.76 rows=59752 width=96) (actual time=4282.771..15574.838 rows=57794 loops=1)
                     Hash Cond: (lineitem.l_orderkey = orders.o_orderkey)
                     Join Filter: (((n1.n_name = 'PERU'::bpchar) AND (n2.n_name = 'MOROCCO'::bpchar)) OR ((n1.n_name = 'MOROCCO'::bpchar) AND (n2.n_name = 'PERU'::bpchar)))
                     Rows Removed by Join Filter: 58158
                     ->  Hash Join  (cost=3629.40..2110243.92 rows=1435786 width=46) (actual time=19.645..10670.392 rows=1455694 loops=1)
                           Hash Cond: (lineitem.l_suppkey = supplier.s_suppkey)
                           ->  Seq Scan on lineitem  (cost=0.00..2024954.18 rows=17947329 width=24) (actual time=0.033..8764.013 rows=18230325 loops=1)
                                 Filter: ((l_shipdate >= '1995-01-01'::date) AND (l_shipdate <= '1996-12-31'::date))
                                 Rows Removed by Filter: 41755727
                           ->  Hash  (cost=3529.40..3529.40 rows=8000 width=30) (actual time=19.603..19.605 rows=7981 loops=1)
                                 Buckets: 8192  Batches: 1  Memory Usage: 548kB
                                 ->  Hash Join  (cost=1.40..3529.40 rows=8000 width=30) (actual time=0.019..18.568 rows=7981 loops=1)
                                       Hash Cond: (supplier.s_nationkey = n1.n_nationkey)
                                       ->  Seq Scan on supplier  (cost=0.00..3221.00 rows=100000 width=8) (actual time=0.002..5.737 rows=100000 loops=1)
                                       ->  Hash  (cost=1.38..1.38 rows=2 width=30) (actual time=0.014..0.014 rows=2 loops=1)
                                             Buckets: 1024  Batches: 1  Memory Usage: 9kB
                                             ->  Seq Scan on nation n1  (cost=0.00..1.38 rows=2 width=30) (actual time=0.010..0.012 rows=2 loops=1)
                                                   Filter: ((n_name = 'PERU'::bpchar) OR (n_name = 'MOROCCO'::bpchar))
                                                   Rows Removed by Filter: 23
                     ->  Hash  (cost=536550.36..536550.36 rows=1199891 width=30) (actual time=4260.819..4260.821 rows=1191175 loops=1)
                           Buckets: 1048576  Batches: 2  Memory Usage: 44259kB
                           ->  Hash Join  (cost=57052.18..536550.36 rows=1199891 width=30) (actual time=299.039..4012.933 rows=1191175 loops=1)
                                 Hash Cond: (orders.o_custkey = customer.c_custkey)
                                 ->  Seq Scan on orders  (cost=0.00..411254.38 rows=14998638 width=8) (actual time=0.034..1246.288 rows=15000000 loops=1)
                                 ->  Hash  (cost=55552.27..55552.27 rows=119993 width=30) (actual time=298.625..298.627 rows=119622 loops=1)
                                       Buckets: 131072  Batches: 1  Memory Usage: 8267kB
                                       ->  Hash Join  (cost=1.40..55552.27 rows=119993 width=30) (actual time=0.020..278.116 rows=119622 loops=1)
                                             Hash Cond: (customer.c_nationkey = n2.n_nationkey)
                                             ->  Seq Scan on customer  (cost=0.00..50946.13 rows=1499913 width=8) (actual time=0.003..84.655 rows=1500000 loops=1)
                                             ->  Hash  (cost=1.38..1.38 rows=2 width=30) (actual time=0.013..0.013 rows=2 loops=1)
                                                   Buckets: 1024  Batches: 1  Memory Usage: 9kB
                                                   ->  Seq Scan on nation n2  (cost=0.00..1.38 rows=2 width=30) (actual time=0.008..0.010 rows=2 loops=1)
                                                         Filter: ((n_name = 'MOROCCO'::bpchar) OR (n_name = 'PERU'::bpchar))
                                                         Rows Removed by Filter: 23
 Planning Time: 2.804 ms
 Execution Time: 15616.223 ms
(42 rows)

query 8 run 1
SET
SET
SET
                                                                                          QUERY PLAN                                                                                           
-----------------------------------------------------------------------------------------------------------------------------------------------------------------------------------------------
 Limit  (cost=1169419.86..1169420.11 rows=1 width=64) (actual time=61657.388..61657.395 rows=1 loops=1)
   ->  GroupAggregate  (cost=1169419.86..1170004.27 rows=2406 width=64) (actual time=61657.387..61657.393 rows=1 loops=1)
         Group Key: (EXTRACT(year FROM orders.o_orderdate))
         ->  Sort  (cost=1169419.86..1169479.45 rows=23835 width=70) (actual time=61651.139..61651.613 rows=11818 loops=1)
               Sort Key: (EXTRACT(year FROM orders.o_orderdate))
               Sort Method: quicksort  Memory: 2817kB
               ->  Nested Loop  (cost=818696.42..1167686.97 rows=23835 width=70) (actual time=56150.436..61632.549 rows=23842 loops=1)
                     ->  Hash Join  (cost=818696.28..1167021.88 rows=23835 width=20) (actual time=56150.407..61593.508 rows=23842 loops=1)
                           Hash Cond: (lineitem.l_suppkey = supplier.s_suppkey)
                           ->  Hash Join  (cost=814225.28..1162488.32 rows=23835 width=20) (actual time=56107.045..61539.398 rows=23842 loops=1)
                                 Hash Cond: (orders.o_custkey = customer.c_custkey)
                                 ->  Hash Join  (cost=750902.35..1098480.12 rows=119177 width=24) (actual time=55521.690..60921.103 rows=118593 loops=1)
                                       Hash Cond: (orders.o_orderkey = lineitem.l_orderkey)
                                       ->  Bitmap Heap Scan on orders  (cost=52354.61..381717.02 rows=4539627 width=12) (actual time=370.563..4766.714 rows=4557513 loops=1)
                                             Recheck Cond: ((o_orderdate >= '1995-01-01'::date) AND (o_orderdate <= '1996-12-31'::date))
                                             Heap Blocks: exact=261268
                                             ->  Bitmap Index Scan on idx_orders_orderdate  (cost=0.00..51219.71 rows=4539627 width=0) (actual time=319.365..319.365 rows=4557513 loops=1)
                                                   Index Cond: ((o_orderdate >= '1995-01-01'::date) AND (o_orderdate <= '1996-12-31'::date))
                                       ->  Hash  (cost=693625.82..693625.82 rows=393753 width=20) (actual time=55150.793..55150.794 rows=389521 loops=1)
                                             Buckets: 524288  Batches: 1  Memory Usage: 25019kB
                                             ->  Nested Loop  (cost=0.44..693625.82 rows=393753 width=20) (actual time=1.987..54746.798 rows=389521 loops=1)
                                                   ->  Seq Scan on part  (cost=0.00..65980.79 rows=13276 width=4) (actual time=1.382..586.054 rows=13011 loops=1)
                                                         Filter: ((p_type)::text = 'LARGE POLISHED BRASS'::text)
                                                         Rows Removed by Filter: 1986989
                                                   ->  Index Scan using idx_lineitem_part_supp on lineitem  (cost=0.44..46.98 rows=30 width=24) (actual time=0.259..4.142 rows=30 loops=13011)
                                                         Index Cond: (l_partkey = part.p_partkey)
                                 ->  Hash  (cost=59573.14..59573.14 rows=299983 width=4) (actual time=584.774..584.777 rows=299436 loops=1)
                                       Buckets: 524288  Batches: 1  Memory Usage: 14624kB
                                       ->  Hash Join  (cost=2.51..59573.14 rows=299983 width=4) (actual time=1.112..533.531 rows=299436 loops=1)
                                             Hash Cond: (customer.c_nationkey = n1.n_nationkey)
                                             ->  Seq Scan on customer  (cost=0.00..50946.13 rows=1499913 width=8) (actual time=0.456..368.256 rows=1500000 loops=1)
                                             ->  Hash  (cost=2.45..2.45 rows=5 width=4) (actual time=0.649..0.651 rows=5 loops=1)
                                                   Buckets: 1024  Batches: 1  Memory Usage: 9kB
                                                   ->  Hash Join  (cost=1.07..2.45 rows=5 width=4) (actual time=0.645..0.649 rows=5 loops=1)
                                                         Hash Cond: (n1.n_regionkey = region.r_regionkey)
                                                         ->  Seq Scan on nation n1  (cost=0.00..1.25 rows=25 width=8) (actual time=0.321..0.323 rows=25 loops=1)
                                                         ->  Hash  (cost=1.06..1.06 rows=1 width=4) (actual time=0.316..0.317 rows=1 loops=1)
                                                               Buckets: 1024  Batches: 1  Memory Usage: 9kB
                                                               ->  Seq Scan on region  (cost=0.00..1.06 rows=1 width=4) (actual time=0.312..0.314 rows=1 loops=1)
                                                                     Filter: (r_name = 'AMERICA'::bpchar)
                                                                     Rows Removed by Filter: 4
                           ->  Hash  (cost=3221.00..3221.00 rows=100000 width=8) (actual time=43.320..43.320 rows=100000 loops=1)
                                 Buckets: 131072  Batches: 1  Memory Usage: 4931kB
                                 ->  Seq Scan on supplier  (cost=0.00..3221.00 rows=100000 width=8) (actual time=0.359..28.517 rows=100000 loops=1)
                     ->  Memoize  (cost=0.15..0.92 rows=1 width=30) (actual time=0.000..0.000 rows=1 loops=23842)
                           Cache Key: supplier.s_nationkey
                           Cache Mode: logical
                           Hits: 23817  Misses: 25  Evictions: 0  Overflows: 0  Memory Usage: 4kB
                           ->  Index Scan using nation_pkey on nation n2  (cost=0.14..0.91 rows=1 width=30) (actual time=0.005..0.005 rows=1 loops=25)
                                 Index Cond: (n_nationkey = supplier.s_nationkey)
 Planning Time: 32.240 ms
 Execution Time: 61658.036 ms
(52 rows)

SET
SET
SET
                                                                                          QUERY PLAN                                                                                           
-----------------------------------------------------------------------------------------------------------------------------------------------------------------------------------------------
 Limit  (cost=1169419.86..1169420.11 rows=1 width=64) (actual time=4995.793..4995.800 rows=1 loops=1)
   ->  GroupAggregate  (cost=1169419.86..1170004.27 rows=2406 width=64) (actual time=4995.791..4995.797 rows=1 loops=1)
         Group Key: (EXTRACT(year FROM orders.o_orderdate))
         ->  Sort  (cost=1169419.86..1169479.45 rows=23835 width=70) (actual time=4989.613..4990.080 rows=11818 loops=1)
               Sort Key: (EXTRACT(year FROM orders.o_orderdate))
               Sort Method: quicksort  Memory: 2817kB
               ->  Nested Loop  (cost=818696.42..1167686.97 rows=23835 width=70) (actual time=2795.330..4978.085 rows=23842 loops=1)
                     ->  Hash Join  (cost=818696.28..1167021.88 rows=23835 width=20) (actual time=2795.301..4954.101 rows=23842 loops=1)
                           Hash Cond: (lineitem.l_suppkey = supplier.s_suppkey)
                           ->  Hash Join  (cost=814225.28..1162488.32 rows=23835 width=20) (actual time=2758.324..4907.960 rows=23842 loops=1)
                                 Hash Cond: (orders.o_custkey = customer.c_custkey)
                                 ->  Hash Join  (cost=750902.35..1098480.12 rows=119177 width=24) (actual time=2309.437..4431.177 rows=118593 loops=1)
                                       Hash Cond: (orders.o_orderkey = lineitem.l_orderkey)
                                       ->  Bitmap Heap Scan on orders  (cost=52354.61..381717.02 rows=4539627 width=12) (actual time=350.159..1593.651 rows=4557513 loops=1)
                                             Recheck Cond: ((o_orderdate >= '1995-01-01'::date) AND (o_orderdate <= '1996-12-31'::date))
                                             Heap Blocks: exact=261268
                                             ->  Bitmap Index Scan on idx_orders_orderdate  (cost=0.00..51219.71 rows=4539627 width=0) (actual time=299.445..299.445 rows=4557513 loops=1)
                                                   Index Cond: ((o_orderdate >= '1995-01-01'::date) AND (o_orderdate <= '1996-12-31'::date))
                                       ->  Hash  (cost=693625.82..693625.82 rows=393753 width=20) (actual time=1958.951..1958.952 rows=389521 loops=1)
                                             Buckets: 524288  Batches: 1  Memory Usage: 25019kB
                                             ->  Nested Loop  (cost=0.44..693625.82 rows=393753 width=20) (actual time=0.096..1846.226 rows=389521 loops=1)
                                                   ->  Seq Scan on part  (cost=0.00..65980.79 rows=13276 width=4) (actual time=0.070..308.561 rows=13011 loops=1)
                                                         Filter: ((p_type)::text = 'LARGE POLISHED BRASS'::text)
                                                         Rows Removed by Filter: 1986989
                                                   ->  Index Scan using idx_lineitem_part_supp on lineitem  (cost=0.44..46.98 rows=30 width=24) (actual time=0.009..0.112 rows=30 loops=13011)
                                                         Index Cond: (l_partkey = part.p_partkey)
                                 ->  Hash  (cost=59573.14..59573.14 rows=299983 width=4) (actual time=448.251..448.253 rows=299436 loops=1)
                                       Buckets: 524288  Batches: 1  Memory Usage: 14624kB
                                       ->  Hash Join  (cost=2.51..59573.14 rows=299983 width=4) (actual time=0.068..399.356 rows=299436 loops=1)
                                             Hash Cond: (customer.c_nationkey = n1.n_nationkey)
                                             ->  Seq Scan on customer  (cost=0.00..50946.13 rows=1499913 width=8) (actual time=0.023..240.749 rows=1500000 loops=1)
                                             ->  Hash  (cost=2.45..2.45 rows=5 width=4) (actual time=0.037..0.039 rows=5 loops=1)
                                                   Buckets: 1024  Batches: 1  Memory Usage: 9kB
                                                   ->  Hash Join  (cost=1.07..2.45 rows=5 width=4) (actual time=0.032..0.037 rows=5 loops=1)
                                                         Hash Cond: (n1.n_regionkey = region.r_regionkey)
                                                         ->  Seq Scan on nation n1  (cost=0.00..1.25 rows=25 width=8) (actual time=0.012..0.014 rows=25 loops=1)
                                                         ->  Hash  (cost=1.06..1.06 rows=1 width=4) (actual time=0.015..0.016 rows=1 loops=1)
                                                               Buckets: 1024  Batches: 1  Memory Usage: 9kB
                                                               ->  Seq Scan on region  (cost=0.00..1.06 rows=1 width=4) (actual time=0.012..0.013 rows=1 loops=1)
                                                                     Filter: (r_name = 'AMERICA'::bpchar)
                                                                     Rows Removed by Filter: 4
                           ->  Hash  (cost=3221.00..3221.00 rows=100000 width=8) (actual time=36.932..36.933 rows=100000 loops=1)
                                 Buckets: 131072  Batches: 1  Memory Usage: 4931kB
                                 ->  Seq Scan on supplier  (cost=0.00..3221.00 rows=100000 width=8) (actual time=0.014..20.820 rows=100000 loops=1)
                     ->  Memoize  (cost=0.15..0.92 rows=1 width=30) (actual time=0.000..0.000 rows=1 loops=23842)
                           Cache Key: supplier.s_nationkey
                           Cache Mode: logical
                           Hits: 23817  Misses: 25  Evictions: 0  Overflows: 0  Memory Usage: 4kB
                           ->  Index Scan using nation_pkey on nation n2  (cost=0.14..0.91 rows=1 width=30) (actual time=0.002..0.002 rows=1 loops=25)
                                 Index Cond: (n_nationkey = supplier.s_nationkey)
 Planning Time: 4.851 ms
 Execution Time: 4996.090 ms
(52 rows)

query 9 run 1
SET
SET
SET
                                                                                QUERY PLAN                                                                                 
---------------------------------------------------------------------------------------------------------------------------------------------------------------------------
 Limit  (cost=2878080.30..2878080.30 rows=1 width=90) (actual time=122735.724..122735.730 rows=1 loops=1)
   ->  Sort  (cost=2878080.30..2878230.67 rows=60150 width=90) (actual time=122735.723..122735.728 rows=1 loops=1)
         Sort Key: nation.n_name, (EXTRACT(year FROM orders.o_orderdate)) DESC
         Sort Method: top-N heapsort  Memory: 25kB
         ->  HashAggregate  (cost=2876877.30..2877779.55 rows=60150 width=90) (actual time=122734.457..122734.874 rows=175 loops=1)
               Group Key: nation.n_name, EXTRACT(year FROM orders.o_orderdate)
               Batches: 1  Memory Usage: 3217kB
               ->  Hash Join  (cost=729295.28..2813964.81 rows=3594999 width=81) (actual time=5197.804..119621.029 rows=3248192 loops=1)
                     Hash Cond: (supplier.s_nationkey = nation.n_nationkey)
                     ->  Hash Join  (cost=729293.72..2793939.11 rows=3594999 width=31) (actual time=5197.540..118421.853 rows=3248192 loops=1)
                           Hash Cond: (lineitem.l_orderkey = orders.o_orderkey)
                           ->  Nested Loop  (cost=71967.37..2019434.88 rows=3594999 width=31) (actual time=719.178..109138.770 rows=3248192 loops=1)
                                 Join Filter: (supplier.s_suppkey = lineitem.l_suppkey)
                                 ->  Hash Join  (cost=71966.93..349492.06 rows=484992 width=26) (actual time=718.420..3421.637 rows=433248 loops=1)
                                       Hash Cond: (partsupp.ps_suppkey = supplier.s_suppkey)
                                       ->  Hash Join  (cost=67495.93..343747.90 rows=484992 width=18) (actual time=673.869..3167.565 rows=433248 loops=1)
                                             Hash Cond: (partsupp.ps_partkey = part.p_partkey)
                                             ->  Seq Scan on partsupp  (cost=0.00..255245.71 rows=8002371 width=14) (actual time=0.581..1344.289 rows=8000000 loops=1)
                                             ->  Hash  (cost=65980.79..65980.79 rows=121211 width=4) (actual time=673.104..673.105 rows=108312 loops=1)
                                                   Buckets: 131072  Batches: 1  Memory Usage: 4832kB
                                                   ->  Seq Scan on part  (cost=0.00..65980.79 rows=121211 width=4) (actual time=0.495..650.298 rows=108312 loops=1)
                                                         Filter: ((p_name)::text ~~ '%navy%'::text)
                                                         Rows Removed by Filter: 1891688
                                       ->  Hash  (cost=3221.00..3221.00 rows=100000 width=8) (actual time=44.277..44.277 rows=100000 loops=1)
                                             Buckets: 131072  Batches: 1  Memory Usage: 4931kB
                                             ->  Seq Scan on supplier  (cost=0.00..3221.00 rows=100000 width=8) (actual time=0.355..29.508 rows=100000 loops=1)
                                 ->  Index Scan using idx_lineitem_part_supp on lineitem  (cost=0.44..3.43 rows=1 width=29) (actual time=0.035..0.241 rows=7 loops=433248)
                                       Index Cond: ((l_partkey = partsupp.ps_partkey) AND (l_suppkey = partsupp.ps_suppkey))
                           ->  Hash  (cost=411254.38..411254.38 rows=14998638 width=8) (actual time=4475.819..4475.819 rows=15000000 loops=1)
                                 Buckets: 2097152  Batches: 16  Memory Usage: 53030kB
                                 ->  Seq Scan on orders  (cost=0.00..411254.38 rows=14998638 width=8) (actual time=0.642..2352.439 rows=15000000 loops=1)
                     ->  Hash  (cost=1.25..1.25 rows=25 width=30) (actual time=0.254..0.254 rows=25 loops=1)
                           Buckets: 1024  Batches: 1  Memory Usage: 10kB
                           ->  Seq Scan on nation  (cost=0.00..1.25 rows=25 width=30) (actual time=0.236..0.241 rows=25 loops=1)
 Planning Time: 33.555 ms
 Execution Time: 122736.560 ms
(36 rows)

SET
SET
SET
                                                                                QUERY PLAN                                                                                 
---------------------------------------------------------------------------------------------------------------------------------------------------------------------------
 Limit  (cost=2878080.30..2878080.30 rows=1 width=90) (actual time=59961.388..59961.394 rows=1 loops=1)
   ->  Sort  (cost=2878080.30..2878230.67 rows=60150 width=90) (actual time=59961.386..59961.392 rows=1 loops=1)
         Sort Key: nation.n_name, (EXTRACT(year FROM orders.o_orderdate)) DESC
         Sort Method: top-N heapsort  Memory: 25kB
         ->  HashAggregate  (cost=2876877.30..2877779.55 rows=60150 width=90) (actual time=59960.874..59961.299 rows=175 loops=1)
               Group Key: nation.n_name, EXTRACT(year FROM orders.o_orderdate)
               Batches: 1  Memory Usage: 3217kB
               ->  Hash Join  (cost=729295.28..2813964.81 rows=3594999 width=81) (actual time=5202.599..56907.216 rows=3248192 loops=1)
                     Hash Cond: (supplier.s_nationkey = nation.n_nationkey)
                     ->  Hash Join  (cost=729293.72..2793939.11 rows=3594999 width=31) (actual time=5202.357..55752.014 rows=3248192 loops=1)
                           Hash Cond: (lineitem.l_orderkey = orders.o_orderkey)
                           ->  Nested Loop  (cost=71967.37..2019434.88 rows=3594999 width=31) (actual time=661.811..46821.085 rows=3248192 loops=1)
                                 Join Filter: (supplier.s_suppkey = lineitem.l_suppkey)
                                 ->  Hash Join  (cost=71966.93..349492.06 rows=484992 width=26) (actual time=661.785..3130.029 rows=433248 loops=1)
                                       Hash Cond: (partsupp.ps_suppkey = supplier.s_suppkey)
                                       ->  Hash Join  (cost=67495.93..343747.90 rows=484992 width=18) (actual time=618.947..2893.246 rows=433248 loops=1)
                                             Hash Cond: (partsupp.ps_partkey = part.p_partkey)
                                             ->  Seq Scan on partsupp  (cost=0.00..255245.71 rows=8002371 width=14) (actual time=0.445..1198.677 rows=8000000 loops=1)
                                             ->  Hash  (cost=65980.79..65980.79 rows=121211 width=4) (actual time=618.343..618.343 rows=108312 loops=1)
                                                   Buckets: 131072  Batches: 1  Memory Usage: 4832kB
                                                   ->  Seq Scan on part  (cost=0.00..65980.79 rows=121211 width=4) (actual time=0.412..596.856 rows=108312 loops=1)
                                                         Filter: ((p_name)::text ~~ '%navy%'::text)
                                                         Rows Removed by Filter: 1891688
                                       ->  Hash  (cost=3221.00..3221.00 rows=100000 width=8) (actual time=42.516..42.516 rows=100000 loops=1)
                                             Buckets: 131072  Batches: 1  Memory Usage: 4931kB
                                             ->  Seq Scan on supplier  (cost=0.00..3221.00 rows=100000 width=8) (actual time=0.329..27.217 rows=100000 loops=1)
                                 ->  Index Scan using idx_lineitem_part_supp on lineitem  (cost=0.44..3.43 rows=1 width=29) (actual time=0.016..0.098 rows=7 loops=433248)
                                       Index Cond: ((l_partkey = partsupp.ps_partkey) AND (l_suppkey = partsupp.ps_suppkey))
                           ->  Hash  (cost=411254.38..411254.38 rows=14998638 width=8) (actual time=4538.030..4538.031 rows=15000000 loops=1)
                                 Buckets: 2097152  Batches: 16  Memory Usage: 53030kB
                                 ->  Seq Scan on orders  (cost=0.00..411254.38 rows=14998638 width=8) (actual time=0.568..2421.427 rows=15000000 loops=1)
                     ->  Hash  (cost=1.25..1.25 rows=25 width=30) (actual time=0.234..0.235 rows=25 loops=1)
                           Buckets: 1024  Batches: 1  Memory Usage: 10kB
                           ->  Seq Scan on nation  (cost=0.00..1.25 rows=25 width=30) (actual time=0.225..0.228 rows=25 loops=1)
 Planning Time: 19.822 ms
 Execution Time: 59962.028 ms
(36 rows)

query 10 run 1
SET
SET
SET
                                                                                            QUERY PLAN                                                                                            
--------------------------------------------------------------------------------------------------------------------------------------------------------------------------------------------------
 Limit  (cost=2392659.33..2392659.38 rows=20 width=201) (actual time=20677.012..20677.018 rows=20 loops=1)
   ->  Sort  (cost=2392659.33..2394035.73 rows=550558 width=201) (actual time=20677.011..20677.015 rows=20 loops=1)
         Sort Key: (sum((lineitem.l_extendedprice * ('1'::numeric - lineitem.l_discount)))) DESC
         Sort Method: top-N heapsort  Memory: 33kB
         ->  GroupAggregate  (cost=2249363.50..2378009.18 rows=550558 width=201) (actual time=17997.631..20546.835 rows=381205 loops=1)
               Group Key: customer.c_custkey, nation.n_name
               ->  Incremental Sort  (cost=2249363.50..2364245.23 rows=550558 width=181) (actual time=17997.617..19721.517 rows=1145402 loops=1)
                     Sort Key: customer.c_custkey, nation.n_name
                     Presorted Key: customer.c_custkey
                     Full-sort Groups: 34068  Sort Method: quicksort  Average Memory: 32kB  Peak Memory: 32kB
                     ->  Nested Loop  (cost=2249363.33..2339470.12 rows=550558 width=181) (actual time=17997.501..19340.970 rows=1145402 loops=1)
                           ->  Merge Join  (cost=2249363.18..2325988.28 rows=550558 width=159) (actual time=17997.235..18933.813 rows=1145402 loops=1)
                                 Merge Cond: (customer.c_custkey = orders.o_custkey)
                                 ->  Index Scan using customer_pkey on customer  (cost=0.43..64620.62 rows=1499913 width=147) (actual time=0.263..484.563 rows=1499997 loops=1)
                                 ->  Sort  (cost=2249362.65..2250739.04 rows=550558 width=16) (actual time=17996.957..18097.575 rows=1145402 loops=1)
                                       Sort Key: orders.o_custkey
                                       Sort Method: external sort  Disk: 35288kB
                                       ->  Hash Join  (cost=283069.45..2196865.47 rows=550558 width=16) (actual time=4907.153..17507.582 rows=1145402 loops=1)
                                             Hash Cond: (lineitem.l_orderkey = orders.o_orderkey)
                                             ->  Seq Scan on lineitem  (cost=0.00..1874985.65 rows=14784897 width=16) (actual time=0.472..10814.673 rows=14808183 loops=1)
                                                   Filter: (l_returnflag = 'R'::bpchar)
                                                   Rows Removed by Filter: 45177869
                                             ->  Hash  (cost=276087.99..276087.99 rows=558517 width=8) (actual time=4904.684..4904.685 rows=573160 loops=1)
                                                   Buckets: 1048576  Batches: 1  Memory Usage: 30582kB
                                                   ->  Bitmap Heap Scan on orders  (cost=6442.23..276087.99 rows=558517 width=8) (actual time=111.792..4740.292 rows=573160 loops=1)
                                                         Recheck Cond: ((o_orderdate >= '1994-08-01'::date) AND (o_orderdate < '1994-11-01'::date))
                                                         Heap Blocks: exact=233346
                                                         ->  Bitmap Index Scan on idx_orders_orderdate  (cost=0.00..6302.61 rows=558517 width=0) (actual time=66.462..66.462 rows=573160 loops=1)
                                                               Index Cond: ((o_orderdate >= '1994-08-01'::date) AND (o_orderdate < '1994-11-01'::date))
                           ->  Memoize  (cost=0.15..0.92 rows=1 width=30) (actual time=0.000..0.000 rows=1 loops=1145402)
                                 Cache Key: customer.c_nationkey
                                 Cache Mode: logical
                                 Hits: 1145377  Misses: 25  Evictions: 0  Overflows: 0  Memory Usage: 4kB
                                 ->  Index Scan using nation_pkey on nation  (cost=0.14..0.91 rows=1 width=30) (actual time=0.011..0.011 rows=1 loops=25)
                                       Index Cond: (n_nationkey = customer.c_nationkey)
 Planning Time: 25.827 ms
 Execution Time: 20682.002 ms
(37 rows)

SET
SET
SET
                                                                                            QUERY PLAN                                                                                            
--------------------------------------------------------------------------------------------------------------------------------------------------------------------------------------------------
 Limit  (cost=2392659.33..2392659.38 rows=20 width=201) (actual time=15105.624..15105.629 rows=20 loops=1)
   ->  Sort  (cost=2392659.33..2394035.73 rows=550558 width=201) (actual time=15105.622..15105.626 rows=20 loops=1)
         Sort Key: (sum((lineitem.l_extendedprice * ('1'::numeric - lineitem.l_discount)))) DESC
         Sort Method: top-N heapsort  Memory: 33kB
         ->  GroupAggregate  (cost=2249363.50..2378009.18 rows=550558 width=201) (actual time=12561.009..14976.322 rows=381205 loops=1)
               Group Key: customer.c_custkey, nation.n_name
               ->  Incremental Sort  (cost=2249363.50..2364245.23 rows=550558 width=181) (actual time=12560.995..14146.725 rows=1145402 loops=1)
                     Sort Key: customer.c_custkey, nation.n_name
                     Presorted Key: customer.c_custkey
                     Full-sort Groups: 34068  Sort Method: quicksort  Average Memory: 32kB  Peak Memory: 32kB
                     ->  Nested Loop  (cost=2249363.33..2339470.12 rows=550558 width=181) (actual time=12560.889..13771.902 rows=1145402 loops=1)
                           ->  Merge Join  (cost=2249363.18..2325988.28 rows=550558 width=159) (actual time=12560.860..13369.779 rows=1145402 loops=1)
                                 Merge Cond: (customer.c_custkey = orders.o_custkey)
                                 ->  Index Scan using customer_pkey on customer  (cost=0.43..64620.62 rows=1499913 width=147) (actual time=0.013..361.559 rows=1499997 loops=1)
                                 ->  Sort  (cost=2249362.65..2250739.04 rows=550558 width=16) (actual time=12560.833..12660.738 rows=1145402 loops=1)
                                       Sort Key: orders.o_custkey
                                       Sort Method: external sort  Disk: 35288kB
                                       ->  Hash Join  (cost=283069.45..2196865.47 rows=550558 width=16) (actual time=1549.639..12081.276 rows=1145402 loops=1)
                                             Hash Cond: (lineitem.l_orderkey = orders.o_orderkey)
                                             ->  Seq Scan on lineitem  (cost=0.00..1874985.65 rows=14784897 width=16) (actual time=0.015..8811.776 rows=14808183 loops=1)
                                                   Filter: (l_returnflag = 'R'::bpchar)
                                                   Rows Removed by Filter: 45177869
                                             ->  Hash  (cost=276087.99..276087.99 rows=558517 width=8) (actual time=1548.190..1548.191 rows=573160 loops=1)
                                                   Buckets: 1048576  Batches: 1  Memory Usage: 30582kB
                                                   ->  Bitmap Heap Scan on orders  (cost=6442.23..276087.99 rows=558517 width=8) (actual time=109.850..1423.937 rows=573160 loops=1)
                                                         Recheck Cond: ((o_orderdate >= '1994-08-01'::date) AND (o_orderdate < '1994-11-01'::date))
                                                         Heap Blocks: exact=233346
                                                         ->  Bitmap Index Scan on idx_orders_orderdate  (cost=0.00..6302.61 rows=558517 width=0) (actual time=65.057..65.057 rows=573160 loops=1)
                                                               Index Cond: ((o_orderdate >= '1994-08-01'::date) AND (o_orderdate < '1994-11-01'::date))
                           ->  Memoize  (cost=0.15..0.92 rows=1 width=30) (actual time=0.000..0.000 rows=1 loops=1145402)
                                 Cache Key: customer.c_nationkey
                                 Cache Mode: logical
                                 Hits: 1145377  Misses: 25  Evictions: 0  Overflows: 0  Memory Usage: 4kB
                                 ->  Index Scan using nation_pkey on nation  (cost=0.14..0.91 rows=1 width=30) (actual time=0.002..0.002 rows=1 loops=25)
                                       Index Cond: (n_nationkey = customer.c_nationkey)
 Planning Time: 1.842 ms
 Execution Time: 15110.408 ms
(37 rows)

query 11 run 1
SET
SET
SET
                                                                                QUERY PLAN                                                                                 
---------------------------------------------------------------------------------------------------------------------------------------------------------------------------
 Limit  (cost=606633.63..606633.63 rows=1 width=36) (actual time=3921.430..3921.436 rows=0 loops=1)
   InitPlan 1 (returns $1)
     ->  Aggregate  (cost=293140.88..293140.89 rows=1 width=32) (actual time=1600.596..1600.599 rows=1 loops=1)
           ->  Hash Join  (cost=2311.46..290740.16 rows=320095 width=10) (actual time=2.886..1503.324 rows=320800 loops=1)
                 Hash Cond: (partsupp_1.ps_suppkey = supplier_1.s_suppkey)
                 ->  Seq Scan on partsupp partsupp_1  (cost=0.00..255245.71 rows=8002371 width=14) (actual time=0.017..740.724 rows=8000000 loops=1)
                 ->  Hash  (cost=2261.46..2261.46 rows=4000 width=4) (actual time=2.820..2.822 rows=4010 loops=1)
                       Buckets: 4096  Batches: 1  Memory Usage: 173kB
                       ->  Nested Loop  (cost=37.29..2261.46 rows=4000 width=4) (actual time=0.569..2.432 rows=4010 loops=1)
                             ->  Seq Scan on nation nation_1  (cost=0.00..1.31 rows=1 width=4) (actual time=0.006..0.007 rows=1 loops=1)
                                   Filter: (n_name = 'SAUDI ARABIA'::bpchar)
                                   Rows Removed by Filter: 24
                             ->  Bitmap Heap Scan on supplier supplier_1  (cost=37.29..2220.15 rows=4000 width=8) (actual time=0.559..2.091 rows=4010 loops=1)
                                   Recheck Cond: (s_nationkey = nation_1.n_nationkey)
                                   Heap Blocks: exact=1869
                                   ->  Bitmap Index Scan on idx_supplier_nation_key  (cost=0.00..36.29 rows=4000 width=0) (actual time=0.357..0.357 rows=4010 loops=1)
                                         Index Cond: (s_nationkey = nation_1.n_nationkey)
   ->  Sort  (cost=313492.74..313759.49 rows=106698 width=36) (actual time=3921.429..3921.431 rows=0 loops=1)
         Sort Key: (sum((partsupp.ps_supplycost * (partsupp.ps_availqty)::numeric))) DESC
         Sort Method: quicksort  Memory: 25kB
         ->  HashAggregate  (cost=305031.90..312959.25 rows=106698 width=36) (actual time=3921.398..3921.400 rows=0 loops=1)
               Group Key: partsupp.ps_partkey
               Filter: (sum((partsupp.ps_supplycost * (partsupp.ps_availqty)::numeric)) > $1)
               Planned Partitions: 4  Batches: 5  Memory Usage: 65585kB  Disk Usage: 7448kB
               Rows Removed by Filter: 301833
               ->  Hash Join  (cost=2311.46..290740.16 rows=320095 width=14) (actual time=39.289..1918.718 rows=320800 loops=1)
                     Hash Cond: (partsupp.ps_suppkey = supplier.s_suppkey)
                     ->  Seq Scan on partsupp  (cost=0.00..255245.71 rows=8002371 width=18) (actual time=0.622..1066.882 rows=8000000 loops=1)
                     ->  Hash  (cost=2261.46..2261.46 rows=4000 width=4) (actual time=38.601..38.602 rows=4010 loops=1)
                           Buckets: 4096  Batches: 1  Memory Usage: 173kB
                           ->  Nested Loop  (cost=37.29..2261.46 rows=4000 width=4) (actual time=1.576..37.579 rows=4010 loops=1)
                                 ->  Seq Scan on nation  (cost=0.00..1.31 rows=1 width=4) (actual time=0.232..0.236 rows=1 loops=1)
                                       Filter: (n_name = 'SAUDI ARABIA'::bpchar)
                                       Rows Removed by Filter: 24
                                 ->  Bitmap Heap Scan on supplier  (cost=37.29..2220.15 rows=4000 width=8) (actual time=1.334..36.748 rows=4010 loops=1)
                                       Recheck Cond: (s_nationkey = nation.n_nationkey)
                                       Heap Blocks: exact=1869
                                       ->  Bitmap Index Scan on idx_supplier_nation_key  (cost=0.00..36.29 rows=4000 width=0) (actual time=0.941..0.942 rows=4010 loops=1)
                                             Index Cond: (s_nationkey = nation.n_nationkey)
 Planning Time: 14.908 ms
 Execution Time: 3924.084 ms
(41 rows)

SET
SET
SET
                                                                                QUERY PLAN                                                                                 
---------------------------------------------------------------------------------------------------------------------------------------------------------------------------
 Limit  (cost=606633.63..606633.63 rows=1 width=36) (actual time=3493.526..3493.532 rows=0 loops=1)
   InitPlan 1 (returns $1)
     ->  Aggregate  (cost=293140.88..293140.89 rows=1 width=32) (actual time=1596.794..1596.797 rows=1 loops=1)
           ->  Hash Join  (cost=2311.46..290740.16 rows=320095 width=10) (actual time=2.832..1500.220 rows=320800 loops=1)
                 Hash Cond: (partsupp_1.ps_suppkey = supplier_1.s_suppkey)
                 ->  Seq Scan on partsupp partsupp_1  (cost=0.00..255245.71 rows=8002371 width=14) (actual time=0.016..731.446 rows=8000000 loops=1)
                 ->  Hash  (cost=2261.46..2261.46 rows=4000 width=4) (actual time=2.775..2.777 rows=4010 loops=1)
                       Buckets: 4096  Batches: 1  Memory Usage: 173kB
                       ->  Nested Loop  (cost=37.29..2261.46 rows=4000 width=4) (actual time=0.572..2.408 rows=4010 loops=1)
                             ->  Seq Scan on nation nation_1  (cost=0.00..1.31 rows=1 width=4) (actual time=0.006..0.007 rows=1 loops=1)
                                   Filter: (n_name = 'SAUDI ARABIA'::bpchar)
                                   Rows Removed by Filter: 24
                             ->  Bitmap Heap Scan on supplier supplier_1  (cost=37.29..2220.15 rows=4000 width=8) (actual time=0.562..2.075 rows=4010 loops=1)
                                   Recheck Cond: (s_nationkey = nation_1.n_nationkey)
                                   Heap Blocks: exact=1869
                                   ->  Bitmap Index Scan on idx_supplier_nation_key  (cost=0.00..36.29 rows=4000 width=0) (actual time=0.360..0.360 rows=4010 loops=1)
                                         Index Cond: (s_nationkey = nation_1.n_nationkey)
   ->  Sort  (cost=313492.74..313759.49 rows=106698 width=36) (actual time=3493.525..3493.527 rows=0 loops=1)
         Sort Key: (sum((partsupp.ps_supplycost * (partsupp.ps_availqty)::numeric))) DESC
         Sort Method: quicksort  Memory: 25kB
         ->  HashAggregate  (cost=305031.90..312959.25 rows=106698 width=36) (actual time=3493.487..3493.489 rows=0 loops=1)
               Group Key: partsupp.ps_partkey
               Filter: (sum((partsupp.ps_supplycost * (partsupp.ps_availqty)::numeric)) > $1)
               Planned Partitions: 4  Batches: 5  Memory Usage: 65585kB  Disk Usage: 7448kB
               Rows Removed by Filter: 301833
               ->  Hash Join  (cost=2311.46..290740.16 rows=320095 width=14) (actual time=3.703..1505.452 rows=320800 loops=1)
                     Hash Cond: (partsupp.ps_suppkey = supplier.s_suppkey)
                     ->  Seq Scan on partsupp  (cost=0.00..255245.71 rows=8002371 width=18) (actual time=0.041..740.834 rows=8000000 loops=1)
                     ->  Hash  (cost=2261.46..2261.46 rows=4000 width=4) (actual time=3.634..3.635 rows=4010 loops=1)
                           Buckets: 4096  Batches: 1  Memory Usage: 173kB
                           ->  Nested Loop  (cost=37.29..2261.46 rows=4000 width=4) (actual time=0.497..3.232 rows=4010 loops=1)
                                 ->  Seq Scan on nation  (cost=0.00..1.31 rows=1 width=4) (actual time=0.009..0.011 rows=1 loops=1)
                                       Filter: (n_name = 'SAUDI ARABIA'::bpchar)
                                       Rows Removed by Filter: 24
                                 ->  Bitmap Heap Scan on supplier  (cost=37.29..2220.15 rows=4000 width=8) (actual time=0.483..2.882 rows=4010 loops=1)
                                       Recheck Cond: (s_nationkey = nation.n_nationkey)
                                       Heap Blocks: exact=1869
                                       ->  Bitmap Index Scan on idx_supplier_nation_key  (cost=0.00..36.29 rows=4000 width=0) (actual time=0.273..0.273 rows=4010 loops=1)
                                             Index Cond: (s_nationkey = nation.n_nationkey)
 Planning Time: 1.024 ms
 Execution Time: 3495.768 ms
(41 rows)

query 12 run 1
SET
SET
SET
                                                                                                                    QUERY PLAN                                                                                                                     
---------------------------------------------------------------------------------------------------------------------------------------------------------------------------------------------------------------------------------------------------
 Limit  (cost=3030930.34..3031746.82 rows=1 width=27) (actual time=19150.889..19150.891 rows=1 loops=1)
   ->  GroupAggregate  (cost=3030930.34..3036645.71 rows=7 width=27) (actual time=19150.887..19150.889 rows=1 loops=1)
         Group Key: lineitem.l_shipmode
         ->  Sort  (cost=3030930.34..3031644.76 rows=285765 width=27) (actual time=19102.126..19108.420 rows=155572 loops=1)
               Sort Key: lineitem.l_shipmode
               Sort Method: quicksort  Memory: 30078kB
               ->  Hash Join  (cost=2478431.83..3005033.65 rows=285765 width=27) (actual time=14931.041..19034.273 rows=311258 loops=1)
                     Hash Cond: (orders.o_orderkey = lineitem.l_orderkey)
                     ->  Seq Scan on orders  (cost=0.00..411254.38 rows=14998638 width=20) (actual time=0.613..1636.877 rows=15000000 loops=1)
                     ->  Hash  (cost=2474859.77..2474859.77 rows=285765 width=15) (actual time=14929.663..14929.664 rows=311258 loops=1)
                           Buckets: 524288  Batches: 1  Memory Usage: 18687kB
                           ->  Seq Scan on lineitem  (cost=0.00..2474859.77 rows=285765 width=15) (actual time=1.691..14834.070 rows=311258 loops=1)
                                 Filter: ((l_shipmode = ANY ('{SHIP,"REG AIR"}'::bpchar[])) AND (l_commitdate < l_receiptdate) AND (l_shipdate < l_commitdate) AND (l_receiptdate >= '1994-01-01'::date) AND (l_receiptdate < '1995-01-01'::date))
                                 Rows Removed by Filter: 59674794
 Planning Time: 17.374 ms
 Execution Time: 19151.388 ms
(16 rows)

SET
SET
SET
                                                                                                                    QUERY PLAN                                                                                                                     
---------------------------------------------------------------------------------------------------------------------------------------------------------------------------------------------------------------------------------------------------
 Limit  (cost=3030930.34..3031746.82 rows=1 width=27) (actual time=16544.335..16544.337 rows=1 loops=1)
   ->  GroupAggregate  (cost=3030930.34..3036645.71 rows=7 width=27) (actual time=16544.333..16544.336 rows=1 loops=1)
         Group Key: lineitem.l_shipmode
         ->  Sort  (cost=3030930.34..3031644.76 rows=285765 width=27) (actual time=16495.823..16502.112 rows=155572 loops=1)
               Sort Key: lineitem.l_shipmode
               Sort Method: quicksort  Memory: 30078kB
               ->  Hash Join  (cost=2478431.83..3005033.65 rows=285765 width=27) (actual time=12892.152..16429.536 rows=311258 loops=1)
                     Hash Cond: (orders.o_orderkey = lineitem.l_orderkey)
                     ->  Seq Scan on orders  (cost=0.00..411254.38 rows=14998638 width=20) (actual time=0.020..1210.354 rows=15000000 loops=1)
                     ->  Hash  (cost=2474859.77..2474859.77 rows=285765 width=15) (actual time=12891.478..12891.479 rows=311258 loops=1)
                           Buckets: 524288  Batches: 1  Memory Usage: 18687kB
                           ->  Seq Scan on lineitem  (cost=0.00..2474859.77 rows=285765 width=15) (actual time=0.107..12802.980 rows=311258 loops=1)
                                 Filter: ((l_shipmode = ANY ('{SHIP,"REG AIR"}'::bpchar[])) AND (l_commitdate < l_receiptdate) AND (l_shipdate < l_commitdate) AND (l_receiptdate >= '1994-01-01'::date) AND (l_receiptdate < '1995-01-01'::date))
                                 Rows Removed by Filter: 59674794
 Planning Time: 0.817 ms
 Execution Time: 16544.468 ms
(16 rows)

query 13 run 1
SET
SET
SET
                                                                                    QUERY PLAN                                                                                     
-----------------------------------------------------------------------------------------------------------------------------------------------------------------------------------
 Limit  (cost=1353194.98..1353194.99 rows=1 width=16) (actual time=17265.208..17265.211 rows=1 loops=1)
   ->  Sort  (cost=1353194.98..1353195.48 rows=200 width=16) (actual time=17265.207..17265.209 rows=1 loops=1)
         Sort Key: (count(*)) DESC, (count(orders.o_orderkey)) DESC
         Sort Method: top-N heapsort  Memory: 25kB
         ->  HashAggregate  (cost=1353191.98..1353193.98 rows=200 width=16) (actual time=17265.180..17265.188 rows=46 loops=1)
               Group Key: count(orders.o_orderkey)
               Batches: 1  Memory Usage: 40kB
               ->  HashAggregate  (cost=1200884.51..1330693.29 rows=1499913 width=12) (actual time=14979.727..17092.828 rows=1500000 loops=1)
                     Group Key: customer.c_custkey
                     Planned Partitions: 4  Batches: 5  Memory Usage: 65585kB  Disk Usage: 216328kB
                     ->  Hash Right Join  (cost=53282.04..661279.16 rows=14695635 width=8) (actual time=366.134..10961.548 rows=15337604 loops=1)
                           Hash Cond: (orders.o_custkey = customer.c_custkey)
                           ->  Seq Scan on orders  (cost=0.00..448750.97 rows=14695635 width=8) (actual time=0.836..5146.807 rows=14837583 loops=1)
                                 Filter: ((o_comment)::text !~~ '%special%requests%'::text)
                                 Rows Removed by Filter: 162417
                           ->  Hash  (cost=28673.12..28673.12 rows=1499913 width=4) (actual time=362.783..362.784 rows=1500000 loops=1)
                                 Buckets: 2097152  Batches: 2  Memory Usage: 42747kB
                                 ->  Index Only Scan using customer_pkey on customer  (cost=0.43..28673.12 rows=1499913 width=4) (actual time=0.019..160.297 rows=1500000 loops=1)
                                       Heap Fetches: 0
 Planning Time: 16.941 ms
 Execution Time: 17298.877 ms
(21 rows)

SET
SET
SET
                                                                                    QUERY PLAN                                                                                     
-----------------------------------------------------------------------------------------------------------------------------------------------------------------------------------
 Limit  (cost=1353194.98..1353194.99 rows=1 width=16) (actual time=16659.142..16659.145 rows=1 loops=1)
   ->  Sort  (cost=1353194.98..1353195.48 rows=200 width=16) (actual time=16659.140..16659.142 rows=1 loops=1)
         Sort Key: (count(*)) DESC, (count(orders.o_orderkey)) DESC
         Sort Method: top-N heapsort  Memory: 25kB
         ->  HashAggregate  (cost=1353191.98..1353193.98 rows=200 width=16) (actual time=16659.112..16659.120 rows=46 loops=1)
               Group Key: count(orders.o_orderkey)
               Batches: 1  Memory Usage: 40kB
               ->  HashAggregate  (cost=1200884.51..1330693.29 rows=1499913 width=12) (actual time=14378.716..16491.711 rows=1500000 loops=1)
                     Group Key: customer.c_custkey
                     Planned Partitions: 4  Batches: 5  Memory Usage: 65585kB  Disk Usage: 216328kB
                     ->  Hash Right Join  (cost=53282.04..661279.16 rows=14695635 width=8) (actual time=329.979..10397.500 rows=15337604 loops=1)
                           Hash Cond: (orders.o_custkey = customer.c_custkey)
                           ->  Seq Scan on orders  (cost=0.00..448750.97 rows=14695635 width=8) (actual time=0.032..4683.787 rows=14837583 loops=1)
                                 Filter: ((o_comment)::text !~~ '%special%requests%'::text)
                                 Rows Removed by Filter: 162417
                           ->  Hash  (cost=28673.12..28673.12 rows=1499913 width=4) (actual time=327.423..327.424 rows=1500000 loops=1)
                                 Buckets: 2097152  Batches: 2  Memory Usage: 42747kB
                                 ->  Index Only Scan using customer_pkey on customer  (cost=0.43..28673.12 rows=1499913 width=4) (actual time=0.019..128.406 rows=1500000 loops=1)
                                       Heap Fetches: 0
 Planning Time: 0.786 ms
 Execution Time: 16692.779 ms
(21 rows)

query 14 run 1
SET
SET
SET
                                                                              QUERY PLAN                                                                               
-----------------------------------------------------------------------------------------------------------------------------------------------------------------------
 Limit  (cost=1278487.84..1278487.85 rows=1 width=32) (actual time=67253.207..67253.209 rows=1 loops=1)
   ->  Aggregate  (cost=1278487.84..1278487.85 rows=1 width=32) (actual time=67253.205..67253.207 rows=1 loops=1)
         ->  Hash Join  (cost=99653.18..1265378.16 rows=749124 width=33) (actual time=900.356..66649.741 rows=772942 loops=1)
               Hash Cond: (lineitem.l_partkey = part.p_partkey)
               ->  Index Scan using idx_lineitem_shipdate on lineitem  (cost=0.56..1142664.89 rows=757584 width=16) (actual time=1.362..64646.538 rows=772942 loops=1)
                     Index Cond: ((l_shipdate >= '1994-05-01'::date) AND (l_shipdate < '1994-06-01'::date))
               ->  Hash  (cost=60980.83..60980.83 rows=1999983 width=25) (actual time=896.927..896.928 rows=2000000 loops=1)
                     Buckets: 1048576  Batches: 4  Memory Usage: 37079kB
                     ->  Seq Scan on part  (cost=0.00..60980.83 rows=1999983 width=25) (actual time=0.736..546.519 rows=2000000 loops=1)
 Planning Time: 17.626 ms
 Execution Time: 67253.704 ms
(11 rows)

SET
SET
SET
                                                                              QUERY PLAN                                                                              
----------------------------------------------------------------------------------------------------------------------------------------------------------------------
 Limit  (cost=1278487.84..1278487.85 rows=1 width=32) (actual time=3625.354..3625.357 rows=1 loops=1)
   ->  Aggregate  (cost=1278487.84..1278487.85 rows=1 width=32) (actual time=3625.353..3625.354 rows=1 loops=1)
         ->  Hash Join  (cost=99653.18..1265378.16 rows=749124 width=33) (actual time=763.884..3282.013 rows=772942 loops=1)
               Hash Cond: (lineitem.l_partkey = part.p_partkey)
               ->  Index Scan using idx_lineitem_shipdate on lineitem  (cost=0.56..1142664.89 rows=757584 width=16) (actual time=0.045..1922.705 rows=772942 loops=1)
                     Index Cond: ((l_shipdate >= '1994-05-01'::date) AND (l_shipdate < '1994-06-01'::date))
               ->  Hash  (cost=60980.83..60980.83 rows=1999983 width=25) (actual time=762.367..762.367 rows=2000000 loops=1)
                     Buckets: 1048576  Batches: 4  Memory Usage: 37079kB
                     ->  Seq Scan on part  (cost=0.00..60980.83 rows=1999983 width=25) (actual time=0.034..418.715 rows=2000000 loops=1)
 Planning Time: 1.145 ms
 Execution Time: 3625.484 ms
(11 rows)

query 15 run 1
SET
SET
SET
CREATE VIEW
                                                                                   QUERY PLAN                                                                                   
--------------------------------------------------------------------------------------------------------------------------------------------------------------------------------
 Limit  (cost=3767810.32..3767819.30 rows=1 width=103) (actual time=19797.587..19797.591 rows=1 loops=1)
   InitPlan 1 (returns $0)
     ->  Aggregate  (cost=1884380.97..1884380.98 rows=1 width=32) (actual time=6184.884..6184.885 rows=1 loops=1)
           ->  HashAggregate  (cost=1881934.32..1883157.65 rows=97866 width=36) (actual time=6140.971..6178.992 rows=100000 loops=1)
                 Group Key: lineitem_1.l_suppkey
                 Batches: 1  Memory Usage: 47121kB
                 ->  Bitmap Heap Scan on lineitem lineitem_1  (cost=36177.09..1859371.86 rows=2256246 width=16) (actual time=367.090..4577.040 rows=2265714 loops=1)
                       Recheck Cond: ((l_shipdate >= '1996-01-01'::date) AND (l_shipdate < '1996-04-01'::date))
                       Rows Removed by Index Recheck: 13223651
                       Heap Blocks: exact=401153 lossy=267105
                       ->  Bitmap Index Scan on idx_lineitem_shipdate  (cost=0.00..35613.03 rows=2256246 width=0) (actual time=283.182..283.182 rows=2265714 loops=1)
                             Index Cond: ((l_shipdate >= '1996-01-01'::date) AND (l_shipdate < '1996-04-01'::date))
   ->  Merge Join  (cost=1883429.34..1887822.17 rows=489 width=103) (actual time=19797.585..19797.587 rows=1 loops=1)
         Merge Cond: (supplier.s_suppkey = revenue0.supplier_no)
         ->  Index Scan using supplier_pkey on supplier  (cost=0.29..4135.79 rows=100000 width=71) (actual time=0.420..18.105 rows=69998 loops=1)
         ->  Sort  (cost=1883429.04..1883430.27 rows=489 width=36) (actual time=19775.203..19775.204 rows=1 loops=1)
               Sort Key: revenue0.supplier_no
               Sort Method: quicksort  Memory: 25kB
               ->  Subquery Scan on revenue0  (cost=1881934.32..1883407.20 rows=489 width=36) (actual time=19748.464..19775.195 rows=1 loops=1)
                     ->  HashAggregate  (cost=1881934.32..1883402.31 rows=489 width=36) (actual time=19748.463..19775.192 rows=1 loops=1)
                           Group Key: lineitem.l_suppkey
                           Filter: (sum((lineitem.l_extendedprice * ('1'::numeric - lineitem.l_discount))) = $0)
                           Batches: 1  Memory Usage: 47121kB
                           Rows Removed by Filter: 99999
                           ->  Bitmap Heap Scan on lineitem  (cost=36177.09..1859371.86 rows=2256246 width=16) (actual time=426.934..11414.302 rows=2265714 loops=1)
                                 Recheck Cond: ((l_shipdate >= '1996-01-01'::date) AND (l_shipdate < '1996-04-01'::date))
                                 Rows Removed by Index Recheck: 13223651
                                 Heap Blocks: exact=401153 lossy=267105
                                 ->  Bitmap Index Scan on idx_lineitem_shipdate  (cost=0.00..35613.03 rows=2256246 width=0) (actual time=342.674..342.674 rows=2265714 loops=1)
                                       Index Cond: ((l_shipdate >= '1996-01-01'::date) AND (l_shipdate < '1996-04-01'::date))
 Planning Time: 14.634 ms
 Execution Time: 19799.739 ms
(32 rows)

DROP VIEW
SET
SET
SET
CREATE VIEW
                                                                                   QUERY PLAN                                                                                   
--------------------------------------------------------------------------------------------------------------------------------------------------------------------------------
 Limit  (cost=3767810.32..3767819.30 rows=1 width=103) (actual time=13004.279..13004.283 rows=1 loops=1)
   InitPlan 1 (returns $0)
     ->  Aggregate  (cost=1884380.97..1884380.98 rows=1 width=32) (actual time=6202.041..6202.043 rows=1 loops=1)
           ->  HashAggregate  (cost=1881934.32..1883157.65 rows=97866 width=36) (actual time=6158.278..6196.143 rows=100000 loops=1)
                 Group Key: lineitem_1.l_suppkey
                 Batches: 1  Memory Usage: 47121kB
                 ->  Bitmap Heap Scan on lineitem lineitem_1  (cost=36177.09..1859371.86 rows=2256246 width=16) (actual time=365.265..4595.908 rows=2265714 loops=1)
                       Recheck Cond: ((l_shipdate >= '1996-01-01'::date) AND (l_shipdate < '1996-04-01'::date))
                       Rows Removed by Index Recheck: 13223651
                       Heap Blocks: exact=401153 lossy=267105
                       ->  Bitmap Index Scan on idx_lineitem_shipdate  (cost=0.00..35613.03 rows=2256246 width=0) (actual time=281.578..281.578 rows=2265714 loops=1)
                             Index Cond: ((l_shipdate >= '1996-01-01'::date) AND (l_shipdate < '1996-04-01'::date))
   ->  Merge Join  (cost=1883429.34..1887822.17 rows=489 width=103) (actual time=13004.278..13004.279 rows=1 loops=1)
         Merge Cond: (supplier.s_suppkey = revenue0.supplier_no)
         ->  Index Scan using supplier_pkey on supplier  (cost=0.29..4135.79 rows=100000 width=71) (actual time=0.046..11.552 rows=69998 loops=1)
         ->  Sort  (cost=1883429.04..1883430.27 rows=489 width=36) (actual time=12988.647..12988.648 rows=1 loops=1)
               Sort Key: revenue0.supplier_no
               Sort Method: quicksort  Memory: 25kB
               ->  Subquery Scan on revenue0  (cost=1881934.32..1883407.20 rows=489 width=36) (actual time=12962.074..12988.639 rows=1 loops=1)
                     ->  HashAggregate  (cost=1881934.32..1883402.31 rows=489 width=36) (actual time=12962.073..12988.637 rows=1 loops=1)
                           Group Key: lineitem.l_suppkey
                           Filter: (sum((lineitem.l_extendedprice * ('1'::numeric - lineitem.l_discount))) = $0)
                           Batches: 1  Memory Usage: 47121kB
                           Rows Removed by Filter: 99999
                           ->  Bitmap Heap Scan on lineitem  (cost=36177.09..1859371.86 rows=2256246 width=16) (actual time=389.945..5161.900 rows=2265714 loops=1)
                                 Recheck Cond: ((l_shipdate >= '1996-01-01'::date) AND (l_shipdate < '1996-04-01'::date))
                                 Rows Removed by Index Recheck: 13223651
                                 Heap Blocks: exact=401153 lossy=267105
                                 ->  Bitmap Index Scan on idx_lineitem_shipdate  (cost=0.00..35613.03 rows=2256246 width=0) (actual time=306.427..306.427 rows=2265714 loops=1)
                                       Index Cond: ((l_shipdate >= '1996-01-01'::date) AND (l_shipdate < '1996-04-01'::date))
 Planning Time: 1.046 ms
 Execution Time: 13005.915 ms
(32 rows)

DROP VIEW
query 16 run 1
SET
SET
SET
                                                                                         QUERY PLAN                                                                                         
--------------------------------------------------------------------------------------------------------------------------------------------------------------------------------------------
 Limit  (cost=358223.49..358223.49 rows=1 width=44) (actual time=6576.116..6576.119 rows=1 loops=1)
   ->  Sort  (cost=358223.49..358606.81 rows=153330 width=44) (actual time=6576.115..6576.117 rows=1 loops=1)
         Sort Key: (count(DISTINCT partsupp.ps_suppkey)) DESC, part.p_brand, part.p_type, part.p_size
         Sort Method: top-N heapsort  Memory: 25kB
         ->  GroupAggregate  (cost=348545.41..357456.84 rows=153330 width=44) (actual time=5923.099..6570.319 rows=27838 loops=1)
               Group Key: part.p_brand, part.p_type, part.p_size
               ->  Sort  (cost=348545.41..350021.04 rows=590250 width=40) (actual time=5923.045..6271.184 rows=1186319 loops=1)
                     Sort Key: part.p_brand, part.p_type, part.p_size
                     Sort Method: external merge  Disk: 60592kB
                     ->  Hash Join  (cost=98139.97..281590.10 rows=590250 width=40) (actual time=836.088..3145.150 rows=1186319 loops=1)
                           Hash Cond: (partsupp.ps_partkey = part.p_partkey)
                           ->  Index Only Scan using partsupp_pkey on partsupp  (cost=3471.46..176418.45 rows=4001186 width=8) (actual time=35.303..1539.610 rows=7995520 loops=1)
                                 Filter: (NOT (hashed SubPlan 1))
                                 Rows Removed by Filter: 4480
                                 Heap Fetches: 0
                                 SubPlan 1
                                   ->  Seq Scan on supplier  (cost=0.00..3471.00 rows=10 width=4) (actual time=1.226..34.983 rows=56 loops=1)
                                         Filter: ((s_comment)::text ~~ '%Customer%Complaints%'::text)
                                         Rows Removed by Filter: 99944
                           ->  Hash  (cost=90980.58..90980.58 rows=295035 width=40) (actual time=800.085..800.086 rows=296733 loops=1)
                                 Buckets: 524288  Batches: 1  Memory Usage: 25593kB
                                 ->  Seq Scan on part  (cost=0.00..90980.58 rows=295035 width=40) (actual time=0.796..727.339 rows=296733 loops=1)
                                       Filter: ((p_brand <> 'Brand#12'::bpchar) AND ((p_type)::text !~~ 'SMALL BRUSHED%'::text) AND (p_size = ANY ('{12,32,36,26,40,34,49,9}'::integer[])))
                                       Rows Removed by Filter: 1703267
 Planning Time: 16.568 ms
 Execution Time: 6584.297 ms
(26 rows)

SET
SET
SET
                                                                                         QUERY PLAN                                                                                         
--------------------------------------------------------------------------------------------------------------------------------------------------------------------------------------------
 Limit  (cost=358223.49..358223.49 rows=1 width=44) (actual time=6086.163..6086.166 rows=1 loops=1)
   ->  Sort  (cost=358223.49..358606.81 rows=153330 width=44) (actual time=6086.162..6086.164 rows=1 loops=1)
         Sort Key: (count(DISTINCT partsupp.ps_suppkey)) DESC, part.p_brand, part.p_type, part.p_size
         Sort Method: top-N heapsort  Memory: 25kB
         ->  GroupAggregate  (cost=348545.41..357456.84 rows=153330 width=44) (actual time=5432.662..6080.382 rows=27838 loops=1)
               Group Key: part.p_brand, part.p_type, part.p_size
               ->  Sort  (cost=348545.41..350021.04 rows=590250 width=40) (actual time=5432.608..5782.060 rows=1186319 loops=1)
                     Sort Key: part.p_brand, part.p_type, part.p_size
                     Sort Method: external merge  Disk: 60592kB
                     ->  Hash Join  (cost=98139.97..281590.10 rows=590250 width=40) (actual time=535.582..2656.395 rows=1186319 loops=1)
                           Hash Cond: (partsupp.ps_partkey = part.p_partkey)
                           ->  Index Only Scan using partsupp_pkey on partsupp  (cost=3471.46..176418.45 rows=4001186 width=8) (actual time=20.299..1355.557 rows=7995520 loops=1)
                                 Filter: (NOT (hashed SubPlan 1))
                                 Rows Removed by Filter: 4480
                                 Heap Fetches: 0
                                 SubPlan 1
                                   ->  Seq Scan on supplier  (cost=0.00..3471.00 rows=10 width=4) (actual time=0.083..20.253 rows=56 loops=1)
                                         Filter: ((s_comment)::text ~~ '%Customer%Complaints%'::text)
                                         Rows Removed by Filter: 99944
                           ->  Hash  (cost=90980.58..90980.58 rows=295035 width=40) (actual time=514.648..514.649 rows=296733 loops=1)
                                 Buckets: 524288  Batches: 1  Memory Usage: 25593kB
                                 ->  Seq Scan on part  (cost=0.00..90980.58 rows=295035 width=40) (actual time=0.016..450.230 rows=296733 loops=1)
                                       Filter: ((p_brand <> 'Brand#12'::bpchar) AND ((p_type)::text !~~ 'SMALL BRUSHED%'::text) AND (p_size = ANY ('{12,32,36,26,40,34,49,9}'::integer[])))
                                       Rows Removed by Filter: 1703267
 Planning Time: 1.179 ms
 Execution Time: 6094.340 ms
(26 rows)

query 17 run 1
SET
SET
SET
                                                                            QUERY PLAN                                                                            
------------------------------------------------------------------------------------------------------------------------------------------------------------------
 Limit  (cost=4909795.35..4909795.36 rows=1 width=32) (actual time=55284.296..55284.299 rows=1 loops=1)
   ->  Aggregate  (cost=4909795.35..4909795.36 rows=1 width=32) (actual time=55284.295..55284.297 rows=1 loops=1)
         ->  Nested Loop  (cost=4174430.06..4909746.16 rows=19676 width=8) (actual time=32208.333..55282.297 rows=5319 loops=1)
               Join Filter: (part.p_partkey = lineitem.l_partkey)
               ->  Hash Join  (cost=4174429.62..4816117.67 rows=1990 width=40) (actual time=32206.295..54294.531 rows=1996 loops=1)
                     Hash Cond: (lineitem_1.l_partkey = part.p_partkey)
                     ->  HashAggregate  (cost=4103424.28..4719577.38 rows=2022569 width=36) (actual time=31666.083..53599.547 rows=2000000 loops=1)
                           Group Key: lineitem_1.l_partkey
                           Planned Partitions: 16  Batches: 17  Memory Usage: 65681kB  Disk Usage: 2015240kB
                           ->  Seq Scan on lineitem lineitem_1  (cost=0.00..1725017.12 rows=59987412 width=9) (actual time=0.544..7126.424 rows=59986052 loops=1)
                     ->  Hash  (cost=70980.74..70980.74 rows=1968 width=4) (actual time=538.381..538.382 rows=1996 loops=1)
                           Buckets: 2048  Batches: 1  Memory Usage: 87kB
                           ->  Seq Scan on part  (cost=0.00..70980.74 rows=1968 width=4) (actual time=1.462..537.324 rows=1996 loops=1)
                                 Filter: ((p_brand = 'Brand#22'::bpchar) AND (p_container = 'LG BOX'::bpchar))
                                 Rows Removed by Filter: 1998004
               ->  Index Scan using idx_lineitem_part_supp on lineitem  (cost=0.44..46.92 rows=10 width=17) (actual time=0.350..0.493 rows=3 loops=1996)
                     Index Cond: (l_partkey = lineitem_1.l_partkey)
                     Filter: (l_quantity < ((0.2 * avg(lineitem_1.l_quantity))))
                     Rows Removed by Filter: 27
 Planning Time: 15.941 ms
 Execution Time: 55537.511 ms
(21 rows)

SET
SET
SET
                                                                            QUERY PLAN                                                                            
------------------------------------------------------------------------------------------------------------------------------------------------------------------
 Limit  (cost=4909795.35..4909795.36 rows=1 width=32) (actual time=51850.287..51850.290 rows=1 loops=1)
   ->  Aggregate  (cost=4909795.35..4909795.36 rows=1 width=32) (actual time=51850.286..51850.288 rows=1 loops=1)
         ->  Nested Loop  (cost=4174430.06..4909746.16 rows=19676 width=8) (actual time=29610.281..51849.514 rows=5319 loops=1)
               Join Filter: (part.p_partkey = lineitem.l_partkey)
               ->  Hash Join  (cost=4174429.62..4816117.67 rows=1990 width=40) (actual time=29610.253..51805.947 rows=1996 loops=1)
                     Hash Cond: (lineitem_1.l_partkey = part.p_partkey)
                     ->  HashAggregate  (cost=4103424.28..4719577.38 rows=2022569 width=36) (actual time=29344.522..51396.730 rows=2000000 loops=1)
                           Group Key: lineitem_1.l_partkey
                           Planned Partitions: 16  Batches: 17  Memory Usage: 65681kB  Disk Usage: 2015240kB
                           ->  Seq Scan on lineitem lineitem_1  (cost=0.00..1725017.12 rows=59987412 width=9) (actual time=0.035..5313.523 rows=59986052 loops=1)
                     ->  Hash  (cost=70980.74..70980.74 rows=1968 width=4) (actual time=263.907..263.908 rows=1996 loops=1)
                           Buckets: 2048  Batches: 1  Memory Usage: 87kB
                           ->  Seq Scan on part  (cost=0.00..70980.74 rows=1968 width=4) (actual time=0.113..263.324 rows=1996 loops=1)
                                 Filter: ((p_brand = 'Brand#22'::bpchar) AND (p_container = 'LG BOX'::bpchar))
                                 Rows Removed by Filter: 1998004
               ->  Index Scan using idx_lineitem_part_supp on lineitem  (cost=0.44..46.92 rows=10 width=17) (actual time=0.010..0.021 rows=3 loops=1996)
                     Index Cond: (l_partkey = lineitem_1.l_partkey)
                     Filter: (l_quantity < ((0.2 * avg(lineitem_1.l_quantity))))
                     Rows Removed by Filter: 27
 Planning Time: 0.995 ms
 Execution Time: 52072.813 ms
(21 rows)

query 18 run 1
SET
SET
SET
                                                                                                 QUERY PLAN                                                                                                  
-------------------------------------------------------------------------------------------------------------------------------------------------------------------------------------------------------------
 Limit  (cost=8775040.28..8775040.53 rows=100 width=71) (actual time=41990.196..41990.209 rows=99 loops=1)
   ->  Sort  (cost=8775040.28..8825023.84 rows=19993424 width=71) (actual time=41990.194..41990.201 rows=99 loops=1)
         Sort Key: orders.o_totalprice DESC, orders.o_orderdate
         Sort Method: quicksort  Memory: 32kB
         ->  HashAggregate  (cost=7409541.29..8010905.99 rows=19993424 width=71) (actual time=41989.346..41990.102 rows=99 loops=1)
               Group Key: customer.c_custkey, orders.o_orderkey
               Planned Partitions: 128  Batches: 1  Memory Usage: 6225kB
               ->  Hash Join  (cost=78576.14..6332551.77 rows=19993424 width=44) (actual time=3086.125..41988.884 rows=693 loops=1)
                     Hash Cond: (orders.o_custkey = customer.c_custkey)
                     ->  Merge Join  (cost=92.10..5919447.84 rows=19993424 width=25) (actual time=996.914..41203.646 rows=693 loops=1)
                           Merge Cond: (orders.o_orderkey = lineitem.l_orderkey)
                           ->  Merge Join  (cost=1.00..3390299.10 rows=4998951 width=24) (actual time=762.339..29925.297 rows=99 loops=1)
                                 Merge Cond: (orders.o_orderkey = lineitem_1.l_orderkey)
                                 ->  Index Scan using orders_pkey on orders  (cost=0.43..547945.01 rows=14998638 width=20) (actual time=0.684..2957.063 rows=14982724 loops=1)
                                 ->  GroupAggregate  (cost=0.56..2692381.10 rows=4998951 width=4) (actual time=654.299..26064.372 rows=99 loops=1)
                                       Group Key: lineitem_1.l_orderkey
                                       Filter: (sum(lineitem_1.l_quantity) > '313'::numeric)
                                       Rows Removed by Filter: 14999901
                                       ->  Index Scan using idx_lineitem_orderkey on lineitem lineitem_1  (cost=0.56..2167491.25 rows=59987412 width=9) (actual time=0.506..12359.376 rows=59986052 loops=1)
                           ->  Index Scan using idx_lineitem_orderkey on lineitem  (cost=0.56..2167491.25 rows=59987412 width=9) (actual time=0.015..7757.636 rows=59916431 loops=1)
                     ->  Hash  (cost=50946.13..50946.13 rows=1499913 width=23) (actual time=703.130..703.131 rows=1500000 loops=1)
                           Buckets: 1048576  Batches: 2  Memory Usage: 49242kB
                           ->  Seq Scan on customer  (cost=0.00..50946.13 rows=1499913 width=23) (actual time=0.446..424.542 rows=1500000 loops=1)
 Planning Time: 22.240 ms
 Execution Time: 41992.034 ms
(25 rows)

SET
SET
SET
                                                                                                 QUERY PLAN                                                                                                  
-------------------------------------------------------------------------------------------------------------------------------------------------------------------------------------------------------------
 Limit  (cost=8775040.28..8775040.53 rows=100 width=71) (actual time=38640.588..38640.602 rows=99 loops=1)
   ->  Sort  (cost=8775040.28..8825023.84 rows=19993424 width=71) (actual time=38640.587..38640.594 rows=99 loops=1)
         Sort Key: orders.o_totalprice DESC, orders.o_orderdate
         Sort Method: quicksort  Memory: 32kB
         ->  HashAggregate  (cost=7409541.29..8010905.99 rows=19993424 width=71) (actual time=38639.718..38640.495 rows=99 loops=1)
               Group Key: customer.c_custkey, orders.o_orderkey
               Planned Partitions: 128  Batches: 1  Memory Usage: 6225kB
               ->  Hash Join  (cost=78576.14..6332551.77 rows=19993424 width=44) (actual time=2649.081..38639.265 rows=693 loops=1)
                     Hash Cond: (orders.o_custkey = customer.c_custkey)
                     ->  Merge Join  (cost=92.10..5919447.84 rows=19993424 width=25) (actual time=863.963..37988.152 rows=693 loops=1)
                           Merge Cond: (orders.o_orderkey = lineitem.l_orderkey)
                           ->  Merge Join  (cost=1.00..3390299.10 rows=4998951 width=24) (actual time=627.382..26729.670 rows=99 loops=1)
                                 Merge Cond: (orders.o_orderkey = lineitem_1.l_orderkey)
                                 ->  Index Scan using orders_pkey on orders  (cost=0.43..547945.01 rows=14998638 width=20) (actual time=0.027..2374.641 rows=14982724 loops=1)
                                 ->  GroupAggregate  (cost=0.56..2692381.10 rows=4998951 width=4) (actual time=548.040..23478.433 rows=99 loops=1)
                                       Group Key: lineitem_1.l_orderkey
                                       Filter: (sum(lineitem_1.l_quantity) > '313'::numeric)
                                       Rows Removed by Filter: 14999901
                                       ->  Index Scan using idx_lineitem_orderkey on lineitem lineitem_1  (cost=0.56..2167491.25 rows=59987412 width=9) (actual time=0.017..10072.514 rows=59986052 loops=1)
                           ->  Index Scan using idx_lineitem_orderkey on lineitem  (cost=0.56..2167491.25 rows=59987412 width=9) (actual time=0.014..7768.147 rows=59916431 loops=1)
                     ->  Hash  (cost=50946.13..50946.13 rows=1499913 width=23) (actual time=570.371..570.372 rows=1500000 loops=1)
                           Buckets: 1048576  Batches: 2  Memory Usage: 49242kB
                           ->  Seq Scan on customer  (cost=0.00..50946.13 rows=1499913 width=23) (actual time=0.030..297.440 rows=1500000 loops=1)
 Planning Time: 1.703 ms
 Execution Time: 38641.946 ms
(25 rows)

query 19 run 1
SET
SET
SET
                                                                                                                                                                                                                                                                                                                                                                                                                                                                                                            QUERY PLAN                                                                                                                                                                                                                                                                                                                                                                                                                                                                                                            
----------------------------------------------------------------------------------------------------------------------------------------------------------------------------------------------------------------------------------------------------------------------------------------------------------------------------------------------------------------------------------------------------------------------------------------------------------------------------------------------------------------------------------------------------------------------------------------------------------------------------------------------------------------------------------------------------------------------------------------------------------------------------------------------------------------------------------------------------------------------------------------------------------------------------------------------------------------------------------------------------------------------------------
 Limit  (cost=368779.01..368779.02 rows=1 width=32) (actual time=22660.246..22660.247 rows=1 loops=1)
   ->  Aggregate  (cost=368779.01..368779.02 rows=1 width=32) (actual time=22660.244..22660.245 rows=1 loops=1)
         ->  Nested Loop  (cost=0.44..368770.19 rows=1176 width=12) (actual time=60.128..22657.235 rows=1063 loops=1)
               ->  Seq Scan on part  (cost=0.00..125980.28 rows=4971 width=30) (actual time=1.746..805.984 rows=4781 loops=1)
                     Filter: ((p_size >= 1) AND (((p_brand = 'Brand#24'::bpchar) AND (p_container = ANY ('{"SM CASE","SM BOX","SM PACK","SM PKG"}'::bpchar[])) AND (p_size <= 5)) OR ((p_brand = 'Brand#43'::bpchar) AND (p_container = ANY ('{"MED BAG","MED BOX","MED PKG","MED PACK"}'::bpchar[])) AND (p_size <= 10)) OR ((p_brand = 'Brand#44'::bpchar) AND (p_container = ANY ('{"LG CASE","LG BOX","LG PACK","LG PKG"}'::bpchar[])) AND (p_size <= 15))))
                     Rows Removed by Filter: 1995219
               ->  Index Scan using idx_lineitem_part_supp on lineitem  (cost=0.44..48.83 rows=1 width=21) (actual time=4.123..4.569 rows=0 loops=4781)
                     Index Cond: (l_partkey = part.p_partkey)
                     Filter: ((l_shipmode = ANY ('{AIR,"AIR REG"}'::bpchar[])) AND (l_shipinstruct = 'DELIVER IN PERSON'::bpchar) AND (((l_quantity >= '10'::numeric) AND (l_quantity <= '20'::numeric)) OR ((l_quantity >= '10'::numeric) AND (l_quantity <= '20'::numeric)) OR ((l_quantity >= '20'::numeric) AND (l_quantity <= '30'::numeric))) AND (((part.p_brand = 'Brand#24'::bpchar) AND (part.p_container = ANY ('{"SM CASE","SM BOX","SM PACK","SM PKG"}'::bpchar[])) AND (l_quantity >= '10'::numeric) AND (l_quantity <= '20'::numeric) AND (part.p_size <= 5)) OR ((part.p_brand = 'Brand#43'::bpchar) AND (part.p_container = ANY ('{"MED BAG","MED BOX","MED PKG","MED PACK"}'::bpchar[])) AND (l_quantity >= '10'::numeric) AND (l_quantity <= '20'::numeric) AND (part.p_size <= 10)) OR ((part.p_brand = 'Brand#44'::bpchar) AND (part.p_container = ANY ('{"LG CASE","LG BOX","LG PACK","LG PKG"}'::bpchar[])) AND (l_quantity >= '20'::numeric) AND (l_quantity <= '30'::numeric) AND (part.p_size <= 15))))
                     Rows Removed by Filter: 30
 Planning Time: 16.715 ms
 Execution Time: 22660.945 ms
(12 rows)

SET
SET
SET
                                                                                                                                                                                                                                                                                                                                                                                                                                                                                                            QUERY PLAN                                                                                                                                                                                                                                                                                                                                                                                                                                                                                                            
----------------------------------------------------------------------------------------------------------------------------------------------------------------------------------------------------------------------------------------------------------------------------------------------------------------------------------------------------------------------------------------------------------------------------------------------------------------------------------------------------------------------------------------------------------------------------------------------------------------------------------------------------------------------------------------------------------------------------------------------------------------------------------------------------------------------------------------------------------------------------------------------------------------------------------------------------------------------------------------------------------------------------------
 Limit  (cost=368779.01..368779.02 rows=1 width=32) (actual time=617.585..617.586 rows=1 loops=1)
   ->  Aggregate  (cost=368779.01..368779.02 rows=1 width=32) (actual time=617.584..617.584 rows=1 loops=1)
         ->  Nested Loop  (cost=0.44..368770.19 rows=1176 width=12) (actual time=1.516..616.793 rows=1063 loops=1)
               ->  Seq Scan on part  (cost=0.00..125980.28 rows=4971 width=30) (actual time=0.217..462.370 rows=4781 loops=1)
                     Filter: ((p_size >= 1) AND (((p_brand = 'Brand#24'::bpchar) AND (p_container = ANY ('{"SM CASE","SM BOX","SM PACK","SM PKG"}'::bpchar[])) AND (p_size <= 5)) OR ((p_brand = 'Brand#43'::bpchar) AND (p_container = ANY ('{"MED BAG","MED BOX","MED PKG","MED PACK"}'::bpchar[])) AND (p_size <= 10)) OR ((p_brand = 'Brand#44'::bpchar) AND (p_container = ANY ('{"LG CASE","LG BOX","LG PACK","LG PKG"}'::bpchar[])) AND (p_size <= 15))))
                     Rows Removed by Filter: 1995219
               ->  Index Scan using idx_lineitem_part_supp on lineitem  (cost=0.44..48.83 rows=1 width=21) (actual time=0.029..0.032 rows=0 loops=4781)
                     Index Cond: (l_partkey = part.p_partkey)
                     Filter: ((l_shipmode = ANY ('{AIR,"AIR REG"}'::bpchar[])) AND (l_shipinstruct = 'DELIVER IN PERSON'::bpchar) AND (((l_quantity >= '10'::numeric) AND (l_quantity <= '20'::numeric)) OR ((l_quantity >= '10'::numeric) AND (l_quantity <= '20'::numeric)) OR ((l_quantity >= '20'::numeric) AND (l_quantity <= '30'::numeric))) AND (((part.p_brand = 'Brand#24'::bpchar) AND (part.p_container = ANY ('{"SM CASE","SM BOX","SM PACK","SM PKG"}'::bpchar[])) AND (l_quantity >= '10'::numeric) AND (l_quantity <= '20'::numeric) AND (part.p_size <= 5)) OR ((part.p_brand = 'Brand#43'::bpchar) AND (part.p_container = ANY ('{"MED BAG","MED BOX","MED PKG","MED PACK"}'::bpchar[])) AND (l_quantity >= '10'::numeric) AND (l_quantity <= '20'::numeric) AND (part.p_size <= 10)) OR ((part.p_brand = 'Brand#44'::bpchar) AND (part.p_container = ANY ('{"LG CASE","LG BOX","LG PACK","LG PKG"}'::bpchar[])) AND (l_quantity >= '20'::numeric) AND (l_quantity <= '30'::numeric) AND (part.p_size <= 15))))
                     Rows Removed by Filter: 30
 Planning Time: 1.088 ms
 Execution Time: 617.642 ms
(12 rows)

query 20 run 1
SET
SET
SET
                                                                                       QUERY PLAN                                                                                        
-----------------------------------------------------------------------------------------------------------------------------------------------------------------------------------------
 Limit  (cost=2767653.24..2767653.25 rows=1 width=51) (actual time=53478.489..53478.493 rows=1 loops=1)
   ->  Sort  (cost=2767653.24..2767653.25 rows=1 width=51) (actual time=53478.488..53478.491 rows=1 loops=1)
         Sort Key: supplier.s_name
         Sort Method: top-N heapsort  Memory: 25kB
         ->  Nested Loop Semi Join  (cost=2517392.88..2767653.23 rows=1 width=51) (actual time=31482.674..53476.533 rows=1821 loops=1)
               Join Filter: (supplier.s_suppkey = lineitem.l_suppkey)
               Rows Removed by Join Filter: 183379751
               ->  Nested Loop  (cost=0.00..4472.31 rows=4000 width=55) (actual time=0.583..23.930 rows=4095 loops=1)
                     Join Filter: (supplier.s_nationkey = nation.n_nationkey)
                     Rows Removed by Join Filter: 95905
                     ->  Seq Scan on nation  (cost=0.00..1.31 rows=1 width=4) (actual time=0.247..0.251 rows=1 loops=1)
                           Filter: (n_name = 'IRAQ'::bpchar)
                           Rows Removed by Filter: 24
                     ->  Seq Scan on supplier  (cost=0.00..3221.00 rows=100000 width=59) (actual time=0.328..16.003 rows=100000 loops=1)
               ->  Materialize  (cost=2517392.88..2763000.93 rows=3 width=8) (actual time=7.281..10.635 rows=44782 loops=4095)
                     ->  Hash Join  (cost=2517392.88..2763000.91 rows=3 width=8) (actual time=29816.783..37219.814 rows=59002 loops=1)
                           Hash Cond: ((lineitem.l_partkey = partsupp.ps_partkey) AND (lineitem.l_suppkey = partsupp.ps_suppkey))
                           Join Filter: ((partsupp.ps_availqty)::numeric > ((0.5 * sum(lineitem.l_quantity))))
                           Rows Removed by Join Filter: 123
                           ->  HashAggregate  (cost=2374429.24..2535455.88 rows=4833215 width=40) (actual time=24864.164..31433.804 rows=5448842 loops=1)
                                 Group Key: lineitem.l_partkey, lineitem.l_suppkey
                                 Planned Partitions: 32  Batches: 161  Memory Usage: 65809kB  Disk Usage: 358200kB
                                 ->  Bitmap Heap Scan on lineitem  (cost=145349.48..1992340.63 rows=9065309 width=13) (actual time=1263.185..19637.306 rows=9123688 loops=1)
                                       Recheck Cond: ((l_shipdate >= '1996-01-01'::date) AND (l_shipdate < '1997-01-01'::date))
                                       Rows Removed by Index Recheck: 23164080
                                       Heap Blocks: exact=518099 lossy=530696
                                       ->  Bitmap Index Scan on idx_lineitem_shipdate  (cost=0.00..143083.15 rows=9065309 width=0) (actual time=1143.147..1143.147 rows=9123688 loops=1)
                                             Index Cond: ((l_shipdate >= '1996-01-01'::date) AND (l_shipdate < '1997-01-01'::date))
                           ->  Hash  (cost=141751.14..141751.14 rows=80833 width=16) (actual time=4952.275..4952.276 rows=86872 loops=1)
                                 Buckets: 131072  Batches: 1  Memory Usage: 5097kB
                                 ->  Nested Loop  (cost=0.43..141751.14 rows=80833 width=16) (actual time=0.870..4906.085 rows=86872 loops=1)
                                       ->  Seq Scan on part  (cost=0.00..65980.79 rows=20202 width=4) (actual time=0.539..723.157 rows=21718 loops=1)
                                             Filter: ((p_name)::text ~~ 'olive%'::text)
                                             Rows Removed by Filter: 1978282
                                       ->  Index Scan using idx_partsupp_partkey on partsupp  (cost=0.43..3.57 rows=18 width=12) (actual time=0.176..0.190 rows=4 loops=21718)
                                             Index Cond: (ps_partkey = part.p_partkey)
 Planning Time: 22.025 ms
 Execution Time: 53520.165 ms
(38 rows)

SET
SET
SET
                                                                                      QUERY PLAN                                                                                       
---------------------------------------------------------------------------------------------------------------------------------------------------------------------------------------
 Limit  (cost=2767653.24..2767653.25 rows=1 width=51) (actual time=37278.118..37278.122 rows=1 loops=1)
   ->  Sort  (cost=2767653.24..2767653.25 rows=1 width=51) (actual time=37278.116..37278.120 rows=1 loops=1)
         Sort Key: supplier.s_name
         Sort Method: top-N heapsort  Memory: 25kB
         ->  Nested Loop Semi Join  (cost=2517392.88..2767653.23 rows=1 width=51) (actual time=15238.877..37276.128 rows=1821 loops=1)
               Join Filter: (supplier.s_suppkey = lineitem.l_suppkey)
               Rows Removed by Join Filter: 183379751
               ->  Nested Loop  (cost=0.00..4472.31 rows=4000 width=55) (actual time=0.041..20.075 rows=4095 loops=1)
                     Join Filter: (supplier.s_nationkey = nation.n_nationkey)
                     Rows Removed by Join Filter: 95905
                     ->  Seq Scan on nation  (cost=0.00..1.31 rows=1 width=4) (actual time=0.025..0.028 rows=1 loops=1)
                           Filter: (n_name = 'IRAQ'::bpchar)
                           Rows Removed by Filter: 24
                     ->  Seq Scan on supplier  (cost=0.00..3221.00 rows=100000 width=59) (actual time=0.005..12.395 rows=100000 loops=1)
               ->  Materialize  (cost=2517392.88..2763000.93 rows=3 width=8) (actual time=3.315..6.670 rows=44782 loops=4095)
                     ->  Hash Join  (cost=2517392.88..2763000.91 rows=3 width=8) (actual time=13576.008..20969.493 rows=59002 loops=1)
                           Hash Cond: ((lineitem.l_partkey = partsupp.ps_partkey) AND (lineitem.l_suppkey = partsupp.ps_suppkey))
                           Join Filter: ((partsupp.ps_availqty)::numeric > ((0.5 * sum(lineitem.l_quantity))))
                           Rows Removed by Join Filter: 123
                           ->  HashAggregate  (cost=2374429.24..2535455.88 rows=4833215 width=40) (actual time=13016.540..19579.528 rows=5448842 loops=1)
                                 Group Key: lineitem.l_partkey, lineitem.l_suppkey
                                 Planned Partitions: 32  Batches: 161  Memory Usage: 65809kB  Disk Usage: 358200kB
                                 ->  Bitmap Heap Scan on lineitem  (cost=145349.48..1992340.63 rows=9065309 width=13) (actual time=1115.239..8964.428 rows=9123688 loops=1)
                                       Recheck Cond: ((l_shipdate >= '1996-01-01'::date) AND (l_shipdate < '1997-01-01'::date))
                                       Rows Removed by Index Recheck: 23164080
                                       Heap Blocks: exact=518099 lossy=530696
                                       ->  Bitmap Index Scan on idx_lineitem_shipdate  (cost=0.00..143083.15 rows=9065309 width=0) (actual time=995.357..995.357 rows=9123688 loops=1)
                                             Index Cond: ((l_shipdate >= '1996-01-01'::date) AND (l_shipdate < '1997-01-01'::date))
                           ->  Hash  (cost=141751.14..141751.14 rows=80833 width=16) (actual time=559.135..559.136 rows=86872 loops=1)
                                 Buckets: 131072  Batches: 1  Memory Usage: 5097kB
                                 ->  Nested Loop  (cost=0.43..141751.14 rows=80833 width=16) (actual time=0.062..537.772 rows=86872 loops=1)
                                       ->  Seq Scan on part  (cost=0.00..65980.79 rows=20202 width=4) (actual time=0.042..328.847 rows=21718 loops=1)
                                             Filter: ((p_name)::text ~~ 'olive%'::text)
                                             Rows Removed by Filter: 1978282
                                       ->  Index Scan using idx_partsupp_partkey on partsupp  (cost=0.43..3.57 rows=18 width=12) (actual time=0.008..0.009 rows=4 loops=21718)
                                             Index Cond: (ps_partkey = part.p_partkey)
 Planning Time: 2.098 ms
 Execution Time: 37319.234 ms
(38 rows)

query 21 run 1
SET
SET
SET
                                                                                               QUERY PLAN                                                                                                
---------------------------------------------------------------------------------------------------------------------------------------------------------------------------------------------------------
 Limit  (cost=3772777.26..3772777.26 rows=1 width=34) (actual time=25294.476..25294.493 rows=100 loops=1)
   ->  Sort  (cost=3772777.26..3772777.26 rows=1 width=34) (actual time=25294.475..25294.485 rows=100 loops=1)
         Sort Key: (count(*)) DESC, supplier.s_name
         Sort Method: top-N heapsort  Memory: 38kB
         ->  GroupAggregate  (cost=3772777.23..3772777.25 rows=1 width=34) (actual time=25287.049..25293.259 rows=3991 loops=1)
               Group Key: supplier.s_name
               ->  Sort  (cost=3772777.23..3772777.23 rows=1 width=26) (actual time=25287.037..25288.706 rows=39281 loops=1)
                     Sort Key: supplier.s_name
                     Sort Method: quicksort  Memory: 4298kB
                     ->  Nested Loop Semi Join  (cost=1976527.72..3772777.22 rows=1 width=26) (actual time=15424.567..25122.862 rows=39281 loops=1)
                           Join Filter: (l2.l_suppkey <> l1.l_suppkey)
                           Rows Removed by Join Filter: 42025
                           ->  Nested Loop Anti Join  (cost=1976527.16..3772773.57 rows=1 width=38) (actual time=15424.560..24978.202 rows=65960 loops=1)
                                 ->  Hash Join  (cost=1976526.59..2520024.41 rows=390158 width=38) (actual time=15424.485..20130.004 rows=730985 loops=1)
                                       Hash Cond: (orders.o_orderkey = l1.l_orderkey)
                                       ->  Seq Scan on orders  (cost=0.00..448750.97 rows=7316336 width=4) (actual time=0.558..2524.642 rows=7309184 loops=1)
                                             Filter: (o_orderstatus = 'F'::bpchar)
                                             Rows Removed by Filter: 7690816
                                       ->  Hash  (cost=1960279.69..1960279.69 rows=799832 width=34) (actual time=15422.517..15422.520 rows=1514267 loops=1)
                                             Buckets: 1048576  Batches: 2  Memory Usage: 58450kB
                                             ->  Hash Join  (cost=2311.46..1960279.69 rows=799832 width=34) (actual time=42.495..15013.349 rows=1514267 loops=1)
                                                   Hash Cond: (l1.l_suppkey = supplier.s_suppkey)
                                                   ->  Seq Scan on lineitem l1  (cost=0.00..1874985.65 rows=19995804 width=8) (actual time=1.693..11521.622 rows=37929348 loops=1)
                                                         Filter: (l_receiptdate > l_commitdate)
                                                         Rows Removed by Filter: 22056704
                                                   ->  Hash  (cost=2261.46..2261.46 rows=4000 width=30) (actual time=40.728..40.730 rows=3991 loops=1)
                                                         Buckets: 4096  Batches: 1  Memory Usage: 282kB
                                                         ->  Nested Loop  (cost=37.29..2261.46 rows=4000 width=30) (actual time=2.022..39.569 rows=3991 loops=1)
                                                               ->  Seq Scan on nation  (cost=0.00..1.31 rows=1 width=4) (actual time=0.235..0.239 rows=1 loops=1)
                                                                     Filter: (n_name = 'PERU'::bpchar)
                                                                     Rows Removed by Filter: 24
                                                               ->  Bitmap Heap Scan on supplier  (cost=37.29..2220.15 rows=4000 width=34) (actual time=1.777..38.648 rows=3991 loops=1)
                                                                     Recheck Cond: (s_nationkey = nation.n_nationkey)
                                                                     Heap Blocks: exact=1865
                                                                     ->  Bitmap Index Scan on idx_supplier_nation_key  (cost=0.00..36.29 rows=4000 width=0) (actual time=0.989..0.989 rows=3991 loops=1)
                                                                           Index Cond: (s_nationkey = nation.n_nationkey)
                                 ->  Index Scan using idx_lineitem_orderkey on lineitem l3  (cost=0.56..3.64 rows=1 width=8) (actual time=0.006..0.006 rows=1 loops=730985)
                                       Index Cond: (l_orderkey = l1.l_orderkey)
                                       Filter: ((l_receiptdate > l_commitdate) AND (l_suppkey <> l1.l_suppkey))
                                       Rows Removed by Filter: 1
                           ->  Index Scan using idx_lineitem_orderkey on lineitem l2  (cost=0.56..3.62 rows=4 width=8) (actual time=0.002..0.002 rows=1 loops=65960)
                                 Index Cond: (l_orderkey = orders.o_orderkey)
 Planning Time: 21.507 ms
 Execution Time: 25295.421 ms
(44 rows)

SET
SET
SET
                                                                                               QUERY PLAN                                                                                                
---------------------------------------------------------------------------------------------------------------------------------------------------------------------------------------------------------
 Limit  (cost=3772777.26..3772777.26 rows=1 width=34) (actual time=21167.901..21167.917 rows=100 loops=1)
   ->  Sort  (cost=3772777.26..3772777.26 rows=1 width=34) (actual time=21167.899..21167.909 rows=100 loops=1)
         Sort Key: (count(*)) DESC, supplier.s_name
         Sort Method: top-N heapsort  Memory: 38kB
         ->  GroupAggregate  (cost=3772777.23..3772777.25 rows=1 width=34) (actual time=21160.369..21166.684 rows=3991 loops=1)
               Group Key: supplier.s_name
               ->  Sort  (cost=3772777.23..3772777.23 rows=1 width=26) (actual time=21160.356..21162.056 rows=39281 loops=1)
                     Sort Key: supplier.s_name
                     Sort Method: quicksort  Memory: 4298kB
                     ->  Nested Loop Semi Join  (cost=1976527.72..3772777.22 rows=1 width=26) (actual time=13050.085..20997.567 rows=39281 loops=1)
                           Join Filter: (l2.l_suppkey <> l1.l_suppkey)
                           Rows Removed by Join Filter: 42025
                           ->  Nested Loop Anti Join  (cost=1976527.16..3772773.57 rows=1 width=38) (actual time=13050.077..20860.694 rows=65960 loops=1)
                                 ->  Hash Join  (cost=1976526.59..2520024.41 rows=390158 width=38) (actual time=13050.017..17250.002 rows=730985 loops=1)
                                       Hash Cond: (orders.o_orderkey = l1.l_orderkey)
                                       ->  Seq Scan on orders  (cost=0.00..448750.97 rows=7316336 width=4) (actual time=0.019..2053.380 rows=7309184 loops=1)
                                             Filter: (o_orderstatus = 'F'::bpchar)
                                             Rows Removed by Filter: 7690816
                                       ->  Hash  (cost=1960279.69..1960279.69 rows=799832 width=34) (actual time=13048.512..13048.515 rows=1514267 loops=1)
                                             Buckets: 1048576  Batches: 2  Memory Usage: 58450kB
                                             ->  Hash Join  (cost=2311.46..1960279.69 rows=799832 width=34) (actual time=15.111..12684.014 rows=1514267 loops=1)
                                                   Hash Cond: (l1.l_suppkey = supplier.s_suppkey)
                                                   ->  Seq Scan on lineitem l1  (cost=0.00..1874985.65 rows=19995804 width=8) (actual time=0.035..9603.304 rows=37929348 loops=1)
                                                         Filter: (l_receiptdate > l_commitdate)
                                                         Rows Removed by Filter: 22056704
                                                   ->  Hash  (cost=2261.46..2261.46 rows=4000 width=30) (actual time=15.032..15.034 rows=3991 loops=1)
                                                         Buckets: 4096  Batches: 1  Memory Usage: 282kB
                                                         ->  Nested Loop  (cost=37.29..2261.46 rows=4000 width=30) (actual time=0.549..14.141 rows=3991 loops=1)
                                                               ->  Seq Scan on nation  (cost=0.00..1.31 rows=1 width=4) (actual time=0.013..0.016 rows=1 loops=1)
                                                                     Filter: (n_name = 'PERU'::bpchar)
                                                                     Rows Removed by Filter: 24
                                                               ->  Bitmap Heap Scan on supplier  (cost=37.29..2220.15 rows=4000 width=34) (actual time=0.531..13.584 rows=3991 loops=1)
                                                                     Recheck Cond: (s_nationkey = nation.n_nationkey)
                                                                     Heap Blocks: exact=1865
                                                                     ->  Bitmap Index Scan on idx_supplier_nation_key  (cost=0.00..36.29 rows=4000 width=0) (actual time=0.317..0.317 rows=3991 loops=1)
                                                                           Index Cond: (s_nationkey = nation.n_nationkey)
                                 ->  Index Scan using idx_lineitem_orderkey on lineitem l3  (cost=0.56..3.64 rows=1 width=8) (actual time=0.005..0.005 rows=1 loops=730985)
                                       Index Cond: (l_orderkey = l1.l_orderkey)
                                       Filter: ((l_receiptdate > l_commitdate) AND (l_suppkey <> l1.l_suppkey))
                                       Rows Removed by Filter: 1
                           ->  Index Scan using idx_lineitem_orderkey on lineitem l2  (cost=0.56..3.62 rows=4 width=8) (actual time=0.002..0.002 rows=1 loops=65960)
                                 Index Cond: (l_orderkey = orders.o_orderkey)
 Planning Time: 2.809 ms
 Execution Time: 21168.153 ms
(44 rows)

query 22 run 1
SET
SET
SET
                                                                          QUERY PLAN                                                                          
--------------------------------------------------------------------------------------------------------------------------------------------------------------
 Limit  (cost=161700.51..161700.54 rows=1 width=72) (actual time=1962.611..1962.613 rows=1 loops=1)
   InitPlan 1 (returns $0)
     ->  Aggregate  (cost=75439.11..75439.12 rows=1 width=32) (actual time=983.551..983.551 rows=1 loops=1)
           ->  Seq Scan on customer customer_1  (cost=0.00..75319.72 rows=47758 width=6) (actual time=0.016..946.612 rows=382426 loops=1)
                 Filter: ((c_acctbal > 0.00) AND (SUBSTRING(c_phone FROM 1 FOR 2) = ANY ('{21,29,26,34,14,15,17}'::text[])))
                 Rows Removed by Filter: 1117574
   ->  GroupAggregate  (cost=86261.39..86466.84 rows=7471 width=72) (actual time=1962.609..1962.610 rows=1 loops=1)
         Group Key: (SUBSTRING(customer.c_phone FROM 1 FOR 2))
         ->  Sort  (cost=86261.39..86280.07 rows=7471 width=38) (actual time=1960.787..1961.132 rows=9006 loops=1)
               Sort Key: (SUBSTRING(customer.c_phone FROM 1 FOR 2))
               Sort Method: quicksort  Memory: 5005kB
               ->  Nested Loop Anti Join  (cost=0.43..85780.74 rows=7471 width=38) (actual time=983.886..1938.952 rows=63509 loops=1)
                     ->  Seq Scan on customer  (cost=0.00..75319.72 rows=17499 width=26) (actual time=983.869..1509.428 rows=191129 loops=1)
                           Filter: ((c_acctbal > $0) AND (SUBSTRING(c_phone FROM 1 FOR 2) = ANY ('{21,29,26,34,14,15,17}'::text[])))
                           Rows Removed by Filter: 1308871
                     ->  Index Only Scan using idx_orders_custkey on orders  (cost=0.43..2.16 rows=17 width=4) (actual time=0.002..0.002 rows=1 loops=191129)
                           Index Cond: (o_custkey = customer.c_custkey)
                           Heap Fetches: 0
 Planning Time: 17.762 ms
 Execution Time: 1962.974 ms
(20 rows)

SET
SET
SET
                                                                          QUERY PLAN                                                                          
--------------------------------------------------------------------------------------------------------------------------------------------------------------
 Limit  (cost=161700.51..161700.54 rows=1 width=72) (actual time=1547.956..1547.958 rows=1 loops=1)
   InitPlan 1 (returns $0)
     ->  Aggregate  (cost=75439.11..75439.12 rows=1 width=32) (actual time=723.756..723.757 rows=1 loops=1)
           ->  Seq Scan on customer customer_1  (cost=0.00..75319.72 rows=47758 width=6) (actual time=0.007..691.314 rows=382426 loops=1)
                 Filter: ((c_acctbal > 0.00) AND (SUBSTRING(c_phone FROM 1 FOR 2) = ANY ('{21,29,26,34,14,15,17}'::text[])))
                 Rows Removed by Filter: 1117574
   ->  GroupAggregate  (cost=86261.39..86466.84 rows=7471 width=72) (actual time=1547.954..1547.955 rows=1 loops=1)
         Group Key: (SUBSTRING(customer.c_phone FROM 1 FOR 2))
         ->  Sort  (cost=86261.39..86280.07 rows=7471 width=38) (actual time=1546.138..1546.495 rows=9006 loops=1)
               Sort Key: (SUBSTRING(customer.c_phone FROM 1 FOR 2))
               Sort Method: quicksort  Memory: 5005kB
               ->  Nested Loop Anti Join  (cost=0.43..85780.74 rows=7471 width=38) (actual time=723.797..1527.218 rows=63509 loops=1)
                     ->  Seq Scan on customer  (cost=0.00..75319.72 rows=17499 width=26) (actual time=723.781..1229.038 rows=191129 loops=1)
                           Filter: ((c_acctbal > $0) AND (SUBSTRING(c_phone FROM 1 FOR 2) = ANY ('{21,29,26,34,14,15,17}'::text[])))
                           Rows Removed by Filter: 1308871
                     ->  Index Only Scan using idx_orders_custkey on orders  (cost=0.43..2.16 rows=17 width=4) (actual time=0.001..0.001 rows=1 loops=191129)
                           Index Cond: (o_custkey = customer.c_custkey)
                           Heap Fetches: 0
 Planning Time: 1.195 ms
 Execution Time: 1548.019 ms
(20 rows)

