query 1 run 1
SET
SET
SET
                                                                           QUERY PLAN                                                                            
-----------------------------------------------------------------------------------------------------------------------------------------------------------------
 Limit  (cost=1832194.32..1832194.95 rows=1 width=236) (actual time=21192.608..21192.683 rows=1 loops=1)
   ->  Finalize GroupAggregate  (cost=1832194.32..1832198.14 rows=6 width=236) (actual time=21192.606..21192.681 rows=1 loops=1)
         Group Key: l_returnflag, l_linestatus
         ->  Gather Merge  (cost=1832194.32..1832197.19 rows=24 width=236) (actual time=21192.578..21192.649 rows=6 loops=1)
               Workers Planned: 4
               Workers Launched: 4
               ->  Sort  (cost=1831194.26..1831194.28 rows=6 width=236) (actual time=21184.106..21184.107 rows=4 loops=5)
                     Sort Key: l_returnflag, l_linestatus
                     Sort Method: quicksort  Memory: 27kB
                     Worker 0:  Sort Method: quicksort  Memory: 27kB
                     Worker 1:  Sort Method: quicksort  Memory: 27kB
                     Worker 2:  Sort Method: quicksort  Memory: 27kB
                     Worker 3:  Sort Method: quicksort  Memory: 27kB
                     ->  Partial HashAggregate  (cost=1831194.05..1831194.18 rows=6 width=236) (actual time=21184.076..21184.082 rows=4 loops=5)
                           Group Key: l_returnflag, l_linestatus
                           Batches: 1  Memory Usage: 32kB
                           Worker 0:  Batches: 1  Memory Usage: 32kB
                           Worker 1:  Batches: 1  Memory Usage: 32kB
                           Worker 2:  Batches: 1  Memory Usage: 32kB
                           Worker 3:  Batches: 1  Memory Usage: 32kB
                           ->  Parallel Seq Scan on lineitem  (cost=0.00..1312594.99 rows=14817116 width=25) (actual time=1.001..4374.985 rows=11856890 loops=5)
                                 Filter: (l_shipdate <= '1998-09-10 00:00:00'::timestamp without time zone)
                                 Rows Removed by Filter: 140321
 Planning Time: 14.160 ms
 Execution Time: 21193.989 ms
(25 rows)

SET
SET
SET
                                                                           QUERY PLAN                                                                            
-----------------------------------------------------------------------------------------------------------------------------------------------------------------
 Limit  (cost=1832194.32..1832194.95 rows=1 width=236) (actual time=20553.002..20553.075 rows=1 loops=1)
   ->  Finalize GroupAggregate  (cost=1832194.32..1832198.14 rows=6 width=236) (actual time=20553.001..20553.074 rows=1 loops=1)
         Group Key: l_returnflag, l_linestatus
         ->  Gather Merge  (cost=1832194.32..1832197.19 rows=24 width=236) (actual time=20552.970..20553.047 rows=6 loops=1)
               Workers Planned: 4
               Workers Launched: 4
               ->  Sort  (cost=1831194.26..1831194.28 rows=6 width=236) (actual time=20547.754..20547.755 rows=4 loops=5)
                     Sort Key: l_returnflag, l_linestatus
                     Sort Method: quicksort  Memory: 27kB
                     Worker 0:  Sort Method: quicksort  Memory: 27kB
                     Worker 1:  Sort Method: quicksort  Memory: 27kB
                     Worker 2:  Sort Method: quicksort  Memory: 27kB
                     Worker 3:  Sort Method: quicksort  Memory: 27kB
                     ->  Partial HashAggregate  (cost=1831194.05..1831194.18 rows=6 width=236) (actual time=20547.726..20547.732 rows=4 loops=5)
                           Group Key: l_returnflag, l_linestatus
                           Batches: 1  Memory Usage: 32kB
                           Worker 0:  Batches: 1  Memory Usage: 32kB
                           Worker 1:  Batches: 1  Memory Usage: 32kB
                           Worker 2:  Batches: 1  Memory Usage: 32kB
                           Worker 3:  Batches: 1  Memory Usage: 32kB
                           ->  Parallel Seq Scan on lineitem  (cost=0.00..1312594.99 rows=14817116 width=25) (actual time=0.030..2891.935 rows=11856890 loops=5)
                                 Filter: (l_shipdate <= '1998-09-10 00:00:00'::timestamp without time zone)
                                 Rows Removed by Filter: 140321
 Planning Time: 0.646 ms
 Execution Time: 20553.151 ms
(25 rows)

query 2 run 1
SET
SET
SET
                                                                                        QUERY PLAN                                                                                         
-------------------------------------------------------------------------------------------------------------------------------------------------------------------------------------------
 Limit  (cost=1005707.56..1005707.57 rows=1 width=192) (actual time=4272.600..4272.720 rows=100 loops=1)
   ->  Sort  (cost=1005707.56..1005707.57 rows=1 width=192) (actual time=4272.599..4272.713 rows=100 loops=1)
         Sort Key: supplier.s_acctbal DESC, nation.n_name, supplier.s_name, part.p_partkey
         Sort Method: top-N heapsort  Memory: 71kB
         ->  Merge Join  (cost=559016.58..1005707.55 rows=1 width=192) (actual time=3263.375..4269.643 rows=4737 loops=1)
               Merge Cond: (part.p_partkey = partsupp.ps_partkey)
               Join Filter: (partsupp.ps_supplycost = (SubPlan 1))
               Rows Removed by Join Filter: 1661
               ->  Gather Merge  (cost=1000.49..68580.78 rows=7293 width=30) (actual time=68.593..72.165 rows=8046 loops=1)
                     Workers Planned: 4
                     Workers Launched: 4
                     ->  Parallel Index Scan using part_pkey on part  (cost=0.43..66712.05 rows=1823 width=30) (actual time=1.092..306.059 rows=1609 loops=5)
                           Filter: (((p_type)::text ~~ '%NICKEL'::text) AND (p_size = 16))
                           Rows Removed by Filter: 398391
               ->  Materialize  (cost=558015.85..566015.78 rows=1599987 width=172) (actual time=3193.659..3642.557 rows=1603828 loops=1)
                     ->  Sort  (cost=558015.85..562015.82 rows=1599987 width=172) (actual time=3193.654..3466.891 rows=1603828 loops=1)
                           Sort Key: partsupp.ps_partkey
                           Sort Method: external merge  Disk: 293512kB
                           ->  Hash Join  (cost=4048.51..305248.41 rows=1599987 width=172) (actual time=64.601..2544.920 rows=1604080 loops=1)
                                 Hash Cond: (partsupp.ps_suppkey = supplier.s_suppkey)
                                 ->  Seq Scan on partsupp  (cost=0.00..255221.36 rows=7999936 width=14) (actual time=6.090..1084.184 rows=8000000 loops=1)
                                 ->  Hash  (cost=3798.51..3798.51 rows=20000 width=166) (actual time=58.251..58.254 rows=20051 loops=1)
                                       Buckets: 32768  Batches: 1  Memory Usage: 4211kB
                                       ->  Hash Join  (cost=2.51..3798.51 rows=20000 width=166) (actual time=0.943..51.501 rows=20051 loops=1)
                                             Hash Cond: (supplier.s_nationkey = nation.n_nationkey)
                                             ->  Seq Scan on supplier  (cost=0.00..3221.00 rows=100000 width=144) (actual time=0.540..37.874 rows=100000 loops=1)
                                             ->  Hash  (cost=2.45..2.45 rows=5 width=30) (actual time=0.391..0.393 rows=5 loops=1)
                                                   Buckets: 1024  Batches: 1  Memory Usage: 9kB
                                                   ->  Hash Join  (cost=1.07..2.45 rows=5 width=30) (actual time=0.385..0.391 rows=5 loops=1)
                                                         Hash Cond: (nation.n_regionkey = region.r_regionkey)
                                                         ->  Seq Scan on nation  (cost=0.00..1.25 rows=25 width=34) (actual time=0.237..0.239 rows=25 loops=1)
                                                         ->  Hash  (cost=1.06..1.06 rows=1 width=4) (actual time=0.142..0.143 rows=1 loops=1)
                                                               Buckets: 1024  Batches: 1  Memory Usage: 9kB
                                                               ->  Seq Scan on region  (cost=0.00..1.06 rows=1 width=4) (actual time=0.138..0.139 rows=1 loops=1)
                                                                     Filter: (r_name = 'AMERICA'::bpchar)
                                                                     Rows Removed by Filter: 4
               SubPlan 1
                 ->  Aggregate  (cost=62.90..62.91 rows=1 width=32) (actual time=0.058..0.058 rows=1 loops=6398)
                       ->  Nested Loop  (cost=2.29..62.89 rows=3 width=6) (actual time=0.048..0.056 rows=2 loops=6398)
                             Join Filter: (nation_1.n_regionkey = region_1.r_regionkey)
                             Rows Removed by Join Filter: 2
                             ->  Seq Scan on region region_1  (cost=0.00..1.06 rows=1 width=4) (actual time=0.001..0.001 rows=1 loops=6398)
                                   Filter: (r_name = 'AMERICA'::bpchar)
                                   Rows Removed by Filter: 4
                             ->  Hash Join  (cost=2.29..61.62 rows=17 width=10) (actual time=0.042..0.053 rows=4 loops=6398)
                                   Hash Cond: (supplier_1.s_nationkey = nation_1.n_nationkey)
                                   ->  Nested Loop  (cost=0.72..60.00 rows=17 width=10) (actual time=0.042..0.052 rows=4 loops=6398)
                                         ->  Index Scan using idx_partsupp_partkey on partsupp partsupp_1  (cost=0.43..3.73 rows=17 width=10) (actual time=0.038..0.039 rows=4 loops=6398)
                                               Index Cond: (ps_partkey = part.p_partkey)
                                         ->  Index Scan using supplier_pkey on supplier supplier_1  (cost=0.29..3.31 rows=1 width=8) (actual time=0.003..0.003 rows=1 loops=25592)
                                               Index Cond: (s_suppkey = partsupp_1.ps_suppkey)
                                   ->  Hash  (cost=1.25..1.25 rows=25 width=8) (actual time=0.012..0.012 rows=25 loops=1)
                                         Buckets: 1024  Batches: 1  Memory Usage: 9kB
                                         ->  Seq Scan on nation nation_1  (cost=0.00..1.25 rows=25 width=8) (actual time=0.003..0.006 rows=25 loops=1)
 Planning Time: 22.718 ms
 Execution Time: 4309.882 ms
(56 rows)

SET
SET
SET
                                                                                        QUERY PLAN                                                                                         
-------------------------------------------------------------------------------------------------------------------------------------------------------------------------------------------
 Limit  (cost=1005707.56..1005707.57 rows=1 width=192) (actual time=3490.797..3490.924 rows=100 loops=1)
   ->  Sort  (cost=1005707.56..1005707.57 rows=1 width=192) (actual time=3490.796..3490.917 rows=100 loops=1)
         Sort Key: supplier.s_acctbal DESC, nation.n_name, supplier.s_name, part.p_partkey
         Sort Method: top-N heapsort  Memory: 71kB
         ->  Merge Join  (cost=559016.58..1005707.55 rows=1 width=192) (actual time=2760.158..3488.530 rows=4737 loops=1)
               Merge Cond: (part.p_partkey = partsupp.ps_partkey)
               Join Filter: (partsupp.ps_supplycost = (SubPlan 1))
               Rows Removed by Join Filter: 1661
               ->  Gather Merge  (cost=1000.49..68580.78 rows=7293 width=30) (actual time=26.516..29.081 rows=8046 loops=1)
                     Workers Planned: 4
                     Workers Launched: 4
                     ->  Parallel Index Scan using part_pkey on part  (cost=0.43..66712.05 rows=1823 width=30) (actual time=0.213..118.522 rows=1609 loops=5)
                           Filter: (((p_type)::text ~~ '%NICKEL'::text) AND (p_size = 16))
                           Rows Removed by Filter: 398391
               ->  Materialize  (cost=558015.85..566015.78 rows=1599987 width=172) (actual time=2733.535..3169.451 rows=1603828 loops=1)
                     ->  Sort  (cost=558015.85..562015.82 rows=1599987 width=172) (actual time=2733.531..2996.092 rows=1603828 loops=1)
                           Sort Key: partsupp.ps_partkey
                           Sort Method: external merge  Disk: 293512kB
                           ->  Hash Join  (cost=4048.51..305248.41 rows=1599987 width=172) (actual time=53.573..2098.584 rows=1604080 loops=1)
                                 Hash Cond: (partsupp.ps_suppkey = supplier.s_suppkey)
                                 ->  Seq Scan on partsupp  (cost=0.00..255221.36 rows=7999936 width=14) (actual time=0.035..759.723 rows=8000000 loops=1)
                                 ->  Hash  (cost=3798.51..3798.51 rows=20000 width=166) (actual time=53.301..53.304 rows=20051 loops=1)
                                       Buckets: 32768  Batches: 1  Memory Usage: 4211kB
                                       ->  Hash Join  (cost=2.51..3798.51 rows=20000 width=166) (actual time=0.042..42.797 rows=20051 loops=1)
                                             Hash Cond: (supplier.s_nationkey = nation.n_nationkey)
                                             ->  Seq Scan on supplier  (cost=0.00..3221.00 rows=100000 width=144) (actual time=0.011..9.732 rows=100000 loops=1)
                                             ->  Hash  (cost=2.45..2.45 rows=5 width=30) (actual time=0.027..0.029 rows=5 loops=1)
                                                   Buckets: 1024  Batches: 1  Memory Usage: 9kB
                                                   ->  Hash Join  (cost=1.07..2.45 rows=5 width=30) (actual time=0.022..0.027 rows=5 loops=1)
                                                         Hash Cond: (nation.n_regionkey = region.r_regionkey)
                                                         ->  Seq Scan on nation  (cost=0.00..1.25 rows=25 width=34) (actual time=0.006..0.007 rows=25 loops=1)
                                                         ->  Hash  (cost=1.06..1.06 rows=1 width=4) (actual time=0.012..0.013 rows=1 loops=1)
                                                               Buckets: 1024  Batches: 1  Memory Usage: 9kB
                                                               ->  Seq Scan on region  (cost=0.00..1.06 rows=1 width=4) (actual time=0.009..0.011 rows=1 loops=1)
                                                                     Filter: (r_name = 'AMERICA'::bpchar)
                                                                     Rows Removed by Filter: 4
               SubPlan 1
                 ->  Aggregate  (cost=62.90..62.91 rows=1 width=32) (actual time=0.017..0.017 rows=1 loops=6398)
                       ->  Nested Loop  (cost=2.29..62.89 rows=3 width=6) (actual time=0.009..0.015 rows=2 loops=6398)
                             Join Filter: (nation_1.n_regionkey = region_1.r_regionkey)
                             Rows Removed by Join Filter: 2
                             ->  Seq Scan on region region_1  (cost=0.00..1.06 rows=1 width=4) (actual time=0.001..0.001 rows=1 loops=6398)
                                   Filter: (r_name = 'AMERICA'::bpchar)
                                   Rows Removed by Filter: 4
                             ->  Hash Join  (cost=2.29..61.62 rows=17 width=10) (actual time=0.005..0.013 rows=4 loops=6398)
                                   Hash Cond: (supplier_1.s_nationkey = nation_1.n_nationkey)
                                   ->  Nested Loop  (cost=0.72..60.00 rows=17 width=10) (actual time=0.005..0.012 rows=4 loops=6398)
                                         ->  Index Scan using idx_partsupp_partkey on partsupp partsupp_1  (cost=0.43..3.73 rows=17 width=10) (actual time=0.002..0.003 rows=4 loops=6398)
                                               Index Cond: (ps_partkey = part.p_partkey)
                                         ->  Index Scan using supplier_pkey on supplier supplier_1  (cost=0.29..3.31 rows=1 width=8) (actual time=0.002..0.002 rows=1 loops=25592)
                                               Index Cond: (s_suppkey = partsupp_1.ps_suppkey)
                                   ->  Hash  (cost=1.25..1.25 rows=25 width=8) (actual time=0.012..0.012 rows=25 loops=1)
                                         Buckets: 1024  Batches: 1  Memory Usage: 9kB
                                         ->  Seq Scan on nation nation_1  (cost=0.00..1.25 rows=25 width=8) (actual time=0.003..0.006 rows=25 loops=1)
 Planning Time: 1.948 ms
 Execution Time: 3526.581 ms
(56 rows)

query 3 run 1
SET
SET
SET
                                                                                QUERY PLAN                                                                                 
---------------------------------------------------------------------------------------------------------------------------------------------------------------------------
 Limit  (cost=2328033.49..2328033.52 rows=10 width=44) (actual time=10287.325..10319.616 rows=10 loops=1)
   ->  Sort  (cost=2328033.49..2336052.39 rows=3207558 width=44) (actual time=10287.324..10319.613 rows=10 loops=1)
         Sort Key: (sum((lineitem.l_extendedprice * ('1'::numeric - lineitem.l_discount)))) DESC, orders.o_orderdate
         Sort Method: top-N heapsort  Memory: 26kB
         ->  GroupAggregate  (cost=1786455.67..2258719.32 rows=3207558 width=44) (actual time=10043.531..10294.123 rows=113934 loops=1)
               Group Key: lineitem.l_orderkey, orders.o_orderdate, orders.o_shippriority
               ->  Gather Merge  (cost=1786455.67..2170511.47 rows=3207558 width=24) (actual time=10043.518..10125.787 rows=301530 loops=1)
                     Workers Planned: 4
                     Workers Launched: 4
                     ->  Sort  (cost=1785455.61..1787460.33 rows=801890 width=24) (actual time=10033.312..10036.115 rows=60306 loops=5)
                           Sort Key: lineitem.l_orderkey, orders.o_orderdate, orders.o_shippriority
                           Sort Method: quicksort  Memory: 5694kB
                           Worker 0:  Sort Method: quicksort  Memory: 5619kB
                           Worker 1:  Sort Method: quicksort  Memory: 5663kB
                           Worker 2:  Sort Method: quicksort  Memory: 5655kB
                           Worker 3:  Sort Method: quicksort  Memory: 5668kB
                           ->  Nested Loop  (cost=41584.25..1696245.34 rows=801890 width=24) (actual time=253.979..10012.732 rows=60306 loops=5)
                                 ->  Parallel Hash Join  (cost=41583.68..354520.30 rows=369356 width=12) (actual time=251.858..1761.010 rows=290361 loops=5)
                                       Hash Cond: (orders.o_custkey = customer.c_custkey)
                                       ->  Parallel Seq Scan on orders  (cost=0.00..308148.65 rows=1823982 width=16) (actual time=0.517..1058.043 rows=1447887 loops=5)
                                             Filter: (o_orderdate < '1995-03-07'::date)
                                             Rows Removed by Filter: 1552113
                                       ->  Parallel Hash  (cost=40634.47..40634.47 rows=75937 width=4) (actual time=250.598..250.599 rows=60055 loops=5)
                                             Buckets: 524288  Batches: 1  Memory Usage: 15936kB
                                             ->  Parallel Seq Scan on customer  (cost=0.00..40634.47 rows=75937 width=4) (actual time=0.108..232.635 rows=60055 loops=5)
                                                   Filter: (c_mktsegment = 'BUILDING'::bpchar)
                                                   Rows Removed by Filter: 239945
                                 ->  Index Scan using idx_lineitem_orderkey on lineitem  (cost=0.56..3.61 rows=2 width=16) (actual time=0.028..0.028 rows=0 loops=1451805)
                                       Index Cond: (l_orderkey = orders.o_orderkey)
                                       Filter: (l_shipdate > '1995-03-07'::date)
                                       Rows Removed by Filter: 4
 Planning Time: 19.981 ms
 Execution Time: 10320.363 ms
(33 rows)

SET
SET
SET
                                                                                QUERY PLAN                                                                                 
---------------------------------------------------------------------------------------------------------------------------------------------------------------------------
 Limit  (cost=2328033.49..2328033.52 rows=10 width=44) (actual time=3903.226..3933.787 rows=10 loops=1)
   ->  Sort  (cost=2328033.49..2336052.39 rows=3207558 width=44) (actual time=3903.225..3933.784 rows=10 loops=1)
         Sort Key: (sum((lineitem.l_extendedprice * ('1'::numeric - lineitem.l_discount)))) DESC, orders.o_orderdate
         Sort Method: top-N heapsort  Memory: 26kB
         ->  GroupAggregate  (cost=1786455.67..2258719.32 rows=3207558 width=44) (actual time=3665.215..3908.628 rows=113934 loops=1)
               Group Key: lineitem.l_orderkey, orders.o_orderdate, orders.o_shippriority
               ->  Gather Merge  (cost=1786455.67..2170511.47 rows=3207558 width=24) (actual time=3665.201..3740.679 rows=301530 loops=1)
                     Workers Planned: 4
                     Workers Launched: 4
                     ->  Sort  (cost=1785455.61..1787460.33 rows=801890 width=24) (actual time=3658.779..3661.669 rows=60306 loops=5)
                           Sort Key: lineitem.l_orderkey, orders.o_orderdate, orders.o_shippriority
                           Sort Method: quicksort  Memory: 7630kB
                           Worker 0:  Sort Method: quicksort  Memory: 5841kB
                           Worker 1:  Sort Method: quicksort  Memory: 5862kB
                           Worker 2:  Sort Method: quicksort  Memory: 5237kB
                           Worker 3:  Sort Method: quicksort  Memory: 5266kB
                           ->  Nested Loop  (cost=41584.25..1696245.34 rows=801890 width=24) (actual time=131.375..3637.857 rows=60306 loops=5)
                                 ->  Parallel Hash Join  (cost=41583.68..354520.30 rows=369356 width=12) (actual time=131.043..1211.398 rows=290361 loops=5)
                                       Hash Cond: (orders.o_custkey = customer.c_custkey)
                                       ->  Parallel Seq Scan on orders  (cost=0.00..308148.65 rows=1823982 width=16) (actual time=0.111..565.117 rows=1447887 loops=5)
                                             Filter: (o_orderdate < '1995-03-07'::date)
                                             Rows Removed by Filter: 1552113
                                       ->  Parallel Hash  (cost=40634.47..40634.47 rows=75937 width=4) (actual time=128.686..128.686 rows=60055 loops=5)
                                             Buckets: 524288  Batches: 1  Memory Usage: 15904kB
                                             ->  Parallel Seq Scan on customer  (cost=0.00..40634.47 rows=75937 width=4) (actual time=0.030..108.115 rows=60055 loops=5)
                                                   Filter: (c_mktsegment = 'BUILDING'::bpchar)
                                                   Rows Removed by Filter: 239945
                                 ->  Index Scan using idx_lineitem_orderkey on lineitem  (cost=0.56..3.61 rows=2 width=16) (actual time=0.008..0.008 rows=0 loops=1451805)
                                       Index Cond: (l_orderkey = orders.o_orderkey)
                                       Filter: (l_shipdate > '1995-03-07'::date)
                                       Rows Removed by Filter: 4
 Planning Time: 1.694 ms
 Execution Time: 3933.866 ms
(33 rows)

query 4 run 1
SET
SET
SET
                                                                                QUERY PLAN                                                                                
--------------------------------------------------------------------------------------------------------------------------------------------------------------------------
 Limit  (cost=283673.64..669530.11 rows=1 width=24) (actual time=26713.443..26738.782 rows=1 loops=1)
   ->  GroupAggregate  (cost=283673.64..2212956.01 rows=5 width=24) (actual time=26713.442..26738.780 rows=1 loops=1)
         Group Key: orders.o_orderpriority
         ->  Nested Loop Semi Join  (cost=283673.64..2210042.90 rows=582612 width=16) (actual time=4219.068..26651.549 rows=103030 loops=1)
               ->  Gather Merge  (cost=283673.07..353458.13 rows=582831 width=20) (actual time=4217.753..4366.040 rows=112213 loops=1)
                     Workers Planned: 4
                     Workers Launched: 4
                     ->  Sort  (cost=282673.01..283037.28 rows=145708 width=20) (actual time=4203.381..4206.946 rows=23423 loops=5)
                           Sort Key: orders.o_orderpriority
                           Sort Method: quicksort  Memory: 10082kB
                           Worker 0:  Sort Method: quicksort  Memory: 10047kB
                           Worker 1:  Sort Method: quicksort  Memory: 10107kB
                           Worker 2:  Sort Method: quicksort  Memory: 10088kB
                           Worker 3:  Sort Method: quicksort  Memory: 10065kB
                           ->  Parallel Bitmap Heap Scan on orders  (cost=6722.95..270176.57 rows=145708 width=20) (actual time=130.918..4152.096 rows=112085 loops=5)
                                 Recheck Cond: ((o_orderdate >= '1993-12-01'::date) AND (o_orderdate < '1994-03-01'::date))
                                 Heap Blocks: exact=46374
                                 ->  Bitmap Index Scan on idx_orders_orderdate  (cost=0.00..6577.25 rows=582831 width=0) (actual time=86.560..86.560 rows=560424 loops=1)
                                       Index Cond: ((o_orderdate >= '1993-12-01'::date) AND (o_orderdate < '1994-03-01'::date))
               ->  Index Scan using idx_lineitem_orderkey on lineitem  (cost=0.56..3.61 rows=1 width=4) (actual time=0.197..0.197 rows=1 loops=112213)
                     Index Cond: (l_orderkey = orders.o_orderkey)
                     Filter: (l_commitdate < l_receiptdate)
                     Rows Removed by Filter: 1
 Planning Time: 16.503 ms
 Execution Time: 26739.600 ms
(25 rows)

SET
SET
SET
                                                                                QUERY PLAN                                                                                
--------------------------------------------------------------------------------------------------------------------------------------------------------------------------
 Limit  (cost=283673.64..669530.11 rows=1 width=24) (actual time=1728.958..1755.414 rows=1 loops=1)
   ->  GroupAggregate  (cost=283673.64..2212956.01 rows=5 width=24) (actual time=1728.956..1755.411 rows=1 loops=1)
         Group Key: orders.o_orderpriority
         ->  Nested Loop Semi Join  (cost=283673.64..2210042.90 rows=582612 width=16) (actual time=737.823..1732.262 rows=103030 loops=1)
               ->  Gather Merge  (cost=283673.07..353458.13 rows=582831 width=20) (actual time=737.767..802.289 rows=112213 loops=1)
                     Workers Planned: 4
                     Workers Launched: 4
                     ->  Sort  (cost=282673.01..283037.28 rows=145708 width=20) (actual time=729.161..731.565 rows=23393 loops=5)
                           Sort Key: orders.o_orderpriority
                           Sort Method: quicksort  Memory: 10343kB
                           Worker 0:  Sort Method: quicksort  Memory: 10335kB
                           Worker 1:  Sort Method: quicksort  Memory: 9812kB
                           Worker 2:  Sort Method: quicksort  Memory: 9432kB
                           Worker 3:  Sort Method: quicksort  Memory: 10467kB
                           ->  Parallel Bitmap Heap Scan on orders  (cost=6722.95..270176.57 rows=145708 width=20) (actual time=129.799..689.406 rows=112085 loops=5)
                                 Recheck Cond: ((o_orderdate >= '1993-12-01'::date) AND (o_orderdate < '1994-03-01'::date))
                                 Heap Blocks: exact=48077
                                 ->  Bitmap Index Scan on idx_orders_orderdate  (cost=0.00..6577.25 rows=582831 width=0) (actual time=83.450..83.450 rows=560424 loops=1)
                                       Index Cond: ((o_orderdate >= '1993-12-01'::date) AND (o_orderdate < '1994-03-01'::date))
               ->  Index Scan using idx_lineitem_orderkey on lineitem  (cost=0.56..3.61 rows=1 width=4) (actual time=0.008..0.008 rows=1 loops=112213)
                     Index Cond: (l_orderkey = orders.o_orderkey)
                     Filter: (l_commitdate < l_receiptdate)
                     Rows Removed by Filter: 1
 Planning Time: 1.389 ms
 Execution Time: 1755.493 ms
(25 rows)

query 5 run 1
SET
SET
SET
                                                                                              QUERY PLAN                                                                                               
-------------------------------------------------------------------------------------------------------------------------------------------------------------------------------------------------------
 Limit  (cost=764234.30..764234.31 rows=1 width=58) (actual time=22001.042..22048.759 rows=1 loops=1)
   ->  Sort  (cost=764234.30..764234.37 rows=25 width=58) (actual time=22001.040..22048.757 rows=1 loops=1)
         Sort Key: (sum((lineitem.l_extendedprice * ('1'::numeric - lineitem.l_discount)))) DESC
         Sort Method: top-N heapsort  Memory: 25kB
         ->  Finalize GroupAggregate  (cost=763993.45..764234.18 rows=25 width=58) (actual time=21996.432..22048.739 rows=5 loops=1)
               Group Key: nation.n_name
               ->  Gather Merge  (cost=763993.45..764233.12 rows=100 width=58) (actual time=21994.930..22048.707 rows=25 loops=1)
                     Workers Planned: 4
                     Workers Launched: 4
                     ->  Partial GroupAggregate  (cost=762993.40..763221.15 rows=25 width=58) (actual time=21976.040..21981.971 rows=5 loops=5)
                           Group Key: nation.n_name
                           ->  Sort  (cost=762993.40..763038.88 rows=18195 width=38) (actual time=21974.597..21975.310 rows=14407 loops=5)
                                 Sort Key: nation.n_name
                                 Sort Method: quicksort  Memory: 1513kB
                                 Worker 0:  Sort Method: quicksort  Memory: 1512kB
                                 Worker 1:  Sort Method: quicksort  Memory: 1498kB
                                 Worker 2:  Sort Method: quicksort  Memory: 1520kB
                                 Worker 3:  Sort Method: quicksort  Memory: 1506kB
                                 ->  Parallel Hash Join  (cost=72723.32..761705.99 rows=18195 width=38) (actual time=580.022..21959.962 rows=14407 loops=5)
                                       Hash Cond: ((lineitem.l_suppkey = supplier.s_suppkey) AND (customer.c_nationkey = supplier.s_nationkey))
                                       ->  Nested Loop  (cost=69031.73..755626.41 rows=454853 width=50) (actual time=560.611..21791.448 rows=363065 loops=5)
                                             ->  Parallel Hash Join  (cost=69031.16..341248.18 rows=113756 width=38) (actual time=560.184..2547.602 rows=90680 loops=5)
                                                   Hash Cond: (orders.o_custkey = customer.c_custkey)
                                                   ->  Parallel Bitmap Heap Scan on orders  (cost=26237.94..296037.64 rows=568780 width=8) (actual time=260.425..2022.150 rows=455328 loops=5)
                                                         Recheck Cond: ((o_orderdate >= '1993-01-01'::date) AND (o_orderdate < '1994-01-01'::date))
                                                         Heap Blocks: exact=52307
                                                         ->  Bitmap Index Scan on idx_orders_orderdate  (cost=0.00..25669.16 rows=2275122 width=0) (actual time=203.325..203.326 rows=2276638 loops=1)
                                                               Index Cond: ((o_orderdate >= '1993-01-01'::date) AND (o_orderdate < '1994-01-01'::date))
                                                   ->  Parallel Hash  (cost=41855.73..41855.73 rows=75000 width=38) (actual time=298.900..298.903 rows=59887 loops=5)
                                                         Buckets: 524288  Batches: 1  Memory Usage: 25280kB
                                                         ->  Hash Join  (cost=2.51..41855.73 rows=75000 width=38) (actual time=0.889..272.362 rows=59887 loops=5)
                                                               Hash Cond: (customer.c_nationkey = nation.n_nationkey)
                                                               ->  Parallel Seq Scan on customer  (cost=0.00..39696.97 rows=374998 width=8) (actual time=0.385..233.289 rows=300000 loops=5)
                                                               ->  Hash  (cost=2.45..2.45 rows=5 width=30) (actual time=0.494..0.496 rows=5 loops=5)
                                                                     Buckets: 1024  Batches: 1  Memory Usage: 9kB
                                                                     ->  Hash Join  (cost=1.07..2.45 rows=5 width=30) (actual time=0.488..0.494 rows=5 loops=5)
                                                                           Hash Cond: (nation.n_regionkey = region.r_regionkey)
                                                                           ->  Seq Scan on nation  (cost=0.00..1.25 rows=25 width=34) (actual time=0.322..0.324 rows=25 loops=5)
                                                                           ->  Hash  (cost=1.06..1.06 rows=1 width=4) (actual time=0.158..0.159 rows=1 loops=5)
                                                                                 Buckets: 1024  Batches: 1  Memory Usage: 9kB
                                                                                 ->  Seq Scan on region  (cost=0.00..1.06 rows=1 width=4) (actual time=0.155..0.156 rows=1 loops=5)
                                                                                       Filter: (r_name = 'AMERICA'::bpchar)
                                                                                       Rows Removed by Filter: 4
                                             ->  Index Scan using idx_lineitem_orderkey on lineitem  (cost=0.56..3.60 rows=4 width=20) (actual time=0.200..0.210 rows=4 loops=453399)
                                                   Index Cond: (l_orderkey = orders.o_orderkey)
                                       ->  Parallel Hash  (cost=2809.24..2809.24 rows=58824 width=8) (actual time=16.262..16.262 rows=20000 loops=5)
                                             Buckets: 131072  Batches: 1  Memory Usage: 5088kB
                                             ->  Parallel Seq Scan on supplier  (cost=0.00..2809.24 rows=58824 width=8) (actual time=0.072..10.037 rows=20000 loops=5)
 Planning Time: 25.514 ms
 Execution Time: 22049.215 ms
(50 rows)

SET
SET
SET
                                                                                              QUERY PLAN                                                                                               
-------------------------------------------------------------------------------------------------------------------------------------------------------------------------------------------------------
 Limit  (cost=764234.30..764234.31 rows=1 width=58) (actual time=2582.025..2621.215 rows=1 loops=1)
   ->  Sort  (cost=764234.30..764234.37 rows=25 width=58) (actual time=2582.024..2621.213 rows=1 loops=1)
         Sort Key: (sum((lineitem.l_extendedprice * ('1'::numeric - lineitem.l_discount)))) DESC
         Sort Method: top-N heapsort  Memory: 25kB
         ->  Finalize GroupAggregate  (cost=763993.45..764234.18 rows=25 width=58) (actual time=2573.757..2621.194 rows=5 loops=1)
               Group Key: nation.n_name
               ->  Gather Merge  (cost=763993.45..764233.12 rows=100 width=58) (actual time=2572.313..2621.159 rows=25 loops=1)
                     Workers Planned: 4
                     Workers Launched: 4
                     ->  Partial GroupAggregate  (cost=762993.40..763221.15 rows=25 width=58) (actual time=2549.645..2557.845 rows=5 loops=5)
                           Group Key: nation.n_name
                           ->  Sort  (cost=762993.40..763038.88 rows=18195 width=38) (actual time=2548.219..2548.948 rows=14407 loops=5)
                                 Sort Key: nation.n_name
                                 Sort Method: quicksort  Memory: 1417kB
                                 Worker 0:  Sort Method: quicksort  Memory: 1453kB
                                 Worker 1:  Sort Method: quicksort  Memory: 1599kB
                                 Worker 2:  Sort Method: quicksort  Memory: 1551kB
                                 Worker 3:  Sort Method: quicksort  Memory: 1531kB
                                 ->  Parallel Hash Join  (cost=72723.32..761705.99 rows=18195 width=38) (actual time=421.733..2539.289 rows=14407 loops=5)
                                       Hash Cond: ((lineitem.l_suppkey = supplier.s_suppkey) AND (customer.c_nationkey = supplier.s_nationkey))
                                       ->  Nested Loop  (cost=69031.73..755626.41 rows=454853 width=50) (actual time=404.756..2409.840 rows=363065 loops=5)
                                             ->  Parallel Hash Join  (cost=69031.16..341248.18 rows=113756 width=38) (actual time=404.704..992.476 rows=90680 loops=5)
                                                   Hash Cond: (orders.o_custkey = customer.c_custkey)
                                                   ->  Parallel Bitmap Heap Scan on orders  (cost=26237.94..296037.64 rows=568780 width=8) (actual time=247.697..659.592 rows=455328 loops=5)
                                                         Recheck Cond: ((o_orderdate >= '1993-01-01'::date) AND (o_orderdate < '1994-01-01'::date))
                                                         Heap Blocks: exact=48639
                                                         ->  Bitmap Index Scan on idx_orders_orderdate  (cost=0.00..25669.16 rows=2275122 width=0) (actual time=192.013..192.014 rows=2276638 loops=1)
                                                               Index Cond: ((o_orderdate >= '1993-01-01'::date) AND (o_orderdate < '1994-01-01'::date))
                                                   ->  Parallel Hash  (cost=41855.73..41855.73 rows=75000 width=38) (actual time=155.879..155.882 rows=59887 loops=5)
                                                         Buckets: 524288  Batches: 1  Memory Usage: 25280kB
                                                         ->  Hash Join  (cost=2.51..41855.73 rows=75000 width=38) (actual time=0.075..127.015 rows=59887 loops=5)
                                                               Hash Cond: (customer.c_nationkey = nation.n_nationkey)
                                                               ->  Parallel Seq Scan on customer  (cost=0.00..39696.97 rows=374998 width=8) (actual time=0.030..90.777 rows=300000 loops=5)
                                                               ->  Hash  (cost=2.45..2.45 rows=5 width=30) (actual time=0.036..0.039 rows=5 loops=5)
                                                                     Buckets: 1024  Batches: 1  Memory Usage: 9kB
                                                                     ->  Hash Join  (cost=1.07..2.45 rows=5 width=30) (actual time=0.031..0.037 rows=5 loops=5)
                                                                           Hash Cond: (nation.n_regionkey = region.r_regionkey)
                                                                           ->  Seq Scan on nation  (cost=0.00..1.25 rows=25 width=34) (actual time=0.013..0.015 rows=25 loops=5)
                                                                           ->  Hash  (cost=1.06..1.06 rows=1 width=4) (actual time=0.012..0.013 rows=1 loops=5)
                                                                                 Buckets: 1024  Batches: 1  Memory Usage: 9kB
                                                                                 ->  Seq Scan on region  (cost=0.00..1.06 rows=1 width=4) (actual time=0.010..0.011 rows=1 loops=5)
                                                                                       Filter: (r_name = 'AMERICA'::bpchar)
                                                                                       Rows Removed by Filter: 4
                                             ->  Index Scan using idx_lineitem_orderkey on lineitem  (cost=0.56..3.60 rows=4 width=20) (actual time=0.014..0.015 rows=4 loops=453399)
                                                   Index Cond: (l_orderkey = orders.o_orderkey)
                                       ->  Parallel Hash  (cost=2809.24..2809.24 rows=58824 width=8) (actual time=15.855..15.855 rows=20000 loops=5)
                                             Buckets: 131072  Batches: 1  Memory Usage: 5024kB
                                             ->  Parallel Seq Scan on supplier  (cost=0.00..2809.24 rows=58824 width=8) (actual time=0.021..7.599 rows=20000 loops=5)
 Planning Time: 5.078 ms
 Execution Time: 2621.324 ms
(50 rows)

query 6 run 1
SET
SET
SET
                                                                                                                QUERY PLAN                                                                                                                 
-------------------------------------------------------------------------------------------------------------------------------------------------------------------------------------------------------------------------------------------
 Limit  (cost=1266030.50..1266030.51 rows=1 width=32) (actual time=10639.214..10684.703 rows=1 loops=1)
   ->  Finalize Aggregate  (cost=1266030.50..1266030.51 rows=1 width=32) (actual time=10639.213..10684.701 rows=1 loops=1)
         ->  Gather  (cost=1266030.06..1266030.47 rows=4 width=32) (actual time=10636.643..10684.679 rows=5 loops=1)
               Workers Planned: 4
               Workers Launched: 4
               ->  Partial Aggregate  (cost=1265030.06..1265030.07 rows=1 width=32) (actual time=10628.324..10628.325 rows=1 loops=5)
                     ->  Parallel Bitmap Heap Scan on lineitem  (cost=210166.11..1263588.78 rows=288256 width=12) (actual time=1369.628..10476.637 rows=238912 loops=5)
                           Recheck Cond: ((l_shipdate >= '1993-01-01'::date) AND (l_shipdate < '1994-01-01 00:00:00'::timestamp without time zone) AND (l_discount >= 0.06) AND (l_discount <= 0.08) AND (l_quantity < '25'::numeric))
                           Rows Removed by Index Recheck: 2744818
                           Heap Blocks: exact=78680 lossy=53319
                           ->  Bitmap Index Scan on idx_lineitem_shipdate  (cost=0.00..209877.85 rows=1153026 width=0) (actual time=1283.473..1283.474 rows=1194558 loops=1)
                                 Index Cond: ((l_shipdate >= '1993-01-01'::date) AND (l_shipdate < '1994-01-01 00:00:00'::timestamp without time zone) AND (l_discount >= 0.06) AND (l_discount <= 0.08) AND (l_quantity < '25'::numeric))
 Planning Time: 12.261 ms
 Execution Time: 10685.992 ms
(14 rows)

SET
SET
SET
                                                                                                                QUERY PLAN                                                                                                                 
-------------------------------------------------------------------------------------------------------------------------------------------------------------------------------------------------------------------------------------------
 Limit  (cost=1266030.50..1266030.51 rows=1 width=32) (actual time=3139.073..3179.470 rows=1 loops=1)
   ->  Finalize Aggregate  (cost=1266030.50..1266030.51 rows=1 width=32) (actual time=3139.071..3179.468 rows=1 loops=1)
         ->  Gather  (cost=1266030.06..1266030.47 rows=4 width=32) (actual time=3134.691..3179.450 rows=5 loops=1)
               Workers Planned: 4
               Workers Launched: 4
               ->  Partial Aggregate  (cost=1265030.06..1265030.07 rows=1 width=32) (actual time=3130.024..3130.025 rows=1 loops=5)
                     ->  Parallel Bitmap Heap Scan on lineitem  (cost=210166.11..1263588.78 rows=288256 width=12) (actual time=1189.680..3021.228 rows=238912 loops=5)
                           Recheck Cond: ((l_shipdate >= '1993-01-01'::date) AND (l_shipdate < '1994-01-01 00:00:00'::timestamp without time zone) AND (l_discount >= 0.06) AND (l_discount <= 0.08) AND (l_quantity < '25'::numeric))
                           Rows Removed by Index Recheck: 2744818
                           Heap Blocks: exact=89747 lossy=60497
                           ->  Bitmap Index Scan on idx_lineitem_shipdate  (cost=0.00..209877.85 rows=1153026 width=0) (actual time=1102.409..1102.409 rows=1194558 loops=1)
                                 Index Cond: ((l_shipdate >= '1993-01-01'::date) AND (l_shipdate < '1994-01-01 00:00:00'::timestamp without time zone) AND (l_discount >= 0.06) AND (l_discount <= 0.08) AND (l_quantity < '25'::numeric))
 Planning Time: 0.655 ms
 Execution Time: 3179.529 ms
(14 rows)

query 7 run 1
SET
SET
SET
                                                                                                      QUERY PLAN                                                                                                       
-----------------------------------------------------------------------------------------------------------------------------------------------------------------------------------------------------------------------
 Limit  (cost=1419782.89..1420840.14 rows=1 width=116) (actual time=27647.742..27652.558 rows=1 loops=1)
   ->  GroupAggregate  (cost=1419782.89..12021874.74 rows=10028 width=116) (actual time=27647.741..27652.556 rows=1 loops=1)
         Group Key: n1.n_name, n2.n_name, EXTRACT(year FROM lineitem.l_shipdate)
         ->  Nested Loop  (cost=1419782.89..12020810.64 rows=60912 width=96) (actual time=7131.724..27625.190 rows=14421 loops=1)
               Join Filter: (n2.n_nationkey = customer.c_nationkey)
               Rows Removed by Join Filter: 349034
               ->  Nested Loop  (cost=1419782.46..6808478.68 rows=1522794 width=76) (actual time=7115.225..21695.066 rows=363455 loops=1)
                     ->  Gather Merge  (cost=1419782.03..1602113.22 rows=1522794 width=76) (actual time=7114.361..7561.936 rows=363455 loops=1)
                           Workers Planned: 4
                           Workers Launched: 4
                           ->  Sort  (cost=1418781.97..1419733.71 rows=380698 width=76) (actual time=7090.522..7132.381 rows=73113 loops=5)
                                 Sort Key: n1.n_name, n2.n_name, (EXTRACT(year FROM lineitem.l_shipdate))
                                 Sort Method: external merge  Disk: 26888kB
                                 Worker 0:  Sort Method: external merge  Disk: 26864kB
                                 Worker 1:  Sort Method: external merge  Disk: 27168kB
                                 Worker 2:  Sort Method: external merge  Disk: 26768kB
                                 Worker 3:  Sort Method: external merge  Disk: 26264kB
                                 ->  Parallel Hash Join  (cost=3140.96..1372618.02 rows=380698 width=76) (actual time=13.588..6785.238 rows=291139 loops=5)
                                       Hash Cond: (lineitem.l_suppkey = supplier.s_suppkey)
                                       ->  Parallel Seq Scan on lineitem  (cost=0.00..1350085.39 rows=4573942 width=24) (actual time=0.505..6178.683 rows=3646065 loops=5)
                                             Filter: ((l_shipdate >= '1995-01-01'::date) AND (l_shipdate <= '1996-12-31'::date))
                                             Rows Removed by Filter: 8351145
                                       ->  Parallel Hash  (cost=3079.76..3079.76 rows=4896 width=60) (actual time=12.629..12.632 rows=1596 loops=5)
                                             Buckets: 16384  Batches: 1  Memory Usage: 928kB
                                             ->  Hash Join  (cost=2.87..3079.76 rows=4896 width=60) (actual time=0.258..11.952 rows=1596 loops=5)
                                                   Hash Cond: (supplier.s_nationkey = n1.n_nationkey)
                                                   ->  Parallel Seq Scan on supplier  (cost=0.00..2809.24 rows=58824 width=8) (actual time=0.138..9.419 rows=20000 loops=5)
                                                   ->  Hash  (cost=2.84..2.84 rows=2 width=60) (actual time=0.110..0.112 rows=2 loops=5)
                                                         Buckets: 1024  Batches: 1  Memory Usage: 9kB
                                                         ->  Nested Loop  (cost=0.00..2.84 rows=2 width=60) (actual time=0.104..0.110 rows=2 loops=5)
                                                               Join Filter: (((n1.n_name = 'PERU'::bpchar) AND (n2.n_name = 'MOROCCO'::bpchar)) OR ((n1.n_name = 'MOROCCO'::bpchar) AND (n2.n_name = 'PERU'::bpchar)))
                                                               Rows Removed by Join Filter: 2
                                                               ->  Seq Scan on nation n1  (cost=0.00..1.38 rows=2 width=30) (actual time=0.042..0.043 rows=2 loops=5)
                                                                     Filter: ((n_name = 'PERU'::bpchar) OR (n_name = 'MOROCCO'::bpchar))
                                                                     Rows Removed by Filter: 23
                                                               ->  Materialize  (cost=0.00..1.39 rows=2 width=30) (actual time=0.029..0.031 rows=2 loops=10)
                                                                     ->  Seq Scan on nation n2  (cost=0.00..1.38 rows=2 width=30) (actual time=0.056..0.058 rows=2 loops=5)
                                                                           Filter: ((n_name = 'MOROCCO'::bpchar) OR (n_name = 'PERU'::bpchar))
                                                                           Rows Removed by Filter: 23
                     ->  Index Scan using orders_pkey on orders  (cost=0.43..3.42 rows=1 width=8) (actual time=0.038..0.038 rows=1 loops=363455)
                           Index Cond: (o_orderkey = lineitem.l_orderkey)
               ->  Index Scan using customer_pkey on customer  (cost=0.43..3.41 rows=1 width=8) (actual time=0.015..0.016 rows=1 loops=363455)
                     Index Cond: (c_custkey = orders.o_custkey)
 Planning Time: 26.117 ms
 Execution Time: 27656.380 ms
(45 rows)

SET
SET
SET
                                                                                                      QUERY PLAN                                                                                                       
-----------------------------------------------------------------------------------------------------------------------------------------------------------------------------------------------------------------------
 Limit  (cost=1419782.89..1420840.14 rows=1 width=116) (actual time=5752.107..5760.263 rows=1 loops=1)
   ->  GroupAggregate  (cost=1419782.89..12021874.74 rows=10028 width=116) (actual time=5752.105..5760.260 rows=1 loops=1)
         Group Key: n1.n_name, n2.n_name, EXTRACT(year FROM lineitem.l_shipdate)
         ->  Nested Loop  (cost=1419782.89..12020810.64 rows=60912 width=96) (actual time=3524.188..5746.221 rows=14421 loops=1)
               Join Filter: (n2.n_nationkey = customer.c_nationkey)
               Rows Removed by Join Filter: 349060
               ->  Nested Loop  (cost=1419782.46..6808478.68 rows=1522794 width=76) (actual time=3523.799..4737.867 rows=363481 loops=1)
                     ->  Gather Merge  (cost=1419782.03..1602113.22 rows=1522794 width=76) (actual time=3523.741..3759.848 rows=363481 loops=1)
                           Workers Planned: 4
                           Workers Launched: 4
                           ->  Sort  (cost=1418781.97..1419733.71 rows=380698 width=76) (actual time=3510.054..3537.710 rows=73093 loops=5)
                                 Sort Key: n1.n_name, n2.n_name, (EXTRACT(year FROM lineitem.l_shipdate))
                                 Sort Method: external merge  Disk: 27368kB
                                 Worker 0:  Sort Method: external merge  Disk: 25224kB
                                 Worker 1:  Sort Method: external merge  Disk: 28000kB
                                 Worker 2:  Sort Method: external merge  Disk: 25944kB
                                 Worker 3:  Sort Method: external merge  Disk: 27424kB
                                 ->  Parallel Hash Join  (cost=3140.96..1372618.02 rows=380698 width=76) (actual time=14.010..3175.937 rows=291139 loops=5)
                                       Hash Cond: (lineitem.l_suppkey = supplier.s_suppkey)
                                       ->  Parallel Seq Scan on lineitem  (cost=0.00..1350085.39 rows=4573942 width=24) (actual time=1.136..2524.539 rows=3646065 loops=5)
                                             Filter: ((l_shipdate >= '1995-01-01'::date) AND (l_shipdate <= '1996-12-31'::date))
                                             Rows Removed by Filter: 8351145
                                       ->  Parallel Hash  (cost=3079.76..3079.76 rows=4896 width=60) (actual time=12.243..12.246 rows=1596 loops=5)
                                             Buckets: 16384  Batches: 1  Memory Usage: 960kB
                                             ->  Hash Join  (cost=2.87..3079.76 rows=4896 width=60) (actual time=0.116..11.476 rows=1596 loops=5)
                                                   Hash Cond: (supplier.s_nationkey = n1.n_nationkey)
                                                   ->  Parallel Seq Scan on supplier  (cost=0.00..2809.24 rows=58824 width=8) (actual time=0.031..9.181 rows=20000 loops=5)
                                                   ->  Hash  (cost=2.84..2.84 rows=2 width=60) (actual time=0.078..0.080 rows=2 loops=5)
                                                         Buckets: 1024  Batches: 1  Memory Usage: 9kB
                                                         ->  Nested Loop  (cost=0.00..2.84 rows=2 width=60) (actual time=0.070..0.078 rows=2 loops=5)
                                                               Join Filter: (((n1.n_name = 'PERU'::bpchar) AND (n2.n_name = 'MOROCCO'::bpchar)) OR ((n1.n_name = 'MOROCCO'::bpchar) AND (n2.n_name = 'PERU'::bpchar)))
                                                               Rows Removed by Join Filter: 2
                                                               ->  Seq Scan on nation n1  (cost=0.00..1.38 rows=2 width=30) (actual time=0.011..0.015 rows=2 loops=5)
                                                                     Filter: ((n_name = 'PERU'::bpchar) OR (n_name = 'MOROCCO'::bpchar))
                                                                     Rows Removed by Filter: 23
                                                               ->  Materialize  (cost=0.00..1.39 rows=2 width=30) (actual time=0.027..0.029 rows=2 loops=10)
                                                                     ->  Seq Scan on nation n2  (cost=0.00..1.38 rows=2 width=30) (actual time=0.053..0.055 rows=2 loops=5)
                                                                           Filter: ((n_name = 'MOROCCO'::bpchar) OR (n_name = 'PERU'::bpchar))
                                                                           Rows Removed by Filter: 23
                     ->  Index Scan using orders_pkey on orders  (cost=0.43..3.42 rows=1 width=8) (actual time=0.002..0.002 rows=1 loops=363481)
                           Index Cond: (o_orderkey = lineitem.l_orderkey)
               ->  Index Scan using customer_pkey on customer  (cost=0.43..3.41 rows=1 width=8) (actual time=0.002..0.002 rows=1 loops=363481)
                     Index Cond: (c_custkey = orders.o_custkey)
 Planning Time: 3.478 ms
 Execution Time: 5764.015 ms
(45 rows)

query 8 run 1
SET
SET
SET
                                                                                         QUERY PLAN                                                                                          
---------------------------------------------------------------------------------------------------------------------------------------------------------------------------------------------
 Limit  (cost=386380.86..392999.94 rows=1 width=64) (actual time=34588.706..34595.168 rows=1 loops=1)
   ->  GroupAggregate  (cost=386380.86..16311890.76 rows=2406 width=64) (actual time=34588.705..34595.166 rows=1 loops=1)
         Group Key: EXTRACT(year FROM orders.o_orderdate)
         ->  Nested Loop  (cost=386380.86..16311359.52 rows=24156 width=70) (actual time=2282.957..34569.318 rows=11818 loops=1)
               Join Filter: (supplier.s_nationkey = n2.n_nationkey)
               Rows Removed by Join Filter: 142664
               ->  Nested Loop  (cost=386380.86..16302573.70 rows=24156 width=20) (actual time=2282.933..34527.009 rows=11818 loops=1)
                     ->  Nested Loop  (cost=386380.57..16223550.33 rows=24156 width=20) (actual time=2282.776..34023.148 rows=11818 loops=1)
                           ->  Nested Loop  (cost=386380.14..3808991.91 rows=3636557 width=24) (actual time=2188.090..23356.643 rows=1816479 loops=1)
                                 ->  Gather Merge  (cost=386379.57..495276.07 rows=909482 width=8) (actual time=2186.842..2460.561 rows=454495 loops=1)
                                       Workers Planned: 4
                                       Workers Launched: 4
                                       ->  Sort  (cost=385379.52..385947.94 rows=227370 width=8) (actual time=2174.719..2183.042 rows=92051 loops=5)
                                             Sort Key: (EXTRACT(year FROM orders.o_orderdate))
                                             Sort Method: quicksort  Memory: 16301kB
                                             Worker 0:  Sort Method: quicksort  Memory: 16235kB
                                             Worker 1:  Sort Method: quicksort  Memory: 15891kB
                                             Worker 2:  Sort Method: quicksort  Memory: 16094kB
                                             Worker 3:  Sort Method: quicksort  Memory: 15987kB
                                             ->  Parallel Hash Join  (cost=42793.23..365149.63 rows=227370 width=8) (actual time=261.676..2123.635 rows=182072 loops=5)
                                                   Hash Cond: (orders.o_custkey = customer.c_custkey)
                                                   ->  Parallel Seq Scan on orders  (cost=0.00..317524.78 rows=1136852 width=12) (actual time=0.503..1592.170 rows=911503 loops=5)
                                                         Filter: ((o_orderdate >= '1995-01-01'::date) AND (o_orderdate <= '1996-12-31'::date))
                                                         Rows Removed by Filter: 2088497
                                                   ->  Parallel Hash  (cost=41855.73..41855.73 rows=75000 width=4) (actual time=260.404..260.407 rows=59887 loops=5)
                                                         Buckets: 524288  Batches: 1  Memory Usage: 15872kB
                                                         ->  Hash Join  (cost=2.51..41855.73 rows=75000 width=4) (actual time=0.303..242.338 rows=59887 loops=5)
                                                               Hash Cond: (customer.c_nationkey = n1.n_nationkey)
                                                               ->  Parallel Seq Scan on customer  (cost=0.00..39696.97 rows=374998 width=8) (actual time=0.159..204.005 rows=300000 loops=5)
                                                               ->  Hash  (cost=2.45..2.45 rows=5 width=4) (actual time=0.094..0.096 rows=5 loops=5)
                                                                     Buckets: 1024  Batches: 1  Memory Usage: 9kB
                                                                     ->  Hash Join  (cost=1.07..2.45 rows=5 width=4) (actual time=0.087..0.094 rows=5 loops=5)
                                                                           Hash Cond: (n1.n_regionkey = region.r_regionkey)
                                                                           ->  Seq Scan on nation n1  (cost=0.00..1.25 rows=25 width=8) (actual time=0.037..0.038 rows=25 loops=5)
                                                                           ->  Hash  (cost=1.06..1.06 rows=1 width=4) (actual time=0.046..0.047 rows=1 loops=5)
                                                                                 Buckets: 1024  Batches: 1  Memory Usage: 9kB
                                                                                 ->  Seq Scan on region  (cost=0.00..1.06 rows=1 width=4) (actual time=0.042..0.043 rows=1 loops=5)
                                                                                       Filter: (r_name = 'AMERICA'::bpchar)
                                                                                       Rows Removed by Filter: 4
                                 ->  Index Scan using idx_lineitem_orderkey on lineitem  (cost=0.56..3.60 rows=4 width=24) (actual time=0.042..0.045 rows=4 loops=454495)
                                       Index Cond: (l_orderkey = orders.o_orderkey)
                           ->  Index Scan using part_pkey on part  (cost=0.43..3.41 rows=1 width=4) (actual time=0.006..0.006 rows=0 loops=1816479)
                                 Index Cond: (p_partkey = lineitem.l_partkey)
                                 Filter: ((p_type)::text = 'LARGE POLISHED BRASS'::text)
                                 Rows Removed by Filter: 1
                     ->  Index Scan using supplier_pkey on supplier  (cost=0.29..3.27 rows=1 width=8) (actual time=0.042..0.042 rows=1 loops=11818)
                           Index Cond: (s_suppkey = lineitem.l_suppkey)
               ->  Materialize  (cost=0.00..1.38 rows=25 width=30) (actual time=0.000..0.001 rows=13 loops=11818)
                     ->  Seq Scan on nation n2  (cost=0.00..1.25 rows=25 width=30) (actual time=0.006..0.011 rows=25 loops=1)
 Planning Time: 30.311 ms
 Execution Time: 34595.554 ms
(51 rows)

SET
SET
SET
                                                                                         QUERY PLAN                                                                                         
--------------------------------------------------------------------------------------------------------------------------------------------------------------------------------------------
 Limit  (cost=386380.86..392999.94 rows=1 width=64) (actual time=9025.434..9031.929 rows=1 loops=1)
   ->  GroupAggregate  (cost=386380.86..16311890.76 rows=2406 width=64) (actual time=9025.433..9031.927 rows=1 loops=1)
         Group Key: EXTRACT(year FROM orders.o_orderdate)
         ->  Nested Loop  (cost=386380.86..16311359.52 rows=24156 width=70) (actual time=1051.248..9018.684 rows=11818 loops=1)
               Join Filter: (supplier.s_nationkey = n2.n_nationkey)
               Rows Removed by Join Filter: 142665
               ->  Nested Loop  (cost=386380.86..16302573.70 rows=24156 width=20) (actual time=1051.229..8993.594 rows=11818 loops=1)
                     ->  Nested Loop  (cost=386380.57..16223550.33 rows=24156 width=20) (actual time=1051.215..8952.010 rows=11818 loops=1)
                           ->  Nested Loop  (cost=386380.14..3808991.91 rows=3636557 width=24) (actual time=1050.447..3950.593 rows=1816382 loops=1)
                                 ->  Gather Merge  (cost=386379.57..495276.07 rows=909482 width=8) (actual time=1050.379..1239.719 rows=454475 loops=1)
                                       Workers Planned: 4
                                       Workers Launched: 4
                                       ->  Sort  (cost=385379.52..385947.94 rows=227370 width=8) (actual time=1039.960..1046.717 rows=91991 loops=5)
                                             Sort Key: (EXTRACT(year FROM orders.o_orderdate))
                                             Sort Method: quicksort  Memory: 16684kB
                                             Worker 0:  Sort Method: quicksort  Memory: 15461kB
                                             Worker 1:  Sort Method: quicksort  Memory: 16059kB
                                             Worker 2:  Sort Method: quicksort  Memory: 16671kB
                                             Worker 3:  Sort Method: quicksort  Memory: 15632kB
                                             ->  Parallel Hash Join  (cost=42793.23..365149.63 rows=227370 width=8) (actual time=153.644..981.309 rows=182072 loops=5)
                                                   Hash Cond: (orders.o_custkey = customer.c_custkey)
                                                   ->  Parallel Seq Scan on orders  (cost=0.00..317524.78 rows=1136852 width=12) (actual time=0.039..525.948 rows=911503 loops=5)
                                                         Filter: ((o_orderdate >= '1995-01-01'::date) AND (o_orderdate <= '1996-12-31'::date))
                                                         Rows Removed by Filter: 2088497
                                                   ->  Parallel Hash  (cost=41855.73..41855.73 rows=75000 width=4) (actual time=151.970..151.973 rows=59887 loops=5)
                                                         Buckets: 524288  Batches: 1  Memory Usage: 15904kB
                                                         ->  Hash Join  (cost=2.51..41855.73 rows=75000 width=4) (actual time=0.119..128.456 rows=59887 loops=5)
                                                               Hash Cond: (customer.c_nationkey = n1.n_nationkey)
                                                               ->  Parallel Seq Scan on customer  (cost=0.00..39696.97 rows=374998 width=8) (actual time=0.028..84.918 rows=300000 loops=5)
                                                               ->  Hash  (cost=2.45..2.45 rows=5 width=4) (actual time=0.036..0.038 rows=5 loops=5)
                                                                     Buckets: 1024  Batches: 1  Memory Usage: 9kB
                                                                     ->  Hash Join  (cost=1.07..2.45 rows=5 width=4) (actual time=0.031..0.037 rows=5 loops=5)
                                                                           Hash Cond: (n1.n_regionkey = region.r_regionkey)
                                                                           ->  Seq Scan on nation n1  (cost=0.00..1.25 rows=25 width=8) (actual time=0.006..0.008 rows=25 loops=5)
                                                                           ->  Hash  (cost=1.06..1.06 rows=1 width=4) (actual time=0.020..0.021 rows=1 loops=5)
                                                                                 Buckets: 1024  Batches: 1  Memory Usage: 9kB
                                                                                 ->  Seq Scan on region  (cost=0.00..1.06 rows=1 width=4) (actual time=0.016..0.017 rows=1 loops=5)
                                                                                       Filter: (r_name = 'AMERICA'::bpchar)
                                                                                       Rows Removed by Filter: 4
                                 ->  Index Scan using idx_lineitem_orderkey on lineitem  (cost=0.56..3.60 rows=4 width=24) (actual time=0.004..0.005 rows=4 loops=454475)
                                       Index Cond: (l_orderkey = orders.o_orderkey)
                           ->  Index Scan using part_pkey on part  (cost=0.43..3.41 rows=1 width=4) (actual time=0.003..0.003 rows=0 loops=1816382)
                                 Index Cond: (p_partkey = lineitem.l_partkey)
                                 Filter: ((p_type)::text = 'LARGE POLISHED BRASS'::text)
                                 Rows Removed by Filter: 1
                     ->  Index Scan using supplier_pkey on supplier  (cost=0.29..3.27 rows=1 width=8) (actual time=0.003..0.003 rows=1 loops=11818)
                           Index Cond: (s_suppkey = lineitem.l_suppkey)
               ->  Materialize  (cost=0.00..1.38 rows=25 width=30) (actual time=0.000..0.001 rows=13 loops=11818)
                     ->  Seq Scan on nation n2  (cost=0.00..1.25 rows=25 width=30) (actual time=0.005..0.010 rows=25 loops=1)
 Planning Time: 5.890 ms
 Execution Time: 9032.044 ms
(51 rows)

query 9 run 1
SET
SET
SET
                                                                                            QUERY PLAN                                                                                            
--------------------------------------------------------------------------------------------------------------------------------------------------------------------------------------------------
 Limit  (cost=646989.31..647185.82 rows=1 width=90) (actual time=45110.961..45121.932 rows=1 loops=1)
   ->  GroupAggregate  (cost=646989.31..12467085.23 rows=60150 width=90) (actual time=45110.960..45121.930 rows=1 loops=1)
         Group Key: nation.n_name, (EXTRACT(year FROM orders.o_orderdate))
         ->  Incremental Sort  (cost=646989.31..12413166.23 rows=3029529 width=81) (actual time=45101.243..45113.154 rows=11401 loops=1)
               Sort Key: nation.n_name, (EXTRACT(year FROM orders.o_orderdate)) DESC
               Presorted Key: nation.n_name
               Full-sort Groups: 1  Sort Method: quicksort  Average Memory: 31kB  Peak Memory: 31kB
               Pre-sorted Groups: 1  Sort Method: quicksort  Average Memory: 15860kB  Peak Memory: 15860kB
               ->  Nested Loop  (cost=158467.63..11974525.48 rows=3029529 width=81) (actual time=1947.083..44853.740 rows=128453 loops=1)
                     ->  Nested Loop  (cost=158467.20..1598039.51 rows=3029529 width=53) (actual time=1946.434..23826.901 rows=128453 loops=1)
                           Join Filter: (supplier.s_suppkey = lineitem.l_suppkey)
                           ->  Gather Merge  (cost=158466.76..206843.98 rows=404037 width=48) (actual time=1945.425..1979.941 rows=17183 loops=1)
                                 Workers Planned: 4
                                 Workers Launched: 4
                                 ->  Sort  (cost=157466.70..157719.22 rows=101009 width=48) (actual time=1926.650..1927.275 rows=4046 loops=5)
                                       Sort Key: nation.n_name
                                       Sort Method: quicksort  Memory: 11234kB
                                       Worker 0:  Sort Method: quicksort  Memory: 11121kB
                                       Worker 1:  Sort Method: quicksort  Memory: 11198kB
                                       Worker 2:  Sort Method: quicksort  Memory: 11118kB
                                       Worker 3:  Sort Method: quicksort  Memory: 11309kB
                                       ->  Hash Join  (cost=3546.53..149070.77 rows=101009 width=48) (actual time=17.114..1860.152 rows=86650 loops=5)
                                             Hash Cond: (supplier.s_nationkey = nation.n_nationkey)
                                             ->  Parallel Hash Join  (cost=3544.97..148759.11 rows=101009 width=26) (actual time=16.984..1838.505 rows=86650 loops=5)
                                                   Hash Cond: (partsupp.ps_suppkey = supplier.s_suppkey)
                                                   ->  Nested Loop  (cost=0.43..144949.42 rows=101009 width=18) (actual time=1.209..1778.370 rows=86650 loops=5)
                                                         ->  Parallel Seq Scan on part  (cost=0.00..47230.87 rows=25252 width=4) (actual time=0.445..193.508 rows=21662 loops=5)
                                                               Filter: ((p_name)::text ~~ '%navy%'::text)
                                                               Rows Removed by Filter: 378338
                                                         ->  Index Scan using idx_partsupp_partkey on partsupp  (cost=0.43..3.70 rows=17 width=14) (actual time=0.068..0.072 rows=4 loops=108312)
                                                               Index Cond: (ps_partkey = part.p_partkey)
                                                   ->  Parallel Hash  (cost=2809.24..2809.24 rows=58824 width=8) (actual time=15.428..15.429 rows=20000 loops=5)
                                                         Buckets: 131072  Batches: 1  Memory Usage: 5056kB
                                                         ->  Parallel Seq Scan on supplier  (cost=0.00..2809.24 rows=58824 width=8) (actual time=0.069..9.253 rows=20000 loops=5)
                                             ->  Hash  (cost=1.25..1.25 rows=25 width=30) (actual time=0.057..0.058 rows=25 loops=5)
                                                   Buckets: 1024  Batches: 1  Memory Usage: 10kB
                                                   ->  Seq Scan on nation  (cost=0.00..1.25 rows=25 width=30) (actual time=0.046..0.049 rows=25 loops=5)
                           ->  Index Scan using idx_lineitem_part_supp on lineitem  (cost=0.44..3.43 rows=1 width=29) (actual time=0.287..1.264 rows=7 loops=17183)
                                 Index Cond: ((l_partkey = partsupp.ps_partkey) AND (l_suppkey = partsupp.ps_suppkey))
                     ->  Index Scan using orders_pkey on orders  (cost=0.43..3.42 rows=1 width=8) (actual time=0.161..0.161 rows=1 loops=128453)
                           Index Cond: (o_orderkey = lineitem.l_orderkey)
 Planning Time: 32.741 ms
 Execution Time: 45123.216 ms
(43 rows)

SET
SET
SET
                                                                                            QUERY PLAN                                                                                            
--------------------------------------------------------------------------------------------------------------------------------------------------------------------------------------------------
 Limit  (cost=646989.31..647185.82 rows=1 width=90) (actual time=2166.817..2182.523 rows=1 loops=1)
   ->  GroupAggregate  (cost=646989.31..12467085.23 rows=60150 width=90) (actual time=2166.816..2182.521 rows=1 loops=1)
         Group Key: nation.n_name, (EXTRACT(year FROM orders.o_orderdate))
         ->  Incremental Sort  (cost=646989.31..12413166.23 rows=3029529 width=81) (actual time=2156.975..2173.641 rows=11401 loops=1)
               Sort Key: nation.n_name, (EXTRACT(year FROM orders.o_orderdate)) DESC
               Presorted Key: nation.n_name
               Full-sort Groups: 1  Sort Method: quicksort  Average Memory: 31kB  Peak Memory: 31kB
               Pre-sorted Groups: 1  Sort Method: quicksort  Average Memory: 15860kB  Peak Memory: 15860kB
               ->  Nested Loop  (cost=158467.63..11974525.48 rows=3029529 width=81) (actual time=568.651..2075.271 rows=128453 loops=1)
                     ->  Nested Loop  (cost=158467.20..1598039.51 rows=3029529 width=53) (actual time=568.631..1179.989 rows=128453 loops=1)
                           Join Filter: (supplier.s_suppkey = lineitem.l_suppkey)
                           ->  Gather Merge  (cost=158466.76..206843.98 rows=404037 width=48) (actual time=568.577..593.650 rows=17183 loops=1)
                                 Workers Planned: 4
                                 Workers Launched: 4
                                 ->  Sort  (cost=157466.70..157719.22 rows=101009 width=48) (actual time=552.928..553.425 rows=4034 loops=5)
                                       Sort Key: nation.n_name
                                       Sort Method: quicksort  Memory: 11537kB
                                       Worker 0:  Sort Method: quicksort  Memory: 10657kB
                                       Worker 1:  Sort Method: quicksort  Memory: 10142kB
                                       Worker 2:  Sort Method: quicksort  Memory: 11911kB
                                       Worker 3:  Sort Method: quicksort  Memory: 11734kB
                                       ->  Hash Join  (cost=3546.53..149070.77 rows=101009 width=48) (actual time=19.289..486.525 rows=86650 loops=5)
                                             Hash Cond: (supplier.s_nationkey = nation.n_nationkey)
                                             ->  Parallel Hash Join  (cost=3544.97..148759.11 rows=101009 width=26) (actual time=19.197..462.372 rows=86650 loops=5)
                                                   Hash Cond: (partsupp.ps_suppkey = supplier.s_suppkey)
                                                   ->  Nested Loop  (cost=0.43..144949.42 rows=101009 width=18) (actual time=0.078..397.854 rows=86650 loops=5)
                                                         ->  Parallel Seq Scan on part  (cost=0.00..47230.87 rows=25252 width=4) (actual time=0.039..155.692 rows=21662 loops=5)
                                                               Filter: ((p_name)::text ~~ '%navy%'::text)
                                                               Rows Removed by Filter: 378338
                                                         ->  Index Scan using idx_partsupp_partkey on partsupp  (cost=0.43..3.70 rows=17 width=14) (actual time=0.009..0.010 rows=4 loops=108312)
                                                               Index Cond: (ps_partkey = part.p_partkey)
                                                   ->  Parallel Hash  (cost=2809.24..2809.24 rows=58824 width=8) (actual time=17.456..17.456 rows=20000 loops=5)
                                                         Buckets: 131072  Batches: 1  Memory Usage: 5056kB
                                                         ->  Parallel Seq Scan on supplier  (cost=0.00..2809.24 rows=58824 width=8) (actual time=0.028..7.893 rows=20000 loops=5)
                                             ->  Hash  (cost=1.25..1.25 rows=25 width=30) (actual time=0.020..0.021 rows=25 loops=5)
                                                   Buckets: 1024  Batches: 1  Memory Usage: 10kB
                                                   ->  Seq Scan on nation  (cost=0.00..1.25 rows=25 width=30) (actual time=0.009..0.012 rows=25 loops=5)
                           ->  Index Scan using idx_lineitem_part_supp on lineitem  (cost=0.44..3.43 rows=1 width=29) (actual time=0.009..0.032 rows=7 loops=17183)
                                 Index Cond: ((l_partkey = partsupp.ps_partkey) AND (l_suppkey = partsupp.ps_suppkey))
                     ->  Index Scan using orders_pkey on orders  (cost=0.43..3.42 rows=1 width=8) (actual time=0.006..0.006 rows=1 loops=128453)
                           Index Cond: (o_orderkey = lineitem.l_orderkey)
 Planning Time: 6.870 ms
 Execution Time: 2182.646 ms
(43 rows)

query 10 run 1
SET
SET
SET
                                                                                            QUERY PLAN                                                                                            
--------------------------------------------------------------------------------------------------------------------------------------------------------------------------------------------------
 Limit  (cost=944853.24..944853.29 rows=20 width=202) (actual time=21368.706..21426.941 rows=20 loops=1)
   ->  Sort  (cost=944853.24..946269.46 rows=566491 width=202) (actual time=21368.705..21426.937 rows=20 loops=1)
         Sort Key: (sum((lineitem.l_extendedprice * ('1'::numeric - lineitem.l_discount)))) DESC
         Sort Method: top-N heapsort  Memory: 33kB
         ->  GroupAggregate  (cost=847788.24..929779.12 rows=566491 width=202) (actual time=20164.341..21283.636 rows=381205 loops=1)
               Group Key: customer.c_custkey, nation.n_name
               ->  Gather Merge  (cost=847788.24..915616.84 rows=566491 width=182) (actual time=20164.322..20462.287 rows=1145402 loops=1)
                     Workers Planned: 4
                     Workers Launched: 4
                     ->  Sort  (cost=846788.19..847142.24 rows=141623 width=182) (actual time=20148.242..20174.118 rows=229080 loops=5)
                           Sort Key: customer.c_custkey, nation.n_name
                           Sort Method: external merge  Disk: 43720kB
                           Worker 0:  Sort Method: external merge  Disk: 43632kB
                           Worker 1:  Sort Method: external merge  Disk: 35232kB
                           Worker 2:  Sort Method: external merge  Disk: 46384kB
                           Worker 3:  Sort Method: external merge  Disk: 49560kB
                           ->  Hash Join  (cost=791372.83..834671.14 rows=141623 width=182) (actual time=19672.692..19995.116 rows=229080 loops=5)
                                 Hash Cond: (customer.c_nationkey = nation.n_nationkey)
                                 ->  Parallel Hash Join  (cost=791371.27..834234.79 rows=141623 width=160) (actual time=19672.577..19945.261 rows=229080 loops=5)
                                       Hash Cond: (customer.c_custkey = orders.o_custkey)
                                       ->  Parallel Seq Scan on customer  (cost=0.00..39696.97 rows=374998 width=148) (actual time=0.510..110.815 rows=300000 loops=5)
                                       ->  Parallel Hash  (cost=789600.98..789600.98 rows=141623 width=16) (actual time=19670.913..19670.914 rows=229080 loops=5)
                                             Buckets: 2097152 (originally 1048576)  Batches: 1 (originally 1)  Memory Usage: 85216kB
                                             ->  Nested Loop  (cost=6617.57..789600.98 rows=141623 width=16) (actual time=136.340..19508.903 rows=229080 loops=5)
                                                   ->  Parallel Bitmap Heap Scan on orders  (cost=6617.00..270036.24 rows=143416 width=8) (actual time=135.604..2198.717 rows=114632 loops=5)
                                                         Recheck Cond: ((o_orderdate >= '1994-08-01'::date) AND (o_orderdate < '1994-11-01'::date))
                                                         Heap Blocks: exact=46485
                                                         ->  Bitmap Index Scan on idx_orders_orderdate  (cost=0.00..6473.59 rows=573665 width=0) (actual time=87.845..87.845 rows=573160 loops=1)
                                                               Index Cond: ((o_orderdate >= '1994-08-01'::date) AND (o_orderdate < '1994-11-01'::date))
                                                   ->  Index Scan using idx_lineitem_orderkey on lineitem  (cost=0.56..3.61 rows=1 width=16) (actual time=0.145..0.150 rows=2 loops=573160)
                                                         Index Cond: (l_orderkey = orders.o_orderkey)
                                                         Filter: (l_returnflag = 'R'::bpchar)
                                                         Rows Removed by Filter: 2
                                 ->  Hash  (cost=1.25..1.25 rows=25 width=30) (actual time=0.049..0.050 rows=25 loops=5)
                                       Buckets: 1024  Batches: 1  Memory Usage: 10kB
                                       ->  Seq Scan on nation  (cost=0.00..1.25 rows=25 width=30) (actual time=0.041..0.044 rows=25 loops=5)
 Planning Time: 24.593 ms
 Execution Time: 21433.196 ms
(38 rows)

SET
SET
SET
                                                                                            QUERY PLAN                                                                                            
--------------------------------------------------------------------------------------------------------------------------------------------------------------------------------------------------
 Limit  (cost=944853.24..944853.29 rows=20 width=202) (actual time=3854.361..3895.866 rows=20 loops=1)
   ->  Sort  (cost=944853.24..946269.46 rows=566491 width=202) (actual time=3854.360..3895.863 rows=20 loops=1)
         Sort Key: (sum((lineitem.l_extendedprice * ('1'::numeric - lineitem.l_discount)))) DESC
         Sort Method: top-N heapsort  Memory: 33kB
         ->  GroupAggregate  (cost=847788.24..929779.12 rows=566491 width=202) (actual time=2649.697..3752.390 rows=381205 loops=1)
               Group Key: customer.c_custkey, nation.n_name
               ->  Gather Merge  (cost=847788.24..915616.84 rows=566491 width=182) (actual time=2649.675..2933.011 rows=1145402 loops=1)
                     Workers Planned: 4
                     Workers Launched: 4
                     ->  Sort  (cost=846788.19..847142.24 rows=141623 width=182) (actual time=2630.979..2657.647 rows=229080 loops=5)
                           Sort Key: customer.c_custkey, nation.n_name
                           Sort Method: external merge  Disk: 38984kB
                           Worker 0:  Sort Method: external merge  Disk: 48216kB
                           Worker 1:  Sort Method: external merge  Disk: 37096kB
                           Worker 2:  Sort Method: external merge  Disk: 44240kB
                           Worker 3:  Sort Method: external merge  Disk: 49992kB
                           ->  Hash Join  (cost=791372.83..834671.14 rows=141623 width=182) (actual time=2214.425..2485.744 rows=229080 loops=5)
                                 Hash Cond: (customer.c_nationkey = nation.n_nationkey)
                                 ->  Parallel Hash Join  (cost=791371.27..834234.79 rows=141623 width=160) (actual time=2214.329..2436.581 rows=229080 loops=5)
                                       Hash Cond: (customer.c_custkey = orders.o_custkey)
                                       ->  Parallel Seq Scan on customer  (cost=0.00..39696.97 rows=374998 width=148) (actual time=0.026..51.668 rows=300000 loops=5)
                                       ->  Parallel Hash  (cost=789600.98..789600.98 rows=141623 width=16) (actual time=2212.609..2212.610 rows=229080 loops=5)
                                             Buckets: 2097152 (originally 1048576)  Batches: 1 (originally 1)  Memory Usage: 85216kB
                                             ->  Nested Loop  (cost=6617.57..789600.98 rows=141623 width=16) (actual time=133.945..2088.366 rows=229080 loops=5)
                                                   ->  Parallel Bitmap Heap Scan on orders  (cost=6617.00..270036.24 rows=143416 width=8) (actual time=133.840..485.539 rows=114632 loops=5)
                                                         Recheck Cond: ((o_orderdate >= '1994-08-01'::date) AND (o_orderdate < '1994-11-01'::date))
                                                         Heap Blocks: exact=49497
                                                         ->  Bitmap Index Scan on idx_orders_orderdate  (cost=0.00..6473.59 rows=573665 width=0) (actual time=83.392..83.392 rows=573160 loops=1)
                                                               Index Cond: ((o_orderdate >= '1994-08-01'::date) AND (o_orderdate < '1994-11-01'::date))
                                                   ->  Index Scan using idx_lineitem_orderkey on lineitem  (cost=0.56..3.61 rows=1 width=16) (actual time=0.012..0.013 rows=2 loops=573160)
                                                         Index Cond: (l_orderkey = orders.o_orderkey)
                                                         Filter: (l_returnflag = 'R'::bpchar)
                                                         Rows Removed by Filter: 2
                                 ->  Hash  (cost=1.25..1.25 rows=25 width=30) (actual time=0.024..0.024 rows=25 loops=5)
                                       Buckets: 1024  Batches: 1  Memory Usage: 10kB
                                       ->  Seq Scan on nation  (cost=0.00..1.25 rows=25 width=30) (actual time=0.014..0.017 rows=25 loops=5)
 Planning Time: 2.298 ms
 Execution Time: 3900.857 ms
(38 rows)

query 11 run 1
SET
SET
SET
                                                                                         QUERY PLAN                                                                                          
---------------------------------------------------------------------------------------------------------------------------------------------------------------------------------------------
 Limit  (cost=442882.57..442882.58 rows=1 width=36) (actual time=3982.398..4001.856 rows=0 loops=1)
   InitPlan 1 (returns $3)
     ->  Finalize Aggregate  (cost=195543.44..195543.45 rows=1 width=32) (actual time=151.866..151.944 rows=1 loops=1)
           ->  Gather  (cost=195543.22..195543.43 rows=2 width=32) (actual time=151.485..151.934 rows=3 loops=1)
                 Workers Planned: 2
                 Workers Launched: 2
                 ->  Partial Aggregate  (cost=194543.22..194543.23 rows=1 width=32) (actual time=149.042..149.044 rows=1 loops=3)
                       ->  Nested Loop  (cost=0.87..193543.23 rows=133332 width=10) (actual time=0.118..119.676 rows=106933 loops=3)
                             ->  Nested Loop  (cost=0.44..4617.72 rows=1667 width=4) (actual time=0.099..17.313 rows=1337 loops=3)
                                   ->  Parallel Index Scan using supplier_pkey on supplier supplier_1  (cost=0.29..3552.46 rows=41667 width=8) (actual time=0.036..7.021 rows=33333 loops=3)
                                   ->  Memoize  (cost=0.15..0.92 rows=1 width=4) (actual time=0.000..0.000 rows=0 loops=100000)
                                         Cache Key: supplier_1.s_nationkey
                                         Cache Mode: logical
                                         Hits: 39137  Misses: 25  Evictions: 0  Overflows: 0  Memory Usage: 2kB
                                         Worker 0:  Hits: 29703  Misses: 25  Evictions: 0  Overflows: 0  Memory Usage: 2kB
                                         Worker 1:  Hits: 31085  Misses: 25  Evictions: 0  Overflows: 0  Memory Usage: 2kB
                                         ->  Index Scan using nation_pkey on nation nation_1  (cost=0.14..0.91 rows=1 width=4) (actual time=0.002..0.002 rows=0 loops=75)
                                               Index Cond: (n_nationkey = supplier_1.s_nationkey)
                                               Filter: (n_name = 'SAUDI ARABIA'::bpchar)
                                               Rows Removed by Filter: 1
                             ->  Index Scan using idx_partsupp_suppkey on partsupp partsupp_1  (cost=0.43..112.53 rows=80 width=14) (actual time=0.003..0.068 rows=80 loops=4010)
                                   Index Cond: (ps_suppkey = supplier_1.s_suppkey)
   ->  Sort  (cost=247339.12..247605.78 rows=106666 width=36) (actual time=3982.397..4001.776 rows=0 loops=1)
         Sort Key: (sum((partsupp.ps_supplycost * (partsupp.ps_availqty)::numeric))) DESC
         Sort Method: quicksort  Memory: 25kB
         ->  Finalize GroupAggregate  (cost=205892.91..246805.79 rows=106666 width=36) (actual time=3982.389..4001.767 rows=0 loops=1)
               Group Key: partsupp.ps_partkey
               Filter: (sum((partsupp.ps_supplycost * (partsupp.ps_availqty)::numeric)) > $3)
               Rows Removed by Filter: 301833
               ->  Gather Merge  (cost=205892.91..240005.85 rows=266664 width=36) (actual time=3487.159..3652.588 rows=314456 loops=1)
                     Workers Planned: 2
                     Workers Launched: 2
                     ->  Partial GroupAggregate  (cost=204892.89..208226.19 rows=133332 width=36) (actual time=3479.757..3582.814 rows=104819 loops=3)
                           Group Key: partsupp.ps_partkey
                           ->  Sort  (cost=204892.89..205226.22 rows=133332 width=14) (actual time=3479.744..3489.549 rows=106933 loops=3)
                                 Sort Key: partsupp.ps_partkey
                                 Sort Method: quicksort  Memory: 8594kB
                                 Worker 0:  Sort Method: quicksort  Memory: 9023kB
                                 Worker 1:  Sort Method: quicksort  Memory: 9145kB
                                 ->  Nested Loop  (cost=0.87..193543.23 rows=133332 width=14) (actual time=1.115..3440.695 rows=106933 loops=3)
                                       ->  Nested Loop  (cost=0.44..4617.72 rows=1667 width=4) (actual time=0.300..28.574 rows=1337 loops=3)
                                             ->  Parallel Index Scan using supplier_pkey on supplier  (cost=0.29..3552.46 rows=41667 width=8) (actual time=0.170..15.294 rows=33333 loops=3)
                                             ->  Memoize  (cost=0.15..0.92 rows=1 width=4) (actual time=0.000..0.000 rows=0 loops=100000)
                                                   Cache Key: supplier.s_nationkey
                                                   Cache Mode: logical
                                                   Hits: 31451  Misses: 25  Evictions: 0  Overflows: 0  Memory Usage: 2kB
                                                   Worker 0:  Hits: 34013  Misses: 25  Evictions: 0  Overflows: 0  Memory Usage: 2kB
                                                   Worker 1:  Hits: 34461  Misses: 25  Evictions: 0  Overflows: 0  Memory Usage: 2kB
                                                   ->  Index Scan using nation_pkey on nation  (cost=0.14..0.91 rows=1 width=4) (actual time=0.004..0.004 rows=0 loops=75)
                                                         Index Cond: (n_nationkey = supplier.s_nationkey)
                                                         Filter: (n_name = 'SAUDI ARABIA'::bpchar)
                                                         Rows Removed by Filter: 1
                                       ->  Index Scan using idx_partsupp_suppkey on partsupp  (cost=0.43..112.53 rows=80 width=18) (actual time=0.077..2.535 rows=80 loops=4010)
                                             Index Cond: (ps_suppkey = supplier.s_suppkey)
 Planning Time: 15.932 ms
 Execution Time: 4002.252 ms
(56 rows)

SET
SET
SET
                                                                                         QUERY PLAN                                                                                          
---------------------------------------------------------------------------------------------------------------------------------------------------------------------------------------------
 Limit  (cost=442882.57..442882.58 rows=1 width=36) (actual time=660.524..677.856 rows=0 loops=1)
   InitPlan 1 (returns $3)
     ->  Finalize Aggregate  (cost=195543.44..195543.45 rows=1 width=32) (actual time=147.606..147.689 rows=1 loops=1)
           ->  Gather  (cost=195543.22..195543.43 rows=2 width=32) (actual time=147.223..147.680 rows=3 loops=1)
                 Workers Planned: 2
                 Workers Launched: 2
                 ->  Partial Aggregate  (cost=194543.22..194543.23 rows=1 width=32) (actual time=144.742..144.744 rows=1 loops=3)
                       ->  Nested Loop  (cost=0.87..193543.23 rows=133332 width=10) (actual time=0.125..115.394 rows=106933 loops=3)
                             ->  Nested Loop  (cost=0.44..4617.72 rows=1667 width=4) (actual time=0.105..17.064 rows=1337 loops=3)
                                   ->  Parallel Index Scan using supplier_pkey on supplier supplier_1  (cost=0.29..3552.46 rows=41667 width=8) (actual time=0.038..6.899 rows=33333 loops=3)
                                   ->  Memoize  (cost=0.15..0.92 rows=1 width=4) (actual time=0.000..0.000 rows=0 loops=100000)
                                         Cache Key: supplier_1.s_nationkey
                                         Cache Mode: logical
                                         Hits: 42431  Misses: 25  Evictions: 0  Overflows: 0  Memory Usage: 2kB
                                         Worker 0:  Hits: 28523  Misses: 25  Evictions: 0  Overflows: 0  Memory Usage: 2kB
                                         Worker 1:  Hits: 28971  Misses: 25  Evictions: 0  Overflows: 0  Memory Usage: 2kB
                                         ->  Index Scan using nation_pkey on nation nation_1  (cost=0.14..0.91 rows=1 width=4) (actual time=0.002..0.002 rows=0 loops=75)
                                               Index Cond: (n_nationkey = supplier_1.s_nationkey)
                                               Filter: (n_name = 'SAUDI ARABIA'::bpchar)
                                               Rows Removed by Filter: 1
                             ->  Index Scan using idx_partsupp_suppkey on partsupp partsupp_1  (cost=0.43..112.53 rows=80 width=14) (actual time=0.003..0.065 rows=80 loops=4010)
                                   Index Cond: (ps_suppkey = supplier_1.s_suppkey)
   ->  Sort  (cost=247339.12..247605.78 rows=106666 width=36) (actual time=660.522..677.771 rows=0 loops=1)
         Sort Key: (sum((partsupp.ps_supplycost * (partsupp.ps_availqty)::numeric))) DESC
         Sort Method: quicksort  Memory: 25kB
         ->  Finalize GroupAggregate  (cost=205892.91..246805.79 rows=106666 width=36) (actual time=660.515..677.763 rows=0 loops=1)
               Group Key: partsupp.ps_partkey
               Filter: (sum((partsupp.ps_supplycost * (partsupp.ps_availqty)::numeric)) > $3)
               Rows Removed by Filter: 301833
               ->  Gather Merge  (cost=205892.91..240005.85 rows=266664 width=36) (actual time=159.302..335.143 rows=314447 loops=1)
                     Workers Planned: 2
                     Workers Launched: 2
                     ->  Partial GroupAggregate  (cost=204892.89..208226.19 rows=133332 width=36) (actual time=156.370..261.249 rows=104816 loops=3)
                           Group Key: partsupp.ps_partkey
                           ->  Sort  (cost=204892.89..205226.22 rows=133332 width=14) (actual time=156.356..166.195 rows=106933 loops=3)
                                 Sort Key: partsupp.ps_partkey
                                 Sort Method: quicksort  Memory: 9066kB
                                 Worker 0:  Sort Method: quicksort  Memory: 8834kB
                                 Worker 1:  Sort Method: quicksort  Memory: 8861kB
                                 ->  Nested Loop  (cost=0.87..193543.23 rows=133332 width=14) (actual time=0.114..132.361 rows=106933 loops=3)
                                       ->  Nested Loop  (cost=0.44..4617.72 rows=1667 width=4) (actual time=0.095..17.657 rows=1337 loops=3)
                                             ->  Parallel Index Scan using supplier_pkey on supplier  (cost=0.29..3552.46 rows=41667 width=8) (actual time=0.031..7.257 rows=33333 loops=3)
                                             ->  Memoize  (cost=0.15..0.92 rows=1 width=4) (actual time=0.000..0.000 rows=0 loops=100000)
                                                   Cache Key: supplier.s_nationkey
                                                   Cache Mode: logical
                                                   Hits: 34013  Misses: 25  Evictions: 0  Overflows: 0  Memory Usage: 2kB
                                                   Worker 0:  Hits: 33281  Misses: 25  Evictions: 0  Overflows: 0  Memory Usage: 2kB
                                                   Worker 1:  Hits: 32631  Misses: 25  Evictions: 0  Overflows: 0  Memory Usage: 2kB
                                                   ->  Index Scan using nation_pkey on nation  (cost=0.14..0.91 rows=1 width=4) (actual time=0.002..0.002 rows=0 loops=75)
                                                         Index Cond: (n_nationkey = supplier.s_nationkey)
                                                         Filter: (n_name = 'SAUDI ARABIA'::bpchar)
                                                         Rows Removed by Filter: 1
                                       ->  Index Scan using idx_partsupp_suppkey on partsupp  (cost=0.43..112.53 rows=80 width=18) (actual time=0.004..0.077 rows=80 loops=4010)
                                             Index Cond: (ps_suppkey = supplier.s_suppkey)
 Planning Time: 1.157 ms
 Execution Time: 677.948 ms
(56 rows)

query 12 run 1
SET
SET
SET
                                                                                                                    QUERY PLAN                                                                                                                     
---------------------------------------------------------------------------------------------------------------------------------------------------------------------------------------------------------------------------------------------------
 Limit  (cost=1469398.45..1616428.90 rows=1 width=27) (actual time=13036.566..13037.723 rows=1 loops=1)
   ->  GroupAggregate  (cost=1469398.45..2498611.56 rows=7 width=27) (actual time=13036.565..13037.721 rows=1 loops=1)
         Group Key: lineitem.l_shipmode
         ->  Nested Loop  (cost=1469398.45..2493545.57 rows=289481 width=27) (actual time=6907.239..12953.559 rows=155572 loops=1)
               ->  Gather Merge  (cost=1469398.02..1504058.92 rows=289481 width=15) (actual time=6906.582..6976.590 rows=155572 loops=1)
                     Workers Planned: 4
                     Workers Launched: 4
                     ->  Sort  (cost=1468397.96..1468578.88 rows=72370 width=15) (actual time=6894.678..6897.234 rows=32232 loops=5)
                           Sort Key: lineitem.l_shipmode
                           Sort Method: quicksort  Memory: 5042kB
                           Worker 0:  Sort Method: quicksort  Memory: 4932kB
                           Worker 1:  Sort Method: quicksort  Memory: 4905kB
                           Worker 2:  Sort Method: quicksort  Memory: 4935kB
                           Worker 3:  Sort Method: quicksort  Memory: 4890kB
                           ->  Parallel Seq Scan on lineitem  (cost=0.00..1462556.58 rows=72370 width=15) (actual time=1.955..6876.045 rows=62252 loops=5)
                                 Filter: ((l_shipmode = ANY ('{SHIP,"REG AIR"}'::bpchar[])) AND (l_commitdate < l_receiptdate) AND (l_shipdate < l_commitdate) AND (l_receiptdate >= '1994-01-01'::date) AND (l_receiptdate < '1995-01-01'::date))
                                 Rows Removed by Filter: 11934959
               ->  Index Scan using orders_pkey on orders  (cost=0.43..3.42 rows=1 width=20) (actual time=0.038..0.038 rows=1 loops=155572)
                     Index Cond: (o_orderkey = lineitem.l_orderkey)
 Planning Time: 17.863 ms
 Execution Time: 13038.247 ms
(21 rows)

SET
SET
SET
                                                                                                                    QUERY PLAN                                                                                                                     
---------------------------------------------------------------------------------------------------------------------------------------------------------------------------------------------------------------------------------------------------
 Limit  (cost=1469398.45..1616428.90 rows=1 width=27) (actual time=4073.861..4075.119 rows=1 loops=1)
   ->  GroupAggregate  (cost=1469398.45..2498611.56 rows=7 width=27) (actual time=4073.860..4075.117 rows=1 loops=1)
         Group Key: lineitem.l_shipmode
         ->  Nested Loop  (cost=1469398.45..2493545.57 rows=289481 width=27) (actual time=3596.646..4025.708 rows=155572 loops=1)
               ->  Gather Merge  (cost=1469398.02..1504058.92 rows=289481 width=15) (actual time=3596.596..3637.251 rows=155572 loops=1)
                     Workers Planned: 4
                     Workers Launched: 4
                     ->  Sort  (cost=1468397.96..1468578.88 rows=72370 width=15) (actual time=3589.879..3591.956 rows=32226 loops=5)
                           Sort Key: lineitem.l_shipmode
                           Sort Method: quicksort  Memory: 4732kB
                           Worker 0:  Sort Method: quicksort  Memory: 5062kB
                           Worker 1:  Sort Method: quicksort  Memory: 4876kB
                           Worker 2:  Sort Method: quicksort  Memory: 4992kB
                           Worker 3:  Sort Method: quicksort  Memory: 5043kB
                           ->  Parallel Seq Scan on lineitem  (cost=0.00..1462556.58 rows=72370 width=15) (actual time=0.857..3570.748 rows=62252 loops=5)
                                 Filter: ((l_shipmode = ANY ('{SHIP,"REG AIR"}'::bpchar[])) AND (l_commitdate < l_receiptdate) AND (l_shipdate < l_commitdate) AND (l_receiptdate >= '1994-01-01'::date) AND (l_receiptdate < '1995-01-01'::date))
                                 Rows Removed by Filter: 11934959
               ->  Index Scan using orders_pkey on orders  (cost=0.43..3.42 rows=1 width=20) (actual time=0.002..0.002 rows=1 loops=155572)
                     Index Cond: (o_orderkey = lineitem.l_orderkey)
 Planning Time: 0.942 ms
 Execution Time: 4075.187 ms
(21 rows)

query 13 run 1
SET
SET
SET
                                                                                    QUERY PLAN                                                                                     
-----------------------------------------------------------------------------------------------------------------------------------------------------------------------------------
 Limit  (cost=1328421.88..1328421.88 rows=1 width=16) (actual time=17186.006..17186.019 rows=1 loops=1)
   ->  Sort  (cost=1328421.88..1328422.38 rows=200 width=16) (actual time=17186.005..17186.007 rows=1 loops=1)
         Sort Key: (count(*)) DESC, (count(orders.o_orderkey)) DESC
         Sort Method: top-N heapsort  Memory: 25kB
         ->  HashAggregate  (cost=1328418.88..1328420.88 rows=200 width=16) (actual time=17185.978..17185.985 rows=46 loops=1)
               Group Key: count(orders.o_orderkey)
               Batches: 1  Memory Usage: 40kB
               ->  HashAggregate  (cost=1179636.78..1305919.03 rows=1499990 width=12) (actual time=14894.100..17014.408 rows=1500000 loops=1)
                     Group Key: customer.c_custkey
                     Planned Partitions: 4  Batches: 5  Memory Usage: 65585kB  Disk Usage: 216328kB
                     ->  Hash Right Join  (cost=53284.15..656609.72 rows=14244141 width=8) (actual time=367.344..10988.158 rows=15337604 loops=1)
                           Hash Cond: (orders.o_custkey = customer.c_custkey)
                           ->  Seq Scan on orders  (cost=0.00..448790.60 rows=14244141 width=8) (actual time=0.774..5171.660 rows=14837583 loops=1)
                                 Filter: ((o_comment)::text !~~ '%special%requests%'::text)
                                 Rows Removed by Filter: 162417
                           ->  Hash  (cost=28674.28..28674.28 rows=1499990 width=4) (actual time=363.988..363.988 rows=1500000 loops=1)
                                 Buckets: 2097152  Batches: 2  Memory Usage: 42747kB
                                 ->  Index Only Scan using customer_pkey on customer  (cost=0.43..28674.28 rows=1499990 width=4) (actual time=0.019..161.290 rows=1500000 loops=1)
                                       Heap Fetches: 0
 Planning Time: 15.073 ms
 Execution Time: 17220.382 ms
(21 rows)

SET
SET
SET
                                                                                    QUERY PLAN                                                                                     
-----------------------------------------------------------------------------------------------------------------------------------------------------------------------------------
 Limit  (cost=1328421.88..1328421.88 rows=1 width=16) (actual time=16498.611..16498.625 rows=1 loops=1)
   ->  Sort  (cost=1328421.88..1328422.38 rows=200 width=16) (actual time=16498.609..16498.612 rows=1 loops=1)
         Sort Key: (count(*)) DESC, (count(orders.o_orderkey)) DESC
         Sort Method: top-N heapsort  Memory: 25kB
         ->  HashAggregate  (cost=1328418.88..1328420.88 rows=200 width=16) (actual time=16498.583..16498.591 rows=46 loops=1)
               Group Key: count(orders.o_orderkey)
               Batches: 1  Memory Usage: 40kB
               ->  HashAggregate  (cost=1179636.78..1305919.03 rows=1499990 width=12) (actual time=14233.602..16328.001 rows=1500000 loops=1)
                     Group Key: customer.c_custkey
                     Planned Partitions: 4  Batches: 5  Memory Usage: 65585kB  Disk Usage: 216328kB
                     ->  Hash Right Join  (cost=53284.15..656609.72 rows=14244141 width=8) (actual time=330.359..10381.943 rows=15337604 loops=1)
                           Hash Cond: (orders.o_custkey = customer.c_custkey)
                           ->  Seq Scan on orders  (cost=0.00..448790.60 rows=14244141 width=8) (actual time=0.032..4662.121 rows=14837583 loops=1)
                                 Filter: ((o_comment)::text !~~ '%special%requests%'::text)
                                 Rows Removed by Filter: 162417
                           ->  Hash  (cost=28674.28..28674.28 rows=1499990 width=4) (actual time=327.853..327.853 rows=1500000 loops=1)
                                 Buckets: 2097152  Batches: 2  Memory Usage: 42747kB
                                 ->  Index Only Scan using customer_pkey on customer  (cost=0.43..28674.28 rows=1499990 width=4) (actual time=0.020..128.859 rows=1500000 loops=1)
                                       Heap Fetches: 0
 Planning Time: 0.948 ms
 Execution Time: 16532.482 ms
(21 rows)

query 14 run 1
SET
SET
SET
                                                                                  QUERY PLAN                                                                                  
------------------------------------------------------------------------------------------------------------------------------------------------------------------------------
 Limit  (cost=871036.74..871036.76 rows=1 width=32) (actual time=5334.453..5389.784 rows=1 loops=1)
   ->  Finalize Aggregate  (cost=871036.74..871036.76 rows=1 width=32) (actual time=5334.452..5389.781 rows=1 loops=1)
         ->  Gather  (cost=871036.29..871036.70 rows=4 width=64) (actual time=5327.638..5389.758 rows=5 loops=1)
               Workers Planned: 4
               Workers Launched: 4
               ->  Partial Aggregate  (cost=870036.29..870036.30 rows=1 width=64) (actual time=5320.605..5320.608 rows=1 loops=5)
                     ->  Parallel Hash Join  (cost=65136.49..866515.30 rows=201199 width=33) (actual time=712.263..5153.215 rows=154588 loops=5)
                           Hash Cond: (lineitem.l_partkey = part.p_partkey)
                           ->  Parallel Bitmap Heap Scan on lineitem  (cost=12905.73..813756.40 rows=201199 width=16) (actual time=291.041..4558.113 rows=154588 loops=5)
                                 Recheck Cond: ((l_shipdate >= '1994-05-01'::date) AND (l_shipdate < '1994-06-01'::date))
                                 Heap Blocks: exact=82300
                                 ->  Bitmap Index Scan on idx_lineitem_shipdate  (cost=0.00..12704.54 rows=804797 width=0) (actual time=191.838..191.839 rows=772942 loops=1)
                                       Index Cond: ((l_shipdate >= '1994-05-01'::date) AND (l_shipdate < '1994-06-01'::date))
                           ->  Parallel Hash  (cost=45980.89..45980.89 rows=499989 width=25) (actual time=419.015..419.015 rows=400000 loops=5)
                                 Buckets: 2097152  Batches: 1  Memory Usage: 137312kB
                                 ->  Parallel Seq Scan on part  (cost=0.00..45980.89 rows=499989 width=25) (actual time=0.410..285.154 rows=400000 loops=5)
 Planning Time: 16.569 ms
 Execution Time: 5390.104 ms
(18 rows)

SET
SET
SET
                                                                                  QUERY PLAN                                                                                  
------------------------------------------------------------------------------------------------------------------------------------------------------------------------------
 Limit  (cost=871036.74..871036.76 rows=1 width=32) (actual time=1735.734..1772.721 rows=1 loops=1)
   ->  Finalize Aggregate  (cost=871036.74..871036.76 rows=1 width=32) (actual time=1735.733..1772.719 rows=1 loops=1)
         ->  Gather  (cost=871036.29..871036.70 rows=4 width=64) (actual time=1724.057..1772.693 rows=5 loops=1)
               Workers Planned: 4
               Workers Launched: 4
               ->  Partial Aggregate  (cost=870036.29..870036.30 rows=1 width=64) (actual time=1719.625..1719.628 rows=1 loops=5)
                     ->  Parallel Hash Join  (cost=65136.49..866515.30 rows=201199 width=33) (actual time=551.084..1602.579 rows=154588 loops=5)
                           Hash Cond: (lineitem.l_partkey = part.p_partkey)
                           ->  Parallel Bitmap Heap Scan on lineitem  (cost=12905.73..813756.40 rows=201199 width=16) (actual time=271.419..1184.211 rows=154588 loops=5)
                                 Recheck Cond: ((l_shipdate >= '1994-05-01'::date) AND (l_shipdate < '1994-06-01'::date))
                                 Heap Blocks: exact=86004
                                 ->  Bitmap Index Scan on idx_lineitem_shipdate  (cost=0.00..12704.54 rows=804797 width=0) (actual time=172.775..172.776 rows=772942 loops=1)
                                       Index Cond: ((l_shipdate >= '1994-05-01'::date) AND (l_shipdate < '1994-06-01'::date))
                           ->  Parallel Hash  (cost=45980.89..45980.89 rows=499989 width=25) (actual time=277.446..277.447 rows=400000 loops=5)
                                 Buckets: 2097152  Batches: 1  Memory Usage: 137280kB
                                 ->  Parallel Seq Scan on part  (cost=0.00..45980.89 rows=499989 width=25) (actual time=0.044..127.125 rows=400000 loops=5)
 Planning Time: 1.446 ms
 Execution Time: 1772.777 ms
(18 rows)

query 15 run 1
SET
SET
SET
CREATE VIEW
                                                                                       QUERY PLAN                                                                                       
----------------------------------------------------------------------------------------------------------------------------------------------------------------------------------------
 Limit  (cost=2745407.96..2745515.14 rows=1 width=103) (actual time=13186.137..13244.795 rows=1 loops=1)
   InitPlan 1 (returns $1)
     ->  Aggregate  (cost=1391216.40..1391216.41 rows=1 width=32) (actual time=2912.121..2922.014 rows=1 loops=1)
           ->  Finalize HashAggregate  (cost=1388728.05..1389972.23 rows=99534 width=36) (actual time=2867.695..2916.091 rows=100000 loops=1)
                 Group Key: lineitem_1.l_suppkey
                 Batches: 1  Memory Usage: 66577kB
                 ->  Gather  (cost=1344684.26..1385742.03 rows=398136 width=36) (actual time=2535.348..2618.681 rows=398606 loops=1)
                       Workers Planned: 4
                       Workers Launched: 3
                       ->  Partial HashAggregate  (cost=1343684.26..1344928.43 rows=99534 width=36) (actual time=2531.062..2578.480 rows=99652 loops=4)
                             Group Key: lineitem_1.l_suppkey
                             Batches: 1  Memory Usage: 44049kB
                             Worker 0:  Batches: 1  Memory Usage: 44049kB
                             Worker 1:  Batches: 1  Memory Usage: 44049kB
                             Worker 2:  Batches: 1  Memory Usage: 44049kB
                             ->  Parallel Bitmap Heap Scan on lineitem lineitem_1  (cost=38010.09..1337757.91 rows=592635 width=16) (actual time=439.506..2046.859 rows=566428 loops=4)
                                   Recheck Cond: ((l_shipdate >= '1996-01-01'::date) AND (l_shipdate < '1996-04-01'::date))
                                   Rows Removed by Index Recheck: 3305913
                                   Heap Blocks: exact=108754 lossy=72583
                                   ->  Bitmap Index Scan on idx_lineitem_shipdate  (cost=0.00..37417.46 rows=2370539 width=0) (actual time=349.638..349.638 rows=2265714 loops=1)
                                         Index Cond: ((l_shipdate >= '1996-01-01'::date) AND (l_shipdate < '1996-04-01'::date))
   ->  Nested Loop  (cost=1354191.55..1407565.32 rows=498 width=103) (actual time=13186.135..13234.899 rows=1 loops=1)
         ->  Finalize GroupAggregate  (cost=1354191.26..1406340.96 rows=498 width=36) (actual time=13185.569..13234.332 rows=1 loops=1)
               Group Key: lineitem.l_suppkey
               Filter: (sum((lineitem.l_extendedprice * ('1'::numeric - lineitem.l_discount))) = $1)
               Rows Removed by Filter: 69997
               ->  Gather Merge  (cost=1354191.26..1401861.93 rows=398136 width=36) (actual time=10064.012..10178.095 rows=346123 loops=1)
                     Workers Planned: 4
                     Workers Launched: 4
                     ->  Sort  (cost=1353191.20..1353440.03 rows=99534 width=36) (actual time=10032.818..10041.115 rows=69660 loops=5)
                           Sort Key: lineitem.l_suppkey
                           Sort Method: quicksort  Memory: 13894kB
                           Worker 0:  Sort Method: quicksort  Memory: 13887kB
                           Worker 1:  Sort Method: quicksort  Memory: 13885kB
                           Worker 2:  Sort Method: quicksort  Memory: 13891kB
                           Worker 3:  Sort Method: quicksort  Memory: 13891kB
                           ->  Partial HashAggregate  (cost=1343684.26..1344928.43 rows=99534 width=36) (actual time=9943.784..10003.311 rows=98898 loops=5)
                                 Group Key: lineitem.l_suppkey
                                 Batches: 1  Memory Usage: 44049kB
                                 Worker 0:  Batches: 1  Memory Usage: 44049kB
                                 Worker 1:  Batches: 1  Memory Usage: 44049kB
                                 Worker 2:  Batches: 1  Memory Usage: 44049kB
                                 Worker 3:  Batches: 1  Memory Usage: 44049kB
                                 ->  Parallel Bitmap Heap Scan on lineitem  (cost=38010.09..1337757.91 rows=592635 width=16) (actual time=488.627..9417.809 rows=453143 loops=5)
                                       Recheck Cond: ((l_shipdate >= '1996-01-01'::date) AND (l_shipdate < '1996-04-01'::date))
                                       Rows Removed by Index Recheck: 2644730
                                       Heap Blocks: exact=80532 lossy=53743
                                       ->  Bitmap Index Scan on idx_lineitem_shipdate  (cost=0.00..37417.46 rows=2370539 width=0) (actual time=403.852..403.852 rows=2265714 loops=1)
                                             Index Cond: ((l_shipdate >= '1996-01-01'::date) AND (l_shipdate < '1996-04-01'::date))
         ->  Index Scan using supplier_pkey on supplier  (cost=0.29..2.45 rows=1 width=71) (actual time=0.560..0.560 rows=1 loops=1)
               Index Cond: (s_suppkey = lineitem.l_suppkey)
 Planning Time: 13.953 ms
 Execution Time: 13247.743 ms
(53 rows)

DROP VIEW
SET
SET
SET
CREATE VIEW
                                                                                       QUERY PLAN                                                                                       
----------------------------------------------------------------------------------------------------------------------------------------------------------------------------------------
 Limit  (cost=2745407.96..2745515.14 rows=1 width=103) (actual time=5935.428..5991.021 rows=1 loops=1)
   InitPlan 1 (returns $1)
     ->  Aggregate  (cost=1391216.40..1391216.41 rows=1 width=32) (actual time=2912.653..2922.502 rows=1 loops=1)
           ->  Finalize HashAggregate  (cost=1388728.05..1389972.23 rows=99534 width=36) (actual time=2871.001..2916.506 rows=100000 loops=1)
                 Group Key: lineitem_1.l_suppkey
                 Batches: 1  Memory Usage: 66577kB
                 ->  Gather  (cost=1344684.26..1385742.03 rows=398136 width=36) (actual time=2538.445..2621.196 rows=398527 loops=1)
                       Workers Planned: 4
                       Workers Launched: 3
                       ->  Partial HashAggregate  (cost=1343684.26..1344928.43 rows=99534 width=36) (actual time=2534.070..2581.940 rows=99632 loops=4)
                             Group Key: lineitem_1.l_suppkey
                             Batches: 1  Memory Usage: 44049kB
                             Worker 0:  Batches: 1  Memory Usage: 47121kB
                             Worker 1:  Batches: 1  Memory Usage: 44049kB
                             Worker 2:  Batches: 1  Memory Usage: 44049kB
                             ->  Parallel Bitmap Heap Scan on lineitem lineitem_1  (cost=38010.09..1337757.91 rows=592635 width=16) (actual time=442.007..2050.688 rows=566428 loops=4)
                                   Recheck Cond: ((l_shipdate >= '1996-01-01'::date) AND (l_shipdate < '1996-04-01'::date))
                                   Rows Removed by Index Recheck: 3305913
                                   Heap Blocks: exact=108939 lossy=72209
                                   ->  Bitmap Index Scan on idx_lineitem_shipdate  (cost=0.00..37417.46 rows=2370539 width=0) (actual time=352.041..352.042 rows=2265714 loops=1)
                                         Index Cond: ((l_shipdate >= '1996-01-01'::date) AND (l_shipdate < '1996-04-01'::date))
   ->  Nested Loop  (cost=1354191.55..1407565.32 rows=498 width=103) (actual time=5935.426..5981.169 rows=1 loops=1)
         ->  Finalize GroupAggregate  (cost=1354191.26..1406340.96 rows=498 width=36) (actual time=5935.379..5981.120 rows=1 loops=1)
               Group Key: lineitem.l_suppkey
               Filter: (sum((lineitem.l_extendedprice * ('1'::numeric - lineitem.l_discount))) = $1)
               Rows Removed by Filter: 69997
               ->  Gather Merge  (cost=1354191.26..1401861.93 rows=398136 width=36) (actual time=2819.716..2928.538 rows=345873 loops=1)
                     Workers Planned: 4
                     Workers Launched: 4
                     ->  Sort  (cost=1353191.20..1353440.03 rows=99534 width=36) (actual time=2792.157..2799.839 rows=69677 loops=5)
                           Sort Key: lineitem.l_suppkey
                           Sort Method: quicksort  Memory: 13878kB
                           Worker 0:  Sort Method: quicksort  Memory: 13905kB
                           Worker 1:  Sort Method: quicksort  Memory: 13853kB
                           Worker 2:  Sort Method: quicksort  Memory: 13948kB
                           Worker 3:  Sort Method: quicksort  Memory: 13829kB
                           ->  Partial HashAggregate  (cost=1343684.26..1344928.43 rows=99534 width=36) (actual time=2703.964..2767.154 rows=98835 loops=5)
                                 Group Key: lineitem.l_suppkey
                                 Batches: 1  Memory Usage: 44049kB
                                 Worker 0:  Batches: 1  Memory Usage: 47121kB
                                 Worker 1:  Batches: 1  Memory Usage: 44049kB
                                 Worker 2:  Batches: 1  Memory Usage: 44049kB
                                 Worker 3:  Batches: 1  Memory Usage: 44049kB
                                 ->  Parallel Bitmap Heap Scan on lineitem  (cost=38010.09..1337757.91 rows=592635 width=16) (actual time=453.211..2260.408 rows=453143 loops=5)
                                       Recheck Cond: ((l_shipdate >= '1996-01-01'::date) AND (l_shipdate < '1996-04-01'::date))
                                       Rows Removed by Index Recheck: 2644730
                                       Heap Blocks: exact=78568 lossy=52331
                                       ->  Bitmap Index Scan on idx_lineitem_shipdate  (cost=0.00..37417.46 rows=2370539 width=0) (actual time=365.565..365.566 rows=2265714 loops=1)
                                             Index Cond: ((l_shipdate >= '1996-01-01'::date) AND (l_shipdate < '1996-04-01'::date))
         ->  Index Scan using supplier_pkey on supplier  (cost=0.29..2.45 rows=1 width=71) (actual time=0.043..0.043 rows=1 loops=1)
               Index Cond: (s_suppkey = lineitem.l_suppkey)
 Planning Time: 1.165 ms
 Execution Time: 5993.365 ms
(53 rows)

DROP VIEW
query 16 run 1
SET
SET
SET
                                                                                            QUERY PLAN                                                                                            
--------------------------------------------------------------------------------------------------------------------------------------------------------------------------------------------------
 Limit  (cost=252917.06..252917.06 rows=1 width=44) (actual time=2571.273..2574.892 rows=1 loops=1)
   ->  Sort  (cost=252917.06..253303.74 rows=154671 width=44) (actual time=2571.271..2574.890 rows=1 loops=1)
         Sort Key: (count(DISTINCT partsupp.ps_suppkey)) DESC, part.p_brand, part.p_type, part.p_size
         Sort Method: top-N heapsort  Memory: 25kB
         ->  GroupAggregate  (cost=172386.47..252143.70 rows=154671 width=44) (actual time=1962.586..2567.332 rows=27838 loops=1)
               Group Key: part.p_brand, part.p_type, part.p_size
               ->  Gather Merge  (cost=172386.47..244568.49 rows=602850 width=40) (actual time=1962.536..2298.082 rows=1186319 loops=1)
                     Workers Planned: 4
                     Workers Launched: 4
                     ->  Sort  (cost=171386.41..171763.19 rows=150712 width=40) (actual time=1857.734..1877.399 rows=237264 loops=5)
                           Sort Key: part.p_brand, part.p_type, part.p_size
                           Sort Method: quicksort  Memory: 24277kB
                           Worker 0:  Sort Method: quicksort  Memory: 25739kB
                           Worker 1:  Sort Method: quicksort  Memory: 27222kB
                           Worker 2:  Sort Method: quicksort  Memory: 25881kB
                           Worker 3:  Sort Method: quicksort  Memory: 25400kB
                           ->  Parallel Hash Join  (cost=57894.13..158424.10 rows=150712 width=40) (actual time=382.004..1129.577 rows=237264 loops=5)
                                 Hash Cond: (partsupp.ps_partkey = part.p_partkey)
                                 ->  Parallel Index Only Scan using partsupp_pkey on partsupp  (cost=3471.46..101376.44 rows=999992 width=8) (actual time=52.464..604.795 rows=1599104 loops=5)
                                       Filter: (NOT (hashed SubPlan 1))
                                       Rows Removed by Filter: 896
                                       Heap Fetches: 0
                                       SubPlan 1
                                         ->  Seq Scan on supplier  (cost=0.00..3471.00 rows=10 width=4) (actual time=0.657..51.546 rows=56 loops=5)
                                               Filter: ((s_comment)::text ~~ '%Customer%Complaints%'::text)
                                               Rows Removed by Filter: 99944
                                 ->  Parallel Hash  (cost=53480.73..53480.73 rows=75355 width=40) (actual time=328.839..328.840 rows=59347 loops=5)
                                       Buckets: 524288  Batches: 1  Memory Usage: 26400kB
                                       ->  Parallel Seq Scan on part  (cost=0.00..53480.73 rows=75355 width=40) (actual time=0.389..303.584 rows=59347 loops=5)
                                             Filter: ((p_brand <> 'Brand#12'::bpchar) AND ((p_type)::text !~~ 'SMALL BRUSHED%'::text) AND (p_size = ANY ('{12,32,36,26,40,34,49,9}'::integer[])))
                                             Rows Removed by Filter: 340653
 Planning Time: 17.100 ms
 Execution Time: 2575.272 ms
(33 rows)

SET
SET
SET
                                                                                            QUERY PLAN                                                                                            
--------------------------------------------------------------------------------------------------------------------------------------------------------------------------------------------------
 Limit  (cost=252917.06..252917.06 rows=1 width=44) (actual time=2256.646..2263.902 rows=1 loops=1)
   ->  Sort  (cost=252917.06..253303.74 rows=154671 width=44) (actual time=2256.645..2263.900 rows=1 loops=1)
         Sort Key: (count(DISTINCT partsupp.ps_suppkey)) DESC, part.p_brand, part.p_type, part.p_size
         Sort Method: top-N heapsort  Memory: 25kB
         ->  GroupAggregate  (cost=172386.47..252143.70 rows=154671 width=44) (actual time=1650.284..2256.370 rows=27838 loops=1)
               Group Key: part.p_brand, part.p_type, part.p_size
               ->  Gather Merge  (cost=172386.47..244568.49 rows=602850 width=40) (actual time=1650.234..1989.063 rows=1186319 loops=1)
                     Workers Planned: 4
                     Workers Launched: 4
                     ->  Sort  (cost=171386.41..171763.19 rows=150712 width=40) (actual time=1520.204..1539.940 rows=237264 loops=5)
                           Sort Key: part.p_brand, part.p_type, part.p_size
                           Sort Method: quicksort  Memory: 25463kB
                           Worker 0:  Sort Method: quicksort  Memory: 25944kB
                           Worker 1:  Sort Method: quicksort  Memory: 23250kB
                           Worker 2:  Sort Method: quicksort  Memory: 24813kB
                           Worker 3:  Sort Method: quicksort  Memory: 30158kB
                           ->  Parallel Hash Join  (cost=57894.13..158424.10 rows=150712 width=40) (actual time=187.857..805.918 rows=237264 loops=5)
                                 Hash Cond: (partsupp.ps_partkey = part.p_partkey)
                                 ->  Parallel Index Only Scan using partsupp_pkey on partsupp  (cost=3471.46..101376.44 rows=999992 width=8) (actual time=26.646..443.152 rows=1599104 loops=5)
                                       Filter: (NOT (hashed SubPlan 1))
                                       Rows Removed by Filter: 896
                                       Heap Fetches: 0
                                       SubPlan 1
                                         ->  Seq Scan on supplier  (cost=0.00..3471.00 rows=10 width=4) (actual time=0.084..26.436 rows=56 loops=5)
                                               Filter: ((s_comment)::text ~~ '%Customer%Complaints%'::text)
                                               Rows Removed by Filter: 99944
                                 ->  Parallel Hash  (cost=53480.73..53480.73 rows=75355 width=40) (actual time=160.548..160.549 rows=59347 loops=5)
                                       Buckets: 524288  Batches: 1  Memory Usage: 26368kB
                                       ->  Parallel Seq Scan on part  (cost=0.00..53480.73 rows=75355 width=40) (actual time=0.014..129.415 rows=59347 loops=5)
                                             Filter: ((p_brand <> 'Brand#12'::bpchar) AND ((p_type)::text !~~ 'SMALL BRUSHED%'::text) AND (p_size = ANY ('{12,32,36,26,40,34,49,9}'::integer[])))
                                             Rows Removed by Filter: 340653
 Planning Time: 0.854 ms
 Execution Time: 2264.012 ms
(33 rows)

query 17 run 1
SET
SET
SET
                                                                                      QUERY PLAN                                                                                       
---------------------------------------------------------------------------------------------------------------------------------------------------------------------------------------
 Limit  (cost=3411753.55..3411753.56 rows=1 width=32) (actual time=25683.673..25762.530 rows=1 loops=1)
   ->  Aggregate  (cost=3411753.55..3411753.56 rows=1 width=32) (actual time=25683.672..25762.528 rows=1 loops=1)
         ->  Merge Join  (cost=2277708.50..3411706.34 rows=18883 width=8) (actual time=18900.100..25761.629 rows=5319 loops=1)
               Merge Cond: (lineitem_1.l_partkey = part.p_partkey)
               Join Filter: (lineitem.l_quantity < ((0.2 * avg(lineitem_1.l_quantity))))
               Rows Removed by Join Filter: 54632
               ->  Finalize GroupAggregate  (cost=2276707.58..3288039.46 rows=1930249 width=36) (actual time=18868.647..25523.363 rows=1999333 loops=1)
                     Group Key: lineitem_1.l_partkey
                     ->  Gather Merge  (cost=2276707.58..3201178.26 rows=7720996 width=36) (actual time=18868.629..20950.081 rows=9972568 loops=1)
                           Workers Planned: 4
                           Workers Launched: 4
                           ->  Sort  (cost=2275707.52..2280533.14 rows=1930249 width=36) (actual time=18386.330..18699.314 rows=1994986 loops=5)
                                 Sort Key: lineitem_1.l_partkey
                                 Sort Method: external merge  Disk: 150360kB
                                 Worker 0:  Sort Method: external merge  Disk: 150328kB
                                 Worker 1:  Sort Method: external merge  Disk: 150328kB
                                 Worker 2:  Sort Method: external merge  Disk: 150320kB
                                 Worker 3:  Sort Method: external merge  Disk: 150312kB
                                 ->  Partial HashAggregate  (cost=1869678.86..2040253.84 rows=1930249 width=36) (actual time=10033.084..17520.121 rows=1995179 loops=5)
                                       Group Key: lineitem_1.l_partkey
                                       Planned Partitions: 16  Batches: 17  Memory Usage: 65681kB  Disk Usage: 408064kB
                                       Worker 0:  Batches: 17  Memory Usage: 65681kB  Disk Usage: 407712kB
                                       Worker 1:  Batches: 17  Memory Usage: 65681kB  Disk Usage: 407720kB
                                       Worker 2:  Batches: 17  Memory Usage: 65681kB  Disk Usage: 407592kB
                                       Worker 3:  Batches: 17  Memory Usage: 65681kB  Disk Usage: 405568kB
                                       ->  Parallel Seq Scan on lineitem lineitem_1  (cost=0.00..1275104.59 rows=14996159 width=9) (actual time=0.276..3830.414 rows=11997210 loops=5)
               ->  Materialize  (cost=1000.93..98683.90 rows=58696 width=21) (actual time=29.094..79.830 rows=59951 loops=1)
                     ->  Gather Merge  (cost=1000.93..98537.16 rows=58696 width=21) (actual time=29.089..72.956 rows=59951 loops=1)
                           Workers Planned: 4
                           Workers Launched: 3
                           ->  Nested Loop  (cost=0.87..90545.84 rows=14674 width=21) (actual time=1.374..503.436 rows=14988 loops=4)
                                 ->  Parallel Index Scan using part_pkey on part  (cost=0.43..66712.05 rows=489 width=4) (actual time=0.818..196.004 rows=499 loops=4)
                                       Filter: ((p_brand = 'Brand#22'::bpchar) AND (p_container = 'LG BOX'::bpchar))
                                       Rows Removed by Filter: 499501
                                 ->  Index Scan using idx_lineitem_part_supp on lineitem  (cost=0.44..48.43 rows=31 width=17) (actual time=0.369..0.607 rows=30 loops=1996)
                                       Index Cond: (l_partkey = part.p_partkey)
 Planning Time: 15.890 ms
 Execution Time: 25834.316 ms
(38 rows)

SET
SET
SET
                                                                                      QUERY PLAN                                                                                       
---------------------------------------------------------------------------------------------------------------------------------------------------------------------------------------
 Limit  (cost=3411753.55..3411753.56 rows=1 width=32) (actual time=23946.802..24031.954 rows=1 loops=1)
   ->  Aggregate  (cost=3411753.55..3411753.56 rows=1 width=32) (actual time=23946.801..24031.952 rows=1 loops=1)
         ->  Merge Join  (cost=2277708.50..3411706.34 rows=18883 width=8) (actual time=17270.103..24031.212 rows=5319 loops=1)
               Merge Cond: (lineitem_1.l_partkey = part.p_partkey)
               Join Filter: (lineitem.l_quantity < ((0.2 * avg(lineitem_1.l_quantity))))
               Rows Removed by Join Filter: 54632
               ->  Finalize GroupAggregate  (cost=2276707.58..3288039.46 rows=1930249 width=36) (actual time=17260.751..23844.920 rows=1999333 loops=1)
                     Group Key: lineitem_1.l_partkey
                     ->  Gather Merge  (cost=2276707.58..3201178.26 rows=7720996 width=36) (actual time=17260.732..19311.832 rows=9972171 loops=1)
                           Workers Planned: 4
                           Workers Launched: 4
                           ->  Sort  (cost=2275707.52..2280533.14 rows=1930249 width=36) (actual time=17020.053..17331.342 rows=1994905 loops=5)
                                 Sort Key: lineitem_1.l_partkey
                                 Sort Method: external merge  Disk: 150336kB
                                 Worker 0:  Sort Method: external merge  Disk: 150288kB
                                 Worker 1:  Sort Method: external merge  Disk: 150344kB
                                 Worker 2:  Sort Method: external merge  Disk: 150288kB
                                 Worker 3:  Sort Method: external merge  Disk: 150368kB
                                 ->  Partial HashAggregate  (cost=1869678.86..2040253.84 rows=1930249 width=36) (actual time=8651.696..16105.873 rows=1995099 loops=5)
                                       Group Key: lineitem_1.l_partkey
                                       Planned Partitions: 16  Batches: 17  Memory Usage: 65681kB  Disk Usage: 407808kB
                                       Worker 0:  Batches: 17  Memory Usage: 65681kB  Disk Usage: 393232kB
                                       Worker 1:  Batches: 17  Memory Usage: 65681kB  Disk Usage: 407904kB
                                       Worker 2:  Batches: 17  Memory Usage: 65681kB  Disk Usage: 392208kB
                                       Worker 3:  Batches: 17  Memory Usage: 65681kB  Disk Usage: 408600kB
                                       ->  Parallel Seq Scan on lineitem lineitem_1  (cost=0.00..1275104.59 rows=14996159 width=9) (actual time=0.058..1595.740 rows=11997210 loops=5)
               ->  Materialize  (cost=1000.93..98683.90 rows=58696 width=21) (actual time=6.746..28.343 rows=59951 loops=1)
                     ->  Gather Merge  (cost=1000.93..98537.16 rows=58696 width=21) (actual time=6.740..21.660 rows=59951 loops=1)
                           Workers Planned: 4
                           Workers Launched: 3
                           ->  Nested Loop  (cost=0.87..90545.84 rows=14674 width=21) (actual time=0.236..124.334 rows=14988 loops=4)
                                 ->  Parallel Index Scan using part_pkey on part  (cost=0.43..66712.05 rows=489 width=4) (actual time=0.217..105.652 rows=499 loops=4)
                                       Filter: ((p_brand = 'Brand#22'::bpchar) AND (p_container = 'LG BOX'::bpchar))
                                       Rows Removed by Filter: 499501
                                 ->  Index Scan using idx_lineitem_part_supp on lineitem  (cost=0.44..48.43 rows=31 width=17) (actual time=0.005..0.033 rows=30 loops=1996)
                                       Index Cond: (l_partkey = part.p_partkey)
 Planning Time: 0.992 ms
 Execution Time: 24098.769 ms
(38 rows)

query 18 run 1
SET
SET
SET
                                                                                                 QUERY PLAN                                                                                                  
-------------------------------------------------------------------------------------------------------------------------------------------------------------------------------------------------------------
 Limit  (cost=8774783.96..8774784.21 rows=100 width=71) (actual time=41988.296..41988.310 rows=99 loops=1)
   ->  Sort  (cost=8774783.96..8824752.33 rows=19987351 width=71) (actual time=41988.295..41988.302 rows=99 loops=1)
         Sort Key: orders.o_totalprice DESC, orders.o_orderdate
         Sort Method: quicksort  Memory: 32kB
         ->  HashAggregate  (cost=7409699.73..8010881.77 rows=19987351 width=71) (actual time=41987.426..41988.202 rows=99 loops=1)
               Group Key: customer.c_custkey, orders.o_orderkey
               Planned Partitions: 128  Batches: 1  Memory Usage: 6225kB
               ->  Hash Join  (cost=78736.56..6333037.35 rows=19987351 width=44) (actual time=3067.727..41986.934 rows=693 loops=1)
                     Hash Cond: (orders.o_custkey = customer.c_custkey)
                     ->  Merge Join  (cost=249.78..5920027.63 rows=19987351 width=25) (actual time=997.333..41221.633 rows=693 loops=1)
                           Merge Cond: (orders.o_orderkey = lineitem.l_orderkey)
                           ->  Merge Join  (cost=1.00..3390283.44 rows=4998720 width=24) (actual time=762.349..29946.840 rows=99 loops=1)
                                 Merge Cond: (orders.o_orderkey = lineitem_1.l_orderkey)
                                 ->  Index Scan using orders_pkey on orders  (cost=0.43..547992.56 rows=15001808 width=20) (actual time=0.549..2974.621 rows=14982724 loops=1)
                                 ->  GroupAggregate  (cost=0.56..2692315.17 rows=4998720 width=4) (actual time=654.725..26070.112 rows=99 loops=1)
                                       Group Key: lineitem_1.l_orderkey
                                       Filter: (sum(lineitem_1.l_quantity) > '313'::numeric)
                                       Rows Removed by Filter: 14999901
                                       ->  Index Scan using idx_lineitem_orderkey on lineitem lineitem_1  (cost=0.56..2167449.60 rows=59984636 width=9) (actual time=0.455..12410.029 rows=59986052 loops=1)
                           ->  Index Scan using idx_lineitem_orderkey on lineitem  (cost=0.56..2167449.60 rows=59984636 width=9) (actual time=0.014..7740.970 rows=59916431 loops=1)
                     ->  Hash  (cost=50946.90..50946.90 rows=1499990 width=23) (actual time=684.800..684.800 rows=1500000 loops=1)
                           Buckets: 1048576  Batches: 2  Memory Usage: 49242kB
                           ->  Seq Scan on customer  (cost=0.00..50946.90 rows=1499990 width=23) (actual time=0.790..415.082 rows=1500000 loops=1)
 Planning Time: 19.932 ms
 Execution Time: 41990.109 ms
(25 rows)

SET
SET
SET
                                                                                                 QUERY PLAN                                                                                                  
-------------------------------------------------------------------------------------------------------------------------------------------------------------------------------------------------------------
 Limit  (cost=8774783.96..8774784.21 rows=100 width=71) (actual time=38728.156..38728.169 rows=99 loops=1)
   ->  Sort  (cost=8774783.96..8824752.33 rows=19987351 width=71) (actual time=38728.154..38728.162 rows=99 loops=1)
         Sort Key: orders.o_totalprice DESC, orders.o_orderdate
         Sort Method: quicksort  Memory: 32kB
         ->  HashAggregate  (cost=7409699.73..8010881.77 rows=19987351 width=71) (actual time=38727.288..38728.060 rows=99 loops=1)
               Group Key: customer.c_custkey, orders.o_orderkey
               Planned Partitions: 128  Batches: 1  Memory Usage: 6225kB
               ->  Hash Join  (cost=78736.56..6333037.35 rows=19987351 width=44) (actual time=2635.590..38726.821 rows=693 loops=1)
                     Hash Cond: (orders.o_custkey = customer.c_custkey)
                     ->  Merge Join  (cost=249.78..5920027.63 rows=19987351 width=25) (actual time=867.000..38095.055 rows=693 loops=1)
                           Merge Cond: (orders.o_orderkey = lineitem.l_orderkey)
                           ->  Merge Join  (cost=1.00..3390283.44 rows=4998720 width=24) (actual time=630.324..26833.321 rows=99 loops=1)
                                 Merge Cond: (orders.o_orderkey = lineitem_1.l_orderkey)
                                 ->  Index Scan using orders_pkey on orders  (cost=0.43..547992.56 rows=15001808 width=20) (actual time=0.028..2377.941 rows=14982724 loops=1)
                                 ->  GroupAggregate  (cost=0.56..2692315.17 rows=4998720 width=4) (actual time=551.080..23583.252 rows=99 loops=1)
                                       Group Key: lineitem_1.l_orderkey
                                       Filter: (sum(lineitem_1.l_quantity) > '313'::numeric)
                                       Rows Removed by Filter: 14999901
                                       ->  Index Scan using idx_lineitem_orderkey on lineitem lineitem_1  (cost=0.56..2167449.60 rows=59984636 width=9) (actual time=0.017..10085.057 rows=59986052 loops=1)
                           ->  Index Scan using idx_lineitem_orderkey on lineitem  (cost=0.56..2167449.60 rows=59984636 width=9) (actual time=0.013..7740.542 rows=59916431 loops=1)
                     ->  Hash  (cost=50946.90..50946.90 rows=1499990 width=23) (actual time=551.365..551.365 rows=1500000 loops=1)
                           Buckets: 1048576  Batches: 2  Memory Usage: 49242kB
                           ->  Seq Scan on customer  (cost=0.00..50946.90 rows=1499990 width=23) (actual time=0.031..286.904 rows=1500000 loops=1)
 Planning Time: 1.939 ms
 Execution Time: 38729.386 ms
(25 rows)

query 19 run 1
SET
SET
SET
                                                                                                                                                                                                                                                                                                                                                                                                                                                                                                                  QUERY PLAN                                                                                                                                                                                                                                                                                                                                                                                                                                                                                                                  
----------------------------------------------------------------------------------------------------------------------------------------------------------------------------------------------------------------------------------------------------------------------------------------------------------------------------------------------------------------------------------------------------------------------------------------------------------------------------------------------------------------------------------------------------------------------------------------------------------------------------------------------------------------------------------------------------------------------------------------------------------------------------------------------------------------------------------------------------------------------------------------------------------------------------------------------------------------------------------------------------------------------------------------------
 Limit  (cost=123871.86..123871.87 rows=1 width=32) (actual time=4941.768..4954.338 rows=1 loops=1)
   ->  Finalize Aggregate  (cost=123871.86..123871.87 rows=1 width=32) (actual time=4941.766..4954.336 rows=1 loops=1)
         ->  Gather  (cost=123871.43..123871.84 rows=4 width=32) (actual time=4931.472..4954.312 rows=5 loops=1)
               Workers Planned: 4
               Workers Launched: 4
               ->  Partial Aggregate  (cost=122871.43..122871.44 rows=1 width=32) (actual time=4926.881..4926.883 rows=1 loops=5)
                     ->  Nested Loop  (cost=0.44..122869.32 rows=280 width=12) (actual time=45.266..4926.259 rows=213 loops=5)
                           ->  Parallel Seq Scan on part  (cost=0.00..62230.54 rows=1203 width=30) (actual time=0.729..181.807 rows=956 loops=5)
                                 Filter: ((p_size >= 1) AND (((p_brand = 'Brand#24'::bpchar) AND (p_container = ANY ('{"SM CASE","SM BOX","SM PACK","SM PKG"}'::bpchar[])) AND (p_size <= 5)) OR ((p_brand = 'Brand#43'::bpchar) AND (p_container = ANY ('{"MED BAG","MED BOX","MED PKG","MED PACK"}'::bpchar[])) AND (p_size <= 10)) OR ((p_brand = 'Brand#44'::bpchar) AND (p_container = ANY ('{"LG CASE","LG BOX","LG PACK","LG PKG"}'::bpchar[])) AND (p_size <= 15))))
                                 Rows Removed by Filter: 399044
                           ->  Index Scan using idx_lineitem_part_supp on lineitem  (cost=0.44..50.40 rows=1 width=21) (actual time=4.477..4.960 rows=0 loops=4781)
                                 Index Cond: (l_partkey = part.p_partkey)
                                 Filter: ((l_shipmode = ANY ('{AIR,"AIR REG"}'::bpchar[])) AND (l_shipinstruct = 'DELIVER IN PERSON'::bpchar) AND (((l_quantity >= '10'::numeric) AND (l_quantity <= '20'::numeric)) OR ((l_quantity >= '10'::numeric) AND (l_quantity <= '20'::numeric)) OR ((l_quantity >= '20'::numeric) AND (l_quantity <= '30'::numeric))) AND (((part.p_brand = 'Brand#24'::bpchar) AND (part.p_container = ANY ('{"SM CASE","SM BOX","SM PACK","SM PKG"}'::bpchar[])) AND (l_quantity >= '10'::numeric) AND (l_quantity <= '20'::numeric) AND (part.p_size <= 5)) OR ((part.p_brand = 'Brand#43'::bpchar) AND (part.p_container = ANY ('{"MED BAG","MED BOX","MED PKG","MED PACK"}'::bpchar[])) AND (l_quantity >= '10'::numeric) AND (l_quantity <= '20'::numeric) AND (part.p_size <= 10)) OR ((part.p_brand = 'Brand#44'::bpchar) AND (part.p_container = ANY ('{"LG CASE","LG BOX","LG PACK","LG PKG"}'::bpchar[])) AND (l_quantity >= '20'::numeric) AND (l_quantity <= '30'::numeric) AND (part.p_size <= 15))))
                                 Rows Removed by Filter: 30
 Planning Time: 18.485 ms
 Execution Time: 4955.172 ms
(16 rows)

SET
SET
SET
                                                                                                                                                                                                                                                                                                                                                                                                                                                                                                                  QUERY PLAN                                                                                                                                                                                                                                                                                                                                                                                                                                                                                                                  
----------------------------------------------------------------------------------------------------------------------------------------------------------------------------------------------------------------------------------------------------------------------------------------------------------------------------------------------------------------------------------------------------------------------------------------------------------------------------------------------------------------------------------------------------------------------------------------------------------------------------------------------------------------------------------------------------------------------------------------------------------------------------------------------------------------------------------------------------------------------------------------------------------------------------------------------------------------------------------------------------------------------------------------------
 Limit  (cost=123871.86..123871.87 rows=1 width=32) (actual time=219.956..242.969 rows=1 loops=1)
   ->  Finalize Aggregate  (cost=123871.86..123871.87 rows=1 width=32) (actual time=219.955..242.967 rows=1 loops=1)
         ->  Gather  (cost=123871.43..123871.84 rows=4 width=32) (actual time=216.410..242.950 rows=5 loops=1)
               Workers Planned: 4
               Workers Launched: 4
               ->  Partial Aggregate  (cost=122871.43..122871.44 rows=1 width=32) (actual time=209.649..209.650 rows=1 loops=5)
                     ->  Nested Loop  (cost=0.44..122869.32 rows=280 width=12) (actual time=0.801..208.643 rows=213 loops=5)
                           ->  Parallel Seq Scan on part  (cost=0.00..62230.54 rows=1203 width=30) (actual time=0.101..131.682 rows=956 loops=5)
                                 Filter: ((p_size >= 1) AND (((p_brand = 'Brand#24'::bpchar) AND (p_container = ANY ('{"SM CASE","SM BOX","SM PACK","SM PKG"}'::bpchar[])) AND (p_size <= 5)) OR ((p_brand = 'Brand#43'::bpchar) AND (p_container = ANY ('{"MED BAG","MED BOX","MED PKG","MED PACK"}'::bpchar[])) AND (p_size <= 10)) OR ((p_brand = 'Brand#44'::bpchar) AND (p_container = ANY ('{"LG CASE","LG BOX","LG PACK","LG PKG"}'::bpchar[])) AND (p_size <= 15))))
                                 Rows Removed by Filter: 399044
                           ->  Index Scan using idx_lineitem_part_supp on lineitem  (cost=0.44..50.40 rows=1 width=21) (actual time=0.073..0.080 rows=0 loops=4781)
                                 Index Cond: (l_partkey = part.p_partkey)
                                 Filter: ((l_shipmode = ANY ('{AIR,"AIR REG"}'::bpchar[])) AND (l_shipinstruct = 'DELIVER IN PERSON'::bpchar) AND (((l_quantity >= '10'::numeric) AND (l_quantity <= '20'::numeric)) OR ((l_quantity >= '10'::numeric) AND (l_quantity <= '20'::numeric)) OR ((l_quantity >= '20'::numeric) AND (l_quantity <= '30'::numeric))) AND (((part.p_brand = 'Brand#24'::bpchar) AND (part.p_container = ANY ('{"SM CASE","SM BOX","SM PACK","SM PKG"}'::bpchar[])) AND (l_quantity >= '10'::numeric) AND (l_quantity <= '20'::numeric) AND (part.p_size <= 5)) OR ((part.p_brand = 'Brand#43'::bpchar) AND (part.p_container = ANY ('{"MED BAG","MED BOX","MED PKG","MED PACK"}'::bpchar[])) AND (l_quantity >= '10'::numeric) AND (l_quantity <= '20'::numeric) AND (part.p_size <= 10)) OR ((part.p_brand = 'Brand#44'::bpchar) AND (part.p_container = ANY ('{"LG CASE","LG BOX","LG PACK","LG PKG"}'::bpchar[])) AND (l_quantity >= '20'::numeric) AND (l_quantity <= '30'::numeric) AND (part.p_size <= 15))))
                                 Rows Removed by Filter: 30
 Planning Time: 1.113 ms
 Execution Time: 243.034 ms
(16 rows)

query 20 run 1
SET
SET
SET
                                                                                    QUERY PLAN                                                                                     
-----------------------------------------------------------------------------------------------------------------------------------------------------------------------------------
 Limit  (cost=2455096.78..2701405.86 rows=1 width=51) (actual time=28629.641..28631.037 rows=1 loops=1)
   ->  Nested Loop Semi Join  (cost=2455096.78..2701405.86 rows=1 width=51) (actual time=28629.640..28631.034 rows=1 loops=1)
         Join Filter: (supplier.s_suppkey = lineitem.l_suppkey)
         Rows Removed by Join Filter: 13802
         ->  Gather Merge  (cost=4122.93..4578.81 rows=4000 width=55) (actual time=25.887..27.213 rows=1 loops=1)
               Workers Planned: 1
               Workers Launched: 1
               ->  Sort  (cost=3122.92..3128.80 rows=2353 width=55) (actual time=20.432..20.449 rows=395 loops=2)
                     Sort Key: supplier.s_name
                     Sort Method: quicksort  Memory: 329kB
                     Worker 0:  Sort Method: quicksort  Memory: 214kB
                     ->  Hash Join  (cost=1.32..2991.15 rows=2353 width=55) (actual time=0.327..18.955 rows=2048 loops=2)
                           Hash Cond: (supplier.s_nationkey = nation.n_nationkey)
                           ->  Parallel Seq Scan on supplier  (cost=0.00..2809.24 rows=58824 width=59) (actual time=0.157..13.900 rows=50000 loops=2)
                           ->  Hash  (cost=1.31..1.31 rows=1 width=4) (actual time=0.092..0.092 rows=1 loops=2)
                                 Buckets: 1024  Batches: 1  Memory Usage: 9kB
                                 ->  Seq Scan on nation  (cost=0.00..1.31 rows=1 width=4) (actual time=0.086..0.088 rows=1 loops=2)
                                       Filter: (n_name = 'IRAQ'::bpchar)
                                       Rows Removed by Filter: 24
         ->  Materialize  (cost=2450973.85..2696647.05 rows=3 width=8) (actual time=26935.710..28602.568 rows=13803 loops=1)
               ->  Hash Join  (cost=2450973.85..2696647.04 rows=3 width=8) (actual time=26935.706..28598.656 rows=13803 loops=1)
                     Hash Cond: ((lineitem.l_partkey = partsupp.ps_partkey) AND (lineitem.l_suppkey = partsupp.ps_suppkey))
                     Join Filter: ((partsupp.ps_availqty)::numeric > ((0.5 * sum(lineitem.l_quantity))))
                     Rows Removed by Join Filter: 27
                     ->  HashAggregate  (cost=2374648.11..2535726.02 rows=4834009 width=40) (actual time=25511.528..26979.659 rows=1277698 loops=1)
                           Group Key: lineitem.l_partkey, lineitem.l_suppkey
                           Planned Partitions: 32  Batches: 61  Memory Usage: 65809kB  Disk Usage: 358200kB
                           ->  Bitmap Heap Scan on lineitem  (cost=145416.30..1992389.60 rows=9069340 width=13) (actual time=1271.570..20291.098 rows=9123688 loops=1)
                                 Recheck Cond: ((l_shipdate >= '1996-01-01'::date) AND (l_shipdate < '1997-01-01'::date))
                                 Rows Removed by Index Recheck: 23164080
                                 Heap Blocks: exact=518099 lossy=530696
                                 ->  Bitmap Index Scan on idx_lineitem_shipdate  (cost=0.00..143148.97 rows=9069340 width=0) (actual time=1151.313..1151.313 rows=9123688 loops=1)
                                       Index Cond: ((l_shipdate >= '1996-01-01'::date) AND (l_shipdate < '1997-01-01'::date))
                     ->  Hash  (cost=75113.60..75113.60 rows=80809 width=16) (actual time=1423.881..1423.948 rows=86872 loops=1)
                           Buckets: 131072  Batches: 1  Memory Usage: 5097kB
                           ->  Gather  (cost=1000.43..75113.60 rows=80809 width=16) (actual time=2.226..1403.398 rows=86872 loops=1)
                                 Workers Planned: 4
                                 Workers Launched: 4
                                 ->  Nested Loop  (cost=0.43..66032.70 rows=20202 width=16) (actual time=1.946..1407.519 rows=17374 loops=5)
                                       ->  Parallel Seq Scan on part  (cost=0.00..47230.87 rows=5050 width=4) (actual time=1.133..158.899 rows=4344 loops=5)
                                             Filter: ((p_name)::text ~~ 'olive%'::text)
                                             Rows Removed by Filter: 395656
                                       ->  Index Scan using idx_partsupp_partkey on partsupp  (cost=0.43..3.55 rows=17 width=12) (actual time=0.268..0.286 rows=4 loops=21718)
                                             Index Cond: (ps_partkey = part.p_partkey)
 Planning Time: 21.545 ms
 Execution Time: 28679.659 ms
(46 rows)

SET
SET
SET
                                                                                    QUERY PLAN                                                                                     
-----------------------------------------------------------------------------------------------------------------------------------------------------------------------------------
 Limit  (cost=2455096.78..2701405.86 rows=1 width=51) (actual time=15059.620..15061.116 rows=1 loops=1)
   ->  Nested Loop Semi Join  (cost=2455096.78..2701405.86 rows=1 width=51) (actual time=15059.619..15061.114 rows=1 loops=1)
         Join Filter: (supplier.s_suppkey = lineitem.l_suppkey)
         Rows Removed by Join Filter: 13802
         ->  Gather Merge  (cost=4122.93..4578.81 rows=4000 width=55) (actual time=17.945..19.364 rows=1 loops=1)
               Workers Planned: 1
               Workers Launched: 1
               ->  Sort  (cost=3122.92..3128.80 rows=2353 width=55) (actual time=15.764..15.781 rows=392 loops=2)
                     Sort Key: supplier.s_name
                     Sort Method: quicksort  Memory: 327kB
                     Worker 0:  Sort Method: quicksort  Memory: 216kB
                     ->  Hash Join  (cost=1.32..2991.15 rows=2353 width=55) (actual time=0.126..14.305 rows=2048 loops=2)
                           Hash Cond: (supplier.s_nationkey = nation.n_nationkey)
                           ->  Parallel Seq Scan on supplier  (cost=0.00..2809.24 rows=58824 width=59) (actual time=0.025..9.338 rows=50000 loops=2)
                           ->  Hash  (cost=1.31..1.31 rows=1 width=4) (actual time=0.023..0.024 rows=1 loops=2)
                                 Buckets: 1024  Batches: 1  Memory Usage: 9kB
                                 ->  Seq Scan on nation  (cost=0.00..1.31 rows=1 width=4) (actual time=0.017..0.019 rows=1 loops=2)
                                       Filter: (n_name = 'IRAQ'::bpchar)
                                       Rows Removed by Filter: 24
         ->  Materialize  (cost=2450973.85..2696647.05 rows=3 width=8) (actual time=13370.132..15040.484 rows=13803 loops=1)
               ->  Hash Join  (cost=2450973.85..2696647.04 rows=3 width=8) (actual time=13370.128..15036.618 rows=13803 loops=1)
                     Hash Cond: ((lineitem.l_partkey = partsupp.ps_partkey) AND (lineitem.l_suppkey = partsupp.ps_suppkey))
                     Join Filter: ((partsupp.ps_availqty)::numeric > ((0.5 * sum(lineitem.l_quantity))))
                     Rows Removed by Join Filter: 27
                     ->  HashAggregate  (cost=2374648.11..2535726.02 rows=4834009 width=40) (actual time=13171.717..14642.487 rows=1277698 loops=1)
                           Group Key: lineitem.l_partkey, lineitem.l_suppkey
                           Planned Partitions: 32  Batches: 61  Memory Usage: 65809kB  Disk Usage: 358200kB
                           ->  Bitmap Heap Scan on lineitem  (cost=145416.30..1992389.60 rows=9069340 width=13) (actual time=1120.812..9077.873 rows=9123688 loops=1)
                                 Recheck Cond: ((l_shipdate >= '1996-01-01'::date) AND (l_shipdate < '1997-01-01'::date))
                                 Rows Removed by Index Recheck: 23164080
                                 Heap Blocks: exact=518099 lossy=530696
                                 ->  Bitmap Index Scan on idx_lineitem_shipdate  (cost=0.00..143148.97 rows=9069340 width=0) (actual time=1001.055..1001.055 rows=9123688 loops=1)
                                       Index Cond: ((l_shipdate >= '1996-01-01'::date) AND (l_shipdate < '1997-01-01'::date))
                     ->  Hash  (cost=75113.60..75113.60 rows=80809 width=16) (actual time=198.108..198.182 rows=86872 loops=1)
                           Buckets: 131072  Batches: 1  Memory Usage: 5097kB
                           ->  Gather  (cost=1000.43..75113.60 rows=80809 width=16) (actual time=0.346..176.099 rows=86872 loops=1)
                                 Workers Planned: 4
                                 Workers Launched: 4
                                 ->  Nested Loop  (cost=0.43..66032.70 rows=20202 width=16) (actual time=0.102..180.249 rows=17374 loops=5)
                                       ->  Parallel Seq Scan on part  (cost=0.00..47230.87 rows=5050 width=4) (actual time=0.048..105.690 rows=4344 loops=5)
                                             Filter: ((p_name)::text ~~ 'olive%'::text)
                                             Rows Removed by Filter: 395656
                                       ->  Index Scan using idx_partsupp_partkey on partsupp  (cost=0.43..3.55 rows=17 width=12) (actual time=0.015..0.016 rows=4 loops=21718)
                                             Index Cond: (ps_partkey = part.p_partkey)
 Planning Time: 2.410 ms
 Execution Time: 15105.532 ms
(46 rows)

query 21 run 1
SET
SET
SET
                                                                                           QUERY PLAN                                                                                           
------------------------------------------------------------------------------------------------------------------------------------------------------------------------------------------------
 Limit  (cost=1970070.31..1970070.32 rows=1 width=34) (actual time=11208.089..11220.310 rows=100 loops=1)
   ->  Sort  (cost=1970070.31..1970070.32 rows=1 width=34) (actual time=11208.087..11220.302 rows=100 loops=1)
         Sort Key: (count(*)) DESC, supplier.s_name
         Sort Method: top-N heapsort  Memory: 38kB
         ->  GroupAggregate  (cost=1970067.08..1970070.30 rows=1 width=34) (actual time=10665.385..11217.721 rows=3991 loops=1)
               Group Key: supplier.s_name
               ->  Nested Loop Semi Join  (cost=1970067.08..1970070.29 rows=1 width=26) (actual time=10665.226..11206.059 rows=39281 loops=1)
                     Join Filter: (l2.l_suppkey <> l1.l_suppkey)
                     Rows Removed by Join Filter: 42025
                     ->  Gather Merge  (cost=1970066.52..1970066.64 rows=1 width=38) (actual time=10665.145..10712.382 rows=65960 loops=1)
                           Workers Planned: 4
                           Workers Launched: 4
                           ->  Sort  (cost=1969066.46..1969066.47 rows=1 width=38) (actual time=10639.768..10641.606 rows=13192 loops=5)
                                 Sort Key: supplier.s_name
                                 Sort Method: quicksort  Memory: 1419kB
                                 Worker 0:  Sort Method: quicksort  Memory: 1383kB
                                 Worker 1:  Sort Method: quicksort  Memory: 1417kB
                                 Worker 2:  Sort Method: quicksort  Memory: 1421kB
                                 Worker 3:  Sort Method: quicksort  Memory: 1437kB
                                 ->  Nested Loop Anti Join  (cost=1338036.88..1969066.45 rows=1 width=38) (actual time=7037.367..10564.585 rows=13192 loops=5)
                                       ->  Parallel Hash Join  (cost=1338036.31..1653347.08 rows=98328 width=38) (actual time=7035.689..8746.063 rows=146197 loops=5)
                                             Hash Cond: (orders.o_orderkey = l1.l_orderkey)
                                             ->  Parallel Seq Scan on orders  (cost=0.00..308148.65 rows=1844347 width=4) (actual time=0.539..1178.207 rows=1461837 loops=5)
                                                   Filter: (o_orderstatus = 'F'::bpchar)
                                                   Rows Removed by Filter: 1538163
                                             ->  Parallel Hash  (cost=1335536.95..1335536.95 rows=199949 width=34) (actual time=7033.859..7034.169 rows=302853 loops=5)
                                                   Buckets: 2097152 (originally 1048576)  Batches: 1 (originally 1)  Memory Usage: 131392kB
                                                   ->  Parallel Hash Join  (cost=3020.56..1335536.95 rows=199949 width=34) (actual time=16.889..6865.258 rows=302853 loops=5)
                                                         Hash Cond: (l1.l_suppkey = supplier.s_suppkey)
                                                         ->  Parallel Seq Scan on lineitem l1  (cost=0.00..1312594.99 rows=4998720 width=8) (actual time=0.422..6040.431 rows=7585870 loops=5)
                                                               Filter: (l_receiptdate > l_commitdate)
                                                               Rows Removed by Filter: 4411341
                                                         ->  Parallel Hash  (cost=2991.15..2991.15 rows=2353 width=30) (actual time=16.324..16.326 rows=798 loops=5)
                                                               Buckets: 4096  Batches: 1  Memory Usage: 352kB
                                                               ->  Hash Join  (cost=1.32..2991.15 rows=2353 width=30) (actual time=0.135..15.653 rows=798 loops=5)
                                                                     Hash Cond: (supplier.s_nationkey = nation.n_nationkey)
                                                                     ->  Parallel Seq Scan on supplier  (cost=0.00..2809.24 rows=58824 width=34) (actual time=0.070..13.401 rows=20000 loops=5)
                                                                     ->  Hash  (cost=1.31..1.31 rows=1 width=4) (actual time=0.053..0.054 rows=1 loops=5)
                                                                           Buckets: 1024  Batches: 1  Memory Usage: 9kB
                                                                           ->  Seq Scan on nation  (cost=0.00..1.31 rows=1 width=4) (actual time=0.047..0.048 rows=1 loops=5)
                                                                                 Filter: (n_name = 'PERU'::bpchar)
                                                                                 Rows Removed by Filter: 24
                                       ->  Index Scan using idx_lineitem_orderkey on lineitem l3  (cost=0.56..3.64 rows=1 width=8) (actual time=0.012..0.012 rows=1 loops=730985)
                                             Index Cond: (l_orderkey = l1.l_orderkey)
                                             Filter: ((l_receiptdate > l_commitdate) AND (l_suppkey <> l1.l_suppkey))
                                             Rows Removed by Filter: 1
                     ->  Index Scan using idx_lineitem_orderkey on lineitem l2  (cost=0.56..3.62 rows=4 width=8) (actual time=0.007..0.007 rows=1 loops=65960)
                           Index Cond: (l_orderkey = orders.o_orderkey)
 Planning Time: 20.364 ms
 Execution Time: 11221.049 ms
(50 rows)

SET
SET
SET
                                                                                          QUERY PLAN                                                                                           
-----------------------------------------------------------------------------------------------------------------------------------------------------------------------------------------------
 Limit  (cost=1970070.31..1970070.32 rows=1 width=34) (actual time=6814.099..6834.534 rows=100 loops=1)
   ->  Sort  (cost=1970070.31..1970070.32 rows=1 width=34) (actual time=6814.098..6834.526 rows=100 loops=1)
         Sort Key: (count(*)) DESC, supplier.s_name
         Sort Method: top-N heapsort  Memory: 38kB
         ->  GroupAggregate  (cost=1970067.08..1970070.30 rows=1 width=34) (actual time=6319.395..6832.010 rows=3991 loops=1)
               Group Key: supplier.s_name
               ->  Nested Loop Semi Join  (cost=1970067.08..1970070.29 rows=1 width=26) (actual time=6319.223..6820.777 rows=39281 loops=1)
                     Join Filter: (l2.l_suppkey <> l1.l_suppkey)
                     Rows Removed by Join Filter: 42025
                     ->  Gather Merge  (cost=1970066.52..1970066.64 rows=1 width=38) (actual time=6319.170..6373.643 rows=65960 loops=1)
                           Workers Planned: 4
                           Workers Launched: 4
                           ->  Sort  (cost=1969066.46..1969066.47 rows=1 width=38) (actual time=6296.119..6297.972 rows=13192 loops=5)
                                 Sort Key: supplier.s_name
                                 Sort Method: quicksort  Memory: 1264kB
                                 Worker 0:  Sort Method: quicksort  Memory: 1480kB
                                 Worker 1:  Sort Method: quicksort  Memory: 1509kB
                                 Worker 2:  Sort Method: quicksort  Memory: 1479kB
                                 Worker 3:  Sort Method: quicksort  Memory: 1343kB
                                 ->  Nested Loop Anti Join  (cost=1338036.88..1969066.45 rows=1 width=38) (actual time=3845.140..6224.682 rows=13192 loops=5)
                                       ->  Parallel Hash Join  (cost=1338036.31..1653347.08 rows=98328 width=38) (actual time=3844.741..5030.535 rows=146197 loops=5)
                                             Hash Cond: (orders.o_orderkey = l1.l_orderkey)
                                             ->  Parallel Seq Scan on orders  (cost=0.00..308148.65 rows=1844347 width=4) (actual time=0.031..599.471 rows=1461837 loops=5)
                                                   Filter: (o_orderstatus = 'F'::bpchar)
                                                   Rows Removed by Filter: 1538163
                                             ->  Parallel Hash  (cost=1335536.95..1335536.95 rows=199949 width=34) (actual time=3843.237..3843.541 rows=302853 loops=5)
                                                   Buckets: 2097152 (originally 1048576)  Batches: 1 (originally 1)  Memory Usage: 131392kB
                                                   ->  Parallel Hash Join  (cost=3020.56..1335536.95 rows=199949 width=34) (actual time=10.758..3653.840 rows=302853 loops=5)
                                                         Hash Cond: (l1.l_suppkey = supplier.s_suppkey)
                                                         ->  Parallel Seq Scan on lineitem l1  (cost=0.00..1312594.99 rows=4998720 width=8) (actual time=0.059..2743.242 rows=7585870 loops=5)
                                                               Filter: (l_receiptdate > l_commitdate)
                                                               Rows Removed by Filter: 4411341
                                                         ->  Parallel Hash  (cost=2991.15..2991.15 rows=2353 width=30) (actual time=9.918..9.920 rows=798 loops=5)
                                                               Buckets: 4096  Batches: 1  Memory Usage: 384kB
                                                               ->  Hash Join  (cost=1.32..2991.15 rows=2353 width=30) (actual time=0.051..8.803 rows=798 loops=5)
                                                                     Hash Cond: (supplier.s_nationkey = nation.n_nationkey)
                                                                     ->  Parallel Seq Scan on supplier  (cost=0.00..2809.24 rows=58824 width=34) (actual time=0.023..6.142 rows=20000 loops=5)
                                                                     ->  Hash  (cost=1.31..1.31 rows=1 width=4) (actual time=0.019..0.019 rows=1 loops=5)
                                                                           Buckets: 1024  Batches: 1  Memory Usage: 9kB
                                                                           ->  Seq Scan on nation  (cost=0.00..1.31 rows=1 width=4) (actual time=0.014..0.015 rows=1 loops=5)
                                                                                 Filter: (n_name = 'PERU'::bpchar)
                                                                                 Rows Removed by Filter: 24
                                       ->  Index Scan using idx_lineitem_orderkey on lineitem l3  (cost=0.56..3.64 rows=1 width=8) (actual time=0.008..0.008 rows=1 loops=730985)
                                             Index Cond: (l_orderkey = l1.l_orderkey)
                                             Filter: ((l_receiptdate > l_commitdate) AND (l_suppkey <> l1.l_suppkey))
                                             Rows Removed by Filter: 1
                     ->  Index Scan using idx_lineitem_orderkey on lineitem l2  (cost=0.56..3.62 rows=4 width=8) (actual time=0.006..0.006 rows=1 loops=65960)
                           Index Cond: (l_orderkey = orders.o_orderkey)
 Planning Time: 3.433 ms
 Execution Time: 6834.641 ms
(50 rows)

query 22 run 1
SET
SET
SET
                                                                          QUERY PLAN                                                                          
--------------------------------------------------------------------------------------------------------------------------------------------------------------
 Limit  (cost=93876.81..93878.67 rows=1 width=72) (actual time=1414.591..1421.059 rows=1 loops=1)
   InitPlan 1 (returns $1)
     ->  Finalize Aggregate  (cost=46821.04..46821.05 rows=1 width=32) (actual time=304.960..305.054 rows=1 loops=1)
           ->  Gather  (cost=46820.61..46821.02 rows=4 width=32) (actual time=304.828..305.043 rows=5 loops=1)
                 Workers Planned: 4
                 Workers Launched: 4
                 ->  Partial Aggregate  (cost=45820.61..45820.62 rows=1 width=32) (actual time=294.930..294.931 rows=1 loops=5)
                       ->  Parallel Seq Scan on customer customer_1  (cost=0.00..45790.68 rows=11969 width=6) (actual time=0.339..286.171 rows=76485 loops=5)
                             Filter: ((c_acctbal > 0.00) AND (SUBSTRING(c_phone FROM 1 FOR 2) = ANY ('{21,29,26,34,14,15,17}'::text[])))
                             Rows Removed by Filter: 223515
   ->  GroupAggregate  (cost=47055.76..59951.99 rows=6920 width=72) (actual time=1414.590..1420.963 rows=1 loops=1)
         Group Key: SUBSTRING(customer.c_phone FROM 1 FOR 2)
         ->  Nested Loop Anti Join  (cost=47055.76..59778.99 rows=6920 width=38) (actual time=487.853..1415.055 rows=9006 loops=1)
               ->  Gather Merge  (cost=47055.32..49150.68 rows=17500 width=26) (actual time=485.283..508.240 rows=27129 loops=1)
                     Workers Planned: 4
                     Params Evaluated: $1
                     Workers Launched: 3
                     ->  Sort  (cost=46055.26..46066.20 rows=4375 width=26) (actual time=175.747..176.711 rows=7572 loops=4)
                           Sort Key: (SUBSTRING(customer.c_phone FROM 1 FOR 2))
                           Sort Method: quicksort  Memory: 4959kB
                           Worker 0:  Sort Method: quicksort  Memory: 4867kB
                           Worker 1:  Sort Method: quicksort  Memory: 4872kB
                           Worker 2:  Sort Method: quicksort  Memory: 4887kB
                           ->  Parallel Seq Scan on customer  (cost=0.00..45790.68 rows=4375 width=26) (actual time=0.020..159.536 rows=47782 loops=4)
                                 Filter: ((c_acctbal > $1) AND (SUBSTRING(c_phone FROM 1 FOR 2) = ANY ('{21,29,26,34,14,15,17}'::text[])))
                                 Rows Removed by Filter: 327218
               ->  Index Only Scan using idx_orders_custkey on orders  (cost=0.43..2.16 rows=17 width=4) (actual time=0.033..0.033 rows=1 loops=27129)
                     Index Cond: (o_custkey = customer.c_custkey)
                     Heap Fetches: 0
 Planning Time: 15.231 ms
 Execution Time: 1421.851 ms
(31 rows)

SET
SET
SET
                                                                          QUERY PLAN                                                                          
--------------------------------------------------------------------------------------------------------------------------------------------------------------
 Limit  (cost=93876.81..93878.67 rows=1 width=72) (actual time=455.366..459.789 rows=1 loops=1)
   InitPlan 1 (returns $1)
     ->  Finalize Aggregate  (cost=46821.04..46821.05 rows=1 width=32) (actual time=214.726..214.823 rows=1 loops=1)
           ->  Gather  (cost=46820.61..46821.02 rows=4 width=32) (actual time=211.311..214.806 rows=5 loops=1)
                 Workers Planned: 4
                 Workers Launched: 4
                 ->  Partial Aggregate  (cost=45820.61..45820.62 rows=1 width=32) (actual time=206.048..206.049 rows=1 loops=5)
                       ->  Parallel Seq Scan on customer customer_1  (cost=0.00..45790.68 rows=11969 width=6) (actual time=0.017..197.224 rows=76485 loops=5)
                             Filter: ((c_acctbal > 0.00) AND (SUBSTRING(c_phone FROM 1 FOR 2) = ANY ('{21,29,26,34,14,15,17}'::text[])))
                             Rows Removed by Filter: 223515
   ->  GroupAggregate  (cost=47055.76..59951.99 rows=6920 width=72) (actual time=455.365..459.690 rows=1 loops=1)
         Group Key: SUBSTRING(customer.c_phone FROM 1 FOR 2)
         ->  Nested Loop Anti Join  (cost=47055.76..59778.99 rows=6920 width=38) (actual time=391.114..457.654 rows=9006 loops=1)
               ->  Gather Merge  (cost=47055.32..49150.68 rows=17500 width=26) (actual time=391.075..403.085 rows=27128 loops=1)
                     Workers Planned: 4
                     Params Evaluated: $1
                     Workers Launched: 4
                     ->  Sort  (cost=46055.26..46066.20 rows=4375 width=26) (actual time=171.457..172.042 rows=6200 loops=5)
                           Sort Key: (SUBSTRING(customer.c_phone FROM 1 FOR 2))
                           Sort Method: quicksort  Memory: 4885kB
                           Worker 0:  Sort Method: quicksort  Memory: 2391kB
                           Worker 1:  Sort Method: quicksort  Memory: 4838kB
                           Worker 2:  Sort Method: quicksort  Memory: 2617kB
                           Worker 3:  Sort Method: quicksort  Memory: 4855kB
                           ->  Parallel Seq Scan on customer  (cost=0.00..45790.68 rows=4375 width=26) (actual time=0.017..158.330 rows=38226 loops=5)
                                 Filter: ((c_acctbal > $1) AND (SUBSTRING(c_phone FROM 1 FOR 2) = ANY ('{21,29,26,34,14,15,17}'::text[])))
                                 Rows Removed by Filter: 261774
               ->  Index Only Scan using idx_orders_custkey on orders  (cost=0.43..2.16 rows=17 width=4) (actual time=0.002..0.002 rows=1 loops=27128)
                     Index Cond: (o_custkey = customer.c_custkey)
                     Heap Fetches: 0
 Planning Time: 0.858 ms
 Execution Time: 459.854 ms
(32 rows)

