query 1 run 1
SET
SET
SET
                                                                           QUERY PLAN                                                                            
-----------------------------------------------------------------------------------------------------------------------------------------------------------------
 Limit  (cost=1831878.18..1831878.82 rows=1 width=236) (actual time=18957.593..18960.070 rows=1 loops=1)
   ->  Finalize GroupAggregate  (cost=1831878.18..1831882.00 rows=6 width=236) (actual time=18957.592..18960.069 rows=1 loops=1)
         Group Key: l_returnflag, l_linestatus
         ->  Gather Merge  (cost=1831878.18..1831881.05 rows=24 width=236) (actual time=18957.570..18960.049 rows=6 loops=1)
               Workers Planned: 4
               Workers Launched: 4
               ->  Sort  (cost=1830878.12..1830878.14 rows=6 width=236) (actual time=18947.223..18947.224 rows=4 loops=5)
                     Sort Key: l_returnflag, l_linestatus
                     Sort Method: quicksort  Memory: 26kB
                     Worker 0:  Sort Method: quicksort  Memory: 26kB
                     Worker 1:  Sort Method: quicksort  Memory: 26kB
                     Worker 2:  Sort Method: quicksort  Memory: 26kB
                     Worker 3:  Sort Method: quicksort  Memory: 26kB
                     ->  Partial HashAggregate  (cost=1830877.91..1830878.04 rows=6 width=236) (actual time=18947.191..18947.196 rows=4 loops=5)
                           Group Key: l_returnflag, l_linestatus
                           Batches: 1  Memory Usage: 24kB
                           Worker 0:  Batches: 1  Memory Usage: 24kB
                           Worker 1:  Batches: 1  Memory Usage: 24kB
                           Worker 2:  Batches: 1  Memory Usage: 24kB
                           Worker 3:  Batches: 1  Memory Usage: 24kB
                           ->  Parallel Seq Scan on lineitem  (cost=0.00..1312589.82 rows=14808231 width=25) (actual time=0.573..4352.303 rows=11856890 loops=5)
                                 Filter: (l_shipdate <= '1998-09-10 00:00:00'::timestamp without time zone)
                                 Rows Removed by Filter: 140321
 Planning Time: 16.652 ms
 Execution Time: 18960.488 ms
(25 rows)

SET
SET
SET
                                                                           QUERY PLAN                                                                            
-----------------------------------------------------------------------------------------------------------------------------------------------------------------
 Limit  (cost=1831878.18..1831878.82 rows=1 width=236) (actual time=18322.245..18322.760 rows=1 loops=1)
   ->  Finalize GroupAggregate  (cost=1831878.18..1831882.00 rows=6 width=236) (actual time=18322.244..18322.758 rows=1 loops=1)
         Group Key: l_returnflag, l_linestatus
         ->  Gather Merge  (cost=1831878.18..1831881.05 rows=24 width=236) (actual time=18322.215..18322.732 rows=6 loops=1)
               Workers Planned: 4
               Workers Launched: 4
               ->  Sort  (cost=1830878.12..1830878.14 rows=6 width=236) (actual time=18316.714..18316.715 rows=4 loops=5)
                     Sort Key: l_returnflag, l_linestatus
                     Sort Method: quicksort  Memory: 26kB
                     Worker 0:  Sort Method: quicksort  Memory: 26kB
                     Worker 1:  Sort Method: quicksort  Memory: 26kB
                     Worker 2:  Sort Method: quicksort  Memory: 26kB
                     Worker 3:  Sort Method: quicksort  Memory: 26kB
                     ->  Partial HashAggregate  (cost=1830877.91..1830878.04 rows=6 width=236) (actual time=18316.683..18316.688 rows=4 loops=5)
                           Group Key: l_returnflag, l_linestatus
                           Batches: 1  Memory Usage: 24kB
                           Worker 0:  Batches: 1  Memory Usage: 24kB
                           Worker 1:  Batches: 1  Memory Usage: 24kB
                           Worker 2:  Batches: 1  Memory Usage: 24kB
                           Worker 3:  Batches: 1  Memory Usage: 24kB
                           ->  Parallel Seq Scan on lineitem  (cost=0.00..1312589.82 rows=14808231 width=25) (actual time=0.035..2551.858 rows=11856890 loops=5)
                                 Filter: (l_shipdate <= '1998-09-10 00:00:00'::timestamp without time zone)
                                 Rows Removed by Filter: 140321
 Planning Time: 0.710 ms
 Execution Time: 18322.826 ms
(25 rows)

query 2 run 1
SET
SET
SET
                                                                                        QUERY PLAN                                                                                         
-------------------------------------------------------------------------------------------------------------------------------------------------------------------------------------------
 Limit  (cost=1072459.03..1072459.04 rows=1 width=193) (actual time=4015.544..4015.663 rows=100 loops=1)
   ->  Sort  (cost=1072459.03..1072459.04 rows=1 width=193) (actual time=4015.543..4015.656 rows=100 loops=1)
         Sort Key: supplier.s_acctbal DESC, nation.n_name, supplier.s_name, part.p_partkey
         Sort Method: top-N heapsort  Memory: 70kB
         ->  Merge Join  (cost=558913.05..1072459.02 rows=1 width=193) (actual time=3009.166..4012.120 rows=4737 loops=1)
               Merge Cond: (part.p_partkey = partsupp.ps_partkey)
               Join Filter: (partsupp.ps_supplycost = (SubPlan 1))
               Rows Removed by Join Filter: 1661
               ->  Gather Merge  (cost=1000.49..68739.43 rows=8618 width=30) (actual time=67.168..70.355 rows=8046 loops=1)
                     Workers Planned: 4
                     Workers Launched: 4
                     ->  Parallel Index Scan using part_pkey on part  (cost=0.43..66712.88 rows=2154 width=30) (actual time=1.257..293.427 rows=1609 loops=5)
                           Filter: (((p_type)::text ~~ '%NICKEL'::text) AND (p_size = 16))
                           Rows Removed by Filter: 398391
               ->  Materialize  (cost=557904.70..565904.73 rows=1600006 width=173) (actual time=2940.853..3393.605 rows=1603828 loops=1)
                     ->  Sort  (cost=557904.70..561904.72 rows=1600006 width=173) (actual time=2940.848..3220.835 rows=1603828 loops=1)
                           Sort Key: partsupp.ps_partkey
                           Sort Method: external merge  Disk: 293496kB
                           ->  Hash Join  (cost=4048.51..305135.17 rows=1600006 width=173) (actual time=80.385..2331.849 rows=1604080 loops=1)
                                 Hash Cond: (partsupp.ps_suppkey = supplier.s_suppkey)
                                 ->  Seq Scan on partsupp  (cost=0.00..255222.29 rows=8000029 width=14) (actual time=3.643..950.184 rows=8000000 loops=1)
                                 ->  Hash  (cost=3798.51..3798.51 rows=20000 width=167) (actual time=76.700..76.703 rows=20051 loops=1)
                                       Buckets: 32768  Batches: 1  Memory Usage: 4211kB
                                       ->  Hash Join  (cost=2.51..3798.51 rows=20000 width=167) (actual time=17.406..69.345 rows=20051 loops=1)
                                             Hash Cond: (supplier.s_nationkey = nation.n_nationkey)
                                             ->  Seq Scan on supplier  (cost=0.00..3221.00 rows=100000 width=145) (actual time=10.908..50.526 rows=100000 loops=1)
                                             ->  Hash  (cost=2.45..2.45 rows=5 width=30) (actual time=6.485..6.486 rows=5 loops=1)
                                                   Buckets: 1024  Batches: 1  Memory Usage: 9kB
                                                   ->  Hash Join  (cost=1.07..2.45 rows=5 width=30) (actual time=6.478..6.484 rows=5 loops=1)
                                                         Hash Cond: (nation.n_regionkey = region.r_regionkey)
                                                         ->  Seq Scan on nation  (cost=0.00..1.25 rows=25 width=34) (actual time=3.769..3.771 rows=25 loops=1)
                                                         ->  Hash  (cost=1.06..1.06 rows=1 width=4) (actual time=2.691..2.691 rows=1 loops=1)
                                                               Buckets: 1024  Batches: 1  Memory Usage: 9kB
                                                               ->  Seq Scan on region  (cost=0.00..1.06 rows=1 width=4) (actual time=2.683..2.684 rows=1 loops=1)
                                                                     Filter: (r_name = 'AMERICA'::bpchar)
                                                                     Rows Removed by Filter: 4
               SubPlan 1
                 ->  Aggregate  (cost=62.90..62.91 rows=1 width=32) (actual time=0.057..0.057 rows=1 loops=6398)
                       ->  Nested Loop  (cost=2.29..62.89 rows=3 width=6) (actual time=0.047..0.055 rows=2 loops=6398)
                             Join Filter: (nation_1.n_regionkey = region_1.r_regionkey)
                             Rows Removed by Join Filter: 2
                             ->  Seq Scan on region region_1  (cost=0.00..1.06 rows=1 width=4) (actual time=0.001..0.002 rows=1 loops=6398)
                                   Filter: (r_name = 'AMERICA'::bpchar)
                                   Rows Removed by Filter: 4
                             ->  Hash Join  (cost=2.29..61.62 rows=17 width=10) (actual time=0.041..0.052 rows=4 loops=6398)
                                   Hash Cond: (supplier_1.s_nationkey = nation_1.n_nationkey)
                                   ->  Nested Loop  (cost=0.72..60.00 rows=17 width=10) (actual time=0.041..0.051 rows=4 loops=6398)
                                         ->  Index Scan using idx_partsupp_partkey on partsupp partsupp_1  (cost=0.43..3.73 rows=17 width=10) (actual time=0.037..0.038 rows=4 loops=6398)
                                               Index Cond: (ps_partkey = part.p_partkey)
                                         ->  Index Scan using supplier_pkey on supplier supplier_1  (cost=0.29..3.31 rows=1 width=8) (actual time=0.003..0.003 rows=1 loops=25592)
                                               Index Cond: (s_suppkey = partsupp_1.ps_suppkey)
                                   ->  Hash  (cost=1.25..1.25 rows=25 width=8) (actual time=0.012..0.013 rows=25 loops=1)
                                         Buckets: 1024  Batches: 1  Memory Usage: 9kB
                                         ->  Seq Scan on nation nation_1  (cost=0.00..1.25 rows=25 width=8) (actual time=0.004..0.007 rows=25 loops=1)
 Planning Time: 19.955 ms
 Execution Time: 4052.920 ms
(56 rows)

SET
SET
SET
                                                                                        QUERY PLAN                                                                                         
-------------------------------------------------------------------------------------------------------------------------------------------------------------------------------------------
 Limit  (cost=1072459.03..1072459.04 rows=1 width=193) (actual time=3231.824..3231.951 rows=100 loops=1)
   ->  Sort  (cost=1072459.03..1072459.04 rows=1 width=193) (actual time=3231.823..3231.944 rows=100 loops=1)
         Sort Key: supplier.s_acctbal DESC, nation.n_name, supplier.s_name, part.p_partkey
         Sort Method: top-N heapsort  Memory: 70kB
         ->  Merge Join  (cost=558913.05..1072459.02 rows=1 width=193) (actual time=2498.401..3229.759 rows=4737 loops=1)
               Merge Cond: (part.p_partkey = partsupp.ps_partkey)
               Join Filter: (partsupp.ps_supplycost = (SubPlan 1))
               Rows Removed by Join Filter: 1661
               ->  Gather Merge  (cost=1000.49..68739.43 rows=8618 width=30) (actual time=29.366..31.685 rows=8046 loops=1)
                     Workers Planned: 4
                     Workers Launched: 4
                     ->  Parallel Index Scan using part_pkey on part  (cost=0.43..66712.88 rows=2154 width=30) (actual time=0.185..129.947 rows=1609 loops=5)
                           Filter: (((p_type)::text ~~ '%NICKEL'::text) AND (p_size = 16))
                           Rows Removed by Filter: 398391
               ->  Materialize  (cost=557904.70..565904.73 rows=1600006 width=173) (actual time=2468.932..2908.024 rows=1603828 loops=1)
                     ->  Sort  (cost=557904.70..561904.72 rows=1600006 width=173) (actual time=2468.927..2737.685 rows=1603828 loops=1)
                           Sort Key: partsupp.ps_partkey
                           Sort Method: external merge  Disk: 293496kB
                           ->  Hash Join  (cost=4048.51..305135.17 rows=1600006 width=173) (actual time=52.053..1875.191 rows=1604080 loops=1)
                                 Hash Cond: (partsupp.ps_suppkey = supplier.s_suppkey)
                                 ->  Seq Scan on partsupp  (cost=0.00..255222.29 rows=8000029 width=14) (actual time=0.048..626.486 rows=8000000 loops=1)
                                 ->  Hash  (cost=3798.51..3798.51 rows=20000 width=167) (actual time=51.979..51.981 rows=20051 loops=1)
                                       Buckets: 32768  Batches: 1  Memory Usage: 4211kB
                                       ->  Hash Join  (cost=2.51..3798.51 rows=20000 width=167) (actual time=0.051..39.405 rows=20051 loops=1)
                                             Hash Cond: (supplier.s_nationkey = nation.n_nationkey)
                                             ->  Seq Scan on supplier  (cost=0.00..3221.00 rows=100000 width=145) (actual time=0.014..9.581 rows=100000 loops=1)
                                             ->  Hash  (cost=2.45..2.45 rows=5 width=30) (actual time=0.033..0.034 rows=5 loops=1)
                                                   Buckets: 1024  Batches: 1  Memory Usage: 9kB
                                                   ->  Hash Join  (cost=1.07..2.45 rows=5 width=30) (actual time=0.027..0.032 rows=5 loops=1)
                                                         Hash Cond: (nation.n_regionkey = region.r_regionkey)
                                                         ->  Seq Scan on nation  (cost=0.00..1.25 rows=25 width=34) (actual time=0.007..0.009 rows=25 loops=1)
                                                         ->  Hash  (cost=1.06..1.06 rows=1 width=4) (actual time=0.015..0.016 rows=1 loops=1)
                                                               Buckets: 1024  Batches: 1  Memory Usage: 9kB
                                                               ->  Seq Scan on region  (cost=0.00..1.06 rows=1 width=4) (actual time=0.012..0.013 rows=1 loops=1)
                                                                     Filter: (r_name = 'AMERICA'::bpchar)
                                                                     Rows Removed by Filter: 4
               SubPlan 1
                 ->  Aggregate  (cost=62.90..62.91 rows=1 width=32) (actual time=0.017..0.017 rows=1 loops=6398)
                       ->  Nested Loop  (cost=2.29..62.89 rows=3 width=6) (actual time=0.010..0.016 rows=2 loops=6398)
                             Join Filter: (nation_1.n_regionkey = region_1.r_regionkey)
                             Rows Removed by Join Filter: 2
                             ->  Seq Scan on region region_1  (cost=0.00..1.06 rows=1 width=4) (actual time=0.001..0.001 rows=1 loops=6398)
                                   Filter: (r_name = 'AMERICA'::bpchar)
                                   Rows Removed by Filter: 4
                             ->  Hash Join  (cost=2.29..61.62 rows=17 width=10) (actual time=0.006..0.014 rows=4 loops=6398)
                                   Hash Cond: (supplier_1.s_nationkey = nation_1.n_nationkey)
                                   ->  Nested Loop  (cost=0.72..60.00 rows=17 width=10) (actual time=0.005..0.012 rows=4 loops=6398)
                                         ->  Index Scan using idx_partsupp_partkey on partsupp partsupp_1  (cost=0.43..3.73 rows=17 width=10) (actual time=0.003..0.003 rows=4 loops=6398)
                                               Index Cond: (ps_partkey = part.p_partkey)
                                         ->  Index Scan using supplier_pkey on supplier supplier_1  (cost=0.29..3.31 rows=1 width=8) (actual time=0.002..0.002 rows=1 loops=25592)
                                               Index Cond: (s_suppkey = partsupp_1.ps_suppkey)
                                   ->  Hash  (cost=1.25..1.25 rows=25 width=8) (actual time=0.012..0.012 rows=25 loops=1)
                                         Buckets: 1024  Batches: 1  Memory Usage: 9kB
                                         ->  Seq Scan on nation nation_1  (cost=0.00..1.25 rows=25 width=8) (actual time=0.004..0.006 rows=25 loops=1)
 Planning Time: 1.779 ms
 Execution Time: 3267.752 ms
(56 rows)

query 3 run 1
SET
SET
SET
                                                                                QUERY PLAN                                                                                 
---------------------------------------------------------------------------------------------------------------------------------------------------------------------------
 Limit  (cost=2242308.97..2242309.00 rows=10 width=44) (actual time=10317.538..10348.547 rows=10 loops=1)
   ->  Sort  (cost=2242308.97..2249965.94 rows=3062788 width=44) (actual time=10317.537..10348.545 rows=10 loops=1)
         Sort Key: (sum((lineitem.l_extendedprice * ('1'::numeric - lineitem.l_discount)))) DESC, orders.o_orderdate
         Sort Method: top-N heapsort  Memory: 26kB
         ->  GroupAggregate  (cost=1725174.73..2176123.22 rows=3062788 width=44) (actual time=10106.563..10326.665 rows=113934 loops=1)
               Group Key: lineitem.l_orderkey, orders.o_orderdate, orders.o_shippriority
               ->  Gather Merge  (cost=1725174.73..2091896.55 rows=3062788 width=24) (actual time=10106.550..10177.594 rows=301530 loops=1)
                     Workers Planned: 4
                     Workers Launched: 4
                     ->  Sort  (cost=1724174.68..1726088.92 rows=765697 width=24) (actual time=10095.701..10098.426 rows=60306 loops=5)
                           Sort Key: lineitem.l_orderkey, orders.o_orderdate, orders.o_shippriority
                           Sort Method: quicksort  Memory: 4268kB
                           Worker 0:  Sort Method: quicksort  Memory: 4229kB
                           Worker 1:  Sort Method: quicksort  Memory: 4237kB
                           Worker 2:  Sort Method: quicksort  Memory: 4193kB
                           Worker 3:  Sort Method: quicksort  Memory: 4305kB
                           ->  Nested Loop  (cost=41560.70..1639245.77 rows=765697 width=24) (actual time=274.413..10077.452 rows=60306 loops=5)
                                 ->  Parallel Hash Join  (cost=41560.13..354407.28 rows=353696 width=12) (actual time=272.495..2075.570 rows=290361 loops=5)
                                       Hash Cond: (orders.o_custkey = customer.c_custkey)
                                       ->  Parallel Seq Scan on orders  (cost=0.00..308142.15 rows=1792378 width=16) (actual time=0.493..1357.655 rows=1447887 loops=5)
                                             Filter: (o_orderdate < '1995-03-07'::date)
                                             Rows Removed by Filter: 1552113
                                       ->  Parallel Hash  (cost=40635.03..40635.03 rows=74008 width=4) (actual time=271.293..271.293 rows=60055 loops=5)
                                             Buckets: 524288  Batches: 1  Memory Usage: 15936kB
                                             ->  Parallel Seq Scan on customer  (cost=0.00..40635.03 rows=74008 width=4) (actual time=0.359..255.280 rows=60055 loops=5)
                                                   Filter: (c_mktsegment = 'BUILDING'::bpchar)
                                                   Rows Removed by Filter: 239945
                                 ->  Index Scan using idx_lineitem_orderkey on lineitem  (cost=0.56..3.61 rows=2 width=16) (actual time=0.027..0.027 rows=0 loops=1451805)
                                       Index Cond: (l_orderkey = orders.o_orderkey)
                                       Filter: (l_shipdate > '1995-03-07'::date)
                                       Rows Removed by Filter: 4
 Planning Time: 20.816 ms
 Execution Time: 10348.913 ms
(33 rows)

SET
SET
SET
                                                                                QUERY PLAN                                                                                 
---------------------------------------------------------------------------------------------------------------------------------------------------------------------------
 Limit  (cost=2242308.97..2242309.00 rows=10 width=44) (actual time=3850.814..3883.642 rows=10 loops=1)
   ->  Sort  (cost=2242308.97..2249965.94 rows=3062788 width=44) (actual time=3850.813..3883.640 rows=10 loops=1)
         Sort Key: (sum((lineitem.l_extendedprice * ('1'::numeric - lineitem.l_discount)))) DESC, orders.o_orderdate
         Sort Method: top-N heapsort  Memory: 26kB
         ->  GroupAggregate  (cost=1725174.73..2176123.22 rows=3062788 width=44) (actual time=3639.997..3861.522 rows=113934 loops=1)
               Group Key: lineitem.l_orderkey, orders.o_orderdate, orders.o_shippriority
               ->  Gather Merge  (cost=1725174.73..2091896.55 rows=3062788 width=24) (actual time=3639.985..3712.763 rows=301530 loops=1)
                     Workers Planned: 4
                     Workers Launched: 4
                     ->  Sort  (cost=1724174.68..1726088.92 rows=765697 width=24) (actual time=3632.564..3635.284 rows=60306 loops=5)
                           Sort Key: lineitem.l_orderkey, orders.o_orderdate, orders.o_shippriority
                           Sort Method: quicksort  Memory: 4189kB
                           Worker 0:  Sort Method: quicksort  Memory: 4405kB
                           Worker 1:  Sort Method: quicksort  Memory: 4265kB
                           Worker 2:  Sort Method: quicksort  Memory: 4249kB
                           Worker 3:  Sort Method: quicksort  Memory: 4124kB
                           ->  Nested Loop  (cost=41560.70..1639245.77 rows=765697 width=24) (actual time=109.095..3611.475 rows=60306 loops=5)
                                 ->  Parallel Hash Join  (cost=41560.13..354407.28 rows=353696 width=12) (actual time=108.914..1197.089 rows=290361 loops=5)
                                       Hash Cond: (orders.o_custkey = customer.c_custkey)
                                       ->  Parallel Seq Scan on orders  (cost=0.00..308142.15 rows=1792378 width=16) (actual time=0.044..556.376 rows=1447887 loops=5)
                                             Filter: (o_orderdate < '1995-03-07'::date)
                                             Rows Removed by Filter: 1552113
                                       ->  Parallel Hash  (cost=40635.03..40635.03 rows=74008 width=4) (actual time=107.450..107.451 rows=60055 loops=5)
                                             Buckets: 524288  Batches: 1  Memory Usage: 15904kB
                                             ->  Parallel Seq Scan on customer  (cost=0.00..40635.03 rows=74008 width=4) (actual time=0.036..84.889 rows=60055 loops=5)
                                                   Filter: (c_mktsegment = 'BUILDING'::bpchar)
                                                   Rows Removed by Filter: 239945
                                 ->  Index Scan using idx_lineitem_orderkey on lineitem  (cost=0.56..3.61 rows=2 width=16) (actual time=0.008..0.008 rows=0 loops=1451805)
                                       Index Cond: (l_orderkey = orders.o_orderkey)
                                       Filter: (l_shipdate > '1995-03-07'::date)
                                       Rows Removed by Filter: 4
 Planning Time: 1.838 ms
 Execution Time: 3883.716 ms
(33 rows)

query 4 run 1
SET
SET
SET
                                                                                QUERY PLAN                                                                                
--------------------------------------------------------------------------------------------------------------------------------------------------------------------------
 Limit  (cost=282474.43..647702.94 rows=1 width=24) (actual time=29104.696..29124.319 rows=1 loops=1)
   ->  GroupAggregate  (cost=282474.43..2108616.98 rows=5 width=24) (actual time=29104.695..29124.317 rows=1 loops=1)
         Group Key: orders.o_orderpriority
         ->  Nested Loop Semi Join  (cost=282474.43..2105859.27 rows=551533 width=16) (actual time=4210.883..29045.022 rows=103030 loops=1)
               ->  Gather Merge  (cost=282473.87..348528.95 rows=551679 width=20) (actual time=4210.061..4339.691 rows=112213 loops=1)
                     Workers Planned: 4
                     Workers Launched: 4
                     ->  Sort  (cost=281473.81..281818.61 rows=137920 width=20) (actual time=4197.687..4200.437 rows=23369 loops=5)
                           Sort Key: orders.o_orderpriority
                           Sort Method: quicksort  Memory: 7442kB
                           Worker 0:  Sort Method: quicksort  Memory: 7461kB
                           Worker 1:  Sort Method: quicksort  Memory: 7455kB
                           Worker 2:  Sort Method: quicksort  Memory: 7440kB
                           Worker 3:  Sort Method: quicksort  Memory: 7458kB
                           ->  Parallel Bitmap Heap Scan on orders  (cost=6363.14..269699.94 rows=137920 width=20) (actual time=131.635..4152.764 rows=112085 loops=5)
                                 Recheck Cond: ((o_orderdate >= '1993-12-01'::date) AND (o_orderdate < '1994-03-01'::date))
                                 Heap Blocks: exact=46088
                                 ->  Bitmap Index Scan on idx_orders_orderdate  (cost=0.00..6225.23 rows=551679 width=0) (actual time=86.831..86.831 rows=560424 loops=1)
                                       Index Cond: ((o_orderdate >= '1993-12-01'::date) AND (o_orderdate < '1994-03-01'::date))
               ->  Index Scan using idx_lineitem_orderkey on lineitem  (cost=0.56..3.61 rows=1 width=4) (actual time=0.219..0.219 rows=1 loops=112213)
                     Index Cond: (l_orderkey = orders.o_orderkey)
                     Filter: (l_commitdate < l_receiptdate)
                     Rows Removed by Filter: 1
 Planning Time: 17.966 ms
 Execution Time: 29125.576 ms
(25 rows)

SET
SET
SET
                                                                                QUERY PLAN                                                                                
--------------------------------------------------------------------------------------------------------------------------------------------------------------------------
 Limit  (cost=282474.43..647702.94 rows=1 width=24) (actual time=1717.497..1737.360 rows=1 loops=1)
   ->  GroupAggregate  (cost=282474.43..2108616.98 rows=5 width=24) (actual time=1717.496..1737.358 rows=1 loops=1)
         Group Key: orders.o_orderpriority
         ->  Nested Loop Semi Join  (cost=282474.43..2105859.27 rows=551533 width=16) (actual time=708.546..1713.953 rows=103030 loops=1)
               ->  Gather Merge  (cost=282473.87..348528.95 rows=551679 width=20) (actual time=708.466..763.586 rows=112213 loops=1)
                     Workers Planned: 4
                     Workers Launched: 4
                     ->  Sort  (cost=281473.81..281818.61 rows=137920 width=20) (actual time=699.022..701.098 rows=23336 loops=5)
                           Sort Key: orders.o_orderpriority
                           Sort Method: quicksort  Memory: 7457kB
                           Worker 0:  Sort Method: quicksort  Memory: 7418kB
                           Worker 1:  Sort Method: quicksort  Memory: 7300kB
                           Worker 2:  Sort Method: quicksort  Memory: 7394kB
                           Worker 3:  Sort Method: quicksort  Memory: 7685kB
                           ->  Parallel Bitmap Heap Scan on orders  (cost=6363.14..269699.94 rows=137920 width=20) (actual time=127.567..658.451 rows=112085 loops=5)
                                 Recheck Cond: ((o_orderdate >= '1993-12-01'::date) AND (o_orderdate < '1994-03-01'::date))
                                 Heap Blocks: exact=46492
                                 ->  Bitmap Index Scan on idx_orders_orderdate  (cost=0.00..6225.23 rows=551679 width=0) (actual time=82.745..82.745 rows=560424 loops=1)
                                       Index Cond: ((o_orderdate >= '1993-12-01'::date) AND (o_orderdate < '1994-03-01'::date))
               ->  Index Scan using idx_lineitem_orderkey on lineitem  (cost=0.56..3.61 rows=1 width=4) (actual time=0.008..0.008 rows=1 loops=112213)
                     Index Cond: (l_orderkey = orders.o_orderkey)
                     Filter: (l_commitdate < l_receiptdate)
                     Rows Removed by Filter: 1
 Planning Time: 1.165 ms
 Execution Time: 1737.425 ms
(25 rows)

query 5 run 1
SET
SET
SET
                                                                                              QUERY PLAN                                                                                               
-------------------------------------------------------------------------------------------------------------------------------------------------------------------------------------------------------
 Limit  (cost=771423.26..771423.27 rows=1 width=58) (actual time=21733.897..21778.911 rows=1 loops=1)
   ->  Sort  (cost=771423.26..771423.33 rows=25 width=58) (actual time=21733.896..21778.909 rows=1 loops=1)
         Sort Key: (sum((lineitem.l_extendedprice * ('1'::numeric - lineitem.l_discount)))) DESC
         Sort Method: top-N heapsort  Memory: 25kB
         ->  Finalize GroupAggregate  (cost=771181.79..771423.14 rows=25 width=58) (actual time=21729.971..21778.887 rows=5 loops=1)
               Group Key: nation.n_name
               ->  Gather Merge  (cost=771181.79..771422.08 rows=100 width=58) (actual time=21728.589..21778.859 rows=25 loops=1)
                     Workers Planned: 4
                     Workers Launched: 4
                     ->  Partial GroupAggregate  (cost=770181.73..770410.11 rows=25 width=58) (actual time=21703.563..21708.629 rows=5 loops=5)
                           Group Key: nation.n_name
                           ->  Sort  (cost=770181.73..770227.35 rows=18245 width=38) (actual time=21702.325..21702.959 rows=14407 loops=5)
                                 Sort Key: nation.n_name
                                 Sort Method: quicksort  Memory: 1175kB
                                 Worker 0:  Sort Method: quicksort  Memory: 1169kB
                                 Worker 1:  Sort Method: quicksort  Memory: 1177kB
                                 Worker 2:  Sort Method: quicksort  Memory: 1167kB
                                 Worker 3:  Sort Method: quicksort  Memory: 1174kB
                                 ->  Parallel Hash Join  (cost=73139.64..768890.42 rows=18245 width=38) (actual time=588.985..21688.985 rows=14407 loops=5)
                                       Hash Cond: ((lineitem.l_suppkey = supplier.s_suppkey) AND (customer.c_nationkey = supplier.s_nationkey))
                                       ->  Nested Loop  (cost=69448.04..762772.79 rows=462102 width=50) (actual time=571.003..21522.416 rows=363065 loops=5)
                                             ->  Parallel Hash Join  (cost=69447.48..341837.76 rows=115556 width=38) (actual time=569.738..2649.074 rows=90680 loops=5)
                                                   Hash Cond: (orders.o_custkey = customer.c_custkey)
                                                   ->  Parallel Bitmap Heap Scan on orders  (cost=26653.46..296588.17 rows=577781 width=8) (actual time=260.398..2113.891 rows=455328 loops=5)
                                                         Recheck Cond: ((o_orderdate >= '1993-01-01'::date) AND (o_orderdate < '1994-01-01'::date))
                                                         Heap Blocks: exact=52401
                                                         ->  Bitmap Index Scan on idx_orders_orderdate  (cost=0.00..26075.68 rows=2311124 width=0) (actual time=202.951..202.951 rows=2276638 loops=1)
                                                               Index Cond: ((o_orderdate >= '1993-01-01'::date) AND (o_orderdate < '1994-01-01'::date))
                                                   ->  Parallel Hash  (cost=41856.42..41856.42 rows=75008 width=38) (actual time=308.576..308.579 rows=59887 loops=5)
                                                         Buckets: 524288  Batches: 1  Memory Usage: 25248kB
                                                         ->  Hash Join  (cost=2.51..41856.42 rows=75008 width=38) (actual time=0.900..283.869 rows=59887 loops=5)
                                                               Hash Cond: (customer.c_nationkey = nation.n_nationkey)
                                                               ->  Parallel Seq Scan on customer  (cost=0.00..39697.43 rows=375042 width=8) (actual time=0.380..249.426 rows=300000 loops=5)
                                                               ->  Hash  (cost=2.45..2.45 rows=5 width=30) (actual time=0.509..0.511 rows=5 loops=5)
                                                                     Buckets: 1024  Batches: 1  Memory Usage: 9kB
                                                                     ->  Hash Join  (cost=1.07..2.45 rows=5 width=30) (actual time=0.502..0.508 rows=5 loops=5)
                                                                           Hash Cond: (nation.n_regionkey = region.r_regionkey)
                                                                           ->  Seq Scan on nation  (cost=0.00..1.25 rows=25 width=34) (actual time=0.200..0.202 rows=25 loops=5)
                                                                           ->  Hash  (cost=1.06..1.06 rows=1 width=4) (actual time=0.295..0.295 rows=1 loops=5)
                                                                                 Buckets: 1024  Batches: 1  Memory Usage: 9kB
                                                                                 ->  Seq Scan on region  (cost=0.00..1.06 rows=1 width=4) (actual time=0.291..0.292 rows=1 loops=5)
                                                                                       Filter: (r_name = 'AMERICA'::bpchar)
                                                                                       Rows Removed by Filter: 4
                                             ->  Index Scan using idx_lineitem_orderkey on lineitem  (cost=0.56..3.60 rows=4 width=20) (actual time=0.196..0.206 rows=4 loops=453399)
                                                   Index Cond: (l_orderkey = orders.o_orderkey)
                                       ->  Parallel Hash  (cost=2809.24..2809.24 rows=58824 width=8) (actual time=13.670..13.670 rows=20000 loops=5)
                                             Buckets: 131072  Batches: 1  Memory Usage: 4992kB
                                             ->  Parallel Seq Scan on supplier  (cost=0.00..2809.24 rows=58824 width=8) (actual time=0.131..6.644 rows=20000 loops=5)
 Planning Time: 28.482 ms
 Execution Time: 21779.291 ms
(50 rows)

SET
SET
SET
                                                                                              QUERY PLAN                                                                                               
-------------------------------------------------------------------------------------------------------------------------------------------------------------------------------------------------------
 Limit  (cost=771423.26..771423.27 rows=1 width=58) (actual time=2543.307..2588.777 rows=1 loops=1)
   ->  Sort  (cost=771423.26..771423.33 rows=25 width=58) (actual time=2543.306..2588.775 rows=1 loops=1)
         Sort Key: (sum((lineitem.l_extendedprice * ('1'::numeric - lineitem.l_discount)))) DESC
         Sort Method: top-N heapsort  Memory: 25kB
         ->  Finalize GroupAggregate  (cost=771181.79..771423.14 rows=25 width=58) (actual time=2539.411..2588.760 rows=5 loops=1)
               Group Key: nation.n_name
               ->  Gather Merge  (cost=771181.79..771422.08 rows=100 width=58) (actual time=2538.070..2588.733 rows=25 loops=1)
                     Workers Planned: 4
                     Workers Launched: 4
                     ->  Partial GroupAggregate  (cost=770181.73..770410.11 rows=25 width=58) (actual time=2523.515..2529.543 rows=5 loops=5)
                           Group Key: nation.n_name
                           ->  Sort  (cost=770181.73..770227.35 rows=18245 width=38) (actual time=2522.275..2522.909 rows=14407 loops=5)
                                 Sort Key: nation.n_name
                                 Sort Method: quicksort  Memory: 1167kB
                                 Worker 0:  Sort Method: quicksort  Memory: 1166kB
                                 Worker 1:  Sort Method: quicksort  Memory: 1210kB
                                 Worker 2:  Sort Method: quicksort  Memory: 1151kB
                                 Worker 3:  Sort Method: quicksort  Memory: 1167kB
                                 ->  Parallel Hash Join  (cost=73139.64..768890.42 rows=18245 width=38) (actual time=396.421..2514.021 rows=14407 loops=5)
                                       Hash Cond: ((lineitem.l_suppkey = supplier.s_suppkey) AND (customer.c_nationkey = supplier.s_nationkey))
                                       ->  Nested Loop  (cost=69448.04..762772.79 rows=462102 width=50) (actual time=379.251..2385.588 rows=363065 loops=5)
                                             ->  Parallel Hash Join  (cost=69447.48..341837.76 rows=115556 width=38) (actual time=379.196..964.469 rows=90680 loops=5)
                                                   Hash Cond: (orders.o_custkey = customer.c_custkey)
                                                   ->  Parallel Bitmap Heap Scan on orders  (cost=26653.46..296588.17 rows=577781 width=8) (actual time=247.684..658.421 rows=455328 loops=5)
                                                         Recheck Cond: ((o_orderdate >= '1993-01-01'::date) AND (o_orderdate < '1994-01-01'::date))
                                                         Heap Blocks: exact=51536
                                                         ->  Bitmap Index Scan on idx_orders_orderdate  (cost=0.00..26075.68 rows=2311124 width=0) (actual time=192.310..192.310 rows=2276638 loops=1)
                                                               Index Cond: ((o_orderdate >= '1993-01-01'::date) AND (o_orderdate < '1994-01-01'::date))
                                                   ->  Parallel Hash  (cost=41856.42..41856.42 rows=75008 width=38) (actual time=129.811..129.814 rows=59887 loops=5)
                                                         Buckets: 524288  Batches: 1  Memory Usage: 25280kB
                                                         ->  Hash Join  (cost=2.51..41856.42 rows=75008 width=38) (actual time=0.080..93.173 rows=59887 loops=5)
                                                               Hash Cond: (customer.c_nationkey = nation.n_nationkey)
                                                               ->  Parallel Seq Scan on customer  (cost=0.00..39697.43 rows=375042 width=8) (actual time=0.031..53.179 rows=300000 loops=5)
                                                               ->  Hash  (cost=2.45..2.45 rows=5 width=30) (actual time=0.040..0.042 rows=5 loops=5)
                                                                     Buckets: 1024  Batches: 1  Memory Usage: 9kB
                                                                     ->  Hash Join  (cost=1.07..2.45 rows=5 width=30) (actual time=0.034..0.040 rows=5 loops=5)
                                                                           Hash Cond: (nation.n_regionkey = region.r_regionkey)
                                                                           ->  Seq Scan on nation  (cost=0.00..1.25 rows=25 width=34) (actual time=0.015..0.016 rows=25 loops=5)
                                                                           ->  Hash  (cost=1.06..1.06 rows=1 width=4) (actual time=0.014..0.015 rows=1 loops=5)
                                                                                 Buckets: 1024  Batches: 1  Memory Usage: 9kB
                                                                                 ->  Seq Scan on region  (cost=0.00..1.06 rows=1 width=4) (actual time=0.011..0.012 rows=1 loops=5)
                                                                                       Filter: (r_name = 'AMERICA'::bpchar)
                                                                                       Rows Removed by Filter: 4
                                             ->  Index Scan using idx_lineitem_orderkey on lineitem  (cost=0.56..3.60 rows=4 width=20) (actual time=0.014..0.015 rows=4 loops=453399)
                                                   Index Cond: (l_orderkey = orders.o_orderkey)
                                       ->  Parallel Hash  (cost=2809.24..2809.24 rows=58824 width=8) (actual time=15.896..15.896 rows=20000 loops=5)
                                             Buckets: 131072  Batches: 1  Memory Usage: 4992kB
                                             ->  Parallel Seq Scan on supplier  (cost=0.00..2809.24 rows=58824 width=8) (actual time=0.030..5.494 rows=20000 loops=5)
 Planning Time: 5.062 ms
 Execution Time: 2588.875 ms
(50 rows)

query 6 run 1
SET
SET
SET
                                                                                                                QUERY PLAN                                                                                                                 
-------------------------------------------------------------------------------------------------------------------------------------------------------------------------------------------------------------------------------------------
 Limit  (cost=1284359.69..1284359.70 rows=1 width=32) (actual time=10709.677..10742.117 rows=1 loops=1)
   ->  Finalize Aggregate  (cost=1284359.69..1284359.70 rows=1 width=32) (actual time=10709.675..10742.115 rows=1 loops=1)
         ->  Gather  (cost=1284359.25..1284359.66 rows=4 width=32) (actual time=10709.663..10742.105 rows=5 loops=1)
               Workers Planned: 4
               Workers Launched: 4
               ->  Partial Aggregate  (cost=1283359.25..1283359.26 rows=1 width=32) (actual time=10699.324..10699.325 rows=1 loops=5)
                     ->  Parallel Bitmap Heap Scan on lineitem  (cost=212626.75..1281873.58 rows=297135 width=12) (actual time=1343.694..10564.060 rows=238912 loops=5)
                           Recheck Cond: ((l_shipdate >= '1993-01-01'::date) AND (l_shipdate < '1994-01-01 00:00:00'::timestamp without time zone) AND (l_discount >= 0.06) AND (l_discount <= 0.08) AND (l_quantity < '25'::numeric))
                           Rows Removed by Index Recheck: 2744818
                           Heap Blocks: exact=79309 lossy=53415
                           ->  Bitmap Index Scan on idx_lineitem_shipdate  (cost=0.00..212329.61 rows=1188540 width=0) (actual time=1257.426..1257.426 rows=1194558 loops=1)
                                 Index Cond: ((l_shipdate >= '1993-01-01'::date) AND (l_shipdate < '1994-01-01 00:00:00'::timestamp without time zone) AND (l_discount >= 0.06) AND (l_discount <= 0.08) AND (l_quantity < '25'::numeric))
 Planning Time: 14.070 ms
 Execution Time: 10743.679 ms
(14 rows)

SET
SET
SET
                                                                                                                QUERY PLAN                                                                                                                 
-------------------------------------------------------------------------------------------------------------------------------------------------------------------------------------------------------------------------------------------
 Limit  (cost=1284359.69..1284359.70 rows=1 width=32) (actual time=3105.035..3141.915 rows=1 loops=1)
   ->  Finalize Aggregate  (cost=1284359.69..1284359.70 rows=1 width=32) (actual time=3105.034..3141.912 rows=1 loops=1)
         ->  Gather  (cost=1284359.25..1284359.66 rows=4 width=32) (actual time=3103.251..3141.898 rows=5 loops=1)
               Workers Planned: 4
               Workers Launched: 4
               ->  Partial Aggregate  (cost=1283359.25..1283359.26 rows=1 width=32) (actual time=3098.732..3098.733 rows=1 loops=5)
                     ->  Parallel Bitmap Heap Scan on lineitem  (cost=212626.75..1281873.58 rows=297135 width=12) (actual time=1204.954..2994.393 rows=238912 loops=5)
                           Recheck Cond: ((l_shipdate >= '1993-01-01'::date) AND (l_shipdate < '1994-01-01 00:00:00'::timestamp without time zone) AND (l_discount >= 0.06) AND (l_discount <= 0.08) AND (l_quantity < '25'::numeric))
                           Rows Removed by Index Recheck: 2744818
                           Heap Blocks: exact=82261 lossy=55652
                           ->  Bitmap Index Scan on idx_lineitem_shipdate  (cost=0.00..212329.61 rows=1188540 width=0) (actual time=1116.667..1116.667 rows=1194558 loops=1)
                                 Index Cond: ((l_shipdate >= '1993-01-01'::date) AND (l_shipdate < '1994-01-01 00:00:00'::timestamp without time zone) AND (l_discount >= 0.06) AND (l_discount <= 0.08) AND (l_quantity < '25'::numeric))
 Planning Time: 0.674 ms
 Execution Time: 3141.960 ms
(14 rows)

query 7 run 1
SET
SET
SET
                                                                                                      QUERY PLAN                                                                                                       
-----------------------------------------------------------------------------------------------------------------------------------------------------------------------------------------------------------------------
 Limit  (cost=1418900.93..1419940.29 rows=1 width=116) (actual time=27226.027..27231.468 rows=1 loops=1)
   ->  GroupAggregate  (cost=1418900.93..11849890.78 rows=10036 width=116) (actual time=27226.026..27231.466 rows=1 loops=1)
         Group Key: n1.n_name, n2.n_name, EXTRACT(year FROM lineitem.l_shipdate)
         ->  Nested Loop  (cost=1418900.93..11848841.30 rows=59929 width=96) (actual time=7377.167..27204.902 rows=14421 loops=1)
               Join Filter: (customer.c_nationkey = n2.n_nationkey)
               Rows Removed by Join Filter: 349031
               ->  Nested Loop  (cost=1418900.50..6720629.91 rows=1498218 width=76) (actual time=7361.826..21338.654 rows=363452 loops=1)
                     ->  Gather Merge  (cost=1418900.07..1598288.66 rows=1498218 width=76) (actual time=7360.604..7779.525 rows=363452 loops=1)
                           Workers Planned: 4
                           Workers Launched: 4
                           ->  Sort  (cost=1417900.01..1418836.40 rows=374554 width=76) (actual time=7334.310..7376.780 rows=73084 loops=5)
                                 Sort Key: n1.n_name, n2.n_name, (EXTRACT(year FROM lineitem.l_shipdate))
                                 Sort Method: external merge  Disk: 26960kB
                                 Worker 0:  Sort Method: external merge  Disk: 26408kB
                                 Worker 1:  Sort Method: external merge  Disk: 26960kB
                                 Worker 2:  Sort Method: external merge  Disk: 27192kB
                                 Worker 3:  Sort Method: external merge  Disk: 26424kB
                                 ->  Parallel Hash Join  (cost=3140.96..1372525.02 rows=374554 width=76) (actual time=11.431..7049.841 rows=291139 loops=5)
                                       Hash Cond: (lineitem.l_suppkey = supplier.s_suppkey)
                                       ->  Parallel Seq Scan on lineitem  (cost=0.00..1350079.19 rows=4560431 width=24) (actual time=0.484..6490.724 rows=3646065 loops=5)
                                             Filter: ((l_shipdate >= '1995-01-01'::date) AND (l_shipdate <= '1996-12-31'::date))
                                             Rows Removed by Filter: 8351145
                                       ->  Parallel Hash  (cost=3079.76..3079.76 rows=4896 width=60) (actual time=10.487..10.490 rows=1596 loops=5)
                                             Buckets: 16384  Batches: 1  Memory Usage: 960kB
                                             ->  Hash Join  (cost=2.87..3079.76 rows=4896 width=60) (actual time=0.323..9.294 rows=1596 loops=5)
                                                   Hash Cond: (supplier.s_nationkey = n1.n_nationkey)
                                                   ->  Parallel Seq Scan on supplier  (cost=0.00..2809.24 rows=58824 width=8) (actual time=0.236..7.127 rows=20000 loops=5)
                                                   ->  Hash  (cost=2.84..2.84 rows=2 width=60) (actual time=0.080..0.082 rows=2 loops=5)
                                                         Buckets: 1024  Batches: 1  Memory Usage: 9kB
                                                         ->  Nested Loop  (cost=0.00..2.84 rows=2 width=60) (actual time=0.071..0.077 rows=2 loops=5)
                                                               Join Filter: (((n1.n_name = 'PERU'::bpchar) AND (n2.n_name = 'MOROCCO'::bpchar)) OR ((n1.n_name = 'MOROCCO'::bpchar) AND (n2.n_name = 'PERU'::bpchar)))
                                                               Rows Removed by Join Filter: 2
                                                               ->  Seq Scan on nation n1  (cost=0.00..1.38 rows=2 width=30) (actual time=0.059..0.060 rows=2 loops=5)
                                                                     Filter: ((n_name = 'PERU'::bpchar) OR (n_name = 'MOROCCO'::bpchar))
                                                                     Rows Removed by Filter: 23
                                                               ->  Materialize  (cost=0.00..1.39 rows=2 width=30) (actual time=0.004..0.006 rows=2 loops=10)
                                                                     ->  Seq Scan on nation n2  (cost=0.00..1.38 rows=2 width=30) (actual time=0.006..0.008 rows=2 loops=5)
                                                                           Filter: ((n_name = 'MOROCCO'::bpchar) OR (n_name = 'PERU'::bpchar))
                                                                           Rows Removed by Filter: 23
                     ->  Index Scan using orders_pkey on orders  (cost=0.43..3.42 rows=1 width=8) (actual time=0.037..0.037 rows=1 loops=363452)
                           Index Cond: (o_orderkey = lineitem.l_orderkey)
               ->  Index Scan using customer_pkey on customer  (cost=0.43..3.41 rows=1 width=8) (actual time=0.015..0.015 rows=1 loops=363452)
                     Index Cond: (c_custkey = orders.o_custkey)
 Planning Time: 25.392 ms
 Execution Time: 27235.291 ms
(45 rows)

SET
SET
SET
                                                                                                      QUERY PLAN                                                                                                       
-----------------------------------------------------------------------------------------------------------------------------------------------------------------------------------------------------------------------
 Limit  (cost=1418900.93..1419940.29 rows=1 width=116) (actual time=5574.331..5579.510 rows=1 loops=1)
   ->  GroupAggregate  (cost=1418900.93..11849890.78 rows=10036 width=116) (actual time=5574.330..5579.508 rows=1 loops=1)
         Group Key: n1.n_name, n2.n_name, EXTRACT(year FROM lineitem.l_shipdate)
         ->  Nested Loop  (cost=1418900.93..11848841.30 rows=59929 width=96) (actual time=3220.703..5566.210 rows=14421 loops=1)
               Join Filter: (customer.c_nationkey = n2.n_nationkey)
               Rows Removed by Join Filter: 349030
               ->  Nested Loop  (cost=1418900.50..6720629.91 rows=1498218 width=76) (actual time=3220.176..4482.698 rows=363451 loops=1)
                     ->  Gather Merge  (cost=1418900.07..1598288.66 rows=1498218 width=76) (actual time=3220.128..3447.445 rows=363451 loops=1)
                           Workers Planned: 4
                           Workers Launched: 4
                           ->  Sort  (cost=1417900.01..1418836.40 rows=374554 width=76) (actual time=3199.400..3228.649 rows=73113 loops=5)
                                 Sort Key: n1.n_name, n2.n_name, (EXTRACT(year FROM lineitem.l_shipdate))
                                 Sort Method: external merge  Disk: 29640kB
                                 Worker 0:  Sort Method: external merge  Disk: 25272kB
                                 Worker 1:  Sort Method: external merge  Disk: 25352kB
                                 Worker 2:  Sort Method: external merge  Disk: 26832kB
                                 Worker 3:  Sort Method: external merge  Disk: 26856kB
                                 ->  Parallel Hash Join  (cost=3140.96..1372525.02 rows=374554 width=76) (actual time=12.487..2906.832 rows=291139 loops=5)
                                       Hash Cond: (lineitem.l_suppkey = supplier.s_suppkey)
                                       ->  Parallel Seq Scan on lineitem  (cost=0.00..1350079.19 rows=4560431 width=24) (actual time=0.048..2286.556 rows=3646065 loops=5)
                                             Filter: ((l_shipdate >= '1995-01-01'::date) AND (l_shipdate <= '1996-12-31'::date))
                                             Rows Removed by Filter: 8351145
                                       ->  Parallel Hash  (cost=3079.76..3079.76 rows=4896 width=60) (actual time=9.929..9.932 rows=1596 loops=5)
                                             Buckets: 16384  Batches: 1  Memory Usage: 928kB
                                             ->  Hash Join  (cost=2.87..3079.76 rows=4896 width=60) (actual time=0.080..9.184 rows=1596 loops=5)
                                                   Hash Cond: (supplier.s_nationkey = n1.n_nationkey)
                                                   ->  Parallel Seq Scan on supplier  (cost=0.00..2809.24 rows=58824 width=8) (actual time=0.043..6.260 rows=20000 loops=5)
                                                   ->  Hash  (cost=2.84..2.84 rows=2 width=60) (actual time=0.031..0.033 rows=2 loops=5)
                                                         Buckets: 1024  Batches: 1  Memory Usage: 9kB
                                                         ->  Nested Loop  (cost=0.00..2.84 rows=2 width=60) (actual time=0.025..0.030 rows=2 loops=5)
                                                               Join Filter: (((n1.n_name = 'PERU'::bpchar) AND (n2.n_name = 'MOROCCO'::bpchar)) OR ((n1.n_name = 'MOROCCO'::bpchar) AND (n2.n_name = 'PERU'::bpchar)))
                                                               Rows Removed by Join Filter: 2
                                                               ->  Seq Scan on nation n1  (cost=0.00..1.38 rows=2 width=30) (actual time=0.013..0.014 rows=2 loops=5)
                                                                     Filter: ((n_name = 'PERU'::bpchar) OR (n_name = 'MOROCCO'::bpchar))
                                                                     Rows Removed by Filter: 23
                                                               ->  Materialize  (cost=0.00..1.39 rows=2 width=30) (actual time=0.004..0.005 rows=2 loops=10)
                                                                     ->  Seq Scan on nation n2  (cost=0.00..1.38 rows=2 width=30) (actual time=0.005..0.007 rows=2 loops=5)
                                                                           Filter: ((n_name = 'MOROCCO'::bpchar) OR (n_name = 'PERU'::bpchar))
                                                                           Rows Removed by Filter: 23
                     ->  Index Scan using orders_pkey on orders  (cost=0.43..3.42 rows=1 width=8) (actual time=0.002..0.002 rows=1 loops=363451)
                           Index Cond: (o_orderkey = lineitem.l_orderkey)
               ->  Index Scan using customer_pkey on customer  (cost=0.43..3.41 rows=1 width=8) (actual time=0.002..0.003 rows=1 loops=363451)
                     Index Cond: (c_custkey = orders.o_custkey)
 Planning Time: 3.641 ms
 Execution Time: 5583.594 ms
(45 rows)

query 8 run 1
SET
SET
SET
                                                                                         QUERY PLAN                                                                                          
---------------------------------------------------------------------------------------------------------------------------------------------------------------------------------------------
 Limit  (cost=386495.88..392320.03 rows=1 width=64) (actual time=34628.886..34634.469 rows=1 loops=1)
   ->  GroupAggregate  (cost=386495.88..14399399.85 rows=2406 width=64) (actual time=34628.885..34634.467 rows=1 loops=1)
         Group Key: EXTRACT(year FROM orders.o_orderdate)
         ->  Nested Loop  (cost=386495.88..14398872.97 rows=23938 width=70) (actual time=2426.106..34609.955 rows=11818 loops=1)
               Join Filter: (supplier.s_nationkey = n2.n_nationkey)
               Rows Removed by Join Filter: 142667
               ->  Nested Loop  (cost=386495.88..14390166.67 rows=23938 width=20) (actual time=2426.084..34569.916 rows=11818 loops=1)
                     ->  Nested Loop  (cost=386495.58..14310806.35 rows=24259 width=20) (actual time=2425.674..34009.327 rows=11818 loops=1)
                           ->  Nested Loop  (cost=386495.15..3824735.66 rows=3653570 width=24) (actual time=2373.574..23883.983 rows=1816470 loops=1)
                                 ->  Gather Merge  (cost=386494.58..495888.34 rows=913635 width=8) (actual time=2372.682..2638.176 rows=454497 loops=1)
                                       Workers Planned: 4
                                       Workers Launched: 4
                                       ->  Sort  (cost=385494.52..386065.54 rows=228409 width=8) (actual time=2356.998..2364.492 rows=92114 loops=5)
                                             Sort Key: (EXTRACT(year FROM orders.o_orderdate))
                                             Sort Method: quicksort  Memory: 11802kB
                                             Worker 0:  Sort Method: quicksort  Memory: 11728kB
                                             Worker 1:  Sort Method: quicksort  Memory: 11809kB
                                             Worker 2:  Sort Method: quicksort  Memory: 11891kB
                                             Worker 3:  Sort Method: quicksort  Memory: 11942kB
                                             ->  Parallel Hash Join  (cost=42794.02..365164.68 rows=228409 width=8) (actual time=303.137..2314.852 rows=182072 loops=5)
                                                   Hash Cond: (orders.o_custkey = customer.c_custkey)
                                                   ->  Parallel Seq Scan on orders  (cost=0.00..317516.98 rows=1142044 width=12) (actual time=0.529..1756.171 rows=911503 loops=5)
                                                         Filter: ((o_orderdate >= '1995-01-01'::date) AND (o_orderdate <= '1996-12-31'::date))
                                                         Rows Removed by Filter: 2088497
                                                   ->  Parallel Hash  (cost=41856.42..41856.42 rows=75008 width=4) (actual time=301.855..301.858 rows=59887 loops=5)
                                                         Buckets: 524288  Batches: 1  Memory Usage: 15872kB
                                                         ->  Hash Join  (cost=2.51..41856.42 rows=75008 width=4) (actual time=0.244..285.364 rows=59887 loops=5)
                                                               Hash Cond: (customer.c_nationkey = n1.n_nationkey)
                                                               ->  Parallel Seq Scan on customer  (cost=0.00..39697.43 rows=375042 width=8) (actual time=0.127..252.227 rows=300000 loops=5)
                                                               ->  Hash  (cost=2.45..2.45 rows=5 width=4) (actual time=0.112..0.114 rows=5 loops=5)
                                                                     Buckets: 1024  Batches: 1  Memory Usage: 9kB
                                                                     ->  Hash Join  (cost=1.07..2.45 rows=5 width=4) (actual time=0.107..0.112 rows=5 loops=5)
                                                                           Hash Cond: (n1.n_regionkey = region.r_regionkey)
                                                                           ->  Seq Scan on nation n1  (cost=0.00..1.25 rows=25 width=8) (actual time=0.045..0.046 rows=25 loops=5)
                                                                           ->  Hash  (cost=1.06..1.06 rows=1 width=4) (actual time=0.058..0.058 rows=1 loops=5)
                                                                                 Buckets: 1024  Batches: 1  Memory Usage: 9kB
                                                                                 ->  Seq Scan on region  (cost=0.00..1.06 rows=1 width=4) (actual time=0.053..0.054 rows=1 loops=5)
                                                                                       Filter: (r_name = 'AMERICA'::bpchar)
                                                                                       Rows Removed by Filter: 4
                                 ->  Index Scan using idx_lineitem_orderkey on lineitem  (cost=0.56..3.60 rows=4 width=24) (actual time=0.043..0.046 rows=4 loops=454497)
                                       Index Cond: (l_orderkey = orders.o_orderkey)
                           ->  Memoize  (cost=0.44..3.42 rows=1 width=4) (actual time=0.005..0.005 rows=0 loops=1816470)
                                 Cache Key: lineitem.l_partkey
                                 Cache Mode: logical
                                 Hits: 597258  Misses: 1219212  Evictions: 235699  Overflows: 0  Memory Usage: 65537kB
                                 ->  Index Scan using part_pkey on part  (cost=0.43..3.41 rows=1 width=4) (actual time=0.007..0.007 rows=0 loops=1219212)
                                       Index Cond: (p_partkey = lineitem.l_partkey)
                                       Filter: ((p_type)::text = 'LARGE POLISHED BRASS'::text)
                                       Rows Removed by Filter: 1
                     ->  Index Scan using supplier_pkey on supplier  (cost=0.29..3.27 rows=1 width=8) (actual time=0.047..0.047 rows=1 loops=11818)
                           Index Cond: (s_suppkey = lineitem.l_suppkey)
               ->  Materialize  (cost=0.00..1.38 rows=25 width=30) (actual time=0.000..0.001 rows=13 loops=11818)
                     ->  Seq Scan on nation n2  (cost=0.00..1.25 rows=25 width=30) (actual time=0.008..0.014 rows=25 loops=1)
 Planning Time: 31.432 ms
 Execution Time: 34635.277 ms
(55 rows)

SET
SET
SET
                                                                                         QUERY PLAN                                                                                         
--------------------------------------------------------------------------------------------------------------------------------------------------------------------------------------------
 Limit  (cost=386495.88..392320.03 rows=1 width=64) (actual time=8837.465..8842.660 rows=1 loops=1)
   ->  GroupAggregate  (cost=386495.88..14399399.85 rows=2406 width=64) (actual time=8837.464..8842.658 rows=1 loops=1)
         Group Key: EXTRACT(year FROM orders.o_orderdate)
         ->  Nested Loop  (cost=386495.88..14398872.97 rows=23938 width=70) (actual time=943.002..8830.617 rows=11818 loops=1)
               Join Filter: (supplier.s_nationkey = n2.n_nationkey)
               Rows Removed by Join Filter: 142668
               ->  Nested Loop  (cost=386495.88..14390166.67 rows=23938 width=20) (actual time=942.981..8805.990 rows=11818 loops=1)
                     ->  Nested Loop  (cost=386495.58..14310806.35 rows=24259 width=20) (actual time=942.964..8760.187 rows=11818 loops=1)
                           ->  Nested Loop  (cost=386495.15..3824735.66 rows=3653570 width=24) (actual time=937.738..4094.058 rows=1816606 loops=1)
                                 ->  Gather Merge  (cost=386494.58..495888.34 rows=913635 width=8) (actual time=937.675..1133.882 rows=454540 loops=1)
                                       Workers Planned: 4
                                       Workers Launched: 4
                                       ->  Sort  (cost=385494.52..386065.54 rows=228409 width=8) (actual time=925.031..931.645 rows=91967 loops=5)
                                             Sort Key: (EXTRACT(year FROM orders.o_orderdate))
                                             Sort Method: quicksort  Memory: 12144kB
                                             Worker 0:  Sort Method: quicksort  Memory: 12875kB
                                             Worker 1:  Sort Method: quicksort  Memory: 11709kB
                                             Worker 2:  Sort Method: quicksort  Memory: 11363kB
                                             Worker 3:  Sort Method: quicksort  Memory: 11081kB
                                             ->  Parallel Hash Join  (cost=42794.02..365164.68 rows=228409 width=8) (actual time=127.369..879.885 rows=182072 loops=5)
                                                   Hash Cond: (orders.o_custkey = customer.c_custkey)
                                                   ->  Parallel Seq Scan on orders  (cost=0.00..317516.98 rows=1142044 width=12) (actual time=0.040..463.362 rows=911503 loops=5)
                                                         Filter: ((o_orderdate >= '1995-01-01'::date) AND (o_orderdate <= '1996-12-31'::date))
                                                         Rows Removed by Filter: 2088497
                                                   ->  Parallel Hash  (cost=41856.42..41856.42 rows=75008 width=4) (actual time=126.190..126.195 rows=59887 loops=5)
                                                         Buckets: 524288  Batches: 1  Memory Usage: 15904kB
                                                         ->  Hash Join  (cost=2.51..41856.42 rows=75008 width=4) (actual time=0.089..98.239 rows=59887 loops=5)
                                                               Hash Cond: (customer.c_nationkey = n1.n_nationkey)
                                                               ->  Parallel Seq Scan on customer  (cost=0.00..39697.43 rows=375042 width=8) (actual time=0.042..60.463 rows=300000 loops=5)
                                                               ->  Hash  (cost=2.45..2.45 rows=5 width=4) (actual time=0.041..0.043 rows=5 loops=5)
                                                                     Buckets: 1024  Batches: 1  Memory Usage: 9kB
                                                                     ->  Hash Join  (cost=1.07..2.45 rows=5 width=4) (actual time=0.035..0.041 rows=5 loops=5)
                                                                           Hash Cond: (n1.n_regionkey = region.r_regionkey)
                                                                           ->  Seq Scan on nation n1  (cost=0.00..1.25 rows=25 width=8) (actual time=0.008..0.009 rows=25 loops=5)
                                                                           ->  Hash  (cost=1.06..1.06 rows=1 width=4) (actual time=0.023..0.024 rows=1 loops=5)
                                                                                 Buckets: 1024  Batches: 1  Memory Usage: 9kB
                                                                                 ->  Seq Scan on region  (cost=0.00..1.06 rows=1 width=4) (actual time=0.018..0.019 rows=1 loops=5)
                                                                                       Filter: (r_name = 'AMERICA'::bpchar)
                                                                                       Rows Removed by Filter: 4
                                 ->  Index Scan using idx_lineitem_orderkey on lineitem  (cost=0.56..3.60 rows=4 width=24) (actual time=0.005..0.006 rows=4 loops=454540)
                                       Index Cond: (l_orderkey = orders.o_orderkey)
                           ->  Memoize  (cost=0.44..3.42 rows=1 width=4) (actual time=0.002..0.002 rows=0 loops=1816606)
                                 Cache Key: lineitem.l_partkey
                                 Cache Mode: logical
                                 Hits: 597446  Misses: 1219160  Evictions: 235654  Overflows: 0  Memory Usage: 65537kB
                                 ->  Index Scan using part_pkey on part  (cost=0.43..3.41 rows=1 width=4) (actual time=0.003..0.003 rows=0 loops=1219160)
                                       Index Cond: (p_partkey = lineitem.l_partkey)
                                       Filter: ((p_type)::text = 'LARGE POLISHED BRASS'::text)
                                       Rows Removed by Filter: 1
                     ->  Index Scan using supplier_pkey on supplier  (cost=0.29..3.27 rows=1 width=8) (actual time=0.003..0.003 rows=1 loops=11818)
                           Index Cond: (s_suppkey = lineitem.l_suppkey)
               ->  Materialize  (cost=0.00..1.38 rows=25 width=30) (actual time=0.000..0.001 rows=13 loops=11818)
                     ->  Seq Scan on nation n2  (cost=0.00..1.25 rows=25 width=30) (actual time=0.008..0.012 rows=25 loops=1)
 Planning Time: 5.621 ms
 Execution Time: 8843.093 ms
(55 rows)

query 9 run 1
SET
SET
SET
                                                                                            QUERY PLAN                                                                                            
--------------------------------------------------------------------------------------------------------------------------------------------------------------------------------------------------
 Limit  (cost=284764.76..284841.41 rows=1 width=90) (actual time=43227.077..43235.638 rows=1 loops=1)
   ->  GroupAggregate  (cost=284764.76..4895329.96 rows=60150 width=90) (actual time=43227.076..43235.636 rows=1 loops=1)
         Group Key: nation.n_name, (EXTRACT(year FROM orders.o_orderdate))
         ->  Incremental Sort  (cost=284764.76..4873502.05 rows=1195752 width=81) (actual time=43218.719..43228.145 rows=11401 loops=1)
               Sort Key: nation.n_name, (EXTRACT(year FROM orders.o_orderdate)) DESC
               Presorted Key: nation.n_name
               Full-sort Groups: 1  Sort Method: quicksort  Average Memory: 29kB  Peak Memory: 29kB
               Pre-sorted Groups: 1  Sort Method: quicksort  Average Memory: 12850kB  Peak Memory: 12850kB
               ->  Nested Loop  (cost=94190.18..4765611.06 rows=1195752 width=81) (actual time=1904.317..43006.834 rows=128453 loops=1)
                     ->  Nested Loop  (cost=94189.74..670022.68 rows=1195752 width=53) (actual time=1903.800..22955.539 rows=128453 loops=1)
                           Join Filter: (supplier.s_suppkey = lineitem.l_suppkey)
                           ->  Gather Merge  (cost=94189.30..113540.34 rows=161616 width=48) (actual time=1902.938..1930.890 rows=17183 loops=1)
                                 Workers Planned: 4
                                 Workers Launched: 4
                                 ->  Sort  (cost=93189.24..93290.25 rows=40404 width=48) (actual time=1877.938..1878.528 rows=3973 loops=5)
                                       Sort Key: nation.n_name
                                       Sort Method: quicksort  Memory: 9173kB
                                       Worker 0:  Sort Method: quicksort  Memory: 9218kB
                                       Worker 1:  Sort Method: quicksort  Memory: 9135kB
                                       Worker 2:  Sort Method: quicksort  Memory: 9298kB
                                       Worker 3:  Sort Method: quicksort  Memory: 9001kB
                                       ->  Hash Join  (cost=3546.53..90097.89 rows=40404 width=48) (actual time=16.812..1812.670 rows=86650 loops=5)
                                             Hash Cond: (supplier.s_nationkey = nation.n_nationkey)
                                             ->  Parallel Hash Join  (cost=3544.97..89972.29 rows=40404 width=26) (actual time=16.686..1794.122 rows=86650 loops=5)
                                                   Hash Cond: (partsupp.ps_suppkey = supplier.s_suppkey)
                                                   ->  Nested Loop  (cost=0.43..86321.70 rows=40404 width=18) (actual time=1.372..1736.499 rows=86650 loops=5)
                                                         ->  Parallel Seq Scan on part  (cost=0.00..47231.16 rows=10101 width=4) (actual time=0.488..162.635 rows=21662 loops=5)
                                                               Filter: ((p_name)::text ~~ '%navy%'::text)
                                                               Rows Removed by Filter: 378338
                                                         ->  Index Scan using idx_partsupp_partkey on partsupp  (cost=0.43..3.70 rows=17 width=14) (actual time=0.067..0.072 rows=4 loops=108312)
                                                               Index Cond: (ps_partkey = part.p_partkey)
                                                   ->  Parallel Hash  (cost=2809.24..2809.24 rows=58824 width=8) (actual time=15.023..15.023 rows=20000 loops=5)
                                                         Buckets: 131072  Batches: 1  Memory Usage: 5024kB
                                                         ->  Parallel Seq Scan on supplier  (cost=0.00..2809.24 rows=58824 width=8) (actual time=0.798..8.970 rows=20000 loops=5)
                                             ->  Hash  (cost=1.25..1.25 rows=25 width=30) (actual time=0.059..0.060 rows=25 loops=5)
                                                   Buckets: 1024  Batches: 1  Memory Usage: 10kB
                                                   ->  Seq Scan on nation  (cost=0.00..1.25 rows=25 width=30) (actual time=0.052..0.054 rows=25 loops=5)
                           ->  Index Scan using idx_lineitem_part_supp on lineitem  (cost=0.44..3.43 rows=1 width=29) (actual time=0.280..1.217 rows=7 loops=17183)
                                 Index Cond: ((l_partkey = partsupp.ps_partkey) AND (l_suppkey = partsupp.ps_suppkey))
                     ->  Index Scan using orders_pkey on orders  (cost=0.43..3.42 rows=1 width=8) (actual time=0.153..0.153 rows=1 loops=128453)
                           Index Cond: (o_orderkey = lineitem.l_orderkey)
 Planning Time: 41.289 ms
 Execution Time: 43236.760 ms
(43 rows)

SET
SET
SET
                                                                                            QUERY PLAN                                                                                            
--------------------------------------------------------------------------------------------------------------------------------------------------------------------------------------------------
 Limit  (cost=284764.76..284841.41 rows=1 width=90) (actual time=2167.481..2180.579 rows=1 loops=1)
   ->  GroupAggregate  (cost=284764.76..4895329.96 rows=60150 width=90) (actual time=2167.480..2180.576 rows=1 loops=1)
         Group Key: nation.n_name, (EXTRACT(year FROM orders.o_orderdate))
         ->  Incremental Sort  (cost=284764.76..4873502.05 rows=1195752 width=81) (actual time=2159.050..2173.011 rows=11401 loops=1)
               Sort Key: nation.n_name, (EXTRACT(year FROM orders.o_orderdate)) DESC
               Presorted Key: nation.n_name
               Full-sort Groups: 1  Sort Method: quicksort  Average Memory: 29kB  Peak Memory: 29kB
               Pre-sorted Groups: 1  Sort Method: quicksort  Average Memory: 12850kB  Peak Memory: 12850kB
               ->  Nested Loop  (cost=94190.18..4765611.06 rows=1195752 width=81) (actual time=533.856..2086.602 rows=128453 loops=1)
                     ->  Nested Loop  (cost=94189.74..670022.68 rows=1195752 width=53) (actual time=533.831..1159.586 rows=128453 loops=1)
                           Join Filter: (supplier.s_suppkey = lineitem.l_suppkey)
                           ->  Gather Merge  (cost=94189.30..113540.34 rows=161616 width=48) (actual time=533.777..555.454 rows=17183 loops=1)
                                 Workers Planned: 4
                                 Workers Launched: 4
                                 ->  Sort  (cost=93189.24..93290.25 rows=40404 width=48) (actual time=520.412..520.909 rows=4038 loops=5)
                                       Sort Key: nation.n_name
                                       Sort Method: quicksort  Memory: 9039kB
                                       Worker 0:  Sort Method: quicksort  Memory: 10611kB
                                       Worker 1:  Sort Method: quicksort  Memory: 8728kB
                                       Worker 2:  Sort Method: quicksort  Memory: 8628kB
                                       Worker 3:  Sort Method: quicksort  Memory: 8819kB
                                       ->  Hash Join  (cost=3546.53..90097.89 rows=40404 width=48) (actual time=17.942..453.250 rows=86650 loops=5)
                                             Hash Cond: (supplier.s_nationkey = nation.n_nationkey)
                                             ->  Parallel Hash Join  (cost=3544.97..89972.29 rows=40404 width=26) (actual time=17.853..431.888 rows=86650 loops=5)
                                                   Hash Cond: (partsupp.ps_suppkey = supplier.s_suppkey)
                                                   ->  Nested Loop  (cost=0.43..86321.70 rows=40404 width=18) (actual time=0.082..367.265 rows=86650 loops=5)
                                                         ->  Parallel Seq Scan on part  (cost=0.00..47231.16 rows=10101 width=4) (actual time=0.037..127.607 rows=21662 loops=5)
                                                               Filter: ((p_name)::text ~~ '%navy%'::text)
                                                               Rows Removed by Filter: 378338
                                                         ->  Index Scan using idx_partsupp_partkey on partsupp  (cost=0.43..3.70 rows=17 width=14) (actual time=0.009..0.010 rows=4 loops=108312)
                                                               Index Cond: (ps_partkey = part.p_partkey)
                                                   ->  Parallel Hash  (cost=2809.24..2809.24 rows=58824 width=8) (actual time=16.215..16.216 rows=20000 loops=5)
                                                         Buckets: 131072  Batches: 1  Memory Usage: 5024kB
                                                         ->  Parallel Seq Scan on supplier  (cost=0.00..2809.24 rows=58824 width=8) (actual time=0.050..8.022 rows=20000 loops=5)
                                             ->  Hash  (cost=1.25..1.25 rows=25 width=30) (actual time=0.020..0.021 rows=25 loops=5)
                                                   Buckets: 1024  Batches: 1  Memory Usage: 10kB
                                                   ->  Seq Scan on nation  (cost=0.00..1.25 rows=25 width=30) (actual time=0.012..0.015 rows=25 loops=5)
                           ->  Index Scan using idx_lineitem_part_supp on lineitem  (cost=0.44..3.43 rows=1 width=29) (actual time=0.009..0.033 rows=7 loops=17183)
                                 Index Cond: ((l_partkey = partsupp.ps_partkey) AND (l_suppkey = partsupp.ps_suppkey))
                     ->  Index Scan using orders_pkey on orders  (cost=0.43..3.42 rows=1 width=8) (actual time=0.006..0.006 rows=1 loops=128453)
                           Index Cond: (o_orderkey = lineitem.l_orderkey)
 Planning Time: 6.591 ms
 Execution Time: 2180.687 ms
(43 rows)

query 10 run 1
SET
SET
SET
                                                                                            QUERY PLAN                                                                                            
--------------------------------------------------------------------------------------------------------------------------------------------------------------------------------------------------
 Limit  (cost=955638.40..955638.45 rows=20 width=201) (actual time=20831.400..20882.559 rows=20 loops=1)
   ->  Sort  (cost=955638.40..957061.56 rows=569263 width=201) (actual time=20831.399..20882.556 rows=20 loops=1)
         Sort Key: (sum((lineitem.l_extendedprice * ('1'::numeric - lineitem.l_discount)))) DESC
         Sort Method: top-N heapsort  Memory: 33kB
         ->  GroupAggregate  (cost=858098.44..940490.52 rows=569263 width=201) (actual time=19779.732..20760.135 rows=381205 loops=1)
               Group Key: customer.c_custkey, nation.n_name
               ->  Gather Merge  (cost=858098.44..926258.94 rows=569263 width=181) (actual time=19779.714..20051.081 rows=1145402 loops=1)
                     Workers Planned: 4
                     Workers Launched: 4
                     ->  Sort  (cost=857098.38..857454.17 rows=142316 width=181) (actual time=19760.415..19786.212 rows=229080 loops=5)
                           Sort Key: customer.c_custkey, nation.n_name
                           Sort Method: external merge  Disk: 46832kB
                           Worker 0:  Sort Method: external merge  Disk: 39672kB
                           Worker 1:  Sort Method: external merge  Disk: 45584kB
                           Worker 2:  Sort Method: external merge  Disk: 45808kB
                           Worker 3:  Sort Method: external merge  Disk: 40632kB
                           ->  Hash Join  (cost=801614.09..844917.03 rows=142316 width=181) (actual time=19255.250..19620.832 rows=229080 loops=5)
                                 Hash Cond: (customer.c_nationkey = nation.n_nationkey)
                                 ->  Parallel Hash Join  (cost=801612.52..844478.55 rows=142316 width=159) (actual time=19255.113..19571.316 rows=229080 loops=5)
                                       Hash Cond: (customer.c_custkey = orders.o_custkey)
                                       ->  Parallel Seq Scan on customer  (cost=0.00..39697.43 rows=375042 width=147) (actual time=0.393..166.678 rows=300000 loops=5)
                                       ->  Parallel Hash  (cost=799833.57..799833.57 rows=142316 width=16) (actual time=19253.553..19253.554 rows=229080 loops=5)
                                             Buckets: 2097152 (originally 1048576)  Batches: 1 (originally 1)  Memory Usage: 85152kB
                                             ->  Nested Loop  (cost=6744.93..799833.57 rows=142316 width=16) (actual time=137.681..19087.295 rows=229080 loops=5)
                                                   ->  Parallel Bitmap Heap Scan on orders  (cost=6744.37..270205.27 rows=146194 width=8) (actual time=135.377..2353.542 rows=114632 loops=5)
                                                         Recheck Cond: ((o_orderdate >= '1994-08-01'::date) AND (o_orderdate < '1994-11-01'::date))
                                                         Heap Blocks: exact=46938
                                                         ->  Bitmap Index Scan on idx_orders_orderdate  (cost=0.00..6598.18 rows=584774 width=0) (actual time=87.128..87.128 rows=573160 loops=1)
                                                               Index Cond: ((o_orderdate >= '1994-08-01'::date) AND (o_orderdate < '1994-11-01'::date))
                                                   ->  Index Scan using idx_lineitem_orderkey on lineitem  (cost=0.56..3.61 rows=1 width=16) (actual time=0.140..0.145 rows=2 loops=573160)
                                                         Index Cond: (l_orderkey = orders.o_orderkey)
                                                         Filter: (l_returnflag = 'R'::bpchar)
                                                         Rows Removed by Filter: 2
                                 ->  Hash  (cost=1.25..1.25 rows=25 width=30) (actual time=0.062..0.063 rows=25 loops=5)
                                       Buckets: 1024  Batches: 1  Memory Usage: 10kB
                                       ->  Seq Scan on nation  (cost=0.00..1.25 rows=25 width=30) (actual time=0.051..0.054 rows=25 loops=5)
 Planning Time: 21.379 ms
 Execution Time: 20889.944 ms
(38 rows)

SET
SET
SET
                                                                                            QUERY PLAN                                                                                            
--------------------------------------------------------------------------------------------------------------------------------------------------------------------------------------------------
 Limit  (cost=955638.40..955638.45 rows=20 width=201) (actual time=3660.683..3709.426 rows=20 loops=1)
   ->  Sort  (cost=955638.40..957061.56 rows=569263 width=201) (actual time=3660.682..3709.422 rows=20 loops=1)
         Sort Key: (sum((lineitem.l_extendedprice * ('1'::numeric - lineitem.l_discount)))) DESC
         Sort Method: top-N heapsort  Memory: 33kB
         ->  GroupAggregate  (cost=858098.44..940490.52 rows=569263 width=201) (actual time=2618.352..3580.991 rows=381205 loops=1)
               Group Key: customer.c_custkey, nation.n_name
               ->  Gather Merge  (cost=858098.44..926258.94 rows=569263 width=181) (actual time=2618.336..2885.514 rows=1145402 loops=1)
                     Workers Planned: 4
                     Workers Launched: 4
                     ->  Sort  (cost=857098.38..857454.17 rows=142316 width=181) (actual time=2599.597..2625.513 rows=229080 loops=5)
                           Sort Key: customer.c_custkey, nation.n_name
                           Sort Method: external merge  Disk: 50680kB
                           Worker 0:  Sort Method: external merge  Disk: 37744kB
                           Worker 1:  Sort Method: external merge  Disk: 47952kB
                           Worker 2:  Sort Method: external merge  Disk: 38176kB
                           Worker 3:  Sort Method: external merge  Disk: 43984kB
                           ->  Hash Join  (cost=801614.09..844917.03 rows=142316 width=181) (actual time=2193.725..2459.561 rows=229080 loops=5)
                                 Hash Cond: (customer.c_nationkey = nation.n_nationkey)
                                 ->  Parallel Hash Join  (cost=801612.52..844478.55 rows=142316 width=159) (actual time=2193.632..2402.045 rows=229080 loops=5)
                                       Hash Cond: (customer.c_custkey = orders.o_custkey)
                                       ->  Parallel Seq Scan on customer  (cost=0.00..39697.43 rows=375042 width=147) (actual time=0.030..51.401 rows=300000 loops=5)
                                       ->  Parallel Hash  (cost=799833.57..799833.57 rows=142316 width=16) (actual time=2191.320..2191.322 rows=229080 loops=5)
                                             Buckets: 2097152 (originally 1048576)  Batches: 1 (originally 1)  Memory Usage: 85184kB
                                             ->  Nested Loop  (cost=6744.93..799833.57 rows=142316 width=16) (actual time=132.218..2071.672 rows=229080 loops=5)
                                                   ->  Parallel Bitmap Heap Scan on orders  (cost=6744.37..270205.27 rows=146194 width=8) (actual time=132.138..465.656 rows=114632 loops=5)
                                                         Recheck Cond: ((o_orderdate >= '1994-08-01'::date) AND (o_orderdate < '1994-11-01'::date))
                                                         Heap Blocks: exact=51468
                                                         ->  Bitmap Index Scan on idx_orders_orderdate  (cost=0.00..6598.18 rows=584774 width=0) (actual time=82.749..82.749 rows=573160 loops=1)
                                                               Index Cond: ((o_orderdate >= '1994-08-01'::date) AND (o_orderdate < '1994-11-01'::date))
                                                   ->  Index Scan using idx_lineitem_orderkey on lineitem  (cost=0.56..3.61 rows=1 width=16) (actual time=0.012..0.013 rows=2 loops=573160)
                                                         Index Cond: (l_orderkey = orders.o_orderkey)
                                                         Filter: (l_returnflag = 'R'::bpchar)
                                                         Rows Removed by Filter: 2
                                 ->  Hash  (cost=1.25..1.25 rows=25 width=30) (actual time=0.027..0.027 rows=25 loops=5)
                                       Buckets: 1024  Batches: 1  Memory Usage: 10kB
                                       ->  Seq Scan on nation  (cost=0.00..1.25 rows=25 width=30) (actual time=0.013..0.016 rows=25 loops=5)
 Planning Time: 2.121 ms
 Execution Time: 3716.270 ms
(38 rows)

query 11 run 1
SET
SET
SET
                                                                                         QUERY PLAN                                                                                          
---------------------------------------------------------------------------------------------------------------------------------------------------------------------------------------------
 Limit  (cost=438235.96..438235.97 rows=1 width=36) (actual time=3949.253..3965.480 rows=0 loops=1)
   InitPlan 1
     ->  Finalize Aggregate  (cost=193219.75..193219.76 rows=1 width=32) (actual time=154.053..154.138 rows=1 loops=1)
           ->  Gather  (cost=193219.53..193219.74 rows=2 width=32) (actual time=153.644..154.125 rows=3 loops=1)
                 Workers Planned: 2
                 Workers Launched: 2
                 ->  Partial Aggregate  (cost=192219.53..192219.54 rows=1 width=32) (actual time=151.255..151.257 rows=1 loops=3)
                       ->  Nested Loop  (cost=0.87..191219.52 rows=133334 width=10) (actual time=0.116..122.962 rows=106933 loops=3)
                             ->  Nested Loop  (cost=0.44..4617.72 rows=1667 width=4) (actual time=0.101..16.826 rows=1337 loops=3)
                                   ->  Parallel Index Scan using supplier_pkey on supplier supplier_1  (cost=0.29..3552.46 rows=41667 width=8) (actual time=0.033..6.846 rows=33333 loops=3)
                                   ->  Memoize  (cost=0.15..0.92 rows=1 width=4) (actual time=0.000..0.000 rows=0 loops=100000)
                                         Cache Key: supplier_1.s_nationkey
                                         Cache Mode: logical
                                         Hits: 39137  Misses: 25  Evictions: 0  Overflows: 0  Memory Usage: 2kB
                                         Worker 0:  Hits: 30353  Misses: 25  Evictions: 0  Overflows: 0  Memory Usage: 2kB
                                         Worker 1:  Hits: 30435  Misses: 25  Evictions: 0  Overflows: 0  Memory Usage: 2kB
                                         ->  Index Scan using nation_pkey on nation nation_1  (cost=0.14..0.91 rows=1 width=4) (actual time=0.002..0.002 rows=0 loops=75)
                                               Index Cond: (n_nationkey = supplier_1.s_nationkey)
                                               Filter: (n_name = 'SAUDI ARABIA'::bpchar)
                                               Rows Removed by Filter: 1
                             ->  Index Scan using idx_partsupp_suppkey on partsupp partsupp_1  (cost=0.43..111.15 rows=79 width=14) (actual time=0.004..0.069 rows=80 loops=4010)
                                   Index Cond: (ps_suppkey = supplier_1.s_suppkey)
   ->  Sort  (cost=245016.20..245282.87 rows=106667 width=36) (actual time=3949.252..3965.394 rows=0 loops=1)
         Sort Key: (sum((partsupp.ps_supplycost * (partsupp.ps_availqty)::numeric))) DESC
         Sort Method: quicksort  Memory: 25kB
         ->  Finalize GroupAggregate  (cost=203569.39..244482.87 rows=106667 width=36) (actual time=3949.245..3965.386 rows=0 loops=1)
               Group Key: partsupp.ps_partkey
               Filter: (sum((partsupp.ps_supplycost * (partsupp.ps_availqty)::numeric)) > (InitPlan 1).col1)
               Rows Removed by Filter: 301833
               ->  Gather Merge  (cost=203569.39..237682.84 rows=266668 width=36) (actual time=3486.250..3636.334 rows=314494 loops=1)
                     Workers Planned: 2
                     Workers Launched: 2
                     ->  Partial GroupAggregate  (cost=202569.37..205902.72 rows=133334 width=36) (actual time=3477.523..3568.120 rows=104831 loops=3)
                           Group Key: partsupp.ps_partkey
                           ->  Sort  (cost=202569.37..202902.70 rows=133334 width=14) (actual time=3477.507..3485.148 rows=106933 loops=3)
                                 Sort Key: partsupp.ps_partkey
                                 Sort Method: quicksort  Memory: 6270kB
                                 Worker 0:  Sort Method: quicksort  Memory: 6613kB
                                 Worker 1:  Sort Method: quicksort  Memory: 6360kB
                                 ->  Nested Loop  (cost=0.87..191219.52 rows=133334 width=14) (actual time=1.365..3442.382 rows=106933 loops=3)
                                       ->  Nested Loop  (cost=0.44..4617.72 rows=1667 width=4) (actual time=0.639..27.068 rows=1337 loops=3)
                                             ->  Parallel Index Scan using supplier_pkey on supplier  (cost=0.29..3552.46 rows=41667 width=8) (actual time=0.230..14.376 rows=33333 loops=3)
                                             ->  Memoize  (cost=0.15..0.92 rows=1 width=4) (actual time=0.000..0.000 rows=0 loops=100000)
                                                   Cache Key: supplier.s_nationkey
                                                   Cache Mode: logical
                                                   Hits: 32183  Misses: 25  Evictions: 0  Overflows: 0  Memory Usage: 2kB
                                                   Worker 0:  Hits: 34379  Misses: 25  Evictions: 0  Overflows: 0  Memory Usage: 2kB
                                                   Worker 1:  Hits: 33363  Misses: 25  Evictions: 0  Overflows: 0  Memory Usage: 2kB
                                                   ->  Index Scan using nation_pkey on nation  (cost=0.14..0.91 rows=1 width=4) (actual time=0.006..0.006 rows=0 loops=75)
                                                         Index Cond: (n_nationkey = supplier.s_nationkey)
                                                         Filter: (n_name = 'SAUDI ARABIA'::bpchar)
                                                         Rows Removed by Filter: 1
                                       ->  Index Scan using idx_partsupp_suppkey on partsupp  (cost=0.43..111.15 rows=79 width=18) (actual time=0.063..2.537 rows=80 loops=4010)
                                             Index Cond: (ps_suppkey = supplier.s_suppkey)
 Planning Time: 16.445 ms
 Execution Time: 3965.886 ms
(56 rows)

SET
SET
SET
                                                                                         QUERY PLAN                                                                                          
---------------------------------------------------------------------------------------------------------------------------------------------------------------------------------------------
 Limit  (cost=438235.96..438235.97 rows=1 width=36) (actual time=626.431..643.858 rows=0 loops=1)
   InitPlan 1
     ->  Finalize Aggregate  (cost=193219.75..193219.76 rows=1 width=32) (actual time=148.696..148.786 rows=1 loops=1)
           ->  Gather  (cost=193219.53..193219.74 rows=2 width=32) (actual time=147.793..148.773 rows=3 loops=1)
                 Workers Planned: 2
                 Workers Launched: 2
                 ->  Partial Aggregate  (cost=192219.53..192219.54 rows=1 width=32) (actual time=145.758..145.759 rows=1 loops=3)
                       ->  Nested Loop  (cost=0.87..191219.52 rows=133334 width=10) (actual time=0.128..117.702 rows=106933 loops=3)
                             ->  Nested Loop  (cost=0.44..4617.72 rows=1667 width=4) (actual time=0.112..16.364 rows=1337 loops=3)
                                   ->  Parallel Index Scan using supplier_pkey on supplier supplier_1  (cost=0.29..3552.46 rows=41667 width=8) (actual time=0.047..6.735 rows=33333 loops=3)
                                   ->  Memoize  (cost=0.15..0.92 rows=1 width=4) (actual time=0.000..0.000 rows=0 loops=100000)
                                         Cache Key: supplier_1.s_nationkey
                                         Cache Mode: logical
                                         Hits: 42147  Misses: 25  Evictions: 0  Overflows: 0  Memory Usage: 2kB
                                         Worker 0:  Hits: 28889  Misses: 25  Evictions: 0  Overflows: 0  Memory Usage: 2kB
                                         Worker 1:  Hits: 28889  Misses: 25  Evictions: 0  Overflows: 0  Memory Usage: 2kB
                                         ->  Index Scan using nation_pkey on nation nation_1  (cost=0.14..0.91 rows=1 width=4) (actual time=0.002..0.002 rows=0 loops=75)
                                               Index Cond: (n_nationkey = supplier_1.s_nationkey)
                                               Filter: (n_name = 'SAUDI ARABIA'::bpchar)
                                               Rows Removed by Filter: 1
                             ->  Index Scan using idx_partsupp_suppkey on partsupp partsupp_1  (cost=0.43..111.15 rows=79 width=14) (actual time=0.003..0.066 rows=80 loops=4010)
                                   Index Cond: (ps_suppkey = supplier_1.s_suppkey)
   ->  Sort  (cost=245016.20..245282.87 rows=106667 width=36) (actual time=626.430..643.765 rows=0 loops=1)
         Sort Key: (sum((partsupp.ps_supplycost * (partsupp.ps_availqty)::numeric))) DESC
         Sort Method: quicksort  Memory: 25kB
         ->  Finalize GroupAggregate  (cost=203569.39..244482.87 rows=106667 width=36) (actual time=626.423..643.758 rows=0 loops=1)
               Group Key: partsupp.ps_partkey
               Filter: (sum((partsupp.ps_supplycost * (partsupp.ps_availqty)::numeric)) > (InitPlan 1).col1)
               Rows Removed by Filter: 301833
               ->  Gather Merge  (cost=203569.39..237682.84 rows=266668 width=36) (actual time=165.668..319.725 rows=314005 loops=1)
                     Workers Planned: 2
                     Workers Launched: 2
                     ->  Partial GroupAggregate  (cost=202569.37..205902.72 rows=133334 width=36) (actual time=162.260..252.247 rows=104668 loops=3)
                           Group Key: partsupp.ps_partkey
                           ->  Sort  (cost=202569.37..202902.70 rows=133334 width=14) (actual time=162.245..169.709 rows=106933 loops=3)
                                 Sort Key: partsupp.ps_partkey
                                 Sort Method: quicksort  Memory: 6428kB
                                 Worker 0:  Sort Method: quicksort  Memory: 6360kB
                                 Worker 1:  Sort Method: quicksort  Memory: 6455kB
                                 ->  Nested Loop  (cost=0.87..191219.52 rows=133334 width=14) (actual time=0.107..139.028 rows=106933 loops=3)
                                       ->  Nested Loop  (cost=0.44..4617.72 rows=1667 width=4) (actual time=0.091..16.885 rows=1337 loops=3)
                                             ->  Parallel Index Scan using supplier_pkey on supplier  (cost=0.29..3552.46 rows=41667 width=8) (actual time=0.027..7.136 rows=33333 loops=3)
                                             ->  Memoize  (cost=0.15..0.92 rows=1 width=4) (actual time=0.000..0.000 rows=0 loops=100000)
                                                   Cache Key: supplier.s_nationkey
                                                   Cache Mode: logical
                                                   Hits: 33363  Misses: 25  Evictions: 0  Overflows: 0  Memory Usage: 2kB
                                                   Worker 0:  Hits: 33647  Misses: 25  Evictions: 0  Overflows: 0  Memory Usage: 2kB
                                                   Worker 1:  Hits: 32915  Misses: 25  Evictions: 0  Overflows: 0  Memory Usage: 2kB
                                                   ->  Index Scan using nation_pkey on nation  (cost=0.14..0.91 rows=1 width=4) (actual time=0.002..0.002 rows=0 loops=75)
                                                         Index Cond: (n_nationkey = supplier.s_nationkey)
                                                         Filter: (n_name = 'SAUDI ARABIA'::bpchar)
                                                         Rows Removed by Filter: 1
                                       ->  Index Scan using idx_partsupp_suppkey on partsupp  (cost=0.43..111.15 rows=79 width=18) (actual time=0.004..0.081 rows=80 loops=4010)
                                             Index Cond: (ps_suppkey = supplier.s_suppkey)
 Planning Time: 1.088 ms
 Execution Time: 643.941 ms
(56 rows)

query 12 run 1
SET
SET
SET
                                                                                                                    QUERY PLAN                                                                                                                     
---------------------------------------------------------------------------------------------------------------------------------------------------------------------------------------------------------------------------------------------------
 Limit  (cost=1469361.29..1615747.40 rows=1 width=27) (actual time=13634.845..13638.067 rows=1 loops=1)
   ->  GroupAggregate  (cost=1469361.29..2494064.03 rows=7 width=27) (actual time=13634.844..13638.065 rows=1 loops=1)
         Group Key: lineitem.l_shipmode
         ->  Nested Loop  (cost=1469361.29..2489020.25 rows=288212 width=27) (actual time=7244.349..13544.041 rows=155572 loops=1)
               ->  Gather Merge  (cost=1469360.86..1503869.82 rows=288212 width=15) (actual time=7243.705..7314.236 rows=155572 loops=1)
                     Workers Planned: 4
                     Workers Launched: 4
                     ->  Sort  (cost=1468360.80..1468540.93 rows=72053 width=15) (actual time=7231.103..7233.654 rows=32303 loops=5)
                           Sort Key: lineitem.l_shipmode
                           Sort Method: quicksort  Memory: 3448kB
                           Worker 0:  Sort Method: quicksort  Memory: 3507kB
                           Worker 1:  Sort Method: quicksort  Memory: 3475kB
                           Worker 2:  Sort Method: quicksort  Memory: 3490kB
                           Worker 3:  Sort Method: quicksort  Memory: 3489kB
                           ->  Parallel Seq Scan on lineitem  (cost=0.00..1462547.28 rows=72053 width=15) (actual time=4.037..7216.853 rows=62252 loops=5)
                                 Filter: ((l_shipmode = ANY ('{SHIP,"REG AIR"}'::bpchar[])) AND (l_commitdate < l_receiptdate) AND (l_shipdate < l_commitdate) AND (l_receiptdate >= '1994-01-01'::date) AND (l_receiptdate < '1995-01-01'::date))
                                 Rows Removed by Filter: 11934959
               ->  Index Scan using orders_pkey on orders  (cost=0.43..3.42 rows=1 width=20) (actual time=0.039..0.039 rows=1 loops=155572)
                     Index Cond: (o_orderkey = lineitem.l_orderkey)
 Planning Time: 19.354 ms
 Execution Time: 13639.257 ms
(21 rows)

SET
SET
SET
                                                                                                                    QUERY PLAN                                                                                                                     
---------------------------------------------------------------------------------------------------------------------------------------------------------------------------------------------------------------------------------------------------
 Limit  (cost=1469361.29..1615747.40 rows=1 width=27) (actual time=3950.839..3952.250 rows=1 loops=1)
   ->  GroupAggregate  (cost=1469361.29..2494064.03 rows=7 width=27) (actual time=3950.838..3952.248 rows=1 loops=1)
         Group Key: lineitem.l_shipmode
         ->  Nested Loop  (cost=1469361.29..2489020.25 rows=288212 width=27) (actual time=3468.909..3903.753 rows=155572 loops=1)
               ->  Gather Merge  (cost=1469360.86..1503869.82 rows=288212 width=15) (actual time=3468.859..3505.044 rows=155572 loops=1)
                     Workers Planned: 4
                     Workers Launched: 4
                     ->  Sort  (cost=1468360.80..1468540.93 rows=72053 width=15) (actual time=3462.246..3464.233 rows=32215 loops=5)
                           Sort Key: lineitem.l_shipmode
                           Sort Method: quicksort  Memory: 3422kB
                           Worker 0:  Sort Method: quicksort  Memory: 3464kB
                           Worker 1:  Sort Method: quicksort  Memory: 3494kB
                           Worker 2:  Sort Method: quicksort  Memory: 3529kB
                           Worker 3:  Sort Method: quicksort  Memory: 3501kB
                           ->  Parallel Seq Scan on lineitem  (cost=0.00..1462547.28 rows=72053 width=15) (actual time=0.127..3448.826 rows=62252 loops=5)
                                 Filter: ((l_shipmode = ANY ('{SHIP,"REG AIR"}'::bpchar[])) AND (l_commitdate < l_receiptdate) AND (l_shipdate < l_commitdate) AND (l_receiptdate >= '1994-01-01'::date) AND (l_receiptdate < '1995-01-01'::date))
                                 Rows Removed by Filter: 11934959
               ->  Index Scan using orders_pkey on orders  (cost=0.43..3.42 rows=1 width=20) (actual time=0.002..0.002 rows=1 loops=155572)
                     Index Cond: (o_orderkey = lineitem.l_orderkey)
 Planning Time: 0.912 ms
 Execution Time: 3952.324 ms
(21 rows)

query 13 run 1
SET
SET
SET
                                                                                    QUERY PLAN                                                                                     
-----------------------------------------------------------------------------------------------------------------------------------------------------------------------------------
 Limit  (cost=1361611.19..1361611.19 rows=1 width=16) (actual time=16741.874..16741.877 rows=1 loops=1)
   ->  Sort  (cost=1361611.19..1361611.69 rows=200 width=16) (actual time=16741.872..16741.875 rows=1 loops=1)
         Sort Key: (count(*)) DESC, (count(orders.o_orderkey)) DESC
         Sort Method: top-N heapsort  Memory: 25kB
         ->  HashAggregate  (cost=1361608.19..1361610.19 rows=200 width=16) (actual time=16741.846..16741.854 rows=46 loops=1)
               Group Key: count(orders.o_orderkey)
               Batches: 1  Memory Usage: 40kB
               ->  HashAggregate  (cost=1208102.26..1339105.64 rows=1500170 width=12) (actual time=14629.783..16571.933 rows=1500000 loops=1)
                     Group Key: customer.c_custkey
                     Planned Partitions: 4  Batches: 5  Memory Usage: 65585kB  Disk Usage: 212480kB
                     ->  Hash Right Join  (cost=53290.10..662894.37 rows=14848215 width=8) (actual time=374.840..10773.819 rows=15337604 loops=1)
                           Hash Cond: (orders.o_custkey = customer.c_custkey)
                           ->  Seq Scan on orders  (cost=0.00..448764.59 rows=14848215 width=8) (actual time=0.601..5015.061 rows=14837583 loops=1)
                                 Filter: ((o_comment)::text !~~ '%special%requests%'::text)
                                 Rows Removed by Filter: 162417
                           ->  Hash  (cost=28676.98..28676.98 rows=1500170 width=4) (actual time=371.684..371.685 rows=1500000 loops=1)
                                 Buckets: 2097152  Batches: 2  Memory Usage: 42747kB
                                 ->  Index Only Scan using customer_pkey on customer  (cost=0.43..28676.98 rows=1500170 width=4) (actual time=0.022..164.699 rows=1500000 loops=1)
                                       Heap Fetches: 0
 Planning Time: 18.844 ms
 Execution Time: 16775.069 ms
(21 rows)

SET
SET
SET
                                                                                    QUERY PLAN                                                                                     
-----------------------------------------------------------------------------------------------------------------------------------------------------------------------------------
 Limit  (cost=1361611.19..1361611.19 rows=1 width=16) (actual time=16134.192..16134.196 rows=1 loops=1)
   ->  Sort  (cost=1361611.19..1361611.69 rows=200 width=16) (actual time=16134.191..16134.194 rows=1 loops=1)
         Sort Key: (count(*)) DESC, (count(orders.o_orderkey)) DESC
         Sort Method: top-N heapsort  Memory: 25kB
         ->  HashAggregate  (cost=1361608.19..1361610.19 rows=200 width=16) (actual time=16134.166..16134.174 rows=46 loops=1)
               Group Key: count(orders.o_orderkey)
               Batches: 1  Memory Usage: 40kB
               ->  HashAggregate  (cost=1208102.26..1339105.64 rows=1500170 width=12) (actual time=14035.122..15961.715 rows=1500000 loops=1)
                     Group Key: customer.c_custkey
                     Planned Partitions: 4  Batches: 5  Memory Usage: 65585kB  Disk Usage: 212480kB
                     ->  Hash Right Join  (cost=53290.10..662894.37 rows=14848215 width=8) (actual time=339.058..10231.002 rows=15337604 loops=1)
                           Hash Cond: (orders.o_custkey = customer.c_custkey)
                           ->  Seq Scan on orders  (cost=0.00..448764.59 rows=14848215 width=8) (actual time=0.040..4559.304 rows=14837583 loops=1)
                                 Filter: ((o_comment)::text !~~ '%special%requests%'::text)
                                 Rows Removed by Filter: 162417
                           ->  Hash  (cost=28676.98..28676.98 rows=1500170 width=4) (actual time=336.405..336.406 rows=1500000 loops=1)
                                 Buckets: 2097152  Batches: 2  Memory Usage: 42747kB
                                 ->  Index Only Scan using customer_pkey on customer  (cost=0.43..28676.98 rows=1500170 width=4) (actual time=0.021..133.179 rows=1500000 loops=1)
                                       Heap Fetches: 0
 Planning Time: 0.743 ms
 Execution Time: 16170.365 ms
(21 rows)

query 14 run 1
SET
SET
SET
                                                                                  QUERY PLAN                                                                                  
------------------------------------------------------------------------------------------------------------------------------------------------------------------------------
 Limit  (cost=809318.74..809318.75 rows=1 width=32) (actual time=5263.820..5295.038 rows=1 loops=1)
   ->  Finalize Aggregate  (cost=809318.74..809318.75 rows=1 width=32) (actual time=5263.811..5295.027 rows=1 loops=1)
         ->  Gather  (cost=809318.28..809318.69 rows=4 width=64) (actual time=5256.948..5295.007 rows=5 loops=1)
               Workers Planned: 4
               Workers Launched: 4
               ->  Partial Aggregate  (cost=808318.28..808318.29 rows=1 width=64) (actual time=5247.669..5247.671 rows=1 loops=5)
                     ->  Parallel Hash Join  (cost=63649.98..805202.79 rows=178028 width=33) (actual time=640.446..5105.647 rows=154588 loops=5)
                           Hash Cond: (lineitem.l_partkey = part.p_partkey)
                           ->  Parallel Bitmap Heap Scan on lineitem  (cost=11418.69..752504.17 rows=178028 width=16) (actual time=285.710..4572.205 rows=154588 loops=5)
                                 Recheck Cond: ((l_shipdate >= '1994-05-01'::date) AND (l_shipdate < '1994-06-01'::date))
                                 Heap Blocks: exact=84305
                                 ->  Bitmap Index Scan on idx_lineitem_shipdate  (cost=0.00..11240.67 rows=712110 width=0) (actual time=186.441..186.441 rows=772942 loops=1)
                                       Index Cond: ((l_shipdate >= '1994-05-01'::date) AND (l_shipdate < '1994-06-01'::date))
                           ->  Parallel Hash  (cost=45981.13..45981.13 rows=500013 width=25) (actual time=352.491..352.491 rows=400000 loops=5)
                                 Buckets: 2097152  Batches: 1  Memory Usage: 137280kB
                                 ->  Parallel Seq Scan on part  (cost=0.00..45981.13 rows=500013 width=25) (actual time=0.520..191.109 rows=400000 loops=5)
 Planning Time: 20.342 ms
 Execution Time: 5295.790 ms
(18 rows)

SET
SET
SET
                                                                                  QUERY PLAN                                                                                  
------------------------------------------------------------------------------------------------------------------------------------------------------------------------------
 Limit  (cost=809318.74..809318.75 rows=1 width=32) (actual time=1650.540..1682.918 rows=1 loops=1)
   ->  Finalize Aggregate  (cost=809318.74..809318.75 rows=1 width=32) (actual time=1650.539..1682.916 rows=1 loops=1)
         ->  Gather  (cost=809318.28..809318.69 rows=4 width=64) (actual time=1649.552..1682.882 rows=5 loops=1)
               Workers Planned: 4
               Workers Launched: 4
               ->  Partial Aggregate  (cost=808318.28..808318.29 rows=1 width=64) (actual time=1641.362..1641.365 rows=1 loops=5)
                     ->  Parallel Hash Join  (cost=63649.98..805202.79 rows=178028 width=33) (actual time=519.758..1533.938 rows=154588 loops=5)
                           Hash Cond: (lineitem.l_partkey = part.p_partkey)
                           ->  Parallel Bitmap Heap Scan on lineitem  (cost=11418.69..752504.17 rows=178028 width=16) (actual time=268.341..1133.634 rows=154588 loops=5)
                                 Recheck Cond: ((l_shipdate >= '1994-05-01'::date) AND (l_shipdate < '1994-06-01'::date))
                                 Heap Blocks: exact=83029
                                 ->  Bitmap Index Scan on idx_lineitem_shipdate  (cost=0.00..11240.67 rows=712110 width=0) (actual time=168.653..168.653 rows=772942 loops=1)
                                       Index Cond: ((l_shipdate >= '1994-05-01'::date) AND (l_shipdate < '1994-06-01'::date))
                           ->  Parallel Hash  (cost=45981.13..45981.13 rows=500013 width=25) (actual time=249.356..249.356 rows=400000 loops=5)
                                 Buckets: 2097152  Batches: 1  Memory Usage: 137312kB
                                 ->  Parallel Seq Scan on part  (cost=0.00..45981.13 rows=500013 width=25) (actual time=0.059..82.881 rows=400000 loops=5)
 Planning Time: 1.124 ms
 Execution Time: 1682.964 ms
(18 rows)

query 15 run 1
SET
SET
SET
CREATE VIEW
                                                                                       QUERY PLAN                                                                                       
----------------------------------------------------------------------------------------------------------------------------------------------------------------------------------------
 Limit  (cost=2742832.73..2742939.91 rows=1 width=104) (actual time=12994.562..13042.629 rows=1 loops=1)
   InitPlan 1
     ->  Aggregate  (cost=1390258.12..1390258.13 rows=1 width=32) (actual time=2790.040..2799.140 rows=1 loops=1)
           ->  Finalize HashAggregate  (cost=1387724.62..1388991.37 rows=101340 width=36) (actual time=2746.760..2793.272 rows=100000 loops=1)
                 Group Key: lineitem_1.l_suppkey
                 Batches: 1  Memory Usage: 56337kB
                 ->  Gather  (cost=1342881.67..1384684.42 rows=405360 width=36) (actual time=2438.729..2519.135 rows=398610 loops=1)
                       Workers Planned: 4
                       Workers Launched: 3
                       ->  Partial HashAggregate  (cost=1341881.67..1343148.42 rows=101340 width=36) (actual time=2434.430..2480.119 rows=99652 loops=4)
                             Group Key: lineitem_1.l_suppkey
                             Batches: 1  Memory Usage: 39953kB
                             Worker 0:  Batches: 1  Memory Usage: 39953kB
                             Worker 1:  Batches: 1  Memory Usage: 39953kB
                             Worker 2:  Batches: 1  Memory Usage: 39953kB
                             ->  Parallel Bitmap Heap Scan on lineitem lineitem_1  (cost=36524.86..1336186.97 rows=569470 width=16) (actual time=428.259..1989.509 rows=566428 loops=4)
                                   Recheck Cond: ((l_shipdate >= '1996-01-01'::date) AND (l_shipdate < '1996-04-01'::date))
                                   Rows Removed by Index Recheck: 3305913
                                   Heap Blocks: exact=105781 lossy=70424
                                   ->  Bitmap Index Scan on idx_lineitem_shipdate  (cost=0.00..35955.39 rows=2277882 width=0) (actual time=337.850..337.850 rows=2265714 loops=1)
                                         Index Cond: ((l_shipdate >= '1996-01-01'::date) AND (l_shipdate < '1996-04-01'::date))
   ->  Nested Loop  (cost=1352574.60..1406913.99 rows=507 width=104) (actual time=12994.560..13033.526 rows=1 loops=1)
         ->  Finalize GroupAggregate  (cost=1352574.31..1405670.25 rows=507 width=36) (actual time=12993.787..13032.753 rows=1 loops=1)
               Group Key: lineitem.l_suppkey
               Filter: (sum((lineitem.l_extendedprice * ('1'::numeric - lineitem.l_discount))) = (InitPlan 1).col1)
               Rows Removed by Filter: 69997
               ->  Gather Merge  (cost=1352574.31..1401109.95 rows=405360 width=36) (actual time=10014.015..10116.771 rows=346175 loops=1)
                     Workers Planned: 4
                     Workers Launched: 4
                     ->  Sort  (cost=1351574.25..1351827.60 rows=101340 width=36) (actual time=9983.540..9991.669 rows=69749 loops=5)
                           Sort Key: lineitem.l_suppkey
                           Sort Method: quicksort  Memory: 11563kB
                           Worker 0:  Sort Method: quicksort  Memory: 11577kB
                           Worker 1:  Sort Method: quicksort  Memory: 11572kB
                           Worker 2:  Sort Method: quicksort  Memory: 11579kB
                           Worker 3:  Sort Method: quicksort  Memory: 11572kB
                           ->  Partial HashAggregate  (cost=1341881.67..1343148.42 rows=101340 width=36) (actual time=9899.432..9959.682 rows=98913 loops=5)
                                 Group Key: lineitem.l_suppkey
                                 Batches: 1  Memory Usage: 39953kB
                                 Worker 0:  Batches: 1  Memory Usage: 43025kB
                                 Worker 1:  Batches: 1  Memory Usage: 39953kB
                                 Worker 2:  Batches: 1  Memory Usage: 39953kB
                                 Worker 3:  Batches: 1  Memory Usage: 39953kB
                                 ->  Parallel Bitmap Heap Scan on lineitem  (cost=36524.86..1336186.97 rows=569470 width=16) (actual time=477.958..9409.547 rows=453143 loops=5)
                                       Recheck Cond: ((l_shipdate >= '1996-01-01'::date) AND (l_shipdate < '1996-04-01'::date))
                                       Rows Removed by Index Recheck: 2644730
                                       Heap Blocks: exact=79842 lossy=52534
                                       ->  Bitmap Index Scan on idx_lineitem_shipdate  (cost=0.00..35955.39 rows=2277882 width=0) (actual time=392.600..392.600 rows=2265714 loops=1)
                                             Index Cond: ((l_shipdate >= '1996-01-01'::date) AND (l_shipdate < '1996-04-01'::date))
         ->  Index Scan using supplier_pkey on supplier  (cost=0.29..2.44 rows=1 width=72) (actual time=0.766..0.766 rows=1 loops=1)
               Index Cond: (s_suppkey = lineitem.l_suppkey)
 Planning Time: 13.799 ms
 Execution Time: 13044.881 ms
(53 rows)

DROP VIEW
SET
SET
SET
CREATE VIEW
                                                                                       QUERY PLAN                                                                                       
----------------------------------------------------------------------------------------------------------------------------------------------------------------------------------------
 Limit  (cost=2742832.73..2742939.91 rows=1 width=104) (actual time=5718.770..5766.323 rows=1 loops=1)
   InitPlan 1
     ->  Aggregate  (cost=1390258.12..1390258.13 rows=1 width=32) (actual time=2802.086..2812.239 rows=1 loops=1)
           ->  Finalize HashAggregate  (cost=1387724.62..1388991.37 rows=101340 width=36) (actual time=2759.561..2806.388 rows=100000 loops=1)
                 Group Key: lineitem_1.l_suppkey
                 Batches: 1  Memory Usage: 56337kB
                 ->  Gather  (cost=1342881.67..1384684.42 rows=405360 width=36) (actual time=2447.903..2530.109 rows=398552 loops=1)
                       Workers Planned: 4
                       Workers Launched: 3
                       ->  Partial HashAggregate  (cost=1341881.67..1343148.42 rows=101340 width=36) (actual time=2443.722..2489.511 rows=99638 loops=4)
                             Group Key: lineitem_1.l_suppkey
                             Batches: 1  Memory Usage: 39953kB
                             Worker 0:  Batches: 1  Memory Usage: 39953kB
                             Worker 1:  Batches: 1  Memory Usage: 39953kB
                             Worker 2:  Batches: 1  Memory Usage: 39953kB
                             ->  Parallel Bitmap Heap Scan on lineitem lineitem_1  (cost=36524.86..1336186.97 rows=569470 width=16) (actual time=429.305..1997.949 rows=566428 loops=4)
                                   Recheck Cond: ((l_shipdate >= '1996-01-01'::date) AND (l_shipdate < '1996-04-01'::date))
                                   Rows Removed by Index Recheck: 3305913
                                   Heap Blocks: exact=106237 lossy=70448
                                   ->  Bitmap Index Scan on idx_lineitem_shipdate  (cost=0.00..35955.39 rows=2277882 width=0) (actual time=338.833..338.833 rows=2265714 loops=1)
                                         Index Cond: ((l_shipdate >= '1996-01-01'::date) AND (l_shipdate < '1996-04-01'::date))
   ->  Nested Loop  (cost=1352574.60..1406913.99 rows=507 width=104) (actual time=5718.769..5756.167 rows=1 loops=1)
         ->  Finalize GroupAggregate  (cost=1352574.31..1405670.25 rows=507 width=36) (actual time=5718.715..5756.112 rows=1 loops=1)
               Group Key: lineitem.l_suppkey
               Filter: (sum((lineitem.l_extendedprice * ('1'::numeric - lineitem.l_discount))) = (InitPlan 1).col1)
               Rows Removed by Filter: 69997
               ->  Gather Merge  (cost=1352574.31..1401109.95 rows=405360 width=36) (actual time=2729.217..2829.271 rows=346133 loops=1)
                     Workers Planned: 4
                     Workers Launched: 4
                     ->  Sort  (cost=1351574.25..1351827.60 rows=101340 width=36) (actual time=2703.144..2711.031 rows=69704 loops=5)
                           Sort Key: lineitem.l_suppkey
                           Sort Method: quicksort  Memory: 11557kB
                           Worker 0:  Sort Method: quicksort  Memory: 11569kB
                           Worker 1:  Sort Method: quicksort  Memory: 11594kB
                           Worker 2:  Sort Method: quicksort  Memory: 11596kB
                           Worker 3:  Sort Method: quicksort  Memory: 11548kB
                           ->  Partial HashAggregate  (cost=1341881.67..1343148.42 rows=101340 width=36) (actual time=2618.611..2678.173 rows=98909 loops=5)
                                 Group Key: lineitem.l_suppkey
                                 Batches: 1  Memory Usage: 39953kB
                                 Worker 0:  Batches: 1  Memory Usage: 39953kB
                                 Worker 1:  Batches: 1  Memory Usage: 39953kB
                                 Worker 2:  Batches: 1  Memory Usage: 39953kB
                                 Worker 3:  Batches: 1  Memory Usage: 39953kB
                                 ->  Parallel Bitmap Heap Scan on lineitem  (cost=36524.86..1336186.97 rows=569470 width=16) (actual time=441.192..2185.219 rows=453143 loops=5)
                                       Recheck Cond: ((l_shipdate >= '1996-01-01'::date) AND (l_shipdate < '1996-04-01'::date))
                                       Rows Removed by Index Recheck: 2644730
                                       Heap Blocks: exact=77816 lossy=51420
                                       ->  Bitmap Index Scan on idx_lineitem_shipdate  (cost=0.00..35955.39 rows=2277882 width=0) (actual time=351.906..351.906 rows=2265714 loops=1)
                                             Index Cond: ((l_shipdate >= '1996-01-01'::date) AND (l_shipdate < '1996-04-01'::date))
         ->  Index Scan using supplier_pkey on supplier  (cost=0.29..2.44 rows=1 width=72) (actual time=0.050..0.050 rows=1 loops=1)
               Index Cond: (s_suppkey = lineitem.l_suppkey)
 Planning Time: 1.330 ms
 Execution Time: 5768.303 ms
(53 rows)

DROP VIEW
query 16 run 1
SET
SET
SET
                                                                                            QUERY PLAN                                                                                            
--------------------------------------------------------------------------------------------------------------------------------------------------------------------------------------------------
 Limit  (cost=254232.33..254232.33 rows=1 width=44) (actual time=2832.666..2840.318 rows=1 loops=1)
   ->  Sort  (cost=254232.33..254621.16 rows=155530 width=44) (actual time=2832.665..2840.316 rows=1 loops=1)
         Sort Key: (count(DISTINCT partsupp.ps_suppkey)) DESC, part.p_brand, part.p_type, part.p_size
         Sort Method: top-N heapsort  Memory: 25kB
         ->  GroupAggregate  (cost=172597.27..253454.68 rows=155530 width=44) (actual time=2171.395..2834.873 rows=27838 loops=1)
               Group Key: part.p_brand, part.p_type, part.p_size
               ->  Gather Merge  (cost=172597.27..245786.74 rows=611264 width=40) (actual time=2171.342..2669.570 rows=1186319 loops=1)
                     Workers Planned: 4
                     Workers Launched: 4
                     ->  Sort  (cost=171597.21..171979.25 rows=152816 width=40) (actual time=2036.245..2052.133 rows=237264 loops=5)
                           Sort Key: part.p_brand, part.p_type, part.p_size, partsupp.ps_suppkey
                           Sort Method: quicksort  Memory: 20231kB
                           Worker 0:  Sort Method: quicksort  Memory: 19445kB
                           Worker 1:  Sort Method: quicksort  Memory: 19428kB
                           Worker 2:  Sort Method: quicksort  Memory: 19997kB
                           Worker 3:  Sort Method: quicksort  Memory: 24786kB
                           ->  Parallel Hash Join  (cost=57907.91..158438.65 rows=152816 width=40) (actual time=356.826..1091.043 rows=237264 loops=5)
                                 Hash Cond: (partsupp.ps_partkey = part.p_partkey)
                                 ->  Parallel Index Only Scan using partsupp_pkey on partsupp  (cost=3471.46..101377.19 rows=1000004 width=8) (actual time=37.719..578.028 rows=1599104 loops=5)
                                       Filter: (NOT (ANY (ps_suppkey = (hashed SubPlan 1).col1)))
                                       Rows Removed by Filter: 896
                                       Heap Fetches: 0
                                       SubPlan 1
                                         ->  Seq Scan on supplier  (cost=0.00..3471.00 rows=10 width=4) (actual time=1.100..36.730 rows=56 loops=5)
                                               Filter: ((s_comment)::text ~~ '%Customer%Complaints%'::text)
                                               Rows Removed by Filter: 99944
                                 ->  Parallel Hash  (cost=53481.32..53481.32 rows=76410 width=40) (actual time=318.468..318.469 rows=59347 loops=5)
                                       Buckets: 524288  Batches: 1  Memory Usage: 26336kB
                                       ->  Parallel Seq Scan on part  (cost=0.00..53481.32 rows=76410 width=40) (actual time=0.770..294.843 rows=59347 loops=5)
                                             Filter: ((p_brand <> 'Brand#12'::bpchar) AND ((p_type)::text !~~ 'SMALL BRUSHED%'::text) AND (p_size = ANY ('{12,32,36,26,40,34,49,9}'::integer[])))
                                             Rows Removed by Filter: 340653
 Planning Time: 17.302 ms
 Execution Time: 2840.619 ms
(33 rows)

SET
SET
SET
                                                                                            QUERY PLAN                                                                                            
--------------------------------------------------------------------------------------------------------------------------------------------------------------------------------------------------
 Limit  (cost=254232.33..254232.33 rows=1 width=44) (actual time=2497.283..2505.336 rows=1 loops=1)
   ->  Sort  (cost=254232.33..254621.16 rows=155530 width=44) (actual time=2497.282..2505.334 rows=1 loops=1)
         Sort Key: (count(DISTINCT partsupp.ps_suppkey)) DESC, part.p_brand, part.p_type, part.p_size
         Sort Method: top-N heapsort  Memory: 25kB
         ->  GroupAggregate  (cost=172597.27..253454.68 rows=155530 width=44) (actual time=1833.975..2499.913 rows=27838 loops=1)
               Group Key: part.p_brand, part.p_type, part.p_size
               ->  Gather Merge  (cost=172597.27..245786.74 rows=611264 width=40) (actual time=1833.927..2332.093 rows=1186319 loops=1)
                     Workers Planned: 4
                     Workers Launched: 4
                     ->  Sort  (cost=171597.21..171979.25 rows=152816 width=40) (actual time=1758.444..1774.385 rows=237264 loops=5)
                           Sort Key: part.p_brand, part.p_type, part.p_size, partsupp.ps_suppkey
                           Sort Method: quicksort  Memory: 21226kB
                           Worker 0:  Sort Method: quicksort  Memory: 17501kB
                           Worker 1:  Sort Method: quicksort  Memory: 19841kB
                           Worker 2:  Sort Method: quicksort  Memory: 24802kB
                           Worker 3:  Sort Method: quicksort  Memory: 20515kB
                           ->  Parallel Hash Join  (cost=57907.91..158438.65 rows=152816 width=40) (actual time=185.784..804.917 rows=237264 loops=5)
                                 Hash Cond: (partsupp.ps_partkey = part.p_partkey)
                                 ->  Parallel Index Only Scan using partsupp_pkey on partsupp  (cost=3471.46..101377.19 rows=1000004 width=8) (actual time=27.664..439.915 rows=1599104 loops=5)
                                       Filter: (NOT (ANY (ps_suppkey = (hashed SubPlan 1).col1)))
                                       Rows Removed by Filter: 896
                                       Heap Fetches: 0
                                       SubPlan 1
                                         ->  Seq Scan on supplier  (cost=0.00..3471.00 rows=10 width=4) (actual time=0.088..27.547 rows=56 loops=5)
                                               Filter: ((s_comment)::text ~~ '%Customer%Complaints%'::text)
                                               Rows Removed by Filter: 99944
                                 ->  Parallel Hash  (cost=53481.32..53481.32 rows=76410 width=40) (actual time=157.145..157.146 rows=59347 loops=5)
                                       Buckets: 524288  Batches: 1  Memory Usage: 26400kB
                                       ->  Parallel Seq Scan on part  (cost=0.00..53481.32 rows=76410 width=40) (actual time=0.016..126.367 rows=59347 loops=5)
                                             Filter: ((p_brand <> 'Brand#12'::bpchar) AND ((p_type)::text !~~ 'SMALL BRUSHED%'::text) AND (p_size = ANY ('{12,32,36,26,40,34,49,9}'::integer[])))
                                             Rows Removed by Filter: 340653
 Planning Time: 1.283 ms
 Execution Time: 2505.416 ms
(33 rows)

query 17 run 1
SET
SET
SET
                                                                                      QUERY PLAN                                                                                       
---------------------------------------------------------------------------------------------------------------------------------------------------------------------------------------
 Limit  (cost=3375407.71..3375407.72 rows=1 width=32) (actual time=24359.457..24438.466 rows=1 loops=1)
   ->  Aggregate  (cost=3375407.71..3375407.72 rows=1 width=32) (actual time=24359.456..24438.464 rows=1 loops=1)
         ->  Merge Join  (cost=2274149.46..3375361.66 rows=18418 width=8) (actual time=18142.490..24437.609 rows=5319 loops=1)
               Merge Cond: (lineitem_1.l_partkey = part.p_partkey)
               Join Filter: (lineitem.l_quantity < ((0.2 * avg(lineitem_1.l_quantity))))
               Rows Removed by Join Filter: 54632
               ->  Finalize GroupAggregate  (cost=2273148.53..3271407.10 rows=1905297 width=36) (actual time=18114.855..24240.331 rows=1999333 loops=1)
                     Group Key: lineitem_1.l_partkey
                     ->  Gather Merge  (cost=2273148.53..3185668.74 rows=7621188 width=36) (actual time=18114.837..20140.401 rows=9972396 loops=1)
                           Workers Planned: 4
                           Workers Launched: 4
                           ->  Sort  (cost=2272148.47..2276911.72 rows=1905297 width=36) (actual time=17895.677..18188.105 rows=1994938 loops=5)
                                 Sort Key: lineitem_1.l_partkey
                                 Sort Method: external merge  Disk: 150352kB
                                 Worker 0:  Sort Method: external merge  Disk: 150360kB
                                 Worker 1:  Sort Method: external merge  Disk: 150360kB
                                 Worker 2:  Sort Method: external merge  Disk: 150360kB
                                 Worker 3:  Sort Method: external merge  Disk: 150344kB
                                 ->  Partial HashAggregate  (cost=1869658.36..2039917.40 rows=1905297 width=36) (actual time=9910.967..16982.832 rows=1995144 loops=5)
                                       Group Key: lineitem_1.l_partkey
                                       Planned Partitions: 16  Batches: 17  Memory Usage: 65681kB  Disk Usage: 403472kB
                                       Worker 0:  Batches: 17  Memory Usage: 65681kB  Disk Usage: 399384kB
                                       Worker 1:  Batches: 17  Memory Usage: 65681kB  Disk Usage: 404520kB
                                       Worker 2:  Batches: 17  Memory Usage: 65681kB  Disk Usage: 407616kB
                                       Worker 3:  Batches: 17  Memory Usage: 65681kB  Disk Usage: 400400kB
                                       ->  Parallel Seq Scan on lineitem lineitem_1  (cost=0.00..1275100.46 rows=14995746 width=9) (actual time=1.273..3918.880 rows=11997210 loops=5)
               ->  Materialize  (cost=1000.93..98355.64 rows=58002 width=21) (actual time=25.518..70.348 rows=59951 loops=1)
                     ->  Gather Merge  (cost=1000.93..98210.63 rows=58002 width=21) (actual time=25.512..62.692 rows=59951 loops=1)
                           Workers Planned: 4
                           Workers Launched: 3
                           ->  Nested Loop  (cost=0.87..90301.98 rows=14500 width=21) (actual time=1.157..505.149 rows=14988 loops=4)
                                 ->  Parallel Index Scan using part_pkey on part  (cost=0.43..66712.88 rows=484 width=4) (actual time=0.716..206.854 rows=499 loops=4)
                                       Filter: ((p_brand = 'Brand#22'::bpchar) AND (p_container = 'LG BOX'::bpchar))
                                       Rows Removed by Filter: 499501
                                 ->  Index Scan using idx_lineitem_part_supp on lineitem  (cost=0.44..48.43 rows=31 width=17) (actual time=0.358..0.588 rows=30 loops=1996)
                                       Index Cond: (l_partkey = part.p_partkey)
 Planning Time: 15.060 ms
 Execution Time: 24506.550 ms
(38 rows)

SET
SET
SET
                                                                                      QUERY PLAN                                                                                       
---------------------------------------------------------------------------------------------------------------------------------------------------------------------------------------
 Limit  (cost=3375407.71..3375407.72 rows=1 width=32) (actual time=22733.080..22816.799 rows=1 loops=1)
   ->  Aggregate  (cost=3375407.71..3375407.72 rows=1 width=32) (actual time=22733.079..22816.797 rows=1 loops=1)
         ->  Merge Join  (cost=2274149.46..3375361.66 rows=18418 width=8) (actual time=16589.986..22816.105 rows=5319 loops=1)
               Merge Cond: (lineitem_1.l_partkey = part.p_partkey)
               Join Filter: (lineitem.l_quantity < ((0.2 * avg(lineitem_1.l_quantity))))
               Rows Removed by Join Filter: 54632
               ->  Finalize GroupAggregate  (cost=2273148.53..3271407.10 rows=1905297 width=36) (actual time=16580.331..22666.979 rows=1999333 loops=1)
                     Group Key: lineitem_1.l_partkey
                     ->  Gather Merge  (cost=2273148.53..3185668.74 rows=7621188 width=36) (actual time=16580.313..18606.528 rows=9972028 loops=1)
                           Workers Planned: 4
                           Workers Launched: 4
                           ->  Sort  (cost=2272148.47..2276911.72 rows=1905297 width=36) (actual time=16440.079..16729.299 rows=1994896 loops=5)
                                 Sort Key: lineitem_1.l_partkey
                                 Sort Method: external merge  Disk: 150368kB
                                 Worker 0:  Sort Method: external merge  Disk: 150344kB
                                 Worker 1:  Sort Method: external merge  Disk: 150352kB
                                 Worker 2:  Sort Method: external merge  Disk: 150392kB
                                 Worker 3:  Sort Method: external merge  Disk: 150296kB
                                 ->  Partial HashAggregate  (cost=1869658.36..2039917.40 rows=1905297 width=36) (actual time=8385.165..15493.799 rows=1995071 loops=5)
                                       Group Key: lineitem_1.l_partkey
                                       Planned Partitions: 16  Batches: 17  Memory Usage: 65681kB  Disk Usage: 407776kB
                                       Worker 0:  Batches: 17  Memory Usage: 65681kB  Disk Usage: 399400kB
                                       Worker 1:  Batches: 17  Memory Usage: 65681kB  Disk Usage: 401424kB
                                       Worker 2:  Batches: 17  Memory Usage: 65681kB  Disk Usage: 407976kB
                                       Worker 3:  Batches: 17  Memory Usage: 65681kB  Disk Usage: 391368kB
                                       ->  Parallel Seq Scan on lineitem lineitem_1  (cost=0.00..1275100.46 rows=14995746 width=9) (actual time=0.067..1404.507 rows=11997210 loops=5)
               ->  Materialize  (cost=1000.93..98355.64 rows=58002 width=21) (actual time=7.658..27.882 rows=59951 loops=1)
                     ->  Gather Merge  (cost=1000.93..98210.63 rows=58002 width=21) (actual time=7.652..20.597 rows=59951 loops=1)
                           Workers Planned: 4
                           Workers Launched: 3
                           ->  Nested Loop  (cost=0.87..90301.98 rows=14500 width=21) (actual time=0.257..130.775 rows=14988 loops=4)
                                 ->  Parallel Index Scan using part_pkey on part  (cost=0.43..66712.88 rows=484 width=4) (actual time=0.234..111.103 rows=499 loops=4)
                                       Filter: ((p_brand = 'Brand#22'::bpchar) AND (p_container = 'LG BOX'::bpchar))
                                       Rows Removed by Filter: 499501
                                 ->  Index Scan using idx_lineitem_part_supp on lineitem  (cost=0.44..48.43 rows=31 width=17) (actual time=0.005..0.035 rows=30 loops=1996)
                                       Index Cond: (l_partkey = part.p_partkey)
 Planning Time: 1.089 ms
 Execution Time: 22884.227 ms
(38 rows)

query 18 run 1
SET
SET
SET
                                                                                                    QUERY PLAN                                                                                                     
-------------------------------------------------------------------------------------------------------------------------------------------------------------------------------------------------------------------
 Limit  (cost=8578805.96..8578806.21 rows=100 width=71) (actual time=74070.693..74082.924 rows=99 loops=1)
   ->  Sort  (cost=8578805.96..8628778.52 rows=19989021 width=71) (actual time=74070.692..74082.916 rows=99 loops=1)
         Sort Key: orders.o_totalprice DESC, orders.o_orderdate
         Sort Method: quicksort  Memory: 31kB
         ->  GroupAggregate  (cost=829629.32..7814839.96 rows=19989021 width=71) (actual time=41368.185..74082.810 rows=99 loops=1)
               Group Key: orders.o_orderkey, customer.c_custkey
               ->  Incremental Sort  (cost=829629.32..7415059.54 rows=19989021 width=44) (actual time=41368.175..74082.520 rows=693 loops=1)
                     Sort Key: orders.o_orderkey, customer.c_custkey
                     Presorted Key: orders.o_orderkey
                     Full-sort Groups: 20  Sort Method: quicksort  Average Memory: 27kB  Peak Memory: 27kB
                     ->  Merge Join  (cost=829628.92..6690178.88 rows=19989021 width=44) (actual time=40022.153..74082.086 rows=693 loops=1)
                           Merge Cond: (orders.o_orderkey = lineitem.l_orderkey)
                           ->  Gather Merge  (cost=829378.43..4160775.68 rows=4998582 width=43) (actual time=39730.959..62710.640 rows=99 loops=1)
                                 Workers Planned: 4
                                 Workers Launched: 4
                                 ->  Merge Join  (cost=828378.37..3564396.32 rows=1249646 width=43) (actual time=5934.544..37472.598 rows=20 loops=5)
                                       Merge Cond: (orders.o_orderkey = lineitem_1.l_orderkey)
                                       ->  Sort  (cost=828377.81..837752.64 rows=3749932 width=39) (actual time=3762.239..4100.667 rows=2996545 loops=5)
                                             Sort Key: orders.o_orderkey
                                             Sort Method: external merge  Disk: 147176kB
                                             Worker 0:  Sort Method: external merge  Disk: 147208kB
                                             Worker 1:  Sort Method: external merge  Disk: 157400kB
                                             Worker 2:  Sort Method: external merge  Disk: 151840kB
                                             Worker 3:  Sort Method: external merge  Disk: 144312kB
                                             ->  Parallel Hash Join  (cost=44385.45..352996.36 rows=3749932 width=39) (actual time=302.860..3022.910 rows=3000000 loops=5)
                                                   Hash Cond: (orders.o_custkey = customer.c_custkey)
                                                   ->  Parallel Seq Scan on orders  (cost=0.00..298767.32 rows=3749932 width=20) (actual time=0.672..1194.600 rows=3000000 loops=5)
                                                   ->  Parallel Hash  (cost=39697.43..39697.43 rows=375042 width=23) (actual time=299.981..299.982 rows=300000 loops=5)
                                                         Buckets: 2097152  Batches: 1  Memory Usage: 98656kB
                                                         ->  Parallel Seq Scan on customer  (cost=0.00..39697.43 rows=375042 width=23) (actual time=0.407..189.917 rows=300000 loops=5)
                                       ->  GroupAggregate  (cost=0.56..2692275.94 rows=4998582 width=4) (actual time=779.273..33164.135 rows=99 loops=5)
                                             Group Key: lineitem_1.l_orderkey
                                             Filter: (sum(lineitem_1.l_quantity) > '313'::numeric)
                                             Rows Removed by Filter: 14992990
                                             ->  Index Scan using idx_lineitem_orderkey on lineitem lineitem_1  (cost=0.56..2167424.82 rows=59982984 width=9) (actual time=1.017..18839.190 rows=59958204 loops=5)
                           ->  Index Scan using idx_lineitem_orderkey on lineitem  (cost=0.56..2167424.82 rows=59982984 width=9) (actual time=0.070..8029.917 rows=59916431 loops=1)
 Planning Time: 24.376 ms
 Execution Time: 74099.799 ms
(38 rows)

SET
SET
SET
                                                                                                    QUERY PLAN                                                                                                     
-------------------------------------------------------------------------------------------------------------------------------------------------------------------------------------------------------------------
 Limit  (cost=8578805.96..8578806.21 rows=100 width=71) (actual time=69203.373..69214.011 rows=99 loops=1)
   ->  Sort  (cost=8578805.96..8628778.52 rows=19989021 width=71) (actual time=69203.372..69214.004 rows=99 loops=1)
         Sort Key: orders.o_totalprice DESC, orders.o_orderdate
         Sort Method: quicksort  Memory: 31kB
         ->  GroupAggregate  (cost=829629.32..7814839.96 rows=19989021 width=71) (actual time=36658.699..69213.899 rows=99 loops=1)
               Group Key: orders.o_orderkey, customer.c_custkey
               ->  Incremental Sort  (cost=829629.32..7415059.54 rows=19989021 width=44) (actual time=36658.688..69213.621 rows=693 loops=1)
                     Sort Key: orders.o_orderkey, customer.c_custkey
                     Presorted Key: orders.o_orderkey
                     Full-sort Groups: 20  Sort Method: quicksort  Average Memory: 27kB  Peak Memory: 27kB
                     ->  Merge Join  (cost=829628.92..6690178.88 rows=19989021 width=44) (actual time=34774.625..69213.182 rows=693 loops=1)
                           Merge Cond: (orders.o_orderkey = lineitem.l_orderkey)
                           ->  Gather Merge  (cost=829378.43..4160775.68 rows=4998582 width=43) (actual time=34444.910..58072.334 rows=99 loops=1)
                                 Workers Planned: 4
                                 Workers Launched: 4
                                 ->  Merge Join  (cost=828378.37..3564396.32 rows=1249646 width=43) (actual time=5722.331..33052.672 rows=20 loops=5)
                                       Merge Cond: (orders.o_orderkey = lineitem_1.l_orderkey)
                                       ->  Sort  (cost=828377.81..837752.64 rows=3749932 width=39) (actual time=3096.551..3432.674 rows=2996546 loops=5)
                                             Sort Key: orders.o_orderkey
                                             Sort Method: external merge  Disk: 150208kB
                                             Worker 0:  Sort Method: external merge  Disk: 146744kB
                                             Worker 1:  Sort Method: external merge  Disk: 154248kB
                                             Worker 2:  Sort Method: external merge  Disk: 147720kB
                                             Worker 3:  Sort Method: external merge  Disk: 148976kB
                                             ->  Parallel Hash Join  (cost=44385.45..352996.36 rows=3749932 width=39) (actual time=199.377..2266.672 rows=3000000 loops=5)
                                                   Hash Cond: (orders.o_custkey = customer.c_custkey)
                                                   ->  Parallel Seq Scan on orders  (cost=0.00..298767.32 rows=3749932 width=20) (actual time=0.041..379.825 rows=3000000 loops=5)
                                                   ->  Parallel Hash  (cost=39697.43..39697.43 rows=375042 width=23) (actual time=195.735..195.736 rows=300000 loops=5)
                                                         Buckets: 2097152  Batches: 1  Memory Usage: 98656kB
                                                         ->  Parallel Seq Scan on customer  (cost=0.00..39697.43 rows=375042 width=23) (actual time=0.226..67.053 rows=300000 loops=5)
                                       ->  GroupAggregate  (cost=0.56..2692275.94 rows=4998582 width=4) (actual time=647.039..29411.574 rows=99 loops=5)
                                             Group Key: lineitem_1.l_orderkey
                                             Filter: (sum(lineitem_1.l_quantity) > '313'::numeric)
                                             Rows Removed by Filter: 14999901
                                             ->  Index Scan using idx_lineitem_orderkey on lineitem lineitem_1  (cost=0.56..2167424.82 rows=59982984 width=9) (actual time=0.075..15109.927 rows=59986052 loops=5)
                           ->  Index Scan using idx_lineitem_orderkey on lineitem  (cost=0.56..2167424.82 rows=59982984 width=9) (actual time=0.052..7804.391 rows=59916431 loops=1)
 Planning Time: 2.096 ms
 Execution Time: 69231.078 ms
(38 rows)

query 19 run 1
SET
SET
SET
                                                                                                                                                                                                                                                                                                                                                                                                                                                                                                                  QUERY PLAN                                                                                                                                                                                                                                                                                                                                                                                                                                                                                                                  
----------------------------------------------------------------------------------------------------------------------------------------------------------------------------------------------------------------------------------------------------------------------------------------------------------------------------------------------------------------------------------------------------------------------------------------------------------------------------------------------------------------------------------------------------------------------------------------------------------------------------------------------------------------------------------------------------------------------------------------------------------------------------------------------------------------------------------------------------------------------------------------------------------------------------------------------------------------------------------------------------------------------------------------------
 Limit  (cost=123366.49..123366.50 rows=1 width=32) (actual time=4927.859..4936.041 rows=1 loops=1)
   ->  Finalize Aggregate  (cost=123366.49..123366.50 rows=1 width=32) (actual time=4927.857..4936.039 rows=1 loops=1)
         ->  Gather  (cost=123366.06..123366.47 rows=4 width=32) (actual time=4927.843..4936.027 rows=5 loops=1)
               Workers Planned: 4
               Workers Launched: 4
               ->  Partial Aggregate  (cost=122366.06..122366.07 rows=1 width=32) (actual time=4912.399..4912.400 rows=1 loops=5)
                     ->  Nested Loop  (cost=0.44..122363.92 rows=285 width=12) (actual time=47.061..4911.801 rows=213 loops=5)
                           ->  Parallel Seq Scan on part  (cost=0.00..62231.55 rows=1193 width=30) (actual time=0.826..162.477 rows=956 loops=5)
                                 Filter: ((p_size >= 1) AND (((p_brand = 'Brand#24'::bpchar) AND (p_container = ANY ('{"SM CASE","SM BOX","SM PACK","SM PKG"}'::bpchar[])) AND (p_size <= 5)) OR ((p_brand = 'Brand#43'::bpchar) AND (p_container = ANY ('{"MED BAG","MED BOX","MED PKG","MED PACK"}'::bpchar[])) AND (p_size <= 10)) OR ((p_brand = 'Brand#44'::bpchar) AND (p_container = ANY ('{"LG CASE","LG BOX","LG PACK","LG PKG"}'::bpchar[])) AND (p_size <= 15))))
                                 Rows Removed by Filter: 399044
                           ->  Index Scan using idx_lineitem_part_supp on lineitem  (cost=0.44..50.39 rows=1 width=21) (actual time=4.485..4.965 rows=0 loops=4781)
                                 Index Cond: (l_partkey = part.p_partkey)
                                 Filter: ((l_shipmode = ANY ('{AIR,"AIR REG"}'::bpchar[])) AND (l_shipinstruct = 'DELIVER IN PERSON'::bpchar) AND (((l_quantity >= '10'::numeric) AND (l_quantity <= '20'::numeric)) OR ((l_quantity >= '10'::numeric) AND (l_quantity <= '20'::numeric)) OR ((l_quantity >= '20'::numeric) AND (l_quantity <= '30'::numeric))) AND (((part.p_brand = 'Brand#24'::bpchar) AND (part.p_container = ANY ('{"SM CASE","SM BOX","SM PACK","SM PKG"}'::bpchar[])) AND (l_quantity >= '10'::numeric) AND (l_quantity <= '20'::numeric) AND (part.p_size <= 5)) OR ((part.p_brand = 'Brand#43'::bpchar) AND (part.p_container = ANY ('{"MED BAG","MED BOX","MED PKG","MED PACK"}'::bpchar[])) AND (l_quantity >= '10'::numeric) AND (l_quantity <= '20'::numeric) AND (part.p_size <= 10)) OR ((part.p_brand = 'Brand#44'::bpchar) AND (part.p_container = ANY ('{"LG CASE","LG BOX","LG PACK","LG PKG"}'::bpchar[])) AND (l_quantity >= '20'::numeric) AND (l_quantity <= '30'::numeric) AND (part.p_size <= 15))))
                                 Rows Removed by Filter: 30
 Planning Time: 18.872 ms
 Execution Time: 4937.477 ms
(16 rows)

SET
SET
SET
                                                                                                                                                                                                                                                                                                                                                                                                                                                                                                                  QUERY PLAN                                                                                                                                                                                                                                                                                                                                                                                                                                                                                                                  
----------------------------------------------------------------------------------------------------------------------------------------------------------------------------------------------------------------------------------------------------------------------------------------------------------------------------------------------------------------------------------------------------------------------------------------------------------------------------------------------------------------------------------------------------------------------------------------------------------------------------------------------------------------------------------------------------------------------------------------------------------------------------------------------------------------------------------------------------------------------------------------------------------------------------------------------------------------------------------------------------------------------------------------------
 Limit  (cost=123366.49..123366.50 rows=1 width=32) (actual time=211.736..232.753 rows=1 loops=1)
   ->  Finalize Aggregate  (cost=123366.49..123366.50 rows=1 width=32) (actual time=211.735..232.751 rows=1 loops=1)
         ->  Gather  (cost=123366.06..123366.47 rows=4 width=32) (actual time=208.579..232.735 rows=5 loops=1)
               Workers Planned: 4
               Workers Launched: 4
               ->  Partial Aggregate  (cost=122366.06..122366.07 rows=1 width=32) (actual time=202.131..202.132 rows=1 loops=5)
                     ->  Nested Loop  (cost=0.44..122363.92 rows=285 width=12) (actual time=1.201..201.951 rows=213 loops=5)
                           ->  Parallel Seq Scan on part  (cost=0.00..62231.55 rows=1193 width=30) (actual time=0.151..127.446 rows=956 loops=5)
                                 Filter: ((p_size >= 1) AND (((p_brand = 'Brand#24'::bpchar) AND (p_container = ANY ('{"SM CASE","SM BOX","SM PACK","SM PKG"}'::bpchar[])) AND (p_size <= 5)) OR ((p_brand = 'Brand#43'::bpchar) AND (p_container = ANY ('{"MED BAG","MED BOX","MED PKG","MED PACK"}'::bpchar[])) AND (p_size <= 10)) OR ((p_brand = 'Brand#44'::bpchar) AND (p_container = ANY ('{"LG CASE","LG BOX","LG PACK","LG PKG"}'::bpchar[])) AND (p_size <= 15))))
                                 Rows Removed by Filter: 399044
                           ->  Index Scan using idx_lineitem_part_supp on lineitem  (cost=0.44..50.39 rows=1 width=21) (actual time=0.071..0.077 rows=0 loops=4781)
                                 Index Cond: (l_partkey = part.p_partkey)
                                 Filter: ((l_shipmode = ANY ('{AIR,"AIR REG"}'::bpchar[])) AND (l_shipinstruct = 'DELIVER IN PERSON'::bpchar) AND (((l_quantity >= '10'::numeric) AND (l_quantity <= '20'::numeric)) OR ((l_quantity >= '10'::numeric) AND (l_quantity <= '20'::numeric)) OR ((l_quantity >= '20'::numeric) AND (l_quantity <= '30'::numeric))) AND (((part.p_brand = 'Brand#24'::bpchar) AND (part.p_container = ANY ('{"SM CASE","SM BOX","SM PACK","SM PKG"}'::bpchar[])) AND (l_quantity >= '10'::numeric) AND (l_quantity <= '20'::numeric) AND (part.p_size <= 5)) OR ((part.p_brand = 'Brand#43'::bpchar) AND (part.p_container = ANY ('{"MED BAG","MED BOX","MED PKG","MED PACK"}'::bpchar[])) AND (l_quantity >= '10'::numeric) AND (l_quantity <= '20'::numeric) AND (part.p_size <= 10)) OR ((part.p_brand = 'Brand#44'::bpchar) AND (part.p_container = ANY ('{"LG CASE","LG BOX","LG PACK","LG PKG"}'::bpchar[])) AND (l_quantity >= '20'::numeric) AND (l_quantity <= '30'::numeric) AND (part.p_size <= 15))))
                                 Rows Removed by Filter: 30
 Planning Time: 1.160 ms
 Execution Time: 232.811 ms
(16 rows)

query 20 run 1
SET
SET
SET
                                                                                    QUERY PLAN                                                                                     
-----------------------------------------------------------------------------------------------------------------------------------------------------------------------------------
 Limit  (cost=2462597.98..2662375.21 rows=1 width=52) (actual time=28163.756..28165.054 rows=1 loops=1)
   ->  Nested Loop Semi Join  (cost=2462597.98..2662375.21 rows=1 width=52) (actual time=28163.754..28165.051 rows=1 loops=1)
         Join Filter: (supplier.s_suppkey = lineitem.l_suppkey)
         Rows Removed by Join Filter: 13473
         ->  Gather Merge  (cost=4122.93..4578.81 rows=4000 width=56) (actual time=28.534..29.764 rows=1 loops=1)
               Workers Planned: 1
               Workers Launched: 1
               ->  Sort  (cost=3122.92..3128.80 rows=2353 width=56) (actual time=18.668..18.684 rows=392 loops=2)
                     Sort Key: supplier.s_name
                     Sort Method: quicksort  Memory: 306kB
                     Worker 0:  Sort Method: quicksort  Memory: 141kB
                     ->  Hash Join  (cost=1.32..2991.15 rows=2353 width=56) (actual time=0.427..17.426 rows=2048 loops=2)
                           Hash Cond: (supplier.s_nationkey = nation.n_nationkey)
                           ->  Parallel Seq Scan on supplier  (cost=0.00..2809.24 rows=58824 width=60) (actual time=0.230..12.723 rows=50000 loops=2)
                           ->  Hash  (cost=1.31..1.31 rows=1 width=4) (actual time=0.131..0.132 rows=1 loops=2)
                                 Buckets: 1024  Batches: 1  Memory Usage: 9kB
                                 ->  Seq Scan on nation  (cost=0.00..1.31 rows=1 width=4) (actual time=0.127..0.129 rows=1 loops=2)
                                       Filter: (n_name = 'IRAQ'::bpchar)
                                       Rows Removed by Filter: 24
         ->  Materialize  (cost=2458475.05..2657616.40 rows=3 width=8) (actual time=26631.960..28134.241 rows=13474 loops=1)
               ->  Hash Join  (cost=2458475.05..2657616.38 rows=3 width=8) (actual time=26631.956..28131.490 rows=13474 loops=1)
                     Hash Cond: ((lineitem.l_partkey = partsupp.ps_partkey) AND (lineitem.l_suppkey = partsupp.ps_suppkey))
                     Join Filter: ((partsupp.ps_availqty)::numeric > ((0.5 * sum(lineitem.l_quantity))))
                     Rows Removed by Join Filter: 27
                     ->  HashAggregate  (cost=2382145.13..2544825.12 rows=4861497 width=40) (actual time=25225.716..26539.005 rows=1251651 loops=1)
                           Group Key: lineitem.l_partkey, lineitem.l_suppkey
                           Planned Partitions: 32  Batches: 61  Memory Usage: 65809kB  Disk Usage: 358152kB
                           ->  Bitmap Heap Scan on lineitem  (cost=147371.57..1994751.64 rows=9191171 width=13) (actual time=1215.043..20403.696 rows=9123688 loops=1)
                                 Recheck Cond: ((l_shipdate >= '1996-01-01'::date) AND (l_shipdate < '1997-01-01'::date))
                                 Rows Removed by Index Recheck: 23164080
                                 Heap Blocks: exact=518099 lossy=530696
                                 ->  Bitmap Index Scan on idx_lineitem_shipdate  (cost=0.00..145073.78 rows=9191171 width=0) (actual time=1090.974..1090.975 rows=9123688 loops=1)
                                       Index Cond: ((l_shipdate >= '1996-01-01'::date) AND (l_shipdate < '1997-01-01'::date))
                     ->  Hash  (cost=75117.77..75117.77 rows=80810 width=16) (actual time=1405.966..1406.031 rows=86872 loops=1)
                           Buckets: 131072  Batches: 1  Memory Usage: 5097kB
                           ->  Gather  (cost=1000.43..75117.77 rows=80810 width=16) (actual time=4.026..1385.981 rows=86872 loops=1)
                                 Workers Planned: 4
                                 Workers Launched: 4
                                 ->  Nested Loop  (cost=0.43..66036.77 rows=20202 width=16) (actual time=2.643..1391.253 rows=17374 loops=5)
                                       ->  Parallel Seq Scan on part  (cost=0.00..47231.16 rows=5051 width=4) (actual time=0.748..118.900 rows=4344 loops=5)
                                             Filter: ((p_name)::text ~~ 'olive%'::text)
                                             Rows Removed by Filter: 395656
                                       ->  Index Scan using idx_partsupp_partkey on partsupp  (cost=0.43..3.55 rows=17 width=12) (actual time=0.272..0.291 rows=4 loops=21718)
                                             Index Cond: (ps_partkey = part.p_partkey)
 Planning Time: 23.802 ms
 Execution Time: 28210.542 ms
(46 rows)

SET
SET
SET
                                                                                   QUERY PLAN                                                                                    
---------------------------------------------------------------------------------------------------------------------------------------------------------------------------------
 Limit  (cost=2462597.98..2662375.21 rows=1 width=52) (actual time=15219.450..15220.913 rows=1 loops=1)
   ->  Nested Loop Semi Join  (cost=2462597.98..2662375.21 rows=1 width=52) (actual time=15219.449..15220.911 rows=1 loops=1)
         Join Filter: (supplier.s_suppkey = lineitem.l_suppkey)
         Rows Removed by Join Filter: 13473
         ->  Gather Merge  (cost=4122.93..4578.81 rows=4000 width=56) (actual time=17.529..18.926 rows=1 loops=1)
               Workers Planned: 1
               Workers Launched: 1
               ->  Sort  (cost=3122.92..3128.80 rows=2353 width=56) (actual time=14.730..14.747 rows=390 loops=2)
                     Sort Key: supplier.s_name
                     Sort Method: quicksort  Memory: 274kB
                     Worker 0:  Sort Method: quicksort  Memory: 173kB
                     ->  Hash Join  (cost=1.32..2991.15 rows=2353 width=56) (actual time=0.108..13.431 rows=2048 loops=2)
                           Hash Cond: (supplier.s_nationkey = nation.n_nationkey)
                           ->  Parallel Seq Scan on supplier  (cost=0.00..2809.24 rows=58824 width=60) (actual time=0.027..8.746 rows=50000 loops=2)
                           ->  Hash  (cost=1.31..1.31 rows=1 width=4) (actual time=0.019..0.020 rows=1 loops=2)
                                 Buckets: 1024  Batches: 1  Memory Usage: 9kB
                                 ->  Seq Scan on nation  (cost=0.00..1.31 rows=1 width=4) (actual time=0.015..0.017 rows=1 loops=2)
                                       Filter: (n_name = 'IRAQ'::bpchar)
                                       Rows Removed by Filter: 24
         ->  Materialize  (cost=2458475.05..2657616.40 rows=3 width=8) (actual time=13696.881..15201.012 rows=13474 loops=1)
               ->  Hash Join  (cost=2458475.05..2657616.38 rows=3 width=8) (actual time=13696.876..15198.281 rows=13474 loops=1)
                     Hash Cond: ((lineitem.l_partkey = partsupp.ps_partkey) AND (lineitem.l_suppkey = partsupp.ps_suppkey))
                     Join Filter: ((partsupp.ps_availqty)::numeric > ((0.5 * sum(lineitem.l_quantity))))
                     Rows Removed by Join Filter: 27
                     ->  HashAggregate  (cost=2382145.13..2544825.12 rows=4861497 width=40) (actual time=13523.726..14839.362 rows=1251651 loops=1)
                           Group Key: lineitem.l_partkey, lineitem.l_suppkey
                           Planned Partitions: 32  Batches: 61  Memory Usage: 65809kB  Disk Usage: 358152kB
                           ->  Bitmap Heap Scan on lineitem  (cost=147371.57..1994751.64 rows=9191171 width=13) (actual time=1064.419..9444.827 rows=9123688 loops=1)
                                 Recheck Cond: ((l_shipdate >= '1996-01-01'::date) AND (l_shipdate < '1997-01-01'::date))
                                 Rows Removed by Index Recheck: 23164080
                                 Heap Blocks: exact=518099 lossy=530696
                                 ->  Bitmap Index Scan on idx_lineitem_shipdate  (cost=0.00..145073.78 rows=9191171 width=0) (actual time=941.057..941.057 rows=9123688 loops=1)
                                       Index Cond: ((l_shipdate >= '1996-01-01'::date) AND (l_shipdate < '1997-01-01'::date))
                     ->  Hash  (cost=75117.77..75117.77 rows=80810 width=16) (actual time=172.858..172.921 rows=86872 loops=1)
                           Buckets: 131072  Batches: 1  Memory Usage: 5097kB
                           ->  Gather  (cost=1000.43..75117.77 rows=80810 width=16) (actual time=0.411..154.915 rows=86872 loops=1)
                                 Workers Planned: 4
                                 Workers Launched: 4
                                 ->  Nested Loop  (cost=0.43..66036.77 rows=20202 width=16) (actual time=1.045..158.076 rows=17374 loops=5)
                                       ->  Parallel Seq Scan on part  (cost=0.00..47231.16 rows=5051 width=4) (actual time=0.983..88.130 rows=4344 loops=5)
                                             Filter: ((p_name)::text ~~ 'olive%'::text)
                                             Rows Removed by Filter: 395656
                                       ->  Index Scan using idx_partsupp_partkey on partsupp  (cost=0.43..3.55 rows=17 width=12) (actual time=0.013..0.014 rows=4 loops=21718)
                                             Index Cond: (ps_partkey = part.p_partkey)
 Planning Time: 2.349 ms
 Execution Time: 15268.895 ms
(46 rows)

query 21 run 1
SET
SET
SET
                                                                                           QUERY PLAN                                                                                           
------------------------------------------------------------------------------------------------------------------------------------------------------------------------------------------------
 Limit  (cost=1960421.44..1960421.44 rows=1 width=34) (actual time=11479.145..11491.268 rows=100 loops=1)
   ->  Sort  (cost=1960421.44..1960421.44 rows=1 width=34) (actual time=11479.144..11491.261 rows=100 loops=1)
         Sort Key: (count(*)) DESC, supplier.s_name
         Sort Method: top-N heapsort  Memory: 37kB
         ->  GroupAggregate  (cost=1960418.21..1960421.43 rows=1 width=34) (actual time=10931.799..11488.839 rows=3991 loops=1)
               Group Key: supplier.s_name
               ->  Nested Loop Semi Join  (cost=1960418.21..1960421.41 rows=1 width=26) (actual time=10931.642..11477.296 rows=39281 loops=1)
                     Join Filter: (l2.l_suppkey <> l1.l_suppkey)
                     Rows Removed by Join Filter: 42025
                     ->  Gather Merge  (cost=1960417.65..1960417.77 rows=1 width=38) (actual time=10931.564..10976.887 rows=65960 loops=1)
                           Workers Planned: 4
                           Workers Launched: 4
                           ->  Sort  (cost=1959417.59..1959417.60 rows=1 width=38) (actual time=10905.104..10906.936 rows=13192 loops=5)
                                 Sort Key: supplier.s_name
                                 Sort Method: quicksort  Memory: 1115kB
                                 Worker 0:  Sort Method: quicksort  Memory: 1101kB
                                 Worker 1:  Sort Method: quicksort  Memory: 1117kB
                                 Worker 2:  Sort Method: quicksort  Memory: 1098kB
                                 Worker 3:  Sort Method: quicksort  Memory: 1099kB
                                 ->  Nested Loop Anti Join  (cost=1337982.50..1959417.58 rows=1 width=38) (actual time=7284.238..10831.955 rows=13192 loops=5)
                                       ->  Parallel Hash Join  (cost=1337981.93..1653160.68 rows=95381 width=38) (actual time=7281.991..9357.819 rows=146197 loops=5)
                                             Hash Cond: (orders.o_orderkey = l1.l_orderkey)
                                             ->  Parallel Seq Scan on orders  (cost=0.00..308142.15 rows=1812842 width=4) (actual time=0.569..1549.836 rows=1461837 loops=5)
                                                   Filter: (o_orderstatus = 'F'::bpchar)
                                                   Rows Removed by Filter: 1538163
                                             ->  Parallel Hash  (cost=1335515.68..1335515.68 rows=197300 width=34) (actual time=7280.157..7280.461 rows=302853 loops=5)
                                                   Buckets: 2097152 (originally 1048576)  Batches: 1 (originally 1)  Memory Usage: 131392kB
                                                   ->  Parallel Hash Join  (cost=3020.56..1335515.68 rows=197300 width=34) (actual time=20.491..7122.862 rows=302853 loops=5)
                                                         Hash Cond: (l1.l_suppkey = supplier.s_suppkey)
                                                         ->  Parallel Seq Scan on lineitem l1  (cost=0.00..1312589.82 rows=4998582 width=8) (actual time=0.549..6315.243 rows=7585870 loops=5)
                                                               Filter: (l_receiptdate > l_commitdate)
                                                               Rows Removed by Filter: 4411341
                                                         ->  Parallel Hash  (cost=2991.15..2991.15 rows=2353 width=30) (actual time=19.607..19.610 rows=798 loops=5)
                                                               Buckets: 4096  Batches: 1  Memory Usage: 352kB
                                                               ->  Hash Join  (cost=1.32..2991.15 rows=2353 width=30) (actual time=0.857..19.074 rows=798 loops=5)
                                                                     Hash Cond: (supplier.s_nationkey = nation.n_nationkey)
                                                                     ->  Parallel Seq Scan on supplier  (cost=0.00..2809.24 rows=58824 width=34) (actual time=0.769..17.009 rows=20000 loops=5)
                                                                     ->  Hash  (cost=1.31..1.31 rows=1 width=4) (actual time=0.074..0.075 rows=1 loops=5)
                                                                           Buckets: 1024  Batches: 1  Memory Usage: 9kB
                                                                           ->  Seq Scan on nation  (cost=0.00..1.31 rows=1 width=4) (actual time=0.069..0.071 rows=1 loops=5)
                                                                                 Filter: (n_name = 'PERU'::bpchar)
                                                                                 Rows Removed by Filter: 24
                                       ->  Index Scan using idx_lineitem_orderkey on lineitem l3  (cost=0.56..3.64 rows=1 width=8) (actual time=0.010..0.010 rows=1 loops=730985)
                                             Index Cond: (l_orderkey = l1.l_orderkey)
                                             Filter: ((l_receiptdate > l_commitdate) AND (l_suppkey <> l1.l_suppkey))
                                             Rows Removed by Filter: 1
                     ->  Index Scan using idx_lineitem_orderkey on lineitem l2  (cost=0.56..3.62 rows=4 width=8) (actual time=0.007..0.007 rows=1 loops=65960)
                           Index Cond: (l_orderkey = orders.o_orderkey)
 Planning Time: 24.875 ms
 Execution Time: 11492.587 ms
(50 rows)

SET
SET
SET
                                                                                          QUERY PLAN                                                                                           
-----------------------------------------------------------------------------------------------------------------------------------------------------------------------------------------------
 Limit  (cost=1960421.44..1960421.44 rows=1 width=34) (actual time=6637.332..6658.049 rows=100 loops=1)
   ->  Sort  (cost=1960421.44..1960421.44 rows=1 width=34) (actual time=6637.330..6658.041 rows=100 loops=1)
         Sort Key: (count(*)) DESC, supplier.s_name
         Sort Method: top-N heapsort  Memory: 37kB
         ->  GroupAggregate  (cost=1960418.21..1960421.43 rows=1 width=34) (actual time=6132.271..6655.654 rows=3991 loops=1)
               Group Key: supplier.s_name
               ->  Nested Loop Semi Join  (cost=1960418.21..1960421.41 rows=1 width=26) (actual time=6132.055..6644.417 rows=39281 loops=1)
                     Join Filter: (l2.l_suppkey <> l1.l_suppkey)
                     Rows Removed by Join Filter: 42025
                     ->  Gather Merge  (cost=1960417.65..1960417.77 rows=1 width=38) (actual time=6132.026..6185.194 rows=65960 loops=1)
                           Workers Planned: 4
                           Workers Launched: 4
                           ->  Sort  (cost=1959417.59..1959417.60 rows=1 width=38) (actual time=6107.567..6109.419 rows=13192 loops=5)
                                 Sort Key: supplier.s_name
                                 Sort Method: quicksort  Memory: 1090kB
                                 Worker 0:  Sort Method: quicksort  Memory: 1024kB
                                 Worker 1:  Sort Method: quicksort  Memory: 1132kB
                                 Worker 2:  Sort Method: quicksort  Memory: 1197kB
                                 Worker 3:  Sort Method: quicksort  Memory: 1086kB
                                 ->  Nested Loop Anti Join  (cost=1337982.50..1959417.58 rows=1 width=38) (actual time=3656.037..6033.768 rows=13192 loops=5)
                                       ->  Parallel Hash Join  (cost=1337981.93..1653160.68 rows=95381 width=38) (actual time=3655.657..4800.503 rows=146197 loops=5)
                                             Hash Cond: (orders.o_orderkey = l1.l_orderkey)
                                             ->  Parallel Seq Scan on orders  (cost=0.00..308142.15 rows=1812842 width=4) (actual time=0.046..558.014 rows=1461837 loops=5)
                                                   Filter: (o_orderstatus = 'F'::bpchar)
                                                   Rows Removed by Filter: 1538163
                                             ->  Parallel Hash  (cost=1335515.68..1335515.68 rows=197300 width=34) (actual time=3653.711..3654.015 rows=302853 loops=5)
                                                   Buckets: 2097152 (originally 1048576)  Batches: 1 (originally 1)  Memory Usage: 131392kB
                                                   ->  Parallel Hash Join  (cost=3020.56..1335515.68 rows=197300 width=34) (actual time=11.083..3477.744 rows=302853 loops=5)
                                                         Hash Cond: (l1.l_suppkey = supplier.s_suppkey)
                                                         ->  Parallel Seq Scan on lineitem l1  (cost=0.00..1312589.82 rows=4998582 width=8) (actual time=0.529..2582.024 rows=7585870 loops=5)
                                                               Filter: (l_receiptdate > l_commitdate)
                                                               Rows Removed by Filter: 4411341
                                                         ->  Parallel Hash  (cost=2991.15..2991.15 rows=2353 width=30) (actual time=10.003..10.005 rows=798 loops=5)
                                                               Buckets: 4096  Batches: 1  Memory Usage: 384kB
                                                               ->  Hash Join  (cost=1.32..2991.15 rows=2353 width=30) (actual time=0.063..9.573 rows=798 loops=5)
                                                                     Hash Cond: (supplier.s_nationkey = nation.n_nationkey)
                                                                     ->  Parallel Seq Scan on supplier  (cost=0.00..2809.24 rows=58824 width=34) (actual time=0.035..6.570 rows=20000 loops=5)
                                                                     ->  Hash  (cost=1.31..1.31 rows=1 width=4) (actual time=0.019..0.020 rows=1 loops=5)
                                                                           Buckets: 1024  Batches: 1  Memory Usage: 9kB
                                                                           ->  Seq Scan on nation  (cost=0.00..1.31 rows=1 width=4) (actual time=0.016..0.018 rows=1 loops=5)
                                                                                 Filter: (n_name = 'PERU'::bpchar)
                                                                                 Rows Removed by Filter: 24
                                       ->  Index Scan using idx_lineitem_orderkey on lineitem l3  (cost=0.56..3.64 rows=1 width=8) (actual time=0.008..0.008 rows=1 loops=730985)
                                             Index Cond: (l_orderkey = l1.l_orderkey)
                                             Filter: ((l_receiptdate > l_commitdate) AND (l_suppkey <> l1.l_suppkey))
                                             Rows Removed by Filter: 1
                     ->  Index Scan using idx_lineitem_orderkey on lineitem l2  (cost=0.56..3.62 rows=4 width=8) (actual time=0.006..0.006 rows=1 loops=65960)
                           Index Cond: (l_orderkey = orders.o_orderkey)
 Planning Time: 3.343 ms
 Execution Time: 6658.159 ms
(50 rows)

query 22 run 1
SET
SET
SET
                                                                          QUERY PLAN                                                                          
--------------------------------------------------------------------------------------------------------------------------------------------------------------
 Limit  (cost=93879.10..93880.81 rows=1 width=72) (actual time=1418.587..1422.062 rows=1 loops=1)
   InitPlan 1
     ->  Finalize Aggregate  (cost=46822.09..46822.10 rows=1 width=32) (actual time=322.572..322.672 rows=1 loops=1)
           ->  Gather  (cost=46821.65..46822.06 rows=4 width=32) (actual time=321.941..322.660 rows=5 loops=1)
                 Workers Planned: 4
                 Workers Launched: 4
                 ->  Partial Aggregate  (cost=45821.65..45821.66 rows=1 width=32) (actual time=312.925..312.928 rows=1 loops=5)
                       ->  Parallel Seq Scan on customer customer_1  (cost=0.00..45791.87 rows=11914 width=6) (actual time=0.752..305.986 rows=76485 loops=5)
                             Filter: ((c_acctbal > 0.00) AND (SUBSTRING(c_phone FROM 1 FOR 2) = ANY ('{21,29,26,34,14,15,17}'::text[])))
                             Rows Removed by Filter: 223515
   ->  GroupAggregate  (cost=47057.01..59809.16 rows=7446 width=72) (actual time=1418.586..1421.960 rows=1 loops=1)
         Group Key: SUBSTRING(customer.c_phone FROM 1 FOR 2)
         ->  Nested Loop Anti Join  (cost=47057.01..59623.01 rows=7446 width=38) (actual time=489.106..1415.878 rows=9006 loops=1)
               ->  Gather Merge  (cost=47056.57..49152.17 rows=17502 width=26) (actual time=487.614..507.126 rows=27134 loops=1)
                     Workers Planned: 4
                     Workers Launched: 3
                     ->  Sort  (cost=46056.51..46067.45 rows=4376 width=26) (actual time=160.337..161.274 rows=7563 loops=4)
                           Sort Key: (SUBSTRING(customer.c_phone FROM 1 FOR 2))
                           Sort Method: quicksort  Memory: 3863kB
                           Worker 0:  Sort Method: quicksort  Memory: 3794kB
                           Worker 1:  Sort Method: quicksort  Memory: 3725kB
                           Worker 2:  Sort Method: quicksort  Memory: 3723kB
                           ->  Parallel Seq Scan on customer  (cost=0.00..45791.87 rows=4376 width=26) (actual time=0.017..146.052 rows=47782 loops=4)
                                 Filter: ((c_acctbal > (InitPlan 1).col1) AND (SUBSTRING(c_phone FROM 1 FOR 2) = ANY ('{21,29,26,34,14,15,17}'::text[])))
                                 Rows Removed by Filter: 327218
               ->  Index Only Scan using idx_orders_custkey on orders  (cost=0.43..2.16 rows=17 width=4) (actual time=0.033..0.033 rows=1 loops=27134)
                     Index Cond: (o_custkey = customer.c_custkey)
                     Heap Fetches: 0
 Planning Time: 16.254 ms
 Execution Time: 1423.044 ms
(30 rows)

SET
SET
SET
                                                                          QUERY PLAN                                                                          
--------------------------------------------------------------------------------------------------------------------------------------------------------------
 Limit  (cost=93879.10..93880.81 rows=1 width=72) (actual time=436.174..439.488 rows=1 loops=1)
   InitPlan 1
     ->  Finalize Aggregate  (cost=46822.09..46822.10 rows=1 width=32) (actual time=201.154..201.245 rows=1 loops=1)
           ->  Gather  (cost=46821.65..46822.06 rows=4 width=32) (actual time=198.904..201.228 rows=5 loops=1)
                 Workers Planned: 4
                 Workers Launched: 4
                 ->  Partial Aggregate  (cost=45821.65..45821.66 rows=1 width=32) (actual time=194.873..194.873 rows=1 loops=5)
                       ->  Parallel Seq Scan on customer customer_1  (cost=0.00..45791.87 rows=11914 width=6) (actual time=0.017..184.803 rows=76485 loops=5)
                             Filter: ((c_acctbal > 0.00) AND (SUBSTRING(c_phone FROM 1 FOR 2) = ANY ('{21,29,26,34,14,15,17}'::text[])))
                             Rows Removed by Filter: 223515
   ->  GroupAggregate  (cost=47057.01..59809.16 rows=7446 width=72) (actual time=436.173..439.394 rows=1 loops=1)
         Group Key: SUBSTRING(customer.c_phone FROM 1 FOR 2)
         ->  Nested Loop Anti Join  (cost=47057.01..59623.01 rows=7446 width=38) (actual time=369.055..437.059 rows=9006 loops=1)
               ->  Gather Merge  (cost=47056.57..49152.17 rows=17502 width=26) (actual time=368.968..379.783 rows=27137 loops=1)
                     Workers Planned: 4
                     Workers Launched: 4
                     ->  Sort  (cost=46056.51..46067.45 rows=4376 width=26) (actual time=159.090..159.622 rows=6242 loops=5)
                           Sort Key: (SUBSTRING(customer.c_phone FROM 1 FOR 2))
                           Sort Method: quicksort  Memory: 3752kB
                           Worker 0:  Sort Method: quicksort  Memory: 3825kB
                           Worker 1:  Sort Method: quicksort  Memory: 3679kB
                           Worker 2:  Sort Method: quicksort  Memory: 1853kB
                           Worker 3:  Sort Method: quicksort  Memory: 1996kB
                           ->  Parallel Seq Scan on customer  (cost=0.00..45791.87 rows=4376 width=26) (actual time=0.020..144.825 rows=38226 loops=5)
                                 Filter: ((c_acctbal > (InitPlan 1).col1) AND (SUBSTRING(c_phone FROM 1 FOR 2) = ANY ('{21,29,26,34,14,15,17}'::text[])))
                                 Rows Removed by Filter: 261774
               ->  Index Only Scan using idx_orders_custkey on orders  (cost=0.43..2.16 rows=17 width=4) (actual time=0.002..0.002 rows=1 loops=27137)
                     Index Cond: (o_custkey = customer.c_custkey)
                     Heap Fetches: 0
 Planning Time: 0.857 ms
 Execution Time: 439.553 ms
(31 rows)

