query 1 run 1
SET
SET
SET
                                                                           QUERY PLAN                                                                            
-----------------------------------------------------------------------------------------------------------------------------------------------------------------
 Limit  (cost=1832352.95..1832353.59 rows=1 width=236) (actual time=20738.810..20739.297 rows=1 loops=1)
   ->  Finalize GroupAggregate  (cost=1832352.95..1832356.77 rows=6 width=236) (actual time=20738.809..20739.296 rows=1 loops=1)
         Group Key: l_returnflag, l_linestatus
         ->  Gather Merge  (cost=1832352.95..1832355.82 rows=24 width=236) (actual time=20738.775..20739.266 rows=6 loops=1)
               Workers Planned: 4
               Workers Launched: 4
               ->  Sort  (cost=1831352.89..1831352.91 rows=6 width=236) (actual time=20730.364..20730.365 rows=4 loops=5)
                     Sort Key: l_returnflag, l_linestatus
                     Sort Method: quicksort  Memory: 27kB
                     Worker 0:  Sort Method: quicksort  Memory: 27kB
                     Worker 1:  Sort Method: quicksort  Memory: 27kB
                     Worker 2:  Sort Method: quicksort  Memory: 27kB
                     Worker 3:  Sort Method: quicksort  Memory: 27kB
                     ->  Partial HashAggregate  (cost=1831352.68..1831352.81 rows=6 width=236) (actual time=20730.314..20730.324 rows=4 loops=5)
                           Group Key: l_returnflag, l_linestatus
                           Batches: 1  Memory Usage: 32kB
                           Worker 0:  Batches: 1  Memory Usage: 32kB
                           Worker 1:  Batches: 1  Memory Usage: 32kB
                           Worker 2:  Batches: 1  Memory Usage: 32kB
                           Worker 3:  Batches: 1  Memory Usage: 32kB
                           ->  Parallel Seq Scan on lineitem  (cost=0.00..1312597.45 rows=14821578 width=25) (actual time=0.612..4262.732 rows=11856890 loops=5)
                                 Filter: (l_shipdate <= '1998-09-10 00:00:00'::timestamp without time zone)
                                 Rows Removed by Filter: 140321
 Planning Time: 15.914 ms
 Execution Time: 20740.537 ms
(25 rows)

SET
SET
SET
                                                                           QUERY PLAN                                                                            
-----------------------------------------------------------------------------------------------------------------------------------------------------------------
 Limit  (cost=1832352.95..1832353.59 rows=1 width=236) (actual time=19898.555..19898.627 rows=1 loops=1)
   ->  Finalize GroupAggregate  (cost=1832352.95..1832356.77 rows=6 width=236) (actual time=19898.554..19898.625 rows=1 loops=1)
         Group Key: l_returnflag, l_linestatus
         ->  Gather Merge  (cost=1832352.95..1832355.82 rows=24 width=236) (actual time=19898.531..19898.605 rows=6 loops=1)
               Workers Planned: 4
               Workers Launched: 4
               ->  Sort  (cost=1831352.89..1831352.91 rows=6 width=236) (actual time=19893.898..19893.899 rows=4 loops=5)
                     Sort Key: l_returnflag, l_linestatus
                     Sort Method: quicksort  Memory: 27kB
                     Worker 0:  Sort Method: quicksort  Memory: 27kB
                     Worker 1:  Sort Method: quicksort  Memory: 27kB
                     Worker 2:  Sort Method: quicksort  Memory: 27kB
                     Worker 3:  Sort Method: quicksort  Memory: 27kB
                     ->  Partial HashAggregate  (cost=1831352.68..1831352.81 rows=6 width=236) (actual time=19893.852..19893.860 rows=4 loops=5)
                           Group Key: l_returnflag, l_linestatus
                           Batches: 1  Memory Usage: 32kB
                           Worker 0:  Batches: 1  Memory Usage: 32kB
                           Worker 1:  Batches: 1  Memory Usage: 32kB
                           Worker 2:  Batches: 1  Memory Usage: 32kB
                           Worker 3:  Batches: 1  Memory Usage: 32kB
                           ->  Parallel Seq Scan on lineitem  (cost=0.00..1312597.45 rows=14821578 width=25) (actual time=0.103..2736.549 rows=11856890 loops=5)
                                 Filter: (l_shipdate <= '1998-09-10 00:00:00'::timestamp without time zone)
                                 Rows Removed by Filter: 140321
 Planning Time: 0.897 ms
 Execution Time: 19898.718 ms
(25 rows)

query 2 run 1
SET
SET
SET
                                                                                        QUERY PLAN                                                                                         
-------------------------------------------------------------------------------------------------------------------------------------------------------------------------------------------
 Limit  (cost=1097605.39..1097605.39 rows=1 width=192) (actual time=4237.534..4237.654 rows=100 loops=1)
   ->  Sort  (cost=1097605.39..1097605.39 rows=1 width=192) (actual time=4237.533..4237.647 rows=100 loops=1)
         Sort Key: supplier.s_acctbal DESC, nation.n_name, supplier.s_name, part.p_partkey
         Sort Method: top-N heapsort  Memory: 71kB
         ->  Merge Join  (cost=558999.94..1097605.38 rows=1 width=192) (actual time=3225.917..4234.864 rows=4737 loops=1)
               Merge Cond: (part.p_partkey = partsupp.ps_partkey)
               Join Filter: (partsupp.ps_supplycost = (SubPlan 1))
               Rows Removed by Join Filter: 1661
               ->  Gather Merge  (cost=1000.49..68743.93 rows=8656 width=30) (actual time=11.781..15.134 rows=8046 loops=1)
                     Workers Planned: 4
                     Workers Launched: 4
                     ->  Parallel Index Scan using part_pkey on part  (cost=0.43..66712.86 rows=2164 width=30) (actual time=1.187..356.897 rows=1609 loops=5)
                           Filter: (((p_type)::text ~~ '%NICKEL'::text) AND (p_size = 16))
                           Rows Removed by Filter: 398391
               ->  Materialize  (cost=557999.01..565998.18 rows=1599834 width=172) (actual time=3213.343..3662.985 rows=1603828 loops=1)
                     ->  Sort  (cost=557999.01..561998.59 rows=1599834 width=172) (actual time=3213.339..3481.937 rows=1603828 loops=1)
                           Sort Key: partsupp.ps_partkey
                           Sort Method: external merge  Disk: 293496kB
                           ->  Hash Join  (cost=4048.51..305257.44 rows=1599834 width=172) (actual time=52.247..2545.979 rows=1604080 loops=1)
                                 Hash Cond: (partsupp.ps_suppkey = supplier.s_suppkey)
                                 ->  Seq Scan on partsupp  (cost=0.00..255213.70 rows=7999170 width=14) (actual time=0.491..1093.599 rows=8000000 loops=1)
                                 ->  Hash  (cost=3798.51..3798.51 rows=20000 width=166) (actual time=51.495..51.498 rows=20051 loops=1)
                                       Buckets: 32768  Batches: 1  Memory Usage: 4211kB
                                       ->  Hash Join  (cost=2.51..3798.51 rows=20000 width=166) (actual time=0.543..45.074 rows=20051 loops=1)
                                             Hash Cond: (supplier.s_nationkey = nation.n_nationkey)
                                             ->  Seq Scan on supplier  (cost=0.00..3221.00 rows=100000 width=144) (actual time=0.243..31.730 rows=100000 loops=1)
                                             ->  Hash  (cost=2.45..2.45 rows=5 width=30) (actual time=0.296..0.298 rows=5 loops=1)
                                                   Buckets: 1024  Batches: 1  Memory Usage: 9kB
                                                   ->  Hash Join  (cost=1.07..2.45 rows=5 width=30) (actual time=0.290..0.296 rows=5 loops=1)
                                                         Hash Cond: (nation.n_regionkey = region.r_regionkey)
                                                         ->  Seq Scan on nation  (cost=0.00..1.25 rows=25 width=34) (actual time=0.138..0.140 rows=25 loops=1)
                                                         ->  Hash  (cost=1.06..1.06 rows=1 width=4) (actual time=0.147..0.147 rows=1 loops=1)
                                                               Buckets: 1024  Batches: 1  Memory Usage: 9kB
                                                               ->  Seq Scan on region  (cost=0.00..1.06 rows=1 width=4) (actual time=0.143..0.144 rows=1 loops=1)
                                                                     Filter: (r_name = 'AMERICA'::bpchar)
                                                                     Rows Removed by Filter: 4
               SubPlan 1
                 ->  Aggregate  (cost=66.25..66.26 rows=1 width=32) (actual time=0.058..0.058 rows=1 loops=6398)
                       ->  Nested Loop  (cost=2.29..66.24 rows=4 width=6) (actual time=0.048..0.056 rows=2 loops=6398)
                             Join Filter: (nation_1.n_regionkey = region_1.r_regionkey)
                             Rows Removed by Join Filter: 2
                             ->  Seq Scan on region region_1  (cost=0.00..1.06 rows=1 width=4) (actual time=0.001..0.001 rows=1 loops=6398)
                                   Filter: (r_name = 'AMERICA'::bpchar)
                                   Rows Removed by Filter: 4
                             ->  Hash Join  (cost=2.29..64.95 rows=18 width=10) (actual time=0.043..0.054 rows=4 loops=6398)
                                   Hash Cond: (supplier_1.s_nationkey = nation_1.n_nationkey)
                                   ->  Nested Loop  (cost=0.72..63.33 rows=18 width=10) (actual time=0.042..0.052 rows=4 loops=6398)
                                         ->  Index Scan using idx_partsupp_partkey on partsupp partsupp_1  (cost=0.43..3.75 rows=18 width=10) (actual time=0.038..0.039 rows=4 loops=6398)
                                               Index Cond: (ps_partkey = part.p_partkey)
                                         ->  Index Scan using supplier_pkey on supplier supplier_1  (cost=0.29..3.31 rows=1 width=8) (actual time=0.003..0.003 rows=1 loops=25592)
                                               Index Cond: (s_suppkey = partsupp_1.ps_suppkey)
                                   ->  Hash  (cost=1.25..1.25 rows=25 width=8) (actual time=0.011..0.012 rows=25 loops=1)
                                         Buckets: 1024  Batches: 1  Memory Usage: 9kB
                                         ->  Seq Scan on nation nation_1  (cost=0.00..1.25 rows=25 width=8) (actual time=0.003..0.006 rows=25 loops=1)
 Planning Time: 19.650 ms
 Execution Time: 4273.673 ms
(56 rows)

SET
SET
SET
                                                                                        QUERY PLAN                                                                                         
-------------------------------------------------------------------------------------------------------------------------------------------------------------------------------------------
 Limit  (cost=1097605.39..1097605.39 rows=1 width=192) (actual time=3483.339..3483.464 rows=100 loops=1)
   ->  Sort  (cost=1097605.39..1097605.39 rows=1 width=192) (actual time=3483.338..3483.457 rows=100 loops=1)
         Sort Key: supplier.s_acctbal DESC, nation.n_name, supplier.s_name, part.p_partkey
         Sort Method: top-N heapsort  Memory: 71kB
         ->  Merge Join  (cost=558999.94..1097605.38 rows=1 width=192) (actual time=2753.434..3481.061 rows=4737 loops=1)
               Merge Cond: (part.p_partkey = partsupp.ps_partkey)
               Join Filter: (partsupp.ps_supplycost = (SubPlan 1))
               Rows Removed by Join Filter: 1661
               ->  Gather Merge  (cost=1000.49..68743.93 rows=8656 width=30) (actual time=7.051..9.466 rows=8046 loops=1)
                     Workers Planned: 4
                     Workers Launched: 4
                     ->  Parallel Index Scan using part_pkey on part  (cost=0.43..66712.86 rows=2164 width=30) (actual time=0.164..121.250 rows=1609 loops=5)
                           Filter: (((p_type)::text ~~ '%NICKEL'::text) AND (p_size = 16))
                           Rows Removed by Filter: 398391
               ->  Materialize  (cost=557999.01..565998.18 rows=1599834 width=172) (actual time=2746.285..3182.014 rows=1603828 loops=1)
                     ->  Sort  (cost=557999.01..561998.59 rows=1599834 width=172) (actual time=2746.280..3006.631 rows=1603828 loops=1)
                           Sort Key: partsupp.ps_partkey
                           Sort Method: external merge  Disk: 293496kB
                           ->  Hash Join  (cost=4048.51..305257.44 rows=1599834 width=172) (actual time=55.687..2104.874 rows=1604080 loops=1)
                                 Hash Cond: (partsupp.ps_suppkey = supplier.s_suppkey)
                                 ->  Seq Scan on partsupp  (cost=0.00..255213.70 rows=7999170 width=14) (actual time=0.046..767.975 rows=8000000 loops=1)
                                 ->  Hash  (cost=3798.51..3798.51 rows=20000 width=166) (actual time=55.404..55.407 rows=20051 loops=1)
                                       Buckets: 32768  Batches: 1  Memory Usage: 4211kB
                                       ->  Hash Join  (cost=2.51..3798.51 rows=20000 width=166) (actual time=0.044..47.198 rows=20051 loops=1)
                                             Hash Cond: (supplier.s_nationkey = nation.n_nationkey)
                                             ->  Seq Scan on supplier  (cost=0.00..3221.00 rows=100000 width=144) (actual time=0.010..15.212 rows=100000 loops=1)
                                             ->  Hash  (cost=2.45..2.45 rows=5 width=30) (actual time=0.030..0.032 rows=5 loops=1)
                                                   Buckets: 1024  Batches: 1  Memory Usage: 9kB
                                                   ->  Hash Join  (cost=1.07..2.45 rows=5 width=30) (actual time=0.024..0.030 rows=5 loops=1)
                                                         Hash Cond: (nation.n_regionkey = region.r_regionkey)
                                                         ->  Seq Scan on nation  (cost=0.00..1.25 rows=25 width=34) (actual time=0.005..0.007 rows=25 loops=1)
                                                         ->  Hash  (cost=1.06..1.06 rows=1 width=4) (actual time=0.014..0.015 rows=1 loops=1)
                                                               Buckets: 1024  Batches: 1  Memory Usage: 9kB
                                                               ->  Seq Scan on region  (cost=0.00..1.06 rows=1 width=4) (actual time=0.011..0.012 rows=1 loops=1)
                                                                     Filter: (r_name = 'AMERICA'::bpchar)
                                                                     Rows Removed by Filter: 4
               SubPlan 1
                 ->  Aggregate  (cost=66.25..66.26 rows=1 width=32) (actual time=0.017..0.017 rows=1 loops=6398)
                       ->  Nested Loop  (cost=2.29..66.24 rows=4 width=6) (actual time=0.009..0.015 rows=2 loops=6398)
                             Join Filter: (nation_1.n_regionkey = region_1.r_regionkey)
                             Rows Removed by Join Filter: 2
                             ->  Seq Scan on region region_1  (cost=0.00..1.06 rows=1 width=4) (actual time=0.001..0.001 rows=1 loops=6398)
                                   Filter: (r_name = 'AMERICA'::bpchar)
                                   Rows Removed by Filter: 4
                             ->  Hash Join  (cost=2.29..64.95 rows=18 width=10) (actual time=0.005..0.013 rows=4 loops=6398)
                                   Hash Cond: (supplier_1.s_nationkey = nation_1.n_nationkey)
                                   ->  Nested Loop  (cost=0.72..63.33 rows=18 width=10) (actual time=0.005..0.012 rows=4 loops=6398)
                                         ->  Index Scan using idx_partsupp_partkey on partsupp partsupp_1  (cost=0.43..3.75 rows=18 width=10) (actual time=0.003..0.003 rows=4 loops=6398)
                                               Index Cond: (ps_partkey = part.p_partkey)
                                         ->  Index Scan using supplier_pkey on supplier supplier_1  (cost=0.29..3.31 rows=1 width=8) (actual time=0.002..0.002 rows=1 loops=25592)
                                               Index Cond: (s_suppkey = partsupp_1.ps_suppkey)
                                   ->  Hash  (cost=1.25..1.25 rows=25 width=8) (actual time=0.012..0.013 rows=25 loops=1)
                                         Buckets: 1024  Batches: 1  Memory Usage: 9kB
                                         ->  Seq Scan on nation nation_1  (cost=0.00..1.25 rows=25 width=8) (actual time=0.003..0.007 rows=25 loops=1)
 Planning Time: 1.987 ms
 Execution Time: 3521.442 ms
(56 rows)

query 3 run 1
SET
SET
SET
                                                                                QUERY PLAN                                                                                 
---------------------------------------------------------------------------------------------------------------------------------------------------------------------------
 Limit  (cost=2289408.46..2289408.49 rows=10 width=44) (actual time=10278.422..10327.005 rows=10 loops=1)
   ->  Sort  (cost=2289408.46..2297258.21 rows=3139901 width=44) (actual time=10278.420..10327.002 rows=10 loops=1)
         Sort Key: (sum((lineitem.l_extendedprice * ('1'::numeric - lineitem.l_discount)))) DESC, orders.o_orderdate
         Sort Method: top-N heapsort  Memory: 26kB
         ->  GroupAggregate  (cost=1759254.13..2221556.33 rows=3139901 width=44) (actual time=10055.798..10305.979 rows=113934 loops=1)
               Group Key: lineitem.l_orderkey, orders.o_orderdate, orders.o_shippriority
               ->  Gather Merge  (cost=1759254.13..2135209.05 rows=3139901 width=24) (actual time=10055.785..10145.712 rows=301530 loops=1)
                     Workers Planned: 4
                     Workers Launched: 4
                     ->  Sort  (cost=1758254.08..1760216.51 rows=784975 width=24) (actual time=10046.277..10049.352 rows=60306 loops=5)
                           Sort Key: lineitem.l_orderkey, orders.o_orderdate, orders.o_shippriority
                           Sort Method: quicksort  Memory: 6290kB
                           Worker 0:  Sort Method: quicksort  Memory: 6328kB
                           Worker 1:  Sort Method: quicksort  Memory: 6162kB
                           Worker 2:  Sort Method: quicksort  Memory: 6220kB
                           Worker 3:  Sort Method: quicksort  Memory: 6240kB
                           ->  Nested Loop  (cost=41564.83..1671046.05 rows=784975 width=24) (actual time=255.824..10025.938 rows=60306 loops=5)
                                 ->  Parallel Hash Join  (cost=41564.26..354502.28 rows=362424 width=12) (actual time=254.109..1805.886 rows=290361 loops=5)
                                       Hash Cond: (orders.o_custkey = customer.c_custkey)
                                       ->  Parallel Seq Scan on orders  (cost=0.00..308139.62 rows=1827958 width=16) (actual time=0.462..1097.839 rows=1447887 loops=5)
                                             Filter: (o_orderdate < '1995-03-07'::date)
                                             Rows Removed by Filter: 1552113
                                       ->  Parallel Hash  (cost=40634.82..40634.82 rows=74355 width=4) (actual time=252.957..252.957 rows=60055 loops=5)
                                             Buckets: 524288  Batches: 1  Memory Usage: 15936kB
                                             ->  Parallel Seq Scan on customer  (cost=0.00..40634.82 rows=74355 width=4) (actual time=0.827..234.676 rows=60055 loops=5)
                                                   Filter: (c_mktsegment = 'BUILDING'::bpchar)
                                                   Rows Removed by Filter: 239945
                                 ->  Index Scan using idx_lineitem_orderkey on lineitem  (cost=0.56..3.61 rows=2 width=16) (actual time=0.028..0.028 rows=0 loops=1451805)
                                       Index Cond: (l_orderkey = orders.o_orderkey)
                                       Filter: (l_shipdate > '1995-03-07'::date)
                                       Rows Removed by Filter: 4
 Planning Time: 20.689 ms
 Execution Time: 10327.337 ms
(33 rows)

SET
SET
SET
                                                                                QUERY PLAN                                                                                 
---------------------------------------------------------------------------------------------------------------------------------------------------------------------------
 Limit  (cost=2289408.46..2289408.49 rows=10 width=44) (actual time=3909.305..3945.042 rows=10 loops=1)
   ->  Sort  (cost=2289408.46..2297258.21 rows=3139901 width=44) (actual time=3909.304..3945.039 rows=10 loops=1)
         Sort Key: (sum((lineitem.l_extendedprice * ('1'::numeric - lineitem.l_discount)))) DESC, orders.o_orderdate
         Sort Method: top-N heapsort  Memory: 26kB
         ->  GroupAggregate  (cost=1759254.13..2221556.33 rows=3139901 width=44) (actual time=3683.562..3923.760 rows=113934 loops=1)
               Group Key: lineitem.l_orderkey, orders.o_orderdate, orders.o_shippriority
               ->  Gather Merge  (cost=1759254.13..2135209.05 rows=3139901 width=24) (actual time=3683.548..3762.477 rows=301530 loops=1)
                     Workers Planned: 4
                     Workers Launched: 4
                     ->  Sort  (cost=1758254.08..1760216.51 rows=784975 width=24) (actual time=3675.289..3678.388 rows=60306 loops=5)
                           Sort Key: lineitem.l_orderkey, orders.o_orderdate, orders.o_shippriority
                           Sort Method: quicksort  Memory: 6043kB
                           Worker 0:  Sort Method: quicksort  Memory: 6503kB
                           Worker 1:  Sort Method: quicksort  Memory: 6388kB
                           Worker 2:  Sort Method: quicksort  Memory: 5970kB
                           Worker 3:  Sort Method: quicksort  Memory: 6336kB
                           ->  Nested Loop  (cost=41564.83..1671046.05 rows=784975 width=24) (actual time=131.033..3652.368 rows=60306 loops=5)
                                 ->  Parallel Hash Join  (cost=41564.26..354502.28 rows=362424 width=12) (actual time=130.858..1200.144 rows=290361 loops=5)
                                       Hash Cond: (orders.o_custkey = customer.c_custkey)
                                       ->  Parallel Seq Scan on orders  (cost=0.00..308139.62 rows=1827958 width=16) (actual time=0.037..563.823 rows=1447887 loops=5)
                                             Filter: (o_orderdate < '1995-03-07'::date)
                                             Rows Removed by Filter: 1552113
                                       ->  Parallel Hash  (cost=40634.82..40634.82 rows=74355 width=4) (actual time=129.352..129.353 rows=60055 loops=5)
                                             Buckets: 524288  Batches: 1  Memory Usage: 15936kB
                                             ->  Parallel Seq Scan on customer  (cost=0.00..40634.82 rows=74355 width=4) (actual time=0.023..103.663 rows=60055 loops=5)
                                                   Filter: (c_mktsegment = 'BUILDING'::bpchar)
                                                   Rows Removed by Filter: 239945
                                 ->  Index Scan using idx_lineitem_orderkey on lineitem  (cost=0.56..3.61 rows=2 width=16) (actual time=0.008..0.008 rows=0 loops=1451805)
                                       Index Cond: (l_orderkey = orders.o_orderkey)
                                       Filter: (l_shipdate > '1995-03-07'::date)
                                       Rows Removed by Filter: 4
 Planning Time: 1.610 ms
 Execution Time: 3945.113 ms
(33 rows)

query 4 run 1
SET
SET
SET
                                                                                QUERY PLAN                                                                                
--------------------------------------------------------------------------------------------------------------------------------------------------------------------------
 Limit  (cost=283490.39..666185.68 rows=1 width=24) (actual time=27278.347..27303.822 rows=1 loops=1)
   ->  GroupAggregate  (cost=283490.39..2196966.85 rows=5 width=24) (actual time=27278.346..27303.820 rows=1 loops=1)
         Group Key: orders.o_orderpriority
         ->  Nested Loop Semi Join  (cost=283490.39..2194076.94 rows=577972 width=16) (actual time=4209.694..27220.762 rows=103030 loops=1)
               ->  Gather Merge  (cost=283489.82..352704.95 rows=578071 width=20) (actual time=4208.440..4352.896 rows=112213 loops=1)
                     Workers Planned: 4
                     Workers Launched: 4
                     ->  Sort  (cost=282489.76..282851.06 rows=144518 width=20) (actual time=4194.911..4198.144 rows=23366 loops=5)
                           Sort Key: orders.o_orderpriority
                           Sort Method: quicksort  Memory: 11836kB
                           Worker 0:  Sort Method: quicksort  Memory: 11880kB
                           Worker 1:  Sort Method: quicksort  Memory: 11789kB
                           Worker 2:  Sort Method: quicksort  Memory: 11793kB
                           Worker 3:  Sort Method: quicksort  Memory: 11848kB
                           ->  Parallel Bitmap Heap Scan on orders  (cost=6668.16..270103.93 rows=144518 width=20) (actual time=130.954..4142.209 rows=112085 loops=5)
                                 Recheck Cond: ((o_orderdate >= '1993-12-01'::date) AND (o_orderdate < '1994-03-01'::date))
                                 Heap Blocks: exact=46325
                                 ->  Bitmap Index Scan on idx_orders_orderdate  (cost=0.00..6523.65 rows=578071 width=0) (actual time=87.679..87.679 rows=560424 loops=1)
                                       Index Cond: ((o_orderdate >= '1993-12-01'::date) AND (o_orderdate < '1994-03-01'::date))
               ->  Index Scan using idx_lineitem_orderkey on lineitem  (cost=0.56..3.61 rows=1 width=4) (actual time=0.202..0.202 rows=1 loops=112213)
                     Index Cond: (l_orderkey = orders.o_orderkey)
                     Filter: (l_commitdate < l_receiptdate)
                     Rows Removed by Filter: 1
 Planning Time: 16.272 ms
 Execution Time: 27305.041 ms
(25 rows)

SET
SET
SET
                                                                                QUERY PLAN                                                                                
--------------------------------------------------------------------------------------------------------------------------------------------------------------------------
 Limit  (cost=283490.39..666185.68 rows=1 width=24) (actual time=1678.418..1701.600 rows=1 loops=1)
   ->  GroupAggregate  (cost=283490.39..2196966.85 rows=5 width=24) (actual time=1678.417..1701.598 rows=1 loops=1)
         Group Key: orders.o_orderpriority
         ->  Nested Loop Semi Join  (cost=283490.39..2194076.94 rows=577972 width=16) (actual time=711.257..1682.167 rows=103030 loops=1)
               ->  Gather Merge  (cost=283489.82..352704.95 rows=578071 width=20) (actual time=711.216..771.718 rows=112213 loops=1)
                     Workers Planned: 4
                     Workers Launched: 4
                     ->  Sort  (cost=282489.76..282851.06 rows=144518 width=20) (actual time=703.193..705.627 rows=23435 loops=5)
                           Sort Key: orders.o_orderpriority
                           Sort Method: quicksort  Memory: 12525kB
                           Worker 0:  Sort Method: quicksort  Memory: 11475kB
                           Worker 1:  Sort Method: quicksort  Memory: 12144kB
                           Worker 2:  Sort Method: quicksort  Memory: 11776kB
                           Worker 3:  Sort Method: quicksort  Memory: 11227kB
                           ->  Parallel Bitmap Heap Scan on orders  (cost=6668.16..270103.93 rows=144518 width=20) (actual time=128.364..663.036 rows=112085 loops=5)
                                 Recheck Cond: ((o_orderdate >= '1993-12-01'::date) AND (o_orderdate < '1994-03-01'::date))
                                 Heap Blocks: exact=50363
                                 ->  Bitmap Index Scan on idx_orders_orderdate  (cost=0.00..6523.65 rows=578071 width=0) (actual time=81.948..81.949 rows=560424 loops=1)
                                       Index Cond: ((o_orderdate >= '1993-12-01'::date) AND (o_orderdate < '1994-03-01'::date))
               ->  Index Scan using idx_lineitem_orderkey on lineitem  (cost=0.56..3.61 rows=1 width=4) (actual time=0.008..0.008 rows=1 loops=112213)
                     Index Cond: (l_orderkey = orders.o_orderkey)
                     Filter: (l_commitdate < l_receiptdate)
                     Rows Removed by Filter: 1
 Planning Time: 1.124 ms
 Execution Time: 1701.669 ms
(25 rows)

query 5 run 1
SET
SET
SET
                                                                                              QUERY PLAN                                                                                               
-------------------------------------------------------------------------------------------------------------------------------------------------------------------------------------------------------
 Limit  (cost=761044.22..761044.22 rows=1 width=58) (actual time=21839.486..21888.565 rows=1 loops=1)
   ->  Sort  (cost=761044.22..761044.28 rows=25 width=58) (actual time=21839.484..21888.563 rows=1 loops=1)
         Sort Key: (sum((lineitem.l_extendedprice * ('1'::numeric - lineitem.l_discount)))) DESC
         Sort Method: top-N heapsort  Memory: 25kB
         ->  Finalize GroupAggregate  (cost=760804.97..761044.10 rows=25 width=58) (actual time=21831.474..21888.544 rows=5 loops=1)
               Group Key: nation.n_name
               ->  Gather Merge  (cost=760804.97..761043.03 rows=100 width=58) (actual time=21825.410..21888.507 rows=25 loops=1)
                     Workers Planned: 4
                     Workers Launched: 4
                     ->  Partial GroupAggregate  (cost=759804.91..760031.06 rows=25 width=58) (actual time=21814.068..21820.702 rows=5 loops=5)
                           Group Key: nation.n_name
                           ->  Sort  (cost=759804.91..759850.08 rows=18067 width=38) (actual time=21812.751..21814.013 rows=14407 loops=5)
                                 Sort Key: nation.n_name
                                 Sort Method: quicksort  Memory: 1517kB
                                 Worker 0:  Sort Method: quicksort  Memory: 1521kB
                                 Worker 1:  Sort Method: quicksort  Memory: 1505kB
                                 Worker 2:  Sort Method: quicksort  Memory: 1500kB
                                 Worker 3:  Sort Method: quicksort  Memory: 1506kB
                                 ->  Parallel Hash Join  (cost=72540.94..758527.48 rows=18067 width=38) (actual time=553.642..21798.213 rows=14407 loops=5)
                                       Hash Cond: ((lineitem.l_suppkey = supplier.s_suppkey) AND (customer.c_nationkey = supplier.s_nationkey))
                                       ->  Nested Loop  (cost=68849.34..752464.15 rows=451759 width=50) (actual time=534.676..21627.162 rows=363065 loops=5)
                                             ->  Parallel Hash Join  (cost=68848.78..340989.10 rows=112959 width=38) (actual time=534.317..2583.058 rows=90680 loops=5)
                                                   Hash Cond: (orders.o_custkey = customer.c_custkey)
                                                   ->  Parallel Bitmap Heap Scan on orders  (cost=26055.05..295794.98 rows=564796 width=8) (actual time=258.465..2082.716 rows=455328 loops=5)
                                                         Recheck Cond: ((o_orderdate >= '1993-01-01'::date) AND (o_orderdate < '1994-01-01'::date))
                                                         Heap Blocks: exact=52781
                                                         ->  Bitmap Index Scan on idx_orders_orderdate  (cost=0.00..25490.26 rows=2259182 width=0) (actual time=202.101..202.101 rows=2276638 loops=1)
                                                               Index Cond: ((o_orderdate >= '1993-01-01'::date) AND (o_orderdate < '1994-01-01'::date))
                                                   ->  Parallel Hash  (cost=41856.17..41856.17 rows=75005 width=38) (actual time=275.043..275.046 rows=59887 loops=5)
                                                         Buckets: 524288  Batches: 1  Memory Usage: 25312kB
                                                         ->  Hash Join  (cost=2.51..41856.17 rows=75005 width=38) (actual time=1.002..247.241 rows=59887 loops=5)
                                                               Hash Cond: (customer.c_nationkey = nation.n_nationkey)
                                                               ->  Parallel Seq Scan on customer  (cost=0.00..39697.26 rows=375026 width=8) (actual time=0.403..207.661 rows=300000 loops=5)
                                                               ->  Hash  (cost=2.45..2.45 rows=5 width=30) (actual time=0.588..0.590 rows=5 loops=5)
                                                                     Buckets: 1024  Batches: 1  Memory Usage: 9kB
                                                                     ->  Hash Join  (cost=1.07..2.45 rows=5 width=30) (actual time=0.579..0.586 rows=5 loops=5)
                                                                           Hash Cond: (nation.n_regionkey = region.r_regionkey)
                                                                           ->  Seq Scan on nation  (cost=0.00..1.25 rows=25 width=34) (actual time=0.239..0.241 rows=25 loops=5)
                                                                           ->  Hash  (cost=1.06..1.06 rows=1 width=4) (actual time=0.332..0.333 rows=1 loops=5)
                                                                                 Buckets: 1024  Batches: 1  Memory Usage: 9kB
                                                                                 ->  Seq Scan on region  (cost=0.00..1.06 rows=1 width=4) (actual time=0.328..0.329 rows=1 loops=5)
                                                                                       Filter: (r_name = 'AMERICA'::bpchar)
                                                                                       Rows Removed by Filter: 4
                                             ->  Index Scan using idx_lineitem_orderkey on lineitem  (cost=0.56..3.60 rows=4 width=20) (actual time=0.198..0.208 rows=4 loops=453399)
                                                   Index Cond: (l_orderkey = orders.o_orderkey)
                                       ->  Parallel Hash  (cost=2809.24..2809.24 rows=58824 width=8) (actual time=15.696..15.696 rows=20000 loops=5)
                                             Buckets: 131072  Batches: 1  Memory Usage: 5024kB
                                             ->  Parallel Seq Scan on supplier  (cost=0.00..2809.24 rows=58824 width=8) (actual time=0.077..9.626 rows=20000 loops=5)
 Planning Time: 29.096 ms
 Execution Time: 21889.309 ms
(50 rows)

SET
SET
SET
                                                                                              QUERY PLAN                                                                                               
-------------------------------------------------------------------------------------------------------------------------------------------------------------------------------------------------------
 Limit  (cost=761044.22..761044.22 rows=1 width=58) (actual time=2572.877..2622.612 rows=1 loops=1)
   ->  Sort  (cost=761044.22..761044.28 rows=25 width=58) (actual time=2572.876..2622.609 rows=1 loops=1)
         Sort Key: (sum((lineitem.l_extendedprice * ('1'::numeric - lineitem.l_discount)))) DESC
         Sort Method: top-N heapsort  Memory: 25kB
         ->  Finalize GroupAggregate  (cost=760804.97..761044.10 rows=25 width=58) (actual time=2563.473..2622.593 rows=5 loops=1)
               Group Key: nation.n_name
               ->  Gather Merge  (cost=760804.97..761043.03 rows=100 width=58) (actual time=2562.021..2622.555 rows=25 loops=1)
                     Workers Planned: 4
                     Workers Launched: 4
                     ->  Partial GroupAggregate  (cost=759804.91..760031.06 rows=25 width=58) (actual time=2552.830..2558.810 rows=5 loops=5)
                           Group Key: nation.n_name
                           ->  Sort  (cost=759804.91..759850.08 rows=18067 width=38) (actual time=2551.174..2551.883 rows=14407 loops=5)
                                 Sort Key: nation.n_name
                                 Sort Method: quicksort  Memory: 1541kB
                                 Worker 0:  Sort Method: quicksort  Memory: 1542kB
                                 Worker 1:  Sort Method: quicksort  Memory: 1401kB
                                 Worker 2:  Sort Method: quicksort  Memory: 1480kB
                                 Worker 3:  Sort Method: quicksort  Memory: 1586kB
                                 ->  Parallel Hash Join  (cost=72540.94..758527.48 rows=18067 width=38) (actual time=423.748..2542.822 rows=14407 loops=5)
                                       Hash Cond: ((lineitem.l_suppkey = supplier.s_suppkey) AND (customer.c_nationkey = supplier.s_nationkey))
                                       ->  Nested Loop  (cost=68849.34..752464.15 rows=451759 width=50) (actual time=405.214..2409.037 rows=363065 loops=5)
                                             ->  Parallel Hash Join  (cost=68848.78..340989.10 rows=112959 width=38) (actual time=405.170..996.448 rows=90680 loops=5)
                                                   Hash Cond: (orders.o_custkey = customer.c_custkey)
                                                   ->  Parallel Bitmap Heap Scan on orders  (cost=26055.05..295794.98 rows=564796 width=8) (actual time=246.420..664.225 rows=455328 loops=5)
                                                         Recheck Cond: ((o_orderdate >= '1993-01-01'::date) AND (o_orderdate < '1994-01-01'::date))
                                                         Heap Blocks: exact=53614
                                                         ->  Bitmap Index Scan on idx_orders_orderdate  (cost=0.00..25490.26 rows=2259182 width=0) (actual time=191.524..191.524 rows=2276638 loops=1)
                                                               Index Cond: ((o_orderdate >= '1993-01-01'::date) AND (o_orderdate < '1994-01-01'::date))
                                                   ->  Parallel Hash  (cost=41856.17..41856.17 rows=75005 width=38) (actual time=157.281..157.284 rows=59887 loops=5)
                                                         Buckets: 524288  Batches: 1  Memory Usage: 25280kB
                                                         ->  Hash Join  (cost=2.51..41856.17 rows=75005 width=38) (actual time=0.080..126.107 rows=59887 loops=5)
                                                               Hash Cond: (customer.c_nationkey = nation.n_nationkey)
                                                               ->  Parallel Seq Scan on customer  (cost=0.00..39697.26 rows=375026 width=8) (actual time=0.030..88.163 rows=300000 loops=5)
                                                               ->  Hash  (cost=2.45..2.45 rows=5 width=30) (actual time=0.041..0.043 rows=5 loops=5)
                                                                     Buckets: 1024  Batches: 1  Memory Usage: 9kB
                                                                     ->  Hash Join  (cost=1.07..2.45 rows=5 width=30) (actual time=0.035..0.041 rows=5 loops=5)
                                                                           Hash Cond: (nation.n_regionkey = region.r_regionkey)
                                                                           ->  Seq Scan on nation  (cost=0.00..1.25 rows=25 width=34) (actual time=0.012..0.013 rows=25 loops=5)
                                                                           ->  Hash  (cost=1.06..1.06 rows=1 width=4) (actual time=0.017..0.018 rows=1 loops=5)
                                                                                 Buckets: 1024  Batches: 1  Memory Usage: 9kB
                                                                                 ->  Seq Scan on region  (cost=0.00..1.06 rows=1 width=4) (actual time=0.015..0.016 rows=1 loops=5)
                                                                                       Filter: (r_name = 'AMERICA'::bpchar)
                                                                                       Rows Removed by Filter: 4
                                             ->  Index Scan using idx_lineitem_orderkey on lineitem  (cost=0.56..3.60 rows=4 width=20) (actual time=0.014..0.014 rows=4 loops=453399)
                                                   Index Cond: (l_orderkey = orders.o_orderkey)
                                       ->  Parallel Hash  (cost=2809.24..2809.24 rows=58824 width=8) (actual time=16.975..16.976 rows=20000 loops=5)
                                             Buckets: 131072  Batches: 1  Memory Usage: 5056kB
                                             ->  Parallel Seq Scan on supplier  (cost=0.00..2809.24 rows=58824 width=8) (actual time=0.027..9.475 rows=20000 loops=5)
 Planning Time: 5.015 ms
 Execution Time: 2622.934 ms
(50 rows)

query 6 run 1
SET
SET
SET
                                                                                                                QUERY PLAN                                                                                                                 
-------------------------------------------------------------------------------------------------------------------------------------------------------------------------------------------------------------------------------------------
 Limit  (cost=1293855.42..1293855.43 rows=1 width=32) (actual time=10731.252..10776.470 rows=1 loops=1)
   ->  Finalize Aggregate  (cost=1293855.42..1293855.43 rows=1 width=32) (actual time=10731.250..10776.467 rows=1 loops=1)
         ->  Gather  (cost=1293854.98..1293855.39 rows=4 width=32) (actual time=10726.946..10776.449 rows=5 loops=1)
               Workers Planned: 4
               Workers Launched: 4
               ->  Partial Aggregate  (cost=1292854.98..1292854.99 rows=1 width=32) (actual time=10717.818..10717.819 rows=1 loops=5)
                     ->  Parallel Bitmap Heap Scan on lineitem  (cost=212989.08..1291343.13 rows=302370 width=12) (actual time=1452.785..10571.843 rows=238912 loops=5)
                           Recheck Cond: ((l_shipdate >= '1993-01-01'::date) AND (l_shipdate < '1994-01-01 00:00:00'::timestamp without time zone) AND (l_discount >= 0.06) AND (l_discount <= 0.08) AND (l_quantity < '25'::numeric))
                           Rows Removed by Index Recheck: 2744818
                           Heap Blocks: exact=79903 lossy=54057
                           ->  Bitmap Index Scan on idx_lineitem_shipdate  (cost=0.00..212686.71 rows=1209482 width=0) (actual time=1369.112..1369.112 rows=1194558 loops=1)
                                 Index Cond: ((l_shipdate >= '1993-01-01'::date) AND (l_shipdate < '1994-01-01 00:00:00'::timestamp without time zone) AND (l_discount >= 0.06) AND (l_discount <= 0.08) AND (l_quantity < '25'::numeric))
 Planning Time: 12.798 ms
 Execution Time: 10777.604 ms
(14 rows)

SET
SET
SET
                                                                                                                QUERY PLAN                                                                                                                 
-------------------------------------------------------------------------------------------------------------------------------------------------------------------------------------------------------------------------------------------
 Limit  (cost=1293855.42..1293855.43 rows=1 width=32) (actual time=3264.276..3311.075 rows=1 loops=1)
   ->  Finalize Aggregate  (cost=1293855.42..1293855.43 rows=1 width=32) (actual time=3264.274..3311.072 rows=1 loops=1)
         ->  Gather  (cost=1293854.98..1293855.39 rows=4 width=32) (actual time=3261.846..3311.057 rows=5 loops=1)
               Workers Planned: 4
               Workers Launched: 4
               ->  Partial Aggregate  (cost=1292854.98..1292854.99 rows=1 width=32) (actual time=3257.265..3257.266 rows=1 loops=5)
                     ->  Parallel Bitmap Heap Scan on lineitem  (cost=212989.08..1291343.13 rows=302370 width=12) (actual time=1326.270..3159.253 rows=238912 loops=5)
                           Recheck Cond: ((l_shipdate >= '1993-01-01'::date) AND (l_shipdate < '1994-01-01 00:00:00'::timestamp without time zone) AND (l_discount >= 0.06) AND (l_discount <= 0.08) AND (l_quantity < '25'::numeric))
                           Rows Removed by Index Recheck: 2744818
                           Heap Blocks: exact=83438 lossy=56270
                           ->  Bitmap Index Scan on idx_lineitem_shipdate  (cost=0.00..212686.71 rows=1209482 width=0) (actual time=1237.883..1237.884 rows=1194558 loops=1)
                                 Index Cond: ((l_shipdate >= '1993-01-01'::date) AND (l_shipdate < '1994-01-01 00:00:00'::timestamp without time zone) AND (l_discount >= 0.06) AND (l_discount <= 0.08) AND (l_quantity < '25'::numeric))
 Planning Time: 0.662 ms
 Execution Time: 3311.122 ms
(14 rows)

query 7 run 1
SET
SET
SET
                                                                                                      QUERY PLAN                                                                                                       
-----------------------------------------------------------------------------------------------------------------------------------------------------------------------------------------------------------------------
 Limit  (cost=1419888.30..1420948.42 rows=1 width=116) (actual time=35191.926..35196.673 rows=1 loops=1)
   ->  GroupAggregate  (cost=1419888.30..12037971.97 rows=10016 width=116) (actual time=35191.925..35196.671 rows=1 loops=1)
         Group Key: n1.n_name, n2.n_name, EXTRACT(year FROM lineitem.l_shipdate)
         ->  Nested Loop  (cost=1419888.30..12036906.67 rows=61004 width=96) (actual time=7130.812..35165.196 rows=14421 loops=1)
               Join Filter: (n2.n_nationkey = customer.c_nationkey)
               Rows Removed by Join Filter: 349066
               ->  Nested Loop  (cost=1419887.88..6816712.50 rows=1525091 width=76) (actual time=7121.635..29329.900 rows=363487 loops=1)
                     ->  Gather Merge  (cost=1419887.44..1602493.66 rows=1525091 width=76) (actual time=7120.795..7626.905 rows=363487 loops=1)
                           Workers Planned: 4
                           Workers Launched: 4
                           ->  Sort  (cost=1418887.38..1419840.57 rows=381273 width=76) (actual time=7094.354..7137.299 rows=73109 loops=5)
                                 Sort Key: n1.n_name, n2.n_name, (EXTRACT(year FROM lineitem.l_shipdate))
                                 Sort Method: external merge  Disk: 26392kB
                                 Worker 0:  Sort Method: external merge  Disk: 27656kB
                                 Worker 1:  Sort Method: external merge  Disk: 26808kB
                                 Worker 2:  Sort Method: external merge  Disk: 26592kB
                                 Worker 3:  Sort Method: external merge  Disk: 26496kB
                                 ->  Parallel Hash Join  (cost=3140.96..1372650.24 rows=381273 width=76) (actual time=14.951..6787.335 rows=291139 loops=5)
                                       Hash Cond: (lineitem.l_suppkey = supplier.s_suppkey)
                                       ->  Parallel Seq Scan on lineitem  (cost=0.00..1350088.34 rows=4580844 width=24) (actual time=0.413..6178.973 rows=3646065 loops=5)
                                             Filter: ((l_shipdate >= '1995-01-01'::date) AND (l_shipdate <= '1996-12-31'::date))
                                             Rows Removed by Filter: 8351145
                                       ->  Parallel Hash  (cost=3079.76..3079.76 rows=4896 width=60) (actual time=14.223..14.226 rows=1596 loops=5)
                                             Buckets: 16384  Batches: 1  Memory Usage: 928kB
                                             ->  Hash Join  (cost=2.87..3079.76 rows=4896 width=60) (actual time=0.347..13.478 rows=1596 loops=5)
                                                   Hash Cond: (supplier.s_nationkey = n1.n_nationkey)
                                                   ->  Parallel Seq Scan on supplier  (cost=0.00..2809.24 rows=58824 width=8) (actual time=0.156..10.940 rows=20000 loops=5)
                                                   ->  Hash  (cost=2.84..2.84 rows=2 width=60) (actual time=0.184..0.186 rows=2 loops=5)
                                                         Buckets: 1024  Batches: 1  Memory Usage: 9kB
                                                         ->  Nested Loop  (cost=0.00..2.84 rows=2 width=60) (actual time=0.176..0.182 rows=2 loops=5)
                                                               Join Filter: (((n1.n_name = 'PERU'::bpchar) AND (n2.n_name = 'MOROCCO'::bpchar)) OR ((n1.n_name = 'MOROCCO'::bpchar) AND (n2.n_name = 'PERU'::bpchar)))
                                                               Rows Removed by Join Filter: 2
                                                               ->  Seq Scan on nation n1  (cost=0.00..1.38 rows=2 width=30) (actual time=0.160..0.162 rows=2 loops=5)
                                                                     Filter: ((n_name = 'PERU'::bpchar) OR (n_name = 'MOROCCO'::bpchar))
                                                                     Rows Removed by Filter: 23
                                                               ->  Materialize  (cost=0.00..1.39 rows=2 width=30) (actual time=0.004..0.007 rows=2 loops=10)
                                                                     ->  Seq Scan on nation n2  (cost=0.00..1.38 rows=2 width=30) (actual time=0.006..0.008 rows=2 loops=5)
                                                                           Filter: ((n_name = 'MOROCCO'::bpchar) OR (n_name = 'PERU'::bpchar))
                                                                           Rows Removed by Filter: 23
                     ->  Index Scan using orders_pkey on orders  (cost=0.43..3.42 rows=1 width=8) (actual time=0.059..0.059 rows=1 loops=363487)
                           Index Cond: (o_orderkey = lineitem.l_orderkey)
               ->  Index Scan using customer_pkey on customer  (cost=0.43..3.41 rows=1 width=8) (actual time=0.015..0.015 rows=1 loops=363487)
                     Index Cond: (c_custkey = orders.o_custkey)
 Planning Time: 26.902 ms
 Execution Time: 35200.214 ms
(45 rows)

SET
SET
SET
                                                                                                      QUERY PLAN                                                                                                       
-----------------------------------------------------------------------------------------------------------------------------------------------------------------------------------------------------------------------
 Limit  (cost=1419888.30..1420948.42 rows=1 width=116) (actual time=5862.722..5868.367 rows=1 loops=1)
   ->  GroupAggregate  (cost=1419888.30..12037971.97 rows=10016 width=116) (actual time=5862.720..5868.364 rows=1 loops=1)
         Group Key: n1.n_name, n2.n_name, EXTRACT(year FROM lineitem.l_shipdate)
         ->  Nested Loop  (cost=1419888.30..12036906.67 rows=61004 width=96) (actual time=3596.782..5854.738 rows=14421 loops=1)
               Join Filter: (n2.n_nationkey = customer.c_nationkey)
               Rows Removed by Join Filter: 349027
               ->  Nested Loop  (cost=1419887.88..6816712.50 rows=1525091 width=76) (actual time=3595.971..4814.854 rows=363448 loops=1)
                     ->  Gather Merge  (cost=1419887.44..1602493.66 rows=1525091 width=76) (actual time=3595.921..3823.934 rows=363448 loops=1)
                           Workers Planned: 4
                           Workers Launched: 4
                           ->  Sort  (cost=1418887.38..1419840.57 rows=381273 width=76) (actual time=3574.882..3603.972 rows=73109 loops=5)
                                 Sort Key: n1.n_name, n2.n_name, (EXTRACT(year FROM lineitem.l_shipdate))
                                 Sort Method: external merge  Disk: 25592kB
                                 Worker 0:  Sort Method: external merge  Disk: 29240kB
                                 Worker 1:  Sort Method: external merge  Disk: 26824kB
                                 Worker 2:  Sort Method: external merge  Disk: 26072kB
                                 Worker 3:  Sort Method: external merge  Disk: 26216kB
                                 ->  Parallel Hash Join  (cost=3140.96..1372650.24 rows=381273 width=76) (actual time=14.727..3237.549 rows=291139 loops=5)
                                       Hash Cond: (lineitem.l_suppkey = supplier.s_suppkey)
                                       ->  Parallel Seq Scan on lineitem  (cost=0.00..1350088.34 rows=4580844 width=24) (actual time=0.045..2549.657 rows=3646065 loops=5)
                                             Filter: ((l_shipdate >= '1995-01-01'::date) AND (l_shipdate <= '1996-12-31'::date))
                                             Rows Removed by Filter: 8351145
                                       ->  Parallel Hash  (cost=3079.76..3079.76 rows=4896 width=60) (actual time=12.217..12.220 rows=1596 loops=5)
                                             Buckets: 16384  Batches: 1  Memory Usage: 992kB
                                             ->  Hash Join  (cost=2.87..3079.76 rows=4896 width=60) (actual time=0.065..11.499 rows=1596 loops=5)
                                                   Hash Cond: (supplier.s_nationkey = n1.n_nationkey)
                                                   ->  Parallel Seq Scan on supplier  (cost=0.00..2809.24 rows=58824 width=8) (actual time=0.030..9.135 rows=20000 loops=5)
                                                   ->  Hash  (cost=2.84..2.84 rows=2 width=60) (actual time=0.029..0.030 rows=2 loops=5)
                                                         Buckets: 1024  Batches: 1  Memory Usage: 9kB
                                                         ->  Nested Loop  (cost=0.00..2.84 rows=2 width=60) (actual time=0.022..0.028 rows=2 loops=5)
                                                               Join Filter: (((n1.n_name = 'PERU'::bpchar) AND (n2.n_name = 'MOROCCO'::bpchar)) OR ((n1.n_name = 'MOROCCO'::bpchar) AND (n2.n_name = 'PERU'::bpchar)))
                                                               Rows Removed by Join Filter: 2
                                                               ->  Seq Scan on nation n1  (cost=0.00..1.38 rows=2 width=30) (actual time=0.012..0.013 rows=2 loops=5)
                                                                     Filter: ((n_name = 'PERU'::bpchar) OR (n_name = 'MOROCCO'::bpchar))
                                                                     Rows Removed by Filter: 23
                                                               ->  Materialize  (cost=0.00..1.39 rows=2 width=30) (actual time=0.003..0.005 rows=2 loops=10)
                                                                     ->  Seq Scan on nation n2  (cost=0.00..1.38 rows=2 width=30) (actual time=0.004..0.006 rows=2 loops=5)
                                                                           Filter: ((n_name = 'MOROCCO'::bpchar) OR (n_name = 'PERU'::bpchar))
                                                                           Rows Removed by Filter: 23
                     ->  Index Scan using orders_pkey on orders  (cost=0.43..3.42 rows=1 width=8) (actual time=0.002..0.002 rows=1 loops=363448)
                           Index Cond: (o_orderkey = lineitem.l_orderkey)
               ->  Index Scan using customer_pkey on customer  (cost=0.43..3.41 rows=1 width=8) (actual time=0.002..0.003 rows=1 loops=363448)
                     Index Cond: (c_custkey = orders.o_custkey)
 Planning Time: 3.443 ms
 Execution Time: 5871.965 ms
(45 rows)

query 8 run 1
SET
SET
SET
                                                                                         QUERY PLAN                                                                                          
---------------------------------------------------------------------------------------------------------------------------------------------------------------------------------------------
 Limit  (cost=386314.61..392921.00 rows=1 width=64) (actual time=34615.855..34622.205 rows=1 loops=1)
   ->  GroupAggregate  (cost=386314.61..16281278.11 rows=2406 width=64) (actual time=34615.853..34622.202 rows=1 loops=1)
         Group Key: EXTRACT(year FROM orders.o_orderdate)
         ->  Nested Loop  (cost=386314.61..16280746.57 rows=24171 width=70) (actual time=2243.472..34595.436 rows=11818 loops=1)
               Join Filter: (supplier.s_nationkey = n2.n_nationkey)
               Rows Removed by Join Filter: 142658
               ->  Nested Loop  (cost=386314.61..16271955.44 rows=24171 width=20) (actual time=2243.453..34552.159 rows=11818 loops=1)
                     ->  Nested Loop  (cost=386314.32..16192882.99 rows=24171 width=20) (actual time=2243.279..33955.566 rows=11818 loops=1)
                           ->  Nested Loop  (cost=386313.89..3801760.50 rows=3629692 width=24) (actual time=2178.494..23349.320 rows=1816386 loops=1)
                                 ->  Gather Merge  (cost=386313.33..494981.85 rows=907578 width=8) (actual time=2177.510..2462.764 rows=454476 loops=1)
                                       Workers Planned: 4
                                       Workers Launched: 4
                                       ->  Sort  (cost=385313.27..385880.51 rows=226894 width=8) (actual time=2162.309..2169.972 rows=92003 loops=5)
                                             Sort Key: (EXTRACT(year FROM orders.o_orderdate))
                                             Sort Method: quicksort  Memory: 14513kB
                                             Worker 0:  Sort Method: quicksort  Memory: 14533kB
                                             Worker 1:  Sort Method: quicksort  Memory: 14686kB
                                             Worker 2:  Sort Method: quicksort  Memory: 14866kB
                                             Worker 3:  Sort Method: quicksort  Memory: 14797kB
                                             ->  Parallel Hash Join  (cost=42793.73..365129.17 rows=226894 width=8) (actual time=273.682..2112.384 rows=182072 loops=5)
                                                   Hash Cond: (orders.o_custkey = customer.c_custkey)
                                                   ->  Parallel Seq Scan on orders  (cost=0.00..317513.94 rows=1134472 width=12) (actual time=0.453..1571.823 rows=911503 loops=5)
                                                         Filter: ((o_orderdate >= '1995-01-01'::date) AND (o_orderdate <= '1996-12-31'::date))
                                                         Rows Removed by Filter: 2088497
                                                   ->  Parallel Hash  (cost=41856.17..41856.17 rows=75005 width=4) (actual time=272.471..272.474 rows=59887 loops=5)
                                                         Buckets: 524288  Batches: 1  Memory Usage: 15904kB
                                                         ->  Hash Join  (cost=2.51..41856.17 rows=75005 width=4) (actual time=0.211..252.833 rows=59887 loops=5)
                                                               Hash Cond: (customer.c_nationkey = n1.n_nationkey)
                                                               ->  Parallel Seq Scan on customer  (cost=0.00..39697.26 rows=375026 width=8) (actual time=0.115..214.829 rows=300000 loops=5)
                                                               ->  Hash  (cost=2.45..2.45 rows=5 width=4) (actual time=0.090..0.092 rows=5 loops=5)
                                                                     Buckets: 1024  Batches: 1  Memory Usage: 9kB
                                                                     ->  Hash Join  (cost=1.07..2.45 rows=5 width=4) (actual time=0.085..0.091 rows=5 loops=5)
                                                                           Hash Cond: (n1.n_regionkey = region.r_regionkey)
                                                                           ->  Seq Scan on nation n1  (cost=0.00..1.25 rows=25 width=8) (actual time=0.037..0.038 rows=25 loops=5)
                                                                           ->  Hash  (cost=1.06..1.06 rows=1 width=4) (actual time=0.044..0.045 rows=1 loops=5)
                                                                                 Buckets: 1024  Batches: 1  Memory Usage: 9kB
                                                                                 ->  Seq Scan on region  (cost=0.00..1.06 rows=1 width=4) (actual time=0.041..0.042 rows=1 loops=5)
                                                                                       Filter: (r_name = 'AMERICA'::bpchar)
                                                                                       Rows Removed by Filter: 4
                                 ->  Index Scan using idx_lineitem_orderkey on lineitem  (cost=0.56..3.60 rows=4 width=24) (actual time=0.042..0.045 rows=4 loops=454476)
                                       Index Cond: (l_orderkey = orders.o_orderkey)
                           ->  Index Scan using part_pkey on part  (cost=0.43..3.41 rows=1 width=4) (actual time=0.006..0.006 rows=0 loops=1816386)
                                 Index Cond: (p_partkey = lineitem.l_partkey)
                                 Filter: ((p_type)::text = 'LARGE POLISHED BRASS'::text)
                                 Rows Removed by Filter: 1
                     ->  Index Scan using supplier_pkey on supplier  (cost=0.29..3.27 rows=1 width=8) (actual time=0.050..0.050 rows=1 loops=11818)
                           Index Cond: (s_suppkey = lineitem.l_suppkey)
               ->  Materialize  (cost=0.00..1.38 rows=25 width=30) (actual time=0.000..0.001 rows=13 loops=11818)
                     ->  Seq Scan on nation n2  (cost=0.00..1.25 rows=25 width=30) (actual time=0.006..0.010 rows=25 loops=1)
 Planning Time: 34.060 ms
 Execution Time: 34623.021 ms
(51 rows)

SET
SET
SET
                                                                                         QUERY PLAN                                                                                         
--------------------------------------------------------------------------------------------------------------------------------------------------------------------------------------------
 Limit  (cost=386314.61..392921.00 rows=1 width=64) (actual time=9230.163..9237.294 rows=1 loops=1)
   ->  GroupAggregate  (cost=386314.61..16281278.11 rows=2406 width=64) (actual time=9230.161..9237.292 rows=1 loops=1)
         Group Key: EXTRACT(year FROM orders.o_orderdate)
         ->  Nested Loop  (cost=386314.61..16280746.57 rows=24171 width=70) (actual time=1048.530..9223.485 rows=11818 loops=1)
               Join Filter: (supplier.s_nationkey = n2.n_nationkey)
               Rows Removed by Join Filter: 142656
               ->  Nested Loop  (cost=386314.61..16271955.44 rows=24171 width=20) (actual time=1048.509..9197.522 rows=11818 loops=1)
                     ->  Nested Loop  (cost=386314.32..16192882.99 rows=24171 width=20) (actual time=1048.495..9154.514 rows=11818 loops=1)
                           ->  Nested Loop  (cost=386313.89..3801760.50 rows=3629692 width=24) (actual time=1047.609..4027.404 rows=1816409 loops=1)
                                 ->  Gather Merge  (cost=386313.33..494981.85 rows=907578 width=8) (actual time=1047.547..1255.324 rows=454481 loops=1)
                                       Workers Planned: 4
                                       Workers Launched: 4
                                       ->  Sort  (cost=385313.27..385880.51 rows=226894 width=8) (actual time=1038.251..1044.736 rows=92062 loops=5)
                                             Sort Key: (EXTRACT(year FROM orders.o_orderdate))
                                             Sort Method: quicksort  Memory: 14940kB
                                             Worker 0:  Sort Method: quicksort  Memory: 13628kB
                                             Worker 1:  Sort Method: quicksort  Memory: 14108kB
                                             Worker 2:  Sort Method: quicksort  Memory: 14915kB
                                             Worker 3:  Sort Method: quicksort  Memory: 15805kB
                                             ->  Parallel Hash Join  (cost=42793.73..365129.17 rows=226894 width=8) (actual time=153.201..978.770 rows=182072 loops=5)
                                                   Hash Cond: (orders.o_custkey = customer.c_custkey)
                                                   ->  Parallel Seq Scan on orders  (cost=0.00..317513.94 rows=1134472 width=12) (actual time=0.040..524.302 rows=911503 loops=5)
                                                         Filter: ((o_orderdate >= '1995-01-01'::date) AND (o_orderdate <= '1996-12-31'::date))
                                                         Rows Removed by Filter: 2088497
                                                   ->  Parallel Hash  (cost=41856.17..41856.17 rows=75005 width=4) (actual time=152.355..152.358 rows=59887 loops=5)
                                                         Buckets: 524288  Batches: 1  Memory Usage: 15904kB
                                                         ->  Hash Join  (cost=2.51..41856.17 rows=75005 width=4) (actual time=0.427..131.491 rows=59887 loops=5)
                                                               Hash Cond: (customer.c_nationkey = n1.n_nationkey)
                                                               ->  Parallel Seq Scan on customer  (cost=0.00..39697.26 rows=375026 width=8) (actual time=0.027..89.944 rows=300000 loops=5)
                                                               ->  Hash  (cost=2.45..2.45 rows=5 width=4) (actual time=0.395..0.397 rows=5 loops=5)
                                                                     Buckets: 1024  Batches: 1  Memory Usage: 9kB
                                                                     ->  Hash Join  (cost=1.07..2.45 rows=5 width=4) (actual time=0.389..0.396 rows=5 loops=5)
                                                                           Hash Cond: (n1.n_regionkey = region.r_regionkey)
                                                                           ->  Seq Scan on nation n1  (cost=0.00..1.25 rows=25 width=8) (actual time=0.006..0.007 rows=25 loops=5)
                                                                           ->  Hash  (cost=1.06..1.06 rows=1 width=4) (actual time=0.379..0.380 rows=1 loops=5)
                                                                                 Buckets: 1024  Batches: 1  Memory Usage: 9kB
                                                                                 ->  Seq Scan on region  (cost=0.00..1.06 rows=1 width=4) (actual time=0.376..0.377 rows=1 loops=5)
                                                                                       Filter: (r_name = 'AMERICA'::bpchar)
                                                                                       Rows Removed by Filter: 4
                                 ->  Index Scan using idx_lineitem_orderkey on lineitem  (cost=0.56..3.60 rows=4 width=24) (actual time=0.005..0.005 rows=4 loops=454481)
                                       Index Cond: (l_orderkey = orders.o_orderkey)
                           ->  Index Scan using part_pkey on part  (cost=0.43..3.41 rows=1 width=4) (actual time=0.003..0.003 rows=0 loops=1816409)
                                 Index Cond: (p_partkey = lineitem.l_partkey)
                                 Filter: ((p_type)::text = 'LARGE POLISHED BRASS'::text)
                                 Rows Removed by Filter: 1
                     ->  Index Scan using supplier_pkey on supplier  (cost=0.29..3.27 rows=1 width=8) (actual time=0.003..0.003 rows=1 loops=11818)
                           Index Cond: (s_suppkey = lineitem.l_suppkey)
               ->  Materialize  (cost=0.00..1.38 rows=25 width=30) (actual time=0.000..0.001 rows=13 loops=11818)
                     ->  Seq Scan on nation n2  (cost=0.00..1.25 rows=25 width=30) (actual time=0.005..0.010 rows=25 loops=1)
 Planning Time: 5.842 ms
 Execution Time: 9237.405 ms
(51 rows)

query 9 run 1
SET
SET
SET
                                                                                            QUERY PLAN                                                                                            
--------------------------------------------------------------------------------------------------------------------------------------------------------------------------------------------------
 Limit  (cost=528139.89..528297.01 rows=1 width=90) (actual time=44111.935..44122.820 rows=1 loops=1)
   ->  GroupAggregate  (cost=528139.89..9978774.05 rows=60150 width=90) (actual time=44111.933..44122.818 rows=1 loops=1)
         Group Key: nation.n_name, (EXTRACT(year FROM orders.o_orderdate))
         ->  Incremental Sort  (cost=528139.89..9935457.89 rows=2423652 width=81) (actual time=44102.354..44114.285 rows=11401 loops=1)
               Sort Key: nation.n_name, (EXTRACT(year FROM orders.o_orderdate)) DESC
               Presorted Key: nation.n_name
               Full-sort Groups: 1  Sort Method: quicksort  Average Memory: 34kB  Peak Memory: 34kB
               Pre-sorted Groups: 1  Sort Method: quicksort  Average Memory: 21136kB  Peak Memory: 21136kB
               ->  Nested Loop  (cost=137556.88..9590392.53 rows=2423652 width=81) (actual time=1973.062..43878.570 rows=128453 loops=1)
                     ->  Nested Loop  (cost=137556.45..1289105.13 rows=2423652 width=53) (actual time=1972.030..23472.875 rows=128453 loops=1)
                           Join Filter: (supplier.s_suppkey = lineitem.l_suppkey)
                           ->  Gather Merge  (cost=137556.01..176254.12 rows=323199 width=48) (actual time=1970.978..2003.315 rows=17183 loops=1)
                                 Workers Planned: 4
                                 Workers Launched: 4
                                 ->  Sort  (cost=136555.95..136757.95 rows=80800 width=48) (actual time=1949.942..1950.609 rows=4025 loops=5)
                                       Sort Key: nation.n_name
                                       Sort Method: quicksort  Memory: 15333kB
                                       Worker 0:  Sort Method: quicksort  Memory: 15106kB
                                       Worker 1:  Sort Method: quicksort  Memory: 15628kB
                                       Worker 2:  Sort Method: quicksort  Memory: 15193kB
                                       Worker 3:  Sort Method: quicksort  Memory: 15029kB
                                       ->  Hash Join  (cost=3546.53..129969.91 rows=80800 width=48) (actual time=17.033..1876.369 rows=86650 loops=5)
                                             Hash Cond: (supplier.s_nationkey = nation.n_nationkey)
                                             ->  Parallel Hash Join  (cost=3544.97..129720.29 rows=80800 width=26) (actual time=16.910..1855.084 rows=86650 loops=5)
                                                   Hash Cond: (partsupp.ps_suppkey = supplier.s_suppkey)
                                                   ->  Nested Loop  (cost=0.43..125963.65 rows=80800 width=18) (actual time=1.366..1794.763 rows=86650 loops=5)
                                                         ->  Parallel Seq Scan on part  (cost=0.00..47231.15 rows=20202 width=4) (actual time=0.450..206.354 rows=21662 loops=5)
                                                               Filter: ((p_name)::text ~~ '%navy%'::text)
                                                               Rows Removed by Filter: 378338
                                                         ->  Index Scan using idx_partsupp_partkey on partsupp  (cost=0.43..3.72 rows=18 width=14) (actual time=0.068..0.072 rows=4 loops=108312)
                                                               Index Cond: (ps_partkey = part.p_partkey)
                                                   ->  Parallel Hash  (cost=2809.24..2809.24 rows=58824 width=8) (actual time=15.212..15.213 rows=20000 loops=5)
                                                         Buckets: 131072  Batches: 1  Memory Usage: 5024kB
                                                         ->  Parallel Seq Scan on supplier  (cost=0.00..2809.24 rows=58824 width=8) (actual time=0.077..9.264 rows=20000 loops=5)
                                             ->  Hash  (cost=1.25..1.25 rows=25 width=30) (actual time=0.049..0.049 rows=25 loops=5)
                                                   Buckets: 1024  Batches: 1  Memory Usage: 10kB
                                                   ->  Seq Scan on nation  (cost=0.00..1.25 rows=25 width=30) (actual time=0.041..0.044 rows=25 loops=5)
                           ->  Index Scan using idx_lineitem_part_supp on lineitem  (cost=0.44..3.43 rows=1 width=29) (actual time=0.283..1.242 rows=7 loops=17183)
                                 Index Cond: ((l_partkey = partsupp.ps_partkey) AND (l_suppkey = partsupp.ps_suppkey))
                     ->  Index Scan using orders_pkey on orders  (cost=0.43..3.42 rows=1 width=8) (actual time=0.156..0.156 rows=1 loops=128453)
                           Index Cond: (o_orderkey = lineitem.l_orderkey)
 Planning Time: 34.102 ms
 Execution Time: 44124.079 ms
(43 rows)

SET
SET
SET
                                                                                            QUERY PLAN                                                                                            
--------------------------------------------------------------------------------------------------------------------------------------------------------------------------------------------------
 Limit  (cost=528139.89..528297.01 rows=1 width=90) (actual time=2189.489..2208.705 rows=1 loops=1)
   ->  GroupAggregate  (cost=528139.89..9978774.05 rows=60150 width=90) (actual time=2189.488..2208.703 rows=1 loops=1)
         Group Key: nation.n_name, (EXTRACT(year FROM orders.o_orderdate))
         ->  Incremental Sort  (cost=528139.89..9935457.89 rows=2423652 width=81) (actual time=2180.171..2200.424 rows=11401 loops=1)
               Sort Key: nation.n_name, (EXTRACT(year FROM orders.o_orderdate)) DESC
               Presorted Key: nation.n_name
               Full-sort Groups: 1  Sort Method: quicksort  Average Memory: 34kB  Peak Memory: 34kB
               Pre-sorted Groups: 1  Sort Method: quicksort  Average Memory: 21136kB  Peak Memory: 21136kB
               ->  Nested Loop  (cost=137556.88..9590392.53 rows=2423652 width=81) (actual time=575.396..2105.760 rows=128453 loops=1)
                     ->  Nested Loop  (cost=137556.45..1289105.13 rows=2423652 width=53) (actual time=575.367..1202.850 rows=128453 loops=1)
                           Join Filter: (supplier.s_suppkey = lineitem.l_suppkey)
                           ->  Gather Merge  (cost=137556.01..176254.12 rows=323199 width=48) (actual time=575.306..603.811 rows=17183 loops=1)
                                 Workers Planned: 4
                                 Workers Launched: 4
                                 ->  Sort  (cost=136555.95..136757.95 rows=80800 width=48) (actual time=561.858..562.370 rows=4030 loops=5)
                                       Sort Key: nation.n_name
                                       Sort Method: quicksort  Memory: 13908kB
                                       Worker 0:  Sort Method: quicksort  Memory: 15925kB
                                       Worker 1:  Sort Method: quicksort  Memory: 15415kB
                                       Worker 2:  Sort Method: quicksort  Memory: 15421kB
                                       Worker 3:  Sort Method: quicksort  Memory: 15619kB
                                       ->  Hash Join  (cost=3546.53..129969.91 rows=80800 width=48) (actual time=18.920..489.407 rows=86650 loops=5)
                                             Hash Cond: (supplier.s_nationkey = nation.n_nationkey)
                                             ->  Parallel Hash Join  (cost=3544.97..129720.29 rows=80800 width=26) (actual time=18.833..465.944 rows=86650 loops=5)
                                                   Hash Cond: (partsupp.ps_suppkey = supplier.s_suppkey)
                                                   ->  Nested Loop  (cost=0.43..125963.65 rows=80800 width=18) (actual time=0.081..399.989 rows=86650 loops=5)
                                                         ->  Parallel Seq Scan on part  (cost=0.00..47231.15 rows=20202 width=4) (actual time=0.038..152.209 rows=21662 loops=5)
                                                               Filter: ((p_name)::text ~~ '%navy%'::text)
                                                               Rows Removed by Filter: 378338
                                                         ->  Index Scan using idx_partsupp_partkey on partsupp  (cost=0.43..3.72 rows=18 width=14) (actual time=0.009..0.010 rows=4 loops=108312)
                                                               Index Cond: (ps_partkey = part.p_partkey)
                                                   ->  Parallel Hash  (cost=2809.24..2809.24 rows=58824 width=8) (actual time=17.009..17.011 rows=20000 loops=5)
                                                         Buckets: 131072  Batches: 1  Memory Usage: 5024kB
                                                         ->  Parallel Seq Scan on supplier  (cost=0.00..2809.24 rows=58824 width=8) (actual time=0.033..6.406 rows=20000 loops=5)
                                             ->  Hash  (cost=1.25..1.25 rows=25 width=30) (actual time=0.018..0.018 rows=25 loops=5)
                                                   Buckets: 1024  Batches: 1  Memory Usage: 10kB
                                                   ->  Seq Scan on nation  (cost=0.00..1.25 rows=25 width=30) (actual time=0.009..0.013 rows=25 loops=5)
                           ->  Index Scan using idx_lineitem_part_supp on lineitem  (cost=0.44..3.43 rows=1 width=29) (actual time=0.009..0.033 rows=7 loops=17183)
                                 Index Cond: ((l_partkey = partsupp.ps_partkey) AND (l_suppkey = partsupp.ps_suppkey))
                     ->  Index Scan using orders_pkey on orders  (cost=0.43..3.42 rows=1 width=8) (actual time=0.006..0.006 rows=1 loops=128453)
                           Index Cond: (o_orderkey = lineitem.l_orderkey)
 Planning Time: 6.816 ms
 Execution Time: 2209.056 ms
(43 rows)

query 10 run 1
SET
SET
SET
                                                                                            QUERY PLAN                                                                                            
--------------------------------------------------------------------------------------------------------------------------------------------------------------------------------------------------
 Limit  (cost=943738.71..943738.76 rows=20 width=202) (actual time=21271.837..21330.521 rows=20 loops=1)
   ->  Sort  (cost=943738.71..945134.41 rows=558283 width=202) (actual time=21271.836..21330.518 rows=20 loops=1)
         Sort Key: (sum((lineitem.l_extendedprice * ('1'::numeric - lineitem.l_discount)))) DESC
         Sort Method: top-N heapsort  Memory: 33kB
         ->  GroupAggregate  (cost=848080.11..928883.00 rows=558283 width=202) (actual time=20206.977..21208.078 rows=381205 loops=1)
               Group Key: customer.c_custkey, nation.n_name
               ->  Gather Merge  (cost=848080.11..914925.92 rows=558283 width=182) (actual time=20206.959..20481.999 rows=1145402 loops=1)
                     Workers Planned: 4
                     Workers Launched: 4
                     ->  Sort  (cost=847080.05..847428.98 rows=139571 width=182) (actual time=20187.306..20214.553 rows=229080 loops=5)
                           Sort Key: customer.c_custkey, nation.n_name
                           Sort Method: external merge  Disk: 40384kB
                           Worker 0:  Sort Method: external merge  Disk: 42384kB
                           Worker 1:  Sort Method: external merge  Disk: 43568kB
                           Worker 2:  Sort Method: external merge  Disk: 43592kB
                           Worker 3:  Sort Method: external merge  Disk: 48608kB
                           ->  Hash Join  (cost=791865.89..835153.26 rows=139571 width=182) (actual time=19669.201..20040.406 rows=229080 loops=5)
                                 Hash Cond: (customer.c_nationkey = nation.n_nationkey)
                                 ->  Parallel Hash Join  (cost=791864.33..834723.21 rows=139571 width=160) (actual time=19669.082..19992.350 rows=229080 loops=5)
                                       Hash Cond: (customer.c_custkey = orders.o_custkey)
                                       ->  Parallel Seq Scan on customer  (cost=0.00..39697.26 rows=375026 width=148) (actual time=0.567..165.781 rows=300000 loops=5)
                                       ->  Parallel Hash  (cost=790119.69..790119.69 rows=139571 width=16) (actual time=19667.353..19667.355 rows=229080 loops=5)
                                             Buckets: 2097152 (originally 1048576)  Batches: 1 (originally 1)  Memory Usage: 85184kB
                                             ->  Nested Loop  (cost=6623.33..790119.69 rows=139571 width=16) (actual time=136.179..19502.351 rows=229080 loops=5)
                                                   ->  Parallel Bitmap Heap Scan on orders  (cost=6622.76..270044.11 rows=143557 width=8) (actual time=135.597..2341.661 rows=114632 loops=5)
                                                         Recheck Cond: ((o_orderdate >= '1994-08-01'::date) AND (o_orderdate < '1994-11-01'::date))
                                                         Heap Blocks: exact=46488
                                                         ->  Bitmap Index Scan on idx_orders_orderdate  (cost=0.00..6479.21 rows=574227 width=0) (actual time=88.024..88.024 rows=573160 loops=1)
                                                               Index Cond: ((o_orderdate >= '1994-08-01'::date) AND (o_orderdate < '1994-11-01'::date))
                                                   ->  Index Scan using idx_lineitem_orderkey on lineitem  (cost=0.56..3.61 rows=1 width=16) (actual time=0.144..0.149 rows=2 loops=573160)
                                                         Index Cond: (l_orderkey = orders.o_orderkey)
                                                         Filter: (l_returnflag = 'R'::bpchar)
                                                         Rows Removed by Filter: 2
                                 ->  Hash  (cost=1.25..1.25 rows=25 width=30) (actual time=0.051..0.051 rows=25 loops=5)
                                       Buckets: 1024  Batches: 1  Memory Usage: 10kB
                                       ->  Seq Scan on nation  (cost=0.00..1.25 rows=25 width=30) (actual time=0.043..0.046 rows=25 loops=5)
 Planning Time: 20.730 ms
 Execution Time: 21336.507 ms
(38 rows)

SET
SET
SET
                                                                                            QUERY PLAN                                                                                            
--------------------------------------------------------------------------------------------------------------------------------------------------------------------------------------------------
 Limit  (cost=943738.71..943738.76 rows=20 width=202) (actual time=3717.604..3770.229 rows=20 loops=1)
   ->  Sort  (cost=943738.71..945134.41 rows=558283 width=202) (actual time=3717.602..3770.225 rows=20 loops=1)
         Sort Key: (sum((lineitem.l_extendedprice * ('1'::numeric - lineitem.l_discount)))) DESC
         Sort Method: top-N heapsort  Memory: 33kB
         ->  GroupAggregate  (cost=848080.11..928883.00 rows=558283 width=202) (actual time=2640.685..3648.476 rows=381205 loops=1)
               Group Key: customer.c_custkey, nation.n_name
               ->  Gather Merge  (cost=848080.11..914925.92 rows=558283 width=182) (actual time=2640.666..2916.244 rows=1145402 loops=1)
                     Workers Planned: 4
                     Workers Launched: 4
                     ->  Sort  (cost=847080.05..847428.98 rows=139571 width=182) (actual time=2630.803..2659.001 rows=229080 loops=5)
                           Sort Key: customer.c_custkey, nation.n_name
                           Sort Method: external merge  Disk: 44896kB
                           Worker 0:  Sort Method: external merge  Disk: 48816kB
                           Worker 1:  Sort Method: external merge  Disk: 54648kB
                           Worker 2:  Sort Method: external merge  Disk: 42464kB
                           Worker 3:  Sort Method: external merge  Disk: 27712kB
                           ->  Hash Join  (cost=791865.89..835153.26 rows=139571 width=182) (actual time=2202.654..2483.333 rows=229080 loops=5)
                                 Hash Cond: (customer.c_nationkey = nation.n_nationkey)
                                 ->  Parallel Hash Join  (cost=791864.33..834723.21 rows=139571 width=160) (actual time=2202.560..2428.213 rows=229080 loops=5)
                                       Hash Cond: (customer.c_custkey = orders.o_custkey)
                                       ->  Parallel Seq Scan on customer  (cost=0.00..39697.26 rows=375026 width=148) (actual time=0.025..61.908 rows=300000 loops=5)
                                       ->  Parallel Hash  (cost=790119.69..790119.69 rows=139571 width=16) (actual time=2200.428..2200.430 rows=229080 loops=5)
                                             Buckets: 2097152 (originally 1048576)  Batches: 1 (originally 1)  Memory Usage: 85184kB
                                             ->  Nested Loop  (cost=6623.33..790119.69 rows=139571 width=16) (actual time=132.693..2079.137 rows=229080 loops=5)
                                                   ->  Parallel Bitmap Heap Scan on orders  (cost=6622.76..270044.11 rows=143557 width=8) (actual time=132.610..486.959 rows=114632 loops=5)
                                                         Recheck Cond: ((o_orderdate >= '1994-08-01'::date) AND (o_orderdate < '1994-11-01'::date))
                                                         Heap Blocks: exact=47641
                                                         ->  Bitmap Index Scan on idx_orders_orderdate  (cost=0.00..6479.21 rows=574227 width=0) (actual time=83.650..83.650 rows=573160 loops=1)
                                                               Index Cond: ((o_orderdate >= '1994-08-01'::date) AND (o_orderdate < '1994-11-01'::date))
                                                   ->  Index Scan using idx_lineitem_orderkey on lineitem  (cost=0.56..3.61 rows=1 width=16) (actual time=0.012..0.013 rows=2 loops=573160)
                                                         Index Cond: (l_orderkey = orders.o_orderkey)
                                                         Filter: (l_returnflag = 'R'::bpchar)
                                                         Rows Removed by Filter: 2
                                 ->  Hash  (cost=1.25..1.25 rows=25 width=30) (actual time=0.021..0.021 rows=25 loops=5)
                                       Buckets: 1024  Batches: 1  Memory Usage: 10kB
                                       ->  Seq Scan on nation  (cost=0.00..1.25 rows=25 width=30) (actual time=0.011..0.015 rows=25 loops=5)
 Planning Time: 2.213 ms
 Execution Time: 3776.965 ms
(38 rows)

query 11 run 1
SET
SET
SET
                                                                                         QUERY PLAN                                                                                          
---------------------------------------------------------------------------------------------------------------------------------------------------------------------------------------------
 Limit  (cost=447525.42..447525.42 rows=1 width=36) (actual time=3952.339..3969.793 rows=0 loops=1)
   InitPlan 1 (returns $3)
     ->  Finalize Aggregate  (cost=197867.25..197867.26 rows=1 width=32) (actual time=149.893..149.973 rows=1 loops=1)
           ->  Gather  (cost=197867.03..197867.24 rows=2 width=32) (actual time=149.365..149.951 rows=3 loops=1)
                 Workers Planned: 2
                 Workers Launched: 2
                 ->  Partial Aggregate  (cost=196867.03..196867.04 rows=1 width=32) (actual time=147.134..147.135 rows=1 loops=3)
                       ->  Nested Loop  (cost=0.87..195867.12 rows=133320 width=10) (actual time=0.101..119.176 rows=106933 loops=3)
                             ->  Nested Loop  (cost=0.44..4617.72 rows=1667 width=4) (actual time=0.088..16.596 rows=1337 loops=3)
                                   ->  Parallel Index Scan using supplier_pkey on supplier supplier_1  (cost=0.29..3552.46 rows=41667 width=8) (actual time=0.026..6.698 rows=33333 loops=3)
                                   ->  Memoize  (cost=0.15..0.92 rows=1 width=4) (actual time=0.000..0.000 rows=0 loops=100000)
                                         Cache Key: supplier_1.s_nationkey
                                         Cache Mode: logical
                                         Hits: 39503  Misses: 25  Evictions: 0  Overflows: 0  Memory Usage: 2kB
                                         Worker 0:  Hits: 30069  Misses: 25  Evictions: 0  Overflows: 0  Memory Usage: 2kB
                                         Worker 1:  Hits: 30353  Misses: 25  Evictions: 0  Overflows: 0  Memory Usage: 2kB
                                         ->  Index Scan using nation_pkey on nation nation_1  (cost=0.14..0.91 rows=1 width=4) (actual time=0.002..0.002 rows=0 loops=75)
                                               Index Cond: (n_nationkey = supplier_1.s_nationkey)
                                               Filter: (n_name = 'SAUDI ARABIA'::bpchar)
                                               Rows Removed by Filter: 1
                             ->  Index Scan using idx_partsupp_suppkey on partsupp partsupp_1  (cost=0.43..113.92 rows=81 width=14) (actual time=0.003..0.068 rows=80 loops=4010)
                                   Index Cond: (ps_suppkey = supplier_1.s_suppkey)
   ->  Sort  (cost=249658.16..249924.80 rows=106656 width=36) (actual time=3952.338..3969.711 rows=0 loops=1)
         Sort Key: (sum((partsupp.ps_supplycost * (partsupp.ps_availqty)::numeric))) DESC
         Sort Method: quicksort  Memory: 25kB
         ->  Finalize GroupAggregate  (cost=208215.70..249124.88 rows=106656 width=36) (actual time=3952.330..3969.703 rows=0 loops=1)
               Group Key: partsupp.ps_partkey
               Filter: (sum((partsupp.ps_supplycost * (partsupp.ps_availqty)::numeric)) > $3)
               Rows Removed by Filter: 301833
               ->  Gather Merge  (cost=208215.70..242325.57 rows=266640 width=36) (actual time=3446.031..3610.752 rows=313810 loops=1)
                     Workers Planned: 2
                     Workers Launched: 2
                     ->  Partial GroupAggregate  (cost=207215.68..210548.68 rows=133320 width=36) (actual time=3439.662..3541.994 rows=104603 loops=3)
                           Group Key: partsupp.ps_partkey
                           ->  Sort  (cost=207215.68..207548.98 rows=133320 width=14) (actual time=3439.646..3447.685 rows=106933 loops=3)
                                 Sort Key: partsupp.ps_partkey
                                 Sort Method: quicksort  Memory: 8071kB
                                 Worker 0:  Sort Method: quicksort  Memory: 7925kB
                                 Worker 1:  Sort Method: quicksort  Memory: 8259kB
                                 ->  Nested Loop  (cost=0.87..195867.12 rows=133320 width=14) (actual time=1.262..3398.893 rows=106933 loops=3)
                                       ->  Nested Loop  (cost=0.44..4617.72 rows=1667 width=4) (actual time=0.298..27.336 rows=1337 loops=3)
                                             ->  Parallel Index Scan using supplier_pkey on supplier  (cost=0.29..3552.46 rows=41667 width=8) (actual time=0.178..14.827 rows=33333 loops=3)
                                             ->  Memoize  (cost=0.15..0.92 rows=1 width=4) (actual time=0.000..0.000 rows=0 loops=100000)
                                                   Cache Key: supplier.s_nationkey
                                                   Cache Mode: logical
                                                   Hits: 33281  Misses: 25  Evictions: 0  Overflows: 0  Memory Usage: 2kB
                                                   Worker 0:  Hits: 32997  Misses: 25  Evictions: 0  Overflows: 0  Memory Usage: 2kB
                                                   Worker 1:  Hits: 33647  Misses: 25  Evictions: 0  Overflows: 0  Memory Usage: 2kB
                                                   ->  Index Scan using nation_pkey on nation  (cost=0.14..0.91 rows=1 width=4) (actual time=0.004..0.004 rows=0 loops=75)
                                                         Index Cond: (n_nationkey = supplier.s_nationkey)
                                                         Filter: (n_name = 'SAUDI ARABIA'::bpchar)
                                                         Rows Removed by Filter: 1
                                       ->  Index Scan using idx_partsupp_suppkey on partsupp  (cost=0.43..113.92 rows=81 width=18) (actual time=0.072..2.505 rows=80 loops=4010)
                                             Index Cond: (ps_suppkey = supplier.s_suppkey)
 Planning Time: 13.458 ms
 Execution Time: 3970.171 ms
(56 rows)

SET
SET
SET
                                                                                         QUERY PLAN                                                                                          
---------------------------------------------------------------------------------------------------------------------------------------------------------------------------------------------
 Limit  (cost=447525.42..447525.42 rows=1 width=36) (actual time=662.749..678.638 rows=0 loops=1)
   InitPlan 1 (returns $3)
     ->  Finalize Aggregate  (cost=197867.25..197867.26 rows=1 width=32) (actual time=143.937..144.018 rows=1 loops=1)
           ->  Gather  (cost=197867.03..197867.24 rows=2 width=32) (actual time=143.299..144.007 rows=3 loops=1)
                 Workers Planned: 2
                 Workers Launched: 2
                 ->  Partial Aggregate  (cost=196867.03..196867.04 rows=1 width=32) (actual time=140.922..140.923 rows=1 loops=3)
                       ->  Nested Loop  (cost=0.87..195867.12 rows=133320 width=10) (actual time=0.122..113.521 rows=106933 loops=3)
                             ->  Nested Loop  (cost=0.44..4617.72 rows=1667 width=4) (actual time=0.110..16.396 rows=1337 loops=3)
                                   ->  Parallel Index Scan using supplier_pkey on supplier supplier_1  (cost=0.29..3552.46 rows=41667 width=8) (actual time=0.041..6.509 rows=33333 loops=3)
                                   ->  Memoize  (cost=0.15..0.92 rows=1 width=4) (actual time=0.000..0.000 rows=0 loops=100000)
                                         Cache Key: supplier_1.s_nationkey
                                         Cache Mode: logical
                                         Hits: 42879  Misses: 25  Evictions: 0  Overflows: 0  Memory Usage: 2kB
                                         Worker 0:  Hits: 28889  Misses: 25  Evictions: 0  Overflows: 0  Memory Usage: 2kB
                                         Worker 1:  Hits: 28157  Misses: 25  Evictions: 0  Overflows: 0  Memory Usage: 2kB
                                         ->  Index Scan using nation_pkey on nation nation_1  (cost=0.14..0.91 rows=1 width=4) (actual time=0.002..0.002 rows=0 loops=75)
                                               Index Cond: (n_nationkey = supplier_1.s_nationkey)
                                               Filter: (n_name = 'SAUDI ARABIA'::bpchar)
                                               Rows Removed by Filter: 1
                             ->  Index Scan using idx_partsupp_suppkey on partsupp partsupp_1  (cost=0.43..113.92 rows=81 width=14) (actual time=0.003..0.064 rows=80 loops=4010)
                                   Index Cond: (ps_suppkey = supplier_1.s_suppkey)
   ->  Sort  (cost=249658.16..249924.80 rows=106656 width=36) (actual time=662.748..678.556 rows=0 loops=1)
         Sort Key: (sum((partsupp.ps_supplycost * (partsupp.ps_availqty)::numeric))) DESC
         Sort Method: quicksort  Memory: 25kB
         ->  Finalize GroupAggregate  (cost=208215.70..249124.88 rows=106656 width=36) (actual time=662.740..678.548 rows=0 loops=1)
               Group Key: partsupp.ps_partkey
               Filter: (sum((partsupp.ps_supplycost * (partsupp.ps_availqty)::numeric)) > $3)
               Rows Removed by Filter: 301833
               ->  Gather Merge  (cost=208215.70..242325.57 rows=266640 width=36) (actual time=161.394..324.466 rows=314212 loops=1)
                     Workers Planned: 2
                     Workers Launched: 2
                     ->  Partial GroupAggregate  (cost=207215.68..210548.68 rows=133320 width=36) (actual time=158.459..259.700 rows=104737 loops=3)
                           Group Key: partsupp.ps_partkey
                           ->  Sort  (cost=207215.68..207548.98 rows=133320 width=14) (actual time=158.444..166.436 rows=106933 loops=3)
                                 Sort Key: partsupp.ps_partkey
                                 Sort Method: quicksort  Memory: 8139kB
                                 Worker 0:  Sort Method: quicksort  Memory: 8056kB
                                 Worker 1:  Sort Method: quicksort  Memory: 8060kB
                                 ->  Nested Loop  (cost=0.87..195867.12 rows=133320 width=14) (actual time=0.103..131.275 rows=106933 loops=3)
                                       ->  Nested Loop  (cost=0.44..4617.72 rows=1667 width=4) (actual time=0.090..17.053 rows=1337 loops=3)
                                             ->  Parallel Index Scan using supplier_pkey on supplier  (cost=0.29..3552.46 rows=41667 width=8) (actual time=0.026..6.951 rows=33333 loops=3)
                                             ->  Memoize  (cost=0.15..0.92 rows=1 width=4) (actual time=0.000..0.000 rows=0 loops=100000)
                                                   Cache Key: supplier.s_nationkey
                                                   Cache Mode: logical
                                                   Hits: 33281  Misses: 25  Evictions: 0  Overflows: 0  Memory Usage: 2kB
                                                   Worker 0:  Hits: 33281  Misses: 25  Evictions: 0  Overflows: 0  Memory Usage: 2kB
                                                   Worker 1:  Hits: 33363  Misses: 25  Evictions: 0  Overflows: 0  Memory Usage: 2kB
                                                   ->  Index Scan using nation_pkey on nation  (cost=0.14..0.91 rows=1 width=4) (actual time=0.002..0.002 rows=0 loops=75)
                                                         Index Cond: (n_nationkey = supplier.s_nationkey)
                                                         Filter: (n_name = 'SAUDI ARABIA'::bpchar)
                                                         Rows Removed by Filter: 1
                                       ->  Index Scan using idx_partsupp_suppkey on partsupp  (cost=0.43..113.92 rows=81 width=18) (actual time=0.004..0.076 rows=80 loops=4010)
                                             Index Cond: (ps_suppkey = supplier.s_suppkey)
 Planning Time: 1.112 ms
 Execution Time: 678.722 ms
(56 rows)

query 12 run 1
SET
SET
SET
                                                                                                                    QUERY PLAN                                                                                                                     
---------------------------------------------------------------------------------------------------------------------------------------------------------------------------------------------------------------------------------------------------
 Limit  (cost=1469389.52..1616110.15 rows=1 width=27) (actual time=13239.153..13240.176 rows=1 loops=1)
   ->  GroupAggregate  (cost=1469389.52..2496433.89 rows=7 width=27) (actual time=13239.152..13240.174 rows=1 loops=1)
         Group Key: lineitem.l_shipmode
         ->  Nested Loop  (cost=1469389.52..2491378.58 rows=288871 width=27) (actual time=6940.437..13159.532 rows=155572 loops=1)
               ->  Gather Merge  (cost=1469389.09..1503976.95 rows=288871 width=15) (actual time=6939.943..7008.711 rows=155572 loops=1)
                     Workers Planned: 4
                     Workers Launched: 4
                     ->  Sort  (cost=1468389.03..1468569.57 rows=72218 width=15) (actual time=6929.250..6931.713 rows=32295 loops=5)
                           Sort Key: lineitem.l_shipmode
                           Sort Method: quicksort  Memory: 4444kB
                           Worker 0:  Sort Method: quicksort  Memory: 4471kB
                           Worker 1:  Sort Method: quicksort  Memory: 4416kB
                           Worker 2:  Sort Method: quicksort  Memory: 4468kB
                           Worker 3:  Sort Method: quicksort  Memory: 4473kB
                           ->  Parallel Seq Scan on lineitem  (cost=0.00..1462561.01 rows=72218 width=15) (actual time=1.778..6911.553 rows=62252 loops=5)
                                 Filter: ((l_shipmode = ANY ('{SHIP,"REG AIR"}'::bpchar[])) AND (l_commitdate < l_receiptdate) AND (l_shipdate < l_commitdate) AND (l_receiptdate >= '1994-01-01'::date) AND (l_receiptdate < '1995-01-01'::date))
                                 Rows Removed by Filter: 11934959
               ->  Index Scan using orders_pkey on orders  (cost=0.43..3.42 rows=1 width=20) (actual time=0.039..0.039 rows=1 loops=155572)
                     Index Cond: (o_orderkey = lineitem.l_orderkey)
 Planning Time: 17.486 ms
 Execution Time: 13240.774 ms
(21 rows)

SET
SET
SET
                                                                                                                    QUERY PLAN                                                                                                                     
---------------------------------------------------------------------------------------------------------------------------------------------------------------------------------------------------------------------------------------------------
 Limit  (cost=1469389.52..1616110.15 rows=1 width=27) (actual time=3975.421..3976.628 rows=1 loops=1)
   ->  GroupAggregate  (cost=1469389.52..2496433.89 rows=7 width=27) (actual time=3975.420..3976.626 rows=1 loops=1)
         Group Key: lineitem.l_shipmode
         ->  Nested Loop  (cost=1469389.52..2491378.58 rows=288871 width=27) (actual time=3512.703..3930.098 rows=155572 loops=1)
               ->  Gather Merge  (cost=1469389.09..1503976.95 rows=288871 width=15) (actual time=3512.646..3550.512 rows=155572 loops=1)
                     Workers Planned: 4
                     Workers Launched: 4
                     ->  Sort  (cost=1468389.03..1468569.57 rows=72218 width=15) (actual time=3506.358..3508.317 rows=32208 loops=5)
                           Sort Key: lineitem.l_shipmode
                           Sort Method: quicksort  Memory: 6214kB
                           Worker 0:  Sort Method: quicksort  Memory: 4237kB
                           Worker 1:  Sort Method: quicksort  Memory: 4305kB
                           Worker 2:  Sort Method: quicksort  Memory: 4412kB
                           Worker 3:  Sort Method: quicksort  Memory: 6176kB
                           ->  Parallel Seq Scan on lineitem  (cost=0.00..1462561.01 rows=72218 width=15) (actual time=0.767..3485.316 rows=62252 loops=5)
                                 Filter: ((l_shipmode = ANY ('{SHIP,"REG AIR"}'::bpchar[])) AND (l_commitdate < l_receiptdate) AND (l_shipdate < l_commitdate) AND (l_receiptdate >= '1994-01-01'::date) AND (l_receiptdate < '1995-01-01'::date))
                                 Rows Removed by Filter: 11934959
               ->  Index Scan using orders_pkey on orders  (cost=0.43..3.42 rows=1 width=20) (actual time=0.002..0.002 rows=1 loops=155572)
                     Index Cond: (o_orderkey = lineitem.l_orderkey)
 Planning Time: 0.882 ms
 Execution Time: 3976.683 ms
(21 rows)

query 13 run 1
SET
SET
SET
                                                                                    QUERY PLAN                                                                                     
-----------------------------------------------------------------------------------------------------------------------------------------------------------------------------------
 Limit  (cost=1361551.78..1361551.78 rows=1 width=16) (actual time=18256.872..18256.875 rows=1 loops=1)
   ->  Sort  (cost=1361551.78..1361552.28 rows=200 width=16) (actual time=18256.870..18256.873 rows=1 loops=1)
         Sort Key: (count(*)) DESC, (count(orders.o_orderkey)) DESC
         Sort Method: top-N heapsort  Memory: 25kB
         ->  HashAggregate  (cost=1361548.78..1361550.78 rows=200 width=16) (actual time=18256.844..18256.851 rows=46 loops=1)
               Group Key: count(orders.o_orderkey)
               Batches: 1  Memory Usage: 40kB
               ->  HashAggregate  (cost=1208050.77..1339047.22 rows=1500104 width=12) (actual time=15544.618..18088.182 rows=1500000 loops=1)
                     Group Key: customer.c_custkey
                     Planned Partitions: 8  Batches: 9  Memory Usage: 32849kB  Disk Usage: 325144kB
                     ->  Hash Right Join  (cost=53287.29..662872.32 rows=14847413 width=8) (actual time=344.678..11228.192 rows=15337604 loops=1)
                           Hash Cond: (orders.o_custkey = customer.c_custkey)
                           ->  Seq Scan on orders  (cost=0.00..448754.46 rows=14847413 width=8) (actual time=0.539..5072.393 rows=14837583 loops=1)
                                 Filter: ((o_comment)::text !~~ '%special%requests%'::text)
                                 Rows Removed by Filter: 162417
                           ->  Hash  (cost=28675.99..28675.99 rows=1500104 width=4) (actual time=342.724..342.725 rows=1500000 loops=1)
                                 Buckets: 1048576  Batches: 4  Memory Usage: 21380kB
                                 ->  Index Only Scan using customer_pkey on customer  (cost=0.43..28675.99 rows=1500104 width=4) (actual time=0.019..159.903 rows=1500000 loops=1)
                                       Heap Fetches: 0
 Planning Time: 16.792 ms
 Execution Time: 18311.765 ms
(21 rows)

SET
SET
SET
                                                                                    QUERY PLAN                                                                                     
-----------------------------------------------------------------------------------------------------------------------------------------------------------------------------------
 Limit  (cost=1361551.78..1361551.78 rows=1 width=16) (actual time=17743.867..17743.870 rows=1 loops=1)
   ->  Sort  (cost=1361551.78..1361552.28 rows=200 width=16) (actual time=17743.865..17743.867 rows=1 loops=1)
         Sort Key: (count(*)) DESC, (count(orders.o_orderkey)) DESC
         Sort Method: top-N heapsort  Memory: 25kB
         ->  HashAggregate  (cost=1361548.78..1361550.78 rows=200 width=16) (actual time=17743.838..17743.847 rows=46 loops=1)
               Group Key: count(orders.o_orderkey)
               Batches: 1  Memory Usage: 40kB
               ->  HashAggregate  (cost=1208050.77..1339047.22 rows=1500104 width=12) (actual time=15040.883..17574.239 rows=1500000 loops=1)
                     Group Key: customer.c_custkey
                     Planned Partitions: 8  Batches: 9  Memory Usage: 32849kB  Disk Usage: 325144kB
                     ->  Hash Right Join  (cost=53287.29..662872.32 rows=14847413 width=8) (actual time=309.912..10722.774 rows=15337604 loops=1)
                           Hash Cond: (orders.o_custkey = customer.c_custkey)
                           ->  Seq Scan on orders  (cost=0.00..448754.46 rows=14847413 width=8) (actual time=0.032..4606.355 rows=14837583 loops=1)
                                 Filter: ((o_comment)::text !~~ '%special%requests%'::text)
                                 Rows Removed by Filter: 162417
                           ->  Hash  (cost=28675.99..28675.99 rows=1500104 width=4) (actual time=308.482..308.483 rows=1500000 loops=1)
                                 Buckets: 1048576  Batches: 4  Memory Usage: 21380kB
                                 ->  Index Only Scan using customer_pkey on customer  (cost=0.43..28675.99 rows=1500104 width=4) (actual time=0.019..128.568 rows=1500000 loops=1)
                                       Heap Fetches: 0
 Planning Time: 0.723 ms
 Execution Time: 17797.922 ms
(21 rows)

query 14 run 1
SET
SET
SET
                                                                                  QUERY PLAN                                                                                  
------------------------------------------------------------------------------------------------------------------------------------------------------------------------------
 Limit  (cost=850394.43..850394.44 rows=1 width=32) (actual time=5266.307..5310.525 rows=1 loops=1)
   ->  Finalize Aggregate  (cost=850394.43..850394.44 rows=1 width=32) (actual time=5266.305..5310.523 rows=1 loops=1)
         ->  Gather  (cost=850393.97..850394.38 rows=4 width=64) (actual time=5265.230..5310.506 rows=5 loops=1)
               Workers Planned: 4
               Workers Launched: 4
               ->  Partial Aggregate  (cost=849393.97..849393.98 rows=1 width=64) (actual time=5252.367..5252.370 rows=1 loops=5)
                     ->  Parallel Hash Join  (cost=64621.67..846013.54 rows=193167 width=33) (actual time=663.646..5100.711 rows=154588 loops=5)
                           Hash Cond: (lineitem.l_partkey = part.p_partkey)
                           ->  Parallel Bitmap Heap Scan on lineitem  (cost=12390.40..793275.21 rows=193167 width=16) (actual time=291.146..4565.225 rows=154588 loops=5)
                                 Recheck Cond: ((l_shipdate >= '1994-05-01'::date) AND (l_shipdate < '1994-06-01'::date))
                                 Heap Blocks: exact=82791
                                 ->  Bitmap Index Scan on idx_lineitem_shipdate  (cost=0.00..12197.24 rows=772667 width=0) (actual time=191.667..191.667 rows=772942 loops=1)
                                       Index Cond: ((l_shipdate >= '1994-05-01'::date) AND (l_shipdate < '1994-06-01'::date))
                           ->  Parallel Hash  (cost=45981.12..45981.12 rows=500012 width=25) (actual time=370.244..370.245 rows=400000 loops=5)
                                 Buckets: 2097152  Batches: 1  Memory Usage: 137312kB
                                 ->  Parallel Seq Scan on part  (cost=0.00..45981.12 rows=500012 width=25) (actual time=0.436..235.314 rows=400000 loops=5)
 Planning Time: 19.085 ms
 Execution Time: 5310.823 ms
(18 rows)

SET
SET
SET
                                                                                  QUERY PLAN                                                                                  
------------------------------------------------------------------------------------------------------------------------------------------------------------------------------
 Limit  (cost=850394.43..850394.44 rows=1 width=32) (actual time=1687.462..1729.666 rows=1 loops=1)
   ->  Finalize Aggregate  (cost=850394.43..850394.44 rows=1 width=32) (actual time=1687.461..1729.664 rows=1 loops=1)
         ->  Gather  (cost=850393.97..850394.38 rows=4 width=64) (actual time=1680.790..1729.639 rows=5 loops=1)
               Workers Planned: 4
               Workers Launched: 4
               ->  Partial Aggregate  (cost=849393.97..849393.98 rows=1 width=64) (actual time=1676.077..1676.080 rows=1 loops=5)
                     ->  Parallel Hash Join  (cost=64621.67..846013.54 rows=193167 width=33) (actual time=546.692..1577.738 rows=154588 loops=5)
                           Hash Cond: (lineitem.l_partkey = part.p_partkey)
                           ->  Parallel Bitmap Heap Scan on lineitem  (cost=12390.40..793275.21 rows=193167 width=16) (actual time=270.587..1177.047 rows=154588 loops=5)
                                 Recheck Cond: ((l_shipdate >= '1994-05-01'::date) AND (l_shipdate < '1994-06-01'::date))
                                 Heap Blocks: exact=81091
                                 ->  Bitmap Index Scan on idx_lineitem_shipdate  (cost=0.00..12197.24 rows=772667 width=0) (actual time=171.989..171.989 rows=772942 loops=1)
                                       Index Cond: ((l_shipdate >= '1994-05-01'::date) AND (l_shipdate < '1994-06-01'::date))
                           ->  Parallel Hash  (cost=45981.12..45981.12 rows=500012 width=25) (actual time=274.000..274.001 rows=400000 loops=5)
                                 Buckets: 2097152  Batches: 1  Memory Usage: 137312kB
                                 ->  Parallel Seq Scan on part  (cost=0.00..45981.12 rows=500012 width=25) (actual time=0.042..128.030 rows=400000 loops=5)
 Planning Time: 1.062 ms
 Execution Time: 1729.711 ms
(18 rows)

query 15 run 1
SET
SET
SET
CREATE VIEW
                                                                                       QUERY PLAN                                                                                       
----------------------------------------------------------------------------------------------------------------------------------------------------------------------------------------
 Limit  (cost=2738026.57..2738133.83 rows=1 width=103) (actual time=13474.767..13533.804 rows=1 loops=1)
   InitPlan 1 (returns $1)
     ->  Aggregate  (cost=1387576.23..1387576.24 rows=1 width=32) (actual time=3098.202..3108.186 rows=1 loops=1)
           ->  Finalize HashAggregate  (cost=1385080.95..1386328.59 rows=99811 width=36) (actual time=2991.949..3102.172 rows=100000 loops=1)
                 Group Key: lineitem_1.l_suppkey
                 Batches: 5  Memory Usage: 46129kB  Disk Usage: 11592kB
                 ->  Gather  (cost=1340914.59..1382086.62 rows=399244 width=36) (actual time=2585.768..2748.529 rows=398508 loops=1)
                       Workers Planned: 4
                       Workers Launched: 3
                       ->  Partial HashAggregate  (cost=1339914.59..1341162.22 rows=99811 width=36) (actual time=2581.829..2708.783 rows=99627 loops=4)
                             Group Key: lineitem_1.l_suppkey
                             Batches: 5  Memory Usage: 33841kB  Disk Usage: 7568kB
                             Worker 0:  Batches: 5  Memory Usage: 33841kB  Disk Usage: 7320kB
                             Worker 1:  Batches: 5  Memory Usage: 33841kB  Disk Usage: 7344kB
                             Worker 2:  Batches: 5  Memory Usage: 33841kB  Disk Usage: 7352kB
                             ->  Parallel Bitmap Heap Scan on lineitem lineitem_1  (cost=35976.52..1334305.33 rows=560926 width=16) (actual time=440.984..2066.396 rows=566428 loops=4)
                                   Recheck Cond: ((l_shipdate >= '1996-01-01'::date) AND (l_shipdate < '1996-04-01'::date))
                                   Rows Removed by Index Recheck: 3305913
                                   Heap Blocks: exact=110193 lossy=73070
                                   ->  Bitmap Index Scan on idx_lineitem_shipdate  (cost=0.00..35415.60 rows=2243703 width=0) (actual time=350.782..350.782 rows=2265714 loops=1)
                                         Index Cond: ((l_shipdate >= '1996-01-01'::date) AND (l_shipdate < '1996-04-01'::date))
   ->  Nested Loop  (cost=1350450.34..1403972.56 rows=499 width=103) (actual time=13474.765..13523.818 rows=1 loops=1)
         ->  Finalize GroupAggregate  (cost=1350450.04..1402744.87 rows=499 width=36) (actual time=13474.143..13523.194 rows=1 loops=1)
               Group Key: lineitem.l_suppkey
               Filter: (sum((lineitem.l_extendedprice * ('1'::numeric - lineitem.l_discount))) = $1)
               Rows Removed by Filter: 69997
               ->  Gather Merge  (cost=1350450.04..1398253.38 rows=399244 width=36) (actual time=10155.709..10269.491 rows=346247 loops=1)
                     Workers Planned: 4
                     Workers Launched: 4
                     ->  Sort  (cost=1349449.99..1349699.51 rows=99811 width=36) (actual time=10110.122..10118.515 rows=69794 loops=5)
                           Sort Key: lineitem.l_suppkey
                           Sort Method: quicksort  Memory: 16982kB
                           Worker 0:  Sort Method: quicksort  Memory: 16994kB
                           Worker 1:  Sort Method: quicksort  Memory: 16981kB
                           Worker 2:  Sort Method: quicksort  Memory: 16981kB
                           Worker 3:  Sort Method: quicksort  Memory: 16983kB
                           ->  Partial HashAggregate  (cost=1339914.59..1341162.22 rows=99811 width=36) (actual time=9939.763..10080.482 rows=98928 loops=5)
                                 Group Key: lineitem.l_suppkey
                                 Batches: 5  Memory Usage: 33841kB  Disk Usage: 7024kB
                                 Worker 0:  Batches: 5  Memory Usage: 33841kB  Disk Usage: 7040kB
                                 Worker 1:  Batches: 5  Memory Usage: 33841kB  Disk Usage: 7024kB
                                 Worker 2:  Batches: 5  Memory Usage: 33841kB  Disk Usage: 7016kB
                                 Worker 3:  Batches: 5  Memory Usage: 33841kB  Disk Usage: 7016kB
                                 ->  Parallel Bitmap Heap Scan on lineitem  (cost=35976.52..1334305.33 rows=560926 width=16) (actual time=486.377..9384.677 rows=453143 loops=5)
                                       Recheck Cond: ((l_shipdate >= '1996-01-01'::date) AND (l_shipdate < '1996-04-01'::date))
                                       Rows Removed by Index Recheck: 2644730
                                       Heap Blocks: exact=80336 lossy=53545
                                       ->  Bitmap Index Scan on idx_lineitem_shipdate  (cost=0.00..35415.60 rows=2243703 width=0) (actual time=399.580..399.581 rows=2265714 loops=1)
                                             Index Cond: ((l_shipdate >= '1996-01-01'::date) AND (l_shipdate < '1996-04-01'::date))
         ->  Index Scan using supplier_pkey on supplier  (cost=0.29..2.45 rows=1 width=71) (actual time=0.617..0.618 rows=1 loops=1)
               Index Cond: (s_suppkey = lineitem.l_suppkey)
 Planning Time: 13.598 ms
 Execution Time: 13539.465 ms
(53 rows)

DROP VIEW
SET
SET
SET
CREATE VIEW
                                                                                       QUERY PLAN                                                                                       
----------------------------------------------------------------------------------------------------------------------------------------------------------------------------------------
 Limit  (cost=2738026.57..2738133.83 rows=1 width=103) (actual time=6275.304..6333.888 rows=1 loops=1)
   InitPlan 1 (returns $1)
     ->  Aggregate  (cost=1387576.23..1387576.24 rows=1 width=32) (actual time=3094.868..3104.004 rows=1 loops=1)
           ->  Finalize HashAggregate  (cost=1385080.95..1386328.59 rows=99811 width=36) (actual time=2990.067..3098.000 rows=100000 loops=1)
                 Group Key: lineitem_1.l_suppkey
                 Batches: 5  Memory Usage: 46129kB  Disk Usage: 11592kB
                 ->  Gather  (cost=1340914.59..1382086.62 rows=399244 width=36) (actual time=2583.383..2744.773 rows=398579 loops=1)
                       Workers Planned: 4
                       Workers Launched: 3
                       ->  Partial HashAggregate  (cost=1339914.59..1341162.22 rows=99811 width=36) (actual time=2579.146..2706.125 rows=99645 loops=4)
                             Group Key: lineitem_1.l_suppkey
                             Batches: 5  Memory Usage: 33841kB  Disk Usage: 7552kB
                             Worker 0:  Batches: 5  Memory Usage: 33841kB  Disk Usage: 7328kB
                             Worker 1:  Batches: 5  Memory Usage: 33841kB  Disk Usage: 7344kB
                             Worker 2:  Batches: 5  Memory Usage: 33841kB  Disk Usage: 7336kB
                             ->  Parallel Bitmap Heap Scan on lineitem lineitem_1  (cost=35976.52..1334305.33 rows=560926 width=16) (actual time=440.387..2068.852 rows=566428 loops=4)
                                   Recheck Cond: ((l_shipdate >= '1996-01-01'::date) AND (l_shipdate < '1996-04-01'::date))
                                   Rows Removed by Index Recheck: 3305913
                                   Heap Blocks: exact=109644 lossy=72810
                                   ->  Bitmap Index Scan on idx_lineitem_shipdate  (cost=0.00..35415.60 rows=2243703 width=0) (actual time=350.170..350.170 rows=2265714 loops=1)
                                         Index Cond: ((l_shipdate >= '1996-01-01'::date) AND (l_shipdate < '1996-04-01'::date))
   ->  Nested Loop  (cost=1350450.34..1403972.56 rows=499 width=103) (actual time=6275.303..6324.749 rows=1 loops=1)
         ->  Finalize GroupAggregate  (cost=1350450.04..1402744.87 rows=499 width=36) (actual time=6275.252..6324.698 rows=1 loops=1)
               Group Key: lineitem.l_suppkey
               Filter: (sum((lineitem.l_extendedprice * ('1'::numeric - lineitem.l_discount))) = $1)
               Rows Removed by Filter: 69997
               ->  Gather Merge  (cost=1350450.04..1398253.38 rows=399244 width=36) (actual time=2963.352..3076.450 rows=346073 loops=1)
                     Workers Planned: 4
                     Workers Launched: 4
                     ->  Sort  (cost=1349449.99..1349699.51 rows=99811 width=36) (actual time=2916.100..2924.234 rows=69734 loops=5)
                           Sort Key: lineitem.l_suppkey
                           Sort Method: quicksort  Memory: 16996kB
                           Worker 0:  Sort Method: quicksort  Memory: 17021kB
                           Worker 1:  Sort Method: quicksort  Memory: 16898kB
                           Worker 2:  Sort Method: quicksort  Memory: 16978kB
                           Worker 3:  Sort Method: quicksort  Memory: 16999kB
                           ->  Partial HashAggregate  (cost=1339914.59..1341162.22 rows=99811 width=36) (actual time=2745.981..2885.873 rows=98887 loops=5)
                                 Group Key: lineitem.l_suppkey
                                 Batches: 5  Memory Usage: 33841kB  Disk Usage: 7048kB
                                 Worker 0:  Batches: 5  Memory Usage: 33841kB  Disk Usage: 7112kB
                                 Worker 1:  Batches: 5  Memory Usage: 33841kB  Disk Usage: 3816kB
                                 Worker 2:  Batches: 5  Memory Usage: 33841kB  Disk Usage: 7024kB
                                 Worker 3:  Batches: 5  Memory Usage: 33841kB  Disk Usage: 7048kB
                                 ->  Parallel Bitmap Heap Scan on lineitem  (cost=35976.52..1334305.33 rows=560926 width=16) (actual time=451.682..2291.240 rows=453143 loops=5)
                                       Recheck Cond: ((l_shipdate >= '1996-01-01'::date) AND (l_shipdate < '1996-04-01'::date))
                                       Rows Removed by Index Recheck: 2644730
                                       Heap Blocks: exact=81720 lossy=54501
                                       ->  Bitmap Index Scan on idx_lineitem_shipdate  (cost=0.00..35415.60 rows=2243703 width=0) (actual time=365.008..365.009 rows=2265714 loops=1)
                                             Index Cond: ((l_shipdate >= '1996-01-01'::date) AND (l_shipdate < '1996-04-01'::date))
         ->  Index Scan using supplier_pkey on supplier  (cost=0.29..2.45 rows=1 width=71) (actual time=0.046..0.046 rows=1 loops=1)
               Index Cond: (s_suppkey = lineitem.l_suppkey)
 Planning Time: 1.108 ms
 Execution Time: 6339.332 ms
(53 rows)

DROP VIEW
query 16 run 1
SET
SET
SET
                                                                                            QUERY PLAN                                                                                            
--------------------------------------------------------------------------------------------------------------------------------------------------------------------------------------------------
 Limit  (cost=250757.14..250757.14 rows=1 width=44) (actual time=2572.315..2580.772 rows=1 loops=1)
   ->  Sort  (cost=250757.14..251140.21 rows=153229 width=44) (actual time=2572.314..2580.770 rows=1 loops=1)
         Sort Key: (count(DISTINCT partsupp.ps_suppkey)) DESC, part.p_brand, part.p_type, part.p_size
         Sort Method: top-N heapsort  Memory: 25kB
         ->  GroupAggregate  (cost=172037.99..249990.99 rows=153229 width=44) (actual time=1928.176..2574.009 rows=27838 loops=1)
               Group Key: part.p_brand, part.p_type, part.p_size
               ->  Gather Merge  (cost=172037.99..242568.16 rows=589054 width=40) (actual time=1928.109..2288.054 rows=1186319 loops=1)
                     Workers Planned: 4
                     Workers Launched: 4
                     ->  Sort  (cost=171037.93..171406.09 rows=147264 width=40) (actual time=1860.785..1880.510 rows=237264 loops=5)
                           Sort Key: part.p_brand, part.p_type, part.p_size
                           Sort Method: quicksort  Memory: 24332kB
                           Worker 0:  Sort Method: quicksort  Memory: 25304kB
                           Worker 1:  Sort Method: quicksort  Memory: 23386kB
                           Worker 2:  Sort Method: quicksort  Memory: 24678kB
                           Worker 3:  Sort Method: quicksort  Memory: 25705kB
                           ->  Parallel Hash Join  (cost=57873.28..158396.76 rows=147264 width=40) (actual time=364.014..1108.702 rows=237264 loops=5)
                                 Hash Cond: (partsupp.ps_partkey = part.p_partkey)
                                 ->  Parallel Index Only Scan using partsupp_pkey on partsupp  (cost=3471.46..101370.21 rows=999896 width=8) (actual time=47.288..597.562 rows=1599104 loops=5)
                                       Filter: (NOT (hashed SubPlan 1))
                                       Rows Removed by Filter: 896
                                       Heap Fetches: 0
                                       SubPlan 1
                                         ->  Seq Scan on supplier  (cost=0.00..3471.00 rows=10 width=4) (actual time=0.906..46.423 rows=56 loops=5)
                                               Filter: ((s_comment)::text ~~ '%Customer%Complaints%'::text)
                                               Rows Removed by Filter: 99944
                                 ->  Parallel Hash  (cost=53481.31..53481.31 rows=73641 width=40) (actual time=316.032..316.033 rows=59347 loops=5)
                                       Buckets: 524288  Batches: 1  Memory Usage: 26368kB
                                       ->  Parallel Seq Scan on part  (cost=0.00..53481.31 rows=73641 width=40) (actual time=0.113..290.728 rows=59347 loops=5)
                                             Filter: ((p_brand <> 'Brand#12'::bpchar) AND ((p_type)::text !~~ 'SMALL BRUSHED%'::text) AND (p_size = ANY ('{12,32,36,26,40,34,49,9}'::integer[])))
                                             Rows Removed by Filter: 340653
 Planning Time: 16.666 ms
 Execution Time: 2581.342 ms
(33 rows)

SET
SET
SET
                                                                                            QUERY PLAN                                                                                            
--------------------------------------------------------------------------------------------------------------------------------------------------------------------------------------------------
 Limit  (cost=250757.14..250757.14 rows=1 width=44) (actual time=2299.101..2307.042 rows=1 loops=1)
   ->  Sort  (cost=250757.14..251140.21 rows=153229 width=44) (actual time=2299.099..2307.040 rows=1 loops=1)
         Sort Key: (count(DISTINCT partsupp.ps_suppkey)) DESC, part.p_brand, part.p_type, part.p_size
         Sort Method: top-N heapsort  Memory: 25kB
         ->  GroupAggregate  (cost=172037.99..249990.99 rows=153229 width=44) (actual time=1652.391..2300.218 rows=27838 loops=1)
               Group Key: part.p_brand, part.p_type, part.p_size
               ->  Gather Merge  (cost=172037.99..242568.16 rows=589054 width=40) (actual time=1652.330..2015.048 rows=1186319 loops=1)
                     Workers Planned: 4
                     Workers Launched: 4
                     ->  Sort  (cost=171037.93..171406.09 rows=147264 width=40) (actual time=1562.038..1581.754 rows=237264 loops=5)
                           Sort Key: part.p_brand, part.p_type, part.p_size
                           Sort Method: quicksort  Memory: 28701kB
                           Worker 0:  Sort Method: quicksort  Memory: 24458kB
                           Worker 1:  Sort Method: quicksort  Memory: 24226kB
                           Worker 2:  Sort Method: quicksort  Memory: 24446kB
                           Worker 3:  Sort Method: quicksort  Memory: 22990kB
                           ->  Parallel Hash Join  (cost=57873.28..158396.76 rows=147264 width=40) (actual time=184.467..796.214 rows=237264 loops=5)
                                 Hash Cond: (partsupp.ps_partkey = part.p_partkey)
                                 ->  Parallel Index Only Scan using partsupp_pkey on partsupp  (cost=3471.46..101370.21 rows=999896 width=8) (actual time=27.956..430.847 rows=1599104 loops=5)
                                       Filter: (NOT (hashed SubPlan 1))
                                       Rows Removed by Filter: 896
                                       Heap Fetches: 0
                                       SubPlan 1
                                         ->  Seq Scan on supplier  (cost=0.00..3471.00 rows=10 width=4) (actual time=0.089..27.866 rows=56 loops=5)
                                               Filter: ((s_comment)::text ~~ '%Customer%Complaints%'::text)
                                               Rows Removed by Filter: 99944
                                 ->  Parallel Hash  (cost=53481.31..53481.31 rows=73641 width=40) (actual time=155.600..155.601 rows=59347 loops=5)
                                       Buckets: 524288  Batches: 1  Memory Usage: 26368kB
                                       ->  Parallel Seq Scan on part  (cost=0.00..53481.31 rows=73641 width=40) (actual time=0.015..121.831 rows=59347 loops=5)
                                             Filter: ((p_brand <> 'Brand#12'::bpchar) AND ((p_type)::text !~~ 'SMALL BRUSHED%'::text) AND (p_size = ANY ('{12,32,36,26,40,34,49,9}'::integer[])))
                                             Rows Removed by Filter: 340653
 Planning Time: 0.837 ms
 Execution Time: 2307.112 ms
(33 rows)

query 17 run 1
SET
SET
SET
                                                                                      QUERY PLAN                                                                                       
---------------------------------------------------------------------------------------------------------------------------------------------------------------------------------------
 Limit  (cost=3326775.87..3326775.89 rows=1 width=32) (actual time=27105.437..27184.040 rows=1 loops=1)
   ->  Aggregate  (cost=3326775.87..3326775.89 rows=1 width=32) (actual time=27105.436..27184.037 rows=1 loops=1)
         ->  Merge Join  (cost=2259931.05..3326733.34 rows=17011 width=8) (actual time=19523.478..27183.215 rows=5319 loops=1)
               Merge Cond: (lineitem_1.l_partkey = part.p_partkey)
               Join Filter: (lineitem.l_quantity < ((0.2 * avg(lineitem_1.l_quantity))))
               Rows Removed by Join Filter: 54632
               ->  Finalize GroupAggregate  (cost=2258930.12..3204376.21 rows=1804498 width=36) (actual time=19516.070..26986.886 rows=1999333 loops=1)
                     Group Key: lineitem_1.l_partkey
                     ->  Gather Merge  (cost=2258930.12..3123173.80 rows=7217992 width=36) (actual time=19516.048..21762.714 rows=9972101 loops=1)
                           Workers Planned: 4
                           Workers Launched: 4
                           ->  Sort  (cost=2257930.07..2262441.31 rows=1804498 width=36) (actual time=19032.967..19346.244 rows=1994950 loops=5)
                                 Sort Key: lineitem_1.l_partkey
                                 Sort Method: external merge  Disk: 134744kB
                                 Worker 0:  Sort Method: external merge  Disk: 134712kB
                                 Worker 1:  Sort Method: external merge  Disk: 134760kB
                                 Worker 2:  Sort Method: external merge  Disk: 134744kB
                                 Worker 3:  Sort Method: external merge  Disk: 134720kB
                                 ->  Partial HashAggregate  (cost=1869688.64..2038693.66 rows=1804498 width=36) (actual time=10078.613..18007.832 rows=1995086 loops=5)
                                       Group Key: lineitem_1.l_partkey
                                       Planned Partitions: 32  Batches: 33  Memory Usage: 34065kB  Disk Usage: 423624kB
                                       Worker 0:  Batches: 33  Memory Usage: 34065kB  Disk Usage: 423472kB
                                       Worker 1:  Batches: 33  Memory Usage: 34065kB  Disk Usage: 423960kB
                                       Worker 2:  Batches: 33  Memory Usage: 34065kB  Disk Usage: 423648kB
                                       Worker 3:  Batches: 33  Memory Usage: 34065kB  Disk Usage: 423424kB
                                       ->  Parallel Seq Scan on lineitem lineitem_1  (cost=0.00..1275106.56 rows=14996356 width=9) (actual time=1.424..3962.157 rows=11997210 loops=5)
               ->  Materialize  (cost=1000.93..99021.57 rows=56565 width=21) (actual time=4.655..45.453 rows=59951 loops=1)
                     ->  Gather Merge  (cost=1000.93..98880.16 rows=56565 width=21) (actual time=4.650..38.456 rows=59951 loops=1)
                           Workers Planned: 4
                           Workers Launched: 3
                           ->  Nested Loop  (cost=0.87..91142.66 rows=14141 width=21) (actual time=1.354..491.069 rows=14988 loops=4)
                                 ->  Parallel Index Scan using part_pkey on part  (cost=0.43..66712.86 rows=472 width=4) (actual time=0.753..195.949 rows=499 loops=4)
                                       Filter: ((p_brand = 'Brand#22'::bpchar) AND (p_container = 'LG BOX'::bpchar))
                                       Rows Removed by Filter: 499501
                                 ->  Index Scan using idx_lineitem_part_supp on lineitem  (cost=0.44..51.43 rows=33 width=17) (actual time=0.347..0.582 rows=30 loops=1996)
                                       Index Cond: (l_partkey = part.p_partkey)
 Planning Time: 15.779 ms
 Execution Time: 27254.751 ms
(38 rows)

SET
SET
SET
                                                                                      QUERY PLAN                                                                                       
---------------------------------------------------------------------------------------------------------------------------------------------------------------------------------------
 Limit  (cost=3326775.87..3326775.89 rows=1 width=32) (actual time=25490.508..25578.928 rows=1 loops=1)
   ->  Aggregate  (cost=3326775.87..3326775.89 rows=1 width=32) (actual time=25490.507..25578.926 rows=1 loops=1)
         ->  Merge Join  (cost=2259931.05..3326733.34 rows=17011 width=8) (actual time=18005.912..25578.248 rows=5319 loops=1)
               Merge Cond: (lineitem_1.l_partkey = part.p_partkey)
               Join Filter: (lineitem.l_quantity < ((0.2 * avg(lineitem_1.l_quantity))))
               Rows Removed by Join Filter: 54632
               ->  Finalize GroupAggregate  (cost=2258930.12..3204376.21 rows=1804498 width=36) (actual time=17999.382..25404.931 rows=1999333 loops=1)
                     Group Key: lineitem_1.l_partkey
                     ->  Gather Merge  (cost=2258930.12..3123173.80 rows=7217992 width=36) (actual time=17999.361..20242.124 rows=9971838 loops=1)
                           Workers Planned: 4
                           Workers Launched: 4
                           ->  Sort  (cost=2257930.07..2262441.31 rows=1804498 width=36) (actual time=17672.846..17981.492 rows=1994885 loops=5)
                                 Sort Key: lineitem_1.l_partkey
                                 Sort Method: external merge  Disk: 134784kB
                                 Worker 0:  Sort Method: external merge  Disk: 134656kB
                                 Worker 1:  Sort Method: external merge  Disk: 134712kB
                                 Worker 2:  Sort Method: external merge  Disk: 134832kB
                                 Worker 3:  Sort Method: external merge  Disk: 134680kB
                                 ->  Partial HashAggregate  (cost=1869688.64..2038693.66 rows=1804498 width=36) (actual time=8624.419..16634.379 rows=1995033 loops=5)
                                       Group Key: lineitem_1.l_partkey
                                       Planned Partitions: 32  Batches: 33  Memory Usage: 34065kB  Disk Usage: 449544kB
                                       Worker 0:  Batches: 33  Memory Usage: 34065kB  Disk Usage: 423096kB
                                       Worker 1:  Batches: 33  Memory Usage: 34065kB  Disk Usage: 423400kB
                                       Worker 2:  Batches: 33  Memory Usage: 34065kB  Disk Usage: 455968kB
                                       Worker 3:  Batches: 33  Memory Usage: 34065kB  Disk Usage: 423208kB
                                       ->  Parallel Seq Scan on lineitem lineitem_1  (cost=0.00..1275106.56 rows=14996356 width=9) (actual time=0.052..1634.329 rows=11997210 loops=5)
               ->  Materialize  (cost=1000.93..99021.57 rows=56565 width=21) (actual time=4.085..24.347 rows=59951 loops=1)
                     ->  Gather Merge  (cost=1000.93..98880.16 rows=56565 width=21) (actual time=4.080..17.653 rows=59951 loops=1)
                           Workers Planned: 4
                           Workers Launched: 3
                           ->  Nested Loop  (cost=0.87..91142.66 rows=14141 width=21) (actual time=0.256..123.799 rows=14988 loops=4)
                                 ->  Parallel Index Scan using part_pkey on part  (cost=0.43..66712.86 rows=472 width=4) (actual time=0.237..105.173 rows=499 loops=4)
                                       Filter: ((p_brand = 'Brand#22'::bpchar) AND (p_container = 'LG BOX'::bpchar))
                                       Rows Removed by Filter: 499501
                                 ->  Index Scan using idx_lineitem_part_supp on lineitem  (cost=0.44..51.43 rows=33 width=17) (actual time=0.004..0.033 rows=30 loops=1996)
                                       Index Cond: (l_partkey = part.p_partkey)
 Planning Time: 1.206 ms
 Execution Time: 25648.478 ms
(38 rows)

query 18 run 1
SET
SET
SET
                                                                                                 QUERY PLAN                                                                                                  
-------------------------------------------------------------------------------------------------------------------------------------------------------------------------------------------------------------
 Limit  (cost=8775341.53..8775341.78 rows=100 width=71) (actual time=42361.107..42361.121 rows=99 loops=1)
   ->  Sort  (cost=8775341.53..8825320.85 rows=19991726 width=71) (actual time=42361.106..42361.113 rows=99 loops=1)
         Sort Key: orders.o_totalprice DESC, orders.o_orderdate
         Sort Method: quicksort  Memory: 32kB
         ->  HashAggregate  (cost=7409958.50..8011272.14 rows=19991726 width=71) (actual time=42360.622..42361.024 rows=99 loops=1)
               Group Key: customer.c_custkey, orders.o_orderkey
               Planned Partitions: 256  Batches: 1  Memory Usage: 3153kB
               ->  Hash Join  (cost=78779.11..6333060.45 rows=19991726 width=44) (actual time=4416.212..42360.250 rows=693 loops=1)
                     Hash Cond: (orders.o_custkey = customer.c_custkey)
                     ->  Merge Join  (cost=289.77..5919976.69 rows=19991726 width=25) (actual time=1011.751..41569.551 rows=693 loops=1)
                           Merge Cond: (orders.o_orderkey = lineitem.l_orderkey)
                           ->  Merge Join  (cost=1.00..3390253.03 rows=4998785 width=24) (actual time=775.512..30226.851 rows=99 loops=1)
                                 Merge Cond: (orders.o_orderkey = lineitem_1.l_orderkey)
                                 ->  Index Scan using orders_pkey on orders  (cost=0.43..547949.19 rows=14998917 width=20) (actual time=0.487..2998.383 rows=14982724 loops=1)
                                 ->  GroupAggregate  (cost=0.56..2692333.89 rows=4998785 width=4) (actual time=665.430..26334.779 rows=99 loops=1)
                                       Group Key: lineitem_1.l_orderkey
                                       Filter: (sum(lineitem_1.l_quantity) > '313'::numeric)
                                       Rows Removed by Filter: 14999901
                                       ->  Index Scan using idx_lineitem_orderkey on lineitem lineitem_1  (cost=0.56..2167461.43 rows=59985424 width=9) (actual time=0.503..12502.843 rows=59986052 loops=1)
                           ->  Index Scan using idx_lineitem_orderkey on lineitem  (cost=0.56..2167461.43 rows=59985424 width=9) (actual time=0.014..7866.809 rows=59916431 loops=1)
                     ->  Hash  (cost=50948.04..50948.04 rows=1500104 width=23) (actual time=683.933..683.934 rows=1500000 loops=1)
                           Buckets: 524288  Batches: 4  Memory Usage: 24623kB
                           ->  Seq Scan on customer  (cost=0.00..50948.04 rows=1500104 width=23) (actual time=0.586..426.807 rows=1500000 loops=1)
 Planning Time: 18.517 ms
 Execution Time: 42362.178 ms
(25 rows)

SET
SET
SET
                                                                                                 QUERY PLAN                                                                                                  
-------------------------------------------------------------------------------------------------------------------------------------------------------------------------------------------------------------
 Limit  (cost=8775341.53..8775341.78 rows=100 width=71) (actual time=39254.116..39254.130 rows=99 loops=1)
   ->  Sort  (cost=8775341.53..8825320.85 rows=19991726 width=71) (actual time=39254.115..39254.122 rows=99 loops=1)
         Sort Key: orders.o_totalprice DESC, orders.o_orderdate
         Sort Method: quicksort  Memory: 32kB
         ->  HashAggregate  (cost=7409958.50..8011272.14 rows=19991726 width=71) (actual time=39253.621..39254.034 rows=99 loops=1)
               Group Key: customer.c_custkey, orders.o_orderkey
               Planned Partitions: 256  Batches: 1  Memory Usage: 3153kB
               ->  Hash Join  (cost=78779.11..6333060.45 rows=19991726 width=44) (actual time=3856.002..39253.260 rows=693 loops=1)
                     Hash Cond: (orders.o_custkey = customer.c_custkey)
                     ->  Merge Join  (cost=289.77..5919976.69 rows=19991726 width=25) (actual time=886.216..38595.427 rows=693 loops=1)
                           Merge Cond: (orders.o_orderkey = lineitem.l_orderkey)
                           ->  Merge Join  (cost=1.00..3390253.03 rows=4998785 width=24) (actual time=647.311..27225.442 rows=99 loops=1)
                                 Merge Cond: (orders.o_orderkey = lineitem_1.l_orderkey)
                                 ->  Index Scan using orders_pkey on orders  (cost=0.43..547949.19 rows=14998917 width=20) (actual time=0.022..2394.701 rows=14982724 loops=1)
                                 ->  GroupAggregate  (cost=0.56..2692333.89 rows=4998785 width=4) (actual time=566.626..23960.645 rows=99 loops=1)
                                       Group Key: lineitem_1.l_orderkey
                                       Filter: (sum(lineitem_1.l_quantity) > '313'::numeric)
                                       Rows Removed by Filter: 14999901
                                       ->  Index Scan using idx_lineitem_orderkey on lineitem lineitem_1  (cost=0.56..2167461.43 rows=59985424 width=9) (actual time=0.019..10137.816 rows=59986052 loops=1)
                           ->  Index Scan using idx_lineitem_orderkey on lineitem  (cost=0.56..2167461.43 rows=59985424 width=9) (actual time=0.013..7898.262 rows=59916431 loops=1)
                     ->  Hash  (cost=50948.04..50948.04 rows=1500104 width=23) (actual time=553.234..553.235 rows=1500000 loops=1)
                           Buckets: 524288  Batches: 4  Memory Usage: 24623kB
                           ->  Seq Scan on customer  (cost=0.00..50948.04 rows=1500104 width=23) (actual time=0.026..299.853 rows=1500000 loops=1)
 Planning Time: 1.926 ms
 Execution Time: 39254.824 ms
(25 rows)

query 19 run 1
SET
SET
SET
                                                                                                                                                                                                                                                                                                                                                                                                                                                                                                                  QUERY PLAN                                                                                                                                                                                                                                                                                                                                                                                                                                                                                                                  
----------------------------------------------------------------------------------------------------------------------------------------------------------------------------------------------------------------------------------------------------------------------------------------------------------------------------------------------------------------------------------------------------------------------------------------------------------------------------------------------------------------------------------------------------------------------------------------------------------------------------------------------------------------------------------------------------------------------------------------------------------------------------------------------------------------------------------------------------------------------------------------------------------------------------------------------------------------------------------------------------------------------------------------------
 Limit  (cost=127044.58..127044.59 rows=1 width=32) (actual time=4984.621..4995.717 rows=1 loops=1)
   ->  Finalize Aggregate  (cost=127044.58..127044.59 rows=1 width=32) (actual time=4984.619..4995.714 rows=1 loops=1)
         ->  Gather  (cost=127044.15..127044.56 rows=4 width=32) (actual time=4984.601..4995.701 rows=5 loops=1)
               Workers Planned: 4
               Workers Launched: 4
               ->  Partial Aggregate  (cost=126044.15..126044.16 rows=1 width=32) (actual time=4970.304..4970.305 rows=1 loops=5)
                     ->  Nested Loop  (cost=0.44..126041.96 rows=291 width=12) (actual time=58.628..4969.683 rows=213 loops=5)
                           ->  Parallel Seq Scan on part  (cost=0.00..62231.52 rows=1192 width=30) (actual time=0.798..181.083 rows=956 loops=5)
                                 Filter: ((p_size >= 1) AND (((p_brand = 'Brand#24'::bpchar) AND (p_container = ANY ('{"SM CASE","SM BOX","SM PACK","SM PKG"}'::bpchar[])) AND (p_size <= 5)) OR ((p_brand = 'Brand#43'::bpchar) AND (p_container = ANY ('{"MED BAG","MED BOX","MED PKG","MED PACK"}'::bpchar[])) AND (p_size <= 10)) OR ((p_brand = 'Brand#44'::bpchar) AND (p_container = ANY ('{"LG CASE","LG BOX","LG PACK","LG PKG"}'::bpchar[])) AND (p_size <= 15))))
                                 Rows Removed by Filter: 399044
                           ->  Index Scan using idx_lineitem_part_supp on lineitem  (cost=0.44..53.52 rows=1 width=21) (actual time=4.527..5.006 rows=0 loops=4781)
                                 Index Cond: (l_partkey = part.p_partkey)
                                 Filter: ((l_shipmode = ANY ('{AIR,"AIR REG"}'::bpchar[])) AND (l_shipinstruct = 'DELIVER IN PERSON'::bpchar) AND (((l_quantity >= '10'::numeric) AND (l_quantity <= '20'::numeric)) OR ((l_quantity >= '10'::numeric) AND (l_quantity <= '20'::numeric)) OR ((l_quantity >= '20'::numeric) AND (l_quantity <= '30'::numeric))) AND (((part.p_brand = 'Brand#24'::bpchar) AND (part.p_container = ANY ('{"SM CASE","SM BOX","SM PACK","SM PKG"}'::bpchar[])) AND (l_quantity >= '10'::numeric) AND (l_quantity <= '20'::numeric) AND (part.p_size <= 5)) OR ((part.p_brand = 'Brand#43'::bpchar) AND (part.p_container = ANY ('{"MED BAG","MED BOX","MED PKG","MED PACK"}'::bpchar[])) AND (l_quantity >= '10'::numeric) AND (l_quantity <= '20'::numeric) AND (part.p_size <= 10)) OR ((part.p_brand = 'Brand#44'::bpchar) AND (part.p_container = ANY ('{"LG CASE","LG BOX","LG PACK","LG PKG"}'::bpchar[])) AND (l_quantity >= '20'::numeric) AND (l_quantity <= '30'::numeric) AND (part.p_size <= 15))))
                                 Rows Removed by Filter: 30
 Planning Time: 16.716 ms
 Execution Time: 4996.226 ms
(16 rows)

SET
SET
SET
                                                                                                                                                                                                                                                                                                                                                                                                                                                                                                                  QUERY PLAN                                                                                                                                                                                                                                                                                                                                                                                                                                                                                                                  
----------------------------------------------------------------------------------------------------------------------------------------------------------------------------------------------------------------------------------------------------------------------------------------------------------------------------------------------------------------------------------------------------------------------------------------------------------------------------------------------------------------------------------------------------------------------------------------------------------------------------------------------------------------------------------------------------------------------------------------------------------------------------------------------------------------------------------------------------------------------------------------------------------------------------------------------------------------------------------------------------------------------------------------------
 Limit  (cost=127044.58..127044.59 rows=1 width=32) (actual time=215.643..238.906 rows=1 loops=1)
   ->  Finalize Aggregate  (cost=127044.58..127044.59 rows=1 width=32) (actual time=215.642..238.904 rows=1 loops=1)
         ->  Gather  (cost=127044.15..127044.56 rows=4 width=32) (actual time=213.146..238.886 rows=5 loops=1)
               Workers Planned: 4
               Workers Launched: 4
               ->  Partial Aggregate  (cost=126044.15..126044.16 rows=1 width=32) (actual time=206.747..206.748 rows=1 loops=5)
                     ->  Nested Loop  (cost=0.44..126041.96 rows=291 width=12) (actual time=0.740..206.558 rows=213 loops=5)
                           ->  Parallel Seq Scan on part  (cost=0.00..62231.52 rows=1192 width=30) (actual time=0.171..131.112 rows=956 loops=5)
                                 Filter: ((p_size >= 1) AND (((p_brand = 'Brand#24'::bpchar) AND (p_container = ANY ('{"SM CASE","SM BOX","SM PACK","SM PKG"}'::bpchar[])) AND (p_size <= 5)) OR ((p_brand = 'Brand#43'::bpchar) AND (p_container = ANY ('{"MED BAG","MED BOX","MED PKG","MED PACK"}'::bpchar[])) AND (p_size <= 10)) OR ((p_brand = 'Brand#44'::bpchar) AND (p_container = ANY ('{"LG CASE","LG BOX","LG PACK","LG PKG"}'::bpchar[])) AND (p_size <= 15))))
                                 Rows Removed by Filter: 399044
                           ->  Index Scan using idx_lineitem_part_supp on lineitem  (cost=0.44..53.52 rows=1 width=21) (actual time=0.072..0.078 rows=0 loops=4781)
                                 Index Cond: (l_partkey = part.p_partkey)
                                 Filter: ((l_shipmode = ANY ('{AIR,"AIR REG"}'::bpchar[])) AND (l_shipinstruct = 'DELIVER IN PERSON'::bpchar) AND (((l_quantity >= '10'::numeric) AND (l_quantity <= '20'::numeric)) OR ((l_quantity >= '10'::numeric) AND (l_quantity <= '20'::numeric)) OR ((l_quantity >= '20'::numeric) AND (l_quantity <= '30'::numeric))) AND (((part.p_brand = 'Brand#24'::bpchar) AND (part.p_container = ANY ('{"SM CASE","SM BOX","SM PACK","SM PKG"}'::bpchar[])) AND (l_quantity >= '10'::numeric) AND (l_quantity <= '20'::numeric) AND (part.p_size <= 5)) OR ((part.p_brand = 'Brand#43'::bpchar) AND (part.p_container = ANY ('{"MED BAG","MED BOX","MED PKG","MED PACK"}'::bpchar[])) AND (l_quantity >= '10'::numeric) AND (l_quantity <= '20'::numeric) AND (part.p_size <= 10)) OR ((part.p_brand = 'Brand#44'::bpchar) AND (part.p_container = ANY ('{"LG CASE","LG BOX","LG PACK","LG PKG"}'::bpchar[])) AND (l_quantity >= '20'::numeric) AND (l_quantity <= '30'::numeric) AND (part.p_size <= 15))))
                                 Rows Removed by Filter: 30
 Planning Time: 1.097 ms
 Execution Time: 238.959 ms
(16 rows)

query 20 run 1
SET
SET
SET
                                                                                    QUERY PLAN                                                                                     
-----------------------------------------------------------------------------------------------------------------------------------------------------------------------------------
 Limit  (cost=2460808.40..2708664.17 rows=1 width=51) (actual time=27707.811..27709.081 rows=1 loops=1)
   ->  Nested Loop Semi Join  (cost=2460808.40..2708664.17 rows=1 width=51) (actual time=27707.809..27709.079 rows=1 loops=1)
         Join Filter: (supplier.s_suppkey = lineitem.l_suppkey)
         Rows Removed by Join Filter: 12329
         ->  Gather Merge  (cost=4122.93..4578.81 rows=4000 width=55) (actual time=25.756..26.962 rows=1 loops=1)
               Workers Planned: 1
               Workers Launched: 1
               ->  Sort  (cost=3122.92..3128.80 rows=2353 width=55) (actual time=20.473..20.490 rows=391 loops=2)
                     Sort Key: supplier.s_name
                     Sort Method: quicksort  Memory: 403kB
                     Worker 0:  Sort Method: quicksort  Memory: 249kB
                     ->  Hash Join  (cost=1.32..2991.15 rows=2353 width=55) (actual time=0.315..18.965 rows=2048 loops=2)
                           Hash Cond: (supplier.s_nationkey = nation.n_nationkey)
                           ->  Parallel Seq Scan on supplier  (cost=0.00..2809.24 rows=58824 width=59) (actual time=0.161..13.905 rows=50000 loops=2)
                           ->  Hash  (cost=1.31..1.31 rows=1 width=4) (actual time=0.096..0.097 rows=1 loops=2)
                                 Buckets: 1024  Batches: 1  Memory Usage: 9kB
                                 ->  Seq Scan on nation  (cost=0.00..1.31 rows=1 width=4) (actual time=0.092..0.093 rows=1 loops=2)
                                       Filter: (n_name = 'IRAQ'::bpchar)
                                       Rows Removed by Filter: 24
         ->  Materialize  (cost=2456685.46..2703905.37 rows=3 width=8) (actual time=26204.940..27680.980 rows=12330 loops=1)
               ->  Hash Join  (cost=2456685.46..2703905.35 rows=3 width=8) (actual time=26204.937..27678.242 rows=12330 loops=1)
                     Hash Cond: ((lineitem.l_partkey = partsupp.ps_partkey) AND (lineitem.l_suppkey = partsupp.ps_suppkey))
                     Join Filter: ((partsupp.ps_availqty)::numeric > ((0.5 * sum(lineitem.l_quantity))))
                     Rows Removed by Join Filter: 25
                     ->  HashAggregate  (cost=2380217.57..2542483.49 rows=4854505 width=40) (actual time=24765.274..26063.516 rows=1144758 loops=1)
                           Group Key: lineitem.l_partkey, lineitem.l_suppkey
                           Planned Partitions: 64  Batches: 117  Memory Usage: 34321kB  Disk Usage: 388616kB
                           ->  Bitmap Heap Scan on lineitem  (cost=146861.04..1994158.54 rows=9159510 width=13) (actual time=1268.571..19439.340 rows=9123688 loops=1)
                                 Recheck Cond: ((l_shipdate >= '1996-01-01'::date) AND (l_shipdate < '1997-01-01'::date))
                                 Rows Removed by Index Recheck: 23164080
                                 Heap Blocks: exact=518099 lossy=530696
                                 ->  Bitmap Index Scan on idx_lineitem_shipdate  (cost=0.00..144571.17 rows=9159510 width=0) (actual time=1148.607..1148.607 rows=9123688 loops=1)
                                       Index Cond: ((l_shipdate >= '1996-01-01'::date) AND (l_shipdate < '1997-01-01'::date))
                     ->  Hash  (cost=75255.86..75255.86 rows=80802 width=16) (actual time=1439.535..1439.598 rows=86872 loops=1)
                           Buckets: 131072  Batches: 1  Memory Usage: 5097kB
                           ->  Gather  (cost=1000.43..75255.86 rows=80802 width=16) (actual time=1.784..1417.706 rows=86872 loops=1)
                                 Workers Planned: 4
                                 Workers Launched: 4
                                 ->  Nested Loop  (cost=0.43..66175.66 rows=20200 width=16) (actual time=1.151..1419.982 rows=17374 loops=5)
                                       ->  Parallel Seq Scan on part  (cost=0.00..47231.15 rows=5051 width=4) (actual time=0.781..167.967 rows=4344 loops=5)
                                             Filter: ((p_name)::text ~~ 'olive%'::text)
                                             Rows Removed by Filter: 395656
                                       ->  Index Scan using idx_partsupp_partkey on partsupp  (cost=0.43..3.57 rows=18 width=12) (actual time=0.268..0.287 rows=4 loops=21718)
                                             Index Cond: (ps_partkey = part.p_partkey)
 Planning Time: 23.451 ms
 Execution Time: 27756.206 ms
(46 rows)

SET
SET
SET
                                                                                   QUERY PLAN                                                                                    
---------------------------------------------------------------------------------------------------------------------------------------------------------------------------------
 Limit  (cost=2460808.40..2708664.17 rows=1 width=51) (actual time=15302.568..15304.003 rows=1 loops=1)
   ->  Nested Loop Semi Join  (cost=2460808.40..2708664.17 rows=1 width=51) (actual time=15302.566..15304.001 rows=1 loops=1)
         Join Filter: (supplier.s_suppkey = lineitem.l_suppkey)
         Rows Removed by Join Filter: 12329
         ->  Gather Merge  (cost=4122.93..4578.81 rows=4000 width=55) (actual time=17.765..19.141 rows=1 loops=1)
               Workers Planned: 1
               Workers Launched: 1
               ->  Sort  (cost=3122.92..3128.80 rows=2353 width=55) (actual time=15.885..15.902 rows=392 loops=2)
                     Sort Key: supplier.s_name
                     Sort Method: quicksort  Memory: 379kB
                     Worker 0:  Sort Method: quicksort  Memory: 273kB
                     ->  Hash Join  (cost=1.32..2991.15 rows=2353 width=55) (actual time=0.111..14.443 rows=2048 loops=2)
                           Hash Cond: (supplier.s_nationkey = nation.n_nationkey)
                           ->  Parallel Seq Scan on supplier  (cost=0.00..2809.24 rows=58824 width=59) (actual time=0.020..9.483 rows=50000 loops=2)
                           ->  Hash  (cost=1.31..1.31 rows=1 width=4) (actual time=0.032..0.032 rows=1 loops=2)
                                 Buckets: 1024  Batches: 1  Memory Usage: 9kB
                                 ->  Seq Scan on nation  (cost=0.00..1.31 rows=1 width=4) (actual time=0.018..0.020 rows=1 loops=2)
                                       Filter: (n_name = 'IRAQ'::bpchar)
                                       Rows Removed by Filter: 24
         ->  Materialize  (cost=2456685.46..2703905.37 rows=3 width=8) (actual time=13810.935..15283.702 rows=12330 loops=1)
               ->  Hash Join  (cost=2456685.46..2703905.35 rows=3 width=8) (actual time=13810.931..15280.958 rows=12330 loops=1)
                     Hash Cond: ((lineitem.l_partkey = partsupp.ps_partkey) AND (lineitem.l_suppkey = partsupp.ps_suppkey))
                     Join Filter: ((partsupp.ps_availqty)::numeric > ((0.5 * sum(lineitem.l_quantity))))
                     Rows Removed by Join Filter: 25
                     ->  HashAggregate  (cost=2380217.57..2542483.49 rows=4854505 width=40) (actual time=13609.144..14900.714 rows=1144758 loops=1)
                           Group Key: lineitem.l_partkey, lineitem.l_suppkey
                           Planned Partitions: 64  Batches: 117  Memory Usage: 34321kB  Disk Usage: 388616kB
                           ->  Bitmap Heap Scan on lineitem  (cost=146861.04..1994158.54 rows=9159510 width=13) (actual time=1119.704..9168.249 rows=9123688 loops=1)
                                 Recheck Cond: ((l_shipdate >= '1996-01-01'::date) AND (l_shipdate < '1997-01-01'::date))
                                 Rows Removed by Index Recheck: 23164080
                                 Heap Blocks: exact=518099 lossy=530696
                                 ->  Bitmap Index Scan on idx_lineitem_shipdate  (cost=0.00..144571.17 rows=9159510 width=0) (actual time=999.933..999.933 rows=9123688 loops=1)
                                       Index Cond: ((l_shipdate >= '1996-01-01'::date) AND (l_shipdate < '1997-01-01'::date))
                     ->  Hash  (cost=75255.86..75255.86 rows=80802 width=16) (actual time=201.656..201.713 rows=86872 loops=1)
                           Buckets: 131072  Batches: 1  Memory Usage: 5097kB
                           ->  Gather  (cost=1000.43..75255.86 rows=80802 width=16) (actual time=0.559..182.962 rows=86872 loops=1)
                                 Workers Planned: 4
                                 Workers Launched: 4
                                 ->  Nested Loop  (cost=0.43..66175.66 rows=20200 width=16) (actual time=0.078..184.068 rows=17374 loops=5)
                                       ->  Parallel Seq Scan on part  (cost=0.00..47231.15 rows=5051 width=4) (actual time=0.037..106.951 rows=4344 loops=5)
                                             Filter: ((p_name)::text ~~ 'olive%'::text)
                                             Rows Removed by Filter: 395656
                                       ->  Index Scan using idx_partsupp_partkey on partsupp  (cost=0.43..3.57 rows=18 width=12) (actual time=0.015..0.017 rows=4 loops=21718)
                                             Index Cond: (ps_partkey = part.p_partkey)
 Planning Time: 2.261 ms
 Execution Time: 15353.143 ms
(46 rows)

query 21 run 1
SET
SET
SET
                                                                                           QUERY PLAN                                                                                           
------------------------------------------------------------------------------------------------------------------------------------------------------------------------------------------------
 Limit  (cost=1970660.18..1970660.18 rows=1 width=34) (actual time=11103.604..11116.052 rows=100 loops=1)
   ->  Sort  (cost=1970660.18..1970660.18 rows=1 width=34) (actual time=11103.603..11116.044 rows=100 loops=1)
         Sort Key: (count(*)) DESC, supplier.s_name
         Sort Method: top-N heapsort  Memory: 38kB
         ->  GroupAggregate  (cost=1970656.95..1970660.17 rows=1 width=34) (actual time=10573.407..11113.674 rows=3991 loops=1)
               Group Key: supplier.s_name
               ->  Nested Loop Semi Join  (cost=1970656.95..1970660.15 rows=1 width=26) (actual time=10573.224..11103.169 rows=39281 loops=1)
                     Join Filter: (l2.l_suppkey <> l1.l_suppkey)
                     Rows Removed by Join Filter: 42025
                     ->  Gather Merge  (cost=1970656.39..1970656.51 rows=1 width=38) (actual time=10573.179..10619.127 rows=65960 loops=1)
                           Workers Planned: 4
                           Workers Launched: 4
                           ->  Sort  (cost=1969656.33..1969656.33 rows=1 width=38) (actual time=10546.955..10548.768 rows=13192 loops=5)
                                 Sort Key: supplier.s_name
                                 Sort Method: quicksort  Memory: 1421kB
                                 Worker 0:  Sort Method: quicksort  Memory: 1412kB
                                 Worker 1:  Sort Method: quicksort  Memory: 1437kB
                                 Worker 2:  Sort Method: quicksort  Memory: 1410kB
                                 Worker 3:  Sort Method: quicksort  Memory: 1395kB
                                 ->  Nested Loop Anti Join  (cost=1338039.63..1969656.32 rows=1 width=38) (actual time=6996.177..10472.491 rows=13192 loops=5)
                                       ->  Parallel Hash Join  (cost=1338039.07..1653352.57 rows=98510 width=38) (actual time=6994.080..8698.950 rows=146197 loops=5)
                                             Hash Cond: (orders.o_orderkey = l1.l_orderkey)
                                             ->  Parallel Seq Scan on orders  (cost=0.00..308139.62 rows=1847366 width=4) (actual time=0.579..1170.331 rows=1461837 loops=5)
                                                   Filter: (o_orderstatus = 'F'::bpchar)
                                                   Rows Removed by Filter: 1538163
                                             ->  Parallel Hash  (cost=1335539.67..1335539.67 rows=199952 width=34) (actual time=6992.228..6992.531 rows=302853 loops=5)
                                                   Buckets: 2097152 (originally 1048576)  Batches: 1 (originally 1)  Memory Usage: 131392kB
                                                   ->  Parallel Hash Join  (cost=3020.56..1335539.67 rows=199952 width=34) (actual time=17.065..6829.926 rows=302853 loops=5)
                                                         Hash Cond: (l1.l_suppkey = supplier.s_suppkey)
                                                         ->  Parallel Seq Scan on lineitem l1  (cost=0.00..1312597.45 rows=4998785 width=8) (actual time=0.396..5992.781 rows=7585870 loops=5)
                                                               Filter: (l_receiptdate > l_commitdate)
                                                               Rows Removed by Filter: 4411341
                                                         ->  Parallel Hash  (cost=2991.15..2991.15 rows=2353 width=30) (actual time=16.529..16.531 rows=798 loops=5)
                                                               Buckets: 4096  Batches: 1  Memory Usage: 384kB
                                                               ->  Hash Join  (cost=1.32..2991.15 rows=2353 width=30) (actual time=1.188..16.226 rows=798 loops=5)
                                                                     Hash Cond: (supplier.s_nationkey = nation.n_nationkey)
                                                                     ->  Parallel Seq Scan on supplier  (cost=0.00..2809.24 rows=58824 width=34) (actual time=0.864..13.975 rows=20000 loops=5)
                                                                     ->  Hash  (cost=1.31..1.31 rows=1 width=4) (actual time=0.064..0.064 rows=1 loops=5)
                                                                           Buckets: 1024  Batches: 1  Memory Usage: 9kB
                                                                           ->  Seq Scan on nation  (cost=0.00..1.31 rows=1 width=4) (actual time=0.058..0.061 rows=1 loops=5)
                                                                                 Filter: (n_name = 'PERU'::bpchar)
                                                                                 Rows Removed by Filter: 24
                                       ->  Index Scan using idx_lineitem_orderkey on lineitem l3  (cost=0.56..3.64 rows=1 width=8) (actual time=0.012..0.012 rows=1 loops=730985)
                                             Index Cond: (l_orderkey = l1.l_orderkey)
                                             Filter: ((l_receiptdate > l_commitdate) AND (l_suppkey <> l1.l_suppkey))
                                             Rows Removed by Filter: 1
                     ->  Index Scan using idx_lineitem_orderkey on lineitem l2  (cost=0.56..3.62 rows=4 width=8) (actual time=0.007..0.007 rows=1 loops=65960)
                           Index Cond: (l_orderkey = orders.o_orderkey)
 Planning Time: 18.993 ms
 Execution Time: 11116.424 ms
(50 rows)

SET
SET
SET
                                                                                          QUERY PLAN                                                                                           
-----------------------------------------------------------------------------------------------------------------------------------------------------------------------------------------------
 Limit  (cost=1970660.18..1970660.18 rows=1 width=34) (actual time=6780.302..6794.593 rows=100 loops=1)
   ->  Sort  (cost=1970660.18..1970660.18 rows=1 width=34) (actual time=6780.300..6794.585 rows=100 loops=1)
         Sort Key: (count(*)) DESC, supplier.s_name
         Sort Method: top-N heapsort  Memory: 38kB
         ->  GroupAggregate  (cost=1970656.95..1970660.17 rows=1 width=34) (actual time=6300.544..6792.227 rows=3991 loops=1)
               Group Key: supplier.s_name
               ->  Nested Loop Semi Join  (cost=1970656.95..1970660.15 rows=1 width=26) (actual time=6300.412..6782.043 rows=39281 loops=1)
                     Join Filter: (l2.l_suppkey <> l1.l_suppkey)
                     Rows Removed by Join Filter: 42025
                     ->  Gather Merge  (cost=1970656.39..1970656.51 rows=1 width=38) (actual time=6300.326..6347.471 rows=65960 loops=1)
                           Workers Planned: 4
                           Workers Launched: 4
                           ->  Sort  (cost=1969656.33..1969656.33 rows=1 width=38) (actual time=6277.787..6279.630 rows=13192 loops=5)
                                 Sort Key: supplier.s_name
                                 Sort Method: quicksort  Memory: 1508kB
                                 Worker 0:  Sort Method: quicksort  Memory: 1426kB
                                 Worker 1:  Sort Method: quicksort  Memory: 1389kB
                                 Worker 2:  Sort Method: quicksort  Memory: 1423kB
                                 Worker 3:  Sort Method: quicksort  Memory: 1330kB
                                 ->  Nested Loop Anti Join  (cost=1338039.63..1969656.32 rows=1 width=38) (actual time=3839.600..6204.098 rows=13192 loops=5)
                                       ->  Parallel Hash Join  (cost=1338039.07..1653352.57 rows=98510 width=38) (actual time=3839.211..5022.682 rows=146197 loops=5)
                                             Hash Cond: (orders.o_orderkey = l1.l_orderkey)
                                             ->  Parallel Seq Scan on orders  (cost=0.00..308139.62 rows=1847366 width=4) (actual time=0.069..587.594 rows=1461837 loops=5)
                                                   Filter: (o_orderstatus = 'F'::bpchar)
                                                   Rows Removed by Filter: 1538163
                                             ->  Parallel Hash  (cost=1335539.67..1335539.67 rows=199952 width=34) (actual time=3837.309..3837.610 rows=302853 loops=5)
                                                   Buckets: 2097152 (originally 1048576)  Batches: 1 (originally 1)  Memory Usage: 131424kB
                                                   ->  Parallel Hash Join  (cost=3020.56..1335539.67 rows=199952 width=34) (actual time=13.160..3652.973 rows=302853 loops=5)
                                                         Hash Cond: (l1.l_suppkey = supplier.s_suppkey)
                                                         ->  Parallel Seq Scan on lineitem l1  (cost=0.00..1312597.45 rows=4998785 width=8) (actual time=1.128..2718.995 rows=7585870 loops=5)
                                                               Filter: (l_receiptdate > l_commitdate)
                                                               Rows Removed by Filter: 4411341
                                                         ->  Parallel Hash  (cost=2991.15..2991.15 rows=2353 width=30) (actual time=10.869..10.872 rows=798 loops=5)
                                                               Buckets: 4096  Batches: 1  Memory Usage: 384kB
                                                               ->  Hash Join  (cost=1.32..2991.15 rows=2353 width=30) (actual time=0.044..10.557 rows=798 loops=5)
                                                                     Hash Cond: (supplier.s_nationkey = nation.n_nationkey)
                                                                     ->  Parallel Seq Scan on supplier  (cost=0.00..2809.24 rows=58824 width=34) (actual time=0.023..8.158 rows=20000 loops=5)
                                                                     ->  Hash  (cost=1.31..1.31 rows=1 width=4) (actual time=0.016..0.017 rows=1 loops=5)
                                                                           Buckets: 1024  Batches: 1  Memory Usage: 9kB
                                                                           ->  Seq Scan on nation  (cost=0.00..1.31 rows=1 width=4) (actual time=0.013..0.014 rows=1 loops=5)
                                                                                 Filter: (n_name = 'PERU'::bpchar)
                                                                                 Rows Removed by Filter: 24
                                       ->  Index Scan using idx_lineitem_orderkey on lineitem l3  (cost=0.56..3.64 rows=1 width=8) (actual time=0.008..0.008 rows=1 loops=730985)
                                             Index Cond: (l_orderkey = l1.l_orderkey)
                                             Filter: ((l_receiptdate > l_commitdate) AND (l_suppkey <> l1.l_suppkey))
                                             Rows Removed by Filter: 1
                     ->  Index Scan using idx_lineitem_orderkey on lineitem l2  (cost=0.56..3.62 rows=4 width=8) (actual time=0.006..0.006 rows=1 loops=65960)
                           Index Cond: (l_orderkey = orders.o_orderkey)
 Planning Time: 3.442 ms
 Execution Time: 6794.688 ms
(50 rows)

query 22 run 1
SET
SET
SET
                                                                          QUERY PLAN                                                                          
--------------------------------------------------------------------------------------------------------------------------------------------------------------
 Limit  (cost=93878.33..93879.93 rows=1 width=72) (actual time=1764.601..1770.354 rows=1 loops=1)
   InitPlan 1 (returns $1)
     ->  Finalize Aggregate  (cost=46821.82..46821.83 rows=1 width=32) (actual time=322.670..322.764 rows=1 loops=1)
           ->  Gather  (cost=46821.38..46821.79 rows=4 width=32) (actual time=322.536..322.751 rows=5 loops=1)
                 Workers Planned: 4
                 Workers Launched: 4
                 ->  Partial Aggregate  (cost=45821.38..45821.39 rows=1 width=32) (actual time=314.296..314.297 rows=1 loops=5)
                       ->  Parallel Seq Scan on customer customer_1  (cost=0.00..45791.43 rows=11979 width=6) (actual time=0.111..306.342 rows=76485 loops=5)
                             Filter: ((c_acctbal > 0.00) AND (SUBSTRING(c_phone FROM 1 FOR 2) = ANY ('{21,29,26,34,14,15,17}'::text[])))
                             Rows Removed by Filter: 223515
   ->  GroupAggregate  (cost=47056.51..59687.42 rows=7873 width=72) (actual time=1764.600..1770.258 rows=1 loops=1)
         Group Key: SUBSTRING(customer.c_phone FROM 1 FOR 2)
         ->  Nested Loop Anti Join  (cost=47056.51..59490.59 rows=7873 width=38) (actual time=513.260..1763.475 rows=9006 loops=1)
               ->  Gather Merge  (cost=47056.07..49151.55 rows=17501 width=26) (actual time=512.680..537.018 rows=27131 loops=1)
                     Workers Planned: 4
                     Params Evaluated: $1
                     Workers Launched: 3
                     ->  Sort  (cost=46056.01..46066.95 rows=4375 width=26) (actual time=182.090..183.136 rows=7596 loops=4)
                           Sort Key: (SUBSTRING(customer.c_phone FROM 1 FOR 2))
                           Sort Method: quicksort  Memory: 5814kB
                           Worker 0:  Sort Method: quicksort  Memory: 4802kB
                           Worker 1:  Sort Method: quicksort  Memory: 5577kB
                           Worker 2:  Sort Method: quicksort  Memory: 4884kB
                           ->  Parallel Seq Scan on customer  (cost=0.00..45791.43 rows=4375 width=26) (actual time=0.017..166.399 rows=47782 loops=4)
                                 Filter: ((c_acctbal > $1) AND (SUBSTRING(c_phone FROM 1 FOR 2) = ANY ('{21,29,26,34,14,15,17}'::text[])))
                                 Rows Removed by Filter: 327218
               ->  Index Only Scan using idx_orders_custkey on orders  (cost=0.43..2.17 rows=18 width=4) (actual time=0.044..0.044 rows=1 loops=27131)
                     Index Cond: (o_custkey = customer.c_custkey)
                     Heap Fetches: 0
 Planning Time: 15.066 ms
 Execution Time: 1771.050 ms
(31 rows)

SET
SET
SET
                                                                          QUERY PLAN                                                                          
--------------------------------------------------------------------------------------------------------------------------------------------------------------
 Limit  (cost=93878.33..93879.93 rows=1 width=72) (actual time=445.900..450.346 rows=1 loops=1)
   InitPlan 1 (returns $1)
     ->  Finalize Aggregate  (cost=46821.82..46821.83 rows=1 width=32) (actual time=209.855..209.951 rows=1 loops=1)
           ->  Gather  (cost=46821.38..46821.79 rows=4 width=32) (actual time=206.559..209.933 rows=5 loops=1)
                 Workers Planned: 4
                 Workers Launched: 4
                 ->  Partial Aggregate  (cost=45821.38..45821.39 rows=1 width=32) (actual time=201.509..201.510 rows=1 loops=5)
                       ->  Parallel Seq Scan on customer customer_1  (cost=0.00..45791.43 rows=11979 width=6) (actual time=0.016..192.686 rows=76485 loops=5)
                             Filter: ((c_acctbal > 0.00) AND (SUBSTRING(c_phone FROM 1 FOR 2) = ANY ('{21,29,26,34,14,15,17}'::text[])))
                             Rows Removed by Filter: 223515
   ->  GroupAggregate  (cost=47056.51..59687.42 rows=7873 width=72) (actual time=445.899..450.248 rows=1 loops=1)
         Group Key: SUBSTRING(customer.c_phone FROM 1 FOR 2)
         ->  Nested Loop Anti Join  (cost=47056.51..59490.59 rows=7873 width=38) (actual time=381.331..448.165 rows=9006 loops=1)
               ->  Gather Merge  (cost=47056.07..49151.55 rows=17501 width=26) (actual time=381.253..392.961 rows=27129 loops=1)
                     Workers Planned: 4
                     Params Evaluated: $1
                     Workers Launched: 4
                     ->  Sort  (cost=46056.01..46066.95 rows=4375 width=26) (actual time=166.646..167.233 rows=6244 loops=5)
                           Sort Key: (SUBSTRING(customer.c_phone FROM 1 FOR 2))
                           Sort Method: quicksort  Memory: 5363kB
                           Worker 0:  Sort Method: quicksort  Memory: 2716kB
                           Worker 1:  Sort Method: quicksort  Memory: 5212kB
                           Worker 2:  Sort Method: quicksort  Memory: 2599kB
                           Worker 3:  Sort Method: quicksort  Memory: 5189kB
                           ->  Parallel Seq Scan on customer  (cost=0.00..45791.43 rows=4375 width=26) (actual time=0.017..150.379 rows=38226 loops=5)
                                 Filter: ((c_acctbal > $1) AND (SUBSTRING(c_phone FROM 1 FOR 2) = ANY ('{21,29,26,34,14,15,17}'::text[])))
                                 Rows Removed by Filter: 261774
               ->  Index Only Scan using idx_orders_custkey on orders  (cost=0.43..2.17 rows=18 width=4) (actual time=0.002..0.002 rows=1 loops=27129)
                     Index Cond: (o_custkey = customer.c_custkey)
                     Heap Fetches: 0
 Planning Time: 0.811 ms
 Execution Time: 450.410 ms
(32 rows)

