query 1 run 1
SET
SET
SET
                                                                 QUERY PLAN                                                                  
---------------------------------------------------------------------------------------------------------------------------------------------
 Limit  (cost=3948734.24..3948734.25 rows=1 width=236) (actual time=74696.684..74696.685 rows=1 loops=1)
   ->  Sort  (cost=3948734.24..3948734.26 rows=6 width=236) (actual time=74696.683..74696.683 rows=1 loops=1)
         Sort Key: l_returnflag, l_linestatus
         Sort Method: top-N heapsort  Memory: 25kB
         ->  HashAggregate  (cost=3948734.05..3948734.21 rows=6 width=236) (actual time=74696.634..74696.641 rows=4 loops=1)
               Group Key: l_returnflag, l_linestatus
               Batches: 1  Memory Usage: 24kB
               ->  Seq Scan on lineitem  (cost=0.00..1874962.70 rows=59250610 width=25) (actual time=0.515..11886.546 rows=59284448 loops=1)
                     Filter: (l_shipdate <= '1998-09-10 00:00:00'::timestamp without time zone)
                     Rows Removed by Filter: 701604
 Planning Time: 14.682 ms
 Execution Time: 74697.028 ms
(12 rows)

SET
SET
SET
                                                                 QUERY PLAN                                                                  
---------------------------------------------------------------------------------------------------------------------------------------------
 Limit  (cost=3948734.24..3948734.25 rows=1 width=236) (actual time=71092.970..71092.971 rows=1 loops=1)
   ->  Sort  (cost=3948734.24..3948734.26 rows=6 width=236) (actual time=71092.969..71092.969 rows=1 loops=1)
         Sort Key: l_returnflag, l_linestatus
         Sort Method: top-N heapsort  Memory: 25kB
         ->  HashAggregate  (cost=3948734.05..3948734.21 rows=6 width=236) (actual time=71092.938..71092.944 rows=4 loops=1)
               Group Key: l_returnflag, l_linestatus
               Batches: 1  Memory Usage: 24kB
               ->  Seq Scan on lineitem  (cost=0.00..1874962.70 rows=59250610 width=25) (actual time=0.022..10095.186 rows=59284448 loops=1)
                     Filter: (l_shipdate <= '1998-09-10 00:00:00'::timestamp without time zone)
                     Rows Removed by Filter: 701604
 Planning Time: 0.572 ms
 Execution Time: 71093.025 ms
(12 rows)

query 2 run 1
SET
SET
SET
                                                                                        QUERY PLAN                                                                                         
-------------------------------------------------------------------------------------------------------------------------------------------------------------------------------------------
 Limit  (cost=1095075.71..1095075.71 rows=1 width=192) (actual time=4888.005..4888.022 rows=100 loops=1)
   ->  Sort  (cost=1095075.71..1095075.71 rows=1 width=192) (actual time=4888.004..4888.014 rows=100 loops=1)
         Sort Key: supplier.s_acctbal DESC, nation.n_name, supplier.s_name, part.p_partkey
         Sort Method: top-N heapsort  Memory: 70kB
         ->  Merge Join  (cost=558192.09..1095075.70 rows=1 width=192) (actual time=3082.224..4884.878 rows=4737 loops=1)
               Merge Cond: (part.p_partkey = partsupp.ps_partkey)
               Join Filter: (partsupp.ps_supplycost = (SubPlan 1))
               Rows Removed by Join Filter: 1661
               ->  Index Scan using part_pkey on part  (cost=0.43..89210.65 rows=8214 width=30) (actual time=0.561..781.447 rows=8046 loops=1)
                     Filter: (((p_type)::text ~~ '%NICKEL'::text) AND (p_size = 16))
                     Rows Removed by Filter: 1991954
               ->  Materialize  (cost=558191.66..566194.79 rows=1600627 width=172) (actual time=3080.675..3547.240 rows=1603828 loops=1)
                     ->  Sort  (cost=558191.66..562193.23 rows=1600627 width=172) (actual time=3080.671..3369.286 rows=1603828 loops=1)
                           Sort Key: partsupp.ps_partkey
                           Sort Method: external merge  Disk: 293488kB
                           ->  Hash Join  (cost=4048.51..305319.90 rows=1600627 width=172) (actual time=43.677..2445.296 rows=1604080 loops=1)
                                 Hash Cond: (partsupp.ps_suppkey = supplier.s_suppkey)
                                 ->  Seq Scan on partsupp  (cost=0.00..255253.36 rows=8003136 width=14) (actual time=0.509..1076.968 rows=8000000 loops=1)
                                 ->  Hash  (cost=3798.51..3798.51 rows=20000 width=166) (actual time=43.140..43.142 rows=20051 loops=1)
                                       Buckets: 32768  Batches: 1  Memory Usage: 4211kB
                                       ->  Hash Join  (cost=2.51..3798.51 rows=20000 width=166) (actual time=0.977..37.369 rows=20051 loops=1)
                                             Hash Cond: (supplier.s_nationkey = nation.n_nationkey)
                                             ->  Seq Scan on supplier  (cost=0.00..3221.00 rows=100000 width=144) (actual time=0.547..25.209 rows=100000 loops=1)
                                             ->  Hash  (cost=2.45..2.45 rows=5 width=30) (actual time=0.422..0.424 rows=5 loops=1)
                                                   Buckets: 1024  Batches: 1  Memory Usage: 9kB
                                                   ->  Hash Join  (cost=1.07..2.45 rows=5 width=30) (actual time=0.410..0.420 rows=5 loops=1)
                                                         Hash Cond: (nation.n_regionkey = region.r_regionkey)
                                                         ->  Seq Scan on nation  (cost=0.00..1.25 rows=25 width=34) (actual time=0.182..0.185 rows=25 loops=1)
                                                         ->  Hash  (cost=1.06..1.06 rows=1 width=4) (actual time=0.218..0.219 rows=1 loops=1)
                                                               Buckets: 1024  Batches: 1  Memory Usage: 9kB
                                                               ->  Seq Scan on region  (cost=0.00..1.06 rows=1 width=4) (actual time=0.212..0.214 rows=1 loops=1)
                                                                     Filter: (r_name = 'AMERICA'::bpchar)
                                                                     Rows Removed by Filter: 4
               SubPlan 1
                 ->  Aggregate  (cost=66.25..66.26 rows=1 width=32) (actual time=0.059..0.059 rows=1 loops=6398)
                       ->  Nested Loop  (cost=2.29..66.24 rows=4 width=6) (actual time=0.049..0.056 rows=2 loops=6398)
                             Join Filter: (nation_1.n_regionkey = region_1.r_regionkey)
                             Rows Removed by Join Filter: 2
                             ->  Seq Scan on region region_1  (cost=0.00..1.06 rows=1 width=4) (actual time=0.001..0.001 rows=1 loops=6398)
                                   Filter: (r_name = 'AMERICA'::bpchar)
                                   Rows Removed by Filter: 4
                             ->  Hash Join  (cost=2.29..64.95 rows=18 width=10) (actual time=0.043..0.054 rows=4 loops=6398)
                                   Hash Cond: (supplier_1.s_nationkey = nation_1.n_nationkey)
                                   ->  Nested Loop  (cost=0.72..63.33 rows=18 width=10) (actual time=0.043..0.053 rows=4 loops=6398)
                                         ->  Index Scan using idx_partsupp_partkey on partsupp partsupp_1  (cost=0.43..3.75 rows=18 width=10) (actual time=0.038..0.039 rows=4 loops=6398)
                                               Index Cond: (ps_partkey = part.p_partkey)
                                         ->  Index Scan using supplier_pkey on supplier supplier_1  (cost=0.29..3.31 rows=1 width=8) (actual time=0.003..0.003 rows=1 loops=25592)
                                               Index Cond: (s_suppkey = partsupp_1.ps_suppkey)
                                   ->  Hash  (cost=1.25..1.25 rows=25 width=8) (actual time=0.011..0.011 rows=25 loops=1)
                                         Buckets: 1024  Batches: 1  Memory Usage: 9kB
                                         ->  Seq Scan on nation nation_1  (cost=0.00..1.25 rows=25 width=8) (actual time=0.003..0.006 rows=25 loops=1)
 Planning Time: 21.718 ms
 Execution Time: 4925.422 ms
(53 rows)

SET
SET
SET
                                                                                        QUERY PLAN                                                                                         
-------------------------------------------------------------------------------------------------------------------------------------------------------------------------------------------
 Limit  (cost=1095075.71..1095075.71 rows=1 width=192) (actual time=3883.129..3883.145 rows=100 loops=1)
   ->  Sort  (cost=1095075.71..1095075.71 rows=1 width=192) (actual time=3883.128..3883.138 rows=100 loops=1)
         Sort Key: supplier.s_acctbal DESC, nation.n_name, supplier.s_name, part.p_partkey
         Sort Method: top-N heapsort  Memory: 70kB
         ->  Merge Join  (cost=558192.09..1095075.70 rows=1 width=192) (actual time=2658.983..3880.429 rows=4737 loops=1)
               Merge Cond: (part.p_partkey = partsupp.ps_partkey)
               Join Filter: (partsupp.ps_supplycost = (SubPlan 1))
               Rows Removed by Join Filter: 1661
               ->  Index Scan using part_pkey on part  (cost=0.43..89210.65 rows=8214 width=30) (actual time=0.023..490.799 rows=8046 loops=1)
                     Filter: (((p_type)::text ~~ '%NICKEL'::text) AND (p_size = 16))
                     Rows Removed by Filter: 1991954
               ->  Materialize  (cost=558191.66..566194.79 rows=1600627 width=172) (actual time=2658.868..3107.573 rows=1603828 loops=1)
                     ->  Sort  (cost=558191.66..562193.23 rows=1600627 width=172) (actual time=2658.865..2930.462 rows=1603828 loops=1)
                           Sort Key: partsupp.ps_partkey
                           Sort Method: external merge  Disk: 293488kB
                           ->  Hash Join  (cost=4048.51..305319.90 rows=1600627 width=172) (actual time=25.980..2035.477 rows=1604080 loops=1)
                                 Hash Cond: (partsupp.ps_suppkey = supplier.s_suppkey)
                                 ->  Seq Scan on partsupp  (cost=0.00..255253.36 rows=8003136 width=14) (actual time=0.032..775.608 rows=8000000 loops=1)
                                 ->  Hash  (cost=3798.51..3798.51 rows=20000 width=166) (actual time=25.932..25.935 rows=20051 loops=1)
                                       Buckets: 32768  Batches: 1  Memory Usage: 4211kB
                                       ->  Hash Join  (cost=2.51..3798.51 rows=20000 width=166) (actual time=0.023..20.727 rows=20051 loops=1)
                                             Hash Cond: (supplier.s_nationkey = nation.n_nationkey)
                                             ->  Seq Scan on supplier  (cost=0.00..3221.00 rows=100000 width=144) (actual time=0.003..6.965 rows=100000 loops=1)
                                             ->  Hash  (cost=2.45..2.45 rows=5 width=30) (actual time=0.017..0.019 rows=5 loops=1)
                                                   Buckets: 1024  Batches: 1  Memory Usage: 9kB
                                                   ->  Hash Join  (cost=1.07..2.45 rows=5 width=30) (actual time=0.012..0.017 rows=5 loops=1)
                                                         Hash Cond: (nation.n_regionkey = region.r_regionkey)
                                                         ->  Seq Scan on nation  (cost=0.00..1.25 rows=25 width=34) (actual time=0.002..0.003 rows=25 loops=1)
                                                         ->  Hash  (cost=1.06..1.06 rows=1 width=4) (actual time=0.006..0.007 rows=1 loops=1)
                                                               Buckets: 1024  Batches: 1  Memory Usage: 9kB
                                                               ->  Seq Scan on region  (cost=0.00..1.06 rows=1 width=4) (actual time=0.003..0.004 rows=1 loops=1)
                                                                     Filter: (r_name = 'AMERICA'::bpchar)
                                                                     Rows Removed by Filter: 4
               SubPlan 1
                 ->  Aggregate  (cost=66.25..66.26 rows=1 width=32) (actual time=0.016..0.016 rows=1 loops=6398)
                       ->  Nested Loop  (cost=2.29..66.24 rows=4 width=6) (actual time=0.009..0.014 rows=2 loops=6398)
                             Join Filter: (nation_1.n_regionkey = region_1.r_regionkey)
                             Rows Removed by Join Filter: 2
                             ->  Seq Scan on region region_1  (cost=0.00..1.06 rows=1 width=4) (actual time=0.001..0.001 rows=1 loops=6398)
                                   Filter: (r_name = 'AMERICA'::bpchar)
                                   Rows Removed by Filter: 4
                             ->  Hash Join  (cost=2.29..64.95 rows=18 width=10) (actual time=0.005..0.013 rows=4 loops=6398)
                                   Hash Cond: (supplier_1.s_nationkey = nation_1.n_nationkey)
                                   ->  Nested Loop  (cost=0.72..63.33 rows=18 width=10) (actual time=0.005..0.011 rows=4 loops=6398)
                                         ->  Index Scan using idx_partsupp_partkey on partsupp partsupp_1  (cost=0.43..3.75 rows=18 width=10) (actual time=0.002..0.003 rows=4 loops=6398)
                                               Index Cond: (ps_partkey = part.p_partkey)
                                         ->  Index Scan using supplier_pkey on supplier supplier_1  (cost=0.29..3.31 rows=1 width=8) (actual time=0.002..0.002 rows=1 loops=25592)
                                               Index Cond: (s_suppkey = partsupp_1.ps_suppkey)
                                   ->  Hash  (cost=1.25..1.25 rows=25 width=8) (actual time=0.011..0.011 rows=25 loops=1)
                                         Buckets: 1024  Batches: 1  Memory Usage: 9kB
                                         ->  Seq Scan on nation nation_1  (cost=0.00..1.25 rows=25 width=8) (actual time=0.003..0.005 rows=25 loops=1)
 Planning Time: 1.774 ms
 Execution Time: 3919.549 ms
(53 rows)

query 3 run 1
SET
SET
SET
                                                                                     QUERY PLAN                                                                                      
-------------------------------------------------------------------------------------------------------------------------------------------------------------------------------------
 Limit  (cost=3183167.90..3183167.92 rows=10 width=44) (actual time=25484.034..25484.040 rows=10 loops=1)
   ->  Sort  (cost=3183167.90..3190952.53 rows=3113854 width=44) (actual time=25484.033..25484.036 rows=10 loops=1)
         Sort Key: (sum((lineitem.l_extendedprice * ('1'::numeric - lineitem.l_discount)))) DESC, orders.o_orderdate
         Sort Method: top-N heapsort  Memory: 26kB
         ->  HashAggregate  (cost=3040464.98..3115878.63 rows=3113854 width=44) (actual time=25419.420..25464.174 rows=113934 loops=1)
               Group Key: lineitem.l_orderkey, orders.o_orderdate, orders.o_shippriority
               Planned Partitions: 16  Batches: 1  Memory Usage: 49169kB
               ->  Hash Join  (cost=519405.33..2876744.38 rows=3113854 width=24) (actual time=7396.194..25216.924 rows=301530 loops=1)
                     Hash Cond: (lineitem.l_orderkey = orders.o_orderkey)
                     ->  Seq Scan on lineitem  (cost=0.00..1874962.70 rows=32873016 width=16) (actual time=0.696..11356.107 rows=32534229 loops=1)
                           Filter: (l_shipdate > '1995-03-07'::date)
                           Rows Removed by Filter: 27451823
                     ->  Hash  (cost=494706.73..494706.73 rows=1420848 width=12) (actual time=7392.158..7392.160 rows=1451805 loops=1)
                           Buckets: 2097152  Batches: 2  Memory Usage: 47606kB
                           ->  Hash Join  (cost=123831.53..494706.73 rows=1420848 width=12) (actual time=1026.682..7060.918 rows=1451805 loops=1)
                                 Hash Cond: (orders.o_custkey = customer.c_custkey)
                                 ->  Bitmap Heap Scan on orders  (cost=65456.77..417309.18 rows=7246753 width=16) (actual time=526.831..4944.428 rows=7239437 loops=1)
                                       Recheck Cond: (o_orderdate < '1995-03-07'::date)
                                       Heap Blocks: exact=261268
                                       ->  Bitmap Index Scan on idx_orders_orderdate  (cost=0.00..63645.08 rows=7246753 width=0) (actual time=473.765..473.765 rows=7239437 loops=1)
                                             Index Cond: (o_orderdate < '1995-03-07'::date)
                                 ->  Hash  (cost=54698.26..54698.26 rows=294120 width=4) (actual time=499.049..499.049 rows=300276 loops=1)
                                       Buckets: 524288  Batches: 1  Memory Usage: 14653kB
                                       ->  Seq Scan on customer  (cost=0.00..54698.26 rows=294120 width=4) (actual time=0.710..447.861 rows=300276 loops=1)
                                             Filter: (c_mktsegment = 'BUILDING'::bpchar)
                                             Rows Removed by Filter: 1199724
 Planning Time: 20.107 ms
 Execution Time: 25486.037 ms
(28 rows)

SET
SET
SET
                                                                                     QUERY PLAN                                                                                      
-------------------------------------------------------------------------------------------------------------------------------------------------------------------------------------
 Limit  (cost=3183167.90..3183167.92 rows=10 width=44) (actual time=20530.269..20530.274 rows=10 loops=1)
   ->  Sort  (cost=3183167.90..3190952.53 rows=3113854 width=44) (actual time=20530.268..20530.271 rows=10 loops=1)
         Sort Key: (sum((lineitem.l_extendedprice * ('1'::numeric - lineitem.l_discount)))) DESC, orders.o_orderdate
         Sort Method: top-N heapsort  Memory: 26kB
         ->  HashAggregate  (cost=3040464.98..3115878.63 rows=3113854 width=44) (actual time=20465.387..20510.333 rows=113934 loops=1)
               Group Key: lineitem.l_orderkey, orders.o_orderdate, orders.o_shippriority
               Planned Partitions: 16  Batches: 1  Memory Usage: 49169kB
               ->  Hash Join  (cost=519405.33..2876744.38 rows=3113854 width=24) (actual time=4509.568..20272.914 rows=301530 loops=1)
                     Hash Cond: (lineitem.l_orderkey = orders.o_orderkey)
                     ->  Seq Scan on lineitem  (cost=0.00..1874962.70 rows=32873016 width=16) (actual time=0.063..9362.938 rows=32534229 loops=1)
                           Filter: (l_shipdate > '1995-03-07'::date)
                           Rows Removed by Filter: 27451823
                     ->  Hash  (cost=494706.73..494706.73 rows=1420848 width=12) (actual time=4506.645..4506.647 rows=1451805 loops=1)
                           Buckets: 2097152  Batches: 2  Memory Usage: 47606kB
                           ->  Hash Join  (cost=123831.53..494706.73 rows=1420848 width=12) (actual time=867.111..4229.326 rows=1451805 loops=1)
                                 Hash Cond: (orders.o_custkey = customer.c_custkey)
                                 ->  Bitmap Heap Scan on orders  (cost=65456.77..417309.18 rows=7246753 width=16) (actual time=498.079..2350.182 rows=7239437 loops=1)
                                       Recheck Cond: (o_orderdate < '1995-03-07'::date)
                                       Heap Blocks: exact=261268
                                       ->  Bitmap Index Scan on idx_orders_orderdate  (cost=0.00..63645.08 rows=7246753 width=0) (actual time=445.739..445.739 rows=7239437 loops=1)
                                             Index Cond: (o_orderdate < '1995-03-07'::date)
                                 ->  Hash  (cost=54698.26..54698.26 rows=294120 width=4) (actual time=368.209..368.209 rows=300276 loops=1)
                                       Buckets: 524288  Batches: 1  Memory Usage: 14653kB
                                       ->  Seq Scan on customer  (cost=0.00..54698.26 rows=294120 width=4) (actual time=0.031..319.436 rows=300276 loops=1)
                                             Filter: (c_mktsegment = 'BUILDING'::bpchar)
                                             Rows Removed by Filter: 1199724
 Planning Time: 1.657 ms
 Execution Time: 20531.639 ms
(28 rows)

query 4 run 1
SET
SET
SET
                                                                             QUERY PLAN                                                                             
--------------------------------------------------------------------------------------------------------------------------------------------------------------------
 Limit  (cost=2043385.86..2043385.86 rows=1 width=24) (actual time=18450.599..18450.600 rows=1 loops=1)
   ->  Sort  (cost=2043385.86..2043385.87 rows=5 width=24) (actual time=18450.597..18450.598 rows=1 loops=1)
         Sort Key: orders.o_orderpriority
         Sort Method: top-N heapsort  Memory: 25kB
         ->  HashAggregate  (cost=2043385.78..2043385.83 rows=5 width=24) (actual time=18449.814..18449.816 rows=5 loops=1)
               Group Key: orders.o_orderpriority
               Batches: 1  Memory Usage: 24kB
               ->  Nested Loop Semi Join  (cost=6390.28..2040616.54 rows=553849 width=16) (actual time=111.849..18157.263 rows=513822 loops=1)
                     ->  Bitmap Heap Scan on orders  (cost=6389.72..275967.40 rows=553979 width=20) (actual time=111.408..5013.978 rows=560424 loops=1)
                           Recheck Cond: ((o_orderdate >= '1993-12-01'::date) AND (o_orderdate < '1994-03-01'::date))
                           Heap Blocks: exact=231887
                           ->  Bitmap Index Scan on idx_orders_orderdate  (cost=0.00..6251.23 rows=553979 width=0) (actual time=64.093..64.093 rows=560424 loops=1)
                                 Index Cond: ((o_orderdate >= '1993-12-01'::date) AND (o_orderdate < '1994-03-01'::date))
                     ->  Index Scan using idx_lineitem_orderkey on lineitem  (cost=0.56..3.61 rows=1 width=4) (actual time=0.023..0.023 rows=1 loops=560424)
                           Index Cond: (l_orderkey = orders.o_orderkey)
                           Filter: (l_commitdate < l_receiptdate)
                           Rows Removed by Filter: 1
 Planning Time: 18.754 ms
 Execution Time: 18451.836 ms
(19 rows)

SET
SET
SET
                                                                             QUERY PLAN                                                                             
--------------------------------------------------------------------------------------------------------------------------------------------------------------------
 Limit  (cost=2043385.86..2043385.86 rows=1 width=24) (actual time=4499.989..4499.991 rows=1 loops=1)
   ->  Sort  (cost=2043385.86..2043385.87 rows=5 width=24) (actual time=4499.988..4499.989 rows=1 loops=1)
         Sort Key: orders.o_orderpriority
         Sort Method: top-N heapsort  Memory: 25kB
         ->  HashAggregate  (cost=2043385.78..2043385.83 rows=5 width=24) (actual time=4499.950..4499.952 rows=5 loops=1)
               Group Key: orders.o_orderpriority
               Batches: 1  Memory Usage: 24kB
               ->  Nested Loop Semi Join  (cost=6390.28..2040616.54 rows=553849 width=16) (actual time=110.545..4295.405 rows=513822 loops=1)
                     ->  Bitmap Heap Scan on orders  (cost=6389.72..275967.40 rows=553979 width=20) (actual time=110.519..1203.661 rows=560424 loops=1)
                           Recheck Cond: ((o_orderdate >= '1993-12-01'::date) AND (o_orderdate < '1994-03-01'::date))
                           Heap Blocks: exact=231887
                           ->  Bitmap Index Scan on idx_orders_orderdate  (cost=0.00..6251.23 rows=553979 width=0) (actual time=63.981..63.982 rows=560424 loops=1)
                                 Index Cond: ((o_orderdate >= '1993-12-01'::date) AND (o_orderdate < '1994-03-01'::date))
                     ->  Index Scan using idx_lineitem_orderkey on lineitem  (cost=0.56..3.61 rows=1 width=4) (actual time=0.005..0.005 rows=1 loops=560424)
                           Index Cond: (l_orderkey = orders.o_orderkey)
                           Filter: (l_commitdate < l_receiptdate)
                           Rows Removed by Filter: 1
 Planning Time: 1.198 ms
 Execution Time: 4500.053 ms
(19 rows)

query 5 run 1
SET
SET
SET
                                                                                        QUERY PLAN                                                                                         
-------------------------------------------------------------------------------------------------------------------------------------------------------------------------------------------
 Limit  (cost=2069273.48..2069273.48 rows=1 width=58) (actual time=21815.695..21815.701 rows=1 loops=1)
   ->  Sort  (cost=2069273.48..2069273.54 rows=25 width=58) (actual time=21815.694..21815.700 rows=1 loops=1)
         Sort Key: (sum((lineitem.l_extendedprice * ('1'::numeric - lineitem.l_discount)))) DESC
         Sort Method: top-N heapsort  Memory: 25kB
         ->  GroupAggregate  (cost=2068366.93..2069273.36 rows=25 width=58) (actual time=21791.011..21815.682 rows=5 loops=1)
               Group Key: nation.n_name
               ->  Sort  (cost=2068366.93..2068548.15 rows=72489 width=38) (actual time=21784.891..21787.806 rows=72033 loops=1)
                     Sort Key: nation.n_name
                     Sort Method: quicksort  Memory: 7575kB
                     ->  Hash Join  (cost=94175.82..2062515.08 rows=72489 width=38) (actual time=863.132..21735.826 rows=72033 loops=1)
                           Hash Cond: ((lineitem.l_suppkey = supplier.s_suppkey) AND (customer.c_nationkey = supplier.s_nationkey))
                           ->  Nested Loop  (cost=89454.82..2048280.96 rows=1812021 width=50) (actual time=816.150..21258.731 rows=1815327 loops=1)
                                 ->  Hash Join  (cost=89454.25..397732.57 rows=453112 width=38) (actual time=815.726..6898.430 rows=453399 loops=1)
                                       Hash Cond: (orders.o_custkey = customer.c_custkey)
                                       ->  Bitmap Heap Scan on orders  (cost=26127.90..321379.27 rows=2265558 width=8) (actual time=224.042..5644.173 rows=2276638 loops=1)
                                             Recheck Cond: ((o_orderdate >= '1993-01-01'::date) AND (o_orderdate < '1994-01-01'::date))
                                             Heap Blocks: exact=261246
                                             ->  Bitmap Index Scan on idx_orders_orderdate  (cost=0.00..25561.52 rows=2265558 width=0) (actual time=170.604..170.604 rows=2276638 loops=1)
                                                   Index Cond: ((o_orderdate >= '1993-01-01'::date) AND (o_orderdate < '1994-01-01'::date))
                                       ->  Hash  (cost=59576.10..59576.10 rows=300020 width=38) (actual time=591.238..591.241 rows=299436 loops=1)
                                             Buckets: 524288  Batches: 1  Memory Usage: 25151kB
                                             ->  Hash Join  (cost=2.51..59576.10 rows=300020 width=38) (actual time=1.407..527.957 rows=299436 loops=1)
                                                   Hash Cond: (customer.c_nationkey = nation.n_nationkey)
                                                   ->  Seq Scan on customer  (cost=0.00..50948.01 rows=1500101 width=8) (actual time=0.744..362.292 rows=1500000 loops=1)
                                                   ->  Hash  (cost=2.45..2.45 rows=5 width=30) (actual time=0.653..0.655 rows=5 loops=1)
                                                         Buckets: 1024  Batches: 1  Memory Usage: 9kB
                                                         ->  Hash Join  (cost=1.07..2.45 rows=5 width=30) (actual time=0.647..0.653 rows=5 loops=1)
                                                               Hash Cond: (nation.n_regionkey = region.r_regionkey)
                                                               ->  Seq Scan on nation  (cost=0.00..1.25 rows=25 width=34) (actual time=0.320..0.322 rows=25 loops=1)
                                                               ->  Hash  (cost=1.06..1.06 rows=1 width=4) (actual time=0.319..0.319 rows=1 loops=1)
                                                                     Buckets: 1024  Batches: 1  Memory Usage: 9kB
                                                                     ->  Seq Scan on region  (cost=0.00..1.06 rows=1 width=4) (actual time=0.314..0.315 rows=1 loops=1)
                                                                           Filter: (r_name = 'AMERICA'::bpchar)
                                                                           Rows Removed by Filter: 4
                                 ->  Index Scan using idx_lineitem_orderkey on lineitem  (cost=0.56..3.60 rows=4 width=20) (actual time=0.028..0.031 rows=4 loops=453399)
                                       Index Cond: (l_orderkey = orders.o_orderkey)
                           ->  Hash  (cost=3221.00..3221.00 rows=100000 width=8) (actual time=43.856..43.856 rows=100000 loops=1)
                                 Buckets: 131072  Batches: 1  Memory Usage: 4931kB
                                 ->  Seq Scan on supplier  (cost=0.00..3221.00 rows=100000 width=8) (actual time=0.502..28.420 rows=100000 loops=1)
 Planning Time: 25.197 ms
 Execution Time: 21816.160 ms
(41 rows)

SET
SET
SET
                                                                                        QUERY PLAN                                                                                         
-------------------------------------------------------------------------------------------------------------------------------------------------------------------------------------------
 Limit  (cost=2069273.48..2069273.48 rows=1 width=58) (actual time=6023.086..6023.092 rows=1 loops=1)
   ->  Sort  (cost=2069273.48..2069273.54 rows=25 width=58) (actual time=6023.085..6023.090 rows=1 loops=1)
         Sort Key: (sum((lineitem.l_extendedprice * ('1'::numeric - lineitem.l_discount)))) DESC
         Sort Method: top-N heapsort  Memory: 25kB
         ->  GroupAggregate  (cost=2068366.93..2069273.36 rows=25 width=58) (actual time=5998.672..6023.072 rows=5 loops=1)
               Group Key: nation.n_name
               ->  Sort  (cost=2068366.93..2068548.15 rows=72489 width=38) (actual time=5992.638..5995.445 rows=72033 loops=1)
                     Sort Key: nation.n_name
                     Sort Method: quicksort  Memory: 7575kB
                     ->  Hash Join  (cost=94175.82..2062515.08 rows=72489 width=38) (actual time=707.977..5958.175 rows=72033 loops=1)
                           Hash Cond: ((lineitem.l_suppkey = supplier.s_suppkey) AND (customer.c_nationkey = supplier.s_nationkey))
                           ->  Nested Loop  (cost=89454.82..2048280.96 rows=1812021 width=50) (actual time=670.165..5541.948 rows=1815327 loops=1)
                                 ->  Hash Join  (cost=89454.25..397732.57 rows=453112 width=38) (actual time=670.142..2559.015 rows=453399 loops=1)
                                       Hash Cond: (orders.o_custkey = customer.c_custkey)
                                       ->  Bitmap Heap Scan on orders  (cost=26127.90..321379.27 rows=2265558 width=8) (actual time=212.879..1539.088 rows=2276638 loops=1)
                                             Recheck Cond: ((o_orderdate >= '1993-01-01'::date) AND (o_orderdate < '1994-01-01'::date))
                                             Heap Blocks: exact=261246
                                             ->  Bitmap Index Scan on idx_orders_orderdate  (cost=0.00..25561.52 rows=2265558 width=0) (actual time=160.486..160.486 rows=2276638 loops=1)
                                                   Index Cond: ((o_orderdate >= '1993-01-01'::date) AND (o_orderdate < '1994-01-01'::date))
                                       ->  Hash  (cost=59576.10..59576.10 rows=300020 width=38) (actual time=456.914..456.917 rows=299436 loops=1)
                                             Buckets: 524288  Batches: 1  Memory Usage: 25151kB
                                             ->  Hash Join  (cost=2.51..59576.10 rows=300020 width=38) (actual time=0.058..395.441 rows=299436 loops=1)
                                                   Hash Cond: (customer.c_nationkey = nation.n_nationkey)
                                                   ->  Seq Scan on customer  (cost=0.00..50948.01 rows=1500101 width=8) (actual time=0.018..234.179 rows=1500000 loops=1)
                                                   ->  Hash  (cost=2.45..2.45 rows=5 width=30) (actual time=0.033..0.035 rows=5 loops=1)
                                                         Buckets: 1024  Batches: 1  Memory Usage: 9kB
                                                         ->  Hash Join  (cost=1.07..2.45 rows=5 width=30) (actual time=0.028..0.033 rows=5 loops=1)
                                                               Hash Cond: (nation.n_regionkey = region.r_regionkey)
                                                               ->  Seq Scan on nation  (cost=0.00..1.25 rows=25 width=34) (actual time=0.008..0.009 rows=25 loops=1)
                                                               ->  Hash  (cost=1.06..1.06 rows=1 width=4) (actual time=0.014..0.015 rows=1 loops=1)
                                                                     Buckets: 1024  Batches: 1  Memory Usage: 9kB
                                                                     ->  Seq Scan on region  (cost=0.00..1.06 rows=1 width=4) (actual time=0.011..0.012 rows=1 loops=1)
                                                                           Filter: (r_name = 'AMERICA'::bpchar)
                                                                           Rows Removed by Filter: 4
                                 ->  Index Scan using idx_lineitem_orderkey on lineitem  (cost=0.56..3.60 rows=4 width=20) (actual time=0.005..0.006 rows=4 loops=453399)
                                       Index Cond: (l_orderkey = orders.o_orderkey)
                           ->  Hash  (cost=3221.00..3221.00 rows=100000 width=8) (actual time=37.304..37.305 rows=100000 loops=1)
                                 Buckets: 131072  Batches: 1  Memory Usage: 4931kB
                                 ->  Seq Scan on supplier  (cost=0.00..3221.00 rows=100000 width=8) (actual time=0.017..20.250 rows=100000 loops=1)
 Planning Time: 4.265 ms
 Execution Time: 6023.297 ms
(41 rows)

query 6 run 1
SET
SET
SET
                                                                                                          QUERY PLAN                                                                                                           
-------------------------------------------------------------------------------------------------------------------------------------------------------------------------------------------------------------------------------
 Limit  (cost=1974326.73..1974326.74 rows=1 width=32) (actual time=13898.535..13898.536 rows=1 loops=1)
   ->  Aggregate  (cost=1974326.73..1974326.74 rows=1 width=32) (actual time=13898.533..13898.534 rows=1 loops=1)
         ->  Bitmap Heap Scan on lineitem  (cost=212351.00..1968312.85 rows=1202775 width=12) (actual time=1280.094..13244.095 rows=1194558 loops=1)
               Recheck Cond: ((l_shipdate >= '1993-01-01'::date) AND (l_shipdate < '1994-01-01 00:00:00'::timestamp without time zone) AND (l_discount >= 0.06) AND (l_discount <= 0.08) AND (l_quantity < '25'::numeric))
               Rows Removed by Index Recheck: 13724091
               Heap Blocks: exact=395900 lossy=267068
               ->  Bitmap Index Scan on idx_lineitem_shipdate  (cost=0.00..212050.30 rows=1202775 width=0) (actual time=1194.398..1194.398 rows=1194558 loops=1)
                     Index Cond: ((l_shipdate >= '1993-01-01'::date) AND (l_shipdate < '1994-01-01 00:00:00'::timestamp without time zone) AND (l_discount >= 0.06) AND (l_discount <= 0.08) AND (l_quantity < '25'::numeric))
 Planning Time: 12.389 ms
 Execution Time: 13899.935 ms
(10 rows)

SET
SET
SET
                                                                                                          QUERY PLAN                                                                                                           
-------------------------------------------------------------------------------------------------------------------------------------------------------------------------------------------------------------------------------
 Limit  (cost=1974326.73..1974326.74 rows=1 width=32) (actual time=6462.183..6462.184 rows=1 loops=1)
   ->  Aggregate  (cost=1974326.73..1974326.74 rows=1 width=32) (actual time=6462.182..6462.183 rows=1 loops=1)
         ->  Bitmap Heap Scan on lineitem  (cost=212351.00..1968312.85 rows=1202775 width=12) (actual time=1212.092..6084.178 rows=1194558 loops=1)
               Recheck Cond: ((l_shipdate >= '1993-01-01'::date) AND (l_shipdate < '1994-01-01 00:00:00'::timestamp without time zone) AND (l_discount >= 0.06) AND (l_discount <= 0.08) AND (l_quantity < '25'::numeric))
               Rows Removed by Index Recheck: 13724091
               Heap Blocks: exact=395900 lossy=267068
               ->  Bitmap Index Scan on idx_lineitem_shipdate  (cost=0.00..212050.30 rows=1202775 width=0) (actual time=1127.218..1127.218 rows=1194558 loops=1)
                     Index Cond: ((l_shipdate >= '1993-01-01'::date) AND (l_shipdate < '1994-01-01 00:00:00'::timestamp without time zone) AND (l_discount >= 0.06) AND (l_discount <= 0.08) AND (l_quantity < '25'::numeric))
 Planning Time: 0.673 ms
 Execution Time: 6462.383 ms
(10 rows)

query 7 run 1
SET
SET
SET
                                                                                 QUERY PLAN                                                                                  
-----------------------------------------------------------------------------------------------------------------------------------------------------------------------------
 Limit  (cost=2719380.36..2719380.48 rows=1 width=116) (actual time=18885.639..18885.646 rows=1 loops=1)
   ->  GroupAggregate  (cost=2719380.36..2720605.62 rows=10012 width=116) (actual time=18885.638..18885.644 rows=1 loops=1)
         Group Key: n1.n_name, n2.n_name, (EXTRACT(year FROM lineitem.l_shipdate))
         ->  Sort  (cost=2719380.36..2719533.94 rows=61433 width=96) (actual time=18877.582..18878.191 rows=14421 loops=1)
               Sort Key: n1.n_name, n2.n_name, (EXTRACT(year FROM lineitem.l_shipdate))
               Sort Method: quicksort  Memory: 6955kB
               ->  Hash Join  (cost=563404.93..2714494.37 rows=61433 width=96) (actual time=5136.450..18844.334 rows=57794 loops=1)
                     Hash Cond: (lineitem.l_orderkey = orders.o_orderkey)
                     Join Filter: (((n1.n_name = 'PERU'::bpchar) AND (n2.n_name = 'MOROCCO'::bpchar)) OR ((n1.n_name = 'MOROCCO'::bpchar) AND (n2.n_name = 'PERU'::bpchar)))
                     Rows Removed by Join Filter: 58158
                     ->  Hash Join  (cost=3629.40..2112513.70 rows=1476179 width=46) (actual time=36.632..13073.136 rows=1455694 loops=1)
                           Hash Cond: (lineitem.l_suppkey = supplier.s_suppkey)
                           ->  Seq Scan on lineitem  (cost=0.00..2024926.64 rows=18452232 width=24) (actual time=0.645..10806.206 rows=18230325 loops=1)
                                 Filter: ((l_shipdate >= '1995-01-01'::date) AND (l_shipdate <= '1996-12-31'::date))
                                 Rows Removed by Filter: 41755727
                           ->  Hash  (cost=3529.40..3529.40 rows=8000 width=30) (actual time=35.968..35.971 rows=7981 loops=1)
                                 Buckets: 8192  Batches: 1  Memory Usage: 548kB
                                 ->  Hash Join  (cost=1.40..3529.40 rows=8000 width=30) (actual time=0.975..34.432 rows=7981 loops=1)
                                       Hash Cond: (supplier.s_nationkey = n1.n_nationkey)
                                       ->  Seq Scan on supplier  (cost=0.00..3221.00 rows=100000 width=8) (actual time=0.683..24.476 rows=100000 loops=1)
                                       ->  Hash  (cost=1.38..1.38 rows=2 width=30) (actual time=0.279..0.280 rows=2 loops=1)
                                             Buckets: 1024  Batches: 1  Memory Usage: 9kB
                                             ->  Seq Scan on nation n1  (cost=0.00..1.38 rows=2 width=30) (actual time=0.269..0.273 rows=2 loops=1)
                                                   Filter: ((n_name = 'PERU'::bpchar) OR (n_name = 'MOROCCO'::bpchar))
                                                   Rows Removed by Filter: 23
                     ->  Hash  (cost=536571.62..536571.62 rows=1199993 width=30) (actual time=5095.519..5095.521 rows=1191175 loops=1)
                           Buckets: 1048576  Batches: 2  Memory Usage: 44259kB
                           ->  Hash Join  (cost=57054.82..536571.62 rows=1199993 width=30) (actual time=532.247..4835.570 rows=1191175 loops=1)
                                 Hash Cond: (orders.o_custkey = customer.c_custkey)
                                 ->  Seq Scan on orders  (cost=0.00..411267.18 rows=14999918 width=8) (actual time=0.809..1714.569 rows=15000000 loops=1)
                                 ->  Hash  (cost=55554.72..55554.72 rows=120008 width=30) (actual time=531.320..531.321 rows=119622 loops=1)
                                       Buckets: 131072  Batches: 1  Memory Usage: 8267kB
                                       ->  Hash Join  (cost=1.40..55554.72 rows=120008 width=30) (actual time=0.720..505.880 rows=119622 loops=1)
                                             Hash Cond: (customer.c_nationkey = n2.n_nationkey)
                                             ->  Seq Scan on customer  (cost=0.00..50948.01 rows=1500101 width=8) (actual time=0.696..359.747 rows=1500000 loops=1)
                                             ->  Hash  (cost=1.38..1.38 rows=2 width=30) (actual time=0.017..0.017 rows=2 loops=1)
                                                   Buckets: 1024  Batches: 1  Memory Usage: 9kB
                                                   ->  Seq Scan on nation n2  (cost=0.00..1.38 rows=2 width=30) (actual time=0.011..0.013 rows=2 loops=1)
                                                         Filter: ((n_name = 'MOROCCO'::bpchar) OR (n_name = 'PERU'::bpchar))
                                                         Rows Removed by Filter: 23
 Planning Time: 23.551 ms
 Execution Time: 18886.318 ms
(42 rows)

SET
SET
SET
                                                                                 QUERY PLAN                                                                                  
-----------------------------------------------------------------------------------------------------------------------------------------------------------------------------
 Limit  (cost=2719380.36..2719380.48 rows=1 width=116) (actual time=15560.832..15560.839 rows=1 loops=1)
   ->  GroupAggregate  (cost=2719380.36..2720605.62 rows=10012 width=116) (actual time=15560.831..15560.837 rows=1 loops=1)
         Group Key: n1.n_name, n2.n_name, (EXTRACT(year FROM lineitem.l_shipdate))
         ->  Sort  (cost=2719380.36..2719533.94 rows=61433 width=96) (actual time=15552.767..15553.387 rows=14421 loops=1)
               Sort Key: n1.n_name, n2.n_name, (EXTRACT(year FROM lineitem.l_shipdate))
               Sort Method: quicksort  Memory: 6955kB
               ->  Hash Join  (cost=563404.93..2714494.37 rows=61433 width=96) (actual time=4183.708..15521.358 rows=57794 loops=1)
                     Hash Cond: (lineitem.l_orderkey = orders.o_orderkey)
                     Join Filter: (((n1.n_name = 'PERU'::bpchar) AND (n2.n_name = 'MOROCCO'::bpchar)) OR ((n1.n_name = 'MOROCCO'::bpchar) AND (n2.n_name = 'PERU'::bpchar)))
                     Rows Removed by Join Filter: 58158
                     ->  Hash Join  (cost=3629.40..2112513.70 rows=1476179 width=46) (actual time=19.471..10735.588 rows=1455694 loops=1)
                           Hash Cond: (lineitem.l_suppkey = supplier.s_suppkey)
                           ->  Seq Scan on lineitem  (cost=0.00..2024926.64 rows=18452232 width=24) (actual time=0.031..8833.378 rows=18230325 loops=1)
                                 Filter: ((l_shipdate >= '1995-01-01'::date) AND (l_shipdate <= '1996-12-31'::date))
                                 Rows Removed by Filter: 41755727
                           ->  Hash  (cost=3529.40..3529.40 rows=8000 width=30) (actual time=19.428..19.430 rows=7981 loops=1)
                                 Buckets: 8192  Batches: 1  Memory Usage: 548kB
                                 ->  Hash Join  (cost=1.40..3529.40 rows=8000 width=30) (actual time=0.019..18.168 rows=7981 loops=1)
                                       Hash Cond: (supplier.s_nationkey = n1.n_nationkey)
                                       ->  Seq Scan on supplier  (cost=0.00..3221.00 rows=100000 width=8) (actual time=0.006..6.770 rows=100000 loops=1)
                                       ->  Hash  (cost=1.38..1.38 rows=2 width=30) (actual time=0.009..0.010 rows=2 loops=1)
                                             Buckets: 1024  Batches: 1  Memory Usage: 9kB
                                             ->  Seq Scan on nation n1  (cost=0.00..1.38 rows=2 width=30) (actual time=0.005..0.007 rows=2 loops=1)
                                                   Filter: ((n_name = 'PERU'::bpchar) OR (n_name = 'MOROCCO'::bpchar))
                                                   Rows Removed by Filter: 23
                     ->  Hash  (cost=536571.62..536571.62 rows=1199993 width=30) (actual time=4161.866..4161.868 rows=1191175 loops=1)
                           Buckets: 1048576  Batches: 2  Memory Usage: 44259kB
                           ->  Hash Join  (cost=57054.82..536571.62 rows=1199993 width=30) (actual time=295.992..3917.411 rows=1191175 loops=1)
                                 Hash Cond: (orders.o_custkey = customer.c_custkey)
                                 ->  Seq Scan on orders  (cost=0.00..411267.18 rows=14999918 width=8) (actual time=0.037..1266.224 rows=15000000 loops=1)
                                 ->  Hash  (cost=55554.72..55554.72 rows=120008 width=30) (actual time=295.847..295.848 rows=119622 loops=1)
                                       Buckets: 131072  Batches: 1  Memory Usage: 8267kB
                                       ->  Hash Join  (cost=1.40..55554.72 rows=120008 width=30) (actual time=0.025..274.525 rows=119622 loops=1)
                                             Hash Cond: (customer.c_nationkey = n2.n_nationkey)
                                             ->  Seq Scan on customer  (cost=0.00..50948.01 rows=1500101 width=8) (actual time=0.007..100.604 rows=1500000 loops=1)
                                             ->  Hash  (cost=1.38..1.38 rows=2 width=30) (actual time=0.013..0.013 rows=2 loops=1)
                                                   Buckets: 1024  Batches: 1  Memory Usage: 9kB
                                                   ->  Seq Scan on nation n2  (cost=0.00..1.38 rows=2 width=30) (actual time=0.008..0.010 rows=2 loops=1)
                                                         Filter: ((n_name = 'MOROCCO'::bpchar) OR (n_name = 'PERU'::bpchar))
                                                         Rows Removed by Filter: 23
 Planning Time: 2.381 ms
 Execution Time: 15561.139 ms
(42 rows)

query 8 run 1
SET
SET
SET
                                                                                          QUERY PLAN                                                                                           
-----------------------------------------------------------------------------------------------------------------------------------------------------------------------------------------------
 Limit  (cost=1248619.70..1248619.94 rows=1 width=64) (actual time=59217.301..59217.307 rows=1 loops=1)
   ->  GroupAggregate  (cost=1248619.70..1249209.15 rows=2406 width=64) (actual time=59217.300..59217.306 rows=1 loops=1)
         Group Key: (EXTRACT(year FROM orders.o_orderdate))
         ->  Sort  (cost=1248619.70..1248679.85 rows=24059 width=70) (actual time=59211.352..59211.818 rows=11818 loops=1)
               Sort Key: (EXTRACT(year FROM orders.o_orderdate))
               Sort Method: quicksort  Memory: 2445kB
               ->  Nested Loop  (cost=897874.58..1246868.89 rows=24059 width=70) (actual time=53802.195..59195.914 rows=23842 loops=1)
                     ->  Hash Join  (cost=897874.43..1246197.77 rows=24059 width=20) (actual time=53802.165..59162.878 rows=23842 loops=1)
                           Hash Cond: (lineitem.l_suppkey = supplier.s_suppkey)
                           ->  Hash Join  (cost=893403.43..1241663.62 rows=24059 width=20) (actual time=53758.982..59108.506 rows=23842 loops=1)
                                 Hash Cond: (orders.o_custkey = customer.c_custkey)
                                 ->  Hash Join  (cost=830077.09..1177645.58 rows=120294 width=24) (actual time=53187.445..58505.190 rows=118593 loops=1)
                                       Hash Cond: (orders.o_orderkey = lineitem.l_orderkey)
                                       ->  Bitmap Heap Scan on orders  (cost=52340.43..381686.47 rows=4538536 width=12) (actual time=365.103..4764.517 rows=4557513 loops=1)
                                             Recheck Cond: ((o_orderdate >= '1995-01-01'::date) AND (o_orderdate <= '1996-12-31'::date))
                                             Heap Blocks: exact=261268
                                             ->  Bitmap Index Scan on idx_orders_orderdate  (cost=0.00..51205.79 rows=4538536 width=0) (actual time=311.619..311.619 rows=4557513 loops=1)
                                                   Index Cond: ((o_orderdate >= '1995-01-01'::date) AND (o_orderdate <= '1996-12-31'::date))
                                       ->  Hash  (cost=772767.01..772767.01 rows=397572 width=20) (actual time=52822.033..52822.034 rows=389521 loops=1)
                                             Buckets: 524288  Batches: 1  Memory Usage: 25019kB
                                             ->  Nested Loop  (cost=0.44..772767.01 rows=397572 width=20) (actual time=2.263..52395.958 rows=389521 loops=1)
                                                   ->  Seq Scan on part  (cost=0.00..65979.89 rows=13255 width=4) (actual time=1.641..583.678 rows=13011 loops=1)
                                                         Filter: ((p_type)::text = 'LARGE POLISHED BRASS'::text)
                                                         Rows Removed by Filter: 1986989
                                                   ->  Index Scan using idx_lineitem_part_supp on lineitem  (cost=0.44..52.98 rows=34 width=24) (actual time=0.249..3.964 rows=30 loops=13011)
                                                         Index Cond: (l_partkey = part.p_partkey)
                                 ->  Hash  (cost=59576.10..59576.10 rows=300020 width=4) (actual time=570.964..570.967 rows=299436 loops=1)
                                       Buckets: 524288  Batches: 1  Memory Usage: 14624kB
                                       ->  Hash Join  (cost=2.51..59576.10 rows=300020 width=4) (actual time=1.408..521.205 rows=299436 loops=1)
                                             Hash Cond: (customer.c_nationkey = n1.n_nationkey)
                                             ->  Seq Scan on customer  (cost=0.00..50948.01 rows=1500101 width=8) (actual time=0.753..359.602 rows=1500000 loops=1)
                                             ->  Hash  (cost=2.45..2.45 rows=5 width=4) (actual time=0.648..0.649 rows=5 loops=1)
                                                   Buckets: 1024  Batches: 1  Memory Usage: 9kB
                                                   ->  Hash Join  (cost=1.07..2.45 rows=5 width=4) (actual time=0.643..0.648 rows=5 loops=1)
                                                         Hash Cond: (n1.n_regionkey = region.r_regionkey)
                                                         ->  Seq Scan on nation n1  (cost=0.00..1.25 rows=25 width=8) (actual time=0.316..0.317 rows=25 loops=1)
                                                         ->  Hash  (cost=1.06..1.06 rows=1 width=4) (actual time=0.321..0.321 rows=1 loops=1)
                                                               Buckets: 1024  Batches: 1  Memory Usage: 9kB
                                                               ->  Seq Scan on region  (cost=0.00..1.06 rows=1 width=4) (actual time=0.317..0.318 rows=1 loops=1)
                                                                     Filter: (r_name = 'AMERICA'::bpchar)
                                                                     Rows Removed by Filter: 4
                           ->  Hash  (cost=3221.00..3221.00 rows=100000 width=8) (actual time=43.140..43.140 rows=100000 loops=1)
                                 Buckets: 131072  Batches: 1  Memory Usage: 4931kB
                                 ->  Seq Scan on supplier  (cost=0.00..3221.00 rows=100000 width=8) (actual time=0.556..28.046 rows=100000 loops=1)
                     ->  Memoize  (cost=0.15..0.92 rows=1 width=30) (actual time=0.000..0.000 rows=1 loops=23842)
                           Cache Key: supplier.s_nationkey
                           Cache Mode: logical
                           Hits: 23817  Misses: 25  Evictions: 0  Overflows: 0  Memory Usage: 4kB
                           ->  Index Scan using nation_pkey on nation n2  (cost=0.14..0.91 rows=1 width=30) (actual time=0.004..0.004 rows=1 loops=25)
                                 Index Cond: (n_nationkey = supplier.s_nationkey)
 Planning Time: 27.958 ms
 Execution Time: 59217.879 ms
(52 rows)

SET
SET
SET
                                                                                          QUERY PLAN                                                                                           
-----------------------------------------------------------------------------------------------------------------------------------------------------------------------------------------------
 Limit  (cost=1248619.70..1248619.94 rows=1 width=64) (actual time=4914.774..4914.782 rows=1 loops=1)
   ->  GroupAggregate  (cost=1248619.70..1249209.15 rows=2406 width=64) (actual time=4914.772..4914.780 rows=1 loops=1)
         Group Key: (EXTRACT(year FROM orders.o_orderdate))
         ->  Sort  (cost=1248619.70..1248679.85 rows=24059 width=70) (actual time=4908.930..4909.394 rows=11818 loops=1)
               Sort Key: (EXTRACT(year FROM orders.o_orderdate))
               Sort Method: quicksort  Memory: 2445kB
               ->  Nested Loop  (cost=897874.58..1246868.89 rows=24059 width=70) (actual time=2733.927..4898.388 rows=23842 loops=1)
                     ->  Hash Join  (cost=897874.43..1246197.77 rows=24059 width=20) (actual time=2733.913..4878.164 rows=23842 loops=1)
                           Hash Cond: (lineitem.l_suppkey = supplier.s_suppkey)
                           ->  Hash Join  (cost=893403.43..1241663.62 rows=24059 width=20) (actual time=2697.897..4832.105 rows=23842 loops=1)
                                 Hash Cond: (orders.o_custkey = customer.c_custkey)
                                 ->  Hash Join  (cost=830077.09..1177645.58 rows=120294 width=24) (actual time=2262.357..4367.435 rows=118593 loops=1)
                                       Hash Cond: (orders.o_orderkey = lineitem.l_orderkey)
                                       ->  Bitmap Heap Scan on orders  (cost=52340.43..381686.47 rows=4538536 width=12) (actual time=342.551..1596.402 rows=4557513 loops=1)
                                             Recheck Cond: ((o_orderdate >= '1995-01-01'::date) AND (o_orderdate <= '1996-12-31'::date))
                                             Heap Blocks: exact=261268
                                             ->  Bitmap Index Scan on idx_orders_orderdate  (cost=0.00..51205.79 rows=4538536 width=0) (actual time=289.895..289.896 rows=4557513 loops=1)
                                                   Index Cond: ((o_orderdate >= '1995-01-01'::date) AND (o_orderdate <= '1996-12-31'::date))
                                       ->  Hash  (cost=772767.01..772767.01 rows=397572 width=20) (actual time=1919.478..1919.480 rows=389521 loops=1)
                                             Buckets: 524288  Batches: 1  Memory Usage: 25019kB
                                             ->  Nested Loop  (cost=0.44..772767.01 rows=397572 width=20) (actual time=0.096..1813.245 rows=389521 loops=1)
                                                   ->  Seq Scan on part  (cost=0.00..65979.89 rows=13255 width=4) (actual time=0.070..316.196 rows=13011 loops=1)
                                                         Filter: ((p_type)::text = 'LARGE POLISHED BRASS'::text)
                                                         Rows Removed by Filter: 1986989
                                                   ->  Index Scan using idx_lineitem_part_supp on lineitem  (cost=0.44..52.98 rows=34 width=24) (actual time=0.009..0.109 rows=30 loops=13011)
                                                         Index Cond: (l_partkey = part.p_partkey)
                                 ->  Hash  (cost=59576.10..59576.10 rows=300020 width=4) (actual time=434.905..434.907 rows=299436 loops=1)
                                       Buckets: 524288  Batches: 1  Memory Usage: 14624kB
                                       ->  Hash Join  (cost=2.51..59576.10 rows=300020 width=4) (actual time=0.064..387.454 rows=299436 loops=1)
                                             Hash Cond: (customer.c_nationkey = n1.n_nationkey)
                                             ->  Seq Scan on customer  (cost=0.00..50948.01 rows=1500101 width=8) (actual time=0.020..230.227 rows=1500000 loops=1)
                                             ->  Hash  (cost=2.45..2.45 rows=5 width=4) (actual time=0.037..0.039 rows=5 loops=1)
                                                   Buckets: 1024  Batches: 1  Memory Usage: 9kB
                                                   ->  Hash Join  (cost=1.07..2.45 rows=5 width=4) (actual time=0.032..0.037 rows=5 loops=1)
                                                         Hash Cond: (n1.n_regionkey = region.r_regionkey)
                                                         ->  Seq Scan on nation n1  (cost=0.00..1.25 rows=25 width=8) (actual time=0.013..0.015 rows=25 loops=1)
                                                         ->  Hash  (cost=1.06..1.06 rows=1 width=4) (actual time=0.014..0.014 rows=1 loops=1)
                                                               Buckets: 1024  Batches: 1  Memory Usage: 9kB
                                                               ->  Seq Scan on region  (cost=0.00..1.06 rows=1 width=4) (actual time=0.011..0.012 rows=1 loops=1)
                                                                     Filter: (r_name = 'AMERICA'::bpchar)
                                                                     Rows Removed by Filter: 4
                           ->  Hash  (cost=3221.00..3221.00 rows=100000 width=8) (actual time=35.970..35.970 rows=100000 loops=1)
                                 Buckets: 131072  Batches: 1  Memory Usage: 4931kB
                                 ->  Seq Scan on supplier  (cost=0.00..3221.00 rows=100000 width=8) (actual time=0.014..20.029 rows=100000 loops=1)
                     ->  Memoize  (cost=0.15..0.92 rows=1 width=30) (actual time=0.000..0.000 rows=1 loops=23842)
                           Cache Key: supplier.s_nationkey
                           Cache Mode: logical
                           Hits: 23817  Misses: 25  Evictions: 0  Overflows: 0  Memory Usage: 4kB
                           ->  Index Scan using nation_pkey on nation n2  (cost=0.14..0.91 rows=1 width=30) (actual time=0.002..0.002 rows=1 loops=25)
                                 Index Cond: (n_nationkey = supplier.s_nationkey)
 Planning Time: 4.828 ms
 Execution Time: 4915.076 ms
(52 rows)

query 9 run 1
SET
SET
SET
                                                                                QUERY PLAN                                                                                 
---------------------------------------------------------------------------------------------------------------------------------------------------------------------------
 Limit  (cost=2879887.91..2879887.91 rows=1 width=90) (actual time=122605.346..122605.351 rows=1 loops=1)
   ->  Sort  (cost=2879887.91..2880038.29 rows=60150 width=90) (actual time=122605.345..122605.349 rows=1 loops=1)
         Sort Key: nation.n_name, (EXTRACT(year FROM orders.o_orderdate)) DESC
         Sort Method: top-N heapsort  Memory: 25kB
         ->  HashAggregate  (cost=2878684.91..2879587.16 rows=60150 width=90) (actual time=122604.846..122605.264 rows=175 loops=1)
               Group Key: nation.n_name, EXTRACT(year FROM orders.o_orderdate)
               Batches: 1  Memory Usage: 3217kB
               ->  Hash Join  (cost=729328.13..2815063.70 rows=3635498 width=81) (actual time=5201.516..119725.085 rows=3248192 loops=1)
                     Hash Cond: (supplier.s_nationkey = nation.n_nationkey)
                     ->  Hash Join  (cost=729326.57..2794812.41 rows=3635498 width=31) (actual time=5201.287..118751.472 rows=3248192 loops=1)
                           Hash Cond: (lineitem.l_orderkey = orders.o_orderkey)
                           ->  Nested Loop  (cost=71966.41..2019609.07 rows=3635498 width=31) (actual time=723.269..109468.643 rows=3248192 loops=1)
                                 Join Filter: (supplier.s_suppkey = lineitem.l_suppkey)
                                 ->  Hash Join  (cost=71965.97..349500.90 rows=485040 width=26) (actual time=722.598..3423.316 rows=433248 loops=1)
                                       Hash Cond: (partsupp.ps_suppkey = supplier.s_suppkey)
                                       ->  Hash Join  (cost=67494.97..343756.61 rows=485040 width=18) (actual time=678.656..3180.889 rows=433248 loops=1)
                                             Hash Cond: (partsupp.ps_partkey = part.p_partkey)
                                             ->  Seq Scan on partsupp  (cost=0.00..255253.36 rows=8003136 width=14) (actual time=0.750..1365.277 rows=8000000 loops=1)
                                             ->  Hash  (cost=65979.89..65979.89 rows=121207 width=4) (actual time=677.775..677.776 rows=108312 loops=1)
                                                   Buckets: 131072  Batches: 1  Memory Usage: 4832kB
                                                   ->  Seq Scan on part  (cost=0.00..65979.89 rows=121207 width=4) (actual time=0.779..651.727 rows=108312 loops=1)
                                                         Filter: ((p_name)::text ~~ '%navy%'::text)
                                                         Rows Removed by Filter: 1891688
                                       ->  Hash  (cost=3221.00..3221.00 rows=100000 width=8) (actual time=43.657..43.657 rows=100000 loops=1)
                                             Buckets: 131072  Batches: 1  Memory Usage: 4931kB
                                             ->  Seq Scan on supplier  (cost=0.00..3221.00 rows=100000 width=8) (actual time=0.566..28.822 rows=100000 loops=1)
                                 ->  Index Scan using idx_lineitem_part_supp on lineitem  (cost=0.44..3.43 rows=1 width=29) (actual time=0.035..0.242 rows=7 loops=433248)
                                       Index Cond: ((l_partkey = partsupp.ps_partkey) AND (l_suppkey = partsupp.ps_suppkey))
                           ->  Hash  (cost=411267.18..411267.18 rows=14999918 width=8) (actual time=4475.570..4475.571 rows=15000000 loops=1)
                                 Buckets: 2097152  Batches: 16  Memory Usage: 53030kB
                                 ->  Seq Scan on orders  (cost=0.00..411267.18 rows=14999918 width=8) (actual time=0.756..2349.094 rows=15000000 loops=1)
                     ->  Hash  (cost=1.25..1.25 rows=25 width=30) (actual time=0.220..0.220 rows=25 loops=1)
                           Buckets: 1024  Batches: 1  Memory Usage: 10kB
                           ->  Seq Scan on nation  (cost=0.00..1.25 rows=25 width=30) (actual time=0.202..0.207 rows=25 loops=1)
 Planning Time: 33.406 ms
 Execution Time: 122606.451 ms
(36 rows)

SET
SET
SET
                                                                                QUERY PLAN                                                                                 
---------------------------------------------------------------------------------------------------------------------------------------------------------------------------
 Limit  (cost=2879887.91..2879887.91 rows=1 width=90) (actual time=59624.008..59624.014 rows=1 loops=1)
   ->  Sort  (cost=2879887.91..2880038.29 rows=60150 width=90) (actual time=59624.007..59624.012 rows=1 loops=1)
         Sort Key: nation.n_name, (EXTRACT(year FROM orders.o_orderdate)) DESC
         Sort Method: top-N heapsort  Memory: 25kB
         ->  HashAggregate  (cost=2878684.91..2879587.16 rows=60150 width=90) (actual time=59623.499..59623.921 rows=175 loops=1)
               Group Key: nation.n_name, EXTRACT(year FROM orders.o_orderdate)
               Batches: 1  Memory Usage: 3217kB
               ->  Hash Join  (cost=729328.13..2815063.70 rows=3635498 width=81) (actual time=5210.067..56781.276 rows=3248192 loops=1)
                     Hash Cond: (supplier.s_nationkey = nation.n_nationkey)
                     ->  Hash Join  (cost=729326.57..2794812.41 rows=3635498 width=31) (actual time=5209.851..55818.602 rows=3248192 loops=1)
                           Hash Cond: (lineitem.l_orderkey = orders.o_orderkey)
                           ->  Nested Loop  (cost=71966.41..2019609.07 rows=3635498 width=31) (actual time=655.195..46855.766 rows=3248192 loops=1)
                                 Join Filter: (supplier.s_suppkey = lineitem.l_suppkey)
                                 ->  Hash Join  (cost=71965.97..349500.90 rows=485040 width=26) (actual time=655.168..3136.668 rows=433248 loops=1)
                                       Hash Cond: (partsupp.ps_suppkey = supplier.s_suppkey)
                                       ->  Hash Join  (cost=67494.97..343756.61 rows=485040 width=18) (actual time=613.218..2905.917 rows=433248 loops=1)
                                             Hash Cond: (partsupp.ps_partkey = part.p_partkey)
                                             ->  Seq Scan on partsupp  (cost=0.00..255253.36 rows=8003136 width=14) (actual time=0.380..1208.887 rows=8000000 loops=1)
                                             ->  Hash  (cost=65979.89..65979.89 rows=121207 width=4) (actual time=612.679..612.679 rows=108312 loops=1)
                                                   Buckets: 131072  Batches: 1  Memory Usage: 4832kB
                                                   ->  Seq Scan on part  (cost=0.00..65979.89 rows=121207 width=4) (actual time=0.437..587.824 rows=108312 loops=1)
                                                         Filter: ((p_name)::text ~~ '%navy%'::text)
                                                         Rows Removed by Filter: 1891688
                                       ->  Hash  (cost=3221.00..3221.00 rows=100000 width=8) (actual time=41.664..41.665 rows=100000 loops=1)
                                             Buckets: 131072  Batches: 1  Memory Usage: 4931kB
                                             ->  Seq Scan on supplier  (cost=0.00..3221.00 rows=100000 width=8) (actual time=0.350..26.323 rows=100000 loops=1)
                                 ->  Index Scan using idx_lineitem_part_supp on lineitem  (cost=0.44..3.43 rows=1 width=29) (actual time=0.016..0.098 rows=7 loops=433248)
                                       Index Cond: ((l_partkey = partsupp.ps_partkey) AND (l_suppkey = partsupp.ps_suppkey))
                           ->  Hash  (cost=411267.18..411267.18 rows=14999918 width=8) (actual time=4552.179..4552.180 rows=15000000 loops=1)
                                 Buckets: 2097152  Batches: 16  Memory Usage: 53030kB
                                 ->  Seq Scan on orders  (cost=0.00..411267.18 rows=14999918 width=8) (actual time=0.392..2416.944 rows=15000000 loops=1)
                     ->  Hash  (cost=1.25..1.25 rows=25 width=30) (actual time=0.207..0.208 rows=25 loops=1)
                           Buckets: 1024  Batches: 1  Memory Usage: 10kB
                           ->  Seq Scan on nation  (cost=0.00..1.25 rows=25 width=30) (actual time=0.198..0.201 rows=25 loops=1)
 Planning Time: 19.835 ms
 Execution Time: 59624.829 ms
(36 rows)

query 10 run 1
SET
SET
SET
                                                                                            QUERY PLAN                                                                                            
--------------------------------------------------------------------------------------------------------------------------------------------------------------------------------------------------
 Limit  (cost=2397760.63..2397760.68 rows=20 width=201) (actual time=20540.286..20540.291 rows=20 loops=1)
   ->  Sort  (cost=2397760.63..2399185.41 rows=569913 width=201) (actual time=20540.285..20540.288 rows=20 loops=1)
         Sort Key: (sum((lineitem.l_extendedprice * ('1'::numeric - lineitem.l_discount)))) DESC
         Sort Method: top-N heapsort  Memory: 33kB
         ->  GroupAggregate  (cost=2251825.53..2382595.45 rows=569913 width=201) (actual time=17930.628..20417.685 rows=381205 loops=1)
               Group Key: customer.c_custkey, nation.n_name
               ->  Incremental Sort  (cost=2251825.53..2368347.62 rows=569913 width=181) (actual time=17930.614..19646.638 rows=1145402 loops=1)
                     Sort Key: customer.c_custkey, nation.n_name
                     Presorted Key: customer.c_custkey
                     Full-sort Groups: 34068  Sort Method: quicksort  Average Memory: 31kB  Peak Memory: 31kB
                     ->  Nested Loop  (cost=2251825.36..2342701.54 rows=569913 width=181) (actual time=17930.472..19277.299 rows=1145402 loops=1)
                           ->  Merge Join  (cost=2251825.21..2328746.54 rows=569913 width=159) (actual time=17930.197..18869.642 rows=1145402 loops=1)
                                 Merge Cond: (customer.c_custkey = orders.o_custkey)
                                 ->  Index Scan using customer_pkey on customer  (cost=0.43..64623.44 rows=1500101 width=147) (actual time=0.509..488.416 rows=1499997 loops=1)
                                 ->  Sort  (cost=2251824.42..2253249.20 rows=569913 width=16) (actual time=17929.673..18039.516 rows=1145402 loops=1)
                                       Sort Key: orders.o_custkey
                                       Sort Method: external sort  Disk: 35288kB
                                       ->  Hash Join  (cost=284229.11..2197339.65 rows=569913 width=16) (actual time=4794.603..17472.311 rows=1145402 loops=1)
                                             Hash Cond: (lineitem.l_orderkey = orders.o_orderkey)
                                             ->  Seq Scan on lineitem  (cost=0.00..1874962.70 rows=14532506 width=16) (actual time=0.617..10890.523 rows=14808183 loops=1)
                                                   Filter: (l_returnflag = 'R'::bpchar)
                                                   Rows Removed by Filter: 45177869
                                             ->  Hash  (cost=276876.07..276876.07 rows=588243 width=8) (actual time=4792.039..4792.040 rows=573160 loops=1)
                                                   Buckets: 1048576  Batches: 1  Memory Usage: 30582kB
                                                   ->  Bitmap Heap Scan on orders  (cost=6784.43..276876.07 rows=588243 width=8) (actual time=112.384..4634.920 rows=573160 loops=1)
                                                         Recheck Cond: ((o_orderdate >= '1994-08-01'::date) AND (o_orderdate < '1994-11-01'::date))
                                                         Heap Blocks: exact=233346
                                                         ->  Bitmap Index Scan on idx_orders_orderdate  (cost=0.00..6637.37 rows=588243 width=0) (actual time=65.217..65.217 rows=573160 loops=1)
                                                               Index Cond: ((o_orderdate >= '1994-08-01'::date) AND (o_orderdate < '1994-11-01'::date))
                           ->  Memoize  (cost=0.15..0.92 rows=1 width=30) (actual time=0.000..0.000 rows=1 loops=1145402)
                                 Cache Key: customer.c_nationkey
                                 Cache Mode: logical
                                 Hits: 1145377  Misses: 25  Evictions: 0  Overflows: 0  Memory Usage: 4kB
                                 ->  Index Scan using nation_pkey on nation  (cost=0.14..0.91 rows=1 width=30) (actual time=0.012..0.012 rows=1 loops=25)
                                       Index Cond: (n_nationkey = customer.c_nationkey)
 Planning Time: 24.569 ms
 Execution Time: 20545.497 ms
(37 rows)

SET
SET
SET
                                                                                            QUERY PLAN                                                                                            
--------------------------------------------------------------------------------------------------------------------------------------------------------------------------------------------------
 Limit  (cost=2397760.63..2397760.68 rows=20 width=201) (actual time=15050.816..15050.821 rows=20 loops=1)
   ->  Sort  (cost=2397760.63..2399185.41 rows=569913 width=201) (actual time=15050.815..15050.818 rows=20 loops=1)
         Sort Key: (sum((lineitem.l_extendedprice * ('1'::numeric - lineitem.l_discount)))) DESC
         Sort Method: top-N heapsort  Memory: 33kB
         ->  GroupAggregate  (cost=2251825.53..2382595.45 rows=569913 width=201) (actual time=12593.036..14930.602 rows=381205 loops=1)
               Group Key: customer.c_custkey, nation.n_name
               ->  Incremental Sort  (cost=2251825.53..2368347.62 rows=569913 width=181) (actual time=12593.023..14172.631 rows=1145402 loops=1)
                     Sort Key: customer.c_custkey, nation.n_name
                     Presorted Key: customer.c_custkey
                     Full-sort Groups: 34068  Sort Method: quicksort  Average Memory: 31kB  Peak Memory: 31kB
                     ->  Nested Loop  (cost=2251825.36..2342701.54 rows=569913 width=181) (actual time=12592.920..13806.138 rows=1145402 loops=1)
                           ->  Merge Join  (cost=2251825.21..2328746.54 rows=569913 width=159) (actual time=12592.891..13402.973 rows=1145402 loops=1)
                                 Merge Cond: (customer.c_custkey = orders.o_custkey)
                                 ->  Index Scan using customer_pkey on customer  (cost=0.43..64623.44 rows=1500101 width=147) (actual time=0.013..365.134 rows=1499997 loops=1)
                                 ->  Sort  (cost=2251824.42..2253249.20 rows=569913 width=16) (actual time=12592.864..12701.739 rows=1145402 loops=1)
                                       Sort Key: orders.o_custkey
                                       Sort Method: external sort  Disk: 35288kB
                                       ->  Hash Join  (cost=284229.11..2197339.65 rows=569913 width=16) (actual time=1516.405..12143.327 rows=1145402 loops=1)
                                             Hash Cond: (lineitem.l_orderkey = orders.o_orderkey)
                                             ->  Seq Scan on lineitem  (cost=0.00..1874962.70 rows=14532506 width=16) (actual time=0.015..8913.210 rows=14808183 loops=1)
                                                   Filter: (l_returnflag = 'R'::bpchar)
                                                   Rows Removed by Filter: 45177869
                                             ->  Hash  (cost=276876.07..276876.07 rows=588243 width=8) (actual time=1514.929..1514.929 rows=573160 loops=1)
                                                   Buckets: 1048576  Batches: 1  Memory Usage: 30582kB
                                                   ->  Bitmap Heap Scan on orders  (cost=6784.43..276876.07 rows=588243 width=8) (actual time=111.099..1391.858 rows=573160 loops=1)
                                                         Recheck Cond: ((o_orderdate >= '1994-08-01'::date) AND (o_orderdate < '1994-11-01'::date))
                                                         Heap Blocks: exact=233346
                                                         ->  Bitmap Index Scan on idx_orders_orderdate  (cost=0.00..6637.37 rows=588243 width=0) (actual time=64.341..64.341 rows=573160 loops=1)
                                                               Index Cond: ((o_orderdate >= '1994-08-01'::date) AND (o_orderdate < '1994-11-01'::date))
                           ->  Memoize  (cost=0.15..0.92 rows=1 width=30) (actual time=0.000..0.000 rows=1 loops=1145402)
                                 Cache Key: customer.c_nationkey
                                 Cache Mode: logical
                                 Hits: 1145377  Misses: 25  Evictions: 0  Overflows: 0  Memory Usage: 4kB
                                 ->  Index Scan using nation_pkey on nation  (cost=0.14..0.91 rows=1 width=30) (actual time=0.002..0.002 rows=1 loops=25)
                                       Index Cond: (n_nationkey = customer.c_nationkey)
 Planning Time: 2.198 ms
 Execution Time: 15054.862 ms
(37 rows)

query 11 run 1
SET
SET
SET
                                                                                QUERY PLAN                                                                                 
---------------------------------------------------------------------------------------------------------------------------------------------------------------------------
 Limit  (cost=606711.33..606711.33 rows=1 width=36) (actual time=3857.553..3857.559 rows=0 loops=1)
   InitPlan 1 (returns $1)
     ->  Aggregate  (cost=293178.77..293178.78 rows=1 width=32) (actual time=1572.389..1572.392 rows=1 loops=1)
           ->  Hash Join  (cost=2311.46..290777.83 rows=320125 width=10) (actual time=2.934..1482.078 rows=320800 loops=1)
                 Hash Cond: (partsupp_1.ps_suppkey = supplier_1.s_suppkey)
                 ->  Seq Scan on partsupp partsupp_1  (cost=0.00..255253.36 rows=8003136 width=14) (actual time=0.017..747.846 rows=8000000 loops=1)
                 ->  Hash  (cost=2261.46..2261.46 rows=4000 width=4) (actual time=2.873..2.874 rows=4010 loops=1)
                       Buckets: 4096  Batches: 1  Memory Usage: 173kB
                       ->  Nested Loop  (cost=37.29..2261.46 rows=4000 width=4) (actual time=0.621..2.505 rows=4010 loops=1)
                             ->  Seq Scan on nation nation_1  (cost=0.00..1.31 rows=1 width=4) (actual time=0.006..0.008 rows=1 loops=1)
                                   Filter: (n_name = 'SAUDI ARABIA'::bpchar)
                                   Rows Removed by Filter: 24
                             ->  Bitmap Heap Scan on supplier supplier_1  (cost=37.29..2220.15 rows=4000 width=8) (actual time=0.610..2.164 rows=4010 loops=1)
                                   Recheck Cond: (s_nationkey = nation_1.n_nationkey)
                                   Heap Blocks: exact=1869
                                   ->  Bitmap Index Scan on idx_supplier_nation_key  (cost=0.00..36.29 rows=4000 width=0) (actual time=0.378..0.378 rows=4010 loops=1)
                                         Index Cond: (s_nationkey = nation_1.n_nationkey)
   ->  Sort  (cost=313532.55..313799.32 rows=106708 width=36) (actual time=3857.552..3857.554 rows=0 loops=1)
         Sort Key: (sum((partsupp.ps_supplycost * (partsupp.ps_availqty)::numeric))) DESC
         Sort Method: quicksort  Memory: 25kB
         ->  HashAggregate  (cost=305070.91..312999.01 rows=106708 width=36) (actual time=3857.520..3857.522 rows=0 loops=1)
               Group Key: partsupp.ps_partkey
               Filter: (sum((partsupp.ps_supplycost * (partsupp.ps_availqty)::numeric)) > $1)
               Planned Partitions: 4  Batches: 5  Memory Usage: 65585kB  Disk Usage: 7312kB
               Rows Removed by Filter: 301833
               ->  Hash Join  (cost=2311.46..290777.83 rows=320125 width=14) (actual time=39.774..1911.325 rows=320800 loops=1)
                     Hash Cond: (partsupp.ps_suppkey = supplier.s_suppkey)
                     ->  Seq Scan on partsupp  (cost=0.00..255253.36 rows=8003136 width=18) (actual time=0.622..1080.397 rows=8000000 loops=1)
                     ->  Hash  (cost=2261.46..2261.46 rows=4000 width=4) (actual time=39.087..39.088 rows=4010 loops=1)
                           Buckets: 4096  Batches: 1  Memory Usage: 173kB
                           ->  Nested Loop  (cost=37.29..2261.46 rows=4000 width=4) (actual time=1.881..38.131 rows=4010 loops=1)
                                 ->  Seq Scan on nation  (cost=0.00..1.31 rows=1 width=4) (actual time=0.211..0.214 rows=1 loops=1)
                                       Filter: (n_name = 'SAUDI ARABIA'::bpchar)
                                       Rows Removed by Filter: 24
                                 ->  Bitmap Heap Scan on supplier  (cost=37.29..2220.15 rows=4000 width=8) (actual time=1.661..37.300 rows=4010 loops=1)
                                       Recheck Cond: (s_nationkey = nation.n_nationkey)
                                       Heap Blocks: exact=1869
                                       ->  Bitmap Index Scan on idx_supplier_nation_key  (cost=0.00..36.29 rows=4000 width=0) (actual time=1.073..1.073 rows=4010 loops=1)
                                             Index Cond: (s_nationkey = nation.n_nationkey)
 Planning Time: 15.877 ms
 Execution Time: 3859.972 ms
(41 rows)

SET
SET
SET
                                                                                QUERY PLAN                                                                                 
---------------------------------------------------------------------------------------------------------------------------------------------------------------------------
 Limit  (cost=606711.33..606711.33 rows=1 width=36) (actual time=3436.464..3436.470 rows=0 loops=1)
   InitPlan 1 (returns $1)
     ->  Aggregate  (cost=293178.77..293178.78 rows=1 width=32) (actual time=1577.597..1577.601 rows=1 loops=1)
           ->  Hash Join  (cost=2311.46..290777.83 rows=320125 width=10) (actual time=2.914..1488.001 rows=320800 loops=1)
                 Hash Cond: (partsupp_1.ps_suppkey = supplier_1.s_suppkey)
                 ->  Seq Scan on partsupp partsupp_1  (cost=0.00..255253.36 rows=8003136 width=14) (actual time=0.015..753.481 rows=8000000 loops=1)
                 ->  Hash  (cost=2261.46..2261.46 rows=4000 width=4) (actual time=2.855..2.857 rows=4010 loops=1)
                       Buckets: 4096  Batches: 1  Memory Usage: 173kB
                       ->  Nested Loop  (cost=37.29..2261.46 rows=4000 width=4) (actual time=0.596..2.488 rows=4010 loops=1)
                             ->  Seq Scan on nation nation_1  (cost=0.00..1.31 rows=1 width=4) (actual time=0.006..0.007 rows=1 loops=1)
                                   Filter: (n_name = 'SAUDI ARABIA'::bpchar)
                                   Rows Removed by Filter: 24
                             ->  Bitmap Heap Scan on supplier supplier_1  (cost=37.29..2220.15 rows=4000 width=8) (actual time=0.586..2.150 rows=4010 loops=1)
                                   Recheck Cond: (s_nationkey = nation_1.n_nationkey)
                                   Heap Blocks: exact=1869
                                   ->  Bitmap Index Scan on idx_supplier_nation_key  (cost=0.00..36.29 rows=4000 width=0) (actual time=0.374..0.375 rows=4010 loops=1)
                                         Index Cond: (s_nationkey = nation_1.n_nationkey)
   ->  Sort  (cost=313532.55..313799.32 rows=106708 width=36) (actual time=3436.462..3436.464 rows=0 loops=1)
         Sort Key: (sum((partsupp.ps_supplycost * (partsupp.ps_availqty)::numeric))) DESC
         Sort Method: quicksort  Memory: 25kB
         ->  HashAggregate  (cost=305070.91..312999.01 rows=106708 width=36) (actual time=3436.431..3436.433 rows=0 loops=1)
               Group Key: partsupp.ps_partkey
               Filter: (sum((partsupp.ps_supplycost * (partsupp.ps_availqty)::numeric)) > $1)
               Planned Partitions: 4  Batches: 5  Memory Usage: 65585kB  Disk Usage: 7312kB
               Rows Removed by Filter: 301833
               ->  Hash Join  (cost=2311.46..290777.83 rows=320125 width=14) (actual time=3.692..1492.194 rows=320800 loops=1)
                     Hash Cond: (partsupp.ps_suppkey = supplier.s_suppkey)
                     ->  Seq Scan on partsupp  (cost=0.00..255253.36 rows=8003136 width=18) (actual time=0.038..761.829 rows=8000000 loops=1)
                     ->  Hash  (cost=2261.46..2261.46 rows=4000 width=4) (actual time=3.626..3.627 rows=4010 loops=1)
                           Buckets: 4096  Batches: 1  Memory Usage: 173kB
                           ->  Nested Loop  (cost=37.29..2261.46 rows=4000 width=4) (actual time=0.504..3.227 rows=4010 loops=1)
                                 ->  Seq Scan on nation  (cost=0.00..1.31 rows=1 width=4) (actual time=0.009..0.011 rows=1 loops=1)
                                       Filter: (n_name = 'SAUDI ARABIA'::bpchar)
                                       Rows Removed by Filter: 24
                                 ->  Bitmap Heap Scan on supplier  (cost=37.29..2220.15 rows=4000 width=8) (actual time=0.490..2.880 rows=4010 loops=1)
                                       Recheck Cond: (s_nationkey = nation.n_nationkey)
                                       Heap Blocks: exact=1869
                                       ->  Bitmap Index Scan on idx_supplier_nation_key  (cost=0.00..36.29 rows=4000 width=0) (actual time=0.271..0.271 rows=4010 loops=1)
                                             Index Cond: (s_nationkey = nation.n_nationkey)
 Planning Time: 1.007 ms
 Execution Time: 3438.527 ms
(41 rows)

query 12 run 1
SET
SET
SET
                                                                                                                    QUERY PLAN                                                                                                                     
---------------------------------------------------------------------------------------------------------------------------------------------------------------------------------------------------------------------------------------------------
 Limit  (cost=3031221.74..3032045.59 rows=1 width=27) (actual time=19361.976..19361.979 rows=1 loops=1)
   ->  GroupAggregate  (cost=3031221.74..3036988.67 rows=7 width=27) (actual time=19361.975..19361.977 rows=1 loops=1)
         Group Key: lineitem.l_shipmode
         ->  Sort  (cost=3031221.74..3031942.60 rows=288343 width=27) (actual time=19315.062..19321.366 rows=155572 loops=1)
               Sort Key: lineitem.l_shipmode
               Sort Method: quicksort  Memory: 26853kB
               ->  Hash Join  (cost=2478422.75..3005072.74 rows=288343 width=27) (actual time=15165.071..19252.088 rows=311258 loops=1)
                     Hash Cond: (orders.o_orderkey = lineitem.l_orderkey)
                     ->  Seq Scan on orders  (cost=0.00..411267.18 rows=14999918 width=20) (actual time=0.625..1667.860 rows=15000000 loops=1)
                     ->  Hash  (cost=2474818.46..2474818.46 rows=288343 width=15) (actual time=15163.700..15163.701 rows=311258 loops=1)
                           Buckets: 524288  Batches: 1  Memory Usage: 18687kB
                           ->  Seq Scan on lineitem  (cost=0.00..2474818.46 rows=288343 width=15) (actual time=1.329..15085.030 rows=311258 loops=1)
                                 Filter: ((l_shipmode = ANY ('{SHIP,"REG AIR"}'::bpchar[])) AND (l_commitdate < l_receiptdate) AND (l_shipdate < l_commitdate) AND (l_receiptdate >= '1994-01-01'::date) AND (l_receiptdate < '1995-01-01'::date))
                                 Rows Removed by Filter: 59674794
 Planning Time: 18.440 ms
 Execution Time: 19362.450 ms
(16 rows)

SET
SET
SET
                                                                                                                    QUERY PLAN                                                                                                                     
---------------------------------------------------------------------------------------------------------------------------------------------------------------------------------------------------------------------------------------------------
 Limit  (cost=3031221.74..3032045.59 rows=1 width=27) (actual time=16673.034..16673.037 rows=1 loops=1)
   ->  GroupAggregate  (cost=3031221.74..3036988.67 rows=7 width=27) (actual time=16673.033..16673.035 rows=1 loops=1)
         Group Key: lineitem.l_shipmode
         ->  Sort  (cost=3031221.74..3031942.60 rows=288343 width=27) (actual time=16626.650..16632.900 rows=155572 loops=1)
               Sort Key: lineitem.l_shipmode
               Sort Method: quicksort  Memory: 26853kB
               ->  Hash Join  (cost=2478422.75..3005072.74 rows=288343 width=27) (actual time=13042.609..16565.302 rows=311258 loops=1)
                     Hash Cond: (orders.o_orderkey = lineitem.l_orderkey)
                     ->  Seq Scan on orders  (cost=0.00..411267.18 rows=14999918 width=20) (actual time=0.018..1246.798 rows=15000000 loops=1)
                     ->  Hash  (cost=2474818.46..2474818.46 rows=288343 width=15) (actual time=13041.860..13041.861 rows=311258 loops=1)
                           Buckets: 524288  Batches: 1  Memory Usage: 18687kB
                           ->  Seq Scan on lineitem  (cost=0.00..2474818.46 rows=288343 width=15) (actual time=0.108..12970.193 rows=311258 loops=1)
                                 Filter: ((l_shipmode = ANY ('{SHIP,"REG AIR"}'::bpchar[])) AND (l_commitdate < l_receiptdate) AND (l_shipdate < l_commitdate) AND (l_receiptdate >= '1994-01-01'::date) AND (l_receiptdate < '1995-01-01'::date))
                                 Rows Removed by Filter: 59674794
 Planning Time: 0.833 ms
 Execution Time: 16673.152 ms
(16 rows)

query 13 run 1
SET
SET
SET
                                                                                    QUERY PLAN                                                                                     
-----------------------------------------------------------------------------------------------------------------------------------------------------------------------------------
 Limit  (cost=1344961.16..1344961.16 rows=1 width=16) (actual time=16986.042..16986.046 rows=1 loops=1)
   ->  Sort  (cost=1344961.16..1344961.66 rows=200 width=16) (actual time=16986.041..16986.043 rows=1 loops=1)
         Sort Key: (count(*)) DESC, (count(orders.o_orderkey)) DESC
         Sort Method: top-N heapsort  Memory: 25kB
         ->  HashAggregate  (cost=1344958.16..1344960.16 rows=200 width=16) (actual time=16986.008..16986.015 rows=46 loops=1)
               Group Key: count(orders.o_orderkey)
               Batches: 1  Memory Usage: 40kB
               ->  HashAggregate  (cost=1193819.89..1322456.64 rows=1500101 width=12) (actual time=14848.563..16815.913 rows=1500000 loops=1)
                     Group Key: customer.c_custkey
                     Planned Partitions: 4  Batches: 5  Memory Usage: 65585kB  Disk Usage: 212480kB
                     ->  Hash Right Join  (cost=53287.21..659731.90 rows=14545375 width=8) (actual time=374.848..11047.524 rows=15337604 loops=1)
                           Hash Cond: (orders.o_custkey = customer.c_custkey)
                           ->  Seq Scan on orders  (cost=0.00..448766.97 rows=14545375 width=8) (actual time=0.690..5263.419 rows=14837583 loops=1)
                                 Filter: ((o_comment)::text !~~ '%special%requests%'::text)
                                 Rows Removed by Filter: 162417
                           ->  Hash  (cost=28675.94..28675.94 rows=1500101 width=4) (actual time=371.591..371.592 rows=1500000 loops=1)
                                 Buckets: 2097152  Batches: 2  Memory Usage: 42747kB
                                 ->  Index Only Scan using customer_pkey on customer  (cost=0.43..28675.94 rows=1500101 width=4) (actual time=0.020..160.089 rows=1500000 loops=1)
                                       Heap Fetches: 0
 Planning Time: 16.729 ms
 Execution Time: 17019.190 ms
(21 rows)

SET
SET
SET
                                                                                    QUERY PLAN                                                                                     
-----------------------------------------------------------------------------------------------------------------------------------------------------------------------------------
 Limit  (cost=1344961.16..1344961.16 rows=1 width=16) (actual time=16416.767..16416.770 rows=1 loops=1)
   ->  Sort  (cost=1344961.16..1344961.66 rows=200 width=16) (actual time=16416.766..16416.768 rows=1 loops=1)
         Sort Key: (count(*)) DESC, (count(orders.o_orderkey)) DESC
         Sort Method: top-N heapsort  Memory: 25kB
         ->  HashAggregate  (cost=1344958.16..1344960.16 rows=200 width=16) (actual time=16416.740..16416.748 rows=46 loops=1)
               Group Key: count(orders.o_orderkey)
               Batches: 1  Memory Usage: 40kB
               ->  HashAggregate  (cost=1193819.89..1322456.64 rows=1500101 width=12) (actual time=14273.794..16247.708 rows=1500000 loops=1)
                     Group Key: customer.c_custkey
                     Planned Partitions: 4  Batches: 5  Memory Usage: 65585kB  Disk Usage: 212480kB
                     ->  Hash Right Join  (cost=53287.21..659731.90 rows=14545375 width=8) (actual time=340.255..10487.993 rows=15337604 loops=1)
                           Hash Cond: (orders.o_custkey = customer.c_custkey)
                           ->  Seq Scan on orders  (cost=0.00..448766.97 rows=14545375 width=8) (actual time=0.032..4795.089 rows=14837583 loops=1)
                                 Filter: ((o_comment)::text !~~ '%special%requests%'::text)
                                 Rows Removed by Filter: 162417
                           ->  Hash  (cost=28675.94..28675.94 rows=1500101 width=4) (actual time=337.723..337.724 rows=1500000 loops=1)
                                 Buckets: 2097152  Batches: 2  Memory Usage: 42747kB
                                 ->  Index Only Scan using customer_pkey on customer  (cost=0.43..28675.94 rows=1500101 width=4) (actual time=0.019..128.396 rows=1500000 loops=1)
                                       Heap Fetches: 0
 Planning Time: 0.744 ms
 Execution Time: 16450.455 ms
(21 rows)

query 14 run 1
SET
SET
SET
                                                                              QUERY PLAN                                                                               
-----------------------------------------------------------------------------------------------------------------------------------------------------------------------
 Limit  (cost=1224877.03..1224877.04 rows=1 width=32) (actual time=68357.379..68357.382 rows=1 loops=1)
   ->  Aggregate  (cost=1224877.03..1224877.04 rows=1 width=32) (actual time=68357.378..68357.380 rows=1 loops=1)
         ->  Hash Join  (cost=99651.56..1212231.33 rows=722611 width=33) (actual time=864.183..67747.876 rows=772942 loops=1)
               Hash Cond: (lineitem.l_partkey = part.p_partkey)
               ->  Index Scan using idx_lineitem_shipdate on lineitem  (cost=0.56..1089953.48 rows=722611 width=16) (actual time=1.383..65788.083 rows=772942 loops=1)
                     Index Cond: ((l_shipdate >= '1994-05-01'::date) AND (l_shipdate < '1994-06-01'::date))
               ->  Hash  (cost=60980.11..60980.11 rows=1999911 width=25) (actual time=860.931..860.932 rows=2000000 loops=1)
                     Buckets: 1048576  Batches: 4  Memory Usage: 37079kB
                     ->  Seq Scan on part  (cost=0.00..60980.11 rows=1999911 width=25) (actual time=0.692..524.047 rows=2000000 loops=1)
 Planning Time: 19.072 ms
 Execution Time: 68357.974 ms
(11 rows)

SET
SET
SET
                                                                              QUERY PLAN                                                                              
----------------------------------------------------------------------------------------------------------------------------------------------------------------------
 Limit  (cost=1224877.03..1224877.04 rows=1 width=32) (actual time=3509.859..3509.862 rows=1 loops=1)
   ->  Aggregate  (cost=1224877.03..1224877.04 rows=1 width=32) (actual time=3509.858..3509.860 rows=1 loops=1)
         ->  Hash Join  (cost=99651.56..1212231.33 rows=722611 width=33) (actual time=718.145..3178.979 rows=772942 loops=1)
               Hash Cond: (lineitem.l_partkey = part.p_partkey)
               ->  Index Scan using idx_lineitem_shipdate on lineitem  (cost=0.56..1089953.48 rows=722611 width=16) (actual time=0.035..1886.901 rows=772942 loops=1)
                     Index Cond: ((l_shipdate >= '1994-05-01'::date) AND (l_shipdate < '1994-06-01'::date))
               ->  Hash  (cost=60980.11..60980.11 rows=1999911 width=25) (actual time=716.710..716.711 rows=2000000 loops=1)
                     Buckets: 1048576  Batches: 4  Memory Usage: 37079kB
                     ->  Seq Scan on part  (cost=0.00..60980.11 rows=1999911 width=25) (actual time=0.030..386.691 rows=2000000 loops=1)
 Planning Time: 1.142 ms
 Execution Time: 3509.965 ms
(11 rows)

query 15 run 1
SET
SET
SET
CREATE VIEW
                                                                                   QUERY PLAN                                                                                   
--------------------------------------------------------------------------------------------------------------------------------------------------------------------------------
 Limit  (cost=3775050.16..3775059.02 rows=1 width=103) (actual time=20478.310..20478.314 rows=1 loops=1)
   InitPlan 1 (returns $0)
     ->  Aggregate  (cost=1888007.51..1888007.52 rows=1 width=32) (actual time=6154.309..6154.310 rows=1 loops=1)
           ->  HashAggregate  (cost=1885526.69..1886767.10 rows=99233 width=36) (actual time=6112.299..6148.676 rows=100000 loops=1)
                 Group Key: lineitem_1.l_suppkey
                 Batches: 1  Memory Usage: 43025kB
                 ->  Bitmap Heap Scan on lineitem lineitem_1  (cost=38139.31..1861740.60 rows=2378609 width=16) (actual time=365.282..4615.052 rows=2265714 loops=1)
                       Recheck Cond: ((l_shipdate >= '1996-01-01'::date) AND (l_shipdate < '1996-04-01'::date))
                       Rows Removed by Index Recheck: 13223651
                       Heap Blocks: exact=401153 lossy=267105
                       ->  Bitmap Index Scan on idx_lineitem_shipdate  (cost=0.00..37544.65 rows=2378609 width=0) (actual time=278.188..278.188 rows=2265714 loops=1)
                             Index Cond: ((l_shipdate >= '1996-01-01'::date) AND (l_shipdate < '1996-04-01'::date))
   ->  Merge Join  (cost=1887042.64..1891435.58 rows=496 width=103) (actual time=20478.308..20478.310 rows=1 loops=1)
         Merge Cond: (supplier.s_suppkey = revenue0.supplier_no)
         ->  Index Scan using supplier_pkey on supplier  (cost=0.29..4135.79 rows=100000 width=71) (actual time=0.629..18.592 rows=69998 loops=1)
         ->  Sort  (cost=1887042.35..1887043.59 rows=496 width=36) (actual time=20455.513..20455.515 rows=1 loops=1)
               Sort Key: revenue0.supplier_no
               Sort Method: quicksort  Memory: 25kB
               ->  Subquery Scan on revenue0  (cost=1885526.69..1887020.14 rows=496 width=36) (actual time=20429.732..20455.504 rows=1 loops=1)
                     ->  HashAggregate  (cost=1885526.69..1887015.18 rows=496 width=36) (actual time=20429.730..20455.502 rows=1 loops=1)
                           Group Key: lineitem.l_suppkey
                           Filter: (sum((lineitem.l_extendedprice * ('1'::numeric - lineitem.l_discount))) = $0)
                           Batches: 1  Memory Usage: 43025kB
                           Rows Removed by Filter: 99999
                           ->  Bitmap Heap Scan on lineitem  (cost=38139.31..1861740.60 rows=2378609 width=16) (actual time=420.946..12080.798 rows=2265714 loops=1)
                                 Recheck Cond: ((l_shipdate >= '1996-01-01'::date) AND (l_shipdate < '1996-04-01'::date))
                                 Rows Removed by Index Recheck: 13223651
                                 Heap Blocks: exact=401153 lossy=267105
                                 ->  Bitmap Index Scan on idx_lineitem_shipdate  (cost=0.00..37544.65 rows=2378609 width=0) (actual time=333.372..333.373 rows=2265714 loops=1)
                                       Index Cond: ((l_shipdate >= '1996-01-01'::date) AND (l_shipdate < '1996-04-01'::date))
 Planning Time: 13.495 ms
 Execution Time: 20480.356 ms
(32 rows)

DROP VIEW
SET
SET
SET
CREATE VIEW
                                                                                   QUERY PLAN                                                                                   
--------------------------------------------------------------------------------------------------------------------------------------------------------------------------------
 Limit  (cost=3775050.16..3775059.02 rows=1 width=103) (actual time=12819.253..12819.256 rows=1 loops=1)
   InitPlan 1 (returns $0)
     ->  Aggregate  (cost=1888007.51..1888007.52 rows=1 width=32) (actual time=6175.904..6175.905 rows=1 loops=1)
           ->  HashAggregate  (cost=1885526.69..1886767.10 rows=99233 width=36) (actual time=6134.083..6169.952 rows=100000 loops=1)
                 Group Key: lineitem_1.l_suppkey
                 Batches: 1  Memory Usage: 43025kB
                 ->  Bitmap Heap Scan on lineitem lineitem_1  (cost=38139.31..1861740.60 rows=2378609 width=16) (actual time=364.632..4615.704 rows=2265714 loops=1)
                       Recheck Cond: ((l_shipdate >= '1996-01-01'::date) AND (l_shipdate < '1996-04-01'::date))
                       Rows Removed by Index Recheck: 13223651
                       Heap Blocks: exact=401153 lossy=267105
                       ->  Bitmap Index Scan on idx_lineitem_shipdate  (cost=0.00..37544.65 rows=2378609 width=0) (actual time=277.949..277.949 rows=2265714 loops=1)
                             Index Cond: ((l_shipdate >= '1996-01-01'::date) AND (l_shipdate < '1996-04-01'::date))
   ->  Merge Join  (cost=1887042.64..1891435.58 rows=496 width=103) (actual time=12819.251..12819.253 rows=1 loops=1)
         Merge Cond: (supplier.s_suppkey = revenue0.supplier_no)
         ->  Index Scan using supplier_pkey on supplier  (cost=0.29..4135.79 rows=100000 width=71) (actual time=0.047..11.892 rows=69998 loops=1)
         ->  Sort  (cost=1887042.35..1887043.59 rows=496 width=36) (actual time=12803.238..12803.239 rows=1 loops=1)
               Sort Key: revenue0.supplier_no
               Sort Method: quicksort  Memory: 25kB
               ->  Subquery Scan on revenue0  (cost=1885526.69..1887020.14 rows=496 width=36) (actual time=12777.658..12803.231 rows=1 loops=1)
                     ->  HashAggregate  (cost=1885526.69..1887015.18 rows=496 width=36) (actual time=12777.657..12803.228 rows=1 loops=1)
                           Group Key: lineitem.l_suppkey
                           Filter: (sum((lineitem.l_extendedprice * ('1'::numeric - lineitem.l_discount))) = $0)
                           Batches: 1  Memory Usage: 43025kB
                           Rows Removed by Filter: 99999
                           ->  Bitmap Heap Scan on lineitem  (cost=38139.31..1861740.60 rows=2378609 width=16) (actual time=386.012..5081.184 rows=2265714 loops=1)
                                 Recheck Cond: ((l_shipdate >= '1996-01-01'::date) AND (l_shipdate < '1996-04-01'::date))
                                 Rows Removed by Index Recheck: 13223651
                                 Heap Blocks: exact=401153 lossy=267105
                                 ->  Bitmap Index Scan on idx_lineitem_shipdate  (cost=0.00..37544.65 rows=2378609 width=0) (actual time=299.082..299.082 rows=2265714 loops=1)
                                       Index Cond: ((l_shipdate >= '1996-01-01'::date) AND (l_shipdate < '1996-04-01'::date))
 Planning Time: 1.104 ms
 Execution Time: 12820.804 ms
(32 rows)

DROP VIEW
query 16 run 1
SET
SET
SET
                                                                                         QUERY PLAN                                                                                         
--------------------------------------------------------------------------------------------------------------------------------------------------------------------------------------------
 Limit  (cost=359603.74..359603.74 rows=1 width=44) (actual time=7650.508..7650.512 rows=1 loops=1)
   ->  Sort  (cost=359603.74..359989.60 rows=154344 width=44) (actual time=7650.507..7650.509 rows=1 loops=1)
         Sort Key: (count(DISTINCT partsupp.ps_suppkey)) DESC, part.p_brand, part.p_type, part.p_size
         Sort Method: top-N heapsort  Memory: 25kB
         ->  GroupAggregate  (cost=349789.23..358832.02 rows=154344 width=44) (actual time=6856.728..7646.094 rows=27838 loops=1)
               Group Key: part.p_brand, part.p_type, part.p_size
               ->  Sort  (cost=349789.23..351289.10 rows=599948 width=40) (actual time=6856.678..7424.007 rows=1186319 loops=1)
                     Sort Key: part.p_brand, part.p_type, part.p_size, partsupp.ps_suppkey
                     Sort Method: external merge  Disk: 60584kB
                     ->  Hash Join  (cost=98198.27..281662.79 rows=599948 width=40) (actual time=832.349..3143.755 rows=1186319 loops=1)
                           Hash Cond: (partsupp.ps_partkey = part.p_partkey)
                           ->  Index Only Scan using partsupp_pkey on partsupp  (cost=3471.46..176431.84 rows=4001568 width=8) (actual time=37.224..1532.621 rows=7995520 loops=1)
                                 Filter: (NOT (hashed SubPlan 1))
                                 Rows Removed by Filter: 4480
                                 Heap Fetches: 0
                                 SubPlan 1
                                   ->  Seq Scan on supplier  (cost=0.00..3471.00 rows=10 width=4) (actual time=1.404..36.885 rows=56 loops=1)
                                         Filter: ((s_comment)::text ~~ '%Customer%Complaints%'::text)
                                         Rows Removed by Filter: 99944
                           ->  Hash  (cost=90978.77..90978.77 rows=299843 width=40) (actual time=794.427..794.427 rows=296733 loops=1)
                                 Buckets: 524288  Batches: 1  Memory Usage: 25593kB
                                 ->  Seq Scan on part  (cost=0.00..90978.77 rows=299843 width=40) (actual time=0.842..724.865 rows=296733 loops=1)
                                       Filter: ((p_brand <> 'Brand#12'::bpchar) AND ((p_type)::text !~~ 'SMALL BRUSHED%'::text) AND (p_size = ANY ('{12,32,36,26,40,34,49,9}'::integer[])))
                                       Rows Removed by Filter: 1703267
 Planning Time: 18.588 ms
 Execution Time: 7658.824 ms
(26 rows)

SET
SET
SET
                                                                                         QUERY PLAN                                                                                         
--------------------------------------------------------------------------------------------------------------------------------------------------------------------------------------------
 Limit  (cost=359603.74..359603.74 rows=1 width=44) (actual time=7173.150..7173.153 rows=1 loops=1)
   ->  Sort  (cost=359603.74..359989.60 rows=154344 width=44) (actual time=7173.148..7173.151 rows=1 loops=1)
         Sort Key: (count(DISTINCT partsupp.ps_suppkey)) DESC, part.p_brand, part.p_type, part.p_size
         Sort Method: top-N heapsort  Memory: 25kB
         ->  GroupAggregate  (cost=349789.23..358832.02 rows=154344 width=44) (actual time=6378.151..7168.760 rows=27838 loops=1)
               Group Key: part.p_brand, part.p_type, part.p_size
               ->  Sort  (cost=349789.23..351289.10 rows=599948 width=40) (actual time=6378.101..6946.142 rows=1186319 loops=1)
                     Sort Key: part.p_brand, part.p_type, part.p_size, partsupp.ps_suppkey
                     Sort Method: external merge  Disk: 60584kB
                     ->  Hash Join  (cost=98198.27..281662.79 rows=599948 width=40) (actual time=536.578..2667.689 rows=1186319 loops=1)
                           Hash Cond: (partsupp.ps_partkey = part.p_partkey)
                           ->  Index Only Scan using partsupp_pkey on partsupp  (cost=3471.46..176431.84 rows=4001568 width=8) (actual time=21.272..1359.251 rows=7995520 loops=1)
                                 Filter: (NOT (hashed SubPlan 1))
                                 Rows Removed by Filter: 4480
                                 Heap Fetches: 0
                                 SubPlan 1
                                   ->  Seq Scan on supplier  (cost=0.00..3471.00 rows=10 width=4) (actual time=0.091..21.232 rows=56 loops=1)
                                         Filter: ((s_comment)::text ~~ '%Customer%Complaints%'::text)
                                         Rows Removed by Filter: 99944
                           ->  Hash  (cost=90978.77..90978.77 rows=299843 width=40) (actual time=514.660..514.661 rows=296733 loops=1)
                                 Buckets: 524288  Batches: 1  Memory Usage: 25593kB
                                 ->  Seq Scan on part  (cost=0.00..90978.77 rows=299843 width=40) (actual time=0.018..453.036 rows=296733 loops=1)
                                       Filter: ((p_brand <> 'Brand#12'::bpchar) AND ((p_type)::text !~~ 'SMALL BRUSHED%'::text) AND (p_size = ANY ('{12,32,36,26,40,34,49,9}'::integer[])))
                                       Rows Removed by Filter: 1703267
 Planning Time: 0.857 ms
 Execution Time: 7181.570 ms
(26 rows)

query 17 run 1
SET
SET
SET
                                                                            QUERY PLAN                                                                            
------------------------------------------------------------------------------------------------------------------------------------------------------------------
 Limit  (cost=4887092.18..4887092.19 rows=1 width=32) (actual time=54312.922..54312.924 rows=1 loops=1)
   ->  Aggregate  (cost=4887092.18..4887092.19 rows=1 width=32) (actual time=54312.920..54312.922 rows=1 loops=1)
         ->  Nested Loop  (cost=4174339.00..4887046.96 rows=18086 width=8) (actual time=32020.989..54310.973 rows=5319 loops=1)
               Join Filter: (lineitem.l_partkey = part.p_partkey)
               ->  Hash Join  (cost=4174338.56..4791057.46 rows=1809 width=40) (actual time=32020.253..53199.532 rows=1996 loops=1)
                     Hash Cond: (lineitem_1.l_partkey = part.p_partkey)
                     ->  HashAggregate  (cost=4103333.12..4715446.57 rows=1754454 width=36) (actual time=31493.051..52532.246 rows=2000000 loops=1)
                           Group Key: lineitem_1.l_partkey
                           Planned Partitions: 16  Batches: 17  Memory Usage: 65681kB  Disk Usage: 1996856kB
                           ->  Seq Scan on lineitem lineitem_1  (cost=0.00..1724998.76 rows=59985576 width=9) (actual time=0.587..7221.692 rows=59986052 loops=1)
                     ->  Hash  (cost=70979.66..70979.66 rows=2062 width=4) (actual time=525.290..525.291 rows=1996 loops=1)
                           Buckets: 4096  Batches: 1  Memory Usage: 103kB
                           ->  Seq Scan on part  (cost=0.00..70979.66 rows=2062 width=4) (actual time=1.667..524.393 rows=1996 loops=1)
                                 Filter: ((p_brand = 'Brand#22'::bpchar) AND (p_container = 'LG BOX'::bpchar))
                                 Rows Removed by Filter: 1998004
               ->  Index Scan using idx_lineitem_part_supp on lineitem  (cost=0.44..52.92 rows=11 width=17) (actual time=0.414..0.555 rows=3 loops=1996)
                     Index Cond: (l_partkey = lineitem_1.l_partkey)
                     Filter: (l_quantity < ((0.2 * avg(lineitem_1.l_quantity))))
                     Rows Removed by Filter: 27
 Planning Time: 15.625 ms
 Execution Time: 54549.918 ms
(21 rows)

SET
SET
SET
                                                                            QUERY PLAN                                                                            
------------------------------------------------------------------------------------------------------------------------------------------------------------------
 Limit  (cost=4887092.18..4887092.19 rows=1 width=32) (actual time=50706.082..50706.085 rows=1 loops=1)
   ->  Aggregate  (cost=4887092.18..4887092.19 rows=1 width=32) (actual time=50706.081..50706.083 rows=1 loops=1)
         ->  Nested Loop  (cost=4174339.00..4887046.96 rows=18086 width=8) (actual time=29517.490..50705.258 rows=5319 loops=1)
               Join Filter: (lineitem.l_partkey = part.p_partkey)
               ->  Hash Join  (cost=4174338.56..4791057.46 rows=1809 width=40) (actual time=29517.460..50661.190 rows=1996 loops=1)
                     Hash Cond: (lineitem_1.l_partkey = part.p_partkey)
                     ->  HashAggregate  (cost=4103333.12..4715446.57 rows=1754454 width=36) (actual time=29260.269..50272.918 rows=2000000 loops=1)
                           Group Key: lineitem_1.l_partkey
                           Planned Partitions: 16  Batches: 17  Memory Usage: 65681kB  Disk Usage: 1996856kB
                           ->  Seq Scan on lineitem lineitem_1  (cost=0.00..1724998.76 rows=59985576 width=9) (actual time=0.035..5424.265 rows=59986052 loops=1)
                     ->  Hash  (cost=70979.66..70979.66 rows=2062 width=4) (actual time=255.281..255.282 rows=1996 loops=1)
                           Buckets: 4096  Batches: 1  Memory Usage: 103kB
                           ->  Seq Scan on part  (cost=0.00..70979.66 rows=2062 width=4) (actual time=0.113..254.772 rows=1996 loops=1)
                                 Filter: ((p_brand = 'Brand#22'::bpchar) AND (p_container = 'LG BOX'::bpchar))
                                 Rows Removed by Filter: 1998004
               ->  Index Scan using idx_lineitem_part_supp on lineitem  (cost=0.44..52.92 rows=11 width=17) (actual time=0.010..0.021 rows=3 loops=1996)
                     Index Cond: (l_partkey = lineitem_1.l_partkey)
                     Filter: (l_quantity < ((0.2 * avg(lineitem_1.l_quantity))))
                     Rows Removed by Filter: 27
 Planning Time: 1.263 ms
 Execution Time: 50939.424 ms
(21 rows)

query 18 run 1
SET
SET
SET
                                                                                                 QUERY PLAN                                                                                                  
-------------------------------------------------------------------------------------------------------------------------------------------------------------------------------------------------------------
 Limit  (cost=8725209.82..8725210.07 rows=100 width=71) (actual time=41066.590..41066.604 rows=99 loops=1)
   ->  Sort  (cost=8725209.82..8775186.06 rows=19990494 width=71) (actual time=41066.588..41066.596 rows=99 loops=1)
         Sort Key: orders.o_totalprice DESC, orders.o_orderdate
         Sort Method: quicksort  Memory: 31kB
         ->  HashAggregate  (cost=7359910.94..7961187.51 rows=19990494 width=71) (actual time=41065.710..41066.480 rows=99 loops=1)
               Group Key: customer.c_custkey, orders.o_orderkey
               Planned Partitions: 128  Batches: 1  Memory Usage: 6225kB
               ->  Hash Join  (cost=78899.30..6283079.25 rows=19990494 width=44) (actual time=2987.159..41065.234 rows=693 loops=1)
                     Hash Cond: (orders.o_custkey = customer.c_custkey)
                     ->  Merge Join  (cost=410.03..5870016.78 rows=19990494 width=25) (actual time=969.936..40312.069 rows=693 loops=1)
                           Merge Cond: (orders.o_orderkey = lineitem.l_orderkey)
                           ->  Merge Join  (cost=1.00..3340286.47 rows=4998798 width=24) (actual time=748.639..29591.261 rows=99 loops=1)
                                 Merge Cond: (orders.o_orderkey = lineitem_1.l_orderkey)
                                 ->  Index Scan using orders_pkey on orders  (cost=0.43..547964.21 rows=14999918 width=20) (actual time=0.557..2982.890 rows=14982724 loops=1)
                                 ->  GroupAggregate  (cost=0.56..2692337.49 rows=4998798 width=4) (actual time=643.282..25749.555 rows=99 loops=1)
                                       Group Key: lineitem_1.l_orderkey
                                       Filter: (sum(lineitem_1.l_quantity) > '313'::numeric)
                                       Rows Removed by Filter: 14999901
                                       ->  Index Scan using idx_lineitem_orderkey on lineitem lineitem_1  (cost=0.56..2167463.70 rows=59985576 width=9) (actual time=0.480..12277.919 rows=59986052 loops=1)
                           ->  Index Scan using idx_lineitem_orderkey on lineitem  (cost=0.56..2167463.70 rows=59985576 width=9) (actual time=0.014..7413.182 rows=59916431 loops=1)
                     ->  Hash  (cost=50948.01..50948.01 rows=1500101 width=23) (actual time=669.784..669.784 rows=1500000 loops=1)
                           Buckets: 1048576  Batches: 2  Memory Usage: 49242kB
                           ->  Seq Scan on customer  (cost=0.00..50948.01 rows=1500101 width=23) (actual time=0.692..402.013 rows=1500000 loops=1)
 Planning Time: 20.368 ms
 Execution Time: 41068.058 ms
(25 rows)

SET
SET
SET
                                                                                                 QUERY PLAN                                                                                                 
------------------------------------------------------------------------------------------------------------------------------------------------------------------------------------------------------------
 Limit  (cost=8725209.82..8725210.07 rows=100 width=71) (actual time=37830.293..37830.307 rows=99 loops=1)
   ->  Sort  (cost=8725209.82..8775186.06 rows=19990494 width=71) (actual time=37830.292..37830.299 rows=99 loops=1)
         Sort Key: orders.o_totalprice DESC, orders.o_orderdate
         Sort Method: quicksort  Memory: 31kB
         ->  HashAggregate  (cost=7359910.94..7961187.51 rows=19990494 width=71) (actual time=37829.433..37830.199 rows=99 loops=1)
               Group Key: customer.c_custkey, orders.o_orderkey
               Planned Partitions: 128  Batches: 1  Memory Usage: 6225kB
               ->  Hash Join  (cost=78899.30..6283079.25 rows=19990494 width=44) (actual time=2560.672..37828.981 rows=693 loops=1)
                     Hash Cond: (orders.o_custkey = customer.c_custkey)
                     ->  Merge Join  (cost=410.03..5870016.78 rows=19990494 width=25) (actual time=840.644..37207.224 rows=693 loops=1)
                           Merge Cond: (orders.o_orderkey = lineitem.l_orderkey)
                           ->  Merge Join  (cost=1.00..3340286.47 rows=4998798 width=24) (actual time=613.692..26405.623 rows=99 loops=1)
                                 Merge Cond: (orders.o_orderkey = lineitem_1.l_orderkey)
                                 ->  Index Scan using orders_pkey on orders  (cost=0.43..547964.21 rows=14999918 width=20) (actual time=0.029..2400.442 rows=14982724 loops=1)
                                 ->  GroupAggregate  (cost=0.56..2692337.49 rows=4998798 width=4) (actual time=536.081..23164.328 rows=99 loops=1)
                                       Group Key: lineitem_1.l_orderkey
                                       Filter: (sum(lineitem_1.l_quantity) > '313'::numeric)
                                       Rows Removed by Filter: 14999901
                                       ->  Index Scan using idx_lineitem_orderkey on lineitem lineitem_1  (cost=0.56..2167463.70 rows=59985576 width=9) (actual time=0.017..9953.743 rows=59986052 loops=1)
                           ->  Index Scan using idx_lineitem_orderkey on lineitem  (cost=0.56..2167463.70 rows=59985576 width=9) (actual time=0.012..7495.059 rows=59916431 loops=1)
                     ->  Hash  (cost=50948.01..50948.01 rows=1500101 width=23) (actual time=539.028..539.028 rows=1500000 loops=1)
                           Buckets: 1048576  Batches: 2  Memory Usage: 49242kB
                           ->  Seq Scan on customer  (cost=0.00..50948.01 rows=1500101 width=23) (actual time=0.031..277.275 rows=1500000 loops=1)
 Planning Time: 1.589 ms
 Execution Time: 37831.556 ms
(25 rows)

query 19 run 1
SET
SET
SET
                                                                                                                                                                                                                                                                                                                                                                                                                                                                                                            QUERY PLAN                                                                                                                                                                                                                                                                                                                                                                                                                                                                                                            
----------------------------------------------------------------------------------------------------------------------------------------------------------------------------------------------------------------------------------------------------------------------------------------------------------------------------------------------------------------------------------------------------------------------------------------------------------------------------------------------------------------------------------------------------------------------------------------------------------------------------------------------------------------------------------------------------------------------------------------------------------------------------------------------------------------------------------------------------------------------------------------------------------------------------------------------------------------------------------------------------------------------------------
 Limit  (cost=395385.75..395385.76 rows=1 width=32) (actual time=22675.444..22675.446 rows=1 loops=1)
   ->  Aggregate  (cost=395385.75..395385.76 rows=1 width=32) (actual time=22675.443..22675.444 rows=1 loops=1)
         ->  Nested Loop  (cost=0.44..395377.28 rows=1129 width=12) (actual time=61.931..22672.320 rows=1063 loops=1)
               ->  Seq Scan on part  (cost=0.00..125977.22 rows=4890 width=30) (actual time=1.623..824.560 rows=4781 loops=1)
                     Filter: ((p_size >= 1) AND (((p_brand = 'Brand#24'::bpchar) AND (p_container = ANY ('{"SM CASE","SM BOX","SM PACK","SM PKG"}'::bpchar[])) AND (p_size <= 5)) OR ((p_brand = 'Brand#43'::bpchar) AND (p_container = ANY ('{"MED BAG","MED BOX","MED PKG","MED PACK"}'::bpchar[])) AND (p_size <= 10)) OR ((p_brand = 'Brand#44'::bpchar) AND (p_container = ANY ('{"LG CASE","LG BOX","LG PACK","LG PKG"}'::bpchar[])) AND (p_size <= 15))))
                     Rows Removed by Filter: 1995219
               ->  Index Scan using idx_lineitem_part_supp on lineitem  (cost=0.44..55.08 rows=1 width=21) (actual time=4.121..4.568 rows=0 loops=4781)
                     Index Cond: (l_partkey = part.p_partkey)
                     Filter: ((l_shipmode = ANY ('{AIR,"AIR REG"}'::bpchar[])) AND (l_shipinstruct = 'DELIVER IN PERSON'::bpchar) AND (((l_quantity >= '10'::numeric) AND (l_quantity <= '20'::numeric)) OR ((l_quantity >= '10'::numeric) AND (l_quantity <= '20'::numeric)) OR ((l_quantity >= '20'::numeric) AND (l_quantity <= '30'::numeric))) AND (((part.p_brand = 'Brand#24'::bpchar) AND (part.p_container = ANY ('{"SM CASE","SM BOX","SM PACK","SM PKG"}'::bpchar[])) AND (l_quantity >= '10'::numeric) AND (l_quantity <= '20'::numeric) AND (part.p_size <= 5)) OR ((part.p_brand = 'Brand#43'::bpchar) AND (part.p_container = ANY ('{"MED BAG","MED BOX","MED PKG","MED PACK"}'::bpchar[])) AND (l_quantity >= '10'::numeric) AND (l_quantity <= '20'::numeric) AND (part.p_size <= 10)) OR ((part.p_brand = 'Brand#44'::bpchar) AND (part.p_container = ANY ('{"LG CASE","LG BOX","LG PACK","LG PKG"}'::bpchar[])) AND (l_quantity >= '20'::numeric) AND (l_quantity <= '30'::numeric) AND (part.p_size <= 15))))
                     Rows Removed by Filter: 30
 Planning Time: 17.398 ms
 Execution Time: 22675.873 ms
(12 rows)

SET
SET
SET
                                                                                                                                                                                                                                                                                                                                                                                                                                                                                                            QUERY PLAN                                                                                                                                                                                                                                                                                                                                                                                                                                                                                                            
----------------------------------------------------------------------------------------------------------------------------------------------------------------------------------------------------------------------------------------------------------------------------------------------------------------------------------------------------------------------------------------------------------------------------------------------------------------------------------------------------------------------------------------------------------------------------------------------------------------------------------------------------------------------------------------------------------------------------------------------------------------------------------------------------------------------------------------------------------------------------------------------------------------------------------------------------------------------------------------------------------------------------------
 Limit  (cost=395385.75..395385.76 rows=1 width=32) (actual time=631.936..631.937 rows=1 loops=1)
   ->  Aggregate  (cost=395385.75..395385.76 rows=1 width=32) (actual time=631.935..631.935 rows=1 loops=1)
         ->  Nested Loop  (cost=0.44..395377.28 rows=1129 width=12) (actual time=1.559..631.177 rows=1063 loops=1)
               ->  Seq Scan on part  (cost=0.00..125977.22 rows=4890 width=30) (actual time=0.228..474.660 rows=4781 loops=1)
                     Filter: ((p_size >= 1) AND (((p_brand = 'Brand#24'::bpchar) AND (p_container = ANY ('{"SM CASE","SM BOX","SM PACK","SM PKG"}'::bpchar[])) AND (p_size <= 5)) OR ((p_brand = 'Brand#43'::bpchar) AND (p_container = ANY ('{"MED BAG","MED BOX","MED PKG","MED PACK"}'::bpchar[])) AND (p_size <= 10)) OR ((p_brand = 'Brand#44'::bpchar) AND (p_container = ANY ('{"LG CASE","LG BOX","LG PACK","LG PKG"}'::bpchar[])) AND (p_size <= 15))))
                     Rows Removed by Filter: 1995219
               ->  Index Scan using idx_lineitem_part_supp on lineitem  (cost=0.44..55.08 rows=1 width=21) (actual time=0.029..0.032 rows=0 loops=4781)
                     Index Cond: (l_partkey = part.p_partkey)
                     Filter: ((l_shipmode = ANY ('{AIR,"AIR REG"}'::bpchar[])) AND (l_shipinstruct = 'DELIVER IN PERSON'::bpchar) AND (((l_quantity >= '10'::numeric) AND (l_quantity <= '20'::numeric)) OR ((l_quantity >= '10'::numeric) AND (l_quantity <= '20'::numeric)) OR ((l_quantity >= '20'::numeric) AND (l_quantity <= '30'::numeric))) AND (((part.p_brand = 'Brand#24'::bpchar) AND (part.p_container = ANY ('{"SM CASE","SM BOX","SM PACK","SM PKG"}'::bpchar[])) AND (l_quantity >= '10'::numeric) AND (l_quantity <= '20'::numeric) AND (part.p_size <= 5)) OR ((part.p_brand = 'Brand#43'::bpchar) AND (part.p_container = ANY ('{"MED BAG","MED BOX","MED PKG","MED PACK"}'::bpchar[])) AND (l_quantity >= '10'::numeric) AND (l_quantity <= '20'::numeric) AND (part.p_size <= 10)) OR ((part.p_brand = 'Brand#44'::bpchar) AND (part.p_container = ANY ('{"LG CASE","LG BOX","LG PACK","LG PKG"}'::bpchar[])) AND (l_quantity >= '20'::numeric) AND (l_quantity <= '30'::numeric) AND (part.p_size <= 15))))
                     Rows Removed by Filter: 30
 Planning Time: 1.092 ms
 Execution Time: 631.988 ms
(12 rows)

query 20 run 1
SET
SET
SET
                                                                                       QUERY PLAN                                                                                        
-----------------------------------------------------------------------------------------------------------------------------------------------------------------------------------------
 Limit  (cost=2728544.36..2728544.37 rows=1 width=51) (actual time=53268.589..53268.593 rows=1 loops=1)
   ->  Sort  (cost=2728544.36..2728544.37 rows=1 width=51) (actual time=53268.587..53268.591 rows=1 loops=1)
         Sort Key: supplier.s_name
         Sort Method: top-N heapsort  Memory: 25kB
         ->  Nested Loop Semi Join  (cost=2524822.16..2728544.35 rows=1 width=51) (actual time=31597.178..53266.749 rows=1821 loops=1)
               Join Filter: (supplier.s_suppkey = lineitem.l_suppkey)
               Rows Removed by Join Filter: 183418673
               ->  Nested Loop  (cost=0.00..4472.31 rows=4000 width=55) (actual time=0.775..23.781 rows=4095 loops=1)
                     Join Filter: (supplier.s_nationkey = nation.n_nationkey)
                     Rows Removed by Join Filter: 95905
                     ->  Seq Scan on nation  (cost=0.00..1.31 rows=1 width=4) (actual time=0.236..0.240 rows=1 loops=1)
                           Filter: (n_name = 'IRAQ'::bpchar)
                           Rows Removed by Filter: 24
                     ->  Seq Scan on supplier  (cost=0.00..3221.00 rows=100000 width=59) (actual time=0.531..16.219 rows=100000 loops=1)
               ->  Materialize  (cost=2524822.16..2723892.05 rows=3 width=8) (actual time=7.334..10.641 rows=44791 loops=4095)
                     ->  Hash Join  (cost=2524822.16..2723892.03 rows=3 width=8) (actual time=30031.949..37062.365 rows=59002 loops=1)
                           Hash Cond: ((lineitem.l_partkey = partsupp.ps_partkey) AND (lineitem.l_suppkey = partsupp.ps_suppkey))
                           Join Filter: ((partsupp.ps_availqty)::numeric > ((0.5 * sum(lineitem.l_quantity))))
                           Rows Removed by Join Filter: 123
                           ->  HashAggregate  (cost=2381863.26..2544479.28 rows=4860496 width=40) (actual time=25097.311..31311.479 rows=5448842 loops=1)
                                 Group Key: lineitem.l_partkey, lineitem.l_suppkey
                                 Planned Partitions: 32  Batches: 161  Memory Usage: 65809kB  Disk Usage: 358152kB
                                 ->  Bitmap Heap Scan on lineitem  (cost=147288.68..1994681.05 rows=9186158 width=13) (actual time=1243.183..19693.161 rows=9123688 loops=1)
                                       Recheck Cond: ((l_shipdate >= '1996-01-01'::date) AND (l_shipdate < '1997-01-01'::date))
                                       Rows Removed by Index Recheck: 23164080
                                       Heap Blocks: exact=518099 lossy=530696
                                       ->  Bitmap Index Scan on idx_lineitem_shipdate  (cost=0.00..144992.15 rows=9186158 width=0) (actual time=1118.433..1118.434 rows=9123688 loops=1)
                                             Index Cond: ((l_shipdate >= '1996-01-01'::date) AND (l_shipdate < '1997-01-01'::date))
                           ->  Hash  (cost=141746.31..141746.31 rows=80839 width=16) (actual time=4934.474..4934.475 rows=86872 loops=1)
                                 Buckets: 131072  Batches: 1  Memory Usage: 5097kB
                                 ->  Nested Loop  (cost=0.43..141746.31 rows=80839 width=16) (actual time=1.677..4888.859 rows=86872 loops=1)
                                       ->  Seq Scan on part  (cost=0.00..65979.89 rows=20201 width=4) (actual time=0.731..731.982 rows=21718 loops=1)
                                             Filter: ((p_name)::text ~~ 'olive%'::text)
                                             Rows Removed by Filter: 1978282
                                       ->  Index Scan using idx_partsupp_partkey on partsupp  (cost=0.43..3.57 rows=18 width=12) (actual time=0.175..0.189 rows=4 loops=21718)
                                             Index Cond: (ps_partkey = part.p_partkey)
 Planning Time: 23.170 ms
 Execution Time: 53310.788 ms
(38 rows)

SET
SET
SET
                                                                                      QUERY PLAN                                                                                       
---------------------------------------------------------------------------------------------------------------------------------------------------------------------------------------
 Limit  (cost=2728544.36..2728544.37 rows=1 width=51) (actual time=36952.045..36952.049 rows=1 loops=1)
   ->  Sort  (cost=2728544.36..2728544.37 rows=1 width=51) (actual time=36952.043..36952.047 rows=1 loops=1)
         Sort Key: supplier.s_name
         Sort Method: top-N heapsort  Memory: 25kB
         ->  Nested Loop Semi Join  (cost=2524822.16..2728544.35 rows=1 width=51) (actual time=15214.521..36950.158 rows=1821 loops=1)
               Join Filter: (supplier.s_suppkey = lineitem.l_suppkey)
               Rows Removed by Join Filter: 183418673
               ->  Nested Loop  (cost=0.00..4472.31 rows=4000 width=55) (actual time=0.032..20.156 rows=4095 loops=1)
                     Join Filter: (supplier.s_nationkey = nation.n_nationkey)
                     Rows Removed by Join Filter: 95905
                     ->  Seq Scan on nation  (cost=0.00..1.31 rows=1 width=4) (actual time=0.024..0.027 rows=1 loops=1)
                           Filter: (n_name = 'IRAQ'::bpchar)
                           Rows Removed by Filter: 24
                     ->  Seq Scan on supplier  (cost=0.00..3221.00 rows=100000 width=59) (actual time=0.004..12.756 rows=100000 loops=1)
               ->  Materialize  (cost=2524822.16..2723892.05 rows=3 width=8) (actual time=3.333..6.647 rows=44791 loops=4095)
                     ->  Hash Join  (cost=2524822.16..2723892.03 rows=3 width=8) (actual time=13647.300..20684.140 rows=59002 loops=1)
                           Hash Cond: ((lineitem.l_partkey = partsupp.ps_partkey) AND (lineitem.l_suppkey = partsupp.ps_suppkey))
                           Join Filter: ((partsupp.ps_availqty)::numeric > ((0.5 * sum(lineitem.l_quantity))))
                           Rows Removed by Join Filter: 123
                           ->  HashAggregate  (cost=2381863.26..2544479.28 rows=4860496 width=40) (actual time=13089.776..19314.653 rows=5448842 loops=1)
                                 Group Key: lineitem.l_partkey, lineitem.l_suppkey
                                 Planned Partitions: 32  Batches: 161  Memory Usage: 65809kB  Disk Usage: 358152kB
                                 ->  Bitmap Heap Scan on lineitem  (cost=147288.68..1994681.05 rows=9186158 width=13) (actual time=1099.566..9012.604 rows=9123688 loops=1)
                                       Recheck Cond: ((l_shipdate >= '1996-01-01'::date) AND (l_shipdate < '1997-01-01'::date))
                                       Rows Removed by Index Recheck: 23164080
                                       Heap Blocks: exact=518099 lossy=530696
                                       ->  Bitmap Index Scan on idx_lineitem_shipdate  (cost=0.00..144992.15 rows=9186158 width=0) (actual time=975.094..975.094 rows=9123688 loops=1)
                                             Index Cond: ((l_shipdate >= '1996-01-01'::date) AND (l_shipdate < '1997-01-01'::date))
                           ->  Hash  (cost=141746.31..141746.31 rows=80839 width=16) (actual time=557.385..557.386 rows=86872 loops=1)
                                 Buckets: 131072  Batches: 1  Memory Usage: 5097kB
                                 ->  Nested Loop  (cost=0.43..141746.31 rows=80839 width=16) (actual time=0.055..536.737 rows=86872 loops=1)
                                       ->  Seq Scan on part  (cost=0.00..65979.89 rows=20201 width=4) (actual time=0.040..334.406 rows=21718 loops=1)
                                             Filter: ((p_name)::text ~~ 'olive%'::text)
                                             Rows Removed by Filter: 1978282
                                       ->  Index Scan using idx_partsupp_partkey on partsupp  (cost=0.43..3.57 rows=18 width=12) (actual time=0.008..0.009 rows=4 loops=21718)
                                             Index Cond: (ps_partkey = part.p_partkey)
 Planning Time: 2.429 ms
 Execution Time: 36996.655 ms
(38 rows)

query 21 run 1
SET
SET
SET
                                                                                               QUERY PLAN                                                                                                
---------------------------------------------------------------------------------------------------------------------------------------------------------------------------------------------------------
 Limit  (cost=3771453.43..3771453.44 rows=1 width=34) (actual time=25157.397..25157.412 rows=100 loops=1)
   ->  Sort  (cost=3771453.43..3771453.44 rows=1 width=34) (actual time=25157.396..25157.405 rows=100 loops=1)
         Sort Key: (count(*)) DESC, supplier.s_name
         Sort Method: top-N heapsort  Memory: 37kB
         ->  GroupAggregate  (cost=3771453.40..3771453.42 rows=1 width=34) (actual time=25150.255..25156.017 rows=3991 loops=1)
               Group Key: supplier.s_name
               ->  Sort  (cost=3771453.40..3771453.41 rows=1 width=26) (actual time=25150.244..25151.814 rows=39281 loops=1)
                     Sort Key: supplier.s_name
                     Sort Method: quicksort  Memory: 3071kB
                     ->  Nested Loop Semi Join  (cost=1976501.94..3771453.39 rows=1 width=26) (actual time=15305.320..24990.316 rows=39281 loops=1)
                           Join Filter: (l2.l_suppkey <> l1.l_suppkey)
                           Rows Removed by Join Filter: 42025
                           ->  Nested Loop Anti Join  (cost=1976501.37..3771449.75 rows=1 width=38) (actual time=15305.311..24846.477 rows=65960 loops=1)
                                 ->  Hash Join  (cost=1976500.81..2519936.86 rows=389773 width=38) (actual time=15305.238..20022.005 rows=730985 loops=1)
                                       Hash Cond: (orders.o_orderkey = l1.l_orderkey)
                                       ->  Seq Scan on orders  (cost=0.00..448766.97 rows=7309960 width=4) (actual time=0.504..2554.264 rows=7309184 loops=1)
                                             Filter: (o_orderstatus = 'F'::bpchar)
                                             Rows Removed by Filter: 7690816
                                       ->  Hash  (cost=1960254.21..1960254.21 rows=799808 width=34) (actual time=15303.319..15303.322 rows=1514267 loops=1)
                                             Buckets: 1048576  Batches: 2  Memory Usage: 58450kB
                                             ->  Hash Join  (cost=2311.46..1960254.21 rows=799808 width=34) (actual time=39.923..14893.263 rows=1514267 loops=1)
                                                   Hash Cond: (l1.l_suppkey = supplier.s_suppkey)
                                                   ->  Seq Scan on lineitem l1  (cost=0.00..1874962.70 rows=19995192 width=8) (actual time=0.516..11476.123 rows=37929348 loops=1)
                                                         Filter: (l_receiptdate > l_commitdate)
                                                         Rows Removed by Filter: 22056704
                                                   ->  Hash  (cost=2261.46..2261.46 rows=4000 width=30) (actual time=39.333..39.334 rows=3991 loops=1)
                                                         Buckets: 4096  Batches: 1  Memory Usage: 282kB
                                                         ->  Nested Loop  (cost=37.29..2261.46 rows=4000 width=30) (actual time=1.695..38.165 rows=3991 loops=1)
                                                               ->  Seq Scan on nation  (cost=0.00..1.31 rows=1 width=4) (actual time=0.153..0.157 rows=1 loops=1)
                                                                     Filter: (n_name = 'PERU'::bpchar)
                                                                     Rows Removed by Filter: 24
                                                               ->  Bitmap Heap Scan on supplier  (cost=37.29..2220.15 rows=4000 width=34) (actual time=1.535..37.327 rows=3991 loops=1)
                                                                     Recheck Cond: (s_nationkey = nation.n_nationkey)
                                                                     Heap Blocks: exact=1865
                                                                     ->  Bitmap Index Scan on idx_supplier_nation_key  (cost=0.00..36.29 rows=4000 width=0) (actual time=0.775..0.775 rows=3991 loops=1)
                                                                           Index Cond: (s_nationkey = nation.n_nationkey)
                                 ->  Index Scan using idx_lineitem_orderkey on lineitem l3  (cost=0.56..3.64 rows=1 width=8) (actual time=0.006..0.006 rows=1 loops=730985)
                                       Index Cond: (l_orderkey = l1.l_orderkey)
                                       Filter: ((l_receiptdate > l_commitdate) AND (l_suppkey <> l1.l_suppkey))
                                       Rows Removed by Filter: 1
                           ->  Index Scan using idx_lineitem_orderkey on lineitem l2  (cost=0.56..3.62 rows=4 width=8) (actual time=0.002..0.002 rows=1 loops=65960)
                                 Index Cond: (l_orderkey = orders.o_orderkey)
 Planning Time: 19.968 ms
 Execution Time: 25158.311 ms
(44 rows)

SET
SET
SET
                                                                                               QUERY PLAN                                                                                                
---------------------------------------------------------------------------------------------------------------------------------------------------------------------------------------------------------
 Limit  (cost=3771453.43..3771453.44 rows=1 width=34) (actual time=21108.498..21108.513 rows=100 loops=1)
   ->  Sort  (cost=3771453.43..3771453.44 rows=1 width=34) (actual time=21108.497..21108.505 rows=100 loops=1)
         Sort Key: (count(*)) DESC, supplier.s_name
         Sort Method: top-N heapsort  Memory: 37kB
         ->  GroupAggregate  (cost=3771453.40..3771453.42 rows=1 width=34) (actual time=21101.270..21107.109 rows=3991 loops=1)
               Group Key: supplier.s_name
               ->  Sort  (cost=3771453.40..3771453.41 rows=1 width=26) (actual time=21101.258..21102.867 rows=39281 loops=1)
                     Sort Key: supplier.s_name
                     Sort Method: quicksort  Memory: 3071kB
                     ->  Nested Loop Semi Join  (cost=1976501.94..3771453.39 rows=1 width=26) (actual time=12983.687..20941.691 rows=39281 loops=1)
                           Join Filter: (l2.l_suppkey <> l1.l_suppkey)
                           Rows Removed by Join Filter: 42025
                           ->  Nested Loop Anti Join  (cost=1976501.37..3771449.75 rows=1 width=38) (actual time=12983.679..20804.991 rows=65960 loops=1)
                                 ->  Hash Join  (cost=1976500.81..2519936.86 rows=389773 width=38) (actual time=12983.618..17165.325 rows=730985 loops=1)
                                       Hash Cond: (orders.o_orderkey = l1.l_orderkey)
                                       ->  Seq Scan on orders  (cost=0.00..448766.97 rows=7309960 width=4) (actual time=0.023..2087.408 rows=7309184 loops=1)
                                             Filter: (o_orderstatus = 'F'::bpchar)
                                             Rows Removed by Filter: 7690816
                                       ->  Hash  (cost=1960254.21..1960254.21 rows=799808 width=34) (actual time=12982.222..12982.224 rows=1514267 loops=1)
                                             Buckets: 1048576  Batches: 2  Memory Usage: 58450kB
                                             ->  Hash Join  (cost=2311.46..1960254.21 rows=799808 width=34) (actual time=13.842..12615.642 rows=1514267 loops=1)
                                                   Hash Cond: (l1.l_suppkey = supplier.s_suppkey)
                                                   ->  Seq Scan on lineitem l1  (cost=0.00..1874962.70 rows=19995192 width=8) (actual time=0.033..9600.778 rows=37929348 loops=1)
                                                         Filter: (l_receiptdate > l_commitdate)
                                                         Rows Removed by Filter: 22056704
                                                   ->  Hash  (cost=2261.46..2261.46 rows=4000 width=30) (actual time=13.773..13.774 rows=3991 loops=1)
                                                         Buckets: 4096  Batches: 1  Memory Usage: 282kB
                                                         ->  Nested Loop  (cost=37.29..2261.46 rows=4000 width=30) (actual time=0.544..12.938 rows=3991 loops=1)
                                                               ->  Seq Scan on nation  (cost=0.00..1.31 rows=1 width=4) (actual time=0.012..0.016 rows=1 loops=1)
                                                                     Filter: (n_name = 'PERU'::bpchar)
                                                                     Rows Removed by Filter: 24
                                                               ->  Bitmap Heap Scan on supplier  (cost=37.29..2220.15 rows=4000 width=34) (actual time=0.527..12.363 rows=3991 loops=1)
                                                                     Recheck Cond: (s_nationkey = nation.n_nationkey)
                                                                     Heap Blocks: exact=1865
                                                                     ->  Bitmap Index Scan on idx_supplier_nation_key  (cost=0.00..36.29 rows=4000 width=0) (actual time=0.303..0.303 rows=3991 loops=1)
                                                                           Index Cond: (s_nationkey = nation.n_nationkey)
                                 ->  Index Scan using idx_lineitem_orderkey on lineitem l3  (cost=0.56..3.64 rows=1 width=8) (actual time=0.005..0.005 rows=1 loops=730985)
                                       Index Cond: (l_orderkey = l1.l_orderkey)
                                       Filter: ((l_receiptdate > l_commitdate) AND (l_suppkey <> l1.l_suppkey))
                                       Rows Removed by Filter: 1
                           ->  Index Scan using idx_lineitem_orderkey on lineitem l2  (cost=0.56..3.62 rows=4 width=8) (actual time=0.002..0.002 rows=1 loops=65960)
                                 Index Cond: (l_orderkey = orders.o_orderkey)
 Planning Time: 2.615 ms
 Execution Time: 21108.739 ms
(44 rows)

query 22 run 1
SET
SET
SET
                                                                          QUERY PLAN                                                                          
--------------------------------------------------------------------------------------------------------------------------------------------------------------
 Limit  (cost=161813.22..161813.25 rows=1 width=72) (actual time=2007.881..2007.882 rows=1 loops=1)
   InitPlan 1 (returns $0)
     ->  Aggregate  (cost=75444.14..75444.15 rows=1 width=32) (actual time=1013.926..1013.927 rows=1 loops=1)
           ->  Seq Scan on customer customer_1  (cost=0.00..75324.65 rows=47794 width=6) (actual time=0.017..972.451 rows=382426 loops=1)
                 Filter: ((c_acctbal > 0.00) AND (SUBSTRING(c_phone FROM 1 FOR 2) = ANY ('{21,29,26,34,14,15,17}'::text[])))
                 Rows Removed by Filter: 1117574
   ->  GroupAggregate  (cost=86369.07..86562.39 rows=7030 width=72) (actual time=2007.879..2007.879 rows=1 loops=1)
         Group Key: (SUBSTRING(customer.c_phone FROM 1 FOR 2))
         ->  Sort  (cost=86369.07..86386.64 rows=7030 width=38) (actual time=2006.085..2006.426 rows=9006 loops=1)
               Sort Key: (SUBSTRING(customer.c_phone FROM 1 FOR 2))
               Sort Method: quicksort  Memory: 4012kB
               ->  Nested Loop Anti Join  (cost=0.43..85919.88 rows=7030 width=38) (actual time=1014.463..1985.182 rows=63509 loops=1)
                     ->  Seq Scan on customer  (cost=0.00..75324.65 rows=17501 width=26) (actual time=1014.445..1560.053 rows=191129 loops=1)
                           Filter: ((c_acctbal > $0) AND (SUBSTRING(c_phone FROM 1 FOR 2) = ANY ('{21,29,26,34,14,15,17}'::text[])))
                           Rows Removed by Filter: 1308871
                     ->  Index Only Scan using idx_orders_custkey on orders  (cost=0.43..2.16 rows=17 width=4) (actual time=0.002..0.002 rows=1 loops=191129)
                           Index Cond: (o_custkey = customer.c_custkey)
                           Heap Fetches: 0
 Planning Time: 15.411 ms
 Execution Time: 2008.761 ms
(20 rows)

SET
SET
SET
                                                                          QUERY PLAN                                                                          
--------------------------------------------------------------------------------------------------------------------------------------------------------------
 Limit  (cost=161813.22..161813.25 rows=1 width=72) (actual time=1596.952..1596.954 rows=1 loops=1)
   InitPlan 1 (returns $0)
     ->  Aggregate  (cost=75444.14..75444.15 rows=1 width=32) (actual time=759.753..759.754 rows=1 loops=1)
           ->  Seq Scan on customer customer_1  (cost=0.00..75324.65 rows=47794 width=6) (actual time=0.007..721.008 rows=382426 loops=1)
                 Filter: ((c_acctbal > 0.00) AND (SUBSTRING(c_phone FROM 1 FOR 2) = ANY ('{21,29,26,34,14,15,17}'::text[])))
                 Rows Removed by Filter: 1117574
   ->  GroupAggregate  (cost=86369.07..86562.39 rows=7030 width=72) (actual time=1596.951..1596.952 rows=1 loops=1)
         Group Key: (SUBSTRING(customer.c_phone FROM 1 FOR 2))
         ->  Sort  (cost=86369.07..86386.64 rows=7030 width=38) (actual time=1595.148..1595.490 rows=9006 loops=1)
               Sort Key: (SUBSTRING(customer.c_phone FROM 1 FOR 2))
               Sort Method: quicksort  Memory: 4012kB
               ->  Nested Loop Anti Join  (cost=0.43..85919.88 rows=7030 width=38) (actual time=759.793..1576.022 rows=63509 loops=1)
                     ->  Seq Scan on customer  (cost=0.00..75324.65 rows=17501 width=26) (actual time=759.777..1276.758 rows=191129 loops=1)
                           Filter: ((c_acctbal > $0) AND (SUBSTRING(c_phone FROM 1 FOR 2) = ANY ('{21,29,26,34,14,15,17}'::text[])))
                           Rows Removed by Filter: 1308871
                     ->  Index Only Scan using idx_orders_custkey on orders  (cost=0.43..2.16 rows=17 width=4) (actual time=0.001..0.001 rows=1 loops=191129)
                           Index Cond: (o_custkey = customer.c_custkey)
                           Heap Fetches: 0
 Planning Time: 1.048 ms
 Execution Time: 1597.015 ms
(20 rows)

