query 1 run 1
SET
SET
SET
                                                                 QUERY PLAN                                                                  
---------------------------------------------------------------------------------------------------------------------------------------------
 Limit  (cost=3948944.88..3948944.89 rows=1 width=236) (actual time=63889.522..63889.523 rows=1 loops=1)
   ->  Sort  (cost=3948944.88..3948944.90 rows=6 width=236) (actual time=63889.520..63889.521 rows=1 loops=1)
         Sort Key: l_returnflag, l_linestatus
         Sort Method: top-N heapsort  Memory: 25kB
         ->  HashAggregate  (cost=3948944.69..3948944.85 rows=6 width=236) (actual time=63889.473..63889.479 rows=4 loops=1)
               Group Key: l_returnflag, l_linestatus
               Batches: 1  Memory Usage: 24kB
               ->  Seq Scan on lineitem  (cost=0.00..1875029.70 rows=59254714 width=25) (actual time=0.476..11137.359 rows=59284448 loops=1)
                     Filter: (l_shipdate <= '1998-09-10 00:00:00'::timestamp without time zone)
                     Rows Removed by Filter: 701604
 Planning Time: 16.736 ms
 Execution Time: 63890.563 ms
(12 rows)

SET
SET
SET
                                                                 QUERY PLAN                                                                 
--------------------------------------------------------------------------------------------------------------------------------------------
 Limit  (cost=3948944.88..3948944.89 rows=1 width=236) (actual time=61792.299..61792.300 rows=1 loops=1)
   ->  Sort  (cost=3948944.88..3948944.90 rows=6 width=236) (actual time=61792.297..61792.298 rows=1 loops=1)
         Sort Key: l_returnflag, l_linestatus
         Sort Method: top-N heapsort  Memory: 25kB
         ->  HashAggregate  (cost=3948944.69..3948944.85 rows=6 width=236) (actual time=61792.266..61792.273 rows=4 loops=1)
               Group Key: l_returnflag, l_linestatus
               Batches: 1  Memory Usage: 24kB
               ->  Seq Scan on lineitem  (cost=0.00..1875029.70 rows=59254714 width=25) (actual time=0.027..9340.394 rows=59284448 loops=1)
                     Filter: (l_shipdate <= '1998-09-10 00:00:00'::timestamp without time zone)
                     Rows Removed by Filter: 701604
 Planning Time: 0.878 ms
 Execution Time: 61792.355 ms
(12 rows)

query 2 run 1
SET
SET
SET
                                                                                        QUERY PLAN                                                                                         
-------------------------------------------------------------------------------------------------------------------------------------------------------------------------------------------
 Limit  (cost=1153277.73..1153277.74 rows=1 width=192) (actual time=4728.298..4728.314 rows=100 loops=1)
   ->  Sort  (cost=1153277.73..1153277.74 rows=1 width=192) (actual time=4728.297..4728.307 rows=100 loops=1)
         Sort Key: supplier.s_acctbal DESC, nation.n_name, supplier.s_name, part.p_partkey
         Sort Method: top-N heapsort  Memory: 70kB
         ->  Merge Join  (cost=557943.17..1153277.72 rows=1 width=192) (actual time=2880.131..4725.133 rows=4737 loops=1)
               Merge Cond: (part.p_partkey = partsupp.ps_partkey)
               Join Filter: (partsupp.ps_supplycost = (SubPlan 1))
               Rows Removed by Join Filter: 1661
               ->  Index Scan using part_pkey on part  (cost=0.43..89212.21 rows=8871 width=30) (actual time=0.525..797.461 rows=8046 loops=1)
                     Filter: (((p_type)::text ~~ '%NICKEL'::text) AND (p_size = 16))
                     Rows Removed by Filter: 1991954
               ->  Materialize  (cost=557942.74..565943.99 rows=1600249 width=172) (actual time=2878.631..3351.476 rows=1603828 loops=1)
                     Storage: Memory  Maximum Storage: 18kB
                     ->  Sort  (cost=557942.74..561943.37 rows=1600249 width=172) (actual time=2878.626..3174.636 rows=1603828 loops=1)
                           Sort Key: partsupp.ps_partkey
                           Sort Method: external merge  Disk: 293496kB
                           ->  Hash Join  (cost=4048.51..305132.91 rows=1600249 width=172) (actual time=38.962..2267.609 rows=1604080 loops=1)
                                 Hash Cond: (partsupp.ps_suppkey = supplier.s_suppkey)
                                 ->  Seq Scan on partsupp  (cost=0.00..255234.44 rows=8001244 width=14) (actual time=0.564..942.877 rows=8000000 loops=1)
                                 ->  Hash  (cost=3798.51..3798.51 rows=20000 width=166) (actual time=38.372..38.374 rows=20051 loops=1)
                                       Buckets: 32768  Batches: 1  Memory Usage: 4211kB
                                       ->  Hash Join  (cost=2.51..3798.51 rows=20000 width=166) (actual time=0.911..33.079 rows=20051 loops=1)
                                             Hash Cond: (supplier.s_nationkey = nation.n_nationkey)
                                             ->  Seq Scan on supplier  (cost=0.00..3221.00 rows=100000 width=144) (actual time=0.488..21.691 rows=100000 loops=1)
                                             ->  Hash  (cost=2.45..2.45 rows=5 width=30) (actual time=0.417..0.418 rows=5 loops=1)
                                                   Buckets: 1024  Batches: 1  Memory Usage: 9kB
                                                   ->  Hash Join  (cost=1.07..2.45 rows=5 width=30) (actual time=0.405..0.415 rows=5 loops=1)
                                                         Hash Cond: (nation.n_regionkey = region.r_regionkey)
                                                         ->  Seq Scan on nation  (cost=0.00..1.25 rows=25 width=34) (actual time=0.200..0.203 rows=25 loops=1)
                                                         ->  Hash  (cost=1.06..1.06 rows=1 width=4) (actual time=0.197..0.198 rows=1 loops=1)
                                                               Buckets: 1024  Batches: 1  Memory Usage: 9kB
                                                               ->  Seq Scan on region  (cost=0.00..1.06 rows=1 width=4) (actual time=0.192..0.194 rows=1 loops=1)
                                                                     Filter: (r_name = 'AMERICA'::bpchar)
                                                                     Rows Removed by Filter: 4
               SubPlan 1
                 ->  Aggregate  (cost=69.59..69.60 rows=1 width=32) (actual time=0.061..0.061 rows=1 loops=6398)
                       ->  Nested Loop  (cost=2.29..69.58 rows=4 width=6) (actual time=0.050..0.059 rows=2 loops=6398)
                             Join Filter: (nation_1.n_regionkey = region_1.r_regionkey)
                             Rows Removed by Join Filter: 2
                             ->  Seq Scan on region region_1  (cost=0.00..1.06 rows=1 width=4) (actual time=0.001..0.002 rows=1 loops=6398)
                                   Filter: (r_name = 'AMERICA'::bpchar)
                                   Rows Removed by Filter: 4
                             ->  Hash Join  (cost=2.29..68.28 rows=19 width=10) (actual time=0.045..0.057 rows=4 loops=6398)
                                   Hash Cond: (supplier_1.s_nationkey = nation_1.n_nationkey)
                                   ->  Nested Loop  (cost=0.72..66.66 rows=19 width=10) (actual time=0.044..0.055 rows=4 loops=6398)
                                         ->  Index Scan using idx_partsupp_partkey on partsupp partsupp_1  (cost=0.43..3.77 rows=19 width=10) (actual time=0.039..0.040 rows=4 loops=6398)
                                               Index Cond: (ps_partkey = part.p_partkey)
                                         ->  Index Scan using supplier_pkey on supplier supplier_1  (cost=0.29..3.31 rows=1 width=8) (actual time=0.003..0.003 rows=1 loops=25592)
                                               Index Cond: (s_suppkey = partsupp_1.ps_suppkey)
                                   ->  Hash  (cost=1.25..1.25 rows=25 width=8) (actual time=0.011..0.012 rows=25 loops=1)
                                         Buckets: 1024  Batches: 1  Memory Usage: 9kB
                                         ->  Seq Scan on nation nation_1  (cost=0.00..1.25 rows=25 width=8) (actual time=0.004..0.006 rows=25 loops=1)
 Planning Time: 25.085 ms
 Execution Time: 4766.315 ms
(54 rows)

SET
SET
SET
                                                                                        QUERY PLAN                                                                                         
-------------------------------------------------------------------------------------------------------------------------------------------------------------------------------------------
 Limit  (cost=1153277.73..1153277.74 rows=1 width=192) (actual time=3711.576..3711.593 rows=100 loops=1)
   ->  Sort  (cost=1153277.73..1153277.74 rows=1 width=192) (actual time=3711.575..3711.585 rows=100 loops=1)
         Sort Key: supplier.s_acctbal DESC, nation.n_name, supplier.s_name, part.p_partkey
         Sort Method: top-N heapsort  Memory: 70kB
         ->  Merge Join  (cost=557943.17..1153277.72 rows=1 width=192) (actual time=2463.955..3709.100 rows=4737 loops=1)
               Merge Cond: (part.p_partkey = partsupp.ps_partkey)
               Join Filter: (partsupp.ps_supplycost = (SubPlan 1))
               Rows Removed by Join Filter: 1661
               ->  Index Scan using part_pkey on part  (cost=0.43..89212.21 rows=8871 width=30) (actual time=0.023..493.522 rows=8046 loops=1)
                     Filter: (((p_type)::text ~~ '%NICKEL'::text) AND (p_size = 16))
                     Rows Removed by Filter: 1991954
               ->  Materialize  (cost=557942.74..565943.99 rows=1600249 width=172) (actual time=2463.825..2923.030 rows=1603828 loops=1)
                     Storage: Memory  Maximum Storage: 18kB
                     ->  Sort  (cost=557942.74..561943.37 rows=1600249 width=172) (actual time=2463.821..2746.222 rows=1603828 loops=1)
                           Sort Key: partsupp.ps_partkey
                           Sort Method: external merge  Disk: 293496kB
                           ->  Hash Join  (cost=4048.51..305132.91 rows=1600249 width=172) (actual time=24.988..1857.710 rows=1604080 loops=1)
                                 Hash Cond: (partsupp.ps_suppkey = supplier.s_suppkey)
                                 ->  Seq Scan on partsupp  (cost=0.00..255234.44 rows=8001244 width=14) (actual time=0.043..649.720 rows=8000000 loops=1)
                                 ->  Hash  (cost=3798.51..3798.51 rows=20000 width=166) (actual time=24.931..24.934 rows=20051 loops=1)
                                       Buckets: 32768  Batches: 1  Memory Usage: 4211kB
                                       ->  Hash Join  (cost=2.51..3798.51 rows=20000 width=166) (actual time=0.031..19.851 rows=20051 loops=1)
                                             Hash Cond: (supplier.s_nationkey = nation.n_nationkey)
                                             ->  Seq Scan on supplier  (cost=0.00..3221.00 rows=100000 width=144) (actual time=0.008..6.537 rows=100000 loops=1)
                                             ->  Hash  (cost=2.45..2.45 rows=5 width=30) (actual time=0.020..0.022 rows=5 loops=1)
                                                   Buckets: 1024  Batches: 1  Memory Usage: 9kB
                                                   ->  Hash Join  (cost=1.07..2.45 rows=5 width=30) (actual time=0.015..0.020 rows=5 loops=1)
                                                         Hash Cond: (nation.n_regionkey = region.r_regionkey)
                                                         ->  Seq Scan on nation  (cost=0.00..1.25 rows=25 width=34) (actual time=0.005..0.007 rows=25 loops=1)
                                                         ->  Hash  (cost=1.06..1.06 rows=1 width=4) (actual time=0.006..0.007 rows=1 loops=1)
                                                               Buckets: 1024  Batches: 1  Memory Usage: 9kB
                                                               ->  Seq Scan on region  (cost=0.00..1.06 rows=1 width=4) (actual time=0.003..0.004 rows=1 loops=1)
                                                                     Filter: (r_name = 'AMERICA'::bpchar)
                                                                     Rows Removed by Filter: 4
               SubPlan 1
                 ->  Aggregate  (cost=69.59..69.60 rows=1 width=32) (actual time=0.018..0.018 rows=1 loops=6398)
                       ->  Nested Loop  (cost=2.29..69.58 rows=4 width=6) (actual time=0.010..0.016 rows=2 loops=6398)
                             Join Filter: (nation_1.n_regionkey = region_1.r_regionkey)
                             Rows Removed by Join Filter: 2
                             ->  Seq Scan on region region_1  (cost=0.00..1.06 rows=1 width=4) (actual time=0.001..0.001 rows=1 loops=6398)
                                   Filter: (r_name = 'AMERICA'::bpchar)
                                   Rows Removed by Filter: 4
                             ->  Hash Join  (cost=2.29..68.28 rows=19 width=10) (actual time=0.006..0.014 rows=4 loops=6398)
                                   Hash Cond: (supplier_1.s_nationkey = nation_1.n_nationkey)
                                   ->  Nested Loop  (cost=0.72..66.66 rows=19 width=10) (actual time=0.005..0.013 rows=4 loops=6398)
                                         ->  Index Scan using idx_partsupp_partkey on partsupp partsupp_1  (cost=0.43..3.77 rows=19 width=10) (actual time=0.003..0.003 rows=4 loops=6398)
                                               Index Cond: (ps_partkey = part.p_partkey)
                                         ->  Index Scan using supplier_pkey on supplier supplier_1  (cost=0.29..3.31 rows=1 width=8) (actual time=0.002..0.002 rows=1 loops=25592)
                                               Index Cond: (s_suppkey = partsupp_1.ps_suppkey)
                                   ->  Hash  (cost=1.25..1.25 rows=25 width=8) (actual time=0.011..0.012 rows=25 loops=1)
                                         Buckets: 1024  Batches: 1  Memory Usage: 9kB
                                         ->  Seq Scan on nation nation_1  (cost=0.00..1.25 rows=25 width=8) (actual time=0.003..0.006 rows=25 loops=1)
 Planning Time: 1.772 ms
 Execution Time: 3748.384 ms
(54 rows)

query 3 run 1
SET
SET
SET
                                                                                     QUERY PLAN                                                                                      
-------------------------------------------------------------------------------------------------------------------------------------------------------------------------------------
 Limit  (cost=3169310.40..3169310.43 rows=10 width=44) (actual time=24167.601..24167.607 rows=10 loops=1)
   ->  Sort  (cost=3169310.40..3177021.48 rows=3084432 width=44) (actual time=24167.600..24167.604 rows=10 loops=1)
         Sort Key: (sum((lineitem.l_extendedprice * ('1'::numeric - lineitem.l_discount)))) DESC, orders.o_orderdate
         Sort Method: top-N heapsort  Memory: 26kB
         ->  HashAggregate  (cost=3027955.85..3102656.94 rows=3084432 width=44) (actual time=24104.827..24148.294 rows=113934 loops=1)
               Group Key: lineitem.l_orderkey, orders.o_orderdate, orders.o_shippriority
               Planned Partitions: 16  Batches: 1  Memory Usage: 49169kB
               ->  Hash Join  (cost=519063.06..2865782.20 rows=3084432 width=24) (actual time=7256.306..23914.697 rows=301530 loops=1)
                     Hash Cond: (lineitem.l_orderkey = orders.o_orderkey)
                     ->  Seq Scan on lineitem  (cost=0.00..1875029.70 rows=32096564 width=16) (actual time=0.551..10533.682 rows=32534229 loops=1)
                           Filter: (l_shipdate > '1995-03-07'::date)
                           Rows Removed by Filter: 27451823
                     ->  Hash  (cost=494004.86..494004.86 rows=1441536 width=12) (actual time=7252.302..7252.304 rows=1451805 loops=1)
                           Buckets: 2097152  Batches: 2  Memory Usage: 47606kB
                           ->  Hash Join  (cost=123611.60..494004.86 rows=1441536 width=12) (actual time=959.496..6942.437 rows=1451805 loops=1)
                                 Hash Cond: (orders.o_custkey = customer.c_custkey)
                                 ->  Bitmap Heap Scan on orders  (cost=65167.83..416621.96 rows=7214890 width=16) (actual time=531.616..4909.383 rows=7239437 loops=1)
                                       Recheck Cond: (o_orderdate < '1995-03-07'::date)
                                       Heap Blocks: exact=261268
                                       ->  Bitmap Index Scan on idx_orders_orderdate  (cost=0.00..63364.11 rows=7214890 width=0) (actual time=479.138..479.138 rows=7239437 loops=1)
                                             Index Cond: (o_orderdate < '1995-03-07'::date)
                                 ->  Hash  (cost=54697.43..54697.43 rows=299707 width=4) (actual time=427.098..427.099 rows=300276 loops=1)
                                       Buckets: 524288  Batches: 1  Memory Usage: 14653kB
                                       ->  Seq Scan on customer  (cost=0.00..54697.43 rows=299707 width=4) (actual time=0.656..380.894 rows=300276 loops=1)
                                             Filter: (c_mktsegment = 'BUILDING'::bpchar)
                                             Rows Removed by Filter: 1199724
 Planning Time: 22.949 ms
 Execution Time: 24169.568 ms
(28 rows)

SET
SET
SET
                                                                                     QUERY PLAN                                                                                      
-------------------------------------------------------------------------------------------------------------------------------------------------------------------------------------
 Limit  (cost=3169310.40..3169310.43 rows=10 width=44) (actual time=19195.613..19195.618 rows=10 loops=1)
   ->  Sort  (cost=3169310.40..3177021.48 rows=3084432 width=44) (actual time=19195.611..19195.615 rows=10 loops=1)
         Sort Key: (sum((lineitem.l_extendedprice * ('1'::numeric - lineitem.l_discount)))) DESC, orders.o_orderdate
         Sort Method: top-N heapsort  Memory: 26kB
         ->  HashAggregate  (cost=3027955.85..3102656.94 rows=3084432 width=44) (actual time=19132.782..19176.042 rows=113934 loops=1)
               Group Key: lineitem.l_orderkey, orders.o_orderdate, orders.o_shippriority
               Planned Partitions: 16  Batches: 1  Memory Usage: 49169kB
               ->  Hash Join  (cost=519063.06..2865782.20 rows=3084432 width=24) (actual time=4484.487..18952.653 rows=301530 loops=1)
                     Hash Cond: (lineitem.l_orderkey = orders.o_orderkey)
                     ->  Seq Scan on lineitem  (cost=0.00..1875029.70 rows=32096564 width=16) (actual time=0.040..8491.649 rows=32534229 loops=1)
                           Filter: (l_shipdate > '1995-03-07'::date)
                           Rows Removed by Filter: 27451823
                     ->  Hash  (cost=494004.86..494004.86 rows=1441536 width=12) (actual time=4481.549..4481.552 rows=1451805 loops=1)
                           Buckets: 2097152  Batches: 2  Memory Usage: 47606kB
                           ->  Hash Join  (cost=123611.60..494004.86 rows=1441536 width=12) (actual time=812.573..4217.681 rows=1451805 loops=1)
                                 Hash Cond: (orders.o_custkey = customer.c_custkey)
                                 ->  Bitmap Heap Scan on orders  (cost=65167.83..416621.96 rows=7214890 width=16) (actual time=502.261..2391.286 rows=7239437 loops=1)
                                       Recheck Cond: (o_orderdate < '1995-03-07'::date)
                                       Heap Blocks: exact=261268
                                       ->  Bitmap Index Scan on idx_orders_orderdate  (cost=0.00..63364.11 rows=7214890 width=0) (actual time=450.418..450.418 rows=7239437 loops=1)
                                             Index Cond: (o_orderdate < '1995-03-07'::date)
                                 ->  Hash  (cost=54697.43..54697.43 rows=299707 width=4) (actual time=309.547..309.548 rows=300276 loops=1)
                                       Buckets: 524288  Batches: 1  Memory Usage: 14653kB
                                       ->  Seq Scan on customer  (cost=0.00..54697.43 rows=299707 width=4) (actual time=0.040..265.999 rows=300276 loops=1)
                                             Filter: (c_mktsegment = 'BUILDING'::bpchar)
                                             Rows Removed by Filter: 1199724
 Planning Time: 1.371 ms
 Execution Time: 19196.931 ms
(28 rows)

query 4 run 1
SET
SET
SET
                                                                             QUERY PLAN                                                                             
--------------------------------------------------------------------------------------------------------------------------------------------------------------------
 Limit  (cost=2062090.34..2062090.34 rows=1 width=24) (actual time=18662.496..18662.498 rows=1 loops=1)
   ->  Sort  (cost=2062090.34..2062090.35 rows=5 width=24) (actual time=18662.495..18662.496 rows=1 loops=1)
         Sort Key: orders.o_orderpriority
         Sort Method: top-N heapsort  Memory: 25kB
         ->  HashAggregate  (cost=2062090.26..2062090.31 rows=5 width=24) (actual time=18662.454..18662.456 rows=5 loops=1)
               Group Key: orders.o_orderpriority
               Batches: 1  Memory Usage: 24kB
               ->  Nested Loop Semi Join  (cost=6457.42..2059291.81 rows=559690 width=16) (actual time=111.592..18389.009 rows=513822 loops=1)
                     ->  Bitmap Heap Scan on orders  (cost=6456.85..276121.81 rows=559797 width=20) (actual time=110.938..4999.534 rows=560424 loops=1)
                           Recheck Cond: ((o_orderdate >= '1993-12-01'::date) AND (o_orderdate < '1994-03-01'::date))
                           Heap Blocks: exact=231887
                           ->  Bitmap Index Scan on idx_orders_orderdate  (cost=0.00..6316.91 rows=559797 width=0) (actual time=64.253..64.253 rows=560424 loops=1)
                                 Index Cond: ((o_orderdate >= '1993-12-01'::date) AND (o_orderdate < '1994-03-01'::date))
                     ->  Index Scan using idx_lineitem_orderkey on lineitem  (cost=0.56..3.61 rows=1 width=4) (actual time=0.023..0.023 rows=1 loops=560424)
                           Index Cond: (l_orderkey = orders.o_orderkey)
                           Filter: (l_commitdate < l_receiptdate)
                           Rows Removed by Filter: 1
 Planning Time: 17.042 ms
 Execution Time: 18663.492 ms
(19 rows)

SET
SET
SET
                                                                             QUERY PLAN                                                                             
--------------------------------------------------------------------------------------------------------------------------------------------------------------------
 Limit  (cost=2062090.34..2062090.34 rows=1 width=24) (actual time=4681.814..4681.816 rows=1 loops=1)
   ->  Sort  (cost=2062090.34..2062090.35 rows=5 width=24) (actual time=4681.813..4681.814 rows=1 loops=1)
         Sort Key: orders.o_orderpriority
         Sort Method: top-N heapsort  Memory: 25kB
         ->  HashAggregate  (cost=2062090.26..2062090.31 rows=5 width=24) (actual time=4681.779..4681.781 rows=5 loops=1)
               Group Key: orders.o_orderpriority
               Batches: 1  Memory Usage: 24kB
               ->  Nested Loop Semi Join  (cost=6457.42..2059291.81 rows=559690 width=16) (actual time=109.740..4486.017 rows=513822 loops=1)
                     ->  Bitmap Heap Scan on orders  (cost=6456.85..276121.81 rows=559797 width=20) (actual time=109.712..1211.534 rows=560424 loops=1)
                           Recheck Cond: ((o_orderdate >= '1993-12-01'::date) AND (o_orderdate < '1994-03-01'::date))
                           Heap Blocks: exact=231887
                           ->  Bitmap Index Scan on idx_orders_orderdate  (cost=0.00..6316.91 rows=559797 width=0) (actual time=63.688..63.688 rows=560424 loops=1)
                                 Index Cond: ((o_orderdate >= '1993-12-01'::date) AND (o_orderdate < '1994-03-01'::date))
                     ->  Index Scan using idx_lineitem_orderkey on lineitem  (cost=0.56..3.61 rows=1 width=4) (actual time=0.005..0.005 rows=1 loops=560424)
                           Index Cond: (l_orderkey = orders.o_orderkey)
                           Filter: (l_commitdate < l_receiptdate)
                           Rows Removed by Filter: 1
 Planning Time: 1.249 ms
 Execution Time: 4681.870 ms
(19 rows)

query 5 run 1
SET
SET
SET
                                                                                        QUERY PLAN                                                                                         
-------------------------------------------------------------------------------------------------------------------------------------------------------------------------------------------
 Limit  (cost=2086364.57..2086364.57 rows=1 width=58) (actual time=21680.145..21680.151 rows=1 loops=1)
   ->  Sort  (cost=2086364.57..2086364.63 rows=25 width=58) (actual time=21680.143..21680.149 rows=1 loops=1)
         Sort Key: (sum((lineitem.l_extendedprice * ('1'::numeric - lineitem.l_discount)))) DESC
         Sort Method: top-N heapsort  Memory: 25kB
         ->  GroupAggregate  (cost=2085453.55..2086364.45 rows=25 width=58) (actual time=21658.757..21680.132 rows=5 loops=1)
               Group Key: nation.n_name
               ->  Sort  (cost=2085453.55..2085635.66 rows=72847 width=38) (actual time=21653.451..21656.349 rows=72033 loops=1)
                     Sort Key: nation.n_name
                     Sort Method: quicksort  Memory: 7012kB
                     ->  Hash Join  (cost=94431.66..2079570.21 rows=72847 width=38) (actual time=786.218..21604.684 rows=72033 loops=1)
                           Hash Cond: ((lineitem.l_suppkey = supplier.s_suppkey) AND (customer.c_nationkey = supplier.s_nationkey))
                           ->  Nested Loop  (cost=89710.66..2065242.04 rows=1829934 width=50) (actual time=741.771..21148.360 rows=1815327 loops=1)
                                 ->  Hash Join  (cost=89710.09..398451.11 rows=457571 width=38) (actual time=741.335..6811.184 rows=453399 loops=1)
                                       Hash Cond: (orders.o_custkey = customer.c_custkey)
                                       ->  Bitmap Heap Scan on orders  (cost=26384.96..321970.80 rows=2287856 width=8) (actual time=223.003..5620.842 rows=2276638 loops=1)
                                             Recheck Cond: ((o_orderdate >= '1993-01-01'::date) AND (o_orderdate < '1994-01-01'::date))
                                             Heap Blocks: exact=261246
                                             ->  Bitmap Index Scan on idx_orders_orderdate  (cost=0.00..25813.00 rows=2287856 width=0) (actual time=170.555..170.555 rows=2276638 loops=1)
                                                   Index Cond: ((o_orderdate >= '1993-01-01'::date) AND (o_orderdate < '1994-01-01'::date))
                                       ->  Hash  (cost=59575.05..59575.05 rows=300007 width=38) (actual time=517.888..517.891 rows=299436 loops=1)
                                             Buckets: 524288  Batches: 1  Memory Usage: 25151kB
                                             ->  Hash Join  (cost=2.51..59575.05 rows=300007 width=38) (actual time=1.512..460.057 rows=299436 loops=1)
                                                   Hash Cond: (customer.c_nationkey = nation.n_nationkey)
                                                   ->  Seq Scan on customer  (cost=0.00..50947.34 rows=1500034 width=8) (actual time=0.843..305.075 rows=1500000 loops=1)
                                                   ->  Hash  (cost=2.45..2.45 rows=5 width=30) (actual time=0.663..0.665 rows=5 loops=1)
                                                         Buckets: 1024  Batches: 1  Memory Usage: 9kB
                                                         ->  Hash Join  (cost=1.07..2.45 rows=5 width=30) (actual time=0.657..0.663 rows=5 loops=1)
                                                               Hash Cond: (nation.n_regionkey = region.r_regionkey)
                                                               ->  Seq Scan on nation  (cost=0.00..1.25 rows=25 width=34) (actual time=0.325..0.327 rows=25 loops=1)
                                                               ->  Hash  (cost=1.06..1.06 rows=1 width=4) (actual time=0.325..0.326 rows=1 loops=1)
                                                                     Buckets: 1024  Batches: 1  Memory Usage: 9kB
                                                                     ->  Seq Scan on region  (cost=0.00..1.06 rows=1 width=4) (actual time=0.320..0.321 rows=1 loops=1)
                                                                           Filter: (r_name = 'AMERICA'::bpchar)
                                                                           Rows Removed by Filter: 4
                                 ->  Index Scan using idx_lineitem_orderkey on lineitem  (cost=0.56..3.60 rows=4 width=20) (actual time=0.028..0.030 rows=4 loops=453399)
                                       Index Cond: (l_orderkey = orders.o_orderkey)
                           ->  Hash  (cost=3221.00..3221.00 rows=100000 width=8) (actual time=40.121..40.121 rows=100000 loops=1)
                                 Buckets: 131072  Batches: 1  Memory Usage: 4931kB
                                 ->  Seq Scan on supplier  (cost=0.00..3221.00 rows=100000 width=8) (actual time=0.559..25.429 rows=100000 loops=1)
 Planning Time: 26.155 ms
 Execution Time: 21680.798 ms
(41 rows)

SET
SET
SET
                                                                                        QUERY PLAN                                                                                         
-------------------------------------------------------------------------------------------------------------------------------------------------------------------------------------------
 Limit  (cost=2086364.57..2086364.57 rows=1 width=58) (actual time=6149.706..6149.712 rows=1 loops=1)
   ->  Sort  (cost=2086364.57..2086364.63 rows=25 width=58) (actual time=6149.704..6149.710 rows=1 loops=1)
         Sort Key: (sum((lineitem.l_extendedprice * ('1'::numeric - lineitem.l_discount)))) DESC
         Sort Method: top-N heapsort  Memory: 25kB
         ->  GroupAggregate  (cost=2085453.55..2086364.45 rows=25 width=58) (actual time=6128.298..6149.693 rows=5 loops=1)
               Group Key: nation.n_name
               ->  Sort  (cost=2085453.55..2085635.66 rows=72847 width=38) (actual time=6123.081..6125.899 rows=72033 loops=1)
                     Sort Key: nation.n_name
                     Sort Method: quicksort  Memory: 7012kB
                     ->  Hash Join  (cost=94431.66..2079570.21 rows=72847 width=38) (actual time=643.059..6087.912 rows=72033 loops=1)
                           Hash Cond: ((lineitem.l_suppkey = supplier.s_suppkey) AND (customer.c_nationkey = supplier.s_nationkey))
                           ->  Nested Loop  (cost=89710.66..2065242.04 rows=1829934 width=50) (actual time=609.015..5686.646 rows=1815327 loops=1)
                                 ->  Hash Join  (cost=89710.09..398451.11 rows=457571 width=38) (actual time=608.992..2552.520 rows=453399 loops=1)
                                       Hash Cond: (orders.o_custkey = customer.c_custkey)
                                       ->  Bitmap Heap Scan on orders  (cost=26384.96..321970.80 rows=2287856 width=8) (actual time=212.595..1594.137 rows=2276638 loops=1)
                                             Recheck Cond: ((o_orderdate >= '1993-01-01'::date) AND (o_orderdate < '1994-01-01'::date))
                                             Heap Blocks: exact=261246
                                             ->  Bitmap Index Scan on idx_orders_orderdate  (cost=0.00..25813.00 rows=2287856 width=0) (actual time=160.561..160.562 rows=2276638 loops=1)
                                                   Index Cond: ((o_orderdate >= '1993-01-01'::date) AND (o_orderdate < '1994-01-01'::date))
                                       ->  Hash  (cost=59575.05..59575.05 rows=300007 width=38) (actual time=396.040..396.043 rows=299436 loops=1)
                                             Buckets: 524288  Batches: 1  Memory Usage: 25151kB
                                             ->  Hash Join  (cost=2.51..59575.05 rows=300007 width=38) (actual time=0.061..339.964 rows=299436 loops=1)
                                                   Hash Cond: (customer.c_nationkey = nation.n_nationkey)
                                                   ->  Seq Scan on customer  (cost=0.00..50947.34 rows=1500034 width=8) (actual time=0.024..191.552 rows=1500000 loops=1)
                                                   ->  Hash  (cost=2.45..2.45 rows=5 width=30) (actual time=0.033..0.035 rows=5 loops=1)
                                                         Buckets: 1024  Batches: 1  Memory Usage: 9kB
                                                         ->  Hash Join  (cost=1.07..2.45 rows=5 width=30) (actual time=0.027..0.032 rows=5 loops=1)
                                                               Hash Cond: (nation.n_regionkey = region.r_regionkey)
                                                               ->  Seq Scan on nation  (cost=0.00..1.25 rows=25 width=34) (actual time=0.008..0.009 rows=25 loops=1)
                                                               ->  Hash  (cost=1.06..1.06 rows=1 width=4) (actual time=0.015..0.015 rows=1 loops=1)
                                                                     Buckets: 1024  Batches: 1  Memory Usage: 9kB
                                                                     ->  Seq Scan on region  (cost=0.00..1.06 rows=1 width=4) (actual time=0.011..0.012 rows=1 loops=1)
                                                                           Filter: (r_name = 'AMERICA'::bpchar)
                                                                           Rows Removed by Filter: 4
                                 ->  Index Scan using idx_lineitem_orderkey on lineitem  (cost=0.56..3.60 rows=4 width=20) (actual time=0.005..0.006 rows=4 loops=453399)
                                       Index Cond: (l_orderkey = orders.o_orderkey)
                           ->  Hash  (cost=3221.00..3221.00 rows=100000 width=8) (actual time=33.556..33.556 rows=100000 loops=1)
                                 Buckets: 131072  Batches: 1  Memory Usage: 4931kB
                                 ->  Seq Scan on supplier  (cost=0.00..3221.00 rows=100000 width=8) (actual time=0.017..17.414 rows=100000 loops=1)
 Planning Time: 3.879 ms
 Execution Time: 6149.950 ms
(41 rows)

query 6 run 1
SET
SET
SET
                                                                                                          QUERY PLAN                                                                                                           
-------------------------------------------------------------------------------------------------------------------------------------------------------------------------------------------------------------------------------
 Limit  (cost=1995449.42..1995449.43 rows=1 width=32) (actual time=15206.342..15206.343 rows=1 loops=1)
   ->  Aggregate  (cost=1995449.42..1995449.43 rows=1 width=32) (actual time=15206.341..15206.341 rows=1 loops=1)
         ->  Bitmap Heap Scan on lineitem  (cost=216704.49..1989299.67 rows=1229949 width=12) (actual time=1316.980..14507.803 rows=1194558 loops=1)
               Recheck Cond: ((l_shipdate >= '1993-01-01'::date) AND (l_shipdate < '1994-01-01 00:00:00'::timestamp without time zone) AND (l_discount >= 0.06) AND (l_discount <= 0.08) AND (l_quantity < '25'::numeric))
               Rows Removed by Index Recheck: 13724091
               Heap Blocks: exact=395900 lossy=267068
               ->  Bitmap Index Scan on idx_lineitem_shipdate  (cost=0.00..216397.01 rows=1229949 width=0) (actual time=1232.002..1232.003 rows=1194558 loops=1)
                     Index Cond: ((l_shipdate >= '1993-01-01'::date) AND (l_shipdate < '1994-01-01 00:00:00'::timestamp without time zone) AND (l_discount >= 0.06) AND (l_discount <= 0.08) AND (l_quantity < '25'::numeric))
 Planning Time: 11.568 ms
 Execution Time: 15207.697 ms
(10 rows)

SET
SET
SET
                                                                                                          QUERY PLAN                                                                                                           
-------------------------------------------------------------------------------------------------------------------------------------------------------------------------------------------------------------------------------
 Limit  (cost=1995449.42..1995449.43 rows=1 width=32) (actual time=6587.217..6587.218 rows=1 loops=1)
   ->  Aggregate  (cost=1995449.42..1995449.43 rows=1 width=32) (actual time=6587.215..6587.216 rows=1 loops=1)
         ->  Bitmap Heap Scan on lineitem  (cost=216704.49..1989299.67 rows=1229949 width=12) (actual time=1182.531..6250.579 rows=1194558 loops=1)
               Recheck Cond: ((l_shipdate >= '1993-01-01'::date) AND (l_shipdate < '1994-01-01 00:00:00'::timestamp without time zone) AND (l_discount >= 0.06) AND (l_discount <= 0.08) AND (l_quantity < '25'::numeric))
               Rows Removed by Index Recheck: 13724091
               Heap Blocks: exact=395900 lossy=267068
               ->  Bitmap Index Scan on idx_lineitem_shipdate  (cost=0.00..216397.01 rows=1229949 width=0) (actual time=1098.306..1098.307 rows=1194558 loops=1)
                     Index Cond: ((l_shipdate >= '1993-01-01'::date) AND (l_shipdate < '1994-01-01 00:00:00'::timestamp without time zone) AND (l_discount >= 0.06) AND (l_discount <= 0.08) AND (l_quantity < '25'::numeric))
 Planning Time: 1.011 ms
 Execution Time: 6587.498 ms
(10 rows)

query 7 run 1
SET
SET
SET
                                                                                 QUERY PLAN                                                                                  
-----------------------------------------------------------------------------------------------------------------------------------------------------------------------------
 Limit  (cost=2714425.57..2714425.69 rows=1 width=116) (actual time=17991.384..17991.391 rows=1 loops=1)
   ->  GroupAggregate  (cost=2714425.57..2715604.63 rows=10048 width=116) (actual time=17991.382..17991.389 rows=1 loops=1)
         Group Key: n1.n_name, n2.n_name, (EXTRACT(year FROM lineitem.l_shipdate))
         ->  Sort  (cost=2714425.57..2714572.48 rows=58762 width=96) (actual time=17983.401..17983.999 rows=14421 loops=1)
               Sort Key: n1.n_name, n2.n_name, (EXTRACT(year FROM lineitem.l_shipdate))
               Sort Method: quicksort  Memory: 6503kB
               ->  Hash Join  (cost=563414.72..2709770.86 rows=58762 width=96) (actual time=4817.411..17949.445 rows=57794 loops=1)
                     Hash Cond: (lineitem.l_orderkey = orders.o_orderkey)
                     Join Filter: (((n1.n_name = 'PERU'::bpchar) AND (n2.n_name = 'MOROCCO'::bpchar)) OR ((n1.n_name = 'MOROCCO'::bpchar) AND (n2.n_name = 'PERU'::bpchar)))
                     Rows Removed by Join Filter: 58158
                     ->  Hash Join  (cost=3629.40..2109258.43 rows=1412002 width=46) (actual time=31.553..12527.490 rows=1455694 loops=1)
                           Hash Cond: (lineitem.l_suppkey = supplier.s_suppkey)
                           ->  Seq Scan on lineitem  (cost=0.00..2025007.04 rows=17733858 width=24) (actual time=0.470..10352.869 rows=18230325 loops=1)
                                 Filter: ((l_shipdate >= '1995-01-01'::date) AND (l_shipdate <= '1996-12-31'::date))
                                 Rows Removed by Filter: 41755727
                           ->  Hash  (cost=3529.40..3529.40 rows=8000 width=30) (actual time=31.071..31.073 rows=7981 loops=1)
                                 Buckets: 8192  Batches: 1  Memory Usage: 548kB
                                 ->  Hash Join  (cost=1.40..3529.40 rows=8000 width=30) (actual time=0.683..29.986 rows=7981 loops=1)
                                       Hash Cond: (supplier.s_nationkey = n1.n_nationkey)
                                       ->  Seq Scan on supplier  (cost=0.00..3221.00 rows=100000 width=8) (actual time=0.468..20.996 rows=100000 loops=1)
                                       ->  Hash  (cost=1.38..1.38 rows=2 width=30) (actual time=0.207..0.208 rows=2 loops=1)
                                             Buckets: 1024  Batches: 1  Memory Usage: 9kB
                                             ->  Seq Scan on nation n1  (cost=0.00..1.38 rows=2 width=30) (actual time=0.199..0.202 rows=2 loops=1)
                                                   Filter: ((n_name = 'PERU'::bpchar) OR (n_name = 'MOROCCO'::bpchar))
                                                   Rows Removed by Filter: 23
                     ->  Hash  (cost=536580.72..536580.72 rows=1200048 width=30) (actual time=4781.004..4781.006 rows=1191175 loops=1)
                           Buckets: 1048576  Batches: 2  Memory Usage: 44259kB
                           ->  Hash Join  (cost=57053.88..536580.72 rows=1200048 width=30) (actual time=459.176..4537.283 rows=1191175 loops=1)
                                 Hash Cond: (orders.o_custkey = customer.c_custkey)
                                 ->  Seq Scan on orders  (cost=0.00..411274.06 rows=15000606 width=8) (actual time=0.772..1511.530 rows=15000000 loops=1)
                                 ->  Hash  (cost=55553.84..55553.84 rows=120003 width=30) (actual time=458.081..458.083 rows=119622 loops=1)
                                       Buckets: 131072  Batches: 1  Memory Usage: 8267kB
                                       ->  Hash Join  (cost=1.40..55553.84 rows=120003 width=30) (actual time=0.827..436.995 rows=119622 loops=1)
                                             Hash Cond: (customer.c_nationkey = n2.n_nationkey)
                                             ->  Seq Scan on customer  (cost=0.00..50947.34 rows=1500034 width=8) (actual time=0.805..305.102 rows=1500000 loops=1)
                                             ->  Hash  (cost=1.38..1.38 rows=2 width=30) (actual time=0.016..0.017 rows=2 loops=1)
                                                   Buckets: 1024  Batches: 1  Memory Usage: 9kB
                                                   ->  Seq Scan on nation n2  (cost=0.00..1.38 rows=2 width=30) (actual time=0.012..0.013 rows=2 loops=1)
                                                         Filter: ((n_name = 'MOROCCO'::bpchar) OR (n_name = 'PERU'::bpchar))
                                                         Rows Removed by Filter: 23
 Planning Time: 26.632 ms
 Execution Time: 17991.978 ms
(42 rows)

SET
SET
SET
                                                                                 QUERY PLAN                                                                                  
-----------------------------------------------------------------------------------------------------------------------------------------------------------------------------
 Limit  (cost=2714425.57..2714425.69 rows=1 width=116) (actual time=14594.246..14594.252 rows=1 loops=1)
   ->  GroupAggregate  (cost=2714425.57..2715604.63 rows=10048 width=116) (actual time=14594.244..14594.250 rows=1 loops=1)
         Group Key: n1.n_name, n2.n_name, (EXTRACT(year FROM lineitem.l_shipdate))
         ->  Sort  (cost=2714425.57..2714572.48 rows=58762 width=96) (actual time=14587.065..14587.667 rows=14421 loops=1)
               Sort Key: n1.n_name, n2.n_name, (EXTRACT(year FROM lineitem.l_shipdate))
               Sort Method: quicksort  Memory: 6503kB
               ->  Hash Join  (cost=563414.72..2709770.86 rows=58762 width=96) (actual time=3906.320..14554.319 rows=57794 loops=1)
                     Hash Cond: (lineitem.l_orderkey = orders.o_orderkey)
                     Join Filter: (((n1.n_name = 'PERU'::bpchar) AND (n2.n_name = 'MOROCCO'::bpchar)) OR ((n1.n_name = 'MOROCCO'::bpchar) AND (n2.n_name = 'PERU'::bpchar)))
                     Rows Removed by Join Filter: 58158
                     ->  Hash Join  (cost=3629.40..2109258.43 rows=1412002 width=46) (actual time=18.172..10076.090 rows=1455694 loops=1)
                           Hash Cond: (lineitem.l_suppkey = supplier.s_suppkey)
                           ->  Seq Scan on lineitem  (cost=0.00..2025007.04 rows=17733858 width=24) (actual time=0.043..8291.861 rows=18230325 loops=1)
                                 Filter: ((l_shipdate >= '1995-01-01'::date) AND (l_shipdate <= '1996-12-31'::date))
                                 Rows Removed by Filter: 41755727
                           ->  Hash  (cost=3529.40..3529.40 rows=8000 width=30) (actual time=18.121..18.123 rows=7981 loops=1)
                                 Buckets: 8192  Batches: 1  Memory Usage: 548kB
                                 ->  Hash Join  (cost=1.40..3529.40 rows=8000 width=30) (actual time=0.020..17.179 rows=7981 loops=1)
                                       Hash Cond: (supplier.s_nationkey = n1.n_nationkey)
                                       ->  Seq Scan on supplier  (cost=0.00..3221.00 rows=100000 width=8) (actual time=0.003..6.283 rows=100000 loops=1)
                                       ->  Hash  (cost=1.38..1.38 rows=2 width=30) (actual time=0.013..0.014 rows=2 loops=1)
                                             Buckets: 1024  Batches: 1  Memory Usage: 9kB
                                             ->  Seq Scan on nation n1  (cost=0.00..1.38 rows=2 width=30) (actual time=0.009..0.011 rows=2 loops=1)
                                                   Filter: ((n_name = 'PERU'::bpchar) OR (n_name = 'MOROCCO'::bpchar))
                                                   Rows Removed by Filter: 23
                     ->  Hash  (cost=536580.72..536580.72 rows=1200048 width=30) (actual time=3885.851..3885.853 rows=1191175 loops=1)
                           Buckets: 1048576  Batches: 2  Memory Usage: 44259kB
                           ->  Hash Join  (cost=57053.88..536580.72 rows=1200048 width=30) (actual time=282.857..3650.681 rows=1191175 loops=1)
                                 Hash Cond: (orders.o_custkey = customer.c_custkey)
                                 ->  Seq Scan on orders  (cost=0.00..411274.06 rows=15000606 width=8) (actual time=0.049..1062.418 rows=15000000 loops=1)
                                 ->  Hash  (cost=55553.84..55553.84 rows=120003 width=30) (actual time=282.449..282.451 rows=119622 loops=1)
                                       Buckets: 131072  Batches: 1  Memory Usage: 8267kB
                                       ->  Hash Join  (cost=1.40..55553.84 rows=120003 width=30) (actual time=0.023..262.988 rows=119622 loops=1)
                                             Hash Cond: (customer.c_nationkey = n2.n_nationkey)
                                             ->  Seq Scan on customer  (cost=0.00..50947.34 rows=1500034 width=8) (actual time=0.004..95.496 rows=1500000 loops=1)
                                             ->  Hash  (cost=1.38..1.38 rows=2 width=30) (actual time=0.015..0.015 rows=2 loops=1)
                                                   Buckets: 1024  Batches: 1  Memory Usage: 9kB
                                                   ->  Seq Scan on nation n2  (cost=0.00..1.38 rows=2 width=30) (actual time=0.011..0.012 rows=2 loops=1)
                                                         Filter: ((n_name = 'MOROCCO'::bpchar) OR (n_name = 'PERU'::bpchar))
                                                         Rows Removed by Filter: 23
 Planning Time: 2.665 ms
 Execution Time: 14594.531 ms
(42 rows)

query 8 run 1
SET
SET
SET
                                                                                          QUERY PLAN                                                                                           
-----------------------------------------------------------------------------------------------------------------------------------------------------------------------------------------------
 Limit  (cost=1166556.61..1166556.85 rows=1 width=64) (actual time=59521.182..59521.189 rows=1 loops=1)
   ->  GroupAggregate  (cost=1166556.61..1167138.52 rows=2406 width=64) (actual time=59521.181..59521.187 rows=1 loops=1)
         Group Key: (EXTRACT(year FROM orders.o_orderdate))
         ->  Sort  (cost=1166556.61..1166615.92 rows=23724 width=70) (actual time=59515.822..59516.290 rows=11818 loops=1)
               Sort Key: (EXTRACT(year FROM orders.o_orderdate))
               Sort Method: quicksort  Memory: 2259kB
               ->  Nested Loop  (cost=816067.54..1164832.58 rows=23724 width=70) (actual time=54043.597..59498.874 rows=23842 loops=1)
                     ->  Hash Join  (cost=816067.39..1164170.50 rows=23724 width=20) (actual time=54043.563..59460.438 rows=23842 loops=1)
                           Hash Cond: (lineitem.l_suppkey = supplier.s_suppkey)
                           ->  Hash Join  (cost=811596.39..1159636.92 rows=23837 width=20) (actual time=54005.044..59410.328 rows=23842 loops=1)
                                 Hash Cond: (orders.o_custkey = customer.c_custkey)
                                 ->  Hash Join  (cost=748271.26..1095626.48 rows=119185 width=24) (actual time=53503.108..58876.804 rows=118593 loops=1)
                                       Hash Cond: (orders.o_orderkey = lineitem.l_orderkey)
                                       ->  Bitmap Heap Scan on orders  (cost=52216.40..381400.70 rows=4527753 width=12) (actual time=365.203..4762.101 rows=4557513 loops=1)
                                             Recheck Cond: ((o_orderdate >= '1995-01-01'::date) AND (o_orderdate <= '1996-12-31'::date))
                                             Heap Blocks: exact=261268
                                             ->  Bitmap Index Scan on idx_orders_orderdate  (cost=0.00..51084.46 rows=4527753 width=0) (actual time=312.455..312.456 rows=4557513 loops=1)
                                                   Index Cond: ((o_orderdate >= '1995-01-01'::date) AND (o_orderdate <= '1996-12-31'::date))
                                       ->  Hash  (cost=691119.04..691119.04 rows=394865 width=20) (actual time=53137.606..53137.607 rows=389521 loops=1)
                                             Buckets: 524288  Batches: 1  Memory Usage: 25019kB
                                             ->  Nested Loop  (cost=0.44..691119.04 rows=394865 width=20) (actual time=1.875..52753.847 rows=389521 loops=1)
                                                   ->  Seq Scan on part  (cost=0.00..65980.86 rows=13223 width=4) (actual time=1.240..491.024 rows=13011 loops=1)
                                                         Filter: ((p_type)::text = 'LARGE POLISHED BRASS'::text)
                                                         Rows Removed by Filter: 1986989
                                                   ->  Index Scan using idx_lineitem_part_supp on lineitem  (cost=0.44..46.98 rows=30 width=24) (actual time=0.252..3.997 rows=30 loops=13011)
                                                         Index Cond: (l_partkey = part.p_partkey)
                                 ->  Hash  (cost=59575.05..59575.05 rows=300007 width=4) (actual time=501.320..501.322 rows=299436 loops=1)
                                       Buckets: 524288  Batches: 1  Memory Usage: 14624kB
                                       ->  Hash Join  (cost=2.51..59575.05 rows=300007 width=4) (actual time=1.540..456.190 rows=299436 loops=1)
                                             Hash Cond: (customer.c_nationkey = n1.n_nationkey)
                                             ->  Seq Scan on customer  (cost=0.00..50947.34 rows=1500034 width=8) (actual time=0.873..305.398 rows=1500000 loops=1)
                                             ->  Hash  (cost=2.45..2.45 rows=5 width=4) (actual time=0.662..0.663 rows=5 loops=1)
                                                   Buckets: 1024  Batches: 1  Memory Usage: 9kB
                                                   ->  Hash Join  (cost=1.07..2.45 rows=5 width=4) (actual time=0.657..0.662 rows=5 loops=1)
                                                         Hash Cond: (n1.n_regionkey = region.r_regionkey)
                                                         ->  Seq Scan on nation n1  (cost=0.00..1.25 rows=25 width=8) (actual time=0.324..0.325 rows=25 loops=1)
                                                         ->  Hash  (cost=1.06..1.06 rows=1 width=4) (actual time=0.327..0.327 rows=1 loops=1)
                                                               Buckets: 1024  Batches: 1  Memory Usage: 9kB
                                                               ->  Seq Scan on region  (cost=0.00..1.06 rows=1 width=4) (actual time=0.323..0.324 rows=1 loops=1)
                                                                     Filter: (r_name = 'AMERICA'::bpchar)
                                                                     Rows Removed by Filter: 4
                           ->  Hash  (cost=3221.00..3221.00 rows=100000 width=8) (actual time=38.470..38.470 rows=100000 loops=1)
                                 Buckets: 131072  Batches: 1  Memory Usage: 4931kB
                                 ->  Seq Scan on supplier  (cost=0.00..3221.00 rows=100000 width=8) (actual time=0.478..24.309 rows=100000 loops=1)
                     ->  Memoize  (cost=0.15..0.92 rows=1 width=30) (actual time=0.000..0.000 rows=1 loops=23842)
                           Cache Key: supplier.s_nationkey
                           Cache Mode: logical
                           Hits: 23817  Misses: 25  Evictions: 0  Overflows: 0  Memory Usage: 4kB
                           ->  Index Scan using nation_pkey on nation n2  (cost=0.14..0.91 rows=1 width=30) (actual time=0.005..0.005 rows=1 loops=25)
                                 Index Cond: (n_nationkey = supplier.s_nationkey)
 Planning Time: 30.661 ms
 Execution Time: 59521.981 ms
(52 rows)

SET
SET
SET
                                                                                          QUERY PLAN                                                                                           
-----------------------------------------------------------------------------------------------------------------------------------------------------------------------------------------------
 Limit  (cost=1166556.61..1166556.85 rows=1 width=64) (actual time=4919.300..4919.306 rows=1 loops=1)
   ->  GroupAggregate  (cost=1166556.61..1167138.52 rows=2406 width=64) (actual time=4919.298..4919.304 rows=1 loops=1)
         Group Key: (EXTRACT(year FROM orders.o_orderdate))
         ->  Sort  (cost=1166556.61..1166615.92 rows=23724 width=70) (actual time=4914.103..4914.554 rows=11818 loops=1)
               Sort Key: (EXTRACT(year FROM orders.o_orderdate))
               Sort Method: quicksort  Memory: 2259kB
               ->  Nested Loop  (cost=816067.54..1164832.58 rows=23724 width=70) (actual time=2711.872..4903.022 rows=23842 loops=1)
                     ->  Hash Join  (cost=816067.39..1164170.50 rows=23724 width=20) (actual time=2711.857..4880.122 rows=23842 loops=1)
                           Hash Cond: (lineitem.l_suppkey = supplier.s_suppkey)
                           ->  Hash Join  (cost=811596.39..1159636.92 rows=23837 width=20) (actual time=2679.803..4838.378 rows=23842 loops=1)
                                 Hash Cond: (orders.o_custkey = customer.c_custkey)
                                 ->  Hash Join  (cost=748271.26..1095626.48 rows=119185 width=24) (actual time=2300.437..4431.098 rows=118593 loops=1)
                                       Hash Cond: (orders.o_orderkey = lineitem.l_orderkey)
                                       ->  Bitmap Heap Scan on orders  (cost=52216.40..381400.70 rows=4527753 width=12) (actual time=344.529..1636.043 rows=4557513 loops=1)
                                             Recheck Cond: ((o_orderdate >= '1995-01-01'::date) AND (o_orderdate <= '1996-12-31'::date))
                                             Heap Blocks: exact=261268
                                             ->  Bitmap Index Scan on idx_orders_orderdate  (cost=0.00..51084.46 rows=4527753 width=0) (actual time=292.356..292.356 rows=4557513 loops=1)
                                                   Index Cond: ((o_orderdate >= '1995-01-01'::date) AND (o_orderdate <= '1996-12-31'::date))
                                       ->  Hash  (cost=691119.04..691119.04 rows=394865 width=20) (actual time=1955.585..1955.586 rows=389521 loops=1)
                                             Buckets: 524288  Batches: 1  Memory Usage: 25019kB
                                             ->  Nested Loop  (cost=0.44..691119.04 rows=394865 width=20) (actual time=0.108..1841.348 rows=389521 loops=1)
                                                   ->  Seq Scan on part  (cost=0.00..65980.86 rows=13223 width=4) (actual time=0.080..264.625 rows=13011 loops=1)
                                                         Filter: ((p_type)::text = 'LARGE POLISHED BRASS'::text)
                                                         Rows Removed by Filter: 1986989
                                                   ->  Index Scan using idx_lineitem_part_supp on lineitem  (cost=0.44..46.98 rows=30 width=24) (actual time=0.010..0.115 rows=30 loops=13011)
                                                         Index Cond: (l_partkey = part.p_partkey)
                                 ->  Hash  (cost=59575.05..59575.05 rows=300007 width=4) (actual time=378.653..378.655 rows=299436 loops=1)
                                       Buckets: 524288  Batches: 1  Memory Usage: 14624kB
                                       ->  Hash Join  (cost=2.51..59575.05 rows=300007 width=4) (actual time=0.069..335.076 rows=299436 loops=1)
                                             Hash Cond: (customer.c_nationkey = n1.n_nationkey)
                                             ->  Seq Scan on customer  (cost=0.00..50947.34 rows=1500034 width=8) (actual time=0.027..188.866 rows=1500000 loops=1)
                                             ->  Hash  (cost=2.45..2.45 rows=5 width=4) (actual time=0.037..0.038 rows=5 loops=1)
                                                   Buckets: 1024  Batches: 1  Memory Usage: 9kB
                                                   ->  Hash Join  (cost=1.07..2.45 rows=5 width=4) (actual time=0.032..0.037 rows=5 loops=1)
                                                         Hash Cond: (n1.n_regionkey = region.r_regionkey)
                                                         ->  Seq Scan on nation n1  (cost=0.00..1.25 rows=25 width=8) (actual time=0.012..0.014 rows=25 loops=1)
                                                         ->  Hash  (cost=1.06..1.06 rows=1 width=4) (actual time=0.015..0.016 rows=1 loops=1)
                                                               Buckets: 1024  Batches: 1  Memory Usage: 9kB
                                                               ->  Seq Scan on region  (cost=0.00..1.06 rows=1 width=4) (actual time=0.012..0.012 rows=1 loops=1)
                                                                     Filter: (r_name = 'AMERICA'::bpchar)
                                                                     Rows Removed by Filter: 4
                           ->  Hash  (cost=3221.00..3221.00 rows=100000 width=8) (actual time=32.012..32.013 rows=100000 loops=1)
                                 Buckets: 131072  Batches: 1  Memory Usage: 4931kB
                                 ->  Seq Scan on supplier  (cost=0.00..3221.00 rows=100000 width=8) (actual time=0.021..17.080 rows=100000 loops=1)
                     ->  Memoize  (cost=0.15..0.92 rows=1 width=30) (actual time=0.000..0.000 rows=1 loops=23842)
                           Cache Key: supplier.s_nationkey
                           Cache Mode: logical
                           Hits: 23817  Misses: 25  Evictions: 0  Overflows: 0  Memory Usage: 4kB
                           ->  Index Scan using nation_pkey on nation n2  (cost=0.14..0.91 rows=1 width=30) (actual time=0.002..0.002 rows=1 loops=25)
                                 Index Cond: (n_nationkey = supplier.s_nationkey)
 Planning Time: 4.474 ms
 Execution Time: 4919.803 ms
(52 rows)

query 9 run 1
SET
SET
SET
                                                                                QUERY PLAN                                                                                 
---------------------------------------------------------------------------------------------------------------------------------------------------------------------------
 Limit  (cost=3180566.19..3180566.19 rows=1 width=90) (actual time=124383.149..124383.154 rows=1 loops=1)
   ->  Sort  (cost=3180566.19..3180716.56 rows=60150 width=90) (actual time=124383.148..124383.152 rows=1 loops=1)
         Sort Key: nation.n_name, (EXTRACT(year FROM orders.o_orderdate)) DESC
         Sort Method: top-N heapsort  Memory: 25kB
         ->  HashAggregate  (cost=3179363.19..3180265.44 rows=60150 width=90) (actual time=124382.655..124383.068 rows=175 loops=1)
               Group Key: nation.n_name, EXTRACT(year FROM orders.o_orderdate)
               Batches: 1  Memory Usage: 3217kB
               ->  Hash Join  (cost=729600.16..3105812.21 rows=4202913 width=81) (actual time=4739.970..121767.961 rows=3248192 loops=1)
                     Hash Cond: (supplier.s_nationkey = nation.n_nationkey)
                     ->  Hash Join  (cost=729598.60..3082400.42 rows=4202913 width=31) (actual time=4739.739..120735.928 rows=3248192 loops=1)
                           Hash Cond: (lineitem.l_orderkey = orders.o_orderkey)
                           ->  Nested Loop  (cost=72219.97..2297930.14 rows=4202913 width=31) (actual time=623.904..111818.458 rows=3248192 loops=1)
                                 Join Filter: (supplier.s_suppkey = lineitem.l_suppkey)
                                 ->  Hash Join  (cost=72219.53..349942.42 rows=565743 width=26) (actual time=622.858..3052.179 rows=433248 loops=1)
                                       Hash Cond: (partsupp.ps_suppkey = supplier.s_suppkey)
                                       ->  Hash Join  (cost=67748.53..343986.28 rows=565743 width=18) (actual time=582.985..2816.495 rows=433248 loops=1)
                                             Hash Cond: (partsupp.ps_partkey = part.p_partkey)
                                             ->  Seq Scan on partsupp  (cost=0.00..255234.44 rows=8001244 width=14) (actual time=0.811..1191.101 rows=8000000 loops=1)
                                             ->  Hash  (cost=65980.86..65980.86 rows=141413 width=4) (actual time=581.744..581.745 rows=108312 loops=1)
                                                   Buckets: 262144  Batches: 1  Memory Usage: 5856kB
                                                   ->  Seq Scan on part  (cost=0.00..65980.86 rows=141413 width=4) (actual time=0.757..563.778 rows=108312 loops=1)
                                                         Filter: ((p_name)::text ~~ '%navy%'::text)
                                                         Rows Removed by Filter: 1891688
                                       ->  Hash  (cost=3221.00..3221.00 rows=100000 width=8) (actual time=39.591..39.591 rows=100000 loops=1)
                                             Buckets: 131072  Batches: 1  Memory Usage: 4931kB
                                             ->  Seq Scan on supplier  (cost=0.00..3221.00 rows=100000 width=8) (actual time=0.487..25.144 rows=100000 loops=1)
                                 ->  Index Scan using idx_lineitem_part_supp on lineitem  (cost=0.44..3.43 rows=1 width=29) (actual time=0.036..0.248 rows=7 loops=433248)
                                       Index Cond: ((l_partkey = partsupp.ps_partkey) AND (l_suppkey = partsupp.ps_suppkey))
                           ->  Hash  (cost=411274.06..411274.06 rows=15000606 width=8) (actual time=4113.396..4113.397 rows=15000000 loops=1)
                                 Buckets: 2097152  Batches: 16  Memory Usage: 53030kB
                                 ->  Seq Scan on orders  (cost=0.00..411274.06 rows=15000606 width=8) (actual time=0.787..2133.491 rows=15000000 loops=1)
                     ->  Hash  (cost=1.25..1.25 rows=25 width=30) (actual time=0.223..0.224 rows=25 loops=1)
                           Buckets: 1024  Batches: 1  Memory Usage: 10kB
                           ->  Seq Scan on nation  (cost=0.00..1.25 rows=25 width=30) (actual time=0.206..0.211 rows=25 loops=1)
 Planning Time: 34.614 ms
 Execution Time: 124384.227 ms
(36 rows)

SET
SET
SET
                                                                                QUERY PLAN                                                                                 
---------------------------------------------------------------------------------------------------------------------------------------------------------------------------
 Limit  (cost=3180566.19..3180566.19 rows=1 width=90) (actual time=58955.810..58955.816 rows=1 loops=1)
   ->  Sort  (cost=3180566.19..3180716.56 rows=60150 width=90) (actual time=58955.809..58955.814 rows=1 loops=1)
         Sort Key: nation.n_name, (EXTRACT(year FROM orders.o_orderdate)) DESC
         Sort Method: top-N heapsort  Memory: 25kB
         ->  HashAggregate  (cost=3179363.19..3180265.44 rows=60150 width=90) (actual time=58955.283..58955.700 rows=175 loops=1)
               Group Key: nation.n_name, EXTRACT(year FROM orders.o_orderdate)
               Batches: 1  Memory Usage: 3217kB
               ->  Hash Join  (cost=729600.16..3105812.21 rows=4202913 width=81) (actual time=4825.267..56377.988 rows=3248192 loops=1)
                     Hash Cond: (supplier.s_nationkey = nation.n_nationkey)
                     ->  Hash Join  (cost=729598.60..3082400.42 rows=4202913 width=31) (actual time=4825.017..55376.746 rows=3248192 loops=1)
                           Hash Cond: (lineitem.l_orderkey = orders.o_orderkey)
                           ->  Nested Loop  (cost=72219.97..2297930.14 rows=4202913 width=31) (actual time=575.314..46669.467 rows=3248192 loops=1)
                                 Join Filter: (supplier.s_suppkey = lineitem.l_suppkey)
                                 ->  Hash Join  (cost=72219.53..349942.42 rows=565743 width=26) (actual time=575.285..2751.945 rows=433248 loops=1)
                                       Hash Cond: (partsupp.ps_suppkey = supplier.s_suppkey)
                                       ->  Hash Join  (cost=67748.53..343986.28 rows=565743 width=18) (actual time=536.480..2529.952 rows=433248 loops=1)
                                             Hash Cond: (partsupp.ps_partkey = part.p_partkey)
                                             ->  Seq Scan on partsupp  (cost=0.00..255234.44 rows=8001244 width=14) (actual time=0.398..1037.082 rows=8000000 loops=1)
                                             ->  Hash  (cost=65980.86..65980.86 rows=141413 width=4) (actual time=535.627..535.628 rows=108312 loops=1)
                                                   Buckets: 262144  Batches: 1  Memory Usage: 5856kB
                                                   ->  Seq Scan on part  (cost=0.00..65980.86 rows=141413 width=4) (actual time=0.330..517.919 rows=108312 loops=1)
                                                         Filter: ((p_name)::text ~~ '%navy%'::text)
                                                         Rows Removed by Filter: 1891688
                                       ->  Hash  (cost=3221.00..3221.00 rows=100000 width=8) (actual time=38.512..38.513 rows=100000 loops=1)
                                             Buckets: 131072  Batches: 1  Memory Usage: 4931kB
                                             ->  Seq Scan on supplier  (cost=0.00..3221.00 rows=100000 width=8) (actual time=0.326..23.664 rows=100000 loops=1)
                                 ->  Index Scan using idx_lineitem_part_supp on lineitem  (cost=0.44..3.43 rows=1 width=29) (actual time=0.016..0.099 rows=7 loops=433248)
                                       Index Cond: ((l_partkey = partsupp.ps_partkey) AND (l_suppkey = partsupp.ps_suppkey))
                           ->  Hash  (cost=411274.06..411274.06 rows=15000606 width=8) (actual time=4247.227..4247.227 rows=15000000 loops=1)
                                 Buckets: 2097152  Batches: 16  Memory Usage: 53030kB
                                 ->  Seq Scan on orders  (cost=0.00..411274.06 rows=15000606 width=8) (actual time=0.404..2214.535 rows=15000000 loops=1)
                     ->  Hash  (cost=1.25..1.25 rows=25 width=30) (actual time=0.241..0.242 rows=25 loops=1)
                           Buckets: 1024  Batches: 1  Memory Usage: 10kB
                           ->  Seq Scan on nation  (cost=0.00..1.25 rows=25 width=30) (actual time=0.232..0.235 rows=25 loops=1)
 Planning Time: 19.038 ms
 Execution Time: 58956.607 ms
(36 rows)

query 10 run 1
SET
SET
SET
                                                                                            QUERY PLAN                                                                                            
--------------------------------------------------------------------------------------------------------------------------------------------------------------------------------------------------
 Limit  (cost=2398185.75..2398185.80 rows=20 width=201) (actual time=19466.524..19466.529 rows=20 loops=1)
   ->  Sort  (cost=2398185.75..2399609.22 rows=569388 width=201) (actual time=19466.523..19466.526 rows=20 loops=1)
         Sort Key: (sum((lineitem.l_extendedprice * ('1'::numeric - lineitem.l_discount)))) DESC
         Sort Method: top-N heapsort  Memory: 33kB
         ->  GroupAggregate  (cost=2252326.59..2383034.54 rows=569388 width=201) (actual time=16911.911..19350.780 rows=381205 loops=1)
               Group Key: customer.c_custkey, nation.n_name
               ->  Incremental Sort  (cost=2252326.59..2368799.84 rows=569388 width=181) (actual time=16911.900..18667.774 rows=1145402 loops=1)
                     Sort Key: customer.c_custkey, nation.n_name
                     Presorted Key: customer.c_custkey
                     Full-sort Groups: 34068  Sort Method: quicksort  Average Memory: 31kB  Peak Memory: 31kB
                     ->  Nested Loop  (cost=2252326.42..2343177.38 rows=569388 width=181) (actual time=16911.541..18298.315 rows=1145402 loops=1)
                           ->  Merge Join  (cost=2252326.27..2329235.22 rows=569388 width=159) (actual time=16911.280..17883.002 rows=1145402 loops=1)
                                 Merge Cond: (customer.c_custkey = orders.o_custkey)
                                 ->  Index Scan using customer_pkey on customer  (cost=0.43..64622.44 rows=1500034 width=147) (actual time=0.524..508.363 rows=1499997 loops=1)
                                 ->  Sort  (cost=2252322.25..2253745.72 rows=569388 width=16) (actual time=16910.740..17020.081 rows=1145402 loops=1)
                                       Sort Key: orders.o_custkey
                                       Sort Method: external sort  Disk: 35280kB
                                       ->  Hash Join  (cost=283503.18..2197891.45 rows=569388 width=16) (actual time=4960.928..16468.373 rows=1145402 loops=1)
                                             Hash Cond: (lineitem.l_orderkey = orders.o_orderkey)
                                             ->  Seq Scan on lineitem  (cost=0.00..1875029.70 rows=14993735 width=16) (actual time=0.477..9861.679 rows=14808183 loops=1)
                                                   Filter: (l_returnflag = 'R'::bpchar)
                                                   Rows Removed by Filter: 45177869
                                             ->  Hash  (cost=276382.57..276382.57 rows=569649 width=8) (actual time=4958.297..4958.298 rows=573160 loops=1)
                                                   Buckets: 1048576  Batches: 1  Memory Usage: 30582kB
                                                   ->  Bitmap Heap Scan on orders  (cost=6569.84..276382.57 rows=569649 width=8) (actual time=111.739..4779.119 rows=573160 loops=1)
                                                         Recheck Cond: ((o_orderdate >= '1994-08-01'::date) AND (o_orderdate < '1994-11-01'::date))
                                                         Heap Blocks: exact=233346
                                                         ->  Bitmap Index Scan on idx_orders_orderdate  (cost=0.00..6427.43 rows=569649 width=0) (actual time=65.013..65.013 rows=573160 loops=1)
                                                               Index Cond: ((o_orderdate >= '1994-08-01'::date) AND (o_orderdate < '1994-11-01'::date))
                           ->  Memoize  (cost=0.15..0.92 rows=1 width=30) (actual time=0.000..0.000 rows=1 loops=1145402)
                                 Cache Key: customer.c_nationkey
                                 Cache Mode: logical
                                 Hits: 1145377  Misses: 25  Evictions: 0  Overflows: 0  Memory Usage: 4kB
                                 ->  Index Scan using nation_pkey on nation  (cost=0.14..0.91 rows=1 width=30) (actual time=0.012..0.012 rows=1 loops=25)
                                       Index Cond: (n_nationkey = customer.c_nationkey)
 Planning Time: 22.206 ms
 Execution Time: 19471.779 ms
(37 rows)

SET
SET
SET
                                                                                            QUERY PLAN                                                                                            
--------------------------------------------------------------------------------------------------------------------------------------------------------------------------------------------------
 Limit  (cost=2398185.75..2398185.80 rows=20 width=201) (actual time=13831.579..13831.585 rows=20 loops=1)
   ->  Sort  (cost=2398185.75..2399609.22 rows=569388 width=201) (actual time=13831.578..13831.582 rows=20 loops=1)
         Sort Key: (sum((lineitem.l_extendedprice * ('1'::numeric - lineitem.l_discount)))) DESC
         Sort Method: top-N heapsort  Memory: 33kB
         ->  GroupAggregate  (cost=2252326.59..2383034.54 rows=569388 width=201) (actual time=11420.506..13716.570 rows=381205 loops=1)
               Group Key: customer.c_custkey, nation.n_name
               ->  Incremental Sort  (cost=2252326.59..2368799.84 rows=569388 width=181) (actual time=11420.493..13036.772 rows=1145402 loops=1)
                     Sort Key: customer.c_custkey, nation.n_name
                     Presorted Key: customer.c_custkey
                     Full-sort Groups: 34068  Sort Method: quicksort  Average Memory: 31kB  Peak Memory: 31kB
                     ->  Nested Loop  (cost=2252326.42..2343177.38 rows=569388 width=181) (actual time=11420.161..12672.128 rows=1145402 loops=1)
                           ->  Merge Join  (cost=2252326.27..2329235.22 rows=569388 width=159) (actual time=11420.131..12262.590 rows=1145402 loops=1)
                                 Merge Cond: (customer.c_custkey = orders.o_custkey)
                                 ->  Index Scan using customer_pkey on customer  (cost=0.43..64622.44 rows=1500034 width=147) (actual time=0.024..385.932 rows=1499997 loops=1)
                                 ->  Sort  (cost=2252322.25..2253745.72 rows=569388 width=16) (actual time=11420.092..11528.024 rows=1145402 loops=1)
                                       Sort Key: orders.o_custkey
                                       Sort Method: external sort  Disk: 35280kB
                                       ->  Hash Join  (cost=283503.18..2197891.45 rows=569388 width=16) (actual time=1571.187..10992.480 rows=1145402 loops=1)
                                             Hash Cond: (lineitem.l_orderkey = orders.o_orderkey)
                                             ->  Seq Scan on lineitem  (cost=0.00..1875029.70 rows=14993735 width=16) (actual time=0.021..7863.122 rows=14808183 loops=1)
                                                   Filter: (l_returnflag = 'R'::bpchar)
                                                   Rows Removed by Filter: 45177869
                                             ->  Hash  (cost=276382.57..276382.57 rows=569649 width=8) (actual time=1569.816..1569.817 rows=573160 loops=1)
                                                   Buckets: 1048576  Batches: 1  Memory Usage: 30582kB
                                                   ->  Bitmap Heap Scan on orders  (cost=6569.84..276382.57 rows=569649 width=8) (actual time=110.512..1441.354 rows=573160 loops=1)
                                                         Recheck Cond: ((o_orderdate >= '1994-08-01'::date) AND (o_orderdate < '1994-11-01'::date))
                                                         Heap Blocks: exact=233346
                                                         ->  Bitmap Index Scan on idx_orders_orderdate  (cost=0.00..6427.43 rows=569649 width=0) (actual time=64.278..64.279 rows=573160 loops=1)
                                                               Index Cond: ((o_orderdate >= '1994-08-01'::date) AND (o_orderdate < '1994-11-01'::date))
                           ->  Memoize  (cost=0.15..0.92 rows=1 width=30) (actual time=0.000..0.000 rows=1 loops=1145402)
                                 Cache Key: customer.c_nationkey
                                 Cache Mode: logical
                                 Hits: 1145377  Misses: 25  Evictions: 0  Overflows: 0  Memory Usage: 4kB
                                 ->  Index Scan using nation_pkey on nation  (cost=0.14..0.91 rows=1 width=30) (actual time=0.002..0.002 rows=1 loops=25)
                                       Index Cond: (n_nationkey = customer.c_nationkey)
 Planning Time: 1.821 ms
 Execution Time: 13836.492 ms
(37 rows)

query 11 run 1
SET
SET
SET
                                                                                QUERY PLAN                                                                                 
---------------------------------------------------------------------------------------------------------------------------------------------------------------------------
 Limit  (cost=606589.02..606589.03 rows=1 width=36) (actual time=3494.433..3494.439 rows=0 loops=1)
   InitPlan 1
     ->  Aggregate  (cost=293120.00..293120.01 rows=1 width=32) (actual time=1397.991..1397.994 rows=1 loops=1)
           ->  Hash Join  (cost=2311.46..290719.62 rows=320050 width=10) (actual time=3.054..1327.597 rows=320800 loops=1)
                 Hash Cond: (partsupp_1.ps_suppkey = supplier_1.s_suppkey)
                 ->  Seq Scan on partsupp partsupp_1  (cost=0.00..255234.44 rows=8001244 width=14) (actual time=0.023..618.933 rows=8000000 loops=1)
                 ->  Hash  (cost=2261.46..2261.46 rows=4000 width=4) (actual time=2.984..2.986 rows=4010 loops=1)
                       Buckets: 4096  Batches: 1  Memory Usage: 173kB
                       ->  Nested Loop  (cost=37.29..2261.46 rows=4000 width=4) (actual time=0.646..2.631 rows=4010 loops=1)
                             ->  Seq Scan on nation nation_1  (cost=0.00..1.31 rows=1 width=4) (actual time=0.006..0.007 rows=1 loops=1)
                                   Filter: (n_name = 'SAUDI ARABIA'::bpchar)
                                   Rows Removed by Filter: 24
                             ->  Bitmap Heap Scan on supplier supplier_1  (cost=37.29..2220.15 rows=4000 width=8) (actual time=0.636..2.305 rows=4010 loops=1)
                                   Recheck Cond: (s_nationkey = nation_1.n_nationkey)
                                   Heap Blocks: exact=1869
                                   ->  Bitmap Index Scan on idx_supplier_nation_key  (cost=0.00..36.29 rows=4000 width=0) (actual time=0.420..0.420 rows=4010 loops=1)
                                         Index Cond: (s_nationkey = nation_1.n_nationkey)
   ->  Sort  (cost=313469.01..313735.72 rows=106683 width=36) (actual time=3494.431..3494.433 rows=0 loops=1)
         Sort Key: (sum((partsupp.ps_supplycost * (partsupp.ps_availqty)::numeric))) DESC
         Sort Method: quicksort  Memory: 25kB
         ->  HashAggregate  (cost=305009.36..312935.59 rows=106683 width=36) (actual time=3494.398..3494.400 rows=0 loops=1)
               Group Key: partsupp.ps_partkey
               Filter: (sum((partsupp.ps_supplycost * (partsupp.ps_availqty)::numeric)) > (InitPlan 1).col1)
               Planned Partitions: 4  Batches: 5  Memory Usage: 65585kB  Disk Usage: 7312kB
               Rows Removed by Filter: 301833
               ->  Hash Join  (cost=2311.46..290719.62 rows=320050 width=14) (actual time=41.193..1757.456 rows=320800 loops=1)
                     Hash Cond: (partsupp.ps_suppkey = supplier.s_suppkey)
                     ->  Seq Scan on partsupp  (cost=0.00..255234.44 rows=8001244 width=18) (actual time=0.552..958.164 rows=8000000 loops=1)
                     ->  Hash  (cost=2261.46..2261.46 rows=4000 width=4) (actual time=40.566..40.567 rows=4010 loops=1)
                           Buckets: 4096  Batches: 1  Memory Usage: 173kB
                           ->  Nested Loop  (cost=37.29..2261.46 rows=4000 width=4) (actual time=1.638..39.563 rows=4010 loops=1)
                                 ->  Seq Scan on nation  (cost=0.00..1.31 rows=1 width=4) (actual time=0.207..0.210 rows=1 loops=1)
                                       Filter: (n_name = 'SAUDI ARABIA'::bpchar)
                                       Rows Removed by Filter: 24
                                 ->  Bitmap Heap Scan on supplier  (cost=37.29..2220.15 rows=4000 width=8) (actual time=1.426..38.726 rows=4010 loops=1)
                                       Recheck Cond: (s_nationkey = nation.n_nationkey)
                                       Heap Blocks: exact=1869
                                       ->  Bitmap Index Scan on idx_supplier_nation_key  (cost=0.00..36.29 rows=4000 width=0) (actual time=0.866..0.866 rows=4010 loops=1)
                                             Index Cond: (s_nationkey = nation.n_nationkey)
 Planning Time: 14.346 ms
 Execution Time: 3497.028 ms
(41 rows)

SET
SET
SET
                                                                                QUERY PLAN                                                                                 
---------------------------------------------------------------------------------------------------------------------------------------------------------------------------
 Limit  (cost=606589.02..606589.03 rows=1 width=36) (actual time=3050.775..3050.781 rows=0 loops=1)
   InitPlan 1
     ->  Aggregate  (cost=293120.00..293120.01 rows=1 width=32) (actual time=1387.908..1387.911 rows=1 loops=1)
           ->  Hash Join  (cost=2311.46..290719.62 rows=320050 width=10) (actual time=3.041..1317.542 rows=320800 loops=1)
                 Hash Cond: (partsupp_1.ps_suppkey = supplier_1.s_suppkey)
                 ->  Seq Scan on partsupp partsupp_1  (cost=0.00..255234.44 rows=8001244 width=14) (actual time=0.019..612.439 rows=8000000 loops=1)
                 ->  Hash  (cost=2261.46..2261.46 rows=4000 width=4) (actual time=2.979..2.981 rows=4010 loops=1)
                       Buckets: 4096  Batches: 1  Memory Usage: 173kB
                       ->  Nested Loop  (cost=37.29..2261.46 rows=4000 width=4) (actual time=0.597..2.630 rows=4010 loops=1)
                             ->  Seq Scan on nation nation_1  (cost=0.00..1.31 rows=1 width=4) (actual time=0.006..0.007 rows=1 loops=1)
                                   Filter: (n_name = 'SAUDI ARABIA'::bpchar)
                                   Rows Removed by Filter: 24
                             ->  Bitmap Heap Scan on supplier supplier_1  (cost=37.29..2220.15 rows=4000 width=8) (actual time=0.588..2.298 rows=4010 loops=1)
                                   Recheck Cond: (s_nationkey = nation_1.n_nationkey)
                                   Heap Blocks: exact=1869
                                   ->  Bitmap Index Scan on idx_supplier_nation_key  (cost=0.00..36.29 rows=4000 width=0) (actual time=0.379..0.379 rows=4010 loops=1)
                                         Index Cond: (s_nationkey = nation_1.n_nationkey)
   ->  Sort  (cost=313469.01..313735.72 rows=106683 width=36) (actual time=3050.773..3050.775 rows=0 loops=1)
         Sort Key: (sum((partsupp.ps_supplycost * (partsupp.ps_availqty)::numeric))) DESC
         Sort Method: quicksort  Memory: 25kB
         ->  HashAggregate  (cost=305009.36..312935.59 rows=106683 width=36) (actual time=3050.744..3050.746 rows=0 loops=1)
               Group Key: partsupp.ps_partkey
               Filter: (sum((partsupp.ps_supplycost * (partsupp.ps_availqty)::numeric)) > (InitPlan 1).col1)
               Planned Partitions: 4  Batches: 5  Memory Usage: 65585kB  Disk Usage: 7312kB
               Rows Removed by Filter: 301833
               ->  Hash Join  (cost=2311.46..290719.62 rows=320050 width=14) (actual time=3.722..1330.306 rows=320800 loops=1)
                     Hash Cond: (partsupp.ps_suppkey = supplier.s_suppkey)
                     ->  Seq Scan on partsupp  (cost=0.00..255234.44 rows=8001244 width=18) (actual time=0.043..624.264 rows=8000000 loops=1)
                     ->  Hash  (cost=2261.46..2261.46 rows=4000 width=4) (actual time=3.648..3.649 rows=4010 loops=1)
                           Buckets: 4096  Batches: 1  Memory Usage: 173kB
                           ->  Nested Loop  (cost=37.29..2261.46 rows=4000 width=4) (actual time=0.494..3.274 rows=4010 loops=1)
                                 ->  Seq Scan on nation  (cost=0.00..1.31 rows=1 width=4) (actual time=0.011..0.013 rows=1 loops=1)
                                       Filter: (n_name = 'SAUDI ARABIA'::bpchar)
                                       Rows Removed by Filter: 24
                                 ->  Bitmap Heap Scan on supplier  (cost=37.29..2220.15 rows=4000 width=8) (actual time=0.479..2.916 rows=4010 loops=1)
                                       Recheck Cond: (s_nationkey = nation.n_nationkey)
                                       Heap Blocks: exact=1869
                                       ->  Bitmap Index Scan on idx_supplier_nation_key  (cost=0.00..36.29 rows=4000 width=0) (actual time=0.266..0.266 rows=4010 loops=1)
                                             Index Cond: (s_nationkey = nation.n_nationkey)
 Planning Time: 0.946 ms
 Execution Time: 3052.979 ms
(41 rows)

query 12 run 1
SET
SET
SET
                                                                                                                    QUERY PLAN                                                                                                                     
---------------------------------------------------------------------------------------------------------------------------------------------------------------------------------------------------------------------------------------------------
 Limit  (cost=3031892.10..3032728.70 rows=1 width=27) (actual time=18188.093..18188.096 rows=1 loops=1)
   ->  GroupAggregate  (cost=3031892.10..3037748.31 rows=7 width=27) (actual time=18188.092..18188.094 rows=1 loops=1)
         Group Key: lineitem.l_shipmode
         ->  Sort  (cost=3031892.10..3032624.12 rows=292807 width=27) (actual time=18146.067..18152.258 rows=155572 loops=1)
               Sort Key: lineitem.l_shipmode
               Sort Method: quicksort  Memory: 25513kB
               ->  Hash Join  (cost=2478599.15..3005305.82 rows=292807 width=27) (actual time=14249.998..18093.397 rows=311258 loops=1)
                     Hash Cond: (orders.o_orderkey = lineitem.l_orderkey)
                     ->  Seq Scan on orders  (cost=0.00..411274.06 rows=15000606 width=20) (actual time=0.427..1452.148 rows=15000000 loops=1)
                     ->  Hash  (cost=2474939.06..2474939.06 rows=292807 width=15) (actual time=14248.849..14248.849 rows=311258 loops=1)
                           Buckets: 524288  Batches: 1  Memory Usage: 18687kB
                           ->  Seq Scan on lineitem  (cost=0.00..2474939.06 rows=292807 width=15) (actual time=1.306..14177.146 rows=311258 loops=1)
                                 Filter: ((l_shipmode = ANY ('{SHIP,"REG AIR"}'::bpchar[])) AND (l_commitdate < l_receiptdate) AND (l_shipdate < l_commitdate) AND (l_receiptdate >= '1994-01-01'::date) AND (l_receiptdate < '1995-01-01'::date))
                                 Rows Removed by Filter: 59674794
 Planning Time: 17.981 ms
 Execution Time: 18188.463 ms
(16 rows)

SET
SET
SET
                                                                                                                    QUERY PLAN                                                                                                                     
---------------------------------------------------------------------------------------------------------------------------------------------------------------------------------------------------------------------------------------------------
 Limit  (cost=3031892.10..3032728.70 rows=1 width=27) (actual time=15444.744..15444.747 rows=1 loops=1)
   ->  GroupAggregate  (cost=3031892.10..3037748.31 rows=7 width=27) (actual time=15444.743..15444.746 rows=1 loops=1)
         Group Key: lineitem.l_shipmode
         ->  Sort  (cost=3031892.10..3032624.12 rows=292807 width=27) (actual time=15403.052..15409.233 rows=155572 loops=1)
               Sort Key: lineitem.l_shipmode
               Sort Method: quicksort  Memory: 25513kB
               ->  Hash Join  (cost=2478599.15..3005305.82 rows=292807 width=27) (actual time=12072.282..15352.494 rows=311258 loops=1)
                     Hash Cond: (orders.o_orderkey = lineitem.l_orderkey)
                     ->  Seq Scan on orders  (cost=0.00..411274.06 rows=15000606 width=20) (actual time=0.026..1042.627 rows=15000000 loops=1)
                     ->  Hash  (cost=2474939.06..2474939.06 rows=292807 width=15) (actual time=12071.590..12071.591 rows=311258 loops=1)
                           Buckets: 524288  Batches: 1  Memory Usage: 18687kB
                           ->  Seq Scan on lineitem  (cost=0.00..2474939.06 rows=292807 width=15) (actual time=0.112..12006.877 rows=311258 loops=1)
                                 Filter: ((l_shipmode = ANY ('{SHIP,"REG AIR"}'::bpchar[])) AND (l_commitdate < l_receiptdate) AND (l_shipdate < l_commitdate) AND (l_receiptdate >= '1994-01-01'::date) AND (l_receiptdate < '1995-01-01'::date))
                                 Rows Removed by Filter: 59674794
 Planning Time: 0.854 ms
 Execution Time: 15444.824 ms
(16 rows)

query 13 run 1
SET
SET
SET
                                                                                    QUERY PLAN                                                                                     
-----------------------------------------------------------------------------------------------------------------------------------------------------------------------------------
 Limit  (cost=1361662.06..1361662.07 rows=1 width=16) (actual time=16596.634..16596.637 rows=1 loops=1)
   ->  Sort  (cost=1361662.06..1361662.56 rows=200 width=16) (actual time=16596.632..16596.635 rows=1 loops=1)
         Sort Key: (count(*)) DESC, (count(orders.o_orderkey)) DESC
         Sort Method: top-N heapsort  Memory: 25kB
         ->  HashAggregate  (cost=1361659.06..1361661.06 rows=200 width=16) (actual time=16596.604..16596.612 rows=46 loops=1)
               Group Key: count(orders.o_orderkey)
               Batches: 1  Memory Usage: 40kB
               ->  HashAggregate  (cost=1208149.74..1339158.55 rows=1500034 width=12) (actual time=14447.236..16427.613 rows=1500000 loops=1)
                     Group Key: customer.c_custkey
                     Planned Partitions: 4  Batches: 5  Memory Usage: 65585kB  Disk Usage: 212480kB
                     ->  Hash Right Join  (cost=53285.36..662909.90 rows=14849085 width=8) (actual time=371.607..10643.383 rows=15337604 loops=1)
                           Hash Cond: (orders.o_custkey = customer.c_custkey)
                           ->  Seq Scan on orders  (cost=0.00..448775.58 rows=14849085 width=8) (actual time=0.592..4978.509 rows=14837583 loops=1)
                                 Filter: ((o_comment)::text !~~ '%special%requests%'::text)
                                 Rows Removed by Filter: 162417
                           ->  Hash  (cost=28674.94..28674.94 rows=1500034 width=4) (actual time=368.337..368.338 rows=1500000 loops=1)
                                 Buckets: 2097152  Batches: 2  Memory Usage: 42747kB
                                 ->  Index Only Scan using customer_pkey on customer  (cost=0.43..28674.94 rows=1500034 width=4) (actual time=0.022..164.788 rows=1500000 loops=1)
                                       Heap Fetches: 0
 Planning Time: 16.312 ms
 Execution Time: 16629.689 ms
(21 rows)

SET
SET
SET
                                                                                    QUERY PLAN                                                                                     
-----------------------------------------------------------------------------------------------------------------------------------------------------------------------------------
 Limit  (cost=1361662.06..1361662.07 rows=1 width=16) (actual time=15990.640..15990.643 rows=1 loops=1)
   ->  Sort  (cost=1361662.06..1361662.56 rows=200 width=16) (actual time=15990.638..15990.641 rows=1 loops=1)
         Sort Key: (count(*)) DESC, (count(orders.o_orderkey)) DESC
         Sort Method: top-N heapsort  Memory: 25kB
         ->  HashAggregate  (cost=1361659.06..1361661.06 rows=200 width=16) (actual time=15990.612..15990.620 rows=46 loops=1)
               Group Key: count(orders.o_orderkey)
               Batches: 1  Memory Usage: 40kB
               ->  HashAggregate  (cost=1208149.74..1339158.55 rows=1500034 width=12) (actual time=13886.380..15821.960 rows=1500000 loops=1)
                     Group Key: customer.c_custkey
                     Planned Partitions: 4  Batches: 5  Memory Usage: 65585kB  Disk Usage: 212480kB
                     ->  Hash Right Join  (cost=53285.36..662909.90 rows=14849085 width=8) (actual time=325.567..10107.417 rows=15337604 loops=1)
                           Hash Cond: (orders.o_custkey = customer.c_custkey)
                           ->  Seq Scan on orders  (cost=0.00..448775.58 rows=14849085 width=8) (actual time=0.037..4509.367 rows=14837583 loops=1)
                                 Filter: ((o_comment)::text !~~ '%special%requests%'::text)
                                 Rows Removed by Filter: 162417
                           ->  Hash  (cost=28674.94..28674.94 rows=1500034 width=4) (actual time=323.032..323.033 rows=1500000 loops=1)
                                 Buckets: 2097152  Batches: 2  Memory Usage: 42747kB
                                 ->  Index Only Scan using customer_pkey on customer  (cost=0.43..28674.94 rows=1500034 width=4) (actual time=0.021..133.863 rows=1500000 loops=1)
                                       Heap Fetches: 0
 Planning Time: 0.969 ms
 Execution Time: 16024.365 ms
(21 rows)

query 14 run 1
SET
SET
SET
                                                                              QUERY PLAN                                                                               
-----------------------------------------------------------------------------------------------------------------------------------------------------------------------
 Limit  (cost=1261840.83..1261840.85 rows=1 width=32) (actual time=68134.236..68134.238 rows=1 loops=1)
   ->  Aggregate  (cost=1261840.83..1261840.85 rows=1 width=32) (actual time=68134.235..68134.236 rows=1 loops=1)
         ->  Hash Join  (cost=99653.32..1248832.13 rows=743354 width=33) (actual time=762.391..67595.513 rows=772942 loops=1)
               Hash Cond: (lineitem.l_partkey = part.p_partkey)
               ->  Index Scan using idx_lineitem_shipdate on lineitem  (cost=0.56..1126255.34 rows=746680 width=16) (actual time=0.963..65741.786 rows=772942 loops=1)
                     Index Cond: ((l_shipdate >= '1994-05-01'::date) AND (l_shipdate < '1994-06-01'::date))
               ->  Hash  (cost=60980.89..60980.89 rows=1999989 width=25) (actual time=759.660..759.661 rows=2000000 loops=1)
                     Buckets: 1048576  Batches: 4  Memory Usage: 37079kB
                     ->  Seq Scan on part  (cost=0.00..60980.89 rows=1999989 width=25) (actual time=0.471..448.009 rows=2000000 loops=1)
 Planning Time: 15.980 ms
 Execution Time: 68134.570 ms
(11 rows)

SET
SET
SET
                                                                              QUERY PLAN                                                                              
----------------------------------------------------------------------------------------------------------------------------------------------------------------------
 Limit  (cost=1261840.83..1261840.85 rows=1 width=32) (actual time=3504.945..3504.947 rows=1 loops=1)
   ->  Aggregate  (cost=1261840.83..1261840.85 rows=1 width=32) (actual time=3504.944..3504.946 rows=1 loops=1)
         ->  Hash Join  (cost=99653.32..1248832.13 rows=743354 width=33) (actual time=634.077..3212.322 rows=772942 loops=1)
               Hash Cond: (lineitem.l_partkey = part.p_partkey)
               ->  Index Scan using idx_lineitem_shipdate on lineitem  (cost=0.56..1126255.34 rows=746680 width=16) (actual time=0.040..1989.294 rows=772942 loops=1)
                     Index Cond: ((l_shipdate >= '1994-05-01'::date) AND (l_shipdate < '1994-06-01'::date))
               ->  Hash  (cost=60980.89..60980.89 rows=1999989 width=25) (actual time=632.612..632.612 rows=2000000 loops=1)
                     Buckets: 1048576  Batches: 4  Memory Usage: 37079kB
                     ->  Seq Scan on part  (cost=0.00..60980.89 rows=1999989 width=25) (actual time=0.038..326.843 rows=2000000 loops=1)
 Planning Time: 1.193 ms
 Execution Time: 3505.046 ms
(11 rows)

query 15 run 1
SET
SET
SET
CREATE VIEW
                                                                                   QUERY PLAN                                                                                   
--------------------------------------------------------------------------------------------------------------------------------------------------------------------------------
 Limit  (cost=3708861.99..3708870.74 rows=1 width=103) (actual time=19417.624..19417.628 rows=1 loops=1)
   InitPlan 1
     ->  Aggregate  (cost=1854919.45..1854919.46 rows=1 width=32) (actual time=6259.663..6259.664 rows=1 loops=1)
           ->  HashAggregate  (cost=1852407.57..1853663.51 rows=100475 width=36) (actual time=6218.507..6253.860 rows=100000 loops=1)
                 Group Key: lineitem_1.l_suppkey
                 Batches: 1  Memory Usage: 43025kB
                 ->  Bitmap Heap Scan on lineitem lineitem_1  (cost=34336.02..1830992.98 rows=2141459 width=16) (actual time=354.088..4779.662 rows=2265714 loops=1)
                       Recheck Cond: ((l_shipdate >= '1996-01-01'::date) AND (l_shipdate < '1996-04-01'::date))
                       Rows Removed by Index Recheck: 13223651
                       Heap Blocks: exact=401153 lossy=267105
                       ->  Bitmap Index Scan on idx_lineitem_shipdate  (cost=0.00..33800.65 rows=2141459 width=0) (actual time=268.113..268.114 rows=2265714 loops=1)
                             Index Cond: ((l_shipdate >= '1996-01-01'::date) AND (l_shipdate < '1996-04-01'::date))
   ->  Merge Join  (cost=1853942.53..1858335.56 rows=502 width=103) (actual time=19417.623..19417.624 rows=1 loops=1)
         Merge Cond: (supplier.s_suppkey = revenue0.supplier_no)
         ->  Index Scan using supplier_pkey on supplier  (cost=0.29..4135.79 rows=100000 width=71) (actual time=0.705..19.137 rows=69998 loops=1)
         ->  Sort  (cost=1853942.24..1853943.49 rows=502 width=36) (actual time=19394.291..19394.293 rows=1 loops=1)
               Sort Key: revenue0.supplier_no
               Sort Method: quicksort  Memory: 25kB
               ->  Subquery Scan on revenue0  (cost=1852407.57..1853919.72 rows=502 width=36) (actual time=19364.787..19394.283 rows=1 loops=1)
                     ->  HashAggregate  (cost=1852407.57..1853914.70 rows=502 width=36) (actual time=19364.786..19394.280 rows=1 loops=1)
                           Group Key: lineitem.l_suppkey
                           Filter: (sum((lineitem.l_extendedprice * ('1'::numeric - lineitem.l_discount))) = (InitPlan 1).col1)
                           Batches: 1  Memory Usage: 43025kB
                           Rows Removed by Filter: 99999
                           ->  Bitmap Heap Scan on lineitem  (cost=34336.02..1830992.98 rows=2141459 width=16) (actual time=426.869..11319.528 rows=2265714 loops=1)
                                 Recheck Cond: ((l_shipdate >= '1996-01-01'::date) AND (l_shipdate < '1996-04-01'::date))
                                 Rows Removed by Index Recheck: 13223651
                                 Heap Blocks: exact=401153 lossy=267105
                                 ->  Bitmap Index Scan on idx_lineitem_shipdate  (cost=0.00..33800.65 rows=2141459 width=0) (actual time=339.778..339.778 rows=2265714 loops=1)
                                       Index Cond: ((l_shipdate >= '1996-01-01'::date) AND (l_shipdate < '1996-04-01'::date))
 Planning Time: 15.369 ms
 Execution Time: 19419.843 ms
(32 rows)

DROP VIEW
SET
SET
SET
CREATE VIEW
                                                                                   QUERY PLAN                                                                                   
--------------------------------------------------------------------------------------------------------------------------------------------------------------------------------
 Limit  (cost=3708861.99..3708870.74 rows=1 width=103) (actual time=13072.052..13072.056 rows=1 loops=1)
   InitPlan 1
     ->  Aggregate  (cost=1854919.45..1854919.46 rows=1 width=32) (actual time=6270.495..6270.496 rows=1 loops=1)
           ->  HashAggregate  (cost=1852407.57..1853663.51 rows=100475 width=36) (actual time=6229.306..6264.701 rows=100000 loops=1)
                 Group Key: lineitem_1.l_suppkey
                 Batches: 1  Memory Usage: 43025kB
                 ->  Bitmap Heap Scan on lineitem lineitem_1  (cost=34336.02..1830992.98 rows=2141459 width=16) (actual time=354.060..4788.322 rows=2265714 loops=1)
                       Recheck Cond: ((l_shipdate >= '1996-01-01'::date) AND (l_shipdate < '1996-04-01'::date))
                       Rows Removed by Index Recheck: 13223651
                       Heap Blocks: exact=401153 lossy=267105
                       ->  Bitmap Index Scan on idx_lineitem_shipdate  (cost=0.00..33800.65 rows=2141459 width=0) (actual time=268.086..268.087 rows=2265714 loops=1)
                             Index Cond: ((l_shipdate >= '1996-01-01'::date) AND (l_shipdate < '1996-04-01'::date))
   ->  Merge Join  (cost=1853942.53..1858335.56 rows=502 width=103) (actual time=13072.051..13072.052 rows=1 loops=1)
         Merge Cond: (supplier.s_suppkey = revenue0.supplier_no)
         ->  Index Scan using supplier_pkey on supplier  (cost=0.29..4135.79 rows=100000 width=71) (actual time=0.052..12.286 rows=69998 loops=1)
         ->  Sort  (cost=1853942.24..1853943.49 rows=502 width=36) (actual time=13055.805..13055.806 rows=1 loops=1)
               Sort Key: revenue0.supplier_no
               Sort Method: quicksort  Memory: 25kB
               ->  Subquery Scan on revenue0  (cost=1852407.57..1853919.72 rows=502 width=36) (actual time=13026.165..13055.799 rows=1 loops=1)
                     ->  HashAggregate  (cost=1852407.57..1853914.70 rows=502 width=36) (actual time=13026.164..13055.796 rows=1 loops=1)
                           Group Key: lineitem.l_suppkey
                           Filter: (sum((lineitem.l_extendedprice * ('1'::numeric - lineitem.l_discount))) = (InitPlan 1).col1)
                           Batches: 1  Memory Usage: 43025kB
                           Rows Removed by Filter: 99999
                           ->  Bitmap Heap Scan on lineitem  (cost=34336.02..1830992.98 rows=2141459 width=16) (actual time=375.849..5281.009 rows=2265714 loops=1)
                                 Recheck Cond: ((l_shipdate >= '1996-01-01'::date) AND (l_shipdate < '1996-04-01'::date))
                                 Rows Removed by Index Recheck: 13223651
                                 Heap Blocks: exact=401153 lossy=267105
                                 ->  Bitmap Index Scan on idx_lineitem_shipdate  (cost=0.00..33800.65 rows=2141459 width=0) (actual time=289.735..289.735 rows=2265714 loops=1)
                                       Index Cond: ((l_shipdate >= '1996-01-01'::date) AND (l_shipdate < '1996-04-01'::date))
 Planning Time: 1.085 ms
 Execution Time: 13073.606 ms
(32 rows)

DROP VIEW
query 16 run 1
SET
SET
SET
                                                                                         QUERY PLAN                                                                                         
--------------------------------------------------------------------------------------------------------------------------------------------------------------------------------------------
 Limit  (cost=359421.97..359421.97 rows=1 width=44) (actual time=7571.079..7571.082 rows=1 loops=1)
   ->  Sort  (cost=359421.97..359807.60 rows=154252 width=44) (actual time=7571.077..7571.080 rows=1 loops=1)
         Sort Key: (count(DISTINCT partsupp.ps_suppkey)) DESC, part.p_brand, part.p_type, part.p_size
         Sort Method: top-N heapsort  Memory: 25kB
         ->  GroupAggregate  (cost=349621.91..358650.71 rows=154252 width=44) (actual time=6826.220..7566.596 rows=27838 loops=1)
               Group Key: part.p_brand, part.p_type, part.p_size
               ->  Sort  (cost=349621.91..351119.17 rows=598902 width=40) (actual time=6826.174..7367.601 rows=1186319 loops=1)
                     Sort Key: part.p_brand, part.p_type, part.p_size, partsupp.ps_suppkey
                     Sort Method: external merge  Disk: 60592kB
                     ->  Hash Join  (cost=98194.72..281623.65 rows=598902 width=40) (actual time=755.459..3038.575 rows=1186319 loops=1)
                           Hash Cond: (partsupp.ps_partkey = part.p_partkey)
                           ->  Index Only Scan using partsupp_pkey on partsupp  (cost=3471.46..176398.73 rows=4000622 width=8) (actual time=33.521..1540.336 rows=7995520 loops=1)
                                 Filter: (NOT (ANY (ps_suppkey = (hashed SubPlan 1).col1)))
                                 Rows Removed by Filter: 4480
                                 Heap Fetches: 0
                                 SubPlan 1
                                   ->  Seq Scan on supplier  (cost=0.00..3471.00 rows=10 width=4) (actual time=1.278..33.019 rows=56 loops=1)
                                         Filter: ((s_comment)::text ~~ '%Customer%Complaints%'::text)
                                         Rows Removed by Filter: 99944
                           ->  Hash  (cost=90980.73..90980.73 rows=299403 width=40) (actual time=721.246..721.247 rows=296733 loops=1)
                                 Buckets: 524288  Batches: 1  Memory Usage: 25593kB
                                 ->  Seq Scan on part  (cost=0.00..90980.73 rows=299403 width=40) (actual time=0.680..659.924 rows=296733 loops=1)
                                       Filter: ((p_brand <> 'Brand#12'::bpchar) AND ((p_type)::text !~~ 'SMALL BRUSHED%'::text) AND (p_size = ANY ('{12,32,36,26,40,34,49,9}'::integer[])))
                                       Rows Removed by Filter: 1703267
 Planning Time: 17.804 ms
 Execution Time: 7579.112 ms
(26 rows)

SET
SET
SET
                                                                                         QUERY PLAN                                                                                         
--------------------------------------------------------------------------------------------------------------------------------------------------------------------------------------------
 Limit  (cost=359421.97..359421.97 rows=1 width=44) (actual time=7180.593..7180.596 rows=1 loops=1)
   ->  Sort  (cost=359421.97..359807.60 rows=154252 width=44) (actual time=7180.592..7180.595 rows=1 loops=1)
         Sort Key: (count(DISTINCT partsupp.ps_suppkey)) DESC, part.p_brand, part.p_type, part.p_size
         Sort Method: top-N heapsort  Memory: 25kB
         ->  GroupAggregate  (cost=349621.91..358650.71 rows=154252 width=44) (actual time=6440.613..7176.122 rows=27838 loops=1)
               Group Key: part.p_brand, part.p_type, part.p_size
               ->  Sort  (cost=349621.91..351119.17 rows=598902 width=40) (actual time=6440.567..6981.587 rows=1186319 loops=1)
                     Sort Key: part.p_brand, part.p_type, part.p_size, partsupp.ps_suppkey
                     Sort Method: external merge  Disk: 60592kB
                     ->  Hash Join  (cost=98194.72..281623.65 rows=598902 width=40) (actual time=542.678..2659.857 rows=1186319 loops=1)
                           Hash Cond: (partsupp.ps_partkey = part.p_partkey)
                           ->  Index Only Scan using partsupp_pkey on partsupp  (cost=3471.46..176398.73 rows=4000622 width=8) (actual time=20.416..1380.580 rows=7995520 loops=1)
                                 Filter: (NOT (ANY (ps_suppkey = (hashed SubPlan 1).col1)))
                                 Rows Removed by Filter: 4480
                                 Heap Fetches: 0
                                 SubPlan 1
                                   ->  Seq Scan on supplier  (cost=0.00..3471.00 rows=10 width=4) (actual time=0.088..20.148 rows=56 loops=1)
                                         Filter: ((s_comment)::text ~~ '%Customer%Complaints%'::text)
                                         Rows Removed by Filter: 99944
                           ->  Hash  (cost=90980.73..90980.73 rows=299403 width=40) (actual time=521.618..521.619 rows=296733 loops=1)
                                 Buckets: 524288  Batches: 1  Memory Usage: 25593kB
                                 ->  Seq Scan on part  (cost=0.00..90980.73 rows=299403 width=40) (actual time=0.021..463.036 rows=296733 loops=1)
                                       Filter: ((p_brand <> 'Brand#12'::bpchar) AND ((p_type)::text !~~ 'SMALL BRUSHED%'::text) AND (p_size = ANY ('{12,32,36,26,40,34,49,9}'::integer[])))
                                       Rows Removed by Filter: 1703267
 Planning Time: 0.913 ms
 Execution Time: 7188.656 ms
(26 rows)

query 17 run 1
SET
SET
SET
                                                                            QUERY PLAN                                                                            
------------------------------------------------------------------------------------------------------------------------------------------------------------------
 Limit  (cost=4888079.32..4888079.33 rows=1 width=32) (actual time=52626.062..52626.065 rows=1 loops=1)
   ->  Aggregate  (cost=4888079.32..4888079.33 rows=1 width=32) (actual time=52626.061..52626.063 rows=1 loops=1)
         ->  Nested Loop  (cost=4174604.89..4888030.57 rows=19497 width=8) (actual time=30873.776..52624.202 rows=5319 loops=1)
               Join Filter: (lineitem.l_partkey = part.p_partkey)
               ->  Hash Join  (cost=4174604.45..4795860.97 rows=1959 width=40) (actual time=30873.022..51609.579 rows=1996 loops=1)
                     Hash Cond: (lineitem_1.l_partkey = part.p_partkey)
                     ->  HashAggregate  (cost=4103599.24..4719582.29 rows=2008938 width=36) (actual time=30418.947..51005.258 rows=2000000 loops=1)
                           Group Key: lineitem_1.l_partkey
                           Planned Partitions: 16  Batches: 17  Memory Usage: 65681kB  Disk Usage: 1996856kB
                           ->  Seq Scan on lineitem lineitem_1  (cost=0.00..1725052.36 rows=59990936 width=9) (actual time=0.778..6201.844 rows=59986052 loops=1)
                     ->  Hash  (cost=70980.83..70980.83 rows=1950 width=4) (actual time=452.296..452.297 rows=1996 loops=1)
                           Buckets: 2048  Batches: 1  Memory Usage: 87kB
                           ->  Seq Scan on part  (cost=0.00..70980.83 rows=1950 width=4) (actual time=1.312..451.432 rows=1996 loops=1)
                                 Filter: ((p_brand = 'Brand#22'::bpchar) AND (p_container = 'LG BOX'::bpchar))
                                 Rows Removed by Filter: 1998004
               ->  Index Scan using idx_lineitem_part_supp on lineitem  (cost=0.44..46.92 rows=10 width=17) (actual time=0.362..0.507 rows=3 loops=1996)
                     Index Cond: (l_partkey = lineitem_1.l_partkey)
                     Filter: (l_quantity < ((0.2 * avg(lineitem_1.l_quantity))))
                     Rows Removed by Filter: 27
 Planning Time: 17.273 ms
 Execution Time: 52848.966 ms
(21 rows)

SET
SET
SET
                                                                            QUERY PLAN                                                                            
------------------------------------------------------------------------------------------------------------------------------------------------------------------
 Limit  (cost=4888079.32..4888079.33 rows=1 width=32) (actual time=49448.694..49448.697 rows=1 loops=1)
   ->  Aggregate  (cost=4888079.32..4888079.33 rows=1 width=32) (actual time=49448.693..49448.695 rows=1 loops=1)
         ->  Nested Loop  (cost=4174604.89..4888030.57 rows=19497 width=8) (actual time=28424.325..49447.993 rows=5319 loops=1)
               Join Filter: (lineitem.l_partkey = part.p_partkey)
               ->  Hash Join  (cost=4174604.45..4795860.97 rows=1959 width=40) (actual time=28424.295..49396.949 rows=1996 loops=1)
                     Hash Cond: (lineitem_1.l_partkey = part.p_partkey)
                     ->  HashAggregate  (cost=4103599.24..4719582.29 rows=2008938 width=36) (actual time=28180.081..49007.894 rows=2000000 loops=1)
                           Group Key: lineitem_1.l_partkey
                           Planned Partitions: 16  Batches: 17  Memory Usage: 65681kB  Disk Usage: 1996856kB
                           ->  Seq Scan on lineitem lineitem_1  (cost=0.00..1725052.36 rows=59990936 width=9) (actual time=0.041..4477.437 rows=59986052 loops=1)
                     ->  Hash  (cost=70980.83..70980.83 rows=1950 width=4) (actual time=242.358..242.358 rows=1996 loops=1)
                           Buckets: 2048  Batches: 1  Memory Usage: 87kB
                           ->  Seq Scan on part  (cost=0.00..70980.83 rows=1950 width=4) (actual time=0.117..241.889 rows=1996 loops=1)
                                 Filter: ((p_brand = 'Brand#22'::bpchar) AND (p_container = 'LG BOX'::bpchar))
                                 Rows Removed by Filter: 1998004
               ->  Index Scan using idx_lineitem_part_supp on lineitem  (cost=0.44..46.92 rows=10 width=17) (actual time=0.011..0.025 rows=3 loops=1996)
                     Index Cond: (l_partkey = lineitem_1.l_partkey)
                     Filter: (l_quantity < ((0.2 * avg(lineitem_1.l_quantity))))
                     Rows Removed by Filter: 27
 Planning Time: 0.978 ms
 Execution Time: 49691.532 ms
(21 rows)

query 18 run 1
SET
SET
SET
                                                                                                          QUERY PLAN                                                                                                           
-------------------------------------------------------------------------------------------------------------------------------------------------------------------------------------------------------------------------------
 Limit  (cost=8673382.83..8673383.08 rows=100 width=71) (actual time=42613.880..42613.894 rows=99 loops=1)
   ->  Sort  (cost=8673382.83..8723365.71 rows=19993151 width=71) (actual time=42613.879..42613.886 rows=99 loops=1)
         Sort Key: orders.o_totalprice DESC, orders.o_orderdate
         Sort Method: quicksort  Memory: 31kB
         ->  GroupAggregate  (cost=4154750.76..7909258.98 rows=19993151 width=71) (actual time=30684.565..42613.779 rows=99 loops=1)
               Group Key: orders.o_orderkey, customer.c_custkey
               ->  Incremental Sort  (cost=4154750.76..7509395.96 rows=19993151 width=44) (actual time=30684.554..42613.491 rows=693 loops=1)
                     Sort Key: orders.o_orderkey, customer.c_custkey
                     Presorted Key: orders.o_orderkey
                     Full-sort Groups: 20  Sort Method: quicksort  Average Memory: 27kB  Peak Memory: 27kB
                     ->  Merge Join  (cost=4154750.58..6784443.24 rows=19993151 width=44) (actual time=30152.244..42613.058 rows=693 loops=1)
                           Merge Cond: (lineitem.l_orderkey = orders.o_orderkey)
                           ->  Index Scan using idx_lineitem_orderkey on lineitem  (cost=0.56..2167544.10 rows=59990936 width=9) (actual time=0.477..9373.208 rows=59916431 loops=1)
                           ->  Materialize  (cost=4154528.93..4179525.15 rows=4999245 width=43) (actual time=29876.170..29876.376 rows=687 loops=1)
                                 Storage: Memory  Maximum Storage: 17kB
                                 ->  Sort  (cost=4154528.93..4167027.04 rows=4999245 width=43) (actual time=29876.165..29876.228 rows=99 loops=1)
                                       Sort Key: orders.o_orderkey
                                       Sort Method: quicksort  Memory: 31kB
                                       ->  Hash Join  (cost=78488.76..3499418.21 rows=4999245 width=43) (actual time=2346.670..29876.022 rows=99 loops=1)
                                             Hash Cond: (orders.o_custkey = customer.c_custkey)
                                             ->  Merge Join  (cost=1.00..3340431.40 rows=4999245 width=24) (actual time=735.074..29201.054 rows=99 loops=1)
                                                   Merge Cond: (orders.o_orderkey = lineitem_1.l_orderkey)
                                                   ->  Index Scan using orders_pkey on orders  (cost=0.43..547974.53 rows=15000606 width=20) (actual time=0.542..3092.054 rows=14982724 loops=1)
                                                   ->  GroupAggregate  (cost=0.56..2692464.79 rows=4999245 width=4) (actual time=627.452..25245.315 rows=99 loops=1)
                                                         Group Key: lineitem_1.l_orderkey
                                                         Filter: (sum(lineitem_1.l_quantity) > '313'::numeric)
                                                         Rows Removed by Filter: 14999901
                                                         ->  Index Scan using idx_lineitem_orderkey on lineitem lineitem_1  (cost=0.56..2167544.10 rows=59990936 width=9) (actual time=0.017..12511.814 rows=59986052 loops=1)
                                             ->  Hash  (cost=50947.34..50947.34 rows=1500034 width=23) (actual time=595.745..595.746 rows=1500000 loops=1)
                                                   Buckets: 1048576  Batches: 2  Memory Usage: 49242kB
                                                   ->  Seq Scan on customer  (cost=0.00..50947.34 rows=1500034 width=23) (actual time=0.839..341.980 rows=1500000 loops=1)
 Planning Time: 20.665 ms
 Execution Time: 42614.568 ms
(33 rows)

SET
SET
SET
                                                                                                          QUERY PLAN                                                                                                           
-------------------------------------------------------------------------------------------------------------------------------------------------------------------------------------------------------------------------------
 Limit  (cost=8673382.83..8673383.08 rows=100 width=71) (actual time=39249.397..39249.411 rows=99 loops=1)
   ->  Sort  (cost=8673382.83..8723365.71 rows=19993151 width=71) (actual time=39249.396..39249.404 rows=99 loops=1)
         Sort Key: orders.o_totalprice DESC, orders.o_orderdate
         Sort Method: quicksort  Memory: 31kB
         ->  GroupAggregate  (cost=4154750.76..7909258.98 rows=19993151 width=71) (actual time=27285.925..39249.298 rows=99 loops=1)
               Group Key: orders.o_orderkey, customer.c_custkey
               ->  Incremental Sort  (cost=4154750.76..7509395.96 rows=19993151 width=44) (actual time=27285.913..39249.007 rows=693 loops=1)
                     Sort Key: orders.o_orderkey, customer.c_custkey
                     Presorted Key: orders.o_orderkey
                     Full-sort Groups: 20  Sort Method: quicksort  Average Memory: 27kB  Peak Memory: 27kB
                     ->  Merge Join  (cost=4154750.58..6784443.24 rows=19993151 width=44) (actual time=26751.532..39248.565 rows=693 loops=1)
                           Merge Cond: (lineitem.l_orderkey = orders.o_orderkey)
                           ->  Index Scan using idx_lineitem_orderkey on lineitem  (cost=0.56..2167544.10 rows=59990936 width=9) (actual time=0.018..9405.078 rows=59916431 loops=1)
                           ->  Materialize  (cost=4154528.93..4179525.15 rows=4999245 width=43) (actual time=26480.053..26480.267 rows=687 loops=1)
                                 Storage: Memory  Maximum Storage: 17kB
                                 ->  Sort  (cost=4154528.93..4167027.04 rows=4999245 width=43) (actual time=26480.050..26480.114 rows=99 loops=1)
                                       Sort Key: orders.o_orderkey
                                       Sort Method: quicksort  Memory: 31kB
                                       ->  Hash Join  (cost=78488.76..3499418.21 rows=4999245 width=43) (actual time=1924.445..26479.933 rows=99 loops=1)
                                             Hash Cond: (orders.o_custkey = customer.c_custkey)
                                             ->  Merge Join  (cost=1.00..3340431.40 rows=4999245 width=24) (actual time=601.512..25925.764 rows=99 loops=1)
                                                   Merge Cond: (orders.o_orderkey = lineitem_1.l_orderkey)
                                                   ->  Index Scan using orders_pkey on orders  (cost=0.43..547974.53 rows=15000606 width=20) (actual time=0.013..2510.084 rows=14982724 loops=1)
                                                   ->  GroupAggregate  (cost=0.56..2692464.79 rows=4999245 width=4) (actual time=521.892..22572.720 rows=99 loops=1)
                                                         Group Key: lineitem_1.l_orderkey
                                                         Filter: (sum(lineitem_1.l_quantity) > '313'::numeric)
                                                         Rows Removed by Filter: 14999901
                                                         ->  Index Scan using idx_lineitem_orderkey on lineitem lineitem_1  (cost=0.56..2167544.10 rows=59990936 width=9) (actual time=0.005..10173.051 rows=59986052 loops=1)
                                             ->  Hash  (cost=50947.34..50947.34 rows=1500034 width=23) (actual time=475.227..475.228 rows=1500000 loops=1)
                                                   Buckets: 1048576  Batches: 2  Memory Usage: 49242kB
                                                   ->  Seq Scan on customer  (cost=0.00..50947.34 rows=1500034 width=23) (actual time=0.034..229.714 rows=1500000 loops=1)
 Planning Time: 1.685 ms
 Execution Time: 39249.810 ms
(33 rows)

query 19 run 1
SET
SET
SET
                                                                                                                                                                                                                                                                                                                                                                                                                                                                                                            QUERY PLAN                                                                                                                                                                                                                                                                                                                                                                                                                                                                                                            
----------------------------------------------------------------------------------------------------------------------------------------------------------------------------------------------------------------------------------------------------------------------------------------------------------------------------------------------------------------------------------------------------------------------------------------------------------------------------------------------------------------------------------------------------------------------------------------------------------------------------------------------------------------------------------------------------------------------------------------------------------------------------------------------------------------------------------------------------------------------------------------------------------------------------------------------------------------------------------------------------------------------------------
 Limit  (cost=370927.43..370927.44 rows=1 width=32) (actual time=23499.773..23499.774 rows=1 loops=1)
   ->  Aggregate  (cost=370927.43..370927.44 rows=1 width=32) (actual time=23499.772..23499.772 rows=1 loops=1)
         ->  Nested Loop  (cost=0.44..370918.68 rows=1166 width=12) (actual time=60.395..23496.785 rows=1063 loops=1)
               ->  Seq Scan on part  (cost=0.00..125980.53 rows=5015 width=30) (actual time=2.490..760.509 rows=4781 loops=1)
                     Filter: ((p_size >= 1) AND (((p_brand = 'Brand#24'::bpchar) AND (p_container = ANY ('{"SM CASE","SM BOX","SM PACK","SM PKG"}'::bpchar[])) AND (p_size <= 5)) OR ((p_brand = 'Brand#43'::bpchar) AND (p_container = ANY ('{"MED BAG","MED BOX","MED PKG","MED PACK"}'::bpchar[])) AND (p_size <= 10)) OR ((p_brand = 'Brand#44'::bpchar) AND (p_container = ANY ('{"LG CASE","LG BOX","LG PACK","LG PKG"}'::bpchar[])) AND (p_size <= 15))))
                     Rows Removed by Filter: 1995219
               ->  Index Scan using idx_lineitem_part_supp on lineitem  (cost=0.44..48.83 rows=1 width=21) (actual time=4.289..4.754 rows=0 loops=4781)
                     Index Cond: (l_partkey = part.p_partkey)
                     Filter: ((l_shipmode = ANY ('{AIR,"AIR REG"}'::bpchar[])) AND (l_shipinstruct = 'DELIVER IN PERSON'::bpchar) AND (((l_quantity >= '10'::numeric) AND (l_quantity <= '20'::numeric)) OR ((l_quantity >= '10'::numeric) AND (l_quantity <= '20'::numeric)) OR ((l_quantity >= '20'::numeric) AND (l_quantity <= '30'::numeric))) AND (((part.p_brand = 'Brand#24'::bpchar) AND (part.p_container = ANY ('{"SM CASE","SM BOX","SM PACK","SM PKG"}'::bpchar[])) AND (l_quantity >= '10'::numeric) AND (l_quantity <= '20'::numeric) AND (part.p_size <= 5)) OR ((part.p_brand = 'Brand#43'::bpchar) AND (part.p_container = ANY ('{"MED BAG","MED BOX","MED PKG","MED PACK"}'::bpchar[])) AND (l_quantity >= '10'::numeric) AND (l_quantity <= '20'::numeric) AND (part.p_size <= 10)) OR ((part.p_brand = 'Brand#44'::bpchar) AND (part.p_container = ANY ('{"LG CASE","LG BOX","LG PACK","LG PKG"}'::bpchar[])) AND (l_quantity >= '20'::numeric) AND (l_quantity <= '30'::numeric) AND (part.p_size <= 15))))
                     Rows Removed by Filter: 30
 Planning Time: 18.373 ms
 Execution Time: 23500.896 ms
(12 rows)

SET
SET
SET
                                                                                                                                                                                                                                                                                                                                                                                                                                                                                                            QUERY PLAN                                                                                                                                                                                                                                                                                                                                                                                                                                                                                                            
----------------------------------------------------------------------------------------------------------------------------------------------------------------------------------------------------------------------------------------------------------------------------------------------------------------------------------------------------------------------------------------------------------------------------------------------------------------------------------------------------------------------------------------------------------------------------------------------------------------------------------------------------------------------------------------------------------------------------------------------------------------------------------------------------------------------------------------------------------------------------------------------------------------------------------------------------------------------------------------------------------------------------------
 Limit  (cost=370927.43..370927.44 rows=1 width=32) (actual time=637.174..637.176 rows=1 loops=1)
   ->  Aggregate  (cost=370927.43..370927.44 rows=1 width=32) (actual time=637.173..637.174 rows=1 loops=1)
         ->  Nested Loop  (cost=0.44..370918.68 rows=1166 width=12) (actual time=1.557..636.470 rows=1063 loops=1)
               ->  Seq Scan on part  (cost=0.00..125980.53 rows=5015 width=30) (actual time=0.228..470.551 rows=4781 loops=1)
                     Filter: ((p_size >= 1) AND (((p_brand = 'Brand#24'::bpchar) AND (p_container = ANY ('{"SM CASE","SM BOX","SM PACK","SM PKG"}'::bpchar[])) AND (p_size <= 5)) OR ((p_brand = 'Brand#43'::bpchar) AND (p_container = ANY ('{"MED BAG","MED BOX","MED PKG","MED PACK"}'::bpchar[])) AND (p_size <= 10)) OR ((p_brand = 'Brand#44'::bpchar) AND (p_container = ANY ('{"LG CASE","LG BOX","LG PACK","LG PKG"}'::bpchar[])) AND (p_size <= 15))))
                     Rows Removed by Filter: 1995219
               ->  Index Scan using idx_lineitem_part_supp on lineitem  (cost=0.44..48.83 rows=1 width=21) (actual time=0.031..0.034 rows=0 loops=4781)
                     Index Cond: (l_partkey = part.p_partkey)
                     Filter: ((l_shipmode = ANY ('{AIR,"AIR REG"}'::bpchar[])) AND (l_shipinstruct = 'DELIVER IN PERSON'::bpchar) AND (((l_quantity >= '10'::numeric) AND (l_quantity <= '20'::numeric)) OR ((l_quantity >= '10'::numeric) AND (l_quantity <= '20'::numeric)) OR ((l_quantity >= '20'::numeric) AND (l_quantity <= '30'::numeric))) AND (((part.p_brand = 'Brand#24'::bpchar) AND (part.p_container = ANY ('{"SM CASE","SM BOX","SM PACK","SM PKG"}'::bpchar[])) AND (l_quantity >= '10'::numeric) AND (l_quantity <= '20'::numeric) AND (part.p_size <= 5)) OR ((part.p_brand = 'Brand#43'::bpchar) AND (part.p_container = ANY ('{"MED BAG","MED BOX","MED PKG","MED PACK"}'::bpchar[])) AND (l_quantity >= '10'::numeric) AND (l_quantity <= '20'::numeric) AND (part.p_size <= 10)) OR ((part.p_brand = 'Brand#44'::bpchar) AND (part.p_container = ANY ('{"LG CASE","LG BOX","LG PACK","LG PKG"}'::bpchar[])) AND (l_quantity >= '20'::numeric) AND (l_quantity <= '30'::numeric) AND (part.p_size <= 15))))
                     Rows Removed by Filter: 30
 Planning Time: 1.322 ms
 Execution Time: 637.225 ms
(12 rows)

query 20 run 1
SET
SET
SET
                                                                                          QUERY PLAN                                                                                           
-----------------------------------------------------------------------------------------------------------------------------------------------------------------------------------------------
 Limit  (cost=2742850.70..2742850.71 rows=1 width=51) (actual time=54784.580..54784.585 rows=1 loops=1)
   ->  Sort  (cost=2742850.70..2742850.71 rows=1 width=51) (actual time=54784.579..54784.583 rows=1 loops=1)
         Sort Key: supplier.s_name
         Sort Method: top-N heapsort  Memory: 25kB
         ->  Nested Loop Semi Join  (cost=2414446.02..2742850.69 rows=1 width=51) (actual time=30345.217..54782.839 rows=1821 loops=1)
               Join Filter: (supplier.s_suppkey = lineitem.l_suppkey)
               Rows Removed by Join Filter: 183418712
               ->  Nested Loop  (cost=0.00..4472.31 rows=4000 width=55) (actual time=0.723..20.897 rows=4095 loops=1)
                     Join Filter: (supplier.s_nationkey = nation.n_nationkey)
                     Rows Removed by Join Filter: 95905
                     ->  Seq Scan on nation  (cost=0.00..1.31 rows=1 width=4) (actual time=0.235..0.238 rows=1 loops=1)
                           Filter: (n_name = 'IRAQ'::bpchar)
                           Rows Removed by Filter: 24
                     ->  Seq Scan on supplier  (cost=0.00..3221.00 rows=100000 width=59) (actual time=0.480..13.379 rows=100000 loops=1)
               ->  Materialize  (cost=2414446.02..2738198.39 rows=3 width=8) (actual time=6.209..10.972 rows=44791 loops=4095)
                     Storage: Memory  Maximum Storage: 2356kB
                     ->  Nested Loop  (cost=2414446.02..2738198.37 rows=3 width=8) (actual time=25427.316..38659.844 rows=59002 loops=1)
                           ->  Hash Join  (cost=2414445.59..2582221.69 rows=47800 width=44) (actual time=25426.583..32678.379 rows=59125 loops=1)
                                 Hash Cond: (lineitem.l_partkey = part.p_partkey)
                                 ->  HashAggregate  (cost=2348212.20..2503566.29 rows=4732186 width=40) (actual time=25025.886..31540.209 rows=5448842 loops=1)
                                       Group Key: lineitem.l_partkey, lineitem.l_suppkey
                                       Planned Partitions: 32  Batches: 161  Memory Usage: 65809kB  Disk Usage: 358152kB
                                       ->  Bitmap Heap Scan on lineitem  (cost=138521.68..1984065.68 rows=8639621 width=13) (actual time=1207.736..20227.095 rows=9123688 loops=1)
                                             Recheck Cond: ((l_shipdate >= '1996-01-01'::date) AND (l_shipdate < '1997-01-01'::date))
                                             Rows Removed by Index Recheck: 23164080
                                             Heap Blocks: exact=518099 lossy=530696
                                             ->  Bitmap Index Scan on idx_lineitem_shipdate  (cost=0.00..136361.78 rows=8639621 width=0) (actual time=1084.521..1084.522 rows=9123688 loops=1)
                                                   Index Cond: ((l_shipdate >= '1996-01-01'::date) AND (l_shipdate < '1997-01-01'::date))
                                 ->  Hash  (cost=65980.86..65980.86 rows=20202 width=4) (actual time=400.639..400.640 rows=21718 loops=1)
                                       Buckets: 32768  Batches: 1  Memory Usage: 1020kB
                                       ->  Seq Scan on part  (cost=0.00..65980.86 rows=20202 width=4) (actual time=0.620..396.284 rows=21718 loops=1)
                                             Filter: ((p_name)::text ~~ 'olive%'::text)
                                             Rows Removed by Filter: 1978282
                           ->  Index Scan using partsupp_pkey on partsupp  (cost=0.43..3.25 rows=1 width=12) (actual time=0.100..0.100 rows=1 loops=59125)
                                 Index Cond: ((ps_partkey = lineitem.l_partkey) AND (ps_suppkey = lineitem.l_suppkey))
                                 Filter: ((ps_availqty)::numeric > ((0.5 * sum(lineitem.l_quantity))))
                                 Rows Removed by Filter: 0
 Planning Time: 22.976 ms
 Execution Time: 54826.035 ms
(39 rows)

SET
SET
SET
                                                                                         QUERY PLAN                                                                                          
---------------------------------------------------------------------------------------------------------------------------------------------------------------------------------------------
 Limit  (cost=2742850.70..2742850.71 rows=1 width=51) (actual time=36462.954..36462.959 rows=1 loops=1)
   ->  Sort  (cost=2742850.70..2742850.71 rows=1 width=51) (actual time=36462.953..36462.957 rows=1 loops=1)
         Sort Key: supplier.s_name
         Sort Method: top-N heapsort  Memory: 25kB
         ->  Nested Loop Semi Join  (cost=2414446.02..2742850.69 rows=1 width=51) (actual time=15137.864..36461.171 rows=1821 loops=1)
               Join Filter: (supplier.s_suppkey = lineitem.l_suppkey)
               Rows Removed by Join Filter: 183418712
               ->  Nested Loop  (cost=0.00..4472.31 rows=4000 width=55) (actual time=0.046..17.396 rows=4095 loops=1)
                     Join Filter: (supplier.s_nationkey = nation.n_nationkey)
                     Rows Removed by Join Filter: 95905
                     ->  Seq Scan on nation  (cost=0.00..1.31 rows=1 width=4) (actual time=0.030..0.033 rows=1 loops=1)
                           Filter: (n_name = 'IRAQ'::bpchar)
                           Rows Removed by Filter: 24
                     ->  Seq Scan on supplier  (cost=0.00..3221.00 rows=100000 width=59) (actual time=0.012..10.107 rows=100000 loops=1)
               ->  Materialize  (cost=2414446.02..2738198.39 rows=3 width=8) (actual time=3.308..6.565 rows=44791 loops=4095)
                     Storage: Memory  Maximum Storage: 2356kB
                     ->  Nested Loop  (cost=2414446.02..2738198.37 rows=3 width=8) (actual time=13545.933..20532.239 rows=59002 loops=1)
                           ->  Hash Join  (cost=2414445.59..2582221.69 rows=47800 width=44) (actual time=13545.901..20164.425 rows=59125 loops=1)
                                 Hash Cond: (lineitem.l_partkey = part.p_partkey)
                                 ->  HashAggregate  (cost=2348212.20..2503566.29 rows=4732186 width=40) (actual time=13282.363..19297.159 rows=5448842 loops=1)
                                       Group Key: lineitem.l_partkey, lineitem.l_suppkey
                                       Planned Partitions: 32  Batches: 161  Memory Usage: 65809kB  Disk Usage: 358152kB
                                       ->  Bitmap Heap Scan on lineitem  (cost=138521.68..1984065.68 rows=8639621 width=13) (actual time=1063.141..9247.865 rows=9123688 loops=1)
                                             Recheck Cond: ((l_shipdate >= '1996-01-01'::date) AND (l_shipdate < '1997-01-01'::date))
                                             Rows Removed by Index Recheck: 23164080
                                             Heap Blocks: exact=518099 lossy=530696
                                             ->  Bitmap Index Scan on idx_lineitem_shipdate  (cost=0.00..136361.78 rows=8639621 width=0) (actual time=940.626..940.626 rows=9123688 loops=1)
                                                   Index Cond: ((l_shipdate >= '1996-01-01'::date) AND (l_shipdate < '1997-01-01'::date))
                                 ->  Hash  (cost=65980.86..65980.86 rows=20202 width=4) (actual time=263.483..263.483 rows=21718 loops=1)
                                       Buckets: 32768  Batches: 1  Memory Usage: 1020kB
                                       ->  Seq Scan on part  (cost=0.00..65980.86 rows=20202 width=4) (actual time=0.045..259.604 rows=21718 loops=1)
                                             Filter: ((p_name)::text ~~ 'olive%'::text)
                                             Rows Removed by Filter: 1978282
                           ->  Index Scan using partsupp_pkey on partsupp  (cost=0.43..3.25 rows=1 width=12) (actual time=0.006..0.006 rows=1 loops=59125)
                                 Index Cond: ((ps_partkey = lineitem.l_partkey) AND (ps_suppkey = lineitem.l_suppkey))
                                 Filter: ((ps_availqty)::numeric > ((0.5 * sum(lineitem.l_quantity))))
                                 Rows Removed by Filter: 0
 Planning Time: 2.044 ms
 Execution Time: 36503.784 ms
(39 rows)

query 21 run 1
SET
SET
SET
                                                                                               QUERY PLAN                                                                                                
---------------------------------------------------------------------------------------------------------------------------------------------------------------------------------------------------------
 Limit  (cost=3692091.98..3692091.99 rows=1 width=34) (actual time=25525.126..25525.141 rows=100 loops=1)
   ->  Sort  (cost=3692091.98..3692091.99 rows=1 width=34) (actual time=25525.125..25525.134 rows=100 loops=1)
         Sort Key: (count(*)) DESC, supplier.s_name
         Sort Method: top-N heapsort  Memory: 37kB
         ->  GroupAggregate  (cost=3692091.95..3692091.97 rows=1 width=34) (actual time=25518.319..25523.946 rows=3991 loops=1)
               Group Key: supplier.s_name
               ->  Sort  (cost=3692091.95..3692091.96 rows=1 width=26) (actual time=25518.307..25519.883 rows=39281 loops=1)
                     Sort Key: supplier.s_name
                     Sort Method: quicksort  Memory: 1537kB
                     ->  Nested Loop Semi Join  (cost=1970243.17..3692091.94 rows=1 width=26) (actual time=14430.051..25357.088 rows=39281 loops=1)
                           Join Filter: (l2.l_suppkey <> l1.l_suppkey)
                           Rows Removed by Join Filter: 42025
                           ->  Nested Loop Anti Join  (cost=1970242.60..3692088.30 rows=1 width=38) (actual time=14430.046..25182.209 rows=65960 loops=1)
                                 ->  Hash Join  (cost=1970242.04..2450214.55 rows=386771 width=38) (actual time=14429.534..19848.440 rows=730985 loops=1)
                                       Hash Cond: (orders.o_orderkey = l1.l_orderkey)
                                       ->  Seq Scan on orders  (cost=0.00..448775.58 rows=7287795 width=4) (actual time=0.529..2214.790 rows=7309184 loops=1)
                                             Filter: (o_orderstatus = 'F'::bpchar)
                                             Rows Removed by Filter: 7690816
                                       ->  Hash  (cost=1960290.81..1960290.81 rows=796098 width=34) (actual time=14427.577..14427.579 rows=1514267 loops=1)
                                             Buckets: 1048576 (originally 1048576)  Batches: 2 (originally 1)  Memory Usage: 58450kB
                                             ->  Hash Join  (cost=2311.46..1960290.81 rows=796098 width=34) (actual time=42.174..14069.407 rows=1514267 loops=1)
                                                   Hash Cond: (l1.l_suppkey = supplier.s_suppkey)
                                                   ->  Seq Scan on lineitem l1  (cost=0.00..1875029.70 rows=19996979 width=8) (actual time=0.620..10895.479 rows=37929348 loops=1)
                                                         Filter: (l_receiptdate > l_commitdate)
                                                         Rows Removed by Filter: 22056704
                                                   ->  Hash  (cost=2261.46..2261.46 rows=4000 width=30) (actual time=41.479..41.481 rows=3991 loops=1)
                                                         Buckets: 4096  Batches: 1  Memory Usage: 282kB
                                                         ->  Nested Loop  (cost=37.29..2261.46 rows=4000 width=30) (actual time=2.116..40.047 rows=3991 loops=1)
                                                               ->  Seq Scan on nation  (cost=0.00..1.31 rows=1 width=4) (actual time=0.257..0.261 rows=1 loops=1)
                                                                     Filter: (n_name = 'PERU'::bpchar)
                                                                     Rows Removed by Filter: 24
                                                               ->  Bitmap Heap Scan on supplier  (cost=37.29..2220.15 rows=4000 width=34) (actual time=1.852..38.820 rows=3991 loops=1)
                                                                     Recheck Cond: (s_nationkey = nation.n_nationkey)
                                                                     Heap Blocks: exact=1865
                                                                     ->  Bitmap Index Scan on idx_supplier_nation_key  (cost=0.00..36.29 rows=4000 width=0) (actual time=1.174..1.174 rows=3991 loops=1)
                                                                           Index Cond: (s_nationkey = nation.n_nationkey)
                                 ->  Index Scan using idx_lineitem_orderkey on lineitem l3  (cost=0.56..3.64 rows=1 width=8) (actual time=0.007..0.007 rows=1 loops=730985)
                                       Index Cond: (l_orderkey = l1.l_orderkey)
                                       Filter: ((l_receiptdate > l_commitdate) AND (l_suppkey <> l1.l_suppkey))
                                       Rows Removed by Filter: 1
                           ->  Index Scan using idx_lineitem_orderkey on lineitem l2  (cost=0.56..3.62 rows=4 width=8) (actual time=0.002..0.002 rows=1 loops=65960)
                                 Index Cond: (l_orderkey = orders.o_orderkey)
 Planning Time: 19.649 ms
 Execution Time: 25527.050 ms
(44 rows)

SET
SET
SET
                                                                                               QUERY PLAN                                                                                                
---------------------------------------------------------------------------------------------------------------------------------------------------------------------------------------------------------
 Limit  (cost=3692091.98..3692091.99 rows=1 width=34) (actual time=21848.052..21848.067 rows=100 loops=1)
   ->  Sort  (cost=3692091.98..3692091.99 rows=1 width=34) (actual time=21848.051..21848.060 rows=100 loops=1)
         Sort Key: (count(*)) DESC, supplier.s_name
         Sort Method: top-N heapsort  Memory: 37kB
         ->  GroupAggregate  (cost=3692091.95..3692091.97 rows=1 width=34) (actual time=21841.222..21846.877 rows=3991 loops=1)
               Group Key: supplier.s_name
               ->  Sort  (cost=3692091.95..3692091.96 rows=1 width=26) (actual time=21841.210..21842.788 rows=39281 loops=1)
                     Sort Key: supplier.s_name
                     Sort Method: quicksort  Memory: 1537kB
                     ->  Nested Loop Semi Join  (cost=1970243.17..3692091.94 rows=1 width=26) (actual time=12500.268..21680.167 rows=39281 loops=1)
                           Join Filter: (l2.l_suppkey <> l1.l_suppkey)
                           Rows Removed by Join Filter: 42025
                           ->  Nested Loop Anti Join  (cost=1970242.60..3692088.30 rows=1 width=38) (actual time=12500.263..21513.644 rows=65960 loops=1)
                                 ->  Hash Join  (cost=1970242.04..2450214.55 rows=386771 width=38) (actual time=12500.194..17421.240 rows=730985 loops=1)
                                       Hash Cond: (orders.o_orderkey = l1.l_orderkey)
                                       ->  Seq Scan on orders  (cost=0.00..448775.58 rows=7287795 width=4) (actual time=0.023..1762.773 rows=7309184 loops=1)
                                             Filter: (o_orderstatus = 'F'::bpchar)
                                             Rows Removed by Filter: 7690816
                                       ->  Hash  (cost=1960290.81..1960290.81 rows=796098 width=34) (actual time=12498.663..12498.666 rows=1514267 loops=1)
                                             Buckets: 1048576 (originally 1048576)  Batches: 2 (originally 1)  Memory Usage: 58450kB
                                             ->  Hash Join  (cost=2311.46..1960290.81 rows=796098 width=34) (actual time=14.277..12160.934 rows=1514267 loops=1)
                                                   Hash Cond: (l1.l_suppkey = supplier.s_suppkey)
                                                   ->  Seq Scan on lineitem l1  (cost=0.00..1875029.70 rows=19996979 width=8) (actual time=0.039..9318.414 rows=37929348 loops=1)
                                                         Filter: (l_receiptdate > l_commitdate)
                                                         Rows Removed by Filter: 22056704
                                                   ->  Hash  (cost=2261.46..2261.46 rows=4000 width=30) (actual time=14.201..14.203 rows=3991 loops=1)
                                                         Buckets: 4096  Batches: 1  Memory Usage: 282kB
                                                         ->  Nested Loop  (cost=37.29..2261.46 rows=4000 width=30) (actual time=0.745..13.426 rows=3991 loops=1)
                                                               ->  Seq Scan on nation  (cost=0.00..1.31 rows=1 width=4) (actual time=0.013..0.016 rows=1 loops=1)
                                                                     Filter: (n_name = 'PERU'::bpchar)
                                                                     Rows Removed by Filter: 24
                                                               ->  Bitmap Heap Scan on supplier  (cost=37.29..2220.15 rows=4000 width=34) (actual time=0.727..12.854 rows=3991 loops=1)
                                                                     Recheck Cond: (s_nationkey = nation.n_nationkey)
                                                                     Heap Blocks: exact=1865
                                                                     ->  Bitmap Index Scan on idx_supplier_nation_key  (cost=0.00..36.29 rows=4000 width=0) (actual time=0.508..0.508 rows=3991 loops=1)
                                                                           Index Cond: (s_nationkey = nation.n_nationkey)
                                 ->  Index Scan using idx_lineitem_orderkey on lineitem l3  (cost=0.56..3.64 rows=1 width=8) (actual time=0.005..0.005 rows=1 loops=730985)
                                       Index Cond: (l_orderkey = l1.l_orderkey)
                                       Filter: ((l_receiptdate > l_commitdate) AND (l_suppkey <> l1.l_suppkey))
                                       Rows Removed by Filter: 1
                           ->  Index Scan using idx_lineitem_orderkey on lineitem l2  (cost=0.56..3.62 rows=4 width=8) (actual time=0.002..0.002 rows=1 loops=65960)
                                 Index Cond: (l_orderkey = orders.o_orderkey)
 Planning Time: 2.601 ms
 Execution Time: 21849.191 ms
(44 rows)

query 22 run 1
SET
SET
SET
                                                                          QUERY PLAN                                                                          
--------------------------------------------------------------------------------------------------------------------------------------------------------------
 Limit  (cost=161543.42..161543.44 rows=1 width=72) (actual time=1818.252..1818.254 rows=1 loops=1)
   InitPlan 1
     ->  Aggregate  (cost=75442.26..75442.27 rows=1 width=32) (actual time=854.421..854.422 rows=1 loops=1)
           ->  Seq Scan on customer customer_1  (cost=0.00..75322.89 rows=47748 width=6) (actual time=0.018..823.103 rows=382426 loops=1)
                 Filter: ((c_acctbal > 0.00) AND (SUBSTRING(c_phone FROM 1 FOR 2) = ANY ('{21,29,26,34,14,15,17}'::text[])))
                 Rows Removed by Filter: 1117574
   ->  GroupAggregate  (cost=86101.14..86325.65 rows=8164 width=72) (actual time=1818.251..1818.252 rows=1 loops=1)
         Group Key: (SUBSTRING(customer.c_phone FROM 1 FOR 2))
         ->  Sort  (cost=86101.14..86121.55 rows=8164 width=38) (actual time=1816.539..1816.886 rows=9006 loops=1)
               Sort Key: (SUBSTRING(customer.c_phone FROM 1 FOR 2))
               Sort Method: quicksort  Memory: 3516kB
               ->  Nested Loop Anti Join  (cost=0.43..85570.68 rows=8164 width=38) (actual time=855.040..1796.984 rows=63509 loops=1)
                     ->  Seq Scan on customer  (cost=0.00..75322.89 rows=17500 width=26) (actual time=855.022..1350.769 rows=191129 loops=1)
                           Filter: ((c_acctbal > (InitPlan 1).col1) AND (SUBSTRING(c_phone FROM 1 FOR 2) = ANY ('{21,29,26,34,14,15,17}'::text[])))
                           Rows Removed by Filter: 1308871
                     ->  Index Only Scan using idx_orders_custkey on orders  (cost=0.43..2.19 rows=19 width=4) (actual time=0.002..0.002 rows=1 loops=191129)
                           Index Cond: (o_custkey = customer.c_custkey)
                           Heap Fetches: 0
 Planning Time: 14.527 ms
 Execution Time: 1819.177 ms
(20 rows)

SET
SET
SET
                                                                          QUERY PLAN                                                                          
--------------------------------------------------------------------------------------------------------------------------------------------------------------
 Limit  (cost=161543.42..161543.44 rows=1 width=72) (actual time=1482.718..1482.720 rows=1 loops=1)
   InitPlan 1
     ->  Aggregate  (cost=75442.26..75442.27 rows=1 width=32) (actual time=680.304..680.305 rows=1 loops=1)
           ->  Seq Scan on customer customer_1  (cost=0.00..75322.89 rows=47748 width=6) (actual time=0.007..649.412 rows=382426 loops=1)
                 Filter: ((c_acctbal > 0.00) AND (SUBSTRING(c_phone FROM 1 FOR 2) = ANY ('{21,29,26,34,14,15,17}'::text[])))
                 Rows Removed by Filter: 1117574
   ->  GroupAggregate  (cost=86101.14..86325.65 rows=8164 width=72) (actual time=1482.717..1482.718 rows=1 loops=1)
         Group Key: (SUBSTRING(customer.c_phone FROM 1 FOR 2))
         ->  Sort  (cost=86101.14..86121.55 rows=8164 width=38) (actual time=1480.995..1481.357 rows=9006 loops=1)
               Sort Key: (SUBSTRING(customer.c_phone FROM 1 FOR 2))
               Sort Method: quicksort  Memory: 3516kB
               ->  Nested Loop Anti Join  (cost=0.43..85570.68 rows=8164 width=38) (actual time=680.342..1463.813 rows=63509 loops=1)
                     ->  Seq Scan on customer  (cost=0.00..75322.89 rows=17500 width=26) (actual time=680.327..1149.914 rows=191129 loops=1)
                           Filter: ((c_acctbal > (InitPlan 1).col1) AND (SUBSTRING(c_phone FROM 1 FOR 2) = ANY ('{21,29,26,34,14,15,17}'::text[])))
                           Rows Removed by Filter: 1308871
                     ->  Index Only Scan using idx_orders_custkey on orders  (cost=0.43..2.19 rows=19 width=4) (actual time=0.001..0.001 rows=1 loops=191129)
                           Index Cond: (o_custkey = customer.c_custkey)
                           Heap Fetches: 0
 Planning Time: 0.846 ms
 Execution Time: 1482.772 ms
(20 rows)

