query 1 run 1
SET
SET
SET
                                                                 QUERY PLAN                                                                  
---------------------------------------------------------------------------------------------------------------------------------------------
 Limit  (cost=3948425.73..3948425.73 rows=1 width=236) (actual time=74963.067..74963.068 rows=1 loops=1)
   ->  Sort  (cost=3948425.73..3948425.75 rows=6 width=236) (actual time=74963.066..74963.066 rows=1 loops=1)
         Sort Key: l_returnflag, l_linestatus
         Sort Method: top-N heapsort  Memory: 25kB
         ->  HashAggregate  (cost=3948425.54..3948425.70 rows=6 width=236) (actual time=74963.037..74963.045 rows=4 loops=1)
               Group Key: l_returnflag, l_linestatus
               Batches: 1  Memory Usage: 32kB
               ->  Seq Scan on lineitem  (cost=0.00..1875003.45 rows=59240631 width=25) (actual time=0.602..12100.529 rows=59284448 loops=1)
                     Filter: (l_shipdate <= '1998-09-10 00:00:00'::timestamp without time zone)
                     Rows Removed by Filter: 701604
 Planning Time: 12.868 ms
 Execution Time: 74963.454 ms
(12 rows)

SET
SET
SET
                                                                 QUERY PLAN                                                                  
---------------------------------------------------------------------------------------------------------------------------------------------
 Limit  (cost=3948425.73..3948425.73 rows=1 width=236) (actual time=72406.191..72406.192 rows=1 loops=1)
   ->  Sort  (cost=3948425.73..3948425.75 rows=6 width=236) (actual time=72406.190..72406.191 rows=1 loops=1)
         Sort Key: l_returnflag, l_linestatus
         Sort Method: top-N heapsort  Memory: 25kB
         ->  HashAggregate  (cost=3948425.54..3948425.70 rows=6 width=236) (actual time=72406.165..72406.173 rows=4 loops=1)
               Group Key: l_returnflag, l_linestatus
               Batches: 1  Memory Usage: 32kB
               ->  Seq Scan on lineitem  (cost=0.00..1875003.45 rows=59240631 width=25) (actual time=0.024..10372.507 rows=59284448 loops=1)
                     Filter: (l_shipdate <= '1998-09-10 00:00:00'::timestamp without time zone)
                     Rows Removed by Filter: 701604
 Planning Time: 0.540 ms
 Execution Time: 72406.241 ms
(12 rows)

query 2 run 1
SET
SET
SET
                                                                                        QUERY PLAN                                                                                         
-------------------------------------------------------------------------------------------------------------------------------------------------------------------------------------------
 Limit  (cost=1157845.88..1157845.88 rows=1 width=192) (actual time=4989.197..4989.213 rows=100 loops=1)
   ->  Sort  (cost=1157845.88..1157845.88 rows=1 width=192) (actual time=4989.196..4989.206 rows=100 loops=1)
         Sort Key: supplier.s_acctbal DESC, nation.n_name, supplier.s_name, part.p_partkey
         Sort Method: top-N heapsort  Memory: 71kB
         ->  Merge Join  (cost=558082.63..1157845.87 rows=1 width=192) (actual time=3159.723..4986.468 rows=4737 loops=1)
               Merge Cond: (part.p_partkey = partsupp.ps_partkey)
               Join Filter: (partsupp.ps_supplycost = (SubPlan 1))
               Rows Removed by Join Filter: 1661
               ->  Index Scan using part_pkey on part  (cost=0.43..89210.87 rows=9402 width=30) (actual time=0.405..779.829 rows=8046 loops=1)
                     Filter: (((p_type)::text ~~ '%NICKEL'::text) AND (p_size = 16))
                     Rows Removed by Filter: 1991954
               ->  Materialize  (cost=558082.20..566083.10 rows=1600179 width=172) (actual time=3158.462..3617.538 rows=1603828 loops=1)
                     ->  Sort  (cost=558082.20..562082.65 rows=1600179 width=172) (actual time=3158.459..3436.027 rows=1603828 loops=1)
                           Sort Key: partsupp.ps_partkey
                           Sort Method: external merge  Disk: 293496kB
                           ->  Hash Join  (cost=4048.51..305284.59 rows=1600179 width=172) (actual time=44.468..2500.310 rows=1604080 loops=1)
                                 Hash Cond: (partsupp.ps_suppkey = supplier.s_suppkey)
                                 ->  Seq Scan on partsupp  (cost=0.00..255230.94 rows=8000894 width=14) (actual time=0.511..1075.850 rows=8000000 loops=1)
                                 ->  Hash  (cost=3798.51..3798.51 rows=20000 width=166) (actual time=43.927..43.929 rows=20051 loops=1)
                                       Buckets: 32768  Batches: 1  Memory Usage: 4211kB
                                       ->  Hash Join  (cost=2.51..3798.51 rows=20000 width=166) (actual time=0.982..38.121 rows=20051 loops=1)
                                             Hash Cond: (supplier.s_nationkey = nation.n_nationkey)
                                             ->  Seq Scan on supplier  (cost=0.00..3221.00 rows=100000 width=144) (actual time=0.477..25.532 rows=100000 loops=1)
                                             ->  Hash  (cost=2.45..2.45 rows=5 width=30) (actual time=0.498..0.500 rows=5 loops=1)
                                                   Buckets: 1024  Batches: 1  Memory Usage: 9kB
                                                   ->  Hash Join  (cost=1.07..2.45 rows=5 width=30) (actual time=0.487..0.497 rows=5 loops=1)
                                                         Hash Cond: (nation.n_regionkey = region.r_regionkey)
                                                         ->  Seq Scan on nation  (cost=0.00..1.25 rows=25 width=34) (actual time=0.228..0.231 rows=25 loops=1)
                                                         ->  Hash  (cost=1.06..1.06 rows=1 width=4) (actual time=0.247..0.247 rows=1 loops=1)
                                                               Buckets: 1024  Batches: 1  Memory Usage: 9kB
                                                               ->  Seq Scan on region  (cost=0.00..1.06 rows=1 width=4) (actual time=0.241..0.243 rows=1 loops=1)
                                                                     Filter: (r_name = 'AMERICA'::bpchar)
                                                                     Rows Removed by Filter: 4
               SubPlan 1
                 ->  Aggregate  (cost=66.25..66.26 rows=1 width=32) (actual time=0.063..0.063 rows=1 loops=6398)
                       ->  Nested Loop  (cost=2.29..66.24 rows=4 width=6) (actual time=0.052..0.061 rows=2 loops=6398)
                             Join Filter: (nation_1.n_regionkey = region_1.r_regionkey)
                             Rows Removed by Join Filter: 2
                             ->  Seq Scan on region region_1  (cost=0.00..1.06 rows=1 width=4) (actual time=0.001..0.001 rows=1 loops=6398)
                                   Filter: (r_name = 'AMERICA'::bpchar)
                                   Rows Removed by Filter: 4
                             ->  Hash Join  (cost=2.29..64.95 rows=18 width=10) (actual time=0.046..0.058 rows=4 loops=6398)
                                   Hash Cond: (supplier_1.s_nationkey = nation_1.n_nationkey)
                                   ->  Nested Loop  (cost=0.72..63.33 rows=18 width=10) (actual time=0.046..0.057 rows=4 loops=6398)
                                         ->  Index Scan using idx_partsupp_partkey on partsupp partsupp_1  (cost=0.43..3.75 rows=18 width=10) (actual time=0.042..0.043 rows=4 loops=6398)
                                               Index Cond: (ps_partkey = part.p_partkey)
                                         ->  Index Scan using supplier_pkey on supplier supplier_1  (cost=0.29..3.31 rows=1 width=8) (actual time=0.003..0.003 rows=1 loops=25592)
                                               Index Cond: (s_suppkey = partsupp_1.ps_suppkey)
                                   ->  Hash  (cost=1.25..1.25 rows=25 width=8) (actual time=0.011..0.012 rows=25 loops=1)
                                         Buckets: 1024  Batches: 1  Memory Usage: 9kB
                                         ->  Seq Scan on nation nation_1  (cost=0.00..1.25 rows=25 width=8) (actual time=0.003..0.006 rows=25 loops=1)
 Planning Time: 18.926 ms
 Execution Time: 5025.849 ms
(53 rows)

SET
SET
SET
                                                                                        QUERY PLAN                                                                                         
-------------------------------------------------------------------------------------------------------------------------------------------------------------------------------------------
 Limit  (cost=1157845.88..1157845.88 rows=1 width=192) (actual time=3931.538..3931.555 rows=100 loops=1)
   ->  Sort  (cost=1157845.88..1157845.88 rows=1 width=192) (actual time=3931.537..3931.547 rows=100 loops=1)
         Sort Key: supplier.s_acctbal DESC, nation.n_name, supplier.s_name, part.p_partkey
         Sort Method: top-N heapsort  Memory: 71kB
         ->  Merge Join  (cost=558082.63..1157845.87 rows=1 width=192) (actual time=2729.902..3929.276 rows=4737 loops=1)
               Merge Cond: (part.p_partkey = partsupp.ps_partkey)
               Join Filter: (partsupp.ps_supplycost = (SubPlan 1))
               Rows Removed by Join Filter: 1661
               ->  Index Scan using part_pkey on part  (cost=0.43..89210.87 rows=9402 width=30) (actual time=0.021..477.804 rows=8046 loops=1)
                     Filter: (((p_type)::text ~~ '%NICKEL'::text) AND (p_size = 16))
                     Rows Removed by Filter: 1991954
               ->  Materialize  (cost=558082.20..566083.10 rows=1600179 width=172) (actual time=2729.788..3163.907 rows=1603828 loops=1)
                     ->  Sort  (cost=558082.20..562082.65 rows=1600179 width=172) (actual time=2729.785..2987.302 rows=1603828 loops=1)
                           Sort Key: partsupp.ps_partkey
                           Sort Method: external merge  Disk: 293496kB
                           ->  Hash Join  (cost=4048.51..305284.59 rows=1600179 width=172) (actual time=26.322..2084.859 rows=1604080 loops=1)
                                 Hash Cond: (partsupp.ps_suppkey = supplier.s_suppkey)
                                 ->  Seq Scan on partsupp  (cost=0.00..255230.94 rows=8000894 width=14) (actual time=0.035..780.508 rows=8000000 loops=1)
                                 ->  Hash  (cost=3798.51..3798.51 rows=20000 width=166) (actual time=26.268..26.271 rows=20051 loops=1)
                                       Buckets: 32768  Batches: 1  Memory Usage: 4211kB
                                       ->  Hash Join  (cost=2.51..3798.51 rows=20000 width=166) (actual time=0.025..21.163 rows=20051 loops=1)
                                             Hash Cond: (supplier.s_nationkey = nation.n_nationkey)
                                             ->  Seq Scan on supplier  (cost=0.00..3221.00 rows=100000 width=144) (actual time=0.002..6.020 rows=100000 loops=1)
                                             ->  Hash  (cost=2.45..2.45 rows=5 width=30) (actual time=0.020..0.022 rows=5 loops=1)
                                                   Buckets: 1024  Batches: 1  Memory Usage: 9kB
                                                   ->  Hash Join  (cost=1.07..2.45 rows=5 width=30) (actual time=0.014..0.021 rows=5 loops=1)
                                                         Hash Cond: (nation.n_regionkey = region.r_regionkey)
                                                         ->  Seq Scan on nation  (cost=0.00..1.25 rows=25 width=34) (actual time=0.002..0.003 rows=25 loops=1)
                                                         ->  Hash  (cost=1.06..1.06 rows=1 width=4) (actual time=0.009..0.010 rows=1 loops=1)
                                                               Buckets: 1024  Batches: 1  Memory Usage: 9kB
                                                               ->  Seq Scan on region  (cost=0.00..1.06 rows=1 width=4) (actual time=0.007..0.008 rows=1 loops=1)
                                                                     Filter: (r_name = 'AMERICA'::bpchar)
                                                                     Rows Removed by Filter: 4
               SubPlan 1
                 ->  Aggregate  (cost=66.25..66.26 rows=1 width=32) (actual time=0.017..0.017 rows=1 loops=6398)
                       ->  Nested Loop  (cost=2.29..66.24 rows=4 width=6) (actual time=0.009..0.015 rows=2 loops=6398)
                             Join Filter: (nation_1.n_regionkey = region_1.r_regionkey)
                             Rows Removed by Join Filter: 2
                             ->  Seq Scan on region region_1  (cost=0.00..1.06 rows=1 width=4) (actual time=0.001..0.001 rows=1 loops=6398)
                                   Filter: (r_name = 'AMERICA'::bpchar)
                                   Rows Removed by Filter: 4
                             ->  Hash Join  (cost=2.29..64.95 rows=18 width=10) (actual time=0.005..0.013 rows=4 loops=6398)
                                   Hash Cond: (supplier_1.s_nationkey = nation_1.n_nationkey)
                                   ->  Nested Loop  (cost=0.72..63.33 rows=18 width=10) (actual time=0.005..0.012 rows=4 loops=6398)
                                         ->  Index Scan using idx_partsupp_partkey on partsupp partsupp_1  (cost=0.43..3.75 rows=18 width=10) (actual time=0.002..0.003 rows=4 loops=6398)
                                               Index Cond: (ps_partkey = part.p_partkey)
                                         ->  Index Scan using supplier_pkey on supplier supplier_1  (cost=0.29..3.31 rows=1 width=8) (actual time=0.002..0.002 rows=1 loops=25592)
                                               Index Cond: (s_suppkey = partsupp_1.ps_suppkey)
                                   ->  Hash  (cost=1.25..1.25 rows=25 width=8) (actual time=0.011..0.011 rows=25 loops=1)
                                         Buckets: 1024  Batches: 1  Memory Usage: 9kB
                                         ->  Seq Scan on nation nation_1  (cost=0.00..1.25 rows=25 width=8) (actual time=0.003..0.006 rows=25 loops=1)
 Planning Time: 2.097 ms
 Execution Time: 3968.431 ms
(53 rows)

query 3 run 1
SET
SET
SET
                                                                                     QUERY PLAN                                                                                      
-------------------------------------------------------------------------------------------------------------------------------------------------------------------------------------
 Limit  (cost=3180385.14..3180385.16 rows=10 width=44) (actual time=27308.460..27308.465 rows=10 loops=1)
   ->  Sort  (cost=3180385.14..3188166.54 rows=3112562 width=44) (actual time=27308.459..27308.462 rows=10 loops=1)
         Sort Key: (sum((lineitem.l_extendedprice * ('1'::numeric - lineitem.l_discount)))) DESC, orders.o_orderdate
         Sort Method: top-N heapsort  Memory: 26kB
         ->  HashAggregate  (cost=3037741.43..3113123.79 rows=3112562 width=44) (actual time=27179.994..27289.011 rows=113934 loops=1)
               Group Key: lineitem.l_orderkey, orders.o_orderdate, orders.o_shippriority
               Planned Partitions: 32  Batches: 33  Memory Usage: 34065kB  Disk Usage: 6104kB
               ->  Hash Join  (cost=518718.93..2874088.76 rows=3112562 width=24) (actual time=7390.744..26974.520 rows=301530 loops=1)
                     Hash Cond: (lineitem.l_orderkey = orders.o_orderkey)
                     ->  Seq Scan on lineitem  (cost=0.00..1875003.45 rows=32723136 width=16) (actual time=0.480..11400.664 rows=32534229 loops=1)
                           Filter: (l_shipdate > '1995-03-07'::date)
                           Rows Removed by Filter: 27451823
                     ->  Hash  (cost=493918.15..493918.15 rows=1426702 width=12) (actual time=7386.444..7386.446 rows=1451805 loops=1)
                           Buckets: 1048576  Batches: 4  Memory Usage: 23817kB
                           ->  Hash Join  (cost=123555.88..493918.15 rows=1426702 width=12) (actual time=1062.324..7059.164 rows=1451805 loops=1)
                                 Hash Cond: (orders.o_custkey = customer.c_custkey)
                                 ->  Bitmap Heap Scan on orders  (cost=65150.45..416578.97 rows=7212841 width=16) (actual time=542.866..4902.555 rows=7239437 loops=1)
                                       Recheck Cond: (o_orderdate < '1995-03-07'::date)
                                       Heap Blocks: exact=261268
                                       ->  Bitmap Index Scan on idx_orders_orderdate  (cost=0.00..63347.24 rows=7212841 width=0) (actual time=492.156..492.156 rows=7239437 loops=1)
                                             Index Cond: (o_orderdate < '1995-03-07'::date)
                                 ->  Hash  (cost=54696.73..54696.73 rows=296696 width=4) (actual time=518.634..518.635 rows=300276 loops=1)
                                       Buckets: 524288  Batches: 1  Memory Usage: 14653kB
                                       ->  Seq Scan on customer  (cost=0.00..54696.73 rows=296696 width=4) (actual time=0.462..464.783 rows=300276 loops=1)
                                             Filter: (c_mktsegment = 'BUILDING'::bpchar)
                                             Rows Removed by Filter: 1199724
 Planning Time: 22.040 ms
 Execution Time: 27311.106 ms
(28 rows)

SET
SET
SET
                                                                                     QUERY PLAN                                                                                      
-------------------------------------------------------------------------------------------------------------------------------------------------------------------------------------
 Limit  (cost=3180385.14..3180385.16 rows=10 width=44) (actual time=22295.696..22295.700 rows=10 loops=1)
   ->  Sort  (cost=3180385.14..3188166.54 rows=3112562 width=44) (actual time=22295.694..22295.697 rows=10 loops=1)
         Sort Key: (sum((lineitem.l_extendedprice * ('1'::numeric - lineitem.l_discount)))) DESC, orders.o_orderdate
         Sort Method: top-N heapsort  Memory: 26kB
         ->  HashAggregate  (cost=3037741.43..3113123.79 rows=3112562 width=44) (actual time=22167.519..22276.318 rows=113934 loops=1)
               Group Key: lineitem.l_orderkey, orders.o_orderdate, orders.o_shippriority
               Planned Partitions: 32  Batches: 33  Memory Usage: 34065kB  Disk Usage: 6104kB
               ->  Hash Join  (cost=518718.93..2874088.76 rows=3112562 width=24) (actual time=4588.578..21973.191 rows=301530 loops=1)
                     Hash Cond: (lineitem.l_orderkey = orders.o_orderkey)
                     ->  Seq Scan on lineitem  (cost=0.00..1875003.45 rows=32723136 width=16) (actual time=0.026..9349.459 rows=32534229 loops=1)
                           Filter: (l_shipdate > '1995-03-07'::date)
                           Rows Removed by Filter: 27451823
                     ->  Hash  (cost=493918.15..493918.15 rows=1426702 width=12) (actual time=4586.705..4586.707 rows=1451805 loops=1)
                           Buckets: 1048576  Batches: 4  Memory Usage: 23817kB
                           ->  Hash Join  (cost=123555.88..493918.15 rows=1426702 width=12) (actual time=885.886..4321.433 rows=1451805 loops=1)
                                 Hash Cond: (orders.o_custkey = customer.c_custkey)
                                 ->  Bitmap Heap Scan on orders  (cost=65150.45..416578.97 rows=7212841 width=16) (actual time=511.653..2424.650 rows=7239437 loops=1)
                                       Recheck Cond: (o_orderdate < '1995-03-07'::date)
                                       Heap Blocks: exact=261268
                                       ->  Bitmap Index Scan on idx_orders_orderdate  (cost=0.00..63347.24 rows=7212841 width=0) (actual time=461.547..461.547 rows=7239437 loops=1)
                                             Index Cond: (o_orderdate < '1995-03-07'::date)
                                 ->  Hash  (cost=54696.73..54696.73 rows=296696 width=4) (actual time=373.485..373.486 rows=300276 loops=1)
                                       Buckets: 524288  Batches: 1  Memory Usage: 14653kB
                                       ->  Seq Scan on customer  (cost=0.00..54696.73 rows=296696 width=4) (actual time=0.029..323.601 rows=300276 loops=1)
                                             Filter: (c_mktsegment = 'BUILDING'::bpchar)
                                             Rows Removed by Filter: 1199724
 Planning Time: 1.315 ms
 Execution Time: 22297.513 ms
(28 rows)

query 4 run 1
SET
SET
SET
                                                                             QUERY PLAN                                                                             
--------------------------------------------------------------------------------------------------------------------------------------------------------------------
 Limit  (cost=1975955.81..1975955.81 rows=1 width=24) (actual time=18559.738..18559.740 rows=1 loops=1)
   ->  Sort  (cost=1975955.81..1975955.82 rows=5 width=24) (actual time=18559.737..18559.738 rows=1 loops=1)
         Sort Key: orders.o_orderpriority
         Sort Method: top-N heapsort  Memory: 25kB
         ->  HashAggregate  (cost=1975955.74..1975955.79 rows=5 width=24) (actual time=18559.714..18559.716 rows=5 loops=1)
               Group Key: orders.o_orderpriority
               Batches: 1  Memory Usage: 24kB
               ->  Nested Loop Semi Join  (cost=6148.50..1973290.98 rows=532951 width=16) (actual time=110.885..18303.504 rows=513822 loops=1)
                     ->  Bitmap Heap Scan on orders  (cost=6147.93..275411.29 rows=533024 width=20) (actual time=110.374..5044.611 rows=560424 loops=1)
                           Recheck Cond: ((o_orderdate >= '1993-12-01'::date) AND (o_orderdate < '1994-03-01'::date))
                           Heap Blocks: exact=231887
                           ->  Bitmap Index Scan on idx_orders_orderdate  (cost=0.00..6014.68 rows=533024 width=0) (actual time=65.012..65.012 rows=560424 loops=1)
                                 Index Cond: ((o_orderdate >= '1993-12-01'::date) AND (o_orderdate < '1994-03-01'::date))
                     ->  Index Scan using idx_lineitem_orderkey on lineitem  (cost=0.56..3.61 rows=1 width=4) (actual time=0.023..0.023 rows=1 loops=560424)
                           Index Cond: (l_orderkey = orders.o_orderkey)
                           Filter: (l_commitdate < l_receiptdate)
                           Rows Removed by Filter: 1
 Planning Time: 16.871 ms
 Execution Time: 18560.831 ms
(19 rows)

SET
SET
SET
                                                                             QUERY PLAN                                                                             
--------------------------------------------------------------------------------------------------------------------------------------------------------------------
 Limit  (cost=1975955.81..1975955.81 rows=1 width=24) (actual time=4538.349..4538.351 rows=1 loops=1)
   ->  Sort  (cost=1975955.81..1975955.82 rows=5 width=24) (actual time=4538.347..4538.349 rows=1 loops=1)
         Sort Key: orders.o_orderpriority
         Sort Method: top-N heapsort  Memory: 25kB
         ->  HashAggregate  (cost=1975955.74..1975955.79 rows=5 width=24) (actual time=4538.328..4538.330 rows=5 loops=1)
               Group Key: orders.o_orderpriority
               Batches: 1  Memory Usage: 24kB
               ->  Nested Loop Semi Join  (cost=6148.50..1973290.98 rows=532951 width=16) (actual time=109.471..4357.868 rows=513822 loops=1)
                     ->  Bitmap Heap Scan on orders  (cost=6147.93..275411.29 rows=533024 width=20) (actual time=109.442..1229.541 rows=560424 loops=1)
                           Recheck Cond: ((o_orderdate >= '1993-12-01'::date) AND (o_orderdate < '1994-03-01'::date))
                           Heap Blocks: exact=231887
                           ->  Bitmap Index Scan on idx_orders_orderdate  (cost=0.00..6014.68 rows=533024 width=0) (actual time=64.519..64.519 rows=560424 loops=1)
                                 Index Cond: ((o_orderdate >= '1993-12-01'::date) AND (o_orderdate < '1994-03-01'::date))
                     ->  Index Scan using idx_lineitem_orderkey on lineitem  (cost=0.56..3.61 rows=1 width=4) (actual time=0.005..0.005 rows=1 loops=560424)
                           Index Cond: (l_orderkey = orders.o_orderkey)
                           Filter: (l_commitdate < l_receiptdate)
                           Rows Removed by Filter: 1
 Planning Time: 1.253 ms
 Execution Time: 4538.409 ms
(19 rows)

query 5 run 1
SET
SET
SET
                                                                                        QUERY PLAN                                                                                         
-------------------------------------------------------------------------------------------------------------------------------------------------------------------------------------------
 Limit  (cost=2079076.45..2079076.46 rows=1 width=58) (actual time=21785.879..21785.886 rows=1 loops=1)
   ->  Sort  (cost=2079076.45..2079076.52 rows=25 width=58) (actual time=21785.877..21785.883 rows=1 loops=1)
         Sort Key: (sum((lineitem.l_extendedprice * ('1'::numeric - lineitem.l_discount)))) DESC
         Sort Method: top-N heapsort  Memory: 25kB
         ->  GroupAggregate  (cost=2078164.59..2079076.33 rows=25 width=58) (actual time=21760.755..21785.850 rows=5 loops=1)
               Group Key: nation.n_name
               ->  Sort  (cost=2078164.59..2078346.88 rows=72914 width=38) (actual time=21754.526..21757.724 rows=72033 loops=1)
                     Sort Key: nation.n_name
                     Sort Method: quicksort  Memory: 8700kB
                     ->  Hash Join  (cost=94320.91..2072275.36 rows=72914 width=38) (actual time=885.682..21706.077 rows=72033 loops=1)
                           Hash Cond: ((lineitem.l_suppkey = supplier.s_suppkey) AND (customer.c_nationkey = supplier.s_nationkey))
                           ->  Nested Loop  (cost=89599.91..2057986.72 rows=1822406 width=50) (actual time=836.921..21224.136 rows=1815327 loops=1)
                                 ->  Hash Join  (cost=89599.34..398142.51 rows=455664 width=38) (actual time=836.403..6917.632 rows=453399 loops=1)
                                       Hash Cond: (orders.o_custkey = customer.c_custkey)
                                       ->  Bitmap Heap Scan on orders  (cost=26275.23..321718.04 rows=2278321 width=8) (actual time=225.127..5626.128 rows=2276638 loops=1)
                                             Recheck Cond: ((o_orderdate >= '1993-01-01'::date) AND (o_orderdate < '1994-01-01'::date))
                                             Heap Blocks: exact=261246
                                             ->  Bitmap Index Scan on idx_orders_orderdate  (cost=0.00..25705.65 rows=2278321 width=0) (actual time=174.535..174.535 rows=2276638 loops=1)
                                                   Index Cond: ((o_orderdate >= '1993-01-01'::date) AND (o_orderdate < '1994-01-01'::date))
                                       ->  Hash  (cost=59574.17..59574.17 rows=299996 width=38) (actual time=610.800..610.803 rows=299436 loops=1)
                                             Buckets: 524288  Batches: 1  Memory Usage: 25151kB
                                             ->  Hash Join  (cost=2.51..59574.17 rows=299996 width=38) (actual time=1.346..546.577 rows=299436 loops=1)
                                                   Hash Cond: (customer.c_nationkey = nation.n_nationkey)
                                                   ->  Seq Scan on customer  (cost=0.00..50946.78 rows=1499978 width=8) (actual time=0.681..371.834 rows=1500000 loops=1)
                                                   ->  Hash  (cost=2.45..2.45 rows=5 width=30) (actual time=0.655..0.657 rows=5 loops=1)
                                                         Buckets: 1024  Batches: 1  Memory Usage: 9kB
                                                         ->  Hash Join  (cost=1.07..2.45 rows=5 width=30) (actual time=0.649..0.655 rows=5 loops=1)
                                                               Hash Cond: (nation.n_regionkey = region.r_regionkey)
                                                               ->  Seq Scan on nation  (cost=0.00..1.25 rows=25 width=34) (actual time=0.314..0.316 rows=25 loops=1)
                                                               ->  Hash  (cost=1.06..1.06 rows=1 width=4) (actual time=0.327..0.328 rows=1 loops=1)
                                                                     Buckets: 1024  Batches: 1  Memory Usage: 9kB
                                                                     ->  Seq Scan on region  (cost=0.00..1.06 rows=1 width=4) (actual time=0.322..0.323 rows=1 loops=1)
                                                                           Filter: (r_name = 'AMERICA'::bpchar)
                                                                           Rows Removed by Filter: 4
                                 ->  Index Scan using idx_lineitem_orderkey on lineitem  (cost=0.56..3.60 rows=4 width=20) (actual time=0.028..0.030 rows=4 loops=453399)
                                       Index Cond: (l_orderkey = orders.o_orderkey)
                           ->  Hash  (cost=3221.00..3221.00 rows=100000 width=8) (actual time=44.126..44.127 rows=100000 loops=1)
                                 Buckets: 131072  Batches: 1  Memory Usage: 4931kB
                                 ->  Seq Scan on supplier  (cost=0.00..3221.00 rows=100000 width=8) (actual time=0.336..28.861 rows=100000 loops=1)
 Planning Time: 25.574 ms
 Execution Time: 21786.362 ms
(41 rows)

SET
SET
SET
                                                                                        QUERY PLAN                                                                                         
-------------------------------------------------------------------------------------------------------------------------------------------------------------------------------------------
 Limit  (cost=2079076.45..2079076.46 rows=1 width=58) (actual time=6060.935..6060.942 rows=1 loops=1)
   ->  Sort  (cost=2079076.45..2079076.52 rows=25 width=58) (actual time=6060.934..6060.940 rows=1 loops=1)
         Sort Key: (sum((lineitem.l_extendedprice * ('1'::numeric - lineitem.l_discount)))) DESC
         Sort Method: top-N heapsort  Memory: 25kB
         ->  GroupAggregate  (cost=2078164.59..2079076.33 rows=25 width=58) (actual time=6036.572..6060.921 rows=5 loops=1)
               Group Key: nation.n_name
               ->  Sort  (cost=2078164.59..2078346.88 rows=72914 width=38) (actual time=6030.554..6033.621 rows=72033 loops=1)
                     Sort Key: nation.n_name
                     Sort Method: quicksort  Memory: 8700kB
                     ->  Hash Join  (cost=94320.91..2072275.36 rows=72914 width=38) (actual time=737.505..5998.518 rows=72033 loops=1)
                           Hash Cond: ((lineitem.l_suppkey = supplier.s_suppkey) AND (customer.c_nationkey = supplier.s_nationkey))
                           ->  Nested Loop  (cost=89599.91..2057986.72 rows=1822406 width=50) (actual time=698.204..5571.736 rows=1815327 loops=1)
                                 ->  Hash Join  (cost=89599.34..398142.51 rows=455664 width=38) (actual time=698.182..2614.836 rows=453399 loops=1)
                                       Hash Cond: (orders.o_custkey = customer.c_custkey)
                                       ->  Bitmap Heap Scan on orders  (cost=26275.23..321718.04 rows=2278321 width=8) (actual time=213.612..1551.751 rows=2276638 loops=1)
                                             Recheck Cond: ((o_orderdate >= '1993-01-01'::date) AND (o_orderdate < '1994-01-01'::date))
                                             Heap Blocks: exact=261246
                                             ->  Bitmap Index Scan on idx_orders_orderdate  (cost=0.00..25705.65 rows=2278321 width=0) (actual time=163.458..163.459 rows=2276638 loops=1)
                                                   Index Cond: ((o_orderdate >= '1993-01-01'::date) AND (o_orderdate < '1994-01-01'::date))
                                       ->  Hash  (cost=59574.17..59574.17 rows=299996 width=38) (actual time=484.230..484.232 rows=299436 loops=1)
                                             Buckets: 524288  Batches: 1  Memory Usage: 25151kB
                                             ->  Hash Join  (cost=2.51..59574.17 rows=299996 width=38) (actual time=0.059..422.792 rows=299436 loops=1)
                                                   Hash Cond: (customer.c_nationkey = nation.n_nationkey)
                                                   ->  Seq Scan on customer  (cost=0.00..50946.78 rows=1499978 width=8) (actual time=0.019..254.408 rows=1500000 loops=1)
                                                   ->  Hash  (cost=2.45..2.45 rows=5 width=30) (actual time=0.033..0.035 rows=5 loops=1)
                                                         Buckets: 1024  Batches: 1  Memory Usage: 9kB
                                                         ->  Hash Join  (cost=1.07..2.45 rows=5 width=30) (actual time=0.028..0.033 rows=5 loops=1)
                                                               Hash Cond: (nation.n_regionkey = region.r_regionkey)
                                                               ->  Seq Scan on nation  (cost=0.00..1.25 rows=25 width=34) (actual time=0.008..0.009 rows=25 loops=1)
                                                               ->  Hash  (cost=1.06..1.06 rows=1 width=4) (actual time=0.015..0.015 rows=1 loops=1)
                                                                     Buckets: 1024  Batches: 1  Memory Usage: 9kB
                                                                     ->  Seq Scan on region  (cost=0.00..1.06 rows=1 width=4) (actual time=0.011..0.012 rows=1 loops=1)
                                                                           Filter: (r_name = 'AMERICA'::bpchar)
                                                                           Rows Removed by Filter: 4
                                 ->  Index Scan using idx_lineitem_orderkey on lineitem  (cost=0.56..3.60 rows=4 width=20) (actual time=0.005..0.006 rows=4 loops=453399)
                                       Index Cond: (l_orderkey = orders.o_orderkey)
                           ->  Hash  (cost=3221.00..3221.00 rows=100000 width=8) (actual time=39.037..39.037 rows=100000 loops=1)
                                 Buckets: 131072  Batches: 1  Memory Usage: 4931kB
                                 ->  Seq Scan on supplier  (cost=0.00..3221.00 rows=100000 width=8) (actual time=0.020..21.837 rows=100000 loops=1)
 Planning Time: 4.129 ms
 Execution Time: 6061.164 ms
(41 rows)

query 6 run 1
SET
SET
SET
                                                                                                          QUERY PLAN                                                                                                           
-------------------------------------------------------------------------------------------------------------------------------------------------------------------------------------------------------------------------------
 Limit  (cost=1957723.80..1957723.81 rows=1 width=32) (actual time=13687.063..13687.064 rows=1 loops=1)
   ->  Aggregate  (cost=1957723.80..1957723.81 rows=1 width=32) (actual time=13687.062..13687.063 rows=1 loops=1)
         ->  Bitmap Heap Scan on lineitem  (cost=208773.16..1951813.57 rows=1182045 width=12) (actual time=1398.155..13002.928 rows=1194558 loops=1)
               Recheck Cond: ((l_shipdate >= '1993-01-01'::date) AND (l_shipdate < '1994-01-01 00:00:00'::timestamp without time zone) AND (l_discount >= 0.06) AND (l_discount <= 0.08) AND (l_quantity < '25'::numeric))
               Rows Removed by Index Recheck: 13724091
               Heap Blocks: exact=395900 lossy=267068
               ->  Bitmap Index Scan on idx_lineitem_shipdate  (cost=0.00..208477.65 rows=1182045 width=0) (actual time=1315.625..1315.625 rows=1194558 loops=1)
                     Index Cond: ((l_shipdate >= '1993-01-01'::date) AND (l_shipdate < '1994-01-01 00:00:00'::timestamp without time zone) AND (l_discount >= 0.06) AND (l_discount <= 0.08) AND (l_quantity < '25'::numeric))
 Planning Time: 13.126 ms
 Execution Time: 13688.421 ms
(10 rows)

SET
SET
SET
                                                                                                          QUERY PLAN                                                                                                           
-------------------------------------------------------------------------------------------------------------------------------------------------------------------------------------------------------------------------------
 Limit  (cost=1957723.80..1957723.81 rows=1 width=32) (actual time=6528.656..6528.657 rows=1 loops=1)
   ->  Aggregate  (cost=1957723.80..1957723.81 rows=1 width=32) (actual time=6528.655..6528.655 rows=1 loops=1)
         ->  Bitmap Heap Scan on lineitem  (cost=208773.16..1951813.57 rows=1182045 width=12) (actual time=1270.482..6158.318 rows=1194558 loops=1)
               Recheck Cond: ((l_shipdate >= '1993-01-01'::date) AND (l_shipdate < '1994-01-01 00:00:00'::timestamp without time zone) AND (l_discount >= 0.06) AND (l_discount <= 0.08) AND (l_quantity < '25'::numeric))
               Rows Removed by Index Recheck: 13724091
               Heap Blocks: exact=395900 lossy=267068
               ->  Bitmap Index Scan on idx_lineitem_shipdate  (cost=0.00..208477.65 rows=1182045 width=0) (actual time=1188.540..1188.540 rows=1194558 loops=1)
                     Index Cond: ((l_shipdate >= '1993-01-01'::date) AND (l_shipdate < '1994-01-01 00:00:00'::timestamp without time zone) AND (l_discount >= 0.06) AND (l_discount <= 0.08) AND (l_quantity < '25'::numeric))
 Planning Time: 0.879 ms
 Execution Time: 6528.858 ms
(10 rows)

query 7 run 1
SET
SET
SET
                                                                                 QUERY PLAN                                                                                  
-----------------------------------------------------------------------------------------------------------------------------------------------------------------------------
 Limit  (cost=2718219.31..2718219.43 rows=1 width=116) (actual time=19121.671..19121.678 rows=1 loops=1)
   ->  GroupAggregate  (cost=2718219.31..2719434.68 rows=10048 width=116) (actual time=19121.670..19121.676 rows=1 loops=1)
         Group Key: n1.n_name, n2.n_name, (EXTRACT(year FROM lineitem.l_shipdate))
         ->  Sort  (cost=2718219.31..2718371.40 rows=60837 width=96) (actual time=19113.556..19114.286 rows=14421 loops=1)
               Sort Key: n1.n_name, n2.n_name, (EXTRACT(year FROM lineitem.l_shipdate))
               Sort Method: quicksort  Memory: 9664kB
               ->  Hash Join  (cost=563392.18..2713385.00 rows=60837 width=96) (actual time=5213.801..19078.674 rows=57794 loops=1)
                     Hash Cond: (lineitem.l_orderkey = orders.o_orderkey)
                     Join Filter: (((n1.n_name = 'PERU'::bpchar) AND (n2.n_name = 'MOROCCO'::bpchar)) OR ((n1.n_name = 'MOROCCO'::bpchar) AND (n2.n_name = 'PERU'::bpchar)))
                     Rows Removed by Join Filter: 58158
                     ->  Hash Join  (cost=3629.40..2111748.18 rows=1461859 width=46) (actual time=36.840..13087.218 rows=1455694 loops=1)
                           Hash Cond: (lineitem.l_suppkey = supplier.s_suppkey)
                           ->  Seq Scan on lineitem  (cost=0.00..2024975.54 rows=18273239 width=24) (actual time=0.439..10814.054 rows=18230325 loops=1)
                                 Filter: ((l_shipdate >= '1995-01-01'::date) AND (l_shipdate <= '1996-12-31'::date))
                                 Rows Removed by Filter: 41755727
                           ->  Hash  (cost=3529.40..3529.40 rows=8000 width=30) (actual time=36.383..36.385 rows=7981 loops=1)
                                 Buckets: 8192  Batches: 1  Memory Usage: 548kB
                                 ->  Hash Join  (cost=1.40..3529.40 rows=8000 width=30) (actual time=0.544..34.820 rows=7981 loops=1)
                                       Hash Cond: (supplier.s_nationkey = n1.n_nationkey)
                                       ->  Seq Scan on supplier  (cost=0.00..3221.00 rows=100000 width=8) (actual time=0.343..24.767 rows=100000 loops=1)
                                       ->  Hash  (cost=1.38..1.38 rows=2 width=30) (actual time=0.193..0.194 rows=2 loops=1)
                                             Buckets: 1024  Batches: 1  Memory Usage: 9kB
                                             ->  Seq Scan on nation n1  (cost=0.00..1.38 rows=2 width=30) (actual time=0.185..0.189 rows=2 loops=1)
                                                   Filter: ((n_name = 'PERU'::bpchar) OR (n_name = 'MOROCCO'::bpchar))
                                                   Rows Removed by Filter: 23
                     ->  Hash  (cost=536560.50..536560.50 rows=1199942 width=30) (actual time=5172.189..5172.191 rows=1191175 loops=1)
                           Buckets: 524288  Batches: 4  Memory Usage: 22152kB
                           ->  Hash Join  (cost=57053.09..536560.50 rows=1199942 width=30) (actual time=548.853..4907.591 rows=1191175 loops=1)
                                 Hash Cond: (orders.o_custkey = customer.c_custkey)
                                 ->  Seq Scan on orders  (cost=0.00..411260.74 rows=14999274 width=8) (actual time=0.574..1712.579 rows=15000000 loops=1)
                                 ->  Hash  (cost=55553.11..55553.11 rows=119998 width=30) (actual time=548.171..548.172 rows=119622 loops=1)
                                       Buckets: 131072  Batches: 1  Memory Usage: 8267kB
                                       ->  Hash Join  (cost=1.40..55553.11 rows=119998 width=30) (actual time=0.482..522.141 rows=119622 loops=1)
                                             Hash Cond: (customer.c_nationkey = n2.n_nationkey)
                                             ->  Seq Scan on customer  (cost=0.00..50946.78 rows=1499978 width=8) (actual time=0.447..373.811 rows=1500000 loops=1)
                                             ->  Hash  (cost=1.38..1.38 rows=2 width=30) (actual time=0.026..0.026 rows=2 loops=1)
                                                   Buckets: 1024  Batches: 1  Memory Usage: 9kB
                                                   ->  Seq Scan on nation n2  (cost=0.00..1.38 rows=2 width=30) (actual time=0.017..0.021 rows=2 loops=1)
                                                         Filter: ((n_name = 'MOROCCO'::bpchar) OR (n_name = 'PERU'::bpchar))
                                                         Rows Removed by Filter: 23
 Planning Time: 24.481 ms
 Execution Time: 19122.084 ms
(42 rows)

SET
SET
SET
                                                                                 QUERY PLAN                                                                                  
-----------------------------------------------------------------------------------------------------------------------------------------------------------------------------
 Limit  (cost=2718219.31..2718219.43 rows=1 width=116) (actual time=15853.925..15853.932 rows=1 loops=1)
   ->  GroupAggregate  (cost=2718219.31..2719434.68 rows=10048 width=116) (actual time=15853.924..15853.930 rows=1 loops=1)
         Group Key: n1.n_name, n2.n_name, (EXTRACT(year FROM lineitem.l_shipdate))
         ->  Sort  (cost=2718219.31..2718371.40 rows=60837 width=96) (actual time=15845.698..15846.422 rows=14421 loops=1)
               Sort Key: n1.n_name, n2.n_name, (EXTRACT(year FROM lineitem.l_shipdate))
               Sort Method: quicksort  Memory: 9664kB
               ->  Hash Join  (cost=563392.18..2713385.00 rows=60837 width=96) (actual time=4294.863..15812.152 rows=57794 loops=1)
                     Hash Cond: (lineitem.l_orderkey = orders.o_orderkey)
                     Join Filter: (((n1.n_name = 'PERU'::bpchar) AND (n2.n_name = 'MOROCCO'::bpchar)) OR ((n1.n_name = 'MOROCCO'::bpchar) AND (n2.n_name = 'PERU'::bpchar)))
                     Rows Removed by Join Filter: 58158
                     ->  Hash Join  (cost=3629.40..2111748.18 rows=1461859 width=46) (actual time=19.837..10777.405 rows=1455694 loops=1)
                           Hash Cond: (lineitem.l_suppkey = supplier.s_suppkey)
                           ->  Seq Scan on lineitem  (cost=0.00..2024975.54 rows=18273239 width=24) (actual time=0.035..8842.084 rows=18230325 loops=1)
                                 Filter: ((l_shipdate >= '1995-01-01'::date) AND (l_shipdate <= '1996-12-31'::date))
                                 Rows Removed by Filter: 41755727
                           ->  Hash  (cost=3529.40..3529.40 rows=8000 width=30) (actual time=19.792..19.794 rows=7981 loops=1)
                                 Buckets: 8192  Batches: 1  Memory Usage: 548kB
                                 ->  Hash Join  (cost=1.40..3529.40 rows=8000 width=30) (actual time=0.020..18.579 rows=7981 loops=1)
                                       Hash Cond: (supplier.s_nationkey = n1.n_nationkey)
                                       ->  Seq Scan on supplier  (cost=0.00..3221.00 rows=100000 width=8) (actual time=0.002..5.750 rows=100000 loops=1)
                                       ->  Hash  (cost=1.38..1.38 rows=2 width=30) (actual time=0.014..0.014 rows=2 loops=1)
                                             Buckets: 1024  Batches: 1  Memory Usage: 9kB
                                             ->  Seq Scan on nation n1  (cost=0.00..1.38 rows=2 width=30) (actual time=0.010..0.012 rows=2 loops=1)
                                                   Filter: ((n_name = 'PERU'::bpchar) OR (n_name = 'MOROCCO'::bpchar))
                                                   Rows Removed by Filter: 23
                     ->  Hash  (cost=536560.50..536560.50 rows=1199942 width=30) (actual time=4272.825..4272.827 rows=1191175 loops=1)
                           Buckets: 524288  Batches: 4  Memory Usage: 22152kB
                           ->  Hash Join  (cost=57053.09..536560.50 rows=1199942 width=30) (actual time=299.406..4024.957 rows=1191175 loops=1)
                                 Hash Cond: (orders.o_custkey = customer.c_custkey)
                                 ->  Seq Scan on orders  (cost=0.00..411260.74 rows=14999274 width=8) (actual time=0.031..1264.389 rows=15000000 loops=1)
                                 ->  Hash  (cost=55553.11..55553.11 rows=119998 width=30) (actual time=299.300..299.301 rows=119622 loops=1)
                                       Buckets: 131072  Batches: 1  Memory Usage: 8267kB
                                       ->  Hash Join  (cost=1.40..55553.11 rows=119998 width=30) (actual time=0.019..278.543 rows=119622 loops=1)
                                             Hash Cond: (customer.c_nationkey = n2.n_nationkey)
                                             ->  Seq Scan on customer  (cost=0.00..50946.78 rows=1499978 width=8) (actual time=0.003..87.261 rows=1500000 loops=1)
                                             ->  Hash  (cost=1.38..1.38 rows=2 width=30) (actual time=0.012..0.012 rows=2 loops=1)
                                                   Buckets: 1024  Batches: 1  Memory Usage: 9kB
                                                   ->  Seq Scan on nation n2  (cost=0.00..1.38 rows=2 width=30) (actual time=0.008..0.010 rows=2 loops=1)
                                                         Filter: ((n_name = 'MOROCCO'::bpchar) OR (n_name = 'PERU'::bpchar))
                                                         Rows Removed by Filter: 23
 Planning Time: 3.007 ms
 Execution Time: 15854.083 ms
(42 rows)

query 8 run 1
SET
SET
SET
                                                                                          QUERY PLAN                                                                                           
-----------------------------------------------------------------------------------------------------------------------------------------------------------------------------------------------
 Limit  (cost=1191569.09..1191569.34 rows=1 width=64) (actual time=60530.181..60530.188 rows=1 loops=1)
   ->  GroupAggregate  (cost=1191569.09..1192163.36 rows=2405 width=64) (actual time=60530.180..60530.186 rows=1 loops=1)
         Group Key: (EXTRACT(year FROM orders.o_orderdate))
         ->  Sort  (cost=1191569.09..1191629.78 rows=24274 width=70) (actual time=60524.187..60524.644 rows=11818 loops=1)
               Sort Key: (EXTRACT(year FROM orders.o_orderdate))
               Sort Method: quicksort  Memory: 2631kB
               ->  Nested Loop  (cost=840327.04..1189801.08 rows=24274 width=70) (actual time=55110.947..60507.513 rows=23842 loops=1)
                     ->  Hash Join  (cost=840326.90..1189124.17 rows=24274 width=20) (actual time=55110.917..60470.428 rows=23842 loops=1)
                           Hash Cond: (lineitem.l_suppkey = supplier.s_suppkey)
                           ->  Hash Join  (cost=835855.90..1184589.45 rows=24274 width=20) (actual time=55066.305..60415.069 rows=23842 loops=1)
                                 Hash Cond: (orders.o_custkey = customer.c_custkey)
                                 ->  Hash Join  (cost=772531.78..1120567.46 rows=121370 width=24) (actual time=54472.144..59788.945 rows=118593 loops=1)
                                       Hash Cond: (orders.o_orderkey = lineitem.l_orderkey)
                                       ->  Bitmap Heap Scan on orders  (cost=52621.44..382332.63 rows=4562879 width=12) (actual time=372.901..4748.918 rows=4557513 loops=1)
                                             Recheck Cond: ((o_orderdate >= '1995-01-01'::date) AND (o_orderdate <= '1996-12-31'::date))
                                             Heap Blocks: exact=261268
                                             ->  Bitmap Index Scan on idx_orders_orderdate  (cost=0.00..51480.72 rows=4562879 width=0) (actual time=321.434..321.435 rows=4557513 loops=1)
                                                   Index Cond: ((o_orderdate >= '1995-01-01'::date) AND (o_orderdate <= '1996-12-31'::date))
                                       ->  Hash  (cost=714923.20..714923.20 rows=398971 width=20) (actual time=54098.891..54098.893 rows=389521 loops=1)
                                             Buckets: 524288  Batches: 1  Memory Usage: 25019kB
                                             ->  Nested Loop  (cost=0.44..714923.20 rows=398971 width=20) (actual time=2.005..53653.154 rows=389521 loops=1)
                                                   ->  Seq Scan on part  (cost=0.00..65980.02 rows=13301 width=4) (actual time=1.374..588.754 rows=13011 loops=1)
                                                         Filter: ((p_type)::text = 'LARGE POLISHED BRASS'::text)
                                                         Rows Removed by Filter: 1986989
                                                   ->  Index Scan using idx_lineitem_part_supp on lineitem  (cost=0.44..48.48 rows=31 width=24) (actual time=0.255..4.061 rows=30 loops=13011)
                                                         Index Cond: (l_partkey = part.p_partkey)
                                 ->  Hash  (cost=59574.17..59574.17 rows=299996 width=4) (actual time=593.489..593.492 rows=299436 loops=1)
                                       Buckets: 524288  Batches: 1  Memory Usage: 14624kB
                                       ->  Hash Join  (cost=2.51..59574.17 rows=299996 width=4) (actual time=1.128..540.990 rows=299436 loops=1)
                                             Hash Cond: (customer.c_nationkey = n1.n_nationkey)
                                             ->  Seq Scan on customer  (cost=0.00..50946.78 rows=1499978 width=8) (actual time=0.702..374.648 rows=1500000 loops=1)
                                             ->  Hash  (cost=2.45..2.45 rows=5 width=4) (actual time=0.416..0.417 rows=5 loops=1)
                                                   Buckets: 1024  Batches: 1  Memory Usage: 9kB
                                                   ->  Hash Join  (cost=1.07..2.45 rows=5 width=4) (actual time=0.405..0.415 rows=5 loops=1)
                                                         Hash Cond: (n1.n_regionkey = region.r_regionkey)
                                                         ->  Seq Scan on nation n1  (cost=0.00..1.25 rows=25 width=8) (actual time=0.186..0.189 rows=25 loops=1)
                                                         ->  Hash  (cost=1.06..1.06 rows=1 width=4) (actual time=0.209..0.210 rows=1 loops=1)
                                                               Buckets: 1024  Batches: 1  Memory Usage: 9kB
                                                               ->  Seq Scan on region  (cost=0.00..1.06 rows=1 width=4) (actual time=0.203..0.205 rows=1 loops=1)
                                                                     Filter: (r_name = 'AMERICA'::bpchar)
                                                                     Rows Removed by Filter: 4
                           ->  Hash  (cost=3221.00..3221.00 rows=100000 width=8) (actual time=44.353..44.354 rows=100000 loops=1)
                                 Buckets: 131072  Batches: 1  Memory Usage: 4931kB
                                 ->  Seq Scan on supplier  (cost=0.00..3221.00 rows=100000 width=8) (actual time=0.339..29.298 rows=100000 loops=1)
                     ->  Memoize  (cost=0.15..0.92 rows=1 width=30) (actual time=0.000..0.000 rows=1 loops=23842)
                           Cache Key: supplier.s_nationkey
                           Cache Mode: logical
                           Hits: 23817  Misses: 25  Evictions: 0  Overflows: 0  Memory Usage: 4kB
                           ->  Index Scan using nation_pkey on nation n2  (cost=0.14..0.91 rows=1 width=30) (actual time=0.003..0.003 rows=1 loops=25)
                                 Index Cond: (n_nationkey = supplier.s_nationkey)
 Planning Time: 32.136 ms
 Execution Time: 60530.712 ms
(52 rows)

SET
SET
SET
                                                                                          QUERY PLAN                                                                                           
-----------------------------------------------------------------------------------------------------------------------------------------------------------------------------------------------
 Limit  (cost=1191569.09..1191569.34 rows=1 width=64) (actual time=5001.142..5001.150 rows=1 loops=1)
   ->  GroupAggregate  (cost=1191569.09..1192163.36 rows=2405 width=64) (actual time=5001.140..5001.148 rows=1 loops=1)
         Group Key: (EXTRACT(year FROM orders.o_orderdate))
         ->  Sort  (cost=1191569.09..1191629.78 rows=24274 width=70) (actual time=4995.258..4995.711 rows=11818 loops=1)
               Sort Key: (EXTRACT(year FROM orders.o_orderdate))
               Sort Method: quicksort  Memory: 2631kB
               ->  Nested Loop  (cost=840327.04..1189801.08 rows=24274 width=70) (actual time=2806.803..4984.083 rows=23842 loops=1)
                     ->  Hash Join  (cost=840326.90..1189124.17 rows=24274 width=20) (actual time=2806.788..4960.262 rows=23842 loops=1)
                           Hash Cond: (lineitem.l_suppkey = supplier.s_suppkey)
                           ->  Hash Join  (cost=835855.90..1184589.45 rows=24274 width=20) (actual time=2769.353..4913.213 rows=23842 loops=1)
                                 Hash Cond: (orders.o_custkey = customer.c_custkey)
                                 ->  Hash Join  (cost=772531.78..1120567.46 rows=121370 width=24) (actual time=2313.166..4428.509 rows=118593 loops=1)
                                       Hash Cond: (orders.o_orderkey = lineitem.l_orderkey)
                                       ->  Bitmap Heap Scan on orders  (cost=52621.44..382332.63 rows=4562879 width=12) (actual time=350.668..1604.631 rows=4557513 loops=1)
                                             Recheck Cond: ((o_orderdate >= '1995-01-01'::date) AND (o_orderdate <= '1996-12-31'::date))
                                             Heap Blocks: exact=261268
                                             ->  Bitmap Index Scan on idx_orders_orderdate  (cost=0.00..51480.72 rows=4562879 width=0) (actual time=300.151..300.152 rows=4557513 loops=1)
                                                   Index Cond: ((o_orderdate >= '1995-01-01'::date) AND (o_orderdate <= '1996-12-31'::date))
                                       ->  Hash  (cost=714923.20..714923.20 rows=398971 width=20) (actual time=1962.183..1962.184 rows=389521 loops=1)
                                             Buckets: 524288  Batches: 1  Memory Usage: 25019kB
                                             ->  Nested Loop  (cost=0.44..714923.20 rows=398971 width=20) (actual time=0.095..1843.207 rows=389521 loops=1)
                                                   ->  Seq Scan on part  (cost=0.00..65980.02 rows=13301 width=4) (actual time=0.068..308.044 rows=13011 loops=1)
                                                         Filter: ((p_type)::text = 'LARGE POLISHED BRASS'::text)
                                                         Rows Removed by Filter: 1986989
                                                   ->  Index Scan using idx_lineitem_part_supp on lineitem  (cost=0.44..48.48 rows=31 width=24) (actual time=0.009..0.112 rows=30 loops=13011)
                                                         Index Cond: (l_partkey = part.p_partkey)
                                 ->  Hash  (cost=59574.17..59574.17 rows=299996 width=4) (actual time=455.430..455.432 rows=299436 loops=1)
                                       Buckets: 524288  Batches: 1  Memory Usage: 14624kB
                                       ->  Hash Join  (cost=2.51..59574.17 rows=299996 width=4) (actual time=0.070..406.903 rows=299436 loops=1)
                                             Hash Cond: (customer.c_nationkey = n1.n_nationkey)
                                             ->  Seq Scan on customer  (cost=0.00..50946.78 rows=1499978 width=8) (actual time=0.023..245.637 rows=1500000 loops=1)
                                             ->  Hash  (cost=2.45..2.45 rows=5 width=4) (actual time=0.039..0.041 rows=5 loops=1)
                                                   Buckets: 1024  Batches: 1  Memory Usage: 9kB
                                                   ->  Hash Join  (cost=1.07..2.45 rows=5 width=4) (actual time=0.034..0.039 rows=5 loops=1)
                                                         Hash Cond: (n1.n_regionkey = region.r_regionkey)
                                                         ->  Seq Scan on nation n1  (cost=0.00..1.25 rows=25 width=8) (actual time=0.012..0.014 rows=25 loops=1)
                                                         ->  Hash  (cost=1.06..1.06 rows=1 width=4) (actual time=0.016..0.017 rows=1 loops=1)
                                                               Buckets: 1024  Batches: 1  Memory Usage: 9kB
                                                               ->  Seq Scan on region  (cost=0.00..1.06 rows=1 width=4) (actual time=0.012..0.013 rows=1 loops=1)
                                                                     Filter: (r_name = 'AMERICA'::bpchar)
                                                                     Rows Removed by Filter: 4
                           ->  Hash  (cost=3221.00..3221.00 rows=100000 width=8) (actual time=37.153..37.153 rows=100000 loops=1)
                                 Buckets: 131072  Batches: 1  Memory Usage: 4931kB
                                 ->  Seq Scan on supplier  (cost=0.00..3221.00 rows=100000 width=8) (actual time=0.016..21.057 rows=100000 loops=1)
                     ->  Memoize  (cost=0.15..0.92 rows=1 width=30) (actual time=0.000..0.000 rows=1 loops=23842)
                           Cache Key: supplier.s_nationkey
                           Cache Mode: logical
                           Hits: 23817  Misses: 25  Evictions: 0  Overflows: 0  Memory Usage: 4kB
                           ->  Index Scan using nation_pkey on nation n2  (cost=0.14..0.91 rows=1 width=30) (actual time=0.002..0.002 rows=1 loops=25)
                                 Index Cond: (n_nationkey = supplier.s_nationkey)
 Planning Time: 4.749 ms
 Execution Time: 5001.443 ms
(52 rows)

query 9 run 1
SET
SET
SET
                                                                                QUERY PLAN                                                                                
--------------------------------------------------------------------------------------------------------------------------------------------------------------------------
 Limit  (cost=3506937.70..3506937.70 rows=1 width=90) (actual time=35504.045..35504.050 rows=1 loops=1)
   ->  Sort  (cost=3506937.70..3507088.01 rows=60125 width=90) (actual time=35504.043..35504.049 rows=1 loops=1)
         Sort Key: nation.n_name, (EXTRACT(year FROM orders.o_orderdate)) DESC
         Sort Method: top-N heapsort  Memory: 25kB
         ->  HashAggregate  (cost=3505735.20..3506637.07 rows=60125 width=90) (actual time=35503.544..35503.963 rows=175 loops=1)
               Group Key: nation.n_name, EXTRACT(year FROM orders.o_orderdate)
               Batches: 1  Memory Usage: 3217kB
               ->  Hash Join  (cost=1144631.75..3399694.49 rows=6059469 width=81) (actual time=7970.116..32620.522 rows=3248192 loops=1)
                     Hash Cond: (supplier.s_nationkey = nation.n_nationkey)
                     ->  Hash Join  (cost=1144630.19..3365941.68 rows=6059469 width=31) (actual time=7969.669..31645.882 rows=3248192 loops=1)
                           Hash Cond: (lineitem.l_orderkey = orders.o_orderkey)
                           ->  Hash Join  (cost=487287.52..2551255.91 rows=6059469 width=31) (actual time=3423.982..23680.356 rows=3248192 loops=1)
                                 Hash Cond: (lineitem.l_suppkey = supplier.s_suppkey)
                                 ->  Hash Join  (cost=482816.52..2530878.13 rows=6059469 width=35) (actual time=3380.325..22799.435 rows=3248192 loops=1)
                                       Hash Cond: ((lineitem.l_suppkey = partsupp.ps_suppkey) AND (lineitem.l_partkey = partsupp.ps_partkey))
                                       ->  Hash Join  (cost=68505.17..1951007.56 rows=6059469 width=33) (actual time=661.980..17128.205 rows=3248192 loops=1)
                                             Hash Cond: (lineitem.l_partkey = part.p_partkey)
                                             ->  Seq Scan on lineitem  (cost=0.00..1725031.36 rows=59988836 width=29) (actual time=0.543..7254.263 rows=59986052 loops=1)
                                             ->  Hash  (cost=65980.02..65980.02 rows=202012 width=4) (actual time=661.052..661.053 rows=108312 loops=1)
                                                   Buckets: 262144  Batches: 1  Memory Usage: 5856kB
                                                   ->  Seq Scan on part  (cost=0.00..65980.02 rows=202012 width=4) (actual time=0.490..637.967 rows=108312 loops=1)
                                                         Filter: ((p_name)::text ~~ '%navy%'::text)
                                                         Rows Removed by Filter: 1891688
                                       ->  Hash  (cost=255230.94..255230.94 rows=8000894 width=14) (actual time=2716.915..2716.915 rows=8000000 loops=1)
                                             Buckets: 1048576  Batches: 16  Memory Usage: 31607kB
                                             ->  Seq Scan on partsupp  (cost=0.00..255230.94 rows=8000894 width=14) (actual time=0.665..1350.013 rows=8000000 loops=1)
                                 ->  Hash  (cost=3221.00..3221.00 rows=100000 width=8) (actual time=43.573..43.573 rows=100000 loops=1)
                                       Buckets: 131072  Batches: 1  Memory Usage: 4931kB
                                       ->  Seq Scan on supplier  (cost=0.00..3221.00 rows=100000 width=8) (actual time=0.523..28.710 rows=100000 loops=1)
                           ->  Hash  (cost=411260.74..411260.74 rows=14999274 width=8) (actual time=4539.947..4539.947 rows=15000000 loops=1)
                                 Buckets: 1048576  Batches: 32  Memory Usage: 26512kB
                                 ->  Seq Scan on orders  (cost=0.00..411260.74 rows=14999274 width=8) (actual time=0.575..2402.982 rows=15000000 loops=1)
                     ->  Hash  (cost=1.25..1.25 rows=25 width=30) (actual time=0.438..0.439 rows=25 loops=1)
                           Buckets: 1024  Batches: 1  Memory Usage: 10kB
                           ->  Seq Scan on nation  (cost=0.00..1.25 rows=25 width=30) (actual time=0.192..0.195 rows=25 loops=1)
 Planning Time: 31.879 ms
 Execution Time: 35504.925 ms
(37 rows)

SET
SET
SET
                                                                                QUERY PLAN                                                                                
--------------------------------------------------------------------------------------------------------------------------------------------------------------------------
 Limit  (cost=3506937.70..3506937.70 rows=1 width=90) (actual time=31529.526..31529.532 rows=1 loops=1)
   ->  Sort  (cost=3506937.70..3507088.01 rows=60125 width=90) (actual time=31529.525..31529.530 rows=1 loops=1)
         Sort Key: nation.n_name, (EXTRACT(year FROM orders.o_orderdate)) DESC
         Sort Method: top-N heapsort  Memory: 25kB
         ->  HashAggregate  (cost=3505735.20..3506637.07 rows=60125 width=90) (actual time=31529.022..31529.452 rows=175 loops=1)
               Group Key: nation.n_name, EXTRACT(year FROM orders.o_orderdate)
               Batches: 1  Memory Usage: 3217kB
               ->  Hash Join  (cost=1144631.75..3399694.49 rows=6059469 width=81) (actual time=6821.699..28644.774 rows=3248192 loops=1)
                     Hash Cond: (supplier.s_nationkey = nation.n_nationkey)
                     ->  Hash Join  (cost=1144630.19..3365941.68 rows=6059469 width=31) (actual time=6821.467..27598.054 rows=3248192 loops=1)
                           Hash Cond: (lineitem.l_orderkey = orders.o_orderkey)
                           ->  Hash Join  (cost=487287.52..2551255.91 rows=6059469 width=31) (actual time=2790.379..20150.611 rows=3248192 loops=1)
                                 Hash Cond: (lineitem.l_suppkey = supplier.s_suppkey)
                                 ->  Hash Join  (cost=482816.52..2530878.13 rows=6059469 width=35) (actual time=2763.716..19283.919 rows=3248192 loops=1)
                                       Hash Cond: ((lineitem.l_suppkey = partsupp.ps_suppkey) AND (lineitem.l_partkey = partsupp.ps_partkey))
                                       ->  Hash Join  (cost=68505.17..1951007.56 rows=6059469 width=33) (actual time=382.050..14033.701 rows=3248192 loops=1)
                                             Hash Cond: (lineitem.l_partkey = part.p_partkey)
                                             ->  Seq Scan on lineitem  (cost=0.00..1725031.36 rows=59988836 width=29) (actual time=0.026..5186.332 rows=59986052 loops=1)
                                             ->  Hash  (cost=65980.02..65980.02 rows=202012 width=4) (actual time=381.694..381.695 rows=108312 loops=1)
                                                   Buckets: 262144  Batches: 1  Memory Usage: 5856kB
                                                   ->  Seq Scan on part  (cost=0.00..65980.02 rows=202012 width=4) (actual time=0.009..365.171 rows=108312 loops=1)
                                                         Filter: ((p_name)::text ~~ '%navy%'::text)
                                                         Rows Removed by Filter: 1891688
                                       ->  Hash  (cost=255230.94..255230.94 rows=8000894 width=14) (actual time=2380.338..2380.338 rows=8000000 loops=1)
                                             Buckets: 1048576  Batches: 16  Memory Usage: 31607kB
                                             ->  Seq Scan on partsupp  (cost=0.00..255230.94 rows=8000894 width=14) (actual time=0.033..1053.663 rows=8000000 loops=1)
                                 ->  Hash  (cost=3221.00..3221.00 rows=100000 width=8) (actual time=26.579..26.579 rows=100000 loops=1)
                                       Buckets: 131072  Batches: 1  Memory Usage: 4931kB
                                       ->  Seq Scan on supplier  (cost=0.00..3221.00 rows=100000 width=8) (actual time=0.005..13.719 rows=100000 loops=1)
                           ->  Hash  (cost=411260.74..411260.74 rows=14999274 width=8) (actual time=4027.277..4027.278 rows=15000000 loops=1)
                                 Buckets: 1048576  Batches: 32  Memory Usage: 26512kB
                                 ->  Seq Scan on orders  (cost=0.00..411260.74 rows=14999274 width=8) (actual time=0.043..1938.267 rows=15000000 loops=1)
                     ->  Hash  (cost=1.25..1.25 rows=25 width=30) (actual time=0.224..0.224 rows=25 loops=1)
                           Buckets: 1024  Batches: 1  Memory Usage: 10kB
                           ->  Seq Scan on nation  (cost=0.00..1.25 rows=25 width=30) (actual time=0.007..0.010 rows=25 loops=1)
 Planning Time: 5.637 ms
 Execution Time: 31530.061 ms
(37 rows)

query 10 run 1
SET
SET
SET
                                                                                            QUERY PLAN                                                                                            
--------------------------------------------------------------------------------------------------------------------------------------------------------------------------------------------------
 Limit  (cost=2398170.38..2398170.43 rows=20 width=202) (actual time=20603.319..20603.325 rows=20 loops=1)
   ->  Sort  (cost=2398170.38..2399594.08 rows=569477 width=202) (actual time=20603.318..20603.322 rows=20 loops=1)
         Sort Key: (sum((lineitem.l_extendedprice * ('1'::numeric - lineitem.l_discount)))) DESC
         Sort Method: top-N heapsort  Memory: 33kB
         ->  GroupAggregate  (cost=2252296.98..2383016.81 rows=569477 width=202) (actual time=17941.878..20481.239 rows=381205 loops=1)
               Group Key: customer.c_custkey, nation.n_name
               ->  Incremental Sort  (cost=2252296.98..2368779.88 rows=569477 width=182) (actual time=17941.864..19690.981 rows=1145402 loops=1)
                     Sort Key: customer.c_custkey, nation.n_name
                     Presorted Key: customer.c_custkey
                     Full-sort Groups: 34068  Sort Method: quicksort  Average Memory: 33kB  Peak Memory: 33kB
                     ->  Nested Loop  (cost=2252296.81..2343153.42 rows=569477 width=182) (actual time=17941.723..19321.127 rows=1145402 loops=1)
                           ->  Merge Join  (cost=2252296.66..2329209.08 rows=569477 width=160) (actual time=17941.468..18910.487 rows=1145402 loops=1)
                                 Merge Cond: (customer.c_custkey = orders.o_custkey)
                                 ->  Index Scan using customer_pkey on customer  (cost=0.43..64621.60 rows=1499978 width=148) (actual time=0.467..512.060 rows=1499997 loops=1)
                                 ->  Sort  (cost=2252295.59..2253719.29 rows=569477 width=16) (actual time=17940.980..18046.596 rows=1145402 loops=1)
                                       Sort Key: orders.o_custkey
                                       Sort Method: external sort  Disk: 35288kB
                                       ->  Hash Join  (cost=283521.26..2197855.65 rows=569477 width=16) (actual time=4829.722..17369.823 rows=1145402 loops=1)
                                             Hash Cond: (lineitem.l_orderkey = orders.o_orderkey)
                                             ->  Seq Scan on lineitem  (cost=0.00..1875003.45 rows=14983211 width=16) (actual time=0.566..10696.876 rows=14808183 loops=1)
                                                   Filter: (l_returnflag = 'R'::bpchar)
                                                   Rows Removed by Filter: 45177869
                                             ->  Hash  (cost=276395.16..276395.16 rows=570088 width=8) (actual time=4827.112..4827.113 rows=573160 loops=1)
                                                   Buckets: 1048576  Batches: 1  Memory Usage: 30582kB
                                                   ->  Bitmap Heap Scan on orders  (cost=6575.84..276395.16 rows=570088 width=8) (actual time=111.054..4653.845 rows=573160 loops=1)
                                                         Recheck Cond: ((o_orderdate >= '1994-08-01'::date) AND (o_orderdate < '1994-11-01'::date))
                                                         Heap Blocks: exact=233346
                                                         ->  Bitmap Index Scan on idx_orders_orderdate  (cost=0.00..6433.32 rows=570088 width=0) (actual time=65.728..65.728 rows=573160 loops=1)
                                                               Index Cond: ((o_orderdate >= '1994-08-01'::date) AND (o_orderdate < '1994-11-01'::date))
                           ->  Memoize  (cost=0.15..0.92 rows=1 width=30) (actual time=0.000..0.000 rows=1 loops=1145402)
                                 Cache Key: customer.c_nationkey
                                 Cache Mode: logical
                                 Hits: 1145377  Misses: 25  Evictions: 0  Overflows: 0  Memory Usage: 4kB
                                 ->  Index Scan using nation_pkey on nation  (cost=0.14..0.91 rows=1 width=30) (actual time=0.011..0.011 rows=1 loops=25)
                                       Index Cond: (n_nationkey = customer.c_nationkey)
 Planning Time: 22.626 ms
 Execution Time: 20608.129 ms
(37 rows)

SET
SET
SET
                                                                                            QUERY PLAN                                                                                            
--------------------------------------------------------------------------------------------------------------------------------------------------------------------------------------------------
 Limit  (cost=2398170.38..2398170.43 rows=20 width=202) (actual time=15038.663..15038.668 rows=20 loops=1)
   ->  Sort  (cost=2398170.38..2399594.08 rows=569477 width=202) (actual time=15038.662..15038.666 rows=20 loops=1)
         Sort Key: (sum((lineitem.l_extendedprice * ('1'::numeric - lineitem.l_discount)))) DESC
         Sort Method: top-N heapsort  Memory: 33kB
         ->  GroupAggregate  (cost=2252296.98..2383016.81 rows=569477 width=202) (actual time=12540.904..14920.860 rows=381205 loops=1)
               Group Key: customer.c_custkey, nation.n_name
               ->  Incremental Sort  (cost=2252296.98..2368779.88 rows=569477 width=182) (actual time=12540.889..14137.633 rows=1145402 loops=1)
                     Sort Key: customer.c_custkey, nation.n_name
                     Presorted Key: customer.c_custkey
                     Full-sort Groups: 34068  Sort Method: quicksort  Average Memory: 33kB  Peak Memory: 33kB
                     ->  Nested Loop  (cost=2252296.81..2343153.42 rows=569477 width=182) (actual time=12540.774..13773.518 rows=1145402 loops=1)
                           ->  Merge Join  (cost=2252296.66..2329209.08 rows=569477 width=160) (actual time=12540.752..13367.655 rows=1145402 loops=1)
                                 Merge Cond: (customer.c_custkey = orders.o_custkey)
                                 ->  Index Scan using customer_pkey on customer  (cost=0.43..64621.60 rows=1499978 width=148) (actual time=0.016..373.286 rows=1499997 loops=1)
                                 ->  Sort  (cost=2252295.59..2253719.29 rows=569477 width=16) (actual time=12540.721..12646.459 rows=1145402 loops=1)
                                       Sort Key: orders.o_custkey
                                       Sort Method: external sort  Disk: 35288kB
                                       ->  Hash Join  (cost=283521.26..2197855.65 rows=569477 width=16) (actual time=1570.134..11978.872 rows=1145402 loops=1)
                                             Hash Cond: (lineitem.l_orderkey = orders.o_orderkey)
                                             ->  Seq Scan on lineitem  (cost=0.00..1875003.45 rows=14983211 width=16) (actual time=0.016..8667.707 rows=14808183 loops=1)
                                                   Filter: (l_returnflag = 'R'::bpchar)
                                                   Rows Removed by Filter: 45177869
                                             ->  Hash  (cost=276395.16..276395.16 rows=570088 width=8) (actual time=1568.706..1568.707 rows=573160 loops=1)
                                                   Buckets: 1048576  Batches: 1  Memory Usage: 30582kB
                                                   ->  Bitmap Heap Scan on orders  (cost=6575.84..276395.16 rows=570088 width=8) (actual time=109.651..1439.281 rows=573160 loops=1)
                                                         Recheck Cond: ((o_orderdate >= '1994-08-01'::date) AND (o_orderdate < '1994-11-01'::date))
                                                         Heap Blocks: exact=233346
                                                         ->  Bitmap Index Scan on idx_orders_orderdate  (cost=0.00..6433.32 rows=570088 width=0) (actual time=64.852..64.852 rows=573160 loops=1)
                                                               Index Cond: ((o_orderdate >= '1994-08-01'::date) AND (o_orderdate < '1994-11-01'::date))
                           ->  Memoize  (cost=0.15..0.92 rows=1 width=30) (actual time=0.000..0.000 rows=1 loops=1145402)
                                 Cache Key: customer.c_nationkey
                                 Cache Mode: logical
                                 Hits: 1145377  Misses: 25  Evictions: 0  Overflows: 0  Memory Usage: 4kB
                                 ->  Index Scan using nation_pkey on nation  (cost=0.14..0.91 rows=1 width=30) (actual time=0.002..0.002 rows=1 loops=25)
                                       Index Cond: (n_nationkey = customer.c_nationkey)
 Planning Time: 2.066 ms
 Execution Time: 15043.100 ms
(37 rows)

query 11 run 1
SET
SET
SET
                                                                                QUERY PLAN                                                                                 
---------------------------------------------------------------------------------------------------------------------------------------------------------------------------
 Limit  (cost=606640.90..606640.90 rows=1 width=36) (actual time=3937.111..3937.117 rows=0 loops=1)
   InitPlan 1 (returns $1)
     ->  Aggregate  (cost=293146.38..293146.40 rows=1 width=32) (actual time=1583.806..1583.809 rows=1 loops=1)
           ->  Hash Join  (cost=2311.46..290746.11 rows=320036 width=10) (actual time=2.734..1492.128 rows=320800 loops=1)
                 Hash Cond: (partsupp_1.ps_suppkey = supplier_1.s_suppkey)
                 ->  Seq Scan on partsupp partsupp_1  (cost=0.00..255230.94 rows=8000894 width=14) (actual time=0.017..747.901 rows=8000000 loops=1)
                 ->  Hash  (cost=2261.46..2261.46 rows=4000 width=4) (actual time=2.687..2.689 rows=4010 loops=1)
                       Buckets: 4096  Batches: 1  Memory Usage: 173kB
                       ->  Nested Loop  (cost=37.29..2261.46 rows=4000 width=4) (actual time=0.458..2.312 rows=4010 loops=1)
                             ->  Seq Scan on nation nation_1  (cost=0.00..1.31 rows=1 width=4) (actual time=0.006..0.007 rows=1 loops=1)
                                   Filter: (n_name = 'SAUDI ARABIA'::bpchar)
                                   Rows Removed by Filter: 24
                             ->  Bitmap Heap Scan on supplier supplier_1  (cost=37.29..2220.15 rows=4000 width=8) (actual time=0.449..1.977 rows=4010 loops=1)
                                   Recheck Cond: (s_nationkey = nation_1.n_nationkey)
                                   Heap Blocks: exact=1869
                                   ->  Bitmap Index Scan on idx_supplier_nation_key  (cost=0.00..36.29 rows=4000 width=0) (actual time=0.249..0.249 rows=4010 loops=1)
                                         Index Cond: (s_nationkey = nation_1.n_nationkey)
   ->  Sort  (cost=313494.51..313761.20 rows=106679 width=36) (actual time=3937.110..3937.113 rows=0 loops=1)
         Sort Key: (sum((partsupp.ps_supplycost * (partsupp.ps_availqty)::numeric))) DESC
         Sort Method: quicksort  Memory: 25kB
         ->  HashAggregate  (cost=305035.22..312961.11 rows=106679 width=36) (actual time=3937.091..3937.093 rows=0 loops=1)
               Group Key: partsupp.ps_partkey
               Filter: (sum((partsupp.ps_supplycost * (partsupp.ps_availqty)::numeric)) > $1)
               Planned Partitions: 4  Batches: 5  Memory Usage: 33841kB  Disk Usage: 11168kB
               Rows Removed by Filter: 301833
               ->  Hash Join  (cost=2311.46..290746.11 rows=320036 width=14) (actual time=40.244..1933.472 rows=320800 loops=1)
                     Hash Cond: (partsupp.ps_suppkey = supplier.s_suppkey)
                     ->  Seq Scan on partsupp  (cost=0.00..255230.94 rows=8000894 width=18) (actual time=0.448..1082.539 rows=8000000 loops=1)
                     ->  Hash  (cost=2261.46..2261.46 rows=4000 width=4) (actual time=39.728..39.730 rows=4010 loops=1)
                           Buckets: 4096  Batches: 1  Memory Usage: 173kB
                           ->  Nested Loop  (cost=37.29..2261.46 rows=4000 width=4) (actual time=1.729..38.659 rows=4010 loops=1)
                                 ->  Seq Scan on nation  (cost=0.00..1.31 rows=1 width=4) (actual time=0.230..0.234 rows=1 loops=1)
                                       Filter: (n_name = 'SAUDI ARABIA'::bpchar)
                                       Rows Removed by Filter: 24
                                 ->  Bitmap Heap Scan on supplier  (cost=37.29..2220.15 rows=4000 width=8) (actual time=1.492..37.813 rows=4010 loops=1)
                                       Recheck Cond: (s_nationkey = nation.n_nationkey)
                                       Heap Blocks: exact=1869
                                       ->  Bitmap Index Scan on idx_supplier_nation_key  (cost=0.00..36.29 rows=4000 width=0) (actual time=1.090..1.090 rows=4010 loops=1)
                                             Index Cond: (s_nationkey = nation.n_nationkey)
 Planning Time: 13.807 ms
 Execution Time: 3939.523 ms
(41 rows)

SET
SET
SET
                                                                                QUERY PLAN                                                                                 
---------------------------------------------------------------------------------------------------------------------------------------------------------------------------
 Limit  (cost=606640.90..606640.90 rows=1 width=36) (actual time=3504.664..3504.670 rows=0 loops=1)
   InitPlan 1 (returns $1)
     ->  Aggregate  (cost=293146.38..293146.40 rows=1 width=32) (actual time=1582.319..1582.322 rows=1 loops=1)
           ->  Hash Join  (cost=2311.46..290746.11 rows=320036 width=10) (actual time=2.743..1490.494 rows=320800 loops=1)
                 Hash Cond: (partsupp_1.ps_suppkey = supplier_1.s_suppkey)
                 ->  Seq Scan on partsupp partsupp_1  (cost=0.00..255230.94 rows=8000894 width=14) (actual time=0.017..750.361 rows=8000000 loops=1)
                 ->  Hash  (cost=2261.46..2261.46 rows=4000 width=4) (actual time=2.698..2.700 rows=4010 loops=1)
                       Buckets: 4096  Batches: 1  Memory Usage: 173kB
                       ->  Nested Loop  (cost=37.29..2261.46 rows=4000 width=4) (actual time=0.460..2.326 rows=4010 loops=1)
                             ->  Seq Scan on nation nation_1  (cost=0.00..1.31 rows=1 width=4) (actual time=0.006..0.007 rows=1 loops=1)
                                   Filter: (n_name = 'SAUDI ARABIA'::bpchar)
                                   Rows Removed by Filter: 24
                             ->  Bitmap Heap Scan on supplier supplier_1  (cost=37.29..2220.15 rows=4000 width=8) (actual time=0.451..1.990 rows=4010 loops=1)
                                   Recheck Cond: (s_nationkey = nation_1.n_nationkey)
                                   Heap Blocks: exact=1869
                                   ->  Bitmap Index Scan on idx_supplier_nation_key  (cost=0.00..36.29 rows=4000 width=0) (actual time=0.250..0.251 rows=4010 loops=1)
                                         Index Cond: (s_nationkey = nation_1.n_nationkey)
   ->  Sort  (cost=313494.51..313761.20 rows=106679 width=36) (actual time=3504.663..3504.665 rows=0 loops=1)
         Sort Key: (sum((partsupp.ps_supplycost * (partsupp.ps_availqty)::numeric))) DESC
         Sort Method: quicksort  Memory: 25kB
         ->  HashAggregate  (cost=305035.22..312961.11 rows=106679 width=36) (actual time=3504.648..3504.650 rows=0 loops=1)
               Group Key: partsupp.ps_partkey
               Filter: (sum((partsupp.ps_supplycost * (partsupp.ps_availqty)::numeric)) > $1)
               Planned Partitions: 4  Batches: 5  Memory Usage: 33841kB  Disk Usage: 11168kB
               Rows Removed by Filter: 301833
               ->  Hash Join  (cost=2311.46..290746.11 rows=320036 width=14) (actual time=3.915..1515.887 rows=320800 loops=1)
                     Hash Cond: (partsupp.ps_suppkey = supplier.s_suppkey)
                     ->  Seq Scan on partsupp  (cost=0.00..255230.94 rows=8000894 width=18) (actual time=0.031..759.424 rows=8000000 loops=1)
                     ->  Hash  (cost=2261.46..2261.46 rows=4000 width=4) (actual time=3.852..3.853 rows=4010 loops=1)
                           Buckets: 4096  Batches: 1  Memory Usage: 173kB
                           ->  Nested Loop  (cost=37.29..2261.46 rows=4000 width=4) (actual time=0.668..3.423 rows=4010 loops=1)
                                 ->  Seq Scan on nation  (cost=0.00..1.31 rows=1 width=4) (actual time=0.007..0.009 rows=1 loops=1)
                                       Filter: (n_name = 'SAUDI ARABIA'::bpchar)
                                       Rows Removed by Filter: 24
                                 ->  Bitmap Heap Scan on supplier  (cost=37.29..2220.15 rows=4000 width=8) (actual time=0.658..3.062 rows=4010 loops=1)
                                       Recheck Cond: (s_nationkey = nation.n_nationkey)
                                       Heap Blocks: exact=1869
                                       ->  Bitmap Index Scan on idx_supplier_nation_key  (cost=0.00..36.29 rows=4000 width=0) (actual time=0.452..0.452 rows=4010 loops=1)
                                             Index Cond: (s_nationkey = nation.n_nationkey)
 Planning Time: 1.195 ms
 Execution Time: 3506.800 ms
(41 rows)

query 12 run 1
SET
SET
SET
                                                                                                                    QUERY PLAN                                                                                                                     
---------------------------------------------------------------------------------------------------------------------------------------------------------------------------------------------------------------------------------------------------
 Limit  (cost=3031230.25..3032052.82 rows=1 width=27) (actual time=18872.623..18872.626 rows=1 loops=1)
   ->  GroupAggregate  (cost=3031230.25..3036988.28 rows=7 width=27) (actual time=18872.622..18872.624 rows=1 loops=1)
         Group Key: lineitem.l_shipmode
         ->  Sort  (cost=3031230.25..3031949.99 rows=287898 width=27) (actual time=18826.048..18832.146 rows=155572 loops=1)
               Sort Key: lineitem.l_shipmode
               Sort Method: quicksort  Memory: 31879kB
               ->  Hash Join  (cost=2478490.54..3005124.81 rows=287898 width=27) (actual time=14627.140..18754.834 rows=311258 loops=1)
                     Hash Cond: (orders.o_orderkey = lineitem.l_orderkey)
                     ->  Seq Scan on orders  (cost=0.00..411260.74 rows=14999274 width=20) (actual time=0.435..1651.945 rows=15000000 loops=1)
                     ->  Hash  (cost=2474891.81..2474891.81 rows=287898 width=15) (actual time=14625.908..14625.909 rows=311258 loops=1)
                           Buckets: 524288  Batches: 1  Memory Usage: 18687kB
                           ->  Seq Scan on lineitem  (cost=0.00..2474891.81 rows=287898 width=15) (actual time=1.229..14533.148 rows=311258 loops=1)
                                 Filter: ((l_shipmode = ANY ('{SHIP,"REG AIR"}'::bpchar[])) AND (l_commitdate < l_receiptdate) AND (l_shipdate < l_commitdate) AND (l_receiptdate >= '1994-01-01'::date) AND (l_receiptdate < '1995-01-01'::date))
                                 Rows Removed by Filter: 59674794
 Planning Time: 17.059 ms
 Execution Time: 18873.072 ms
(16 rows)

SET
SET
SET
                                                                                                                    QUERY PLAN                                                                                                                     
---------------------------------------------------------------------------------------------------------------------------------------------------------------------------------------------------------------------------------------------------
 Limit  (cost=3031230.25..3032052.82 rows=1 width=27) (actual time=16270.797..16270.800 rows=1 loops=1)
   ->  GroupAggregate  (cost=3031230.25..3036988.28 rows=7 width=27) (actual time=16270.796..16270.799 rows=1 loops=1)
         Group Key: lineitem.l_shipmode
         ->  Sort  (cost=3031230.25..3031949.99 rows=287898 width=27) (actual time=16223.704..16229.857 rows=155572 loops=1)
               Sort Key: lineitem.l_shipmode
               Sort Method: quicksort  Memory: 31879kB
               ->  Hash Join  (cost=2478490.54..3005124.81 rows=287898 width=27) (actual time=12577.906..16155.792 rows=311258 loops=1)
                     Hash Cond: (orders.o_orderkey = lineitem.l_orderkey)
                     ->  Seq Scan on orders  (cost=0.00..411260.74 rows=14999274 width=20) (actual time=0.023..1231.047 rows=15000000 loops=1)
                     ->  Hash  (cost=2474891.81..2474891.81 rows=287898 width=15) (actual time=12577.201..12577.202 rows=311258 loops=1)
                           Buckets: 524288  Batches: 1  Memory Usage: 18687kB
                           ->  Seq Scan on lineitem  (cost=0.00..2474891.81 rows=287898 width=15) (actual time=0.105..12489.638 rows=311258 loops=1)
                                 Filter: ((l_shipmode = ANY ('{SHIP,"REG AIR"}'::bpchar[])) AND (l_commitdate < l_receiptdate) AND (l_shipdate < l_commitdate) AND (l_receiptdate >= '1994-01-01'::date) AND (l_receiptdate < '1995-01-01'::date))
                                 Rows Removed by Filter: 59674794
 Planning Time: 0.800 ms
 Execution Time: 16270.880 ms
(16 rows)

query 13 run 1
SET
SET
SET
                                                                                    QUERY PLAN                                                                                     
-----------------------------------------------------------------------------------------------------------------------------------------------------------------------------------
 Limit  (cost=1369816.09..1369816.09 rows=1 width=16) (actual time=17764.183..17764.186 rows=1 loops=1)
   ->  Sort  (cost=1369816.09..1369816.59 rows=200 width=16) (actual time=17764.181..17764.183 rows=1 loops=1)
         Sort Key: (count(*)) DESC, (count(orders.o_orderkey)) DESC
         Sort Method: top-N heapsort  Memory: 25kB
         ->  HashAggregate  (cost=1369813.09..1369815.09 rows=200 width=16) (actual time=17764.153..17764.160 rows=46 loops=1)
               Group Key: count(orders.o_orderkey)
               Batches: 1  Memory Usage: 40kB
               ->  HashAggregate  (cost=1215143.53..1347313.42 rows=1499978 width=12) (actual time=15045.212..17571.318 rows=1500000 loops=1)
                     Group Key: customer.c_custkey
                     Planned Partitions: 8  Batches: 9  Memory Usage: 32849kB  Disk Usage: 325144kB
                     ->  Hash Right Join  (cost=53283.82..664444.02 rows=14997774 width=8) (actual time=346.617..11199.396 rows=15337604 loops=1)
                           Hash Cond: (orders.o_custkey = customer.c_custkey)
                           ->  Seq Scan on orders  (cost=0.00..448758.93 rows=14997774 width=8) (actual time=0.724..5070.169 rows=14837583 loops=1)
                                 Filter: ((o_comment)::text !~~ '%special%requests%'::text)
                                 Rows Removed by Filter: 162417
                           ->  Hash  (cost=28674.10..28674.10 rows=1499978 width=4) (actual time=344.495..344.495 rows=1500000 loops=1)
                                 Buckets: 1048576  Batches: 4  Memory Usage: 21380kB
                                 ->  Index Only Scan using customer_pkey on customer  (cost=0.43..28674.10 rows=1499978 width=4) (actual time=0.020..159.791 rows=1500000 loops=1)
                                       Heap Fetches: 0
 Planning Time: 17.436 ms
 Execution Time: 17818.172 ms
(21 rows)

SET
SET
SET
                                                                                    QUERY PLAN                                                                                     
-----------------------------------------------------------------------------------------------------------------------------------------------------------------------------------
 Limit  (cost=1369816.09..1369816.09 rows=1 width=16) (actual time=17200.848..17200.851 rows=1 loops=1)
   ->  Sort  (cost=1369816.09..1369816.59 rows=200 width=16) (actual time=17200.846..17200.849 rows=1 loops=1)
         Sort Key: (count(*)) DESC, (count(orders.o_orderkey)) DESC
         Sort Method: top-N heapsort  Memory: 25kB
         ->  HashAggregate  (cost=1369813.09..1369815.09 rows=200 width=16) (actual time=17200.820..17200.828 rows=46 loops=1)
               Group Key: count(orders.o_orderkey)
               Batches: 1  Memory Usage: 40kB
               ->  HashAggregate  (cost=1215143.53..1347313.42 rows=1499978 width=12) (actual time=14492.438..17031.156 rows=1500000 loops=1)
                     Group Key: customer.c_custkey
                     Planned Partitions: 8  Batches: 9  Memory Usage: 32849kB  Disk Usage: 325144kB
                     ->  Hash Right Join  (cost=53283.82..664444.02 rows=14997774 width=8) (actual time=309.994..10664.299 rows=15337604 loops=1)
                           Hash Cond: (orders.o_custkey = customer.c_custkey)
                           ->  Seq Scan on orders  (cost=0.00..448758.93 rows=14997774 width=8) (actual time=0.040..4588.244 rows=14837583 loops=1)
                                 Filter: ((o_comment)::text !~~ '%special%requests%'::text)
                                 Rows Removed by Filter: 162417
                           ->  Hash  (cost=28674.10..28674.10 rows=1499978 width=4) (actual time=308.539..308.539 rows=1500000 loops=1)
                                 Buckets: 1048576  Batches: 4  Memory Usage: 21380kB
                                 ->  Index Only Scan using customer_pkey on customer  (cost=0.43..28674.10 rows=1499978 width=4) (actual time=0.019..128.723 rows=1500000 loops=1)
                                       Heap Fetches: 0
 Planning Time: 0.675 ms
 Execution Time: 17254.492 ms
(21 rows)

query 14 run 1
SET
SET
SET
                                                                              QUERY PLAN                                                                               
-----------------------------------------------------------------------------------------------------------------------------------------------------------------------
 Limit  (cost=1278475.10..1278475.12 rows=1 width=32) (actual time=66142.129..66142.131 rows=1 loops=1)
   ->  Aggregate  (cost=1278475.10..1278475.12 rows=1 width=32) (actual time=66142.127..66142.129 rows=1 loops=1)
         ->  Hash Join  (cost=99651.81..1265219.32 rows=757473 width=33) (actual time=882.532..65684.753 rows=772942 loops=1)
               Hash Cond: (lineitem.l_partkey = part.p_partkey)
               ->  Index Scan using idx_lineitem_shipdate on lineitem  (cost=0.56..1142509.71 rows=757473 width=16) (actual time=1.101..63655.728 rows=772942 loops=1)
                     Index Cond: ((l_shipdate >= '1994-05-01'::date) AND (l_shipdate < '1994-06-01'::date))
               ->  Hash  (cost=60980.22..60980.22 rows=1999922 width=25) (actual time=874.600..874.600 rows=2000000 loops=1)
                     Buckets: 524288  Batches: 8  Memory Usage: 18555kB
                     ->  Seq Scan on part  (cost=0.00..60980.22 rows=1999922 width=25) (actual time=0.524..538.765 rows=2000000 loops=1)
 Planning Time: 17.129 ms
 Execution Time: 66142.539 ms
(11 rows)

SET
SET
SET
                                                                              QUERY PLAN                                                                              
----------------------------------------------------------------------------------------------------------------------------------------------------------------------
 Limit  (cost=1278475.10..1278475.12 rows=1 width=32) (actual time=3536.203..3536.206 rows=1 loops=1)
   ->  Aggregate  (cost=1278475.10..1278475.12 rows=1 width=32) (actual time=3536.202..3536.204 rows=1 loops=1)
         ->  Hash Join  (cost=99651.81..1265219.32 rows=757473 width=33) (actual time=751.634..3225.327 rows=772942 loops=1)
               Hash Cond: (lineitem.l_partkey = part.p_partkey)
               ->  Index Scan using idx_lineitem_shipdate on lineitem  (cost=0.56..1142509.71 rows=757473 width=16) (actual time=0.040..1876.883 rows=772942 loops=1)
                     Index Cond: ((l_shipdate >= '1994-05-01'::date) AND (l_shipdate < '1994-06-01'::date))
               ->  Hash  (cost=60980.22..60980.22 rows=1999922 width=25) (actual time=750.602..750.603 rows=2000000 loops=1)
                     Buckets: 524288  Batches: 8  Memory Usage: 18555kB
                     ->  Seq Scan on part  (cost=0.00..60980.22 rows=1999922 width=25) (actual time=0.023..419.705 rows=2000000 loops=1)
 Planning Time: 1.166 ms
 Execution Time: 3536.272 ms
(11 rows)

query 15 run 1
SET
SET
SET
CREATE VIEW
                                                                                   QUERY PLAN                                                                                   
--------------------------------------------------------------------------------------------------------------------------------------------------------------------------------
 Limit  (cost=3767895.23..3767904.06 rows=1 width=103) (actual time=19593.203..19593.206 rows=1 loops=1)
   InitPlan 1 (returns $0)
     ->  Aggregate  (cost=1884430.70..1884430.71 rows=1 width=32) (actual time=6645.806..6645.807 rows=1 loops=1)
           ->  HashAggregate  (cost=1881946.45..1883188.57 rows=99370 width=36) (actual time=6343.758..6639.802 rows=100000 loops=1)
                 Group Key: lineitem_1.l_suppkey
                 Batches: 5  Memory Usage: 33841kB  Disk Usage: 28280kB
                 ->  Bitmap Heap Scan on lineitem lineitem_1  (cost=36174.40..1859385.15 rows=2256130 width=16) (actual time=364.640..4646.183 rows=2265714 loops=1)
                       Recheck Cond: ((l_shipdate >= '1996-01-01'::date) AND (l_shipdate < '1996-04-01'::date))
                       Rows Removed by Index Recheck: 13223651
                       Heap Blocks: exact=401153 lossy=267105
                       ->  Bitmap Index Scan on idx_lineitem_shipdate  (cost=0.00..35610.37 rows=2256130 width=0) (actual time=281.208..281.208 rows=2265714 loops=1)
                             Index Cond: ((l_shipdate >= '1996-01-01'::date) AND (l_shipdate < '1996-04-01'::date))
   ->  Merge Join  (cost=1883464.52..1887857.47 rows=497 width=103) (actual time=19593.201..19593.203 rows=1 loops=1)
         Merge Cond: (supplier.s_suppkey = revenue0.supplier_no)
         ->  Index Scan using supplier_pkey on supplier  (cost=0.29..4135.79 rows=100000 width=71) (actual time=0.431..18.190 rows=69998 loops=1)
         ->  Sort  (cost=1883464.23..1883465.47 rows=497 width=36) (actual time=19570.744..19570.746 rows=1 loops=1)
               Sort Key: revenue0.supplier_no
               Sort Method: quicksort  Memory: 25kB
               ->  Subquery Scan on revenue0  (cost=1881946.45..1883441.97 rows=497 width=36) (actual time=19288.178..19570.736 rows=1 loops=1)
                     ->  HashAggregate  (cost=1881946.45..1883437.00 rows=497 width=36) (actual time=19288.176..19570.733 rows=1 loops=1)
                           Group Key: lineitem.l_suppkey
                           Filter: (sum((lineitem.l_extendedprice * ('1'::numeric - lineitem.l_discount))) = $0)
                           Batches: 5  Memory Usage: 33841kB  Disk Usage: 28280kB
                           Rows Removed by Filter: 99999
                           ->  Bitmap Heap Scan on lineitem  (cost=36174.40..1859385.15 rows=2256130 width=16) (actual time=425.702..10575.491 rows=2265714 loops=1)
                                 Recheck Cond: ((l_shipdate >= '1996-01-01'::date) AND (l_shipdate < '1996-04-01'::date))
                                 Rows Removed by Index Recheck: 13223651
                                 Heap Blocks: exact=401153 lossy=267105
                                 ->  Bitmap Index Scan on idx_lineitem_shipdate  (cost=0.00..35610.37 rows=2256130 width=0) (actual time=341.074..341.074 rows=2265714 loops=1)
                                       Index Cond: ((l_shipdate >= '1996-01-01'::date) AND (l_shipdate < '1996-04-01'::date))
 Planning Time: 12.439 ms
 Execution Time: 19602.636 ms
(32 rows)

DROP VIEW
SET
SET
SET
CREATE VIEW
                                                                                   QUERY PLAN                                                                                   
--------------------------------------------------------------------------------------------------------------------------------------------------------------------------------
 Limit  (cost=3767895.23..3767904.06 rows=1 width=103) (actual time=14012.955..14012.958 rows=1 loops=1)
   InitPlan 1 (returns $0)
     ->  Aggregate  (cost=1884430.70..1884430.71 rows=1 width=32) (actual time=6675.901..6675.902 rows=1 loops=1)
           ->  HashAggregate  (cost=1881946.45..1883188.57 rows=99370 width=36) (actual time=6372.517..6669.948 rows=100000 loops=1)
                 Group Key: lineitem_1.l_suppkey
                 Batches: 5  Memory Usage: 33841kB  Disk Usage: 28280kB
                 ->  Bitmap Heap Scan on lineitem lineitem_1  (cost=36174.40..1859385.15 rows=2256130 width=16) (actual time=365.609..4666.155 rows=2265714 loops=1)
                       Recheck Cond: ((l_shipdate >= '1996-01-01'::date) AND (l_shipdate < '1996-04-01'::date))
                       Rows Removed by Index Recheck: 13223651
                       Heap Blocks: exact=401153 lossy=267105
                       ->  Bitmap Index Scan on idx_lineitem_shipdate  (cost=0.00..35610.37 rows=2256130 width=0) (actual time=281.939..281.940 rows=2265714 loops=1)
                             Index Cond: ((l_shipdate >= '1996-01-01'::date) AND (l_shipdate < '1996-04-01'::date))
   ->  Merge Join  (cost=1883464.52..1887857.47 rows=497 width=103) (actual time=14012.953..14012.955 rows=1 loops=1)
         Merge Cond: (supplier.s_suppkey = revenue0.supplier_no)
         ->  Index Scan using supplier_pkey on supplier  (cost=0.29..4135.79 rows=100000 width=71) (actual time=0.042..11.921 rows=69998 loops=1)
         ->  Sort  (cost=1883464.23..1883465.47 rows=497 width=36) (actual time=13996.945..13996.947 rows=1 loops=1)
               Sort Key: revenue0.supplier_no
               Sort Method: quicksort  Memory: 25kB
               ->  Subquery Scan on revenue0  (cost=1881946.45..1883441.97 rows=497 width=36) (actual time=13705.505..13996.940 rows=1 loops=1)
                     ->  HashAggregate  (cost=1881946.45..1883437.00 rows=497 width=36) (actual time=13705.504..13996.937 rows=1 loops=1)
                           Group Key: lineitem.l_suppkey
                           Filter: (sum((lineitem.l_extendedprice * ('1'::numeric - lineitem.l_discount))) = $0)
                           Batches: 5  Memory Usage: 33841kB  Disk Usage: 28280kB
                           Rows Removed by Filter: 99999
                           ->  Bitmap Heap Scan on lineitem  (cost=36174.40..1859385.15 rows=2256130 width=16) (actual time=389.433..5248.397 rows=2265714 loops=1)
                                 Recheck Cond: ((l_shipdate >= '1996-01-01'::date) AND (l_shipdate < '1996-04-01'::date))
                                 Rows Removed by Index Recheck: 13223651
                                 Heap Blocks: exact=401153 lossy=267105
                                 ->  Bitmap Index Scan on idx_lineitem_shipdate  (cost=0.00..35610.37 rows=2256130 width=0) (actual time=305.669..305.669 rows=2265714 loops=1)
                                       Index Cond: ((l_shipdate >= '1996-01-01'::date) AND (l_shipdate < '1996-04-01'::date))
 Planning Time: 1.070 ms
 Execution Time: 14022.369 ms
(32 rows)

DROP VIEW
query 16 run 1
SET
SET
SET
                                                                                         QUERY PLAN                                                                                         
--------------------------------------------------------------------------------------------------------------------------------------------------------------------------------------------
 Limit  (cost=357779.70..357779.71 rows=1 width=44) (actual time=6675.667..6675.670 rows=1 loops=1)
   ->  Sort  (cost=357779.70..358162.26 rows=153024 width=44) (actual time=6675.665..6675.667 rows=1 loops=1)
         Sort Key: (count(DISTINCT partsupp.ps_suppkey)) DESC, part.p_brand, part.p_type, part.p_size
         Sort Method: top-N heapsort  Memory: 25kB
         ->  GroupAggregate  (cost=348143.03..357014.58 rows=153024 width=44) (actual time=6012.509..6670.327 rows=27838 loops=1)
               Group Key: part.p_brand, part.p_type, part.p_size
               ->  Sort  (cost=348143.03..349611.29 rows=587305 width=40) (actual time=6012.456..6376.939 rows=1186319 loops=1)
                     Sort Key: part.p_brand, part.p_type, part.p_size
                     Sort Method: external merge  Disk: 60592kB
                     ->  Hash Join  (cost=98120.61..281542.95 rows=587305 width=40) (actual time=827.338..3137.331 rows=1186319 loops=1)
                           Hash Cond: (partsupp.ps_partkey = part.p_partkey)
                           ->  Index Only Scan using partsupp_pkey on partsupp  (cost=3471.46..176392.60 rows=4000447 width=8) (actual time=36.392..1522.978 rows=7995520 loops=1)
                                 Filter: (NOT (hashed SubPlan 1))
                                 Rows Removed by Filter: 4480
                                 Heap Fetches: 0
                                 SubPlan 1
                                   ->  Seq Scan on supplier  (cost=0.00..3471.00 rows=10 width=4) (actual time=1.090..36.082 rows=56 loops=1)
                                         Filter: ((s_comment)::text ~~ '%Customer%Complaints%'::text)
                                         Rows Removed by Filter: 99944
                           ->  Hash  (cost=90979.05..90979.05 rows=293608 width=40) (actual time=790.318..790.318 rows=296733 loops=1)
                                 Buckets: 524288  Batches: 1  Memory Usage: 25593kB
                                 ->  Seq Scan on part  (cost=0.00..90979.05 rows=293608 width=40) (actual time=0.791..716.830 rows=296733 loops=1)
                                       Filter: ((p_brand <> 'Brand#12'::bpchar) AND ((p_type)::text !~~ 'SMALL BRUSHED%'::text) AND (p_size = ANY ('{12,32,36,26,40,34,49,9}'::integer[])))
                                       Rows Removed by Filter: 1703267
 Planning Time: 16.252 ms
 Execution Time: 6683.824 ms
(26 rows)

SET
SET
SET
                                                                                         QUERY PLAN                                                                                         
--------------------------------------------------------------------------------------------------------------------------------------------------------------------------------------------
 Limit  (cost=357779.70..357779.71 rows=1 width=44) (actual time=6187.519..6187.522 rows=1 loops=1)
   ->  Sort  (cost=357779.70..358162.26 rows=153024 width=44) (actual time=6187.518..6187.520 rows=1 loops=1)
         Sort Key: (count(DISTINCT partsupp.ps_suppkey)) DESC, part.p_brand, part.p_type, part.p_size
         Sort Method: top-N heapsort  Memory: 25kB
         ->  GroupAggregate  (cost=348143.03..357014.58 rows=153024 width=44) (actual time=5524.096..6182.464 rows=27838 loops=1)
               Group Key: part.p_brand, part.p_type, part.p_size
               ->  Sort  (cost=348143.03..349611.29 rows=587305 width=40) (actual time=5524.043..5888.790 rows=1186319 loops=1)
                     Sort Key: part.p_brand, part.p_type, part.p_size
                     Sort Method: external merge  Disk: 60592kB
                     ->  Hash Join  (cost=98120.61..281542.95 rows=587305 width=40) (actual time=529.168..2652.514 rows=1186319 loops=1)
                           Hash Cond: (partsupp.ps_partkey = part.p_partkey)
                           ->  Index Only Scan using partsupp_pkey on partsupp  (cost=3471.46..176392.60 rows=4000447 width=8) (actual time=20.585..1338.459 rows=7995520 loops=1)
                                 Filter: (NOT (hashed SubPlan 1))
                                 Rows Removed by Filter: 4480
                                 Heap Fetches: 0
                                 SubPlan 1
                                   ->  Seq Scan on supplier  (cost=0.00..3471.00 rows=10 width=4) (actual time=0.083..20.548 rows=56 loops=1)
                                         Filter: ((s_comment)::text ~~ '%Customer%Complaints%'::text)
                                         Rows Removed by Filter: 99944
                           ->  Hash  (cost=90979.05..90979.05 rows=293608 width=40) (actual time=508.000..508.001 rows=296733 loops=1)
                                 Buckets: 524288  Batches: 1  Memory Usage: 25593kB
                                 ->  Seq Scan on part  (cost=0.00..90979.05 rows=293608 width=40) (actual time=0.013..444.401 rows=296733 loops=1)
                                       Filter: ((p_brand <> 'Brand#12'::bpchar) AND ((p_type)::text !~~ 'SMALL BRUSHED%'::text) AND (p_size = ANY ('{12,32,36,26,40,34,49,9}'::integer[])))
                                       Rows Removed by Filter: 1703267
 Planning Time: 0.819 ms
 Execution Time: 6195.718 ms
(26 rows)

query 17 run 1
SET
SET
SET
                                                                            QUERY PLAN                                                                            
------------------------------------------------------------------------------------------------------------------------------------------------------------------
 Limit  (cost=4911405.96..4911405.97 rows=1 width=32) (actual time=57683.967..57683.969 rows=1 loops=1)
   ->  Aggregate  (cost=4911405.96..4911405.97 rows=1 width=32) (actual time=57683.965..57683.967 rows=1 loops=1)
         ->  Nested Loop  (cost=4174500.61..4911356.14 rows=19927 width=8) (actual time=34881.319..57682.119 rows=5319 loops=1)
               Join Filter: (part.p_partkey = lineitem.l_partkey)
               ->  Hash Join  (cost=4174500.17..4814594.87 rows=1993 width=40) (actual time=34880.703..56794.959 rows=1996 loops=1)
                     Hash Cond: (lineitem_1.l_partkey = part.p_partkey)
                     ->  HashAggregate  (cost=4103494.97..4718789.27 rows=1964388 width=36) (actual time=34353.769..56116.671 rows=2000000 loops=1)
                           Group Key: lineitem_1.l_partkey
                           Planned Partitions: 32  Batches: 33  Memory Usage: 34065kB  Disk Usage: 2103376kB
                           ->  Seq Scan on lineitem lineitem_1  (cost=0.00..1725031.36 rows=59988836 width=9) (actual time=0.549..8059.995 rows=59986052 loops=1)
                     ->  Hash  (cost=70979.83..70979.83 rows=2029 width=4) (actual time=526.634..526.634 rows=1996 loops=1)
                           Buckets: 2048  Batches: 1  Memory Usage: 87kB
                           ->  Seq Scan on part  (cost=0.00..70979.83 rows=2029 width=4) (actual time=1.135..525.546 rows=1996 loops=1)
                                 Filter: ((p_brand = 'Brand#22'::bpchar) AND (p_container = 'LG BOX'::bpchar))
                                 Rows Removed by Filter: 1998004
               ->  Index Scan using idx_lineitem_part_supp on lineitem  (cost=0.44..48.43 rows=10 width=17) (actual time=0.300..0.443 rows=3 loops=1996)
                     Index Cond: (l_partkey = lineitem_1.l_partkey)
                     Filter: (l_quantity < ((0.2 * avg(lineitem_1.l_quantity))))
                     Rows Removed by Filter: 27
 Planning Time: 15.251 ms
 Execution Time: 57945.973 ms
(21 rows)

SET
SET
SET
                                                                            QUERY PLAN                                                                            
------------------------------------------------------------------------------------------------------------------------------------------------------------------
 Limit  (cost=4911405.96..4911405.97 rows=1 width=32) (actual time=53947.685..53947.688 rows=1 loops=1)
   ->  Aggregate  (cost=4911405.96..4911405.97 rows=1 width=32) (actual time=53947.683..53947.686 rows=1 loops=1)
         ->  Nested Loop  (cost=4174500.61..4911356.14 rows=19927 width=8) (actual time=32066.382..53946.882 rows=5319 loops=1)
               Join Filter: (part.p_partkey = lineitem.l_partkey)
               ->  Hash Join  (cost=4174500.17..4814594.87 rows=1993 width=40) (actual time=32066.356..53902.630 rows=1996 loops=1)
                     Hash Cond: (lineitem_1.l_partkey = part.p_partkey)
                     ->  HashAggregate  (cost=4103494.97..4718789.27 rows=1964388 width=36) (actual time=31796.688..53487.335 rows=2000000 loops=1)
                           Group Key: lineitem_1.l_partkey
                           Planned Partitions: 32  Batches: 33  Memory Usage: 34065kB  Disk Usage: 2103376kB
                           ->  Seq Scan on lineitem lineitem_1  (cost=0.00..1725031.36 rows=59988836 width=9) (actual time=0.036..6236.365 rows=59986052 loops=1)
                     ->  Hash  (cost=70979.83..70979.83 rows=2029 width=4) (actual time=269.362..269.362 rows=1996 loops=1)
                           Buckets: 2048  Batches: 1  Memory Usage: 87kB
                           ->  Seq Scan on part  (cost=0.00..70979.83 rows=2029 width=4) (actual time=0.113..268.832 rows=1996 loops=1)
                                 Filter: ((p_brand = 'Brand#22'::bpchar) AND (p_container = 'LG BOX'::bpchar))
                                 Rows Removed by Filter: 1998004
               ->  Index Scan using idx_lineitem_part_supp on lineitem  (cost=0.44..48.43 rows=10 width=17) (actual time=0.010..0.021 rows=3 loops=1996)
                     Index Cond: (l_partkey = lineitem_1.l_partkey)
                     Filter: (l_quantity < ((0.2 * avg(lineitem_1.l_quantity))))
                     Rows Removed by Filter: 27
 Planning Time: 0.932 ms
 Execution Time: 54194.917 ms
(21 rows)

query 18 run 1
SET
SET
SET
                                                                                                 QUERY PLAN                                                                                                  
-------------------------------------------------------------------------------------------------------------------------------------------------------------------------------------------------------------
 Limit  (cost=8775692.74..8775692.99 rows=100 width=71) (actual time=42442.707..42442.720 rows=99 loops=1)
   ->  Sort  (cost=8775692.74..8825676.55 rows=19993527 width=71) (actual time=42442.706..42442.713 rows=99 loops=1)
         Sort Key: orders.o_totalprice DESC, orders.o_orderdate
         Sort Method: quicksort  Memory: 32kB
         ->  HashAggregate  (cost=7410186.71..8011554.51 rows=19993527 width=71) (actual time=42442.222..42442.626 rows=99 loops=1)
               Group Key: customer.c_custkey, orders.o_orderkey
               Planned Partitions: 256  Batches: 1  Memory Usage: 3153kB
               ->  Hash Join  (cost=78774.32..6333191.64 rows=19993527 width=44) (actual time=4395.560..42441.849 rows=693 loops=1)
                     Hash Cond: (orders.o_custkey = customer.c_custkey)
                     ->  Merge Join  (cost=288.82..5920083.98 rows=19993527 width=25) (actual time=1006.786..41661.989 rows=693 loops=1)
                           Merge Cond: (orders.o_orderkey = lineitem.l_orderkey)
                           ->  Merge Join  (cost=1.00..3390346.72 rows=4999070 width=24) (actual time=770.923..30317.612 rows=99 loops=1)
                                 Merge Cond: (orders.o_orderkey = lineitem_1.l_orderkey)
                                 ->  Index Scan using orders_pkey on orders  (cost=0.43..547954.55 rows=14999274 width=20) (actual time=0.501..2979.662 rows=14982724 loops=1)
                                 ->  GroupAggregate  (cost=0.56..2692414.92 rows=4999070 width=4) (actual time=662.787..26444.131 rows=99 loops=1)
                                       Group Key: lineitem_1.l_orderkey
                                       Filter: (sum(lineitem_1.l_quantity) > '313'::numeric)
                                       Rows Removed by Filter: 14999901
                                       ->  Index Scan using idx_lineitem_orderkey on lineitem lineitem_1  (cost=0.56..2167512.60 rows=59988836 width=9) (actual time=0.453..12504.253 rows=59986052 loops=1)
                           ->  Index Scan using idx_lineitem_orderkey on lineitem  (cost=0.56..2167512.60 rows=59988836 width=9) (actual time=0.014..7871.777 rows=59916431 loops=1)
                     ->  Hash  (cost=50946.78..50946.78 rows=1499978 width=23) (actual time=675.566..675.566 rows=1500000 loops=1)
                           Buckets: 524288  Batches: 4  Memory Usage: 24623kB
                           ->  Seq Scan on customer  (cost=0.00..50946.78 rows=1499978 width=23) (actual time=0.720..417.370 rows=1500000 loops=1)
 Planning Time: 19.840 ms
 Execution Time: 42443.664 ms
(25 rows)

SET
SET
SET
                                                                                                 QUERY PLAN                                                                                                  
-------------------------------------------------------------------------------------------------------------------------------------------------------------------------------------------------------------
 Limit  (cost=8775692.74..8775692.99 rows=100 width=71) (actual time=38982.551..38982.564 rows=99 loops=1)
   ->  Sort  (cost=8775692.74..8825676.55 rows=19993527 width=71) (actual time=38982.549..38982.557 rows=99 loops=1)
         Sort Key: orders.o_totalprice DESC, orders.o_orderdate
         Sort Method: quicksort  Memory: 32kB
         ->  HashAggregate  (cost=7410186.71..8011554.51 rows=19993527 width=71) (actual time=38982.060..38982.471 rows=99 loops=1)
               Group Key: customer.c_custkey, orders.o_orderkey
               Planned Partitions: 256  Batches: 1  Memory Usage: 3153kB
               ->  Hash Join  (cost=78774.32..6333191.64 rows=19993527 width=44) (actual time=3810.547..38981.700 rows=693 loops=1)
                     Hash Cond: (orders.o_custkey = customer.c_custkey)
                     ->  Merge Join  (cost=288.82..5920083.98 rows=19993527 width=25) (actual time=874.744..38326.784 rows=693 loops=1)
                           Merge Cond: (orders.o_orderkey = lineitem.l_orderkey)
                           ->  Merge Join  (cost=1.00..3390346.72 rows=4999070 width=24) (actual time=636.030..26967.979 rows=99 loops=1)
                                 Merge Cond: (orders.o_orderkey = lineitem_1.l_orderkey)
                                 ->  Index Scan using orders_pkey on orders  (cost=0.43..547954.55 rows=14999274 width=20) (actual time=0.018..2385.091 rows=14982724 loops=1)
                                 ->  GroupAggregate  (cost=0.56..2692414.92 rows=4999070 width=4) (actual time=556.688..23714.065 rows=99 loops=1)
                                       Group Key: lineitem_1.l_orderkey
                                       Filter: (sum(lineitem_1.l_quantity) > '313'::numeric)
                                       Rows Removed by Filter: 14999901
                                       ->  Index Scan using idx_lineitem_orderkey on lineitem lineitem_1  (cost=0.56..2167512.60 rows=59988836 width=9) (actual time=0.013..10150.136 rows=59986052 loops=1)
                           ->  Index Scan using idx_lineitem_orderkey on lineitem  (cost=0.56..2167512.60 rows=59988836 width=9) (actual time=0.013..7885.506 rows=59916431 loops=1)
                     ->  Hash  (cost=50946.78..50946.78 rows=1499978 width=23) (actual time=546.586..546.587 rows=1500000 loops=1)
                           Buckets: 524288  Batches: 4  Memory Usage: 24623kB
                           ->  Seq Scan on customer  (cost=0.00..50946.78 rows=1499978 width=23) (actual time=0.025..292.882 rows=1500000 loops=1)
 Planning Time: 2.066 ms
 Execution Time: 38983.083 ms
(25 rows)

query 19 run 1
SET
SET
SET
                                                                                                                                                                                                                                                                                                                                                                                                                                                                                                            QUERY PLAN                                                                                                                                                                                                                                                                                                                                                                                                                                                                                                            
----------------------------------------------------------------------------------------------------------------------------------------------------------------------------------------------------------------------------------------------------------------------------------------------------------------------------------------------------------------------------------------------------------------------------------------------------------------------------------------------------------------------------------------------------------------------------------------------------------------------------------------------------------------------------------------------------------------------------------------------------------------------------------------------------------------------------------------------------------------------------------------------------------------------------------------------------------------------------------------------------------------------------------
 Limit  (cost=365719.34..365719.35 rows=1 width=32) (actual time=22922.163..22922.165 rows=1 loops=1)
   ->  Aggregate  (cost=365719.34..365719.35 rows=1 width=32) (actual time=22922.162..22922.162 rows=1 loops=1)
         ->  Nested Loop  (cost=0.44..365711.08 rows=1101 width=12) (actual time=62.525..22918.979 rows=1063 loops=1)
               ->  Seq Scan on part  (cost=0.00..125977.69 rows=4756 width=30) (actual time=1.292..809.015 rows=4781 loops=1)
                     Filter: ((p_size >= 1) AND (((p_brand = 'Brand#24'::bpchar) AND (p_container = ANY ('{"SM CASE","SM BOX","SM PACK","SM PKG"}'::bpchar[])) AND (p_size <= 5)) OR ((p_brand = 'Brand#43'::bpchar) AND (p_container = ANY ('{"MED BAG","MED BOX","MED PKG","MED PACK"}'::bpchar[])) AND (p_size <= 10)) OR ((p_brand = 'Brand#44'::bpchar) AND (p_container = ANY ('{"LG CASE","LG BOX","LG PACK","LG PKG"}'::bpchar[])) AND (p_size <= 15))))
                     Rows Removed by Filter: 1995219
               ->  Index Scan using idx_lineitem_part_supp on lineitem  (cost=0.44..50.40 rows=1 width=21) (actual time=4.168..4.623 rows=0 loops=4781)
                     Index Cond: (l_partkey = part.p_partkey)
                     Filter: ((l_shipmode = ANY ('{AIR,"AIR REG"}'::bpchar[])) AND (l_shipinstruct = 'DELIVER IN PERSON'::bpchar) AND (((l_quantity >= '10'::numeric) AND (l_quantity <= '20'::numeric)) OR ((l_quantity >= '10'::numeric) AND (l_quantity <= '20'::numeric)) OR ((l_quantity >= '20'::numeric) AND (l_quantity <= '30'::numeric))) AND (((part.p_brand = 'Brand#24'::bpchar) AND (part.p_container = ANY ('{"SM CASE","SM BOX","SM PACK","SM PKG"}'::bpchar[])) AND (l_quantity >= '10'::numeric) AND (l_quantity <= '20'::numeric) AND (part.p_size <= 5)) OR ((part.p_brand = 'Brand#43'::bpchar) AND (part.p_container = ANY ('{"MED BAG","MED BOX","MED PKG","MED PACK"}'::bpchar[])) AND (l_quantity >= '10'::numeric) AND (l_quantity <= '20'::numeric) AND (part.p_size <= 10)) OR ((part.p_brand = 'Brand#44'::bpchar) AND (part.p_container = ANY ('{"LG CASE","LG BOX","LG PACK","LG PKG"}'::bpchar[])) AND (l_quantity >= '20'::numeric) AND (l_quantity <= '30'::numeric) AND (part.p_size <= 15))))
                     Rows Removed by Filter: 30
 Planning Time: 17.712 ms
 Execution Time: 22922.489 ms
(12 rows)

SET
SET
SET
                                                                                                                                                                                                                                                                                                                                                                                                                                                                                                            QUERY PLAN                                                                                                                                                                                                                                                                                                                                                                                                                                                                                                            
----------------------------------------------------------------------------------------------------------------------------------------------------------------------------------------------------------------------------------------------------------------------------------------------------------------------------------------------------------------------------------------------------------------------------------------------------------------------------------------------------------------------------------------------------------------------------------------------------------------------------------------------------------------------------------------------------------------------------------------------------------------------------------------------------------------------------------------------------------------------------------------------------------------------------------------------------------------------------------------------------------------------------------
 Limit  (cost=365719.34..365719.35 rows=1 width=32) (actual time=616.961..616.962 rows=1 loops=1)
   ->  Aggregate  (cost=365719.34..365719.35 rows=1 width=32) (actual time=616.959..616.960 rows=1 loops=1)
         ->  Nested Loop  (cost=0.44..365711.08 rows=1101 width=12) (actual time=1.504..616.226 rows=1063 loops=1)
               ->  Seq Scan on part  (cost=0.00..125977.69 rows=4756 width=30) (actual time=0.212..461.264 rows=4781 loops=1)
                     Filter: ((p_size >= 1) AND (((p_brand = 'Brand#24'::bpchar) AND (p_container = ANY ('{"SM CASE","SM BOX","SM PACK","SM PKG"}'::bpchar[])) AND (p_size <= 5)) OR ((p_brand = 'Brand#43'::bpchar) AND (p_container = ANY ('{"MED BAG","MED BOX","MED PKG","MED PACK"}'::bpchar[])) AND (p_size <= 10)) OR ((p_brand = 'Brand#44'::bpchar) AND (p_container = ANY ('{"LG CASE","LG BOX","LG PACK","LG PKG"}'::bpchar[])) AND (p_size <= 15))))
                     Rows Removed by Filter: 1995219
               ->  Index Scan using idx_lineitem_part_supp on lineitem  (cost=0.44..50.40 rows=1 width=21) (actual time=0.029..0.032 rows=0 loops=4781)
                     Index Cond: (l_partkey = part.p_partkey)
                     Filter: ((l_shipmode = ANY ('{AIR,"AIR REG"}'::bpchar[])) AND (l_shipinstruct = 'DELIVER IN PERSON'::bpchar) AND (((l_quantity >= '10'::numeric) AND (l_quantity <= '20'::numeric)) OR ((l_quantity >= '10'::numeric) AND (l_quantity <= '20'::numeric)) OR ((l_quantity >= '20'::numeric) AND (l_quantity <= '30'::numeric))) AND (((part.p_brand = 'Brand#24'::bpchar) AND (part.p_container = ANY ('{"SM CASE","SM BOX","SM PACK","SM PKG"}'::bpchar[])) AND (l_quantity >= '10'::numeric) AND (l_quantity <= '20'::numeric) AND (part.p_size <= 5)) OR ((part.p_brand = 'Brand#43'::bpchar) AND (part.p_container = ANY ('{"MED BAG","MED BOX","MED PKG","MED PACK"}'::bpchar[])) AND (l_quantity >= '10'::numeric) AND (l_quantity <= '20'::numeric) AND (part.p_size <= 10)) OR ((part.p_brand = 'Brand#44'::bpchar) AND (part.p_container = ANY ('{"LG CASE","LG BOX","LG PACK","LG PKG"}'::bpchar[])) AND (l_quantity >= '20'::numeric) AND (l_quantity <= '30'::numeric) AND (part.p_size <= 15))))
                     Rows Removed by Filter: 30
 Planning Time: 1.061 ms
 Execution Time: 617.007 ms
(12 rows)

query 20 run 1
SET
SET
SET
                                                                                       QUERY PLAN                                                                                        
-----------------------------------------------------------------------------------------------------------------------------------------------------------------------------------------
 Limit  (cost=2772979.05..2772979.05 rows=1 width=51) (actual time=54236.047..54236.051 rows=1 loops=1)
   ->  Sort  (cost=2772979.05..2772979.05 rows=1 width=51) (actual time=54236.046..54236.049 rows=1 loops=1)
         Sort Key: supplier.s_name
         Sort Method: top-N heapsort  Memory: 25kB
         ->  Nested Loop Semi Join  (cost=2521559.96..2772979.04 rows=1 width=51) (actual time=31669.319..54234.206 rows=1821 loops=1)
               Join Filter: (supplier.s_suppkey = lineitem.l_suppkey)
               Rows Removed by Join Filter: 183452432
               ->  Nested Loop  (cost=0.00..4472.31 rows=4000 width=55) (actual time=0.534..24.255 rows=4095 loops=1)
                     Join Filter: (supplier.s_nationkey = nation.n_nationkey)
                     Rows Removed by Join Filter: 95905
                     ->  Seq Scan on nation  (cost=0.00..1.31 rows=1 width=4) (actual time=0.187..0.190 rows=1 loops=1)
                           Filter: (n_name = 'IRAQ'::bpchar)
                           Rows Removed by Filter: 24
                     ->  Seq Scan on supplier  (cost=0.00..3221.00 rows=100000 width=59) (actual time=0.340..16.428 rows=100000 loops=1)
               ->  Materialize  (cost=2521559.96..2768326.73 rows=3 width=8) (actual time=7.376..10.724 rows=44800 loops=4095)
                     ->  Hash Join  (cost=2521559.96..2768326.72 rows=3 width=8) (actual time=30203.600..37468.198 rows=59002 loops=1)
                           Hash Cond: ((lineitem.l_partkey = partsupp.ps_partkey) AND (lineitem.l_suppkey = partsupp.ps_suppkey))
                           Join Filter: ((partsupp.ps_availqty)::numeric > ((0.5 * sum(lineitem.l_quantity))))
                           Rows Removed by Join Filter: 123
                           ->  HashAggregate  (cost=2378601.27..2540517.11 rows=4848616 width=40) (actual time=25570.985..31993.638 rows=5448842 loops=1)
                                 Group Key: lineitem.l_partkey, lineitem.l_suppkey
                                 Planned Partitions: 64  Batches: 325  Memory Usage: 34321kB  Disk Usage: 388616kB
                                 ->  Bitmap Heap Scan on lineitem  (cost=146428.82..1993671.90 rows=9132708 width=13) (actual time=1257.381..20455.852 rows=9123688 loops=1)
                                       Recheck Cond: ((l_shipdate >= '1996-01-01'::date) AND (l_shipdate < '1997-01-01'::date))
                                       Rows Removed by Index Recheck: 23164080
                                       Heap Blocks: exact=518099 lossy=530696
                                       ->  Bitmap Index Scan on idx_lineitem_shipdate  (cost=0.00..144145.65 rows=9132708 width=0) (actual time=1137.349..1137.349 rows=9123688 loops=1)
                                             Index Cond: ((l_shipdate >= '1996-01-01'::date) AND (l_shipdate < '1997-01-01'::date))
                           ->  Hash  (cost=141746.45..141746.45 rows=80816 width=16) (actual time=4632.290..4632.291 rows=86872 loops=1)
                                 Buckets: 131072  Batches: 1  Memory Usage: 5097kB
                                 ->  Nested Loop  (cost=0.43..141746.45 rows=80816 width=16) (actual time=0.839..4588.546 rows=86872 loops=1)
                                       ->  Seq Scan on part  (cost=0.00..65980.02 rows=20201 width=4) (actual time=0.519..655.469 rows=21718 loops=1)
                                             Filter: ((p_name)::text ~~ 'olive%'::text)
                                             Rows Removed by Filter: 1978282
                                       ->  Index Scan using idx_partsupp_partkey on partsupp  (cost=0.43..3.57 rows=18 width=12) (actual time=0.165..0.179 rows=4 loops=21718)
                                             Index Cond: (ps_partkey = part.p_partkey)
 Planning Time: 24.076 ms
 Execution Time: 54280.515 ms
(38 rows)

SET
SET
SET
                                                                                      QUERY PLAN                                                                                       
---------------------------------------------------------------------------------------------------------------------------------------------------------------------------------------
 Limit  (cost=2772979.05..2772979.05 rows=1 width=51) (actual time=37436.601..37436.605 rows=1 loops=1)
   ->  Sort  (cost=2772979.05..2772979.05 rows=1 width=51) (actual time=37436.600..37436.603 rows=1 loops=1)
         Sort Key: supplier.s_name
         Sort Method: top-N heapsort  Memory: 25kB
         ->  Nested Loop Semi Join  (cost=2521559.96..2772979.04 rows=1 width=51) (actual time=15198.698..37434.716 rows=1821 loops=1)
               Join Filter: (supplier.s_suppkey = lineitem.l_suppkey)
               Rows Removed by Join Filter: 183452432
               ->  Nested Loop  (cost=0.00..4472.31 rows=4000 width=55) (actual time=0.028..20.037 rows=4095 loops=1)
                     Join Filter: (supplier.s_nationkey = nation.n_nationkey)
                     Rows Removed by Join Filter: 95905
                     ->  Seq Scan on nation  (cost=0.00..1.31 rows=1 width=4) (actual time=0.020..0.022 rows=1 loops=1)
                           Filter: (n_name = 'IRAQ'::bpchar)
                           Rows Removed by Filter: 24
                     ->  Seq Scan on supplier  (cost=0.00..3221.00 rows=100000 width=59) (actual time=0.005..12.469 rows=100000 loops=1)
               ->  Materialize  (cost=2521559.96..2768326.73 rows=3 width=8) (actual time=3.352..6.715 rows=44800 loops=4095)
                     ->  Hash Join  (cost=2521559.96..2768326.72 rows=3 width=8) (actual time=13724.567..21020.292 rows=59002 loops=1)
                           Hash Cond: ((lineitem.l_partkey = partsupp.ps_partkey) AND (lineitem.l_suppkey = partsupp.ps_suppkey))
                           Join Filter: ((partsupp.ps_availqty)::numeric > ((0.5 * sum(lineitem.l_quantity))))
                           Rows Removed by Join Filter: 123
                           ->  HashAggregate  (cost=2378601.27..2540517.11 rows=4848616 width=40) (actual time=13161.764..19599.597 rows=5448842 loops=1)
                                 Group Key: lineitem.l_partkey, lineitem.l_suppkey
                                 Planned Partitions: 64  Batches: 325  Memory Usage: 34321kB  Disk Usage: 388616kB
                                 ->  Bitmap Heap Scan on lineitem  (cost=146428.82..1993671.90 rows=9132708 width=13) (actual time=1116.105..9094.906 rows=9123688 loops=1)
                                       Recheck Cond: ((l_shipdate >= '1996-01-01'::date) AND (l_shipdate < '1997-01-01'::date))
                                       Rows Removed by Index Recheck: 23164080
                                       Heap Blocks: exact=518099 lossy=530696
                                       ->  Bitmap Index Scan on idx_lineitem_shipdate  (cost=0.00..144145.65 rows=9132708 width=0) (actual time=996.942..996.942 rows=9123688 loops=1)
                                             Index Cond: ((l_shipdate >= '1996-01-01'::date) AND (l_shipdate < '1997-01-01'::date))
                           ->  Hash  (cost=141746.45..141746.45 rows=80816 width=16) (actual time=562.515..562.517 rows=86872 loops=1)
                                 Buckets: 131072  Batches: 1  Memory Usage: 5097kB
                                 ->  Nested Loop  (cost=0.43..141746.45 rows=80816 width=16) (actual time=0.057..540.108 rows=86872 loops=1)
                                       ->  Seq Scan on part  (cost=0.00..65980.02 rows=20201 width=4) (actual time=0.040..331.821 rows=21718 loops=1)
                                             Filter: ((p_name)::text ~~ 'olive%'::text)
                                             Rows Removed by Filter: 1978282
                                       ->  Index Scan using idx_partsupp_partkey on partsupp  (cost=0.43..3.57 rows=18 width=12) (actual time=0.008..0.009 rows=4 loops=21718)
                                             Index Cond: (ps_partkey = part.p_partkey)
 Planning Time: 2.278 ms
 Execution Time: 37481.163 ms
(38 rows)

query 21 run 1
SET
SET
SET
                                                                                               QUERY PLAN                                                                                                
---------------------------------------------------------------------------------------------------------------------------------------------------------------------------------------------------------
 Limit  (cost=3768715.04..3768715.05 rows=1 width=34) (actual time=25813.262..25813.277 rows=100 loops=1)
   ->  Sort  (cost=3768715.04..3768715.05 rows=1 width=34) (actual time=25813.261..25813.270 rows=100 loops=1)
         Sort Key: (count(*)) DESC, supplier.s_name
         Sort Method: top-N heapsort  Memory: 38kB
         ->  GroupAggregate  (cost=3768715.01..3768715.03 rows=1 width=34) (actual time=25805.849..25812.068 rows=3991 loops=1)
               Group Key: supplier.s_name
               ->  Sort  (cost=3768715.01..3768715.02 rows=1 width=26) (actual time=25805.837..25807.604 rows=39281 loops=1)
                     Sort Key: supplier.s_name
                     Sort Method: quicksort  Memory: 4605kB
                     ->  Nested Loop Semi Join  (cost=1976547.73..3768715.00 rows=1 width=26) (actual time=15397.576..25634.590 rows=39281 loops=1)
                           Join Filter: (l2.l_suppkey <> l1.l_suppkey)
                           Rows Removed by Join Filter: 42025
                           ->  Nested Loop Anti Join  (cost=1976547.17..3768711.36 rows=1 width=38) (actual time=15396.234..25486.786 rows=65960 loops=1)
                                 ->  Hash Join  (cost=1976546.60..2519783.26 rows=388968 width=38) (actual time=15393.917..20255.698 rows=730985 loops=1)
                                       Hash Cond: (orders.o_orderkey = l1.l_orderkey)
                                       ->  Seq Scan on orders  (cost=0.00..448758.93 rows=7294147 width=4) (actual time=0.461..2496.660 rows=7309184 loops=1)
                                             Filter: (o_orderstatus = 'F'::bpchar)
                                             Rows Removed by Filter: 7690816
                                       ->  Hash  (cost=1960299.47..1960299.47 rows=799851 width=34) (actual time=15392.577..15392.580 rows=1514267 loops=1)
                                             Buckets: 524288  Batches: 4  Memory Usage: 29225kB
                                             ->  Hash Join  (cost=2311.46..1960299.47 rows=799851 width=34) (actual time=40.557..14999.165 rows=1514267 loops=1)
                                                   Hash Cond: (l1.l_suppkey = supplier.s_suppkey)
                                                   ->  Seq Scan on lineitem l1  (cost=0.00..1875003.45 rows=19996279 width=8) (actual time=0.489..11555.096 rows=37929348 loops=1)
                                                         Filter: (l_receiptdate > l_commitdate)
                                                         Rows Removed by Filter: 22056704
                                                   ->  Hash  (cost=2261.46..2261.46 rows=4000 width=30) (actual time=39.998..40.000 rows=3991 loops=1)
                                                         Buckets: 4096  Batches: 1  Memory Usage: 282kB
                                                         ->  Nested Loop  (cost=37.29..2261.46 rows=4000 width=30) (actual time=1.800..38.787 rows=3991 loops=1)
                                                               ->  Seq Scan on nation  (cost=0.00..1.31 rows=1 width=4) (actual time=0.228..0.232 rows=1 loops=1)
                                                                     Filter: (n_name = 'PERU'::bpchar)
                                                                     Rows Removed by Filter: 24
                                                               ->  Bitmap Heap Scan on supplier  (cost=37.29..2220.15 rows=4000 width=34) (actual time=1.563..37.868 rows=3991 loops=1)
                                                                     Recheck Cond: (s_nationkey = nation.n_nationkey)
                                                                     Heap Blocks: exact=1865
                                                                     ->  Bitmap Index Scan on idx_supplier_nation_key  (cost=0.00..36.29 rows=4000 width=0) (actual time=0.923..0.923 rows=3991 loops=1)
                                                                           Index Cond: (s_nationkey = nation.n_nationkey)
                                 ->  Index Scan using idx_lineitem_orderkey on lineitem l3  (cost=0.56..3.64 rows=1 width=8) (actual time=0.007..0.007 rows=1 loops=730985)
                                       Index Cond: (l_orderkey = l1.l_orderkey)
                                       Filter: ((l_receiptdate > l_commitdate) AND (l_suppkey <> l1.l_suppkey))
                                       Rows Removed by Filter: 1
                           ->  Index Scan using idx_lineitem_orderkey on lineitem l2  (cost=0.56..3.62 rows=4 width=8) (actual time=0.002..0.002 rows=1 loops=65960)
                                 Index Cond: (l_orderkey = orders.o_orderkey)
 Planning Time: 26.113 ms
 Execution Time: 25813.697 ms
(44 rows)

SET
SET
SET
                                                                                               QUERY PLAN                                                                                                
---------------------------------------------------------------------------------------------------------------------------------------------------------------------------------------------------------
 Limit  (cost=3768715.04..3768715.05 rows=1 width=34) (actual time=21477.749..21477.764 rows=100 loops=1)
   ->  Sort  (cost=3768715.04..3768715.05 rows=1 width=34) (actual time=21477.747..21477.757 rows=100 loops=1)
         Sort Key: (count(*)) DESC, supplier.s_name
         Sort Method: top-N heapsort  Memory: 38kB
         ->  GroupAggregate  (cost=3768715.01..3768715.03 rows=1 width=34) (actual time=21470.359..21476.558 rows=3991 loops=1)
               Group Key: supplier.s_name
               ->  Sort  (cost=3768715.01..3768715.02 rows=1 width=26) (actual time=21470.347..21472.058 rows=39281 loops=1)
                     Sort Key: supplier.s_name
                     Sort Method: quicksort  Memory: 4605kB
                     ->  Nested Loop Semi Join  (cost=1976547.73..3768715.00 rows=1 width=26) (actual time=13004.128..21299.923 rows=39281 loops=1)
                           Join Filter: (l2.l_suppkey <> l1.l_suppkey)
                           Rows Removed by Join Filter: 42025
                           ->  Nested Loop Anti Join  (cost=1976547.17..3768711.36 rows=1 width=38) (actual time=13003.652..21158.544 rows=65960 loops=1)
                                 ->  Hash Join  (cost=1976546.60..2519783.26 rows=388968 width=38) (actual time=13003.174..17318.388 rows=730985 loops=1)
                                       Hash Cond: (orders.o_orderkey = l1.l_orderkey)
                                       ->  Seq Scan on orders  (cost=0.00..448758.93 rows=7294147 width=4) (actual time=0.019..2009.061 rows=7309184 loops=1)
                                             Filter: (o_orderstatus = 'F'::bpchar)
                                             Rows Removed by Filter: 7690816
                                       ->  Hash  (cost=1960299.47..1960299.47 rows=799851 width=34) (actual time=13002.320..13002.322 rows=1514267 loops=1)
                                             Buckets: 524288  Batches: 4  Memory Usage: 29225kB
                                             ->  Hash Join  (cost=2311.46..1960299.47 rows=799851 width=34) (actual time=15.070..12650.311 rows=1514267 loops=1)
                                                   Hash Cond: (l1.l_suppkey = supplier.s_suppkey)
                                                   ->  Seq Scan on lineitem l1  (cost=0.00..1875003.45 rows=19996279 width=8) (actual time=0.028..9615.998 rows=37929348 loops=1)
                                                         Filter: (l_receiptdate > l_commitdate)
                                                         Rows Removed by Filter: 22056704
                                                   ->  Hash  (cost=2261.46..2261.46 rows=4000 width=30) (actual time=15.008..15.009 rows=3991 loops=1)
                                                         Buckets: 4096  Batches: 1  Memory Usage: 282kB
                                                         ->  Nested Loop  (cost=37.29..2261.46 rows=4000 width=30) (actual time=0.570..14.190 rows=3991 loops=1)
                                                               ->  Seq Scan on nation  (cost=0.00..1.31 rows=1 width=4) (actual time=0.012..0.015 rows=1 loops=1)
                                                                     Filter: (n_name = 'PERU'::bpchar)
                                                                     Rows Removed by Filter: 24
                                                               ->  Bitmap Heap Scan on supplier  (cost=37.29..2220.15 rows=4000 width=34) (actual time=0.554..13.624 rows=3991 loops=1)
                                                                     Recheck Cond: (s_nationkey = nation.n_nationkey)
                                                                     Heap Blocks: exact=1865
                                                                     ->  Bitmap Index Scan on idx_supplier_nation_key  (cost=0.00..36.29 rows=4000 width=0) (actual time=0.295..0.295 rows=3991 loops=1)
                                                                           Index Cond: (s_nationkey = nation.n_nationkey)
                                 ->  Index Scan using idx_lineitem_orderkey on lineitem l3  (cost=0.56..3.64 rows=1 width=8) (actual time=0.005..0.005 rows=1 loops=730985)
                                       Index Cond: (l_orderkey = l1.l_orderkey)
                                       Filter: ((l_receiptdate > l_commitdate) AND (l_suppkey <> l1.l_suppkey))
                                       Rows Removed by Filter: 1
                           ->  Index Scan using idx_lineitem_orderkey on lineitem l2  (cost=0.56..3.62 rows=4 width=8) (actual time=0.002..0.002 rows=1 loops=65960)
                                 Index Cond: (l_orderkey = orders.o_orderkey)
 Planning Time: 2.833 ms
 Execution Time: 21477.914 ms
(44 rows)

query 22 run 1
SET
SET
SET
                                                                          QUERY PLAN                                                                          
--------------------------------------------------------------------------------------------------------------------------------------------------------------
 Limit  (cost=161915.26..161915.29 rows=1 width=72) (actual time=1939.739..1939.741 rows=1 loops=1)
   InitPlan 1 (returns $0)
     ->  Aggregate  (cost=75440.41..75440.42 rows=1 width=32) (actual time=965.146..965.147 rows=1 loops=1)
           ->  Seq Scan on customer customer_1  (cost=0.00..75321.42 rows=47594 width=6) (actual time=0.019..927.767 rows=382426 loops=1)
                 Filter: ((c_acctbal > 0.00) AND (SUBSTRING(c_phone FROM 1 FOR 2) = ANY ('{21,29,26,34,14,15,17}'::text[])))
                 Rows Removed by Filter: 1117574
   ->  GroupAggregate  (cost=86474.84..86655.79 rows=6580 width=72) (actual time=1939.737..1939.738 rows=1 loops=1)
         Group Key: (SUBSTRING(customer.c_phone FROM 1 FOR 2))
         ->  Sort  (cost=86474.84..86491.29 rows=6580 width=38) (actual time=1937.984..1938.313 rows=9006 loops=1)
               Sort Key: (SUBSTRING(customer.c_phone FROM 1 FOR 2))
               Sort Method: quicksort  Memory: 4513kB
               ->  Nested Loop Anti Join  (cost=0.43..86057.55 rows=6580 width=38) (actual time=965.644..1918.859 rows=63509 loops=1)
                     ->  Seq Scan on customer  (cost=0.00..75321.42 rows=17500 width=26) (actual time=965.627..1487.773 rows=191129 loops=1)
                           Filter: ((c_acctbal > $0) AND (SUBSTRING(c_phone FROM 1 FOR 2) = ANY ('{21,29,26,34,14,15,17}'::text[])))
                           Rows Removed by Filter: 1308871
                     ->  Index Only Scan using idx_orders_custkey on orders  (cost=0.43..2.14 rows=16 width=4) (actual time=0.002..0.002 rows=1 loops=191129)
                           Index Cond: (o_custkey = customer.c_custkey)
                           Heap Fetches: 0
 Planning Time: 15.224 ms
 Execution Time: 1940.698 ms
(20 rows)

SET
SET
SET
                                                                          QUERY PLAN                                                                          
--------------------------------------------------------------------------------------------------------------------------------------------------------------
 Limit  (cost=161915.26..161915.29 rows=1 width=72) (actual time=1529.750..1529.752 rows=1 loops=1)
   InitPlan 1 (returns $0)
     ->  Aggregate  (cost=75440.41..75440.42 rows=1 width=32) (actual time=710.712..710.712 rows=1 loops=1)
           ->  Seq Scan on customer customer_1  (cost=0.00..75321.42 rows=47594 width=6) (actual time=0.008..678.330 rows=382426 loops=1)
                 Filter: ((c_acctbal > 0.00) AND (SUBSTRING(c_phone FROM 1 FOR 2) = ANY ('{21,29,26,34,14,15,17}'::text[])))
                 Rows Removed by Filter: 1117574
   ->  GroupAggregate  (cost=86474.84..86655.79 rows=6580 width=72) (actual time=1529.749..1529.750 rows=1 loops=1)
         Group Key: (SUBSTRING(customer.c_phone FROM 1 FOR 2))
         ->  Sort  (cost=86474.84..86491.29 rows=6580 width=38) (actual time=1527.941..1528.280 rows=9006 loops=1)
               Sort Key: (SUBSTRING(customer.c_phone FROM 1 FOR 2))
               Sort Method: quicksort  Memory: 4513kB
               ->  Nested Loop Anti Join  (cost=0.43..86057.55 rows=6580 width=38) (actual time=710.751..1510.802 rows=63509 loops=1)
                     ->  Seq Scan on customer  (cost=0.00..75321.42 rows=17500 width=26) (actual time=710.735..1209.271 rows=191129 loops=1)
                           Filter: ((c_acctbal > $0) AND (SUBSTRING(c_phone FROM 1 FOR 2) = ANY ('{21,29,26,34,14,15,17}'::text[])))
                           Rows Removed by Filter: 1308871
                     ->  Index Only Scan using idx_orders_custkey on orders  (cost=0.43..2.14 rows=16 width=4) (actual time=0.001..0.001 rows=1 loops=191129)
                           Index Cond: (o_custkey = customer.c_custkey)
                           Heap Fetches: 0
 Planning Time: 1.010 ms
 Execution Time: 1529.807 ms
(20 rows)

