query 1 run 1
SET
SET
SET
                                                                           QUERY PLAN                                                                            
-----------------------------------------------------------------------------------------------------------------------------------------------------------------
 Limit  (cost=1906076.60..1906077.28 rows=1 width=236) (actual time=21151.131..21151.198 rows=1 loops=1)
   ->  Finalize GroupAggregate  (cost=1906076.60..1906080.66 rows=6 width=236) (actual time=21151.130..21151.196 rows=1 loops=1)
         Group Key: l_returnflag, l_linestatus
         ->  Gather Merge  (cost=1906076.60..1906079.48 rows=24 width=236) (actual time=21151.103..21151.171 rows=6 loops=1)
               Workers Planned: 4
               Workers Launched: 4
               ->  Sort  (cost=1905076.55..1905076.56 rows=6 width=236) (actual time=21141.109..21141.110 rows=4 loops=5)
                     Sort Key: l_returnflag, l_linestatus
                     Sort Method: quicksort  Memory: 27kB
                     Worker 0:  Sort Method: quicksort  Memory: 27kB
                     Worker 1:  Sort Method: quicksort  Memory: 27kB
                     Worker 2:  Sort Method: quicksort  Memory: 27kB
                     Worker 3:  Sort Method: quicksort  Memory: 27kB
                     ->  Partial HashAggregate  (cost=1905076.30..1905076.47 rows=6 width=236) (actual time=21141.076..21141.085 rows=4 loops=5)
                           Group Key: l_returnflag, l_linestatus
                           Batches: 1  Memory Usage: 24kB
                           Worker 0:  Batches: 1  Memory Usage: 24kB
                           Worker 1:  Batches: 1  Memory Usage: 24kB
                           Worker 2:  Batches: 1  Memory Usage: 24kB
                           Worker 3:  Batches: 1  Memory Usage: 24kB
                           ->  Parallel Seq Scan on lineitem  (cost=0.00..1312592.06 rows=14812106 width=25) (actual time=0.125..5401.540 rows=11856890 loops=5)
                                 Filter: (l_shipdate <= '1998-09-10 00:00:00'::timestamp without time zone)
                                 Rows Removed by Filter: 140321
 Planning Time: 14.359 ms
 Execution Time: 21152.387 ms
(25 rows)

SET
SET
SET
                                                                           QUERY PLAN                                                                            
-----------------------------------------------------------------------------------------------------------------------------------------------------------------
 Limit  (cost=1906076.60..1906077.28 rows=1 width=236) (actual time=18767.084..18767.148 rows=1 loops=1)
   ->  Finalize GroupAggregate  (cost=1906076.60..1906080.66 rows=6 width=236) (actual time=18767.083..18767.147 rows=1 loops=1)
         Group Key: l_returnflag, l_linestatus
         ->  Gather Merge  (cost=1906076.60..1906079.48 rows=24 width=236) (actual time=18767.043..18767.112 rows=6 loops=1)
               Workers Planned: 4
               Workers Launched: 4
               ->  Sort  (cost=1905076.55..1905076.56 rows=6 width=236) (actual time=18761.617..18761.619 rows=4 loops=5)
                     Sort Key: l_returnflag, l_linestatus
                     Sort Method: quicksort  Memory: 27kB
                     Worker 0:  Sort Method: quicksort  Memory: 27kB
                     Worker 1:  Sort Method: quicksort  Memory: 27kB
                     Worker 2:  Sort Method: quicksort  Memory: 27kB
                     Worker 3:  Sort Method: quicksort  Memory: 27kB
                     ->  Partial HashAggregate  (cost=1905076.30..1905076.47 rows=6 width=236) (actual time=18761.586..18761.594 rows=4 loops=5)
                           Group Key: l_returnflag, l_linestatus
                           Batches: 1  Memory Usage: 24kB
                           Worker 0:  Batches: 1  Memory Usage: 24kB
                           Worker 1:  Batches: 1  Memory Usage: 24kB
                           Worker 2:  Batches: 1  Memory Usage: 24kB
                           Worker 3:  Batches: 1  Memory Usage: 24kB
                           ->  Parallel Seq Scan on lineitem  (cost=0.00..1312592.06 rows=14812106 width=25) (actual time=0.027..2787.483 rows=11856890 loops=5)
                                 Filter: (l_shipdate <= '1998-09-10 00:00:00'::timestamp without time zone)
                                 Rows Removed by Filter: 140321
 Planning Time: 0.577 ms
 Execution Time: 18767.220 ms
(25 rows)

query 2 run 1
SET
SET
SET
                                                                                        QUERY PLAN                                                                                         
-------------------------------------------------------------------------------------------------------------------------------------------------------------------------------------------
 Limit  (cost=1046783.49..1046783.50 rows=1 width=192) (actual time=4217.408..4217.534 rows=100 loops=1)
   ->  Sort  (cost=1046783.49..1046783.50 rows=1 width=192) (actual time=4217.407..4217.526 rows=100 loops=1)
         Sort Key: supplier.s_acctbal DESC, nation.n_name, supplier.s_name, part.p_partkey
         Sort Method: top-N heapsort  Memory: 71kB
         ->  Merge Join  (cost=559135.54..1046783.48 rows=1 width=192) (actual time=3197.427..4214.766 rows=4737 loops=1)
               Merge Cond: (part.p_partkey = partsupp.ps_partkey)
               Join Filter: (partsupp.ps_supplycost = (SubPlan 1))
               Rows Removed by Join Filter: 1661
               ->  Gather Merge  (cost=1000.49..68628.94 rows=7694 width=30) (actual time=10.371..13.902 rows=8046 loops=1)
                     Workers Planned: 4
                     Workers Launched: 4
                     ->  Parallel Index Scan using part_pkey on part  (cost=0.43..66712.45 rows=1924 width=30) (actual time=1.102..277.843 rows=1609 loops=5)
                           Filter: (((p_type)::text ~~ '%NICKEL'::text) AND (p_size = 16))
                           Rows Removed by Filter: 398391
               ->  Materialize  (cost=558135.06..566137.11 rows=1600410 width=172) (actual time=3186.030..3640.325 rows=1603828 loops=1)
                     ->  Sort  (cost=558135.06..562136.08 rows=1600410 width=172) (actual time=3186.026..3456.590 rows=1603828 loops=1)
                           Sort Key: partsupp.ps_partkey
                           Sort Method: external merge  Disk: 293496kB
                           ->  Hash Join  (cost=4048.51..305298.48 rows=1600410 width=172) (actual time=75.711..2517.284 rows=1604080 loops=1)
                                 Hash Cond: (partsupp.ps_suppkey = supplier.s_suppkey)
                                 ->  Seq Scan on partsupp  (cost=0.00..255242.50 rows=8002050 width=14) (actual time=1.313..1077.572 rows=8000000 loops=1)
                                 ->  Hash  (cost=3798.51..3798.51 rows=20000 width=166) (actual time=74.359..74.362 rows=20051 loops=1)
                                       Buckets: 32768  Batches: 1  Memory Usage: 4211kB
                                       ->  Hash Join  (cost=2.51..3798.51 rows=20000 width=166) (actual time=11.272..67.902 rows=20051 loops=1)
                                             Hash Cond: (supplier.s_nationkey = nation.n_nationkey)
                                             ->  Seq Scan on supplier  (cost=0.00..3221.00 rows=100000 width=144) (actual time=0.575..44.125 rows=100000 loops=1)
                                             ->  Hash  (cost=2.45..2.45 rows=5 width=30) (actual time=10.690..10.692 rows=5 loops=1)
                                                   Buckets: 1024  Batches: 1  Memory Usage: 9kB
                                                   ->  Hash Join  (cost=1.07..2.45 rows=5 width=30) (actual time=10.682..10.689 rows=5 loops=1)
                                                         Hash Cond: (nation.n_regionkey = region.r_regionkey)
                                                         ->  Seq Scan on nation  (cost=0.00..1.25 rows=25 width=34) (actual time=5.415..5.417 rows=25 loops=1)
                                                         ->  Hash  (cost=1.06..1.06 rows=1 width=4) (actual time=5.250..5.250 rows=1 loops=1)
                                                               Buckets: 1024  Batches: 1  Memory Usage: 9kB
                                                               ->  Seq Scan on region  (cost=0.00..1.06 rows=1 width=4) (actual time=5.243..5.244 rows=1 loops=1)
                                                                     Filter: (r_name = 'AMERICA'::bpchar)
                                                                     Rows Removed by Filter: 4
               SubPlan 1
                 ->  Aggregate  (cost=66.25..66.26 rows=1 width=32) (actual time=0.059..0.059 rows=1 loops=6398)
                       ->  Nested Loop  (cost=2.29..66.24 rows=4 width=6) (actual time=0.049..0.057 rows=2 loops=6398)
                             Join Filter: (nation_1.n_regionkey = region_1.r_regionkey)
                             Rows Removed by Join Filter: 2
                             ->  Seq Scan on region region_1  (cost=0.00..1.06 rows=1 width=4) (actual time=0.001..0.001 rows=1 loops=6398)
                                   Filter: (r_name = 'AMERICA'::bpchar)
                                   Rows Removed by Filter: 4
                             ->  Hash Join  (cost=2.29..64.95 rows=18 width=10) (actual time=0.043..0.055 rows=4 loops=6398)
                                   Hash Cond: (supplier_1.s_nationkey = nation_1.n_nationkey)
                                   ->  Nested Loop  (cost=0.72..63.33 rows=18 width=10) (actual time=0.043..0.053 rows=4 loops=6398)
                                         ->  Index Scan using idx_partsupp_partkey on partsupp partsupp_1  (cost=0.43..3.75 rows=18 width=10) (actual time=0.039..0.040 rows=4 loops=6398)
                                               Index Cond: (ps_partkey = part.p_partkey)
                                         ->  Index Scan using supplier_pkey on supplier supplier_1  (cost=0.29..3.31 rows=1 width=8) (actual time=0.003..0.003 rows=1 loops=25592)
                                               Index Cond: (s_suppkey = partsupp_1.ps_suppkey)
                                   ->  Hash  (cost=1.25..1.25 rows=25 width=8) (actual time=0.012..0.013 rows=25 loops=1)
                                         Buckets: 1024  Batches: 1  Memory Usage: 9kB
                                         ->  Seq Scan on nation nation_1  (cost=0.00..1.25 rows=25 width=8) (actual time=0.003..0.007 rows=25 loops=1)
 Planning Time: 20.520 ms
 Execution Time: 4254.754 ms
(56 rows)

SET
SET
SET
                                                                                        QUERY PLAN                                                                                         
-------------------------------------------------------------------------------------------------------------------------------------------------------------------------------------------
 Limit  (cost=1046783.49..1046783.50 rows=1 width=192) (actual time=3438.028..3438.144 rows=100 loops=1)
   ->  Sort  (cost=1046783.49..1046783.50 rows=1 width=192) (actual time=3438.027..3438.137 rows=100 loops=1)
         Sort Key: supplier.s_acctbal DESC, nation.n_name, supplier.s_name, part.p_partkey
         Sort Method: top-N heapsort  Memory: 71kB
         ->  Merge Join  (cost=559135.54..1046783.48 rows=1 width=192) (actual time=2707.319..3435.837 rows=4737 loops=1)
               Merge Cond: (part.p_partkey = partsupp.ps_partkey)
               Join Filter: (partsupp.ps_supplycost = (SubPlan 1))
               Rows Removed by Join Filter: 1661
               ->  Gather Merge  (cost=1000.49..68628.94 rows=7694 width=30) (actual time=7.116..9.724 rows=8046 loops=1)
                     Workers Planned: 4
                     Workers Launched: 4
                     ->  Parallel Index Scan using part_pkey on part  (cost=0.43..66712.45 rows=1924 width=30) (actual time=0.154..121.600 rows=1609 loops=5)
                           Filter: (((p_type)::text ~~ '%NICKEL'::text) AND (p_size = 16))
                           Rows Removed by Filter: 398391
               ->  Materialize  (cost=558135.06..566137.11 rows=1600410 width=172) (actual time=2700.100..3141.207 rows=1603828 loops=1)
                     ->  Sort  (cost=558135.06..562136.08 rows=1600410 width=172) (actual time=2700.097..2961.433 rows=1603828 loops=1)
                           Sort Key: partsupp.ps_partkey
                           Sort Method: external merge  Disk: 293496kB
                           ->  Hash Join  (cost=4048.51..305298.48 rows=1600410 width=172) (actual time=46.720..2050.969 rows=1604080 loops=1)
                                 Hash Cond: (partsupp.ps_suppkey = supplier.s_suppkey)
                                 ->  Seq Scan on partsupp  (cost=0.00..255242.50 rows=8002050 width=14) (actual time=0.047..761.614 rows=8000000 loops=1)
                                 ->  Hash  (cost=3798.51..3798.51 rows=20000 width=166) (actual time=46.645..46.647 rows=20051 loops=1)
                                       Buckets: 32768  Batches: 1  Memory Usage: 4211kB
                                       ->  Hash Join  (cost=2.51..3798.51 rows=20000 width=166) (actual time=0.050..40.648 rows=20051 loops=1)
                                             Hash Cond: (supplier.s_nationkey = nation.n_nationkey)
                                             ->  Seq Scan on supplier  (cost=0.00..3221.00 rows=100000 width=144) (actual time=0.012..13.484 rows=100000 loops=1)
                                             ->  Hash  (cost=2.45..2.45 rows=5 width=30) (actual time=0.034..0.036 rows=5 loops=1)
                                                   Buckets: 1024  Batches: 1  Memory Usage: 9kB
                                                   ->  Hash Join  (cost=1.07..2.45 rows=5 width=30) (actual time=0.027..0.034 rows=5 loops=1)
                                                         Hash Cond: (nation.n_regionkey = region.r_regionkey)
                                                         ->  Seq Scan on nation  (cost=0.00..1.25 rows=25 width=34) (actual time=0.005..0.007 rows=25 loops=1)
                                                         ->  Hash  (cost=1.06..1.06 rows=1 width=4) (actual time=0.017..0.018 rows=1 loops=1)
                                                               Buckets: 1024  Batches: 1  Memory Usage: 9kB
                                                               ->  Seq Scan on region  (cost=0.00..1.06 rows=1 width=4) (actual time=0.014..0.015 rows=1 loops=1)
                                                                     Filter: (r_name = 'AMERICA'::bpchar)
                                                                     Rows Removed by Filter: 4
               SubPlan 1
                 ->  Aggregate  (cost=66.25..66.26 rows=1 width=32) (actual time=0.017..0.017 rows=1 loops=6398)
                       ->  Nested Loop  (cost=2.29..66.24 rows=4 width=6) (actual time=0.009..0.015 rows=2 loops=6398)
                             Join Filter: (nation_1.n_regionkey = region_1.r_regionkey)
                             Rows Removed by Join Filter: 2
                             ->  Seq Scan on region region_1  (cost=0.00..1.06 rows=1 width=4) (actual time=0.001..0.001 rows=1 loops=6398)
                                   Filter: (r_name = 'AMERICA'::bpchar)
                                   Rows Removed by Filter: 4
                             ->  Hash Join  (cost=2.29..64.95 rows=18 width=10) (actual time=0.005..0.013 rows=4 loops=6398)
                                   Hash Cond: (supplier_1.s_nationkey = nation_1.n_nationkey)
                                   ->  Nested Loop  (cost=0.72..63.33 rows=18 width=10) (actual time=0.005..0.012 rows=4 loops=6398)
                                         ->  Index Scan using idx_partsupp_partkey on partsupp partsupp_1  (cost=0.43..3.75 rows=18 width=10) (actual time=0.003..0.003 rows=4 loops=6398)
                                               Index Cond: (ps_partkey = part.p_partkey)
                                         ->  Index Scan using supplier_pkey on supplier supplier_1  (cost=0.29..3.31 rows=1 width=8) (actual time=0.002..0.002 rows=1 loops=25592)
                                               Index Cond: (s_suppkey = partsupp_1.ps_suppkey)
                                   ->  Hash  (cost=1.25..1.25 rows=25 width=8) (actual time=0.012..0.013 rows=25 loops=1)
                                         Buckets: 1024  Batches: 1  Memory Usage: 9kB
                                         ->  Seq Scan on nation nation_1  (cost=0.00..1.25 rows=25 width=8) (actual time=0.004..0.007 rows=25 loops=1)
 Planning Time: 1.836 ms
 Execution Time: 3472.430 ms
(56 rows)

query 3 run 1
SET
SET
SET
                                                                                QUERY PLAN                                                                                 
---------------------------------------------------------------------------------------------------------------------------------------------------------------------------
 Limit  (cost=2277269.10..2277269.12 rows=10 width=44) (actual time=14038.142..14076.127 rows=10 loops=1)
   ->  Sort  (cost=2277269.10..2285068.27 rows=3119668 width=44) (actual time=14038.140..14076.125 rows=10 loops=1)
         Sort Key: (sum((lineitem.l_extendedprice * ('1'::numeric - lineitem.l_discount)))) DESC, orders.o_orderdate
         Sort Method: top-N heapsort  Memory: 26kB
         ->  GroupAggregate  (cost=1750531.00..2209854.19 rows=3119668 width=44) (actual time=13797.674..14052.195 rows=113934 loops=1)
               Group Key: lineitem.l_orderkey, orders.o_orderdate, orders.o_shippriority
               ->  Gather Merge  (cost=1750531.00..2124063.32 rows=3119668 width=24) (actual time=13797.660..13890.281 rows=301530 loops=1)
                     Workers Planned: 4
                     Workers Launched: 4
                     ->  Sort  (cost=1749530.94..1751480.73 rows=779917 width=24) (actual time=13788.337..13791.350 rows=60306 loops=5)
                           Sort Key: lineitem.l_orderkey, orders.o_orderdate, orders.o_shippriority
                           Sort Method: quicksort  Memory: 6145kB
                           Worker 0:  Sort Method: quicksort  Memory: 6306kB
                           Worker 1:  Sort Method: quicksort  Memory: 6205kB
                           Worker 2:  Sort Method: quicksort  Memory: 6353kB
                           Worker 3:  Sort Method: quicksort  Memory: 6230kB
                           ->  Nested Loop  (cost=41570.62..1662922.01 rows=779917 width=24) (actual time=306.950..13764.457 rows=60306 loops=5)
                                 ->  Parallel Hash Join  (cost=41570.05..354449.81 rows=360202 width=12) (actual time=304.981..2033.814 rows=290361 loops=5)
                                       Hash Cond: (orders.o_custkey = customer.c_custkey)
                                       ->  Parallel Seq Scan on orders  (cost=0.00..308142.61 rows=1804622 width=16) (actual time=0.600..1223.584 rows=1447887 loops=5)
                                             Filter: (o_orderdate < '1995-03-07'::date)
                                             Rows Removed by Filter: 1552113
                                       ->  Parallel Hash  (cost=40634.44..40634.44 rows=74849 width=4) (actual time=303.657..303.658 rows=60055 loops=5)
                                             Buckets: 524288  Batches: 1  Memory Usage: 15904kB
                                             ->  Parallel Seq Scan on customer  (cost=0.00..40634.44 rows=74849 width=4) (actual time=0.109..284.658 rows=60055 loops=5)
                                                   Filter: (c_mktsegment = 'BUILDING'::bpchar)
                                                   Rows Removed by Filter: 239945
                                 ->  Index Scan using idx_lineitem_orderkey on lineitem  (cost=0.56..3.61 rows=2 width=16) (actual time=0.040..0.040 rows=0 loops=1451805)
                                       Index Cond: (l_orderkey = orders.o_orderkey)
                                       Filter: (l_shipdate > '1995-03-07'::date)
                                       Rows Removed by Filter: 4
 Planning Time: 19.392 ms
 Execution Time: 14077.252 ms
(33 rows)

SET
SET
SET
                                                                                QUERY PLAN                                                                                 
---------------------------------------------------------------------------------------------------------------------------------------------------------------------------
 Limit  (cost=2277269.10..2277269.12 rows=10 width=44) (actual time=4122.770..4169.089 rows=10 loops=1)
   ->  Sort  (cost=2277269.10..2285068.27 rows=3119668 width=44) (actual time=4122.768..4169.087 rows=10 loops=1)
         Sort Key: (sum((lineitem.l_extendedprice * ('1'::numeric - lineitem.l_discount)))) DESC, orders.o_orderdate
         Sort Method: top-N heapsort  Memory: 26kB
         ->  GroupAggregate  (cost=1750531.00..2209854.19 rows=3119668 width=44) (actual time=3885.810..4144.798 rows=113934 loops=1)
               Group Key: lineitem.l_orderkey, orders.o_orderdate, orders.o_shippriority
               ->  Gather Merge  (cost=1750531.00..2124063.32 rows=3119668 width=24) (actual time=3885.796..3982.444 rows=301530 loops=1)
                     Workers Planned: 4
                     Workers Launched: 4
                     ->  Sort  (cost=1749530.94..1751480.73 rows=779917 width=24) (actual time=3877.187..3880.218 rows=60306 loops=5)
                           Sort Key: lineitem.l_orderkey, orders.o_orderdate, orders.o_shippriority
                           Sort Method: quicksort  Memory: 6192kB
                           Worker 0:  Sort Method: quicksort  Memory: 6263kB
                           Worker 1:  Sort Method: quicksort  Memory: 6333kB
                           Worker 2:  Sort Method: quicksort  Memory: 6124kB
                           Worker 3:  Sort Method: quicksort  Memory: 6328kB
                           ->  Nested Loop  (cost=41570.62..1662922.01 rows=779917 width=24) (actual time=133.192..3857.837 rows=60306 loops=5)
                                 ->  Parallel Hash Join  (cost=41570.05..354449.81 rows=360202 width=12) (actual time=132.796..1074.265 rows=290361 loops=5)
                                       Hash Cond: (orders.o_custkey = customer.c_custkey)
                                       ->  Parallel Seq Scan on orders  (cost=0.00..308142.61 rows=1804622 width=16) (actual time=0.034..487.178 rows=1447887 loops=5)
                                             Filter: (o_orderdate < '1995-03-07'::date)
                                             Rows Removed by Filter: 1552113
                                       ->  Parallel Hash  (cost=40634.44..40634.44 rows=74849 width=4) (actual time=131.803..131.804 rows=60055 loops=5)
                                             Buckets: 524288  Batches: 1  Memory Usage: 15936kB
                                             ->  Parallel Seq Scan on customer  (cost=0.00..40634.44 rows=74849 width=4) (actual time=0.029..104.646 rows=60055 loops=5)
                                                   Filter: (c_mktsegment = 'BUILDING'::bpchar)
                                                   Rows Removed by Filter: 239945
                                 ->  Index Scan using idx_lineitem_orderkey on lineitem  (cost=0.56..3.61 rows=2 width=16) (actual time=0.009..0.009 rows=0 loops=1451805)
                                       Index Cond: (l_orderkey = orders.o_orderkey)
                                       Filter: (l_shipdate > '1995-03-07'::date)
                                       Rows Removed by Filter: 4
 Planning Time: 1.556 ms
 Execution Time: 4169.166 ms
(33 rows)

query 4 run 1
SET
SET
SET
                                                                                QUERY PLAN                                                                                
--------------------------------------------------------------------------------------------------------------------------------------------------------------------------
 Limit  (cost=283381.06..664216.54 rows=1 width=24) (actual time=29045.083..29070.189 rows=1 loops=1)
   ->  GroupAggregate  (cost=283381.06..2187558.47 rows=5 width=24) (actual time=29045.082..29070.187 rows=1 loops=1)
         Group Key: orders.o_orderpriority
         ->  Nested Loop Semi Join  (cost=283381.06..2184682.90 rows=575104 width=16) (actual time=4271.196..28992.619 rows=103030 loops=1)
               ->  Gather Merge  (cost=283380.50..352258.45 rows=575255 width=20) (actual time=4270.348..4407.156 rows=112213 loops=1)
                     Workers Planned: 4
                     Workers Launched: 4
                     ->  Sort  (cost=282380.44..282739.97 rows=143814 width=20) (actual time=4259.177..4262.624 rows=23314 loops=5)
                           Sort Key: orders.o_orderpriority
                           Sort Method: quicksort  Memory: 11803kB
                           Worker 0:  Sort Method: quicksort  Memory: 11899kB
                           Worker 1:  Sort Method: quicksort  Memory: 11717kB
                           Worker 2:  Sort Method: quicksort  Memory: 11825kB
                           Worker 3:  Sort Method: quicksort  Memory: 11901kB
                           ->  Parallel Bitmap Heap Scan on orders  (cost=6634.80..270060.01 rows=143814 width=20) (actual time=133.013..4206.557 rows=112085 loops=5)
                                 Recheck Cond: ((o_orderdate >= '1993-12-01'::date) AND (o_orderdate < '1994-03-01'::date))
                                 Heap Blocks: exact=46152
                                 ->  Bitmap Index Scan on idx_orders_orderdate  (cost=0.00..6490.99 rows=575255 width=0) (actual time=86.070..86.070 rows=560424 loops=1)
                                       Index Cond: ((o_orderdate >= '1993-12-01'::date) AND (o_orderdate < '1994-03-01'::date))
               ->  Index Scan using idx_lineitem_orderkey on lineitem  (cost=0.56..3.61 rows=1 width=4) (actual time=0.218..0.218 rows=1 loops=112213)
                     Index Cond: (l_orderkey = orders.o_orderkey)
                     Filter: (l_commitdate < l_receiptdate)
                     Rows Removed by Filter: 1
 Planning Time: 15.862 ms
 Execution Time: 29071.502 ms
(25 rows)

SET
SET
SET
                                                                                QUERY PLAN                                                                                
--------------------------------------------------------------------------------------------------------------------------------------------------------------------------
 Limit  (cost=283381.06..664216.54 rows=1 width=24) (actual time=1713.527..1737.891 rows=1 loops=1)
   ->  GroupAggregate  (cost=283381.06..2187558.47 rows=5 width=24) (actual time=1713.526..1737.889 rows=1 loops=1)
         Group Key: orders.o_orderpriority
         ->  Nested Loop Semi Join  (cost=283381.06..2184682.90 rows=575104 width=16) (actual time=718.840..1715.967 rows=103030 loops=1)
               ->  Gather Merge  (cost=283380.50..352258.45 rows=575255 width=20) (actual time=718.781..780.669 rows=112213 loops=1)
                     Workers Planned: 4
                     Workers Launched: 4
                     ->  Sort  (cost=282380.44..282739.97 rows=143814 width=20) (actual time=708.553..711.021 rows=23235 loops=5)
                           Sort Key: orders.o_orderpriority
                           Sort Method: quicksort  Memory: 11488kB
                           Worker 0:  Sort Method: quicksort  Memory: 12221kB
                           Worker 1:  Sort Method: quicksort  Memory: 11068kB
                           Worker 2:  Sort Method: quicksort  Memory: 12567kB
                           Worker 3:  Sort Method: quicksort  Memory: 11801kB
                           ->  Parallel Bitmap Heap Scan on orders  (cost=6634.80..270060.01 rows=143814 width=20) (actual time=130.476..667.646 rows=112085 loops=5)
                                 Recheck Cond: ((o_orderdate >= '1993-12-01'::date) AND (o_orderdate < '1994-03-01'::date))
                                 Heap Blocks: exact=44604
                                 ->  Bitmap Index Scan on idx_orders_orderdate  (cost=0.00..6490.99 rows=575255 width=0) (actual time=81.768..81.768 rows=560424 loops=1)
                                       Index Cond: ((o_orderdate >= '1993-12-01'::date) AND (o_orderdate < '1994-03-01'::date))
               ->  Index Scan using idx_lineitem_orderkey on lineitem  (cost=0.56..3.61 rows=1 width=4) (actual time=0.008..0.008 rows=1 loops=112213)
                     Index Cond: (l_orderkey = orders.o_orderkey)
                     Filter: (l_commitdate < l_receiptdate)
                     Rows Removed by Filter: 1
 Planning Time: 1.207 ms
 Execution Time: 1738.031 ms
(25 rows)

query 5 run 1
SET
SET
SET
                                                                                              QUERY PLAN                                                                                               
-------------------------------------------------------------------------------------------------------------------------------------------------------------------------------------------------------
 Limit  (cost=757201.66..757201.66 rows=1 width=58) (actual time=21765.829..21817.202 rows=1 loops=1)
   ->  Sort  (cost=757201.66..757201.72 rows=25 width=58) (actual time=21765.827..21817.200 rows=1 loops=1)
         Sort Key: (sum((lineitem.l_extendedprice * ('1'::numeric - lineitem.l_discount)))) DESC
         Sort Method: top-N heapsort  Memory: 25kB
         ->  Finalize GroupAggregate  (cost=756964.32..757201.53 rows=25 width=58) (actual time=21761.509..21817.184 rows=5 loops=1)
               Group Key: nation.n_name
               ->  Gather Merge  (cost=756964.32..757200.47 rows=100 width=58) (actual time=21754.541..21817.145 rows=25 loops=1)
                     Workers Planned: 4
                     Workers Launched: 4
                     ->  Partial GroupAggregate  (cost=755964.27..756188.50 rows=25 width=58) (actual time=21741.192..21747.619 rows=5 loops=5)
                           Group Key: nation.n_name
                           ->  Sort  (cost=755964.27..756009.05 rows=17914 width=38) (actual time=21738.284..21739.001 rows=14407 loops=5)
                                 Sort Key: nation.n_name
                                 Sort Method: quicksort  Memory: 1508kB
                                 Worker 0:  Sort Method: quicksort  Memory: 1509kB
                                 Worker 1:  Sort Method: quicksort  Memory: 1508kB
                                 Worker 2:  Sort Method: quicksort  Memory: 1510kB
                                 Worker 3:  Sort Method: quicksort  Memory: 1516kB
                                 ->  Parallel Hash Join  (cost=72318.20..754698.75 rows=17914 width=38) (actual time=567.229..21724.185 rows=14407 loops=5)
                                       Hash Cond: ((lineitem.l_suppkey = supplier.s_suppkey) AND (customer.c_nationkey = supplier.s_nationkey))
                                       ->  Nested Loop  (cost=68626.61..748655.78 rows=447881 width=50) (actual time=546.729..21551.053 rows=363065 loops=5)
                                             ->  Parallel Hash Join  (cost=68626.04..340674.01 rows=112000 width=38) (actual time=546.423..2581.952 rows=90680 loops=5)
                                                   Hash Cond: (orders.o_custkey = customer.c_custkey)
                                                   ->  Parallel Bitmap Heap Scan on orders  (cost=25832.87..295500.85 rows=559998 width=8) (actual time=262.722..2069.426 rows=455328 loops=5)
                                                         Recheck Cond: ((o_orderdate >= '1993-01-01'::date) AND (o_orderdate < '1994-01-01'::date))
                                                         Heap Blocks: exact=52719
                                                         ->  Bitmap Index Scan on idx_orders_orderdate  (cost=0.00..25272.88 rows=2239994 width=0) (actual time=202.715..202.715 rows=2276638 loops=1)
                                                               Index Cond: ((o_orderdate >= '1993-01-01'::date) AND (o_orderdate < '1994-01-01'::date))
                                                   ->  Parallel Hash  (cost=41855.68..41855.68 rows=74999 width=38) (actual time=282.858..282.861 rows=59887 loops=5)
                                                         Buckets: 524288  Batches: 1  Memory Usage: 25312kB
                                                         ->  Hash Join  (cost=2.51..41855.68 rows=74999 width=38) (actual time=1.432..254.765 rows=59887 loops=5)
                                                               Hash Cond: (customer.c_nationkey = nation.n_nationkey)
                                                               ->  Parallel Seq Scan on customer  (cost=0.00..39696.95 rows=374995 width=8) (actual time=0.637..215.615 rows=300000 loops=5)
                                                               ->  Hash  (cost=2.45..2.45 rows=5 width=30) (actual time=0.781..0.783 rows=5 loops=5)
                                                                     Buckets: 1024  Batches: 1  Memory Usage: 9kB
                                                                     ->  Hash Join  (cost=1.07..2.45 rows=5 width=30) (actual time=0.775..0.781 rows=5 loops=5)
                                                                           Hash Cond: (nation.n_regionkey = region.r_regionkey)
                                                                           ->  Seq Scan on nation  (cost=0.00..1.25 rows=25 width=34) (actual time=0.691..0.692 rows=25 loops=5)
                                                                           ->  Hash  (cost=1.06..1.06 rows=1 width=4) (actual time=0.069..0.070 rows=1 loops=5)
                                                                                 Buckets: 1024  Batches: 1  Memory Usage: 9kB
                                                                                 ->  Seq Scan on region  (cost=0.00..1.06 rows=1 width=4) (actual time=0.066..0.067 rows=1 loops=5)
                                                                                       Filter: (r_name = 'AMERICA'::bpchar)
                                                                                       Rows Removed by Filter: 4
                                             ->  Index Scan using idx_lineitem_orderkey on lineitem  (cost=0.56..3.60 rows=4 width=20) (actual time=0.197..0.207 rows=4 loops=453399)
                                                   Index Cond: (l_orderkey = orders.o_orderkey)
                                       ->  Parallel Hash  (cost=2809.24..2809.24 rows=58824 width=8) (actual time=15.872..15.873 rows=20000 loops=5)
                                             Buckets: 131072  Batches: 1  Memory Usage: 5056kB
                                             ->  Parallel Seq Scan on supplier  (cost=0.00..2809.24 rows=58824 width=8) (actual time=0.070..9.979 rows=20000 loops=5)
 Planning Time: 23.988 ms
 Execution Time: 21818.185 ms
(50 rows)

SET
SET
SET
                                                                                              QUERY PLAN                                                                                               
-------------------------------------------------------------------------------------------------------------------------------------------------------------------------------------------------------
 Limit  (cost=757201.66..757201.66 rows=1 width=58) (actual time=2624.854..2671.695 rows=1 loops=1)
   ->  Sort  (cost=757201.66..757201.72 rows=25 width=58) (actual time=2624.853..2671.693 rows=1 loops=1)
         Sort Key: (sum((lineitem.l_extendedprice * ('1'::numeric - lineitem.l_discount)))) DESC
         Sort Method: top-N heapsort  Memory: 25kB
         ->  Finalize GroupAggregate  (cost=756964.32..757201.53 rows=25 width=58) (actual time=2615.497..2671.676 rows=5 loops=1)
               Group Key: nation.n_name
               ->  Gather Merge  (cost=756964.32..757200.47 rows=100 width=58) (actual time=2611.713..2671.637 rows=25 loops=1)
                     Workers Planned: 4
                     Workers Launched: 4
                     ->  Partial GroupAggregate  (cost=755964.27..756188.50 rows=25 width=58) (actual time=2602.252..2607.957 rows=5 loops=5)
                           Group Key: nation.n_name
                           ->  Sort  (cost=755964.27..756009.05 rows=17914 width=38) (actual time=2600.151..2600.850 rows=14407 loops=5)
                                 Sort Key: nation.n_name
                                 Sort Method: quicksort  Memory: 1488kB
                                 Worker 0:  Sort Method: quicksort  Memory: 1515kB
                                 Worker 1:  Sort Method: quicksort  Memory: 1543kB
                                 Worker 2:  Sort Method: quicksort  Memory: 1504kB
                                 Worker 3:  Sort Method: quicksort  Memory: 1499kB
                                 ->  Parallel Hash Join  (cost=72318.20..754698.75 rows=17914 width=38) (actual time=425.483..2591.426 rows=14407 loops=5)
                                       Hash Cond: ((lineitem.l_suppkey = supplier.s_suppkey) AND (customer.c_nationkey = supplier.s_nationkey))
                                       ->  Nested Loop  (cost=68626.61..748655.78 rows=447881 width=50) (actual time=407.203..2457.566 rows=363065 loops=5)
                                             ->  Parallel Hash Join  (cost=68626.04..340674.01 rows=112000 width=38) (actual time=407.154..1012.199 rows=90680 loops=5)
                                                   Hash Cond: (orders.o_custkey = customer.c_custkey)
                                                   ->  Parallel Bitmap Heap Scan on orders  (cost=25832.87..295500.85 rows=559998 width=8) (actual time=252.905..678.915 rows=455328 loops=5)
                                                         Recheck Cond: ((o_orderdate >= '1993-01-01'::date) AND (o_orderdate < '1994-01-01'::date))
                                                         Heap Blocks: exact=51618
                                                         ->  Bitmap Index Scan on idx_orders_orderdate  (cost=0.00..25272.88 rows=2239994 width=0) (actual time=192.880..192.881 rows=2276638 loops=1)
                                                               Index Cond: ((o_orderdate >= '1993-01-01'::date) AND (o_orderdate < '1994-01-01'::date))
                                                   ->  Parallel Hash  (cost=41855.68..41855.68 rows=74999 width=38) (actual time=153.674..153.678 rows=59887 loops=5)
                                                         Buckets: 524288  Batches: 1  Memory Usage: 25280kB
                                                         ->  Hash Join  (cost=2.51..41855.68 rows=74999 width=38) (actual time=0.086..125.669 rows=59887 loops=5)
                                                               Hash Cond: (customer.c_nationkey = nation.n_nationkey)
                                                               ->  Parallel Seq Scan on customer  (cost=0.00..39696.95 rows=374995 width=8) (actual time=0.034..89.022 rows=300000 loops=5)
                                                               ->  Hash  (cost=2.45..2.45 rows=5 width=30) (actual time=0.043..0.045 rows=5 loops=5)
                                                                     Buckets: 1024  Batches: 1  Memory Usage: 9kB
                                                                     ->  Hash Join  (cost=1.07..2.45 rows=5 width=30) (actual time=0.037..0.043 rows=5 loops=5)
                                                                           Hash Cond: (nation.n_regionkey = region.r_regionkey)
                                                                           ->  Seq Scan on nation  (cost=0.00..1.25 rows=25 width=34) (actual time=0.010..0.012 rows=25 loops=5)
                                                                           ->  Hash  (cost=1.06..1.06 rows=1 width=4) (actual time=0.016..0.017 rows=1 loops=5)
                                                                                 Buckets: 1024  Batches: 1  Memory Usage: 9kB
                                                                                 ->  Seq Scan on region  (cost=0.00..1.06 rows=1 width=4) (actual time=0.013..0.014 rows=1 loops=5)
                                                                                       Filter: (r_name = 'AMERICA'::bpchar)
                                                                                       Rows Removed by Filter: 4
                                             ->  Index Scan using idx_lineitem_orderkey on lineitem  (cost=0.56..3.60 rows=4 width=20) (actual time=0.014..0.015 rows=4 loops=453399)
                                                   Index Cond: (l_orderkey = orders.o_orderkey)
                                       ->  Parallel Hash  (cost=2809.24..2809.24 rows=58824 width=8) (actual time=16.536..16.536 rows=20000 loops=5)
                                             Buckets: 131072  Batches: 1  Memory Usage: 5056kB
                                             ->  Parallel Seq Scan on supplier  (cost=0.00..2809.24 rows=58824 width=8) (actual time=0.025..7.825 rows=20000 loops=5)
 Planning Time: 4.372 ms
 Execution Time: 2671.799 ms
(50 rows)

query 6 run 1
SET
SET
SET
                                                                                                                QUERY PLAN                                                                                                                 
-------------------------------------------------------------------------------------------------------------------------------------------------------------------------------------------------------------------------------------------
 Limit  (cost=1279430.59..1279430.60 rows=1 width=32) (actual time=10705.144..10751.417 rows=1 loops=1)
   ->  Finalize Aggregate  (cost=1279430.59..1279430.60 rows=1 width=32) (actual time=10705.143..10751.415 rows=1 loops=1)
         ->  Gather  (cost=1279430.15..1279430.56 rows=4 width=32) (actual time=10705.129..10751.405 rows=5 loops=1)
               Workers Planned: 4
               Workers Launched: 4
               ->  Partial Aggregate  (cost=1278430.15..1278430.16 rows=1 width=32) (actual time=10694.215..10694.216 rows=1 loops=5)
                     ->  Parallel Bitmap Heap Scan on lineitem  (cost=211254.41..1276954.56 rows=295119 width=12) (actual time=1442.156..10557.727 rows=238912 loops=5)
                           Recheck Cond: ((l_shipdate >= '1993-01-01'::date) AND (l_shipdate < '1994-01-01 00:00:00'::timestamp without time zone) AND (l_discount >= 0.06) AND (l_discount <= 0.08) AND (l_quantity < '25'::numeric))
                           Rows Removed by Index Recheck: 2744818
                           Heap Blocks: exact=80657 lossy=53964
                           ->  Bitmap Index Scan on idx_lineitem_shipdate  (cost=0.00..210959.29 rows=1180477 width=0) (actual time=1351.265..1351.265 rows=1194558 loops=1)
                                 Index Cond: ((l_shipdate >= '1993-01-01'::date) AND (l_shipdate < '1994-01-01 00:00:00'::timestamp without time zone) AND (l_discount >= 0.06) AND (l_discount <= 0.08) AND (l_quantity < '25'::numeric))
 Planning Time: 12.832 ms
 Execution Time: 10752.806 ms
(14 rows)

SET
SET
SET
                                                                                                                QUERY PLAN                                                                                                                 
-------------------------------------------------------------------------------------------------------------------------------------------------------------------------------------------------------------------------------------------
 Limit  (cost=1279430.59..1279430.60 rows=1 width=32) (actual time=3187.991..3232.534 rows=1 loops=1)
   ->  Finalize Aggregate  (cost=1279430.59..1279430.60 rows=1 width=32) (actual time=3187.990..3232.532 rows=1 loops=1)
         ->  Gather  (cost=1279430.15..1279430.56 rows=4 width=32) (actual time=3184.436..3232.514 rows=5 loops=1)
               Workers Planned: 4
               Workers Launched: 4
               ->  Partial Aggregate  (cost=1278430.15..1278430.16 rows=1 width=32) (actual time=3180.506..3180.508 rows=1 loops=5)
                     ->  Parallel Bitmap Heap Scan on lineitem  (cost=211254.41..1276954.56 rows=295119 width=12) (actual time=1285.220..3087.093 rows=238912 loops=5)
                           Recheck Cond: ((l_shipdate >= '1993-01-01'::date) AND (l_shipdate < '1994-01-01 00:00:00'::timestamp without time zone) AND (l_discount >= 0.06) AND (l_discount <= 0.08) AND (l_quantity < '25'::numeric))
                           Rows Removed by Index Recheck: 2744818
                           Heap Blocks: exact=86510 lossy=58388
                           ->  Bitmap Index Scan on idx_lineitem_shipdate  (cost=0.00..210959.29 rows=1180477 width=0) (actual time=1191.568..1191.568 rows=1194558 loops=1)
                                 Index Cond: ((l_shipdate >= '1993-01-01'::date) AND (l_shipdate < '1994-01-01 00:00:00'::timestamp without time zone) AND (l_discount >= 0.06) AND (l_discount <= 0.08) AND (l_quantity < '25'::numeric))
 Planning Time: 0.678 ms
 Execution Time: 3232.808 ms
(14 rows)

query 7 run 1
SET
SET
SET
                                                                                                      QUERY PLAN                                                                                                       
-----------------------------------------------------------------------------------------------------------------------------------------------------------------------------------------------------------------------
 Limit  (cost=1419294.35..1420342.46 rows=1 width=92) (actual time=35607.706..35612.747 rows=1 loops=1)
   ->  GroupAggregate  (cost=1419294.35..11946538.37 rows=10044 width=92) (actual time=35607.705..35612.745 rows=1 loops=1)
         Group Key: n1.n_name, n2.n_name, date_part('year'::text, (lineitem.l_shipdate)::timestamp without time zone)
         ->  Nested Loop  (cost=1419294.35..11945455.38 rows=60481 width=72) (actual time=8686.431..35582.210 rows=14421 loops=1)
               Join Filter: (n2.n_nationkey = customer.c_nationkey)
               Rows Removed by Join Filter: 349028
               ->  Nested Loop  (cost=1419293.92..6769857.22 rows=1512018 width=76) (actual time=8670.500..29918.987 rows=363449 loops=1)
                     ->  Gather Merge  (cost=1419293.49..1600334.42 rows=1512018 width=76) (actual time=8669.333..9047.029 rows=363449 loops=1)
                           Workers Planned: 4
                           Workers Launched: 4
                           ->  Sort  (cost=1418293.43..1419238.44 rows=378004 width=76) (actual time=8642.157..8680.459 rows=73084 loops=5)
                                 Sort Key: n1.n_name, n2.n_name, (date_part('year'::text, (lineitem.l_shipdate)::timestamp without time zone))
                                 Sort Method: external merge  Disk: 28384kB
                                 Worker 0:  Sort Method: external merge  Disk: 26800kB
                                 Worker 1:  Sort Method: external merge  Disk: 27784kB
                                 Worker 2:  Sort Method: external merge  Disk: 27272kB
                                 Worker 3:  Sort Method: external merge  Disk: 29360kB
                                 ->  Parallel Hash Join  (cost=3140.96..1372477.31 rows=378004 width=76) (actual time=13.631..8377.110 rows=291139 loops=5)
                                       Hash Cond: (lineitem.l_suppkey = supplier.s_suppkey)
                                       ->  Parallel Seq Scan on lineitem  (cost=0.00..1350081.88 rows=4541579 width=24) (actual time=0.896..7772.398 rows=3646065 loops=5)
                                             Filter: ((l_shipdate >= '1995-01-01'::date) AND (l_shipdate <= '1996-12-31'::date))
                                             Rows Removed by Filter: 8351145
                                       ->  Parallel Hash  (cost=3079.76..3079.76 rows=4896 width=60) (actual time=11.722..11.724 rows=1596 loops=5)
                                             Buckets: 16384  Batches: 1  Memory Usage: 928kB
                                             ->  Hash Join  (cost=2.87..3079.76 rows=4896 width=60) (actual time=0.132..11.111 rows=1596 loops=5)
                                                   Hash Cond: (supplier.s_nationkey = n1.n_nationkey)
                                                   ->  Parallel Seq Scan on supplier  (cost=0.00..2809.24 rows=58824 width=8) (actual time=0.063..8.717 rows=20000 loops=5)
                                                   ->  Hash  (cost=2.84..2.84 rows=2 width=60) (actual time=0.062..0.063 rows=2 loops=5)
                                                         Buckets: 1024  Batches: 1  Memory Usage: 9kB
                                                         ->  Nested Loop  (cost=0.00..2.84 rows=2 width=60) (actual time=0.053..0.059 rows=2 loops=5)
                                                               Join Filter: (((n1.n_name = 'PERU'::bpchar) AND (n2.n_name = 'MOROCCO'::bpchar)) OR ((n1.n_name = 'MOROCCO'::bpchar) AND (n2.n_name = 'PERU'::bpchar)))
                                                               Rows Removed by Join Filter: 2
                                                               ->  Seq Scan on nation n1  (cost=0.00..1.38 rows=2 width=30) (actual time=0.043..0.045 rows=2 loops=5)
                                                                     Filter: ((n_name = 'PERU'::bpchar) OR (n_name = 'MOROCCO'::bpchar))
                                                                     Rows Removed by Filter: 23
                                                               ->  Materialize  (cost=0.00..1.39 rows=2 width=30) (actual time=0.003..0.005 rows=2 loops=10)
                                                                     ->  Seq Scan on nation n2  (cost=0.00..1.38 rows=2 width=30) (actual time=0.004..0.006 rows=2 loops=5)
                                                                           Filter: ((n_name = 'MOROCCO'::bpchar) OR (n_name = 'PERU'::bpchar))
                                                                           Rows Removed by Filter: 23
                     ->  Index Scan using orders_pkey on orders  (cost=0.43..3.42 rows=1 width=8) (actual time=0.057..0.057 rows=1 loops=363449)
                           Index Cond: (o_orderkey = lineitem.l_orderkey)
               ->  Index Scan using customer_pkey on customer  (cost=0.43..3.41 rows=1 width=8) (actual time=0.015..0.015 rows=1 loops=363449)
                     Index Cond: (c_custkey = orders.o_custkey)
 Planning Time: 22.859 ms
 Execution Time: 35617.033 ms
(45 rows)

SET
SET
SET
                                                                                                      QUERY PLAN                                                                                                       
-----------------------------------------------------------------------------------------------------------------------------------------------------------------------------------------------------------------------
 Limit  (cost=1419294.35..1420342.46 rows=1 width=92) (actual time=5790.095..5795.983 rows=1 loops=1)
   ->  GroupAggregate  (cost=1419294.35..11946538.37 rows=10044 width=92) (actual time=5790.094..5795.981 rows=1 loops=1)
         Group Key: n1.n_name, n2.n_name, date_part('year'::text, (lineitem.l_shipdate)::timestamp without time zone)
         ->  Nested Loop  (cost=1419294.35..11945455.38 rows=60481 width=72) (actual time=3499.974..5782.851 rows=14421 loops=1)
               Join Filter: (n2.n_nationkey = customer.c_nationkey)
               Rows Removed by Join Filter: 349036
               ->  Nested Loop  (cost=1419293.92..6769857.22 rows=1512018 width=76) (actual time=3499.324..4753.491 rows=363457 loops=1)
                     ->  Gather Merge  (cost=1419293.49..1600334.42 rows=1512018 width=76) (actual time=3499.272..3669.977 rows=363457 loops=1)
                           Workers Planned: 4
                           Workers Launched: 4
                           ->  Sort  (cost=1418293.43..1419238.44 rows=378004 width=76) (actual time=3477.472..3501.636 rows=73114 loops=5)
                                 Sort Key: n1.n_name, n2.n_name, (date_part('year'::text, (lineitem.l_shipdate)::timestamp without time zone))
                                 Sort Method: external merge  Disk: 26736kB
                                 Worker 0:  Sort Method: external merge  Disk: 28352kB
                                 Worker 1:  Sort Method: external merge  Disk: 28696kB
                                 Worker 2:  Sort Method: external merge  Disk: 28568kB
                                 Worker 3:  Sort Method: external merge  Disk: 27256kB
                                 ->  Parallel Hash Join  (cost=3140.96..1372477.31 rows=378004 width=76) (actual time=13.926..3155.908 rows=291139 loops=5)
                                       Hash Cond: (lineitem.l_suppkey = supplier.s_suppkey)
                                       ->  Parallel Seq Scan on lineitem  (cost=0.00..1350081.88 rows=4541579 width=24) (actual time=0.172..2555.869 rows=3646065 loops=5)
                                             Filter: ((l_shipdate >= '1995-01-01'::date) AND (l_shipdate <= '1996-12-31'::date))
                                             Rows Removed by Filter: 8351145
                                       ->  Parallel Hash  (cost=3079.76..3079.76 rows=4896 width=60) (actual time=12.637..12.640 rows=1596 loops=5)
                                             Buckets: 16384  Batches: 1  Memory Usage: 960kB
                                             ->  Hash Join  (cost=2.87..3079.76 rows=4896 width=60) (actual time=0.071..11.659 rows=1596 loops=5)
                                                   Hash Cond: (supplier.s_nationkey = n1.n_nationkey)
                                                   ->  Parallel Seq Scan on supplier  (cost=0.00..2809.24 rows=58824 width=8) (actual time=0.031..9.150 rows=20000 loops=5)
                                                   ->  Hash  (cost=2.84..2.84 rows=2 width=60) (actual time=0.034..0.035 rows=2 loops=5)
                                                         Buckets: 1024  Batches: 1  Memory Usage: 9kB
                                                         ->  Nested Loop  (cost=0.00..2.84 rows=2 width=60) (actual time=0.024..0.030 rows=2 loops=5)
                                                               Join Filter: (((n1.n_name = 'PERU'::bpchar) AND (n2.n_name = 'MOROCCO'::bpchar)) OR ((n1.n_name = 'MOROCCO'::bpchar) AND (n2.n_name = 'PERU'::bpchar)))
                                                               Rows Removed by Join Filter: 2
                                                               ->  Seq Scan on nation n1  (cost=0.00..1.38 rows=2 width=30) (actual time=0.013..0.015 rows=2 loops=5)
                                                                     Filter: ((n_name = 'PERU'::bpchar) OR (n_name = 'MOROCCO'::bpchar))
                                                                     Rows Removed by Filter: 23
                                                               ->  Materialize  (cost=0.00..1.39 rows=2 width=30) (actual time=0.003..0.005 rows=2 loops=10)
                                                                     ->  Seq Scan on nation n2  (cost=0.00..1.38 rows=2 width=30) (actual time=0.004..0.007 rows=2 loops=5)
                                                                           Filter: ((n_name = 'MOROCCO'::bpchar) OR (n_name = 'PERU'::bpchar))
                                                                           Rows Removed by Filter: 23
                     ->  Index Scan using orders_pkey on orders  (cost=0.43..3.42 rows=1 width=8) (actual time=0.003..0.003 rows=1 loops=363457)
                           Index Cond: (o_orderkey = lineitem.l_orderkey)
               ->  Index Scan using customer_pkey on customer  (cost=0.43..3.41 rows=1 width=8) (actual time=0.002..0.003 rows=1 loops=363457)
                     Index Cond: (c_custkey = orders.o_custkey)
 Planning Time: 2.985 ms
 Execution Time: 5799.682 ms
(45 rows)

query 8 run 1
SET
SET
SET
                                                                                         QUERY PLAN                                                                                          
---------------------------------------------------------------------------------------------------------------------------------------------------------------------------------------------
 Limit  (cost=386351.45..392965.65 rows=1 width=40) (actual time=53148.046..53154.371 rows=1 loops=1)
   ->  GroupAggregate  (cost=386351.45..16300121.97 rows=2406 width=40) (actual time=53148.045..53154.369 rows=1 loops=1)
         Group Key: date_part('year'::text, (orders.o_orderdate)::timestamp without time zone)
         ->  Nested Loop  (cost=386351.45..16299584.96 rows=24144 width=46) (actual time=2352.356..53124.172 rows=11818 loops=1)
               Join Filter: (supplier.s_nationkey = n2.n_nationkey)
               Rows Removed by Join Filter: 142659
               ->  Nested Loop  (cost=386351.45..16290743.31 rows=24144 width=20) (actual time=2352.341..53077.640 rows=11818 loops=1)
                     ->  Nested Loop  (cost=386351.16..16211759.19 rows=24144 width=20) (actual time=2352.055..52800.599 rows=11818 loops=1)
                           ->  Nested Loop  (cost=386350.73..3806117.68 rows=3633945 width=24) (actual time=2300.307..40653.913 rows=1816504 loops=1)
                                 ->  Gather Merge  (cost=386350.16..495156.14 rows=908726 width=8) (actual time=2299.246..2563.943 rows=454508 loops=1)
                                       Workers Planned: 4
                                       Workers Launched: 4
                                       ->  Sort  (cost=385350.10..385918.06 rows=227182 width=8) (actual time=2290.298..2299.878 rows=91832 loops=5)
                                             Sort Key: (date_part('year'::text, (orders.o_orderdate)::timestamp without time zone))
                                             Sort Method: quicksort  Memory: 13305kB
                                             Worker 0:  Sort Method: quicksort  Memory: 15097kB
                                             Worker 1:  Sort Method: quicksort  Memory: 15150kB
                                             Worker 2:  Sort Method: quicksort  Memory: 15252kB
                                             Worker 3:  Sort Method: quicksort  Memory: 14592kB
                                             ->  Parallel Hash Join  (cost=42793.17..365138.30 rows=227182 width=8) (actual time=262.664..2256.653 rows=182072 loops=5)
                                                   Hash Cond: (orders.o_custkey = customer.c_custkey)
                                                   ->  Parallel Seq Scan on orders  (cost=0.00..317517.53 rows=1135907 width=12) (actual time=0.472..1725.736 rows=911503 loops=5)
                                                         Filter: ((o_orderdate >= '1995-01-01'::date) AND (o_orderdate <= '1996-12-31'::date))
                                                         Rows Removed by Filter: 2088497
                                                   ->  Parallel Hash  (cost=41855.68..41855.68 rows=74999 width=4) (actual time=260.743..260.746 rows=59887 loops=5)
                                                         Buckets: 524288  Batches: 1  Memory Usage: 15872kB
                                                         ->  Hash Join  (cost=2.51..41855.68 rows=74999 width=4) (actual time=0.209..242.081 rows=59887 loops=5)
                                                               Hash Cond: (customer.c_nationkey = n1.n_nationkey)
                                                               ->  Parallel Seq Scan on customer  (cost=0.00..39696.95 rows=374995 width=8) (actual time=0.108..204.074 rows=300000 loops=5)
                                                               ->  Hash  (cost=2.45..2.45 rows=5 width=4) (actual time=0.094..0.096 rows=5 loops=5)
                                                                     Buckets: 1024  Batches: 1  Memory Usage: 9kB
                                                                     ->  Hash Join  (cost=1.07..2.45 rows=5 width=4) (actual time=0.089..0.095 rows=5 loops=5)
                                                                           Hash Cond: (n1.n_regionkey = region.r_regionkey)
                                                                           ->  Seq Scan on nation n1  (cost=0.00..1.25 rows=25 width=8) (actual time=0.038..0.040 rows=25 loops=5)
                                                                           ->  Hash  (cost=1.06..1.06 rows=1 width=4) (actual time=0.046..0.047 rows=1 loops=5)
                                                                                 Buckets: 1024  Batches: 1  Memory Usage: 9kB
                                                                                 ->  Seq Scan on region  (cost=0.00..1.06 rows=1 width=4) (actual time=0.043..0.044 rows=1 loops=5)
                                                                                       Filter: (r_name = 'AMERICA'::bpchar)
                                                                                       Rows Removed by Filter: 4
                                 ->  Index Scan using idx_lineitem_orderkey on lineitem  (cost=0.56..3.60 rows=4 width=24) (actual time=0.077..0.082 rows=4 loops=454508)
                                       Index Cond: (l_orderkey = orders.o_orderkey)
                           ->  Index Scan using part_pkey on part  (cost=0.43..3.41 rows=1 width=4) (actual time=0.006..0.006 rows=0 loops=1816504)
                                 Index Cond: (p_partkey = lineitem.l_partkey)
                                 Filter: ((p_type)::text = 'LARGE POLISHED BRASS'::text)
                                 Rows Removed by Filter: 1
                     ->  Index Scan using supplier_pkey on supplier  (cost=0.29..3.27 rows=1 width=8) (actual time=0.023..0.023 rows=1 loops=11818)
                           Index Cond: (s_suppkey = lineitem.l_suppkey)
               ->  Materialize  (cost=0.00..1.38 rows=25 width=30) (actual time=0.000..0.001 rows=13 loops=11818)
                     ->  Seq Scan on nation n2  (cost=0.00..1.25 rows=25 width=30) (actual time=0.006..0.015 rows=25 loops=1)
 Planning Time: 29.364 ms
 Execution Time: 53155.471 ms
(51 rows)

SET
SET
SET
                                                                                         QUERY PLAN                                                                                         
--------------------------------------------------------------------------------------------------------------------------------------------------------------------------------------------
 Limit  (cost=386351.45..392965.65 rows=1 width=40) (actual time=9363.506..9370.274 rows=1 loops=1)
   ->  GroupAggregate  (cost=386351.45..16300121.97 rows=2406 width=40) (actual time=9363.505..9370.272 rows=1 loops=1)
         Group Key: date_part('year'::text, (orders.o_orderdate)::timestamp without time zone)
         ->  Nested Loop  (cost=386351.45..16299584.96 rows=24144 width=46) (actual time=1037.620..9357.024 rows=11818 loops=1)
               Join Filter: (supplier.s_nationkey = n2.n_nationkey)
               Rows Removed by Join Filter: 142658
               ->  Nested Loop  (cost=386351.45..16290743.31 rows=24144 width=20) (actual time=1037.599..9330.703 rows=11818 loops=1)
                     ->  Nested Loop  (cost=386351.16..16211759.19 rows=24144 width=20) (actual time=1037.586..9288.096 rows=11818 loops=1)
                           ->  Nested Loop  (cost=386350.73..3806117.68 rows=3633945 width=24) (actual time=1037.164..4098.758 rows=1816944 loops=1)
                                 ->  Gather Merge  (cost=386350.16..495156.14 rows=908726 width=8) (actual time=1037.094..1171.630 rows=454615 loops=1)
                                       Workers Planned: 4
                                       Workers Launched: 4
                                       ->  Sort  (cost=385350.10..385918.06 rows=227182 width=8) (actual time=1030.527..1037.499 rows=91866 loops=5)
                                             Sort Key: (date_part('year'::text, (orders.o_orderdate)::timestamp without time zone))
                                             Sort Method: quicksort  Memory: 15267kB
                                             Worker 0:  Sort Method: quicksort  Memory: 14818kB
                                             Worker 1:  Sort Method: quicksort  Memory: 14809kB
                                             Worker 2:  Sort Method: quicksort  Memory: 13841kB
                                             Worker 3:  Sort Method: quicksort  Memory: 14661kB
                                             ->  Parallel Hash Join  (cost=42793.17..365138.30 rows=227182 width=8) (actual time=153.051..995.759 rows=182072 loops=5)
                                                   Hash Cond: (orders.o_custkey = customer.c_custkey)
                                                   ->  Parallel Seq Scan on orders  (cost=0.00..317517.53 rows=1135907 width=12) (actual time=0.036..537.329 rows=911503 loops=5)
                                                         Filter: ((o_orderdate >= '1995-01-01'::date) AND (o_orderdate <= '1996-12-31'::date))
                                                         Rows Removed by Filter: 2088497
                                                   ->  Parallel Hash  (cost=41855.68..41855.68 rows=74999 width=4) (actual time=151.682..151.685 rows=59887 loops=5)
                                                         Buckets: 524288  Batches: 1  Memory Usage: 15936kB
                                                         ->  Hash Join  (cost=2.51..41855.68 rows=74999 width=4) (actual time=0.068..132.501 rows=59887 loops=5)
                                                               Hash Cond: (customer.c_nationkey = n1.n_nationkey)
                                                               ->  Parallel Seq Scan on customer  (cost=0.00..39696.95 rows=374995 width=8) (actual time=0.023..91.354 rows=300000 loops=5)
                                                               ->  Hash  (cost=2.45..2.45 rows=5 width=4) (actual time=0.039..0.041 rows=5 loops=5)
                                                                     Buckets: 1024  Batches: 1  Memory Usage: 9kB
                                                                     ->  Hash Join  (cost=1.07..2.45 rows=5 width=4) (actual time=0.034..0.040 rows=5 loops=5)
                                                                           Hash Cond: (n1.n_regionkey = region.r_regionkey)
                                                                           ->  Seq Scan on nation n1  (cost=0.00..1.25 rows=25 width=8) (actual time=0.012..0.014 rows=25 loops=5)
                                                                           ->  Hash  (cost=1.06..1.06 rows=1 width=4) (actual time=0.017..0.018 rows=1 loops=5)
                                                                                 Buckets: 1024  Batches: 1  Memory Usage: 9kB
                                                                                 ->  Seq Scan on region  (cost=0.00..1.06 rows=1 width=4) (actual time=0.014..0.015 rows=1 loops=5)
                                                                                       Filter: (r_name = 'AMERICA'::bpchar)
                                                                                       Rows Removed by Filter: 4
                                 ->  Index Scan using idx_lineitem_orderkey on lineitem  (cost=0.56..3.60 rows=4 width=24) (actual time=0.005..0.006 rows=4 loops=454615)
                                       Index Cond: (l_orderkey = orders.o_orderkey)
                           ->  Index Scan using part_pkey on part  (cost=0.43..3.41 rows=1 width=4) (actual time=0.003..0.003 rows=0 loops=1816944)
                                 Index Cond: (p_partkey = lineitem.l_partkey)
                                 Filter: ((p_type)::text = 'LARGE POLISHED BRASS'::text)
                                 Rows Removed by Filter: 1
                     ->  Index Scan using supplier_pkey on supplier  (cost=0.29..3.27 rows=1 width=8) (actual time=0.003..0.003 rows=1 loops=11818)
                           Index Cond: (s_suppkey = lineitem.l_suppkey)
               ->  Materialize  (cost=0.00..1.38 rows=25 width=30) (actual time=0.000..0.001 rows=13 loops=11818)
                     ->  Seq Scan on nation n2  (cost=0.00..1.25 rows=25 width=30) (actual time=0.005..0.008 rows=25 loops=1)
 Planning Time: 4.795 ms
 Execution Time: 9370.384 ms
(51 rows)

query 9 run 1
SET
SET
SET
                                                                                            QUERY PLAN                                                                                            
--------------------------------------------------------------------------------------------------------------------------------------------------------------------------------------------------
 Limit  (cost=408888.39..409006.21 rows=1 width=66) (actual time=44448.209..44463.289 rows=1 loops=1)
   ->  GroupAggregate  (cost=408888.39..7496273.91 rows=60150 width=66) (actual time=44448.208..44463.287 rows=1 loops=1)
         Group Key: nation.n_name, (date_part('year'::text, (orders.o_orderdate)::timestamp without time zone))
         ->  Incremental Sort  (cost=408888.39..7463411.83 rows=1817683 width=57) (actual time=44439.588..44455.781 rows=11401 loops=1)
               Sort Key: nation.n_name, (date_part('year'::text, (orders.o_orderdate)::timestamp without time zone)) DESC
               Presorted Key: nation.n_name
               Full-sort Groups: 1  Sort Method: quicksort  Average Memory: 34kB  Peak Memory: 34kB
               Pre-sorted Groups: 1  Sort Method: quicksort  Average Memory: 21136kB  Peak Memory: 21136kB
               ->  Nested Loop  (cost=115991.31..7210279.31 rows=1817683 width=57) (actual time=2854.892..44261.085 rows=128453 loops=1)
                     ->  Nested Loop  (cost=115990.88..979961.38 rows=1817683 width=53) (actual time=2853.647..23989.837 rows=128453 loops=1)
                           Join Filter: (supplier.s_suppkey = lineitem.l_suppkey)
                           ->  Gather Merge  (cost=115990.44..145024.41 rows=242486 width=48) (actual time=2852.493..2890.303 rows=17183 loops=1)
                                 Workers Planned: 4
                                 Workers Launched: 4
                                 ->  Sort  (cost=114990.38..115141.93 rows=60622 width=48) (actual time=2832.347..2832.998 rows=3947 loops=5)
                                       Sort Key: nation.n_name
                                       Sort Method: quicksort  Memory: 15135kB
                                       Worker 0:  Sort Method: quicksort  Memory: 15221kB
                                       Worker 1:  Sort Method: quicksort  Memory: 15234kB
                                       Worker 2:  Sort Method: quicksort  Memory: 15444kB
                                       Worker 3:  Sort Method: quicksort  Memory: 15255kB
                                       ->  Hash Join  (cost=3546.53..110174.70 rows=60622 width=48) (actual time=17.996..2753.451 rows=86650 loops=5)
                                             Hash Cond: (supplier.s_nationkey = nation.n_nationkey)
                                             ->  Parallel Hash Join  (cost=3544.97..109987.03 rows=60622 width=26) (actual time=17.873..2731.168 rows=86650 loops=5)
                                                   Hash Cond: (partsupp.ps_suppkey = supplier.s_suppkey)
                                                   ->  Nested Loop  (cost=0.43..106283.35 rows=60622 width=18) (actual time=1.108..2664.233 rows=86650 loops=5)
                                                         ->  Parallel Seq Scan on part  (cost=0.00..47231.01 rows=15152 width=4) (actual time=0.685..269.955 rows=21662 loops=5)
                                                               Filter: ((p_name)::text ~~ '%navy%'::text)
                                                               Rows Removed by Filter: 378338
                                                         ->  Index Scan using idx_partsupp_partkey on partsupp  (cost=0.43..3.72 rows=18 width=14) (actual time=0.105..0.109 rows=4 loops=108312)
                                                               Index Cond: (ps_partkey = part.p_partkey)
                                                   ->  Parallel Hash  (cost=2809.24..2809.24 rows=58824 width=8) (actual time=16.414..16.415 rows=20000 loops=5)
                                                         Buckets: 131072  Batches: 1  Memory Usage: 5056kB
                                                         ->  Parallel Seq Scan on supplier  (cost=0.00..2809.24 rows=58824 width=8) (actual time=0.067..10.588 rows=20000 loops=5)
                                             ->  Hash  (cost=1.25..1.25 rows=25 width=30) (actual time=0.051..0.051 rows=25 loops=5)
                                                   Buckets: 1024  Batches: 1  Memory Usage: 10kB
                                                   ->  Seq Scan on nation  (cost=0.00..1.25 rows=25 width=30) (actual time=0.043..0.046 rows=25 loops=5)
                           ->  Index Scan using idx_lineitem_part_supp on lineitem  (cost=0.44..3.43 rows=1 width=29) (actual time=0.282..1.220 rows=7 loops=17183)
                                 Index Cond: ((l_partkey = partsupp.ps_partkey) AND (l_suppkey = partsupp.ps_suppkey))
                     ->  Index Scan using orders_pkey on orders  (cost=0.43..3.42 rows=1 width=8) (actual time=0.155..0.155 rows=1 loops=128453)
                           Index Cond: (o_orderkey = lineitem.l_orderkey)
 Planning Time: 28.386 ms
 Execution Time: 44463.660 ms
(43 rows)

SET
SET
SET
                                                                                            QUERY PLAN                                                                                            
--------------------------------------------------------------------------------------------------------------------------------------------------------------------------------------------------
 Limit  (cost=408888.39..409006.21 rows=1 width=66) (actual time=2119.893..2140.536 rows=1 loops=1)
   ->  GroupAggregate  (cost=408888.39..7496273.91 rows=60150 width=66) (actual time=2119.892..2140.534 rows=1 loops=1)
         Group Key: nation.n_name, (date_part('year'::text, (orders.o_orderdate)::timestamp without time zone))
         ->  Incremental Sort  (cost=408888.39..7463411.83 rows=1817683 width=57) (actual time=2111.316..2133.032 rows=11401 loops=1)
               Sort Key: nation.n_name, (date_part('year'::text, (orders.o_orderdate)::timestamp without time zone)) DESC
               Presorted Key: nation.n_name
               Full-sort Groups: 1  Sort Method: quicksort  Average Memory: 34kB  Peak Memory: 34kB
               Pre-sorted Groups: 1  Sort Method: quicksort  Average Memory: 21136kB  Peak Memory: 21136kB
               ->  Nested Loop  (cost=115991.31..7210279.31 rows=1817683 width=57) (actual time=597.463..2069.348 rows=128453 loops=1)
                     ->  Nested Loop  (cost=115990.88..979961.38 rows=1817683 width=53) (actual time=597.443..1201.768 rows=128453 loops=1)
                           Join Filter: (supplier.s_suppkey = lineitem.l_suppkey)
                           ->  Gather Merge  (cost=115990.44..145024.41 rows=242486 width=48) (actual time=597.390..627.360 rows=17183 loops=1)
                                 Workers Planned: 4
                                 Workers Launched: 4
                                 ->  Sort  (cost=114990.38..115141.93 rows=60622 width=48) (actual time=580.567..581.097 rows=3960 loops=5)
                                       Sort Key: nation.n_name
                                       Sort Method: quicksort  Memory: 16129kB
                                       Worker 0:  Sort Method: quicksort  Memory: 15493kB
                                       Worker 1:  Sort Method: quicksort  Memory: 15904kB
                                       Worker 2:  Sort Method: quicksort  Memory: 14761kB
                                       Worker 3:  Sort Method: quicksort  Memory: 14001kB
                                       ->  Hash Join  (cost=3546.53..110174.70 rows=60622 width=48) (actual time=18.701..508.300 rows=86650 loops=5)
                                             Hash Cond: (supplier.s_nationkey = nation.n_nationkey)
                                             ->  Parallel Hash Join  (cost=3544.97..109987.03 rows=60622 width=26) (actual time=18.604..487.292 rows=86650 loops=5)
                                                   Hash Cond: (partsupp.ps_suppkey = supplier.s_suppkey)
                                                   ->  Nested Loop  (cost=0.43..106283.35 rows=60622 width=18) (actual time=0.070..423.378 rows=86650 loops=5)
                                                         ->  Parallel Seq Scan on part  (cost=0.00..47231.01 rows=15152 width=4) (actual time=0.038..157.140 rows=21662 loops=5)
                                                               Filter: ((p_name)::text ~~ '%navy%'::text)
                                                               Rows Removed by Filter: 378338
                                                         ->  Index Scan using idx_partsupp_partkey on partsupp  (cost=0.43..3.72 rows=18 width=14) (actual time=0.010..0.011 rows=4 loops=108312)
                                                               Index Cond: (ps_partkey = part.p_partkey)
                                                   ->  Parallel Hash  (cost=2809.24..2809.24 rows=58824 width=8) (actual time=16.930..16.931 rows=20000 loops=5)
                                                         Buckets: 131072  Batches: 1  Memory Usage: 5056kB
                                                         ->  Parallel Seq Scan on supplier  (cost=0.00..2809.24 rows=58824 width=8) (actual time=0.034..8.776 rows=20000 loops=5)
                                             ->  Hash  (cost=1.25..1.25 rows=25 width=30) (actual time=0.021..0.022 rows=25 loops=5)
                                                   Buckets: 1024  Batches: 1  Memory Usage: 10kB
                                                   ->  Seq Scan on nation  (cost=0.00..1.25 rows=25 width=30) (actual time=0.012..0.016 rows=25 loops=5)
                           ->  Index Scan using idx_lineitem_part_supp on lineitem  (cost=0.44..3.43 rows=1 width=29) (actual time=0.009..0.031 rows=7 loops=17183)
                                 Index Cond: ((l_partkey = partsupp.ps_partkey) AND (l_suppkey = partsupp.ps_suppkey))
                     ->  Index Scan using orders_pkey on orders  (cost=0.43..3.42 rows=1 width=8) (actual time=0.006..0.006 rows=1 loops=128453)
                           Index Cond: (o_orderkey = lineitem.l_orderkey)
 Planning Time: 5.063 ms
 Execution Time: 2140.632 ms
(43 rows)

query 10 run 1
SET
SET
SET
                                                                                            QUERY PLAN                                                                                            
--------------------------------------------------------------------------------------------------------------------------------------------------------------------------------------------------
 Limit  (cost=937577.16..937577.21 rows=20 width=202) (actual time=21258.773..21306.255 rows=20 loops=1)
   ->  Sort  (cost=937577.16..938985.84 rows=563471 width=202) (actual time=21258.771..21306.251 rows=20 loops=1)
         Sort Key: (sum((lineitem.l_extendedprice * ('1'::numeric - lineitem.l_discount)))) DESC
         Sort Method: top-N heapsort  Memory: 33kB
         ->  GroupAggregate  (cost=841029.63..922583.40 rows=563471 width=202) (actual time=20179.449..21182.623 rows=381205 loops=1)
               Group Key: customer.c_custkey, nation.n_name
               ->  Gather Merge  (cost=841029.63..908496.63 rows=563471 width=182) (actual time=20179.431..20448.131 rows=1145402 loops=1)
                     Workers Planned: 4
                     Workers Launched: 4
                     ->  Sort  (cost=840029.57..840381.74 rows=140868 width=182) (actual time=20161.482..20191.749 rows=229080 loops=5)
                           Sort Key: customer.c_custkey, nation.n_name
                           Sort Method: external merge  Disk: 42496kB
                           Worker 0:  Sort Method: external merge  Disk: 51328kB
                           Worker 1:  Sort Method: external merge  Disk: 36568kB
                           Worker 2:  Sort Method: external merge  Disk: 45720kB
                           Worker 3:  Sort Method: external merge  Disk: 42432kB
                           ->  Hash Join  (cost=784688.50..827982.55 rows=140868 width=182) (actual time=19667.976..20007.215 rows=229080 loops=5)
                                 Hash Cond: (customer.c_nationkey = nation.n_nationkey)
                                 ->  Parallel Hash Join  (cost=784686.93..827548.52 rows=140868 width=160) (actual time=19667.853..19961.722 rows=229080 loops=5)
                                       Hash Cond: (customer.c_custkey = orders.o_custkey)
                                       ->  Parallel Seq Scan on customer  (cost=0.00..39696.95 rows=374995 width=148) (actual time=0.479..134.874 rows=300000 loops=5)
                                       ->  Parallel Hash  (cost=782926.08..782926.08 rows=140868 width=16) (actual time=19666.216..19666.217 rows=229080 loops=5)
                                             Buckets: 2097152 (originally 1048576)  Batches: 1 (originally 1)  Memory Usage: 85152kB
                                             ->  Nested Loop  (cost=6534.24..782926.08 rows=140868 width=16) (actual time=139.201..19492.760 rows=229080 loops=5)
                                                   ->  Parallel Bitmap Heap Scan on orders  (cost=6533.68..269925.73 rows=141604 width=8) (actual time=138.637..2238.241 rows=114632 loops=5)
                                                         Recheck Cond: ((o_orderdate >= '1994-08-01'::date) AND (o_orderdate < '1994-11-01'::date))
                                                         Heap Blocks: exact=46605
                                                         ->  Bitmap Index Scan on idx_orders_orderdate  (cost=0.00..6392.08 rows=566414 width=0) (actual time=87.910..87.911 rows=573160 loops=1)
                                                               Index Cond: ((o_orderdate >= '1994-08-01'::date) AND (o_orderdate < '1994-11-01'::date))
                                                   ->  Index Scan using idx_lineitem_orderkey on lineitem  (cost=0.56..3.61 rows=1 width=16) (actual time=0.144..0.149 rows=2 loops=573160)
                                                         Index Cond: (l_orderkey = orders.o_orderkey)
                                                         Filter: (l_returnflag = 'R'::bpchar)
                                                         Rows Removed by Filter: 2
                                 ->  Hash  (cost=1.25..1.25 rows=25 width=30) (actual time=0.051..0.051 rows=25 loops=5)
                                       Buckets: 1024  Batches: 1  Memory Usage: 10kB
                                       ->  Seq Scan on nation  (cost=0.00..1.25 rows=25 width=30) (actual time=0.039..0.042 rows=25 loops=5)
 Planning Time: 21.467 ms
 Execution Time: 21313.250 ms
(38 rows)

SET
SET
SET
                                                                                            QUERY PLAN                                                                                            
--------------------------------------------------------------------------------------------------------------------------------------------------------------------------------------------------
 Limit  (cost=937577.16..937577.21 rows=20 width=202) (actual time=3811.461..3854.698 rows=20 loops=1)
   ->  Sort  (cost=937577.16..938985.84 rows=563471 width=202) (actual time=3811.460..3854.694 rows=20 loops=1)
         Sort Key: (sum((lineitem.l_extendedprice * ('1'::numeric - lineitem.l_discount)))) DESC
         Sort Method: top-N heapsort  Memory: 33kB
         ->  GroupAggregate  (cost=841029.63..922583.40 rows=563471 width=202) (actual time=2732.919..3732.003 rows=381205 loops=1)
               Group Key: customer.c_custkey, nation.n_name
               ->  Gather Merge  (cost=841029.63..908496.63 rows=563471 width=182) (actual time=2732.901..3001.430 rows=1145402 loops=1)
                     Workers Planned: 4
                     Workers Launched: 4
                     ->  Sort  (cost=840029.57..840381.74 rows=140868 width=182) (actual time=2719.295..2749.552 rows=229080 loops=5)
                           Sort Key: customer.c_custkey, nation.n_name
                           Sort Method: external merge  Disk: 49368kB
                           Worker 0:  Sort Method: external merge  Disk: 42432kB
                           Worker 1:  Sort Method: external merge  Disk: 44504kB
                           Worker 2:  Sort Method: external merge  Disk: 42424kB
                           Worker 3:  Sort Method: external merge  Disk: 39816kB
                           ->  Hash Join  (cost=784688.50..827982.55 rows=140868 width=182) (actual time=2298.472..2576.506 rows=229080 loops=5)
                                 Hash Cond: (customer.c_nationkey = nation.n_nationkey)
                                 ->  Parallel Hash Join  (cost=784686.93..827548.52 rows=140868 width=160) (actual time=2298.350..2527.201 rows=229080 loops=5)
                                       Hash Cond: (customer.c_custkey = orders.o_custkey)
                                       ->  Parallel Seq Scan on customer  (cost=0.00..39696.95 rows=374995 width=148) (actual time=0.028..59.354 rows=300000 loops=5)
                                       ->  Parallel Hash  (cost=782926.08..782926.08 rows=140868 width=16) (actual time=2296.280..2296.282 rows=229080 loops=5)
                                             Buckets: 2097152 (originally 1048576)  Batches: 1 (originally 1)  Memory Usage: 85248kB
                                             ->  Nested Loop  (cost=6534.24..782926.08 rows=140868 width=16) (actual time=135.575..2172.332 rows=229080 loops=5)
                                                   ->  Parallel Bitmap Heap Scan on orders  (cost=6533.68..269925.73 rows=141604 width=8) (actual time=135.490..493.310 rows=114632 loops=5)
                                                         Recheck Cond: ((o_orderdate >= '1994-08-01'::date) AND (o_orderdate < '1994-11-01'::date))
                                                         Heap Blocks: exact=49658
                                                         ->  Bitmap Index Scan on idx_orders_orderdate  (cost=0.00..6392.08 rows=566414 width=0) (actual time=83.749..83.749 rows=573160 loops=1)
                                                               Index Cond: ((o_orderdate >= '1994-08-01'::date) AND (o_orderdate < '1994-11-01'::date))
                                                   ->  Index Scan using idx_lineitem_orderkey on lineitem  (cost=0.56..3.61 rows=1 width=16) (actual time=0.013..0.014 rows=2 loops=573160)
                                                         Index Cond: (l_orderkey = orders.o_orderkey)
                                                         Filter: (l_returnflag = 'R'::bpchar)
                                                         Rows Removed by Filter: 2
                                 ->  Hash  (cost=1.25..1.25 rows=25 width=30) (actual time=0.026..0.026 rows=25 loops=5)
                                       Buckets: 1024  Batches: 1  Memory Usage: 10kB
                                       ->  Seq Scan on nation  (cost=0.00..1.25 rows=25 width=30) (actual time=0.014..0.017 rows=25 loops=5)
 Planning Time: 2.079 ms
 Execution Time: 3862.432 ms
(38 rows)

query 11 run 1
SET
SET
SET
                                                                                      QUERY PLAN                                                                                       
---------------------------------------------------------------------------------------------------------------------------------------------------------------------------------------
 Limit  (cost=470859.74..470859.75 rows=1 width=36) (actual time=2016.345..2016.483 rows=0 loops=1)
   InitPlan 1 (returns $2)
     ->  Finalize Aggregate  (cost=207441.08..207441.09 rows=1 width=32) (actual time=454.881..454.963 rows=1 loops=1)
           ->  Gather  (cost=207440.65..207441.06 rows=4 width=32) (actual time=454.740..454.953 rows=4 loops=1)
                 Workers Planned: 4
                 Workers Launched: 3
                 ->  Partial Aggregate  (cost=206440.65..206440.66 rows=1 width=32) (actual time=452.007..452.010 rows=1 loops=4)
                       ->  Hash Join  (cost=2311.46..205840.49 rows=80020 width=10) (actual time=4.041..427.668 rows=80200 loops=4)
                             Hash Cond: (partsupp_1.ps_suppkey = supplier_1.s_suppkey)
                             ->  Parallel Seq Scan on partsupp partsupp_1  (cost=0.00..195227.12 rows=2000512 width=14) (actual time=0.297..209.646 rows=2000000 loops=4)
                             ->  Hash  (cost=2261.46..2261.46 rows=4000 width=4) (actual time=3.674..3.675 rows=4010 loops=4)
                                   Buckets: 4096  Batches: 1  Memory Usage: 173kB
                                   ->  Nested Loop  (cost=37.29..2261.46 rows=4000 width=4) (actual time=0.501..3.236 rows=4010 loops=4)
                                         ->  Seq Scan on nation nation_1  (cost=0.00..1.31 rows=1 width=4) (actual time=0.011..0.013 rows=1 loops=4)
                                               Filter: (n_name = 'SAUDI ARABIA'::bpchar)
                                               Rows Removed by Filter: 24
                                         ->  Bitmap Heap Scan on supplier supplier_1  (cost=37.29..2220.15 rows=4000 width=8) (actual time=0.487..2.826 rows=4010 loops=4)
                                               Recheck Cond: (s_nationkey = nation_1.n_nationkey)
                                               Heap Blocks: exact=1869
                                               ->  Bitmap Index Scan on idx_supplier_nation_key  (cost=0.00..36.29 rows=4000 width=0) (actual time=0.293..0.293 rows=4010 loops=4)
                                                     Index Cond: (s_nationkey = nation_1.n_nationkey)
   ->  Sort  (cost=263418.65..263685.39 rows=106694 width=36) (actual time=2016.344..2016.399 rows=0 loops=1)
         Sort Key: (sum((partsupp.ps_supplycost * (partsupp.ps_availqty)::numeric))) DESC
         Sort Method: quicksort  Memory: 25kB
         ->  GroupAggregate  (cost=213357.41..262885.18 rows=106694 width=36) (actual time=2016.336..2016.391 rows=0 loops=1)
               Group Key: partsupp.ps_partkey
               Filter: (sum((partsupp.ps_supplycost * (partsupp.ps_availqty)::numeric)) > $2)
               Rows Removed by Filter: 301833
               ->  Gather Merge  (cost=213357.41..251682.31 rows=320082 width=14) (actual time=1317.954..1368.043 rows=320800 loops=1)
                     Workers Planned: 4
                     Workers Launched: 4
                     ->  Sort  (cost=212357.35..212557.40 rows=80020 width=14) (actual time=1309.742..1312.846 rows=64160 loops=5)
                           Sort Key: partsupp.ps_partkey
                           Sort Method: quicksort  Memory: 4408kB
                           Worker 0:  Sort Method: quicksort  Memory: 6147kB
                           Worker 1:  Sort Method: quicksort  Memory: 6331kB
                           Worker 2:  Sort Method: quicksort  Memory: 6261kB
                           Worker 3:  Sort Method: quicksort  Memory: 4180kB
                           ->  Hash Join  (cost=2311.46..205840.49 rows=80020 width=14) (actual time=35.979..1297.320 rows=64160 loops=5)
                                 Hash Cond: (partsupp.ps_suppkey = supplier.s_suppkey)
                                 ->  Parallel Seq Scan on partsupp  (cost=0.00..195227.12 rows=2000512 width=18) (actual time=0.313..1052.918 rows=1600000 loops=5)
                                 ->  Hash  (cost=2261.46..2261.46 rows=4000 width=4) (actual time=35.578..35.580 rows=4010 loops=5)
                                       Buckets: 4096  Batches: 1  Memory Usage: 173kB
                                       ->  Nested Loop  (cost=37.29..2261.46 rows=4000 width=4) (actual time=0.949..34.521 rows=4010 loops=5)
                                             ->  Seq Scan on nation  (cost=0.00..1.31 rows=1 width=4) (actual time=0.213..0.216 rows=1 loops=5)
                                                   Filter: (n_name = 'SAUDI ARABIA'::bpchar)
                                                   Rows Removed by Filter: 24
                                             ->  Bitmap Heap Scan on supplier  (cost=37.29..2220.15 rows=4000 width=8) (actual time=0.731..33.626 rows=4010 loops=5)
                                                   Recheck Cond: (s_nationkey = nation.n_nationkey)
                                                   Heap Blocks: exact=1869
                                                   ->  Bitmap Index Scan on idx_supplier_nation_key  (cost=0.00..36.29 rows=4000 width=0) (actual time=0.457..0.457 rows=4010 loops=5)
                                                         Index Cond: (s_nationkey = nation.n_nationkey)
 Planning Time: 14.007 ms
 Execution Time: 2017.575 ms
(54 rows)

SET
SET
SET
                                                                                      QUERY PLAN                                                                                       
---------------------------------------------------------------------------------------------------------------------------------------------------------------------------------------
 Limit  (cost=470859.74..470859.75 rows=1 width=36) (actual time=1154.080..1154.215 rows=0 loops=1)
   InitPlan 1 (returns $2)
     ->  Finalize Aggregate  (cost=207441.08..207441.09 rows=1 width=32) (actual time=452.765..452.845 rows=1 loops=1)
           ->  Gather  (cost=207440.65..207441.06 rows=4 width=32) (actual time=452.654..452.834 rows=4 loops=1)
                 Workers Planned: 4
                 Workers Launched: 3
                 ->  Partial Aggregate  (cost=206440.65..206440.66 rows=1 width=32) (actual time=449.894..449.897 rows=1 loops=4)
                       ->  Hash Join  (cost=2311.46..205840.49 rows=80020 width=10) (actual time=3.828..425.805 rows=80200 loops=4)
                             Hash Cond: (partsupp_1.ps_suppkey = supplier_1.s_suppkey)
                             ->  Parallel Seq Scan on partsupp partsupp_1  (cost=0.00..195227.12 rows=2000512 width=14) (actual time=0.031..207.439 rows=2000000 loops=4)
                             ->  Hash  (cost=2261.46..2261.46 rows=4000 width=4) (actual time=3.733..3.735 rows=4010 loops=4)
                                   Buckets: 4096  Batches: 1  Memory Usage: 173kB
                                   ->  Nested Loop  (cost=37.29..2261.46 rows=4000 width=4) (actual time=0.485..3.289 rows=4010 loops=4)
                                         ->  Seq Scan on nation nation_1  (cost=0.00..1.31 rows=1 width=4) (actual time=0.010..0.013 rows=1 loops=4)
                                               Filter: (n_name = 'SAUDI ARABIA'::bpchar)
                                               Rows Removed by Filter: 24
                                         ->  Bitmap Heap Scan on supplier supplier_1  (cost=37.29..2220.15 rows=4000 width=8) (actual time=0.472..2.875 rows=4010 loops=4)
                                               Recheck Cond: (s_nationkey = nation_1.n_nationkey)
                                               Heap Blocks: exact=1869
                                               ->  Bitmap Index Scan on idx_supplier_nation_key  (cost=0.00..36.29 rows=4000 width=0) (actual time=0.281..0.281 rows=4010 loops=4)
                                                     Index Cond: (s_nationkey = nation_1.n_nationkey)
   ->  Sort  (cost=263418.65..263685.39 rows=106694 width=36) (actual time=1154.079..1154.133 rows=0 loops=1)
         Sort Key: (sum((partsupp.ps_supplycost * (partsupp.ps_availqty)::numeric))) DESC
         Sort Method: quicksort  Memory: 25kB
         ->  GroupAggregate  (cost=213357.41..262885.18 rows=106694 width=36) (actual time=1154.070..1154.125 rows=0 loops=1)
               Group Key: partsupp.ps_partkey
               Filter: (sum((partsupp.ps_supplycost * (partsupp.ps_availqty)::numeric)) > $2)
               Rows Removed by Filter: 301833
               ->  Gather Merge  (cost=213357.41..251682.31 rows=320082 width=14) (actual time=457.219..507.059 rows=320800 loops=1)
                     Workers Planned: 4
                     Workers Launched: 4
                     ->  Sort  (cost=212357.35..212557.40 rows=80020 width=14) (actual time=452.517..455.577 rows=64160 loops=5)
                           Sort Key: partsupp.ps_partkey
                           Sort Method: quicksort  Memory: 4514kB
                           Worker 0:  Sort Method: quicksort  Memory: 6561kB
                           Worker 1:  Sort Method: quicksort  Memory: 6345kB
                           Worker 2:  Sort Method: quicksort  Memory: 6289kB
                           Worker 3:  Sort Method: quicksort  Memory: 3620kB
                           ->  Hash Join  (cost=2311.46..205840.49 rows=80020 width=14) (actual time=5.449..439.789 rows=64160 loops=5)
                                 Hash Cond: (partsupp.ps_suppkey = supplier.s_suppkey)
                                 ->  Parallel Seq Scan on partsupp  (cost=0.00..195227.12 rows=2000512 width=18) (actual time=0.029..215.922 rows=1600000 loops=5)
                                 ->  Hash  (cost=2261.46..2261.46 rows=4000 width=4) (actual time=5.341..5.342 rows=4010 loops=5)
                                       Buckets: 4096  Batches: 1  Memory Usage: 173kB
                                       ->  Nested Loop  (cost=37.29..2261.46 rows=4000 width=4) (actual time=0.544..4.897 rows=4010 loops=5)
                                             ->  Seq Scan on nation  (cost=0.00..1.31 rows=1 width=4) (actual time=0.011..0.013 rows=1 loops=5)
                                                   Filter: (n_name = 'SAUDI ARABIA'::bpchar)
                                                   Rows Removed by Filter: 24
                                             ->  Bitmap Heap Scan on supplier  (cost=37.29..2220.15 rows=4000 width=8) (actual time=0.531..4.488 rows=4010 loops=5)
                                                   Recheck Cond: (s_nationkey = nation.n_nationkey)
                                                   Heap Blocks: exact=1869
                                                   ->  Bitmap Index Scan on idx_supplier_nation_key  (cost=0.00..36.29 rows=4000 width=0) (actual time=0.330..0.330 rows=4010 loops=5)
                                                         Index Cond: (s_nationkey = nation.n_nationkey)
 Planning Time: 1.021 ms
 Execution Time: 1154.312 ms
(54 rows)

query 12 run 1
SET
SET
SET
                                                                                                                    QUERY PLAN                                                                                                                     
---------------------------------------------------------------------------------------------------------------------------------------------------------------------------------------------------------------------------------------------------
 Limit  (cost=1469259.65..1613201.13 rows=1 width=27) (actual time=18852.241..18853.222 rows=1 loops=1)
   ->  GroupAggregate  (cost=1469259.65..2476849.99 rows=7 width=27) (actual time=18852.240..18853.220 rows=1 loops=1)
         Group Key: lineitem.l_shipmode
         ->  Nested Loop  (cost=1469259.65..2471890.44 rows=283399 width=27) (actual time=8907.759..18753.512 rows=155572 loops=1)
               ->  Gather Merge  (cost=1469259.22..1503191.89 rows=283399 width=15) (actual time=8907.100..8990.758 rows=155572 loops=1)
                     Workers Planned: 4
                     Workers Launched: 4
                     ->  Sort  (cost=1468259.16..1468436.28 rows=70850 width=15) (actual time=8895.728..8898.922 rows=32055 loops=5)
                           Sort Key: lineitem.l_shipmode
                           Sort Method: quicksort  Memory: 4406kB
                           Worker 0:  Sort Method: quicksort  Memory: 4495kB
                           Worker 1:  Sort Method: quicksort  Memory: 4455kB
                           Worker 2:  Sort Method: quicksort  Memory: 4469kB
                           Worker 3:  Sort Method: quicksort  Memory: 4447kB
                           ->  Parallel Seq Scan on lineitem  (cost=0.00..1462551.31 rows=70850 width=15) (actual time=0.477..8876.784 rows=62252 loops=5)
                                 Filter: ((l_shipmode = ANY ('{SHIP,"REG AIR"}'::bpchar[])) AND (l_commitdate < l_receiptdate) AND (l_shipdate < l_commitdate) AND (l_receiptdate >= '1994-01-01'::date) AND (l_receiptdate < '1995-01-01'::date))
                                 Rows Removed by Filter: 11934959
               ->  Index Scan using orders_pkey on orders  (cost=0.43..3.42 rows=1 width=20) (actual time=0.062..0.062 rows=1 loops=155572)
                     Index Cond: (o_orderkey = lineitem.l_orderkey)
 Planning Time: 16.809 ms
 Execution Time: 18853.621 ms
(21 rows)

SET
SET
SET
                                                                                                                    QUERY PLAN                                                                                                                     
---------------------------------------------------------------------------------------------------------------------------------------------------------------------------------------------------------------------------------------------------
 Limit  (cost=1469259.65..1613201.13 rows=1 width=27) (actual time=4073.432..4074.600 rows=1 loops=1)
   ->  GroupAggregate  (cost=1469259.65..2476849.99 rows=7 width=27) (actual time=4073.431..4074.598 rows=1 loops=1)
         Group Key: lineitem.l_shipmode
         ->  Nested Loop  (cost=1469259.65..2471890.44 rows=283399 width=27) (actual time=3557.107..4030.131 rows=155572 loops=1)
               ->  Gather Merge  (cost=1469259.22..1503191.89 rows=283399 width=15) (actual time=3557.055..3595.402 rows=155572 loops=1)
                     Workers Planned: 4
                     Workers Launched: 4
                     ->  Sort  (cost=1468259.16..1468436.28 rows=70850 width=15) (actual time=3551.645..3553.731 rows=32068 loops=5)
                           Sort Key: lineitem.l_shipmode
                           Sort Method: quicksort  Memory: 4550kB
                           Worker 0:  Sort Method: quicksort  Memory: 4322kB
                           Worker 1:  Sort Method: quicksort  Memory: 4497kB
                           Worker 2:  Sort Method: quicksort  Memory: 4563kB
                           Worker 3:  Sort Method: quicksort  Memory: 4341kB
                           ->  Parallel Seq Scan on lineitem  (cost=0.00..1462551.31 rows=70850 width=15) (actual time=0.118..3533.010 rows=62252 loops=5)
                                 Filter: ((l_shipmode = ANY ('{SHIP,"REG AIR"}'::bpchar[])) AND (l_commitdate < l_receiptdate) AND (l_shipdate < l_commitdate) AND (l_receiptdate >= '1994-01-01'::date) AND (l_receiptdate < '1995-01-01'::date))
                                 Rows Removed by Filter: 11934959
               ->  Index Scan using orders_pkey on orders  (cost=0.43..3.42 rows=1 width=20) (actual time=0.002..0.002 rows=1 loops=155572)
                     Index Cond: (o_orderkey = lineitem.l_orderkey)
 Planning Time: 0.795 ms
 Execution Time: 4074.656 ms
(21 rows)

query 13 run 1
SET
SET
SET
                                                                                    QUERY PLAN                                                                                     
-----------------------------------------------------------------------------------------------------------------------------------------------------------------------------------
 Limit  (cost=1369856.10..1369856.10 rows=1 width=16) (actual time=17718.731..17718.734 rows=1 loops=1)
   ->  Sort  (cost=1369856.10..1369856.60 rows=200 width=16) (actual time=17718.729..17718.731 rows=1 loops=1)
         Sort Key: (count(*)) DESC, (count(orders.o_orderkey)) DESC
         Sort Method: top-N heapsort  Memory: 25kB
         ->  HashAggregate  (cost=1369853.10..1369855.10 rows=200 width=16) (actual time=17718.703..17718.710 rows=46 loops=1)
               Group Key: count(orders.o_orderkey)
               Batches: 1  Memory Usage: 40kB
               ->  HashAggregate  (cost=1215178.77..1347353.38 rows=1499981 width=12) (actual time=15135.051..17545.083 rows=1500000 loops=1)
                     Group Key: customer.c_custkey
                     Planned Partitions: 8  Batches: 9  Memory Usage: 32849kB  Disk Usage: 325144kB
                     ->  Hash Right Join  (cost=53283.90..664457.19 rows=14998375 width=8) (actual time=341.552..11269.093 rows=15337604 loops=1)
                           Hash Cond: (orders.o_custkey = customer.c_custkey)
                           ->  Seq Scan on orders  (cost=0.00..448766.44 rows=14998375 width=8) (actual time=0.464..5124.030 rows=14837583 loops=1)
                                 Filter: ((o_comment)::text !~~ '%special%requests%'::text)
                                 Rows Removed by Filter: 162417
                           ->  Hash  (cost=28674.14..28674.14 rows=1499981 width=4) (actual time=339.661..339.662 rows=1500000 loops=1)
                                 Buckets: 1048576  Batches: 4  Memory Usage: 21380kB
                                 ->  Index Only Scan using customer_pkey on customer  (cost=0.43..28674.14 rows=1499981 width=4) (actual time=0.020..155.520 rows=1500000 loops=1)
                                       Heap Fetches: 0
 Planning Time: 13.997 ms
 Execution Time: 17771.909 ms
(21 rows)

SET
SET
SET
                                                                                    QUERY PLAN                                                                                     
-----------------------------------------------------------------------------------------------------------------------------------------------------------------------------------
 Limit  (cost=1369856.10..1369856.10 rows=1 width=16) (actual time=17239.239..17239.242 rows=1 loops=1)
   ->  Sort  (cost=1369856.10..1369856.60 rows=200 width=16) (actual time=17239.238..17239.240 rows=1 loops=1)
         Sort Key: (count(*)) DESC, (count(orders.o_orderkey)) DESC
         Sort Method: top-N heapsort  Memory: 25kB
         ->  HashAggregate  (cost=1369853.10..1369855.10 rows=200 width=16) (actual time=17239.212..17239.220 rows=46 loops=1)
               Group Key: count(orders.o_orderkey)
               Batches: 1  Memory Usage: 40kB
               ->  HashAggregate  (cost=1215178.77..1347353.38 rows=1499981 width=12) (actual time=14571.885..17070.263 rows=1500000 loops=1)
                     Group Key: customer.c_custkey
                     Planned Partitions: 8  Batches: 9  Memory Usage: 32849kB  Disk Usage: 325144kB
                     ->  Hash Right Join  (cost=53283.90..664457.19 rows=14998375 width=8) (actual time=307.103..10732.518 rows=15337604 loops=1)
                           Hash Cond: (orders.o_custkey = customer.c_custkey)
                           ->  Seq Scan on orders  (cost=0.00..448766.44 rows=14998375 width=8) (actual time=0.033..4673.814 rows=14837583 loops=1)
                                 Filter: ((o_comment)::text !~~ '%special%requests%'::text)
                                 Rows Removed by Filter: 162417
                           ->  Hash  (cost=28674.14..28674.14 rows=1499981 width=4) (actual time=305.684..305.684 rows=1500000 loops=1)
                                 Buckets: 1048576  Batches: 4  Memory Usage: 21380kB
                                 ->  Index Only Scan using customer_pkey on customer  (cost=0.43..28674.14 rows=1499981 width=4) (actual time=0.018..124.885 rows=1500000 loops=1)
                                       Heap Fetches: 0
 Planning Time: 0.748 ms
 Execution Time: 17292.391 ms
(21 rows)

query 14 run 1
SET
SET
SET
                                                                                  QUERY PLAN                                                                                  
------------------------------------------------------------------------------------------------------------------------------------------------------------------------------
 Limit  (cost=838268.62..838268.63 rows=1 width=32) (actual time=5417.784..5461.492 rows=1 loops=1)
   ->  Finalize Aggregate  (cost=838268.62..838268.63 rows=1 width=32) (actual time=5417.782..5461.489 rows=1 loops=1)
         ->  Gather  (cost=838268.16..838268.57 rows=4 width=64) (actual time=5412.853..5461.464 rows=5 loops=1)
               Workers Planned: 4
               Workers Launched: 4
               ->  Partial Aggregate  (cost=837268.16..837268.17 rows=1 width=64) (actual time=5404.934..5404.937 rows=1 loops=5)
                     ->  Parallel Hash Join  (cost=64327.05..833967.94 rows=188584 width=33) (actual time=687.991..5254.142 rows=154588 loops=5)
                           Hash Cond: (lineitem.l_partkey = part.p_partkey)
                           ->  Parallel Bitmap Heap Scan on lineitem  (cost=12096.03..781241.89 rows=188584 width=16) (actual time=297.517..4692.700 rows=154588 loops=5)
                                 Recheck Cond: ((l_shipdate >= '1994-05-01'::date) AND (l_shipdate < '1994-06-01'::date))
                                 Heap Blocks: exact=83329
                                 ->  Bitmap Index Scan on idx_lineitem_shipdate  (cost=0.00..11907.45 rows=754338 width=0) (actual time=192.071..192.071 rows=772942 loops=1)
                                       Index Cond: ((l_shipdate >= '1994-05-01'::date) AND (l_shipdate < '1994-06-01'::date))
                           ->  Parallel Hash  (cost=45981.01..45981.01 rows=500001 width=25) (actual time=388.261..388.262 rows=400000 loops=5)
                                 Buckets: 2097152  Batches: 1  Memory Usage: 137344kB
                                 ->  Parallel Seq Scan on part  (cost=0.00..45981.01 rows=500001 width=25) (actual time=0.585..252.487 rows=400000 loops=5)
 Planning Time: 17.449 ms
 Execution Time: 5462.224 ms
(18 rows)

SET
SET
SET
                                                                                  QUERY PLAN                                                                                  
------------------------------------------------------------------------------------------------------------------------------------------------------------------------------
 Limit  (cost=838268.62..838268.63 rows=1 width=32) (actual time=1690.286..1734.177 rows=1 loops=1)
   ->  Finalize Aggregate  (cost=838268.62..838268.63 rows=1 width=32) (actual time=1690.284..1734.175 rows=1 loops=1)
         ->  Gather  (cost=838268.16..838268.57 rows=4 width=64) (actual time=1690.265..1734.159 rows=5 loops=1)
               Workers Planned: 4
               Workers Launched: 4
               ->  Partial Aggregate  (cost=837268.16..837268.17 rows=1 width=64) (actual time=1679.705..1679.707 rows=1 loops=5)
                     ->  Parallel Hash Join  (cost=64327.05..833967.94 rows=188584 width=33) (actual time=561.594..1587.295 rows=154588 loops=5)
                           Hash Cond: (lineitem.l_partkey = part.p_partkey)
                           ->  Parallel Bitmap Heap Scan on lineitem  (cost=12096.03..781241.89 rows=188584 width=16) (actual time=278.806..1171.620 rows=154588 loops=5)
                                 Recheck Cond: ((l_shipdate >= '1994-05-01'::date) AND (l_shipdate < '1994-06-01'::date))
                                 Heap Blocks: exact=93066
                                 ->  Bitmap Index Scan on idx_lineitem_shipdate  (cost=0.00..11907.45 rows=754338 width=0) (actual time=173.698..173.698 rows=772942 loops=1)
                                       Index Cond: ((l_shipdate >= '1994-05-01'::date) AND (l_shipdate < '1994-06-01'::date))
                           ->  Parallel Hash  (cost=45981.01..45981.01 rows=500001 width=25) (actual time=280.705..280.705 rows=400000 loops=5)
                                 Buckets: 2097152  Batches: 1  Memory Usage: 137312kB
                                 ->  Parallel Seq Scan on part  (cost=0.00..45981.01 rows=500001 width=25) (actual time=0.566..129.145 rows=400000 loops=5)
 Planning Time: 0.960 ms
 Execution Time: 1734.227 ms
(18 rows)

query 15 run 1
SET
SET
SET
CREATE VIEW
                                                                                       QUERY PLAN                                                                                       
----------------------------------------------------------------------------------------------------------------------------------------------------------------------------------------
 Limit  (cost=2691192.97..2691304.80 rows=1 width=103) (actual time=13401.951..13458.060 rows=1 loops=1)
   InitPlan 1 (returns $1)
     ->  Aggregate  (cost=1363989.07..1363989.08 rows=1 width=32) (actual time=2965.544..2974.612 rows=1 loops=1)
           ->  Finalize HashAggregate  (cost=1361517.15..1362753.11 rows=98877 width=36) (actual time=2901.035..2968.828 rows=100000 loops=1)
                 Group Key: lineitem_1.l_suppkey
                 Batches: 5  Memory Usage: 50225kB  Disk Usage: 3560kB
                 ->  Gather  (cost=1317764.07..1358550.84 rows=395508 width=36) (actual time=2544.332..2642.521 rows=398523 loops=1)
                       Workers Planned: 4
                       Workers Launched: 3
                       ->  Partial HashAggregate  (cost=1316764.07..1318000.04 rows=98877 width=36) (actual time=2540.601..2591.324 rows=99631 loops=4)
                             Group Key: lineitem_1.l_suppkey
                             Batches: 1  Memory Usage: 31761kB
                             Worker 0:  Batches: 1  Memory Usage: 31761kB
                             Worker 1:  Batches: 1  Memory Usage: 31761kB
                             Worker 2:  Batches: 1  Memory Usage: 31761kB
                             ->  Parallel Bitmap Heap Scan on lineitem lineitem_1  (cost=34326.50..1311412.01 rows=535206 width=16) (actual time=447.843..2063.259 rows=566428 loops=4)
                                   Recheck Cond: ((l_shipdate >= '1996-01-01'::date) AND (l_shipdate < '1996-04-01'::date))
                                   Rows Removed by Index Recheck: 3305913
                                   Heap Blocks: exact=109042 lossy=72891
                                   ->  Bitmap Index Scan on idx_lineitem_shipdate  (cost=0.00..33791.29 rows=2140823 width=0) (actual time=351.460..351.461 rows=2265714 loops=1)
                                         Index Cond: ((l_shipdate >= '1996-01-01'::date) AND (l_shipdate < '1996-04-01'::date))
   ->  Nested Loop  (cost=1327203.89..1382450.88 rows=494 width=103) (actual time=13401.949..13448.989 rows=1 loops=1)
         ->  Finalize GroupAggregate  (cost=1327203.60..1381233.80 rows=494 width=36) (actual time=13401.381..13448.419 rows=1 loops=1)
               Group Key: lineitem.l_suppkey
               Filter: (sum((lineitem.l_extendedprice * ('1'::numeric - lineitem.l_discount))) = $1)
               Rows Removed by Filter: 69997
               ->  Gather Merge  (cost=1327203.60..1374559.60 rows=395508 width=36) (actual time=10196.328..10315.114 rows=346266 loops=1)
                     Workers Planned: 4
                     Workers Launched: 4
                     ->  Sort  (cost=1326203.54..1326450.73 rows=98877 width=36) (actual time=10164.522..10172.435 rows=69769 loops=5)
                           Sort Key: lineitem.l_suppkey
                           Sort Method: quicksort  Memory: 10799kB
                           Worker 0:  Sort Method: quicksort  Memory: 10802kB
                           Worker 1:  Sort Method: quicksort  Memory: 10804kB
                           Worker 2:  Sort Method: quicksort  Memory: 10803kB
                           Worker 3:  Sort Method: quicksort  Memory: 10798kB
                           ->  Partial HashAggregate  (cost=1316764.07..1318000.04 rows=98877 width=36) (actual time=10070.831..10136.484 rows=98925 loops=5)
                                 Group Key: lineitem.l_suppkey
                                 Batches: 1  Memory Usage: 31761kB
                                 Worker 0:  Batches: 1  Memory Usage: 31761kB
                                 Worker 1:  Batches: 1  Memory Usage: 31761kB
                                 Worker 2:  Batches: 1  Memory Usage: 31761kB
                                 Worker 3:  Batches: 1  Memory Usage: 31761kB
                                 ->  Parallel Bitmap Heap Scan on lineitem  (cost=34326.50..1311412.01 rows=535206 width=16) (actual time=497.315..9557.404 rows=453143 loops=5)
                                       Recheck Cond: ((l_shipdate >= '1996-01-01'::date) AND (l_shipdate < '1996-04-01'::date))
                                       Rows Removed by Index Recheck: 2644730
                                       Heap Blocks: exact=80488 lossy=53695
                                       ->  Bitmap Index Scan on idx_lineitem_shipdate  (cost=0.00..33791.29 rows=2140823 width=0) (actual time=405.872..405.872 rows=2265714 loops=1)
                                             Index Cond: ((l_shipdate >= '1996-01-01'::date) AND (l_shipdate < '1996-04-01'::date))
         ->  Index Scan using supplier_pkey on supplier  (cost=0.29..2.45 rows=1 width=71) (actual time=0.562..0.562 rows=1 loops=1)
               Index Cond: (s_suppkey = lineitem.l_suppkey)
 Planning Time: 14.507 ms
 Execution Time: 13460.676 ms
(53 rows)

DROP VIEW
SET
SET
SET
CREATE VIEW
                                                                                       QUERY PLAN                                                                                       
----------------------------------------------------------------------------------------------------------------------------------------------------------------------------------------
 Limit  (cost=2691192.97..2691304.80 rows=1 width=103) (actual time=6044.986..6104.574 rows=1 loops=1)
   InitPlan 1 (returns $1)
     ->  Aggregate  (cost=1363989.07..1363989.08 rows=1 width=32) (actual time=2963.412..2974.904 rows=1 loops=1)
           ->  Finalize HashAggregate  (cost=1361517.15..1362753.11 rows=98877 width=36) (actual time=2911.730..2968.984 rows=100000 loops=1)
                 Group Key: lineitem_1.l_suppkey
                 Batches: 5  Memory Usage: 52273kB  Disk Usage: 752kB
                 ->  Gather  (cost=1317764.07..1358550.84 rows=395508 width=36) (actual time=2546.512..2647.094 rows=398492 loops=1)
                       Workers Planned: 4
                       Workers Launched: 3
                       ->  Partial HashAggregate  (cost=1316764.07..1318000.04 rows=98877 width=36) (actual time=2542.652..2593.367 rows=99623 loops=4)
                             Group Key: lineitem_1.l_suppkey
                             Batches: 1  Memory Usage: 31761kB
                             Worker 0:  Batches: 1  Memory Usage: 31761kB
                             Worker 1:  Batches: 1  Memory Usage: 31761kB
                             Worker 2:  Batches: 1  Memory Usage: 31761kB
                             ->  Parallel Bitmap Heap Scan on lineitem lineitem_1  (cost=34326.50..1311412.01 rows=535206 width=16) (actual time=449.402..2067.024 rows=566428 loops=4)
                                   Recheck Cond: ((l_shipdate >= '1996-01-01'::date) AND (l_shipdate < '1996-04-01'::date))
                                   Rows Removed by Index Recheck: 3305913
                                   Heap Blocks: exact=109550 lossy=72465
                                   ->  Bitmap Index Scan on idx_lineitem_shipdate  (cost=0.00..33791.29 rows=2140823 width=0) (actual time=352.845..352.845 rows=2265714 loops=1)
                                         Index Cond: ((l_shipdate >= '1996-01-01'::date) AND (l_shipdate < '1996-04-01'::date))
   ->  Nested Loop  (cost=1327203.89..1382450.88 rows=494 width=103) (actual time=6044.984..6093.079 rows=1 loops=1)
         ->  Finalize GroupAggregate  (cost=1327203.60..1381233.80 rows=494 width=36) (actual time=6044.930..6093.023 rows=1 loops=1)
               Group Key: lineitem.l_suppkey
               Filter: (sum((lineitem.l_extendedprice * ('1'::numeric - lineitem.l_discount))) = $1)
               Rows Removed by Filter: 69997
               ->  Gather Merge  (cost=1327203.60..1374559.60 rows=395508 width=36) (actual time=2843.756..2960.231 rows=345849 loops=1)
                     Workers Planned: 4
                     Workers Launched: 4
                     ->  Sort  (cost=1326203.54..1326450.73 rows=98877 width=36) (actual time=2812.424..2820.041 rows=69776 loops=5)
                           Sort Key: lineitem.l_suppkey
                           Sort Method: quicksort  Memory: 10801kB
                           Worker 0:  Sort Method: quicksort  Memory: 10693kB
                           Worker 1:  Sort Method: quicksort  Memory: 10812kB
                           Worker 2:  Sort Method: quicksort  Memory: 10812kB
                           Worker 3:  Sort Method: quicksort  Memory: 10843kB
                           ->  Partial HashAggregate  (cost=1316764.07..1318000.04 rows=98877 width=36) (actual time=2716.978..2784.150 rows=98813 loops=5)
                                 Group Key: lineitem.l_suppkey
                                 Batches: 1  Memory Usage: 31761kB
                                 Worker 0:  Batches: 5  Memory Usage: 34865kB  Disk Usage: 216kB
                                 Worker 1:  Batches: 1  Memory Usage: 31761kB
                                 Worker 2:  Batches: 1  Memory Usage: 31761kB
                                 Worker 3:  Batches: 1  Memory Usage: 31761kB
                                 ->  Parallel Bitmap Heap Scan on lineitem  (cost=34326.50..1311412.01 rows=535206 width=16) (actual time=458.783..2288.718 rows=453143 loops=5)
                                       Recheck Cond: ((l_shipdate >= '1996-01-01'::date) AND (l_shipdate < '1996-04-01'::date))
                                       Rows Removed by Index Recheck: 2644730
                                       Heap Blocks: exact=79912 lossy=53075
                                       ->  Bitmap Index Scan on idx_lineitem_shipdate  (cost=0.00..33791.29 rows=2140823 width=0) (actual time=363.987..363.987 rows=2265714 loops=1)
                                             Index Cond: ((l_shipdate >= '1996-01-01'::date) AND (l_shipdate < '1996-04-01'::date))
         ->  Index Scan using supplier_pkey on supplier  (cost=0.29..2.45 rows=1 width=71) (actual time=0.049..0.050 rows=1 loops=1)
               Index Cond: (s_suppkey = lineitem.l_suppkey)
 Planning Time: 1.090 ms
 Execution Time: 6106.668 ms
(53 rows)

DROP VIEW
query 16 run 1
SET
SET
SET
                                                                                            QUERY PLAN                                                                                            
--------------------------------------------------------------------------------------------------------------------------------------------------------------------------------------------------
 Limit  (cost=248723.70..248723.70 rows=1 width=44) (actual time=2513.438..2522.280 rows=1 loops=1)
   ->  Sort  (cost=248723.70..249103.12 rows=151766 width=44) (actual time=2513.437..2522.278 rows=1 loops=1)
         Sort Key: (count(DISTINCT partsupp.ps_suppkey)) DESC, part.p_brand, part.p_type, part.p_size
         Sort Method: top-N heapsort  Memory: 25kB
         ->  GroupAggregate  (cost=171734.98..247964.87 rows=151766 width=44) (actual time=1909.698..2515.253 rows=27838 loops=1)
               Group Key: part.p_brand, part.p_type, part.p_size
               ->  Gather Merge  (cost=171734.98..240688.36 rows=575885 width=40) (actual time=1909.641..2249.581 rows=1186319 loops=1)
                     Workers Planned: 4
                     Workers Launched: 4
                     ->  Sort  (cost=170734.92..171094.85 rows=143971 width=40) (actual time=1850.344..1870.285 rows=237264 loops=5)
                           Sort Key: part.p_brand, part.p_type, part.p_size
                           Sort Method: quicksort  Memory: 24266kB
                           Worker 0:  Sort Method: quicksort  Memory: 24382kB
                           Worker 1:  Sort Method: quicksort  Memory: 25304kB
                           Worker 2:  Sort Method: quicksort  Memory: 25341kB
                           Worker 3:  Sort Method: quicksort  Memory: 24112kB
                           ->  Parallel Hash Join  (cost=57852.06..158399.90 rows=143971 width=40) (actual time=397.233..1107.984 rows=237264 loops=5)
                                 Hash Cond: (partsupp.ps_partkey = part.p_partkey)
                                 ->  Parallel Index Only Scan using partsupp_pkey on partsupp  (cost=3471.46..101393.61 rows=1000256 width=8) (actual time=42.375..560.569 rows=1599104 loops=5)
                                       Filter: (NOT (hashed SubPlan 1))
                                       Rows Removed by Filter: 896
                                       Heap Fetches: 0
                                       SubPlan 1
                                         ->  Seq Scan on supplier  (cost=0.00..3471.00 rows=10 width=4) (actual time=0.355..41.467 rows=56 loops=5)
                                               Filter: ((s_comment)::text ~~ '%Customer%Complaints%'::text)
                                               Rows Removed by Filter: 99944
                                 ->  Parallel Hash  (cost=53481.02..53481.02 rows=71967 width=40) (actual time=354.120..354.120 rows=59347 loops=5)
                                       Buckets: 524288  Batches: 1  Memory Usage: 26368kB
                                       ->  Parallel Seq Scan on part  (cost=0.00..53481.02 rows=71967 width=40) (actual time=0.428..329.028 rows=59347 loops=5)
                                             Filter: ((p_brand <> 'Brand#12'::bpchar) AND ((p_type)::text !~~ 'SMALL BRUSHED%'::text) AND (p_size = ANY ('{12,32,36,26,40,34,49,9}'::integer[])))
                                             Rows Removed by Filter: 340653
 Planning Time: 12.542 ms
 Execution Time: 2523.083 ms
(33 rows)

SET
SET
SET
                                                                                            QUERY PLAN                                                                                            
--------------------------------------------------------------------------------------------------------------------------------------------------------------------------------------------------
 Limit  (cost=248723.70..248723.70 rows=1 width=44) (actual time=2174.603..2181.023 rows=1 loops=1)
   ->  Sort  (cost=248723.70..249103.12 rows=151766 width=44) (actual time=2174.602..2181.020 rows=1 loops=1)
         Sort Key: (count(DISTINCT partsupp.ps_suppkey)) DESC, part.p_brand, part.p_type, part.p_size
         Sort Method: top-N heapsort  Memory: 25kB
         ->  GroupAggregate  (cost=171734.98..247964.87 rows=151766 width=44) (actual time=1559.663..2173.785 rows=27838 loops=1)
               Group Key: part.p_brand, part.p_type, part.p_size
               ->  Gather Merge  (cost=171734.98..240688.36 rows=575885 width=40) (actual time=1559.609..1904.808 rows=1186319 loops=1)
                     Workers Planned: 4
                     Workers Launched: 4
                     ->  Sort  (cost=170734.92..171094.85 rows=143971 width=40) (actual time=1522.800..1542.894 rows=237264 loops=5)
                           Sort Key: part.p_brand, part.p_type, part.p_size
                           Sort Method: quicksort  Memory: 25169kB
                           Worker 0:  Sort Method: quicksort  Memory: 25460kB
                           Worker 1:  Sort Method: quicksort  Memory: 23456kB
                           Worker 2:  Sort Method: quicksort  Memory: 24823kB
                           Worker 3:  Sort Method: quicksort  Memory: 24495kB
                           ->  Parallel Hash Join  (cost=57852.06..158399.90 rows=143971 width=40) (actual time=190.622..783.649 rows=237264 loops=5)
                                 Hash Cond: (partsupp.ps_partkey = part.p_partkey)
                                 ->  Parallel Index Only Scan using partsupp_pkey on partsupp  (cost=3471.46..101393.61 rows=1000256 width=8) (actual time=27.118..420.281 rows=1599104 loops=5)
                                       Filter: (NOT (hashed SubPlan 1))
                                       Rows Removed by Filter: 896
                                       Heap Fetches: 0
                                       SubPlan 1
                                         ->  Seq Scan on supplier  (cost=0.00..3471.00 rows=10 width=4) (actual time=0.081..27.044 rows=56 loops=5)
                                               Filter: ((s_comment)::text ~~ '%Customer%Complaints%'::text)
                                               Rows Removed by Filter: 99944
                                 ->  Parallel Hash  (cost=53481.02..53481.02 rows=71967 width=40) (actual time=162.736..162.737 rows=59347 loops=5)
                                       Buckets: 524288  Batches: 1  Memory Usage: 26368kB
                                       ->  Parallel Seq Scan on part  (cost=0.00..53481.02 rows=71967 width=40) (actual time=0.013..131.347 rows=59347 loops=5)
                                             Filter: ((p_brand <> 'Brand#12'::bpchar) AND ((p_type)::text !~~ 'SMALL BRUSHED%'::text) AND (p_size = ANY ('{12,32,36,26,40,34,49,9}'::integer[])))
                                             Rows Removed by Filter: 340653
 Planning Time: 0.816 ms
 Execution Time: 2181.322 ms
(33 rows)

query 17 run 1
SET
SET
SET
                                                                                      QUERY PLAN                                                                                       
---------------------------------------------------------------------------------------------------------------------------------------------------------------------------------------
 Limit  (cost=3245872.99..3245873.00 rows=1 width=32) (actual time=28920.693..28995.330 rows=1 loops=1)
   ->  Aggregate  (cost=3245872.99..3245873.00 rows=1 width=32) (actual time=28920.692..28995.328 rows=1 loops=1)
         ->  Merge Join  (cost=2242517.28..3245832.61 rows=16151 width=8) (actual time=21533.990..28994.473 rows=5319 loops=1)
               Merge Cond: (lineitem_1.l_partkey = part.p_partkey)
               Join Filter: (lineitem.l_quantity < ((0.2 * avg(lineitem_1.l_quantity))))
               Rows Removed by Join Filter: 54632
               ->  Finalize GroupAggregate  (cost=2241516.36..3122332.00 rows=1681143 width=36) (actual time=21525.874..28787.949 rows=1999333 loops=1)
                     Group Key: lineitem_1.l_partkey
                     ->  Gather Merge  (cost=2241516.36..3046680.57 rows=6724572 width=36) (actual time=21525.854..23595.098 rows=9972088 loops=1)
                           Workers Planned: 4
                           Workers Launched: 4
                           ->  Sort  (cost=2240516.30..2244719.15 rows=1681143 width=36) (actual time=21138.327..21422.298 rows=1994943 loops=5)
                                 Sort Key: lineitem_1.l_partkey
                                 Sort Method: external merge  Disk: 103480kB
                                 Worker 0:  Sort Method: external merge  Disk: 103472kB
                                 Worker 1:  Sort Method: external merge  Disk: 103552kB
                                 Worker 2:  Sort Method: external merge  Disk: 103480kB
                                 Worker 3:  Sort Method: external merge  Disk: 103480kB
                                 ->  Partial HashAggregate  (cost=1869667.25..2037126.11 rows=1681143 width=36) (actual time=12090.716..20186.455 rows=1995083 loops=5)
                                       Group Key: lineitem_1.l_partkey
                                       Planned Partitions: 16  Batches: 81  Memory Usage: 34961kB  Disk Usage: 408064kB
                                       Worker 0:  Batches: 81  Memory Usage: 34961kB  Disk Usage: 408080kB
                                       Worker 1:  Batches: 81  Memory Usage: 34961kB  Disk Usage: 436264kB
                                       Worker 2:  Batches: 81  Memory Usage: 34961kB  Disk Usage: 408224kB
                                       Worker 3:  Batches: 81  Memory Usage: 34961kB  Disk Usage: 408152kB
                                       ->  Parallel Seq Scan on lineitem lineitem_1  (cost=0.00..1275102.25 rows=14995925 width=9) (actual time=0.143..5681.257 rows=11997210 loops=5)
               ->  Materialize  (cost=1000.93..101736.53 rows=57644 width=21) (actual time=5.473..58.002 rows=59951 loops=1)
                     ->  Gather Merge  (cost=1000.93..101592.42 rows=57644 width=21) (actual time=5.467..50.045 rows=59951 loops=1)
                           Workers Planned: 4
                           Workers Launched: 3
                           ->  Nested Loop  (cost=0.87..93726.41 rows=14411 width=21) (actual time=1.683..554.430 rows=14988 loops=4)
                                 ->  Parallel Index Scan using part_pkey on part  (cost=0.43..66712.45 rows=480 width=4) (actual time=0.695..197.547 rows=499 loops=4)
                                       Filter: ((p_brand = 'Brand#22'::bpchar) AND (p_container = 'LG BOX'::bpchar))
                                       Rows Removed by Filter: 499501
                                 ->  Index Scan using idx_lineitem_part_supp on lineitem  (cost=0.44..55.92 rows=36 width=17) (actual time=0.467..0.705 rows=30 loops=1996)
                                       Index Cond: (l_partkey = part.p_partkey)
 Planning Time: 14.279 ms
 Execution Time: 29061.355 ms
(38 rows)

SET
SET
SET
                                                                                      QUERY PLAN                                                                                       
---------------------------------------------------------------------------------------------------------------------------------------------------------------------------------------
 Limit  (cost=3245872.99..3245873.00 rows=1 width=32) (actual time=25137.433..25214.497 rows=1 loops=1)
   ->  Aggregate  (cost=3245872.99..3245873.00 rows=1 width=32) (actual time=25137.432..25214.495 rows=1 loops=1)
         ->  Merge Join  (cost=2242517.28..3245832.61 rows=16151 width=8) (actual time=17727.432..25213.775 rows=5319 loops=1)
               Merge Cond: (lineitem_1.l_partkey = part.p_partkey)
               Join Filter: (lineitem.l_quantity < ((0.2 * avg(lineitem_1.l_quantity))))
               Rows Removed by Join Filter: 54632
               ->  Finalize GroupAggregate  (cost=2241516.36..3122332.00 rows=1681143 width=36) (actual time=17721.327..25041.842 rows=1999333 loops=1)
                     Group Key: lineitem_1.l_partkey
                     ->  Gather Merge  (cost=2241516.36..3046680.57 rows=6724572 width=36) (actual time=17721.307..19784.621 rows=9972270 loops=1)
                           Workers Planned: 4
                           Workers Launched: 4
                           ->  Sort  (cost=2240516.30..2244719.15 rows=1681143 width=36) (actual time=17531.447..17809.905 rows=1994986 loops=5)
                                 Sort Key: lineitem_1.l_partkey
                                 Sort Method: external merge  Disk: 103480kB
                                 Worker 0:  Sort Method: external merge  Disk: 103496kB
                                 Worker 1:  Sort Method: external merge  Disk: 103472kB
                                 Worker 2:  Sort Method: external merge  Disk: 103528kB
                                 Worker 3:  Sort Method: external merge  Disk: 103488kB
                                 ->  Partial HashAggregate  (cost=1869667.25..2037126.11 rows=1681143 width=36) (actual time=8416.298..16539.174 rows=1995119 loops=5)
                                       Group Key: lineitem_1.l_partkey
                                       Planned Partitions: 16  Batches: 81  Memory Usage: 34961kB  Disk Usage: 408216kB
                                       Worker 0:  Batches: 81  Memory Usage: 34961kB  Disk Usage: 414736kB
                                       Worker 1:  Batches: 81  Memory Usage: 34961kB  Disk Usage: 408056kB
                                       Worker 2:  Batches: 81  Memory Usage: 34961kB  Disk Usage: 424344kB
                                       Worker 3:  Batches: 81  Memory Usage: 34961kB  Disk Usage: 415752kB
                                       ->  Parallel Seq Scan on lineitem lineitem_1  (cost=0.00..1275102.25 rows=14995925 width=9) (actual time=0.045..1555.963 rows=11997210 loops=5)
               ->  Materialize  (cost=1000.93..101736.53 rows=57644 width=21) (actual time=3.702..27.097 rows=59951 loops=1)
                     ->  Gather Merge  (cost=1000.93..101592.42 rows=57644 width=21) (actual time=3.696..19.375 rows=59951 loops=1)
                           Workers Planned: 4
                           Workers Launched: 3
                           ->  Nested Loop  (cost=0.87..93726.41 rows=14411 width=21) (actual time=0.195..120.687 rows=14988 loops=4)
                                 ->  Parallel Index Scan using part_pkey on part  (cost=0.43..66712.45 rows=480 width=4) (actual time=0.171..101.718 rows=499 loops=4)
                                       Filter: ((p_brand = 'Brand#22'::bpchar) AND (p_container = 'LG BOX'::bpchar))
                                       Rows Removed by Filter: 499501
                                 ->  Index Scan using idx_lineitem_part_supp on lineitem  (cost=0.44..55.92 rows=36 width=17) (actual time=0.005..0.033 rows=30 loops=1996)
                                       Index Cond: (l_partkey = part.p_partkey)
 Planning Time: 0.835 ms
 Execution Time: 25275.495 ms
(38 rows)

query 18 run 1
SET
SET
SET
                                                                                                 QUERY PLAN                                                                                                  
-------------------------------------------------------------------------------------------------------------------------------------------------------------------------------------------------------------
 Limit  (cost=8774813.92..8774814.17 rows=100 width=71) (actual time=40900.665..40900.678 rows=99 loops=1)
   ->  Sort  (cost=8774813.92..8824787.18 rows=19989303 width=71) (actual time=40900.664..40900.671 rows=99 loops=1)
         Sort Key: orders.o_totalprice DESC, orders.o_orderdate
         Sort Method: quicksort  Memory: 32kB
         ->  HashAggregate  (cost=7409596.38..8010837.13 rows=19989303 width=71) (actual time=40900.184..40900.585 rows=99 loops=1)
               Group Key: customer.c_custkey, orders.o_orderkey
               Planned Partitions: 256  Batches: 1  Memory Usage: 3121kB
               ->  Hash Join  (cost=78587.89..6332828.84 rows=19989303 width=44) (actual time=4265.989..40899.787 rows=693 loops=1)
                     Hash Cond: (orders.o_custkey = customer.c_custkey)
                     ->  Merge Join  (cost=102.31..5919790.21 rows=19989303 width=25) (actual time=971.420..40115.906 rows=693 loops=1)
                           Merge Cond: (orders.o_orderkey = lineitem.l_orderkey)
                           ->  Merge Join  (cost=1.00..3390225.63 rows=4998642 width=24) (actual time=741.233..29058.102 rows=99 loops=1)
                                 Merge Cond: (orders.o_orderkey = lineitem_1.l_orderkey)
                                 ->  Index Scan using orders_pkey on orders  (cost=0.43..547963.56 rows=14999875 width=20) (actual time=0.406..2964.617 rows=14982724 loops=1)
                                 ->  GroupAggregate  (cost=0.56..2692292.94 rows=4998642 width=4) (actual time=634.270..25210.985 rows=99 loops=1)
                                       Group Key: lineitem_1.l_orderkey
                                       Filter: (sum(lineitem_1.l_quantity) > '313'::numeric)
                                       Rows Removed by Filter: 14999901
                                       ->  Index Scan using idx_lineitem_orderkey on lineitem lineitem_1  (cost=0.56..2167435.56 rows=59983700 width=9) (actual time=0.448..11985.018 rows=59986052 loops=1)
                           ->  Index Scan using idx_lineitem_orderkey on lineitem  (cost=0.56..2167435.56 rows=59983700 width=9) (actual time=0.014..7635.482 rows=59916431 loops=1)
                     ->  Hash  (cost=50946.81..50946.81 rows=1499981 width=23) (actual time=675.711..675.712 rows=1500000 loops=1)
                           Buckets: 524288  Batches: 4  Memory Usage: 24623kB
                           ->  Seq Scan on customer  (cost=0.00..50946.81 rows=1499981 width=23) (actual time=0.515..421.508 rows=1500000 loops=1)
 Planning Time: 21.106 ms
 Execution Time: 40901.500 ms
(25 rows)

SET
SET
SET
                                                                                                 QUERY PLAN                                                                                                 
------------------------------------------------------------------------------------------------------------------------------------------------------------------------------------------------------------
 Limit  (cost=8774813.92..8774814.17 rows=100 width=71) (actual time=37531.258..37531.271 rows=99 loops=1)
   ->  Sort  (cost=8774813.92..8824787.18 rows=19989303 width=71) (actual time=37531.257..37531.264 rows=99 loops=1)
         Sort Key: orders.o_totalprice DESC, orders.o_orderdate
         Sort Method: quicksort  Memory: 32kB
         ->  HashAggregate  (cost=7409596.38..8010837.13 rows=19989303 width=71) (actual time=37530.787..37531.178 rows=99 loops=1)
               Group Key: customer.c_custkey, orders.o_orderkey
               Planned Partitions: 256  Batches: 1  Memory Usage: 3121kB
               ->  Hash Join  (cost=78587.89..6332828.84 rows=19989303 width=44) (actual time=3680.990..37530.412 rows=693 loops=1)
                     Hash Cond: (orders.o_custkey = customer.c_custkey)
                     ->  Merge Join  (cost=102.31..5919790.21 rows=19989303 width=25) (actual time=842.366..36882.082 rows=693 loops=1)
                           Merge Cond: (orders.o_orderkey = lineitem.l_orderkey)
                           ->  Merge Join  (cost=1.00..3390225.63 rows=4998642 width=24) (actual time=609.688..25819.086 rows=99 loops=1)
                                 Merge Cond: (orders.o_orderkey = lineitem_1.l_orderkey)
                                 ->  Index Scan using orders_pkey on orders  (cost=0.43..547963.56 rows=14999875 width=20) (actual time=0.020..2387.210 rows=14982724 loops=1)
                                 ->  GroupAggregate  (cost=0.56..2692292.94 rows=4998642 width=4) (actual time=529.757..22570.243 rows=99 loops=1)
                                       Group Key: lineitem_1.l_orderkey
                                       Filter: (sum(lineitem_1.l_quantity) > '313'::numeric)
                                       Rows Removed by Filter: 14999901
                                       ->  Index Scan using idx_lineitem_orderkey on lineitem lineitem_1  (cost=0.56..2167435.56 rows=59983700 width=9) (actual time=0.014..9653.987 rows=59986052 loops=1)
                           ->  Index Scan using idx_lineitem_orderkey on lineitem  (cost=0.56..2167435.56 rows=59983700 width=9) (actual time=0.012..7677.859 rows=59916431 loops=1)
                     ->  Hash  (cost=50946.81..50946.81 rows=1499981 width=23) (actual time=540.827..540.827 rows=1500000 loops=1)
                           Buckets: 524288  Batches: 4  Memory Usage: 24623kB
                           ->  Seq Scan on customer  (cost=0.00..50946.81 rows=1499981 width=23) (actual time=0.026..292.039 rows=1500000 loops=1)
 Planning Time: 2.022 ms
 Execution Time: 37531.813 ms
(25 rows)

query 19 run 1
SET
SET
SET
                                                                                                                                                                                                                                                                                                                                                                                                                                                                                                                  QUERY PLAN                                                                                                                                                                                                                                                                                                                                                                                                                                                                                                                  
----------------------------------------------------------------------------------------------------------------------------------------------------------------------------------------------------------------------------------------------------------------------------------------------------------------------------------------------------------------------------------------------------------------------------------------------------------------------------------------------------------------------------------------------------------------------------------------------------------------------------------------------------------------------------------------------------------------------------------------------------------------------------------------------------------------------------------------------------------------------------------------------------------------------------------------------------------------------------------------------------------------------------------------------
 Limit  (cost=133271.07..133271.08 rows=1 width=32) (actual time=4940.439..4952.506 rows=1 loops=1)
   ->  Finalize Aggregate  (cost=133271.07..133271.08 rows=1 width=32) (actual time=4940.437..4952.503 rows=1 loops=1)
         ->  Gather  (cost=133270.64..133271.05 rows=4 width=32) (actual time=4931.194..4952.479 rows=5 loops=1)
               Workers Planned: 4
               Workers Launched: 4
               ->  Partial Aggregate  (cost=132270.64..132270.65 rows=1 width=32) (actual time=4925.194..4925.195 rows=1 loops=5)
                     ->  Nested Loop  (cost=0.44..132268.56 rows=277 width=12) (actual time=33.957..4924.569 rows=213 loops=5)
                           ->  Parallel Seq Scan on part  (cost=0.00..62231.03 rows=1203 width=30) (actual time=0.488..181.331 rows=956 loops=5)
                                 Filter: ((p_size >= 1) AND (((p_brand = 'Brand#24'::bpchar) AND (p_container = ANY ('{"SM CASE","SM BOX","SM PACK","SM PKG"}'::bpchar[])) AND (p_size <= 5)) OR ((p_brand = 'Brand#43'::bpchar) AND (p_container = ANY ('{"MED BAG","MED BOX","MED PKG","MED PACK"}'::bpchar[])) AND (p_size <= 10)) OR ((p_brand = 'Brand#44'::bpchar) AND (p_container = ANY ('{"LG CASE","LG BOX","LG PACK","LG PKG"}'::bpchar[])) AND (p_size <= 15))))
                                 Rows Removed by Filter: 399044
                           ->  Index Scan using idx_lineitem_part_supp on lineitem  (cost=0.44..58.21 rows=1 width=21) (actual time=4.476..4.959 rows=0 loops=4781)
                                 Index Cond: (l_partkey = part.p_partkey)
                                 Filter: ((l_shipmode = ANY ('{AIR,"AIR REG"}'::bpchar[])) AND (l_shipinstruct = 'DELIVER IN PERSON'::bpchar) AND (((l_quantity >= '10'::numeric) AND (l_quantity <= '20'::numeric)) OR ((l_quantity >= '10'::numeric) AND (l_quantity <= '20'::numeric)) OR ((l_quantity >= '20'::numeric) AND (l_quantity <= '30'::numeric))) AND (((part.p_brand = 'Brand#24'::bpchar) AND (part.p_container = ANY ('{"SM CASE","SM BOX","SM PACK","SM PKG"}'::bpchar[])) AND (l_quantity >= '10'::numeric) AND (l_quantity <= '20'::numeric) AND (part.p_size <= 5)) OR ((part.p_brand = 'Brand#43'::bpchar) AND (part.p_container = ANY ('{"MED BAG","MED BOX","MED PKG","MED PACK"}'::bpchar[])) AND (l_quantity >= '10'::numeric) AND (l_quantity <= '20'::numeric) AND (part.p_size <= 10)) OR ((part.p_brand = 'Brand#44'::bpchar) AND (part.p_container = ANY ('{"LG CASE","LG BOX","LG PACK","LG PKG"}'::bpchar[])) AND (l_quantity >= '20'::numeric) AND (l_quantity <= '30'::numeric) AND (part.p_size <= 15))))
                                 Rows Removed by Filter: 30
 Planning Time: 17.389 ms
 Execution Time: 4952.822 ms
(16 rows)

SET
SET
SET
                                                                                                                                                                                                                                                                                                                                                                                                                                                                                                                  QUERY PLAN                                                                                                                                                                                                                                                                                                                                                                                                                                                                                                                  
----------------------------------------------------------------------------------------------------------------------------------------------------------------------------------------------------------------------------------------------------------------------------------------------------------------------------------------------------------------------------------------------------------------------------------------------------------------------------------------------------------------------------------------------------------------------------------------------------------------------------------------------------------------------------------------------------------------------------------------------------------------------------------------------------------------------------------------------------------------------------------------------------------------------------------------------------------------------------------------------------------------------------------------------
 Limit  (cost=133271.07..133271.08 rows=1 width=32) (actual time=221.000..241.720 rows=1 loops=1)
   ->  Finalize Aggregate  (cost=133271.07..133271.08 rows=1 width=32) (actual time=220.999..241.718 rows=1 loops=1)
         ->  Gather  (cost=133270.64..133271.05 rows=4 width=32) (actual time=216.491..241.700 rows=5 loops=1)
               Workers Planned: 4
               Workers Launched: 4
               ->  Partial Aggregate  (cost=132270.64..132270.65 rows=1 width=32) (actual time=211.193..211.194 rows=1 loops=5)
                     ->  Nested Loop  (cost=0.44..132268.56 rows=277 width=12) (actual time=0.800..211.011 rows=213 loops=5)
                           ->  Parallel Seq Scan on part  (cost=0.00..62231.03 rows=1203 width=30) (actual time=0.145..130.240 rows=956 loops=5)
                                 Filter: ((p_size >= 1) AND (((p_brand = 'Brand#24'::bpchar) AND (p_container = ANY ('{"SM CASE","SM BOX","SM PACK","SM PKG"}'::bpchar[])) AND (p_size <= 5)) OR ((p_brand = 'Brand#43'::bpchar) AND (p_container = ANY ('{"MED BAG","MED BOX","MED PKG","MED PACK"}'::bpchar[])) AND (p_size <= 10)) OR ((p_brand = 'Brand#44'::bpchar) AND (p_container = ANY ('{"LG CASE","LG BOX","LG PACK","LG PKG"}'::bpchar[])) AND (p_size <= 15))))
                                 Rows Removed by Filter: 399044
                           ->  Index Scan using idx_lineitem_part_supp on lineitem  (cost=0.44..58.21 rows=1 width=21) (actual time=0.074..0.084 rows=0 loops=4781)
                                 Index Cond: (l_partkey = part.p_partkey)
                                 Filter: ((l_shipmode = ANY ('{AIR,"AIR REG"}'::bpchar[])) AND (l_shipinstruct = 'DELIVER IN PERSON'::bpchar) AND (((l_quantity >= '10'::numeric) AND (l_quantity <= '20'::numeric)) OR ((l_quantity >= '10'::numeric) AND (l_quantity <= '20'::numeric)) OR ((l_quantity >= '20'::numeric) AND (l_quantity <= '30'::numeric))) AND (((part.p_brand = 'Brand#24'::bpchar) AND (part.p_container = ANY ('{"SM CASE","SM BOX","SM PACK","SM PKG"}'::bpchar[])) AND (l_quantity >= '10'::numeric) AND (l_quantity <= '20'::numeric) AND (part.p_size <= 5)) OR ((part.p_brand = 'Brand#43'::bpchar) AND (part.p_container = ANY ('{"MED BAG","MED BOX","MED PKG","MED PACK"}'::bpchar[])) AND (l_quantity >= '10'::numeric) AND (l_quantity <= '20'::numeric) AND (part.p_size <= 10)) OR ((part.p_brand = 'Brand#44'::bpchar) AND (part.p_container = ANY ('{"LG CASE","LG BOX","LG PACK","LG PKG"}'::bpchar[])) AND (l_quantity >= '20'::numeric) AND (l_quantity <= '30'::numeric) AND (part.p_size <= 15))))
                                 Rows Removed by Filter: 30
 Planning Time: 1.023 ms
 Execution Time: 241.773 ms
(16 rows)

query 20 run 1
SET
SET
SET
                                                                                    QUERY PLAN                                                                                     
-----------------------------------------------------------------------------------------------------------------------------------------------------------------------------------
 Limit  (cost=2450148.30..2695035.01 rows=1 width=51) (actual time=28760.622..28761.866 rows=1 loops=1)
   ->  Nested Loop Semi Join  (cost=2450148.30..2695035.01 rows=1 width=51) (actual time=28760.620..28761.864 rows=1 loops=1)
         Join Filter: (supplier.s_suppkey = lineitem.l_suppkey)
         Rows Removed by Join Filter: 12776
         ->  Gather Merge  (cost=4122.93..4578.81 rows=4000 width=55) (actual time=27.298..28.479 rows=1 loops=1)
               Workers Planned: 1
               Workers Launched: 1
               ->  Sort  (cost=3122.92..3128.80 rows=2353 width=55) (actual time=19.533..19.550 rows=358 loops=2)
                     Sort Key: supplier.s_name
                     Sort Method: quicksort  Memory: 430kB
                     Worker 0:  Sort Method: quicksort  Memory: 222kB
                     ->  Hash Join  (cost=1.32..2991.15 rows=2353 width=55) (actual time=0.265..18.084 rows=2048 loops=2)
                           Hash Cond: (supplier.s_nationkey = nation.n_nationkey)
                           ->  Parallel Seq Scan on supplier  (cost=0.00..2809.24 rows=58824 width=59) (actual time=0.123..13.271 rows=50000 loops=2)
                           ->  Hash  (cost=1.31..1.31 rows=1 width=4) (actual time=0.088..0.089 rows=1 loops=2)
                                 Buckets: 1024  Batches: 1  Memory Usage: 9kB
                                 ->  Seq Scan on nation  (cost=0.00..1.31 rows=1 width=4) (actual time=0.082..0.084 rows=1 loops=2)
                                       Filter: (n_name = 'IRAQ'::bpchar)
                                       Rows Removed by Filter: 24
         ->  Materialize  (cost=2446025.37..2690276.21 rows=3 width=8) (actual time=27319.997..28732.346 rows=12777 loops=1)
               ->  Hash Join  (cost=2446025.37..2690276.19 rows=3 width=8) (actual time=27319.994..28729.816 rows=12777 loops=1)
                     Hash Cond: ((lineitem.l_partkey = partsupp.ps_partkey) AND (lineitem.l_suppkey = partsupp.ps_suppkey))
                     Join Filter: ((partsupp.ps_availqty)::numeric > ((0.5 * sum(lineitem.l_quantity))))
                     Rows Removed by Join Filter: 26
                     ->  HashAggregate  (cost=2369558.31..2529546.64 rows=4814992 width=40) (actual time=25860.853..27098.544 rows=1183786 loops=1)
                           Group Key: lineitem.l_partkey, lineitem.l_suppkey
                           Planned Partitions: 64  Batches: 65  Memory Usage: 35345kB  Disk Usage: 388568kB
                           ->  Bitmap Heap Scan on lineitem  (cost=144096.58..1990771.27 rows=8986977 width=13) (actual time=1253.607..20417.510 rows=9123688 loops=1)
                                 Recheck Cond: ((l_shipdate >= '1996-01-01'::date) AND (l_shipdate < '1997-01-01'::date))
                                 Rows Removed by Index Recheck: 23164080
                                 Heap Blocks: exact=518099 lossy=530696
                                 ->  Bitmap Index Scan on idx_lineitem_shipdate  (cost=0.00..141849.84 rows=8986977 width=0) (actual time=1148.291..1148.291 rows=9123688 loops=1)
                                       Index Cond: ((l_shipdate >= '1996-01-01'::date) AND (l_shipdate < '1997-01-01'::date))
                     ->  Hash  (cost=75254.62..75254.62 rows=80829 width=16) (actual time=1458.740..1458.802 rows=86872 loops=1)
                           Buckets: 131072  Batches: 1  Memory Usage: 5097kB
                           ->  Gather  (cost=1000.43..75254.62 rows=80829 width=16) (actual time=2.845..1435.312 rows=86872 loops=1)
                                 Workers Planned: 4
                                 Workers Launched: 4
                                 ->  Nested Loop  (cost=0.43..66171.72 rows=20207 width=16) (actual time=2.324..1439.895 rows=17374 loops=5)
                                       ->  Parallel Seq Scan on part  (cost=0.00..47231.01 rows=5050 width=4) (actual time=0.572..188.795 rows=4344 loops=5)
                                             Filter: ((p_name)::text ~~ 'olive%'::text)
                                             Rows Removed by Filter: 395656
                                       ->  Index Scan using idx_partsupp_partkey on partsupp  (cost=0.43..3.57 rows=18 width=12) (actual time=0.266..0.286 rows=4 loops=21718)
                                             Index Cond: (ps_partkey = part.p_partkey)
 Planning Time: 20.315 ms
 Execution Time: 28810.297 ms
(46 rows)

SET
SET
SET
                                                                                    QUERY PLAN                                                                                     
-----------------------------------------------------------------------------------------------------------------------------------------------------------------------------------
 Limit  (cost=2450148.30..2695035.01 rows=1 width=51) (actual time=14698.242..14699.672 rows=1 loops=1)
   ->  Nested Loop Semi Join  (cost=2450148.30..2695035.01 rows=1 width=51) (actual time=14698.241..14699.670 rows=1 loops=1)
         Join Filter: (supplier.s_suppkey = lineitem.l_suppkey)
         Rows Removed by Join Filter: 12776
         ->  Gather Merge  (cost=4122.93..4578.81 rows=4000 width=55) (actual time=17.555..18.928 rows=1 loops=1)
               Workers Planned: 1
               Workers Launched: 1
               ->  Sort  (cost=3122.92..3128.80 rows=2353 width=55) (actual time=15.480..15.497 rows=358 loops=2)
                     Sort Key: supplier.s_name
                     Sort Method: quicksort  Memory: 389kB
                     Worker 0:  Sort Method: quicksort  Memory: 263kB
                     ->  Hash Join  (cost=1.32..2991.15 rows=2353 width=55) (actual time=0.104..14.176 rows=2048 loops=2)
                           Hash Cond: (supplier.s_nationkey = nation.n_nationkey)
                           ->  Parallel Seq Scan on supplier  (cost=0.00..2809.24 rows=58824 width=59) (actual time=0.022..9.393 rows=50000 loops=2)
                           ->  Hash  (cost=1.31..1.31 rows=1 width=4) (actual time=0.022..0.023 rows=1 loops=2)
                                 Buckets: 1024  Batches: 1  Memory Usage: 9kB
                                 ->  Seq Scan on nation  (cost=0.00..1.31 rows=1 width=4) (actual time=0.016..0.018 rows=1 loops=2)
                                       Filter: (n_name = 'IRAQ'::bpchar)
                                       Rows Removed by Filter: 24
         ->  Materialize  (cost=2446025.37..2690276.21 rows=3 width=8) (actual time=13270.860..14679.690 rows=12777 loops=1)
               ->  Hash Join  (cost=2446025.37..2690276.19 rows=3 width=8) (actual time=13270.856..14677.149 rows=12777 loops=1)
                     Hash Cond: ((lineitem.l_partkey = partsupp.ps_partkey) AND (lineitem.l_suppkey = partsupp.ps_suppkey))
                     Join Filter: ((partsupp.ps_availqty)::numeric > ((0.5 * sum(lineitem.l_quantity))))
                     Rows Removed by Join Filter: 26
                     ->  HashAggregate  (cost=2369558.31..2529546.64 rows=4814992 width=40) (actual time=13050.268..14283.965 rows=1183786 loops=1)
                           Group Key: lineitem.l_partkey, lineitem.l_suppkey
                           Planned Partitions: 64  Batches: 65  Memory Usage: 35345kB  Disk Usage: 388568kB
                           ->  Bitmap Heap Scan on lineitem  (cost=144096.58..1990771.27 rows=8986977 width=13) (actual time=1115.841..8997.042 rows=9123688 loops=1)
                                 Recheck Cond: ((l_shipdate >= '1996-01-01'::date) AND (l_shipdate < '1997-01-01'::date))
                                 Rows Removed by Index Recheck: 23164080
                                 Heap Blocks: exact=518099 lossy=530696
                                 ->  Bitmap Index Scan on idx_lineitem_shipdate  (cost=0.00..141849.84 rows=8986977 width=0) (actual time=1011.172..1011.172 rows=9123688 loops=1)
                                       Index Cond: ((l_shipdate >= '1996-01-01'::date) AND (l_shipdate < '1997-01-01'::date))
                     ->  Hash  (cost=75254.62..75254.62 rows=80829 width=16) (actual time=220.386..220.440 rows=86872 loops=1)
                           Buckets: 131072  Batches: 1  Memory Usage: 5097kB
                           ->  Gather  (cost=1000.43..75254.62 rows=80829 width=16) (actual time=0.593..201.553 rows=86872 loops=1)
                                 Workers Planned: 4
                                 Workers Launched: 4
                                 ->  Nested Loop  (cost=0.43..66171.72 rows=20207 width=16) (actual time=0.466..203.720 rows=17374 loops=5)
                                       ->  Parallel Seq Scan on part  (cost=0.00..47231.01 rows=5050 width=4) (actual time=0.057..90.776 rows=4344 loops=5)
                                             Filter: ((p_name)::text ~~ 'olive%'::text)
                                             Rows Removed by Filter: 395656
                                       ->  Index Scan using idx_partsupp_partkey on partsupp  (cost=0.43..3.57 rows=18 width=12) (actual time=0.024..0.025 rows=4 loops=21718)
                                             Index Cond: (ps_partkey = part.p_partkey)
 Planning Time: 2.170 ms
 Execution Time: 14748.095 ms
(46 rows)

query 21 run 1
SET
SET
SET
                                                                                           QUERY PLAN                                                                                           
------------------------------------------------------------------------------------------------------------------------------------------------------------------------------------------------
 Limit  (cost=1965896.49..1965896.49 rows=1 width=34) (actual time=13508.068..13527.725 rows=100 loops=1)
   ->  Sort  (cost=1965896.49..1965896.49 rows=1 width=34) (actual time=13508.067..13527.717 rows=100 loops=1)
         Sort Key: (count(*)) DESC, supplier.s_name
         Sort Method: top-N heapsort  Memory: 38kB
         ->  GroupAggregate  (cost=1965893.26..1965896.48 rows=1 width=34) (actual time=13014.733..13525.408 rows=3991 loops=1)
               Group Key: supplier.s_name
               ->  Nested Loop Semi Join  (cost=1965893.26..1965896.46 rows=1 width=26) (actual time=13014.556..13514.286 rows=39281 loops=1)
                     Join Filter: (l2.l_suppkey <> l1.l_suppkey)
                     Rows Removed by Join Filter: 42025
                     ->  Gather Merge  (cost=1965892.70..1965892.82 rows=1 width=38) (actual time=13014.528..13068.980 rows=65960 loops=1)
                           Workers Planned: 4
                           Workers Launched: 4
                           ->  Sort  (cost=1964892.64..1964892.65 rows=1 width=38) (actual time=12988.614..12990.508 rows=13192 loops=5)
                                 Sort Key: supplier.s_name
                                 Sort Method: quicksort  Memory: 1414kB
                                 Worker 0:  Sort Method: quicksort  Memory: 1417kB
                                 Worker 1:  Sort Method: quicksort  Memory: 1412kB
                                 Worker 2:  Sort Method: quicksort  Memory: 1417kB
                                 Worker 3:  Sort Method: quicksort  Memory: 1415kB
                                 ->  Nested Loop Anti Join  (cost=1338033.60..1964892.63 rows=1 width=38) (actual time=8816.796..12913.721 rows=13192 loops=5)
                                       ->  Parallel Hash Join  (cost=1338033.04..1653244.65 rows=97060 width=38) (actual time=8816.040..10398.491 rows=146197 loops=5)
                                             Hash Cond: (orders.o_orderkey = l1.l_orderkey)
                                             ->  Parallel Seq Scan on orders  (cost=0.00..308142.61 rows=1820360 width=4) (actual time=0.505..1062.657 rows=1461837 loops=5)
                                                   Filter: (o_orderstatus = 'F'::bpchar)
                                                   Rows Removed by Filter: 1538163
                                             ->  Parallel Hash  (cost=1335533.71..1335533.71 rows=199946 width=34) (actual time=8814.285..8814.588 rows=302853 loops=5)
                                                   Buckets: 2097152 (originally 1048576)  Batches: 1 (originally 1)  Memory Usage: 131360kB
                                                   ->  Parallel Hash Join  (cost=3020.56..1335533.71 rows=199946 width=34) (actual time=15.930..8635.752 rows=302853 loops=5)
                                                         Hash Cond: (l1.l_suppkey = supplier.s_suppkey)
                                                         ->  Parallel Seq Scan on lineitem l1  (cost=0.00..1312592.06 rows=4998642 width=8) (actual time=0.553..7768.046 rows=7585870 loops=5)
                                                               Filter: (l_receiptdate > l_commitdate)
                                                               Rows Removed by Filter: 4411341
                                                         ->  Parallel Hash  (cost=2991.15..2991.15 rows=2353 width=30) (actual time=15.252..15.254 rows=798 loops=5)
                                                               Buckets: 4096  Batches: 1  Memory Usage: 384kB
                                                               ->  Hash Join  (cost=1.32..2991.15 rows=2353 width=30) (actual time=0.132..14.781 rows=798 loops=5)
                                                                     Hash Cond: (supplier.s_nationkey = nation.n_nationkey)
                                                                     ->  Parallel Seq Scan on supplier  (cost=0.00..2809.24 rows=58824 width=34) (actual time=0.058..12.395 rows=20000 loops=5)
                                                                     ->  Hash  (cost=1.31..1.31 rows=1 width=4) (actual time=0.065..0.066 rows=1 loops=5)
                                                                           Buckets: 1024  Batches: 1  Memory Usage: 9kB
                                                                           ->  Seq Scan on nation  (cost=0.00..1.31 rows=1 width=4) (actual time=0.061..0.063 rows=1 loops=5)
                                                                                 Filter: (n_name = 'PERU'::bpchar)
                                                                                 Rows Removed by Filter: 24
                                       ->  Index Scan using idx_lineitem_orderkey on lineitem l3  (cost=0.56..3.64 rows=1 width=8) (actual time=0.017..0.017 rows=1 loops=730985)
                                             Index Cond: (l_orderkey = l1.l_orderkey)
                                             Filter: ((l_receiptdate > l_commitdate) AND (l_suppkey <> l1.l_suppkey))
                                             Rows Removed by Filter: 1
                     ->  Index Scan using idx_lineitem_orderkey on lineitem l2  (cost=0.56..3.62 rows=4 width=8) (actual time=0.006..0.006 rows=1 loops=65960)
                           Index Cond: (l_orderkey = orders.o_orderkey)
 Planning Time: 20.595 ms
 Execution Time: 13528.167 ms
(50 rows)

SET
SET
SET
                                                                                          QUERY PLAN                                                                                           
-----------------------------------------------------------------------------------------------------------------------------------------------------------------------------------------------
 Limit  (cost=1965896.49..1965896.49 rows=1 width=34) (actual time=7004.500..7020.801 rows=100 loops=1)
   ->  Sort  (cost=1965896.49..1965896.49 rows=1 width=34) (actual time=7004.499..7020.793 rows=100 loops=1)
         Sort Key: (count(*)) DESC, supplier.s_name
         Sort Method: top-N heapsort  Memory: 38kB
         ->  GroupAggregate  (cost=1965893.26..1965896.48 rows=1 width=34) (actual time=6527.994..7018.435 rows=3991 loops=1)
               Group Key: supplier.s_name
               ->  Nested Loop Semi Join  (cost=1965893.26..1965896.46 rows=1 width=26) (actual time=6527.857..7007.713 rows=39281 loops=1)
                     Join Filter: (l2.l_suppkey <> l1.l_suppkey)
                     Rows Removed by Join Filter: 42025
                     ->  Gather Merge  (cost=1965892.70..1965892.82 rows=1 width=38) (actual time=6527.788..6577.666 rows=65960 loops=1)
                           Workers Planned: 4
                           Workers Launched: 4
                           ->  Sort  (cost=1964892.64..1964892.65 rows=1 width=38) (actual time=6503.889..6505.791 rows=13192 loops=5)
                                 Sort Key: supplier.s_name
                                 Sort Method: quicksort  Memory: 1405kB
                                 Worker 0:  Sort Method: quicksort  Memory: 1421kB
                                 Worker 1:  Sort Method: quicksort  Memory: 1383kB
                                 Worker 2:  Sort Method: quicksort  Memory: 1416kB
                                 Worker 3:  Sort Method: quicksort  Memory: 1451kB
                                 ->  Nested Loop Anti Join  (cost=1338033.60..1964892.63 rows=1 width=38) (actual time=3858.040..6429.570 rows=13192 loops=5)
                                       ->  Parallel Hash Join  (cost=1338033.04..1653244.65 rows=97060 width=38) (actual time=3857.784..4846.778 rows=146197 loops=5)
                                             Hash Cond: (orders.o_orderkey = l1.l_orderkey)
                                             ->  Parallel Seq Scan on orders  (cost=0.00..308142.61 rows=1820360 width=4) (actual time=0.029..502.535 rows=1461837 loops=5)
                                                   Filter: (o_orderstatus = 'F'::bpchar)
                                                   Rows Removed by Filter: 1538163
                                             ->  Parallel Hash  (cost=1335533.71..1335533.71 rows=199946 width=34) (actual time=3856.330..3856.628 rows=302853 loops=5)
                                                   Buckets: 2097152 (originally 1048576)  Batches: 1 (originally 1)  Memory Usage: 131392kB
                                                   ->  Parallel Hash Join  (cost=3020.56..1335533.71 rows=199946 width=34) (actual time=11.417..3667.166 rows=302853 loops=5)
                                                         Hash Cond: (l1.l_suppkey = supplier.s_suppkey)
                                                         ->  Parallel Seq Scan on lineitem l1  (cost=0.00..1312592.06 rows=4998642 width=8) (actual time=1.567..2759.144 rows=7585870 loops=5)
                                                               Filter: (l_receiptdate > l_commitdate)
                                                               Rows Removed by Filter: 4411341
                                                         ->  Parallel Hash  (cost=2991.15..2991.15 rows=2353 width=30) (actual time=9.783..9.786 rows=798 loops=5)
                                                               Buckets: 4096  Batches: 1  Memory Usage: 352kB
                                                               ->  Hash Join  (cost=1.32..2991.15 rows=2353 width=30) (actual time=0.059..9.489 rows=798 loops=5)
                                                                     Hash Cond: (supplier.s_nationkey = nation.n_nationkey)
                                                                     ->  Parallel Seq Scan on supplier  (cost=0.00..2809.24 rows=58824 width=34) (actual time=0.024..7.508 rows=20000 loops=5)
                                                                     ->  Hash  (cost=1.31..1.31 rows=1 width=4) (actual time=0.021..0.022 rows=1 loops=5)
                                                                           Buckets: 1024  Batches: 1  Memory Usage: 9kB
                                                                           ->  Seq Scan on nation  (cost=0.00..1.31 rows=1 width=4) (actual time=0.018..0.019 rows=1 loops=5)
                                                                                 Filter: (n_name = 'PERU'::bpchar)
                                                                                 Rows Removed by Filter: 24
                                       ->  Index Scan using idx_lineitem_orderkey on lineitem l3  (cost=0.56..3.64 rows=1 width=8) (actual time=0.010..0.010 rows=1 loops=730985)
                                             Index Cond: (l_orderkey = l1.l_orderkey)
                                             Filter: ((l_receiptdate > l_commitdate) AND (l_suppkey <> l1.l_suppkey))
                                             Rows Removed by Filter: 1
                     ->  Index Scan using idx_lineitem_orderkey on lineitem l2  (cost=0.56..3.62 rows=4 width=8) (actual time=0.006..0.006 rows=1 loops=65960)
                           Index Cond: (l_orderkey = orders.o_orderkey)
 Planning Time: 3.125 ms
 Execution Time: 7020.907 ms
(50 rows)

query 22 run 1
SET
SET
SET
                                                                          QUERY PLAN                                                                          
--------------------------------------------------------------------------------------------------------------------------------------------------------------
 Limit  (cost=93876.66..93878.34 rows=1 width=72) (actual time=1812.508..1818.066 rows=1 loops=1)
   InitPlan 1 (returns $1)
     ->  Finalize Aggregate  (cost=46820.95..46820.96 rows=1 width=32) (actual time=370.846..370.938 rows=1 loops=1)
           ->  Gather  (cost=46820.52..46820.93 rows=4 width=32) (actual time=367.642..370.921 rows=5 loops=1)
                 Workers Planned: 4
                 Workers Launched: 4
                 ->  Partial Aggregate  (cost=45820.52..45820.53 rows=1 width=32) (actual time=358.831..358.831 rows=1 loops=5)
                       ->  Parallel Seq Scan on customer customer_1  (cost=0.00..45790.63 rows=11957 width=6) (actual time=0.109..350.646 rows=76485 loops=5)
                             Filter: ((c_acctbal > 0.00) AND ("substring"((c_phone)::text, 1, 2) = ANY ('{21,29,26,34,14,15,17}'::text[])))
                             Rows Removed by Filter: 223515
   ->  GroupAggregate  (cost=47055.70..59761.65 rows=7589 width=72) (actual time=1812.507..1817.972 rows=1 loops=1)
         Group Key: "substring"((customer.c_phone)::text, 1, 2)
         ->  Nested Loop Anti Join  (cost=47055.70..59571.92 rows=7589 width=38) (actual time=552.938..1812.155 rows=9006 loops=1)
               ->  Gather Merge  (cost=47055.26..49150.62 rows=17500 width=26) (actual time=551.752..573.507 rows=27128 loops=1)
                     Workers Planned: 4
                     Params Evaluated: $1
                     Workers Launched: 4
                     ->  Sort  (cost=46055.20..46066.14 rows=4375 width=26) (actual time=176.022..176.818 rows=6165 loops=5)
                           Sort Key: ("substring"((customer.c_phone)::text, 1, 2))
                           Sort Method: quicksort  Memory: 5396kB
                           Worker 0:  Sort Method: quicksort  Memory: 5194kB
                           Worker 1:  Sort Method: quicksort  Memory: 2593kB
                           Worker 2:  Sort Method: quicksort  Memory: 2612kB
                           Worker 3:  Sort Method: quicksort  Memory: 5284kB
                           ->  Parallel Seq Scan on customer  (cost=0.00..45790.63 rows=4375 width=26) (actual time=0.020..159.927 rows=38226 loops=5)
                                 Filter: ((c_acctbal > $1) AND ("substring"((c_phone)::text, 1, 2) = ANY ('{21,29,26,34,14,15,17}'::text[])))
                                 Rows Removed by Filter: 261774
               ->  Index Only Scan using idx_orders_custkey on orders  (cost=0.43..2.17 rows=18 width=4) (actual time=0.045..0.045 rows=1 loops=27128)
                     Index Cond: (o_custkey = customer.c_custkey)
                     Heap Fetches: 0
 Planning Time: 15.240 ms
 Execution Time: 1818.908 ms
(32 rows)

SET
SET
SET
                                                                          QUERY PLAN                                                                          
--------------------------------------------------------------------------------------------------------------------------------------------------------------
 Limit  (cost=93876.66..93878.34 rows=1 width=72) (actual time=463.401..468.026 rows=1 loops=1)
   InitPlan 1 (returns $1)
     ->  Finalize Aggregate  (cost=46820.95..46820.96 rows=1 width=32) (actual time=216.053..216.141 rows=1 loops=1)
           ->  Gather  (cost=46820.52..46820.93 rows=4 width=32) (actual time=212.447..216.123 rows=5 loops=1)
                 Workers Planned: 4
                 Workers Launched: 4
                 ->  Partial Aggregate  (cost=45820.52..45820.53 rows=1 width=32) (actual time=207.217..207.218 rows=1 loops=5)
                       ->  Parallel Seq Scan on customer customer_1  (cost=0.00..45790.63 rows=11957 width=6) (actual time=0.019..197.682 rows=76485 loops=5)
                             Filter: ((c_acctbal > 0.00) AND ("substring"((c_phone)::text, 1, 2) = ANY ('{21,29,26,34,14,15,17}'::text[])))
                             Rows Removed by Filter: 223515
   ->  GroupAggregate  (cost=47055.70..59761.65 rows=7589 width=72) (actual time=463.400..467.936 rows=1 loops=1)
         Group Key: "substring"((customer.c_phone)::text, 1, 2)
         ->  Nested Loop Anti Join  (cost=47055.70..59571.92 rows=7589 width=38) (actual time=394.276..465.991 rows=9006 loops=1)
               ->  Gather Merge  (cost=47055.26..49150.62 rows=17500 width=26) (actual time=394.235..405.892 rows=27130 loops=1)
                     Workers Planned: 4
                     Params Evaluated: $1
                     Workers Launched: 4
                     ->  Sort  (cost=46055.20..46066.14 rows=4375 width=26) (actual time=170.235..170.820 rows=6129 loops=5)
                           Sort Key: ("substring"((customer.c_phone)::text, 1, 2))
                           Sort Method: quicksort  Memory: 5339kB
                           Worker 0:  Sort Method: quicksort  Memory: 5205kB
                           Worker 1:  Sort Method: quicksort  Memory: 5143kB
                           Worker 2:  Sort Method: quicksort  Memory: 2563kB
                           Worker 3:  Sort Method: quicksort  Memory: 2829kB
                           ->  Parallel Seq Scan on customer  (cost=0.00..45790.63 rows=4375 width=26) (actual time=0.020..156.517 rows=38226 loops=5)
                                 Filter: ((c_acctbal > $1) AND ("substring"((c_phone)::text, 1, 2) = ANY ('{21,29,26,34,14,15,17}'::text[])))
                                 Rows Removed by Filter: 261774
               ->  Index Only Scan using idx_orders_custkey on orders  (cost=0.43..2.17 rows=18 width=4) (actual time=0.002..0.002 rows=1 loops=27130)
                     Index Cond: (o_custkey = customer.c_custkey)
                     Heap Fetches: 0
 Planning Time: 0.802 ms
 Execution Time: 468.092 ms
(32 rows)

