query 1 run 1
SET
SET
SET
                                                                 QUERY PLAN                                                                  
---------------------------------------------------------------------------------------------------------------------------------------------
 Limit  (cost=4244359.44..4244359.44 rows=1 width=236) (actual time=71639.451..71639.452 rows=1 loops=1)
   ->  Sort  (cost=4244359.44..4244359.45 rows=6 width=236) (actual time=71639.449..71639.450 rows=1 loops=1)
         Sort Key: l_returnflag, l_linestatus
         Sort Method: top-N heapsort  Memory: 25kB
         ->  HashAggregate  (cost=4244359.24..4244359.41 rows=6 width=236) (actual time=71638.632..71638.640 rows=4 loops=1)
               Group Key: l_returnflag, l_linestatus
               ->  Seq Scan on lineitem  (cost=0.00..1874945.80 rows=59235336 width=25) (actual time=0.498..11857.873 rows=59284448 loops=1)
                     Filter: (l_shipdate <= '1998-09-10 00:00:00'::timestamp without time zone)
                     Rows Removed by Filter: 701604
 Planning Time: 13.235 ms
 Execution Time: 71640.588 ms
(11 rows)

SET
SET
SET
                                                                 QUERY PLAN                                                                  
---------------------------------------------------------------------------------------------------------------------------------------------
 Limit  (cost=4244359.44..4244359.44 rows=1 width=236) (actual time=69641.014..69641.015 rows=1 loops=1)
   ->  Sort  (cost=4244359.44..4244359.45 rows=6 width=236) (actual time=69641.013..69641.013 rows=1 loops=1)
         Sort Key: l_returnflag, l_linestatus
         Sort Method: top-N heapsort  Memory: 25kB
         ->  HashAggregate  (cost=4244359.24..4244359.41 rows=6 width=236) (actual time=69640.984..69640.992 rows=4 loops=1)
               Group Key: l_returnflag, l_linestatus
               ->  Seq Scan on lineitem  (cost=0.00..1874945.80 rows=59235336 width=25) (actual time=0.021..10154.922 rows=59284448 loops=1)
                     Filter: (l_shipdate <= '1998-09-10 00:00:00'::timestamp without time zone)
                     Rows Removed by Filter: 701604
 Planning Time: 0.500 ms
 Execution Time: 69641.070 ms
(11 rows)

query 2 run 1
SET
SET
SET
                                                                                        QUERY PLAN                                                                                         
-------------------------------------------------------------------------------------------------------------------------------------------------------------------------------------------
 Limit  (cost=1070786.49..1070786.50 rows=1 width=193) (actual time=5341.468..5341.484 rows=100 loops=1)
   ->  Sort  (cost=1070786.49..1070786.50 rows=1 width=193) (actual time=5341.467..5341.477 rows=100 loops=1)
         Sort Key: supplier.s_acctbal DESC, nation.n_name, supplier.s_name, part.p_partkey
         Sort Method: top-N heapsort  Memory: 71kB
         ->  Merge Join  (cost=558219.82..1070786.48 rows=1 width=193) (actual time=3168.147..5337.802 rows=4737 loops=1)
               Merge Cond: (part.p_partkey = partsupp.ps_partkey)
               Join Filter: (partsupp.ps_supplycost = (SubPlan 1))
               Rows Removed by Join Filter: 1661
               ->  Index Scan using part_pkey on part  (cost=0.43..89212.67 rows=8167 width=30) (actual time=0.452..795.933 rows=8046 loops=1)
                     Filter: (((p_type)::text ~~ '%NICKEL'::text) AND (p_size = 16))
                     Rows Removed by Filter: 1991954
               ->  Materialize  (cost=558219.39..566223.08 rows=1600738 width=173) (actual time=3166.567..3641.465 rows=1603828 loops=1)
                     ->  Sort  (cost=558219.39..562221.23 rows=1600738 width=173) (actual time=3166.562..3447.986 rows=1603828 loops=1)
                           Sort Key: partsupp.ps_partkey
                           Sort Method: external merge  Disk: 293496kB
                           ->  Hash Join  (cost=4048.51..305328.64 rows=1600738 width=173) (actual time=42.998..2485.302 rows=1604080 loops=1)
                                 Hash Cond: (partsupp.ps_suppkey = supplier.s_suppkey)
                                 ->  Seq Scan on partsupp  (cost=0.00..255258.91 rows=8003691 width=14) (actual time=0.414..1107.125 rows=8000000 loops=1)
                                 ->  Hash  (cost=3798.51..3798.51 rows=20000 width=167) (actual time=42.553..42.555 rows=20051 loops=1)
                                       Buckets: 32768  Batches: 1  Memory Usage: 4211kB
                                       ->  Hash Join  (cost=2.51..3798.51 rows=20000 width=167) (actual time=0.538..36.815 rows=20051 loops=1)
                                             Hash Cond: (supplier.s_nationkey = nation.n_nationkey)
                                             ->  Seq Scan on supplier  (cost=0.00..3221.00 rows=100000 width=145) (actual time=0.224..24.913 rows=100000 loops=1)
                                             ->  Hash  (cost=2.45..2.45 rows=5 width=30) (actual time=0.310..0.311 rows=5 loops=1)
                                                   Buckets: 1024  Batches: 1  Memory Usage: 9kB
                                                   ->  Hash Join  (cost=1.07..2.45 rows=5 width=30) (actual time=0.299..0.308 rows=5 loops=1)
                                                         Hash Cond: (nation.n_regionkey = region.r_regionkey)
                                                         ->  Seq Scan on nation  (cost=0.00..1.25 rows=25 width=34) (actual time=0.135..0.138 rows=25 loops=1)
                                                         ->  Hash  (cost=1.06..1.06 rows=1 width=4) (actual time=0.157..0.158 rows=1 loops=1)
                                                               Buckets: 1024  Batches: 1  Memory Usage: 9kB
                                                               ->  Seq Scan on region  (cost=0.00..1.06 rows=1 width=4) (actual time=0.152..0.154 rows=1 loops=1)
                                                                     Filter: (r_name = 'AMERICA'::bpchar)
                                                                     Rows Removed by Filter: 4
               SubPlan 1
                 ->  Aggregate  (cost=62.90..62.91 rows=1 width=32) (actual time=0.112..0.112 rows=1 loops=6398)
                       ->  Nested Loop  (cost=2.29..62.89 rows=3 width=6) (actual time=0.100..0.109 rows=2 loops=6398)
                             Join Filter: (nation_1.n_regionkey = region_1.r_regionkey)
                             Rows Removed by Join Filter: 2
                             ->  Seq Scan on region region_1  (cost=0.00..1.06 rows=1 width=4) (actual time=0.001..0.002 rows=1 loops=6398)
                                   Filter: (r_name = 'AMERICA'::bpchar)
                                   Rows Removed by Filter: 4
                             ->  Hash Join  (cost=2.29..61.62 rows=17 width=10) (actual time=0.093..0.107 rows=4 loops=6398)
                                   Hash Cond: (supplier_1.s_nationkey = nation_1.n_nationkey)
                                   ->  Nested Loop  (cost=0.72..60.00 rows=17 width=10) (actual time=0.093..0.105 rows=4 loops=6398)
                                         ->  Index Scan using idx_partsupp_partkey on partsupp partsupp_1  (cost=0.43..3.73 rows=17 width=10) (actual time=0.088..0.090 rows=4 loops=6398)
                                               Index Cond: (ps_partkey = part.p_partkey)
                                         ->  Index Scan using supplier_pkey on supplier supplier_1  (cost=0.29..3.31 rows=1 width=8) (actual time=0.003..0.003 rows=1 loops=25592)
                                               Index Cond: (s_suppkey = partsupp_1.ps_suppkey)
                                   ->  Hash  (cost=1.25..1.25 rows=25 width=8) (actual time=0.011..0.012 rows=25 loops=1)
                                         Buckets: 1024  Batches: 1  Memory Usage: 9kB
                                         ->  Seq Scan on nation nation_1  (cost=0.00..1.25 rows=25 width=8) (actual time=0.003..0.006 rows=25 loops=1)
 Planning Time: 21.547 ms
 Execution Time: 5379.868 ms
(53 rows)

SET
SET
SET
                                                                                        QUERY PLAN                                                                                         
-------------------------------------------------------------------------------------------------------------------------------------------------------------------------------------------
 Limit  (cost=1070786.49..1070786.50 rows=1 width=193) (actual time=3988.571..3988.587 rows=100 loops=1)
   ->  Sort  (cost=1070786.49..1070786.50 rows=1 width=193) (actual time=3988.570..3988.580 rows=100 loops=1)
         Sort Key: supplier.s_acctbal DESC, nation.n_name, supplier.s_name, part.p_partkey
         Sort Method: top-N heapsort  Memory: 71kB
         ->  Merge Join  (cost=558219.82..1070786.48 rows=1 width=193) (actual time=2761.652..3986.136 rows=4737 loops=1)
               Merge Cond: (part.p_partkey = partsupp.ps_partkey)
               Join Filter: (partsupp.ps_supplycost = (SubPlan 1))
               Rows Removed by Join Filter: 1661
               ->  Index Scan using part_pkey on part  (cost=0.43..89212.67 rows=8167 width=30) (actual time=0.016..490.183 rows=8046 loops=1)
                     Filter: (((p_type)::text ~~ '%NICKEL'::text) AND (p_size = 16))
                     Rows Removed by Filter: 1991954
               ->  Materialize  (cost=558219.39..566223.08 rows=1600738 width=173) (actual time=2761.539..3206.499 rows=1603828 loops=1)
                     ->  Sort  (cost=558219.39..562221.23 rows=1600738 width=173) (actual time=2761.536..3019.483 rows=1603828 loops=1)
                           Sort Key: partsupp.ps_partkey
                           Sort Method: external merge  Disk: 293496kB
                           ->  Hash Join  (cost=4048.51..305328.64 rows=1600738 width=173) (actual time=25.665..2093.255 rows=1604080 loops=1)
                                 Hash Cond: (partsupp.ps_suppkey = supplier.s_suppkey)
                                 ->  Seq Scan on partsupp  (cost=0.00..255258.91 rows=8003691 width=14) (actual time=0.035..802.048 rows=8000000 loops=1)
                                 ->  Hash  (cost=3798.51..3798.51 rows=20000 width=167) (actual time=25.608..25.611 rows=20051 loops=1)
                                       Buckets: 32768  Batches: 1  Memory Usage: 4211kB
                                       ->  Hash Join  (cost=2.51..3798.51 rows=20000 width=167) (actual time=0.025..20.383 rows=20051 loops=1)
                                             Hash Cond: (supplier.s_nationkey = nation.n_nationkey)
                                             ->  Seq Scan on supplier  (cost=0.00..3221.00 rows=100000 width=145) (actual time=0.006..5.797 rows=100000 loops=1)
                                             ->  Hash  (cost=2.45..2.45 rows=5 width=30) (actual time=0.016..0.017 rows=5 loops=1)
                                                   Buckets: 1024  Batches: 1  Memory Usage: 9kB
                                                   ->  Hash Join  (cost=1.07..2.45 rows=5 width=30) (actual time=0.010..0.016 rows=5 loops=1)
                                                         Hash Cond: (nation.n_regionkey = region.r_regionkey)
                                                         ->  Seq Scan on nation  (cost=0.00..1.25 rows=25 width=34) (actual time=0.001..0.003 rows=25 loops=1)
                                                         ->  Hash  (cost=1.06..1.06 rows=1 width=4) (actual time=0.006..0.006 rows=1 loops=1)
                                                               Buckets: 1024  Batches: 1  Memory Usage: 9kB
                                                               ->  Seq Scan on region  (cost=0.00..1.06 rows=1 width=4) (actual time=0.003..0.004 rows=1 loops=1)
                                                                     Filter: (r_name = 'AMERICA'::bpchar)
                                                                     Rows Removed by Filter: 4
               SubPlan 1
                 ->  Aggregate  (cost=62.90..62.91 rows=1 width=32) (actual time=0.018..0.018 rows=1 loops=6398)
                       ->  Nested Loop  (cost=2.29..62.89 rows=3 width=6) (actual time=0.010..0.016 rows=2 loops=6398)
                             Join Filter: (nation_1.n_regionkey = region_1.r_regionkey)
                             Rows Removed by Join Filter: 2
                             ->  Seq Scan on region region_1  (cost=0.00..1.06 rows=1 width=4) (actual time=0.001..0.001 rows=1 loops=6398)
                                   Filter: (r_name = 'AMERICA'::bpchar)
                                   Rows Removed by Filter: 4
                             ->  Hash Join  (cost=2.29..61.62 rows=17 width=10) (actual time=0.006..0.014 rows=4 loops=6398)
                                   Hash Cond: (supplier_1.s_nationkey = nation_1.n_nationkey)
                                   ->  Nested Loop  (cost=0.72..60.00 rows=17 width=10) (actual time=0.005..0.013 rows=4 loops=6398)
                                         ->  Index Scan using idx_partsupp_partkey on partsupp partsupp_1  (cost=0.43..3.73 rows=17 width=10) (actual time=0.003..0.003 rows=4 loops=6398)
                                               Index Cond: (ps_partkey = part.p_partkey)
                                         ->  Index Scan using supplier_pkey on supplier supplier_1  (cost=0.29..3.31 rows=1 width=8) (actual time=0.002..0.002 rows=1 loops=25592)
                                               Index Cond: (s_suppkey = partsupp_1.ps_suppkey)
                                   ->  Hash  (cost=1.25..1.25 rows=25 width=8) (actual time=0.012..0.012 rows=25 loops=1)
                                         Buckets: 1024  Batches: 1  Memory Usage: 9kB
                                         ->  Seq Scan on nation nation_1  (cost=0.00..1.25 rows=25 width=8) (actual time=0.003..0.007 rows=25 loops=1)
 Planning Time: 2.183 ms
 Execution Time: 4025.499 ms
(53 rows)

query 3 run 1
SET
SET
SET
                                                                                        QUERY PLAN                                                                                         
-------------------------------------------------------------------------------------------------------------------------------------------------------------------------------------------
 Limit  (cost=3430281.50..3430281.52 rows=10 width=44) (actual time=27378.197..27378.201 rows=10 loops=1)
   ->  Sort  (cost=3430281.50..3438106.62 rows=3130049 width=44) (actual time=27378.196..27378.199 rows=10 loops=1)
         Sort Key: (sum((lineitem.l_extendedprice * ('1'::numeric - lineitem.l_discount)))) DESC, orders.o_orderdate
         Sort Method: top-N heapsort  Memory: 26kB
         ->  GroupAggregate  (cost=3268740.79..3362642.26 rows=3130049 width=44) (actual time=27183.766..27357.844 rows=113934 loops=1)
               Group Key: lineitem.l_orderkey, orders.o_orderdate, orders.o_shippriority
               ->  Sort  (cost=3268740.79..3276565.92 rows=3130049 width=24) (actual time=27183.751..27196.218 rows=301530 loops=1)
                     Sort Key: lineitem.l_orderkey, orders.o_orderdate, orders.o_shippriority
                     Sort Method: quicksort  Memory: 31119kB
                     ->  Hash Join  (cost=539066.72..2889776.41 rows=3130049 width=24) (actual time=7581.832..27081.987 rows=301530 loops=1)
                           Hash Cond: (lineitem.l_orderkey = orders.o_orderkey)
                           ->  Seq Scan on lineitem  (cost=0.00..1874945.80 rows=32360908 width=16) (actual time=0.714..11332.103 rows=32534229 loops=1)
                                 Filter: (l_shipdate > '1995-03-07'::date)
                                 Rows Removed by Filter: 27451823
                           ->  Hash  (cost=513847.85..513847.85 rows=1450789 width=12) (actual time=7577.957..7577.959 rows=1451805 loops=1)
                                 Buckets: 1048576  Batches: 4  Memory Usage: 23817kB
                                 ->  Hash Join  (cost=143824.47..513847.85 rows=1450789 width=12) (actual time=1262.350..7258.603 rows=1451805 loops=1)
                                       Hash Cond: (orders.o_custkey = customer.c_custkey)
                                       ->  Bitmap Heap Scan on orders  (cost=85343.81..436492.24 rows=7190435 width=16) (actual time=748.118..5146.421 rows=7239437 loops=1)
                                             Recheck Cond: (o_orderdate < '1995-03-07'::date)
                                             Heap Blocks: exact=261268
                                             ->  Bitmap Index Scan on idx_orders_orderdate  (cost=0.00..83546.20 rows=7190435 width=0) (actual time=703.874..703.874 rows=7239437 loops=1)
                                                   Index Cond: (o_orderdate < '1995-03-07'::date)
                                       ->  Hash  (cost=54697.45..54697.45 rows=302657 width=4) (actual time=513.368..513.369 rows=300276 loops=1)
                                             Buckets: 524288  Batches: 1  Memory Usage: 14653kB
                                             ->  Seq Scan on customer  (cost=0.00..54697.45 rows=302657 width=4) (actual time=0.610..460.356 rows=300276 loops=1)
                                                   Filter: (c_mktsegment = 'BUILDING'::bpchar)
                                                   Rows Removed by Filter: 1199724
 Planning Time: 23.034 ms
 Execution Time: 27379.776 ms
(30 rows)

SET
SET
SET
                                                                                        QUERY PLAN                                                                                         
-------------------------------------------------------------------------------------------------------------------------------------------------------------------------------------------
 Limit  (cost=3430281.50..3430281.52 rows=10 width=44) (actual time=22383.660..22383.664 rows=10 loops=1)
   ->  Sort  (cost=3430281.50..3438106.62 rows=3130049 width=44) (actual time=22383.659..22383.662 rows=10 loops=1)
         Sort Key: (sum((lineitem.l_extendedprice * ('1'::numeric - lineitem.l_discount)))) DESC, orders.o_orderdate
         Sort Method: top-N heapsort  Memory: 26kB
         ->  GroupAggregate  (cost=3268740.79..3362642.26 rows=3130049 width=44) (actual time=22190.753..22363.251 rows=113934 loops=1)
               Group Key: lineitem.l_orderkey, orders.o_orderdate, orders.o_shippriority
               ->  Sort  (cost=3268740.79..3276565.92 rows=3130049 width=24) (actual time=22190.738..22203.204 rows=301530 loops=1)
                     Sort Key: lineitem.l_orderkey, orders.o_orderdate, orders.o_shippriority
                     Sort Method: quicksort  Memory: 31119kB
                     ->  Hash Join  (cost=539066.72..2889776.41 rows=3130049 width=24) (actual time=4698.084..22090.894 rows=301530 loops=1)
                           Hash Cond: (lineitem.l_orderkey = orders.o_orderkey)
                           ->  Seq Scan on lineitem  (cost=0.00..1874945.80 rows=32360908 width=16) (actual time=0.018..9349.480 rows=32534229 loops=1)
                                 Filter: (l_shipdate > '1995-03-07'::date)
                                 Rows Removed by Filter: 27451823
                           ->  Hash  (cost=513847.85..513847.85 rows=1450789 width=12) (actual time=4696.262..4696.264 rows=1451805 loops=1)
                                 Buckets: 1048576  Batches: 4  Memory Usage: 23817kB
                                 ->  Hash Join  (cost=143824.47..513847.85 rows=1450789 width=12) (actual time=1043.112..4425.124 rows=1451805 loops=1)
                                       Hash Cond: (orders.o_custkey = customer.c_custkey)
                                       ->  Bitmap Heap Scan on orders  (cost=85343.81..436492.24 rows=7190435 width=16) (actual time=664.209..2540.082 rows=7239437 loops=1)
                                             Recheck Cond: (o_orderdate < '1995-03-07'::date)
                                             Heap Blocks: exact=261268
                                             ->  Bitmap Index Scan on idx_orders_orderdate  (cost=0.00..83546.20 rows=7190435 width=0) (actual time=620.337..620.337 rows=7239437 loops=1)
                                                   Index Cond: (o_orderdate < '1995-03-07'::date)
                                       ->  Hash  (cost=54697.45..54697.45 rows=302657 width=4) (actual time=378.106..378.106 rows=300276 loops=1)
                                             Buckets: 524288  Batches: 1  Memory Usage: 14653kB
                                             ->  Seq Scan on customer  (cost=0.00..54697.45 rows=302657 width=4) (actual time=0.032..324.584 rows=300276 loops=1)
                                                   Filter: (c_mktsegment = 'BUILDING'::bpchar)
                                                   Rows Removed by Filter: 1199724
 Planning Time: 1.632 ms
 Execution Time: 22384.028 ms
(30 rows)

query 4 run 1
SET
SET
SET
                                                                             QUERY PLAN                                                                             
--------------------------------------------------------------------------------------------------------------------------------------------------------------------
 Limit  (cost=2096970.41..2096970.41 rows=1 width=24) (actual time=19348.572..19348.573 rows=1 loops=1)
   ->  Sort  (cost=2096970.41..2096970.42 rows=5 width=24) (actual time=19348.570..19348.571 rows=1 loops=1)
         Sort Key: orders.o_orderpriority
         Sort Method: top-N heapsort  Memory: 25kB
         ->  HashAggregate  (cost=2096970.33..2096970.38 rows=5 width=24) (actual time=19348.541..19348.543 rows=5 loops=1)
               Group Key: orders.o_orderpriority
               ->  Nested Loop Semi Join  (cost=8190.09..2094121.41 rows=569784 width=16) (actual time=125.270..19067.079 rows=513822 loops=1)
                     ->  Bitmap Heap Scan on orders  (cost=8189.52..278006.19 rows=569911 width=20) (actual time=124.817..5118.333 rows=560424 loops=1)
                           Recheck Cond: ((o_orderdate >= '1993-12-01'::date) AND (o_orderdate < '1994-03-01'::date))
                           Heap Blocks: exact=231887
                           ->  Bitmap Index Scan on idx_orders_orderdate  (cost=0.00..8047.05 rows=569911 width=0) (actual time=85.470..85.470 rows=560424 loops=1)
                                 Index Cond: ((o_orderdate >= '1993-12-01'::date) AND (o_orderdate < '1994-03-01'::date))
                     ->  Index Scan using idx_lineitem_orderkey on lineitem  (cost=0.56..3.61 rows=1 width=4) (actual time=0.024..0.024 rows=1 loops=560424)
                           Index Cond: (l_orderkey = orders.o_orderkey)
                           Filter: (l_commitdate < l_receiptdate)
                           Rows Removed by Filter: 1
 Planning Time: 16.439 ms
 Execution Time: 19349.526 ms
(18 rows)

SET
SET
SET
                                                                             QUERY PLAN                                                                             
--------------------------------------------------------------------------------------------------------------------------------------------------------------------
 Limit  (cost=2096970.41..2096970.41 rows=1 width=24) (actual time=4739.516..4739.518 rows=1 loops=1)
   ->  Sort  (cost=2096970.41..2096970.42 rows=5 width=24) (actual time=4739.515..4739.516 rows=1 loops=1)
         Sort Key: orders.o_orderpriority
         Sort Method: top-N heapsort  Memory: 25kB
         ->  HashAggregate  (cost=2096970.33..2096970.38 rows=5 width=24) (actual time=4739.496..4739.498 rows=5 loops=1)
               Group Key: orders.o_orderpriority
               ->  Nested Loop Semi Join  (cost=8190.09..2094121.41 rows=569784 width=16) (actual time=120.785..4544.671 rows=513822 loops=1)
                     ->  Bitmap Heap Scan on orders  (cost=8189.52..278006.19 rows=569911 width=20) (actual time=120.756..1208.305 rows=560424 loops=1)
                           Recheck Cond: ((o_orderdate >= '1993-12-01'::date) AND (o_orderdate < '1994-03-01'::date))
                           Heap Blocks: exact=231887
                           ->  Bitmap Index Scan on idx_orders_orderdate  (cost=0.00..8047.05 rows=569911 width=0) (actual time=81.637..81.637 rows=560424 loops=1)
                                 Index Cond: ((o_orderdate >= '1993-12-01'::date) AND (o_orderdate < '1994-03-01'::date))
                     ->  Index Scan using idx_lineitem_orderkey on lineitem  (cost=0.56..3.61 rows=1 width=4) (actual time=0.005..0.005 rows=1 loops=560424)
                           Index Cond: (l_orderkey = orders.o_orderkey)
                           Filter: (l_commitdate < l_receiptdate)
                           Rows Removed by Filter: 1
 Planning Time: 1.090 ms
 Execution Time: 4739.581 ms
(18 rows)

query 5 run 1
SET
SET
SET
                                                                                        QUERY PLAN                                                                                         
-------------------------------------------------------------------------------------------------------------------------------------------------------------------------------------------
 Limit  (cost=2072106.36..2072106.37 rows=1 width=58) (actual time=22921.805..22921.811 rows=1 loops=1)
   ->  Sort  (cost=2072106.36..2072106.43 rows=25 width=58) (actual time=22921.804..22921.809 rows=1 loops=1)
         Sort Key: (sum((lineitem.l_extendedprice * ('1'::numeric - lineitem.l_discount)))) DESC
         Sort Method: top-N heapsort  Memory: 25kB
         ->  GroupAggregate  (cost=2071211.28..2072106.24 rows=25 width=58) (actual time=22897.985..22921.775 rows=5 loops=1)
               Group Key: nation.n_name
               ->  Sort  (cost=2071211.28..2071390.21 rows=71572 width=38) (actual time=22891.966..22894.984 rows=72033 loops=1)
                     Sort Key: nation.n_name
                     Sort Method: quicksort  Memory: 8700kB
                     ->  Hash Join  (cost=100524.34..2065440.03 rows=71572 width=38) (actual time=961.359..22840.854 rows=72033 loops=1)
                           Hash Cond: ((lineitem.l_suppkey = supplier.s_suppkey) AND (customer.c_nationkey = supplier.s_nationkey))
                           ->  Nested Loop  (cost=95803.34..2051228.44 rows=1807729 width=50) (actual time=910.934..22377.656 rows=1815327 loops=1)
                                 ->  Hash Join  (cost=95802.78..403969.17 rows=452033 width=38) (actual time=910.581..7113.209 rows=453399 loops=1)
                                       Hash Cond: (orders.o_custkey = customer.c_custkey)
                                       ->  Bitmap Heap Scan on orders  (cost=32477.62..327648.08 rows=2260164 width=8) (actual time=305.172..5868.288 rows=2276638 loops=1)
                                             Recheck Cond: ((o_orderdate >= '1993-01-01'::date) AND (o_orderdate < '1994-01-01'::date))
                                             Heap Blocks: exact=261246
                                             ->  Bitmap Index Scan on idx_orders_orderdate  (cost=0.00..31912.58 rows=2260164 width=0) (actual time=261.067..261.067 rows=2276638 loops=1)
                                                   Index Cond: ((o_orderdate >= '1993-01-01'::date) AND (o_orderdate < '1994-01-01'::date))
                                       ->  Hash  (cost=59575.07..59575.07 rows=300007 width=38) (actual time=604.959..604.962 rows=299436 loops=1)
                                             Buckets: 524288  Batches: 1  Memory Usage: 25151kB
                                             ->  Hash Join  (cost=2.51..59575.07 rows=300007 width=38) (actual time=0.974..539.400 rows=299436 loops=1)
                                                   Hash Cond: (customer.c_nationkey = nation.n_nationkey)
                                                   ->  Seq Scan on customer  (cost=0.00..50947.36 rows=1500036 width=8) (actual time=0.526..379.843 rows=1500000 loops=1)
                                                   ->  Hash  (cost=2.45..2.45 rows=5 width=30) (actual time=0.434..0.436 rows=5 loops=1)
                                                         Buckets: 1024  Batches: 1  Memory Usage: 9kB
                                                         ->  Hash Join  (cost=1.07..2.45 rows=5 width=30) (actual time=0.428..0.433 rows=5 loops=1)
                                                               Hash Cond: (nation.n_regionkey = region.r_regionkey)
                                                               ->  Seq Scan on nation  (cost=0.00..1.25 rows=25 width=34) (actual time=0.227..0.228 rows=25 loops=1)
                                                               ->  Hash  (cost=1.06..1.06 rows=1 width=4) (actual time=0.189..0.189 rows=1 loops=1)
                                                                     Buckets: 1024  Batches: 1  Memory Usage: 9kB
                                                                     ->  Seq Scan on region  (cost=0.00..1.06 rows=1 width=4) (actual time=0.183..0.184 rows=1 loops=1)
                                                                           Filter: (r_name = 'AMERICA'::bpchar)
                                                                           Rows Removed by Filter: 4
                                 ->  Index Scan using idx_lineitem_orderkey on lineitem  (cost=0.56..3.60 rows=4 width=20) (actual time=0.030..0.032 rows=4 loops=453399)
                                       Index Cond: (l_orderkey = orders.o_orderkey)
                           ->  Hash  (cost=3221.00..3221.00 rows=100000 width=8) (actual time=44.925..44.926 rows=100000 loops=1)
                                 Buckets: 131072  Batches: 1  Memory Usage: 4931kB
                                 ->  Seq Scan on supplier  (cost=0.00..3221.00 rows=100000 width=8) (actual time=0.218..28.934 rows=100000 loops=1)
 Planning Time: 21.949 ms
 Execution Time: 22922.886 ms
(41 rows)

SET
SET
SET
                                                                                        QUERY PLAN                                                                                         
-------------------------------------------------------------------------------------------------------------------------------------------------------------------------------------------
 Limit  (cost=2072106.36..2072106.37 rows=1 width=58) (actual time=6354.397..6354.403 rows=1 loops=1)
   ->  Sort  (cost=2072106.36..2072106.43 rows=25 width=58) (actual time=6354.395..6354.401 rows=1 loops=1)
         Sort Key: (sum((lineitem.l_extendedprice * ('1'::numeric - lineitem.l_discount)))) DESC
         Sort Method: top-N heapsort  Memory: 25kB
         ->  GroupAggregate  (cost=2071211.28..2072106.24 rows=25 width=58) (actual time=6330.855..6354.382 rows=5 loops=1)
               Group Key: nation.n_name
               ->  Sort  (cost=2071211.28..2071390.21 rows=71572 width=38) (actual time=6324.886..6328.082 rows=72033 loops=1)
                     Sort Key: nation.n_name
                     Sort Method: quicksort  Memory: 8700kB
                     ->  Hash Join  (cost=100524.34..2065440.03 rows=71572 width=38) (actual time=807.848..6289.388 rows=72033 loops=1)
                           Hash Cond: ((lineitem.l_suppkey = supplier.s_suppkey) AND (customer.c_nationkey = supplier.s_nationkey))
                           ->  Nested Loop  (cost=95803.34..2051228.44 rows=1807729 width=50) (actual time=768.031..5876.429 rows=1815327 loops=1)
                                 ->  Hash Join  (cost=95802.78..403969.17 rows=452033 width=38) (actual time=768.007..2652.868 rows=453399 loops=1)
                                       Hash Cond: (orders.o_custkey = customer.c_custkey)
                                       ->  Bitmap Heap Scan on orders  (cost=32477.62..327648.08 rows=2260164 width=8) (actual time=277.597..1602.016 rows=2276638 loops=1)
                                             Recheck Cond: ((o_orderdate >= '1993-01-01'::date) AND (o_orderdate < '1994-01-01'::date))
                                             Heap Blocks: exact=261246
                                             ->  Bitmap Index Scan on idx_orders_orderdate  (cost=0.00..31912.58 rows=2260164 width=0) (actual time=233.966..233.966 rows=2276638 loops=1)
                                                   Index Cond: ((o_orderdate >= '1993-01-01'::date) AND (o_orderdate < '1994-01-01'::date))
                                       ->  Hash  (cost=59575.07..59575.07 rows=300007 width=38) (actual time=490.069..490.072 rows=299436 loops=1)
                                             Buckets: 524288  Batches: 1  Memory Usage: 25151kB
                                             ->  Hash Join  (cost=2.51..59575.07 rows=300007 width=38) (actual time=0.061..427.313 rows=299436 loops=1)
                                                   Hash Cond: (customer.c_nationkey = nation.n_nationkey)
                                                   ->  Seq Scan on customer  (cost=0.00..50947.36 rows=1500036 width=8) (actual time=0.020..271.629 rows=1500000 loops=1)
                                                   ->  Hash  (cost=2.45..2.45 rows=5 width=30) (actual time=0.034..0.035 rows=5 loops=1)
                                                         Buckets: 1024  Batches: 1  Memory Usage: 9kB
                                                         ->  Hash Join  (cost=1.07..2.45 rows=5 width=30) (actual time=0.028..0.033 rows=5 loops=1)
                                                               Hash Cond: (nation.n_regionkey = region.r_regionkey)
                                                               ->  Seq Scan on nation  (cost=0.00..1.25 rows=25 width=34) (actual time=0.009..0.010 rows=25 loops=1)
                                                               ->  Hash  (cost=1.06..1.06 rows=1 width=4) (actual time=0.015..0.015 rows=1 loops=1)
                                                                     Buckets: 1024  Batches: 1  Memory Usage: 9kB
                                                                     ->  Seq Scan on region  (cost=0.00..1.06 rows=1 width=4) (actual time=0.011..0.012 rows=1 loops=1)
                                                                           Filter: (r_name = 'AMERICA'::bpchar)
                                                                           Rows Removed by Filter: 4
                                 ->  Index Scan using idx_lineitem_orderkey on lineitem  (cost=0.56..3.60 rows=4 width=20) (actual time=0.005..0.006 rows=4 loops=453399)
                                       Index Cond: (l_orderkey = orders.o_orderkey)
                           ->  Hash  (cost=3221.00..3221.00 rows=100000 width=8) (actual time=39.276..39.277 rows=100000 loops=1)
                                 Buckets: 131072  Batches: 1  Memory Usage: 4931kB
                                 ->  Seq Scan on supplier  (cost=0.00..3221.00 rows=100000 width=8) (actual time=0.027..22.006 rows=100000 loops=1)
 Planning Time: 3.228 ms
 Execution Time: 6354.600 ms
(41 rows)

query 6 run 1
SET
SET
SET
                                                                                                          QUERY PLAN                                                                                                           
-------------------------------------------------------------------------------------------------------------------------------------------------------------------------------------------------------------------------------
 Limit  (cost=1965437.09..1965437.10 rows=1 width=32) (actual time=13605.023..13605.024 rows=1 loops=1)
   ->  Aggregate  (cost=1965437.09..1965437.10 rows=1 width=32) (actual time=13605.022..13605.022 rows=1 loops=1)
         ->  Bitmap Heap Scan on lineitem  (cost=212338.18..1959493.69 rows=1188679 width=12) (actual time=1292.096..12948.967 rows=1194558 loops=1)
               Recheck Cond: ((l_shipdate >= '1993-01-01'::date) AND (l_shipdate < '1994-01-01 00:00:00'::timestamp without time zone) AND (l_discount >= 0.06) AND (l_discount <= 0.08) AND (l_quantity < '25'::numeric))
               Rows Removed by Index Recheck: 13724091
               Heap Blocks: exact=395900 lossy=267068
               ->  Bitmap Index Scan on idx_lineitem_shipdate  (cost=0.00..212041.02 rows=1188679 width=0) (actual time=1220.109..1220.110 rows=1194558 loops=1)
                     Index Cond: ((l_shipdate >= '1993-01-01'::date) AND (l_shipdate < '1994-01-01 00:00:00'::timestamp without time zone) AND (l_discount >= 0.06) AND (l_discount <= 0.08) AND (l_quantity < '25'::numeric))
 Planning Time: 11.198 ms
 Execution Time: 13606.370 ms
(10 rows)

SET
SET
SET
                                                                                                          QUERY PLAN                                                                                                           
-------------------------------------------------------------------------------------------------------------------------------------------------------------------------------------------------------------------------------
 Limit  (cost=1965437.09..1965437.10 rows=1 width=32) (actual time=6387.059..6387.060 rows=1 loops=1)
   ->  Aggregate  (cost=1965437.09..1965437.10 rows=1 width=32) (actual time=6387.057..6387.058 rows=1 loops=1)
         ->  Bitmap Heap Scan on lineitem  (cost=212338.18..1959493.69 rows=1188679 width=12) (actual time=1174.158..6036.289 rows=1194558 loops=1)
               Recheck Cond: ((l_shipdate >= '1993-01-01'::date) AND (l_shipdate < '1994-01-01 00:00:00'::timestamp without time zone) AND (l_discount >= 0.06) AND (l_discount <= 0.08) AND (l_quantity < '25'::numeric))
               Rows Removed by Index Recheck: 13724091
               Heap Blocks: exact=395900 lossy=267068
               ->  Bitmap Index Scan on idx_lineitem_shipdate  (cost=0.00..212041.02 rows=1188679 width=0) (actual time=1102.550..1102.551 rows=1194558 loops=1)
                     Index Cond: ((l_shipdate >= '1993-01-01'::date) AND (l_shipdate < '1994-01-01 00:00:00'::timestamp without time zone) AND (l_discount >= 0.06) AND (l_discount <= 0.08) AND (l_quantity < '25'::numeric))
 Planning Time: 0.611 ms
 Execution Time: 6387.258 ms
(10 rows)

query 7 run 1
SET
SET
SET
                                                                                 QUERY PLAN                                                                                  
-----------------------------------------------------------------------------------------------------------------------------------------------------------------------------
 Limit  (cost=2716456.08..2716456.20 rows=1 width=92) (actual time=19221.121..19221.127 rows=1 loops=1)
   ->  GroupAggregate  (cost=2716456.08..2717674.53 rows=10052 width=92) (actual time=19221.119..19221.124 rows=1 loops=1)
         Group Key: n1.n_name, n2.n_name, (date_part('year'::text, (lineitem.l_shipdate)::timestamp without time zone))
         ->  Sort  (cost=2716456.08..2716605.01 rows=59574 width=72) (actual time=19213.906..19214.631 rows=14421 loops=1)
               Sort Key: n1.n_name, n2.n_name, (date_part('year'::text, (lineitem.l_shipdate)::timestamp without time zone))
               Sort Method: quicksort  Memory: 9664kB
               ->  Hash Join  (cost=563394.93..2711731.15 rows=59574 width=72) (actual time=5207.091..19184.930 rows=57794 loops=1)
                     Hash Cond: (lineitem.l_orderkey = orders.o_orderkey)
                     Join Filter: (((n1.n_name = 'PERU'::bpchar) AND (n2.n_name = 'MOROCCO'::bpchar)) OR ((n1.n_name = 'MOROCCO'::bpchar) AND (n2.n_name = 'PERU'::bpchar)))
                     Rows Removed by Join Filter: 58158
                     ->  Hash Join  (cost=3629.40..2110642.16 rows=1431512 width=46) (actual time=36.247..13174.741 rows=1455694 loops=1)
                           Hash Cond: (lineitem.l_suppkey = supplier.s_suppkey)
                           ->  Seq Scan on lineitem  (cost=0.00..2024906.36 rows=18077674 width=24) (actual time=0.454..10932.793 rows=18230325 loops=1)
                                 Filter: ((l_shipdate >= '1995-01-01'::date) AND (l_shipdate <= '1996-12-31'::date))
                                 Rows Removed by Filter: 41755727
                           ->  Hash  (cost=3529.40..3529.40 rows=8000 width=30) (actual time=35.749..35.750 rows=7981 loops=1)
                                 Buckets: 8192  Batches: 1  Memory Usage: 548kB
                                 ->  Hash Join  (cost=1.40..3529.40 rows=8000 width=30) (actual time=0.433..34.036 rows=7981 loops=1)
                                       Hash Cond: (supplier.s_nationkey = n1.n_nationkey)
                                       ->  Seq Scan on supplier  (cost=0.00..3221.00 rows=100000 width=8) (actual time=0.237..24.366 rows=100000 loops=1)
                                       ->  Hash  (cost=1.38..1.38 rows=2 width=30) (actual time=0.187..0.188 rows=2 loops=1)
                                             Buckets: 1024  Batches: 1  Memory Usage: 9kB
                                             ->  Seq Scan on nation n1  (cost=0.00..1.38 rows=2 width=30) (actual time=0.173..0.177 rows=2 loops=1)
                                                   Filter: ((n_name = 'PERU'::bpchar) OR (n_name = 'MOROCCO'::bpchar))
                                                   Rows Removed by Filter: 23
                     ->  Hash  (cost=536563.13..536563.13 rows=1199952 width=30) (actual time=5166.160..5166.162 rows=1191175 loops=1)
                           Buckets: 524288  Batches: 4  Memory Usage: 22152kB
                           ->  Hash Join  (cost=57053.90..536563.13 rows=1199952 width=30) (actual time=542.355..4874.969 rows=1191175 loops=1)
                                 Hash Cond: (orders.o_custkey = customer.c_custkey)
                                 ->  Seq Scan on orders  (cost=0.00..411261.96 rows=14999396 width=8) (actual time=0.537..1725.193 rows=15000000 loops=1)
                                 ->  Hash  (cost=55553.87..55553.87 rows=120003 width=30) (actual time=541.694..541.695 rows=119622 loops=1)
                                       Buckets: 131072  Batches: 1  Memory Usage: 8267kB
                                       ->  Hash Join  (cost=1.40..55553.87 rows=120003 width=30) (actual time=0.473..514.582 rows=119622 loops=1)
                                             Hash Cond: (customer.c_nationkey = n2.n_nationkey)
                                             ->  Seq Scan on customer  (cost=0.00..50947.36 rows=1500036 width=8) (actual time=0.439..374.277 rows=1500000 loops=1)
                                             ->  Hash  (cost=1.38..1.38 rows=2 width=30) (actual time=0.025..0.025 rows=2 loops=1)
                                                   Buckets: 1024  Batches: 1  Memory Usage: 9kB
                                                   ->  Seq Scan on nation n2  (cost=0.00..1.38 rows=2 width=30) (actual time=0.016..0.020 rows=2 loops=1)
                                                         Filter: ((n_name = 'MOROCCO'::bpchar) OR (n_name = 'PERU'::bpchar))
                                                         Rows Removed by Filter: 23
 Planning Time: 22.949 ms
 Execution Time: 19222.181 ms
(42 rows)

SET
SET
SET
                                                                                 QUERY PLAN                                                                                  
-----------------------------------------------------------------------------------------------------------------------------------------------------------------------------
 Limit  (cost=2716456.08..2716456.20 rows=1 width=92) (actual time=15915.506..15915.512 rows=1 loops=1)
   ->  GroupAggregate  (cost=2716456.08..2717674.53 rows=10052 width=92) (actual time=15915.504..15915.510 rows=1 loops=1)
         Group Key: n1.n_name, n2.n_name, (date_part('year'::text, (lineitem.l_shipdate)::timestamp without time zone))
         ->  Sort  (cost=2716456.08..2716605.01 rows=59574 width=72) (actual time=15908.268..15908.985 rows=14421 loops=1)
               Sort Key: n1.n_name, n2.n_name, (date_part('year'::text, (lineitem.l_shipdate)::timestamp without time zone))
               Sort Method: quicksort  Memory: 9664kB
               ->  Hash Join  (cost=563394.93..2711731.15 rows=59574 width=72) (actual time=4260.731..15880.842 rows=57794 loops=1)
                     Hash Cond: (lineitem.l_orderkey = orders.o_orderkey)
                     Join Filter: (((n1.n_name = 'PERU'::bpchar) AND (n2.n_name = 'MOROCCO'::bpchar)) OR ((n1.n_name = 'MOROCCO'::bpchar) AND (n2.n_name = 'PERU'::bpchar)))
                     Rows Removed by Join Filter: 58158
                     ->  Hash Join  (cost=3629.40..2110642.16 rows=1431512 width=46) (actual time=19.291..10855.877 rows=1455694 loops=1)
                           Hash Cond: (lineitem.l_suppkey = supplier.s_suppkey)
                           ->  Seq Scan on lineitem  (cost=0.00..2024906.36 rows=18077674 width=24) (actual time=0.036..8971.669 rows=18230325 loops=1)
                                 Filter: ((l_shipdate >= '1995-01-01'::date) AND (l_shipdate <= '1996-12-31'::date))
                                 Rows Removed by Filter: 41755727
                           ->  Hash  (cost=3529.40..3529.40 rows=8000 width=30) (actual time=19.238..19.240 rows=7981 loops=1)
                                 Buckets: 8192  Batches: 1  Memory Usage: 548kB
                                 ->  Hash Join  (cost=1.40..3529.40 rows=8000 width=30) (actual time=0.019..17.986 rows=7981 loops=1)
                                       Hash Cond: (supplier.s_nationkey = n1.n_nationkey)
                                       ->  Seq Scan on supplier  (cost=0.00..3221.00 rows=100000 width=8) (actual time=0.002..5.815 rows=100000 loops=1)
                                       ->  Hash  (cost=1.38..1.38 rows=2 width=30) (actual time=0.013..0.014 rows=2 loops=1)
                                             Buckets: 1024  Batches: 1  Memory Usage: 9kB
                                             ->  Seq Scan on nation n1  (cost=0.00..1.38 rows=2 width=30) (actual time=0.006..0.008 rows=2 loops=1)
                                                   Filter: ((n_name = 'PERU'::bpchar) OR (n_name = 'MOROCCO'::bpchar))
                                                   Rows Removed by Filter: 23
                     ->  Hash  (cost=536563.13..536563.13 rows=1199952 width=30) (actual time=4239.244..4239.246 rows=1191175 loops=1)
                           Buckets: 524288  Batches: 4  Memory Usage: 22152kB
                           ->  Hash Join  (cost=57053.90..536563.13 rows=1199952 width=30) (actual time=291.660..3963.798 rows=1191175 loops=1)
                                 Hash Cond: (orders.o_custkey = customer.c_custkey)
                                 ->  Seq Scan on orders  (cost=0.00..411261.96 rows=14999396 width=8) (actual time=0.033..1273.733 rows=15000000 loops=1)
                                 ->  Hash  (cost=55553.87..55553.87 rows=120003 width=30) (actual time=291.557..291.558 rows=119622 loops=1)
                                       Buckets: 131072  Batches: 1  Memory Usage: 8267kB
                                       ->  Hash Join  (cost=1.40..55553.87 rows=120003 width=30) (actual time=0.019..270.821 rows=119622 loops=1)
                                             Hash Cond: (customer.c_nationkey = n2.n_nationkey)
                                             ->  Seq Scan on customer  (cost=0.00..50947.36 rows=1500036 width=8) (actual time=0.003..87.086 rows=1500000 loops=1)
                                             ->  Hash  (cost=1.38..1.38 rows=2 width=30) (actual time=0.012..0.012 rows=2 loops=1)
                                                   Buckets: 1024  Batches: 1  Memory Usage: 9kB
                                                   ->  Seq Scan on nation n2  (cost=0.00..1.38 rows=2 width=30) (actual time=0.008..0.010 rows=2 loops=1)
                                                         Filter: ((n_name = 'MOROCCO'::bpchar) OR (n_name = 'PERU'::bpchar))
                                                         Rows Removed by Filter: 23
 Planning Time: 2.166 ms
 Execution Time: 15915.662 ms
(42 rows)

query 8 run 1
SET
SET
SET
                                                                                          QUERY PLAN                                                                                           
-----------------------------------------------------------------------------------------------------------------------------------------------------------------------------------------------
 Limit  (cost=1196700.84..1196701.09 rows=1 width=40) (actual time=60784.964..60784.971 rows=1 loops=1)
   ->  GroupAggregate  (cost=1196700.84..1197300.38 rows=2406 width=40) (actual time=60784.963..60784.969 rows=1 loops=1)
         Group Key: (date_part('year'::text, (orders.o_orderdate)::timestamp without time zone))
         ->  Sort  (cost=1196700.84..1196761.44 rows=24240 width=46) (actual time=60779.715..60780.201 rows=11818 loops=1)
               Sort Key: (date_part('year'::text, (orders.o_orderdate)::timestamp without time zone))
               Sort Method: quicksort  Memory: 2631kB
               ->  Nested Loop  (cost=836599.03..1194935.55 rows=24240 width=46) (actual time=55339.602..60767.167 rows=23842 loops=1)
                     Join Filter: (supplier.s_nationkey = n2.n_nationkey)
                     Rows Removed by Join Filter: 287513
                     ->  Hash Join  (cost=836599.03..1186058.81 rows=24240 width=20) (actual time=55339.560..60714.445 rows=23842 loops=1)
                           Hash Cond: (lineitem.l_suppkey = supplier.s_suppkey)
                           ->  Hash Join  (cost=832128.03..1181523.53 rows=24489 width=20) (actual time=55295.595..60658.677 rows=23842 loops=1)
                                 Hash Cond: (orders.o_custkey = customer.c_custkey)
                                 ->  Hash Join  (cost=768802.87..1117494.31 rows=122444 width=24) (actual time=54713.712..60046.814 rows=118593 loops=1)
                                       Hash Cond: (orders.o_orderkey = lineitem.l_orderkey)
                                       ->  Bitmap Heap Scan on orders  (cost=66060.06..396287.26 rows=4597280 width=12) (actual time=532.649..4911.945 rows=4557513 loops=1)
                                             Recheck Cond: ((o_orderdate >= '1995-01-01'::date) AND (o_orderdate <= '1996-12-31'::date))
                                             Heap Blocks: exact=261268
                                             ->  Bitmap Index Scan on idx_orders_orderdate  (cost=0.00..64910.74 rows=4597280 width=0) (actual time=487.688..487.688 rows=4557513 loops=1)
                                                   Index Cond: ((o_orderdate >= '1995-01-01'::date) AND (o_orderdate <= '1996-12-31'::date))
                                       ->  Hash  (cost=697749.15..697749.15 rows=399493 width=20) (actual time=54180.739..54180.740 rows=389521 loops=1)
                                             Buckets: 524288  Batches: 1  Memory Usage: 25019kB
                                             ->  Nested Loop  (cost=0.56..697749.15 rows=399493 width=20) (actual time=1.433..53745.755 rows=389521 loops=1)
                                                   ->  Seq Scan on part  (cost=0.00..65981.15 rows=13320 width=4) (actual time=0.954..598.518 rows=13011 loops=1)
                                                         Filter: ((p_type)::text = 'LARGE POLISHED BRASS'::text)
                                                         Rows Removed by Filter: 1986989
                                                   ->  Index Scan using idx_lineitem_part_supp on lineitem  (cost=0.56..47.13 rows=30 width=24) (actual time=0.307..4.064 rows=30 loops=13011)
                                                         Index Cond: (l_partkey = part.p_partkey)
                                 ->  Hash  (cost=59575.07..59575.07 rows=300007 width=4) (actual time=581.243..581.245 rows=299436 loops=1)
                                       Buckets: 524288  Batches: 1  Memory Usage: 14624kB
                                       ->  Hash Join  (cost=2.51..59575.07 rows=300007 width=4) (actual time=1.019..530.713 rows=299436 loops=1)
                                             Hash Cond: (customer.c_nationkey = n1.n_nationkey)
                                             ->  Seq Scan on customer  (cost=0.00..50947.36 rows=1500036 width=8) (actual time=0.533..372.780 rows=1500000 loops=1)
                                             ->  Hash  (cost=2.45..2.45 rows=5 width=4) (actual time=0.470..0.472 rows=5 loops=1)
                                                   Buckets: 1024  Batches: 1  Memory Usage: 9kB
                                                   ->  Hash Join  (cost=1.07..2.45 rows=5 width=4) (actual time=0.460..0.469 rows=5 loops=1)
                                                         Hash Cond: (n1.n_regionkey = region.r_regionkey)
                                                         ->  Seq Scan on nation n1  (cost=0.00..1.25 rows=25 width=8) (actual time=0.210..0.213 rows=25 loops=1)
                                                         ->  Hash  (cost=1.06..1.06 rows=1 width=4) (actual time=0.237..0.237 rows=1 loops=1)
                                                               Buckets: 1024  Batches: 1  Memory Usage: 9kB
                                                               ->  Seq Scan on region  (cost=0.00..1.06 rows=1 width=4) (actual time=0.229..0.231 rows=1 loops=1)
                                                                     Filter: (r_name = 'AMERICA'::bpchar)
                                                                     Rows Removed by Filter: 4
                           ->  Hash  (cost=3221.00..3221.00 rows=100000 width=8) (actual time=43.663..43.663 rows=100000 loops=1)
                                 Buckets: 131072  Batches: 1  Memory Usage: 4931kB
                                 ->  Seq Scan on supplier  (cost=0.00..3221.00 rows=100000 width=8) (actual time=0.238..28.713 rows=100000 loops=1)
                     ->  Materialize  (cost=0.00..1.38 rows=25 width=30) (actual time=0.000..0.001 rows=13 loops=23842)
                           ->  Seq Scan on nation n2  (cost=0.00..1.25 rows=25 width=30) (actual time=0.012..0.017 rows=25 loops=1)
 Planning Time: 31.755 ms
 Execution Time: 60786.083 ms
(50 rows)

SET
SET
SET
                                                                                          QUERY PLAN                                                                                           
-----------------------------------------------------------------------------------------------------------------------------------------------------------------------------------------------
 Limit  (cost=1196700.84..1196701.09 rows=1 width=40) (actual time=5148.865..5148.872 rows=1 loops=1)
   ->  GroupAggregate  (cost=1196700.84..1197300.38 rows=2406 width=40) (actual time=5148.864..5148.870 rows=1 loops=1)
         Group Key: (date_part('year'::text, (orders.o_orderdate)::timestamp without time zone))
         ->  Sort  (cost=1196700.84..1196761.44 rows=24240 width=46) (actual time=5143.798..5144.255 rows=11818 loops=1)
               Sort Key: (date_part('year'::text, (orders.o_orderdate)::timestamp without time zone))
               Sort Method: quicksort  Memory: 2631kB
               ->  Nested Loop  (cost=836599.03..1194935.55 rows=24240 width=46) (actual time=2960.472..5135.787 rows=23842 loops=1)
                     Join Filter: (supplier.s_nationkey = n2.n_nationkey)
                     Rows Removed by Join Filter: 287513
                     ->  Hash Join  (cost=836599.03..1186058.81 rows=24240 width=20) (actual time=2960.450..5094.139 rows=23842 loops=1)
                           Hash Cond: (lineitem.l_suppkey = supplier.s_suppkey)
                           ->  Hash Join  (cost=832128.03..1181523.53 rows=24489 width=20) (actual time=2922.930..5046.934 rows=23842 loops=1)
                                 Hash Cond: (orders.o_custkey = customer.c_custkey)
                                 ->  Hash Join  (cost=768802.87..1117494.31 rows=122444 width=24) (actual time=2471.228..4568.426 rows=118593 loops=1)
                                       Hash Cond: (orders.o_orderkey = lineitem.l_orderkey)
                                       ->  Bitmap Heap Scan on orders  (cost=66060.06..396287.26 rows=4597280 width=12) (actual time=487.316..1742.844 rows=4557513 loops=1)
                                             Recheck Cond: ((o_orderdate >= '1995-01-01'::date) AND (o_orderdate <= '1996-12-31'::date))
                                             Heap Blocks: exact=261268
                                             ->  Bitmap Index Scan on idx_orders_orderdate  (cost=0.00..64910.74 rows=4597280 width=0) (actual time=443.365..443.366 rows=4557513 loops=1)
                                                   Index Cond: ((o_orderdate >= '1995-01-01'::date) AND (o_orderdate <= '1996-12-31'::date))
                                       ->  Hash  (cost=697749.15..697749.15 rows=399493 width=20) (actual time=1983.596..1983.597 rows=389521 loops=1)
                                             Buckets: 524288  Batches: 1  Memory Usage: 25019kB
                                             ->  Nested Loop  (cost=0.56..697749.15 rows=399493 width=20) (actual time=0.105..1866.046 rows=389521 loops=1)
                                                   ->  Seq Scan on part  (cost=0.00..65981.15 rows=13320 width=4) (actual time=0.075..305.058 rows=13011 loops=1)
                                                         Filter: ((p_type)::text = 'LARGE POLISHED BRASS'::text)
                                                         Rows Removed by Filter: 1986989
                                                   ->  Index Scan using idx_lineitem_part_supp on lineitem  (cost=0.56..47.13 rows=30 width=24) (actual time=0.010..0.114 rows=30 loops=13011)
                                                         Index Cond: (l_partkey = part.p_partkey)
                                 ->  Hash  (cost=59575.07..59575.07 rows=300007 width=4) (actual time=450.981..450.983 rows=299436 loops=1)
                                       Buckets: 524288  Batches: 1  Memory Usage: 14624kB
                                       ->  Hash Join  (cost=2.51..59575.07 rows=300007 width=4) (actual time=0.069..402.462 rows=299436 loops=1)
                                             Hash Cond: (customer.c_nationkey = n1.n_nationkey)
                                             ->  Seq Scan on customer  (cost=0.00..50947.36 rows=1500036 width=8) (actual time=0.023..249.885 rows=1500000 loops=1)
                                             ->  Hash  (cost=2.45..2.45 rows=5 width=4) (actual time=0.038..0.039 rows=5 loops=1)
                                                   Buckets: 1024  Batches: 1  Memory Usage: 9kB
                                                   ->  Hash Join  (cost=1.07..2.45 rows=5 width=4) (actual time=0.032..0.038 rows=5 loops=1)
                                                         Hash Cond: (n1.n_regionkey = region.r_regionkey)
                                                         ->  Seq Scan on nation n1  (cost=0.00..1.25 rows=25 width=8) (actual time=0.012..0.014 rows=25 loops=1)
                                                         ->  Hash  (cost=1.06..1.06 rows=1 width=4) (actual time=0.015..0.016 rows=1 loops=1)
                                                               Buckets: 1024  Batches: 1  Memory Usage: 9kB
                                                               ->  Seq Scan on region  (cost=0.00..1.06 rows=1 width=4) (actual time=0.012..0.013 rows=1 loops=1)
                                                                     Filter: (r_name = 'AMERICA'::bpchar)
                                                                     Rows Removed by Filter: 4
                           ->  Hash  (cost=3221.00..3221.00 rows=100000 width=8) (actual time=37.215..37.216 rows=100000 loops=1)
                                 Buckets: 131072  Batches: 1  Memory Usage: 4931kB
                                 ->  Seq Scan on supplier  (cost=0.00..3221.00 rows=100000 width=8) (actual time=0.025..21.094 rows=100000 loops=1)
                     ->  Materialize  (cost=0.00..1.38 rows=25 width=30) (actual time=0.000..0.001 rows=13 loops=23842)
                           ->  Seq Scan on nation n2  (cost=0.00..1.25 rows=25 width=30) (actual time=0.007..0.010 rows=25 loops=1)
 Planning Time: 3.818 ms
 Execution Time: 5149.170 ms
(50 rows)

query 9 run 1
SET
SET
SET
                                                                                QUERY PLAN                                                                                
--------------------------------------------------------------------------------------------------------------------------------------------------------------------------
 Limit  (cost=3480073.74..3480073.74 rows=1 width=66) (actual time=34594.755..34594.759 rows=1 loops=1)
   ->  Sort  (cost=3480073.74..3480224.11 rows=60150 width=66) (actual time=34594.753..34594.758 rows=1 loops=1)
         Sort Key: nation.n_name, (date_part('year'::text, (orders.o_orderdate)::timestamp without time zone)) DESC
         Sort Method: top-N heapsort  Memory: 25kB
         ->  HashAggregate  (cost=3478720.36..3479772.99 rows=60150 width=66) (actual time=34594.248..34594.671 rows=175 loops=1)
               Group Key: nation.n_name, date_part('year'::text, (orders.o_orderdate)::timestamp without time zone)
               ->  Hash Join  (cost=1144468.14..3384261.16 rows=5397669 width=57) (actual time=7965.966..32098.672 rows=3248192 loops=1)
                     Hash Cond: (supplier.s_nationkey = nation.n_nationkey)
                     ->  Hash Join  (cost=1144466.57..3340700.40 rows=5397669 width=31) (actual time=7964.824..31145.490 rows=3248192 loops=1)
                           Hash Cond: (lineitem.l_orderkey = orders.o_orderkey)
                           ->  Hash Join  (cost=487120.16..2536795.11 rows=5397669 width=31) (actual time=3433.701..23227.036 rows=3248192 loops=1)
                                 Hash Cond: (lineitem.l_suppkey = supplier.s_suppkey)
                                 ->  Hash Join  (cost=482649.16..2518009.12 rows=5453103 width=35) (actual time=3390.770..22357.441 rows=3248192 loops=1)
                                       Hash Cond: ((lineitem.l_suppkey = partsupp.ps_suppkey) AND (lineitem.l_partkey = partsupp.ps_partkey))
                                       ->  Hash Join  (cost=68253.89..1950698.05 rows=5453103 width=33) (actual time=675.060..16677.045 rows=3248192 loops=1)
                                             Hash Cond: (lineitem.l_partkey = part.p_partkey)
                                             ->  Seq Scan on lineitem  (cost=0.00..1724985.24 rows=59984224 width=29) (actual time=0.602..7012.180 rows=59986052 loops=1)
                                             ->  Hash  (cost=65981.15..65981.15 rows=181819 width=4) (actual time=674.113..674.113 rows=108312 loops=1)
                                                   Buckets: 262144  Batches: 1  Memory Usage: 5856kB
                                                   ->  Seq Scan on part  (cost=0.00..65981.15 rows=181819 width=4) (actual time=0.477..650.957 rows=108312 loops=1)
                                                         Filter: ((p_name)::text ~~ '%navy%'::text)
                                                         Rows Removed by Filter: 1891688
                                       ->  Hash  (cost=255258.91..255258.91 rows=8003691 width=14) (actual time=2714.284..2714.285 rows=8000000 loops=1)
                                             Buckets: 1048576  Batches: 16  Memory Usage: 31607kB
                                             ->  Seq Scan on partsupp  (cost=0.00..255258.91 rows=8003691 width=14) (actual time=0.722..1345.641 rows=8000000 loops=1)
                                 ->  Hash  (cost=3221.00..3221.00 rows=100000 width=8) (actual time=42.842..42.842 rows=100000 loops=1)
                                       Buckets: 131072  Batches: 1  Memory Usage: 4931kB
                                       ->  Seq Scan on supplier  (cost=0.00..3221.00 rows=100000 width=8) (actual time=0.306..27.825 rows=100000 loops=1)
                           ->  Hash  (cost=411261.96..411261.96 rows=14999396 width=8) (actual time=4525.345..4525.345 rows=15000000 loops=1)
                                 Buckets: 1048576  Batches: 32  Memory Usage: 26512kB
                                 ->  Seq Scan on orders  (cost=0.00..411261.96 rows=14999396 width=8) (actual time=0.507..2365.762 rows=15000000 loops=1)
                     ->  Hash  (cost=1.25..1.25 rows=25 width=30) (actual time=0.228..0.228 rows=25 loops=1)
                           Buckets: 1024  Batches: 1  Memory Usage: 10kB
                           ->  Seq Scan on nation  (cost=0.00..1.25 rows=25 width=30) (actual time=0.208..0.214 rows=25 loops=1)
 Planning Time: 29.951 ms
 Execution Time: 34596.661 ms
(36 rows)

SET
SET
SET
                                                                                QUERY PLAN                                                                                
--------------------------------------------------------------------------------------------------------------------------------------------------------------------------
 Limit  (cost=3480073.74..3480073.74 rows=1 width=66) (actual time=30759.603..30759.608 rows=1 loops=1)
   ->  Sort  (cost=3480073.74..3480224.11 rows=60150 width=66) (actual time=30759.602..30759.606 rows=1 loops=1)
         Sort Key: nation.n_name, (date_part('year'::text, (orders.o_orderdate)::timestamp without time zone)) DESC
         Sort Method: top-N heapsort  Memory: 25kB
         ->  HashAggregate  (cost=3478720.36..3479772.99 rows=60150 width=66) (actual time=30759.099..30759.523 rows=175 loops=1)
               Group Key: nation.n_name, date_part('year'::text, (orders.o_orderdate)::timestamp without time zone)
               ->  Hash Join  (cost=1144468.14..3384261.16 rows=5397669 width=57) (actual time=6783.002..28254.380 rows=3248192 loops=1)
                     Hash Cond: (supplier.s_nationkey = nation.n_nationkey)
                     ->  Hash Join  (cost=1144466.57..3340700.40 rows=5397669 width=31) (actual time=6782.960..27294.651 rows=3248192 loops=1)
                           Hash Cond: (lineitem.l_orderkey = orders.o_orderkey)
                           ->  Hash Join  (cost=487120.16..2536795.11 rows=5397669 width=31) (actual time=2799.444..19897.808 rows=3248192 loops=1)
                                 Hash Cond: (lineitem.l_suppkey = supplier.s_suppkey)
                                 ->  Hash Join  (cost=482649.16..2518009.12 rows=5453103 width=35) (actual time=2773.299..19040.996 rows=3248192 loops=1)
                                       Hash Cond: ((lineitem.l_suppkey = partsupp.ps_suppkey) AND (lineitem.l_partkey = partsupp.ps_partkey))
                                       ->  Hash Join  (cost=68253.89..1950698.05 rows=5453103 width=33) (actual time=392.324..13769.708 rows=3248192 loops=1)
                                             Hash Cond: (lineitem.l_partkey = part.p_partkey)
                                             ->  Seq Scan on lineitem  (cost=0.00..1724985.24 rows=59984224 width=29) (actual time=0.027..5143.292 rows=59986052 loops=1)
                                             ->  Hash  (cost=65981.15..65981.15 rows=181819 width=4) (actual time=391.996..391.996 rows=108312 loops=1)
                                                   Buckets: 262144  Batches: 1  Memory Usage: 5856kB
                                                   ->  Seq Scan on part  (cost=0.00..65981.15 rows=181819 width=4) (actual time=0.010..375.471 rows=108312 loops=1)
                                                         Filter: ((p_name)::text ~~ '%navy%'::text)
                                                         Rows Removed by Filter: 1891688
                                       ->  Hash  (cost=255258.91..255258.91 rows=8003691 width=14) (actual time=2379.622..2379.623 rows=8000000 loops=1)
                                             Buckets: 1048576  Batches: 16  Memory Usage: 31607kB
                                             ->  Seq Scan on partsupp  (cost=0.00..255258.91 rows=8003691 width=14) (actual time=0.037..1048.842 rows=8000000 loops=1)
                                 ->  Hash  (cost=3221.00..3221.00 rows=100000 width=8) (actual time=26.061..26.061 rows=100000 loops=1)
                                       Buckets: 131072  Batches: 1  Memory Usage: 4931kB
                                       ->  Seq Scan on supplier  (cost=0.00..3221.00 rows=100000 width=8) (actual time=0.005..13.134 rows=100000 loops=1)
                           ->  Hash  (cost=411261.96..411261.96 rows=14999396 width=8) (actual time=3979.687..3979.687 rows=15000000 loops=1)
                                 Buckets: 1048576  Batches: 32  Memory Usage: 26512kB
                                 ->  Seq Scan on orders  (cost=0.00..411261.96 rows=14999396 width=8) (actual time=0.043..1886.464 rows=15000000 loops=1)
                     ->  Hash  (cost=1.25..1.25 rows=25 width=30) (actual time=0.024..0.024 rows=25 loops=1)
                           Buckets: 1024  Batches: 1  Memory Usage: 10kB
                           ->  Seq Scan on nation  (cost=0.00..1.25 rows=25 width=30) (actual time=0.015..0.018 rows=25 loops=1)
 Planning Time: 4.232 ms
 Execution Time: 30760.436 ms
(36 rows)

query 10 run 1
SET
SET
SET
                                                                                         QUERY PLAN                                                                                         
--------------------------------------------------------------------------------------------------------------------------------------------------------------------------------------------
 Limit  (cost=2464954.40..2464954.45 rows=20 width=202) (actual time=21253.195..21253.202 rows=20 loops=1)
   ->  Sort  (cost=2464954.40..2466421.90 rows=586999 width=202) (actual time=21253.194..21253.199 rows=20 loops=1)
         Sort Key: (sum((lineitem.l_extendedprice * ('1'::numeric - lineitem.l_discount)))) DESC
         Sort Method: top-N heapsort  Memory: 33kB
         ->  GroupAggregate  (cost=2433192.10..2449334.57 rows=586999 width=202) (actual time=20228.691..21135.046 rows=381205 loops=1)
               Group Key: customer.c_custkey, nation.n_name
               ->  Sort  (cost=2433192.10..2434659.60 rows=586999 width=182) (actual time=20228.673..20404.378 rows=1145402 loops=1)
                     Sort Key: customer.c_custkey, nation.n_name
                     Sort Method: external merge  Disk: 218520kB
                     ->  Hash Join  (cost=387749.89..2343412.54 rows=586999 width=182) (actual time=5815.234..19483.708 rows=1145402 loops=1)
                           Hash Cond: (customer.c_nationkey = nation.n_nationkey)
                           ->  Hash Join  (cost=387748.33..2341608.89 rows=586999 width=160) (actual time=5815.033..19285.231 rows=1145402 loops=1)
                                 Hash Cond: (orders.o_custkey = customer.c_custkey)
                                 ->  Hash Join  (cost=285822.52..2200180.21 rows=586999 width=16) (actual time=4833.021..17404.976 rows=1145402 loops=1)
                                       Hash Cond: (lineitem.l_orderkey = orders.o_orderkey)
                                       ->  Seq Scan on lineitem  (cost=0.00..1874945.80 rows=15014051 width=16) (actual time=0.803..10821.127 rows=14808183 loops=1)
                                             Filter: (l_returnflag = 'R'::bpchar)
                                             Rows Removed by Filter: 45177869
                                       ->  Hash  (cost=278492.19..278492.19 rows=586426 width=8) (actual time=4830.223..4830.224 rows=573160 loops=1)
                                             Buckets: 1048576  Batches: 1  Memory Usage: 30582kB
                                             ->  Bitmap Heap Scan on orders  (cost=8427.80..278492.19 rows=586426 width=8) (actual time=124.171..4668.678 rows=573160 loops=1)
                                                   Recheck Cond: ((o_orderdate >= '1994-08-01'::date) AND (o_orderdate < '1994-11-01'::date))
                                                   Heap Blocks: exact=233346
                                                   ->  Bitmap Index Scan on idx_orders_orderdate  (cost=0.00..8281.19 rows=586426 width=0) (actual time=84.620..84.620 rows=573160 loops=1)
                                                         Index Cond: ((o_orderdate >= '1994-08-01'::date) AND (o_orderdate < '1994-11-01'::date))
                                 ->  Hash  (cost=50947.36..50947.36 rows=1500036 width=148) (actual time=981.431..981.431 rows=1500000 loops=1)
                                       Buckets: 262144  Batches: 16  Memory Usage: 18791kB
                                       ->  Seq Scan on customer  (cost=0.00..50947.36 rows=1500036 width=148) (actual time=0.463..488.377 rows=1500000 loops=1)
                           ->  Hash  (cost=1.25..1.25 rows=25 width=30) (actual time=0.190..0.190 rows=25 loops=1)
                                 Buckets: 1024  Batches: 1  Memory Usage: 10kB
                                 ->  Seq Scan on nation  (cost=0.00..1.25 rows=25 width=30) (actual time=0.172..0.178 rows=25 loops=1)
 Planning Time: 22.070 ms
 Execution Time: 21290.500 ms
(33 rows)

SET
SET
SET
                                                                                         QUERY PLAN                                                                                         
--------------------------------------------------------------------------------------------------------------------------------------------------------------------------------------------
 Limit  (cost=2464954.40..2464954.45 rows=20 width=202) (actual time=15738.506..15738.513 rows=20 loops=1)
   ->  Sort  (cost=2464954.40..2466421.90 rows=586999 width=202) (actual time=15738.505..15738.509 rows=20 loops=1)
         Sort Key: (sum((lineitem.l_extendedprice * ('1'::numeric - lineitem.l_discount)))) DESC
         Sort Method: top-N heapsort  Memory: 33kB
         ->  GroupAggregate  (cost=2433192.10..2449334.57 rows=586999 width=202) (actual time=14697.550..15619.173 rows=381205 loops=1)
               Group Key: customer.c_custkey, nation.n_name
               ->  Sort  (cost=2433192.10..2434659.60 rows=586999 width=182) (actual time=14697.532..14872.845 rows=1145402 loops=1)
                     Sort Key: customer.c_custkey, nation.n_name
                     Sort Method: external merge  Disk: 218520kB
                     ->  Hash Join  (cost=387749.89..2343412.54 rows=586999 width=182) (actual time=2391.447..13950.582 rows=1145402 loops=1)
                           Hash Cond: (customer.c_nationkey = nation.n_nationkey)
                           ->  Hash Join  (cost=387748.33..2341608.89 rows=586999 width=160) (actual time=2391.420..13751.941 rows=1145402 loops=1)
                                 Hash Cond: (orders.o_custkey = customer.c_custkey)
                                 ->  Hash Join  (cost=285822.52..2200180.21 rows=586999 width=16) (actual time=1545.034..12035.060 rows=1145402 loops=1)
                                       Hash Cond: (lineitem.l_orderkey = orders.o_orderkey)
                                       ->  Seq Scan on lineitem  (cost=0.00..1874945.80 rows=15014051 width=16) (actual time=0.016..8810.342 rows=14808183 loops=1)
                                             Filter: (l_returnflag = 'R'::bpchar)
                                             Rows Removed by Filter: 45177869
                                       ->  Hash  (cost=278492.19..278492.19 rows=586426 width=8) (actual time=1543.682..1543.683 rows=573160 loops=1)
                                             Buckets: 1048576  Batches: 1  Memory Usage: 30582kB
                                             ->  Bitmap Heap Scan on orders  (cost=8427.80..278492.19 rows=586426 width=8) (actual time=112.663..1417.683 rows=573160 loops=1)
                                                   Recheck Cond: ((o_orderdate >= '1994-08-01'::date) AND (o_orderdate < '1994-11-01'::date))
                                                   Heap Blocks: exact=233346
                                                   ->  Bitmap Index Scan on idx_orders_orderdate  (cost=0.00..8281.19 rows=586426 width=0) (actual time=73.881..73.882 rows=573160 loops=1)
                                                         Index Cond: ((o_orderdate >= '1994-08-01'::date) AND (o_orderdate < '1994-11-01'::date))
                                 ->  Hash  (cost=50947.36..50947.36 rows=1500036 width=148) (actual time=845.863..845.864 rows=1500000 loops=1)
                                       Buckets: 262144  Batches: 16  Memory Usage: 18791kB
                                       ->  Seq Scan on customer  (cost=0.00..50947.36 rows=1500036 width=148) (actual time=0.013..360.400 rows=1500000 loops=1)
                           ->  Hash  (cost=1.25..1.25 rows=25 width=30) (actual time=0.022..0.023 rows=25 loops=1)
                                 Buckets: 1024  Batches: 1  Memory Usage: 10kB
                                 ->  Seq Scan on nation  (cost=0.00..1.25 rows=25 width=30) (actual time=0.014..0.017 rows=25 loops=1)
 Planning Time: 1.585 ms
 Execution Time: 15774.744 ms
(33 rows)

query 11 run 1
SET
SET
SET
                                                                                   QUERY PLAN                                                                                    
---------------------------------------------------------------------------------------------------------------------------------------------------------------------------------
 Limit  (cost=625810.83..625810.83 rows=1 width=36) (actual time=3688.565..3688.570 rows=0 loops=1)
   InitPlan 1 (returns $1)
     ->  Aggregate  (cost=293198.93..293198.94 rows=1 width=32) (actual time=1533.990..1533.993 rows=1 loops=1)
           ->  Hash Join  (cost=2323.58..290797.82 rows=320148 width=10) (actual time=2.838..1445.326 rows=320800 loops=1)
                 Hash Cond: (partsupp_1.ps_suppkey = supplier_1.s_suppkey)
                 ->  Seq Scan on partsupp partsupp_1  (cost=0.00..255258.91 rows=8003691 width=14) (actual time=0.036..733.549 rows=8000000 loops=1)
                 ->  Hash  (cost=2273.58..2273.58 rows=4000 width=4) (actual time=2.770..2.771 rows=4010 loops=1)
                       Buckets: 4096  Batches: 1  Memory Usage: 173kB
                       ->  Nested Loop  (cost=49.42..2273.58 rows=4000 width=4) (actual time=0.490..2.380 rows=4010 loops=1)
                             ->  Seq Scan on nation nation_1  (cost=0.00..1.31 rows=1 width=4) (actual time=0.007..0.008 rows=1 loops=1)
                                   Filter: (n_name = 'SAUDI ARABIA'::bpchar)
                                   Rows Removed by Filter: 24
                             ->  Bitmap Heap Scan on supplier supplier_1  (cost=49.42..2232.27 rows=4000 width=8) (actual time=0.479..1.991 rows=4010 loops=1)
                                   Recheck Cond: (s_nationkey = nation_1.n_nationkey)
                                   Heap Blocks: exact=1869
                                   ->  Bitmap Index Scan on idx_supplier_nation_key  (cost=0.00..48.42 rows=4000 width=0) (actual time=0.302..0.302 rows=4010 loops=1)
                                         Index Cond: (s_nationkey = nation_1.n_nationkey)
   ->  Sort  (cost=332611.89..332878.68 rows=106716 width=36) (actual time=3688.563..3688.565 rows=0 loops=1)
         Sort Key: (sum((partsupp.ps_supplycost * (partsupp.ps_availqty)::numeric))) DESC
         Sort Method: quicksort  Memory: 25kB
         ->  GroupAggregate  (cost=320072.76..332078.31 rows=106716 width=36) (actual time=3688.539..3688.540 rows=0 loops=1)
               Group Key: partsupp.ps_partkey
               Filter: (sum((partsupp.ps_supplycost * (partsupp.ps_availqty)::numeric)) > $1)
               Rows Removed by Filter: 301833
               ->  Sort  (cost=320072.76..320873.13 rows=320148 width=14) (actual time=1934.079..1946.095 rows=320800 loops=1)
                     Sort Key: partsupp.ps_partkey
                     Sort Method: quicksort  Memory: 25961kB
                     ->  Hash Join  (cost=2323.58..290797.82 rows=320148 width=14) (actual time=40.082..1879.231 rows=320800 loops=1)
                           Hash Cond: (partsupp.ps_suppkey = supplier.s_suppkey)
                           ->  Seq Scan on partsupp  (cost=0.00..255258.91 rows=8003691 width=18) (actual time=0.383..1073.301 rows=8000000 loops=1)
                           ->  Hash  (cost=2273.58..2273.58 rows=4000 width=4) (actual time=39.623..39.624 rows=4010 loops=1)
                                 Buckets: 4096  Batches: 1  Memory Usage: 173kB
                                 ->  Nested Loop  (cost=49.42..2273.58 rows=4000 width=4) (actual time=2.527..38.556 rows=4010 loops=1)
                                       ->  Seq Scan on nation  (cost=0.00..1.31 rows=1 width=4) (actual time=0.168..0.172 rows=1 loops=1)
                                             Filter: (n_name = 'SAUDI ARABIA'::bpchar)
                                             Rows Removed by Filter: 24
                                       ->  Bitmap Heap Scan on supplier  (cost=49.42..2232.27 rows=4000 width=8) (actual time=2.352..37.768 rows=4010 loops=1)
                                             Recheck Cond: (s_nationkey = nation.n_nationkey)
                                             Heap Blocks: exact=1869
                                             ->  Bitmap Index Scan on idx_supplier_nation_key  (cost=0.00..48.42 rows=4000 width=0) (actual time=2.013..2.013 rows=4010 loops=1)
                                                   Index Cond: (s_nationkey = nation.n_nationkey)
 Planning Time: 12.769 ms
 Execution Time: 3689.622 ms
(43 rows)

SET
SET
SET
                                                                                   QUERY PLAN                                                                                    
---------------------------------------------------------------------------------------------------------------------------------------------------------------------------------
 Limit  (cost=625810.83..625810.83 rows=1 width=36) (actual time=3241.334..3241.339 rows=0 loops=1)
   InitPlan 1 (returns $1)
     ->  Aggregate  (cost=293198.93..293198.94 rows=1 width=32) (actual time=1529.156..1529.158 rows=1 loops=1)
           ->  Hash Join  (cost=2323.58..290797.82 rows=320148 width=10) (actual time=2.830..1435.772 rows=320800 loops=1)
                 Hash Cond: (partsupp_1.ps_suppkey = supplier_1.s_suppkey)
                 ->  Seq Scan on partsupp partsupp_1  (cost=0.00..255258.91 rows=8003691 width=14) (actual time=0.033..726.858 rows=8000000 loops=1)
                 ->  Hash  (cost=2273.58..2273.58 rows=4000 width=4) (actual time=2.766..2.767 rows=4010 loops=1)
                       Buckets: 4096  Batches: 1  Memory Usage: 173kB
                       ->  Nested Loop  (cost=49.42..2273.58 rows=4000 width=4) (actual time=0.504..2.381 rows=4010 loops=1)
                             ->  Seq Scan on nation nation_1  (cost=0.00..1.31 rows=1 width=4) (actual time=0.006..0.007 rows=1 loops=1)
                                   Filter: (n_name = 'SAUDI ARABIA'::bpchar)
                                   Rows Removed by Filter: 24
                             ->  Bitmap Heap Scan on supplier supplier_1  (cost=49.42..2232.27 rows=4000 width=8) (actual time=0.494..1.993 rows=4010 loops=1)
                                   Recheck Cond: (s_nationkey = nation_1.n_nationkey)
                                   Heap Blocks: exact=1869
                                   ->  Bitmap Index Scan on idx_supplier_nation_key  (cost=0.00..48.42 rows=4000 width=0) (actual time=0.317..0.317 rows=4010 loops=1)
                                         Index Cond: (s_nationkey = nation_1.n_nationkey)
   ->  Sort  (cost=332611.89..332878.68 rows=106716 width=36) (actual time=3241.333..3241.335 rows=0 loops=1)
         Sort Key: (sum((partsupp.ps_supplycost * (partsupp.ps_availqty)::numeric))) DESC
         Sort Method: quicksort  Memory: 25kB
         ->  GroupAggregate  (cost=320072.76..332078.31 rows=106716 width=36) (actual time=3241.324..3241.326 rows=0 loops=1)
               Group Key: partsupp.ps_partkey
               Filter: (sum((partsupp.ps_supplycost * (partsupp.ps_availqty)::numeric)) > $1)
               Rows Removed by Filter: 301833
               ->  Sort  (cost=320072.76..320873.13 rows=320148 width=14) (actual time=1493.153..1505.202 rows=320800 loops=1)
                     Sort Key: partsupp.ps_partkey
                     Sort Method: quicksort  Memory: 25961kB
                     ->  Hash Join  (cost=2323.58..290797.82 rows=320148 width=14) (actual time=3.594..1440.980 rows=320800 loops=1)
                           Hash Cond: (partsupp.ps_suppkey = supplier.s_suppkey)
                           ->  Seq Scan on partsupp  (cost=0.00..255258.91 rows=8003691 width=18) (actual time=0.024..730.154 rows=8000000 loops=1)
                           ->  Hash  (cost=2273.58..2273.58 rows=4000 width=4) (actual time=3.545..3.547 rows=4010 loops=1)
                                 Buckets: 4096  Batches: 1  Memory Usage: 173kB
                                 ->  Nested Loop  (cost=49.42..2273.58 rows=4000 width=4) (actual time=0.500..3.145 rows=4010 loops=1)
                                       ->  Seq Scan on nation  (cost=0.00..1.31 rows=1 width=4) (actual time=0.010..0.011 rows=1 loops=1)
                                             Filter: (n_name = 'SAUDI ARABIA'::bpchar)
                                             Rows Removed by Filter: 24
                                       ->  Bitmap Heap Scan on supplier  (cost=49.42..2232.27 rows=4000 width=8) (actual time=0.487..2.770 rows=4010 loops=1)
                                             Recheck Cond: (s_nationkey = nation.n_nationkey)
                                             Heap Blocks: exact=1869
                                             ->  Bitmap Index Scan on idx_supplier_nation_key  (cost=0.00..48.42 rows=4000 width=0) (actual time=0.308..0.308 rows=4010 loops=1)
                                                   Index Cond: (s_nationkey = nation.n_nationkey)
 Planning Time: 0.921 ms
 Execution Time: 3241.410 ms
(43 rows)

query 12 run 1
SET
SET
SET
                                                                                                                    QUERY PLAN                                                                                                                     
---------------------------------------------------------------------------------------------------------------------------------------------------------------------------------------------------------------------------------------------------
 Limit  (cost=3031670.74..3032506.17 rows=1 width=27) (actual time=19021.413..19021.416 rows=1 loops=1)
   ->  GroupAggregate  (cost=3031670.74..3037518.79 rows=7 width=27) (actual time=19021.412..19021.414 rows=1 loops=1)
         Group Key: lineitem.l_shipmode
         ->  Sort  (cost=3031670.74..3032401.73 rows=292399 width=27) (actual time=18977.153..18983.153 rows=155572 loops=1)
               Sort Key: lineitem.l_shipmode
               Sort Method: quicksort  Memory: 31879kB
               ->  Hash Join  (cost=2478443.03..3005124.45 rows=292399 width=27) (actual time=14834.099..18901.809 rows=311258 loops=1)
                     Hash Cond: (orders.o_orderkey = lineitem.l_orderkey)
                     ->  Seq Scan on orders  (cost=0.00..411261.96 rows=14999396 width=20) (actual time=0.528..1649.488 rows=15000000 loops=1)
                     ->  Hash  (cost=2474788.04..2474788.04 rows=292399 width=15) (actual time=14832.784..14832.785 rows=311258 loops=1)
                           Buckets: 524288  Batches: 1  Memory Usage: 18687kB
                           ->  Seq Scan on lineitem  (cost=0.00..2474788.04 rows=292399 width=15) (actual time=1.299..14740.825 rows=311258 loops=1)
                                 Filter: ((l_shipmode = ANY ('{SHIP,"REG AIR"}'::bpchar[])) AND (l_commitdate < l_receiptdate) AND (l_shipdate < l_commitdate) AND (l_receiptdate >= '1994-01-01'::date) AND (l_receiptdate < '1995-01-01'::date))
                                 Rows Removed by Filter: 59674794
 Planning Time: 16.342 ms
 Execution Time: 19022.646 ms
(16 rows)

SET
SET
SET
                                                                                                                    QUERY PLAN                                                                                                                     
---------------------------------------------------------------------------------------------------------------------------------------------------------------------------------------------------------------------------------------------------
 Limit  (cost=3031670.74..3032506.17 rows=1 width=27) (actual time=16303.393..16303.396 rows=1 loops=1)
   ->  GroupAggregate  (cost=3031670.74..3037518.79 rows=7 width=27) (actual time=16303.392..16303.394 rows=1 loops=1)
         Group Key: lineitem.l_shipmode
         ->  Sort  (cost=3031670.74..3032401.73 rows=292399 width=27) (actual time=16259.039..16265.027 rows=155572 loops=1)
               Sort Key: lineitem.l_shipmode
               Sort Method: quicksort  Memory: 31879kB
               ->  Hash Join  (cost=2478443.03..3005124.45 rows=292399 width=27) (actual time=12679.210..16186.937 rows=311258 loops=1)
                     Hash Cond: (orders.o_orderkey = lineitem.l_orderkey)
                     ->  Seq Scan on orders  (cost=0.00..411261.96 rows=14999396 width=20) (actual time=0.022..1221.718 rows=15000000 loops=1)
                     ->  Hash  (cost=2474788.04..2474788.04 rows=292399 width=15) (actual time=12678.492..12678.492 rows=311258 loops=1)
                           Buckets: 524288  Batches: 1  Memory Usage: 18687kB
                           ->  Seq Scan on lineitem  (cost=0.00..2474788.04 rows=292399 width=15) (actual time=0.108..12594.134 rows=311258 loops=1)
                                 Filter: ((l_shipmode = ANY ('{SHIP,"REG AIR"}'::bpchar[])) AND (l_commitdate < l_receiptdate) AND (l_shipdate < l_commitdate) AND (l_receiptdate >= '1994-01-01'::date) AND (l_receiptdate < '1995-01-01'::date))
                                 Rows Removed by Filter: 59674794
 Planning Time: 0.667 ms
 Execution Time: 16303.478 ms
(16 rows)

query 13 run 1
SET
SET
SET
                                                                                       QUERY PLAN                                                                                        
-----------------------------------------------------------------------------------------------------------------------------------------------------------------------------------------
 Limit  (cost=2733872.56..2733872.56 rows=1 width=16) (actual time=19664.584..19664.586 rows=1 loops=1)
   ->  Sort  (cost=2733872.56..2733873.06 rows=200 width=16) (actual time=19664.582..19664.584 rows=1 loops=1)
         Sort Key: (count(*)) DESC, (count(orders.o_orderkey)) DESC
         Sort Method: top-N heapsort  Memory: 25kB
         ->  HashAggregate  (cost=2733869.56..2733871.56 rows=200 width=16) (actual time=19664.556..19664.563 rows=46 loops=1)
               Group Key: count(orders.o_orderkey)
               ->  GroupAggregate  (cost=2583884.44..2711369.02 rows=1500036 width=12) (actual time=15946.918..19483.582 rows=1500000 loops=1)
                     Group Key: customer.c_custkey
                     ->  Sort  (cost=2583884.44..2621379.18 rows=14997896 width=8) (actual time=15946.906..17720.809 rows=15337604 loops=1)
                           Sort Key: customer.c_custkey
                           Sort Method: external merge  Disk: 268424kB
                           ->  Hash Right Join  (cost=53285.42..664447.46 rows=14997896 width=8) (actual time=347.292..11173.712 rows=15337604 loops=1)
                                 Hash Cond: (orders.o_custkey = customer.c_custkey)
                                 ->  Seq Scan on orders  (cost=0.00..448760.45 rows=14997896 width=8) (actual time=0.501..5116.399 rows=14837583 loops=1)
                                       Filter: ((o_comment)::text !~~ '%special%requests%'::text)
                                       Rows Removed by Filter: 162417
                                 ->  Hash  (cost=28674.97..28674.97 rows=1500036 width=4) (actual time=345.376..345.377 rows=1500000 loops=1)
                                       Buckets: 1048576  Batches: 4  Memory Usage: 21380kB
                                       ->  Index Only Scan using customer_pkey on customer  (cost=0.43..28674.97 rows=1500036 width=4) (actual time=0.021..155.174 rows=1500000 loops=1)
                                             Heap Fetches: 0
 Planning Time: 13.614 ms
 Execution Time: 19705.475 ms
(22 rows)

SET
SET
SET
                                                                                       QUERY PLAN                                                                                        
-----------------------------------------------------------------------------------------------------------------------------------------------------------------------------------------
 Limit  (cost=2733872.56..2733872.56 rows=1 width=16) (actual time=19196.559..19196.561 rows=1 loops=1)
   ->  Sort  (cost=2733872.56..2733873.06 rows=200 width=16) (actual time=19196.557..19196.559 rows=1 loops=1)
         Sort Key: (count(*)) DESC, (count(orders.o_orderkey)) DESC
         Sort Method: top-N heapsort  Memory: 25kB
         ->  HashAggregate  (cost=2733869.56..2733871.56 rows=200 width=16) (actual time=19196.539..19196.546 rows=46 loops=1)
               Group Key: count(orders.o_orderkey)
               ->  GroupAggregate  (cost=2583884.44..2711369.02 rows=1500036 width=12) (actual time=15447.752..18997.427 rows=1500000 loops=1)
                     Group Key: customer.c_custkey
                     ->  Sort  (cost=2583884.44..2621379.18 rows=14997896 width=8) (actual time=15447.740..17227.586 rows=15337604 loops=1)
                           Sort Key: customer.c_custkey
                           Sort Method: external merge  Disk: 268424kB
                           ->  Hash Right Join  (cost=53285.42..664447.46 rows=14997896 width=8) (actual time=310.129..10678.393 rows=15337604 loops=1)
                                 Hash Cond: (orders.o_custkey = customer.c_custkey)
                                 ->  Seq Scan on orders  (cost=0.00..448760.45 rows=14997896 width=8) (actual time=0.033..4654.836 rows=14837583 loops=1)
                                       Filter: ((o_comment)::text !~~ '%special%requests%'::text)
                                       Rows Removed by Filter: 162417
                                 ->  Hash  (cost=28674.97..28674.97 rows=1500036 width=4) (actual time=308.745..308.745 rows=1500000 loops=1)
                                       Buckets: 1048576  Batches: 4  Memory Usage: 21380kB
                                       ->  Index Only Scan using customer_pkey on customer  (cost=0.43..28674.97 rows=1500036 width=4) (actual time=0.019..122.601 rows=1500000 loops=1)
                                             Heap Fetches: 0
 Planning Time: 0.640 ms
 Execution Time: 19238.168 ms
(22 rows)

query 14 run 1
SET
SET
SET
                                                                              QUERY PLAN                                                                               
-----------------------------------------------------------------------------------------------------------------------------------------------------------------------
 Limit  (cost=1271283.05..1271283.06 rows=1 width=32) (actual time=67056.246..67056.249 rows=1 loops=1)
   ->  Aggregate  (cost=1271283.05..1271283.06 rows=1 width=32) (actual time=67056.245..67056.247 rows=1 loops=1)
         ->  Hash Join  (cost=99653.83..1258109.11 rows=752796 width=33) (actual time=940.269..66587.438 rows=772942 loops=1)
               Hash Cond: (lineitem.l_partkey = part.p_partkey)
               ->  Index Scan using idx_lineitem_shipdate on lineitem  (cost=0.56..1135455.75 rows=752796 width=16) (actual time=1.064..64463.214 rows=772942 loops=1)
                     Index Cond: ((l_shipdate >= '1994-05-01'::date) AND (l_shipdate < '1994-06-01'::date))
               ->  Hash  (cost=60981.12..60981.12 rows=2000012 width=25) (actual time=931.876..931.877 rows=2000000 loops=1)
                     Buckets: 524288  Batches: 8  Memory Usage: 18555kB
                     ->  Seq Scan on part  (cost=0.00..60981.12 rows=2000012 width=25) (actual time=0.446..556.767 rows=2000000 loops=1)
 Planning Time: 17.546 ms
 Execution Time: 67057.232 ms
(11 rows)

SET
SET
SET
                                                                              QUERY PLAN                                                                              
----------------------------------------------------------------------------------------------------------------------------------------------------------------------
 Limit  (cost=1271283.05..1271283.06 rows=1 width=32) (actual time=3684.315..3684.317 rows=1 loops=1)
   ->  Aggregate  (cost=1271283.05..1271283.06 rows=1 width=32) (actual time=3684.313..3684.315 rows=1 loops=1)
         ->  Hash Join  (cost=99653.83..1258109.11 rows=752796 width=33) (actual time=800.982..3370.278 rows=772942 loops=1)
               Hash Cond: (lineitem.l_partkey = part.p_partkey)
               ->  Index Scan using idx_lineitem_shipdate on lineitem  (cost=0.56..1135455.75 rows=752796 width=16) (actual time=0.045..1947.857 rows=772942 loops=1)
                     Index Cond: ((l_shipdate >= '1994-05-01'::date) AND (l_shipdate < '1994-06-01'::date))
               ->  Hash  (cost=60981.12..60981.12 rows=2000012 width=25) (actual time=799.965..799.965 rows=2000000 loops=1)
                     Buckets: 524288  Batches: 8  Memory Usage: 18555kB
                     ->  Seq Scan on part  (cost=0.00..60981.12 rows=2000012 width=25) (actual time=0.027..432.719 rows=2000000 loops=1)
 Planning Time: 0.987 ms
 Execution Time: 3684.385 ms
(11 rows)

query 15 run 1
SET
SET
SET
CREATE VIEW
                                                                                QUERY PLAN                                                                                
--------------------------------------------------------------------------------------------------------------------------------------------------------------------------
 Limit  (cost=3983056.92..3983150.60 rows=1 width=104) (actual time=19267.193..19267.198 rows=1 loops=1)
   InitPlan 1 (returns $0)
     ->  Aggregate  (cost=1874963.67..1874963.68 rows=1 width=32) (actual time=6018.405..6018.407 rows=1 loops=1)
           ->  HashAggregate  (cost=1872437.99..1873700.83 rows=101027 width=36) (actual time=5975.383..6012.394 rows=100000 loops=1)
                 Group Key: lineitem_1.l_suppkey
                 ->  Bitmap Heap Scan on lineitem lineitem_1  (cost=35519.13..1850286.22 rows=2215177 width=16) (actual time=352.523..4512.226 rows=2265714 loops=1)
                       Recheck Cond: ((l_shipdate >= '1996-01-01'::date) AND (l_shipdate < '1996-04-01'::date))
                       Rows Removed by Index Recheck: 13223651
                       Heap Blocks: exact=401153 lossy=267105
                       ->  Bitmap Index Scan on idx_lineitem_shipdate  (cost=0.00..34965.34 rows=2215177 width=0) (actual time=279.951..279.951 rows=2265714 loops=1)
                             Index Cond: ((l_shipdate >= '1996-01-01'::date) AND (l_shipdate < '1996-04-01'::date))
   ->  Nested Loop  (cost=2108093.24..2155403.06 rows=505 width=104) (actual time=19267.192..19267.193 rows=1 loops=1)
         ->  GroupAggregate  (cost=2108092.95..2154164.46 rows=505 width=36) (actual time=19266.833..19266.834 rows=1 loops=1)
               Group Key: lineitem.l_suppkey
               Filter: (sum((lineitem.l_extendedprice * ('1'::numeric - lineitem.l_discount))) = $0)
               Rows Removed by Filter: 69997
               ->  Sort  (cost=2108092.95..2113630.89 rows=2215177 width=16) (actual time=12567.073..12721.288 rows=1585450 loops=1)
                     Sort Key: lineitem.l_suppkey
                     Sort Method: external merge  Disk: 60920kB
                     ->  Bitmap Heap Scan on lineitem  (cost=35519.13..1850286.22 rows=2215177 width=16) (actual time=414.043..11592.529 rows=2265714 loops=1)
                           Recheck Cond: ((l_shipdate >= '1996-01-01'::date) AND (l_shipdate < '1996-04-01'::date))
                           Rows Removed by Index Recheck: 13223651
                           Heap Blocks: exact=401153 lossy=267105
                           ->  Bitmap Index Scan on idx_lineitem_shipdate  (cost=0.00..34965.34 rows=2215177 width=0) (actual time=340.549..340.549 rows=2265714 loops=1)
                                 Index Cond: ((l_shipdate >= '1996-01-01'::date) AND (l_shipdate < '1996-04-01'::date))
         ->  Index Scan using supplier_pkey on supplier  (cost=0.29..2.44 rows=1 width=72) (actual time=0.353..0.354 rows=1 loops=1)
               Index Cond: (s_suppkey = lineitem.l_suppkey)
 Planning Time: 14.421 ms
 Execution Time: 19276.095 ms
(29 rows)

DROP VIEW
SET
SET
SET
CREATE VIEW
                                                                                QUERY PLAN                                                                                
--------------------------------------------------------------------------------------------------------------------------------------------------------------------------
 Limit  (cost=3983056.92..3983150.60 rows=1 width=104) (actual time=12583.383..12583.385 rows=1 loops=1)
   InitPlan 1 (returns $0)
     ->  Aggregate  (cost=1874963.67..1874963.68 rows=1 width=32) (actual time=6009.604..6009.605 rows=1 loops=1)
           ->  HashAggregate  (cost=1872437.99..1873700.83 rows=101027 width=36) (actual time=5966.548..6003.554 rows=100000 loops=1)
                 Group Key: lineitem_1.l_suppkey
                 ->  Bitmap Heap Scan on lineitem lineitem_1  (cost=35519.13..1850286.22 rows=2215177 width=16) (actual time=352.446..4518.979 rows=2265714 loops=1)
                       Recheck Cond: ((l_shipdate >= '1996-01-01'::date) AND (l_shipdate < '1996-04-01'::date))
                       Rows Removed by Index Recheck: 13223651
                       Heap Blocks: exact=401153 lossy=267105
                       ->  Bitmap Index Scan on idx_lineitem_shipdate  (cost=0.00..34965.34 rows=2215177 width=0) (actual time=279.840..279.840 rows=2265714 loops=1)
                             Index Cond: ((l_shipdate >= '1996-01-01'::date) AND (l_shipdate < '1996-04-01'::date))
   ->  Nested Loop  (cost=2108093.24..2155403.06 rows=505 width=104) (actual time=12583.381..12583.382 rows=1 loops=1)
         ->  GroupAggregate  (cost=2108092.95..2154164.46 rows=505 width=36) (actual time=12583.347..12583.348 rows=1 loops=1)
               Group Key: lineitem.l_suppkey
               Filter: (sum((lineitem.l_extendedprice * ('1'::numeric - lineitem.l_discount))) = $0)
               Rows Removed by Filter: 69997
               ->  Sort  (cost=2108092.95..2113630.89 rows=2215177 width=16) (actual time=5893.169..6049.530 rows=1585450 loops=1)
                     Sort Key: lineitem.l_suppkey
                     Sort Method: external merge  Disk: 60920kB
                     ->  Bitmap Heap Scan on lineitem  (cost=35519.13..1850286.22 rows=2215177 width=16) (actual time=376.000..5053.613 rows=2265714 loops=1)
                           Recheck Cond: ((l_shipdate >= '1996-01-01'::date) AND (l_shipdate < '1996-04-01'::date))
                           Rows Removed by Index Recheck: 13223651
                           Heap Blocks: exact=401153 lossy=267105
                           ->  Bitmap Index Scan on idx_lineitem_shipdate  (cost=0.00..34965.34 rows=2215177 width=0) (actual time=303.709..303.709 rows=2265714 loops=1)
                                 Index Cond: ((l_shipdate >= '1996-01-01'::date) AND (l_shipdate < '1996-04-01'::date))
         ->  Index Scan using supplier_pkey on supplier  (cost=0.29..2.44 rows=1 width=72) (actual time=0.030..0.030 rows=1 loops=1)
               Index Cond: (s_suppkey = lineitem.l_suppkey)
 Planning Time: 0.979 ms
 Execution Time: 12593.106 ms
(29 rows)

DROP VIEW
query 16 run 1
SET
SET
SET
                                                                                         QUERY PLAN                                                                                         
--------------------------------------------------------------------------------------------------------------------------------------------------------------------------------------------
 Limit  (cost=357468.97..357468.97 rows=1 width=44) (actual time=6524.800..6524.803 rows=1 loops=1)
   ->  Sort  (cost=357468.97..357850.78 rows=152725 width=44) (actual time=6524.799..6524.801 rows=1 loops=1)
         Sort Key: (count(DISTINCT partsupp.ps_suppkey)) DESC, part.p_brand, part.p_type, part.p_size
         Sort Method: top-N heapsort  Memory: 25kB
         ->  GroupAggregate  (cost=347869.12..356705.35 rows=152725 width=44) (actual time=5897.322..6519.412 rows=27838 loops=1)
               Group Key: part.p_brand, part.p_type, part.p_size
               ->  Sort  (cost=347869.12..349330.92 rows=584718 width=40) (actual time=5897.273..6238.692 rows=1186319 loops=1)
                     Sort Key: part.p_brand, part.p_type, part.p_size
                     Sort Method: external merge  Disk: 60592kB
                     ->  Hash Join  (cost=98105.58..281580.54 rows=584718 width=40) (actual time=822.090..3115.798 rows=1186319 loops=1)
                           Hash Cond: (partsupp.ps_partkey = part.p_partkey)
                           ->  Index Only Scan using partsupp_pkey on partsupp  (cost=3471.46..176441.55 rows=4001846 width=8) (actual time=36.903..1524.819 rows=7995520 loops=1)
                                 Filter: (NOT (hashed SubPlan 1))
                                 Rows Removed by Filter: 4480
                                 Heap Fetches: 0
                                 SubPlan 1
                                   ->  Seq Scan on supplier  (cost=0.00..3471.00 rows=10 width=4) (actual time=1.150..36.587 rows=56 loops=1)
                                         Filter: ((s_comment)::text ~~ '%Customer%Complaints%'::text)
                                         Rows Removed by Filter: 99944
                           ->  Hash  (cost=90981.30..90981.30 rows=292226 width=40) (actual time=784.481..784.481 rows=296733 loops=1)
                                 Buckets: 524288  Batches: 1  Memory Usage: 25593kB
                                 ->  Seq Scan on part  (cost=0.00..90981.30 rows=292226 width=40) (actual time=0.604..712.972 rows=296733 loops=1)
                                       Filter: ((p_brand <> 'Brand#12'::bpchar) AND ((p_type)::text !~~ 'SMALL BRUSHED%'::text) AND (p_size = ANY ('{12,32,36,26,40,34,49,9}'::integer[])))
                                       Rows Removed by Filter: 1703267
 Planning Time: 13.982 ms
 Execution Time: 6533.832 ms
(26 rows)

SET
SET
SET
                                                                                         QUERY PLAN                                                                                         
--------------------------------------------------------------------------------------------------------------------------------------------------------------------------------------------
 Limit  (cost=357468.97..357468.97 rows=1 width=44) (actual time=6038.588..6038.591 rows=1 loops=1)
   ->  Sort  (cost=357468.97..357850.78 rows=152725 width=44) (actual time=6038.587..6038.589 rows=1 loops=1)
         Sort Key: (count(DISTINCT partsupp.ps_suppkey)) DESC, part.p_brand, part.p_type, part.p_size
         Sort Method: top-N heapsort  Memory: 25kB
         ->  GroupAggregate  (cost=347869.12..356705.35 rows=152725 width=44) (actual time=5405.663..6033.261 rows=27838 loops=1)
               Group Key: part.p_brand, part.p_type, part.p_size
               ->  Sort  (cost=347869.12..349330.92 rows=584718 width=40) (actual time=5405.613..5747.990 rows=1186319 loops=1)
                     Sort Key: part.p_brand, part.p_type, part.p_size
                     Sort Method: external merge  Disk: 60592kB
                     ->  Hash Join  (cost=98105.58..281580.54 rows=584718 width=40) (actual time=517.551..2632.822 rows=1186319 loops=1)
                           Hash Cond: (partsupp.ps_partkey = part.p_partkey)
                           ->  Index Only Scan using partsupp_pkey on partsupp  (cost=3471.46..176441.55 rows=4001846 width=8) (actual time=21.014..1343.623 rows=7995520 loops=1)
                                 Filter: (NOT (hashed SubPlan 1))
                                 Rows Removed by Filter: 4480
                                 Heap Fetches: 0
                                 SubPlan 1
                                   ->  Seq Scan on supplier  (cost=0.00..3471.00 rows=10 width=4) (actual time=0.091..20.976 rows=56 loops=1)
                                         Filter: ((s_comment)::text ~~ '%Customer%Complaints%'::text)
                                         Rows Removed by Filter: 99944
                           ->  Hash  (cost=90981.30..90981.30 rows=292226 width=40) (actual time=495.896..495.897 rows=296733 loops=1)
                                 Buckets: 524288  Batches: 1  Memory Usage: 25593kB
                                 ->  Seq Scan on part  (cost=0.00..90981.30 rows=292226 width=40) (actual time=0.016..434.068 rows=296733 loops=1)
                                       Filter: ((p_brand <> 'Brand#12'::bpchar) AND ((p_type)::text !~~ 'SMALL BRUSHED%'::text) AND (p_size = ANY ('{12,32,36,26,40,34,49,9}'::integer[])))
                                       Rows Removed by Filter: 1703267
 Planning Time: 1.177 ms
 Execution Time: 6046.476 ms
(26 rows)

query 17 run 1
SET
SET
SET
                                                                              QUERY PLAN                                                                              
----------------------------------------------------------------------------------------------------------------------------------------------------------------------
 Limit  (cost=10819714.36..10819714.37 rows=1 width=32) (actual time=49713.258..49713.260 rows=1 loops=1)
   ->  Aggregate  (cost=10819714.36..10819714.37 rows=1 width=32) (actual time=49713.257..49713.259 rows=1 loops=1)
         ->  Merge Join  (cost=10133379.06..10819666.28 rows=19233 width=8) (actual time=28845.174..49711.780 rows=5319 loops=1)
               Merge Cond: (lineitem_1.l_partkey = part.p_partkey)
               Join Filter: (lineitem.l_quantity < ((0.2 * avg(lineitem_1.l_quantity))))
               Rows Removed by Join Filter: 54632
               ->  GroupAggregate  (cost=10133378.07..10613257.87 rows=1999875 width=36) (actual time=28837.503..47534.940 rows=1999333 loops=1)
                     Group Key: lineitem_1.l_partkey
                     ->  Sort  (cost=10133378.07..10283338.63 rows=59984224 width=9) (actual time=28837.481..38733.488 rows=59965994 loops=1)
                           Sort Key: lineitem_1.l_partkey
                           Sort Method: external merge  Disk: 1115736kB
                           ->  Seq Scan on lineitem lineitem_1  (cost=0.00..1724985.24 rows=59984224 width=9) (actual time=0.488..9352.170 rows=59986052 loops=1)
               ->  Materialize  (cost=0.99..180544.46 rows=57704 width=21) (actual time=1.870..2051.464 rows=59951 loops=1)
                     ->  Nested Loop  (cost=0.99..180400.20 rows=57704 width=21) (actual time=1.867..2025.516 rows=59951 loops=1)
                           ->  Index Scan using part_pkey on part  (cost=0.43..89212.67 rows=1924 width=4) (actual time=1.561..661.839 rows=1996 loops=1)
                                 Filter: ((p_brand = 'Brand#22'::bpchar) AND (p_container = 'LG BOX'::bpchar))
                                 Rows Removed by Filter: 1998004
                           ->  Index Scan using idx_lineitem_part_supp on lineitem  (cost=0.56..47.09 rows=30 width=17) (actual time=0.448..0.675 rows=30 loops=1996)
                                 Index Cond: (l_partkey = part.p_partkey)
 Planning Time: 15.158 ms
 Execution Time: 49859.655 ms
(21 rows)

SET
SET
SET
                                                                              QUERY PLAN                                                                              
----------------------------------------------------------------------------------------------------------------------------------------------------------------------
 Limit  (cost=10819714.36..10819714.37 rows=1 width=32) (actual time=45781.552..45781.554 rows=1 loops=1)
   ->  Aggregate  (cost=10819714.36..10819714.37 rows=1 width=32) (actual time=45781.551..45781.552 rows=1 loops=1)
         ->  Merge Join  (cost=10133379.06..10819666.28 rows=19233 width=8) (actual time=26717.474..45780.614 rows=5319 loops=1)
               Merge Cond: (lineitem_1.l_partkey = part.p_partkey)
               Join Filter: (lineitem.l_quantity < ((0.2 * avg(lineitem_1.l_quantity))))
               Rows Removed by Join Filter: 54632
               ->  GroupAggregate  (cost=10133378.07..10613257.87 rows=1999875 width=36) (actual time=26711.656..45222.797 rows=1999333 loops=1)
                     Group Key: lineitem_1.l_partkey
                     ->  Sort  (cost=10133378.07..10283338.63 rows=59984224 width=9) (actual time=26711.633..36577.464 rows=59965994 loops=1)
                           Sort Key: lineitem_1.l_partkey
                           Sort Method: external merge  Disk: 1115736kB
                           ->  Seq Scan on lineitem lineitem_1  (cost=0.00..1724985.24 rows=59984224 width=9) (actual time=0.032..7445.909 rows=59986052 loops=1)
               ->  Materialize  (cost=0.99..180544.46 rows=57704 width=21) (actual time=0.148..445.554 rows=59951 loops=1)
                     ->  Nested Loop  (cost=0.99..180400.20 rows=57704 width=21) (actual time=0.145..430.317 rows=59951 loops=1)
                           ->  Index Scan using part_pkey on part  (cost=0.43..89212.67 rows=1924 width=4) (actual time=0.133..378.060 rows=1996 loops=1)
                                 Filter: ((p_brand = 'Brand#22'::bpchar) AND (p_container = 'LG BOX'::bpchar))
                                 Rows Removed by Filter: 1998004
                           ->  Index Scan using idx_lineitem_part_supp on lineitem  (cost=0.56..47.09 rows=30 width=17) (actual time=0.004..0.021 rows=30 loops=1996)
                                 Index Cond: (l_partkey = part.p_partkey)
 Planning Time: 0.809 ms
 Execution Time: 45905.629 ms
(21 rows)

query 18 run 1
SET
SET
SET
                                                                                                    QUERY PLAN                                                                                                     
-------------------------------------------------------------------------------------------------------------------------------------------------------------------------------------------------------------------
 Limit  (cost=10574995.63..10574995.88 rows=100 width=71) (actual time=41176.486..41176.499 rows=99 loops=1)
   ->  Sort  (cost=10574995.63..10624971.35 rows=19990288 width=71) (actual time=41176.485..41176.492 rows=99 loops=1)
         Sort Key: orders.o_totalprice DESC, orders.o_orderdate
         Sort Method: quicksort  Memory: 32kB
         ->  GroupAggregate  (cost=9361199.72..9810981.20 rows=19990288 width=71) (actual time=41176.231..41176.411 rows=99 loops=1)
               Group Key: customer.c_custkey, orders.o_orderkey
               ->  Sort  (cost=9361199.72..9411175.44 rows=19990288 width=44) (actual time=41176.212..41176.241 rows=693 loops=1)
                     Sort Key: customer.c_custkey, orders.o_orderkey
                     Sort Method: quicksort  Memory: 79kB
                     ->  Hash Join  (cost=78684.42..6541781.84 rows=19990288 width=44) (actual time=4307.500..41175.957 rows=693 loops=1)
                           Hash Cond: (orders.o_custkey = customer.c_custkey)
                           ->  Merge Join  (cost=196.61..6128723.38 rows=19990288 width=25) (actual time=980.692..40393.505 rows=693 loops=1)
                                 Merge Cond: (orders.o_orderkey = lineitem.l_orderkey)
                                 ->  Merge Join  (cost=1.00..3494674.16 rows=4998685 width=24) (actual time=751.491..29299.405 rows=99 loops=1)
                                       Merge Cond: (orders.o_orderkey = lineitem_1.l_orderkey)
                                       ->  Index Scan using orders_pkey on orders  (cost=0.43..547956.38 rows=14999396 width=20) (actual time=0.683..2974.889 rows=14982724 loops=1)
                                       ->  GroupAggregate  (cost=0.56..2796748.89 rows=4998685 width=4) (actual time=644.046..25437.032 rows=99 loops=1)
                                             Group Key: lineitem_1.l_orderkey
                                             Filter: (sum(lineitem_1.l_quantity) > '313'::numeric)
                                             Rows Removed by Filter: 14999901
                                             ->  Index Scan using idx_lineitem_orderkey on lineitem lineitem_1  (cost=0.56..2271886.93 rows=59984224 width=9) (actual time=0.516..12406.886 rows=59986052 loops=1)
                                 ->  Index Scan using idx_lineitem_orderkey on lineitem  (cost=0.56..2271886.93 rows=59984224 width=9) (actual time=0.012..7578.752 rows=59916431 loops=1)
                           ->  Hash  (cost=50947.36..50947.36 rows=1500036 width=23) (actual time=677.387..677.387 rows=1500000 loops=1)
                                 Buckets: 524288  Batches: 4  Memory Usage: 24623kB
                                 ->  Seq Scan on customer  (cost=0.00..50947.36 rows=1500036 width=23) (actual time=0.545..418.436 rows=1500000 loops=1)
 Planning Time: 17.958 ms
 Execution Time: 41176.894 ms
(27 rows)

SET
SET
SET
                                                                                                    QUERY PLAN                                                                                                    
------------------------------------------------------------------------------------------------------------------------------------------------------------------------------------------------------------------
 Limit  (cost=10574995.63..10574995.88 rows=100 width=71) (actual time=37979.308..37979.321 rows=99 loops=1)
   ->  Sort  (cost=10574995.63..10624971.35 rows=19990288 width=71) (actual time=37979.306..37979.313 rows=99 loops=1)
         Sort Key: orders.o_totalprice DESC, orders.o_orderdate
         Sort Method: quicksort  Memory: 32kB
         ->  GroupAggregate  (cost=9361199.72..9810981.20 rows=19990288 width=71) (actual time=37979.052..37979.232 rows=99 loops=1)
               Group Key: customer.c_custkey, orders.o_orderkey
               ->  Sort  (cost=9361199.72..9411175.44 rows=19990288 width=44) (actual time=37979.034..37979.062 rows=693 loops=1)
                     Sort Key: customer.c_custkey, orders.o_orderkey
                     Sort Method: quicksort  Memory: 79kB
                     ->  Hash Join  (cost=78684.42..6541781.84 rows=19990288 width=44) (actual time=3732.087..37978.795 rows=693 loops=1)
                           Hash Cond: (orders.o_custkey = customer.c_custkey)
                           ->  Merge Join  (cost=196.61..6128723.38 rows=19990288 width=25) (actual time=856.663..37330.416 rows=693 loops=1)
                                 Merge Cond: (orders.o_orderkey = lineitem.l_orderkey)
                                 ->  Merge Join  (cost=1.00..3494674.16 rows=4998685 width=24) (actual time=623.191..26227.716 rows=99 loops=1)
                                       Merge Cond: (orders.o_orderkey = lineitem_1.l_orderkey)
                                       ->  Index Scan using orders_pkey on orders  (cost=0.43..547956.38 rows=14999396 width=20) (actual time=0.013..2353.191 rows=14982724 loops=1)
                                       ->  GroupAggregate  (cost=0.56..2796748.89 rows=4998685 width=4) (actual time=543.949..23004.401 rows=99 loops=1)
                                             Group Key: lineitem_1.l_orderkey
                                             Filter: (sum(lineitem_1.l_quantity) > '313'::numeric)
                                             Rows Removed by Filter: 14999901
                                             ->  Index Scan using idx_lineitem_orderkey on lineitem lineitem_1  (cost=0.56..2271886.93 rows=59984224 width=9) (actual time=0.234..9947.749 rows=59986052 loops=1)
                                 ->  Index Scan using idx_lineitem_orderkey on lineitem  (cost=0.56..2271886.93 rows=59984224 width=9) (actual time=0.011..7567.351 rows=59916431 loops=1)
                           ->  Hash  (cost=50947.36..50947.36 rows=1500036 width=23) (actual time=543.931..543.931 rows=1500000 loops=1)
                                 Buckets: 524288  Batches: 4  Memory Usage: 24623kB
                                 ->  Seq Scan on customer  (cost=0.00..50947.36 rows=1500036 width=23) (actual time=0.029..290.646 rows=1500000 loops=1)
 Planning Time: 1.542 ms
 Execution Time: 37979.437 ms
(27 rows)

query 19 run 1
SET
SET
SET
                                                                                                                                                                                                                                                                                                                                                                                                                                                                                                            QUERY PLAN                                                                                                                                                                                                                                                                                                                                                                                                                                                                                                            
----------------------------------------------------------------------------------------------------------------------------------------------------------------------------------------------------------------------------------------------------------------------------------------------------------------------------------------------------------------------------------------------------------------------------------------------------------------------------------------------------------------------------------------------------------------------------------------------------------------------------------------------------------------------------------------------------------------------------------------------------------------------------------------------------------------------------------------------------------------------------------------------------------------------------------------------------------------------------------------------------------------------------------
 Limit  (cost=366716.56..366716.57 rows=1 width=32) (actual time=23667.501..23667.502 rows=1 loops=1)
   ->  Aggregate  (cost=366716.56..366716.57 rows=1 width=32) (actual time=23667.499..23667.500 rows=1 loops=1)
         ->  Nested Loop  (cost=0.56..366707.76 rows=1172 width=12) (actual time=58.252..23664.299 rows=1063 loops=1)
               ->  Seq Scan on part  (cost=0.00..125981.51 rows=4912 width=30) (actual time=1.387..852.539 rows=4781 loops=1)
                     Filter: ((p_size >= 1) AND (((p_brand = 'Brand#24'::bpchar) AND (p_container = ANY ('{"SM CASE","SM BOX","SM PACK","SM PKG"}'::bpchar[])) AND (p_size <= 5)) OR ((p_brand = 'Brand#43'::bpchar) AND (p_container = ANY ('{"MED BAG","MED BOX","MED PKG","MED PACK"}'::bpchar[])) AND (p_size <= 10)) OR ((p_brand = 'Brand#44'::bpchar) AND (p_container = ANY ('{"LG CASE","LG BOX","LG PACK","LG PKG"}'::bpchar[])) AND (p_size <= 15))))
                     Rows Removed by Filter: 1995219
               ->  Index Scan using idx_lineitem_part_supp on lineitem  (cost=0.56..49.00 rows=1 width=21) (actual time=4.306..4.770 rows=0 loops=4781)
                     Index Cond: (l_partkey = part.p_partkey)
                     Filter: ((l_shipmode = ANY ('{AIR,"AIR REG"}'::bpchar[])) AND (l_shipinstruct = 'DELIVER IN PERSON'::bpchar) AND (((l_quantity >= '10'::numeric) AND (l_quantity <= '20'::numeric)) OR ((l_quantity >= '10'::numeric) AND (l_quantity <= '20'::numeric)) OR ((l_quantity >= '20'::numeric) AND (l_quantity <= '30'::numeric))) AND (((part.p_brand = 'Brand#24'::bpchar) AND (part.p_container = ANY ('{"SM CASE","SM BOX","SM PACK","SM PKG"}'::bpchar[])) AND (l_quantity >= '10'::numeric) AND (l_quantity <= '20'::numeric) AND (part.p_size <= 5)) OR ((part.p_brand = 'Brand#43'::bpchar) AND (part.p_container = ANY ('{"MED BAG","MED BOX","MED PKG","MED PACK"}'::bpchar[])) AND (l_quantity >= '10'::numeric) AND (l_quantity <= '20'::numeric) AND (part.p_size <= 10)) OR ((part.p_brand = 'Brand#44'::bpchar) AND (part.p_container = ANY ('{"LG CASE","LG BOX","LG PACK","LG PKG"}'::bpchar[])) AND (l_quantity >= '20'::numeric) AND (l_quantity <= '30'::numeric) AND (part.p_size <= 15))))
                     Rows Removed by Filter: 30
 Planning Time: 15.904 ms
 Execution Time: 23668.731 ms
(12 rows)

SET
SET
SET
                                                                                                                                                                                                                                                                                                                                                                                                                                                                                                            QUERY PLAN                                                                                                                                                                                                                                                                                                                                                                                                                                                                                                            
----------------------------------------------------------------------------------------------------------------------------------------------------------------------------------------------------------------------------------------------------------------------------------------------------------------------------------------------------------------------------------------------------------------------------------------------------------------------------------------------------------------------------------------------------------------------------------------------------------------------------------------------------------------------------------------------------------------------------------------------------------------------------------------------------------------------------------------------------------------------------------------------------------------------------------------------------------------------------------------------------------------------------------
 Limit  (cost=366716.56..366716.57 rows=1 width=32) (actual time=630.565..630.566 rows=1 loops=1)
   ->  Aggregate  (cost=366716.56..366716.57 rows=1 width=32) (actual time=630.563..630.564 rows=1 loops=1)
         ->  Nested Loop  (cost=0.56..366707.76 rows=1172 width=12) (actual time=1.522..629.828 rows=1063 loops=1)
               ->  Seq Scan on part  (cost=0.00..125981.51 rows=4912 width=30) (actual time=0.217..467.611 rows=4781 loops=1)
                     Filter: ((p_size >= 1) AND (((p_brand = 'Brand#24'::bpchar) AND (p_container = ANY ('{"SM CASE","SM BOX","SM PACK","SM PKG"}'::bpchar[])) AND (p_size <= 5)) OR ((p_brand = 'Brand#43'::bpchar) AND (p_container = ANY ('{"MED BAG","MED BOX","MED PKG","MED PACK"}'::bpchar[])) AND (p_size <= 10)) OR ((p_brand = 'Brand#44'::bpchar) AND (p_container = ANY ('{"LG CASE","LG BOX","LG PACK","LG PKG"}'::bpchar[])) AND (p_size <= 15))))
                     Rows Removed by Filter: 1995219
               ->  Index Scan using idx_lineitem_part_supp on lineitem  (cost=0.56..49.00 rows=1 width=21) (actual time=0.030..0.033 rows=0 loops=4781)
                     Index Cond: (l_partkey = part.p_partkey)
                     Filter: ((l_shipmode = ANY ('{AIR,"AIR REG"}'::bpchar[])) AND (l_shipinstruct = 'DELIVER IN PERSON'::bpchar) AND (((l_quantity >= '10'::numeric) AND (l_quantity <= '20'::numeric)) OR ((l_quantity >= '10'::numeric) AND (l_quantity <= '20'::numeric)) OR ((l_quantity >= '20'::numeric) AND (l_quantity <= '30'::numeric))) AND (((part.p_brand = 'Brand#24'::bpchar) AND (part.p_container = ANY ('{"SM CASE","SM BOX","SM PACK","SM PKG"}'::bpchar[])) AND (l_quantity >= '10'::numeric) AND (l_quantity <= '20'::numeric) AND (part.p_size <= 5)) OR ((part.p_brand = 'Brand#43'::bpchar) AND (part.p_container = ANY ('{"MED BAG","MED BOX","MED PKG","MED PACK"}'::bpchar[])) AND (l_quantity >= '10'::numeric) AND (l_quantity <= '20'::numeric) AND (part.p_size <= 10)) OR ((part.p_brand = 'Brand#44'::bpchar) AND (part.p_container = ANY ('{"LG CASE","LG BOX","LG PACK","LG PKG"}'::bpchar[])) AND (l_quantity >= '20'::numeric) AND (l_quantity <= '30'::numeric) AND (part.p_size <= 15))))
                     Rows Removed by Filter: 30
 Planning Time: 0.961 ms
 Execution Time: 630.615 ms
(12 rows)

query 20 run 1
SET
SET
SET
                                                                                          QUERY PLAN                                                                                           
-----------------------------------------------------------------------------------------------------------------------------------------------------------------------------------------------
 Limit  (cost=3563952.26..3563952.27 rows=1 width=52) (actual time=53178.980..53178.984 rows=1 loops=1)
   ->  Sort  (cost=3563952.26..3563952.27 rows=1 width=52) (actual time=53178.979..53178.982 rows=1 loops=1)
         Sort Key: supplier.s_name
         Sort Method: top-N heapsort  Memory: 25kB
         ->  Nested Loop Semi Join  (cost=3155353.91..3563952.25 rows=1 width=52) (actual time=27479.702..53177.093 rows=1821 loops=1)
               Join Filter: (supplier.s_suppkey = lineitem.l_suppkey)
               Rows Removed by Join Filter: 182001415
               ->  Nested Loop  (cost=0.00..4472.31 rows=4000 width=56) (actual time=0.421..24.249 rows=4095 loops=1)
                     Join Filter: (supplier.s_nationkey = nation.n_nationkey)
                     Rows Removed by Join Filter: 95905
                     ->  Seq Scan on nation  (cost=0.00..1.31 rows=1 width=4) (actual time=0.160..0.163 rows=1 loops=1)
                           Filter: (n_name = 'IRAQ'::bpchar)
                           Rows Removed by Filter: 24
                     ->  Seq Scan on supplier  (cost=0.00..3221.00 rows=100000 width=60) (actual time=0.254..16.788 rows=100000 loops=1)
               ->  Materialize  (cost=3155353.91..3559299.95 rows=3 width=8) (actual time=6.199..10.518 rows=44445 loops=4095)
                     ->  Merge Join  (cost=3155353.91..3559299.93 rows=3 width=8) (actual time=25382.826..36645.190 rows=59002 loops=1)
                           Merge Cond: (lineitem.l_partkey = partsupp.ps_partkey)
                           Join Filter: ((partsupp.ps_suppkey = lineitem.l_suppkey) AND ((partsupp.ps_availqty)::numeric > ((0.5 * sum(lineitem.l_quantity)))))
                           Rows Removed by Join Filter: 177498
                           ->  GroupAggregate  (cost=3155353.05..3319889.00 rows=4856536 width=40) (actual time=25381.049..31448.069 rows=5448473 loops=1)
                                 Group Key: lineitem.l_partkey, lineitem.l_suppkey
                                 ->  Sort  (cost=3155353.05..3178275.02 rows=9168791 width=13) (actual time=25381.035..26985.684 rows=9123091 loops=1)
                                       Sort Key: lineitem.l_partkey, lineitem.l_suppkey
                                       Sort Method: external merge  Disk: 205344kB
                                       ->  Bitmap Heap Scan on lineitem  (cost=147011.67..1994327.80 rows=9168791 width=13) (actual time=1244.264..21773.819 rows=9123688 loops=1)
                                             Recheck Cond: ((l_shipdate >= '1996-01-01'::date) AND (l_shipdate < '1997-01-01'::date))
                                             Rows Removed by Index Recheck: 23164080
                                             Heap Blocks: exact=518099 lossy=530696
                                             ->  Bitmap Index Scan on idx_lineitem_shipdate  (cost=0.00..144719.48 rows=9168791 width=0) (actual time=1139.203..1139.203 rows=9123688 loops=1)
                                                   Index Cond: ((l_shipdate >= '1996-01-01'::date) AND (l_shipdate < '1997-01-01'::date))
                           ->  Materialize  (cost=0.86..159784.05 rows=80845 width=16) (actual time=1.411..4819.237 rows=237286 loops=1)
                                 ->  Nested Loop  (cost=0.86..159581.94 rows=80845 width=16) (actual time=1.408..4767.292 rows=86872 loops=1)
                                       ->  Index Scan using part_pkey on part  (cost=0.43..84212.64 rows=20202 width=4) (actual time=0.817..487.333 rows=21718 loops=1)
                                             Filter: ((p_name)::text ~~ 'olive%'::text)
                                             Rows Removed by Filter: 1978282
                                       ->  Index Scan using idx_partsupp_partkey on partsupp  (cost=0.43..3.56 rows=17 width=12) (actual time=0.181..0.195 rows=4 loops=21718)
                                             Index Cond: (ps_partkey = part.p_partkey)
 Planning Time: 20.425 ms
 Execution Time: 53202.630 ms
(39 rows)

SET
SET
SET
                                                                                         QUERY PLAN                                                                                          
---------------------------------------------------------------------------------------------------------------------------------------------------------------------------------------------
 Limit  (cost=3563952.26..3563952.27 rows=1 width=52) (actual time=35547.729..35547.733 rows=1 loops=1)
   ->  Sort  (cost=3563952.26..3563952.27 rows=1 width=52) (actual time=35547.728..35547.731 rows=1 loops=1)
         Sort Key: supplier.s_name
         Sort Method: top-N heapsort  Memory: 25kB
         ->  Nested Loop Semi Join  (cost=3155353.91..3563952.25 rows=1 width=52) (actual time=13792.791..35545.859 rows=1821 loops=1)
               Join Filter: (supplier.s_suppkey = lineitem.l_suppkey)
               Rows Removed by Join Filter: 182001415
               ->  Nested Loop  (cost=0.00..4472.31 rows=4000 width=56) (actual time=0.024..19.895 rows=4095 loops=1)
                     Join Filter: (supplier.s_nationkey = nation.n_nationkey)
                     Rows Removed by Join Filter: 95905
                     ->  Seq Scan on nation  (cost=0.00..1.31 rows=1 width=4) (actual time=0.016..0.019 rows=1 loops=1)
                           Filter: (n_name = 'IRAQ'::bpchar)
                           Rows Removed by Filter: 24
                     ->  Seq Scan on supplier  (cost=0.00..3221.00 rows=100000 width=60) (actual time=0.005..12.618 rows=100000 loops=1)
               ->  Materialize  (cost=3155353.91..3559299.95 rows=3 width=8) (actual time=3.074..6.213 rows=44445 loops=4095)
                     ->  Merge Join  (cost=3155353.91..3559299.93 rows=3 width=8) (actual time=12588.754..19000.768 rows=59002 loops=1)
                           Merge Cond: (lineitem.l_partkey = partsupp.ps_partkey)
                           Join Filter: ((partsupp.ps_suppkey = lineitem.l_suppkey) AND ((partsupp.ps_availqty)::numeric > ((0.5 * sum(lineitem.l_quantity)))))
                           Rows Removed by Join Filter: 177498
                           ->  GroupAggregate  (cost=3155353.05..3319889.00 rows=4856536 width=40) (actual time=12588.325..18098.243 rows=5448473 loops=1)
                                 Group Key: lineitem.l_partkey, lineitem.l_suppkey
                                 ->  Sort  (cost=3155353.05..3178275.02 rows=9168791 width=13) (actual time=12588.311..14049.817 rows=9123091 loops=1)
                                       Sort Key: lineitem.l_partkey, lineitem.l_suppkey
                                       Sort Method: external merge  Disk: 205344kB
                                       ->  Bitmap Heap Scan on lineitem  (cost=147011.67..1994327.80 rows=9168791 width=13) (actual time=1102.268..9194.582 rows=9123688 loops=1)
                                             Recheck Cond: ((l_shipdate >= '1996-01-01'::date) AND (l_shipdate < '1997-01-01'::date))
                                             Rows Removed by Index Recheck: 23164080
                                             Heap Blocks: exact=518099 lossy=530696
                                             ->  Bitmap Index Scan on idx_lineitem_shipdate  (cost=0.00..144719.48 rows=9168791 width=0) (actual time=997.780..997.780 rows=9123688 loops=1)
                                                   Index Cond: ((l_shipdate >= '1996-01-01'::date) AND (l_shipdate < '1997-01-01'::date))
                           ->  Materialize  (cost=0.86..159784.05 rows=80845 width=16) (actual time=0.078..587.551 rows=237286 loops=1)
                                 ->  Nested Loop  (cost=0.86..159581.94 rows=80845 width=16) (actual time=0.075..556.258 rows=86872 loops=1)
                                       ->  Index Scan using part_pkey on part  (cost=0.43..84212.64 rows=20202 width=4) (actual time=0.054..386.776 rows=21718 loops=1)
                                             Filter: ((p_name)::text ~~ 'olive%'::text)
                                             Rows Removed by Filter: 1978282
                                       ->  Index Scan using idx_partsupp_partkey on partsupp  (cost=0.43..3.56 rows=17 width=12) (actual time=0.006..0.007 rows=4 loops=21718)
                                             Index Cond: (ps_partkey = part.p_partkey)
 Planning Time: 1.893 ms
 Execution Time: 35572.954 ms
(39 rows)

query 21 run 1
SET
SET
SET
                                                                                               QUERY PLAN                                                                                                
---------------------------------------------------------------------------------------------------------------------------------------------------------------------------------------------------------
 Limit  (cost=3747971.89..3747971.89 rows=1 width=34) (actual time=26613.668..26613.683 rows=100 loops=1)
   ->  Sort  (cost=3747971.89..3747971.89 rows=1 width=34) (actual time=26613.667..26613.675 rows=100 loops=1)
         Sort Key: (count(*)) DESC, supplier.s_name
         Sort Method: top-N heapsort  Memory: 38kB
         ->  GroupAggregate  (cost=3747971.86..3747971.88 rows=1 width=34) (actual time=26606.477..26612.470 rows=3991 loops=1)
               Group Key: supplier.s_name
               ->  Sort  (cost=3747971.86..3747971.86 rows=1 width=26) (actual time=26606.465..26608.049 rows=39281 loops=1)
                     Sort Key: supplier.s_name
                     Sort Method: quicksort  Memory: 4605kB
                     ->  Nested Loop Semi Join  (cost=1976248.12..3747971.85 rows=1 width=26) (actual time=15095.452..26433.684 rows=39281 loops=1)
                           Join Filter: (l2.l_suppkey <> l1.l_suppkey)
                           Rows Removed by Join Filter: 42025
                           ->  Nested Loop Anti Join  (cost=1976247.56..3747968.21 rows=1 width=38) (actual time=15094.825..26284.241 rows=65960 loops=1)
                                 ->  Hash Join  (cost=1976246.99..2518873.89 rows=382767 width=38) (actual time=15093.126..20028.616 rows=730985 loops=1)
                                       Hash Cond: (orders.o_orderkey = l1.l_orderkey)
                                       ->  Seq Scan on orders  (cost=0.00..448760.45 rows=7252208 width=4) (actual time=0.413..2508.683 rows=7309184 loops=1)
                                             Filter: (o_orderstatus = 'F'::bpchar)
                                             Rows Removed by Filter: 7690816
                                       ->  Hash  (cost=1960166.25..1960166.25 rows=791659 width=34) (actual time=15091.818..15091.820 rows=1514267 loops=1)
                                             Buckets: 524288 (originally 524288)  Batches: 4 (originally 2)  Memory Usage: 29225kB
                                             ->  Hash Join  (cost=2323.58..1960166.25 rows=791659 width=34) (actual time=39.993..14659.136 rows=1514267 loops=1)
                                                   Hash Cond: (l1.l_suppkey = supplier.s_suppkey)
                                                   ->  Seq Scan on lineitem l1  (cost=0.00..1874945.80 rows=19994741 width=8) (actual time=0.542..11356.651 rows=37929348 loops=1)
                                                         Filter: (l_receiptdate > l_commitdate)
                                                         Rows Removed by Filter: 22056704
                                                   ->  Hash  (cost=2273.58..2273.58 rows=4000 width=30) (actual time=39.382..39.383 rows=3991 loops=1)
                                                         Buckets: 4096  Batches: 1  Memory Usage: 282kB
                                                         ->  Nested Loop  (cost=49.42..2273.58 rows=4000 width=30) (actual time=2.295..38.175 rows=3991 loops=1)
                                                               ->  Seq Scan on nation  (cost=0.00..1.31 rows=1 width=4) (actual time=0.183..0.187 rows=1 loops=1)
                                                                     Filter: (n_name = 'PERU'::bpchar)
                                                                     Rows Removed by Filter: 24
                                                               ->  Bitmap Heap Scan on supplier  (cost=49.42..2232.27 rows=4000 width=34) (actual time=2.102..37.280 rows=3991 loops=1)
                                                                     Recheck Cond: (s_nationkey = nation.n_nationkey)
                                                                     Heap Blocks: exact=1865
                                                                     ->  Bitmap Index Scan on idx_supplier_nation_key  (cost=0.00..48.42 rows=4000 width=0) (actual time=1.630..1.631 rows=3991 loops=1)
                                                                           Index Cond: (s_nationkey = nation.n_nationkey)
                                 ->  Index Scan using idx_lineitem_orderkey on lineitem l3  (cost=0.56..3.64 rows=1 width=8) (actual time=0.008..0.008 rows=1 loops=730985)
                                       Index Cond: (l_orderkey = l1.l_orderkey)
                                       Filter: ((l_receiptdate > l_commitdate) AND (l_suppkey <> l1.l_suppkey))
                                       Rows Removed by Filter: 1
                           ->  Index Scan using idx_lineitem_orderkey on lineitem l2  (cost=0.56..3.62 rows=4 width=8) (actual time=0.002..0.002 rows=1 loops=65960)
                                 Index Cond: (l_orderkey = orders.o_orderkey)
 Planning Time: 20.905 ms
 Execution Time: 26614.837 ms
(44 rows)

SET
SET
SET
                                                                                               QUERY PLAN                                                                                                
---------------------------------------------------------------------------------------------------------------------------------------------------------------------------------------------------------
 Limit  (cost=3747971.89..3747971.89 rows=1 width=34) (actual time=21855.171..21855.185 rows=100 loops=1)
   ->  Sort  (cost=3747971.89..3747971.89 rows=1 width=34) (actual time=21855.169..21855.178 rows=100 loops=1)
         Sort Key: (count(*)) DESC, supplier.s_name
         Sort Method: top-N heapsort  Memory: 38kB
         ->  GroupAggregate  (cost=3747971.86..3747971.88 rows=1 width=34) (actual time=21848.082..21853.970 rows=3991 loops=1)
               Group Key: supplier.s_name
               ->  Sort  (cost=3747971.86..3747971.86 rows=1 width=26) (actual time=21848.070..21849.565 rows=39281 loops=1)
                     Sort Key: supplier.s_name
                     Sort Method: quicksort  Memory: 4605kB
                     ->  Nested Loop Semi Join  (cost=1976248.12..3747971.85 rows=1 width=26) (actual time=12821.140..21676.590 rows=39281 loops=1)
                           Join Filter: (l2.l_suppkey <> l1.l_suppkey)
                           Rows Removed by Join Filter: 42025
                           ->  Nested Loop Anti Join  (cost=1976247.56..3747968.21 rows=1 width=38) (actual time=12820.706..21532.176 rows=65960 loops=1)
                                 ->  Hash Join  (cost=1976246.99..2518873.89 rows=382767 width=38) (actual time=12820.270..17177.189 rows=730985 loops=1)
                                       Hash Cond: (orders.o_orderkey = l1.l_orderkey)
                                       ->  Seq Scan on orders  (cost=0.00..448760.45 rows=7252208 width=4) (actual time=0.018..2017.491 rows=7309184 loops=1)
                                             Filter: (o_orderstatus = 'F'::bpchar)
                                             Rows Removed by Filter: 7690816
                                       ->  Hash  (cost=1960166.25..1960166.25 rows=791659 width=34) (actual time=12819.471..12819.474 rows=1514267 loops=1)
                                             Buckets: 524288 (originally 524288)  Batches: 4 (originally 2)  Memory Usage: 29225kB
                                             ->  Hash Join  (cost=2323.58..1960166.25 rows=791659 width=34) (actual time=14.423..12435.989 rows=1514267 loops=1)
                                                   Hash Cond: (l1.l_suppkey = supplier.s_suppkey)
                                                   ->  Seq Scan on lineitem l1  (cost=0.00..1874945.80 rows=19994741 width=8) (actual time=0.031..9490.503 rows=37929348 loops=1)
                                                         Filter: (l_receiptdate > l_commitdate)
                                                         Rows Removed by Filter: 22056704
                                                   ->  Hash  (cost=2273.58..2273.58 rows=4000 width=30) (actual time=14.361..14.362 rows=3991 loops=1)
                                                         Buckets: 4096  Batches: 1  Memory Usage: 282kB
                                                         ->  Nested Loop  (cost=49.42..2273.58 rows=4000 width=30) (actual time=0.625..13.493 rows=3991 loops=1)
                                                               ->  Seq Scan on nation  (cost=0.00..1.31 rows=1 width=4) (actual time=0.012..0.015 rows=1 loops=1)
                                                                     Filter: (n_name = 'PERU'::bpchar)
                                                                     Rows Removed by Filter: 24
                                                               ->  Bitmap Heap Scan on supplier  (cost=49.42..2232.27 rows=4000 width=34) (actual time=0.608..12.970 rows=3991 loops=1)
                                                                     Recheck Cond: (s_nationkey = nation.n_nationkey)
                                                                     Heap Blocks: exact=1865
                                                                     ->  Bitmap Index Scan on idx_supplier_nation_key  (cost=0.00..48.42 rows=4000 width=0) (actual time=0.417..0.417 rows=3991 loops=1)
                                                                           Index Cond: (s_nationkey = nation.n_nationkey)
                                 ->  Index Scan using idx_lineitem_orderkey on lineitem l3  (cost=0.56..3.64 rows=1 width=8) (actual time=0.006..0.006 rows=1 loops=730985)
                                       Index Cond: (l_orderkey = l1.l_orderkey)
                                       Filter: ((l_receiptdate > l_commitdate) AND (l_suppkey <> l1.l_suppkey))
                                       Rows Removed by Filter: 1
                           ->  Index Scan using idx_lineitem_orderkey on lineitem l2  (cost=0.56..3.62 rows=4 width=8) (actual time=0.002..0.002 rows=1 loops=65960)
                                 Index Cond: (l_orderkey = orders.o_orderkey)
 Planning Time: 2.590 ms
 Execution Time: 21855.367 ms
(44 rows)

query 22 run 1
SET
SET
SET
                                                                          QUERY PLAN                                                                          
--------------------------------------------------------------------------------------------------------------------------------------------------------------
 Limit  (cost=161594.52..161594.55 rows=1 width=72) (actual time=2305.130..2305.132 rows=1 loops=1)
   InitPlan 1 (returns $0)
     ->  Aggregate  (cost=75442.28..75442.29 rows=1 width=32) (actual time=991.839..991.839 rows=1 loops=1)
           ->  Seq Scan on customer customer_1  (cost=0.00..75322.95 rows=47732 width=6) (actual time=0.017..955.910 rows=382426 loops=1)
                 Filter: ((c_acctbal > 0.00) AND ("substring"((c_phone)::text, 1, 2) = ANY ('{21,29,26,34,14,15,17}'::text[])))
                 Rows Removed by Filter: 1117574
   ->  GroupAggregate  (cost=86152.23..86372.64 rows=8015 width=72) (actual time=2305.129..2305.130 rows=1 loops=1)
         Group Key: ("substring"((customer.c_phone)::text, 1, 2))
         ->  Sort  (cost=86152.23..86172.27 rows=8015 width=38) (actual time=2303.359..2303.688 rows=9006 loops=1)
               Sort Key: ("substring"((customer.c_phone)::text, 1, 2))
               Sort Method: quicksort  Memory: 4513kB
               ->  Nested Loop Anti Join  (cost=0.43..85632.52 rows=8015 width=38) (actual time=992.292..2281.148 rows=63509 loops=1)
                     ->  Seq Scan on customer  (cost=0.00..75322.95 rows=17500 width=26) (actual time=992.264..1549.789 rows=191129 loops=1)
                           Filter: ((c_acctbal > $0) AND ("substring"((c_phone)::text, 1, 2) = ANY ('{21,29,26,34,14,15,17}'::text[])))
                           Rows Removed by Filter: 1308871
                     ->  Index Only Scan using idx_orders_custkey on orders  (cost=0.43..2.18 rows=18 width=4) (actual time=0.003..0.003 rows=1 loops=191129)
                           Index Cond: (o_custkey = customer.c_custkey)
                           Heap Fetches: 0
 Planning Time: 13.768 ms
 Execution Time: 2306.169 ms
(20 rows)

SET
SET
SET
                                                                          QUERY PLAN                                                                          
--------------------------------------------------------------------------------------------------------------------------------------------------------------
 Limit  (cost=161594.52..161594.55 rows=1 width=72) (actual time=1675.414..1675.416 rows=1 loops=1)
   InitPlan 1 (returns $0)
     ->  Aggregate  (cost=75442.28..75442.29 rows=1 width=32) (actual time=741.132..741.132 rows=1 loops=1)
           ->  Seq Scan on customer customer_1  (cost=0.00..75322.95 rows=47732 width=6) (actual time=0.008..707.985 rows=382426 loops=1)
                 Filter: ((c_acctbal > 0.00) AND ("substring"((c_phone)::text, 1, 2) = ANY ('{21,29,26,34,14,15,17}'::text[])))
                 Rows Removed by Filter: 1117574
   ->  GroupAggregate  (cost=86152.23..86372.64 rows=8015 width=72) (actual time=1675.413..1675.414 rows=1 loops=1)
         Group Key: ("substring"((customer.c_phone)::text, 1, 2))
         ->  Sort  (cost=86152.23..86172.27 rows=8015 width=38) (actual time=1673.653..1673.981 rows=9006 loops=1)
               Sort Key: ("substring"((customer.c_phone)::text, 1, 2))
               Sort Method: quicksort  Memory: 4513kB
               ->  Nested Loop Anti Join  (cost=0.43..85632.52 rows=8015 width=38) (actual time=741.172..1655.832 rows=63509 loops=1)
                     ->  Seq Scan on customer  (cost=0.00..75322.95 rows=17500 width=26) (actual time=741.156..1261.531 rows=191129 loops=1)
                           Filter: ((c_acctbal > $0) AND ("substring"((c_phone)::text, 1, 2) = ANY ('{21,29,26,34,14,15,17}'::text[])))
                           Rows Removed by Filter: 1308871
                     ->  Index Only Scan using idx_orders_custkey on orders  (cost=0.43..2.18 rows=18 width=4) (actual time=0.002..0.002 rows=1 loops=191129)
                           Index Cond: (o_custkey = customer.c_custkey)
                           Heap Fetches: 0
 Planning Time: 0.841 ms
 Execution Time: 1675.714 ms
(20 rows)

