query 1 run 1
SET
SET
SET
                                                                           QUERY PLAN                                                                            
-----------------------------------------------------------------------------------------------------------------------------------------------------------------
 Limit  (cost=1832520.41..1832521.05 rows=1 width=236) (actual time=19604.245..19607.028 rows=1 loops=1)
   ->  Finalize GroupAggregate  (cost=1832520.41..1832524.23 rows=6 width=236) (actual time=19604.243..19607.025 rows=1 loops=1)
         Group Key: l_returnflag, l_linestatus
         ->  Gather Merge  (cost=1832520.41..1832523.28 rows=24 width=236) (actual time=19604.220..19607.005 rows=6 loops=1)
               Workers Planned: 4
               Workers Launched: 4
               ->  Sort  (cost=1831520.35..1831520.37 rows=6 width=236) (actual time=19594.880..19594.881 rows=4 loops=5)
                     Sort Key: l_returnflag, l_linestatus
                     Sort Method: quicksort  Memory: 27kB
                     Worker 0:  Sort Method: quicksort  Memory: 27kB
                     Worker 1:  Sort Method: quicksort  Memory: 27kB
                     Worker 2:  Sort Method: quicksort  Memory: 27kB
                     Worker 3:  Sort Method: quicksort  Memory: 27kB
                     ->  Partial HashAggregate  (cost=1831520.14..1831520.28 rows=6 width=236) (actual time=19594.842..19594.848 rows=4 loops=5)
                           Group Key: l_returnflag, l_linestatus
                           Batches: 1  Memory Usage: 24kB
                           Worker 0:  Batches: 1  Memory Usage: 24kB
                           Worker 1:  Batches: 1  Memory Usage: 24kB
                           Worker 2:  Batches: 1  Memory Usage: 24kB
                           Worker 3:  Batches: 1  Memory Usage: 24kB
                           ->  Parallel Seq Scan on lineitem  (cost=0.00..1312611.75 rows=14825954 width=25) (actual time=0.275..4305.801 rows=11856890 loops=5)
                                 Filter: (l_shipdate <= '1998-09-10 00:00:00'::timestamp without time zone)
                                 Rows Removed by Filter: 140321
 Planning Time: 16.019 ms
 Execution Time: 19608.741 ms
(25 rows)

SET
SET
SET
                                                                           QUERY PLAN                                                                            
-----------------------------------------------------------------------------------------------------------------------------------------------------------------
 Limit  (cost=1832520.41..1832521.05 rows=1 width=236) (actual time=18893.408..18894.171 rows=1 loops=1)
   ->  Finalize GroupAggregate  (cost=1832520.41..1832524.23 rows=6 width=236) (actual time=18893.407..18894.169 rows=1 loops=1)
         Group Key: l_returnflag, l_linestatus
         ->  Gather Merge  (cost=1832520.41..1832523.28 rows=24 width=236) (actual time=18893.382..18894.147 rows=6 loops=1)
               Workers Planned: 4
               Workers Launched: 4
               ->  Sort  (cost=1831520.35..1831520.37 rows=6 width=236) (actual time=18888.985..18888.986 rows=4 loops=5)
                     Sort Key: l_returnflag, l_linestatus
                     Sort Method: quicksort  Memory: 27kB
                     Worker 0:  Sort Method: quicksort  Memory: 27kB
                     Worker 1:  Sort Method: quicksort  Memory: 27kB
                     Worker 2:  Sort Method: quicksort  Memory: 27kB
                     Worker 3:  Sort Method: quicksort  Memory: 27kB
                     ->  Partial HashAggregate  (cost=1831520.14..1831520.28 rows=6 width=236) (actual time=18888.952..18888.957 rows=4 loops=5)
                           Group Key: l_returnflag, l_linestatus
                           Batches: 1  Memory Usage: 24kB
                           Worker 0:  Batches: 1  Memory Usage: 24kB
                           Worker 1:  Batches: 1  Memory Usage: 24kB
                           Worker 2:  Batches: 1  Memory Usage: 24kB
                           Worker 3:  Batches: 1  Memory Usage: 24kB
                           ->  Parallel Seq Scan on lineitem  (cost=0.00..1312611.75 rows=14825954 width=25) (actual time=0.027..2636.732 rows=11856890 loops=5)
                                 Filter: (l_shipdate <= '1998-09-10 00:00:00'::timestamp without time zone)
                                 Rows Removed by Filter: 140321
 Planning Time: 0.597 ms
 Execution Time: 18894.249 ms
(25 rows)

query 2 run 1
SET
SET
SET
                                                                                        QUERY PLAN                                                                                         
-------------------------------------------------------------------------------------------------------------------------------------------------------------------------------------------
 Limit  (cost=1097962.07..1097962.08 rows=1 width=193) (actual time=4192.406..4192.534 rows=100 loops=1)
   ->  Sort  (cost=1097962.07..1097962.08 rows=1 width=193) (actual time=4192.405..4192.526 rows=100 loops=1)
         Sort Key: supplier.s_acctbal DESC, nation.n_name, supplier.s_name, part.p_partkey
         Sort Method: top-N heapsort  Memory: 70kB
         ->  Merge Join  (cost=559023.53..1097962.06 rows=1 width=193) (actual time=3197.445..4189.704 rows=4737 loops=1)
               Merge Cond: (part.p_partkey = partsupp.ps_partkey)
               Join Filter: (partsupp.ps_supplycost = (SubPlan 1))
               Rows Removed by Join Filter: 1661
               ->  Gather Merge  (cost=1000.49..68744.62 rows=8662 width=30) (actual time=67.468..70.919 rows=8046 loops=1)
                     Workers Planned: 4
                     Workers Launched: 4
                     ->  Parallel Index Scan using part_pkey on part  (cost=0.43..66712.83 rows=2166 width=30) (actual time=1.361..284.628 rows=1609 loops=5)
                           Filter: (((p_type)::text ~~ '%NICKEL'::text) AND (p_size = 16))
                           Rows Removed by Filter: 398391
               ->  Materialize  (cost=558022.57..566022.24 rows=1599935 width=173) (actual time=3128.948..3584.765 rows=1603828 loops=1)
                     ->  Sort  (cost=558022.57..562022.41 rows=1599935 width=173) (actual time=3128.944..3406.428 rows=1603828 loops=1)
                           Sort Key: partsupp.ps_partkey
                           Sort Method: external merge  Disk: 293488kB
                           ->  Hash Join  (cost=4048.51..305265.36 rows=1599935 width=173) (actual time=74.433..2499.092 rows=1604080 loops=1)
                                 Hash Cond: (partsupp.ps_suppkey = supplier.s_suppkey)
                                 ->  Seq Scan on partsupp  (cost=0.00..255218.73 rows=7999673 width=14) (actual time=8.091..1096.733 rows=8000000 loops=1)
                                 ->  Hash  (cost=3798.51..3798.51 rows=20000 width=167) (actual time=66.073..66.076 rows=20051 loops=1)
                                       Buckets: 32768  Batches: 1  Memory Usage: 4211kB
                                       ->  Hash Join  (cost=2.51..3798.51 rows=20000 width=167) (actual time=8.981..59.500 rows=20051 loops=1)
                                             Hash Cond: (supplier.s_nationkey = nation.n_nationkey)
                                             ->  Seq Scan on supplier  (cost=0.00..3221.00 rows=100000 width=145) (actual time=4.779..42.634 rows=100000 loops=1)
                                             ->  Hash  (cost=2.45..2.45 rows=5 width=30) (actual time=4.190..4.192 rows=5 loops=1)
                                                   Buckets: 1024  Batches: 1  Memory Usage: 9kB
                                                   ->  Hash Join  (cost=1.07..2.45 rows=5 width=30) (actual time=4.183..4.189 rows=5 loops=1)
                                                         Hash Cond: (nation.n_regionkey = region.r_regionkey)
                                                         ->  Seq Scan on nation  (cost=0.00..1.25 rows=25 width=34) (actual time=3.794..3.795 rows=25 loops=1)
                                                         ->  Hash  (cost=1.06..1.06 rows=1 width=4) (actual time=0.375..0.376 rows=1 loops=1)
                                                               Buckets: 1024  Batches: 1  Memory Usage: 9kB
                                                               ->  Seq Scan on region  (cost=0.00..1.06 rows=1 width=4) (actual time=0.371..0.372 rows=1 loops=1)
                                                                     Filter: (r_name = 'AMERICA'::bpchar)
                                                                     Rows Removed by Filter: 4
               SubPlan 1
                 ->  Aggregate  (cost=66.25..66.26 rows=1 width=32) (actual time=0.055..0.055 rows=1 loops=6398)
                       ->  Nested Loop  (cost=2.29..66.24 rows=4 width=6) (actual time=0.045..0.053 rows=2 loops=6398)
                             Join Filter: (nation_1.n_regionkey = region_1.r_regionkey)
                             Rows Removed by Join Filter: 2
                             ->  Seq Scan on region region_1  (cost=0.00..1.06 rows=1 width=4) (actual time=0.001..0.001 rows=1 loops=6398)
                                   Filter: (r_name = 'AMERICA'::bpchar)
                                   Rows Removed by Filter: 4
                             ->  Hash Join  (cost=2.29..64.95 rows=18 width=10) (actual time=0.040..0.051 rows=4 loops=6398)
                                   Hash Cond: (supplier_1.s_nationkey = nation_1.n_nationkey)
                                   ->  Nested Loop  (cost=0.72..63.33 rows=18 width=10) (actual time=0.040..0.050 rows=4 loops=6398)
                                         ->  Index Scan using idx_partsupp_partkey on partsupp partsupp_1  (cost=0.43..3.75 rows=18 width=10) (actual time=0.036..0.037 rows=4 loops=6398)
                                               Index Cond: (ps_partkey = part.p_partkey)
                                         ->  Index Scan using supplier_pkey on supplier supplier_1  (cost=0.29..3.31 rows=1 width=8) (actual time=0.003..0.003 rows=1 loops=25592)
                                               Index Cond: (s_suppkey = partsupp_1.ps_suppkey)
                                   ->  Hash  (cost=1.25..1.25 rows=25 width=8) (actual time=0.011..0.011 rows=25 loops=1)
                                         Buckets: 1024  Batches: 1  Memory Usage: 9kB
                                         ->  Seq Scan on nation nation_1  (cost=0.00..1.25 rows=25 width=8) (actual time=0.003..0.006 rows=25 loops=1)
 Planning Time: 22.135 ms
 Execution Time: 4229.702 ms
(56 rows)

SET
SET
SET
                                                                                        QUERY PLAN                                                                                         
-------------------------------------------------------------------------------------------------------------------------------------------------------------------------------------------
 Limit  (cost=1097962.07..1097962.08 rows=1 width=193) (actual time=3422.535..3422.662 rows=100 loops=1)
   ->  Sort  (cost=1097962.07..1097962.08 rows=1 width=193) (actual time=3422.534..3422.656 rows=100 loops=1)
         Sort Key: supplier.s_acctbal DESC, nation.n_name, supplier.s_name, part.p_partkey
         Sort Method: top-N heapsort  Memory: 70kB
         ->  Merge Join  (cost=559023.53..1097962.06 rows=1 width=193) (actual time=2696.252..3420.310 rows=4737 loops=1)
               Merge Cond: (part.p_partkey = partsupp.ps_partkey)
               Join Filter: (partsupp.ps_supplycost = (SubPlan 1))
               Rows Removed by Join Filter: 1661
               ->  Gather Merge  (cost=1000.49..68744.62 rows=8662 width=30) (actual time=26.431..28.856 rows=8046 loops=1)
                     Workers Planned: 4
                     Workers Launched: 4
                     ->  Parallel Index Scan using part_pkey on part  (cost=0.43..66712.83 rows=2166 width=30) (actual time=0.142..120.923 rows=1609 loops=5)
                           Filter: (((p_type)::text ~~ '%NICKEL'::text) AND (p_size = 16))
                           Rows Removed by Filter: 398391
               ->  Materialize  (cost=558022.57..566022.24 rows=1599935 width=173) (actual time=2669.726..3111.895 rows=1603828 loops=1)
                     ->  Sort  (cost=558022.57..562022.41 rows=1599935 width=173) (actual time=2669.721..2936.971 rows=1603828 loops=1)
                           Sort Key: partsupp.ps_partkey
                           Sort Method: external merge  Disk: 293488kB
                           ->  Hash Join  (cost=4048.51..305265.36 rows=1599935 width=173) (actual time=55.030..2052.363 rows=1604080 loops=1)
                                 Hash Cond: (partsupp.ps_suppkey = supplier.s_suppkey)
                                 ->  Seq Scan on partsupp  (cost=0.00..255218.73 rows=7999673 width=14) (actual time=0.034..769.950 rows=8000000 loops=1)
                                 ->  Hash  (cost=3798.51..3798.51 rows=20000 width=167) (actual time=54.761..54.764 rows=20051 loops=1)
                                       Buckets: 32768  Batches: 1  Memory Usage: 4211kB
                                       ->  Hash Join  (cost=2.51..3798.51 rows=20000 width=167) (actual time=0.049..48.773 rows=20051 loops=1)
                                             Hash Cond: (supplier.s_nationkey = nation.n_nationkey)
                                             ->  Seq Scan on supplier  (cost=0.00..3221.00 rows=100000 width=145) (actual time=0.012..24.042 rows=100000 loops=1)
                                             ->  Hash  (cost=2.45..2.45 rows=5 width=30) (actual time=0.034..0.035 rows=5 loops=1)
                                                   Buckets: 1024  Batches: 1  Memory Usage: 9kB
                                                   ->  Hash Join  (cost=1.07..2.45 rows=5 width=30) (actual time=0.028..0.034 rows=5 loops=1)
                                                         Hash Cond: (nation.n_regionkey = region.r_regionkey)
                                                         ->  Seq Scan on nation  (cost=0.00..1.25 rows=25 width=34) (actual time=0.009..0.011 rows=25 loops=1)
                                                         ->  Hash  (cost=1.06..1.06 rows=1 width=4) (actual time=0.014..0.015 rows=1 loops=1)
                                                               Buckets: 1024  Batches: 1  Memory Usage: 9kB
                                                               ->  Seq Scan on region  (cost=0.00..1.06 rows=1 width=4) (actual time=0.012..0.013 rows=1 loops=1)
                                                                     Filter: (r_name = 'AMERICA'::bpchar)
                                                                     Rows Removed by Filter: 4
               SubPlan 1
                 ->  Aggregate  (cost=66.25..66.26 rows=1 width=32) (actual time=0.016..0.016 rows=1 loops=6398)
                       ->  Nested Loop  (cost=2.29..66.24 rows=4 width=6) (actual time=0.009..0.014 rows=2 loops=6398)
                             Join Filter: (nation_1.n_regionkey = region_1.r_regionkey)
                             Rows Removed by Join Filter: 2
                             ->  Seq Scan on region region_1  (cost=0.00..1.06 rows=1 width=4) (actual time=0.001..0.001 rows=1 loops=6398)
                                   Filter: (r_name = 'AMERICA'::bpchar)
                                   Rows Removed by Filter: 4
                             ->  Hash Join  (cost=2.29..64.95 rows=18 width=10) (actual time=0.005..0.013 rows=4 loops=6398)
                                   Hash Cond: (supplier_1.s_nationkey = nation_1.n_nationkey)
                                   ->  Nested Loop  (cost=0.72..63.33 rows=18 width=10) (actual time=0.005..0.012 rows=4 loops=6398)
                                         ->  Index Scan using idx_partsupp_partkey on partsupp partsupp_1  (cost=0.43..3.75 rows=18 width=10) (actual time=0.002..0.003 rows=4 loops=6398)
                                               Index Cond: (ps_partkey = part.p_partkey)
                                         ->  Index Scan using supplier_pkey on supplier supplier_1  (cost=0.29..3.31 rows=1 width=8) (actual time=0.002..0.002 rows=1 loops=25592)
                                               Index Cond: (s_suppkey = partsupp_1.ps_suppkey)
                                   ->  Hash  (cost=1.25..1.25 rows=25 width=8) (actual time=0.011..0.012 rows=25 loops=1)
                                         Buckets: 1024  Batches: 1  Memory Usage: 9kB
                                         ->  Seq Scan on nation nation_1  (cost=0.00..1.25 rows=25 width=8) (actual time=0.003..0.006 rows=25 loops=1)
 Planning Time: 1.878 ms
 Execution Time: 3458.333 ms
(56 rows)

query 3 run 1
SET
SET
SET
                                                                                QUERY PLAN                                                                                 
---------------------------------------------------------------------------------------------------------------------------------------------------------------------------
 Limit  (cost=2272639.21..2272639.23 rows=10 width=44) (actual time=10371.611..10404.035 rows=10 loops=1)
   ->  Sort  (cost=2272639.21..2280426.01 rows=3114720 width=44) (actual time=10371.610..10404.032 rows=10 loops=1)
         Sort Key: (sum((lineitem.l_extendedprice * ('1'::numeric - lineitem.l_discount)))) DESC, orders.o_orderdate
         Sort Method: top-N heapsort  Memory: 26kB
         ->  GroupAggregate  (cost=1746736.55..2205331.23 rows=3114720 width=44) (actual time=10156.131..10382.551 rows=113934 loops=1)
               Group Key: lineitem.l_orderkey, orders.o_orderdate, orders.o_shippriority
               ->  Gather Merge  (cost=1746736.55..2119676.43 rows=3114720 width=24) (actual time=10156.116..10229.067 rows=301530 loops=1)
                     Workers Planned: 4
                     Workers Launched: 4
                     ->  Sort  (cost=1745736.49..1747683.19 rows=778680 width=24) (actual time=10146.327..10149.181 rows=60306 loops=5)
                           Sort Key: lineitem.l_orderkey, orders.o_orderdate, orders.o_shippriority
                           Sort Method: quicksort  Memory: 4707kB
                           Worker 0:  Sort Method: quicksort  Memory: 4719kB
                           Worker 1:  Sort Method: quicksort  Memory: 4783kB
                           Worker 2:  Sort Method: quicksort  Memory: 4730kB
                           Worker 3:  Sort Method: quicksort  Memory: 4649kB
                           ->  Nested Loop  (cost=41570.88..1659273.29 rows=778680 width=24) (actual time=287.680..10126.896 rows=60306 loops=5)
                                 ->  Parallel Hash Join  (cost=41570.32..354437.25 rows=359201 width=12) (actual time=285.911..1949.358 rows=290361 loops=5)
                                       Hash Cond: (orders.o_custkey = customer.c_custkey)
                                       ->  Parallel Seq Scan on orders  (cost=0.00..308147.70 rows=1797802 width=16) (actual time=0.504..1216.268 rows=1447887 loops=5)
                                             Filter: (o_orderdate < '1995-03-07'::date)
                                             Rows Removed by Filter: 1552113
                                       ->  Parallel Hash  (cost=40633.88..40633.88 rows=74915 width=4) (actual time=284.690..284.690 rows=60055 loops=5)
                                             Buckets: 524288  Batches: 1  Memory Usage: 15968kB
                                             ->  Parallel Seq Scan on customer  (cost=0.00..40633.88 rows=74915 width=4) (actual time=0.152..266.480 rows=60055 loops=5)
                                                   Filter: (c_mktsegment = 'BUILDING'::bpchar)
                                                   Rows Removed by Filter: 239945
                                 ->  Index Scan using idx_lineitem_orderkey on lineitem  (cost=0.56..3.61 rows=2 width=16) (actual time=0.028..0.028 rows=0 loops=1451805)
                                       Index Cond: (l_orderkey = orders.o_orderkey)
                                       Filter: (l_shipdate > '1995-03-07'::date)
                                       Rows Removed by Filter: 4
 Planning Time: 22.624 ms
 Execution Time: 10404.448 ms
(33 rows)

SET
SET
SET
                                                                                QUERY PLAN                                                                                 
---------------------------------------------------------------------------------------------------------------------------------------------------------------------------
 Limit  (cost=2272639.21..2272639.23 rows=10 width=44) (actual time=3782.751..3810.771 rows=10 loops=1)
   ->  Sort  (cost=2272639.21..2280426.01 rows=3114720 width=44) (actual time=3782.750..3810.768 rows=10 loops=1)
         Sort Key: (sum((lineitem.l_extendedprice * ('1'::numeric - lineitem.l_discount)))) DESC, orders.o_orderdate
         Sort Method: top-N heapsort  Memory: 26kB
         ->  GroupAggregate  (cost=1746736.55..2205331.23 rows=3114720 width=44) (actual time=3566.499..3788.920 rows=113934 loops=1)
               Group Key: lineitem.l_orderkey, orders.o_orderdate, orders.o_shippriority
               ->  Gather Merge  (cost=1746736.55..2119676.43 rows=3114720 width=24) (actual time=3566.486..3635.203 rows=301530 loops=1)
                     Workers Planned: 4
                     Workers Launched: 4
                     ->  Sort  (cost=1745736.49..1747683.19 rows=778680 width=24) (actual time=3559.909..3562.747 rows=60306 loops=5)
                           Sort Key: lineitem.l_orderkey, orders.o_orderdate, orders.o_shippriority
                           Sort Method: quicksort  Memory: 4992kB
                           Worker 0:  Sort Method: quicksort  Memory: 4597kB
                           Worker 1:  Sort Method: quicksort  Memory: 4596kB
                           Worker 2:  Sort Method: quicksort  Memory: 4854kB
                           Worker 3:  Sort Method: quicksort  Memory: 4549kB
                           ->  Nested Loop  (cost=41570.88..1659273.29 rows=778680 width=24) (actual time=124.387..3539.908 rows=60306 loops=5)
                                 ->  Parallel Hash Join  (cost=41570.32..354437.25 rows=359201 width=12) (actual time=124.210..1248.886 rows=290361 loops=5)
                                       Hash Cond: (orders.o_custkey = customer.c_custkey)
                                       ->  Parallel Seq Scan on orders  (cost=0.00..308147.70 rows=1797802 width=16) (actual time=0.047..582.890 rows=1447887 loops=5)
                                             Filter: (o_orderdate < '1995-03-07'::date)
                                             Rows Removed by Filter: 1552113
                                       ->  Parallel Hash  (cost=40633.88..40633.88 rows=74915 width=4) (actual time=121.422..121.423 rows=60055 loops=5)
                                             Buckets: 524288  Batches: 1  Memory Usage: 15936kB
                                             ->  Parallel Seq Scan on customer  (cost=0.00..40633.88 rows=74915 width=4) (actual time=0.029..96.049 rows=60055 loops=5)
                                                   Filter: (c_mktsegment = 'BUILDING'::bpchar)
                                                   Rows Removed by Filter: 239945
                                 ->  Index Scan using idx_lineitem_orderkey on lineitem  (cost=0.56..3.61 rows=2 width=16) (actual time=0.007..0.008 rows=0 loops=1451805)
                                       Index Cond: (l_orderkey = orders.o_orderkey)
                                       Filter: (l_shipdate > '1995-03-07'::date)
                                       Rows Removed by Filter: 4
 Planning Time: 1.903 ms
 Execution Time: 3810.856 ms
(33 rows)

query 4 run 1
SET
SET
SET
                                                                                QUERY PLAN                                                                                
--------------------------------------------------------------------------------------------------------------------------------------------------------------------------
 Limit  (cost=282264.76..643889.38 rows=1 width=24) (actual time=28106.939..28126.370 rows=1 loops=1)
   ->  GroupAggregate  (cost=282264.76..2090387.85 rows=5 width=24) (actual time=28106.937..28126.367 rows=1 loops=1)
         Group Key: orders.o_orderpriority
         ->  Nested Loop Semi Join  (cost=282264.76..2087657.35 rows=546089 width=16) (actual time=4235.386..28046.810 rows=103030 loops=1)
               ->  Gather Merge  (cost=282264.20..347667.45 rows=546235 width=20) (actual time=4234.204..4365.821 rows=112214 loops=1)
                     Workers Planned: 4
                     Workers Launched: 4
                     ->  Sort  (cost=281264.14..281605.53 rows=136559 width=20) (actual time=4221.054..4224.000 rows=23339 loops=5)
                           Sort Key: orders.o_orderpriority
                           Sort Method: quicksort  Memory: 8314kB
                           Worker 0:  Sort Method: quicksort  Memory: 8339kB
                           Worker 1:  Sort Method: quicksort  Memory: 8312kB
                           Worker 2:  Sort Method: quicksort  Memory: 8431kB
                           Worker 3:  Sort Method: quicksort  Memory: 8237kB
                           ->  Parallel Bitmap Heap Scan on orders  (cost=6299.84..269616.22 rows=136559 width=20) (actual time=130.664..4174.855 rows=112085 loops=5)
                                 Recheck Cond: ((o_orderdate >= '1993-12-01'::date) AND (o_orderdate < '1994-03-01'::date))
                                 Heap Blocks: exact=46321
                                 ->  Bitmap Index Scan on idx_orders_orderdate  (cost=0.00..6163.29 rows=546235 width=0) (actual time=86.825..86.826 rows=560424 loops=1)
                                       Index Cond: ((o_orderdate >= '1993-12-01'::date) AND (o_orderdate < '1994-03-01'::date))
               ->  Index Scan using idx_lineitem_orderkey on lineitem  (cost=0.56..3.61 rows=1 width=4) (actual time=0.210..0.210 rows=1 loops=112214)
                     Index Cond: (l_orderkey = orders.o_orderkey)
                     Filter: (l_commitdate < l_receiptdate)
                     Rows Removed by Filter: 1
 Planning Time: 14.967 ms
 Execution Time: 28127.080 ms
(25 rows)

SET
SET
SET
                                                                                QUERY PLAN                                                                                
--------------------------------------------------------------------------------------------------------------------------------------------------------------------------
 Limit  (cost=282264.76..643889.38 rows=1 width=24) (actual time=1674.610..1693.216 rows=1 loops=1)
   ->  GroupAggregate  (cost=282264.76..2090387.85 rows=5 width=24) (actual time=1674.609..1693.215 rows=1 loops=1)
         Group Key: orders.o_orderpriority
         ->  Nested Loop Semi Join  (cost=282264.76..2087657.35 rows=546089 width=16) (actual time=702.078..1670.879 rows=103030 loops=1)
               ->  Gather Merge  (cost=282264.20..347667.45 rows=546235 width=20) (actual time=702.027..755.758 rows=112213 loops=1)
                     Workers Planned: 4
                     Workers Launched: 4
                     ->  Sort  (cost=281264.14..281605.53 rows=136559 width=20) (actual time=694.532..696.800 rows=23381 loops=5)
                           Sort Key: orders.o_orderpriority
                           Sort Method: quicksort  Memory: 8619kB
                           Worker 0:  Sort Method: quicksort  Memory: 8438kB
                           Worker 1:  Sort Method: quicksort  Memory: 8213kB
                           Worker 2:  Sort Method: quicksort  Memory: 8204kB
                           Worker 3:  Sort Method: quicksort  Memory: 8158kB
                           ->  Parallel Bitmap Heap Scan on orders  (cost=6299.84..269616.22 rows=136559 width=20) (actual time=129.427..654.782 rows=112085 loops=5)
                                 Recheck Cond: ((o_orderdate >= '1993-12-01'::date) AND (o_orderdate < '1994-03-01'::date))
                                 Heap Blocks: exact=48807
                                 ->  Bitmap Index Scan on idx_orders_orderdate  (cost=0.00..6163.29 rows=546235 width=0) (actual time=83.224..83.225 rows=560424 loops=1)
                                       Index Cond: ((o_orderdate >= '1993-12-01'::date) AND (o_orderdate < '1994-03-01'::date))
               ->  Index Scan using idx_lineitem_orderkey on lineitem  (cost=0.56..3.61 rows=1 width=4) (actual time=0.008..0.008 rows=1 loops=112213)
                     Index Cond: (l_orderkey = orders.o_orderkey)
                     Filter: (l_commitdate < l_receiptdate)
                     Rows Removed by Filter: 1
 Planning Time: 1.114 ms
 Execution Time: 1693.289 ms
(25 rows)

query 5 run 1
SET
SET
SET
                                                                                              QUERY PLAN                                                                                               
-------------------------------------------------------------------------------------------------------------------------------------------------------------------------------------------------------
 Limit  (cost=758066.79..758066.80 rows=1 width=58) (actual time=21907.804..21953.563 rows=1 loops=1)
   ->  Sort  (cost=758066.79..758066.86 rows=25 width=58) (actual time=21907.803..21953.561 rows=1 loops=1)
         Sort Key: (sum((lineitem.l_extendedprice * ('1'::numeric - lineitem.l_discount)))) DESC
         Sort Method: top-N heapsort  Memory: 25kB
         ->  Finalize GroupAggregate  (cost=757828.99..758066.67 rows=25 width=58) (actual time=21899.606..21953.547 rows=5 loops=1)
               Group Key: nation.n_name
               ->  Gather Merge  (cost=757828.99..758065.61 rows=100 width=58) (actual time=21898.220..21953.517 rows=25 loops=1)
                     Workers Planned: 4
                     Workers Launched: 4
                     ->  Partial GroupAggregate  (cost=756828.94..757053.64 rows=25 width=58) (actual time=21878.223..21885.187 rows=5 loops=5)
                           Group Key: nation.n_name
                           ->  Sort  (cost=756828.94..756873.81 rows=17951 width=38) (actual time=21876.898..21877.574 rows=14407 loops=5)
                                 Sort Key: nation.n_name
                                 Sort Method: quicksort  Memory: 1279kB
                                 Worker 0:  Sort Method: quicksort  Memory: 1285kB
                                 Worker 1:  Sort Method: quicksort  Memory: 1285kB
                                 Worker 2:  Sort Method: quicksort  Memory: 1281kB
                                 Worker 3:  Sort Method: quicksort  Memory: 1294kB
                                 ->  Parallel Hash Join  (cost=72367.82..755560.54 rows=17951 width=38) (actual time=598.547..21863.584 rows=14407 loops=5)
                                       Hash Cond: ((lineitem.l_suppkey = supplier.s_suppkey) AND (customer.c_nationkey = supplier.s_nationkey))
                                       ->  Nested Loop  (cost=68676.22..749513.03 rows=448746 width=50) (actual time=577.748..21691.166 rows=363065 loops=5)
                                             ->  Parallel Hash Join  (cost=68675.66..340744.49 rows=112216 width=38) (actual time=575.989..2517.627 rows=90680 loops=5)
                                                   Hash Cond: (orders.o_custkey = customer.c_custkey)
                                                   ->  Parallel Bitmap Heap Scan on orders  (cost=25883.31..295567.54 rows=561082 width=8) (actual time=259.285..1973.893 rows=455328 loops=5)
                                                         Recheck Cond: ((o_orderdate >= '1993-01-01'::date) AND (o_orderdate < '1994-01-01'::date))
                                                         Heap Blocks: exact=52044
                                                         ->  Bitmap Index Scan on idx_orders_orderdate  (cost=0.00..25322.23 rows=2244329 width=0) (actual time=202.578..202.578 rows=2276638 loops=1)
                                                               Index Cond: ((o_orderdate >= '1993-01-01'::date) AND (o_orderdate < '1994-01-01'::date))
                                                   ->  Parallel Hash  (cost=41854.97..41854.97 rows=74990 width=38) (actual time=315.950..315.954 rows=59887 loops=5)
                                                         Buckets: 524288  Batches: 1  Memory Usage: 25312kB
                                                         ->  Hash Join  (cost=2.51..41854.97 rows=74990 width=38) (actual time=0.834..288.213 rows=59887 loops=5)
                                                               Hash Cond: (customer.c_nationkey = nation.n_nationkey)
                                                               ->  Parallel Seq Scan on customer  (cost=0.00..39696.50 rows=374950 width=8) (actual time=0.441..250.486 rows=300000 loops=5)
                                                               ->  Hash  (cost=2.45..2.45 rows=5 width=30) (actual time=0.383..0.385 rows=5 loops=5)
                                                                     Buckets: 1024  Batches: 1  Memory Usage: 9kB
                                                                     ->  Hash Join  (cost=1.07..2.45 rows=5 width=30) (actual time=0.377..0.383 rows=5 loops=5)
                                                                           Hash Cond: (nation.n_regionkey = region.r_regionkey)
                                                                           ->  Seq Scan on nation  (cost=0.00..1.25 rows=25 width=34) (actual time=0.165..0.166 rows=25 loops=5)
                                                                           ->  Hash  (cost=1.06..1.06 rows=1 width=4) (actual time=0.197..0.198 rows=1 loops=5)
                                                                                 Buckets: 1024  Batches: 1  Memory Usage: 9kB
                                                                                 ->  Seq Scan on region  (cost=0.00..1.06 rows=1 width=4) (actual time=0.192..0.194 rows=1 loops=5)
                                                                                       Filter: (r_name = 'AMERICA'::bpchar)
                                                                                       Rows Removed by Filter: 4
                                             ->  Index Scan using idx_lineitem_orderkey on lineitem  (cost=0.56..3.60 rows=4 width=20) (actual time=0.199..0.210 rows=4 loops=453399)
                                                   Index Cond: (l_orderkey = orders.o_orderkey)
                                       ->  Parallel Hash  (cost=2809.24..2809.24 rows=58824 width=8) (actual time=17.330..17.330 rows=20000 loops=5)
                                             Buckets: 131072  Batches: 1  Memory Usage: 5024kB
                                             ->  Parallel Seq Scan on supplier  (cost=0.00..2809.24 rows=58824 width=8) (actual time=0.116..10.224 rows=20000 loops=5)
 Planning Time: 28.199 ms
 Execution Time: 21953.968 ms
(50 rows)

SET
SET
SET
                                                                                              QUERY PLAN                                                                                               
-------------------------------------------------------------------------------------------------------------------------------------------------------------------------------------------------------
 Limit  (cost=758066.79..758066.80 rows=1 width=58) (actual time=2467.207..2504.933 rows=1 loops=1)
   ->  Sort  (cost=758066.79..758066.86 rows=25 width=58) (actual time=2467.205..2504.930 rows=1 loops=1)
         Sort Key: (sum((lineitem.l_extendedprice * ('1'::numeric - lineitem.l_discount)))) DESC
         Sort Method: top-N heapsort  Memory: 25kB
         ->  Finalize GroupAggregate  (cost=757828.99..758066.67 rows=25 width=58) (actual time=2463.071..2504.914 rows=5 loops=1)
               Group Key: nation.n_name
               ->  Gather Merge  (cost=757828.99..758065.61 rows=100 width=58) (actual time=2461.689..2504.884 rows=25 loops=1)
                     Workers Planned: 4
                     Workers Launched: 4
                     ->  Partial GroupAggregate  (cost=756828.94..757053.64 rows=25 width=58) (actual time=2444.884..2451.107 rows=5 loops=5)
                           Group Key: nation.n_name
                           ->  Sort  (cost=756828.94..756873.81 rows=17951 width=38) (actual time=2443.564..2444.240 rows=14407 loops=5)
                                 Sort Key: nation.n_name
                                 Sort Method: quicksort  Memory: 1275kB
                                 Worker 0:  Sort Method: quicksort  Memory: 1087kB
                                 Worker 1:  Sort Method: quicksort  Memory: 1376kB
                                 Worker 2:  Sort Method: quicksort  Memory: 1329kB
                                 Worker 3:  Sort Method: quicksort  Memory: 1358kB
                                 ->  Parallel Hash Join  (cost=72367.82..755560.54 rows=17951 width=38) (actual time=410.616..2435.334 rows=14407 loops=5)
                                       Hash Cond: ((lineitem.l_suppkey = supplier.s_suppkey) AND (customer.c_nationkey = supplier.s_nationkey))
                                       ->  Nested Loop  (cost=68676.22..749513.03 rows=448746 width=50) (actual time=392.462..2305.510 rows=363065 loops=5)
                                             ->  Parallel Hash Join  (cost=68675.66..340744.49 rows=112216 width=38) (actual time=392.417..949.927 rows=90680 loops=5)
                                                   Hash Cond: (orders.o_custkey = customer.c_custkey)
                                                   ->  Parallel Bitmap Heap Scan on orders  (cost=25883.31..295567.54 rows=561082 width=8) (actual time=248.764..633.162 rows=455328 loops=5)
                                                         Recheck Cond: ((o_orderdate >= '1993-01-01'::date) AND (o_orderdate < '1994-01-01'::date))
                                                         Heap Blocks: exact=51766
                                                         ->  Bitmap Index Scan on idx_orders_orderdate  (cost=0.00..25322.23 rows=2244329 width=0) (actual time=192.535..192.536 rows=2276638 loops=1)
                                                               Index Cond: ((o_orderdate >= '1993-01-01'::date) AND (o_orderdate < '1994-01-01'::date))
                                                   ->  Parallel Hash  (cost=41854.97..41854.97 rows=74990 width=38) (actual time=143.071..143.074 rows=59887 loops=5)
                                                         Buckets: 524288  Batches: 1  Memory Usage: 25280kB
                                                         ->  Hash Join  (cost=2.51..41854.97 rows=74990 width=38) (actual time=0.097..105.939 rows=59887 loops=5)
                                                               Hash Cond: (customer.c_nationkey = nation.n_nationkey)
                                                               ->  Parallel Seq Scan on customer  (cost=0.00..39696.50 rows=374950 width=8) (actual time=0.035..65.006 rows=300000 loops=5)
                                                               ->  Hash  (cost=2.45..2.45 rows=5 width=30) (actual time=0.052..0.054 rows=5 loops=5)
                                                                     Buckets: 1024  Batches: 1  Memory Usage: 9kB
                                                                     ->  Hash Join  (cost=1.07..2.45 rows=5 width=30) (actual time=0.046..0.051 rows=5 loops=5)
                                                                           Hash Cond: (nation.n_regionkey = region.r_regionkey)
                                                                           ->  Seq Scan on nation  (cost=0.00..1.25 rows=25 width=34) (actual time=0.014..0.015 rows=25 loops=5)
                                                                           ->  Hash  (cost=1.06..1.06 rows=1 width=4) (actual time=0.021..0.022 rows=1 loops=5)
                                                                                 Buckets: 1024  Batches: 1  Memory Usage: 9kB
                                                                                 ->  Seq Scan on region  (cost=0.00..1.06 rows=1 width=4) (actual time=0.018..0.019 rows=1 loops=5)
                                                                                       Filter: (r_name = 'AMERICA'::bpchar)
                                                                                       Rows Removed by Filter: 4
                                             ->  Index Scan using idx_lineitem_orderkey on lineitem  (cost=0.56..3.60 rows=4 width=20) (actual time=0.013..0.014 rows=4 loops=453399)
                                                   Index Cond: (l_orderkey = orders.o_orderkey)
                                       ->  Parallel Hash  (cost=2809.24..2809.24 rows=58824 width=8) (actual time=16.385..16.386 rows=20000 loops=5)
                                             Buckets: 131072  Batches: 1  Memory Usage: 5088kB
                                             ->  Parallel Seq Scan on supplier  (cost=0.00..2809.24 rows=58824 width=8) (actual time=0.023..6.383 rows=20000 loops=5)
 Planning Time: 5.287 ms
 Execution Time: 2505.038 ms
(50 rows)

query 6 run 1
SET
SET
SET
                                                                                                                QUERY PLAN                                                                                                                 
-------------------------------------------------------------------------------------------------------------------------------------------------------------------------------------------------------------------------------------------
 Limit  (cost=1291165.34..1291165.35 rows=1 width=32) (actual time=10595.482..10629.521 rows=1 loops=1)
   ->  Finalize Aggregate  (cost=1291165.34..1291165.35 rows=1 width=32) (actual time=10595.480..10629.518 rows=1 loops=1)
         ->  Gather  (cost=1291164.91..1291165.32 rows=4 width=32) (actual time=10593.908..10629.502 rows=5 loops=1)
               Workers Planned: 4
               Workers Launched: 4
               ->  Partial Aggregate  (cost=1290164.91..1290164.92 rows=1 width=32) (actual time=10584.292..10584.293 rows=1 loops=5)
                     ->  Parallel Bitmap Heap Scan on lineitem  (cost=213764.48..1288663.10 rows=300361 width=12) (actual time=1342.883..10435.749 rows=238912 loops=5)
                           Recheck Cond: ((l_shipdate >= '1993-01-01'::date) AND (l_shipdate < '1994-01-01 00:00:00'::timestamp without time zone) AND (l_discount >= 0.06) AND (l_discount <= 0.08) AND (l_quantity < '25'::numeric))
                           Rows Removed by Index Recheck: 2744818
                           Heap Blocks: exact=79840 lossy=53686
                           ->  Bitmap Index Scan on idx_lineitem_shipdate  (cost=0.00..213464.12 rows=1201443 width=0) (actual time=1257.410..1257.410 rows=1194558 loops=1)
                                 Index Cond: ((l_shipdate >= '1993-01-01'::date) AND (l_shipdate < '1994-01-01 00:00:00'::timestamp without time zone) AND (l_discount >= 0.06) AND (l_discount <= 0.08) AND (l_quantity < '25'::numeric))
 Planning Time: 11.786 ms
 Execution Time: 10630.635 ms
(14 rows)

SET
SET
SET
                                                                                                                QUERY PLAN                                                                                                                 
-------------------------------------------------------------------------------------------------------------------------------------------------------------------------------------------------------------------------------------------
 Limit  (cost=1291165.34..1291165.35 rows=1 width=32) (actual time=3089.494..3123.962 rows=1 loops=1)
   ->  Finalize Aggregate  (cost=1291165.34..1291165.35 rows=1 width=32) (actual time=3089.492..3123.960 rows=1 loops=1)
         ->  Gather  (cost=1291164.91..1291165.32 rows=4 width=32) (actual time=3084.303..3123.943 rows=5 loops=1)
               Workers Planned: 4
               Workers Launched: 4
               ->  Partial Aggregate  (cost=1290164.91..1290164.92 rows=1 width=32) (actual time=3079.577..3079.578 rows=1 loops=5)
                     ->  Parallel Bitmap Heap Scan on lineitem  (cost=213764.48..1288663.10 rows=300361 width=12) (actual time=1198.343..2960.569 rows=238912 loops=5)
                           Recheck Cond: ((l_shipdate >= '1993-01-01'::date) AND (l_shipdate < '1994-01-01 00:00:00'::timestamp without time zone) AND (l_discount >= 0.06) AND (l_discount <= 0.08) AND (l_quantity < '25'::numeric))
                           Rows Removed by Index Recheck: 2744818
                           Heap Blocks: exact=84865 lossy=57671
                           ->  Bitmap Index Scan on idx_lineitem_shipdate  (cost=0.00..213464.12 rows=1201443 width=0) (actual time=1110.322..1110.323 rows=1194558 loops=1)
                                 Index Cond: ((l_shipdate >= '1993-01-01'::date) AND (l_shipdate < '1994-01-01 00:00:00'::timestamp without time zone) AND (l_discount >= 0.06) AND (l_discount <= 0.08) AND (l_quantity < '25'::numeric))
 Planning Time: 0.712 ms
 Execution Time: 3124.022 ms
(14 rows)

query 7 run 1
SET
SET
SET
                                                                                                      QUERY PLAN                                                                                                       
-----------------------------------------------------------------------------------------------------------------------------------------------------------------------------------------------------------------------
 Limit  (cost=1420049.74..1421110.83 rows=1 width=116) (actual time=31021.973..31027.281 rows=1 loops=1)
   ->  GroupAggregate  (cost=1420049.74..12060628.36 rows=10028 width=116) (actual time=31021.972..31027.279 rows=1 loops=1)
         Group Key: n1.n_name, n2.n_name, EXTRACT(year FROM lineitem.l_shipdate)
         ->  Nested Loop  (cost=1420049.74..12059560.95 rows=61133 width=96) (actual time=7371.663..30997.803 rows=14421 loops=1)
               Join Filter: (customer.c_nationkey = n2.n_nationkey)
               Rows Removed by Join Filter: 349058
               ->  Nested Loop  (cost=1420049.31..6828307.34 rows=1528322 width=76) (actual time=7362.619..25445.726 rows=363479 loops=1)
                     ->  Gather Merge  (cost=1420048.88..1603041.96 rows=1528322 width=76) (actual time=7361.301..7816.429 rows=363479 loops=1)
                           Workers Planned: 4
                           Workers Launched: 4
                           ->  Sort  (cost=1419048.82..1420004.02 rows=382080 width=76) (actual time=7340.724..7382.883 rows=73084 loops=5)
                                 Sort Key: n1.n_name, n2.n_name, (EXTRACT(year FROM lineitem.l_shipdate))
                                 Sort Method: external merge  Disk: 26928kB
                                 Worker 0:  Sort Method: external merge  Disk: 26968kB
                                 Worker 1:  Sort Method: external merge  Disk: 27096kB
                                 Worker 2:  Sort Method: external merge  Disk: 26488kB
                                 Worker 3:  Sort Method: external merge  Disk: 26464kB
                                 ->  Parallel Hash Join  (cost=3140.96..1372708.54 rows=382080 width=76) (actual time=15.508..7043.173 rows=291139 loops=5)
                                       Hash Cond: (lineitem.l_suppkey = supplier.s_suppkey)
                                       ->  Parallel Seq Scan on lineitem  (cost=0.00..1350105.50 rows=4590548 width=24) (actual time=0.397..6450.859 rows=3646065 loops=5)
                                             Filter: ((l_shipdate >= '1995-01-01'::date) AND (l_shipdate <= '1996-12-31'::date))
                                             Rows Removed by Filter: 8351145
                                       ->  Parallel Hash  (cost=3079.76..3079.76 rows=4896 width=60) (actual time=14.791..14.794 rows=1596 loops=5)
                                             Buckets: 16384  Batches: 1  Memory Usage: 928kB
                                             ->  Hash Join  (cost=2.87..3079.76 rows=4896 width=60) (actual time=0.386..14.156 rows=1596 loops=5)
                                                   Hash Cond: (supplier.s_nationkey = n1.n_nationkey)
                                                   ->  Parallel Seq Scan on supplier  (cost=0.00..2809.24 rows=58824 width=8) (actual time=0.312..11.896 rows=20000 loops=5)
                                                   ->  Hash  (cost=2.84..2.84 rows=2 width=60) (actual time=0.065..0.067 rows=2 loops=5)
                                                         Buckets: 1024  Batches: 1  Memory Usage: 9kB
                                                         ->  Nested Loop  (cost=0.00..2.84 rows=2 width=60) (actual time=0.058..0.063 rows=2 loops=5)
                                                               Join Filter: (((n1.n_name = 'PERU'::bpchar) AND (n2.n_name = 'MOROCCO'::bpchar)) OR ((n1.n_name = 'MOROCCO'::bpchar) AND (n2.n_name = 'PERU'::bpchar)))
                                                               Rows Removed by Join Filter: 2
                                                               ->  Seq Scan on nation n1  (cost=0.00..1.38 rows=2 width=30) (actual time=0.047..0.049 rows=2 loops=5)
                                                                     Filter: ((n_name = 'PERU'::bpchar) OR (n_name = 'MOROCCO'::bpchar))
                                                                     Rows Removed by Filter: 23
                                                               ->  Materialize  (cost=0.00..1.39 rows=2 width=30) (actual time=0.003..0.005 rows=2 loops=10)
                                                                     ->  Seq Scan on nation n2  (cost=0.00..1.38 rows=2 width=30) (actual time=0.005..0.006 rows=2 loops=5)
                                                                           Filter: ((n_name = 'MOROCCO'::bpchar) OR (n_name = 'PERU'::bpchar))
                                                                           Rows Removed by Filter: 23
                     ->  Index Scan using orders_pkey on orders  (cost=0.43..3.42 rows=1 width=8) (actual time=0.048..0.048 rows=1 loops=363479)
                           Index Cond: (o_orderkey = lineitem.l_orderkey)
               ->  Index Scan using customer_pkey on customer  (cost=0.43..3.41 rows=1 width=8) (actual time=0.014..0.014 rows=1 loops=363479)
                     Index Cond: (c_custkey = orders.o_custkey)
 Planning Time: 25.008 ms
 Execution Time: 31030.977 ms
(45 rows)

SET
SET
SET
                                                                                                      QUERY PLAN                                                                                                       
-----------------------------------------------------------------------------------------------------------------------------------------------------------------------------------------------------------------------
 Limit  (cost=1420049.74..1421110.83 rows=1 width=116) (actual time=5677.044..5682.661 rows=1 loops=1)
   ->  GroupAggregate  (cost=1420049.74..12060628.36 rows=10028 width=116) (actual time=5677.043..5682.659 rows=1 loops=1)
         Group Key: n1.n_name, n2.n_name, EXTRACT(year FROM lineitem.l_shipdate)
         ->  Nested Loop  (cost=1420049.74..12059560.95 rows=61133 width=96) (actual time=3535.465..5669.807 rows=14421 loops=1)
               Join Filter: (customer.c_nationkey = n2.n_nationkey)
               Rows Removed by Join Filter: 349027
               ->  Nested Loop  (cost=1420049.31..6828307.34 rows=1528322 width=76) (actual time=3535.254..4694.783 rows=363448 loops=1)
                     ->  Gather Merge  (cost=1420048.88..1603041.96 rows=1528322 width=76) (actual time=3535.206..3749.841 rows=363448 loops=1)
                           Workers Planned: 4
                           Workers Launched: 4
                           ->  Sort  (cost=1419048.82..1420004.02 rows=382080 width=76) (actual time=3525.151..3554.356 rows=73109 loops=5)
                                 Sort Key: n1.n_name, n2.n_name, (EXTRACT(year FROM lineitem.l_shipdate))
                                 Sort Method: external merge  Disk: 26232kB
                                 Worker 0:  Sort Method: external merge  Disk: 26472kB
                                 Worker 1:  Sort Method: external merge  Disk: 27744kB
                                 Worker 2:  Sort Method: external merge  Disk: 27792kB
                                 Worker 3:  Sort Method: external merge  Disk: 25712kB
                                 ->  Parallel Hash Join  (cost=3140.96..1372708.54 rows=382080 width=76) (actual time=13.854..3195.835 rows=291139 loops=5)
                                       Hash Cond: (lineitem.l_suppkey = supplier.s_suppkey)
                                       ->  Parallel Seq Scan on lineitem  (cost=0.00..1350105.50 rows=4590548 width=24) (actual time=0.048..2547.946 rows=3646065 loops=5)
                                             Filter: ((l_shipdate >= '1995-01-01'::date) AND (l_shipdate <= '1996-12-31'::date))
                                             Rows Removed by Filter: 8351145
                                       ->  Parallel Hash  (cost=3079.76..3079.76 rows=4896 width=60) (actual time=11.180..11.182 rows=1596 loops=5)
                                             Buckets: 16384  Batches: 1  Memory Usage: 928kB
                                             ->  Hash Join  (cost=2.87..3079.76 rows=4896 width=60) (actual time=0.064..9.188 rows=1596 loops=5)
                                                   Hash Cond: (supplier.s_nationkey = n1.n_nationkey)
                                                   ->  Parallel Seq Scan on supplier  (cost=0.00..2809.24 rows=58824 width=8) (actual time=0.027..6.208 rows=20000 loops=5)
                                                   ->  Hash  (cost=2.84..2.84 rows=2 width=60) (actual time=0.031..0.032 rows=2 loops=5)
                                                         Buckets: 1024  Batches: 1  Memory Usage: 9kB
                                                         ->  Nested Loop  (cost=0.00..2.84 rows=2 width=60) (actual time=0.025..0.030 rows=2 loops=5)
                                                               Join Filter: (((n1.n_name = 'PERU'::bpchar) AND (n2.n_name = 'MOROCCO'::bpchar)) OR ((n1.n_name = 'MOROCCO'::bpchar) AND (n2.n_name = 'PERU'::bpchar)))
                                                               Rows Removed by Join Filter: 2
                                                               ->  Seq Scan on nation n1  (cost=0.00..1.38 rows=2 width=30) (actual time=0.014..0.015 rows=2 loops=5)
                                                                     Filter: ((n_name = 'PERU'::bpchar) OR (n_name = 'MOROCCO'::bpchar))
                                                                     Rows Removed by Filter: 23
                                                               ->  Materialize  (cost=0.00..1.39 rows=2 width=30) (actual time=0.003..0.005 rows=2 loops=10)
                                                                     ->  Seq Scan on nation n2  (cost=0.00..1.38 rows=2 width=30) (actual time=0.004..0.006 rows=2 loops=5)
                                                                           Filter: ((n_name = 'MOROCCO'::bpchar) OR (n_name = 'PERU'::bpchar))
                                                                           Rows Removed by Filter: 23
                     ->  Index Scan using orders_pkey on orders  (cost=0.43..3.42 rows=1 width=8) (actual time=0.002..0.002 rows=1 loops=363448)
                           Index Cond: (o_orderkey = lineitem.l_orderkey)
               ->  Index Scan using customer_pkey on customer  (cost=0.43..3.41 rows=1 width=8) (actual time=0.002..0.002 rows=1 loops=363448)
                     Index Cond: (c_custkey = orders.o_custkey)
 Planning Time: 3.641 ms
 Execution Time: 5686.383 ms
(45 rows)

query 8 run 1
SET
SET
SET
                                                                                         QUERY PLAN                                                                                          
---------------------------------------------------------------------------------------------------------------------------------------------------------------------------------------------
 Limit  (cost=386792.64..392908.99 rows=1 width=64) (actual time=34083.948..34089.431 rows=1 loops=1)
   ->  GroupAggregate  (cost=386792.64..15102751.71 rows=2406 width=64) (actual time=34083.947..34089.429 rows=1 loops=1)
         Group Key: EXTRACT(year FROM orders.o_orderdate)
         ->  Nested Loop  (cost=386792.64..15102256.03 rows=22378 width=70) (actual time=2264.943..34063.327 rows=11818 loops=1)
               Join Filter: (supplier.s_nationkey = n2.n_nationkey)
               Rows Removed by Join Filter: 142664
               ->  Nested Loop  (cost=386792.64..15094116.83 rows=22378 width=20) (actual time=2264.919..34021.240 rows=11818 loops=1)
                     ->  Nested Loop  (cost=386792.34..15020909.96 rows=22378 width=20) (actual time=2264.457..33409.319 rows=11818 loops=1)
                           ->  Nested Loop  (cost=386791.91..3862405.34 rows=3693278 width=24) (actual time=2193.686..23562.541 rows=1816417 loops=1)
                                 ->  Gather Merge  (cost=386791.34..497374.19 rows=923566 width=8) (actual time=2192.805..2475.539 rows=454486 loops=1)
                                       Workers Planned: 4
                                       Workers Launched: 4
                                       ->  Sort  (cost=385791.28..386368.51 rows=230892 width=8) (actual time=2178.553..2186.693 rows=91969 loops=5)
                                             Sort Key: (EXTRACT(year FROM orders.o_orderdate))
                                             Sort Method: quicksort  Memory: 13566kB
                                             Worker 0:  Sort Method: quicksort  Memory: 13289kB
                                             Worker 1:  Sort Method: quicksort  Memory: 13124kB
                                             Worker 2:  Sort Method: quicksort  Memory: 13088kB
                                             Worker 3:  Sort Method: quicksort  Memory: 13217kB
                                             ->  Parallel Hash Join  (cost=42792.35..365222.43 rows=230892 width=8) (actual time=274.831..2131.506 rows=182072 loops=5)
                                                   Hash Cond: (orders.o_custkey = customer.c_custkey)
                                                   ->  Parallel Seq Scan on orders  (cost=0.00..317523.64 rows=1154458 width=12) (actual time=0.503..1581.495 rows=911503 loops=5)
                                                         Filter: ((o_orderdate >= '1995-01-01'::date) AND (o_orderdate <= '1996-12-31'::date))
                                                         Rows Removed by Filter: 2088497
                                                   ->  Parallel Hash  (cost=41854.97..41854.97 rows=74990 width=4) (actual time=273.568..273.571 rows=59887 loops=5)
                                                         Buckets: 524288  Batches: 1  Memory Usage: 15904kB
                                                         ->  Hash Join  (cost=2.51..41854.97 rows=74990 width=4) (actual time=1.063..253.940 rows=59887 loops=5)
                                                               Hash Cond: (customer.c_nationkey = n1.n_nationkey)
                                                               ->  Parallel Seq Scan on customer  (cost=0.00..39696.50 rows=374950 width=8) (actual time=0.950..218.428 rows=300000 loops=5)
                                                               ->  Hash  (cost=2.45..2.45 rows=5 width=4) (actual time=0.104..0.106 rows=5 loops=5)
                                                                     Buckets: 1024  Batches: 1  Memory Usage: 9kB
                                                                     ->  Hash Join  (cost=1.07..2.45 rows=5 width=4) (actual time=0.097..0.104 rows=5 loops=5)
                                                                           Hash Cond: (n1.n_regionkey = region.r_regionkey)
                                                                           ->  Seq Scan on nation n1  (cost=0.00..1.25 rows=25 width=8) (actual time=0.044..0.045 rows=25 loops=5)
                                                                           ->  Hash  (cost=1.06..1.06 rows=1 width=4) (actual time=0.048..0.049 rows=1 loops=5)
                                                                                 Buckets: 1024  Batches: 1  Memory Usage: 9kB
                                                                                 ->  Seq Scan on region  (cost=0.00..1.06 rows=1 width=4) (actual time=0.043..0.044 rows=1 loops=5)
                                                                                       Filter: (r_name = 'AMERICA'::bpchar)
                                                                                       Rows Removed by Filter: 4
                                 ->  Index Scan using idx_lineitem_orderkey on lineitem  (cost=0.56..3.60 rows=4 width=24) (actual time=0.043..0.045 rows=4 loops=454486)
                                       Index Cond: (l_orderkey = orders.o_orderkey)
                           ->  Memoize  (cost=0.44..3.42 rows=1 width=4) (actual time=0.005..0.005 rows=0 loops=1816417)
                                 Cache Key: lineitem.l_partkey
                                 Cache Mode: logical
                                 Hits: 597228  Misses: 1219189  Evictions: 235643  Overflows: 0  Memory Usage: 65537kB
                                 ->  Index Scan using part_pkey on part  (cost=0.43..3.41 rows=1 width=4) (actual time=0.007..0.007 rows=0 loops=1219189)
                                       Index Cond: (p_partkey = lineitem.l_partkey)
                                       Filter: ((p_type)::text = 'LARGE POLISHED BRASS'::text)
                                       Rows Removed by Filter: 1
                     ->  Index Scan using supplier_pkey on supplier  (cost=0.29..3.27 rows=1 width=8) (actual time=0.051..0.051 rows=1 loops=11818)
                           Index Cond: (s_suppkey = lineitem.l_suppkey)
               ->  Materialize  (cost=0.00..1.38 rows=25 width=30) (actual time=0.000..0.001 rows=13 loops=11818)
                     ->  Seq Scan on nation n2  (cost=0.00..1.25 rows=25 width=30) (actual time=0.007..0.010 rows=25 loops=1)
 Planning Time: 32.693 ms
 Execution Time: 34093.814 ms
(55 rows)

SET
SET
SET
                                                                                         QUERY PLAN                                                                                         
--------------------------------------------------------------------------------------------------------------------------------------------------------------------------------------------
 Limit  (cost=386792.64..392908.99 rows=1 width=64) (actual time=8546.574..8552.067 rows=1 loops=1)
   ->  GroupAggregate  (cost=386792.64..15102751.71 rows=2406 width=64) (actual time=8546.572..8552.065 rows=1 loops=1)
         Group Key: EXTRACT(year FROM orders.o_orderdate)
         ->  Nested Loop  (cost=386792.64..15102256.03 rows=22378 width=70) (actual time=1052.700..8538.494 rows=11818 loops=1)
               Join Filter: (supplier.s_nationkey = n2.n_nationkey)
               Rows Removed by Join Filter: 142667
               ->  Nested Loop  (cost=386792.64..15094116.83 rows=22378 width=20) (actual time=1052.681..8512.591 rows=11818 loops=1)
                     ->  Nested Loop  (cost=386792.34..15020909.96 rows=22378 width=20) (actual time=1052.666..8470.537 rows=11818 loops=1)
                           ->  Nested Loop  (cost=386791.91..3862405.34 rows=3693278 width=24) (actual time=1050.193..4108.964 rows=1816485 loops=1)
                                 ->  Gather Merge  (cost=386791.34..497374.19 rows=923566 width=8) (actual time=1050.142..1248.472 rows=454501 loops=1)
                                       Workers Planned: 4
                                       Workers Launched: 4
                                       ->  Sort  (cost=385791.28..386368.51 rows=230892 width=8) (actual time=1038.727..1045.480 rows=92071 loops=5)
                                             Sort Key: (EXTRACT(year FROM orders.o_orderdate))
                                             Sort Method: quicksort  Memory: 13777kB
                                             Worker 0:  Sort Method: quicksort  Memory: 13305kB
                                             Worker 1:  Sort Method: quicksort  Memory: 13763kB
                                             Worker 2:  Sort Method: quicksort  Memory: 12533kB
                                             Worker 3:  Sort Method: quicksort  Memory: 12906kB
                                             ->  Parallel Hash Join  (cost=42792.35..365222.43 rows=230892 width=8) (actual time=142.351..986.980 rows=182072 loops=5)
                                                   Hash Cond: (orders.o_custkey = customer.c_custkey)
                                                   ->  Parallel Seq Scan on orders  (cost=0.00..317523.64 rows=1154458 width=12) (actual time=0.038..538.844 rows=911503 loops=5)
                                                         Filter: ((o_orderdate >= '1995-01-01'::date) AND (o_orderdate <= '1996-12-31'::date))
                                                         Rows Removed by Filter: 2088497
                                                   ->  Parallel Hash  (cost=41854.97..41854.97 rows=74990 width=4) (actual time=141.041..141.044 rows=59887 loops=5)
                                                         Buckets: 524288  Batches: 1  Memory Usage: 15872kB
                                                         ->  Hash Join  (cost=2.51..41854.97 rows=74990 width=4) (actual time=0.071..115.258 rows=59887 loops=5)
                                                               Hash Cond: (customer.c_nationkey = n1.n_nationkey)
                                                               ->  Parallel Seq Scan on customer  (cost=0.00..39696.50 rows=374950 width=8) (actual time=0.027..73.789 rows=300000 loops=5)
                                                               ->  Hash  (cost=2.45..2.45 rows=5 width=4) (actual time=0.038..0.040 rows=5 loops=5)
                                                                     Buckets: 1024  Batches: 1  Memory Usage: 9kB
                                                                     ->  Hash Join  (cost=1.07..2.45 rows=5 width=4) (actual time=0.033..0.038 rows=5 loops=5)
                                                                           Hash Cond: (n1.n_regionkey = region.r_regionkey)
                                                                           ->  Seq Scan on nation n1  (cost=0.00..1.25 rows=25 width=8) (actual time=0.010..0.011 rows=25 loops=5)
                                                                           ->  Hash  (cost=1.06..1.06 rows=1 width=4) (actual time=0.019..0.019 rows=1 loops=5)
                                                                                 Buckets: 1024  Batches: 1  Memory Usage: 9kB
                                                                                 ->  Seq Scan on region  (cost=0.00..1.06 rows=1 width=4) (actual time=0.014..0.015 rows=1 loops=5)
                                                                                       Filter: (r_name = 'AMERICA'::bpchar)
                                                                                       Rows Removed by Filter: 4
                                 ->  Index Scan using idx_lineitem_orderkey on lineitem  (cost=0.56..3.60 rows=4 width=24) (actual time=0.005..0.006 rows=4 loops=454501)
                                       Index Cond: (l_orderkey = orders.o_orderkey)
                           ->  Memoize  (cost=0.44..3.42 rows=1 width=4) (actual time=0.002..0.002 rows=0 loops=1816485)
                                 Cache Key: lineitem.l_partkey
                                 Cache Mode: logical
                                 Hits: 597415  Misses: 1219070  Evictions: 235559  Overflows: 0  Memory Usage: 65537kB
                                 ->  Index Scan using part_pkey on part  (cost=0.43..3.41 rows=1 width=4) (actual time=0.003..0.003 rows=0 loops=1219070)
                                       Index Cond: (p_partkey = lineitem.l_partkey)
                                       Filter: ((p_type)::text = 'LARGE POLISHED BRASS'::text)
                                       Rows Removed by Filter: 1
                     ->  Index Scan using supplier_pkey on supplier  (cost=0.29..3.27 rows=1 width=8) (actual time=0.003..0.003 rows=1 loops=11818)
                           Index Cond: (s_suppkey = lineitem.l_suppkey)
               ->  Materialize  (cost=0.00..1.38 rows=25 width=30) (actual time=0.000..0.001 rows=13 loops=11818)
                     ->  Seq Scan on nation n2  (cost=0.00..1.25 rows=25 width=30) (actual time=0.005..0.009 rows=25 loops=1)
 Planning Time: 5.722 ms
 Execution Time: 8556.411 ms
(55 rows)

query 9 run 1
SET
SET
SET
                                                                                            QUERY PLAN                                                                                            
--------------------------------------------------------------------------------------------------------------------------------------------------------------------------------------------------
 Limit  (cost=715593.81..715808.86 rows=1 width=90) (actual time=42897.513..42906.114 rows=1 loops=1)
   ->  GroupAggregate  (cost=715593.81..13650963.08 rows=60150 width=90) (actual time=42897.512..42906.112 rows=1 loops=1)
         Group Key: nation.n_name, (EXTRACT(year FROM orders.o_orderdate))
         ->  Incremental Sort  (cost=715593.81..13592018.40 rows=3316710 width=81) (actual time=42888.516..42898.008 rows=11401 loops=1)
               Sort Key: nation.n_name, (EXTRACT(year FROM orders.o_orderdate)) DESC
               Presorted Key: nation.n_name
               Full-sort Groups: 1  Sort Method: quicksort  Average Memory: 30kB  Peak Memory: 30kB
               Pre-sorted Groups: 1  Sort Method: quicksort  Average Memory: 13853kB  Peak Memory: 13853kB
               ->  Nested Loop  (cost=180803.59..13268349.04 rows=3316710 width=81) (actual time=1902.420..42665.202 rows=128453 loops=1)
                     ->  Nested Loop  (cost=180803.16..1908235.14 rows=3316710 width=53) (actual time=1901.658..22748.224 rows=128453 loops=1)
                           Join Filter: (supplier.s_suppkey = lineitem.l_suppkey)
                           ->  Gather Merge  (cost=180802.72..238853.54 rows=484829 width=48) (actual time=1900.827..1930.622 rows=17183 loops=1)
                                 Workers Planned: 4
                                 Workers Launched: 4
                                 ->  Sort  (cost=179802.66..180105.68 rows=121207 width=48) (actual time=1879.456..1880.058 rows=4006 loops=5)
                                       Sort Key: nation.n_name
                                       Sort Method: quicksort  Memory: 9803kB
                                       Worker 0:  Sort Method: quicksort  Memory: 10019kB
                                       Worker 1:  Sort Method: quicksort  Memory: 9846kB
                                       Worker 2:  Sort Method: quicksort  Memory: 9614kB
                                       Worker 3:  Sort Method: quicksort  Memory: 9928kB
                                       ->  Hash Join  (cost=3546.53..169568.48 rows=121207 width=48) (actual time=20.080..1810.606 rows=86650 loops=5)
                                             Hash Cond: (supplier.s_nationkey = nation.n_nationkey)
                                             ->  Parallel Hash Join  (cost=3544.97..169194.81 rows=121207 width=26) (actual time=19.965..1791.445 rows=86650 loops=5)
                                                   Hash Cond: (partsupp.ps_suppkey = supplier.s_suppkey)
                                                   ->  Nested Loop  (cost=0.43..165332.10 rows=121207 width=18) (actual time=2.228..1730.747 rows=86650 loops=5)
                                                         ->  Parallel Seq Scan on part  (cost=0.00..47231.14 rows=30304 width=4) (actual time=0.509..251.925 rows=21662 loops=5)
                                                               Filter: ((p_name)::text ~~ '%navy%'::text)
                                                               Rows Removed by Filter: 378338
                                                         ->  Index Scan using idx_partsupp_partkey on partsupp  (cost=0.43..3.72 rows=18 width=14) (actual time=0.063..0.067 rows=4 loops=108312)
                                                               Index Cond: (ps_partkey = part.p_partkey)
                                                   ->  Parallel Hash  (cost=2809.24..2809.24 rows=58824 width=8) (actual time=17.439..17.440 rows=20000 loops=5)
                                                         Buckets: 131072  Batches: 1  Memory Usage: 5024kB
                                                         ->  Parallel Seq Scan on supplier  (cost=0.00..2809.24 rows=58824 width=8) (actual time=0.144..10.543 rows=20000 loops=5)
                                             ->  Hash  (cost=1.25..1.25 rows=25 width=30) (actual time=0.047..0.047 rows=25 loops=5)
                                                   Buckets: 1024  Batches: 1  Memory Usage: 10kB
                                                   ->  Seq Scan on nation  (cost=0.00..1.25 rows=25 width=30) (actual time=0.039..0.042 rows=25 loops=5)
                           ->  Index Scan using idx_lineitem_part_supp on lineitem  (cost=0.44..3.43 rows=1 width=29) (actual time=0.276..1.204 rows=7 loops=17183)
                                 Index Cond: ((l_partkey = partsupp.ps_partkey) AND (l_suppkey = partsupp.ps_suppkey))
                     ->  Index Scan using orders_pkey on orders  (cost=0.43..3.42 rows=1 width=8) (actual time=0.152..0.152 rows=1 loops=128453)
                           Index Cond: (o_orderkey = lineitem.l_orderkey)
 Planning Time: 34.039 ms
 Execution Time: 42906.503 ms
(43 rows)

SET
SET
SET
                                                                                            QUERY PLAN                                                                                            
--------------------------------------------------------------------------------------------------------------------------------------------------------------------------------------------------
 Limit  (cost=715593.81..715808.86 rows=1 width=90) (actual time=2108.899..2125.134 rows=1 loops=1)
   ->  GroupAggregate  (cost=715593.81..13650963.08 rows=60150 width=90) (actual time=2108.897..2125.132 rows=1 loops=1)
         Group Key: nation.n_name, (EXTRACT(year FROM orders.o_orderdate))
         ->  Incremental Sort  (cost=715593.81..13592018.40 rows=3316710 width=81) (actual time=2099.955..2117.063 rows=11401 loops=1)
               Sort Key: nation.n_name, (EXTRACT(year FROM orders.o_orderdate)) DESC
               Presorted Key: nation.n_name
               Full-sort Groups: 1  Sort Method: quicksort  Average Memory: 30kB  Peak Memory: 30kB
               Pre-sorted Groups: 1  Sort Method: quicksort  Average Memory: 13853kB  Peak Memory: 13853kB
               ->  Nested Loop  (cost=180803.59..13268349.04 rows=3316710 width=81) (actual time=536.977..2031.037 rows=128453 loops=1)
                     ->  Nested Loop  (cost=180803.16..1908235.14 rows=3316710 width=53) (actual time=536.957..1152.602 rows=128453 loops=1)
                           Join Filter: (supplier.s_suppkey = lineitem.l_suppkey)
                           ->  Gather Merge  (cost=180802.72..238853.54 rows=484829 width=48) (actual time=536.904..562.047 rows=17183 loops=1)
                                 Workers Planned: 4
                                 Workers Launched: 4
                                 ->  Sort  (cost=179802.66..180105.68 rows=121207 width=48) (actual time=521.910..522.407 rows=4026 loops=5)
                                       Sort Key: nation.n_name
                                       Sort Method: quicksort  Memory: 8745kB
                                       Worker 0:  Sort Method: quicksort  Memory: 9981kB
                                       Worker 1:  Sort Method: quicksort  Memory: 10183kB
                                       Worker 2:  Sort Method: quicksort  Memory: 10838kB
                                       Worker 3:  Sort Method: quicksort  Memory: 9462kB
                                       ->  Hash Join  (cost=3546.53..169568.48 rows=121207 width=48) (actual time=14.792..453.350 rows=86650 loops=5)
                                             Hash Cond: (supplier.s_nationkey = nation.n_nationkey)
                                             ->  Parallel Hash Join  (cost=3544.97..169194.81 rows=121207 width=26) (actual time=14.698..434.797 rows=86650 loops=5)
                                                   Hash Cond: (partsupp.ps_suppkey = supplier.s_suppkey)
                                                   ->  Nested Loop  (cost=0.43..165332.10 rows=121207 width=18) (actual time=0.079..373.787 rows=86650 loops=5)
                                                         ->  Parallel Seq Scan on part  (cost=0.00..47231.14 rows=30304 width=4) (actual time=0.040..149.787 rows=21662 loops=5)
                                                               Filter: ((p_name)::text ~~ '%navy%'::text)
                                                               Rows Removed by Filter: 378338
                                                         ->  Index Scan using idx_partsupp_partkey on partsupp  (cost=0.43..3.72 rows=18 width=14) (actual time=0.008..0.009 rows=4 loops=108312)
                                                               Index Cond: (ps_partkey = part.p_partkey)
                                                   ->  Parallel Hash  (cost=2809.24..2809.24 rows=58824 width=8) (actual time=13.603..13.604 rows=20000 loops=5)
                                                         Buckets: 131072  Batches: 1  Memory Usage: 4960kB
                                                         ->  Parallel Seq Scan on supplier  (cost=0.00..2809.24 rows=58824 width=8) (actual time=0.029..5.569 rows=20000 loops=5)
                                             ->  Hash  (cost=1.25..1.25 rows=25 width=30) (actual time=0.018..0.018 rows=25 loops=5)
                                                   Buckets: 1024  Batches: 1  Memory Usage: 10kB
                                                   ->  Seq Scan on nation  (cost=0.00..1.25 rows=25 width=30) (actual time=0.010..0.012 rows=25 loops=5)
                           ->  Index Scan using idx_lineitem_part_supp on lineitem  (cost=0.44..3.43 rows=1 width=29) (actual time=0.009..0.032 rows=7 loops=17183)
                                 Index Cond: ((l_partkey = partsupp.ps_partkey) AND (l_suppkey = partsupp.ps_suppkey))
                     ->  Index Scan using orders_pkey on orders  (cost=0.43..3.42 rows=1 width=8) (actual time=0.006..0.006 rows=1 loops=128453)
                           Index Cond: (o_orderkey = lineitem.l_orderkey)
 Planning Time: 6.816 ms
 Execution Time: 2125.255 ms
(43 rows)

query 10 run 1
SET
SET
SET
                                                                                         QUERY PLAN                                                                                         
--------------------------------------------------------------------------------------------------------------------------------------------------------------------------------------------
 Limit  (cost=949777.92..949777.97 rows=20 width=202) (actual time=20914.272..20990.400 rows=20 loops=1)
   ->  Sort  (cost=949777.92..951209.84 rows=572771 width=202) (actual time=20914.271..20990.397 rows=20 loops=1)
         Sort Key: (sum((lineitem.l_extendedprice * ('1'::numeric - lineitem.l_discount)))) DESC
         Sort Method: top-N heapsort  Memory: 33kB
         ->  GroupAggregate  (cost=851636.88..934536.68 rows=572771 width=202) (actual time=19835.316..20867.390 rows=381205 loops=1)
               Group Key: customer.c_custkey, nation.n_name
               ->  Gather Merge  (cost=851636.88..920217.41 rows=572771 width=182) (actual time=19835.297..20158.843 rows=1145402 loops=1)
                     Workers Planned: 4
                     Workers Launched: 4
                     ->  Sort  (cost=850636.82..850994.80 rows=143193 width=182) (actual time=19811.915..19840.618 rows=229080 loops=5)
                           Sort Key: customer.c_custkey, nation.n_name
                           Sort Method: external merge  Disk: 43600kB
                           Worker 0:  Sort Method: external merge  Disk: 43400kB
                           Worker 1:  Sort Method: external merge  Disk: 43944kB
                           Worker 2:  Sort Method: external merge  Disk: 43984kB
                           Worker 3:  Sort Method: external merge  Disk: 43592kB
                           ->  Hash Join  (cost=51046.77..838374.06 rows=143193 width=182) (actual time=583.530..19583.617 rows=229080 loops=5)
                                 Hash Cond: (customer.c_nationkey = nation.n_nationkey)
                                 ->  Parallel Hash Join  (cost=51045.20..837932.89 rows=143193 width=160) (actual time=583.383..19503.345 rows=229080 loops=5)
                                       Hash Cond: (orders.o_custkey = customer.c_custkey)
                                       ->  Nested Loop  (cost=6661.83..793173.63 rows=143193 width=16) (actual time=128.111..18858.933 rows=229080 loops=5)
                                             ->  Parallel Bitmap Heap Scan on orders  (cost=6661.26..270095.05 rows=144386 width=8) (actual time=125.938..2425.669 rows=114632 loops=5)
                                                   Recheck Cond: ((o_orderdate >= '1994-08-01'::date) AND (o_orderdate < '1994-11-01'::date))
                                                   Heap Blocks: exact=46673
                                                   ->  Bitmap Index Scan on idx_orders_orderdate  (cost=0.00..6516.88 rows=577544 width=0) (actual time=75.013..75.013 rows=573160 loops=1)
                                                         Index Cond: ((o_orderdate >= '1994-08-01'::date) AND (o_orderdate < '1994-11-01'::date))
                                             ->  Index Scan using idx_lineitem_orderkey on lineitem  (cost=0.56..3.61 rows=1 width=16) (actual time=0.137..0.142 rows=2 loops=573160)
                                                   Index Cond: (l_orderkey = orders.o_orderkey)
                                                   Filter: (l_returnflag = 'R'::bpchar)
                                                   Rows Removed by Filter: 2
                                       ->  Parallel Hash  (cost=39696.50..39696.50 rows=374950 width=148) (actual time=453.100..453.101 rows=300000 loops=5)
                                             Buckets: 2097152  Batches: 1  Memory Usage: 288448kB
                                             ->  Parallel Seq Scan on customer  (cost=0.00..39696.50 rows=374950 width=148) (actual time=0.887..180.476 rows=300000 loops=5)
                                 ->  Hash  (cost=1.25..1.25 rows=25 width=30) (actual time=0.057..0.057 rows=25 loops=5)
                                       Buckets: 1024  Batches: 1  Memory Usage: 10kB
                                       ->  Seq Scan on nation  (cost=0.00..1.25 rows=25 width=30) (actual time=0.048..0.051 rows=25 loops=5)
 Planning Time: 23.336 ms
 Execution Time: 20996.647 ms
(38 rows)

SET
SET
SET
                                                                                         QUERY PLAN                                                                                         
--------------------------------------------------------------------------------------------------------------------------------------------------------------------------------------------
 Limit  (cost=949777.92..949777.97 rows=20 width=202) (actual time=3903.044..3979.653 rows=20 loops=1)
   ->  Sort  (cost=949777.92..951209.84 rows=572771 width=202) (actual time=3903.043..3979.650 rows=20 loops=1)
         Sort Key: (sum((lineitem.l_extendedprice * ('1'::numeric - lineitem.l_discount)))) DESC
         Sort Method: top-N heapsort  Memory: 33kB
         ->  GroupAggregate  (cost=851636.88..934536.68 rows=572771 width=202) (actual time=2829.102..3856.230 rows=381205 loops=1)
               Group Key: customer.c_custkey, nation.n_name
               ->  Gather Merge  (cost=851636.88..920217.41 rows=572771 width=182) (actual time=2829.083..3146.858 rows=1145402 loops=1)
                     Workers Planned: 4
                     Workers Launched: 4
                     ->  Sort  (cost=850636.82..850994.80 rows=143193 width=182) (actual time=2808.227..2837.432 rows=229080 loops=5)
                           Sort Key: customer.c_custkey, nation.n_name
                           Sort Method: external merge  Disk: 44456kB
                           Worker 0:  Sort Method: external merge  Disk: 41064kB
                           Worker 1:  Sort Method: external merge  Disk: 45776kB
                           Worker 2:  Sort Method: external merge  Disk: 45408kB
                           Worker 3:  Sort Method: external merge  Disk: 41824kB
                           ->  Hash Join  (cost=51046.77..838374.06 rows=143193 width=182) (actual time=492.710..2605.462 rows=229080 loops=5)
                                 Hash Cond: (customer.c_nationkey = nation.n_nationkey)
                                 ->  Parallel Hash Join  (cost=51045.20..837932.89 rows=143193 width=160) (actual time=492.566..2548.156 rows=229080 loops=5)
                                       Hash Cond: (orders.o_custkey = customer.c_custkey)
                                       ->  Nested Loop  (cost=6661.83..793173.63 rows=143193 width=16) (actual time=119.453..2033.002 rows=229080 loops=5)
                                             ->  Parallel Bitmap Heap Scan on orders  (cost=6661.26..270095.05 rows=144386 width=8) (actual time=119.272..457.151 rows=114632 loops=5)
                                                   Recheck Cond: ((o_orderdate >= '1994-08-01'::date) AND (o_orderdate < '1994-11-01'::date))
                                                   Heap Blocks: exact=47379
                                                   ->  Bitmap Index Scan on idx_orders_orderdate  (cost=0.00..6516.88 rows=577544 width=0) (actual time=69.086..69.087 rows=573160 loops=1)
                                                         Index Cond: ((o_orderdate >= '1994-08-01'::date) AND (o_orderdate < '1994-11-01'::date))
                                             ->  Index Scan using idx_lineitem_orderkey on lineitem  (cost=0.56..3.61 rows=1 width=16) (actual time=0.012..0.013 rows=2 loops=573160)
                                                   Index Cond: (l_orderkey = orders.o_orderkey)
                                                   Filter: (l_returnflag = 'R'::bpchar)
                                                   Rows Removed by Filter: 2
                                       ->  Parallel Hash  (cost=39696.50..39696.50 rows=374950 width=148) (actual time=371.153..371.154 rows=300000 loops=5)
                                             Buckets: 2097152  Batches: 1  Memory Usage: 288416kB
                                             ->  Parallel Seq Scan on customer  (cost=0.00..39696.50 rows=374950 width=148) (actual time=0.032..86.307 rows=300000 loops=5)
                                 ->  Hash  (cost=1.25..1.25 rows=25 width=30) (actual time=0.031..0.032 rows=25 loops=5)
                                       Buckets: 1024  Batches: 1  Memory Usage: 10kB
                                       ->  Seq Scan on nation  (cost=0.00..1.25 rows=25 width=30) (actual time=0.022..0.025 rows=25 loops=5)
 Planning Time: 2.535 ms
 Execution Time: 3985.801 ms
(38 rows)

query 11 run 1
SET
SET
SET
                                                                                         QUERY PLAN                                                                                          
---------------------------------------------------------------------------------------------------------------------------------------------------------------------------------------------
 Limit  (cost=442874.14..442874.14 rows=1 width=36) (actual time=3923.796..3938.726 rows=0 loops=1)
   InitPlan 1 (returns $3)
     ->  Finalize Aggregate  (cost=195540.02..195540.03 rows=1 width=32) (actual time=151.891..151.977 rows=1 loops=1)
           ->  Gather  (cost=195539.80..195540.01 rows=2 width=32) (actual time=151.005..151.966 rows=3 loops=1)
                 Workers Planned: 2
                 Workers Launched: 2
                 ->  Partial Aggregate  (cost=194539.80..194539.81 rows=1 width=32) (actual time=148.694..148.696 rows=1 loops=3)
                       ->  Nested Loop  (cost=0.87..193539.84 rows=133328 width=10) (actual time=0.125..120.475 rows=106933 loops=3)
                             ->  Nested Loop  (cost=0.44..4617.72 rows=1667 width=4) (actual time=0.113..16.567 rows=1337 loops=3)
                                   ->  Parallel Index Scan using supplier_pkey on supplier supplier_1  (cost=0.29..3552.46 rows=41667 width=8) (actual time=0.050..6.513 rows=33333 loops=3)
                                   ->  Memoize  (cost=0.15..0.92 rows=1 width=4) (actual time=0.000..0.000 rows=0 loops=100000)
                                         Cache Key: supplier_1.s_nationkey
                                         Cache Mode: logical
                                         Hits: 39585  Misses: 25  Evictions: 0  Overflows: 0  Memory Usage: 2kB
                                         Worker 0:  Hits: 29621  Misses: 25  Evictions: 0  Overflows: 0  Memory Usage: 2kB
                                         Worker 1:  Hits: 30719  Misses: 25  Evictions: 0  Overflows: 0  Memory Usage: 2kB
                                         ->  Index Scan using nation_pkey on nation nation_1  (cost=0.14..0.91 rows=1 width=4) (actual time=0.002..0.002 rows=0 loops=75)
                                               Index Cond: (n_nationkey = supplier_1.s_nationkey)
                                               Filter: (n_name = 'SAUDI ARABIA'::bpchar)
                                               Rows Removed by Filter: 1
                             ->  Index Scan using idx_partsupp_suppkey on partsupp partsupp_1  (cost=0.43..112.53 rows=80 width=14) (actual time=0.003..0.068 rows=80 loops=4010)
                                   Index Cond: (ps_suppkey = supplier_1.s_suppkey)
   ->  Sort  (cost=247334.11..247600.76 rows=106662 width=36) (actual time=3923.795..3938.639 rows=0 loops=1)
         Sort Key: (sum((partsupp.ps_supplycost * (partsupp.ps_availqty)::numeric))) DESC
         Sort Method: quicksort  Memory: 25kB
         ->  Finalize GroupAggregate  (cost=205889.15..246800.80 rows=106662 width=36) (actual time=3923.787..3938.631 rows=0 loops=1)
               Group Key: partsupp.ps_partkey
               Filter: (sum((partsupp.ps_supplycost * (partsupp.ps_availqty)::numeric)) > $3)
               Rows Removed by Filter: 301833
               ->  Gather Merge  (cost=205889.15..240001.07 rows=266656 width=36) (actual time=3432.589..3590.968 rows=314352 loops=1)
                     Workers Planned: 2
                     Workers Launched: 2
                     ->  Partial GroupAggregate  (cost=204889.13..208222.33 rows=133328 width=36) (actual time=3424.353..3521.439 rows=104784 loops=3)
                           Group Key: partsupp.ps_partkey
                           ->  Sort  (cost=204889.13..205222.45 rows=133328 width=14) (actual time=3424.342..3432.353 rows=106933 loops=3)
                                 Sort Key: partsupp.ps_partkey
                                 Sort Method: quicksort  Memory: 7344kB
                                 Worker 0:  Sort Method: quicksort  Memory: 7376kB
                                 Worker 1:  Sort Method: quicksort  Memory: 7029kB
                                 ->  Nested Loop  (cost=0.87..193539.84 rows=133328 width=14) (actual time=0.668..3388.922 rows=106933 loops=3)
                                       ->  Nested Loop  (cost=0.44..4617.72 rows=1667 width=4) (actual time=0.362..26.200 rows=1337 loops=3)
                                             ->  Parallel Index Scan using supplier_pkey on supplier  (cost=0.29..3552.46 rows=41667 width=8) (actual time=0.235..13.371 rows=33333 loops=3)
                                             ->  Memoize  (cost=0.15..0.92 rows=1 width=4) (actual time=0.000..0.000 rows=0 loops=100000)
                                                   Cache Key: supplier.s_nationkey
                                                   Cache Mode: logical
                                                   Hits: 33363  Misses: 25  Evictions: 0  Overflows: 0  Memory Usage: 2kB
                                                   Worker 0:  Hits: 33281  Misses: 25  Evictions: 0  Overflows: 0  Memory Usage: 2kB
                                                   Worker 1:  Hits: 33281  Misses: 25  Evictions: 0  Overflows: 0  Memory Usage: 2kB
                                                   ->  Index Scan using nation_pkey on nation  (cost=0.14..0.91 rows=1 width=4) (actual time=0.004..0.004 rows=0 loops=75)
                                                         Index Cond: (n_nationkey = supplier.s_nationkey)
                                                         Filter: (n_name = 'SAUDI ARABIA'::bpchar)
                                                         Rows Removed by Filter: 1
                                       ->  Index Scan using idx_partsupp_suppkey on partsupp  (cost=0.43..112.53 rows=80 width=18) (actual time=0.074..2.498 rows=80 loops=4010)
                                             Index Cond: (ps_suppkey = supplier.s_suppkey)
 Planning Time: 15.686 ms
 Execution Time: 3939.175 ms
(56 rows)

SET
SET
SET
                                                                                         QUERY PLAN                                                                                          
---------------------------------------------------------------------------------------------------------------------------------------------------------------------------------------------
 Limit  (cost=442874.14..442874.14 rows=1 width=36) (actual time=641.869..657.842 rows=0 loops=1)
   InitPlan 1 (returns $3)
     ->  Finalize Aggregate  (cost=195540.02..195540.03 rows=1 width=32) (actual time=146.145..146.235 rows=1 loops=1)
           ->  Gather  (cost=195539.80..195540.01 rows=2 width=32) (actual time=145.894..146.222 rows=3 loops=1)
                 Workers Planned: 2
                 Workers Launched: 2
                 ->  Partial Aggregate  (cost=194539.80..194539.81 rows=1 width=32) (actual time=143.476..143.478 rows=1 loops=3)
                       ->  Nested Loop  (cost=0.87..193539.84 rows=133328 width=10) (actual time=0.117..115.472 rows=106933 loops=3)
                             ->  Nested Loop  (cost=0.44..4617.72 rows=1667 width=4) (actual time=0.103..16.387 rows=1337 loops=3)
                                   ->  Parallel Index Scan using supplier_pkey on supplier supplier_1  (cost=0.29..3552.46 rows=41667 width=8) (actual time=0.034..6.402 rows=33333 loops=3)
                                   ->  Memoize  (cost=0.15..0.92 rows=1 width=4) (actual time=0.000..0.000 rows=0 loops=100000)
                                         Cache Key: supplier_1.s_nationkey
                                         Cache Mode: logical
                                         Hits: 42797  Misses: 25  Evictions: 0  Overflows: 0  Memory Usage: 2kB
                                         Worker 0:  Hits: 28239  Misses: 25  Evictions: 0  Overflows: 0  Memory Usage: 2kB
                                         Worker 1:  Hits: 28889  Misses: 25  Evictions: 0  Overflows: 0  Memory Usage: 2kB
                                         ->  Index Scan using nation_pkey on nation nation_1  (cost=0.14..0.91 rows=1 width=4) (actual time=0.002..0.002 rows=0 loops=75)
                                               Index Cond: (n_nationkey = supplier_1.s_nationkey)
                                               Filter: (n_name = 'SAUDI ARABIA'::bpchar)
                                               Rows Removed by Filter: 1
                             ->  Index Scan using idx_partsupp_suppkey on partsupp partsupp_1  (cost=0.43..112.53 rows=80 width=14) (actual time=0.003..0.065 rows=80 loops=4010)
                                   Index Cond: (ps_suppkey = supplier_1.s_suppkey)
   ->  Sort  (cost=247334.11..247600.76 rows=106662 width=36) (actual time=641.868..657.751 rows=0 loops=1)
         Sort Key: (sum((partsupp.ps_supplycost * (partsupp.ps_availqty)::numeric))) DESC
         Sort Method: quicksort  Memory: 25kB
         ->  Finalize GroupAggregate  (cost=205889.15..246800.80 rows=106662 width=36) (actual time=641.861..657.743 rows=0 loops=1)
               Group Key: partsupp.ps_partkey
               Filter: (sum((partsupp.ps_supplycost * (partsupp.ps_availqty)::numeric)) > $3)
               Rows Removed by Filter: 301833
               ->  Gather Merge  (cost=205889.15..240001.07 rows=266656 width=36) (actual time=157.752..317.905 rows=313940 loops=1)
                     Workers Planned: 2
                     Workers Launched: 2
                     ->  Partial GroupAggregate  (cost=204889.13..208222.33 rows=133328 width=36) (actual time=154.546..252.037 rows=104647 loops=3)
                           Group Key: partsupp.ps_partkey
                           ->  Sort  (cost=204889.13..205222.45 rows=133328 width=14) (actual time=154.532..162.803 rows=106933 loops=3)
                                 Sort Key: partsupp.ps_partkey
                                 Sort Method: quicksort  Memory: 7319kB
                                 Worker 0:  Sort Method: quicksort  Memory: 7157kB
                                 Worker 1:  Sort Method: quicksort  Memory: 7273kB
                                 ->  Nested Loop  (cost=0.87..193539.84 rows=133328 width=14) (actual time=0.104..131.327 rows=106933 loops=3)
                                       ->  Nested Loop  (cost=0.44..4617.72 rows=1667 width=4) (actual time=0.090..17.119 rows=1337 loops=3)
                                             ->  Parallel Index Scan using supplier_pkey on supplier  (cost=0.29..3552.46 rows=41667 width=8) (actual time=0.032..6.793 rows=33333 loops=3)
                                             ->  Memoize  (cost=0.15..0.92 rows=1 width=4) (actual time=0.000..0.000 rows=0 loops=100000)
                                                   Cache Key: supplier.s_nationkey
                                                   Cache Mode: logical
                                                   Hits: 33647  Misses: 25  Evictions: 0  Overflows: 0  Memory Usage: 2kB
                                                   Worker 0:  Hits: 33647  Misses: 25  Evictions: 0  Overflows: 0  Memory Usage: 2kB
                                                   Worker 1:  Hits: 32631  Misses: 25  Evictions: 0  Overflows: 0  Memory Usage: 2kB
                                                   ->  Index Scan using nation_pkey on nation  (cost=0.14..0.91 rows=1 width=4) (actual time=0.001..0.001 rows=0 loops=75)
                                                         Index Cond: (n_nationkey = supplier.s_nationkey)
                                                         Filter: (n_name = 'SAUDI ARABIA'::bpchar)
                                                         Rows Removed by Filter: 1
                                       ->  Index Scan using idx_partsupp_suppkey on partsupp  (cost=0.43..112.53 rows=80 width=18) (actual time=0.004..0.076 rows=80 loops=4010)
                                             Index Cond: (ps_suppkey = supplier.s_suppkey)
 Planning Time: 1.026 ms
 Execution Time: 657.933 ms
(56 rows)

query 12 run 1
SET
SET
SET
                                                                                                                    QUERY PLAN                                                                                                                     
---------------------------------------------------------------------------------------------------------------------------------------------------------------------------------------------------------------------------------------------------
 Limit  (cost=1469299.48..1613341.94 rows=1 width=27) (actual time=13601.652..13604.600 rows=1 loops=1)
   ->  GroupAggregate  (cost=1469299.48..2477596.68 rows=7 width=27) (actual time=13601.651..13604.598 rows=1 loops=1)
         Group Key: lineitem.l_shipmode
         ->  Nested Loop  (cost=1469299.48..2472633.64 rows=283598 width=27) (actual time=7229.417..13510.591 rows=155572 loops=1)
               ->  Gather Merge  (cost=1469299.04..1503255.55 rows=283598 width=15) (actual time=7228.753..7299.898 rows=155572 loops=1)
                     Workers Planned: 4
                     Workers Launched: 4
                     ->  Sort  (cost=1468298.99..1468476.24 rows=70900 width=15) (actual time=7217.579..7220.138 rows=32257 loops=5)
                           Sort Key: lineitem.l_shipmode
                           Sort Method: quicksort  Memory: 3976kB
                           Worker 0:  Sort Method: quicksort  Memory: 3963kB
                           Worker 1:  Sort Method: quicksort  Memory: 3966kB
                           Worker 2:  Sort Method: quicksort  Memory: 3941kB
                           Worker 3:  Sort Method: quicksort  Memory: 3995kB
                           ->  Parallel Seq Scan on lineitem  (cost=0.00..1462586.75 rows=70900 width=15) (actual time=2.569..7201.728 rows=62252 loops=5)
                                 Filter: ((l_shipmode = ANY ('{SHIP,"REG AIR"}'::bpchar[])) AND (l_commitdate < l_receiptdate) AND (l_shipdate < l_commitdate) AND (l_receiptdate >= '1994-01-01'::date) AND (l_receiptdate < '1995-01-01'::date))
                                 Rows Removed by Filter: 11934959
               ->  Index Scan using orders_pkey on orders  (cost=0.43..3.42 rows=1 width=20) (actual time=0.039..0.039 rows=1 loops=155572)
                     Index Cond: (o_orderkey = lineitem.l_orderkey)
 Planning Time: 18.715 ms
 Execution Time: 13605.230 ms
(21 rows)

SET
SET
SET
                                                                                                                    QUERY PLAN                                                                                                                     
---------------------------------------------------------------------------------------------------------------------------------------------------------------------------------------------------------------------------------------------------
 Limit  (cost=1469299.48..1613341.94 rows=1 width=27) (actual time=4107.095..4108.521 rows=1 loops=1)
   ->  GroupAggregate  (cost=1469299.48..2477596.68 rows=7 width=27) (actual time=4107.094..4108.519 rows=1 loops=1)
         Group Key: lineitem.l_shipmode
         ->  Nested Loop  (cost=1469299.48..2472633.64 rows=283598 width=27) (actual time=3652.696..4063.612 rows=155572 loops=1)
               ->  Gather Merge  (cost=1469299.04..1503255.55 rows=283598 width=15) (actual time=3652.662..3687.696 rows=155572 loops=1)
                     Workers Planned: 4
                     Workers Launched: 4
                     ->  Sort  (cost=1468298.99..1468476.24 rows=70900 width=15) (actual time=3644.922..3646.967 rows=32196 loops=5)
                           Sort Key: lineitem.l_shipmode
                           Sort Method: quicksort  Memory: 5682kB
                           Worker 0:  Sort Method: quicksort  Memory: 3808kB
                           Worker 1:  Sort Method: quicksort  Memory: 3894kB
                           Worker 2:  Sort Method: quicksort  Memory: 4092kB
                           Worker 3:  Sort Method: quicksort  Memory: 3901kB
                           ->  Parallel Seq Scan on lineitem  (cost=0.00..1462586.75 rows=70900 width=15) (actual time=0.103..3630.422 rows=62252 loops=5)
                                 Filter: ((l_shipmode = ANY ('{SHIP,"REG AIR"}'::bpchar[])) AND (l_commitdate < l_receiptdate) AND (l_shipdate < l_commitdate) AND (l_receiptdate >= '1994-01-01'::date) AND (l_receiptdate < '1995-01-01'::date))
                                 Rows Removed by Filter: 11934959
               ->  Index Scan using orders_pkey on orders  (cost=0.43..3.42 rows=1 width=20) (actual time=0.002..0.002 rows=1 loops=155572)
                     Index Cond: (o_orderkey = lineitem.l_orderkey)
 Planning Time: 0.919 ms
 Execution Time: 4108.583 ms
(21 rows)

query 13 run 1
SET
SET
SET
                                                                                    QUERY PLAN                                                                                     
-----------------------------------------------------------------------------------------------------------------------------------------------------------------------------------
 Limit  (cost=1345047.70..1345047.70 rows=1 width=16) (actual time=17255.602..17255.605 rows=1 loops=1)
   ->  Sort  (cost=1345047.70..1345048.20 rows=200 width=16) (actual time=17255.600..17255.603 rows=1 loops=1)
         Sort Key: (count(*)) DESC, (count(orders.o_orderkey)) DESC
         Sort Method: top-N heapsort  Memory: 25kB
         ->  HashAggregate  (cost=1345044.70..1345046.70 rows=200 width=16) (actual time=17255.573..17255.582 rows=46 loops=1)
               Group Key: count(orders.o_orderkey)
               Batches: 1  Memory Usage: 40kB
               ->  HashAggregate  (cost=1193901.92..1322547.68 rows=1499801 width=12) (actual time=15105.166..17084.125 rows=1500000 loops=1)
                     Group Key: customer.c_custkey
                     Planned Partitions: 4  Batches: 5  Memory Usage: 65585kB  Disk Usage: 212480kB
                     ->  Hash Right Join  (cost=53277.96..659757.50 rows=14546912 width=8) (actual time=364.358..11125.958 rows=15337604 loops=1)
                           Hash Cond: (orders.o_custkey = customer.c_custkey)
                           ->  Seq Scan on orders  (cost=0.00..448786.79 rows=14546912 width=8) (actual time=0.605..5262.311 rows=14837583 loops=1)
                                 Filter: ((o_comment)::text !~~ '%special%requests%'::text)
                                 Rows Removed by Filter: 162417
                           ->  Hash  (cost=28671.44..28671.44 rows=1499801 width=4) (actual time=361.146..361.146 rows=1500000 loops=1)
                                 Buckets: 2097152  Batches: 2  Memory Usage: 42747kB
                                 ->  Index Only Scan using customer_pkey on customer  (cost=0.43..28671.44 rows=1499801 width=4) (actual time=0.020..160.064 rows=1500000 loops=1)
                                       Heap Fetches: 0
 Planning Time: 19.317 ms
 Execution Time: 17288.261 ms
(21 rows)

SET
SET
SET
                                                                                    QUERY PLAN                                                                                     
-----------------------------------------------------------------------------------------------------------------------------------------------------------------------------------
 Limit  (cost=1345047.70..1345047.70 rows=1 width=16) (actual time=16626.929..16626.932 rows=1 loops=1)
   ->  Sort  (cost=1345047.70..1345048.20 rows=200 width=16) (actual time=16626.928..16626.930 rows=1 loops=1)
         Sort Key: (count(*)) DESC, (count(orders.o_orderkey)) DESC
         Sort Method: top-N heapsort  Memory: 25kB
         ->  HashAggregate  (cost=1345044.70..1345046.70 rows=200 width=16) (actual time=16626.902..16626.910 rows=46 loops=1)
               Group Key: count(orders.o_orderkey)
               Batches: 1  Memory Usage: 40kB
               ->  HashAggregate  (cost=1193901.92..1322547.68 rows=1499801 width=12) (actual time=14450.440..16454.860 rows=1500000 loops=1)
                     Group Key: customer.c_custkey
                     Planned Partitions: 4  Batches: 5  Memory Usage: 65585kB  Disk Usage: 212480kB
                     ->  Hash Right Join  (cost=53277.96..659757.50 rows=14546912 width=8) (actual time=331.412..10556.498 rows=15337604 loops=1)
                           Hash Cond: (orders.o_custkey = customer.c_custkey)
                           ->  Seq Scan on orders  (cost=0.00..448786.79 rows=14546912 width=8) (actual time=0.031..4779.058 rows=14837583 loops=1)
                                 Filter: ((o_comment)::text !~~ '%special%requests%'::text)
                                 Rows Removed by Filter: 162417
                           ->  Hash  (cost=28671.44..28671.44 rows=1499801 width=4) (actual time=328.798..328.799 rows=1500000 loops=1)
                                 Buckets: 2097152  Batches: 2  Memory Usage: 42747kB
                                 ->  Index Only Scan using customer_pkey on customer  (cost=0.43..28671.44 rows=1499801 width=4) (actual time=0.020..128.914 rows=1500000 loops=1)
                                       Heap Fetches: 0
 Planning Time: 0.734 ms
 Execution Time: 16660.566 ms
(21 rows)

query 14 run 1
SET
SET
SET
                                                                                  QUERY PLAN                                                                                  
------------------------------------------------------------------------------------------------------------------------------------------------------------------------------
 Limit  (cost=844771.94..844771.95 rows=1 width=32) (actual time=5364.661..5398.127 rows=1 loops=1)
   ->  Finalize Aggregate  (cost=844771.94..844771.95 rows=1 width=32) (actual time=5364.659..5398.125 rows=1 loops=1)
         ->  Gather  (cost=844771.48..844771.89 rows=4 width=64) (actual time=5353.372..5398.099 rows=5 loops=1)
               Workers Planned: 4
               Workers Launched: 4
               ->  Partial Aggregate  (cost=843771.48..843771.49 rows=1 width=64) (actual time=5344.939..5344.942 rows=1 loops=5)
                     ->  Parallel Hash Join  (cost=64490.46..840720.11 rows=174364 width=33) (actual time=663.357..5187.549 rows=154588 loops=5)
                           Hash Cond: (lineitem.l_partkey = part.p_partkey)
                           ->  Parallel Bitmap Heap Scan on lineitem  (cost=12259.19..787987.11 rows=191137 width=16) (actual time=290.398..4642.134 rows=154588 loops=5)
                                 Recheck Cond: ((l_shipdate >= '1994-05-01'::date) AND (l_shipdate < '1994-06-01'::date))
                                 Heap Blocks: exact=81729
                                 ->  Bitmap Index Scan on idx_lineitem_shipdate  (cost=0.00..12068.06 rows=764549 width=0) (actual time=190.909..190.909 rows=772942 loops=1)
                                       Index Cond: ((l_shipdate >= '1994-05-01'::date) AND (l_shipdate < '1994-06-01'::date))
                           ->  Parallel Hash  (cost=45981.11..45981.11 rows=500012 width=25) (actual time=370.836..370.836 rows=400000 loops=5)
                                 Buckets: 2097152  Batches: 1  Memory Usage: 137344kB
                                 ->  Parallel Seq Scan on part  (cost=0.00..45981.11 rows=500012 width=25) (actual time=0.436..213.648 rows=400000 loops=5)
 Planning Time: 17.983 ms
 Execution Time: 5398.523 ms
(18 rows)

SET
SET
SET
                                                                                  QUERY PLAN                                                                                  
------------------------------------------------------------------------------------------------------------------------------------------------------------------------------
 Limit  (cost=844771.94..844771.95 rows=1 width=32) (actual time=1657.762..1692.832 rows=1 loops=1)
   ->  Finalize Aggregate  (cost=844771.94..844771.95 rows=1 width=32) (actual time=1657.760..1692.829 rows=1 loops=1)
         ->  Gather  (cost=844771.48..844771.89 rows=4 width=64) (actual time=1655.743..1692.813 rows=5 loops=1)
               Workers Planned: 4
               Workers Launched: 4
               ->  Partial Aggregate  (cost=843771.48..843771.49 rows=1 width=64) (actual time=1648.157..1648.159 rows=1 loops=5)
                     ->  Parallel Hash Join  (cost=64490.46..840720.11 rows=174364 width=33) (actual time=541.809..1537.846 rows=154588 loops=5)
                           Hash Cond: (lineitem.l_partkey = part.p_partkey)
                           ->  Parallel Bitmap Heap Scan on lineitem  (cost=12259.19..787987.11 rows=191137 width=16) (actual time=271.791..1122.675 rows=154588 loops=5)
                                 Recheck Cond: ((l_shipdate >= '1994-05-01'::date) AND (l_shipdate < '1994-06-01'::date))
                                 Heap Blocks: exact=79688
                                 ->  Bitmap Index Scan on idx_lineitem_shipdate  (cost=0.00..12068.06 rows=764549 width=0) (actual time=172.488..172.489 rows=772942 loops=1)
                                       Index Cond: ((l_shipdate >= '1994-05-01'::date) AND (l_shipdate < '1994-06-01'::date))
                           ->  Parallel Hash  (cost=45981.11..45981.11 rows=500012 width=25) (actual time=267.908..267.909 rows=400000 loops=5)
                                 Buckets: 2097152  Batches: 1  Memory Usage: 137312kB
                                 ->  Parallel Seq Scan on part  (cost=0.00..45981.11 rows=500012 width=25) (actual time=0.042..97.512 rows=400000 loops=5)
 Planning Time: 1.136 ms
 Execution Time: 1692.886 ms
(18 rows)

query 15 run 1
SET
SET
SET
CREATE VIEW
                                                                                       QUERY PLAN                                                                                       
----------------------------------------------------------------------------------------------------------------------------------------------------------------------------------------
 Limit  (cost=2742358.21..2742465.45 rows=1 width=104) (actual time=13204.325..13252.127 rows=1 loops=1)
   InitPlan 1 (returns $1)
     ->  Aggregate  (cost=1389408.97..1389408.98 rows=1 width=32) (actual time=2805.593..2815.500 rows=1 loops=1)
           ->  Finalize HashAggregate  (cost=1386959.34..1388184.15 rows=97985 width=36) (actual time=2762.199..2809.847 rows=100000 loops=1)
                 Group Key: lineitem_1.l_suppkey
                 Batches: 1  Memory Usage: 56337kB
                 ->  Gather  (cost=1343600.98..1384019.79 rows=391940 width=36) (actual time=2431.647..2514.777 rows=398613 loops=1)
                       Workers Planned: 4
                       Workers Launched: 3
                       ->  Partial HashAggregate  (cost=1342600.98..1343825.79 rows=97985 width=36) (actual time=2427.290..2476.254 rows=99653 loops=4)
                             Group Key: lineitem_1.l_suppkey
                             Batches: 1  Memory Usage: 39953kB
                             Worker 0:  Batches: 1  Memory Usage: 43025kB
                             Worker 1:  Batches: 1  Memory Usage: 39953kB
                             Worker 2:  Batches: 1  Memory Usage: 39953kB
                             ->  Parallel Bitmap Heap Scan on lineitem lineitem_1  (cost=37102.12..1336815.97 rows=578501 width=16) (actual time=438.909..1969.444 rows=566428 loops=4)
                                   Recheck Cond: ((l_shipdate >= '1996-01-01'::date) AND (l_shipdate < '1996-04-01'::date))
                                   Rows Removed by Index Recheck: 3305913
                                   Heap Blocks: exact=106066 lossy=70273
                                   ->  Bitmap Index Scan on idx_lineitem_shipdate  (cost=0.00..36523.62 rows=2314005 width=0) (actual time=348.659..348.659 rows=2265714 loops=1)
                                         Index Cond: ((l_shipdate >= '1996-01-01'::date) AND (l_shipdate < '1996-04-01'::date))
   ->  Nested Loop  (cost=1352949.23..1405496.86 rows=490 width=104) (actual time=13204.324..13242.217 rows=1 loops=1)
         ->  Finalize GroupAggregate  (cost=1352948.94..1404287.06 rows=490 width=36) (actual time=13203.611..13241.503 rows=1 loops=1)
               Group Key: lineitem.l_suppkey
               Filter: (sum((lineitem.l_extendedprice * ('1'::numeric - lineitem.l_discount))) = $1)
               Rows Removed by Filter: 69997
               ->  Gather Merge  (cost=1352948.94..1399877.73 rows=391940 width=36) (actual time=10188.747..10291.464 rows=346211 loops=1)
                     Workers Planned: 4
                     Workers Launched: 4
                     ->  Sort  (cost=1351948.88..1352193.84 rows=97985 width=36) (actual time=10158.728..10166.764 rows=69753 loops=5)
                           Sort Key: lineitem.l_suppkey
                           Sort Method: quicksort  Memory: 12340kB
                           Worker 0:  Sort Method: quicksort  Memory: 12351kB
                           Worker 1:  Sort Method: quicksort  Memory: 12350kB
                           Worker 2:  Sort Method: quicksort  Memory: 12347kB
                           Worker 3:  Sort Method: quicksort  Memory: 12347kB
                           ->  Partial HashAggregate  (cost=1342600.98..1343825.79 rows=97985 width=36) (actual time=10072.558..10133.885 rows=98930 loops=5)
                                 Group Key: lineitem.l_suppkey
                                 Batches: 1  Memory Usage: 39953kB
                                 Worker 0:  Batches: 1  Memory Usage: 39953kB
                                 Worker 1:  Batches: 1  Memory Usage: 39953kB
                                 Worker 2:  Batches: 1  Memory Usage: 39953kB
                                 Worker 3:  Batches: 1  Memory Usage: 39953kB
                                 ->  Parallel Bitmap Heap Scan on lineitem  (cost=37102.12..1336815.97 rows=578501 width=16) (actual time=479.015..9563.784 rows=453143 loops=5)
                                       Recheck Cond: ((l_shipdate >= '1996-01-01'::date) AND (l_shipdate < '1996-04-01'::date))
                                       Rows Removed by Index Recheck: 2644730
                                       Heap Blocks: exact=79216 lossy=52811
                                       ->  Bitmap Index Scan on idx_lineitem_shipdate  (cost=0.00..36523.62 rows=2314005 width=0) (actual time=393.144..393.144 rows=2265714 loops=1)
                                             Index Cond: ((l_shipdate >= '1996-01-01'::date) AND (l_shipdate < '1996-04-01'::date))
         ->  Index Scan using supplier_pkey on supplier  (cost=0.29..2.46 rows=1 width=72) (actual time=0.706..0.707 rows=1 loops=1)
               Index Cond: (s_suppkey = lineitem.l_suppkey)
 Planning Time: 15.343 ms
 Execution Time: 13254.433 ms
(53 rows)

DROP VIEW
SET
SET
SET
CREATE VIEW
                                                                                       QUERY PLAN                                                                                       
----------------------------------------------------------------------------------------------------------------------------------------------------------------------------------------
 Limit  (cost=2742358.21..2742465.45 rows=1 width=104) (actual time=5772.232..5820.075 rows=1 loops=1)
   InitPlan 1 (returns $1)
     ->  Aggregate  (cost=1389408.97..1389408.98 rows=1 width=32) (actual time=2818.556..2827.956 rows=1 loops=1)
           ->  Finalize HashAggregate  (cost=1386959.34..1388184.15 rows=97985 width=36) (actual time=2774.716..2822.325 rows=100000 loops=1)
                 Group Key: lineitem_1.l_suppkey
                 Batches: 1  Memory Usage: 57361kB
                 ->  Gather  (cost=1343600.98..1384019.79 rows=391940 width=36) (actual time=2441.322..2523.670 rows=398633 loops=1)
                       Workers Planned: 4
                       Workers Launched: 3
                       ->  Partial HashAggregate  (cost=1342600.98..1343825.79 rows=97985 width=36) (actual time=2437.467..2486.193 rows=99658 loops=4)
                             Group Key: lineitem_1.l_suppkey
                             Batches: 1  Memory Usage: 39953kB
                             Worker 0:  Batches: 1  Memory Usage: 43025kB
                             Worker 1:  Batches: 1  Memory Usage: 39953kB
                             Worker 2:  Batches: 1  Memory Usage: 39953kB
                             ->  Parallel Bitmap Heap Scan on lineitem lineitem_1  (cost=37102.12..1336815.97 rows=578501 width=16) (actual time=437.366..1977.687 rows=566428 loops=4)
                                   Recheck Cond: ((l_shipdate >= '1996-01-01'::date) AND (l_shipdate < '1996-04-01'::date))
                                   Rows Removed by Index Recheck: 3305913
                                   Heap Blocks: exact=106338 lossy=70675
                                   ->  Bitmap Index Scan on idx_lineitem_shipdate  (cost=0.00..36523.62 rows=2314005 width=0) (actual time=346.574..346.574 rows=2265714 loops=1)
                                         Index Cond: ((l_shipdate >= '1996-01-01'::date) AND (l_shipdate < '1996-04-01'::date))
   ->  Nested Loop  (cost=1352949.23..1405496.86 rows=490 width=104) (actual time=5772.230..5810.673 rows=1 loops=1)
         ->  Finalize GroupAggregate  (cost=1352948.94..1404287.06 rows=490 width=36) (actual time=5772.187..5810.629 rows=1 loops=1)
               Group Key: lineitem.l_suppkey
               Filter: (sum((lineitem.l_extendedprice * ('1'::numeric - lineitem.l_discount))) = $1)
               Rows Removed by Filter: 69997
               ->  Gather Merge  (cost=1352948.94..1399877.73 rows=391940 width=36) (actual time=2742.779..2845.170 rows=346337 loops=1)
                     Workers Planned: 4
                     Workers Launched: 4
                     ->  Sort  (cost=1351948.88..1352193.84 rows=97985 width=36) (actual time=2716.181..2724.148 rows=69742 loops=5)
                           Sort Key: lineitem.l_suppkey
                           Sort Method: quicksort  Memory: 12332kB
                           Worker 0:  Sort Method: quicksort  Memory: 12355kB
                           Worker 1:  Sort Method: quicksort  Memory: 12356kB
                           Worker 2:  Sort Method: quicksort  Memory: 12347kB
                           Worker 3:  Sort Method: quicksort  Memory: 12360kB
                           ->  Partial HashAggregate  (cost=1342600.98..1343825.79 rows=97985 width=36) (actual time=2629.342..2689.725 rows=98962 loops=5)
                                 Group Key: lineitem.l_suppkey
                                 Batches: 1  Memory Usage: 39953kB
                                 Worker 0:  Batches: 1  Memory Usage: 39953kB
                                 Worker 1:  Batches: 1  Memory Usage: 39953kB
                                 Worker 2:  Batches: 1  Memory Usage: 39953kB
                                 Worker 3:  Batches: 1  Memory Usage: 39953kB
                                 ->  Parallel Bitmap Heap Scan on lineitem  (cost=37102.12..1336815.97 rows=578501 width=16) (actual time=444.542..2178.611 rows=453143 loops=5)
                                       Recheck Cond: ((l_shipdate >= '1996-01-01'::date) AND (l_shipdate < '1996-04-01'::date))
                                       Rows Removed by Index Recheck: 2644730
                                       Heap Blocks: exact=77385 lossy=50957
                                       ->  Bitmap Index Scan on idx_lineitem_shipdate  (cost=0.00..36523.62 rows=2314005 width=0) (actual time=355.574..355.575 rows=2265714 loops=1)
                                             Index Cond: ((l_shipdate >= '1996-01-01'::date) AND (l_shipdate < '1996-04-01'::date))
         ->  Index Scan using supplier_pkey on supplier  (cost=0.29..2.46 rows=1 width=72) (actual time=0.039..0.039 rows=1 loops=1)
               Index Cond: (s_suppkey = lineitem.l_suppkey)
 Planning Time: 1.096 ms
 Execution Time: 5822.148 ms
(53 rows)

DROP VIEW
query 16 run 1
SET
SET
SET
                                                                                            QUERY PLAN                                                                                            
--------------------------------------------------------------------------------------------------------------------------------------------------------------------------------------------------
 Limit  (cost=252356.23..252356.23 rows=1 width=44) (actual time=2835.428..2843.098 rows=1 loops=1)
   ->  Sort  (cost=252356.23..252741.99 rows=154304 width=44) (actual time=2835.426..2843.096 rows=1 loops=1)
         Sort Key: (count(DISTINCT partsupp.ps_suppkey)) DESC, part.p_brand, part.p_type, part.p_size
         Sort Method: top-N heapsort  Memory: 25kB
         ->  GroupAggregate  (cost=172295.85..251584.71 rows=154304 width=44) (actual time=2166.757..2837.968 rows=27838 loops=1)
               Group Key: part.p_brand, part.p_type, part.p_size
               ->  Gather Merge  (cost=172295.85..244048.99 rows=599268 width=40) (actual time=2166.714..2661.423 rows=1186319 loops=1)
                     Workers Planned: 4
                     Workers Launched: 4
                     ->  Sort  (cost=171295.79..171670.34 rows=149817 width=40) (actual time=2057.993..2074.826 rows=237264 loops=5)
                           Sort Key: part.p_brand, part.p_type, part.p_size, partsupp.ps_suppkey
                           Sort Method: quicksort  Memory: 21686kB
                           Worker 0:  Sort Method: quicksort  Memory: 23573kB
                           Worker 1:  Sort Method: quicksort  Memory: 21226kB
                           Worker 2:  Sort Method: quicksort  Memory: 22048kB
                           Worker 3:  Sort Method: quicksort  Memory: 21450kB
                           ->  Parallel Hash Join  (cost=57889.16..158416.89 rows=149817 width=40) (actual time=369.707..1091.269 rows=237264 loops=5)
                                 Hash Cond: (partsupp.ps_partkey = part.p_partkey)
                                 ->  Parallel Index Only Scan using partsupp_pkey on partsupp  (cost=3471.46..101374.30 rows=999959 width=8) (actual time=47.438..573.284 rows=1599104 loops=5)
                                       Filter: (NOT (hashed SubPlan 1))
                                       Rows Removed by Filter: 896
                                       Heap Fetches: 0
                                       SubPlan 1
                                         ->  Seq Scan on supplier  (cost=0.00..3471.00 rows=10 width=4) (actual time=1.119..46.456 rows=56 loops=5)
                                               Filter: ((s_comment)::text ~~ '%Customer%Complaints%'::text)
                                               Rows Removed by Filter: 99944
                                 ->  Parallel Hash  (cost=53481.29..53481.29 rows=74913 width=40) (actual time=321.551..321.552 rows=59347 loops=5)
                                       Buckets: 524288  Batches: 1  Memory Usage: 26368kB
                                       ->  Parallel Seq Scan on part  (cost=0.00..53481.29 rows=74913 width=40) (actual time=0.127..293.394 rows=59347 loops=5)
                                             Filter: ((p_brand <> 'Brand#12'::bpchar) AND ((p_type)::text !~~ 'SMALL BRUSHED%'::text) AND (p_size = ANY ('{12,32,36,26,40,34,49,9}'::integer[])))
                                             Rows Removed by Filter: 340653
 Planning Time: 17.334 ms
 Execution Time: 2843.468 ms
(33 rows)

SET
SET
SET
                                                                                            QUERY PLAN                                                                                            
--------------------------------------------------------------------------------------------------------------------------------------------------------------------------------------------------
 Limit  (cost=252356.23..252356.23 rows=1 width=44) (actual time=2574.953..2583.340 rows=1 loops=1)
   ->  Sort  (cost=252356.23..252741.99 rows=154304 width=44) (actual time=2574.952..2583.338 rows=1 loops=1)
         Sort Key: (count(DISTINCT partsupp.ps_suppkey)) DESC, part.p_brand, part.p_type, part.p_size
         Sort Method: top-N heapsort  Memory: 25kB
         ->  GroupAggregate  (cost=172295.85..251584.71 rows=154304 width=44) (actual time=1903.205..2578.235 rows=27838 loops=1)
               Group Key: part.p_brand, part.p_type, part.p_size
               ->  Gather Merge  (cost=172295.85..244048.99 rows=599268 width=40) (actual time=1903.163..2400.962 rows=1186319 loops=1)
                     Workers Planned: 4
                     Workers Launched: 4
                     ->  Sort  (cost=171295.79..171670.34 rows=149817 width=40) (actual time=1764.740..1781.520 rows=237264 loops=5)
                           Sort Key: part.p_brand, part.p_type, part.p_size, partsupp.ps_suppkey
                           Sort Method: quicksort  Memory: 20645kB
                           Worker 0:  Sort Method: quicksort  Memory: 26396kB
                           Worker 1:  Sort Method: quicksort  Memory: 21594kB
                           Worker 2:  Sort Method: quicksort  Memory: 20484kB
                           Worker 3:  Sort Method: quicksort  Memory: 23229kB
                           ->  Parallel Hash Join  (cost=57889.16..158416.89 rows=149817 width=40) (actual time=190.006..804.442 rows=237264 loops=5)
                                 Hash Cond: (partsupp.ps_partkey = part.p_partkey)
                                 ->  Parallel Index Only Scan using partsupp_pkey on partsupp  (cost=3471.46..101374.30 rows=999959 width=8) (actual time=27.431..437.640 rows=1599104 loops=5)
                                       Filter: (NOT (hashed SubPlan 1))
                                       Rows Removed by Filter: 896
                                       Heap Fetches: 0
                                       SubPlan 1
                                         ->  Seq Scan on supplier  (cost=0.00..3471.00 rows=10 width=4) (actual time=0.084..27.124 rows=56 loops=5)
                                               Filter: ((s_comment)::text ~~ '%Customer%Complaints%'::text)
                                               Rows Removed by Filter: 99944
                                 ->  Parallel Hash  (cost=53481.29..53481.29 rows=74913 width=40) (actual time=161.904..161.904 rows=59347 loops=5)
                                       Buckets: 524288  Batches: 1  Memory Usage: 26400kB
                                       ->  Parallel Seq Scan on part  (cost=0.00..53481.29 rows=74913 width=40) (actual time=0.016..130.488 rows=59347 loops=5)
                                             Filter: ((p_brand <> 'Brand#12'::bpchar) AND ((p_type)::text !~~ 'SMALL BRUSHED%'::text) AND (p_size = ANY ('{12,32,36,26,40,34,49,9}'::integer[])))
                                             Rows Removed by Filter: 340653
 Planning Time: 0.851 ms
 Execution Time: 2583.415 ms
(33 rows)

query 17 run 1
SET
SET
SET
                                                                                      QUERY PLAN                                                                                       
---------------------------------------------------------------------------------------------------------------------------------------------------------------------------------------
 Limit  (cost=3565099.10..3565099.11 rows=1 width=32) (actual time=25170.690..25251.649 rows=1 loops=1)
   ->  Aggregate  (cost=3565099.10..3565099.11 rows=1 width=32) (actual time=25170.689..25251.647 rows=1 loops=1)
         ->  Merge Join  (cost=2315061.08..3565048.83 rows=20106 width=8) (actual time=18452.091..25250.822 rows=5319 loops=1)
               Merge Cond: (lineitem_1.l_partkey = part.p_partkey)
               Join Filter: (lineitem.l_quantity < ((0.2 * avg(lineitem_1.l_quantity))))
               Rows Removed by Join Filter: 54632
               ->  Finalize GroupAggregate  (cost=2314060.15..3462764.01 rows=2192440 width=36) (actual time=18423.153..25044.110 rows=1999333 loops=1)
                     Group Key: lineitem_1.l_partkey
                     ->  Gather Merge  (cost=2314060.15..3364104.21 rows=8769760 width=36) (actual time=18423.133..20518.444 rows=9972059 loops=1)
                           Workers Planned: 4
                           Workers Launched: 4
                           ->  Sort  (cost=2313060.09..2318541.19 rows=2192440 width=36) (actual time=18085.131..18384.576 rows=1994924 loops=5)
                                 Sort Key: lineitem_1.l_partkey
                                 Sort Method: external merge  Disk: 150328kB
                                 Worker 0:  Sort Method: external merge  Disk: 150320kB
                                 Worker 1:  Sort Method: external merge  Disk: 150344kB
                                 Worker 2:  Sort Method: external merge  Disk: 150312kB
                                 Worker 3:  Sort Method: external merge  Disk: 150312kB
                                 ->  Partial HashAggregate  (cost=1869745.44..2043610.90 rows=2192440 width=36) (actual time=10126.657..17257.762 rows=1995077 loops=5)
                                       Group Key: lineitem_1.l_partkey
                                       Planned Partitions: 16  Batches: 17  Memory Usage: 65681kB  Disk Usage: 407560kB
                                       Worker 0:  Batches: 17  Memory Usage: 65681kB  Disk Usage: 395288kB
                                       Worker 1:  Batches: 17  Memory Usage: 65681kB  Disk Usage: 407688kB
                                       Worker 2:  Batches: 17  Memory Usage: 65681kB  Disk Usage: 400392kB
                                       Worker 3:  Batches: 17  Memory Usage: 65681kB  Disk Usage: 399368kB
                                       ->  Parallel Seq Scan on lineitem lineitem_1  (cost=0.00..1275118.00 rows=14997500 width=9) (actual time=0.308..4046.669 rows=11997210 loops=5)
               ->  Materialize  (cost=1000.93..95885.71 rows=55025 width=21) (actual time=26.544..71.368 rows=59951 loops=1)
                     ->  Gather Merge  (cost=1000.93..95748.15 rows=55025 width=21) (actual time=26.538..64.386 rows=59951 loops=1)
                           Workers Planned: 4
                           Workers Launched: 3
                           ->  Nested Loop  (cost=0.87..88194.08 rows=13756 width=21) (actual time=1.340..568.085 rows=14988 loops=4)
                                 ->  Parallel Index Scan using part_pkey on part  (cost=0.43..66712.83 rows=503 width=4) (actual time=0.737..200.071 rows=499 loops=4)
                                       Filter: ((p_brand = 'Brand#22'::bpchar) AND (p_container = 'LG BOX'::bpchar))
                                       Rows Removed by Filter: 499501
                                 ->  Index Scan using idx_lineitem_part_supp on lineitem  (cost=0.44..42.44 rows=27 width=17) (actual time=0.494..0.728 rows=30 loops=1996)
                                       Index Cond: (l_partkey = part.p_partkey)
 Planning Time: 16.303 ms
 Execution Time: 25321.671 ms
(38 rows)

SET
SET
SET
                                                                                      QUERY PLAN                                                                                       
---------------------------------------------------------------------------------------------------------------------------------------------------------------------------------------
 Limit  (cost=3565099.10..3565099.11 rows=1 width=32) (actual time=23518.372..23612.356 rows=1 loops=1)
   ->  Aggregate  (cost=3565099.10..3565099.11 rows=1 width=32) (actual time=23518.370..23612.354 rows=1 loops=1)
         ->  Merge Join  (cost=2315061.08..3565048.83 rows=20106 width=8) (actual time=16880.577..23611.658 rows=5319 loops=1)
               Merge Cond: (lineitem_1.l_partkey = part.p_partkey)
               Join Filter: (lineitem.l_quantity < ((0.2 * avg(lineitem_1.l_quantity))))
               Rows Removed by Join Filter: 54632
               ->  Finalize GroupAggregate  (cost=2314060.15..3462764.01 rows=2192440 width=36) (actual time=16871.575..23450.603 rows=1999333 loops=1)
                     Group Key: lineitem_1.l_partkey
                     ->  Gather Merge  (cost=2314060.15..3364104.21 rows=8769760 width=36) (actual time=16871.554..18955.475 rows=9972033 loops=1)
                           Workers Planned: 4
                           Workers Launched: 4
                           ->  Sort  (cost=2313060.09..2318541.19 rows=2192440 width=36) (actual time=16676.853..16973.628 rows=1994903 loops=5)
                                 Sort Key: lineitem_1.l_partkey
                                 Sort Method: external merge  Disk: 150368kB
                                 Worker 0:  Sort Method: external merge  Disk: 150312kB
                                 Worker 1:  Sort Method: external merge  Disk: 150328kB
                                 Worker 2:  Sort Method: external merge  Disk: 150192kB
                                 Worker 3:  Sort Method: external merge  Disk: 150416kB
                                 ->  Partial HashAggregate  (cost=1869745.44..2043610.90 rows=2192440 width=36) (actual time=8636.202..15830.687 rows=1995071 loops=5)
                                       Group Key: lineitem_1.l_partkey
                                       Planned Partitions: 16  Batches: 17  Memory Usage: 65681kB  Disk Usage: 407936kB
                                       Worker 0:  Batches: 17  Memory Usage: 65681kB  Disk Usage: 394280kB
                                       Worker 1:  Batches: 17  Memory Usage: 65681kB  Disk Usage: 400400kB
                                       Worker 2:  Batches: 17  Memory Usage: 65681kB  Disk Usage: 375456kB
                                       Worker 3:  Batches: 17  Memory Usage: 65681kB  Disk Usage: 422000kB
                                       ->  Parallel Seq Scan on lineitem lineitem_1  (cost=0.00..1275118.00 rows=14997500 width=9) (actual time=0.056..1654.398 rows=11997210 loops=5)
               ->  Materialize  (cost=1000.93..95885.71 rows=55025 width=21) (actual time=6.667..27.109 rows=59951 loops=1)
                     ->  Gather Merge  (cost=1000.93..95748.15 rows=55025 width=21) (actual time=6.661..20.427 rows=59951 loops=1)
                           Workers Planned: 4
                           Workers Launched: 3
                           ->  Nested Loop  (cost=0.87..88194.08 rows=13756 width=21) (actual time=0.237..125.605 rows=14988 loops=4)
                                 ->  Parallel Index Scan using part_pkey on part  (cost=0.43..66712.83 rows=503 width=4) (actual time=0.217..106.462 rows=499 loops=4)
                                       Filter: ((p_brand = 'Brand#22'::bpchar) AND (p_container = 'LG BOX'::bpchar))
                                       Rows Removed by Filter: 499501
                                 ->  Index Scan using idx_lineitem_part_supp on lineitem  (cost=0.44..42.44 rows=27 width=17) (actual time=0.005..0.034 rows=30 loops=1996)
                                       Index Cond: (l_partkey = part.p_partkey)
 Planning Time: 0.944 ms
 Execution Time: 23676.249 ms
(38 rows)

query 18 run 1
SET
SET
SET
                                                                                                 QUERY PLAN                                                                                                  
-------------------------------------------------------------------------------------------------------------------------------------------------------------------------------------------------------------
 Limit  (cost=8725174.04..8725174.29 rows=100 width=71) (actual time=41228.637..41228.651 rows=99 loops=1)
   ->  Sort  (cost=8725174.04..8775152.37 rows=19991332 width=71) (actual time=41228.636..41228.643 rows=99 loops=1)
         Sort Key: orders.o_totalprice DESC, orders.o_orderdate
         Sort Method: quicksort  Memory: 31kB
         ->  HashAggregate  (cost=7359817.93..7961119.71 rows=19991332 width=71) (actual time=41227.774..41228.543 rows=99 loops=1)
               Group Key: customer.c_custkey, orders.o_orderkey
               Planned Partitions: 128  Batches: 1  Memory Usage: 6225kB
               ->  Hash Join  (cost=78583.36..6282941.10 rows=19991332 width=44) (actual time=3007.794..41227.292 rows=693 loops=1)
                     Hash Cond: (orders.o_custkey = customer.c_custkey)
                     ->  Merge Join  (cost=102.84..5869875.18 rows=19991332 width=25) (actual time=972.750..40462.781 rows=693 loops=1)
                           Merge Cond: (orders.o_orderkey = lineitem.l_orderkey)
                           ->  Merge Join  (cost=1.00..3340423.89 rows=4999167 width=24) (actual time=752.636..29764.678 rows=99 loops=1)
                                 Merge Cond: (orders.o_orderkey = lineitem_1.l_orderkey)
                                 ->  Index Scan using orders_pkey on orders  (cost=0.43..547987.98 rows=15001503 width=20) (actual time=0.539..3015.385 rows=14982724 loops=1)
                                 ->  GroupAggregate  (cost=0.56..2692442.56 rows=4999167 width=4) (actual time=645.504..25885.158 rows=99 loops=1)
                                       Group Key: lineitem_1.l_orderkey
                                       Filter: (sum(lineitem_1.l_quantity) > '313'::numeric)
                                       Rows Removed by Filter: 14999901
                                       ->  Index Scan using idx_lineitem_orderkey on lineitem lineitem_1  (cost=0.56..2167530.06 rows=59990000 width=9) (actual time=0.502..12341.009 rows=59986052 loops=1)
                           ->  Index Scan using idx_lineitem_orderkey on lineitem  (cost=0.56..2167530.06 rows=59990000 width=9) (actual time=0.014..7390.132 rows=59916431 loops=1)
                     ->  Hash  (cost=50945.01..50945.01 rows=1499801 width=23) (actual time=681.033..681.034 rows=1500000 loops=1)
                           Buckets: 1048576  Batches: 2  Memory Usage: 49242kB
                           ->  Seq Scan on customer  (cost=0.00..50945.01 rows=1499801 width=23) (actual time=0.818..411.309 rows=1500000 loops=1)
 Planning Time: 21.047 ms
 Execution Time: 41230.056 ms
(25 rows)

SET
SET
SET
                                                                                                 QUERY PLAN                                                                                                 
------------------------------------------------------------------------------------------------------------------------------------------------------------------------------------------------------------
 Limit  (cost=8725174.04..8725174.29 rows=100 width=71) (actual time=37794.552..37794.566 rows=99 loops=1)
   ->  Sort  (cost=8725174.04..8775152.37 rows=19991332 width=71) (actual time=37794.551..37794.558 rows=99 loops=1)
         Sort Key: orders.o_totalprice DESC, orders.o_orderdate
         Sort Method: quicksort  Memory: 31kB
         ->  HashAggregate  (cost=7359817.93..7961119.71 rows=19991332 width=71) (actual time=37793.675..37794.459 rows=99 loops=1)
               Group Key: customer.c_custkey, orders.o_orderkey
               Planned Partitions: 128  Batches: 1  Memory Usage: 6225kB
               ->  Hash Join  (cost=78583.36..6282941.10 rows=19991332 width=44) (actual time=2578.790..37793.216 rows=693 loops=1)
                     Hash Cond: (orders.o_custkey = customer.c_custkey)
                     ->  Merge Join  (cost=102.84..5869875.18 rows=19991332 width=25) (actual time=844.827..37162.483 rows=693 loops=1)
                           Merge Cond: (orders.o_orderkey = lineitem.l_orderkey)
                           ->  Merge Join  (cost=1.00..3340423.89 rows=4999167 width=24) (actual time=618.995..26398.290 rows=99 loops=1)
                                 Merge Cond: (orders.o_orderkey = lineitem_1.l_orderkey)
                                 ->  Index Scan using orders_pkey on orders  (cost=0.43..547987.98 rows=15001503 width=20) (actual time=0.029..2409.490 rows=14982724 loops=1)
                                 ->  GroupAggregate  (cost=0.56..2692442.56 rows=4999167 width=4) (actual time=540.837..23147.550 rows=99 loops=1)
                                       Group Key: lineitem_1.l_orderkey
                                       Filter: (sum(lineitem_1.l_quantity) > '313'::numeric)
                                       Rows Removed by Filter: 14999901
                                       ->  Index Scan using idx_lineitem_orderkey on lineitem lineitem_1  (cost=0.56..2167530.06 rows=59990000 width=9) (actual time=0.016..9997.672 rows=59986052 loops=1)
                           ->  Index Scan using idx_lineitem_orderkey on lineitem  (cost=0.56..2167530.06 rows=59990000 width=9) (actual time=0.012..7455.076 rows=59916431 loops=1)
                     ->  Hash  (cost=50945.01..50945.01 rows=1499801 width=23) (actual time=546.831..546.831 rows=1500000 loops=1)
                           Buckets: 1048576  Batches: 2  Memory Usage: 49242kB
                           ->  Seq Scan on customer  (cost=0.00..50945.01 rows=1499801 width=23) (actual time=0.029..280.680 rows=1500000 loops=1)
 Planning Time: 1.786 ms
 Execution Time: 37795.800 ms
(25 rows)

query 19 run 1
SET
SET
SET
                                                                                                                                                                                                                                                                                                                                                                                                                                                                                                                  QUERY PLAN                                                                                                                                                                                                                                                                                                                                                                                                                                                                                                                  
----------------------------------------------------------------------------------------------------------------------------------------------------------------------------------------------------------------------------------------------------------------------------------------------------------------------------------------------------------------------------------------------------------------------------------------------------------------------------------------------------------------------------------------------------------------------------------------------------------------------------------------------------------------------------------------------------------------------------------------------------------------------------------------------------------------------------------------------------------------------------------------------------------------------------------------------------------------------------------------------------------------------------------------------
 Limit  (cost=116441.21..116441.22 rows=1 width=32) (actual time=4914.648..4923.351 rows=1 loops=1)
   ->  Finalize Aggregate  (cost=116441.21..116441.22 rows=1 width=32) (actual time=4914.647..4923.348 rows=1 loops=1)
         ->  Gather  (cost=116440.77..116441.18 rows=4 width=32) (actual time=4906.495..4923.326 rows=5 loops=1)
               Workers Planned: 4
               Workers Launched: 4
               ->  Partial Aggregate  (cost=115440.77..115440.78 rows=1 width=32) (actual time=4898.163..4898.164 rows=1 loops=5)
                     ->  Nested Loop  (cost=0.44..115438.83 rows=259 width=12) (actual time=40.162..4897.578 rows=213 loops=5)
                           ->  Parallel Seq Scan on part  (cost=0.00..62231.49 rows=1205 width=30) (actual time=0.811..174.183 rows=956 loops=5)
                                 Filter: ((p_size >= 1) AND (((p_brand = 'Brand#24'::bpchar) AND (p_container = ANY ('{"SM CASE","SM BOX","SM PACK","SM PKG"}'::bpchar[])) AND (p_size <= 5)) OR ((p_brand = 'Brand#43'::bpchar) AND (p_container = ANY ('{"MED BAG","MED BOX","MED PKG","MED PACK"}'::bpchar[])) AND (p_size <= 10)) OR ((p_brand = 'Brand#44'::bpchar) AND (p_container = ANY ('{"LG CASE","LG BOX","LG PACK","LG PKG"}'::bpchar[])) AND (p_size <= 15))))
                                 Rows Removed by Filter: 399044
                           ->  Index Scan using idx_lineitem_part_supp on lineitem  (cost=0.44..44.15 rows=1 width=21) (actual time=4.452..4.938 rows=0 loops=4781)
                                 Index Cond: (l_partkey = part.p_partkey)
                                 Filter: ((l_shipmode = ANY ('{AIR,"AIR REG"}'::bpchar[])) AND (l_shipinstruct = 'DELIVER IN PERSON'::bpchar) AND (((l_quantity >= '10'::numeric) AND (l_quantity <= '20'::numeric)) OR ((l_quantity >= '10'::numeric) AND (l_quantity <= '20'::numeric)) OR ((l_quantity >= '20'::numeric) AND (l_quantity <= '30'::numeric))) AND (((part.p_brand = 'Brand#24'::bpchar) AND (part.p_container = ANY ('{"SM CASE","SM BOX","SM PACK","SM PKG"}'::bpchar[])) AND (l_quantity >= '10'::numeric) AND (l_quantity <= '20'::numeric) AND (part.p_size <= 5)) OR ((part.p_brand = 'Brand#43'::bpchar) AND (part.p_container = ANY ('{"MED BAG","MED BOX","MED PKG","MED PACK"}'::bpchar[])) AND (l_quantity >= '10'::numeric) AND (l_quantity <= '20'::numeric) AND (part.p_size <= 10)) OR ((part.p_brand = 'Brand#44'::bpchar) AND (part.p_container = ANY ('{"LG CASE","LG BOX","LG PACK","LG PKG"}'::bpchar[])) AND (l_quantity >= '20'::numeric) AND (l_quantity <= '30'::numeric) AND (part.p_size <= 15))))
                                 Rows Removed by Filter: 30
 Planning Time: 16.398 ms
 Execution Time: 4924.405 ms
(16 rows)

SET
SET
SET
                                                                                                                                                                                                                                                                                                                                                                                                                                                                                                                  QUERY PLAN                                                                                                                                                                                                                                                                                                                                                                                                                                                                                                                  
----------------------------------------------------------------------------------------------------------------------------------------------------------------------------------------------------------------------------------------------------------------------------------------------------------------------------------------------------------------------------------------------------------------------------------------------------------------------------------------------------------------------------------------------------------------------------------------------------------------------------------------------------------------------------------------------------------------------------------------------------------------------------------------------------------------------------------------------------------------------------------------------------------------------------------------------------------------------------------------------------------------------------------------------
 Limit  (cost=116441.21..116441.22 rows=1 width=32) (actual time=219.737..242.237 rows=1 loops=1)
   ->  Finalize Aggregate  (cost=116441.21..116441.22 rows=1 width=32) (actual time=219.736..242.234 rows=1 loops=1)
         ->  Gather  (cost=116440.77..116441.18 rows=4 width=32) (actual time=216.504..242.218 rows=5 loops=1)
               Workers Planned: 4
               Workers Launched: 4
               ->  Partial Aggregate  (cost=115440.77..115440.78 rows=1 width=32) (actual time=210.914..210.915 rows=1 loops=5)
                     ->  Nested Loop  (cost=0.44..115438.83 rows=259 width=12) (actual time=0.775..210.709 rows=213 loops=5)
                           ->  Parallel Seq Scan on part  (cost=0.00..62231.49 rows=1205 width=30) (actual time=0.089..132.063 rows=956 loops=5)
                                 Filter: ((p_size >= 1) AND (((p_brand = 'Brand#24'::bpchar) AND (p_container = ANY ('{"SM CASE","SM BOX","SM PACK","SM PKG"}'::bpchar[])) AND (p_size <= 5)) OR ((p_brand = 'Brand#43'::bpchar) AND (p_container = ANY ('{"MED BAG","MED BOX","MED PKG","MED PACK"}'::bpchar[])) AND (p_size <= 10)) OR ((p_brand = 'Brand#44'::bpchar) AND (p_container = ANY ('{"LG CASE","LG BOX","LG PACK","LG PKG"}'::bpchar[])) AND (p_size <= 15))))
                                 Rows Removed by Filter: 399044
                           ->  Index Scan using idx_lineitem_part_supp on lineitem  (cost=0.44..44.15 rows=1 width=21) (actual time=0.073..0.082 rows=0 loops=4781)
                                 Index Cond: (l_partkey = part.p_partkey)
                                 Filter: ((l_shipmode = ANY ('{AIR,"AIR REG"}'::bpchar[])) AND (l_shipinstruct = 'DELIVER IN PERSON'::bpchar) AND (((l_quantity >= '10'::numeric) AND (l_quantity <= '20'::numeric)) OR ((l_quantity >= '10'::numeric) AND (l_quantity <= '20'::numeric)) OR ((l_quantity >= '20'::numeric) AND (l_quantity <= '30'::numeric))) AND (((part.p_brand = 'Brand#24'::bpchar) AND (part.p_container = ANY ('{"SM CASE","SM BOX","SM PACK","SM PKG"}'::bpchar[])) AND (l_quantity >= '10'::numeric) AND (l_quantity <= '20'::numeric) AND (part.p_size <= 5)) OR ((part.p_brand = 'Brand#43'::bpchar) AND (part.p_container = ANY ('{"MED BAG","MED BOX","MED PKG","MED PACK"}'::bpchar[])) AND (l_quantity >= '10'::numeric) AND (l_quantity <= '20'::numeric) AND (part.p_size <= 10)) OR ((part.p_brand = 'Brand#44'::bpchar) AND (part.p_container = ANY ('{"LG CASE","LG BOX","LG PACK","LG PKG"}'::bpchar[])) AND (l_quantity >= '20'::numeric) AND (l_quantity <= '30'::numeric) AND (part.p_size <= 15))))
                                 Rows Removed by Filter: 30
 Planning Time: 1.133 ms
 Execution Time: 242.301 ms
(16 rows)

query 20 run 1
SET
SET
SET
                                                                                    QUERY PLAN                                                                                     
-----------------------------------------------------------------------------------------------------------------------------------------------------------------------------------
 Limit  (cost=2449942.83..2646620.35 rows=1 width=52) (actual time=27614.037..27615.247 rows=1 loops=1)
   ->  Nested Loop Semi Join  (cost=2449942.83..2646620.35 rows=1 width=52) (actual time=27614.036..27615.246 rows=1 loops=1)
         Join Filter: (supplier.s_suppkey = lineitem.l_suppkey)
         Rows Removed by Join Filter: 13473
         ->  Gather Merge  (cost=4122.93..4578.81 rows=4000 width=56) (actual time=28.033..29.159 rows=1 loops=1)
               Workers Planned: 1
               Workers Launched: 1
               ->  Sort  (cost=3122.92..3128.80 rows=2353 width=56) (actual time=21.019..21.036 rows=394 loops=2)
                     Sort Key: supplier.s_name
                     Sort Method: quicksort  Memory: 307kB
                     Worker 0:  Sort Method: quicksort  Memory: 172kB
                     ->  Hash Join  (cost=1.32..2991.15 rows=2353 width=56) (actual time=0.362..19.712 rows=2048 loops=2)
                           Hash Cond: (supplier.s_nationkey = nation.n_nationkey)
                           ->  Parallel Seq Scan on supplier  (cost=0.00..2809.24 rows=58824 width=60) (actual time=0.221..14.747 rows=50000 loops=2)
                           ->  Hash  (cost=1.31..1.31 rows=1 width=4) (actual time=0.084..0.085 rows=1 loops=2)
                                 Buckets: 1024  Batches: 1  Memory Usage: 9kB
                                 ->  Seq Scan on nation  (cost=0.00..1.31 rows=1 width=4) (actual time=0.081..0.082 rows=1 loops=2)
                                       Filter: (n_name = 'IRAQ'::bpchar)
                                       Rows Removed by Filter: 24
         ->  Materialize  (cost=2445819.90..2641861.55 rows=3 width=8) (actual time=26010.147..27584.921 rows=13474 loops=1)
               ->  Hash Join  (cost=2445819.90..2641861.53 rows=3 width=8) (actual time=26010.143..27582.013 rows=13474 loops=1)
                     Hash Cond: ((lineitem.l_partkey = partsupp.ps_partkey) AND (lineitem.l_suppkey = partsupp.ps_suppkey))
                     Join Filter: ((partsupp.ps_availqty)::numeric > ((0.5 * sum(lineitem.l_quantity))))
                     Rows Removed by Join Filter: 27
                     ->  HashAggregate  (cost=2369355.70..2529290.24 rows=4814261 width=40) (actual time=24595.512..25976.887 rows=1251652 loops=1)
                           Group Key: lineitem.l_partkey, lineitem.l_suppkey
                           Planned Partitions: 32  Batches: 61  Memory Usage: 65809kB  Disk Usage: 358152kB
                           ->  Bitmap Heap Scan on lineitem  (cost=144021.63..1990753.48 rows=8982592 width=13) (actual time=1246.978..19616.177 rows=9123688 loops=1)
                                 Recheck Cond: ((l_shipdate >= '1996-01-01'::date) AND (l_shipdate < '1997-01-01'::date))
                                 Rows Removed by Index Recheck: 23164080
                                 Heap Blocks: exact=518099 lossy=530696
                                 ->  Bitmap Index Scan on idx_lineitem_shipdate  (cost=0.00..141775.98 rows=8982592 width=0) (actual time=1122.483..1122.483 rows=9123688 loops=1)
                                       Index Cond: ((l_shipdate >= '1996-01-01'::date) AND (l_shipdate < '1997-01-01'::date))
                     ->  Hash  (cost=75252.16..75252.16 rows=80803 width=16) (actual time=1414.330..1414.412 rows=86872 loops=1)
                           Buckets: 131072  Batches: 1  Memory Usage: 5097kB
                           ->  Gather  (cost=1000.43..75252.16 rows=80803 width=16) (actual time=2.139..1394.104 rows=86872 loops=1)
                                 Workers Planned: 4
                                 Workers Launched: 4
                                 ->  Nested Loop  (cost=0.43..66171.86 rows=20201 width=16) (actual time=1.776..1400.397 rows=17374 loops=5)
                                       ->  Parallel Seq Scan on part  (cost=0.00..47231.14 rows=5050 width=4) (actual time=0.581..142.022 rows=4344 loops=5)
                                             Filter: ((p_name)::text ~~ 'olive%'::text)
                                             Rows Removed by Filter: 395656
                                       ->  Index Scan using idx_partsupp_partkey on partsupp  (cost=0.43..3.57 rows=18 width=12) (actual time=0.270..0.288 rows=4 loops=21718)
                                             Index Cond: (ps_partkey = part.p_partkey)
 Planning Time: 23.299 ms
 Execution Time: 27661.351 ms
(46 rows)

SET
SET
SET
                                                                                   QUERY PLAN                                                                                    
---------------------------------------------------------------------------------------------------------------------------------------------------------------------------------
 Limit  (cost=2449942.83..2646620.35 rows=1 width=52) (actual time=14959.424..14960.837 rows=1 loops=1)
   ->  Nested Loop Semi Join  (cost=2449942.83..2646620.35 rows=1 width=52) (actual time=14959.423..14960.835 rows=1 loops=1)
         Join Filter: (supplier.s_suppkey = lineitem.l_suppkey)
         Rows Removed by Join Filter: 13473
         ->  Gather Merge  (cost=4122.93..4578.81 rows=4000 width=56) (actual time=16.737..18.088 rows=1 loops=1)
               Workers Planned: 1
               Workers Launched: 1
               ->  Sort  (cost=3122.92..3128.80 rows=2353 width=56) (actual time=14.735..14.752 rows=392 loops=2)
                     Sort Key: supplier.s_name
                     Sort Method: quicksort  Memory: 289kB
                     Worker 0:  Sort Method: quicksort  Memory: 190kB
                     ->  Hash Join  (cost=1.32..2991.15 rows=2353 width=56) (actual time=0.095..13.323 rows=2048 loops=2)
                           Hash Cond: (supplier.s_nationkey = nation.n_nationkey)
                           ->  Parallel Seq Scan on supplier  (cost=0.00..2809.24 rows=58824 width=60) (actual time=0.020..8.528 rows=50000 loops=2)
                           ->  Hash  (cost=1.31..1.31 rows=1 width=4) (actual time=0.017..0.018 rows=1 loops=2)
                                 Buckets: 1024  Batches: 1  Memory Usage: 9kB
                                 ->  Seq Scan on nation  (cost=0.00..1.31 rows=1 width=4) (actual time=0.013..0.015 rows=1 loops=2)
                                       Filter: (n_name = 'IRAQ'::bpchar)
                                       Rows Removed by Filter: 24
         ->  Materialize  (cost=2445819.90..2641861.55 rows=3 width=8) (actual time=13352.646..14941.535 rows=13474 loops=1)
               ->  Hash Join  (cost=2445819.90..2641861.53 rows=3 width=8) (actual time=13352.643..14938.455 rows=13474 loops=1)
                     Hash Cond: ((lineitem.l_partkey = partsupp.ps_partkey) AND (lineitem.l_suppkey = partsupp.ps_suppkey))
                     Join Filter: ((partsupp.ps_availqty)::numeric > ((0.5 * sum(lineitem.l_quantity))))
                     Rows Removed by Join Filter: 27
                     ->  HashAggregate  (cost=2369355.70..2529290.24 rows=4814261 width=40) (actual time=13169.263..14567.994 rows=1251652 loops=1)
                           Group Key: lineitem.l_partkey, lineitem.l_suppkey
                           Planned Partitions: 32  Batches: 61  Memory Usage: 65809kB  Disk Usage: 358152kB
                           ->  Bitmap Heap Scan on lineitem  (cost=144021.63..1990753.48 rows=8982592 width=13) (actual time=1105.030..9074.252 rows=9123688 loops=1)
                                 Recheck Cond: ((l_shipdate >= '1996-01-01'::date) AND (l_shipdate < '1997-01-01'::date))
                                 Rows Removed by Index Recheck: 23164080
                                 Heap Blocks: exact=518099 lossy=530696
                                 ->  Bitmap Index Scan on idx_lineitem_shipdate  (cost=0.00..141775.98 rows=8982592 width=0) (actual time=981.160..981.161 rows=9123688 loops=1)
                                       Index Cond: ((l_shipdate >= '1996-01-01'::date) AND (l_shipdate < '1997-01-01'::date))
                     ->  Hash  (cost=75252.16..75252.16 rows=80803 width=16) (actual time=183.054..183.114 rows=86872 loops=1)
                           Buckets: 131072  Batches: 1  Memory Usage: 5097kB
                           ->  Gather  (cost=1000.43..75252.16 rows=80803 width=16) (actual time=0.329..165.754 rows=86872 loops=1)
                                 Workers Planned: 4
                                 Workers Launched: 4
                                 ->  Nested Loop  (cost=0.43..66171.86 rows=20201 width=16) (actual time=0.097..167.435 rows=17374 loops=5)
                                       ->  Parallel Seq Scan on part  (cost=0.00..47231.14 rows=5050 width=4) (actual time=0.050..107.466 rows=4344 loops=5)
                                             Filter: ((p_name)::text ~~ 'olive%'::text)
                                             Rows Removed by Filter: 395656
                                       ->  Index Scan using idx_partsupp_partkey on partsupp  (cost=0.43..3.57 rows=18 width=12) (actual time=0.012..0.013 rows=4 loops=21718)
                                             Index Cond: (ps_partkey = part.p_partkey)
 Planning Time: 2.331 ms
 Execution Time: 15007.598 ms
(46 rows)

query 21 run 1
SET
SET
SET
                                                                                           QUERY PLAN                                                                                           
------------------------------------------------------------------------------------------------------------------------------------------------------------------------------------------------
 Limit  (cost=1964863.01..1964863.02 rows=1 width=34) (actual time=11377.850..11389.860 rows=100 loops=1)
   ->  Sort  (cost=1964863.01..1964863.02 rows=1 width=34) (actual time=11377.849..11389.853 rows=100 loops=1)
         Sort Key: (count(*)) DESC, supplier.s_name
         Sort Method: top-N heapsort  Memory: 37kB
         ->  GroupAggregate  (cost=1964859.78..1964863.00 rows=1 width=34) (actual time=10838.699..11387.411 rows=3991 loops=1)
               Group Key: supplier.s_name
               ->  Nested Loop Semi Join  (cost=1964859.78..1964862.99 rows=1 width=26) (actual time=10838.509..11375.405 rows=39281 loops=1)
                     Join Filter: (l2.l_suppkey <> l1.l_suppkey)
                     Rows Removed by Join Filter: 42025
                     ->  Gather Merge  (cost=1964859.22..1964859.34 rows=1 width=38) (actual time=10838.478..10883.837 rows=65960 loops=1)
                           Workers Planned: 4
                           Workers Launched: 4
                           ->  Sort  (cost=1963859.16..1963859.17 rows=1 width=38) (actual time=10811.024..10812.902 rows=13192 loops=5)
                                 Sort Key: supplier.s_name
                                 Sort Method: quicksort  Memory: 1206kB
                                 Worker 0:  Sort Method: quicksort  Memory: 1195kB
                                 Worker 1:  Sort Method: quicksort  Memory: 1245kB
                                 Worker 2:  Sort Method: quicksort  Memory: 1178kB
                                 Worker 3:  Sort Method: quicksort  Memory: 1221kB
                                 ->  Nested Loop Anti Join  (cost=1338055.64..1963859.15 rows=1 width=38) (actual time=7296.380..10736.254 rows=13192 loops=5)
                                       ->  Parallel Hash Join  (cost=1338055.08..1653248.26 rows=96737 width=38) (actual time=7293.990..9254.997 rows=146197 loops=5)
                                             Hash Cond: (orders.o_orderkey = l1.l_orderkey)
                                             ->  Parallel Seq Scan on orders  (cost=0.00..308147.70 rows=1814307 width=4) (actual time=0.555..1418.850 rows=1461837 loops=5)
                                                   Filter: (o_orderstatus = 'F'::bpchar)
                                                   Rows Removed by Filter: 1538163
                                             ->  Parallel Hash  (cost=1335555.49..1335555.49 rows=199967 width=34) (actual time=7292.115..7292.422 rows=302853 loops=5)
                                                   Buckets: 2097152 (originally 1048576)  Batches: 1 (originally 1)  Memory Usage: 131392kB
                                                   ->  Parallel Hash Join  (cost=3020.56..1335555.49 rows=199967 width=34) (actual time=17.899..7128.372 rows=302853 loops=5)
                                                         Hash Cond: (l1.l_suppkey = supplier.s_suppkey)
                                                         ->  Parallel Seq Scan on lineitem l1  (cost=0.00..1312611.75 rows=4999167 width=8) (actual time=0.451..6296.775 rows=7585870 loops=5)
                                                               Filter: (l_receiptdate > l_commitdate)
                                                               Rows Removed by Filter: 4411341
                                                         ->  Parallel Hash  (cost=2991.15..2991.15 rows=2353 width=30) (actual time=17.283..17.285 rows=798 loops=5)
                                                               Buckets: 4096  Batches: 1  Memory Usage: 320kB
                                                               ->  Hash Join  (cost=1.32..2991.15 rows=2353 width=30) (actual time=0.185..16.944 rows=798 loops=5)
                                                                     Hash Cond: (supplier.s_nationkey = nation.n_nationkey)
                                                                     ->  Parallel Seq Scan on supplier  (cost=0.00..2809.24 rows=58824 width=34) (actual time=0.123..14.881 rows=20000 loops=5)
                                                                     ->  Hash  (cost=1.31..1.31 rows=1 width=4) (actual time=0.053..0.054 rows=1 loops=5)
                                                                           Buckets: 1024  Batches: 1  Memory Usage: 9kB
                                                                           ->  Seq Scan on nation  (cost=0.00..1.31 rows=1 width=4) (actual time=0.046..0.048 rows=1 loops=5)
                                                                                 Filter: (n_name = 'PERU'::bpchar)
                                                                                 Rows Removed by Filter: 24
                                       ->  Index Scan using idx_lineitem_orderkey on lineitem l3  (cost=0.56..3.64 rows=1 width=8) (actual time=0.010..0.010 rows=1 loops=730985)
                                             Index Cond: (l_orderkey = l1.l_orderkey)
                                             Filter: ((l_receiptdate > l_commitdate) AND (l_suppkey <> l1.l_suppkey))
                                             Rows Removed by Filter: 1
                     ->  Index Scan using idx_lineitem_orderkey on lineitem l2  (cost=0.56..3.62 rows=4 width=8) (actual time=0.007..0.007 rows=1 loops=65960)
                           Index Cond: (l_orderkey = orders.o_orderkey)
 Planning Time: 19.250 ms
 Execution Time: 11390.167 ms
(50 rows)

SET
SET
SET
                                                                                          QUERY PLAN                                                                                           
-----------------------------------------------------------------------------------------------------------------------------------------------------------------------------------------------
 Limit  (cost=1964863.01..1964863.02 rows=1 width=34) (actual time=6818.970..6834.418 rows=100 loops=1)
   ->  Sort  (cost=1964863.01..1964863.02 rows=1 width=34) (actual time=6818.969..6834.410 rows=100 loops=1)
         Sort Key: (count(*)) DESC, supplier.s_name
         Sort Method: top-N heapsort  Memory: 37kB
         ->  GroupAggregate  (cost=1964859.78..1964863.00 rows=1 width=34) (actual time=6330.030..6831.998 rows=3991 loops=1)
               Group Key: supplier.s_name
               ->  Nested Loop Semi Join  (cost=1964859.78..1964862.99 rows=1 width=26) (actual time=6329.850..6820.176 rows=39281 loops=1)
                     Join Filter: (l2.l_suppkey <> l1.l_suppkey)
                     Rows Removed by Join Filter: 42025
                     ->  Gather Merge  (cost=1964859.22..1964859.34 rows=1 width=38) (actual time=6329.804..6377.614 rows=65960 loops=1)
                           Workers Planned: 4
                           Workers Launched: 4
                           ->  Sort  (cost=1963859.16..1963859.17 rows=1 width=38) (actual time=6307.364..6309.245 rows=13192 loops=5)
                                 Sort Key: supplier.s_name
                                 Sort Method: quicksort  Memory: 1253kB
                                 Worker 0:  Sort Method: quicksort  Memory: 1212kB
                                 Worker 1:  Sort Method: quicksort  Memory: 1190kB
                                 Worker 2:  Sort Method: quicksort  Memory: 1241kB
                                 Worker 3:  Sort Method: quicksort  Memory: 1149kB
                                 ->  Nested Loop Anti Join  (cost=1338055.64..1963859.15 rows=1 width=38) (actual time=3861.725..6232.160 rows=13192 loops=5)
                                       ->  Parallel Hash Join  (cost=1338055.08..1653248.26 rows=96737 width=38) (actual time=3861.318..5070.972 rows=146197 loops=5)
                                             Hash Cond: (orders.o_orderkey = l1.l_orderkey)
                                             ->  Parallel Seq Scan on orders  (cost=0.00..308147.70 rows=1814307 width=4) (actual time=0.076..634.592 rows=1461837 loops=5)
                                                   Filter: (o_orderstatus = 'F'::bpchar)
                                                   Rows Removed by Filter: 1538163
                                             ->  Parallel Hash  (cost=1335555.49..1335555.49 rows=199967 width=34) (actual time=3859.357..3859.667 rows=302853 loops=5)
                                                   Buckets: 2097152 (originally 1048576)  Batches: 1 (originally 1)  Memory Usage: 131392kB
                                                   ->  Parallel Hash Join  (cost=3020.56..1335555.49 rows=199967 width=34) (actual time=11.094..3668.836 rows=302853 loops=5)
                                                         Hash Cond: (l1.l_suppkey = supplier.s_suppkey)
                                                         ->  Parallel Seq Scan on lineitem l1  (cost=0.00..1312611.75 rows=4999167 width=8) (actual time=0.039..2746.659 rows=7585870 loops=5)
                                                               Filter: (l_receiptdate > l_commitdate)
                                                               Rows Removed by Filter: 4411341
                                                         ->  Parallel Hash  (cost=2991.15..2991.15 rows=2353 width=30) (actual time=9.779..9.781 rows=798 loops=5)
                                                               Buckets: 4096  Batches: 1  Memory Usage: 384kB
                                                               ->  Hash Join  (cost=1.32..2991.15 rows=2353 width=30) (actual time=0.055..9.479 rows=798 loops=5)
                                                                     Hash Cond: (supplier.s_nationkey = nation.n_nationkey)
                                                                     ->  Parallel Seq Scan on supplier  (cost=0.00..2809.24 rows=58824 width=34) (actual time=0.028..7.504 rows=20000 loops=5)
                                                                     ->  Hash  (cost=1.31..1.31 rows=1 width=4) (actual time=0.021..0.022 rows=1 loops=5)
                                                                           Buckets: 1024  Batches: 1  Memory Usage: 9kB
                                                                           ->  Seq Scan on nation  (cost=0.00..1.31 rows=1 width=4) (actual time=0.015..0.016 rows=1 loops=5)
                                                                                 Filter: (n_name = 'PERU'::bpchar)
                                                                                 Rows Removed by Filter: 24
                                       ->  Index Scan using idx_lineitem_orderkey on lineitem l3  (cost=0.56..3.64 rows=1 width=8) (actual time=0.007..0.007 rows=1 loops=730985)
                                             Index Cond: (l_orderkey = l1.l_orderkey)
                                             Filter: ((l_receiptdate > l_commitdate) AND (l_suppkey <> l1.l_suppkey))
                                             Rows Removed by Filter: 1
                     ->  Index Scan using idx_lineitem_orderkey on lineitem l2  (cost=0.56..3.62 rows=4 width=8) (actual time=0.006..0.006 rows=1 loops=65960)
                           Index Cond: (l_orderkey = orders.o_orderkey)
 Planning Time: 3.561 ms
 Execution Time: 6834.526 ms
(50 rows)

query 22 run 1
SET
SET
SET
                                                                          QUERY PLAN                                                                          
--------------------------------------------------------------------------------------------------------------------------------------------------------------
 Limit  (cost=93874.19..93875.77 rows=1 width=72) (actual time=1427.744..1434.054 rows=1 loops=1)
   InitPlan 1 (returns $1)
     ->  Finalize Aggregate  (cost=46819.73..46819.74 rows=1 width=32) (actual time=295.126..295.225 rows=1 loops=1)
           ->  Gather  (cost=46819.30..46819.71 rows=4 width=32) (actual time=294.782..295.212 rows=5 loops=1)
                 Workers Planned: 4
                 Workers Launched: 4
                 ->  Partial Aggregate  (cost=45819.30..45819.31 rows=1 width=32) (actual time=283.790..283.791 rows=1 loops=5)
                       ->  Parallel Seq Scan on customer customer_1  (cost=0.00..45789.44 rows=11942 width=6) (actual time=0.119..274.814 rows=76485 loops=5)
                             Filter: ((c_acctbal > 0.00) AND (SUBSTRING(c_phone FROM 1 FOR 2) = ANY ('{21,29,26,34,14,15,17}'::text[])))
                             Rows Removed by Filter: 223515
   ->  GroupAggregate  (cost=47054.45..59650.12 rows=7996 width=72) (actual time=1427.743..1433.953 rows=1 loops=1)
         Group Key: SUBSTRING(customer.c_phone FROM 1 FOR 2)
         ->  Nested Loop Anti Join  (cost=47054.45..59450.22 rows=7996 width=38) (actual time=480.169..1427.303 rows=9006 loops=1)
               ->  Gather Merge  (cost=47054.01..49149.13 rows=17498 width=26) (actual time=477.124..499.347 rows=27128 loops=1)
                     Workers Planned: 4
                     Params Evaluated: $1
                     Workers Launched: 3
                     ->  Sort  (cost=46053.96..46064.89 rows=4374 width=26) (actual time=176.934..177.893 rows=7580 loops=4)
                           Sort Key: (SUBSTRING(customer.c_phone FROM 1 FOR 2))
                           Sort Method: quicksort  Memory: 4278kB
                           Worker 0:  Sort Method: quicksort  Memory: 4154kB
                           Worker 1:  Sort Method: quicksort  Memory: 4031kB
                           Worker 2:  Sort Method: quicksort  Memory: 4136kB
                           ->  Parallel Seq Scan on customer  (cost=0.00..45789.44 rows=4374 width=26) (actual time=0.016..160.896 rows=47782 loops=4)
                                 Filter: ((c_acctbal > $1) AND (SUBSTRING(c_phone FROM 1 FOR 2) = ANY ('{21,29,26,34,14,15,17}'::text[])))
                                 Rows Removed by Filter: 327218
               ->  Index Only Scan using idx_orders_custkey on orders  (cost=0.43..2.17 rows=18 width=4) (actual time=0.033..0.033 rows=1 loops=27128)
                     Index Cond: (o_custkey = customer.c_custkey)
                     Heap Fetches: 0
 Planning Time: 17.540 ms
 Execution Time: 1434.339 ms
(31 rows)

SET
SET
SET
                                                                          QUERY PLAN                                                                          
--------------------------------------------------------------------------------------------------------------------------------------------------------------
 Limit  (cost=93874.19..93875.77 rows=1 width=72) (actual time=458.835..464.566 rows=1 loops=1)
   InitPlan 1 (returns $1)
     ->  Finalize Aggregate  (cost=46819.73..46819.74 rows=1 width=32) (actual time=217.743..217.846 rows=1 loops=1)
           ->  Gather  (cost=46819.30..46819.71 rows=4 width=32) (actual time=215.662..217.830 rows=5 loops=1)
                 Workers Planned: 4
                 Workers Launched: 4
                 ->  Partial Aggregate  (cost=45819.30..45819.31 rows=1 width=32) (actual time=211.798..211.799 rows=1 loops=5)
                       ->  Parallel Seq Scan on customer customer_1  (cost=0.00..45789.44 rows=11942 width=6) (actual time=0.017..200.490 rows=76485 loops=5)
                             Filter: ((c_acctbal > 0.00) AND (SUBSTRING(c_phone FROM 1 FOR 2) = ANY ('{21,29,26,34,14,15,17}'::text[])))
                             Rows Removed by Filter: 223515
   ->  GroupAggregate  (cost=47054.45..59650.12 rows=7996 width=72) (actual time=458.834..464.460 rows=1 loops=1)
         Group Key: SUBSTRING(customer.c_phone FROM 1 FOR 2)
         ->  Nested Loop Anti Join  (cost=47054.45..59450.22 rows=7996 width=38) (actual time=396.022..461.995 rows=9006 loops=1)
               ->  Gather Merge  (cost=47054.01..49149.13 rows=17498 width=26) (actual time=395.953..408.654 rows=27129 loops=1)
                     Workers Planned: 4
                     Params Evaluated: $1
                     Workers Launched: 3
                     ->  Sort  (cost=46053.96..46064.89 rows=4374 width=26) (actual time=172.688..173.395 rows=7562 loops=4)
                           Sort Key: (SUBSTRING(customer.c_phone FROM 1 FOR 2))
                           Sort Method: quicksort  Memory: 4406kB
                           Worker 0:  Sort Method: quicksort  Memory: 4067kB
                           Worker 1:  Sort Method: quicksort  Memory: 4073kB
                           Worker 2:  Sort Method: quicksort  Memory: 4052kB
                           ->  Parallel Seq Scan on customer  (cost=0.00..45789.44 rows=4374 width=26) (actual time=0.019..156.060 rows=47782 loops=4)
                                 Filter: ((c_acctbal > $1) AND (SUBSTRING(c_phone FROM 1 FOR 2) = ANY ('{21,29,26,34,14,15,17}'::text[])))
                                 Rows Removed by Filter: 327218
               ->  Index Only Scan using idx_orders_custkey on orders  (cost=0.43..2.17 rows=18 width=4) (actual time=0.002..0.002 rows=1 loops=27129)
                     Index Cond: (o_custkey = customer.c_custkey)
                     Heap Fetches: 0
 Planning Time: 0.860 ms
 Execution Time: 464.855 ms
(31 rows)

