query 1 run 1
SET
SET
SET
                                                 QUERY PLAN                                                  
-------------------------------------------------------------------------------------------------------------
 Limit  (cost=1831878.18..1831878.82 rows=1 width=236)
   ->  Finalize GroupAggregate  (cost=1831878.18..1831882.00 rows=6 width=236)
         Group Key: l_returnflag, l_linestatus
         ->  Gather Merge  (cost=1831878.18..1831881.05 rows=24 width=236)
               Workers Planned: 4
               ->  Sort  (cost=1830878.12..1830878.14 rows=6 width=236)
                     Sort Key: l_returnflag, l_linestatus
                     ->  Partial HashAggregate  (cost=1830877.91..1830878.04 rows=6 width=236)
                           Group Key: l_returnflag, l_linestatus
                           ->  Parallel Seq Scan on lineitem  (cost=0.00..1312589.82 rows=14808231 width=25)
                                 Filter: (l_shipdate <= '1998-09-10 00:00:00'::timestamp without time zone)
(11 rows)

query 2 run 1
SET
SET
SET
                                                                  QUERY PLAN                                                                  
----------------------------------------------------------------------------------------------------------------------------------------------
 Limit  (cost=1072459.03..1072459.04 rows=1 width=193)
   ->  Sort  (cost=1072459.03..1072459.04 rows=1 width=193)
         Sort Key: supplier.s_acctbal DESC, nation.n_name, supplier.s_name, part.p_partkey
         ->  Merge Join  (cost=558913.05..1072459.02 rows=1 width=193)
               Merge Cond: (part.p_partkey = partsupp.ps_partkey)
               Join Filter: (partsupp.ps_supplycost = (SubPlan 1))
               ->  Gather Merge  (cost=1000.49..68739.43 rows=8618 width=30)
                     Workers Planned: 4
                     ->  Parallel Index Scan using part_pkey on part  (cost=0.43..66712.88 rows=2154 width=30)
                           Filter: (((p_type)::text ~~ '%NICKEL'::text) AND (p_size = 16))
               ->  Materialize  (cost=557904.70..565904.73 rows=1600006 width=173)
                     ->  Sort  (cost=557904.70..561904.72 rows=1600006 width=173)
                           Sort Key: partsupp.ps_partkey
                           ->  Hash Join  (cost=4048.51..305135.17 rows=1600006 width=173)
                                 Hash Cond: (partsupp.ps_suppkey = supplier.s_suppkey)
                                 ->  Seq Scan on partsupp  (cost=0.00..255222.29 rows=8000029 width=14)
                                 ->  Hash  (cost=3798.51..3798.51 rows=20000 width=167)
                                       ->  Hash Join  (cost=2.51..3798.51 rows=20000 width=167)
                                             Hash Cond: (supplier.s_nationkey = nation.n_nationkey)
                                             ->  Seq Scan on supplier  (cost=0.00..3221.00 rows=100000 width=145)
                                             ->  Hash  (cost=2.45..2.45 rows=5 width=30)
                                                   ->  Hash Join  (cost=1.07..2.45 rows=5 width=30)
                                                         Hash Cond: (nation.n_regionkey = region.r_regionkey)
                                                         ->  Seq Scan on nation  (cost=0.00..1.25 rows=25 width=34)
                                                         ->  Hash  (cost=1.06..1.06 rows=1 width=4)
                                                               ->  Seq Scan on region  (cost=0.00..1.06 rows=1 width=4)
                                                                     Filter: (r_name = 'AMERICA'::bpchar)
               SubPlan 1
                 ->  Aggregate  (cost=62.90..62.91 rows=1 width=32)
                       ->  Nested Loop  (cost=2.29..62.89 rows=3 width=6)
                             Join Filter: (nation_1.n_regionkey = region_1.r_regionkey)
                             ->  Seq Scan on region region_1  (cost=0.00..1.06 rows=1 width=4)
                                   Filter: (r_name = 'AMERICA'::bpchar)
                             ->  Hash Join  (cost=2.29..61.62 rows=17 width=10)
                                   Hash Cond: (supplier_1.s_nationkey = nation_1.n_nationkey)
                                   ->  Nested Loop  (cost=0.72..60.00 rows=17 width=10)
                                         ->  Index Scan using idx_partsupp_partkey on partsupp partsupp_1  (cost=0.43..3.73 rows=17 width=10)
                                               Index Cond: (ps_partkey = part.p_partkey)
                                         ->  Index Scan using supplier_pkey on supplier supplier_1  (cost=0.29..3.31 rows=1 width=8)
                                               Index Cond: (s_suppkey = partsupp_1.ps_suppkey)
                                   ->  Hash  (cost=1.25..1.25 rows=25 width=8)
                                         ->  Seq Scan on nation nation_1  (cost=0.00..1.25 rows=25 width=8)
(42 rows)

query 3 run 1
SET
SET
SET
                                                        QUERY PLAN                                                         
---------------------------------------------------------------------------------------------------------------------------
 Limit  (cost=2242308.97..2242309.00 rows=10 width=44)
   ->  Sort  (cost=2242308.97..2249965.94 rows=3062788 width=44)
         Sort Key: (sum((lineitem.l_extendedprice * ('1'::numeric - lineitem.l_discount)))) DESC, orders.o_orderdate
         ->  GroupAggregate  (cost=1725174.73..2176123.22 rows=3062788 width=44)
               Group Key: lineitem.l_orderkey, orders.o_orderdate, orders.o_shippriority
               ->  Gather Merge  (cost=1725174.73..2091896.55 rows=3062788 width=24)
                     Workers Planned: 4
                     ->  Sort  (cost=1724174.68..1726088.92 rows=765697 width=24)
                           Sort Key: lineitem.l_orderkey, orders.o_orderdate, orders.o_shippriority
                           ->  Nested Loop  (cost=41560.70..1639245.77 rows=765697 width=24)
                                 ->  Parallel Hash Join  (cost=41560.13..354407.28 rows=353696 width=12)
                                       Hash Cond: (orders.o_custkey = customer.c_custkey)
                                       ->  Parallel Seq Scan on orders  (cost=0.00..308142.15 rows=1792378 width=16)
                                             Filter: (o_orderdate < '1995-03-07'::date)
                                       ->  Parallel Hash  (cost=40635.03..40635.03 rows=74008 width=4)
                                             ->  Parallel Seq Scan on customer  (cost=0.00..40635.03 rows=74008 width=4)
                                                   Filter: (c_mktsegment = 'BUILDING'::bpchar)
                                 ->  Index Scan using idx_lineitem_orderkey on lineitem  (cost=0.56..3.61 rows=2 width=16)
                                       Index Cond: (l_orderkey = orders.o_orderkey)
                                       Filter: (l_shipdate > '1995-03-07'::date)
(20 rows)

query 4 run 1
SET
SET
SET
                                                           QUERY PLAN                                                           
--------------------------------------------------------------------------------------------------------------------------------
 Limit  (cost=282474.43..647702.94 rows=1 width=24)
   ->  GroupAggregate  (cost=282474.43..2108616.98 rows=5 width=24)
         Group Key: orders.o_orderpriority
         ->  Nested Loop Semi Join  (cost=282474.43..2105859.27 rows=551533 width=16)
               ->  Gather Merge  (cost=282473.87..348528.95 rows=551679 width=20)
                     Workers Planned: 4
                     ->  Sort  (cost=281473.81..281818.61 rows=137920 width=20)
                           Sort Key: orders.o_orderpriority
                           ->  Parallel Bitmap Heap Scan on orders  (cost=6363.14..269699.94 rows=137920 width=20)
                                 Recheck Cond: ((o_orderdate >= '1993-12-01'::date) AND (o_orderdate < '1994-03-01'::date))
                                 ->  Bitmap Index Scan on idx_orders_orderdate  (cost=0.00..6225.23 rows=551679 width=0)
                                       Index Cond: ((o_orderdate >= '1993-12-01'::date) AND (o_orderdate < '1994-03-01'::date))
               ->  Index Scan using idx_lineitem_orderkey on lineitem  (cost=0.56..3.61 rows=1 width=4)
                     Index Cond: (l_orderkey = orders.o_orderkey)
                     Filter: (l_commitdate < l_receiptdate)
(15 rows)

query 5 run 1
SET
SET
SET
                                                                       QUERY PLAN                                                                       
--------------------------------------------------------------------------------------------------------------------------------------------------------
 Limit  (cost=771423.26..771423.27 rows=1 width=58)
   ->  Sort  (cost=771423.26..771423.33 rows=25 width=58)
         Sort Key: (sum((lineitem.l_extendedprice * ('1'::numeric - lineitem.l_discount)))) DESC
         ->  Finalize GroupAggregate  (cost=771181.79..771423.14 rows=25 width=58)
               Group Key: nation.n_name
               ->  Gather Merge  (cost=771181.79..771422.08 rows=100 width=58)
                     Workers Planned: 4
                     ->  Partial GroupAggregate  (cost=770181.73..770410.11 rows=25 width=58)
                           Group Key: nation.n_name
                           ->  Sort  (cost=770181.73..770227.35 rows=18245 width=38)
                                 Sort Key: nation.n_name
                                 ->  Parallel Hash Join  (cost=73139.64..768890.42 rows=18245 width=38)
                                       Hash Cond: ((lineitem.l_suppkey = supplier.s_suppkey) AND (customer.c_nationkey = supplier.s_nationkey))
                                       ->  Nested Loop  (cost=69448.04..762772.79 rows=462102 width=50)
                                             ->  Parallel Hash Join  (cost=69447.48..341837.76 rows=115556 width=38)
                                                   Hash Cond: (orders.o_custkey = customer.c_custkey)
                                                   ->  Parallel Bitmap Heap Scan on orders  (cost=26653.46..296588.17 rows=577781 width=8)
                                                         Recheck Cond: ((o_orderdate >= '1993-01-01'::date) AND (o_orderdate < '1994-01-01'::date))
                                                         ->  Bitmap Index Scan on idx_orders_orderdate  (cost=0.00..26075.68 rows=2311124 width=0)
                                                               Index Cond: ((o_orderdate >= '1993-01-01'::date) AND (o_orderdate < '1994-01-01'::date))
                                                   ->  Parallel Hash  (cost=41856.42..41856.42 rows=75008 width=38)
                                                         ->  Hash Join  (cost=2.51..41856.42 rows=75008 width=38)
                                                               Hash Cond: (customer.c_nationkey = nation.n_nationkey)
                                                               ->  Parallel Seq Scan on customer  (cost=0.00..39697.43 rows=375042 width=8)
                                                               ->  Hash  (cost=2.45..2.45 rows=5 width=30)
                                                                     ->  Hash Join  (cost=1.07..2.45 rows=5 width=30)
                                                                           Hash Cond: (nation.n_regionkey = region.r_regionkey)
                                                                           ->  Seq Scan on nation  (cost=0.00..1.25 rows=25 width=34)
                                                                           ->  Hash  (cost=1.06..1.06 rows=1 width=4)
                                                                                 ->  Seq Scan on region  (cost=0.00..1.06 rows=1 width=4)
                                                                                       Filter: (r_name = 'AMERICA'::bpchar)
                                             ->  Index Scan using idx_lineitem_orderkey on lineitem  (cost=0.56..3.60 rows=4 width=20)
                                                   Index Cond: (l_orderkey = orders.o_orderkey)
                                       ->  Parallel Hash  (cost=2809.24..2809.24 rows=58824 width=8)
                                             ->  Parallel Seq Scan on supplier  (cost=0.00..2809.24 rows=58824 width=8)
(35 rows)

query 6 run 1
SET
SET
SET
                                                                                                                QUERY PLAN                                                                                                                 
-------------------------------------------------------------------------------------------------------------------------------------------------------------------------------------------------------------------------------------------
 Limit  (cost=1284359.69..1284359.70 rows=1 width=32)
   ->  Finalize Aggregate  (cost=1284359.69..1284359.70 rows=1 width=32)
         ->  Gather  (cost=1284359.25..1284359.66 rows=4 width=32)
               Workers Planned: 4
               ->  Partial Aggregate  (cost=1283359.25..1283359.26 rows=1 width=32)
                     ->  Parallel Bitmap Heap Scan on lineitem  (cost=212626.75..1281873.58 rows=297135 width=12)
                           Recheck Cond: ((l_shipdate >= '1993-01-01'::date) AND (l_shipdate < '1994-01-01 00:00:00'::timestamp without time zone) AND (l_discount >= 0.06) AND (l_discount <= 0.08) AND (l_quantity < '25'::numeric))
                           ->  Bitmap Index Scan on idx_lineitem_shipdate  (cost=0.00..212329.61 rows=1188540 width=0)
                                 Index Cond: ((l_shipdate >= '1993-01-01'::date) AND (l_shipdate < '1994-01-01 00:00:00'::timestamp without time zone) AND (l_discount >= 0.06) AND (l_discount <= 0.08) AND (l_quantity < '25'::numeric))
(9 rows)

query 7 run 1
SET
SET
SET
                                                                                                      QUERY PLAN                                                                                                       
-----------------------------------------------------------------------------------------------------------------------------------------------------------------------------------------------------------------------
 Limit  (cost=1418900.93..1419940.29 rows=1 width=116)
   ->  GroupAggregate  (cost=1418900.93..11849890.78 rows=10036 width=116)
         Group Key: n1.n_name, n2.n_name, EXTRACT(year FROM lineitem.l_shipdate)
         ->  Nested Loop  (cost=1418900.93..11848841.30 rows=59929 width=96)
               Join Filter: (customer.c_nationkey = n2.n_nationkey)
               ->  Nested Loop  (cost=1418900.50..6720629.91 rows=1498218 width=76)
                     ->  Gather Merge  (cost=1418900.07..1598288.66 rows=1498218 width=76)
                           Workers Planned: 4
                           ->  Sort  (cost=1417900.01..1418836.40 rows=374554 width=76)
                                 Sort Key: n1.n_name, n2.n_name, (EXTRACT(year FROM lineitem.l_shipdate))
                                 ->  Parallel Hash Join  (cost=3140.96..1372525.02 rows=374554 width=76)
                                       Hash Cond: (lineitem.l_suppkey = supplier.s_suppkey)
                                       ->  Parallel Seq Scan on lineitem  (cost=0.00..1350079.19 rows=4560431 width=24)
                                             Filter: ((l_shipdate >= '1995-01-01'::date) AND (l_shipdate <= '1996-12-31'::date))
                                       ->  Parallel Hash  (cost=3079.76..3079.76 rows=4896 width=60)
                                             ->  Hash Join  (cost=2.87..3079.76 rows=4896 width=60)
                                                   Hash Cond: (supplier.s_nationkey = n1.n_nationkey)
                                                   ->  Parallel Seq Scan on supplier  (cost=0.00..2809.24 rows=58824 width=8)
                                                   ->  Hash  (cost=2.84..2.84 rows=2 width=60)
                                                         ->  Nested Loop  (cost=0.00..2.84 rows=2 width=60)
                                                               Join Filter: (((n1.n_name = 'PERU'::bpchar) AND (n2.n_name = 'MOROCCO'::bpchar)) OR ((n1.n_name = 'MOROCCO'::bpchar) AND (n2.n_name = 'PERU'::bpchar)))
                                                               ->  Seq Scan on nation n1  (cost=0.00..1.38 rows=2 width=30)
                                                                     Filter: ((n_name = 'PERU'::bpchar) OR (n_name = 'MOROCCO'::bpchar))
                                                               ->  Materialize  (cost=0.00..1.39 rows=2 width=30)
                                                                     ->  Seq Scan on nation n2  (cost=0.00..1.38 rows=2 width=30)
                                                                           Filter: ((n_name = 'MOROCCO'::bpchar) OR (n_name = 'PERU'::bpchar))
                     ->  Index Scan using orders_pkey on orders  (cost=0.43..3.42 rows=1 width=8)
                           Index Cond: (o_orderkey = lineitem.l_orderkey)
               ->  Index Scan using customer_pkey on customer  (cost=0.43..3.41 rows=1 width=8)
                     Index Cond: (c_custkey = orders.o_custkey)
(30 rows)

query 8 run 1
SET
SET
SET
                                                                  QUERY PLAN                                                                   
-----------------------------------------------------------------------------------------------------------------------------------------------
 Limit  (cost=386495.88..392320.03 rows=1 width=64)
   ->  GroupAggregate  (cost=386495.88..14399399.85 rows=2406 width=64)
         Group Key: EXTRACT(year FROM orders.o_orderdate)
         ->  Nested Loop  (cost=386495.88..14398872.97 rows=23938 width=70)
               Join Filter: (supplier.s_nationkey = n2.n_nationkey)
               ->  Nested Loop  (cost=386495.88..14390166.67 rows=23938 width=20)
                     ->  Nested Loop  (cost=386495.58..14310806.35 rows=24259 width=20)
                           ->  Nested Loop  (cost=386495.15..3824735.66 rows=3653570 width=24)
                                 ->  Gather Merge  (cost=386494.58..495888.34 rows=913635 width=8)
                                       Workers Planned: 4
                                       ->  Sort  (cost=385494.52..386065.54 rows=228409 width=8)
                                             Sort Key: (EXTRACT(year FROM orders.o_orderdate))
                                             ->  Parallel Hash Join  (cost=42794.02..365164.68 rows=228409 width=8)
                                                   Hash Cond: (orders.o_custkey = customer.c_custkey)
                                                   ->  Parallel Seq Scan on orders  (cost=0.00..317516.98 rows=1142044 width=12)
                                                         Filter: ((o_orderdate >= '1995-01-01'::date) AND (o_orderdate <= '1996-12-31'::date))
                                                   ->  Parallel Hash  (cost=41856.42..41856.42 rows=75008 width=4)
                                                         ->  Hash Join  (cost=2.51..41856.42 rows=75008 width=4)
                                                               Hash Cond: (customer.c_nationkey = n1.n_nationkey)
                                                               ->  Parallel Seq Scan on customer  (cost=0.00..39697.43 rows=375042 width=8)
                                                               ->  Hash  (cost=2.45..2.45 rows=5 width=4)
                                                                     ->  Hash Join  (cost=1.07..2.45 rows=5 width=4)
                                                                           Hash Cond: (n1.n_regionkey = region.r_regionkey)
                                                                           ->  Seq Scan on nation n1  (cost=0.00..1.25 rows=25 width=8)
                                                                           ->  Hash  (cost=1.06..1.06 rows=1 width=4)
                                                                                 ->  Seq Scan on region  (cost=0.00..1.06 rows=1 width=4)
                                                                                       Filter: (r_name = 'AMERICA'::bpchar)
                                 ->  Index Scan using idx_lineitem_orderkey on lineitem  (cost=0.56..3.60 rows=4 width=24)
                                       Index Cond: (l_orderkey = orders.o_orderkey)
                           ->  Memoize  (cost=0.44..3.42 rows=1 width=4)
                                 Cache Key: lineitem.l_partkey
                                 Cache Mode: logical
                                 ->  Index Scan using part_pkey on part  (cost=0.43..3.41 rows=1 width=4)
                                       Index Cond: (p_partkey = lineitem.l_partkey)
                                       Filter: ((p_type)::text = 'LARGE POLISHED BRASS'::text)
                     ->  Index Scan using supplier_pkey on supplier  (cost=0.29..3.27 rows=1 width=8)
                           Index Cond: (s_suppkey = lineitem.l_suppkey)
               ->  Materialize  (cost=0.00..1.38 rows=25 width=30)
                     ->  Seq Scan on nation n2  (cost=0.00..1.25 rows=25 width=30)
(39 rows)

query 9 run 1
SET
SET
SET
                                                                    QUERY PLAN                                                                     
---------------------------------------------------------------------------------------------------------------------------------------------------
 Limit  (cost=284764.76..284841.41 rows=1 width=90)
   ->  GroupAggregate  (cost=284764.76..4895329.96 rows=60150 width=90)
         Group Key: nation.n_name, (EXTRACT(year FROM orders.o_orderdate))
         ->  Incremental Sort  (cost=284764.76..4873502.05 rows=1195752 width=81)
               Sort Key: nation.n_name, (EXTRACT(year FROM orders.o_orderdate)) DESC
               Presorted Key: nation.n_name
               ->  Nested Loop  (cost=94190.18..4765611.06 rows=1195752 width=81)
                     ->  Nested Loop  (cost=94189.74..670022.68 rows=1195752 width=53)
                           Join Filter: (supplier.s_suppkey = lineitem.l_suppkey)
                           ->  Gather Merge  (cost=94189.30..113540.34 rows=161616 width=48)
                                 Workers Planned: 4
                                 ->  Sort  (cost=93189.24..93290.25 rows=40404 width=48)
                                       Sort Key: nation.n_name
                                       ->  Hash Join  (cost=3546.53..90097.89 rows=40404 width=48)
                                             Hash Cond: (supplier.s_nationkey = nation.n_nationkey)
                                             ->  Parallel Hash Join  (cost=3544.97..89972.29 rows=40404 width=26)
                                                   Hash Cond: (partsupp.ps_suppkey = supplier.s_suppkey)
                                                   ->  Nested Loop  (cost=0.43..86321.70 rows=40404 width=18)
                                                         ->  Parallel Seq Scan on part  (cost=0.00..47231.16 rows=10101 width=4)
                                                               Filter: ((p_name)::text ~~ '%navy%'::text)
                                                         ->  Index Scan using idx_partsupp_partkey on partsupp  (cost=0.43..3.70 rows=17 width=14)
                                                               Index Cond: (ps_partkey = part.p_partkey)
                                                   ->  Parallel Hash  (cost=2809.24..2809.24 rows=58824 width=8)
                                                         ->  Parallel Seq Scan on supplier  (cost=0.00..2809.24 rows=58824 width=8)
                                             ->  Hash  (cost=1.25..1.25 rows=25 width=30)
                                                   ->  Seq Scan on nation  (cost=0.00..1.25 rows=25 width=30)
                           ->  Index Scan using idx_lineitem_part_supp on lineitem  (cost=0.44..3.43 rows=1 width=29)
                                 Index Cond: ((l_partkey = partsupp.ps_partkey) AND (l_suppkey = partsupp.ps_suppkey))
                     ->  Index Scan using orders_pkey on orders  (cost=0.43..3.42 rows=1 width=8)
                           Index Cond: (o_orderkey = lineitem.l_orderkey)
(30 rows)

query 10 run 1
SET
SET
SET
                                                                       QUERY PLAN                                                                       
--------------------------------------------------------------------------------------------------------------------------------------------------------
 Limit  (cost=955638.40..955638.45 rows=20 width=201)
   ->  Sort  (cost=955638.40..957061.56 rows=569263 width=201)
         Sort Key: (sum((lineitem.l_extendedprice * ('1'::numeric - lineitem.l_discount)))) DESC
         ->  GroupAggregate  (cost=858098.44..940490.52 rows=569263 width=201)
               Group Key: customer.c_custkey, nation.n_name
               ->  Gather Merge  (cost=858098.44..926258.94 rows=569263 width=181)
                     Workers Planned: 4
                     ->  Sort  (cost=857098.38..857454.17 rows=142316 width=181)
                           Sort Key: customer.c_custkey, nation.n_name
                           ->  Hash Join  (cost=801614.09..844917.03 rows=142316 width=181)
                                 Hash Cond: (customer.c_nationkey = nation.n_nationkey)
                                 ->  Parallel Hash Join  (cost=801612.52..844478.55 rows=142316 width=159)
                                       Hash Cond: (customer.c_custkey = orders.o_custkey)
                                       ->  Parallel Seq Scan on customer  (cost=0.00..39697.43 rows=375042 width=147)
                                       ->  Parallel Hash  (cost=799833.57..799833.57 rows=142316 width=16)
                                             ->  Nested Loop  (cost=6744.93..799833.57 rows=142316 width=16)
                                                   ->  Parallel Bitmap Heap Scan on orders  (cost=6744.37..270205.27 rows=146194 width=8)
                                                         Recheck Cond: ((o_orderdate >= '1994-08-01'::date) AND (o_orderdate < '1994-11-01'::date))
                                                         ->  Bitmap Index Scan on idx_orders_orderdate  (cost=0.00..6598.18 rows=584774 width=0)
                                                               Index Cond: ((o_orderdate >= '1994-08-01'::date) AND (o_orderdate < '1994-11-01'::date))
                                                   ->  Index Scan using idx_lineitem_orderkey on lineitem  (cost=0.56..3.61 rows=1 width=16)
                                                         Index Cond: (l_orderkey = orders.o_orderkey)
                                                         Filter: (l_returnflag = 'R'::bpchar)
                                 ->  Hash  (cost=1.25..1.25 rows=25 width=30)
                                       ->  Seq Scan on nation  (cost=0.00..1.25 rows=25 width=30)
(25 rows)

query 11 run 1
SET
SET
SET
                                                                  QUERY PLAN                                                                   
-----------------------------------------------------------------------------------------------------------------------------------------------
 Limit  (cost=438235.96..438235.97 rows=1 width=36)
   InitPlan 1
     ->  Finalize Aggregate  (cost=193219.75..193219.76 rows=1 width=32)
           ->  Gather  (cost=193219.53..193219.74 rows=2 width=32)
                 Workers Planned: 2
                 ->  Partial Aggregate  (cost=192219.53..192219.54 rows=1 width=32)
                       ->  Nested Loop  (cost=0.87..191219.52 rows=133334 width=10)
                             ->  Nested Loop  (cost=0.44..4617.72 rows=1667 width=4)
                                   ->  Parallel Index Scan using supplier_pkey on supplier supplier_1  (cost=0.29..3552.46 rows=41667 width=8)
                                   ->  Memoize  (cost=0.15..0.92 rows=1 width=4)
                                         Cache Key: supplier_1.s_nationkey
                                         Cache Mode: logical
                                         ->  Index Scan using nation_pkey on nation nation_1  (cost=0.14..0.91 rows=1 width=4)
                                               Index Cond: (n_nationkey = supplier_1.s_nationkey)
                                               Filter: (n_name = 'SAUDI ARABIA'::bpchar)
                             ->  Index Scan using idx_partsupp_suppkey on partsupp partsupp_1  (cost=0.43..111.15 rows=79 width=14)
                                   Index Cond: (ps_suppkey = supplier_1.s_suppkey)
   ->  Sort  (cost=245016.20..245282.87 rows=106667 width=36)
         Sort Key: (sum((partsupp.ps_supplycost * (partsupp.ps_availqty)::numeric))) DESC
         ->  Finalize GroupAggregate  (cost=203569.39..244482.87 rows=106667 width=36)
               Group Key: partsupp.ps_partkey
               Filter: (sum((partsupp.ps_supplycost * (partsupp.ps_availqty)::numeric)) > (InitPlan 1).col1)
               ->  Gather Merge  (cost=203569.39..237682.84 rows=266668 width=36)
                     Workers Planned: 2
                     ->  Partial GroupAggregate  (cost=202569.37..205902.72 rows=133334 width=36)
                           Group Key: partsupp.ps_partkey
                           ->  Sort  (cost=202569.37..202902.70 rows=133334 width=14)
                                 Sort Key: partsupp.ps_partkey
                                 ->  Nested Loop  (cost=0.87..191219.52 rows=133334 width=14)
                                       ->  Nested Loop  (cost=0.44..4617.72 rows=1667 width=4)
                                             ->  Parallel Index Scan using supplier_pkey on supplier  (cost=0.29..3552.46 rows=41667 width=8)
                                             ->  Memoize  (cost=0.15..0.92 rows=1 width=4)
                                                   Cache Key: supplier.s_nationkey
                                                   Cache Mode: logical
                                                   ->  Index Scan using nation_pkey on nation  (cost=0.14..0.91 rows=1 width=4)
                                                         Index Cond: (n_nationkey = supplier.s_nationkey)
                                                         Filter: (n_name = 'SAUDI ARABIA'::bpchar)
                                       ->  Index Scan using idx_partsupp_suppkey on partsupp  (cost=0.43..111.15 rows=79 width=18)
                                             Index Cond: (ps_suppkey = supplier.s_suppkey)
(39 rows)

query 12 run 1
SET
SET
SET
                                                                                                                    QUERY PLAN                                                                                                                     
---------------------------------------------------------------------------------------------------------------------------------------------------------------------------------------------------------------------------------------------------
 Limit  (cost=1469361.29..1615747.40 rows=1 width=27)
   ->  GroupAggregate  (cost=1469361.29..2494064.03 rows=7 width=27)
         Group Key: lineitem.l_shipmode
         ->  Nested Loop  (cost=1469361.29..2489020.25 rows=288212 width=27)
               ->  Gather Merge  (cost=1469360.86..1503869.82 rows=288212 width=15)
                     Workers Planned: 4
                     ->  Sort  (cost=1468360.80..1468540.93 rows=72053 width=15)
                           Sort Key: lineitem.l_shipmode
                           ->  Parallel Seq Scan on lineitem  (cost=0.00..1462547.28 rows=72053 width=15)
                                 Filter: ((l_shipmode = ANY ('{SHIP,"REG AIR"}'::bpchar[])) AND (l_commitdate < l_receiptdate) AND (l_shipdate < l_commitdate) AND (l_receiptdate >= '1994-01-01'::date) AND (l_receiptdate < '1995-01-01'::date))
               ->  Index Scan using orders_pkey on orders  (cost=0.43..3.42 rows=1 width=20)
                     Index Cond: (o_orderkey = lineitem.l_orderkey)
(12 rows)

query 13 run 1
SET
SET
SET
                                                           QUERY PLAN                                                            
---------------------------------------------------------------------------------------------------------------------------------
 Limit  (cost=1361611.19..1361611.19 rows=1 width=16)
   ->  Sort  (cost=1361611.19..1361611.69 rows=200 width=16)
         Sort Key: (count(*)) DESC, (count(orders.o_orderkey)) DESC
         ->  HashAggregate  (cost=1361608.19..1361610.19 rows=200 width=16)
               Group Key: count(orders.o_orderkey)
               ->  HashAggregate  (cost=1208102.26..1339105.64 rows=1500170 width=12)
                     Group Key: customer.c_custkey
                     Planned Partitions: 4
                     ->  Hash Right Join  (cost=53290.10..662894.37 rows=14848215 width=8)
                           Hash Cond: (orders.o_custkey = customer.c_custkey)
                           ->  Seq Scan on orders  (cost=0.00..448764.59 rows=14848215 width=8)
                                 Filter: ((o_comment)::text !~~ '%special%requests%'::text)
                           ->  Hash  (cost=28676.98..28676.98 rows=1500170 width=4)
                                 ->  Index Only Scan using customer_pkey on customer  (cost=0.43..28676.98 rows=1500170 width=4)
(14 rows)

query 14 run 1
SET
SET
SET
                                                          QUERY PLAN                                                          
------------------------------------------------------------------------------------------------------------------------------
 Limit  (cost=809318.74..809318.75 rows=1 width=32)
   ->  Finalize Aggregate  (cost=809318.74..809318.75 rows=1 width=32)
         ->  Gather  (cost=809318.28..809318.69 rows=4 width=64)
               Workers Planned: 4
               ->  Partial Aggregate  (cost=808318.28..808318.29 rows=1 width=64)
                     ->  Parallel Hash Join  (cost=63649.98..805202.79 rows=178028 width=33)
                           Hash Cond: (lineitem.l_partkey = part.p_partkey)
                           ->  Parallel Bitmap Heap Scan on lineitem  (cost=11418.69..752504.17 rows=178028 width=16)
                                 Recheck Cond: ((l_shipdate >= '1994-05-01'::date) AND (l_shipdate < '1994-06-01'::date))
                                 ->  Bitmap Index Scan on idx_lineitem_shipdate  (cost=0.00..11240.67 rows=712110 width=0)
                                       Index Cond: ((l_shipdate >= '1994-05-01'::date) AND (l_shipdate < '1994-06-01'::date))
                           ->  Parallel Hash  (cost=45981.13..45981.13 rows=500013 width=25)
                                 ->  Parallel Seq Scan on part  (cost=0.00..45981.13 rows=500013 width=25)
(13 rows)

query 15 run 1
SET
SET
SET
CREATE VIEW
                                                             QUERY PLAN                                                             
------------------------------------------------------------------------------------------------------------------------------------
 Limit  (cost=2742832.73..2742939.91 rows=1 width=104)
   InitPlan 1
     ->  Aggregate  (cost=1390258.12..1390258.13 rows=1 width=32)
           ->  Finalize HashAggregate  (cost=1387724.62..1388991.37 rows=101340 width=36)
                 Group Key: lineitem_1.l_suppkey
                 ->  Gather  (cost=1342881.67..1384684.42 rows=405360 width=36)
                       Workers Planned: 4
                       ->  Partial HashAggregate  (cost=1341881.67..1343148.42 rows=101340 width=36)
                             Group Key: lineitem_1.l_suppkey
                             ->  Parallel Bitmap Heap Scan on lineitem lineitem_1  (cost=36524.86..1336186.97 rows=569470 width=16)
                                   Recheck Cond: ((l_shipdate >= '1996-01-01'::date) AND (l_shipdate < '1996-04-01'::date))
                                   ->  Bitmap Index Scan on idx_lineitem_shipdate  (cost=0.00..35955.39 rows=2277882 width=0)
                                         Index Cond: ((l_shipdate >= '1996-01-01'::date) AND (l_shipdate < '1996-04-01'::date))
   ->  Nested Loop  (cost=1352574.60..1406913.99 rows=507 width=104)
         ->  Finalize GroupAggregate  (cost=1352574.31..1405670.25 rows=507 width=36)
               Group Key: lineitem.l_suppkey
               Filter: (sum((lineitem.l_extendedprice * ('1'::numeric - lineitem.l_discount))) = (InitPlan 1).col1)
               ->  Gather Merge  (cost=1352574.31..1401109.95 rows=405360 width=36)
                     Workers Planned: 4
                     ->  Sort  (cost=1351574.25..1351827.60 rows=101340 width=36)
                           Sort Key: lineitem.l_suppkey
                           ->  Partial HashAggregate  (cost=1341881.67..1343148.42 rows=101340 width=36)
                                 Group Key: lineitem.l_suppkey
                                 ->  Parallel Bitmap Heap Scan on lineitem  (cost=36524.86..1336186.97 rows=569470 width=16)
                                       Recheck Cond: ((l_shipdate >= '1996-01-01'::date) AND (l_shipdate < '1996-04-01'::date))
                                       ->  Bitmap Index Scan on idx_lineitem_shipdate  (cost=0.00..35955.39 rows=2277882 width=0)
                                             Index Cond: ((l_shipdate >= '1996-01-01'::date) AND (l_shipdate < '1996-04-01'::date))
         ->  Index Scan using supplier_pkey on supplier  (cost=0.29..2.44 rows=1 width=72)
               Index Cond: (s_suppkey = lineitem.l_suppkey)
(29 rows)

DROP VIEW
query 16 run 1
SET
SET
SET
                                                                                            QUERY PLAN                                                                                            
--------------------------------------------------------------------------------------------------------------------------------------------------------------------------------------------------
 Limit  (cost=254232.33..254232.33 rows=1 width=44)
   ->  Sort  (cost=254232.33..254621.16 rows=155530 width=44)
         Sort Key: (count(DISTINCT partsupp.ps_suppkey)) DESC, part.p_brand, part.p_type, part.p_size
         ->  GroupAggregate  (cost=172597.27..253454.68 rows=155530 width=44)
               Group Key: part.p_brand, part.p_type, part.p_size
               ->  Gather Merge  (cost=172597.27..245786.74 rows=611264 width=40)
                     Workers Planned: 4
                     ->  Sort  (cost=171597.21..171979.25 rows=152816 width=40)
                           Sort Key: part.p_brand, part.p_type, part.p_size, partsupp.ps_suppkey
                           ->  Parallel Hash Join  (cost=57907.91..158438.65 rows=152816 width=40)
                                 Hash Cond: (partsupp.ps_partkey = part.p_partkey)
                                 ->  Parallel Index Only Scan using partsupp_pkey on partsupp  (cost=3471.46..101377.19 rows=1000004 width=8)
                                       Filter: (NOT (ANY (ps_suppkey = (hashed SubPlan 1).col1)))
                                       SubPlan 1
                                         ->  Seq Scan on supplier  (cost=0.00..3471.00 rows=10 width=4)
                                               Filter: ((s_comment)::text ~~ '%Customer%Complaints%'::text)
                                 ->  Parallel Hash  (cost=53481.32..53481.32 rows=76410 width=40)
                                       ->  Parallel Seq Scan on part  (cost=0.00..53481.32 rows=76410 width=40)
                                             Filter: ((p_brand <> 'Brand#12'::bpchar) AND ((p_type)::text !~~ 'SMALL BRUSHED%'::text) AND (p_size = ANY ('{12,32,36,26,40,34,49,9}'::integer[])))
(19 rows)

query 17 run 1
SET
SET
SET
                                                            QUERY PLAN                                                             
-----------------------------------------------------------------------------------------------------------------------------------
 Limit  (cost=3375407.71..3375407.72 rows=1 width=32)
   ->  Aggregate  (cost=3375407.71..3375407.72 rows=1 width=32)
         ->  Merge Join  (cost=2274149.46..3375361.66 rows=18418 width=8)
               Merge Cond: (lineitem_1.l_partkey = part.p_partkey)
               Join Filter: (lineitem.l_quantity < ((0.2 * avg(lineitem_1.l_quantity))))
               ->  Finalize GroupAggregate  (cost=2273148.53..3271407.10 rows=1905297 width=36)
                     Group Key: lineitem_1.l_partkey
                     ->  Gather Merge  (cost=2273148.53..3185668.74 rows=7621188 width=36)
                           Workers Planned: 4
                           ->  Sort  (cost=2272148.47..2276911.72 rows=1905297 width=36)
                                 Sort Key: lineitem_1.l_partkey
                                 ->  Partial HashAggregate  (cost=1869658.36..2039917.40 rows=1905297 width=36)
                                       Group Key: lineitem_1.l_partkey
                                       Planned Partitions: 16
                                       ->  Parallel Seq Scan on lineitem lineitem_1  (cost=0.00..1275100.46 rows=14995746 width=9)
               ->  Materialize  (cost=1000.93..98355.64 rows=58002 width=21)
                     ->  Gather Merge  (cost=1000.93..98210.63 rows=58002 width=21)
                           Workers Planned: 4
                           ->  Nested Loop  (cost=0.87..90301.98 rows=14500 width=21)
                                 ->  Parallel Index Scan using part_pkey on part  (cost=0.43..66712.88 rows=484 width=4)
                                       Filter: ((p_brand = 'Brand#22'::bpchar) AND (p_container = 'LG BOX'::bpchar))
                                 ->  Index Scan using idx_lineitem_part_supp on lineitem  (cost=0.44..48.43 rows=31 width=17)
                                       Index Cond: (l_partkey = part.p_partkey)
(23 rows)

query 18 run 1
SET
SET
SET
                                                                          QUERY PLAN                                                                          
--------------------------------------------------------------------------------------------------------------------------------------------------------------
 Limit  (cost=8578805.96..8578806.21 rows=100 width=71)
   ->  Sort  (cost=8578805.96..8628778.52 rows=19989021 width=71)
         Sort Key: orders.o_totalprice DESC, orders.o_orderdate
         ->  GroupAggregate  (cost=829629.32..7814839.96 rows=19989021 width=71)
               Group Key: orders.o_orderkey, customer.c_custkey
               ->  Incremental Sort  (cost=829629.32..7415059.54 rows=19989021 width=44)
                     Sort Key: orders.o_orderkey, customer.c_custkey
                     Presorted Key: orders.o_orderkey
                     ->  Merge Join  (cost=829628.92..6690178.88 rows=19989021 width=44)
                           Merge Cond: (orders.o_orderkey = lineitem.l_orderkey)
                           ->  Gather Merge  (cost=829378.43..4160775.68 rows=4998582 width=43)
                                 Workers Planned: 4
                                 ->  Merge Join  (cost=828378.37..3564396.32 rows=1249646 width=43)
                                       Merge Cond: (orders.o_orderkey = lineitem_1.l_orderkey)
                                       ->  Sort  (cost=828377.81..837752.64 rows=3749932 width=39)
                                             Sort Key: orders.o_orderkey
                                             ->  Parallel Hash Join  (cost=44385.45..352996.36 rows=3749932 width=39)
                                                   Hash Cond: (orders.o_custkey = customer.c_custkey)
                                                   ->  Parallel Seq Scan on orders  (cost=0.00..298767.32 rows=3749932 width=20)
                                                   ->  Parallel Hash  (cost=39697.43..39697.43 rows=375042 width=23)
                                                         ->  Parallel Seq Scan on customer  (cost=0.00..39697.43 rows=375042 width=23)
                                       ->  GroupAggregate  (cost=0.56..2692275.94 rows=4998582 width=4)
                                             Group Key: lineitem_1.l_orderkey
                                             Filter: (sum(lineitem_1.l_quantity) > '313'::numeric)
                                             ->  Index Scan using idx_lineitem_orderkey on lineitem lineitem_1  (cost=0.56..2167424.82 rows=59982984 width=9)
                           ->  Index Scan using idx_lineitem_orderkey on lineitem  (cost=0.56..2167424.82 rows=59982984 width=9)
(26 rows)

query 19 run 1
SET
SET
SET
                                                                                                                                                                                                                                                                                                                                                                                                                                                                                                                  QUERY PLAN                                                                                                                                                                                                                                                                                                                                                                                                                                                                                                                  
----------------------------------------------------------------------------------------------------------------------------------------------------------------------------------------------------------------------------------------------------------------------------------------------------------------------------------------------------------------------------------------------------------------------------------------------------------------------------------------------------------------------------------------------------------------------------------------------------------------------------------------------------------------------------------------------------------------------------------------------------------------------------------------------------------------------------------------------------------------------------------------------------------------------------------------------------------------------------------------------------------------------------------------------
 Limit  (cost=123366.49..123366.50 rows=1 width=32)
   ->  Finalize Aggregate  (cost=123366.49..123366.50 rows=1 width=32)
         ->  Gather  (cost=123366.06..123366.47 rows=4 width=32)
               Workers Planned: 4
               ->  Partial Aggregate  (cost=122366.06..122366.07 rows=1 width=32)
                     ->  Nested Loop  (cost=0.44..122363.92 rows=285 width=12)
                           ->  Parallel Seq Scan on part  (cost=0.00..62231.55 rows=1193 width=30)
                                 Filter: ((p_size >= 1) AND (((p_brand = 'Brand#24'::bpchar) AND (p_container = ANY ('{"SM CASE","SM BOX","SM PACK","SM PKG"}'::bpchar[])) AND (p_size <= 5)) OR ((p_brand = 'Brand#43'::bpchar) AND (p_container = ANY ('{"MED BAG","MED BOX","MED PKG","MED PACK"}'::bpchar[])) AND (p_size <= 10)) OR ((p_brand = 'Brand#44'::bpchar) AND (p_container = ANY ('{"LG CASE","LG BOX","LG PACK","LG PKG"}'::bpchar[])) AND (p_size <= 15))))
                           ->  Index Scan using idx_lineitem_part_supp on lineitem  (cost=0.44..50.39 rows=1 width=21)
                                 Index Cond: (l_partkey = part.p_partkey)
                                 Filter: ((l_shipmode = ANY ('{AIR,"AIR REG"}'::bpchar[])) AND (l_shipinstruct = 'DELIVER IN PERSON'::bpchar) AND (((l_quantity >= '10'::numeric) AND (l_quantity <= '20'::numeric)) OR ((l_quantity >= '10'::numeric) AND (l_quantity <= '20'::numeric)) OR ((l_quantity >= '20'::numeric) AND (l_quantity <= '30'::numeric))) AND (((part.p_brand = 'Brand#24'::bpchar) AND (part.p_container = ANY ('{"SM CASE","SM BOX","SM PACK","SM PKG"}'::bpchar[])) AND (l_quantity >= '10'::numeric) AND (l_quantity <= '20'::numeric) AND (part.p_size <= 5)) OR ((part.p_brand = 'Brand#43'::bpchar) AND (part.p_container = ANY ('{"MED BAG","MED BOX","MED PKG","MED PACK"}'::bpchar[])) AND (l_quantity >= '10'::numeric) AND (l_quantity <= '20'::numeric) AND (part.p_size <= 10)) OR ((part.p_brand = 'Brand#44'::bpchar) AND (part.p_container = ANY ('{"LG CASE","LG BOX","LG PACK","LG PKG"}'::bpchar[])) AND (l_quantity >= '20'::numeric) AND (l_quantity <= '30'::numeric) AND (part.p_size <= 15))))
(11 rows)

query 20 run 1
SET
SET
SET
                                                           QUERY PLAN                                                            
---------------------------------------------------------------------------------------------------------------------------------
 Limit  (cost=2462597.98..2662375.21 rows=1 width=52)
   ->  Nested Loop Semi Join  (cost=2462597.98..2662375.21 rows=1 width=52)
         Join Filter: (supplier.s_suppkey = lineitem.l_suppkey)
         ->  Gather Merge  (cost=4122.93..4578.81 rows=4000 width=56)
               Workers Planned: 1
               ->  Sort  (cost=3122.92..3128.80 rows=2353 width=56)
                     Sort Key: supplier.s_name
                     ->  Hash Join  (cost=1.32..2991.15 rows=2353 width=56)
                           Hash Cond: (supplier.s_nationkey = nation.n_nationkey)
                           ->  Parallel Seq Scan on supplier  (cost=0.00..2809.24 rows=58824 width=60)
                           ->  Hash  (cost=1.31..1.31 rows=1 width=4)
                                 ->  Seq Scan on nation  (cost=0.00..1.31 rows=1 width=4)
                                       Filter: (n_name = 'IRAQ'::bpchar)
         ->  Materialize  (cost=2458475.05..2657616.40 rows=3 width=8)
               ->  Hash Join  (cost=2458475.05..2657616.38 rows=3 width=8)
                     Hash Cond: ((lineitem.l_partkey = partsupp.ps_partkey) AND (lineitem.l_suppkey = partsupp.ps_suppkey))
                     Join Filter: ((partsupp.ps_availqty)::numeric > ((0.5 * sum(lineitem.l_quantity))))
                     ->  HashAggregate  (cost=2382145.13..2544825.12 rows=4861497 width=40)
                           Group Key: lineitem.l_partkey, lineitem.l_suppkey
                           Planned Partitions: 32
                           ->  Bitmap Heap Scan on lineitem  (cost=147371.57..1994751.64 rows=9191171 width=13)
                                 Recheck Cond: ((l_shipdate >= '1996-01-01'::date) AND (l_shipdate < '1997-01-01'::date))
                                 ->  Bitmap Index Scan on idx_lineitem_shipdate  (cost=0.00..145073.78 rows=9191171 width=0)
                                       Index Cond: ((l_shipdate >= '1996-01-01'::date) AND (l_shipdate < '1997-01-01'::date))
                     ->  Hash  (cost=75117.77..75117.77 rows=80810 width=16)
                           ->  Gather  (cost=1000.43..75117.77 rows=80810 width=16)
                                 Workers Planned: 4
                                 ->  Nested Loop  (cost=0.43..66036.77 rows=20202 width=16)
                                       ->  Parallel Seq Scan on part  (cost=0.00..47231.16 rows=5051 width=4)
                                             Filter: ((p_name)::text ~~ 'olive%'::text)
                                       ->  Index Scan using idx_partsupp_partkey on partsupp  (cost=0.43..3.55 rows=17 width=12)
                                             Index Cond: (ps_partkey = part.p_partkey)
(32 rows)

query 21 run 1
SET
SET
SET
                                                                   QUERY PLAN                                                                    
-------------------------------------------------------------------------------------------------------------------------------------------------
 Limit  (cost=1960421.44..1960421.44 rows=1 width=34)
   ->  Sort  (cost=1960421.44..1960421.44 rows=1 width=34)
         Sort Key: (count(*)) DESC, supplier.s_name
         ->  GroupAggregate  (cost=1960418.21..1960421.43 rows=1 width=34)
               Group Key: supplier.s_name
               ->  Nested Loop Semi Join  (cost=1960418.21..1960421.41 rows=1 width=26)
                     Join Filter: (l2.l_suppkey <> l1.l_suppkey)
                     ->  Gather Merge  (cost=1960417.65..1960417.77 rows=1 width=38)
                           Workers Planned: 4
                           ->  Sort  (cost=1959417.59..1959417.60 rows=1 width=38)
                                 Sort Key: supplier.s_name
                                 ->  Nested Loop Anti Join  (cost=1337982.50..1959417.58 rows=1 width=38)
                                       ->  Parallel Hash Join  (cost=1337981.93..1653160.68 rows=95381 width=38)
                                             Hash Cond: (orders.o_orderkey = l1.l_orderkey)
                                             ->  Parallel Seq Scan on orders  (cost=0.00..308142.15 rows=1812842 width=4)
                                                   Filter: (o_orderstatus = 'F'::bpchar)
                                             ->  Parallel Hash  (cost=1335515.68..1335515.68 rows=197300 width=34)
                                                   ->  Parallel Hash Join  (cost=3020.56..1335515.68 rows=197300 width=34)
                                                         Hash Cond: (l1.l_suppkey = supplier.s_suppkey)
                                                         ->  Parallel Seq Scan on lineitem l1  (cost=0.00..1312589.82 rows=4998582 width=8)
                                                               Filter: (l_receiptdate > l_commitdate)
                                                         ->  Parallel Hash  (cost=2991.15..2991.15 rows=2353 width=30)
                                                               ->  Hash Join  (cost=1.32..2991.15 rows=2353 width=30)
                                                                     Hash Cond: (supplier.s_nationkey = nation.n_nationkey)
                                                                     ->  Parallel Seq Scan on supplier  (cost=0.00..2809.24 rows=58824 width=34)
                                                                     ->  Hash  (cost=1.31..1.31 rows=1 width=4)
                                                                           ->  Seq Scan on nation  (cost=0.00..1.31 rows=1 width=4)
                                                                                 Filter: (n_name = 'PERU'::bpchar)
                                       ->  Index Scan using idx_lineitem_orderkey on lineitem l3  (cost=0.56..3.64 rows=1 width=8)
                                             Index Cond: (l_orderkey = l1.l_orderkey)
                                             Filter: ((l_receiptdate > l_commitdate) AND (l_suppkey <> l1.l_suppkey))
                     ->  Index Scan using idx_lineitem_orderkey on lineitem l2  (cost=0.56..3.62 rows=4 width=8)
                           Index Cond: (l_orderkey = orders.o_orderkey)
(33 rows)

query 22 run 1
SET
SET
SET
                                                                        QUERY PLAN                                                                        
----------------------------------------------------------------------------------------------------------------------------------------------------------
 Limit  (cost=93879.10..93880.81 rows=1 width=72)
   InitPlan 1
     ->  Finalize Aggregate  (cost=46822.09..46822.10 rows=1 width=32)
           ->  Gather  (cost=46821.65..46822.06 rows=4 width=32)
                 Workers Planned: 4
                 ->  Partial Aggregate  (cost=45821.65..45821.66 rows=1 width=32)
                       ->  Parallel Seq Scan on customer customer_1  (cost=0.00..45791.87 rows=11914 width=6)
                             Filter: ((c_acctbal > 0.00) AND (SUBSTRING(c_phone FROM 1 FOR 2) = ANY ('{21,29,26,34,14,15,17}'::text[])))
   ->  GroupAggregate  (cost=47057.01..59809.16 rows=7446 width=72)
         Group Key: SUBSTRING(customer.c_phone FROM 1 FOR 2)
         ->  Nested Loop Anti Join  (cost=47057.01..59623.01 rows=7446 width=38)
               ->  Gather Merge  (cost=47056.57..49152.17 rows=17502 width=26)
                     Workers Planned: 4
                     ->  Sort  (cost=46056.51..46067.45 rows=4376 width=26)
                           Sort Key: (SUBSTRING(customer.c_phone FROM 1 FOR 2))
                           ->  Parallel Seq Scan on customer  (cost=0.00..45791.87 rows=4376 width=26)
                                 Filter: ((c_acctbal > (InitPlan 1).col1) AND (SUBSTRING(c_phone FROM 1 FOR 2) = ANY ('{21,29,26,34,14,15,17}'::text[])))
               ->  Index Only Scan using idx_orders_custkey on orders  (cost=0.43..2.16 rows=17 width=4)
                     Index Cond: (o_custkey = customer.c_custkey)
(19 rows)

