query 1 run 1
SET
SET
SET
                                                 QUERY PLAN                                                 
------------------------------------------------------------------------------------------------------------
 Limit  (cost=191548.55..191548.76 rows=1 width=236)
   ->  Finalize GroupAggregate  (cost=191548.55..191549.79 rows=6 width=236)
         Group Key: l_returnflag, l_linestatus
         ->  Sort  (cost=191548.55..191548.61 rows=24 width=236)
               Sort Key: l_returnflag, l_linestatus
               ->  Gather  (cost=191545.43..191548.00 rows=24 width=236)
                     Workers Planned: 4
                     ->  Partial HashAggregate  (cost=190545.43..190545.60 rows=6 width=236)
                           Group Key: l_returnflag, l_linestatus
                           ->  Parallel Seq Scan on lineitem  (cost=0.00..131314.31 rows=1480778 width=25)
                                 Filter: (l_shipdate <= '1998-09-10 00:00:00'::timestamp without time zone)
(11 rows)

query 2 run 1
SET
SET
SET
                                                                          QUERY PLAN                                                                           
---------------------------------------------------------------------------------------------------------------------------------------------------------------
 Limit  (cost=61800.21..61800.21 rows=1 width=192)
   ->  Sort  (cost=61800.21..61800.21 rows=1 width=192)
         Sort Key: supplier.s_acctbal DESC, nation.n_name, supplier.s_name, part.p_partkey
         ->  Nested Loop  (cost=1002.93..61800.20 rows=1 width=192)
               Join Filter: (partsupp.ps_suppkey = supplier.s_suppkey)
               ->  Hash Join  (cost=2.51..383.01 rows=2000 width=166)
                     Hash Cond: (supplier.s_nationkey = nation.n_nationkey)
                     ->  Seq Scan on supplier  (cost=0.00..323.00 rows=10000 width=144)
                     ->  Hash  (cost=2.45..2.45 rows=5 width=30)
                           ->  Hash Join  (cost=1.07..2.45 rows=5 width=30)
                                 Hash Cond: (nation.n_regionkey = region.r_regionkey)
                                 ->  Seq Scan on nation  (cost=0.00..1.25 rows=25 width=34)
                                 ->  Hash  (cost=1.06..1.06 rows=1 width=4)
                                       ->  Seq Scan on region  (cost=0.00..1.06 rows=1 width=4)
                                             Filter: (r_name = 'AMERICA'::bpchar)
               ->  Materialize  (cost=1000.42..61387.19 rows=1 width=34)
                     ->  Nested Loop  (cost=1000.42..61387.19 rows=1 width=34)
                           ->  Gather  (cost=1000.00..6420.30 rows=713 width=30)
                                 Workers Planned: 2
                                 ->  Parallel Seq Scan on part  (cost=0.00..5349.00 rows=297 width=30)
                                       Filter: (((p_type)::text ~~ '%NICKEL'::text) AND (p_size = 16))
                           ->  Index Scan using idx_partsupp_partkey on partsupp  (cost=0.42..77.08 rows=1 width=14)
                                 Index Cond: (ps_partkey = part.p_partkey)
                                 Filter: ((SubPlan 1) = ps_supplycost)
                                 SubPlan 1
                                   ->  Aggregate  (cost=18.44..18.45 rows=1 width=32)
                                         ->  Nested Loop  (cost=0.85..18.44 rows=1 width=6)
                                               Join Filter: (nation_1.n_regionkey = region_1.r_regionkey)
                                               ->  Seq Scan on region region_1  (cost=0.00..1.06 rows=1 width=4)
                                                     Filter: (r_name = 'AMERICA'::bpchar)
                                               ->  Nested Loop  (cost=0.85..17.33 rows=4 width=10)
                                                     ->  Nested Loop  (cost=0.71..16.71 rows=4 width=10)
                                                           ->  Index Scan using idx_partsupp_partkey on partsupp partsupp_1  (cost=0.42..3.50 rows=4 width=10)
                                                                 Index Cond: (part.p_partkey = ps_partkey)
                                                           ->  Index Scan using supplier_pkey on supplier supplier_1  (cost=0.29..3.30 rows=1 width=8)
                                                                 Index Cond: (s_suppkey = partsupp_1.ps_suppkey)
                                                     ->  Index Scan using nation_pkey on nation nation_1  (cost=0.14..0.16 rows=1 width=8)
                                                           Index Cond: (n_nationkey = supplier_1.s_nationkey)
(38 rows)

query 3 run 1
SET
SET
SET
                                                           QUERY PLAN                                                            
---------------------------------------------------------------------------------------------------------------------------------
 Limit  (cost=250481.77..250481.80 rows=10 width=44)
   ->  Sort  (cost=250481.77..251265.91 rows=313657 width=44)
         Sort Key: (sum((lineitem.l_extendedprice * ('1'::numeric - lineitem.l_discount)))) DESC, orders.o_orderdate
         ->  Finalize GroupAggregate  (cost=197287.44..243703.76 rows=313657 width=44)
               Group Key: lineitem.l_orderkey, orders.o_orderdate, orders.o_shippriority
               ->  Gather Merge  (cost=197287.44..235988.79 rows=303540 width=44)
                     Workers Planned: 3
                     ->  Partial GroupAggregate  (cost=196287.40..199322.80 rows=101180 width=44)
                           Group Key: lineitem.l_orderkey, orders.o_orderdate, orders.o_shippriority
                           ->  Sort  (cost=196287.40..196540.35 rows=101180 width=24)
                                 Sort Key: lineitem.l_orderkey, orders.o_orderdate, orders.o_shippriority
                                 ->  Nested Loop  (cost=5846.12..187876.03 rows=101180 width=24)
                                       ->  Hash Join  (cost=5845.69..38634.73 rows=46286 width=12)
                                             Hash Cond: (orders.o_custkey = customer.c_custkey)
                                             ->  Parallel Seq Scan on orders  (cost=0.00..32179.39 rows=232242 width=16)
                                                   Filter: (o_orderdate < '1995-03-07'::date)
                                             ->  Hash  (cost=5472.00..5472.00 rows=29895 width=4)
                                                   ->  Seq Scan on customer  (cost=0.00..5472.00 rows=29895 width=4)
                                                         Filter: (c_mktsegment = 'BUILDING'::bpchar)
                                       ->  Index Scan using idx_lineitem_orderkey on lineitem  (cost=0.43..3.20 rows=2 width=16)
                                             Index Cond: (l_orderkey = orders.o_orderkey)
                                             Filter: (l_shipdate > '1995-03-07'::date)
(22 rows)

query 4 run 1
SET
SET
SET
                                                              QUERY PLAN                                                              
--------------------------------------------------------------------------------------------------------------------------------------
 Limit  (cost=79351.50..79351.53 rows=1 width=24)
   ->  Finalize GroupAggregate  (cost=79351.50..79351.66 rows=5 width=24)
         Group Key: orders.o_orderpriority
         ->  Sort  (cost=79351.50..79351.54 rows=15 width=24)
               Sort Key: orders.o_orderpriority
               ->  Gather  (cost=79349.66..79351.21 rows=15 width=24)
                     Workers Planned: 3
                     ->  Partial HashAggregate  (cost=78349.66..78349.71 rows=5 width=24)
                           Group Key: orders.o_orderpriority
                           ->  Nested Loop Semi Join  (cost=805.68..78259.36 rows=18059 width=16)
                                 ->  Parallel Bitmap Heap Scan on orders  (cost=805.24..27207.12 rows=18059 width=20)
                                       Recheck Cond: ((o_orderdate >= '1993-12-01'::date) AND (o_orderdate < '1994-03-01'::date))
                                       ->  Bitmap Index Scan on idx_orders_orderdate  (cost=0.00..791.25 rows=55982 width=0)
                                             Index Cond: ((o_orderdate >= '1993-12-01'::date) AND (o_orderdate < '1994-03-01'::date))
                                 ->  Index Scan using idx_lineitem_orderkey on lineitem  (cost=0.43..3.22 rows=1 width=4)
                                       Index Cond: (l_orderkey = orders.o_orderkey)
                                       Filter: (l_commitdate < l_receiptdate)
(17 rows)

query 5 run 1
SET
SET
SET
                                                                       QUERY PLAN                                                                       
--------------------------------------------------------------------------------------------------------------------------------------------------------
 Limit  (cost=85686.86..85686.87 rows=1 width=58)
   ->  Sort  (cost=85686.86..85686.93 rows=25 width=58)
         Sort Key: (sum((lineitem.l_extendedprice * ('1'::numeric - lineitem.l_discount)))) DESC
         ->  Finalize GroupAggregate  (cost=85647.99..85686.74 rows=25 width=58)
               Group Key: nation.n_name
               ->  Gather Merge  (cost=85647.99..85685.86 rows=75 width=58)
                     Workers Planned: 3
                     ->  Partial GroupAggregate  (cost=84647.95..84677.01 rows=25 width=58)
                           Group Key: nation.n_name
                           ->  Sort  (cost=84647.95..84653.70 rows=2300 width=38)
                                 Sort Key: nation.n_name
                                 ->  Hash Join  (cost=10014.35..84519.52 rows=2300 width=38)
                                       Hash Cond: ((lineitem.l_suppkey = supplier.s_suppkey) AND (customer.c_nationkey = supplier.s_nationkey))
                                       ->  Nested Loop  (cost=9541.35..83744.36 rows=57555 width=50)
                                             ->  Hash Join  (cost=9540.92..37164.40 rows=14385 width=38)
                                                   Hash Cond: (orders.o_custkey = customer.c_custkey)
                                                   ->  Parallel Bitmap Heap Scan on orders  (cost=3203.91..30413.82 rows=71927 width=8)
                                                         Recheck Cond: ((o_orderdate >= '1993-01-01'::date) AND (o_orderdate < '1994-01-01'::date))
                                                         ->  Bitmap Index Scan on idx_orders_orderdate  (cost=0.00..3148.17 rows=222974 width=0)
                                                               Index Cond: ((o_orderdate >= '1993-01-01'::date) AND (o_orderdate < '1994-01-01'::date))
                                                   ->  Hash  (cost=5962.01..5962.01 rows=30000 width=38)
                                                         ->  Hash Join  (cost=2.51..5962.01 rows=30000 width=38)
                                                               Hash Cond: (customer.c_nationkey = nation.n_nationkey)
                                                               ->  Seq Scan on customer  (cost=0.00..5097.00 rows=150000 width=8)
                                                               ->  Hash  (cost=2.45..2.45 rows=5 width=30)
                                                                     ->  Hash Join  (cost=1.07..2.45 rows=5 width=30)
                                                                           Hash Cond: (nation.n_regionkey = region.r_regionkey)
                                                                           ->  Seq Scan on nation  (cost=0.00..1.25 rows=25 width=34)
                                                                           ->  Hash  (cost=1.06..1.06 rows=1 width=4)
                                                                                 ->  Seq Scan on region  (cost=0.00..1.06 rows=1 width=4)
                                                                                       Filter: (r_name = 'AMERICA'::bpchar)
                                             ->  Index Scan using idx_lineitem_orderkey on lineitem  (cost=0.43..3.20 rows=4 width=20)
                                                   Index Cond: (l_orderkey = orders.o_orderkey)
                                       ->  Hash  (cost=323.00..323.00 rows=10000 width=8)
                                             ->  Seq Scan on supplier  (cost=0.00..323.00 rows=10000 width=8)
(35 rows)

query 6 run 1
SET
SET
SET
                                                                                                                QUERY PLAN                                                                                                                 
-------------------------------------------------------------------------------------------------------------------------------------------------------------------------------------------------------------------------------------------
 Limit  (cost=105046.24..105046.25 rows=1 width=32)
   ->  Finalize Aggregate  (cost=105046.24..105046.25 rows=1 width=32)
         ->  Gather  (cost=105045.80..105046.21 rows=4 width=32)
               Workers Planned: 4
               ->  Partial Aggregate  (cost=104045.80..104045.81 rows=1 width=32)
                     ->  Parallel Bitmap Heap Scan on lineitem  (cost=20679.69..103903.01 rows=28558 width=12)
                           Recheck Cond: ((l_shipdate >= '1993-01-01'::date) AND (l_shipdate < '1994-01-01 00:00:00'::timestamp without time zone) AND (l_discount >= 0.06) AND (l_discount <= 0.08) AND (l_quantity < '25'::numeric))
                           ->  Bitmap Index Scan on idx_lineitem_shipdate  (cost=0.00..20651.13 rows=114231 width=0)
                                 Index Cond: ((l_shipdate >= '1993-01-01'::date) AND (l_shipdate < '1994-01-01 00:00:00'::timestamp without time zone) AND (l_discount >= 0.06) AND (l_discount <= 0.08) AND (l_quantity < '25'::numeric))
(9 rows)

query 7 run 1
SET
SET
SET
                                                                                       QUERY PLAN                                                                                        
-----------------------------------------------------------------------------------------------------------------------------------------------------------------------------------------
 Limit  (cost=165415.18..165415.34 rows=1 width=92)
   ->  Finalize GroupAggregate  (cost=165415.18..166358.37 rows=6102 width=92)
         Group Key: n1.n_name, n2.n_name, (date_part('year'::text, (lineitem.l_shipdate)::timestamp without time zone))
         ->  Gather Merge  (cost=165415.18..166177.78 rows=5904 width=92)
               Workers Planned: 3
               ->  Partial GroupAggregate  (cost=164415.14..164484.02 rows=1968 width=92)
                     Group Key: n1.n_name, n2.n_name, (date_part('year'::text, (lineitem.l_shipdate)::timestamp without time zone))
                     ->  Sort  (cost=164415.14..164420.06 rows=1968 width=72)
                           Sort Key: n1.n_name, n2.n_name, (date_part('year'::text, (lineitem.l_shipdate)::timestamp without time zone))
                           ->  Hash Join  (cost=6074.43..164307.47 rows=1968 width=72)
                                 Hash Cond: (lineitem.l_suppkey = supplier.s_suppkey)
                                 Join Filter: (((n1.n_name = 'PERU'::bpchar) AND (n2.n_name = 'MOROCCO'::bpchar)) OR ((n1.n_name = 'MOROCCO'::bpchar) AND (n2.n_name = 'PERU'::bpchar)))
                                 ->  Nested Loop  (cost=5709.33..163679.33 rows=47338 width=46)
                                       ->  Hash Join  (cost=5708.90..38880.23 rows=38710 width=30)
                                             Hash Cond: (orders.o_custkey = customer.c_custkey)
                                             ->  Parallel Seq Scan on orders  (cost=0.00..30969.71 rows=483871 width=8)
                                             ->  Hash  (cost=5558.90..5558.90 rows=12000 width=30)
                                                   ->  Hash Join  (cost=1.40..5558.90 rows=12000 width=30)
                                                         Hash Cond: (customer.c_nationkey = n2.n_nationkey)
                                                         ->  Seq Scan on customer  (cost=0.00..5097.00 rows=150000 width=8)
                                                         ->  Hash  (cost=1.38..1.38 rows=2 width=30)
                                                               ->  Seq Scan on nation n2  (cost=0.00..1.38 rows=2 width=30)
                                                                     Filter: ((n_name = 'MOROCCO'::bpchar) OR (n_name = 'PERU'::bpchar))
                                       ->  Index Scan using idx_lineitem_orderkey on lineitem  (cost=0.43..3.21 rows=1 width=24)
                                             Index Cond: (l_orderkey = orders.o_orderkey)
                                             Filter: ((l_shipdate >= '1995-01-01'::date) AND (l_shipdate <= '1996-12-31'::date))
                                 ->  Hash  (cost=355.10..355.10 rows=800 width=30)
                                       ->  Hash Join  (cost=1.40..355.10 rows=800 width=30)
                                             Hash Cond: (supplier.s_nationkey = n1.n_nationkey)
                                             ->  Seq Scan on supplier  (cost=0.00..323.00 rows=10000 width=8)
                                             ->  Hash  (cost=1.38..1.38 rows=2 width=30)
                                                   ->  Seq Scan on nation n1  (cost=0.00..1.38 rows=2 width=30)
                                                         Filter: ((n_name = 'PERU'::bpchar) OR (n_name = 'MOROCCO'::bpchar))
(33 rows)

query 8 run 1
SET
SET
SET
                                                                          QUERY PLAN                                                                           
---------------------------------------------------------------------------------------------------------------------------------------------------------------
 Limit  (cost=81427.45..81427.60 rows=1 width=40)
   ->  Finalize GroupAggregate  (cost=81427.45..81783.22 rows=2406 width=40)
         Group Key: (date_part('year'::text, (orders.o_orderdate)::timestamp without time zone))
         ->  Gather Merge  (cost=81427.45..81703.81 rows=2022 width=72)
               Workers Planned: 2
               ->  Partial GroupAggregate  (cost=80427.43..80470.39 rows=1011 width=72)
                     Group Key: (date_part('year'::text, (orders.o_orderdate)::timestamp without time zone))
                     ->  Sort  (cost=80427.43..80429.95 rows=1011 width=46)
                           Sort Key: (date_part('year'::text, (orders.o_orderdate)::timestamp without time zone))
                           ->  Hash Join  (cost=50050.95..80376.97 rows=1011 width=46)
                                 Hash Cond: (supplier.s_nationkey = n2.n_nationkey)
                                 ->  Hash Join  (cost=50049.39..80367.25 rows=1011 width=20)
                                       Hash Cond: (lineitem.l_suppkey = supplier.s_suppkey)
                                       ->  Hash Join  (cost=49601.39..79916.60 rows=1012 width=20)
                                             Hash Cond: (lineitem.l_orderkey = orders.o_orderkey)
                                             ->  Nested Loop  (cost=0.43..30243.03 rows=16666 width=20)
                                                   ->  Parallel Seq Scan on part  (cost=0.00..5140.67 rows=555 width=4)
                                                         Filter: ((p_type)::text = 'LARGE POLISHED BRASS'::text)
                                                   ->  Index Scan using idx_lineitem_part_supp on lineitem  (cost=0.43..44.92 rows=31 width=24)
                                                         Index Cond: (l_partkey = part.p_partkey)
                                             ->  Hash  (cost=48462.33..48462.33 rows=91090 width=8)
                                                   ->  Hash Join  (cost=12880.78..48462.33 rows=91090 width=8)
                                                         Hash Cond: (orders.o_custkey = customer.c_custkey)
                                                         ->  Bitmap Heap Scan on orders  (cost=6543.77..39506.49 rows=455448 width=12)
                                                               Recheck Cond: ((o_orderdate >= '1995-01-01'::date) AND (o_orderdate <= '1996-12-31'::date))
                                                               ->  Bitmap Index Scan on idx_orders_orderdate  (cost=0.00..6429.91 rows=455448 width=0)
                                                                     Index Cond: ((o_orderdate >= '1995-01-01'::date) AND (o_orderdate <= '1996-12-31'::date))
                                                         ->  Hash  (cost=5962.01..5962.01 rows=30000 width=4)
                                                               ->  Hash Join  (cost=2.51..5962.01 rows=30000 width=4)
                                                                     Hash Cond: (customer.c_nationkey = n1.n_nationkey)
                                                                     ->  Seq Scan on customer  (cost=0.00..5097.00 rows=150000 width=8)
                                                                     ->  Hash  (cost=2.45..2.45 rows=5 width=4)
                                                                           ->  Hash Join  (cost=1.07..2.45 rows=5 width=4)
                                                                                 Hash Cond: (n1.n_regionkey = region.r_regionkey)
                                                                                 ->  Seq Scan on nation n1  (cost=0.00..1.25 rows=25 width=8)
                                                                                 ->  Hash  (cost=1.06..1.06 rows=1 width=4)
                                                                                       ->  Seq Scan on region  (cost=0.00..1.06 rows=1 width=4)
                                                                                             Filter: (r_name = 'AMERICA'::bpchar)
                                       ->  Hash  (cost=323.00..323.00 rows=10000 width=8)
                                             ->  Seq Scan on supplier  (cost=0.00..323.00 rows=10000 width=8)
                                 ->  Hash  (cost=1.25..1.25 rows=25 width=30)
                                       ->  Seq Scan on nation n2  (cost=0.00..1.25 rows=25 width=30)
(42 rows)

query 9 run 1
SET
SET
SET
                                                                    QUERY PLAN                                                                    
--------------------------------------------------------------------------------------------------------------------------------------------------
 Limit  (cost=159349.66..159349.99 rows=1 width=66)
   ->  Finalize GroupAggregate  (cost=159349.66..179067.33 rows=60150 width=66)
         Group Key: nation.n_name, (date_part('year'::text, (orders.o_orderdate)::timestamp without time zone))
         ->  Gather Merge  (cost=159349.66..176811.71 rows=120300 width=66)
               Workers Planned: 2
               ->  Partial GroupAggregate  (cost=158349.63..161926.08 rows=60150 width=66)
                     Group Key: nation.n_name, (date_part('year'::text, (orders.o_orderdate)::timestamp without time zone))
                     ->  Sort  (cost=158349.63..158665.11 rows=126191 width=57)
                           Sort Key: nation.n_name, (date_part('year'::text, (orders.o_orderdate)::timestamp without time zone)) DESC
                           ->  Hash Join  (cost=66191.42..147657.94 rows=126191 width=57)
                                 Hash Cond: (supplier.s_nationkey = nation.n_nationkey)
                                 ->  Hash Join  (cost=66189.86..146638.02 rows=126191 width=31)
                                       Hash Cond: (lineitem.l_orderkey = orders.o_orderkey)
                                       ->  Nested Loop  (cost=448.86..72979.76 rows=126191 width=31)
                                             Join Filter: (supplier.s_suppkey = lineitem.l_suppkey)
                                             ->  Hash Join  (cost=448.43..19304.12 rows=16835 width=26)
                                                   Hash Cond: (partsupp.ps_suppkey = supplier.s_suppkey)
                                                   ->  Nested Loop  (cost=0.42..18811.91 rows=16835 width=18)
                                                         ->  Parallel Seq Scan on part  (cost=0.00..5140.67 rows=4209 width=4)
                                                               Filter: ((p_name)::text ~~ '%navy%'::text)
                                                         ->  Index Scan using idx_partsupp_partkey on partsupp  (cost=0.42..3.21 rows=4 width=14)
                                                               Index Cond: (ps_partkey = part.p_partkey)
                                                   ->  Hash  (cost=323.00..323.00 rows=10000 width=8)
                                                         ->  Seq Scan on supplier  (cost=0.00..323.00 rows=10000 width=8)
                                             ->  Index Scan using idx_lineitem_part_supp on lineitem  (cost=0.43..3.18 rows=1 width=29)
                                                   Index Cond: ((l_partkey = partsupp.ps_partkey) AND (l_suppkey = partsupp.ps_suppkey))
                                       ->  Hash  (cost=41131.00..41131.00 rows=1500000 width=8)
                                             ->  Seq Scan on orders  (cost=0.00..41131.00 rows=1500000 width=8)
                                 ->  Hash  (cost=1.25..1.25 rows=25 width=30)
                                       ->  Seq Scan on nation  (cost=0.00..1.25 rows=25 width=30)
(30 rows)

query 10 run 1
SET
SET
SET
                                                                 QUERY PLAN                                                                 
--------------------------------------------------------------------------------------------------------------------------------------------
 Limit  (cost=99771.29..99771.34 rows=20 width=202)
   ->  Sort  (cost=99771.29..99902.78 rows=52599 width=202)
         Sort Key: (sum((lineitem.l_extendedprice * ('1'::numeric - lineitem.l_discount)))) DESC
         ->  HashAggregate  (cost=97714.16..98371.65 rows=52599 width=202)
               Group Key: customer.c_custkey, nation.n_name
               ->  Gather  (cost=8753.76..97056.67 rows=52599 width=182)
                     Workers Planned: 3
                     ->  Hash Join  (cost=7753.76..90796.77 rows=16967 width=182)
                           Hash Cond: (customer.c_nationkey = nation.n_nationkey)
                           ->  Hash Join  (cost=7752.20..90743.12 rows=16967 width=160)
                                 Hash Cond: (orders.o_custkey = customer.c_custkey)
                                 ->  Nested Loop  (cost=780.20..83726.58 rows=16967 width=16)
                                       ->  Parallel Bitmap Heap Scan on orders  (cost=779.76..27173.16 rows=17493 width=8)
                                             Recheck Cond: ((o_orderdate >= '1994-08-01'::date) AND (o_orderdate < '1994-11-01'::date))
                                             ->  Bitmap Index Scan on idx_orders_orderdate  (cost=0.00..766.21 rows=54228 width=0)
                                                   Index Cond: ((o_orderdate >= '1994-08-01'::date) AND (o_orderdate < '1994-11-01'::date))
                                       ->  Index Scan using idx_lineitem_orderkey on lineitem  (cost=0.43..3.22 rows=1 width=16)
                                             Index Cond: (l_orderkey = orders.o_orderkey)
                                             Filter: (l_returnflag = 'R'::bpchar)
                                 ->  Hash  (cost=5097.00..5097.00 rows=150000 width=148)
                                       ->  Seq Scan on customer  (cost=0.00..5097.00 rows=150000 width=148)
                           ->  Hash  (cost=1.25..1.25 rows=25 width=30)
                                 ->  Seq Scan on nation  (cost=0.00..1.25 rows=25 width=30)
(23 rows)

query 11 run 1
SET
SET
SET
                                                      QUERY PLAN                                                       
-----------------------------------------------------------------------------------------------------------------------
 Limit  (cost=22744.91..22744.92 rows=1 width=36)
   InitPlan 1 (returns $2)
     ->  Aggregate  (cost=10892.45..10892.46 rows=1 width=32)
           ->  Nested Loop  (cost=6.81..10652.45 rows=32000 width=10)
                 ->  Nested Loop  (cost=6.38..230.58 rows=400 width=4)
                       ->  Seq Scan on nation nation_1  (cost=0.00..1.31 rows=1 width=4)
                             Filter: (n_name = 'SAUDI ARABIA'::bpchar)
                       ->  Bitmap Heap Scan on supplier supplier_1  (cost=6.38..225.26 rows=400 width=8)
                             Recheck Cond: (s_nationkey = nation_1.n_nationkey)
                             ->  Bitmap Index Scan on idx_supplier_nation_key  (cost=0.00..6.29 rows=400 width=0)
                                   Index Cond: (s_nationkey = nation_1.n_nationkey)
                 ->  Index Scan using idx_partsupp_suppkey on partsupp partsupp_1  (cost=0.42..25.25 rows=80 width=14)
                       Index Cond: (ps_suppkey = supplier_1.s_suppkey)
   ->  Sort  (cost=11852.45..11932.45 rows=32000 width=36)
         Sort Key: (sum((partsupp.ps_supplycost * (partsupp.ps_availqty)::numeric))) DESC
         ->  HashAggregate  (cost=11212.45..11692.45 rows=32000 width=36)
               Group Key: partsupp.ps_partkey
               Filter: (sum((partsupp.ps_supplycost * (partsupp.ps_availqty)::numeric)) > $2)
               ->  Nested Loop  (cost=6.81..10652.45 rows=32000 width=14)
                     ->  Nested Loop  (cost=6.38..230.58 rows=400 width=4)
                           ->  Seq Scan on nation  (cost=0.00..1.31 rows=1 width=4)
                                 Filter: (n_name = 'SAUDI ARABIA'::bpchar)
                           ->  Bitmap Heap Scan on supplier  (cost=6.38..225.26 rows=400 width=8)
                                 Recheck Cond: (s_nationkey = nation.n_nationkey)
                                 ->  Bitmap Index Scan on idx_supplier_nation_key  (cost=0.00..6.29 rows=400 width=0)
                                       Index Cond: (s_nationkey = nation.n_nationkey)
                     ->  Index Scan using idx_partsupp_suppkey on partsupp  (cost=0.42..25.25 rows=80 width=18)
                           Index Cond: (ps_suppkey = supplier.s_suppkey)
(28 rows)

query 12 run 1
SET
SET
SET
                                                                                                                       QUERY PLAN                                                                                                                        
---------------------------------------------------------------------------------------------------------------------------------------------------------------------------------------------------------------------------------------------------------
 Limit  (cost=170972.37..170994.18 rows=1 width=27)
   ->  Finalize GroupAggregate  (cost=170972.37..171125.03 rows=7 width=27)
         Group Key: lineitem.l_shipmode
         ->  Gather Merge  (cost=170972.37..171124.75 rows=28 width=27)
               Workers Planned: 4
               ->  Partial GroupAggregate  (cost=169972.31..170121.36 rows=7 width=27)
                     Group Key: lineitem.l_shipmode
                     ->  Sort  (cost=169972.31..169990.93 rows=7449 width=27)
                           Sort Key: lineitem.l_shipmode
                           ->  Nested Loop  (cost=0.43..169493.23 rows=7449 width=27)
                                 ->  Parallel Seq Scan on lineitem  (cost=0.00..146317.76 rows=7449 width=15)
                                       Filter: ((l_shipmode = ANY ('{SHIP,"REG AIR"}'::bpchar[])) AND (l_commitdate < l_receiptdate) AND (l_shipdate < l_commitdate) AND (l_receiptdate >= '1994-01-01'::date) AND (l_receiptdate < '1995-01-01'::date))
                                 ->  Index Scan using orders_pkey on orders  (cost=0.43..3.11 rows=1 width=20)
                                       Index Cond: (o_orderkey = lineitem.l_orderkey)
(14 rows)

query 13 run 1
SET
SET
SET
                                                          QUERY PLAN                                                           
-------------------------------------------------------------------------------------------------------------------------------
 Limit  (cost=64702.57..64702.58 rows=1 width=16)
   ->  Sort  (cost=64702.57..64703.07 rows=200 width=16)
         Sort Key: (count(*)) DESC, (count(orders.o_orderkey)) DESC
         ->  HashAggregate  (cost=64699.57..64701.57 rows=200 width=16)
               Group Key: count(orders.o_orderkey)
               ->  HashAggregate  (cost=60949.57..62449.57 rows=150000 width=12)
                     Group Key: customer.c_custkey
                     ->  Hash Right Join  (cost=4746.42..53525.28 rows=1484858 width=8)
                           Hash Cond: (orders.o_custkey = customer.c_custkey)
                           ->  Seq Scan on orders  (cost=0.00..44881.00 rows=1484858 width=8)
                                 Filter: ((o_comment)::text !~~ '%special%requests%'::text)
                           ->  Hash  (cost=2871.42..2871.42 rows=150000 width=4)
                                 ->  Index Only Scan using customer_pkey on customer  (cost=0.42..2871.42 rows=150000 width=4)
(13 rows)

query 14 run 1
SET
SET
SET
                                                          QUERY PLAN                                                          
------------------------------------------------------------------------------------------------------------------------------
 Limit  (cost=78551.59..78551.60 rows=1 width=32)
   ->  Finalize Aggregate  (cost=78551.59..78551.60 rows=1 width=32)
         ->  Gather  (cost=78551.13..78551.54 rows=4 width=64)
               Workers Planned: 4
               ->  Partial Aggregate  (cost=77551.13..77551.14 rows=1 width=64)
                     ->  Hash Join  (cost=9876.19..77202.72 rows=19909 width=33)
                           Hash Cond: (lineitem.l_partkey = part.p_partkey)
                           ->  Parallel Bitmap Heap Scan on lineitem  (cost=1277.19..68551.46 rows=19909 width=16)
                                 Recheck Cond: ((l_shipdate >= '1994-05-01'::date) AND (l_shipdate < '1994-06-01'::date))
                                 ->  Bitmap Index Scan on idx_lineitem_shipdate  (cost=0.00..1257.28 rows=79635 width=0)
                                       Index Cond: ((l_shipdate >= '1994-05-01'::date) AND (l_shipdate < '1994-06-01'::date))
                           ->  Hash  (cost=6099.00..6099.00 rows=200000 width=25)
                                 ->  Seq Scan on part  (cost=0.00..6099.00 rows=200000 width=25)
(13 rows)

query 15 run 1
SET
SET
SET
CREATE VIEW
                                                          QUERY PLAN                                                          
------------------------------------------------------------------------------------------------------------------------------
 Limit  (cost=248196.75..248196.81 rows=1 width=103)
   InitPlan 1 (returns $0)
     ->  Aggregate  (cost=122848.38..122848.39 rows=1 width=32)
           ->  HashAggregate  (cost=122598.18..122723.28 rows=10008 width=36)
                 Group Key: lineitem_1.l_suppkey
                 ->  Bitmap Heap Scan on lineitem lineitem_1  (cost=3922.40..120151.87 rows=244631 width=16)
                       Recheck Cond: ((l_shipdate >= '1996-01-01'::date) AND (l_shipdate < '1996-04-01'::date))
                       ->  Bitmap Index Scan on idx_lineitem_shipdate  (cost=0.00..3861.24 rows=244631 width=0)
                             Index Cond: ((l_shipdate >= '1996-01-01'::date) AND (l_shipdate < '1996-04-01'::date))
   ->  Merge Join  (cost=125348.37..125941.99 rows=10008 width=103)
         Merge Cond: (supplier.s_suppkey = revenue0.supplier_no)
         ->  Index Scan using supplier_pkey on supplier  (cost=0.29..418.79 rows=10000 width=71)
         ->  Sort  (cost=125348.08..125373.10 rows=10008 width=36)
               Sort Key: revenue0.supplier_no
               ->  Subquery Scan on revenue0  (cost=124432.91..124683.11 rows=10008 width=36)
                     ->  HashAggregate  (cost=124432.91..124583.03 rows=10008 width=36)
                           Group Key: lineitem.l_suppkey
                           Filter: (sum((lineitem.l_extendedprice * ('1'::numeric - lineitem.l_discount))) = $0)
                           ->  Bitmap Heap Scan on lineitem  (cost=3922.40..120151.87 rows=244631 width=16)
                                 Recheck Cond: ((l_shipdate >= '1996-01-01'::date) AND (l_shipdate < '1996-04-01'::date))
                                 ->  Bitmap Index Scan on idx_lineitem_shipdate  (cost=0.00..3861.24 rows=244631 width=0)
                                       Index Cond: ((l_shipdate >= '1996-01-01'::date) AND (l_shipdate < '1996-04-01'::date))
(22 rows)

DROP VIEW
query 16 run 1
SET
SET
SET
                                                                                            QUERY PLAN                                                                                            
--------------------------------------------------------------------------------------------------------------------------------------------------------------------------------------------------
 Limit  (cost=32609.31..32609.31 rows=1 width=44)
   ->  Sort  (cost=32609.31..32649.43 rows=16050 width=44)
         Sort Key: (count(DISTINCT partsupp.ps_suppkey)) DESC, part.p_brand, part.p_type, part.p_size
         ->  GroupAggregate  (cost=31619.91..32529.06 rows=16050 width=44)
               Group Key: part.p_brand, part.p_type, part.p_size
               ->  Sort  (cost=31619.91..31769.64 rows=59892 width=40)
                     Sort Key: part.p_brand, part.p_type, part.p_size
                     ->  Gather  (cost=10821.75..26867.45 rows=59892 width=40)
                           Workers Planned: 4
                           ->  Hash Join  (cost=9821.75..19878.25 rows=14973 width=40)
                                 Hash Cond: (partsupp.ps_partkey = part.p_partkey)
                                 ->  Parallel Index Only Scan using partsupp_pkey on partsupp  (cost=348.43..10142.43 rows=100000 width=8)
                                       Filter: (NOT (hashed SubPlan 1))
                                       SubPlan 1
                                         ->  Seq Scan on supplier  (cost=0.00..348.00 rows=1 width=4)
                                               Filter: ((s_comment)::text ~~ '%Customer%Complaints%'::text)
                                 ->  Hash  (cost=9099.00..9099.00 rows=29946 width=40)
                                       ->  Seq Scan on part  (cost=0.00..9099.00 rows=29946 width=40)
                                             Filter: ((p_brand <> 'Brand#12'::bpchar) AND ((p_type)::text !~~ 'SMALL BRUSHED%'::text) AND (p_size = ANY ('{12,32,36,26,40,34,49,9}'::integer[])))
(19 rows)

query 17 run 1
SET
SET
SET
                                                           QUERY PLAN                                                            
---------------------------------------------------------------------------------------------------------------------------------
 Limit  (cost=429190.91..429190.92 rows=1 width=32)
   ->  Aggregate  (cost=429190.91..429190.92 rows=1 width=32)
         ->  Merge Join  (cost=299959.75..429185.92 rows=1996 width=8)
               Merge Cond: (lineitem_1.l_partkey = part.p_partkey)
               Join Filter: (lineitem.l_quantity < ((0.2 * avg(lineitem_1.l_quantity))))
               ->  Finalize GroupAggregate  (cost=298958.87..413641.23 rows=193711 width=36)
                     Group Key: lineitem_1.l_partkey
                     ->  Gather Merge  (cost=298958.87..404924.24 rows=774844 width=36)
                           Workers Planned: 4
                           ->  Partial GroupAggregate  (cost=297958.81..311632.79 rows=193711 width=36)
                                 Group Key: lineitem_1.l_partkey
                                 ->  Sort  (cost=297958.81..301709.68 rows=1500345 width=9)
                                       Sort Key: lineitem_1.l_partkey
                                       ->  Parallel Seq Scan on lineitem lineitem_1  (cost=0.00..127563.45 rows=1500345 width=9)
               ->  Materialize  (cost=1000.88..13033.01 rows=6181 width=21)
                     ->  Gather Merge  (cost=1000.88..13017.55 rows=6181 width=21)
                           Workers Planned: 2
                           ->  Nested Loop  (cost=0.85..11304.09 rows=2575 width=21)
                                 ->  Parallel Index Scan using part_pkey on part  (cost=0.42..7176.42 rows=86 width=4)
                                       Filter: ((p_brand = 'Brand#22'::bpchar) AND (p_container = 'LG BOX'::bpchar))
                                 ->  Index Scan using idx_lineitem_part_supp on lineitem  (cost=0.43..47.69 rows=31 width=17)
                                       Index Cond: (l_partkey = part.p_partkey)
(22 rows)

query 18 run 1
SET
SET
SET
                                                                         QUERY PLAN                                                                         
------------------------------------------------------------------------------------------------------------------------------------------------------------
 Limit  (cost=1856080.42..1856080.67 rows=100 width=71)
   ->  Sort  (cost=1856080.42..1871087.32 rows=6002760 width=71)
         Sort Key: orders.o_totalprice DESC, orders.o_orderdate
         ->  GroupAggregate  (cost=1491597.15..1626659.25 rows=6002760 width=71)
               Group Key: customer.c_custkey, orders.o_orderkey
               ->  Sort  (cost=1491597.15..1506604.05 rows=6002760 width=44)
                     Sort Key: customer.c_custkey, orders.o_orderkey
                     ->  Hash Join  (cost=6985.69..697062.83 rows=6002760 width=44)
                           Hash Cond: (orders.o_custkey = customer.c_custkey)
                           ->  Merge Join  (cost=13.69..674333.14 rows=6002760 width=25)
                                 Merge Cond: (orders.o_orderkey = lineitem.l_orderkey)
                                 ->  Merge Join  (cost=0.86..368342.04 rows=1500345 width=24)
                                       Merge Cond: (orders.o_orderkey = lineitem_1.l_orderkey)
                                       ->  Index Scan using orders_pkey on orders  (cost=0.43..54805.93 rows=1500000 width=20)
                                       ->  GroupAggregate  (cost=0.43..276028.35 rows=1500345 width=4)
                                             Group Key: lineitem_1.l_orderkey
                                             Filter: (sum(lineitem_1.l_quantity) > '313'::numeric)
                                             ->  Index Scan using idx_lineitem_orderkey on lineitem lineitem_1  (cost=0.43..227267.13 rows=6001380 width=9)
                                 ->  Index Scan using idx_lineitem_orderkey on lineitem  (cost=0.43..227267.13 rows=6001380 width=9)
                           ->  Hash  (cost=5097.00..5097.00 rows=150000 width=23)
                                 ->  Seq Scan on customer  (cost=0.00..5097.00 rows=150000 width=23)
(21 rows)

query 19 run 1
SET
SET
SET
                                                                                                                                                                                                                                                                                                                                                                                                                                                                                                                  QUERY PLAN                                                                                                                                                                                                                                                                                                                                                                                                                                                                                                                  
----------------------------------------------------------------------------------------------------------------------------------------------------------------------------------------------------------------------------------------------------------------------------------------------------------------------------------------------------------------------------------------------------------------------------------------------------------------------------------------------------------------------------------------------------------------------------------------------------------------------------------------------------------------------------------------------------------------------------------------------------------------------------------------------------------------------------------------------------------------------------------------------------------------------------------------------------------------------------------------------------------------------------------------------
 Limit  (cost=18169.58..18169.59 rows=1 width=32)
   ->  Finalize Aggregate  (cost=18169.58..18169.59 rows=1 width=32)
         ->  Gather  (cost=18169.35..18169.56 rows=2 width=32)
               Workers Planned: 2
               ->  Partial Aggregate  (cost=17169.35..17169.36 rows=1 width=32)
                     ->  Nested Loop  (cost=0.43..17169.00 rows=47 width=12)
                           ->  Parallel Seq Scan on part  (cost=0.00..7640.67 rows=198 width=30)
                                 Filter: ((p_size >= 1) AND (((p_brand = 'Brand#24'::bpchar) AND (p_container = ANY ('{"SM CASE","SM BOX","SM PACK","SM PKG"}'::bpchar[])) AND (p_size <= 5)) OR ((p_brand = 'Brand#43'::bpchar) AND (p_container = ANY ('{"MED BAG","MED BOX","MED PKG","MED PACK"}'::bpchar[])) AND (p_size <= 10)) OR ((p_brand = 'Brand#44'::bpchar) AND (p_container = ANY ('{"LG CASE","LG BOX","LG PACK","LG PKG"}'::bpchar[])) AND (p_size <= 15))))
                           ->  Index Scan using idx_lineitem_part_supp on lineitem  (cost=0.43..48.11 rows=1 width=21)
                                 Index Cond: (l_partkey = part.p_partkey)
                                 Filter: ((l_shipmode = ANY ('{AIR,"AIR REG"}'::bpchar[])) AND (l_shipinstruct = 'DELIVER IN PERSON'::bpchar) AND (((l_quantity >= '10'::numeric) AND (l_quantity <= '20'::numeric)) OR ((l_quantity >= '10'::numeric) AND (l_quantity <= '20'::numeric)) OR ((l_quantity >= '20'::numeric) AND (l_quantity <= '30'::numeric))) AND (((part.p_brand = 'Brand#24'::bpchar) AND (part.p_container = ANY ('{"SM CASE","SM BOX","SM PACK","SM PKG"}'::bpchar[])) AND (l_quantity >= '10'::numeric) AND (l_quantity <= '20'::numeric) AND (part.p_size <= 5)) OR ((part.p_brand = 'Brand#43'::bpchar) AND (part.p_container = ANY ('{"MED BAG","MED BOX","MED PKG","MED PACK"}'::bpchar[])) AND (l_quantity >= '10'::numeric) AND (l_quantity <= '20'::numeric) AND (part.p_size <= 10)) OR ((part.p_brand = 'Brand#44'::bpchar) AND (part.p_container = ANY ('{"LG CASE","LG BOX","LG PACK","LG PKG"}'::bpchar[])) AND (l_quantity >= '20'::numeric) AND (l_quantity <= '30'::numeric) AND (part.p_size <= 15))))
(11 rows)

query 20 run 1
SET
SET
SET
                                                                           QUERY PLAN                                                                           
----------------------------------------------------------------------------------------------------------------------------------------------------------------
 Limit  (cost=281962.55..281962.55 rows=1 width=51)
   ->  Sort  (cost=281962.55..281962.55 rows=1 width=51)
         Sort Key: supplier.s_name
         ->  Nested Loop Semi Join  (cost=247611.50..281962.54 rows=1 width=51)
               Join Filter: (supplier.s_suppkey = lineitem.l_suppkey)
               ->  Nested Loop  (cost=0.00..449.31 rows=400 width=55)
                     Join Filter: (supplier.s_nationkey = nation.n_nationkey)
                     ->  Seq Scan on nation  (cost=0.00..1.31 rows=1 width=4)
                           Filter: (n_name = 'IRAQ'::bpchar)
                     ->  Seq Scan on supplier  (cost=0.00..323.00 rows=10000 width=59)
               ->  Materialize  (cost=247611.50..281507.23 rows=1 width=8)
                     ->  Merge Join  (cost=247611.50..281507.22 rows=1 width=8)
                           Merge Cond: (lineitem.l_partkey = partsupp.ps_partkey)
                           Join Filter: ((partsupp.ps_suppkey = lineitem.l_suppkey) AND ((partsupp.ps_availqty)::numeric > ((0.5 * sum(lineitem.l_quantity)))))
                           ->  GroupAggregate  (cost=246610.63..263489.40 rows=492758 width=40)
                                 Group Key: lineitem.l_partkey, lineitem.l_suppkey
                                 ->  Sort  (cost=246610.63..248982.48 rows=948740 width=13)
                                       Sort Key: lineitem.l_partkey, lineitem.l_suppkey
                                       ->  Bitmap Heap Scan on lineitem  (cost=15206.02..141997.12 rows=948740 width=13)
                                             Recheck Cond: ((l_shipdate >= '1996-01-01'::date) AND (l_shipdate < '1997-01-01'::date))
                                             ->  Bitmap Index Scan on idx_lineitem_shipdate  (cost=0.00..14968.83 rows=948740 width=0)
                                                   Index Cond: ((l_shipdate >= '1996-01-01'::date) AND (l_shipdate < '1997-01-01'::date))
                           ->  Materialize  (cost=1000.87..11430.98 rows=8080 width=16)
                                 ->  Gather Merge  (cost=1000.87..11410.78 rows=8080 width=16)
                                       Workers Planned: 2
                                       ->  Nested Loop  (cost=0.84..9478.12 rows=3367 width=16)
                                             ->  Parallel Index Scan using part_pkey on part  (cost=0.42..6968.09 rows=842 width=4)
                                                   Filter: ((p_name)::text ~~ 'olive%'::text)
                                             ->  Index Scan using idx_partsupp_partkey on partsupp  (cost=0.42..2.94 rows=4 width=12)
                                                   Index Cond: (ps_partkey = part.p_partkey)
(30 rows)

query 21 run 1
SET
SET
SET
                                                                        QUERY PLAN                                                                        
----------------------------------------------------------------------------------------------------------------------------------------------------------
 Limit  (cost=203058.52..203058.52 rows=1 width=34)
   ->  Sort  (cost=203058.52..203058.52 rows=1 width=34)
         Sort Key: (count(*)) DESC, supplier.s_name
         ->  GroupAggregate  (cost=203058.49..203058.51 rows=1 width=34)
               Group Key: supplier.s_name
               ->  Sort  (cost=203058.49..203058.49 rows=1 width=26)
                     Sort Key: supplier.s_name
                     ->  Nested Loop Anti Join  (cost=1236.87..203058.48 rows=1 width=26)
                           ->  Nested Loop  (cost=1236.44..203055.08 rows=1 width=34)
                                 ->  Gather  (cost=1236.01..203051.76 rows=1 width=38)
                                       Workers Planned: 4
                                       ->  Nested Loop Semi Join  (cost=236.01..202051.66 rows=1 width=38)
                                             ->  Hash Join  (cost=235.58..133625.21 rows=19988 width=34)
                                                   Hash Cond: (l1.l_suppkey = supplier.s_suppkey)
                                                   ->  Parallel Seq Scan on lineitem l1  (cost=0.00..131314.31 rows=500115 width=8)
                                                         Filter: (l_receiptdate > l_commitdate)
                                                   ->  Hash  (cost=230.58..230.58 rows=400 width=30)
                                                         ->  Nested Loop  (cost=6.38..230.58 rows=400 width=30)
                                                               ->  Seq Scan on nation  (cost=0.00..1.31 rows=1 width=4)
                                                                     Filter: (n_name = 'PERU'::bpchar)
                                                               ->  Bitmap Heap Scan on supplier  (cost=6.38..225.26 rows=400 width=34)
                                                                     Recheck Cond: (s_nationkey = nation.n_nationkey)
                                                                     ->  Bitmap Index Scan on idx_supplier_nation_key  (cost=0.00..6.29 rows=400 width=0)
                                                                           Index Cond: (s_nationkey = nation.n_nationkey)
                                             ->  Index Scan using idx_lineitem_orderkey on lineitem l2  (cost=0.43..3.38 rows=4 width=8)
                                                   Index Cond: (l_orderkey = l1.l_orderkey)
                                                   Filter: (l_suppkey <> l1.l_suppkey)
                                 ->  Index Scan using orders_pkey on orders  (cost=0.43..3.31 rows=1 width=4)
                                       Index Cond: (o_orderkey = l1.l_orderkey)
                                       Filter: (o_orderstatus = 'F'::bpchar)
                           ->  Index Scan using idx_lineitem_orderkey on lineitem l3  (cost=0.43..3.39 rows=1 width=8)
                                 Index Cond: (l_orderkey = l1.l_orderkey)
                                 Filter: ((l_receiptdate > l_commitdate) AND (l_suppkey <> l1.l_suppkey))
(33 rows)

query 22 run 1
SET
SET
SET
                                                                 QUERY PLAN                                                                 
--------------------------------------------------------------------------------------------------------------------------------------------
 Limit  (cost=14817.59..14817.61 rows=1 width=72)
   InitPlan 1 (returns $1)
     ->  Finalize Aggregate  (cost=6242.81..6242.82 rows=1 width=32)
           ->  Gather  (cost=6242.59..6242.80 rows=2 width=32)
                 Workers Planned: 2
                 ->  Partial Aggregate  (cost=5242.59..5242.60 rows=1 width=32)
                       ->  Parallel Seq Scan on customer customer_1  (cost=0.00..5237.62 rows=1986 width=6)
                             Filter: ((c_acctbal > 0.00) AND ("substring"((c_phone)::text, 1, 2) = ANY ('{21,29,26,34,14,15,17}'::text[])))
   ->  GroupAggregate  (cost=8574.76..8595.33 rows=748 width=72)
         Group Key: ("substring"((customer.c_phone)::text, 1, 2))
         ->  Sort  (cost=8574.76..8576.63 rows=748 width=38)
               Sort Key: ("substring"((customer.c_phone)::text, 1, 2))
               ->  Nested Loop Anti Join  (cost=0.43..8539.06 rows=748 width=38)
                     ->  Seq Scan on customer  (cost=0.00..7534.50 rows=1750 width=26)
                           Filter: ((c_acctbal > $1) AND ("substring"((c_phone)::text, 1, 2) = ANY ('{21,29,26,34,14,15,17}'::text[])))
                     ->  Index Only Scan using idx_orders_custkey on orders  (cost=0.43..1.96 rows=17 width=4)
                           Index Cond: (o_custkey = customer.c_custkey)
(17 rows)

