query 1 run 1
SET
SET
                                                               QUERY PLAN                                                                
-----------------------------------------------------------------------------------------------------------------------------------------
 Limit  (cost=381204.52..381204.53 rows=1 width=51) (actual time=19992.869..19992.869 rows=1 loops=1)
   ->  Sort  (cost=381204.52..381204.54 rows=6 width=51) (actual time=19992.869..19992.869 rows=1 loops=1)
         Sort Key: l_returnflag, l_linestatus
         ->  HashAggregate  (cost=381204.17..381204.45 rows=6 width=51) (actual time=19992.836..19992.841 rows=4 loops=1)
               ->  Seq Scan on lineitem  (cost=0.00..233008.33 rows=5927834 width=51) (actual time=0.440..2065.409 rows=5930957 loops=1)
                     Filter: (l_shipdate <= '1998-09-10 00:00:00'::timestamp without time zone)
 Total runtime: 19993.247 ms
(7 rows)

SET
SET
                                                               QUERY PLAN                                                                
-----------------------------------------------------------------------------------------------------------------------------------------
 Limit  (cost=381204.52..381204.53 rows=1 width=51) (actual time=19092.022..19092.022 rows=1 loops=1)
   ->  Sort  (cost=381204.52..381204.54 rows=6 width=51) (actual time=19092.022..19092.022 rows=1 loops=1)
         Sort Key: l_returnflag, l_linestatus
         ->  HashAggregate  (cost=381204.17..381204.45 rows=6 width=51) (actual time=19091.990..19091.995 rows=4 loops=1)
               ->  Seq Scan on lineitem  (cost=0.00..233008.33 rows=5927834 width=51) (actual time=0.009..1265.079 rows=5930957 loops=1)
                     Filter: (l_shipdate <= '1998-09-10 00:00:00'::timestamp without time zone)
 Total runtime: 19092.084 ms
(7 rows)

query 2 run 1
SET
SET
                                                                                  QUERY PLAN                                                                                  
------------------------------------------------------------------------------------------------------------------------------------------------------------------------------
 Limit  (cost=57722.63..57722.63 rows=1 width=215) (actual time=472.229..472.240 rows=100 loops=1)
   ->  Sort  (cost=57722.63..57722.63 rows=1 width=215) (actual time=472.227..472.231 rows=100 loops=1)
         Sort Key: supplier.s_acctbal, nation.n_name, supplier.s_name, part.p_partkey
         ->  Hash Join  (cost=8562.79..57722.62 rows=1 width=215) (actual time=70.527..471.223 rows=489 loops=1)
               Hash Cond: (partsupp.ps_partkey = part.p_partkey)
               Join Filter: (partsupp.ps_supplycost = (subplan))
               ->  Hash Join  (cost=444.03..32975.45 rows=159442 width=197) (actual time=7.089..312.013 rows=162880 loops=1)
                     Hash Cond: (partsupp.ps_suppkey = supplier.s_suppkey)
                     ->  Seq Scan on partsupp  (cost=0.00..26937.00 rows=800000 width=19) (actual time=0.426..189.915 rows=800000 loops=1)
                     ->  Hash  (cost=419.03..419.03 rows=2000 width=186) (actual time=6.633..6.633 rows=2036 loops=1)
                           ->  Hash Join  (cost=2.53..419.03 rows=2000 width=186) (actual time=0.699..6.167 rows=2036 loops=1)
                                 Hash Cond: (supplier.s_nationkey = nation.n_nationkey)
                                 ->  Seq Scan on supplier  (cost=0.00..359.00 rows=10000 width=161) (actual time=0.302..4.636 rows=10000 loops=1)
                                 ->  Hash  (cost=2.47..2.47 rows=5 width=33) (actual time=0.390..0.390 rows=5 loops=1)
                                       ->  Hash Join  (cost=1.07..2.47 rows=5 width=33) (actual time=0.380..0.389 rows=5 loops=1)
                                             Hash Cond: (nation.n_regionkey = region.r_regionkey)
                                             ->  Seq Scan on nation  (cost=0.00..1.25 rows=25 width=37) (actual time=0.189..0.192 rows=25 loops=1)
                                             ->  Hash  (cost=1.06..1.06 rows=1 width=4) (actual time=0.184..0.184 rows=1 loops=1)
                                                   ->  Seq Scan on region  (cost=0.00..1.06 rows=1 width=4) (actual time=0.180..0.181 rows=1 loops=1)
                                                         Filter: (r_name = 'AMERICA'::bpchar)
               ->  Hash  (cost=8108.00..8108.00 rows=861 width=33) (actual time=60.935..60.935 rows=799 loops=1)
                     ->  Seq Scan on part  (cost=0.00..8108.00 rows=861 width=33) (actual time=0.364..60.640 rows=799 loops=1)
                           Filter: ((p_size = 16) AND ((p_type)::text ~~ '%NICKEL'::text))
               SubPlan
                 ->  Aggregate  (cost=23.73..23.74 rows=1 width=11) (actual time=0.131..0.131 rows=1 loops=650)
                       ->  Nested Loop  (cost=0.00..23.72 rows=1 width=11) (actual time=0.118..0.128 rows=2 loops=650)
                             Join Filter: (nation.n_regionkey = region.r_regionkey)
                             ->  Seq Scan on region  (cost=0.00..1.06 rows=1 width=4) (actual time=0.001..0.001 rows=1 loops=650)
                                   Filter: (r_name = 'AMERICA'::bpchar)
                             ->  Nested Loop  (cost=0.00..22.61 rows=4 width=15) (actual time=0.110..0.126 rows=4 loops=650)
                                   ->  Nested Loop  (cost=0.00..21.49 rows=4 width=15) (actual time=0.108..0.121 rows=4 loops=650)
                                         ->  Index Scan using idx_partsupp_partkey on partsupp  (cost=0.00..4.36 rows=4 width=15) (actual time=0.104..0.105 rows=4 loops=650)
                                               Index Cond: ($0 = ps_partkey)
                                         ->  Index Scan using supplier_pkey on supplier  (cost=0.00..4.27 rows=1 width=8) (actual time=0.003..0.004 rows=1 loops=2600)
                                               Index Cond: (supplier.s_suppkey = partsupp.ps_suppkey)
                                   ->  Index Scan using nation_pkey on nation  (cost=0.00..0.27 rows=1 width=8) (actual time=0.001..0.001 rows=1 loops=2600)
                                         Index Cond: (supplier.s_nationkey = nation.n_nationkey)
 Total runtime: 472.532 ms
(38 rows)

SET
SET
                                                                                  QUERY PLAN                                                                                  
------------------------------------------------------------------------------------------------------------------------------------------------------------------------------
 Limit  (cost=57722.63..57722.63 rows=1 width=215) (actual time=255.428..255.438 rows=100 loops=1)
   ->  Sort  (cost=57722.63..57722.63 rows=1 width=215) (actual time=255.427..255.432 rows=100 loops=1)
         Sort Key: supplier.s_acctbal, nation.n_name, supplier.s_name, part.p_partkey
         ->  Hash Join  (cost=8562.79..57722.62 rows=1 width=215) (actual time=36.468..254.809 rows=489 loops=1)
               Hash Cond: (partsupp.ps_partkey = part.p_partkey)
               Join Filter: (partsupp.ps_supplycost = (subplan))
               ->  Hash Join  (cost=444.03..32975.45 rows=159442 width=197) (actual time=3.162..199.719 rows=162880 loops=1)
                     Hash Cond: (partsupp.ps_suppkey = supplier.s_suppkey)
                     ->  Seq Scan on partsupp  (cost=0.00..26937.00 rows=800000 width=19) (actual time=0.007..96.186 rows=800000 loops=1)
                     ->  Hash  (cost=419.03..419.03 rows=2000 width=186) (actual time=3.144..3.144 rows=2036 loops=1)
                           ->  Hash Join  (cost=2.53..419.03 rows=2000 width=186) (actual time=0.026..2.762 rows=2036 loops=1)
                                 Hash Cond: (supplier.s_nationkey = nation.n_nationkey)
                                 ->  Seq Scan on supplier  (cost=0.00..359.00 rows=10000 width=161) (actual time=0.005..1.627 rows=10000 loops=1)
                                 ->  Hash  (cost=2.47..2.47 rows=5 width=33) (actual time=0.018..0.018 rows=5 loops=1)
                                       ->  Hash Join  (cost=1.07..2.47 rows=5 width=33) (actual time=0.014..0.018 rows=5 loops=1)
                                             Hash Cond: (nation.n_regionkey = region.r_regionkey)
                                             ->  Seq Scan on nation  (cost=0.00..1.25 rows=25 width=37) (actual time=0.004..0.005 rows=25 loops=1)
                                             ->  Hash  (cost=1.06..1.06 rows=1 width=4) (actual time=0.007..0.007 rows=1 loops=1)
                                                   ->  Seq Scan on region  (cost=0.00..1.06 rows=1 width=4) (actual time=0.006..0.006 rows=1 loops=1)
                                                         Filter: (r_name = 'AMERICA'::bpchar)
               ->  Hash  (cost=8108.00..8108.00 rows=861 width=33) (actual time=33.180..33.180 rows=799 loops=1)
                     ->  Seq Scan on part  (cost=0.00..8108.00 rows=861 width=33) (actual time=0.010..33.022 rows=799 loops=1)
                           Filter: ((p_size = 16) AND ((p_type)::text ~~ '%NICKEL'::text))
               SubPlan
                 ->  Aggregate  (cost=23.73..23.74 rows=1 width=11) (actual time=0.017..0.017 rows=1 loops=650)
                       ->  Nested Loop  (cost=0.00..23.72 rows=1 width=11) (actual time=0.010..0.016 rows=2 loops=650)
                             Join Filter: (nation.n_regionkey = region.r_regionkey)
                             ->  Seq Scan on region  (cost=0.00..1.06 rows=1 width=4) (actual time=0.001..0.001 rows=1 loops=650)
                                   Filter: (r_name = 'AMERICA'::bpchar)
                             ->  Nested Loop  (cost=0.00..22.61 rows=4 width=15) (actual time=0.007..0.014 rows=4 loops=650)
                                   ->  Nested Loop  (cost=0.00..21.49 rows=4 width=15) (actual time=0.006..0.011 rows=4 loops=650)
                                         ->  Index Scan using idx_partsupp_partkey on partsupp  (cost=0.00..4.36 rows=4 width=15) (actual time=0.004..0.004 rows=4 loops=650)
                                               Index Cond: ($0 = ps_partkey)
                                         ->  Index Scan using supplier_pkey on supplier  (cost=0.00..4.27 rows=1 width=8) (actual time=0.001..0.001 rows=1 loops=2600)
                                               Index Cond: (supplier.s_suppkey = partsupp.ps_suppkey)
                                   ->  Index Scan using nation_pkey on nation  (cost=0.00..0.27 rows=1 width=8) (actual time=0.000..0.001 rows=1 loops=2600)
                                         Index Cond: (supplier.s_nationkey = nation.n_nationkey)
 Total runtime: 255.498 ms
(38 rows)

query 3 run 1
SET
SET
                                                                          QUERY PLAN                                                                          
--------------------------------------------------------------------------------------------------------------------------------------------------------------
 Limit  (cost=384920.09..384920.11 rows=10 width=34) (actual time=3376.943..3376.945 rows=10 loops=1)
   ->  Sort  (cost=384920.09..385717.53 rows=318976 width=34) (actual time=3376.942..3376.943 rows=10 loops=1)
         Sort Key: sum((lineitem.l_extendedprice * (1::numeric - lineitem.l_discount))), orders.o_orderdate
         ->  GroupAggregate  (cost=346191.47..355760.75 rows=318976 width=34) (actual time=3354.522..3370.669 rows=11612 loops=1)
               ->  Sort  (cost=346191.47..346988.91 rows=318976 width=34) (actual time=3354.508..3355.642 rows=30533 loops=1)
                     Sort Key: lineitem.l_orderkey, orders.o_orderdate, orders.o_shippriority
                     ->  Hash Join  (cost=68516.40..317032.14 rows=318976 width=34) (actual time=707.459..3346.514 rows=30533 loops=1)
                           Hash Cond: (lineitem.l_orderkey = orders.o_orderkey)
                           ->  Seq Scan on lineitem  (cost=0.00..233008.33 rows=3284709 width=26) (actual time=0.628..1918.015 rows=3261873 loops=1)
                                 Filter: (l_shipdate > '1995-03-07'::date)
                           ->  Hash  (cost=66695.66..66695.66 rows=145659 width=12) (actual time=705.902..705.902 rows=146063 loops=1)
                                 ->  Hash Join  (cost=6469.69..66695.66 rows=145659 width=12) (actual time=57.879..682.705 rows=146063 loops=1)
                                       Hash Cond: (orders.o_custkey = customer.c_custkey)
                                       ->  Seq Scan on orders  (cost=0.00..50634.35 rows=723114 width=16) (actual time=0.341..392.254 rows=722275 loops=1)
                                             Filter: (o_orderdate < '1995-03-07'::date)
                                       ->  Hash  (cost=6092.00..6092.00 rows=30215 width=4) (actual time=57.518..57.518 rows=30142 loops=1)
                                             ->  Seq Scan on customer  (cost=0.00..6092.00 rows=30215 width=4) (actual time=0.408..53.607 rows=30142 loops=1)
                                                   Filter: (c_mktsegment = 'BUILDING'::bpchar)
 Total runtime: 3376.985 ms
(19 rows)

SET
SET
                                                                          QUERY PLAN                                                                          
--------------------------------------------------------------------------------------------------------------------------------------------------------------
 Limit  (cost=384920.09..384920.11 rows=10 width=34) (actual time=2226.902..2226.903 rows=10 loops=1)
   ->  Sort  (cost=384920.09..385717.53 rows=318976 width=34) (actual time=2226.901..2226.901 rows=10 loops=1)
         Sort Key: sum((lineitem.l_extendedprice * (1::numeric - lineitem.l_discount))), orders.o_orderdate
         ->  GroupAggregate  (cost=346191.47..355760.75 rows=318976 width=34) (actual time=2204.762..2220.941 rows=11612 loops=1)
               ->  Sort  (cost=346191.47..346988.91 rows=318976 width=34) (actual time=2204.749..2205.871 rows=30533 loops=1)
                     Sort Key: lineitem.l_orderkey, orders.o_orderdate, orders.o_shippriority
                     ->  Hash Join  (cost=68516.40..317032.14 rows=318976 width=34) (actual time=440.000..2198.338 rows=30533 loops=1)
                           Hash Cond: (lineitem.l_orderkey = orders.o_orderkey)
                           ->  Seq Scan on lineitem  (cost=0.00..233008.33 rows=3284709 width=26) (actual time=0.008..1181.666 rows=3261873 loops=1)
                                 Filter: (l_shipdate > '1995-03-07'::date)
                           ->  Hash  (cost=66695.66..66695.66 rows=145659 width=12) (actual time=439.796..439.796 rows=146063 loops=1)
                                 ->  Hash Join  (cost=6469.69..66695.66 rows=145659 width=12) (actual time=35.509..420.386 rows=146063 loops=1)
                                       Hash Cond: (orders.o_custkey = customer.c_custkey)
                                       ->  Seq Scan on orders  (cost=0.00..50634.35 rows=723114 width=16) (actual time=0.008..236.287 rows=722275 loops=1)
                                             Filter: (o_orderdate < '1995-03-07'::date)
                                       ->  Hash  (cost=6092.00..6092.00 rows=30215 width=4) (actual time=35.487..35.487 rows=30142 loops=1)
                                             ->  Seq Scan on customer  (cost=0.00..6092.00 rows=30215 width=4) (actual time=0.006..32.160 rows=30142 loops=1)
                                                   Filter: (c_mktsegment = 'BUILDING'::bpchar)
 Total runtime: 2226.947 ms
(19 rows)

query 4 run 1
SET
SET
                                                                       QUERY PLAN                                                                        
---------------------------------------------------------------------------------------------------------------------------------------------------------
 Limit  (cost=70034.90..70034.90 rows=1 width=19) (actual time=3026.220..3026.220 rows=1 loops=1)
   ->  Sort  (cost=70034.90..70034.90 rows=1 width=19) (actual time=3026.220..3026.220 rows=1 loops=1)
         Sort Key: o_orderpriority
         ->  HashAggregate  (cost=70034.88..70034.89 rows=1 width=19) (actual time=3026.190..3026.191 rows=5 loops=1)
               ->  Bitmap Heap Scan on orders  (cost=870.46..69895.59 rows=27858 width=19) (actual time=15.145..2995.225 rows=51398 loops=1)
                     Recheck Cond: ((o_orderdate >= '1993-12-01'::date) AND (o_orderdate < '1994-03-01'::date))
                     Filter: (subplan)
                     ->  Bitmap Index Scan on idx_orders_orderdate  (cost=0.00..863.49 rows=55716 width=0) (actual time=9.820..9.820 rows=55973 loops=1)
                           Index Cond: ((o_orderdate >= '1993-12-01'::date) AND (o_orderdate < '1994-03-01'::date))
                     SubPlan
                       ->  Index Scan using q4_idx_1 on lineitem  (cost=0.00..4.70 rows=7 width=152) (actual time=0.047..0.047 rows=1 loops=55973)
                             Index Cond: (l_orderkey = $0)
 Total runtime: 3026.635 ms
(13 rows)

SET
SET
                                                                       QUERY PLAN                                                                        
---------------------------------------------------------------------------------------------------------------------------------------------------------
 Limit  (cost=70034.90..70034.90 rows=1 width=19) (actual time=307.583..307.583 rows=1 loops=1)
   ->  Sort  (cost=70034.90..70034.90 rows=1 width=19) (actual time=307.583..307.583 rows=1 loops=1)
         Sort Key: o_orderpriority
         ->  HashAggregate  (cost=70034.88..70034.89 rows=1 width=19) (actual time=307.557..307.558 rows=5 loops=1)
               ->  Bitmap Heap Scan on orders  (cost=870.46..69895.59 rows=27858 width=19) (actual time=10.085..290.588 rows=51398 loops=1)
                     Recheck Cond: ((o_orderdate >= '1993-12-01'::date) AND (o_orderdate < '1994-03-01'::date))
                     Filter: (subplan)
                     ->  Bitmap Index Scan on idx_orders_orderdate  (cost=0.00..863.49 rows=55716 width=0) (actual time=6.414..6.414 rows=55973 loops=1)
                           Index Cond: ((o_orderdate >= '1993-12-01'::date) AND (o_orderdate < '1994-03-01'::date))
                     SubPlan
                       ->  Index Scan using q4_idx_1 on lineitem  (cost=0.00..4.70 rows=7 width=152) (actual time=0.003..0.003 rows=1 loops=55973)
                             Index Cond: (l_orderkey = $0)
 Total runtime: 307.639 ms
(13 rows)

query 5 run 1
SET
SET
                                                                                   QUERY PLAN                                                                                   
--------------------------------------------------------------------------------------------------------------------------------------------------------------------------------
 Limit  (cost=269197.06..269197.06 rows=1 width=51) (actual time=3291.928..3291.929 rows=1 loops=1)
   ->  Sort  (cost=269197.06..269197.12 rows=25 width=51) (actual time=3291.927..3291.927 rows=1 loops=1)
         Sort Key: sum((lineitem.l_extendedprice * (1::numeric - lineitem.l_discount)))
         ->  HashAggregate  (cost=269196.04..269196.48 rows=25 width=51) (actual time=3291.897..3291.897 rows=5 loops=1)
               ->  Hash Join  (cost=10935.41..269160.75 rows=7058 width=51) (actual time=107.735..3279.296 rows=7540 loops=1)
                     Hash Cond: ((customer.c_nationkey = supplier.s_nationkey) AND (lineitem.l_suppkey = supplier.s_suppkey))
                     ->  Nested Loop  (cost=10426.41..263290.58 rows=176353 width=63) (actual time=100.880..3149.020 rows=182435 loops=1)
                           ->  Hash Join  (cost=10426.41..47160.10 rows=44079 width=41) (actual time=99.371..546.319 rows=45297 loops=1)
                                 Hash Cond: (orders.o_custkey = customer.c_custkey)
                                 ->  Bitmap Heap Scan on orders  (cost=3469.38..38660.31 rows=220395 width=8) (actual time=33.416..335.259 rows=226645 loops=1)
                                       Recheck Cond: ((o_orderdate >= '1993-01-01'::date) AND (o_orderdate < '1994-01-01'::date))
                                       ->  Bitmap Index Scan on idx_orders_orderdate  (cost=0.00..3414.28 rows=220395 width=0) (actual time=28.836..28.836 rows=226645 loops=1)
                                             Index Cond: ((o_orderdate >= '1993-01-01'::date) AND (o_orderdate < '1994-01-01'::date))
                                 ->  Hash  (cost=6582.03..6582.03 rows=30000 width=41) (actual time=65.938..65.938 rows=29952 loops=1)
                                       ->  Hash Join  (cost=2.53..6582.03 rows=30000 width=41) (actual time=1.084..60.452 rows=29952 loops=1)
                                             Hash Cond: (customer.c_nationkey = nation.n_nationkey)
                                             ->  Seq Scan on customer  (cost=0.00..5717.00 rows=150000 width=8) (actual time=0.434..43.375 rows=150000 loops=1)
                                             ->  Hash  (cost=2.47..2.47 rows=5 width=33) (actual time=0.645..0.645 rows=5 loops=1)
                                                   ->  Hash Join  (cost=1.07..2.47 rows=5 width=33) (actual time=0.639..0.642 rows=5 loops=1)
                                                         Hash Cond: (nation.n_regionkey = region.r_regionkey)
                                                         ->  Seq Scan on nation  (cost=0.00..1.25 rows=25 width=37) (actual time=0.314..0.315 rows=25 loops=1)
                                                         ->  Hash  (cost=1.06..1.06 rows=1 width=4) (actual time=0.320..0.320 rows=1 loops=1)
                                                               ->  Seq Scan on region  (cost=0.00..1.06 rows=1 width=4) (actual time=0.316..0.317 rows=1 loops=1)
                                                                     Filter: (r_name = 'AMERICA'::bpchar)
                           ->  Index Scan using idx_lineitem_orderkey on lineitem  (cost=0.00..4.64 rows=21 width=30) (actual time=0.052..0.056 rows=4 loops=45297)
                                 Index Cond: (lineitem.l_orderkey = orders.o_orderkey)
                     ->  Hash  (cost=359.00..359.00 rows=10000 width=8) (actual time=6.473..6.473 rows=10000 loops=1)
                           ->  Seq Scan on supplier  (cost=0.00..359.00 rows=10000 width=8) (actual time=0.287..5.069 rows=10000 loops=1)
 Total runtime: 3292.310 ms
(29 rows)

SET
SET
                                                                                   QUERY PLAN                                                                                   
--------------------------------------------------------------------------------------------------------------------------------------------------------------------------------
 Limit  (cost=269197.06..269197.06 rows=1 width=51) (actual time=561.389..561.389 rows=1 loops=1)
   ->  Sort  (cost=269197.06..269197.12 rows=25 width=51) (actual time=561.388..561.388 rows=1 loops=1)
         Sort Key: sum((lineitem.l_extendedprice * (1::numeric - lineitem.l_discount)))
         ->  HashAggregate  (cost=269196.04..269196.48 rows=25 width=51) (actual time=561.372..561.373 rows=5 loops=1)
               ->  Hash Join  (cost=10935.41..269160.75 rows=7058 width=51) (actual time=70.318..554.802 rows=7540 loops=1)
                     Hash Cond: ((customer.c_nationkey = supplier.s_nationkey) AND (lineitem.l_suppkey = supplier.s_suppkey))
                     ->  Nested Loop  (cost=10426.41..263290.58 rows=176353 width=63) (actual time=66.775..503.891 rows=182435 loops=1)
                           ->  Hash Join  (cost=10426.41..47160.10 rows=44079 width=41) (actual time=66.758..259.001 rows=45297 loops=1)
                                 Hash Cond: (orders.o_custkey = customer.c_custkey)
                                 ->  Bitmap Heap Scan on orders  (cost=3469.38..38660.31 rows=220395 width=8) (actual time=24.711..144.181 rows=226645 loops=1)
                                       Recheck Cond: ((o_orderdate >= '1993-01-01'::date) AND (o_orderdate < '1994-01-01'::date))
                                       ->  Bitmap Index Scan on idx_orders_orderdate  (cost=0.00..3414.28 rows=220395 width=0) (actual time=20.590..20.590 rows=226645 loops=1)
                                             Index Cond: ((o_orderdate >= '1993-01-01'::date) AND (o_orderdate < '1994-01-01'::date))
                                 ->  Hash  (cost=6582.03..6582.03 rows=30000 width=41) (actual time=42.032..42.032 rows=29952 loops=1)
                                       ->  Hash Join  (cost=2.53..6582.03 rows=30000 width=41) (actual time=0.034..37.188 rows=29952 loops=1)
                                             Hash Cond: (customer.c_nationkey = nation.n_nationkey)
                                             ->  Seq Scan on customer  (cost=0.00..5717.00 rows=150000 width=8) (actual time=0.005..21.043 rows=150000 loops=1)
                                             ->  Hash  (cost=2.47..2.47 rows=5 width=33) (actual time=0.025..0.025 rows=5 loops=1)
                                                   ->  Hash Join  (cost=1.07..2.47 rows=5 width=33) (actual time=0.019..0.023 rows=5 loops=1)
                                                         Hash Cond: (nation.n_regionkey = region.r_regionkey)
                                                         ->  Seq Scan on nation  (cost=0.00..1.25 rows=25 width=37) (actual time=0.006..0.008 rows=25 loops=1)
                                                         ->  Hash  (cost=1.06..1.06 rows=1 width=4) (actual time=0.010..0.010 rows=1 loops=1)
                                                               ->  Seq Scan on region  (cost=0.00..1.06 rows=1 width=4) (actual time=0.008..0.008 rows=1 loops=1)
                                                                     Filter: (r_name = 'AMERICA'::bpchar)
                           ->  Index Scan using idx_lineitem_orderkey on lineitem  (cost=0.00..4.64 rows=21 width=30) (actual time=0.004..0.005 rows=4 loops=45297)
                                 Index Cond: (lineitem.l_orderkey = orders.o_orderkey)
                     ->  Hash  (cost=359.00..359.00 rows=10000 width=8) (actual time=3.517..3.517 rows=10000 loops=1)
                           ->  Seq Scan on supplier  (cost=0.00..359.00 rows=10000 width=8) (actual time=0.009..2.142 rows=10000 loops=1)
 Total runtime: 561.472 ms
(29 rows)

query 6 run 1
SET
SET
                                                                                                         QUERY PLAN                                                                                                          
-----------------------------------------------------------------------------------------------------------------------------------------------------------------------------------------------------------------------------
 Limit  (cost=137996.09..137996.11 rows=1 width=22) (actual time=1929.054..1929.055 rows=1 loops=1)
   ->  Aggregate  (cost=137996.09..137996.11 rows=1 width=22) (actual time=1929.052..1929.052 rows=1 loops=1)
         ->  Bitmap Heap Scan on lineitem  (cost=26593.88..137701.21 rows=117952 width=22) (actual time=131.565..1866.248 rows=119208 loops=1)
               Recheck Cond: ((l_shipdate >= '1993-01-01'::date) AND (l_shipdate < '1994-01-01 00:00:00'::timestamp without time zone) AND (l_discount >= 0.06) AND (l_discount <= 0.08) AND (l_quantity < 25::numeric))
               ->  Bitmap Index Scan on idx_lineitem_shipdate  (cost=0.00..26564.39 rows=117952 width=0) (actual time=119.358..119.358 rows=119208 loops=1)
                     Index Cond: ((l_shipdate >= '1993-01-01'::date) AND (l_shipdate < '1994-01-01 00:00:00'::timestamp without time zone) AND (l_discount >= 0.06) AND (l_discount <= 0.08) AND (l_quantity < 25::numeric))
 Total runtime: 1929.086 ms
(7 rows)

SET
SET
                                                                                                         QUERY PLAN                                                                                                          
-----------------------------------------------------------------------------------------------------------------------------------------------------------------------------------------------------------------------------
 Limit  (cost=137996.09..137996.11 rows=1 width=22) (actual time=320.699..320.700 rows=1 loops=1)
   ->  Aggregate  (cost=137996.09..137996.11 rows=1 width=22) (actual time=320.697..320.697 rows=1 loops=1)
         ->  Bitmap Heap Scan on lineitem  (cost=26593.88..137701.21 rows=117952 width=22) (actual time=94.436..275.588 rows=119208 loops=1)
               Recheck Cond: ((l_shipdate >= '1993-01-01'::date) AND (l_shipdate < '1994-01-01 00:00:00'::timestamp without time zone) AND (l_discount >= 0.06) AND (l_discount <= 0.08) AND (l_quantity < 25::numeric))
               ->  Bitmap Index Scan on idx_lineitem_shipdate  (cost=0.00..26564.39 rows=117952 width=0) (actual time=82.882..82.882 rows=119208 loops=1)
                     Index Cond: ((l_shipdate >= '1993-01-01'::date) AND (l_shipdate < '1994-01-01 00:00:00'::timestamp without time zone) AND (l_discount >= 0.06) AND (l_discount <= 0.08) AND (l_quantity < 25::numeric))
 Total runtime: 320.725 ms
(7 rows)

query 7 run 1
SET
SET
                                                                                                      QUERY PLAN                                                                                                       
-----------------------------------------------------------------------------------------------------------------------------------------------------------------------------------------------------------------------
 Limit  (cost=301297.30..301297.33 rows=1 width=84) (actual time=2970.141..2970.141 rows=1 loops=1)
   ->  GroupAggregate  (cost=301297.30..301501.45 rows=5833 width=84) (actual time=2970.141..2970.141 rows=1 loops=1)
         ->  Sort  (cost=301297.30..301311.88 rows=5833 width=84) (actual time=2969.355..2969.397 rows=1359 loops=1)
               Sort Key: n1.n_name, n2.n_name, date_part('year'::text, (lineitem.l_shipdate)::timestamp without time zone)
               ->  Hash Join  (cost=102790.42..300932.44 rows=5833 width=84) (actual time=1053.466..2961.391 rows=5729 loops=1)
                     Hash Cond: ((lineitem.l_suppkey = supplier.s_suppkey) AND (n1.n_nationkey = supplier.s_nationkey))
                     ->  Hash Join  (cost=102281.42..295958.83 rows=145903 width=92) (actual time=1046.265..2855.454 rows=145103 loops=1)
                           Hash Cond: (lineitem.l_orderkey = orders.o_orderkey)
                           ->  Bitmap Heap Scan on lineitem  (cost=40503.75..225877.45 rows=1825247 width=34) (actual time=372.094..1748.513 rows=1828450 loops=1)
                                 Recheck Cond: ((l_shipdate >= '1995-01-01'::date) AND (l_shipdate <= '1996-12-31'::date))
                                 ->  Bitmap Index Scan on idx_lineitem_shipdate  (cost=0.00..40047.44 rows=1825247 width=0) (actual time=341.154..341.154 rows=1828450 loops=1)
                                       Index Cond: ((l_shipdate >= '1995-01-01'::date) AND (l_shipdate <= '1996-12-31'::date))
                           ->  Hash  (cost=60278.92..60278.92 rows=119900 width=66) (actual time=674.081..674.081 rows=118477 loops=1)
                                 ->  Hash Join  (cost=6570.68..60278.92 rows=119900 width=66) (actual time=61.755..647.524 rows=118477 loops=1)
                                       Hash Cond: (orders.o_custkey = customer.c_custkey)
                                       ->  Seq Scan on orders  (cost=0.00..46884.48 rows=1499948 width=8) (actual time=0.410..333.894 rows=1500000 loops=1)
                                       ->  Hash  (cost=6420.80..6420.80 rows=11990 width=66) (actual time=61.335..61.335 rows=11896 loops=1)
                                             ->  Hash Join  (cost=21.30..6420.80 rows=11990 width=66) (actual time=0.834..58.733 rows=11896 loops=1)
                                                   Hash Cond: (customer.c_nationkey = n2.n_nationkey)
                                                   ->  Seq Scan on customer  (cost=0.00..5717.00 rows=150000 width=8) (actual time=0.401..44.744 rows=150000 loops=1)
                                                   ->  Hash  (cost=21.27..21.27 rows=2 width=66) (actual time=0.427..0.427 rows=2 loops=1)
                                                         ->  Nested Loop  (cost=1.27..21.27 rows=2 width=66) (actual time=0.389..0.426 rows=2 loops=1)
                                                               Join Filter: (((n1.n_name = 'PERU'::bpchar) AND (n2.n_name = 'MOROCCO'::bpchar)) OR ((n1.n_name = 'MOROCCO'::bpchar) AND (n2.n_name = 'PERU'::bpchar)))
                                                               ->  Seq Scan on nation n1  (cost=0.00..1.25 rows=25 width=33) (actual time=0.311..0.312 rows=25 loops=1)
                                                               ->  Materialize  (cost=1.27..1.52 rows=25 width=33) (actual time=0.000..0.001 rows=25 loops=25)
                                                                     ->  Seq Scan on nation n2  (cost=0.00..1.25 rows=25 width=33) (actual time=0.002..0.004 rows=25 loops=1)
                     ->  Hash  (cost=359.00..359.00 rows=10000 width=8) (actual time=6.375..6.375 rows=10000 loops=1)
                           ->  Seq Scan on supplier  (cost=0.00..359.00 rows=10000 width=8) (actual time=0.285..5.129 rows=10000 loops=1)
 Total runtime: 2970.208 ms
(29 rows)

SET
SET
                                                                                                      QUERY PLAN                                                                                                       
-----------------------------------------------------------------------------------------------------------------------------------------------------------------------------------------------------------------------
 Limit  (cost=301297.30..301297.33 rows=1 width=84) (actual time=1631.324..1631.324 rows=1 loops=1)
   ->  GroupAggregate  (cost=301297.30..301501.45 rows=5833 width=84) (actual time=1631.322..1631.322 rows=1 loops=1)
         ->  Sort  (cost=301297.30..301311.88 rows=5833 width=84) (actual time=1630.539..1630.587 rows=1359 loops=1)
               Sort Key: n1.n_name, n2.n_name, date_part('year'::text, (lineitem.l_shipdate)::timestamp without time zone)
               ->  Hash Join  (cost=102790.42..300932.44 rows=5833 width=84) (actual time=730.216..1623.882 rows=5729 loops=1)
                     Hash Cond: ((lineitem.l_suppkey = supplier.s_suppkey) AND (n1.n_nationkey = supplier.s_nationkey))
                     ->  Hash Join  (cost=102281.42..295958.83 rows=145903 width=92) (actual time=726.781..1565.758 rows=145103 loops=1)
                           Hash Cond: (lineitem.l_orderkey = orders.o_orderkey)
                           ->  Bitmap Heap Scan on lineitem  (cost=40503.75..225877.45 rows=1825247 width=34) (actual time=289.463..821.063 rows=1828450 loops=1)
                                 Recheck Cond: ((l_shipdate >= '1995-01-01'::date) AND (l_shipdate <= '1996-12-31'::date))
                                 ->  Bitmap Index Scan on idx_lineitem_shipdate  (cost=0.00..40047.44 rows=1825247 width=0) (actual time=259.274..259.274 rows=1828450 loops=1)
                                       Index Cond: ((l_shipdate >= '1995-01-01'::date) AND (l_shipdate <= '1996-12-31'::date))
                           ->  Hash  (cost=60278.92..60278.92 rows=119900 width=66) (actual time=437.286..437.286 rows=118477 loops=1)
                                 ->  Hash Join  (cost=6570.68..60278.92 rows=119900 width=66) (actual time=35.886..413.469 rows=118477 loops=1)
                                       Hash Cond: (orders.o_custkey = customer.c_custkey)
                                       ->  Seq Scan on orders  (cost=0.00..46884.48 rows=1499948 width=8) (actual time=0.005..171.431 rows=1500000 loops=1)
                                       ->  Hash  (cost=6420.80..6420.80 rows=11990 width=66) (actual time=35.874..35.874 rows=11896 loops=1)
                                             ->  Hash Join  (cost=21.30..6420.80 rows=11990 width=66) (actual time=0.132..33.610 rows=11896 loops=1)
                                                   Hash Cond: (customer.c_nationkey = n2.n_nationkey)
                                                   ->  Seq Scan on customer  (cost=0.00..5717.00 rows=150000 width=8) (actual time=0.004..20.385 rows=150000 loops=1)
                                                   ->  Hash  (cost=21.27..21.27 rows=2 width=66) (actual time=0.124..0.124 rows=2 loops=1)
                                                         ->  Nested Loop  (cost=1.27..21.27 rows=2 width=66) (actual time=0.086..0.122 rows=2 loops=1)
                                                               Join Filter: (((n1.n_name = 'PERU'::bpchar) AND (n2.n_name = 'MOROCCO'::bpchar)) OR ((n1.n_name = 'MOROCCO'::bpchar) AND (n2.n_name = 'PERU'::bpchar)))
                                                               ->  Seq Scan on nation n1  (cost=0.00..1.25 rows=25 width=33) (actual time=0.004..0.004 rows=25 loops=1)
                                                               ->  Materialize  (cost=1.27..1.52 rows=25 width=33) (actual time=0.000..0.002 rows=25 loops=25)
                                                                     ->  Seq Scan on nation n2  (cost=0.00..1.25 rows=25 width=33) (actual time=0.001..0.003 rows=25 loops=1)
                     ->  Hash  (cost=359.00..359.00 rows=10000 width=8) (actual time=3.311..3.311 rows=10000 loops=1)
                           ->  Seq Scan on supplier  (cost=0.00..359.00 rows=10000 width=8) (actual time=0.008..2.119 rows=10000 loops=1)
 Total runtime: 1631.388 ms
(29 rows)

query 8 run 1
SET
SET
                                                                                         QUERY PLAN                                                                                         
--------------------------------------------------------------------------------------------------------------------------------------------------------------------------------------------
 Limit  (cost=146892.85..146892.85 rows=1 width=55) (actual time=6541.479..6541.479 rows=1 loops=1)
   ->  Sort  (cost=146892.85..146894.66 rows=727 width=55) (actual time=6541.479..6541.479 rows=1 loops=1)
         Sort Key: date_part('year'::text, (orders.o_orderdate)::timestamp without time zone)
         ->  HashAggregate  (cost=146832.85..146858.29 rows=727 width=55) (actual time=6541.451..6541.453 rows=2 loops=1)
               ->  Hash Join  (cost=57547.62..146814.74 rows=2415 width=55) (actual time=615.048..6533.247 rows=2485 loops=1)
                     Hash Cond: (supplier.s_nationkey = n2.n_nationkey)
                     ->  Hash Join  (cost=57546.06..146767.89 rows=2415 width=30) (actual time=614.844..6528.540 rows=2485 loops=1)
                           Hash Cond: (lineitem.l_suppkey = supplier.s_suppkey)
                           ->  Hash Join  (cost=57062.06..146223.52 rows=2415 width=30) (actual time=608.643..6519.496 rows=2485 loops=1)
                                 Hash Cond: (lineitem.l_orderkey = orders.o_orderkey)
                                 ->  Nested Loop  (cost=0.00..88987.32 rows=39997 width=30) (actual time=3.311..5879.909 rows=39694 loops=1)
                                       ->  Index Scan using q2_idx_1 on part  (cost=0.00..7093.50 rows=1333 width=4) (actual time=1.440..130.025 rows=1320 loops=1)
                                             Index Cond: ((p_type)::text = 'LARGE POLISHED BRASS'::text)
                                       ->  Index Scan using idx_lineitem_part_supp on lineitem  (cost=0.00..61.05 rows=31 width=34) (actual time=0.312..4.338 rows=30 loops=1320)
                                             Index Cond: (part.p_partkey = lineitem.l_partkey)
                                 ->  Hash  (cost=55930.14..55930.14 rows=90554 width=8) (actual time=601.941..601.941 rows=91179 loops=1)
                                       ->  Hash Join  (cost=14084.24..55930.14 rows=90554 width=8) (actual time=113.747..585.305 rows=91179 loops=1)
                                             Hash Cond: (orders.o_custkey = customer.c_custkey)
                                             ->  Bitmap Heap Scan on orders  (cost=7127.20..45803.72 rows=452768 width=12) (actual time=52.104..341.718 rows=457263 loops=1)
                                                   Recheck Cond: ((o_orderdate >= '1995-01-01'::date) AND (o_orderdate <= '1996-12-31'::date))
                                                   ->  Bitmap Index Scan on idx_orders_orderdate  (cost=0.00..7014.01 rows=452768 width=0) (actual time=47.259..47.259 rows=457263 loops=1)
                                                         Index Cond: ((o_orderdate >= '1995-01-01'::date) AND (o_orderdate <= '1996-12-31'::date))
                                             ->  Hash  (cost=6582.03..6582.03 rows=30000 width=4) (actual time=61.627..61.627 rows=29952 loops=1)
                                                   ->  Hash Join  (cost=2.53..6582.03 rows=30000 width=4) (actual time=0.470..57.803 rows=29952 loops=1)
                                                         Hash Cond: (customer.c_nationkey = n1.n_nationkey)
                                                         ->  Seq Scan on customer  (cost=0.00..5717.00 rows=150000 width=8) (actual time=0.267..42.664 rows=150000 loops=1)
                                                         ->  Hash  (cost=2.47..2.47 rows=5 width=4) (actual time=0.196..0.196 rows=5 loops=1)
                                                               ->  Hash Join  (cost=1.07..2.47 rows=5 width=4) (actual time=0.187..0.193 rows=5 loops=1)
                                                                     Hash Cond: (n1.n_regionkey = region.r_regionkey)
                                                                     ->  Seq Scan on nation n1  (cost=0.00..1.25 rows=25 width=8) (actual time=0.002..0.005 rows=25 loops=1)
                                                                     ->  Hash  (cost=1.06..1.06 rows=1 width=4) (actual time=0.178..0.178 rows=1 loops=1)
                                                                           ->  Seq Scan on region  (cost=0.00..1.06 rows=1 width=4) (actual time=0.174..0.175 rows=1 loops=1)
                                                                                 Filter: (r_name = 'AMERICA'::bpchar)
                           ->  Hash  (cost=359.00..359.00 rows=10000 width=8) (actual time=6.193..6.193 rows=10000 loops=1)
                                 ->  Seq Scan on supplier  (cost=0.00..359.00 rows=10000 width=8) (actual time=0.306..5.096 rows=10000 loops=1)
                     ->  Hash  (cost=1.25..1.25 rows=25 width=33) (actual time=0.185..0.185 rows=25 loops=1)
                           ->  Seq Scan on nation n2  (cost=0.00..1.25 rows=25 width=33) (actual time=0.169..0.175 rows=25 loops=1)
 Total runtime: 6541.862 ms
(38 rows)

SET
SET
                                                                                         QUERY PLAN                                                                                         
--------------------------------------------------------------------------------------------------------------------------------------------------------------------------------------------
 Limit  (cost=146892.85..146892.85 rows=1 width=55) (actual time=438.872..438.872 rows=1 loops=1)
   ->  Sort  (cost=146892.85..146894.66 rows=727 width=55) (actual time=438.872..438.872 rows=1 loops=1)
         Sort Key: date_part('year'::text, (orders.o_orderdate)::timestamp without time zone)
         ->  HashAggregate  (cost=146832.85..146858.29 rows=727 width=55) (actual time=438.858..438.859 rows=2 loops=1)
               ->  Hash Join  (cost=57547.62..146814.74 rows=2415 width=55) (actual time=307.849..436.505 rows=2485 loops=1)
                     Hash Cond: (supplier.s_nationkey = n2.n_nationkey)
                     ->  Hash Join  (cost=57546.06..146767.89 rows=2415 width=30) (actual time=307.819..435.195 rows=2485 loops=1)
                           Hash Cond: (lineitem.l_suppkey = supplier.s_suppkey)
                           ->  Hash Join  (cost=57062.06..146223.52 rows=2415 width=30) (actual time=304.619..430.319 rows=2485 loops=1)
                                 Hash Cond: (lineitem.l_orderkey = orders.o_orderkey)
                                 ->  Nested Loop  (cost=0.00..88987.32 rows=39997 width=30) (actual time=0.055..109.177 rows=39694 loops=1)
                                       ->  Index Scan using q2_idx_1 on part  (cost=0.00..7093.50 rows=1333 width=4) (actual time=0.033..13.727 rows=1320 loops=1)
                                             Index Cond: ((p_type)::text = 'LARGE POLISHED BRASS'::text)
                                       ->  Index Scan using idx_lineitem_part_supp on lineitem  (cost=0.00..61.05 rows=31 width=34) (actual time=0.007..0.068 rows=30 loops=1320)
                                             Index Cond: (part.p_partkey = lineitem.l_partkey)
                                 ->  Hash  (cost=55930.14..55930.14 rows=90554 width=8) (actual time=304.494..304.494 rows=91179 loops=1)
                                       ->  Hash Join  (cost=14084.24..55930.14 rows=90554 width=8) (actual time=78.595..292.386 rows=91179 loops=1)
                                             Hash Cond: (orders.o_custkey = customer.c_custkey)
                                             ->  Bitmap Heap Scan on orders  (cost=7127.20..45803.72 rows=452768 width=12) (actual time=40.025..162.900 rows=457263 loops=1)
                                                   Recheck Cond: ((o_orderdate >= '1995-01-01'::date) AND (o_orderdate <= '1996-12-31'::date))
                                                   ->  Bitmap Index Scan on idx_orders_orderdate  (cost=0.00..7014.01 rows=452768 width=0) (actual time=35.629..35.629 rows=457263 loops=1)
                                                         Index Cond: ((o_orderdate >= '1995-01-01'::date) AND (o_orderdate <= '1996-12-31'::date))
                                             ->  Hash  (cost=6582.03..6582.03 rows=30000 width=4) (actual time=38.555..38.555 rows=29952 loops=1)
                                                   ->  Hash Join  (cost=2.53..6582.03 rows=30000 width=4) (actual time=0.024..35.369 rows=29952 loops=1)
                                                         Hash Cond: (customer.c_nationkey = n1.n_nationkey)
                                                         ->  Seq Scan on customer  (cost=0.00..5717.00 rows=150000 width=8) (actual time=0.006..20.630 rows=150000 loops=1)
                                                         ->  Hash  (cost=2.47..2.47 rows=5 width=4) (actual time=0.016..0.016 rows=5 loops=1)
                                                               ->  Hash Join  (cost=1.07..2.47 rows=5 width=4) (actual time=0.012..0.016 rows=5 loops=1)
                                                                     Hash Cond: (n1.n_regionkey = region.r_regionkey)
                                                                     ->  Seq Scan on nation n1  (cost=0.00..1.25 rows=25 width=8) (actual time=0.002..0.004 rows=25 loops=1)
                                                                     ->  Hash  (cost=1.06..1.06 rows=1 width=4) (actual time=0.007..0.007 rows=1 loops=1)
                                                                           ->  Seq Scan on region  (cost=0.00..1.06 rows=1 width=4) (actual time=0.006..0.006 rows=1 loops=1)
                                                                                 Filter: (r_name = 'AMERICA'::bpchar)
                           ->  Hash  (cost=359.00..359.00 rows=10000 width=8) (actual time=3.197..3.197 rows=10000 loops=1)
                                 ->  Seq Scan on supplier  (cost=0.00..359.00 rows=10000 width=8) (actual time=0.006..2.153 rows=10000 loops=1)
                     ->  Hash  (cost=1.25..1.25 rows=25 width=33) (actual time=0.015..0.015 rows=25 loops=1)
                           ->  Seq Scan on nation n2  (cost=0.00..1.25 rows=25 width=33) (actual time=0.008..0.013 rows=25 loops=1)
 Total runtime: 438.968 ms
(38 rows)

query 9 run 1
SET
SET
                                                                                     QUERY PLAN                                                                                     
------------------------------------------------------------------------------------------------------------------------------------------------------------------------------------
 Limit  (cost=180377.66..180377.70 rows=1 width=76) (actual time=22797.491..22797.492 rows=1 loops=1)
   ->  GroupAggregate  (cost=180377.66..180381.22 rows=95 width=76) (actual time=22797.490..22797.490 rows=1 loops=1)
         ->  Sort  (cost=180377.66..180377.90 rows=95 width=76) (actual time=22795.962..22796.517 rows=1210 loops=1)
               Sort Key: nation.n_name, date_part('year'::text, (orders.o_orderdate)::timestamp without time zone)
               ->  Nested Loop  (cost=0.00..180374.54 rows=95 width=76) (actual time=4.188..20750.165 rows=325928 loops=1)
                     ->  Nested Loop  (cost=0.00..180252.42 rows=95 width=51) (actual time=3.764..20216.346 rows=325928 loops=1)
                           ->  Nested Loop  (cost=0.00..179879.22 rows=95 width=55) (actual time=3.098..19662.890 rows=325928 loops=1)
                                 ->  Nested Loop  (cost=0.00..179493.33 rows=95 width=55) (actual time=2.143..15211.452 rows=325928 loops=1)
                                       ->  Nested Loop  (cost=0.00..40952.89 rows=31785 width=23) (actual time=1.298..352.878 rows=43520 loops=1)
                                             ->  Seq Scan on part  (cost=0.00..7608.00 rows=8081 width=4) (actual time=0.366..123.576 rows=10880 loops=1)
                                                   Filter: ((p_name)::text ~~ '%navy%'::text)
                                             ->  Index Scan using idx_partsupp_partkey on partsupp  (cost=0.00..4.08 rows=4 width=19) (actual time=0.018..0.020 rows=4 loops=10880)
                                                   Index Cond: (part.p_partkey = partsupp.ps_partkey)
                                       ->  Index Scan using idx_lineitem_part_supp on lineitem  (cost=0.00..4.34 rows=1 width=44) (actual time=0.051..0.339 rows=7 loops=43520)
                                             Index Cond: ((partsupp.ps_partkey = lineitem.l_partkey) AND (partsupp.ps_suppkey = lineitem.l_suppkey))
                                 ->  Index Scan using orders_pkey on orders  (cost=0.00..4.05 rows=1 width=8) (actual time=0.013..0.013 rows=1 loops=325928)
                                       Index Cond: (orders.o_orderkey = lineitem.l_orderkey)
                           ->  Index Scan using supplier_pkey on supplier  (cost=0.00..3.92 rows=1 width=8) (actual time=0.001..0.001 rows=1 loops=325928)
                                 Index Cond: (supplier.s_suppkey = lineitem.l_suppkey)
                     ->  Index Scan using nation_pkey on nation  (cost=0.00..1.27 rows=1 width=33) (actual time=0.001..0.001 rows=1 loops=325928)
                           Index Cond: (supplier.s_nationkey = nation.n_nationkey)
 Total runtime: 22802.128 ms
(22 rows)

SET
SET
                                                                                     QUERY PLAN                                                                                     
------------------------------------------------------------------------------------------------------------------------------------------------------------------------------------
 Limit  (cost=180377.66..180377.70 rows=1 width=76) (actual time=4457.948..4457.948 rows=1 loops=1)
   ->  GroupAggregate  (cost=180377.66..180381.22 rows=95 width=76) (actual time=4457.947..4457.947 rows=1 loops=1)
         ->  Sort  (cost=180377.66..180377.90 rows=95 width=76) (actual time=4456.393..4456.939 rows=1210 loops=1)
               Sort Key: nation.n_name, date_part('year'::text, (orders.o_orderdate)::timestamp without time zone)
               ->  Nested Loop  (cost=0.00..180374.54 rows=95 width=76) (actual time=0.101..2502.510 rows=325928 loops=1)
                     ->  Nested Loop  (cost=0.00..180252.42 rows=95 width=51) (actual time=0.086..2161.129 rows=325928 loops=1)
                           ->  Nested Loop  (cost=0.00..179879.22 rows=95 width=55) (actual time=0.074..1789.980 rows=325928 loops=1)
                                 ->  Nested Loop  (cost=0.00..179493.33 rows=95 width=55) (actual time=0.054..814.057 rows=325928 loops=1)
                                       ->  Nested Loop  (cost=0.00..40952.89 rows=31785 width=23) (actual time=0.035..132.825 rows=43520 loops=1)
                                             ->  Seq Scan on part  (cost=0.00..7608.00 rows=8081 width=4) (actual time=0.015..75.441 rows=10880 loops=1)
                                                   Filter: ((p_name)::text ~~ '%navy%'::text)
                                             ->  Index Scan using idx_partsupp_partkey on partsupp  (cost=0.00..4.08 rows=4 width=19) (actual time=0.004..0.005 rows=4 loops=10880)
                                                   Index Cond: (part.p_partkey = partsupp.ps_partkey)
                                       ->  Index Scan using idx_lineitem_part_supp on lineitem  (cost=0.00..4.34 rows=1 width=44) (actual time=0.004..0.014 rows=7 loops=43520)
                                             Index Cond: ((partsupp.ps_partkey = lineitem.l_partkey) AND (partsupp.ps_suppkey = lineitem.l_suppkey))
                                 ->  Index Scan using orders_pkey on orders  (cost=0.00..4.05 rows=1 width=8) (actual time=0.003..0.003 rows=1 loops=325928)
                                       Index Cond: (orders.o_orderkey = lineitem.l_orderkey)
                           ->  Index Scan using supplier_pkey on supplier  (cost=0.00..3.92 rows=1 width=8) (actual time=0.001..0.001 rows=1 loops=325928)
                                 Index Cond: (supplier.s_suppkey = lineitem.l_suppkey)
                     ->  Index Scan using nation_pkey on nation  (cost=0.00..1.27 rows=1 width=33) (actual time=0.000..0.001 rows=1 loops=325928)
                           Index Cond: (supplier.s_nationkey = nation.n_nationkey)
 Total runtime: 4462.418 ms
(22 rows)

query 10 run 1
SET
SET
                                                                                      QUERY PLAN                                                                                       
---------------------------------------------------------------------------------------------------------------------------------------------------------------------------------------
 Limit  (cost=304463.52..304463.57 rows=20 width=212) (actual time=3543.945..3543.947 rows=20 loops=1)
   ->  Sort  (cost=304463.52..304604.36 rows=56333 width=212) (actual time=3543.943..3543.944 rows=20 loops=1)
         Sort Key: sum((lineitem.l_extendedprice * (1::numeric - lineitem.l_discount)))
         ->  GroupAggregate  (cost=297765.05..300018.37 rows=56333 width=212) (actual time=3391.177..3515.351 rows=38076 loops=1)
               ->  Sort  (cost=297765.05..297905.89 rows=56333 width=212) (actual time=3391.157..3427.388 rows=114347 loops=1)
                     Sort Key: customer.c_custkey, customer.c_name, customer.c_acctbal, customer.c_phone, nation.n_name, customer.c_address, customer.c_comment
                     ->  Hash Join  (cost=41120.07..293319.90 rows=56333 width=212) (actual time=381.247..2780.819 rows=114347 loops=1)
                           Hash Cond: (customer.c_nationkey = nation.n_nationkey)
                           ->  Hash Join  (cost=41118.51..292543.76 rows=56333 width=187) (actual time=381.095..2755.634 rows=114347 loops=1)
                                 Hash Cond: (orders.o_custkey = customer.c_custkey)
                                 ->  Hash Join  (cost=33526.51..283613.85 rows=56333 width=26) (actual time=290.652..2596.775 rows=114347 loops=1)
                                       Hash Cond: (lineitem.l_orderkey = orders.o_orderkey)
                                       ->  Seq Scan on lineitem  (cost=0.00..233008.33 rows=1468061 width=26) (actual time=0.718..1894.780 rows=1478870 loops=1)
                                             Filter: (l_returnflag = 'R'::bpchar)
                                       ->  Hash  (cost=32807.05..32807.05 rows=57557 width=8) (actual time=289.154..289.154 rows=57111 loops=1)
                                             ->  Bitmap Heap Scan on orders  (cost=906.29..32807.05 rows=57557 width=8) (actual time=13.681..276.743 rows=57111 loops=1)
                                                   Recheck Cond: ((o_orderdate >= '1994-08-01'::date) AND (o_orderdate < '1994-11-01'::date))
                                                   ->  Bitmap Index Scan on idx_orders_orderdate  (cost=0.00..891.90 rows=57557 width=0) (actual time=9.844..9.844 rows=57111 loops=1)
                                                         Index Cond: ((o_orderdate >= '1994-08-01'::date) AND (o_orderdate < '1994-11-01'::date))
                                 ->  Hash  (cost=5717.00..5717.00 rows=150000 width=165) (actual time=90.434..90.434 rows=150000 loops=1)
                                       ->  Seq Scan on customer  (cost=0.00..5717.00 rows=150000 width=165) (actual time=0.277..56.372 rows=150000 loops=1)
                           ->  Hash  (cost=1.25..1.25 rows=25 width=33) (actual time=0.144..0.144 rows=25 loops=1)
                                 ->  Seq Scan on nation  (cost=0.00..1.25 rows=25 width=33) (actual time=0.136..0.136 rows=25 loops=1)
 Total runtime: 3547.892 ms
(24 rows)

SET
SET
                                                                                      QUERY PLAN                                                                                       
---------------------------------------------------------------------------------------------------------------------------------------------------------------------------------------
 Limit  (cost=304463.52..304463.57 rows=20 width=212) (actual time=2500.405..2500.409 rows=20 loops=1)
   ->  Sort  (cost=304463.52..304604.36 rows=56333 width=212) (actual time=2500.404..2500.407 rows=20 loops=1)
         Sort Key: sum((lineitem.l_extendedprice * (1::numeric - lineitem.l_discount)))
         ->  GroupAggregate  (cost=297765.05..300018.37 rows=56333 width=212) (actual time=2348.760..2472.117 rows=38076 loops=1)
               ->  Sort  (cost=297765.05..297905.89 rows=56333 width=212) (actual time=2348.741..2385.157 rows=114347 loops=1)
                     Sort Key: customer.c_custkey, customer.c_name, customer.c_acctbal, customer.c_phone, nation.n_name, customer.c_address, customer.c_comment
                     ->  Hash Join  (cost=41120.07..293319.90 rows=56333 width=212) (actual time=155.000..1751.899 rows=114347 loops=1)
                           Hash Cond: (customer.c_nationkey = nation.n_nationkey)
                           ->  Hash Join  (cost=41118.51..292543.76 rows=56333 width=187) (actual time=154.977..1729.682 rows=114347 loops=1)
                                 Hash Cond: (orders.o_custkey = customer.c_custkey)
                                 ->  Hash Join  (cost=33526.51..283613.85 rows=56333 width=26) (actual time=88.251..1597.085 rows=114347 loops=1)
                                       Hash Cond: (lineitem.l_orderkey = orders.o_orderkey)
                                       ->  Seq Scan on lineitem  (cost=0.00..233008.33 rows=1468061 width=26) (actual time=0.008..1133.831 rows=1478870 loops=1)
                                             Filter: (l_returnflag = 'R'::bpchar)
                                       ->  Hash  (cost=32807.05..32807.05 rows=57557 width=8) (actual time=88.162..88.162 rows=57111 loops=1)
                                             ->  Bitmap Heap Scan on orders  (cost=906.29..32807.05 rows=57557 width=8) (actual time=9.377..81.075 rows=57111 loops=1)
                                                   Recheck Cond: ((o_orderdate >= '1994-08-01'::date) AND (o_orderdate < '1994-11-01'::date))
                                                   ->  Bitmap Index Scan on idx_orders_orderdate  (cost=0.00..891.90 rows=57557 width=0) (actual time=5.956..5.956 rows=57111 loops=1)
                                                         Index Cond: ((o_orderdate >= '1994-08-01'::date) AND (o_orderdate < '1994-11-01'::date))
                                 ->  Hash  (cost=5717.00..5717.00 rows=150000 width=165) (actual time=66.719..66.719 rows=150000 loops=1)
                                       ->  Seq Scan on customer  (cost=0.00..5717.00 rows=150000 width=165) (actual time=0.005..34.241 rows=150000 loops=1)
                           ->  Hash  (cost=1.25..1.25 rows=25 width=33) (actual time=0.013..0.013 rows=25 loops=1)
                                 ->  Seq Scan on nation  (cost=0.00..1.25 rows=25 width=33) (actual time=0.006..0.007 rows=25 loops=1)
 Total runtime: 2504.414 ms
(24 rows)

query 11 run 1
SET
SET
                                                                              QUERY PLAN                                                                              
----------------------------------------------------------------------------------------------------------------------------------------------------------------------
 Limit  (cost=38611.29..38611.30 rows=1 width=19) (actual time=752.501..752.501 rows=1 loops=1)
   InitPlan
     ->  Aggregate  (cost=17594.79..17594.81 rows=1 width=15) (actual time=27.884..27.884 rows=1 loops=1)
           ->  Nested Loop  (cost=0.00..17515.07 rows=31888 width=15) (actual time=0.014..17.052 rows=32880 loops=1)
                 ->  Nested Loop  (cost=0.00..464.64 rows=400 width=4) (actual time=0.010..0.190 rows=411 loops=1)
                       ->  Seq Scan on nation  (cost=0.00..1.31 rows=1 width=4) (actual time=0.004..0.005 rows=1 loops=1)
                             Filter: (n_name = 'SAUDI ARABIA'::bpchar)
                       ->  Index Scan using idx_supplier_nation_key on supplier  (cost=0.00..458.33 rows=400 width=8) (actual time=0.004..0.154 rows=411 loops=1)
                             Index Cond: (supplier.s_nationkey = nation.n_nationkey)
                 ->  Index Scan using idx_partsupp_suppkey on partsupp  (cost=0.00..41.63 rows=80 width=19) (actual time=0.003..0.033 rows=80 loops=411)
                       Index Cond: (partsupp.ps_suppkey = supplier.s_suppkey)
   ->  Sort  (cost=21016.49..21096.21 rows=31888 width=19) (actual time=752.501..752.501 rows=1 loops=1)
         Sort Key: sum((partsupp.ps_supplycost * (partsupp.ps_availqty)::numeric))
         ->  HashAggregate  (cost=17754.23..18631.15 rows=31888 width=19) (actual time=747.269..752.186 rows=839 loops=1)
               Filter: (sum((ps_supplycost * (ps_availqty)::numeric)) > $0)
               ->  Nested Loop  (cost=0.00..17515.07 rows=31888 width=19) (actual time=1.702..694.131 rows=32880 loops=1)
                     ->  Nested Loop  (cost=0.00..464.64 rows=400 width=4) (actual time=0.833..3.488 rows=411 loops=1)
                           ->  Seq Scan on nation  (cost=0.00..1.31 rows=1 width=4) (actual time=0.165..0.168 rows=1 loops=1)
                                 Filter: (n_name = 'SAUDI ARABIA'::bpchar)
                           ->  Index Scan using idx_supplier_nation_key on supplier  (cost=0.00..458.33 rows=400 width=8) (actual time=0.664..3.236 rows=411 loops=1)
                                 Index Cond: (supplier.s_nationkey = nation.n_nationkey)
                     ->  Index Scan using idx_partsupp_suppkey on partsupp  (cost=0.00..41.63 rows=80 width=23) (actual time=0.092..1.663 rows=80 loops=411)
                           Index Cond: (partsupp.ps_suppkey = supplier.s_suppkey)
 Total runtime: 752.870 ms
(24 rows)

SET
SET
                                                                              QUERY PLAN                                                                              
----------------------------------------------------------------------------------------------------------------------------------------------------------------------
 Limit  (cost=38611.29..38611.30 rows=1 width=19) (actual time=104.049..104.049 rows=1 loops=1)
   InitPlan
     ->  Aggregate  (cost=17594.79..17594.81 rows=1 width=15) (actual time=27.534..27.534 rows=1 loops=1)
           ->  Nested Loop  (cost=0.00..17515.07 rows=31888 width=15) (actual time=0.012..16.700 rows=32880 loops=1)
                 ->  Nested Loop  (cost=0.00..464.64 rows=400 width=4) (actual time=0.008..0.180 rows=411 loops=1)
                       ->  Seq Scan on nation  (cost=0.00..1.31 rows=1 width=4) (actual time=0.004..0.006 rows=1 loops=1)
                             Filter: (n_name = 'SAUDI ARABIA'::bpchar)
                       ->  Index Scan using idx_supplier_nation_key on supplier  (cost=0.00..458.33 rows=400 width=8) (actual time=0.004..0.134 rows=411 loops=1)
                             Index Cond: (supplier.s_nationkey = nation.n_nationkey)
                 ->  Index Scan using idx_partsupp_suppkey on partsupp  (cost=0.00..41.63 rows=80 width=19) (actual time=0.003..0.032 rows=80 loops=411)
                       Index Cond: (partsupp.ps_suppkey = supplier.s_suppkey)
   ->  Sort  (cost=21016.49..21096.21 rows=31888 width=19) (actual time=104.048..104.048 rows=1 loops=1)
         Sort Key: sum((partsupp.ps_supplycost * (partsupp.ps_availqty)::numeric))
         ->  HashAggregate  (cost=17754.23..18631.15 rows=31888 width=19) (actual time=98.601..103.516 rows=839 loops=1)
               Filter: (sum((ps_supplycost * (ps_availqty)::numeric)) > $0)
               ->  Nested Loop  (cost=0.00..17515.07 rows=31888 width=19) (actual time=0.046..55.286 rows=32880 loops=1)
                     ->  Nested Loop  (cost=0.00..464.64 rows=400 width=4) (actual time=0.028..0.649 rows=411 loops=1)
                           ->  Seq Scan on nation  (cost=0.00..1.31 rows=1 width=4) (actual time=0.011..0.013 rows=1 loops=1)
                                 Filter: (n_name = 'SAUDI ARABIA'::bpchar)
                           ->  Index Scan using idx_supplier_nation_key on supplier  (cost=0.00..458.33 rows=400 width=8) (actual time=0.014..0.565 rows=411 loops=1)
                                 Index Cond: (supplier.s_nationkey = nation.n_nationkey)
                     ->  Index Scan using idx_partsupp_suppkey on partsupp  (cost=0.00..41.63 rows=80 width=23) (actual time=0.007..0.122 rows=80 loops=411)
                           Index Cond: (partsupp.ps_suppkey = supplier.s_suppkey)
 Total runtime: 104.138 ms
(24 rows)

query 12 run 1
SET
SET
                                                                                                                       QUERY PLAN                                                                                                                        
---------------------------------------------------------------------------------------------------------------------------------------------------------------------------------------------------------------------------------------------------------
 Limit  (cost=140759.93..140759.94 rows=1 width=33) (actual time=4009.147..4009.147 rows=1 loops=1)
   ->  Sort  (cost=140759.93..140759.94 rows=1 width=33) (actual time=4009.147..4009.147 rows=1 loops=1)
         Sort Key: lineitem.l_shipmode
         ->  HashAggregate  (cost=140759.90..140759.92 rows=1 width=33) (actual time=4009.122..4009.123 rows=2 loops=1)
               ->  Merge Join  (cost=73785.78..140555.45 rows=27259 width=33) (actual time=3468.893..3993.157 rows=30953 loops=1)
                     Merge Cond: (orders.o_orderkey = lineitem.l_orderkey)
                     ->  Index Scan using orders_pkey on orders  (cost=0.00..62617.55 rows=1499948 width=23) (actual time=1.275..421.078 rows=1499957 loops=1)
                     ->  Sort  (cost=73785.78..73853.93 rows=27259 width=18) (actual time=3467.553..3470.677 rows=30953 loops=1)
                           Sort Key: lineitem.l_orderkey
                           ->  Bitmap Heap Scan on lineitem  (cost=30975.59..71777.55 rows=27259 width=18) (actual time=94.014..3447.251 rows=30953 loops=1)
                                 Recheck Cond: ((l_shipmode = ANY ('{SHIP,"REG AIR"}'::bpchar[])) AND (l_receiptdate >= '1994-01-01'::date) AND (l_receiptdate < '1995-01-01'::date) AND (l_commitdate < l_receiptdate) AND (l_shipdate < l_commitdate))
                                 ->  Bitmap Index Scan on q12_idx_1  (cost=0.00..30968.77 rows=27259 width=0) (actual time=89.744..89.744 rows=30953 loops=1)
                                       Index Cond: ((l_shipmode = ANY ('{SHIP,"REG AIR"}'::bpchar[])) AND (l_receiptdate >= '1994-01-01'::date) AND (l_receiptdate < '1995-01-01'::date))
 Total runtime: 4009.500 ms
(14 rows)

SET
SET
                                                                                                                       QUERY PLAN                                                                                                                        
---------------------------------------------------------------------------------------------------------------------------------------------------------------------------------------------------------------------------------------------------------
 Limit  (cost=140759.93..140759.94 rows=1 width=33) (actual time=504.647..504.647 rows=1 loops=1)
   ->  Sort  (cost=140759.93..140759.94 rows=1 width=33) (actual time=504.646..504.646 rows=1 loops=1)
         Sort Key: lineitem.l_shipmode
         ->  HashAggregate  (cost=140759.90..140759.92 rows=1 width=33) (actual time=504.622..504.623 rows=2 loops=1)
               ->  Merge Join  (cost=73785.78..140555.45 rows=27259 width=33) (actual time=144.918..492.178 rows=30953 loops=1)
                     Merge Cond: (orders.o_orderkey = lineitem.l_orderkey)
                     ->  Index Scan using orders_pkey on orders  (cost=0.00..62617.55 rows=1499948 width=23) (actual time=0.021..250.699 rows=1499957 loops=1)
                     ->  Sort  (cost=73785.78..73853.93 rows=27259 width=18) (actual time=144.875..146.946 rows=30953 loops=1)
                           Sort Key: lineitem.l_orderkey
                           ->  Bitmap Heap Scan on lineitem  (cost=30975.59..71777.55 rows=27259 width=18) (actual time=72.920..139.699 rows=30953 loops=1)
                                 Recheck Cond: ((l_shipmode = ANY ('{SHIP,"REG AIR"}'::bpchar[])) AND (l_receiptdate >= '1994-01-01'::date) AND (l_receiptdate < '1995-01-01'::date) AND (l_commitdate < l_receiptdate) AND (l_shipdate < l_commitdate))
                                 ->  Bitmap Index Scan on q12_idx_1  (cost=0.00..30968.77 rows=27259 width=0) (actual time=69.087..69.087 rows=30953 loops=1)
                                       Index Cond: ((l_shipmode = ANY ('{SHIP,"REG AIR"}'::bpchar[])) AND (l_receiptdate >= '1994-01-01'::date) AND (l_receiptdate < '1995-01-01'::date))
 Total runtime: 504.720 ms
(14 rows)

query 13 run 1
SET
SET
                                                                      QUERY PLAN                                                                      
------------------------------------------------------------------------------------------------------------------------------------------------------
 Limit  (cost=163407.77..163407.77 rows=1 width=8) (actual time=1774.845..1774.846 rows=1 loops=1)
   ->  Sort  (cost=163407.77..163408.27 rows=200 width=8) (actual time=1774.844..1774.844 rows=1 loops=1)
         Sort Key: count(*), c_orders.c_count
         ->  HashAggregate  (cost=163397.62..163400.12 rows=200 width=8) (actual time=1774.818..1774.821 rows=42 loops=1)
               ->  HashAggregate  (cost=159272.62..161147.62 rows=150000 width=8) (actual time=1742.804..1758.087 rows=150000 loops=1)
                     ->  Hash Left Join  (cost=75918.84..152000.03 rows=1454519 width=8) (actual time=1142.656..1549.122 rows=1533923 loops=1)
                           Hash Cond: (customer.c_custkey = orders.o_custkey)
                           ->  Seq Scan on customer  (cost=0.00..5717.00 rows=150000 width=4) (actual time=0.289..43.603 rows=150000 loops=1)
                           ->  Hash  (cost=50634.35..50634.35 rows=1454519 width=8) (actual time=1142.110..1142.110 rows=1483918 loops=1)
                                 ->  Seq Scan on orders  (cost=0.00..50634.35 rows=1454519 width=8) (actual time=0.334..917.395 rows=1483918 loops=1)
                                       Filter: ((o_comment)::text !~~ '%special%requests%'::text)
 Total runtime: 1775.800 ms
(12 rows)

SET
SET
                                                                      QUERY PLAN                                                                      
------------------------------------------------------------------------------------------------------------------------------------------------------
 Limit  (cost=163407.77..163407.77 rows=1 width=8) (actual time=1589.565..1589.565 rows=1 loops=1)
   ->  Sort  (cost=163407.77..163408.27 rows=200 width=8) (actual time=1589.564..1589.564 rows=1 loops=1)
         Sort Key: count(*), c_orders.c_count
         ->  HashAggregate  (cost=163397.62..163400.12 rows=200 width=8) (actual time=1589.539..1589.543 rows=42 loops=1)
               ->  HashAggregate  (cost=159272.62..161147.62 rows=150000 width=8) (actual time=1557.671..1572.946 rows=150000 loops=1)
                     ->  Hash Left Join  (cost=75918.84..152000.03 rows=1454519 width=8) (actual time=977.584..1365.383 rows=1533923 loops=1)
                           Hash Cond: (customer.c_custkey = orders.o_custkey)
                           ->  Seq Scan on customer  (cost=0.00..5717.00 rows=150000 width=4) (actual time=0.009..23.454 rows=150000 loops=1)
                           ->  Hash  (cost=50634.35..50634.35 rows=1454519 width=8) (actual time=977.303..977.303 rows=1483918 loops=1)
                                 ->  Seq Scan on orders  (cost=0.00..50634.35 rows=1454519 width=8) (actual time=0.012..766.355 rows=1483918 loops=1)
                                       Filter: ((o_comment)::text !~~ '%special%requests%'::text)
 Total runtime: 1590.491 ms
(12 rows)

query 14 run 1
SET
SET
                                                                         QUERY PLAN                                                                          
-------------------------------------------------------------------------------------------------------------------------------------------------------------
 Limit  (cost=99950.49..99950.52 rows=1 width=46) (actual time=2664.520..2664.520 rows=1 loops=1)
   ->  Aggregate  (cost=99950.49..99950.52 rows=1 width=46) (actual time=2664.519..2664.519 rows=1 loops=1)
         ->  Hash Join  (cost=11332.85..99562.25 rows=77647 width=46) (actual time=111.991..2588.052 rows=77317 loops=1)
               Hash Cond: (lineitem.l_partkey = part.p_partkey)
               ->  Bitmap Heap Scan on lineitem  (cost=1724.85..88401.31 rows=77647 width=26) (actual time=22.934..2423.812 rows=77317 loops=1)
                     Recheck Cond: ((l_shipdate >= '1994-05-01'::date) AND (l_shipdate < '1994-06-01'::date))
                     ->  Bitmap Index Scan on idx_lineitem_shipdate  (cost=0.00..1705.44 rows=77647 width=0) (actual time=16.380..16.380 rows=77317 loops=1)
                           Index Cond: ((l_shipdate >= '1994-05-01'::date) AND (l_shipdate < '1994-06-01'::date))
               ->  Hash  (cost=7108.00..7108.00 rows=200000 width=28) (actual time=88.296..88.296 rows=200000 loops=1)
                     ->  Seq Scan on part  (cost=0.00..7108.00 rows=200000 width=28) (actual time=0.502..62.417 rows=200000 loops=1)
 Total runtime: 2664.777 ms
(11 rows)

SET
SET
                                                                         QUERY PLAN                                                                          
-------------------------------------------------------------------------------------------------------------------------------------------------------------
 Limit  (cost=99950.49..99950.52 rows=1 width=46) (actual time=293.965..293.966 rows=1 loops=1)
   ->  Aggregate  (cost=99950.49..99950.52 rows=1 width=46) (actual time=293.964..293.964 rows=1 loops=1)
         ->  Hash Join  (cost=11332.85..99562.25 rows=77647 width=46) (actual time=78.297..243.511 rows=77317 loops=1)
               Hash Cond: (lineitem.l_partkey = part.p_partkey)
               ->  Bitmap Heap Scan on lineitem  (cost=1724.85..88401.31 rows=77647 width=26) (actual time=17.819..131.809 rows=77317 loops=1)
                     Recheck Cond: ((l_shipdate >= '1994-05-01'::date) AND (l_shipdate < '1994-06-01'::date))
                     ->  Bitmap Index Scan on idx_lineitem_shipdate  (cost=0.00..1705.44 rows=77647 width=0) (actual time=11.763..11.763 rows=77317 loops=1)
                           Index Cond: ((l_shipdate >= '1994-05-01'::date) AND (l_shipdate < '1994-06-01'::date))
               ->  Hash  (cost=7108.00..7108.00 rows=200000 width=28) (actual time=60.406..60.406 rows=200000 loops=1)
                     ->  Seq Scan on part  (cost=0.00..7108.00 rows=200000 width=28) (actual time=0.008..36.468 rows=200000 loops=1)
 Total runtime: 293.998 ms
(11 rows)

query 15 run 1
SET
SET
CREATE VIEW
                                                                                QUERY PLAN                                                                                 
---------------------------------------------------------------------------------------------------------------------------------------------------------------------------
 Limit  (cost=304207.55..304208.90 rows=1 width=112) (actual time=2118.595..2118.596 rows=1 loops=1)
   InitPlan
     ->  Aggregate  (cost=151816.47..151816.48 rows=1 width=32) (actual time=213.557..213.557 rows=1 loops=1)
           ->  HashAggregate  (cost=151805.37..151811.85 rows=370 width=26) (actual time=211.854..212.979 rows=10000 loops=1)
                 ->  Bitmap Heap Scan on lineitem  (cost=4936.72..150693.30 rows=222415 width=26) (actual time=36.695..88.400 rows=225954 loops=1)
                       Recheck Cond: ((l_shipdate >= '1996-01-01'::date) AND (l_shipdate < '1996-04-01'::date))
                       ->  Bitmap Index Scan on idx_lineitem_shipdate  (cost=0.00..4881.12 rows=222415 width=0) (actual time=25.567..25.567 rows=225954 loops=1)
                             Index Cond: ((l_shipdate >= '1996-01-01'::date) AND (l_shipdate < '1996-04-01'::date))
   ->  Merge Join  (cost=152391.07..152891.87 rows=370 width=112) (actual time=2118.594..2118.594 rows=1 loops=1)
         Merge Cond: (supplier.s_suppkey = revenue0.supplier_no)
         ->  Index Scan using supplier_pkey on supplier  (cost=0.00..470.25 rows=10000 width=80) (actual time=0.684..5.465 rows=8449 loops=1)
         ->  Sort  (cost=152391.07..152391.99 rows=370 width=36) (actual time=2112.613..2112.613 rows=1 loops=1)
               Sort Key: revenue0.supplier_no
               ->  Subquery Scan revenue0  (cost=152361.41..152375.28 rows=370 width=36) (actual time=2112.330..2112.594 rows=1 loops=1)
                     ->  HashAggregate  (cost=152361.41..152371.58 rows=370 width=26) (actual time=2112.329..2112.593 rows=1 loops=1)
                           Filter: (sum((l_extendedprice * (1::numeric - l_discount))) = $0)
                           ->  Bitmap Heap Scan on lineitem  (cost=4936.72..150693.30 rows=222415 width=26) (actual time=56.173..1701.433 rows=225954 loops=1)
                                 Recheck Cond: ((l_shipdate >= '1996-01-01'::date) AND (l_shipdate < '1996-04-01'::date))
                                 ->  Bitmap Index Scan on idx_lineitem_shipdate  (cost=0.00..4881.12 rows=222415 width=0) (actual time=43.884..43.884 rows=225954 loops=1)
                                       Index Cond: ((l_shipdate >= '1996-01-01'::date) AND (l_shipdate < '1996-04-01'::date))
 Total runtime: 2118.974 ms
(21 rows)

DROP VIEW
SET
SET
CREATE VIEW
                                                                                QUERY PLAN                                                                                 
---------------------------------------------------------------------------------------------------------------------------------------------------------------------------
 Limit  (cost=304207.55..304208.90 rows=1 width=112) (actual time=585.839..585.839 rows=1 loops=1)
   InitPlan
     ->  Aggregate  (cost=151816.47..151816.48 rows=1 width=32) (actual time=209.850..209.850 rows=1 loops=1)
           ->  HashAggregate  (cost=151805.37..151811.85 rows=370 width=26) (actual time=208.169..209.259 rows=10000 loops=1)
                 ->  Bitmap Heap Scan on lineitem  (cost=4936.72..150693.30 rows=222415 width=26) (actual time=35.544..87.311 rows=225954 loops=1)
                       Recheck Cond: ((l_shipdate >= '1996-01-01'::date) AND (l_shipdate < '1996-04-01'::date))
                       ->  Bitmap Index Scan on idx_lineitem_shipdate  (cost=0.00..4881.12 rows=222415 width=0) (actual time=24.402..24.402 rows=225954 loops=1)
                             Index Cond: ((l_shipdate >= '1996-01-01'::date) AND (l_shipdate < '1996-04-01'::date))
   ->  Merge Join  (cost=152391.07..152891.87 rows=370 width=112) (actual time=585.839..585.839 rows=1 loops=1)
         Merge Cond: (supplier.s_suppkey = revenue0.supplier_no)
         ->  Index Scan using supplier_pkey on supplier  (cost=0.00..470.25 rows=10000 width=80) (actual time=0.019..1.555 rows=8449 loops=1)
         ->  Sort  (cost=152391.07..152391.99 rows=370 width=36) (actual time=583.806..583.806 rows=1 loops=1)
               Sort Key: revenue0.supplier_no
               ->  Subquery Scan revenue0  (cost=152361.41..152375.28 rows=370 width=36) (actual time=583.534..583.798 rows=1 loops=1)
                     ->  HashAggregate  (cost=152361.41..152371.58 rows=370 width=26) (actual time=583.534..583.798 rows=1 loops=1)
                           Filter: (sum((l_extendedprice * (1::numeric - l_discount))) = $0)
                           ->  Bitmap Heap Scan on lineitem  (cost=4936.72..150693.30 rows=222415 width=26) (actual time=42.265..242.570 rows=225954 loops=1)
                                 Recheck Cond: ((l_shipdate >= '1996-01-01'::date) AND (l_shipdate < '1996-04-01'::date))
                                 ->  Bitmap Index Scan on idx_lineitem_shipdate  (cost=0.00..4881.12 rows=222415 width=0) (actual time=30.927..30.927 rows=225954 loops=1)
                                       Index Cond: ((l_shipdate >= '1996-01-01'::date) AND (l_shipdate < '1996-04-01'::date))
 Total runtime: 585.934 ms
(21 rows)

DROP VIEW
query 16 run 1
SET
SET
                                                                                         QUERY PLAN                                                                                         
--------------------------------------------------------------------------------------------------------------------------------------------------------------------------------------------
 Limit  (cost=49786.73..49786.74 rows=1 width=46) (actual time=1445.335..1445.335 rows=1 loops=1)
   ->  Sort  (cost=49786.73..49793.45 rows=2688 width=46) (actual time=1445.334..1445.334 rows=1 loops=1)
         Sort Key: count(DISTINCT partsupp.ps_suppkey), part.p_brand, part.p_type, part.p_size
         ->  GroupAggregate  (cost=48939.40..49633.62 rows=2688 width=46) (actual time=1300.866..1349.551 rows=18220 loops=1)
               ->  Sort  (cost=48939.40..49071.52 rows=52850 width=46) (actual time=1300.845..1309.276 rows=117930 loops=1)
                     Sort Key: part.p_brand, part.p_type, part.p_size
                     ->  Hash Join  (cost=10827.92..44793.42 rows=52850 width=46) (actual time=107.741..533.126 rows=117930 loops=1)
                           Hash Cond: (partsupp.ps_partkey = part.p_partkey)
                           ->  Seq Scan on partsupp  (cost=384.00..29321.00 rows=400000 width=8) (actual time=7.507..269.465 rows=799680 loops=1)
                                 Filter: (NOT (hashed subplan))
                                 SubPlan
                                   ->  Seq Scan on supplier  (cost=0.00..384.00 rows=1 width=4) (actual time=1.070..7.103 rows=4 loops=1)
                                         Filter: ((s_comment)::text ~~ '%Customer%Complaints%'::text)
                           ->  Hash  (cost=10108.00..10108.00 rows=26873 width=46) (actual time=100.209..100.209 rows=29492 loops=1)
                                 ->  Seq Scan on part  (cost=0.00..10108.00 rows=26873 width=46) (actual time=0.374..94.512 rows=29492 loops=1)
                                       Filter: ((p_brand <> 'Brand#12'::bpchar) AND ((p_type)::text !~~ 'SMALL BRUSHED%'::text) AND (p_size = ANY ('{12,32,36,26,40,34,49,9}'::integer[])))
 Total runtime: 1445.612 ms
(17 rows)

SET
SET
                                                                                         QUERY PLAN                                                                                         
--------------------------------------------------------------------------------------------------------------------------------------------------------------------------------------------
 Limit  (cost=49786.73..49786.74 rows=1 width=46) (actual time=1274.276..1274.277 rows=1 loops=1)
   ->  Sort  (cost=49786.73..49793.45 rows=2688 width=46) (actual time=1274.274..1274.274 rows=1 loops=1)
         Sort Key: count(DISTINCT partsupp.ps_suppkey), part.p_brand, part.p_type, part.p_size
         ->  GroupAggregate  (cost=48939.40..49633.62 rows=2688 width=46) (actual time=1129.609..1178.402 rows=18220 loops=1)
               ->  Sort  (cost=48939.40..49071.52 rows=52850 width=46) (actual time=1129.589..1138.142 rows=117930 loops=1)
                     Sort Key: part.p_brand, part.p_type, part.p_size
                     ->  Hash Join  (cost=10827.92..44793.42 rows=52850 width=46) (actual time=76.664..363.439 rows=117930 loops=1)
                           Hash Cond: (partsupp.ps_partkey = part.p_partkey)
                           ->  Seq Scan on partsupp  (cost=384.00..29321.00 rows=400000 width=8) (actual time=4.397..170.979 rows=799680 loops=1)
                                 Filter: (NOT (hashed subplan))
                                 SubPlan
                                   ->  Seq Scan on supplier  (cost=0.00..384.00 rows=1 width=4) (actual time=0.172..4.381 rows=4 loops=1)
                                         Filter: ((s_comment)::text ~~ '%Customer%Complaints%'::text)
                           ->  Hash  (cost=10108.00..10108.00 rows=26873 width=46) (actual time=72.246..72.246 rows=29492 loops=1)
                                 ->  Seq Scan on part  (cost=0.00..10108.00 rows=26873 width=46) (actual time=0.011..67.196 rows=29492 loops=1)
                                       Filter: ((p_brand <> 'Brand#12'::bpchar) AND ((p_type)::text !~~ 'SMALL BRUSHED%'::text) AND (p_size = ANY ('{12,32,36,26,40,34,49,9}'::integer[])))
 Total runtime: 1274.347 ms
(17 rows)

query 17 run 1
SET
SET
                                                                     QUERY PLAN                                                                      
-----------------------------------------------------------------------------------------------------------------------------------------------------
 Limit  (cost=266131.28..266131.30 rows=1 width=13) (actual time=7021.923..7021.923 rows=1 loops=1)
   ->  Aggregate  (cost=266131.28..266131.30 rows=1 width=13) (actual time=7021.922..7021.922 rows=1 loops=1)
         ->  Nested Loop  (cost=256121.43..266126.41 rows=1950 width=13) (actual time=6796.283..7021.458 rows=592 loops=1)
               ->  Hash Join  (cost=256121.43..261743.70 rows=191 width=40) (actual time=6795.004..6955.375 rows=208 loops=1)
                     Hash Cond: (part_agg.agg_partkey = part.p_partkey)
                     ->  HashAggregate  (cost=248010.99..250943.36 rows=195491 width=14) (actual time=6730.525..6880.466 rows=200000 loops=1)
                           ->  Seq Scan on lineitem  (cost=0.00..218005.66 rows=6001066 width=14) (actual time=0.744..1556.525 rows=6001215 loops=1)
                     ->  Hash  (cost=8108.00..8108.00 rows=195 width=4) (actual time=63.917..63.917 rows=208 loops=1)
                           ->  Seq Scan on part  (cost=0.00..8108.00 rows=195 width=4) (actual time=1.396..63.818 rows=208 loops=1)
                                 Filter: ((p_brand = 'Brand#22'::bpchar) AND (p_container = 'LG BOX'::bpchar))
               ->  Index Scan using q17_idx_1 on lineitem  (cost=0.00..22.80 rows=10 width=27) (actual time=0.311..0.316 rows=3 loops=208)
                     Index Cond: ((part.p_partkey = public.lineitem.l_partkey) AND (public.lineitem.l_quantity < part_agg.avg_quantity))
 Total runtime: 7022.845 ms
(13 rows)

SET
SET
                                                                     QUERY PLAN                                                                     
----------------------------------------------------------------------------------------------------------------------------------------------------
 Limit  (cost=266131.28..266131.30 rows=1 width=13) (actual time=6010.464..6010.464 rows=1 loops=1)
   ->  Aggregate  (cost=266131.28..266131.30 rows=1 width=13) (actual time=6010.463..6010.463 rows=1 loops=1)
         ->  Nested Loop  (cost=256121.43..266126.41 rows=1950 width=13) (actual time=5859.105..6010.318 rows=592 loops=1)
               ->  Hash Join  (cost=256121.43..261743.70 rows=191 width=40) (actual time=5859.085..6008.138 rows=208 loops=1)
                     Hash Cond: (part_agg.agg_partkey = part.p_partkey)
                     ->  HashAggregate  (cost=248010.99..250943.36 rows=195491 width=14) (actual time=5823.246..5962.468 rows=200000 loops=1)
                           ->  Seq Scan on lineitem  (cost=0.00..218005.66 rows=6001066 width=14) (actual time=0.003..822.431 rows=6001215 loops=1)
                     ->  Hash  (cost=8108.00..8108.00 rows=195 width=4) (actual time=35.278..35.278 rows=208 loops=1)
                           ->  Seq Scan on part  (cost=0.00..8108.00 rows=195 width=4) (actual time=0.145..35.209 rows=208 loops=1)
                                 Filter: ((p_brand = 'Brand#22'::bpchar) AND (p_container = 'LG BOX'::bpchar))
               ->  Index Scan using q17_idx_1 on lineitem  (cost=0.00..22.80 rows=10 width=27) (actual time=0.008..0.010 rows=3 loops=208)
                     Index Cond: ((part.p_partkey = public.lineitem.l_partkey) AND (public.lineitem.l_quantity < part_agg.avg_quantity))
 Total runtime: 6011.102 ms
(13 rows)

query 18 run 1
SET
SET
                                                                                                QUERY PLAN                                                                                                 
-----------------------------------------------------------------------------------------------------------------------------------------------------------------------------------------------------------
 Limit  (cost=812030.83..812033.83 rows=100 width=57) (actual time=4388.466..4388.487 rows=9 loops=1)
   ->  GroupAggregate  (cost=812030.83..846764.53 rows=1157790 width=57) (actual time=4388.464..4388.484 rows=9 loops=1)
         ->  Sort  (cost=812030.83..814925.30 rows=1157790 width=57) (actual time=4388.455..4388.457 rows=63 loops=1)
               Sort Key: orders.o_totalprice, orders.o_orderdate, customer.c_name, customer.c_custkey, orders.o_orderkey
               ->  Hash Join  (cost=409416.78..661504.34 rows=1157790 width=57) (actual time=3839.150..4388.311 rows=63 loops=1)
                     Hash Cond: (public.lineitem.l_orderkey = orders.o_orderkey)
                     ->  Seq Scan on lineitem  (cost=0.00..218005.66 rows=6001066 width=14) (actual time=0.453..354.186 rows=6001215 loops=1)
                     ->  Hash  (cost=405799.46..405799.46 rows=289386 width=51) (actual time=3692.815..3692.815 rows=9 loops=1)
                           ->  Hash Join  (cost=326047.94..405799.46 rows=289386 width=51) (actual time=875.406..3692.799 rows=9 loops=1)
                                 Hash Cond: (orders.o_custkey = customer.c_custkey)
                                 ->  Merge IN Join  (cost=318455.94..391334.54 rows=289386 width=29) (actual time=808.114..3625.483 rows=9 loops=1)
                                       Merge Cond: (orders.o_orderkey = "IN_subquery".l_orderkey)
                                       ->  Index Scan using orders_pkey on orders  (cost=0.00..62617.55 rows=1499948 width=25) (actual time=1.693..336.793 rows=1201687 loops=1)
                                       ->  Materialize  (cost=318455.94..321349.80 rows=289386 width=4) (actual time=691.750..3217.364 rows=9 loops=1)
                                             ->  GroupAggregate  (cost=0.00..315272.69 rows=289386 width=14) (actual time=691.746..3217.344 rows=9 loops=1)
                                                   Filter: (sum(l_quantity) > 313::numeric)
                                                   ->  Index Scan using idx_lineitem_orderkey on lineitem  (cost=0.00..280926.57 rows=6001066 width=14) (actual time=0.886..1902.039 rows=6001215 loops=1)
                                 ->  Hash  (cost=5717.00..5717.00 rows=150000 width=26) (actual time=67.272..67.272 rows=150000 loops=1)
                                       ->  Seq Scan on customer  (cost=0.00..5717.00 rows=150000 width=26) (actual time=0.272..48.508 rows=150000 loops=1)
 Total runtime: 4388.554 ms
(20 rows)

SET
SET
                                                                                                QUERY PLAN                                                                                                 
-----------------------------------------------------------------------------------------------------------------------------------------------------------------------------------------------------------
 Limit  (cost=812030.83..812033.83 rows=100 width=57) (actual time=3405.565..3405.586 rows=9 loops=1)
   ->  GroupAggregate  (cost=812030.83..846764.53 rows=1157790 width=57) (actual time=3405.565..3405.586 rows=9 loops=1)
         ->  Sort  (cost=812030.83..814925.30 rows=1157790 width=57) (actual time=3405.555..3405.558 rows=63 loops=1)
               Sort Key: orders.o_totalprice, orders.o_orderdate, customer.c_name, customer.c_custkey, orders.o_orderkey
               ->  Hash Join  (cost=409416.78..661504.34 rows=1157790 width=57) (actual time=2860.041..3405.411 rows=63 loops=1)
                     Hash Cond: (public.lineitem.l_orderkey = orders.o_orderkey)
                     ->  Seq Scan on lineitem  (cost=0.00..218005.66 rows=6001066 width=14) (actual time=0.010..353.447 rows=6001215 loops=1)
                     ->  Hash  (cost=405799.46..405799.46 rows=289386 width=51) (actual time=2715.240..2715.240 rows=9 loops=1)
                           ->  Hash Join  (cost=326047.94..405799.46 rows=289386 width=51) (actual time=623.203..2715.228 rows=9 loops=1)
                                 Hash Cond: (orders.o_custkey = customer.c_custkey)
                                 ->  Merge IN Join  (cost=318455.94..391334.54 rows=289386 width=29) (actual time=577.405..2669.413 rows=9 loops=1)
                                       Merge Cond: (orders.o_orderkey = "IN_subquery".l_orderkey)
                                       ->  Index Scan using orders_pkey on orders  (cost=0.00..62617.55 rows=1499948 width=25) (actual time=0.016..196.181 rows=1201687 loops=1)
                                       ->  Materialize  (cost=318455.94..321349.80 rows=289386 width=4) (actual time=508.052..2405.798 rows=9 loops=1)
                                             ->  GroupAggregate  (cost=0.00..315272.69 rows=289386 width=14) (actual time=508.049..2405.781 rows=9 loops=1)
                                                   Filter: (sum(l_quantity) > 313::numeric)
                                                   ->  Index Scan using idx_lineitem_orderkey on lineitem  (cost=0.00..280926.57 rows=6001066 width=14) (actual time=0.012..1128.167 rows=6001215 loops=1)
                                 ->  Hash  (cost=5717.00..5717.00 rows=150000 width=26) (actual time=45.786..45.786 rows=150000 loops=1)
                                       ->  Seq Scan on customer  (cost=0.00..5717.00 rows=150000 width=26) (actual time=0.006..28.035 rows=150000 loops=1)
 Total runtime: 3405.654 ms
(20 rows)

query 19 run 1
SET
SET
                                                                                                                                                                                                                                                                                                                                                                  QUERY PLAN                                                                                                                                                                                                                                                                                                                                                                   
-----------------------------------------------------------------------------------------------------------------------------------------------------------------------------------------------------------------------------------------------------------------------------------------------------------------------------------------------------------------------------------------------------------------------------------------------------------------------------------------------------------------------------------------------------------------------------------------------------------------------------------------------------------------------------------------------------------------------------------------------
 Limit  (cost=354006.97..354006.98 rows=1 width=22) (actual time=2461.883..2461.884 rows=1 loops=1)
   ->  Aggregate  (cost=354006.97..354006.98 rows=1 width=22) (actual time=2461.881..2461.881 rows=1 loops=1)
         ->  Hash Join  (cost=11860.64..354006.70 rows=108 width=22) (actual time=92.637..2461.481 rows=111 loops=1)
               Hash Cond: (lineitem.l_partkey = part.p_partkey)
               Join Filter: (((part.p_brand = 'Brand#24'::bpchar) AND (part.p_container = ANY ('{"SM CASE","SM BOX","SM PACK","SM PKG"}'::bpchar[])) AND (lineitem.l_quantity >= 10::numeric) AND (lineitem.l_quantity <= 20::numeric) AND (part.p_size <= 5)) OR ((part.p_brand = 'Brand#43'::bpchar) AND (part.p_container = ANY ('{"MED BAG","MED BOX","MED PKG","MED PACK"}'::bpchar[])) AND (lineitem.l_quantity >= 10::numeric) AND (lineitem.l_quantity <= 20::numeric) AND (part.p_size <= 10)) OR ((part.p_brand = 'Brand#44'::bpchar) AND (part.p_container = ANY ('{"LG CASE","LG BOX","LG PACK","LG PKG"}'::bpchar[])) AND (lineitem.l_quantity >= 20::numeric) AND (lineitem.l_quantity <= 30::numeric) AND (part.p_size <= 15)))
               ->  Seq Scan on lineitem  (cost=0.00..338026.98 rows=109672 width=36) (actual time=0.521..2322.230 rows=89766 loops=1)
                     Filter: ((l_shipmode = ANY ('{AIR,"AIR REG"}'::bpchar[])) AND (l_shipinstruct = 'DELIVER IN PERSON'::bpchar) AND (((l_quantity >= 10::numeric) AND (l_quantity <= 20::numeric)) OR ((l_quantity >= 10::numeric) AND (l_quantity <= 20::numeric)) OR ((l_quantity >= 20::numeric) AND (l_quantity <= 30::numeric))))
               ->  Hash  (cost=10608.00..10608.00 rows=100211 width=36) (actual time=91.566..91.566 rows=60513 loops=1)
                     ->  Seq Scan on part  (cost=0.00..10608.00 rows=100211 width=36) (actual time=0.373..80.931 rows=60513 loops=1)
                           Filter: ((p_size >= 1) AND (((p_size <= 5) AND (p_size >= 1)) OR ((p_size <= 10) AND (p_size >= 1)) OR ((p_size <= 15) AND (p_size >= 1))))
 Total runtime: 2461.920 ms
(11 rows)

SET
SET
                                                                                                                                                                                                                                                                                                                                                                  QUERY PLAN                                                                                                                                                                                                                                                                                                                                                                   
-----------------------------------------------------------------------------------------------------------------------------------------------------------------------------------------------------------------------------------------------------------------------------------------------------------------------------------------------------------------------------------------------------------------------------------------------------------------------------------------------------------------------------------------------------------------------------------------------------------------------------------------------------------------------------------------------------------------------------------------------
 Limit  (cost=354006.97..354006.98 rows=1 width=22) (actual time=1630.774..1630.775 rows=1 loops=1)
   ->  Aggregate  (cost=354006.97..354006.98 rows=1 width=22) (actual time=1630.773..1630.773 rows=1 loops=1)
         ->  Hash Join  (cost=11860.64..354006.70 rows=108 width=22) (actual time=63.359..1630.505 rows=111 loops=1)
               Hash Cond: (lineitem.l_partkey = part.p_partkey)
               Join Filter: (((part.p_brand = 'Brand#24'::bpchar) AND (part.p_container = ANY ('{"SM CASE","SM BOX","SM PACK","SM PKG"}'::bpchar[])) AND (lineitem.l_quantity >= 10::numeric) AND (lineitem.l_quantity <= 20::numeric) AND (part.p_size <= 5)) OR ((part.p_brand = 'Brand#43'::bpchar) AND (part.p_container = ANY ('{"MED BAG","MED BOX","MED PKG","MED PACK"}'::bpchar[])) AND (lineitem.l_quantity >= 10::numeric) AND (lineitem.l_quantity <= 20::numeric) AND (part.p_size <= 10)) OR ((part.p_brand = 'Brand#44'::bpchar) AND (part.p_container = ANY ('{"LG CASE","LG BOX","LG PACK","LG PKG"}'::bpchar[])) AND (lineitem.l_quantity >= 20::numeric) AND (lineitem.l_quantity <= 30::numeric) AND (part.p_size <= 15)))
               ->  Seq Scan on lineitem  (cost=0.00..338026.98 rows=109672 width=36) (actual time=0.056..1526.059 rows=89766 loops=1)
                     Filter: ((l_shipmode = ANY ('{AIR,"AIR REG"}'::bpchar[])) AND (l_shipinstruct = 'DELIVER IN PERSON'::bpchar) AND (((l_quantity >= 10::numeric) AND (l_quantity <= 20::numeric)) OR ((l_quantity >= 10::numeric) AND (l_quantity <= 20::numeric)) OR ((l_quantity >= 20::numeric) AND (l_quantity <= 30::numeric))))
               ->  Hash  (cost=10608.00..10608.00 rows=100211 width=36) (actual time=63.262..63.262 rows=60513 loops=1)
                     ->  Seq Scan on part  (cost=0.00..10608.00 rows=100211 width=36) (actual time=0.008..53.966 rows=60513 loops=1)
                           Filter: ((p_size >= 1) AND (((p_size <= 5) AND (p_size >= 1)) OR ((p_size <= 10) AND (p_size >= 1)) OR ((p_size <= 15) AND (p_size >= 1))))
 Total runtime: 1630.810 ms
(11 rows)

query 20 run 1
SET
SET
                                                                                           QUERY PLAN                                                                                           
------------------------------------------------------------------------------------------------------------------------------------------------------------------------------------------------
 Limit  (cost=216704.18..216704.18 rows=1 width=57) (actual time=3032.441..3032.441 rows=1 loops=1)
   ->  Sort  (cost=216704.18..216704.18 rows=1 width=57) (actual time=3032.441..3032.441 rows=1 loops=1)
         Sort Key: supplier.s_name
         ->  Nested Loop  (cost=216699.60..216704.17 rows=1 width=57) (actual time=2972.062..3031.689 rows=196 loops=1)
               ->  Nested Loop  (cost=216699.60..216703.89 rows=1 width=61) (actual time=2971.290..3025.781 rows=4421 loops=1)
                     ->  HashAggregate  (cost=216699.60..216699.61 rows=1 width=8) (actual time=2970.539..2971.583 rows=4421 loops=1)
                           ->  Nested Loop  (cost=206897.59..216699.59 rows=1 width=8) (actual time=2178.747..2965.943 rows=5898 loops=1)
                                 Join Filter: ((partsupp.ps_availqty)::numeric > agg_lineitem.agg_quantity)
                                 ->  Hash Join  (cost=206897.59..209911.83 rows=1862 width=44) (actual time=2177.000..2494.770 rows=5914 loops=1)
                                       Hash Cond: (agg_lineitem.agg_partkey = part.p_partkey)
                                       ->  HashAggregate  (cost=199188.59..200571.19 rows=92173 width=18) (actual time=2115.384..2376.589 rows=544869 loops=1)
                                             ->  Bitmap Heap Scan on lineitem  (cost=20454.69..192275.62 rows=921729 width=18) (actual time=198.946..1574.239 rows=913487 loops=1)
                                                   Recheck Cond: ((l_shipdate >= '1996-01-01'::date) AND (l_shipdate < '1997-01-01'::date))
                                                   ->  Bitmap Index Scan on idx_lineitem_shipdate  (cost=0.00..20224.26 rows=921729 width=0) (actual time=173.345..173.345 rows=913487 loops=1)
                                                         Index Cond: ((l_shipdate >= '1996-01-01'::date) AND (l_shipdate < '1997-01-01'::date))
                                       ->  Hash  (cost=7658.50..7658.50 rows=4040 width=4) (actual time=61.525..61.525 rows=2187 loops=1)
                                             ->  HashAggregate  (cost=7618.10..7658.50 rows=4040 width=4) (actual time=61.034..61.328 rows=2187 loops=1)
                                                   ->  Seq Scan on part  (cost=0.00..7608.00 rows=4040 width=4) (actual time=0.453..60.050 rows=2187 loops=1)
                                                         Filter: ((p_name)::text ~~ 'olive%'::text)
                                 ->  Index Scan using partsupp_pkey on partsupp  (cost=0.00..3.63 rows=1 width=12) (actual time=0.078..0.078 rows=1 loops=5914)
                                       Index Cond: ((agg_lineitem.agg_partkey = partsupp.ps_partkey) AND (agg_lineitem.agg_suppkey = partsupp.ps_suppkey))
                     ->  Index Scan using supplier_pkey on supplier  (cost=0.00..4.27 rows=1 width=65) (actual time=0.012..0.012 rows=1 loops=4421)
                           Index Cond: (supplier.s_suppkey = partsupp.ps_suppkey)
               ->  Index Scan using nation_pkey on nation  (cost=0.00..0.27 rows=1 width=4) (actual time=0.001..0.001 rows=0 loops=4421)
                     Index Cond: (supplier.s_nationkey = nation.n_nationkey)
                     Filter: (n_name = 'IRAQ'::bpchar)
 Total runtime: 3032.922 ms
(27 rows)

SET
SET
                                                                                           QUERY PLAN                                                                                           
------------------------------------------------------------------------------------------------------------------------------------------------------------------------------------------------
 Limit  (cost=216704.18..216704.18 rows=1 width=57) (actual time=1367.767..1367.767 rows=1 loops=1)
   ->  Sort  (cost=216704.18..216704.18 rows=1 width=57) (actual time=1367.766..1367.766 rows=1 loops=1)
         Sort Key: supplier.s_name
         ->  Nested Loop  (cost=216699.60..216704.17 rows=1 width=57) (actual time=1357.925..1366.891 rows=196 loops=1)
               ->  Nested Loop  (cost=216699.60..216703.89 rows=1 width=61) (actual time=1357.876..1363.949 rows=4421 loops=1)
                     ->  HashAggregate  (cost=216699.60..216699.61 rows=1 width=8) (actual time=1357.862..1358.440 rows=4421 loops=1)
                           ->  Nested Loop  (cost=206897.59..216699.59 rows=1 width=8) (actual time=1079.878..1355.933 rows=5898 loops=1)
                                 Join Filter: ((partsupp.ps_availqty)::numeric > agg_lineitem.agg_quantity)
                                 ->  Hash Join  (cost=206897.59..209911.83 rows=1862 width=44) (actual time=1079.856..1334.526 rows=5914 loops=1)
                                       Hash Cond: (agg_lineitem.agg_partkey = part.p_partkey)
                                       ->  HashAggregate  (cost=199188.59..200571.19 rows=92173 width=18) (actual time=1045.747..1258.160 rows=544869 loops=1)
                                             ->  Bitmap Heap Scan on lineitem  (cost=20454.69..192275.62 rows=921729 width=18) (actual time=145.420..563.398 rows=913487 loops=1)
                                                   Recheck Cond: ((l_shipdate >= '1996-01-01'::date) AND (l_shipdate < '1997-01-01'::date))
                                                   ->  Bitmap Index Scan on idx_lineitem_shipdate  (cost=0.00..20224.26 rows=921729 width=0) (actual time=120.800..120.800 rows=913487 loops=1)
                                                         Index Cond: ((l_shipdate >= '1996-01-01'::date) AND (l_shipdate < '1997-01-01'::date))
                                       ->  Hash  (cost=7658.50..7658.50 rows=4040 width=4) (actual time=34.032..34.032 rows=2187 loops=1)
                                             ->  HashAggregate  (cost=7618.10..7658.50 rows=4040 width=4) (actual time=33.547..33.825 rows=2187 loops=1)
                                                   ->  Seq Scan on part  (cost=0.00..7608.00 rows=4040 width=4) (actual time=0.038..33.008 rows=2187 loops=1)
                                                         Filter: ((p_name)::text ~~ 'olive%'::text)
                                 ->  Index Scan using partsupp_pkey on partsupp  (cost=0.00..3.63 rows=1 width=12) (actual time=0.003..0.003 rows=1 loops=5914)
                                       Index Cond: ((agg_lineitem.agg_partkey = partsupp.ps_partkey) AND (agg_lineitem.agg_suppkey = partsupp.ps_suppkey))
                     ->  Index Scan using supplier_pkey on supplier  (cost=0.00..4.27 rows=1 width=65) (actual time=0.001..0.001 rows=1 loops=4421)
                           Index Cond: (supplier.s_suppkey = partsupp.ps_suppkey)
               ->  Index Scan using nation_pkey on nation  (cost=0.00..0.27 rows=1 width=4) (actual time=0.001..0.001 rows=0 loops=4421)
                     Index Cond: (supplier.s_nationkey = nation.n_nationkey)
                     Filter: (n_name = 'IRAQ'::bpchar)
 Total runtime: 1368.251 ms
(27 rows)

query 21 run 1
SET
SET
                                                                                    QUERY PLAN                                                                                    
----------------------------------------------------------------------------------------------------------------------------------------------------------------------------------
 Limit  (cost=2226307.64..2226307.89 rows=100 width=29) (actual time=12094.858..12094.864 rows=100 loops=1)
   ->  Sort  (cost=2226307.64..2226331.99 rows=9740 width=29) (actual time=12094.858..12094.863 rows=100 loops=1)
         Sort Key: count(*), supplier.s_name
         ->  HashAggregate  (cost=2225540.63..2225662.38 rows=9740 width=29) (actual time=12093.866..12093.944 rows=421 loops=1)
               ->  Nested Loop  (cost=40075.39..2225491.93 rows=9740 width=29) (actual time=293.347..12089.641 rows=4227 loops=1)
                     ->  Hash Join  (cost=40075.39..2144925.18 rows=20004 width=33) (actual time=289.789..11383.966 rows=8678 loops=1)
                           Hash Cond: (l1.l_suppkey = supplier.s_suppkey)
                           ->  Bitmap Heap Scan on lineitem l1  (cost=39811.84..2142586.26 rows=500089 width=8) (actual time=279.778..11345.681 rows=202092 loops=1)
                                 Recheck Cond: (l_receiptdate > l_commitdate)
                                 Filter: ((subplan) AND (NOT (subplan)))
                                 ->  Bitmap Index Scan on q21_idx_2  (cost=0.00..39686.81 rows=2000355 width=0) (actual time=247.886..247.886 rows=3793296 loops=1)
                                 SubPlan
                                   ->  Index Scan using idx_lineitem_orderkey on lineitem l3  (cost=0.00..5.05 rows=7 width=152) (actual time=0.001..0.001 rows=1 loops=3657708)
                                         Index Cond: (l_orderkey = $0)
                                         Filter: ((l_suppkey <> $1) AND (l_receiptdate > l_commitdate))
                                   ->  Index Scan using idx_lineitem_orderkey on lineitem l2  (cost=0.00..5.00 rows=21 width=152) (actual time=0.001..0.001 rows=1 loops=3793296)
                                         Index Cond: (l_orderkey = $0)
                                         Filter: (l_suppkey <> $1)
                           ->  Hash  (cost=258.55..258.55 rows=400 width=33) (actual time=6.951..6.951 rows=421 loops=1)
                                 ->  Nested Loop  (cost=7.35..258.55 rows=400 width=33) (actual time=1.923..6.859 rows=421 loops=1)
                                       ->  Seq Scan on nation  (cost=0.00..1.31 rows=1 width=4) (actual time=0.213..0.216 rows=1 loops=1)
                                             Filter: (n_name = 'PERU'::bpchar)
                                       ->  Bitmap Heap Scan on supplier  (cost=7.35..252.24 rows=400 width=37) (actual time=1.704..6.559 rows=421 loops=1)
                                             Recheck Cond: (supplier.s_nationkey = nation.n_nationkey)
                                             ->  Bitmap Index Scan on idx_supplier_nation_key  (cost=0.00..7.25 rows=400 width=0) (actual time=1.288..1.288 rows=421 loops=1)
                                                   Index Cond: (supplier.s_nationkey = nation.n_nationkey)
                     ->  Index Scan using orders_pkey on orders  (cost=0.00..4.02 rows=1 width=4) (actual time=0.081..0.081 rows=0 loops=8678)
                           Index Cond: (orders.o_orderkey = l1.l_orderkey)
                           Filter: (o_orderstatus = 'F'::bpchar)
 Total runtime: 12095.234 ms
(30 rows)

SET
SET
                                                                                    QUERY PLAN                                                                                    
----------------------------------------------------------------------------------------------------------------------------------------------------------------------------------
 Limit  (cost=2226307.64..2226307.89 rows=100 width=29) (actual time=10423.780..10423.788 rows=100 loops=1)
   ->  Sort  (cost=2226307.64..2226331.99 rows=9740 width=29) (actual time=10423.779..10423.785 rows=100 loops=1)
         Sort Key: count(*), supplier.s_name
         ->  HashAggregate  (cost=2225540.63..2225662.38 rows=9740 width=29) (actual time=10422.578..10422.659 rows=421 loops=1)
               ->  Nested Loop  (cost=40075.39..2225491.93 rows=9740 width=29) (actual time=232.810..10420.178 rows=4227 loops=1)
                     ->  Hash Join  (cost=40075.39..2144925.18 rows=20004 width=33) (actual time=232.794..10384.008 rows=8678 loops=1)
                           Hash Cond: (l1.l_suppkey = supplier.s_suppkey)
                           ->  Bitmap Heap Scan on lineitem l1  (cost=39811.84..2142586.26 rows=500089 width=8) (actual time=229.593..10360.618 rows=202092 loops=1)
                                 Recheck Cond: (l_receiptdate > l_commitdate)
                                 Filter: ((subplan) AND (NOT (subplan)))
                                 ->  Bitmap Index Scan on q21_idx_2  (cost=0.00..39686.81 rows=2000355 width=0) (actual time=199.356..199.356 rows=3793296 loops=1)
                                 SubPlan
                                   ->  Index Scan using idx_lineitem_orderkey on lineitem l3  (cost=0.00..5.05 rows=7 width=152) (actual time=0.001..0.001 rows=1 loops=3657708)
                                         Index Cond: (l_orderkey = $0)
                                         Filter: ((l_suppkey <> $1) AND (l_receiptdate > l_commitdate))
                                   ->  Index Scan using idx_lineitem_orderkey on lineitem l2  (cost=0.00..5.00 rows=21 width=152) (actual time=0.001..0.001 rows=1 loops=3793296)
                                         Index Cond: (l_orderkey = $0)
                                         Filter: (l_suppkey <> $1)
                           ->  Hash  (cost=258.55..258.55 rows=400 width=33) (actual time=0.982..0.982 rows=421 loops=1)
                                 ->  Nested Loop  (cost=7.35..258.55 rows=400 width=33) (actual time=0.087..0.924 rows=421 loops=1)
                                       ->  Seq Scan on nation  (cost=0.00..1.31 rows=1 width=4) (actual time=0.010..0.011 rows=1 loops=1)
                                             Filter: (n_name = 'PERU'::bpchar)
                                       ->  Bitmap Heap Scan on supplier  (cost=7.35..252.24 rows=400 width=37) (actual time=0.074..0.869 rows=421 loops=1)
                                             Recheck Cond: (supplier.s_nationkey = nation.n_nationkey)
                                             ->  Bitmap Index Scan on idx_supplier_nation_key  (cost=0.00..7.25 rows=400 width=0) (actual time=0.051..0.051 rows=421 loops=1)
                                                   Index Cond: (supplier.s_nationkey = nation.n_nationkey)
                     ->  Index Scan using orders_pkey on orders  (cost=0.00..4.02 rows=1 width=4) (actual time=0.004..0.004 rows=0 loops=8678)
                           Index Cond: (orders.o_orderkey = l1.l_orderkey)
                           Filter: (o_orderstatus = 'F'::bpchar)
 Total runtime: 10423.882 ms
(30 rows)

query 22 run 1
SET
SET
                                                                         QUERY PLAN                                                                          
-------------------------------------------------------------------------------------------------------------------------------------------------------------
 Limit  (cost=130745.20..130745.23 rows=1 width=30) (actual time=952.799..952.800 rows=1 loops=1)
   InitPlan
     ->  Aggregate  (cost=8166.27..8166.28 rows=1 width=11) (actual time=122.802..122.802 rows=1 loops=1)
           ->  Seq Scan on customer  (cost=0.00..8154.50 rows=4706 width=11) (actual time=0.389..99.126 rows=38017 loops=1)
                 Filter: ((c_acctbal > 0.00) AND ("substring"((c_phone)::text, 1, 2) = ANY ('{21,29,26,34,14,15,17}'::text[])))
   ->  GroupAggregate  (cost=122578.92..122604.78 rows=862 width=30) (actual time=952.798..952.798 rows=1 loops=1)
         ->  Sort  (cost=122578.92..122581.08 rows=862 width=30) (actual time=952.536..952.563 rows=952 loops=1)
               Sort Key: "substring"((customer.c_phone)::text, 1, 2)
               ->  Index Scan using q10_idx_1 on customer  (cost=0.00..122536.89 rows=862 width=30) (actual time=124.483..947.578 rows=6397 loops=1)
                     Index Cond: (c_acctbal > $0)
                     Filter: (("substring"((c_phone)::text, 1, 2) = ANY ('{21,29,26,34,14,15,17}'::text[])) AND (NOT (subplan)))
                     SubPlan
                       ->  Index Scan using idx_orders_custkey on orders  (cost=0.00..36.63 rows=17 width=124) (actual time=0.037..0.037 rows=1 loops=19077)
                             Index Cond: (o_custkey = $1)
 Total runtime: 952.871 ms
(15 rows)

SET
SET
                                                                         QUERY PLAN                                                                          
-------------------------------------------------------------------------------------------------------------------------------------------------------------
 Limit  (cost=130745.20..130745.23 rows=1 width=30) (actual time=215.958..215.959 rows=1 loops=1)
   InitPlan
     ->  Aggregate  (cost=8166.27..8166.28 rows=1 width=11) (actual time=97.897..97.898 rows=1 loops=1)
           ->  Seq Scan on customer  (cost=0.00..8154.50 rows=4706 width=11) (actual time=0.012..75.433 rows=38017 loops=1)
                 Filter: ((c_acctbal > 0.00) AND ("substring"((c_phone)::text, 1, 2) = ANY ('{21,29,26,34,14,15,17}'::text[])))
   ->  GroupAggregate  (cost=122578.92..122604.78 rows=862 width=30) (actual time=215.957..215.957 rows=1 loops=1)
         ->  Sort  (cost=122578.92..122581.08 rows=862 width=30) (actual time=215.705..215.737 rows=952 loops=1)
               Sort Key: "substring"((customer.c_phone)::text, 1, 2)
               ->  Index Scan using q10_idx_1 on customer  (cost=0.00..122536.89 rows=862 width=30) (actual time=97.952..212.815 rows=6397 loops=1)
                     Index Cond: (c_acctbal > $0)
                     Filter: (("substring"((c_phone)::text, 1, 2) = ANY ('{21,29,26,34,14,15,17}'::text[])) AND (NOT (subplan)))
                     SubPlan
                       ->  Index Scan using idx_orders_custkey on orders  (cost=0.00..36.63 rows=17 width=124) (actual time=0.003..0.003 rows=1 loops=19077)
                             Index Cond: (o_custkey = $1)
 Total runtime: 216.001 ms
(15 rows)

