query 1 run 1
SET
SET
SET
                                                                           QUERY PLAN                                                                            
-----------------------------------------------------------------------------------------------------------------------------------------------------------------
 Limit  (cost=1832296.21..1832296.84 rows=1 width=236) (actual time=17115.632..17117.807 rows=1 loops=1)
   ->  Finalize GroupAggregate  (cost=1832296.21..1832300.02 rows=6 width=236) (actual time=17115.630..17117.805 rows=1 loops=1)
         Group Key: l_returnflag, l_linestatus
         ->  Gather Merge  (cost=1832296.21..1832299.08 rows=24 width=236) (actual time=17115.607..17117.784 rows=6 loops=1)
               Workers Planned: 4
               Workers Launched: 4
               ->  Sort  (cost=1831296.15..1831296.16 rows=6 width=236) (actual time=17107.106..17107.107 rows=4 loops=5)
                     Sort Key: l_returnflag, l_linestatus
                     Sort Method: quicksort  Memory: 26kB
                     Worker 0:  Sort Method: quicksort  Memory: 26kB
                     Worker 1:  Sort Method: quicksort  Memory: 26kB
                     Worker 2:  Sort Method: quicksort  Memory: 26kB
                     Worker 3:  Sort Method: quicksort  Memory: 26kB
                     ->  Partial HashAggregate  (cost=1831295.93..1831296.07 rows=6 width=236) (actual time=17107.071..17107.076 rows=4 loops=5)
                           Group Key: l_returnflag, l_linestatus
                           Batches: 1  Memory Usage: 24kB
                           Worker 0:  Batches: 1  Memory Usage: 24kB
                           Worker 1:  Batches: 1  Memory Usage: 24kB
                           Worker 2:  Batches: 1  Memory Usage: 24kB
                           Worker 3:  Batches: 1  Memory Usage: 24kB
                           ->  Parallel Seq Scan on lineitem  (cost=0.00..1312601.68 rows=14819836 width=25) (actual time=0.697..4398.843 rows=11856890 loops=5)
                                 Filter: (l_shipdate <= '1998-09-10 00:00:00'::timestamp without time zone)
                                 Rows Removed by Filter: 140321
 Planning Time: 26.428 ms
 Execution Time: 17118.893 ms
(25 rows)

SET
SET
SET
                                                                           QUERY PLAN                                                                            
-----------------------------------------------------------------------------------------------------------------------------------------------------------------
 Limit  (cost=1832296.21..1832296.84 rows=1 width=236) (actual time=16297.778..16298.377 rows=1 loops=1)
   ->  Finalize GroupAggregate  (cost=1832296.21..1832300.02 rows=6 width=236) (actual time=16297.777..16298.376 rows=1 loops=1)
         Group Key: l_returnflag, l_linestatus
         ->  Gather Merge  (cost=1832296.21..1832299.08 rows=24 width=236) (actual time=16297.743..16298.347 rows=6 loops=1)
               Workers Planned: 4
               Workers Launched: 4
               ->  Sort  (cost=1831296.15..1831296.16 rows=6 width=236) (actual time=16292.135..16292.136 rows=4 loops=5)
                     Sort Key: l_returnflag, l_linestatus
                     Sort Method: quicksort  Memory: 26kB
                     Worker 0:  Sort Method: quicksort  Memory: 26kB
                     Worker 1:  Sort Method: quicksort  Memory: 26kB
                     Worker 2:  Sort Method: quicksort  Memory: 26kB
                     Worker 3:  Sort Method: quicksort  Memory: 26kB
                     ->  Partial HashAggregate  (cost=1831295.93..1831296.07 rows=6 width=236) (actual time=16292.102..16292.107 rows=4 loops=5)
                           Group Key: l_returnflag, l_linestatus
                           Batches: 1  Memory Usage: 24kB
                           Worker 0:  Batches: 1  Memory Usage: 24kB
                           Worker 1:  Batches: 1  Memory Usage: 24kB
                           Worker 2:  Batches: 1  Memory Usage: 24kB
                           Worker 3:  Batches: 1  Memory Usage: 24kB
                           ->  Parallel Seq Scan on lineitem  (cost=0.00..1312601.68 rows=14819836 width=25) (actual time=0.033..2478.149 rows=11856890 loops=5)
                                 Filter: (l_shipdate <= '1998-09-10 00:00:00'::timestamp without time zone)
                                 Rows Removed by Filter: 140321
 Planning Time: 1.108 ms
 Execution Time: 16298.447 ms
(25 rows)

query 2 run 1
SET
SET
SET
                                                                                                 QUERY PLAN                                                                                                 
------------------------------------------------------------------------------------------------------------------------------------------------------------------------------------------------------------
 Limit  (cost=462428.24..462428.24 rows=1 width=192) (actual time=27031.618..27031.633 rows=100 loops=1)
   ->  Sort  (cost=462428.24..462428.24 rows=1 width=192) (actual time=27031.617..27031.626 rows=100 loops=1)
         Sort Key: supplier.s_acctbal DESC, nation.n_name, supplier.s_name, part.p_partkey
         Sort Method: top-N heapsort  Memory: 67kB
         ->  Nested Loop  (cost=50.37..462428.23 rows=1 width=192) (actual time=31.265..27027.918 rows=4737 loops=1)
               Join Filter: (supplier.s_nationkey = nation.n_nationkey)
               Rows Removed by Join Filter: 18948
               ->  Nested Loop  (cost=0.00..2.62 rows=5 width=30) (actual time=0.404..0.412 rows=5 loops=1)
                     Join Filter: (nation.n_regionkey = region.r_regionkey)
                     Rows Removed by Join Filter: 20
                     ->  Seq Scan on region  (cost=0.00..1.06 rows=1 width=4) (actual time=0.205..0.206 rows=1 loops=1)
                           Filter: (r_name = 'AMERICA'::bpchar)
                           Rows Removed by Filter: 4
                     ->  Seq Scan on nation  (cost=0.00..1.25 rows=25 width=34) (actual time=0.194..0.197 rows=25 loops=1)
               ->  Materialize  (cost=50.37..462425.53 rows=1 width=170) (actual time=5.084..5404.619 rows=4737 loops=5)
                     Storage: Memory  Maximum Storage: 987kB
                     ->  Nested Loop  (cost=50.37..462425.52 rows=1 width=170) (actual time=25.414..27011.506 rows=4737 loops=1)
                           Join Filter: (supplier.s_suppkey = partsupp.ps_suppkey)
                           Rows Removed by Join Filter: 236714834
                           ->  Nested Loop  (cost=50.37..457954.52 rows=1 width=34) (actual time=2.077..1261.145 rows=4737 loops=1)
                                 ->  Index Only Scan using q2_idx_1 on part  (cost=0.43..54346.70 rows=7758 width=30) (actual time=0.334..289.584 rows=8046 loops=1)
                                       Index Cond: (p_size = 16)
                                       Filter: ((p_type)::text ~~ '%NICKEL'::text)
                                       Rows Removed by Filter: 32185
                                       Heap Fetches: 0
                                 ->  Index Only Scan using q2_idx_2 on partsupp  (cost=49.94..52.01 rows=1 width=14) (actual time=0.002..0.003 rows=1 loops=8046)
                                       Index Cond: ((ps_partkey = part.p_partkey) AND (ps_supplycost = (SubPlan 1)))
                                       Heap Fetches: 0
                                       SubPlan 1
                                         ->  Aggregate  (cost=49.50..49.51 rows=1 width=32) (actual time=0.115..0.115 rows=1 loops=8046)
                                               ->  Nested Loop  (cost=2.41..49.49 rows=4 width=6) (actual time=0.101..0.111 rows=1 loops=8046)
                                                     Join Filter: (nation_1.n_regionkey = region_1.r_regionkey)
                                                     Rows Removed by Join Filter: 3
                                                     ->  Seq Scan on region region_1  (cost=0.00..1.06 rows=1 width=4) (actual time=0.001..0.002 rows=1 loops=8046)
                                                           Filter: (r_name = 'AMERICA'::bpchar)
                                                           Rows Removed by Filter: 4
                                                     ->  Hash Join  (cost=2.41..48.20 rows=18 width=10) (actual time=0.084..0.108 rows=4 loops=8046)
                                                           Hash Cond: (supplier_1.s_nationkey = nation_1.n_nationkey)
                                                           ->  Nested Loop  (cost=0.85..46.58 rows=18 width=10) (actual time=0.082..0.105 rows=4 loops=8046)
                                                                 ->  Index Only Scan using q2_idx_2 on partsupp partsupp_1  (cost=0.43..2.75 rows=18 width=10) (actual time=0.075..0.076 rows=4 loops=8046)
                                                                       Index Cond: (ps_partkey = part.p_partkey)
                                                                       Heap Fetches: 0
                                                                 ->  Index Only Scan using q2_idx_3 on supplier supplier_1  (cost=0.42..2.43 rows=1 width=8) (actual time=0.007..0.007 rows=1 loops=32184)
                                                                       Index Cond: (s_suppkey = partsupp_1.ps_suppkey)
                                                                       Heap Fetches: 0
                                                           ->  Hash  (cost=1.25..1.25 rows=25 width=8) (actual time=0.010..0.011 rows=25 loops=1)
                                                                 Buckets: 1024  Batches: 1  Memory Usage: 9kB
                                                                 ->  Seq Scan on nation nation_1  (cost=0.00..1.25 rows=25 width=8) (actual time=0.003..0.005 rows=25 loops=1)
                           ->  Seq Scan on supplier  (cost=0.00..3221.00 rows=100000 width=144) (actual time=0.001..2.577 rows=49972 loops=4737)
 Planning Time: 28.056 ms
 Execution Time: 27031.993 ms
(51 rows)

SET
SET
SET
                                                                                                 QUERY PLAN                                                                                                 
------------------------------------------------------------------------------------------------------------------------------------------------------------------------------------------------------------
 Limit  (cost=462428.24..462428.24 rows=1 width=192) (actual time=26048.648..26048.662 rows=100 loops=1)
   ->  Sort  (cost=462428.24..462428.24 rows=1 width=192) (actual time=26048.647..26048.655 rows=100 loops=1)
         Sort Key: supplier.s_acctbal DESC, nation.n_name, supplier.s_name, part.p_partkey
         Sort Method: top-N heapsort  Memory: 67kB
         ->  Nested Loop  (cost=50.37..462428.23 rows=1 width=192) (actual time=13.251..26045.591 rows=4737 loops=1)
               Join Filter: (supplier.s_nationkey = nation.n_nationkey)
               Rows Removed by Join Filter: 18948
               ->  Nested Loop  (cost=0.00..2.62 rows=5 width=30) (actual time=0.015..0.022 rows=5 loops=1)
                     Join Filter: (nation.n_regionkey = region.r_regionkey)
                     Rows Removed by Join Filter: 20
                     ->  Seq Scan on region  (cost=0.00..1.06 rows=1 width=4) (actual time=0.007..0.009 rows=1 loops=1)
                           Filter: (r_name = 'AMERICA'::bpchar)
                           Rows Removed by Filter: 4
                     ->  Seq Scan on nation  (cost=0.00..1.25 rows=25 width=34) (actual time=0.005..0.007 rows=25 loops=1)
               ->  Materialize  (cost=50.37..462425.53 rows=1 width=170) (actual time=2.067..5208.249 rows=4737 loops=5)
                     Storage: Memory  Maximum Storage: 987kB
                     ->  Nested Loop  (cost=50.37..462425.52 rows=1 width=170) (actual time=10.331..26030.357 rows=4737 loops=1)
                           Join Filter: (supplier.s_suppkey = partsupp.ps_suppkey)
                           Rows Removed by Join Filter: 236714834
                           ->  Nested Loop  (cost=50.37..457954.52 rows=1 width=34) (actual time=0.065..353.710 rows=4737 loops=1)
                                 ->  Index Only Scan using q2_idx_1 on part  (cost=0.43..54346.70 rows=7758 width=30) (actual time=0.012..109.801 rows=8046 loops=1)
                                       Index Cond: (p_size = 16)
                                       Filter: ((p_type)::text ~~ '%NICKEL'::text)
                                       Rows Removed by Filter: 32185
                                       Heap Fetches: 0
                                 ->  Index Only Scan using q2_idx_2 on partsupp  (cost=49.94..52.01 rows=1 width=14) (actual time=0.002..0.002 rows=1 loops=8046)
                                       Index Cond: ((ps_partkey = part.p_partkey) AND (ps_supplycost = (SubPlan 1)))
                                       Heap Fetches: 0
                                       SubPlan 1
                                         ->  Aggregate  (cost=49.50..49.51 rows=1 width=32) (actual time=0.025..0.025 rows=1 loops=8046)
                                               ->  Nested Loop  (cost=2.41..49.49 rows=4 width=6) (actual time=0.018..0.021 rows=1 loops=8046)
                                                     Join Filter: (nation_1.n_regionkey = region_1.r_regionkey)
                                                     Rows Removed by Join Filter: 3
                                                     ->  Seq Scan on region region_1  (cost=0.00..1.06 rows=1 width=4) (actual time=0.001..0.002 rows=1 loops=8046)
                                                           Filter: (r_name = 'AMERICA'::bpchar)
                                                           Rows Removed by Filter: 4
                                                     ->  Hash Join  (cost=2.41..48.20 rows=18 width=10) (actual time=0.010..0.019 rows=4 loops=8046)
                                                           Hash Cond: (supplier_1.s_nationkey = nation_1.n_nationkey)
                                                           ->  Nested Loop  (cost=0.85..46.58 rows=18 width=10) (actual time=0.009..0.017 rows=4 loops=8046)
                                                                 ->  Index Only Scan using q2_idx_2 on partsupp partsupp_1  (cost=0.43..2.75 rows=18 width=10) (actual time=0.005..0.005 rows=4 loops=8046)
                                                                       Index Cond: (ps_partkey = part.p_partkey)
                                                                       Heap Fetches: 0
                                                                 ->  Index Only Scan using q2_idx_3 on supplier supplier_1  (cost=0.42..2.43 rows=1 width=8) (actual time=0.002..0.002 rows=1 loops=32184)
                                                                       Index Cond: (s_suppkey = partsupp_1.ps_suppkey)
                                                                       Heap Fetches: 0
                                                           ->  Hash  (cost=1.25..1.25 rows=25 width=8) (actual time=0.009..0.010 rows=25 loops=1)
                                                                 Buckets: 1024  Batches: 1  Memory Usage: 9kB
                                                                 ->  Seq Scan on nation nation_1  (cost=0.00..1.25 rows=25 width=8) (actual time=0.003..0.005 rows=25 loops=1)
                           ->  Seq Scan on supplier  (cost=0.00..3221.00 rows=100000 width=144) (actual time=0.001..2.567 rows=49972 loops=4737)
 Planning Time: 2.341 ms
 Execution Time: 26048.728 ms
(51 rows)

query 3 run 1
SET
SET
SET
                                                                                  QUERY PLAN                                                                                   
-------------------------------------------------------------------------------------------------------------------------------------------------------------------------------
 Limit  (cost=2318322.18..2318322.20 rows=10 width=44) (actual time=9747.825..9758.894 rows=10 loops=1)
   ->  Sort  (cost=2318322.18..2326106.87 rows=3113876 width=44) (actual time=9747.824..9758.891 rows=10 loops=1)
         Sort Key: (sum((lineitem.l_extendedprice * ('1'::numeric - lineitem.l_discount)))) DESC, orders.o_orderdate
         Sort Method: top-N heapsort  Memory: 26kB
         ->  GroupAggregate  (cost=1792562.02..2251032.44 rows=3113876 width=44) (actual time=9546.078..9738.328 rows=113934 loops=1)
               Group Key: lineitem.l_orderkey, orders.o_orderdate, orders.o_shippriority
               ->  Gather Merge  (cost=1792562.02..2165400.85 rows=3113876 width=24) (actual time=9546.065..9597.124 rows=301530 loops=1)
                     Workers Planned: 4
                     Workers Launched: 4
                     ->  Sort  (cost=1791561.97..1793508.14 rows=778469 width=24) (actual time=9536.550..9539.334 rows=60306 loops=5)
                           Sort Key: lineitem.l_orderkey, orders.o_orderdate, orders.o_shippriority
                           Sort Method: quicksort  Memory: 4277kB
                           Worker 0:  Sort Method: quicksort  Memory: 4244kB
                           Worker 1:  Sort Method: quicksort  Memory: 4192kB
                           Worker 2:  Sort Method: quicksort  Memory: 4249kB
                           Worker 3:  Sort Method: quicksort  Memory: 4270kB
                           ->  Parallel Hash Join  (cost=358932.82..1703982.68 rows=778469 width=24) (actual time=2386.264..9521.427 rows=60306 loops=5)
                                 Hash Cond: (lineitem.l_orderkey = orders.o_orderkey)
                                 ->  Parallel Seq Scan on lineitem  (cost=0.00..1312601.68 rows=8133871 width=16) (actual time=0.613..6366.227 rows=6506846 loops=5)
                                       Filter: (l_shipdate > '1995-03-07'::date)
                                       Rows Removed by Filter: 5490365
                                 ->  Parallel Hash  (cost=354447.42..354447.42 rows=358832 width=12) (actual time=2379.526..2379.717 rows=290361 loops=5)
                                       Buckets: 2097152  Batches: 1  Memory Usage: 84576kB
                                       ->  Parallel Hash Join  (cost=41564.18..354447.42 rows=358832 width=12) (actual time=276.446..2283.645 rows=290361 loops=5)
                                             Hash Cond: (orders.o_custkey = customer.c_custkey)
                                             ->  Parallel Seq Scan on orders  (cost=0.00..308133.98 rows=1809238 width=16) (actual time=0.704..1663.772 rows=1447887 loops=5)
                                                   Filter: (o_orderdate < '1995-03-07'::date)
                                                   Rows Removed by Filter: 1552113
                                             ->  Parallel Hash  (cost=40634.49..40634.49 rows=74375 width=4) (actual time=275.185..275.187 rows=60055 loops=5)
                                                   Buckets: 524288  Batches: 1  Memory Usage: 15904kB
                                                   ->  Parallel Seq Scan on customer  (cost=0.00..40634.49 rows=74375 width=4) (actual time=0.426..257.897 rows=60055 loops=5)
                                                         Filter: (c_mktsegment = 'BUILDING'::bpchar)
                                                         Rows Removed by Filter: 239945
 Planning Time: 36.212 ms
 Execution Time: 9759.725 ms
(35 rows)

SET
SET
SET
                                                                                  QUERY PLAN                                                                                  
------------------------------------------------------------------------------------------------------------------------------------------------------------------------------
 Limit  (cost=2318322.18..2318322.20 rows=10 width=44) (actual time=4401.298..4411.079 rows=10 loops=1)
   ->  Sort  (cost=2318322.18..2326106.87 rows=3113876 width=44) (actual time=4401.297..4411.076 rows=10 loops=1)
         Sort Key: (sum((lineitem.l_extendedprice * ('1'::numeric - lineitem.l_discount)))) DESC, orders.o_orderdate
         Sort Method: top-N heapsort  Memory: 26kB
         ->  GroupAggregate  (cost=1792562.02..2251032.44 rows=3113876 width=44) (actual time=4197.693..4390.274 rows=113934 loops=1)
               Group Key: lineitem.l_orderkey, orders.o_orderdate, orders.o_shippriority
               ->  Gather Merge  (cost=1792562.02..2165400.85 rows=3113876 width=24) (actual time=4197.680..4249.051 rows=301530 loops=1)
                     Workers Planned: 4
                     Workers Launched: 4
                     ->  Sort  (cost=1791561.97..1793508.14 rows=778469 width=24) (actual time=4191.530..4194.279 rows=60306 loops=5)
                           Sort Key: lineitem.l_orderkey, orders.o_orderdate, orders.o_shippriority
                           Sort Method: quicksort  Memory: 4281kB
                           Worker 0:  Sort Method: quicksort  Memory: 4306kB
                           Worker 1:  Sort Method: quicksort  Memory: 4003kB
                           Worker 2:  Sort Method: quicksort  Memory: 4306kB
                           Worker 3:  Sort Method: quicksort  Memory: 4337kB
                           ->  Parallel Hash Join  (cost=358932.82..1703982.68 rows=778469 width=24) (actual time=1032.032..4176.236 rows=60306 loops=5)
                                 Hash Cond: (lineitem.l_orderkey = orders.o_orderkey)
                                 ->  Parallel Seq Scan on lineitem  (cost=0.00..1312601.68 rows=8133871 width=16) (actual time=0.042..2221.526 rows=6506846 loops=5)
                                       Filter: (l_shipdate > '1995-03-07'::date)
                                       Rows Removed by Filter: 5490365
                                 ->  Parallel Hash  (cost=354447.42..354447.42 rows=358832 width=12) (actual time=1028.620..1028.786 rows=290361 loops=5)
                                       Buckets: 2097152  Batches: 1  Memory Usage: 84576kB
                                       ->  Parallel Hash Join  (cost=41564.18..354447.42 rows=358832 width=12) (actual time=82.953..914.954 rows=290361 loops=5)
                                             Hash Cond: (orders.o_custkey = customer.c_custkey)
                                             ->  Parallel Seq Scan on orders  (cost=0.00..308133.98 rows=1809238 width=16) (actual time=0.052..437.410 rows=1447887 loops=5)
                                                   Filter: (o_orderdate < '1995-03-07'::date)
                                                   Rows Removed by Filter: 1552113
                                             ->  Parallel Hash  (cost=40634.49..40634.49 rows=74375 width=4) (actual time=81.546..81.546 rows=60055 loops=5)
                                                   Buckets: 524288  Batches: 1  Memory Usage: 15872kB
                                                   ->  Parallel Seq Scan on customer  (cost=0.00..40634.49 rows=74375 width=4) (actual time=0.014..57.803 rows=60055 loops=5)
                                                         Filter: (c_mktsegment = 'BUILDING'::bpchar)
                                                         Rows Removed by Filter: 239945
 Planning Time: 1.713 ms
 Execution Time: 4411.144 ms
(35 rows)

query 4 run 1
SET
SET
SET
                                                                                QUERY PLAN                                                                                
--------------------------------------------------------------------------------------------------------------------------------------------------------------------------
 Limit  (cost=279987.60..514226.09 rows=1 width=24) (actual time=9384.608..9402.904 rows=1 loops=1)
   ->  GroupAggregate  (cost=279987.60..1451180.04 rows=5 width=24) (actual time=9384.607..9402.901 rows=1 loops=1)
         Group Key: orders.o_orderpriority
         ->  Nested Loop Semi Join  (cost=279987.60..1448615.39 rows=512919 width=16) (actual time=4216.259..9363.608 rows=103030 loops=1)
               ->  Gather Merge  (cost=279987.16..341403.01 rows=512933 width=20) (actual time=4215.424..4291.870 rows=112213 loops=1)
                     Workers Planned: 4
                     Workers Launched: 4
                     ->  Sort  (cost=278987.11..279307.69 rows=128233 width=20) (actual time=4203.398..4205.837 rows=23429 loops=5)
                           Sort Key: orders.o_orderpriority
                           Sort Method: quicksort  Memory: 7466kB
                           Worker 0:  Sort Method: quicksort  Memory: 7449kB
                           Worker 1:  Sort Method: quicksort  Memory: 7472kB
                           Worker 2:  Sort Method: quicksort  Memory: 7424kB
                           Worker 3:  Sort Method: quicksort  Memory: 7443kB
                           ->  Parallel Bitmap Heap Scan on orders  (cost=6136.00..268107.56 rows=128233 width=20) (actual time=129.596..4154.932 rows=112085 loops=5)
                                 Recheck Cond: ((o_orderdate >= '1993-12-01'::date) AND (o_orderdate < '1994-03-01'::date))
                                 Heap Blocks: exact=46512
                                 Worker 0:  Heap Blocks: exact=46238
                                 Worker 1:  Heap Blocks: exact=46519
                                 Worker 2:  Heap Blocks: exact=46264
                                 Worker 3:  Heap Blocks: exact=46354
                                 ->  Bitmap Index Scan on idx_orders_orderdate  (cost=0.00..6007.77 rows=512933 width=0) (actual time=84.947..84.948 rows=560424 loops=1)
                                       Index Cond: ((o_orderdate >= '1993-12-01'::date) AND (o_orderdate < '1994-03-01'::date))
               ->  Index Only Scan using q4_idx_1 on lineitem  (cost=0.44..2.44 rows=1 width=4) (actual time=0.045..0.045 rows=1 loops=112213)
                     Index Cond: (l_orderkey = orders.o_orderkey)
                     Heap Fetches: 0
 Planning Time: 30.137 ms
 Execution Time: 9403.250 ms
(28 rows)

SET
SET
SET
                                                                                QUERY PLAN                                                                                
--------------------------------------------------------------------------------------------------------------------------------------------------------------------------
 Limit  (cost=279987.60..514226.09 rows=1 width=24) (actual time=1149.478..1168.517 rows=1 loops=1)
   ->  GroupAggregate  (cost=279987.60..1451180.04 rows=5 width=24) (actual time=1149.476..1168.515 rows=1 loops=1)
         Group Key: orders.o_orderpriority
         ->  Nested Loop Semi Join  (cost=279987.60..1448615.39 rows=512919 width=16) (actual time=695.945..1152.593 rows=103030 loops=1)
               ->  Gather Merge  (cost=279987.16..341403.01 rows=512933 width=20) (actual time=695.899..744.812 rows=112213 loops=1)
                     Workers Planned: 4
                     Workers Launched: 4
                     ->  Sort  (cost=278987.11..279307.69 rows=128233 width=20) (actual time=687.709..689.568 rows=23383 loops=5)
                           Sort Key: orders.o_orderpriority
                           Sort Method: quicksort  Memory: 7247kB
                           Worker 0:  Sort Method: quicksort  Memory: 7317kB
                           Worker 1:  Sort Method: quicksort  Memory: 7601kB
                           Worker 2:  Sort Method: quicksort  Memory: 7643kB
                           Worker 3:  Sort Method: quicksort  Memory: 7447kB
                           ->  Parallel Bitmap Heap Scan on orders  (cost=6136.00..268107.56 rows=128233 width=20) (actual time=125.852..650.960 rows=112085 loops=5)
                                 Recheck Cond: ((o_orderdate >= '1993-12-01'::date) AND (o_orderdate < '1994-03-01'::date))
                                 Heap Blocks: exact=44248
                                 Worker 0:  Heap Blocks: exact=45193
                                 Worker 1:  Heap Blocks: exact=47895
                                 Worker 2:  Heap Blocks: exact=48381
                                 Worker 3:  Heap Blocks: exact=46170
                                 ->  Bitmap Index Scan on idx_orders_orderdate  (cost=0.00..6007.77 rows=512933 width=0) (actual time=79.890..79.890 rows=560424 loops=1)
                                       Index Cond: ((o_orderdate >= '1993-12-01'::date) AND (o_orderdate < '1994-03-01'::date))
               ->  Index Only Scan using q4_idx_1 on lineitem  (cost=0.44..2.44 rows=1 width=4) (actual time=0.003..0.003 rows=1 loops=112213)
                     Index Cond: (l_orderkey = orders.o_orderkey)
                     Heap Fetches: 0
 Planning Time: 2.161 ms
 Execution Time: 1168.577 ms
(28 rows)

query 5 run 1
SET
SET
SET
                                                                                              QUERY PLAN                                                                                               
-------------------------------------------------------------------------------------------------------------------------------------------------------------------------------------------------------
 Limit  (cost=656364.87..656364.87 rows=1 width=58) (actual time=7493.750..7527.929 rows=1 loops=1)
   ->  Sort  (cost=656364.87..656364.93 rows=25 width=58) (actual time=7493.749..7527.927 rows=1 loops=1)
         Sort Key: (sum((lineitem.l_extendedprice * ('1'::numeric - lineitem.l_discount)))) DESC
         Sort Method: top-N heapsort  Memory: 25kB
         ->  Finalize GroupAggregate  (cost=656121.95..656364.75 rows=25 width=58) (actual time=7490.075..7527.912 rows=5 loops=1)
               Group Key: nation.n_name
               ->  Gather Merge  (cost=656121.95..656363.68 rows=100 width=58) (actual time=7488.760..7527.886 rows=25 loops=1)
                     Workers Planned: 4
                     Workers Launched: 4
                     ->  Partial GroupAggregate  (cost=655121.89..655351.71 rows=25 width=58) (actual time=7467.483..7472.151 rows=5 loops=5)
                           Group Key: nation.n_name
                           ->  Sort  (cost=655121.89..655167.79 rows=18361 width=38) (actual time=7465.612..7466.273 rows=14407 loops=5)
                                 Sort Key: nation.n_name
                                 Sort Method: quicksort  Memory: 1185kB
                                 Worker 0:  Sort Method: quicksort  Memory: 1170kB
                                 Worker 1:  Sort Method: quicksort  Memory: 1164kB
                                 Worker 2:  Sort Method: quicksort  Memory: 1171kB
                                 Worker 3:  Sort Method: quicksort  Memory: 1172kB
                                 ->  Parallel Hash Join  (cost=73966.27..653821.53 rows=18361 width=38) (actual time=574.085..7455.081 rows=14407 loops=5)
                                       Hash Cond: ((lineitem.l_suppkey = supplier.s_suppkey) AND (customer.c_nationkey = supplier.s_nationkey))
                                       ->  Nested Loop  (cost=70274.67..647717.52 rows=459508 width=50) (actual time=557.413..7321.962 rows=363065 loops=5)
                                             ->  Parallel Hash Join  (cost=70274.11..342599.32 rows=114880 width=38) (actual time=557.099..5342.546 rows=90680 loops=5)
                                                   Hash Cond: (orders.o_custkey = customer.c_custkey)
                                                   ->  Parallel Bitmap Heap Scan on orders  (cost=27480.86..297364.86 rows=574400 width=8) (actual time=258.441..4831.976 rows=455328 loops=5)
                                                         Recheck Cond: ((o_orderdate >= '1993-01-01'::date) AND (o_orderdate < '1994-01-01'::date))
                                                         Heap Blocks: exact=52183
                                                         Worker 0:  Heap Blocks: exact=52022
                                                         Worker 1:  Heap Blocks: exact=52133
                                                         Worker 2:  Heap Blocks: exact=52556
                                                         Worker 3:  Heap Blocks: exact=52352
                                                         ->  Bitmap Index Scan on idx_orders_orderdate  (cost=0.00..26906.46 rows=2297602 width=0) (actual time=201.671..201.671 rows=2276638 loops=1)
                                                               Index Cond: ((o_orderdate >= '1993-01-01'::date) AND (o_orderdate < '1994-01-01'::date))
                                                   ->  Parallel Hash  (cost=41855.75..41855.75 rows=75000 width=38) (actual time=297.829..297.832 rows=59887 loops=5)
                                                         Buckets: 524288  Batches: 1  Memory Usage: 25312kB
                                                         ->  Hash Join  (cost=2.51..41855.75 rows=75000 width=38) (actual time=0.870..270.454 rows=59887 loops=5)
                                                               Hash Cond: (customer.c_nationkey = nation.n_nationkey)
                                                               ->  Parallel Seq Scan on customer  (cost=0.00..39697.00 rows=375000 width=8) (actual time=0.462..236.353 rows=300000 loops=5)
                                                               ->  Hash  (cost=2.45..2.45 rows=5 width=30) (actual time=0.402..0.404 rows=5 loops=5)
                                                                     Buckets: 1024  Batches: 1  Memory Usage: 9kB
                                                                     ->  Hash Join  (cost=1.07..2.45 rows=5 width=30) (actual time=0.394..0.402 rows=5 loops=5)
                                                                           Hash Cond: (nation.n_regionkey = region.r_regionkey)
                                                                           ->  Seq Scan on nation  (cost=0.00..1.25 rows=25 width=34) (actual time=0.157..0.159 rows=25 loops=5)
                                                                           ->  Hash  (cost=1.06..1.06 rows=1 width=4) (actual time=0.231..0.231 rows=1 loops=5)
                                                                                 Buckets: 1024  Batches: 1  Memory Usage: 9kB
                                                                                 ->  Seq Scan on region  (cost=0.00..1.06 rows=1 width=4) (actual time=0.227..0.228 rows=1 loops=5)
                                                                                       Filter: (r_name = 'AMERICA'::bpchar)
                                                                                       Rows Removed by Filter: 4
                                             ->  Index Only Scan using q5_idx_1 on lineitem  (cost=0.56..2.62 rows=4 width=20) (actual time=0.020..0.021 rows=4 loops=453399)
                                                   Index Cond: (l_orderkey = orders.o_orderkey)
                                                   Heap Fetches: 0
                                       ->  Parallel Hash  (cost=2809.24..2809.24 rows=58824 width=8) (actual time=14.521..14.521 rows=20000 loops=5)
                                             Buckets: 131072  Batches: 1  Memory Usage: 5024kB
                                             ->  Parallel Seq Scan on supplier  (cost=0.00..2809.24 rows=58824 width=8) (actual time=0.123..7.815 rows=20000 loops=5)
 Planning Time: 39.045 ms
 Execution Time: 7528.339 ms
(55 rows)

SET
SET
SET
                                                                                              QUERY PLAN                                                                                               
-------------------------------------------------------------------------------------------------------------------------------------------------------------------------------------------------------
 Limit  (cost=656364.87..656364.87 rows=1 width=58) (actual time=2034.616..2064.013 rows=1 loops=1)
   ->  Sort  (cost=656364.87..656364.93 rows=25 width=58) (actual time=2034.615..2064.011 rows=1 loops=1)
         Sort Key: (sum((lineitem.l_extendedprice * ('1'::numeric - lineitem.l_discount)))) DESC
         Sort Method: top-N heapsort  Memory: 25kB
         ->  Finalize GroupAggregate  (cost=656121.95..656364.75 rows=25 width=58) (actual time=2027.026..2063.994 rows=5 loops=1)
               Group Key: nation.n_name
               ->  Gather Merge  (cost=656121.95..656363.68 rows=100 width=58) (actual time=2025.789..2063.960 rows=25 loops=1)
                     Workers Planned: 4
                     Workers Launched: 4
                     ->  Partial GroupAggregate  (cost=655121.89..655351.71 rows=25 width=58) (actual time=2011.726..2017.181 rows=5 loops=5)
                           Group Key: nation.n_name
                           ->  Sort  (cost=655121.89..655167.79 rows=18361 width=38) (actual time=2010.589..2011.232 rows=14407 loops=5)
                                 Sort Key: nation.n_name
                                 Sort Method: quicksort  Memory: 1170kB
                                 Worker 0:  Sort Method: quicksort  Memory: 1179kB
                                 Worker 1:  Sort Method: quicksort  Memory: 1246kB
                                 Worker 2:  Sort Method: quicksort  Memory: 1202kB
                                 Worker 3:  Sort Method: quicksort  Memory: 1065kB
                                 ->  Parallel Hash Join  (cost=73966.27..653821.53 rows=18361 width=38) (actual time=394.344..2003.019 rows=14407 loops=5)
                                       Hash Cond: ((lineitem.l_suppkey = supplier.s_suppkey) AND (customer.c_nationkey = supplier.s_nationkey))
                                       ->  Nested Loop  (cost=70274.67..647717.52 rows=459508 width=50) (actual time=377.244..1878.198 rows=363065 loops=5)
                                             ->  Parallel Hash Join  (cost=70274.11..342599.32 rows=114880 width=38) (actual time=377.194..959.146 rows=90680 loops=5)
                                                   Hash Cond: (orders.o_custkey = customer.c_custkey)
                                                   ->  Parallel Bitmap Heap Scan on orders  (cost=27480.86..297364.86 rows=574400 width=8) (actual time=247.913..657.762 rows=455328 loops=5)
                                                         Recheck Cond: ((o_orderdate >= '1993-01-01'::date) AND (o_orderdate < '1994-01-01'::date))
                                                         Heap Blocks: exact=51904
                                                         Worker 0:  Heap Blocks: exact=52065
                                                         Worker 1:  Heap Blocks: exact=57311
                                                         Worker 2:  Heap Blocks: exact=54997
                                                         Worker 3:  Heap Blocks: exact=44969
                                                         ->  Bitmap Index Scan on idx_orders_orderdate  (cost=0.00..26906.46 rows=2297602 width=0) (actual time=191.683..191.683 rows=2276638 loops=1)
                                                               Index Cond: ((o_orderdate >= '1993-01-01'::date) AND (o_orderdate < '1994-01-01'::date))
                                                   ->  Parallel Hash  (cost=41855.75..41855.75 rows=75000 width=38) (actual time=128.738..128.741 rows=59887 loops=5)
                                                         Buckets: 524288  Batches: 1  Memory Usage: 25280kB
                                                         ->  Hash Join  (cost=2.51..41855.75 rows=75000 width=38) (actual time=0.084..93.528 rows=59887 loops=5)
                                                               Hash Cond: (customer.c_nationkey = nation.n_nationkey)
                                                               ->  Parallel Seq Scan on customer  (cost=0.00..39697.00 rows=375000 width=8) (actual time=0.030..53.093 rows=300000 loops=5)
                                                               ->  Hash  (cost=2.45..2.45 rows=5 width=30) (actual time=0.047..0.049 rows=5 loops=5)
                                                                     Buckets: 1024  Batches: 1  Memory Usage: 9kB
                                                                     ->  Hash Join  (cost=1.07..2.45 rows=5 width=30) (actual time=0.042..0.047 rows=5 loops=5)
                                                                           Hash Cond: (nation.n_regionkey = region.r_regionkey)
                                                                           ->  Seq Scan on nation  (cost=0.00..1.25 rows=25 width=34) (actual time=0.019..0.021 rows=25 loops=5)
                                                                           ->  Hash  (cost=1.06..1.06 rows=1 width=4) (actual time=0.017..0.017 rows=1 loops=5)
                                                                                 Buckets: 1024  Batches: 1  Memory Usage: 9kB
                                                                                 ->  Seq Scan on region  (cost=0.00..1.06 rows=1 width=4) (actual time=0.013..0.014 rows=1 loops=5)
                                                                                       Filter: (r_name = 'AMERICA'::bpchar)
                                                                                       Rows Removed by Filter: 4
                                             ->  Index Only Scan using q5_idx_1 on lineitem  (cost=0.56..2.62 rows=4 width=20) (actual time=0.009..0.009 rows=4 loops=453399)
                                                   Index Cond: (l_orderkey = orders.o_orderkey)
                                                   Heap Fetches: 0
                                       ->  Parallel Hash  (cost=2809.24..2809.24 rows=58824 width=8) (actual time=16.350..16.350 rows=20000 loops=5)
                                             Buckets: 131072  Batches: 1  Memory Usage: 4992kB
                                             ->  Parallel Seq Scan on supplier  (cost=0.00..2809.24 rows=58824 width=8) (actual time=0.048..6.400 rows=20000 loops=5)
 Planning Time: 6.239 ms
 Execution Time: 2064.118 ms
(55 rows)

query 6 run 1
SET
SET
SET
                                                                                                                QUERY PLAN                                                                                                                 
-------------------------------------------------------------------------------------------------------------------------------------------------------------------------------------------------------------------------------------------
 Limit  (cost=1384014.68..1384014.69 rows=1 width=32) (actual time=10630.310..10666.443 rows=1 loops=1)
   ->  Finalize Aggregate  (cost=1384014.68..1384014.69 rows=1 width=32) (actual time=10630.309..10666.441 rows=1 loops=1)
         ->  Gather  (cost=1384014.25..1384014.66 rows=4 width=32) (actual time=10628.878..10666.426 rows=5 loops=1)
               Workers Planned: 4
               Workers Launched: 4
               ->  Partial Aggregate  (cost=1383014.25..1383014.26 rows=1 width=32) (actual time=10620.387..10620.389 rows=1 loops=5)
                     ->  Parallel Bitmap Heap Scan on lineitem  (cost=234482.98..1381488.35 rows=305179 width=12) (actual time=1378.176..10488.973 rows=238912 loops=5)
                           Recheck Cond: ((l_shipdate >= '1993-01-01'::date) AND (l_shipdate < '1994-01-01 00:00:00'::timestamp without time zone) AND (l_discount >= 0.06) AND (l_discount <= 0.08) AND (l_quantity < '25'::numeric))
                           Rows Removed by Index Recheck: 2744818
                           Heap Blocks: exact=80157 lossy=53402
                           Worker 0:  Heap Blocks: exact=79197 lossy=53164
                           Worker 1:  Heap Blocks: exact=79249 lossy=53517
                           Worker 2:  Heap Blocks: exact=79405 lossy=53844
                           Worker 3:  Heap Blocks: exact=77892 lossy=53141
                           ->  Bitmap Index Scan on idx_lineitem_shipdate  (cost=0.00..234177.81 rows=1220715 width=0) (actual time=1292.484..1292.484 rows=1194558 loops=1)
                                 Index Cond: ((l_shipdate >= '1993-01-01'::date) AND (l_shipdate < '1994-01-01 00:00:00'::timestamp without time zone) AND (l_discount >= 0.06) AND (l_discount <= 0.08) AND (l_quantity < '25'::numeric))
 Planning Time: 21.612 ms
 Execution Time: 10667.704 ms
(18 rows)

SET
SET
SET
                                                                                                                QUERY PLAN                                                                                                                 
-------------------------------------------------------------------------------------------------------------------------------------------------------------------------------------------------------------------------------------------
 Limit  (cost=1384014.68..1384014.69 rows=1 width=32) (actual time=3194.257..3231.600 rows=1 loops=1)
   ->  Finalize Aggregate  (cost=1384014.68..1384014.69 rows=1 width=32) (actual time=3194.255..3231.597 rows=1 loops=1)
         ->  Gather  (cost=1384014.25..1384014.66 rows=4 width=32) (actual time=3194.242..3231.587 rows=5 loops=1)
               Workers Planned: 4
               Workers Launched: 4
               ->  Partial Aggregate  (cost=1383014.25..1383014.26 rows=1 width=32) (actual time=3186.368..3186.369 rows=1 loops=5)
                     ->  Parallel Bitmap Heap Scan on lineitem  (cost=234482.98..1381488.35 rows=305179 width=12) (actual time=1238.988..3100.632 rows=238912 loops=5)
                           Recheck Cond: ((l_shipdate >= '1993-01-01'::date) AND (l_shipdate < '1994-01-01 00:00:00'::timestamp without time zone) AND (l_discount >= 0.06) AND (l_discount <= 0.08) AND (l_quantity < '25'::numeric))
                           Rows Removed by Index Recheck: 2744818
                           Heap Blocks: exact=82876 lossy=55714
                           Worker 0:  Heap Blocks: exact=77057 lossy=51273
                           Worker 1:  Heap Blocks: exact=74472 lossy=50515
                           Worker 2:  Heap Blocks: exact=85843 lossy=57983
                           Worker 3:  Heap Blocks: exact=75652 lossy=51583
                           ->  Bitmap Index Scan on idx_lineitem_shipdate  (cost=0.00..234177.81 rows=1220715 width=0) (actual time=1150.750..1150.750 rows=1194558 loops=1)
                                 Index Cond: ((l_shipdate >= '1993-01-01'::date) AND (l_shipdate < '1994-01-01 00:00:00'::timestamp without time zone) AND (l_discount >= 0.06) AND (l_discount <= 0.08) AND (l_quantity < '25'::numeric))
 Planning Time: 1.292 ms
 Execution Time: 3231.650 ms
(18 rows)

query 7 run 1
SET
SET
SET
                                                                                                      QUERY PLAN                                                                                                       
-----------------------------------------------------------------------------------------------------------------------------------------------------------------------------------------------------------------------
 Limit  (cost=1421811.96..1422879.81 rows=1 width=116) (actual time=30247.390..30252.688 rows=1 loops=1)
   ->  GroupAggregate  (cost=1421811.96..12147328.28 rows=10044 width=116) (actual time=30247.388..30252.685 rows=1 loops=1)
         Group Key: n1.n_name, n2.n_name, EXTRACT(year FROM lineitem.l_shipdate)
         ->  Nested Loop  (cost=1421811.96..12146253.44 rows=61612 width=96) (actual time=7375.809..30226.000 rows=14421 loops=1)
               Join Filter: (customer.c_nationkey = n2.n_nationkey)
               Rows Removed by Join Filter: 349080
               ->  Nested Loop  (cost=1421811.53..8395501.66 rows=1540293 width=76) (actual time=7368.318..25415.120 rows=363501 loops=1)
                     ->  Gather Merge  (cost=1421811.10..1606237.52 rows=1540293 width=76) (actual time=7367.131..7824.352 rows=363501 loops=1)
                           Workers Planned: 4
                           Workers Launched: 4
                           ->  Sort  (cost=1420811.04..1421773.72 rows=385073 width=76) (actual time=7344.507..7388.371 rows=73131 loops=5)
                                 Sort Key: n1.n_name, n2.n_name, (EXTRACT(year FROM lineitem.l_shipdate))
                                 Sort Method: external merge  Disk: 26544kB
                                 Worker 0:  Sort Method: external merge  Disk: 26864kB
                                 Worker 1:  Sort Method: external merge  Disk: 26968kB
                                 Worker 2:  Sort Method: external merge  Disk: 26368kB
                                 Worker 3:  Sort Method: external merge  Disk: 27208kB
                                 ->  Parallel Hash Join  (cost=3140.96..1372863.83 rows=385073 width=76) (actual time=11.850..7063.215 rows=291139 loops=5)
                                       Hash Cond: (lineitem.l_suppkey = supplier.s_suppkey)
                                       ->  Parallel Seq Scan on lineitem  (cost=0.00..1350093.41 rows=4630486 width=24) (actual time=0.567..6530.392 rows=3646065 loops=5)
                                             Filter: ((l_shipdate >= '1995-01-01'::date) AND (l_shipdate <= '1996-12-31'::date))
                                             Rows Removed by Filter: 8351145
                                       ->  Parallel Hash  (cost=3079.76..3079.76 rows=4896 width=60) (actual time=10.899..10.902 rows=1596 loops=5)
                                             Buckets: 16384  Batches: 1  Memory Usage: 960kB
                                             ->  Hash Join  (cost=2.87..3079.76 rows=4896 width=60) (actual time=0.679..9.993 rows=1596 loops=5)
                                                   Hash Cond: (supplier.s_nationkey = n1.n_nationkey)
                                                   ->  Parallel Seq Scan on supplier  (cost=0.00..2809.24 rows=58824 width=8) (actual time=0.604..7.864 rows=20000 loops=5)
                                                   ->  Hash  (cost=2.84..2.84 rows=2 width=60) (actual time=0.066..0.068 rows=2 loops=5)
                                                         Buckets: 1024  Batches: 1  Memory Usage: 9kB
                                                         ->  Nested Loop  (cost=0.00..2.84 rows=2 width=60) (actual time=0.060..0.065 rows=2 loops=5)
                                                               Join Filter: (((n1.n_name = 'PERU'::bpchar) AND (n2.n_name = 'MOROCCO'::bpchar)) OR ((n1.n_name = 'MOROCCO'::bpchar) AND (n2.n_name = 'PERU'::bpchar)))
                                                               Rows Removed by Join Filter: 2
                                                               ->  Seq Scan on nation n1  (cost=0.00..1.38 rows=2 width=30) (actual time=0.047..0.049 rows=2 loops=5)
                                                                     Filter: ((n_name = 'PERU'::bpchar) OR (n_name = 'MOROCCO'::bpchar))
                                                                     Rows Removed by Filter: 23
                                                               ->  Materialize  (cost=0.00..1.39 rows=2 width=30) (actual time=0.004..0.005 rows=2 loops=10)
                                                                     Storage: Memory  Maximum Storage: 17kB
                                                                     ->  Seq Scan on nation n2  (cost=0.00..1.38 rows=2 width=30) (actual time=0.005..0.007 rows=2 loops=5)
                                                                           Filter: ((n_name = 'MOROCCO'::bpchar) OR (n_name = 'PERU'::bpchar))
                                                                           Rows Removed by Filter: 23
                     ->  Index Scan using q21_idx_3 on orders  (cost=0.43..4.41 rows=1 width=8) (actual time=0.048..0.048 rows=1 loops=363501)
                           Index Cond: (o_orderkey = lineitem.l_orderkey)
               ->  Index Only Scan using q10_idx_1 on customer  (cost=0.43..2.42 rows=1 width=8) (actual time=0.012..0.012 rows=1 loops=363501)
                     Index Cond: (c_custkey = orders.o_custkey)
                     Heap Fetches: 0
 Planning Time: 39.210 ms
 Execution Time: 30256.813 ms
(47 rows)

SET
SET
SET
                                                                                                      QUERY PLAN                                                                                                       
-----------------------------------------------------------------------------------------------------------------------------------------------------------------------------------------------------------------------
 Limit  (cost=1421811.96..1422879.81 rows=1 width=116) (actual time=5426.324..5432.338 rows=1 loops=1)
   ->  GroupAggregate  (cost=1421811.96..12147328.28 rows=10044 width=116) (actual time=5426.323..5432.336 rows=1 loops=1)
         Group Key: n1.n_name, n2.n_name, EXTRACT(year FROM lineitem.l_shipdate)
         ->  Nested Loop  (cost=1421811.96..12146253.44 rows=61612 width=96) (actual time=3284.464..5420.436 rows=14421 loops=1)
               Join Filter: (customer.c_nationkey = n2.n_nationkey)
               Rows Removed by Join Filter: 349057
               ->  Nested Loop  (cost=1421811.53..8395501.66 rows=1540293 width=76) (actual time=3284.301..4492.507 rows=363478 loops=1)
                     ->  Gather Merge  (cost=1421811.10..1606237.52 rows=1540293 width=76) (actual time=3284.253..3504.010 rows=363478 loops=1)
                           Workers Planned: 4
                           Workers Launched: 4
                           ->  Sort  (cost=1420811.04..1421773.72 rows=385073 width=76) (actual time=3261.113..3290.252 rows=73137 loops=5)
                                 Sort Key: n1.n_name, n2.n_name, (EXTRACT(year FROM lineitem.l_shipdate))
                                 Sort Method: external merge  Disk: 27096kB
                                 Worker 0:  Sort Method: external merge  Disk: 29776kB
                                 Worker 1:  Sort Method: external merge  Disk: 25664kB
                                 Worker 2:  Sort Method: external merge  Disk: 24280kB
                                 Worker 3:  Sort Method: external merge  Disk: 27136kB
                                 ->  Parallel Hash Join  (cost=3140.96..1372863.83 rows=385073 width=76) (actual time=12.273..2946.520 rows=291139 loops=5)
                                       Hash Cond: (lineitem.l_suppkey = supplier.s_suppkey)
                                       ->  Parallel Seq Scan on lineitem  (cost=0.00..1350093.41 rows=4630486 width=24) (actual time=1.138..2343.419 rows=3646065 loops=5)
                                             Filter: ((l_shipdate >= '1995-01-01'::date) AND (l_shipdate <= '1996-12-31'::date))
                                             Rows Removed by Filter: 8351145
                                       ->  Parallel Hash  (cost=3079.76..3079.76 rows=4896 width=60) (actual time=9.908..9.910 rows=1596 loops=5)
                                             Buckets: 16384  Batches: 1  Memory Usage: 960kB
                                             ->  Hash Join  (cost=2.87..3079.76 rows=4896 width=60) (actual time=0.082..8.942 rows=1596 loops=5)
                                                   Hash Cond: (supplier.s_nationkey = n1.n_nationkey)
                                                   ->  Parallel Seq Scan on supplier  (cost=0.00..2809.24 rows=58824 width=8) (actual time=0.044..6.883 rows=20000 loops=5)
                                                   ->  Hash  (cost=2.84..2.84 rows=2 width=60) (actual time=0.032..0.034 rows=2 loops=5)
                                                         Buckets: 1024  Batches: 1  Memory Usage: 9kB
                                                         ->  Nested Loop  (cost=0.00..2.84 rows=2 width=60) (actual time=0.026..0.032 rows=2 loops=5)
                                                               Join Filter: (((n1.n_name = 'PERU'::bpchar) AND (n2.n_name = 'MOROCCO'::bpchar)) OR ((n1.n_name = 'MOROCCO'::bpchar) AND (n2.n_name = 'PERU'::bpchar)))
                                                               Rows Removed by Join Filter: 2
                                                               ->  Seq Scan on nation n1  (cost=0.00..1.38 rows=2 width=30) (actual time=0.014..0.016 rows=2 loops=5)
                                                                     Filter: ((n_name = 'PERU'::bpchar) OR (n_name = 'MOROCCO'::bpchar))
                                                                     Rows Removed by Filter: 23
                                                               ->  Materialize  (cost=0.00..1.39 rows=2 width=30) (actual time=0.004..0.005 rows=2 loops=10)
                                                                     Storage: Memory  Maximum Storage: 17kB
                                                                     ->  Seq Scan on nation n2  (cost=0.00..1.38 rows=2 width=30) (actual time=0.005..0.007 rows=2 loops=5)
                                                                           Filter: ((n_name = 'MOROCCO'::bpchar) OR (n_name = 'PERU'::bpchar))
                                                                           Rows Removed by Filter: 23
                     ->  Index Scan using q21_idx_3 on orders  (cost=0.43..4.41 rows=1 width=8) (actual time=0.002..0.002 rows=1 loops=363478)
                           Index Cond: (o_orderkey = lineitem.l_orderkey)
               ->  Index Only Scan using q10_idx_1 on customer  (cost=0.43..2.42 rows=1 width=8) (actual time=0.002..0.002 rows=1 loops=363478)
                     Index Cond: (c_custkey = orders.o_custkey)
                     Heap Fetches: 0
 Planning Time: 4.544 ms
 Execution Time: 5436.386 ms
(47 rows)

query 8 run 1
SET
SET
SET
                                                                                              QUERY PLAN                                                                                               
-------------------------------------------------------------------------------------------------------------------------------------------------------------------------------------------------------
 Limit  (cost=385179.45..385334.41 rows=1 width=64) (actual time=6900.361..6908.397 rows=1 loops=1)
   ->  GroupAggregate  (cost=385179.45..758007.76 rows=2406 width=64) (actual time=6900.360..6908.395 rows=1 loops=1)
         Group Key: EXTRACT(year FROM orders.o_orderdate)
         ->  Nested Loop  (cost=385179.45..757475.06 rows=24229 width=70) (actual time=3187.955..6892.109 rows=11818 loops=1)
               ->  Nested Loop  (cost=385179.30..756793.09 rows=24229 width=20) (actual time=3187.929..6874.382 rows=11818 loops=1)
                     ->  Nested Loop  (cost=385178.88..698311.29 rows=24250 width=20) (actual time=3187.428..6646.926 rows=11818 loops=1)
                           Join Filter: (n1.n_regionkey = region.r_regionkey)
                           Rows Removed by Join Filter: 47514
                           ->  Nested Loop  (cost=385178.88..696491.49 rows=121249 width=24) (actual time=3184.751..6619.403 rows=59332 loops=1)
                                 ->  Nested Loop  (cost=385178.74..693498.34 rows=121249 width=24) (actual time=3184.411..6559.063 rows=59332 loops=1)
                                       ->  Gather Merge  (cost=385178.31..399696.01 rows=121249 width=24) (actual time=3183.751..3231.024 rows=59332 loops=1)
                                             Workers Planned: 4
                                             Workers Launched: 4
                                             ->  Sort  (cost=384178.25..384254.03 rows=30312 width=24) (actual time=3174.412..3175.549 rows=12627 loops=5)
                                                   Sort Key: (EXTRACT(year FROM orders.o_orderdate))
                                                   Sort Method: quicksort  Memory: 2014kB
                                                   Worker 0:  Sort Method: quicksort  Memory: 1996kB
                                                   Worker 1:  Sort Method: quicksort  Memory: 2014kB
                                                   Worker 2:  Sort Method: quicksort  Memory: 2054kB
                                                   Worker 3:  Sort Method: quicksort  Memory: 2019kB
                                                   ->  Parallel Hash Join  (cost=60066.17..381921.89 rows=30312 width=24) (actual time=1137.689..3162.721 rows=23719 loops=5)
                                                         Hash Cond: (orders.o_orderkey = lineitem.l_orderkey)
                                                         ->  Parallel Seq Scan on orders  (cost=0.00..317507.18 rows=1139401 width=12) (actual time=0.841..1804.237 rows=911503 loops=5)
                                                               Filter: ((o_orderdate >= '1995-01-01'::date) AND (o_orderdate <= '1996-12-31'::date))
                                                               Rows Removed by Filter: 2088497
                                                         ->  Parallel Hash  (cost=58819.37..58819.37 rows=99744 width=20) (actual time=1136.161..1136.162 rows=77904 loops=5)
                                                               Buckets: 524288  Batches: 1  Memory Usage: 25504kB
                                                               ->  Nested Loop  (cost=0.56..58819.37 rows=99744 width=20) (actual time=1.711..1107.005 rows=77904 loops=5)
                                                                     ->  Parallel Seq Scan on part  (cost=0.00..47231.38 rows=3326 width=4) (actual time=1.146..127.694 rows=2602 loops=5)
                                                                           Filter: ((p_type)::text = 'LARGE POLISHED BRASS'::text)
                                                                           Rows Removed by Filter: 397398
                                                                     ->  Index Only Scan using q8_idx_1 on lineitem  (cost=0.56..3.14 rows=34 width=24) (actual time=0.308..0.372 rows=30 loops=13011)
                                                                           Index Cond: (l_partkey = part.p_partkey)
                                                                           Heap Fetches: 0
                                       ->  Index Only Scan using q10_idx_1 on customer  (cost=0.43..2.42 rows=1 width=8) (actual time=0.055..0.055 rows=1 loops=59332)
                                             Index Cond: (c_custkey = orders.o_custkey)
                                             Heap Fetches: 0
                                 ->  Memoize  (cost=0.15..1.17 rows=1 width=8) (actual time=0.000..0.000 rows=1 loops=59332)
                                       Cache Key: customer.c_nationkey
                                       Cache Mode: logical
                                       Hits: 59307  Misses: 25  Evictions: 0  Overflows: 0  Memory Usage: 3kB
                                       ->  Index Scan using nation_pkey on nation n1  (cost=0.14..1.16 rows=1 width=8) (actual time=0.018..0.018 rows=1 loops=25)
                                             Index Cond: (n_nationkey = customer.c_nationkey)
                           ->  Materialize  (cost=0.00..1.07 rows=1 width=4) (actual time=0.000..0.000 rows=1 loops=59332)
                                 Storage: Memory  Maximum Storage: 17kB
                                 ->  Seq Scan on region  (cost=0.00..1.06 rows=1 width=4) (actual time=0.325..0.326 rows=1 loops=1)
                                       Filter: (r_name = 'AMERICA'::bpchar)
                                       Rows Removed by Filter: 4
                     ->  Index Only Scan using q2_idx_3 on supplier  (cost=0.42..2.41 rows=1 width=8) (actual time=0.019..0.019 rows=1 loops=11818)
                           Index Cond: (s_suppkey = lineitem.l_suppkey)
                           Heap Fetches: 0
               ->  Memoize  (cost=0.15..1.17 rows=1 width=30) (actual time=0.000..0.000 rows=1 loops=11818)
                     Cache Key: supplier.s_nationkey
                     Cache Mode: logical
                     Hits: 11793  Misses: 25  Evictions: 0  Overflows: 0  Memory Usage: 4kB
                     ->  Index Scan using nation_pkey on nation n2  (cost=0.14..1.16 rows=1 width=30) (actual time=0.004..0.004 rows=1 loops=25)
                           Index Cond: (n_nationkey = supplier.s_nationkey)
 Planning Time: 45.236 ms
 Execution Time: 6908.799 ms
(59 rows)

SET
SET
SET
                                                                                              QUERY PLAN                                                                                               
-------------------------------------------------------------------------------------------------------------------------------------------------------------------------------------------------------
 Limit  (cost=385179.45..385334.41 rows=1 width=64) (actual time=1136.590..1145.027 rows=1 loops=1)
   ->  GroupAggregate  (cost=385179.45..758007.76 rows=2406 width=64) (actual time=1136.589..1145.025 rows=1 loops=1)
         Group Key: EXTRACT(year FROM orders.o_orderdate)
         ->  Nested Loop  (cost=385179.45..757475.06 rows=24229 width=70) (actual time=882.111..1137.901 rows=11818 loops=1)
               ->  Nested Loop  (cost=385179.30..756793.09 rows=24229 width=20) (actual time=882.105..1129.795 rows=11818 loops=1)
                     ->  Nested Loop  (cost=385178.88..698311.29 rows=24250 width=20) (actual time=882.088..1101.955 rows=11818 loops=1)
                           Join Filter: (n1.n_regionkey = region.r_regionkey)
                           Rows Removed by Join Filter: 47509
                           ->  Nested Loop  (cost=385178.88..696491.49 rows=121249 width=24) (actual time=882.023..1086.544 rows=59327 loops=1)
                                 ->  Nested Loop  (cost=385178.74..693498.34 rows=121249 width=24) (actual time=882.008..1061.004 rows=59327 loops=1)
                                       ->  Gather Merge  (cost=385178.31..399696.01 rows=121249 width=24) (actual time=881.970..908.543 rows=59327 loops=1)
                                             Workers Planned: 4
                                             Workers Launched: 4
                                             ->  Sort  (cost=384178.25..384254.03 rows=30312 width=24) (actual time=874.214..874.931 rows=12617 loops=5)
                                                   Sort Key: (EXTRACT(year FROM orders.o_orderdate))
                                                   Sort Method: quicksort  Memory: 2045kB
                                                   Worker 0:  Sort Method: quicksort  Memory: 1946kB
                                                   Worker 1:  Sort Method: quicksort  Memory: 2078kB
                                                   Worker 2:  Sort Method: quicksort  Memory: 2060kB
                                                   Worker 3:  Sort Method: quicksort  Memory: 1968kB
                                                   ->  Parallel Hash Join  (cost=60066.17..381921.89 rows=30312 width=24) (actual time=145.755..864.525 rows=23719 loops=5)
                                                         Hash Cond: (orders.o_orderkey = lineitem.l_orderkey)
                                                         ->  Parallel Seq Scan on orders  (cost=0.00..317507.18 rows=1139401 width=12) (actual time=0.070..462.209 rows=911503 loops=5)
                                                               Filter: ((o_orderdate >= '1995-01-01'::date) AND (o_orderdate <= '1996-12-31'::date))
                                                               Rows Removed by Filter: 2088497
                                                         ->  Parallel Hash  (cost=58819.37..58819.37 rows=99744 width=20) (actual time=144.123..144.124 rows=77904 loops=5)
                                                               Buckets: 524288  Batches: 1  Memory Usage: 25536kB
                                                               ->  Nested Loop  (cost=0.56..58819.37 rows=99744 width=20) (actual time=0.074..108.901 rows=77904 loops=5)
                                                                     ->  Parallel Seq Scan on part  (cost=0.00..47231.38 rows=3326 width=4) (actual time=0.034..56.380 rows=2602 loops=5)
                                                                           Filter: ((p_type)::text = 'LARGE POLISHED BRASS'::text)
                                                                           Rows Removed by Filter: 397398
                                                                     ->  Index Only Scan using q8_idx_1 on lineitem  (cost=0.56..3.14 rows=34 width=24) (actual time=0.007..0.017 rows=30 loops=13011)
                                                                           Index Cond: (l_partkey = part.p_partkey)
                                                                           Heap Fetches: 0
                                       ->  Index Only Scan using q10_idx_1 on customer  (cost=0.43..2.42 rows=1 width=8) (actual time=0.002..0.002 rows=1 loops=59327)
                                             Index Cond: (c_custkey = orders.o_custkey)
                                             Heap Fetches: 0
                                 ->  Memoize  (cost=0.15..1.17 rows=1 width=8) (actual time=0.000..0.000 rows=1 loops=59327)
                                       Cache Key: customer.c_nationkey
                                       Cache Mode: logical
                                       Hits: 59302  Misses: 25  Evictions: 0  Overflows: 0  Memory Usage: 3kB
                                       ->  Index Scan using nation_pkey on nation n1  (cost=0.14..1.16 rows=1 width=8) (actual time=0.002..0.002 rows=1 loops=25)
                                             Index Cond: (n_nationkey = customer.c_nationkey)
                           ->  Materialize  (cost=0.00..1.07 rows=1 width=4) (actual time=0.000..0.000 rows=1 loops=59327)
                                 Storage: Memory  Maximum Storage: 17kB
                                 ->  Seq Scan on region  (cost=0.00..1.06 rows=1 width=4) (actual time=0.008..0.009 rows=1 loops=1)
                                       Filter: (r_name = 'AMERICA'::bpchar)
                                       Rows Removed by Filter: 4
                     ->  Index Only Scan using q2_idx_3 on supplier  (cost=0.42..2.41 rows=1 width=8) (actual time=0.002..0.002 rows=1 loops=11818)
                           Index Cond: (s_suppkey = lineitem.l_suppkey)
                           Heap Fetches: 0
               ->  Memoize  (cost=0.15..1.17 rows=1 width=30) (actual time=0.000..0.000 rows=1 loops=11818)
                     Cache Key: supplier.s_nationkey
                     Cache Mode: logical
                     Hits: 11793  Misses: 25  Evictions: 0  Overflows: 0  Memory Usage: 4kB
                     ->  Index Scan using nation_pkey on nation n2  (cost=0.14..1.16 rows=1 width=30) (actual time=0.001..0.001 rows=1 loops=25)
                           Index Cond: (n_nationkey = supplier.s_nationkey)
 Planning Time: 6.147 ms
 Execution Time: 1145.130 ms
(59 rows)

query 9 run 1
SET
SET
SET
                                                                                               QUERY PLAN                                                                                               
--------------------------------------------------------------------------------------------------------------------------------------------------------------------------------------------------------
 Limit  (cost=688370.08..688552.19 rows=1 width=90) (actual time=11282.847..11409.045 rows=1 loops=1)
   ->  GroupAggregate  (cost=688370.08..11642617.37 rows=60150 width=90) (actual time=11282.845..11409.042 rows=1 loops=1)
         Group Key: nation.n_name, EXTRACT(year FROM orders.o_orderdate)
         ->  Nested Loop  (cost=688370.08..11567552.70 rows=4237853 width=81) (actual time=10021.968..11386.787 rows=11401 loops=1)
               Join Filter: (supplier.s_suppkey = partsupp.ps_suppkey)
               ->  Gather Merge  (cost=688369.65..1195787.45 rows=4237853 width=63) (actual time=10021.097..10164.003 rows=11401 loops=1)
                     Workers Planned: 4
                     Workers Launched: 4
                     ->  Sort  (cost=687369.59..690018.24 rows=1059463 width=63) (actual time=9957.728..9959.626 rows=2747 loops=5)
                           Sort Key: nation.n_name, (EXTRACT(year FROM orders.o_orderdate)) DESC
                           Sort Method: external merge  Disk: 50672kB
                           Worker 0:  Sort Method: external merge  Disk: 49824kB
                           Worker 1:  Sort Method: external merge  Disk: 53936kB
                           Worker 2:  Sort Method: external merge  Disk: 49264kB
                           Worker 3:  Sort Method: external merge  Disk: 53560kB
                           ->  Hash Join  (cost=193807.18..552891.85 rows=1059463 width=63) (actual time=7123.111..8661.553 rows=649638 loops=5)
                                 Hash Cond: (supplier.s_nationkey = nation.n_nationkey)
                                 ->  Parallel Hash Join  (cost=193805.62..549637.73 rows=1059463 width=41) (actual time=7123.032..8404.303 rows=649638 loops=5)
                                       Hash Cond: (lineitem.l_suppkey = supplier.s_suppkey)
                                       ->  Parallel Hash Join  (cost=190261.08..543309.59 rows=1060374 width=33) (actual time=7108.898..8072.298 rows=649638 loops=5)
                                             Hash Cond: (orders.o_orderkey = lineitem.l_orderkey)
                                             ->  Parallel Seq Scan on orders  (cost=0.00..298760.79 rows=3749278 width=8) (actual time=0.472..1719.757 rows=3000000 loops=5)
                                             ->  Parallel Hash  (cost=168721.41..168721.41 rows=1060374 width=33) (actual time=4863.792..4863.794 rows=649638 loops=5)
                                                   Buckets: 1048576  Batches: 8  Memory Usage: 36896kB
                                                   ->  Nested Loop  (cost=0.99..168721.41 rows=1060374 width=33) (actual time=1.923..4666.533 rows=649638 loops=5)
                                                         ->  Parallel Index Only Scan using q20_idx_2 on part  (cost=0.43..45557.41 rows=35356 width=4) (actual time=0.217..164.834 rows=21662 loops=5)
                                                               Filter: ((p_name)::text ~~ '%navy%'::text)
                                                               Rows Removed by Filter: 378338
                                                               Heap Fetches: 0
                                                         ->  Index Only Scan using q9_idx_1 on lineitem  (cost=0.56..3.14 rows=34 width=29) (actual time=0.176..0.204 rows=30 loops=108312)
                                                               Index Cond: (l_partkey = part.p_partkey)
                                                               Heap Fetches: 0
                                       ->  Parallel Hash  (cost=2809.24..2809.24 rows=58824 width=8) (actual time=13.679..13.680 rows=20000 loops=5)
                                             Buckets: 131072  Batches: 1  Memory Usage: 5024kB
                                             ->  Parallel Seq Scan on supplier  (cost=0.00..2809.24 rows=58824 width=8) (actual time=0.133..7.750 rows=20000 loops=5)
                                 ->  Hash  (cost=1.25..1.25 rows=25 width=30) (actual time=0.068..0.069 rows=25 loops=5)
                                       Buckets: 1024  Batches: 1  Memory Usage: 10kB
                                       ->  Seq Scan on nation  (cost=0.00..1.25 rows=25 width=30) (actual time=0.059..0.061 rows=25 loops=5)
               ->  Index Only Scan using q2_idx_2 on partsupp  (cost=0.43..2.43 rows=1 width=14) (actual time=0.105..0.105 rows=1 loops=11401)
                     Index Cond: ((ps_partkey = lineitem.l_partkey) AND (ps_suppkey = lineitem.l_suppkey))
                     Heap Fetches: 0
 Planning Time: 47.880 ms
 Execution Time: 11417.023 ms
(43 rows)

SET
SET
SET
                                                                                               QUERY PLAN                                                                                               
--------------------------------------------------------------------------------------------------------------------------------------------------------------------------------------------------------
 Limit  (cost=688370.08..688552.19 rows=1 width=90) (actual time=4796.169..4924.625 rows=1 loops=1)
   ->  GroupAggregate  (cost=688370.08..11642617.37 rows=60150 width=90) (actual time=4796.168..4924.623 rows=1 loops=1)
         Group Key: nation.n_name, EXTRACT(year FROM orders.o_orderdate)
         ->  Nested Loop  (cost=688370.08..11567552.70 rows=4237853 width=81) (actual time=4744.333..4916.885 rows=11401 loops=1)
               Join Filter: (supplier.s_suppkey = partsupp.ps_suppkey)
               ->  Gather Merge  (cost=688369.65..1195787.45 rows=4237853 width=63) (actual time=4744.276..4879.131 rows=11401 loops=1)
                     Workers Planned: 4
                     Workers Launched: 4
                     ->  Sort  (cost=687369.59..690018.24 rows=1059463 width=63) (actual time=4643.532..4645.062 rows=2712 loops=5)
                           Sort Key: nation.n_name, (EXTRACT(year FROM orders.o_orderdate)) DESC
                           Sort Method: external merge  Disk: 49896kB
                           Worker 0:  Sort Method: external merge  Disk: 48176kB
                           Worker 1:  Sort Method: external merge  Disk: 50896kB
                           Worker 2:  Sort Method: external merge  Disk: 58328kB
                           Worker 3:  Sort Method: external merge  Disk: 49960kB
                           ->  Hash Join  (cost=193807.18..552891.85 rows=1059463 width=63) (actual time=1817.010..3356.037 rows=649638 loops=5)
                                 Hash Cond: (supplier.s_nationkey = nation.n_nationkey)
                                 ->  Parallel Hash Join  (cost=193805.62..549637.73 rows=1059463 width=41) (actual time=1816.975..3093.006 rows=649638 loops=5)
                                       Hash Cond: (lineitem.l_suppkey = supplier.s_suppkey)
                                       ->  Parallel Hash Join  (cost=190261.08..543309.59 rows=1060374 width=33) (actual time=1807.264..2772.538 rows=649638 loops=5)
                                             Hash Cond: (orders.o_orderkey = lineitem.l_orderkey)
                                             ->  Parallel Seq Scan on orders  (cost=0.00..298760.79 rows=3749278 width=8) (actual time=0.265..466.502 rows=3000000 loops=5)
                                             ->  Parallel Hash  (cost=168721.41..168721.41 rows=1060374 width=33) (actual time=731.588..731.589 rows=649638 loops=5)
                                                   Buckets: 1048576  Batches: 8  Memory Usage: 36896kB
                                                   ->  Nested Loop  (cost=0.99..168721.41 rows=1060374 width=33) (actual time=0.116..547.192 rows=649638 loops=5)
                                                         ->  Parallel Index Only Scan using q20_idx_2 on part  (cost=0.43..45557.41 rows=35356 width=4) (actual time=0.082..179.119 rows=21662 loops=5)
                                                               Filter: ((p_name)::text ~~ '%navy%'::text)
                                                               Rows Removed by Filter: 378338
                                                               Heap Fetches: 0
                                                         ->  Index Only Scan using q9_idx_1 on lineitem  (cost=0.56..3.14 rows=34 width=29) (actual time=0.005..0.014 rows=30 loops=108312)
                                                               Index Cond: (l_partkey = part.p_partkey)
                                                               Heap Fetches: 0
                                       ->  Parallel Hash  (cost=2809.24..2809.24 rows=58824 width=8) (actual time=9.450..9.450 rows=20000 loops=5)
                                             Buckets: 131072  Batches: 1  Memory Usage: 5024kB
                                             ->  Parallel Seq Scan on supplier  (cost=0.00..2809.24 rows=58824 width=8) (actual time=0.009..3.399 rows=20000 loops=5)
                                 ->  Hash  (cost=1.25..1.25 rows=25 width=30) (actual time=0.028..0.028 rows=25 loops=5)
                                       Buckets: 1024  Batches: 1  Memory Usage: 10kB
                                       ->  Seq Scan on nation  (cost=0.00..1.25 rows=25 width=30) (actual time=0.018..0.021 rows=25 loops=5)
               ->  Index Only Scan using q2_idx_2 on partsupp  (cost=0.43..2.43 rows=1 width=14) (actual time=0.003..0.003 rows=1 loops=11401)
                     Index Cond: ((ps_partkey = lineitem.l_partkey) AND (ps_suppkey = lineitem.l_suppkey))
                     Heap Fetches: 0
 Planning Time: 7.949 ms
 Execution Time: 4931.464 ms
(43 rows)

query 10 run 1
SET
SET
SET
                                                                                            QUERY PLAN                                                                                            
--------------------------------------------------------------------------------------------------------------------------------------------------------------------------------------------------
 Limit  (cost=790342.32..790342.37 rows=20 width=202) (actual time=7922.195..7970.528 rows=20 loops=1)
   ->  Sort  (cost=790342.32..791748.79 rows=562588 width=202) (actual time=7922.193..7970.525 rows=20 loops=1)
         Sort Key: (sum((lineitem.l_extendedprice * ('1'::numeric - lineitem.l_discount)))) DESC
         Sort Method: top-N heapsort  Memory: 33kB
         ->  GroupAggregate  (cost=693946.08..775372.05 rows=562588 width=202) (actual time=6945.488..7852.472 rows=381205 loops=1)
               Group Key: customer.c_custkey, nation.n_name
               ->  Gather Merge  (cost=693946.08..761307.35 rows=562588 width=182) (actual time=6945.462..7206.127 rows=1145402 loops=1)
                     Workers Planned: 4
                     Workers Launched: 4
                     ->  Sort  (cost=692946.02..693297.64 rows=140647 width=182) (actual time=6924.042..6949.974 rows=229080 loops=5)
                           Sort Key: customer.c_custkey, nation.n_name
                           Sort Method: external merge  Disk: 35120kB
                           Worker 0:  Sort Method: external merge  Disk: 44952kB
                           Worker 1:  Sort Method: external merge  Disk: 46232kB
                           Worker 2:  Sort Method: external merge  Disk: 53064kB
                           Worker 3:  Sort Method: external merge  Disk: 39152kB
                           ->  Hash Join  (cost=637626.59..680919.49 rows=140647 width=182) (actual time=6482.686..6792.380 rows=229080 loops=5)
                                 Hash Cond: (customer.c_nationkey = nation.n_nationkey)
                                 ->  Parallel Hash Join  (cost=637625.03..680486.14 rows=140647 width=160) (actual time=6482.624..6747.305 rows=229080 loops=5)
                                       Hash Cond: (customer.c_custkey = orders.o_custkey)
                                       ->  Parallel Seq Scan on customer  (cost=0.00..39697.00 rows=375000 width=148) (actual time=0.377..104.202 rows=300000 loops=5)
                                       ->  Parallel Hash  (cost=635866.94..635866.94 rows=140647 width=16) (actual time=6481.138..6481.139 rows=229080 loops=5)
                                             Buckets: 2097152 (originally 1048576)  Batches: 1 (originally 1)  Memory Usage: 85184kB
                                             ->  Nested Loop  (cost=6793.24..635866.94 rows=140647 width=16) (actual time=135.701..6359.802 rows=229080 loops=5)
                                                   ->  Parallel Bitmap Heap Scan on orders  (cost=6792.67..270190.03 rows=141957 width=8) (actual time=134.291..4181.287 rows=114632 loops=5)
                                                         Recheck Cond: ((o_orderdate >= '1994-08-01'::date) AND (o_orderdate < '1994-11-01'::date))
                                                         Heap Blocks: exact=45906
                                                         Worker 0:  Heap Blocks: exact=46561
                                                         Worker 1:  Heap Blocks: exact=46546
                                                         Worker 2:  Heap Blocks: exact=46927
                                                         Worker 3:  Heap Blocks: exact=47406
                                                         ->  Bitmap Index Scan on idx_orders_orderdate  (cost=0.00..6650.72 rows=567828 width=0) (actual time=86.142..86.142 rows=573160 loops=1)
                                                               Index Cond: ((o_orderdate >= '1994-08-01'::date) AND (o_orderdate < '1994-11-01'::date))
                                                   ->  Index Only Scan using q10_idx_2 on lineitem  (cost=0.56..2.57 rows=1 width=16) (actual time=0.018..0.018 rows=2 loops=573160)
                                                         Index Cond: ((l_orderkey = orders.o_orderkey) AND (l_returnflag = 'R'::bpchar))
                                                         Heap Fetches: 0
                                 ->  Hash  (cost=1.25..1.25 rows=25 width=30) (actual time=0.054..0.055 rows=25 loops=5)
                                       Buckets: 1024  Batches: 1  Memory Usage: 10kB
                                       ->  Seq Scan on nation  (cost=0.00..1.25 rows=25 width=30) (actual time=0.047..0.050 rows=25 loops=5)
 Planning Time: 33.040 ms
 Execution Time: 7975.591 ms
(41 rows)

SET
SET
SET
                                                                                            QUERY PLAN                                                                                            
--------------------------------------------------------------------------------------------------------------------------------------------------------------------------------------------------
 Limit  (cost=790342.32..790342.37 rows=20 width=202) (actual time=2984.287..3034.682 rows=20 loops=1)
   ->  Sort  (cost=790342.32..791748.79 rows=562588 width=202) (actual time=2984.286..3034.678 rows=20 loops=1)
         Sort Key: (sum((lineitem.l_extendedprice * ('1'::numeric - lineitem.l_discount)))) DESC
         Sort Method: top-N heapsort  Memory: 33kB
         ->  GroupAggregate  (cost=693946.08..775372.05 rows=562588 width=202) (actual time=2000.350..2916.532 rows=381205 loops=1)
               Group Key: customer.c_custkey, nation.n_name
               ->  Gather Merge  (cost=693946.08..761307.35 rows=562588 width=182) (actual time=2000.334..2270.600 rows=1145402 loops=1)
                     Workers Planned: 4
                     Workers Launched: 4
                     ->  Sort  (cost=692946.02..693297.64 rows=140647 width=182) (actual time=1982.488..2008.682 rows=229080 loops=5)
                           Sort Key: customer.c_custkey, nation.n_name
                           Sort Method: external merge  Disk: 54128kB
                           Worker 0:  Sort Method: external merge  Disk: 28160kB
                           Worker 1:  Sort Method: external merge  Disk: 48128kB
                           Worker 2:  Sort Method: external merge  Disk: 48784kB
                           Worker 3:  Sort Method: external merge  Disk: 39328kB
                           ->  Hash Join  (cost=637626.59..680919.49 rows=140647 width=182) (actual time=1588.563..1847.140 rows=229080 loops=5)
                                 Hash Cond: (customer.c_nationkey = nation.n_nationkey)
                                 ->  Parallel Hash Join  (cost=637625.03..680486.14 rows=140647 width=160) (actual time=1588.532..1797.812 rows=229080 loops=5)
                                       Hash Cond: (customer.c_custkey = orders.o_custkey)
                                       ->  Parallel Seq Scan on customer  (cost=0.00..39697.00 rows=375000 width=148) (actual time=0.031..49.552 rows=300000 loops=5)
                                       ->  Parallel Hash  (cost=635866.94..635866.94 rows=140647 width=16) (actual time=1587.001..1587.003 rows=229080 loops=5)
                                             Buckets: 2097152 (originally 1048576)  Batches: 1 (originally 1)  Memory Usage: 85216kB
                                             ->  Nested Loop  (cost=6793.24..635866.94 rows=140647 width=16) (actual time=131.229..1477.086 rows=229080 loops=5)
                                                   ->  Parallel Bitmap Heap Scan on orders  (cost=6792.67..270190.03 rows=141957 width=8) (actual time=131.144..485.126 rows=114632 loops=5)
                                                         Recheck Cond: ((o_orderdate >= '1994-08-01'::date) AND (o_orderdate < '1994-11-01'::date))
                                                         Heap Blocks: exact=50302
                                                         Worker 0:  Heap Blocks: exact=36372
                                                         Worker 1:  Heap Blocks: exact=49735
                                                         Worker 2:  Heap Blocks: exact=48203
                                                         Worker 3:  Heap Blocks: exact=48734
                                                         ->  Bitmap Index Scan on idx_orders_orderdate  (cost=0.00..6650.72 rows=567828 width=0) (actual time=82.282..82.282 rows=573160 loops=1)
                                                               Index Cond: ((o_orderdate >= '1994-08-01'::date) AND (o_orderdate < '1994-11-01'::date))
                                                   ->  Index Only Scan using q10_idx_2 on lineitem  (cost=0.56..2.57 rows=1 width=16) (actual time=0.008..0.008 rows=2 loops=573160)
                                                         Index Cond: ((l_orderkey = orders.o_orderkey) AND (l_returnflag = 'R'::bpchar))
                                                         Heap Fetches: 0
                                 ->  Hash  (cost=1.25..1.25 rows=25 width=30) (actual time=0.024..0.025 rows=25 loops=5)
                                       Buckets: 1024  Batches: 1  Memory Usage: 10kB
                                       ->  Seq Scan on nation  (cost=0.00..1.25 rows=25 width=30) (actual time=0.017..0.019 rows=25 loops=5)
 Planning Time: 2.813 ms
 Execution Time: 3041.446 ms
(41 rows)

query 11 run 1
SET
SET
SET
                                                                                      QUERY PLAN                                                                                       
---------------------------------------------------------------------------------------------------------------------------------------------------------------------------------------
 Limit  (cost=467658.94..467658.94 rows=1 width=36) (actual time=1959.386..1959.530 rows=0 loops=1)
   InitPlan 1
     ->  Finalize Aggregate  (cost=207455.49..207455.51 rows=1 width=32) (actual time=408.964..409.052 rows=1 loops=1)
           ->  Gather  (cost=207455.06..207455.47 rows=4 width=32) (actual time=408.858..409.043 rows=4 loops=1)
                 Workers Planned: 4
                 Workers Launched: 3
                 ->  Partial Aggregate  (cost=206455.06..206455.07 rows=1 width=32) (actual time=406.094..406.097 rows=1 loops=4)
                       ->  Hash Join  (cost=2341.31..205855.23 rows=79977 width=10) (actual time=4.331..387.305 rows=80200 loops=4)
                             Hash Cond: (partsupp_1.ps_suppkey = supplier_1.s_suppkey)
                             ->  Parallel Seq Scan on partsupp partsupp_1  (cost=0.00..195216.29 rows=1999429 width=14) (actual time=0.032..174.361 rows=2000000 loops=4)
                             ->  Hash  (cost=2291.31..2291.31 rows=4000 width=4) (actual time=4.279..4.280 rows=4010 loops=4)
                                   Buckets: 4096  Batches: 1  Memory Usage: 173kB
                                   ->  Nested Loop  (cost=39.29..2291.31 rows=4000 width=4) (actual time=0.870..3.839 rows=4010 loops=4)
                                         ->  Seq Scan on nation nation_1  (cost=0.00..1.31 rows=1 width=4) (actual time=0.015..0.017 rows=1 loops=4)
                                               Filter: (n_name = 'SAUDI ARABIA'::bpchar)
                                               Rows Removed by Filter: 24
                                         ->  Bitmap Heap Scan on supplier supplier_1  (cost=39.29..2250.00 rows=4000 width=8) (actual time=0.853..3.442 rows=4010 loops=4)
                                               Recheck Cond: (s_nationkey = nation_1.n_nationkey)
                                               Heap Blocks: exact=1869
                                               ->  Bitmap Index Scan on idx_supplier_nation_key  (cost=0.00..38.29 rows=4000 width=0) (actual time=0.591..0.591 rows=4010 loops=4)
                                                     Index Cond: (s_nationkey = nation_1.n_nationkey)
   ->  Sort  (cost=260203.43..260470.02 rows=106636 width=36) (actual time=1959.385..1959.440 rows=0 loops=1)
         Sort Key: (sum((partsupp.ps_supplycost * (partsupp.ps_availqty)::numeric))) DESC
         Sort Method: quicksort  Memory: 25kB
         ->  GroupAggregate  (cost=213368.34..259670.25 rows=106636 width=36) (actual time=1959.377..1959.432 rows=0 loops=1)
               Group Key: partsupp.ps_partkey
               Filter: (sum((partsupp.ps_supplycost * (partsupp.ps_availqty)::numeric)) > (InitPlan 1).col1)
               Rows Removed by Filter: 301833
               ->  Gather Merge  (cost=213368.34..251672.52 rows=319909 width=14) (actual time=1340.089..1381.953 rows=320800 loops=1)
                     Workers Planned: 4
                     Workers Launched: 4
                     ->  Sort  (cost=212368.28..212568.22 rows=79977 width=14) (actual time=1329.744..1332.573 rows=64160 loops=5)
                           Sort Key: partsupp.ps_partkey
                           Sort Method: quicksort  Memory: 3549kB
                           Worker 0:  Sort Method: quicksort  Memory: 3550kB
                           Worker 1:  Sort Method: quicksort  Memory: 3539kB
                           Worker 2:  Sort Method: quicksort  Memory: 3511kB
                           Worker 3:  Sort Method: quicksort  Memory: 3558kB
                           ->  Hash Join  (cost=2341.31..205855.23 rows=79977 width=14) (actual time=33.481..1321.000 rows=64160 loops=5)
                                 Hash Cond: (partsupp.ps_suppkey = supplier.s_suppkey)
                                 ->  Parallel Seq Scan on partsupp  (cost=0.00..195216.29 rows=1999429 width=18) (actual time=0.522..1088.397 rows=1600000 loops=5)
                                 ->  Hash  (cost=2291.31..2291.31 rows=4000 width=4) (actual time=32.928..32.929 rows=4010 loops=5)
                                       Buckets: 4096  Batches: 1  Memory Usage: 173kB
                                       ->  Nested Loop  (cost=39.29..2291.31 rows=4000 width=4) (actual time=1.081..31.858 rows=4010 loops=5)
                                             ->  Seq Scan on nation  (cost=0.00..1.31 rows=1 width=4) (actual time=0.070..0.073 rows=1 loops=5)
                                                   Filter: (n_name = 'SAUDI ARABIA'::bpchar)
                                                   Rows Removed by Filter: 24
                                             ->  Bitmap Heap Scan on supplier  (cost=39.29..2250.00 rows=4000 width=8) (actual time=1.007..31.175 rows=4010 loops=5)
                                                   Recheck Cond: (s_nationkey = nation.n_nationkey)
                                                   Heap Blocks: exact=1869
                                                   ->  Bitmap Index Scan on idx_supplier_nation_key  (cost=0.00..38.29 rows=4000 width=0) (actual time=0.692..0.692 rows=4010 loops=5)
                                                         Index Cond: (s_nationkey = nation.n_nationkey)
 Planning Time: 18.640 ms
 Execution Time: 1960.291 ms
(54 rows)

SET
SET
SET
                                                                                      QUERY PLAN                                                                                       
---------------------------------------------------------------------------------------------------------------------------------------------------------------------------------------
 Limit  (cost=467658.94..467658.94 rows=1 width=36) (actual time=1021.841..1021.985 rows=0 loops=1)
   InitPlan 1
     ->  Finalize Aggregate  (cost=207455.49..207455.51 rows=1 width=32) (actual time=403.378..403.466 rows=1 loops=1)
           ->  Gather  (cost=207455.06..207455.47 rows=4 width=32) (actual time=403.256..403.456 rows=4 loops=1)
                 Workers Planned: 4
                 Workers Launched: 3
                 ->  Partial Aggregate  (cost=206455.06..206455.07 rows=1 width=32) (actual time=400.450..400.453 rows=1 loops=4)
                       ->  Hash Join  (cost=2341.31..205855.23 rows=79977 width=10) (actual time=4.257..381.729 rows=80200 loops=4)
                             Hash Cond: (partsupp_1.ps_suppkey = supplier_1.s_suppkey)
                             ->  Parallel Seq Scan on partsupp partsupp_1  (cost=0.00..195216.29 rows=1999429 width=14) (actual time=0.038..173.540 rows=2000000 loops=4)
                             ->  Hash  (cost=2291.31..2291.31 rows=4000 width=4) (actual time=4.200..4.201 rows=4010 loops=4)
                                   Buckets: 4096  Batches: 1  Memory Usage: 173kB
                                   ->  Nested Loop  (cost=39.29..2291.31 rows=4000 width=4) (actual time=0.800..3.759 rows=4010 loops=4)
                                         ->  Seq Scan on nation nation_1  (cost=0.00..1.31 rows=1 width=4) (actual time=0.014..0.017 rows=1 loops=4)
                                               Filter: (n_name = 'SAUDI ARABIA'::bpchar)
                                               Rows Removed by Filter: 24
                                         ->  Bitmap Heap Scan on supplier supplier_1  (cost=39.29..2250.00 rows=4000 width=8) (actual time=0.784..3.360 rows=4010 loops=4)
                                               Recheck Cond: (s_nationkey = nation_1.n_nationkey)
                                               Heap Blocks: exact=1869
                                               ->  Bitmap Index Scan on idx_supplier_nation_key  (cost=0.00..38.29 rows=4000 width=0) (actual time=0.546..0.547 rows=4010 loops=4)
                                                     Index Cond: (s_nationkey = nation_1.n_nationkey)
   ->  Sort  (cost=260203.43..260470.02 rows=106636 width=36) (actual time=1021.840..1021.895 rows=0 loops=1)
         Sort Key: (sum((partsupp.ps_supplycost * (partsupp.ps_availqty)::numeric))) DESC
         Sort Method: quicksort  Memory: 25kB
         ->  GroupAggregate  (cost=213368.34..259670.25 rows=106636 width=36) (actual time=1021.833..1021.887 rows=0 loops=1)
               Group Key: partsupp.ps_partkey
               Filter: (sum((partsupp.ps_supplycost * (partsupp.ps_availqty)::numeric)) > (InitPlan 1).col1)
               Rows Removed by Filter: 301833
               ->  Gather Merge  (cost=213368.34..251672.52 rows=319909 width=14) (actual time=407.973..449.267 rows=320800 loops=1)
                     Workers Planned: 4
                     Workers Launched: 4
                     ->  Sort  (cost=212368.28..212568.22 rows=79977 width=14) (actual time=403.582..406.395 rows=64160 loops=5)
                           Sort Key: partsupp.ps_partkey
                           Sort Method: quicksort  Memory: 3382kB
                           Worker 0:  Sort Method: quicksort  Memory: 2949kB
                           Worker 1:  Sort Method: quicksort  Memory: 5228kB
                           Worker 2:  Sort Method: quicksort  Memory: 5529kB
                           Worker 3:  Sort Method: quicksort  Memory: 5227kB
                           ->  Hash Join  (cost=2341.31..205855.23 rows=79977 width=14) (actual time=5.748..393.443 rows=64160 loops=5)
                                 Hash Cond: (partsupp.ps_suppkey = supplier.s_suppkey)
                                 ->  Parallel Seq Scan on partsupp  (cost=0.00..195216.29 rows=1999429 width=18) (actual time=0.035..168.161 rows=1600000 loops=5)
                                 ->  Hash  (cost=2291.31..2291.31 rows=4000 width=4) (actual time=5.694..5.696 rows=4010 loops=5)
                                       Buckets: 4096  Batches: 1  Memory Usage: 173kB
                                       ->  Nested Loop  (cost=39.29..2291.31 rows=4000 width=4) (actual time=1.517..5.242 rows=4010 loops=5)
                                             ->  Seq Scan on nation  (cost=0.00..1.31 rows=1 width=4) (actual time=0.015..0.018 rows=1 loops=5)
                                                   Filter: (n_name = 'SAUDI ARABIA'::bpchar)
                                                   Rows Removed by Filter: 24
                                             ->  Bitmap Heap Scan on supplier  (cost=39.29..2250.00 rows=4000 width=8) (actual time=1.499..4.563 rows=4010 loops=5)
                                                   Recheck Cond: (s_nationkey = nation.n_nationkey)
                                                   Heap Blocks: exact=1869
                                                   ->  Bitmap Index Scan on idx_supplier_nation_key  (cost=0.00..38.29 rows=4000 width=0) (actual time=1.261..1.261 rows=4010 loops=5)
                                                         Index Cond: (s_nationkey = nation.n_nationkey)
 Planning Time: 1.477 ms
 Execution Time: 1022.060 ms
(54 rows)

query 12 run 1
SET
SET
SET
                                                                                     QUERY PLAN                                                                                     
------------------------------------------------------------------------------------------------------------------------------------------------------------------------------------
 Limit  (cost=155878.08..344400.02 rows=1 width=27) (actual time=11559.488..11564.726 rows=1 loops=1)
   ->  GroupAggregate  (cost=155878.08..1475531.63 rows=7 width=27) (actual time=11559.486..11564.724 rows=1 loops=1)
         Group Key: lineitem.l_shipmode
         ->  Nested Loop  (cost=155878.08..1470449.17 rows=290422 width=27) (actual time=574.874..11451.822 rows=155572 loops=1)
               ->  Gather Merge  (cost=155877.64..190651.22 rows=290422 width=15) (actual time=574.195..674.112 rows=155572 loops=1)
                     Workers Planned: 4
                     Workers Launched: 4
                     ->  Sort  (cost=154877.59..155059.10 rows=72606 width=15) (actual time=564.974..568.035 rows=32259 loops=5)
                           Sort Key: lineitem.l_shipmode
                           Sort Method: quicksort  Memory: 3386kB
                           Worker 0:  Sort Method: quicksort  Memory: 5255kB
                           Worker 1:  Sort Method: quicksort  Memory: 3293kB
                           Worker 2:  Sort Method: quicksort  Memory: 3504kB
                           Worker 3:  Sort Method: quicksort  Memory: 3507kB
                           ->  Parallel Index Only Scan using q12_idx_1 on lineitem  (cost=0.43..149015.45 rows=72606 width=15) (actual time=0.257..553.288 rows=62252 loops=5)
                                 Index Cond: ((l_shipmode = ANY ('{SHIP,"REG AIR"}'::bpchar[])) AND (l_receiptdate >= '1994-01-01'::date) AND (l_receiptdate < '1995-01-01'::date))
                                 Heap Fetches: 0
               ->  Index Scan using q21_idx_3 on orders  (cost=0.43..4.41 rows=1 width=20) (actual time=0.068..0.068 rows=1 loops=155572)
                     Index Cond: (o_orderkey = lineitem.l_orderkey)
 Planning Time: 27.251 ms
 Execution Time: 11565.094 ms
(21 rows)

SET
SET
SET
                                                                                     QUERY PLAN                                                                                     
------------------------------------------------------------------------------------------------------------------------------------------------------------------------------------
 Limit  (cost=155878.08..344400.02 rows=1 width=27) (actual time=847.070..853.132 rows=1 loops=1)
   ->  GroupAggregate  (cost=155878.08..1475531.63 rows=7 width=27) (actual time=847.069..853.130 rows=1 loops=1)
         Group Key: lineitem.l_shipmode
         ->  Nested Loop  (cost=155878.08..1470449.17 rows=290422 width=27) (actual time=342.636..813.976 rows=155572 loops=1)
               ->  Gather Merge  (cost=155877.64..190651.22 rows=290422 width=15) (actual time=342.599..385.424 rows=155572 loops=1)
                     Workers Planned: 4
                     Workers Launched: 4
                     ->  Sort  (cost=154877.59..155059.10 rows=72606 width=15) (actual time=336.746..338.540 rows=32250 loops=5)
                           Sort Key: lineitem.l_shipmode
                           Sort Method: quicksort  Memory: 3117kB
                           Worker 0:  Sort Method: quicksort  Memory: 5430kB
                           Worker 1:  Sort Method: quicksort  Memory: 5399kB
                           Worker 2:  Sort Method: quicksort  Memory: 3421kB
                           Worker 3:  Sort Method: quicksort  Memory: 3114kB
                           ->  Parallel Index Only Scan using q12_idx_1 on lineitem  (cost=0.43..149015.45 rows=72606 width=15) (actual time=0.766..326.376 rows=62252 loops=5)
                                 Index Cond: ((l_shipmode = ANY ('{SHIP,"REG AIR"}'::bpchar[])) AND (l_receiptdate >= '1994-01-01'::date) AND (l_receiptdate < '1995-01-01'::date))
                                 Heap Fetches: 0
               ->  Index Scan using q21_idx_3 on orders  (cost=0.43..4.41 rows=1 width=20) (actual time=0.002..0.002 rows=1 loops=155572)
                     Index Cond: (o_orderkey = lineitem.l_orderkey)
 Planning Time: 1.568 ms
 Execution Time: 853.200 ms
(21 rows)

query 13 run 1
SET
SET
SET
                                                                                    QUERY PLAN                                                                                     
-----------------------------------------------------------------------------------------------------------------------------------------------------------------------------------
 Limit  (cost=1421474.24..1421474.24 rows=1 width=16) (actual time=16543.311..16543.314 rows=1 loops=1)
   ->  Sort  (cost=1421474.24..1421474.74 rows=200 width=16) (actual time=16543.309..16543.311 rows=1 loops=1)
         Sort Key: (count(*)) DESC, (count(orders.o_orderkey)) DESC
         Sort Method: top-N heapsort  Memory: 25kB
         ->  HashAggregate  (cost=1421471.24..1421473.24 rows=200 width=16) (actual time=16543.281..16543.288 rows=46 loops=1)
               Group Key: count(orders.o_orderkey)
               Batches: 1  Memory Usage: 40kB
               ->  HashAggregate  (cost=1267989.82..1398971.27 rows=1499998 width=12) (actual time=14423.458..16375.745 rows=1500000 loops=1)
                     Group Key: customer.c_custkey
                     Planned Partitions: 4  Batches: 5  Memory Usage: 65585kB  Disk Usage: 212480kB
                     ->  Hash Right Join  (cost=55342.37..664886.18 rows=14845628 width=8) (actual time=363.621..10616.996 rows=15337604 loops=1)
                           Hash Cond: (orders.o_custkey = customer.c_custkey)
                           ->  Seq Scan on orders  (cost=0.00..448731.93 rows=14845628 width=8) (actual time=0.783..4986.947 rows=14837583 loops=1)
                                 Filter: ((o_comment)::text !~~ '%special%requests%'::text)
                                 Rows Removed by Filter: 162417
                           ->  Hash  (cost=30732.40..30732.40 rows=1499998 width=4) (actual time=360.232..360.233 rows=1500000 loops=1)
                                 Buckets: 2097152  Batches: 2  Memory Usage: 42747kB
                                 ->  Index Only Scan using customer_pkey on customer  (cost=0.43..30732.40 rows=1499998 width=4) (actual time=0.465..166.727 rows=1500000 loops=1)
                                       Heap Fetches: 0
 Planning Time: 18.246 ms
 Execution Time: 16577.454 ms
(21 rows)

SET
SET
SET
                                                                                    QUERY PLAN                                                                                     
-----------------------------------------------------------------------------------------------------------------------------------------------------------------------------------
 Limit  (cost=1421474.24..1421474.24 rows=1 width=16) (actual time=15993.402..15993.405 rows=1 loops=1)
   ->  Sort  (cost=1421474.24..1421474.74 rows=200 width=16) (actual time=15993.401..15993.403 rows=1 loops=1)
         Sort Key: (count(*)) DESC, (count(orders.o_orderkey)) DESC
         Sort Method: top-N heapsort  Memory: 25kB
         ->  HashAggregate  (cost=1421471.24..1421473.24 rows=200 width=16) (actual time=15993.373..15993.381 rows=46 loops=1)
               Group Key: count(orders.o_orderkey)
               Batches: 1  Memory Usage: 40kB
               ->  HashAggregate  (cost=1267989.82..1398971.27 rows=1499998 width=12) (actual time=13867.501..15824.657 rows=1500000 loops=1)
                     Group Key: customer.c_custkey
                     Planned Partitions: 4  Batches: 5  Memory Usage: 65585kB  Disk Usage: 212480kB
                     ->  Hash Right Join  (cost=55342.37..664886.18 rows=14845628 width=8) (actual time=326.315..10087.871 rows=15337604 loops=1)
                           Hash Cond: (orders.o_custkey = customer.c_custkey)
                           ->  Seq Scan on orders  (cost=0.00..448731.93 rows=14845628 width=8) (actual time=0.037..4518.349 rows=14837583 loops=1)
                                 Filter: ((o_comment)::text !~~ '%special%requests%'::text)
                                 Rows Removed by Filter: 162417
                           ->  Hash  (cost=30732.40..30732.40 rows=1499998 width=4) (actual time=323.731..323.732 rows=1500000 loops=1)
                                 Buckets: 2097152  Batches: 2  Memory Usage: 42747kB
                                 ->  Index Only Scan using customer_pkey on customer  (cost=0.43..30732.40 rows=1499998 width=4) (actual time=0.028..133.320 rows=1500000 loops=1)
                                       Heap Fetches: 0
 Planning Time: 0.900 ms
 Execution Time: 16027.111 ms
(21 rows)

query 14 run 1
SET
SET
SET
                                                                                  QUERY PLAN                                                                                  
------------------------------------------------------------------------------------------------------------------------------------------------------------------------------
 Limit  (cost=946257.25..946257.26 rows=1 width=32) (actual time=5376.920..5408.231 rows=1 loops=1)
   ->  Finalize Aggregate  (cost=946257.25..946257.26 rows=1 width=32) (actual time=5376.918..5408.229 rows=1 loops=1)
         ->  Gather  (cost=946256.79..946257.20 rows=4 width=64) (actual time=5369.914..5408.204 rows=5 loops=1)
               Workers Planned: 4
               Workers Launched: 4
               ->  Partial Aggregate  (cost=945256.79..945256.80 rows=1 width=64) (actual time=5362.190..5362.192 rows=1 loops=5)
                     ->  Parallel Hash Join  (cost=66466.65..941789.90 rows=198108 width=33) (actual time=668.837..5220.430 rows=154588 loops=5)
                           Hash Cond: (lineitem.l_partkey = part.p_partkey)
                           ->  Parallel Bitmap Heap Scan on lineitem  (cost=14234.97..889038.19 rows=198108 width=16) (actual time=290.542..4666.348 rows=154588 loops=5)
                                 Recheck Cond: ((l_shipdate >= '1994-05-01'::date) AND (l_shipdate < '1994-06-01'::date))
                                 Heap Blocks: exact=86415
                                 Worker 0:  Heap Blocks: exact=82180
                                 Worker 1:  Heap Blocks: exact=81107
                                 Worker 2:  Heap Blocks: exact=80621
                                 Worker 3:  Heap Blocks: exact=86246
                                 ->  Bitmap Index Scan on idx_lineitem_shipdate  (cost=0.00..14036.86 rows=792430 width=0) (actual time=190.834..190.834 rows=772942 loops=1)
                                       Index Cond: ((l_shipdate >= '1994-05-01'::date) AND (l_shipdate < '1994-06-01'::date))
                           ->  Parallel Hash  (cost=45981.30..45981.30 rows=500030 width=25) (actual time=376.110..376.110 rows=400000 loops=5)
                                 Buckets: 2097152  Batches: 1  Memory Usage: 137344kB
                                 ->  Parallel Seq Scan on part  (cost=0.00..45981.30 rows=500030 width=25) (actual time=0.423..223.616 rows=400000 loops=5)
 Planning Time: 30.800 ms
 Execution Time: 5408.627 ms
(22 rows)

SET
SET
SET
                                                                                  QUERY PLAN                                                                                  
------------------------------------------------------------------------------------------------------------------------------------------------------------------------------
 Limit  (cost=946257.25..946257.26 rows=1 width=32) (actual time=1630.594..1663.307 rows=1 loops=1)
   ->  Finalize Aggregate  (cost=946257.25..946257.26 rows=1 width=32) (actual time=1630.593..1663.304 rows=1 loops=1)
         ->  Gather  (cost=946256.79..946257.20 rows=4 width=64) (actual time=1624.937..1663.281 rows=5 loops=1)
               Workers Planned: 4
               Workers Launched: 4
               ->  Partial Aggregate  (cost=945256.79..945256.80 rows=1 width=64) (actual time=1619.878..1619.881 rows=1 loops=5)
                     ->  Parallel Hash Join  (cost=66466.65..941789.90 rows=198108 width=33) (actual time=519.068..1526.923 rows=154588 loops=5)
                           Hash Cond: (lineitem.l_partkey = part.p_partkey)
                           ->  Parallel Bitmap Heap Scan on lineitem  (cost=14234.97..889038.19 rows=198108 width=16) (actual time=270.639..1127.780 rows=154588 loops=5)
                                 Recheck Cond: ((l_shipdate >= '1994-05-01'::date) AND (l_shipdate < '1994-06-01'::date))
                                 Heap Blocks: exact=88539
                                 Worker 0:  Heap Blocks: exact=79202
                                 Worker 1:  Heap Blocks: exact=83427
                                 Worker 2:  Heap Blocks: exact=83006
                                 Worker 3:  Heap Blocks: exact=82395
                                 ->  Bitmap Index Scan on idx_lineitem_shipdate  (cost=0.00..14036.86 rows=792430 width=0) (actual time=171.358..171.358 rows=772942 loops=1)
                                       Index Cond: ((l_shipdate >= '1994-05-01'::date) AND (l_shipdate < '1994-06-01'::date))
                           ->  Parallel Hash  (cost=45981.30..45981.30 rows=500030 width=25) (actual time=246.203..246.203 rows=400000 loops=5)
                                 Buckets: 2097152  Batches: 1  Memory Usage: 137312kB
                                 ->  Parallel Seq Scan on part  (cost=0.00..45981.30 rows=500030 width=25) (actual time=0.065..80.059 rows=400000 loops=5)
 Planning Time: 1.952 ms
 Execution Time: 1663.355 ms
(22 rows)

query 15 run 1
SET
SET
SET
CREATE VIEW
                                                                                       QUERY PLAN                                                                                       
----------------------------------------------------------------------------------------------------------------------------------------------------------------------------------------
 Limit  (cost=2751677.89..2751785.94 rows=1 width=103) (actual time=13086.651..13129.672 rows=1 loops=1)
   InitPlan 1
     ->  Aggregate  (cost=1394452.04..1394452.05 rows=1 width=32) (actual time=2815.070..2824.091 rows=1 loops=1)
           ->  Finalize HashAggregate  (cost=1391949.89..1393200.96 rows=100086 width=36) (actual time=2773.602..2818.305 rows=100000 loops=1)
                 Group Key: lineitem_1.l_suppkey
                 Batches: 1  Memory Usage: 56337kB
                 ->  Gather  (cost=1347661.83..1388947.31 rows=400344 width=36) (actual time=2465.125..2545.823 rows=398551 loops=1)
                       Workers Planned: 4
                       Workers Launched: 3
                       ->  Partial HashAggregate  (cost=1346661.83..1347912.91 rows=100086 width=36) (actual time=2460.172..2506.046 rows=99638 loops=4)
                             Group Key: lineitem_1.l_suppkey
                             Batches: 1  Memory Usage: 39953kB
                             Worker 0:  Batches: 1  Memory Usage: 43025kB
                             Worker 1:  Batches: 1  Memory Usage: 39953kB
                             Worker 2:  Batches: 1  Memory Usage: 39953kB
                             ->  Parallel Bitmap Heap Scan on lineitem lineitem_1  (cost=41234.36..1340922.85 rows=573898 width=16) (actual time=428.302..2021.564 rows=566428 loops=4)
                                   Recheck Cond: ((l_shipdate >= '1996-01-01'::date) AND (l_shipdate < '1996-04-01'::date))
                                   Rows Removed by Index Recheck: 3305913
                                   Heap Blocks: exact=105572 lossy=71097
                                   Worker 0:  Heap Blocks: exact=98824 lossy=65375
                                   Worker 1:  Heap Blocks: exact=97587 lossy=65024
                                   Worker 2:  Heap Blocks: exact=99170 lossy=65609
                                   ->  Bitmap Index Scan on idx_lineitem_shipdate  (cost=0.00..40660.47 rows=2295590 width=0) (actual time=338.411..338.412 rows=2265714 loops=1)
                                         Index Cond: ((l_shipdate >= '1996-01-01'::date) AND (l_shipdate < '1996-04-01'::date))
   ->  Nested Loop  (cost=1357225.84..1411250.46 rows=500 width=103) (actual time=13086.649..13120.648 rows=1 loops=1)
         ->  Finalize GroupAggregate  (cost=1357225.55..1409664.46 rows=500 width=36) (actual time=13085.863..13119.860 rows=1 loops=1)
               Group Key: lineitem.l_suppkey
               Filter: (sum((lineitem.l_extendedprice * ('1'::numeric - lineitem.l_discount))) = (InitPlan 1).col1)
               Rows Removed by Filter: 69997
               ->  Gather Merge  (cost=1357225.55..1405160.59 rows=400344 width=36) (actual time=10081.084..10177.389 rows=346365 loops=1)
                     Workers Planned: 4
                     Workers Launched: 4
                     ->  Sort  (cost=1356225.49..1356475.71 rows=100086 width=36) (actual time=10050.582..10057.992 rows=69775 loops=5)
                           Sort Key: lineitem.l_suppkey
                           Sort Method: quicksort  Memory: 11581kB
                           Worker 0:  Sort Method: quicksort  Memory: 11573kB
                           Worker 1:  Sort Method: quicksort  Memory: 11580kB
                           Worker 2:  Sort Method: quicksort  Memory: 11579kB
                           Worker 3:  Sort Method: quicksort  Memory: 11574kB
                           ->  Partial HashAggregate  (cost=1346661.83..1347912.91 rows=100086 width=36) (actual time=9965.411..10025.504 rows=98965 loops=5)
                                 Group Key: lineitem.l_suppkey
                                 Batches: 1  Memory Usage: 39953kB
                                 Worker 0:  Batches: 1  Memory Usage: 43025kB
                                 Worker 1:  Batches: 1  Memory Usage: 39953kB
                                 Worker 2:  Batches: 1  Memory Usage: 39953kB
                                 Worker 3:  Batches: 1  Memory Usage: 39953kB
                                 ->  Parallel Bitmap Heap Scan on lineitem  (cost=41234.36..1340922.85 rows=573898 width=16) (actual time=478.133..9485.403 rows=453143 loops=5)
                                       Recheck Cond: ((l_shipdate >= '1996-01-01'::date) AND (l_shipdate < '1996-04-01'::date))
                                       Rows Removed by Index Recheck: 2644730
                                       Heap Blocks: exact=79564 lossy=52905
                                       Worker 0:  Heap Blocks: exact=79671 lossy=52893
                                       Worker 1:  Heap Blocks: exact=80878 lossy=54288
                                       Worker 2:  Heap Blocks: exact=80543 lossy=53454
                                       Worker 3:  Heap Blocks: exact=80497 lossy=53565
                                       ->  Bitmap Index Scan on idx_lineitem_shipdate  (cost=0.00..40660.47 rows=2295590 width=0) (actual time=392.464..392.464 rows=2265714 loops=1)
                                             Index Cond: ((l_shipdate >= '1996-01-01'::date) AND (l_shipdate < '1996-04-01'::date))
         ->  Index Scan using supplier_pkey on supplier  (cost=0.29..3.16 rows=1 width=71) (actual time=0.780..0.780 rows=1 loops=1)
               Index Cond: (s_suppkey = lineitem.l_suppkey)
 Planning Time: 23.556 ms
 Execution Time: 13132.097 ms
(60 rows)

DROP VIEW
SET
SET
SET
CREATE VIEW
                                                                                       QUERY PLAN                                                                                       
----------------------------------------------------------------------------------------------------------------------------------------------------------------------------------------
 Limit  (cost=2751677.89..2751785.94 rows=1 width=103) (actual time=5783.964..5830.948 rows=1 loops=1)
   InitPlan 1
     ->  Aggregate  (cost=1394452.04..1394452.05 rows=1 width=32) (actual time=2825.649..2834.650 rows=1 loops=1)
           ->  Finalize HashAggregate  (cost=1391949.89..1393200.96 rows=100086 width=36) (actual time=2782.036..2828.837 rows=100000 loops=1)
                 Group Key: lineitem_1.l_suppkey
                 Batches: 1  Memory Usage: 54289kB
                 ->  Gather  (cost=1347661.83..1388947.31 rows=400344 width=36) (actual time=2470.654..2551.737 rows=398577 loops=1)
                       Workers Planned: 4
                       Workers Launched: 3
                       ->  Partial HashAggregate  (cost=1346661.83..1347912.91 rows=100086 width=36) (actual time=2465.658..2511.448 rows=99644 loops=4)
                             Group Key: lineitem_1.l_suppkey
                             Batches: 1  Memory Usage: 39953kB
                             Worker 0:  Batches: 1  Memory Usage: 43025kB
                             Worker 1:  Batches: 1  Memory Usage: 39953kB
                             Worker 2:  Batches: 1  Memory Usage: 39953kB
                             ->  Parallel Bitmap Heap Scan on lineitem lineitem_1  (cost=41234.36..1340922.85 rows=573898 width=16) (actual time=429.201..2029.814 rows=566428 loops=4)
                                   Recheck Cond: ((l_shipdate >= '1996-01-01'::date) AND (l_shipdate < '1996-04-01'::date))
                                   Rows Removed by Index Recheck: 3305913
                                   Heap Blocks: exact=106006 lossy=70833
                                   Worker 0:  Heap Blocks: exact=97675 lossy=64934
                                   Worker 1:  Heap Blocks: exact=99176 lossy=65445
                                   Worker 2:  Heap Blocks: exact=98296 lossy=65893
                                   ->  Bitmap Index Scan on idx_lineitem_shipdate  (cost=0.00..40660.47 rows=2295590 width=0) (actual time=339.052..339.052 rows=2265714 loops=1)
                                         Index Cond: ((l_shipdate >= '1996-01-01'::date) AND (l_shipdate < '1996-04-01'::date))
   ->  Nested Loop  (cost=1357225.84..1411250.46 rows=500 width=103) (actual time=5783.962..5821.944 rows=1 loops=1)
         ->  Finalize GroupAggregate  (cost=1357225.55..1409664.46 rows=500 width=36) (actual time=5783.908..5821.889 rows=1 loops=1)
               Group Key: lineitem.l_suppkey
               Filter: (sum((lineitem.l_extendedprice * ('1'::numeric - lineitem.l_discount))) = (InitPlan 1).col1)
               Rows Removed by Filter: 69997
               ->  Gather Merge  (cost=1357225.55..1405160.59 rows=400344 width=36) (actual time=2773.775..2873.653 rows=346155 loops=1)
                     Workers Planned: 4
                     Workers Launched: 4
                     ->  Sort  (cost=1356225.49..1356475.71 rows=100086 width=36) (actual time=2746.797..2753.883 rows=69708 loops=5)
                           Sort Key: lineitem.l_suppkey
                           Sort Method: quicksort  Memory: 11561kB
                           Worker 0:  Sort Method: quicksort  Memory: 11573kB
                           Worker 1:  Sort Method: quicksort  Memory: 11557kB
                           Worker 2:  Sort Method: quicksort  Memory: 11596kB
                           Worker 3:  Sort Method: quicksort  Memory: 11571kB
                           ->  Partial HashAggregate  (cost=1346661.83..1347912.91 rows=100086 width=36) (actual time=2661.915..2720.999 rows=98898 loops=5)
                                 Group Key: lineitem.l_suppkey
                                 Batches: 1  Memory Usage: 39953kB
                                 Worker 0:  Batches: 1  Memory Usage: 43025kB
                                 Worker 1:  Batches: 1  Memory Usage: 39953kB
                                 Worker 2:  Batches: 1  Memory Usage: 39953kB
                                 Worker 3:  Batches: 1  Memory Usage: 39953kB
                                 ->  Parallel Bitmap Heap Scan on lineitem  (cost=41234.36..1340922.85 rows=573898 width=16) (actual time=435.969..2225.237 rows=453143 loops=5)
                                       Recheck Cond: ((l_shipdate >= '1996-01-01'::date) AND (l_shipdate < '1996-04-01'::date))
                                       Rows Removed by Index Recheck: 2644730
                                       Heap Blocks: exact=77544 lossy=51342
                                       Worker 0:  Heap Blocks: exact=80488 lossy=53661
                                       Worker 1:  Heap Blocks: exact=77300 lossy=51675
                                       Worker 2:  Heap Blocks: exact=85085 lossy=57013
                                       Worker 3:  Heap Blocks: exact=80736 lossy=53414
                                       ->  Bitmap Index Scan on idx_lineitem_shipdate  (cost=0.00..40660.47 rows=2295590 width=0) (actual time=348.257..348.257 rows=2265714 loops=1)
                                             Index Cond: ((l_shipdate >= '1996-01-01'::date) AND (l_shipdate < '1996-04-01'::date))
         ->  Index Scan using supplier_pkey on supplier  (cost=0.29..3.16 rows=1 width=71) (actual time=0.049..0.050 rows=1 loops=1)
               Index Cond: (s_suppkey = lineitem.l_suppkey)
 Planning Time: 1.774 ms
 Execution Time: 5833.252 ms
(60 rows)

DROP VIEW
query 16 run 1
SET
SET
SET
                                                                                            QUERY PLAN                                                                                            
--------------------------------------------------------------------------------------------------------------------------------------------------------------------------------------------------
 Limit  (cost=261356.39..261356.39 rows=1 width=44) (actual time=2814.766..2822.136 rows=1 loops=1)
   ->  Sort  (cost=261356.39..261738.88 rows=152996 width=44) (actual time=2814.765..2822.134 rows=1 loops=1)
         Sort Key: (count(DISTINCT partsupp.ps_suppkey)) DESC, part.p_brand, part.p_type, part.p_size
         Sort Method: top-N heapsort  Memory: 25kB
         ->  GroupAggregate  (cost=182937.96..260591.41 rows=152996 width=44) (actual time=2181.984..2816.934 rows=27838 loops=1)
               Group Key: part.p_brand, part.p_type, part.p_size
               ->  Gather Merge  (cost=182937.96..253193.82 rows=586763 width=40) (actual time=2181.933..2671.061 rows=1186319 loops=1)
                     Workers Planned: 4
                     Workers Launched: 4
                     ->  Sort  (cost=181937.91..182304.63 rows=146691 width=40) (actual time=2021.206..2036.725 rows=237264 loops=5)
                           Sort Key: part.p_brand, part.p_type, part.p_size, partsupp.ps_suppkey
                           Sort Method: quicksort  Memory: 18905kB
                           Worker 0:  Sort Method: quicksort  Memory: 20433kB
                           Worker 1:  Sort Method: quicksort  Memory: 19995kB
                           Worker 2:  Sort Method: quicksort  Memory: 21565kB
                           Worker 3:  Sort Method: quicksort  Memory: 19816kB
                           ->  Parallel Hash Join  (cost=57870.35..169350.04 rows=146691 width=40) (actual time=333.314..1079.305 rows=237264 loops=5)
                                 Hash Cond: (partsupp.ps_partkey = part.p_partkey)
                                 ->  Parallel Index Only Scan using partsupp_pkey on partsupp  (cost=3471.46..112326.90 rows=999714 width=8) (actual time=38.315..596.088 rows=1599104 loops=5)
                                       Filter: (NOT (ANY (ps_suppkey = (hashed SubPlan 1).col1)))
                                       Rows Removed by Filter: 896
                                       Heap Fetches: 0
                                       SubPlan 1
                                         ->  Seq Scan on supplier  (cost=0.00..3471.00 rows=10 width=4) (actual time=1.952..37.417 rows=56 loops=5)
                                               Filter: ((s_comment)::text ~~ '%Customer%Complaints%'::text)
                                               Rows Removed by Filter: 99944
                                 ->  Parallel Hash  (cost=53481.76..53481.76 rows=73371 width=40) (actual time=294.312..294.313 rows=59347 loops=5)
                                       Buckets: 524288  Batches: 1  Memory Usage: 26368kB
                                       ->  Parallel Seq Scan on part  (cost=0.00..53481.76 rows=73371 width=40) (actual time=0.629..271.437 rows=59347 loops=5)
                                             Filter: ((p_brand <> 'Brand#12'::bpchar) AND ((p_type)::text !~~ 'SMALL BRUSHED%'::text) AND (p_size = ANY ('{12,32,36,26,40,34,49,9}'::integer[])))
                                             Rows Removed by Filter: 340653
 Planning Time: 22.312 ms
 Execution Time: 2822.513 ms
(33 rows)

SET
SET
SET
                                                                                            QUERY PLAN                                                                                            
--------------------------------------------------------------------------------------------------------------------------------------------------------------------------------------------------
 Limit  (cost=261356.39..261356.39 rows=1 width=44) (actual time=2478.199..2483.993 rows=1 loops=1)
   ->  Sort  (cost=261356.39..261738.88 rows=152996 width=44) (actual time=2478.198..2483.991 rows=1 loops=1)
         Sort Key: (count(DISTINCT partsupp.ps_suppkey)) DESC, part.p_brand, part.p_type, part.p_size
         Sort Method: top-N heapsort  Memory: 25kB
         ->  GroupAggregate  (cost=182937.96..260591.41 rows=152996 width=44) (actual time=1837.654..2478.609 rows=27838 loops=1)
               Group Key: part.p_brand, part.p_type, part.p_size
               ->  Gather Merge  (cost=182937.96..253193.82 rows=586763 width=40) (actual time=1837.601..2332.590 rows=1186319 loops=1)
                     Workers Planned: 4
                     Workers Launched: 4
                     ->  Sort  (cost=181937.91..182304.63 rows=146691 width=40) (actual time=1758.263..1773.769 rows=237264 loops=5)
                           Sort Key: part.p_brand, part.p_type, part.p_size, partsupp.ps_suppkey
                           Sort Method: quicksort  Memory: 18210kB
                           Worker 0:  Sort Method: quicksort  Memory: 25532kB
                           Worker 1:  Sort Method: quicksort  Memory: 21494kB
                           Worker 2:  Sort Method: quicksort  Memory: 20315kB
                           Worker 3:  Sort Method: quicksort  Memory: 18335kB
                           ->  Parallel Hash Join  (cost=57870.35..169350.04 rows=146691 width=40) (actual time=183.401..792.726 rows=237264 loops=5)
                                 Hash Cond: (partsupp.ps_partkey = part.p_partkey)
                                 ->  Parallel Index Only Scan using partsupp_pkey on partsupp  (cost=3471.46..112326.90 rows=999714 width=8) (actual time=25.775..439.820 rows=1599104 loops=5)
                                       Filter: (NOT (ANY (ps_suppkey = (hashed SubPlan 1).col1)))
                                       Rows Removed by Filter: 896
                                       Heap Fetches: 0
                                       SubPlan 1
                                         ->  Seq Scan on supplier  (cost=0.00..3471.00 rows=10 width=4) (actual time=0.082..25.689 rows=56 loops=5)
                                               Filter: ((s_comment)::text ~~ '%Customer%Complaints%'::text)
                                               Rows Removed by Filter: 99944
                                 ->  Parallel Hash  (cost=53481.76..53481.76 rows=73371 width=40) (actual time=156.886..156.887 rows=59347 loops=5)
                                       Buckets: 524288  Batches: 1  Memory Usage: 26400kB
                                       ->  Parallel Seq Scan on part  (cost=0.00..53481.76 rows=73371 width=40) (actual time=0.018..124.780 rows=59347 loops=5)
                                             Filter: ((p_brand <> 'Brand#12'::bpchar) AND ((p_type)::text !~~ 'SMALL BRUSHED%'::text) AND (p_size = ANY ('{12,32,36,26,40,34,49,9}'::integer[])))
                                             Rows Removed by Filter: 340653
 Planning Time: 1.129 ms
 Execution Time: 2484.062 ms
(33 rows)

query 17 run 1
SET
SET
SET
                                                                                              QUERY PLAN                                                                                              
------------------------------------------------------------------------------------------------------------------------------------------------------------------------------------------------------
 Limit  (cost=1743814.51..1743814.53 rows=1 width=32) (actual time=32977.411..32977.510 rows=1 loops=1)
   ->  Finalize Aggregate  (cost=1743814.51..1743814.53 rows=1 width=32) (actual time=32977.410..32977.509 rows=1 loops=1)
         ->  Gather  (cost=1743814.08..1743814.49 rows=4 width=32) (actual time=32977.398..32977.501 rows=5 loops=1)
               Workers Planned: 4
               Workers Launched: 4
               ->  Partial Aggregate  (cost=1742814.08..1742814.09 rows=1 width=32) (actual time=32838.693..32838.695 rows=1 loops=5)
                     ->  Nested Loop  (cost=48504.12..1742803.34 rows=4297 width=8) (actual time=1410.894..32838.286 rows=1064 loops=5)
                           Join Filter: (part.p_partkey = lineitem.l_partkey)
                           ->  Merge Join  (cost=48503.55..1741456.97 rows=430 width=40) (actual time=1407.976..31657.921 rows=399 loops=5)
                                 Merge Cond: (part.p_partkey = lineitem_1.l_partkey)
                                 ->  Sort  (cost=48502.99..48504.19 rows=483 width=4) (actual time=292.344..292.540 rows=399 loops=5)
                                       Sort Key: part.p_partkey
                                       Sort Method: quicksort  Memory: 25kB
                                       Worker 0:  Sort Method: quicksort  Memory: 25kB
                                       Worker 1:  Sort Method: quicksort  Memory: 25kB
                                       Worker 2:  Sort Method: quicksort  Memory: 25kB
                                       Worker 3:  Sort Method: quicksort  Memory: 25kB
                                       ->  Parallel Seq Scan on part  (cost=0.00..48481.45 rows=483 width=4) (actual time=0.897..292.241 rows=399 loops=5)
                                             Filter: ((p_brand = 'Brand#22'::bpchar) AND (p_container = 'LG BOX'::bpchar))
                                             Rows Removed by Filter: 399601
                                 ->  GroupAggregate  (cost=0.56..1688499.67 rows=1779039 width=36) (actual time=3.133..31207.948 rows=1997952 loops=5)
                                       Group Key: lineitem_1.l_partkey
                                       ->  Index Only Scan using q17_idx_1 on lineitem lineitem_1  (cost=0.56..1361880.21 rows=59986776 width=9) (actual time=1.003..20923.015 rows=59924460 loops=5)
                                             Heap Fetches: 0
                           ->  Index Only Scan using q9_idx_1 on lineitem  (cost=0.56..2.99 rows=11 width=17) (actual time=2.878..2.954 rows=3 loops=1996)
                                 Index Cond: ((l_partkey = lineitem_1.l_partkey) AND (l_quantity < ((0.2 * avg(lineitem_1.l_quantity)))))
                                 Heap Fetches: 0
 Planning Time: 28.731 ms
 Execution Time: 32977.791 ms
(29 rows)

SET
SET
SET
                                                                                              QUERY PLAN                                                                                              
------------------------------------------------------------------------------------------------------------------------------------------------------------------------------------------------------
 Limit  (cost=1743814.51..1743814.53 rows=1 width=32) (actual time=32908.869..32935.719 rows=1 loops=1)
   ->  Finalize Aggregate  (cost=1743814.51..1743814.53 rows=1 width=32) (actual time=32908.868..32935.717 rows=1 loops=1)
         ->  Gather  (cost=1743814.08..1743814.49 rows=4 width=32) (actual time=31871.896..32935.704 rows=5 loops=1)
               Workers Planned: 4
               Workers Launched: 4
               ->  Partial Aggregate  (cost=1742814.08..1742814.09 rows=1 width=32) (actual time=31809.125..31809.126 rows=1 loops=5)
                     ->  Nested Loop  (cost=48504.12..1742803.34 rows=4297 width=8) (actual time=995.646..31808.858 rows=1064 loops=5)
                           Join Filter: (part.p_partkey = lineitem.l_partkey)
                           ->  Merge Join  (cost=48503.55..1741456.97 rows=430 width=40) (actual time=995.591..31794.824 rows=399 loops=5)
                                 Merge Cond: (part.p_partkey = lineitem_1.l_partkey)
                                 ->  Sort  (cost=48502.99..48504.19 rows=483 width=4) (actual time=114.031..114.182 rows=399 loops=5)
                                       Sort Key: part.p_partkey
                                       Sort Method: quicksort  Memory: 25kB
                                       Worker 0:  Sort Method: quicksort  Memory: 25kB
                                       Worker 1:  Sort Method: quicksort  Memory: 25kB
                                       Worker 2:  Sort Method: quicksort  Memory: 25kB
                                       Worker 3:  Sort Method: quicksort  Memory: 25kB
                                       ->  Parallel Seq Scan on part  (cost=0.00..48481.45 rows=483 width=4) (actual time=0.241..113.973 rows=399 loops=5)
                                             Filter: ((p_brand = 'Brand#22'::bpchar) AND (p_container = 'LG BOX'::bpchar))
                                             Rows Removed by Filter: 399601
                                 ->  GroupAggregate  (cost=0.56..1688499.67 rows=1779039 width=36) (actual time=0.089..31516.268 rows=1997226 loops=5)
                                       Group Key: lineitem_1.l_partkey
                                       ->  Index Only Scan using q17_idx_1 on lineitem lineitem_1  (cost=0.56..1361880.21 rows=59986776 width=9) (actual time=0.038..20910.960 rows=59902716 loops=5)
                                             Heap Fetches: 0
                           ->  Index Only Scan using q9_idx_1 on lineitem  (cost=0.56..2.99 rows=11 width=17) (actual time=0.031..0.033 rows=3 loops=1996)
                                 Index Cond: ((l_partkey = lineitem_1.l_partkey) AND (l_quantity < ((0.2 * avg(lineitem_1.l_quantity)))))
                                 Heap Fetches: 0
 Planning Time: 2.355 ms
 Execution Time: 32935.788 ms
(29 rows)

query 18 run 1
SET
SET
SET
                                                                                                QUERY PLAN                                                                                                 
-----------------------------------------------------------------------------------------------------------------------------------------------------------------------------------------------------------
 Limit  (cost=6974879.20..6974879.45 rows=100 width=71) (actual time=49446.564..49458.878 rows=99 loops=1)
   ->  Sort  (cost=6974879.20..7024866.78 rows=19995032 width=71) (actual time=49446.563..49458.871 rows=99 loops=1)
         Sort Key: orders.o_totalprice DESC, orders.o_orderdate
         Sort Method: quicksort  Memory: 31kB
         ->  GroupAggregate  (cost=836747.12..6210683.45 rows=19995032 width=71) (actual time=27354.228..49458.767 rows=99 loops=1)
               Group Key: orders.o_orderkey, customer.c_custkey
               ->  Incremental Sort  (cost=836747.12..5810782.81 rows=19995032 width=44) (actual time=27354.219..49458.502 rows=693 loops=1)
                     Sort Key: orders.o_orderkey, customer.c_custkey
                     Presorted Key: orders.o_orderkey
                     Full-sort Groups: 20  Sort Method: quicksort  Average Memory: 27kB  Peak Memory: 27kB
                     ->  Merge Join  (cost=836746.82..5085933.50 rows=19995032 width=44) (actual time=25196.091..49458.121 rows=693 loops=1)
                           Merge Cond: (orders.o_orderkey = lineitem.l_orderkey)
                           ->  Gather Merge  (cost=836604.84..3362256.59 rows=4998898 width=43) (actual time=24997.351..41382.989 rows=99 loops=1)
                                 Workers Planned: 4
                                 Workers Launched: 4
                                 ->  Merge Join  (cost=835604.79..2765839.59 rows=1249724 width=43) (actual time=4834.526..24112.405 rows=20 loops=5)
                                       Merge Cond: (orders.o_orderkey = lineitem_1.l_orderkey)
                                       ->  Sort  (cost=835604.22..844977.42 rows=3749278 width=39) (actual time=3750.914..4076.460 rows=2996546 loops=5)
                                             Sort Key: orders.o_orderkey
                                             Sort Method: external merge  Disk: 147168kB
                                             Worker 0:  Sort Method: external merge  Disk: 146280kB
                                             Worker 1:  Sort Method: external merge  Disk: 157832kB
                                             Worker 2:  Sort Method: external merge  Disk: 152208kB
                                             Worker 3:  Sort Method: external merge  Disk: 144416kB
                                             ->  Parallel Hash Join  (cost=44384.50..352987.16 rows=3749278 width=39) (actual time=301.371..3025.039 rows=3000000 loops=5)
                                                   Hash Cond: (orders.o_custkey = customer.c_custkey)
                                                   ->  Parallel Seq Scan on orders  (cost=0.00..298760.79 rows=3749278 width=20) (actual time=0.632..1229.184 rows=3000000 loops=5)
                                                   ->  Parallel Hash  (cost=39697.00..39697.00 rows=375000 width=23) (actual time=298.542..298.542 rows=300000 loops=5)
                                                         Buckets: 2097152  Batches: 1  Memory Usage: 98688kB
                                                         ->  Parallel Seq Scan on customer  (cost=0.00..39697.00 rows=375000 width=23) (actual time=0.404..186.788 rows=300000 loops=5)
                                       ->  GroupAggregate  (cost=0.56..1886494.50 rows=4998898 width=4) (actual time=476.953..19829.322 rows=99 loops=5)
                                             Group Key: lineitem_1.l_orderkey
                                             Filter: (sum(lineitem_1.l_quantity) > '313'::numeric)
                                             Rows Removed by Filter: 14999901
                                             ->  Index Only Scan using q18_idx_1 on lineitem lineitem_1  (cost=0.56..1361610.21 rows=59986776 width=9) (actual time=1.440..8163.445 rows=59986052 loops=5)
                                                   Heap Fetches: 0
                           ->  Index Only Scan using q18_idx_1 on lineitem  (cost=0.56..1361610.21 rows=59986776 width=9) (actual time=0.018..5375.766 rows=59916431 loops=1)
                                 Heap Fetches: 0
 Planning Time: 35.535 ms
 Execution Time: 49475.690 ms
(40 rows)

SET
SET
SET
                                                                                                QUERY PLAN                                                                                                 
-----------------------------------------------------------------------------------------------------------------------------------------------------------------------------------------------------------
 Limit  (cost=6974879.20..6974879.45 rows=100 width=71) (actual time=44349.641..44360.953 rows=99 loops=1)
   ->  Sort  (cost=6974879.20..7024866.78 rows=19995032 width=71) (actual time=44349.639..44360.945 rows=99 loops=1)
         Sort Key: orders.o_totalprice DESC, orders.o_orderdate
         Sort Method: quicksort  Memory: 31kB
         ->  GroupAggregate  (cost=836747.12..6210683.45 rows=19995032 width=71) (actual time=22366.459..44360.840 rows=99 loops=1)
               Group Key: orders.o_orderkey, customer.c_custkey
               ->  Incremental Sort  (cost=836747.12..5810782.81 rows=19995032 width=44) (actual time=22366.448..44360.566 rows=693 loops=1)
                     Sort Key: orders.o_orderkey, customer.c_custkey
                     Presorted Key: orders.o_orderkey
                     Full-sort Groups: 20  Sort Method: quicksort  Average Memory: 27kB  Peak Memory: 27kB
                     ->  Merge Join  (cost=836746.82..5085933.50 rows=19995032 width=44) (actual time=22042.871..44360.189 rows=693 loops=1)
                           Merge Cond: (orders.o_orderkey = lineitem.l_orderkey)
                           ->  Gather Merge  (cost=836604.84..3362256.59 rows=4998898 width=43) (actual time=21875.110..36605.851 rows=99 loops=1)
                                 Workers Planned: 4
                                 Workers Launched: 4
                                 ->  Merge Join  (cost=835604.79..2765839.59 rows=1249724 width=43) (actual time=4764.118..21551.206 rows=20 loops=5)
                                       Merge Cond: (orders.o_orderkey = lineitem_1.l_orderkey)
                                       ->  Sort  (cost=835604.22..844977.42 rows=3749278 width=39) (actual time=3062.379..3393.707 rows=2996546 loops=5)
                                             Sort Key: orders.o_orderkey
                                             Sort Method: external merge  Disk: 145760kB
                                             Worker 0:  Sort Method: external merge  Disk: 144672kB
                                             Worker 1:  Sort Method: external merge  Disk: 152048kB
                                             Worker 2:  Sort Method: external merge  Disk: 157120kB
                                             Worker 3:  Sort Method: external merge  Disk: 148320kB
                                             ->  Parallel Hash Join  (cost=44384.50..352987.16 rows=3749278 width=39) (actual time=210.811..2237.020 rows=3000000 loops=5)
                                                   Hash Cond: (orders.o_custkey = customer.c_custkey)
                                                   ->  Parallel Seq Scan on orders  (cost=0.00..298760.79 rows=3749278 width=20) (actual time=0.037..377.768 rows=3000000 loops=5)
                                                   ->  Parallel Hash  (cost=39697.00..39697.00 rows=375000 width=23) (actual time=208.251..208.252 rows=300000 loops=5)
                                                         Buckets: 2097152  Batches: 1  Memory Usage: 98624kB
                                                         ->  Parallel Seq Scan on customer  (cost=0.00..39697.00 rows=375000 width=23) (actual time=0.050..77.039 rows=300000 loops=5)
                                       ->  GroupAggregate  (cost=0.56..1886494.50 rows=4998898 width=4) (actual time=459.399..17948.167 rows=99 loops=5)
                                             Group Key: lineitem_1.l_orderkey
                                             Filter: (sum(lineitem_1.l_quantity) > '313'::numeric)
                                             Rows Removed by Filter: 14999901
                                             ->  Index Only Scan using q18_idx_1 on lineitem lineitem_1  (cost=0.56..1361610.21 rows=59986776 width=9) (actual time=0.075..6190.906 rows=59986052 loops=5)
                                                   Heap Fetches: 0
                           ->  Index Only Scan using q18_idx_1 on lineitem  (cost=0.56..1361610.21 rows=59986776 width=9) (actual time=0.020..5304.478 rows=59916431 loops=1)
                                 Heap Fetches: 0
 Planning Time: 2.878 ms
 Execution Time: 44377.551 ms
(40 rows)

query 19 run 1
SET
SET
SET
                                                                                                                                                                                                                                                                                                                                                                                                                                                              QUERY PLAN                                                                                                                                                                                                                                                                                                                                                                                                                                                              
--------------------------------------------------------------------------------------------------------------------------------------------------------------------------------------------------------------------------------------------------------------------------------------------------------------------------------------------------------------------------------------------------------------------------------------------------------------------------------------------------------------------------------------------------------------------------------------------------------------------------------------------------------------------------------------------------------------------------------------------------------------------------------------------------------------------------------------------------------------------------------------------------------------------------------------
 Limit  (cost=69647.59..69647.60 rows=1 width=32) (actual time=723.498..727.704 rows=1 loops=1)
   ->  Finalize Aggregate  (cost=69647.59..69647.60 rows=1 width=32) (actual time=723.497..727.702 rows=1 loops=1)
         ->  Gather  (cost=69647.16..69647.57 rows=4 width=32) (actual time=721.963..727.688 rows=5 loops=1)
               Workers Planned: 4
               Workers Launched: 4
               ->  Partial Aggregate  (cost=68647.16..68647.17 rows=1 width=32) (actual time=713.646..713.647 rows=1 loops=5)
                     ->  Nested Loop  (cost=0.56..68645.08 rows=277 width=12) (actual time=7.092..713.271 rows=213 loops=5)
                           ->  Parallel Seq Scan on part  (cost=0.00..62232.29 rows=1231 width=30) (actual time=0.834..175.305 rows=956 loops=5)
                                 Filter: ((p_size >= 1) AND (((p_brand = 'Brand#24'::bpchar) AND (p_container = ANY ('{"SM CASE","SM BOX","SM PACK","SM PKG"}'::bpchar[])) AND (p_size <= 5)) OR ((p_brand = 'Brand#43'::bpchar) AND (p_container = ANY ('{"MED BAG","MED BOX","MED PKG","MED PACK"}'::bpchar[])) AND (p_size <= 10)) OR ((p_brand = 'Brand#44'::bpchar) AND (p_container = ANY ('{"LG CASE","LG BOX","LG PACK","LG PKG"}'::bpchar[])) AND (p_size <= 15))))
                                 Rows Removed by Filter: 399044
                           ->  Index Only Scan using q19_idx_1 on lineitem  (cost=0.56..5.20 rows=1 width=21) (actual time=0.559..0.561 rows=0 loops=4781)
                                 Index Cond: ((l_partkey = part.p_partkey) AND (l_shipmode = ANY ('{AIR,"AIR REG"}'::bpchar[])) AND (l_shipinstruct = 'DELIVER IN PERSON'::bpchar))
                                 Filter: ((((l_quantity >= '10'::numeric) AND (l_quantity <= '20'::numeric)) OR ((l_quantity >= '10'::numeric) AND (l_quantity <= '20'::numeric)) OR ((l_quantity >= '20'::numeric) AND (l_quantity <= '30'::numeric))) AND (((part.p_brand = 'Brand#24'::bpchar) AND (part.p_container = ANY ('{"SM CASE","SM BOX","SM PACK","SM PKG"}'::bpchar[])) AND (l_quantity >= '10'::numeric) AND (l_quantity <= '20'::numeric) AND (part.p_size <= 5)) OR ((part.p_brand = 'Brand#43'::bpchar) AND (part.p_container = ANY ('{"MED BAG","MED BOX","MED PKG","MED PACK"}'::bpchar[])) AND (l_quantity >= '10'::numeric) AND (l_quantity <= '20'::numeric) AND (part.p_size <= 10)) OR ((part.p_brand = 'Brand#44'::bpchar) AND (part.p_container = ANY ('{"LG CASE","LG BOX","LG PACK","LG PKG"}'::bpchar[])) AND (l_quantity >= '20'::numeric) AND (l_quantity <= '30'::numeric) AND (part.p_size <= 15))))
                                 Rows Removed by Filter: 1
                                 Heap Fetches: 0
 Planning Time: 32.762 ms
 Execution Time: 728.561 ms
(17 rows)

SET
SET
SET
                                                                                                                                                                                                                                                                                                                                                                                                                                                              QUERY PLAN                                                                                                                                                                                                                                                                                                                                                                                                                                                              
--------------------------------------------------------------------------------------------------------------------------------------------------------------------------------------------------------------------------------------------------------------------------------------------------------------------------------------------------------------------------------------------------------------------------------------------------------------------------------------------------------------------------------------------------------------------------------------------------------------------------------------------------------------------------------------------------------------------------------------------------------------------------------------------------------------------------------------------------------------------------------------------------------------------------------------
 Limit  (cost=69647.59..69647.60 rows=1 width=32) (actual time=151.055..152.596 rows=1 loops=1)
   ->  Finalize Aggregate  (cost=69647.59..69647.60 rows=1 width=32) (actual time=151.054..152.594 rows=1 loops=1)
         ->  Gather  (cost=69647.16..69647.57 rows=4 width=32) (actual time=147.396..152.574 rows=5 loops=1)
               Workers Planned: 4
               Workers Launched: 4
               ->  Partial Aggregate  (cost=68647.16..68647.17 rows=1 width=32) (actual time=142.332..142.333 rows=1 loops=5)
                     ->  Nested Loop  (cost=0.56..68645.08 rows=277 width=12) (actual time=0.816..142.174 rows=213 loops=5)
                           ->  Parallel Seq Scan on part  (cost=0.00..62232.29 rows=1231 width=30) (actual time=0.104..128.421 rows=956 loops=5)
                                 Filter: ((p_size >= 1) AND (((p_brand = 'Brand#24'::bpchar) AND (p_container = ANY ('{"SM CASE","SM BOX","SM PACK","SM PKG"}'::bpchar[])) AND (p_size <= 5)) OR ((p_brand = 'Brand#43'::bpchar) AND (p_container = ANY ('{"MED BAG","MED BOX","MED PKG","MED PACK"}'::bpchar[])) AND (p_size <= 10)) OR ((p_brand = 'Brand#44'::bpchar) AND (p_container = ANY ('{"LG CASE","LG BOX","LG PACK","LG PKG"}'::bpchar[])) AND (p_size <= 15))))
                                 Rows Removed by Filter: 399044
                           ->  Index Only Scan using q19_idx_1 on lineitem  (cost=0.56..5.20 rows=1 width=21) (actual time=0.014..0.014 rows=0 loops=4781)
                                 Index Cond: ((l_partkey = part.p_partkey) AND (l_shipmode = ANY ('{AIR,"AIR REG"}'::bpchar[])) AND (l_shipinstruct = 'DELIVER IN PERSON'::bpchar))
                                 Filter: ((((l_quantity >= '10'::numeric) AND (l_quantity <= '20'::numeric)) OR ((l_quantity >= '10'::numeric) AND (l_quantity <= '20'::numeric)) OR ((l_quantity >= '20'::numeric) AND (l_quantity <= '30'::numeric))) AND (((part.p_brand = 'Brand#24'::bpchar) AND (part.p_container = ANY ('{"SM CASE","SM BOX","SM PACK","SM PKG"}'::bpchar[])) AND (l_quantity >= '10'::numeric) AND (l_quantity <= '20'::numeric) AND (part.p_size <= 5)) OR ((part.p_brand = 'Brand#43'::bpchar) AND (part.p_container = ANY ('{"MED BAG","MED BOX","MED PKG","MED PACK"}'::bpchar[])) AND (l_quantity >= '10'::numeric) AND (l_quantity <= '20'::numeric) AND (part.p_size <= 10)) OR ((part.p_brand = 'Brand#44'::bpchar) AND (part.p_container = ANY ('{"LG CASE","LG BOX","LG PACK","LG PKG"}'::bpchar[])) AND (l_quantity >= '20'::numeric) AND (l_quantity <= '30'::numeric) AND (part.p_size <= 15))))
                                 Rows Removed by Filter: 1
                                 Heap Fetches: 0
 Planning Time: 2.814 ms
 Execution Time: 152.646 ms
(17 rows)

query 20 run 1
SET
SET
SET
                                                                                     QUERY PLAN                                                                                     
------------------------------------------------------------------------------------------------------------------------------------------------------------------------------------
 Limit  (cost=2537869.98..2739696.37 rows=1 width=51) (actual time=15820.232..15821.602 rows=1 loops=1)
   ->  Nested Loop Semi Join  (cost=2537869.98..2739696.37 rows=1 width=51) (actual time=15820.231..15821.600 rows=1 loops=1)
         Join Filter: (supplier.s_suppkey = lineitem.l_suppkey)
         Rows Removed by Join Filter: 13473
         ->  Gather Merge  (cost=4122.93..4578.81 rows=4000 width=55) (actual time=26.690..27.995 rows=1 loops=1)
               Workers Planned: 1
               Workers Launched: 1
               ->  Sort  (cost=3122.92..3128.80 rows=2353 width=55) (actual time=18.428..18.444 rows=394 loops=2)
                     Sort Key: supplier.s_name
                     Sort Method: quicksort  Memory: 312kB
                     Worker 0:  Sort Method: quicksort  Memory: 135kB
                     ->  Hash Join  (cost=1.32..2991.15 rows=2353 width=55) (actual time=0.391..17.218 rows=2048 loops=2)
                           Hash Cond: (supplier.s_nationkey = nation.n_nationkey)
                           ->  Parallel Seq Scan on supplier  (cost=0.00..2809.24 rows=58824 width=59) (actual time=0.269..12.614 rows=50000 loops=2)
                           ->  Hash  (cost=1.31..1.31 rows=1 width=4) (actual time=0.103..0.104 rows=1 loops=2)
                                 Buckets: 1024  Batches: 1  Memory Usage: 9kB
                                 ->  Seq Scan on nation  (cost=0.00..1.31 rows=1 width=4) (actual time=0.099..0.101 rows=1 loops=2)
                                       Filter: (n_name = 'IRAQ'::bpchar)
                                       Rows Removed by Filter: 24
         ->  Materialize  (cost=2533747.05..2734937.57 rows=3 width=8) (actual time=14303.384..15792.525 rows=13474 loops=1)
               Storage: Memory  Maximum Storage: 550kB
               ->  Hash Join  (cost=2533747.05..2734937.55 rows=3 width=8) (actual time=14303.380..15789.409 rows=13474 loops=1)
                     Hash Cond: ((lineitem.l_partkey = partsupp.ps_partkey) AND (lineitem.l_suppkey = partsupp.ps_suppkey))
                     Join Filter: ((partsupp.ps_availqty)::numeric > ((0.5 * sum(lineitem.l_quantity))))
                     Rows Removed by Join Filter: 27
                     ->  HashAggregate  (cost=2463742.20..2628239.94 rows=4892352 width=40) (actual time=13748.662..15051.054 rows=1251651 loops=1)
                           Group Key: lineitem.l_partkey, lineitem.l_suppkey
                           Planned Partitions: 32  Batches: 61  Memory Usage: 65809kB  Disk Usage: 358152kB
                           ->  Seq Scan on lineitem  (cost=0.00..2024944.64 rows=9329915 width=13) (actual time=0.562..9888.563 rows=9123688 loops=1)
                                 Filter: ((l_shipdate >= '1996-01-01'::date) AND (l_shipdate < '1997-01-01'::date))
                                 Rows Removed by Filter: 50862364
                     ->  Hash  (cost=68793.08..68793.08 rows=80784 width=16) (actual time=554.446..554.508 rows=86872 loops=1)
                           Buckets: 131072  Batches: 1  Memory Usage: 5097kB
                           ->  Gather  (cost=1000.86..68793.08 rows=80784 width=16) (actual time=0.297..537.931 rows=86872 loops=1)
                                 Workers Planned: 4
                                 Workers Launched: 4
                                 ->  Nested Loop  (cost=0.86..59714.68 rows=20196 width=16) (actual time=0.369..542.100 rows=17374 loops=5)
                                       ->  Parallel Index Only Scan using q20_idx_2 on part  (cost=0.43..45557.41 rows=5051 width=4) (actual time=0.325..200.881 rows=4344 loops=5)
                                             Filter: ((p_name)::text ~~ 'olive%'::text)
                                             Rows Removed by Filter: 395656
                                             Heap Fetches: 0
                                       ->  Index Only Scan using q20_idx_1 on partsupp  (cost=0.43..2.62 rows=18 width=12) (actual time=0.077..0.078 rows=4 loops=21718)
                                             Index Cond: (ps_partkey = part.p_partkey)
                                             Heap Fetches: 0
 Planning Time: 35.836 ms
 Execution Time: 15867.403 ms
(46 rows)

SET
SET
SET
                                                                                    QUERY PLAN                                                                                     
-----------------------------------------------------------------------------------------------------------------------------------------------------------------------------------
 Limit  (cost=2537869.98..2739696.37 rows=1 width=51) (actual time=13147.938..13149.458 rows=1 loops=1)
   ->  Nested Loop Semi Join  (cost=2537869.98..2739696.37 rows=1 width=51) (actual time=13147.937..13149.456 rows=1 loops=1)
         Join Filter: (supplier.s_suppkey = lineitem.l_suppkey)
         Rows Removed by Join Filter: 13473
         ->  Gather Merge  (cost=4122.93..4578.81 rows=4000 width=55) (actual time=12.655..14.109 rows=1 loops=1)
               Workers Planned: 1
               Workers Launched: 1
               ->  Sort  (cost=3122.92..3128.80 rows=2353 width=55) (actual time=10.339..10.355 rows=390 loops=2)
                     Sort Key: supplier.s_name
                     Sort Method: quicksort  Memory: 276kB
                     Worker 0:  Sort Method: quicksort  Memory: 171kB
                     ->  Hash Join  (cost=1.32..2991.15 rows=2353 width=55) (actual time=0.037..9.170 rows=2048 loops=2)
                           Hash Cond: (supplier.s_nationkey = nation.n_nationkey)
                           ->  Parallel Seq Scan on supplier  (cost=0.00..2809.24 rows=58824 width=59) (actual time=0.011..3.605 rows=50000 loops=2)
                           ->  Hash  (cost=1.31..1.31 rows=1 width=4) (actual time=0.017..0.018 rows=1 loops=2)
                                 Buckets: 1024  Batches: 1  Memory Usage: 9kB
                                 ->  Seq Scan on nation  (cost=0.00..1.31 rows=1 width=4) (actual time=0.014..0.015 rows=1 loops=2)
                                       Filter: (n_name = 'IRAQ'::bpchar)
                                       Rows Removed by Filter: 24
         ->  Materialize  (cost=2533747.05..2734937.57 rows=3 width=8) (actual time=11635.667..13134.273 rows=13474 loops=1)
               Storage: Memory  Maximum Storage: 550kB
               ->  Hash Join  (cost=2533747.05..2734937.55 rows=3 width=8) (actual time=11635.663..13131.160 rows=13474 loops=1)
                     Hash Cond: ((lineitem.l_partkey = partsupp.ps_partkey) AND (lineitem.l_suppkey = partsupp.ps_suppkey))
                     Join Filter: ((partsupp.ps_availqty)::numeric > ((0.5 * sum(lineitem.l_quantity))))
                     Rows Removed by Join Filter: 27
                     ->  HashAggregate  (cost=2463742.20..2628239.94 rows=4892352 width=40) (actual time=11520.033..12830.968 rows=1251651 loops=1)
                           Group Key: lineitem.l_partkey, lineitem.l_suppkey
                           Planned Partitions: 32  Batches: 61  Memory Usage: 65809kB  Disk Usage: 358152kB
                           ->  Seq Scan on lineitem  (cost=0.00..2024944.64 rows=9329915 width=13) (actual time=0.048..7846.824 rows=9123688 loops=1)
                                 Filter: ((l_shipdate >= '1996-01-01'::date) AND (l_shipdate < '1997-01-01'::date))
                                 Rows Removed by Filter: 50862364
                     ->  Hash  (cost=68793.08..68793.08 rows=80784 width=16) (actual time=115.364..115.427 rows=86872 loops=1)
                           Buckets: 131072  Batches: 1  Memory Usage: 5097kB
                           ->  Gather  (cost=1000.86..68793.08 rows=80784 width=16) (actual time=0.299..101.693 rows=86872 loops=1)
                                 Workers Planned: 4
                                 Workers Launched: 4
                                 ->  Nested Loop  (cost=0.86..59714.68 rows=20196 width=16) (actual time=0.230..97.908 rows=17374 loops=5)
                                       ->  Parallel Index Only Scan using q20_idx_2 on part  (cost=0.43..45557.41 rows=5051 width=4) (actual time=0.199..78.944 rows=4344 loops=5)
                                             Filter: ((p_name)::text ~~ 'olive%'::text)
                                             Rows Removed by Filter: 395656
                                             Heap Fetches: 0
                                       ->  Index Only Scan using q20_idx_1 on partsupp  (cost=0.43..2.62 rows=18 width=12) (actual time=0.003..0.004 rows=4 loops=21718)
                                             Index Cond: (ps_partkey = part.p_partkey)
                                             Heap Fetches: 0
 Planning Time: 2.448 ms
 Execution Time: 13196.983 ms
(46 rows)

query 21 run 1
SET
SET
SET
                                                                                                     QUERY PLAN                                                                                                      
---------------------------------------------------------------------------------------------------------------------------------------------------------------------------------------------------------------------
 Limit  (cost=565477.51..565477.51 rows=1 width=34) (actual time=18963.615..18976.256 rows=100 loops=1)
   ->  Sort  (cost=565477.51..565477.51 rows=1 width=34) (actual time=18963.614..18976.248 rows=100 loops=1)
         Sort Key: (count(*)) DESC, supplier.s_name
         Sort Method: top-N heapsort  Memory: 37kB
         ->  GroupAggregate  (cost=565477.48..565477.50 rows=1 width=34) (actual time=18956.892..18975.058 rows=3991 loops=1)
               Group Key: supplier.s_name
               ->  Sort  (cost=565477.48..565477.48 rows=1 width=26) (actual time=18956.883..18971.071 rows=39281 loops=1)
                     Sort Key: supplier.s_name
                     Sort Method: quicksort  Memory: 1537kB
                     ->  Nested Loop Semi Join  (cost=286168.03..565477.47 rows=1 width=26) (actual time=4702.412..18790.751 rows=39281 loops=1)
                           Join Filter: (l2.l_suppkey <> l1.l_suppkey)
                           Rows Removed by Join Filter: 27756
                           ->  Nested Loop  (cost=286167.47..565474.82 rows=1 width=38) (actual time=4700.543..9233.352 rows=65960 loops=1)
                                 ->  Gather  (cost=286167.03..565472.38 rows=1 width=34) (actual time=4700.054..4756.095 rows=134155 loops=1)
                                       Workers Planned: 4
                                       Workers Launched: 4
                                       ->  Parallel Hash Right Anti Join  (cost=285167.03..564472.28 rows=1 width=34) (actual time=4688.129..4711.979 rows=26831 loops=5)
                                             Hash Cond: (l3.l_orderkey = l1.l_orderkey)
                                             Join Filter: (l3.l_suppkey <> l1.l_suppkey)
                                             Rows Removed by Join Filter: 302862
                                             ->  Parallel Index Only Scan using q21_idx_2 on lineitem l3  (cost=0.56..259727.51 rows=4998898 width=8) (actual time=0.434..1097.020 rows=7585870 loops=5)
                                                   Heap Fetches: 0
                                             ->  Parallel Hash  (cost=282669.17..282669.17 rows=199784 width=34) (actual time=2470.023..2470.336 rows=302853 loops=5)
                                                   Buckets: 2097152 (originally 1048576)  Batches: 1 (originally 1)  Memory Usage: 131392kB
                                                   ->  Parallel Hash Join  (cost=3021.13..282669.17 rows=199784 width=34) (actual time=18.872..2333.329 rows=302853 loops=5)
                                                         Hash Cond: (l1.l_suppkey = supplier.s_suppkey)
                                                         ->  Parallel Index Only Scan using q21_idx_2 on lineitem l1  (cost=0.56..259727.51 rows=4998898 width=8) (actual time=1.060..1640.494 rows=7585870 loops=5)
                                                               Heap Fetches: 0
                                                         ->  Parallel Hash  (cost=2991.15..2991.15 rows=2353 width=30) (actual time=17.771..17.773 rows=798 loops=5)
                                                               Buckets: 4096  Batches: 1  Memory Usage: 352kB
                                                               ->  Hash Join  (cost=1.32..2991.15 rows=2353 width=30) (actual time=0.973..17.359 rows=798 loops=5)
                                                                     Hash Cond: (supplier.s_nationkey = nation.n_nationkey)
                                                                     ->  Parallel Seq Scan on supplier  (cost=0.00..2809.24 rows=58824 width=34) (actual time=0.906..15.346 rows=20000 loops=5)
                                                                     ->  Hash  (cost=1.31..1.31 rows=1 width=4) (actual time=0.058..0.058 rows=1 loops=5)
                                                                           Buckets: 1024  Batches: 1  Memory Usage: 9kB
                                                                           ->  Seq Scan on nation  (cost=0.00..1.31 rows=1 width=4) (actual time=0.054..0.055 rows=1 loops=5)
                                                                                 Filter: (n_name = 'PERU'::bpchar)
                                                                                 Rows Removed by Filter: 24
                                 ->  Index Only Scan using q21_idx_3 on orders  (cost=0.43..2.45 rows=1 width=4) (actual time=0.032..0.032 rows=0 loops=134155)
                                       Index Cond: ((o_orderkey = l1.l_orderkey) AND (o_orderstatus = 'F'::bpchar))
                                       Heap Fetches: 0
                           ->  Index Only Scan using q21_idx_1 on lineitem l2  (cost=0.56..2.63 rows=4 width=8) (actual time=0.144..0.144 rows=1 loops=65960)
                                 Index Cond: (l_orderkey = orders.o_orderkey)
                                 Heap Fetches: 0
 Planning Time: 33.468 ms
 Execution Time: 18976.656 ms
(46 rows)

SET
SET
SET
                                                                                                     QUERY PLAN                                                                                                      
---------------------------------------------------------------------------------------------------------------------------------------------------------------------------------------------------------------------
 Limit  (cost=565477.51..565477.51 rows=1 width=34) (actual time=5057.709..5068.011 rows=100 loops=1)
   ->  Sort  (cost=565477.51..565477.51 rows=1 width=34) (actual time=5057.707..5068.003 rows=100 loops=1)
         Sort Key: (count(*)) DESC, supplier.s_name
         Sort Method: top-N heapsort  Memory: 37kB
         ->  GroupAggregate  (cost=565477.48..565477.50 rows=1 width=34) (actual time=5050.852..5066.809 rows=3991 loops=1)
               Group Key: supplier.s_name
               ->  Sort  (cost=565477.48..565477.48 rows=1 width=26) (actual time=5050.842..5062.750 rows=39281 loops=1)
                     Sort Key: supplier.s_name
                     Sort Method: quicksort  Memory: 1537kB
                     ->  Nested Loop Semi Join  (cost=286168.03..565477.47 rows=1 width=26) (actual time=4131.643..4896.796 rows=39281 loops=1)
                           Join Filter: (l2.l_suppkey <> l1.l_suppkey)
                           Rows Removed by Join Filter: 27756
                           ->  Nested Loop  (cost=286167.47..565474.82 rows=1 width=38) (actual time=4131.591..4648.457 rows=65960 loops=1)
                                 ->  Gather  (cost=286167.03..565472.38 rows=1 width=34) (actual time=4131.560..4253.498 rows=134155 loops=1)
                                       Workers Planned: 4
                                       Workers Launched: 4
                                       ->  Parallel Hash Right Anti Join  (cost=285167.03..564472.28 rows=1 width=34) (actual time=4122.714..4143.095 rows=26831 loops=5)
                                             Hash Cond: (l3.l_orderkey = l1.l_orderkey)
                                             Join Filter: (l3.l_suppkey <> l1.l_suppkey)
                                             Rows Removed by Join Filter: 302862
                                             ->  Parallel Index Only Scan using q21_idx_2 on lineitem l3  (cost=0.56..259727.51 rows=4998898 width=8) (actual time=0.965..1044.702 rows=7585870 loops=5)
                                                   Heap Fetches: 0
                                             ->  Parallel Hash  (cost=282669.17..282669.17 rows=199784 width=34) (actual time=1934.909..1934.912 rows=302853 loops=5)
                                                   Buckets: 2097152 (originally 1048576)  Batches: 1 (originally 1)  Memory Usage: 131392kB
                                                   ->  Parallel Hash Join  (cost=3021.13..282669.17 rows=199784 width=34) (actual time=7.695..1799.230 rows=302853 loops=5)
                                                         Hash Cond: (l1.l_suppkey = supplier.s_suppkey)
                                                         ->  Parallel Index Only Scan using q21_idx_2 on lineitem l1  (cost=0.56..259727.51 rows=4998898 width=8) (actual time=1.142..1110.962 rows=7585870 loops=5)
                                                               Heap Fetches: 0
                                                         ->  Parallel Hash  (cost=2991.15..2991.15 rows=2353 width=30) (actual time=6.482..6.484 rows=798 loops=5)
                                                               Buckets: 4096  Batches: 1  Memory Usage: 384kB
                                                               ->  Hash Join  (cost=1.32..2991.15 rows=2353 width=30) (actual time=0.034..6.236 rows=798 loops=5)
                                                                     Hash Cond: (supplier.s_nationkey = nation.n_nationkey)
                                                                     ->  Parallel Seq Scan on supplier  (cost=0.00..2809.24 rows=58824 width=34) (actual time=0.010..2.333 rows=20000 loops=5)
                                                                     ->  Hash  (cost=1.31..1.31 rows=1 width=4) (actual time=0.018..0.019 rows=1 loops=5)
                                                                           Buckets: 1024  Batches: 1  Memory Usage: 9kB
                                                                           ->  Seq Scan on nation  (cost=0.00..1.31 rows=1 width=4) (actual time=0.016..0.017 rows=1 loops=5)
                                                                                 Filter: (n_name = 'PERU'::bpchar)
                                                                                 Rows Removed by Filter: 24
                                 ->  Index Only Scan using q21_idx_3 on orders  (cost=0.43..2.45 rows=1 width=4) (actual time=0.003..0.003 rows=0 loops=134155)
                                       Index Cond: ((o_orderkey = l1.l_orderkey) AND (o_orderstatus = 'F'::bpchar))
                                       Heap Fetches: 0
                           ->  Index Only Scan using q21_idx_1 on lineitem l2  (cost=0.56..2.63 rows=4 width=8) (actual time=0.003..0.003 rows=1 loops=65960)
                                 Index Cond: (l_orderkey = orders.o_orderkey)
                                 Heap Fetches: 0
 Planning Time: 3.616 ms
 Execution Time: 5068.091 ms
(46 rows)

query 22 run 1
SET
SET
SET
                                                                          QUERY PLAN                                                                          
--------------------------------------------------------------------------------------------------------------------------------------------------------------
 Limit  (cost=93876.92..93878.77 rows=1 width=72) (actual time=1407.396..1411.690 rows=1 loops=1)
   InitPlan 1
     ->  Finalize Aggregate  (cost=46821.10..46821.11 rows=1 width=32) (actual time=328.175..328.270 rows=1 loops=1)
           ->  Gather  (cost=46820.66..46821.07 rows=4 width=32) (actual time=327.624..328.258 rows=5 loops=1)
                 Workers Planned: 4
                 Workers Launched: 4
                 ->  Partial Aggregate  (cost=45820.66..45820.67 rows=1 width=32) (actual time=314.282..314.283 rows=1 loops=5)
                       ->  Parallel Seq Scan on customer customer_1  (cost=0.00..45790.74 rows=11970 width=6) (actual time=0.135..306.634 rows=76485 loops=5)
                             Filter: ((c_acctbal > 0.00) AND (SUBSTRING(c_phone FROM 1 FOR 2) = ANY ('{21,29,26,34,14,15,17}'::text[])))
                             Rows Removed by Filter: 223515
   ->  GroupAggregate  (cost=47055.81..60578.70 rows=7312 width=72) (actual time=1407.395..1411.592 rows=1 loops=1)
         Group Key: SUBSTRING(customer.c_phone FROM 1 FOR 2)
         ->  Nested Loop Anti Join  (cost=47055.81..60395.90 rows=7312 width=38) (actual time=493.723..1405.825 rows=9006 loops=1)
               ->  Gather Merge  (cost=47055.37..49150.73 rows=17500 width=26) (actual time=491.225..511.475 rows=27128 loops=1)
                     Workers Planned: 4
                     Workers Launched: 3
                     ->  Sort  (cost=46055.32..46066.25 rows=4375 width=26) (actual time=156.714..157.649 rows=7526 loops=4)
                           Sort Key: (SUBSTRING(customer.c_phone FROM 1 FOR 2))
                           Sort Method: quicksort  Memory: 3895kB
                           Worker 0:  Sort Method: quicksort  Memory: 3718kB
                           Worker 1:  Sort Method: quicksort  Memory: 3743kB
                           Worker 2:  Sort Method: quicksort  Memory: 3748kB
                           ->  Parallel Seq Scan on customer  (cost=0.00..45790.74 rows=4375 width=26) (actual time=0.021..141.906 rows=47782 loops=4)
                                 Filter: ((c_acctbal > (InitPlan 1).col1) AND (SUBSTRING(c_phone FROM 1 FOR 2) = ANY ('{21,29,26,34,14,15,17}'::text[])))
                                 Rows Removed by Filter: 327218
               ->  Index Only Scan using idx_orders_custkey on orders  (cost=0.43..2.63 rows=17 width=4) (actual time=0.032..0.032 rows=1 loops=27128)
                     Index Cond: (o_custkey = customer.c_custkey)
                     Heap Fetches: 0
 Planning Time: 18.450 ms
 Execution Time: 1411.764 ms
(30 rows)

SET
SET
SET
                                                                          QUERY PLAN                                                                          
--------------------------------------------------------------------------------------------------------------------------------------------------------------
 Limit  (cost=93876.92..93878.77 rows=1 width=72) (actual time=429.813..433.630 rows=1 loops=1)
   InitPlan 1
     ->  Finalize Aggregate  (cost=46821.10..46821.11 rows=1 width=32) (actual time=195.619..195.718 rows=1 loops=1)
           ->  Gather  (cost=46820.66..46821.07 rows=4 width=32) (actual time=193.064..195.701 rows=5 loops=1)
                 Workers Planned: 4
                 Workers Launched: 4
                 ->  Partial Aggregate  (cost=45820.66..45820.67 rows=1 width=32) (actual time=188.800..188.801 rows=1 loops=5)
                       ->  Parallel Seq Scan on customer customer_1  (cost=0.00..45790.74 rows=11970 width=6) (actual time=0.014..178.934 rows=76485 loops=5)
                             Filter: ((c_acctbal > 0.00) AND (SUBSTRING(c_phone FROM 1 FOR 2) = ANY ('{21,29,26,34,14,15,17}'::text[])))
                             Rows Removed by Filter: 223515
   ->  GroupAggregate  (cost=47055.81..60578.70 rows=7312 width=72) (actual time=429.812..433.529 rows=1 loops=1)
         Group Key: SUBSTRING(customer.c_phone FROM 1 FOR 2)
         ->  Nested Loop Anti Join  (cost=47055.81..60395.90 rows=7312 width=38) (actual time=360.641..431.562 rows=9006 loops=1)
               ->  Gather Merge  (cost=47055.37..49150.73 rows=17500 width=26) (actual time=360.556..371.252 rows=27130 loops=1)
                     Workers Planned: 4
                     Workers Launched: 4
                     ->  Sort  (cost=46055.32..46066.25 rows=4375 width=26) (actual time=157.332..157.864 rows=6247 loops=5)
                           Sort Key: (SUBSTRING(customer.c_phone FROM 1 FOR 2))
                           Sort Method: quicksort  Memory: 3963kB
                           Worker 0:  Sort Method: quicksort  Memory: 1824kB
                           Worker 1:  Sort Method: quicksort  Memory: 1847kB
                           Worker 2:  Sort Method: quicksort  Memory: 3824kB
                           Worker 3:  Sort Method: quicksort  Memory: 3648kB
                           ->  Parallel Seq Scan on customer  (cost=0.00..45790.74 rows=4375 width=26) (actual time=0.020..141.907 rows=38226 loops=5)
                                 Filter: ((c_acctbal > (InitPlan 1).col1) AND (SUBSTRING(c_phone FROM 1 FOR 2) = ANY ('{21,29,26,34,14,15,17}'::text[])))
                                 Rows Removed by Filter: 261774
               ->  Index Only Scan using idx_orders_custkey on orders  (cost=0.43..2.63 rows=17 width=4) (actual time=0.002..0.002 rows=1 loops=27130)
                     Index Cond: (o_custkey = customer.c_custkey)
                     Heap Fetches: 0
 Planning Time: 1.538 ms
 Execution Time: 433.696 ms
(31 rows)

