query 1 run 1
SET
SET
                                                                 QUERY PLAN                                                                  
---------------------------------------------------------------------------------------------------------------------------------------------
 Limit  (cost=3812278.57..3812278.58 rows=1 width=51) (actual time=196319.952..196319.953 rows=1 loops=1)
   ->  Sort  (cost=3812278.57..3812278.59 rows=6 width=51) (actual time=196319.951..196319.951 rows=1 loops=1)
         Sort Key: l_returnflag, l_linestatus
         ->  HashAggregate  (cost=3812278.22..3812278.49 rows=6 width=51) (actual time=196319.908..196319.913 rows=4 loops=1)
               ->  Seq Scan on lineitem  (cost=0.00..2329118.60 rows=59326385 width=51) (actual time=0.514..14772.522 rows=59284448 loops=1)
                     Filter: (l_shipdate <= '1998-09-10 00:00:00'::timestamp without time zone)
 Total runtime: 196320.294 ms
(7 rows)

SET
SET
                                                                 QUERY PLAN                                                                  
---------------------------------------------------------------------------------------------------------------------------------------------
 Limit  (cost=3812278.57..3812278.58 rows=1 width=51) (actual time=194969.121..194969.121 rows=1 loops=1)
   ->  Sort  (cost=3812278.57..3812278.59 rows=6 width=51) (actual time=194969.120..194969.120 rows=1 loops=1)
         Sort Key: l_returnflag, l_linestatus
         ->  HashAggregate  (cost=3812278.22..3812278.49 rows=6 width=51) (actual time=194969.079..194969.085 rows=4 loops=1)
               ->  Seq Scan on lineitem  (cost=0.00..2329118.60 rows=59326385 width=51) (actual time=0.013..11951.332 rows=59284448 loops=1)
                     Filter: (l_shipdate <= '1998-09-10 00:00:00'::timestamp without time zone)
 Total runtime: 194969.200 ms
(7 rows)

query 2 run 1
SET
SET
                                                                                   QUERY PLAN                                                                                   
--------------------------------------------------------------------------------------------------------------------------------------------------------------------------------
 Limit  (cost=1032002.60..1032002.61 rows=1 width=216) (actual time=6049.369..6049.379 rows=100 loops=1)
   ->  Sort  (cost=1032002.60..1032002.61 rows=1 width=216) (actual time=6049.368..6049.373 rows=100 loops=1)
         Sort Key: supplier.s_acctbal, nation.n_name, supplier.s_name, part.p_partkey
         ->  Hash Join  (cost=85596.12..1032002.59 rows=1 width=216) (actual time=621.900..6043.917 rows=4737 loops=1)
               Hash Cond: (partsupp.ps_partkey = part.p_partkey)
               Join Filter: (partsupp.ps_supplycost = (subplan))
               ->  Hash Join  (cost=4410.53..319464.89 rows=1579754 width=198) (actual time=45.345..4256.468 rows=1604080 loops=1)
                     Hash Cond: (partsupp.ps_suppkey = supplier.s_suppkey)
                     ->  Seq Scan on partsupp  (cost=0.00..269251.96 rows=8001296 width=19) (actual time=0.419..1877.850 rows=8000000 loops=1)
                     ->  Hash  (cost=4160.53..4160.53 rows=20000 width=187) (actual time=44.906..44.906 rows=20051 loops=1)
                           ->  Hash Join  (cost=2.53..4160.53 rows=20000 width=187) (actual time=0.638..39.947 rows=20051 loops=1)
                                 Hash Cond: (supplier.s_nationkey = nation.n_nationkey)
                                 ->  Seq Scan on supplier  (cost=0.00..3583.00 rows=100000 width=162) (actual time=0.230..28.368 rows=100000 loops=1)
                                 ->  Hash  (cost=2.47..2.47 rows=5 width=33) (actual time=0.405..0.405 rows=5 loops=1)
                                       ->  Hash Join  (cost=1.07..2.47 rows=5 width=33) (actual time=0.395..0.404 rows=5 loops=1)
                                             Hash Cond: (nation.n_regionkey = region.r_regionkey)
                                             ->  Seq Scan on nation  (cost=0.00..1.25 rows=25 width=37) (actual time=0.183..0.186 rows=25 loops=1)
                                             ->  Hash  (cost=1.06..1.06 rows=1 width=4) (actual time=0.205..0.205 rows=1 loops=1)
                                                   ->  Seq Scan on region  (cost=0.00..1.06 rows=1 width=4) (actual time=0.201..0.202 rows=1 loops=1)
                                                         Filter: (r_name = 'AMERICA'::bpchar)
               ->  Hash  (cost=81082.55..81082.55 rows=8243 width=33) (actual time=573.478..573.478 rows=8046 loops=1)
                     ->  Seq Scan on part  (cost=0.00..81082.55 rows=8243 width=33) (actual time=0.741..570.093 rows=8046 loops=1)
                           Filter: ((p_size = 16) AND ((p_type)::text ~~ '%NICKEL'::text))
               SubPlan
                 ->  Aggregate  (cost=93.91..93.92 rows=1 width=11) (actual time=0.123..0.123 rows=1 loops=6398)
                       ->  Nested Loop  (cost=1.56..93.90 rows=4 width=11) (actual time=0.112..0.121 rows=2 loops=6398)
                             Join Filter: (nation.n_regionkey = region.r_regionkey)
                             ->  Seq Scan on region  (cost=0.00..1.06 rows=1 width=4) (actual time=0.001..0.001 rows=1 loops=6398)
                                   Filter: (r_name = 'AMERICA'::bpchar)
                             ->  Hash Join  (cost=1.56..92.59 rows=20 width=15) (actual time=0.106..0.119 rows=4 loops=6398)
                                   Hash Cond: (supplier.s_nationkey = nation.n_nationkey)
                                   ->  Nested Loop  (cost=0.00..90.75 rows=20 width=15) (actual time=0.105..0.117 rows=4 loops=6398)
                                         ->  Index Scan using idx_partsupp_partkey on partsupp  (cost=0.00..5.04 rows=20 width=15) (actual time=0.101..0.103 rows=4 loops=6398)
                                               Index Cond: ($0 = ps_partkey)
                                         ->  Index Scan using supplier_pkey on supplier  (cost=0.00..4.27 rows=1 width=8) (actual time=0.003..0.003 rows=1 loops=25592)
                                               Index Cond: (supplier.s_suppkey = partsupp.ps_suppkey)
                                   ->  Hash  (cost=1.25..1.25 rows=25 width=8) (actual time=0.008..0.008 rows=25 loops=1)
                                         ->  Seq Scan on nation  (cost=0.00..1.25 rows=25 width=8) (actual time=0.002..0.005 rows=25 loops=1)
 Total runtime: 6049.448 ms
(39 rows)

SET
SET
                                                                                   QUERY PLAN                                                                                   
--------------------------------------------------------------------------------------------------------------------------------------------------------------------------------
 Limit  (cost=1032002.60..1032002.61 rows=1 width=216) (actual time=3483.151..3483.160 rows=100 loops=1)
   ->  Sort  (cost=1032002.60..1032002.61 rows=1 width=216) (actual time=3483.149..3483.153 rows=100 loops=1)
         Sort Key: supplier.s_acctbal, nation.n_name, supplier.s_name, part.p_partkey
         ->  Hash Join  (cost=85596.12..1032002.59 rows=1 width=216) (actual time=349.359..3479.002 rows=4737 loops=1)
               Hash Cond: (partsupp.ps_partkey = part.p_partkey)
               Join Filter: (partsupp.ps_supplycost = (subplan))
               ->  Hash Join  (cost=4410.53..319464.89 rows=1579754 width=198) (actual time=30.522..2814.406 rows=1604080 loops=1)
                     Hash Cond: (partsupp.ps_suppkey = supplier.s_suppkey)
                     ->  Seq Scan on partsupp  (cost=0.00..269251.96 rows=8001296 width=19) (actual time=0.007..966.385 rows=8000000 loops=1)
                     ->  Hash  (cost=4160.53..4160.53 rows=20000 width=187) (actual time=30.500..30.500 rows=20051 loops=1)
                           ->  Hash Join  (cost=2.53..4160.53 rows=20000 width=187) (actual time=0.026..25.669 rows=20051 loops=1)
                                 Hash Cond: (supplier.s_nationkey = nation.n_nationkey)
                                 ->  Seq Scan on supplier  (cost=0.00..3583.00 rows=100000 width=162) (actual time=0.006..14.656 rows=100000 loops=1)
                                 ->  Hash  (cost=2.47..2.47 rows=5 width=33) (actual time=0.019..0.019 rows=5 loops=1)
                                       ->  Hash Join  (cost=1.07..2.47 rows=5 width=33) (actual time=0.014..0.018 rows=5 loops=1)
                                             Hash Cond: (nation.n_regionkey = region.r_regionkey)
                                             ->  Seq Scan on nation  (cost=0.00..1.25 rows=25 width=37) (actual time=0.004..0.004 rows=25 loops=1)
                                             ->  Hash  (cost=1.06..1.06 rows=1 width=4) (actual time=0.008..0.008 rows=1 loops=1)
                                                   ->  Seq Scan on region  (cost=0.00..1.06 rows=1 width=4) (actual time=0.006..0.007 rows=1 loops=1)
                                                         Filter: (r_name = 'AMERICA'::bpchar)
               ->  Hash  (cost=81082.55..81082.55 rows=8243 width=33) (actual time=318.625..318.625 rows=8046 loops=1)
                     ->  Seq Scan on part  (cost=0.00..81082.55 rows=8243 width=33) (actual time=0.011..316.832 rows=8046 loops=1)
                           Filter: ((p_size = 16) AND ((p_type)::text ~~ '%NICKEL'::text))
               SubPlan
                 ->  Aggregate  (cost=93.91..93.92 rows=1 width=11) (actual time=0.017..0.017 rows=1 loops=6398)
                       ->  Nested Loop  (cost=1.56..93.90 rows=4 width=11) (actual time=0.010..0.015 rows=2 loops=6398)
                             Join Filter: (nation.n_regionkey = region.r_regionkey)
                             ->  Seq Scan on region  (cost=0.00..1.06 rows=1 width=4) (actual time=0.001..0.001 rows=1 loops=6398)
                                   Filter: (r_name = 'AMERICA'::bpchar)
                             ->  Hash Join  (cost=1.56..92.59 rows=20 width=15) (actual time=0.007..0.014 rows=4 loops=6398)
                                   Hash Cond: (supplier.s_nationkey = nation.n_nationkey)
                                   ->  Nested Loop  (cost=0.00..90.75 rows=20 width=15) (actual time=0.006..0.013 rows=4 loops=6398)
                                         ->  Index Scan using idx_partsupp_partkey on partsupp  (cost=0.00..5.04 rows=20 width=15) (actual time=0.004..0.004 rows=4 loops=6398)
                                               Index Cond: ($0 = ps_partkey)
                                         ->  Index Scan using supplier_pkey on supplier  (cost=0.00..4.27 rows=1 width=8) (actual time=0.002..0.002 rows=1 loops=25592)
                                               Index Cond: (supplier.s_suppkey = partsupp.ps_suppkey)
                                   ->  Hash  (cost=1.25..1.25 rows=25 width=8) (actual time=0.007..0.007 rows=25 loops=1)
                                         ->  Seq Scan on nation  (cost=0.00..1.25 rows=25 width=8) (actual time=0.002..0.004 rows=25 loops=1)
 Total runtime: 3483.221 ms
(39 rows)

query 3 run 1
SET
SET
                                                                            QUERY PLAN                                                                            
------------------------------------------------------------------------------------------------------------------------------------------------------------------
 Limit  (cost=4632341.87..4632341.89 rows=10 width=34) (actual time=34649.364..34649.366 rows=10 loops=1)
   ->  Sort  (cost=4632341.87..4640283.03 rows=3176467 width=34) (actual time=34649.364..34649.365 rows=10 loops=1)
         Sort Key: sum((lineitem.l_extendedprice * (1::numeric - lineitem.l_discount))), orders.o_orderdate
         ->  GroupAggregate  (cost=4124207.94..4219501.95 rows=3176467 width=34) (actual time=34397.306..34574.125 rows=113934 loops=1)
               ->  Sort  (cost=4124207.94..4132149.10 rows=3176467 width=34) (actual time=34397.292..34423.978 rows=301530 loops=1)
                     Sort Key: lineitem.l_orderkey, orders.o_orderdate, orders.o_shippriority
                     ->  Hash Join  (cost=712556.70..3711368.02 rows=3176467 width=34) (actual time=9113.485..34161.070 rows=301530 loops=1)
                           Hash Cond: (lineitem.l_orderkey = orders.o_orderkey)
                           ->  Seq Scan on lineitem  (cost=0.00..2329118.60 rows=32481612 width=26) (actual time=0.483..14012.347 rows=32534229 loops=1)
                                 Filter: (l_shipdate > '1995-03-07'::date)
                           ->  Hash  (cost=685623.85..685623.85 rows=1466948 width=12) (actual time=9110.166..9110.166 rows=1451805 loops=1)
                                 ->  Hash Join  (cost=64680.40..685623.85 rows=1466948 width=12) (actual time=546.916..8842.857 rows=1451805 loops=1)
                                       Hash Cond: (orders.o_custkey = customer.c_custkey)
                                       ->  Seq Scan on orders  (cost=0.00..506304.22 rows=7270527 width=16) (actual time=0.486..3444.207 rows=7239437 loops=1)
                                             Filter: (o_orderdate < '1995-03-07'::date)
                                       ->  Hash  (cost=60897.40..60897.40 rows=302640 width=4) (actual time=546.394..546.394 rows=300276 loops=1)
                                             ->  Seq Scan on customer  (cost=0.00..60897.40 rows=302640 width=4) (actual time=0.418..504.590 rows=300276 loops=1)
                                                   Filter: (c_mktsegment = 'BUILDING'::bpchar)
 Total runtime: 34652.624 ms
(19 rows)

SET
SET
                                                                            QUERY PLAN                                                                            
------------------------------------------------------------------------------------------------------------------------------------------------------------------
 Limit  (cost=4632341.87..4632341.89 rows=10 width=34) (actual time=34239.614..34239.616 rows=10 loops=1)
   ->  Sort  (cost=4632341.87..4640283.03 rows=3176467 width=34) (actual time=34239.613..34239.613 rows=10 loops=1)
         Sort Key: sum((lineitem.l_extendedprice * (1::numeric - lineitem.l_discount))), orders.o_orderdate
         ->  GroupAggregate  (cost=4124207.94..4219501.95 rows=3176467 width=34) (actual time=33986.956..34163.577 rows=113934 loops=1)
               ->  Sort  (cost=4124207.94..4132149.10 rows=3176467 width=34) (actual time=33986.943..34013.769 rows=301530 loops=1)
                     Sort Key: lineitem.l_orderkey, orders.o_orderdate, orders.o_shippriority
                     ->  Hash Join  (cost=712556.70..3711368.02 rows=3176467 width=34) (actual time=8718.157..33741.502 rows=301530 loops=1)
                           Hash Cond: (lineitem.l_orderkey = orders.o_orderkey)
                           ->  Seq Scan on lineitem  (cost=0.00..2329118.60 rows=32481612 width=26) (actual time=0.280..13984.730 rows=32534229 loops=1)
                                 Filter: (l_shipdate > '1995-03-07'::date)
                           ->  Hash  (cost=685623.85..685623.85 rows=1466948 width=12) (actual time=8715.110..8715.110 rows=1451805 loops=1)
                                 ->  Hash Join  (cost=64680.40..685623.85 rows=1466948 width=12) (actual time=484.102..8454.582 rows=1451805 loops=1)
                                       Hash Cond: (orders.o_custkey = customer.c_custkey)
                                       ->  Seq Scan on orders  (cost=0.00..506304.22 rows=7270527 width=16) (actual time=0.217..3112.866 rows=7239437 loops=1)
                                             Filter: (o_orderdate < '1995-03-07'::date)
                                       ->  Hash  (cost=60897.40..60897.40 rows=302640 width=4) (actual time=483.861..483.861 rows=300276 loops=1)
                                             ->  Seq Scan on customer  (cost=0.00..60897.40 rows=302640 width=4) (actual time=0.205..444.427 rows=300276 loops=1)
                                                   Filter: (c_mktsegment = 'BUILDING'::bpchar)
 Total runtime: 34243.211 ms
(19 rows)

query 4 run 1
SET
SET
                                                                           QUERY PLAN                                                                           
----------------------------------------------------------------------------------------------------------------------------------------------------------------
 Limit  (cost=410314.64..410314.65 rows=1 width=19) (actual time=29402.787..29402.787 rows=1 loops=1)
   ->  Sort  (cost=410314.64..410314.65 rows=1 width=19) (actual time=29402.786..29402.786 rows=1 loops=1)
         Sort Key: o_orderpriority
         ->  HashAggregate  (cost=410314.62..410314.63 rows=1 width=19) (actual time=29402.742..29402.743 rows=5 loops=1)
               ->  Bitmap Heap Scan on orders  (cost=8749.19..408913.60 rows=280203 width=19) (actual time=177.048..29109.093 rows=513822 loops=1)
                     Recheck Cond: ((o_orderdate >= '1993-12-01'::date) AND (o_orderdate < '1994-03-01'::date))
                     Filter: (subplan)
                     ->  Bitmap Index Scan on idx_orders_orderdate  (cost=0.00..8679.14 rows=560407 width=0) (actual time=118.453..118.453 rows=560424 loops=1)
                           Index Cond: ((o_orderdate >= '1993-12-01'::date) AND (o_orderdate < '1994-03-01'::date))
                     SubPlan
                       ->  Index Scan using q4_idx_1 on lineitem  (cost=0.00..9.56 rows=64 width=152) (actual time=0.047..0.047 rows=1 loops=560424)
                             Index Cond: (l_orderkey = $0)
 Total runtime: 29403.116 ms
(13 rows)

SET
SET
                                                                           QUERY PLAN                                                                           
----------------------------------------------------------------------------------------------------------------------------------------------------------------
 Limit  (cost=410314.64..410314.65 rows=1 width=19) (actual time=23672.235..23672.235 rows=1 loops=1)
   ->  Sort  (cost=410314.64..410314.65 rows=1 width=19) (actual time=23672.234..23672.234 rows=1 loops=1)
         Sort Key: o_orderpriority
         ->  HashAggregate  (cost=410314.62..410314.63 rows=1 width=19) (actual time=23672.199..23672.200 rows=5 loops=1)
               ->  Bitmap Heap Scan on orders  (cost=8749.19..408913.60 rows=280203 width=19) (actual time=190.592..23407.767 rows=513822 loops=1)
                     Recheck Cond: ((o_orderdate >= '1993-12-01'::date) AND (o_orderdate < '1994-03-01'::date))
                     Filter: (subplan)
                     ->  Bitmap Index Scan on idx_orders_orderdate  (cost=0.00..8679.14 rows=560407 width=0) (actual time=130.413..130.413 rows=560424 loops=1)
                           Index Cond: ((o_orderdate >= '1993-12-01'::date) AND (o_orderdate < '1994-03-01'::date))
                     SubPlan
                       ->  Index Scan using q4_idx_1 on lineitem  (cost=0.00..9.56 rows=64 width=152) (actual time=0.038..0.038 rows=1 loops=560424)
                             Index Cond: (l_orderkey = $0)
 Total runtime: 23672.721 ms
(13 rows)

query 5 run 1
SET
SET
                                                                                     QUERY PLAN                                                                                      
-------------------------------------------------------------------------------------------------------------------------------------------------------------------------------------
 Limit  (cost=3533580.31..3533580.31 rows=1 width=51) (actual time=37053.335..37053.336 rows=1 loops=1)
   ->  Sort  (cost=3533580.31..3533580.37 rows=25 width=51) (actual time=37053.335..37053.335 rows=1 loops=1)
         Sort Key: sum((lineitem.l_extendedprice * (1::numeric - lineitem.l_discount)))
         ->  HashAggregate  (cost=3533579.29..3533579.72 rows=25 width=51) (actual time=37053.302..37053.303 rows=5 loops=1)
               ->  Hash Join  (cost=520615.71..3533212.27 rows=73404 width=51) (actual time=4095.385..36985.081 rows=72033 loops=1)
                     Hash Cond: ((orders.o_custkey = customer.c_custkey) AND (supplier.s_nationkey = customer.c_nationkey))
                     ->  Hash Join  (cost=433644.91..3358447.15 rows=1835614 width=63) (actual time=3375.193..35044.579 rows=1824538 loops=1)
                           Hash Cond: (lineitem.l_orderkey = orders.o_orderkey)
                           ->  Hash Join  (cost=4410.53..2528484.31 rows=11997242 width=63) (actual time=40.399..25204.648 rows=12029389 loops=1)
                                 Hash Cond: (lineitem.l_suppkey = supplier.s_suppkey)
                                 ->  Seq Scan on lineitem  (cost=0.00..2179153.08 rows=59986208 width=30) (actual time=0.511..9145.409 rows=59986052 loops=1)
                                 ->  Hash  (cost=4160.53..4160.53 rows=20000 width=41) (actual time=39.859..39.859 rows=20051 loops=1)
                                       ->  Hash Join  (cost=2.53..4160.53 rows=20000 width=41) (actual time=0.591..36.814 rows=20051 loops=1)
                                             Hash Cond: (supplier.s_nationkey = nation.n_nationkey)
                                             ->  Seq Scan on supplier  (cost=0.00..3583.00 rows=100000 width=8) (actual time=0.256..26.089 rows=100000 loops=1)
                                             ->  Hash  (cost=2.47..2.47 rows=5 width=33) (actual time=0.328..0.328 rows=5 loops=1)
                                                   ->  Hash Join  (cost=1.07..2.47 rows=5 width=33) (actual time=0.323..0.327 rows=5 loops=1)
                                                         Hash Cond: (nation.n_regionkey = region.r_regionkey)
                                                         ->  Seq Scan on nation  (cost=0.00..1.25 rows=25 width=37) (actual time=0.165..0.167 rows=25 loops=1)
                                                         ->  Hash  (cost=1.06..1.06 rows=1 width=4) (actual time=0.153..0.153 rows=1 loops=1)
                                                               ->  Seq Scan on region  (cost=0.00..1.06 rows=1 width=4) (actual time=0.150..0.150 rows=1 loops=1)
                                                                     Filter: (r_name = 'AMERICA'::bpchar)
                           ->  Hash  (cost=389338.21..389338.21 rows=2295134 width=8) (actual time=3333.645..3333.645 rows=2276638 loops=1)
                                 ->  Bitmap Heap Scan on orders  (cost=36114.20..389338.21 rows=2295134 width=8) (actual time=526.482..2941.258 rows=2276638 loops=1)
                                       Recheck Cond: ((o_orderdate >= '1993-01-01'::date) AND (o_orderdate < '1994-01-01'::date))
                                       ->  Bitmap Index Scan on idx_orders_orderdate  (cost=0.00..35540.41 rows=2295134 width=0) (actual time=458.033..458.033 rows=2276638 loops=1)
                                             Index Cond: ((o_orderdate >= '1993-01-01'::date) AND (o_orderdate < '1994-01-01'::date))
                     ->  Hash  (cost=57147.52..57147.52 rows=1499952 width=8) (actual time=704.625..704.625 rows=1500000 loops=1)
                           ->  Seq Scan on customer  (cost=0.00..57147.52 rows=1499952 width=8) (actual time=0.409..482.688 rows=1500000 loops=1)
 Total runtime: 37053.951 ms
(30 rows)

SET
SET
                                                                                     QUERY PLAN                                                                                      
-------------------------------------------------------------------------------------------------------------------------------------------------------------------------------------
 Limit  (cost=3533580.31..3533580.31 rows=1 width=51) (actual time=36046.851..36046.851 rows=1 loops=1)
   ->  Sort  (cost=3533580.31..3533580.37 rows=25 width=51) (actual time=36046.850..36046.850 rows=1 loops=1)
         Sort Key: sum((lineitem.l_extendedprice * (1::numeric - lineitem.l_discount)))
         ->  HashAggregate  (cost=3533579.29..3533579.72 rows=25 width=51) (actual time=36046.831..36046.833 rows=5 loops=1)
               ->  Hash Join  (cost=520615.71..3533212.27 rows=73404 width=51) (actual time=3669.350..35976.742 rows=72033 loops=1)
                     Hash Cond: ((orders.o_custkey = customer.c_custkey) AND (supplier.s_nationkey = customer.c_nationkey))
                     ->  Hash Join  (cost=433644.91..3358447.15 rows=1835614 width=63) (actual time=3014.802..34066.972 rows=1824538 loops=1)
                           Hash Cond: (lineitem.l_orderkey = orders.o_orderkey)
                           ->  Hash Join  (cost=4410.53..2528484.31 rows=11997242 width=63) (actual time=36.252..24379.589 rows=12029389 loops=1)
                                 Hash Cond: (lineitem.l_suppkey = supplier.s_suppkey)
                                 ->  Seq Scan on lineitem  (cost=0.00..2179153.08 rows=59986208 width=30) (actual time=0.360..8848.191 rows=59986052 loops=1)
                                 ->  Hash  (cost=4160.53..4160.53 rows=20000 width=41) (actual time=35.862..35.862 rows=20051 loops=1)
                                       ->  Hash Join  (cost=2.53..4160.53 rows=20000 width=41) (actual time=0.729..32.777 rows=20051 loops=1)
                                             Hash Cond: (supplier.s_nationkey = nation.n_nationkey)
                                             ->  Seq Scan on supplier  (cost=0.00..3583.00 rows=100000 width=8) (actual time=0.291..22.076 rows=100000 loops=1)
                                             ->  Hash  (cost=2.47..2.47 rows=5 width=33) (actual time=0.430..0.430 rows=5 loops=1)
                                                   ->  Hash Join  (cost=1.07..2.47 rows=5 width=33) (actual time=0.419..0.428 rows=5 loops=1)
                                                         Hash Cond: (nation.n_regionkey = region.r_regionkey)
                                                         ->  Seq Scan on nation  (cost=0.00..1.25 rows=25 width=37) (actual time=0.205..0.207 rows=25 loops=1)
                                                         ->  Hash  (cost=1.06..1.06 rows=1 width=4) (actual time=0.206..0.206 rows=1 loops=1)
                                                               ->  Seq Scan on region  (cost=0.00..1.06 rows=1 width=4) (actual time=0.203..0.204 rows=1 loops=1)
                                                                     Filter: (r_name = 'AMERICA'::bpchar)
                           ->  Hash  (cost=389338.21..389338.21 rows=2295134 width=8) (actual time=2977.303..2977.303 rows=2276638 loops=1)
                                 ->  Bitmap Heap Scan on orders  (cost=36114.20..389338.21 rows=2295134 width=8) (actual time=510.568..2591.702 rows=2276638 loops=1)
                                       Recheck Cond: ((o_orderdate >= '1993-01-01'::date) AND (o_orderdate < '1994-01-01'::date))
                                       ->  Bitmap Index Scan on idx_orders_orderdate  (cost=0.00..35540.41 rows=2295134 width=0) (actual time=442.419..442.419 rows=2276638 loops=1)
                                             Index Cond: ((o_orderdate >= '1993-01-01'::date) AND (o_orderdate < '1994-01-01'::date))
                     ->  Hash  (cost=57147.52..57147.52 rows=1499952 width=8) (actual time=638.931..638.931 rows=1500000 loops=1)
                           ->  Seq Scan on customer  (cost=0.00..57147.52 rows=1499952 width=8) (actual time=0.216..418.203 rows=1500000 loops=1)
 Total runtime: 36047.439 ms
(30 rows)

query 6 run 1
SET
SET
                                                                                                         QUERY PLAN                                                                                                          
-----------------------------------------------------------------------------------------------------------------------------------------------------------------------------------------------------------------------------
 Limit  (cost=1389750.79..1389750.81 rows=1 width=22) (actual time=20102.532..20102.533 rows=1 loops=1)
   ->  Aggregate  (cost=1389750.79..1389750.81 rows=1 width=22) (actual time=20102.530..20102.530 rows=1 loops=1)
         ->  Bitmap Heap Scan on lineitem  (cost=267099.46..1386757.33 rows=1197385 width=22) (actual time=1357.688..19594.207 rows=1194558 loops=1)
               Recheck Cond: ((l_shipdate >= '1993-01-01'::date) AND (l_shipdate < '1994-01-01 00:00:00'::timestamp without time zone) AND (l_discount >= 0.06) AND (l_discount <= 0.08) AND (l_quantity < 25::numeric))
               ->  Bitmap Index Scan on idx_lineitem_shipdate  (cost=0.00..266800.11 rows=1197385 width=0) (actual time=1297.580..1297.580 rows=1194558 loops=1)
                     Index Cond: ((l_shipdate >= '1993-01-01'::date) AND (l_shipdate < '1994-01-01 00:00:00'::timestamp without time zone) AND (l_discount >= 0.06) AND (l_discount <= 0.08) AND (l_quantity < 25::numeric))
 Total runtime: 20102.567 ms
(7 rows)

SET
SET
                                                                                                         QUERY PLAN                                                                                                          
-----------------------------------------------------------------------------------------------------------------------------------------------------------------------------------------------------------------------------
 Limit  (cost=1389750.79..1389750.81 rows=1 width=22) (actual time=6644.231..6644.232 rows=1 loops=1)
   ->  Aggregate  (cost=1389750.79..1389750.81 rows=1 width=22) (actual time=6644.230..6644.230 rows=1 loops=1)
         ->  Bitmap Heap Scan on lineitem  (cost=267099.46..1386757.33 rows=1197385 width=22) (actual time=1114.871..6198.770 rows=1194558 loops=1)
               Recheck Cond: ((l_shipdate >= '1993-01-01'::date) AND (l_shipdate < '1994-01-01 00:00:00'::timestamp without time zone) AND (l_discount >= 0.06) AND (l_discount <= 0.08) AND (l_quantity < 25::numeric))
               ->  Bitmap Index Scan on idx_lineitem_shipdate  (cost=0.00..266800.11 rows=1197385 width=0) (actual time=1055.378..1055.378 rows=1194558 loops=1)
                     Index Cond: ((l_shipdate >= '1993-01-01'::date) AND (l_shipdate < '1994-01-01 00:00:00'::timestamp without time zone) AND (l_discount >= 0.06) AND (l_discount <= 0.08) AND (l_quantity < 25::numeric))
 Total runtime: 6644.260 ms
(7 rows)

query 7 run 1
SET
SET
                                                                                                      QUERY PLAN                                                                                                       
-----------------------------------------------------------------------------------------------------------------------------------------------------------------------------------------------------------------------
 Limit  (cost=3353959.81..3353959.85 rows=1 width=84) (actual time=36613.136..36613.136 rows=1 loops=1)
   ->  GroupAggregate  (cost=3353959.81..3356010.32 rows=58586 width=84) (actual time=36613.135..36613.135 rows=1 loops=1)
         ->  Sort  (cost=3353959.81..3354106.28 rows=58586 width=84) (actual time=36604.557..36605.288 rows=14421 loops=1)
               Sort Key: n1.n_name, n2.n_name, date_part('year'::text, (lineitem.l_shipdate)::timestamp without time zone)
               ->  Hash Join  (cost=1044389.26..3349320.31 rows=58586 width=84) (actual time=13717.229..36536.119 rows=57794 loops=1)
                     Hash Cond: ((lineitem.l_suppkey = supplier.s_suppkey) AND (n1.n_nationkey = supplier.s_nationkey))
                     ->  Hash Join  (cost=1039306.26..3314067.01 rows=1464577 width=92) (actual time=13667.668..35688.400 rows=1448126 loops=1)
                           Hash Cond: (lineitem.l_orderkey = orders.o_orderkey)
                           ->  Bitmap Heap Scan on lineitem  (cost=406556.54..2260675.53 rows=18321866 width=34) (actual time=3828.713..17089.536 rows=18230325 loops=1)
                                 Recheck Cond: ((l_shipdate >= '1995-01-01'::date) AND (l_shipdate <= '1996-12-31'::date))
                                 ->  Bitmap Index Scan on idx_lineitem_shipdate  (cost=0.00..401976.07 rows=18321866 width=0) (actual time=3744.951..3744.951 rows=18230325 loops=1)
                                       Index Cond: ((l_shipdate >= '1995-01-01'::date) AND (l_shipdate <= '1996-12-31'::date))
                           ->  Hash  (cost=602538.15..602538.15 rows=1199086 width=66) (actual time=9838.816..9838.816 rows=1191175 loops=1)
                                 ->  Hash Join  (cost=65492.35..602538.15 rows=1199086 width=66) (actual time=557.701..9543.202 rows=1191175 loops=1)
                                       Hash Cond: (orders.o_custkey = customer.c_custkey)
                                       ->  Seq Scan on orders  (cost=0.00..468802.78 rows=15000578 width=8) (actual time=0.440..2344.595 rows=15000000 loops=1)
                                       ->  Hash  (cost=63993.60..63993.60 rows=119900 width=66) (actual time=557.233..557.233 rows=119622 loops=1)
                                             ->  Hash Join  (cost=21.30..63993.60 rows=119900 width=66) (actual time=0.766..530.481 rows=119622 loops=1)
                                                   Hash Cond: (customer.c_nationkey = n2.n_nationkey)
                                                   ->  Seq Scan on customer  (cost=0.00..57147.52 rows=1499952 width=8) (actual time=0.449..397.788 rows=1500000 loops=1)
                                                   ->  Hash  (cost=21.27..21.27 rows=2 width=66) (actual time=0.308..0.308 rows=2 loops=1)
                                                         ->  Nested Loop  (cost=1.27..21.27 rows=2 width=66) (actual time=0.270..0.307 rows=2 loops=1)
                                                               Join Filter: (((n1.n_name = 'PERU'::bpchar) AND (n2.n_name = 'MOROCCO'::bpchar)) OR ((n1.n_name = 'MOROCCO'::bpchar) AND (n2.n_name = 'PERU'::bpchar)))
                                                               ->  Seq Scan on nation n1  (cost=0.00..1.25 rows=25 width=33) (actual time=0.188..0.190 rows=25 loops=1)
                                                               ->  Materialize  (cost=1.27..1.52 rows=25 width=33) (actual time=0.000..0.001 rows=25 loops=25)
                                                                     ->  Seq Scan on nation n2  (cost=0.00..1.25 rows=25 width=33) (actual time=0.008..0.011 rows=25 loops=1)
                     ->  Hash  (cost=3583.00..3583.00 rows=100000 width=8) (actual time=45.986..45.986 rows=100000 loops=1)
                           ->  Seq Scan on supplier  (cost=0.00..3583.00 rows=100000 width=8) (actual time=0.214..33.057 rows=100000 loops=1)
 Total runtime: 36613.338 ms
(29 rows)

SET
SET
                                                                                                      QUERY PLAN                                                                                                       
-----------------------------------------------------------------------------------------------------------------------------------------------------------------------------------------------------------------------
 Limit  (cost=3353959.81..3353959.85 rows=1 width=84) (actual time=35898.422..35898.422 rows=1 loops=1)
   ->  GroupAggregate  (cost=3353959.81..3356010.32 rows=58586 width=84) (actual time=35898.420..35898.420 rows=1 loops=1)
         ->  Sort  (cost=3353959.81..3354106.28 rows=58586 width=84) (actual time=35889.819..35890.588 rows=14421 loops=1)
               Sort Key: n1.n_name, n2.n_name, date_part('year'::text, (lineitem.l_shipdate)::timestamp without time zone)
               ->  Hash Join  (cost=1044389.26..3349320.31 rows=58586 width=84) (actual time=13350.809..35814.584 rows=57794 loops=1)
                     Hash Cond: ((lineitem.l_suppkey = supplier.s_suppkey) AND (n1.n_nationkey = supplier.s_nationkey))
                     ->  Hash Join  (cost=1039306.26..3314067.01 rows=1464577 width=92) (actual time=13301.961..34975.135 rows=1448126 loops=1)
                           Hash Cond: (lineitem.l_orderkey = orders.o_orderkey)
                           ->  Bitmap Heap Scan on lineitem  (cost=406556.54..2260675.53 rows=18321866 width=34) (actual time=3645.750..16399.055 rows=18230325 loops=1)
                                 Recheck Cond: ((l_shipdate >= '1995-01-01'::date) AND (l_shipdate <= '1996-12-31'::date))
                                 ->  Bitmap Index Scan on idx_lineitem_shipdate  (cost=0.00..401976.07 rows=18321866 width=0) (actual time=3562.116..3562.116 rows=18230325 loops=1)
                                       Index Cond: ((l_shipdate >= '1995-01-01'::date) AND (l_shipdate <= '1996-12-31'::date))
                           ->  Hash  (cost=602538.15..602538.15 rows=1199086 width=66) (actual time=9656.069..9656.069 rows=1191175 loops=1)
                                 ->  Hash Join  (cost=65492.35..602538.15 rows=1199086 width=66) (actual time=485.347..9348.874 rows=1191175 loops=1)
                                       Hash Cond: (orders.o_custkey = customer.c_custkey)
                                       ->  Seq Scan on orders  (cost=0.00..468802.78 rows=15000578 width=8) (actual time=0.237..2191.079 rows=15000000 loops=1)
                                       ->  Hash  (cost=63993.60..63993.60 rows=119900 width=66) (actual time=485.083..485.083 rows=119622 loops=1)
                                             ->  Hash Join  (cost=21.30..63993.60 rows=119900 width=66) (actual time=0.571..459.841 rows=119622 loops=1)
                                                   Hash Cond: (customer.c_nationkey = n2.n_nationkey)
                                                   ->  Seq Scan on customer  (cost=0.00..57147.52 rows=1499952 width=8) (actual time=0.228..329.863 rows=1500000 loops=1)
                                                   ->  Hash  (cost=21.27..21.27 rows=2 width=66) (actual time=0.336..0.336 rows=2 loops=1)
                                                         ->  Nested Loop  (cost=1.27..21.27 rows=2 width=66) (actual time=0.298..0.335 rows=2 loops=1)
                                                               Join Filter: (((n1.n_name = 'PERU'::bpchar) AND (n2.n_name = 'MOROCCO'::bpchar)) OR ((n1.n_name = 'MOROCCO'::bpchar) AND (n2.n_name = 'PERU'::bpchar)))
                                                               ->  Seq Scan on nation n1  (cost=0.00..1.25 rows=25 width=33) (actual time=0.171..0.173 rows=25 loops=1)
                                                               ->  Materialize  (cost=1.27..1.52 rows=25 width=33) (actual time=0.000..0.002 rows=25 loops=25)
                                                                     ->  Seq Scan on nation n2  (cost=0.00..1.25 rows=25 width=33) (actual time=0.003..0.009 rows=25 loops=1)
                     ->  Hash  (cost=3583.00..3583.00 rows=100000 width=8) (actual time=43.054..43.054 rows=100000 loops=1)
                           ->  Seq Scan on supplier  (cost=0.00..3583.00 rows=100000 width=8) (actual time=0.217..30.372 rows=100000 loops=1)
 Total runtime: 35898.536 ms
(29 rows)

query 8 run 1
SET
SET
                                                                                           QUERY PLAN                                                                                            
-------------------------------------------------------------------------------------------------------------------------------------------------------------------------------------------------
 Limit  (cost=1565747.38..1565747.38 rows=1 width=55) (actual time=64328.631..64328.632 rows=1 loops=1)
   ->  Sort  (cost=1565747.38..1565749.20 rows=726 width=55) (actual time=64328.629..64328.629 rows=1 loops=1)
         Sort Key: date_part('year'::text, (orders.o_orderdate)::timestamp without time zone)
         ->  HashAggregate  (cost=1565687.47..1565712.88 rows=726 width=55) (actual time=64328.604..64328.605 rows=2 loops=1)
               ->  Hash Join  (cost=574011.37..1565506.48 rows=24132 width=55) (actual time=7409.412..64275.341 rows=23842 loops=1)
                     Hash Cond: (supplier.s_nationkey = n2.n_nationkey)
                     ->  Hash Join  (cost=574009.81..1565052.45 rows=24132 width=30) (actual time=7409.186..64247.493 rows=23842 loops=1)
                           Hash Cond: (lineitem.l_suppkey = supplier.s_suppkey)
                           ->  Hash Join  (cost=569176.81..1559736.81 rows=24132 width=30) (actual time=7364.546..64183.805 rows=23842 loops=1)
                                 Hash Cond: (lineitem.l_orderkey = orders.o_orderkey)
                                 ->  Nested Loop  (cost=0.00..978148.97 rows=399921 width=30) (actual time=4.566..56325.018 rows=389521 loops=1)
                                       ->  Index Scan using q2_idx_1 on part  (cost=0.00..71581.19 rows=13334 width=4) (actual time=2.413..999.103 rows=13011 loops=1)
                                             Index Cond: ((p_type)::text = 'LARGE POLISHED BRASS'::text)
                                       ->  Index Scan using idx_lineitem_part_supp on lineitem  (cost=0.00..67.60 rows=31 width=34) (actual time=0.310..4.232 rows=30 loops=13011)
                                             Index Cond: (part.p_partkey = lineitem.l_partkey)
                                 ->  Hash  (cost=553442.32..553442.32 rows=905159 width=8) (actual time=7351.259..7351.259 rows=910360 loops=1)
                                       ->  Hash Join  (cost=140735.11..553442.32 rows=905159 width=8) (actual time=1564.476..7163.600 rows=910360 loops=1)
                                             Hash Cond: (orders.o_custkey = customer.c_custkey)
                                             ->  Bitmap Heap Scan on orders  (cost=71210.46..457894.37 rows=4525794 width=12) (actual time=967.758..3315.097 rows=4557513 loops=1)
                                                   Recheck Cond: ((o_orderdate >= '1995-01-01'::date) AND (o_orderdate <= '1996-12-31'::date))
                                                   ->  Bitmap Index Scan on idx_orders_orderdate  (cost=0.00..70079.01 rows=4525794 width=0) (actual time=899.821..899.821 rows=4557513 loops=1)
                                                         Index Cond: ((o_orderdate >= '1995-01-01'::date) AND (o_orderdate <= '1996-12-31'::date))
                                             ->  Hash  (cost=65774.77..65774.77 rows=299990 width=4) (actual time=596.695..596.695 rows=299436 loops=1)
                                                   ->  Hash Join  (cost=2.53..65774.77 rows=299990 width=4) (actual time=0.738..556.549 rows=299436 loops=1)
                                                         Hash Cond: (customer.c_nationkey = n1.n_nationkey)
                                                         ->  Seq Scan on customer  (cost=0.00..57147.52 rows=1499952 width=8) (actual time=0.476..408.519 rows=1500000 loops=1)
                                                         ->  Hash  (cost=2.47..2.47 rows=5 width=4) (actual time=0.253..0.253 rows=5 loops=1)
                                                               ->  Hash Join  (cost=1.07..2.47 rows=5 width=4) (actual time=0.244..0.249 rows=5 loops=1)
                                                                     Hash Cond: (n1.n_regionkey = region.r_regionkey)
                                                                     ->  Seq Scan on nation n1  (cost=0.00..1.25 rows=25 width=8) (actual time=0.004..0.004 rows=25 loops=1)
                                                                     ->  Hash  (cost=1.06..1.06 rows=1 width=4) (actual time=0.235..0.235 rows=1 loops=1)
                                                                           ->  Seq Scan on region  (cost=0.00..1.06 rows=1 width=4) (actual time=0.230..0.232 rows=1 loops=1)
                                                                                 Filter: (r_name = 'AMERICA'::bpchar)
                           ->  Hash  (cost=3583.00..3583.00 rows=100000 width=8) (actual time=44.621..44.621 rows=100000 loops=1)
                                 ->  Seq Scan on supplier  (cost=0.00..3583.00 rows=100000 width=8) (actual time=0.242..32.553 rows=100000 loops=1)
                     ->  Hash  (cost=1.25..1.25 rows=25 width=33) (actual time=0.207..0.207 rows=25 loops=1)
                           ->  Seq Scan on nation n2  (cost=0.00..1.25 rows=25 width=33) (actual time=0.193..0.197 rows=25 loops=1)
 Total runtime: 64328.973 ms
(38 rows)

SET
SET
                                                                                           QUERY PLAN                                                                                            
-------------------------------------------------------------------------------------------------------------------------------------------------------------------------------------------------
 Limit  (cost=1565747.38..1565747.38 rows=1 width=55) (actual time=7808.052..7808.053 rows=1 loops=1)
   ->  Sort  (cost=1565747.38..1565749.20 rows=726 width=55) (actual time=7808.052..7808.052 rows=1 loops=1)
         Sort Key: date_part('year'::text, (orders.o_orderdate)::timestamp without time zone)
         ->  HashAggregate  (cost=1565687.47..1565712.88 rows=726 width=55) (actual time=7808.037..7808.038 rows=2 loops=1)
               ->  Hash Join  (cost=574011.37..1565506.48 rows=24132 width=55) (actual time=6107.820..7785.149 rows=23842 loops=1)
                     Hash Cond: (supplier.s_nationkey = n2.n_nationkey)
                     ->  Hash Join  (cost=574009.81..1565052.45 rows=24132 width=30) (actual time=6107.785..7772.138 rows=23842 loops=1)
                           Hash Cond: (lineitem.l_suppkey = supplier.s_suppkey)
                           ->  Hash Join  (cost=569176.81..1559736.81 rows=24132 width=30) (actual time=6068.540..7717.831 rows=23842 loops=1)
                                 Hash Cond: (lineitem.l_orderkey = orders.o_orderkey)
                                 ->  Nested Loop  (cost=0.00..978148.97 rows=399921 width=30) (actual time=0.113..1418.394 rows=389521 loops=1)
                                       ->  Index Scan using q2_idx_1 on part  (cost=0.00..71581.19 rows=13334 width=4) (actual time=0.071..129.365 rows=13011 loops=1)
                                             Index Cond: ((p_type)::text = 'LARGE POLISHED BRASS'::text)
                                       ->  Index Scan using idx_lineitem_part_supp on lineitem  (cost=0.00..67.60 rows=31 width=34) (actual time=0.008..0.094 rows=30 loops=13011)
                                             Index Cond: (part.p_partkey = lineitem.l_partkey)
                                 ->  Hash  (cost=553442.32..553442.32 rows=905159 width=8) (actual time=6067.953..6067.953 rows=910360 loops=1)
                                       ->  Hash Join  (cost=140735.11..553442.32 rows=905159 width=8) (actual time=1355.431..5892.116 rows=910360 loops=1)
                                             Hash Cond: (orders.o_custkey = customer.c_custkey)
                                             ->  Bitmap Heap Scan on orders  (cost=71210.46..457894.37 rows=4525794 width=12) (actual time=906.382..2352.783 rows=4557513 loops=1)
                                                   Recheck Cond: ((o_orderdate >= '1995-01-01'::date) AND (o_orderdate <= '1996-12-31'::date))
                                                   ->  Bitmap Index Scan on idx_orders_orderdate  (cost=0.00..70079.01 rows=4525794 width=0) (actual time=838.443..838.443 rows=4557513 loops=1)
                                                         Index Cond: ((o_orderdate >= '1995-01-01'::date) AND (o_orderdate <= '1996-12-31'::date))
                                             ->  Hash  (cost=65774.77..65774.77 rows=299990 width=4) (actual time=449.031..449.031 rows=299436 loops=1)
                                                   ->  Hash Join  (cost=2.53..65774.77 rows=299990 width=4) (actual time=0.038..410.962 rows=299436 loops=1)
                                                         Hash Cond: (customer.c_nationkey = n1.n_nationkey)
                                                         ->  Seq Scan on customer  (cost=0.00..57147.52 rows=1499952 width=8) (actual time=0.012..269.122 rows=1500000 loops=1)
                                                         ->  Hash  (cost=2.47..2.47 rows=5 width=4) (actual time=0.022..0.022 rows=5 loops=1)
                                                               ->  Hash Join  (cost=1.07..2.47 rows=5 width=4) (actual time=0.017..0.021 rows=5 loops=1)
                                                                     Hash Cond: (n1.n_regionkey = region.r_regionkey)
                                                                     ->  Seq Scan on nation n1  (cost=0.00..1.25 rows=25 width=8) (actual time=0.001..0.005 rows=25 loops=1)
                                                                     ->  Hash  (cost=1.06..1.06 rows=1 width=4) (actual time=0.012..0.012 rows=1 loops=1)
                                                                           ->  Seq Scan on region  (cost=0.00..1.06 rows=1 width=4) (actual time=0.010..0.011 rows=1 loops=1)
                                                                                 Filter: (r_name = 'AMERICA'::bpchar)
                           ->  Hash  (cost=3583.00..3583.00 rows=100000 width=8) (actual time=39.230..39.230 rows=100000 loops=1)
                                 ->  Seq Scan on supplier  (cost=0.00..3583.00 rows=100000 width=8) (actual time=0.011..27.198 rows=100000 loops=1)
                     ->  Hash  (cost=1.25..1.25 rows=25 width=33) (actual time=0.019..0.019 rows=25 loops=1)
                           ->  Seq Scan on nation n2  (cost=0.00..1.25 rows=25 width=33) (actual time=0.012..0.016 rows=25 loops=1)
 Total runtime: 7808.179 ms
(38 rows)

query 9 run 1
SET
SET
                                                                                          QUERY PLAN                                                                                          
----------------------------------------------------------------------------------------------------------------------------------------------------------------------------------------------
 Limit  (cost=4366323.00..4366323.04 rows=1 width=76) (actual time=120214.274..120214.274 rows=1 loops=1)
   ->  GroupAggregate  (cost=4366323.00..4366329.22 rows=166 width=76) (actual time=120214.273..120214.273 rows=1 loops=1)
         ->  Sort  (cost=4366323.00..4366323.41 rows=166 width=76) (actual time=120185.835..120205.422 rows=11401 loops=1)
               Sort Key: nation.n_name, date_part('year'::text, (orders.o_orderdate)::timestamp without time zone)
               ->  Hash Join  (cost=3694684.43..4366316.88 rows=166 width=76) (actual time=40464.957..98964.276 rows=3248192 loops=1)
                     Hash Cond: (supplier.s_nationkey = nation.n_nationkey)
                     ->  Nested Loop  (cost=3694682.87..4366312.20 rows=166 width=51) (actual time=40464.726..96856.523 rows=3248192 loops=1)
                           ->  Nested Loop  (cost=3694682.87..4365470.16 rows=166 width=51) (actual time=40462.801..51653.145 rows=3248192 loops=1)
                                 ->  Merge Join  (cost=3694682.87..4364756.29 rows=168 width=55) (actual time=40461.885..46556.751 rows=3248192 loops=1)
                                       Merge Cond: (partsupp.ps_partkey = part.p_partkey)
                                       Join Filter: (partsupp.ps_suppkey = lineitem.l_suppkey)
                                       ->  Index Scan using idx_partsupp_partkey on partsupp  (cost=0.00..353134.13 rows=8001296 width=19) (actual time=1.411..1632.903 rows=7999981 loops=1)
                                       ->  Sort  (cost=3694682.87..3705286.51 rows=4241456 width=48) (actual time=40459.430..42127.899 rows=12992765 loops=1)
                                             Sort Key: part.p_partkey
                                             ->  Hash Join  (cost=77850.17..3124228.17 rows=4241456 width=48) (actual time=941.213..35797.174 rows=3248192 loops=1)
                                                   Hash Cond: (lineitem.l_partkey = part.p_partkey)
                                                   ->  Seq Scan on lineitem  (cost=0.00..2179153.08 rows=59986208 width=44) (actual time=0.559..9740.661 rows=59986052 loops=1)
                                                   ->  Hash  (cost=76082.46..76082.46 rows=141417 width=4) (actual time=940.626..940.626 rows=108312 loops=1)
                                                         ->  Seq Scan on part  (cost=0.00..76082.46 rows=141417 width=4) (actual time=0.576..919.655 rows=108312 loops=1)
                                                               Filter: ((p_name)::text ~~ '%navy%'::text)
                                 ->  Index Scan using supplier_pkey on supplier  (cost=0.00..4.24 rows=1 width=8) (actual time=0.001..0.001 rows=1 loops=3248192)
                                       Index Cond: (supplier.s_suppkey = lineitem.l_suppkey)
                           ->  Index Scan using orders_pkey on orders  (cost=0.00..5.06 rows=1 width=8) (actual time=0.013..0.014 rows=1 loops=3248192)
                                 Index Cond: (orders.o_orderkey = lineitem.l_orderkey)
                     ->  Hash  (cost=1.25..1.25 rows=25 width=33) (actual time=0.210..0.210 rows=25 loops=1)
                           ->  Seq Scan on nation  (cost=0.00..1.25 rows=25 width=33) (actual time=0.195..0.199 rows=25 loops=1)
 Total runtime: 120280.804 ms
(27 rows)

SET
SET
                                                                                          QUERY PLAN                                                                                          
----------------------------------------------------------------------------------------------------------------------------------------------------------------------------------------------
 Limit  (cost=4366323.00..4366323.04 rows=1 width=76) (actual time=105443.414..105443.414 rows=1 loops=1)
   ->  GroupAggregate  (cost=4366323.00..4366329.22 rows=166 width=76) (actual time=105443.414..105443.414 rows=1 loops=1)
         ->  Sort  (cost=4366323.00..4366323.41 rows=166 width=76) (actual time=105414.943..105434.598 rows=11401 loops=1)
               Sort Key: nation.n_name, date_part('year'::text, (orders.o_orderdate)::timestamp without time zone)
               ->  Hash Join  (cost=3694684.43..4366316.88 rows=166 width=76) (actual time=39521.076..84227.383 rows=3248192 loops=1)
                     Hash Cond: (supplier.s_nationkey = nation.n_nationkey)
                     ->  Nested Loop  (cost=3694682.87..4366312.20 rows=166 width=51) (actual time=39520.865..82308.024 rows=3248192 loops=1)
                           ->  Nested Loop  (cost=3694682.87..4365470.16 rows=166 width=51) (actual time=39519.152..50547.932 rows=3248192 loops=1)
                                 ->  Merge Join  (cost=3694682.87..4364756.29 rows=168 width=55) (actual time=39518.196..45595.490 rows=3248192 loops=1)
                                       Merge Cond: (partsupp.ps_partkey = part.p_partkey)
                                       Join Filter: (partsupp.ps_suppkey = lineitem.l_suppkey)
                                       ->  Index Scan using idx_partsupp_partkey on partsupp  (cost=0.00..353134.13 rows=8001296 width=19) (actual time=0.533..1644.750 rows=7999981 loops=1)
                                       ->  Sort  (cost=3694682.87..3705286.51 rows=4241456 width=48) (actual time=39516.636..41210.882 rows=12992765 loops=1)
                                             Sort Key: part.p_partkey
                                             ->  Hash Join  (cost=77850.17..3124228.17 rows=4241456 width=48) (actual time=885.424..34890.916 rows=3248192 loops=1)
                                                   Hash Cond: (lineitem.l_partkey = part.p_partkey)
                                                   ->  Seq Scan on lineitem  (cost=0.00..2179153.08 rows=59986208 width=44) (actual time=0.299..9098.290 rows=59986052 loops=1)
                                                   ->  Hash  (cost=76082.46..76082.46 rows=141417 width=4) (actual time=885.103..885.103 rows=108312 loops=1)
                                                         ->  Seq Scan on part  (cost=0.00..76082.46 rows=141417 width=4) (actual time=0.294..865.554 rows=108312 loops=1)
                                                               Filter: ((p_name)::text ~~ '%navy%'::text)
                                 ->  Index Scan using supplier_pkey on supplier  (cost=0.00..4.24 rows=1 width=8) (actual time=0.001..0.001 rows=1 loops=3248192)
                                       Index Cond: (supplier.s_suppkey = lineitem.l_suppkey)
                           ->  Index Scan using orders_pkey on orders  (cost=0.00..5.06 rows=1 width=8) (actual time=0.009..0.009 rows=1 loops=3248192)
                                 Index Cond: (orders.o_orderkey = lineitem.l_orderkey)
                     ->  Hash  (cost=1.25..1.25 rows=25 width=33) (actual time=0.194..0.194 rows=25 loops=1)
                           ->  Seq Scan on nation  (cost=0.00..1.25 rows=25 width=33) (actual time=0.187..0.187 rows=25 loops=1)
 Total runtime: 105509.561 ms
(27 rows)

query 10 run 1
SET
SET
                                                                                          QUERY PLAN                                                                                          
----------------------------------------------------------------------------------------------------------------------------------------------------------------------------------------------
 Limit  (cost=3274574.94..3274574.99 rows=20 width=211) (actual time=32763.668..32763.676 rows=20 loops=1)
   ->  Sort  (cost=3274574.94..3276025.04 rows=580039 width=211) (actual time=32763.668..32763.672 rows=20 loops=1)
         Sort Key: sum((lineitem.l_extendedprice * (1::numeric - lineitem.l_discount)))
         ->  GroupAggregate  (cost=3151946.86..3175148.42 rows=580039 width=211) (actual time=30427.158..32104.364 rows=381205 loops=1)
               ->  Sort  (cost=3151946.86..3153396.95 rows=580039 width=211) (actual time=30427.138..31180.355 rows=1145402 loops=1)
                     Sort Key: customer.c_custkey, customer.c_name, customer.c_acctbal, customer.c_phone, nation.n_name, customer.c_address, customer.c_comment
                     ->  Hash Join  (cost=448973.43..3052520.33 rows=580039 width=211) (actual time=4064.694..24981.454 rows=1145402 loops=1)
                           Hash Cond: (customer.c_nationkey = nation.n_nationkey)
                           ->  Hash Join  (cost=448971.87..3044543.23 rows=580039 width=186) (actual time=4064.478..24776.069 rows=1145402 loops=1)
                                 Hash Cond: (orders.o_custkey = customer.c_custkey)
                                 ->  Hash Join  (cost=336454.95..2876916.68 rows=580039 width=26) (actual time=3038.710..21169.785 rows=1145402 loops=1)
                                       Hash Cond: (lineitem.l_orderkey = orders.o_orderkey)
                                       ->  Seq Scan on lineitem  (cost=0.00..2329118.60 rows=14948563 width=26) (actual time=0.583..12771.875 rows=14808183 loops=1)
                                             Filter: (l_returnflag = 'R'::bpchar)
                                       ->  Hash  (cost=329179.24..329179.24 rows=582057 width=8) (actual time=3037.229..3037.229 rows=573160 loops=1)
                                             ->  Bitmap Heap Scan on orders  (cost=9159.16..329179.24 rows=582057 width=8) (actual time=178.192..2907.351 rows=573160 loops=1)
                                                   Recheck Cond: ((o_orderdate >= '1994-08-01'::date) AND (o_orderdate < '1994-11-01'::date))
                                                   ->  Bitmap Index Scan on idx_orders_orderdate  (cost=0.00..9013.64 rows=582057 width=0) (actual time=121.223..121.223 rows=573160 loops=1)
                                                         Index Cond: ((o_orderdate >= '1994-08-01'::date) AND (o_orderdate < '1994-11-01'::date))
                                 ->  Hash  (cost=57147.52..57147.52 rows=1499952 width=164) (actual time=1024.225..1024.225 rows=1500000 loops=1)
                                       ->  Seq Scan on customer  (cost=0.00..57147.52 rows=1499952 width=164) (actual time=0.405..544.455 rows=1500000 loops=1)
                           ->  Hash  (cost=1.25..1.25 rows=25 width=33) (actual time=0.206..0.206 rows=25 loops=1)
                                 ->  Seq Scan on nation  (cost=0.00..1.25 rows=25 width=33) (actual time=0.192..0.197 rows=25 loops=1)
 Total runtime: 32820.545 ms
(24 rows)

SET
SET
                                                                                          QUERY PLAN                                                                                          
----------------------------------------------------------------------------------------------------------------------------------------------------------------------------------------------
 Limit  (cost=3274574.94..3274574.99 rows=20 width=211) (actual time=32114.860..32114.867 rows=20 loops=1)
   ->  Sort  (cost=3274574.94..3276025.04 rows=580039 width=211) (actual time=32114.860..32114.865 rows=20 loops=1)
         Sort Key: sum((lineitem.l_extendedprice * (1::numeric - lineitem.l_discount)))
         ->  GroupAggregate  (cost=3151946.86..3175148.42 rows=580039 width=211) (actual time=29743.468..31434.460 rows=381205 loops=1)
               ->  Sort  (cost=3151946.86..3153396.95 rows=580039 width=211) (actual time=29743.448..30510.186 rows=1145402 loops=1)
                     Sort Key: customer.c_custkey, customer.c_name, customer.c_acctbal, customer.c_phone, nation.n_name, customer.c_address, customer.c_comment
                     ->  Hash Join  (cost=448973.43..3052520.33 rows=580039 width=211) (actual time=3735.100..24258.923 rows=1145402 loops=1)
                           Hash Cond: (customer.c_nationkey = nation.n_nationkey)
                           ->  Hash Join  (cost=448971.87..3044543.23 rows=580039 width=186) (actual time=3734.914..24052.015 rows=1145402 loops=1)
                                 Hash Cond: (orders.o_custkey = customer.c_custkey)
                                 ->  Hash Join  (cost=336454.95..2876916.68 rows=580039 width=26) (actual time=2775.949..20518.042 rows=1145402 loops=1)
                                       Hash Cond: (lineitem.l_orderkey = orders.o_orderkey)
                                       ->  Seq Scan on lineitem  (cost=0.00..2329118.60 rows=14948563 width=26) (actual time=0.459..12253.599 rows=14808183 loops=1)
                                             Filter: (l_returnflag = 'R'::bpchar)
                                       ->  Hash  (cost=329179.24..329179.24 rows=582057 width=8) (actual time=2774.645..2774.645 rows=573160 loops=1)
                                             ->  Bitmap Heap Scan on orders  (cost=9159.16..329179.24 rows=582057 width=8) (actual time=175.524..2640.339 rows=573160 loops=1)
                                                   Recheck Cond: ((o_orderdate >= '1994-08-01'::date) AND (o_orderdate < '1994-11-01'::date))
                                                   ->  Bitmap Index Scan on idx_orders_orderdate  (cost=0.00..9013.64 rows=582057 width=0) (actual time=119.078..119.078 rows=573160 loops=1)
                                                         Index Cond: ((o_orderdate >= '1994-08-01'::date) AND (o_orderdate < '1994-11-01'::date))
                                 ->  Hash  (cost=57147.52..57147.52 rows=1499952 width=164) (actual time=957.253..957.253 rows=1500000 loops=1)
                                       ->  Seq Scan on customer  (cost=0.00..57147.52 rows=1499952 width=164) (actual time=0.294..480.279 rows=1500000 loops=1)
                           ->  Hash  (cost=1.25..1.25 rows=25 width=33) (actual time=0.177..0.177 rows=25 loops=1)
                                 ->  Seq Scan on nation  (cost=0.00..1.25 rows=25 width=33) (actual time=0.169..0.170 rows=25 loops=1)
 Total runtime: 32172.016 ms
(24 rows)

query 11 run 1
SET
SET
                                                                                   QUERY PLAN                                                                                    
---------------------------------------------------------------------------------------------------------------------------------------------------------------------------------
 Limit  (cost=680392.09..680392.09 rows=1 width=19) (actual time=4709.873..4709.873 rows=0 loops=1)
   InitPlan
     ->  Aggregate  (cost=305805.81..305805.83 rows=1 width=15) (actual time=1480.619..1480.620 rows=1 loops=1)
           ->  Hash Join  (cost=2599.60..305015.93 rows=315951 width=15) (actual time=2.347..1372.788 rows=320800 loops=1)
                 Hash Cond: (partsupp.ps_suppkey = supplier.s_suppkey)
                 ->  Seq Scan on partsupp  (cost=0.00..269251.96 rows=8001296 width=19) (actual time=0.005..494.306 rows=8000000 loops=1)
                 ->  Hash  (cost=2549.60..2549.60 rows=4000 width=4) (actual time=2.323..2.323 rows=4010 loops=1)
                       ->  Nested Loop  (cost=55.26..2549.60 rows=4000 width=4) (actual time=0.497..1.989 rows=4010 loops=1)
                             ->  Seq Scan on nation  (cost=0.00..1.31 rows=1 width=4) (actual time=0.005..0.006 rows=1 loops=1)
                                   Filter: (n_name = 'SAUDI ARABIA'::bpchar)
                             ->  Bitmap Heap Scan on supplier  (cost=55.26..2498.29 rows=4000 width=8) (actual time=0.487..1.643 rows=4010 loops=1)
                                   Recheck Cond: (supplier.s_nationkey = nation.n_nationkey)
                                   ->  Bitmap Index Scan on idx_supplier_nation_key  (cost=0.00..54.26 rows=4000 width=0) (actual time=0.296..0.296 rows=4010 loops=1)
                                         Index Cond: (supplier.s_nationkey = nation.n_nationkey)
   ->  Sort  (cost=374586.26..375376.14 rows=315951 width=19) (actual time=4709.873..4709.873 rows=0 loops=1)
         Sort Key: sum((partsupp.ps_supplycost * (partsupp.ps_availqty)::numeric))
         ->  GroupAggregate  (cost=333877.01..345725.18 rows=315951 width=19) (actual time=4709.629..4709.629 rows=0 loops=1)
               Filter: (sum((ps_supplycost * (ps_availqty)::numeric)) > $0)
               ->  Sort  (cost=333877.01..334666.89 rows=315951 width=19) (actual time=3076.440..3102.876 rows=320800 loops=1)
                     Sort Key: partsupp.ps_partkey
                     ->  Hash Join  (cost=2599.60..305015.93 rows=315951 width=19) (actual time=30.277..2860.503 rows=320800 loops=1)
                           Hash Cond: (partsupp.ps_suppkey = supplier.s_suppkey)
                           ->  Seq Scan on partsupp  (cost=0.00..269251.96 rows=8001296 width=23) (actual time=0.557..1850.825 rows=8000000 loops=1)
                           ->  Hash  (cost=2549.60..2549.60 rows=4000 width=4) (actual time=29.644..29.644 rows=4010 loops=1)
                                 ->  Nested Loop  (cost=55.26..2549.60 rows=4000 width=4) (actual time=2.310..28.771 rows=4010 loops=1)
                                       ->  Seq Scan on nation  (cost=0.00..1.31 rows=1 width=4) (actual time=0.196..0.199 rows=1 loops=1)
                                             Filter: (n_name = 'SAUDI ARABIA'::bpchar)
                                       ->  Bitmap Heap Scan on supplier  (cost=55.26..2498.29 rows=4000 width=8) (actual time=2.109..27.994 rows=4010 loops=1)
                                             Recheck Cond: (supplier.s_nationkey = nation.n_nationkey)
                                             ->  Bitmap Index Scan on idx_supplier_nation_key  (cost=0.00..54.26 rows=4000 width=0) (actual time=1.755..1.755 rows=4010 loops=1)
                                                   Index Cond: (supplier.s_nationkey = nation.n_nationkey)
 Total runtime: 4711.396 ms
(32 rows)

SET
SET
                                                                                   QUERY PLAN                                                                                    
---------------------------------------------------------------------------------------------------------------------------------------------------------------------------------
 Limit  (cost=680392.09..680392.09 rows=1 width=19) (actual time=3656.436..3656.436 rows=0 loops=1)
   InitPlan
     ->  Aggregate  (cost=305805.81..305805.83 rows=1 width=15) (actual time=1473.768..1473.768 rows=1 loops=1)
           ->  Hash Join  (cost=2599.60..305015.93 rows=315951 width=15) (actual time=2.371..1365.468 rows=320800 loops=1)
                 Hash Cond: (partsupp.ps_suppkey = supplier.s_suppkey)
                 ->  Seq Scan on partsupp  (cost=0.00..269251.96 rows=8001296 width=19) (actual time=0.004..494.272 rows=8000000 loops=1)
                 ->  Hash  (cost=2549.60..2549.60 rows=4000 width=4) (actual time=2.349..2.349 rows=4010 loops=1)
                       ->  Nested Loop  (cost=55.26..2549.60 rows=4000 width=4) (actual time=0.508..2.007 rows=4010 loops=1)
                             ->  Seq Scan on nation  (cost=0.00..1.31 rows=1 width=4) (actual time=0.005..0.006 rows=1 loops=1)
                                   Filter: (n_name = 'SAUDI ARABIA'::bpchar)
                             ->  Bitmap Heap Scan on supplier  (cost=55.26..2498.29 rows=4000 width=8) (actual time=0.497..1.653 rows=4010 loops=1)
                                   Recheck Cond: (supplier.s_nationkey = nation.n_nationkey)
                                   ->  Bitmap Index Scan on idx_supplier_nation_key  (cost=0.00..54.26 rows=4000 width=0) (actual time=0.305..0.305 rows=4010 loops=1)
                                         Index Cond: (supplier.s_nationkey = nation.n_nationkey)
   ->  Sort  (cost=374586.26..375376.14 rows=315951 width=19) (actual time=3656.436..3656.436 rows=0 loops=1)
         Sort Key: sum((partsupp.ps_supplycost * (partsupp.ps_availqty)::numeric))
         ->  GroupAggregate  (cost=333877.01..345725.18 rows=315951 width=19) (actual time=3656.414..3656.414 rows=0 loops=1)
               Filter: (sum((ps_supplycost * (ps_availqty)::numeric)) > $0)
               ->  Sort  (cost=333877.01..334666.89 rows=315951 width=19) (actual time=2029.434..2056.234 rows=320800 loops=1)
                     Sort Key: partsupp.ps_partkey
                     ->  Hash Join  (cost=2599.60..305015.93 rows=315951 width=19) (actual time=8.050..1829.675 rows=320800 loops=1)
                           Hash Cond: (partsupp.ps_suppkey = supplier.s_suppkey)
                           ->  Seq Scan on partsupp  (cost=0.00..269251.96 rows=8001296 width=23) (actual time=0.007..945.148 rows=8000000 loops=1)
                           ->  Hash  (cost=2549.60..2549.60 rows=4000 width=4) (actual time=8.012..8.012 rows=4010 loops=1)
                                 ->  Nested Loop  (cost=55.26..2549.60 rows=4000 width=4) (actual time=0.576..7.375 rows=4010 loops=1)
                                       ->  Seq Scan on nation  (cost=0.00..1.31 rows=1 width=4) (actual time=0.008..0.011 rows=1 loops=1)
                                             Filter: (n_name = 'SAUDI ARABIA'::bpchar)
                                       ->  Bitmap Heap Scan on supplier  (cost=55.26..2498.29 rows=4000 width=8) (actual time=0.564..6.940 rows=4010 loops=1)
                                             Recheck Cond: (supplier.s_nationkey = nation.n_nationkey)
                                             ->  Bitmap Index Scan on idx_supplier_nation_key  (cost=0.00..54.26 rows=4000 width=0) (actual time=0.358..0.358 rows=4010 loops=1)
                                                   Index Cond: (supplier.s_nationkey = nation.n_nationkey)
 Total runtime: 3658.037 ms
(32 rows)

query 12 run 1
SET
SET
                                                                                                                       QUERY PLAN                                                                                                                        
---------------------------------------------------------------------------------------------------------------------------------------------------------------------------------------------------------------------------------------------------------
 Limit  (cost=1406228.78..1406228.79 rows=1 width=33) (actual time=39623.244..39623.245 rows=1 loops=1)
   ->  Sort  (cost=1406228.78..1406228.79 rows=1 width=33) (actual time=39623.243..39623.243 rows=1 loops=1)
         Sort Key: lineitem.l_shipmode
         ->  HashAggregate  (cost=1406228.75..1406228.77 rows=1 width=33) (actual time=39623.213..39623.213 rows=2 loops=1)
               ->  Merge Join  (cost=736868.74..1404277.02 rows=260230 width=33) (actual time=35713.691..39484.302 rows=311258 loops=1)
                     Merge Cond: (orders.o_orderkey = lineitem.l_orderkey)
                     ->  Index Scan using orders_pkey on orders  (cost=0.00..626069.74 rows=15000578 width=23) (actual time=1.511..2752.912 rows=14999967 loops=1)
                     ->  Sort  (cost=736868.74..737519.31 rows=260230 width=18) (actual time=35712.104..35755.878 rows=311258 loops=1)
                           Sort Key: lineitem.l_orderkey
                           ->  Bitmap Heap Scan on lineitem  (cost=320567.12..713461.79 rows=260230 width=18) (actual time=948.095..35324.394 rows=311258 loops=1)
                                 Recheck Cond: ((l_shipmode = ANY ('{SHIP,"REG AIR"}'::bpchar[])) AND (l_receiptdate >= '1994-01-01'::date) AND (l_receiptdate < '1995-01-01'::date) AND (l_commitdate < l_receiptdate) AND (l_shipdate < l_commitdate))
                                 ->  Bitmap Index Scan on q12_idx_1  (cost=0.00..320502.06 rows=260230 width=0) (actual time=890.711..890.711 rows=311258 loops=1)
                                       Index Cond: ((l_shipmode = ANY ('{SHIP,"REG AIR"}'::bpchar[])) AND (l_receiptdate >= '1994-01-01'::date) AND (l_receiptdate < '1995-01-01'::date))
 Total runtime: 39625.401 ms
(14 rows)

SET
SET
                                                                                                                       QUERY PLAN                                                                                                                        
---------------------------------------------------------------------------------------------------------------------------------------------------------------------------------------------------------------------------------------------------------
 Limit  (cost=1406228.78..1406228.79 rows=1 width=33) (actual time=5621.433..5621.433 rows=1 loops=1)
   ->  Sort  (cost=1406228.78..1406228.79 rows=1 width=33) (actual time=5621.431..5621.431 rows=1 loops=1)
         Sort Key: lineitem.l_shipmode
         ->  HashAggregate  (cost=1406228.75..1406228.77 rows=1 width=33) (actual time=5621.402..5621.402 rows=2 loops=1)
               ->  Merge Join  (cost=736868.74..1404277.02 rows=260230 width=33) (actual time=2371.834..5482.489 rows=311258 loops=1)
                     Merge Cond: (orders.o_orderkey = lineitem.l_orderkey)
                     ->  Index Scan using orders_pkey on orders  (cost=0.00..626069.74 rows=15000578 width=23) (actual time=0.046..2120.328 rows=14999967 loops=1)
                     ->  Sort  (cost=736868.74..737519.31 rows=260230 width=18) (actual time=2371.760..2411.544 rows=311258 loops=1)
                           Sort Key: lineitem.l_orderkey
                           ->  Bitmap Heap Scan on lineitem  (cost=320567.12..713461.79 rows=260230 width=18) (actual time=846.703..2146.423 rows=311258 loops=1)
                                 Recheck Cond: ((l_shipmode = ANY ('{SHIP,"REG AIR"}'::bpchar[])) AND (l_receiptdate >= '1994-01-01'::date) AND (l_receiptdate < '1995-01-01'::date) AND (l_commitdate < l_receiptdate) AND (l_shipdate < l_commitdate))
                                 ->  Bitmap Index Scan on q12_idx_1  (cost=0.00..320502.06 rows=260230 width=0) (actual time=789.822..789.822 rows=311258 loops=1)
                                       Index Cond: ((l_shipmode = ANY ('{SHIP,"REG AIR"}'::bpchar[])) AND (l_receiptdate >= '1994-01-01'::date) AND (l_receiptdate < '1995-01-01'::date))
 Total runtime: 5623.229 ms
(14 rows)

query 13 run 1
SET
SET
                                                                               QUERY PLAN                                                                               
------------------------------------------------------------------------------------------------------------------------------------------------------------------------
 Limit  (cost=2871259.94..2871259.94 rows=1 width=8) (actual time=30948.575..30948.575 rows=1 loops=1)
   ->  Sort  (cost=2871259.94..2871260.44 rows=200 width=8) (actual time=30948.574..30948.574 rows=1 loops=1)
         Sort Key: count(*), c_orders.c_count
         ->  HashAggregate  (cost=2871249.79..2871252.29 rows=200 width=8) (actual time=30948.548..30948.552 rows=46 loops=1)
               ->  GroupAggregate  (cost=2456388.06..2848750.51 rows=1499952 width=8) (actual time=25905.589..30760.762 rows=1500000 loops=1)
                     ->  Merge Left Join  (cost=2456388.06..2755755.47 rows=14849128 width=8) (actual time=25905.575..29465.985 rows=15337604 loops=1)
                           Merge Cond: (customer.c_custkey = orders.o_custkey)
                           ->  Index Scan using customer_pkey on customer  (cost=0.00..72880.61 rows=1499952 width=4) (actual time=0.991..334.321 rows=1500000 loops=1)
                           ->  Sort  (cost=2456388.06..2493510.88 rows=14849128 width=8) (actual time=25904.577..27230.209 rows=14837583 loops=1)
                                 Sort Key: orders.o_custkey
                                 ->  Seq Scan on orders  (cost=0.00..506304.22 rows=14849128 width=8) (actual time=0.442..8976.218 rows=14837583 loops=1)
                                       Filter: ((o_comment)::text !~~ '%special%requests%'::text)
 Total runtime: 30995.290 ms
(13 rows)

SET
SET
                                                                               QUERY PLAN                                                                               
------------------------------------------------------------------------------------------------------------------------------------------------------------------------
 Limit  (cost=2871259.94..2871259.94 rows=1 width=8) (actual time=29619.191..29619.192 rows=1 loops=1)
   ->  Sort  (cost=2871259.94..2871260.44 rows=200 width=8) (actual time=29619.189..29619.189 rows=1 loops=1)
         Sort Key: count(*), c_orders.c_count
         ->  HashAggregate  (cost=2871249.79..2871252.29 rows=200 width=8) (actual time=29619.166..29619.172 rows=46 loops=1)
               ->  GroupAggregate  (cost=2456388.06..2848750.51 rows=1499952 width=8) (actual time=24654.672..29427.995 rows=1500000 loops=1)
                     ->  Merge Left Join  (cost=2456388.06..2755755.47 rows=14849128 width=8) (actual time=24654.658..28129.029 rows=15337604 loops=1)
                           Merge Cond: (customer.c_custkey = orders.o_custkey)
                           ->  Index Scan using customer_pkey on customer  (cost=0.00..72880.61 rows=1499952 width=4) (actual time=0.039..265.232 rows=1500000 loops=1)
                           ->  Sort  (cost=2456388.06..2493510.88 rows=14849128 width=8) (actual time=24654.613..25971.338 rows=14837583 loops=1)
                                 Sort Key: orders.o_custkey
                                 ->  Seq Scan on orders  (cost=0.00..506304.22 rows=14849128 width=8) (actual time=0.014..7925.636 rows=14837583 loops=1)
                                       Filter: ((o_comment)::text !~~ '%special%requests%'::text)
 Total runtime: 29674.746 ms
(13 rows)

query 14 run 1
SET
SET
                                                                            QUERY PLAN                                                                            
------------------------------------------------------------------------------------------------------------------------------------------------------------------
 Limit  (cost=1026788.21..1026788.24 rows=1 width=46) (actual time=27918.439..27918.440 rows=1 loops=1)
   ->  Aggregate  (cost=1026788.21..1026788.24 rows=1 width=46) (actual time=27918.439..27918.439 rows=1 loops=1)
         ->  Hash Join  (cost=128430.68..1023022.14 rows=753213 width=46) (actual time=1249.463..27337.223 rows=772942 loops=1)
               Hash Cond: (lineitem.l_partkey = part.p_partkey)
               ->  Bitmap Heap Scan on lineitem  (cost=16721.85..866970.02 rows=753213 width=26) (actual time=315.867..25274.147 rows=772942 loops=1)
                     Recheck Cond: ((l_shipdate >= '1994-05-01'::date) AND (l_shipdate < '1994-06-01'::date))
                     ->  Bitmap Index Scan on idx_lineitem_shipdate  (cost=0.00..16533.54 rows=753213 width=0) (actual time=214.510..214.510 rows=772942 loops=1)
                           Index Cond: ((l_shipdate >= '1994-05-01'::date) AND (l_shipdate < '1994-06-01'::date))
               ->  Hash  (cost=71082.37..71082.37 rows=2000037 width=28) (actual time=932.144..932.144 rows=2000000 loops=1)
                     ->  Seq Scan on part  (cost=0.00..71082.37 rows=2000037 width=28) (actual time=0.487..616.728 rows=2000000 loops=1)
 Total runtime: 27918.541 ms
(11 rows)

SET
SET
                                                                            QUERY PLAN                                                                            
------------------------------------------------------------------------------------------------------------------------------------------------------------------
 Limit  (cost=1026788.21..1026788.24 rows=1 width=46) (actual time=4211.426..4211.427 rows=1 loops=1)
   ->  Aggregate  (cost=1026788.21..1026788.24 rows=1 width=46) (actual time=4211.425..4211.425 rows=1 loops=1)
         ->  Hash Join  (cost=128430.68..1023022.14 rows=753213 width=46) (actual time=1042.039..3721.046 rows=772942 loops=1)
               Hash Cond: (lineitem.l_partkey = part.p_partkey)
               ->  Bitmap Heap Scan on lineitem  (cost=16721.85..866970.02 rows=753213 width=26) (actual time=297.171..2028.356 rows=772942 loops=1)
                     Recheck Cond: ((l_shipdate >= '1994-05-01'::date) AND (l_shipdate < '1994-06-01'::date))
                     ->  Bitmap Index Scan on idx_lineitem_shipdate  (cost=0.00..16533.54 rows=753213 width=0) (actual time=196.097..196.097 rows=772942 loops=1)
                           Index Cond: ((l_shipdate >= '1994-05-01'::date) AND (l_shipdate < '1994-06-01'::date))
               ->  Hash  (cost=71082.37..71082.37 rows=2000037 width=28) (actual time=744.655..744.655 rows=2000000 loops=1)
                     ->  Seq Scan on part  (cost=0.00..71082.37 rows=2000037 width=28) (actual time=0.011..438.824 rows=2000000 loops=1)
 Total runtime: 4211.528 ms
(11 rows)

query 15 run 1
SET
SET
CREATE VIEW
                                                                                   QUERY PLAN                                                                                   
--------------------------------------------------------------------------------------------------------------------------------------------------------------------------------
 Limit  (cost=3091421.36..3091422.64 rows=1 width=113) (actual time=26700.566..26700.566 rows=1 loops=1)
   InitPlan
     ->  Aggregate  (cost=1542678.69..1542678.70 rows=1 width=32) (actual time=6666.057..6666.057 rows=1 loops=1)
           ->  HashAggregate  (cost=1542562.89..1542630.44 rows=3860 width=26) (actual time=6639.046..6660.627 rows=100000 loops=1)
                 ->  Bitmap Heap Scan on lineitem  (cost=51532.21..1530952.74 rows=2322029 width=26) (actual time=596.066..4857.098 rows=2265714 loops=1)
                       Recheck Cond: ((l_shipdate >= '1996-01-01'::date) AND (l_shipdate < '1996-04-01'::date))
                       ->  Bitmap Index Scan on idx_lineitem_shipdate  (cost=0.00..50951.70 rows=2322029 width=0) (actual time=534.674..534.674 rows=2265714 loops=1)
                             Index Cond: ((l_shipdate >= '1996-01-01'::date) AND (l_shipdate < '1996-04-01'::date))
   ->  Merge Join  (cost=1548742.66..1553686.81 rows=3860 width=113) (actual time=26700.566..26700.566 rows=1 loops=1)
         Merge Cond: (supplier.s_suppkey = revenue0.supplier_no)
         ->  Index Scan using supplier_pkey on supplier  (cost=0.00..4636.26 rows=100000 width=81) (actual time=0.637..18.591 rows=69998 loops=1)
         ->  Sort  (cost=1548742.66..1548752.31 rows=3860 width=36) (actual time=26677.833..26677.833 rows=1 loops=1)
               Sort Key: revenue0.supplier_no
               ->  Subquery Scan revenue0  (cost=1548367.96..1548512.71 rows=3860 width=36) (actual time=26670.036..26677.814 rows=1 loops=1)
                     ->  HashAggregate  (cost=1548367.96..1548474.11 rows=3860 width=26) (actual time=26670.035..26677.811 rows=1 loops=1)
                           Filter: (sum((l_extendedprice * (1::numeric - l_discount))) = $0)
                           ->  Bitmap Heap Scan on lineitem  (cost=51532.21..1530952.74 rows=2322029 width=26) (actual time=697.584..18003.721 rows=2265714 loops=1)
                                 Recheck Cond: ((l_shipdate >= '1996-01-01'::date) AND (l_shipdate < '1996-04-01'::date))
                                 ->  Bitmap Index Scan on idx_lineitem_shipdate  (cost=0.00..50951.70 rows=2322029 width=0) (actual time=635.863..635.863 rows=2265714 loops=1)
                                       Index Cond: ((l_shipdate >= '1996-01-01'::date) AND (l_shipdate < '1996-04-01'::date))
 Total runtime: 26701.063 ms
(21 rows)

DROP VIEW
SET
SET
CREATE VIEW
                                                                                   QUERY PLAN                                                                                   
--------------------------------------------------------------------------------------------------------------------------------------------------------------------------------
 Limit  (cost=3091421.36..3091422.64 rows=1 width=113) (actual time=13889.650..13889.650 rows=1 loops=1)
   InitPlan
     ->  Aggregate  (cost=1542678.69..1542678.70 rows=1 width=32) (actual time=6668.437..6668.437 rows=1 loops=1)
           ->  HashAggregate  (cost=1542562.89..1542630.44 rows=3860 width=26) (actual time=6641.478..6663.013 rows=100000 loops=1)
                 ->  Bitmap Heap Scan on lineitem  (cost=51532.21..1530952.74 rows=2322029 width=26) (actual time=605.700..4860.636 rows=2265714 loops=1)
                       Recheck Cond: ((l_shipdate >= '1996-01-01'::date) AND (l_shipdate < '1996-04-01'::date))
                       ->  Bitmap Index Scan on idx_lineitem_shipdate  (cost=0.00..50951.70 rows=2322029 width=0) (actual time=544.162..544.162 rows=2265714 loops=1)
                             Index Cond: ((l_shipdate >= '1996-01-01'::date) AND (l_shipdate < '1996-04-01'::date))
   ->  Merge Join  (cost=1548742.66..1553686.81 rows=3860 width=113) (actual time=13889.650..13889.650 rows=1 loops=1)
         Merge Cond: (supplier.s_suppkey = revenue0.supplier_no)
         ->  Index Scan using supplier_pkey on supplier  (cost=0.00..4636.26 rows=100000 width=81) (actual time=0.039..10.468 rows=69998 loops=1)
         ->  Sort  (cost=1548742.66..1548752.31 rows=3860 width=36) (actual time=13875.175..13875.175 rows=1 loops=1)
               Sort Key: revenue0.supplier_no
               ->  Subquery Scan revenue0  (cost=1548367.96..1548512.71 rows=3860 width=36) (actual time=13867.398..13875.165 rows=1 loops=1)
                     ->  HashAggregate  (cost=1548367.96..1548474.11 rows=3860 width=26) (actual time=13867.397..13875.163 rows=1 loops=1)
                           Filter: (sum((l_extendedprice * (1::numeric - l_discount))) = $0)
                           ->  Bitmap Heap Scan on lineitem  (cost=51532.21..1530952.74 rows=2322029 width=26) (actual time=635.145..5377.101 rows=2265714 loops=1)
                                 Recheck Cond: ((l_shipdate >= '1996-01-01'::date) AND (l_shipdate < '1996-04-01'::date))
                                 ->  Bitmap Index Scan on idx_lineitem_shipdate  (cost=0.00..50951.70 rows=2322029 width=0) (actual time=574.226..574.226 rows=2265714 loops=1)
                                       Index Cond: ((l_shipdate >= '1996-01-01'::date) AND (l_shipdate < '1996-04-01'::date))
 Total runtime: 13889.874 ms
(21 rows)

DROP VIEW
query 16 run 1
SET
SET
                                                                                         QUERY PLAN                                                                                         
--------------------------------------------------------------------------------------------------------------------------------------------------------------------------------------------
 Limit  (cost=528908.75..528908.76 rows=1 width=46) (actual time=22450.717..22450.717 rows=1 loops=1)
   ->  Sort  (cost=528908.75..528973.81 rows=26022 width=46) (actual time=22450.715..22450.715 rows=1 loops=1)
         Sort Key: count(DISTINCT partsupp.ps_suppkey), part.p_brand, part.p_type, part.p_size
         ->  GroupAggregate  (cost=519734.77..527000.37 rows=26022 width=46) (actual time=19264.594..22335.441 rows=27838 loops=1)
               ->  Sort  (cost=519734.77..521122.84 rows=555226 width=46) (actual time=19264.397..22012.801 rows=1186319 loops=1)
                     Sort Key: part.p_brand, part.p_type, part.p_size
                     ->  Hash Join  (cost=108385.61..453201.17 rows=555226 width=46) (actual time=1039.160..5726.147 rows=1186319 loops=1)
                           Hash Cond: (partsupp.ps_partkey = part.p_partkey)
                           ->  Seq Scan on partsupp  (cost=3833.03..293088.23 rows=4000648 width=8) (actual time=55.651..2755.548 rows=7995520 loops=1)
                                 Filter: (NOT (hashed subplan))
                                 SubPlan
                                   ->  Seq Scan on supplier  (cost=0.00..3833.00 rows=10 width=4) (actual time=1.061..55.149 rows=56 loops=1)
                                         Filter: ((s_comment)::text ~~ '%Customer%Complaints%'::text)
                           ->  Hash  (cost=101082.93..101082.93 rows=277573 width=46) (actual time=983.269..983.269 rows=296733 loops=1)
                                 ->  Seq Scan on part  (cost=0.00..101082.93 rows=277573 width=46) (actual time=0.728..917.355 rows=296733 loops=1)
                                       Filter: ((p_brand <> 'Brand#12'::bpchar) AND ((p_type)::text !~~ 'SMALL BRUSHED%'::text) AND (p_size = ANY ('{12,32,36,26,40,34,49,9}'::integer[])))
 Total runtime: 22462.503 ms
(17 rows)

SET
SET
                                                                                         QUERY PLAN                                                                                         
--------------------------------------------------------------------------------------------------------------------------------------------------------------------------------------------
 Limit  (cost=528908.75..528908.76 rows=1 width=46) (actual time=20990.307..20990.308 rows=1 loops=1)
   ->  Sort  (cost=528908.75..528973.81 rows=26022 width=46) (actual time=20990.307..20990.307 rows=1 loops=1)
         Sort Key: count(DISTINCT partsupp.ps_suppkey), part.p_brand, part.p_type, part.p_size
         ->  GroupAggregate  (cost=519734.77..527000.37 rows=26022 width=46) (actual time=17803.410..20875.093 rows=27838 loops=1)
               ->  Sort  (cost=519734.77..521122.84 rows=555226 width=46) (actual time=17803.216..20551.950 rows=1186319 loops=1)
                     Sort Key: part.p_brand, part.p_type, part.p_size
                     ->  Hash Join  (cost=108385.61..453201.17 rows=555226 width=46) (actual time=753.212..4456.025 rows=1186319 loops=1)
                           Hash Cond: (partsupp.ps_partkey = part.p_partkey)
                           ->  Seq Scan on partsupp  (cost=3833.03..293088.23 rows=4000648 width=8) (actual time=43.219..1799.187 rows=7995520 loops=1)
                                 Filter: (NOT (hashed subplan))
                                 SubPlan
                                   ->  Seq Scan on supplier  (cost=0.00..3833.00 rows=10 width=4) (actual time=0.176..42.948 rows=56 loops=1)
                                         Filter: ((s_comment)::text ~~ '%Customer%Complaints%'::text)
                           ->  Hash  (cost=101082.93..101082.93 rows=277573 width=46) (actual time=709.944..709.944 rows=296733 loops=1)
                                 ->  Seq Scan on part  (cost=0.00..101082.93 rows=277573 width=46) (actual time=0.014..658.587 rows=296733 loops=1)
                                       Filter: ((p_brand <> 'Brand#12'::bpchar) AND ((p_type)::text !~~ 'SMALL BRUSHED%'::text) AND (p_size = ANY ('{12,32,36,26,40,34,49,9}'::integer[])))
 Total runtime: 21001.866 ms
(17 rows)

query 17 run 1
SET
SET
                                                                          QUERY PLAN                                                                           
---------------------------------------------------------------------------------------------------------------------------------------------------------------
 Limit  (cost=11441276.17..11441276.18 rows=1 width=13) (actual time=142020.321..142020.321 rows=1 loops=1)
   ->  Aggregate  (cost=11441276.17..11441276.18 rows=1 width=13) (actual time=142020.321..142020.321 rows=1 loops=1)
         ->  Nested Loop  (cost=10888702.23..11441228.00 rows=19265 width=13) (actual time=82751.330..142012.341 rows=5319 loops=1)
               ->  Merge Join  (cost=10888702.23..11391250.56 rows=1844 width=40) (actual time=82749.486..139953.518 rows=1996 loops=1)
                     Merge Cond: (part_agg.agg_partkey = part.p_partkey)
                     ->  GroupAggregate  (cost=10807514.53..11286114.93 rows=1913589 width=14) (actual time=82293.549..139393.469 rows=1999333 loops=1)
                           ->  Sort  (cost=10807514.53..10957480.05 rows=59986208 width=14) (actual time=82293.504..103522.151 rows=59965994 loops=1)
                                 Sort Key: public.lineitem.l_partkey
                                 ->  Seq Scan on lineitem  (cost=0.00..2179153.08 rows=59986208 width=14) (actual time=0.481..11191.488 rows=59986052 loops=1)
                     ->  Sort  (cost=81187.69..81192.51 rows=1927 width=4) (actual time=439.701..440.678 rows=1996 loops=1)
                           Sort Key: part.p_partkey
                           ->  Seq Scan on part  (cost=0.00..81082.55 rows=1927 width=4) (actual time=1.654..439.041 rows=1996 loops=1)
                                 Filter: ((p_brand = 'Brand#22'::bpchar) AND (p_container = 'LG BOX'::bpchar))
               ->  Index Scan using q17_idx_1 on lineitem  (cost=0.00..26.95 rows=10 width=27) (actual time=0.717..1.028 rows=3 loops=1996)
                     Index Cond: ((part.p_partkey = public.lineitem.l_partkey) AND (public.lineitem.l_quantity < part_agg.avg_quantity))
 Total runtime: 143127.538 ms
(16 rows)

SET
SET
                                                                          QUERY PLAN                                                                           
---------------------------------------------------------------------------------------------------------------------------------------------------------------
 Limit  (cost=11441276.17..11441276.18 rows=1 width=13) (actual time=141946.708..141946.708 rows=1 loops=1)
   ->  Aggregate  (cost=11441276.17..11441276.18 rows=1 width=13) (actual time=141946.707..141946.707 rows=1 loops=1)
         ->  Nested Loop  (cost=10888702.23..11441228.00 rows=19265 width=13) (actual time=82215.777..141938.937 rows=5319 loops=1)
               ->  Merge Join  (cost=10888702.23..11391250.56 rows=1844 width=40) (actual time=82214.241..139871.286 rows=1996 loops=1)
                     Merge Cond: (part_agg.agg_partkey = part.p_partkey)
                     ->  GroupAggregate  (cost=10807514.53..11286114.93 rows=1913589 width=14) (actual time=81789.904..139344.775 rows=1999333 loops=1)
                           ->  Sort  (cost=10807514.53..10957480.05 rows=59986208 width=14) (actual time=81789.861..103447.029 rows=59965994 loops=1)
                                 Sort Key: public.lineitem.l_partkey
                                 ->  Seq Scan on lineitem  (cost=0.00..2179153.08 rows=59986208 width=14) (actual time=0.309..10635.527 rows=59986052 loops=1)
                     ->  Sort  (cost=81187.69..81192.51 rows=1927 width=4) (actual time=408.115..409.102 rows=1996 loops=1)
                           Sort Key: part.p_partkey
                           ->  Seq Scan on part  (cost=0.00..81082.55 rows=1927 width=4) (actual time=1.374..407.509 rows=1996 loops=1)
                                 Filter: ((p_brand = 'Brand#22'::bpchar) AND (p_container = 'LG BOX'::bpchar))
               ->  Index Scan using q17_idx_1 on lineitem  (cost=0.00..26.95 rows=10 width=27) (actual time=0.723..1.032 rows=3 loops=1996)
                     Index Cond: ((part.p_partkey = public.lineitem.l_partkey) AND (public.lineitem.l_quantity < part_agg.avg_quantity))
 Total runtime: 143000.716 ms
(16 rows)

query 18 run 1
SET
SET
                                                                                                  QUERY PLAN                                                                                                   
---------------------------------------------------------------------------------------------------------------------------------------------------------------------------------------------------------------
 Limit  (cost=6482312.21..6482315.21 rows=100 width=57) (actual time=42729.918..42730.173 rows=99 loops=1)
   ->  GroupAggregate  (cost=6482312.21..6520058.87 rows=1258222 width=57) (actual time=42729.917..42730.166 rows=99 loops=1)
         ->  Sort  (cost=6482312.21..6485457.76 rows=1258222 width=57) (actual time=42729.905..42729.921 rows=693 loops=1)
               Sort Key: orders.o_totalprice, orders.o_orderdate, customer.c_name, customer.c_custkey, orders.o_orderkey
               ->  Hash Join  (cost=3901289.65..6317973.23 rows=1258222 width=57) (actual time=30687.681..42728.880 rows=693 loops=1)
                     Hash Cond: (public.lineitem.l_orderkey = orders.o_orderkey)
                     ->  Seq Scan on lineitem  (cost=0.00..2179153.08 rows=59986208 width=14) (actual time=0.482..8688.260 rows=59986052 loops=1)
                     ->  Hash  (cost=3897356.65..3897356.65 rows=314640 width=51) (actual time=30410.867..30410.867 rows=99 loops=1)
                           ->  Hash Join  (cost=3203776.26..3897356.65 rows=314640 width=51) (actual time=3623.509..30410.814 rows=99 loops=1)
                                 Hash Cond: (orders.o_custkey = customer.c_custkey)
                                 ->  Merge IN Join  (cost=3116160.34..3786810.93 rows=314640 width=29) (actual time=800.386..29612.876 rows=99 loops=1)
                                       Merge Cond: (orders.o_orderkey = "IN_subquery".l_orderkey)
                                       ->  Index Scan using orders_pkey on orders  (cost=0.00..626069.74 rows=15000578 width=25) (actual time=2.035..2858.980 rows=14982724 loops=1)
                                       ->  Materialize  (cost=3116160.34..3119306.74 rows=314640 width=4) (actual time=685.469..25878.666 rows=99 loops=1)
                                             ->  GroupAggregate  (cost=0.00..3112699.30 rows=314640 width=14) (actual time=685.464..25878.435 rows=99 loops=1)
                                                   Filter: (sum(l_quantity) > 313::numeric)
                                                   ->  Index Scan using idx_lineitem_orderkey on lineitem  (cost=0.00..2808048.66 rows=59986208 width=14) (actual time=1.453..12965.205 rows=59986052 loops=1)
                                 ->  Hash  (cost=57147.52..57147.52 rows=1499952 width=26) (actual time=702.063..702.063 rows=1500000 loops=1)
                                       ->  Seq Scan on customer  (cost=0.00..57147.52 rows=1499952 width=26) (actual time=0.590..472.359 rows=1500000 loops=1)
 Total runtime: 42730.261 ms
(20 rows)

SET
SET
                                                                                                  QUERY PLAN                                                                                                   
---------------------------------------------------------------------------------------------------------------------------------------------------------------------------------------------------------------
 Limit  (cost=6482312.21..6482315.21 rows=100 width=57) (actual time=41661.304..41661.565 rows=99 loops=1)
   ->  GroupAggregate  (cost=6482312.21..6520058.87 rows=1258222 width=57) (actual time=41661.302..41661.554 rows=99 loops=1)
         ->  Sort  (cost=6482312.21..6485457.76 rows=1258222 width=57) (actual time=41661.283..41661.322 rows=693 loops=1)
               Sort Key: orders.o_totalprice, orders.o_orderdate, customer.c_name, customer.c_custkey, orders.o_orderkey
               ->  Hash Join  (cost=3901289.65..6317973.23 rows=1258222 width=57) (actual time=29627.416..41660.271 rows=693 loops=1)
                     Hash Cond: (public.lineitem.l_orderkey = orders.o_orderkey)
                     ->  Seq Scan on lineitem  (cost=0.00..2179153.08 rows=59986208 width=14) (actual time=0.282..8679.696 rows=59986052 loops=1)
                     ->  Hash  (cost=3897356.65..3897356.65 rows=314640 width=51) (actual time=29351.378..29351.378 rows=99 loops=1)
                           ->  Hash Join  (cost=3203776.26..3897356.65 rows=314640 width=51) (actual time=3270.461..29351.302 rows=99 loops=1)
                                 Hash Cond: (orders.o_custkey = customer.c_custkey)
                                 ->  Merge IN Join  (cost=3116160.34..3786810.93 rows=314640 width=29) (actual time=720.888..28618.030 rows=99 loops=1)
                                       Merge Cond: (orders.o_orderkey = "IN_subquery".l_orderkey)
                                       ->  Index Scan using orders_pkey on orders  (cost=0.00..626069.74 rows=15000578 width=25) (actual time=1.098..2729.980 rows=14982724 loops=1)
                                       ->  Materialize  (cost=3116160.34..3119306.74 rows=314640 width=4) (actual time=619.226..25021.060 rows=99 loops=1)
                                             ->  GroupAggregate  (cost=0.00..3112699.30 rows=314640 width=14) (actual time=619.222..25020.831 rows=99 loops=1)
                                                   Filter: (sum(l_quantity) > 313::numeric)
                                                   ->  Index Scan using idx_lineitem_orderkey on lineitem  (cost=0.00..2808048.66 rows=59986208 width=14) (actual time=0.999..12178.998 rows=59986052 loops=1)
                                 ->  Hash  (cost=57147.52..57147.52 rows=1499952 width=26) (actual time=637.167..637.167 rows=1500000 loops=1)
                                       ->  Seq Scan on customer  (cost=0.00..57147.52 rows=1499952 width=26) (actual time=0.264..402.691 rows=1500000 loops=1)
 Total runtime: 41661.646 ms
(20 rows)

query 19 run 1
SET
SET
                                                                                                                                                                                                                                                                                                                                                                  QUERY PLAN                                                                                                                                                                                                                                                                                                                                                                   
-----------------------------------------------------------------------------------------------------------------------------------------------------------------------------------------------------------------------------------------------------------------------------------------------------------------------------------------------------------------------------------------------------------------------------------------------------------------------------------------------------------------------------------------------------------------------------------------------------------------------------------------------------------------------------------------------------------------------------------------------
 Limit  (cost=3571679.50..3571679.51 rows=1 width=22) (actual time=19478.973..19478.974 rows=1 loops=1)
   ->  Aggregate  (cost=3571679.50..3571679.51 rows=1 width=22) (actual time=19478.972..19478.972 rows=1 loops=1)
         ->  Hash Join  (cost=127184.08..3571676.89 rows=1042 width=22) (actual time=1171.494..19477.471 rows=1063 loops=1)
               Hash Cond: (lineitem.l_partkey = part.p_partkey)
               Join Filter: (((part.p_brand = 'Brand#24'::bpchar) AND (part.p_container = ANY ('{"SM CASE","SM BOX","SM PACK","SM PKG"}'::bpchar[])) AND (lineitem.l_quantity >= 10::numeric) AND (lineitem.l_quantity <= 20::numeric) AND (part.p_size <= 5)) OR ((part.p_brand = 'Brand#43'::bpchar) AND (part.p_container = ANY ('{"MED BAG","MED BOX","MED PKG","MED PACK"}'::bpchar[])) AND (lineitem.l_quantity >= 10::numeric) AND (lineitem.l_quantity <= 20::numeric) AND (part.p_size <= 10)) OR ((part.p_brand = 'Brand#44'::bpchar) AND (part.p_container = ANY ('{"LG CASE","LG BOX","LG PACK","LG PKG"}'::bpchar[])) AND (lineitem.l_quantity >= 20::numeric) AND (lineitem.l_quantity <= 30::numeric) AND (part.p_size <= 15)))
               ->  Seq Scan on lineitem  (cost=0.00..3378877.24 rows=1087299 width=36) (actual time=0.708..17914.020 rows=899485 loops=1)
                     Filter: ((l_shipmode = ANY ('{AIR,"AIR REG"}'::bpchar[])) AND (l_shipinstruct = 'DELIVER IN PERSON'::bpchar) AND (((l_quantity >= 10::numeric) AND (l_quantity <= 20::numeric)) OR ((l_quantity >= 10::numeric) AND (l_quantity <= 20::numeric)) OR ((l_quantity >= 20::numeric) AND (l_quantity <= 30::numeric))))
               ->  Hash  (cost=106083.02..106083.02 rows=991125 width=36) (actual time=891.197..891.197 rows=598661 loops=1)
                     ->  Seq Scan on part  (cost=0.00..106083.02 rows=991125 width=36) (actual time=0.475..770.035 rows=598661 loops=1)
                           Filter: ((p_size >= 1) AND (((p_size <= 5) AND (p_size >= 1)) OR ((p_size <= 10) AND (p_size >= 1)) OR ((p_size <= 15) AND (p_size >= 1))))
 Total runtime: 19479.014 ms
(11 rows)

SET
SET
                                                                                                                                                                                                                                                                                                                                                                  QUERY PLAN                                                                                                                                                                                                                                                                                                                                                                   
-----------------------------------------------------------------------------------------------------------------------------------------------------------------------------------------------------------------------------------------------------------------------------------------------------------------------------------------------------------------------------------------------------------------------------------------------------------------------------------------------------------------------------------------------------------------------------------------------------------------------------------------------------------------------------------------------------------------------------------------------
 Limit  (cost=3571679.50..3571679.51 rows=1 width=22) (actual time=15910.166..15910.166 rows=1 loops=1)
   ->  Aggregate  (cost=3571679.50..3571679.51 rows=1 width=22) (actual time=15910.166..15910.166 rows=1 loops=1)
         ->  Hash Join  (cost=127184.08..3571676.89 rows=1042 width=22) (actual time=913.212..15908.856 rows=1063 loops=1)
               Hash Cond: (lineitem.l_partkey = part.p_partkey)
               Join Filter: (((part.p_brand = 'Brand#24'::bpchar) AND (part.p_container = ANY ('{"SM CASE","SM BOX","SM PACK","SM PKG"}'::bpchar[])) AND (lineitem.l_quantity >= 10::numeric) AND (lineitem.l_quantity <= 20::numeric) AND (part.p_size <= 5)) OR ((part.p_brand = 'Brand#43'::bpchar) AND (part.p_container = ANY ('{"MED BAG","MED BOX","MED PKG","MED PACK"}'::bpchar[])) AND (lineitem.l_quantity >= 10::numeric) AND (lineitem.l_quantity <= 20::numeric) AND (part.p_size <= 10)) OR ((part.p_brand = 'Brand#44'::bpchar) AND (part.p_container = ANY ('{"LG CASE","LG BOX","LG PACK","LG PKG"}'::bpchar[])) AND (lineitem.l_quantity >= 20::numeric) AND (lineitem.l_quantity <= 30::numeric) AND (part.p_size <= 15)))
               ->  Seq Scan on lineitem  (cost=0.00..3378877.24 rows=1087299 width=36) (actual time=0.072..14599.867 rows=899485 loops=1)
                     Filter: ((l_shipmode = ANY ('{AIR,"AIR REG"}'::bpchar[])) AND (l_shipinstruct = 'DELIVER IN PERSON'::bpchar) AND (((l_quantity >= 10::numeric) AND (l_quantity <= 20::numeric)) OR ((l_quantity >= 10::numeric) AND (l_quantity <= 20::numeric)) OR ((l_quantity >= 20::numeric) AND (l_quantity <= 30::numeric))))
               ->  Hash  (cost=106083.02..106083.02 rows=991125 width=36) (actual time=705.263..705.263 rows=598661 loops=1)
                     ->  Seq Scan on part  (cost=0.00..106083.02 rows=991125 width=36) (actual time=0.013..589.006 rows=598661 loops=1)
                           Filter: ((p_size >= 1) AND (((p_size <= 5) AND (p_size >= 1)) OR ((p_size <= 10) AND (p_size >= 1)) OR ((p_size <= 15) AND (p_size >= 1))))
 Total runtime: 15910.210 ms
(11 rows)

query 20 run 1
SET
SET
                                                                                                QUERY PLAN                                                                                                 
-----------------------------------------------------------------------------------------------------------------------------------------------------------------------------------------------------------
 Limit  (cost=3367798.13..3367798.14 rows=1 width=58) (actual time=36309.247..36309.247 rows=1 loops=1)
   ->  Sort  (cost=3367798.13..3367798.14 rows=1 width=58) (actual time=36309.247..36309.247 rows=1 loops=1)
         Sort Key: supplier.s_name
         ->  Nested Loop  (cost=3367792.54..3367798.12 rows=1 width=58) (actual time=35769.891..36299.745 rows=1821 loops=1)
               ->  Nested Loop  (cost=3367792.54..3367796.84 rows=1 width=62) (actual time=35769.109..36244.093 rows=44712 loops=1)
                     ->  HashAggregate  (cost=3367792.54..3367792.55 rows=1 width=8) (actual time=35768.228..35781.473 rows=44712 loops=1)
                           ->  Nested Loop  (cost=3208992.87..3367792.54 rows=1 width=8) (actual time=23452.705..35715.490 rows=59002 loops=1)
                                 Join Filter: ((partsupp.ps_availqty)::numeric > agg_lineitem.agg_quantity)
                                 ->  Merge Join  (cost=3208992.87..3325652.46 rows=9227 width=44) (actual time=23451.790..31773.536 rows=59125 loops=1)
                                       Merge Cond: (agg_lineitem.agg_partkey = part.p_partkey)
                                       ->  GroupAggregate  (cost=3131213.22..3236261.25 rows=913462 width=18) (actual time=23070.735..31073.832 rows=5448473 loops=1)
                                             ->  Sort  (cost=3131213.22..3154049.74 rows=9134610 width=18) (actual time=23070.722..27593.960 rows=9123091 loops=1)
                                                   Sort Key: lineitem.l_partkey, lineitem.l_suppkey
                                                   ->  Bitmap Heap Scan on lineitem  (cost=202699.16..1919009.31 rows=9134610 width=18) (actual time=2191.538..15068.826 rows=9123688 loops=1)
                                                         Recheck Cond: ((l_shipdate >= '1996-01-01'::date) AND (l_shipdate < '1997-01-01'::date))
                                                         ->  Bitmap Index Scan on idx_lineitem_shipdate  (cost=0.00..200415.51 rows=9134610 width=0) (actual time=2098.028..2098.028 rows=9123688 loops=1)
                                                               Index Cond: ((l_shipdate >= '1996-01-01'::date) AND (l_shipdate < '1997-01-01'::date))
                                       ->  Sort  (cost=77779.65..77830.16 rows=20202 width=4) (actual time=380.669..389.799 rows=59320 loops=1)
                                             Sort Key: part.p_partkey
                                             ->  HashAggregate  (cost=76132.97..76334.99 rows=20202 width=4) (actual time=371.121..374.011 rows=21718 loops=1)
                                                   ->  Seq Scan on part  (cost=0.00..76082.46 rows=20202 width=4) (actual time=0.678..364.236 rows=21718 loops=1)
                                                         Filter: ((p_name)::text ~~ 'olive%'::text)
                                 ->  Index Scan using partsupp_pkey on partsupp  (cost=0.00..4.55 rows=1 width=12) (actual time=0.065..0.066 rows=1 loops=59125)
                                       Index Cond: ((agg_lineitem.agg_partkey = partsupp.ps_partkey) AND (agg_lineitem.agg_suppkey = partsupp.ps_suppkey))
                     ->  Index Scan using supplier_pkey on supplier  (cost=0.00..4.27 rows=1 width=66) (actual time=0.010..0.010 rows=1 loops=44712)
                           Index Cond: (supplier.s_suppkey = partsupp.ps_suppkey)
               ->  Index Scan using nation_pkey on nation  (cost=0.00..1.27 rows=1 width=4) (actual time=0.001..0.001 rows=0 loops=44712)
                     Index Cond: (supplier.s_nationkey = nation.n_nationkey)
                     Filter: (n_name = 'IRAQ'::bpchar)
 Total runtime: 36505.277 ms
(30 rows)

SET
SET
                                                                                                QUERY PLAN                                                                                                 
-----------------------------------------------------------------------------------------------------------------------------------------------------------------------------------------------------------
 Limit  (cost=3367798.13..3367798.14 rows=1 width=58) (actual time=34896.514..34896.515 rows=1 loops=1)
   ->  Sort  (cost=3367798.13..3367798.14 rows=1 width=58) (actual time=34896.514..34896.514 rows=1 loops=1)
         Sort Key: supplier.s_name
         ->  Nested Loop  (cost=3367792.54..3367798.12 rows=1 width=58) (actual time=34362.914..34887.347 rows=1821 loops=1)
               ->  Nested Loop  (cost=3367792.54..3367796.84 rows=1 width=62) (actual time=34362.237..34841.809 rows=44712 loops=1)
                     ->  HashAggregate  (cost=3367792.54..3367792.55 rows=1 width=8) (actual time=34361.624..34374.017 rows=44712 loops=1)
                           ->  Nested Loop  (cost=3208992.87..3367792.54 rows=1 width=8) (actual time=22398.242..34305.056 rows=59002 loops=1)
                                 Join Filter: ((partsupp.ps_availqty)::numeric > agg_lineitem.agg_quantity)
                                 ->  Merge Join  (cost=3208992.87..3325652.46 rows=9227 width=44) (actual time=22397.460..30572.174 rows=59125 loops=1)
                                       Merge Cond: (agg_lineitem.agg_partkey = part.p_partkey)
                                       ->  GroupAggregate  (cost=3131213.22..3236261.25 rows=913462 width=18) (actual time=22012.260..29874.556 rows=5448473 loops=1)
                                             ->  Sort  (cost=3131213.22..3154049.74 rows=9134610 width=18) (actual time=22012.246..26448.992 rows=9123091 loops=1)
                                                   Sort Key: lineitem.l_partkey, lineitem.l_suppkey
                                                   ->  Bitmap Heap Scan on lineitem  (cost=202699.16..1919009.31 rows=9134610 width=18) (actual time=2244.487..14161.065 rows=9123688 loops=1)
                                                         Recheck Cond: ((l_shipdate >= '1996-01-01'::date) AND (l_shipdate < '1997-01-01'::date))
                                                         ->  Bitmap Index Scan on idx_lineitem_shipdate  (cost=0.00..200415.51 rows=9134610 width=0) (actual time=2151.153..2151.153 rows=9123688 loops=1)
                                                               Index Cond: ((l_shipdate >= '1996-01-01'::date) AND (l_shipdate < '1997-01-01'::date))
                                       ->  Sort  (cost=77779.65..77830.16 rows=20202 width=4) (actual time=384.802..393.841 rows=59320 loops=1)
                                             Sort Key: part.p_partkey
                                             ->  HashAggregate  (cost=76132.97..76334.99 rows=20202 width=4) (actual time=374.441..377.396 rows=21718 loops=1)
                                                   ->  Seq Scan on part  (cost=0.00..76082.46 rows=20202 width=4) (actual time=0.528..367.901 rows=21718 loops=1)
                                                         Filter: ((p_name)::text ~~ 'olive%'::text)
                                 ->  Index Scan using partsupp_pkey on partsupp  (cost=0.00..4.55 rows=1 width=12) (actual time=0.062..0.062 rows=1 loops=59125)
                                       Index Cond: ((agg_lineitem.agg_partkey = partsupp.ps_partkey) AND (agg_lineitem.agg_suppkey = partsupp.ps_suppkey))
                     ->  Index Scan using supplier_pkey on supplier  (cost=0.00..4.27 rows=1 width=66) (actual time=0.010..0.010 rows=1 loops=44712)
                           Index Cond: (supplier.s_suppkey = partsupp.ps_suppkey)
               ->  Index Scan using nation_pkey on nation  (cost=0.00..1.27 rows=1 width=4) (actual time=0.001..0.001 rows=0 loops=44712)
                     Index Cond: (supplier.s_nationkey = nation.n_nationkey)
                     Filter: (n_name = 'IRAQ'::bpchar)
 Total runtime: 35100.097 ms
(30 rows)

query 21 run 1
SET
SET
                                                                                     QUERY PLAN                                                                                      
-------------------------------------------------------------------------------------------------------------------------------------------------------------------------------------
 Limit  (cost=9911568.10..9911568.35 rows=100 width=29) (actual time=128919.604..128919.614 rows=100 loops=1)
   ->  Sort  (cost=9911568.10..9911812.89 rows=97917 width=29) (actual time=128919.604..128919.609 rows=100 loops=1)
         Sort Key: count(*), supplier.s_name
         ->  HashAggregate  (cost=9902227.17..9903451.13 rows=97917 width=29) (actual time=128905.571..128906.239 rows=3991 loops=1)
               ->  Hash Join  (cost=1036107.42..9901737.59 rows=97917 width=29) (actual time=7535.696..128890.229 rows=39281 loops=1)
                     Hash Cond: (l1.l_orderkey = orders.o_orderkey)
                     ->  Hash Join  (cost=402111.90..9225128.42 rows=199954 width=33) (actual time=3140.409..123844.875 rows=80214 loops=1)
                           Hash Cond: (l1.l_suppkey = supplier.s_suppkey)
                           ->  Bitmap Heap Scan on lineitem l1  (cost=399512.30..9201783.59 rows=4998851 width=8) (actual time=3110.787..123183.460 rows=2016924 loops=1)
                                 Recheck Cond: (l_receiptdate > l_commitdate)
                                 Filter: ((subplan) AND (NOT (subplan)))
                                 ->  Bitmap Index Scan on q21_idx_2  (cost=0.00..398262.59 rows=19995403 width=0) (actual time=3018.321..3018.321 rows=37929348 loops=1)
                                 SubPlan
                                   ->  Index Scan using idx_lineitem_orderkey on lineitem l3  (cost=0.00..16.84 rows=64 width=152) (actual time=0.001..0.001 rows=1 loops=36573988)
                                         Index Cond: (l_orderkey = $0)
                                         Filter: ((l_suppkey <> $1) AND (l_receiptdate > l_commitdate))
                                   ->  Index Scan using idx_lineitem_orderkey on lineitem l2  (cost=0.00..16.36 rows=191 width=152) (actual time=0.001..0.001 rows=1 loops=37929348)
                                         Index Cond: (l_orderkey = $0)
                                         Filter: (l_suppkey <> $1)
                           ->  Hash  (cost=2549.60..2549.60 rows=4000 width=33) (actual time=29.610..29.610 rows=3991 loops=1)
                                 ->  Nested Loop  (cost=55.26..2549.60 rows=4000 width=33) (actual time=2.961..28.501 rows=3991 loops=1)
                                       ->  Seq Scan on nation  (cost=0.00..1.31 rows=1 width=4) (actual time=0.262..0.265 rows=1 loops=1)
                                             Filter: (n_name = 'PERU'::bpchar)
                                       ->  Bitmap Heap Scan on supplier  (cost=55.26..2498.29 rows=4000 width=37) (actual time=2.691..27.600 rows=3991 loops=1)
                                             Recheck Cond: (supplier.s_nationkey = nation.n_nationkey)
                                             ->  Bitmap Index Scan on idx_supplier_nation_key  (cost=0.00..54.26 rows=4000 width=0) (actual time=2.200..2.200 rows=3991 loops=1)
                                                   Index Cond: (supplier.s_nationkey = nation.n_nationkey)
                     ->  Hash  (cost=506304.22..506304.22 rows=7345783 width=4) (actual time=4395.015..4395.015 rows=7309184 loops=1)
                           ->  Seq Scan on orders  (cost=0.00..506304.22 rows=7345783 width=4) (actual time=0.871..3387.220 rows=7309184 loops=1)
                                 Filter: (o_orderstatus = 'F'::bpchar)
 Total runtime: 128920.464 ms
(31 rows)

SET
SET
                                                                                     QUERY PLAN                                                                                      
-------------------------------------------------------------------------------------------------------------------------------------------------------------------------------------
 Limit  (cost=9911568.10..9911568.35 rows=100 width=29) (actual time=128798.997..128799.007 rows=100 loops=1)
   ->  Sort  (cost=9911568.10..9911812.89 rows=97917 width=29) (actual time=128798.996..128799.001 rows=100 loops=1)
         Sort Key: count(*), supplier.s_name
         ->  HashAggregate  (cost=9902227.17..9903451.13 rows=97917 width=29) (actual time=128784.978..128785.618 rows=3991 loops=1)
               ->  Hash Join  (cost=1036107.42..9901737.59 rows=97917 width=29) (actual time=7172.599..128769.151 rows=39281 loops=1)
                     Hash Cond: (l1.l_orderkey = orders.o_orderkey)
                     ->  Hash Join  (cost=402111.90..9225128.42 rows=199954 width=33) (actual time=3023.321..123864.306 rows=80214 loops=1)
                           Hash Cond: (l1.l_suppkey = supplier.s_suppkey)
                           ->  Bitmap Heap Scan on lineitem l1  (cost=399512.30..9201783.59 rows=4998851 width=8) (actual time=2990.519..123206.260 rows=2016924 loops=1)
                                 Recheck Cond: (l_receiptdate > l_commitdate)
                                 Filter: ((subplan) AND (NOT (subplan)))
                                 ->  Bitmap Index Scan on q21_idx_2  (cost=0.00..398262.59 rows=19995403 width=0) (actual time=2898.901..2898.901 rows=37929348 loops=1)
                                 SubPlan
                                   ->  Index Scan using idx_lineitem_orderkey on lineitem l3  (cost=0.00..16.84 rows=64 width=152) (actual time=0.001..0.001 rows=1 loops=36573988)
                                         Index Cond: (l_orderkey = $0)
                                         Filter: ((l_suppkey <> $1) AND (l_receiptdate > l_commitdate))
                                   ->  Index Scan using idx_lineitem_orderkey on lineitem l2  (cost=0.00..16.36 rows=191 width=152) (actual time=0.001..0.001 rows=1 loops=37929348)
                                         Index Cond: (l_orderkey = $0)
                                         Filter: (l_suppkey <> $1)
                           ->  Hash  (cost=2549.60..2549.60 rows=4000 width=33) (actual time=32.789..32.789 rows=3991 loops=1)
                                 ->  Nested Loop  (cost=55.26..2549.60 rows=4000 width=33) (actual time=2.216..31.760 rows=3991 loops=1)
                                       ->  Seq Scan on nation  (cost=0.00..1.31 rows=1 width=4) (actual time=0.195..0.199 rows=1 loops=1)
                                             Filter: (n_name = 'PERU'::bpchar)
                                       ->  Bitmap Heap Scan on supplier  (cost=55.26..2498.29 rows=4000 width=37) (actual time=2.017..30.961 rows=3991 loops=1)
                                             Recheck Cond: (supplier.s_nationkey = nation.n_nationkey)
                                             ->  Bitmap Index Scan on idx_supplier_nation_key  (cost=0.00..54.26 rows=4000 width=0) (actual time=1.582..1.582 rows=3991 loops=1)
                                                   Index Cond: (supplier.s_nationkey = nation.n_nationkey)
                     ->  Hash  (cost=506304.22..506304.22 rows=7345783 width=4) (actual time=4149.008..4149.008 rows=7309184 loops=1)
                           ->  Seq Scan on orders  (cost=0.00..506304.22 rows=7345783 width=4) (actual time=0.268..3134.045 rows=7309184 loops=1)
                                 Filter: (o_orderstatus = 'F'::bpchar)
 Total runtime: 128801.057 ms
(31 rows)

query 22 run 1
SET
SET
                                                                          QUERY PLAN                                                                          
--------------------------------------------------------------------------------------------------------------------------------------------------------------
 Limit  (cost=1327741.12..1327741.15 rows=1 width=30) (actual time=9789.141..9789.142 rows=1 loops=1)
   InitPlan
     ->  Aggregate  (cost=81639.31..81639.32 rows=1 width=11) (actual time=1191.904..1191.905 rows=1 loops=1)
           ->  Seq Scan on customer  (cost=0.00..81521.74 rows=47027 width=11) (actual time=0.538..953.292 rows=382426 loops=1)
                 Filter: ((c_acctbal > 0.00) AND ("substring"((c_phone)::text, 1, 2) = ANY ('{21,29,26,34,14,15,17}'::text[])))
   ->  GroupAggregate  (cost=1246101.80..1246360.40 rows=8620 width=30) (actual time=9789.140..9789.140 rows=1 loops=1)
         ->  Sort  (cost=1246101.80..1246123.35 rows=8620 width=30) (actual time=9786.668..9786.991 rows=9006 loops=1)
               Sort Key: "substring"((customer.c_phone)::text, 1, 2)
               ->  Bitmap Heap Scan on customer  (cost=91194.84..1245538.33 rows=8620 width=30) (actual time=1602.123..9741.200 rows=63509 loops=1)
                     Recheck Cond: (c_acctbal > $0)
                     Filter: (("substring"((c_phone)::text, 1, 2) = ANY ('{21,29,26,34,14,15,17}'::text[])) AND (NOT (subplan)))
                     ->  Bitmap Index Scan on q10_idx_1  (cost=0.00..91192.69 rows=499984 width=0) (actual time=1594.847..1594.847 rows=680968 loops=1)
                           Index Cond: (c_acctbal > $0)
                     SubPlan
                       ->  Index Scan using idx_orders_custkey on orders  (cost=0.00..37.37 rows=17 width=124) (actual time=0.039..0.039 rows=1 loops=191129)
                             Index Cond: (o_custkey = $1)
 Total runtime: 9789.223 ms
(17 rows)

SET
SET
                                                                          QUERY PLAN                                                                          
--------------------------------------------------------------------------------------------------------------------------------------------------------------
 Limit  (cost=1327741.12..1327741.15 rows=1 width=30) (actual time=2153.149..2153.149 rows=1 loops=1)
   InitPlan
     ->  Aggregate  (cost=81639.31..81639.32 rows=1 width=11) (actual time=964.307..964.308 rows=1 loops=1)
           ->  Seq Scan on customer  (cost=0.00..81521.74 rows=47027 width=11) (actual time=0.025..735.695 rows=382426 loops=1)
                 Filter: ((c_acctbal > 0.00) AND ("substring"((c_phone)::text, 1, 2) = ANY ('{21,29,26,34,14,15,17}'::text[])))
   ->  GroupAggregate  (cost=1246101.80..1246360.40 rows=8620 width=30) (actual time=2153.149..2153.149 rows=1 loops=1)
         ->  Sort  (cost=1246101.80..1246123.35 rows=8620 width=30) (actual time=2150.730..2151.085 rows=9006 loops=1)
               Sort Key: "substring"((customer.c_phone)::text, 1, 2)
               ->  Bitmap Heap Scan on customer  (cost=91194.84..1245538.33 rows=8620 width=30) (actual time=1181.777..2122.210 rows=63509 loops=1)
                     Recheck Cond: (c_acctbal > $0)
                     Filter: (("substring"((c_phone)::text, 1, 2) = ANY ('{21,29,26,34,14,15,17}'::text[])) AND (NOT (subplan)))
                     ->  Bitmap Index Scan on q10_idx_1  (cost=0.00..91192.69 rows=499984 width=0) (actual time=1175.294..1175.294 rows=680968 loops=1)
                           Index Cond: (c_acctbal > $0)
                     SubPlan
                       ->  Index Scan using idx_orders_custkey on orders  (cost=0.00..37.37 rows=17 width=124) (actual time=0.003..0.003 rows=1 loops=191129)
                             Index Cond: (o_custkey = $1)
 Total runtime: 2153.199 ms
(17 rows)

