query 1 run 1
SET
SET
SET
                                                               QUERY PLAN                                                                
-----------------------------------------------------------------------------------------------------------------------------------------
 Limit  (cost=395092.51..395092.51 rows=1 width=236) (actual time=6647.452..6647.453 rows=1 loops=1)
   ->  Sort  (cost=395092.51..395092.53 rows=6 width=236) (actual time=6647.451..6647.452 rows=1 loops=1)
         Sort Key: l_returnflag, l_linestatus
         Sort Method: top-N heapsort  Memory: 25kB
         ->  HashAggregate  (cost=395092.32..395092.48 rows=6 width=236) (actual time=6647.414..6647.419 rows=4 loops=1)
               Group Key: l_returnflag, l_linestatus
               Batches: 1  Memory Usage: 24kB
               ->  Seq Scan on lineitem  (cost=0.00..187577.91 rows=5928983 width=25) (actual time=0.570..1061.605 rows=5930957 loops=1)
                     Filter: (l_shipdate <= '1998-09-10 00:00:00'::timestamp without time zone)
                     Rows Removed by Filter: 70258
 Planning Time: 17.260 ms
 Execution Time: 6647.831 ms
(12 rows)

SET
SET
SET
                                                               QUERY PLAN                                                               
----------------------------------------------------------------------------------------------------------------------------------------
 Limit  (cost=395092.51..395092.51 rows=1 width=236) (actual time=6490.052..6490.053 rows=1 loops=1)
   ->  Sort  (cost=395092.51..395092.53 rows=6 width=236) (actual time=6490.051..6490.051 rows=1 loops=1)
         Sort Key: l_returnflag, l_linestatus
         Sort Method: top-N heapsort  Memory: 25kB
         ->  HashAggregate  (cost=395092.32..395092.48 rows=6 width=236) (actual time=6490.020..6490.026 rows=4 loops=1)
               Group Key: l_returnflag, l_linestatus
               Batches: 1  Memory Usage: 24kB
               ->  Seq Scan on lineitem  (cost=0.00..187577.91 rows=5928983 width=25) (actual time=0.025..876.471 rows=5930957 loops=1)
                     Filter: (l_shipdate <= '1998-09-10 00:00:00'::timestamp without time zone)
                     Rows Removed by Filter: 70258
 Planning Time: 0.974 ms
 Execution Time: 6490.116 ms
(12 rows)

query 2 run 1
SET
SET
SET
                                                                                                QUERY PLAN                                                                                                
----------------------------------------------------------------------------------------------------------------------------------------------------------------------------------------------------------
 Limit  (cost=19408.54..19408.54 rows=1 width=192) (actual time=174.501..174.520 rows=100 loops=1)
   ->  Sort  (cost=19408.54..19408.54 rows=1 width=192) (actual time=174.501..174.508 rows=100 loops=1)
         Sort Key: supplier.s_acctbal DESC, nation.n_name, supplier.s_name, part.p_partkey
         Sort Method: top-N heapsort  Memory: 70kB
         ->  Nested Loop  (cost=14.58..19408.53 rows=1 width=192) (actual time=5.338..174.174 rows=489 loops=1)
               Join Filter: (supplier.s_nationkey = nation.n_nationkey)
               Rows Removed by Join Filter: 1956
               ->  Nested Loop  (cost=0.00..2.62 rows=5 width=30) (actual time=0.335..0.340 rows=5 loops=1)
                     Join Filter: (nation.n_regionkey = region.r_regionkey)
                     Rows Removed by Join Filter: 20
                     ->  Seq Scan on region  (cost=0.00..1.06 rows=1 width=4) (actual time=0.158..0.159 rows=1 loops=1)
                           Filter: (r_name = 'AMERICA'::bpchar)
                           Rows Removed by Filter: 4
                     ->  Seq Scan on nation  (cost=0.00..1.25 rows=25 width=34) (actual time=0.172..0.174 rows=25 loops=1)
               ->  Materialize  (cost=14.58..19405.83 rows=1 width=170) (actual time=0.391..34.681 rows=489 loops=5)
                     ->  Nested Loop  (cost=14.58..19405.83 rows=1 width=170) (actual time=1.952..172.739 rows=489 loops=1)
                           ->  Nested Loop  (cost=14.30..19404.55 rows=1 width=34) (actual time=1.520..128.594 rows=489 loops=1)
                                 ->  Index Only Scan using q2_idx_1 on part  (cost=0.42..5442.67 rows=890 width=30) (actual time=0.280..26.569 rows=799 loops=1)
                                       Index Cond: (p_size = 16)
                                       Filter: ((p_type)::text ~~ '%NICKEL'::text)
                                       Rows Removed by Filter: 3304
                                       Heap Fetches: 0
                                 ->  Index Only Scan using q2_idx_2 on partsupp  (cost=13.88..15.68 rows=1 width=14) (actual time=0.002..0.002 rows=1 loops=799)
                                       Index Cond: ((ps_partkey = part.p_partkey) AND (ps_supplycost = (SubPlan 1)))
                                       Heap Fetches: 0
                                       SubPlan 1
                                         ->  Aggregate  (cost=13.44..13.45 rows=1 width=32) (actual time=0.124..0.124 rows=1 loops=799)
                                               ->  Nested Loop  (cost=0.85..13.44 rows=1 width=6) (actual time=0.110..0.121 rows=1 loops=799)
                                                     Join Filter: (nation_1.n_regionkey = region_1.r_regionkey)
                                                     Rows Removed by Join Filter: 3
                                                     ->  Seq Scan on region region_1  (cost=0.00..1.06 rows=1 width=4) (actual time=0.001..0.002 rows=1 loops=799)
                                                           Filter: (r_name = 'AMERICA'::bpchar)
                                                           Rows Removed by Filter: 4
                                                     ->  Nested Loop  (cost=0.85..12.33 rows=4 width=10) (actual time=0.090..0.118 rows=4 loops=799)
                                                           ->  Nested Loop  (cost=0.71..11.71 rows=4 width=10) (actual time=0.088..0.111 rows=4 loops=799)
                                                                 ->  Index Only Scan using q2_idx_2 on partsupp partsupp_1  (cost=0.42..2.49 rows=4 width=10) (actual time=0.082..0.084 rows=4 loops=799)
                                                                       Index Cond: (ps_partkey = part.p_partkey)
                                                                       Heap Fetches: 0
                                                                 ->  Index Only Scan using q2_idx_3 on supplier supplier_1  (cost=0.29..2.30 rows=1 width=8) (actual time=0.006..0.006 rows=1 loops=3196)
                                                                       Index Cond: (s_suppkey = partsupp_1.ps_suppkey)
                                                                       Heap Fetches: 0
                                                           ->  Index Scan using nation_pkey on nation nation_1  (cost=0.14..0.16 rows=1 width=8) (actual time=0.001..0.001 rows=1 loops=3196)
                                                                 Index Cond: (n_nationkey = supplier_1.s_nationkey)
                           ->  Index Scan using supplier_pkey on supplier  (cost=0.29..1.27 rows=1 width=144) (actual time=0.089..0.089 rows=1 loops=489)
                                 Index Cond: (s_suppkey = partsupp.ps_suppkey)
 Planning Time: 24.190 ms
 Execution Time: 175.142 ms
(47 rows)

SET
SET
SET
                                                                                                QUERY PLAN                                                                                                
----------------------------------------------------------------------------------------------------------------------------------------------------------------------------------------------------------
 Limit  (cost=19408.54..19408.54 rows=1 width=192) (actual time=26.328..26.345 rows=100 loops=1)
   ->  Sort  (cost=19408.54..19408.54 rows=1 width=192) (actual time=26.326..26.333 rows=100 loops=1)
         Sort Key: supplier.s_acctbal DESC, nation.n_name, supplier.s_name, part.p_partkey
         Sort Method: top-N heapsort  Memory: 70kB
         ->  Nested Loop  (cost=14.58..19408.53 rows=1 width=192) (actual time=0.167..26.039 rows=489 loops=1)
               Join Filter: (supplier.s_nationkey = nation.n_nationkey)
               Rows Removed by Join Filter: 1956
               ->  Nested Loop  (cost=0.00..2.62 rows=5 width=30) (actual time=0.010..0.015 rows=5 loops=1)
                     Join Filter: (nation.n_regionkey = region.r_regionkey)
                     Rows Removed by Join Filter: 20
                     ->  Seq Scan on region  (cost=0.00..1.06 rows=1 width=4) (actual time=0.006..0.007 rows=1 loops=1)
                           Filter: (r_name = 'AMERICA'::bpchar)
                           Rows Removed by Filter: 4
                     ->  Seq Scan on nation  (cost=0.00..1.25 rows=25 width=34) (actual time=0.002..0.003 rows=25 loops=1)
               ->  Materialize  (cost=14.58..19405.83 rows=1 width=170) (actual time=0.012..5.142 rows=489 loops=5)
                     ->  Nested Loop  (cost=14.58..19405.83 rows=1 width=170) (actual time=0.059..25.348 rows=489 loops=1)
                           ->  Nested Loop  (cost=14.30..19404.55 rows=1 width=34) (actual time=0.051..24.146 rows=489 loops=1)
                                 ->  Index Only Scan using q2_idx_1 on part  (cost=0.42..5442.67 rows=890 width=30) (actual time=0.013..8.630 rows=799 loops=1)
                                       Index Cond: (p_size = 16)
                                       Filter: ((p_type)::text ~~ '%NICKEL'::text)
                                       Rows Removed by Filter: 3304
                                       Heap Fetches: 0
                                 ->  Index Only Scan using q2_idx_2 on partsupp  (cost=13.88..15.68 rows=1 width=14) (actual time=0.001..0.001 rows=1 loops=799)
                                       Index Cond: ((ps_partkey = part.p_partkey) AND (ps_supplycost = (SubPlan 1)))
                                       Heap Fetches: 0
                                       SubPlan 1
                                         ->  Aggregate  (cost=13.44..13.45 rows=1 width=32) (actual time=0.017..0.017 rows=1 loops=799)
                                               ->  Nested Loop  (cost=0.85..13.44 rows=1 width=6) (actual time=0.012..0.016 rows=1 loops=799)
                                                     Join Filter: (nation_1.n_regionkey = region_1.r_regionkey)
                                                     Rows Removed by Join Filter: 3
                                                     ->  Seq Scan on region region_1  (cost=0.00..1.06 rows=1 width=4) (actual time=0.001..0.001 rows=1 loops=799)
                                                           Filter: (r_name = 'AMERICA'::bpchar)
                                                           Rows Removed by Filter: 4
                                                     ->  Nested Loop  (cost=0.85..12.33 rows=4 width=10) (actual time=0.006..0.014 rows=4 loops=799)
                                                           ->  Nested Loop  (cost=0.71..11.71 rows=4 width=10) (actual time=0.005..0.009 rows=4 loops=799)
                                                                 ->  Index Only Scan using q2_idx_2 on partsupp partsupp_1  (cost=0.42..2.49 rows=4 width=10) (actual time=0.003..0.003 rows=4 loops=799)
                                                                       Index Cond: (ps_partkey = part.p_partkey)
                                                                       Heap Fetches: 0
                                                                 ->  Index Only Scan using q2_idx_3 on supplier supplier_1  (cost=0.29..2.30 rows=1 width=8) (actual time=0.001..0.001 rows=1 loops=3196)
                                                                       Index Cond: (s_suppkey = partsupp_1.ps_suppkey)
                                                                       Heap Fetches: 0
                                                           ->  Index Scan using nation_pkey on nation nation_1  (cost=0.14..0.16 rows=1 width=8) (actual time=0.001..0.001 rows=1 loops=3196)
                                                                 Index Cond: (n_nationkey = supplier_1.s_nationkey)
                           ->  Index Scan using supplier_pkey on supplier  (cost=0.29..1.27 rows=1 width=144) (actual time=0.002..0.002 rows=1 loops=489)
                                 Index Cond: (s_suppkey = partsupp.ps_suppkey)
 Planning Time: 2.073 ms
 Execution Time: 26.398 ms
(47 rows)

query 3 run 1
SET
SET
SET
                                                                                   QUERY PLAN                                                                                   
--------------------------------------------------------------------------------------------------------------------------------------------------------------------------------
 Limit  (cost=287136.72..287136.75 rows=10 width=44) (actual time=2113.914..2113.919 rows=10 loops=1)
   ->  Sort  (cost=287136.72..287916.69 rows=311986 width=44) (actual time=2113.912..2113.916 rows=10 loops=1)
         Sort Key: (sum((lineitem.l_extendedprice * ('1'::numeric - lineitem.l_discount)))) DESC, orders.o_orderdate
         Sort Method: top-N heapsort  Memory: 26kB
         ->  HashAggregate  (cost=272838.91..280394.82 rows=311986 width=44) (actual time=2107.603..2111.925 rows=11612 loops=1)
               Group Key: lineitem.l_orderkey, orders.o_orderdate, orders.o_shippriority
               Planned Partitions: 4  Batches: 1  Memory Usage: 12305kB
               ->  Hash Join  (cost=51545.25..254607.22 rows=311986 width=24) (actual time=811.627..2086.861 rows=30533 loops=1)
                     Hash Cond: (lineitem.l_orderkey = orders.o_orderkey)
                     ->  Seq Scan on lineitem  (cost=0.00..187577.91 rows=3297320 width=16) (actual time=0.813..994.065 rows=3261873 loops=1)
                           Filter: (l_shipdate > '1995-03-07'::date)
                           Rows Removed by Filter: 2739342
                     ->  Hash  (cost=49771.16..49771.16 rows=141927 width=12) (actual time=809.437..809.439 rows=146063 loops=1)
                           Buckets: 262144  Batches: 1  Memory Usage: 8325kB
                           ->  Hash Join  (cost=12717.59..49771.16 rows=141927 width=12) (actual time=85.950..769.872 rows=146063 loops=1)
                                 Hash Cond: (orders.o_custkey = customer.c_custkey)
                                 ->  Bitmap Heap Scan on orders  (cost=6877.09..42034.96 rows=722150 width=16) (actual time=41.410..565.304 rows=722275 loops=1)
                                       Recheck Cond: (o_orderdate < '1995-03-07'::date)
                                       Heap Blocks: exact=26131
                                       ->  Bitmap Index Scan on idx_orders_orderdate  (cost=0.00..6696.55 rows=722150 width=0) (actual time=37.399..37.400 rows=722275 loops=1)
                                             Index Cond: (o_orderdate < '1995-03-07'::date)
                                 ->  Hash  (cost=5472.00..5472.00 rows=29480 width=4) (actual time=44.432..44.433 rows=30142 loops=1)
                                       Buckets: 32768  Batches: 1  Memory Usage: 1316kB
                                       ->  Seq Scan on customer  (cost=0.00..5472.00 rows=29480 width=4) (actual time=0.624..40.430 rows=30142 loops=1)
                                             Filter: (c_mktsegment = 'BUILDING'::bpchar)
                                             Rows Removed by Filter: 119858
 Planning Time: 23.098 ms
 Execution Time: 2115.692 ms
(28 rows)

SET
SET
SET
                                                                                   QUERY PLAN                                                                                   
--------------------------------------------------------------------------------------------------------------------------------------------------------------------------------
 Limit  (cost=287136.72..287136.75 rows=10 width=44) (actual time=1372.201..1372.206 rows=10 loops=1)
   ->  Sort  (cost=287136.72..287916.69 rows=311986 width=44) (actual time=1372.199..1372.203 rows=10 loops=1)
         Sort Key: (sum((lineitem.l_extendedprice * ('1'::numeric - lineitem.l_discount)))) DESC, orders.o_orderdate
         Sort Method: top-N heapsort  Memory: 26kB
         ->  HashAggregate  (cost=272838.91..280394.82 rows=311986 width=44) (actual time=1365.972..1370.224 rows=11612 loops=1)
               Group Key: lineitem.l_orderkey, orders.o_orderdate, orders.o_shippriority
               Planned Partitions: 4  Batches: 1  Memory Usage: 12305kB
               ->  Hash Join  (cost=51545.25..254607.22 rows=311986 width=24) (actual time=285.739..1347.673 rows=30533 loops=1)
                     Hash Cond: (lineitem.l_orderkey = orders.o_orderkey)
                     ->  Seq Scan on lineitem  (cost=0.00..187577.91 rows=3297320 width=16) (actual time=0.048..787.865 rows=3261873 loops=1)
                           Filter: (l_shipdate > '1995-03-07'::date)
                           Rows Removed by Filter: 2739342
                     ->  Hash  (cost=49771.16..49771.16 rows=141927 width=12) (actual time=285.150..285.152 rows=146063 loops=1)
                           Buckets: 262144  Batches: 1  Memory Usage: 8325kB
                           ->  Hash Join  (cost=12717.59..49771.16 rows=141927 width=12) (actual time=59.423..261.175 rows=146063 loops=1)
                                 Hash Cond: (orders.o_custkey = customer.c_custkey)
                                 ->  Bitmap Heap Scan on orders  (cost=6877.09..42034.96 rows=722150 width=16) (actual time=33.522..138.069 rows=722275 loops=1)
                                       Recheck Cond: (o_orderdate < '1995-03-07'::date)
                                       Heap Blocks: exact=26131
                                       ->  Bitmap Index Scan on idx_orders_orderdate  (cost=0.00..6696.55 rows=722150 width=0) (actual time=29.980..29.980 rows=722275 loops=1)
                                             Index Cond: (o_orderdate < '1995-03-07'::date)
                                 ->  Hash  (cost=5472.00..5472.00 rows=29480 width=4) (actual time=25.876..25.877 rows=30142 loops=1)
                                       Buckets: 32768  Batches: 1  Memory Usage: 1316kB
                                       ->  Seq Scan on customer  (cost=0.00..5472.00 rows=29480 width=4) (actual time=0.007..22.315 rows=30142 loops=1)
                                             Filter: (c_mktsegment = 'BUILDING'::bpchar)
                                             Rows Removed by Filter: 119858
 Planning Time: 1.649 ms
 Execution Time: 1373.330 ms
(28 rows)

query 4 run 1
SET
SET
SET
                                                                             QUERY PLAN                                                                              
---------------------------------------------------------------------------------------------------------------------------------------------------------------------
 Limit  (cost=76006.72..76006.72 rows=1 width=24) (actual time=992.171..992.172 rows=1 loops=1)
   ->  Sort  (cost=76006.72..76006.73 rows=5 width=24) (actual time=992.170..992.171 rows=1 loops=1)
         Sort Key: orders.o_orderpriority
         Sort Method: top-N heapsort  Memory: 25kB
         ->  HashAggregate  (cost=76006.64..76006.69 rows=5 width=24) (actual time=992.143..992.146 rows=5 loops=1)
               Group Key: orders.o_orderpriority
               Batches: 1  Memory Usage: 24kB
               ->  Merge Semi Join  (cost=32209.29..75720.14 rows=57301 width=16) (actual time=474.145..981.126 rows=51398 loops=1)
                     Merge Cond: (orders.o_orderkey = lineitem.l_orderkey)
                     ->  Sort  (cost=32208.85..32352.11 rows=57301 width=20) (actual time=473.899..477.944 rows=55973 loops=1)
                           Sort Key: orders.o_orderkey
                           Sort Method: quicksort  Memory: 3723kB
                           ->  Bitmap Heap Scan on orders  (cost=689.76..27680.28 rows=57301 width=20) (actual time=8.666..460.017 rows=55973 loops=1)
                                 Recheck Cond: ((o_orderdate >= '1993-12-01'::date) AND (o_orderdate < '1994-03-01'::date))
                                 Heap Blocks: exact=23186
                                 ->  Bitmap Index Scan on idx_orders_orderdate  (cost=0.00..675.44 rows=57301 width=0) (actual time=5.042..5.042 rows=55973 loops=1)
                                       Index Cond: ((o_orderdate >= '1993-12-01'::date) AND (o_orderdate < '1994-03-01'::date))
                     ->  Index Only Scan using q4_idx_1 on lineitem  (cost=0.43..37459.60 rows=2000478 width=4) (actual time=0.238..332.154 rows=3793256 loops=1)
                           Heap Fetches: 0
 Planning Time: 22.226 ms
 Execution Time: 992.872 ms
(21 rows)

SET
SET
SET
                                                                             QUERY PLAN                                                                              
---------------------------------------------------------------------------------------------------------------------------------------------------------------------
 Limit  (cost=76006.72..76006.72 rows=1 width=24) (actual time=513.870..513.872 rows=1 loops=1)
   ->  Sort  (cost=76006.72..76006.73 rows=5 width=24) (actual time=513.869..513.870 rows=1 loops=1)
         Sort Key: orders.o_orderpriority
         Sort Method: top-N heapsort  Memory: 25kB
         ->  HashAggregate  (cost=76006.64..76006.69 rows=5 width=24) (actual time=513.845..513.846 rows=5 loops=1)
               Group Key: orders.o_orderpriority
               Batches: 1  Memory Usage: 24kB
               ->  Merge Semi Join  (cost=32209.29..75720.14 rows=57301 width=16) (actual time=45.785..504.341 rows=51398 loops=1)
                     Merge Cond: (orders.o_orderkey = lineitem.l_orderkey)
                     ->  Sort  (cost=32208.85..32352.11 rows=57301 width=20) (actual time=45.762..48.842 rows=55973 loops=1)
                           Sort Key: orders.o_orderkey
                           Sort Method: quicksort  Memory: 3723kB
                           ->  Bitmap Heap Scan on orders  (cost=689.76..27680.28 rows=57301 width=20) (actual time=6.493..38.914 rows=55973 loops=1)
                                 Recheck Cond: ((o_orderdate >= '1993-12-01'::date) AND (o_orderdate < '1994-03-01'::date))
                                 Heap Blocks: exact=23186
                                 ->  Bitmap Index Scan on idx_orders_orderdate  (cost=0.00..675.44 rows=57301 width=0) (actual time=3.255..3.255 rows=55973 loops=1)
                                       Index Cond: ((o_orderdate >= '1993-12-01'::date) AND (o_orderdate < '1994-03-01'::date))
                     ->  Index Only Scan using q4_idx_1 on lineitem  (cost=0.43..37459.60 rows=2000478 width=4) (actual time=0.016..283.835 rows=3793256 loops=1)
                           Heap Fetches: 0
 Planning Time: 1.674 ms
 Execution Time: 513.920 ms
(21 rows)

query 5 run 1
SET
SET
SET
                                                                                      QUERY PLAN                                                                                      
--------------------------------------------------------------------------------------------------------------------------------------------------------------------------------------
 Limit  (cost=148223.48..148223.48 rows=1 width=58) (actual time=1105.633..1105.639 rows=1 loops=1)
   ->  Sort  (cost=148223.48..148223.54 rows=25 width=58) (actual time=1105.632..1105.637 rows=1 loops=1)
         Sort Key: (sum((lineitem.l_extendedprice * ('1'::numeric - lineitem.l_discount)))) DESC
         Sort Method: top-N heapsort  Memory: 25kB
         ->  GroupAggregate  (cost=148132.75..148223.35 rows=25 width=58) (actual time=1103.099..1105.605 rows=5 loops=1)
               Group Key: nation.n_name
               ->  Sort  (cost=148132.75..148150.81 rows=7223 width=38) (actual time=1102.457..1102.756 rows=7540 loops=1)
                     Sort Key: nation.n_name
                     Sort Method: quicksort  Memory: 605kB
                     ->  Hash Join  (cost=9529.30..147669.82 rows=7223 width=38) (actual time=78.953..1098.735 rows=7540 loops=1)
                           Hash Cond: ((lineitem.l_suppkey = supplier.s_suppkey) AND (customer.c_nationkey = supplier.s_nationkey))
                           ->  Nested Loop  (cost=9056.30..146247.41 rows=180838 width=50) (actual time=72.392..1058.166 rows=182435 loops=1)
                                 ->  Hash Join  (cost=9055.86..39876.22 rows=45199 width=38) (actual time=71.993..637.910 rows=45297 loops=1)
                                       Hash Cond: (orders.o_custkey = customer.c_custkey)
                                       ->  Bitmap Heap Scan on orders  (cost=2718.86..32239.75 rows=225993 width=8) (actual time=17.861..516.853 rows=226645 loops=1)
                                             Recheck Cond: ((o_orderdate >= '1993-01-01'::date) AND (o_orderdate < '1994-01-01'::date))
                                             Heap Blocks: exact=26127
                                             ->  Bitmap Index Scan on idx_orders_orderdate  (cost=0.00..2662.36 rows=225993 width=0) (actual time=13.664..13.665 rows=226645 loops=1)
                                                   Index Cond: ((o_orderdate >= '1993-01-01'::date) AND (o_orderdate < '1994-01-01'::date))
                                       ->  Hash  (cost=5962.01..5962.01 rows=30000 width=38) (actual time=54.086..54.089 rows=29952 loops=1)
                                             Buckets: 32768  Batches: 1  Memory Usage: 2362kB
                                             ->  Hash Join  (cost=2.51..5962.01 rows=30000 width=38) (actual time=1.410..49.116 rows=29952 loops=1)
                                                   Hash Cond: (customer.c_nationkey = nation.n_nationkey)
                                                   ->  Seq Scan on customer  (cost=0.00..5097.00 rows=150000 width=8) (actual time=0.770..32.622 rows=150000 loops=1)
                                                   ->  Hash  (cost=2.45..2.45 rows=5 width=30) (actual time=0.633..0.635 rows=5 loops=1)
                                                         Buckets: 1024  Batches: 1  Memory Usage: 9kB
                                                         ->  Hash Join  (cost=1.07..2.45 rows=5 width=30) (actual time=0.628..0.633 rows=5 loops=1)
                                                               Hash Cond: (nation.n_regionkey = region.r_regionkey)
                                                               ->  Seq Scan on nation  (cost=0.00..1.25 rows=25 width=34) (actual time=0.312..0.314 rows=25 loops=1)
                                                               ->  Hash  (cost=1.06..1.06 rows=1 width=4) (actual time=0.308..0.309 rows=1 loops=1)
                                                                     Buckets: 1024  Batches: 1  Memory Usage: 9kB
                                                                     ->  Seq Scan on region  (cost=0.00..1.06 rows=1 width=4) (actual time=0.304..0.305 rows=1 loops=1)
                                                                           Filter: (r_name = 'AMERICA'::bpchar)
                                                                           Rows Removed by Filter: 4
                                 ->  Index Only Scan using q5_idx_1 on lineitem  (cost=0.43..2.31 rows=4 width=20) (actual time=0.008..0.008 rows=4 loops=45297)
                                       Index Cond: (l_orderkey = orders.o_orderkey)
                                       Heap Fetches: 0
                           ->  Hash  (cost=323.00..323.00 rows=10000 width=8) (actual time=6.521..6.522 rows=10000 loops=1)
                                 Buckets: 16384  Batches: 1  Memory Usage: 519kB
                                 ->  Seq Scan on supplier  (cost=0.00..323.00 rows=10000 width=8) (actual time=0.308..4.552 rows=10000 loops=1)
 Planning Time: 34.562 ms
 Execution Time: 1105.992 ms
(42 rows)

SET
SET
SET
                                                                                      QUERY PLAN                                                                                      
--------------------------------------------------------------------------------------------------------------------------------------------------------------------------------------
 Limit  (cost=148223.48..148223.48 rows=1 width=58) (actual time=307.764..307.770 rows=1 loops=1)
   ->  Sort  (cost=148223.48..148223.54 rows=25 width=58) (actual time=307.763..307.768 rows=1 loops=1)
         Sort Key: (sum((lineitem.l_extendedprice * ('1'::numeric - lineitem.l_discount)))) DESC
         Sort Method: top-N heapsort  Memory: 25kB
         ->  GroupAggregate  (cost=148132.75..148223.35 rows=25 width=58) (actual time=305.323..307.752 rows=5 loops=1)
               Group Key: nation.n_name
               ->  Sort  (cost=148132.75..148150.81 rows=7223 width=38) (actual time=304.712..305.006 rows=7540 loops=1)
                     Sort Key: nation.n_name
                     Sort Method: quicksort  Memory: 605kB
                     ->  Hash Join  (cost=9529.30..147669.82 rows=7223 width=38) (actual time=50.816..302.027 rows=7540 loops=1)
                           Hash Cond: ((lineitem.l_suppkey = supplier.s_suppkey) AND (customer.c_nationkey = supplier.s_nationkey))
                           ->  Nested Loop  (cost=9056.30..146247.41 rows=180838 width=50) (actual time=48.118..277.577 rows=182435 loops=1)
                                 ->  Hash Join  (cost=9055.86..39876.22 rows=45199 width=38) (actual time=48.100..146.823 rows=45297 loops=1)
                                       Hash Cond: (orders.o_custkey = customer.c_custkey)
                                       ->  Bitmap Heap Scan on orders  (cost=2718.86..32239.75 rows=225993 width=8) (actual time=13.935..71.269 rows=226645 loops=1)
                                             Recheck Cond: ((o_orderdate >= '1993-01-01'::date) AND (o_orderdate < '1994-01-01'::date))
                                             Heap Blocks: exact=26127
                                             ->  Bitmap Index Scan on idx_orders_orderdate  (cost=0.00..2662.36 rows=225993 width=0) (actual time=10.442..10.442 rows=226645 loops=1)
                                                   Index Cond: ((o_orderdate >= '1993-01-01'::date) AND (o_orderdate < '1994-01-01'::date))
                                       ->  Hash  (cost=5962.01..5962.01 rows=30000 width=38) (actual time=34.129..34.132 rows=29952 loops=1)
                                             Buckets: 32768  Batches: 1  Memory Usage: 2362kB
                                             ->  Hash Join  (cost=2.51..5962.01 rows=30000 width=38) (actual time=0.034..29.523 rows=29952 loops=1)
                                                   Hash Cond: (customer.c_nationkey = nation.n_nationkey)
                                                   ->  Seq Scan on customer  (cost=0.00..5097.00 rows=150000 width=8) (actual time=0.006..9.771 rows=150000 loops=1)
                                                   ->  Hash  (cost=2.45..2.45 rows=5 width=30) (actual time=0.023..0.025 rows=5 loops=1)
                                                         Buckets: 1024  Batches: 1  Memory Usage: 9kB
                                                         ->  Hash Join  (cost=1.07..2.45 rows=5 width=30) (actual time=0.018..0.023 rows=5 loops=1)
                                                               Hash Cond: (nation.n_regionkey = region.r_regionkey)
                                                               ->  Seq Scan on nation  (cost=0.00..1.25 rows=25 width=34) (actual time=0.003..0.004 rows=25 loops=1)
                                                               ->  Hash  (cost=1.06..1.06 rows=1 width=4) (actual time=0.010..0.010 rows=1 loops=1)
                                                                     Buckets: 1024  Batches: 1  Memory Usage: 9kB
                                                                     ->  Seq Scan on region  (cost=0.00..1.06 rows=1 width=4) (actual time=0.006..0.007 rows=1 loops=1)
                                                                           Filter: (r_name = 'AMERICA'::bpchar)
                                                                           Rows Removed by Filter: 4
                                 ->  Index Only Scan using q5_idx_1 on lineitem  (cost=0.43..2.31 rows=4 width=20) (actual time=0.002..0.002 rows=4 loops=45297)
                                       Index Cond: (l_orderkey = orders.o_orderkey)
                                       Heap Fetches: 0
                           ->  Hash  (cost=323.00..323.00 rows=10000 width=8) (actual time=2.681..2.681 rows=10000 loops=1)
                                 Buckets: 16384  Batches: 1  Memory Usage: 519kB
                                 ->  Seq Scan on supplier  (cost=0.00..323.00 rows=10000 width=8) (actual time=0.009..1.423 rows=10000 loops=1)
 Planning Time: 4.336 ms
 Execution Time: 307.851 ms
(42 rows)

query 6 run 1
SET
SET
SET
                                                                                                          QUERY PLAN                                                                                                           
-------------------------------------------------------------------------------------------------------------------------------------------------------------------------------------------------------------------------------
 Limit  (cost=115033.22..115033.23 rows=1 width=32) (actual time=1261.857..1261.858 rows=1 loops=1)
   ->  Aggregate  (cost=115033.22..115033.23 rows=1 width=32) (actual time=1261.856..1261.856 rows=1 loops=1)
         ->  Bitmap Heap Scan on lineitem  (cost=22416.37..114460.78 rows=114488 width=12) (actual time=131.333..1201.622 rows=119208 loops=1)
               Recheck Cond: ((l_shipdate >= '1993-01-01'::date) AND (l_shipdate < '1994-01-01 00:00:00'::timestamp without time zone) AND (l_discount >= 0.06) AND (l_discount <= 0.08) AND (l_quantity < '25'::numeric))
               Heap Blocks: exact=66143
               ->  Bitmap Index Scan on idx_lineitem_shipdate  (cost=0.00..22387.75 rows=114488 width=0) (actual time=120.052..120.052 rows=119208 loops=1)
                     Index Cond: ((l_shipdate >= '1993-01-01'::date) AND (l_shipdate < '1994-01-01 00:00:00'::timestamp without time zone) AND (l_discount >= 0.06) AND (l_discount <= 0.08) AND (l_quantity < '25'::numeric))
 Planning Time: 15.796 ms
 Execution Time: 1262.976 ms
(9 rows)

SET
SET
SET
                                                                                                          QUERY PLAN                                                                                                           
-------------------------------------------------------------------------------------------------------------------------------------------------------------------------------------------------------------------------------
 Limit  (cost=115033.22..115033.23 rows=1 width=32) (actual time=212.730..212.731 rows=1 loops=1)
   ->  Aggregate  (cost=115033.22..115033.23 rows=1 width=32) (actual time=212.728..212.729 rows=1 loops=1)
         ->  Bitmap Heap Scan on lineitem  (cost=22416.37..114460.78 rows=114488 width=12) (actual time=100.444..183.510 rows=119208 loops=1)
               Recheck Cond: ((l_shipdate >= '1993-01-01'::date) AND (l_shipdate < '1994-01-01 00:00:00'::timestamp without time zone) AND (l_discount >= 0.06) AND (l_discount <= 0.08) AND (l_quantity < '25'::numeric))
               Heap Blocks: exact=66143
               ->  Bitmap Index Scan on idx_lineitem_shipdate  (cost=0.00..22387.75 rows=114488 width=0) (actual time=89.821..89.821 rows=119208 loops=1)
                     Index Cond: ((l_shipdate >= '1993-01-01'::date) AND (l_shipdate < '1994-01-01 00:00:00'::timestamp without time zone) AND (l_discount >= 0.06) AND (l_discount <= 0.08) AND (l_quantity < '25'::numeric))
 Planning Time: 0.959 ms
 Execution Time: 212.774 ms
(9 rows)

query 7 run 1
SET
SET
SET
                                                                                   QUERY PLAN                                                                                   
--------------------------------------------------------------------------------------------------------------------------------------------------------------------------------
 Limit  (cost=238793.53..238793.57 rows=1 width=116) (actual time=3098.914..3098.920 rows=1 loops=1)
   ->  GroupAggregate  (cost=238793.53..238993.73 rows=6160 width=116) (actual time=3098.913..3098.918 rows=1 loops=1)
         Group Key: n1.n_name, n2.n_name, (EXTRACT(year FROM lineitem.l_shipdate))
         ->  Sort  (cost=238793.53..238808.93 rows=6160 width=96) (actual time=3098.175..3098.233 rows=1359 loops=1)
               Sort Key: n1.n_name, n2.n_name, (EXTRACT(year FROM lineitem.l_shipdate))
               Sort Method: quicksort  Memory: 685kB
               ->  Hash Join  (cost=88812.76..238405.80 rows=6160 width=96) (actual time=690.306..3093.729 rows=5729 loops=1)
                     Hash Cond: (lineitem.l_orderkey = orders.o_orderkey)
                     Join Filter: (((n1.n_name = 'PERU'::bpchar) AND (n2.n_name = 'MOROCCO'::bpchar)) OR ((n1.n_name = 'MOROCCO'::bpchar) AND (n2.n_name = 'PERU'::bpchar)))
                     Rows Removed by Join Filter: 5827
                     ->  Hash Join  (cost=33647.86..182433.70 rows=148012 width=46) (actual time=211.535..2575.507 rows=144718 loops=1)
                           Hash Cond: (lineitem.l_suppkey = supplier.s_suppkey)
                           ->  Bitmap Heap Scan on lineitem  (cost=33282.76..173639.33 rows=1853105 width=24) (actual time=205.851..2341.406 rows=1828450 loops=1)
                                 Recheck Cond: ((l_shipdate >= '1995-01-01'::date) AND (l_shipdate <= '1996-12-31'::date))
                                 Heap Blocks: exact=112061
                                 ->  Bitmap Index Scan on idx_lineitem_shipdate  (cost=0.00..32819.48 rows=1853105 width=0) (actual time=184.933..184.933 rows=1828450 loops=1)
                                       Index Cond: ((l_shipdate >= '1995-01-01'::date) AND (l_shipdate <= '1996-12-31'::date))
                           ->  Hash  (cost=355.10..355.10 rows=800 width=30) (actual time=5.549..5.551 rows=794 loops=1)
                                 Buckets: 1024  Batches: 1  Memory Usage: 57kB
                                 ->  Hash Join  (cost=1.40..355.10 rows=800 width=30) (actual time=0.557..5.444 rows=794 loops=1)
                                       Hash Cond: (supplier.s_nationkey = n1.n_nationkey)
                                       ->  Seq Scan on supplier  (cost=0.00..323.00 rows=10000 width=8) (actual time=0.327..4.246 rows=10000 loops=1)
                                       ->  Hash  (cost=1.38..1.38 rows=2 width=30) (actual time=0.221..0.221 rows=2 loops=1)
                                             Buckets: 1024  Batches: 1  Memory Usage: 9kB
                                             ->  Seq Scan on nation n1  (cost=0.00..1.38 rows=2 width=30) (actual time=0.212..0.216 rows=2 loops=1)
                                                   Filter: ((n_name = 'PERU'::bpchar) OR (n_name = 'MOROCCO'::bpchar))
                                                   Rows Removed by Filter: 23
                     ->  Hash  (cost=53664.90..53664.90 rows=120000 width=30) (actual time=478.178..478.180 rows=118477 loops=1)
                           Buckets: 131072  Batches: 1  Memory Usage: 8198kB
                           ->  Hash Join  (cost=5708.90..53664.90 rows=120000 width=30) (actual time=47.460..456.618 rows=118477 loops=1)
                                 Hash Cond: (orders.o_custkey = customer.c_custkey)
                                 ->  Seq Scan on orders  (cost=0.00..41131.00 rows=1500000 width=8) (actual time=0.561..240.710 rows=1500000 loops=1)
                                 ->  Hash  (cost=5558.90..5558.90 rows=12000 width=30) (actual time=46.878..46.879 rows=11896 loops=1)
                                       Buckets: 16384  Batches: 1  Memory Usage: 849kB
                                       ->  Hash Join  (cost=1.40..5558.90 rows=12000 width=30) (actual time=0.586..45.077 rows=11896 loops=1)
                                             Hash Cond: (customer.c_nationkey = n2.n_nationkey)
                                             ->  Seq Scan on customer  (cost=0.00..5097.00 rows=150000 width=8) (actual time=0.552..31.484 rows=150000 loops=1)
                                             ->  Hash  (cost=1.38..1.38 rows=2 width=30) (actual time=0.025..0.026 rows=2 loops=1)
                                                   Buckets: 1024  Batches: 1  Memory Usage: 9kB
                                                   ->  Seq Scan on nation n2  (cost=0.00..1.38 rows=2 width=30) (actual time=0.017..0.020 rows=2 loops=1)
                                                         Filter: ((n_name = 'MOROCCO'::bpchar) OR (n_name = 'PERU'::bpchar))
                                                         Rows Removed by Filter: 23
 Planning Time: 31.492 ms
 Execution Time: 3100.110 ms
(44 rows)

SET
SET
SET
                                                                                   QUERY PLAN                                                                                   
--------------------------------------------------------------------------------------------------------------------------------------------------------------------------------
 Limit  (cost=238793.53..238793.57 rows=1 width=116) (actual time=948.729..948.735 rows=1 loops=1)
   ->  GroupAggregate  (cost=238793.53..238993.73 rows=6160 width=116) (actual time=948.727..948.733 rows=1 loops=1)
         Group Key: n1.n_name, n2.n_name, (EXTRACT(year FROM lineitem.l_shipdate))
         ->  Sort  (cost=238793.53..238808.93 rows=6160 width=96) (actual time=948.000..948.058 rows=1359 loops=1)
               Sort Key: n1.n_name, n2.n_name, (EXTRACT(year FROM lineitem.l_shipdate))
               Sort Method: quicksort  Memory: 685kB
               ->  Hash Join  (cost=88812.76..238405.80 rows=6160 width=96) (actual time=444.593..944.838 rows=5729 loops=1)
                     Hash Cond: (lineitem.l_orderkey = orders.o_orderkey)
                     Join Filter: (((n1.n_name = 'PERU'::bpchar) AND (n2.n_name = 'MOROCCO'::bpchar)) OR ((n1.n_name = 'MOROCCO'::bpchar) AND (n2.n_name = 'PERU'::bpchar)))
                     Rows Removed by Join Filter: 5827
                     ->  Hash Join  (cost=33647.86..182433.70 rows=148012 width=46) (actual time=146.138..617.252 rows=144718 loops=1)
                           Hash Cond: (lineitem.l_suppkey = supplier.s_suppkey)
                           ->  Bitmap Heap Scan on lineitem  (cost=33282.76..173639.33 rows=1853105 width=24) (actual time=144.154..435.818 rows=1828450 loops=1)
                                 Recheck Cond: ((l_shipdate >= '1995-01-01'::date) AND (l_shipdate <= '1996-12-31'::date))
                                 Heap Blocks: exact=112061
                                 ->  Bitmap Index Scan on idx_lineitem_shipdate  (cost=0.00..32819.48 rows=1853105 width=0) (actual time=123.895..123.895 rows=1828450 loops=1)
                                       Index Cond: ((l_shipdate >= '1995-01-01'::date) AND (l_shipdate <= '1996-12-31'::date))
                           ->  Hash  (cost=355.10..355.10 rows=800 width=30) (actual time=1.952..1.954 rows=794 loops=1)
                                 Buckets: 1024  Batches: 1  Memory Usage: 57kB
                                 ->  Hash Join  (cost=1.40..355.10 rows=800 width=30) (actual time=0.021..1.854 rows=794 loops=1)
                                       Hash Cond: (supplier.s_nationkey = n1.n_nationkey)
                                       ->  Seq Scan on supplier  (cost=0.00..323.00 rows=10000 width=8) (actual time=0.006..0.657 rows=10000 loops=1)
                                       ->  Hash  (cost=1.38..1.38 rows=2 width=30) (actual time=0.012..0.013 rows=2 loops=1)
                                             Buckets: 1024  Batches: 1  Memory Usage: 9kB
                                             ->  Seq Scan on nation n1  (cost=0.00..1.38 rows=2 width=30) (actual time=0.008..0.009 rows=2 loops=1)
                                                   Filter: ((n_name = 'PERU'::bpchar) OR (n_name = 'MOROCCO'::bpchar))
                                                   Rows Removed by Filter: 23
                     ->  Hash  (cost=53664.90..53664.90 rows=120000 width=30) (actual time=298.289..298.291 rows=118477 loops=1)
                           Buckets: 131072  Batches: 1  Memory Usage: 8198kB
                           ->  Hash Join  (cost=5708.90..53664.90 rows=120000 width=30) (actual time=28.297..278.574 rows=118477 loops=1)
                                 Hash Cond: (orders.o_custkey = customer.c_custkey)
                                 ->  Seq Scan on orders  (cost=0.00..41131.00 rows=1500000 width=8) (actual time=0.006..86.739 rows=1500000 loops=1)
                                 ->  Hash  (cost=5558.90..5558.90 rows=12000 width=30) (actual time=28.277..28.279 rows=11896 loops=1)
                                       Buckets: 16384  Batches: 1  Memory Usage: 849kB
                                       ->  Hash Join  (cost=1.40..5558.90 rows=12000 width=30) (actual time=0.025..26.657 rows=11896 loops=1)
                                             Hash Cond: (customer.c_nationkey = n2.n_nationkey)
                                             ->  Seq Scan on customer  (cost=0.00..5097.00 rows=150000 width=8) (actual time=0.009..9.523 rows=150000 loops=1)
                                             ->  Hash  (cost=1.38..1.38 rows=2 width=30) (actual time=0.013..0.013 rows=2 loops=1)
                                                   Buckets: 1024  Batches: 1  Memory Usage: 9kB
                                                   ->  Seq Scan on nation n2  (cost=0.00..1.38 rows=2 width=30) (actual time=0.008..0.010 rows=2 loops=1)
                                                         Filter: ((n_name = 'MOROCCO'::bpchar) OR (n_name = 'PERU'::bpchar))
                                                         Rows Removed by Filter: 23
 Planning Time: 3.568 ms
 Execution Time: 948.844 ms
(44 rows)

query 8 run 1
SET
SET
SET
                                                                                      QUERY PLAN                                                                                      
--------------------------------------------------------------------------------------------------------------------------------------------------------------------------------------
 Limit  (cost=57652.17..57652.21 rows=1 width=64) (actual time=1094.756..1094.762 rows=1 loops=1)
   ->  GroupAggregate  (cost=57652.17..57754.85 rows=2406 width=64) (actual time=1094.754..1094.760 rows=1 loops=1)
         Group Key: (EXTRACT(year FROM orders.o_orderdate))
         ->  Sort  (cost=57652.17..57658.23 rows=2425 width=70) (actual time=1094.157..1094.211 rows=1235 loops=1)
               Sort Key: (EXTRACT(year FROM orders.o_orderdate))
               Sort Method: quicksort  Memory: 252kB
               ->  Nested Loop  (cost=22529.48..57515.84 rows=2425 width=70) (actual time=525.982..1092.598 rows=2485 loops=1)
                     ->  Hash Join  (cost=22529.33..57421.41 rows=2425 width=20) (actual time=525.965..1089.092 rows=2485 loops=1)
                           Hash Cond: (lineitem.l_suppkey = supplier.s_suppkey)
                           ->  Hash Join  (cost=22081.33..56967.04 rows=2429 width=20) (actual time=520.030..1082.137 rows=2485 loops=1)
                                 Hash Cond: (orders.o_custkey = customer.c_custkey)
                                 ->  Hash Join  (cost=15744.32..50560.20 rows=12143 width=24) (actual time=468.281..1027.095 rows=12097 loops=1)
                                       Hash Cond: (orders.o_orderkey = lineitem.l_orderkey)
                                       ->  Bitmap Heap Scan on orders  (cost=5491.80..38473.58 rows=456719 width=12) (actual time=29.020..513.055 rows=457263 loops=1)
                                             Recheck Cond: ((o_orderdate >= '1995-01-01'::date) AND (o_orderdate <= '1996-12-31'::date))
                                             Heap Blocks: exact=26131
                                             ->  Bitmap Index Scan on idx_orders_orderdate  (cost=0.00..5377.62 rows=456719 width=0) (actual time=24.959..24.959 rows=457263 loops=1)
                                                   Index Cond: ((o_orderdate >= '1995-01-01'::date) AND (o_orderdate <= '1996-12-31'::date))
                                       ->  Hash  (cost=9754.02..9754.02 rows=39880 width=20) (actual time=439.115..439.116 rows=39694 loops=1)
                                             Buckets: 65536  Batches: 1  Memory Usage: 2645kB
                                             ->  Nested Loop  (cost=0.85..9754.02 rows=39880 width=20) (actual time=1.729..424.499 rows=39694 loops=1)
                                                   ->  Index Only Scan using q2_idx_1 on part  (cost=0.42..5401.71 rows=1329 width=4) (actual time=0.934..39.585 rows=1320 loops=1)
                                                         Index Cond: (p_type = 'LARGE POLISHED BRASS'::text)
                                                         Heap Fetches: 0
                                                   ->  Index Only Scan using q8_idx_1 on lineitem  (cost=0.43..2.95 rows=32 width=24) (actual time=0.226..0.285 rows=30 loops=1320)
                                                         Index Cond: (l_partkey = part.p_partkey)
                                                         Heap Fetches: 0
                                 ->  Hash  (cost=5962.01..5962.01 rows=30000 width=4) (actual time=51.733..51.735 rows=29952 loops=1)
                                       Buckets: 32768  Batches: 1  Memory Usage: 1309kB
                                       ->  Hash Join  (cost=2.51..5962.01 rows=30000 width=4) (actual time=1.198..48.069 rows=29952 loops=1)
                                             Hash Cond: (customer.c_nationkey = n1.n_nationkey)
                                             ->  Seq Scan on customer  (cost=0.00..5097.00 rows=150000 width=8) (actual time=0.675..32.217 rows=150000 loops=1)
                                             ->  Hash  (cost=2.45..2.45 rows=5 width=4) (actual time=0.513..0.515 rows=5 loops=1)
                                                   Buckets: 1024  Batches: 1  Memory Usage: 9kB
                                                   ->  Hash Join  (cost=1.07..2.45 rows=5 width=4) (actual time=0.503..0.512 rows=5 loops=1)
                                                         Hash Cond: (n1.n_regionkey = region.r_regionkey)
                                                         ->  Seq Scan on nation n1  (cost=0.00..1.25 rows=25 width=8) (actual time=0.244..0.247 rows=25 loops=1)
                                                         ->  Hash  (cost=1.06..1.06 rows=1 width=4) (actual time=0.249..0.249 rows=1 loops=1)
                                                               Buckets: 1024  Batches: 1  Memory Usage: 9kB
                                                               ->  Seq Scan on region  (cost=0.00..1.06 rows=1 width=4) (actual time=0.242..0.244 rows=1 loops=1)
                                                                     Filter: (r_name = 'AMERICA'::bpchar)
                                                                     Rows Removed by Filter: 4
                           ->  Hash  (cost=323.00..323.00 rows=10000 width=8) (actual time=5.926..5.926 rows=10000 loops=1)
                                 Buckets: 16384  Batches: 1  Memory Usage: 519kB
                                 ->  Seq Scan on supplier  (cost=0.00..323.00 rows=10000 width=8) (actual time=0.361..4.577 rows=10000 loops=1)
                     ->  Memoize  (cost=0.15..1.17 rows=1 width=30) (actual time=0.000..0.000 rows=1 loops=2485)
                           Cache Key: supplier.s_nationkey
                           Cache Mode: logical
                           Hits: 2460  Misses: 25  Evictions: 0  Overflows: 0  Memory Usage: 4kB
                           ->  Index Scan using nation_pkey on nation n2  (cost=0.14..1.16 rows=1 width=30) (actual time=0.003..0.003 rows=1 loops=25)
                                 Index Cond: (n_nationkey = supplier.s_nationkey)
 Planning Time: 35.353 ms
 Execution Time: 1095.436 ms
(53 rows)

SET
SET
SET
                                                                                      QUERY PLAN                                                                                      
--------------------------------------------------------------------------------------------------------------------------------------------------------------------------------------
 Limit  (cost=57652.17..57652.21 rows=1 width=64) (actual time=224.156..224.163 rows=1 loops=1)
   ->  GroupAggregate  (cost=57652.17..57754.85 rows=2406 width=64) (actual time=224.155..224.161 rows=1 loops=1)
         Group Key: (EXTRACT(year FROM orders.o_orderdate))
         ->  Sort  (cost=57652.17..57658.23 rows=2425 width=70) (actual time=223.553..223.607 rows=1235 loops=1)
               Sort Key: (EXTRACT(year FROM orders.o_orderdate))
               Sort Method: quicksort  Memory: 252kB
               ->  Nested Loop  (cost=22529.48..57515.84 rows=2425 width=70) (actual time=86.778..222.654 rows=2485 loops=1)
                     ->  Hash Join  (cost=22529.33..57421.41 rows=2425 width=20) (actual time=86.764..220.806 rows=2485 loops=1)
                           Hash Cond: (lineitem.l_suppkey = supplier.s_suppkey)
                           ->  Hash Join  (cost=22081.33..56967.04 rows=2429 width=20) (actual time=84.077..217.246 rows=2485 loops=1)
                                 Hash Cond: (orders.o_custkey = customer.c_custkey)
                                 ->  Hash Join  (cost=15744.32..50560.20 rows=12143 width=24) (actual time=51.763..182.156 rows=12097 loops=1)
                                       Hash Cond: (orders.o_orderkey = lineitem.l_orderkey)
                                       ->  Bitmap Heap Scan on orders  (cost=5491.80..38473.58 rows=456719 width=12) (actual time=23.218..100.805 rows=457263 loops=1)
                                             Recheck Cond: ((o_orderdate >= '1995-01-01'::date) AND (o_orderdate <= '1996-12-31'::date))
                                             Heap Blocks: exact=26131
                                             ->  Bitmap Index Scan on idx_orders_orderdate  (cost=0.00..5377.62 rows=456719 width=0) (actual time=19.688..19.688 rows=457263 loops=1)
                                                   Index Cond: ((o_orderdate >= '1995-01-01'::date) AND (o_orderdate <= '1996-12-31'::date))
                                       ->  Hash  (cost=9754.02..9754.02 rows=39880 width=20) (actual time=28.498..28.500 rows=39694 loops=1)
                                             Buckets: 65536  Batches: 1  Memory Usage: 2645kB
                                             ->  Nested Loop  (cost=0.85..9754.02 rows=39880 width=20) (actual time=0.039..22.197 rows=39694 loops=1)
                                                   ->  Index Only Scan using q2_idx_1 on part  (cost=0.42..5401.71 rows=1329 width=4) (actual time=0.022..9.660 rows=1320 loops=1)
                                                         Index Cond: (p_type = 'LARGE POLISHED BRASS'::text)
                                                         Heap Fetches: 0
                                                   ->  Index Only Scan using q8_idx_1 on lineitem  (cost=0.43..2.95 rows=32 width=24) (actual time=0.003..0.007 rows=30 loops=1320)
                                                         Index Cond: (l_partkey = part.p_partkey)
                                                         Heap Fetches: 0
                                 ->  Hash  (cost=5962.01..5962.01 rows=30000 width=4) (actual time=32.300..32.302 rows=29952 loops=1)
                                       Buckets: 32768  Batches: 1  Memory Usage: 1309kB
                                       ->  Hash Join  (cost=2.51..5962.01 rows=30000 width=4) (actual time=0.035..29.044 rows=29952 loops=1)
                                             Hash Cond: (customer.c_nationkey = n1.n_nationkey)
                                             ->  Seq Scan on customer  (cost=0.00..5097.00 rows=150000 width=8) (actual time=0.005..9.560 rows=150000 loops=1)
                                             ->  Hash  (cost=2.45..2.45 rows=5 width=4) (actual time=0.026..0.028 rows=5 loops=1)
                                                   Buckets: 1024  Batches: 1  Memory Usage: 9kB
                                                   ->  Hash Join  (cost=1.07..2.45 rows=5 width=4) (actual time=0.022..0.026 rows=5 loops=1)
                                                         Hash Cond: (n1.n_regionkey = region.r_regionkey)
                                                         ->  Seq Scan on nation n1  (cost=0.00..1.25 rows=25 width=8) (actual time=0.010..0.012 rows=25 loops=1)
                                                         ->  Hash  (cost=1.06..1.06 rows=1 width=4) (actual time=0.006..0.007 rows=1 loops=1)
                                                               Buckets: 1024  Batches: 1  Memory Usage: 9kB
                                                               ->  Seq Scan on region  (cost=0.00..1.06 rows=1 width=4) (actual time=0.005..0.006 rows=1 loops=1)
                                                                     Filter: (r_name = 'AMERICA'::bpchar)
                                                                     Rows Removed by Filter: 4
                           ->  Hash  (cost=323.00..323.00 rows=10000 width=8) (actual time=2.676..2.676 rows=10000 loops=1)
                                 Buckets: 16384  Batches: 1  Memory Usage: 519kB
                                 ->  Seq Scan on supplier  (cost=0.00..323.00 rows=10000 width=8) (actual time=0.008..1.363 rows=10000 loops=1)
                     ->  Memoize  (cost=0.15..1.17 rows=1 width=30) (actual time=0.000..0.000 rows=1 loops=2485)
                           Cache Key: supplier.s_nationkey
                           Cache Mode: logical
                           Hits: 2460  Misses: 25  Evictions: 0  Overflows: 0  Memory Usage: 4kB
                           ->  Index Scan using nation_pkey on nation n2  (cost=0.14..1.16 rows=1 width=30) (actual time=0.001..0.001 rows=1 loops=25)
                                 Index Cond: (n_nationkey = supplier.s_nationkey)
 Planning Time: 4.838 ms
 Execution Time: 224.245 ms
(53 rows)

query 9 run 1
SET
SET
SET
                                                                                         QUERY PLAN                                                                                         
--------------------------------------------------------------------------------------------------------------------------------------------------------------------------------------------
 Limit  (cost=119998.78..119998.78 rows=1 width=90) (actual time=2135.838..2135.844 rows=1 loops=1)
   ->  Sort  (cost=119998.78..120149.16 rows=60150 width=90) (actual time=2135.837..2135.842 rows=1 loops=1)
         Sort Key: nation.n_name, (EXTRACT(year FROM orders.o_orderdate)) DESC
         Sort Method: top-N heapsort  Memory: 25kB
         ->  HashAggregate  (cost=118795.78..119698.03 rows=60150 width=90) (actual time=2135.332..2135.751 rows=175 loops=1)
               Group Key: nation.n_name, EXTRACT(year FROM orders.o_orderdate)
               Batches: 1  Memory Usage: 3217kB
               ->  Hash Join  (cost=64034.08..114559.01 rows=242101 width=81) (actual time=1176.361..1860.749 rows=325928 loops=1)
                     Hash Cond: (supplier.s_nationkey = nation.n_nationkey)
                     ->  Hash Join  (cost=64032.52..113208.95 rows=242101 width=31) (actual time=1176.006..1759.064 rows=325928 loops=1)
                           Hash Cond: (orders.o_orderkey = lineitem.l_orderkey)
                           ->  Seq Scan on orders  (cost=0.00..41131.00 rows=1500000 width=8) (actual time=0.526..243.008 rows=1500000 loops=1)
                           ->  Hash  (cost=61006.26..61006.26 rows=242101 width=31) (actual time=1175.055..1175.059 rows=325928 loops=1)
                                 Buckets: 524288 (originally 262144)  Batches: 1 (originally 1)  Memory Usage: 25391kB
                                 ->  Hash Join  (cost=36210.48..61006.26 rows=242101 width=31) (actual time=768.289..1098.248 rows=325928 loops=1)
                                       Hash Cond: (lineitem.l_suppkey = supplier.s_suppkey)
                                       ->  Hash Join  (cost=35762.48..59921.46 rows=242488 width=35) (actual time=762.652..1034.663 rows=325928 loops=1)
                                             Hash Cond: ((partsupp.ps_suppkey = lineitem.l_suppkey) AND (partsupp.ps_partkey = lineitem.l_partkey))
                                             ->  Index Only Scan using q2_idx_2 on partsupp  (cost=0.42..18158.42 rows=800000 width=14) (actual time=0.274..101.550 rows=800000 loops=1)
                                                   Heap Fetches: 0
                                             ->  Hash  (cost=32124.73..32124.73 rows=242488 width=33) (actual time=761.985..761.987 rows=325928 loops=1)
                                                   Buckets: 524288 (originally 262144)  Batches: 1 (originally 1)  Memory Usage: 25716kB
                                                   ->  Nested Loop  (cost=0.85..32124.73 rows=242488 width=33) (actual time=2.507..679.113 rows=325928 loops=1)
                                                         ->  Index Only Scan using q20_idx_2 on part  (cost=0.42..6438.42 rows=8081 width=4) (actual time=0.015..56.777 rows=10880 loops=1)
                                                               Filter: ((p_name)::text ~~ '%navy%'::text)
                                                               Rows Removed by Filter: 189120
                                                               Heap Fetches: 0
                                                         ->  Index Only Scan using q9_idx_1 on lineitem  (cost=0.43..2.86 rows=32 width=29) (actual time=0.042..0.054 rows=30 loops=10880)
                                                               Index Cond: (l_partkey = part.p_partkey)
                                                               Heap Fetches: 0
                                       ->  Hash  (cost=323.00..323.00 rows=10000 width=8) (actual time=5.628..5.629 rows=10000 loops=1)
                                             Buckets: 16384  Batches: 1  Memory Usage: 519kB
                                             ->  Seq Scan on supplier  (cost=0.00..323.00 rows=10000 width=8) (actual time=0.323..4.331 rows=10000 loops=1)
                     ->  Hash  (cost=1.25..1.25 rows=25 width=30) (actual time=0.345..0.345 rows=25 loops=1)
                           Buckets: 1024  Batches: 1  Memory Usage: 10kB
                           ->  Seq Scan on nation  (cost=0.00..1.25 rows=25 width=30) (actual time=0.335..0.338 rows=25 loops=1)
 Planning Time: 40.015 ms
 Execution Time: 2136.955 ms
(38 rows)

SET
SET
SET
                                                                                         QUERY PLAN                                                                                         
--------------------------------------------------------------------------------------------------------------------------------------------------------------------------------------------
 Limit  (cost=119998.78..119998.78 rows=1 width=90) (actual time=1438.310..1438.315 rows=1 loops=1)
   ->  Sort  (cost=119998.78..120149.16 rows=60150 width=90) (actual time=1438.309..1438.313 rows=1 loops=1)
         Sort Key: nation.n_name, (EXTRACT(year FROM orders.o_orderdate)) DESC
         Sort Method: top-N heapsort  Memory: 25kB
         ->  HashAggregate  (cost=118795.78..119698.03 rows=60150 width=90) (actual time=1437.823..1438.220 rows=175 loops=1)
               Group Key: nation.n_name, EXTRACT(year FROM orders.o_orderdate)
               Batches: 1  Memory Usage: 3217kB
               ->  Hash Join  (cost=64034.08..114559.01 rows=242101 width=81) (actual time=615.282..1167.388 rows=325928 loops=1)
                     Hash Cond: (supplier.s_nationkey = nation.n_nationkey)
                     ->  Hash Join  (cost=64032.52..113208.95 rows=242101 width=31) (actual time=615.250..1066.341 rows=325928 loops=1)
                           Hash Cond: (orders.o_orderkey = lineitem.l_orderkey)
                           ->  Seq Scan on orders  (cost=0.00..41131.00 rows=1500000 width=8) (actual time=0.004..92.726 rows=1500000 loops=1)
                           ->  Hash  (cost=61006.26..61006.26 rows=242101 width=31) (actual time=614.814..614.817 rows=325928 loops=1)
                                 Buckets: 524288 (originally 262144)  Batches: 1 (originally 1)  Memory Usage: 25391kB
                                 ->  Hash Join  (cost=36210.48..61006.26 rows=242101 width=31) (actual time=236.630..539.249 rows=325928 loops=1)
                                       Hash Cond: (lineitem.l_suppkey = supplier.s_suppkey)
                                       ->  Hash Join  (cost=35762.48..59921.46 rows=242488 width=35) (actual time=234.081..478.850 rows=325928 loops=1)
                                             Hash Cond: ((partsupp.ps_suppkey = lineitem.l_suppkey) AND (partsupp.ps_partkey = lineitem.l_partkey))
                                             ->  Index Only Scan using q2_idx_2 on partsupp  (cost=0.42..18158.42 rows=800000 width=14) (actual time=0.013..78.166 rows=800000 loops=1)
                                                   Heap Fetches: 0
                                             ->  Hash  (cost=32124.73..32124.73 rows=242488 width=33) (actual time=233.711..233.712 rows=325928 loops=1)
                                                   Buckets: 524288 (originally 262144)  Batches: 1 (originally 1)  Memory Usage: 25716kB
                                                   ->  Nested Loop  (cost=0.85..32124.73 rows=242488 width=33) (actual time=0.037..160.192 rows=325928 loops=1)
                                                         ->  Index Only Scan using q20_idx_2 on part  (cost=0.42..6438.42 rows=8081 width=4) (actual time=0.014..40.613 rows=10880 loops=1)
                                                               Filter: ((p_name)::text ~~ '%navy%'::text)
                                                               Rows Removed by Filter: 189120
                                                               Heap Fetches: 0
                                                         ->  Index Only Scan using q9_idx_1 on lineitem  (cost=0.43..2.86 rows=32 width=29) (actual time=0.003..0.008 rows=30 loops=10880)
                                                               Index Cond: (l_partkey = part.p_partkey)
                                                               Heap Fetches: 0
                                       ->  Hash  (cost=323.00..323.00 rows=10000 width=8) (actual time=2.537..2.537 rows=10000 loops=1)
                                             Buckets: 16384  Batches: 1  Memory Usage: 519kB
                                             ->  Seq Scan on supplier  (cost=0.00..323.00 rows=10000 width=8) (actual time=0.008..1.333 rows=10000 loops=1)
                     ->  Hash  (cost=1.25..1.25 rows=25 width=30) (actual time=0.021..0.022 rows=25 loops=1)
                           Buckets: 1024  Batches: 1  Memory Usage: 10kB
                           ->  Seq Scan on nation  (cost=0.00..1.25 rows=25 width=30) (actual time=0.012..0.014 rows=25 loops=1)
 Planning Time: 5.786 ms
 Execution Time: 1439.130 ms
(38 rows)

query 10 run 1
SET
SET
SET
                                                                                   QUERY PLAN                                                                                    
---------------------------------------------------------------------------------------------------------------------------------------------------------------------------------
 Limit  (cost=162481.48..162481.53 rows=20 width=202) (actual time=1565.662..1565.669 rows=20 loops=1)
   ->  Sort  (cost=162481.48..162622.15 rows=56266 width=202) (actual time=1565.660..1565.666 rows=20 loops=1)
         Sort Key: (sum((lineitem.l_extendedprice * ('1'::numeric - lineitem.l_discount)))) DESC
         Sort Method: top-N heapsort  Memory: 32kB
         ->  HashAggregate  (cost=160280.94..160984.27 rows=56266 width=202) (actual time=1536.332..1554.786 rows=38076 loops=1)
               Group Key: customer.c_custkey, nation.n_name
               Batches: 1  Memory Usage: 24081kB
               ->  Nested Loop  (cost=35384.37..159577.62 rows=56266 width=182) (actual time=565.032..1445.122 rows=114347 loops=1)
                     ->  Hash Join  (cost=35384.22..158173.05 rows=56266 width=160) (actual time=564.867..1397.499 rows=114347 loops=1)
                           Hash Cond: (orders.o_custkey = customer.c_custkey)
                           ->  Hash Join  (cost=28412.22..151053.35 rows=56266 width=16) (actual time=482.006..1279.700 rows=114347 loops=1)
                                 Hash Cond: (lineitem.l_orderkey = orders.o_orderkey)
                                 ->  Index Only Scan using q10_idx_2 on lineitem  (cost=0.43..118798.68 rows=1463950 width=16) (actual time=0.422..628.857 rows=1478870 loops=1)
                                       Index Cond: (l_returnflag = 'R'::bpchar)
                                       Heap Fetches: 0
                                 ->  Hash  (cost=27691.14..27691.14 rows=57652 width=8) (actual time=481.296..481.297 rows=57111 loops=1)
                                       Buckets: 65536  Batches: 1  Memory Usage: 2743kB
                                       ->  Bitmap Heap Scan on orders  (cost=695.36..27691.14 rows=57652 width=8) (actual time=9.590..463.327 rows=57111 loops=1)
                                             Recheck Cond: ((o_orderdate >= '1994-08-01'::date) AND (o_orderdate < '1994-11-01'::date))
                                             Heap Blocks: exact=23377
                                             ->  Bitmap Index Scan on idx_orders_orderdate  (cost=0.00..680.95 rows=57652 width=0) (actual time=5.687..5.687 rows=57111 loops=1)
                                                   Index Cond: ((o_orderdate >= '1994-08-01'::date) AND (o_orderdate < '1994-11-01'::date))
                           ->  Hash  (cost=5097.00..5097.00 rows=150000 width=148) (actual time=82.565..82.565 rows=150000 loops=1)
                                 Buckets: 262144  Batches: 1  Memory Usage: 28861kB
                                 ->  Seq Scan on customer  (cost=0.00..5097.00 rows=150000 width=148) (actual time=0.718..42.687 rows=150000 loops=1)
                     ->  Memoize  (cost=0.15..1.17 rows=1 width=30) (actual time=0.000..0.000 rows=1 loops=114347)
                           Cache Key: customer.c_nationkey
                           Cache Mode: logical
                           Hits: 114322  Misses: 25  Evictions: 0  Overflows: 0  Memory Usage: 4kB
                           ->  Index Scan using nation_pkey on nation  (cost=0.14..1.16 rows=1 width=30) (actual time=0.008..0.008 rows=1 loops=25)
                                 Index Cond: (n_nationkey = customer.c_nationkey)
 Planning Time: 28.909 ms
 Execution Time: 1566.448 ms
(33 rows)

SET
SET
SET
                                                                                   QUERY PLAN                                                                                    
---------------------------------------------------------------------------------------------------------------------------------------------------------------------------------
 Limit  (cost=162481.48..162481.53 rows=20 width=202) (actual time=853.250..853.257 rows=20 loops=1)
   ->  Sort  (cost=162481.48..162622.15 rows=56266 width=202) (actual time=853.249..853.254 rows=20 loops=1)
         Sort Key: (sum((lineitem.l_extendedprice * ('1'::numeric - lineitem.l_discount)))) DESC
         Sort Method: top-N heapsort  Memory: 32kB
         ->  HashAggregate  (cost=160280.94..160984.27 rows=56266 width=202) (actual time=823.878..842.389 rows=38076 loops=1)
               Group Key: customer.c_custkey, nation.n_name
               Batches: 1  Memory Usage: 24081kB
               ->  Nested Loop  (cost=35384.37..159577.62 rows=56266 width=182) (actual time=111.067..744.337 rows=114347 loops=1)
                     ->  Hash Join  (cost=35384.22..158173.05 rows=56266 width=160) (actual time=111.052..702.501 rows=114347 loops=1)
                           Hash Cond: (orders.o_custkey = customer.c_custkey)
                           ->  Hash Join  (cost=28412.22..151053.35 rows=56266 width=16) (actual time=46.914..605.231 rows=114347 loops=1)
                                 Hash Cond: (lineitem.l_orderkey = orders.o_orderkey)
                                 ->  Index Only Scan using q10_idx_2 on lineitem  (cost=0.43..118798.68 rows=1463950 width=16) (actual time=0.020..408.661 rows=1478870 loops=1)
                                       Index Cond: (l_returnflag = 'R'::bpchar)
                                       Heap Fetches: 0
                                 ->  Hash  (cost=27691.14..27691.14 rows=57652 width=8) (actual time=46.635..46.636 rows=57111 loops=1)
                                       Buckets: 65536  Batches: 1  Memory Usage: 2743kB
                                       ->  Bitmap Heap Scan on orders  (cost=695.36..27691.14 rows=57652 width=8) (actual time=6.289..38.468 rows=57111 loops=1)
                                             Recheck Cond: ((o_orderdate >= '1994-08-01'::date) AND (o_orderdate < '1994-11-01'::date))
                                             Heap Blocks: exact=23377
                                             ->  Bitmap Index Scan on idx_orders_orderdate  (cost=0.00..680.95 rows=57652 width=0) (actual time=3.144..3.144 rows=57111 loops=1)
                                                   Index Cond: ((o_orderdate >= '1994-08-01'::date) AND (o_orderdate < '1994-11-01'::date))
                           ->  Hash  (cost=5097.00..5097.00 rows=150000 width=148) (actual time=63.824..63.825 rows=150000 loops=1)
                                 Buckets: 262144  Batches: 1  Memory Usage: 28861kB
                                 ->  Seq Scan on customer  (cost=0.00..5097.00 rows=150000 width=148) (actual time=0.012..24.613 rows=150000 loops=1)
                     ->  Memoize  (cost=0.15..1.17 rows=1 width=30) (actual time=0.000..0.000 rows=1 loops=114347)
                           Cache Key: customer.c_nationkey
                           Cache Mode: logical
                           Hits: 114322  Misses: 25  Evictions: 0  Overflows: 0  Memory Usage: 4kB
                           ->  Index Scan using nation_pkey on nation  (cost=0.14..1.16 rows=1 width=30) (actual time=0.001..0.001 rows=1 loops=25)
                                 Index Cond: (n_nationkey = customer.c_nationkey)
 Planning Time: 2.002 ms
 Execution Time: 853.724 ms
(33 rows)

query 11 run 1
SET
SET
SET
                                                                             QUERY PLAN                                                                             
--------------------------------------------------------------------------------------------------------------------------------------------------------------------
 Limit  (cost=20112.99..20112.99 rows=1 width=36) (actual time=707.863..707.868 rows=1 loops=1)
   InitPlan 1
     ->  Aggregate  (cost=9749.82..9749.84 rows=1 width=32) (actual time=25.606..25.609 rows=1 loops=1)
           ->  Nested Loop  (cost=5.81..9509.82 rows=32000 width=10) (actual time=0.058..18.422 rows=32880 loops=1)
                 ->  Nested Loop  (cost=5.38..232.45 rows=400 width=4) (actual time=0.050..0.288 rows=411 loops=1)
                       ->  Seq Scan on nation nation_1  (cost=0.00..1.31 rows=1 width=4) (actual time=0.010..0.013 rows=1 loops=1)
                             Filter: (n_name = 'SAUDI ARABIA'::bpchar)
                             Rows Removed by Filter: 24
                       ->  Bitmap Heap Scan on supplier supplier_1  (cost=5.38..227.14 rows=400 width=8) (actual time=0.038..0.233 rows=411 loops=1)
                             Recheck Cond: (s_nationkey = nation_1.n_nationkey)
                             Heap Blocks: exact=183
                             ->  Bitmap Index Scan on idx_supplier_nation_key  (cost=0.00..5.29 rows=400 width=0) (actual time=0.019..0.019 rows=411 loops=1)
                                   Index Cond: (s_nationkey = nation_1.n_nationkey)
                 ->  Index Scan using idx_partsupp_suppkey on partsupp partsupp_1  (cost=0.42..22.39 rows=80 width=14) (actual time=0.002..0.036 rows=80 loops=411)
                       Index Cond: (ps_suppkey = supplier_1.s_suppkey)
   ->  Sort  (cost=10363.16..10389.82 rows=10667 width=36) (actual time=707.862..707.864 rows=1 loops=1)
         Sort Key: (sum((partsupp.ps_supplycost * (partsupp.ps_availqty)::numeric))) DESC
         Sort Method: top-N heapsort  Memory: 25kB
         ->  HashAggregate  (cost=9829.82..10309.82 rows=10667 width=36) (actual time=697.341..707.724 rows=839 loops=1)
               Group Key: partsupp.ps_partkey
               Filter: (sum((partsupp.ps_supplycost * (partsupp.ps_availqty)::numeric)) > (InitPlan 1).col1)
               Batches: 1  Memory Usage: 13841kB
               Rows Removed by Filter: 30007
               ->  Nested Loop  (cost=5.81..9509.82 rows=32000 width=14) (actual time=1.242..640.976 rows=32880 loops=1)
                     ->  Nested Loop  (cost=5.38..232.45 rows=400 width=4) (actual time=0.742..4.130 rows=411 loops=1)
                           ->  Seq Scan on nation  (cost=0.00..1.31 rows=1 width=4) (actual time=0.222..0.226 rows=1 loops=1)
                                 Filter: (n_name = 'SAUDI ARABIA'::bpchar)
                                 Rows Removed by Filter: 24
                           ->  Bitmap Heap Scan on supplier  (cost=5.38..227.14 rows=400 width=8) (actual time=0.516..3.806 rows=411 loops=1)
                                 Recheck Cond: (s_nationkey = nation.n_nationkey)
                                 Heap Blocks: exact=183
                                 ->  Bitmap Index Scan on idx_supplier_nation_key  (cost=0.00..5.29 rows=400 width=0) (actual time=0.274..0.274 rows=411 loops=1)
                                       Index Cond: (s_nationkey = nation.n_nationkey)
                     ->  Index Scan using idx_partsupp_suppkey on partsupp  (cost=0.42..22.39 rows=80 width=18) (actual time=0.045..1.532 rows=80 loops=411)
                           Index Cond: (ps_suppkey = supplier.s_suppkey)
 Planning Time: 16.774 ms
 Execution Time: 708.198 ms
(37 rows)

SET
SET
SET
                                                                             QUERY PLAN                                                                             
--------------------------------------------------------------------------------------------------------------------------------------------------------------------
 Limit  (cost=20112.99..20112.99 rows=1 width=36) (actual time=78.589..78.594 rows=1 loops=1)
   InitPlan 1
     ->  Aggregate  (cost=9749.82..9749.84 rows=1 width=32) (actual time=24.968..24.970 rows=1 loops=1)
           ->  Nested Loop  (cost=5.81..9509.82 rows=32000 width=10) (actual time=0.055..17.743 rows=32880 loops=1)
                 ->  Nested Loop  (cost=5.38..232.45 rows=400 width=4) (actual time=0.048..0.279 rows=411 loops=1)
                       ->  Seq Scan on nation nation_1  (cost=0.00..1.31 rows=1 width=4) (actual time=0.010..0.013 rows=1 loops=1)
                             Filter: (n_name = 'SAUDI ARABIA'::bpchar)
                             Rows Removed by Filter: 24
                       ->  Bitmap Heap Scan on supplier supplier_1  (cost=5.38..227.14 rows=400 width=8) (actual time=0.036..0.224 rows=411 loops=1)
                             Recheck Cond: (s_nationkey = nation_1.n_nationkey)
                             Heap Blocks: exact=183
                             ->  Bitmap Index Scan on idx_supplier_nation_key  (cost=0.00..5.29 rows=400 width=0) (actual time=0.018..0.018 rows=411 loops=1)
                                   Index Cond: (s_nationkey = nation_1.n_nationkey)
                 ->  Index Scan using idx_partsupp_suppkey on partsupp partsupp_1  (cost=0.42..22.39 rows=80 width=14) (actual time=0.002..0.034 rows=80 loops=411)
                       Index Cond: (ps_suppkey = supplier_1.s_suppkey)
   ->  Sort  (cost=10363.16..10389.82 rows=10667 width=36) (actual time=78.588..78.590 rows=1 loops=1)
         Sort Key: (sum((partsupp.ps_supplycost * (partsupp.ps_availqty)::numeric))) DESC
         Sort Method: top-N heapsort  Memory: 25kB
         ->  HashAggregate  (cost=9829.82..10309.82 rows=10667 width=36) (actual time=68.386..78.449 rows=839 loops=1)
               Group Key: partsupp.ps_partkey
               Filter: (sum((partsupp.ps_supplycost * (partsupp.ps_availqty)::numeric)) > (InitPlan 1).col1)
               Batches: 1  Memory Usage: 13841kB
               Rows Removed by Filter: 30007
               ->  Nested Loop  (cost=5.81..9509.82 rows=32000 width=14) (actual time=0.061..26.050 rows=32880 loops=1)
                     ->  Nested Loop  (cost=5.38..232.45 rows=400 width=4) (actual time=0.055..0.400 rows=411 loops=1)
                           ->  Seq Scan on nation  (cost=0.00..1.31 rows=1 width=4) (actual time=0.010..0.013 rows=1 loops=1)
                                 Filter: (n_name = 'SAUDI ARABIA'::bpchar)
                                 Rows Removed by Filter: 24
                           ->  Bitmap Heap Scan on supplier  (cost=5.38..227.14 rows=400 width=8) (actual time=0.043..0.335 rows=411 loops=1)
                                 Recheck Cond: (s_nationkey = nation.n_nationkey)
                                 Heap Blocks: exact=183
                                 ->  Bitmap Index Scan on idx_supplier_nation_key  (cost=0.00..5.29 rows=400 width=0) (actual time=0.018..0.018 rows=411 loops=1)
                                       Index Cond: (s_nationkey = nation.n_nationkey)
                     ->  Index Scan using idx_partsupp_suppkey on partsupp  (cost=0.42..22.39 rows=80 width=18) (actual time=0.003..0.053 rows=80 loops=411)
                           Index Cond: (ps_suppkey = supplier.s_suppkey)
 Planning Time: 1.119 ms
 Execution Time: 78.932 ms
(37 rows)

query 12 run 1
SET
SET
SET
                                                                                     QUERY PLAN                                                                                     
------------------------------------------------------------------------------------------------------------------------------------------------------------------------------------
 Limit  (cost=68764.19..68764.19 rows=1 width=27) (actual time=583.945..583.948 rows=1 loops=1)
   ->  Sort  (cost=68764.19..68764.20 rows=7 width=27) (actual time=583.944..583.946 rows=1 loops=1)
         Sort Key: lineitem.l_shipmode
         Sort Method: quicksort  Memory: 25kB
         ->  HashAggregate  (cost=68764.08..68764.15 rows=7 width=27) (actual time=583.928..583.930 rows=2 loops=1)
               Group Key: lineitem.l_shipmode
               Batches: 1  Memory Usage: 24kB
               ->  Hash Join  (cost=15581.58..68253.99 rows=29148 width=27) (actual time=150.440..572.062 rows=30953 loops=1)
                     Hash Cond: (orders.o_orderkey = lineitem.l_orderkey)
                     ->  Seq Scan on orders  (cost=0.00..41131.00 rows=1500000 width=20) (actual time=0.484..234.196 rows=1500000 loops=1)
                     ->  Hash  (cost=15217.23..15217.23 rows=29148 width=15) (actual time=149.834..149.834 rows=30953 loops=1)
                           Buckets: 32768  Batches: 1  Memory Usage: 1707kB
                           ->  Index Only Scan using q12_idx_1 on lineitem  (cost=0.42..15217.23 rows=29148 width=15) (actual time=0.568..144.436 rows=30953 loops=1)
                                 Index Cond: ((l_shipmode = ANY ('{SHIP,"REG AIR"}'::bpchar[])) AND (l_receiptdate >= '1994-01-01'::date) AND (l_receiptdate < '1995-01-01'::date))
                                 Heap Fetches: 0
 Planning Time: 20.110 ms
 Execution Time: 584.031 ms
(17 rows)

SET
SET
SET
                                                                                     QUERY PLAN                                                                                     
------------------------------------------------------------------------------------------------------------------------------------------------------------------------------------
 Limit  (cost=68764.19..68764.19 rows=1 width=27) (actual time=384.322..384.325 rows=1 loops=1)
   ->  Sort  (cost=68764.19..68764.20 rows=7 width=27) (actual time=384.321..384.323 rows=1 loops=1)
         Sort Key: lineitem.l_shipmode
         Sort Method: quicksort  Memory: 25kB
         ->  HashAggregate  (cost=68764.08..68764.15 rows=7 width=27) (actual time=384.305..384.308 rows=2 loops=1)
               Group Key: lineitem.l_shipmode
               Batches: 1  Memory Usage: 24kB
               ->  Hash Join  (cost=15581.58..68253.99 rows=29148 width=27) (actual time=121.859..373.003 rows=30953 loops=1)
                     Hash Cond: (orders.o_orderkey = lineitem.l_orderkey)
                     ->  Seq Scan on orders  (cost=0.00..41131.00 rows=1500000 width=20) (actual time=0.005..83.392 rows=1500000 loops=1)
                     ->  Hash  (cost=15217.23..15217.23 rows=29148 width=15) (actual time=121.807..121.808 rows=30953 loops=1)
                           Buckets: 32768  Batches: 1  Memory Usage: 1707kB
                           ->  Index Only Scan using q12_idx_1 on lineitem  (cost=0.42..15217.23 rows=29148 width=15) (actual time=0.285..117.453 rows=30953 loops=1)
                                 Index Cond: ((l_shipmode = ANY ('{SHIP,"REG AIR"}'::bpchar[])) AND (l_receiptdate >= '1994-01-01'::date) AND (l_receiptdate < '1995-01-01'::date))
                                 Heap Fetches: 0
 Planning Time: 1.505 ms
 Execution Time: 384.383 ms
(17 rows)

query 13 run 1
SET
SET
SET
                                                                                  QUERY PLAN                                                                                   
-------------------------------------------------------------------------------------------------------------------------------------------------------------------------------
 Limit  (cost=65023.89..65023.89 rows=1 width=16) (actual time=1380.618..1380.621 rows=1 loops=1)
   ->  Sort  (cost=65023.89..65024.39 rows=200 width=16) (actual time=1380.617..1380.619 rows=1 loops=1)
         Sort Key: (count(*)) DESC, (count(orders.o_orderkey)) DESC
         Sort Method: top-N heapsort  Memory: 25kB
         ->  HashAggregate  (cost=65020.89..65022.89 rows=200 width=16) (actual time=1380.592..1380.599 rows=42 loops=1)
               Group Key: count(orders.o_orderkey)
               Batches: 1  Memory Usage: 40kB
               ->  HashAggregate  (cost=61270.89..62770.89 rows=150000 width=12) (actual time=1341.515..1363.937 rows=150000 loops=1)
                     Group Key: customer.c_custkey
                     Batches: 1  Memory Usage: 16401kB
                     ->  Hash Right Join  (cost=4953.42..53771.64 rows=1499850 width=8) (actual time=35.497..995.943 rows=1533923 loops=1)
                           Hash Cond: (orders.o_custkey = customer.c_custkey)
                           ->  Seq Scan on orders  (cost=0.00..44881.00 rows=1499850 width=8) (actual time=0.772..577.564 rows=1483918 loops=1)
                                 Filter: ((o_comment)::text !~~ '%special%requests%'::text)
                                 Rows Removed by Filter: 16082
                           ->  Hash  (cost=3078.42..3078.42 rows=150000 width=4) (actual time=34.358..34.359 rows=150000 loops=1)
                                 Buckets: 262144  Batches: 1  Memory Usage: 7322kB
                                 ->  Index Only Scan using customer_pkey on customer  (cost=0.42..3078.42 rows=150000 width=4) (actual time=0.310..17.297 rows=150000 loops=1)
                                       Heap Fetches: 0
 Planning Time: 14.861 ms
 Execution Time: 1381.721 ms
(21 rows)

SET
SET
SET
                                                                                  QUERY PLAN                                                                                   
-------------------------------------------------------------------------------------------------------------------------------------------------------------------------------
 Limit  (cost=65023.89..65023.89 rows=1 width=16) (actual time=1241.110..1241.114 rows=1 loops=1)
   ->  Sort  (cost=65023.89..65024.39 rows=200 width=16) (actual time=1241.108..1241.111 rows=1 loops=1)
         Sort Key: (count(*)) DESC, (count(orders.o_orderkey)) DESC
         Sort Method: top-N heapsort  Memory: 25kB
         ->  HashAggregate  (cost=65020.89..65022.89 rows=200 width=16) (actual time=1241.084..1241.091 rows=42 loops=1)
               Group Key: count(orders.o_orderkey)
               Batches: 1  Memory Usage: 40kB
               ->  HashAggregate  (cost=61270.89..62770.89 rows=150000 width=12) (actual time=1201.433..1223.697 rows=150000 loops=1)
                     Group Key: customer.c_custkey
                     Batches: 1  Memory Usage: 16401kB
                     ->  Hash Right Join  (cost=4953.42..53771.64 rows=1499850 width=8) (actual time=30.350..875.814 rows=1533923 loops=1)
                           Hash Cond: (orders.o_custkey = customer.c_custkey)
                           ->  Seq Scan on orders  (cost=0.00..44881.00 rows=1499850 width=8) (actual time=0.015..479.221 rows=1483918 loops=1)
                                 Filter: ((o_comment)::text !~~ '%special%requests%'::text)
                                 Rows Removed by Filter: 16082
                           ->  Hash  (cost=3078.42..3078.42 rows=150000 width=4) (actual time=29.897..29.898 rows=150000 loops=1)
                                 Buckets: 262144  Batches: 1  Memory Usage: 7322kB
                                 ->  Index Only Scan using customer_pkey on customer  (cost=0.42..3078.42 rows=150000 width=4) (actual time=0.026..13.492 rows=150000 loops=1)
                                       Heap Fetches: 0
 Planning Time: 0.879 ms
 Execution Time: 1242.237 ms
(21 rows)

query 14 run 1
SET
SET
SET
                                                                         QUERY PLAN                                                                          
-------------------------------------------------------------------------------------------------------------------------------------------------------------
 Limit  (cost=87058.01..87058.02 rows=1 width=32) (actual time=1008.837..1008.839 rows=1 loops=1)
   ->  Aggregate  (cost=87058.01..87058.02 rows=1 width=32) (actual time=1008.835..1008.837 rows=1 loops=1)
         ->  Hash Join  (cost=10001.24..85692.48 rows=78030 width=33) (actual time=98.436..936.869 rows=77317 loops=1)
               Hash Cond: (lineitem.l_partkey = part.p_partkey)
               ->  Bitmap Heap Scan on lineitem  (cost=1402.24..76888.65 rows=78030 width=16) (actual time=18.589..794.928 rows=77317 loops=1)
                     Recheck Cond: ((l_shipdate >= '1994-05-01'::date) AND (l_shipdate < '1994-06-01'::date))
                     Heap Blocks: exact=41681
                     ->  Bitmap Index Scan on idx_lineitem_shipdate  (cost=0.00..1382.73 rows=78030 width=0) (actual time=12.070..12.070 rows=77317 loops=1)
                           Index Cond: ((l_shipdate >= '1994-05-01'::date) AND (l_shipdate < '1994-06-01'::date))
               ->  Hash  (cost=6099.00..6099.00 rows=200000 width=25) (actual time=79.634..79.634 rows=200000 loops=1)
                     Buckets: 262144  Batches: 1  Memory Usage: 13600kB
                     ->  Seq Scan on part  (cost=0.00..6099.00 rows=200000 width=25) (actual time=0.253..46.381 rows=200000 loops=1)
 Planning Time: 20.365 ms
 Execution Time: 1008.928 ms
(14 rows)

SET
SET
SET
                                                                        QUERY PLAN                                                                         
-----------------------------------------------------------------------------------------------------------------------------------------------------------
 Limit  (cost=87058.01..87058.02 rows=1 width=32) (actual time=180.020..180.023 rows=1 loops=1)
   ->  Aggregate  (cost=87058.01..87058.02 rows=1 width=32) (actual time=180.019..180.021 rows=1 loops=1)
         ->  Hash Join  (cost=10001.24..85692.48 rows=78030 width=33) (actual time=70.352..150.503 rows=77317 loops=1)
               Hash Cond: (lineitem.l_partkey = part.p_partkey)
               ->  Bitmap Heap Scan on lineitem  (cost=1402.24..76888.65 rows=78030 width=16) (actual time=13.265..65.574 rows=77317 loops=1)
                     Recheck Cond: ((l_shipdate >= '1994-05-01'::date) AND (l_shipdate < '1994-06-01'::date))
                     Heap Blocks: exact=41681
                     ->  Bitmap Index Scan on idx_lineitem_shipdate  (cost=0.00..1382.73 rows=78030 width=0) (actual time=7.215..7.215 rows=77317 loops=1)
                           Index Cond: ((l_shipdate >= '1994-05-01'::date) AND (l_shipdate < '1994-06-01'::date))
               ->  Hash  (cost=6099.00..6099.00 rows=200000 width=25) (actual time=56.900..56.901 rows=200000 loops=1)
                     Buckets: 262144  Batches: 1  Memory Usage: 13600kB
                     ->  Seq Scan on part  (cost=0.00..6099.00 rows=200000 width=25) (actual time=0.010..26.469 rows=200000 loops=1)
 Planning Time: 1.398 ms
 Execution Time: 180.082 ms
(14 rows)

query 15 run 1
SET
SET
SET
CREATE VIEW
                                                                                QUERY PLAN                                                                                 
---------------------------------------------------------------------------------------------------------------------------------------------------------------------------
 Limit  (cost=245537.91..245547.11 rows=1 width=103) (actual time=1446.857..1446.861 rows=1 loops=1)
   InitPlan 1
     ->  Aggregate  (cost=122817.93..122817.94 rows=1 width=32) (actual time=208.786..208.787 rows=1 loops=1)
           ->  HashAggregate  (cost=122567.53..122692.73 rows=10016 width=36) (actual time=205.612..208.200 rows=10000 loops=1)
                 Group Key: lineitem_1.l_suppkey
                 Batches: 1  Memory Usage: 4497kB
                 ->  Bitmap Heap Scan on lineitem lineitem_1  (cost=4184.06..120238.14 rows=232939 width=16) (actual time=27.728..99.749 rows=225954 loops=1)
                       Recheck Cond: ((l_shipdate >= '1996-01-01'::date) AND (l_shipdate < '1996-04-01'::date))
                       Heap Blocks: exact=66828
                       ->  Bitmap Index Scan on idx_lineitem_shipdate  (cost=0.00..4125.82 rows=232939 width=0) (actual time=17.066..17.066 rows=225954 loops=1)
                             Index Cond: ((l_shipdate >= '1996-01-01'::date) AND (l_shipdate < '1996-04-01'::date))
   ->  Merge Join  (cost=122719.97..123179.72 rows=50 width=103) (actual time=1446.856..1446.858 rows=1 loops=1)
         Merge Cond: (supplier.s_suppkey = revenue0.supplier_no)
         ->  Index Scan using supplier_pkey on supplier  (cost=0.29..434.29 rows=10000 width=71) (actual time=0.348..4.777 rows=8449 loops=1)
         ->  Sort  (cost=122719.68..122719.81 rows=50 width=36) (actual time=1441.552..1441.554 rows=1 loops=1)
               Sort Key: revenue0.supplier_no
               Sort Method: quicksort  Memory: 25kB
               ->  Subquery Scan on revenue0  (cost=122567.53..122718.27 rows=50 width=36) (actual time=1439.176..1441.546 rows=1 loops=1)
                     ->  HashAggregate  (cost=122567.53..122717.77 rows=50 width=36) (actual time=1439.175..1441.544 rows=1 loops=1)
                           Group Key: lineitem.l_suppkey
                           Filter: (sum((lineitem.l_extendedprice * ('1'::numeric - lineitem.l_discount))) = (InitPlan 1).col1)
                           Batches: 1  Memory Usage: 4497kB
                           Rows Removed by Filter: 9999
                           ->  Bitmap Heap Scan on lineitem  (cost=4184.06..120238.14 rows=232939 width=16) (actual time=40.354..1050.258 rows=225954 loops=1)
                                 Recheck Cond: ((l_shipdate >= '1996-01-01'::date) AND (l_shipdate < '1996-04-01'::date))
                                 Heap Blocks: exact=66828
                                 ->  Bitmap Index Scan on idx_lineitem_shipdate  (cost=0.00..4125.82 rows=232939 width=0) (actual time=29.096..29.096 rows=225954 loops=1)
                                       Index Cond: ((l_shipdate >= '1996-01-01'::date) AND (l_shipdate < '1996-04-01'::date))
 Planning Time: 17.335 ms
 Execution Time: 1447.482 ms
(30 rows)

DROP VIEW
SET
SET
SET
CREATE VIEW
                                                                                QUERY PLAN                                                                                 
---------------------------------------------------------------------------------------------------------------------------------------------------------------------------
 Limit  (cost=245537.91..245547.11 rows=1 width=103) (actual time=452.366..452.369 rows=1 loops=1)
   InitPlan 1
     ->  Aggregate  (cost=122817.93..122817.94 rows=1 width=32) (actual time=208.602..208.603 rows=1 loops=1)
           ->  HashAggregate  (cost=122567.53..122692.73 rows=10016 width=36) (actual time=205.446..208.018 rows=10000 loops=1)
                 Group Key: lineitem_1.l_suppkey
                 Batches: 1  Memory Usage: 4497kB
                 ->  Bitmap Heap Scan on lineitem lineitem_1  (cost=4184.06..120238.14 rows=232939 width=16) (actual time=27.419..99.209 rows=225954 loops=1)
                       Recheck Cond: ((l_shipdate >= '1996-01-01'::date) AND (l_shipdate < '1996-04-01'::date))
                       Heap Blocks: exact=66828
                       ->  Bitmap Index Scan on idx_lineitem_shipdate  (cost=0.00..4125.82 rows=232939 width=0) (actual time=16.833..16.833 rows=225954 loops=1)
                             Index Cond: ((l_shipdate >= '1996-01-01'::date) AND (l_shipdate < '1996-04-01'::date))
   ->  Merge Join  (cost=122719.97..123179.72 rows=50 width=103) (actual time=452.365..452.366 rows=1 loops=1)
         Merge Cond: (supplier.s_suppkey = revenue0.supplier_no)
         ->  Index Scan using supplier_pkey on supplier  (cost=0.29..434.29 rows=10000 width=71) (actual time=0.009..1.307 rows=8449 loops=1)
         ->  Sort  (cost=122719.68..122719.81 rows=50 width=36) (actual time=450.575..450.576 rows=1 loops=1)
               Sort Key: revenue0.supplier_no
               Sort Method: quicksort  Memory: 25kB
               ->  Subquery Scan on revenue0  (cost=122567.53..122718.27 rows=50 width=36) (actual time=448.203..450.572 rows=1 loops=1)
                     ->  HashAggregate  (cost=122567.53..122717.77 rows=50 width=36) (actual time=448.202..450.570 rows=1 loops=1)
                           Group Key: lineitem.l_suppkey
                           Filter: (sum((lineitem.l_extendedprice * ('1'::numeric - lineitem.l_discount))) = (InitPlan 1).col1)
                           Batches: 1  Memory Usage: 4497kB
                           Rows Removed by Filter: 9999
                           ->  Bitmap Heap Scan on lineitem  (cost=4184.06..120238.14 rows=232939 width=16) (actual time=29.602..128.938 rows=225954 loops=1)
                                 Recheck Cond: ((l_shipdate >= '1996-01-01'::date) AND (l_shipdate < '1996-04-01'::date))
                                 Heap Blocks: exact=66828
                                 ->  Bitmap Index Scan on idx_lineitem_shipdate  (cost=0.00..4125.82 rows=232939 width=0) (actual time=18.933..18.934 rows=225954 loops=1)
                                       Index Cond: ((l_shipdate >= '1996-01-01'::date) AND (l_shipdate < '1996-04-01'::date))
 Planning Time: 1.388 ms
 Execution Time: 452.735 ms
(30 rows)

DROP VIEW
query 16 run 1
SET
SET
SET
                                                                                         QUERY PLAN                                                                                         
--------------------------------------------------------------------------------------------------------------------------------------------------------------------------------------------
 Limit  (cost=34895.82..34895.83 rows=1 width=44) (actual time=660.828..660.832 rows=1 loops=1)
   ->  Sort  (cost=34895.82..34935.65 rows=15929 width=44) (actual time=660.827..660.830 rows=1 loops=1)
         Sort Key: (count(DISTINCT partsupp.ps_suppkey)) DESC, part.p_brand, part.p_type, part.p_size
         Sort Method: top-N heapsort  Memory: 25kB
         ->  GroupAggregate  (cost=33921.06..34816.18 rows=15929 width=44) (actual time=626.326..657.950 rows=18220 loops=1)
               Group Key: part.p_brand, part.p_type, part.p_size
               ->  Sort  (cost=33921.06..34068.23 rows=58866 width=40) (actual time=626.313..632.590 rows=117930 loops=1)
                     Sort Key: part.p_brand, part.p_type, part.p_size, partsupp.ps_suppkey
                     Sort Method: quicksort  Memory: 10033kB
                     ->  Hash Join  (cost=9815.34..29257.36 rows=58866 width=40) (actual time=78.934..291.625 rows=117930 loops=1)
                           Hash Cond: (partsupp.ps_partkey = part.p_partkey)
                           ->  Index Only Scan using partsupp_pkey on partsupp  (cost=348.43..18740.43 rows=400000 width=8) (actual time=5.622..145.451 rows=799680 loops=1)
                                 Filter: (NOT (ANY (ps_suppkey = (hashed SubPlan 1).col1)))
                                 Rows Removed by Filter: 320
                                 Heap Fetches: 0
                                 SubPlan 1
                                   ->  Seq Scan on supplier  (cost=0.00..348.00 rows=1 width=4) (actual time=1.059..5.262 rows=4 loops=1)
                                         Filter: ((s_comment)::text ~~ '%Customer%Complaints%'::text)
                                         Rows Removed by Filter: 9996
                           ->  Hash  (cost=9099.00..9099.00 rows=29433 width=40) (actual time=73.268..73.269 rows=29492 loops=1)
                                 Buckets: 32768  Batches: 1  Memory Usage: 2393kB
                                 ->  Seq Scan on part  (cost=0.00..9099.00 rows=29433 width=40) (actual time=0.309..67.573 rows=29492 loops=1)
                                       Filter: ((p_brand <> 'Brand#12'::bpchar) AND ((p_type)::text !~~ 'SMALL BRUSHED%'::text) AND (p_size = ANY ('{12,32,36,26,40,34,49,9}'::integer[])))
                                       Rows Removed by Filter: 170508
 Planning Time: 18.869 ms
 Execution Time: 661.330 ms
(26 rows)

SET
SET
SET
                                                                                         QUERY PLAN                                                                                         
--------------------------------------------------------------------------------------------------------------------------------------------------------------------------------------------
 Limit  (cost=34895.82..34895.83 rows=1 width=44) (actual time=617.512..617.515 rows=1 loops=1)
   ->  Sort  (cost=34895.82..34935.65 rows=15929 width=44) (actual time=617.510..617.513 rows=1 loops=1)
         Sort Key: (count(DISTINCT partsupp.ps_suppkey)) DESC, part.p_brand, part.p_type, part.p_size
         Sort Method: top-N heapsort  Memory: 25kB
         ->  GroupAggregate  (cost=33921.06..34816.18 rows=15929 width=44) (actual time=582.784..614.644 rows=18220 loops=1)
               Group Key: part.p_brand, part.p_type, part.p_size
               ->  Sort  (cost=33921.06..34068.23 rows=58866 width=40) (actual time=582.771..589.106 rows=117930 loops=1)
                     Sort Key: part.p_brand, part.p_type, part.p_size, partsupp.ps_suppkey
                     Sort Method: quicksort  Memory: 10033kB
                     ->  Hash Join  (cost=9815.34..29257.36 rows=58866 width=40) (actual time=53.709..248.807 rows=117930 loops=1)
                           Hash Cond: (partsupp.ps_partkey = part.p_partkey)
                           ->  Index Only Scan using partsupp_pkey on partsupp  (cost=348.43..18740.43 rows=400000 width=8) (actual time=2.158..125.597 rows=799680 loops=1)
                                 Filter: (NOT (ANY (ps_suppkey = (hashed SubPlan 1).col1)))
                                 Rows Removed by Filter: 320
                                 Heap Fetches: 0
                                 SubPlan 1
                                   ->  Seq Scan on supplier  (cost=0.00..348.00 rows=1 width=4) (actual time=0.087..2.135 rows=4 loops=1)
                                         Filter: ((s_comment)::text ~~ '%Customer%Complaints%'::text)
                                         Rows Removed by Filter: 9996
                           ->  Hash  (cost=9099.00..9099.00 rows=29433 width=40) (actual time=51.514..51.514 rows=29492 loops=1)
                                 Buckets: 32768  Batches: 1  Memory Usage: 2393kB
                                 ->  Seq Scan on part  (cost=0.00..9099.00 rows=29433 width=40) (actual time=0.012..46.274 rows=29492 loops=1)
                                       Filter: ((p_brand <> 'Brand#12'::bpchar) AND ((p_type)::text !~~ 'SMALL BRUSHED%'::text) AND (p_size = ANY ('{12,32,36,26,40,34,49,9}'::integer[])))
                                       Rows Removed by Filter: 170508
 Planning Time: 1.087 ms
 Execution Time: 617.564 ms
(26 rows)

query 17 run 1
SET
SET
SET
                                                                                      QUERY PLAN                                                                                      
--------------------------------------------------------------------------------------------------------------------------------------------------------------------------------------
 Limit  (cost=177223.67..177223.68 rows=1 width=32) (actual time=2178.606..2178.609 rows=1 loops=1)
   ->  Aggregate  (cost=177223.67..177223.68 rows=1 width=32) (actual time=2178.604..2178.606 rows=1 loops=1)
         ->  Nested Loop  (cost=7107.55..177218.90 rows=1905 width=8) (actual time=55.491..2178.316 rows=592 loops=1)
               Join Filter: (part.p_partkey = lineitem.l_partkey)
               ->  Merge Join  (cost=7107.12..176689.16 rows=190 width=40) (actual time=54.847..2061.320 rows=208 loops=1)
                     Merge Cond: (part.p_partkey = lineitem_1.l_partkey)
                     ->  Sort  (cost=7106.69..7107.19 rows=201 width=4) (actual time=46.834..46.963 rows=208 loops=1)
                           Sort Key: part.p_partkey
                           Sort Method: quicksort  Memory: 25kB
                           ->  Seq Scan on part  (cost=0.00..7099.00 rows=201 width=4) (actual time=0.913..46.811 rows=208 loops=1)
                                 Filter: ((p_brand = 'Brand#22'::bpchar) AND (p_container = 'LG BOX'::bpchar))
                                 Rows Removed by Filter: 199792
                     ->  GroupAggregate  (cost=0.43..169105.79 rows=189513 width=36) (actual time=1.446..1998.399 rows=199275 loops=1)
                           Group Key: lineitem_1.l_partkey
                           ->  Index Only Scan using q17_idx_1 on lineitem lineitem_1  (cost=0.43..136255.93 rows=6001433 width=9) (actual time=1.409..1222.536 rows=5979328 loops=1)
                                 Heap Fetches: 0
               ->  Index Only Scan using q9_idx_1 on lineitem  (cost=0.43..2.65 rows=11 width=17) (actual time=0.523..0.560 rows=3 loops=208)
                     Index Cond: ((l_partkey = lineitem_1.l_partkey) AND (l_quantity < ((0.2 * avg(lineitem_1.l_quantity)))))
                     Heap Fetches: 0
 Planning Time: 22.694 ms
 Execution Time: 2178.940 ms
(21 rows)

SET
SET
SET
                                                                                      QUERY PLAN                                                                                      
--------------------------------------------------------------------------------------------------------------------------------------------------------------------------------------
 Limit  (cost=177223.67..177223.68 rows=1 width=32) (actual time=1814.371..1814.373 rows=1 loops=1)
   ->  Aggregate  (cost=177223.67..177223.68 rows=1 width=32) (actual time=1814.370..1814.371 rows=1 loops=1)
         ->  Nested Loop  (cost=7107.55..177218.90 rows=1905 width=8) (actual time=30.784..1814.287 rows=592 loops=1)
               Join Filter: (part.p_partkey = lineitem.l_partkey)
               ->  Merge Join  (cost=7107.12..176689.16 rows=190 width=40) (actual time=30.766..1812.545 rows=208 loops=1)
                     Merge Cond: (part.p_partkey = lineitem_1.l_partkey)
                     ->  Sort  (cost=7106.69..7107.19 rows=201 width=4) (actual time=24.961..24.993 rows=208 loops=1)
                           Sort Key: part.p_partkey
                           Sort Method: quicksort  Memory: 25kB
                           ->  Seq Scan on part  (cost=0.00..7099.00 rows=201 width=4) (actual time=0.095..24.938 rows=208 loops=1)
                                 Filter: ((p_brand = 'Brand#22'::bpchar) AND (p_container = 'LG BOX'::bpchar))
                                 Rows Removed by Filter: 199792
                     ->  GroupAggregate  (cost=0.43..169105.79 rows=189513 width=36) (actual time=0.271..1774.230 rows=199275 loops=1)
                           Group Key: lineitem_1.l_partkey
                           ->  Index Only Scan using q17_idx_1 on lineitem lineitem_1  (cost=0.43..136255.93 rows=6001433 width=9) (actual time=0.243..1032.208 rows=5979328 loops=1)
                                 Heap Fetches: 0
               ->  Index Only Scan using q9_idx_1 on lineitem  (cost=0.43..2.65 rows=11 width=17) (actual time=0.007..0.007 rows=3 loops=208)
                     Index Cond: ((l_partkey = lineitem_1.l_partkey) AND (l_quantity < ((0.2 * avg(lineitem_1.l_quantity)))))
                     Heap Fetches: 0
 Planning Time: 1.627 ms
 Execution Time: 1814.424 ms
(21 rows)

query 18 run 1
SET
SET
SET
                                                                                                    QUERY PLAN                                                                                                     
-------------------------------------------------------------------------------------------------------------------------------------------------------------------------------------------------------------------
 Limit  (cost=669416.62..669416.87 rows=100 width=71) (actual time=2962.142..2962.147 rows=9 loops=1)
   ->  Sort  (cost=669416.62..674419.01 rows=2000954 width=71) (actual time=2962.141..2962.145 rows=9 loops=1)
         Sort Key: orders.o_totalprice DESC, orders.o_orderdate
         Sort Method: quicksort  Memory: 25kB
         ->  GroupAggregate  (cost=306676.99..592941.60 rows=2000954 width=71) (actual time=2824.907..2962.125 rows=9 loops=1)
               Group Key: orders.o_orderkey, customer.c_custkey
               ->  Incremental Sort  (cost=306676.99..552922.52 rows=2000954 width=44) (actual time=2824.897..2962.096 rows=63 loops=1)
                     Sort Key: orders.o_orderkey, customer.c_custkey
                     Presorted Key: orders.o_orderkey
                     Full-sort Groups: 2  Sort Method: quicksort  Average Memory: 27kB  Peak Memory: 27kB
                     ->  Merge Join  (cost=306676.87..480412.98 rows=2000954 width=44) (actual time=2494.329..2962.061 rows=63 loops=1)
                           Merge Cond: (orders.o_orderkey = lineitem.l_orderkey)
                           ->  Sort  (cost=306676.35..307926.65 rows=500119 width=43) (actual time=2327.649..2327.656 rows=9 loops=1)
                                 Sort Key: orders.o_orderkey
                                 Sort Method: quicksort  Memory: 25kB
                                 ->  Hash Join  (cost=201963.95..248345.31 rows=500119 width=43) (actual time=2014.567..2327.628 rows=9 loops=1)
                                       Hash Cond: (orders.o_custkey = customer.c_custkey)
                                       ->  Hash Join  (cost=194991.95..240060.46 rows=500119 width=24) (actual time=1952.835..2265.886 rows=9 loops=1)
                                             Hash Cond: (orders.o_orderkey = lineitem_1.l_orderkey)
                                             ->  Seq Scan on orders  (cost=0.00..41131.00 rows=1500000 width=20) (actual time=0.515..229.098 rows=1500000 loops=1)
                                             ->  Hash  (cost=188740.46..188740.46 rows=500119 width=4) (actual time=1864.052..1864.053 rows=9 loops=1)
                                                   Buckets: 524288  Batches: 1  Memory Usage: 4097kB
                                                   ->  GroupAggregate  (cost=0.43..188740.46 rows=500119 width=4) (actual time=396.110..1864.035 rows=9 loops=1)
                                                         Group Key: lineitem_1.l_orderkey
                                                         Filter: (sum(lineitem_1.l_quantity) > '313'::numeric)
                                                         Rows Removed by Filter: 1499991
                                                         ->  Index Only Scan using q18_idx_1 on lineitem lineitem_1  (cost=0.43..136227.93 rows=6001433 width=9) (actual time=0.294..735.051 rows=6001215 loops=1)
                                                               Heap Fetches: 0
                                       ->  Hash  (cost=5097.00..5097.00 rows=150000 width=23) (actual time=61.423..61.424 rows=150000 loops=1)
                                             Buckets: 262144  Batches: 1  Memory Usage: 10252kB
                                             ->  Seq Scan on customer  (cost=0.00..5097.00 rows=150000 width=23) (actual time=0.488..35.639 rows=150000 loops=1)
                           ->  Index Only Scan using q18_idx_1 on lineitem  (cost=0.43..136227.93 rows=6001433 width=9) (actual time=0.019..433.168 rows=4807580 loops=1)
                                 Heap Fetches: 0
 Planning Time: 25.164 ms
 Execution Time: 2962.741 ms
(35 rows)

SET
SET
SET
                                                                                                    QUERY PLAN                                                                                                     
-------------------------------------------------------------------------------------------------------------------------------------------------------------------------------------------------------------------
 Limit  (cost=669416.62..669416.87 rows=100 width=71) (actual time=2580.926..2580.931 rows=9 loops=1)
   ->  Sort  (cost=669416.62..674419.01 rows=2000954 width=71) (actual time=2580.925..2580.929 rows=9 loops=1)
         Sort Key: orders.o_totalprice DESC, orders.o_orderdate
         Sort Method: quicksort  Memory: 25kB
         ->  GroupAggregate  (cost=306676.99..592941.60 rows=2000954 width=71) (actual time=2443.521..2580.910 rows=9 loops=1)
               Group Key: orders.o_orderkey, customer.c_custkey
               ->  Incremental Sort  (cost=306676.99..552922.52 rows=2000954 width=44) (actual time=2443.511..2580.882 rows=63 loops=1)
                     Sort Key: orders.o_orderkey, customer.c_custkey
                     Presorted Key: orders.o_orderkey
                     Full-sort Groups: 2  Sort Method: quicksort  Average Memory: 27kB  Peak Memory: 27kB
                     ->  Merge Join  (cost=306676.87..480412.98 rows=2000954 width=44) (actual time=2112.791..2580.846 rows=63 loops=1)
                           Merge Cond: (orders.o_orderkey = lineitem.l_orderkey)
                           ->  Sort  (cost=306676.35..307926.65 rows=500119 width=43) (actual time=1946.043..1946.050 rows=9 loops=1)
                                 Sort Key: orders.o_orderkey
                                 Sort Method: quicksort  Memory: 25kB
                                 ->  Hash Join  (cost=201963.95..248345.31 rows=500119 width=43) (actual time=1744.120..1946.026 rows=9 loops=1)
                                       Hash Cond: (orders.o_custkey = customer.c_custkey)
                                       ->  Hash Join  (cost=194991.95..240060.46 rows=500119 width=24) (actual time=1699.749..1901.646 rows=9 loops=1)
                                             Hash Cond: (orders.o_orderkey = lineitem_1.l_orderkey)
                                             ->  Seq Scan on orders  (cost=0.00..41131.00 rows=1500000 width=20) (actual time=0.007..81.333 rows=1500000 loops=1)
                                             ->  Hash  (cost=188740.46..188740.46 rows=500119 width=4) (actual time=1644.688..1644.689 rows=9 loops=1)
                                                   Buckets: 524288  Batches: 1  Memory Usage: 4097kB
                                                   ->  GroupAggregate  (cost=0.43..188740.46 rows=500119 width=4) (actual time=346.321..1644.676 rows=9 loops=1)
                                                         Group Key: lineitem_1.l_orderkey
                                                         Filter: (sum(lineitem_1.l_quantity) > '313'::numeric)
                                                         Rows Removed by Filter: 1499991
                                                         ->  Index Only Scan using q18_idx_1 on lineitem lineitem_1  (cost=0.43..136227.93 rows=6001433 width=9) (actual time=0.023..561.416 rows=6001215 loops=1)
                                                               Heap Fetches: 0
                                       ->  Hash  (cost=5097.00..5097.00 rows=150000 width=23) (actual time=44.056..44.057 rows=150000 loops=1)
                                             Buckets: 262144  Batches: 1  Memory Usage: 10252kB
                                             ->  Seq Scan on customer  (cost=0.00..5097.00 rows=150000 width=23) (actual time=0.010..18.902 rows=150000 loops=1)
                           ->  Index Only Scan using q18_idx_1 on lineitem  (cost=0.43..136227.93 rows=6001433 width=9) (actual time=0.015..430.662 rows=4807580 loops=1)
                                 Heap Fetches: 0
 Planning Time: 1.847 ms
 Execution Time: 2581.275 ms
(35 rows)

query 19 run 1
SET
SET
SET
                                                                                                                                                                                                                                                                                                                                                                                                                                                        QUERY PLAN                                                                                                                                                                                                                                                                                                                                                                                                                                                        
--------------------------------------------------------------------------------------------------------------------------------------------------------------------------------------------------------------------------------------------------------------------------------------------------------------------------------------------------------------------------------------------------------------------------------------------------------------------------------------------------------------------------------------------------------------------------------------------------------------------------------------------------------------------------------------------------------------------------------------------------------------------------------------------------------------------------------------------------------------------------------------------------------------------------
 Limit  (cost=15060.11..15060.12 rows=1 width=32) (actual time=280.571..280.572 rows=1 loops=1)
   ->  Aggregate  (cost=15060.11..15060.12 rows=1 width=32) (actual time=280.569..280.570 rows=1 loops=1)
         ->  Nested Loop  (cost=0.56..15059.28 rows=110 width=12) (actual time=3.677..280.288 rows=111 loops=1)
               ->  Seq Scan on part  (cost=0.00..12599.00 rows=474 width=30) (actual time=1.924..85.536 rows=507 loops=1)
                     Filter: ((p_size >= 1) AND (((p_brand = 'Brand#24'::bpchar) AND (p_container = ANY ('{"SM CASE","SM BOX","SM PACK","SM PKG"}'::bpchar[])) AND (p_size <= 5)) OR ((p_brand = 'Brand#43'::bpchar) AND (p_container = ANY ('{"MED BAG","MED BOX","MED PKG","MED PACK"}'::bpchar[])) AND (p_size <= 10)) OR ((p_brand = 'Brand#44'::bpchar) AND (p_container = ANY ('{"LG CASE","LG BOX","LG PACK","LG PKG"}'::bpchar[])) AND (p_size <= 15))))
                     Rows Removed by Filter: 199493
               ->  Index Only Scan using q19_idx_1 on lineitem  (cost=0.56..5.18 rows=1 width=21) (actual time=0.379..0.383 rows=0 loops=507)
                     Index Cond: ((l_partkey = part.p_partkey) AND (l_shipmode = ANY ('{AIR,"AIR REG"}'::bpchar[])) AND (l_shipinstruct = 'DELIVER IN PERSON'::bpchar))
                     Filter: ((((l_quantity >= '10'::numeric) AND (l_quantity <= '20'::numeric)) OR ((l_quantity >= '10'::numeric) AND (l_quantity <= '20'::numeric)) OR ((l_quantity >= '20'::numeric) AND (l_quantity <= '30'::numeric))) AND (((part.p_brand = 'Brand#24'::bpchar) AND (part.p_container = ANY ('{"SM CASE","SM BOX","SM PACK","SM PKG"}'::bpchar[])) AND (l_quantity >= '10'::numeric) AND (l_quantity <= '20'::numeric) AND (part.p_size <= 5)) OR ((part.p_brand = 'Brand#43'::bpchar) AND (part.p_container = ANY ('{"MED BAG","MED BOX","MED PKG","MED PACK"}'::bpchar[])) AND (l_quantity >= '10'::numeric) AND (l_quantity <= '20'::numeric) AND (part.p_size <= 10)) OR ((part.p_brand = 'Brand#44'::bpchar) AND (part.p_container = ANY ('{"LG CASE","LG BOX","LG PACK","LG PKG"}'::bpchar[])) AND (l_quantity >= '20'::numeric) AND (l_quantity <= '30'::numeric) AND (part.p_size <= 15))))
                     Rows Removed by Filter: 1
                     Heap Fetches: 0
 Planning Time: 26.590 ms
 Execution Time: 281.349 ms
(13 rows)

SET
SET
SET
                                                                                                                                                                                                                                                                                                                                                                                                                                                        QUERY PLAN                                                                                                                                                                                                                                                                                                                                                                                                                                                        
--------------------------------------------------------------------------------------------------------------------------------------------------------------------------------------------------------------------------------------------------------------------------------------------------------------------------------------------------------------------------------------------------------------------------------------------------------------------------------------------------------------------------------------------------------------------------------------------------------------------------------------------------------------------------------------------------------------------------------------------------------------------------------------------------------------------------------------------------------------------------------------------------------------------------
 Limit  (cost=15060.11..15060.12 rows=1 width=32) (actual time=51.930..51.932 rows=1 loops=1)
   ->  Aggregate  (cost=15060.11..15060.12 rows=1 width=32) (actual time=51.929..51.930 rows=1 loops=1)
         ->  Nested Loop  (cost=0.56..15059.28 rows=110 width=12) (actual time=0.284..51.855 rows=111 loops=1)
               ->  Seq Scan on part  (cost=0.00..12599.00 rows=474 width=30) (actual time=0.212..47.448 rows=507 loops=1)
                     Filter: ((p_size >= 1) AND (((p_brand = 'Brand#24'::bpchar) AND (p_container = ANY ('{"SM CASE","SM BOX","SM PACK","SM PKG"}'::bpchar[])) AND (p_size <= 5)) OR ((p_brand = 'Brand#43'::bpchar) AND (p_container = ANY ('{"MED BAG","MED BOX","MED PKG","MED PACK"}'::bpchar[])) AND (p_size <= 10)) OR ((p_brand = 'Brand#44'::bpchar) AND (p_container = ANY ('{"LG CASE","LG BOX","LG PACK","LG PKG"}'::bpchar[])) AND (p_size <= 15))))
                     Rows Removed by Filter: 199493
               ->  Index Only Scan using q19_idx_1 on lineitem  (cost=0.56..5.18 rows=1 width=21) (actual time=0.008..0.008 rows=0 loops=507)
                     Index Cond: ((l_partkey = part.p_partkey) AND (l_shipmode = ANY ('{AIR,"AIR REG"}'::bpchar[])) AND (l_shipinstruct = 'DELIVER IN PERSON'::bpchar))
                     Filter: ((((l_quantity >= '10'::numeric) AND (l_quantity <= '20'::numeric)) OR ((l_quantity >= '10'::numeric) AND (l_quantity <= '20'::numeric)) OR ((l_quantity >= '20'::numeric) AND (l_quantity <= '30'::numeric))) AND (((part.p_brand = 'Brand#24'::bpchar) AND (part.p_container = ANY ('{"SM CASE","SM BOX","SM PACK","SM PKG"}'::bpchar[])) AND (l_quantity >= '10'::numeric) AND (l_quantity <= '20'::numeric) AND (part.p_size <= 5)) OR ((part.p_brand = 'Brand#43'::bpchar) AND (part.p_container = ANY ('{"MED BAG","MED BOX","MED PKG","MED PACK"}'::bpchar[])) AND (l_quantity >= '10'::numeric) AND (l_quantity <= '20'::numeric) AND (part.p_size <= 10)) OR ((part.p_brand = 'Brand#44'::bpchar) AND (part.p_container = ANY ('{"LG CASE","LG BOX","LG PACK","LG PKG"}'::bpchar[])) AND (l_quantity >= '20'::numeric) AND (l_quantity <= '30'::numeric) AND (part.p_size <= 15))))
                     Rows Removed by Filter: 1
                     Heap Fetches: 0
 Planning Time: 2.922 ms
 Execution Time: 51.973 ms
(13 rows)

query 20 run 1
SET
SET
SET
                                                                                        QUERY PLAN                                                                                        
------------------------------------------------------------------------------------------------------------------------------------------------------------------------------------------
 Limit  (cost=218591.21..218591.22 rows=1 width=51) (actual time=3687.723..3687.727 rows=1 loops=1)
   ->  Sort  (cost=218591.21..218591.22 rows=1 width=51) (actual time=3687.722..3687.725 rows=1 loops=1)
         Sort Key: supplier.s_name
         Sort Method: top-N heapsort  Memory: 25kB
         ->  Nested Loop Semi Join  (cost=194541.21..218591.20 rows=1 width=51) (actual time=3523.139..3687.539 rows=196 loops=1)
               Join Filter: (supplier.s_suppkey = lineitem.l_suppkey)
               Rows Removed by Join Filter: 1900820
               ->  Nested Loop  (cost=0.00..449.31 rows=400 width=55) (actual time=0.479..3.206 rows=438 loops=1)
                     Join Filter: (supplier.s_nationkey = nation.n_nationkey)
                     Rows Removed by Join Filter: 9562
                     ->  Seq Scan on nation  (cost=0.00..1.31 rows=1 width=4) (actual time=0.208..0.212 rows=1 loops=1)
                           Filter: (n_name = 'IRAQ'::bpchar)
                           Rows Removed by Filter: 24
                     ->  Seq Scan on supplier  (cost=0.00..323.00 rows=10000 width=59) (actual time=0.266..2.293 rows=10000 loops=1)
               ->  Materialize  (cost=194541.21..218135.89 rows=1 width=8) (actual time=6.271..8.182 rows=4340 loops=438)
                     ->  Nested Loop  (cost=194541.21..218135.89 rows=1 width=8) (actual time=2746.541..3517.699 rows=5898 loops=1)
                           ->  Hash Join  (cost=194540.78..212427.22 rows=4967 width=44) (actual time=2746.005..3251.954 rows=5914 loops=1)
                                 Hash Cond: (lineitem.l_partkey = part.p_partkey)
                                 ->  HashAggregate  (cost=188077.11..204672.66 rows=491758 width=40) (actual time=2712.595..3177.298 rows=544869 loops=1)
                                       Group Key: lineitem.l_partkey, lineitem.l_suppkey
                                       Planned Partitions: 4  Batches: 5  Memory Usage: 65585kB  Disk Usage: 24072kB
                                       ->  Bitmap Heap Scan on lineitem  (cost=16956.88..143677.54 rows=944044 width=13) (actual time=123.156..2084.954 rows=913487 loops=1)
                                             Recheck Cond: ((l_shipdate >= '1996-01-01'::date) AND (l_shipdate < '1997-01-01'::date))
                                             Heap Blocks: exact=104951
                                             ->  Bitmap Index Scan on idx_lineitem_shipdate  (cost=0.00..16720.87 rows=944044 width=0) (actual time=103.156..103.156 rows=913487 loops=1)
                                                   Index Cond: ((l_shipdate >= '1996-01-01'::date) AND (l_shipdate < '1997-01-01'::date))
                                 ->  Hash  (cost=6438.42..6438.42 rows=2020 width=4) (actual time=33.390..33.390 rows=2187 loops=1)
                                       Buckets: 4096 (originally 2048)  Batches: 1 (originally 1)  Memory Usage: 109kB
                                       ->  Index Only Scan using q20_idx_2 on part  (cost=0.42..6438.42 rows=2020 width=4) (actual time=0.020..32.649 rows=2187 loops=1)
                                             Filter: ((p_name)::text ~~ 'olive%'::text)
                                             Rows Removed by Filter: 197813
                                             Heap Fetches: 0
                           ->  Index Only Scan using q20_idx_1 on partsupp  (cost=0.42..1.14 rows=1 width=12) (actual time=0.044..0.044 rows=1 loops=5914)
                                 Index Cond: ((ps_partkey = lineitem.l_partkey) AND (ps_suppkey = lineitem.l_suppkey))
                                 Filter: ((ps_availqty)::numeric > ((0.5 * sum(lineitem.l_quantity))))
                                 Rows Removed by Filter: 0
                                 Heap Fetches: 0
 Planning Time: 28.203 ms
 Execution Time: 3692.277 ms
(39 rows)

SET
SET
SET
                                                                                       QUERY PLAN                                                                                       
----------------------------------------------------------------------------------------------------------------------------------------------------------------------------------------
 Limit  (cost=218591.21..218591.22 rows=1 width=51) (actual time=1377.474..1377.478 rows=1 loops=1)
   ->  Sort  (cost=218591.21..218591.22 rows=1 width=51) (actual time=1377.473..1377.476 rows=1 loops=1)
         Sort Key: supplier.s_name
         Sort Method: top-N heapsort  Memory: 25kB
         ->  Nested Loop Semi Join  (cost=194541.21..218591.20 rows=1 width=51) (actual time=1215.778..1377.284 rows=196 loops=1)
               Join Filter: (supplier.s_suppkey = lineitem.l_suppkey)
               Rows Removed by Join Filter: 1900820
               ->  Nested Loop  (cost=0.00..449.31 rows=400 width=55) (actual time=0.025..1.589 rows=438 loops=1)
                     Join Filter: (supplier.s_nationkey = nation.n_nationkey)
                     Rows Removed by Join Filter: 9562
                     ->  Seq Scan on nation  (cost=0.00..1.31 rows=1 width=4) (actual time=0.015..0.018 rows=1 loops=1)
                           Filter: (n_name = 'IRAQ'::bpchar)
                           Rows Removed by Filter: 24
                     ->  Seq Scan on supplier  (cost=0.00..323.00 rows=10000 width=59) (actual time=0.006..0.672 rows=10000 loops=1)
               ->  Materialize  (cost=194541.21..218135.89 rows=1 width=8) (actual time=1.643..2.917 rows=4340 loops=438)
                     ->  Nested Loop  (cost=194541.21..218135.89 rows=1 width=8) (actual time=719.544..1212.576 rows=5898 loops=1)
                           ->  Hash Join  (cost=194540.78..212427.22 rows=4967 width=44) (actual time=719.523..1194.216 rows=5914 loops=1)
                                 Hash Cond: (lineitem.l_partkey = part.p_partkey)
                                 ->  HashAggregate  (cost=188077.11..204672.66 rows=491758 width=40) (actual time=696.289..1133.942 rows=544869 loops=1)
                                       Group Key: lineitem.l_partkey, lineitem.l_suppkey
                                       Planned Partitions: 4  Batches: 5  Memory Usage: 65585kB  Disk Usage: 24072kB
                                       ->  Bitmap Heap Scan on lineitem  (cost=16956.88..143677.54 rows=944044 width=13) (actual time=85.677..299.218 rows=913487 loops=1)
                                             Recheck Cond: ((l_shipdate >= '1996-01-01'::date) AND (l_shipdate < '1997-01-01'::date))
                                             Heap Blocks: exact=104951
                                             ->  Bitmap Index Scan on idx_lineitem_shipdate  (cost=0.00..16720.87 rows=944044 width=0) (actual time=66.520..66.521 rows=913487 loops=1)
                                                   Index Cond: ((l_shipdate >= '1996-01-01'::date) AND (l_shipdate < '1997-01-01'::date))
                                 ->  Hash  (cost=6438.42..6438.42 rows=2020 width=4) (actual time=23.212..23.213 rows=2187 loops=1)
                                       Buckets: 4096 (originally 2048)  Batches: 1 (originally 1)  Memory Usage: 109kB
                                       ->  Index Only Scan using q20_idx_2 on part  (cost=0.42..6438.42 rows=2020 width=4) (actual time=0.020..22.678 rows=2187 loops=1)
                                             Filter: ((p_name)::text ~~ 'olive%'::text)
                                             Rows Removed by Filter: 197813
                                             Heap Fetches: 0
                           ->  Index Only Scan using q20_idx_1 on partsupp  (cost=0.42..1.14 rows=1 width=12) (actual time=0.003..0.003 rows=1 loops=5914)
                                 Index Cond: ((ps_partkey = lineitem.l_partkey) AND (ps_suppkey = lineitem.l_suppkey))
                                 Filter: ((ps_availqty)::numeric > ((0.5 * sum(lineitem.l_quantity))))
                                 Rows Removed by Filter: 0
                                 Heap Fetches: 0
 Planning Time: 2.362 ms
 Execution Time: 1382.037 ms
(39 rows)

query 21 run 1
SET
SET
SET
                                                                                              QUERY PLAN                                                                                              
------------------------------------------------------------------------------------------------------------------------------------------------------------------------------------------------------
 Limit  (cost=100222.13..100222.14 rows=1 width=34) (actual time=2865.587..2865.602 rows=100 loops=1)
   ->  Sort  (cost=100222.13..100222.14 rows=1 width=34) (actual time=2865.586..2865.594 rows=100 loops=1)
         Sort Key: (count(*)) DESC, supplier.s_name
         Sort Method: top-N heapsort  Memory: 36kB
         ->  GroupAggregate  (cost=100222.10..100222.12 rows=1 width=34) (actual time=2864.565..2865.186 rows=421 loops=1)
               Group Key: supplier.s_name
               ->  Sort  (cost=100222.10..100222.11 rows=1 width=26) (actual time=2864.556..2864.723 rows=4227 loops=1)
                     Sort Key: supplier.s_name
                     Sort Method: quicksort  Memory: 193kB
                     ->  Nested Loop Semi Join  (cost=50461.68..100222.09 rows=1 width=26) (actual time=1408.288..2851.183 rows=4227 loops=1)
                           Join Filter: (l2.l_suppkey <> l1.l_suppkey)
                           Rows Removed by Join Filter: 2768
                           ->  Nested Loop  (cost=50461.25..100219.66 rows=1 width=38) (actual time=1407.656..1858.394 rows=6909 loops=1)
                                 ->  Hash Right Anti Join  (cost=50460.82..100217.30 rows=1 width=34) (actual time=1407.098..1419.367 rows=14289 loops=1)
                                       Hash Cond: (l3.l_orderkey = l1.l_orderkey)
                                       Join Filter: (l3.l_suppkey <> l1.l_suppkey)
                                       Rows Removed by Join Filter: 159195
                                       ->  Index Only Scan using q21_idx_2 on lineitem l3  (cost=0.43..40923.60 rows=2000478 width=8) (actual time=0.023..338.758 rows=3793296 loops=1)
                                             Heap Fetches: 0
                                       ->  Hash  (cost=49461.76..49461.76 rows=79891 width=34) (actual time=714.662..714.664 rows=159165 loops=1)
                                             Buckets: 262144 (originally 131072)  Batches: 1 (originally 1)  Memory Usage: 12618kB
                                             ->  Hash Join  (cost=237.88..49461.76 rows=79891 width=34) (actual time=5.973..682.981 rows=159165 loops=1)
                                                   Hash Cond: (l1.l_suppkey = supplier.s_suppkey)
                                                   ->  Index Only Scan using q21_idx_2 on lineitem l1  (cost=0.43..40923.60 rows=2000478 width=8) (actual time=0.275..420.751 rows=3793296 loops=1)
                                                         Heap Fetches: 0
                                                   ->  Hash  (cost=232.45..232.45 rows=400 width=30) (actual time=5.683..5.684 rows=421 loops=1)
                                                         Buckets: 1024  Batches: 1  Memory Usage: 35kB
                                                         ->  Nested Loop  (cost=5.38..232.45 rows=400 width=30) (actual time=1.024..5.565 rows=421 loops=1)
                                                               ->  Seq Scan on nation  (cost=0.00..1.31 rows=1 width=4) (actual time=0.185..0.187 rows=1 loops=1)
                                                                     Filter: (n_name = 'PERU'::bpchar)
                                                                     Rows Removed by Filter: 24
                                                               ->  Bitmap Heap Scan on supplier  (cost=5.38..227.14 rows=400 width=34) (actual time=0.835..5.298 rows=421 loops=1)
                                                                     Recheck Cond: (s_nationkey = nation.n_nationkey)
                                                                     Heap Blocks: exact=184
                                                                     ->  Bitmap Index Scan on idx_supplier_nation_key  (cost=0.00..5.29 rows=400 width=0) (actual time=0.464..0.464 rows=421 loops=1)
                                                                           Index Cond: (s_nationkey = nation.n_nationkey)
                                 ->  Index Only Scan using q21_idx_3 on orders  (cost=0.43..2.36 rows=1 width=4) (actual time=0.030..0.030 rows=0 loops=14289)
                                       Index Cond: ((o_orderkey = l1.l_orderkey) AND (o_orderstatus = 'F'::bpchar))
                                       Heap Fetches: 0
                           ->  Index Only Scan using q21_idx_1 on lineitem l2  (cost=0.43..2.42 rows=4 width=8) (actual time=0.142..0.143 rows=1 loops=6909)
                                 Index Cond: (l_orderkey = orders.o_orderkey)
                                 Heap Fetches: 0
 Planning Time: 28.062 ms
 Execution Time: 2866.518 ms
(44 rows)

SET
SET
SET
                                                                                              QUERY PLAN                                                                                              
------------------------------------------------------------------------------------------------------------------------------------------------------------------------------------------------------
 Limit  (cost=100222.13..100222.14 rows=1 width=34) (actual time=1399.517..1399.532 rows=100 loops=1)
   ->  Sort  (cost=100222.13..100222.14 rows=1 width=34) (actual time=1399.516..1399.524 rows=100 loops=1)
         Sort Key: (count(*)) DESC, supplier.s_name
         Sort Method: top-N heapsort  Memory: 36kB
         ->  GroupAggregate  (cost=100222.10..100222.12 rows=1 width=34) (actual time=1398.507..1399.120 rows=421 loops=1)
               Group Key: supplier.s_name
               ->  Sort  (cost=100222.10..100222.11 rows=1 width=26) (actual time=1398.498..1398.665 rows=4227 loops=1)
                     Sort Key: supplier.s_name
                     Sort Method: quicksort  Memory: 193kB
                     ->  Nested Loop Semi Join  (cost=50461.68..100222.09 rows=1 width=26) (actual time=1325.004..1386.746 rows=4227 loops=1)
                           Join Filter: (l2.l_suppkey <> l1.l_suppkey)
                           Rows Removed by Join Filter: 2768
                           ->  Nested Loop  (cost=50461.25..100219.66 rows=1 width=38) (actual time=1324.995..1366.806 rows=6909 loops=1)
                                 ->  Hash Right Anti Join  (cost=50460.82..100217.30 rows=1 width=34) (actual time=1324.978..1331.431 rows=14289 loops=1)
                                       Hash Cond: (l3.l_orderkey = l1.l_orderkey)
                                       Join Filter: (l3.l_suppkey <> l1.l_suppkey)
                                       Rows Removed by Join Filter: 159195
                                       ->  Index Only Scan using q21_idx_2 on lineitem l3  (cost=0.43..40923.60 rows=2000478 width=8) (actual time=0.021..340.108 rows=3793296 loops=1)
                                             Heap Fetches: 0
                                       ->  Hash  (cost=49461.76..49461.76 rows=79891 width=34) (actual time=624.231..624.233 rows=159165 loops=1)
                                             Buckets: 262144 (originally 131072)  Batches: 1 (originally 1)  Memory Usage: 12618kB
                                             ->  Hash Join  (cost=237.88..49461.76 rows=79891 width=34) (actual time=0.436..596.474 rows=159165 loops=1)
                                                   Hash Cond: (l1.l_suppkey = supplier.s_suppkey)
                                                   ->  Index Only Scan using q21_idx_2 on lineitem l1  (cost=0.43..40923.60 rows=2000478 width=8) (actual time=0.020..344.158 rows=3793296 loops=1)
                                                         Heap Fetches: 0
                                                   ->  Hash  (cost=232.45..232.45 rows=400 width=30) (actual time=0.405..0.407 rows=421 loops=1)
                                                         Buckets: 1024  Batches: 1  Memory Usage: 35kB
                                                         ->  Nested Loop  (cost=5.38..232.45 rows=400 width=30) (actual time=0.052..0.349 rows=421 loops=1)
                                                               ->  Seq Scan on nation  (cost=0.00..1.31 rows=1 width=4) (actual time=0.010..0.012 rows=1 loops=1)
                                                                     Filter: (n_name = 'PERU'::bpchar)
                                                                     Rows Removed by Filter: 24
                                                               ->  Bitmap Heap Scan on supplier  (cost=5.38..227.14 rows=400 width=34) (actual time=0.040..0.293 rows=421 loops=1)
                                                                     Recheck Cond: (s_nationkey = nation.n_nationkey)
                                                                     Heap Blocks: exact=184
                                                                     ->  Bitmap Index Scan on idx_supplier_nation_key  (cost=0.00..5.29 rows=400 width=0) (actual time=0.020..0.020 rows=421 loops=1)
                                                                           Index Cond: (s_nationkey = nation.n_nationkey)
                                 ->  Index Only Scan using q21_idx_3 on orders  (cost=0.43..2.36 rows=1 width=4) (actual time=0.002..0.002 rows=0 loops=14289)
                                       Index Cond: ((o_orderkey = l1.l_orderkey) AND (o_orderstatus = 'F'::bpchar))
                                       Heap Fetches: 0
                           ->  Index Only Scan using q21_idx_1 on lineitem l2  (cost=0.43..2.42 rows=4 width=8) (actual time=0.003..0.003 rows=1 loops=6909)
                                 Index Cond: (l_orderkey = orders.o_orderkey)
                                 Heap Fetches: 0
 Planning Time: 3.054 ms
 Execution Time: 1399.638 ms
(44 rows)

query 22 run 1
SET
SET
SET
                                                                         QUERY PLAN                                                                          
-------------------------------------------------------------------------------------------------------------------------------------------------------------
 Limit  (cost=16129.14..16129.16 rows=1 width=72) (actual time=191.197..191.199 rows=1 loops=1)
   InitPlan 1
     ->  Aggregate  (cost=7546.43..7546.44 rows=1 width=32) (actual time=91.026..91.026 rows=1 loops=1)
           ->  Seq Scan on customer customer_1  (cost=0.00..7534.50 rows=4772 width=6) (actual time=0.018..87.787 rows=38017 loops=1)
                 Filter: ((c_acctbal > 0.00) AND (SUBSTRING(c_phone FROM 1 FOR 2) = ANY ('{21,29,26,34,14,15,17}'::text[])))
                 Rows Removed by Filter: 111983
   ->  GroupAggregate  (cost=8582.69..8603.07 rows=741 width=72) (actual time=191.196..191.197 rows=1 loops=1)
         Group Key: (SUBSTRING(customer.c_phone FROM 1 FOR 2))
         ->  Sort  (cost=8582.69..8584.55 rows=741 width=38) (actual time=190.979..191.023 rows=952 loops=1)
               Sort Key: (SUBSTRING(customer.c_phone FROM 1 FOR 2))
               Sort Method: quicksort  Memory: 392kB
               ->  Nested Loop Anti Join  (cost=0.43..8547.37 rows=741 width=38) (actual time=91.599..188.380 rows=6397 loops=1)
                     ->  Seq Scan on customer  (cost=0.00..7534.50 rows=1750 width=26) (actual time=91.581..143.599 rows=19077 loops=1)
                           Filter: ((c_acctbal > (InitPlan 1).col1) AND (SUBSTRING(c_phone FROM 1 FOR 2) = ANY ('{21,29,26,34,14,15,17}'::text[])))
                           Rows Removed by Filter: 130923
                     ->  Index Only Scan using idx_orders_custkey on orders  (cost=0.43..2.00 rows=17 width=4) (actual time=0.002..0.002 rows=1 loops=19077)
                           Index Cond: (o_custkey = customer.c_custkey)
                           Heap Fetches: 0
 Planning Time: 15.371 ms
 Execution Time: 191.956 ms
(20 rows)

SET
SET
SET
                                                                         QUERY PLAN                                                                          
-------------------------------------------------------------------------------------------------------------------------------------------------------------
 Limit  (cost=16129.14..16129.16 rows=1 width=72) (actual time=155.930..155.932 rows=1 loops=1)
   InitPlan 1
     ->  Aggregate  (cost=7546.43..7546.44 rows=1 width=32) (actual time=72.729..72.729 rows=1 loops=1)
           ->  Seq Scan on customer customer_1  (cost=0.00..7534.50 rows=4772 width=6) (actual time=0.008..69.572 rows=38017 loops=1)
                 Filter: ((c_acctbal > 0.00) AND (SUBSTRING(c_phone FROM 1 FOR 2) = ANY ('{21,29,26,34,14,15,17}'::text[])))
                 Rows Removed by Filter: 111983
   ->  GroupAggregate  (cost=8582.69..8603.07 rows=741 width=72) (actual time=155.929..155.929 rows=1 loops=1)
         Group Key: (SUBSTRING(customer.c_phone FROM 1 FOR 2))
         ->  Sort  (cost=8582.69..8584.55 rows=741 width=38) (actual time=155.731..155.768 rows=952 loops=1)
               Sort Key: (SUBSTRING(customer.c_phone FROM 1 FOR 2))
               Sort Method: quicksort  Memory: 392kB
               ->  Nested Loop Anti Join  (cost=0.43..8547.37 rows=741 width=38) (actual time=72.770..154.141 rows=6397 loops=1)
                     ->  Seq Scan on customer  (cost=0.00..7534.50 rows=1750 width=26) (actual time=72.754..122.606 rows=19077 loops=1)
                           Filter: ((c_acctbal > (InitPlan 1).col1) AND (SUBSTRING(c_phone FROM 1 FOR 2) = ANY ('{21,29,26,34,14,15,17}'::text[])))
                           Rows Removed by Filter: 130923
                     ->  Index Only Scan using idx_orders_custkey on orders  (cost=0.43..2.00 rows=17 width=4) (actual time=0.001..0.001 rows=1 loops=19077)
                           Index Cond: (o_custkey = customer.c_custkey)
                           Heap Fetches: 0
 Planning Time: 1.110 ms
 Execution Time: 155.976 ms
(20 rows)

