query 1 run 1
SET
SET
                                           QUERY PLAN                                           
------------------------------------------------------------------------------------------------
 Limit  (cost=424893.54..424893.55 rows=1 width=25)
   ->  Sort  (cost=424893.54..424893.56 rows=6 width=25)
         Sort Key: l_returnflag, l_linestatus
         ->  HashAggregate  (cost=424893.35..424893.51 rows=6 width=25)
               Group Key: l_returnflag, l_linestatus
               ->  Seq Scan on lineitem  (cost=0.00..187573.79 rows=5932989 width=25)
                     Filter: (l_shipdate <= '1998-09-10 00:00:00'::timestamp without time zone)
(7 rows)

query 2 run 1
SET
SET
                                                                          QUERY PLAN                                                                          
--------------------------------------------------------------------------------------------------------------------------------------------------------------
 Limit  (cost=19360.01..19360.01 rows=1 width=192)
   ->  Sort  (cost=19360.01..19360.01 rows=1 width=192)
         Sort Key: supplier.s_acctbal DESC, nation.n_name, supplier.s_name, part.p_partkey
         ->  Nested Loop  (cost=15.16..19360.00 rows=1 width=192)
               Join Filter: (nation.n_nationkey = supplier.s_nationkey)
               ->  Nested Loop  (cost=0.00..2.62 rows=5 width=30)
                     Join Filter: (nation.n_regionkey = region.r_regionkey)
                     ->  Seq Scan on region  (cost=0.00..1.06 rows=1 width=4)
                           Filter: (r_name = 'AMERICA'::bpchar)
                     ->  Seq Scan on nation  (cost=0.00..1.25 rows=25 width=34)
               ->  Materialize  (cost=15.16..19357.30 rows=1 width=170)
                     ->  Nested Loop  (cost=15.16..19357.29 rows=1 width=170)
                           ->  Nested Loop  (cost=14.88..19356.01 rows=1 width=34)
                                 ->  Index Only Scan using q2_idx_1 on part  (cost=0.42..5472.67 rows=853 width=30)
                                       Index Cond: (p_size = 16)
                                       Filter: ((p_type)::text ~~ '%NICKEL'::text)
                                 ->  Index Only Scan using q2_idx_2 on partsupp  (cost=14.46..16.27 rows=1 width=14)
                                       Index Cond: ((ps_partkey = part.p_partkey) AND (ps_supplycost = (SubPlan 1)))
                                       SubPlan 1
                                         ->  Aggregate  (cost=14.02..14.03 rows=1 width=6)
                                               ->  Nested Loop  (cost=0.97..14.02 rows=1 width=6)
                                                     Join Filter: (nation_1.n_regionkey = region_1.r_regionkey)
                                                     ->  Seq Scan on region region_1  (cost=0.00..1.06 rows=1 width=4)
                                                           Filter: (r_name = 'AMERICA'::bpchar)
                                                     ->  Nested Loop  (cost=0.97..12.91 rows=4 width=10)
                                                           ->  Nested Loop  (cost=0.83..12.24 rows=4 width=10)
                                                                 ->  Index Only Scan using q2_idx_2 on partsupp partsupp_1  (cost=0.42..2.49 rows=4 width=10)
                                                                       Index Cond: (ps_partkey = part.p_partkey)
                                                                 ->  Index Only Scan using q2_idx_3 on supplier supplier_1  (cost=0.41..2.43 rows=1 width=8)
                                                                       Index Cond: (s_suppkey = partsupp_1.ps_suppkey)
                                                           ->  Index Scan using nation_pkey on nation nation_1  (cost=0.14..0.16 rows=1 width=8)
                                                                 Index Cond: (n_nationkey = supplier_1.s_nationkey)
                           ->  Index Scan using supplier_pkey on supplier  (cost=0.29..1.27 rows=1 width=144)
                                 Index Cond: (s_suppkey = partsupp.ps_suppkey)
(34 rows)

query 3 run 1
SET
SET
                                                     QUERY PLAN                                                      
---------------------------------------------------------------------------------------------------------------------
 Limit  (cost=306037.10..306037.12 rows=10 width=24)
   ->  Sort  (cost=306037.10..306844.18 rows=322831 width=24)
         Sort Key: (sum((lineitem.l_extendedprice * ('1'::numeric - lineitem.l_discount)))) DESC, orders.o_orderdate
         ->  GroupAggregate  (cost=289375.91..299060.84 rows=322831 width=24)
               Group Key: lineitem.l_orderkey, orders.o_orderdate, orders.o_shippriority
               ->  Sort  (cost=289375.91..290182.99 rows=322831 width=24)
                     Sort Key: lineitem.l_orderkey, orders.o_orderdate, orders.o_shippriority
                     ->  Hash Join  (cost=56802.01..259836.19 rows=322831 width=24)
                           Hash Cond: (lineitem.l_orderkey = orders.o_orderkey)
                           ->  Seq Scan on lineitem  (cost=0.00..187573.79 rows=3261890 width=16)
                                 Filter: (l_shipdate > '1995-03-07'::date)
                           ->  Hash  (cost=54945.97..54945.97 rows=148483 width=12)
                                 ->  Hash Join  (cost=5855.12..54945.97 rows=148483 width=12)
                                       Hash Cond: (orders.o_custkey = customer.c_custkey)
                                       ->  Seq Scan on orders  (cost=0.00..44881.00 rows=726671 width=16)
                                             Filter: (o_orderdate < '1995-03-07'::date)
                                       ->  Hash  (cost=5472.00..5472.00 rows=30650 width=4)
                                             ->  Seq Scan on customer  (cost=0.00..5472.00 rows=30650 width=4)
                                                   Filter: (c_mktsegment = 'BUILDING'::bpchar)
(19 rows)

query 4 run 1
SET
SET
                                                           QUERY PLAN                                                           
--------------------------------------------------------------------------------------------------------------------------------
 Limit  (cost=122410.35..122410.35 rows=1 width=16)
   ->  Sort  (cost=122410.35..122410.35 rows=1 width=16)
         Sort Key: orders.o_orderpriority
         ->  HashAggregate  (cost=122410.33..122410.34 rows=1 width=16)
               Group Key: orders.o_orderpriority
               ->  Merge Semi Join  (cost=32578.13..122117.24 rows=58618 width=16)
                     Merge Cond: (orders.o_orderkey = lineitem.l_orderkey)
                     ->  Sort  (cost=32575.80..32722.35 rows=58618 width=20)
                           Sort Key: orders.o_orderkey
                           ->  Bitmap Heap Scan on orders  (cost=923.26..27933.53 rows=58618 width=20)
                                 Recheck Cond: ((o_orderdate >= '1993-12-01'::date) AND (o_orderdate < '1994-03-01'::date))
                                 ->  Bitmap Index Scan on idx_orders_orderdate  (cost=0.00..908.61 rows=58618 width=0)
                                       Index Cond: ((o_orderdate >= '1993-12-01'::date) AND (o_orderdate < '1994-03-01'::date))
                     ->  Index Scan using q4_idx_1 on lineitem  (cost=0.43..83465.87 rows=2000368 width=4)
(14 rows)

query 5 run 1
SET
SET
                                                              QUERY PLAN                                                              
--------------------------------------------------------------------------------------------------------------------------------------
 Limit  (cost=158064.63..158064.63 rows=1 width=38)
   ->  Sort  (cost=158064.63..158064.69 rows=25 width=38)
         Sort Key: (sum((lineitem.l_extendedprice * ('1'::numeric - lineitem.l_discount)))) DESC
         ->  HashAggregate  (cost=158064.19..158064.50 rows=25 width=38)
               Group Key: nation.n_name
               ->  Hash Join  (cost=10467.16..157989.89 rows=7430 width=38)
                     Hash Cond: ((lineitem.l_suppkey = supplier.s_suppkey) AND (customer.c_nationkey = supplier.s_nationkey))
                     ->  Nested Loop  (cost=9994.16..156049.34 rows=185767 width=50)
                           ->  Hash Join  (cost=9993.60..40942.94 rows=46442 width=38)
                                 Hash Cond: (orders.o_custkey = customer.c_custkey)
                                 ->  Bitmap Heap Scan on orders  (cost=3656.57..33270.70 rows=232209 width=8)
                                       Recheck Cond: ((o_orderdate >= '1993-01-01'::date) AND (o_orderdate < '1994-01-01'::date))
                                       ->  Bitmap Index Scan on idx_orders_orderdate  (cost=0.00..3598.52 rows=232209 width=0)
                                             Index Cond: ((o_orderdate >= '1993-01-01'::date) AND (o_orderdate < '1994-01-01'::date))
                                 ->  Hash  (cost=5962.03..5962.03 rows=30000 width=38)
                                       ->  Hash Join  (cost=2.53..5962.03 rows=30000 width=38)
                                             Hash Cond: (customer.c_nationkey = nation.n_nationkey)
                                             ->  Seq Scan on customer  (cost=0.00..5097.00 rows=150000 width=8)
                                             ->  Hash  (cost=2.47..2.47 rows=5 width=30)
                                                   ->  Hash Join  (cost=1.07..2.47 rows=5 width=30)
                                                         Hash Cond: (nation.n_regionkey = region.r_regionkey)
                                                         ->  Seq Scan on nation  (cost=0.00..1.25 rows=25 width=34)
                                                         ->  Hash  (cost=1.06..1.06 rows=1 width=4)
                                                               ->  Seq Scan on region  (cost=0.00..1.06 rows=1 width=4)
                                                                     Filter: (r_name = 'AMERICA'::bpchar)
                           ->  Index Only Scan using q5_idx_1 on lineitem  (cost=0.56..2.44 rows=4 width=20)
                                 Index Cond: (l_orderkey = orders.o_orderkey)
                     ->  Hash  (cost=323.00..323.00 rows=10000 width=8)
                           ->  Seq Scan on supplier  (cost=0.00..323.00 rows=10000 width=8)
(29 rows)

query 6 run 1
SET
SET
                                                                                                          QUERY PLAN                                                                                                           
-------------------------------------------------------------------------------------------------------------------------------------------------------------------------------------------------------------------------------
 Limit  (cost=118476.56..118476.57 rows=1 width=12)
   ->  Aggregate  (cost=118476.56..118476.57 rows=1 width=12)
         ->  Bitmap Heap Scan on lineitem  (cost=23372.70..117868.88 rows=121535 width=12)
               Recheck Cond: ((l_shipdate >= '1993-01-01'::date) AND (l_shipdate < '1994-01-01 00:00:00'::timestamp without time zone) AND (l_discount >= 0.06) AND (l_discount <= 0.08) AND (l_quantity < '25'::numeric))
               ->  Bitmap Index Scan on idx_lineitem_shipdate  (cost=0.00..23342.32 rows=121535 width=0)
                     Index Cond: ((l_shipdate >= '1993-01-01'::date) AND (l_shipdate < '1994-01-01 00:00:00'::timestamp without time zone) AND (l_discount >= 0.06) AND (l_discount <= 0.08) AND (l_quantity < '25'::numeric))
(6 rows)

query 7 run 1
SET
SET
                                                                                 QUERY PLAN                                                                                  
-----------------------------------------------------------------------------------------------------------------------------------------------------------------------------
 Limit  (cost=238326.85..238326.86 rows=1 width=68)
   ->  Sort  (cost=238326.85..238334.55 rows=3078 width=68)
         Sort Key: n1.n_name, n2.n_name, (date_part('year'::text, (lineitem.l_shipdate)::timestamp without time zone))
         ->  HashAggregate  (cost=238257.60..238311.46 rows=3078 width=68)
               Group Key: n1.n_name, n2.n_name, date_part('year'::text, (lineitem.l_shipdate)::timestamp without time zone)
               ->  Hash Join  (cost=88807.55..238165.71 rows=6126 width=68)
                     Hash Cond: (lineitem.l_suppkey = supplier.s_suppkey)
                     Join Filter: (((n1.n_name = 'PERU'::bpchar) AND (n2.n_name = 'MOROCCO'::bpchar)) OR ((n1.n_name = 'MOROCCO'::bpchar) AND (n2.n_name = 'PERU'::bpchar)))
                     ->  Hash Join  (cost=88427.65..236967.61 rows=147207 width=46)
                           Hash Cond: (lineitem.l_orderkey = orders.o_orderkey)
                           ->  Bitmap Heap Scan on lineitem  (cost=33040.75..173207.06 rows=1840421 width=24)
                                 Recheck Cond: ((l_shipdate >= '1995-01-01'::date) AND (l_shipdate <= '1996-12-31'::date))
                                 ->  Bitmap Index Scan on idx_lineitem_shipdate  (cost=0.00..32580.64 rows=1840421 width=0)
                                       Index Cond: ((l_shipdate >= '1995-01-01'::date) AND (l_shipdate <= '1996-12-31'::date))
                           ->  Hash  (cost=53886.90..53886.90 rows=120000 width=30)
                                 ->  Hash Join  (cost=5930.90..53886.90 rows=120000 width=30)
                                       Hash Cond: (orders.o_custkey = customer.c_custkey)
                                       ->  Seq Scan on orders  (cost=0.00..41131.00 rows=1500000 width=8)
                                       ->  Hash  (cost=5780.90..5780.90 rows=12000 width=30)
                                             ->  Hash Join  (cost=1.40..5780.90 rows=12000 width=30)
                                                   Hash Cond: (customer.c_nationkey = n2.n_nationkey)
                                                   ->  Seq Scan on customer  (cost=0.00..5097.00 rows=150000 width=8)
                                                   ->  Hash  (cost=1.38..1.38 rows=2 width=30)
                                                         ->  Seq Scan on nation n2  (cost=0.00..1.38 rows=2 width=30)
                                                               Filter: ((n_name = 'MOROCCO'::bpchar) OR (n_name = 'PERU'::bpchar))
                     ->  Hash  (cost=369.90..369.90 rows=800 width=30)
                           ->  Hash Join  (cost=1.40..369.90 rows=800 width=30)
                                 Hash Cond: (supplier.s_nationkey = n1.n_nationkey)
                                 ->  Seq Scan on supplier  (cost=0.00..323.00 rows=10000 width=8)
                                 ->  Hash  (cost=1.38..1.38 rows=2 width=30)
                                       ->  Seq Scan on nation n1  (cost=0.00..1.38 rows=2 width=30)
                                             Filter: ((n_name = 'PERU'::bpchar) OR (n_name = 'MOROCCO'::bpchar))
(32 rows)

query 8 run 1
SET
SET
                                                                    QUERY PLAN                                                                     
---------------------------------------------------------------------------------------------------------------------------------------------------
 Limit  (cost=61007.71..61007.71 rows=1 width=42)
   ->  Sort  (cost=61007.71..61009.54 rows=734 width=42)
         Sort Key: (date_part('year'::text, (orders.o_orderdate)::timestamp without time zone))
         ->  HashAggregate  (cost=60987.52..61004.04 rows=734 width=42)
               Group Key: date_part('year'::text, (orders.o_orderdate)::timestamp without time zone)
               ->  Hash Join  (cost=50754.79..60938.74 rows=2439 width=42)
                     Hash Cond: (supplier.s_nationkey = n2.n_nationkey)
                     ->  Hash Join  (cost=50753.23..60891.45 rows=2439 width=20)
                           Hash Cond: (lineitem.l_suppkey = supplier.s_suppkey)
                           ->  Hash Join  (cost=50305.23..60409.91 rows=2439 width=20)
                                 Hash Cond: (lineitem.l_orderkey = orders.o_orderkey)
                                 ->  Nested Loop  (cost=0.98..9931.28 rows=39997 width=20)
                                       ->  Index Only Scan using q2_idx_1 on part  (cost=0.42..5435.75 rows=1333 width=4)
                                             Index Cond: (p_type = 'LARGE POLISHED BRASS'::text)
                                       ->  Index Only Scan using q8_idx_1 on lineitem  (cost=0.56..3.06 rows=31 width=24)
                                             Index Cond: (l_partkey = part.p_partkey)
                                 ->  Hash  (cost=49160.69..49160.69 rows=91485 width=8)
                                       ->  Hash Join  (cost=13538.09..49160.69 rows=91485 width=8)
                                             Hash Cond: (orders.o_custkey = customer.c_custkey)
                                             ->  Bitmap Heap Scan on orders  (cost=7201.05..40193.46 rows=457427 width=12)
                                                   Recheck Cond: ((o_orderdate >= '1995-01-01'::date) AND (o_orderdate <= '1996-12-31'::date))
                                                   ->  Bitmap Index Scan on idx_orders_orderdate  (cost=0.00..7086.70 rows=457427 width=0)
                                                         Index Cond: ((o_orderdate >= '1995-01-01'::date) AND (o_orderdate <= '1996-12-31'::date))
                                             ->  Hash  (cost=5962.03..5962.03 rows=30000 width=4)
                                                   ->  Hash Join  (cost=2.53..5962.03 rows=30000 width=4)
                                                         Hash Cond: (customer.c_nationkey = n1.n_nationkey)
                                                         ->  Seq Scan on customer  (cost=0.00..5097.00 rows=150000 width=8)
                                                         ->  Hash  (cost=2.47..2.47 rows=5 width=4)
                                                               ->  Hash Join  (cost=1.07..2.47 rows=5 width=4)
                                                                     Hash Cond: (n1.n_regionkey = region.r_regionkey)
                                                                     ->  Seq Scan on nation n1  (cost=0.00..1.25 rows=25 width=8)
                                                                     ->  Hash  (cost=1.06..1.06 rows=1 width=4)
                                                                           ->  Seq Scan on region  (cost=0.00..1.06 rows=1 width=4)
                                                                                 Filter: (r_name = 'AMERICA'::bpchar)
                           ->  Hash  (cost=323.00..323.00 rows=10000 width=8)
                                 ->  Seq Scan on supplier  (cost=0.00..323.00 rows=10000 width=8)
                     ->  Hash  (cost=1.25..1.25 rows=25 width=30)
                           ->  Seq Scan on nation n2  (cost=0.00..1.25 rows=25 width=30)
(38 rows)

query 9 run 1
SET
SET
                                                            QUERY PLAN                                                            
----------------------------------------------------------------------------------------------------------------------------------
 Limit  (cost=56200.62..56200.66 rows=1 width=53)
   ->  GroupAggregate  (cost=56200.62..56203.24 rows=70 width=53)
         Group Key: nation.n_name, (date_part('year'::text, (orders.o_orderdate)::timestamp without time zone))
         ->  Sort  (cost=56200.62..56200.79 rows=70 width=53)
               Sort Key: nation.n_name, (date_part('year'::text, (orders.o_orderdate)::timestamp without time zone)) DESC
               ->  Nested Loop  (cost=3.22..56198.47 rows=70 width=53)
                     Join Filter: (supplier.s_nationkey = nation.n_nationkey)
                     ->  Nested Loop  (cost=3.22..56170.56 rows=70 width=31)
                           ->  Nested Loop  (cost=2.80..55886.59 rows=70 width=31)
                                 ->  Merge Join  (cost=2.39..55730.32 rows=70 width=35)
                                       Merge Cond: (lineitem.l_partkey = partsupp.ps_partkey)
                                       Join Filter: (lineitem.l_suppkey = partsupp.ps_suppkey)
                                       ->  Nested Loop  (cost=0.98..26378.43 rows=181863 width=33)
                                             ->  Index Only Scan using q20_idx_2 on part  (cost=0.42..6454.42 rows=6061 width=4)
                                                   Filter: ((p_name)::text ~~ '%navy%'::text)
                                             ->  Index Only Scan using q9_idx_1 on lineitem  (cost=0.56..2.98 rows=31 width=29)
                                                   Index Cond: (l_partkey = part.p_partkey)
                                       ->  Index Only Scan using q2_idx_2 on partsupp  (cost=0.42..18168.42 rows=800000 width=14)
                                 ->  Index Only Scan using q2_idx_3 on supplier  (cost=0.41..2.22 rows=1 width=8)
                                       Index Cond: (s_suppkey = lineitem.l_suppkey)
                           ->  Index Scan using q21_idx_3 on orders  (cost=0.43..4.05 rows=1 width=8)
                                 Index Cond: (o_orderkey = lineitem.l_orderkey)
                     ->  Materialize  (cost=0.00..1.38 rows=25 width=30)
                           ->  Seq Scan on nation  (cost=0.00..1.25 rows=25 width=30)
(24 rows)

query 10 run 1
SET
SET
                                                                        QUERY PLAN                                                                         
-----------------------------------------------------------------------------------------------------------------------------------------------------------
 Limit  (cost=165713.02..165713.07 rows=20 width=182)
   ->  Sort  (cost=165713.02..165852.52 rows=55800 width=182)
         Sort Key: (sum((lineitem.l_extendedprice * ('1'::numeric - lineitem.l_discount)))) DESC
         ->  HashAggregate  (cost=163530.70..164228.20 rows=55800 width=182)
               Group Key: customer.c_custkey, customer.c_name, customer.c_acctbal, customer.c_phone, nation.n_name, customer.c_address, customer.c_comment
               ->  Hash Join  (cost=35570.47..162135.70 rows=55800 width=182)
                     Hash Cond: (customer.c_nationkey = nation.n_nationkey)
                     ->  Hash Join  (cost=35568.90..161366.89 rows=55800 width=160)
                           Hash Cond: (orders.o_custkey = customer.c_custkey)
                           ->  Hash Join  (cost=28596.90..153627.64 rows=55800 width=16)
                                 Hash Cond: (lineitem.l_orderkey = orders.o_orderkey)
                                 ->  Index Only Scan using q10_idx_2 on lineitem  (cost=0.56..118963.53 rows=1469270 width=16)
                                       Index Cond: (l_returnflag = 'R'::bpchar)
                                 ->  Hash  (cost=27884.12..27884.12 rows=56978 width=8)
                                       ->  Bitmap Heap Scan on orders  (cost=898.45..27884.12 rows=56978 width=8)
                                             Recheck Cond: ((o_orderdate >= '1994-08-01'::date) AND (o_orderdate < '1994-11-01'::date))
                                             ->  Bitmap Index Scan on idx_orders_orderdate  (cost=0.00..884.21 rows=56978 width=0)
                                                   Index Cond: ((o_orderdate >= '1994-08-01'::date) AND (o_orderdate < '1994-11-01'::date))
                           ->  Hash  (cost=5097.00..5097.00 rows=150000 width=148)
                                 ->  Seq Scan on customer  (cost=0.00..5097.00 rows=150000 width=148)
                     ->  Hash  (cost=1.25..1.25 rows=25 width=30)
                           ->  Seq Scan on nation  (cost=0.00..1.25 rows=25 width=30)
(22 rows)

query 11 run 1
SET
SET
                                                      QUERY PLAN                                                       
-----------------------------------------------------------------------------------------------------------------------
 Limit  (cost=29295.21..29295.21 rows=1 width=14)
   InitPlan 1 (returns $2)
     ->  Aggregate  (cost=14020.17..14020.18 rows=1 width=10)
           ->  Nested Loop  (cost=7.81..13780.17 rows=32000 width=10)
                 ->  Nested Loop  (cost=7.38..234.45 rows=400 width=4)
                       ->  Seq Scan on nation nation_1  (cost=0.00..1.31 rows=1 width=4)
                             Filter: (n_name = 'SAUDI ARABIA'::bpchar)
                       ->  Bitmap Heap Scan on supplier supplier_1  (cost=7.38..229.14 rows=400 width=8)
                             Recheck Cond: (s_nationkey = nation_1.n_nationkey)
                             ->  Bitmap Index Scan on idx_supplier_nation_key  (cost=0.00..7.29 rows=400 width=0)
                                   Index Cond: (s_nationkey = nation_1.n_nationkey)
                 ->  Index Scan using idx_partsupp_suppkey on partsupp partsupp_1  (cost=0.42..33.06 rows=80 width=14)
                       Index Cond: (ps_suppkey = supplier_1.s_suppkey)
   ->  Sort  (cost=15275.03..15355.03 rows=32000 width=14)
         Sort Key: (sum((partsupp.ps_supplycost * (partsupp.ps_availqty)::numeric))) DESC
         ->  HashAggregate  (cost=14555.03..15115.03 rows=32000 width=14)
               Group Key: partsupp.ps_partkey
               Filter: (sum((partsupp.ps_supplycost * (partsupp.ps_availqty)::numeric)) > $2)
               ->  Nested Loop  (cost=0.42..13995.03 rows=32000 width=14)
                     ->  Nested Loop  (cost=0.00..449.31 rows=400 width=4)
                           Join Filter: (supplier.s_nationkey = nation.n_nationkey)
                           ->  Seq Scan on nation  (cost=0.00..1.31 rows=1 width=4)
                                 Filter: (n_name = 'SAUDI ARABIA'::bpchar)
                           ->  Seq Scan on supplier  (cost=0.00..323.00 rows=10000 width=8)
                     ->  Index Scan using idx_partsupp_suppkey on partsupp  (cost=0.42..33.06 rows=80 width=18)
                           Index Cond: (ps_suppkey = supplier.s_suppkey)
(26 rows)

query 12 run 1
SET
SET
                                                                                     QUERY PLAN                                                                                     
------------------------------------------------------------------------------------------------------------------------------------------------------------------------------------
 Limit  (cost=115541.88..115541.88 rows=1 width=27)
   ->  Sort  (cost=115541.88..115541.88 rows=1 width=27)
         Sort Key: lineitem.l_shipmode
         ->  HashAggregate  (cost=115541.86..115541.87 rows=1 width=27)
               Group Key: lineitem.l_shipmode
               ->  Merge Join  (cost=54001.20..115041.38 rows=28599 width=27)
                     Merge Cond: (orders.o_orderkey = lineitem.l_orderkey)
                     ->  Index Scan using orders_pkey on orders  (cost=0.43..56864.43 rows=1500000 width=20)
                     ->  Sort  (cost=54000.77..54072.28 rows=28604 width=15)
                           Sort Key: lineitem.l_orderkey
                           ->  Index Scan using q12_idx_1 on lineitem  (cost=0.42..51883.51 rows=28604 width=15)
                                 Index Cond: ((l_shipmode = ANY ('{SHIP,"REG AIR"}'::bpchar[])) AND (l_receiptdate >= '1994-01-01'::date) AND (l_receiptdate < '1995-01-01'::date))
(12 rows)

query 13 run 1
SET
SET
                                                          QUERY PLAN                                                           
-------------------------------------------------------------------------------------------------------------------------------
 Limit  (cost=81709.61..81709.61 rows=1 width=8)
   ->  Sort  (cost=81709.61..81710.11 rows=200 width=8)
         Sort Key: (count(*)) DESC, (count(orders.o_orderkey)) DESC
         ->  HashAggregate  (cost=81706.61..81708.61 rows=200 width=8)
               Group Key: count(orders.o_orderkey)
               ->  HashAggregate  (cost=77956.61..79456.61 rows=150000 width=8)
                     Group Key: customer.c_custkey
                     ->  Hash Right Join  (cost=4953.42..70457.36 rows=1499850 width=8)
                           Hash Cond: (orders.o_custkey = customer.c_custkey)
                           ->  Seq Scan on orders  (cost=0.00..44881.00 rows=1499850 width=8)
                                 Filter: ((o_comment)::text !~~ '%special%requests%'::text)
                           ->  Hash  (cost=3078.42..3078.42 rows=150000 width=4)
                                 ->  Index Only Scan using customer_pkey on customer  (cost=0.42..3078.42 rows=150000 width=4)
(13 rows)

query 14 run 1
SET
SET
                                                    QUERY PLAN                                                    
------------------------------------------------------------------------------------------------------------------
 Limit  (cost=82887.36..82887.38 rows=1 width=33)
   ->  Aggregate  (cost=82887.36..82887.38 rows=1 width=33)
         ->  Hash Join  (cost=9851.27..81668.60 rows=69643 width=33)
               Hash Cond: (lineitem.l_partkey = part.p_partkey)
               ->  Bitmap Heap Scan on lineitem  (cost=1252.27..72112.01 rows=69643 width=16)
                     Recheck Cond: ((l_shipdate >= '1994-05-01'::date) AND (l_shipdate < '1994-06-01'::date))
                     ->  Bitmap Index Scan on idx_lineitem_shipdate  (cost=0.00..1234.86 rows=69643 width=0)
                           Index Cond: ((l_shipdate >= '1994-05-01'::date) AND (l_shipdate < '1994-06-01'::date))
               ->  Hash  (cost=6099.00..6099.00 rows=200000 width=25)
                     ->  Seq Scan on part  (cost=0.00..6099.00 rows=200000 width=25)
(10 rows)

query 15 run 1
SET
SET
CREATE VIEW
                                                          QUERY PLAN                                                          
------------------------------------------------------------------------------------------------------------------------------
 Limit  (cost=245683.16..245684.41 rows=1 width=103)
   InitPlan 1 (returns $0)
     ->  Aggregate  (cost=121994.30..121994.31 rows=1 width=32)
           ->  HashAggregate  (cost=121985.00..121989.65 rows=372 width=16)
                 Group Key: lineitem_1.l_suppkey
                 ->  Bitmap Heap Scan on lineitem lineitem_1  (cost=4016.95..119748.40 rows=223660 width=16)
                       Recheck Cond: ((l_shipdate >= '1996-01-01'::date) AND (l_shipdate < '1996-04-01'::date))
                       ->  Bitmap Index Scan on idx_lineitem_shipdate  (cost=0.00..3961.03 rows=223660 width=0)
                             Index Cond: ((l_shipdate >= '1996-01-01'::date) AND (l_shipdate < '1996-04-01'::date))
   ->  Merge Join  (cost=123688.85..124153.43 rows=372 width=103)
         Merge Cond: (supplier.s_suppkey = revenue0.supplier_no)
         ->  Index Scan using supplier_pkey on supplier  (cost=0.29..434.29 rows=10000 width=71)
         ->  Sort  (cost=123688.56..123689.49 rows=372 width=36)
               Sort Key: revenue0.supplier_no
               ->  Subquery Scan on revenue0  (cost=123662.45..123672.68 rows=372 width=36)
                     ->  HashAggregate  (cost=123662.45..123668.96 rows=372 width=16)
                           Group Key: lineitem.l_suppkey
                           Filter: (sum((lineitem.l_extendedprice * ('1'::numeric - lineitem.l_discount))) = $0)
                           ->  Bitmap Heap Scan on lineitem  (cost=4016.95..119748.40 rows=223660 width=16)
                                 Recheck Cond: ((l_shipdate >= '1996-01-01'::date) AND (l_shipdate < '1996-04-01'::date))
                                 ->  Bitmap Index Scan on idx_lineitem_shipdate  (cost=0.00..3961.03 rows=223660 width=0)
                                       Index Cond: ((l_shipdate >= '1996-01-01'::date) AND (l_shipdate < '1996-04-01'::date))
(22 rows)

DROP VIEW
query 16 run 1
SET
SET
                                                                                         QUERY PLAN                                                                                         
--------------------------------------------------------------------------------------------------------------------------------------------------------------------------------------------
 Limit  (cost=35433.50..35433.50 rows=1 width=40)
   ->  Sort  (cost=35433.50..35440.80 rows=2921 width=40)
         Sort Key: (count(DISTINCT partsupp.ps_suppkey)) DESC, part.p_brand, part.p_type, part.p_size
         ->  GroupAggregate  (cost=34688.68..35418.89 rows=2921 width=40)
               Group Key: part.p_brand, part.p_type, part.p_size
               ->  Sort  (cost=34688.68..34828.88 rows=56080 width=40)
                     Sort Key: part.p_brand, part.p_type, part.p_size
                     ->  Hash Join  (cost=9812.51..30265.31 rows=56080 width=40)
                           Hash Cond: (partsupp.ps_partkey = part.p_partkey)
                           ->  Index Only Scan using partsupp_pkey on partsupp  (cost=348.43..18740.43 rows=400000 width=8)
                                 Filter: (NOT (hashed SubPlan 1))
                                 SubPlan 1
                                   ->  Seq Scan on supplier  (cost=0.00..348.00 rows=1 width=4)
                                         Filter: ((s_comment)::text ~~ '%Customer%Complaints%'::text)
                           ->  Hash  (cost=9099.00..9099.00 rows=29207 width=40)
                                 ->  Seq Scan on part  (cost=0.00..9099.00 rows=29207 width=40)
                                       Filter: ((p_brand <> 'Brand#12'::bpchar) AND ((p_type)::text !~~ 'SMALL BRUSHED%'::text) AND (p_size = ANY ('{12,32,36,26,40,34,49,9}'::integer[])))
(17 rows)

query 17 run 1
SET
SET
                                                            QUERY PLAN                                                             
-----------------------------------------------------------------------------------------------------------------------------------
 Limit  (cost=179285.38..179285.39 rows=1 width=8)
   ->  Aggregate  (cost=179285.38..179285.39 rows=1 width=8)
         ->  Nested Loop  (cost=7107.68..179280.47 rows=1961 width=8)
               Join Filter: (part.p_partkey = lineitem.l_partkey)
               ->  Merge Join  (cost=7107.12..178715.86 rows=196 width=40)
                     Merge Cond: (lineitem_1.l_partkey = part.p_partkey)
                     ->  GroupAggregate  (cost=0.43..169168.15 rows=195044 width=9)
                           Group Key: lineitem_1.l_partkey
                           ->  Index Only Scan using q17_idx_1 on lineitem lineitem_1  (cost=0.43..136236.98 rows=6001103 width=9)
                     ->  Sort  (cost=7106.69..7107.19 rows=201 width=4)
                           Sort Key: part.p_partkey
                           ->  Seq Scan on part  (cost=0.00..7099.00 rows=201 width=4)
                                 Filter: ((p_brand = 'Brand#22'::bpchar) AND (p_container = 'LG BOX'::bpchar))
               ->  Index Only Scan using q9_idx_1 on lineitem  (cost=0.56..2.76 rows=10 width=17)
                     Index Cond: ((l_partkey = lineitem_1.l_partkey) AND (l_quantity < ((0.2 * avg(lineitem_1.l_quantity)))))
(15 rows)

query 18 run 1
SET
SET
                                                                     QUERY PLAN                                                                      
-----------------------------------------------------------------------------------------------------------------------------------------------------
 Limit  (cost=906859.19..906862.19 rows=100 width=44)
   ->  GroupAggregate  (cost=906859.19..996859.19 rows=3000000 width=44)
         Group Key: orders.o_totalprice, orders.o_orderdate, customer.c_name, customer.c_custkey, orders.o_orderkey
         ->  Sort  (cost=906859.19..914359.19 rows=3000000 width=44)
               Sort Key: orders.o_totalprice DESC, orders.o_orderdate, customer.c_name, customer.c_custkey, orders.o_orderkey
               ->  Hash Join  (cost=6976.52..518191.22 rows=3000000 width=44)
                     Hash Cond: (orders.o_custkey = customer.c_custkey)
                     ->  Merge Join  (cost=4.52..469969.22 rows=3000000 width=25)
                           Merge Cond: (orders.o_orderkey = lineitem.l_orderkey)
                           ->  Merge Semi Join  (cost=0.86..286867.96 rows=750000 width=24)
                                 Merge Cond: (orders.o_orderkey = lineitem_1.l_orderkey)
                                 ->  Index Scan using orders_pkey on orders  (cost=0.43..56864.43 rows=1500000 width=20)
                                 ->  Materialize  (cost=0.43..207500.08 rows=1500276 width=4)
                                       ->  GroupAggregate  (cost=0.43..188746.63 rows=1500276 width=9)
                                             Group Key: lineitem_1.l_orderkey
                                             Filter: (sum(lineitem_1.l_quantity) > '313'::numeric)
                                             ->  Index Only Scan using q18_idx_1 on lineitem lineitem_1  (cost=0.43..136236.98 rows=6001103 width=9)
                           ->  Index Only Scan using q18_idx_1 on lineitem  (cost=0.43..136236.98 rows=6001103 width=9)
                     ->  Hash  (cost=5097.00..5097.00 rows=150000 width=23)
                           ->  Seq Scan on customer  (cost=0.00..5097.00 rows=150000 width=23)
(20 rows)

query 19 run 1
SET
SET
                                                                                                                                                                                                                                                                                                                                                                                                                                                                                  QUERY PLAN                                                                                                                                                                                                                                                                                                                                                                                                                                                                                   
-------------------------------------------------------------------------------------------------------------------------------------------------------------------------------------------------------------------------------------------------------------------------------------------------------------------------------------------------------------------------------------------------------------------------------------------------------------------------------------------------------------------------------------------------------------------------------------------------------------------------------------------------------------------------------------------------------------------------------------------------------------------------------------------------------------------------------------------------------------------------------------------------------------------------------------------------------------------------------
 Limit  (cost=14236.67..14236.68 rows=1 width=12)
   ->  Aggregate  (cost=14236.67..14236.68 rows=1 width=12)
         ->  Nested Loop  (cost=0.56..14235.86 rows=108 width=12)
               ->  Seq Scan on part  (cost=0.00..12599.00 rows=474 width=30)
                     Filter: ((p_size >= 1) AND (((p_brand = 'Brand#24'::bpchar) AND (p_container = ANY ('{"SM CASE","SM BOX","SM PACK","SM PKG"}'::bpchar[])) AND (p_size <= 5)) OR ((p_brand = 'Brand#43'::bpchar) AND (p_container = ANY ('{"MED BAG","MED BOX","MED PKG","MED PACK"}'::bpchar[])) AND (p_size <= 10)) OR ((p_brand = 'Brand#44'::bpchar) AND (p_container = ANY ('{"LG CASE","LG BOX","LG PACK","LG PKG"}'::bpchar[])) AND (p_size <= 15))))
               ->  Index Only Scan using q19_idx_1 on lineitem  (cost=0.56..3.44 rows=1 width=21)
                     Index Cond: ((l_partkey = part.p_partkey) AND (l_shipinstruct = 'DELIVER IN PERSON'::bpchar))
                     Filter: ((l_shipmode = ANY ('{AIR,"AIR REG"}'::bpchar[])) AND (((l_quantity >= '10'::numeric) AND (l_quantity <= '20'::numeric)) OR ((l_quantity >= '10'::numeric) AND (l_quantity <= '20'::numeric)) OR ((l_quantity >= '20'::numeric) AND (l_quantity <= '30'::numeric))) AND (((part.p_brand = 'Brand#24'::bpchar) AND (part.p_container = ANY ('{"SM CASE","SM BOX","SM PACK","SM PKG"}'::bpchar[])) AND (l_quantity >= '10'::numeric) AND (l_quantity <= '20'::numeric) AND (part.p_size <= 5)) OR ((part.p_brand = 'Brand#43'::bpchar) AND (part.p_container = ANY ('{"MED BAG","MED BOX","MED PKG","MED PACK"}'::bpchar[])) AND (l_quantity >= '10'::numeric) AND (l_quantity <= '20'::numeric) AND (part.p_size <= 10)) OR ((part.p_brand = 'Brand#44'::bpchar) AND (part.p_container = ANY ('{"LG CASE","LG BOX","LG PACK","LG PKG"}'::bpchar[])) AND (l_quantity >= '20'::numeric) AND (l_quantity <= '30'::numeric) AND (part.p_size <= 15))))
(8 rows)

query 20 run 1
SET
SET
                                                             QUERY PLAN                                                             
------------------------------------------------------------------------------------------------------------------------------------
 Limit  (cost=169450.84..169450.84 rows=1 width=51)
   ->  Sort  (cost=169450.84..169451.34 rows=200 width=51)
         Sort Key: supplier.s_name
         ->  Nested Loop Semi Join  (cost=160457.82..169449.84 rows=200 width=51)
               Join Filter: (supplier.s_suppkey = lineitem.l_suppkey)
               ->  Nested Loop  (cost=0.00..449.31 rows=400 width=55)
                     Join Filter: (supplier.s_nationkey = nation.n_nationkey)
                     ->  Seq Scan on nation  (cost=0.00..1.31 rows=1 width=4)
                           Filter: (n_name = 'IRAQ'::bpchar)
                     ->  Seq Scan on supplier  (cost=0.00..323.00 rows=10000 width=59)
               ->  Materialize  (cost=160457.82..168964.54 rows=6 width=8)
                     ->  Hash Join  (cost=160457.82..168964.51 rows=6 width=8)
                           Hash Cond: ((lineitem.l_partkey = partsupp.ps_partkey) AND (lineitem.l_suppkey = partsupp.ps_suppkey))
                           Join Filter: ((partsupp.ps_availqty)::numeric > ((0.5 * sum(lineitem.l_quantity))))
                           ->  HashAggregate  (cost=149762.35..151141.81 rows=91964 width=13)
                                 Group Key: lineitem.l_partkey, lineitem.l_suppkey
                                 ->  Bitmap Heap Scan on lineitem  (cost=16510.65..142865.12 rows=919631 width=13)
                                       Recheck Cond: ((l_shipdate >= '1996-01-01'::date) AND (l_shipdate < '1997-01-01'::date))
                                       ->  Bitmap Index Scan on idx_lineitem_shipdate  (cost=0.00..16280.74 rows=919631 width=0)
                                             Index Cond: ((l_shipdate >= '1996-01-01'::date) AND (l_shipdate < '1997-01-01'::date))
                           ->  Hash  (cost=10579.12..10579.12 rows=7757 width=16)
                                 ->  Nested Loop  (cost=0.84..10579.12 rows=7757 width=16)
                                       ->  Index Only Scan using q20_idx_2 on part  (cost=0.42..6454.42 rows=2020 width=4)
                                             Filter: ((p_name)::text ~~ 'olive%'::text)
                                       ->  Index Only Scan using q20_idx_1 on partsupp  (cost=0.42..2.00 rows=4 width=12)
                                             Index Cond: (ps_partkey = part.p_partkey)
(26 rows)

query 21 run 1
SET
SET
                                                                     QUERY PLAN                                                                     
----------------------------------------------------------------------------------------------------------------------------------------------------
 Limit  (cost=224469.08..224469.08 rows=1 width=26)
   ->  Sort  (cost=224469.08..224469.08 rows=1 width=26)
         Sort Key: (count(*)) DESC, supplier.s_name
         ->  HashAggregate  (cost=224469.06..224469.07 rows=1 width=26)
               Group Key: supplier.s_name
               ->  Nested Loop Anti Join  (cost=98524.57..224469.05 rows=1 width=26)
                     ->  Nested Loop Semi Join  (cost=98524.14..224464.60 rows=1 width=34)
                           Join Filter: (l2.l_suppkey <> l1.l_suppkey)
                           ->  Merge Join  (cost=98523.71..127960.48 rows=39104 width=38)
                                 Merge Cond: (l1.l_orderkey = orders.o_orderkey)
                                 ->  Sort  (cost=98523.27..98723.31 rows=80015 width=34)
                                       Sort Key: l1.l_orderkey
                                       ->  Hash Join  (cost=239.88..92006.85 rows=80015 width=34)
                                             Hash Cond: (l1.l_suppkey = supplier.s_suppkey)
                                             ->  Index Scan using q4_idx_1 on lineitem l1  (cost=0.43..83465.87 rows=2000368 width=8)
                                             ->  Hash  (cost=234.45..234.45 rows=400 width=30)
                                                   ->  Nested Loop  (cost=7.38..234.45 rows=400 width=30)
                                                         ->  Seq Scan on nation  (cost=0.00..1.31 rows=1 width=4)
                                                               Filter: (n_name = 'PERU'::bpchar)
                                                         ->  Bitmap Heap Scan on supplier  (cost=7.38..229.14 rows=400 width=34)
                                                               Recheck Cond: (s_nationkey = nation.n_nationkey)
                                                               ->  Bitmap Index Scan on idx_supplier_nation_key  (cost=0.00..7.29 rows=400 width=0)
                                                                     Index Cond: (s_nationkey = nation.n_nationkey)
                                 ->  Index Only Scan using q21_idx_3 on orders  (cost=0.43..26814.43 rows=733200 width=4)
                                       Index Cond: (o_orderstatus = 'F'::bpchar)
                           ->  Index Only Scan using q21_idx_1 on lineitem l2  (cost=0.43..2.42 rows=4 width=8)
                                 Index Cond: (l_orderkey = orders.o_orderkey)
                     ->  Index Only Scan using q21_idx_1 on lineitem l3  (cost=0.43..2.44 rows=1 width=8)
                           Index Cond: (l_orderkey = l1.l_orderkey)
                           Filter: ((l_receiptdate > l_commitdate) AND (l_suppkey <> l1.l_suppkey))
(30 rows)

query 22 run 1
SET
SET
                                                               QUERY PLAN                                                               
----------------------------------------------------------------------------------------------------------------------------------------
 Limit  (cost=16177.15..16177.15 rows=1 width=22)
   InitPlan 1 (returns $0)
     ->  Aggregate  (cost=7546.43..7546.44 rows=1 width=6)
           ->  Seq Scan on customer customer_1  (cost=0.00..7534.50 rows=4770 width=6)
                 Filter: ((c_acctbal > 0.00) AND ("substring"((c_phone)::text, 1, 2) = ANY ('{21,29,26,34,14,15,17}'::text[])))
   ->  Sort  (cost=8630.71..8632.53 rows=727 width=22)
         Sort Key: ("substring"((customer.c_phone)::text, 1, 2))
         ->  HashAggregate  (cost=8614.36..8627.08 rows=727 width=22)
               Group Key: "substring"((customer.c_phone)::text, 1, 2)
               ->  Nested Loop Anti Join  (cost=0.43..8608.90 rows=727 width=22)
                     ->  Seq Scan on customer  (cost=0.00..7534.50 rows=1750 width=26)
                           Filter: ((c_acctbal > $0) AND ("substring"((c_phone)::text, 1, 2) = ANY ('{21,29,26,34,14,15,17}'::text[])))
                     ->  Index Only Scan using idx_orders_custkey on orders  (cost=0.43..2.38 rows=17 width=4)
                           Index Cond: (o_custkey = customer.c_custkey)
(14 rows)

