query 1 run 1
SET
SET
SET
                                                 QUERY PLAN                                                  
-------------------------------------------------------------------------------------------------------------
 Limit  (cost=1832296.21..1832296.84 rows=1 width=236)
   ->  Finalize GroupAggregate  (cost=1832296.21..1832300.02 rows=6 width=236)
         Group Key: l_returnflag, l_linestatus
         ->  Gather Merge  (cost=1832296.21..1832299.08 rows=24 width=236)
               Workers Planned: 4
               ->  Sort  (cost=1831296.15..1831296.16 rows=6 width=236)
                     Sort Key: l_returnflag, l_linestatus
                     ->  Partial HashAggregate  (cost=1831295.93..1831296.07 rows=6 width=236)
                           Group Key: l_returnflag, l_linestatus
                           ->  Parallel Seq Scan on lineitem  (cost=0.00..1312601.68 rows=14819836 width=25)
                                 Filter: (l_shipdate <= '1998-09-10 00:00:00'::timestamp without time zone)
(11 rows)

query 2 run 1
SET
SET
SET
                                                                          QUERY PLAN                                                                           
---------------------------------------------------------------------------------------------------------------------------------------------------------------
 Limit  (cost=462428.24..462428.24 rows=1 width=192)
   ->  Sort  (cost=462428.24..462428.24 rows=1 width=192)
         Sort Key: supplier.s_acctbal DESC, nation.n_name, supplier.s_name, part.p_partkey
         ->  Nested Loop  (cost=50.37..462428.23 rows=1 width=192)
               Join Filter: (supplier.s_nationkey = nation.n_nationkey)
               ->  Nested Loop  (cost=0.00..2.62 rows=5 width=30)
                     Join Filter: (nation.n_regionkey = region.r_regionkey)
                     ->  Seq Scan on region  (cost=0.00..1.06 rows=1 width=4)
                           Filter: (r_name = 'AMERICA'::bpchar)
                     ->  Seq Scan on nation  (cost=0.00..1.25 rows=25 width=34)
               ->  Materialize  (cost=50.37..462425.53 rows=1 width=170)
                     ->  Nested Loop  (cost=50.37..462425.52 rows=1 width=170)
                           Join Filter: (supplier.s_suppkey = partsupp.ps_suppkey)
                           ->  Nested Loop  (cost=50.37..457954.52 rows=1 width=34)
                                 ->  Index Only Scan using q2_idx_1 on part  (cost=0.43..54346.70 rows=7758 width=30)
                                       Index Cond: (p_size = 16)
                                       Filter: ((p_type)::text ~~ '%NICKEL'::text)
                                 ->  Index Only Scan using q2_idx_2 on partsupp  (cost=49.94..52.01 rows=1 width=14)
                                       Index Cond: ((ps_partkey = part.p_partkey) AND (ps_supplycost = (SubPlan 1)))
                                       SubPlan 1
                                         ->  Aggregate  (cost=49.50..49.51 rows=1 width=32)
                                               ->  Nested Loop  (cost=2.41..49.49 rows=4 width=6)
                                                     Join Filter: (nation_1.n_regionkey = region_1.r_regionkey)
                                                     ->  Seq Scan on region region_1  (cost=0.00..1.06 rows=1 width=4)
                                                           Filter: (r_name = 'AMERICA'::bpchar)
                                                     ->  Hash Join  (cost=2.41..48.20 rows=18 width=10)
                                                           Hash Cond: (supplier_1.s_nationkey = nation_1.n_nationkey)
                                                           ->  Nested Loop  (cost=0.85..46.58 rows=18 width=10)
                                                                 ->  Index Only Scan using q2_idx_2 on partsupp partsupp_1  (cost=0.43..2.75 rows=18 width=10)
                                                                       Index Cond: (ps_partkey = part.p_partkey)
                                                                 ->  Index Only Scan using q2_idx_3 on supplier supplier_1  (cost=0.42..2.43 rows=1 width=8)
                                                                       Index Cond: (s_suppkey = partsupp_1.ps_suppkey)
                                                           ->  Hash  (cost=1.25..1.25 rows=25 width=8)
                                                                 ->  Seq Scan on nation nation_1  (cost=0.00..1.25 rows=25 width=8)
                           ->  Seq Scan on supplier  (cost=0.00..3221.00 rows=100000 width=144)
(35 rows)

query 3 run 1
SET
SET
SET
                                                          QUERY PLAN                                                           
-------------------------------------------------------------------------------------------------------------------------------
 Limit  (cost=2318322.18..2318322.20 rows=10 width=44)
   ->  Sort  (cost=2318322.18..2326106.87 rows=3113876 width=44)
         Sort Key: (sum((lineitem.l_extendedprice * ('1'::numeric - lineitem.l_discount)))) DESC, orders.o_orderdate
         ->  GroupAggregate  (cost=1792562.02..2251032.44 rows=3113876 width=44)
               Group Key: lineitem.l_orderkey, orders.o_orderdate, orders.o_shippriority
               ->  Gather Merge  (cost=1792562.02..2165400.85 rows=3113876 width=24)
                     Workers Planned: 4
                     ->  Sort  (cost=1791561.97..1793508.14 rows=778469 width=24)
                           Sort Key: lineitem.l_orderkey, orders.o_orderdate, orders.o_shippriority
                           ->  Parallel Hash Join  (cost=358932.82..1703982.68 rows=778469 width=24)
                                 Hash Cond: (lineitem.l_orderkey = orders.o_orderkey)
                                 ->  Parallel Seq Scan on lineitem  (cost=0.00..1312601.68 rows=8133871 width=16)
                                       Filter: (l_shipdate > '1995-03-07'::date)
                                 ->  Parallel Hash  (cost=354447.42..354447.42 rows=358832 width=12)
                                       ->  Parallel Hash Join  (cost=41564.18..354447.42 rows=358832 width=12)
                                             Hash Cond: (orders.o_custkey = customer.c_custkey)
                                             ->  Parallel Seq Scan on orders  (cost=0.00..308133.98 rows=1809238 width=16)
                                                   Filter: (o_orderdate < '1995-03-07'::date)
                                             ->  Parallel Hash  (cost=40634.49..40634.49 rows=74375 width=4)
                                                   ->  Parallel Seq Scan on customer  (cost=0.00..40634.49 rows=74375 width=4)
                                                         Filter: (c_mktsegment = 'BUILDING'::bpchar)
(21 rows)

query 4 run 1
SET
SET
SET
                                                           QUERY PLAN                                                           
--------------------------------------------------------------------------------------------------------------------------------
 Limit  (cost=279987.60..514226.09 rows=1 width=24)
   ->  GroupAggregate  (cost=279987.60..1451180.04 rows=5 width=24)
         Group Key: orders.o_orderpriority
         ->  Nested Loop Semi Join  (cost=279987.60..1448615.39 rows=512919 width=16)
               ->  Gather Merge  (cost=279987.16..341403.01 rows=512933 width=20)
                     Workers Planned: 4
                     ->  Sort  (cost=278987.11..279307.69 rows=128233 width=20)
                           Sort Key: orders.o_orderpriority
                           ->  Parallel Bitmap Heap Scan on orders  (cost=6136.00..268107.56 rows=128233 width=20)
                                 Recheck Cond: ((o_orderdate >= '1993-12-01'::date) AND (o_orderdate < '1994-03-01'::date))
                                 ->  Bitmap Index Scan on idx_orders_orderdate  (cost=0.00..6007.77 rows=512933 width=0)
                                       Index Cond: ((o_orderdate >= '1993-12-01'::date) AND (o_orderdate < '1994-03-01'::date))
               ->  Index Only Scan using q4_idx_1 on lineitem  (cost=0.44..2.44 rows=1 width=4)
                     Index Cond: (l_orderkey = orders.o_orderkey)
(14 rows)

query 5 run 1
SET
SET
SET
                                                                       QUERY PLAN                                                                       
--------------------------------------------------------------------------------------------------------------------------------------------------------
 Limit  (cost=656364.87..656364.87 rows=1 width=58)
   ->  Sort  (cost=656364.87..656364.93 rows=25 width=58)
         Sort Key: (sum((lineitem.l_extendedprice * ('1'::numeric - lineitem.l_discount)))) DESC
         ->  Finalize GroupAggregate  (cost=656121.95..656364.75 rows=25 width=58)
               Group Key: nation.n_name
               ->  Gather Merge  (cost=656121.95..656363.68 rows=100 width=58)
                     Workers Planned: 4
                     ->  Partial GroupAggregate  (cost=655121.89..655351.71 rows=25 width=58)
                           Group Key: nation.n_name
                           ->  Sort  (cost=655121.89..655167.79 rows=18361 width=38)
                                 Sort Key: nation.n_name
                                 ->  Parallel Hash Join  (cost=73966.27..653821.53 rows=18361 width=38)
                                       Hash Cond: ((lineitem.l_suppkey = supplier.s_suppkey) AND (customer.c_nationkey = supplier.s_nationkey))
                                       ->  Nested Loop  (cost=70274.67..647717.52 rows=459508 width=50)
                                             ->  Parallel Hash Join  (cost=70274.11..342599.32 rows=114880 width=38)
                                                   Hash Cond: (orders.o_custkey = customer.c_custkey)
                                                   ->  Parallel Bitmap Heap Scan on orders  (cost=27480.86..297364.86 rows=574400 width=8)
                                                         Recheck Cond: ((o_orderdate >= '1993-01-01'::date) AND (o_orderdate < '1994-01-01'::date))
                                                         ->  Bitmap Index Scan on idx_orders_orderdate  (cost=0.00..26906.46 rows=2297602 width=0)
                                                               Index Cond: ((o_orderdate >= '1993-01-01'::date) AND (o_orderdate < '1994-01-01'::date))
                                                   ->  Parallel Hash  (cost=41855.75..41855.75 rows=75000 width=38)
                                                         ->  Hash Join  (cost=2.51..41855.75 rows=75000 width=38)
                                                               Hash Cond: (customer.c_nationkey = nation.n_nationkey)
                                                               ->  Parallel Seq Scan on customer  (cost=0.00..39697.00 rows=375000 width=8)
                                                               ->  Hash  (cost=2.45..2.45 rows=5 width=30)
                                                                     ->  Hash Join  (cost=1.07..2.45 rows=5 width=30)
                                                                           Hash Cond: (nation.n_regionkey = region.r_regionkey)
                                                                           ->  Seq Scan on nation  (cost=0.00..1.25 rows=25 width=34)
                                                                           ->  Hash  (cost=1.06..1.06 rows=1 width=4)
                                                                                 ->  Seq Scan on region  (cost=0.00..1.06 rows=1 width=4)
                                                                                       Filter: (r_name = 'AMERICA'::bpchar)
                                             ->  Index Only Scan using q5_idx_1 on lineitem  (cost=0.56..2.62 rows=4 width=20)
                                                   Index Cond: (l_orderkey = orders.o_orderkey)
                                       ->  Parallel Hash  (cost=2809.24..2809.24 rows=58824 width=8)
                                             ->  Parallel Seq Scan on supplier  (cost=0.00..2809.24 rows=58824 width=8)
(35 rows)

query 6 run 1
SET
SET
SET
                                                                                                                QUERY PLAN                                                                                                                 
-------------------------------------------------------------------------------------------------------------------------------------------------------------------------------------------------------------------------------------------
 Limit  (cost=1384014.68..1384014.69 rows=1 width=32)
   ->  Finalize Aggregate  (cost=1384014.68..1384014.69 rows=1 width=32)
         ->  Gather  (cost=1384014.25..1384014.66 rows=4 width=32)
               Workers Planned: 4
               ->  Partial Aggregate  (cost=1383014.25..1383014.26 rows=1 width=32)
                     ->  Parallel Bitmap Heap Scan on lineitem  (cost=234482.98..1381488.35 rows=305179 width=12)
                           Recheck Cond: ((l_shipdate >= '1993-01-01'::date) AND (l_shipdate < '1994-01-01 00:00:00'::timestamp without time zone) AND (l_discount >= 0.06) AND (l_discount <= 0.08) AND (l_quantity < '25'::numeric))
                           ->  Bitmap Index Scan on idx_lineitem_shipdate  (cost=0.00..234177.81 rows=1220715 width=0)
                                 Index Cond: ((l_shipdate >= '1993-01-01'::date) AND (l_shipdate < '1994-01-01 00:00:00'::timestamp without time zone) AND (l_discount >= 0.06) AND (l_discount <= 0.08) AND (l_quantity < '25'::numeric))
(9 rows)

query 7 run 1
SET
SET
SET
                                                                                                      QUERY PLAN                                                                                                       
-----------------------------------------------------------------------------------------------------------------------------------------------------------------------------------------------------------------------
 Limit  (cost=1421811.96..1422879.81 rows=1 width=116)
   ->  GroupAggregate  (cost=1421811.96..12147328.28 rows=10044 width=116)
         Group Key: n1.n_name, n2.n_name, EXTRACT(year FROM lineitem.l_shipdate)
         ->  Nested Loop  (cost=1421811.96..12146253.44 rows=61612 width=96)
               Join Filter: (customer.c_nationkey = n2.n_nationkey)
               ->  Nested Loop  (cost=1421811.53..8395501.66 rows=1540293 width=76)
                     ->  Gather Merge  (cost=1421811.10..1606237.52 rows=1540293 width=76)
                           Workers Planned: 4
                           ->  Sort  (cost=1420811.04..1421773.72 rows=385073 width=76)
                                 Sort Key: n1.n_name, n2.n_name, (EXTRACT(year FROM lineitem.l_shipdate))
                                 ->  Parallel Hash Join  (cost=3140.96..1372863.83 rows=385073 width=76)
                                       Hash Cond: (lineitem.l_suppkey = supplier.s_suppkey)
                                       ->  Parallel Seq Scan on lineitem  (cost=0.00..1350093.41 rows=4630486 width=24)
                                             Filter: ((l_shipdate >= '1995-01-01'::date) AND (l_shipdate <= '1996-12-31'::date))
                                       ->  Parallel Hash  (cost=3079.76..3079.76 rows=4896 width=60)
                                             ->  Hash Join  (cost=2.87..3079.76 rows=4896 width=60)
                                                   Hash Cond: (supplier.s_nationkey = n1.n_nationkey)
                                                   ->  Parallel Seq Scan on supplier  (cost=0.00..2809.24 rows=58824 width=8)
                                                   ->  Hash  (cost=2.84..2.84 rows=2 width=60)
                                                         ->  Nested Loop  (cost=0.00..2.84 rows=2 width=60)
                                                               Join Filter: (((n1.n_name = 'PERU'::bpchar) AND (n2.n_name = 'MOROCCO'::bpchar)) OR ((n1.n_name = 'MOROCCO'::bpchar) AND (n2.n_name = 'PERU'::bpchar)))
                                                               ->  Seq Scan on nation n1  (cost=0.00..1.38 rows=2 width=30)
                                                                     Filter: ((n_name = 'PERU'::bpchar) OR (n_name = 'MOROCCO'::bpchar))
                                                               ->  Materialize  (cost=0.00..1.39 rows=2 width=30)
                                                                     ->  Seq Scan on nation n2  (cost=0.00..1.38 rows=2 width=30)
                                                                           Filter: ((n_name = 'MOROCCO'::bpchar) OR (n_name = 'PERU'::bpchar))
                     ->  Index Scan using q21_idx_3 on orders  (cost=0.43..4.41 rows=1 width=8)
                           Index Cond: (o_orderkey = lineitem.l_orderkey)
               ->  Index Only Scan using q10_idx_1 on customer  (cost=0.43..2.42 rows=1 width=8)
                     Index Cond: (c_custkey = orders.o_custkey)
(30 rows)

query 8 run 1
SET
SET
SET
                                                                       QUERY PLAN                                                                       
--------------------------------------------------------------------------------------------------------------------------------------------------------
 Limit  (cost=385179.45..385334.41 rows=1 width=64)
   ->  GroupAggregate  (cost=385179.45..758007.76 rows=2406 width=64)
         Group Key: EXTRACT(year FROM orders.o_orderdate)
         ->  Nested Loop  (cost=385179.45..757475.06 rows=24229 width=70)
               ->  Nested Loop  (cost=385179.30..756793.09 rows=24229 width=20)
                     ->  Nested Loop  (cost=385178.88..698311.29 rows=24250 width=20)
                           Join Filter: (n1.n_regionkey = region.r_regionkey)
                           ->  Nested Loop  (cost=385178.88..696491.49 rows=121249 width=24)
                                 ->  Nested Loop  (cost=385178.74..693498.34 rows=121249 width=24)
                                       ->  Gather Merge  (cost=385178.31..399696.01 rows=121249 width=24)
                                             Workers Planned: 4
                                             ->  Sort  (cost=384178.25..384254.03 rows=30312 width=24)
                                                   Sort Key: (EXTRACT(year FROM orders.o_orderdate))
                                                   ->  Parallel Hash Join  (cost=60066.17..381921.89 rows=30312 width=24)
                                                         Hash Cond: (orders.o_orderkey = lineitem.l_orderkey)
                                                         ->  Parallel Seq Scan on orders  (cost=0.00..317507.18 rows=1139401 width=12)
                                                               Filter: ((o_orderdate >= '1995-01-01'::date) AND (o_orderdate <= '1996-12-31'::date))
                                                         ->  Parallel Hash  (cost=58819.37..58819.37 rows=99744 width=20)
                                                               ->  Nested Loop  (cost=0.56..58819.37 rows=99744 width=20)
                                                                     ->  Parallel Seq Scan on part  (cost=0.00..47231.38 rows=3326 width=4)
                                                                           Filter: ((p_type)::text = 'LARGE POLISHED BRASS'::text)
                                                                     ->  Index Only Scan using q8_idx_1 on lineitem  (cost=0.56..3.14 rows=34 width=24)
                                                                           Index Cond: (l_partkey = part.p_partkey)
                                       ->  Index Only Scan using q10_idx_1 on customer  (cost=0.43..2.42 rows=1 width=8)
                                             Index Cond: (c_custkey = orders.o_custkey)
                                 ->  Memoize  (cost=0.15..1.17 rows=1 width=8)
                                       Cache Key: customer.c_nationkey
                                       Cache Mode: logical
                                       ->  Index Scan using nation_pkey on nation n1  (cost=0.14..1.16 rows=1 width=8)
                                             Index Cond: (n_nationkey = customer.c_nationkey)
                           ->  Materialize  (cost=0.00..1.07 rows=1 width=4)
                                 ->  Seq Scan on region  (cost=0.00..1.06 rows=1 width=4)
                                       Filter: (r_name = 'AMERICA'::bpchar)
                     ->  Index Only Scan using q2_idx_3 on supplier  (cost=0.42..2.41 rows=1 width=8)
                           Index Cond: (s_suppkey = lineitem.l_suppkey)
               ->  Memoize  (cost=0.15..1.17 rows=1 width=30)
                     Cache Key: supplier.s_nationkey
                     Cache Mode: logical
                     ->  Index Scan using nation_pkey on nation n2  (cost=0.14..1.16 rows=1 width=30)
                           Index Cond: (n_nationkey = supplier.s_nationkey)
(40 rows)

query 9 run 1
SET
SET
SET
                                                                       QUERY PLAN                                                                       
--------------------------------------------------------------------------------------------------------------------------------------------------------
 Limit  (cost=688370.08..688552.19 rows=1 width=90)
   ->  GroupAggregate  (cost=688370.08..11642617.37 rows=60150 width=90)
         Group Key: nation.n_name, EXTRACT(year FROM orders.o_orderdate)
         ->  Nested Loop  (cost=688370.08..11567552.70 rows=4237853 width=81)
               Join Filter: (supplier.s_suppkey = partsupp.ps_suppkey)
               ->  Gather Merge  (cost=688369.65..1195787.45 rows=4237853 width=63)
                     Workers Planned: 4
                     ->  Sort  (cost=687369.59..690018.24 rows=1059463 width=63)
                           Sort Key: nation.n_name, (EXTRACT(year FROM orders.o_orderdate)) DESC
                           ->  Hash Join  (cost=193807.18..552891.85 rows=1059463 width=63)
                                 Hash Cond: (supplier.s_nationkey = nation.n_nationkey)
                                 ->  Parallel Hash Join  (cost=193805.62..549637.73 rows=1059463 width=41)
                                       Hash Cond: (lineitem.l_suppkey = supplier.s_suppkey)
                                       ->  Parallel Hash Join  (cost=190261.08..543309.59 rows=1060374 width=33)
                                             Hash Cond: (orders.o_orderkey = lineitem.l_orderkey)
                                             ->  Parallel Seq Scan on orders  (cost=0.00..298760.79 rows=3749278 width=8)
                                             ->  Parallel Hash  (cost=168721.41..168721.41 rows=1060374 width=33)
                                                   ->  Nested Loop  (cost=0.99..168721.41 rows=1060374 width=33)
                                                         ->  Parallel Index Only Scan using q20_idx_2 on part  (cost=0.43..45557.41 rows=35356 width=4)
                                                               Filter: ((p_name)::text ~~ '%navy%'::text)
                                                         ->  Index Only Scan using q9_idx_1 on lineitem  (cost=0.56..3.14 rows=34 width=29)
                                                               Index Cond: (l_partkey = part.p_partkey)
                                       ->  Parallel Hash  (cost=2809.24..2809.24 rows=58824 width=8)
                                             ->  Parallel Seq Scan on supplier  (cost=0.00..2809.24 rows=58824 width=8)
                                 ->  Hash  (cost=1.25..1.25 rows=25 width=30)
                                       ->  Seq Scan on nation  (cost=0.00..1.25 rows=25 width=30)
               ->  Index Only Scan using q2_idx_2 on partsupp  (cost=0.43..2.43 rows=1 width=14)
                     Index Cond: ((ps_partkey = lineitem.l_partkey) AND (ps_suppkey = lineitem.l_suppkey))
(28 rows)

query 10 run 1
SET
SET
SET
                                                                       QUERY PLAN                                                                       
--------------------------------------------------------------------------------------------------------------------------------------------------------
 Limit  (cost=790342.32..790342.37 rows=20 width=202)
   ->  Sort  (cost=790342.32..791748.79 rows=562588 width=202)
         Sort Key: (sum((lineitem.l_extendedprice * ('1'::numeric - lineitem.l_discount)))) DESC
         ->  GroupAggregate  (cost=693946.08..775372.05 rows=562588 width=202)
               Group Key: customer.c_custkey, nation.n_name
               ->  Gather Merge  (cost=693946.08..761307.35 rows=562588 width=182)
                     Workers Planned: 4
                     ->  Sort  (cost=692946.02..693297.64 rows=140647 width=182)
                           Sort Key: customer.c_custkey, nation.n_name
                           ->  Hash Join  (cost=637626.59..680919.49 rows=140647 width=182)
                                 Hash Cond: (customer.c_nationkey = nation.n_nationkey)
                                 ->  Parallel Hash Join  (cost=637625.03..680486.14 rows=140647 width=160)
                                       Hash Cond: (customer.c_custkey = orders.o_custkey)
                                       ->  Parallel Seq Scan on customer  (cost=0.00..39697.00 rows=375000 width=148)
                                       ->  Parallel Hash  (cost=635866.94..635866.94 rows=140647 width=16)
                                             ->  Nested Loop  (cost=6793.24..635866.94 rows=140647 width=16)
                                                   ->  Parallel Bitmap Heap Scan on orders  (cost=6792.67..270190.03 rows=141957 width=8)
                                                         Recheck Cond: ((o_orderdate >= '1994-08-01'::date) AND (o_orderdate < '1994-11-01'::date))
                                                         ->  Bitmap Index Scan on idx_orders_orderdate  (cost=0.00..6650.72 rows=567828 width=0)
                                                               Index Cond: ((o_orderdate >= '1994-08-01'::date) AND (o_orderdate < '1994-11-01'::date))
                                                   ->  Index Only Scan using q10_idx_2 on lineitem  (cost=0.56..2.57 rows=1 width=16)
                                                         Index Cond: ((l_orderkey = orders.o_orderkey) AND (l_returnflag = 'R'::bpchar))
                                 ->  Hash  (cost=1.25..1.25 rows=25 width=30)
                                       ->  Seq Scan on nation  (cost=0.00..1.25 rows=25 width=30)
(24 rows)

query 11 run 1
SET
SET
SET
                                                                QUERY PLAN                                                                
------------------------------------------------------------------------------------------------------------------------------------------
 Limit  (cost=467658.94..467658.94 rows=1 width=36)
   InitPlan 1
     ->  Finalize Aggregate  (cost=207455.49..207455.51 rows=1 width=32)
           ->  Gather  (cost=207455.06..207455.47 rows=4 width=32)
                 Workers Planned: 4
                 ->  Partial Aggregate  (cost=206455.06..206455.07 rows=1 width=32)
                       ->  Hash Join  (cost=2341.31..205855.23 rows=79977 width=10)
                             Hash Cond: (partsupp_1.ps_suppkey = supplier_1.s_suppkey)
                             ->  Parallel Seq Scan on partsupp partsupp_1  (cost=0.00..195216.29 rows=1999429 width=14)
                             ->  Hash  (cost=2291.31..2291.31 rows=4000 width=4)
                                   ->  Nested Loop  (cost=39.29..2291.31 rows=4000 width=4)
                                         ->  Seq Scan on nation nation_1  (cost=0.00..1.31 rows=1 width=4)
                                               Filter: (n_name = 'SAUDI ARABIA'::bpchar)
                                         ->  Bitmap Heap Scan on supplier supplier_1  (cost=39.29..2250.00 rows=4000 width=8)
                                               Recheck Cond: (s_nationkey = nation_1.n_nationkey)
                                               ->  Bitmap Index Scan on idx_supplier_nation_key  (cost=0.00..38.29 rows=4000 width=0)
                                                     Index Cond: (s_nationkey = nation_1.n_nationkey)
   ->  Sort  (cost=260203.43..260470.02 rows=106636 width=36)
         Sort Key: (sum((partsupp.ps_supplycost * (partsupp.ps_availqty)::numeric))) DESC
         ->  GroupAggregate  (cost=213368.34..259670.25 rows=106636 width=36)
               Group Key: partsupp.ps_partkey
               Filter: (sum((partsupp.ps_supplycost * (partsupp.ps_availqty)::numeric)) > (InitPlan 1).col1)
               ->  Gather Merge  (cost=213368.34..251672.52 rows=319909 width=14)
                     Workers Planned: 4
                     ->  Sort  (cost=212368.28..212568.22 rows=79977 width=14)
                           Sort Key: partsupp.ps_partkey
                           ->  Hash Join  (cost=2341.31..205855.23 rows=79977 width=14)
                                 Hash Cond: (partsupp.ps_suppkey = supplier.s_suppkey)
                                 ->  Parallel Seq Scan on partsupp  (cost=0.00..195216.29 rows=1999429 width=18)
                                 ->  Hash  (cost=2291.31..2291.31 rows=4000 width=4)
                                       ->  Nested Loop  (cost=39.29..2291.31 rows=4000 width=4)
                                             ->  Seq Scan on nation  (cost=0.00..1.31 rows=1 width=4)
                                                   Filter: (n_name = 'SAUDI ARABIA'::bpchar)
                                             ->  Bitmap Heap Scan on supplier  (cost=39.29..2250.00 rows=4000 width=8)
                                                   Recheck Cond: (s_nationkey = nation.n_nationkey)
                                                   ->  Bitmap Index Scan on idx_supplier_nation_key  (cost=0.00..38.29 rows=4000 width=0)
                                                         Index Cond: (s_nationkey = nation.n_nationkey)
(37 rows)

query 12 run 1
SET
SET
SET
                                                                                     QUERY PLAN                                                                                     
------------------------------------------------------------------------------------------------------------------------------------------------------------------------------------
 Limit  (cost=155878.08..344400.02 rows=1 width=27)
   ->  GroupAggregate  (cost=155878.08..1475531.63 rows=7 width=27)
         Group Key: lineitem.l_shipmode
         ->  Nested Loop  (cost=155878.08..1470449.17 rows=290422 width=27)
               ->  Gather Merge  (cost=155877.64..190651.22 rows=290422 width=15)
                     Workers Planned: 4
                     ->  Sort  (cost=154877.59..155059.10 rows=72606 width=15)
                           Sort Key: lineitem.l_shipmode
                           ->  Parallel Index Only Scan using q12_idx_1 on lineitem  (cost=0.43..149015.45 rows=72606 width=15)
                                 Index Cond: ((l_shipmode = ANY ('{SHIP,"REG AIR"}'::bpchar[])) AND (l_receiptdate >= '1994-01-01'::date) AND (l_receiptdate < '1995-01-01'::date))
               ->  Index Scan using q21_idx_3 on orders  (cost=0.43..4.41 rows=1 width=20)
                     Index Cond: (o_orderkey = lineitem.l_orderkey)
(12 rows)

query 13 run 1
SET
SET
SET
                                                           QUERY PLAN                                                            
---------------------------------------------------------------------------------------------------------------------------------
 Limit  (cost=1421474.24..1421474.24 rows=1 width=16)
   ->  Sort  (cost=1421474.24..1421474.74 rows=200 width=16)
         Sort Key: (count(*)) DESC, (count(orders.o_orderkey)) DESC
         ->  HashAggregate  (cost=1421471.24..1421473.24 rows=200 width=16)
               Group Key: count(orders.o_orderkey)
               ->  HashAggregate  (cost=1267989.82..1398971.27 rows=1499998 width=12)
                     Group Key: customer.c_custkey
                     Planned Partitions: 4
                     ->  Hash Right Join  (cost=55342.37..664886.18 rows=14845628 width=8)
                           Hash Cond: (orders.o_custkey = customer.c_custkey)
                           ->  Seq Scan on orders  (cost=0.00..448731.93 rows=14845628 width=8)
                                 Filter: ((o_comment)::text !~~ '%special%requests%'::text)
                           ->  Hash  (cost=30732.40..30732.40 rows=1499998 width=4)
                                 ->  Index Only Scan using customer_pkey on customer  (cost=0.43..30732.40 rows=1499998 width=4)
(14 rows)

query 14 run 1
SET
SET
SET
                                                          QUERY PLAN                                                          
------------------------------------------------------------------------------------------------------------------------------
 Limit  (cost=946257.25..946257.26 rows=1 width=32)
   ->  Finalize Aggregate  (cost=946257.25..946257.26 rows=1 width=32)
         ->  Gather  (cost=946256.79..946257.20 rows=4 width=64)
               Workers Planned: 4
               ->  Partial Aggregate  (cost=945256.79..945256.80 rows=1 width=64)
                     ->  Parallel Hash Join  (cost=66466.65..941789.90 rows=198108 width=33)
                           Hash Cond: (lineitem.l_partkey = part.p_partkey)
                           ->  Parallel Bitmap Heap Scan on lineitem  (cost=14234.97..889038.19 rows=198108 width=16)
                                 Recheck Cond: ((l_shipdate >= '1994-05-01'::date) AND (l_shipdate < '1994-06-01'::date))
                                 ->  Bitmap Index Scan on idx_lineitem_shipdate  (cost=0.00..14036.86 rows=792430 width=0)
                                       Index Cond: ((l_shipdate >= '1994-05-01'::date) AND (l_shipdate < '1994-06-01'::date))
                           ->  Parallel Hash  (cost=45981.30..45981.30 rows=500030 width=25)
                                 ->  Parallel Seq Scan on part  (cost=0.00..45981.30 rows=500030 width=25)
(13 rows)

query 15 run 1
SET
SET
SET
CREATE VIEW
                                                             QUERY PLAN                                                             
------------------------------------------------------------------------------------------------------------------------------------
 Limit  (cost=2751677.89..2751785.94 rows=1 width=103)
   InitPlan 1
     ->  Aggregate  (cost=1394452.04..1394452.05 rows=1 width=32)
           ->  Finalize HashAggregate  (cost=1391949.89..1393200.96 rows=100086 width=36)
                 Group Key: lineitem_1.l_suppkey
                 ->  Gather  (cost=1347661.83..1388947.31 rows=400344 width=36)
                       Workers Planned: 4
                       ->  Partial HashAggregate  (cost=1346661.83..1347912.91 rows=100086 width=36)
                             Group Key: lineitem_1.l_suppkey
                             ->  Parallel Bitmap Heap Scan on lineitem lineitem_1  (cost=41234.36..1340922.85 rows=573898 width=16)
                                   Recheck Cond: ((l_shipdate >= '1996-01-01'::date) AND (l_shipdate < '1996-04-01'::date))
                                   ->  Bitmap Index Scan on idx_lineitem_shipdate  (cost=0.00..40660.47 rows=2295590 width=0)
                                         Index Cond: ((l_shipdate >= '1996-01-01'::date) AND (l_shipdate < '1996-04-01'::date))
   ->  Nested Loop  (cost=1357225.84..1411250.46 rows=500 width=103)
         ->  Finalize GroupAggregate  (cost=1357225.55..1409664.46 rows=500 width=36)
               Group Key: lineitem.l_suppkey
               Filter: (sum((lineitem.l_extendedprice * ('1'::numeric - lineitem.l_discount))) = (InitPlan 1).col1)
               ->  Gather Merge  (cost=1357225.55..1405160.59 rows=400344 width=36)
                     Workers Planned: 4
                     ->  Sort  (cost=1356225.49..1356475.71 rows=100086 width=36)
                           Sort Key: lineitem.l_suppkey
                           ->  Partial HashAggregate  (cost=1346661.83..1347912.91 rows=100086 width=36)
                                 Group Key: lineitem.l_suppkey
                                 ->  Parallel Bitmap Heap Scan on lineitem  (cost=41234.36..1340922.85 rows=573898 width=16)
                                       Recheck Cond: ((l_shipdate >= '1996-01-01'::date) AND (l_shipdate < '1996-04-01'::date))
                                       ->  Bitmap Index Scan on idx_lineitem_shipdate  (cost=0.00..40660.47 rows=2295590 width=0)
                                             Index Cond: ((l_shipdate >= '1996-01-01'::date) AND (l_shipdate < '1996-04-01'::date))
         ->  Index Scan using supplier_pkey on supplier  (cost=0.29..3.16 rows=1 width=71)
               Index Cond: (s_suppkey = lineitem.l_suppkey)
(29 rows)

DROP VIEW
query 16 run 1
SET
SET
SET
                                                                                            QUERY PLAN                                                                                            
--------------------------------------------------------------------------------------------------------------------------------------------------------------------------------------------------
 Limit  (cost=261356.39..261356.39 rows=1 width=44)
   ->  Sort  (cost=261356.39..261738.88 rows=152996 width=44)
         Sort Key: (count(DISTINCT partsupp.ps_suppkey)) DESC, part.p_brand, part.p_type, part.p_size
         ->  GroupAggregate  (cost=182937.96..260591.41 rows=152996 width=44)
               Group Key: part.p_brand, part.p_type, part.p_size
               ->  Gather Merge  (cost=182937.96..253193.82 rows=586763 width=40)
                     Workers Planned: 4
                     ->  Sort  (cost=181937.91..182304.63 rows=146691 width=40)
                           Sort Key: part.p_brand, part.p_type, part.p_size, partsupp.ps_suppkey
                           ->  Parallel Hash Join  (cost=57870.35..169350.04 rows=146691 width=40)
                                 Hash Cond: (partsupp.ps_partkey = part.p_partkey)
                                 ->  Parallel Index Only Scan using partsupp_pkey on partsupp  (cost=3471.46..112326.90 rows=999714 width=8)
                                       Filter: (NOT (ANY (ps_suppkey = (hashed SubPlan 1).col1)))
                                       SubPlan 1
                                         ->  Seq Scan on supplier  (cost=0.00..3471.00 rows=10 width=4)
                                               Filter: ((s_comment)::text ~~ '%Customer%Complaints%'::text)
                                 ->  Parallel Hash  (cost=53481.76..53481.76 rows=73371 width=40)
                                       ->  Parallel Seq Scan on part  (cost=0.00..53481.76 rows=73371 width=40)
                                             Filter: ((p_brand <> 'Brand#12'::bpchar) AND ((p_type)::text !~~ 'SMALL BRUSHED%'::text) AND (p_size = ANY ('{12,32,36,26,40,34,49,9}'::integer[])))
(19 rows)

query 17 run 1
SET
SET
SET
                                                                   QUERY PLAN                                                                    
-------------------------------------------------------------------------------------------------------------------------------------------------
 Limit  (cost=1743814.51..1743814.53 rows=1 width=32)
   ->  Finalize Aggregate  (cost=1743814.51..1743814.53 rows=1 width=32)
         ->  Gather  (cost=1743814.08..1743814.49 rows=4 width=32)
               Workers Planned: 4
               ->  Partial Aggregate  (cost=1742814.08..1742814.09 rows=1 width=32)
                     ->  Nested Loop  (cost=48504.12..1742803.34 rows=4297 width=8)
                           Join Filter: (part.p_partkey = lineitem.l_partkey)
                           ->  Merge Join  (cost=48503.55..1741456.97 rows=430 width=40)
                                 Merge Cond: (part.p_partkey = lineitem_1.l_partkey)
                                 ->  Sort  (cost=48502.99..48504.19 rows=483 width=4)
                                       Sort Key: part.p_partkey
                                       ->  Parallel Seq Scan on part  (cost=0.00..48481.45 rows=483 width=4)
                                             Filter: ((p_brand = 'Brand#22'::bpchar) AND (p_container = 'LG BOX'::bpchar))
                                 ->  GroupAggregate  (cost=0.56..1688499.67 rows=1779039 width=36)
                                       Group Key: lineitem_1.l_partkey
                                       ->  Index Only Scan using q17_idx_1 on lineitem lineitem_1  (cost=0.56..1361880.21 rows=59986776 width=9)
                           ->  Index Only Scan using q9_idx_1 on lineitem  (cost=0.56..2.99 rows=11 width=17)
                                 Index Cond: ((l_partkey = lineitem_1.l_partkey) AND (l_quantity < ((0.2 * avg(lineitem_1.l_quantity)))))
(18 rows)

query 18 run 1
SET
SET
SET
                                                                      QUERY PLAN                                                                       
-------------------------------------------------------------------------------------------------------------------------------------------------------
 Limit  (cost=6974879.20..6974879.45 rows=100 width=71)
   ->  Sort  (cost=6974879.20..7024866.78 rows=19995032 width=71)
         Sort Key: orders.o_totalprice DESC, orders.o_orderdate
         ->  GroupAggregate  (cost=836747.12..6210683.45 rows=19995032 width=71)
               Group Key: orders.o_orderkey, customer.c_custkey
               ->  Incremental Sort  (cost=836747.12..5810782.81 rows=19995032 width=44)
                     Sort Key: orders.o_orderkey, customer.c_custkey
                     Presorted Key: orders.o_orderkey
                     ->  Merge Join  (cost=836746.82..5085933.50 rows=19995032 width=44)
                           Merge Cond: (orders.o_orderkey = lineitem.l_orderkey)
                           ->  Gather Merge  (cost=836604.84..3362256.59 rows=4998898 width=43)
                                 Workers Planned: 4
                                 ->  Merge Join  (cost=835604.79..2765839.59 rows=1249724 width=43)
                                       Merge Cond: (orders.o_orderkey = lineitem_1.l_orderkey)
                                       ->  Sort  (cost=835604.22..844977.42 rows=3749278 width=39)
                                             Sort Key: orders.o_orderkey
                                             ->  Parallel Hash Join  (cost=44384.50..352987.16 rows=3749278 width=39)
                                                   Hash Cond: (orders.o_custkey = customer.c_custkey)
                                                   ->  Parallel Seq Scan on orders  (cost=0.00..298760.79 rows=3749278 width=20)
                                                   ->  Parallel Hash  (cost=39697.00..39697.00 rows=375000 width=23)
                                                         ->  Parallel Seq Scan on customer  (cost=0.00..39697.00 rows=375000 width=23)
                                       ->  GroupAggregate  (cost=0.56..1886494.50 rows=4998898 width=4)
                                             Group Key: lineitem_1.l_orderkey
                                             Filter: (sum(lineitem_1.l_quantity) > '313'::numeric)
                                             ->  Index Only Scan using q18_idx_1 on lineitem lineitem_1  (cost=0.56..1361610.21 rows=59986776 width=9)
                           ->  Index Only Scan using q18_idx_1 on lineitem  (cost=0.56..1361610.21 rows=59986776 width=9)
(26 rows)

query 19 run 1
SET
SET
SET
                                                                                                                                                                                                                                                                                                                                                                                                                                                              QUERY PLAN                                                                                                                                                                                                                                                                                                                                                                                                                                                              
--------------------------------------------------------------------------------------------------------------------------------------------------------------------------------------------------------------------------------------------------------------------------------------------------------------------------------------------------------------------------------------------------------------------------------------------------------------------------------------------------------------------------------------------------------------------------------------------------------------------------------------------------------------------------------------------------------------------------------------------------------------------------------------------------------------------------------------------------------------------------------------------------------------------------------------
 Limit  (cost=69647.59..69647.60 rows=1 width=32)
   ->  Finalize Aggregate  (cost=69647.59..69647.60 rows=1 width=32)
         ->  Gather  (cost=69647.16..69647.57 rows=4 width=32)
               Workers Planned: 4
               ->  Partial Aggregate  (cost=68647.16..68647.17 rows=1 width=32)
                     ->  Nested Loop  (cost=0.56..68645.08 rows=277 width=12)
                           ->  Parallel Seq Scan on part  (cost=0.00..62232.29 rows=1231 width=30)
                                 Filter: ((p_size >= 1) AND (((p_brand = 'Brand#24'::bpchar) AND (p_container = ANY ('{"SM CASE","SM BOX","SM PACK","SM PKG"}'::bpchar[])) AND (p_size <= 5)) OR ((p_brand = 'Brand#43'::bpchar) AND (p_container = ANY ('{"MED BAG","MED BOX","MED PKG","MED PACK"}'::bpchar[])) AND (p_size <= 10)) OR ((p_brand = 'Brand#44'::bpchar) AND (p_container = ANY ('{"LG CASE","LG BOX","LG PACK","LG PKG"}'::bpchar[])) AND (p_size <= 15))))
                           ->  Index Only Scan using q19_idx_1 on lineitem  (cost=0.56..5.20 rows=1 width=21)
                                 Index Cond: ((l_partkey = part.p_partkey) AND (l_shipmode = ANY ('{AIR,"AIR REG"}'::bpchar[])) AND (l_shipinstruct = 'DELIVER IN PERSON'::bpchar))
                                 Filter: ((((l_quantity >= '10'::numeric) AND (l_quantity <= '20'::numeric)) OR ((l_quantity >= '10'::numeric) AND (l_quantity <= '20'::numeric)) OR ((l_quantity >= '20'::numeric) AND (l_quantity <= '30'::numeric))) AND (((part.p_brand = 'Brand#24'::bpchar) AND (part.p_container = ANY ('{"SM CASE","SM BOX","SM PACK","SM PKG"}'::bpchar[])) AND (l_quantity >= '10'::numeric) AND (l_quantity <= '20'::numeric) AND (part.p_size <= 5)) OR ((part.p_brand = 'Brand#43'::bpchar) AND (part.p_container = ANY ('{"MED BAG","MED BOX","MED PKG","MED PACK"}'::bpchar[])) AND (l_quantity >= '10'::numeric) AND (l_quantity <= '20'::numeric) AND (part.p_size <= 10)) OR ((part.p_brand = 'Brand#44'::bpchar) AND (part.p_container = ANY ('{"LG CASE","LG BOX","LG PACK","LG PKG"}'::bpchar[])) AND (l_quantity >= '20'::numeric) AND (l_quantity <= '30'::numeric) AND (part.p_size <= 15))))
(11 rows)

query 20 run 1
SET
SET
SET
                                                             QUERY PLAN                                                              
-------------------------------------------------------------------------------------------------------------------------------------
 Limit  (cost=2537869.98..2739696.37 rows=1 width=51)
   ->  Nested Loop Semi Join  (cost=2537869.98..2739696.37 rows=1 width=51)
         Join Filter: (supplier.s_suppkey = lineitem.l_suppkey)
         ->  Gather Merge  (cost=4122.93..4578.81 rows=4000 width=55)
               Workers Planned: 1
               ->  Sort  (cost=3122.92..3128.80 rows=2353 width=55)
                     Sort Key: supplier.s_name
                     ->  Hash Join  (cost=1.32..2991.15 rows=2353 width=55)
                           Hash Cond: (supplier.s_nationkey = nation.n_nationkey)
                           ->  Parallel Seq Scan on supplier  (cost=0.00..2809.24 rows=58824 width=59)
                           ->  Hash  (cost=1.31..1.31 rows=1 width=4)
                                 ->  Seq Scan on nation  (cost=0.00..1.31 rows=1 width=4)
                                       Filter: (n_name = 'IRAQ'::bpchar)
         ->  Materialize  (cost=2533747.05..2734937.57 rows=3 width=8)
               ->  Hash Join  (cost=2533747.05..2734937.55 rows=3 width=8)
                     Hash Cond: ((lineitem.l_partkey = partsupp.ps_partkey) AND (lineitem.l_suppkey = partsupp.ps_suppkey))
                     Join Filter: ((partsupp.ps_availqty)::numeric > ((0.5 * sum(lineitem.l_quantity))))
                     ->  HashAggregate  (cost=2463742.20..2628239.94 rows=4892352 width=40)
                           Group Key: lineitem.l_partkey, lineitem.l_suppkey
                           Planned Partitions: 32
                           ->  Seq Scan on lineitem  (cost=0.00..2024944.64 rows=9329915 width=13)
                                 Filter: ((l_shipdate >= '1996-01-01'::date) AND (l_shipdate < '1997-01-01'::date))
                     ->  Hash  (cost=68793.08..68793.08 rows=80784 width=16)
                           ->  Gather  (cost=1000.86..68793.08 rows=80784 width=16)
                                 Workers Planned: 4
                                 ->  Nested Loop  (cost=0.86..59714.68 rows=20196 width=16)
                                       ->  Parallel Index Only Scan using q20_idx_2 on part  (cost=0.43..45557.41 rows=5051 width=4)
                                             Filter: ((p_name)::text ~~ 'olive%'::text)
                                       ->  Index Only Scan using q20_idx_1 on partsupp  (cost=0.43..2.62 rows=18 width=12)
                                             Index Cond: (ps_partkey = part.p_partkey)
(30 rows)

query 21 run 1
SET
SET
SET
                                                                            QUERY PLAN                                                                            
------------------------------------------------------------------------------------------------------------------------------------------------------------------
 Limit  (cost=565477.51..565477.51 rows=1 width=34)
   ->  Sort  (cost=565477.51..565477.51 rows=1 width=34)
         Sort Key: (count(*)) DESC, supplier.s_name
         ->  GroupAggregate  (cost=565477.48..565477.50 rows=1 width=34)
               Group Key: supplier.s_name
               ->  Sort  (cost=565477.48..565477.48 rows=1 width=26)
                     Sort Key: supplier.s_name
                     ->  Nested Loop Semi Join  (cost=286168.03..565477.47 rows=1 width=26)
                           Join Filter: (l2.l_suppkey <> l1.l_suppkey)
                           ->  Nested Loop  (cost=286167.47..565474.82 rows=1 width=38)
                                 ->  Gather  (cost=286167.03..565472.38 rows=1 width=34)
                                       Workers Planned: 4
                                       ->  Parallel Hash Right Anti Join  (cost=285167.03..564472.28 rows=1 width=34)
                                             Hash Cond: (l3.l_orderkey = l1.l_orderkey)
                                             Join Filter: (l3.l_suppkey <> l1.l_suppkey)
                                             ->  Parallel Index Only Scan using q21_idx_2 on lineitem l3  (cost=0.56..259727.51 rows=4998898 width=8)
                                             ->  Parallel Hash  (cost=282669.17..282669.17 rows=199784 width=34)
                                                   ->  Parallel Hash Join  (cost=3021.13..282669.17 rows=199784 width=34)
                                                         Hash Cond: (l1.l_suppkey = supplier.s_suppkey)
                                                         ->  Parallel Index Only Scan using q21_idx_2 on lineitem l1  (cost=0.56..259727.51 rows=4998898 width=8)
                                                         ->  Parallel Hash  (cost=2991.15..2991.15 rows=2353 width=30)
                                                               ->  Hash Join  (cost=1.32..2991.15 rows=2353 width=30)
                                                                     Hash Cond: (supplier.s_nationkey = nation.n_nationkey)
                                                                     ->  Parallel Seq Scan on supplier  (cost=0.00..2809.24 rows=58824 width=34)
                                                                     ->  Hash  (cost=1.31..1.31 rows=1 width=4)
                                                                           ->  Seq Scan on nation  (cost=0.00..1.31 rows=1 width=4)
                                                                                 Filter: (n_name = 'PERU'::bpchar)
                                 ->  Index Only Scan using q21_idx_3 on orders  (cost=0.43..2.45 rows=1 width=4)
                                       Index Cond: ((o_orderkey = l1.l_orderkey) AND (o_orderstatus = 'F'::bpchar))
                           ->  Index Only Scan using q21_idx_1 on lineitem l2  (cost=0.56..2.63 rows=4 width=8)
                                 Index Cond: (l_orderkey = orders.o_orderkey)
(31 rows)

query 22 run 1
SET
SET
SET
                                                                        QUERY PLAN                                                                        
----------------------------------------------------------------------------------------------------------------------------------------------------------
 Limit  (cost=93876.92..93878.77 rows=1 width=72)
   InitPlan 1
     ->  Finalize Aggregate  (cost=46821.10..46821.11 rows=1 width=32)
           ->  Gather  (cost=46820.66..46821.07 rows=4 width=32)
                 Workers Planned: 4
                 ->  Partial Aggregate  (cost=45820.66..45820.67 rows=1 width=32)
                       ->  Parallel Seq Scan on customer customer_1  (cost=0.00..45790.74 rows=11970 width=6)
                             Filter: ((c_acctbal > 0.00) AND (SUBSTRING(c_phone FROM 1 FOR 2) = ANY ('{21,29,26,34,14,15,17}'::text[])))
   ->  GroupAggregate  (cost=47055.81..60578.70 rows=7312 width=72)
         Group Key: SUBSTRING(customer.c_phone FROM 1 FOR 2)
         ->  Nested Loop Anti Join  (cost=47055.81..60395.90 rows=7312 width=38)
               ->  Gather Merge  (cost=47055.37..49150.73 rows=17500 width=26)
                     Workers Planned: 4
                     ->  Sort  (cost=46055.32..46066.25 rows=4375 width=26)
                           Sort Key: (SUBSTRING(customer.c_phone FROM 1 FOR 2))
                           ->  Parallel Seq Scan on customer  (cost=0.00..45790.74 rows=4375 width=26)
                                 Filter: ((c_acctbal > (InitPlan 1).col1) AND (SUBSTRING(c_phone FROM 1 FOR 2) = ANY ('{21,29,26,34,14,15,17}'::text[])))
               ->  Index Only Scan using idx_orders_custkey on orders  (cost=0.43..2.63 rows=17 width=4)
                     Index Cond: (o_custkey = customer.c_custkey)
(19 rows)

