query 1 run 1
SET
SET
SET
                                           QUERY PLAN                                           
------------------------------------------------------------------------------------------------
 Limit  (cost=4246658.76..4246658.76 rows=1 width=236)
   ->  Sort  (cost=4246658.76..4246658.77 rows=6 width=236)
         Sort Key: l_returnflag, l_linestatus
         ->  HashAggregate  (cost=4246658.56..4246658.73 rows=6 width=236)
               Group Key: l_returnflag, l_linestatus
               ->  Seq Scan on lineitem  (cost=0.00..1874930.80 rows=59293194 width=25)
                     Filter: (l_shipdate <= '1998-09-10 00:00:00'::timestamp without time zone)
(7 rows)

query 2 run 1
SET
SET
SET
                                                                          QUERY PLAN                                                                           
---------------------------------------------------------------------------------------------------------------------------------------------------------------
 Limit  (cost=559584.11..559584.11 rows=1 width=192)
   ->  Sort  (cost=559584.11..559584.11 rows=1 width=192)
         Sort Key: supplier.s_acctbal DESC, nation.n_name, supplier.s_name, part.p_partkey
         ->  Nested Loop  (cost=52.74..559584.10 rows=1 width=192)
               Join Filter: (nation.n_nationkey = supplier.s_nationkey)
               ->  Nested Loop  (cost=0.00..2.62 rows=5 width=30)
                     Join Filter: (nation.n_regionkey = region.r_regionkey)
                     ->  Seq Scan on region  (cost=0.00..1.06 rows=1 width=4)
                           Filter: (r_name = 'AMERICA'::bpchar)
                     ->  Seq Scan on nation  (cost=0.00..1.25 rows=25 width=34)
               ->  Materialize  (cost=52.74..559581.40 rows=1 width=170)
                     ->  Nested Loop  (cost=52.74..559581.39 rows=1 width=170)
                           Join Filter: (partsupp.ps_suppkey = supplier.s_suppkey)
                           ->  Nested Loop  (cost=52.74..555110.39 rows=1 width=34)
                                 ->  Index Only Scan using q2_idx_1 on part  (cost=0.55..54723.20 rows=9220 width=30)
                                       Index Cond: (p_size = 16)
                                       Filter: ((p_type)::text ~~ '%NICKEL'::text)
                                 ->  Index Only Scan using q2_idx_2 on partsupp  (cost=52.19..54.26 rows=1 width=14)
                                       Index Cond: ((ps_partkey = part.p_partkey) AND (ps_supplycost = (SubPlan 1)))
                                       SubPlan 1
                                         ->  Aggregate  (cost=51.75..51.76 rows=1 width=32)
                                               ->  Nested Loop  (cost=2.54..51.74 rows=4 width=6)
                                                     Join Filter: (nation_1.n_regionkey = region_1.r_regionkey)
                                                     ->  Seq Scan on region region_1  (cost=0.00..1.06 rows=1 width=4)
                                                           Filter: (r_name = 'AMERICA'::bpchar)
                                                     ->  Hash Join  (cost=2.54..50.45 rows=18 width=10)
                                                           Hash Cond: (supplier_1.s_nationkey = nation_1.n_nationkey)
                                                           ->  Nested Loop  (cost=0.97..48.83 rows=18 width=10)
                                                                 ->  Index Only Scan using q2_idx_2 on partsupp partsupp_1  (cost=0.43..2.75 rows=18 width=10)
                                                                       Index Cond: (ps_partkey = part.p_partkey)
                                                                 ->  Index Only Scan using q2_idx_3 on supplier supplier_1  (cost=0.54..2.56 rows=1 width=8)
                                                                       Index Cond: (s_suppkey = partsupp_1.ps_suppkey)
                                                           ->  Hash  (cost=1.25..1.25 rows=25 width=8)
                                                                 ->  Seq Scan on nation nation_1  (cost=0.00..1.25 rows=25 width=8)
                           ->  Seq Scan on supplier  (cost=0.00..3221.00 rows=100000 width=144)
(35 rows)

query 3 run 1
SET
SET
SET
                                                     QUERY PLAN                                                      
---------------------------------------------------------------------------------------------------------------------
 Limit  (cost=3450297.81..3450297.84 rows=10 width=44)
   ->  Sort  (cost=3450297.81..3458181.11 rows=3153320 width=44)
         Sort Key: (sum((lineitem.l_extendedprice * ('1'::numeric - lineitem.l_discount)))) DESC, orders.o_orderdate
         ->  GroupAggregate  (cost=3287556.10..3382155.70 rows=3153320 width=44)
               Group Key: lineitem.l_orderkey, orders.o_orderdate, orders.o_shippriority
               ->  Sort  (cost=3287556.10..3295439.40 rows=3153320 width=24)
                     Sort Key: lineitem.l_orderkey, orders.o_orderdate, orders.o_shippriority
                     ->  Hash Join  (cost=551917.49..2900987.30 rows=3153320 width=24)
                           Hash Cond: (lineitem.l_orderkey = orders.o_orderkey)
                           ->  Seq Scan on lineitem  (cost=0.00..1874930.80 rows=32217284 width=16)
                                 Filter: (l_shipdate > '1995-03-07'::date)
                           ->  Hash  (cost=526397.24..526397.24 rows=1468100 width=12)
                                 ->  Hash Join  (cost=58468.94..526397.24 rows=1468100 width=12)
                                       Hash Cond: (orders.o_custkey = customer.c_custkey)
                                       ->  Seq Scan on orders  (cost=0.00..448761.65 rows=7301559 width=16)
                                             Filter: (o_orderdate < '1995-03-07'::date)
                                       ->  Hash  (cost=54698.61..54698.61 rows=301626 width=4)
                                             ->  Seq Scan on customer  (cost=0.00..54698.61 rows=301626 width=4)
                                                   Filter: (c_mktsegment = 'BUILDING'::bpchar)
(19 rows)

query 4 run 1
SET
SET
SET
                                                           QUERY PLAN                                                           
--------------------------------------------------------------------------------------------------------------------------------
 Limit  (cost=804518.52..804518.53 rows=1 width=24)
   ->  Sort  (cost=804518.52..804518.54 rows=5 width=24)
         Sort Key: orders.o_orderpriority
         ->  HashAggregate  (cost=804518.45..804518.50 rows=5 width=24)
               Group Key: orders.o_orderpriority
               ->  Merge Semi Join  (cost=331702.70..801728.32 rows=558026 width=16)
                     Merge Cond: (orders.o_orderkey = lineitem.l_orderkey)
                     ->  Sort  (cost=331701.88..333097.29 rows=558165 width=20)
                           Sort Key: orders.o_orderkey
                           ->  Bitmap Heap Scan on orders  (cost=8783.63..278424.10 rows=558165 width=20)
                                 Recheck Cond: ((o_orderdate >= '1993-12-01'::date) AND (o_orderdate < '1994-03-01'::date))
                                 ->  Bitmap Index Scan on idx_orders_orderdate  (cost=0.00..8644.09 rows=558165 width=0)
                                       Index Cond: ((o_orderdate >= '1993-12-01'::date) AND (o_orderdate < '1994-03-01'::date))
                     ->  Index Only Scan using q21_idx_2 on lineitem  (cost=0.56..409809.68 rows=19994341 width=4)
(14 rows)

query 5 run 1
SET
SET
SET
                                                                 QUERY PLAN                                                                 
--------------------------------------------------------------------------------------------------------------------------------------------
 Limit  (cost=1636549.66..1636549.67 rows=1 width=58)
   ->  Sort  (cost=1636549.66..1636549.73 rows=25 width=58)
         Sort Key: (sum((lineitem.l_extendedprice * ('1'::numeric - lineitem.l_discount)))) DESC
         ->  GroupAggregate  (cost=1635653.43..1636549.54 rows=25 width=58)
               Group Key: nation.n_name
               ->  Sort  (cost=1635653.43..1635832.59 rows=71664 width=38)
                     Sort Key: nation.n_name
                     ->  Hash Join  (cost=103833.19..1629874.10 rows=71664 width=38)
                           Hash Cond: ((lineitem.l_suppkey = supplier.s_suppkey) AND (customer.c_nationkey = supplier.s_nationkey))
                           ->  Nested Loop  (cost=99112.19..1615603.92 rows=1818889 width=50)
                                 ->  Hash Join  (cost=99111.63..407568.82 rows=454836 width=38)
                                       Hash Cond: (orders.o_custkey = customer.c_custkey)
                                       ->  Bitmap Heap Scan on orders  (cost=35784.76..331165.43 rows=2274178 width=8)
                                             Recheck Cond: ((o_orderdate >= '1993-01-01'::date) AND (o_orderdate < '1994-01-01'::date))
                                             ->  Bitmap Index Scan on idx_orders_orderdate  (cost=0.00..35216.21 rows=2274178 width=0)
                                                   Index Cond: ((o_orderdate >= '1993-01-01'::date) AND (o_orderdate < '1994-01-01'::date))
                                       ->  Hash  (cost=59576.54..59576.54 rows=300026 width=38)
                                             ->  Hash Join  (cost=2.51..59576.54 rows=300026 width=38)
                                                   Hash Cond: (customer.c_nationkey = nation.n_nationkey)
                                                   ->  Seq Scan on customer  (cost=0.00..50948.29 rows=1500129 width=8)
                                                   ->  Hash  (cost=2.45..2.45 rows=5 width=30)
                                                         ->  Hash Join  (cost=1.07..2.45 rows=5 width=30)
                                                               Hash Cond: (nation.n_regionkey = region.r_regionkey)
                                                               ->  Seq Scan on nation  (cost=0.00..1.25 rows=25 width=34)
                                                               ->  Hash  (cost=1.06..1.06 rows=1 width=4)
                                                                     ->  Seq Scan on region  (cost=0.00..1.06 rows=1 width=4)
                                                                           Filter: (r_name = 'AMERICA'::bpchar)
                                 ->  Index Only Scan using q5_idx_1 on lineitem  (cost=0.56..2.62 rows=4 width=20)
                                       Index Cond: (l_orderkey = orders.o_orderkey)
                           ->  Hash  (cost=3221.00..3221.00 rows=100000 width=8)
                                 ->  Seq Scan on supplier  (cost=0.00..3221.00 rows=100000 width=8)
(31 rows)

query 6 run 1
SET
SET
SET
                                                                                                          QUERY PLAN                                                                                                           
-------------------------------------------------------------------------------------------------------------------------------------------------------------------------------------------------------------------------------
 Limit  (cost=1174490.76..1174490.77 rows=1 width=32)
   ->  Aggregate  (cost=1174490.76..1174490.77 rows=1 width=32)
         ->  Bitmap Heap Scan on lineitem  (cost=231872.51..1168532.86 rows=1191578 width=12)
               Recheck Cond: ((l_shipdate >= '1993-01-01'::date) AND (l_shipdate < '1994-01-01 00:00:00'::timestamp without time zone) AND (l_discount >= 0.06) AND (l_discount <= 0.08) AND (l_quantity < '25'::numeric))
               ->  Bitmap Index Scan on idx_lineitem_shipdate  (cost=0.00..231574.61 rows=1191578 width=0)
                     Index Cond: ((l_shipdate >= '1993-01-01'::date) AND (l_shipdate < '1994-01-01 00:00:00'::timestamp without time zone) AND (l_discount >= 0.06) AND (l_discount <= 0.08) AND (l_quantity < '25'::numeric))
(6 rows)

query 7 run 1
SET
SET
SET
                                                                                 QUERY PLAN                                                                                  
-----------------------------------------------------------------------------------------------------------------------------------------------------------------------------
 Limit  (cost=2411786.53..2411786.65 rows=1 width=92)
   ->  GroupAggregate  (cost=2411786.53..2412999.90 rows=10064 width=92)
         Group Key: n1.n_name, n2.n_name, (date_part('year'::text, (lineitem.l_shipdate)::timestamp without time zone))
         ->  Sort  (cost=2411786.53..2411934.71 rows=59271 width=72)
               Sort Key: n1.n_name, n2.n_name, (date_part('year'::text, (lineitem.l_shipdate)::timestamp without time zone))
               ->  Hash Join  (cost=887757.42..2407087.81 rows=59271 width=72)
                     Hash Cond: (lineitem.l_orderkey = orders.o_orderkey)
                     Join Filter: (((n1.n_name = 'PERU'::bpchar) AND (n2.n_name = 'MOROCCO'::bpchar)) OR ((n1.n_name = 'MOROCCO'::bpchar) AND (n2.n_name = 'PERU'::bpchar)))
                     ->  Hash Join  (cost=327989.14..1806164.51 rows=1424240 width=46)
                           Hash Cond: (lineitem.l_suppkey = supplier.s_suppkey)
                           ->  Bitmap Heap Scan on lineitem  (cost=324359.74..1720534.71 rows=18068798 width=24)
                                 Recheck Cond: ((l_shipdate >= '1995-01-01'::date) AND (l_shipdate <= '1996-12-31'::date))
                                 ->  Bitmap Index Scan on idx_lineitem_shipdate  (cost=0.00..319842.54 rows=18068798 width=0)
                                       Index Cond: ((l_shipdate >= '1995-01-01'::date) AND (l_shipdate <= '1996-12-31'::date))
                           ->  Hash  (cost=3529.40..3529.40 rows=8000 width=30)
                                 ->  Hash Join  (cost=1.40..3529.40 rows=8000 width=30)
                                       Hash Cond: (supplier.s_nationkey = n1.n_nationkey)
                                       ->  Seq Scan on supplier  (cost=0.00..3221.00 rows=100000 width=8)
                                       ->  Hash  (cost=1.38..1.38 rows=2 width=30)
                                             ->  Seq Scan on nation n1  (cost=0.00..1.38 rows=2 width=30)
                                                   Filter: ((n_name = 'PERU'::bpchar) OR (n_name = 'MOROCCO'::bpchar))
                     ->  Hash  (cost=536565.78..536565.78 rows=1199959 width=30)
                           ->  Hash Join  (cost=57055.21..536565.78 rows=1199959 width=30)
                                 Hash Cond: (orders.o_custkey = customer.c_custkey)
                                 ->  Seq Scan on orders  (cost=0.00..411262.92 rows=14999492 width=8)
                                 ->  Hash  (cost=55555.08..55555.08 rows=120010 width=30)
                                       ->  Hash Join  (cost=1.40..55555.08 rows=120010 width=30)
                                             Hash Cond: (customer.c_nationkey = n2.n_nationkey)
                                             ->  Seq Scan on customer  (cost=0.00..50948.29 rows=1500129 width=8)
                                             ->  Hash  (cost=1.38..1.38 rows=2 width=30)
                                                   ->  Seq Scan on nation n2  (cost=0.00..1.38 rows=2 width=30)
                                                         Filter: ((n_name = 'MOROCCO'::bpchar) OR (n_name = 'PERU'::bpchar))
(32 rows)

query 8 run 1
SET
SET
SET
                                                                    QUERY PLAN                                                                     
---------------------------------------------------------------------------------------------------------------------------------------------------
 Limit  (cost=623014.01..623014.26 rows=1 width=40)
   ->  GroupAggregate  (cost=623014.01..623608.87 rows=2406 width=40)
         Group Key: (date_part('year'::text, (orders.o_orderdate)::timestamp without time zone))
         ->  Sort  (cost=623014.01..623074.09 rows=24032 width=46)
               Sort Key: (date_part('year'::text, (orders.o_orderdate)::timestamp without time zone))
               ->  Hash Join  (cost=510969.60..621265.36 rows=24032 width=46)
                     Hash Cond: (supplier.s_nationkey = n2.n_nationkey)
                     ->  Hash Join  (cost=510968.04..621069.86 rows=24032 width=20)
                           Hash Cond: (lineitem.l_suppkey = supplier.s_suppkey)
                           ->  Hash Join  (cost=506497.04..616534.84 rows=24391 width=20)
                                 Hash Cond: (lineitem.l_orderkey = orders.o_orderkey)
                                 ->  Nested Loop  (cost=1.12..100033.41 rows=399894 width=20)
                                       ->  Index Only Scan using q2_idx_1 on part  (cost=0.55..54313.22 rows=13333 width=4)
                                             Index Cond: (p_type = 'LARGE POLISHED BRASS'::text)
                                       ->  Index Only Scan using q8_idx_1 on lineitem  (cost=0.56..3.11 rows=32 width=24)
                                             Index Cond: (l_partkey = part.p_partkey)
                                 ->  Hash  (cost=491486.21..491486.21 rows=914857 width=8)
                                       ->  Hash Join  (cost=135301.74..491486.21 rows=914857 width=8)
                                             Hash Cond: (orders.o_custkey = customer.c_custkey)
                                             ->  Bitmap Heap Scan on orders  (cost=71974.88..401857.18 rows=4574287 width=12)
                                                   Recheck Cond: ((o_orderdate >= '1995-01-01'::date) AND (o_orderdate <= '1996-12-31'::date))
                                                   ->  Bitmap Index Scan on idx_orders_orderdate  (cost=0.00..70831.30 rows=4574287 width=0)
                                                         Index Cond: ((o_orderdate >= '1995-01-01'::date) AND (o_orderdate <= '1996-12-31'::date))
                                             ->  Hash  (cost=59576.54..59576.54 rows=300026 width=4)
                                                   ->  Hash Join  (cost=2.51..59576.54 rows=300026 width=4)
                                                         Hash Cond: (customer.c_nationkey = n1.n_nationkey)
                                                         ->  Seq Scan on customer  (cost=0.00..50948.29 rows=1500129 width=8)
                                                         ->  Hash  (cost=2.45..2.45 rows=5 width=4)
                                                               ->  Hash Join  (cost=1.07..2.45 rows=5 width=4)
                                                                     Hash Cond: (n1.n_regionkey = region.r_regionkey)
                                                                     ->  Seq Scan on nation n1  (cost=0.00..1.25 rows=25 width=8)
                                                                     ->  Hash  (cost=1.06..1.06 rows=1 width=4)
                                                                           ->  Seq Scan on region  (cost=0.00..1.06 rows=1 width=4)
                                                                                 Filter: (r_name = 'AMERICA'::bpchar)
                           ->  Hash  (cost=3221.00..3221.00 rows=100000 width=8)
                                 ->  Seq Scan on supplier  (cost=0.00..3221.00 rows=100000 width=8)
                     ->  Hash  (cost=1.25..1.25 rows=25 width=30)
                           ->  Seq Scan on nation n2  (cost=0.00..1.25 rows=25 width=30)
(38 rows)

query 9 run 1
SET
SET
SET
                                                                  QUERY PLAN                                                                  
----------------------------------------------------------------------------------------------------------------------------------------------
 Limit  (cost=1925446.90..1925446.90 rows=1 width=66)
   ->  Sort  (cost=1925446.90..1925597.28 rows=60150 width=66)
         Sort Key: nation.n_name, (date_part('year'::text, (orders.o_orderdate)::timestamp without time zone)) DESC
         ->  HashAggregate  (cost=1924093.53..1925146.15 rows=60150 width=66)
               Group Key: nation.n_name, date_part('year'::text, (orders.o_orderdate)::timestamp without time zone)
               ->  Hash Join  (cost=1002507.67..1850963.90 rows=4178836 width=57)
                     Hash Cond: (supplier.s_nationkey = nation.n_nationkey)
                     ->  Hash Join  (cost=1002506.11..1817239.13 rows=4178836 width=31)
                           Hash Cond: (lineitem.l_orderkey = orders.o_orderkey)
                           ->  Hash Join  (cost=345157.54..1033195.12 rows=4178836 width=31)
                                 Hash Cond: (lineitem.l_suppkey = supplier.s_suppkey)
                                 ->  Hash Join  (cost=340686.54..1017590.43 rows=4241226 width=35)
                                       Hash Cond: ((lineitem.l_suppkey = partsupp.ps_suppkey) AND (lineitem.l_partkey = partsupp.ps_partkey))
                                       ->  Nested Loop  (cost=1.12..549303.57 rows=4241226 width=33)
                                             ->  Index Only Scan using q20_idx_2 on part  (cost=0.55..64481.01 rows=141408 width=4)
                                                   Filter: ((p_name)::text ~~ '%navy%'::text)
                                             ->  Index Only Scan using q9_idx_1 on lineitem  (cost=0.56..3.11 rows=32 width=29)
                                                   Index Cond: (l_partkey = part.p_partkey)
                                       ->  Hash  (cost=181615.43..181615.43 rows=8000333 width=14)
                                             ->  Index Only Scan using q2_idx_2 on partsupp  (cost=0.43..181615.43 rows=8000333 width=14)
                                 ->  Hash  (cost=3221.00..3221.00 rows=100000 width=8)
                                       ->  Seq Scan on supplier  (cost=0.00..3221.00 rows=100000 width=8)
                           ->  Hash  (cost=411262.92..411262.92 rows=14999492 width=8)
                                 ->  Seq Scan on orders  (cost=0.00..411262.92 rows=14999492 width=8)
                     ->  Hash  (cost=1.25..1.25 rows=25 width=30)
                           ->  Seq Scan on nation  (cost=0.00..1.25 rows=25 width=30)
(26 rows)

query 10 run 1
SET
SET
SET
                                                                    QUERY PLAN                                                                    
--------------------------------------------------------------------------------------------------------------------------------------------------
 Limit  (cost=1785141.86..1785141.91 rows=20 width=201)
   ->  Sort  (cost=1785141.86..1786604.36 rows=585000 width=201)
         Sort Key: (sum((lineitem.l_extendedprice * ('1'::numeric - lineitem.l_discount)))) DESC
         ->  GroupAggregate  (cost=1753487.72..1769575.22 rows=585000 width=201)
               Group Key: customer.c_custkey, nation.n_name
               ->  Sort  (cost=1753487.72..1754950.22 rows=585000 width=181)
                     Sort Key: customer.c_custkey, nation.n_name
                     ->  Hash Join  (cost=388645.09..1660315.35 rows=585000 width=181)
                           Hash Cond: (customer.c_nationkey = nation.n_nationkey)
                           ->  Hash Join  (cost=388643.53..1658517.83 rows=585000 width=159)
                                 Hash Cond: (orders.o_custkey = customer.c_custkey)
                                 ->  Hash Join  (cost=286713.63..1517108.31 rows=585000 width=16)
                                       Hash Cond: (lineitem.l_orderkey = orders.o_orderkey)
                                       ->  Index Only Scan using q10_idx_2 on lineitem  (cost=0.56..1191257.05 rows=14909781 width=16)
                                             Index Cond: (l_returnflag = 'R'::bpchar)
                                       ->  Hash  (cost=279356.57..279356.57 rows=588520 width=8)
                                             ->  Bitmap Heap Scan on orders  (cost=9260.76..279356.57 rows=588520 width=8)
                                                   Recheck Cond: ((o_orderdate >= '1994-08-01'::date) AND (o_orderdate < '1994-11-01'::date))
                                                   ->  Bitmap Index Scan on idx_orders_orderdate  (cost=0.00..9113.64 rows=588520 width=0)
                                                         Index Cond: ((o_orderdate >= '1994-08-01'::date) AND (o_orderdate < '1994-11-01'::date))
                                 ->  Hash  (cost=50948.29..50948.29 rows=1500129 width=147)
                                       ->  Seq Scan on customer  (cost=0.00..50948.29 rows=1500129 width=147)
                           ->  Hash  (cost=1.25..1.25 rows=25 width=30)
                                 ->  Seq Scan on nation  (cost=0.00..1.25 rows=25 width=30)
(24 rows)

query 11 run 1
SET
SET
SET
                                                             QUERY PLAN                                                             
------------------------------------------------------------------------------------------------------------------------------------
 Limit  (cost=625997.38..625997.38 rows=1 width=36)
   InitPlan 1 (returns $1)
     ->  Aggregate  (cost=293167.66..293167.67 rows=1 width=32)
           ->  Hash Join  (cost=2357.31..290767.56 rows=320013 width=10)
                 Hash Cond: (partsupp_1.ps_suppkey = supplier_1.s_suppkey)
                 ->  Seq Scan on partsupp partsupp_1  (cost=0.00..255225.33 rows=8000333 width=14)
                 ->  Hash  (cost=2307.31..2307.31 rows=4000 width=4)
                       ->  Nested Loop  (cost=55.29..2307.31 rows=4000 width=4)
                             ->  Seq Scan on nation nation_1  (cost=0.00..1.31 rows=1 width=4)
                                   Filter: (n_name = 'SAUDI ARABIA'::bpchar)
                             ->  Bitmap Heap Scan on supplier supplier_1  (cost=55.29..2266.00 rows=4000 width=8)
                                   Recheck Cond: (s_nationkey = nation_1.n_nationkey)
                                   ->  Bitmap Index Scan on idx_supplier_nation_key  (cost=0.00..54.29 rows=4000 width=0)
                                         Index Cond: (s_nationkey = nation_1.n_nationkey)
   ->  Sort  (cost=332829.70..333629.74 rows=320013 width=36)
         Sort Key: (sum((partsupp.ps_supplycost * (partsupp.ps_availqty)::numeric))) DESC
         ->  GroupAggregate  (cost=320029.18..331229.64 rows=320013 width=36)
               Group Key: partsupp.ps_partkey
               Filter: (sum((partsupp.ps_supplycost * (partsupp.ps_availqty)::numeric)) > $1)
               ->  Sort  (cost=320029.18..320829.22 rows=320013 width=14)
                     Sort Key: partsupp.ps_partkey
                     ->  Hash Join  (cost=2357.31..290767.56 rows=320013 width=14)
                           Hash Cond: (partsupp.ps_suppkey = supplier.s_suppkey)
                           ->  Seq Scan on partsupp  (cost=0.00..255225.33 rows=8000333 width=18)
                           ->  Hash  (cost=2307.31..2307.31 rows=4000 width=4)
                                 ->  Nested Loop  (cost=55.29..2307.31 rows=4000 width=4)
                                       ->  Seq Scan on nation  (cost=0.00..1.31 rows=1 width=4)
                                             Filter: (n_name = 'SAUDI ARABIA'::bpchar)
                                       ->  Bitmap Heap Scan on supplier  (cost=55.29..2266.00 rows=4000 width=8)
                                             Recheck Cond: (s_nationkey = nation.n_nationkey)
                                             ->  Bitmap Index Scan on idx_supplier_nation_key  (cost=0.00..54.29 rows=4000 width=0)
                                                   Index Cond: (s_nationkey = nation.n_nationkey)
(32 rows)

query 12 run 1
SET
SET
SET
                                                       QUERY PLAN                                                       
------------------------------------------------------------------------------------------------------------------------
 Limit  (cost=761712.92..761712.92 rows=1 width=27)
   ->  Sort  (cost=761712.92..761712.94 rows=7 width=27)
         Sort Key: lineitem.l_shipmode
         ->  HashAggregate  (cost=761712.81..761712.88 rows=7 width=27)
               Group Key: lineitem.l_shipmode
               ->  Merge Join  (cost=57.07..756555.35 rows=294712 width=27)
                     Merge Cond: (orders.o_orderkey = lineitem.l_orderkey)
                     ->  Index Scan using orders_pkey on orders  (cost=0.43..568523.82 rows=14999492 width=20)
                     ->  Index Only Scan using q12_idx_1 on lineitem  (cost=0.56..146906.12 rows=294712 width=15)
                           Index Cond: ((l_receiptdate >= '1994-01-01'::date) AND (l_receiptdate < '1995-01-01'::date))
                           Filter: (l_shipmode = ANY ('{SHIP,"REG AIR"}'::bpchar[]))
(11 rows)

query 13 run 1
SET
SET
SET
                                                              QUERY PLAN                                                               
---------------------------------------------------------------------------------------------------------------------------------------
 Limit  (cost=2727493.80..2727493.80 rows=1 width=16)
   ->  Sort  (cost=2727493.80..2727494.30 rows=200 width=16)
         Sort Key: (count(*)) DESC, (count(orders.o_orderkey)) DESC
         ->  HashAggregate  (cost=2727490.80..2727492.80 rows=200 width=16)
               Group Key: count(orders.o_orderkey)
               ->  GroupAggregate  (cost=2578627.41..2704988.86 rows=1500129 width=12)
                     Group Key: customer.c_custkey
                     ->  Sort  (cost=2578627.41..2615747.46 rows=14848022 width=8)
                           Sort Key: customer.c_custkey
                           ->  Hash Right Join  (cost=55345.98..664945.79 rows=14848022 width=8)
                                 Hash Cond: (orders.o_custkey = customer.c_custkey)
                                 ->  Seq Scan on orders  (cost=0.00..448761.65 rows=14848022 width=8)
                                       Filter: ((o_comment)::text !~~ '%special%requests%'::text)
                                 ->  Hash  (cost=30734.36..30734.36 rows=1500129 width=4)
                                       ->  Index Only Scan using customer_pkey on customer  (cost=0.43..30734.36 rows=1500129 width=4)
(15 rows)

query 14 run 1
SET
SET
SET
                                                    QUERY PLAN                                                    
------------------------------------------------------------------------------------------------------------------
 Limit  (cost=925864.27..925864.28 rows=1 width=32)
   ->  Aggregate  (cost=925864.27..925864.28 rows=1 width=32)
         ->  Hash Join  (cost=114316.03..911569.84 rows=816824 width=33)
               Hash Cond: (lineitem.l_partkey = part.p_partkey)
               ->  Bitmap Heap Scan on lineitem  (cost=14665.01..788124.66 rows=816824 width=16)
                     Recheck Cond: ((l_shipdate >= '1994-05-01'::date) AND (l_shipdate < '1994-06-01'::date))
                     ->  Bitmap Index Scan on idx_lineitem_shipdate  (cost=0.00..14460.81 rows=816824 width=0)
                           Index Cond: ((l_shipdate >= '1994-05-01'::date) AND (l_shipdate < '1994-06-01'::date))
               ->  Hash  (cost=60980.12..60980.12 rows=1999912 width=25)
                     ->  Seq Scan on part  (cost=0.00..60980.12 rows=1999912 width=25)
(10 rows)

query 15 run 1
SET
SET
SET
CREATE VIEW
                                                       QUERY PLAN                                                       
------------------------------------------------------------------------------------------------------------------------
 Limit  (cost=2695626.99..2695627.52 rows=1 width=103)
   InitPlan 1 (returns $0)
     ->  Aggregate  (cost=1225853.56..1225853.57 rows=1 width=32)
           ->  HashAggregate  (cost=1223316.23..1224584.90 rows=101493 width=36)
                 Group Key: lineitem_1.l_suppkey
                 ->  Bitmap Heap Scan on lineitem lineitem_1  (cost=41032.33..1200459.87 rows=2285636 width=16)
                       Recheck Cond: ((l_shipdate >= '1996-01-01'::date) AND (l_shipdate < '1996-04-01'::date))
                       ->  Bitmap Index Scan on idx_lineitem_shipdate  (cost=0.00..40460.93 rows=2285636 width=0)
                             Index Cond: ((l_shipdate >= '1996-01-01'::date) AND (l_shipdate < '1996-04-01'::date))
   ->  Merge Join  (cost=1469773.42..1523816.13 rows=101493 width=103)
         Merge Cond: (supplier.s_suppkey = lineitem.l_suppkey)
         ->  Index Scan using supplier_pkey on supplier  (cost=0.29..4274.29 rows=100000 width=71)
         ->  GroupAggregate  (cost=1469773.13..1517008.24 rows=101493 width=36)
               Group Key: lineitem.l_suppkey
               Filter: (sum((lineitem.l_extendedprice * ('1'::numeric - lineitem.l_discount))) = $0)
               ->  Sort  (cost=1469773.13..1475487.22 rows=2285636 width=16)
                     Sort Key: lineitem.l_suppkey
                     ->  Bitmap Heap Scan on lineitem  (cost=41032.33..1200459.87 rows=2285636 width=16)
                           Recheck Cond: ((l_shipdate >= '1996-01-01'::date) AND (l_shipdate < '1996-04-01'::date))
                           ->  Bitmap Index Scan on idx_lineitem_shipdate  (cost=0.00..40460.93 rows=2285636 width=0)
                                 Index Cond: ((l_shipdate >= '1996-01-01'::date) AND (l_shipdate < '1996-04-01'::date))
(21 rows)

DROP VIEW
query 16 run 1
SET
SET
SET
                                                                                         QUERY PLAN                                                                                         
--------------------------------------------------------------------------------------------------------------------------------------------------------------------------------------------
 Limit  (cost=371497.88..371497.89 rows=1 width=44)
   ->  Sort  (cost=371497.88..371883.44 rows=154222 width=44)
         Sort Key: (count(DISTINCT partsupp.ps_suppkey)) DESC, part.p_brand, part.p_type, part.p_size
         ->  GroupAggregate  (cost=361702.44..370726.77 rows=154222 width=44)
               Group Key: part.p_brand, part.p_type, part.p_size
               ->  Sort  (cost=361702.44..363198.86 rows=598569 width=40)
                     Sort Key: part.p_brand, part.p_type, part.p_size
                     ->  Hash Join  (cost=98193.50..292573.78 rows=598569 width=40)
                           Hash Cond: (partsupp.ps_partkey = part.p_partkey)
                           ->  Index Only Scan using partsupp_pkey on partsupp  (cost=3473.96..187353.79 rows=4000166 width=8)
                                 Filter: (NOT (hashed SubPlan 1))
                                 SubPlan 1
                                   ->  Seq Scan on supplier  (cost=0.00..3471.00 rows=1010 width=4)
                                         Filter: ((s_comment)::text ~~ '%Customer%Complaints%'::text)
                           ->  Hash  (cost=90978.80..90978.80 rows=299259 width=40)
                                 ->  Seq Scan on part  (cost=0.00..90978.80 rows=299259 width=40)
                                       Filter: ((p_brand <> 'Brand#12'::bpchar) AND ((p_type)::text !~~ 'SMALL BRUSHED%'::text) AND (p_size = ANY ('{12,32,36,26,40,34,49,9}'::integer[])))
(17 rows)

query 17 run 1
SET
SET
SET
                                                             QUERY PLAN                                                              
-------------------------------------------------------------------------------------------------------------------------------------
 Limit  (cost=1790234.81..1790234.82 rows=1 width=32)
   ->  Aggregate  (cost=1790234.81..1790234.82 rows=1 width=32)
         ->  Nested Loop  (cost=71090.53..1790187.86 rows=18777 width=8)
               Join Filter: (part.p_partkey = lineitem.l_partkey)
               ->  Merge Join  (cost=71089.96..1784345.20 rows=1878 width=40)
                     Merge Cond: (part.p_partkey = lineitem_1.l_partkey)
                     ->  Sort  (cost=71089.40..71094.40 rows=2001 width=4)
                           Sort Key: part.p_partkey
                           ->  Seq Scan on part  (cost=0.00..70979.68 rows=2001 width=4)
                                 Filter: ((p_brand = 'Brand#22'::bpchar) AND (p_container = 'LG BOX'::bpchar))
                     ->  GroupAggregate  (cost=0.56..1689763.40 rows=1877090 width=36)
                           Group Key: lineitem_1.l_partkey
                           ->  Index Only Scan using q17_idx_1 on lineitem lineitem_1  (cost=0.56..1361691.92 rows=59983024 width=9)
               ->  Index Only Scan using q9_idx_1 on lineitem  (cost=0.56..2.97 rows=11 width=17)
                     Index Cond: ((l_partkey = lineitem_1.l_partkey) AND (l_quantity < ((0.2 * avg(lineitem_1.l_quantity)))))
(15 rows)

query 18 run 1
SET
SET
SET
                                                                      QUERY PLAN                                                                       
-------------------------------------------------------------------------------------------------------------------------------------------------------
 Limit  (cost=20029331.33..20029331.58 rows=100 width=71)
   ->  Sort  (cost=20029331.33..20179251.54 rows=59968084 width=71)
         Sort Key: orders.o_totalprice DESC, orders.o_orderdate
         ->  GroupAggregate  (cost=16388112.39..17737394.28 rows=59968084 width=71)
               Group Key: customer.c_custkey, orders.o_orderkey
               ->  Sort  (cost=16388112.39..16538032.60 rows=59968084 width=44)
                     Sort Key: customer.c_custkey, orders.o_orderkey
                     ->  Hash Join  (cost=78753.41..6005608.11 rows=59968084 width=44)
                           Hash Cond: (orders.o_custkey = customer.c_custkey)
                           ->  Merge Join  (cost=263.51..4941033.54 rows=59968084 width=25)
                                 Merge Cond: (orders.o_orderkey = lineitem.l_orderkey)
                                 ->  Merge Join  (cost=1.00..2792481.05 rows=14995756 width=24)
                                       Merge Cond: (orders.o_orderkey = lineitem_1.l_orderkey)
                                       ->  Index Scan using orders_pkey on orders  (cost=0.43..568523.82 rows=14999492 width=20)
                                       ->  GroupAggregate  (cost=0.56..1849053.99 rows=14995756 width=4)
                                             Group Key: lineitem_1.l_orderkey
                                             Filter: (sum(lineitem_1.l_quantity) > '313'::numeric)
                                             ->  Index Only Scan using q18_idx_1 on lineitem lineitem_1  (cost=0.56..1361691.92 rows=59983024 width=9)
                                 ->  Index Only Scan using q18_idx_1 on lineitem  (cost=0.56..1361691.92 rows=59983024 width=9)
                           ->  Hash  (cost=50948.29..50948.29 rows=1500129 width=23)
                                 ->  Seq Scan on customer  (cost=0.00..50948.29 rows=1500129 width=23)
(21 rows)

query 19 run 1
SET
SET
SET
                                                                                                                                                                                                                                                                                                                                                                                                                                                                                  QUERY PLAN                                                                                                                                                                                                                                                                                                                                                                                                                                                                                   
-------------------------------------------------------------------------------------------------------------------------------------------------------------------------------------------------------------------------------------------------------------------------------------------------------------------------------------------------------------------------------------------------------------------------------------------------------------------------------------------------------------------------------------------------------------------------------------------------------------------------------------------------------------------------------------------------------------------------------------------------------------------------------------------------------------------------------------------------------------------------------------------------------------------------------------------------------------------------------
 Limit  (cost=142997.31..142997.32 rows=1 width=32)
   ->  Aggregate  (cost=142997.31..142997.32 rows=1 width=32)
         ->  Nested Loop  (cost=0.69..142989.26 rows=1073 width=12)
               ->  Seq Scan on part  (cost=0.00..125977.26 rows=4735 width=30)
                     Filter: ((p_size >= 1) AND (((p_brand = 'Brand#24'::bpchar) AND (p_container = ANY ('{"SM CASE","SM BOX","SM PACK","SM PKG"}'::bpchar[])) AND (p_size <= 5)) OR ((p_brand = 'Brand#43'::bpchar) AND (p_container = ANY ('{"MED BAG","MED BOX","MED PKG","MED PACK"}'::bpchar[])) AND (p_size <= 10)) OR ((p_brand = 'Brand#44'::bpchar) AND (p_container = ANY ('{"LG CASE","LG BOX","LG PACK","LG PKG"}'::bpchar[])) AND (p_size <= 15))))
               ->  Index Only Scan using q19_idx_1 on lineitem  (cost=0.69..3.58 rows=1 width=21)
                     Index Cond: ((l_partkey = part.p_partkey) AND (l_shipinstruct = 'DELIVER IN PERSON'::bpchar))
                     Filter: ((l_shipmode = ANY ('{AIR,"AIR REG"}'::bpchar[])) AND (((l_quantity >= '10'::numeric) AND (l_quantity <= '20'::numeric)) OR ((l_quantity >= '10'::numeric) AND (l_quantity <= '20'::numeric)) OR ((l_quantity >= '20'::numeric) AND (l_quantity <= '30'::numeric))) AND (((part.p_brand = 'Brand#24'::bpchar) AND (part.p_container = ANY ('{"SM CASE","SM BOX","SM PACK","SM PKG"}'::bpchar[])) AND (l_quantity >= '10'::numeric) AND (l_quantity <= '20'::numeric) AND (part.p_size <= 5)) OR ((part.p_brand = 'Brand#43'::bpchar) AND (part.p_container = ANY ('{"MED BAG","MED BOX","MED PKG","MED PACK"}'::bpchar[])) AND (l_quantity >= '10'::numeric) AND (l_quantity <= '20'::numeric) AND (part.p_size <= 10)) OR ((part.p_brand = 'Brand#44'::bpchar) AND (part.p_container = ANY ('{"LG CASE","LG BOX","LG PACK","LG PKG"}'::bpchar[])) AND (l_quantity >= '20'::numeric) AND (l_quantity <= '30'::numeric) AND (part.p_size <= 15))))
(8 rows)

query 20 run 1
SET
SET
SET
                                                                           QUERY PLAN                                                                           
----------------------------------------------------------------------------------------------------------------------------------------------------------------
 Limit  (cost=2936574.22..2936574.23 rows=1 width=51)
   ->  Sort  (cost=2936574.22..2936574.23 rows=1 width=51)
         Sort Key: supplier.s_name
         ->  Nested Loop Semi Join  (cost=2568555.49..2936574.21 rows=1 width=51)
               Join Filter: (supplier.s_suppkey = lineitem.l_suppkey)
               ->  Nested Loop  (cost=0.00..4472.31 rows=4000 width=55)
                     Join Filter: (supplier.s_nationkey = nation.n_nationkey)
                     ->  Seq Scan on nation  (cost=0.00..1.31 rows=1 width=4)
                           Filter: (n_name = 'IRAQ'::bpchar)
                     ->  Seq Scan on supplier  (cost=0.00..3221.00 rows=100000 width=59)
               ->  Materialize  (cost=2568555.49..2931921.91 rows=3 width=8)
                     ->  Merge Join  (cost=2568555.49..2931921.89 rows=3 width=8)
                           Merge Cond: (lineitem.l_partkey = partsupp.ps_partkey)
                           Join Filter: ((partsupp.ps_suppkey = lineitem.l_suppkey) AND ((partsupp.ps_availqty)::numeric > ((0.5 * sum(lineitem.l_quantity)))))
                           ->  GroupAggregate  (cost=2568554.51..2730616.73 rows=4814411 width=40)
                                 Group Key: lineitem.l_partkey, lineitem.l_suppkey
                                 ->  Sort  (cost=2568554.51..2591016.02 rows=8984606 width=13)
                                       Sort Key: lineitem.l_partkey, lineitem.l_suppkey
                                       ->  Bitmap Heap Scan on lineitem  (cost=161286.78..1421198.87 rows=8984606 width=13)
                                             Recheck Cond: ((l_shipdate >= '1996-01-01'::date) AND (l_shipdate < '1997-01-01'::date))
                                             ->  Bitmap Index Scan on idx_lineitem_shipdate  (cost=0.00..159040.62 rows=8984606 width=0)
                                                   Index Cond: ((l_shipdate >= '1996-01-01'::date) AND (l_shipdate < '1997-01-01'::date))
                           ->  Materialize  (cost=0.98..121303.47 rows=80811 width=16)
                                 ->  Nested Loop  (cost=0.98..121101.44 rows=80811 width=16)
                                       ->  Index Only Scan using q20_idx_2 on part  (cost=0.55..64481.01 rows=20201 width=4)
                                             Filter: ((p_name)::text ~~ 'olive%'::text)
                                       ->  Index Only Scan using q20_idx_1 on partsupp  (cost=0.43..2.62 rows=18 width=12)
                                             Index Cond: (ps_partkey = part.p_partkey)
(28 rows)

query 21 run 1
SET
SET
SET
                                                                   QUERY PLAN                                                                   
------------------------------------------------------------------------------------------------------------------------------------------------
 Limit  (cost=1921063.77..1921063.77 rows=1 width=34)
   ->  Sort  (cost=1921063.77..1921063.77 rows=1 width=34)
         Sort Key: (count(*)) DESC, supplier.s_name
         ->  GroupAggregate  (cost=1921063.74..1921063.76 rows=1 width=34)
               Group Key: supplier.s_name
               ->  Sort  (cost=1921063.74..1921063.74 rows=1 width=26)
                     Sort Key: supplier.s_name
                     ->  Nested Loop Anti Join  (cost=2385.96..1921063.73 rows=1 width=26)
                           ->  Nested Loop Semi Join  (cost=2385.39..1921061.14 rows=1 width=34)
                                 Join Filter: (l2.l_suppkey <> l1.l_suppkey)
                                 ->  Hash Join  (cost=2384.83..887376.43 rows=386203 width=38)
                                       Hash Cond: (l1.l_suppkey = supplier.s_suppkey)
                                       ->  Merge Join  (cost=27.52..844409.99 rows=9799226 width=12)
                                             Merge Cond: (l1.l_orderkey = orders.o_orderkey)
                                             ->  Index Only Scan using q21_idx_2 on lineitem l1  (cost=0.56..409809.68 rows=19994341 width=8)
                                             ->  Index Only Scan using q21_idx_3 on orders  (cost=0.43..268271.14 rows=7351251 width=4)
                                                   Index Cond: (o_orderstatus = 'F'::bpchar)
                                       ->  Hash  (cost=2307.31..2307.31 rows=4000 width=30)
                                             ->  Nested Loop  (cost=55.29..2307.31 rows=4000 width=30)
                                                   ->  Seq Scan on nation  (cost=0.00..1.31 rows=1 width=4)
                                                         Filter: (n_name = 'PERU'::bpchar)
                                                   ->  Bitmap Heap Scan on supplier  (cost=55.29..2266.00 rows=4000 width=34)
                                                         Recheck Cond: (s_nationkey = nation.n_nationkey)
                                                         ->  Bitmap Index Scan on idx_supplier_nation_key  (cost=0.00..54.29 rows=4000 width=0)
                                                               Index Cond: (s_nationkey = nation.n_nationkey)
                                 ->  Index Only Scan using q21_idx_1 on lineitem l2  (cost=0.56..2.63 rows=4 width=8)
                                       Index Cond: (l_orderkey = orders.o_orderkey)
                           ->  Index Only Scan using q21_idx_2 on lineitem l3  (cost=0.56..2.58 rows=1 width=8)
                                 Index Cond: (l_orderkey = l1.l_orderkey)
                                 Filter: (l_suppkey <> l1.l_suppkey)
(30 rows)

query 22 run 1
SET
SET
SET
                                                               QUERY PLAN                                                               
----------------------------------------------------------------------------------------------------------------------------------------
 Limit  (cost=162313.76..162313.78 rows=1 width=72)
   InitPlan 1 (returns $0)
     ->  Aggregate  (cost=75444.43..75444.44 rows=1 width=32)
           ->  Seq Scan on customer customer_1  (cost=0.00..75325.39 rows=47615 width=6)
                 Filter: ((c_acctbal > 0.00) AND ("substring"((c_phone)::text, 1, 2) = ANY ('{21,29,26,34,14,15,17}'::text[])))
   ->  GroupAggregate  (cost=86869.32..87086.32 rows=7891 width=72)
         Group Key: ("substring"((customer.c_phone)::text, 1, 2))
         ->  Sort  (cost=86869.32..86889.05 rows=7891 width=38)
               Sort Key: ("substring"((customer.c_phone)::text, 1, 2))
               ->  Nested Loop Anti Join  (cost=0.43..86358.54 rows=7891 width=38)
                     ->  Seq Scan on customer  (cost=0.00..75325.39 rows=17502 width=26)
                           Filter: ((c_acctbal > $0) AND ("substring"((c_phone)::text, 1, 2) = ANY ('{21,29,26,34,14,15,17}'::text[])))
                     ->  Index Only Scan using idx_orders_custkey on orders  (cost=0.43..2.66 rows=18 width=4)
                           Index Cond: (o_custkey = customer.c_custkey)
(14 rows)

