query 1 run 1
SET
SET
                                           QUERY PLAN                                           
------------------------------------------------------------------------------------------------
 Limit  (cost=381204.52..381204.53 rows=1 width=51)
   ->  Sort  (cost=381204.52..381204.54 rows=6 width=51)
         Sort Key: l_returnflag, l_linestatus
         ->  HashAggregate  (cost=381204.17..381204.45 rows=6 width=51)
               ->  Seq Scan on lineitem  (cost=0.00..233008.33 rows=5927834 width=51)
                     Filter: (l_shipdate <= '1998-09-10 00:00:00'::timestamp without time zone)
(6 rows)

query 2 run 1
SET
SET
                                                            QUERY PLAN                                                            
----------------------------------------------------------------------------------------------------------------------------------
 Limit  (cost=57722.63..57722.63 rows=1 width=215)
   ->  Sort  (cost=57722.63..57722.63 rows=1 width=215)
         Sort Key: supplier.s_acctbal, nation.n_name, supplier.s_name, part.p_partkey
         ->  Hash Join  (cost=8562.79..57722.62 rows=1 width=215)
               Hash Cond: (partsupp.ps_partkey = part.p_partkey)
               Join Filter: (partsupp.ps_supplycost = (subplan))
               ->  Hash Join  (cost=444.03..32975.45 rows=159442 width=197)
                     Hash Cond: (partsupp.ps_suppkey = supplier.s_suppkey)
                     ->  Seq Scan on partsupp  (cost=0.00..26937.00 rows=800000 width=19)
                     ->  Hash  (cost=419.03..419.03 rows=2000 width=186)
                           ->  Hash Join  (cost=2.53..419.03 rows=2000 width=186)
                                 Hash Cond: (supplier.s_nationkey = nation.n_nationkey)
                                 ->  Seq Scan on supplier  (cost=0.00..359.00 rows=10000 width=161)
                                 ->  Hash  (cost=2.47..2.47 rows=5 width=33)
                                       ->  Hash Join  (cost=1.07..2.47 rows=5 width=33)
                                             Hash Cond: (nation.n_regionkey = region.r_regionkey)
                                             ->  Seq Scan on nation  (cost=0.00..1.25 rows=25 width=37)
                                             ->  Hash  (cost=1.06..1.06 rows=1 width=4)
                                                   ->  Seq Scan on region  (cost=0.00..1.06 rows=1 width=4)
                                                         Filter: (r_name = 'AMERICA'::bpchar)
               ->  Hash  (cost=8108.00..8108.00 rows=861 width=33)
                     ->  Seq Scan on part  (cost=0.00..8108.00 rows=861 width=33)
                           Filter: ((p_size = 16) AND ((p_type)::text ~~ '%NICKEL'::text))
               SubPlan
                 ->  Aggregate  (cost=23.73..23.74 rows=1 width=11)
                       ->  Nested Loop  (cost=0.00..23.72 rows=1 width=11)
                             Join Filter: (nation.n_regionkey = region.r_regionkey)
                             ->  Seq Scan on region  (cost=0.00..1.06 rows=1 width=4)
                                   Filter: (r_name = 'AMERICA'::bpchar)
                             ->  Nested Loop  (cost=0.00..22.61 rows=4 width=15)
                                   ->  Nested Loop  (cost=0.00..21.49 rows=4 width=15)
                                         ->  Index Scan using idx_partsupp_partkey on partsupp  (cost=0.00..4.36 rows=4 width=15)
                                               Index Cond: ($0 = ps_partkey)
                                         ->  Index Scan using supplier_pkey on supplier  (cost=0.00..4.27 rows=1 width=8)
                                               Index Cond: (supplier.s_suppkey = partsupp.ps_suppkey)
                                   ->  Index Scan using nation_pkey on nation  (cost=0.00..0.27 rows=1 width=8)
                                         Index Cond: (supplier.s_nationkey = nation.n_nationkey)
(37 rows)

query 3 run 1
SET
SET
                                                  QUERY PLAN                                                   
---------------------------------------------------------------------------------------------------------------
 Limit  (cost=384920.09..384920.11 rows=10 width=34)
   ->  Sort  (cost=384920.09..385717.53 rows=318976 width=34)
         Sort Key: sum((lineitem.l_extendedprice * (1::numeric - lineitem.l_discount))), orders.o_orderdate
         ->  GroupAggregate  (cost=346191.47..355760.75 rows=318976 width=34)
               ->  Sort  (cost=346191.47..346988.91 rows=318976 width=34)
                     Sort Key: lineitem.l_orderkey, orders.o_orderdate, orders.o_shippriority
                     ->  Hash Join  (cost=68516.40..317032.14 rows=318976 width=34)
                           Hash Cond: (lineitem.l_orderkey = orders.o_orderkey)
                           ->  Seq Scan on lineitem  (cost=0.00..233008.33 rows=3284709 width=26)
                                 Filter: (l_shipdate > '1995-03-07'::date)
                           ->  Hash  (cost=66695.66..66695.66 rows=145659 width=12)
                                 ->  Hash Join  (cost=6469.69..66695.66 rows=145659 width=12)
                                       Hash Cond: (orders.o_custkey = customer.c_custkey)
                                       ->  Seq Scan on orders  (cost=0.00..50634.35 rows=723114 width=16)
                                             Filter: (o_orderdate < '1995-03-07'::date)
                                       ->  Hash  (cost=6092.00..6092.00 rows=30215 width=4)
                                             ->  Seq Scan on customer  (cost=0.00..6092.00 rows=30215 width=4)
                                                   Filter: (c_mktsegment = 'BUILDING'::bpchar)
(18 rows)

query 4 run 1
SET
SET
                                                     QUERY PLAN                                                     
--------------------------------------------------------------------------------------------------------------------
 Limit  (cost=70034.90..70034.90 rows=1 width=19)
   ->  Sort  (cost=70034.90..70034.90 rows=1 width=19)
         Sort Key: o_orderpriority
         ->  HashAggregate  (cost=70034.88..70034.89 rows=1 width=19)
               ->  Bitmap Heap Scan on orders  (cost=870.46..69895.59 rows=27858 width=19)
                     Recheck Cond: ((o_orderdate >= '1993-12-01'::date) AND (o_orderdate < '1994-03-01'::date))
                     Filter: (subplan)
                     ->  Bitmap Index Scan on idx_orders_orderdate  (cost=0.00..863.49 rows=55716 width=0)
                           Index Cond: ((o_orderdate >= '1993-12-01'::date) AND (o_orderdate < '1994-03-01'::date))
                     SubPlan
                       ->  Index Scan using q4_idx_1 on lineitem  (cost=0.00..4.70 rows=7 width=152)
                             Index Cond: (l_orderkey = $0)
(12 rows)

query 5 run 1
SET
SET
                                                              QUERY PLAN                                                              
--------------------------------------------------------------------------------------------------------------------------------------
 Limit  (cost=269197.06..269197.06 rows=1 width=51)
   ->  Sort  (cost=269197.06..269197.12 rows=25 width=51)
         Sort Key: sum((lineitem.l_extendedprice * (1::numeric - lineitem.l_discount)))
         ->  HashAggregate  (cost=269196.04..269196.48 rows=25 width=51)
               ->  Hash Join  (cost=10935.41..269160.75 rows=7058 width=51)
                     Hash Cond: ((customer.c_nationkey = supplier.s_nationkey) AND (lineitem.l_suppkey = supplier.s_suppkey))
                     ->  Nested Loop  (cost=10426.41..263290.58 rows=176353 width=63)
                           ->  Hash Join  (cost=10426.41..47160.10 rows=44079 width=41)
                                 Hash Cond: (orders.o_custkey = customer.c_custkey)
                                 ->  Bitmap Heap Scan on orders  (cost=3469.38..38660.31 rows=220395 width=8)
                                       Recheck Cond: ((o_orderdate >= '1993-01-01'::date) AND (o_orderdate < '1994-01-01'::date))
                                       ->  Bitmap Index Scan on idx_orders_orderdate  (cost=0.00..3414.28 rows=220395 width=0)
                                             Index Cond: ((o_orderdate >= '1993-01-01'::date) AND (o_orderdate < '1994-01-01'::date))
                                 ->  Hash  (cost=6582.03..6582.03 rows=30000 width=41)
                                       ->  Hash Join  (cost=2.53..6582.03 rows=30000 width=41)
                                             Hash Cond: (customer.c_nationkey = nation.n_nationkey)
                                             ->  Seq Scan on customer  (cost=0.00..5717.00 rows=150000 width=8)
                                             ->  Hash  (cost=2.47..2.47 rows=5 width=33)
                                                   ->  Hash Join  (cost=1.07..2.47 rows=5 width=33)
                                                         Hash Cond: (nation.n_regionkey = region.r_regionkey)
                                                         ->  Seq Scan on nation  (cost=0.00..1.25 rows=25 width=37)
                                                         ->  Hash  (cost=1.06..1.06 rows=1 width=4)
                                                               ->  Seq Scan on region  (cost=0.00..1.06 rows=1 width=4)
                                                                     Filter: (r_name = 'AMERICA'::bpchar)
                           ->  Index Scan using idx_lineitem_orderkey on lineitem  (cost=0.00..4.64 rows=21 width=30)
                                 Index Cond: (lineitem.l_orderkey = orders.o_orderkey)
                     ->  Hash  (cost=359.00..359.00 rows=10000 width=8)
                           ->  Seq Scan on supplier  (cost=0.00..359.00 rows=10000 width=8)
(28 rows)

query 6 run 1
SET
SET
                                                                                                         QUERY PLAN                                                                                                          
-----------------------------------------------------------------------------------------------------------------------------------------------------------------------------------------------------------------------------
 Limit  (cost=137996.09..137996.11 rows=1 width=22)
   ->  Aggregate  (cost=137996.09..137996.11 rows=1 width=22)
         ->  Bitmap Heap Scan on lineitem  (cost=26593.88..137701.21 rows=117952 width=22)
               Recheck Cond: ((l_shipdate >= '1993-01-01'::date) AND (l_shipdate < '1994-01-01 00:00:00'::timestamp without time zone) AND (l_discount >= 0.06) AND (l_discount <= 0.08) AND (l_quantity < 25::numeric))
               ->  Bitmap Index Scan on idx_lineitem_shipdate  (cost=0.00..26564.39 rows=117952 width=0)
                     Index Cond: ((l_shipdate >= '1993-01-01'::date) AND (l_shipdate < '1994-01-01 00:00:00'::timestamp without time zone) AND (l_discount >= 0.06) AND (l_discount <= 0.08) AND (l_quantity < 25::numeric))
(6 rows)

query 7 run 1
SET
SET
                                                                                                      QUERY PLAN                                                                                                       
-----------------------------------------------------------------------------------------------------------------------------------------------------------------------------------------------------------------------
 Limit  (cost=301297.30..301297.33 rows=1 width=84)
   ->  GroupAggregate  (cost=301297.30..301501.45 rows=5833 width=84)
         ->  Sort  (cost=301297.30..301311.88 rows=5833 width=84)
               Sort Key: n1.n_name, n2.n_name, date_part('year'::text, (lineitem.l_shipdate)::timestamp without time zone)
               ->  Hash Join  (cost=102790.42..300932.44 rows=5833 width=84)
                     Hash Cond: ((lineitem.l_suppkey = supplier.s_suppkey) AND (n1.n_nationkey = supplier.s_nationkey))
                     ->  Hash Join  (cost=102281.42..295958.83 rows=145903 width=92)
                           Hash Cond: (lineitem.l_orderkey = orders.o_orderkey)
                           ->  Bitmap Heap Scan on lineitem  (cost=40503.75..225877.45 rows=1825247 width=34)
                                 Recheck Cond: ((l_shipdate >= '1995-01-01'::date) AND (l_shipdate <= '1996-12-31'::date))
                                 ->  Bitmap Index Scan on idx_lineitem_shipdate  (cost=0.00..40047.44 rows=1825247 width=0)
                                       Index Cond: ((l_shipdate >= '1995-01-01'::date) AND (l_shipdate <= '1996-12-31'::date))
                           ->  Hash  (cost=60278.92..60278.92 rows=119900 width=66)
                                 ->  Hash Join  (cost=6570.68..60278.92 rows=119900 width=66)
                                       Hash Cond: (orders.o_custkey = customer.c_custkey)
                                       ->  Seq Scan on orders  (cost=0.00..46884.48 rows=1499948 width=8)
                                       ->  Hash  (cost=6420.80..6420.80 rows=11990 width=66)
                                             ->  Hash Join  (cost=21.30..6420.80 rows=11990 width=66)
                                                   Hash Cond: (customer.c_nationkey = n2.n_nationkey)
                                                   ->  Seq Scan on customer  (cost=0.00..5717.00 rows=150000 width=8)
                                                   ->  Hash  (cost=21.27..21.27 rows=2 width=66)
                                                         ->  Nested Loop  (cost=1.27..21.27 rows=2 width=66)
                                                               Join Filter: (((n1.n_name = 'PERU'::bpchar) AND (n2.n_name = 'MOROCCO'::bpchar)) OR ((n1.n_name = 'MOROCCO'::bpchar) AND (n2.n_name = 'PERU'::bpchar)))
                                                               ->  Seq Scan on nation n1  (cost=0.00..1.25 rows=25 width=33)
                                                               ->  Materialize  (cost=1.27..1.52 rows=25 width=33)
                                                                     ->  Seq Scan on nation n2  (cost=0.00..1.25 rows=25 width=33)
                     ->  Hash  (cost=359.00..359.00 rows=10000 width=8)
                           ->  Seq Scan on supplier  (cost=0.00..359.00 rows=10000 width=8)
(28 rows)

query 8 run 1
SET
SET
                                                                    QUERY PLAN                                                                     
---------------------------------------------------------------------------------------------------------------------------------------------------
 Limit  (cost=146892.85..146892.85 rows=1 width=55)
   ->  Sort  (cost=146892.85..146894.66 rows=727 width=55)
         Sort Key: date_part('year'::text, (orders.o_orderdate)::timestamp without time zone)
         ->  HashAggregate  (cost=146832.85..146858.29 rows=727 width=55)
               ->  Hash Join  (cost=57547.62..146814.74 rows=2415 width=55)
                     Hash Cond: (supplier.s_nationkey = n2.n_nationkey)
                     ->  Hash Join  (cost=57546.06..146767.89 rows=2415 width=30)
                           Hash Cond: (lineitem.l_suppkey = supplier.s_suppkey)
                           ->  Hash Join  (cost=57062.06..146223.52 rows=2415 width=30)
                                 Hash Cond: (lineitem.l_orderkey = orders.o_orderkey)
                                 ->  Nested Loop  (cost=0.00..88987.32 rows=39997 width=30)
                                       ->  Index Scan using q2_idx_1 on part  (cost=0.00..7093.50 rows=1333 width=4)
                                             Index Cond: ((p_type)::text = 'LARGE POLISHED BRASS'::text)
                                       ->  Index Scan using idx_lineitem_part_supp on lineitem  (cost=0.00..61.05 rows=31 width=34)
                                             Index Cond: (part.p_partkey = lineitem.l_partkey)
                                 ->  Hash  (cost=55930.14..55930.14 rows=90554 width=8)
                                       ->  Hash Join  (cost=14084.24..55930.14 rows=90554 width=8)
                                             Hash Cond: (orders.o_custkey = customer.c_custkey)
                                             ->  Bitmap Heap Scan on orders  (cost=7127.20..45803.72 rows=452768 width=12)
                                                   Recheck Cond: ((o_orderdate >= '1995-01-01'::date) AND (o_orderdate <= '1996-12-31'::date))
                                                   ->  Bitmap Index Scan on idx_orders_orderdate  (cost=0.00..7014.01 rows=452768 width=0)
                                                         Index Cond: ((o_orderdate >= '1995-01-01'::date) AND (o_orderdate <= '1996-12-31'::date))
                                             ->  Hash  (cost=6582.03..6582.03 rows=30000 width=4)
                                                   ->  Hash Join  (cost=2.53..6582.03 rows=30000 width=4)
                                                         Hash Cond: (customer.c_nationkey = n1.n_nationkey)
                                                         ->  Seq Scan on customer  (cost=0.00..5717.00 rows=150000 width=8)
                                                         ->  Hash  (cost=2.47..2.47 rows=5 width=4)
                                                               ->  Hash Join  (cost=1.07..2.47 rows=5 width=4)
                                                                     Hash Cond: (n1.n_regionkey = region.r_regionkey)
                                                                     ->  Seq Scan on nation n1  (cost=0.00..1.25 rows=25 width=8)
                                                                     ->  Hash  (cost=1.06..1.06 rows=1 width=4)
                                                                           ->  Seq Scan on region  (cost=0.00..1.06 rows=1 width=4)
                                                                                 Filter: (r_name = 'AMERICA'::bpchar)
                           ->  Hash  (cost=359.00..359.00 rows=10000 width=8)
                                 ->  Seq Scan on supplier  (cost=0.00..359.00 rows=10000 width=8)
                     ->  Hash  (cost=1.25..1.25 rows=25 width=33)
                           ->  Seq Scan on nation n2  (cost=0.00..1.25 rows=25 width=33)
(37 rows)

query 9 run 1
SET
SET
                                                                     QUERY PLAN                                                                      
-----------------------------------------------------------------------------------------------------------------------------------------------------
 Limit  (cost=180377.66..180377.70 rows=1 width=76)
   ->  GroupAggregate  (cost=180377.66..180381.22 rows=95 width=76)
         ->  Sort  (cost=180377.66..180377.90 rows=95 width=76)
               Sort Key: nation.n_name, date_part('year'::text, (orders.o_orderdate)::timestamp without time zone)
               ->  Nested Loop  (cost=0.00..180374.54 rows=95 width=76)
                     ->  Nested Loop  (cost=0.00..180252.42 rows=95 width=51)
                           ->  Nested Loop  (cost=0.00..179879.22 rows=95 width=55)
                                 ->  Nested Loop  (cost=0.00..179493.33 rows=95 width=55)
                                       ->  Nested Loop  (cost=0.00..40952.89 rows=31785 width=23)
                                             ->  Seq Scan on part  (cost=0.00..7608.00 rows=8081 width=4)
                                                   Filter: ((p_name)::text ~~ '%navy%'::text)
                                             ->  Index Scan using idx_partsupp_partkey on partsupp  (cost=0.00..4.08 rows=4 width=19)
                                                   Index Cond: (part.p_partkey = partsupp.ps_partkey)
                                       ->  Index Scan using idx_lineitem_part_supp on lineitem  (cost=0.00..4.34 rows=1 width=44)
                                             Index Cond: ((partsupp.ps_partkey = lineitem.l_partkey) AND (partsupp.ps_suppkey = lineitem.l_suppkey))
                                 ->  Index Scan using orders_pkey on orders  (cost=0.00..4.05 rows=1 width=8)
                                       Index Cond: (orders.o_orderkey = lineitem.l_orderkey)
                           ->  Index Scan using supplier_pkey on supplier  (cost=0.00..3.92 rows=1 width=8)
                                 Index Cond: (supplier.s_suppkey = lineitem.l_suppkey)
                     ->  Index Scan using nation_pkey on nation  (cost=0.00..1.27 rows=1 width=33)
                           Index Cond: (supplier.s_nationkey = nation.n_nationkey)
(21 rows)

query 10 run 1
SET
SET
                                                                           QUERY PLAN                                                                           
----------------------------------------------------------------------------------------------------------------------------------------------------------------
 Limit  (cost=304463.52..304463.57 rows=20 width=212)
   ->  Sort  (cost=304463.52..304604.36 rows=56333 width=212)
         Sort Key: sum((lineitem.l_extendedprice * (1::numeric - lineitem.l_discount)))
         ->  GroupAggregate  (cost=297765.05..300018.37 rows=56333 width=212)
               ->  Sort  (cost=297765.05..297905.89 rows=56333 width=212)
                     Sort Key: customer.c_custkey, customer.c_name, customer.c_acctbal, customer.c_phone, nation.n_name, customer.c_address, customer.c_comment
                     ->  Hash Join  (cost=41120.07..293319.90 rows=56333 width=212)
                           Hash Cond: (customer.c_nationkey = nation.n_nationkey)
                           ->  Hash Join  (cost=41118.51..292543.76 rows=56333 width=187)
                                 Hash Cond: (orders.o_custkey = customer.c_custkey)
                                 ->  Hash Join  (cost=33526.51..283613.85 rows=56333 width=26)
                                       Hash Cond: (lineitem.l_orderkey = orders.o_orderkey)
                                       ->  Seq Scan on lineitem  (cost=0.00..233008.33 rows=1468061 width=26)
                                             Filter: (l_returnflag = 'R'::bpchar)
                                       ->  Hash  (cost=32807.05..32807.05 rows=57557 width=8)
                                             ->  Bitmap Heap Scan on orders  (cost=906.29..32807.05 rows=57557 width=8)
                                                   Recheck Cond: ((o_orderdate >= '1994-08-01'::date) AND (o_orderdate < '1994-11-01'::date))
                                                   ->  Bitmap Index Scan on idx_orders_orderdate  (cost=0.00..891.90 rows=57557 width=0)
                                                         Index Cond: ((o_orderdate >= '1994-08-01'::date) AND (o_orderdate < '1994-11-01'::date))
                                 ->  Hash  (cost=5717.00..5717.00 rows=150000 width=165)
                                       ->  Seq Scan on customer  (cost=0.00..5717.00 rows=150000 width=165)
                           ->  Hash  (cost=1.25..1.25 rows=25 width=33)
                                 ->  Seq Scan on nation  (cost=0.00..1.25 rows=25 width=33)
(23 rows)

query 11 run 1
SET
SET
                                                        QUERY PLAN                                                        
--------------------------------------------------------------------------------------------------------------------------
 Limit  (cost=38611.29..38611.30 rows=1 width=19)
   InitPlan
     ->  Aggregate  (cost=17594.79..17594.81 rows=1 width=15)
           ->  Nested Loop  (cost=0.00..17515.07 rows=31888 width=15)
                 ->  Nested Loop  (cost=0.00..464.64 rows=400 width=4)
                       ->  Seq Scan on nation  (cost=0.00..1.31 rows=1 width=4)
                             Filter: (n_name = 'SAUDI ARABIA'::bpchar)
                       ->  Index Scan using idx_supplier_nation_key on supplier  (cost=0.00..458.33 rows=400 width=8)
                             Index Cond: (supplier.s_nationkey = nation.n_nationkey)
                 ->  Index Scan using idx_partsupp_suppkey on partsupp  (cost=0.00..41.63 rows=80 width=19)
                       Index Cond: (partsupp.ps_suppkey = supplier.s_suppkey)
   ->  Sort  (cost=21016.49..21096.21 rows=31888 width=19)
         Sort Key: sum((partsupp.ps_supplycost * (partsupp.ps_availqty)::numeric))
         ->  HashAggregate  (cost=17754.23..18631.15 rows=31888 width=19)
               Filter: (sum((ps_supplycost * (ps_availqty)::numeric)) > $0)
               ->  Nested Loop  (cost=0.00..17515.07 rows=31888 width=19)
                     ->  Nested Loop  (cost=0.00..464.64 rows=400 width=4)
                           ->  Seq Scan on nation  (cost=0.00..1.31 rows=1 width=4)
                                 Filter: (n_name = 'SAUDI ARABIA'::bpchar)
                           ->  Index Scan using idx_supplier_nation_key on supplier  (cost=0.00..458.33 rows=400 width=8)
                                 Index Cond: (supplier.s_nationkey = nation.n_nationkey)
                     ->  Index Scan using idx_partsupp_suppkey on partsupp  (cost=0.00..41.63 rows=80 width=23)
                           Index Cond: (partsupp.ps_suppkey = supplier.s_suppkey)
(23 rows)

query 12 run 1
SET
SET
                                                                                                                       QUERY PLAN                                                                                                                        
---------------------------------------------------------------------------------------------------------------------------------------------------------------------------------------------------------------------------------------------------------
 Limit  (cost=140759.93..140759.94 rows=1 width=33)
   ->  Sort  (cost=140759.93..140759.94 rows=1 width=33)
         Sort Key: lineitem.l_shipmode
         ->  HashAggregate  (cost=140759.90..140759.92 rows=1 width=33)
               ->  Merge Join  (cost=73785.78..140555.45 rows=27259 width=33)
                     Merge Cond: (orders.o_orderkey = lineitem.l_orderkey)
                     ->  Index Scan using orders_pkey on orders  (cost=0.00..62617.55 rows=1499948 width=23)
                     ->  Sort  (cost=73785.78..73853.93 rows=27259 width=18)
                           Sort Key: lineitem.l_orderkey
                           ->  Bitmap Heap Scan on lineitem  (cost=30975.59..71777.55 rows=27259 width=18)
                                 Recheck Cond: ((l_shipmode = ANY ('{SHIP,"REG AIR"}'::bpchar[])) AND (l_receiptdate >= '1994-01-01'::date) AND (l_receiptdate < '1995-01-01'::date) AND (l_commitdate < l_receiptdate) AND (l_shipdate < l_commitdate))
                                 ->  Bitmap Index Scan on q12_idx_1  (cost=0.00..30968.77 rows=27259 width=0)
                                       Index Cond: ((l_shipmode = ANY ('{SHIP,"REG AIR"}'::bpchar[])) AND (l_receiptdate >= '1994-01-01'::date) AND (l_receiptdate < '1995-01-01'::date))
(13 rows)

query 13 run 1
SET
SET
                                             QUERY PLAN                                             
----------------------------------------------------------------------------------------------------
 Limit  (cost=163407.77..163407.77 rows=1 width=8)
   ->  Sort  (cost=163407.77..163408.27 rows=200 width=8)
         Sort Key: count(*), c_orders.c_count
         ->  HashAggregate  (cost=163397.62..163400.12 rows=200 width=8)
               ->  HashAggregate  (cost=159272.62..161147.62 rows=150000 width=8)
                     ->  Hash Left Join  (cost=75918.84..152000.03 rows=1454519 width=8)
                           Hash Cond: (customer.c_custkey = orders.o_custkey)
                           ->  Seq Scan on customer  (cost=0.00..5717.00 rows=150000 width=4)
                           ->  Hash  (cost=50634.35..50634.35 rows=1454519 width=8)
                                 ->  Seq Scan on orders  (cost=0.00..50634.35 rows=1454519 width=8)
                                       Filter: ((o_comment)::text !~~ '%special%requests%'::text)
(11 rows)

query 14 run 1
SET
SET
                                                    QUERY PLAN                                                    
------------------------------------------------------------------------------------------------------------------
 Limit  (cost=99950.49..99950.52 rows=1 width=46)
   ->  Aggregate  (cost=99950.49..99950.52 rows=1 width=46)
         ->  Hash Join  (cost=11332.85..99562.25 rows=77647 width=46)
               Hash Cond: (lineitem.l_partkey = part.p_partkey)
               ->  Bitmap Heap Scan on lineitem  (cost=1724.85..88401.31 rows=77647 width=26)
                     Recheck Cond: ((l_shipdate >= '1994-05-01'::date) AND (l_shipdate < '1994-06-01'::date))
                     ->  Bitmap Index Scan on idx_lineitem_shipdate  (cost=0.00..1705.44 rows=77647 width=0)
                           Index Cond: ((l_shipdate >= '1994-05-01'::date) AND (l_shipdate < '1994-06-01'::date))
               ->  Hash  (cost=7108.00..7108.00 rows=200000 width=28)
                     ->  Seq Scan on part  (cost=0.00..7108.00 rows=200000 width=28)
(10 rows)

query 15 run 1
SET
SET
CREATE VIEW
                                                          QUERY PLAN                                                          
------------------------------------------------------------------------------------------------------------------------------
 Limit  (cost=304207.55..304208.90 rows=1 width=112)
   InitPlan
     ->  Aggregate  (cost=151816.47..151816.48 rows=1 width=32)
           ->  HashAggregate  (cost=151805.37..151811.85 rows=370 width=26)
                 ->  Bitmap Heap Scan on lineitem  (cost=4936.72..150693.30 rows=222415 width=26)
                       Recheck Cond: ((l_shipdate >= '1996-01-01'::date) AND (l_shipdate < '1996-04-01'::date))
                       ->  Bitmap Index Scan on idx_lineitem_shipdate  (cost=0.00..4881.12 rows=222415 width=0)
                             Index Cond: ((l_shipdate >= '1996-01-01'::date) AND (l_shipdate < '1996-04-01'::date))
   ->  Merge Join  (cost=152391.07..152891.87 rows=370 width=112)
         Merge Cond: (supplier.s_suppkey = revenue0.supplier_no)
         ->  Index Scan using supplier_pkey on supplier  (cost=0.00..470.25 rows=10000 width=80)
         ->  Sort  (cost=152391.07..152391.99 rows=370 width=36)
               Sort Key: revenue0.supplier_no
               ->  Subquery Scan revenue0  (cost=152361.41..152375.28 rows=370 width=36)
                     ->  HashAggregate  (cost=152361.41..152371.58 rows=370 width=26)
                           Filter: (sum((l_extendedprice * (1::numeric - l_discount))) = $0)
                           ->  Bitmap Heap Scan on lineitem  (cost=4936.72..150693.30 rows=222415 width=26)
                                 Recheck Cond: ((l_shipdate >= '1996-01-01'::date) AND (l_shipdate < '1996-04-01'::date))
                                 ->  Bitmap Index Scan on idx_lineitem_shipdate  (cost=0.00..4881.12 rows=222415 width=0)
                                       Index Cond: ((l_shipdate >= '1996-01-01'::date) AND (l_shipdate < '1996-04-01'::date))
(20 rows)

DROP VIEW
query 16 run 1
SET
SET
                                                                                         QUERY PLAN                                                                                         
--------------------------------------------------------------------------------------------------------------------------------------------------------------------------------------------
 Limit  (cost=49786.73..49786.74 rows=1 width=46)
   ->  Sort  (cost=49786.73..49793.45 rows=2688 width=46)
         Sort Key: count(DISTINCT partsupp.ps_suppkey), part.p_brand, part.p_type, part.p_size
         ->  GroupAggregate  (cost=48939.40..49633.62 rows=2688 width=46)
               ->  Sort  (cost=48939.40..49071.52 rows=52850 width=46)
                     Sort Key: part.p_brand, part.p_type, part.p_size
                     ->  Hash Join  (cost=10827.92..44793.42 rows=52850 width=46)
                           Hash Cond: (partsupp.ps_partkey = part.p_partkey)
                           ->  Seq Scan on partsupp  (cost=384.00..29321.00 rows=400000 width=8)
                                 Filter: (NOT (hashed subplan))
                                 SubPlan
                                   ->  Seq Scan on supplier  (cost=0.00..384.00 rows=1 width=4)
                                         Filter: ((s_comment)::text ~~ '%Customer%Complaints%'::text)
                           ->  Hash  (cost=10108.00..10108.00 rows=26873 width=46)
                                 ->  Seq Scan on part  (cost=0.00..10108.00 rows=26873 width=46)
                                       Filter: ((p_brand <> 'Brand#12'::bpchar) AND ((p_type)::text !~~ 'SMALL BRUSHED%'::text) AND (p_size = ANY ('{12,32,36,26,40,34,49,9}'::integer[])))
(16 rows)

query 17 run 1
SET
SET
                                                               QUERY PLAN                                                                
-----------------------------------------------------------------------------------------------------------------------------------------
 Limit  (cost=266131.28..266131.30 rows=1 width=13)
   ->  Aggregate  (cost=266131.28..266131.30 rows=1 width=13)
         ->  Nested Loop  (cost=256121.43..266126.41 rows=1950 width=13)
               ->  Hash Join  (cost=256121.43..261743.70 rows=191 width=40)
                     Hash Cond: (part_agg.agg_partkey = part.p_partkey)
                     ->  HashAggregate  (cost=248010.99..250943.36 rows=195491 width=14)
                           ->  Seq Scan on lineitem  (cost=0.00..218005.66 rows=6001066 width=14)
                     ->  Hash  (cost=8108.00..8108.00 rows=195 width=4)
                           ->  Seq Scan on part  (cost=0.00..8108.00 rows=195 width=4)
                                 Filter: ((p_brand = 'Brand#22'::bpchar) AND (p_container = 'LG BOX'::bpchar))
               ->  Index Scan using q17_idx_1 on lineitem  (cost=0.00..22.80 rows=10 width=27)
                     Index Cond: ((part.p_partkey = public.lineitem.l_partkey) AND (public.lineitem.l_quantity < part_agg.avg_quantity))
(12 rows)

query 18 run 1
SET
SET
                                                                       QUERY PLAN                                                                       
--------------------------------------------------------------------------------------------------------------------------------------------------------
 Limit  (cost=812030.83..812033.83 rows=100 width=57)
   ->  GroupAggregate  (cost=812030.83..846764.53 rows=1157790 width=57)
         ->  Sort  (cost=812030.83..814925.30 rows=1157790 width=57)
               Sort Key: orders.o_totalprice, orders.o_orderdate, customer.c_name, customer.c_custkey, orders.o_orderkey
               ->  Hash Join  (cost=409416.78..661504.34 rows=1157790 width=57)
                     Hash Cond: (public.lineitem.l_orderkey = orders.o_orderkey)
                     ->  Seq Scan on lineitem  (cost=0.00..218005.66 rows=6001066 width=14)
                     ->  Hash  (cost=405799.46..405799.46 rows=289386 width=51)
                           ->  Hash Join  (cost=326047.94..405799.46 rows=289386 width=51)
                                 Hash Cond: (orders.o_custkey = customer.c_custkey)
                                 ->  Merge IN Join  (cost=318455.94..391334.54 rows=289386 width=29)
                                       Merge Cond: (orders.o_orderkey = "IN_subquery".l_orderkey)
                                       ->  Index Scan using orders_pkey on orders  (cost=0.00..62617.55 rows=1499948 width=25)
                                       ->  Materialize  (cost=318455.94..321349.80 rows=289386 width=4)
                                             ->  GroupAggregate  (cost=0.00..315272.69 rows=289386 width=14)
                                                   Filter: (sum(l_quantity) > 313::numeric)
                                                   ->  Index Scan using idx_lineitem_orderkey on lineitem  (cost=0.00..280926.57 rows=6001066 width=14)
                                 ->  Hash  (cost=5717.00..5717.00 rows=150000 width=26)
                                       ->  Seq Scan on customer  (cost=0.00..5717.00 rows=150000 width=26)
(19 rows)

query 19 run 1
SET
SET
                                                                                                                                                                                                                                                                                                                                                                  QUERY PLAN                                                                                                                                                                                                                                                                                                                                                                   
-----------------------------------------------------------------------------------------------------------------------------------------------------------------------------------------------------------------------------------------------------------------------------------------------------------------------------------------------------------------------------------------------------------------------------------------------------------------------------------------------------------------------------------------------------------------------------------------------------------------------------------------------------------------------------------------------------------------------------------------------
 Limit  (cost=354006.97..354006.98 rows=1 width=22)
   ->  Aggregate  (cost=354006.97..354006.98 rows=1 width=22)
         ->  Hash Join  (cost=11860.64..354006.70 rows=108 width=22)
               Hash Cond: (lineitem.l_partkey = part.p_partkey)
               Join Filter: (((part.p_brand = 'Brand#24'::bpchar) AND (part.p_container = ANY ('{"SM CASE","SM BOX","SM PACK","SM PKG"}'::bpchar[])) AND (lineitem.l_quantity >= 10::numeric) AND (lineitem.l_quantity <= 20::numeric) AND (part.p_size <= 5)) OR ((part.p_brand = 'Brand#43'::bpchar) AND (part.p_container = ANY ('{"MED BAG","MED BOX","MED PKG","MED PACK"}'::bpchar[])) AND (lineitem.l_quantity >= 10::numeric) AND (lineitem.l_quantity <= 20::numeric) AND (part.p_size <= 10)) OR ((part.p_brand = 'Brand#44'::bpchar) AND (part.p_container = ANY ('{"LG CASE","LG BOX","LG PACK","LG PKG"}'::bpchar[])) AND (lineitem.l_quantity >= 20::numeric) AND (lineitem.l_quantity <= 30::numeric) AND (part.p_size <= 15)))
               ->  Seq Scan on lineitem  (cost=0.00..338026.98 rows=109672 width=36)
                     Filter: ((l_shipmode = ANY ('{AIR,"AIR REG"}'::bpchar[])) AND (l_shipinstruct = 'DELIVER IN PERSON'::bpchar) AND (((l_quantity >= 10::numeric) AND (l_quantity <= 20::numeric)) OR ((l_quantity >= 10::numeric) AND (l_quantity <= 20::numeric)) OR ((l_quantity >= 20::numeric) AND (l_quantity <= 30::numeric))))
               ->  Hash  (cost=10608.00..10608.00 rows=100211 width=36)
                     ->  Seq Scan on part  (cost=0.00..10608.00 rows=100211 width=36)
                           Filter: ((p_size >= 1) AND (((p_size <= 5) AND (p_size >= 1)) OR ((p_size <= 10) AND (p_size >= 1)) OR ((p_size <= 15) AND (p_size >= 1))))
(10 rows)

query 20 run 1
SET
SET
                                                                        QUERY PLAN                                                                         
-----------------------------------------------------------------------------------------------------------------------------------------------------------
 Limit  (cost=216704.18..216704.18 rows=1 width=57)
   ->  Sort  (cost=216704.18..216704.18 rows=1 width=57)
         Sort Key: supplier.s_name
         ->  Nested Loop  (cost=216699.60..216704.17 rows=1 width=57)
               ->  Nested Loop  (cost=216699.60..216703.89 rows=1 width=61)
                     ->  HashAggregate  (cost=216699.60..216699.61 rows=1 width=8)
                           ->  Nested Loop  (cost=206897.59..216699.59 rows=1 width=8)
                                 Join Filter: ((partsupp.ps_availqty)::numeric > agg_lineitem.agg_quantity)
                                 ->  Hash Join  (cost=206897.59..209911.83 rows=1862 width=44)
                                       Hash Cond: (agg_lineitem.agg_partkey = part.p_partkey)
                                       ->  HashAggregate  (cost=199188.59..200571.19 rows=92173 width=18)
                                             ->  Bitmap Heap Scan on lineitem  (cost=20454.69..192275.62 rows=921729 width=18)
                                                   Recheck Cond: ((l_shipdate >= '1996-01-01'::date) AND (l_shipdate < '1997-01-01'::date))
                                                   ->  Bitmap Index Scan on idx_lineitem_shipdate  (cost=0.00..20224.26 rows=921729 width=0)
                                                         Index Cond: ((l_shipdate >= '1996-01-01'::date) AND (l_shipdate < '1997-01-01'::date))
                                       ->  Hash  (cost=7658.50..7658.50 rows=4040 width=4)
                                             ->  HashAggregate  (cost=7618.10..7658.50 rows=4040 width=4)
                                                   ->  Seq Scan on part  (cost=0.00..7608.00 rows=4040 width=4)
                                                         Filter: ((p_name)::text ~~ 'olive%'::text)
                                 ->  Index Scan using partsupp_pkey on partsupp  (cost=0.00..3.63 rows=1 width=12)
                                       Index Cond: ((agg_lineitem.agg_partkey = partsupp.ps_partkey) AND (agg_lineitem.agg_suppkey = partsupp.ps_suppkey))
                     ->  Index Scan using supplier_pkey on supplier  (cost=0.00..4.27 rows=1 width=65)
                           Index Cond: (supplier.s_suppkey = partsupp.ps_suppkey)
               ->  Index Scan using nation_pkey on nation  (cost=0.00..0.27 rows=1 width=4)
                     Index Cond: (supplier.s_nationkey = nation.n_nationkey)
                     Filter: (n_name = 'IRAQ'::bpchar)
(26 rows)

query 21 run 1
SET
SET
                                                            QUERY PLAN                                                            
----------------------------------------------------------------------------------------------------------------------------------
 Limit  (cost=2226307.64..2226307.89 rows=100 width=29)
   ->  Sort  (cost=2226307.64..2226331.99 rows=9740 width=29)
         Sort Key: count(*), supplier.s_name
         ->  HashAggregate  (cost=2225540.63..2225662.38 rows=9740 width=29)
               ->  Nested Loop  (cost=40075.39..2225491.93 rows=9740 width=29)
                     ->  Hash Join  (cost=40075.39..2144925.18 rows=20004 width=33)
                           Hash Cond: (l1.l_suppkey = supplier.s_suppkey)
                           ->  Bitmap Heap Scan on lineitem l1  (cost=39811.84..2142586.26 rows=500089 width=8)
                                 Recheck Cond: (l_receiptdate > l_commitdate)
                                 Filter: ((subplan) AND (NOT (subplan)))
                                 ->  Bitmap Index Scan on q21_idx_2  (cost=0.00..39686.81 rows=2000355 width=0)
                                 SubPlan
                                   ->  Index Scan using idx_lineitem_orderkey on lineitem l3  (cost=0.00..5.05 rows=7 width=152)
                                         Index Cond: (l_orderkey = $0)
                                         Filter: ((l_suppkey <> $1) AND (l_receiptdate > l_commitdate))
                                   ->  Index Scan using idx_lineitem_orderkey on lineitem l2  (cost=0.00..5.00 rows=21 width=152)
                                         Index Cond: (l_orderkey = $0)
                                         Filter: (l_suppkey <> $1)
                           ->  Hash  (cost=258.55..258.55 rows=400 width=33)
                                 ->  Nested Loop  (cost=7.35..258.55 rows=400 width=33)
                                       ->  Seq Scan on nation  (cost=0.00..1.31 rows=1 width=4)
                                             Filter: (n_name = 'PERU'::bpchar)
                                       ->  Bitmap Heap Scan on supplier  (cost=7.35..252.24 rows=400 width=37)
                                             Recheck Cond: (supplier.s_nationkey = nation.n_nationkey)
                                             ->  Bitmap Index Scan on idx_supplier_nation_key  (cost=0.00..7.25 rows=400 width=0)
                                                   Index Cond: (supplier.s_nationkey = nation.n_nationkey)
                     ->  Index Scan using orders_pkey on orders  (cost=0.00..4.02 rows=1 width=4)
                           Index Cond: (orders.o_orderkey = l1.l_orderkey)
                           Filter: (o_orderstatus = 'F'::bpchar)
(29 rows)

query 22 run 1
SET
SET
                                                           QUERY PLAN                                                            
---------------------------------------------------------------------------------------------------------------------------------
 Limit  (cost=130745.20..130745.23 rows=1 width=30)
   InitPlan
     ->  Aggregate  (cost=8166.27..8166.28 rows=1 width=11)
           ->  Seq Scan on customer  (cost=0.00..8154.50 rows=4706 width=11)
                 Filter: ((c_acctbal > 0.00) AND ("substring"((c_phone)::text, 1, 2) = ANY ('{21,29,26,34,14,15,17}'::text[])))
   ->  GroupAggregate  (cost=122578.92..122604.78 rows=862 width=30)
         ->  Sort  (cost=122578.92..122581.08 rows=862 width=30)
               Sort Key: "substring"((customer.c_phone)::text, 1, 2)
               ->  Index Scan using q10_idx_1 on customer  (cost=0.00..122536.89 rows=862 width=30)
                     Index Cond: (c_acctbal > $0)
                     Filter: (("substring"((c_phone)::text, 1, 2) = ANY ('{21,29,26,34,14,15,17}'::text[])) AND (NOT (subplan)))
                     SubPlan
                       ->  Index Scan using idx_orders_custkey on orders  (cost=0.00..36.63 rows=17 width=124)
                             Index Cond: (o_custkey = $1)
(14 rows)

