query 1 run 1
SET
SET
SET
                                           QUERY PLAN                                           
------------------------------------------------------------------------------------------------
 Limit  (cost=3947975.15..3947975.15 rows=1 width=236)
   ->  Sort  (cost=3947975.15..3947975.17 rows=6 width=236)
         Sort Key: l_returnflag, l_linestatus
         ->  HashAggregate  (cost=3947974.96..3947975.12 rows=6 width=236)
               Group Key: l_returnflag, l_linestatus
               ->  Seq Scan on lineitem  (cost=0.00..1874957.05 rows=59229083 width=25)
                     Filter: (l_shipdate <= '1998-09-10 00:00:00'::timestamp without time zone)
(7 rows)

query 2 run 1
SET
SET
SET
                                                                          QUERY PLAN                                                                           
---------------------------------------------------------------------------------------------------------------------------------------------------------------
 Limit  (cost=518293.24..518293.24 rows=1 width=192)
   ->  Sort  (cost=518293.24..518293.24 rows=1 width=192)
         Sort Key: supplier.s_acctbal DESC, nation.n_name, supplier.s_name, part.p_partkey
         ->  Nested Loop  (cost=52.83..518293.23 rows=1 width=192)
               Join Filter: (supplier.s_nationkey = nation.n_nationkey)
               ->  Nested Loop  (cost=0.00..2.62 rows=5 width=30)
                     Join Filter: (nation.n_regionkey = region.r_regionkey)
                     ->  Seq Scan on region  (cost=0.00..1.06 rows=1 width=4)
                           Filter: (r_name = 'AMERICA'::bpchar)
                     ->  Seq Scan on nation  (cost=0.00..1.25 rows=25 width=34)
               ->  Materialize  (cost=52.83..518290.53 rows=1 width=170)
                     ->  Nested Loop  (cost=52.83..518290.53 rows=1 width=170)
                           Join Filter: (supplier.s_suppkey = partsupp.ps_suppkey)
                           ->  Nested Loop  (cost=52.83..513819.53 rows=1 width=34)
                                 ->  Index Only Scan using q2_idx_1 on part  (cost=0.43..54376.30 rows=8430 width=30)
                                       Index Cond: (p_size = 16)
                                       Filter: ((p_type)::text ~~ '%NICKEL'::text)
                                 ->  Index Only Scan using q2_idx_2 on partsupp  (cost=52.41..54.49 rows=1 width=14)
                                       Index Cond: ((ps_partkey = part.p_partkey) AND (ps_supplycost = (SubPlan 1)))
                                       SubPlan 1
                                         ->  Aggregate  (cost=51.96..51.97 rows=1 width=32)
                                               ->  Nested Loop  (cost=2.41..51.95 rows=4 width=6)
                                                     Join Filter: (nation_1.n_regionkey = region_1.r_regionkey)
                                                     ->  Seq Scan on region region_1  (cost=0.00..1.06 rows=1 width=4)
                                                           Filter: (r_name = 'AMERICA'::bpchar)
                                                     ->  Hash Join  (cost=2.41..50.65 rows=19 width=10)
                                                           Hash Cond: (supplier_1.s_nationkey = nation_1.n_nationkey)
                                                           ->  Nested Loop  (cost=0.85..49.03 rows=19 width=10)
                                                                 ->  Index Only Scan using q2_idx_2 on partsupp partsupp_1  (cost=0.43..2.77 rows=19 width=10)
                                                                       Index Cond: (ps_partkey = part.p_partkey)
                                                                 ->  Index Only Scan using q2_idx_3 on supplier supplier_1  (cost=0.42..2.43 rows=1 width=8)
                                                                       Index Cond: (s_suppkey = partsupp_1.ps_suppkey)
                                                           ->  Hash  (cost=1.25..1.25 rows=25 width=8)
                                                                 ->  Seq Scan on nation nation_1  (cost=0.00..1.25 rows=25 width=8)
                           ->  Seq Scan on supplier  (cost=0.00..3221.00 rows=100000 width=144)
(35 rows)

query 3 run 1
SET
SET
SET
                                                           QUERY PLAN                                                            
---------------------------------------------------------------------------------------------------------------------------------
 Limit  (cost=3198198.83..3198198.85 rows=10 width=44)
   ->  Sort  (cost=3198198.83..3205990.46 rows=3116652 width=44)
         Sort Key: (sum((lineitem.l_extendedprice * ('1'::numeric - lineitem.l_discount)))) DESC, orders.o_orderdate
         ->  HashAggregate  (cost=3055367.68..3130849.10 rows=3116652 width=44)
               Group Key: lineitem.l_orderkey, orders.o_orderdate, orders.o_shippriority
               Planned Partitions: 16
               ->  Hash Join  (cost=522042.60..2873238.33 rows=3116652 width=24)
                     Hash Cond: (lineitem.l_orderkey = orders.o_orderkey)
                     ->  Seq Scan on lineitem  (cost=0.00..1874957.05 rows=32408843 width=16)
                           Filter: (l_shipdate > '1995-03-07'::date)
                     ->  Hash  (cost=496964.56..496964.56 rows=1442643 width=12)
                           ->  Hash Join  (cost=126651.28..496964.56 rows=1442643 width=12)
                                 Hash Cond: (orders.o_custkey = customer.c_custkey)
                                 ->  Bitmap Heap Scan on orders  (cost=68200.85..419588.88 rows=7209602 width=16)
                                       Recheck Cond: (o_orderdate < '1995-03-07'::date)
                                       ->  Bitmap Index Scan on idx_orders_orderdate  (cost=0.00..66398.45 rows=7209602 width=0)
                                             Index Cond: (o_orderdate < '1995-03-07'::date)
                                 ->  Hash  (cost=54698.29..54698.29 rows=300171 width=4)
                                       ->  Seq Scan on customer  (cost=0.00..54698.29 rows=300171 width=4)
                                             Filter: (c_mktsegment = 'BUILDING'::bpchar)
(20 rows)

query 4 run 1
SET
SET
SET
                                                           QUERY PLAN                                                           
--------------------------------------------------------------------------------------------------------------------------------
 Limit  (cost=764247.77..764247.77 rows=1 width=24)
   ->  Sort  (cost=764247.77..764247.78 rows=5 width=24)
         Sort Key: orders.o_orderpriority
         ->  HashAggregate  (cost=764247.69..764247.74 rows=5 width=24)
               Group Key: orders.o_orderpriority
               ->  Merge Semi Join  (cost=326927.34..761560.83 rows=537372 width=16)
                     Merge Cond: (orders.o_orderkey = lineitem.l_orderkey)
                     ->  Sort  (cost=326926.71..328270.60 rows=537558 width=20)
                           Sort Key: orders.o_orderkey
                           ->  Bitmap Heap Scan on orders  (cost=6430.40..275761.77 rows=537558 width=20)
                                 Recheck Cond: ((o_orderdate >= '1993-12-01'::date) AND (o_orderdate < '1994-03-01'::date))
                                 ->  Bitmap Index Scan on idx_orders_orderdate  (cost=0.00..6296.02 rows=537558 width=0)
                                       Index Cond: ((o_orderdate >= '1993-12-01'::date) AND (o_orderdate < '1994-03-01'::date))
                     ->  Index Only Scan using q4_idx_1 on lineitem  (cost=0.44..374794.05 rows=19995041 width=4)
(14 rows)

query 5 run 1
SET
SET
SET
                                                                 QUERY PLAN                                                                 
--------------------------------------------------------------------------------------------------------------------------------------------
 Limit  (cost=1616521.41..1616521.41 rows=1 width=58)
   ->  Sort  (cost=1616521.41..1616521.47 rows=25 width=58)
         Sort Key: (sum((lineitem.l_extendedprice * ('1'::numeric - lineitem.l_discount)))) DESC
         ->  GroupAggregate  (cost=1615631.46..1616521.28 rows=25 width=58)
               Group Key: nation.n_name
               ->  Sort  (cost=1615631.46..1615809.36 rows=71161 width=38)
                     Sort Key: nation.n_name
                     ->  Hash Join  (cost=95007.27..1609896.31 rows=71161 width=38)
                           Hash Cond: ((lineitem.l_suppkey = supplier.s_suppkey) AND (customer.c_nationkey = supplier.s_nationkey))
                           ->  Nested Loop  (cost=90286.27..1595711.21 rows=1802683 width=50)
                                 ->  Hash Join  (cost=90285.71..398326.99 rows=450827 width=38)
                                       Hash Cond: (orders.o_custkey = customer.c_custkey)
                                       ->  Bitmap Heap Scan on orders  (cost=26959.31..322039.32 rows=2254134 width=8)
                                             Recheck Cond: ((o_orderdate >= '1993-01-01'::date) AND (o_orderdate < '1994-01-01'::date))
                                             ->  Bitmap Index Scan on idx_orders_orderdate  (cost=0.00..26395.78 rows=2254134 width=0)
                                                   Index Cond: ((o_orderdate >= '1993-01-01'::date) AND (o_orderdate < '1994-01-01'::date))
                                       ->  Hash  (cost=59576.14..59576.14 rows=300021 width=38)
                                             ->  Hash Join  (cost=2.51..59576.14 rows=300021 width=38)
                                                   Hash Cond: (customer.c_nationkey = nation.n_nationkey)
                                                   ->  Seq Scan on customer  (cost=0.00..50948.03 rows=1500103 width=8)
                                                   ->  Hash  (cost=2.45..2.45 rows=5 width=30)
                                                         ->  Hash Join  (cost=1.07..2.45 rows=5 width=30)
                                                               Hash Cond: (nation.n_regionkey = region.r_regionkey)
                                                               ->  Seq Scan on nation  (cost=0.00..1.25 rows=25 width=34)
                                                               ->  Hash  (cost=1.06..1.06 rows=1 width=4)
                                                                     ->  Seq Scan on region  (cost=0.00..1.06 rows=1 width=4)
                                                                           Filter: (r_name = 'AMERICA'::bpchar)
                                 ->  Index Only Scan using q5_idx_1 on lineitem  (cost=0.56..2.62 rows=4 width=20)
                                       Index Cond: (l_orderkey = orders.o_orderkey)
                           ->  Hash  (cost=3221.00..3221.00 rows=100000 width=8)
                                 ->  Seq Scan on supplier  (cost=0.00..3221.00 rows=100000 width=8)
(31 rows)

query 6 run 1
SET
SET
SET
                                                                                                          QUERY PLAN                                                                                                           
-------------------------------------------------------------------------------------------------------------------------------------------------------------------------------------------------------------------------------
 Limit  (cost=2078225.86..2078225.87 rows=1 width=32)
   ->  Aggregate  (cost=2078225.86..2078225.87 rows=1 width=32)
         ->  Bitmap Heap Scan on lineitem  (cost=234989.51..2072064.78 rows=1232216 width=12)
               Recheck Cond: ((l_shipdate >= '1993-01-01'::date) AND (l_shipdate < '1994-01-01 00:00:00'::timestamp without time zone) AND (l_discount >= 0.06) AND (l_discount <= 0.08) AND (l_quantity < '25'::numeric))
               ->  Bitmap Index Scan on idx_lineitem_shipdate  (cost=0.00..234681.46 rows=1232216 width=0)
                     Index Cond: ((l_shipdate >= '1993-01-01'::date) AND (l_shipdate < '1994-01-01 00:00:00'::timestamp without time zone) AND (l_discount >= 0.06) AND (l_discount <= 0.08) AND (l_quantity < '25'::numeric))
(6 rows)

query 7 run 1
SET
SET
SET
                                                                                 QUERY PLAN                                                                                  
-----------------------------------------------------------------------------------------------------------------------------------------------------------------------------
 Limit  (cost=2716585.36..2716585.48 rows=1 width=116)
   ->  GroupAggregate  (cost=2716585.36..2717778.38 rows=10020 width=116)
         Group Key: n1.n_name, n2.n_name, (EXTRACT(year FROM lineitem.l_shipdate))
         ->  Sort  (cost=2716585.36..2716734.32 rows=59584 width=96)
               Sort Key: n1.n_name, n2.n_name, (EXTRACT(year FROM lineitem.l_shipdate))
               ->  Hash Join  (cost=563429.19..2711859.56 rows=59584 width=96)
                     Hash Cond: (lineitem.l_orderkey = orders.o_orderkey)
                     Join Filter: (((n1.n_name = 'PERU'::bpchar) AND (n2.n_name = 'MOROCCO'::bpchar)) OR ((n1.n_name = 'MOROCCO'::bpchar) AND (n2.n_name = 'PERU'::bpchar)))
                     ->  Hash Join  (cost=3629.40..2110878.93 rows=1431754 width=46)
                           Hash Cond: (lineitem.l_suppkey = supplier.s_suppkey)
                           ->  Seq Scan on lineitem  (cost=0.00..2024919.86 rows=18136569 width=24)
                                 Filter: ((l_shipdate >= '1995-01-01'::date) AND (l_shipdate <= '1996-12-31'::date))
                           ->  Hash  (cost=3529.40..3529.40 rows=8000 width=30)
                                 ->  Hash Join  (cost=1.40..3529.40 rows=8000 width=30)
                                       Hash Cond: (supplier.s_nationkey = n1.n_nationkey)
                                       ->  Seq Scan on supplier  (cost=0.00..3221.00 rows=100000 width=8)
                                       ->  Hash  (cost=1.38..1.38 rows=2 width=30)
                                             ->  Seq Scan on nation n1  (cost=0.00..1.38 rows=2 width=30)
                                                   Filter: ((n_name = 'PERU'::bpchar) OR (n_name = 'MOROCCO'::bpchar))
                     ->  Hash  (cost=536594.31..536594.31 rows=1200118 width=30)
                           ->  Hash Join  (cost=57054.84..536594.31 rows=1200118 width=30)
                                 Hash Cond: (orders.o_custkey = customer.c_custkey)
                                 ->  Seq Scan on orders  (cost=0.00..411282.77 rows=15001477 width=8)
                                 ->  Hash  (cost=55554.74..55554.74 rows=120008 width=30)
                                       ->  Hash Join  (cost=1.40..55554.74 rows=120008 width=30)
                                             Hash Cond: (customer.c_nationkey = n2.n_nationkey)
                                             ->  Seq Scan on customer  (cost=0.00..50948.03 rows=1500103 width=8)
                                             ->  Hash  (cost=1.38..1.38 rows=2 width=30)
                                                   ->  Seq Scan on nation n2  (cost=0.00..1.38 rows=2 width=30)
                                                         Filter: ((n_name = 'MOROCCO'::bpchar) OR (n_name = 'PERU'::bpchar))
(30 rows)

query 8 run 1
SET
SET
SET
                                                                 QUERY PLAN                                                                  
---------------------------------------------------------------------------------------------------------------------------------------------
 Limit  (cost=577580.40..577580.65 rows=1 width=64)
   ->  GroupAggregate  (cost=577580.40..578165.69 rows=2406 width=64)
         Group Key: (EXTRACT(year FROM orders.o_orderdate))
         ->  Sort  (cost=577580.40..577640.09 rows=23874 width=70)
               Sort Key: (EXTRACT(year FROM orders.o_orderdate))
               ->  Nested Loop  (cost=226063.70..575844.39 rows=23874 width=70)
                     ->  Hash Join  (cost=226063.55..575171.99 rows=23874 width=20)
                           Hash Cond: (lineitem.l_suppkey = supplier.s_suppkey)
                           ->  Hash Join  (cost=221592.55..570637.48 rows=24194 width=20)
                                 Hash Cond: (orders.o_custkey = customer.c_custkey)
                                 ->  Hash Join  (cost=158266.15..506615.51 rows=120968 width=24)
                                       Hash Cond: (orders.o_orderkey = lineitem.l_orderkey)
                                       ->  Bitmap Heap Scan on orders  (cost=54773.62..384738.97 rows=4579823 width=12)
                                             Recheck Cond: ((o_orderdate >= '1995-01-01'::date) AND (o_orderdate <= '1996-12-31'::date))
                                             ->  Bitmap Index Scan on idx_orders_orderdate  (cost=0.00..53628.67 rows=4579823 width=0)
                                                   Index Cond: ((o_orderdate >= '1995-01-01'::date) AND (o_orderdate <= '1996-12-31'::date))
                                       ->  Hash  (cost=98539.54..98539.54 rows=396239 width=20)
                                             ->  Nested Loop  (cost=0.99..98539.54 rows=396239 width=20)
                                                   ->  Index Only Scan using q2_idx_1 on part  (cost=0.43..53964.25 rows=13211 width=4)
                                                         Index Cond: (p_type = 'LARGE POLISHED BRASS'::text)
                                                   ->  Index Only Scan using q8_idx_1 on lineitem  (cost=0.56..3.07 rows=30 width=24)
                                                         Index Cond: (l_partkey = part.p_partkey)
                                 ->  Hash  (cost=59576.14..59576.14 rows=300021 width=4)
                                       ->  Hash Join  (cost=2.51..59576.14 rows=300021 width=4)
                                             Hash Cond: (customer.c_nationkey = n1.n_nationkey)
                                             ->  Seq Scan on customer  (cost=0.00..50948.03 rows=1500103 width=8)
                                             ->  Hash  (cost=2.45..2.45 rows=5 width=4)
                                                   ->  Hash Join  (cost=1.07..2.45 rows=5 width=4)
                                                         Hash Cond: (n1.n_regionkey = region.r_regionkey)
                                                         ->  Seq Scan on nation n1  (cost=0.00..1.25 rows=25 width=8)
                                                         ->  Hash  (cost=1.06..1.06 rows=1 width=4)
                                                               ->  Seq Scan on region  (cost=0.00..1.06 rows=1 width=4)
                                                                     Filter: (r_name = 'AMERICA'::bpchar)
                           ->  Hash  (cost=3221.00..3221.00 rows=100000 width=8)
                                 ->  Seq Scan on supplier  (cost=0.00..3221.00 rows=100000 width=8)
                     ->  Memoize  (cost=0.15..1.17 rows=1 width=30)
                           Cache Key: supplier.s_nationkey
                           Cache Mode: logical
                           ->  Index Scan using nation_pkey on nation n2  (cost=0.14..1.16 rows=1 width=30)
                                 Index Cond: (n_nationkey = supplier.s_nationkey)
(40 rows)

query 9 run 1
SET
SET
SET
                                                                   QUERY PLAN                                                                   
------------------------------------------------------------------------------------------------------------------------------------------------
 Limit  (cost=1451386.93..1451386.93 rows=1 width=90)
   ->  Sort  (cost=1451386.93..1451537.30 rows=60150 width=90)
         Sort Key: nation.n_name, (EXTRACT(year FROM orders.o_orderdate)) DESC
         ->  HashAggregate  (cost=1450183.93..1451086.18 rows=60150 width=90)
               Group Key: nation.n_name, EXTRACT(year FROM orders.o_orderdate)
               ->  Hash Join  (cost=751252.54..1408330.39 rows=2391631 width=81)
                     Hash Cond: (supplier.s_nationkey = nation.n_nationkey)
                     ->  Hash Join  (cost=751250.98..1395007.44 rows=2391631 width=31)
                           Hash Cond: (orders.o_orderkey = lineitem.l_orderkey)
                           ->  Seq Scan on orders  (cost=0.00..411282.77 rows=15001477 width=8)
                           ->  Hash  (cost=705005.59..705005.59 rows=2391631 width=31)
                                 ->  Hash Join  (cost=4478.37..705005.59 rows=2391631 width=31)
                                       Hash Cond: (lineitem.l_suppkey = supplier.s_suppkey)
                                       ->  Merge Join  (cost=7.37..694172.23 rows=2423655 width=35)
                                             Merge Cond: (lineitem.l_partkey = partsupp.ps_partkey)
                                             Join Filter: (lineitem.l_suppkey = partsupp.ps_suppkey)
                                             ->  Nested Loop  (cost=0.99..336921.49 rows=2423655 width=33)
                                                   ->  Index Only Scan using q20_idx_2 on part  (cost=0.43..64305.76 rows=80807 width=4)
                                                         Filter: ((p_name)::text ~~ '%navy%'::text)
                                                   ->  Index Only Scan using q9_idx_1 on lineitem  (cost=0.56..3.07 rows=30 width=29)
                                                         Index Cond: (l_partkey = part.p_partkey)
                                             ->  Materialize  (cost=0.43..201530.16 rows=8000327 width=14)
                                                   ->  Index Only Scan using q2_idx_2 on partsupp  (cost=0.43..181529.34 rows=8000327 width=14)
                                       ->  Hash  (cost=3221.00..3221.00 rows=100000 width=8)
                                             ->  Seq Scan on supplier  (cost=0.00..3221.00 rows=100000 width=8)
                     ->  Hash  (cost=1.25..1.25 rows=25 width=30)
                           ->  Seq Scan on nation  (cost=0.00..1.25 rows=25 width=30)
(27 rows)

query 10 run 1
SET
SET
SET
                                                                       QUERY PLAN                                                                       
--------------------------------------------------------------------------------------------------------------------------------------------------------
 Limit  (cost=1716207.04..1716207.09 rows=20 width=201)
   ->  Sort  (cost=1716207.04..1717631.67 rows=569851 width=201)
         Sort Key: (sum((lineitem.l_extendedprice * ('1'::numeric - lineitem.l_discount)))) DESC
         ->  GroupAggregate  (cost=1568215.24..1701043.51 rows=569851 width=201)
               Group Key: customer.c_custkey, nation.n_name
               ->  Incremental Sort  (cost=1568215.24..1686797.24 rows=569851 width=181)
                     Sort Key: customer.c_custkey, nation.n_name
                     Presorted Key: customer.c_custkey
                     ->  Nested Loop  (cost=1568215.07..1661153.94 rows=569851 width=181)
                           ->  Merge Join  (cost=1568214.92..1647194.19 rows=569851 width=159)
                                 Merge Cond: (customer.c_custkey = orders.o_custkey)
                                 ->  Index Scan using customer_pkey on customer  (cost=0.43..66681.97 rows=1500103 width=147)
                                 ->  Sort  (cost=1568214.24..1569638.86 rows=569851 width=16)
                                       Sort Key: orders.o_custkey
                                       ->  Hash Join  (cost=283820.97..1513735.84 rows=569851 width=16)
                                             Hash Cond: (lineitem.l_orderkey = orders.o_orderkey)
                                             ->  Index Only Scan using q10_idx_2 on lineitem  (cost=0.56..1190649.90 rows=14958291 width=16)
                                                   Index Cond: (l_returnflag = 'R'::bpchar)
                                             ->  Hash  (cost=276676.71..276676.71 rows=571496 width=8)
                                                   ->  Bitmap Heap Scan on orders  (cost=6836.27..276676.71 rows=571496 width=8)
                                                         Recheck Cond: ((o_orderdate >= '1994-08-01'::date) AND (o_orderdate < '1994-11-01'::date))
                                                         ->  Bitmap Index Scan on idx_orders_orderdate  (cost=0.00..6693.40 rows=571496 width=0)
                                                               Index Cond: ((o_orderdate >= '1994-08-01'::date) AND (o_orderdate < '1994-11-01'::date))
                           ->  Memoize  (cost=0.15..1.17 rows=1 width=30)
                                 Cache Key: customer.c_nationkey
                                 Cache Mode: logical
                                 ->  Index Scan using nation_pkey on nation  (cost=0.14..1.16 rows=1 width=30)
                                       Index Cond: (n_nationkey = customer.c_nationkey)
(28 rows)

query 11 run 1
SET
SET
SET
                                                          QUERY PLAN                                                          
------------------------------------------------------------------------------------------------------------------------------
 Limit  (cost=608128.75..608128.75 rows=1 width=36)
   InitPlan 1 (returns $1)
     ->  Aggregate  (cost=293109.76..293109.77 rows=1 width=32)
           ->  Hash Join  (cost=2341.31..290709.66 rows=320013 width=10)
                 Hash Cond: (partsupp_1.ps_suppkey = supplier_1.s_suppkey)
                 ->  Seq Scan on partsupp partsupp_1  (cost=0.00..255225.27 rows=8000327 width=14)
                 ->  Hash  (cost=2291.31..2291.31 rows=4000 width=4)
                       ->  Nested Loop  (cost=39.29..2291.31 rows=4000 width=4)
                             ->  Seq Scan on nation nation_1  (cost=0.00..1.31 rows=1 width=4)
                                   Filter: (n_name = 'SAUDI ARABIA'::bpchar)
                             ->  Bitmap Heap Scan on supplier supplier_1  (cost=39.29..2250.00 rows=4000 width=8)
                                   Recheck Cond: (s_nationkey = nation_1.n_nationkey)
                                   ->  Bitmap Index Scan on idx_supplier_nation_key  (cost=0.00..38.29 rows=4000 width=0)
                                         Index Cond: (s_nationkey = nation_1.n_nationkey)
   ->  Sort  (cost=315018.98..315285.66 rows=106671 width=36)
         Sort Key: (sum((partsupp.ps_supplycost * (partsupp.ps_availqty)::numeric))) DESC
         ->  HashAggregate  (cost=306560.30..314485.62 rows=106671 width=36)
               Group Key: partsupp.ps_partkey
               Filter: (sum((partsupp.ps_supplycost * (partsupp.ps_availqty)::numeric)) > $1)
               Planned Partitions: 4
               ->  Hash Join  (cost=2341.31..290709.66 rows=320013 width=14)
                     Hash Cond: (partsupp.ps_suppkey = supplier.s_suppkey)
                     ->  Seq Scan on partsupp  (cost=0.00..255225.27 rows=8000327 width=18)
                     ->  Hash  (cost=2291.31..2291.31 rows=4000 width=4)
                           ->  Nested Loop  (cost=39.29..2291.31 rows=4000 width=4)
                                 ->  Seq Scan on nation  (cost=0.00..1.31 rows=1 width=4)
                                       Filter: (n_name = 'SAUDI ARABIA'::bpchar)
                                 ->  Bitmap Heap Scan on supplier  (cost=39.29..2250.00 rows=4000 width=8)
                                       Recheck Cond: (s_nationkey = nation.n_nationkey)
                                       ->  Bitmap Index Scan on idx_supplier_nation_key  (cost=0.00..38.29 rows=4000 width=0)
                                             Index Cond: (s_nationkey = nation.n_nationkey)
(31 rows)

query 12 run 1
SET
SET
SET
                                                          QUERY PLAN                                                          
------------------------------------------------------------------------------------------------------------------------------
 Limit  (cost=682772.65..682772.65 rows=1 width=27)
   ->  Sort  (cost=682772.65..682772.66 rows=7 width=27)
         Sort Key: lineitem.l_shipmode
         ->  HashAggregate  (cost=682772.54..682772.61 rows=7 width=27)
               Group Key: lineitem.l_shipmode
               ->  Hash Join  (cost=150777.26..677553.45 rows=298234 width=27)
                     Hash Cond: (orders.o_orderkey = lineitem.l_orderkey)
                     ->  Seq Scan on orders  (cost=0.00..411282.77 rows=15001477 width=20)
                     ->  Hash  (cost=147049.34..147049.34 rows=298234 width=15)
                           ->  Index Only Scan using q12_idx_1 on lineitem  (cost=0.43..147049.34 rows=298234 width=15)
                                 Index Cond: ((l_receiptdate >= '1994-01-01'::date) AND (l_receiptdate < '1995-01-01'::date))
                                 Filter: (l_shipmode = ANY ('{SHIP,"REG AIR"}'::bpchar[]))
(12 rows)

query 13 run 1
SET
SET
SET
                                                           QUERY PLAN                                                            
---------------------------------------------------------------------------------------------------------------------------------
 Limit  (cost=1430621.73..1430621.74 rows=1 width=16)
   ->  Sort  (cost=1430621.73..1430622.23 rows=200 width=16)
         Sort Key: (count(*)) DESC, (count(orders.o_orderkey)) DESC
         ->  HashAggregate  (cost=1430618.73..1430620.73 rows=200 width=16)
               Group Key: count(orders.o_orderkey)
               ->  HashAggregate  (cost=1275928.84..1408117.19 rows=1500103 width=12)
                     Group Key: customer.c_custkey
                     Planned Partitions: 4
                     ->  Hash Right Join  (cost=55345.26..666554.77 rows=14999977 width=8)
                           Hash Cond: (orders.o_custkey = customer.c_custkey)
                           ->  Seq Scan on orders  (cost=0.00..448786.46 rows=14999977 width=8)
                                 Filter: ((o_comment)::text !~~ '%special%requests%'::text)
                           ->  Hash  (cost=30733.97..30733.97 rows=1500103 width=4)
                                 ->  Index Only Scan using customer_pkey on customer  (cost=0.43..30733.97 rows=1500103 width=4)
(14 rows)

query 14 run 1
SET
SET
SET
                                                 QUERY PLAN                                                  
-------------------------------------------------------------------------------------------------------------
 Limit  (cost=1299430.95..1299430.97 rows=1 width=32)
   ->  Aggregate  (cost=1299430.95..1299430.97 rows=1 width=32)
         ->  Merge Join  (cost=28.93..1285110.43 rows=818315 width=33)
               Merge Cond: (lineitem.l_partkey = part.p_partkey)
               ->  Index Only Scan using q14_idx_1 on lineitem  (cost=0.56..1201112.95 rows=818315 width=16)
                     Index Cond: ((l_shipdate >= '1994-05-01'::date) AND (l_shipdate < '1994-06-01'::date))
               ->  Index Only Scan using q2_idx_1 on part  (cost=0.43..68831.86 rows=1999962 width=25)
(7 rows)

query 15 run 1
SET
SET
SET
CREATE VIEW
                                                          QUERY PLAN                                                          
------------------------------------------------------------------------------------------------------------------------------
 Limit  (cost=3741152.90..3741161.84 rows=1 width=103)
   InitPlan 1 (returns $0)
     ->  Aggregate  (cost=1871069.07..1871069.08 rows=1 width=32)
           ->  HashAggregate  (cost=1868535.59..1869802.33 rows=101339 width=36)
                 Group Key: lineitem_1.l_suppkey
                 ->  Bitmap Heap Scan on lineitem lineitem_1  (cost=38901.12..1846878.46 rows=2165713 width=16)
                       Recheck Cond: ((l_shipdate >= '1996-01-01'::date) AND (l_shipdate < '1996-04-01'::date))
                       ->  Bitmap Index Scan on idx_lineitem_shipdate  (cost=0.00..38359.70 rows=2165713 width=0)
                             Index Cond: ((l_shipdate >= '1996-01-01'::date) AND (l_shipdate < '1996-04-01'::date))
   ->  Merge Join  (cost=1870083.82..1874615.42 rows=507 width=103)
         Merge Cond: (supplier.s_suppkey = revenue0.supplier_no)
         ->  Index Scan using supplier_pkey on supplier  (cost=0.29..4274.29 rows=100000 width=71)
         ->  Sort  (cost=1870083.53..1870084.79 rows=507 width=36)
               Sort Key: revenue0.supplier_no
               ->  Subquery Scan on revenue0  (cost=1868535.59..1870060.75 rows=507 width=36)
                     ->  HashAggregate  (cost=1868535.59..1870055.68 rows=507 width=36)
                           Group Key: lineitem.l_suppkey
                           Filter: (sum((lineitem.l_extendedprice * ('1'::numeric - lineitem.l_discount))) = $0)
                           ->  Bitmap Heap Scan on lineitem  (cost=38901.12..1846878.46 rows=2165713 width=16)
                                 Recheck Cond: ((l_shipdate >= '1996-01-01'::date) AND (l_shipdate < '1996-04-01'::date))
                                 ->  Bitmap Index Scan on idx_lineitem_shipdate  (cost=0.00..38359.70 rows=2165713 width=0)
                                       Index Cond: ((l_shipdate >= '1996-01-01'::date) AND (l_shipdate < '1996-04-01'::date))
(22 rows)

DROP VIEW
query 16 run 1
SET
SET
SET
                                                                                         QUERY PLAN                                                                                         
--------------------------------------------------------------------------------------------------------------------------------------------------------------------------------------------
 Limit  (cost=370469.74..370469.75 rows=1 width=44)
   ->  Sort  (cost=370469.74..370853.41 rows=153467 width=44)
         Sort Key: (count(DISTINCT partsupp.ps_suppkey)) DESC, part.p_brand, part.p_type, part.p_size
         ->  GroupAggregate  (cost=360775.43..369702.41 rows=153467 width=44)
               Group Key: part.p_brand, part.p_type, part.p_size
               ->  Sort  (cost=360775.43..362253.89 rows=591385 width=40)
                     Sort Key: part.p_brand, part.p_type, part.p_size, partsupp.ps_suppkey
                     ->  Hash Join  (cost=98147.45..292527.62 rows=591385 width=40)
                           Hash Cond: (partsupp.ps_partkey = part.p_partkey)
                           ->  Index Only Scan using partsupp_pkey on partsupp  (cost=3471.46..187351.18 rows=4000164 width=8)
                                 Filter: (NOT (hashed SubPlan 1))
                                 SubPlan 1
                                   ->  Seq Scan on supplier  (cost=0.00..3471.00 rows=10 width=4)
                                         Filter: ((s_comment)::text ~~ '%Customer%Complaints%'::text)
                           ->  Hash  (cost=90980.05..90980.05 rows=295675 width=40)
                                 ->  Seq Scan on part  (cost=0.00..90980.05 rows=295675 width=40)
                                       Filter: ((p_brand <> 'Brand#12'::bpchar) AND ((p_type)::text !~~ 'SMALL BRUSHED%'::text) AND (p_size = ANY ('{12,32,36,26,40,34,49,9}'::integer[])))
(17 rows)

query 17 run 1
SET
SET
SET
                                                             QUERY PLAN                                                              
-------------------------------------------------------------------------------------------------------------------------------------
 Limit  (cost=1774257.35..1774257.36 rows=1 width=32)
   ->  Aggregate  (cost=1774257.35..1774257.36 rows=1 width=32)
         ->  Nested Loop  (cost=71094.57..1774206.01 rows=20534 width=8)
               Join Filter: (part.p_partkey = lineitem.l_partkey)
               ->  Merge Join  (cost=71094.01..1767903.13 rows=2054 width=40)
                     Merge Cond: (part.p_partkey = lineitem_1.l_partkey)
                     ->  Sort  (cost=71093.44..71098.58 rows=2054 width=4)
                           Sort Key: part.p_partkey
                           ->  Seq Scan on part  (cost=0.00..70980.43 rows=2054 width=4)
                                 Filter: ((p_brand = 'Brand#22'::bpchar) AND (p_container = 'LG BOX'::bpchar))
                     ->  GroupAggregate  (cost=0.56..1691779.18 rows=1999876 width=36)
                           Group Key: lineitem_1.l_partkey
                           ->  Index Only Scan using q17_idx_1 on lineitem lineitem_1  (cost=0.56..1361855.42 rows=59985124 width=9)
               ->  Index Only Scan using q9_idx_1 on lineitem  (cost=0.56..2.94 rows=10 width=17)
                     Index Cond: ((l_partkey = lineitem_1.l_partkey) AND (l_quantity < ((0.2 * avg(lineitem_1.l_quantity)))))
(15 rows)

query 18 run 1
SET
SET
SET
                                                                   QUERY PLAN                                                                    
-------------------------------------------------------------------------------------------------------------------------------------------------
 Limit  (cost=7309193.50..7309193.75 rows=100 width=71)
   ->  Sort  (cost=7309193.50..7359163.79 rows=19988114 width=71)
         Sort Key: orders.o_totalprice DESC, orders.o_orderdate
         ->  HashAggregate  (cost=5944057.17..6545262.16 rows=19988114 width=71)
               Group Key: customer.c_custkey, orders.o_orderkey
               Planned Partitions: 128
               ->  Hash Join  (cost=78673.73..4691676.90 rows=19988114 width=44)
                     Hash Cond: (orders.o_custkey = customer.c_custkey)
                     ->  Merge Join  (cost=184.42..4278652.64 rows=19988114 width=25)
                           Merge Cond: (orders.o_orderkey = lineitem.l_orderkey)
                           ->  Merge Join  (cost=1.00..2554997.04 rows=4998760 width=24)
                                 Merge Cond: (orders.o_orderkey = lineitem_1.l_orderkey)
                                 ->  Index Scan using orders_pkey on orders  (cost=0.43..568553.59 rows=15001477 width=20)
                                 ->  GroupAggregate  (cost=0.56..1886455.26 rows=4998760 width=4)
                                       Group Key: lineitem_1.l_orderkey
                                       Filter: (sum(lineitem_1.l_quantity) > '313'::numeric)
                                       ->  Index Only Scan using q18_idx_1 on lineitem lineitem_1  (cost=0.56..1361585.42 rows=59985124 width=9)
                           ->  Index Only Scan using q18_idx_1 on lineitem  (cost=0.56..1361585.42 rows=59985124 width=9)
                     ->  Hash  (cost=50948.03..50948.03 rows=1500103 width=23)
                           ->  Seq Scan on customer  (cost=0.00..50948.03 rows=1500103 width=23)
(20 rows)

query 19 run 1
SET
SET
SET
                                                                                                                                                                                                                                                                                                                                                                                                                                                                                  QUERY PLAN                                                                                                                                                                                                                                                                                                                                                                                                                                                                                   
-------------------------------------------------------------------------------------------------------------------------------------------------------------------------------------------------------------------------------------------------------------------------------------------------------------------------------------------------------------------------------------------------------------------------------------------------------------------------------------------------------------------------------------------------------------------------------------------------------------------------------------------------------------------------------------------------------------------------------------------------------------------------------------------------------------------------------------------------------------------------------------------------------------------------------------------------------------------------------
 Limit  (cost=141585.91..141585.92 rows=1 width=32)
   ->  Aggregate  (cost=141585.91..141585.92 rows=1 width=32)
         ->  Nested Loop  (cost=0.56..141577.92 rows=1065 width=12)
               ->  Seq Scan on part  (cost=0.00..125979.39 rows=4621 width=30)
                     Filter: ((p_size >= 1) AND (((p_brand = 'Brand#24'::bpchar) AND (p_container = ANY ('{"SM CASE","SM BOX","SM PACK","SM PKG"}'::bpchar[])) AND (p_size <= 5)) OR ((p_brand = 'Brand#43'::bpchar) AND (p_container = ANY ('{"MED BAG","MED BOX","MED PKG","MED PACK"}'::bpchar[])) AND (p_size <= 10)) OR ((p_brand = 'Brand#44'::bpchar) AND (p_container = ANY ('{"LG CASE","LG BOX","LG PACK","LG PKG"}'::bpchar[])) AND (p_size <= 15))))
               ->  Index Only Scan using q19_idx_1 on lineitem  (cost=0.56..3.37 rows=1 width=21)
                     Index Cond: ((l_partkey = part.p_partkey) AND (l_shipinstruct = 'DELIVER IN PERSON'::bpchar))
                     Filter: ((l_shipmode = ANY ('{AIR,"AIR REG"}'::bpchar[])) AND (((l_quantity >= '10'::numeric) AND (l_quantity <= '20'::numeric)) OR ((l_quantity >= '10'::numeric) AND (l_quantity <= '20'::numeric)) OR ((l_quantity >= '20'::numeric) AND (l_quantity <= '30'::numeric))) AND (((part.p_brand = 'Brand#24'::bpchar) AND (part.p_container = ANY ('{"SM CASE","SM BOX","SM PACK","SM PKG"}'::bpchar[])) AND (l_quantity >= '10'::numeric) AND (l_quantity <= '20'::numeric) AND (part.p_size <= 5)) OR ((part.p_brand = 'Brand#43'::bpchar) AND (part.p_container = ANY ('{"MED BAG","MED BOX","MED PKG","MED PACK"}'::bpchar[])) AND (l_quantity >= '10'::numeric) AND (l_quantity <= '20'::numeric) AND (part.p_size <= 10)) OR ((part.p_brand = 'Brand#44'::bpchar) AND (part.p_container = ANY ('{"LG CASE","LG BOX","LG PACK","LG PKG"}'::bpchar[])) AND (l_quantity >= '20'::numeric) AND (l_quantity <= '30'::numeric) AND (part.p_size <= 15))))
(8 rows)

query 20 run 1
SET
SET
SET
                                                            QUERY PLAN                                                            
----------------------------------------------------------------------------------------------------------------------------------
 Limit  (cost=2775854.87..2775854.87 rows=1 width=51)
   ->  Sort  (cost=2775854.87..2775854.87 rows=1 width=51)
         Sort Key: supplier.s_name
         ->  Nested Loop Semi Join  (cost=2573938.78..2775854.86 rows=1 width=51)
               Join Filter: (supplier.s_suppkey = lineitem.l_suppkey)
               ->  Nested Loop  (cost=0.00..4472.31 rows=4000 width=55)
                     Join Filter: (supplier.s_nationkey = nation.n_nationkey)
                     ->  Seq Scan on nation  (cost=0.00..1.31 rows=1 width=4)
                           Filter: (n_name = 'IRAQ'::bpchar)
                     ->  Seq Scan on supplier  (cost=0.00..3221.00 rows=100000 width=59)
               ->  Materialize  (cost=2573938.78..2771202.55 rows=3 width=8)
                     ->  Hash Join  (cost=2573938.78..2771202.54 rows=3 width=8)
                           Hash Cond: ((lineitem.l_partkey = partsupp.ps_partkey) AND (lineitem.l_suppkey = partsupp.ps_suppkey))
                           Join Filter: ((partsupp.ps_availqty)::numeric > ((0.5 * sum(lineitem.l_quantity))))
                           ->  HashAggregate  (cost=2451241.92..2612258.34 rows=4832960 width=40)
                                 Group Key: lineitem.l_partkey, lineitem.l_suppkey
                                 Planned Partitions: 32
                                 ->  Seq Scan on lineitem  (cost=0.00..2024919.86 rows=9064655 width=13)
                                       Filter: ((l_shipdate >= '1996-01-01'::date) AND (l_shipdate < '1997-01-01'::date))
                           ->  Hash  (cost=121484.67..121484.67 rows=80813 width=16)
                                 ->  Nested Loop  (cost=0.86..121484.67 rows=80813 width=16)
                                       ->  Index Only Scan using q20_idx_2 on part  (cost=0.43..64305.76 rows=20202 width=4)
                                             Filter: ((p_name)::text ~~ 'olive%'::text)
                                       ->  Index Only Scan using q20_idx_1 on partsupp  (cost=0.43..2.64 rows=19 width=12)
                                             Index Cond: (ps_partkey = part.p_partkey)
(25 rows)

query 21 run 1
SET
SET
SET
                                                                         QUERY PLAN                                                                         
------------------------------------------------------------------------------------------------------------------------------------------------------------
 Limit  (cost=1002409.28..1002409.28 rows=1 width=34)
   ->  Sort  (cost=1002409.28..1002409.28 rows=1 width=34)
         Sort Key: (count(*)) DESC, supplier.s_name
         ->  GroupAggregate  (cost=1002409.25..1002409.27 rows=1 width=34)
               Group Key: supplier.s_name
               ->  Sort  (cost=1002409.25..1002409.25 rows=1 width=26)
                     Sort Key: supplier.s_name
                     ->  Nested Loop Semi Join  (cost=504676.23..1002409.24 rows=1 width=26)
                           Join Filter: (l2.l_suppkey <> l1.l_suppkey)
                           ->  Nested Loop  (cost=504675.66..1002406.59 rows=1 width=38)
                                 ->  Hash Right Anti Join  (cost=504675.23..1002404.15 rows=1 width=34)
                                       Hash Cond: (l3.l_orderkey = l1.l_orderkey)
                                       Join Filter: (l3.l_suppkey <> l1.l_suppkey)
                                       ->  Index Only Scan using q21_idx_2 on lineitem l3  (cost=0.56..409594.18 rows=19995041 width=8)
                                       ->  Hash  (cost=494809.24..494809.24 rows=789234 width=34)
                                             ->  Hash Join  (cost=2341.88..494809.24 rows=789234 width=34)
                                                   Hash Cond: (l1.l_suppkey = supplier.s_suppkey)
                                                   ->  Index Only Scan using q21_idx_2 on lineitem l1  (cost=0.56..409594.18 rows=19995041 width=8)
                                                   ->  Hash  (cost=2291.31..2291.31 rows=4000 width=30)
                                                         ->  Nested Loop  (cost=39.29..2291.31 rows=4000 width=30)
                                                               ->  Seq Scan on nation  (cost=0.00..1.31 rows=1 width=4)
                                                                     Filter: (n_name = 'PERU'::bpchar)
                                                               ->  Bitmap Heap Scan on supplier  (cost=39.29..2250.00 rows=4000 width=34)
                                                                     Recheck Cond: (s_nationkey = nation.n_nationkey)
                                                                     ->  Bitmap Index Scan on idx_supplier_nation_key  (cost=0.00..38.29 rows=4000 width=0)
                                                                           Index Cond: (s_nationkey = nation.n_nationkey)
                                 ->  Index Only Scan using q21_idx_3 on orders  (cost=0.43..2.45 rows=1 width=4)
                                       Index Cond: ((o_orderkey = l1.l_orderkey) AND (o_orderstatus = 'F'::bpchar))
                           ->  Index Only Scan using q21_idx_1 on lineitem l2  (cost=0.56..2.63 rows=4 width=8)
                                 Index Cond: (l_orderkey = orders.o_orderkey)
(30 rows)

query 22 run 1
SET
SET
SET
                                                             QUERY PLAN                                                              
-------------------------------------------------------------------------------------------------------------------------------------
 Limit  (cost=162267.90..162267.93 rows=1 width=72)
   InitPlan 1 (returns $0)
     ->  Aggregate  (cost=75444.24..75444.25 rows=1 width=32)
           ->  Seq Scan on customer customer_1  (cost=0.00..75324.70 rows=47813 width=6)
                 Filter: ((c_acctbal > 0.00) AND (SUBSTRING(c_phone FROM 1 FOR 2) = ANY ('{21,29,26,34,14,15,17}'::text[])))
   ->  GroupAggregate  (cost=86823.65..87043.38 rows=7990 width=72)
         Group Key: (SUBSTRING(customer.c_phone FROM 1 FOR 2))
         ->  Sort  (cost=86823.65..86843.63 rows=7990 width=38)
               Sort Key: (SUBSTRING(customer.c_phone FROM 1 FOR 2))
               ->  Nested Loop Anti Join  (cost=0.43..86305.74 rows=7990 width=38)
                     ->  Seq Scan on customer  (cost=0.00..75324.70 rows=17501 width=26)
                           Filter: ((c_acctbal > $0) AND (SUBSTRING(c_phone FROM 1 FOR 2) = ANY ('{21,29,26,34,14,15,17}'::text[])))
                     ->  Index Only Scan using idx_orders_custkey on orders  (cost=0.43..2.65 rows=18 width=4)
                           Index Cond: (o_custkey = customer.c_custkey)
(14 rows)

