query 1 run 1
SET
SET
SET
                                                               QUERY PLAN                                                                
-----------------------------------------------------------------------------------------------------------------------------------------
 Limit  (cost=394950.47..394950.47 rows=1 width=236) (actual time=6240.444..6240.445 rows=1 loops=1)
   ->  Sort  (cost=394950.47..394950.48 rows=6 width=236) (actual time=6240.443..6240.443 rows=1 loops=1)
         Sort Key: l_returnflag, l_linestatus
         Sort Method: top-N heapsort  Memory: 25kB
         ->  HashAggregate  (cost=394950.27..394950.44 rows=6 width=236) (actual time=6239.764..6239.771 rows=4 loops=1)
               Group Key: l_returnflag, l_linestatus
               Batches: 1  Memory Usage: 24kB
               ->  Seq Scan on lineitem  (cost=0.00..187575.80 rows=5924985 width=25) (actual time=0.579..1118.364 rows=5930957 loops=1)
                     Filter: (l_shipdate <= '1998-09-10 00:00:00'::timestamp without time zone)
                     Rows Removed by Filter: 70258
 Planning Time: 14.158 ms
 Execution Time: 6241.382 ms
(12 rows)

SET
SET
SET
                                                               QUERY PLAN                                                               
----------------------------------------------------------------------------------------------------------------------------------------
 Limit  (cost=394950.47..394950.47 rows=1 width=236) (actual time=5985.504..5985.505 rows=1 loops=1)
   ->  Sort  (cost=394950.47..394950.48 rows=6 width=236) (actual time=5985.503..5985.504 rows=1 loops=1)
         Sort Key: l_returnflag, l_linestatus
         Sort Method: top-N heapsort  Memory: 25kB
         ->  HashAggregate  (cost=394950.27..394950.44 rows=6 width=236) (actual time=5985.472..5985.477 rows=4 loops=1)
               Group Key: l_returnflag, l_linestatus
               Batches: 1  Memory Usage: 24kB
               ->  Seq Scan on lineitem  (cost=0.00..187575.80 rows=5924985 width=25) (actual time=0.022..920.412 rows=5930957 loops=1)
                     Filter: (l_shipdate <= '1998-09-10 00:00:00'::timestamp without time zone)
                     Rows Removed by Filter: 70258
 Planning Time: 0.545 ms
 Execution Time: 5985.558 ms
(12 rows)

query 2 run 1
SET
SET
SET
                                                                                       QUERY PLAN                                                                                        
-----------------------------------------------------------------------------------------------------------------------------------------------------------------------------------------
 Limit  (cost=47825.62..47825.63 rows=1 width=192) (actual time=416.076..416.082 rows=0 loops=1)
   ->  Sort  (cost=47825.62..47825.63 rows=1 width=192) (actual time=416.075..416.081 rows=0 loops=1)
         Sort Key: supplier.s_acctbal DESC, nation.n_name, supplier.s_name, part.p_partkey
         Sort Method: quicksort  Memory: 25kB
         ->  Hash Join  (cost=32942.01..47825.61 rows=1 width=192) (actual time=416.054..416.059 rows=0 loops=1)
               Hash Cond: ((part.p_partkey = partsupp.ps_partkey) AND ((SubPlan 1) = partsupp.ps_supplycost))
               ->  Seq Scan on part  (cost=0.00..7099.00 rows=843 width=30) (actual time=0.455..56.420 rows=799 loops=1)
                     Filter: (((p_type)::text ~~ '%NICKEL'::text) AND (p_size = 16))
                     Rows Removed by Filter: 199201
               ->  Hash  (cost=30542.01..30542.01 rows=160000 width=172) (actual time=320.557..320.561 rows=162880 loops=1)
                     Buckets: 262144  Batches: 1  Memory Usage: 35361kB
                     ->  Hash Join  (cost=408.01..30542.01 rows=160000 width=172) (actual time=6.612..263.129 rows=162880 loops=1)
                           Hash Cond: (partsupp.ps_suppkey = supplier.s_suppkey)
                           ->  Seq Scan on partsupp  (cost=0.00..25534.00 rows=800000 width=14) (actual time=0.521..154.490 rows=800000 loops=1)
                           ->  Hash  (cost=383.01..383.01 rows=2000 width=166) (actual time=6.085..6.088 rows=2036 loops=1)
                                 Buckets: 2048  Batches: 1  Memory Usage: 419kB
                                 ->  Hash Join  (cost=2.51..383.01 rows=2000 width=166) (actual time=0.727..5.649 rows=2036 loops=1)
                                       Hash Cond: (supplier.s_nationkey = nation.n_nationkey)
                                       ->  Seq Scan on supplier  (cost=0.00..323.00 rows=10000 width=144) (actual time=0.311..4.124 rows=10000 loops=1)
                                       ->  Hash  (cost=2.45..2.45 rows=5 width=30) (actual time=0.411..0.413 rows=5 loops=1)
                                             Buckets: 1024  Batches: 1  Memory Usage: 9kB
                                             ->  Hash Join  (cost=1.07..2.45 rows=5 width=30) (actual time=0.399..0.410 rows=5 loops=1)
                                                   Hash Cond: (nation.n_regionkey = region.r_regionkey)
                                                   ->  Seq Scan on nation  (cost=0.00..1.25 rows=25 width=34) (actual time=0.184..0.187 rows=25 loops=1)
                                                   ->  Hash  (cost=1.06..1.06 rows=1 width=4) (actual time=0.207..0.207 rows=1 loops=1)
                                                         Buckets: 1024  Batches: 1  Memory Usage: 9kB
                                                         ->  Seq Scan on region  (cost=0.00..1.06 rows=1 width=4) (actual time=0.201..0.203 rows=1 loops=1)
                                                               Filter: (r_name = 'AMERICA'::bpchar)
                                                               Rows Removed by Filter: 4
               SubPlan 1
                 ->  Aggregate  (cost=18.44..18.45 rows=1 width=32) (actual time=0.047..0.047 rows=1 loops=799)
                       ->  Nested Loop  (cost=0.85..18.44 rows=1 width=6) (actual time=0.039..0.046 rows=1 loops=799)
                             Join Filter: (nation_1.n_regionkey = region_1.r_regionkey)
                             Rows Removed by Join Filter: 3
                             ->  Seq Scan on region region_1  (cost=0.00..1.06 rows=1 width=4) (actual time=0.001..0.001 rows=1 loops=799)
                                   Filter: (r_name = 'AMERICA'::bpchar)
                                   Rows Removed by Filter: 4
                             ->  Nested Loop  (cost=0.85..17.33 rows=4 width=10) (actual time=0.029..0.044 rows=4 loops=799)
                                   ->  Nested Loop  (cost=0.71..16.71 rows=4 width=10) (actual time=0.028..0.039 rows=4 loops=799)
                                         ->  Index Scan using idx_partsupp_partkey on partsupp partsupp_1  (cost=0.42..3.50 rows=4 width=10) (actual time=0.025..0.026 rows=4 loops=799)
                                               Index Cond: (ps_partkey = part.p_partkey)
                                         ->  Index Scan using supplier_pkey on supplier supplier_1  (cost=0.29..3.30 rows=1 width=8) (actual time=0.003..0.003 rows=1 loops=3196)
                                               Index Cond: (s_suppkey = partsupp_1.ps_suppkey)
                                   ->  Index Scan using nation_pkey on nation nation_1  (cost=0.14..0.16 rows=1 width=8) (actual time=0.001..0.001 rows=1 loops=3196)
                                         Index Cond: (n_nationkey = supplier_1.s_nationkey)
 Planning Time: 20.524 ms
 Execution Time: 416.270 ms
(47 rows)

SET
SET
SET
                                                                                       QUERY PLAN                                                                                        
-----------------------------------------------------------------------------------------------------------------------------------------------------------------------------------------
 Limit  (cost=47825.62..47825.63 rows=1 width=192) (actual time=271.042..271.047 rows=0 loops=1)
   ->  Sort  (cost=47825.62..47825.63 rows=1 width=192) (actual time=271.041..271.046 rows=0 loops=1)
         Sort Key: supplier.s_acctbal DESC, nation.n_name, supplier.s_name, part.p_partkey
         Sort Method: quicksort  Memory: 25kB
         ->  Hash Join  (cost=32942.01..47825.61 rows=1 width=192) (actual time=271.018..271.023 rows=0 loops=1)
               Hash Cond: ((part.p_partkey = partsupp.ps_partkey) AND ((SubPlan 1) = partsupp.ps_supplycost))
               ->  Seq Scan on part  (cost=0.00..7099.00 rows=843 width=30) (actual time=0.017..34.906 rows=799 loops=1)
                     Filter: (((p_type)::text ~~ '%NICKEL'::text) AND (p_size = 16))
                     Rows Removed by Filter: 199201
               ->  Hash  (cost=30542.01..30542.01 rows=160000 width=172) (actual time=219.913..219.917 rows=162880 loops=1)
                     Buckets: 262144  Batches: 1  Memory Usage: 35361kB
                     ->  Hash Join  (cost=408.01..30542.01 rows=160000 width=172) (actual time=2.551..165.694 rows=162880 loops=1)
                           Hash Cond: (partsupp.ps_suppkey = supplier.s_suppkey)
                           ->  Seq Scan on partsupp  (cost=0.00..25534.00 rows=800000 width=14) (actual time=0.010..51.162 rows=800000 loops=1)
                           ->  Hash  (cost=383.01..383.01 rows=2000 width=166) (actual time=2.536..2.539 rows=2036 loops=1)
                                 Buckets: 2048  Batches: 1  Memory Usage: 419kB
                                 ->  Hash Join  (cost=2.51..383.01 rows=2000 width=166) (actual time=0.027..2.106 rows=2036 loops=1)
                                       Hash Cond: (supplier.s_nationkey = nation.n_nationkey)
                                       ->  Seq Scan on supplier  (cost=0.00..323.00 rows=10000 width=144) (actual time=0.003..0.696 rows=10000 loops=1)
                                       ->  Hash  (cost=2.45..2.45 rows=5 width=30) (actual time=0.021..0.023 rows=5 loops=1)
                                             Buckets: 1024  Batches: 1  Memory Usage: 9kB
                                             ->  Hash Join  (cost=1.07..2.45 rows=5 width=30) (actual time=0.016..0.021 rows=5 loops=1)
                                                   Hash Cond: (nation.n_regionkey = region.r_regionkey)
                                                   ->  Seq Scan on nation  (cost=0.00..1.25 rows=25 width=34) (actual time=0.006..0.007 rows=25 loops=1)
                                                   ->  Hash  (cost=1.06..1.06 rows=1 width=4) (actual time=0.007..0.007 rows=1 loops=1)
                                                         Buckets: 1024  Batches: 1  Memory Usage: 9kB
                                                         ->  Seq Scan on region  (cost=0.00..1.06 rows=1 width=4) (actual time=0.003..0.004 rows=1 loops=1)
                                                               Filter: (r_name = 'AMERICA'::bpchar)
                                                               Rows Removed by Filter: 4
               SubPlan 1
                 ->  Aggregate  (cost=18.44..18.45 rows=1 width=32) (actual time=0.019..0.019 rows=1 loops=799)
                       ->  Nested Loop  (cost=0.85..18.44 rows=1 width=6) (actual time=0.014..0.018 rows=1 loops=799)
                             Join Filter: (nation_1.n_regionkey = region_1.r_regionkey)
                             Rows Removed by Join Filter: 3
                             ->  Seq Scan on region region_1  (cost=0.00..1.06 rows=1 width=4) (actual time=0.001..0.001 rows=1 loops=799)
                                   Filter: (r_name = 'AMERICA'::bpchar)
                                   Rows Removed by Filter: 4
                             ->  Nested Loop  (cost=0.85..17.33 rows=4 width=10) (actual time=0.007..0.016 rows=4 loops=799)
                                   ->  Nested Loop  (cost=0.71..16.71 rows=4 width=10) (actual time=0.006..0.012 rows=4 loops=799)
                                         ->  Index Scan using idx_partsupp_partkey on partsupp partsupp_1  (cost=0.42..3.50 rows=4 width=10) (actual time=0.004..0.005 rows=4 loops=799)
                                               Index Cond: (ps_partkey = part.p_partkey)
                                         ->  Index Scan using supplier_pkey on supplier supplier_1  (cost=0.29..3.30 rows=1 width=8) (actual time=0.001..0.001 rows=1 loops=3196)
                                               Index Cond: (s_suppkey = partsupp_1.ps_suppkey)
                                   ->  Index Scan using nation_pkey on nation nation_1  (cost=0.14..0.16 rows=1 width=8) (actual time=0.001..0.001 rows=1 loops=3196)
                                         Index Cond: (n_nationkey = supplier_1.s_nationkey)
 Planning Time: 1.966 ms
 Execution Time: 271.187 ms
(47 rows)

query 3 run 1
SET
SET
SET
                                                                                   QUERY PLAN                                                                                   
--------------------------------------------------------------------------------------------------------------------------------------------------------------------------------
 Limit  (cost=285638.75..285638.78 rows=10 width=44) (actual time=2226.975..2226.980 rows=10 loops=1)
   ->  Sort  (cost=285638.75..286436.53 rows=319109 width=44) (actual time=2226.973..2226.977 rows=10 loops=1)
         Sort Key: (sum((lineitem.l_extendedprice * ('1'::numeric - lineitem.l_discount)))) DESC, orders.o_orderdate
         Sort Method: top-N heapsort  Memory: 26kB
         ->  HashAggregate  (cost=271014.50..278742.92 rows=319109 width=44) (actual time=2220.459..2224.847 rows=11612 loops=1)
               Group Key: lineitem.l_orderkey, orders.o_orderdate, orders.o_shippriority
               Planned Partitions: 4  Batches: 1  Memory Usage: 12305kB
               ->  Hash Join  (cost=51250.85..254236.35 rows=319109 width=24) (actual time=910.509..2200.698 rows=30533 loops=1)
                     Hash Cond: (lineitem.l_orderkey = orders.o_orderkey)
                     ->  Seq Scan on lineitem  (cost=0.00..187575.80 rows=3258296 width=16) (actual time=0.610..1016.511 rows=3261873 loops=1)
                           Filter: (l_shipdate > '1995-03-07'::date)
                           Rows Removed by Filter: 2739342
                     ->  Hash  (cost=49414.14..49414.14 rows=146937 width=12) (actual time=908.515..908.517 rows=146063 loops=1)
                           Buckets: 262144  Batches: 1  Memory Usage: 8325kB
                           ->  Hash Join  (cost=12392.40..49414.14 rows=146937 width=12) (actual time=85.832..875.507 rows=146063 loops=1)
                                 Hash Cond: (orders.o_custkey = customer.c_custkey)
                                 ->  Bitmap Heap Scan on orders  (cost=6537.78..41669.34 rows=720045 width=16) (actual time=41.662..694.087 rows=722275 loops=1)
                                       Recheck Cond: (o_orderdate < '1995-03-07'::date)
                                       Heap Blocks: exact=26131
                                       ->  Bitmap Index Scan on idx_orders_orderdate  (cost=0.00..6357.76 rows=720045 width=0) (actual time=37.609..37.609 rows=722275 loops=1)
                                             Index Cond: (o_orderdate < '1995-03-07'::date)
                                 ->  Hash  (cost=5472.00..5472.00 rows=30610 width=4) (actual time=44.069..44.070 rows=30142 loops=1)
                                       Buckets: 32768  Batches: 1  Memory Usage: 1316kB
                                       ->  Seq Scan on customer  (cost=0.00..5472.00 rows=30610 width=4) (actual time=0.505..40.157 rows=30142 loops=1)
                                             Filter: (c_mktsegment = 'BUILDING'::bpchar)
                                             Rows Removed by Filter: 119858
 Planning Time: 19.029 ms
 Execution Time: 2228.374 ms
(28 rows)

SET
SET
SET
                                                                                   QUERY PLAN                                                                                   
--------------------------------------------------------------------------------------------------------------------------------------------------------------------------------
 Limit  (cost=285638.75..285638.78 rows=10 width=44) (actual time=1374.614..1374.619 rows=10 loops=1)
   ->  Sort  (cost=285638.75..286436.53 rows=319109 width=44) (actual time=1374.612..1374.616 rows=10 loops=1)
         Sort Key: (sum((lineitem.l_extendedprice * ('1'::numeric - lineitem.l_discount)))) DESC, orders.o_orderdate
         Sort Method: top-N heapsort  Memory: 26kB
         ->  HashAggregate  (cost=271014.50..278742.92 rows=319109 width=44) (actual time=1368.087..1372.453 rows=11612 loops=1)
               Group Key: lineitem.l_orderkey, orders.o_orderdate, orders.o_shippriority
               Planned Partitions: 4  Batches: 1  Memory Usage: 12305kB
               ->  Hash Join  (cost=51250.85..254236.35 rows=319109 width=24) (actual time=286.584..1349.818 rows=30533 loops=1)
                     Hash Cond: (lineitem.l_orderkey = orders.o_orderkey)
                     ->  Seq Scan on lineitem  (cost=0.00..187575.80 rows=3258296 width=16) (actual time=0.050..800.572 rows=3261873 loops=1)
                           Filter: (l_shipdate > '1995-03-07'::date)
                           Rows Removed by Filter: 2739342
                     ->  Hash  (cost=49414.14..49414.14 rows=146937 width=12) (actual time=285.981..285.983 rows=146063 loops=1)
                           Buckets: 262144  Batches: 1  Memory Usage: 8325kB
                           ->  Hash Join  (cost=12392.40..49414.14 rows=146937 width=12) (actual time=59.490..262.431 rows=146063 loops=1)
                                 Hash Cond: (orders.o_custkey = customer.c_custkey)
                                 ->  Bitmap Heap Scan on orders  (cost=6537.78..41669.34 rows=720045 width=16) (actual time=33.904..138.732 rows=722275 loops=1)
                                       Recheck Cond: (o_orderdate < '1995-03-07'::date)
                                       Heap Blocks: exact=26131
                                       ->  Bitmap Index Scan on idx_orders_orderdate  (cost=0.00..6357.76 rows=720045 width=0) (actual time=30.397..30.398 rows=722275 loops=1)
                                             Index Cond: (o_orderdate < '1995-03-07'::date)
                                 ->  Hash  (cost=5472.00..5472.00 rows=30610 width=4) (actual time=25.561..25.562 rows=30142 loops=1)
                                       Buckets: 32768  Batches: 1  Memory Usage: 1316kB
                                       ->  Seq Scan on customer  (cost=0.00..5472.00 rows=30610 width=4) (actual time=0.007..22.012 rows=30142 loops=1)
                                             Filter: (c_mktsegment = 'BUILDING'::bpchar)
                                             Rows Removed by Filter: 119858
 Planning Time: 1.028 ms
 Execution Time: 1375.739 ms
(28 rows)

query 4 run 1
SET
SET
SET
                                                                          QUERY PLAN                                                                           
---------------------------------------------------------------------------------------------------------------------------------------------------------------
 Limit  (cost=177080.10..177080.10 rows=1 width=24) (actual time=2181.303..2181.305 rows=1 loops=1)
   ->  Sort  (cost=177080.10..177080.11 rows=5 width=24) (actual time=2181.302..2181.303 rows=1 loops=1)
         Sort Key: orders.o_orderpriority
         Sort Method: top-N heapsort  Memory: 25kB
         ->  HashAggregate  (cost=177080.03..177080.08 rows=5 width=24) (actual time=2181.265..2181.267 rows=5 loops=1)
               Group Key: orders.o_orderpriority
               Batches: 1  Memory Usage: 24kB
               ->  Nested Loop Semi Join  (cost=614.73..176814.97 rows=53012 width=16) (actual time=9.680..2150.662 rows=51398 loops=1)
                     ->  Bitmap Heap Scan on orders  (cost=614.30..27540.48 rows=53012 width=20) (actual time=9.119..671.191 rows=55973 loops=1)
                           Recheck Cond: ((o_orderdate >= '1993-12-01'::date) AND (o_orderdate < '1994-03-01'::date))
                           Heap Blocks: exact=23186
                           ->  Bitmap Index Scan on idx_orders_orderdate  (cost=0.00..601.05 rows=53012 width=0) (actual time=5.325..5.325 rows=55973 loops=1)
                                 Index Cond: ((o_orderdate >= '1993-12-01'::date) AND (o_orderdate < '1994-03-01'::date))
                     ->  Index Scan using idx_lineitem_orderkey on lineitem  (cost=0.43..3.20 rows=1 width=4) (actual time=0.026..0.026 rows=1 loops=55973)
                           Index Cond: (l_orderkey = orders.o_orderkey)
                           Filter: (l_commitdate < l_receiptdate)
                           Rows Removed by Filter: 1
 Planning Time: 13.800 ms
 Execution Time: 2182.294 ms
(19 rows)

SET
SET
SET
                                                                          QUERY PLAN                                                                           
---------------------------------------------------------------------------------------------------------------------------------------------------------------
 Limit  (cost=177080.10..177080.10 rows=1 width=24) (actual time=214.880..214.882 rows=1 loops=1)
   ->  Sort  (cost=177080.10..177080.11 rows=5 width=24) (actual time=214.879..214.880 rows=1 loops=1)
         Sort Key: orders.o_orderpriority
         Sort Method: top-N heapsort  Memory: 25kB
         ->  HashAggregate  (cost=177080.03..177080.08 rows=5 width=24) (actual time=214.852..214.854 rows=5 loops=1)
               Group Key: orders.o_orderpriority
               Batches: 1  Memory Usage: 24kB
               ->  Nested Loop Semi Join  (cost=614.73..176814.97 rows=53012 width=16) (actual time=6.590..200.391 rows=51398 loops=1)
                     ->  Bitmap Heap Scan on orders  (cost=614.30..27540.48 rows=53012 width=20) (actual time=6.568..42.248 rows=55973 loops=1)
                           Recheck Cond: ((o_orderdate >= '1993-12-01'::date) AND (o_orderdate < '1994-03-01'::date))
                           Heap Blocks: exact=23186
                           ->  Bitmap Index Scan on idx_orders_orderdate  (cost=0.00..601.05 rows=53012 width=0) (actual time=3.319..3.319 rows=55973 loops=1)
                                 Index Cond: ((o_orderdate >= '1993-12-01'::date) AND (o_orderdate < '1994-03-01'::date))
                     ->  Index Scan using idx_lineitem_orderkey on lineitem  (cost=0.43..3.20 rows=1 width=4) (actual time=0.002..0.002 rows=1 loops=55973)
                           Index Cond: (l_orderkey = orders.o_orderkey)
                           Filter: (l_commitdate < l_receiptdate)
                           Rows Removed by Filter: 1
 Planning Time: 0.920 ms
 Execution Time: 214.937 ms
(19 rows)

query 5 run 1
SET
SET
SET
                                                                                      QUERY PLAN                                                                                      
--------------------------------------------------------------------------------------------------------------------------------------------------------------------------------------
 Limit  (cost=189021.17..189021.17 rows=1 width=58) (actual time=2354.212..2354.218 rows=1 loops=1)
   ->  Sort  (cost=189021.17..189021.23 rows=25 width=58) (actual time=2354.211..2354.216 rows=1 loops=1)
         Sort Key: (sum((lineitem.l_extendedprice * ('1'::numeric - lineitem.l_discount)))) DESC
         Sort Method: top-N heapsort  Memory: 25kB
         ->  GroupAggregate  (cost=188929.61..189021.04 rows=25 width=58) (actual time=2351.892..2354.201 rows=5 loops=1)
               Group Key: nation.n_name
               ->  Sort  (cost=188929.61..188947.83 rows=7290 width=38) (actual time=2351.321..2351.623 rows=7540 loops=1)
                     Sort Key: nation.n_name
                     Sort Method: quicksort  Memory: 605kB
                     ->  Hash Join  (cost=9454.99..188461.89 rows=7290 width=38) (actual time=76.448..2346.762 rows=7540 loops=1)
                           Hash Cond: ((lineitem.l_suppkey = supplier.s_suppkey) AND (customer.c_nationkey = supplier.s_nationkey))
                           ->  Nested Loop  (cost=8981.99..187030.20 rows=182605 width=50) (actual time=70.341..2301.404 rows=182435 loops=1)
                                 ->  Hash Join  (cost=8981.56..39848.87 rows=45651 width=38) (actual time=69.668..850.302 rows=45297 loops=1)
                                       Hash Cond: (orders.o_custkey = customer.c_custkey)
                                       ->  Bitmap Heap Scan on orders  (cost=2644.55..32199.39 rows=228256 width=8) (actual time=17.601..728.568 rows=226645 loops=1)
                                             Recheck Cond: ((o_orderdate >= '1993-01-01'::date) AND (o_orderdate < '1994-01-01'::date))
                                             Heap Blocks: exact=26127
                                             ->  Bitmap Index Scan on idx_orders_orderdate  (cost=0.00..2587.49 rows=228256 width=0) (actual time=13.576..13.576 rows=226645 loops=1)
                                                   Index Cond: ((o_orderdate >= '1993-01-01'::date) AND (o_orderdate < '1994-01-01'::date))
                                       ->  Hash  (cost=5962.01..5962.01 rows=30000 width=38) (actual time=52.018..52.021 rows=29952 loops=1)
                                             Buckets: 32768  Batches: 1  Memory Usage: 2362kB
                                             ->  Hash Join  (cost=2.51..5962.01 rows=30000 width=38) (actual time=0.996..46.984 rows=29952 loops=1)
                                                   Hash Cond: (customer.c_nationkey = nation.n_nationkey)
                                                   ->  Seq Scan on customer  (cost=0.00..5097.00 rows=150000 width=8) (actual time=0.551..31.288 rows=150000 loops=1)
                                                   ->  Hash  (cost=2.45..2.45 rows=5 width=30) (actual time=0.436..0.438 rows=5 loops=1)
                                                         Buckets: 1024  Batches: 1  Memory Usage: 9kB
                                                         ->  Hash Join  (cost=1.07..2.45 rows=5 width=30) (actual time=0.424..0.434 rows=5 loops=1)
                                                               Hash Cond: (nation.n_regionkey = region.r_regionkey)
                                                               ->  Seq Scan on nation  (cost=0.00..1.25 rows=25 width=34) (actual time=0.202..0.205 rows=25 loops=1)
                                                               ->  Hash  (cost=1.06..1.06 rows=1 width=4) (actual time=0.212..0.213 rows=1 loops=1)
                                                                     Buckets: 1024  Batches: 1  Memory Usage: 9kB
                                                                     ->  Seq Scan on region  (cost=0.00..1.06 rows=1 width=4) (actual time=0.205..0.207 rows=1 loops=1)
                                                                           Filter: (r_name = 'AMERICA'::bpchar)
                                                                           Rows Removed by Filter: 4
                                 ->  Index Scan using idx_lineitem_orderkey on lineitem  (cost=0.43..3.18 rows=4 width=20) (actual time=0.029..0.031 rows=4 loops=45297)
                                       Index Cond: (l_orderkey = orders.o_orderkey)
                           ->  Hash  (cost=323.00..323.00 rows=10000 width=8) (actual time=5.603..5.604 rows=10000 loops=1)
                                 Buckets: 16384  Batches: 1  Memory Usage: 519kB
                                 ->  Seq Scan on supplier  (cost=0.00..323.00 rows=10000 width=8) (actual time=0.346..4.347 rows=10000 loops=1)
 Planning Time: 22.065 ms
 Execution Time: 2354.586 ms
(41 rows)

SET
SET
SET
                                                                                      QUERY PLAN                                                                                      
--------------------------------------------------------------------------------------------------------------------------------------------------------------------------------------
 Limit  (cost=189021.17..189021.17 rows=1 width=58) (actual time=349.971..349.977 rows=1 loops=1)
   ->  Sort  (cost=189021.17..189021.23 rows=25 width=58) (actual time=349.970..349.975 rows=1 loops=1)
         Sort Key: (sum((lineitem.l_extendedprice * ('1'::numeric - lineitem.l_discount)))) DESC
         Sort Method: top-N heapsort  Memory: 25kB
         ->  GroupAggregate  (cost=188929.61..189021.04 rows=25 width=58) (actual time=347.747..349.962 rows=5 loops=1)
               Group Key: nation.n_name
               ->  Sort  (cost=188929.61..188947.83 rows=7290 width=38) (actual time=347.192..347.486 rows=7540 loops=1)
                     Sort Key: nation.n_name
                     Sort Method: quicksort  Memory: 605kB
                     ->  Hash Join  (cost=9454.99..188461.89 rows=7290 width=38) (actual time=50.538..344.496 rows=7540 loops=1)
                           Hash Cond: ((lineitem.l_suppkey = supplier.s_suppkey) AND (customer.c_nationkey = supplier.s_nationkey))
                           ->  Nested Loop  (cost=8981.99..187030.20 rows=182605 width=50) (actual time=47.701..318.059 rows=182435 loops=1)
                                 ->  Hash Join  (cost=8981.56..39848.87 rows=45651 width=38) (actual time=47.685..148.206 rows=45297 loops=1)
                                       Hash Cond: (orders.o_custkey = customer.c_custkey)
                                       ->  Bitmap Heap Scan on orders  (cost=2644.55..32199.39 rows=228256 width=8) (actual time=14.116..72.796 rows=226645 loops=1)
                                             Recheck Cond: ((o_orderdate >= '1993-01-01'::date) AND (o_orderdate < '1994-01-01'::date))
                                             Heap Blocks: exact=26127
                                             ->  Bitmap Index Scan on idx_orders_orderdate  (cost=0.00..2587.49 rows=228256 width=0) (actual time=10.639..10.639 rows=226645 loops=1)
                                                   Index Cond: ((o_orderdate >= '1993-01-01'::date) AND (o_orderdate < '1994-01-01'::date))
                                       ->  Hash  (cost=5962.01..5962.01 rows=30000 width=38) (actual time=33.539..33.542 rows=29952 loops=1)
                                             Buckets: 32768  Batches: 1  Memory Usage: 2362kB
                                             ->  Hash Join  (cost=2.51..5962.01 rows=30000 width=38) (actual time=0.035..28.965 rows=29952 loops=1)
                                                   Hash Cond: (customer.c_nationkey = nation.n_nationkey)
                                                   ->  Seq Scan on customer  (cost=0.00..5097.00 rows=150000 width=8) (actual time=0.006..9.721 rows=150000 loops=1)
                                                   ->  Hash  (cost=2.45..2.45 rows=5 width=30) (actual time=0.026..0.028 rows=5 loops=1)
                                                         Buckets: 1024  Batches: 1  Memory Usage: 9kB
                                                         ->  Hash Join  (cost=1.07..2.45 rows=5 width=30) (actual time=0.020..0.026 rows=5 loops=1)
                                                               Hash Cond: (nation.n_regionkey = region.r_regionkey)
                                                               ->  Seq Scan on nation  (cost=0.00..1.25 rows=25 width=34) (actual time=0.006..0.008 rows=25 loops=1)
                                                               ->  Hash  (cost=1.06..1.06 rows=1 width=4) (actual time=0.009..0.010 rows=1 loops=1)
                                                                     Buckets: 1024  Batches: 1  Memory Usage: 9kB
                                                                     ->  Seq Scan on region  (cost=0.00..1.06 rows=1 width=4) (actual time=0.006..0.007 rows=1 loops=1)
                                                                           Filter: (r_name = 'AMERICA'::bpchar)
                                                                           Rows Removed by Filter: 4
                                 ->  Index Scan using idx_lineitem_orderkey on lineitem  (cost=0.43..3.18 rows=4 width=20) (actual time=0.002..0.003 rows=4 loops=45297)
                                       Index Cond: (l_orderkey = orders.o_orderkey)
                           ->  Hash  (cost=323.00..323.00 rows=10000 width=8) (actual time=2.600..2.600 rows=10000 loops=1)
                                 Buckets: 16384  Batches: 1  Memory Usage: 519kB
                                 ->  Seq Scan on supplier  (cost=0.00..323.00 rows=10000 width=8) (actual time=0.010..1.393 rows=10000 loops=1)
 Planning Time: 3.228 ms
 Execution Time: 350.050 ms
(41 rows)

query 6 run 1
SET
SET
SET
                                                                                                          QUERY PLAN                                                                                                           
-------------------------------------------------------------------------------------------------------------------------------------------------------------------------------------------------------------------------------
 Limit  (cost=108189.08..108189.09 rows=1 width=32) (actual time=2046.656..2046.657 rows=1 loops=1)
   ->  Aggregate  (cost=108189.08..108189.09 rows=1 width=32) (actual time=2046.654..2046.655 rows=1 loops=1)
         ->  Bitmap Heap Scan on lineitem  (cost=20979.18..107599.83 rows=117850 width=12) (actual time=133.850..1979.298 rows=119208 loops=1)
               Recheck Cond: ((l_shipdate >= '1993-01-01'::date) AND (l_shipdate < '1994-01-01 00:00:00'::timestamp without time zone) AND (l_discount >= 0.06) AND (l_discount <= 0.08) AND (l_quantity < '25'::numeric))
               Heap Blocks: exact=66143
               ->  Bitmap Index Scan on idx_lineitem_shipdate  (cost=0.00..20949.72 rows=117850 width=0) (actual time=122.698..122.698 rows=119208 loops=1)
                     Index Cond: ((l_shipdate >= '1993-01-01'::date) AND (l_shipdate < '1994-01-01 00:00:00'::timestamp without time zone) AND (l_discount >= 0.06) AND (l_discount <= 0.08) AND (l_quantity < '25'::numeric))
 Planning Time: 10.731 ms
 Execution Time: 2047.787 ms
(9 rows)

SET
SET
SET
                                                                                                          QUERY PLAN                                                                                                           
-------------------------------------------------------------------------------------------------------------------------------------------------------------------------------------------------------------------------------
 Limit  (cost=108189.08..108189.09 rows=1 width=32) (actual time=205.336..205.337 rows=1 loops=1)
   ->  Aggregate  (cost=108189.08..108189.09 rows=1 width=32) (actual time=205.335..205.336 rows=1 loops=1)
         ->  Bitmap Heap Scan on lineitem  (cost=20979.18..107599.83 rows=117850 width=12) (actual time=101.693..179.555 rows=119208 loops=1)
               Recheck Cond: ((l_shipdate >= '1993-01-01'::date) AND (l_shipdate < '1994-01-01 00:00:00'::timestamp without time zone) AND (l_discount >= 0.06) AND (l_discount <= 0.08) AND (l_quantity < '25'::numeric))
               Heap Blocks: exact=66143
               ->  Bitmap Index Scan on idx_lineitem_shipdate  (cost=0.00..20949.72 rows=117850 width=0) (actual time=91.241..91.241 rows=119208 loops=1)
                     Index Cond: ((l_shipdate >= '1993-01-01'::date) AND (l_shipdate < '1994-01-01 00:00:00'::timestamp without time zone) AND (l_discount >= 0.06) AND (l_discount <= 0.08) AND (l_quantity < '25'::numeric))
 Planning Time: 0.442 ms
 Execution Time: 205.377 ms
(9 rows)

query 7 run 1
SET
SET
SET
                                                                                   QUERY PLAN                                                                                   
--------------------------------------------------------------------------------------------------------------------------------------------------------------------------------
 Limit  (cost=234495.37..234495.40 rows=1 width=116) (actual time=4173.022..4173.029 rows=1 loops=1)
   ->  GroupAggregate  (cost=234495.37..234693.33 rows=6091 width=116) (actual time=4173.021..4173.027 rows=1 loops=1)
         Group Key: n1.n_name, n2.n_name, (EXTRACT(year FROM lineitem.l_shipdate))
         ->  Sort  (cost=234495.37..234510.60 rows=6091 width=96) (actual time=4172.330..4172.390 rows=1359 loops=1)
               Sort Key: n1.n_name, n2.n_name, (EXTRACT(year FROM lineitem.l_shipdate))
               Sort Method: quicksort  Memory: 685kB
               ->  Hash Join  (cost=84919.95..234112.47 rows=6091 width=96) (actual time=690.155..4167.138 rows=5729 loops=1)
                     Hash Cond: (lineitem.l_orderkey = orders.o_orderkey)
                     Join Filter: (((n1.n_name = 'PERU'::bpchar) AND (n2.n_name = 'MOROCCO'::bpchar)) OR ((n1.n_name = 'MOROCCO'::bpchar) AND (n2.n_name = 'PERU'::bpchar)))
                     Rows Removed by Join Filter: 5827
                     ->  Hash Join  (cost=29755.05..178149.18 rows=146397 width=46) (actual time=213.930..3651.507 rows=144718 loops=1)
                           Hash Cond: (lineitem.l_suppkey = supplier.s_suppkey)
                           ->  Bitmap Heap Scan on lineitem  (cost=29389.95..169446.08 rows=1833075 width=24) (actual time=208.429..3392.432 rows=1828450 loops=1)
                                 Recheck Cond: ((l_shipdate >= '1995-01-01'::date) AND (l_shipdate <= '1996-12-31'::date))
                                 Heap Blocks: exact=112061
                                 ->  Bitmap Index Scan on idx_lineitem_shipdate  (cost=0.00..28931.68 rows=1833075 width=0) (actual time=187.454..187.454 rows=1828450 loops=1)
                                       Index Cond: ((l_shipdate >= '1995-01-01'::date) AND (l_shipdate <= '1996-12-31'::date))
                           ->  Hash  (cost=355.10..355.10 rows=800 width=30) (actual time=5.388..5.390 rows=794 loops=1)
                                 Buckets: 1024  Batches: 1  Memory Usage: 57kB
                                 ->  Hash Join  (cost=1.40..355.10 rows=800 width=30) (actual time=0.572..5.293 rows=794 loops=1)
                                       Hash Cond: (supplier.s_nationkey = n1.n_nationkey)
                                       ->  Seq Scan on supplier  (cost=0.00..323.00 rows=10000 width=8) (actual time=0.341..4.155 rows=10000 loops=1)
                                       ->  Hash  (cost=1.38..1.38 rows=2 width=30) (actual time=0.222..0.222 rows=2 loops=1)
                                             Buckets: 1024  Batches: 1  Memory Usage: 9kB
                                             ->  Seq Scan on nation n1  (cost=0.00..1.38 rows=2 width=30) (actual time=0.213..0.217 rows=2 loops=1)
                                                   Filter: ((n_name = 'PERU'::bpchar) OR (n_name = 'MOROCCO'::bpchar))
                                                   Rows Removed by Filter: 23
                     ->  Hash  (cost=53664.90..53664.90 rows=120000 width=30) (actual time=475.885..475.888 rows=118477 loops=1)
                           Buckets: 131072  Batches: 1  Memory Usage: 8198kB
                           ->  Hash Join  (cost=5708.90..53664.90 rows=120000 width=30) (actual time=47.555..454.195 rows=118477 loops=1)
                                 Hash Cond: (orders.o_custkey = customer.c_custkey)
                                 ->  Seq Scan on orders  (cost=0.00..41131.00 rows=1500000 width=8) (actual time=0.588..238.165 rows=1500000 loops=1)
                                 ->  Hash  (cost=5558.90..5558.90 rows=12000 width=30) (actual time=46.955..46.956 rows=11896 loops=1)
                                       Buckets: 16384  Batches: 1  Memory Usage: 849kB
                                       ->  Hash Join  (cost=1.40..5558.90 rows=12000 width=30) (actual time=0.539..45.138 rows=11896 loops=1)
                                             Hash Cond: (customer.c_nationkey = n2.n_nationkey)
                                             ->  Seq Scan on customer  (cost=0.00..5097.00 rows=150000 width=8) (actual time=0.506..31.792 rows=150000 loops=1)
                                             ->  Hash  (cost=1.38..1.38 rows=2 width=30) (actual time=0.025..0.025 rows=2 loops=1)
                                                   Buckets: 1024  Batches: 1  Memory Usage: 9kB
                                                   ->  Seq Scan on nation n2  (cost=0.00..1.38 rows=2 width=30) (actual time=0.016..0.020 rows=2 loops=1)
                                                         Filter: ((n_name = 'MOROCCO'::bpchar) OR (n_name = 'PERU'::bpchar))
                                                         Rows Removed by Filter: 23
 Planning Time: 22.314 ms
 Execution Time: 4173.491 ms
(44 rows)

SET
SET
SET
                                                                                   QUERY PLAN                                                                                   
--------------------------------------------------------------------------------------------------------------------------------------------------------------------------------
 Limit  (cost=234495.37..234495.40 rows=1 width=116) (actual time=948.823..948.830 rows=1 loops=1)
   ->  GroupAggregate  (cost=234495.37..234693.33 rows=6091 width=116) (actual time=948.822..948.828 rows=1 loops=1)
         Group Key: n1.n_name, n2.n_name, (EXTRACT(year FROM lineitem.l_shipdate))
         ->  Sort  (cost=234495.37..234510.60 rows=6091 width=96) (actual time=948.142..948.201 rows=1359 loops=1)
               Sort Key: n1.n_name, n2.n_name, (EXTRACT(year FROM lineitem.l_shipdate))
               Sort Method: quicksort  Memory: 685kB
               ->  Hash Join  (cost=84919.95..234112.47 rows=6091 width=96) (actual time=440.219..944.484 rows=5729 loops=1)
                     Hash Cond: (lineitem.l_orderkey = orders.o_orderkey)
                     Join Filter: (((n1.n_name = 'PERU'::bpchar) AND (n2.n_name = 'MOROCCO'::bpchar)) OR ((n1.n_name = 'MOROCCO'::bpchar) AND (n2.n_name = 'PERU'::bpchar)))
                     Rows Removed by Join Filter: 5827
                     ->  Hash Join  (cost=29755.05..178149.18 rows=146397 width=46) (actual time=145.611..620.830 rows=144718 loops=1)
                           Hash Cond: (lineitem.l_suppkey = supplier.s_suppkey)
                           ->  Bitmap Heap Scan on lineitem  (cost=29389.95..169446.08 rows=1833075 width=24) (actual time=143.535..443.046 rows=1828450 loops=1)
                                 Recheck Cond: ((l_shipdate >= '1995-01-01'::date) AND (l_shipdate <= '1996-12-31'::date))
                                 Heap Blocks: exact=112061
                                 ->  Bitmap Index Scan on idx_lineitem_shipdate  (cost=0.00..28931.68 rows=1833075 width=0) (actual time=123.344..123.344 rows=1828450 loops=1)
                                       Index Cond: ((l_shipdate >= '1995-01-01'::date) AND (l_shipdate <= '1996-12-31'::date))
                           ->  Hash  (cost=355.10..355.10 rows=800 width=30) (actual time=2.013..2.015 rows=794 loops=1)
                                 Buckets: 1024  Batches: 1  Memory Usage: 57kB
                                 ->  Hash Join  (cost=1.40..355.10 rows=800 width=30) (actual time=0.029..1.922 rows=794 loops=1)
                                       Hash Cond: (supplier.s_nationkey = n1.n_nationkey)
                                       ->  Seq Scan on supplier  (cost=0.00..323.00 rows=10000 width=8) (actual time=0.006..0.697 rows=10000 loops=1)
                                       ->  Hash  (cost=1.38..1.38 rows=2 width=30) (actual time=0.020..0.021 rows=2 loops=1)
                                             Buckets: 1024  Batches: 1  Memory Usage: 9kB
                                             ->  Seq Scan on nation n1  (cost=0.00..1.38 rows=2 width=30) (actual time=0.016..0.017 rows=2 loops=1)
                                                   Filter: ((n_name = 'PERU'::bpchar) OR (n_name = 'MOROCCO'::bpchar))
                                                   Rows Removed by Filter: 23
                     ->  Hash  (cost=53664.90..53664.90 rows=120000 width=30) (actual time=294.448..294.450 rows=118477 loops=1)
                           Buckets: 131072  Batches: 1  Memory Usage: 8198kB
                           ->  Hash Join  (cost=5708.90..53664.90 rows=120000 width=30) (actual time=27.669..274.949 rows=118477 loops=1)
                                 Hash Cond: (orders.o_custkey = customer.c_custkey)
                                 ->  Seq Scan on orders  (cost=0.00..41131.00 rows=1500000 width=8) (actual time=0.006..87.093 rows=1500000 loops=1)
                                 ->  Hash  (cost=5558.90..5558.90 rows=12000 width=30) (actual time=27.650..27.651 rows=11896 loops=1)
                                       Buckets: 16384  Batches: 1  Memory Usage: 849kB
                                       ->  Hash Join  (cost=1.40..5558.90 rows=12000 width=30) (actual time=0.023..26.116 rows=11896 loops=1)
                                             Hash Cond: (customer.c_nationkey = n2.n_nationkey)
                                             ->  Seq Scan on customer  (cost=0.00..5097.00 rows=150000 width=8) (actual time=0.007..9.381 rows=150000 loops=1)
                                             ->  Hash  (cost=1.38..1.38 rows=2 width=30) (actual time=0.012..0.013 rows=2 loops=1)
                                                   Buckets: 1024  Batches: 1  Memory Usage: 9kB
                                                   ->  Seq Scan on nation n2  (cost=0.00..1.38 rows=2 width=30) (actual time=0.008..0.009 rows=2 loops=1)
                                                         Filter: ((n_name = 'MOROCCO'::bpchar) OR (n_name = 'PERU'::bpchar))
                                                         Rows Removed by Filter: 23
 Planning Time: 2.522 ms
 Execution Time: 948.930 ms
(44 rows)

query 8 run 1
SET
SET
SET
                                                                                          QUERY PLAN                                                                                          
----------------------------------------------------------------------------------------------------------------------------------------------------------------------------------------------
 Limit  (cost=114368.63..114368.68 rows=1 width=64) (actual time=6509.822..6509.829 rows=1 loops=1)
   ->  GroupAggregate  (cost=114368.63..114471.99 rows=2406 width=64) (actual time=6509.821..6509.827 rows=1 loops=1)
         Group Key: (EXTRACT(year FROM orders.o_orderdate))
         ->  Sort  (cost=114368.63..114374.77 rows=2455 width=70) (actual time=6509.233..6509.287 rows=1235 loops=1)
               Sort Key: (EXTRACT(year FROM orders.o_orderdate))
               Sort Method: quicksort  Memory: 252kB
               ->  Nested Loop  (cost=79154.63..114230.40 rows=2455 width=70) (actual time=5694.277..6507.394 rows=2485 loops=1)
                     ->  Hash Join  (cost=79154.48..114141.43 rows=2455 width=20) (actual time=5694.258..6502.986 rows=2485 loops=1)
                           Hash Cond: (lineitem.l_suppkey = supplier.s_suppkey)
                           ->  Hash Join  (cost=78706.48..113686.97 rows=2460 width=20) (actual time=5688.500..6496.016 rows=2485 loops=1)
                                 Hash Cond: (orders.o_custkey = customer.c_custkey)
                                 ->  Hash Join  (cost=72369.47..107279.24 rows=12298 width=24) (actual time=5637.436..6441.217 rows=12097 loops=1)
                                       Hash Cond: (orders.o_orderkey = lineitem.l_orderkey)
                                       ->  Bitmap Heap Scan on orders  (cost=5347.26..38402.89 rows=461642 width=12) (actual time=29.406..748.806 rows=457263 loops=1)
                                             Recheck Cond: ((o_orderdate >= '1995-01-01'::date) AND (o_orderdate <= '1996-12-31'::date))
                                             Heap Blocks: exact=26131
                                             ->  Bitmap Index Scan on idx_orders_orderdate  (cost=0.00..5231.85 rows=461642 width=0) (actual time=25.353..25.353 rows=457263 loops=1)
                                                   Index Cond: ((o_orderdate >= '1995-01-01'::date) AND (o_orderdate <= '1996-12-31'::date))
                                       ->  Hash  (cost=66522.62..66522.62 rows=39968 width=20) (actual time=5607.771..5607.772 rows=39694 loops=1)
                                             Buckets: 65536  Batches: 1  Memory Usage: 2645kB
                                             ->  Nested Loop  (cost=0.43..66522.62 rows=39968 width=20) (actual time=1.509..5565.141 rows=39694 loops=1)
                                                   ->  Seq Scan on part  (cost=0.00..6599.00 rows=1332 width=4) (actual time=1.062..58.383 rows=1320 loops=1)
                                                         Filter: ((p_type)::text = 'LARGE POLISHED BRASS'::text)
                                                         Rows Removed by Filter: 198680
                                                   ->  Index Scan using idx_lineitem_part_supp on lineitem  (cost=0.43..44.68 rows=31 width=24) (actual time=0.254..4.151 rows=30 loops=1320)
                                                         Index Cond: (l_partkey = part.p_partkey)
                                 ->  Hash  (cost=5962.01..5962.01 rows=30000 width=4) (actual time=51.047..51.049 rows=29952 loops=1)
                                       Buckets: 32768  Batches: 1  Memory Usage: 1309kB
                                       ->  Hash Join  (cost=2.51..5962.01 rows=30000 width=4) (actual time=1.201..47.494 rows=29952 loops=1)
                                             Hash Cond: (customer.c_nationkey = n1.n_nationkey)
                                             ->  Seq Scan on customer  (cost=0.00..5097.00 rows=150000 width=8) (actual time=0.598..31.848 rows=150000 loops=1)
                                             ->  Hash  (cost=2.45..2.45 rows=5 width=4) (actual time=0.598..0.599 rows=5 loops=1)
                                                   Buckets: 1024  Batches: 1  Memory Usage: 9kB
                                                   ->  Hash Join  (cost=1.07..2.45 rows=5 width=4) (actual time=0.593..0.598 rows=5 loops=1)
                                                         Hash Cond: (n1.n_regionkey = region.r_regionkey)
                                                         ->  Seq Scan on nation n1  (cost=0.00..1.25 rows=25 width=8) (actual time=0.298..0.299 rows=25 loops=1)
                                                         ->  Hash  (cost=1.06..1.06 rows=1 width=4) (actual time=0.291..0.291 rows=1 loops=1)
                                                               Buckets: 1024  Batches: 1  Memory Usage: 9kB
                                                               ->  Seq Scan on region  (cost=0.00..1.06 rows=1 width=4) (actual time=0.289..0.289 rows=1 loops=1)
                                                                     Filter: (r_name = 'AMERICA'::bpchar)
                                                                     Rows Removed by Filter: 4
                           ->  Hash  (cost=323.00..323.00 rows=10000 width=8) (actual time=5.745..5.745 rows=10000 loops=1)
                                 Buckets: 16384  Batches: 1  Memory Usage: 519kB
                                 ->  Seq Scan on supplier  (cost=0.00..323.00 rows=10000 width=8) (actual time=0.430..4.407 rows=10000 loops=1)
                     ->  Memoize  (cost=0.15..0.92 rows=1 width=30) (actual time=0.000..0.000 rows=1 loops=2485)
                           Cache Key: supplier.s_nationkey
                           Cache Mode: logical
                           Hits: 2460  Misses: 25  Evictions: 0  Overflows: 0  Memory Usage: 4kB
                           ->  Index Scan using nation_pkey on nation n2  (cost=0.14..0.91 rows=1 width=30) (actual time=0.003..0.003 rows=1 loops=25)
                                 Index Cond: (n_nationkey = supplier.s_nationkey)
 Planning Time: 26.199 ms
 Execution Time: 6510.259 ms
(52 rows)

SET
SET
SET
                                                                                          QUERY PLAN                                                                                          
----------------------------------------------------------------------------------------------------------------------------------------------------------------------------------------------
 Limit  (cost=114368.63..114368.68 rows=1 width=64) (actual time=267.971..267.978 rows=1 loops=1)
   ->  GroupAggregate  (cost=114368.63..114471.99 rows=2406 width=64) (actual time=267.970..267.976 rows=1 loops=1)
         Group Key: (EXTRACT(year FROM orders.o_orderdate))
         ->  Sort  (cost=114368.63..114374.77 rows=2455 width=70) (actual time=267.403..267.455 rows=1235 loops=1)
               Sort Key: (EXTRACT(year FROM orders.o_orderdate))
               Sort Method: quicksort  Memory: 252kB
               ->  Nested Loop  (cost=79154.63..114230.40 rows=2455 width=70) (actual time=133.373..266.570 rows=2485 loops=1)
                     ->  Hash Join  (cost=79154.48..114141.43 rows=2455 width=20) (actual time=133.361..264.794 rows=2485 loops=1)
                           Hash Cond: (lineitem.l_suppkey = supplier.s_suppkey)
                           ->  Hash Join  (cost=78706.48..113686.97 rows=2460 width=20) (actual time=130.591..261.136 rows=2485 loops=1)
                                 Hash Cond: (orders.o_custkey = customer.c_custkey)
                                 ->  Hash Join  (cost=72369.47..107279.24 rows=12298 width=24) (actual time=98.117..225.972 rows=12097 loops=1)
                                       Hash Cond: (orders.o_orderkey = lineitem.l_orderkey)
                                       ->  Bitmap Heap Scan on orders  (cost=5347.26..38402.89 rows=461642 width=12) (actual time=23.153..100.890 rows=457263 loops=1)
                                             Recheck Cond: ((o_orderdate >= '1995-01-01'::date) AND (o_orderdate <= '1996-12-31'::date))
                                             Heap Blocks: exact=26131
                                             ->  Bitmap Index Scan on idx_orders_orderdate  (cost=0.00..5231.85 rows=461642 width=0) (actual time=19.655..19.655 rows=457263 loops=1)
                                                   Index Cond: ((o_orderdate >= '1995-01-01'::date) AND (o_orderdate <= '1996-12-31'::date))
                                       ->  Hash  (cost=66522.62..66522.62 rows=39968 width=20) (actual time=74.920..74.921 rows=39694 loops=1)
                                             Buckets: 65536  Batches: 1  Memory Usage: 2645kB
                                             ->  Nested Loop  (cost=0.43..66522.62 rows=39968 width=20) (actual time=0.053..67.207 rows=39694 loops=1)
                                                   ->  Seq Scan on part  (cost=0.00..6599.00 rows=1332 width=4) (actual time=0.040..21.289 rows=1320 loops=1)
                                                         Filter: ((p_type)::text = 'LARGE POLISHED BRASS'::text)
                                                         Rows Removed by Filter: 198680
                                                   ->  Index Scan using idx_lineitem_part_supp on lineitem  (cost=0.43..44.68 rows=31 width=24) (actual time=0.004..0.031 rows=30 loops=1320)
                                                         Index Cond: (l_partkey = part.p_partkey)
                                 ->  Hash  (cost=5962.01..5962.01 rows=30000 width=4) (actual time=32.456..32.458 rows=29952 loops=1)
                                       Buckets: 32768  Batches: 1  Memory Usage: 1309kB
                                       ->  Hash Join  (cost=2.51..5962.01 rows=30000 width=4) (actual time=0.029..29.203 rows=29952 loops=1)
                                             Hash Cond: (customer.c_nationkey = n1.n_nationkey)
                                             ->  Seq Scan on customer  (cost=0.00..5097.00 rows=150000 width=8) (actual time=0.006..9.866 rows=150000 loops=1)
                                             ->  Hash  (cost=2.45..2.45 rows=5 width=4) (actual time=0.019..0.021 rows=5 loops=1)
                                                   Buckets: 1024  Batches: 1  Memory Usage: 9kB
                                                   ->  Hash Join  (cost=1.07..2.45 rows=5 width=4) (actual time=0.014..0.019 rows=5 loops=1)
                                                         Hash Cond: (n1.n_regionkey = region.r_regionkey)
                                                         ->  Seq Scan on nation n1  (cost=0.00..1.25 rows=25 width=8) (actual time=0.002..0.004 rows=25 loops=1)
                                                         ->  Hash  (cost=1.06..1.06 rows=1 width=4) (actual time=0.008..0.008 rows=1 loops=1)
                                                               Buckets: 1024  Batches: 1  Memory Usage: 9kB
                                                               ->  Seq Scan on region  (cost=0.00..1.06 rows=1 width=4) (actual time=0.006..0.007 rows=1 loops=1)
                                                                     Filter: (r_name = 'AMERICA'::bpchar)
                                                                     Rows Removed by Filter: 4
                           ->  Hash  (cost=323.00..323.00 rows=10000 width=8) (actual time=2.756..2.757 rows=10000 loops=1)
                                 Buckets: 16384  Batches: 1  Memory Usage: 519kB
                                 ->  Seq Scan on supplier  (cost=0.00..323.00 rows=10000 width=8) (actual time=0.008..1.399 rows=10000 loops=1)
                     ->  Memoize  (cost=0.15..0.92 rows=1 width=30) (actual time=0.000..0.000 rows=1 loops=2485)
                           Cache Key: supplier.s_nationkey
                           Cache Mode: logical
                           Hits: 2460  Misses: 25  Evictions: 0  Overflows: 0  Memory Usage: 4kB
                           ->  Index Scan using nation_pkey on nation n2  (cost=0.14..0.91 rows=1 width=30) (actual time=0.002..0.002 rows=1 loops=25)
                                 Index Cond: (n_nationkey = supplier.s_nationkey)
 Planning Time: 3.802 ms
 Execution Time: 268.069 ms
(52 rows)

query 9 run 1
SET
SET
SET
                                                                                     QUERY PLAN                                                                                     
------------------------------------------------------------------------------------------------------------------------------------------------------------------------------------
 Limit  (cost=70362.78..70362.82 rows=1 width=90) (actual time=16971.734..16971.739 rows=1 loops=1)
   ->  GroupAggregate  (cost=70362.78..70364.43 rows=47 width=90) (actual time=16971.733..16971.737 rows=1 loops=1)
         Group Key: nation.n_name, (EXTRACT(year FROM orders.o_orderdate))
         ->  Sort  (cost=70362.78..70362.90 rows=47 width=81) (actual time=16970.868..16970.982 rows=1210 loops=1)
               Sort Key: nation.n_name, (EXTRACT(year FROM orders.o_orderdate)) DESC
               Sort Method: quicksort  Memory: 32525kB
               ->  Nested Loop  (cost=1.57..70361.48 rows=47 width=81) (actual time=3.205..16606.487 rows=325928 loops=1)
                     Join Filter: (supplier.s_nationkey = nation.n_nationkey)
                     Rows Removed by Join Filter: 3898820
                     ->  Nested Loop  (cost=1.57..70343.12 rows=47 width=31) (actual time=3.027..15881.309 rows=325928 loops=1)
                           ->  Nested Loop  (cost=1.14..70195.24 rows=47 width=31) (actual time=2.123..11963.654 rows=325928 loops=1)
                                 ->  Nested Loop  (cost=0.86..70056.69 rows=47 width=35) (actual time=1.675..11085.528 rows=325928 loops=1)
                                       ->  Nested Loop  (cost=0.42..19801.90 rows=15849 width=18) (actual time=1.111..297.865 rows=43520 loops=1)
                                             ->  Seq Scan on part  (cost=0.00..6599.00 rows=4040 width=4) (actual time=0.605..73.780 rows=10880 loops=1)
                                                   Filter: ((p_name)::text ~~ '%navy%'::text)
                                                   Rows Removed by Filter: 189120
                                             ->  Index Scan using idx_partsupp_partkey on partsupp  (cost=0.42..3.23 rows=4 width=14) (actual time=0.017..0.019 rows=4 loops=10880)
                                                   Index Cond: (ps_partkey = part.p_partkey)
                                       ->  Index Scan using idx_lineitem_part_supp on lineitem  (cost=0.43..3.16 rows=1 width=29) (actual time=0.035..0.245 rows=7 loops=43520)
                                             Index Cond: ((l_partkey = partsupp.ps_partkey) AND (l_suppkey = partsupp.ps_suppkey))
                                 ->  Index Scan using supplier_pkey on supplier  (cost=0.29..2.95 rows=1 width=8) (actual time=0.002..0.002 rows=1 loops=325928)
                                       Index Cond: (s_suppkey = lineitem.l_suppkey)
                           ->  Index Scan using orders_pkey on orders  (cost=0.43..3.15 rows=1 width=8) (actual time=0.012..0.012 rows=1 loops=325928)
                                 Index Cond: (o_orderkey = lineitem.l_orderkey)
                     ->  Materialize  (cost=0.00..1.38 rows=25 width=30) (actual time=0.000..0.001 rows=13 loops=325928)
                           Storage: Memory  Maximum Storage: 18kB
                           ->  Seq Scan on nation  (cost=0.00..1.25 rows=25 width=30) (actual time=0.164..0.168 rows=25 loops=1)
 Planning Time: 27.760 ms
 Execution Time: 16971.810 ms
(29 rows)

SET
SET
SET
                                                                                     QUERY PLAN                                                                                     
------------------------------------------------------------------------------------------------------------------------------------------------------------------------------------
 Limit  (cost=70362.78..70362.82 rows=1 width=90) (actual time=2761.992..2761.996 rows=1 loops=1)
   ->  GroupAggregate  (cost=70362.78..70364.43 rows=47 width=90) (actual time=2761.991..2761.994 rows=1 loops=1)
         Group Key: nation.n_name, (EXTRACT(year FROM orders.o_orderdate))
         ->  Sort  (cost=70362.78..70362.90 rows=47 width=81) (actual time=2761.130..2761.241 rows=1210 loops=1)
               Sort Key: nation.n_name, (EXTRACT(year FROM orders.o_orderdate)) DESC
               Sort Method: quicksort  Memory: 32525kB
               ->  Nested Loop  (cost=1.57..70361.48 rows=47 width=81) (actual time=0.063..2453.688 rows=325928 loops=1)
                     Join Filter: (supplier.s_nationkey = nation.n_nationkey)
                     Rows Removed by Join Filter: 3898820
                     ->  Nested Loop  (cost=1.57..70343.12 rows=47 width=31) (actual time=0.043..1926.768 rows=325928 loops=1)
                           ->  Nested Loop  (cost=1.14..70195.24 rows=47 width=31) (actual time=0.032..1004.872 rows=325928 loops=1)
                                 ->  Nested Loop  (cost=0.86..70056.69 rows=47 width=35) (actual time=0.028..507.918 rows=325928 loops=1)
                                       ->  Nested Loop  (cost=0.42..19801.90 rows=15849 width=18) (actual time=0.021..83.862 rows=43520 loops=1)
                                             ->  Seq Scan on part  (cost=0.00..6599.00 rows=4040 width=4) (actual time=0.013..39.720 rows=10880 loops=1)
                                                   Filter: ((p_name)::text ~~ '%navy%'::text)
                                                   Rows Removed by Filter: 189120
                                             ->  Index Scan using idx_partsupp_partkey on partsupp  (cost=0.42..3.23 rows=4 width=14) (actual time=0.003..0.003 rows=4 loops=10880)
                                                   Index Cond: (ps_partkey = part.p_partkey)
                                       ->  Index Scan using idx_lineitem_part_supp on lineitem  (cost=0.43..3.16 rows=1 width=29) (actual time=0.002..0.008 rows=7 loops=43520)
                                             Index Cond: ((l_partkey = partsupp.ps_partkey) AND (l_suppkey = partsupp.ps_suppkey))
                                 ->  Index Scan using supplier_pkey on supplier  (cost=0.29..2.95 rows=1 width=8) (actual time=0.001..0.001 rows=1 loops=325928)
                                       Index Cond: (s_suppkey = lineitem.l_suppkey)
                           ->  Index Scan using orders_pkey on orders  (cost=0.43..3.15 rows=1 width=8) (actual time=0.002..0.002 rows=1 loops=325928)
                                 Index Cond: (o_orderkey = lineitem.l_orderkey)
                     ->  Materialize  (cost=0.00..1.38 rows=25 width=30) (actual time=0.000..0.000 rows=13 loops=325928)
                           Storage: Memory  Maximum Storage: 18kB
                           ->  Seq Scan on nation  (cost=0.00..1.25 rows=25 width=30) (actual time=0.006..0.009 rows=25 loops=1)
 Planning Time: 4.779 ms
 Execution Time: 2762.062 ms
(29 rows)

query 10 run 1
SET
SET
SET
                                                                                QUERY PLAN                                                                                 
---------------------------------------------------------------------------------------------------------------------------------------------------------------------------
 Limit  (cost=230038.02..230038.07 rows=20 width=202) (actual time=2381.962..2381.969 rows=20 loops=1)
   ->  Sort  (cost=230038.02..230183.33 rows=58125 width=202) (actual time=2381.961..2381.966 rows=20 loops=1)
         Sort Key: (sum((lineitem.l_extendedprice * ('1'::numeric - lineitem.l_discount)))) DESC
         Sort Method: top-N heapsort  Memory: 32kB
         ->  HashAggregate  (cost=227764.77..228491.33 rows=58125 width=202) (actual time=2352.637..2370.969 rows=38076 loops=1)
               Group Key: customer.c_custkey, nation.n_name
               Batches: 1  Memory Usage: 24081kB
               ->  Nested Loop  (cost=7660.20..227038.21 rows=58125 width=182) (actual time=93.400..2238.759 rows=114347 loops=1)
                     ->  Hash Join  (cost=7660.05..225594.46 rows=58125 width=160) (actual time=93.034..2173.369 rows=114347 loops=1)
                           Hash Cond: (orders.o_custkey = customer.c_custkey)
                           ->  Nested Loop  (cost=688.05..218469.88 rows=58125 width=16) (actual time=10.449..2039.763 rows=114347 loops=1)
                                 ->  Bitmap Heap Scan on orders  (cost=687.62..27707.92 rows=59287 width=8) (actual time=9.075..665.429 rows=57111 loops=1)
                                       Recheck Cond: ((o_orderdate >= '1994-08-01'::date) AND (o_orderdate < '1994-11-01'::date))
                                       Heap Blocks: exact=23377
                                       ->  Bitmap Index Scan on idx_orders_orderdate  (cost=0.00..672.80 rows=59287 width=0) (actual time=5.358..5.358 rows=57111 loops=1)
                                             Index Cond: ((o_orderdate >= '1994-08-01'::date) AND (o_orderdate < '1994-11-01'::date))
                                 ->  Index Scan using idx_lineitem_orderkey on lineitem  (cost=0.43..3.21 rows=1 width=16) (actual time=0.022..0.023 rows=2 loops=57111)
                                       Index Cond: (l_orderkey = orders.o_orderkey)
                                       Filter: (l_returnflag = 'R'::bpchar)
                                       Rows Removed by Filter: 2
                           ->  Hash  (cost=5097.00..5097.00 rows=150000 width=148) (actual time=82.231..82.232 rows=150000 loops=1)
                                 Buckets: 262144  Batches: 1  Memory Usage: 28861kB
                                 ->  Seq Scan on customer  (cost=0.00..5097.00 rows=150000 width=148) (actual time=0.569..42.832 rows=150000 loops=1)
                     ->  Memoize  (cost=0.15..0.92 rows=1 width=30) (actual time=0.000..0.000 rows=1 loops=114347)
                           Cache Key: customer.c_nationkey
                           Cache Mode: logical
                           Hits: 114322  Misses: 25  Evictions: 0  Overflows: 0  Memory Usage: 4kB
                           ->  Index Scan using nation_pkey on nation  (cost=0.14..0.91 rows=1 width=30) (actual time=0.016..0.016 rows=1 loops=25)
                                 Index Cond: (n_nationkey = customer.c_nationkey)
 Planning Time: 20.381 ms
 Execution Time: 2382.748 ms
(31 rows)

SET
SET
SET
                                                                                QUERY PLAN                                                                                 
---------------------------------------------------------------------------------------------------------------------------------------------------------------------------
 Limit  (cost=230038.02..230038.07 rows=20 width=202) (actual time=538.145..538.152 rows=20 loops=1)
   ->  Sort  (cost=230038.02..230183.33 rows=58125 width=202) (actual time=538.143..538.148 rows=20 loops=1)
         Sort Key: (sum((lineitem.l_extendedprice * ('1'::numeric - lineitem.l_discount)))) DESC
         Sort Method: top-N heapsort  Memory: 32kB
         ->  HashAggregate  (cost=227764.77..228491.33 rows=58125 width=202) (actual time=508.984..527.253 rows=38076 loops=1)
               Group Key: customer.c_custkey, nation.n_name
               Batches: 1  Memory Usage: 24081kB
               ->  Nested Loop  (cost=7660.20..227038.21 rows=58125 width=182) (actual time=69.896..424.069 rows=114347 loops=1)
                     ->  Hash Join  (cost=7660.05..225594.46 rows=58125 width=160) (actual time=69.880..373.496 rows=114347 loops=1)
                           Hash Cond: (orders.o_custkey = customer.c_custkey)
                           ->  Nested Loop  (cost=688.05..218469.88 rows=58125 width=16) (actual time=6.673..268.357 rows=114347 loops=1)
                                 ->  Bitmap Heap Scan on orders  (cost=687.62..27707.92 rows=59287 width=8) (actual time=6.640..44.946 rows=57111 loops=1)
                                       Recheck Cond: ((o_orderdate >= '1994-08-01'::date) AND (o_orderdate < '1994-11-01'::date))
                                       Heap Blocks: exact=23377
                                       ->  Bitmap Index Scan on idx_orders_orderdate  (cost=0.00..672.80 rows=59287 width=0) (actual time=3.351..3.351 rows=57111 loops=1)
                                             Index Cond: ((o_orderdate >= '1994-08-01'::date) AND (o_orderdate < '1994-11-01'::date))
                                 ->  Index Scan using idx_lineitem_orderkey on lineitem  (cost=0.43..3.21 rows=1 width=16) (actual time=0.003..0.003 rows=2 loops=57111)
                                       Index Cond: (l_orderkey = orders.o_orderkey)
                                       Filter: (l_returnflag = 'R'::bpchar)
                                       Rows Removed by Filter: 2
                           ->  Hash  (cost=5097.00..5097.00 rows=150000 width=148) (actual time=62.848..62.849 rows=150000 loops=1)
                                 Buckets: 262144  Batches: 1  Memory Usage: 28861kB
                                 ->  Seq Scan on customer  (cost=0.00..5097.00 rows=150000 width=148) (actual time=0.009..24.413 rows=150000 loops=1)
                     ->  Memoize  (cost=0.15..0.92 rows=1 width=30) (actual time=0.000..0.000 rows=1 loops=114347)
                           Cache Key: customer.c_nationkey
                           Cache Mode: logical
                           Hits: 114322  Misses: 25  Evictions: 0  Overflows: 0  Memory Usage: 4kB
                           ->  Index Scan using nation_pkey on nation  (cost=0.14..0.91 rows=1 width=30) (actual time=0.001..0.001 rows=1 loops=25)
                                 Index Cond: (n_nationkey = customer.c_nationkey)
 Planning Time: 1.608 ms
 Execution Time: 538.614 ms
(31 rows)

query 11 run 1
SET
SET
SET
                                                                             QUERY PLAN                                                                             
--------------------------------------------------------------------------------------------------------------------------------------------------------------------
 Limit  (cost=15992.58..15992.58 rows=1 width=36) (actual time=694.572..694.576 rows=1 loops=1)
   InitPlan 1
     ->  Aggregate  (cost=7689.62..7689.63 rows=1 width=32) (actual time=29.051..29.053 rows=1 loops=1)
           ->  Nested Loop  (cost=5.31..7449.61 rows=32000 width=10) (actual time=0.056..22.379 rows=32880 loops=1)
                 ->  Nested Loop  (cost=4.88..229.08 rows=400 width=4) (actual time=0.048..0.315 rows=411 loops=1)
                       ->  Seq Scan on nation nation_1  (cost=0.00..1.31 rows=1 width=4) (actual time=0.009..0.012 rows=1 loops=1)
                             Filter: (n_name = 'SAUDI ARABIA'::bpchar)
                             Rows Removed by Filter: 24
                       ->  Bitmap Heap Scan on supplier supplier_1  (cost=4.88..223.76 rows=400 width=8) (actual time=0.038..0.261 rows=411 loops=1)
                             Recheck Cond: (s_nationkey = nation_1.n_nationkey)
                             Heap Blocks: exact=183
                             ->  Bitmap Index Scan on idx_supplier_nation_key  (cost=0.00..4.79 rows=400 width=0) (actual time=0.019..0.019 rows=411 loops=1)
                                   Index Cond: (s_nationkey = nation_1.n_nationkey)
                 ->  Index Scan using idx_partsupp_suppkey on partsupp partsupp_1  (cost=0.42..17.25 rows=80 width=14) (actual time=0.002..0.046 rows=80 loops=411)
                       Index Cond: (ps_suppkey = supplier_1.s_suppkey)
   ->  Sort  (cost=8302.95..8329.62 rows=10667 width=36) (actual time=694.570..694.572 rows=1 loops=1)
         Sort Key: (sum((partsupp.ps_supplycost * (partsupp.ps_availqty)::numeric))) DESC
         Sort Method: top-N heapsort  Memory: 25kB
         ->  HashAggregate  (cost=7769.61..8249.61 rows=10667 width=36) (actual time=684.389..694.424 rows=839 loops=1)
               Group Key: partsupp.ps_partkey
               Filter: (sum((partsupp.ps_supplycost * (partsupp.ps_availqty)::numeric)) > (InitPlan 1).col1)
               Batches: 1  Memory Usage: 13841kB
               Rows Removed by Filter: 30007
               ->  Nested Loop  (cost=5.31..7449.61 rows=32000 width=14) (actual time=1.239..626.533 rows=32880 loops=1)
                     ->  Nested Loop  (cost=4.88..229.08 rows=400 width=4) (actual time=0.771..4.415 rows=411 loops=1)
                           ->  Seq Scan on nation  (cost=0.00..1.31 rows=1 width=4) (actual time=0.217..0.220 rows=1 loops=1)
                                 Filter: (n_name = 'SAUDI ARABIA'::bpchar)
                                 Rows Removed by Filter: 24
                           ->  Bitmap Heap Scan on supplier  (cost=4.88..223.76 rows=400 width=8) (actual time=0.549..4.092 rows=411 loops=1)
                                 Recheck Cond: (s_nationkey = nation.n_nationkey)
                                 Heap Blocks: exact=183
                                 ->  Bitmap Index Scan on idx_supplier_nation_key  (cost=0.00..4.79 rows=400 width=0) (actual time=0.321..0.322 rows=411 loops=1)
                                       Index Cond: (s_nationkey = nation.n_nationkey)
                     ->  Index Scan using idx_partsupp_suppkey on partsupp  (cost=0.42..17.25 rows=80 width=18) (actual time=0.048..1.496 rows=80 loops=411)
                           Index Cond: (ps_suppkey = supplier.s_suppkey)
 Planning Time: 14.579 ms
 Execution Time: 694.976 ms
(37 rows)

SET
SET
SET
                                                                             QUERY PLAN                                                                             
--------------------------------------------------------------------------------------------------------------------------------------------------------------------
 Limit  (cost=15992.58..15992.58 rows=1 width=36) (actual time=87.070..87.074 rows=1 loops=1)
   InitPlan 1
     ->  Aggregate  (cost=7689.62..7689.63 rows=1 width=32) (actual time=28.971..28.973 rows=1 loops=1)
           ->  Nested Loop  (cost=5.31..7449.61 rows=32000 width=10) (actual time=0.054..22.266 rows=32880 loops=1)
                 ->  Nested Loop  (cost=4.88..229.08 rows=400 width=4) (actual time=0.047..0.317 rows=411 loops=1)
                       ->  Seq Scan on nation nation_1  (cost=0.00..1.31 rows=1 width=4) (actual time=0.010..0.012 rows=1 loops=1)
                             Filter: (n_name = 'SAUDI ARABIA'::bpchar)
                             Rows Removed by Filter: 24
                       ->  Bitmap Heap Scan on supplier supplier_1  (cost=4.88..223.76 rows=400 width=8) (actual time=0.036..0.263 rows=411 loops=1)
                             Recheck Cond: (s_nationkey = nation_1.n_nationkey)
                             Heap Blocks: exact=183
                             ->  Bitmap Index Scan on idx_supplier_nation_key  (cost=0.00..4.79 rows=400 width=0) (actual time=0.018..0.018 rows=411 loops=1)
                                   Index Cond: (s_nationkey = nation_1.n_nationkey)
                 ->  Index Scan using idx_partsupp_suppkey on partsupp partsupp_1  (cost=0.42..17.25 rows=80 width=14) (actual time=0.002..0.045 rows=80 loops=411)
                       Index Cond: (ps_suppkey = supplier_1.s_suppkey)
   ->  Sort  (cost=8302.95..8329.62 rows=10667 width=36) (actual time=87.068..87.070 rows=1 loops=1)
         Sort Key: (sum((partsupp.ps_supplycost * (partsupp.ps_availqty)::numeric))) DESC
         Sort Method: top-N heapsort  Memory: 25kB
         ->  HashAggregate  (cost=7769.61..8249.61 rows=10667 width=36) (actual time=76.829..86.931 rows=839 loops=1)
               Group Key: partsupp.ps_partkey
               Filter: (sum((partsupp.ps_supplycost * (partsupp.ps_availqty)::numeric)) > (InitPlan 1).col1)
               Batches: 1  Memory Usage: 13841kB
               Rows Removed by Filter: 30007
               ->  Nested Loop  (cost=5.31..7449.61 rows=32000 width=14) (actual time=0.066..31.356 rows=32880 loops=1)
                     ->  Nested Loop  (cost=4.88..229.08 rows=400 width=4) (actual time=0.054..0.471 rows=411 loops=1)
                           ->  Seq Scan on nation  (cost=0.00..1.31 rows=1 width=4) (actual time=0.013..0.016 rows=1 loops=1)
                                 Filter: (n_name = 'SAUDI ARABIA'::bpchar)
                                 Rows Removed by Filter: 24
                           ->  Bitmap Heap Scan on supplier  (cost=4.88..223.76 rows=400 width=8) (actual time=0.039..0.407 rows=411 loops=1)
                                 Recheck Cond: (s_nationkey = nation.n_nationkey)
                                 Heap Blocks: exact=183
                                 ->  Bitmap Index Scan on idx_supplier_nation_key  (cost=0.00..4.79 rows=400 width=0) (actual time=0.019..0.020 rows=411 loops=1)
                                       Index Cond: (s_nationkey = nation.n_nationkey)
                     ->  Index Scan using idx_partsupp_suppkey on partsupp  (cost=0.42..17.25 rows=80 width=18) (actual time=0.003..0.066 rows=80 loops=411)
                           Index Cond: (ps_suppkey = supplier.s_suppkey)
 Planning Time: 1.170 ms
 Execution Time: 87.197 ms
(37 rows)

query 12 run 1
SET
SET
SET
                                                                                                                    QUERY PLAN                                                                                                                     
---------------------------------------------------------------------------------------------------------------------------------------------------------------------------------------------------------------------------------------------------
 Limit  (cost=302735.34..302817.22 rows=1 width=27) (actual time=1877.705..1877.707 rows=1 loops=1)
   ->  GroupAggregate  (cost=302735.34..303308.45 rows=7 width=27) (actual time=1877.703..1877.705 rows=1 loops=1)
         Group Key: lineitem.l_shipmode
         ->  Sort  (cost=302735.34..302806.97 rows=28652 width=27) (actual time=1872.420..1873.026 rows=15492 loops=1)
               Sort Key: lineitem.l_shipmode
               Sort Method: quicksort  Memory: 2219kB
               ->  Hash Join  (cost=247946.67..300614.18 rows=28652 width=27) (actual time=1441.499..1866.884 rows=30953 loops=1)
                     Hash Cond: (orders.o_orderkey = lineitem.l_orderkey)
                     ->  Seq Scan on orders  (cost=0.00..41131.00 rows=1500000 width=20) (actual time=0.524..233.456 rows=1500000 loops=1)
                     ->  Hash  (cost=247588.44..247588.44 rows=28658 width=15) (actual time=1440.852..1440.852 rows=30953 loops=1)
                           Buckets: 32768  Batches: 1  Memory Usage: 1707kB
                           ->  Seq Scan on lineitem  (cost=0.00..247588.44 rows=28658 width=15) (actual time=1.474..1433.756 rows=30953 loops=1)
                                 Filter: ((l_shipmode = ANY ('{SHIP,"REG AIR"}'::bpchar[])) AND (l_commitdate < l_receiptdate) AND (l_shipdate < l_commitdate) AND (l_receiptdate >= '1994-01-01'::date) AND (l_receiptdate < '1995-01-01'::date))
                                 Rows Removed by Filter: 5970262
 Planning Time: 16.534 ms
 Execution Time: 1878.062 ms
(16 rows)

SET
SET
SET
                                                                                                                    QUERY PLAN                                                                                                                     
---------------------------------------------------------------------------------------------------------------------------------------------------------------------------------------------------------------------------------------------------
 Limit  (cost=302735.34..302817.22 rows=1 width=27) (actual time=1478.393..1478.395 rows=1 loops=1)
   ->  GroupAggregate  (cost=302735.34..303308.45 rows=7 width=27) (actual time=1478.392..1478.393 rows=1 loops=1)
         Group Key: lineitem.l_shipmode
         ->  Sort  (cost=302735.34..302806.97 rows=28652 width=27) (actual time=1474.116..1474.707 rows=15492 loops=1)
               Sort Key: lineitem.l_shipmode
               Sort Method: quicksort  Memory: 2219kB
               ->  Hash Join  (cost=247946.67..300614.18 rows=28652 width=27) (actual time=1217.005..1468.889 rows=30953 loops=1)
                     Hash Cond: (orders.o_orderkey = lineitem.l_orderkey)
                     ->  Seq Scan on orders  (cost=0.00..41131.00 rows=1500000 width=20) (actual time=0.008..85.393 rows=1500000 loops=1)
                     ->  Hash  (cost=247588.44..247588.44 rows=28658 width=15) (actual time=1216.951..1216.952 rows=30953 loops=1)
                           Buckets: 32768  Batches: 1  Memory Usage: 1707kB
                           ->  Seq Scan on lineitem  (cost=0.00..247588.44 rows=28658 width=15) (actual time=0.123..1210.604 rows=30953 loops=1)
                                 Filter: ((l_shipmode = ANY ('{SHIP,"REG AIR"}'::bpchar[])) AND (l_commitdate < l_receiptdate) AND (l_shipdate < l_commitdate) AND (l_receiptdate >= '1994-01-01'::date) AND (l_receiptdate < '1995-01-01'::date))
                                 Rows Removed by Filter: 5970262
 Planning Time: 0.829 ms
 Execution Time: 1478.447 ms
(16 rows)

query 13 run 1
SET
SET
SET
                                                                                  QUERY PLAN                                                                                   
-------------------------------------------------------------------------------------------------------------------------------------------------------------------------------
 Limit  (cost=64702.50..64702.50 rows=1 width=16) (actual time=1394.122..1394.125 rows=1 loops=1)
   ->  Sort  (cost=64702.50..64703.00 rows=200 width=16) (actual time=1394.120..1394.123 rows=1 loops=1)
         Sort Key: (count(*)) DESC, (count(orders.o_orderkey)) DESC
         Sort Method: top-N heapsort  Memory: 25kB
         ->  HashAggregate  (cost=64699.50..64701.50 rows=200 width=16) (actual time=1394.095..1394.102 rows=42 loops=1)
               Group Key: count(orders.o_orderkey)
               Batches: 1  Memory Usage: 40kB
               ->  HashAggregate  (cost=60949.50..62449.50 rows=150000 width=12) (actual time=1355.417..1377.439 rows=150000 loops=1)
                     Group Key: customer.c_custkey
                     Batches: 1  Memory Usage: 16401kB
                     ->  Hash Right Join  (cost=4746.42..53525.26 rows=1484848 width=8) (actual time=34.339..1008.574 rows=1533923 loops=1)
                           Hash Cond: (orders.o_custkey = customer.c_custkey)
                           ->  Seq Scan on orders  (cost=0.00..44881.00 rows=1484848 width=8) (actual time=0.610..570.407 rows=1483918 loops=1)
                                 Filter: ((o_comment)::text !~~ '%special%requests%'::text)
                                 Rows Removed by Filter: 16082
                           ->  Hash  (cost=2871.42..2871.42 rows=150000 width=4) (actual time=33.380..33.380 rows=150000 loops=1)
                                 Buckets: 262144  Batches: 1  Memory Usage: 7322kB
                                 ->  Index Only Scan using customer_pkey on customer  (cost=0.42..2871.42 rows=150000 width=4) (actual time=0.015..16.673 rows=150000 loops=1)
                                       Heap Fetches: 0
 Planning Time: 13.134 ms
 Execution Time: 1395.209 ms
(21 rows)

SET
SET
SET
                                                                                  QUERY PLAN                                                                                   
-------------------------------------------------------------------------------------------------------------------------------------------------------------------------------
 Limit  (cost=64702.50..64702.50 rows=1 width=16) (actual time=1251.734..1251.737 rows=1 loops=1)
   ->  Sort  (cost=64702.50..64703.00 rows=200 width=16) (actual time=1251.732..1251.735 rows=1 loops=1)
         Sort Key: (count(*)) DESC, (count(orders.o_orderkey)) DESC
         Sort Method: top-N heapsort  Memory: 25kB
         ->  HashAggregate  (cost=64699.50..64701.50 rows=200 width=16) (actual time=1251.705..1251.713 rows=42 loops=1)
               Group Key: count(orders.o_orderkey)
               Batches: 1  Memory Usage: 40kB
               ->  HashAggregate  (cost=60949.50..62449.50 rows=150000 width=12) (actual time=1212.915..1235.087 rows=150000 loops=1)
                     Group Key: customer.c_custkey
                     Batches: 1  Memory Usage: 16401kB
                     ->  Hash Right Join  (cost=4746.42..53525.26 rows=1484848 width=8) (actual time=29.939..875.660 rows=1533923 loops=1)
                           Hash Cond: (orders.o_custkey = customer.c_custkey)
                           ->  Seq Scan on orders  (cost=0.00..44881.00 rows=1484848 width=8) (actual time=0.021..469.990 rows=1483918 loops=1)
                                 Filter: ((o_comment)::text !~~ '%special%requests%'::text)
                                 Rows Removed by Filter: 16082
                           ->  Hash  (cost=2871.42..2871.42 rows=150000 width=4) (actual time=29.494..29.495 rows=150000 loops=1)
                                 Buckets: 262144  Batches: 1  Memory Usage: 7322kB
                                 ->  Index Only Scan using customer_pkey on customer  (cost=0.42..2871.42 rows=150000 width=4) (actual time=0.017..13.549 rows=150000 loops=1)
                                       Heap Fetches: 0
 Planning Time: 0.743 ms
 Execution Time: 1252.882 ms
(21 rows)

query 14 run 1
SET
SET
SET
                                                                         QUERY PLAN                                                                          
-------------------------------------------------------------------------------------------------------------------------------------------------------------
 Limit  (cost=78409.23..78409.25 rows=1 width=32) (actual time=1212.664..1212.667 rows=1 loops=1)
   ->  Aggregate  (cost=78409.23..78409.25 rows=1 width=32) (actual time=1212.663..1212.665 rows=1 loops=1)
         ->  Hash Join  (cost=9842.23..77053.12 rows=77492 width=33) (actual time=98.901..1156.289 rows=77317 loops=1)
               Hash Cond: (lineitem.l_partkey = part.p_partkey)
               ->  Bitmap Heap Scan on lineitem  (cost=1243.23..68250.70 rows=77492 width=16) (actual time=18.915..1030.062 rows=77317 loops=1)
                     Recheck Cond: ((l_shipdate >= '1994-05-01'::date) AND (l_shipdate < '1994-06-01'::date))
                     Heap Blocks: exact=41681
                     ->  Bitmap Index Scan on idx_lineitem_shipdate  (cost=0.00..1223.85 rows=77492 width=0) (actual time=12.332..12.333 rows=77317 loops=1)
                           Index Cond: ((l_shipdate >= '1994-05-01'::date) AND (l_shipdate < '1994-06-01'::date))
               ->  Hash  (cost=6099.00..6099.00 rows=200000 width=25) (actual time=79.780..79.781 rows=200000 loops=1)
                     Buckets: 262144  Batches: 1  Memory Usage: 13600kB
                     ->  Seq Scan on part  (cost=0.00..6099.00 rows=200000 width=25) (actual time=0.473..47.174 rows=200000 loops=1)
 Planning Time: 16.612 ms
 Execution Time: 1212.738 ms
(14 rows)

SET
SET
SET
                                                                        QUERY PLAN                                                                         
-----------------------------------------------------------------------------------------------------------------------------------------------------------
 Limit  (cost=78409.23..78409.25 rows=1 width=32) (actual time=176.346..176.349 rows=1 loops=1)
   ->  Aggregate  (cost=78409.23..78409.25 rows=1 width=32) (actual time=176.345..176.347 rows=1 loops=1)
         ->  Hash Join  (cost=9842.23..77053.12 rows=77492 width=33) (actual time=69.449..149.983 rows=77317 loops=1)
               Hash Cond: (lineitem.l_partkey = part.p_partkey)
               ->  Bitmap Heap Scan on lineitem  (cost=1243.23..68250.70 rows=77492 width=16) (actual time=13.177..65.766 rows=77317 loops=1)
                     Recheck Cond: ((l_shipdate >= '1994-05-01'::date) AND (l_shipdate < '1994-06-01'::date))
                     Heap Blocks: exact=41681
                     ->  Bitmap Index Scan on idx_lineitem_shipdate  (cost=0.00..1223.85 rows=77492 width=0) (actual time=7.089..7.089 rows=77317 loops=1)
                           Index Cond: ((l_shipdate >= '1994-05-01'::date) AND (l_shipdate < '1994-06-01'::date))
               ->  Hash  (cost=6099.00..6099.00 rows=200000 width=25) (actual time=56.076..56.077 rows=200000 loops=1)
                     Buckets: 262144  Batches: 1  Memory Usage: 13600kB
                     ->  Seq Scan on part  (cost=0.00..6099.00 rows=200000 width=25) (actual time=0.010..26.967 rows=200000 loops=1)
 Planning Time: 0.953 ms
 Execution Time: 176.410 ms
(14 rows)

query 15 run 1
SET
SET
SET
CREATE VIEW
                                                                                QUERY PLAN                                                                                 
---------------------------------------------------------------------------------------------------------------------------------------------------------------------------
 Limit  (cost=243925.50..243934.39 rows=1 width=103) (actual time=2317.265..2317.268 rows=1 loops=1)
   InitPlan 1
     ->  Aggregate  (cost=122011.73..122011.74 rows=1 width=32) (actual time=203.549..203.550 rows=1 loops=1)
           ->  HashAggregate  (cost=121761.31..121886.52 rows=10017 width=36) (actual time=200.361..202.969 rows=10000 loops=1)
                 Group Key: lineitem_1.l_suppkey
                 Batches: 1  Memory Usage: 4497kB
                 ->  Bitmap Heap Scan on lineitem lineitem_1  (cost=3608.21..119511.77 rows=224954 width=16) (actual time=28.020..100.437 rows=225954 loops=1)
                       Recheck Cond: ((l_shipdate >= '1996-01-01'::date) AND (l_shipdate < '1996-04-01'::date))
                       Heap Blocks: exact=66828
                       ->  Bitmap Index Scan on idx_lineitem_shipdate  (cost=0.00..3551.97 rows=224954 width=0) (actual time=17.515..17.515 rows=225954 loops=1)
                             Index Cond: ((l_shipdate >= '1996-01-01'::date) AND (l_shipdate < '1996-04-01'::date))
   ->  Merge Join  (cost=121913.76..122358.01 rows=50 width=103) (actual time=2317.264..2317.265 rows=1 loops=1)
         Merge Cond: (supplier.s_suppkey = revenue0.supplier_no)
         ->  Index Scan using supplier_pkey on supplier  (cost=0.29..418.79 rows=10000 width=71) (actual time=0.784..5.278 rows=8449 loops=1)
         ->  Sort  (cost=121913.47..121913.60 rows=50 width=36) (actual time=2311.473..2311.474 rows=1 loops=1)
               Sort Key: revenue0.supplier_no
               Sort Method: quicksort  Memory: 25kB
               ->  Subquery Scan on revenue0  (cost=121761.31..121912.06 rows=50 width=36) (actual time=2308.789..2311.466 rows=1 loops=1)
                     ->  HashAggregate  (cost=121761.31..121911.56 rows=50 width=36) (actual time=2308.788..2311.464 rows=1 loops=1)
                           Group Key: lineitem.l_suppkey
                           Filter: (sum((lineitem.l_extendedprice * ('1'::numeric - lineitem.l_discount))) = (InitPlan 1).col1)
                           Batches: 1  Memory Usage: 4497kB
                           Rows Removed by Filter: 9999
                           ->  Bitmap Heap Scan on lineitem  (cost=3608.21..119511.77 rows=224954 width=16) (actual time=40.511..1899.388 rows=225954 loops=1)
                                 Recheck Cond: ((l_shipdate >= '1996-01-01'::date) AND (l_shipdate < '1996-04-01'::date))
                                 Heap Blocks: exact=66828
                                 ->  Bitmap Index Scan on idx_lineitem_shipdate  (cost=0.00..3551.97 rows=224954 width=0) (actual time=29.146..29.146 rows=225954 loops=1)
                                       Index Cond: ((l_shipdate >= '1996-01-01'::date) AND (l_shipdate < '1996-04-01'::date))
 Planning Time: 12.539 ms
 Execution Time: 2317.722 ms
(30 rows)

DROP VIEW
SET
SET
SET
CREATE VIEW
                                                                                QUERY PLAN                                                                                 
---------------------------------------------------------------------------------------------------------------------------------------------------------------------------
 Limit  (cost=243925.50..243934.39 rows=1 width=103) (actual time=437.991..437.995 rows=1 loops=1)
   InitPlan 1
     ->  Aggregate  (cost=122011.73..122011.74 rows=1 width=32) (actual time=201.239..201.240 rows=1 loops=1)
           ->  HashAggregate  (cost=121761.31..121886.52 rows=10017 width=36) (actual time=198.042..200.656 rows=10000 loops=1)
                 Group Key: lineitem_1.l_suppkey
                 Batches: 1  Memory Usage: 4497kB
                 ->  Bitmap Heap Scan on lineitem lineitem_1  (cost=3608.21..119511.77 rows=224954 width=16) (actual time=27.534..98.453 rows=225954 loops=1)
                       Recheck Cond: ((l_shipdate >= '1996-01-01'::date) AND (l_shipdate < '1996-04-01'::date))
                       Heap Blocks: exact=66828
                       ->  Bitmap Index Scan on idx_lineitem_shipdate  (cost=0.00..3551.97 rows=224954 width=0) (actual time=17.048..17.048 rows=225954 loops=1)
                             Index Cond: ((l_shipdate >= '1996-01-01'::date) AND (l_shipdate < '1996-04-01'::date))
   ->  Merge Join  (cost=121913.76..122358.01 rows=50 width=103) (actual time=437.990..437.991 rows=1 loops=1)
         Merge Cond: (supplier.s_suppkey = revenue0.supplier_no)
         ->  Index Scan using supplier_pkey on supplier  (cost=0.29..418.79 rows=10000 width=71) (actual time=0.009..1.308 rows=8449 loops=1)
         ->  Sort  (cost=121913.47..121913.60 rows=50 width=36) (actual time=436.211..436.212 rows=1 loops=1)
               Sort Key: revenue0.supplier_no
               Sort Method: quicksort  Memory: 25kB
               ->  Subquery Scan on revenue0  (cost=121761.31..121912.06 rows=50 width=36) (actual time=433.568..436.207 rows=1 loops=1)
                     ->  HashAggregate  (cost=121761.31..121911.56 rows=50 width=36) (actual time=433.568..436.206 rows=1 loops=1)
                           Group Key: lineitem.l_suppkey
                           Filter: (sum((lineitem.l_extendedprice * ('1'::numeric - lineitem.l_discount))) = (InitPlan 1).col1)
                           Batches: 1  Memory Usage: 4497kB
                           Rows Removed by Filter: 9999
                           ->  Bitmap Heap Scan on lineitem  (cost=3608.21..119511.77 rows=224954 width=16) (actual time=29.381..127.476 rows=225954 loops=1)
                                 Recheck Cond: ((l_shipdate >= '1996-01-01'::date) AND (l_shipdate < '1996-04-01'::date))
                                 Heap Blocks: exact=66828
                                 ->  Bitmap Index Scan on idx_lineitem_shipdate  (cost=0.00..3551.97 rows=224954 width=0) (actual time=18.814..18.815 rows=225954 loops=1)
                                       Index Cond: ((l_shipdate >= '1996-01-01'::date) AND (l_shipdate < '1996-04-01'::date))
 Planning Time: 0.739 ms
 Execution Time: 438.144 ms
(30 rows)

DROP VIEW
query 16 run 1
SET
SET
SET
                                                                                         QUERY PLAN                                                                                         
--------------------------------------------------------------------------------------------------------------------------------------------------------------------------------------------
 Limit  (cost=33745.40..33745.40 rows=1 width=44) (actual time=661.379..661.383 rows=1 loops=1)
   ->  Sort  (cost=33745.40..33785.39 rows=15996 width=44) (actual time=661.378..661.381 rows=1 loops=1)
         Sort Key: (count(DISTINCT partsupp.ps_suppkey)) DESC, part.p_brand, part.p_type, part.p_size
         Sort Method: top-N heapsort  Memory: 25kB
         ->  GroupAggregate  (cost=32776.83..33665.42 rows=15996 width=44) (actual time=628.305..658.592 rows=18220 loops=1)
               Group Key: part.p_brand, part.p_type, part.p_size
               ->  Sort  (cost=32776.83..32922.56 rows=58290 width=40) (actual time=628.292..634.453 rows=117930 loops=1)
                     Sort Key: part.p_brand, part.p_type, part.p_size, partsupp.ps_suppkey
                     Sort Method: quicksort  Memory: 10033kB
                     ->  Hash Join  (cost=9818.88..28162.90 rows=58290 width=40) (actual time=79.797..290.526 rows=117930 loops=1)
                           Hash Cond: (partsupp.ps_partkey = part.p_partkey)
                           ->  Index Only Scan using partsupp_pkey on partsupp  (cost=348.43..17642.43 rows=400000 width=8) (actual time=5.675..144.461 rows=799680 loops=1)
                                 Filter: (NOT (ANY (ps_suppkey = (hashed SubPlan 1).col1)))
                                 Rows Removed by Filter: 320
                                 Heap Fetches: 0
                                 SubPlan 1
                                   ->  Seq Scan on supplier  (cost=0.00..348.00 rows=1 width=4) (actual time=1.243..5.367 rows=4 loops=1)
                                         Filter: ((s_comment)::text ~~ '%Customer%Complaints%'::text)
                                         Rows Removed by Filter: 9996
                           ->  Hash  (cost=9099.00..9099.00 rows=29716 width=40) (actual time=74.081..74.082 rows=29492 loops=1)
                                 Buckets: 32768  Batches: 1  Memory Usage: 2393kB
                                 ->  Seq Scan on part  (cost=0.00..9099.00 rows=29716 width=40) (actual time=0.497..68.644 rows=29492 loops=1)
                                       Filter: ((p_brand <> 'Brand#12'::bpchar) AND ((p_type)::text !~~ 'SMALL BRUSHED%'::text) AND (p_size = ANY ('{12,32,36,26,40,34,49,9}'::integer[])))
                                       Rows Removed by Filter: 170508
 Planning Time: 18.232 ms
 Execution Time: 661.442 ms
(26 rows)

SET
SET
SET
                                                                                         QUERY PLAN                                                                                         
--------------------------------------------------------------------------------------------------------------------------------------------------------------------------------------------
 Limit  (cost=33745.40..33745.40 rows=1 width=44) (actual time=615.374..615.377 rows=1 loops=1)
   ->  Sort  (cost=33745.40..33785.39 rows=15996 width=44) (actual time=615.373..615.375 rows=1 loops=1)
         Sort Key: (count(DISTINCT partsupp.ps_suppkey)) DESC, part.p_brand, part.p_type, part.p_size
         Sort Method: top-N heapsort  Memory: 25kB
         ->  GroupAggregate  (cost=32776.83..33665.42 rows=15996 width=44) (actual time=582.518..612.592 rows=18220 loops=1)
               Group Key: part.p_brand, part.p_type, part.p_size
               ->  Sort  (cost=32776.83..32922.56 rows=58290 width=40) (actual time=582.505..588.452 rows=117930 loops=1)
                     Sort Key: part.p_brand, part.p_type, part.p_size, partsupp.ps_suppkey
                     Sort Method: quicksort  Memory: 10033kB
                     ->  Hash Join  (cost=9818.88..28162.90 rows=58290 width=40) (actual time=53.401..245.646 rows=117930 loops=1)
                           Hash Cond: (partsupp.ps_partkey = part.p_partkey)
                           ->  Index Only Scan using partsupp_pkey on partsupp  (cost=348.43..17642.43 rows=400000 width=8) (actual time=2.093..124.177 rows=799680 loops=1)
                                 Filter: (NOT (ANY (ps_suppkey = (hashed SubPlan 1).col1)))
                                 Rows Removed by Filter: 320
                                 Heap Fetches: 0
                                 SubPlan 1
                                   ->  Seq Scan on supplier  (cost=0.00..348.00 rows=1 width=4) (actual time=0.085..2.075 rows=4 loops=1)
                                         Filter: ((s_comment)::text ~~ '%Customer%Complaints%'::text)
                                         Rows Removed by Filter: 9996
                           ->  Hash  (cost=9099.00..9099.00 rows=29716 width=40) (actual time=51.271..51.271 rows=29492 loops=1)
                                 Buckets: 32768  Batches: 1  Memory Usage: 2393kB
                                 ->  Seq Scan on part  (cost=0.00..9099.00 rows=29716 width=40) (actual time=0.007..46.396 rows=29492 loops=1)
                                       Filter: ((p_brand <> 'Brand#12'::bpchar) AND ((p_type)::text !~~ 'SMALL BRUSHED%'::text) AND (p_size = ANY ('{12,32,36,26,40,34,49,9}'::integer[])))
                                       Rows Removed by Filter: 170508
 Planning Time: 0.877 ms
 Execution Time: 615.428 ms
(26 rows)

query 17 run 1
SET
SET
SET
                                                                             QUERY PLAN                                                                             
--------------------------------------------------------------------------------------------------------------------------------------------------------------------
 Limit  (cost=223247.37..223247.39 rows=1 width=32) (actual time=3550.925..3550.927 rows=1 loops=1)
   ->  Aggregate  (cost=223247.37..223247.39 rows=1 width=32) (actual time=3550.923..3550.925 rows=1 loops=1)
         ->  Nested Loop  (cost=207873.69..223242.53 rows=1935 width=8) (actual time=3383.433..3550.654 rows=592 loops=1)
               Join Filter: (lineitem.l_partkey = part.p_partkey)
               ->  Hash Join  (cost=207873.26..214972.79 rows=193 width=40) (actual time=3382.997..3427.671 rows=208 loops=1)
                     Hash Cond: (part.p_partkey = lineitem_1.l_partkey)
                     ->  Seq Scan on part  (cost=0.00..7099.00 rows=201 width=4) (actual time=1.415..45.884 rows=208 loops=1)
                           Filter: ((p_brand = 'Brand#22'::bpchar) AND (p_container = 'LG BOX'::bpchar))
                           Rows Removed by Filter: 199792
                     ->  Hash  (cost=205466.76..205466.76 rows=192520 width=36) (actual time=3381.177..3381.177 rows=200000 loops=1)
                           Buckets: 262144  Batches: 1  Memory Usage: 11623kB
                           ->  HashAggregate  (cost=202578.96..205466.76 rows=192520 width=36) (actual time=3031.559..3350.351 rows=200000 loops=1)
                                 Group Key: lineitem_1.l_partkey
                                 Batches: 5  Memory Usage: 65585kB  Disk Usage: 39824kB
                                 ->  Seq Scan on lineitem lineitem_1  (cost=0.00..172572.64 rows=6001264 width=9) (actual time=0.683..657.528 rows=6001215 loops=1)
               ->  Index Scan using idx_lineitem_part_supp on lineitem  (cost=0.43..42.72 rows=10 width=17) (actual time=0.447..0.589 rows=3 loops=208)
                     Index Cond: (l_partkey = lineitem_1.l_partkey)
                     Filter: (l_quantity < ((0.2 * avg(lineitem_1.l_quantity))))
                     Rows Removed by Filter: 27
 Planning Time: 13.860 ms
 Execution Time: 3558.326 ms
(21 rows)

SET
SET
SET
                                                                             QUERY PLAN                                                                             
--------------------------------------------------------------------------------------------------------------------------------------------------------------------
 Limit  (cost=223247.37..223247.39 rows=1 width=32) (actual time=3172.666..3172.669 rows=1 loops=1)
   ->  Aggregate  (cost=223247.37..223247.39 rows=1 width=32) (actual time=3172.665..3172.667 rows=1 loops=1)
         ->  Nested Loop  (cost=207873.69..223242.53 rows=1935 width=8) (actual time=3144.389..3172.589 rows=592 loops=1)
               Join Filter: (lineitem.l_partkey = part.p_partkey)
               ->  Hash Join  (cost=207873.26..214972.79 rows=193 width=40) (actual time=3144.349..3167.809 rows=208 loops=1)
                     Hash Cond: (part.p_partkey = lineitem_1.l_partkey)
                     ->  Seq Scan on part  (cost=0.00..7099.00 rows=201 width=4) (actual time=0.145..23.499 rows=208 loops=1)
                           Filter: ((p_brand = 'Brand#22'::bpchar) AND (p_container = 'LG BOX'::bpchar))
                           Rows Removed by Filter: 199792
                     ->  Hash  (cost=205466.76..205466.76 rows=192520 width=36) (actual time=3143.888..3143.888 rows=200000 loops=1)
                           Buckets: 262144  Batches: 1  Memory Usage: 11623kB
                           ->  HashAggregate  (cost=202578.96..205466.76 rows=192520 width=36) (actual time=2794.071..3112.413 rows=200000 loops=1)
                                 Group Key: lineitem_1.l_partkey
                                 Batches: 5  Memory Usage: 65585kB  Disk Usage: 39824kB
                                 ->  Seq Scan on lineitem lineitem_1  (cost=0.00..172572.64 rows=6001264 width=9) (actual time=0.037..465.874 rows=6001215 loops=1)
               ->  Index Scan using idx_lineitem_part_supp on lineitem  (cost=0.43..42.72 rows=10 width=17) (actual time=0.009..0.022 rows=3 loops=208)
                     Index Cond: (l_partkey = lineitem_1.l_partkey)
                     Filter: (l_quantity < ((0.2 * avg(lineitem_1.l_quantity))))
                     Rows Removed by Filter: 27
 Planning Time: 0.870 ms
 Execution Time: 3179.114 ms
(21 rows)

query 18 run 1
SET
SET
SET
                                                                                                     QUERY PLAN                                                                                                      
---------------------------------------------------------------------------------------------------------------------------------------------------------------------------------------------------------------------
 Limit  (cost=794670.97..794671.22 rows=100 width=71) (actual time=4320.610..4320.616 rows=9 loops=1)
   ->  Sort  (cost=794670.97..799672.02 rows=2000420 width=71) (actual time=4320.608..4320.613 rows=9 loops=1)
         Sort Key: orders.o_totalprice DESC, orders.o_orderdate
         Sort Method: quicksort  Memory: 25kB
         ->  HashAggregate  (cost=658047.48..718216.36 rows=2000420 width=71) (actual time=4319.865..4320.564 rows=9 loops=1)
               Group Key: customer.c_custkey, orders.o_orderkey
               Planned Partitions: 16  Batches: 1  Memory Usage: 6169kB
               ->  Hash Join  (cost=335208.90..550290.48 rows=2000420 width=44) (actual time=3593.335..4319.786 rows=63 loops=1)
                     Hash Cond: (lineitem.l_orderkey = orders.o_orderkey)
                     ->  Seq Scan on lineitem  (cost=0.00..172572.64 rows=6001264 width=9) (actual time=0.606..307.885 rows=6001215 loops=1)
                     ->  Hash  (cost=328957.59..328957.59 rows=500105 width=43) (actual time=3398.887..3398.891 rows=9 loops=1)
                           Buckets: 524288  Batches: 1  Memory Usage: 4097kB
                           ->  Hash Join  (cost=282576.27..328957.59 rows=500105 width=43) (actual time=3087.397..3398.864 rows=9 loops=1)
                                 Hash Cond: (orders.o_custkey = customer.c_custkey)
                                 ->  Hash Join  (cost=275604.27..320672.78 rows=500105 width=24) (actual time=3025.128..3336.586 rows=9 loops=1)
                                       Hash Cond: (orders.o_orderkey = lineitem_1.l_orderkey)
                                       ->  Seq Scan on orders  (cost=0.00..41131.00 rows=1500000 width=20) (actual time=0.785..228.353 rows=1500000 loops=1)
                                       ->  Hash  (cost=269352.95..269352.95 rows=500105 width=4) (actual time=2936.855..2936.857 rows=9 loops=1)
                                             Buckets: 524288  Batches: 1  Memory Usage: 4097kB
                                             ->  GroupAggregate  (cost=0.43..269352.95 rows=500105 width=4) (actual time=626.642..2936.832 rows=9 loops=1)
                                                   Group Key: lineitem_1.l_orderkey
                                                   Filter: (sum(lineitem_1.l_quantity) > '313'::numeric)
                                                   Rows Removed by Filter: 1499991
                                                   ->  Index Scan using idx_lineitem_orderkey on lineitem lineitem_1  (cost=0.43..216841.89 rows=6001264 width=9) (actual time=0.019..1623.793 rows=6001215 loops=1)
                                 ->  Hash  (cost=5097.00..5097.00 rows=150000 width=23) (actual time=61.900..61.901 rows=150000 loops=1)
                                       Buckets: 262144  Batches: 1  Memory Usage: 10252kB
                                       ->  Seq Scan on customer  (cost=0.00..5097.00 rows=150000 width=23) (actual time=0.583..37.194 rows=150000 loops=1)
 Planning Time: 20.340 ms
 Execution Time: 4321.958 ms
(29 rows)

SET
SET
SET
                                                                                                     QUERY PLAN                                                                                                     
--------------------------------------------------------------------------------------------------------------------------------------------------------------------------------------------------------------------
 Limit  (cost=794670.97..794671.22 rows=100 width=71) (actual time=3329.275..3329.281 rows=9 loops=1)
   ->  Sort  (cost=794670.97..799672.02 rows=2000420 width=71) (actual time=3329.274..3329.279 rows=9 loops=1)
         Sort Key: orders.o_totalprice DESC, orders.o_orderdate
         Sort Method: quicksort  Memory: 25kB
         ->  HashAggregate  (cost=658047.48..718216.36 rows=2000420 width=71) (actual time=3328.532..3329.231 rows=9 loops=1)
               Group Key: customer.c_custkey, orders.o_orderkey
               Planned Partitions: 16  Batches: 1  Memory Usage: 6169kB
               ->  Hash Join  (cost=335208.90..550290.48 rows=2000420 width=44) (actual time=2590.451..3328.457 rows=63 loops=1)
                     Hash Cond: (lineitem.l_orderkey = orders.o_orderkey)
                     ->  Seq Scan on lineitem  (cost=0.00..172572.64 rows=6001264 width=9) (actual time=0.019..307.993 rows=6001215 loops=1)
                     ->  Hash  (cost=328957.59..328957.59 rows=500105 width=43) (actual time=2391.667..2391.671 rows=9 loops=1)
                           Buckets: 524288  Batches: 1  Memory Usage: 4097kB
                           ->  Hash Join  (cost=282576.27..328957.59 rows=500105 width=43) (actual time=2187.616..2391.650 rows=9 loops=1)
                                 Hash Cond: (orders.o_custkey = customer.c_custkey)
                                 ->  Hash Join  (cost=275604.27..320672.78 rows=500105 width=24) (actual time=2144.836..2348.861 rows=9 loops=1)
                                       Hash Cond: (orders.o_orderkey = lineitem_1.l_orderkey)
                                       ->  Seq Scan on orders  (cost=0.00..41131.00 rows=1500000 width=20) (actual time=0.007..84.674 rows=1500000 loops=1)
                                       ->  Hash  (cost=269352.95..269352.95 rows=500105 width=4) (actual time=2089.312..2089.313 rows=9 loops=1)
                                             Buckets: 524288  Batches: 1  Memory Usage: 4097kB
                                             ->  GroupAggregate  (cost=0.43..269352.95 rows=500105 width=4) (actual time=442.001..2089.295 rows=9 loops=1)
                                                   Group Key: lineitem_1.l_orderkey
                                                   Filter: (sum(lineitem_1.l_quantity) > '313'::numeric)
                                                   Rows Removed by Filter: 1499991
                                                   ->  Index Scan using idx_lineitem_orderkey on lineitem lineitem_1  (cost=0.43..216841.89 rows=6001264 width=9) (actual time=0.017..842.388 rows=6001215 loops=1)
                                 ->  Hash  (cost=5097.00..5097.00 rows=150000 width=23) (actual time=42.377..42.377 rows=150000 loops=1)
                                       Buckets: 262144  Batches: 1  Memory Usage: 10252kB
                                       ->  Seq Scan on customer  (cost=0.00..5097.00 rows=150000 width=23) (actual time=0.013..18.725 rows=150000 loops=1)
 Planning Time: 1.576 ms
 Execution Time: 3330.377 ms
(29 rows)

query 19 run 1
SET
SET
SET
                                                                                                                                                                                                                                                                                                                                                                                                                                                                                                            QUERY PLAN                                                                                                                                                                                                                                                                                                                                                                                                                                                                                                            
----------------------------------------------------------------------------------------------------------------------------------------------------------------------------------------------------------------------------------------------------------------------------------------------------------------------------------------------------------------------------------------------------------------------------------------------------------------------------------------------------------------------------------------------------------------------------------------------------------------------------------------------------------------------------------------------------------------------------------------------------------------------------------------------------------------------------------------------------------------------------------------------------------------------------------------------------------------------------------------------------------------------------------
 Limit  (cost=35674.37..35674.38 rows=1 width=32) (actual time=2617.291..2617.292 rows=1 loops=1)
   ->  Aggregate  (cost=35674.37..35674.38 rows=1 width=32) (actual time=2617.290..2617.290 rows=1 loops=1)
         ->  Nested Loop  (cost=0.43..35673.50 rows=116 width=12) (actual time=15.108..2616.949 rows=111 loops=1)
               ->  Seq Scan on part  (cost=0.00..12599.00 rows=480 width=30) (actual time=2.269..83.036 rows=507 loops=1)
                     Filter: ((p_size >= 1) AND (((p_brand = 'Brand#24'::bpchar) AND (p_container = ANY ('{"SM CASE","SM BOX","SM PACK","SM PKG"}'::bpchar[])) AND (p_size <= 5)) OR ((p_brand = 'Brand#43'::bpchar) AND (p_container = ANY ('{"MED BAG","MED BOX","MED PKG","MED PACK"}'::bpchar[])) AND (p_size <= 10)) OR ((p_brand = 'Brand#44'::bpchar) AND (p_container = ANY ('{"LG CASE","LG BOX","LG PACK","LG PKG"}'::bpchar[])) AND (p_size <= 15))))
                     Rows Removed by Filter: 199493
               ->  Index Scan using idx_lineitem_part_supp on lineitem  (cost=0.43..48.06 rows=1 width=21) (actual time=4.466..4.996 rows=0 loops=507)
                     Index Cond: (l_partkey = part.p_partkey)
                     Filter: ((l_shipmode = ANY ('{AIR,"AIR REG"}'::bpchar[])) AND (l_shipinstruct = 'DELIVER IN PERSON'::bpchar) AND (((l_quantity >= '10'::numeric) AND (l_quantity <= '20'::numeric)) OR ((l_quantity >= '10'::numeric) AND (l_quantity <= '20'::numeric)) OR ((l_quantity >= '20'::numeric) AND (l_quantity <= '30'::numeric))) AND (((part.p_brand = 'Brand#24'::bpchar) AND (part.p_container = ANY ('{"SM CASE","SM BOX","SM PACK","SM PKG"}'::bpchar[])) AND (l_quantity >= '10'::numeric) AND (l_quantity <= '20'::numeric) AND (part.p_size <= 5)) OR ((part.p_brand = 'Brand#43'::bpchar) AND (part.p_container = ANY ('{"MED BAG","MED BOX","MED PKG","MED PACK"}'::bpchar[])) AND (l_quantity >= '10'::numeric) AND (l_quantity <= '20'::numeric) AND (part.p_size <= 10)) OR ((part.p_brand = 'Brand#44'::bpchar) AND (part.p_container = ANY ('{"LG CASE","LG BOX","LG PACK","LG PKG"}'::bpchar[])) AND (l_quantity >= '20'::numeric) AND (l_quantity <= '30'::numeric) AND (part.p_size <= 15))))
                     Rows Removed by Filter: 30
 Planning Time: 14.478 ms
 Execution Time: 2617.349 ms
(12 rows)

SET
SET
SET
                                                                                                                                                                                                                                                                                                                                                                                                                                                                                                            QUERY PLAN                                                                                                                                                                                                                                                                                                                                                                                                                                                                                                            
----------------------------------------------------------------------------------------------------------------------------------------------------------------------------------------------------------------------------------------------------------------------------------------------------------------------------------------------------------------------------------------------------------------------------------------------------------------------------------------------------------------------------------------------------------------------------------------------------------------------------------------------------------------------------------------------------------------------------------------------------------------------------------------------------------------------------------------------------------------------------------------------------------------------------------------------------------------------------------------------------------------------------------
 Limit  (cost=35674.37..35674.38 rows=1 width=32) (actual time=64.625..64.626 rows=1 loops=1)
   ->  Aggregate  (cost=35674.37..35674.38 rows=1 width=32) (actual time=64.624..64.625 rows=1 loops=1)
         ->  Nested Loop  (cost=0.43..35673.50 rows=116 width=12) (actual time=0.370..64.549 rows=111 loops=1)
               ->  Seq Scan on part  (cost=0.00..12599.00 rows=480 width=30) (actual time=0.241..46.838 rows=507 loops=1)
                     Filter: ((p_size >= 1) AND (((p_brand = 'Brand#24'::bpchar) AND (p_container = ANY ('{"SM CASE","SM BOX","SM PACK","SM PKG"}'::bpchar[])) AND (p_size <= 5)) OR ((p_brand = 'Brand#43'::bpchar) AND (p_container = ANY ('{"MED BAG","MED BOX","MED PKG","MED PACK"}'::bpchar[])) AND (p_size <= 10)) OR ((p_brand = 'Brand#44'::bpchar) AND (p_container = ANY ('{"LG CASE","LG BOX","LG PACK","LG PKG"}'::bpchar[])) AND (p_size <= 15))))
                     Rows Removed by Filter: 199493
               ->  Index Scan using idx_lineitem_part_supp on lineitem  (cost=0.43..48.06 rows=1 width=21) (actual time=0.031..0.034 rows=0 loops=507)
                     Index Cond: (l_partkey = part.p_partkey)
                     Filter: ((l_shipmode = ANY ('{AIR,"AIR REG"}'::bpchar[])) AND (l_shipinstruct = 'DELIVER IN PERSON'::bpchar) AND (((l_quantity >= '10'::numeric) AND (l_quantity <= '20'::numeric)) OR ((l_quantity >= '10'::numeric) AND (l_quantity <= '20'::numeric)) OR ((l_quantity >= '20'::numeric) AND (l_quantity <= '30'::numeric))) AND (((part.p_brand = 'Brand#24'::bpchar) AND (part.p_container = ANY ('{"SM CASE","SM BOX","SM PACK","SM PKG"}'::bpchar[])) AND (l_quantity >= '10'::numeric) AND (l_quantity <= '20'::numeric) AND (part.p_size <= 5)) OR ((part.p_brand = 'Brand#43'::bpchar) AND (part.p_container = ANY ('{"MED BAG","MED BOX","MED PKG","MED PACK"}'::bpchar[])) AND (l_quantity >= '10'::numeric) AND (l_quantity <= '20'::numeric) AND (part.p_size <= 10)) OR ((part.p_brand = 'Brand#44'::bpchar) AND (part.p_container = ANY ('{"LG CASE","LG BOX","LG PACK","LG PKG"}'::bpchar[])) AND (l_quantity >= '20'::numeric) AND (l_quantity <= '30'::numeric) AND (part.p_size <= 15))))
                     Rows Removed by Filter: 30
 Planning Time: 1.023 ms
 Execution Time: 64.663 ms
(12 rows)

query 20 run 1
SET
SET
SET
                                                                                        QUERY PLAN                                                                                        
------------------------------------------------------------------------------------------------------------------------------------------------------------------------------------------
 Limit  (cost=212147.02..212147.03 rows=1 width=51) (actual time=4845.824..4845.828 rows=1 loops=1)
   ->  Sort  (cost=212147.02..212147.03 rows=1 width=51) (actual time=4845.823..4845.826 rows=1 loops=1)
         Sort Key: supplier.s_name
         Sort Method: top-N heapsort  Memory: 25kB
         ->  Nested Loop Semi Join  (cost=187015.29..212147.01 rows=1 width=51) (actual time=4679.899..4845.639 rows=196 loops=1)
               Join Filter: (supplier.s_suppkey = lineitem.l_suppkey)
               Rows Removed by Join Filter: 1900820
               ->  Nested Loop  (cost=0.00..449.31 rows=400 width=55) (actual time=0.507..3.144 rows=438 loops=1)
                     Join Filter: (supplier.s_nationkey = nation.n_nationkey)
                     Rows Removed by Join Filter: 9562
                     ->  Seq Scan on nation  (cost=0.00..1.31 rows=1 width=4) (actual time=0.210..0.213 rows=1 loops=1)
                           Filter: (n_name = 'IRAQ'::bpchar)
                           Rows Removed by Filter: 24
                     ->  Seq Scan on supplier  (cost=0.00..323.00 rows=10000 width=59) (actual time=0.292..2.218 rows=10000 loops=1)
               ->  Materialize  (cost=187015.29..211691.70 rows=1 width=8) (actual time=8.245..10.827 rows=4340 loops=438)
                     Storage: Memory  Maximum Storage: 249kB
                     ->  Nested Loop  (cost=187015.29..211691.70 rows=1 width=8) (actual time=3611.158..4673.235 rows=5898 loops=1)
                           ->  Hash Join  (cost=187014.87..204667.51 rows=4929 width=44) (actual time=3610.341..4148.288 rows=5914 loops=1)
                                 Hash Cond: (lineitem.l_partkey = part.p_partkey)
                                 ->  HashAggregate  (cost=180390.62..196762.20 rows=488012 width=40) (actual time=3568.525..4056.965 rows=544869 loops=1)
                                       Group Key: lineitem.l_partkey, lineitem.l_suppkey
                                       Planned Partitions: 4  Batches: 5  Memory Usage: 65585kB  Disk Usage: 24072kB
                                       ->  Bitmap Heap Scan on lineitem  (cost=14861.79..141324.75 rows=926864 width=13) (actual time=124.380..3047.833 rows=913487 loops=1)
                                             Recheck Cond: ((l_shipdate >= '1996-01-01'::date) AND (l_shipdate < '1997-01-01'::date))
                                             Heap Blocks: exact=104951
                                             ->  Bitmap Index Scan on idx_lineitem_shipdate  (cost=0.00..14630.07 rows=926864 width=0) (actual time=104.635..104.635 rows=913487 loops=1)
                                                   Index Cond: ((l_shipdate >= '1996-01-01'::date) AND (l_shipdate < '1997-01-01'::date))
                                 ->  Hash  (cost=6599.00..6599.00 rows=2020 width=4) (actual time=41.798..41.799 rows=2187 loops=1)
                                       Buckets: 4096 (originally 2048)  Batches: 1 (originally 1)  Memory Usage: 109kB
                                       ->  Seq Scan on part  (cost=0.00..6599.00 rows=2020 width=4) (actual time=0.467..41.369 rows=2187 loops=1)
                                             Filter: ((p_name)::text ~~ 'olive%'::text)
                                             Rows Removed by Filter: 197813
                           ->  Index Scan using idx_partsupp_partkey on partsupp  (cost=0.42..1.42 rows=1 width=12) (actual time=0.088..0.088 rows=1 loops=5914)
                                 Index Cond: (ps_partkey = lineitem.l_partkey)
                                 Filter: ((ps_suppkey = lineitem.l_suppkey) AND ((ps_availqty)::numeric > ((0.5 * sum(lineitem.l_quantity)))))
                                 Rows Removed by Filter: 2
 Planning Time: 21.419 ms
 Execution Time: 4850.542 ms
(38 rows)

SET
SET
SET
                                                                                       QUERY PLAN                                                                                       
----------------------------------------------------------------------------------------------------------------------------------------------------------------------------------------
 Limit  (cost=212147.02..212147.03 rows=1 width=51) (actual time=1367.358..1367.362 rows=1 loops=1)
   ->  Sort  (cost=212147.02..212147.03 rows=1 width=51) (actual time=1367.357..1367.360 rows=1 loops=1)
         Sort Key: supplier.s_name
         Sort Method: top-N heapsort  Memory: 25kB
         ->  Nested Loop Semi Join  (cost=187015.29..212147.01 rows=1 width=51) (actual time=1203.184..1367.176 rows=196 loops=1)
               Join Filter: (supplier.s_suppkey = lineitem.l_suppkey)
               Rows Removed by Join Filter: 1900820
               ->  Nested Loop  (cost=0.00..449.31 rows=400 width=55) (actual time=0.032..1.608 rows=438 loops=1)
                     Join Filter: (supplier.s_nationkey = nation.n_nationkey)
                     Rows Removed by Join Filter: 9562
                     ->  Seq Scan on nation  (cost=0.00..1.31 rows=1 width=4) (actual time=0.022..0.025 rows=1 loops=1)
                           Filter: (n_name = 'IRAQ'::bpchar)
                           Rows Removed by Filter: 24
                     ->  Seq Scan on supplier  (cost=0.00..323.00 rows=10000 width=59) (actual time=0.005..0.678 rows=10000 loops=1)
               ->  Materialize  (cost=187015.29..211691.70 rows=1 width=8) (actual time=1.605..2.891 rows=4340 loops=438)
                     Storage: Memory  Maximum Storage: 249kB
                     ->  Nested Loop  (cost=187015.29..211691.70 rows=1 width=8) (actual time=702.873..1199.840 rows=5898 loops=1)
                           ->  Hash Join  (cost=187014.87..204667.51 rows=4929 width=44) (actual time=702.853..1176.587 rows=5914 loops=1)
                                 Hash Cond: (lineitem.l_partkey = part.p_partkey)
                                 ->  HashAggregate  (cost=180390.62..196762.20 rows=488012 width=40) (actual time=682.949..1117.728 rows=544869 loops=1)
                                       Group Key: lineitem.l_partkey, lineitem.l_suppkey
                                       Planned Partitions: 4  Batches: 5  Memory Usage: 65585kB  Disk Usage: 24072kB
                                       ->  Bitmap Heap Scan on lineitem  (cost=14861.79..141324.75 rows=926864 width=13) (actual time=86.871..299.732 rows=913487 loops=1)
                                             Recheck Cond: ((l_shipdate >= '1996-01-01'::date) AND (l_shipdate < '1997-01-01'::date))
                                             Heap Blocks: exact=104951
                                             ->  Bitmap Index Scan on idx_lineitem_shipdate  (cost=0.00..14630.07 rows=926864 width=0) (actual time=67.889..67.889 rows=913487 loops=1)
                                                   Index Cond: ((l_shipdate >= '1996-01-01'::date) AND (l_shipdate < '1997-01-01'::date))
                                 ->  Hash  (cost=6599.00..6599.00 rows=2020 width=4) (actual time=19.885..19.885 rows=2187 loops=1)
                                       Buckets: 4096 (originally 2048)  Batches: 1 (originally 1)  Memory Usage: 109kB
                                       ->  Seq Scan on part  (cost=0.00..6599.00 rows=2020 width=4) (actual time=0.023..19.580 rows=2187 loops=1)
                                             Filter: ((p_name)::text ~~ 'olive%'::text)
                                             Rows Removed by Filter: 197813
                           ->  Index Scan using idx_partsupp_partkey on partsupp  (cost=0.42..1.42 rows=1 width=12) (actual time=0.004..0.004 rows=1 loops=5914)
                                 Index Cond: (ps_partkey = lineitem.l_partkey)
                                 Filter: ((ps_suppkey = lineitem.l_suppkey) AND ((ps_availqty)::numeric > ((0.5 * sum(lineitem.l_quantity)))))
                                 Rows Removed by Filter: 2
 Planning Time: 1.538 ms
 Execution Time: 1371.938 ms
(38 rows)

query 21 run 1
SET
SET
SET
                                                                                              QUERY PLAN                                                                                              
------------------------------------------------------------------------------------------------------------------------------------------------------------------------------------------------------
 Limit  (cost=360344.44..360344.45 rows=1 width=34) (actual time=2486.307..2486.321 rows=100 loops=1)
   ->  Sort  (cost=360344.44..360344.45 rows=1 width=34) (actual time=2486.305..2486.313 rows=100 loops=1)
         Sort Key: (count(*)) DESC, supplier.s_name
         Sort Method: top-N heapsort  Memory: 36kB
         ->  GroupAggregate  (cost=360344.41..360344.43 rows=1 width=34) (actual time=2485.309..2485.907 rows=421 loops=1)
               Group Key: supplier.s_name
               ->  Sort  (cost=360344.41..360344.42 rows=1 width=26) (actual time=2485.300..2485.471 rows=4227 loops=1)
                     Sort Key: supplier.s_name
                     Sort Method: quicksort  Memory: 193kB
                     ->  Nested Loop Semi Join  (cost=197109.64..360344.40 rows=1 width=26) (actual time=1395.129..2472.271 rows=4227 loops=1)
                           Join Filter: (l2.l_suppkey <> l1.l_suppkey)
                           Rows Removed by Join Filter: 4309
                           ->  Nested Loop Anti Join  (cost=197109.21..360341.01 rows=1 width=38) (actual time=1395.094..2454.907 rows=6909 loops=1)
                                 ->  Hash Join  (cost=197108.78..245103.31 rows=38710 width=38) (actual time=1393.684..1828.252 rows=76644 loops=1)
                                       Hash Cond: (orders.o_orderkey = l1.l_orderkey)
                                       ->  Seq Scan on orders  (cost=0.00..44881.00 rows=727050 width=4) (actual time=0.534..299.524 rows=729413 loops=1)
                                             Filter: (o_orderstatus = 'F'::bpchar)
                                             Rows Removed by Filter: 770587
                                       ->  Hash  (cost=196110.26..196110.26 rows=79881 width=34) (actual time=1392.833..1392.836 rows=159165 loops=1)
                                             Buckets: 262144 (originally 131072)  Batches: 1 (originally 1)  Memory Usage: 12618kB
                                             ->  Hash Join  (cost=234.08..196110.26 rows=79881 width=34) (actual time=8.244..1359.777 rows=159165 loops=1)
                                                   Hash Cond: (l1.l_suppkey = supplier.s_suppkey)
                                                   ->  Seq Scan on lineitem l1  (cost=0.00..187575.80 rows=2000421 width=8) (actual time=0.590..1107.503 rows=3793296 loops=1)
                                                         Filter: (l_receiptdate > l_commitdate)
                                                         Rows Removed by Filter: 2207919
                                                   ->  Hash  (cost=229.08..229.08 rows=400 width=30) (actual time=7.589..7.590 rows=421 loops=1)
                                                         Buckets: 1024  Batches: 1  Memory Usage: 35kB
                                                         ->  Nested Loop  (cost=4.88..229.08 rows=400 width=30) (actual time=1.186..7.451 rows=421 loops=1)
                                                               ->  Seq Scan on nation  (cost=0.00..1.31 rows=1 width=4) (actual time=0.277..0.280 rows=1 loops=1)
                                                                     Filter: (n_name = 'PERU'::bpchar)
                                                                     Rows Removed by Filter: 24
                                                               ->  Bitmap Heap Scan on supplier  (cost=4.88..223.76 rows=400 width=34) (actual time=0.905..7.080 rows=421 loops=1)
                                                                     Recheck Cond: (s_nationkey = nation.n_nationkey)
                                                                     Heap Blocks: exact=184
                                                                     ->  Bitmap Index Scan on idx_supplier_nation_key  (cost=0.00..4.79 rows=400 width=0) (actual time=0.540..0.540 rows=421 loops=1)
                                                                           Index Cond: (s_nationkey = nation.n_nationkey)
                                 ->  Index Scan using idx_lineitem_orderkey on lineitem l3  (cost=0.43..3.39 rows=1 width=8) (actual time=0.008..0.008 rows=1 loops=76644)
                                       Index Cond: (l_orderkey = l1.l_orderkey)
                                       Filter: ((l_receiptdate > l_commitdate) AND (l_suppkey <> l1.l_suppkey))
                                       Rows Removed by Filter: 1
                           ->  Index Scan using idx_lineitem_orderkey on lineitem l2  (cost=0.43..3.37 rows=4 width=8) (actual time=0.002..0.002 rows=1 loops=6909)
                                 Index Cond: (l_orderkey = orders.o_orderkey)
 Planning Time: 18.992 ms
 Execution Time: 2486.662 ms
(44 rows)

SET
SET
SET
                                                                                              QUERY PLAN                                                                                              
------------------------------------------------------------------------------------------------------------------------------------------------------------------------------------------------------
 Limit  (cost=360344.44..360344.45 rows=1 width=34) (actual time=1705.789..1705.803 rows=100 loops=1)
   ->  Sort  (cost=360344.44..360344.45 rows=1 width=34) (actual time=1705.788..1705.796 rows=100 loops=1)
         Sort Key: (count(*)) DESC, supplier.s_name
         Sort Method: top-N heapsort  Memory: 36kB
         ->  GroupAggregate  (cost=360344.41..360344.43 rows=1 width=34) (actual time=1704.799..1705.389 rows=421 loops=1)
               Group Key: supplier.s_name
               ->  Sort  (cost=360344.41..360344.42 rows=1 width=26) (actual time=1704.791..1704.961 rows=4227 loops=1)
                     Sort Key: supplier.s_name
                     Sort Method: quicksort  Memory: 193kB
                     ->  Nested Loop Semi Join  (cost=197109.64..360344.40 rows=1 width=26) (actual time=1204.783..1692.029 rows=4227 loops=1)
                           Join Filter: (l2.l_suppkey <> l1.l_suppkey)
                           Rows Removed by Join Filter: 4309
                           ->  Nested Loop Anti Join  (cost=197109.21..360341.01 rows=1 width=38) (actual time=1204.766..1678.810 rows=6909 loops=1)
                                 ->  Hash Join  (cost=197108.78..245103.31 rows=38710 width=38) (actual time=1204.636..1489.347 rows=76644 loops=1)
                                       Hash Cond: (orders.o_orderkey = l1.l_orderkey)
                                       ->  Seq Scan on orders  (cost=0.00..44881.00 rows=727050 width=4) (actual time=0.012..167.843 rows=729413 loops=1)
                                             Filter: (o_orderstatus = 'F'::bpchar)
                                             Rows Removed by Filter: 770587
                                       ->  Hash  (cost=196110.26..196110.26 rows=79881 width=34) (actual time=1204.299..1204.302 rows=159165 loops=1)
                                             Buckets: 262144 (originally 131072)  Batches: 1 (originally 1)  Memory Usage: 12618kB
                                             ->  Hash Join  (cost=234.08..196110.26 rows=79881 width=34) (actual time=0.505..1171.049 rows=159165 loops=1)
                                                   Hash Cond: (l1.l_suppkey = supplier.s_suppkey)
                                                   ->  Seq Scan on lineitem l1  (cost=0.00..187575.80 rows=2000421 width=8) (actual time=0.038..933.013 rows=3793296 loops=1)
                                                         Filter: (l_receiptdate > l_commitdate)
                                                         Rows Removed by Filter: 2207919
                                                   ->  Hash  (cost=229.08..229.08 rows=400 width=30) (actual time=0.441..0.442 rows=421 loops=1)
                                                         Buckets: 1024  Batches: 1  Memory Usage: 35kB
                                                         ->  Nested Loop  (cost=4.88..229.08 rows=400 width=30) (actual time=0.058..0.386 rows=421 loops=1)
                                                               ->  Seq Scan on nation  (cost=0.00..1.31 rows=1 width=4) (actual time=0.011..0.013 rows=1 loops=1)
                                                                     Filter: (n_name = 'PERU'::bpchar)
                                                                     Rows Removed by Filter: 24
                                                               ->  Bitmap Heap Scan on supplier  (cost=4.88..223.76 rows=400 width=34) (actual time=0.045..0.330 rows=421 loops=1)
                                                                     Recheck Cond: (s_nationkey = nation.n_nationkey)
                                                                     Heap Blocks: exact=184
                                                                     ->  Bitmap Index Scan on idx_supplier_nation_key  (cost=0.00..4.79 rows=400 width=0) (actual time=0.022..0.022 rows=421 loops=1)
                                                                           Index Cond: (s_nationkey = nation.n_nationkey)
                                 ->  Index Scan using idx_lineitem_orderkey on lineitem l3  (cost=0.43..3.39 rows=1 width=8) (actual time=0.002..0.002 rows=1 loops=76644)
                                       Index Cond: (l_orderkey = l1.l_orderkey)
                                       Filter: ((l_receiptdate > l_commitdate) AND (l_suppkey <> l1.l_suppkey))
                                       Rows Removed by Filter: 1
                           ->  Index Scan using idx_lineitem_orderkey on lineitem l2  (cost=0.43..3.37 rows=4 width=8) (actual time=0.001..0.002 rows=1 loops=6909)
                                 Index Cond: (l_orderkey = orders.o_orderkey)
 Planning Time: 2.123 ms
 Execution Time: 1705.906 ms
(44 rows)

query 22 run 1
SET
SET
SET
                                                                         QUERY PLAN                                                                          
-------------------------------------------------------------------------------------------------------------------------------------------------------------
 Limit  (cost=16078.99..16079.02 rows=1 width=72) (actual time=181.569..181.571 rows=1 loops=1)
   InitPlan 1
     ->  Aggregate  (cost=7546.42..7546.43 rows=1 width=32) (actual time=87.028..87.029 rows=1 loops=1)
           ->  Seq Scan on customer customer_1  (cost=0.00..7534.50 rows=4767 width=6) (actual time=0.019..83.863 rows=38017 loops=1)
                 Filter: ((c_acctbal > 0.00) AND (SUBSTRING(c_phone FROM 1 FOR 2) = ANY ('{21,29,26,34,14,15,17}'::text[])))
                 Rows Removed by Filter: 111983
   ->  GroupAggregate  (cost=8532.56..8553.19 rows=750 width=72) (actual time=181.568..181.569 rows=1 loops=1)
         Group Key: (SUBSTRING(customer.c_phone FROM 1 FOR 2))
         ->  Sort  (cost=8532.56..8534.44 rows=750 width=38) (actual time=181.381..181.417 rows=952 loops=1)
               Sort Key: (SUBSTRING(customer.c_phone FROM 1 FOR 2))
               Sort Method: quicksort  Memory: 392kB
               ->  Nested Loop Anti Join  (cost=0.43..8496.75 rows=750 width=38) (actual time=87.660..179.592 rows=6397 loops=1)
                     ->  Seq Scan on customer  (cost=0.00..7534.50 rows=1750 width=26) (actual time=87.642..136.951 rows=19077 loops=1)
                           Filter: ((c_acctbal > (InitPlan 1).col1) AND (SUBSTRING(c_phone FROM 1 FOR 2) = ANY ('{21,29,26,34,14,15,17}'::text[])))
                           Rows Removed by Filter: 130923
                     ->  Index Only Scan using idx_orders_custkey on orders  (cost=0.43..1.70 rows=18 width=4) (actual time=0.002..0.002 rows=1 loops=19077)
                           Index Cond: (o_custkey = customer.c_custkey)
                           Heap Fetches: 0
 Planning Time: 13.438 ms
 Execution Time: 182.370 ms
(20 rows)

SET
SET
SET
                                                                         QUERY PLAN                                                                          
-------------------------------------------------------------------------------------------------------------------------------------------------------------
 Limit  (cost=16078.99..16079.02 rows=1 width=72) (actual time=146.719..146.721 rows=1 loops=1)
   InitPlan 1
     ->  Aggregate  (cost=7546.42..7546.43 rows=1 width=32) (actual time=68.588..68.588 rows=1 loops=1)
           ->  Seq Scan on customer customer_1  (cost=0.00..7534.50 rows=4767 width=6) (actual time=0.006..65.440 rows=38017 loops=1)
                 Filter: ((c_acctbal > 0.00) AND (SUBSTRING(c_phone FROM 1 FOR 2) = ANY ('{21,29,26,34,14,15,17}'::text[])))
                 Rows Removed by Filter: 111983
   ->  GroupAggregate  (cost=8532.56..8553.19 rows=750 width=72) (actual time=146.718..146.719 rows=1 loops=1)
         Group Key: (SUBSTRING(customer.c_phone FROM 1 FOR 2))
         ->  Sort  (cost=8532.56..8534.44 rows=750 width=38) (actual time=146.529..146.570 rows=952 loops=1)
               Sort Key: (SUBSTRING(customer.c_phone FROM 1 FOR 2))
               Sort Method: quicksort  Memory: 392kB
               ->  Nested Loop Anti Join  (cost=0.43..8496.75 rows=750 width=38) (actual time=68.627..144.939 rows=6397 loops=1)
                     ->  Seq Scan on customer  (cost=0.00..7534.50 rows=1750 width=26) (actual time=68.611..115.111 rows=19077 loops=1)
                           Filter: ((c_acctbal > (InitPlan 1).col1) AND (SUBSTRING(c_phone FROM 1 FOR 2) = ANY ('{21,29,26,34,14,15,17}'::text[])))
                           Rows Removed by Filter: 130923
                     ->  Index Only Scan using idx_orders_custkey on orders  (cost=0.43..1.70 rows=18 width=4) (actual time=0.001..0.001 rows=1 loops=19077)
                           Index Cond: (o_custkey = customer.c_custkey)
                           Heap Fetches: 0
 Planning Time: 0.800 ms
 Execution Time: 146.763 ms
(20 rows)

