query 1 run 1
SET
SET
SET
                                                                           QUERY PLAN                                                                            
-----------------------------------------------------------------------------------------------------------------------------------------------------------------
 Limit  (cost=1905904.60..1905904.81 rows=1 width=236) (actual time=28909.323..28909.324 rows=1 loops=1)
   ->  Finalize GroupAggregate  (cost=1905904.60..1905905.84 rows=6 width=236) (actual time=28909.322..28909.322 rows=1 loops=1)
         Group Key: l_returnflag, l_linestatus
         ->  Sort  (cost=1905904.60..1905904.66 rows=24 width=236) (actual time=28909.295..28909.297 rows=6 loops=1)
               Sort Key: l_returnflag, l_linestatus
               Sort Method: quicksort  Memory: 35kB
               ->  Gather  (cost=1905901.48..1905904.05 rows=24 width=236) (actual time=28909.109..28910.348 rows=20 loops=1)
                     Workers Planned: 4
                     Workers Launched: 4
                     ->  Partial HashAggregate  (cost=1904901.48..1904901.65 rows=6 width=236) (actual time=28902.023..28902.030 rows=4 loops=5)
                           Group Key: l_returnflag, l_linestatus
                           ->  Parallel Seq Scan on lineitem  (cost=0.00..1312589.36 rows=14807803 width=25) (actual time=0.178..6498.986 rows=11856890 loops=5)
                                 Filter: (l_shipdate <= '1998-09-10 00:00:00'::timestamp without time zone)
                                 Rows Removed by Filter: 140321
 Planning time: 12.305 ms
 Execution time: 28910.483 ms
(16 rows)

SET
SET
SET
                                                                           QUERY PLAN                                                                            
-----------------------------------------------------------------------------------------------------------------------------------------------------------------
 Limit  (cost=1905904.60..1905904.81 rows=1 width=236) (actual time=26169.668..26169.668 rows=1 loops=1)
   ->  Finalize GroupAggregate  (cost=1905904.60..1905905.84 rows=6 width=236) (actual time=26169.667..26169.667 rows=1 loops=1)
         Group Key: l_returnflag, l_linestatus
         ->  Sort  (cost=1905904.60..1905904.66 rows=24 width=236) (actual time=26169.648..26169.648 rows=6 loops=1)
               Sort Key: l_returnflag, l_linestatus
               Sort Method: quicksort  Memory: 35kB
               ->  Gather  (cost=1905901.48..1905904.05 rows=24 width=236) (actual time=26169.595..26169.679 rows=20 loops=1)
                     Workers Planned: 4
                     Workers Launched: 4
                     ->  Partial HashAggregate  (cost=1904901.48..1904901.65 rows=6 width=236) (actual time=26166.166..26166.174 rows=4 loops=5)
                           Group Key: l_returnflag, l_linestatus
                           ->  Parallel Seq Scan on lineitem  (cost=0.00..1312589.36 rows=14807803 width=25) (actual time=0.035..3669.264 rows=11856890 loops=5)
                                 Filter: (l_shipdate <= '1998-09-10 00:00:00'::timestamp without time zone)
                                 Rows Removed by Filter: 140321
 Planning time: 0.474 ms
 Execution time: 26169.786 ms
(16 rows)

query 2 run 1
SET
SET
SET
                                                                                        QUERY PLAN                                                                                         
-------------------------------------------------------------------------------------------------------------------------------------------------------------------------------------------
 Limit  (cost=1108283.77..1108283.77 rows=1 width=193) (actual time=5790.973..5790.990 rows=100 loops=1)
   ->  Sort  (cost=1108283.77..1108283.77 rows=1 width=193) (actual time=5790.972..5790.985 rows=100 loops=1)
         Sort Key: supplier.s_acctbal DESC, nation.n_name, supplier.s_name, part.p_partkey
         Sort Method: top-N heapsort  Memory: 51kB
         ->  Merge Join  (cost=557598.93..1108283.76 rows=1 width=193) (actual time=3676.352..5787.740 rows=4737 loops=1)
               Merge Cond: (part.p_partkey = partsupp.ps_partkey)
               Join Filter: (partsupp.ps_supplycost = (SubPlan 1))
               Rows Removed by Join Filter: 1661
               ->  Index Scan using part_pkey on part  (cost=0.43..89213.35 rows=8445 width=30) (actual time=0.013..796.251 rows=8046 loops=1)
                     Filter: (((p_type)::text ~~ '%NICKEL'::text) AND (p_size = 16))
                     Rows Removed by Filter: 1991954
               ->  Materialize  (cost=557598.34..565585.69 rows=1597469 width=173) (actual time=3675.525..4112.297 rows=1603828 loops=1)
                     ->  Sort  (cost=557598.34..561592.01 rows=1597469 width=173) (actual time=3675.522..3978.621 rows=1603828 loops=1)
                           Sort Key: partsupp.ps_partkey
                           Sort Method: external sort  Disk: 293160kB
                           ->  Hash Join  (cost=4048.53..305248.03 rows=1597469 width=173) (actual time=42.052..2472.567 rows=1604080 loops=1)
                                 Hash Cond: (partsupp.ps_suppkey = supplier.s_suppkey)
                                 ->  Seq Scan on partsupp  (cost=0.00..255224.04 rows=8000204 width=14) (actual time=0.009..1077.928 rows=8000000 loops=1)
                                 ->  Hash  (cost=3798.53..3798.53 rows=20000 width=167) (actual time=42.023..42.023 rows=20051 loops=1)
                                       Buckets: 32768  Batches: 1  Memory Usage: 4211kB
                                       ->  Hash Join  (cost=2.53..3798.53 rows=20000 width=167) (actual time=0.018..36.609 rows=20051 loops=1)
                                             Hash Cond: (supplier.s_nationkey = nation.n_nationkey)
                                             ->  Seq Scan on supplier  (cost=0.00..3221.00 rows=100000 width=145) (actual time=0.003..25.085 rows=100000 loops=1)
                                             ->  Hash  (cost=2.47..2.47 rows=5 width=30) (actual time=0.012..0.012 rows=5 loops=1)
                                                   Buckets: 1024  Batches: 1  Memory Usage: 9kB
                                                   ->  Hash Join  (cost=1.07..2.47 rows=5 width=30) (actual time=0.008..0.012 rows=5 loops=1)
                                                         Hash Cond: (nation.n_regionkey = region.r_regionkey)
                                                         ->  Seq Scan on nation  (cost=0.00..1.25 rows=25 width=34) (actual time=0.001..0.003 rows=25 loops=1)
                                                         ->  Hash  (cost=1.06..1.06 rows=1 width=4) (actual time=0.005..0.005 rows=1 loops=1)
                                                               Buckets: 1024  Batches: 1  Memory Usage: 9kB
                                                               ->  Seq Scan on region  (cost=0.00..1.06 rows=1 width=4) (actual time=0.003..0.004 rows=1 loops=1)
                                                                     Filter: (r_name = 'AMERICA'::bpchar)
                                                                     Rows Removed by Filter: 4
               SubPlan 1
                 ->  Aggregate  (cost=66.61..66.62 rows=1 width=32) (actual time=0.108..0.108 rows=1 loops=6398)
                       ->  Nested Loop  (cost=2.29..66.60 rows=4 width=6) (actual time=0.097..0.106 rows=2 loops=6398)
                             Join Filter: (nation_1.n_regionkey = region_1.r_regionkey)
                             Rows Removed by Join Filter: 2
                             ->  Seq Scan on region region_1  (cost=0.00..1.06 rows=1 width=4) (actual time=0.001..0.002 rows=1 loops=6398)
                                   Filter: (r_name = 'AMERICA'::bpchar)
                                   Rows Removed by Filter: 4
                             ->  Hash Join  (cost=2.29..65.32 rows=18 width=10) (actual time=0.090..0.104 rows=4 loops=6398)
                                   Hash Cond: (supplier_1.s_nationkey = nation_1.n_nationkey)
                                   ->  Nested Loop  (cost=0.72..63.51 rows=18 width=10) (actual time=0.090..0.102 rows=4 loops=6398)
                                         ->  Index Scan using idx_partsupp_partkey on partsupp partsupp_1  (cost=0.43..3.75 rows=18 width=10) (actual time=0.085..0.087 rows=4 loops=6398)
                                               Index Cond: (part.p_partkey = ps_partkey)
                                         ->  Index Scan using supplier_pkey on supplier supplier_1  (cost=0.29..3.31 rows=1 width=8) (actual time=0.003..0.003 rows=1 loops=25592)
                                               Index Cond: (s_suppkey = partsupp_1.ps_suppkey)
                                   ->  Hash  (cost=1.25..1.25 rows=25 width=8) (actual time=0.011..0.011 rows=25 loops=1)
                                         Buckets: 1024  Batches: 1  Memory Usage: 9kB
                                         ->  Seq Scan on nation nation_1  (cost=0.00..1.25 rows=25 width=8) (actual time=0.002..0.007 rows=25 loops=1)
 Planning time: 19.435 ms
 Execution time: 5827.846 ms
(53 rows)

SET
SET
SET
                                                                                        QUERY PLAN                                                                                         
-------------------------------------------------------------------------------------------------------------------------------------------------------------------------------------------
 Limit  (cost=1108283.77..1108283.77 rows=1 width=193) (actual time=4402.590..4402.605 rows=100 loops=1)
   ->  Sort  (cost=1108283.77..1108283.77 rows=1 width=193) (actual time=4402.588..4402.601 rows=100 loops=1)
         Sort Key: supplier.s_acctbal DESC, nation.n_name, supplier.s_name, part.p_partkey
         Sort Method: top-N heapsort  Memory: 51kB
         ->  Merge Join  (cost=557598.93..1108283.76 rows=1 width=193) (actual time=3204.955..4400.448 rows=4737 loops=1)
               Merge Cond: (part.p_partkey = partsupp.ps_partkey)
               Join Filter: (partsupp.ps_supplycost = (SubPlan 1))
               Rows Removed by Join Filter: 1661
               ->  Index Scan using part_pkey on part  (cost=0.43..89213.35 rows=8445 width=30) (actual time=0.016..492.570 rows=8046 loops=1)
                     Filter: (((p_type)::text ~~ '%NICKEL'::text) AND (p_size = 16))
                     Rows Removed by Filter: 1991954
               ->  Materialize  (cost=557598.34..565585.69 rows=1597469 width=173) (actual time=3204.839..3628.570 rows=1603828 loops=1)
                     ->  Sort  (cost=557598.34..561592.01 rows=1597469 width=173) (actual time=3204.836..3496.523 rows=1603828 loops=1)
                           Sort Key: partsupp.ps_partkey
                           Sort Method: external sort  Disk: 293160kB
                           ->  Hash Join  (cost=4048.53..305248.03 rows=1597469 width=173) (actual time=24.729..2036.716 rows=1604080 loops=1)
                                 Hash Cond: (partsupp.ps_suppkey = supplier.s_suppkey)
                                 ->  Seq Scan on partsupp  (cost=0.00..255224.04 rows=8000204 width=14) (actual time=0.011..778.236 rows=8000000 loops=1)
                                 ->  Hash  (cost=3798.53..3798.53 rows=20000 width=167) (actual time=24.703..24.703 rows=20051 loops=1)
                                       Buckets: 32768  Batches: 1  Memory Usage: 4211kB
                                       ->  Hash Join  (cost=2.53..3798.53 rows=20000 width=167) (actual time=0.020..20.008 rows=20051 loops=1)
                                             Hash Cond: (supplier.s_nationkey = nation.n_nationkey)
                                             ->  Seq Scan on supplier  (cost=0.00..3221.00 rows=100000 width=145) (actual time=0.003..5.407 rows=100000 loops=1)
                                             ->  Hash  (cost=2.47..2.47 rows=5 width=30) (actual time=0.015..0.015 rows=5 loops=1)
                                                   Buckets: 1024  Batches: 1  Memory Usage: 9kB
                                                   ->  Hash Join  (cost=1.07..2.47 rows=5 width=30) (actual time=0.010..0.014 rows=5 loops=1)
                                                         Hash Cond: (nation.n_regionkey = region.r_regionkey)
                                                         ->  Seq Scan on nation  (cost=0.00..1.25 rows=25 width=34) (actual time=0.002..0.003 rows=25 loops=1)
                                                         ->  Hash  (cost=1.06..1.06 rows=1 width=4) (actual time=0.005..0.005 rows=1 loops=1)
                                                               Buckets: 1024  Batches: 1  Memory Usage: 9kB
                                                               ->  Seq Scan on region  (cost=0.00..1.06 rows=1 width=4) (actual time=0.003..0.004 rows=1 loops=1)
                                                                     Filter: (r_name = 'AMERICA'::bpchar)
                                                                     Rows Removed by Filter: 4
               SubPlan 1
                 ->  Aggregate  (cost=66.61..66.62 rows=1 width=32) (actual time=0.016..0.016 rows=1 loops=6398)
                       ->  Nested Loop  (cost=2.29..66.60 rows=4 width=6) (actual time=0.009..0.014 rows=2 loops=6398)
                             Join Filter: (nation_1.n_regionkey = region_1.r_regionkey)
                             Rows Removed by Join Filter: 2
                             ->  Seq Scan on region region_1  (cost=0.00..1.06 rows=1 width=4) (actual time=0.001..0.001 rows=1 loops=6398)
                                   Filter: (r_name = 'AMERICA'::bpchar)
                                   Rows Removed by Filter: 4
                             ->  Hash Join  (cost=2.29..65.32 rows=18 width=10) (actual time=0.005..0.012 rows=4 loops=6398)
                                   Hash Cond: (supplier_1.s_nationkey = nation_1.n_nationkey)
                                   ->  Nested Loop  (cost=0.72..63.51 rows=18 width=10) (actual time=0.004..0.011 rows=4 loops=6398)
                                         ->  Index Scan using idx_partsupp_partkey on partsupp partsupp_1  (cost=0.43..3.75 rows=18 width=10) (actual time=0.002..0.003 rows=4 loops=6398)
                                               Index Cond: (part.p_partkey = ps_partkey)
                                         ->  Index Scan using supplier_pkey on supplier supplier_1  (cost=0.29..3.31 rows=1 width=8) (actual time=0.002..0.002 rows=1 loops=25592)
                                               Index Cond: (s_suppkey = partsupp_1.ps_suppkey)
                                   ->  Hash  (cost=1.25..1.25 rows=25 width=8) (actual time=0.010..0.010 rows=25 loops=1)
                                         Buckets: 1024  Batches: 1  Memory Usage: 9kB
                                         ->  Seq Scan on nation nation_1  (cost=0.00..1.25 rows=25 width=8) (actual time=0.003..0.004 rows=25 loops=1)
 Planning time: 2.222 ms
 Execution time: 4439.608 ms
(53 rows)

query 3 run 1
SET
SET
SET
                                                                                QUERY PLAN                                                                                 
---------------------------------------------------------------------------------------------------------------------------------------------------------------------------
 Limit  (cost=2580035.20..2580035.23 rows=10 width=44) (actual time=14619.161..14619.163 rows=10 loops=1)
   ->  Sort  (cost=2580035.20..2587991.49 rows=3182516 width=44) (actual time=14619.160..14619.160 rows=10 loops=1)
         Sort Key: (sum((lineitem.l_extendedprice * ('1'::numeric - lineitem.l_discount)))) DESC, orders.o_orderdate
         Sort Method: top-N heapsort  Memory: 25kB
         ->  GroupAggregate  (cost=2415786.70..2511262.18 rows=3182516 width=44) (actual time=14413.572..14599.792 rows=113934 loops=1)
               Group Key: lineitem.l_orderkey, orders.o_orderdate, orders.o_shippriority
               ->  Sort  (cost=2415786.70..2423742.99 rows=3182516 width=24) (actual time=14413.554..14435.511 rows=301530 loops=1)
                     Sort Key: lineitem.l_orderkey, orders.o_orderdate, orders.o_shippriority
                     Sort Method: quicksort  Memory: 31119kB
                     ->  Gather  (cost=59463.90..2030089.34 rows=3182516 width=24) (actual time=637.387..14295.445 rows=301530 loops=1)
                           Workers Planned: 4
                           Workers Launched: 4
                           ->  Nested Loop  (cost=58463.90..1710837.74 rows=795629 width=24) (actual time=628.614..14292.478 rows=60306 loops=5)
                                 ->  Hash Join  (cost=58463.34..377126.44 rows=367006 width=12) (actual time=625.002..2343.122 rows=290361 loops=5)
                                       Hash Cond: (orders.o_custkey = customer.c_custkey)
                                       ->  Parallel Seq Scan on orders  (cost=0.00..308141.36 rows=1827116 width=16) (actual time=0.756..1321.309 rows=1447887 loops=5)
                                             Filter: (o_orderdate < '1995-03-07'::date)
                                             Rows Removed by Filter: 1552113
                                       ->  Hash  (cost=54697.07..54697.07 rows=301301 width=4) (actual time=622.612..622.612 rows=300276 loops=5)
                                             Buckets: 524288  Batches: 1  Memory Usage: 14653kB
                                             ->  Seq Scan on customer  (cost=0.00..54697.07 rows=301301 width=4) (actual time=0.047..568.343 rows=300276 loops=5)
                                                   Filter: (c_mktsegment = 'BUILDING'::bpchar)
                                                   Rows Removed by Filter: 1199724
                                 ->  Index Scan using idx_lineitem_orderkey on lineitem  (cost=0.56..3.61 rows=2 width=16) (actual time=0.041..0.041 rows=0 loops=1451805)
                                       Index Cond: (l_orderkey = orders.o_orderkey)
                                       Filter: (l_shipdate > '1995-03-07'::date)
                                       Rows Removed by Filter: 4
 Planning time: 21.324 ms
 Execution time: 14619.351 ms
(29 rows)

SET
SET
SET
                                                                                QUERY PLAN                                                                                 
---------------------------------------------------------------------------------------------------------------------------------------------------------------------------
 Limit  (cost=2580035.20..2580035.23 rows=10 width=44) (actual time=4545.349..4545.350 rows=10 loops=1)
   ->  Sort  (cost=2580035.20..2587991.49 rows=3182516 width=44) (actual time=4545.348..4545.349 rows=10 loops=1)
         Sort Key: (sum((lineitem.l_extendedprice * ('1'::numeric - lineitem.l_discount)))) DESC, orders.o_orderdate
         Sort Method: top-N heapsort  Memory: 25kB
         ->  GroupAggregate  (cost=2415786.70..2511262.18 rows=3182516 width=44) (actual time=4339.545..4525.977 rows=113934 loops=1)
               Group Key: lineitem.l_orderkey, orders.o_orderdate, orders.o_shippriority
               ->  Sort  (cost=2415786.70..2423742.99 rows=3182516 width=24) (actual time=4339.518..4360.894 rows=301530 loops=1)
                     Sort Key: lineitem.l_orderkey, orders.o_orderdate, orders.o_shippriority
                     Sort Method: quicksort  Memory: 31119kB
                     ->  Gather  (cost=59463.90..2030089.34 rows=3182516 width=24) (actual time=484.385..4224.589 rows=301530 loops=1)
                           Workers Planned: 4
                           Workers Launched: 4
                           ->  Nested Loop  (cost=58463.90..1710837.74 rows=795629 width=24) (actual time=480.583..4230.284 rows=60306 loops=5)
                                 ->  Hash Join  (cost=58463.34..377126.44 rows=367006 width=12) (actual time=480.333..1426.515 rows=290361 loops=5)
                                       Hash Cond: (orders.o_custkey = customer.c_custkey)
                                       ->  Parallel Seq Scan on orders  (cost=0.00..308141.36 rows=1827116 width=16) (actual time=0.024..575.825 rows=1447887 loops=5)
                                             Filter: (o_orderdate < '1995-03-07'::date)
                                             Rows Removed by Filter: 1552113
                                       ->  Hash  (cost=54697.07..54697.07 rows=301301 width=4) (actual time=478.467..478.467 rows=300276 loops=5)
                                             Buckets: 524288  Batches: 1  Memory Usage: 14653kB
                                             ->  Seq Scan on customer  (cost=0.00..54697.07 rows=301301 width=4) (actual time=0.033..418.579 rows=300276 loops=5)
                                                   Filter: (c_mktsegment = 'BUILDING'::bpchar)
                                                   Rows Removed by Filter: 1199724
                                 ->  Index Scan using idx_lineitem_orderkey on lineitem  (cost=0.56..3.61 rows=2 width=16) (actual time=0.009..0.009 rows=0 loops=1451805)
                                       Index Cond: (l_orderkey = orders.o_orderkey)
                                       Filter: (l_shipdate > '1995-03-07'::date)
                                       Rows Removed by Filter: 4
 Planning time: 1.646 ms
 Execution time: 4545.606 ms
(29 rows)

query 4 run 1
SET
SET
SET
                                                                               QUERY PLAN                                                                                
-------------------------------------------------------------------------------------------------------------------------------------------------------------------------
 Limit  (cost=752708.56..752708.60 rows=1 width=24) (actual time=21091.376..21091.377 rows=1 loops=1)
   ->  Finalize GroupAggregate  (cost=752708.56..752708.76 rows=5 width=24) (actual time=21091.375..21091.375 rows=1 loops=1)
         Group Key: orders.o_orderpriority
         ->  Sort  (cost=752708.56..752708.61 rows=20 width=24) (actual time=21091.369..21091.370 rows=6 loops=1)
               Sort Key: orders.o_orderpriority
               Sort Method: quicksort  Memory: 26kB
               ->  Gather  (cost=752706.08..752708.13 rows=20 width=24) (actual time=21086.059..21121.481 rows=25 loops=1)
                     Workers Planned: 4
                     Workers Launched: 4
                     ->  Partial HashAggregate  (cost=751706.08..751706.13 rows=5 width=24) (actual time=21079.765..21079.768 rows=5 loops=5)
                           Group Key: orders.o_orderpriority
                           ->  Nested Loop Semi Join  (cost=0.56..751026.06 rows=136004 width=16) (actual time=0.090..20991.063 rows=102764 loops=5)
                                 ->  Parallel Seq Scan on orders  (cost=0.00..317516.03 rows=136038 width=20) (actual time=0.047..1229.101 rows=112085 loops=5)
                                       Filter: ((o_orderdate >= '1993-12-01'::date) AND (o_orderdate < '1994-03-01'::date))
                                       Rows Removed by Filter: 2887915
                                 ->  Index Scan using idx_lineitem_orderkey on lineitem  (cost=0.56..3.61 rows=1 width=4) (actual time=0.175..0.175 rows=1 loops=560424)
                                       Index Cond: (l_orderkey = orders.o_orderkey)
                                       Filter: (l_commitdate < l_receiptdate)
                                       Rows Removed by Filter: 1
 Planning time: 14.885 ms
 Execution time: 21121.612 ms
(21 rows)

SET
SET
SET
                                                                               QUERY PLAN                                                                                
-------------------------------------------------------------------------------------------------------------------------------------------------------------------------
 Limit  (cost=752708.56..752708.60 rows=1 width=24) (actual time=2314.549..2314.549 rows=1 loops=1)
   ->  Finalize GroupAggregate  (cost=752708.56..752708.76 rows=5 width=24) (actual time=2314.548..2314.548 rows=1 loops=1)
         Group Key: orders.o_orderpriority
         ->  Sort  (cost=752708.56..752708.61 rows=20 width=24) (actual time=2314.541..2314.542 rows=6 loops=1)
               Sort Key: orders.o_orderpriority
               Sort Method: quicksort  Memory: 26kB
               ->  Gather  (cost=752706.08..752708.13 rows=20 width=24) (actual time=2307.579..2342.544 rows=25 loops=1)
                     Workers Planned: 4
                     Workers Launched: 4
                     ->  Partial HashAggregate  (cost=751706.08..751706.13 rows=5 width=24) (actual time=2304.566..2304.566 rows=5 loops=5)
                           Group Key: orders.o_orderpriority
                           ->  Nested Loop Semi Join  (cost=0.56..751026.06 rows=136004 width=16) (actual time=0.077..2256.435 rows=102764 loops=5)
                                 ->  Parallel Seq Scan on orders  (cost=0.00..317516.03 rows=136038 width=20) (actual time=0.034..603.777 rows=112085 loops=5)
                                       Filter: ((o_orderdate >= '1993-12-01'::date) AND (o_orderdate < '1994-03-01'::date))
                                       Rows Removed by Filter: 2887915
                                 ->  Index Scan using idx_lineitem_orderkey on lineitem  (cost=0.56..3.61 rows=1 width=4) (actual time=0.014..0.014 rows=1 loops=560424)
                                       Index Cond: (l_orderkey = orders.o_orderkey)
                                       Filter: (l_commitdate < l_receiptdate)
                                       Rows Removed by Filter: 1
 Planning time: 1.202 ms
 Execution time: 2342.651 ms
(21 rows)

query 5 run 1
SET
SET
SET
                                                                                         QUERY PLAN                                                                                         
--------------------------------------------------------------------------------------------------------------------------------------------------------------------------------------------
 Limit  (cost=823006.91..823006.91 rows=1 width=58) (actual time=23167.424..23167.425 rows=1 loops=1)
   ->  Sort  (cost=823006.91..823006.97 rows=25 width=58) (actual time=23167.424..23167.424 rows=1 loops=1)
         Sort Key: (sum((lineitem.l_extendedprice * ('1'::numeric - lineitem.l_discount)))) DESC
         Sort Method: top-N heapsort  Memory: 25kB
         ->  Finalize GroupAggregate  (cost=823005.47..823006.78 rows=25 width=58) (actual time=23167.394..23167.406 rows=5 loops=1)
               Group Key: nation.n_name
               ->  Sort  (cost=823005.47..823005.72 rows=100 width=58) (actual time=23167.382..23167.384 rows=25 loops=1)
                     Sort Key: nation.n_name
                     Sort Method: quicksort  Memory: 28kB
                     ->  Gather  (cost=822758.45..823002.15 rows=100 width=58) (actual time=23153.856..23207.049 rows=25 loops=1)
                           Workers Planned: 4
                           Workers Launched: 4
                           ->  Partial GroupAggregate  (cost=821758.45..821992.15 rows=25 width=58) (actual time=23147.266..23154.873 rows=5 loops=5)
                                 Group Key: nation.n_name
                                 ->  Sort  (cost=821758.45..821805.12 rows=18671 width=38) (actual time=23144.776..23146.692 rows=14407 loops=5)
                                       Sort Key: nation.n_name
                                       Sort Method: quicksort  Memory: 1512kB
                                       ->  Hash Join  (cost=68046.20..820433.88 rows=18671 width=38) (actual time=743.750..23131.843 rows=14407 loops=5)
                                             Hash Cond: ((lineitem.l_suppkey = supplier.s_suppkey) AND (customer.c_nationkey = supplier.s_nationkey))
                                             ->  Nested Loop  (cost=63325.20..812005.28 rows=469452 width=50) (actual time=694.709..22972.247 rows=363065 loops=5)
                                                   ->  Hash Join  (cost=63324.64..384215.69 rows=117392 width=38) (actual time=693.280..2001.651 rows=90680 loops=5)
                                                         Hash Cond: (orders.o_custkey = customer.c_custkey)
                                                         ->  Parallel Seq Scan on orders  (cost=0.00..317516.03 rows=586962 width=8) (actual time=0.074..1171.914 rows=455328 loops=5)
                                                               Filter: ((o_orderdate >= '1993-01-01'::date) AND (o_orderdate < '1994-01-01'::date))
                                                               Rows Removed by Filter: 2544672
                                                         ->  Hash  (cost=59574.62..59574.62 rows=300001 width=38) (actual time=692.197..692.197 rows=299436 loops=5)
                                                               Buckets: 524288  Batches: 1  Memory Usage: 25151kB
                                                               ->  Hash Join  (cost=2.53..59574.62 rows=300001 width=38) (actual time=0.084..628.537 rows=299436 loops=5)
                                                                     Hash Cond: (customer.c_nationkey = nation.n_nationkey)
                                                                     ->  Seq Scan on customer  (cost=0.00..50947.06 rows=1500006 width=8) (actual time=0.039..430.834 rows=1500000 loops=5)
                                                                     ->  Hash  (cost=2.47..2.47 rows=5 width=30) (actual time=0.033..0.033 rows=5 loops=5)
                                                                           Buckets: 1024  Batches: 1  Memory Usage: 9kB
                                                                           ->  Hash Join  (cost=1.07..2.47 rows=5 width=30) (actual time=0.026..0.031 rows=5 loops=5)
                                                                                 Hash Cond: (nation.n_regionkey = region.r_regionkey)
                                                                                 ->  Seq Scan on nation  (cost=0.00..1.25 rows=25 width=34) (actual time=0.009..0.011 rows=25 loops=5)
                                                                                 ->  Hash  (cost=1.06..1.06 rows=1 width=4) (actual time=0.011..0.011 rows=1 loops=5)
                                                                                       Buckets: 1024  Batches: 1  Memory Usage: 9kB
                                                                                       ->  Seq Scan on region  (cost=0.00..1.06 rows=1 width=4) (actual time=0.009..0.010 rows=1 loops=5)
                                                                                             Filter: (r_name = 'AMERICA'::bpchar)
                                                                                             Rows Removed by Filter: 4
                                                   ->  Index Scan using idx_lineitem_orderkey on lineitem  (cost=0.56..3.60 rows=4 width=20) (actual time=0.219..0.230 rows=4 loops=453399)
                                                         Index Cond: (l_orderkey = orders.o_orderkey)
                                             ->  Hash  (cost=3221.00..3221.00 rows=100000 width=8) (actual time=44.559..44.559 rows=100000 loops=5)
                                                   Buckets: 131072  Batches: 1  Memory Usage: 4931kB
                                                   ->  Seq Scan on supplier  (cost=0.00..3221.00 rows=100000 width=8) (actual time=0.017..26.277 rows=100000 loops=5)
 Planning time: 23.571 ms
 Execution time: 23207.466 ms
(47 rows)

SET
SET
SET
                                                                                         QUERY PLAN                                                                                         
--------------------------------------------------------------------------------------------------------------------------------------------------------------------------------------------
 Limit  (cost=823006.91..823006.91 rows=1 width=58) (actual time=2901.289..2901.289 rows=1 loops=1)
   ->  Sort  (cost=823006.91..823006.97 rows=25 width=58) (actual time=2901.287..2901.287 rows=1 loops=1)
         Sort Key: (sum((lineitem.l_extendedprice * ('1'::numeric - lineitem.l_discount)))) DESC
         Sort Method: top-N heapsort  Memory: 25kB
         ->  Finalize GroupAggregate  (cost=823005.47..823006.78 rows=25 width=58) (actual time=2901.260..2901.274 rows=5 loops=1)
               Group Key: nation.n_name
               ->  Sort  (cost=823005.47..823005.72 rows=100 width=58) (actual time=2901.249..2901.251 rows=25 loops=1)
                     Sort Key: nation.n_name
                     Sort Method: quicksort  Memory: 28kB
                     ->  Gather  (cost=822758.45..823002.15 rows=100 width=58) (actual time=2886.925..2937.894 rows=25 loops=1)
                           Workers Planned: 4
                           Workers Launched: 4
                           ->  Partial GroupAggregate  (cost=821758.45..821992.15 rows=25 width=58) (actual time=2882.776..2891.212 rows=5 loops=5)
                                 Group Key: nation.n_name
                                 ->  Sort  (cost=821758.45..821805.12 rows=18671 width=38) (actual time=2881.117..2882.287 rows=14407 loops=5)
                                       Sort Key: nation.n_name
                                       Sort Method: quicksort  Memory: 1560kB
                                       ->  Hash Join  (cost=68046.20..820433.88 rows=18671 width=38) (actual time=516.778..2873.418 rows=14407 loops=5)
                                             Hash Cond: ((lineitem.l_suppkey = supplier.s_suppkey) AND (customer.c_nationkey = supplier.s_nationkey))
                                             ->  Nested Loop  (cost=63325.20..812005.28 rows=469452 width=50) (actual time=465.527..2731.378 rows=363065 loops=5)
                                                   ->  Hash Join  (cost=63324.64..384215.69 rows=117392 width=38) (actual time=465.426..1201.772 rows=90680 loops=5)
                                                         Hash Cond: (orders.o_custkey = customer.c_custkey)
                                                         ->  Parallel Seq Scan on orders  (cost=0.00..317516.03 rows=586962 width=8) (actual time=0.047..619.032 rows=455328 loops=5)
                                                               Filter: ((o_orderdate >= '1993-01-01'::date) AND (o_orderdate < '1994-01-01'::date))
                                                               Rows Removed by Filter: 2544672
                                                         ->  Hash  (cost=59574.62..59574.62 rows=300001 width=38) (actual time=463.671..463.671 rows=299436 loops=5)
                                                               Buckets: 524288  Batches: 1  Memory Usage: 25151kB
                                                               ->  Hash Join  (cost=2.53..59574.62 rows=300001 width=38) (actual time=0.067..396.509 rows=299436 loops=5)
                                                                     Hash Cond: (customer.c_nationkey = nation.n_nationkey)
                                                                     ->  Seq Scan on customer  (cost=0.00..50947.06 rows=1500006 width=8) (actual time=0.027..115.653 rows=1500000 loops=5)
                                                                     ->  Hash  (cost=2.47..2.47 rows=5 width=30) (actual time=0.029..0.029 rows=5 loops=5)
                                                                           Buckets: 1024  Batches: 1  Memory Usage: 9kB
                                                                           ->  Hash Join  (cost=1.07..2.47 rows=5 width=30) (actual time=0.023..0.027 rows=5 loops=5)
                                                                                 Hash Cond: (nation.n_regionkey = region.r_regionkey)
                                                                                 ->  Seq Scan on nation  (cost=0.00..1.25 rows=25 width=34) (actual time=0.008..0.009 rows=25 loops=5)
                                                                                 ->  Hash  (cost=1.06..1.06 rows=1 width=4) (actual time=0.010..0.010 rows=1 loops=5)
                                                                                       Buckets: 1024  Batches: 1  Memory Usage: 9kB
                                                                                       ->  Seq Scan on region  (cost=0.00..1.06 rows=1 width=4) (actual time=0.008..0.009 rows=1 loops=5)
                                                                                             Filter: (r_name = 'AMERICA'::bpchar)
                                                                                             Rows Removed by Filter: 4
                                                   ->  Index Scan using idx_lineitem_orderkey on lineitem  (cost=0.56..3.60 rows=4 width=20) (actual time=0.015..0.016 rows=4 loops=453399)
                                                         Index Cond: (l_orderkey = orders.o_orderkey)
                                             ->  Hash  (cost=3221.00..3221.00 rows=100000 width=8) (actual time=50.916..50.916 rows=100000 loops=5)
                                                   Buckets: 131072  Batches: 1  Memory Usage: 4931kB
                                                   ->  Seq Scan on supplier  (cost=0.00..3221.00 rows=100000 width=8) (actual time=0.019..21.412 rows=100000 loops=5)
 Planning time: 2.974 ms
 Execution time: 2938.089 ms
(47 rows)

query 6 run 1
SET
SET
SET
                                                                                                          QUERY PLAN                                                                                                           
-------------------------------------------------------------------------------------------------------------------------------------------------------------------------------------------------------------------------------
 Limit  (cost=1087002.99..1087003.00 rows=1 width=32) (actual time=14316.967..14316.968 rows=1 loops=1)
   ->  Aggregate  (cost=1087002.99..1087003.00 rows=1 width=32) (actual time=14316.965..14316.965 rows=1 loops=1)
         ->  Bitmap Heap Scan on lineitem  (cost=213319.76..1081088.95 rows=1182808 width=12) (actual time=1437.777..13631.565 rows=1194558 loops=1)
               Recheck Cond: ((l_shipdate >= '1993-01-01'::date) AND (l_shipdate < '1994-01-01 00:00:00'::timestamp without time zone) AND (l_discount >= 0.06) AND (l_discount <= 0.08) AND (l_quantity < '25'::numeric))
               Rows Removed by Index Recheck: 21866393
               Heap Blocks: exact=238202 lossy=424766
               ->  Bitmap Index Scan on idx_lineitem_shipdate  (cost=0.00..213024.06 rows=1182808 width=0) (actual time=1386.176..1386.176 rows=1194558 loops=1)
                     Index Cond: ((l_shipdate >= '1993-01-01'::date) AND (l_shipdate < '1994-01-01 00:00:00'::timestamp without time zone) AND (l_discount >= 0.06) AND (l_discount <= 0.08) AND (l_quantity < '25'::numeric))
 Planning time: 11.934 ms
 Execution time: 14317.057 ms
(10 rows)

SET
SET
SET
                                                                                                          QUERY PLAN                                                                                                           
-------------------------------------------------------------------------------------------------------------------------------------------------------------------------------------------------------------------------------
 Limit  (cost=1087002.99..1087003.00 rows=1 width=32) (actual time=8834.326..8834.326 rows=1 loops=1)
   ->  Aggregate  (cost=1087002.99..1087003.00 rows=1 width=32) (actual time=8834.325..8834.325 rows=1 loops=1)
         ->  Bitmap Heap Scan on lineitem  (cost=213319.76..1081088.95 rows=1182808 width=12) (actual time=1289.835..8348.837 rows=1194558 loops=1)
               Recheck Cond: ((l_shipdate >= '1993-01-01'::date) AND (l_shipdate < '1994-01-01 00:00:00'::timestamp without time zone) AND (l_discount >= 0.06) AND (l_discount <= 0.08) AND (l_quantity < '25'::numeric))
               Rows Removed by Index Recheck: 21866393
               Heap Blocks: exact=238202 lossy=424766
               ->  Bitmap Index Scan on idx_lineitem_shipdate  (cost=0.00..213024.06 rows=1182808 width=0) (actual time=1238.847..1238.847 rows=1194558 loops=1)
                     Index Cond: ((l_shipdate >= '1993-01-01'::date) AND (l_shipdate < '1994-01-01 00:00:00'::timestamp without time zone) AND (l_discount >= 0.06) AND (l_discount <= 0.08) AND (l_quantity < '25'::numeric))
 Planning time: 0.683 ms
 Execution time: 8834.400 ms
(10 rows)

query 7 run 1
SET
SET
SET
                                                                                          QUERY PLAN                                                                                           
-----------------------------------------------------------------------------------------------------------------------------------------------------------------------------------------------
 Limit  (cost=1480622.70..1480622.78 rows=1 width=92) (actual time=15449.877..15449.878 rows=1 loops=1)
   ->  Finalize GroupAggregate  (cost=1480622.70..1481400.18 rows=10032 width=92) (actual time=15449.875..15449.875 rows=1 loops=1)
         Group Key: n1.n_name, n2.n_name, (date_part('year'::text, (lineitem.l_shipdate)::timestamp without time zone))
         ->  Sort  (cost=1480622.70..1480723.02 rows=40128 width=92) (actual time=15449.861..15449.863 rows=6 loops=1)
               Sort Key: n1.n_name, n2.n_name, (date_part('year'::text, (lineitem.l_shipdate)::timestamp without time zone))
               Sort Method: quicksort  Memory: 27kB
               ->  Gather  (cost=1473104.62..1477554.45 rows=40128 width=92) (actual time=15434.257..15485.043 rows=20 loops=1)
                     Workers Planned: 4
                     Workers Launched: 4
                     ->  Partial GroupAggregate  (cost=1472104.62..1472541.65 rows=10032 width=92) (actual time=15421.475..15430.557 rows=4 loops=5)
                           Group Key: n1.n_name, n2.n_name, (date_part('year'::text, (lineitem.l_shipdate)::timestamp without time zone))
                           ->  Sort  (cost=1472104.62..1472141.97 rows=14941 width=72) (actual time=15419.486..15421.444 rows=11559 loops=5)
                                 Sort Key: n1.n_name, n2.n_name, (date_part('year'::text, (lineitem.l_shipdate)::timestamp without time zone))
                                 Sort Method: quicksort  Memory: 2034kB
                                 ->  Hash Join  (cost=63051.45..1471068.69 rows=14941 width=72) (actual time=683.793..15408.135 rows=11559 loops=5)
                                       Hash Cond: (lineitem.l_suppkey = supplier.s_suppkey)
                                       Join Filter: (((n1.n_name = 'PERU'::bpchar) AND (n2.n_name = 'MOROCCO'::bpchar)) OR ((n1.n_name = 'MOROCCO'::bpchar) AND (n2.n_name = 'PERU'::bpchar)))
                                       Rows Removed by Join Filter: 11632
                                       ->  Nested Loop  (cost=59274.05..1465287.92 rows=361127 width=46) (actual time=647.814..15268.874 rows=289625 loops=5)
                                             ->  Hash Join  (cost=59273.48..375102.05 rows=299990 width=30) (actual time=646.880..2502.312 rows=238235 loops=5)
                                                   Hash Cond: (orders.o_custkey = customer.c_custkey)
                                                   ->  Parallel Seq Scan on orders  (cost=0.00..298766.68 rows=3749868 width=8) (actual time=0.077..1089.127 rows=3000000 loops=5)
                                                   ->  Hash  (cost=57773.48..57773.48 rows=120000 width=30) (actual time=646.617..646.617 rows=119622 loops=5)
                                                         Buckets: 131072  Batches: 1  Memory Usage: 8267kB
                                                         ->  Hash Join  (cost=1.40..57773.48 rows=120000 width=30) (actual time=0.032..621.466 rows=119622 loops=5)
                                                               Hash Cond: (customer.c_nationkey = n2.n_nationkey)
                                                               ->  Seq Scan on customer  (cost=0.00..50947.06 rows=1500006 width=8) (actual time=0.013..441.251 rows=1500000 loops=5)
                                                               ->  Hash  (cost=1.38..1.38 rows=2 width=30) (actual time=0.013..0.013 rows=2 loops=5)
                                                                     Buckets: 1024  Batches: 1  Memory Usage: 9kB
                                                                     ->  Seq Scan on nation n2  (cost=0.00..1.38 rows=2 width=30) (actual time=0.009..0.011 rows=2 loops=5)
                                                                           Filter: ((n_name = 'MOROCCO'::bpchar) OR (n_name = 'PERU'::bpchar))
                                                                           Rows Removed by Filter: 23
                                             ->  Index Scan using idx_lineitem_orderkey on lineitem  (cost=0.56..3.62 rows=1 width=24) (actual time=0.052..0.053 rows=1 loops=1191175)
                                                   Index Cond: (l_orderkey = orders.o_orderkey)
                                                   Filter: ((l_shipdate >= '1995-01-01'::date) AND (l_shipdate <= '1996-12-31'::date))
                                                   Rows Removed by Filter: 3
                                       ->  Hash  (cost=3677.40..3677.40 rows=8000 width=30) (actual time=31.795..31.795 rows=7981 loops=5)
                                             Buckets: 8192  Batches: 1  Memory Usage: 548kB
                                             ->  Hash Join  (cost=1.40..3677.40 rows=8000 width=30) (actual time=0.034..30.471 rows=7981 loops=5)
                                                   Hash Cond: (supplier.s_nationkey = n1.n_nationkey)
                                                   ->  Seq Scan on supplier  (cost=0.00..3221.00 rows=100000 width=8) (actual time=0.017..18.736 rows=100000 loops=5)
                                                   ->  Hash  (cost=1.38..1.38 rows=2 width=30) (actual time=0.013..0.013 rows=2 loops=5)
                                                         Buckets: 1024  Batches: 1  Memory Usage: 9kB
                                                         ->  Seq Scan on nation n1  (cost=0.00..1.38 rows=2 width=30) (actual time=0.010..0.012 rows=2 loops=5)
                                                               Filter: ((n_name = 'PERU'::bpchar) OR (n_name = 'MOROCCO'::bpchar))
                                                               Rows Removed by Filter: 23
 Planning time: 23.881 ms
 Execution time: 15485.205 ms
(48 rows)

SET
SET
SET
                                                                                          QUERY PLAN                                                                                           
-----------------------------------------------------------------------------------------------------------------------------------------------------------------------------------------------
 Limit  (cost=1480622.70..1480622.78 rows=1 width=92) (actual time=4417.440..4417.441 rows=1 loops=1)
   ->  Finalize GroupAggregate  (cost=1480622.70..1481400.18 rows=10032 width=92) (actual time=4417.438..4417.438 rows=1 loops=1)
         Group Key: n1.n_name, n2.n_name, (date_part('year'::text, (lineitem.l_shipdate)::timestamp without time zone))
         ->  Sort  (cost=1480622.70..1480723.02 rows=40128 width=92) (actual time=4417.424..4417.425 rows=6 loops=1)
               Sort Key: n1.n_name, n2.n_name, (date_part('year'::text, (lineitem.l_shipdate)::timestamp without time zone))
               Sort Method: quicksort  Memory: 27kB
               ->  Gather  (cost=1473104.62..1477554.45 rows=40128 width=92) (actual time=4401.638..4452.223 rows=20 loops=1)
                     Workers Planned: 4
                     Workers Launched: 4
                     ->  Partial GroupAggregate  (cost=1472104.62..1472541.65 rows=10032 width=92) (actual time=4391.682..4399.974 rows=4 loops=5)
                           Group Key: n1.n_name, n2.n_name, (date_part('year'::text, (lineitem.l_shipdate)::timestamp without time zone))
                           ->  Sort  (cost=1472104.62..1472141.97 rows=14941 width=72) (actual time=4388.054..4389.276 rows=11559 loops=5)
                                 Sort Key: n1.n_name, n2.n_name, (date_part('year'::text, (lineitem.l_shipdate)::timestamp without time zone))
                                 Sort Method: quicksort  Memory: 2007kB
                                 ->  Hash Join  (cost=63051.45..1471068.69 rows=14941 width=72) (actual time=513.994..4379.128 rows=11559 loops=5)
                                       Hash Cond: (lineitem.l_suppkey = supplier.s_suppkey)
                                       Join Filter: (((n1.n_name = 'PERU'::bpchar) AND (n2.n_name = 'MOROCCO'::bpchar)) OR ((n1.n_name = 'MOROCCO'::bpchar) AND (n2.n_name = 'PERU'::bpchar)))
                                       Rows Removed by Join Filter: 11632
                                       ->  Nested Loop  (cost=59274.05..1465287.92 rows=361127 width=46) (actual time=473.919..4247.648 rows=289625 loops=5)
                                             ->  Hash Join  (cost=59273.48..375102.05 rows=299990 width=30) (actual time=473.866..1605.162 rows=238235 loops=5)
                                                   Hash Cond: (orders.o_custkey = customer.c_custkey)
                                                   ->  Parallel Seq Scan on orders  (cost=0.00..298766.68 rows=3749868 width=8) (actual time=0.034..406.603 rows=3000000 loops=5)
                                                   ->  Hash  (cost=57773.48..57773.48 rows=120000 width=30) (actual time=473.681..473.682 rows=119622 loops=5)
                                                         Buckets: 131072  Batches: 1  Memory Usage: 8267kB
                                                         ->  Hash Join  (cost=1.40..57773.48 rows=120000 width=30) (actual time=0.033..450.560 rows=119622 loops=5)
                                                               Hash Cond: (customer.c_nationkey = n2.n_nationkey)
                                                               ->  Seq Scan on customer  (cost=0.00..50947.06 rows=1500006 width=8) (actual time=0.016..276.956 rows=1500000 loops=5)
                                                               ->  Hash  (cost=1.38..1.38 rows=2 width=30) (actual time=0.012..0.012 rows=2 loops=5)
                                                                     Buckets: 1024  Batches: 1  Memory Usage: 9kB
                                                                     ->  Seq Scan on nation n2  (cost=0.00..1.38 rows=2 width=30) (actual time=0.010..0.012 rows=2 loops=5)
                                                                           Filter: ((n_name = 'MOROCCO'::bpchar) OR (n_name = 'PERU'::bpchar))
                                                                           Rows Removed by Filter: 23
                                             ->  Index Scan using idx_lineitem_orderkey on lineitem  (cost=0.56..3.62 rows=1 width=24) (actual time=0.010..0.011 rows=1 loops=1191175)
                                                   Index Cond: (l_orderkey = orders.o_orderkey)
                                                   Filter: ((l_shipdate >= '1995-01-01'::date) AND (l_shipdate <= '1996-12-31'::date))
                                                   Rows Removed by Filter: 3
                                       ->  Hash  (cost=3677.40..3677.40 rows=8000 width=30) (actual time=39.860..39.860 rows=7981 loops=5)
                                             Buckets: 8192  Batches: 1  Memory Usage: 548kB
                                             ->  Hash Join  (cost=1.40..3677.40 rows=8000 width=30) (actual time=0.039..38.534 rows=7981 loops=5)
                                                   Hash Cond: (supplier.s_nationkey = n1.n_nationkey)
                                                   ->  Seq Scan on supplier  (cost=0.00..3221.00 rows=100000 width=8) (actual time=0.018..20.012 rows=100000 loops=5)
                                                   ->  Hash  (cost=1.38..1.38 rows=2 width=30) (actual time=0.018..0.018 rows=2 loops=5)
                                                         Buckets: 1024  Batches: 1  Memory Usage: 9kB
                                                         ->  Seq Scan on nation n1  (cost=0.00..1.38 rows=2 width=30) (actual time=0.015..0.017 rows=2 loops=5)
                                                               Filter: ((n_name = 'PERU'::bpchar) OR (n_name = 'MOROCCO'::bpchar))
                                                               Rows Removed by Filter: 23
 Planning time: 2.686 ms
 Execution time: 4452.390 ms
(48 rows)

query 8 run 1
SET
SET
SET
                                                                                                QUERY PLAN                                                                                                 
-----------------------------------------------------------------------------------------------------------------------------------------------------------------------------------------------------------
 Limit  (cost=639510.58..639510.66 rows=1 width=40) (actual time=18838.957..18838.958 rows=1 loops=1)
   ->  Finalize GroupAggregate  (cost=639510.58..639709.08 rows=2406 width=40) (actual time=18838.957..18838.957 rows=1 loops=1)
         Group Key: (date_part('year'::text, (orders.o_orderdate)::timestamp without time zone))
         ->  Sort  (cost=639510.58..639534.64 rows=9624 width=72) (actual time=18838.936..18838.936 rows=6 loops=1)
               Sort Key: (date_part('year'::text, (orders.o_orderdate)::timestamp without time zone))
               Sort Method: quicksort  Memory: 26kB
               ->  Gather  (cost=637729.89..638873.84 rows=9624 width=72) (actual time=18828.392..18884.161 rows=10 loops=1)
                     Workers Planned: 4
                     Workers Launched: 4
                     ->  Partial GroupAggregate  (cost=636729.89..636911.44 rows=2406 width=72) (actual time=18822.918..18824.663 rows=2 loops=5)
                           Group Key: (date_part('year'::text, (orders.o_orderdate)::timestamp without time zone))
                           ->  Sort  (cost=636729.89..636744.72 rows=5930 width=46) (actual time=18821.173..18821.550 rows=4768 loops=5)
                                 Sort Key: (date_part('year'::text, (orders.o_orderdate)::timestamp without time zone))
                                 Sort Method: quicksort  Memory: 565kB
                                 ->  Hash Join  (cost=67798.20..636358.26 rows=5930 width=46) (actual time=724.895..18816.884 rows=4768 loops=5)
                                       Hash Cond: (supplier.s_nationkey = n2.n_nationkey)
                                       ->  Hash Join  (cost=67796.64..636245.51 rows=5930 width=20) (actual time=724.842..18806.801 rows=4768 loops=5)
                                             Hash Cond: (orders.o_custkey = customer.c_custkey)
                                             ->  Nested Loop  (cost=4472.00..572750.39 rows=29650 width=24) (actual time=50.761..18132.177 rows=23719 loops=5)
                                                   ->  Hash Join  (cost=4471.57..231354.19 rows=99392 width=20) (actual time=45.394..12015.622 rows=77904 loops=5)
                                                         Hash Cond: (lineitem.l_suppkey = supplier.s_suppkey)
                                                         ->  Nested Loop  (cost=0.56..225514.36 rows=99974 width=20) (actual time=1.863..11910.174 rows=77904 loops=5)
                                                               ->  Parallel Seq Scan on part  (cost=0.00..47231.14 rows=3334 width=4) (actual time=0.197..116.635 rows=2602 loops=5)
                                                                     Filter: ((p_type)::text = 'LARGE POLISHED BRASS'::text)
                                                                     Rows Removed by Filter: 397398
                                                               ->  Index Scan using idx_lineitem_part_supp on lineitem  (cost=0.56..53.13 rows=34 width=24) (actual time=0.341..4.517 rows=30 loops=13011)
                                                                     Index Cond: (l_partkey = part.p_partkey)
                                                         ->  Hash  (cost=3221.00..3221.00 rows=100000 width=8) (actual time=43.360..43.360 rows=100000 loops=5)
                                                               Buckets: 131072  Batches: 1  Memory Usage: 4931kB
                                                               ->  Seq Scan on supplier  (cost=0.00..3221.00 rows=100000 width=8) (actual time=0.016..27.229 rows=100000 loops=5)
                                                   ->  Index Scan using orders_pkey on orders  (cost=0.43..3.42 rows=1 width=12) (actual time=0.078..0.078 rows=0 loops=389521)
                                                         Index Cond: (o_orderkey = lineitem.l_orderkey)
                                                         Filter: ((o_orderdate >= '1995-01-01'::date) AND (o_orderdate <= '1996-12-31'::date))
                                                         Rows Removed by Filter: 1
                                             ->  Hash  (cost=59574.62..59574.62 rows=300001 width=4) (actual time=663.346..663.346 rows=299436 loops=5)
                                                   Buckets: 524288  Batches: 1  Memory Usage: 14624kB
                                                   ->  Hash Join  (cost=2.53..59574.62 rows=300001 width=4) (actual time=0.063..612.123 rows=299436 loops=5)
                                                         Hash Cond: (customer.c_nationkey = n1.n_nationkey)
                                                         ->  Seq Scan on customer  (cost=0.00..50947.06 rows=1500006 width=8) (actual time=0.027..416.984 rows=1500000 loops=5)
                                                         ->  Hash  (cost=2.47..2.47 rows=5 width=4) (actual time=0.028..0.028 rows=5 loops=5)
                                                               Buckets: 1024  Batches: 1  Memory Usage: 9kB
                                                               ->  Hash Join  (cost=1.07..2.47 rows=5 width=4) (actual time=0.020..0.027 rows=5 loops=5)
                                                                     Hash Cond: (n1.n_regionkey = region.r_regionkey)
                                                                     ->  Seq Scan on nation n1  (cost=0.00..1.25 rows=25 width=8) (actual time=0.003..0.007 rows=25 loops=5)
                                                                     ->  Hash  (cost=1.06..1.06 rows=1 width=4) (actual time=0.013..0.013 rows=1 loops=5)
                                                                           Buckets: 1024  Batches: 1  Memory Usage: 9kB
                                                                           ->  Seq Scan on region  (cost=0.00..1.06 rows=1 width=4) (actual time=0.011..0.012 rows=1 loops=5)
                                                                                 Filter: (r_name = 'AMERICA'::bpchar)
                                                                                 Rows Removed by Filter: 4
                                       ->  Hash  (cost=1.25..1.25 rows=25 width=30) (actual time=0.018..0.018 rows=25 loops=5)
                                             Buckets: 1024  Batches: 1  Memory Usage: 10kB
                                             ->  Seq Scan on nation n2  (cost=0.00..1.25 rows=25 width=30) (actual time=0.010..0.013 rows=25 loops=5)
 Planning time: 28.827 ms
 Execution time: 18884.556 ms
(54 rows)

SET
SET
SET
                                                                                                QUERY PLAN                                                                                                 
-----------------------------------------------------------------------------------------------------------------------------------------------------------------------------------------------------------
 Limit  (cost=639510.58..639510.66 rows=1 width=40) (actual time=2231.103..2231.104 rows=1 loops=1)
   ->  Finalize GroupAggregate  (cost=639510.58..639709.08 rows=2406 width=40) (actual time=2231.101..2231.101 rows=1 loops=1)
         Group Key: (date_part('year'::text, (orders.o_orderdate)::timestamp without time zone))
         ->  Sort  (cost=639510.58..639534.64 rows=9624 width=72) (actual time=2231.082..2231.082 rows=6 loops=1)
               Sort Key: (date_part('year'::text, (orders.o_orderdate)::timestamp without time zone))
               Sort Method: quicksort  Memory: 26kB
               ->  Gather  (cost=637729.89..638873.84 rows=9624 width=72) (actual time=2224.893..2272.468 rows=10 loops=1)
                     Workers Planned: 4
                     Workers Launched: 4
                     ->  Partial GroupAggregate  (cost=636729.89..636911.44 rows=2406 width=72) (actual time=2217.627..2220.095 rows=2 loops=5)
                           Group Key: (date_part('year'::text, (orders.o_orderdate)::timestamp without time zone))
                           ->  Sort  (cost=636729.89..636744.72 rows=5930 width=46) (actual time=2215.935..2216.295 rows=4768 loops=5)
                                 Sort Key: (date_part('year'::text, (orders.o_orderdate)::timestamp without time zone))
                                 Sort Method: quicksort  Memory: 568kB
                                 ->  Hash Join  (cost=67798.20..636358.26 rows=5930 width=46) (actual time=595.439..2213.015 rows=4768 loops=5)
                                       Hash Cond: (supplier.s_nationkey = n2.n_nationkey)
                                       ->  Hash Join  (cost=67796.64..636245.51 rows=5930 width=20) (actual time=595.385..2206.195 rows=4768 loops=5)
                                             Hash Cond: (orders.o_custkey = customer.c_custkey)
                                             ->  Nested Loop  (cost=4472.00..572750.39 rows=29650 width=24) (actual time=54.226..1656.903 rows=23719 loops=5)
                                                   ->  Hash Join  (cost=4471.57..231354.19 rows=99392 width=20) (actual time=54.082..763.632 rows=77904 loops=5)
                                                         Hash Cond: (lineitem.l_suppkey = supplier.s_suppkey)
                                                         ->  Nested Loop  (cost=0.56..225514.36 rows=99974 width=20) (actual time=0.093..681.106 rows=77904 loops=5)
                                                               ->  Parallel Seq Scan on part  (cost=0.00..47231.14 rows=3334 width=4) (actual time=0.041..98.581 rows=2602 loops=5)
                                                                     Filter: ((p_type)::text = 'LARGE POLISHED BRASS'::text)
                                                                     Rows Removed by Filter: 397398
                                                               ->  Index Scan using idx_lineitem_part_supp on lineitem  (cost=0.56..53.13 rows=34 width=24) (actual time=0.020..0.216 rows=30 loops=13011)
                                                                     Index Cond: (l_partkey = part.p_partkey)
                                                         ->  Hash  (cost=3221.00..3221.00 rows=100000 width=8) (actual time=53.883..53.883 rows=100000 loops=5)
                                                               Buckets: 131072  Batches: 1  Memory Usage: 4931kB
                                                               ->  Seq Scan on supplier  (cost=0.00..3221.00 rows=100000 width=8) (actual time=0.018..28.097 rows=100000 loops=5)
                                                   ->  Index Scan using orders_pkey on orders  (cost=0.43..3.42 rows=1 width=12) (actual time=0.011..0.011 rows=0 loops=389521)
                                                         Index Cond: (o_orderkey = lineitem.l_orderkey)
                                                         Filter: ((o_orderdate >= '1995-01-01'::date) AND (o_orderdate <= '1996-12-31'::date))
                                                         Rows Removed by Filter: 1
                                             ->  Hash  (cost=59574.62..59574.62 rows=300001 width=4) (actual time=539.503..539.504 rows=299436 loops=5)
                                                   Buckets: 524288  Batches: 1  Memory Usage: 14624kB
                                                   ->  Hash Join  (cost=2.53..59574.62 rows=300001 width=4) (actual time=0.059..482.178 rows=299436 loops=5)
                                                         Hash Cond: (customer.c_nationkey = n1.n_nationkey)
                                                         ->  Seq Scan on customer  (cost=0.00..50947.06 rows=1500006 width=8) (actual time=0.026..254.763 rows=1500000 loops=5)
                                                         ->  Hash  (cost=2.47..2.47 rows=5 width=4) (actual time=0.023..0.023 rows=5 loops=5)
                                                               Buckets: 1024  Batches: 1  Memory Usage: 9kB
                                                               ->  Hash Join  (cost=1.07..2.47 rows=5 width=4) (actual time=0.018..0.022 rows=5 loops=5)
                                                                     Hash Cond: (n1.n_regionkey = region.r_regionkey)
                                                                     ->  Seq Scan on nation n1  (cost=0.00..1.25 rows=25 width=8) (actual time=0.003..0.005 rows=25 loops=5)
                                                                     ->  Hash  (cost=1.06..1.06 rows=1 width=4) (actual time=0.011..0.011 rows=1 loops=5)
                                                                           Buckets: 1024  Batches: 1  Memory Usage: 9kB
                                                                           ->  Seq Scan on region  (cost=0.00..1.06 rows=1 width=4) (actual time=0.008..0.009 rows=1 loops=5)
                                                                                 Filter: (r_name = 'AMERICA'::bpchar)
                                                                                 Rows Removed by Filter: 4
                                       ->  Hash  (cost=1.25..1.25 rows=25 width=30) (actual time=0.023..0.023 rows=25 loops=5)
                                             Buckets: 1024  Batches: 1  Memory Usage: 10kB
                                             ->  Seq Scan on nation n2  (cost=0.00..1.25 rows=25 width=30) (actual time=0.015..0.018 rows=25 loops=5)
 Planning time: 3.577 ms
 Execution time: 2272.860 ms
(54 rows)

query 9 run 1
SET
SET
SET
                                                                                               QUERY PLAN                                                                                               
--------------------------------------------------------------------------------------------------------------------------------------------------------------------------------------------------------
 Limit  (cost=690840.25..690840.28 rows=1 width=66) (actual time=48110.260..48110.260 rows=1 loops=1)
   ->  Finalize GroupAggregate  (cost=690840.25..690846.03 rows=193 width=66) (actual time=48110.260..48110.260 rows=1 loops=1)
         Group Key: nation.n_name, (date_part('year'::text, (orders.o_orderdate)::timestamp without time zone))
         ->  Sort  (cost=690840.25..690840.73 rows=192 width=66) (actual time=48110.246..48110.247 rows=6 loops=1)
               Sort Key: nation.n_name, (date_part('year'::text, (orders.o_orderdate)::timestamp without time zone)) DESC
               Sort Method: quicksort  Memory: 148kB
               ->  Gather  (cost=690811.97..690832.97 rows=192 width=66) (actual time=47025.913..48157.070 rows=875 loops=1)
                     Workers Planned: 4
                     Workers Launched: 4
                     ->  Partial GroupAggregate  (cost=689811.97..689813.77 rows=48 width=66) (actual time=46970.238..47944.037 rows=175 loops=5)
                           Group Key: nation.n_name, (date_part('year'::text, (orders.o_orderdate)::timestamp without time zone))
                           ->  Sort  (cost=689811.97..689812.09 rows=48 width=57) (actual time=46965.822..47242.565 rows=649638 loops=5)
                                 Sort Key: nation.n_name, (date_part('year'::text, (orders.o_orderdate)::timestamp without time zone)) DESC
                                 Sort Method: external merge  Disk: 48096kB
                                 ->  Hash Join  (cost=3.29..689810.63 rows=48 width=57) (actual time=2.019..46111.021 rows=649638 loops=5)
                                       Hash Cond: (supplier.s_nationkey = nation.n_nationkey)
                                       ->  Nested Loop  (cost=1.73..689808.17 rows=48 width=31) (actual time=1.971..45533.958 rows=649638 loops=5)
                                             ->  Nested Loop  (cost=1.29..689643.40 rows=48 width=31) (actual time=0.800..33560.210 rows=649638 loops=5)
                                                   ->  Nested Loop  (cost=1.00..689485.57 rows=48 width=35) (actual time=0.630..31781.907 rows=649638 loops=5)
                                                         ->  Nested Loop  (cost=0.43..185019.74 rows=141417 width=18) (actual time=0.190..1405.477 rows=86650 loops=5)
                                                               ->  Parallel Seq Scan on part  (cost=0.00..47231.14 rows=35354 width=4) (actual time=0.125..195.566 rows=21662 loops=5)
                                                                     Filter: ((p_name)::text ~~ '%navy%'::text)
                                                                     Rows Removed by Filter: 378338
                                                               ->  Index Scan using idx_partsupp_partkey on partsupp  (cost=0.43..3.72 rows=18 width=14) (actual time=0.051..0.054 rows=4 loops=108312)
                                                                     Index Cond: (ps_partkey = part.p_partkey)
                                                         ->  Index Scan using idx_lineitem_part_supp on lineitem  (cost=0.56..3.56 rows=1 width=29) (actual time=0.056..0.348 rows=7 loops=433248)
                                                               Index Cond: ((l_partkey = partsupp.ps_partkey) AND (l_suppkey = partsupp.ps_suppkey))
                                                   ->  Index Scan using supplier_pkey on supplier  (cost=0.29..3.28 rows=1 width=8) (actual time=0.002..0.002 rows=1 loops=3248192)
                                                         Index Cond: (s_suppkey = lineitem.l_suppkey)
                                             ->  Index Scan using orders_pkey on orders  (cost=0.43..3.42 rows=1 width=8) (actual time=0.018..0.018 rows=1 loops=3248192)
                                                   Index Cond: (o_orderkey = lineitem.l_orderkey)
                                       ->  Hash  (cost=1.25..1.25 rows=25 width=30) (actual time=0.018..0.018 rows=25 loops=5)
                                             Buckets: 1024  Batches: 1  Memory Usage: 10kB
                                             ->  Seq Scan on nation  (cost=0.00..1.25 rows=25 width=30) (actual time=0.010..0.013 rows=25 loops=5)
 Planning time: 30.097 ms
 Execution time: 48164.621 ms
(36 rows)

SET
SET
SET
                                                                                               QUERY PLAN                                                                                               
--------------------------------------------------------------------------------------------------------------------------------------------------------------------------------------------------------
 Limit  (cost=690840.25..690840.28 rows=1 width=66) (actual time=23007.492..23007.493 rows=1 loops=1)
   ->  Finalize GroupAggregate  (cost=690840.25..690846.03 rows=193 width=66) (actual time=23007.490..23007.490 rows=1 loops=1)
         Group Key: nation.n_name, (date_part('year'::text, (orders.o_orderdate)::timestamp without time zone))
         ->  Sort  (cost=690840.25..690840.73 rows=192 width=66) (actual time=23007.474..23007.475 rows=6 loops=1)
               Sort Key: nation.n_name, (date_part('year'::text, (orders.o_orderdate)::timestamp without time zone)) DESC
               Sort Method: quicksort  Memory: 148kB
               ->  Gather  (cost=690811.97..690832.97 rows=192 width=66) (actual time=21940.616..23055.380 rows=875 loops=1)
                     Workers Planned: 4
                     Workers Launched: 4
                     ->  Partial GroupAggregate  (cost=689811.97..689813.77 rows=48 width=66) (actual time=21963.912..22936.762 rows=175 loops=5)
                           Group Key: nation.n_name, (date_part('year'::text, (orders.o_orderdate)::timestamp without time zone))
                           ->  Sort  (cost=689811.97..689812.09 rows=48 width=57) (actual time=21960.329..22239.927 rows=649638 loops=5)
                                 Sort Key: nation.n_name, (date_part('year'::text, (orders.o_orderdate)::timestamp without time zone)) DESC
                                 Sort Method: external merge  Disk: 48112kB
                                 ->  Hash Join  (cost=3.29..689810.63 rows=48 width=57) (actual time=2.409..21132.085 rows=649638 loops=5)
                                       Hash Cond: (supplier.s_nationkey = nation.n_nationkey)
                                       ->  Nested Loop  (cost=1.73..689808.17 rows=48 width=31) (actual time=2.243..20643.830 rows=649638 loops=5)
                                             ->  Nested Loop  (cost=1.29..689643.40 rows=48 width=31) (actual time=2.213..14155.578 rows=649638 loops=5)
                                                   ->  Nested Loop  (cost=1.00..689485.57 rows=48 width=35) (actual time=2.190..12523.342 rows=649638 loops=5)
                                                         ->  Nested Loop  (cost=0.43..185019.74 rows=141417 width=18) (actual time=0.376..1179.910 rows=86650 loops=5)
                                                               ->  Parallel Seq Scan on part  (cost=0.00..47231.14 rows=35354 width=4) (actual time=0.021..200.839 rows=21662 loops=5)
                                                                     Filter: ((p_name)::text ~~ '%navy%'::text)
                                                                     Rows Removed by Filter: 378338
                                                               ->  Index Scan using idx_partsupp_partkey on partsupp  (cost=0.43..3.72 rows=18 width=14) (actual time=0.041..0.043 rows=4 loops=108312)
                                                                     Index Cond: (ps_partkey = part.p_partkey)
                                                         ->  Index Scan using idx_lineitem_part_supp on lineitem  (cost=0.56..3.56 rows=1 width=29) (actual time=0.026..0.129 rows=7 loops=433248)
                                                               Index Cond: ((l_partkey = partsupp.ps_partkey) AND (l_suppkey = partsupp.ps_suppkey))
                                                   ->  Index Scan using supplier_pkey on supplier  (cost=0.29..3.28 rows=1 width=8) (actual time=0.002..0.002 rows=1 loops=3248192)
                                                         Index Cond: (s_suppkey = lineitem.l_suppkey)
                                             ->  Index Scan using orders_pkey on orders  (cost=0.43..3.42 rows=1 width=8) (actual time=0.009..0.010 rows=1 loops=3248192)
                                                   Index Cond: (o_orderkey = lineitem.l_orderkey)
                                       ->  Hash  (cost=1.25..1.25 rows=25 width=30) (actual time=0.131..0.131 rows=25 loops=5)
                                             Buckets: 1024  Batches: 1  Memory Usage: 10kB
                                             ->  Seq Scan on nation  (cost=0.00..1.25 rows=25 width=30) (actual time=0.124..0.127 rows=25 loops=5)
 Planning time: 16.378 ms
 Execution time: 23063.002 ms
(36 rows)

query 10 run 1
SET
SET
SET
                                                                                   QUERY PLAN                                                                                   
--------------------------------------------------------------------------------------------------------------------------------------------------------------------------------
 Limit  (cost=1167289.18..1167289.23 rows=20 width=202) (actual time=25165.752..25165.754 rows=20 loops=1)
   ->  Sort  (cost=1167289.18..1168740.21 rows=580410 width=202) (actual time=25165.752..25165.753 rows=20 loops=1)
         Sort Key: (sum((lineitem.l_extendedprice * ('1'::numeric - lineitem.l_discount)))) DESC
         Sort Method: top-N heapsort  Memory: 30kB
         ->  GroupAggregate  (cost=1135883.41..1151844.68 rows=580410 width=202) (actual time=24046.246..25063.605 rows=381205 loops=1)
               Group Key: customer.c_custkey, nation.n_name
               ->  Sort  (cost=1135883.41..1137334.43 rows=580410 width=182) (actual time=24046.226..24367.786 rows=1145402 loops=1)
                     Sort Key: customer.c_custkey, nation.n_name
                     Sort Method: external merge  Disk: 218224kB
                     ->  Gather  (cost=102926.26..1047160.44 rows=580410 width=182) (actual time=1067.134..23150.540 rows=1145402 loops=1)
                           Workers Planned: 4
                           Workers Launched: 4
                           ->  Hash Join  (cost=101926.26..988119.44 rows=145102 width=182) (actual time=1062.361..23266.238 rows=229080 loops=5)
                                 Hash Cond: (customer.c_nationkey = nation.n_nationkey)
                                 ->  Nested Loop  (cost=101924.70..986122.72 rows=145102 width=160) (actual time=1062.247..23165.975 rows=229080 loops=5)
                                       ->  Hash Join  (cost=101924.13..455011.35 rows=146546 width=152) (actual time=1060.586..2368.934 rows=114632 loops=5)
                                             Hash Cond: (orders.o_custkey = customer.c_custkey)
                                             ->  Parallel Seq Scan on orders  (cost=0.00..317516.03 rows=146546 width=8) (actual time=0.060..903.094 rows=114632 loops=5)
                                                   Filter: ((o_orderdate >= '1994-08-01'::date) AND (o_orderdate < '1994-11-01'::date))
                                                   Rows Removed by Filter: 2885368
                                             ->  Hash  (cost=50947.06..50947.06 rows=1500006 width=148) (actual time=1059.611..1059.611 rows=1500000 loops=5)
                                                   Buckets: 262144  Batches: 16  Memory Usage: 18791kB
                                                   ->  Seq Scan on customer  (cost=0.00..50947.06 rows=1500006 width=148) (actual time=0.024..508.716 rows=1500000 loops=5)
                                       ->  Index Scan using idx_lineitem_orderkey on lineitem  (cost=0.56..3.61 rows=1 width=16) (actual time=0.172..0.181 rows=2 loops=573160)
                                             Index Cond: (l_orderkey = orders.o_orderkey)
                                             Filter: (l_returnflag = 'R'::bpchar)
                                             Rows Removed by Filter: 2
                                 ->  Hash  (cost=1.25..1.25 rows=25 width=30) (actual time=0.025..0.025 rows=25 loops=5)
                                       Buckets: 1024  Batches: 1  Memory Usage: 10kB
                                       ->  Seq Scan on nation  (cost=0.00..1.25 rows=25 width=30) (actual time=0.013..0.017 rows=25 loops=5)
 Planning time: 23.305 ms
 Execution time: 25197.190 ms
(32 rows)

SET
SET
SET
                                                                                   QUERY PLAN                                                                                   
--------------------------------------------------------------------------------------------------------------------------------------------------------------------------------
 Limit  (cost=1167289.18..1167289.23 rows=20 width=202) (actual time=6017.966..6017.970 rows=20 loops=1)
   ->  Sort  (cost=1167289.18..1168740.21 rows=580410 width=202) (actual time=6017.964..6017.965 rows=20 loops=1)
         Sort Key: (sum((lineitem.l_extendedprice * ('1'::numeric - lineitem.l_discount)))) DESC
         Sort Method: top-N heapsort  Memory: 30kB
         ->  GroupAggregate  (cost=1135883.41..1151844.68 rows=580410 width=202) (actual time=4883.944..5915.298 rows=381205 loops=1)
               Group Key: customer.c_custkey, nation.n_name
               ->  Sort  (cost=1135883.41..1137334.43 rows=580410 width=182) (actual time=4883.922..5213.665 rows=1145402 loops=1)
                     Sort Key: customer.c_custkey, nation.n_name
                     Sort Method: external merge  Disk: 218216kB
                     ->  Gather  (cost=102926.26..1047160.44 rows=580410 width=182) (actual time=1021.353..4082.288 rows=1145402 loops=1)
                           Workers Planned: 4
                           Workers Launched: 4
                           ->  Hash Join  (cost=101926.26..988119.44 rows=145102 width=182) (actual time=1021.735..3981.161 rows=229080 loops=5)
                                 Hash Cond: (customer.c_nationkey = nation.n_nationkey)
                                 ->  Nested Loop  (cost=101924.70..986122.72 rows=145102 width=160) (actual time=1021.611..3918.429 rows=229080 loops=5)
                                       ->  Hash Join  (cost=101924.13..455011.35 rows=146546 width=152) (actual time=1021.472..1985.925 rows=114632 loops=5)
                                             Hash Cond: (orders.o_custkey = customer.c_custkey)
                                             ->  Parallel Seq Scan on orders  (cost=0.00..317516.03 rows=146546 width=8) (actual time=0.029..564.997 rows=114632 loops=5)
                                                   Filter: ((o_orderdate >= '1994-08-01'::date) AND (o_orderdate < '1994-11-01'::date))
                                                   Rows Removed by Filter: 2885368
                                             ->  Hash  (cost=50947.06..50947.06 rows=1500006 width=148) (actual time=1019.072..1019.072 rows=1500000 loops=5)
                                                   Buckets: 262144  Batches: 16  Memory Usage: 18791kB
                                                   ->  Seq Scan on customer  (cost=0.00..50947.06 rows=1500006 width=148) (actual time=0.014..424.175 rows=1500000 loops=5)
                                       ->  Index Scan using idx_lineitem_orderkey on lineitem  (cost=0.56..3.61 rows=1 width=16) (actual time=0.015..0.016 rows=2 loops=573160)
                                             Index Cond: (l_orderkey = orders.o_orderkey)
                                             Filter: (l_returnflag = 'R'::bpchar)
                                             Rows Removed by Filter: 2
                                 ->  Hash  (cost=1.25..1.25 rows=25 width=30) (actual time=0.027..0.027 rows=25 loops=5)
                                       Buckets: 1024  Batches: 1  Memory Usage: 10kB
                                       ->  Seq Scan on nation  (cost=0.00..1.25 rows=25 width=30) (actual time=0.016..0.019 rows=25 loops=5)
 Planning time: 2.084 ms
 Execution time: 6051.757 ms
(32 rows)

query 11 run 1
SET
SET
SET
                                                                                      QUERY PLAN                                                                                       
---------------------------------------------------------------------------------------------------------------------------------------------------------------------------------------
 Limit  (cost=488228.87..488228.87 rows=1 width=36) (actual time=2100.839..2100.839 rows=0 loops=1)
   InitPlan 1 (returns $1)
     ->  Finalize Aggregate  (cost=207444.38..207444.39 rows=1 width=32) (actual time=479.459..479.460 rows=1 loops=1)
           ->  Gather  (cost=207443.95..207444.36 rows=4 width=32) (actual time=478.138..479.537 rows=5 loops=1)
                 Workers Planned: 4
                 Workers Launched: 4
                 ->  Partial Aggregate  (cost=206443.95..206443.96 rows=1 width=32) (actual time=474.289..474.289 rows=1 loops=5)
                       ->  Hash Join  (cost=2323.46..205844.89 rows=79874 width=10) (actual time=4.479..439.774 rows=64160 loops=5)
                             Hash Cond: (partsupp_1.ps_suppkey = supplier_1.s_suppkey)
                             ->  Parallel Seq Scan on partsupp partsupp_1  (cost=0.00..195222.51 rows=2000051 width=14) (actual time=0.027..247.194 rows=1600000 loops=5)
                             ->  Hash  (cost=2273.46..2273.46 rows=4000 width=4) (actual time=4.382..4.382 rows=4010 loops=5)
                                   Buckets: 4096  Batches: 1  Memory Usage: 173kB
                                   ->  Nested Loop  (cost=49.29..2273.46 rows=4000 width=4) (actual time=0.562..3.968 rows=4010 loops=5)
                                         ->  Seq Scan on nation nation_1  (cost=0.00..1.31 rows=1 width=4) (actual time=0.013..0.015 rows=1 loops=5)
                                               Filter: (n_name = 'SAUDI ARABIA'::bpchar)
                                               Rows Removed by Filter: 24
                                         ->  Bitmap Heap Scan on supplier supplier_1  (cost=49.29..2232.15 rows=4000 width=8) (actual time=0.546..3.463 rows=4010 loops=5)
                                               Recheck Cond: (s_nationkey = nation_1.n_nationkey)
                                               Heap Blocks: exact=1869
                                               ->  Bitmap Index Scan on idx_supplier_nation_key  (cost=0.00..48.29 rows=4000 width=0) (actual time=0.353..0.353 rows=4010 loops=5)
                                                     Index Cond: (s_nationkey = nation_1.n_nationkey)
   ->  Sort  (cost=280784.47..281583.21 rows=319494 width=36) (actual time=2100.838..2100.838 rows=0 loops=1)
         Sort Key: (sum((partsupp.ps_supplycost * (partsupp.ps_availqty)::numeric))) DESC
         Sort Method: quicksort  Memory: 25kB
         ->  GroupAggregate  (cost=268004.71..279187.00 rows=319494 width=36) (actual time=2100.829..2100.829 rows=0 loops=1)
               Group Key: partsupp.ps_partkey
               Filter: (sum((partsupp.ps_supplycost * (partsupp.ps_availqty)::numeric)) > $1)
               Rows Removed by Filter: 301833
               ->  Sort  (cost=268004.71..268803.45 rows=319494 width=14) (actual time=1419.874..1439.340 rows=320800 loops=1)
                     Sort Key: partsupp.ps_partkey
                     Sort Method: quicksort  Memory: 25961kB
                     ->  Gather  (cost=3323.46..238794.29 rows=319494 width=14) (actual time=32.275..1346.678 rows=320800 loops=1)
                           Workers Planned: 4
                           Workers Launched: 4
                           ->  Hash Join  (cost=2323.46..205844.89 rows=79874 width=14) (actual time=25.073..1341.985 rows=64160 loops=5)
                                 Hash Cond: (partsupp.ps_suppkey = supplier.s_suppkey)
                                 ->  Parallel Seq Scan on partsupp  (cost=0.00..195222.51 rows=2000051 width=18) (actual time=0.108..1123.686 rows=1600000 loops=5)
                                 ->  Hash  (cost=2273.46..2273.46 rows=4000 width=4) (actual time=24.880..24.880 rows=4010 loops=5)
                                       Buckets: 4096  Batches: 1  Memory Usage: 173kB
                                       ->  Nested Loop  (cost=49.29..2273.46 rows=4000 width=4) (actual time=1.044..24.080 rows=4010 loops=5)
                                             ->  Seq Scan on nation  (cost=0.00..1.31 rows=1 width=4) (actual time=0.015..0.018 rows=1 loops=5)
                                                   Filter: (n_name = 'SAUDI ARABIA'::bpchar)
                                                   Rows Removed by Filter: 24
                                             ->  Bitmap Heap Scan on supplier  (cost=49.29..2232.15 rows=4000 width=8) (actual time=1.026..23.367 rows=4010 loops=5)
                                                   Recheck Cond: (s_nationkey = nation.n_nationkey)
                                                   Heap Blocks: exact=1869
                                                   ->  Bitmap Index Scan on idx_supplier_nation_key  (cost=0.00..48.29 rows=4000 width=0) (actual time=0.823..0.823 rows=4010 loops=5)
                                                         Index Cond: (s_nationkey = nation.n_nationkey)
 Planning time: 15.016 ms
 Execution time: 2101.067 ms
(50 rows)

SET
SET
SET
                                                                                      QUERY PLAN                                                                                       
---------------------------------------------------------------------------------------------------------------------------------------------------------------------------------------
 Limit  (cost=488228.87..488228.87 rows=1 width=36) (actual time=1195.883..1195.883 rows=0 loops=1)
   InitPlan 1 (returns $1)
     ->  Finalize Aggregate  (cost=207444.38..207444.39 rows=1 width=32) (actual time=479.376..479.376 rows=1 loops=1)
           ->  Gather  (cost=207443.95..207444.36 rows=4 width=32) (actual time=478.213..479.461 rows=5 loops=1)
                 Workers Planned: 4
                 Workers Launched: 4
                 ->  Partial Aggregate  (cost=206443.95..206443.96 rows=1 width=32) (actual time=474.545..474.545 rows=1 loops=5)
                       ->  Hash Join  (cost=2323.46..205844.89 rows=79874 width=10) (actual time=5.073..438.470 rows=64160 loops=5)
                             Hash Cond: (partsupp_1.ps_suppkey = supplier_1.s_suppkey)
                             ->  Parallel Seq Scan on partsupp partsupp_1  (cost=0.00..195222.51 rows=2000051 width=14) (actual time=0.030..227.963 rows=1600000 loops=5)
                             ->  Hash  (cost=2273.46..2273.46 rows=4000 width=4) (actual time=4.983..4.983 rows=4010 loops=5)
                                   Buckets: 4096  Batches: 1  Memory Usage: 173kB
                                   ->  Nested Loop  (cost=49.29..2273.46 rows=4000 width=4) (actual time=1.348..4.566 rows=4010 loops=5)
                                         ->  Seq Scan on nation nation_1  (cost=0.00..1.31 rows=1 width=4) (actual time=0.013..0.015 rows=1 loops=5)
                                               Filter: (n_name = 'SAUDI ARABIA'::bpchar)
                                               Rows Removed by Filter: 24
                                         ->  Bitmap Heap Scan on supplier supplier_1  (cost=49.29..2232.15 rows=4000 width=8) (actual time=1.332..3.578 rows=4010 loops=5)
                                               Recheck Cond: (s_nationkey = nation_1.n_nationkey)
                                               Heap Blocks: exact=1869
                                               ->  Bitmap Index Scan on idx_supplier_nation_key  (cost=0.00..48.29 rows=4000 width=0) (actual time=1.140..1.140 rows=4010 loops=5)
                                                     Index Cond: (s_nationkey = nation_1.n_nationkey)
   ->  Sort  (cost=280784.47..281583.21 rows=319494 width=36) (actual time=1195.882..1195.882 rows=0 loops=1)
         Sort Key: (sum((partsupp.ps_supplycost * (partsupp.ps_availqty)::numeric))) DESC
         Sort Method: quicksort  Memory: 25kB
         ->  GroupAggregate  (cost=268004.71..279187.00 rows=319494 width=36) (actual time=1195.874..1195.874 rows=0 loops=1)
               Group Key: partsupp.ps_partkey
               Filter: (sum((partsupp.ps_supplycost * (partsupp.ps_availqty)::numeric)) > $1)
               Rows Removed by Filter: 301833
               ->  Sort  (cost=268004.71..268803.45 rows=319494 width=14) (actual time=516.210..535.640 rows=320800 loops=1)
                     Sort Key: partsupp.ps_partkey
                     Sort Method: quicksort  Memory: 25961kB
                     ->  Gather  (cost=3323.46..238794.29 rows=319494 width=14) (actual time=4.622..442.864 rows=320800 loops=1)
                           Workers Planned: 4
                           Workers Launched: 4
                           ->  Hash Join  (cost=2323.46..205844.89 rows=79874 width=14) (actual time=5.431..440.435 rows=64160 loops=5)
                                 Hash Cond: (partsupp.ps_suppkey = supplier.s_suppkey)
                                 ->  Parallel Seq Scan on partsupp  (cost=0.00..195222.51 rows=2000051 width=18) (actual time=0.029..230.485 rows=1600000 loops=5)
                                 ->  Hash  (cost=2273.46..2273.46 rows=4000 width=4) (actual time=5.329..5.329 rows=4010 loops=5)
                                       Buckets: 4096  Batches: 1  Memory Usage: 173kB
                                       ->  Nested Loop  (cost=49.29..2273.46 rows=4000 width=4) (actual time=0.537..4.903 rows=4010 loops=5)
                                             ->  Seq Scan on nation  (cost=0.00..1.31 rows=1 width=4) (actual time=0.012..0.014 rows=1 loops=5)
                                                   Filter: (n_name = 'SAUDI ARABIA'::bpchar)
                                                   Rows Removed by Filter: 24
                                             ->  Bitmap Heap Scan on supplier  (cost=49.29..2232.15 rows=4000 width=8) (actual time=0.522..4.419 rows=4010 loops=5)
                                                   Recheck Cond: (s_nationkey = nation.n_nationkey)
                                                   Heap Blocks: exact=1869
                                                   ->  Bitmap Index Scan on idx_supplier_nation_key  (cost=0.00..48.29 rows=4000 width=0) (actual time=0.331..0.331 rows=4010 loops=5)
                                                         Index Cond: (s_nationkey = nation.n_nationkey)
 Planning time: 0.873 ms
 Execution time: 1196.099 ms
(50 rows)

query 12 run 1
SET
SET
SET
                                                                                                                          QUERY PLAN                                                                                                                           
---------------------------------------------------------------------------------------------------------------------------------------------------------------------------------------------------------------------------------------------------------------
 Limit  (cost=1718056.45..1718056.50 rows=1 width=27) (actual time=11851.855..11851.855 rows=1 loops=1)
   ->  Finalize GroupAggregate  (cost=1718056.45..1718056.80 rows=7 width=27) (actual time=11851.855..11851.855 rows=1 loops=1)
         Group Key: lineitem.l_shipmode
         ->  Sort  (cost=1718056.45..1718056.52 rows=28 width=27) (actual time=11851.849..11851.849 rows=6 loops=1)
               Sort Key: lineitem.l_shipmode
               Sort Method: quicksort  Memory: 25kB
               ->  Gather  (cost=1716610.47..1718055.78 rows=28 width=27) (actual time=11823.945..11875.296 rows=10 loops=1)
                     Workers Planned: 4
                     Workers Launched: 4
                     ->  Partial GroupAggregate  (cost=1715610.47..1717052.98 rows=7 width=27) (actual time=11823.020..11836.233 rows=2 loops=5)
                           Group Key: lineitem.l_shipmode
                           ->  Sort  (cost=1715610.47..1715790.77 rows=72122 width=27) (actual time=11805.388..11811.736 rows=62252 loops=5)
                                 Sort Key: lineitem.l_shipmode
                                 Sort Method: quicksort  Memory: 6437kB
                                 ->  Nested Loop  (cost=0.43..1709790.89 rows=72122 width=27) (actual time=0.596..11762.388 rows=62252 loops=5)
                                       ->  Parallel Seq Scan on lineitem  (cost=0.00..1462546.45 rows=72122 width=15) (actual time=0.224..8017.460 rows=62252 loops=5)
                                             Filter: ((l_shipmode = ANY ('{SHIP,"REG AIR"}'::bpchar[])) AND (l_commitdate < l_receiptdate) AND (l_shipdate < l_commitdate) AND (l_receiptdate >= '1994-01-01'::date) AND (l_receiptdate < '1995-01-01'::date))
                                             Rows Removed by Filter: 11934959
                                       ->  Index Scan using orders_pkey on orders  (cost=0.43..3.42 rows=1 width=20) (actual time=0.059..0.059 rows=1 loops=311258)
                                             Index Cond: (o_orderkey = lineitem.l_orderkey)
 Planning time: 16.943 ms
 Execution time: 11875.471 ms
(22 rows)

SET
SET
SET
                                                                                                                          QUERY PLAN                                                                                                                           
---------------------------------------------------------------------------------------------------------------------------------------------------------------------------------------------------------------------------------------------------------------
 Limit  (cost=1718056.45..1718056.50 rows=1 width=27) (actual time=4322.395..4322.396 rows=1 loops=1)
   ->  Finalize GroupAggregate  (cost=1718056.45..1718056.80 rows=7 width=27) (actual time=4322.394..4322.394 rows=1 loops=1)
         Group Key: lineitem.l_shipmode
         ->  Sort  (cost=1718056.45..1718056.52 rows=28 width=27) (actual time=4322.390..4322.390 rows=6 loops=1)
               Sort Key: lineitem.l_shipmode
               Sort Method: quicksort  Memory: 25kB
               ->  Gather  (cost=1716610.47..1718055.78 rows=28 width=27) (actual time=4300.447..4339.438 rows=10 loops=1)
                     Workers Planned: 4
                     Workers Launched: 4
                     ->  Partial GroupAggregate  (cost=1715610.47..1717052.98 rows=7 width=27) (actual time=4284.619..4301.903 rows=2 loops=5)
                           Group Key: lineitem.l_shipmode
                           ->  Sort  (cost=1715610.47..1715790.77 rows=72122 width=27) (actual time=4266.767..4271.763 rows=62252 loops=5)
                                 Sort Key: lineitem.l_shipmode
                                 Sort Method: quicksort  Memory: 6400kB
                                 ->  Nested Loop  (cost=0.43..1709790.89 rows=72122 width=27) (actual time=0.223..4237.942 rows=62252 loops=5)
                                       ->  Parallel Seq Scan on lineitem  (cost=0.00..1462546.45 rows=72122 width=15) (actual time=0.204..3912.845 rows=62252 loops=5)
                                             Filter: ((l_shipmode = ANY ('{SHIP,"REG AIR"}'::bpchar[])) AND (l_commitdate < l_receiptdate) AND (l_shipdate < l_commitdate) AND (l_receiptdate >= '1994-01-01'::date) AND (l_receiptdate < '1995-01-01'::date))
                                             Rows Removed by Filter: 11934959
                                       ->  Index Scan using orders_pkey on orders  (cost=0.43..3.42 rows=1 width=20) (actual time=0.004..0.005 rows=1 loops=311258)
                                             Index Cond: (o_orderkey = lineitem.l_orderkey)
 Planning time: 0.784 ms
 Execution time: 4339.619 ms
(22 rows)

query 13 run 1
SET
SET
SET
                                                                                 QUERY PLAN                                                                                  
-----------------------------------------------------------------------------------------------------------------------------------------------------------------------------
 Limit  (cost=2775588.34..2775588.34 rows=1 width=16) (actual time=18508.129..18508.129 rows=1 loops=1)
   ->  Sort  (cost=2775588.34..2775588.84 rows=200 width=16) (actual time=18508.128..18508.128 rows=1 loops=1)
         Sort Key: (count(*)) DESC, (count(orders.o_orderkey)) DESC
         Sort Method: top-N heapsort  Memory: 25kB
         ->  HashAggregate  (cost=2775585.34..2775587.34 rows=200 width=16) (actual time=18508.099..18508.104 rows=46 loops=1)
               Group Key: count(orders.o_orderkey)
               ->  GroupAggregate  (cost=2368210.84..2753085.25 rows=1500006 width=12) (actual time=9620.454..18298.128 rows=1500000 loops=1)
                     Group Key: customer.c_custkey
                     ->  Merge Left Join  (cost=2368210.84..2663095.31 rows=14997976 width=8) (actual time=9620.436..16966.701 rows=15337604 loops=1)
                           Merge Cond: (customer.c_custkey = orders.o_custkey)
                           ->  Index Only Scan using customer_pkey on customer  (cost=0.43..28674.52 rows=1500006 width=4) (actual time=0.211..191.588 rows=1500000 loops=1)
                                 Heap Fetches: 0
                           ->  Materialize  (cost=2368208.52..2443198.40 rows=14997976 width=8) (actual time=9620.220..14887.953 rows=14837583 loops=1)
                                 ->  Sort  (cost=2368208.52..2405703.46 rows=14997976 width=8) (actual time=9620.218..13758.507 rows=14837583 loops=1)
                                       Sort Key: orders.o_custkey
                                       Sort Method: external merge  Disk: 260704kB
                                       ->  Seq Scan on orders  (cost=0.00..448761.43 rows=14997976 width=8) (actual time=0.262..5134.431 rows=14837583 loops=1)
                                             Filter: ((o_comment)::text !~~ '%special%requests%'::text)
                                             Rows Removed by Filter: 162417
 Planning time: 12.550 ms
 Execution time: 18544.547 ms
(21 rows)

SET
SET
SET
                                                                                 QUERY PLAN                                                                                  
-----------------------------------------------------------------------------------------------------------------------------------------------------------------------------
 Limit  (cost=2775588.34..2775588.34 rows=1 width=16) (actual time=17914.514..17914.514 rows=1 loops=1)
   ->  Sort  (cost=2775588.34..2775588.84 rows=200 width=16) (actual time=17914.514..17914.514 rows=1 loops=1)
         Sort Key: (count(*)) DESC, (count(orders.o_orderkey)) DESC
         Sort Method: top-N heapsort  Memory: 25kB
         ->  HashAggregate  (cost=2775585.34..2775587.34 rows=200 width=16) (actual time=17914.495..17914.501 rows=46 loops=1)
               Group Key: count(orders.o_orderkey)
               ->  GroupAggregate  (cost=2368210.84..2753085.25 rows=1500006 width=12) (actual time=9111.017..17706.255 rows=1500000 loops=1)
                     Group Key: customer.c_custkey
                     ->  Merge Left Join  (cost=2368210.84..2663095.31 rows=14997976 width=8) (actual time=9111.000..16379.881 rows=15337604 loops=1)
                           Merge Cond: (customer.c_custkey = orders.o_custkey)
                           ->  Index Only Scan using customer_pkey on customer  (cost=0.43..28674.52 rows=1500006 width=4) (actual time=0.016..150.907 rows=1500000 loops=1)
                                 Heap Fetches: 0
                           ->  Materialize  (cost=2368208.52..2443198.40 rows=14997976 width=8) (actual time=9110.979..14337.190 rows=14837583 loops=1)
                                 ->  Sort  (cost=2368208.52..2405703.46 rows=14997976 width=8) (actual time=9110.977..13212.939 rows=14837583 loops=1)
                                       Sort Key: orders.o_custkey
                                       Sort Method: external merge  Disk: 260704kB
                                       ->  Seq Scan on orders  (cost=0.00..448761.43 rows=14997976 width=8) (actual time=0.033..4653.648 rows=14837583 loops=1)
                                             Filter: ((o_comment)::text !~~ '%special%requests%'::text)
                                             Rows Removed by Filter: 162417
 Planning time: 0.559 ms
 Execution time: 17950.657 ms
(21 rows)

query 14 run 1
SET
SET
SET
                                                                            QUERY PLAN                                                                            
------------------------------------------------------------------------------------------------------------------------------------------------------------------
 Limit  (cost=803126.49..803126.51 rows=1 width=32) (actual time=8222.395..8222.395 rows=1 loops=1)
   ->  Aggregate  (cost=803126.49..803126.51 rows=1 width=32) (actual time=8222.394..8222.394 rows=1 loops=1)
         ->  Hash Join  (cost=111416.24..790284.66 rows=733819 width=33) (actual time=1137.683..7707.869 rows=772942 loops=1)
               Hash Cond: (lineitem.l_partkey = part.p_partkey)
               ->  Bitmap Heap Scan on lineitem  (cost=11761.21..658781.34 rows=733819 width=16) (actual time=281.309..6171.347 rows=772942 loops=1)
                     Recheck Cond: ((l_shipdate >= '1994-05-01'::date) AND (l_shipdate < '1994-06-01'::date))
                     Heap Blocks: exact=416569
                     ->  Bitmap Index Scan on idx_lineitem_shipdate  (cost=0.00..11577.76 rows=733819 width=0) (actual time=185.114..185.114 rows=772942 loops=1)
                           Index Cond: ((l_shipdate >= '1994-05-01'::date) AND (l_shipdate < '1994-06-01'::date))
               ->  Hash  (cost=60981.46..60981.46 rows=2000046 width=25) (actual time=855.028..855.028 rows=2000000 loops=1)
                     Buckets: 524288  Batches: 8  Memory Usage: 18555kB
                     ->  Seq Scan on part  (cost=0.00..60981.46 rows=2000046 width=25) (actual time=0.009..544.736 rows=2000000 loops=1)
 Planning time: 16.683 ms
 Execution time: 8222.731 ms
(14 rows)

SET
SET
SET
                                                                            QUERY PLAN                                                                            
------------------------------------------------------------------------------------------------------------------------------------------------------------------
 Limit  (cost=803126.49..803126.51 rows=1 width=32) (actual time=4150.081..4150.082 rows=1 loops=1)
   ->  Aggregate  (cost=803126.49..803126.51 rows=1 width=32) (actual time=4150.079..4150.079 rows=1 loops=1)
         ->  Hash Join  (cost=111416.24..790284.66 rows=733819 width=33) (actual time=972.845..3668.747 rows=772942 loops=1)
               Hash Cond: (lineitem.l_partkey = part.p_partkey)
               ->  Bitmap Heap Scan on lineitem  (cost=11761.21..658781.34 rows=733819 width=16) (actual time=272.310..2369.704 rows=772942 loops=1)
                     Recheck Cond: ((l_shipdate >= '1994-05-01'::date) AND (l_shipdate < '1994-06-01'::date))
                     Heap Blocks: exact=416569
                     ->  Bitmap Index Scan on idx_lineitem_shipdate  (cost=0.00..11577.76 rows=733819 width=0) (actual time=176.325..176.325 rows=772942 loops=1)
                           Index Cond: ((l_shipdate >= '1994-05-01'::date) AND (l_shipdate < '1994-06-01'::date))
               ->  Hash  (cost=60981.46..60981.46 rows=2000046 width=25) (actual time=699.782..699.782 rows=2000000 loops=1)
                     Buckets: 524288  Batches: 8  Memory Usage: 18555kB
                     ->  Seq Scan on part  (cost=0.00..60981.46 rows=2000046 width=25) (actual time=0.009..396.761 rows=2000000 loops=1)
 Planning time: 0.993 ms
 Execution time: 4150.196 ms
(14 rows)

query 15 run 1
SET
SET
SET
CREATE VIEW
                                                                                QUERY PLAN                                                                                
--------------------------------------------------------------------------------------------------------------------------------------------------------------------------
 Limit  (cost=2687716.52..2687717.06 rows=1 width=104) (actual time=23411.608..23411.609 rows=1 loops=1)
   InitPlan 1 (returns $0)
     ->  Aggregate  (cost=1222205.97..1222205.98 rows=1 width=32) (actual time=8227.695..8227.697 rows=1 loops=1)
           ->  HashAggregate  (cost=1219691.35..1220948.66 rows=100585 width=36) (actual time=8187.923..8220.994 rows=100000 loops=1)
                 Group Key: lineitem_1.l_suppkey
                 ->  Bitmap Heap Scan on lineitem lineitem_1  (cost=36934.67..1196645.88 rows=2304547 width=16) (actual time=540.173..6279.524 rows=2265714 loops=1)
                       Recheck Cond: ((l_shipdate >= '1996-01-01'::date) AND (l_shipdate < '1996-04-01'::date))
                       Rows Removed by Index Recheck: 21153354
                       Heap Blocks: exact=243444 lossy=424814
                       ->  Bitmap Index Scan on idx_lineitem_shipdate  (cost=0.00..36358.54 rows=2304547 width=0) (actual time=486.378..486.378 rows=2265714 loops=1)
                             Index Cond: ((l_shipdate >= '1996-01-01'::date) AND (l_shipdate < '1996-04-01'::date))
   ->  Merge Join  (cost=1465510.54..1519784.58 rows=100585 width=104) (actual time=23411.606..23411.606 rows=1 loops=1)
         Merge Cond: (lineitem.l_suppkey = supplier.s_suppkey)
         ->  GroupAggregate  (cost=1465510.25..1513109.97 rows=100585 width=36) (actual time=23390.096..23390.096 rows=1 loops=1)
               Group Key: lineitem.l_suppkey
               Filter: (sum((lineitem.l_extendedprice * ('1'::numeric - lineitem.l_discount))) = $0)
               Rows Removed by Filter: 69997
               ->  Sort  (cost=1465510.25..1471271.62 rows=2304547 width=16) (actual time=14154.950..14466.054 rows=1585450 loops=1)
                     Sort Key: lineitem.l_suppkey
                     Sort Method: external merge  Disk: 60808kB
                     ->  Bitmap Heap Scan on lineitem  (cost=36934.67..1196645.88 rows=2304547 width=16) (actual time=610.687..13188.335 rows=2265714 loops=1)
                           Recheck Cond: ((l_shipdate >= '1996-01-01'::date) AND (l_shipdate < '1996-04-01'::date))
                           Rows Removed by Index Recheck: 21153354
                           Heap Blocks: exact=243444 lossy=424814
                           ->  Bitmap Index Scan on idx_lineitem_shipdate  (cost=0.00..36358.54 rows=2304547 width=0) (actual time=556.386..556.386 rows=2265714 loops=1)
                                 Index Cond: ((l_shipdate >= '1996-01-01'::date) AND (l_shipdate < '1996-04-01'::date))
         ->  Index Scan using supplier_pkey on supplier  (cost=0.29..4135.79 rows=100000 width=72) (actual time=0.357..17.646 rows=69998 loops=1)
 Planning time: 12.046 ms
 Execution time: 23420.583 ms
(29 rows)

DROP VIEW
SET
SET
SET
CREATE VIEW
                                                                                QUERY PLAN                                                                                
--------------------------------------------------------------------------------------------------------------------------------------------------------------------------
 Limit  (cost=2687716.52..2687717.06 rows=1 width=104) (actual time=16846.200..16846.200 rows=1 loops=1)
   InitPlan 1 (returns $0)
     ->  Aggregate  (cost=1222205.97..1222205.98 rows=1 width=32) (actual time=8241.445..8241.445 rows=1 loops=1)
           ->  HashAggregate  (cost=1219691.35..1220948.66 rows=100585 width=36) (actual time=8201.425..8234.810 rows=100000 loops=1)
                 Group Key: lineitem_1.l_suppkey
                 ->  Bitmap Heap Scan on lineitem lineitem_1  (cost=36934.67..1196645.88 rows=2304547 width=16) (actual time=541.244..6298.317 rows=2265714 loops=1)
                       Recheck Cond: ((l_shipdate >= '1996-01-01'::date) AND (l_shipdate < '1996-04-01'::date))
                       Rows Removed by Index Recheck: 21153354
                       Heap Blocks: exact=243444 lossy=424814
                       ->  Bitmap Index Scan on idx_lineitem_shipdate  (cost=0.00..36358.54 rows=2304547 width=0) (actual time=487.269..487.269 rows=2265714 loops=1)
                             Index Cond: ((l_shipdate >= '1996-01-01'::date) AND (l_shipdate < '1996-04-01'::date))
   ->  Merge Join  (cost=1465510.54..1519784.58 rows=100585 width=104) (actual time=16846.199..16846.199 rows=1 loops=1)
         Merge Cond: (lineitem.l_suppkey = supplier.s_suppkey)
         ->  GroupAggregate  (cost=1465510.25..1513109.97 rows=100585 width=36) (actual time=16831.784..16831.784 rows=1 loops=1)
               Group Key: lineitem.l_suppkey
               Filter: (sum((lineitem.l_extendedprice * ('1'::numeric - lineitem.l_discount))) = $0)
               Rows Removed by Filter: 69997
               ->  Sort  (cost=1465510.25..1471271.62 rows=2304547 width=16) (actual time=7594.537..7902.095 rows=1585450 loops=1)
                     Sort Key: lineitem.l_suppkey
                     Sort Method: external merge  Disk: 60808kB
                     ->  Bitmap Heap Scan on lineitem  (cost=36934.67..1196645.88 rows=2304547 width=16) (actual time=568.844..6809.041 rows=2265714 loops=1)
                           Recheck Cond: ((l_shipdate >= '1996-01-01'::date) AND (l_shipdate < '1996-04-01'::date))
                           Rows Removed by Index Recheck: 21153354
                           Heap Blocks: exact=243444 lossy=424814
                           ->  Bitmap Index Scan on idx_lineitem_shipdate  (cost=0.00..36358.54 rows=2304547 width=0) (actual time=515.456..515.456 rows=2265714 loops=1)
                                 Index Cond: ((l_shipdate >= '1996-01-01'::date) AND (l_shipdate < '1996-04-01'::date))
         ->  Index Scan using supplier_pkey on supplier  (cost=0.29..4135.79 rows=100000 width=72) (actual time=0.030..10.679 rows=69998 loops=1)
 Planning time: 0.924 ms
 Execution time: 16855.522 ms
(29 rows)

DROP VIEW
query 16 run 1
SET
SET
SET
                                                                                            QUERY PLAN                                                                                            
--------------------------------------------------------------------------------------------------------------------------------------------------------------------------------------------------
 Limit  (cost=359337.60..359337.60 rows=1 width=44) (actual time=6284.723..6284.723 rows=1 loops=1)
   ->  Sort  (cost=359337.60..359717.92 rows=152127 width=44) (actual time=6284.723..6284.723 rows=1 loops=1)
         Sort Key: (count(DISTINCT partsupp.ps_suppkey)) DESC, part.p_brand, part.p_type, part.p_size
         Sort Method: top-N heapsort  Memory: 25kB
         ->  GroupAggregate  (cost=349818.28..358576.96 rows=152127 width=44) (actual time=5345.845..6279.836 rows=27838 loops=1)
               Group Key: part.p_brand, part.p_type, part.p_size
               ->  Sort  (cost=349818.28..351265.76 rows=578993 width=40) (actual time=5345.784..5977.166 rows=1186319 loops=1)
                     Sort Key: part.p_brand, part.p_type, part.p_size
                     Sort Method: external merge  Disk: 60496kB
                     ->  Hash Join  (cost=90521.04..284220.43 rows=578993 width=40) (actual time=412.555..2578.004 rows=1186319 loops=1)
                           Hash Cond: (partsupp.ps_partkey = part.p_partkey)
                           ->  Index Only Scan using partsupp_pkey on partsupp  (cost=3471.46..176380.53 rows=4000102 width=8) (actual time=39.233..1409.042 rows=7995520 loops=1)
                                 Filter: (NOT (hashed SubPlan 1))
                                 Rows Removed by Filter: 4480
                                 Heap Fetches: 0
                                 SubPlan 1
                                   ->  Seq Scan on supplier  (cost=0.00..3471.00 rows=10 width=4) (actual time=1.296..38.544 rows=56 loops=1)
                                         Filter: ((s_comment)::text ~~ '%Customer%Complaints%'::text)
                                         Rows Removed by Filter: 99944
                           ->  Hash  (cost=83430.89..83430.89 rows=289496 width=40) (actual time=372.721..372.721 rows=296733 loops=1)
                                 Buckets: 524288  Batches: 1  Memory Usage: 25593kB
                                 ->  Gather  (cost=1000.00..83430.89 rows=289496 width=40) (actual time=0.267..308.304 rows=296733 loops=1)
                                       Workers Planned: 4
                                       Workers Launched: 4
                                       ->  Parallel Seq Scan on part  (cost=0.00..53481.29 rows=72374 width=40) (actual time=0.025..320.378 rows=59347 loops=5)
                                             Filter: ((p_brand <> 'Brand#12'::bpchar) AND ((p_type)::text !~~ 'SMALL BRUSHED%'::text) AND (p_size = ANY ('{12,32,36,26,40,34,49,9}'::integer[])))
                                             Rows Removed by Filter: 340653
 Planning time: 15.697 ms
 Execution time: 6292.587 ms
(29 rows)

SET
SET
SET
                                                                                            QUERY PLAN                                                                                            
--------------------------------------------------------------------------------------------------------------------------------------------------------------------------------------------------
 Limit  (cost=359337.60..359337.60 rows=1 width=44) (actual time=5899.936..5899.936 rows=1 loops=1)
   ->  Sort  (cost=359337.60..359717.92 rows=152127 width=44) (actual time=5899.934..5899.934 rows=1 loops=1)
         Sort Key: (count(DISTINCT partsupp.ps_suppkey)) DESC, part.p_brand, part.p_type, part.p_size
         Sort Method: top-N heapsort  Memory: 25kB
         ->  GroupAggregate  (cost=349818.28..358576.96 rows=152127 width=44) (actual time=4957.123..5894.893 rows=27838 loops=1)
               Group Key: part.p_brand, part.p_type, part.p_size
               ->  Sort  (cost=349818.28..351265.76 rows=578993 width=40) (actual time=4957.060..5588.298 rows=1186319 loops=1)
                     Sort Key: part.p_brand, part.p_type, part.p_size
                     Sort Method: external merge  Disk: 60496kB
                     ->  Hash Join  (cost=90521.04..284220.43 rows=578993 width=40) (actual time=247.317..2225.502 rows=1186319 loops=1)
                           Hash Cond: (partsupp.ps_partkey = part.p_partkey)
                           ->  Index Only Scan using partsupp_pkey on partsupp  (cost=3471.46..176380.53 rows=4000102 width=8) (actual time=21.654..1222.099 rows=7995520 loops=1)
                                 Filter: (NOT (hashed SubPlan 1))
                                 Rows Removed by Filter: 4480
                                 Heap Fetches: 0
                                 SubPlan 1
                                   ->  Seq Scan on supplier  (cost=0.00..3471.00 rows=10 width=4) (actual time=0.097..21.598 rows=56 loops=1)
                                         Filter: ((s_comment)::text ~~ '%Customer%Complaints%'::text)
                                         Rows Removed by Filter: 99944
                           ->  Hash  (cost=83430.89..83430.89 rows=289496 width=40) (actual time=225.049..225.049 rows=296733 loops=1)
                                 Buckets: 524288  Batches: 1  Memory Usage: 25593kB
                                 ->  Gather  (cost=1000.00..83430.89 rows=289496 width=40) (actual time=0.346..163.165 rows=296733 loops=1)
                                       Workers Planned: 4
                                       Workers Launched: 4
                                       ->  Parallel Seq Scan on part  (cost=0.00..53481.29 rows=72374 width=40) (actual time=0.015..167.748 rows=59347 loops=5)
                                             Filter: ((p_brand <> 'Brand#12'::bpchar) AND ((p_type)::text !~~ 'SMALL BRUSHED%'::text) AND (p_size = ANY ('{12,32,36,26,40,34,49,9}'::integer[])))
                                             Rows Removed by Filter: 340653
 Planning time: 0.714 ms
 Execution time: 5907.869 ms
(29 rows)

query 17 run 1
SET
SET
SET
                                                                                         QUERY PLAN                                                                                          
---------------------------------------------------------------------------------------------------------------------------------------------------------------------------------------------
 Limit  (cost=5185673.04..5185673.06 rows=1 width=32) (actual time=29568.483..29568.483 rows=1 loops=1)
   ->  Aggregate  (cost=5185673.04..5185673.06 rows=1 width=32) (actual time=29568.482..29568.482 rows=1 loops=1)
         ->  Merge Join  (cost=5066700.82..5185628.52 rows=17809 width=8) (actual time=23236.266..29567.549 rows=5319 loops=1)
               Merge Cond: (lineitem_1.l_partkey = part.p_partkey)
               Join Filter: (lineitem.l_quantity < ((0.2 * avg(lineitem_1.l_quantity))))
               Rows Removed by Join Filter: 54632
               ->  Finalize GroupAggregate  (cost=4978998.06..5075108.80 rows=1747468 width=36) (actual time=22554.513..28756.025 rows=1999333 loops=1)
                     Group Key: lineitem_1.l_partkey
                     ->  Sort  (cost=4978998.06..4996472.74 rows=6989872 width=36) (actual time=22554.495..24381.225 rows=9972294 loops=1)
                           Sort Key: lineitem_1.l_partkey
                           Sort Method: external merge  Disk: 516392kB
                           ->  Gather  (cost=3228191.62..4061489.99 rows=6989872 width=36) (actual time=9962.014..19613.770 rows=9975615 loops=1)
                                 Workers Planned: 4
                                 Workers Launched: 4
                                 ->  Partial GroupAggregate  (cost=3227191.62..3361502.79 rows=1747468 width=36) (actual time=9967.095..17795.890 rows=1995123 loops=5)
                                       Group Key: lineitem_1.l_partkey
                                       ->  Sort  (cost=3227191.62..3264680.90 rows=14995709 width=9) (actual time=9967.072..14382.787 rows=11997210 loops=5)
                                             Sort Key: lineitem_1.l_partkey
                                             Sort Method: external merge  Disk: 227952kB
                                             ->  Parallel Seq Scan on lineitem lineitem_1  (cost=0.00..1275100.09 rows=14995709 width=9) (actual time=0.093..5572.901 rows=11997210 loops=5)
               ->  Sort  (cost=87702.76..87855.64 rows=61151 width=21) (actual time=679.756..684.567 rows=59951 loops=1)
                     Sort Key: lineitem.l_partkey
                     Sort Method: quicksort  Memory: 6220kB
                     ->  Gather  (cost=1000.57..82841.23 rows=61151 width=21) (actual time=2.464..664.994 rows=59951 loops=1)
                           Workers Planned: 4
                           Workers Launched: 4
                           ->  Nested Loop  (cost=0.56..75726.13 rows=15288 width=21) (actual time=1.045..657.223 rows=11990 loops=5)
                                 ->  Parallel Seq Scan on part  (cost=0.00..48481.17 rows=510 width=4) (actual time=0.423..172.289 rows=399 loops=5)
                                       Filter: ((p_brand = 'Brand#22'::bpchar) AND (p_container = 'LG BOX'::bpchar))
                                       Rows Removed by Filter: 399601
                                 ->  Index Scan using idx_lineitem_part_supp on lineitem  (cost=0.56..53.08 rows=34 width=17) (actual time=0.813..1.201 rows=30 loops=1996)
                                       Index Cond: (l_partkey = part.p_partkey)
 Planning time: 16.259 ms
 Execution time: 29664.790 ms
(34 rows)

SET
SET
SET
                                                                                         QUERY PLAN                                                                                          
---------------------------------------------------------------------------------------------------------------------------------------------------------------------------------------------
 Limit  (cost=5185673.04..5185673.06 rows=1 width=32) (actual time=26867.559..26867.559 rows=1 loops=1)
   ->  Aggregate  (cost=5185673.04..5185673.06 rows=1 width=32) (actual time=26867.559..26867.559 rows=1 loops=1)
         ->  Merge Join  (cost=5066700.82..5185628.52 rows=17809 width=8) (actual time=20253.485..26866.581 rows=5319 loops=1)
               Merge Cond: (lineitem_1.l_partkey = part.p_partkey)
               Join Filter: (lineitem.l_quantity < ((0.2 * avg(lineitem_1.l_quantity))))
               Rows Removed by Join Filter: 54632
               ->  Finalize GroupAggregate  (cost=4978998.06..5075108.80 rows=1747468 width=36) (actual time=20132.891..26612.645 rows=1999333 loops=1)
                     Group Key: lineitem_1.l_partkey
                     ->  Sort  (cost=4978998.06..4996472.74 rows=6989872 width=36) (actual time=20132.872..21985.236 rows=9971649 loops=1)
                           Sort Key: lineitem_1.l_partkey
                           Sort Method: external merge  Disk: 516352kB
                           ->  Gather  (cost=3228191.62..4061489.99 rows=6989872 width=36) (actual time=7312.570..17206.145 rows=9974974 loops=1)
                                 Workers Planned: 4
                                 Workers Launched: 4
                                 ->  Partial GroupAggregate  (cost=3227191.62..3361502.79 rows=1747468 width=36) (actual time=7337.355..15054.407 rows=1994995 loops=5)
                                       Group Key: lineitem_1.l_partkey
                                       ->  Sort  (cost=3227191.62..3264680.90 rows=14995709 width=9) (actual time=7337.334..11689.588 rows=11997210 loops=5)
                                             Sort Key: lineitem_1.l_partkey
                                             Sort Method: external merge  Disk: 226976kB
                                             ->  Parallel Seq Scan on lineitem lineitem_1  (cost=0.00..1275100.09 rows=14995709 width=9) (actual time=0.038..2385.866 rows=11997210 loops=5)
               ->  Sort  (cost=87702.76..87855.64 rows=61151 width=21) (actual time=118.496..123.171 rows=59951 loops=1)
                     Sort Key: lineitem.l_partkey
                     Sort Method: quicksort  Memory: 6220kB
                     ->  Gather  (cost=1000.57..82841.23 rows=61151 width=21) (actual time=0.425..107.253 rows=59951 loops=1)
                           Workers Planned: 4
                           Workers Launched: 4
                           ->  Nested Loop  (cost=0.56..75726.13 rows=15288 width=21) (actual time=0.157..99.550 rows=11990 loops=5)
                                 ->  Parallel Seq Scan on part  (cost=0.00..48481.17 rows=510 width=4) (actual time=0.138..75.637 rows=399 loops=5)
                                       Filter: ((p_brand = 'Brand#22'::bpchar) AND (p_container = 'LG BOX'::bpchar))
                                       Rows Removed by Filter: 399601
                                 ->  Index Scan using idx_lineitem_part_supp on lineitem  (cost=0.56..53.08 rows=34 width=17) (actual time=0.008..0.054 rows=30 loops=1996)
                                       Index Cond: (l_partkey = part.p_partkey)
 Planning time: 1.040 ms
 Execution time: 26962.900 ms
(34 rows)

query 18 run 1
SET
SET
SET
                                                                                                       QUERY PLAN                                                                                                        
-------------------------------------------------------------------------------------------------------------------------------------------------------------------------------------------------------------------------
 Limit  (cost=13545319.61..13545319.86 rows=100 width=71) (actual time=41201.351..41201.365 rows=99 loops=1)
   ->  Sort  (cost=13545319.61..13620298.16 rows=29991418 width=71) (actual time=41201.350..41201.356 rows=99 loops=1)
         Sort Key: orders.o_totalprice DESC, orders.o_orderdate
         Sort Method: quicksort  Memory: 32kB
         ->  GroupAggregate  (cost=11724262.28..12399069.18 rows=29991418 width=71) (actual time=41201.083..41201.276 rows=99 loops=1)
               Group Key: customer.c_custkey, orders.o_orderkey
               ->  Sort  (cost=11724262.28..11799240.82 rows=29991418 width=44) (actual time=41201.066..41201.112 rows=693 loops=1)
                     Sort Key: customer.c_custkey, orders.o_orderkey
                     Sort Method: quicksort  Memory: 79kB
                     ->  Hash Join  (cost=78669.16..7406527.87 rows=29991418 width=44) (actual time=4280.869..41200.840 rows=693 loops=1)
                           Hash Cond: (orders.o_custkey = customer.c_custkey)
                           ->  Merge Join  (cost=182.02..6459339.46 rows=29991418 width=25) (actual time=981.852..40439.991 rows=693 loops=1)
                                 Merge Cond: (orders.o_orderkey = lineitem.l_orderkey)
                                 ->  Merge Semi Join  (cost=1.00..3719316.10 rows=7499737 width=24) (actual time=770.639..30152.297 rows=99 loops=1)
                                       Merge Cond: (orders.o_orderkey = lineitem_1.l_orderkey)
                                       ->  Index Scan using orders_pkey on orders  (cost=0.43..547957.55 rows=14999474 width=20) (actual time=0.004..2797.961 rows=14982724 loops=1)
                                       ->  Materialize  (cost=0.56..2946413.51 rows=14995709 width=4) (actual time=668.593..26534.399 rows=99 loops=1)
                                             ->  GroupAggregate  (cost=0.56..2758967.15 rows=14995709 width=4) (actual time=668.590..26534.234 rows=99 loops=1)
                                                   Group Key: lineitem_1.l_orderkey
                                                   Filter: (sum(lineitem_1.l_quantity) > '313'::numeric)
                                                   Rows Removed by Filter: 14999901
                                                   ->  Index Scan using idx_lineitem_orderkey on lineitem lineitem_1  (cost=0.56..2271606.60 rows=59982836 width=9) (actual time=0.004..12033.706 rows=59986052 loops=1)
                                 ->  Index Scan using idx_lineitem_orderkey on lineitem  (cost=0.56..2271606.60 rows=59982836 width=9) (actual time=0.007..7049.968 rows=59916431 loops=1)
                           ->  Hash  (cost=50947.06..50947.06 rows=1500006 width=23) (actual time=655.603..655.603 rows=1500000 loops=1)
                                 Buckets: 524288  Batches: 4  Memory Usage: 24623kB
                                 ->  Seq Scan on customer  (cost=0.00..50947.06 rows=1500006 width=23) (actual time=0.009..416.715 rows=1500000 loops=1)
 Planning time: 18.260 ms
 Execution time: 41201.481 ms
(28 rows)

SET
SET
SET
                                                                                                       QUERY PLAN                                                                                                       
------------------------------------------------------------------------------------------------------------------------------------------------------------------------------------------------------------------------
 Limit  (cost=13545319.61..13545319.86 rows=100 width=71) (actual time=37946.263..37946.277 rows=99 loops=1)
   ->  Sort  (cost=13545319.61..13620298.16 rows=29991418 width=71) (actual time=37946.262..37946.268 rows=99 loops=1)
         Sort Key: orders.o_totalprice DESC, orders.o_orderdate
         Sort Method: quicksort  Memory: 32kB
         ->  GroupAggregate  (cost=11724262.28..12399069.18 rows=29991418 width=71) (actual time=37945.993..37946.188 rows=99 loops=1)
               Group Key: customer.c_custkey, orders.o_orderkey
               ->  Sort  (cost=11724262.28..11799240.82 rows=29991418 width=44) (actual time=37945.976..37946.018 rows=693 loops=1)
                     Sort Key: customer.c_custkey, orders.o_orderkey
                     Sort Method: quicksort  Memory: 79kB
                     ->  Hash Join  (cost=78669.16..7406527.87 rows=29991418 width=44) (actual time=3707.667..37945.770 rows=693 loops=1)
                           Hash Cond: (orders.o_custkey = customer.c_custkey)
                           ->  Merge Join  (cost=182.02..6459339.46 rows=29991418 width=25) (actual time=854.747..37312.359 rows=693 loops=1)
                                 Merge Cond: (orders.o_orderkey = lineitem.l_orderkey)
                                 ->  Merge Semi Join  (cost=1.00..3719316.10 rows=7499737 width=24) (actual time=635.543..26867.384 rows=99 loops=1)
                                       Merge Cond: (orders.o_orderkey = lineitem_1.l_orderkey)
                                       ->  Index Scan using orders_pkey on orders  (cost=0.43..547957.55 rows=14999474 width=20) (actual time=0.005..2187.554 rows=14982724 loops=1)
                                       ->  Materialize  (cost=0.56..2946413.51 rows=14995709 width=4) (actual time=561.724..23877.736 rows=99 loops=1)
                                             ->  GroupAggregate  (cost=0.56..2758967.15 rows=14995709 width=4) (actual time=561.722..23877.579 rows=99 loops=1)
                                                   Group Key: lineitem_1.l_orderkey
                                                   Filter: (sum(lineitem_1.l_quantity) > '313'::numeric)
                                                   Rows Removed by Filter: 14999901
                                                   ->  Index Scan using idx_lineitem_orderkey on lineitem lineitem_1  (cost=0.56..2271606.60 rows=59982836 width=9) (actual time=0.004..9560.584 rows=59986052 loops=1)
                                 ->  Index Scan using idx_lineitem_orderkey on lineitem  (cost=0.56..2271606.60 rows=59982836 width=9) (actual time=0.007..7204.623 rows=59916431 loops=1)
                           ->  Hash  (cost=50947.06..50947.06 rows=1500006 width=23) (actual time=528.065..528.065 rows=1500000 loops=1)
                                 Buckets: 524288  Batches: 4  Memory Usage: 24623kB
                                 ->  Seq Scan on customer  (cost=0.00..50947.06 rows=1500006 width=23) (actual time=0.009..294.442 rows=1500000 loops=1)
 Planning time: 1.531 ms
 Execution time: 37946.389 ms
(28 rows)

query 19 run 1
SET
SET
SET
                                                                                                                                                                                                                                                                                                                                                                                                                                                                                                                  QUERY PLAN                                                                                                                                                                                                                                                                                                                                                                                                                                                                                                                  
----------------------------------------------------------------------------------------------------------------------------------------------------------------------------------------------------------------------------------------------------------------------------------------------------------------------------------------------------------------------------------------------------------------------------------------------------------------------------------------------------------------------------------------------------------------------------------------------------------------------------------------------------------------------------------------------------------------------------------------------------------------------------------------------------------------------------------------------------------------------------------------------------------------------------------------------------------------------------------------------------------------------------------------------
 Limit  (cost=128882.52..128882.53 rows=1 width=32) (actual time=4970.335..4970.336 rows=1 loops=1)
   ->  Finalize Aggregate  (cost=128882.52..128882.53 rows=1 width=32) (actual time=4970.333..4970.333 rows=1 loops=1)
         ->  Gather  (cost=128882.09..128882.50 rows=4 width=32) (actual time=4962.291..4985.704 rows=5 loops=1)
               Workers Planned: 4
               Workers Launched: 4
               ->  Partial Aggregate  (cost=127882.09..127882.10 rows=1 width=32) (actual time=4958.194..4958.195 rows=1 loops=5)
                     ->  Nested Loop  (cost=0.56..127879.97 rows=282 width=12) (actual time=36.720..4957.405 rows=213 loops=5)
                           ->  Parallel Seq Scan on part  (cost=0.00..62231.49 rows=1188 width=30) (actual time=0.548..201.229 rows=956 loops=5)
                                 Filter: ((p_size >= 1) AND (((p_brand = 'Brand#24'::bpchar) AND (p_container = ANY ('{"SM CASE","SM BOX","SM PACK","SM PKG"}'::bpchar[])) AND (p_size <= 5)) OR ((p_brand = 'Brand#43'::bpchar) AND (p_container = ANY ('{"MED BAG","MED BOX","MED PKG","MED PACK"}'::bpchar[])) AND (p_size <= 10)) OR ((p_brand = 'Brand#44'::bpchar) AND (p_container = ANY ('{"LG CASE","LG BOX","LG PACK","LG PKG"}'::bpchar[])) AND (p_size <= 15))))
                                 Rows Removed by Filter: 399044
                           ->  Index Scan using idx_lineitem_part_supp on lineitem  (cost=0.56..55.25 rows=1 width=21) (actual time=4.485..4.972 rows=0 loops=4781)
                                 Index Cond: (l_partkey = part.p_partkey)
                                 Filter: ((l_shipmode = ANY ('{AIR,"AIR REG"}'::bpchar[])) AND (l_shipinstruct = 'DELIVER IN PERSON'::bpchar) AND (((l_quantity >= '10'::numeric) AND (l_quantity <= '20'::numeric)) OR ((l_quantity >= '10'::numeric) AND (l_quantity <= '20'::numeric)) OR ((l_quantity >= '20'::numeric) AND (l_quantity <= '30'::numeric))) AND (((part.p_brand = 'Brand#24'::bpchar) AND (part.p_container = ANY ('{"SM CASE","SM BOX","SM PACK","SM PKG"}'::bpchar[])) AND (l_quantity >= '10'::numeric) AND (l_quantity <= '20'::numeric) AND (part.p_size <= 5)) OR ((part.p_brand = 'Brand#43'::bpchar) AND (part.p_container = ANY ('{"MED BAG","MED BOX","MED PKG","MED PACK"}'::bpchar[])) AND (l_quantity >= '10'::numeric) AND (l_quantity <= '20'::numeric) AND (part.p_size <= 10)) OR ((part.p_brand = 'Brand#44'::bpchar) AND (part.p_container = ANY ('{"LG CASE","LG BOX","LG PACK","LG PKG"}'::bpchar[])) AND (l_quantity >= '20'::numeric) AND (l_quantity <= '30'::numeric) AND (part.p_size <= 15))))
                                 Rows Removed by Filter: 30
 Planning time: 15.791 ms
 Execution time: 4986.156 ms
(16 rows)

SET
SET
SET
                                                                                                                                                                                                                                                                                                                                                                                                                                                                                                                  QUERY PLAN                                                                                                                                                                                                                                                                                                                                                                                                                                                                                                                  
----------------------------------------------------------------------------------------------------------------------------------------------------------------------------------------------------------------------------------------------------------------------------------------------------------------------------------------------------------------------------------------------------------------------------------------------------------------------------------------------------------------------------------------------------------------------------------------------------------------------------------------------------------------------------------------------------------------------------------------------------------------------------------------------------------------------------------------------------------------------------------------------------------------------------------------------------------------------------------------------------------------------------------------------
 Limit  (cost=128882.52..128882.53 rows=1 width=32) (actual time=245.807..245.807 rows=1 loops=1)
   ->  Finalize Aggregate  (cost=128882.52..128882.53 rows=1 width=32) (actual time=245.806..245.806 rows=1 loops=1)
         ->  Gather  (cost=128882.09..128882.50 rows=4 width=32) (actual time=240.594..267.307 rows=5 loops=1)
               Workers Planned: 4
               Workers Launched: 4
               ->  Partial Aggregate  (cost=127882.09..127882.10 rows=1 width=32) (actual time=236.220..236.220 rows=1 loops=5)
                     ->  Nested Loop  (cost=0.56..127879.97 rows=282 width=12) (actual time=0.715..235.980 rows=213 loops=5)
                           ->  Parallel Seq Scan on part  (cost=0.00..62231.49 rows=1188 width=30) (actual time=0.110..150.364 rows=956 loops=5)
                                 Filter: ((p_size >= 1) AND (((p_brand = 'Brand#24'::bpchar) AND (p_container = ANY ('{"SM CASE","SM BOX","SM PACK","SM PKG"}'::bpchar[])) AND (p_size <= 5)) OR ((p_brand = 'Brand#43'::bpchar) AND (p_container = ANY ('{"MED BAG","MED BOX","MED PKG","MED PACK"}'::bpchar[])) AND (p_size <= 10)) OR ((p_brand = 'Brand#44'::bpchar) AND (p_container = ANY ('{"LG CASE","LG BOX","LG PACK","LG PKG"}'::bpchar[])) AND (p_size <= 15))))
                                 Rows Removed by Filter: 399044
                           ->  Index Scan using idx_lineitem_part_supp on lineitem  (cost=0.56..55.25 rows=1 width=21) (actual time=0.080..0.089 rows=0 loops=4781)
                                 Index Cond: (l_partkey = part.p_partkey)
                                 Filter: ((l_shipmode = ANY ('{AIR,"AIR REG"}'::bpchar[])) AND (l_shipinstruct = 'DELIVER IN PERSON'::bpchar) AND (((l_quantity >= '10'::numeric) AND (l_quantity <= '20'::numeric)) OR ((l_quantity >= '10'::numeric) AND (l_quantity <= '20'::numeric)) OR ((l_quantity >= '20'::numeric) AND (l_quantity <= '30'::numeric))) AND (((part.p_brand = 'Brand#24'::bpchar) AND (part.p_container = ANY ('{"SM CASE","SM BOX","SM PACK","SM PKG"}'::bpchar[])) AND (l_quantity >= '10'::numeric) AND (l_quantity <= '20'::numeric) AND (part.p_size <= 5)) OR ((part.p_brand = 'Brand#43'::bpchar) AND (part.p_container = ANY ('{"MED BAG","MED BOX","MED PKG","MED PACK"}'::bpchar[])) AND (l_quantity >= '10'::numeric) AND (l_quantity <= '20'::numeric) AND (part.p_size <= 10)) OR ((part.p_brand = 'Brand#44'::bpchar) AND (part.p_container = ANY ('{"LG CASE","LG BOX","LG PACK","LG PKG"}'::bpchar[])) AND (l_quantity >= '20'::numeric) AND (l_quantity <= '30'::numeric) AND (part.p_size <= 15))))
                                 Rows Removed by Filter: 30
 Planning time: 0.900 ms
 Execution time: 267.374 ms
(16 rows)

query 20 run 1
SET
SET
SET
                                                                                          QUERY PLAN                                                                                           
-----------------------------------------------------------------------------------------------------------------------------------------------------------------------------------------------
 Limit  (cost=2961366.28..2961366.28 rows=1 width=52) (actual time=54491.847..54491.847 rows=1 loops=1)
   ->  Sort  (cost=2961366.28..2961371.28 rows=2000 width=52) (actual time=54491.845..54491.845 rows=1 loops=1)
         Sort Key: supplier.s_name
         Sort Method: top-N heapsort  Memory: 25kB
         ->  Nested Loop Semi Join  (cost=2712042.87..2961356.28 rows=2000 width=52) (actual time=31846.256..54489.687 rows=1821 loops=1)
               Join Filter: (supplier.s_suppkey = lineitem.l_suppkey)
               Rows Removed by Join Filter: 182001415
               ->  Nested Loop  (cost=49.29..2273.46 rows=4000 width=56) (actual time=2.078..26.504 rows=4095 loops=1)
                     ->  Seq Scan on nation  (cost=0.00..1.31 rows=1 width=4) (actual time=0.006..0.010 rows=1 loops=1)
                           Filter: (n_name = 'IRAQ'::bpchar)
                           Rows Removed by Filter: 24
                     ->  Bitmap Heap Scan on supplier  (cost=49.29..2232.15 rows=4000 width=60) (actual time=2.069..25.546 rows=4095 loops=1)
                           Recheck Cond: (s_nationkey = nation.n_nationkey)
                           Heap Blocks: exact=1865
                           ->  Bitmap Index Scan on idx_supplier_nation_key  (cost=0.00..48.29 rows=4000 width=0) (actual time=1.589..1.589 rows=4095 loops=1)
                                 Index Cond: (s_nationkey = nation.n_nationkey)
               ->  Materialize  (cost=2711993.58..2950203.19 rows=148 width=8) (actual time=7.508..10.499 rows=44445 loops=4095)
                     ->  Merge Join  (cost=2711993.58..2950202.45 rows=148 width=8) (actual time=30745.067..37076.884 rows=59002 loops=1)
                           Merge Cond: ((lineitem.l_partkey = partsupp.ps_partkey) AND (lineitem.l_suppkey = partsupp.ps_suppkey))
                           Join Filter: ((partsupp.ps_availqty)::numeric > ((0.5 * sum(lineitem.l_quantity))))
                           Rows Removed by Join Filter: 123
                           ->  GroupAggregate  (cost=2551358.79..2714325.44 rows=4829909 width=40) (actual time=26441.523..32432.471 rows=5448473 loops=1)
                                 Group Key: lineitem.l_partkey, lineitem.l_suppkey
                                 ->  Sort  (cost=2551358.79..2573988.29 rows=9051802 width=13) (actual time=26441.506..29105.691 rows=9123091 loops=1)
                                       Sort Key: lineitem.l_partkey, lineitem.l_suppkey
                                       Sort Method: external merge  Disk: 205064kB
                                       ->  Bitmap Heap Scan on lineitem  (cost=145065.54..1405985.57 rows=9051802 width=13) (actual time=1897.196..22941.786 rows=9123688 loops=1)
                                             Recheck Cond: ((l_shipdate >= '1996-01-01'::date) AND (l_shipdate < '1997-01-01'::date))
                                             Rows Removed by Index Recheck: 27869248
                                             Heap Blocks: exact=412819 lossy=635976
                                             ->  Bitmap Index Scan on idx_lineitem_shipdate  (cost=0.00..142802.59 rows=9051802 width=0) (actual time=1803.266..1803.266 rows=9123688 loops=1)
                                                   Index Cond: ((l_shipdate >= '1996-01-01'::date) AND (l_shipdate < '1997-01-01'::date))
                           ->  Sort  (cost=160634.79..161565.78 rows=372395 width=16) (actual time=4303.198..4315.400 rows=86872 loops=1)
                                 Sort Key: partsupp.ps_partkey, partsupp.ps_suppkey
                                 Sort Method: quicksort  Memory: 7145kB
                                 ->  Nested Loop  (cost=1000.43..126176.20 rows=372395 width=16) (actual time=1.071..4265.715 rows=86872 loops=1)
                                       ->  Gather  (cost=1000.00..50251.34 rows=20202 width=4) (actual time=0.336..52.584 rows=21718 loops=1)
                                             Workers Planned: 4
                                             Workers Launched: 4
                                             ->  Parallel Seq Scan on part  (cost=0.00..47231.14 rows=5050 width=4) (actual time=0.046..148.355 rows=4344 loops=5)
                                                   Filter: ((p_name)::text ~~ 'olive%'::text)
                                                   Rows Removed by Filter: 395656
                                       ->  Index Scan using idx_partsupp_partkey on partsupp  (cost=0.43..3.58 rows=18 width=12) (actual time=0.177..0.192 rows=4 loops=21718)
                                             Index Cond: (ps_partkey = part.p_partkey)
 Planning time: 21.151 ms
 Execution time: 54515.331 ms
(46 rows)

SET
SET
SET
                                                                                          QUERY PLAN                                                                                           
-----------------------------------------------------------------------------------------------------------------------------------------------------------------------------------------------
 Limit  (cost=2961366.28..2961366.28 rows=1 width=52) (actual time=38357.287..38357.288 rows=1 loops=1)
   ->  Sort  (cost=2961366.28..2961371.28 rows=2000 width=52) (actual time=38357.286..38357.286 rows=1 loops=1)
         Sort Key: supplier.s_name
         Sort Method: top-N heapsort  Memory: 25kB
         ->  Nested Loop Semi Join  (cost=2712042.87..2961356.28 rows=2000 width=52) (actual time=15766.312..38355.463 rows=1821 loops=1)
               Join Filter: (supplier.s_suppkey = lineitem.l_suppkey)
               Rows Removed by Join Filter: 182001415
               ->  Nested Loop  (cost=49.29..2273.46 rows=4000 width=56) (actual time=0.579..10.845 rows=4095 loops=1)
                     ->  Seq Scan on nation  (cost=0.00..1.31 rows=1 width=4) (actual time=0.006..0.010 rows=1 loops=1)
                           Filter: (n_name = 'IRAQ'::bpchar)
                           Rows Removed by Filter: 24
                     ->  Bitmap Heap Scan on supplier  (cost=49.29..2232.15 rows=4000 width=60) (actual time=0.571..10.055 rows=4095 loops=1)
                           Recheck Cond: (s_nationkey = nation.n_nationkey)
                           Heap Blocks: exact=1865
                           ->  Bitmap Index Scan on idx_supplier_nation_key  (cost=0.00..48.29 rows=4000 width=0) (actual time=0.382..0.382 rows=4095 loops=1)
                                 Index Cond: (s_nationkey = nation.n_nationkey)
               ->  Materialize  (cost=2711993.58..2950203.19 rows=148 width=8) (actual time=3.582..6.569 rows=44445 loops=4095)
                     ->  Merge Join  (cost=2711993.58..2950202.45 rows=148 width=8) (actual time=14667.713..20983.005 rows=59002 loops=1)
                           Merge Cond: ((lineitem.l_partkey = partsupp.ps_partkey) AND (lineitem.l_suppkey = partsupp.ps_suppkey))
                           Join Filter: ((partsupp.ps_availqty)::numeric > ((0.5 * sum(lineitem.l_quantity))))
                           Rows Removed by Join Filter: 123
                           ->  GroupAggregate  (cost=2551358.79..2714325.44 rows=4829909 width=40) (actual time=14437.306..20414.471 rows=5448473 loops=1)
                                 Group Key: lineitem.l_partkey, lineitem.l_suppkey
                                 ->  Sort  (cost=2551358.79..2573988.29 rows=9051802 width=13) (actual time=14437.292..17089.719 rows=9123091 loops=1)
                                       Sort Key: lineitem.l_partkey, lineitem.l_suppkey
                                       Sort Method: external merge  Disk: 205064kB
                                       ->  Bitmap Heap Scan on lineitem  (cost=145065.54..1405985.57 rows=9051802 width=13) (actual time=1715.737..11208.221 rows=9123688 loops=1)
                                             Recheck Cond: ((l_shipdate >= '1996-01-01'::date) AND (l_shipdate < '1997-01-01'::date))
                                             Rows Removed by Index Recheck: 27869248
                                             Heap Blocks: exact=412819 lossy=635976
                                             ->  Bitmap Index Scan on idx_lineitem_shipdate  (cost=0.00..142802.59 rows=9051802 width=0) (actual time=1622.323..1622.323 rows=9123688 loops=1)
                                                   Index Cond: ((l_shipdate >= '1996-01-01'::date) AND (l_shipdate < '1997-01-01'::date))
                           ->  Sort  (cost=160634.79..161565.78 rows=372395 width=16) (actual time=230.054..240.927 rows=86872 loops=1)
                                 Sort Key: partsupp.ps_partkey, partsupp.ps_suppkey
                                 Sort Method: quicksort  Memory: 7145kB
                                 ->  Nested Loop  (cost=1000.43..126176.20 rows=372395 width=16) (actual time=0.303..206.264 rows=86872 loops=1)
                                       ->  Gather  (cost=1000.00..50251.34 rows=20202 width=4) (actual time=0.274..8.260 rows=21718 loops=1)
                                             Workers Planned: 4
                                             Workers Launched: 4
                                             ->  Parallel Seq Scan on part  (cost=0.00..47231.14 rows=5050 width=4) (actual time=0.055..100.946 rows=4344 loops=5)
                                                   Filter: ((p_name)::text ~~ 'olive%'::text)
                                                   Rows Removed by Filter: 395656
                                       ->  Index Scan using idx_partsupp_partkey on partsupp  (cost=0.43..3.58 rows=18 width=12) (actual time=0.008..0.008 rows=4 loops=21718)
                                             Index Cond: (ps_partkey = part.p_partkey)
 Planning time: 1.876 ms
 Execution time: 38380.742 ms
(46 rows)

query 21 run 1
SET
SET
SET
                                                                                               QUERY PLAN                                                                                                
---------------------------------------------------------------------------------------------------------------------------------------------------------------------------------------------------------
 Limit  (cost=2066593.39..2066593.39 rows=1 width=34) (actual time=13673.348..13673.362 rows=100 loops=1)
   ->  Sort  (cost=2066593.39..2066593.39 rows=1 width=34) (actual time=13673.347..13673.353 rows=100 loops=1)
         Sort Key: (count(*)) DESC, supplier.s_name
         Sort Method: top-N heapsort  Memory: 32kB
         ->  GroupAggregate  (cost=2066593.36..2066593.38 rows=1 width=34) (actual time=13665.260..13672.085 rows=3991 loops=1)
               Group Key: supplier.s_name
               ->  Sort  (cost=2066593.36..2066593.36 rows=1 width=26) (actual time=13665.251..13667.388 rows=39281 loops=1)
                     Sort Key: supplier.s_name
                     Sort Method: quicksort  Memory: 4605kB
                     ->  Nested Loop Anti Join  (cost=3325.02..2066593.35 rows=1 width=26) (actual time=44.855..13475.971 rows=39281 loops=1)
                           ->  Nested Loop  (cost=3324.46..2066586.62 rows=1 width=34) (actual time=44.780..10721.304 rows=704306 loops=1)
                                 ->  Gather  (cost=3324.02..2066583.17 rows=1 width=38) (actual time=44.727..5738.766 rows=1460326 loops=1)
                                       Workers Planned: 4
                                       Workers Launched: 4
                                       ->  Nested Loop Semi Join  (cost=2324.02..2065583.07 rows=1 width=38) (actual time=37.484..11708.077 rows=292065 loops=5)
                                             ->  Hash Join  (cost=2323.46..1335645.26 rows=198780 width=34) (actual time=37.468..8133.877 rows=302853 loops=5)
                                                   Hash Cond: (l1.l_suppkey = supplier.s_suppkey)
                                                   ->  Parallel Seq Scan on lineitem l1  (cost=0.00..1312589.36 rows=4998570 width=8) (actual time=0.054..6962.402 rows=7585870 loops=5)
                                                         Filter: (l_receiptdate > l_commitdate)
                                                         Rows Removed by Filter: 4411341
                                                   ->  Hash  (cost=2273.46..2273.46 rows=4000 width=30) (actual time=37.329..37.329 rows=3991 loops=5)
                                                         Buckets: 4096  Batches: 1  Memory Usage: 282kB
                                                         ->  Nested Loop  (cost=49.29..2273.46 rows=4000 width=30) (actual time=0.923..36.277 rows=3991 loops=5)
                                                               ->  Seq Scan on nation  (cost=0.00..1.31 rows=1 width=4) (actual time=0.012..0.015 rows=1 loops=5)
                                                                     Filter: (n_name = 'PERU'::bpchar)
                                                                     Rows Removed by Filter: 24
                                                               ->  Bitmap Heap Scan on supplier  (cost=49.29..2232.15 rows=4000 width=34) (actual time=0.909..35.362 rows=3991 loops=5)
                                                                     Recheck Cond: (s_nationkey = nation.n_nationkey)
                                                                     Heap Blocks: exact=1865
                                                                     ->  Bitmap Index Scan on idx_supplier_nation_key  (cost=0.00..48.29 rows=4000 width=0) (actual time=0.717..0.717 rows=3991 loops=5)
                                                                           Index Cond: (s_nationkey = nation.n_nationkey)
                                             ->  Index Scan using idx_lineitem_orderkey on lineitem l2  (cost=0.56..3.63 rows=4 width=8) (actual time=0.011..0.011 rows=1 loops=1514267)
                                                   Index Cond: (l_orderkey = l1.l_orderkey)
                                                   Filter: (l_suppkey <> l1.l_suppkey)
                                                   Rows Removed by Filter: 0
                                 ->  Index Scan using orders_pkey on orders  (cost=0.43..3.44 rows=1 width=4) (actual time=0.003..0.003 rows=0 loops=1460326)
                                       Index Cond: (o_orderkey = l1.l_orderkey)
                                       Filter: (o_orderstatus = 'F'::bpchar)
                                       Rows Removed by Filter: 1
                           ->  Index Scan using idx_lineitem_orderkey on lineitem l3  (cost=0.56..3.64 rows=1 width=8) (actual time=0.004..0.004 rows=1 loops=704306)
                                 Index Cond: (l_orderkey = l1.l_orderkey)
                                 Filter: ((l_receiptdate > l_commitdate) AND (l_suppkey <> l1.l_suppkey))
                                 Rows Removed by Filter: 1
 Planning time: 19.374 ms
 Execution time: 13673.776 ms
(45 rows)

SET
SET
SET
                                                                                               QUERY PLAN                                                                                                
---------------------------------------------------------------------------------------------------------------------------------------------------------------------------------------------------------
 Limit  (cost=2066593.39..2066593.39 rows=1 width=34) (actual time=9042.338..9042.349 rows=100 loops=1)
   ->  Sort  (cost=2066593.39..2066593.39 rows=1 width=34) (actual time=9042.337..9042.343 rows=100 loops=1)
         Sort Key: (count(*)) DESC, supplier.s_name
         Sort Method: top-N heapsort  Memory: 32kB
         ->  GroupAggregate  (cost=2066593.36..2066593.38 rows=1 width=34) (actual time=9033.805..9041.034 rows=3991 loops=1)
               Group Key: supplier.s_name
               ->  Sort  (cost=2066593.36..2066593.36 rows=1 width=26) (actual time=9033.796..9036.385 rows=39281 loops=1)
                     Sort Key: supplier.s_name
                     Sort Method: quicksort  Memory: 4605kB
                     ->  Nested Loop Anti Join  (cost=3325.02..2066593.35 rows=1 width=26) (actual time=19.521..8862.937 rows=39281 loops=1)
                           ->  Nested Loop  (cost=3324.46..2066586.62 rows=1 width=34) (actual time=19.408..4831.989 rows=704306 loops=1)
                                 ->  Gather  (cost=3324.02..2066583.17 rows=1 width=38) (actual time=19.372..569.508 rows=1460326 loops=1)
                                       Workers Planned: 4
                                       Workers Launched: 4
                                       ->  Nested Loop Semi Join  (cost=2324.02..2065583.07 rows=1 width=38) (actual time=14.165..6547.758 rows=292065 loops=5)
                                             ->  Hash Join  (cost=2323.46..1335645.26 rows=198780 width=34) (actual time=14.017..3871.720 rows=302853 loops=5)
                                                   Hash Cond: (l1.l_suppkey = supplier.s_suppkey)
                                                   ->  Parallel Seq Scan on lineitem l1  (cost=0.00..1312589.36 rows=4998570 width=8) (actual time=0.027..2836.125 rows=7585870 loops=5)
                                                         Filter: (l_receiptdate > l_commitdate)
                                                         Rows Removed by Filter: 4411341
                                                   ->  Hash  (cost=2273.46..2273.46 rows=4000 width=30) (actual time=13.891..13.891 rows=3991 loops=5)
                                                         Buckets: 4096  Batches: 1  Memory Usage: 282kB
                                                         ->  Nested Loop  (cost=49.29..2273.46 rows=4000 width=30) (actual time=0.601..13.132 rows=3991 loops=5)
                                                               ->  Seq Scan on nation  (cost=0.00..1.31 rows=1 width=4) (actual time=0.016..0.018 rows=1 loops=5)
                                                                     Filter: (n_name = 'PERU'::bpchar)
                                                                     Rows Removed by Filter: 24
                                                               ->  Bitmap Heap Scan on supplier  (cost=49.29..2232.15 rows=4000 width=34) (actual time=0.583..12.030 rows=3991 loops=5)
                                                                     Recheck Cond: (s_nationkey = nation.n_nationkey)
                                                                     Heap Blocks: exact=1865
                                                                     ->  Bitmap Index Scan on idx_supplier_nation_key  (cost=0.00..48.29 rows=4000 width=0) (actual time=0.390..0.390 rows=3991 loops=5)
                                                                           Index Cond: (s_nationkey = nation.n_nationkey)
                                             ->  Index Scan using idx_lineitem_orderkey on lineitem l2  (cost=0.56..3.63 rows=4 width=8) (actual time=0.008..0.008 rows=1 loops=1514267)
                                                   Index Cond: (l_orderkey = l1.l_orderkey)
                                                   Filter: (l_suppkey <> l1.l_suppkey)
                                                   Rows Removed by Filter: 0
                                 ->  Index Scan using orders_pkey on orders  (cost=0.43..3.44 rows=1 width=4) (actual time=0.003..0.003 rows=0 loops=1460326)
                                       Index Cond: (o_orderkey = l1.l_orderkey)
                                       Filter: (o_orderstatus = 'F'::bpchar)
                                       Rows Removed by Filter: 1
                           ->  Index Scan using idx_lineitem_orderkey on lineitem l3  (cost=0.56..3.64 rows=1 width=8) (actual time=0.005..0.005 rows=1 loops=704306)
                                 Index Cond: (l_orderkey = l1.l_orderkey)
                                 Filter: ((l_receiptdate > l_commitdate) AND (l_suppkey <> l1.l_suppkey))
                                 Rows Removed by Filter: 1
 Planning time: 2.403 ms
 Execution time: 9042.776 ms
(45 rows)

query 22 run 1
SET
SET
SET
                                                                          QUERY PLAN                                                                          
--------------------------------------------------------------------------------------------------------------------------------------------------------------
 Limit  (cost=132932.95..132932.98 rows=1 width=72) (actual time=1666.268..1666.268 rows=1 loops=1)
   InitPlan 1 (returns $0)
     ->  Finalize Aggregate  (cost=46821.03..46821.04 rows=1 width=32) (actual time=352.385..352.385 rows=1 loops=1)
           ->  Gather  (cost=46820.60..46821.01 rows=4 width=32) (actual time=349.013..352.464 rows=5 loops=1)
                 Workers Planned: 4
                 Workers Launched: 4
                 ->  Partial Aggregate  (cost=45820.60..45820.61 rows=1 width=32) (actual time=342.120..342.120 rows=1 loops=5)
                       ->  Parallel Seq Scan on customer customer_1  (cost=0.00..45790.79 rows=11924 width=6) (actual time=0.028..328.705 rows=76485 loops=5)
                             Filter: ((c_acctbal > 0.00) AND ("substring"((c_phone)::text, 1, 2) = ANY ('{21,29,26,34,14,15,17}'::text[])))
                             Rows Removed by Filter: 223515
   ->  GroupAggregate  (cost=86111.91..86336.42 rows=8164 width=72) (actual time=1666.268..1666.268 rows=1 loops=1)
         Group Key: ("substring"((customer.c_phone)::text, 1, 2))
         ->  Sort  (cost=86111.91..86132.32 rows=8164 width=38) (actual time=1663.885..1664.442 rows=9006 loops=1)
               Sort Key: ("substring"((customer.c_phone)::text, 1, 2))
               Sort Method: quicksort  Memory: 4513kB
               ->  Nested Loop Anti Join  (cost=0.43..85581.45 rows=8164 width=38) (actual time=352.475..1642.603 rows=63509 loops=1)
                     ->  Seq Scan on customer  (cost=0.00..75322.16 rows=17500 width=26) (actual time=352.422..949.145 rows=191129 loops=1)
                           Filter: ((c_acctbal > $0) AND ("substring"((c_phone)::text, 1, 2) = ANY ('{21,29,26,34,14,15,17}'::text[])))
                           Rows Removed by Filter: 1308871
                     ->  Index Only Scan using idx_orders_custkey on orders  (cost=0.43..2.20 rows=19 width=4) (actual time=0.003..0.003 rows=1 loops=191129)
                           Index Cond: (o_custkey = customer.c_custkey)
                           Heap Fetches: 0
 Planning time: 14.142 ms
 Execution time: 1666.417 ms
(24 rows)

SET
SET
SET
                                                                          QUERY PLAN                                                                          
--------------------------------------------------------------------------------------------------------------------------------------------------------------
 Limit  (cost=132932.95..132932.98 rows=1 width=72) (actual time=1156.381..1156.382 rows=1 loops=1)
   InitPlan 1 (returns $0)
     ->  Finalize Aggregate  (cost=46821.03..46821.04 rows=1 width=32) (actual time=239.437..239.437 rows=1 loops=1)
           ->  Gather  (cost=46820.60..46821.01 rows=4 width=32) (actual time=236.157..239.509 rows=5 loops=1)
                 Workers Planned: 4
                 Workers Launched: 4
                 ->  Partial Aggregate  (cost=45820.60..45820.61 rows=1 width=32) (actual time=232.526..232.526 rows=1 loops=5)
                       ->  Parallel Seq Scan on customer customer_1  (cost=0.00..45790.79 rows=11924 width=6) (actual time=0.017..217.399 rows=76485 loops=5)
                             Filter: ((c_acctbal > 0.00) AND ("substring"((c_phone)::text, 1, 2) = ANY ('{21,29,26,34,14,15,17}'::text[])))
                             Rows Removed by Filter: 223515
   ->  GroupAggregate  (cost=86111.91..86336.42 rows=8164 width=72) (actual time=1156.379..1156.379 rows=1 loops=1)
         Group Key: ("substring"((customer.c_phone)::text, 1, 2))
         ->  Sort  (cost=86111.91..86132.32 rows=8164 width=38) (actual time=1154.108..1154.571 rows=9006 loops=1)
               Sort Key: ("substring"((customer.c_phone)::text, 1, 2))
               Sort Method: quicksort  Memory: 4513kB
               ->  Nested Loop Anti Join  (cost=0.43..85581.45 rows=8164 width=38) (actual time=239.493..1136.835 rows=63509 loops=1)
                     ->  Seq Scan on customer  (cost=0.00..75322.16 rows=17500 width=26) (actual time=239.473..784.436 rows=191129 loops=1)
                           Filter: ((c_acctbal > $0) AND ("substring"((c_phone)::text, 1, 2) = ANY ('{21,29,26,34,14,15,17}'::text[])))
                           Rows Removed by Filter: 1308871
                     ->  Index Only Scan using idx_orders_custkey on orders  (cost=0.43..2.20 rows=19 width=4) (actual time=0.002..0.002 rows=1 loops=191129)
                           Index Cond: (o_custkey = customer.c_custkey)
                           Heap Fetches: 0
 Planning time: 0.635 ms
 Execution time: 1156.523 ms
(24 rows)

