query 1 run 1
SET
SET
SET
                                                                           QUERY PLAN                                                                            
-----------------------------------------------------------------------------------------------------------------------------------------------------------------
 Limit  (cost=1832015.36..1832015.99 rows=1 width=236) (actual time=17139.343..17142.569 rows=1 loops=1)
   ->  Finalize GroupAggregate  (cost=1832015.36..1832019.18 rows=6 width=236) (actual time=17139.342..17142.567 rows=1 loops=1)
         Group Key: l_returnflag, l_linestatus
         ->  Gather Merge  (cost=1832015.36..1832018.23 rows=24 width=236) (actual time=17139.321..17142.548 rows=6 loops=1)
               Workers Planned: 4
               Workers Launched: 4
               ->  Sort  (cost=1831015.30..1831015.32 rows=6 width=236) (actual time=17129.474..17129.475 rows=4 loops=5)
                     Sort Key: l_returnflag, l_linestatus
                     Sort Method: quicksort  Memory: 26kB
                     Worker 0:  Sort Method: quicksort  Memory: 26kB
                     Worker 1:  Sort Method: quicksort  Memory: 26kB
                     Worker 2:  Sort Method: quicksort  Memory: 26kB
                     Worker 3:  Sort Method: quicksort  Memory: 26kB
                     ->  Partial HashAggregate  (cost=1831015.09..1831015.22 rows=6 width=236) (actual time=17129.422..17129.428 rows=4 loops=5)
                           Group Key: l_returnflag, l_linestatus
                           Batches: 1  Memory Usage: 24kB
                           Worker 0:  Batches: 1  Memory Usage: 24kB
                           Worker 1:  Batches: 1  Memory Usage: 24kB
                           Worker 2:  Batches: 1  Memory Usage: 24kB
                           Worker 3:  Batches: 1  Memory Usage: 24kB
                           ->  Parallel Seq Scan on lineitem  (cost=0.00..1312590.54 rows=14812130 width=25) (actual time=0.301..4462.634 rows=11856890 loops=5)
                                 Filter: (l_shipdate <= '1998-09-10 00:00:00'::timestamp without time zone)
                                 Rows Removed by Filter: 140321
 Planning Time: 16.068 ms
 Execution Time: 17142.955 ms
(25 rows)

SET
SET
SET
                                                                           QUERY PLAN                                                                            
-----------------------------------------------------------------------------------------------------------------------------------------------------------------
 Limit  (cost=1832015.36..1832015.99 rows=1 width=236) (actual time=16307.843..16308.485 rows=1 loops=1)
   ->  Finalize GroupAggregate  (cost=1832015.36..1832019.18 rows=6 width=236) (actual time=16307.841..16308.483 rows=1 loops=1)
         Group Key: l_returnflag, l_linestatus
         ->  Gather Merge  (cost=1832015.36..1832018.23 rows=24 width=236) (actual time=16307.808..16308.461 rows=6 loops=1)
               Workers Planned: 4
               Workers Launched: 4
               ->  Sort  (cost=1831015.30..1831015.32 rows=6 width=236) (actual time=16302.566..16302.567 rows=4 loops=5)
                     Sort Key: l_returnflag, l_linestatus
                     Sort Method: quicksort  Memory: 26kB
                     Worker 0:  Sort Method: quicksort  Memory: 26kB
                     Worker 1:  Sort Method: quicksort  Memory: 26kB
                     Worker 2:  Sort Method: quicksort  Memory: 26kB
                     Worker 3:  Sort Method: quicksort  Memory: 26kB
                     ->  Partial HashAggregate  (cost=1831015.09..1831015.22 rows=6 width=236) (actual time=16302.519..16302.524 rows=4 loops=5)
                           Group Key: l_returnflag, l_linestatus
                           Batches: 1  Memory Usage: 24kB
                           Worker 0:  Batches: 1  Memory Usage: 24kB
                           Worker 1:  Batches: 1  Memory Usage: 24kB
                           Worker 2:  Batches: 1  Memory Usage: 24kB
                           Worker 3:  Batches: 1  Memory Usage: 24kB
                           ->  Parallel Seq Scan on lineitem  (cost=0.00..1312590.54 rows=14812130 width=25) (actual time=0.032..2517.931 rows=11856890 loops=5)
                                 Filter: (l_shipdate <= '1998-09-10 00:00:00'::timestamp without time zone)
                                 Rows Removed by Filter: 140321
 Planning Time: 1.013 ms
 Execution Time: 16308.552 ms
(25 rows)

query 2 run 1
SET
SET
SET
                                                                                        QUERY PLAN                                                                                         
-------------------------------------------------------------------------------------------------------------------------------------------------------------------------------------------
 Limit  (cost=1043666.42..1043666.43 rows=1 width=192) (actual time=4011.940..4012.057 rows=100 loops=1)
   ->  Sort  (cost=1043666.42..1043666.43 rows=1 width=192) (actual time=4011.938..4012.050 rows=100 loops=1)
         Sort Key: supplier.s_acctbal DESC, nation.n_name, supplier.s_name, part.p_partkey
         Sort Method: top-N heapsort  Memory: 70kB
         ->  Merge Join  (cost=559123.80..1043666.41 rows=1 width=192) (actual time=2996.039..4008.892 rows=4737 loops=1)
               Merge Cond: (part.p_partkey = partsupp.ps_partkey)
               Join Filter: (partsupp.ps_supplycost = (SubPlan 1))
               Rows Removed by Join Filter: 1661
               ->  Gather Merge  (cost=1000.49..68621.41 rows=7636 width=30) (actual time=68.019..71.230 rows=8046 loops=1)
                     Workers Planned: 4
                     Workers Launched: 4
                     ->  Parallel Index Scan using part_pkey on part  (cost=0.43..66711.83 rows=1909 width=30) (actual time=1.683..275.595 rows=1609 loops=5)
                           Filter: (((p_type)::text ~~ '%NICKEL'::text) AND (p_size = 16))
                           Rows Removed by Filter: 398391
               ->  Materialize  (cost=558123.16..566124.90 rows=1600348 width=172) (actual time=2926.901..3382.532 rows=1603828 loops=1)
                     Storage: Memory  Maximum Storage: 18kB
                     ->  Sort  (cost=558123.16..562124.03 rows=1600348 width=172) (actual time=2926.895..3210.786 rows=1603828 loops=1)
                           Sort Key: partsupp.ps_partkey
                           Sort Method: external merge  Disk: 293496kB
                           ->  Hash Join  (cost=4048.51..305297.91 rows=1600348 width=172) (actual time=61.787..2313.774 rows=1604080 loops=1)
                                 Hash Cond: (partsupp.ps_suppkey = supplier.s_suppkey)
                                 ->  Seq Scan on partsupp  (cost=0.00..255239.40 rows=8001740 width=14) (actual time=11.473..974.512 rows=8000000 loops=1)
                                 ->  Hash  (cost=3798.51..3798.51 rows=20000 width=166) (actual time=50.272..50.274 rows=20051 loops=1)
                                       Buckets: 32768  Batches: 1  Memory Usage: 4211kB
                                       ->  Hash Join  (cost=2.51..3798.51 rows=20000 width=166) (actual time=8.740..44.334 rows=20051 loops=1)
                                             Hash Cond: (supplier.s_nationkey = nation.n_nationkey)
                                             ->  Seq Scan on supplier  (cost=0.00..3221.00 rows=100000 width=144) (actual time=5.573..29.181 rows=100000 loops=1)
                                             ->  Hash  (cost=2.45..2.45 rows=5 width=30) (actual time=3.157..3.158 rows=5 loops=1)
                                                   Buckets: 1024  Batches: 1  Memory Usage: 9kB
                                                   ->  Hash Join  (cost=1.07..2.45 rows=5 width=30) (actual time=3.150..3.156 rows=5 loops=1)
                                                         Hash Cond: (nation.n_regionkey = region.r_regionkey)
                                                         ->  Seq Scan on nation  (cost=0.00..1.25 rows=25 width=34) (actual time=1.261..1.262 rows=25 loops=1)
                                                         ->  Hash  (cost=1.06..1.06 rows=1 width=4) (actual time=1.871..1.872 rows=1 loops=1)
                                                               Buckets: 1024  Batches: 1  Memory Usage: 9kB
                                                               ->  Seq Scan on region  (cost=0.00..1.06 rows=1 width=4) (actual time=1.866..1.867 rows=1 loops=1)
                                                                     Filter: (r_name = 'AMERICA'::bpchar)
                                                                     Rows Removed by Filter: 4
               SubPlan 1
                 ->  Aggregate  (cost=66.25..66.26 rows=1 width=32) (actual time=0.058..0.058 rows=1 loops=6398)
                       ->  Nested Loop  (cost=2.29..66.24 rows=4 width=6) (actual time=0.048..0.056 rows=2 loops=6398)
                             Join Filter: (nation_1.n_regionkey = region_1.r_regionkey)
                             Rows Removed by Join Filter: 2
                             ->  Seq Scan on region region_1  (cost=0.00..1.06 rows=1 width=4) (actual time=0.001..0.001 rows=1 loops=6398)
                                   Filter: (r_name = 'AMERICA'::bpchar)
                                   Rows Removed by Filter: 4
                             ->  Hash Join  (cost=2.29..64.95 rows=18 width=10) (actual time=0.042..0.054 rows=4 loops=6398)
                                   Hash Cond: (supplier_1.s_nationkey = nation_1.n_nationkey)
                                   ->  Nested Loop  (cost=0.72..63.33 rows=18 width=10) (actual time=0.041..0.052 rows=4 loops=6398)
                                         ->  Index Scan using idx_partsupp_partkey on partsupp partsupp_1  (cost=0.43..3.75 rows=18 width=10) (actual time=0.037..0.038 rows=4 loops=6398)
                                               Index Cond: (ps_partkey = part.p_partkey)
                                         ->  Index Scan using supplier_pkey on supplier supplier_1  (cost=0.29..3.31 rows=1 width=8) (actual time=0.003..0.003 rows=1 loops=25592)
                                               Index Cond: (s_suppkey = partsupp_1.ps_suppkey)
                                   ->  Hash  (cost=1.25..1.25 rows=25 width=8) (actual time=0.011..0.012 rows=25 loops=1)
                                         Buckets: 1024  Batches: 1  Memory Usage: 9kB
                                         ->  Seq Scan on nation nation_1  (cost=0.00..1.25 rows=25 width=8) (actual time=0.004..0.006 rows=25 loops=1)
 Planning Time: 22.602 ms
 Execution Time: 4048.630 ms
(57 rows)

SET
SET
SET
                                                                                        QUERY PLAN                                                                                         
-------------------------------------------------------------------------------------------------------------------------------------------------------------------------------------------
 Limit  (cost=1043666.42..1043666.43 rows=1 width=192) (actual time=3224.752..3224.876 rows=100 loops=1)
   ->  Sort  (cost=1043666.42..1043666.43 rows=1 width=192) (actual time=3224.751..3224.869 rows=100 loops=1)
         Sort Key: supplier.s_acctbal DESC, nation.n_name, supplier.s_name, part.p_partkey
         Sort Method: top-N heapsort  Memory: 70kB
         ->  Merge Join  (cost=559123.80..1043666.41 rows=1 width=192) (actual time=2482.149..3222.453 rows=4737 loops=1)
               Merge Cond: (part.p_partkey = partsupp.ps_partkey)
               Join Filter: (partsupp.ps_supplycost = (SubPlan 1))
               Rows Removed by Join Filter: 1661
               ->  Gather Merge  (cost=1000.49..68621.41 rows=7636 width=30) (actual time=26.759..29.124 rows=8046 loops=1)
                     Workers Planned: 4
                     Workers Launched: 4
                     ->  Parallel Index Scan using part_pkey on part  (cost=0.43..66711.83 rows=1909 width=30) (actual time=0.132..122.828 rows=1609 loops=5)
                           Filter: (((p_type)::text ~~ '%NICKEL'::text) AND (p_size = 16))
                           Rows Removed by Filter: 398391
               ->  Materialize  (cost=558123.16..566124.90 rows=1600348 width=172) (actual time=2455.293..2900.230 rows=1603828 loops=1)
                     Storage: Memory  Maximum Storage: 18kB
                     ->  Sort  (cost=558123.16..562124.03 rows=1600348 width=172) (actual time=2455.287..2728.184 rows=1603828 loops=1)
                           Sort Key: partsupp.ps_partkey
                           Sort Method: external merge  Disk: 293496kB
                           ->  Hash Join  (cost=4048.51..305297.91 rows=1600348 width=172) (actual time=39.346..1859.523 rows=1604080 loops=1)
                                 Hash Cond: (partsupp.ps_suppkey = supplier.s_suppkey)
                                 ->  Seq Scan on partsupp  (cost=0.00..255239.40 rows=8001740 width=14) (actual time=0.049..642.505 rows=8000000 loops=1)
                                 ->  Hash  (cost=3798.51..3798.51 rows=20000 width=166) (actual time=39.282..39.284 rows=20051 loops=1)
                                       Buckets: 32768  Batches: 1  Memory Usage: 4211kB
                                       ->  Hash Join  (cost=2.51..3798.51 rows=20000 width=166) (actual time=0.048..27.711 rows=20051 loops=1)
                                             Hash Cond: (supplier.s_nationkey = nation.n_nationkey)
                                             ->  Seq Scan on supplier  (cost=0.00..3221.00 rows=100000 width=144) (actual time=0.012..10.835 rows=100000 loops=1)
                                             ->  Hash  (cost=2.45..2.45 rows=5 width=30) (actual time=0.034..0.035 rows=5 loops=1)
                                                   Buckets: 1024  Batches: 1  Memory Usage: 9kB
                                                   ->  Hash Join  (cost=1.07..2.45 rows=5 width=30) (actual time=0.028..0.034 rows=5 loops=1)
                                                         Hash Cond: (nation.n_regionkey = region.r_regionkey)
                                                         ->  Seq Scan on nation  (cost=0.00..1.25 rows=25 width=34) (actual time=0.013..0.014 rows=25 loops=1)
                                                         ->  Hash  (cost=1.06..1.06 rows=1 width=4) (actual time=0.011..0.012 rows=1 loops=1)
                                                               Buckets: 1024  Batches: 1  Memory Usage: 9kB
                                                               ->  Seq Scan on region  (cost=0.00..1.06 rows=1 width=4) (actual time=0.009..0.010 rows=1 loops=1)
                                                                     Filter: (r_name = 'AMERICA'::bpchar)
                                                                     Rows Removed by Filter: 4
               SubPlan 1
                 ->  Aggregate  (cost=66.25..66.26 rows=1 width=32) (actual time=0.018..0.018 rows=1 loops=6398)
                       ->  Nested Loop  (cost=2.29..66.24 rows=4 width=6) (actual time=0.010..0.016 rows=2 loops=6398)
                             Join Filter: (nation_1.n_regionkey = region_1.r_regionkey)
                             Rows Removed by Join Filter: 2
                             ->  Seq Scan on region region_1  (cost=0.00..1.06 rows=1 width=4) (actual time=0.001..0.001 rows=1 loops=6398)
                                   Filter: (r_name = 'AMERICA'::bpchar)
                                   Rows Removed by Filter: 4
                             ->  Hash Join  (cost=2.29..64.95 rows=18 width=10) (actual time=0.006..0.014 rows=4 loops=6398)
                                   Hash Cond: (supplier_1.s_nationkey = nation_1.n_nationkey)
                                   ->  Nested Loop  (cost=0.72..63.33 rows=18 width=10) (actual time=0.005..0.013 rows=4 loops=6398)
                                         ->  Index Scan using idx_partsupp_partkey on partsupp partsupp_1  (cost=0.43..3.75 rows=18 width=10) (actual time=0.003..0.004 rows=4 loops=6398)
                                               Index Cond: (ps_partkey = part.p_partkey)
                                         ->  Index Scan using supplier_pkey on supplier supplier_1  (cost=0.29..3.31 rows=1 width=8) (actual time=0.002..0.002 rows=1 loops=25592)
                                               Index Cond: (s_suppkey = partsupp_1.ps_suppkey)
                                   ->  Hash  (cost=1.25..1.25 rows=25 width=8) (actual time=0.011..0.011 rows=25 loops=1)
                                         Buckets: 1024  Batches: 1  Memory Usage: 9kB
                                         ->  Seq Scan on nation nation_1  (cost=0.00..1.25 rows=25 width=8) (actual time=0.003..0.006 rows=25 loops=1)
 Planning Time: 1.742 ms
 Execution Time: 3260.434 ms
(57 rows)

query 3 run 1
SET
SET
SET
                                                                                QUERY PLAN                                                                                 
---------------------------------------------------------------------------------------------------------------------------------------------------------------------------
 Limit  (cost=2275929.12..2275929.15 rows=10 width=44) (actual time=10423.769..10456.586 rows=10 loops=1)
   ->  Sort  (cost=2275929.12..2283736.14 rows=3122806 width=44) (actual time=10423.768..10456.583 rows=10 loops=1)
         Sort Key: (sum((lineitem.l_extendedprice * ('1'::numeric - lineitem.l_discount)))) DESC, orders.o_orderdate
         Sort Method: top-N heapsort  Memory: 26kB
         ->  GroupAggregate  (cost=1748661.19..2208446.41 rows=3122806 width=44) (actual time=10221.328..10435.945 rows=113934 loops=1)
               Group Key: lineitem.l_orderkey, orders.o_orderdate, orders.o_shippriority
               ->  Gather Merge  (cost=1748661.19..2122569.24 rows=3122806 width=24) (actual time=10221.315..10294.614 rows=301530 loops=1)
                     Workers Planned: 4
                     Workers Launched: 4
                     ->  Sort  (cost=1747661.13..1749612.88 rows=780702 width=24) (actual time=10205.629..10208.237 rows=60306 loops=5)
                           Sort Key: lineitem.l_orderkey, orders.o_orderdate, orders.o_shippriority
                           Sort Method: quicksort  Memory: 4229kB
                           Worker 0:  Sort Method: quicksort  Memory: 4344kB
                           Worker 1:  Sort Method: quicksort  Memory: 4280kB
                           Worker 2:  Sort Method: quicksort  Memory: 4139kB
                           Worker 3:  Sort Method: quicksort  Memory: 4240kB
                           ->  Nested Loop  (cost=41566.78..1660958.46 rows=780702 width=24) (actual time=261.883..10186.581 rows=60306 loops=5)
                                 ->  Parallel Hash Join  (cost=41566.22..354469.64 rows=359656 width=12) (actual time=260.106..2049.171 rows=290361 loops=5)
                                       Hash Cond: (orders.o_custkey = customer.c_custkey)
                                       ->  Parallel Seq Scan on orders  (cost=0.00..308152.84 rows=1809742 width=16) (actual time=0.440..1341.159 rows=1447887 loops=5)
                                             Filter: (o_orderdate < '1995-03-07'::date)
                                             Rows Removed by Filter: 1552113
                                       ->  Parallel Hash  (cost=40634.63..40634.63 rows=74527 width=4) (actual time=258.965..258.966 rows=60055 loops=5)
                                             Buckets: 524288  Batches: 1  Memory Usage: 15904kB
                                             ->  Parallel Seq Scan on customer  (cost=0.00..40634.63 rows=74527 width=4) (actual time=0.214..243.541 rows=60055 loops=5)
                                                   Filter: (c_mktsegment = 'BUILDING'::bpchar)
                                                   Rows Removed by Filter: 239945
                                 ->  Index Scan using idx_lineitem_orderkey on lineitem  (cost=0.56..3.61 rows=2 width=16) (actual time=0.028..0.028 rows=0 loops=1451805)
                                       Index Cond: (l_orderkey = orders.o_orderkey)
                                       Filter: (l_shipdate > '1995-03-07'::date)
                                       Rows Removed by Filter: 4
 Planning Time: 19.624 ms
 Execution Time: 10456.942 ms
(33 rows)

SET
SET
SET
                                                                                QUERY PLAN                                                                                 
---------------------------------------------------------------------------------------------------------------------------------------------------------------------------
 Limit  (cost=2275929.12..2275929.15 rows=10 width=44) (actual time=3855.292..3883.306 rows=10 loops=1)
   ->  Sort  (cost=2275929.12..2283736.14 rows=3122806 width=44) (actual time=3855.290..3883.303 rows=10 loops=1)
         Sort Key: (sum((lineitem.l_extendedprice * ('1'::numeric - lineitem.l_discount)))) DESC, orders.o_orderdate
         Sort Method: top-N heapsort  Memory: 26kB
         ->  GroupAggregate  (cost=1748661.19..2208446.41 rows=3122806 width=44) (actual time=3648.137..3863.046 rows=113934 loops=1)
               Group Key: lineitem.l_orderkey, orders.o_orderdate, orders.o_shippriority
               ->  Gather Merge  (cost=1748661.19..2122569.24 rows=3122806 width=24) (actual time=3648.123..3722.408 rows=301530 loops=1)
                     Workers Planned: 4
                     Workers Launched: 4
                     ->  Sort  (cost=1747661.13..1749612.88 rows=780702 width=24) (actual time=3639.038..3641.642 rows=60306 loops=5)
                           Sort Key: lineitem.l_orderkey, orders.o_orderdate, orders.o_shippriority
                           Sort Method: quicksort  Memory: 4245kB
                           Worker 0:  Sort Method: quicksort  Memory: 4041kB
                           Worker 1:  Sort Method: quicksort  Memory: 4420kB
                           Worker 2:  Sort Method: quicksort  Memory: 4127kB
                           Worker 3:  Sort Method: quicksort  Memory: 4399kB
                           ->  Nested Loop  (cost=41566.78..1660958.46 rows=780702 width=24) (actual time=107.828..3619.357 rows=60306 loops=5)
                                 ->  Parallel Hash Join  (cost=41566.22..354469.64 rows=359656 width=12) (actual time=107.638..1177.416 rows=290361 loops=5)
                                       Hash Cond: (orders.o_custkey = customer.c_custkey)
                                       ->  Parallel Seq Scan on orders  (cost=0.00..308152.84 rows=1809742 width=16) (actual time=0.932..537.351 rows=1447887 loops=5)
                                             Filter: (o_orderdate < '1995-03-07'::date)
                                             Rows Removed by Filter: 1552113
                                       ->  Parallel Hash  (cost=40634.63..40634.63 rows=74527 width=4) (actual time=106.104..106.104 rows=60055 loops=5)
                                             Buckets: 524288  Batches: 1  Memory Usage: 15936kB
                                             ->  Parallel Seq Scan on customer  (cost=0.00..40634.63 rows=74527 width=4) (actual time=0.043..77.492 rows=60055 loops=5)
                                                   Filter: (c_mktsegment = 'BUILDING'::bpchar)
                                                   Rows Removed by Filter: 239945
                                 ->  Index Scan using idx_lineitem_orderkey on lineitem  (cost=0.56..3.61 rows=2 width=16) (actual time=0.008..0.008 rows=0 loops=1451805)
                                       Index Cond: (l_orderkey = orders.o_orderkey)
                                       Filter: (l_shipdate > '1995-03-07'::date)
                                       Rows Removed by Filter: 4
 Planning Time: 1.699 ms
 Execution Time: 3883.383 ms
(33 rows)

query 4 run 1
SET
SET
SET
                                                                                QUERY PLAN                                                                                
--------------------------------------------------------------------------------------------------------------------------------------------------------------------------
 Limit  (cost=281739.20..634292.05 rows=1 width=24) (actual time=31736.855..31756.608 rows=1 loops=1)
   ->  GroupAggregate  (cost=281739.20..2044503.44 rows=5 width=24) (actual time=31736.854..31756.606 rows=1 loops=1)
         Group Key: orders.o_orderpriority
         ->  Nested Loop Semi Join  (cost=281739.20..2041842.11 rows=532255 width=16) (actual time=6441.013..31674.971 rows=103030 loops=1)
               ->  Gather Merge  (cost=281738.64..345499.25 rows=532516 width=20) (actual time=6439.786..6574.204 rows=112213 loops=1)
                     Workers Planned: 4
                     Workers Launched: 4
                     ->  Sort  (cost=280738.58..281071.40 rows=133129 width=20) (actual time=6426.444..6429.391 rows=23428 loops=5)
                           Sort Key: orders.o_orderpriority
                           Sort Method: quicksort  Memory: 7395kB
                           Worker 0:  Sort Method: quicksort  Memory: 7461kB
                           Worker 1:  Sort Method: quicksort  Memory: 7502kB
                           Worker 2:  Sort Method: quicksort  Memory: 7472kB
                           Worker 3:  Sort Method: quicksort  Memory: 7424kB
                           ->  Parallel Bitmap Heap Scan on orders  (cost=6142.72..269407.66 rows=133129 width=20) (actual time=130.488..6377.765 rows=112085 loops=5)
                                 Recheck Cond: ((o_orderdate >= '1993-12-01'::date) AND (o_orderdate < '1994-03-01'::date))
                                 Heap Blocks: exact=45882
                                 Worker 0:  Heap Blocks: exact=46621
                                 Worker 1:  Heap Blocks: exact=46896
                                 Worker 2:  Heap Blocks: exact=46413
                                 Worker 3:  Heap Blocks: exact=46075
                                 ->  Bitmap Index Scan on idx_orders_orderdate  (cost=0.00..6009.60 rows=532516 width=0) (actual time=85.852..85.852 rows=560424 loops=1)
                                       Index Cond: ((o_orderdate >= '1993-12-01'::date) AND (o_orderdate < '1994-03-01'::date))
               ->  Index Scan using idx_lineitem_orderkey on lineitem  (cost=0.56..3.61 rows=1 width=4) (actual time=0.222..0.222 rows=1 loops=112213)
                     Index Cond: (l_orderkey = orders.o_orderkey)
                     Filter: (l_commitdate < l_receiptdate)
                     Rows Removed by Filter: 1
 Planning Time: 16.864 ms
 Execution Time: 31757.626 ms
(29 rows)

SET
SET
SET
                                                                                QUERY PLAN                                                                                
--------------------------------------------------------------------------------------------------------------------------------------------------------------------------
 Limit  (cost=281739.20..634292.05 rows=1 width=24) (actual time=1722.546..1740.580 rows=1 loops=1)
   ->  GroupAggregate  (cost=281739.20..2044503.44 rows=5 width=24) (actual time=1722.545..1740.578 rows=1 loops=1)
         Group Key: orders.o_orderpriority
         ->  Nested Loop Semi Join  (cost=281739.20..2041842.11 rows=532255 width=16) (actual time=712.899..1719.831 rows=103030 loops=1)
               ->  Gather Merge  (cost=281738.64..345499.25 rows=532516 width=20) (actual time=712.834..768.492 rows=112213 loops=1)
                     Workers Planned: 4
                     Workers Launched: 4
                     ->  Sort  (cost=280738.58..281071.40 rows=133129 width=20) (actual time=704.149..706.149 rows=23460 loops=5)
                           Sort Key: orders.o_orderpriority
                           Sort Method: quicksort  Memory: 7531kB
                           Worker 0:  Sort Method: quicksort  Memory: 7349kB
                           Worker 1:  Sort Method: quicksort  Memory: 7145kB
                           Worker 2:  Sort Method: quicksort  Memory: 7882kB
                           Worker 3:  Sort Method: quicksort  Memory: 7348kB
                           ->  Parallel Bitmap Heap Scan on orders  (cost=6142.72..269407.66 rows=133129 width=20) (actual time=127.485..667.012 rows=112085 loops=5)
                                 Recheck Cond: ((o_orderdate >= '1993-12-01'::date) AND (o_orderdate < '1994-03-01'::date))
                                 Heap Blocks: exact=47310
                                 Worker 0:  Heap Blocks: exact=45347
                                 Worker 1:  Heap Blocks: exact=43059
                                 Worker 2:  Heap Blocks: exact=50941
                                 Worker 3:  Heap Blocks: exact=45230
                                 ->  Bitmap Index Scan on idx_orders_orderdate  (cost=0.00..6009.60 rows=532516 width=0) (actual time=81.712..81.712 rows=560424 loops=1)
                                       Index Cond: ((o_orderdate >= '1993-12-01'::date) AND (o_orderdate < '1994-03-01'::date))
               ->  Index Scan using idx_lineitem_orderkey on lineitem  (cost=0.56..3.61 rows=1 width=4) (actual time=0.008..0.008 rows=1 loops=112213)
                     Index Cond: (l_orderkey = orders.o_orderkey)
                     Filter: (l_commitdate < l_receiptdate)
                     Rows Removed by Filter: 1
 Planning Time: 1.120 ms
 Execution Time: 1740.643 ms
(29 rows)

query 5 run 1
SET
SET
SET
                                                                                              QUERY PLAN                                                                                               
-------------------------------------------------------------------------------------------------------------------------------------------------------------------------------------------------------
 Limit  (cost=767021.89..767021.89 rows=1 width=58) (actual time=22781.337..22826.742 rows=1 loops=1)
   ->  Sort  (cost=767021.89..767021.95 rows=25 width=58) (actual time=22781.335..22826.739 rows=1 loops=1)
         Sort Key: (sum((lineitem.l_extendedprice * ('1'::numeric - lineitem.l_discount)))) DESC
         Sort Method: top-N heapsort  Memory: 25kB
         ->  Finalize GroupAggregate  (cost=766779.66..767021.77 rows=25 width=58) (actual time=22773.686..22826.724 rows=5 loops=1)
               Group Key: nation.n_name
               ->  Gather Merge  (cost=766779.66..767020.70 rows=100 width=58) (actual time=22772.424..22826.697 rows=25 loops=1)
                     Workers Planned: 4
                     Workers Launched: 4
                     ->  Partial GroupAggregate  (cost=765779.60..766008.74 rows=25 width=58) (actual time=22753.976..22760.156 rows=5 loops=5)
                           Group Key: nation.n_name
                           ->  Sort  (cost=765779.60..765825.36 rows=18306 width=38) (actual time=22752.825..22753.479 rows=14407 loops=5)
                                 Sort Key: nation.n_name
                                 Sort Method: quicksort  Memory: 1182kB
                                 Worker 0:  Sort Method: quicksort  Memory: 1156kB
                                 Worker 1:  Sort Method: quicksort  Memory: 1175kB
                                 Worker 2:  Sort Method: quicksort  Memory: 1168kB
                                 Worker 3:  Sort Method: quicksort  Memory: 1181kB
                                 ->  Parallel Hash Join  (cost=72884.23..764483.53 rows=18306 width=38) (actual time=574.977..22739.764 rows=14407 loops=5)
                                       Hash Cond: ((lineitem.l_suppkey = supplier.s_suppkey) AND (customer.c_nationkey = supplier.s_nationkey))
                                       ->  Nested Loop  (cost=69192.63..758389.62 rows=457584 width=50) (actual time=553.286..22569.708 rows=363065 loops=5)
                                             ->  Parallel Hash Join  (cost=69192.07..341476.09 rows=114452 width=38) (actual time=552.888..3764.947 rows=90680 loops=5)
                                                   Hash Cond: (orders.o_custkey = customer.c_custkey)
                                                   ->  Parallel Bitmap Heap Scan on orders  (cost=26398.63..296250.54 rows=572261 width=8) (actual time=260.858..3243.754 rows=455328 loops=5)
                                                         Recheck Cond: ((o_orderdate >= '1993-01-01'::date) AND (o_orderdate < '1994-01-01'::date))
                                                         Heap Blocks: exact=52352
                                                         Worker 0:  Heap Blocks: exact=52142
                                                         Worker 1:  Heap Blocks: exact=52107
                                                         Worker 2:  Heap Blocks: exact=52320
                                                         Worker 3:  Heap Blocks: exact=52325
                                                         ->  Bitmap Index Scan on idx_orders_orderdate  (cost=0.00..25826.37 rows=2289043 width=0) (actual time=202.409..202.410 rows=2276638 loops=1)
                                                               Index Cond: ((o_orderdate >= '1993-01-01'::date) AND (o_orderdate < '1994-01-01'::date))
                                                   ->  Parallel Hash  (cost=41855.92..41855.92 rows=75002 width=38) (actual time=291.305..291.308 rows=59887 loops=5)
                                                         Buckets: 524288  Batches: 1  Memory Usage: 25312kB
                                                         ->  Hash Join  (cost=2.51..41855.92 rows=75002 width=38) (actual time=0.873..264.176 rows=59887 loops=5)
                                                               Hash Cond: (customer.c_nationkey = nation.n_nationkey)
                                                               ->  Parallel Seq Scan on customer  (cost=0.00..39697.10 rows=375010 width=8) (actual time=0.510..230.098 rows=300000 loops=5)
                                                               ->  Hash  (cost=2.45..2.45 rows=5 width=30) (actual time=0.354..0.356 rows=5 loops=5)
                                                                     Buckets: 1024  Batches: 1  Memory Usage: 9kB
                                                                     ->  Hash Join  (cost=1.07..2.45 rows=5 width=30) (actual time=0.346..0.353 rows=5 loops=5)
                                                                           Hash Cond: (nation.n_regionkey = region.r_regionkey)
                                                                           ->  Seq Scan on nation  (cost=0.00..1.25 rows=25 width=34) (actual time=0.115..0.118 rows=25 loops=5)
                                                                           ->  Hash  (cost=1.06..1.06 rows=1 width=4) (actual time=0.223..0.224 rows=1 loops=5)
                                                                                 Buckets: 1024  Batches: 1  Memory Usage: 9kB
                                                                                 ->  Seq Scan on region  (cost=0.00..1.06 rows=1 width=4) (actual time=0.219..0.220 rows=1 loops=5)
                                                                                       Filter: (r_name = 'AMERICA'::bpchar)
                                                                                       Rows Removed by Filter: 4
                                             ->  Index Scan using idx_lineitem_orderkey on lineitem  (cost=0.56..3.60 rows=4 width=20) (actual time=0.194..0.205 rows=4 loops=453399)
                                                   Index Cond: (l_orderkey = orders.o_orderkey)
                                       ->  Parallel Hash  (cost=2809.24..2809.24 rows=58824 width=8) (actual time=18.427..18.427 rows=20000 loops=5)
                                             Buckets: 131072  Batches: 1  Memory Usage: 5024kB
                                             ->  Parallel Seq Scan on supplier  (cost=0.00..2809.24 rows=58824 width=8) (actual time=0.128..10.542 rows=20000 loops=5)
 Planning Time: 28.198 ms
 Execution Time: 22827.138 ms
(54 rows)

SET
SET
SET
                                                                                              QUERY PLAN                                                                                               
-------------------------------------------------------------------------------------------------------------------------------------------------------------------------------------------------------
 Limit  (cost=767021.89..767021.89 rows=1 width=58) (actual time=2536.468..2580.614 rows=1 loops=1)
   ->  Sort  (cost=767021.89..767021.95 rows=25 width=58) (actual time=2536.466..2580.612 rows=1 loops=1)
         Sort Key: (sum((lineitem.l_extendedprice * ('1'::numeric - lineitem.l_discount)))) DESC
         Sort Method: top-N heapsort  Memory: 25kB
         ->  Finalize GroupAggregate  (cost=766779.66..767021.77 rows=25 width=58) (actual time=2532.883..2580.597 rows=5 loops=1)
               Group Key: nation.n_name
               ->  Gather Merge  (cost=766779.66..767020.70 rows=100 width=58) (actual time=2531.567..2580.567 rows=25 loops=1)
                     Workers Planned: 4
                     Workers Launched: 4
                     ->  Partial GroupAggregate  (cost=765779.60..766008.74 rows=25 width=58) (actual time=2516.291..2521.518 rows=5 loops=5)
                           Group Key: nation.n_name
                           ->  Sort  (cost=765779.60..765825.36 rows=18306 width=38) (actual time=2515.152..2515.812 rows=14407 loops=5)
                                 Sort Key: nation.n_name
                                 Sort Method: quicksort  Memory: 1174kB
                                 Worker 0:  Sort Method: quicksort  Memory: 1228kB
                                 Worker 1:  Sort Method: quicksort  Memory: 1162kB
                                 Worker 2:  Sort Method: quicksort  Memory: 1176kB
                                 Worker 3:  Sort Method: quicksort  Memory: 1122kB
                                 ->  Parallel Hash Join  (cost=72884.23..764483.53 rows=18306 width=38) (actual time=393.408..2506.500 rows=14407 loops=5)
                                       Hash Cond: ((lineitem.l_suppkey = supplier.s_suppkey) AND (customer.c_nationkey = supplier.s_nationkey))
                                       ->  Nested Loop  (cost=69192.63..758389.62 rows=457584 width=50) (actual time=376.294..2380.587 rows=363065 loops=5)
                                             ->  Parallel Hash Join  (cost=69192.07..341476.09 rows=114452 width=38) (actual time=376.246..955.532 rows=90680 loops=5)
                                                   Hash Cond: (orders.o_custkey = customer.c_custkey)
                                                   ->  Parallel Bitmap Heap Scan on orders  (cost=26398.63..296250.54 rows=572261 width=8) (actual time=246.283..651.231 rows=455328 loops=5)
                                                         Recheck Cond: ((o_orderdate >= '1993-01-01'::date) AND (o_orderdate < '1994-01-01'::date))
                                                         Heap Blocks: exact=52826
                                                         Worker 0:  Heap Blocks: exact=55996
                                                         Worker 1:  Heap Blocks: exact=51632
                                                         Worker 2:  Heap Blocks: exact=52058
                                                         Worker 3:  Heap Blocks: exact=48734
                                                         ->  Bitmap Index Scan on idx_orders_orderdate  (cost=0.00..25826.37 rows=2289043 width=0) (actual time=190.379..190.380 rows=2276638 loops=1)
                                                               Index Cond: ((o_orderdate >= '1993-01-01'::date) AND (o_orderdate < '1994-01-01'::date))
                                                   ->  Parallel Hash  (cost=41855.92..41855.92 rows=75002 width=38) (actual time=129.398..129.401 rows=59887 loops=5)
                                                         Buckets: 524288  Batches: 1  Memory Usage: 25312kB
                                                         ->  Hash Join  (cost=2.51..41855.92 rows=75002 width=38) (actual time=0.078..95.113 rows=59887 loops=5)
                                                               Hash Cond: (customer.c_nationkey = nation.n_nationkey)
                                                               ->  Parallel Seq Scan on customer  (cost=0.00..39697.10 rows=375010 width=8) (actual time=0.029..57.449 rows=300000 loops=5)
                                                               ->  Hash  (cost=2.45..2.45 rows=5 width=30) (actual time=0.042..0.044 rows=5 loops=5)
                                                                     Buckets: 1024  Batches: 1  Memory Usage: 9kB
                                                                     ->  Hash Join  (cost=1.07..2.45 rows=5 width=30) (actual time=0.037..0.042 rows=5 loops=5)
                                                                           Hash Cond: (nation.n_regionkey = region.r_regionkey)
                                                                           ->  Seq Scan on nation  (cost=0.00..1.25 rows=25 width=34) (actual time=0.015..0.016 rows=25 loops=5)
                                                                           ->  Hash  (cost=1.06..1.06 rows=1 width=4) (actual time=0.016..0.017 rows=1 loops=5)
                                                                                 Buckets: 1024  Batches: 1  Memory Usage: 9kB
                                                                                 ->  Seq Scan on region  (cost=0.00..1.06 rows=1 width=4) (actual time=0.013..0.014 rows=1 loops=5)
                                                                                       Filter: (r_name = 'AMERICA'::bpchar)
                                                                                       Rows Removed by Filter: 4
                                             ->  Index Scan using idx_lineitem_orderkey on lineitem  (cost=0.56..3.60 rows=4 width=20) (actual time=0.014..0.015 rows=4 loops=453399)
                                                   Index Cond: (l_orderkey = orders.o_orderkey)
                                       ->  Parallel Hash  (cost=2809.24..2809.24 rows=58824 width=8) (actual time=16.010..16.011 rows=20000 loops=5)
                                             Buckets: 131072  Batches: 1  Memory Usage: 5024kB
                                             ->  Parallel Seq Scan on supplier  (cost=0.00..2809.24 rows=58824 width=8) (actual time=0.032..6.146 rows=20000 loops=5)
 Planning Time: 4.997 ms
 Execution Time: 2580.710 ms
(54 rows)

query 6 run 1
SET
SET
SET
                                                                                                                QUERY PLAN                                                                                                                 
-------------------------------------------------------------------------------------------------------------------------------------------------------------------------------------------------------------------------------------------
 Limit  (cost=1288173.10..1288173.11 rows=1 width=32) (actual time=17324.950..17359.479 rows=1 loops=1)
   ->  Finalize Aggregate  (cost=1288173.10..1288173.11 rows=1 width=32) (actual time=17324.949..17359.476 rows=1 loops=1)
         ->  Gather  (cost=1288172.66..1288173.07 rows=4 width=32) (actual time=17323.403..17359.462 rows=5 loops=1)
               Workers Planned: 4
               Workers Launched: 4
               ->  Partial Aggregate  (cost=1287172.66..1287172.67 rows=1 width=32) (actual time=17314.193..17314.194 rows=1 loops=5)
                     ->  Parallel Bitmap Heap Scan on lineitem  (cost=212194.69..1285674.87 rows=299558 width=12) (actual time=1380.326..17169.462 rows=238912 loops=5)
                           Recheck Cond: ((l_shipdate >= '1993-01-01'::date) AND (l_shipdate < '1994-01-01 00:00:00'::timestamp without time zone) AND (l_discount >= 0.06) AND (l_discount <= 0.08) AND (l_quantity < '25'::numeric))
                           Rows Removed by Index Recheck: 2744818
                           Heap Blocks: exact=79570 lossy=53417
                           Worker 0:  Heap Blocks: exact=79455 lossy=53673
                           Worker 1:  Heap Blocks: exact=78724 lossy=53544
                           Worker 2:  Heap Blocks: exact=78837 lossy=53324
                           Worker 3:  Heap Blocks: exact=79314 lossy=53110
                           ->  Bitmap Index Scan on idx_lineitem_shipdate  (cost=0.00..211895.13 rows=1198233 width=0) (actual time=1294.814..1294.815 rows=1194558 loops=1)
                                 Index Cond: ((l_shipdate >= '1993-01-01'::date) AND (l_shipdate < '1994-01-01 00:00:00'::timestamp without time zone) AND (l_discount >= 0.06) AND (l_discount <= 0.08) AND (l_quantity < '25'::numeric))
 Planning Time: 10.875 ms
 Execution Time: 17360.639 ms
(18 rows)

SET
SET
SET
                                                                                                                QUERY PLAN                                                                                                                 
-------------------------------------------------------------------------------------------------------------------------------------------------------------------------------------------------------------------------------------------
 Limit  (cost=1288173.10..1288173.11 rows=1 width=32) (actual time=3184.841..3217.337 rows=1 loops=1)
   ->  Finalize Aggregate  (cost=1288173.10..1288173.11 rows=1 width=32) (actual time=3184.840..3217.335 rows=1 loops=1)
         ->  Gather  (cost=1288172.66..1288173.07 rows=4 width=32) (actual time=3180.763..3217.320 rows=5 loops=1)
               Workers Planned: 4
               Workers Launched: 4
               ->  Partial Aggregate  (cost=1287172.66..1287172.67 rows=1 width=32) (actual time=3175.335..3175.337 rows=1 loops=5)
                     ->  Parallel Bitmap Heap Scan on lineitem  (cost=212194.69..1285674.87 rows=299558 width=12) (actual time=1240.915..3081.973 rows=238912 loops=5)
                           Recheck Cond: ((l_shipdate >= '1993-01-01'::date) AND (l_shipdate < '1994-01-01 00:00:00'::timestamp without time zone) AND (l_discount >= 0.06) AND (l_discount <= 0.08) AND (l_quantity < '25'::numeric))
                           Rows Removed by Index Recheck: 2744818
                           Heap Blocks: exact=85726 lossy=58052
                           Worker 0:  Heap Blocks: exact=74516 lossy=50410
                           Worker 1:  Heap Blocks: exact=85170 lossy=57385
                           Worker 2:  Heap Blocks: exact=78581 lossy=53513
                           Worker 3:  Heap Blocks: exact=71907 lossy=47708
                           ->  Bitmap Index Scan on idx_lineitem_shipdate  (cost=0.00..211895.13 rows=1198233 width=0) (actual time=1152.676..1152.677 rows=1194558 loops=1)
                                 Index Cond: ((l_shipdate >= '1993-01-01'::date) AND (l_shipdate < '1994-01-01 00:00:00'::timestamp without time zone) AND (l_discount >= 0.06) AND (l_discount <= 0.08) AND (l_quantity < '25'::numeric))
 Planning Time: 0.698 ms
 Execution Time: 3217.387 ms
(18 rows)

query 7 run 1
SET
SET
SET
                                                                                                      QUERY PLAN                                                                                                       
-----------------------------------------------------------------------------------------------------------------------------------------------------------------------------------------------------------------------
 Limit  (cost=1419812.53..1420869.49 rows=1 width=116) (actual time=31302.570..31307.818 rows=1 loops=1)
   ->  GroupAggregate  (cost=1419812.53..12027529.96 rows=10036 width=116) (actual time=31302.569..31307.816 rows=1 loops=1)
         Group Key: n1.n_name, n2.n_name, EXTRACT(year FROM lineitem.l_shipdate)
         ->  Nested Loop  (cost=1419812.53..12026465.26 rows=60944 width=96) (actual time=7400.429..31280.039 rows=14421 loops=1)
               Join Filter: (customer.c_nationkey = n2.n_nationkey)
               Rows Removed by Join Filter: 349039
               ->  Nested Loop  (cost=1419812.10..6811367.61 rows=1523602 width=76) (actual time=7378.207..25330.701 rows=363460 loops=1)
                     ->  Gather Merge  (cost=1419811.67..1602239.60 rows=1523602 width=76) (actual time=7376.830..7826.871 rows=363460 loops=1)
                           Workers Planned: 4
                           Workers Launched: 4
                           ->  Sort  (cost=1418811.61..1419763.86 rows=380900 width=76) (actual time=7354.924..7398.071 rows=73084 loops=5)
                                 Sort Key: n1.n_name, n2.n_name, (EXTRACT(year FROM lineitem.l_shipdate))
                                 Sort Method: external merge  Disk: 27256kB
                                 Worker 0:  Sort Method: external merge  Disk: 26512kB
                                 Worker 1:  Sort Method: external merge  Disk: 26640kB
                                 Worker 2:  Sort Method: external merge  Disk: 26856kB
                                 Worker 3:  Sort Method: external merge  Disk: 26688kB
                                 ->  Parallel Hash Join  (cost=3140.96..1372622.98 rows=380900 width=76) (actual time=11.920..7069.175 rows=291139 loops=5)
                                       Hash Cond: (lineitem.l_suppkey = supplier.s_suppkey)
                                       ->  Parallel Seq Scan on lineitem  (cost=0.00..1350080.04 rows=4576371 width=24) (actual time=0.480..6523.364 rows=3646065 loops=5)
                                             Filter: ((l_shipdate >= '1995-01-01'::date) AND (l_shipdate <= '1996-12-31'::date))
                                             Rows Removed by Filter: 8351145
                                       ->  Parallel Hash  (cost=3079.76..3079.76 rows=4896 width=60) (actual time=11.160..11.163 rows=1596 loops=5)
                                             Buckets: 16384  Batches: 1  Memory Usage: 960kB
                                             ->  Hash Join  (cost=2.87..3079.76 rows=4896 width=60) (actual time=0.259..10.162 rows=1596 loops=5)
                                                   Hash Cond: (supplier.s_nationkey = n1.n_nationkey)
                                                   ->  Parallel Seq Scan on supplier  (cost=0.00..2809.24 rows=58824 width=8) (actual time=0.176..8.048 rows=20000 loops=5)
                                                   ->  Hash  (cost=2.84..2.84 rows=2 width=60) (actual time=0.077..0.078 rows=2 loops=5)
                                                         Buckets: 1024  Batches: 1  Memory Usage: 9kB
                                                         ->  Nested Loop  (cost=0.00..2.84 rows=2 width=60) (actual time=0.068..0.074 rows=2 loops=5)
                                                               Join Filter: (((n1.n_name = 'PERU'::bpchar) AND (n2.n_name = 'MOROCCO'::bpchar)) OR ((n1.n_name = 'MOROCCO'::bpchar) AND (n2.n_name = 'PERU'::bpchar)))
                                                               Rows Removed by Join Filter: 2
                                                               ->  Seq Scan on nation n1  (cost=0.00..1.38 rows=2 width=30) (actual time=0.055..0.057 rows=2 loops=5)
                                                                     Filter: ((n_name = 'PERU'::bpchar) OR (n_name = 'MOROCCO'::bpchar))
                                                                     Rows Removed by Filter: 23
                                                               ->  Materialize  (cost=0.00..1.39 rows=2 width=30) (actual time=0.004..0.006 rows=2 loops=10)
                                                                     Storage: Memory  Maximum Storage: 17kB
                                                                     ->  Seq Scan on nation n2  (cost=0.00..1.38 rows=2 width=30) (actual time=0.005..0.007 rows=2 loops=5)
                                                                           Filter: ((n_name = 'MOROCCO'::bpchar) OR (n_name = 'PERU'::bpchar))
                                                                           Rows Removed by Filter: 23
                     ->  Index Scan using orders_pkey on orders  (cost=0.43..3.42 rows=1 width=8) (actual time=0.047..0.047 rows=1 loops=363460)
                           Index Cond: (o_orderkey = lineitem.l_orderkey)
               ->  Index Scan using customer_pkey on customer  (cost=0.43..3.41 rows=1 width=8) (actual time=0.015..0.016 rows=1 loops=363460)
                     Index Cond: (c_custkey = orders.o_custkey)
 Planning Time: 27.026 ms
 Execution Time: 31311.405 ms
(46 rows)

SET
SET
SET
                                                                                                      QUERY PLAN                                                                                                       
-----------------------------------------------------------------------------------------------------------------------------------------------------------------------------------------------------------------------
 Limit  (cost=1419812.53..1420869.49 rows=1 width=116) (actual time=5665.235..5671.139 rows=1 loops=1)
   ->  GroupAggregate  (cost=1419812.53..12027529.96 rows=10036 width=116) (actual time=5665.234..5671.137 rows=1 loops=1)
         Group Key: n1.n_name, n2.n_name, EXTRACT(year FROM lineitem.l_shipdate)
         ->  Nested Loop  (cost=1419812.53..12026465.26 rows=60944 width=96) (actual time=3294.546..5659.247 rows=14421 loops=1)
               Join Filter: (customer.c_nationkey = n2.n_nationkey)
               Rows Removed by Join Filter: 349042
               ->  Nested Loop  (cost=1419812.10..6811367.61 rows=1523602 width=76) (actual time=3294.261..4555.731 rows=363463 loops=1)
                     ->  Gather Merge  (cost=1419811.67..1602239.60 rows=1523602 width=76) (actual time=3294.214..3514.761 rows=363463 loops=1)
                           Workers Planned: 4
                           Workers Launched: 4
                           ->  Sort  (cost=1418811.61..1419763.86 rows=380900 width=76) (actual time=3276.122..3305.361 rows=73113 loops=5)
                                 Sort Key: n1.n_name, n2.n_name, (EXTRACT(year FROM lineitem.l_shipdate))
                                 Sort Method: external merge  Disk: 26056kB
                                 Worker 0:  Sort Method: external merge  Disk: 29264kB
                                 Worker 1:  Sort Method: external merge  Disk: 25792kB
                                 Worker 2:  Sort Method: external merge  Disk: 27544kB
                                 Worker 3:  Sort Method: external merge  Disk: 25304kB
                                 ->  Parallel Hash Join  (cost=3140.96..1372622.98 rows=380900 width=76) (actual time=12.691..2975.103 rows=291139 loops=5)
                                       Hash Cond: (lineitem.l_suppkey = supplier.s_suppkey)
                                       ->  Parallel Seq Scan on lineitem  (cost=0.00..1350080.04 rows=4576371 width=24) (actual time=1.121..2373.137 rows=3646065 loops=5)
                                             Filter: ((l_shipdate >= '1995-01-01'::date) AND (l_shipdate <= '1996-12-31'::date))
                                             Rows Removed by Filter: 8351145
                                       ->  Parallel Hash  (cost=3079.76..3079.76 rows=4896 width=60) (actual time=11.157..11.160 rows=1596 loops=5)
                                             Buckets: 16384  Batches: 1  Memory Usage: 960kB
                                             ->  Hash Join  (cost=2.87..3079.76 rows=4896 width=60) (actual time=0.094..10.112 rows=1596 loops=5)
                                                   Hash Cond: (supplier.s_nationkey = n1.n_nationkey)
                                                   ->  Parallel Seq Scan on supplier  (cost=0.00..2809.24 rows=58824 width=8) (actual time=0.049..6.895 rows=20000 loops=5)
                                                   ->  Hash  (cost=2.84..2.84 rows=2 width=60) (actual time=0.037..0.039 rows=2 loops=5)
                                                         Buckets: 1024  Batches: 1  Memory Usage: 9kB
                                                         ->  Nested Loop  (cost=0.00..2.84 rows=2 width=60) (actual time=0.028..0.034 rows=2 loops=5)
                                                               Join Filter: (((n1.n_name = 'PERU'::bpchar) AND (n2.n_name = 'MOROCCO'::bpchar)) OR ((n1.n_name = 'MOROCCO'::bpchar) AND (n2.n_name = 'PERU'::bpchar)))
                                                               Rows Removed by Join Filter: 2
                                                               ->  Seq Scan on nation n1  (cost=0.00..1.38 rows=2 width=30) (actual time=0.017..0.018 rows=2 loops=5)
                                                                     Filter: ((n_name = 'PERU'::bpchar) OR (n_name = 'MOROCCO'::bpchar))
                                                                     Rows Removed by Filter: 23
                                                               ->  Materialize  (cost=0.00..1.39 rows=2 width=30) (actual time=0.004..0.005 rows=2 loops=10)
                                                                     Storage: Memory  Maximum Storage: 17kB
                                                                     ->  Seq Scan on nation n2  (cost=0.00..1.38 rows=2 width=30) (actual time=0.004..0.006 rows=2 loops=5)
                                                                           Filter: ((n_name = 'MOROCCO'::bpchar) OR (n_name = 'PERU'::bpchar))
                                                                           Rows Removed by Filter: 23
                     ->  Index Scan using orders_pkey on orders  (cost=0.43..3.42 rows=1 width=8) (actual time=0.003..0.003 rows=1 loops=363463)
                           Index Cond: (o_orderkey = lineitem.l_orderkey)
               ->  Index Scan using customer_pkey on customer  (cost=0.43..3.41 rows=1 width=8) (actual time=0.003..0.003 rows=1 loops=363463)
                     Index Cond: (c_custkey = orders.o_custkey)
 Planning Time: 3.270 ms
 Execution Time: 5674.750 ms
(46 rows)

query 8 run 1
SET
SET
SET
                                                                                         QUERY PLAN                                                                                          
---------------------------------------------------------------------------------------------------------------------------------------------------------------------------------------------
 Limit  (cost=386415.93..392105.07 rows=1 width=64) (actual time=35615.842..35621.998 rows=1 loops=1)
   ->  GroupAggregate  (cost=386415.93..14074489.56 rows=2406 width=64) (actual time=35615.841..35621.996 rows=1 loops=1)
         Group Key: EXTRACT(year FROM orders.o_orderdate)
         ->  Nested Loop  (cost=386415.93..14073956.08 rows=24268 width=70) (actual time=2410.263..35598.584 rows=11818 loops=1)
               Join Filter: (supplier.s_nationkey = n2.n_nationkey)
               Rows Removed by Join Filter: 142661
               ->  Nested Loop  (cost=386415.93..14065129.71 rows=24268 width=20) (actual time=2410.242..35558.597 rows=11818 loops=1)
                     ->  Nested Loop  (cost=386415.63..13985739.94 rows=24268 width=20) (actual time=2409.822..34978.888 rows=11818 loops=1)
                           ->  Nested Loop  (cost=386415.20..3812839.23 rows=3640195 width=24) (actual time=2394.034..24501.155 rows=1816857 loops=1)
                                 ->  Gather Merge  (cost=386414.63..495432.42 rows=910495 width=8) (actual time=2392.680..2668.457 rows=454605 loops=1)
                                       Workers Planned: 4
                                       Workers Launched: 4
                                       ->  Sort  (cost=385414.57..385983.63 rows=227624 width=8) (actual time=2377.932..2384.815 rows=91977 loops=5)
                                             Sort Key: (EXTRACT(year FROM orders.o_orderdate))
                                             Sort Method: quicksort  Memory: 11870kB
                                             Worker 0:  Sort Method: quicksort  Memory: 11804kB
                                             Worker 1:  Sort Method: quicksort  Memory: 11820kB
                                             Worker 2:  Sort Method: quicksort  Memory: 11933kB
                                             Worker 3:  Sort Method: quicksort  Memory: 11746kB
                                             ->  Parallel Hash Join  (cost=42793.44..365160.25 rows=227624 width=8) (actual time=310.432..2335.839 rows=182072 loops=5)
                                                   Hash Cond: (orders.o_custkey = customer.c_custkey)
                                                   ->  Parallel Seq Scan on orders  (cost=0.00..317529.81 rows=1138118 width=12) (actual time=0.415..1776.959 rows=911503 loops=5)
                                                         Filter: ((o_orderdate >= '1995-01-01'::date) AND (o_orderdate <= '1996-12-31'::date))
                                                         Rows Removed by Filter: 2088497
                                                   ->  Parallel Hash  (cost=41855.92..41855.92 rows=75002 width=4) (actual time=309.379..309.383 rows=59887 loops=5)
                                                         Buckets: 524288  Batches: 1  Memory Usage: 15904kB
                                                         ->  Hash Join  (cost=2.51..41855.92 rows=75002 width=4) (actual time=0.751..292.392 rows=59887 loops=5)
                                                               Hash Cond: (customer.c_nationkey = n1.n_nationkey)
                                                               ->  Parallel Seq Scan on customer  (cost=0.00..39697.10 rows=375010 width=8) (actual time=0.631..257.730 rows=300000 loops=5)
                                                               ->  Hash  (cost=2.45..2.45 rows=5 width=4) (actual time=0.115..0.117 rows=5 loops=5)
                                                                     Buckets: 1024  Batches: 1  Memory Usage: 9kB
                                                                     ->  Hash Join  (cost=1.07..2.45 rows=5 width=4) (actual time=0.110..0.116 rows=5 loops=5)
                                                                           Hash Cond: (n1.n_regionkey = region.r_regionkey)
                                                                           ->  Seq Scan on nation n1  (cost=0.00..1.25 rows=25 width=8) (actual time=0.049..0.050 rows=25 loops=5)
                                                                           ->  Hash  (cost=1.06..1.06 rows=1 width=4) (actual time=0.057..0.057 rows=1 loops=5)
                                                                                 Buckets: 1024  Batches: 1  Memory Usage: 9kB
                                                                                 ->  Seq Scan on region  (cost=0.00..1.06 rows=1 width=4) (actual time=0.054..0.055 rows=1 loops=5)
                                                                                       Filter: (r_name = 'AMERICA'::bpchar)
                                                                                       Rows Removed by Filter: 4
                                 ->  Index Scan using idx_lineitem_orderkey on lineitem  (cost=0.56..3.60 rows=4 width=24) (actual time=0.044..0.047 rows=4 loops=454605)
                                       Index Cond: (l_orderkey = orders.o_orderkey)
                           ->  Memoize  (cost=0.44..3.42 rows=1 width=4) (actual time=0.006..0.006 rows=0 loops=1816857)
                                 Cache Key: lineitem.l_partkey
                                 Cache Mode: logical
                                 Hits: 597341  Misses: 1219516  Evictions: 236032  Overflows: 0  Memory Usage: 65537kB
                                 ->  Index Scan using part_pkey on part  (cost=0.43..3.41 rows=1 width=4) (actual time=0.007..0.007 rows=0 loops=1219516)
                                       Index Cond: (p_partkey = lineitem.l_partkey)
                                       Filter: ((p_type)::text = 'LARGE POLISHED BRASS'::text)
                                       Rows Removed by Filter: 1
                     ->  Index Scan using supplier_pkey on supplier  (cost=0.29..3.27 rows=1 width=8) (actual time=0.048..0.048 rows=1 loops=11818)
                           Index Cond: (s_suppkey = lineitem.l_suppkey)
               ->  Materialize  (cost=0.00..1.38 rows=25 width=30) (actual time=0.000..0.001 rows=13 loops=11818)
                     Storage: Memory  Maximum Storage: 18kB
                     ->  Seq Scan on nation n2  (cost=0.00..1.25 rows=25 width=30) (actual time=0.009..0.017 rows=25 loops=1)
 Planning Time: 30.225 ms
 Execution Time: 35622.716 ms
(56 rows)

SET
SET
SET
                                                                                         QUERY PLAN                                                                                         
--------------------------------------------------------------------------------------------------------------------------------------------------------------------------------------------
 Limit  (cost=386415.93..392105.07 rows=1 width=64) (actual time=8834.642..8840.954 rows=1 loops=1)
   ->  GroupAggregate  (cost=386415.93..14074489.56 rows=2406 width=64) (actual time=8834.641..8840.952 rows=1 loops=1)
         Group Key: EXTRACT(year FROM orders.o_orderdate)
         ->  Nested Loop  (cost=386415.93..14073956.08 rows=24268 width=70) (actual time=948.083..8829.118 rows=11818 loops=1)
               Join Filter: (supplier.s_nationkey = n2.n_nationkey)
               Rows Removed by Join Filter: 142668
               ->  Nested Loop  (cost=386415.93..14065129.71 rows=24268 width=20) (actual time=948.061..8804.289 rows=11818 loops=1)
                     ->  Nested Loop  (cost=386415.63..13985739.94 rows=24268 width=20) (actual time=948.042..8759.137 rows=11818 loops=1)
                           ->  Nested Loop  (cost=386415.20..3812839.23 rows=3640195 width=24) (actual time=944.292..4049.911 rows=1816648 loops=1)
                                 ->  Gather Merge  (cost=386414.63..495432.42 rows=910495 width=8) (actual time=944.226..1138.220 rows=454537 loops=1)
                                       Workers Planned: 4
                                       Workers Launched: 4
                                       ->  Sort  (cost=385414.57..385983.63 rows=227624 width=8) (actual time=932.267..937.567 rows=92073 loops=5)
                                             Sort Key: (EXTRACT(year FROM orders.o_orderdate))
                                             Sort Method: quicksort  Memory: 10656kB
                                             Worker 0:  Sort Method: quicksort  Memory: 12654kB
                                             Worker 1:  Sort Method: quicksort  Memory: 12138kB
                                             Worker 2:  Sort Method: quicksort  Memory: 11993kB
                                             Worker 3:  Sort Method: quicksort  Memory: 11730kB
                                             ->  Parallel Hash Join  (cost=42793.44..365160.25 rows=227624 width=8) (actual time=127.201..885.793 rows=182072 loops=5)
                                                   Hash Cond: (orders.o_custkey = customer.c_custkey)
                                                   ->  Parallel Seq Scan on orders  (cost=0.00..317529.81 rows=1138118 width=12) (actual time=0.037..467.305 rows=911503 loops=5)
                                                         Filter: ((o_orderdate >= '1995-01-01'::date) AND (o_orderdate <= '1996-12-31'::date))
                                                         Rows Removed by Filter: 2088497
                                                   ->  Parallel Hash  (cost=41855.92..41855.92 rows=75002 width=4) (actual time=126.025..126.029 rows=59887 loops=5)
                                                         Buckets: 524288  Batches: 1  Memory Usage: 15872kB
                                                         ->  Hash Join  (cost=2.51..41855.92 rows=75002 width=4) (actual time=0.087..97.308 rows=59887 loops=5)
                                                               Hash Cond: (customer.c_nationkey = n1.n_nationkey)
                                                               ->  Parallel Seq Scan on customer  (cost=0.00..39697.10 rows=375010 width=8) (actual time=0.047..60.478 rows=300000 loops=5)
                                                               ->  Hash  (cost=2.45..2.45 rows=5 width=4) (actual time=0.036..0.038 rows=5 loops=5)
                                                                     Buckets: 1024  Batches: 1  Memory Usage: 9kB
                                                                     ->  Hash Join  (cost=1.07..2.45 rows=5 width=4) (actual time=0.031..0.037 rows=5 loops=5)
                                                                           Hash Cond: (n1.n_regionkey = region.r_regionkey)
                                                                           ->  Seq Scan on nation n1  (cost=0.00..1.25 rows=25 width=8) (actual time=0.011..0.013 rows=25 loops=5)
                                                                           ->  Hash  (cost=1.06..1.06 rows=1 width=4) (actual time=0.017..0.017 rows=1 loops=5)
                                                                                 Buckets: 1024  Batches: 1  Memory Usage: 9kB
                                                                                 ->  Seq Scan on region  (cost=0.00..1.06 rows=1 width=4) (actual time=0.014..0.015 rows=1 loops=5)
                                                                                       Filter: (r_name = 'AMERICA'::bpchar)
                                                                                       Rows Removed by Filter: 4
                                 ->  Index Scan using idx_lineitem_orderkey on lineitem  (cost=0.56..3.60 rows=4 width=24) (actual time=0.005..0.006 rows=4 loops=454537)
                                       Index Cond: (l_orderkey = orders.o_orderkey)
                           ->  Memoize  (cost=0.44..3.42 rows=1 width=4) (actual time=0.002..0.002 rows=0 loops=1816648)
                                 Cache Key: lineitem.l_partkey
                                 Cache Mode: logical
                                 Hits: 597372  Misses: 1219276  Evictions: 235735  Overflows: 0  Memory Usage: 65537kB
                                 ->  Index Scan using part_pkey on part  (cost=0.43..3.41 rows=1 width=4) (actual time=0.003..0.003 rows=0 loops=1219276)
                                       Index Cond: (p_partkey = lineitem.l_partkey)
                                       Filter: ((p_type)::text = 'LARGE POLISHED BRASS'::text)
                                       Rows Removed by Filter: 1
                     ->  Index Scan using supplier_pkey on supplier  (cost=0.29..3.27 rows=1 width=8) (actual time=0.003..0.003 rows=1 loops=11818)
                           Index Cond: (s_suppkey = lineitem.l_suppkey)
               ->  Materialize  (cost=0.00..1.38 rows=25 width=30) (actual time=0.000..0.001 rows=13 loops=11818)
                     Storage: Memory  Maximum Storage: 18kB
                     ->  Seq Scan on nation n2  (cost=0.00..1.25 rows=25 width=30) (actual time=0.011..0.016 rows=25 loops=1)
 Planning Time: 5.653 ms
 Execution Time: 8841.431 ms
(56 rows)

query 9 run 1
SET
SET
SET
                                                                                         QUERY PLAN                                                                                         
--------------------------------------------------------------------------------------------------------------------------------------------------------------------------------------------
 Limit  (cost=53692.82..58563.65 rows=1 width=90) (actual time=1777899.873..1777901.252 rows=1 loops=1)
   ->  GroupAggregate  (cost=53692.82..1110664.00 rows=217 width=90) (actual time=1777899.872..1777901.250 rows=1 loops=1)
         Group Key: nation.n_name, (EXTRACT(year FROM orders.o_orderdate))
         ->  Incremental Sort  (cost=53692.82..1110656.94 rows=217 width=81) (actual time=1777892.253..1777894.474 rows=11401 loops=1)
               Sort Key: nation.n_name, (EXTRACT(year FROM orders.o_orderdate)) DESC
               Presorted Key: nation.n_name
               Full-sort Groups: 1  Sort Method: quicksort  Average Memory: 29kB  Peak Memory: 29kB
               Pre-sorted Groups: 1  Sort Method: quicksort  Average Memory: 12850kB  Peak Memory: 12850kB
               ->  Nested Loop  (cost=9652.78..1110650.35 rows=217 width=81) (actual time=449.458..1777798.377 rows=128453 loops=1)
                     Join Filter: (supplier.s_suppkey = lineitem.l_suppkey)
                     Rows Removed by Join Filter: 12778682909
                     ->  Gather Merge  (cost=8651.47..20048.53 rows=100000 width=30) (actual time=54.794..63.547 rows=3935 loops=1)
                           Workers Planned: 1
                           Workers Launched: 1
                           ->  Sort  (cost=7651.46..7798.52 rows=58824 width=30) (actual time=45.502..46.163 rows=2434 loops=2)
                                 Sort Key: nation.n_name
                                 Sort Method: quicksort  Memory: 4154kB
                                 Worker 0:  Sort Method: quicksort  Memory: 3607kB
                                 ->  Hash Join  (cost=1.56..2991.39 rows=58824 width=30) (actual time=0.393..21.987 rows=50000 loops=2)
                                       Hash Cond: (supplier.s_nationkey = nation.n_nationkey)
                                       ->  Parallel Seq Scan on supplier  (cost=0.00..2809.24 rows=58824 width=8) (actual time=0.285..12.872 rows=50000 loops=2)
                                       ->  Hash  (cost=1.25..1.25 rows=25 width=30) (actual time=0.102..0.103 rows=25 loops=2)
                                             Buckets: 1024  Batches: 1  Memory Usage: 10kB
                                             ->  Seq Scan on nation  (cost=0.00..1.25 rows=25 width=30) (actual time=0.093..0.096 rows=25 loops=2)
                     ->  Materialize  (cost=1001.31..762101.82 rows=219 width=35) (actual time=0.002..230.152 rows=3247474 loops=3935)
                           Storage: Disk  Maximum Storage: 158361kB
                           ->  Gather  (cost=1001.31..762100.73 rows=219 width=35) (actual time=3.014..38899.873 rows=3248192 loops=1)
                                 Workers Planned: 4
                                 Workers Launched: 4
                                 ->  Nested Loop  (cost=1.31..761078.83 rows=55 width=35) (actual time=1.820..39721.947 rows=649638 loops=5)
                                       ->  Nested Loop  (cost=0.87..760890.58 rows=55 width=35) (actual time=1.251..28471.246 rows=649638 loops=5)
                                             ->  Nested Loop  (cost=0.43..204688.44 rows=161652 width=18) (actual time=0.891..1123.533 rows=86650 loops=5)
                                                   ->  Parallel Seq Scan on part  (cost=0.00..47230.79 rows=40403 width=4) (actual time=0.256..171.368 rows=21662 loops=5)
                                                         Filter: ((p_name)::text ~~ '%navy%'::text)
                                                         Rows Removed by Filter: 378338
                                                   ->  Index Scan using idx_partsupp_partkey on partsupp  (cost=0.43..3.72 rows=18 width=14) (actual time=0.039..0.042 rows=4 loops=108312)
                                                         Index Cond: (ps_partkey = part.p_partkey)
                                             ->  Index Scan using idx_lineitem_part_supp on lineitem  (cost=0.44..3.43 rows=1 width=29) (actual time=0.045..0.313 rows=7 loops=433248)
                                                   Index Cond: ((l_partkey = partsupp.ps_partkey) AND (l_suppkey = partsupp.ps_suppkey))
                                       ->  Index Scan using orders_pkey on orders  (cost=0.43..3.42 rows=1 width=8) (actual time=0.017..0.017 rows=1 loops=3248192)
                                             Index Cond: (o_orderkey = lineitem.l_orderkey)
 Planning Time: 32.458 ms
 Execution Time: 1777920.840 ms
(43 rows)

SET
SET
SET
                                                                                         QUERY PLAN                                                                                         
--------------------------------------------------------------------------------------------------------------------------------------------------------------------------------------------
 Limit  (cost=53692.82..58563.65 rows=1 width=90) (actual time=1759723.011..1759724.551 rows=1 loops=1)
   ->  GroupAggregate  (cost=53692.82..1110664.00 rows=217 width=90) (actual time=1759723.010..1759724.549 rows=1 loops=1)
         Group Key: nation.n_name, (EXTRACT(year FROM orders.o_orderdate))
         ->  Incremental Sort  (cost=53692.82..1110656.94 rows=217 width=81) (actual time=1759715.472..1759717.828 rows=11401 loops=1)
               Sort Key: nation.n_name, (EXTRACT(year FROM orders.o_orderdate)) DESC
               Presorted Key: nation.n_name
               Full-sort Groups: 1  Sort Method: quicksort  Average Memory: 30kB  Peak Memory: 30kB
               Pre-sorted Groups: 1  Sort Method: quicksort  Average Memory: 12850kB  Peak Memory: 12850kB
               ->  Nested Loop  (cost=9652.78..1110650.35 rows=217 width=81) (actual time=6855.242..1759624.655 rows=128453 loops=1)
                     Join Filter: (supplier.s_suppkey = lineitem.l_suppkey)
                     Rows Removed by Join Filter: 12778508905
                     ->  Gather Merge  (cost=8651.47..20048.53 rows=100000 width=30) (actual time=51.887..60.729 rows=3935 loops=1)
                           Workers Planned: 1
                           Workers Launched: 1
                           ->  Sort  (cost=7651.46..7798.52 rows=58824 width=30) (actual time=46.630..47.261 rows=2494 loops=2)
                                 Sort Key: nation.n_name
                                 Sort Method: quicksort  Memory: 3999kB
                                 Worker 0:  Sort Method: quicksort  Memory: 3761kB
                                 ->  Hash Join  (cost=1.56..2991.39 rows=58824 width=30) (actual time=0.343..21.728 rows=50000 loops=2)
                                       Hash Cond: (supplier.s_nationkey = nation.n_nationkey)
                                       ->  Parallel Seq Scan on supplier  (cost=0.00..2809.24 rows=58824 width=8) (actual time=0.222..12.498 rows=50000 loops=2)
                                       ->  Hash  (cost=1.25..1.25 rows=25 width=30) (actual time=0.115..0.116 rows=25 loops=2)
                                             Buckets: 1024  Batches: 1  Memory Usage: 10kB
                                             ->  Seq Scan on nation  (cost=0.00..1.25 rows=25 width=30) (actual time=0.106..0.108 rows=25 loops=2)
                     ->  Materialize  (cost=1001.31..762101.82 rows=219 width=35) (actual time=0.002..225.816 rows=3247430 loops=3935)
                           Storage: Disk  Maximum Storage: 158361kB
                           ->  Gather  (cost=1001.31..762100.73 rows=219 width=35) (actual time=0.841..16403.715 rows=3248192 loops=1)
                                 Workers Planned: 4
                                 Workers Launched: 4
                                 ->  Nested Loop  (cost=1.31..761078.83 rows=55 width=35) (actual time=1.203..17209.183 rows=649638 loops=5)
                                       ->  Nested Loop  (cost=0.87..760890.58 rows=55 width=35) (actual time=1.162..11091.358 rows=649638 loops=5)
                                             ->  Nested Loop  (cost=0.43..204688.44 rows=161652 width=18) (actual time=0.831..719.942 rows=86650 loops=5)
                                                   ->  Parallel Seq Scan on part  (cost=0.00..47230.79 rows=40403 width=4) (actual time=0.252..164.443 rows=21662 loops=5)
                                                         Filter: ((p_name)::text ~~ '%navy%'::text)
                                                         Rows Removed by Filter: 378338
                                                   ->  Index Scan using idx_partsupp_partkey on partsupp  (cost=0.43..3.72 rows=18 width=14) (actual time=0.022..0.024 rows=4 loops=108312)
                                                         Index Cond: (ps_partkey = part.p_partkey)
                                             ->  Index Scan using idx_lineitem_part_supp on lineitem  (cost=0.44..3.43 rows=1 width=29) (actual time=0.019..0.118 rows=7 loops=433248)
                                                   Index Cond: ((l_partkey = partsupp.ps_partkey) AND (l_suppkey = partsupp.ps_suppkey))
                                       ->  Index Scan using orders_pkey on orders  (cost=0.43..3.42 rows=1 width=8) (actual time=0.009..0.009 rows=1 loops=3248192)
                                             Index Cond: (o_orderkey = lineitem.l_orderkey)
 Planning Time: 18.781 ms
 Execution Time: 1759745.023 ms
(43 rows)

query 10 run 1
SET
SET
SET
                                                                                            QUERY PLAN                                                                                            
--------------------------------------------------------------------------------------------------------------------------------------------------------------------------------------------------
 Limit  (cost=936592.97..936593.02 rows=20 width=201) (actual time=22118.550..22172.140 rows=20 loops=1)
   ->  Sort  (cost=936592.97..937986.46 rows=557395 width=201) (actual time=22118.548..22172.137 rows=20 loops=1)
         Sort Key: (sum((lineitem.l_extendedprice * ('1'::numeric - lineitem.l_discount)))) DESC
         Sort Method: top-N heapsort  Memory: 33kB
         ->  GroupAggregate  (cost=841086.53..921760.89 rows=557395 width=201) (actual time=21110.454..22052.209 rows=381205 loops=1)
               Group Key: customer.c_custkey, nation.n_name
               ->  Gather Merge  (cost=841086.53..907826.02 rows=557395 width=181) (actual time=21109.564..21392.043 rows=1145402 loops=1)
                     Workers Planned: 4
                     Workers Launched: 4
                     ->  Sort  (cost=840086.47..840434.84 rows=139349 width=181) (actual time=21092.598..21117.840 rows=229080 loops=5)
                           Sort Key: customer.c_custkey, nation.n_name
                           Sort Method: external merge  Disk: 43512kB
                           Worker 0:  Sort Method: external merge  Disk: 43736kB
                           Worker 1:  Sort Method: external merge  Disk: 43568kB
                           Worker 2:  Sort Method: external merge  Disk: 48920kB
                           Worker 3:  Sort Method: external merge  Disk: 38784kB
                           ->  Hash Join  (cost=784894.40..828180.25 rows=139349 width=181) (actual time=20601.878..20954.570 rows=229080 loops=5)
                                 Hash Cond: (customer.c_nationkey = nation.n_nationkey)
                                 ->  Parallel Hash Join  (cost=784892.84..827750.89 rows=139349 width=159) (actual time=20601.809..20907.221 rows=229080 loops=5)
                                       Hash Cond: (customer.c_custkey = orders.o_custkey)
                                       ->  Parallel Seq Scan on customer  (cost=0.00..39697.10 rows=375010 width=147) (actual time=0.579..159.892 rows=300000 loops=5)
                                       ->  Parallel Hash  (cost=783150.98..783150.98 rows=139349 width=16) (actual time=20600.096..20600.098 rows=229080 loops=5)
                                             Buckets: 2097152 (originally 1048576)  Batches: 1 (originally 1)  Memory Usage: 85152kB
                                             ->  Nested Loop  (cost=6536.75..783150.98 rows=139349 width=16) (actual time=137.141..20435.546 rows=229080 loops=5)
                                                   ->  Parallel Bitmap Heap Scan on orders  (cost=6536.19..269929.16 rows=141665 width=8) (actual time=135.400..4571.895 rows=114632 loops=5)
                                                         Recheck Cond: ((o_orderdate >= '1994-08-01'::date) AND (o_orderdate < '1994-11-01'::date))
                                                         Heap Blocks: exact=46633
                                                         Worker 0:  Heap Blocks: exact=46861
                                                         Worker 1:  Heap Blocks: exact=46465
                                                         Worker 2:  Heap Blocks: exact=46475
                                                         Worker 3:  Heap Blocks: exact=46912
                                                         ->  Bitmap Index Scan on idx_orders_orderdate  (cost=0.00..6394.53 rows=566659 width=0) (actual time=87.113..87.113 rows=573160 loops=1)
                                                               Index Cond: ((o_orderdate >= '1994-08-01'::date) AND (o_orderdate < '1994-11-01'::date))
                                                   ->  Index Scan using idx_lineitem_orderkey on lineitem  (cost=0.56..3.61 rows=1 width=16) (actual time=0.132..0.137 rows=2 loops=573160)
                                                         Index Cond: (l_orderkey = orders.o_orderkey)
                                                         Filter: (l_returnflag = 'R'::bpchar)
                                                         Rows Removed by Filter: 2
                                 ->  Hash  (cost=1.25..1.25 rows=25 width=30) (actual time=0.064..0.064 rows=25 loops=5)
                                       Buckets: 1024  Batches: 1  Memory Usage: 10kB
                                       ->  Seq Scan on nation  (cost=0.00..1.25 rows=25 width=30) (actual time=0.054..0.056 rows=25 loops=5)
 Planning Time: 25.971 ms
 Execution Time: 22178.485 ms
(42 rows)

SET
SET
SET
                                                                                            QUERY PLAN                                                                                            
--------------------------------------------------------------------------------------------------------------------------------------------------------------------------------------------------
 Limit  (cost=936592.97..936593.02 rows=20 width=201) (actual time=3582.382..3637.225 rows=20 loops=1)
   ->  Sort  (cost=936592.97..937986.46 rows=557395 width=201) (actual time=3582.381..3637.221 rows=20 loops=1)
         Sort Key: (sum((lineitem.l_extendedprice * ('1'::numeric - lineitem.l_discount)))) DESC
         Sort Method: top-N heapsort  Memory: 33kB
         ->  GroupAggregate  (cost=841086.53..921760.89 rows=557395 width=201) (actual time=2573.068..3518.499 rows=381205 loops=1)
               Group Key: customer.c_custkey, nation.n_name
               ->  Gather Merge  (cost=841086.53..907826.02 rows=557395 width=181) (actual time=2573.047..2861.549 rows=1145402 loops=1)
                     Workers Planned: 4
                     Workers Launched: 4
                     ->  Sort  (cost=840086.47..840434.84 rows=139349 width=181) (actual time=2555.956..2581.708 rows=229080 loops=5)
                           Sort Key: customer.c_custkey, nation.n_name
                           Sort Method: external merge  Disk: 52968kB
                           Worker 0:  Sort Method: external merge  Disk: 45112kB
                           Worker 1:  Sort Method: external merge  Disk: 38440kB
                           Worker 2:  Sort Method: external merge  Disk: 29544kB
                           Worker 3:  Sort Method: external merge  Disk: 52456kB
                           ->  Hash Join  (cost=784894.40..828180.25 rows=139349 width=181) (actual time=2164.083..2428.292 rows=229080 loops=5)
                                 Hash Cond: (customer.c_nationkey = nation.n_nationkey)
                                 ->  Parallel Hash Join  (cost=784892.84..827750.89 rows=139349 width=159) (actual time=2164.053..2375.550 rows=229080 loops=5)
                                       Hash Cond: (customer.c_custkey = orders.o_custkey)
                                       ->  Parallel Seq Scan on customer  (cost=0.00..39697.10 rows=375010 width=147) (actual time=0.028..47.979 rows=300000 loops=5)
                                       ->  Parallel Hash  (cost=783150.98..783150.98 rows=139349 width=16) (actual time=2161.808..2161.810 rows=229080 loops=5)
                                             Buckets: 2097152 (originally 1048576)  Batches: 1 (originally 1)  Memory Usage: 85184kB
                                             ->  Nested Loop  (cost=6536.75..783150.98 rows=139349 width=16) (actual time=132.631..2047.335 rows=229080 loops=5)
                                                   ->  Parallel Bitmap Heap Scan on orders  (cost=6536.19..269929.16 rows=141665 width=8) (actual time=132.545..470.722 rows=114632 loops=5)
                                                         Recheck Cond: ((o_orderdate >= '1994-08-01'::date) AND (o_orderdate < '1994-11-01'::date))
                                                         Heap Blocks: exact=48165
                                                         Worker 0:  Heap Blocks: exact=47887
                                                         Worker 1:  Heap Blocks: exact=48035
                                                         Worker 2:  Heap Blocks: exact=42620
                                                         Worker 3:  Heap Blocks: exact=46639
                                                         ->  Bitmap Index Scan on idx_orders_orderdate  (cost=0.00..6394.53 rows=566659 width=0) (actual time=83.828..83.828 rows=573160 loops=1)
                                                               Index Cond: ((o_orderdate >= '1994-08-01'::date) AND (o_orderdate < '1994-11-01'::date))
                                                   ->  Index Scan using idx_lineitem_orderkey on lineitem  (cost=0.56..3.61 rows=1 width=16) (actual time=0.012..0.013 rows=2 loops=573160)
                                                         Index Cond: (l_orderkey = orders.o_orderkey)
                                                         Filter: (l_returnflag = 'R'::bpchar)
                                                         Rows Removed by Filter: 2
                                 ->  Hash  (cost=1.25..1.25 rows=25 width=30) (actual time=0.024..0.024 rows=25 loops=5)
                                       Buckets: 1024  Batches: 1  Memory Usage: 10kB
                                       ->  Seq Scan on nation  (cost=0.00..1.25 rows=25 width=30) (actual time=0.013..0.016 rows=25 loops=5)
 Planning Time: 2.142 ms
 Execution Time: 3644.669 ms
(42 rows)

query 11 run 1
SET
SET
SET
                                                                                         QUERY PLAN                                                                                          
---------------------------------------------------------------------------------------------------------------------------------------------------------------------------------------------
 Limit  (cost=451022.39..451022.39 rows=1 width=36) (actual time=3819.589..3834.386 rows=0 loops=1)
   InitPlan 1
     ->  Finalize Aggregate  (cost=197428.87..197428.88 rows=1 width=32) (actual time=152.946..153.043 rows=1 loops=1)
           ->  Gather  (cost=197428.65..197428.86 rows=2 width=32) (actual time=152.372..153.026 rows=3 loops=1)
                 Workers Planned: 2
                 Workers Launched: 2
                 ->  Partial Aggregate  (cost=196428.65..196428.66 rows=1 width=32) (actual time=150.110..150.111 rows=1 loops=3)
                       ->  Nested Loop  (cost=0.72..195428.43 rows=133362 width=10) (actual time=0.126..125.504 rows=106933 loops=3)
                             ->  Nested Loop  (cost=0.29..4178.78 rows=1667 width=4) (actual time=0.109..15.355 rows=1337 loops=3)
                                   Join Filter: (supplier_1.s_nationkey = nation_1.n_nationkey)
                                   Rows Removed by Join Filter: 31997
                                   ->  Parallel Index Scan using supplier_pkey on supplier supplier_1  (cost=0.29..3552.46 rows=41667 width=8) (actual time=0.033..6.662 rows=33333 loops=3)
                                   ->  Materialize  (cost=0.00..1.32 rows=1 width=4) (actual time=0.000..0.000 rows=1 loops=100000)
                                         Storage: Memory  Maximum Storage: 17kB
                                         ->  Seq Scan on nation nation_1  (cost=0.00..1.31 rows=1 width=4) (actual time=0.054..0.055 rows=1 loops=3)
                                               Filter: (n_name = 'SAUDI ARABIA'::bpchar)
                                               Rows Removed by Filter: 24
                             ->  Index Scan using idx_partsupp_suppkey on partsupp partsupp_1  (cost=0.43..113.92 rows=81 width=14) (actual time=0.004..0.073 rows=80 loops=4010)
                                   Index Cond: (ps_suppkey = supplier_1.s_suppkey)
   ->  Sort  (cost=253593.51..253860.23 rows=106690 width=36) (actual time=3819.588..3834.287 rows=0 loops=1)
         Sort Key: (sum((partsupp.ps_supplycost * (partsupp.ps_availqty)::numeric))) DESC
         Sort Method: quicksort  Memory: 25kB
         ->  GroupAggregate  (cost=207780.88..253060.06 rows=106690 width=36) (actual time=3819.579..3834.279 rows=0 loops=1)
               Group Key: partsupp.ps_partkey
               Filter: (sum((partsupp.ps_supplycost * (partsupp.ps_availqty)::numeric)) > (InitPlan 1).col1)
               Rows Removed by Filter: 301833
               ->  Gather Merge  (cost=207780.88..245058.31 rows=320070 width=14) (actual time=3436.926..3505.144 rows=320800 loops=1)
                     Workers Planned: 2
                     Workers Launched: 2
                     ->  Sort  (cost=206780.86..207114.27 rows=133362 width=14) (actual time=3428.244..3435.344 rows=106933 loops=3)
                           Sort Key: partsupp.ps_partkey
                           Sort Method: quicksort  Memory: 6405kB
                           Worker 0:  Sort Method: quicksort  Memory: 6375kB
                           Worker 1:  Sort Method: quicksort  Memory: 6463kB
                           ->  Nested Loop  (cost=0.72..195428.43 rows=133362 width=14) (actual time=0.842..3390.813 rows=106933 loops=3)
                                 ->  Nested Loop  (cost=0.29..4178.78 rows=1667 width=4) (actual time=0.414..25.073 rows=1337 loops=3)
                                       Join Filter: (supplier.s_nationkey = nation.n_nationkey)
                                       Rows Removed by Join Filter: 31997
                                       ->  Parallel Index Scan using supplier_pkey on supplier  (cost=0.29..3552.46 rows=41667 width=8) (actual time=0.257..14.754 rows=33333 loops=3)
                                       ->  Materialize  (cost=0.00..1.32 rows=1 width=4) (actual time=0.000..0.000 rows=1 loops=100000)
                                             Storage: Memory  Maximum Storage: 17kB
                                             ->  Seq Scan on nation  (cost=0.00..1.31 rows=1 width=4) (actual time=0.120..0.121 rows=1 loops=3)
                                                   Filter: (n_name = 'SAUDI ARABIA'::bpchar)
                                                   Rows Removed by Filter: 24
                                 ->  Index Scan using idx_partsupp_suppkey on partsupp  (cost=0.43..113.92 rows=81 width=18) (actual time=0.093..2.501 rows=80 loops=4010)
                                       Index Cond: (ps_suppkey = supplier.s_suppkey)
 Planning Time: 16.625 ms
 Execution Time: 3834.758 ms
(48 rows)

SET
SET
SET
                                                                                         QUERY PLAN                                                                                          
---------------------------------------------------------------------------------------------------------------------------------------------------------------------------------------------
 Limit  (cost=451022.39..451022.39 rows=1 width=36) (actual time=542.777..557.917 rows=0 loops=1)
   InitPlan 1
     ->  Finalize Aggregate  (cost=197428.87..197428.88 rows=1 width=32) (actual time=148.285..148.380 rows=1 loops=1)
           ->  Gather  (cost=197428.65..197428.86 rows=2 width=32) (actual time=148.276..148.373 rows=3 loops=1)
                 Workers Planned: 2
                 Workers Launched: 2
                 ->  Partial Aggregate  (cost=196428.65..196428.66 rows=1 width=32) (actual time=145.679..145.680 rows=1 loops=3)
                       ->  Nested Loop  (cost=0.72..195428.43 rows=133362 width=10) (actual time=0.144..121.145 rows=106933 loops=3)
                             ->  Nested Loop  (cost=0.29..4178.78 rows=1667 width=4) (actual time=0.125..15.306 rows=1337 loops=3)
                                   Join Filter: (supplier_1.s_nationkey = nation_1.n_nationkey)
                                   Rows Removed by Join Filter: 31997
                                   ->  Parallel Index Scan using supplier_pkey on supplier supplier_1  (cost=0.29..3552.46 rows=41667 width=8) (actual time=0.034..6.563 rows=33333 loops=3)
                                   ->  Materialize  (cost=0.00..1.32 rows=1 width=4) (actual time=0.000..0.000 rows=1 loops=100000)
                                         Storage: Memory  Maximum Storage: 17kB
                                         ->  Seq Scan on nation nation_1  (cost=0.00..1.31 rows=1 width=4) (actual time=0.067..0.068 rows=1 loops=3)
                                               Filter: (n_name = 'SAUDI ARABIA'::bpchar)
                                               Rows Removed by Filter: 24
                             ->  Index Scan using idx_partsupp_suppkey on partsupp partsupp_1  (cost=0.43..113.92 rows=81 width=14) (actual time=0.004..0.070 rows=80 loops=4010)
                                   Index Cond: (ps_suppkey = supplier_1.s_suppkey)
   ->  Sort  (cost=253593.51..253860.23 rows=106690 width=36) (actual time=542.776..557.819 rows=0 loops=1)
         Sort Key: (sum((partsupp.ps_supplycost * (partsupp.ps_availqty)::numeric))) DESC
         Sort Method: quicksort  Memory: 25kB
         ->  GroupAggregate  (cost=207780.88..253060.06 rows=106690 width=36) (actual time=542.768..557.811 rows=0 loops=1)
               Group Key: partsupp.ps_partkey
               Filter: (sum((partsupp.ps_supplycost * (partsupp.ps_availqty)::numeric)) > (InitPlan 1).col1)
               Rows Removed by Filter: 301833
               ->  Gather Merge  (cost=207780.88..245058.31 rows=320070 width=14) (actual time=165.211..235.177 rows=320800 loops=1)
                     Workers Planned: 2
                     Workers Launched: 2
                     ->  Sort  (cost=206780.86..207114.27 rows=133362 width=14) (actual time=162.331..169.186 rows=106933 loops=3)
                           Sort Key: partsupp.ps_partkey
                           Sort Method: quicksort  Memory: 6440kB
                           Worker 0:  Sort Method: quicksort  Memory: 6380kB
                           Worker 1:  Sort Method: quicksort  Memory: 6423kB
                           ->  Nested Loop  (cost=0.72..195428.43 rows=133362 width=14) (actual time=0.135..137.827 rows=106933 loops=3)
                                 ->  Nested Loop  (cost=0.29..4178.78 rows=1667 width=4) (actual time=0.119..16.078 rows=1337 loops=3)
                                       Join Filter: (supplier.s_nationkey = nation.n_nationkey)
                                       Rows Removed by Join Filter: 31997
                                       ->  Parallel Index Scan using supplier_pkey on supplier  (cost=0.29..3552.46 rows=41667 width=8) (actual time=0.027..7.160 rows=33333 loops=3)
                                       ->  Materialize  (cost=0.00..1.32 rows=1 width=4) (actual time=0.000..0.000 rows=1 loops=100000)
                                             Storage: Memory  Maximum Storage: 17kB
                                             ->  Seq Scan on nation  (cost=0.00..1.31 rows=1 width=4) (actual time=0.068..0.069 rows=1 loops=3)
                                                   Filter: (n_name = 'SAUDI ARABIA'::bpchar)
                                                   Rows Removed by Filter: 24
                                 ->  Index Scan using idx_partsupp_suppkey on partsupp  (cost=0.43..113.92 rows=81 width=18) (actual time=0.004..0.082 rows=80 loops=4010)
                                       Index Cond: (ps_suppkey = supplier.s_suppkey)
 Planning Time: 1.258 ms
 Execution Time: 557.996 ms
(48 rows)

query 12 run 1
SET
SET
SET
                                                                                                                    QUERY PLAN                                                                                                                     
---------------------------------------------------------------------------------------------------------------------------------------------------------------------------------------------------------------------------------------------------
 Limit  (cost=1469475.96..1618480.66 rows=1 width=27) (actual time=13933.441..13936.665 rows=1 loops=1)
   ->  GroupAggregate  (cost=1469475.96..2512508.86 rows=7 width=27) (actual time=13933.440..13936.663 rows=1 loops=1)
         Group Key: lineitem.l_shipmode
         ->  Nested Loop  (cost=1469475.96..2507374.85 rows=293368 width=27) (actual time=7216.049..13850.887 rows=155572 loops=1)
               ->  Gather Merge  (cost=1469475.52..1504601.83 rows=293368 width=15) (actual time=7214.636..7291.034 rows=155572 loops=1)
                     Workers Planned: 4
                     Workers Launched: 4
                     ->  Sort  (cost=1468475.46..1468658.82 rows=73342 width=15) (actual time=7199.352..7201.772 rows=32258 loops=5)
                           Sort Key: lineitem.l_shipmode
                           Sort Method: quicksort  Memory: 3464kB
                           Worker 0:  Sort Method: quicksort  Memory: 3494kB
                           Worker 1:  Sort Method: quicksort  Memory: 3499kB
                           Worker 2:  Sort Method: quicksort  Memory: 3483kB
                           Worker 3:  Sort Method: quicksort  Memory: 3469kB
                           ->  Parallel Seq Scan on lineitem  (cost=0.00..1462548.57 rows=73342 width=15) (actual time=1.529..7184.616 rows=62252 loops=5)
                                 Filter: ((l_shipmode = ANY ('{SHIP,"REG AIR"}'::bpchar[])) AND (l_commitdate < l_receiptdate) AND (l_shipdate < l_commitdate) AND (l_receiptdate >= '1994-01-01'::date) AND (l_receiptdate < '1995-01-01'::date))
                                 Rows Removed by Filter: 11934959
               ->  Index Scan using orders_pkey on orders  (cost=0.43..3.42 rows=1 width=20) (actual time=0.041..0.041 rows=1 loops=155572)
                     Index Cond: (o_orderkey = lineitem.l_orderkey)
 Planning Time: 17.461 ms
 Execution Time: 13937.089 ms
(21 rows)

SET
SET
SET
                                                                                                                    QUERY PLAN                                                                                                                     
---------------------------------------------------------------------------------------------------------------------------------------------------------------------------------------------------------------------------------------------------
 Limit  (cost=1469475.96..1618480.66 rows=1 width=27) (actual time=3892.722..3894.213 rows=1 loops=1)
   ->  GroupAggregate  (cost=1469475.96..2512508.86 rows=7 width=27) (actual time=3892.721..3894.212 rows=1 loops=1)
         Group Key: lineitem.l_shipmode
         ->  Nested Loop  (cost=1469475.96..2507374.85 rows=293368 width=27) (actual time=3400.929..3854.543 rows=155572 loops=1)
               ->  Gather Merge  (cost=1469475.52..1504601.83 rows=293368 width=15) (actual time=3400.879..3439.064 rows=155572 loops=1)
                     Workers Planned: 4
                     Workers Launched: 4
                     ->  Sort  (cost=1468475.46..1468658.82 rows=73342 width=15) (actual time=3393.102..3394.972 rows=32316 loops=5)
                           Sort Key: lineitem.l_shipmode
                           Sort Method: quicksort  Memory: 3491kB
                           Worker 0:  Sort Method: quicksort  Memory: 5211kB
                           Worker 1:  Sort Method: quicksort  Memory: 3361kB
                           Worker 2:  Sort Method: quicksort  Memory: 3459kB
                           Worker 3:  Sort Method: quicksort  Memory: 3424kB
                           ->  Parallel Seq Scan on lineitem  (cost=0.00..1462548.57 rows=73342 width=15) (actual time=0.116..3376.929 rows=62252 loops=5)
                                 Filter: ((l_shipmode = ANY ('{SHIP,"REG AIR"}'::bpchar[])) AND (l_commitdate < l_receiptdate) AND (l_shipdate < l_commitdate) AND (l_receiptdate >= '1994-01-01'::date) AND (l_receiptdate < '1995-01-01'::date))
                                 Rows Removed by Filter: 11934959
               ->  Index Scan using orders_pkey on orders  (cost=0.43..3.42 rows=1 width=20) (actual time=0.002..0.002 rows=1 loops=155572)
                     Index Cond: (o_orderkey = lineitem.l_orderkey)
 Planning Time: 0.884 ms
 Execution Time: 3894.269 ms
(21 rows)

query 13 run 1
SET
SET
SET
                                                                                    QUERY PLAN                                                                                     
-----------------------------------------------------------------------------------------------------------------------------------------------------------------------------------
 Limit  (cost=1361832.91..1361832.91 rows=1 width=16) (actual time=16619.319..16619.322 rows=1 loops=1)
   ->  Sort  (cost=1361832.91..1361833.41 rows=200 width=16) (actual time=16619.318..16619.320 rows=1 loops=1)
         Sort Key: (count(*)) DESC, (count(orders.o_orderkey)) DESC
         Sort Method: top-N heapsort  Memory: 25kB
         ->  HashAggregate  (cost=1361829.91..1361831.91 rows=200 width=16) (actual time=16619.290..16619.298 rows=46 loops=1)
               Group Key: count(orders.o_orderkey)
               Batches: 1  Memory Usage: 40kB
               ->  HashAggregate  (cost=1208300.74..1339329.30 rows=1500041 width=12) (actual time=14479.320..16451.443 rows=1500000 loops=1)
                     Group Key: customer.c_custkey
                     Planned Partitions: 4  Batches: 5  Memory Usage: 65585kB  Disk Usage: 212480kB
                     ->  Hash Right Join  (cost=53285.56..662968.48 rows=14851602 width=8) (actual time=369.764..10693.435 rows=15337604 loops=1)
                           Hash Cond: (orders.o_custkey = customer.c_custkey)
                           ->  Seq Scan on orders  (cost=0.00..448807.36 rows=14851602 width=8) (actual time=0.787..5005.211 rows=14837583 loops=1)
                                 Filter: ((o_comment)::text !~~ '%special%requests%'::text)
                                 Rows Removed by Filter: 162417
                           ->  Hash  (cost=28675.04..28675.04 rows=1500041 width=4) (actual time=366.323..366.324 rows=1500000 loops=1)
                                 Buckets: 2097152  Batches: 2  Memory Usage: 42747kB
                                 ->  Index Only Scan using customer_pkey on customer  (cost=0.43..28675.04 rows=1500041 width=4) (actual time=0.022..165.115 rows=1500000 loops=1)
                                       Heap Fetches: 0
 Planning Time: 18.906 ms
 Execution Time: 16652.704 ms
(21 rows)

SET
SET
SET
                                                                                    QUERY PLAN                                                                                     
-----------------------------------------------------------------------------------------------------------------------------------------------------------------------------------
 Limit  (cost=1361832.91..1361832.91 rows=1 width=16) (actual time=15982.341..15982.344 rows=1 loops=1)
   ->  Sort  (cost=1361832.91..1361833.41 rows=200 width=16) (actual time=15982.339..15982.342 rows=1 loops=1)
         Sort Key: (count(*)) DESC, (count(orders.o_orderkey)) DESC
         Sort Method: top-N heapsort  Memory: 25kB
         ->  HashAggregate  (cost=1361829.91..1361831.91 rows=200 width=16) (actual time=15982.313..15982.321 rows=46 loops=1)
               Group Key: count(orders.o_orderkey)
               Batches: 1  Memory Usage: 40kB
               ->  HashAggregate  (cost=1208300.74..1339329.30 rows=1500041 width=12) (actual time=13858.242..15814.428 rows=1500000 loops=1)
                     Group Key: customer.c_custkey
                     Planned Partitions: 4  Batches: 5  Memory Usage: 65585kB  Disk Usage: 212480kB
                     ->  Hash Right Join  (cost=53285.56..662968.48 rows=14851602 width=8) (actual time=325.623..10071.111 rows=15337604 loops=1)
                           Hash Cond: (orders.o_custkey = customer.c_custkey)
                           ->  Seq Scan on orders  (cost=0.00..448807.36 rows=14851602 width=8) (actual time=0.037..4506.264 rows=14837583 loops=1)
                                 Filter: ((o_comment)::text !~~ '%special%requests%'::text)
                                 Rows Removed by Filter: 162417
                           ->  Hash  (cost=28675.04..28675.04 rows=1500041 width=4) (actual time=323.023..323.024 rows=1500000 loops=1)
                                 Buckets: 2097152  Batches: 2  Memory Usage: 42747kB
                                 ->  Index Only Scan using customer_pkey on customer  (cost=0.43..28675.04 rows=1500041 width=4) (actual time=0.021..133.209 rows=1500000 loops=1)
                                       Heap Fetches: 0
 Planning Time: 0.768 ms
 Execution Time: 16016.242 ms
(21 rows)

query 14 run 1
SET
SET
SET
                                                                                  QUERY PLAN                                                                                  
------------------------------------------------------------------------------------------------------------------------------------------------------------------------------
 Limit  (cost=870006.32..870006.34 rows=1 width=32) (actual time=8811.349..8843.616 rows=1 loops=1)
   ->  Finalize Aggregate  (cost=870006.32..870006.34 rows=1 width=32) (actual time=8811.348..8843.614 rows=1 loops=1)
         ->  Gather  (cost=870005.87..870006.28 rows=4 width=64) (actual time=8810.819..8843.598 rows=5 loops=1)
               Workers Planned: 4
               Workers Launched: 4
               ->  Partial Aggregate  (cost=869005.87..869005.88 rows=1 width=64) (actual time=8796.524..8796.526 rows=1 loops=5)
                     ->  Parallel Hash Join  (cost=65109.20..865491.99 rows=200793 width=33) (actual time=651.496..8650.925 rows=154588 loops=5)
                           Hash Cond: (lineitem.l_partkey = part.p_partkey)
                           ->  Parallel Bitmap Heap Scan on lineitem  (cost=12878.58..812734.29 rows=200793 width=16) (actual time=286.769..8116.062 rows=154588 loops=5)
                                 Recheck Cond: ((l_shipdate >= '1994-05-01'::date) AND (l_shipdate < '1994-06-01'::date))
                                 Heap Blocks: exact=83541
                                 Worker 0:  Heap Blocks: exact=83421
                                 Worker 1:  Heap Blocks: exact=83561
                                 Worker 2:  Heap Blocks: exact=83644
                                 Worker 3:  Heap Blocks: exact=82402
                                 ->  Bitmap Index Scan on idx_lineitem_shipdate  (cost=0.00..12677.79 rows=803172 width=0) (actual time=187.088..187.088 rows=772942 loops=1)
                                       Index Cond: ((l_shipdate >= '1994-05-01'::date) AND (l_shipdate < '1994-06-01'::date))
                           ->  Parallel Hash  (cost=45980.83..45980.83 rows=499983 width=25) (actual time=362.546..362.546 rows=400000 loops=5)
                                 Buckets: 2097152  Batches: 1  Memory Usage: 137280kB
                                 ->  Parallel Seq Scan on part  (cost=0.00..45980.83 rows=499983 width=25) (actual time=0.539..205.744 rows=400000 loops=5)
 Planning Time: 16.985 ms
 Execution Time: 8843.943 ms
(22 rows)

SET
SET
SET
                                                                                  QUERY PLAN                                                                                  
------------------------------------------------------------------------------------------------------------------------------------------------------------------------------
 Limit  (cost=870006.32..870006.34 rows=1 width=32) (actual time=1627.051..1662.476 rows=1 loops=1)
   ->  Finalize Aggregate  (cost=870006.32..870006.34 rows=1 width=32) (actual time=1627.049..1662.473 rows=1 loops=1)
         ->  Gather  (cost=870005.87..870006.28 rows=4 width=64) (actual time=1623.908..1662.453 rows=5 loops=1)
               Workers Planned: 4
               Workers Launched: 4
               ->  Partial Aggregate  (cost=869005.87..869005.88 rows=1 width=64) (actual time=1615.307..1615.310 rows=1 loops=5)
                     ->  Parallel Hash Join  (cost=65109.20..865491.99 rows=200793 width=33) (actual time=520.290..1511.031 rows=154588 loops=5)
                           Hash Cond: (lineitem.l_partkey = part.p_partkey)
                           ->  Parallel Bitmap Heap Scan on lineitem  (cost=12878.58..812734.29 rows=200793 width=16) (actual time=267.532..1109.502 rows=154588 loops=5)
                                 Recheck Cond: ((l_shipdate >= '1994-05-01'::date) AND (l_shipdate < '1994-06-01'::date))
                                 Heap Blocks: exact=83728
                                 Worker 0:  Heap Blocks: exact=88675
                                 Worker 1:  Heap Blocks: exact=74794
                                 Worker 2:  Heap Blocks: exact=88376
                                 Worker 3:  Heap Blocks: exact=80996
                                 ->  Bitmap Index Scan on idx_lineitem_shipdate  (cost=0.00..12677.79 rows=803172 width=0) (actual time=168.333..168.333 rows=772942 loops=1)
                                       Index Cond: ((l_shipdate >= '1994-05-01'::date) AND (l_shipdate < '1994-06-01'::date))
                           ->  Parallel Hash  (cost=45980.83..45980.83 rows=499983 width=25) (actual time=250.432..250.432 rows=400000 loops=5)
                                 Buckets: 2097152  Batches: 1  Memory Usage: 137280kB
                                 ->  Parallel Seq Scan on part  (cost=0.00..45980.83 rows=499983 width=25) (actual time=0.060..82.152 rows=400000 loops=5)
 Planning Time: 1.341 ms
 Execution Time: 1662.524 ms
(22 rows)

query 15 run 1
SET
SET
SET
CREATE VIEW
                                                                                       QUERY PLAN                                                                                       
----------------------------------------------------------------------------------------------------------------------------------------------------------------------------------------
 Limit  (cost=2740647.61..2740754.91 rows=1 width=103) (actual time=19756.052..19803.320 rows=1 loops=1)
   InitPlan 1
     ->  Aggregate  (cost=1388600.92..1388600.93 rows=1 width=32) (actual time=2831.714..2840.724 rows=1 loops=1)
           ->  Finalize HashAggregate  (cost=1386144.82..1387372.87 rows=98244 width=36) (actual time=2786.599..2834.801 rows=100000 loops=1)
                 Group Key: lineitem_1.l_suppkey
                 Batches: 1  Memory Usage: 56337kB
                 ->  Gather  (cost=1342671.85..1383197.50 rows=392976 width=36) (actual time=2473.714..2555.698 rows=398595 loops=1)
                       Workers Planned: 4
                       Workers Launched: 3
                       ->  Partial HashAggregate  (cost=1341671.85..1342899.90 rows=98244 width=36) (actual time=2469.133..2515.304 rows=99649 loops=4)
                             Group Key: lineitem_1.l_suppkey
                             Batches: 1  Memory Usage: 39953kB
                             Worker 0:  Batches: 1  Memory Usage: 43025kB
                             Worker 1:  Batches: 1  Memory Usage: 39953kB
                             Worker 2:  Batches: 1  Memory Usage: 39953kB
                             ->  Parallel Bitmap Heap Scan on lineitem lineitem_1  (cost=36350.90..1336004.21 rows=566764 width=16) (actual time=429.747..2030.650 rows=566428 loops=4)
                                   Recheck Cond: ((l_shipdate >= '1996-01-01'::date) AND (l_shipdate < '1996-04-01'::date))
                                   Rows Removed by Index Recheck: 3305913
                                   Heap Blocks: exact=105761 lossy=70559
                                   Worker 0:  Heap Blocks: exact=98554 lossy=65689
                                   Worker 1:  Heap Blocks: exact=97494 lossy=64955
                                   Worker 2:  Heap Blocks: exact=99344 lossy=65902
                                   ->  Bitmap Index Scan on idx_lineitem_shipdate  (cost=0.00..35784.14 rows=2267057 width=0) (actual time=339.412..339.413 rows=2265714 loops=1)
                                         Index Cond: ((l_shipdate >= '1996-01-01'::date) AND (l_shipdate < '1996-04-01'::date))
   ->  Nested Loop  (cost=1352046.68..1404731.83 rows=491 width=103) (actual time=19756.050..19794.306 rows=1 loops=1)
         ->  Finalize GroupAggregate  (cost=1352046.39..1403520.21 rows=491 width=36) (actual time=19755.274..19793.529 rows=1 loops=1)
               Group Key: lineitem.l_suppkey
               Filter: (sum((lineitem.l_extendedprice * ('1'::numeric - lineitem.l_discount))) = (InitPlan 1).col1)
               Rows Removed by Filter: 69997
               ->  Gather Merge  (cost=1352046.39..1399099.23 rows=392976 width=36) (actual time=16732.702..16832.901 rows=346139 loops=1)
                     Workers Planned: 4
                     Workers Launched: 4
                     ->  Sort  (cost=1351046.33..1351291.94 rows=98244 width=36) (actual time=16702.629..16710.014 rows=69688 loops=5)
                           Sort Key: lineitem.l_suppkey
                           Sort Method: quicksort  Memory: 11573kB
                           Worker 0:  Sort Method: quicksort  Memory: 11575kB
                           Worker 1:  Sort Method: quicksort  Memory: 11572kB
                           Worker 2:  Sort Method: quicksort  Memory: 11573kB
                           Worker 3:  Sort Method: quicksort  Memory: 11573kB
                           ->  Partial HashAggregate  (cost=1341671.85..1342899.90 rows=98244 width=36) (actual time=16615.243..16675.807 rows=98916 loops=5)
                                 Group Key: lineitem.l_suppkey
                                 Batches: 1  Memory Usage: 39953kB
                                 Worker 0:  Batches: 1  Memory Usage: 39953kB
                                 Worker 1:  Batches: 1  Memory Usage: 39953kB
                                 Worker 2:  Batches: 1  Memory Usage: 39953kB
                                 Worker 3:  Batches: 1  Memory Usage: 39953kB
                                 ->  Parallel Bitmap Heap Scan on lineitem  (cost=36350.90..1336004.21 rows=566764 width=16) (actual time=473.299..16121.509 rows=453143 loops=5)
                                       Recheck Cond: ((l_shipdate >= '1996-01-01'::date) AND (l_shipdate < '1996-04-01'::date))
                                       Rows Removed by Index Recheck: 2644730
                                       Heap Blocks: exact=80039 lossy=53152
                                       Worker 0:  Heap Blocks: exact=80314 lossy=53470
                                       Worker 1:  Heap Blocks: exact=80082 lossy=53550
                                       Worker 2:  Heap Blocks: exact=80131 lossy=53472
                                       Worker 3:  Heap Blocks: exact=80587 lossy=53461
                                       ->  Bitmap Index Scan on idx_lineitem_shipdate  (cost=0.00..35784.14 rows=2267057 width=0) (actual time=385.948..385.948 rows=2265714 loops=1)
                                             Index Cond: ((l_shipdate >= '1996-01-01'::date) AND (l_shipdate < '1996-04-01'::date))
         ->  Index Scan using supplier_pkey on supplier  (cost=0.29..2.46 rows=1 width=71) (actual time=0.768..0.768 rows=1 loops=1)
               Index Cond: (s_suppkey = lineitem.l_suppkey)
 Planning Time: 14.750 ms
 Execution Time: 19805.849 ms
(60 rows)

DROP VIEW
SET
SET
SET
CREATE VIEW
                                                                                       QUERY PLAN                                                                                       
----------------------------------------------------------------------------------------------------------------------------------------------------------------------------------------
 Limit  (cost=2740647.61..2740754.91 rows=1 width=103) (actual time=5787.659..5834.533 rows=1 loops=1)
   InitPlan 1
     ->  Aggregate  (cost=1388600.92..1388600.93 rows=1 width=32) (actual time=2831.932..2840.866 rows=1 loops=1)
           ->  Finalize HashAggregate  (cost=1386144.82..1387372.87 rows=98244 width=36) (actual time=2790.817..2835.016 rows=100000 loops=1)
                 Group Key: lineitem_1.l_suppkey
                 Batches: 1  Memory Usage: 57361kB
                 ->  Gather  (cost=1342671.85..1383197.50 rows=392976 width=36) (actual time=2478.171..2560.414 rows=398619 loops=1)
                       Workers Planned: 4
                       Workers Launched: 3
                       ->  Partial HashAggregate  (cost=1341671.85..1342899.90 rows=98244 width=36) (actual time=2473.601..2519.898 rows=99655 loops=4)
                             Group Key: lineitem_1.l_suppkey
                             Batches: 1  Memory Usage: 39953kB
                             Worker 0:  Batches: 1  Memory Usage: 43025kB
                             Worker 1:  Batches: 1  Memory Usage: 39953kB
                             Worker 2:  Batches: 1  Memory Usage: 39953kB
                             ->  Parallel Bitmap Heap Scan on lineitem lineitem_1  (cost=36350.90..1336004.21 rows=566764 width=16) (actual time=427.850..2035.855 rows=566428 loops=4)
                                   Recheck Cond: ((l_shipdate >= '1996-01-01'::date) AND (l_shipdate < '1996-04-01'::date))
                                   Rows Removed by Index Recheck: 3305913
                                   Heap Blocks: exact=105526 lossy=69809
                                   Worker 0:  Heap Blocks: exact=99768 lossy=65771
                                   Worker 1:  Heap Blocks: exact=96981 lossy=65614
                                   Worker 2:  Heap Blocks: exact=98878 lossy=65911
                                   ->  Bitmap Index Scan on idx_lineitem_shipdate  (cost=0.00..35784.14 rows=2267057 width=0) (actual time=337.469..337.469 rows=2265714 loops=1)
                                         Index Cond: ((l_shipdate >= '1996-01-01'::date) AND (l_shipdate < '1996-04-01'::date))
   ->  Nested Loop  (cost=1352046.68..1404731.83 rows=491 width=103) (actual time=5787.657..5825.596 rows=1 loops=1)
         ->  Finalize GroupAggregate  (cost=1352046.39..1403520.21 rows=491 width=36) (actual time=5787.587..5825.525 rows=1 loops=1)
               Group Key: lineitem.l_suppkey
               Filter: (sum((lineitem.l_extendedprice * ('1'::numeric - lineitem.l_discount))) = (InitPlan 1).col1)
               Rows Removed by Filter: 69997
               ->  Gather Merge  (cost=1352046.39..1399099.23 rows=392976 width=36) (actual time=2766.816..2865.463 rows=346055 loops=1)
                     Workers Planned: 4
                     Workers Launched: 4
                     ->  Sort  (cost=1351046.33..1351291.94 rows=98244 width=36) (actual time=2739.601..2746.756 rows=69703 loops=5)
                           Sort Key: lineitem.l_suppkey
                           Sort Method: quicksort  Memory: 11555kB
                           Worker 0:  Sort Method: quicksort  Memory: 11598kB
                           Worker 1:  Sort Method: quicksort  Memory: 11543kB
                           Worker 2:  Sort Method: quicksort  Memory: 11590kB
                           Worker 3:  Sort Method: quicksort  Memory: 11565kB
                           ->  Partial HashAggregate  (cost=1341671.85..1342899.90 rows=98244 width=36) (actual time=2652.330..2712.399 rows=98884 loops=5)
                                 Group Key: lineitem.l_suppkey
                                 Batches: 1  Memory Usage: 39953kB
                                 Worker 0:  Batches: 1  Memory Usage: 39953kB
                                 Worker 1:  Batches: 1  Memory Usage: 39953kB
                                 Worker 2:  Batches: 1  Memory Usage: 39953kB
                                 Worker 3:  Batches: 1  Memory Usage: 39953kB
                                 ->  Parallel Bitmap Heap Scan on lineitem  (cost=36350.90..1336004.21 rows=566764 width=16) (actual time=438.771..2214.614 rows=453143 loops=5)
                                       Recheck Cond: ((l_shipdate >= '1996-01-01'::date) AND (l_shipdate < '1996-04-01'::date))
                                       Rows Removed by Index Recheck: 2644730
                                       Heap Blocks: exact=76628 lossy=51483
                                       Worker 0:  Heap Blocks: exact=86937 lossy=57306
                                       Worker 1:  Heap Blocks: exact=75602 lossy=50552
                                       Worker 2:  Heap Blocks: exact=83594 lossy=55548
                                       Worker 3:  Heap Blocks: exact=78392 lossy=52216
                                       ->  Bitmap Index Scan on idx_lineitem_shipdate  (cost=0.00..35784.14 rows=2267057 width=0) (actual time=348.707..348.707 rows=2265714 loops=1)
                                             Index Cond: ((l_shipdate >= '1996-01-01'::date) AND (l_shipdate < '1996-04-01'::date))
         ->  Index Scan using supplier_pkey on supplier  (cost=0.29..2.46 rows=1 width=71) (actual time=0.065..0.065 rows=1 loops=1)
               Index Cond: (s_suppkey = lineitem.l_suppkey)
 Planning Time: 1.061 ms
 Execution Time: 5836.950 ms
(60 rows)

DROP VIEW
query 16 run 1
SET
SET
SET
                                                                                            QUERY PLAN                                                                                            
--------------------------------------------------------------------------------------------------------------------------------------------------------------------------------------------------
 Limit  (cost=253332.69..253332.69 rows=1 width=44) (actual time=2747.591..2755.031 rows=1 loops=1)
   ->  Sort  (cost=253332.69..253719.99 rows=154920 width=44) (actual time=2747.590..2755.029 rows=1 loops=1)
         Sort Key: (count(DISTINCT partsupp.ps_suppkey)) DESC, part.p_brand, part.p_type, part.p_size
         Sort Method: top-N heapsort  Memory: 25kB
         ->  GroupAggregate  (cost=172465.21..252558.09 rows=154920 width=44) (actual time=2109.381..2749.874 rows=27838 loops=1)
               Group Key: part.p_brand, part.p_type, part.p_size
               ->  Gather Merge  (cost=172465.21..244954.71 rows=605418 width=40) (actual time=2109.332..2605.706 rows=1186319 loops=1)
                     Workers Planned: 4
                     Workers Launched: 4
                     ->  Sort  (cost=171465.15..171843.53 rows=151354 width=40) (actual time=2028.738..2044.269 rows=237264 loops=5)
                           Sort Key: part.p_brand, part.p_type, part.p_size, partsupp.ps_suppkey
                           Sort Method: quicksort  Memory: 21047kB
                           Worker 0:  Sort Method: quicksort  Memory: 19406kB
                           Worker 1:  Sort Method: quicksort  Memory: 20086kB
                           Worker 2:  Sort Method: quicksort  Memory: 20839kB
                           Worker 3:  Sort Method: quicksort  Memory: 19336kB
                           ->  Parallel Hash Join  (cost=57897.76..158442.98 rows=151354 width=40) (actual time=326.740..1071.194 rows=237264 loops=5)
                                 Hash Cond: (partsupp.ps_partkey = part.p_partkey)
                                 ->  Parallel Index Only Scan using partsupp_pkey on partsupp  (cost=3471.46..101391.10 rows=1000218 width=8) (actual time=36.844..590.458 rows=1599104 loops=5)
                                       Filter: (NOT (ANY (ps_suppkey = (hashed SubPlan 1).col1)))
                                       Rows Removed by Filter: 896
                                       Heap Fetches: 0
                                       SubPlan 1
                                         ->  Seq Scan on supplier  (cost=0.00..3471.00 rows=10 width=4) (actual time=1.341..35.929 rows=56 loops=5)
                                               Filter: ((s_comment)::text ~~ '%Customer%Complaints%'::text)
                                               Rows Removed by Filter: 99944
                                 ->  Parallel Hash  (cost=53480.57..53480.57 rows=75658 width=40) (actual time=289.202..289.202 rows=59347 loops=5)
                                       Buckets: 524288  Batches: 1  Memory Usage: 26368kB
                                       ->  Parallel Seq Scan on part  (cost=0.00..53480.57 rows=75658 width=40) (actual time=0.639..264.027 rows=59347 loops=5)
                                             Filter: ((p_brand <> 'Brand#12'::bpchar) AND ((p_type)::text !~~ 'SMALL BRUSHED%'::text) AND (p_size = ANY ('{12,32,36,26,40,34,49,9}'::integer[])))
                                             Rows Removed by Filter: 340653
 Planning Time: 18.073 ms
 Execution Time: 2755.395 ms
(33 rows)

SET
SET
SET
                                                                                            QUERY PLAN                                                                                            
--------------------------------------------------------------------------------------------------------------------------------------------------------------------------------------------------
 Limit  (cost=253332.69..253332.69 rows=1 width=44) (actual time=2451.804..2455.244 rows=1 loops=1)
   ->  Sort  (cost=253332.69..253719.99 rows=154920 width=44) (actual time=2451.803..2455.241 rows=1 loops=1)
         Sort Key: (count(DISTINCT partsupp.ps_suppkey)) DESC, part.p_brand, part.p_type, part.p_size
         Sort Method: top-N heapsort  Memory: 25kB
         ->  GroupAggregate  (cost=172465.21..252558.09 rows=154920 width=44) (actual time=1811.610..2450.074 rows=27838 loops=1)
               Group Key: part.p_brand, part.p_type, part.p_size
               ->  Gather Merge  (cost=172465.21..244954.71 rows=605418 width=40) (actual time=1811.557..2305.432 rows=1186319 loops=1)
                     Workers Planned: 4
                     Workers Launched: 4
                     ->  Sort  (cost=171465.15..171843.53 rows=151354 width=40) (actual time=1764.811..1780.298 rows=237264 loops=5)
                           Sort Key: part.p_brand, part.p_type, part.p_size, partsupp.ps_suppkey
                           Sort Method: quicksort  Memory: 18852kB
                           Worker 0:  Sort Method: quicksort  Memory: 20448kB
                           Worker 1:  Sort Method: quicksort  Memory: 19633kB
                           Worker 2:  Sort Method: quicksort  Memory: 20627kB
                           Worker 3:  Sort Method: quicksort  Memory: 21154kB
                           ->  Parallel Hash Join  (cost=57897.76..158442.98 rows=151354 width=40) (actual time=180.489..793.968 rows=237264 loops=5)
                                 Hash Cond: (partsupp.ps_partkey = part.p_partkey)
                                 ->  Parallel Index Only Scan using partsupp_pkey on partsupp  (cost=3471.46..101391.10 rows=1000218 width=8) (actual time=26.105..443.195 rows=1599104 loops=5)
                                       Filter: (NOT (ANY (ps_suppkey = (hashed SubPlan 1).col1)))
                                       Rows Removed by Filter: 896
                                       Heap Fetches: 0
                                       SubPlan 1
                                         ->  Seq Scan on supplier  (cost=0.00..3471.00 rows=10 width=4) (actual time=0.086..25.840 rows=56 loops=5)
                                               Filter: ((s_comment)::text ~~ '%Customer%Complaints%'::text)
                                               Rows Removed by Filter: 99944
                                 ->  Parallel Hash  (cost=53480.57..53480.57 rows=75658 width=40) (actual time=153.745..153.746 rows=59347 loops=5)
                                       Buckets: 524288  Batches: 1  Memory Usage: 26368kB
                                       ->  Parallel Seq Scan on part  (cost=0.00..53480.57 rows=75658 width=40) (actual time=0.015..125.722 rows=59347 loops=5)
                                             Filter: ((p_brand <> 'Brand#12'::bpchar) AND ((p_type)::text !~~ 'SMALL BRUSHED%'::text) AND (p_size = ANY ('{12,32,36,26,40,34,49,9}'::integer[])))
                                             Rows Removed by Filter: 340653
 Planning Time: 0.870 ms
 Execution Time: 2455.311 ms
(33 rows)

query 17 run 1
SET
SET
SET
                                                                                      QUERY PLAN                                                                                       
---------------------------------------------------------------------------------------------------------------------------------------------------------------------------------------
 Limit  (cost=3301445.08..3301445.10 rows=1 width=32) (actual time=23974.588..24054.096 rows=1 loops=1)
   ->  Aggregate  (cost=3301445.08..3301445.10 rows=1 width=32) (actual time=23974.586..24054.094 rows=1 loops=1)
         ->  Merge Join  (cost=2257831.33..3301400.50 rows=17832 width=8) (actual time=17959.731..24053.213 rows=5319 loops=1)
               Merge Cond: (lineitem_1.l_partkey = part.p_partkey)
               Join Filter: (lineitem.l_quantity < ((0.2 * avg(lineitem_1.l_quantity))))
               Rows Removed by Join Filter: 54632
               ->  Finalize GroupAggregate  (cost=2256830.40..3194602.36 rows=1789851 width=36) (actual time=17824.703..23731.608 rows=1999333 loops=1)
                     Group Key: lineitem_1.l_partkey
                     ->  Gather Merge  (cost=2256830.40..3114059.06 rows=7159404 width=36) (actual time=17824.684..19807.916 rows=9972279 loops=1)
                           Workers Planned: 4
                           Workers Launched: 4
                           ->  Sort  (cost=2255830.34..2260304.97 rows=1789851 width=36) (actual time=17679.256..17987.788 rows=1994944 loops=5)
                                 Sort Key: lineitem_1.l_partkey
                                 Sort Method: external merge  Disk: 150344kB
                                 Worker 0:  Sort Method: external merge  Disk: 150360kB
                                 Worker 1:  Sort Method: external merge  Disk: 150376kB
                                 Worker 2:  Sort Method: external merge  Disk: 150352kB
                                 Worker 3:  Sort Method: external merge  Disk: 150336kB
                                 ->  Partial HashAggregate  (cost=1869661.19..2038477.71 rows=1789851 width=36) (actual time=9827.936..16858.730 rows=1995121 loops=5)
                                       Group Key: lineitem_1.l_partkey
                                       Planned Partitions: 16  Batches: 17  Memory Usage: 65681kB  Disk Usage: 397328kB
                                       Worker 0:  Batches: 17  Memory Usage: 65681kB  Disk Usage: 406536kB
                                       Worker 1:  Batches: 17  Memory Usage: 65681kB  Disk Usage: 407656kB
                                       Worker 2:  Batches: 17  Memory Usage: 65681kB  Disk Usage: 404496kB
                                       Worker 3:  Batches: 17  Memory Usage: 65681kB  Disk Usage: 399368kB
                                       ->  Parallel Seq Scan on lineitem lineitem_1  (cost=0.00..1275101.03 rows=14995803 width=9) (actual time=1.061..3876.822 rows=11997210 loops=5)
               ->  Materialize  (cost=1000.93..101505.38 rows=59775 width=21) (actual time=133.161..182.505 rows=59951 loops=1)
                     Storage: Memory  Maximum Storage: 19kB
                     ->  Gather Merge  (cost=1000.93..101355.94 rows=59775 width=21) (actual time=133.155..175.558 rows=59951 loops=1)
                           Workers Planned: 4
                           Workers Launched: 3
                           ->  Nested Loop  (cost=0.87..93236.10 rows=14944 width=21) (actual time=32.752..613.499 rows=14988 loops=4)
                                 ->  Parallel Index Scan using part_pkey on part  (cost=0.43..66711.83 rows=498 width=4) (actual time=27.910..227.167 rows=499 loops=4)
                                       Filter: ((p_brand = 'Brand#22'::bpchar) AND (p_container = 'LG BOX'::bpchar))
                                       Rows Removed by Filter: 499501
                                 ->  Index Scan using idx_lineitem_part_supp on lineitem  (cost=0.44..52.92 rows=34 width=17) (actual time=0.536..0.765 rows=30 loops=1996)
                                       Index Cond: (l_partkey = part.p_partkey)
 Planning Time: 16.399 ms
 Execution Time: 24122.900 ms
(39 rows)

SET
SET
SET
                                                                                      QUERY PLAN                                                                                       
---------------------------------------------------------------------------------------------------------------------------------------------------------------------------------------
 Limit  (cost=3301445.08..3301445.10 rows=1 width=32) (actual time=22310.293..22393.625 rows=1 loops=1)
   ->  Aggregate  (cost=3301445.08..3301445.10 rows=1 width=32) (actual time=22310.292..22393.623 rows=1 loops=1)
         ->  Merge Join  (cost=2257831.33..3301400.50 rows=17832 width=8) (actual time=16395.475..22392.902 rows=5319 loops=1)
               Merge Cond: (lineitem_1.l_partkey = part.p_partkey)
               Join Filter: (lineitem.l_quantity < ((0.2 * avg(lineitem_1.l_quantity))))
               Rows Removed by Join Filter: 54632
               ->  Finalize GroupAggregate  (cost=2256830.40..3194602.36 rows=1789851 width=36) (actual time=16386.769..22221.910 rows=1999333 loops=1)
                     Group Key: lineitem_1.l_partkey
                     ->  Gather Merge  (cost=2256830.40..3114059.06 rows=7159404 width=36) (actual time=16386.751..18374.374 rows=9972135 loops=1)
                           Workers Planned: 4
                           Workers Launched: 4
                           ->  Sort  (cost=2255830.34..2260304.97 rows=1789851 width=36) (actual time=16251.325..16553.547 rows=1994929 loops=5)
                                 Sort Key: lineitem_1.l_partkey
                                 Sort Method: external merge  Disk: 150288kB
                                 Worker 0:  Sort Method: external merge  Disk: 150328kB
                                 Worker 1:  Sort Method: external merge  Disk: 150336kB
                                 Worker 2:  Sort Method: external merge  Disk: 150424kB
                                 Worker 3:  Sort Method: external merge  Disk: 150376kB
                                 ->  Partial HashAggregate  (cost=1869661.19..2038477.71 rows=1789851 width=36) (actual time=8351.179..15373.171 rows=1995093 loops=5)
                                       Group Key: lineitem_1.l_partkey
                                       Planned Partitions: 16  Batches: 17  Memory Usage: 65681kB  Disk Usage: 391472kB
                                       Worker 0:  Batches: 17  Memory Usage: 65681kB  Disk Usage: 391904kB
                                       Worker 1:  Batches: 17  Memory Usage: 65681kB  Disk Usage: 393232kB
                                       Worker 2:  Batches: 17  Memory Usage: 65681kB  Disk Usage: 416776kB
                                       Worker 3:  Batches: 17  Memory Usage: 65681kB  Disk Usage: 406592kB
                                       ->  Parallel Seq Scan on lineitem lineitem_1  (cost=0.00..1275101.03 rows=14995803 width=9) (actual time=0.067..1362.611 rows=11997210 loops=5)
               ->  Materialize  (cost=1000.93..101505.38 rows=59775 width=21) (actual time=6.796..29.094 rows=59951 loops=1)
                     Storage: Memory  Maximum Storage: 19kB
                     ->  Gather Merge  (cost=1000.93..101355.94 rows=59775 width=21) (actual time=6.789..22.466 rows=59951 loops=1)
                           Workers Planned: 4
                           Workers Launched: 3
                           ->  Nested Loop  (cost=0.87..93236.10 rows=14944 width=21) (actual time=0.247..127.810 rows=14988 loops=4)
                                 ->  Parallel Index Scan using part_pkey on part  (cost=0.43..66711.83 rows=498 width=4) (actual time=0.225..107.338 rows=499 loops=4)
                                       Filter: ((p_brand = 'Brand#22'::bpchar) AND (p_container = 'LG BOX'::bpchar))
                                       Rows Removed by Filter: 499501
                                 ->  Index Scan using idx_lineitem_part_supp on lineitem  (cost=0.44..52.92 rows=34 width=17) (actual time=0.005..0.036 rows=30 loops=1996)
                                       Index Cond: (l_partkey = part.p_partkey)
 Planning Time: 0.928 ms
 Execution Time: 22457.768 ms
(39 rows)

query 18 run 1
SET
SET
SET
                                                                                                    QUERY PLAN                                                                                                     
-------------------------------------------------------------------------------------------------------------------------------------------------------------------------------------------------------------------
 Limit  (cost=8578825.58..8578825.83 rows=100 width=71) (actual time=72204.410..72216.433 rows=99 loops=1)
   ->  Sort  (cost=8578825.58..8628787.12 rows=19984614 width=71) (actual time=72204.409..72216.426 rows=99 loops=1)
         Sort Key: orders.o_totalprice DESC, orders.o_orderdate
         Sort Method: quicksort  Memory: 31kB
         ->  GroupAggregate  (cost=829639.05..7815028.00 rows=19984614 width=71) (actual time=43139.767..72216.319 rows=99 loops=1)
               Group Key: orders.o_orderkey, customer.c_custkey
               ->  Incremental Sort  (cost=829639.05..7415335.72 rows=19984614 width=44) (actual time=43139.756..72216.035 rows=693 loops=1)
                     Sort Key: orders.o_orderkey, customer.c_custkey
                     Presorted Key: orders.o_orderkey
                     Full-sort Groups: 20  Sort Method: quicksort  Average Memory: 27kB  Peak Memory: 27kB
                     ->  Merge Join  (cost=829638.65..6690379.37 rows=19984614 width=44) (actual time=39129.199..72215.587 rows=693 loops=1)
                           Merge Cond: (orders.o_orderkey = lineitem.l_orderkey)
                           ->  Gather Merge  (cost=829503.79..4160913.08 rows=4998601 width=43) (actual time=38799.086..61090.539 rows=99 loops=1)
                                 Workers Planned: 4
                                 Workers Launched: 4
                                 ->  Merge Join  (cost=828503.74..3564531.46 rows=1249650 width=43) (actual time=7796.070..36422.296 rows=20 loops=5)
                                       Merge Cond: (orders.o_orderkey = lineitem_1.l_orderkey)
                                       ->  Sort  (cost=828503.17..837880.14 rows=3750787 width=39) (actual time=3748.780..4082.084 rows=2996545 loops=5)
                                             Sort Key: orders.o_orderkey
                                             Sort Method: external merge  Disk: 150016kB
                                             Worker 0:  Sort Method: external merge  Disk: 149808kB
                                             Worker 1:  Sort Method: external merge  Disk: 152280kB
                                             Worker 2:  Sort Method: external merge  Disk: 148616kB
                                             Worker 3:  Sort Method: external merge  Disk: 147176kB
                                             ->  Parallel Hash Join  (cost=44384.73..353006.45 rows=3750787 width=39) (actual time=308.818..3022.923 rows=3000000 loops=5)
                                                   Hash Cond: (orders.o_custkey = customer.c_custkey)
                                                   ->  Parallel Seq Scan on orders  (cost=0.00..298775.87 rows=3750787 width=20) (actual time=0.718..1249.225 rows=3000000 loops=5)
                                                   ->  Parallel Hash  (cost=39697.10..39697.10 rows=375010 width=23) (actual time=305.908..305.909 rows=300000 loops=5)
                                                         Buckets: 2097152  Batches: 1  Memory Usage: 98656kB
                                                         ->  Parallel Seq Scan on customer  (cost=0.00..39697.10 rows=375010 width=23) (actual time=0.472..196.556 rows=300000 loops=5)
                                       ->  GroupAggregate  (cost=0.56..2692281.35 rows=4998601 width=4) (actual time=780.311..32133.890 rows=99 loops=5)
                                             Group Key: lineitem_1.l_orderkey
                                             Filter: (sum(lineitem_1.l_quantity) > '313'::numeric)
                                             Rows Removed by Filter: 14996446
                                             ->  Index Scan using idx_lineitem_orderkey on lineitem lineitem_1  (cost=0.56..2167428.25 rows=59983212 width=9) (actual time=0.879..18649.532 rows=59972128 loops=5)
                           ->  Index Scan using idx_lineitem_orderkey on lineitem  (cost=0.56..2167428.25 rows=59983212 width=9) (actual time=0.078..7796.151 rows=59916431 loops=1)
 Planning Time: 20.336 ms
 Execution Time: 72233.629 ms
(38 rows)

SET
SET
SET
                                                                                                    QUERY PLAN                                                                                                     
-------------------------------------------------------------------------------------------------------------------------------------------------------------------------------------------------------------------
 Limit  (cost=8578825.58..8578825.83 rows=100 width=71) (actual time=67599.325..67611.442 rows=99 loops=1)
   ->  Sort  (cost=8578825.58..8628787.12 rows=19984614 width=71) (actual time=67599.324..67611.434 rows=99 loops=1)
         Sort Key: orders.o_totalprice DESC, orders.o_orderdate
         Sort Method: quicksort  Memory: 31kB
         ->  GroupAggregate  (cost=829639.05..7815028.00 rows=19984614 width=71) (actual time=36680.057..67611.328 rows=99 loops=1)
               Group Key: orders.o_orderkey, customer.c_custkey
               ->  Incremental Sort  (cost=829639.05..7415335.72 rows=19984614 width=44) (actual time=36680.046..67611.042 rows=693 loops=1)
                     Sort Key: orders.o_orderkey, customer.c_custkey
                     Presorted Key: orders.o_orderkey
                     Full-sort Groups: 20  Sort Method: quicksort  Average Memory: 27kB  Peak Memory: 27kB
                     ->  Merge Join  (cost=829638.65..6690379.37 rows=19984614 width=44) (actual time=33795.817..67610.596 rows=693 loops=1)
                           Merge Cond: (orders.o_orderkey = lineitem.l_orderkey)
                           ->  Gather Merge  (cost=829503.79..4160913.08 rows=4998601 width=43) (actual time=33453.128..56145.221 rows=99 loops=1)
                                 Workers Planned: 4
                                 Workers Launched: 4
                                 ->  Merge Join  (cost=828503.74..3564531.46 rows=1249650 width=43) (actual time=4523.750..32022.869 rows=20 loops=5)
                                       Merge Cond: (orders.o_orderkey = lineitem_1.l_orderkey)
                                       ->  Sort  (cost=828503.17..837880.14 rows=3750787 width=39) (actual time=3040.808..3371.375 rows=2996545 loops=5)
                                             Sort Key: orders.o_orderkey
                                             Sort Method: external merge  Disk: 156272kB
                                             Worker 0:  Sort Method: external merge  Disk: 147416kB
                                             Worker 1:  Sort Method: external merge  Disk: 149032kB
                                             Worker 2:  Sort Method: external merge  Disk: 147200kB
                                             Worker 3:  Sort Method: external merge  Disk: 147984kB
                                             ->  Parallel Hash Join  (cost=44384.73..353006.45 rows=3750787 width=39) (actual time=203.054..2208.500 rows=3000000 loops=5)
                                                   Hash Cond: (orders.o_custkey = customer.c_custkey)
                                                   ->  Parallel Seq Scan on orders  (cost=0.00..298775.87 rows=3750787 width=20) (actual time=0.042..377.256 rows=3000000 loops=5)
                                                   ->  Parallel Hash  (cost=39697.10..39697.10 rows=375010 width=23) (actual time=199.808..199.809 rows=300000 loops=5)
                                                         Buckets: 2097152  Batches: 1  Memory Usage: 98656kB
                                                         ->  Parallel Seq Scan on customer  (cost=0.00..39697.10 rows=375010 width=23) (actual time=0.035..68.500 rows=300000 loops=5)
                                       ->  GroupAggregate  (cost=0.56..2692281.35 rows=4998601 width=4) (actual time=618.804..28444.664 rows=99 loops=5)
                                             Group Key: lineitem_1.l_orderkey
                                             Filter: (sum(lineitem_1.l_quantity) > '313'::numeric)
                                             Rows Removed by Filter: 14996446
                                             ->  Index Scan using idx_lineitem_orderkey on lineitem lineitem_1  (cost=0.56..2167428.25 rows=59983212 width=9) (actual time=0.064..14998.396 rows=59972128 loops=5)
                           ->  Index Scan using idx_lineitem_orderkey on lineitem  (cost=0.56..2167428.25 rows=59983212 width=9) (actual time=0.156..8119.440 rows=59916431 loops=1)
 Planning Time: 1.881 ms
 Execution Time: 67629.017 ms
(38 rows)

query 19 run 1
SET
SET
SET
                                                                                                                                                                                                                                                                                                                                                                                                                                                                                                                  QUERY PLAN                                                                                                                                                                                                                                                                                                                                                                                                                                                                                                                  
----------------------------------------------------------------------------------------------------------------------------------------------------------------------------------------------------------------------------------------------------------------------------------------------------------------------------------------------------------------------------------------------------------------------------------------------------------------------------------------------------------------------------------------------------------------------------------------------------------------------------------------------------------------------------------------------------------------------------------------------------------------------------------------------------------------------------------------------------------------------------------------------------------------------------------------------------------------------------------------------------------------------------------------------
 Limit  (cost=130888.16..130888.17 rows=1 width=32) (actual time=4931.140..4936.556 rows=1 loops=1)
   ->  Finalize Aggregate  (cost=130888.16..130888.17 rows=1 width=32) (actual time=4931.139..4936.554 rows=1 loops=1)
         ->  Gather  (cost=130887.73..130888.14 rows=4 width=32) (actual time=4931.122..4936.542 rows=5 loops=1)
               Workers Planned: 4
               Workers Launched: 4
               ->  Partial Aggregate  (cost=129887.73..129887.74 rows=1 width=32) (actual time=4910.200..4910.201 rows=1 loops=5)
                     ->  Nested Loop  (cost=0.44..129885.57 rows=288 width=12) (actual time=47.533..4909.607 rows=213 loops=5)
                           ->  Parallel Seq Scan on part  (cost=0.00..62230.28 rows=1228 width=30) (actual time=0.595..162.662 rows=956 loops=5)
                                 Filter: ((p_size >= 1) AND (((p_brand = 'Brand#24'::bpchar) AND (p_container = ANY ('{"SM CASE","SM BOX","SM PACK","SM PKG"}'::bpchar[])) AND (p_size <= 5)) OR ((p_brand = 'Brand#43'::bpchar) AND (p_container = ANY ('{"MED BAG","MED BOX","MED PKG","MED PACK"}'::bpchar[])) AND (p_size <= 10)) OR ((p_brand = 'Brand#44'::bpchar) AND (p_container = ANY ('{"LG CASE","LG BOX","LG PACK","LG PKG"}'::bpchar[])) AND (p_size <= 15))))
                                 Rows Removed by Filter: 399044
                           ->  Index Scan using idx_lineitem_part_supp on lineitem  (cost=0.44..55.08 rows=1 width=21) (actual time=4.473..4.963 rows=0 loops=4781)
                                 Index Cond: (l_partkey = part.p_partkey)
                                 Filter: ((l_shipmode = ANY ('{AIR,"AIR REG"}'::bpchar[])) AND (l_shipinstruct = 'DELIVER IN PERSON'::bpchar) AND (((l_quantity >= '10'::numeric) AND (l_quantity <= '20'::numeric)) OR ((l_quantity >= '10'::numeric) AND (l_quantity <= '20'::numeric)) OR ((l_quantity >= '20'::numeric) AND (l_quantity <= '30'::numeric))) AND (((part.p_brand = 'Brand#24'::bpchar) AND (part.p_container = ANY ('{"SM CASE","SM BOX","SM PACK","SM PKG"}'::bpchar[])) AND (l_quantity >= '10'::numeric) AND (l_quantity <= '20'::numeric) AND (part.p_size <= 5)) OR ((part.p_brand = 'Brand#43'::bpchar) AND (part.p_container = ANY ('{"MED BAG","MED BOX","MED PKG","MED PACK"}'::bpchar[])) AND (l_quantity >= '10'::numeric) AND (l_quantity <= '20'::numeric) AND (part.p_size <= 10)) OR ((part.p_brand = 'Brand#44'::bpchar) AND (part.p_container = ANY ('{"LG CASE","LG BOX","LG PACK","LG PKG"}'::bpchar[])) AND (l_quantity >= '20'::numeric) AND (l_quantity <= '30'::numeric) AND (part.p_size <= 15))))
                                 Rows Removed by Filter: 30
 Planning Time: 19.058 ms
 Execution Time: 4937.665 ms
(16 rows)

SET
SET
SET
                                                                                                                                                                                                                                                                                                                                                                                                                                                                                                                  QUERY PLAN                                                                                                                                                                                                                                                                                                                                                                                                                                                                                                                  
----------------------------------------------------------------------------------------------------------------------------------------------------------------------------------------------------------------------------------------------------------------------------------------------------------------------------------------------------------------------------------------------------------------------------------------------------------------------------------------------------------------------------------------------------------------------------------------------------------------------------------------------------------------------------------------------------------------------------------------------------------------------------------------------------------------------------------------------------------------------------------------------------------------------------------------------------------------------------------------------------------------------------------------------
 Limit  (cost=130888.16..130888.17 rows=1 width=32) (actual time=220.649..237.807 rows=1 loops=1)
   ->  Finalize Aggregate  (cost=130888.16..130888.17 rows=1 width=32) (actual time=220.648..237.805 rows=1 loops=1)
         ->  Gather  (cost=130887.73..130888.14 rows=4 width=32) (actual time=212.966..237.785 rows=5 loops=1)
               Workers Planned: 4
               Workers Launched: 4
               ->  Partial Aggregate  (cost=129887.73..129887.74 rows=1 width=32) (actual time=208.449..208.451 rows=1 loops=5)
                     ->  Nested Loop  (cost=0.44..129885.57 rows=288 width=12) (actual time=1.027..208.281 rows=213 loops=5)
                           ->  Parallel Seq Scan on part  (cost=0.00..62230.28 rows=1228 width=30) (actual time=0.077..134.435 rows=956 loops=5)
                                 Filter: ((p_size >= 1) AND (((p_brand = 'Brand#24'::bpchar) AND (p_container = ANY ('{"SM CASE","SM BOX","SM PACK","SM PKG"}'::bpchar[])) AND (p_size <= 5)) OR ((p_brand = 'Brand#43'::bpchar) AND (p_container = ANY ('{"MED BAG","MED BOX","MED PKG","MED PACK"}'::bpchar[])) AND (p_size <= 10)) OR ((p_brand = 'Brand#44'::bpchar) AND (p_container = ANY ('{"LG CASE","LG BOX","LG PACK","LG PKG"}'::bpchar[])) AND (p_size <= 15))))
                                 Rows Removed by Filter: 399044
                           ->  Index Scan using idx_lineitem_part_supp on lineitem  (cost=0.44..55.08 rows=1 width=21) (actual time=0.070..0.077 rows=0 loops=4781)
                                 Index Cond: (l_partkey = part.p_partkey)
                                 Filter: ((l_shipmode = ANY ('{AIR,"AIR REG"}'::bpchar[])) AND (l_shipinstruct = 'DELIVER IN PERSON'::bpchar) AND (((l_quantity >= '10'::numeric) AND (l_quantity <= '20'::numeric)) OR ((l_quantity >= '10'::numeric) AND (l_quantity <= '20'::numeric)) OR ((l_quantity >= '20'::numeric) AND (l_quantity <= '30'::numeric))) AND (((part.p_brand = 'Brand#24'::bpchar) AND (part.p_container = ANY ('{"SM CASE","SM BOX","SM PACK","SM PKG"}'::bpchar[])) AND (l_quantity >= '10'::numeric) AND (l_quantity <= '20'::numeric) AND (part.p_size <= 5)) OR ((part.p_brand = 'Brand#43'::bpchar) AND (part.p_container = ANY ('{"MED BAG","MED BOX","MED PKG","MED PACK"}'::bpchar[])) AND (l_quantity >= '10'::numeric) AND (l_quantity <= '20'::numeric) AND (part.p_size <= 10)) OR ((part.p_brand = 'Brand#44'::bpchar) AND (part.p_container = ANY ('{"LG CASE","LG BOX","LG PACK","LG PKG"}'::bpchar[])) AND (l_quantity >= '20'::numeric) AND (l_quantity <= '30'::numeric) AND (part.p_size <= 15))))
                                 Rows Removed by Filter: 30
 Planning Time: 1.096 ms
 Execution Time: 237.862 ms
(16 rows)

query 20 run 1
SET
SET
SET
                                                                                    QUERY PLAN                                                                                     
-----------------------------------------------------------------------------------------------------------------------------------------------------------------------------------
 Limit  (cost=2462578.31..2662317.77 rows=1 width=51) (actual time=38368.452..38369.752 rows=1 loops=1)
   ->  Nested Loop Semi Join  (cost=2462578.31..2662317.77 rows=1 width=51) (actual time=38368.451..38369.751 rows=1 loops=1)
         Join Filter: (supplier.s_suppkey = lineitem.l_suppkey)
         Rows Removed by Join Filter: 13473
         ->  Gather Merge  (cost=4122.93..4578.81 rows=4000 width=55) (actual time=24.642..25.865 rows=1 loops=1)
               Workers Planned: 1
               Workers Launched: 1
               ->  Sort  (cost=3122.92..3128.80 rows=2353 width=55) (actual time=18.379..18.396 rows=392 loops=2)
                     Sort Key: supplier.s_name
                     Sort Method: quicksort  Memory: 270kB
                     Worker 0:  Sort Method: quicksort  Memory: 177kB
                     ->  Hash Join  (cost=1.32..2991.15 rows=2353 width=55) (actual time=0.397..17.024 rows=2048 loops=2)
                           Hash Cond: (supplier.s_nationkey = nation.n_nationkey)
                           ->  Parallel Seq Scan on supplier  (cost=0.00..2809.24 rows=58824 width=59) (actual time=0.267..12.378 rows=50000 loops=2)
                           ->  Hash  (cost=1.31..1.31 rows=1 width=4) (actual time=0.097..0.098 rows=1 loops=2)
                                 Buckets: 1024  Batches: 1  Memory Usage: 9kB
                                 ->  Seq Scan on nation  (cost=0.00..1.31 rows=1 width=4) (actual time=0.093..0.095 rows=1 loops=2)
                                       Filter: (n_name = 'IRAQ'::bpchar)
                                       Rows Removed by Filter: 24
         ->  Materialize  (cost=2458455.38..2657558.96 rows=3 width=8) (actual time=36848.514..38342.826 rows=13474 loops=1)
               Storage: Memory  Maximum Storage: 550kB
               ->  Hash Join  (cost=2458455.38..2657558.95 rows=3 width=8) (actual time=36848.510..38339.811 rows=13474 loops=1)
                     Hash Cond: ((lineitem.l_partkey = partsupp.ps_partkey) AND (lineitem.l_suppkey = partsupp.ps_suppkey))
                     Join Filter: ((partsupp.ps_availqty)::numeric > ((0.5 * sum(lineitem.l_quantity))))
                     Rows Removed by Join Filter: 27
                     ->  HashAggregate  (cost=2381989.16..2544635.60 rows=4860933 width=40) (actual time=35444.459..36746.458 rows=1251651 loops=1)
                           Group Key: lineitem.l_partkey, lineitem.l_suppkey
                           Planned Partitions: 32  Batches: 61  Memory Usage: 65809kB  Disk Usage: 358152kB
                           ->  Bitmap Heap Scan on lineitem  (cost=147330.24..1994703.95 rows=9188602 width=13) (actual time=1225.052..30474.380 rows=9123688 loops=1)
                                 Recheck Cond: ((l_shipdate >= '1996-01-01'::date) AND (l_shipdate < '1997-01-01'::date))
                                 Rows Removed by Index Recheck: 23164080
                                 Heap Blocks: exact=518099 lossy=530696
                                 ->  Bitmap Index Scan on idx_lineitem_shipdate  (cost=0.00..145033.09 rows=9188602 width=0) (actual time=1101.587..1101.587 rows=9123688 loops=1)
                                       Index Cond: ((l_shipdate >= '1996-01-01'::date) AND (l_shipdate < '1997-01-01'::date))
                     ->  Hash  (cost=75253.86..75253.86 rows=80824 width=16) (actual time=1403.931..1404.005 rows=86872 loops=1)
                           Buckets: 131072  Batches: 1  Memory Usage: 5097kB
                           ->  Gather  (cost=1000.43..75253.86 rows=80824 width=16) (actual time=1.481..1385.505 rows=86872 loops=1)
                                 Workers Planned: 4
                                 Workers Launched: 4
                                 ->  Nested Loop  (cost=0.43..66171.46 rows=20206 width=16) (actual time=1.191..1389.287 rows=17374 loops=5)
                                       ->  Parallel Seq Scan on part  (cost=0.00..47230.79 rows=5050 width=4) (actual time=0.533..130.815 rows=4344 loops=5)
                                             Filter: ((p_name)::text ~~ 'olive%'::text)
                                             Rows Removed by Filter: 395656
                                       ->  Index Scan using idx_partsupp_partkey on partsupp  (cost=0.43..3.57 rows=18 width=12) (actual time=0.269..0.288 rows=4 loops=21718)
                                             Index Cond: (ps_partkey = part.p_partkey)
 Planning Time: 20.604 ms
 Execution Time: 38411.668 ms
(47 rows)

SET
SET
SET
                                                                                   QUERY PLAN                                                                                    
---------------------------------------------------------------------------------------------------------------------------------------------------------------------------------
 Limit  (cost=2462578.31..2662317.77 rows=1 width=51) (actual time=14998.483..14999.948 rows=1 loops=1)
   ->  Nested Loop Semi Join  (cost=2462578.31..2662317.77 rows=1 width=51) (actual time=14998.481..14999.945 rows=1 loops=1)
         Join Filter: (supplier.s_suppkey = lineitem.l_suppkey)
         Rows Removed by Join Filter: 13473
         ->  Gather Merge  (cost=4122.93..4578.81 rows=4000 width=55) (actual time=16.533..17.933 rows=1 loops=1)
               Workers Planned: 1
               Workers Launched: 1
               ->  Sort  (cost=3122.92..3128.80 rows=2353 width=55) (actual time=14.184..14.200 rows=390 loops=2)
                     Sort Key: supplier.s_name
                     Sort Method: quicksort  Memory: 272kB
                     Worker 0:  Sort Method: quicksort  Memory: 175kB
                     ->  Hash Join  (cost=1.32..2991.15 rows=2353 width=55) (actual time=0.069..12.802 rows=2048 loops=2)
                           Hash Cond: (supplier.s_nationkey = nation.n_nationkey)
                           ->  Parallel Seq Scan on supplier  (cost=0.00..2809.24 rows=58824 width=59) (actual time=0.030..8.280 rows=50000 loops=2)
                           ->  Hash  (cost=1.31..1.31 rows=1 width=4) (actual time=0.024..0.025 rows=1 loops=2)
                                 Buckets: 1024  Batches: 1  Memory Usage: 9kB
                                 ->  Seq Scan on nation  (cost=0.00..1.31 rows=1 width=4) (actual time=0.020..0.022 rows=1 loops=2)
                                       Filter: (n_name = 'IRAQ'::bpchar)
                                       Rows Removed by Filter: 24
         ->  Materialize  (cost=2458455.38..2657558.96 rows=3 width=8) (actual time=13489.966..14980.928 rows=13474 loops=1)
               Storage: Memory  Maximum Storage: 550kB
               ->  Hash Join  (cost=2458455.38..2657558.95 rows=3 width=8) (actual time=13489.961..14977.920 rows=13474 loops=1)
                     Hash Cond: ((lineitem.l_partkey = partsupp.ps_partkey) AND (lineitem.l_suppkey = partsupp.ps_suppkey))
                     Join Filter: ((partsupp.ps_availqty)::numeric > ((0.5 * sum(lineitem.l_quantity))))
                     Rows Removed by Join Filter: 27
                     ->  HashAggregate  (cost=2381989.16..2544635.60 rows=4860933 width=40) (actual time=13317.632..14623.019 rows=1251651 loops=1)
                           Group Key: lineitem.l_partkey, lineitem.l_suppkey
                           Planned Partitions: 32  Batches: 61  Memory Usage: 65809kB  Disk Usage: 358152kB
                           ->  Bitmap Heap Scan on lineitem  (cost=147330.24..1994703.95 rows=9188602 width=13) (actual time=1064.316..9261.883 rows=9123688 loops=1)
                                 Recheck Cond: ((l_shipdate >= '1996-01-01'::date) AND (l_shipdate < '1997-01-01'::date))
                                 Rows Removed by Index Recheck: 23164080
                                 Heap Blocks: exact=518099 lossy=530696
                                 ->  Bitmap Index Scan on idx_lineitem_shipdate  (cost=0.00..145033.09 rows=9188602 width=0) (actual time=941.428..941.429 rows=9123688 loops=1)
                                       Index Cond: ((l_shipdate >= '1996-01-01'::date) AND (l_shipdate < '1997-01-01'::date))
                     ->  Hash  (cost=75253.86..75253.86 rows=80824 width=16) (actual time=172.205..172.267 rows=86872 loops=1)
                           Buckets: 131072  Batches: 1  Memory Usage: 5097kB
                           ->  Gather  (cost=1000.43..75253.86 rows=80824 width=16) (actual time=0.342..156.201 rows=86872 loops=1)
                                 Workers Planned: 4
                                 Workers Launched: 4
                                 ->  Nested Loop  (cost=0.43..66171.46 rows=20206 width=16) (actual time=0.117..155.987 rows=17374 loops=5)
                                       ->  Parallel Seq Scan on part  (cost=0.00..47230.79 rows=5050 width=4) (actual time=0.065..84.012 rows=4344 loops=5)
                                             Filter: ((p_name)::text ~~ 'olive%'::text)
                                             Rows Removed by Filter: 395656
                                       ->  Index Scan using idx_partsupp_partkey on partsupp  (cost=0.43..3.57 rows=18 width=12) (actual time=0.014..0.016 rows=4 loops=21718)
                                             Index Cond: (ps_partkey = part.p_partkey)
 Planning Time: 2.145 ms
 Execution Time: 15047.886 ms
(47 rows)

query 21 run 1
SET
SET
SET
                                                                                           QUERY PLAN                                                                                           
------------------------------------------------------------------------------------------------------------------------------------------------------------------------------------------------
 Limit  (cost=1967305.43..1967305.44 rows=1 width=34) (actual time=11520.454..11532.495 rows=100 loops=1)
   ->  Sort  (cost=1967305.43..1967305.44 rows=1 width=34) (actual time=11520.452..11532.487 rows=100 loops=1)
         Sort Key: (count(*)) DESC, supplier.s_name
         Sort Method: top-N heapsort  Memory: 37kB
         ->  GroupAggregate  (cost=1967302.21..1967305.42 rows=1 width=34) (actual time=10959.496..11530.043 rows=3991 loops=1)
               Group Key: supplier.s_name
               ->  Nested Loop Semi Join  (cost=1967302.21..1967305.41 rows=1 width=26) (actual time=10959.344..11518.977 rows=39281 loops=1)
                     Join Filter: (l2.l_suppkey <> l1.l_suppkey)
                     Rows Removed by Join Filter: 42025
                     ->  Gather Merge  (cost=1967301.64..1967301.77 rows=1 width=38) (actual time=10959.277..11006.491 rows=65960 loops=1)
                           Workers Planned: 4
                           Workers Launched: 4
                           ->  Sort  (cost=1966301.58..1966301.59 rows=1 width=38) (actual time=10930.865..10932.613 rows=13192 loops=5)
                                 Sort Key: supplier.s_name
                                 Sort Method: quicksort  Memory: 1107kB
                                 Worker 0:  Sort Method: quicksort  Memory: 1127kB
                                 Worker 1:  Sort Method: quicksort  Memory: 1113kB
                                 Worker 2:  Sort Method: quicksort  Memory: 1101kB
                                 Worker 3:  Sort Method: quicksort  Memory: 1082kB
                                 ->  Nested Loop Anti Join  (cost=1338031.89..1966301.57 rows=1 width=38) (actual time=7282.805..10854.625 rows=13192 loops=5)
                                       ->  Parallel Hash Join  (cost=1338031.32..1653285.73 rows=97486 width=38) (actual time=7280.922..9296.954 rows=146197 loops=5)
                                             Hash Cond: (orders.o_orderkey = l1.l_orderkey)
                                             ->  Parallel Seq Scan on orders  (cost=0.00..308152.84 rows=1828759 width=4) (actual time=0.572..1484.129 rows=1461837 loops=5)
                                                   Filter: (o_orderstatus = 'F'::bpchar)
                                                   Rows Removed by Filter: 1538163
                                             ->  Parallel Hash  (cost=1335532.02..1335532.02 rows=199944 width=34) (actual time=7279.128..7279.432 rows=302853 loops=5)
                                                   Buckets: 2097152 (originally 1048576)  Batches: 1 (originally 1)  Memory Usage: 131360kB
                                                   ->  Parallel Hash Join  (cost=3020.56..1335532.02 rows=199944 width=34) (actual time=18.400..7122.925 rows=302853 loops=5)
                                                         Hash Cond: (l1.l_suppkey = supplier.s_suppkey)
                                                         ->  Parallel Seq Scan on lineitem l1  (cost=0.00..1312590.54 rows=4998601 width=8) (actual time=0.452..6340.835 rows=7585870 loops=5)
                                                               Filter: (l_receiptdate > l_commitdate)
                                                               Rows Removed by Filter: 4411341
                                                         ->  Parallel Hash  (cost=2991.15..2991.15 rows=2353 width=30) (actual time=17.762..17.764 rows=798 loops=5)
                                                               Buckets: 4096  Batches: 1  Memory Usage: 320kB
                                                               ->  Hash Join  (cost=1.32..2991.15 rows=2353 width=30) (actual time=0.313..17.296 rows=798 loops=5)
                                                                     Hash Cond: (supplier.s_nationkey = nation.n_nationkey)
                                                                     ->  Parallel Seq Scan on supplier  (cost=0.00..2809.24 rows=58824 width=34) (actual time=0.249..15.244 rows=20000 loops=5)
                                                                     ->  Hash  (cost=1.31..1.31 rows=1 width=4) (actual time=0.055..0.056 rows=1 loops=5)
                                                                           Buckets: 1024  Batches: 1  Memory Usage: 9kB
                                                                           ->  Seq Scan on nation  (cost=0.00..1.31 rows=1 width=4) (actual time=0.052..0.053 rows=1 loops=5)
                                                                                 Filter: (n_name = 'PERU'::bpchar)
                                                                                 Rows Removed by Filter: 24
                                       ->  Index Scan using idx_lineitem_orderkey on lineitem l3  (cost=0.56..3.64 rows=1 width=8) (actual time=0.010..0.010 rows=1 loops=730985)
                                             Index Cond: (l_orderkey = l1.l_orderkey)
                                             Filter: ((l_receiptdate > l_commitdate) AND (l_suppkey <> l1.l_suppkey))
                                             Rows Removed by Filter: 1
                     ->  Index Scan using idx_lineitem_orderkey on lineitem l2  (cost=0.56..3.62 rows=4 width=8) (actual time=0.007..0.007 rows=1 loops=65960)
                           Index Cond: (l_orderkey = orders.o_orderkey)
 Planning Time: 19.555 ms
 Execution Time: 11532.881 ms
(50 rows)

SET
SET
SET
                                                                                          QUERY PLAN                                                                                           
-----------------------------------------------------------------------------------------------------------------------------------------------------------------------------------------------
 Limit  (cost=1967305.43..1967305.44 rows=1 width=34) (actual time=6647.765..6661.172 rows=100 loops=1)
   ->  Sort  (cost=1967305.43..1967305.44 rows=1 width=34) (actual time=6647.764..6661.164 rows=100 loops=1)
         Sort Key: (count(*)) DESC, supplier.s_name
         Sort Method: top-N heapsort  Memory: 37kB
         ->  GroupAggregate  (cost=1967302.21..1967305.42 rows=1 width=34) (actual time=6129.469..6658.723 rows=3991 loops=1)
               Group Key: supplier.s_name
               ->  Nested Loop Semi Join  (cost=1967302.21..1967305.41 rows=1 width=26) (actual time=6129.309..6647.984 rows=39281 loops=1)
                     Join Filter: (l2.l_suppkey <> l1.l_suppkey)
                     Rows Removed by Join Filter: 42025
                     ->  Gather Merge  (cost=1967301.64..1967301.77 rows=1 width=38) (actual time=6129.270..6177.323 rows=65960 loops=1)
                           Workers Planned: 4
                           Workers Launched: 4
                           ->  Sort  (cost=1966301.58..1966301.59 rows=1 width=38) (actual time=6101.635..6103.381 rows=13192 loops=5)
                                 Sort Key: supplier.s_name
                                 Sort Method: quicksort  Memory: 1130kB
                                 Worker 0:  Sort Method: quicksort  Memory: 1104kB
                                 Worker 1:  Sort Method: quicksort  Memory: 1063kB
                                 Worker 2:  Sort Method: quicksort  Memory: 1117kB
                                 Worker 3:  Sort Method: quicksort  Memory: 1117kB
                                 ->  Nested Loop Anti Join  (cost=1338031.89..1966301.57 rows=1 width=38) (actual time=3642.270..6024.605 rows=13192 loops=5)
                                       ->  Parallel Hash Join  (cost=1338031.32..1653285.73 rows=97486 width=38) (actual time=3641.891..4778.930 rows=146197 loops=5)
                                             Hash Cond: (orders.o_orderkey = l1.l_orderkey)
                                             ->  Parallel Seq Scan on orders  (cost=0.00..308152.84 rows=1828759 width=4) (actual time=0.032..554.390 rows=1461837 loops=5)
                                                   Filter: (o_orderstatus = 'F'::bpchar)
                                                   Rows Removed by Filter: 1538163
                                             ->  Parallel Hash  (cost=1335532.02..1335532.02 rows=199944 width=34) (actual time=3639.842..3640.146 rows=302853 loops=5)
                                                   Buckets: 2097152 (originally 1048576)  Batches: 1 (originally 1)  Memory Usage: 131392kB
                                                   ->  Parallel Hash Join  (cost=3020.56..1335532.02 rows=199944 width=34) (actual time=10.143..3456.251 rows=302853 loops=5)
                                                         Hash Cond: (l1.l_suppkey = supplier.s_suppkey)
                                                         ->  Parallel Seq Scan on lineitem l1  (cost=0.00..1312590.54 rows=4998601 width=8) (actual time=0.039..2587.276 rows=7585870 loops=5)
                                                               Filter: (l_receiptdate > l_commitdate)
                                                               Rows Removed by Filter: 4411341
                                                         ->  Parallel Hash  (cost=2991.15..2991.15 rows=2353 width=30) (actual time=8.464..8.466 rows=798 loops=5)
                                                               Buckets: 4096  Batches: 1  Memory Usage: 384kB
                                                               ->  Hash Join  (cost=1.32..2991.15 rows=2353 width=30) (actual time=0.072..8.083 rows=798 loops=5)
                                                                     Hash Cond: (supplier.s_nationkey = nation.n_nationkey)
                                                                     ->  Parallel Seq Scan on supplier  (cost=0.00..2809.24 rows=58824 width=34) (actual time=0.041..5.428 rows=20000 loops=5)
                                                                     ->  Hash  (cost=1.31..1.31 rows=1 width=4) (actual time=0.022..0.023 rows=1 loops=5)
                                                                           Buckets: 1024  Batches: 1  Memory Usage: 9kB
                                                                           ->  Seq Scan on nation  (cost=0.00..1.31 rows=1 width=4) (actual time=0.019..0.020 rows=1 loops=5)
                                                                                 Filter: (n_name = 'PERU'::bpchar)
                                                                                 Rows Removed by Filter: 24
                                       ->  Index Scan using idx_lineitem_orderkey on lineitem l3  (cost=0.56..3.64 rows=1 width=8) (actual time=0.008..0.008 rows=1 loops=730985)
                                             Index Cond: (l_orderkey = l1.l_orderkey)
                                             Filter: ((l_receiptdate > l_commitdate) AND (l_suppkey <> l1.l_suppkey))
                                             Rows Removed by Filter: 1
                     ->  Index Scan using idx_lineitem_orderkey on lineitem l2  (cost=0.56..3.62 rows=4 width=8) (actual time=0.007..0.007 rows=1 loops=65960)
                           Index Cond: (l_orderkey = orders.o_orderkey)
 Planning Time: 3.125 ms
 Execution Time: 6661.505 ms
(50 rows)

query 22 run 1
SET
SET
SET
                                                                          QUERY PLAN                                                                          
--------------------------------------------------------------------------------------------------------------------------------------------------------------
 Limit  (cost=93877.34..93879.11 rows=1 width=72) (actual time=1386.122..1389.712 rows=1 loops=1)
   InitPlan 1
     ->  Finalize Aggregate  (cost=46821.24..46821.25 rows=1 width=32) (actual time=319.184..319.288 rows=1 loops=1)
           ->  Gather  (cost=46820.81..46821.22 rows=4 width=32) (actual time=319.170..319.280 rows=5 loops=1)
                 Workers Planned: 4
                 Workers Launched: 4
                 ->  Partial Aggregate  (cost=45820.81..45820.82 rows=1 width=32) (actual time=302.546..302.546 rows=1 loops=5)
                       ->  Parallel Seq Scan on customer customer_1  (cost=0.00..45791.02 rows=11914 width=6) (actual time=0.137..295.666 rows=76485 loops=5)
                             Filter: ((c_acctbal > 0.00) AND (SUBSTRING(c_phone FROM 1 FOR 2) = ANY ('{21,29,26,34,14,15,17}'::text[])))
                             Rows Removed by Filter: 223515
   ->  GroupAggregate  (cost=47056.09..59859.09 rows=7250 width=72) (actual time=1386.121..1389.605 rows=1 loops=1)
         Group Key: SUBSTRING(customer.c_phone FROM 1 FOR 2)
         ->  Nested Loop Anti Join  (cost=47056.09..59677.84 rows=7250 width=38) (actual time=483.162..1383.858 rows=9006 loops=1)
               ->  Gather Merge  (cost=47055.66..49151.01 rows=17500 width=26) (actual time=482.467..501.205 rows=27128 loops=1)
                     Workers Planned: 4
                     Workers Launched: 3
                     ->  Sort  (cost=46055.60..46066.54 rows=4375 width=26) (actual time=157.537..158.447 rows=7494 loops=4)
                           Sort Key: (SUBSTRING(customer.c_phone FROM 1 FOR 2))
                           Sort Method: quicksort  Memory: 3885kB
                           Worker 0:  Sort Method: quicksort  Memory: 3742kB
                           Worker 1:  Sort Method: quicksort  Memory: 3746kB
                           Worker 2:  Sort Method: quicksort  Memory: 3733kB
                           ->  Parallel Seq Scan on customer  (cost=0.00..45791.02 rows=4375 width=26) (actual time=0.019..142.923 rows=47782 loops=4)
                                 Filter: ((c_acctbal > (InitPlan 1).col1) AND (SUBSTRING(c_phone FROM 1 FOR 2) = ANY ('{21,29,26,34,14,15,17}'::text[])))
                                 Rows Removed by Filter: 327218
               ->  Index Only Scan using idx_orders_custkey on orders  (cost=0.43..2.16 rows=17 width=4) (actual time=0.032..0.032 rows=1 loops=27128)
                     Index Cond: (o_custkey = customer.c_custkey)
                     Heap Fetches: 0
 Planning Time: 14.819 ms
 Execution Time: 1390.293 ms
(30 rows)

SET
SET
SET
                                                                          QUERY PLAN                                                                          
--------------------------------------------------------------------------------------------------------------------------------------------------------------
 Limit  (cost=93877.34..93879.11 rows=1 width=72) (actual time=421.242..424.539 rows=1 loops=1)
   InitPlan 1
     ->  Finalize Aggregate  (cost=46821.24..46821.25 rows=1 width=32) (actual time=192.808..192.915 rows=1 loops=1)
           ->  Gather  (cost=46820.81..46821.22 rows=4 width=32) (actual time=190.591..192.893 rows=5 loops=1)
                 Workers Planned: 4
                 Workers Launched: 4
                 ->  Partial Aggregate  (cost=45820.81..45820.82 rows=1 width=32) (actual time=186.194..186.195 rows=1 loops=5)
                       ->  Parallel Seq Scan on customer customer_1  (cost=0.00..45791.02 rows=11914 width=6) (actual time=0.020..178.637 rows=76485 loops=5)
                             Filter: ((c_acctbal > 0.00) AND (SUBSTRING(c_phone FROM 1 FOR 2) = ANY ('{21,29,26,34,14,15,17}'::text[])))
                             Rows Removed by Filter: 223515
   ->  GroupAggregate  (cost=47056.09..59859.09 rows=7250 width=72) (actual time=421.241..424.429 rows=1 loops=1)
         Group Key: SUBSTRING(customer.c_phone FROM 1 FOR 2)
         ->  Nested Loop Anti Join  (cost=47056.09..59677.84 rows=7250 width=38) (actual time=354.696..422.439 rows=9006 loops=1)
               ->  Gather Merge  (cost=47055.66..49151.01 rows=17500 width=26) (actual time=354.598..364.783 rows=27130 loops=1)
                     Workers Planned: 4
                     Workers Launched: 4
                     ->  Sort  (cost=46055.60..46066.54 rows=4375 width=26) (actual time=156.279..156.824 rows=6262 loops=5)
                           Sort Key: (SUBSTRING(customer.c_phone FROM 1 FOR 2))
                           Sort Method: quicksort  Memory: 3845kB
                           Worker 0:  Sort Method: quicksort  Memory: 3776kB
                           Worker 1:  Sort Method: quicksort  Memory: 3772kB
                           Worker 2:  Sort Method: quicksort  Memory: 1851kB
                           Worker 3:  Sort Method: quicksort  Memory: 1861kB
                           ->  Parallel Seq Scan on customer  (cost=0.00..45791.02 rows=4375 width=26) (actual time=0.022..140.853 rows=38226 loops=5)
                                 Filter: ((c_acctbal > (InitPlan 1).col1) AND (SUBSTRING(c_phone FROM 1 FOR 2) = ANY ('{21,29,26,34,14,15,17}'::text[])))
                                 Rows Removed by Filter: 261774
               ->  Index Only Scan using idx_orders_custkey on orders  (cost=0.43..2.16 rows=17 width=4) (actual time=0.002..0.002 rows=1 loops=27130)
                     Index Cond: (o_custkey = customer.c_custkey)
                     Heap Fetches: 0
 Planning Time: 0.876 ms
 Execution Time: 424.603 ms
(31 rows)

