query 1 run 1
SET
SET
SET
                                                                           QUERY PLAN                                                                            
-----------------------------------------------------------------------------------------------------------------------------------------------------------------
 Limit  (cost=1905753.55..1905753.76 rows=1 width=236) (actual time=22338.520..22338.583 rows=1 loops=1)
   ->  Finalize GroupAggregate  (cost=1905753.55..1905754.80 rows=6 width=236) (actual time=22338.519..22338.582 rows=1 loops=1)
         Group Key: l_returnflag, l_linestatus
         ->  Sort  (cost=1905753.55..1905753.61 rows=24 width=236) (actual time=22338.482..22338.546 rows=6 loops=1)
               Sort Key: l_returnflag, l_linestatus
               Sort Method: quicksort  Memory: 35kB
               ->  Gather  (cost=1905750.44..1905753.00 rows=24 width=236) (actual time=22337.565..22338.506 rows=20 loops=1)
                     Workers Planned: 4
                     Workers Launched: 4
                     ->  Partial HashAggregate  (cost=1904750.44..1904750.60 rows=6 width=236) (actual time=22329.879..22329.890 rows=4 loops=5)
                           Group Key: l_returnflag, l_linestatus
                           ->  Parallel Seq Scan on lineitem  (cost=0.00..1312616.44 rows=14803350 width=25) (actual time=0.097..6250.362 rows=11856890 loops=5)
                                 Filter: (l_shipdate <= '1998-09-10 00:00:00'::timestamp without time zone)
                                 Rows Removed by Filter: 140321
 Planning time: 14.485 ms
 Execution time: 22339.338 ms
(16 rows)

SET
SET
SET
                                                                           QUERY PLAN                                                                            
-----------------------------------------------------------------------------------------------------------------------------------------------------------------
 Limit  (cost=1905753.55..1905753.76 rows=1 width=236) (actual time=19685.604..19685.695 rows=1 loops=1)
   ->  Finalize GroupAggregate  (cost=1905753.55..1905754.80 rows=6 width=236) (actual time=19685.604..19685.694 rows=1 loops=1)
         Group Key: l_returnflag, l_linestatus
         ->  Sort  (cost=1905753.55..1905753.61 rows=24 width=236) (actual time=19685.571..19685.661 rows=6 loops=1)
               Sort Key: l_returnflag, l_linestatus
               Sort Method: quicksort  Memory: 35kB
               ->  Gather  (cost=1905750.44..1905753.00 rows=24 width=236) (actual time=19684.897..19685.605 rows=20 loops=1)
                     Workers Planned: 4
                     Workers Launched: 4
                     ->  Partial HashAggregate  (cost=1904750.44..1904750.60 rows=6 width=236) (actual time=19681.605..19681.615 rows=4 loops=5)
                           Group Key: l_returnflag, l_linestatus
                           ->  Parallel Seq Scan on lineitem  (cost=0.00..1312616.44 rows=14803350 width=25) (actual time=0.033..3112.194 rows=11856890 loops=5)
                                 Filter: (l_shipdate <= '1998-09-10 00:00:00'::timestamp without time zone)
                                 Rows Removed by Filter: 140321
 Planning time: 0.602 ms
 Execution time: 19685.839 ms
(16 rows)

query 2 run 1
SET
SET
SET
                                                                                        QUERY PLAN                                                                                         
-------------------------------------------------------------------------------------------------------------------------------------------------------------------------------------------
 Limit  (cost=1172912.68..1172912.69 rows=1 width=192) (actual time=5035.381..5035.495 rows=100 loops=1)
   ->  Sort  (cost=1172912.68..1172912.69 rows=1 width=192) (actual time=5035.380..5035.489 rows=100 loops=1)
         Sort Key: supplier.s_acctbal DESC, nation.n_name, supplier.s_name, part.p_partkey
         Sort Method: top-N heapsort  Memory: 71kB
         ->  Merge Join  (cost=555054.97..1172912.67 rows=1 width=192) (actual time=3733.626..5032.265 rows=4737 loops=1)
               Merge Cond: (part.p_partkey = partsupp.ps_partkey)
               Join Filter: (partsupp.ps_supplycost = (SubPlan 1))
               Rows Removed by Join Filter: 1661
               ->  Gather Merge  (cost=1000.49..68826.83 rows=9355 width=30) (actual time=11.361..17.241 rows=8046 loops=1)
                     Workers Planned: 4
                     Workers Launched: 4
                     ->  Parallel Index Scan using part_pkey on part  (cost=0.43..66712.50 rows=2339 width=30) (actual time=1.148..333.614 rows=1609 loops=5)
                           Filter: (((p_type)::text ~~ '%NICKEL'::text) AND (p_size = 16))
                           Rows Removed by Filter: 398391
               ->  Materialize  (cost=554054.48..561940.65 rows=1577234 width=172) (actual time=3721.140..4116.594 rows=1603828 loops=1)
                     ->  Sort  (cost=554054.48..557997.57 rows=1577234 width=172) (actual time=3721.137..3972.853 rows=1603828 loops=1)
                           Sort Key: partsupp.ps_partkey
                           Sort Method: external sort  Disk: 293440kB
                           ->  Hash Join  (cost=4048.51..305045.65 rows=1577234 width=172) (actual time=59.637..2530.084 rows=1604080 loops=1)
                                 Hash Cond: (partsupp.ps_suppkey = supplier.s_suppkey)
                                 ->  Seq Scan on partsupp  (cost=0.00..255224.04 rows=8000204 width=14) (actual time=0.012..1104.602 rows=8000000 loops=1)
                                 ->  Hash  (cost=3798.51..3798.51 rows=20000 width=166) (actual time=59.364..59.366 rows=20051 loops=1)
                                       Buckets: 32768  Batches: 1  Memory Usage: 4211kB
                                       ->  Hash Join  (cost=2.51..3798.51 rows=20000 width=166) (actual time=0.030..53.176 rows=20051 loops=1)
                                             Hash Cond: (supplier.s_nationkey = nation.n_nationkey)
                                             ->  Seq Scan on supplier  (cost=0.00..3221.00 rows=100000 width=144) (actual time=0.005..39.412 rows=100000 loops=1)
                                             ->  Hash  (cost=2.45..2.45 rows=5 width=30) (actual time=0.020..0.021 rows=5 loops=1)
                                                   Buckets: 1024  Batches: 1  Memory Usage: 9kB
                                                   ->  Hash Join  (cost=1.07..2.45 rows=5 width=30) (actual time=0.014..0.019 rows=5 loops=1)
                                                         Hash Cond: (nation.n_regionkey = region.r_regionkey)
                                                         ->  Seq Scan on nation  (cost=0.00..1.25 rows=25 width=34) (actual time=0.002..0.003 rows=25 loops=1)
                                                         ->  Hash  (cost=1.06..1.06 rows=1 width=4) (actual time=0.007..0.008 rows=1 loops=1)
                                                               Buckets: 1024  Batches: 1  Memory Usage: 9kB
                                                               ->  Seq Scan on region  (cost=0.00..1.06 rows=1 width=4) (actual time=0.005..0.006 rows=1 loops=1)
                                                                     Filter: (r_name = 'AMERICA'::bpchar)
                                                                     Rows Removed by Filter: 4
               SubPlan 1
                 ->  Aggregate  (cost=72.93..72.94 rows=1 width=32) (actual time=0.111..0.111 rows=1 loops=6398)
                       ->  Nested Loop  (cost=2.29..72.92 rows=4 width=6) (actual time=0.100..0.109 rows=2 loops=6398)
                             Join Filter: (nation_1.n_regionkey = region_1.r_regionkey)
                             Rows Removed by Join Filter: 2
                             ->  Seq Scan on region region_1  (cost=0.00..1.06 rows=1 width=4) (actual time=0.001..0.001 rows=1 loops=6398)
                                   Filter: (r_name = 'AMERICA'::bpchar)
                                   Rows Removed by Filter: 4
                             ->  Hash Join  (cost=2.29..71.61 rows=20 width=10) (actual time=0.094..0.106 rows=4 loops=6398)
                                   Hash Cond: (supplier_1.s_nationkey = nation_1.n_nationkey)
                                   ->  Nested Loop  (cost=0.72..69.98 rows=20 width=10) (actual time=0.093..0.105 rows=4 loops=6398)
                                         ->  Index Scan using idx_partsupp_partkey on partsupp partsupp_1  (cost=0.43..3.78 rows=20 width=10) (actual time=0.089..0.091 rows=4 loops=6398)
                                               Index Cond: (part.p_partkey = ps_partkey)
                                         ->  Index Scan using supplier_pkey on supplier supplier_1  (cost=0.29..3.31 rows=1 width=8) (actual time=0.003..0.003 rows=1 loops=25592)
                                               Index Cond: (s_suppkey = partsupp_1.ps_suppkey)
                                   ->  Hash  (cost=1.25..1.25 rows=25 width=8) (actual time=0.010..0.011 rows=25 loops=1)
                                         Buckets: 1024  Batches: 1  Memory Usage: 9kB
                                         ->  Seq Scan on nation nation_1  (cost=0.00..1.25 rows=25 width=8) (actual time=0.003..0.006 rows=25 loops=1)
 Planning time: 18.596 ms
 Execution time: 5071.361 ms
(56 rows)

SET
SET
SET
                                                                                        QUERY PLAN                                                                                         
-------------------------------------------------------------------------------------------------------------------------------------------------------------------------------------------
 Limit  (cost=1172912.68..1172912.69 rows=1 width=192) (actual time=3932.481..3932.596 rows=100 loops=1)
   ->  Sort  (cost=1172912.68..1172912.69 rows=1 width=192) (actual time=3932.480..3932.590 rows=100 loops=1)
         Sort Key: supplier.s_acctbal DESC, nation.n_name, supplier.s_name, part.p_partkey
         Sort Method: top-N heapsort  Memory: 71kB
         ->  Merge Join  (cost=555054.97..1172912.67 rows=1 width=192) (actual time=3255.238..3930.421 rows=4737 loops=1)
               Merge Cond: (part.p_partkey = partsupp.ps_partkey)
               Join Filter: (partsupp.ps_supplycost = (SubPlan 1))
               Rows Removed by Join Filter: 1661
               ->  Gather Merge  (cost=1000.49..68826.83 rows=9355 width=30) (actual time=5.071..8.916 rows=8046 loops=1)
                     Workers Planned: 4
                     Workers Launched: 4
                     ->  Parallel Index Scan using part_pkey on part  (cost=0.43..66712.50 rows=2339 width=30) (actual time=0.142..124.856 rows=1609 loops=5)
                           Filter: (((p_type)::text ~~ '%NICKEL'::text) AND (p_size = 16))
                           Rows Removed by Filter: 398391
               ->  Materialize  (cost=554054.48..561940.65 rows=1577234 width=172) (actual time=3250.075..3635.759 rows=1603828 loops=1)
                     ->  Sort  (cost=554054.48..557997.57 rows=1577234 width=172) (actual time=3250.071..3493.480 rows=1603828 loops=1)
                           Sort Key: partsupp.ps_partkey
                           Sort Method: external sort  Disk: 293440kB
                           ->  Hash Join  (cost=4048.51..305045.65 rows=1577234 width=172) (actual time=32.371..2085.682 rows=1604080 loops=1)
                                 Hash Cond: (partsupp.ps_suppkey = supplier.s_suppkey)
                                 ->  Seq Scan on partsupp  (cost=0.00..255224.04 rows=8000204 width=14) (actual time=0.012..787.464 rows=8000000 loops=1)
                                 ->  Hash  (cost=3798.51..3798.51 rows=20000 width=166) (actual time=32.326..32.327 rows=20051 loops=1)
                                       Buckets: 32768  Batches: 1  Memory Usage: 4211kB
                                       ->  Hash Join  (cost=2.51..3798.51 rows=20000 width=166) (actual time=0.025..26.996 rows=20051 loops=1)
                                             Hash Cond: (supplier.s_nationkey = nation.n_nationkey)
                                             ->  Seq Scan on supplier  (cost=0.00..3221.00 rows=100000 width=144) (actual time=0.003..7.429 rows=100000 loops=1)
                                             ->  Hash  (cost=2.45..2.45 rows=5 width=30) (actual time=0.018..0.019 rows=5 loops=1)
                                                   Buckets: 1024  Batches: 1  Memory Usage: 9kB
                                                   ->  Hash Join  (cost=1.07..2.45 rows=5 width=30) (actual time=0.013..0.018 rows=5 loops=1)
                                                         Hash Cond: (nation.n_regionkey = region.r_regionkey)
                                                         ->  Seq Scan on nation  (cost=0.00..1.25 rows=25 width=34) (actual time=0.002..0.004 rows=25 loops=1)
                                                         ->  Hash  (cost=1.06..1.06 rows=1 width=4) (actual time=0.006..0.007 rows=1 loops=1)
                                                               Buckets: 1024  Batches: 1  Memory Usage: 9kB
                                                               ->  Seq Scan on region  (cost=0.00..1.06 rows=1 width=4) (actual time=0.004..0.005 rows=1 loops=1)
                                                                     Filter: (r_name = 'AMERICA'::bpchar)
                                                                     Rows Removed by Filter: 4
               SubPlan 1
                 ->  Aggregate  (cost=72.93..72.94 rows=1 width=32) (actual time=0.016..0.016 rows=1 loops=6398)
                       ->  Nested Loop  (cost=2.29..72.92 rows=4 width=6) (actual time=0.009..0.015 rows=2 loops=6398)
                             Join Filter: (nation_1.n_regionkey = region_1.r_regionkey)
                             Rows Removed by Join Filter: 2
                             ->  Seq Scan on region region_1  (cost=0.00..1.06 rows=1 width=4) (actual time=0.001..0.001 rows=1 loops=6398)
                                   Filter: (r_name = 'AMERICA'::bpchar)
                                   Rows Removed by Filter: 4
                             ->  Hash Join  (cost=2.29..71.61 rows=20 width=10) (actual time=0.005..0.013 rows=4 loops=6398)
                                   Hash Cond: (supplier_1.s_nationkey = nation_1.n_nationkey)
                                   ->  Nested Loop  (cost=0.72..69.98 rows=20 width=10) (actual time=0.005..0.012 rows=4 loops=6398)
                                         ->  Index Scan using idx_partsupp_partkey on partsupp partsupp_1  (cost=0.43..3.78 rows=20 width=10) (actual time=0.003..0.003 rows=4 loops=6398)
                                               Index Cond: (part.p_partkey = ps_partkey)
                                         ->  Index Scan using supplier_pkey on supplier supplier_1  (cost=0.29..3.31 rows=1 width=8) (actual time=0.002..0.002 rows=1 loops=25592)
                                               Index Cond: (s_suppkey = partsupp_1.ps_suppkey)
                                   ->  Hash  (cost=1.25..1.25 rows=25 width=8) (actual time=0.010..0.011 rows=25 loops=1)
                                         Buckets: 1024  Batches: 1  Memory Usage: 9kB
                                         ->  Seq Scan on nation nation_1  (cost=0.00..1.25 rows=25 width=8) (actual time=0.003..0.006 rows=25 loops=1)
 Planning time: 1.615 ms
 Execution time: 3968.283 ms
(56 rows)

query 3 run 1
SET
SET
SET
                                                                                   QUERY PLAN                                                                                    
---------------------------------------------------------------------------------------------------------------------------------------------------------------------------------
 Limit  (cost=2292334.90..2292334.93 rows=10 width=44) (actual time=14693.734..14732.479 rows=10 loops=1)
   ->  Sort  (cost=2292334.90..2300058.28 rows=3089350 width=44) (actual time=14693.733..14732.477 rows=10 loops=1)
         Sort Key: (sum((lineitem.l_extendedprice * ('1'::numeric - lineitem.l_discount)))) DESC, orders.o_orderdate
         Sort Method: top-N heapsort  Memory: 26kB
         ->  Finalize GroupAggregate  (cost=1757199.64..2225575.16 rows=3089350 width=44) (actual time=14493.171..14710.455 rows=113934 loops=1)
               Group Key: lineitem.l_orderkey, orders.o_orderdate, orders.o_shippriority
               ->  Gather Merge  (cost=1757199.64..2148341.39 rows=3089352 width=44) (actual time=14493.161..14618.795 rows=113934 loops=1)
                     Workers Planned: 4
                     Workers Launched: 4
                     ->  Partial GroupAggregate  (cost=1756199.58..1779369.72 rows=772338 width=44) (actual time=14479.082..14524.878 rows=22787 loops=5)
                           Group Key: lineitem.l_orderkey, orders.o_orderdate, orders.o_shippriority
                           ->  Sort  (cost=1756199.58..1758130.43 rows=772338 width=24) (actual time=14479.058..14482.648 rows=60306 loops=5)
                                 Sort Key: lineitem.l_orderkey, orders.o_orderdate, orders.o_shippriority
                                 Sort Method: quicksort  Memory: 6195kB
                                 ->  Nested Loop  (cost=58388.72..1670485.78 rows=772338 width=24) (actual time=600.359..14456.129 rows=60306 loops=5)
                                       ->  Hash Join  (cost=58388.15..371304.95 rows=357504 width=12) (actual time=597.664..2308.304 rows=290361 loops=5)
                                             Hash Cond: (orders.o_custkey = customer.c_custkey)
                                             ->  Parallel Seq Scan on orders  (cost=0.00..308149.88 rows=1815967 width=16) (actual time=0.683..1324.199 rows=1447887 loops=5)
                                                   Filter: (o_orderdate < '1995-03-07'::date)
                                                   Rows Removed by Filter: 1552113
                                             ->  Hash  (cost=54696.91..54696.91 rows=295299 width=4) (actual time=595.673..595.674 rows=300276 loops=5)
                                                   Buckets: 524288  Batches: 1  Memory Usage: 14653kB
                                                   ->  Seq Scan on customer  (cost=0.00..54696.91 rows=295299 width=4) (actual time=0.046..542.874 rows=300276 loops=5)
                                                         Filter: (c_mktsegment = 'BUILDING'::bpchar)
                                                         Rows Removed by Filter: 1199724
                                       ->  Index Scan using idx_lineitem_orderkey on lineitem  (cost=0.56..3.61 rows=2 width=16) (actual time=0.041..0.041 rows=0 loops=1451805)
                                             Index Cond: (l_orderkey = orders.o_orderkey)
                                             Filter: (l_shipdate > '1995-03-07'::date)
                                             Rows Removed by Filter: 4
 Planning time: 19.097 ms
 Execution time: 14732.940 ms
(31 rows)

SET
SET
SET
                                                                                   QUERY PLAN                                                                                    
---------------------------------------------------------------------------------------------------------------------------------------------------------------------------------
 Limit  (cost=2292334.90..2292334.93 rows=10 width=44) (actual time=4296.195..4332.752 rows=10 loops=1)
   ->  Sort  (cost=2292334.90..2300058.28 rows=3089350 width=44) (actual time=4296.194..4332.750 rows=10 loops=1)
         Sort Key: (sum((lineitem.l_extendedprice * ('1'::numeric - lineitem.l_discount)))) DESC, orders.o_orderdate
         Sort Method: top-N heapsort  Memory: 26kB
         ->  Finalize GroupAggregate  (cost=1757199.64..2225575.16 rows=3089350 width=44) (actual time=4092.678..4310.465 rows=113934 loops=1)
               Group Key: lineitem.l_orderkey, orders.o_orderdate, orders.o_shippriority
               ->  Gather Merge  (cost=1757199.64..2148341.39 rows=3089352 width=44) (actual time=4092.664..4217.969 rows=113934 loops=1)
                     Workers Planned: 4
                     Workers Launched: 4
                     ->  Partial GroupAggregate  (cost=1756199.58..1779369.72 rows=772338 width=44) (actual time=4085.213..4131.208 rows=22787 loops=5)
                           Group Key: lineitem.l_orderkey, orders.o_orderdate, orders.o_shippriority
                           ->  Sort  (cost=1756199.58..1758130.43 rows=772338 width=24) (actual time=4085.200..4088.911 rows=60306 loops=5)
                                 Sort Key: lineitem.l_orderkey, orders.o_orderdate, orders.o_shippriority
                                 Sort Method: quicksort  Memory: 6263kB
                                 ->  Nested Loop  (cost=58388.72..1670485.78 rows=772338 width=24) (actual time=455.547..4065.900 rows=60306 loops=5)
                                       ->  Hash Join  (cost=58388.15..371304.95 rows=357504 width=12) (actual time=455.286..1337.247 rows=290361 loops=5)
                                             Hash Cond: (orders.o_custkey = customer.c_custkey)
                                             ->  Parallel Seq Scan on orders  (cost=0.00..308149.88 rows=1815967 width=16) (actual time=0.028..521.722 rows=1447887 loops=5)
                                                   Filter: (o_orderdate < '1995-03-07'::date)
                                                   Rows Removed by Filter: 1552113
                                             ->  Hash  (cost=54696.91..54696.91 rows=295299 width=4) (actual time=454.400..454.401 rows=300276 loops=5)
                                                   Buckets: 524288  Batches: 1  Memory Usage: 14653kB
                                                   ->  Seq Scan on customer  (cost=0.00..54696.91 rows=295299 width=4) (actual time=0.030..398.594 rows=300276 loops=5)
                                                         Filter: (c_mktsegment = 'BUILDING'::bpchar)
                                                         Rows Removed by Filter: 1199724
                                       ->  Index Scan using idx_lineitem_orderkey on lineitem  (cost=0.56..3.61 rows=2 width=16) (actual time=0.009..0.009 rows=0 loops=1451805)
                                             Index Cond: (l_orderkey = orders.o_orderkey)
                                             Filter: (l_shipdate > '1995-03-07'::date)
                                             Rows Removed by Filter: 4
 Planning time: 1.780 ms
 Execution time: 4333.114 ms
(31 rows)

query 4 run 1
SET
SET
SET
                                                                                    QUERY PLAN                                                                                    
----------------------------------------------------------------------------------------------------------------------------------------------------------------------------------
 Limit  (cost=702402.72..702402.76 rows=1 width=24) (actual time=20731.804..20773.225 rows=1 loops=1)
   ->  Finalize GroupAggregate  (cost=702402.72..702402.92 rows=5 width=24) (actual time=20731.803..20773.223 rows=1 loops=1)
         Group Key: orders.o_orderpriority
         ->  Sort  (cost=702402.72..702402.77 rows=20 width=24) (actual time=20731.798..20773.218 rows=6 loops=1)
               Sort Key: orders.o_orderpriority
               Sort Method: quicksort  Memory: 26kB
               ->  Gather  (cost=702400.24..702402.29 rows=20 width=24) (actual time=20726.085..20773.184 rows=25 loops=1)
                     Workers Planned: 4
                     Workers Launched: 4
                     ->  Partial HashAggregate  (cost=701400.24..701400.29 rows=5 width=24) (actual time=20719.012..20719.014 rows=5 loops=5)
                           Group Key: orders.o_orderpriority
                           ->  Nested Loop Semi Join  (cost=7747.88..700726.24 rows=134800 width=16) (actual time=154.733..20633.399 rows=102764 loops=5)
                                 ->  Parallel Bitmap Heap Scan on orders  (cost=7747.31..271037.89 rows=134838 width=20) (actual time=154.452..2224.591 rows=112085 loops=5)
                                       Recheck Cond: ((o_orderdate >= '1993-12-01'::date) AND (o_orderdate < '1994-03-01'::date))
                                       Heap Blocks: exact=46433
                                       ->  Bitmap Index Scan on idx_orders_orderdate  (cost=0.00..7612.48 rows=539354 width=0) (actual time=107.760..107.760 rows=560424 loops=1)
                                             Index Cond: ((o_orderdate >= '1993-12-01'::date) AND (o_orderdate < '1994-03-01'::date))
                                 ->  Index Scan using idx_lineitem_orderkey on lineitem  (cost=0.56..3.61 rows=1 width=4) (actual time=0.163..0.163 rows=1 loops=560424)
                                       Index Cond: (l_orderkey = orders.o_orderkey)
                                       Filter: (l_commitdate < l_receiptdate)
                                       Rows Removed by Filter: 1
 Planning time: 18.183 ms
 Execution time: 20774.034 ms
(23 rows)

SET
SET
SET
                                                                                    QUERY PLAN                                                                                    
----------------------------------------------------------------------------------------------------------------------------------------------------------------------------------
 Limit  (cost=702402.72..702402.76 rows=1 width=24) (actual time=2134.305..2176.654 rows=1 loops=1)
   ->  Finalize GroupAggregate  (cost=702402.72..702402.92 rows=5 width=24) (actual time=2134.304..2176.652 rows=1 loops=1)
         Group Key: orders.o_orderpriority
         ->  Sort  (cost=702402.72..702402.77 rows=20 width=24) (actual time=2134.298..2176.645 rows=6 loops=1)
               Sort Key: orders.o_orderpriority
               Sort Method: quicksort  Memory: 26kB
               ->  Gather  (cost=702400.24..702402.29 rows=20 width=24) (actual time=2131.219..2176.616 rows=25 loops=1)
                     Workers Planned: 4
                     Workers Launched: 4
                     ->  Partial HashAggregate  (cost=701400.24..701400.29 rows=5 width=24) (actual time=2126.896..2126.898 rows=5 loops=5)
                           Group Key: orders.o_orderpriority
                           ->  Nested Loop Semi Join  (cost=7747.88..700726.24 rows=134800 width=16) (actual time=149.619..2083.961 rows=102764 loops=5)
                                 ->  Parallel Bitmap Heap Scan on orders  (cost=7747.31..271037.89 rows=134838 width=20) (actual time=149.560..531.603 rows=112085 loops=5)
                                       Recheck Cond: ((o_orderdate >= '1993-12-01'::date) AND (o_orderdate < '1994-03-01'::date))
                                       Heap Blocks: exact=48427
                                       ->  Bitmap Index Scan on idx_orders_orderdate  (cost=0.00..7612.48 rows=539354 width=0) (actual time=100.362..100.362 rows=560424 loops=1)
                                             Index Cond: ((o_orderdate >= '1993-12-01'::date) AND (o_orderdate < '1994-03-01'::date))
                                 ->  Index Scan using idx_lineitem_orderkey on lineitem  (cost=0.56..3.61 rows=1 width=4) (actual time=0.013..0.013 rows=1 loops=560424)
                                       Index Cond: (l_orderkey = orders.o_orderkey)
                                       Filter: (l_commitdate < l_receiptdate)
                                       Rows Removed by Filter: 1
 Planning time: 1.003 ms
 Execution time: 2176.723 ms
(23 rows)

query 5 run 1
SET
SET
SET
                                                                                              QUERY PLAN                                                                                               
-------------------------------------------------------------------------------------------------------------------------------------------------------------------------------------------------------
 Limit  (cost=806283.60..806283.60 rows=1 width=58) (actual time=22878.535..22923.953 rows=1 loops=1)
   ->  Sort  (cost=806283.60..806283.66 rows=25 width=58) (actual time=22878.534..22923.951 rows=1 loops=1)
         Sort Key: (sum((lineitem.l_extendedprice * ('1'::numeric - lineitem.l_discount)))) DESC
         Sort Method: top-N heapsort  Memory: 25kB
         ->  Finalize GroupAggregate  (cost=806036.35..806283.47 rows=25 width=58) (actual time=22867.896..22923.933 rows=5 loops=1)
               Group Key: nation.n_name
               ->  Gather Merge  (cost=806036.35..806282.41 rows=100 width=58) (actual time=22866.521..22923.895 rows=25 loops=1)
                     Workers Planned: 4
                     Workers Launched: 4
                     ->  Partial GroupAggregate  (cost=805036.29..805270.44 rows=25 width=58) (actual time=22850.849..22856.525 rows=5 loops=5)
                           Group Key: nation.n_name
                           ->  Sort  (cost=805036.29..805083.06 rows=18707 width=38) (actual time=22849.606..22850.278 rows=14407 loops=5)
                                 Sort Key: nation.n_name
                                 Sort Method: quicksort  Memory: 1503kB
                                 ->  Hash Join  (cost=101643.69..803708.91 rows=18707 width=38) (actual time=1092.250..22836.491 rows=14407 loops=5)
                                       Hash Cond: ((lineitem.l_suppkey = supplier.s_suppkey) AND (customer.c_nationkey = supplier.s_nationkey))
                                       ->  Nested Loop  (cost=96922.69..796532.51 rows=467695 width=50) (actual time=1045.557..22676.201 rows=363065 loops=5)
                                             ->  Hash Join  (cost=96922.12..370324.47 rows=116958 width=38) (actual time=1045.128..3106.064 rows=90680 loops=5)
                                                   Hash Cond: (orders.o_custkey = customer.c_custkey)
                                                   ->  Parallel Bitmap Heap Scan on orders  (cost=33597.73..303637.55 rows=584788 width=8) (actual time=342.041..2238.246 rows=455328 loops=5)
                                                         Recheck Cond: ((o_orderdate >= '1993-01-01'::date) AND (o_orderdate < '1994-01-01'::date))
                                                         Heap Blocks: exact=51997
                                                         ->  Bitmap Index Scan on idx_orders_orderdate  (cost=0.00..33012.94 rows=2339151 width=0) (actual time=283.787..283.788 rows=2276638 loops=1)
                                                               Index Cond: ((o_orderdate >= '1993-01-01'::date) AND (o_orderdate < '1994-01-01'::date))
                                                   ->  Hash  (cost=59574.40..59574.40 rows=299999 width=38) (actual time=701.169..701.171 rows=299436 loops=5)
                                                         Buckets: 524288  Batches: 1  Memory Usage: 25151kB
                                                         ->  Hash Join  (cost=2.51..59574.40 rows=299999 width=38) (actual time=0.112..637.941 rows=299436 loops=5)
                                                               Hash Cond: (customer.c_nationkey = nation.n_nationkey)
                                                               ->  Seq Scan on customer  (cost=0.00..50946.93 rows=1499993 width=8) (actual time=0.054..439.119 rows=1500000 loops=5)
                                                               ->  Hash  (cost=2.45..2.45 rows=5 width=30) (actual time=0.042..0.043 rows=5 loops=5)
                                                                     Buckets: 1024  Batches: 1  Memory Usage: 9kB
                                                                     ->  Hash Join  (cost=1.07..2.45 rows=5 width=30) (actual time=0.035..0.041 rows=5 loops=5)
                                                                           Hash Cond: (nation.n_regionkey = region.r_regionkey)
                                                                           ->  Seq Scan on nation  (cost=0.00..1.25 rows=25 width=34) (actual time=0.010..0.011 rows=25 loops=5)
                                                                           ->  Hash  (cost=1.06..1.06 rows=1 width=4) (actual time=0.015..0.016 rows=1 loops=5)
                                                                                 Buckets: 1024  Batches: 1  Memory Usage: 9kB
                                                                                 ->  Seq Scan on region  (cost=0.00..1.06 rows=1 width=4) (actual time=0.011..0.012 rows=1 loops=5)
                                                                                       Filter: (r_name = 'AMERICA'::bpchar)
                                                                                       Rows Removed by Filter: 4
                                             ->  Index Scan using idx_lineitem_orderkey on lineitem  (cost=0.56..3.60 rows=4 width=20) (actual time=0.203..0.214 rows=4 loops=453399)
                                                   Index Cond: (l_orderkey = orders.o_orderkey)
                                       ->  Hash  (cost=3221.00..3221.00 rows=100000 width=8) (actual time=43.079..43.080 rows=100000 loops=5)
                                             Buckets: 131072  Batches: 1  Memory Usage: 4931kB
                                             ->  Seq Scan on supplier  (cost=0.00..3221.00 rows=100000 width=8) (actual time=0.023..22.750 rows=100000 loops=5)
 Planning time: 24.600 ms
 Execution time: 22924.790 ms
(46 rows)

SET
SET
SET
                                                                                              QUERY PLAN                                                                                               
-------------------------------------------------------------------------------------------------------------------------------------------------------------------------------------------------------
 Limit  (cost=806283.60..806283.60 rows=1 width=58) (actual time=3010.309..3059.702 rows=1 loops=1)
   ->  Sort  (cost=806283.60..806283.66 rows=25 width=58) (actual time=3010.308..3059.701 rows=1 loops=1)
         Sort Key: (sum((lineitem.l_extendedprice * ('1'::numeric - lineitem.l_discount)))) DESC
         Sort Method: top-N heapsort  Memory: 25kB
         ->  Finalize GroupAggregate  (cost=806036.35..806283.47 rows=25 width=58) (actual time=3004.411..3059.687 rows=5 loops=1)
               Group Key: nation.n_name
               ->  Gather Merge  (cost=806036.35..806282.41 rows=100 width=58) (actual time=3003.023..3059.656 rows=25 loops=1)
                     Workers Planned: 4
                     Workers Launched: 4
                     ->  Partial GroupAggregate  (cost=805036.29..805270.44 rows=25 width=58) (actual time=2993.142..2999.031 rows=5 loops=5)
                           Group Key: nation.n_name
                           ->  Sort  (cost=805036.29..805083.06 rows=18707 width=38) (actual time=2991.901..2992.551 rows=14407 loops=5)
                                 Sort Key: nation.n_name
                                 Sort Method: quicksort  Memory: 1505kB
                                 ->  Hash Join  (cost=101643.69..803708.91 rows=18707 width=38) (actual time=902.195..2983.681 rows=14407 loops=5)
                                       Hash Cond: ((lineitem.l_suppkey = supplier.s_suppkey) AND (customer.c_nationkey = supplier.s_nationkey))
                                       ->  Nested Loop  (cost=96922.69..796532.51 rows=467695 width=50) (actual time=847.575..2835.207 rows=363065 loops=5)
                                             ->  Hash Join  (cost=96922.12..370324.47 rows=116958 width=38) (actual time=847.530..1409.608 rows=90680 loops=5)
                                                   Hash Cond: (orders.o_custkey = customer.c_custkey)
                                                   ->  Parallel Bitmap Heap Scan on orders  (cost=33597.73..303637.55 rows=584788 width=8) (actual time=305.823..736.502 rows=455328 loops=5)
                                                         Recheck Cond: ((o_orderdate >= '1993-01-01'::date) AND (o_orderdate < '1994-01-01'::date))
                                                         Heap Blocks: exact=52444
                                                         ->  Bitmap Index Scan on idx_orders_orderdate  (cost=0.00..33012.94 rows=2339151 width=0) (actual time=258.467..258.468 rows=2276638 loops=1)
                                                               Index Cond: ((o_orderdate >= '1993-01-01'::date) AND (o_orderdate < '1994-01-01'::date))
                                                   ->  Hash  (cost=59574.40..59574.40 rows=299999 width=38) (actual time=539.918..539.919 rows=299436 loops=5)
                                                         Buckets: 524288  Batches: 1  Memory Usage: 25151kB
                                                         ->  Hash Join  (cost=2.51..59574.40 rows=299999 width=38) (actual time=0.101..475.864 rows=299436 loops=5)
                                                               Hash Cond: (customer.c_nationkey = nation.n_nationkey)
                                                               ->  Seq Scan on customer  (cost=0.00..50946.93 rows=1499993 width=8) (actual time=0.047..271.629 rows=1500000 loops=5)
                                                               ->  Hash  (cost=2.45..2.45 rows=5 width=30) (actual time=0.039..0.040 rows=5 loops=5)
                                                                     Buckets: 1024  Batches: 1  Memory Usage: 9kB
                                                                     ->  Hash Join  (cost=1.07..2.45 rows=5 width=30) (actual time=0.032..0.037 rows=5 loops=5)
                                                                           Hash Cond: (nation.n_regionkey = region.r_regionkey)
                                                                           ->  Seq Scan on nation  (cost=0.00..1.25 rows=25 width=34) (actual time=0.010..0.011 rows=25 loops=5)
                                                                           ->  Hash  (cost=1.06..1.06 rows=1 width=4) (actual time=0.014..0.015 rows=1 loops=5)
                                                                                 Buckets: 1024  Batches: 1  Memory Usage: 9kB
                                                                                 ->  Seq Scan on region  (cost=0.00..1.06 rows=1 width=4) (actual time=0.011..0.012 rows=1 loops=5)
                                                                                       Filter: (r_name = 'AMERICA'::bpchar)
                                                                                       Rows Removed by Filter: 4
                                             ->  Index Scan using idx_lineitem_orderkey on lineitem  (cost=0.56..3.60 rows=4 width=20) (actual time=0.014..0.015 rows=4 loops=453399)
                                                   Index Cond: (l_orderkey = orders.o_orderkey)
                                       ->  Hash  (cost=3221.00..3221.00 rows=100000 width=8) (actual time=54.083..54.084 rows=100000 loops=5)
                                             Buckets: 131072  Batches: 1  Memory Usage: 4931kB
                                             ->  Seq Scan on supplier  (cost=0.00..3221.00 rows=100000 width=8) (actual time=0.022..27.525 rows=100000 loops=5)
 Planning time: 3.854 ms
 Execution time: 3059.858 ms
(46 rows)

query 6 run 1
SET
SET
SET
                                                                                                                QUERY PLAN                                                                                                                 
-------------------------------------------------------------------------------------------------------------------------------------------------------------------------------------------------------------------------------------------
 Limit  (cost=1077879.45..1077879.46 rows=1 width=32) (actual time=10695.294..10738.923 rows=1 loops=1)
   ->  Finalize Aggregate  (cost=1077879.45..1077879.46 rows=1 width=32) (actual time=10695.293..10738.921 rows=1 loops=1)
         ->  Gather  (cost=1077879.02..1077879.43 rows=4 width=32) (actual time=10689.387..10738.903 rows=5 loops=1)
               Workers Planned: 4
               Workers Launched: 4
               ->  Partial Aggregate  (cost=1076879.02..1076879.03 rows=1 width=32) (actual time=10680.600..10680.601 rows=1 loops=5)
                     ->  Parallel Bitmap Heap Scan on lineitem  (cost=217403.17..1075366.99 rows=302405 width=12) (actual time=1385.439..10537.766 rows=238912 loops=5)
                           Recheck Cond: ((l_shipdate >= '1993-01-01'::date) AND (l_shipdate < '1994-01-01 00:00:00'::timestamp without time zone) AND (l_discount >= 0.06) AND (l_discount <= 0.08) AND (l_quantity < '25'::numeric))
                           Rows Removed by Index Recheck: 2744818
                           Heap Blocks: exact=78863 lossy=53470
                           ->  Bitmap Index Scan on idx_lineitem_shipdate  (cost=0.00..217100.76 rows=1209621 width=0) (actual time=1295.246..1295.246 rows=1194558 loops=1)
                                 Index Cond: ((l_shipdate >= '1993-01-01'::date) AND (l_shipdate < '1994-01-01 00:00:00'::timestamp without time zone) AND (l_discount >= 0.06) AND (l_discount <= 0.08) AND (l_quantity < '25'::numeric))
 Planning time: 9.778 ms
 Execution time: 10739.640 ms
(14 rows)

SET
SET
SET
                                                                                                                QUERY PLAN                                                                                                                 
-------------------------------------------------------------------------------------------------------------------------------------------------------------------------------------------------------------------------------------------
 Limit  (cost=1077879.45..1077879.46 rows=1 width=32) (actual time=3269.789..3317.790 rows=1 loops=1)
   ->  Finalize Aggregate  (cost=1077879.45..1077879.46 rows=1 width=32) (actual time=3269.788..3317.788 rows=1 loops=1)
         ->  Gather  (cost=1077879.02..1077879.43 rows=4 width=32) (actual time=3269.714..3317.780 rows=5 loops=1)
               Workers Planned: 4
               Workers Launched: 4
               ->  Partial Aggregate  (cost=1076879.02..1076879.03 rows=1 width=32) (actual time=3264.461..3264.462 rows=1 loops=5)
                     ->  Parallel Bitmap Heap Scan on lineitem  (cost=217403.17..1075366.99 rows=302405 width=12) (actual time=1250.519..3164.294 rows=238912 loops=5)
                           Recheck Cond: ((l_shipdate >= '1993-01-01'::date) AND (l_shipdate < '1994-01-01 00:00:00'::timestamp without time zone) AND (l_discount >= 0.06) AND (l_discount <= 0.08) AND (l_quantity < '25'::numeric))
                           Rows Removed by Index Recheck: 2744818
                           Heap Blocks: exact=75643 lossy=50971
                           ->  Bitmap Index Scan on idx_lineitem_shipdate  (cost=0.00..217100.76 rows=1209621 width=0) (actual time=1156.002..1156.003 rows=1194558 loops=1)
                                 Index Cond: ((l_shipdate >= '1993-01-01'::date) AND (l_shipdate < '1994-01-01 00:00:00'::timestamp without time zone) AND (l_discount >= 0.06) AND (l_discount <= 0.08) AND (l_quantity < '25'::numeric))
 Planning time: 0.580 ms
 Execution time: 3317.830 ms
(14 rows)

query 7 run 1
SET
SET
SET
                                                                                       QUERY PLAN                                                                                        
-----------------------------------------------------------------------------------------------------------------------------------------------------------------------------------------
 Limit  (cost=1470925.56..1470926.15 rows=1 width=92) (actual time=15528.035..15571.606 rows=1 loops=1)
   ->  Finalize GroupAggregate  (cost=1470925.56..1476811.87 rows=10020 width=92) (actual time=15528.035..15571.604 rows=1 loops=1)
         Group Key: n1.n_name, n2.n_name, (date_part('year'::text, (lineitem.l_shipdate)::timestamp without time zone))
         ->  Gather Merge  (cost=1470925.56..1476135.52 rows=40080 width=92) (actual time=15526.464..15571.595 rows=6 loops=1)
               Workers Planned: 4
               Workers Launched: 4
               ->  Partial GroupAggregate  (cost=1469925.50..1470361.55 rows=10020 width=92) (actual time=15508.754..15513.088 rows=4 loops=5)
                     Group Key: n1.n_name, n2.n_name, (date_part('year'::text, (lineitem.l_shipdate)::timestamp without time zone))
                     ->  Sort  (cost=1469925.50..1469962.75 rows=14897 width=72) (actual time=15505.620..15506.187 rows=10418 loops=5)
                           Sort Key: n1.n_name, n2.n_name, (date_part('year'::text, (lineitem.l_shipdate)::timestamp without time zone))
                           Sort Method: quicksort  Memory: 2010kB
                           ->  Hash Join  (cost=60683.26..1468892.94 rows=14897 width=72) (actual time=663.068..15494.068 rows=11559 loops=5)
                                 Hash Cond: (lineitem.l_suppkey = supplier.s_suppkey)
                                 Join Filter: (((n1.n_name = 'PERU'::bpchar) AND (n2.n_name = 'MOROCCO'::bpchar)) OR ((n1.n_name = 'MOROCCO'::bpchar) AND (n2.n_name = 'PERU'::bpchar)))
                                 Rows Removed by Join Filter: 11632
                                 ->  Nested Loop  (cost=57053.86..1463273.90 rows=357971 width=46) (actual time=633.186..15365.700 rows=289625 loops=5)
                                       ->  Hash Join  (cost=57053.30..372891.79 rows=300044 width=30) (actual time=632.754..2526.732 rows=238235 loops=5)
                                             Hash Cond: (orders.o_custkey = customer.c_custkey)
                                             ->  Parallel Seq Scan on orders  (cost=0.00..298773.50 rows=3750550 width=8) (actual time=0.068..1125.583 rows=3000000 loops=5)
                                             ->  Hash  (cost=55553.31..55553.31 rows=119999 width=30) (actual time=632.384..632.385 rows=119622 loops=5)
                                                   Buckets: 131072  Batches: 1  Memory Usage: 8267kB
                                                   ->  Hash Join  (cost=1.40..55553.31 rows=119999 width=30) (actual time=0.030..607.449 rows=119622 loops=5)
                                                         Hash Cond: (customer.c_nationkey = n2.n_nationkey)
                                                         ->  Seq Scan on customer  (cost=0.00..50946.93 rows=1499993 width=8) (actual time=0.016..428.417 rows=1500000 loops=5)
                                                         ->  Hash  (cost=1.38..1.38 rows=2 width=30) (actual time=0.008..0.008 rows=2 loops=5)
                                                               Buckets: 1024  Batches: 1  Memory Usage: 9kB
                                                               ->  Seq Scan on nation n2  (cost=0.00..1.38 rows=2 width=30) (actual time=0.005..0.007 rows=2 loops=5)
                                                                     Filter: ((n_name = 'MOROCCO'::bpchar) OR (n_name = 'PERU'::bpchar))
                                                                     Rows Removed by Filter: 23
                                       ->  Index Scan using idx_lineitem_orderkey on lineitem  (cost=0.56..3.62 rows=1 width=24) (actual time=0.053..0.053 rows=1 loops=1191175)
                                             Index Cond: (l_orderkey = orders.o_orderkey)
                                             Filter: ((l_shipdate >= '1995-01-01'::date) AND (l_shipdate <= '1996-12-31'::date))
                                             Rows Removed by Filter: 3
                                 ->  Hash  (cost=3529.40..3529.40 rows=8000 width=30) (actual time=27.601..27.602 rows=7981 loops=5)
                                       Buckets: 8192  Batches: 1  Memory Usage: 548kB
                                       ->  Hash Join  (cost=1.40..3529.40 rows=8000 width=30) (actual time=0.032..26.316 rows=7981 loops=5)
                                             Hash Cond: (supplier.s_nationkey = n1.n_nationkey)
                                             ->  Seq Scan on supplier  (cost=0.00..3221.00 rows=100000 width=8) (actual time=0.014..12.775 rows=100000 loops=5)
                                             ->  Hash  (cost=1.38..1.38 rows=2 width=30) (actual time=0.013..0.013 rows=2 loops=5)
                                                   Buckets: 1024  Batches: 1  Memory Usage: 9kB
                                                   ->  Seq Scan on nation n1  (cost=0.00..1.38 rows=2 width=30) (actual time=0.010..0.012 rows=2 loops=5)
                                                         Filter: ((n_name = 'PERU'::bpchar) OR (n_name = 'MOROCCO'::bpchar))
                                                         Rows Removed by Filter: 23
 Planning time: 25.571 ms
 Execution time: 15572.447 ms
(45 rows)

SET
SET
SET
                                                                                       QUERY PLAN                                                                                        
-----------------------------------------------------------------------------------------------------------------------------------------------------------------------------------------
 Limit  (cost=1470925.56..1470926.15 rows=1 width=92) (actual time=4301.952..4345.254 rows=1 loops=1)
   ->  Finalize GroupAggregate  (cost=1470925.56..1476811.87 rows=10020 width=92) (actual time=4301.951..4345.253 rows=1 loops=1)
         Group Key: n1.n_name, n2.n_name, (date_part('year'::text, (lineitem.l_shipdate)::timestamp without time zone))
         ->  Gather Merge  (cost=1470925.56..1476135.52 rows=40080 width=92) (actual time=4300.339..4345.239 rows=6 loops=1)
               Workers Planned: 4
               Workers Launched: 4
               ->  Partial GroupAggregate  (cost=1469925.50..1470361.55 rows=10020 width=92) (actual time=4286.913..4290.824 rows=4 loops=5)
                     Group Key: n1.n_name, n2.n_name, (date_part('year'::text, (lineitem.l_shipdate)::timestamp without time zone))
                     ->  Sort  (cost=1469925.50..1469962.75 rows=14897 width=72) (actual time=4284.984..4285.531 rows=10337 loops=5)
                           Sort Key: n1.n_name, n2.n_name, (date_part('year'::text, (lineitem.l_shipdate)::timestamp without time zone))
                           Sort Method: quicksort  Memory: 2073kB
                           ->  Hash Join  (cost=60683.26..1468892.94 rows=14897 width=72) (actual time=526.832..4276.390 rows=11559 loops=5)
                                 Hash Cond: (lineitem.l_suppkey = supplier.s_suppkey)
                                 Join Filter: (((n1.n_name = 'PERU'::bpchar) AND (n2.n_name = 'MOROCCO'::bpchar)) OR ((n1.n_name = 'MOROCCO'::bpchar) AND (n2.n_name = 'PERU'::bpchar)))
                                 Rows Removed by Join Filter: 11632
                                 ->  Nested Loop  (cost=57053.86..1463273.90 rows=357971 width=46) (actual time=489.079..4150.973 rows=289625 loops=5)
                                       ->  Hash Join  (cost=57053.30..372891.79 rows=300044 width=30) (actual time=489.018..1594.081 rows=238235 loops=5)
                                             Hash Cond: (orders.o_custkey = customer.c_custkey)
                                             ->  Parallel Seq Scan on orders  (cost=0.00..298773.50 rows=3750550 width=8) (actual time=0.030..376.582 rows=3000000 loops=5)
                                             ->  Hash  (cost=55553.31..55553.31 rows=119999 width=30) (actual time=488.685..488.686 rows=119622 loops=5)
                                                   Buckets: 131072  Batches: 1  Memory Usage: 8267kB
                                                   ->  Hash Join  (cost=1.40..55553.31 rows=119999 width=30) (actual time=0.030..463.434 rows=119622 loops=5)
                                                         Hash Cond: (customer.c_nationkey = n2.n_nationkey)
                                                         ->  Seq Scan on customer  (cost=0.00..50946.93 rows=1499993 width=8) (actual time=0.015..287.470 rows=1500000 loops=5)
                                                         ->  Hash  (cost=1.38..1.38 rows=2 width=30) (actual time=0.009..0.009 rows=2 loops=5)
                                                               Buckets: 1024  Batches: 1  Memory Usage: 9kB
                                                               ->  Seq Scan on nation n2  (cost=0.00..1.38 rows=2 width=30) (actual time=0.006..0.008 rows=2 loops=5)
                                                                     Filter: ((n_name = 'MOROCCO'::bpchar) OR (n_name = 'PERU'::bpchar))
                                                                     Rows Removed by Filter: 23
                                       ->  Index Scan using idx_lineitem_orderkey on lineitem  (cost=0.56..3.62 rows=1 width=24) (actual time=0.010..0.010 rows=1 loops=1191175)
                                             Index Cond: (l_orderkey = orders.o_orderkey)
                                             Filter: ((l_shipdate >= '1995-01-01'::date) AND (l_shipdate <= '1996-12-31'::date))
                                             Rows Removed by Filter: 3
                                 ->  Hash  (cost=3529.40..3529.40 rows=8000 width=30) (actual time=37.301..37.302 rows=7981 loops=5)
                                       Buckets: 8192  Batches: 1  Memory Usage: 548kB
                                       ->  Hash Join  (cost=1.40..3529.40 rows=8000 width=30) (actual time=0.034..35.942 rows=7981 loops=5)
                                             Hash Cond: (supplier.s_nationkey = n1.n_nationkey)
                                             ->  Seq Scan on supplier  (cost=0.00..3221.00 rows=100000 width=8) (actual time=0.014..18.584 rows=100000 loops=5)
                                             ->  Hash  (cost=1.38..1.38 rows=2 width=30) (actual time=0.016..0.017 rows=2 loops=5)
                                                   Buckets: 1024  Batches: 1  Memory Usage: 9kB
                                                   ->  Seq Scan on nation n1  (cost=0.00..1.38 rows=2 width=30) (actual time=0.013..0.015 rows=2 loops=5)
                                                         Filter: ((n_name = 'PERU'::bpchar) OR (n_name = 'MOROCCO'::bpchar))
                                                         Rows Removed by Filter: 23
 Planning time: 3.181 ms
 Execution time: 4345.374 ms
(45 rows)

query 8 run 1
SET
SET
SET
                                                                                             QUERY PLAN                                                                                              
-----------------------------------------------------------------------------------------------------------------------------------------------------------------------------------------------------
 Limit  (cost=622190.70..622191.33 rows=1 width=40) (actual time=18689.902..18733.375 rows=1 loops=1)
   ->  Finalize GroupAggregate  (cost=622190.70..623695.11 rows=2406 width=40) (actual time=18689.901..18733.373 rows=1 loops=1)
         Group Key: (date_part('year'::text, (orders.o_orderdate)::timestamp without time zone))
         ->  Gather Merge  (cost=622190.70..623520.67 rows=9624 width=72) (actual time=18688.705..18733.361 rows=6 loops=1)
               Workers Planned: 4
               Workers Launched: 4
               ->  Partial GroupAggregate  (cost=621190.65..621374.31 rows=2406 width=72) (actual time=18671.547..18672.729 rows=2 loops=5)
                     Group Key: (date_part('year'::text, (orders.o_orderdate)::timestamp without time zone))
                     ->  Sort  (cost=621190.65..621205.71 rows=6024 width=46) (actual time=18670.361..18670.569 rows=4768 loops=5)
                           Sort Key: (date_part('year'::text, (orders.o_orderdate)::timestamp without time zone))
                           Sort Method: quicksort  Memory: 568kB
                           ->  Hash Join  (cost=67797.95..620812.44 rows=6024 width=46) (actual time=729.504..18665.997 rows=4768 loops=5)
                                 Hash Cond: (supplier.s_nationkey = n2.n_nationkey)
                                 ->  Hash Join  (cost=67796.39..620762.27 rows=6024 width=20) (actual time=729.278..18657.118 rows=4768 loops=5)
                                       Hash Cond: (lineitem.l_suppkey = supplier.s_suppkey)
                                       ->  Hash Join  (cost=63325.39..616275.45 rows=6024 width=20) (actual time=687.581..18611.895 rows=4768 loops=5)
                                             Hash Cond: (orders.o_custkey = customer.c_custkey)
                                             ->  Nested Loop  (cost=1.00..552777.88 rows=30118 width=24) (actual time=5.421..17925.620 rows=23719 loops=5)
                                                   ->  Nested Loop  (cost=0.56..210351.52 rows=99983 width=20) (actual time=1.277..11781.556 rows=77904 loops=5)
                                                         ->  Parallel Seq Scan on part  (cost=0.00..47231.03 rows=3333 width=4) (actual time=0.498..107.849 rows=2602 loops=5)
                                                               Filter: ((p_type)::text = 'LARGE POLISHED BRASS'::text)
                                                               Rows Removed by Filter: 397398
                                                         ->  Index Scan using idx_lineitem_part_supp on lineitem  (cost=0.56..48.63 rows=31 width=24) (actual time=0.337..4.472 rows=30 loops=13011)
                                                               Index Cond: (l_partkey = part.p_partkey)
                                                   ->  Index Scan using orders_pkey on orders  (cost=0.43..3.42 rows=1 width=12) (actual time=0.078..0.078 rows=0 loops=389521)
                                                         Index Cond: (o_orderkey = lineitem.l_orderkey)
                                                         Filter: ((o_orderdate >= '1995-01-01'::date) AND (o_orderdate <= '1996-12-31'::date))
                                                         Rows Removed by Filter: 1
                                             ->  Hash  (cost=59574.40..59574.40 rows=299999 width=4) (actual time=671.393..671.395 rows=299436 loops=5)
                                                   Buckets: 524288  Batches: 1  Memory Usage: 14624kB
                                                   ->  Hash Join  (cost=2.51..59574.40 rows=299999 width=4) (actual time=0.074..620.869 rows=299436 loops=5)
                                                         Hash Cond: (customer.c_nationkey = n1.n_nationkey)
                                                         ->  Seq Scan on customer  (cost=0.00..50946.93 rows=1499993 width=8) (actual time=0.032..425.871 rows=1500000 loops=5)
                                                         ->  Hash  (cost=2.45..2.45 rows=5 width=4) (actual time=0.030..0.032 rows=5 loops=5)
                                                               Buckets: 1024  Batches: 1  Memory Usage: 9kB
                                                               ->  Hash Join  (cost=1.07..2.45 rows=5 width=4) (actual time=0.022..0.030 rows=5 loops=5)
                                                                     Hash Cond: (n1.n_regionkey = region.r_regionkey)
                                                                     ->  Seq Scan on nation n1  (cost=0.00..1.25 rows=25 width=8) (actual time=0.004..0.005 rows=25 loops=5)
                                                                     ->  Hash  (cost=1.06..1.06 rows=1 width=4) (actual time=0.013..0.013 rows=1 loops=5)
                                                                           Buckets: 1024  Batches: 1  Memory Usage: 9kB
                                                                           ->  Seq Scan on region  (cost=0.00..1.06 rows=1 width=4) (actual time=0.010..0.011 rows=1 loops=5)
                                                                                 Filter: (r_name = 'AMERICA'::bpchar)
                                                                                 Rows Removed by Filter: 4
                                       ->  Hash  (cost=3221.00..3221.00 rows=100000 width=8) (actual time=41.368..41.368 rows=100000 loops=5)
                                             Buckets: 131072  Batches: 1  Memory Usage: 4931kB
                                             ->  Seq Scan on supplier  (cost=0.00..3221.00 rows=100000 width=8) (actual time=0.018..23.673 rows=100000 loops=5)
                                 ->  Hash  (cost=1.25..1.25 rows=25 width=30) (actual time=0.033..0.034 rows=25 loops=5)
                                       Buckets: 1024  Batches: 1  Memory Usage: 10kB
                                       ->  Seq Scan on nation n2  (cost=0.00..1.25 rows=25 width=30) (actual time=0.025..0.028 rows=25 loops=5)
 Planning time: 28.334 ms
 Execution time: 18734.285 ms
(51 rows)

SET
SET
SET
                                                                                             QUERY PLAN                                                                                              
-----------------------------------------------------------------------------------------------------------------------------------------------------------------------------------------------------
 Limit  (cost=622190.70..622191.33 rows=1 width=40) (actual time=2117.069..2164.689 rows=1 loops=1)
   ->  Finalize GroupAggregate  (cost=622190.70..623695.11 rows=2406 width=40) (actual time=2117.068..2164.687 rows=1 loops=1)
         Group Key: (date_part('year'::text, (orders.o_orderdate)::timestamp without time zone))
         ->  Gather Merge  (cost=622190.70..623520.67 rows=9624 width=72) (actual time=2115.874..2164.670 rows=6 loops=1)
               Workers Planned: 4
               Workers Launched: 4
               ->  Partial GroupAggregate  (cost=621190.65..621374.31 rows=2406 width=72) (actual time=2105.749..2106.928 rows=2 loops=5)
                     Group Key: (date_part('year'::text, (orders.o_orderdate)::timestamp without time zone))
                     ->  Sort  (cost=621190.65..621205.71 rows=6024 width=46) (actual time=2104.582..2104.788 rows=4768 loops=5)
                           Sort Key: (date_part('year'::text, (orders.o_orderdate)::timestamp without time zone))
                           Sort Method: quicksort  Memory: 562kB
                           ->  Hash Join  (cost=67797.95..620812.44 rows=6024 width=46) (actual time=586.669..2101.643 rows=4768 loops=5)
                                 Hash Cond: (supplier.s_nationkey = n2.n_nationkey)
                                 ->  Hash Join  (cost=67796.39..620762.27 rows=6024 width=20) (actual time=586.610..2094.676 rows=4768 loops=5)
                                       Hash Cond: (lineitem.l_suppkey = supplier.s_suppkey)
                                       ->  Hash Join  (cost=63325.39..616275.45 rows=6024 width=20) (actual time=528.176..2032.556 rows=4768 loops=5)
                                             Hash Cond: (orders.o_custkey = customer.c_custkey)
                                             ->  Nested Loop  (cost=1.00..552777.88 rows=30118 width=24) (actual time=0.246..1491.533 rows=23719 loops=5)
                                                   ->  Nested Loop  (cost=0.56..210351.52 rows=99983 width=20) (actual time=0.116..658.736 rows=77904 loops=5)
                                                         ->  Parallel Seq Scan on part  (cost=0.00..47231.03 rows=3333 width=4) (actual time=0.060..92.490 rows=2602 loops=5)
                                                               Filter: ((p_type)::text = 'LARGE POLISHED BRASS'::text)
                                                               Rows Removed by Filter: 397398
                                                         ->  Index Scan using idx_lineitem_part_supp on lineitem  (cost=0.56..48.63 rows=31 width=24) (actual time=0.020..0.209 rows=30 loops=13011)
                                                               Index Cond: (l_partkey = part.p_partkey)
                                                   ->  Index Scan using orders_pkey on orders  (cost=0.43..3.42 rows=1 width=12) (actual time=0.010..0.010 rows=0 loops=389521)
                                                         Index Cond: (o_orderkey = lineitem.l_orderkey)
                                                         Filter: ((o_orderdate >= '1995-01-01'::date) AND (o_orderdate <= '1996-12-31'::date))
                                                         Rows Removed by Filter: 1
                                             ->  Hash  (cost=59574.40..59574.40 rows=299999 width=4) (actual time=526.806..526.808 rows=299436 loops=5)
                                                   Buckets: 524288  Batches: 1  Memory Usage: 14624kB
                                                   ->  Hash Join  (cost=2.51..59574.40 rows=299999 width=4) (actual time=0.071..467.674 rows=299436 loops=5)
                                                         Hash Cond: (customer.c_nationkey = n1.n_nationkey)
                                                         ->  Seq Scan on customer  (cost=0.00..50946.93 rows=1499993 width=8) (actual time=0.030..220.987 rows=1500000 loops=5)
                                                         ->  Hash  (cost=2.45..2.45 rows=5 width=4) (actual time=0.026..0.027 rows=5 loops=5)
                                                               Buckets: 1024  Batches: 1  Memory Usage: 9kB
                                                               ->  Hash Join  (cost=1.07..2.45 rows=5 width=4) (actual time=0.021..0.026 rows=5 loops=5)
                                                                     Hash Cond: (n1.n_regionkey = region.r_regionkey)
                                                                     ->  Seq Scan on nation n1  (cost=0.00..1.25 rows=25 width=8) (actual time=0.003..0.005 rows=25 loops=5)
                                                                     ->  Hash  (cost=1.06..1.06 rows=1 width=4) (actual time=0.012..0.013 rows=1 loops=5)
                                                                           Buckets: 1024  Batches: 1  Memory Usage: 9kB
                                                                           ->  Seq Scan on region  (cost=0.00..1.06 rows=1 width=4) (actual time=0.010..0.011 rows=1 loops=5)
                                                                                 Filter: (r_name = 'AMERICA'::bpchar)
                                                                                 Rows Removed by Filter: 4
                                       ->  Hash  (cost=3221.00..3221.00 rows=100000 width=8) (actual time=58.147..58.147 rows=100000 loops=5)
                                             Buckets: 131072  Batches: 1  Memory Usage: 4931kB
                                             ->  Seq Scan on supplier  (cost=0.00..3221.00 rows=100000 width=8) (actual time=0.023..29.537 rows=100000 loops=5)
                                 ->  Hash  (cost=1.25..1.25 rows=25 width=30) (actual time=0.025..0.026 rows=25 loops=5)
                                       Buckets: 1024  Batches: 1  Memory Usage: 10kB
                                       ->  Seq Scan on nation n2  (cost=0.00..1.25 rows=25 width=30) (actual time=0.017..0.021 rows=25 loops=5)
 Planning time: 4.305 ms
 Execution time: 2164.831 ms
(51 rows)

query 9 run 1
SET
SET
SET
                                                                                            QUERY PLAN                                                                                            
--------------------------------------------------------------------------------------------------------------------------------------------------------------------------------------------------
 Limit  (cost=416516.25..416516.40 rows=1 width=66) (actual time=46362.901..46438.495 rows=1 loops=1)
   ->  Finalize GroupAggregate  (cost=416516.25..416531.85 rows=100 width=66) (actual time=46362.900..46438.493 rows=1 loops=1)
         Group Key: nation.n_name, (date_part('year'::text, (orders.o_orderdate)::timestamp without time zone))
         ->  Gather Merge  (cost=416516.25..416529.10 rows=100 width=66) (actual time=46355.439..46438.484 rows=6 loops=1)
               Workers Planned: 4
               Workers Launched: 4
               ->  Partial GroupAggregate  (cost=415516.19..415517.13 rows=25 width=66) (actual time=46319.210..46348.790 rows=9 loops=5)
                     Group Key: nation.n_name, (date_part('year'::text, (orders.o_orderdate)::timestamp without time zone))
                     ->  Sort  (cost=415516.19..415516.25 rows=25 width=57) (actual time=46317.122..46323.720 rows=33581 loops=5)
                           Sort Key: nation.n_name, (date_part('year'::text, (orders.o_orderdate)::timestamp without time zone)) DESC
                           Sort Method: external merge  Disk: 47776kB
                           ->  Hash Join  (cost=3.29..415515.61 rows=25 width=57) (actual time=1.899..45435.533 rows=649638 loops=5)
                                 Hash Cond: (supplier.s_nationkey = nation.n_nationkey)
                                 ->  Nested Loop  (cost=1.73..415513.85 rows=25 width=31) (actual time=1.837..44864.819 rows=649638 loops=5)
                                       ->  Nested Loop  (cost=1.29..415428.28 rows=25 width=31) (actual time=0.779..33153.141 rows=649638 loops=5)
                                             ->  Nested Loop  (cost=1.00..415346.33 rows=25 width=35) (actual time=0.655..31486.817 rows=649638 loops=5)
                                                   ->  Nested Loop  (cost=0.43..127079.12 rows=80810 width=18) (actual time=0.185..1407.024 rows=86650 loops=5)
                                                         ->  Parallel Seq Scan on part  (cost=0.00..47231.03 rows=20202 width=4) (actual time=0.104..202.317 rows=21662 loops=5)
                                                               Filter: ((p_name)::text ~~ '%navy%'::text)
                                                               Rows Removed by Filter: 378338
                                                         ->  Index Scan using idx_partsupp_partkey on partsupp  (cost=0.43..3.75 rows=20 width=14) (actual time=0.050..0.054 rows=4 loops=108312)
                                                               Index Cond: (ps_partkey = part.p_partkey)
                                                   ->  Index Scan using idx_lineitem_part_supp on lineitem  (cost=0.56..3.56 rows=1 width=29) (actual time=0.056..0.344 rows=7 loops=433248)
                                                         Index Cond: ((l_partkey = partsupp.ps_partkey) AND (l_suppkey = partsupp.ps_suppkey))
                                             ->  Index Scan using supplier_pkey on supplier  (cost=0.29..3.28 rows=1 width=8) (actual time=0.002..0.002 rows=1 loops=3248192)
                                                   Index Cond: (s_suppkey = lineitem.l_suppkey)
                                       ->  Index Scan using orders_pkey on orders  (cost=0.43..3.42 rows=1 width=8) (actual time=0.017..0.017 rows=1 loops=3248192)
                                             Index Cond: (o_orderkey = lineitem.l_orderkey)
                                 ->  Hash  (cost=1.25..1.25 rows=25 width=30) (actual time=0.024..0.024 rows=25 loops=5)
                                       Buckets: 1024  Batches: 1  Memory Usage: 10kB
                                       ->  Seq Scan on nation  (cost=0.00..1.25 rows=25 width=30) (actual time=0.013..0.016 rows=25 loops=5)
 Planning time: 33.800 ms
 Execution time: 46444.971 ms
(33 rows)

SET
SET
SET
                                                                                            QUERY PLAN                                                                                            
--------------------------------------------------------------------------------------------------------------------------------------------------------------------------------------------------
 Limit  (cost=416516.25..416516.40 rows=1 width=66) (actual time=22106.061..22179.318 rows=1 loops=1)
   ->  Finalize GroupAggregate  (cost=416516.25..416531.85 rows=100 width=66) (actual time=22106.060..22179.317 rows=1 loops=1)
         Group Key: nation.n_name, (date_part('year'::text, (orders.o_orderdate)::timestamp without time zone))
         ->  Gather Merge  (cost=416516.25..416529.10 rows=100 width=66) (actual time=22098.664..22179.309 rows=6 loops=1)
               Workers Planned: 4
               Workers Launched: 4
               ->  Partial GroupAggregate  (cost=415516.19..415517.13 rows=25 width=66) (actual time=22043.105..22101.681 rows=18 loops=5)
                     Group Key: nation.n_name, (date_part('year'::text, (orders.o_orderdate)::timestamp without time zone))
                     ->  Sort  (cost=415516.19..415516.25 rows=25 width=57) (actual time=22040.239..22055.544 rows=64655 loops=5)
                           Sort Key: nation.n_name, (date_part('year'::text, (orders.o_orderdate)::timestamp without time zone)) DESC
                           Sort Method: external merge  Disk: 48352kB
                           ->  Hash Join  (cost=3.29..415515.61 rows=25 width=57) (actual time=0.857..21169.591 rows=649638 loops=5)
                                 Hash Cond: (supplier.s_nationkey = nation.n_nationkey)
                                 ->  Nested Loop  (cost=1.73..415513.85 rows=25 width=31) (actual time=0.778..20676.616 rows=649638 loops=5)
                                       ->  Nested Loop  (cost=1.29..415428.28 rows=25 width=31) (actual time=0.538..14294.881 rows=649638 loops=5)
                                             ->  Nested Loop  (cost=1.00..415346.33 rows=25 width=35) (actual time=0.506..12811.596 rows=649638 loops=5)
                                                   ->  Nested Loop  (cost=0.43..127079.12 rows=80810 width=18) (actual time=0.204..1338.658 rows=86650 loops=5)
                                                         ->  Parallel Seq Scan on part  (cost=0.00..47231.03 rows=20202 width=4) (actual time=0.066..204.571 rows=21662 loops=5)
                                                               Filter: ((p_name)::text ~~ '%navy%'::text)
                                                               Rows Removed by Filter: 378338
                                                         ->  Index Scan using idx_partsupp_partkey on partsupp  (cost=0.43..3.75 rows=20 width=14) (actual time=0.047..0.050 rows=4 loops=108312)
                                                               Index Cond: (ps_partkey = part.p_partkey)
                                                   ->  Index Scan using idx_lineitem_part_supp on lineitem  (cost=0.56..3.56 rows=1 width=29) (actual time=0.026..0.130 rows=7 loops=433248)
                                                         Index Cond: ((l_partkey = partsupp.ps_partkey) AND (l_suppkey = partsupp.ps_suppkey))
                                             ->  Index Scan using supplier_pkey on supplier  (cost=0.29..3.28 rows=1 width=8) (actual time=0.002..0.002 rows=1 loops=3248192)
                                                   Index Cond: (s_suppkey = lineitem.l_suppkey)
                                       ->  Index Scan using orders_pkey on orders  (cost=0.43..3.42 rows=1 width=8) (actual time=0.009..0.009 rows=1 loops=3248192)
                                             Index Cond: (o_orderkey = lineitem.l_orderkey)
                                 ->  Hash  (cost=1.25..1.25 rows=25 width=30) (actual time=0.031..0.031 rows=25 loops=5)
                                       Buckets: 1024  Batches: 1  Memory Usage: 10kB
                                       ->  Seq Scan on nation  (cost=0.00..1.25 rows=25 width=30) (actual time=0.017..0.022 rows=25 loops=5)
 Planning time: 16.688 ms
 Execution time: 22186.578 ms
(33 rows)

query 10 run 1
SET
SET
SET
                                                                                                QUERY PLAN                                                                                                
----------------------------------------------------------------------------------------------------------------------------------------------------------------------------------------------------------
 Limit  (cost=1022238.57..1022238.62 rows=20 width=201) (actual time=27347.331..27416.619 rows=20 loops=1)
   ->  Sort  (cost=1022238.57..1023658.24 rows=567868 width=201) (actual time=27347.330..27416.617 rows=20 loops=1)
         Sort Key: (sum((lineitem.l_extendedprice * ('1'::numeric - lineitem.l_discount)))) DESC
         Sort Method: top-N heapsort  Memory: 33kB
         ->  Finalize GroupAggregate  (cost=922808.13..1007127.80 rows=567868 width=201) (actual time=26567.033..27309.333 rows=381205 loops=1)
               Group Key: customer.c_custkey, nation.n_name
               ->  Gather Merge  (cost=922808.13..994350.77 rows=567868 width=201) (actual time=26567.008..26936.341 rows=381205 loops=1)
                     Workers Planned: 4
                     Workers Launched: 4
                     ->  Partial GroupAggregate  (cost=921808.07..925712.16 rows=141967 width=201) (actual time=26542.809..26729.902 rows=76241 loops=5)
                           Group Key: customer.c_custkey, nation.n_name
                           ->  Sort  (cost=921808.07..922162.99 rows=141967 width=181) (actual time=26542.790..26573.552 rows=229080 loops=5)
                                 Sort Key: customer.c_custkey, nation.n_name
                                 Sort Method: external sort  Disk: 43728kB
                                 ->  Hash Join  (cost=332720.27..909659.10 rows=141967 width=181) (actual time=5536.863..26249.854 rows=229080 loops=5)
                                       Hash Cond: (customer.c_nationkey = nation.n_nationkey)
                                       ->  Nested Loop  (cost=332718.70..909221.70 rows=141967 width=159) (actual time=5536.783..26147.427 rows=229080 loops=5)
                                             ->  Merge Join  (cost=332718.14..391308.97 rows=142904 width=151) (actual time=5535.562..5873.418 rows=114632 loops=5)
                                                   Merge Cond: (customer.c_custkey = orders.o_custkey)
                                                   ->  Parallel Index Scan using customer_pkey on customer  (cost=0.43..53371.87 rows=374998 width=147) (actual time=2.014..122.017 rows=299999 loops=5)
                                                   ->  Sort  (cost=332713.37..334142.40 rows=571614 width=8) (actual time=5533.504..5608.405 rows=572938 loops=5)
                                                         Sort Key: orders.o_custkey
                                                         Sort Method: external sort  Disk: 12352kB
                                                         ->  Bitmap Heap Scan on orders  (cost=8211.48..278053.69 rows=571614 width=8) (actual time=214.170..5164.631 rows=573160 loops=5)
                                                               Recheck Cond: ((o_orderdate >= '1994-08-01'::date) AND (o_orderdate < '1994-11-01'::date))
                                                               Heap Blocks: exact=233346
                                                               ->  Bitmap Index Scan on idx_orders_orderdate  (cost=0.00..8068.58 rows=571614 width=0) (actual time=153.763..153.763 rows=573160 loops=5)
                                                                     Index Cond: ((o_orderdate >= '1994-08-01'::date) AND (o_orderdate < '1994-11-01'::date))
                                             ->  Index Scan using idx_lineitem_orderkey on lineitem  (cost=0.56..3.61 rows=1 width=16) (actual time=0.167..0.176 rows=2 loops=573160)
                                                   Index Cond: (l_orderkey = orders.o_orderkey)
                                                   Filter: (l_returnflag = 'R'::bpchar)
                                                   Rows Removed by Filter: 2
                                       ->  Hash  (cost=1.25..1.25 rows=25 width=30) (actual time=0.064..0.064 rows=25 loops=5)
                                             Buckets: 1024  Batches: 1  Memory Usage: 10kB
                                             ->  Seq Scan on nation  (cost=0.00..1.25 rows=25 width=30) (actual time=0.010..0.013 rows=25 loops=5)
 Planning time: 21.344 ms
 Execution time: 27425.617 ms
(37 rows)

SET
SET
SET
                                                                                                QUERY PLAN                                                                                                
----------------------------------------------------------------------------------------------------------------------------------------------------------------------------------------------------------
 Limit  (cost=1022238.57..1022238.62 rows=20 width=201) (actual time=5333.395..5393.686 rows=20 loops=1)
   ->  Sort  (cost=1022238.57..1023658.24 rows=567868 width=201) (actual time=5333.394..5393.683 rows=20 loops=1)
         Sort Key: (sum((lineitem.l_extendedprice * ('1'::numeric - lineitem.l_discount)))) DESC
         Sort Method: top-N heapsort  Memory: 33kB
         ->  Finalize GroupAggregate  (cost=922808.13..1007127.80 rows=567868 width=201) (actual time=4545.843..5287.533 rows=381205 loops=1)
               Group Key: customer.c_custkey, nation.n_name
               ->  Gather Merge  (cost=922808.13..994350.77 rows=567868 width=201) (actual time=4545.824..4915.396 rows=381205 loops=1)
                     Workers Planned: 4
                     Workers Launched: 4
                     ->  Partial GroupAggregate  (cost=921808.07..925712.16 rows=141967 width=201) (actual time=4522.573..4709.987 rows=76241 loops=5)
                           Group Key: customer.c_custkey, nation.n_name
                           ->  Sort  (cost=921808.07..922162.99 rows=141967 width=181) (actual time=4522.557..4553.653 rows=229080 loops=5)
                                 Sort Key: customer.c_custkey, nation.n_name
                                 Sort Method: external sort  Disk: 44288kB
                                 ->  Hash Join  (cost=332720.27..909659.10 rows=141967 width=181) (actual time=2199.933..4249.836 rows=229080 loops=5)
                                       Hash Cond: (customer.c_nationkey = nation.n_nationkey)
                                       ->  Nested Loop  (cost=332718.70..909221.70 rows=141967 width=159) (actual time=2199.840..4169.922 rows=229080 loops=5)
                                             ->  Merge Join  (cost=332718.14..391308.97 rows=142904 width=151) (actual time=2199.764..2501.892 rows=114632 loops=5)
                                                   Merge Cond: (customer.c_custkey = orders.o_custkey)
                                                   ->  Parallel Index Scan using customer_pkey on customer  (cost=0.43..53371.87 rows=374998 width=147) (actual time=0.040..105.027 rows=299999 loops=5)
                                                   ->  Sort  (cost=332713.37..334142.40 rows=571614 width=8) (actual time=2199.681..2272.169 rows=572966 loops=5)
                                                         Sort Key: orders.o_custkey
                                                         Sort Method: external sort  Disk: 12352kB
                                                         ->  Bitmap Heap Scan on orders  (cost=8211.48..278053.69 rows=571614 width=8) (actual time=214.691..1846.691 rows=573160 loops=5)
                                                               Recheck Cond: ((o_orderdate >= '1994-08-01'::date) AND (o_orderdate < '1994-11-01'::date))
                                                               Heap Blocks: exact=233346
                                                               ->  Bitmap Index Scan on idx_orders_orderdate  (cost=0.00..8068.58 rows=571614 width=0) (actual time=160.198..160.198 rows=573160 loops=5)
                                                                     Index Cond: ((o_orderdate >= '1994-08-01'::date) AND (o_orderdate < '1994-11-01'::date))
                                             ->  Index Scan using idx_lineitem_orderkey on lineitem  (cost=0.56..3.61 rows=1 width=16) (actual time=0.013..0.014 rows=2 loops=573160)
                                                   Index Cond: (l_orderkey = orders.o_orderkey)
                                                   Filter: (l_returnflag = 'R'::bpchar)
                                                   Rows Removed by Filter: 2
                                       ->  Hash  (cost=1.25..1.25 rows=25 width=30) (actual time=0.074..0.074 rows=25 loops=5)
                                             Buckets: 1024  Batches: 1  Memory Usage: 10kB
                                             ->  Seq Scan on nation  (cost=0.00..1.25 rows=25 width=30) (actual time=0.018..0.022 rows=25 loops=5)
 Planning time: 1.852 ms
 Execution time: 5401.959 ms
(37 rows)

query 11 run 1
SET
SET
SET
                                                                                      QUERY PLAN                                                                                       
---------------------------------------------------------------------------------------------------------------------------------------------------------------------------------------
 Limit  (cost=487235.46..487235.47 rows=1 width=36) (actual time=2023.072..2023.252 rows=0 loops=1)
   InitPlan 1 (returns $2)
     ->  Finalize Aggregate  (cost=207426.68..207426.69 rows=1 width=32) (actual time=472.124..472.250 rows=1 loops=1)
           ->  Gather  (cost=207426.25..207426.66 rows=4 width=32) (actual time=470.846..472.237 rows=5 loops=1)
                 Workers Planned: 4
                 Workers Launched: 4
                 ->  Partial Aggregate  (cost=206426.25..206426.26 rows=1 width=32) (actual time=466.898..466.900 rows=1 loops=5)
                       ->  Hash Join  (cost=2323.46..205834.78 rows=78862 width=10) (actual time=3.672..438.790 rows=64160 loops=5)
                             Hash Cond: (partsupp_1.ps_suppkey = supplier_1.s_suppkey)
                             ->  Parallel Seq Scan on partsupp partsupp_1  (cost=0.00..195222.51 rows=2000051 width=14) (actual time=0.029..222.916 rows=1600000 loops=5)
                             ->  Hash  (cost=2273.46..2273.46 rows=4000 width=4) (actual time=3.592..3.593 rows=4010 loops=5)
                                   Buckets: 4096  Batches: 1  Memory Usage: 173kB
                                   ->  Nested Loop  (cost=49.29..2273.46 rows=4000 width=4) (actual time=0.550..3.174 rows=4010 loops=5)
                                         ->  Seq Scan on nation nation_1  (cost=0.00..1.31 rows=1 width=4) (actual time=0.013..0.014 rows=1 loops=5)
                                               Filter: (n_name = 'SAUDI ARABIA'::bpchar)
                                               Rows Removed by Filter: 24
                                         ->  Bitmap Heap Scan on supplier supplier_1  (cost=49.29..2232.15 rows=4000 width=8) (actual time=0.535..2.723 rows=4010 loops=5)
                                               Recheck Cond: (s_nationkey = nation_1.n_nationkey)
                                               Heap Blocks: exact=1869
                                               ->  Bitmap Index Scan on idx_supplier_nation_key  (cost=0.00..48.29 rows=4000 width=0) (actual time=0.336..0.336 rows=4010 loops=5)
                                                     Index Cond: (s_nationkey = nation_1.n_nationkey)
   ->  Sort  (cost=279808.77..280597.39 rows=315447 width=36) (actual time=2023.071..2023.126 rows=0 loops=1)
         Sort Key: (sum((partsupp.ps_supplycost * (partsupp.ps_availqty)::numeric))) DESC
         Sort Method: quicksort  Memory: 25kB
         ->  GroupAggregate  (cost=267190.89..278231.54 rows=315447 width=36) (actual time=2023.061..2023.116 rows=0 loops=1)
               Group Key: partsupp.ps_partkey
               Filter: (sum((partsupp.ps_supplycost * (partsupp.ps_availqty)::numeric)) > $2)
               Rows Removed by Filter: 301833
               ->  Sort  (cost=267190.89..267979.51 rows=315447 width=14) (actual time=1354.067..1366.575 rows=320800 loops=1)
                     Sort Key: partsupp.ps_partkey
                     Sort Method: quicksort  Memory: 25961kB
                     ->  Gather  (cost=3323.46..238379.48 rows=315447 width=14) (actual time=31.808..1279.677 rows=320800 loops=1)
                           Workers Planned: 4
                           Workers Launched: 4
                           ->  Hash Join  (cost=2323.46..205834.78 rows=78862 width=14) (actual time=22.493..1274.846 rows=64160 loops=5)
                                 Hash Cond: (partsupp.ps_suppkey = supplier.s_suppkey)
                                 ->  Parallel Seq Scan on partsupp  (cost=0.00..195222.51 rows=2000051 width=18) (actual time=0.100..1053.405 rows=1600000 loops=5)
                                 ->  Hash  (cost=2273.46..2273.46 rows=4000 width=4) (actual time=22.189..22.190 rows=4010 loops=5)
                                       Buckets: 4096  Batches: 1  Memory Usage: 173kB
                                       ->  Nested Loop  (cost=49.29..2273.46 rows=4000 width=4) (actual time=1.029..21.413 rows=4010 loops=5)
                                             ->  Seq Scan on nation  (cost=0.00..1.31 rows=1 width=4) (actual time=0.013..0.016 rows=1 loops=5)
                                                   Filter: (n_name = 'SAUDI ARABIA'::bpchar)
                                                   Rows Removed by Filter: 24
                                             ->  Bitmap Heap Scan on supplier  (cost=49.29..2232.15 rows=4000 width=8) (actual time=1.012..20.811 rows=4010 loops=5)
                                                   Recheck Cond: (s_nationkey = nation.n_nationkey)
                                                   Heap Blocks: exact=1869
                                                   ->  Bitmap Index Scan on idx_supplier_nation_key  (cost=0.00..48.29 rows=4000 width=0) (actual time=0.803..0.803 rows=4010 loops=5)
                                                         Index Cond: (s_nationkey = nation.n_nationkey)
 Planning time: 13.728 ms
 Execution time: 2024.003 ms
(50 rows)

SET
SET
SET
                                                                                      QUERY PLAN                                                                                       
---------------------------------------------------------------------------------------------------------------------------------------------------------------------------------------
 Limit  (cost=487235.46..487235.47 rows=1 width=36) (actual time=1187.833..1187.989 rows=0 loops=1)
   InitPlan 1 (returns $2)
     ->  Finalize Aggregate  (cost=207426.68..207426.69 rows=1 width=32) (actual time=472.865..472.967 rows=1 loops=1)
           ->  Gather  (cost=207426.25..207426.66 rows=4 width=32) (actual time=471.771..472.953 rows=5 loops=1)
                 Workers Planned: 4
                 Workers Launched: 4
                 ->  Partial Aggregate  (cost=206426.25..206426.26 rows=1 width=32) (actual time=467.811..467.813 rows=1 loops=5)
                       ->  Hash Join  (cost=2323.46..205834.78 rows=78862 width=10) (actual time=5.489..443.086 rows=64160 loops=5)
                             Hash Cond: (partsupp_1.ps_suppkey = supplier_1.s_suppkey)
                             ->  Parallel Seq Scan on partsupp partsupp_1  (cost=0.00..195222.51 rows=2000051 width=14) (actual time=0.030..224.065 rows=1600000 loops=5)
                             ->  Hash  (cost=2273.46..2273.46 rows=4000 width=4) (actual time=5.406..5.407 rows=4010 loops=5)
                                   Buckets: 4096  Batches: 1  Memory Usage: 173kB
                                   ->  Nested Loop  (cost=49.29..2273.46 rows=4000 width=4) (actual time=0.557..4.993 rows=4010 loops=5)
                                         ->  Seq Scan on nation nation_1  (cost=0.00..1.31 rows=1 width=4) (actual time=0.013..0.015 rows=1 loops=5)
                                               Filter: (n_name = 'SAUDI ARABIA'::bpchar)
                                               Rows Removed by Filter: 24
                                         ->  Bitmap Heap Scan on supplier supplier_1  (cost=49.29..2232.15 rows=4000 width=8) (actual time=0.542..2.941 rows=4010 loops=5)
                                               Recheck Cond: (s_nationkey = nation_1.n_nationkey)
                                               Heap Blocks: exact=1869
                                               ->  Bitmap Index Scan on idx_supplier_nation_key  (cost=0.00..48.29 rows=4000 width=0) (actual time=0.349..0.349 rows=4010 loops=5)
                                                     Index Cond: (s_nationkey = nation_1.n_nationkey)
   ->  Sort  (cost=279808.77..280597.39 rows=315447 width=36) (actual time=1187.832..1187.885 rows=0 loops=1)
         Sort Key: (sum((partsupp.ps_supplycost * (partsupp.ps_availqty)::numeric))) DESC
         Sort Method: quicksort  Memory: 25kB
         ->  GroupAggregate  (cost=267190.89..278231.54 rows=315447 width=36) (actual time=1187.824..1187.877 rows=0 loops=1)
               Group Key: partsupp.ps_partkey
               Filter: (sum((partsupp.ps_supplycost * (partsupp.ps_availqty)::numeric)) > $2)
               Rows Removed by Filter: 301833
               ->  Sort  (cost=267190.89..267979.51 rows=315447 width=14) (actual time=518.372..530.672 rows=320800 loops=1)
                     Sort Key: partsupp.ps_partkey
                     Sort Method: quicksort  Memory: 25961kB
                     ->  Gather  (cost=3323.46..238379.48 rows=315447 width=14) (actual time=4.613..435.754 rows=320800 loops=1)
                           Workers Planned: 4
                           Workers Launched: 4
                           ->  Hash Join  (cost=2323.46..205834.78 rows=78862 width=14) (actual time=3.865..436.606 rows=64160 loops=5)
                                 Hash Cond: (partsupp.ps_suppkey = supplier.s_suppkey)
                                 ->  Parallel Seq Scan on partsupp  (cost=0.00..195222.51 rows=2000051 width=18) (actual time=0.029..225.894 rows=1600000 loops=5)
                                 ->  Hash  (cost=2273.46..2273.46 rows=4000 width=4) (actual time=3.766..3.767 rows=4010 loops=5)
                                       Buckets: 4096  Batches: 1  Memory Usage: 173kB
                                       ->  Nested Loop  (cost=49.29..2273.46 rows=4000 width=4) (actual time=0.584..3.358 rows=4010 loops=5)
                                             ->  Seq Scan on nation  (cost=0.00..1.31 rows=1 width=4) (actual time=0.012..0.013 rows=1 loops=5)
                                                   Filter: (n_name = 'SAUDI ARABIA'::bpchar)
                                                   Rows Removed by Filter: 24
                                             ->  Bitmap Heap Scan on supplier  (cost=49.29..2232.15 rows=4000 width=8) (actual time=0.570..2.916 rows=4010 loops=5)
                                                   Recheck Cond: (s_nationkey = nation.n_nationkey)
                                                   Heap Blocks: exact=1869
                                                   ->  Bitmap Index Scan on idx_supplier_nation_key  (cost=0.00..48.29 rows=4000 width=0) (actual time=0.375..0.375 rows=4010 loops=5)
                                                         Index Cond: (s_nationkey = nation.n_nationkey)
 Planning time: 0.902 ms
 Execution time: 1188.055 ms
(50 rows)

query 12 run 1
SET
SET
SET
                                                                                                                       QUERY PLAN                                                                                                                        
---------------------------------------------------------------------------------------------------------------------------------------------------------------------------------------------------------------------------------------------------------
 Limit  (cost=1720408.25..1720618.48 rows=1 width=27) (actual time=11697.475..11721.955 rows=1 loops=1)
   ->  Finalize GroupAggregate  (cost=1720408.25..1721879.88 rows=7 width=27) (actual time=11697.474..11721.953 rows=1 loops=1)
         Group Key: lineitem.l_shipmode
         ->  Gather Merge  (cost=1720408.25..1721879.60 rows=28 width=27) (actual time=11678.723..11721.946 rows=6 loops=1)
               Workers Planned: 4
               Workers Launched: 4
               ->  Partial GroupAggregate  (cost=1719408.19..1720876.20 rows=7 width=27) (actual time=11659.183..11671.132 rows=2 loops=5)
                     Group Key: lineitem.l_shipmode
                     ->  Sort  (cost=1719408.19..1719591.69 rows=73397 width=27) (actual time=11646.892..11652.732 rows=62252 loops=5)
                           Sort Key: lineitem.l_shipmode
                           Sort Method: quicksort  Memory: 6434kB
                           ->  Nested Loop  (cost=0.43..1713476.46 rows=73397 width=27) (actual time=0.276..11601.420 rows=62252 loops=5)
                                 ->  Parallel Seq Scan on lineitem  (cost=0.00..1462595.19 rows=73397 width=15) (actual time=0.235..7691.170 rows=62252 loops=5)
                                       Filter: ((l_shipmode = ANY ('{SHIP,"REG AIR"}'::bpchar[])) AND (l_commitdate < l_receiptdate) AND (l_shipdate < l_commitdate) AND (l_receiptdate >= '1994-01-01'::date) AND (l_receiptdate < '1995-01-01'::date))
                                       Rows Removed by Filter: 11934959
                                 ->  Index Scan using orders_pkey on orders  (cost=0.43..3.42 rows=1 width=20) (actual time=0.062..0.062 rows=1 loops=311258)
                                       Index Cond: (o_orderkey = lineitem.l_orderkey)
 Planning time: 16.673 ms
 Execution time: 11722.440 ms
(19 rows)

SET
SET
SET
                                                                                                                       QUERY PLAN                                                                                                                        
---------------------------------------------------------------------------------------------------------------------------------------------------------------------------------------------------------------------------------------------------------
 Limit  (cost=1720408.25..1720618.48 rows=1 width=27) (actual time=4036.691..4054.335 rows=1 loops=1)
   ->  Finalize GroupAggregate  (cost=1720408.25..1721879.88 rows=7 width=27) (actual time=4036.690..4054.333 rows=1 loops=1)
         Group Key: lineitem.l_shipmode
         ->  Gather Merge  (cost=1720408.25..1721879.60 rows=28 width=27) (actual time=4019.027..4054.326 rows=6 loops=1)
               Workers Planned: 4
               Workers Launched: 4
               ->  Partial GroupAggregate  (cost=1719408.19..1720876.20 rows=7 width=27) (actual time=4005.980..4018.400 rows=2 loops=5)
                     Group Key: lineitem.l_shipmode
                     ->  Sort  (cost=1719408.19..1719591.69 rows=73397 width=27) (actual time=3993.495..3996.929 rows=62252 loops=5)
                           Sort Key: lineitem.l_shipmode
                           Sort Method: quicksort  Memory: 6556kB
                           ->  Nested Loop  (cost=0.43..1713476.46 rows=73397 width=27) (actual time=0.147..3968.019 rows=62252 loops=5)
                                 ->  Parallel Seq Scan on lineitem  (cost=0.00..1462595.19 rows=73397 width=15) (actual time=0.131..3666.733 rows=62252 loops=5)
                                       Filter: ((l_shipmode = ANY ('{SHIP,"REG AIR"}'::bpchar[])) AND (l_commitdate < l_receiptdate) AND (l_shipdate < l_commitdate) AND (l_receiptdate >= '1994-01-01'::date) AND (l_receiptdate < '1995-01-01'::date))
                                       Rows Removed by Filter: 11934959
                                 ->  Index Scan using orders_pkey on orders  (cost=0.43..3.42 rows=1 width=20) (actual time=0.004..0.004 rows=1 loops=311258)
                                       Index Cond: (o_orderkey = lineitem.l_orderkey)
 Planning time: 0.631 ms
 Execution time: 4054.396 ms
(19 rows)

query 13 run 1
SET
SET
SET
                                                                                       QUERY PLAN                                                                                        
-----------------------------------------------------------------------------------------------------------------------------------------------------------------------------------------
 Limit  (cost=2734334.93..2734334.93 rows=1 width=16) (actual time=19380.091..19380.092 rows=1 loops=1)
   ->  Sort  (cost=2734334.93..2734335.43 rows=200 width=16) (actual time=19380.089..19380.091 rows=1 loops=1)
         Sort Key: (count(*)) DESC, (count(orders.o_orderkey)) DESC
         Sort Method: top-N heapsort  Memory: 25kB
         ->  HashAggregate  (cost=2734331.93..2734333.93 rows=200 width=16) (actual time=19380.069..19380.075 rows=46 loops=1)
               Group Key: count(orders.o_orderkey)
               ->  GroupAggregate  (cost=2584326.86..2711832.04 rows=1499993 width=12) (actual time=15824.864..19197.846 rows=1500000 loops=1)
                     Group Key: customer.c_custkey
                     ->  Sort  (cost=2584326.86..2621828.61 rows=15000700 width=8) (actual time=15824.854..17632.340 rows=15337604 loops=1)
                           Sort Key: customer.c_custkey
                           Sort Method: external merge  Disk: 268424kB
                           ->  Hash Right Join  (cost=53284.24..664510.68 rows=15000700 width=8) (actual time=338.820..11230.600 rows=15337604 loops=1)
                                 Hash Cond: (orders.o_custkey = customer.c_custkey)
                                 ->  Seq Scan on orders  (cost=0.00..448795.50 rows=15000700 width=8) (actual time=0.431..5417.455 rows=14837583 loops=1)
                                       Filter: ((o_comment)::text !~~ '%special%requests%'::text)
                                       Rows Removed by Filter: 162417
                                 ->  Hash  (cost=28674.32..28674.32 rows=1499993 width=4) (actual time=337.037..337.037 rows=1500000 loops=1)
                                       Buckets: 1048576  Batches: 4  Memory Usage: 21380kB
                                       ->  Index Only Scan using customer_pkey on customer  (cost=0.43..28674.32 rows=1499993 width=4) (actual time=0.434..160.662 rows=1500000 loops=1)
                                             Heap Fetches: 0
 Planning time: 13.708 ms
 Execution time: 19421.757 ms
(22 rows)

SET
SET
SET
                                                                                       QUERY PLAN                                                                                        
-----------------------------------------------------------------------------------------------------------------------------------------------------------------------------------------
 Limit  (cost=2734334.93..2734334.93 rows=1 width=16) (actual time=18776.607..18776.609 rows=1 loops=1)
   ->  Sort  (cost=2734334.93..2734335.43 rows=200 width=16) (actual time=18776.606..18776.607 rows=1 loops=1)
         Sort Key: (count(*)) DESC, (count(orders.o_orderkey)) DESC
         Sort Method: top-N heapsort  Memory: 25kB
         ->  HashAggregate  (cost=2734331.93..2734333.93 rows=200 width=16) (actual time=18776.587..18776.594 rows=46 loops=1)
               Group Key: count(orders.o_orderkey)
               ->  GroupAggregate  (cost=2584326.86..2711832.04 rows=1499993 width=12) (actual time=15221.640..18590.421 rows=1500000 loops=1)
                     Group Key: customer.c_custkey
                     ->  Sort  (cost=2584326.86..2621828.61 rows=15000700 width=8) (actual time=15221.630..17026.423 rows=15337604 loops=1)
                           Sort Key: customer.c_custkey
                           Sort Method: external merge  Disk: 268424kB
                           ->  Hash Right Join  (cost=53284.24..664510.68 rows=15000700 width=8) (actual time=302.372..10631.718 rows=15337604 loops=1)
                                 Hash Cond: (orders.o_custkey = customer.c_custkey)
                                 ->  Seq Scan on orders  (cost=0.00..448795.50 rows=15000700 width=8) (actual time=0.031..4879.358 rows=14837583 loops=1)
                                       Filter: ((o_comment)::text !~~ '%special%requests%'::text)
                                       Rows Removed by Filter: 162417
                                 ->  Hash  (cost=28674.32..28674.32 rows=1499993 width=4) (actual time=301.001..301.001 rows=1500000 loops=1)
                                       Buckets: 1048576  Batches: 4  Memory Usage: 21380kB
                                       ->  Index Only Scan using customer_pkey on customer  (cost=0.43..28674.32 rows=1499993 width=4) (actual time=0.047..128.823 rows=1500000 loops=1)
                                             Heap Fetches: 0
 Planning time: 0.543 ms
 Execution time: 18818.721 ms
(22 rows)

query 14 run 1
SET
SET
SET
                                                                                  QUERY PLAN                                                                                  
------------------------------------------------------------------------------------------------------------------------------------------------------------------------------
 Limit  (cost=768766.01..768766.03 rows=1 width=32) (actual time=6335.615..6366.027 rows=1 loops=1)
   ->  Finalize Aggregate  (cost=768766.01..768766.03 rows=1 width=32) (actual time=6335.614..6366.025 rows=1 loops=1)
         ->  Gather  (cost=768765.56..768765.97 rows=4 width=64) (actual time=6221.811..6365.989 rows=5 loops=1)
               Workers Planned: 4
               Workers Launched: 4
               ->  Partial Aggregate  (cost=767765.56..767765.57 rows=1 width=64) (actual time=6256.800..6256.802 rows=1 loops=5)
                     ->  Hash Join  (cost=111370.25..764566.90 rows=182780 width=33) (actual time=1261.086..6156.884 rows=154588 loops=5)
                           Hash Cond: (lineitem.l_partkey = part.p_partkey)
                           ->  Parallel Bitmap Heap Scan on lineitem  (cost=11717.07..648975.92 rows=182780 width=16) (actual time=285.340..4751.913 rows=154588 loops=5)
                                 Recheck Cond: ((l_shipdate >= '1994-05-01'::date) AND (l_shipdate < '1994-06-01'::date))
                                 Heap Blocks: exact=80967
                                 ->  Bitmap Index Scan on idx_lineitem_shipdate  (cost=0.00..11534.29 rows=731122 width=0) (actual time=188.674..188.674 rows=772942 loops=1)
                                       Index Cond: ((l_shipdate >= '1994-05-01'::date) AND (l_shipdate < '1994-06-01'::date))
                           ->  Hash  (cost=60981.08..60981.08 rows=2000008 width=25) (actual time=973.185..973.185 rows=2000000 loops=5)
                                 Buckets: 524288  Batches: 8  Memory Usage: 18555kB
                                 ->  Seq Scan on part  (cost=0.00..60981.08 rows=2000008 width=25) (actual time=0.040..637.389 rows=2000000 loops=5)
 Planning time: 17.471 ms
 Execution time: 6366.653 ms
(18 rows)

SET
SET
SET
                                                                                  QUERY PLAN                                                                                  
------------------------------------------------------------------------------------------------------------------------------------------------------------------------------
 Limit  (cost=768766.01..768766.03 rows=1 width=32) (actual time=2523.185..2554.942 rows=1 loops=1)
   ->  Finalize Aggregate  (cost=768766.01..768766.03 rows=1 width=32) (actual time=2523.184..2554.940 rows=1 loops=1)
         ->  Gather  (cost=768765.56..768765.97 rows=4 width=64) (actual time=2470.596..2554.910 rows=5 loops=1)
               Workers Planned: 4
               Workers Launched: 4
               ->  Partial Aggregate  (cost=767765.56..767765.57 rows=1 width=64) (actual time=2491.631..2491.633 rows=1 loops=5)
                     ->  Hash Join  (cost=111370.25..764566.90 rows=182780 width=33) (actual time=1028.496..2402.110 rows=154588 loops=5)
                           Hash Cond: (lineitem.l_partkey = part.p_partkey)
                           ->  Parallel Bitmap Heap Scan on lineitem  (cost=11717.07..648975.92 rows=182780 width=16) (actual time=273.866..1235.183 rows=154588 loops=5)
                                 Recheck Cond: ((l_shipdate >= '1994-05-01'::date) AND (l_shipdate < '1994-06-01'::date))
                                 Heap Blocks: exact=62094
                                 ->  Bitmap Index Scan on idx_lineitem_shipdate  (cost=0.00..11534.29 rows=731122 width=0) (actual time=172.313..172.314 rows=772942 loops=1)
                                       Index Cond: ((l_shipdate >= '1994-05-01'::date) AND (l_shipdate < '1994-06-01'::date))
                           ->  Hash  (cost=60981.08..60981.08 rows=2000008 width=25) (actual time=751.794..751.794 rows=2000000 loops=5)
                                 Buckets: 524288  Batches: 8  Memory Usage: 18555kB
                                 ->  Seq Scan on part  (cost=0.00..60981.08 rows=2000008 width=25) (actual time=0.028..365.074 rows=2000000 loops=5)
 Planning time: 0.825 ms
 Execution time: 2555.027 ms
(18 rows)

query 15 run 1
SET
SET
SET
CREATE VIEW
                                                                                QUERY PLAN                                                                                
--------------------------------------------------------------------------------------------------------------------------------------------------------------------------
 Limit  (cost=2682936.06..2682936.60 rows=1 width=103) (actual time=19506.269..19506.272 rows=1 loops=1)
   InitPlan 1 (returns $0)
     ->  Aggregate  (cost=1221168.62..1221168.63 rows=1 width=32) (actual time=6236.315..6236.316 rows=1 loops=1)
           ->  HashAggregate  (cost=1218697.59..1219933.11 rows=98841 width=36) (actual time=6192.730..6229.466 rows=100000 loops=1)
                 Group Key: lineitem_1.l_suppkey
                 ->  Bitmap Heap Scan on lineitem lineitem_1  (cost=36544.64..1195893.61 rows=2280398 width=16) (actual time=348.143..4714.231 rows=2265714 loops=1)
                       Recheck Cond: ((l_shipdate >= '1996-01-01'::date) AND (l_shipdate < '1996-04-01'::date))
                       Rows Removed by Index Recheck: 13223651
                       Heap Blocks: exact=401153 lossy=267105
                       ->  Bitmap Index Scan on idx_lineitem_shipdate  (cost=0.00..35974.54 rows=2280398 width=0) (actual time=275.545..275.545 rows=2265714 loops=1)
                             Index Cond: ((l_shipdate >= '1996-01-01'::date) AND (l_shipdate < '1996-04-01'::date))
   ->  Merge Join  (cost=1461767.43..1515467.42 rows=98841 width=103) (actual time=19506.268..19506.269 rows=1 loops=1)
         Merge Cond: (supplier.s_suppkey = lineitem.l_suppkey)
         ->  Index Scan using supplier_pkey on supplier  (cost=0.29..4135.79 rows=100000 width=71) (actual time=0.385..17.572 rows=69998 loops=1)
         ->  GroupAggregate  (cost=1461767.13..1508857.71 rows=98841 width=36) (actual time=19484.775..19484.775 rows=1 loops=1)
               Group Key: lineitem.l_suppkey
               Filter: (sum((lineitem.l_extendedprice * ('1'::numeric - lineitem.l_discount))) = $0)
               Rows Removed by Filter: 69997
               ->  Sort  (cost=1461767.13..1467468.13 rows=2280398 width=16) (actual time=12551.564..12706.217 rows=1585450 loops=1)
                     Sort Key: lineitem.l_suppkey
                     Sort Method: external merge  Disk: 60920kB
                     ->  Bitmap Heap Scan on lineitem  (cost=36544.64..1195893.61 rows=2280398 width=16) (actual time=408.604..11618.142 rows=2265714 loops=1)
                           Recheck Cond: ((l_shipdate >= '1996-01-01'::date) AND (l_shipdate < '1996-04-01'::date))
                           Rows Removed by Index Recheck: 13223651
                           Heap Blocks: exact=401153 lossy=267105
                           ->  Bitmap Index Scan on idx_lineitem_shipdate  (cost=0.00..35974.54 rows=2280398 width=0) (actual time=335.421..335.421 rows=2265714 loops=1)
                                 Index Cond: ((l_shipdate >= '1996-01-01'::date) AND (l_shipdate < '1996-04-01'::date))
 Planning time: 12.479 ms
 Execution time: 19514.824 ms
(29 rows)

DROP VIEW
SET
SET
SET
CREATE VIEW
                                                                                QUERY PLAN                                                                                
--------------------------------------------------------------------------------------------------------------------------------------------------------------------------
 Limit  (cost=2682936.06..2682936.60 rows=1 width=103) (actual time=13002.967..13002.970 rows=1 loops=1)
   InitPlan 1 (returns $0)
     ->  Aggregate  (cost=1221168.62..1221168.63 rows=1 width=32) (actual time=6265.128..6265.129 rows=1 loops=1)
           ->  HashAggregate  (cost=1218697.59..1219933.11 rows=98841 width=36) (actual time=6221.119..6258.226 rows=100000 loops=1)
                 Group Key: lineitem_1.l_suppkey
                 ->  Bitmap Heap Scan on lineitem lineitem_1  (cost=36544.64..1195893.61 rows=2280398 width=16) (actual time=350.662..4736.128 rows=2265714 loops=1)
                       Recheck Cond: ((l_shipdate >= '1996-01-01'::date) AND (l_shipdate < '1996-04-01'::date))
                       Rows Removed by Index Recheck: 13223651
                       Heap Blocks: exact=401153 lossy=267105
                       ->  Bitmap Index Scan on idx_lineitem_shipdate  (cost=0.00..35974.54 rows=2280398 width=0) (actual time=278.122..278.123 rows=2265714 loops=1)
                             Index Cond: ((l_shipdate >= '1996-01-01'::date) AND (l_shipdate < '1996-04-01'::date))
   ->  Merge Join  (cost=1461767.43..1515467.42 rows=98841 width=103) (actual time=13002.966..13002.967 rows=1 loops=1)
         Merge Cond: (supplier.s_suppkey = lineitem.l_suppkey)
         ->  Index Scan using supplier_pkey on supplier  (cost=0.29..4135.79 rows=100000 width=71) (actual time=0.041..10.997 rows=69998 loops=1)
         ->  GroupAggregate  (cost=1461767.13..1508857.71 rows=98841 width=36) (actual time=12988.168..12988.168 rows=1 loops=1)
               Group Key: lineitem.l_suppkey
               Filter: (sum((lineitem.l_extendedprice * ('1'::numeric - lineitem.l_discount))) = $0)
               Rows Removed by Filter: 69997
               ->  Sort  (cost=1461767.13..1467468.13 rows=2280398 width=16) (actual time=6026.875..6181.733 rows=1585450 loops=1)
                     Sort Key: lineitem.l_suppkey
                     Sort Method: external merge  Disk: 60920kB
                     ->  Bitmap Heap Scan on lineitem  (cost=36544.64..1195893.61 rows=2280398 width=16) (actual time=372.166..5238.933 rows=2265714 loops=1)
                           Recheck Cond: ((l_shipdate >= '1996-01-01'::date) AND (l_shipdate < '1996-04-01'::date))
                           Rows Removed by Index Recheck: 13223651
                           Heap Blocks: exact=401153 lossy=267105
                           ->  Bitmap Index Scan on idx_lineitem_shipdate  (cost=0.00..35974.54 rows=2280398 width=0) (actual time=299.618..299.618 rows=2265714 loops=1)
                                 Index Cond: ((l_shipdate >= '1996-01-01'::date) AND (l_shipdate < '1996-04-01'::date))
 Planning time: 0.922 ms
 Execution time: 13013.033 ms
(29 rows)

DROP VIEW
query 16 run 1
SET
SET
SET
                                                                                            QUERY PLAN                                                                                            
--------------------------------------------------------------------------------------------------------------------------------------------------------------------------------------------------
 Limit  (cost=335363.61..335363.61 rows=1 width=44) (actual time=5158.480..5158.566 rows=1 loops=1)
   ->  Sort  (cost=335363.61..335747.02 rows=153362 width=44) (actual time=5158.479..5158.565 rows=1 loops=1)
         Sort Key: (count(DISTINCT partsupp.ps_suppkey)) DESC, part.p_brand, part.p_type, part.p_size
         Sort Method: top-N heapsort  Memory: 25kB
         ->  GroupAggregate  (cost=325683.44..334596.80 rows=153362 width=44) (actual time=4505.599..5152.866 rows=27838 loops=1)
               Group Key: part.p_brand, part.p_type, part.p_size
               ->  Sort  (cost=325683.44..327159.39 rows=590379 width=40) (actual time=4505.548..4851.680 rows=1186319 loops=1)
                     Sort Key: part.p_brand, part.p_type, part.p_size
                     Sort Method: external merge  Disk: 60592kB
                     ->  Gather  (cost=99142.45..258712.58 rows=590379 width=40) (actual time=946.934..1671.782 rows=1186319 loops=1)
                           Workers Planned: 4
                           Workers Launched: 4
                           ->  Hash Join  (cost=98142.45..198674.68 rows=147595 width=40) (actual time=934.973..1671.551 rows=237264 loops=5)
                                 Hash Cond: (partsupp.ps_partkey = part.p_partkey)
                                 ->  Parallel Index Only Scan using partsupp_pkey on partsupp  (cost=3471.46..101378.62 rows=1000026 width=8) (actual time=33.532..590.337 rows=1599104 loops=5)
                                       Filter: (NOT (hashed SubPlan 1))
                                       Rows Removed by Filter: 896
                                       Heap Fetches: 0
                                       SubPlan 1
                                         ->  Seq Scan on supplier  (cost=0.00..3471.00 rows=10 width=4) (actual time=0.279..32.822 rows=56 loops=5)
                                               Filter: ((s_comment)::text ~~ '%Customer%Complaints%'::text)
                                               Rows Removed by Filter: 99944
                                 ->  Hash  (cost=90981.20..90981.20 rows=295183 width=40) (actual time=899.531..899.532 rows=296733 loops=5)
                                       Buckets: 524288  Batches: 1  Memory Usage: 25593kB
                                       ->  Seq Scan on part  (cost=0.00..90981.20 rows=295183 width=40) (actual time=0.057..832.453 rows=296733 loops=5)
                                             Filter: ((p_brand <> 'Brand#12'::bpchar) AND ((p_type)::text !~~ 'SMALL BRUSHED%'::text) AND (p_size = ANY ('{12,32,36,26,40,34,49,9}'::integer[])))
                                             Rows Removed by Filter: 1703267
 Planning time: 13.560 ms
 Execution time: 5167.198 ms
(29 rows)

SET
SET
SET
                                                                                            QUERY PLAN                                                                                            
--------------------------------------------------------------------------------------------------------------------------------------------------------------------------------------------------
 Limit  (cost=335363.61..335363.61 rows=1 width=44) (actual time=4788.777..4788.859 rows=1 loops=1)
   ->  Sort  (cost=335363.61..335747.02 rows=153362 width=44) (actual time=4788.776..4788.857 rows=1 loops=1)
         Sort Key: (count(DISTINCT partsupp.ps_suppkey)) DESC, part.p_brand, part.p_type, part.p_size
         Sort Method: top-N heapsort  Memory: 25kB
         ->  GroupAggregate  (cost=325683.44..334596.80 rows=153362 width=44) (actual time=4137.178..4783.115 rows=27838 loops=1)
               Group Key: part.p_brand, part.p_type, part.p_size
               ->  Sort  (cost=325683.44..327159.39 rows=590379 width=40) (actual time=4137.128..4482.653 rows=1186319 loops=1)
                     Sort Key: part.p_brand, part.p_type, part.p_size
                     Sort Method: external merge  Disk: 60592kB
                     ->  Gather  (cost=99142.45..258712.58 rows=590379 width=40) (actual time=644.284..1297.392 rows=1186319 loops=1)
                           Workers Planned: 4
                           Workers Launched: 4
                           ->  Hash Join  (cost=98142.45..198674.68 rows=147595 width=40) (actual time=673.558..1268.396 rows=237264 loops=5)
                                 Hash Cond: (partsupp.ps_partkey = part.p_partkey)
                                 ->  Parallel Index Only Scan using partsupp_pkey on partsupp  (cost=3471.46..101378.62 rows=1000026 width=8) (actual time=29.663..436.298 rows=1599104 loops=5)
                                       Filter: (NOT (hashed SubPlan 1))
                                       Rows Removed by Filter: 896
                                       Heap Fetches: 0
                                       SubPlan 1
                                         ->  Seq Scan on supplier  (cost=0.00..3471.00 rows=10 width=4) (actual time=0.083..29.608 rows=56 loops=5)
                                               Filter: ((s_comment)::text ~~ '%Customer%Complaints%'::text)
                                               Rows Removed by Filter: 99944
                                 ->  Hash  (cost=90981.20..90981.20 rows=295183 width=40) (actual time=642.352..642.353 rows=296733 loops=5)
                                       Buckets: 524288  Batches: 1  Memory Usage: 25593kB
                                       ->  Seq Scan on part  (cost=0.00..90981.20 rows=295183 width=40) (actual time=0.037..565.184 rows=296733 loops=5)
                                             Filter: ((p_brand <> 'Brand#12'::bpchar) AND ((p_type)::text !~~ 'SMALL BRUSHED%'::text) AND (p_size = ANY ('{12,32,36,26,40,34,49,9}'::integer[])))
                                             Rows Removed by Filter: 1703267
 Planning time: 0.698 ms
 Execution time: 4796.979 ms
(29 rows)

query 17 run 1
SET
SET
SET
                                                                                      QUERY PLAN                                                                                       
---------------------------------------------------------------------------------------------------------------------------------------------------------------------------------------
 Limit  (cost=4483195.74..4483195.76 rows=1 width=32) (actual time=25326.237..25359.468 rows=1 loops=1)
   ->  Aggregate  (cost=4483195.74..4483195.76 rows=1 width=32) (actual time=25326.236..25359.467 rows=1 loops=1)
         ->  Merge Join  (cost=3229510.68..4483150.28 rows=18185 width=8) (actual time=10326.197..25358.288 rows=5319 loops=1)
               Merge Cond: (lineitem_1.l_partkey = part.p_partkey)
               Join Filter: (lineitem.l_quantity < ((0.2 * avg(lineitem_1.l_quantity))))
               Rows Removed by Join Filter: 54632
               ->  Finalize GroupAggregate  (cost=3228509.63..4360517.88 rows=1909441 width=36) (actual time=10315.639..25094.527 rows=1999333 loops=1)
                     Group Key: lineitem_1.l_partkey
                     ->  Gather Merge  (cost=3228509.63..4274593.03 rows=7637764 width=36) (actual time=10315.608..19498.934 rows=9971562 loops=1)
                           Workers Planned: 4
                           Workers Launched: 4
                           ->  Partial GroupAggregate  (cost=3227509.58..3363861.65 rows=1909441 width=36) (actual time=10269.412..15640.535 rows=1994845 loops=5)
                                 Group Key: lineitem_1.l_partkey
                                 ->  Sort  (cost=3227509.58..3265004.26 rows=14997875 width=9) (actual time=10269.386..12357.697 rows=11996336 loops=5)
                                       Sort Key: lineitem_1.l_partkey
                                       Sort Method: external merge  Disk: 234312kB
                                       ->  Parallel Seq Scan on lineitem lineitem_1  (cost=0.00..1275121.75 rows=14997875 width=9) (actual time=0.068..5847.434 rows=11997210 loops=5)
               ->  Materialize  (cost=1001.05..97939.61 rows=57142 width=21) (actual time=5.316..60.593 rows=59951 loops=1)
                     ->  Gather Merge  (cost=1001.05..97796.75 rows=57142 width=21) (actual time=5.313..51.137 rows=59951 loops=1)
                           Workers Planned: 4
                           Workers Launched: 3
                           ->  Nested Loop  (cost=0.99..89990.53 rows=14286 width=21) (actual time=1.185..652.666 rows=14988 loops=4)
                                 ->  Parallel Index Scan using part_pkey on part  (cost=0.43..66712.50 rows=476 width=4) (actual time=0.627..208.651 rows=499 loops=4)
                                       Filter: ((p_brand = 'Brand#22'::bpchar) AND (p_container = 'LG BOX'::bpchar))
                                       Rows Removed by Filter: 499501
                                 ->  Index Scan using idx_lineitem_part_supp on lineitem  (cost=0.56..48.59 rows=31 width=17) (actual time=0.547..0.876 rows=30 loops=1996)
                                       Index Cond: (l_partkey = part.p_partkey)
 Planning time: 17.070 ms
 Execution time: 25391.475 ms
(29 rows)

SET
SET
SET
                                                                                      QUERY PLAN                                                                                       
---------------------------------------------------------------------------------------------------------------------------------------------------------------------------------------
 Limit  (cost=4483195.74..4483195.76 rows=1 width=32) (actual time=22285.466..22326.055 rows=1 loops=1)
   ->  Aggregate  (cost=4483195.74..4483195.76 rows=1 width=32) (actual time=22285.465..22326.053 rows=1 loops=1)
         ->  Merge Join  (cost=3229510.68..4483150.28 rows=18185 width=8) (actual time=7413.010..22324.935 rows=5319 loops=1)
               Merge Cond: (lineitem_1.l_partkey = part.p_partkey)
               Join Filter: (lineitem.l_quantity < ((0.2 * avg(lineitem_1.l_quantity))))
               Rows Removed by Join Filter: 54632
               ->  Finalize GroupAggregate  (cost=3228509.63..4360517.88 rows=1909441 width=36) (actual time=7403.730..22077.425 rows=1999333 loops=1)
                     Group Key: lineitem_1.l_partkey
                     ->  Gather Merge  (cost=3228509.63..4274593.03 rows=7637764 width=36) (actual time=7403.701..16451.534 rows=9972225 loops=1)
                           Workers Planned: 4
                           Workers Launched: 4
                           ->  Partial GroupAggregate  (cost=3227509.58..3363861.65 rows=1909441 width=36) (actual time=7341.333..12775.019 rows=1994977 loops=5)
                                 Group Key: lineitem_1.l_partkey
                                 ->  Sort  (cost=3227509.58..3265004.26 rows=14997875 width=9) (actual time=7341.318..9462.406 rows=11996425 loops=5)
                                       Sort Key: lineitem_1.l_partkey
                                       Sort Method: external merge  Disk: 217448kB
                                       ->  Parallel Seq Scan on lineitem lineitem_1  (cost=0.00..1275121.75 rows=14997875 width=9) (actual time=0.345..2241.066 rows=11997210 loops=5)
               ->  Materialize  (cost=1001.05..97939.61 rows=57142 width=21) (actual time=5.255..44.381 rows=59951 loops=1)
                     ->  Gather Merge  (cost=1001.05..97796.75 rows=57142 width=21) (actual time=5.252..34.762 rows=59951 loops=1)
                           Workers Planned: 4
                           Workers Launched: 3
                           ->  Nested Loop  (cost=0.99..89990.53 rows=14286 width=21) (actual time=0.131..134.582 rows=14988 loops=4)
                                 ->  Parallel Index Scan using part_pkey on part  (cost=0.43..66712.50 rows=476 width=4) (actual time=0.108..110.326 rows=499 loops=4)
                                       Filter: ((p_brand = 'Brand#22'::bpchar) AND (p_container = 'LG BOX'::bpchar))
                                       Rows Removed by Filter: 499501
                                 ->  Index Scan using idx_lineitem_part_supp on lineitem  (cost=0.56..48.59 rows=31 width=17) (actual time=0.007..0.042 rows=30 loops=1996)
                                       Index Cond: (l_partkey = part.p_partkey)
 Planning time: 0.769 ms
 Execution time: 22355.547 ms
(29 rows)

query 18 run 1
SET
SET
SET
                                                                                                             QUERY PLAN                                                                                                              
-------------------------------------------------------------------------------------------------------------------------------------------------------------------------------------------------------------------------------------
 Limit  (cost=19173856.51..19173856.76 rows=100 width=71) (actual time=44557.999..44590.888 rows=99 loops=1)
   ->  Sort  (cost=19173856.51..19323792.02 rows=59974205 width=71) (actual time=44557.998..44590.881 rows=99 loops=1)
         Sort Key: orders.o_totalprice DESC, orders.o_orderdate
         Sort Method: quicksort  Memory: 32kB
         ->  Finalize GroupAggregate  (cost=8051405.15..16881685.52 rows=59974205 width=71) (actual time=44557.748..44590.793 rows=99 loops=1)
               Group Key: customer.c_custkey, orders.o_orderkey
               ->  Gather Merge  (cost=8051405.15..15532265.92 rows=59974204 width=71) (actual time=44557.737..44590.690 rows=111 loops=1)
                     Workers Planned: 4
                     Workers Launched: 4
                     ->  Partial GroupAggregate  (cost=8050405.09..8387759.99 rows=14993551 width=71) (actual time=44445.000..44445.050 rows=22 loops=5)
                           Group Key: customer.c_custkey, orders.o_orderkey
                           ->  Sort  (cost=8050405.09..8087888.97 rows=14993551 width=44) (actual time=44444.982..44444.992 rows=139 loops=5)
                                 Sort Key: customer.c_custkey, orders.o_orderkey
                                 Sort Method: quicksort  Memory: 32kB
                                 ->  Hash Join  (cost=3920414.03..5966830.83 rows=14993551 width=44) (actual time=43300.470..44444.873 rows=139 loops=5)
                                       Hash Cond: (orders.o_custkey = customer.c_custkey)
                                       ->  Hash Join  (cost=3841927.19..5635205.81 rows=14993551 width=25) (actual time=41837.400..43498.042 rows=139 loops=5)
                                             Hash Cond: (lineitem.l_orderkey = orders.o_orderkey)
                                             ->  Hash Join  (cost=3155205.69..4674746.87 rows=14997875 width=13) (actual time=34814.646..35858.081 rows=139 loops=5)
                                                   Hash Cond: (lineitem.l_orderkey = lineitem_1.l_orderkey)
                                                   ->  Parallel Seq Scan on lineitem  (cost=0.00..1275121.75 rows=14997875 width=9) (actual time=0.006..2295.462 rows=11997210 loops=5)
                                                   ->  Hash  (cost=2909146.25..2909146.25 rows=14997875 width=4) (actual time=30353.281..30353.281 rows=99 loops=5)
                                                         Buckets: 1048576  Batches: 32  Memory Usage: 8192kB
                                                         ->  GroupAggregate  (cost=0.56..2759167.50 rows=14997875 width=4) (actual time=685.833..30350.104 rows=99 loops=5)
                                                               Group Key: lineitem_1.l_orderkey
                                                               Filter: (sum(lineitem_1.l_quantity) > '313'::numeric)
                                                               Rows Removed by Filter: 14999901
                                                               ->  Index Scan using idx_lineitem_orderkey on lineitem lineitem_1  (cost=0.56..2271736.56 rows=59991500 width=9) (actual time=0.018..12883.643 rows=59986052 loops=5)
                                             ->  Hash  (cost=411290.00..411290.00 rows=15002200 width=20) (actual time=6402.821..6402.822 rows=15000000 loops=5)
                                                   Buckets: 524288  Batches: 32  Memory Usage: 29716kB
                                                   ->  Seq Scan on orders  (cost=0.00..411290.00 rows=15002200 width=20) (actual time=0.037..2992.737 rows=15000000 loops=5)
                                       ->  Hash  (cost=50946.93..50946.93 rows=1499993 width=23) (actual time=759.632..759.633 rows=1500000 loops=5)
                                             Buckets: 524288  Batches: 4  Memory Usage: 24623kB
                                             ->  Seq Scan on customer  (cost=0.00..50946.93 rows=1499993 width=23) (actual time=0.024..502.576 rows=1500000 loops=5)
 Planning time: 21.141 ms
 Execution time: 44591.714 ms
(36 rows)

SET
SET
SET
                                                                                                             QUERY PLAN                                                                                                              
-------------------------------------------------------------------------------------------------------------------------------------------------------------------------------------------------------------------------------------
 Limit  (cost=19173856.51..19173856.76 rows=100 width=71) (actual time=44384.146..44413.299 rows=99 loops=1)
   ->  Sort  (cost=19173856.51..19323792.02 rows=59974205 width=71) (actual time=44384.145..44413.292 rows=99 loops=1)
         Sort Key: orders.o_totalprice DESC, orders.o_orderdate
         Sort Method: quicksort  Memory: 32kB
         ->  Finalize GroupAggregate  (cost=8051405.15..16881685.52 rows=59974205 width=71) (actual time=44383.889..44413.199 rows=99 loops=1)
               Group Key: customer.c_custkey, orders.o_orderkey
               ->  Gather Merge  (cost=8051405.15..15532265.92 rows=59974204 width=71) (actual time=44383.879..44413.104 rows=111 loops=1)
                     Workers Planned: 4
                     Workers Launched: 4
                     ->  Partial GroupAggregate  (cost=8050405.09..8387759.99 rows=14993551 width=71) (actual time=44038.909..44038.956 rows=22 loops=5)
                           Group Key: customer.c_custkey, orders.o_orderkey
                           ->  Sort  (cost=8050405.09..8087888.97 rows=14993551 width=44) (actual time=44038.892..44038.901 rows=139 loops=5)
                                 Sort Key: customer.c_custkey, orders.o_orderkey
                                 Sort Method: quicksort  Memory: 33kB
                                 ->  Hash Join  (cost=3920414.03..5966830.83 rows=14993551 width=44) (actual time=42969.689..44038.769 rows=139 loops=5)
                                       Hash Cond: (orders.o_custkey = customer.c_custkey)
                                       ->  Hash Join  (cost=3841927.19..5635205.81 rows=14993551 width=25) (actual time=41558.621..43157.034 rows=139 loops=5)
                                             Hash Cond: (lineitem.l_orderkey = orders.o_orderkey)
                                             ->  Hash Join  (cost=3155205.69..4674746.87 rows=14997875 width=13) (actual time=34285.744..35340.414 rows=139 loops=5)
                                                   Hash Cond: (lineitem.l_orderkey = lineitem_1.l_orderkey)
                                                   ->  Parallel Seq Scan on lineitem  (cost=0.00..1275121.75 rows=14997875 width=9) (actual time=0.009..2333.240 rows=11997210 loops=5)
                                                   ->  Hash  (cost=2909146.25..2909146.25 rows=14997875 width=4) (actual time=29739.847..29739.847 rows=99 loops=5)
                                                         Buckets: 1048576  Batches: 32  Memory Usage: 8192kB
                                                         ->  GroupAggregate  (cost=0.56..2759167.50 rows=14997875 width=4) (actual time=649.663..29735.222 rows=99 loops=5)
                                                               Group Key: lineitem_1.l_orderkey
                                                               Filter: (sum(lineitem_1.l_quantity) > '313'::numeric)
                                                               Rows Removed by Filter: 14999901
                                                               ->  Index Scan using idx_lineitem_orderkey on lineitem lineitem_1  (cost=0.56..2271736.56 rows=59991500 width=9) (actual time=0.025..11811.605 rows=59986052 loops=5)
                                             ->  Hash  (cost=411290.00..411290.00 rows=15002200 width=20) (actual time=6516.174..6516.175 rows=15000000 loops=5)
                                                   Buckets: 524288  Batches: 32  Memory Usage: 29716kB
                                                   ->  Seq Scan on orders  (cost=0.00..411290.00 rows=15002200 width=20) (actual time=0.440..3317.585 rows=15000000 loops=5)
                                       ->  Hash  (cost=50946.93..50946.93 rows=1499993 width=23) (actual time=702.701..702.701 rows=1500000 loops=5)
                                             Buckets: 524288  Batches: 4  Memory Usage: 24623kB
                                             ->  Seq Scan on customer  (cost=0.00..50946.93 rows=1499993 width=23) (actual time=0.028..380.906 rows=1500000 loops=5)
 Planning time: 10.377 ms
 Execution time: 44413.547 ms
(36 rows)

query 19 run 1
SET
SET
SET
                                                                                                                                                                                                                                                                                                                                                                                                                                                                                                                  QUERY PLAN                                                                                                                                                                                                                                                                                                                                                                                                                                                                                                                  
----------------------------------------------------------------------------------------------------------------------------------------------------------------------------------------------------------------------------------------------------------------------------------------------------------------------------------------------------------------------------------------------------------------------------------------------------------------------------------------------------------------------------------------------------------------------------------------------------------------------------------------------------------------------------------------------------------------------------------------------------------------------------------------------------------------------------------------------------------------------------------------------------------------------------------------------------------------------------------------------------------------------------------------------
 Limit  (cost=124676.71..124676.72 rows=1 width=32) (actual time=5030.053..5042.362 rows=1 loops=1)
   ->  Finalize Aggregate  (cost=124676.71..124676.72 rows=1 width=32) (actual time=5030.052..5042.360 rows=1 loops=1)
         ->  Gather  (cost=124676.28..124676.69 rows=4 width=32) (actual time=5021.485..5042.341 rows=5 loops=1)
               Workers Planned: 4
               Workers Launched: 4
               ->  Partial Aggregate  (cost=123676.28..123676.29 rows=1 width=32) (actual time=5013.537..5013.538 rows=1 loops=5)
                     ->  Nested Loop  (cost=0.56..123674.15 rows=284 width=12) (actual time=36.715..5012.819 rows=213 loops=5)
                           ->  Parallel Seq Scan on part  (cost=0.00..62231.09 rows=1215 width=30) (actual time=0.396..186.111 rows=956 loops=5)
                                 Filter: ((p_size >= 1) AND (((p_brand = 'Brand#24'::bpchar) AND (p_container = ANY ('{"SM CASE","SM BOX","SM PACK","SM PKG"}'::bpchar[])) AND (p_size <= 5)) OR ((p_brand = 'Brand#43'::bpchar) AND (p_container = ANY ('{"MED BAG","MED BOX","MED PKG","MED PACK"}'::bpchar[])) AND (p_size <= 10)) OR ((p_brand = 'Brand#44'::bpchar) AND (p_container = ANY ('{"LG CASE","LG BOX","LG PACK","LG PKG"}'::bpchar[])) AND (p_size <= 15))))
                                 Rows Removed by Filter: 399044
                           ->  Index Scan using idx_lineitem_part_supp on lineitem  (cost=0.56..50.56 rows=1 width=21) (actual time=4.553..5.046 rows=0 loops=4781)
                                 Index Cond: (l_partkey = part.p_partkey)
                                 Filter: ((l_shipmode = ANY ('{AIR,"AIR REG"}'::bpchar[])) AND (l_shipinstruct = 'DELIVER IN PERSON'::bpchar) AND (((l_quantity >= '10'::numeric) AND (l_quantity <= '20'::numeric)) OR ((l_quantity >= '10'::numeric) AND (l_quantity <= '20'::numeric)) OR ((l_quantity >= '20'::numeric) AND (l_quantity <= '30'::numeric))) AND (((part.p_brand = 'Brand#24'::bpchar) AND (part.p_container = ANY ('{"SM CASE","SM BOX","SM PACK","SM PKG"}'::bpchar[])) AND (l_quantity >= '10'::numeric) AND (l_quantity <= '20'::numeric) AND (part.p_size <= 5)) OR ((part.p_brand = 'Brand#43'::bpchar) AND (part.p_container = ANY ('{"MED BAG","MED BOX","MED PKG","MED PACK"}'::bpchar[])) AND (l_quantity >= '10'::numeric) AND (l_quantity <= '20'::numeric) AND (part.p_size <= 10)) OR ((part.p_brand = 'Brand#44'::bpchar) AND (part.p_container = ANY ('{"LG CASE","LG BOX","LG PACK","LG PKG"}'::bpchar[])) AND (l_quantity >= '20'::numeric) AND (l_quantity <= '30'::numeric) AND (part.p_size <= 15))))
                                 Rows Removed by Filter: 30
 Planning time: 19.957 ms
 Execution time: 5042.966 ms
(16 rows)

SET
SET
SET
                                                                                                                                                                                                                                                                                                                                                                                                                                                                                                                  QUERY PLAN                                                                                                                                                                                                                                                                                                                                                                                                                                                                                                                  
----------------------------------------------------------------------------------------------------------------------------------------------------------------------------------------------------------------------------------------------------------------------------------------------------------------------------------------------------------------------------------------------------------------------------------------------------------------------------------------------------------------------------------------------------------------------------------------------------------------------------------------------------------------------------------------------------------------------------------------------------------------------------------------------------------------------------------------------------------------------------------------------------------------------------------------------------------------------------------------------------------------------------------------------
 Limit  (cost=124676.71..124676.72 rows=1 width=32) (actual time=212.164..232.700 rows=1 loops=1)
   ->  Finalize Aggregate  (cost=124676.71..124676.72 rows=1 width=32) (actual time=212.163..232.697 rows=1 loops=1)
         ->  Gather  (cost=124676.28..124676.69 rows=4 width=32) (actual time=206.215..232.680 rows=5 loops=1)
               Workers Planned: 4
               Workers Launched: 4
               ->  Partial Aggregate  (cost=123676.28..123676.29 rows=1 width=32) (actual time=202.160..202.161 rows=1 loops=5)
                     ->  Nested Loop  (cost=0.56..123674.15 rows=284 width=12) (actual time=0.701..201.936 rows=213 loops=5)
                           ->  Parallel Seq Scan on part  (cost=0.00..62231.09 rows=1215 width=30) (actual time=0.101..117.020 rows=956 loops=5)
                                 Filter: ((p_size >= 1) AND (((p_brand = 'Brand#24'::bpchar) AND (p_container = ANY ('{"SM CASE","SM BOX","SM PACK","SM PKG"}'::bpchar[])) AND (p_size <= 5)) OR ((p_brand = 'Brand#43'::bpchar) AND (p_container = ANY ('{"MED BAG","MED BOX","MED PKG","MED PACK"}'::bpchar[])) AND (p_size <= 10)) OR ((p_brand = 'Brand#44'::bpchar) AND (p_container = ANY ('{"LG CASE","LG BOX","LG PACK","LG PKG"}'::bpchar[])) AND (p_size <= 15))))
                                 Rows Removed by Filter: 399044
                           ->  Index Scan using idx_lineitem_part_supp on lineitem  (cost=0.56..50.56 rows=1 width=21) (actual time=0.078..0.087 rows=0 loops=4781)
                                 Index Cond: (l_partkey = part.p_partkey)
                                 Filter: ((l_shipmode = ANY ('{AIR,"AIR REG"}'::bpchar[])) AND (l_shipinstruct = 'DELIVER IN PERSON'::bpchar) AND (((l_quantity >= '10'::numeric) AND (l_quantity <= '20'::numeric)) OR ((l_quantity >= '10'::numeric) AND (l_quantity <= '20'::numeric)) OR ((l_quantity >= '20'::numeric) AND (l_quantity <= '30'::numeric))) AND (((part.p_brand = 'Brand#24'::bpchar) AND (part.p_container = ANY ('{"SM CASE","SM BOX","SM PACK","SM PKG"}'::bpchar[])) AND (l_quantity >= '10'::numeric) AND (l_quantity <= '20'::numeric) AND (part.p_size <= 5)) OR ((part.p_brand = 'Brand#43'::bpchar) AND (part.p_container = ANY ('{"MED BAG","MED BOX","MED PKG","MED PACK"}'::bpchar[])) AND (l_quantity >= '10'::numeric) AND (l_quantity <= '20'::numeric) AND (part.p_size <= 10)) OR ((part.p_brand = 'Brand#44'::bpchar) AND (part.p_container = ANY ('{"LG CASE","LG BOX","LG PACK","LG PKG"}'::bpchar[])) AND (l_quantity >= '20'::numeric) AND (l_quantity <= '30'::numeric) AND (part.p_size <= 15))))
                                 Rows Removed by Filter: 30
 Planning time: 1.243 ms
 Execution time: 232.753 ms
(16 rows)

query 20 run 1
SET
SET
SET
                                                                                          QUERY PLAN                                                                                           
-----------------------------------------------------------------------------------------------------------------------------------------------------------------------------------------------
 Limit  (cost=2891501.80..2891501.81 rows=1 width=51) (actual time=47145.331..47145.433 rows=1 loops=1)
   ->  Sort  (cost=2891501.80..2891501.81 rows=1 width=51) (actual time=47145.330..47145.432 rows=1 loops=1)
         Sort Key: supplier.s_name
         Sort Method: top-N heapsort  Memory: 25kB
         ->  Nested Loop Semi Join  (cost=2548114.93..2891501.79 rows=1 width=51) (actual time=26496.900..47143.669 rows=1821 loops=1)
               Join Filter: (supplier.s_suppkey = lineitem.l_suppkey)
               Rows Removed by Join Filter: 182001415
               ->  Nested Loop  (cost=0.00..4472.31 rows=4000 width=55) (actual time=0.328..23.824 rows=4095 loops=1)
                     Join Filter: (supplier.s_nationkey = nation.n_nationkey)
                     Rows Removed by Join Filter: 95905
                     ->  Seq Scan on nation  (cost=0.00..1.31 rows=1 width=4) (actual time=0.005..0.008 rows=1 loops=1)
                           Filter: (n_name = 'IRAQ'::bpchar)
                           Rows Removed by Filter: 24
                     ->  Seq Scan on supplier  (cost=0.00..3221.00 rows=100000 width=59) (actual time=0.319..16.203 rows=100000 loops=1)
               ->  Materialize  (cost=2548114.93..2886849.49 rows=3 width=8) (actual time=6.207..9.069 rows=44445 loops=4095)
                     ->  Merge Join  (cost=2548114.93..2886849.47 rows=3 width=8) (actual time=25418.440..31041.325 rows=59002 loops=1)
                           Merge Cond: (lineitem.l_partkey = partsupp.ps_partkey)
                           Join Filter: ((partsupp.ps_suppkey = lineitem.l_suppkey) AND ((partsupp.ps_availqty)::numeric > ((0.5 * sum(lineitem.l_quantity)))))
                           Rows Removed by Join Filter: 177498
                           ->  GroupAggregate  (cost=2547114.01..2709740.83 rows=4824394 width=40) (actual time=25407.271..30644.718 rows=5448473 loops=1)
                                 Group Key: lineitem.l_partkey, lineitem.l_suppkey
                                 ->  Sort  (cost=2547114.01..2569679.24 rows=9026091 width=13) (actual time=25407.257..26988.068 rows=9123091 loops=1)
                                       Sort Key: lineitem.l_partkey, lineitem.l_suppkey
                                       Sort Method: external merge  Disk: 205344kB
                                       ->  Bitmap Heap Scan on lineitem  (cost=144646.00..1405180.36 rows=9026091 width=13) (actual time=1233.283..21917.113 rows=9123688 loops=1)
                                             Recheck Cond: ((l_shipdate >= '1996-01-01'::date) AND (l_shipdate < '1997-01-01'::date))
                                             Rows Removed by Index Recheck: 23164080
                                             Heap Blocks: exact=518099 lossy=530696
                                             ->  Bitmap Index Scan on idx_lineitem_shipdate  (cost=0.00..142389.48 rows=9026091 width=0) (actual time=1128.272..1128.272 rows=9123688 loops=1)
                                                   Index Cond: ((l_shipdate >= '1996-01-01'::date) AND (l_shipdate < '1997-01-01'::date))
                           ->  Materialize  (cost=1000.92..95546.91 rows=80810 width=16) (actual time=10.806..91.001 rows=237286 loops=1)
                                 ->  Gather Merge  (cost=1000.92..95344.89 rows=80810 width=16) (actual time=10.803..71.042 rows=86872 loops=1)
                                       Workers Planned: 4
                                       Workers Launched: 4
                                       ->  Nested Loop  (cost=0.86..84719.58 rows=20202 width=16) (actual time=0.499..1164.665 rows=17374 loops=5)
                                             ->  Parallel Index Scan using part_pkey on part  (cost=0.43..65462.49 rows=5050 width=4) (actual time=0.276..152.529 rows=4344 loops=5)
                                                   Filter: ((p_name)::text ~~ 'olive%'::text)
                                                   Rows Removed by Filter: 395656
                                             ->  Index Scan using idx_partsupp_partkey on partsupp  (cost=0.43..3.61 rows=20 width=12) (actual time=0.216..0.231 rows=4 loops=21718)
                                                   Index Cond: (ps_partkey = part.p_partkey)
 Planning time: 21.932 ms
 Execution time: 47169.678 ms
(42 rows)

SET
SET
SET
                                                                                         QUERY PLAN                                                                                          
---------------------------------------------------------------------------------------------------------------------------------------------------------------------------------------------
 Limit  (cost=2891501.80..2891501.81 rows=1 width=51) (actual time=34145.371..34145.478 rows=1 loops=1)
   ->  Sort  (cost=2891501.80..2891501.81 rows=1 width=51) (actual time=34145.370..34145.477 rows=1 loops=1)
         Sort Key: supplier.s_name
         Sort Method: top-N heapsort  Memory: 25kB
         ->  Nested Loop Semi Join  (cost=2548114.93..2891501.79 rows=1 width=51) (actual time=13649.085..34143.714 rows=1821 loops=1)
               Join Filter: (supplier.s_suppkey = lineitem.l_suppkey)
               Rows Removed by Join Filter: 182001415
               ->  Nested Loop  (cost=0.00..4472.31 rows=4000 width=55) (actual time=0.022..20.317 rows=4095 loops=1)
                     Join Filter: (supplier.s_nationkey = nation.n_nationkey)
                     Rows Removed by Join Filter: 95905
                     ->  Seq Scan on nation  (cost=0.00..1.31 rows=1 width=4) (actual time=0.006..0.009 rows=1 loops=1)
                           Filter: (n_name = 'IRAQ'::bpchar)
                           Rows Removed by Filter: 24
                     ->  Seq Scan on supplier  (cost=0.00..3221.00 rows=100000 width=59) (actual time=0.010..12.740 rows=100000 loops=1)
               ->  Materialize  (cost=2548114.93..2886849.49 rows=3 width=8) (actual time=3.083..5.895 rows=44445 loops=4095)
                     ->  Merge Join  (cost=2548114.93..2886849.47 rows=3 width=8) (actual time=12625.196..18037.214 rows=59002 loops=1)
                           Merge Cond: (lineitem.l_partkey = partsupp.ps_partkey)
                           Join Filter: ((partsupp.ps_suppkey = lineitem.l_suppkey) AND ((partsupp.ps_availqty)::numeric > ((0.5 * sum(lineitem.l_quantity)))))
                           Rows Removed by Join Filter: 177498
                           ->  GroupAggregate  (cost=2547114.01..2709740.83 rows=4824394 width=40) (actual time=12620.264..17674.914 rows=5448473 loops=1)
                                 Group Key: lineitem.l_partkey, lineitem.l_suppkey
                                 ->  Sort  (cost=2547114.01..2569679.24 rows=9026091 width=13) (actual time=12620.252..14133.577 rows=9123091 loops=1)
                                       Sort Key: lineitem.l_partkey, lineitem.l_suppkey
                                       Sort Method: external merge  Disk: 205344kB
                                       ->  Bitmap Heap Scan on lineitem  (cost=144646.00..1405180.36 rows=9026091 width=13) (actual time=1094.391..9391.175 rows=9123688 loops=1)
                                             Recheck Cond: ((l_shipdate >= '1996-01-01'::date) AND (l_shipdate < '1997-01-01'::date))
                                             Rows Removed by Index Recheck: 23164080
                                             Heap Blocks: exact=518099 lossy=530696
                                             ->  Bitmap Index Scan on idx_lineitem_shipdate  (cost=0.00..142389.48 rows=9026091 width=0) (actual time=990.143..990.143 rows=9123688 loops=1)
                                                   Index Cond: ((l_shipdate >= '1996-01-01'::date) AND (l_shipdate < '1997-01-01'::date))
                           ->  Materialize  (cost=1000.92..95546.91 rows=80810 width=16) (actual time=4.568..61.644 rows=237286 loops=1)
                                 ->  Gather Merge  (cost=1000.92..95344.89 rows=80810 width=16) (actual time=4.566..41.803 rows=86872 loops=1)
                                       Workers Planned: 4
                                       Workers Launched: 4
                                       ->  Nested Loop  (cost=0.86..84719.58 rows=20202 width=16) (actual time=0.123..174.626 rows=17374 loops=5)
                                             ->  Parallel Index Scan using part_pkey on part  (cost=0.43..65462.49 rows=5050 width=4) (actual time=0.080..111.029 rows=4344 loops=5)
                                                   Filter: ((p_name)::text ~~ 'olive%'::text)
                                                   Rows Removed by Filter: 395656
                                             ->  Index Scan using idx_partsupp_partkey on partsupp  (cost=0.43..3.61 rows=20 width=12) (actual time=0.012..0.013 rows=4 loops=21718)
                                                   Index Cond: (ps_partkey = part.p_partkey)
 Planning time: 2.127 ms
 Execution time: 34169.011 ms
(42 rows)

query 21 run 1
SET
SET
SET
                                                                                               QUERY PLAN                                                                                                
---------------------------------------------------------------------------------------------------------------------------------------------------------------------------------------------------------
 Limit  (cost=2071006.03..2071006.04 rows=1 width=34) (actual time=13803.129..13803.240 rows=100 loops=1)
   ->  Sort  (cost=2071006.03..2071006.04 rows=1 width=34) (actual time=13803.128..13803.233 rows=100 loops=1)
         Sort Key: (count(*)) DESC, supplier.s_name
         Sort Method: top-N heapsort  Memory: 38kB
         ->  GroupAggregate  (cost=2071006.00..2071006.02 rows=1 width=34) (actual time=13795.901..13802.059 rows=3991 loops=1)
               Group Key: supplier.s_name
               ->  Sort  (cost=2071006.00..2071006.01 rows=1 width=26) (actual time=13795.893..13797.535 rows=39281 loops=1)
                     Sort Key: supplier.s_name
                     Sort Method: quicksort  Memory: 4605kB
                     ->  Nested Loop Anti Join  (cost=3325.02..2071005.99 rows=1 width=26) (actual time=43.126..13607.369 rows=39281 loops=1)
                           ->  Nested Loop  (cost=3324.46..2071002.34 rows=1 width=34) (actual time=43.106..11057.748 rows=704306 loops=1)
                                 ->  Gather  (cost=3324.02..2070998.90 rows=1 width=38) (actual time=43.057..6272.107 rows=1460326 loops=1)
                                       Workers Planned: 4
                                       Workers Launched: 4
                                       ->  Nested Loop Semi Join  (cost=2324.02..2069998.80 rows=1 width=38) (actual time=35.182..11928.814 rows=292065 loops=5)
                                             ->  Hash Join  (cost=2323.46..1335686.96 rows=199972 width=34) (actual time=35.167..8324.199 rows=302853 loops=5)
                                                   Hash Cond: (l1.l_suppkey = supplier.s_suppkey)
                                                   ->  Parallel Seq Scan on lineitem l1  (cost=0.00..1312616.44 rows=4999292 width=8) (actual time=0.062..7102.076 rows=7585870 loops=5)
                                                         Filter: (l_receiptdate > l_commitdate)
                                                         Rows Removed by Filter: 4411341
                                                   ->  Hash  (cost=2273.46..2273.46 rows=4000 width=30) (actual time=35.012..35.013 rows=3991 loops=5)
                                                         Buckets: 4096  Batches: 1  Memory Usage: 282kB
                                                         ->  Nested Loop  (cost=49.29..2273.46 rows=4000 width=30) (actual time=0.914..33.904 rows=3991 loops=5)
                                                               ->  Seq Scan on nation  (cost=0.00..1.31 rows=1 width=4) (actual time=0.013..0.016 rows=1 loops=5)
                                                                     Filter: (n_name = 'PERU'::bpchar)
                                                                     Rows Removed by Filter: 24
                                                               ->  Bitmap Heap Scan on supplier  (cost=49.29..2232.15 rows=4000 width=34) (actual time=0.898..33.061 rows=3991 loops=5)
                                                                     Recheck Cond: (s_nationkey = nation.n_nationkey)
                                                                     Heap Blocks: exact=1865
                                                                     ->  Bitmap Index Scan on idx_supplier_nation_key  (cost=0.00..48.29 rows=4000 width=0) (actual time=0.683..0.683 rows=3991 loops=5)
                                                                           Index Cond: (s_nationkey = nation.n_nationkey)
                                             ->  Index Scan using idx_lineitem_orderkey on lineitem l2  (cost=0.56..3.63 rows=4 width=8) (actual time=0.011..0.011 rows=1 loops=1514267)
                                                   Index Cond: (l_orderkey = l1.l_orderkey)
                                                   Filter: (l_suppkey <> l1.l_suppkey)
                                                   Rows Removed by Filter: 0
                                 ->  Index Scan using orders_pkey on orders  (cost=0.43..3.44 rows=1 width=4) (actual time=0.003..0.003 rows=0 loops=1460326)
                                       Index Cond: (o_orderkey = l1.l_orderkey)
                                       Filter: (o_orderstatus = 'F'::bpchar)
                                       Rows Removed by Filter: 1
                           ->  Index Scan using idx_lineitem_orderkey on lineitem l3  (cost=0.56..3.64 rows=1 width=8) (actual time=0.003..0.003 rows=1 loops=704306)
                                 Index Cond: (l_orderkey = l1.l_orderkey)
                                 Filter: ((l_receiptdate > l_commitdate) AND (l_suppkey <> l1.l_suppkey))
                                 Rows Removed by Filter: 1
 Planning time: 19.666 ms
 Execution time: 13804.067 ms
(45 rows)

SET
SET
SET
                                                                                               QUERY PLAN                                                                                                
---------------------------------------------------------------------------------------------------------------------------------------------------------------------------------------------------------
 Limit  (cost=2071006.03..2071006.04 rows=1 width=34) (actual time=8591.972..8592.076 rows=100 loops=1)
   ->  Sort  (cost=2071006.03..2071006.04 rows=1 width=34) (actual time=8591.971..8592.070 rows=100 loops=1)
         Sort Key: (count(*)) DESC, supplier.s_name
         Sort Method: top-N heapsort  Memory: 38kB
         ->  GroupAggregate  (cost=2071006.00..2071006.02 rows=1 width=34) (actual time=8584.866..8590.907 rows=3991 loops=1)
               Group Key: supplier.s_name
               ->  Sort  (cost=2071006.00..2071006.01 rows=1 width=26) (actual time=8584.858..8586.436 rows=39281 loops=1)
                     Sort Key: supplier.s_name
                     Sort Method: quicksort  Memory: 4605kB
                     ->  Nested Loop Anti Join  (cost=3325.02..2071005.99 rows=1 width=26) (actual time=21.044..8396.961 rows=39281 loops=1)
                           ->  Nested Loop  (cost=3324.46..2071002.34 rows=1 width=34) (actual time=20.896..5271.788 rows=704306 loops=1)
                                 ->  Gather  (cost=3324.02..2070998.90 rows=1 width=38) (actual time=20.881..1348.955 rows=1460326 loops=1)
                                       Workers Planned: 4
                                       Workers Launched: 4
                                       ->  Nested Loop Semi Join  (cost=2324.02..2069998.80 rows=1 width=38) (actual time=16.381..6463.877 rows=292065 loops=5)
                                             ->  Hash Join  (cost=2323.46..1335686.96 rows=199972 width=34) (actual time=16.360..3671.397 rows=302853 loops=5)
                                                   Hash Cond: (l1.l_suppkey = supplier.s_suppkey)
                                                   ->  Parallel Seq Scan on lineitem l1  (cost=0.00..1312616.44 rows=4999292 width=8) (actual time=0.027..2602.410 rows=7585870 loops=5)
                                                         Filter: (l_receiptdate > l_commitdate)
                                                         Rows Removed by Filter: 4411341
                                                   ->  Hash  (cost=2273.46..2273.46 rows=4000 width=30) (actual time=16.231..16.233 rows=3991 loops=5)
                                                         Buckets: 4096  Batches: 1  Memory Usage: 282kB
                                                         ->  Nested Loop  (cost=49.29..2273.46 rows=4000 width=30) (actual time=0.625..15.353 rows=3991 loops=5)
                                                               ->  Seq Scan on nation  (cost=0.00..1.31 rows=1 width=4) (actual time=0.014..0.017 rows=1 loops=5)
                                                                     Filter: (n_name = 'PERU'::bpchar)
                                                                     Rows Removed by Filter: 24
                                                               ->  Bitmap Heap Scan on supplier  (cost=49.29..2232.15 rows=4000 width=34) (actual time=0.608..14.430 rows=3991 loops=5)
                                                                     Recheck Cond: (s_nationkey = nation.n_nationkey)
                                                                     Heap Blocks: exact=1865
                                                                     ->  Bitmap Index Scan on idx_supplier_nation_key  (cost=0.00..48.29 rows=4000 width=0) (actual time=0.413..0.413 rows=3991 loops=5)
                                                                           Index Cond: (s_nationkey = nation.n_nationkey)
                                             ->  Index Scan using idx_lineitem_orderkey on lineitem l2  (cost=0.56..3.63 rows=4 width=8) (actual time=0.009..0.009 rows=1 loops=1514267)
                                                   Index Cond: (l_orderkey = l1.l_orderkey)
                                                   Filter: (l_suppkey <> l1.l_suppkey)
                                                   Rows Removed by Filter: 0
                                 ->  Index Scan using orders_pkey on orders  (cost=0.43..3.44 rows=1 width=4) (actual time=0.002..0.002 rows=0 loops=1460326)
                                       Index Cond: (o_orderkey = l1.l_orderkey)
                                       Filter: (o_orderstatus = 'F'::bpchar)
                                       Rows Removed by Filter: 1
                           ->  Index Scan using idx_lineitem_orderkey on lineitem l3  (cost=0.56..3.64 rows=1 width=8) (actual time=0.004..0.004 rows=1 loops=704306)
                                 Index Cond: (l_orderkey = l1.l_orderkey)
                                 Filter: ((l_receiptdate > l_commitdate) AND (l_suppkey <> l1.l_suppkey))
                                 Rows Removed by Filter: 1
 Planning time: 2.588 ms
 Execution time: 8592.164 ms
(45 rows)

query 22 run 1
SET
SET
SET
                                                                          QUERY PLAN                                                                          
--------------------------------------------------------------------------------------------------------------------------------------------------------------
 Limit  (cost=133056.33..133056.35 rows=1 width=72) (actual time=1653.945..1654.043 rows=1 loops=1)
   InitPlan 1 (returns $1)
     ->  Finalize Aggregate  (cost=46820.94..46820.95 rows=1 width=32) (actual time=360.483..360.579 rows=1 loops=1)
           ->  Gather  (cost=46820.51..46820.92 rows=4 width=32) (actual time=356.914..360.541 rows=5 loops=1)
                 Workers Planned: 4
                 Workers Launched: 4
                 ->  Partial Aggregate  (cost=45820.51..45820.52 rows=1 width=32) (actual time=348.142..348.142 rows=1 loops=5)
                       ->  Parallel Seq Scan on customer customer_1  (cost=0.00..45790.70 rows=11922 width=6) (actual time=0.029..338.936 rows=76485 loops=5)
                             Filter: ((c_acctbal > 0.00) AND ("substring"((c_phone)::text, 1, 2) = ANY ('{21,29,26,34,14,15,17}'::text[])))
                             Rows Removed by Filter: 223515
   ->  GroupAggregate  (cost=86235.37..86445.14 rows=7628 width=72) (actual time=1653.944..1653.945 rows=1 loops=1)
         Group Key: ("substring"((customer.c_phone)::text, 1, 2))
         ->  Sort  (cost=86235.37..86254.44 rows=7628 width=38) (actual time=1652.181..1652.510 rows=9006 loops=1)
               Sort Key: ("substring"((customer.c_phone)::text, 1, 2))
               Sort Method: quicksort  Memory: 4513kB
               ->  Nested Loop Anti Join  (cost=0.43..85743.48 rows=7628 width=38) (actual time=360.571..1630.283 rows=63509 loops=1)
                     ->  Seq Scan on customer  (cost=0.00..75321.82 rows=17500 width=26) (actual time=360.531..922.967 rows=191129 loops=1)
                           Filter: ((c_acctbal > $1) AND ("substring"((c_phone)::text, 1, 2) = ANY ('{21,29,26,34,14,15,17}'::text[])))
                           Rows Removed by Filter: 1308871
                     ->  Index Only Scan using idx_orders_custkey on orders  (cost=0.43..2.18 rows=18 width=4) (actual time=0.003..0.003 rows=1 loops=191129)
                           Index Cond: (o_custkey = customer.c_custkey)
                           Heap Fetches: 0
 Planning time: 15.019 ms
 Execution time: 1654.587 ms
(24 rows)

SET
SET
SET
                                                                          QUERY PLAN                                                                          
--------------------------------------------------------------------------------------------------------------------------------------------------------------
 Limit  (cost=133056.33..133056.35 rows=1 width=72) (actual time=1132.894..1132.993 rows=1 loops=1)
   InitPlan 1 (returns $1)
     ->  Finalize Aggregate  (cost=46820.94..46820.95 rows=1 width=32) (actual time=221.402..221.500 rows=1 loops=1)
           ->  Gather  (cost=46820.51..46820.92 rows=4 width=32) (actual time=218.007..221.482 rows=5 loops=1)
                 Workers Planned: 4
                 Workers Launched: 4
                 ->  Partial Aggregate  (cost=45820.51..45820.52 rows=1 width=32) (actual time=213.632..213.632 rows=1 loops=5)
                       ->  Parallel Seq Scan on customer customer_1  (cost=0.00..45790.70 rows=11922 width=6) (actual time=0.013..203.921 rows=76485 loops=5)
                             Filter: ((c_acctbal > 0.00) AND ("substring"((c_phone)::text, 1, 2) = ANY ('{21,29,26,34,14,15,17}'::text[])))
                             Rows Removed by Filter: 223515
   ->  GroupAggregate  (cost=86235.37..86445.14 rows=7628 width=72) (actual time=1132.893..1132.894 rows=1 loops=1)
         Group Key: ("substring"((customer.c_phone)::text, 1, 2))
         ->  Sort  (cost=86235.37..86254.44 rows=7628 width=38) (actual time=1131.134..1131.463 rows=9006 loops=1)
               Sort Key: ("substring"((customer.c_phone)::text, 1, 2))
               Sort Method: quicksort  Memory: 4513kB
               ->  Nested Loop Anti Join  (cost=0.43..85743.48 rows=7628 width=38) (actual time=221.451..1113.289 rows=63509 loops=1)
                     ->  Seq Scan on customer  (cost=0.00..75321.82 rows=17500 width=26) (actual time=221.431..750.656 rows=191129 loops=1)
                           Filter: ((c_acctbal > $1) AND ("substring"((c_phone)::text, 1, 2) = ANY ('{21,29,26,34,14,15,17}'::text[])))
                           Rows Removed by Filter: 1308871
                     ->  Index Only Scan using idx_orders_custkey on orders  (cost=0.43..2.18 rows=18 width=4) (actual time=0.002..0.002 rows=1 loops=191129)
                           Index Cond: (o_custkey = customer.c_custkey)
                           Heap Fetches: 0
 Planning time: 0.611 ms
 Execution time: 1133.046 ms
(24 rows)

