query 1 run 1
SET
SET
                                                                 QUERY PLAN                                                                  
---------------------------------------------------------------------------------------------------------------------------------------------
 Limit  (cost=4244058.33..4244058.34 rows=1 width=25) (actual time=148406.805..148406.805 rows=1 loops=1)
   ->  Sort  (cost=4244058.33..4244058.35 rows=6 width=25) (actual time=148406.804..148406.804 rows=1 loops=1)
         Sort Key: l_returnflag, l_linestatus
         Sort Method: top-N heapsort  Memory: 25kB
         ->  HashAggregate  (cost=4244058.20..4244058.30 rows=6 width=25) (actual time=148406.766..148406.771 rows=4 loops=1)
               ->  Seq Scan on lineitem  (cost=0.00..1874947.20 rows=59227775 width=25) (actual time=0.420..12736.835 rows=59284448 loops=1)
                     Filter: (l_shipdate <= '1998-09-10 00:00:00'::timestamp without time zone)
                     Rows Removed by Filter: 701604
 Total runtime: 148406.861 ms
(9 rows)

SET
SET
                                                                 QUERY PLAN                                                                  
---------------------------------------------------------------------------------------------------------------------------------------------
 Limit  (cost=4244058.33..4244058.34 rows=1 width=25) (actual time=145404.211..145404.212 rows=1 loops=1)
   ->  Sort  (cost=4244058.33..4244058.35 rows=6 width=25) (actual time=145404.210..145404.210 rows=1 loops=1)
         Sort Key: l_returnflag, l_linestatus
         Sort Method: top-N heapsort  Memory: 25kB
         ->  HashAggregate  (cost=4244058.20..4244058.30 rows=6 width=25) (actual time=145404.179..145404.184 rows=4 loops=1)
               ->  Seq Scan on lineitem  (cost=0.00..1874947.20 rows=59227775 width=25) (actual time=0.030..11216.818 rows=59284448 loops=1)
                     Filter: (l_shipdate <= '1998-09-10 00:00:00'::timestamp without time zone)
                     Rows Removed by Filter: 701604
 Total runtime: 145404.264 ms
(9 rows)

query 2 run 1
SET
SET
                                                                                        QUERY PLAN                                                                                         
-------------------------------------------------------------------------------------------------------------------------------------------------------------------------------------------
 Limit  (cost=1069489.65..1069489.66 rows=1 width=192) (actual time=6529.376..6529.386 rows=100 loops=1)
   ->  Sort  (cost=1069489.65..1069489.66 rows=1 width=192) (actual time=6529.374..6529.380 rows=100 loops=1)
         Sort Key: supplier.s_acctbal, nation.n_name, supplier.s_name, part.p_partkey
         Sort Method: top-N heapsort  Memory: 51kB
         ->  Merge Join  (cost=558030.44..1069489.64 rows=1 width=192) (actual time=4471.350..6525.888 rows=4737 loops=1)
               Merge Cond: (part.p_partkey = partsupp.ps_partkey)
               Join Filter: (partsupp.ps_supplycost = (SubPlan 1))
               Rows Removed by Join Filter: 1661
               ->  Index Scan using part_pkey on part  (cost=0.43..89211.25 rows=7690 width=30) (actual time=0.013..810.507 rows=8046 loops=1)
                     Filter: (((p_type)::text ~~ '%NICKEL'::text) AND (p_size = 16))
                     Rows Removed by Filter: 1991954
               ->  Materialize  (cost=558029.61..566029.41 rows=1599960 width=172) (actual time=4470.554..4868.157 rows=1603828 loops=1)
                     ->  Sort  (cost=558029.61..562029.51 rows=1599960 width=172) (actual time=4470.552..4733.035 rows=1603828 loops=1)
                           Sort Key: partsupp.ps_partkey
                           Sort Method: external sort  Disk: 293160kB
                           ->  Hash Join  (cost=4048.53..305267.39 rows=1599960 width=172) (actual time=40.560..3215.971 rows=1604080 loops=1)
                                 Hash Cond: (partsupp.ps_suppkey = supplier.s_suppkey)
                                 ->  Seq Scan on partsupp  (cost=0.00..255220.01 rows=7999801 width=14) (actual time=0.001..1056.524 rows=8000000 loops=1)
                                 ->  Hash  (cost=3798.53..3798.53 rows=20000 width=166) (actual time=40.548..40.548 rows=20051 loops=1)
                                       Buckets: 2048  Batches: 1  Memory Usage: 3955kB
                                       ->  Hash Join  (cost=2.53..3798.53 rows=20000 width=166) (actual time=0.012..35.858 rows=20051 loops=1)
                                             Hash Cond: (supplier.s_nationkey = nation.n_nationkey)
                                             ->  Seq Scan on supplier  (cost=0.00..3221.00 rows=100000 width=144) (actual time=0.000..24.213 rows=100000 loops=1)
                                             ->  Hash  (cost=2.47..2.47 rows=5 width=30) (actual time=0.011..0.011 rows=5 loops=1)
                                                   Buckets: 1024  Batches: 1  Memory Usage: 1kB
                                                   ->  Hash Join  (cost=1.07..2.47 rows=5 width=30) (actual time=0.006..0.009 rows=5 loops=1)
                                                         Hash Cond: (nation.n_regionkey = region.r_regionkey)
                                                         ->  Seq Scan on nation  (cost=0.00..1.25 rows=25 width=34) (actual time=0.001..0.002 rows=25 loops=1)
                                                         ->  Hash  (cost=1.06..1.06 rows=1 width=4) (actual time=0.003..0.003 rows=1 loops=1)
                                                               Buckets: 1024  Batches: 1  Memory Usage: 1kB
                                                               ->  Seq Scan on region  (cost=0.00..1.06 rows=1 width=4) (actual time=0.001..0.002 rows=1 loops=1)
                                                                     Filter: (r_name = 'AMERICA'::bpchar)
                                                                     Rows Removed by Filter: 4
               SubPlan 1
                 ->  Aggregate  (cost=66.66..66.67 rows=1 width=6) (actual time=0.104..0.104 rows=1 loops=6398)
                       ->  Nested Loop  (cost=2.29..66.65 rows=4 width=6) (actual time=0.093..0.102 rows=2 loops=6398)
                             Join Filter: (nation_1.n_regionkey = region_1.r_regionkey)
                             Rows Removed by Join Filter: 2
                             ->  Seq Scan on region region_1  (cost=0.00..1.06 rows=1 width=4) (actual time=0.001..0.001 rows=1 loops=6398)
                                   Filter: (r_name = 'AMERICA'::bpchar)
                                   Rows Removed by Filter: 4
                             ->  Hash Join  (cost=2.29..65.36 rows=18 width=10) (actual time=0.087..0.100 rows=4 loops=6398)
                                   Hash Cond: (supplier_1.s_nationkey = nation_1.n_nationkey)
                                   ->  Nested Loop  (cost=0.72..63.55 rows=18 width=10) (actual time=0.087..0.098 rows=4 loops=6398)
                                         ->  Index Scan using idx_partsupp_partkey on partsupp partsupp_1  (cost=0.43..3.75 rows=18 width=10) (actual time=0.083..0.084 rows=4 loops=6398)
                                               Index Cond: (part.p_partkey = ps_partkey)
                                         ->  Index Scan using supplier_pkey on supplier supplier_1  (cost=0.29..3.31 rows=1 width=8) (actual time=0.003..0.003 rows=1 loops=25592)
                                               Index Cond: (s_suppkey = partsupp_1.ps_suppkey)
                                   ->  Hash  (cost=1.25..1.25 rows=25 width=8) (actual time=0.010..0.010 rows=25 loops=1)
                                         Buckets: 1024  Batches: 1  Memory Usage: 1kB
                                         ->  Seq Scan on nation nation_1  (cost=0.00..1.25 rows=25 width=8) (actual time=0.001..0.004 rows=25 loops=1)
 Total runtime: 6566.537 ms
(52 rows)

SET
SET
                                                                                        QUERY PLAN                                                                                         
-------------------------------------------------------------------------------------------------------------------------------------------------------------------------------------------
 Limit  (cost=1069489.65..1069489.66 rows=1 width=192) (actual time=5007.448..5007.457 rows=100 loops=1)
   ->  Sort  (cost=1069489.65..1069489.66 rows=1 width=192) (actual time=5007.446..5007.451 rows=100 loops=1)
         Sort Key: supplier.s_acctbal, nation.n_name, supplier.s_name, part.p_partkey
         Sort Method: top-N heapsort  Memory: 51kB
         ->  Merge Join  (cost=558030.44..1069489.64 rows=1 width=192) (actual time=3854.354..5005.180 rows=4737 loops=1)
               Merge Cond: (part.p_partkey = partsupp.ps_partkey)
               Join Filter: (partsupp.ps_supplycost = (SubPlan 1))
               Rows Removed by Join Filter: 1661
               ->  Index Scan using part_pkey on part  (cost=0.43..89211.25 rows=7690 width=30) (actual time=0.015..499.410 rows=8046 loops=1)
                     Filter: (((p_type)::text ~~ '%NICKEL'::text) AND (p_size = 16))
                     Rows Removed by Filter: 1991954
               ->  Materialize  (cost=558029.61..566029.41 rows=1599960 width=172) (actual time=3854.254..4235.443 rows=1603828 loops=1)
                     ->  Sort  (cost=558029.61..562029.51 rows=1599960 width=172) (actual time=3854.252..4103.495 rows=1603828 loops=1)
                           Sort Key: partsupp.ps_partkey
                           Sort Method: external sort  Disk: 293160kB
                           ->  Hash Join  (cost=4048.53..305267.39 rows=1599960 width=172) (actual time=24.151..2625.474 rows=1604080 loops=1)
                                 Hash Cond: (partsupp.ps_suppkey = supplier.s_suppkey)
                                 ->  Seq Scan on partsupp  (cost=0.00..255220.01 rows=7999801 width=14) (actual time=0.001..761.434 rows=8000000 loops=1)
                                 ->  Hash  (cost=3798.53..3798.53 rows=20000 width=166) (actual time=24.140..24.140 rows=20051 loops=1)
                                       Buckets: 2048  Batches: 1  Memory Usage: 3955kB
                                       ->  Hash Join  (cost=2.53..3798.53 rows=20000 width=166) (actual time=0.014..19.674 rows=20051 loops=1)
                                             Hash Cond: (supplier.s_nationkey = nation.n_nationkey)
                                             ->  Seq Scan on supplier  (cost=0.00..3221.00 rows=100000 width=144) (actual time=0.000..5.241 rows=100000 loops=1)
                                             ->  Hash  (cost=2.47..2.47 rows=5 width=30) (actual time=0.011..0.011 rows=5 loops=1)
                                                   Buckets: 1024  Batches: 1  Memory Usage: 1kB
                                                   ->  Hash Join  (cost=1.07..2.47 rows=5 width=30) (actual time=0.005..0.009 rows=5 loops=1)
                                                         Hash Cond: (nation.n_regionkey = region.r_regionkey)
                                                         ->  Seq Scan on nation  (cost=0.00..1.25 rows=25 width=34) (actual time=0.000..0.001 rows=25 loops=1)
                                                         ->  Hash  (cost=1.06..1.06 rows=1 width=4) (actual time=0.003..0.003 rows=1 loops=1)
                                                               Buckets: 1024  Batches: 1  Memory Usage: 1kB
                                                               ->  Seq Scan on region  (cost=0.00..1.06 rows=1 width=4) (actual time=0.002..0.002 rows=1 loops=1)
                                                                     Filter: (r_name = 'AMERICA'::bpchar)
                                                                     Rows Removed by Filter: 4
               SubPlan 1
                 ->  Aggregate  (cost=66.66..66.67 rows=1 width=6) (actual time=0.015..0.015 rows=1 loops=6398)
                       ->  Nested Loop  (cost=2.29..66.65 rows=4 width=6) (actual time=0.008..0.014 rows=2 loops=6398)
                             Join Filter: (nation_1.n_regionkey = region_1.r_regionkey)
                             Rows Removed by Join Filter: 2
                             ->  Seq Scan on region region_1  (cost=0.00..1.06 rows=1 width=4) (actual time=0.001..0.001 rows=1 loops=6398)
                                   Filter: (r_name = 'AMERICA'::bpchar)
                                   Rows Removed by Filter: 4
                             ->  Hash Join  (cost=2.29..65.36 rows=18 width=10) (actual time=0.005..0.012 rows=4 loops=6398)
                                   Hash Cond: (supplier_1.s_nationkey = nation_1.n_nationkey)
                                   ->  Nested Loop  (cost=0.72..63.55 rows=18 width=10) (actual time=0.004..0.011 rows=4 loops=6398)
                                         ->  Index Scan using idx_partsupp_partkey on partsupp partsupp_1  (cost=0.43..3.75 rows=18 width=10) (actual time=0.002..0.003 rows=4 loops=6398)
                                               Index Cond: (part.p_partkey = ps_partkey)
                                         ->  Index Scan using supplier_pkey on supplier supplier_1  (cost=0.29..3.31 rows=1 width=8) (actual time=0.002..0.002 rows=1 loops=25592)
                                               Index Cond: (s_suppkey = partsupp_1.ps_suppkey)
                                   ->  Hash  (cost=1.25..1.25 rows=25 width=8) (actual time=0.008..0.008 rows=25 loops=1)
                                         Buckets: 1024  Batches: 1  Memory Usage: 1kB
                                         ->  Seq Scan on nation nation_1  (cost=0.00..1.25 rows=25 width=8) (actual time=0.001..0.005 rows=25 loops=1)
 Total runtime: 5044.083 ms
(52 rows)

query 3 run 1
SET
SET
                                                                                         QUERY PLAN                                                                                          
---------------------------------------------------------------------------------------------------------------------------------------------------------------------------------------------
 Limit  (cost=3528472.93..3528472.96 rows=10 width=24) (actual time=30706.743..30706.745 rows=10 loops=1)
   ->  Sort  (cost=3528472.93..3536383.80 rows=3164345 width=24) (actual time=30706.742..30706.744 rows=10 loops=1)
         Sort Key: (sum((lineitem.l_extendedprice * (1::numeric - lineitem.l_discount)))), orders.o_orderdate
         Sort Method: top-N heapsort  Memory: 25kB
         ->  GroupAggregate  (cost=3373073.09..3460092.58 rows=3164345 width=24) (actual time=30531.802..30688.037 rows=113934 loops=1)
               ->  Sort  (cost=3373073.09..3380983.95 rows=3164345 width=24) (actual time=30531.786..30543.794 rows=301530 loops=1)
                     Sort Key: lineitem.l_orderkey, orders.o_orderdate, orders.o_shippriority
                     Sort Method: quicksort  Memory: 31119kB
                     ->  Hash Join  (cost=635870.82..2989707.56 rows=3164345 width=24) (actual time=11107.506..30429.778 rows=301530 loops=1)
                           Hash Cond: (lineitem.l_orderkey = orders.o_orderkey)
                           ->  Seq Scan on lineitem  (cost=0.00..1874947.20 rows=32564290 width=16) (actual time=0.003..11991.092 rows=32534229 loops=1)
                                 Filter: (l_shipdate > '1995-03-07'::date)
                                 Rows Removed by Filter: 27451823
                           ->  Hash  (cost=610531.90..610531.90 rows=1457674 width=12) (actual time=11105.071..11105.071 rows=1451805 loops=1)
                                 Buckets: 131072  Batches: 4  Memory Usage: 15620kB
                                 ->  Hash Join  (cost=144445.51..610531.90 rows=1457674 width=12) (actual time=1884.060..10794.183 rows=1451805 loops=1)
                                       Hash Cond: (orders.o_custkey = customer.c_custkey)
                                       ->  Bitmap Heap Scan on orders  (cost=85975.02..437834.28 rows=7247301 width=16) (actual time=1364.176..5250.505 rows=7239437 loops=1)
                                             Recheck Cond: (o_orderdate < '1995-03-07'::date)
                                             ->  Bitmap Index Scan on idx_orders_orderdate  (cost=0.00..84163.19 rows=7247301 width=0) (actual time=1307.963..1307.963 rows=7239437 loops=1)
                                                   Index Cond: (o_orderdate < '1995-03-07'::date)
                                       ->  Hash  (cost=54698.86..54698.86 rows=301730 width=4) (actual time=519.799..519.799 rows=300276 loops=1)
                                             Buckets: 32768  Batches: 1  Memory Usage: 10557kB
                                             ->  Seq Scan on customer  (cost=0.00..54698.86 rows=301730 width=4) (actual time=0.003..465.874 rows=300276 loops=1)
                                                   Filter: (c_mktsegment = 'BUILDING'::bpchar)
                                                   Rows Removed by Filter: 1199724
 Total runtime: 30706.996 ms
(27 rows)

SET
SET
                                                                                         QUERY PLAN                                                                                          
---------------------------------------------------------------------------------------------------------------------------------------------------------------------------------------------
 Limit  (cost=3528472.93..3528472.96 rows=10 width=24) (actual time=26093.135..26093.136 rows=10 loops=1)
   ->  Sort  (cost=3528472.93..3536383.80 rows=3164345 width=24) (actual time=26093.134..26093.134 rows=10 loops=1)
         Sort Key: (sum((lineitem.l_extendedprice * (1::numeric - lineitem.l_discount)))), orders.o_orderdate
         Sort Method: top-N heapsort  Memory: 25kB
         ->  GroupAggregate  (cost=3373073.09..3460092.58 rows=3164345 width=24) (actual time=25917.222..26074.337 rows=113934 loops=1)
               ->  Sort  (cost=3373073.09..3380983.95 rows=3164345 width=24) (actual time=25917.207..25929.242 rows=301530 loops=1)
                     Sort Key: lineitem.l_orderkey, orders.o_orderdate, orders.o_shippriority
                     Sort Method: quicksort  Memory: 31119kB
                     ->  Hash Join  (cost=635870.82..2989707.56 rows=3164345 width=24) (actual time=8541.554..25816.877 rows=301530 loops=1)
                           Hash Cond: (lineitem.l_orderkey = orders.o_orderkey)
                           ->  Seq Scan on lineitem  (cost=0.00..1874947.20 rows=32564290 width=16) (actual time=0.003..10091.480 rows=32534229 loops=1)
                                 Filter: (l_shipdate > '1995-03-07'::date)
                                 Rows Removed by Filter: 27451823
                           ->  Hash  (cost=610531.90..610531.90 rows=1457674 width=12) (actual time=8540.616..8540.616 rows=1451805 loops=1)
                                 Buckets: 131072  Batches: 4  Memory Usage: 15620kB
                                 ->  Hash Join  (cost=144445.51..610531.90 rows=1457674 width=12) (actual time=1648.615..8286.110 rows=1451805 loops=1)
                                       Hash Cond: (orders.o_custkey = customer.c_custkey)
                                       ->  Bitmap Heap Scan on orders  (cost=85975.02..437834.28 rows=7247301 width=16) (actual time=1273.021..3059.561 rows=7239437 loops=1)
                                             Recheck Cond: (o_orderdate < '1995-03-07'::date)
                                             ->  Bitmap Index Scan on idx_orders_orderdate  (cost=0.00..84163.19 rows=7247301 width=0) (actual time=1216.962..1216.962 rows=7239437 loops=1)
                                                   Index Cond: (o_orderdate < '1995-03-07'::date)
                                       ->  Hash  (cost=54698.86..54698.86 rows=301730 width=4) (actual time=375.550..375.550 rows=300276 loops=1)
                                             Buckets: 32768  Batches: 1  Memory Usage: 10557kB
                                             ->  Seq Scan on customer  (cost=0.00..54698.86 rows=301730 width=4) (actual time=0.004..334.581 rows=300276 loops=1)
                                                   Filter: (c_mktsegment = 'BUILDING'::bpchar)
                                                   Rows Removed by Filter: 1199724
 Total runtime: 26093.298 ms
(27 rows)

query 4 run 1
SET
SET
                                                                              QUERY PLAN                                                                              
----------------------------------------------------------------------------------------------------------------------------------------------------------------------
 Limit  (cost=2040406.86..2040406.87 rows=1 width=16) (actual time=19183.673..19183.673 rows=1 loops=1)
   ->  Sort  (cost=2040406.86..2040406.87 rows=1 width=16) (actual time=19183.671..19183.671 rows=1 loops=1)
         Sort Key: orders.o_orderpriority
         Sort Method: top-N heapsort  Memory: 25kB
         ->  HashAggregate  (cost=2040406.84..2040406.85 rows=1 width=16) (actual time=19182.781..19182.782 rows=5 loops=1)
               ->  Nested Loop Semi Join  (cost=7913.99..2037653.35 rows=550699 width=16) (actual time=160.652..18977.836 rows=513822 loops=1)
                     ->  Bitmap Heap Scan on orders  (cost=7913.42..277444.58 rows=550877 width=20) (actual time=160.557..5120.718 rows=560424 loops=1)
                           Recheck Cond: ((o_orderdate >= '1993-12-01'::date) AND (o_orderdate < '1994-03-01'::date))
                           ->  Bitmap Index Scan on idx_orders_orderdate  (cost=0.00..7775.71 rows=550877 width=0) (actual time=111.800..111.800 rows=560424 loops=1)
                                 Index Cond: ((o_orderdate >= '1993-12-01'::date) AND (o_orderdate < '1994-03-01'::date))
                     ->  Index Scan using idx_lineitem_orderkey on lineitem  (cost=0.56..3.62 rows=1 width=4) (actual time=0.024..0.024 rows=1 loops=560424)
                           Index Cond: (l_orderkey = orders.o_orderkey)
                           Filter: (l_commitdate < l_receiptdate)
                           Rows Removed by Filter: 1
 Total runtime: 19183.727 ms
(15 rows)

SET
SET
                                                                              QUERY PLAN                                                                              
----------------------------------------------------------------------------------------------------------------------------------------------------------------------
 Limit  (cost=2040406.86..2040406.87 rows=1 width=16) (actual time=4589.510..4589.510 rows=1 loops=1)
   ->  Sort  (cost=2040406.86..2040406.87 rows=1 width=16) (actual time=4589.508..4589.508 rows=1 loops=1)
         Sort Key: orders.o_orderpriority
         Sort Method: top-N heapsort  Memory: 25kB
         ->  HashAggregate  (cost=2040406.84..2040406.85 rows=1 width=16) (actual time=4589.476..4589.478 rows=5 loops=1)
               ->  Nested Loop Semi Join  (cost=7913.99..2037653.35 rows=550699 width=16) (actual time=158.746..4444.581 rows=513822 loops=1)
                     ->  Bitmap Heap Scan on orders  (cost=7913.42..277444.58 rows=550877 width=20) (actual time=158.708..1201.048 rows=560424 loops=1)
                           Recheck Cond: ((o_orderdate >= '1993-12-01'::date) AND (o_orderdate < '1994-03-01'::date))
                           ->  Bitmap Index Scan on idx_orders_orderdate  (cost=0.00..7775.71 rows=550877 width=0) (actual time=110.189..110.189 rows=560424 loops=1)
                                 Index Cond: ((o_orderdate >= '1993-12-01'::date) AND (o_orderdate < '1994-03-01'::date))
                     ->  Index Scan using idx_lineitem_orderkey on lineitem  (cost=0.56..3.62 rows=1 width=4) (actual time=0.005..0.005 rows=1 loops=560424)
                           Index Cond: (l_orderkey = orders.o_orderkey)
                           Filter: (l_commitdate < l_receiptdate)
                           Rows Removed by Filter: 1
 Total runtime: 4589.560 ms
(15 rows)

query 5 run 1
SET
SET
                                                                                     QUERY PLAN                                                                                      
-------------------------------------------------------------------------------------------------------------------------------------------------------------------------------------
 Limit  (cost=2134269.37..2134269.37 rows=1 width=38) (actual time=24116.610..24116.610 rows=1 loops=1)
   ->  Sort  (cost=2134269.37..2134269.43 rows=25 width=38) (actual time=24116.608..24116.608 rows=1 loops=1)
         Sort Key: (sum((lineitem.l_extendedprice * (1::numeric - lineitem.l_discount))))
         Sort Method: top-N heapsort  Memory: 25kB
         ->  HashAggregate  (cost=2134269.00..2134269.25 rows=25 width=38) (actual time=24116.590..24116.591 rows=5 loops=1)
               ->  Hash Join  (cost=101177.78..2133531.20 rows=73780 width=38) (actual time=1111.782..23990.803 rows=72033 loops=1)
                     Hash Cond: ((lineitem.l_suppkey = supplier.s_suppkey) AND (customer.c_nationkey = supplier.s_nationkey))
                     ->  Nested Loop  (cost=96456.78..2091181.26 rows=1844557 width=50) (actual time=1069.691..22894.144 rows=1815327 loops=1)
                           ->  Hash Join  (cost=96456.21..405582.87 rows=461288 width=38) (actual time=1068.017..8172.300 rows=453399 loops=1)
                                 Hash Cond: (orders.o_custkey = customer.c_custkey)
                                 ->  Bitmap Heap Scan on orders  (cost=33128.96..328993.57 rows=2306441 width=8) (actual time=488.748..5607.218 rows=2276638 loops=1)
                                       Recheck Cond: ((o_orderdate >= '1993-01-01'::date) AND (o_orderdate < '1994-01-01'::date))
                                       ->  Bitmap Index Scan on idx_orders_orderdate  (cost=0.00..32552.35 rows=2306441 width=0) (actual time=433.664..433.664 rows=2276638 loops=1)
                                             Index Cond: ((o_orderdate >= '1993-01-01'::date) AND (o_orderdate < '1994-01-01'::date))
                                 ->  Hash  (cost=59576.88..59576.88 rows=300030 width=38) (actual time=579.096..579.096 rows=299436 loops=1)
                                       Buckets: 32768  Batches: 1  Memory Usage: 21055kB
                                       ->  Hash Join  (cost=2.53..59576.88 rows=300030 width=38) (actual time=0.026..522.948 rows=299436 loops=1)
                                             Hash Cond: (customer.c_nationkey = nation.n_nationkey)
                                             ->  Seq Scan on customer  (cost=0.00..50948.49 rows=1500149 width=8) (actual time=0.003..357.117 rows=1500000 loops=1)
                                             ->  Hash  (cost=2.47..2.47 rows=5 width=30) (actual time=0.020..0.020 rows=5 loops=1)
                                                   Buckets: 1024  Batches: 1  Memory Usage: 1kB
                                                   ->  Hash Join  (cost=1.07..2.47 rows=5 width=30) (actual time=0.014..0.020 rows=5 loops=1)
                                                         Hash Cond: (nation.n_regionkey = region.r_regionkey)
                                                         ->  Seq Scan on nation  (cost=0.00..1.25 rows=25 width=34) (actual time=0.001..0.001 rows=25 loops=1)
                                                         ->  Hash  (cost=1.06..1.06 rows=1 width=4) (actual time=0.009..0.009 rows=1 loops=1)
                                                               Buckets: 1024  Batches: 1  Memory Usage: 1kB
                                                               ->  Seq Scan on region  (cost=0.00..1.06 rows=1 width=4) (actual time=0.006..0.007 rows=1 loops=1)
                                                                     Filter: (r_name = 'AMERICA'::bpchar)
                                                                     Rows Removed by Filter: 4
                           ->  Index Scan using idx_lineitem_orderkey on lineitem  (cost=0.56..3.61 rows=4 width=20) (actual time=0.029..0.031 rows=4 loops=453399)
                                 Index Cond: (l_orderkey = orders.o_orderkey)
                     ->  Hash  (cost=3221.00..3221.00 rows=100000 width=8) (actual time=41.077..41.077 rows=100000 loops=1)
                           Buckets: 16384  Batches: 1  Memory Usage: 3907kB
                           ->  Seq Scan on supplier  (cost=0.00..3221.00 rows=100000 width=8) (actual time=0.003..28.275 rows=100000 loops=1)
 Total runtime: 24116.851 ms
(35 rows)

SET
SET
                                                                                     QUERY PLAN                                                                                      
-------------------------------------------------------------------------------------------------------------------------------------------------------------------------------------
 Limit  (cost=2134269.37..2134269.37 rows=1 width=38) (actual time=8060.265..8060.265 rows=1 loops=1)
   ->  Sort  (cost=2134269.37..2134269.43 rows=25 width=38) (actual time=8060.263..8060.263 rows=1 loops=1)
         Sort Key: (sum((lineitem.l_extendedprice * (1::numeric - lineitem.l_discount))))
         Sort Method: top-N heapsort  Memory: 25kB
         ->  HashAggregate  (cost=2134269.00..2134269.25 rows=25 width=38) (actual time=8060.244..8060.245 rows=5 loops=1)
               ->  Hash Join  (cost=101177.78..2133531.20 rows=73780 width=38) (actual time=956.515..7977.708 rows=72033 loops=1)
                     Hash Cond: ((lineitem.l_suppkey = supplier.s_suppkey) AND (customer.c_nationkey = supplier.s_nationkey))
                     ->  Nested Loop  (cost=96456.78..2091181.26 rows=1844557 width=50) (actual time=921.266..6980.286 rows=1815327 loops=1)
                           ->  Hash Join  (cost=96456.21..405582.87 rows=461288 width=38) (actual time=921.247..3953.496 rows=453399 loops=1)
                                 Hash Cond: (orders.o_custkey = customer.c_custkey)
                                 ->  Bitmap Heap Scan on orders  (cost=33128.96..328993.57 rows=2306441 width=8) (actual time=460.170..1689.756 rows=2276638 loops=1)
                                       Recheck Cond: ((o_orderdate >= '1993-01-01'::date) AND (o_orderdate < '1994-01-01'::date))
                                       ->  Bitmap Index Scan on idx_orders_orderdate  (cost=0.00..32552.35 rows=2306441 width=0) (actual time=404.647..404.647 rows=2276638 loops=1)
                                             Index Cond: ((o_orderdate >= '1993-01-01'::date) AND (o_orderdate < '1994-01-01'::date))
                                 ->  Hash  (cost=59576.88..59576.88 rows=300030 width=38) (actual time=461.001..461.001 rows=299436 loops=1)
                                       Buckets: 32768  Batches: 1  Memory Usage: 21055kB
                                       ->  Hash Join  (cost=2.53..59576.88 rows=300030 width=38) (actual time=0.024..409.240 rows=299436 loops=1)
                                             Hash Cond: (customer.c_nationkey = nation.n_nationkey)
                                             ->  Seq Scan on customer  (cost=0.00..50948.49 rows=1500149 width=8) (actual time=0.003..250.009 rows=1500000 loops=1)
                                             ->  Hash  (cost=2.47..2.47 rows=5 width=30) (actual time=0.018..0.018 rows=5 loops=1)
                                                   Buckets: 1024  Batches: 1  Memory Usage: 1kB
                                                   ->  Hash Join  (cost=1.07..2.47 rows=5 width=30) (actual time=0.013..0.018 rows=5 loops=1)
                                                         Hash Cond: (nation.n_regionkey = region.r_regionkey)
                                                         ->  Seq Scan on nation  (cost=0.00..1.25 rows=25 width=34) (actual time=0.001..0.003 rows=25 loops=1)
                                                         ->  Hash  (cost=1.06..1.06 rows=1 width=4) (actual time=0.008..0.008 rows=1 loops=1)
                                                               Buckets: 1024  Batches: 1  Memory Usage: 1kB
                                                               ->  Seq Scan on region  (cost=0.00..1.06 rows=1 width=4) (actual time=0.006..0.007 rows=1 loops=1)
                                                                     Filter: (r_name = 'AMERICA'::bpchar)
                                                                     Rows Removed by Filter: 4
                           ->  Index Scan using idx_lineitem_orderkey on lineitem  (cost=0.56..3.61 rows=4 width=20) (actual time=0.005..0.006 rows=4 loops=453399)
                                 Index Cond: (l_orderkey = orders.o_orderkey)
                     ->  Hash  (cost=3221.00..3221.00 rows=100000 width=8) (actual time=34.721..34.721 rows=100000 loops=1)
                           Buckets: 16384  Batches: 1  Memory Usage: 3907kB
                           ->  Seq Scan on supplier  (cost=0.00..3221.00 rows=100000 width=8) (actual time=0.002..21.291 rows=100000 loops=1)
 Total runtime: 8060.452 ms
(35 rows)

query 6 run 1
SET
SET
                                                                                                         QUERY PLAN                                                                                                          
-----------------------------------------------------------------------------------------------------------------------------------------------------------------------------------------------------------------------------
 Limit  (cost=1079197.31..1079197.32 rows=1 width=12) (actual time=15193.511..15193.511 rows=1 loops=1)
   ->  Aggregate  (cost=1079197.31..1079197.32 rows=1 width=12) (actual time=15193.509..15193.509 rows=1 loops=1)
         ->  Bitmap Heap Scan on lineitem  (cost=212033.54..1073363.39 rows=1166783 width=12) (actual time=1377.486..14425.583 rows=1194558 loops=1)
               Recheck Cond: ((l_shipdate >= '1993-01-01'::date) AND (l_shipdate < '1994-01-01 00:00:00'::timestamp without time zone) AND (l_discount >= 0.06) AND (l_discount <= 0.08) AND (l_quantity < 25::numeric))
               Rows Removed by Index Recheck: 21866393
               ->  Bitmap Index Scan on idx_lineitem_shipdate  (cost=0.00..211741.85 rows=1166783 width=0) (actual time=1325.938..1325.938 rows=1194558 loops=1)
                     Index Cond: ((l_shipdate >= '1993-01-01'::date) AND (l_shipdate < '1994-01-01 00:00:00'::timestamp without time zone) AND (l_discount >= 0.06) AND (l_discount <= 0.08) AND (l_quantity < 25::numeric))
 Total runtime: 15193.538 ms
(8 rows)

SET
SET
                                                                                                         QUERY PLAN                                                                                                          
-----------------------------------------------------------------------------------------------------------------------------------------------------------------------------------------------------------------------------
 Limit  (cost=1079197.31..1079197.32 rows=1 width=12) (actual time=8553.371..8553.372 rows=1 loops=1)
   ->  Aggregate  (cost=1079197.31..1079197.32 rows=1 width=12) (actual time=8553.370..8553.370 rows=1 loops=1)
         ->  Bitmap Heap Scan on lineitem  (cost=212033.54..1073363.39 rows=1166783 width=12) (actual time=1234.286..8083.670 rows=1194558 loops=1)
               Recheck Cond: ((l_shipdate >= '1993-01-01'::date) AND (l_shipdate < '1994-01-01 00:00:00'::timestamp without time zone) AND (l_discount >= 0.06) AND (l_discount <= 0.08) AND (l_quantity < 25::numeric))
               Rows Removed by Index Recheck: 21866393
               ->  Bitmap Index Scan on idx_lineitem_shipdate  (cost=0.00..211741.85 rows=1166783 width=0) (actual time=1183.485..1183.485 rows=1194558 loops=1)
                     Index Cond: ((l_shipdate >= '1993-01-01'::date) AND (l_shipdate < '1994-01-01 00:00:00'::timestamp without time zone) AND (l_discount >= 0.06) AND (l_discount <= 0.08) AND (l_quantity < 25::numeric))
 Total runtime: 8553.399 ms
(8 rows)

query 7 run 1
SET
SET
                                                                                                      QUERY PLAN                                                                                                       
-----------------------------------------------------------------------------------------------------------------------------------------------------------------------------------------------------------------------
 Limit  (cost=2603338.72..2603338.72 rows=1 width=68) (actual time=42066.664..42066.664 rows=1 loops=1)
   ->  Sort  (cost=2603338.72..2603484.39 rows=58268 width=68) (actual time=42066.663..42066.663 rows=1 loops=1)
         Sort Key: n1.n_name, n2.n_name, (date_part('year'::text, (lineitem.l_shipdate)::timestamp without time zone))
         Sort Method: top-N heapsort  Memory: 25kB
         ->  HashAggregate  (cost=2602173.36..2603047.38 rows=58268 width=68) (actual time=42065.720..42065.822 rows=4 loops=1)
               ->  Hash Join  (cost=863451.15..2601299.34 rows=58268 width=68) (actual time=11658.216..41989.472 rows=57794 loops=1)
                     Hash Cond: ((lineitem.l_suppkey = supplier.s_suppkey) AND (n1.n_nationkey = supplier.s_nationkey))
                     ->  Hash Join  (cost=858730.15..2566570.12 rows=1456710 width=76) (actual time=11614.160..41211.349 rows=1448126 loops=1)
                           Hash Cond: (lineitem.l_orderkey = orders.o_orderkey)
                           ->  Bitmap Heap Scan on lineitem  (cost=292047.53..1690542.43 rows=18223460 width=24) (actual time=3110.058..26337.865 rows=18230325 loops=1)
                                 Recheck Cond: ((l_shipdate >= '1995-01-01'::date) AND (l_shipdate <= '1996-12-31'::date))
                                 Rows Removed by Index Recheck: 30957726
                                 ->  Bitmap Index Scan on idx_lineitem_shipdate  (cost=0.00..287491.66 rows=18223460 width=0) (actual time=3051.115..3051.115 rows=18230325 loops=1)
                                       Index Cond: ((l_shipdate >= '1995-01-01'::date) AND (l_shipdate <= '1996-12-31'::date))
                           ->  Hash  (cost=538811.69..538811.69 rows=1199114 width=60) (actual time=8503.021..8503.021 rows=1191175 loops=1)
                                 Buckets: 65536  Batches: 4  Memory Usage: 26805kB
                                 ->  Hash Join  (cost=59289.77..538811.69 rows=1199114 width=60) (actual time=515.726..8219.684 rows=1191175 loops=1)
                                       Hash Cond: (orders.o_custkey = customer.c_custkey)
                                       ->  Seq Scan on orders  (cost=0.00..411277.29 rows=15000929 width=8) (actual time=0.003..1584.078 rows=15000000 loops=1)
                                       ->  Hash  (cost=57790.82..57790.82 rows=119916 width=60) (actual time=515.706..515.706 rows=119622 loops=1)
                                             Buckets: 16384  Batches: 1  Memory Usage: 10748kB
                                             ->  Hash Join  (cost=16.65..57790.82 rows=119916 width=60) (actual time=0.129..489.956 rows=119622 loops=1)
                                                   Hash Cond: (customer.c_nationkey = n2.n_nationkey)
                                                   ->  Seq Scan on customer  (cost=0.00..50948.49 rows=1500149 width=8) (actual time=0.001..348.961 rows=1500000 loops=1)
                                                   ->  Hash  (cost=16.62..16.62 rows=2 width=60) (actual time=0.124..0.124 rows=2 loops=1)
                                                         Buckets: 1024  Batches: 1  Memory Usage: 1kB
                                                         ->  Nested Loop  (cost=0.00..16.62 rows=2 width=60) (actual time=0.081..0.123 rows=2 loops=1)
                                                               Join Filter: (((n1.n_name = 'PERU'::bpchar) AND (n2.n_name = 'MOROCCO'::bpchar)) OR ((n1.n_name = 'MOROCCO'::bpchar) AND (n2.n_name = 'PERU'::bpchar)))
                                                               Rows Removed by Join Filter: 623
                                                               ->  Seq Scan on nation n1  (cost=0.00..1.25 rows=25 width=30) (actual time=0.002..0.004 rows=25 loops=1)
                                                               ->  Materialize  (cost=0.00..1.38 rows=25 width=30) (actual time=0.000..0.001 rows=25 loops=25)
                                                                     ->  Seq Scan on nation n2  (cost=0.00..1.25 rows=25 width=30) (actual time=0.001..0.001 rows=25 loops=1)
                     ->  Hash  (cost=3221.00..3221.00 rows=100000 width=8) (actual time=40.421..40.421 rows=100000 loops=1)
                           Buckets: 16384  Batches: 1  Memory Usage: 3907kB
                           ->  Seq Scan on supplier  (cost=0.00..3221.00 rows=100000 width=8) (actual time=0.002..27.681 rows=100000 loops=1)
 Total runtime: 42066.806 ms
(36 rows)

SET
SET
                                                                                                      QUERY PLAN                                                                                                       
-----------------------------------------------------------------------------------------------------------------------------------------------------------------------------------------------------------------------
 Limit  (cost=2603338.72..2603338.72 rows=1 width=68) (actual time=27948.529..27948.529 rows=1 loops=1)
   ->  Sort  (cost=2603338.72..2603484.39 rows=58268 width=68) (actual time=27948.528..27948.528 rows=1 loops=1)
         Sort Key: n1.n_name, n2.n_name, (date_part('year'::text, (lineitem.l_shipdate)::timestamp without time zone))
         Sort Method: top-N heapsort  Memory: 25kB
         ->  HashAggregate  (cost=2602173.36..2603047.38 rows=58268 width=68) (actual time=27948.394..27948.467 rows=4 loops=1)
               ->  Hash Join  (cost=863451.15..2601299.34 rows=58268 width=68) (actual time=10265.390..27887.381 rows=57794 loops=1)
                     Hash Cond: ((lineitem.l_suppkey = supplier.s_suppkey) AND (n1.n_nationkey = supplier.s_nationkey))
                     ->  Hash Join  (cost=858730.15..2566570.12 rows=1456710 width=76) (actual time=10229.948..27166.089 rows=1448126 loops=1)
                           Hash Cond: (lineitem.l_orderkey = orders.o_orderkey)
                           ->  Bitmap Heap Scan on lineitem  (cost=292047.53..1690542.43 rows=18223460 width=24) (actual time=2763.949..14381.370 rows=18230325 loops=1)
                                 Recheck Cond: ((l_shipdate >= '1995-01-01'::date) AND (l_shipdate <= '1996-12-31'::date))
                                 Rows Removed by Index Recheck: 30957726
                                 ->  Bitmap Index Scan on idx_lineitem_shipdate  (cost=0.00..287491.66 rows=18223460 width=0) (actual time=2705.196..2705.196 rows=18230325 loops=1)
                                       Index Cond: ((l_shipdate >= '1995-01-01'::date) AND (l_shipdate <= '1996-12-31'::date))
                           ->  Hash  (cost=538811.69..538811.69 rows=1199114 width=60) (actual time=7465.473..7465.473 rows=1191175 loops=1)
                                 Buckets: 65536  Batches: 4  Memory Usage: 26805kB
                                 ->  Hash Join  (cost=59289.77..538811.69 rows=1199114 width=60) (actual time=387.146..7192.423 rows=1191175 loops=1)
                                       Hash Cond: (orders.o_custkey = customer.c_custkey)
                                       ->  Seq Scan on orders  (cost=0.00..411277.29 rows=15000929 width=8) (actual time=0.003..1191.387 rows=15000000 loops=1)
                                       ->  Hash  (cost=57790.82..57790.82 rows=119916 width=60) (actual time=387.127..387.127 rows=119622 loops=1)
                                             Buckets: 16384  Batches: 1  Memory Usage: 10748kB
                                             ->  Hash Join  (cost=16.65..57790.82 rows=119916 width=60) (actual time=0.128..363.915 rows=119622 loops=1)
                                                   Hash Cond: (customer.c_nationkey = n2.n_nationkey)
                                                   ->  Seq Scan on customer  (cost=0.00..50948.49 rows=1500149 width=8) (actual time=0.001..227.378 rows=1500000 loops=1)
                                                   ->  Hash  (cost=16.62..16.62 rows=2 width=60) (actual time=0.123..0.123 rows=2 loops=1)
                                                         Buckets: 1024  Batches: 1  Memory Usage: 1kB
                                                         ->  Nested Loop  (cost=0.00..16.62 rows=2 width=60) (actual time=0.081..0.122 rows=2 loops=1)
                                                               Join Filter: (((n1.n_name = 'PERU'::bpchar) AND (n2.n_name = 'MOROCCO'::bpchar)) OR ((n1.n_name = 'MOROCCO'::bpchar) AND (n2.n_name = 'PERU'::bpchar)))
                                                               Rows Removed by Join Filter: 623
                                                               ->  Seq Scan on nation n1  (cost=0.00..1.25 rows=25 width=30) (actual time=0.001..0.002 rows=25 loops=1)
                                                               ->  Materialize  (cost=0.00..1.38 rows=25 width=30) (actual time=0.000..0.001 rows=25 loops=25)
                                                                     ->  Seq Scan on nation n2  (cost=0.00..1.25 rows=25 width=30) (actual time=0.000..0.000 rows=25 loops=1)
                     ->  Hash  (cost=3221.00..3221.00 rows=100000 width=8) (actual time=33.569..33.569 rows=100000 loops=1)
                           Buckets: 16384  Batches: 1  Memory Usage: 3907kB
                           ->  Seq Scan on supplier  (cost=0.00..3221.00 rows=100000 width=8) (actual time=0.002..20.247 rows=100000 loops=1)
 Total runtime: 27948.678 ms
(36 rows)

query 8 run 1
SET
SET
                                                                                           QUERY PLAN                                                                                            
-------------------------------------------------------------------------------------------------------------------------------------------------------------------------------------------------
 Limit  (cost=1224646.39..1224646.39 rows=1 width=42) (actual time=63820.216..63820.216 rows=1 loops=1)
   ->  Sort  (cost=1224646.39..1224648.22 rows=735 width=42) (actual time=63820.215..63820.215 rows=1 loops=1)
         Sort Key: (date_part('year'::text, (orders.o_orderdate)::timestamp without time zone))
         Sort Method: quicksort  Memory: 25kB
         ->  HashAggregate  (cost=1224629.85..1224642.71 rows=735 width=42) (actual time=63820.201..63820.203 rows=2 loops=1)
               ->  Nested Loop  (cost=504991.16..1224141.25 rows=24430 width=42) (actual time=10164.710..63767.923 rows=23842 loops=1)
                     Join Filter: (supplier.s_nationkey = n2.n_nationkey)
                     Rows Removed by Join Filter: 572208
                     ->  Hash Join  (cost=504991.16..1214856.54 rows=24430 width=20) (actual time=10164.693..63656.075 rows=23842 loops=1)
                           Hash Cond: (lineitem.l_suppkey = supplier.s_suppkey)
                           ->  Hash Join  (cost=500520.16..1209896.94 rows=24430 width=20) (actual time=10124.647..63594.276 rows=23842 loops=1)
                                 Hash Cond: (lineitem.l_orderkey = orders.o_orderkey)
                                 ->  Nested Loop  (cost=0.56..699365.43 rows=399897 width=20) (actual time=1.203..52999.423 rows=389521 loops=1)
                                       ->  Seq Scan on part  (cost=0.00..65980.26 rows=13333 width=4) (actual time=0.829..480.648 rows=13011 loops=1)
                                             Filter: ((p_type)::text = 'LARGE POLISHED BRASS'::text)
                                             Rows Removed by Filter: 1986989
                                       ->  Index Scan using idx_lineitem_part_supp on lineitem  (cost=0.56..47.21 rows=30 width=24) (actual time=0.300..4.016 rows=30 loops=13011)
                                             Index Cond: (l_partkey = part.p_partkey)
                                 ->  Hash  (cost=485484.53..485484.53 rows=916405 width=8) (actual time=10111.703..10111.703 rows=910360 loops=1)
                                       Buckets: 131072  Batches: 2  Memory Usage: 17786kB
                                       ->  Hash Join  (cost=129139.47..485484.53 rows=916405 width=8) (actual time=1481.764..9867.884 rows=910360 loops=1)
                                             Hash Cond: (orders.o_custkey = customer.c_custkey)
                                             ->  Bitmap Heap Scan on orders  (cost=65812.21..395810.62 rows=4582027 width=12) (actual time=918.903..5401.988 rows=4557513 loops=1)
                                                   Recheck Cond: ((o_orderdate >= '1995-01-01'::date) AND (o_orderdate <= '1996-12-31'::date))
                                                   ->  Bitmap Index Scan on idx_orders_orderdate  (cost=0.00..64666.71 rows=4582027 width=0) (actual time=863.288..863.288 rows=4557513 loops=1)
                                                         Index Cond: ((o_orderdate >= '1995-01-01'::date) AND (o_orderdate <= '1996-12-31'::date))
                                             ->  Hash  (cost=59576.88..59576.88 rows=300030 width=4) (actual time=562.830..562.830 rows=299436 loops=1)
                                                   Buckets: 32768  Batches: 1  Memory Usage: 10528kB
                                                   ->  Hash Join  (cost=2.53..59576.88 rows=300030 width=4) (actual time=0.021..519.480 rows=299436 loops=1)
                                                         Hash Cond: (customer.c_nationkey = n1.n_nationkey)
                                                         ->  Seq Scan on customer  (cost=0.00..50948.49 rows=1500149 width=8) (actual time=0.002..357.974 rows=1500000 loops=1)
                                                         ->  Hash  (cost=2.47..2.47 rows=5 width=4) (actual time=0.015..0.015 rows=5 loops=1)
                                                               Buckets: 1024  Batches: 1  Memory Usage: 1kB
                                                               ->  Hash Join  (cost=1.07..2.47 rows=5 width=4) (actual time=0.010..0.015 rows=5 loops=1)
                                                                     Hash Cond: (n1.n_regionkey = region.r_regionkey)
                                                                     ->  Seq Scan on nation n1  (cost=0.00..1.25 rows=25 width=8) (actual time=0.000..0.001 rows=25 loops=1)
                                                                     ->  Hash  (cost=1.06..1.06 rows=1 width=4) (actual time=0.005..0.005 rows=1 loops=1)
                                                                           Buckets: 1024  Batches: 1  Memory Usage: 1kB
                                                                           ->  Seq Scan on region  (cost=0.00..1.06 rows=1 width=4) (actual time=0.004..0.005 rows=1 loops=1)
                                                                                 Filter: (r_name = 'AMERICA'::bpchar)
                                                                                 Rows Removed by Filter: 4
                           ->  Hash  (cost=3221.00..3221.00 rows=100000 width=8) (actual time=40.034..40.034 rows=100000 loops=1)
                                 Buckets: 16384  Batches: 1  Memory Usage: 3907kB
                                 ->  Seq Scan on supplier  (cost=0.00..3221.00 rows=100000 width=8) (actual time=0.002..28.200 rows=100000 loops=1)
                     ->  Materialize  (cost=0.00..1.38 rows=25 width=30) (actual time=0.000..0.001 rows=25 loops=23842)
                           ->  Seq Scan on nation n2  (cost=0.00..1.25 rows=25 width=30) (actual time=0.002..0.005 rows=25 loops=1)
 Total runtime: 63820.520 ms
(47 rows)

SET
SET
                                                                                           QUERY PLAN                                                                                            
-------------------------------------------------------------------------------------------------------------------------------------------------------------------------------------------------
 Limit  (cost=1224646.39..1224646.39 rows=1 width=42) (actual time=8129.752..8129.752 rows=1 loops=1)
   ->  Sort  (cost=1224646.39..1224648.22 rows=735 width=42) (actual time=8129.751..8129.751 rows=1 loops=1)
         Sort Key: (date_part('year'::text, (orders.o_orderdate)::timestamp without time zone))
         Sort Method: quicksort  Memory: 25kB
         ->  HashAggregate  (cost=1224629.85..1224642.71 rows=735 width=42) (actual time=8129.735..8129.737 rows=2 loops=1)
               ->  Nested Loop  (cost=504991.16..1224141.25 rows=24430 width=42) (actual time=6241.810..8104.277 rows=23842 loops=1)
                     Join Filter: (supplier.s_nationkey = n2.n_nationkey)
                     Rows Removed by Join Filter: 572208
                     ->  Hash Join  (cost=504991.16..1214856.54 rows=24430 width=20) (actual time=6241.795..8029.217 rows=23842 loops=1)
                           Hash Cond: (lineitem.l_suppkey = supplier.s_suppkey)
                           ->  Hash Join  (cost=500520.16..1209896.94 rows=24430 width=20) (actual time=6209.201..7979.771 rows=23842 loops=1)
                                 Hash Cond: (lineitem.l_orderkey = orders.o_orderkey)
                                 ->  Nested Loop  (cost=0.56..699365.43 rows=399897 width=20) (actual time=0.080..1543.057 rows=389521 loops=1)
                                       ->  Seq Scan on part  (cost=0.00..65980.26 rows=13333 width=4) (actual time=0.054..271.907 rows=13011 loops=1)
                                             Filter: ((p_type)::text = 'LARGE POLISHED BRASS'::text)
                                             Rows Removed by Filter: 1986989
                                       ->  Index Scan using idx_lineitem_part_supp on lineitem  (cost=0.56..47.21 rows=30 width=24) (actual time=0.008..0.092 rows=30 loops=13011)
                                             Index Cond: (l_partkey = part.p_partkey)
                                 ->  Hash  (cost=485484.53..485484.53 rows=916405 width=8) (actual time=6208.623..6208.623 rows=910360 loops=1)
                                       Buckets: 131072  Batches: 2  Memory Usage: 17786kB
                                       ->  Hash Join  (cost=129139.47..485484.53 rows=916405 width=8) (actual time=1283.239..6039.678 rows=910360 loops=1)
                                             Hash Cond: (orders.o_custkey = customer.c_custkey)
                                             ->  Bitmap Heap Scan on orders  (cost=65812.21..395810.62 rows=4582027 width=12) (actual time=852.715..2467.441 rows=4557513 loops=1)
                                                   Recheck Cond: ((o_orderdate >= '1995-01-01'::date) AND (o_orderdate <= '1996-12-31'::date))
                                                   ->  Bitmap Index Scan on idx_orders_orderdate  (cost=0.00..64666.71 rows=4582027 width=0) (actual time=797.449..797.449 rows=4557513 loops=1)
                                                         Index Cond: ((o_orderdate >= '1995-01-01'::date) AND (o_orderdate <= '1996-12-31'::date))
                                             ->  Hash  (cost=59576.88..59576.88 rows=300030 width=4) (actual time=430.489..430.489 rows=299436 loops=1)
                                                   Buckets: 32768  Batches: 1  Memory Usage: 10528kB
                                                   ->  Hash Join  (cost=2.53..59576.88 rows=300030 width=4) (actual time=0.022..390.216 rows=299436 loops=1)
                                                         Hash Cond: (customer.c_nationkey = n1.n_nationkey)
                                                         ->  Seq Scan on customer  (cost=0.00..50948.49 rows=1500149 width=8) (actual time=0.002..232.914 rows=1500000 loops=1)
                                                         ->  Hash  (cost=2.47..2.47 rows=5 width=4) (actual time=0.016..0.016 rows=5 loops=1)
                                                               Buckets: 1024  Batches: 1  Memory Usage: 1kB
                                                               ->  Hash Join  (cost=1.07..2.47 rows=5 width=4) (actual time=0.010..0.015 rows=5 loops=1)
                                                                     Hash Cond: (n1.n_regionkey = region.r_regionkey)
                                                                     ->  Seq Scan on nation n1  (cost=0.00..1.25 rows=25 width=8) (actual time=0.001..0.002 rows=25 loops=1)
                                                                     ->  Hash  (cost=1.06..1.06 rows=1 width=4) (actual time=0.004..0.004 rows=1 loops=1)
                                                                           Buckets: 1024  Batches: 1  Memory Usage: 1kB
                                                                           ->  Seq Scan on region  (cost=0.00..1.06 rows=1 width=4) (actual time=0.003..0.003 rows=1 loops=1)
                                                                                 Filter: (r_name = 'AMERICA'::bpchar)
                                                                                 Rows Removed by Filter: 4
                           ->  Hash  (cost=3221.00..3221.00 rows=100000 width=8) (actual time=32.582..32.582 rows=100000 loops=1)
                                 Buckets: 16384  Batches: 1  Memory Usage: 3907kB
                                 ->  Seq Scan on supplier  (cost=0.00..3221.00 rows=100000 width=8) (actual time=0.002..20.688 rows=100000 loops=1)
                     ->  Materialize  (cost=0.00..1.38 rows=25 width=30) (actual time=0.000..0.001 rows=25 loops=23842)
                           ->  Seq Scan on nation n2  (cost=0.00..1.25 rows=25 width=30) (actual time=0.001..0.004 rows=25 loops=1)
 Total runtime: 8130.065 ms
(47 rows)

query 9 run 1
SET
SET
                                                                                      QUERY PLAN                                                                                      
--------------------------------------------------------------------------------------------------------------------------------------------------------------------------------------
 Limit  (cost=1171411.46..1171411.50 rows=1 width=53) (actual time=216217.910..216217.910 rows=1 loops=1)
   ->  GroupAggregate  (cost=1171411.46..1171414.05 rows=74 width=53) (actual time=216217.910..216217.910 rows=1 loops=1)
         ->  Sort  (cost=1171411.46..1171411.65 rows=74 width=53) (actual time=216191.373..216209.095 rows=11401 loops=1)
               Sort Key: nation.n_name, (date_part('year'::text, (orders.o_orderdate)::timestamp without time zone))
               Sort Method: external merge  Disk: 239496kB
               ->  Nested Loop  (cost=1.73..1171409.16 rows=74 width=53) (actual time=1.232..192227.650 rows=3248192 loops=1)
                     Join Filter: (supplier.s_nationkey = nation.n_nationkey)
                     Rows Removed by Join Filter: 77956608
                     ->  Nested Loop  (cost=1.73..1171379.73 rows=74 width=31) (actual time=1.207..179043.757 rows=3248192 loops=1)
                           ->  Nested Loop  (cost=1.29..1171125.53 rows=74 width=31) (actual time=0.284..129699.848 rows=3248192 loops=1)
                                 ->  Nested Loop  (cost=1.00..1170882.02 rows=74 width=35) (actual time=0.276..121801.753 rows=3248192 loops=1)
                                       ->  Nested Loop  (cost=0.43..304914.65 rows=242417 width=18) (actual time=0.060..2460.652 rows=433248 loops=1)
                                             ->  Seq Scan on part  (cost=0.00..65980.26 rows=60604 width=4) (actual time=0.007..662.279 rows=108312 loops=1)
                                                   Filter: ((p_name)::text ~~ '%navy%'::text)
                                                   Rows Removed by Filter: 1891688
                                             ->  Index Scan using idx_partsupp_partkey on partsupp  (cost=0.43..3.76 rows=18 width=14) (actual time=0.013..0.015 rows=4 loops=108312)
                                                   Index Cond: (ps_partkey = part.p_partkey)
                                       ->  Index Scan using idx_lineitem_part_supp on lineitem  (cost=0.56..3.56 rows=1 width=29) (actual time=0.040..0.273 rows=7 loops=433248)
                                             Index Cond: ((l_partkey = partsupp.ps_partkey) AND (l_suppkey = partsupp.ps_suppkey))
                                 ->  Index Scan using supplier_pkey on supplier  (cost=0.29..3.28 rows=1 width=8) (actual time=0.002..0.002 rows=1 loops=3248192)
                                       Index Cond: (s_suppkey = lineitem.l_suppkey)
                           ->  Index Scan using orders_pkey on orders  (cost=0.43..3.43 rows=1 width=8) (actual time=0.014..0.015 rows=1 loops=3248192)
                                 Index Cond: (o_orderkey = lineitem.l_orderkey)
                     ->  Materialize  (cost=0.00..1.38 rows=25 width=30) (actual time=0.000..0.001 rows=25 loops=3248192)
                           ->  Seq Scan on nation  (cost=0.00..1.25 rows=25 width=30) (actual time=0.003..0.008 rows=25 loops=1)
 Total runtime: 216248.420 ms
(26 rows)

SET
SET
                                                                                      QUERY PLAN                                                                                      
--------------------------------------------------------------------------------------------------------------------------------------------------------------------------------------
 Limit  (cost=1171411.46..1171411.50 rows=1 width=53) (actual time=95322.288..95322.288 rows=1 loops=1)
   ->  GroupAggregate  (cost=1171411.46..1171414.05 rows=74 width=53) (actual time=95322.287..95322.287 rows=1 loops=1)
         ->  Sort  (cost=1171411.46..1171411.65 rows=74 width=53) (actual time=95295.792..95313.595 rows=11401 loops=1)
               Sort Key: nation.n_name, (date_part('year'::text, (orders.o_orderdate)::timestamp without time zone))
               Sort Method: external merge  Disk: 239496kB
               ->  Nested Loop  (cost=1.73..1171409.16 rows=74 width=53) (actual time=0.149..73929.819 rows=3248192 loops=1)
                     Join Filter: (supplier.s_nationkey = nation.n_nationkey)
                     Rows Removed by Join Filter: 77956608
                     ->  Nested Loop  (cost=1.73..1171379.73 rows=74 width=31) (actual time=0.135..62837.555 rows=3248192 loops=1)
                           ->  Nested Loop  (cost=1.29..1171125.53 rows=74 width=31) (actual time=0.116..41031.569 rows=3248192 loops=1)
                                 ->  Nested Loop  (cost=1.00..1170882.02 rows=74 width=35) (actual time=0.111..35148.676 rows=3248192 loops=1)
                                       ->  Nested Loop  (cost=0.43..304914.65 rows=242417 width=18) (actual time=0.091..1929.326 rows=433248 loops=1)
                                             ->  Seq Scan on part  (cost=0.00..65980.26 rows=60604 width=4) (actual time=0.008..573.299 rows=108312 loops=1)
                                                   Filter: ((p_name)::text ~~ '%navy%'::text)
                                                   Rows Removed by Filter: 1891688
                                             ->  Index Scan using idx_partsupp_partkey on partsupp  (cost=0.43..3.76 rows=18 width=14) (actual time=0.010..0.011 rows=4 loops=108312)
                                                   Index Cond: (ps_partkey = part.p_partkey)
                                       ->  Index Scan using idx_lineitem_part_supp on lineitem  (cost=0.56..3.56 rows=1 width=29) (actual time=0.013..0.075 rows=7 loops=433248)
                                             Index Cond: ((l_partkey = partsupp.ps_partkey) AND (l_suppkey = partsupp.ps_suppkey))
                                 ->  Index Scan using supplier_pkey on supplier  (cost=0.29..3.28 rows=1 width=8) (actual time=0.001..0.001 rows=1 loops=3248192)
                                       Index Cond: (s_suppkey = lineitem.l_suppkey)
                           ->  Index Scan using orders_pkey on orders  (cost=0.43..3.43 rows=1 width=8) (actual time=0.006..0.006 rows=1 loops=3248192)
                                 Index Cond: (o_orderkey = lineitem.l_orderkey)
                     ->  Materialize  (cost=0.00..1.38 rows=25 width=30) (actual time=0.000..0.001 rows=25 loops=3248192)
                           ->  Seq Scan on nation  (cost=0.00..1.25 rows=25 width=30) (actual time=0.001..0.003 rows=25 loops=1)
 Total runtime: 95351.100 ms
(26 rows)

query 10 run 1
SET
SET
                                                                                          QUERY PLAN                                                                                          
----------------------------------------------------------------------------------------------------------------------------------------------------------------------------------------------
 Limit  (cost=2660106.29..2660106.34 rows=20 width=182) (actual time=30208.302..30208.305 rows=20 loops=1)
   ->  Sort  (cost=2660106.29..2661587.41 rows=592449 width=182) (actual time=30208.300..30208.302 rows=20 loops=1)
         Sort Key: (sum((lineitem.l_extendedprice * (1::numeric - lineitem.l_discount))))
         Sort Method: top-N heapsort  Memory: 30kB
         ->  GroupAggregate  (cost=2622124.60..2644341.43 rows=592449 width=182) (actual time=28665.076..30105.246 rows=381205 loops=1)
               ->  Sort  (cost=2622124.60..2623605.72 rows=592449 width=182) (actual time=28665.055..29223.973 rows=1145402 loops=1)
                     Sort Key: customer.c_custkey, customer.c_name, customer.c_acctbal, customer.c_phone, nation.n_name, customer.c_address, customer.c_comment
                     Sort Method: external merge  Disk: 218232kB
                     ->  Hash Join  (cost=387928.22..2531472.85 rows=592449 width=182) (actual time=5763.348..23348.158 rows=1145402 loops=1)
                           Hash Cond: (customer.c_nationkey = nation.n_nationkey)
                           ->  Hash Join  (cost=387926.66..2523325.12 rows=592449 width=160) (actual time=5763.333..23156.595 rows=1145402 loops=1)
                                 Hash Cond: (orders.o_custkey = customer.c_custkey)
                                 ->  Hash Join  (cost=285996.30..2373751.47 rows=592449 width=16) (actual time=4838.106..21358.715 rows=1145402 loops=1)
                                       Hash Cond: (lineitem.l_orderkey = orders.o_orderkey)
                                       ->  Seq Scan on lineitem  (cost=0.00..1874947.20 rows=15046071 width=16) (actual time=0.007..11174.781 rows=14808183 loops=1)
                                             Filter: (l_returnflag = 'R'::bpchar)
                                             Rows Removed by Filter: 45177869
                                       ->  Hash  (cost=278612.90..278612.90 rows=590672 width=8) (actual time=4837.467..4837.467 rows=573160 loops=1)
                                             Buckets: 65536  Batches: 1  Memory Usage: 22390kB
                                             ->  Bitmap Heap Scan on orders  (cost=8484.82..278612.90 rows=590672 width=8) (actual time=163.585..4687.600 rows=573160 loops=1)
                                                   Recheck Cond: ((o_orderdate >= '1994-08-01'::date) AND (o_orderdate < '1994-11-01'::date))
                                                   ->  Bitmap Index Scan on idx_orders_orderdate  (cost=0.00..8337.16 rows=590672 width=0) (actual time=113.300..113.300 rows=573160 loops=1)
                                                         Index Cond: ((o_orderdate >= '1994-08-01'::date) AND (o_orderdate < '1994-11-01'::date))
                                 ->  Hash  (cost=50948.49..50948.49 rows=1500149 width=148) (actual time=923.426..923.426 rows=1500000 loops=1)
                                       Buckets: 32768  Batches: 16  Memory Usage: 16828kB
                                       ->  Seq Scan on customer  (cost=0.00..50948.49 rows=1500149 width=148) (actual time=0.001..485.197 rows=1500000 loops=1)
                           ->  Hash  (cost=1.25..1.25 rows=25 width=30) (actual time=0.009..0.009 rows=25 loops=1)
                                 Buckets: 1024  Batches: 1  Memory Usage: 2kB
                                 ->  Seq Scan on nation  (cost=0.00..1.25 rows=25 width=30) (actual time=0.003..0.003 rows=25 loops=1)
 Total runtime: 30244.740 ms
(30 rows)

SET
SET
                                                                                          QUERY PLAN                                                                                          
----------------------------------------------------------------------------------------------------------------------------------------------------------------------------------------------
 Limit  (cost=2660106.29..2660106.34 rows=20 width=182) (actual time=24575.742..24575.745 rows=20 loops=1)
   ->  Sort  (cost=2660106.29..2661587.41 rows=592449 width=182) (actual time=24575.741..24575.743 rows=20 loops=1)
         Sort Key: (sum((lineitem.l_extendedprice * (1::numeric - lineitem.l_discount))))
         Sort Method: top-N heapsort  Memory: 30kB
         ->  GroupAggregate  (cost=2622124.60..2644341.43 rows=592449 width=182) (actual time=23033.168..24472.145 rows=381205 loops=1)
               ->  Sort  (cost=2622124.60..2623605.72 rows=592449 width=182) (actual time=23033.146..23593.115 rows=1145402 loops=1)
                     Sort Key: customer.c_custkey, customer.c_name, customer.c_acctbal, customer.c_phone, nation.n_name, customer.c_address, customer.c_comment
                     Sort Method: external merge  Disk: 218232kB
                     ->  Hash Join  (cost=387928.22..2531472.85 rows=592449 width=182) (actual time=2347.859..17724.818 rows=1145402 loops=1)
                           Hash Cond: (customer.c_nationkey = nation.n_nationkey)
                           ->  Hash Join  (cost=387926.66..2523325.12 rows=592449 width=160) (actual time=2347.628..17535.835 rows=1145402 loops=1)
                                 Hash Cond: (orders.o_custkey = customer.c_custkey)
                                 ->  Hash Join  (cost=285996.30..2373751.47 rows=592449 width=16) (actual time=1554.741..15887.898 rows=1145402 loops=1)
                                       Hash Cond: (lineitem.l_orderkey = orders.o_orderkey)
                                       ->  Seq Scan on lineitem  (cost=0.00..1874947.20 rows=15046071 width=16) (actual time=0.007..9227.642 rows=14808183 loops=1)
                                             Filter: (l_returnflag = 'R'::bpchar)
                                             Rows Removed by Filter: 45177869
                                       ->  Hash  (cost=278612.90..278612.90 rows=590672 width=8) (actual time=1554.606..1554.606 rows=573160 loops=1)
                                             Buckets: 65536  Batches: 1  Memory Usage: 22390kB
                                             ->  Bitmap Heap Scan on orders  (cost=8484.82..278612.90 rows=590672 width=8) (actual time=151.995..1439.069 rows=573160 loops=1)
                                                   Recheck Cond: ((o_orderdate >= '1994-08-01'::date) AND (o_orderdate < '1994-11-01'::date))
                                                   ->  Bitmap Index Scan on idx_orders_orderdate  (cost=0.00..8337.16 rows=590672 width=0) (actual time=101.432..101.432 rows=573160 loops=1)
                                                         Index Cond: ((o_orderdate >= '1994-08-01'::date) AND (o_orderdate < '1994-11-01'::date))
                                 ->  Hash  (cost=50948.49..50948.49 rows=1500149 width=148) (actual time=791.958..791.958 rows=1500000 loops=1)
                                       Buckets: 32768  Batches: 16  Memory Usage: 16828kB
                                       ->  Seq Scan on customer  (cost=0.00..50948.49 rows=1500149 width=148) (actual time=0.002..356.937 rows=1500000 loops=1)
                           ->  Hash  (cost=1.25..1.25 rows=25 width=30) (actual time=0.010..0.010 rows=25 loops=1)
                                 Buckets: 1024  Batches: 1  Memory Usage: 2kB
                                 ->  Seq Scan on nation  (cost=0.00..1.25 rows=25 width=30) (actual time=0.002..0.004 rows=25 loops=1)
 Total runtime: 24612.490 ms
(30 rows)

query 11 run 1
SET
SET
                                                                                   QUERY PLAN                                                                                    
---------------------------------------------------------------------------------------------------------------------------------------------------------------------------------
 Limit  (cost=685143.00..685143.00 rows=1 width=14) (actual time=3878.695..3878.695 rows=0 loops=1)
   InitPlan 1 (returns $1)
     ->  Aggregate  (cost=323141.84..323141.85 rows=1 width=10) (actual time=1699.588..1699.588 rows=1 loops=1)
           ->  Hash Join  (cost=2323.46..320741.90 rows=319992 width=10) (actual time=2.680..1575.235 rows=320800 loops=1)
                 Hash Cond: (partsupp_1.ps_suppkey = supplier_1.s_suppkey)
                 ->  Seq Scan on partsupp partsupp_1  (cost=0.00..255220.01 rows=7999801 width=14) (actual time=0.031..683.778 rows=8000000 loops=1)
                 ->  Hash  (cost=2273.46..2273.46 rows=4000 width=4) (actual time=2.619..2.619 rows=4010 loops=1)
                       Buckets: 1024  Batches: 1  Memory Usage: 141kB
                       ->  Nested Loop  (cost=49.29..2273.46 rows=4000 width=4) (actual time=0.493..2.250 rows=4010 loops=1)
                             ->  Seq Scan on nation nation_1  (cost=0.00..1.31 rows=1 width=4) (actual time=0.005..0.006 rows=1 loops=1)
                                   Filter: (n_name = 'SAUDI ARABIA'::bpchar)
                                   Rows Removed by Filter: 24
                             ->  Bitmap Heap Scan on supplier supplier_1  (cost=49.29..2232.15 rows=4000 width=8) (actual time=0.483..1.856 rows=4010 loops=1)
                                   Recheck Cond: (s_nationkey = nation_1.n_nationkey)
                                   ->  Bitmap Index Scan on idx_supplier_nation_key  (cost=0.00..48.29 rows=4000 width=0) (actual time=0.307..0.307 rows=4010 loops=1)
                                         Index Cond: (s_nationkey = nation_1.n_nationkey)
   ->  Sort  (cost=362001.15..362801.13 rows=319992 width=14) (actual time=3878.694..3878.694 rows=0 loops=1)
         Sort Key: (sum((partsupp.ps_supplycost * (partsupp.ps_availqty)::numeric)))
         Sort Method: quicksort  Memory: 25kB
         ->  GroupAggregate  (cost=350001.45..360401.19 rows=319992 width=14) (actual time=3878.684..3878.684 rows=0 loops=1)
               Filter: (sum((partsupp.ps_supplycost * (partsupp.ps_availqty)::numeric)) > $1)
               Rows Removed by Filter: 301833
               ->  Sort  (cost=350001.45..350801.43 rows=319992 width=14) (actual time=2027.569..2038.944 rows=320800 loops=1)
                     Sort Key: partsupp.ps_partkey
                     Sort Method: quicksort  Memory: 25961kB
                     ->  Hash Join  (cost=2323.46..320741.90 rows=319992 width=14) (actual time=22.896..1980.664 rows=320800 loops=1)
                           Hash Cond: (partsupp.ps_suppkey = supplier.s_suppkey)
                           ->  Seq Scan on partsupp  (cost=0.00..255220.01 rows=7999801 width=18) (actual time=0.277..1002.843 rows=8000000 loops=1)
                           ->  Hash  (cost=2273.46..2273.46 rows=4000 width=4) (actual time=22.544..22.544 rows=4010 loops=1)
                                 Buckets: 1024  Batches: 1  Memory Usage: 141kB
                                 ->  Nested Loop  (cost=49.29..2273.46 rows=4000 width=4) (actual time=1.815..21.843 rows=4010 loops=1)
                                       ->  Seq Scan on nation  (cost=0.00..1.31 rows=1 width=4) (actual time=0.009..0.012 rows=1 loops=1)
                                             Filter: (n_name = 'SAUDI ARABIA'::bpchar)
                                             Rows Removed by Filter: 24
                                       ->  Bitmap Heap Scan on supplier  (cost=49.29..2232.15 rows=4000 width=8) (actual time=1.801..21.191 rows=4010 loops=1)
                                             Recheck Cond: (s_nationkey = nation.n_nationkey)
                                             ->  Bitmap Index Scan on idx_supplier_nation_key  (cost=0.00..48.29 rows=4000 width=0) (actual time=1.578..1.578 rows=4010 loops=1)
                                                   Index Cond: (s_nationkey = nation.n_nationkey)
 Total runtime: 3878.763 ms
(39 rows)

SET
SET
                                                                                   QUERY PLAN                                                                                    
---------------------------------------------------------------------------------------------------------------------------------------------------------------------------------
 Limit  (cost=685143.00..685143.00 rows=1 width=14) (actual time=3467.248..3467.248 rows=0 loops=1)
   InitPlan 1 (returns $1)
     ->  Aggregate  (cost=323141.84..323141.85 rows=1 width=10) (actual time=1700.997..1700.997 rows=1 loops=1)
           ->  Hash Join  (cost=2323.46..320741.90 rows=319992 width=10) (actual time=2.679..1575.613 rows=320800 loops=1)
                 Hash Cond: (partsupp_1.ps_suppkey = supplier_1.s_suppkey)
                 ->  Seq Scan on partsupp partsupp_1  (cost=0.00..255220.01 rows=7999801 width=14) (actual time=0.030..685.136 rows=8000000 loops=1)
                 ->  Hash  (cost=2273.46..2273.46 rows=4000 width=4) (actual time=2.622..2.622 rows=4010 loops=1)
                       Buckets: 1024  Batches: 1  Memory Usage: 141kB
                       ->  Nested Loop  (cost=49.29..2273.46 rows=4000 width=4) (actual time=0.491..2.280 rows=4010 loops=1)
                             ->  Seq Scan on nation nation_1  (cost=0.00..1.31 rows=1 width=4) (actual time=0.005..0.006 rows=1 loops=1)
                                   Filter: (n_name = 'SAUDI ARABIA'::bpchar)
                                   Rows Removed by Filter: 24
                             ->  Bitmap Heap Scan on supplier supplier_1  (cost=49.29..2232.15 rows=4000 width=8) (actual time=0.482..1.870 rows=4010 loops=1)
                                   Recheck Cond: (s_nationkey = nation_1.n_nationkey)
                                   ->  Bitmap Index Scan on idx_supplier_nation_key  (cost=0.00..48.29 rows=4000 width=0) (actual time=0.307..0.307 rows=4010 loops=1)
                                         Index Cond: (s_nationkey = nation_1.n_nationkey)
   ->  Sort  (cost=362001.15..362801.13 rows=319992 width=14) (actual time=3467.248..3467.248 rows=0 loops=1)
         Sort Key: (sum((partsupp.ps_supplycost * (partsupp.ps_availqty)::numeric)))
         Sort Method: quicksort  Memory: 25kB
         ->  GroupAggregate  (cost=350001.45..360401.19 rows=319992 width=14) (actual time=3467.238..3467.238 rows=0 loops=1)
               Filter: (sum((partsupp.ps_supplycost * (partsupp.ps_availqty)::numeric)) > $1)
               Rows Removed by Filter: 301833
               ->  Sort  (cost=350001.45..350801.43 rows=319992 width=14) (actual time=1614.272..1625.599 rows=320800 loops=1)
                     Sort Key: partsupp.ps_partkey
                     Sort Method: quicksort  Memory: 25961kB
                     ->  Hash Join  (cost=2323.46..320741.90 rows=319992 width=14) (actual time=3.561..1569.786 rows=320800 loops=1)
                           Hash Cond: (partsupp.ps_suppkey = supplier.s_suppkey)
                           ->  Seq Scan on partsupp  (cost=0.00..255220.01 rows=7999801 width=18) (actual time=0.027..683.075 rows=8000000 loops=1)
                           ->  Hash  (cost=2273.46..2273.46 rows=4000 width=4) (actual time=3.511..3.511 rows=4010 loops=1)
                                 Buckets: 1024  Batches: 1  Memory Usage: 141kB
                                 ->  Nested Loop  (cost=49.29..2273.46 rows=4000 width=4) (actual time=0.499..3.173 rows=4010 loops=1)
                                       ->  Seq Scan on nation  (cost=0.00..1.31 rows=1 width=4) (actual time=0.004..0.005 rows=1 loops=1)
                                             Filter: (n_name = 'SAUDI ARABIA'::bpchar)
                                             Rows Removed by Filter: 24
                                       ->  Bitmap Heap Scan on supplier  (cost=49.29..2232.15 rows=4000 width=8) (actual time=0.493..2.735 rows=4010 loops=1)
                                             Recheck Cond: (s_nationkey = nation.n_nationkey)
                                             ->  Bitmap Index Scan on idx_supplier_nation_key  (cost=0.00..48.29 rows=4000 width=0) (actual time=0.310..0.310 rows=4010 loops=1)
                                                   Index Cond: (s_nationkey = nation.n_nationkey)
 Total runtime: 3467.309 ms
(39 rows)

query 12 run 1
SET
SET
                                                                                                                    QUERY PLAN                                                                                                                     
---------------------------------------------------------------------------------------------------------------------------------------------------------------------------------------------------------------------------------------------------
 Limit  (cost=3094947.57..3094947.57 rows=1 width=27) (actual time=20314.642..20314.643 rows=1 loops=1)
   ->  Sort  (cost=3094947.57..3094947.57 rows=1 width=27) (actual time=20314.640..20314.640 rows=1 loops=1)
         Sort Key: lineitem.l_shipmode
         Sort Method: quicksort  Memory: 25kB
         ->  HashAggregate  (cost=3094947.55..3094947.56 rows=1 width=27) (actual time=20313.806..20313.806 rows=2 loops=1)
               ->  Merge Join  (cost=2500336.06..3090009.59 rows=282169 width=27) (actual time=15412.224..20131.721 rows=311258 loops=1)
                     Merge Cond: (orders.o_orderkey = lineitem.l_orderkey)
                     ->  Index Scan using orders_pkey on orders  (cost=0.43..547979.37 rows=15000929 width=20) (actual time=0.004..3698.761 rows=14999967 loops=1)
                     ->  Sort  (cost=2500335.60..2501041.02 rows=282169 width=15) (actual time=15412.126..15443.035 rows=311258 loops=1)
                           Sort Key: lineitem.l_orderkey
                           Sort Method: quicksort  Memory: 25513kB
                           ->  Seq Scan on lineitem  (cost=0.00..2474790.56 rows=282169 width=15) (actual time=0.563..15347.981 rows=311258 loops=1)
                                 Filter: ((l_shipmode = ANY ('{SHIP,"REG AIR"}'::bpchar[])) AND (l_commitdate < l_receiptdate) AND (l_shipdate < l_commitdate) AND (l_receiptdate >= '1994-01-01'::date) AND (l_receiptdate < '1995-01-01'::date))
                                 Rows Removed by Filter: 59674794
 Total runtime: 20314.713 ms
(15 rows)

SET
SET
                                                                                                                    QUERY PLAN                                                                                                                     
---------------------------------------------------------------------------------------------------------------------------------------------------------------------------------------------------------------------------------------------------
 Limit  (cost=3094947.57..3094947.57 rows=1 width=27) (actual time=17140.392..17140.392 rows=1 loops=1)
   ->  Sort  (cost=3094947.57..3094947.57 rows=1 width=27) (actual time=17140.391..17140.391 rows=1 loops=1)
         Sort Key: lineitem.l_shipmode
         Sort Method: quicksort  Memory: 25kB
         ->  HashAggregate  (cost=3094947.55..3094947.56 rows=1 width=27) (actual time=17140.359..17140.360 rows=2 loops=1)
               ->  Merge Join  (cost=2500336.06..3090009.59 rows=282169 width=27) (actual time=13283.958..16974.880 rows=311258 loops=1)
                     Merge Cond: (orders.o_orderkey = lineitem.l_orderkey)
                     ->  Index Scan using orders_pkey on orders  (cost=0.43..547979.37 rows=15000929 width=20) (actual time=0.004..2706.461 rows=14999967 loops=1)
                     ->  Sort  (cost=2500335.60..2501041.02 rows=282169 width=15) (actual time=13283.911..13313.928 rows=311258 loops=1)
                           Sort Key: lineitem.l_orderkey
                           Sort Method: quicksort  Memory: 25513kB
                           ->  Seq Scan on lineitem  (cost=0.00..2474790.56 rows=282169 width=15) (actual time=0.090..13223.777 rows=311258 loops=1)
                                 Filter: ((l_shipmode = ANY ('{SHIP,"REG AIR"}'::bpchar[])) AND (l_commitdate < l_receiptdate) AND (l_shipdate < l_commitdate) AND (l_receiptdate >= '1994-01-01'::date) AND (l_receiptdate < '1995-01-01'::date))
                                 Rows Removed by Filter: 59674794
 Total runtime: 17140.456 ms
(15 rows)

query 13 run 1
SET
SET
                                                                                 QUERY PLAN                                                                                  
-----------------------------------------------------------------------------------------------------------------------------------------------------------------------------
 Limit  (cost=2775844.93..2775844.94 rows=1 width=8) (actual time=23080.213..23080.214 rows=1 loops=1)
   ->  Sort  (cost=2775844.93..2775845.43 rows=200 width=8) (actual time=23080.213..23080.213 rows=1 loops=1)
         Sort Key: (count(*)), (count(orders.o_orderkey))
         Sort Method: top-N heapsort  Memory: 25kB
         ->  HashAggregate  (cost=2775841.93..2775843.93 rows=200 width=8) (actual time=23080.195..23080.201 rows=46 loops=1)
               ->  GroupAggregate  (cost=2368424.43..2753339.70 rows=1500149 width=8) (actual time=13729.114..22868.853 rows=1500000 loops=1)
                     ->  Merge Left Join  (cost=2368424.43..2663341.06 rows=14999430 width=8) (actual time=13729.100..21649.776 rows=15337604 loops=1)
                           Merge Cond: (customer.c_custkey = orders.o_custkey)
                           ->  Index Only Scan using customer_pkey on customer  (cost=0.43..28676.66 rows=1500149 width=4) (actual time=0.223..191.686 rows=1500000 loops=1)
                                 Heap Fetches: 0
                           ->  Materialize  (cost=2368424.00..2443421.15 rows=14999430 width=8) (actual time=13728.871..19553.252 rows=14837583 loops=1)
                                 ->  Sort  (cost=2368424.00..2405922.57 rows=14999430 width=8) (actual time=13728.867..18245.709 rows=14837583 loops=1)
                                       Sort Key: orders.o_custkey
                                       Sort Method: external merge  Disk: 260888kB
                                       ->  Seq Scan on orders  (cost=0.00..448779.61 rows=14999430 width=8) (actual time=0.347..5184.304 rows=14837583 loops=1)
                                             Filter: ((o_comment)::text !~~ '%special%requests%'::text)
                                             Rows Removed by Filter: 162417
 Total runtime: 23115.291 ms
(18 rows)

SET
SET
                                                                                 QUERY PLAN                                                                                  
-----------------------------------------------------------------------------------------------------------------------------------------------------------------------------
 Limit  (cost=2775844.93..2775844.94 rows=1 width=8) (actual time=22390.890..22390.890 rows=1 loops=1)
   ->  Sort  (cost=2775844.93..2775845.43 rows=200 width=8) (actual time=22390.889..22390.889 rows=1 loops=1)
         Sort Key: (count(*)), (count(orders.o_orderkey))
         Sort Method: top-N heapsort  Memory: 25kB
         ->  HashAggregate  (cost=2775841.93..2775843.93 rows=200 width=8) (actual time=22390.873..22390.881 rows=46 loops=1)
               ->  GroupAggregate  (cost=2368424.43..2753339.70 rows=1500149 width=8) (actual time=13080.775..22183.182 rows=1500000 loops=1)
                     ->  Merge Left Join  (cost=2368424.43..2663341.06 rows=14999430 width=8) (actual time=13080.760..20962.417 rows=15337604 loops=1)
                           Merge Cond: (customer.c_custkey = orders.o_custkey)
                           ->  Index Only Scan using customer_pkey on customer  (cost=0.43..28676.66 rows=1500149 width=4) (actual time=0.016..152.823 rows=1500000 loops=1)
                                 Heap Fetches: 0
                           ->  Materialize  (cost=2368424.00..2443421.15 rows=14999430 width=8) (actual time=13080.739..18909.238 rows=14837583 loops=1)
                                 ->  Sort  (cost=2368424.00..2405922.57 rows=14999430 width=8) (actual time=13080.737..17595.091 rows=14837583 loops=1)
                                       Sort Key: orders.o_custkey
                                       Sort Method: external merge  Disk: 260888kB
                                       ->  Seq Scan on orders  (cost=0.00..448779.61 rows=14999430 width=8) (actual time=0.031..4720.812 rows=14837583 loops=1)
                                             Filter: ((o_comment)::text !~~ '%special%requests%'::text)
                                             Rows Removed by Filter: 162417
 Total runtime: 22426.373 ms
(18 rows)

query 14 run 1
SET
SET
                                                                            QUERY PLAN                                                                            
------------------------------------------------------------------------------------------------------------------------------------------------------------------
 Limit  (cost=826670.54..826670.56 rows=1 width=33) (actual time=8316.806..8316.806 rows=1 loops=1)
   ->  Aggregate  (cost=826670.54..826670.56 rows=1 width=33) (actual time=8316.805..8316.805 rows=1 loops=1)
         ->  Hash Join  (cost=111874.27..813325.23 rows=762589 width=33) (actual time=1111.775..7725.360 rows=772942 loops=1)
               Hash Cond: (lineitem.l_partkey = part.p_partkey)
               ->  Bitmap Heap Scan on lineitem  (cost=12222.60..675395.31 rows=762589 width=16) (actual time=278.487..5945.973 rows=772942 loops=1)
                     Recheck Cond: ((l_shipdate >= '1994-05-01'::date) AND (l_shipdate < '1994-06-01'::date))
                     ->  Bitmap Index Scan on idx_lineitem_shipdate  (cost=0.00..12031.95 rows=762589 width=0) (actual time=182.890..182.890 rows=772942 loops=1)
                           Index Cond: ((l_shipdate >= '1994-05-01'::date) AND (l_shipdate < '1994-06-01'::date))
               ->  Hash  (cost=60980.41..60980.41 rows=1999941 width=25) (actual time=832.554..832.554 rows=2000000 loops=1)
                     Buckets: 65536  Batches: 4  Memory Usage: 28922kB
                     ->  Seq Scan on part  (cost=0.00..60980.41 rows=1999941 width=25) (actual time=0.002..524.893 rows=2000000 loops=1)
 Total runtime: 8316.933 ms
(12 rows)

SET
SET
                                                                            QUERY PLAN                                                                            
------------------------------------------------------------------------------------------------------------------------------------------------------------------
 Limit  (cost=826670.54..826670.56 rows=1 width=33) (actual time=4375.727..4375.727 rows=1 loops=1)
   ->  Aggregate  (cost=826670.54..826670.56 rows=1 width=33) (actual time=4375.726..4375.726 rows=1 loops=1)
         ->  Hash Join  (cost=111874.27..813325.23 rows=762589 width=33) (actual time=942.089..3836.380 rows=772942 loops=1)
               Hash Cond: (lineitem.l_partkey = part.p_partkey)
               ->  Bitmap Heap Scan on lineitem  (cost=12222.60..675395.31 rows=762589 width=16) (actual time=267.490..2308.788 rows=772942 loops=1)
                     Recheck Cond: ((l_shipdate >= '1994-05-01'::date) AND (l_shipdate < '1994-06-01'::date))
                     ->  Bitmap Index Scan on idx_lineitem_shipdate  (cost=0.00..12031.95 rows=762589 width=0) (actual time=172.338..172.338 rows=772942 loops=1)
                           Index Cond: ((l_shipdate >= '1994-05-01'::date) AND (l_shipdate < '1994-06-01'::date))
               ->  Hash  (cost=60980.41..60980.41 rows=1999941 width=25) (actual time=674.217..674.217 rows=2000000 loops=1)
                     Buckets: 65536  Batches: 4  Memory Usage: 28922kB
                     ->  Seq Scan on part  (cost=0.00..60980.41 rows=1999941 width=25) (actual time=0.004..376.197 rows=2000000 loops=1)
 Total runtime: 4375.863 ms
(12 rows)

query 15 run 1
SET
SET
CREATE VIEW
                                                                                   QUERY PLAN                                                                                   
--------------------------------------------------------------------------------------------------------------------------------------------------------------------------------
 Limit  (cost=2418302.09..2418303.32 rows=1 width=103) (actual time=21951.803..21951.803 rows=1 loops=1)
   InitPlan 1 (returns $0)
     ->  Aggregate  (cost=1200874.42..1200874.43 rows=1 width=32) (actual time=7857.290..7857.290 rows=1 loops=1)
           ->  HashAggregate  (cost=1200792.97..1200829.17 rows=3620 width=16) (actual time=7828.494..7851.138 rows=100000 loops=1)
                 ->  Bitmap Heap Scan on lineitem lineitem_1  (cost=34914.00..1179007.67 rows=2178530 width=16) (actual time=531.558..6026.929 rows=2265714 loops=1)
                       Recheck Cond: ((l_shipdate >= '1996-01-01'::date) AND (l_shipdate < '1996-04-01'::date))
                       Rows Removed by Index Recheck: 21153354
                       ->  Bitmap Index Scan on idx_lineitem_shipdate  (cost=0.00..34369.37 rows=2178530 width=0) (actual time=479.142..479.142 rows=2265714 loops=1)
                             Index Cond: ((l_shipdate >= '1996-01-01'::date) AND (l_shipdate < '1996-04-01'::date))
   ->  Merge Join  (cost=1217427.66..1221867.46 rows=3620 width=103) (actual time=21951.801..21951.801 rows=1 loops=1)
         Merge Cond: (supplier.s_suppkey = revenue0.supplier_no)
         ->  Index Scan using supplier_pkey on supplier  (cost=0.29..4135.79 rows=100000 width=71) (actual time=0.345..19.462 rows=69998 loops=1)
         ->  Sort  (cost=1217427.37..1217436.42 rows=3620 width=36) (actual time=21928.230..21928.230 rows=1 loops=1)
               Sort Key: revenue0.supplier_no
               Sort Method: quicksort  Memory: 25kB
               ->  Subquery Scan on revenue0  (cost=1217131.95..1217213.40 rows=3620 width=36) (actual time=21916.218..21928.220 rows=1 loops=1)
                     ->  HashAggregate  (cost=1217131.95..1217177.20 rows=3620 width=16) (actual time=21916.218..21928.219 rows=1 loops=1)
                           Filter: (sum((lineitem.l_extendedprice * (1::numeric - lineitem.l_discount))) = $0)
                           Rows Removed by Filter: 99999
                           ->  Bitmap Heap Scan on lineitem  (cost=34914.00..1179007.67 rows=2178530 width=16) (actual time=602.660..11858.259 rows=2265714 loops=1)
                                 Recheck Cond: ((l_shipdate >= '1996-01-01'::date) AND (l_shipdate < '1996-04-01'::date))
                                 Rows Removed by Index Recheck: 21153354
                                 ->  Bitmap Index Scan on idx_lineitem_shipdate  (cost=0.00..34369.37 rows=2178530 width=0) (actual time=549.584..549.584 rows=2265714 loops=1)
                                       Index Cond: ((l_shipdate >= '1996-01-01'::date) AND (l_shipdate < '1996-04-01'::date))
 Total runtime: 21951.979 ms
(25 rows)

DROP VIEW
SET
SET
CREATE VIEW
                                                                                   QUERY PLAN                                                                                   
--------------------------------------------------------------------------------------------------------------------------------------------------------------------------------
 Limit  (cost=2418302.09..2418303.32 rows=1 width=103) (actual time=16252.351..16252.352 rows=1 loops=1)
   InitPlan 1 (returns $0)
     ->  Aggregate  (cost=1200874.42..1200874.43 rows=1 width=32) (actual time=7824.604..7824.604 rows=1 loops=1)
           ->  HashAggregate  (cost=1200792.97..1200829.17 rows=3620 width=16) (actual time=7795.475..7818.512 rows=100000 loops=1)
                 ->  Bitmap Heap Scan on lineitem lineitem_1  (cost=34914.00..1179007.67 rows=2178530 width=16) (actual time=530.754..5994.147 rows=2265714 loops=1)
                       Recheck Cond: ((l_shipdate >= '1996-01-01'::date) AND (l_shipdate < '1996-04-01'::date))
                       Rows Removed by Index Recheck: 21153354
                       ->  Bitmap Index Scan on idx_lineitem_shipdate  (cost=0.00..34369.37 rows=2178530 width=0) (actual time=478.428..478.428 rows=2265714 loops=1)
                             Index Cond: ((l_shipdate >= '1996-01-01'::date) AND (l_shipdate < '1996-04-01'::date))
   ->  Merge Join  (cost=1217427.66..1221867.46 rows=3620 width=103) (actual time=16252.350..16252.350 rows=1 loops=1)
         Merge Cond: (supplier.s_suppkey = revenue0.supplier_no)
         ->  Index Scan using supplier_pkey on supplier  (cost=0.29..4135.79 rows=100000 width=71) (actual time=0.023..10.839 rows=69998 loops=1)
         ->  Sort  (cost=1217427.37..1217436.42 rows=3620 width=36) (actual time=16237.554..16237.554 rows=1 loops=1)
               Sort Key: revenue0.supplier_no
               Sort Method: quicksort  Memory: 25kB
               ->  Subquery Scan on revenue0  (cost=1217131.95..1217213.40 rows=3620 width=36) (actual time=16225.636..16237.548 rows=1 loops=1)
                     ->  HashAggregate  (cost=1217131.95..1217177.20 rows=3620 width=16) (actual time=16225.635..16237.546 rows=1 loops=1)
                           Filter: (sum((lineitem.l_extendedprice * (1::numeric - lineitem.l_discount))) = $0)
                           Rows Removed by Filter: 99999
                           ->  Bitmap Heap Scan on lineitem  (cost=34914.00..1179007.67 rows=2178530 width=16) (actual time=558.000..6558.707 rows=2265714 loops=1)
                                 Recheck Cond: ((l_shipdate >= '1996-01-01'::date) AND (l_shipdate < '1996-04-01'::date))
                                 Rows Removed by Index Recheck: 21153354
                                 ->  Bitmap Index Scan on idx_lineitem_shipdate  (cost=0.00..34369.37 rows=2178530 width=0) (actual time=505.531..505.531 rows=2265714 loops=1)
                                       Index Cond: ((l_shipdate >= '1996-01-01'::date) AND (l_shipdate < '1996-04-01'::date))
 Total runtime: 16252.530 ms
(25 rows)

DROP VIEW
query 16 run 1
SET
SET
                                                                                      QUERY PLAN                                                                                      
--------------------------------------------------------------------------------------------------------------------------------------------------------------------------------------
 Limit  (cost=376843.99..376844.00 rows=1 width=40) (actual time=18706.350..18706.350 rows=1 loops=1)
   ->  Sort  (cost=376843.99..376913.08 rows=27633 width=40) (actual time=18706.349..18706.349 rows=1 loops=1)
         Sort Key: (count(DISTINCT partsupp.ps_suppkey)), part.p_brand, part.p_type, part.p_size
         Sort Method: top-N heapsort  Memory: 25kB
         ->  GroupAggregate  (cost=369060.94..376705.83 rows=27633 width=40) (actual time=16601.827..18701.662 rows=27838 loops=1)
               ->  Sort  (cost=369060.94..370534.65 rows=589485 width=40) (actual time=16601.696..18398.806 rows=1186319 loops=1)
                     Sort Key: part.p_brand, part.p_type, part.p_size
                     Sort Method: external merge  Disk: 60504kB
                     ->  Merge Join  (cost=3483.67..302197.97 rows=589485 width=40) (actual time=37.542..3064.474 rows=1186319 loops=1)
                           Merge Cond: (part.p_partkey = partsupp.ps_partkey)
                           ->  Index Scan using part_pkey on part  (cost=0.43..109210.66 rows=294741 width=40) (actual time=0.010..1065.818 rows=296733 loops=1)
                                 Filter: ((p_brand <> 'Brand#12'::bpchar) AND ((p_type)::text !~~ 'SMALL BRUSHED%'::text) AND (p_size = ANY ('{12,32,36,26,40,34,49,9}'::integer[])))
                                 Rows Removed by Filter: 1703267
                           ->  Index Only Scan using partsupp_pkey on partsupp  (cost=3473.96..176375.98 rows=3999900 width=8) (actual time=37.518..1476.636 rows=7995493 loops=1)
                                 Filter: (NOT (hashed SubPlan 1))
                                 Rows Removed by Filter: 4480
                                 Heap Fetches: 0
                                 SubPlan 1
                                   ->  Seq Scan on supplier  (cost=0.00..3471.00 rows=1010 width=4) (actual time=1.086..36.888 rows=56 loops=1)
                                         Filter: ((s_comment)::text ~~ '%Customer%Complaints%'::text)
                                         Rows Removed by Filter: 99944
 Total runtime: 18714.404 ms
(22 rows)

SET
SET
                                                                                      QUERY PLAN                                                                                      
--------------------------------------------------------------------------------------------------------------------------------------------------------------------------------------
 Limit  (cost=376843.99..376844.00 rows=1 width=40) (actual time=18055.914..18055.915 rows=1 loops=1)
   ->  Sort  (cost=376843.99..376913.08 rows=27633 width=40) (actual time=18055.912..18055.912 rows=1 loops=1)
         Sort Key: (count(DISTINCT partsupp.ps_suppkey)), part.p_brand, part.p_type, part.p_size
         Sort Method: top-N heapsort  Memory: 25kB
         ->  GroupAggregate  (cost=369060.94..376705.83 rows=27633 width=40) (actual time=15951.333..18051.071 rows=27838 loops=1)
               ->  Sort  (cost=369060.94..370534.65 rows=589485 width=40) (actual time=15951.190..17747.294 rows=1186319 loops=1)
                     Sort Key: part.p_brand, part.p_type, part.p_size
                     Sort Method: external merge  Disk: 60504kB
                     ->  Merge Join  (cost=3483.67..302197.97 rows=589485 width=40) (actual time=21.608..2494.789 rows=1186319 loops=1)
                           Merge Cond: (part.p_partkey = partsupp.ps_partkey)
                           ->  Index Scan using part_pkey on part  (cost=0.43..109210.66 rows=294741 width=40) (actual time=0.011..736.817 rows=296733 loops=1)
                                 Filter: ((p_brand <> 'Brand#12'::bpchar) AND ((p_type)::text !~~ 'SMALL BRUSHED%'::text) AND (p_size = ANY ('{12,32,36,26,40,34,49,9}'::integer[])))
                                 Rows Removed by Filter: 1703267
                           ->  Index Only Scan using partsupp_pkey on partsupp  (cost=3473.96..176375.98 rows=3999900 width=8) (actual time=21.584..1256.304 rows=7995493 loops=1)
                                 Filter: (NOT (hashed SubPlan 1))
                                 Rows Removed by Filter: 4480
                                 Heap Fetches: 0
                                 SubPlan 1
                                   ->  Seq Scan on supplier  (cost=0.00..3471.00 rows=1010 width=4) (actual time=0.084..21.530 rows=56 loops=1)
                                         Filter: ((s_comment)::text ~~ '%Customer%Complaints%'::text)
                                         Rows Removed by Filter: 99944
 Total runtime: 18064.485 ms
(22 rows)

query 17 run 1
SET
SET
                                                                              QUERY PLAN                                                                              
----------------------------------------------------------------------------------------------------------------------------------------------------------------------
 Limit  (cost=10819247.64..10819247.65 rows=1 width=8) (actual time=86811.281..86811.281 rows=1 loops=1)
   ->  Aggregate  (cost=10819247.64..10819247.65 rows=1 width=8) (actual time=86811.280..86811.280 rows=1 loops=1)
         ->  Merge Join  (cost=10133397.71..10819200.18 rows=18985 width=8) (actual time=43392.002..86808.356 rows=5319 loops=1)
               Merge Cond: (lineitem_1.l_partkey = part.p_partkey)
               Join Filter: (lineitem.l_quantity < ((0.2 * avg(lineitem_1.l_quantity))))
               Rows Removed by Join Filter: 54632
               ->  GroupAggregate  (cost=10133396.71..10612809.88 rows=1968710 width=9) (actual time=43379.999..84533.793 rows=1999333 loops=1)
                     ->  Sort  (cost=10133396.71..10283357.55 rows=59984336 width=9) (actual time=43379.966..62727.373 rows=59965994 loops=1)
                           Sort Key: lineitem_1.l_partkey
                           Sort Method: external merge  Disk: 1113328kB
                           ->  Seq Scan on lineitem lineitem_1  (cost=0.00..1724986.36 rows=59984336 width=9) (actual time=0.235..9236.881 rows=59986052 loops=1)
               ->  Materialize  (cost=0.99..180924.85 rows=57857 width=21) (actual time=1.463..2137.344 rows=59951 loops=1)
                     ->  Nested Loop  (cost=0.99..180780.21 rows=57857 width=21) (actual time=1.461..2117.667 rows=59951 loops=1)
                           ->  Index Scan using part_pkey on part  (cost=0.43..89211.25 rows=1929 width=4) (actual time=1.103..660.821 rows=1996 loops=1)
                                 Filter: ((p_brand = 'Brand#22'::bpchar) AND (p_container = 'LG BOX'::bpchar))
                                 Rows Removed by Filter: 1998004
                           ->  Index Scan using idx_lineitem_part_supp on lineitem  (cost=0.56..47.17 rows=30 width=17) (actual time=0.460..0.720 rows=30 loops=1996)
                                 Index Cond: (l_partkey = part.p_partkey)
 Total runtime: 86936.808 ms
(19 rows)

SET
SET
                                                                              QUERY PLAN                                                                              
----------------------------------------------------------------------------------------------------------------------------------------------------------------------
 Limit  (cost=10819247.64..10819247.65 rows=1 width=8) (actual time=82439.365..82439.365 rows=1 loops=1)
   ->  Aggregate  (cost=10819247.64..10819247.65 rows=1 width=8) (actual time=82439.363..82439.363 rows=1 loops=1)
         ->  Merge Join  (cost=10133397.71..10819200.18 rows=18985 width=8) (actual time=41163.969..82437.580 rows=5319 loops=1)
               Merge Cond: (lineitem_1.l_partkey = part.p_partkey)
               Join Filter: (lineitem.l_quantity < ((0.2 * avg(lineitem_1.l_quantity))))
               Rows Removed by Join Filter: 54632
               ->  GroupAggregate  (cost=10133396.71..10612809.88 rows=1968710 width=9) (actual time=41153.409..81868.734 rows=1999333 loops=1)
                     ->  Sort  (cost=10133396.71..10283357.55 rows=59984336 width=9) (actual time=41153.376..60129.331 rows=59965994 loops=1)
                           Sort Key: lineitem_1.l_partkey
                           Sort Method: external merge  Disk: 1113328kB
                           ->  Seq Scan on lineitem lineitem_1  (cost=0.00..1724986.36 rows=59984336 width=9) (actual time=0.032..7644.724 rows=59986052 loops=1)
               ->  Materialize  (cost=0.99..180924.85 rows=57857 width=21) (actual time=0.161..444.427 rows=59951 loops=1)
                     ->  Nested Loop  (cost=0.99..180780.21 rows=57857 width=21) (actual time=0.157..435.551 rows=59951 loops=1)
                           ->  Index Scan using part_pkey on part  (cost=0.43..89211.25 rows=1929 width=4) (actual time=0.147..375.419 rows=1996 loops=1)
                                 Filter: ((p_brand = 'Brand#22'::bpchar) AND (p_container = 'LG BOX'::bpchar))
                                 Rows Removed by Filter: 1998004
                           ->  Index Scan using idx_lineitem_part_supp on lineitem  (cost=0.56..47.17 rows=30 width=17) (actual time=0.006..0.025 rows=30 loops=1996)
                                 Index Cond: (l_partkey = part.p_partkey)
 Total runtime: 82563.647 ms
(19 rows)

query 18 run 1
SET
SET
                                                                                                    QUERY PLAN                                                                                                     
-------------------------------------------------------------------------------------------------------------------------------------------------------------------------------------------------------------------
 Limit  (cost=11874413.65..11874416.40 rows=100 width=44) (actual time=40176.578..40176.855 rows=99 loops=1)
   ->  GroupAggregate  (cost=11874413.65..12699198.27 rows=29992168 width=44) (actual time=40176.578..40176.847 rows=99 loops=1)
         ->  Sort  (cost=11874413.65..11949394.07 rows=29992168 width=44) (actual time=40176.568..40176.598 rows=693 loops=1)
               Sort Key: orders.o_totalprice, orders.o_orderdate, customer.c_name, customer.c_custkey, orders.o_orderkey
               Sort Method: quicksort  Memory: 79kB
               ->  Hash Join  (cost=78527.16..7556564.94 rows=29992168 width=44) (actual time=6534.440..40175.514 rows=693 loops=1)
                     Hash Cond: (orders.o_custkey = customer.c_custkey)
                     ->  Merge Join  (cost=36.81..6459391.22 rows=29992168 width=25) (actual time=967.413..39456.973 rows=693 loops=1)
                           Merge Cond: (orders.o_orderkey = lineitem.l_orderkey)
                           ->  Merge Semi Join  (cost=1.00..3719385.63 rows=7500464 width=24) (actual time=746.219..28889.558 rows=99 loops=1)
                                 Merge Cond: (orders.o_orderkey = lineitem_1.l_orderkey)
                                 ->  Index Scan using orders_pkey on orders  (cost=0.43..547979.37 rows=15000929 width=20) (actual time=0.004..2839.832 rows=14982724 loops=1)
                                 ->  Materialize  (cost=0.56..2946452.88 rows=14996084 width=4) (actual time=641.856..25179.594 rows=99 loops=1)
                                       ->  GroupAggregate  (cost=0.56..2759001.83 rows=14996084 width=9) (actual time=641.854..25179.432 rows=99 loops=1)
                                             Filter: (sum(lineitem_1.l_quantity) > 313::numeric)
                                             Rows Removed by Filter: 14999901
                                             ->  Index Scan using idx_lineitem_orderkey on lineitem lineitem_1  (cost=0.56..2271629.10 rows=59984336 width=9) (actual time=0.003..11905.569 rows=59986052 loops=1)
                           ->  Index Scan using idx_lineitem_orderkey on lineitem  (cost=0.56..2271629.10 rows=59984336 width=9) (actual time=0.007..7322.984 rows=59916431 loops=1)
                     ->  Hash  (cost=50948.49..50948.49 rows=1500149 width=23) (actual time=644.377..644.377 rows=1500000 loops=1)
                           Buckets: 65536  Batches: 4  Memory Usage: 20537kB
                           ->  Seq Scan on customer  (cost=0.00..50948.49 rows=1500149 width=23) (actual time=0.003..409.164 rows=1500000 loops=1)
 Total runtime: 40177.126 ms
(22 rows)

SET
SET
                                                                                                    QUERY PLAN                                                                                                    
------------------------------------------------------------------------------------------------------------------------------------------------------------------------------------------------------------------
 Limit  (cost=11874413.65..11874416.40 rows=100 width=44) (actual time=36680.814..36681.087 rows=99 loops=1)
   ->  GroupAggregate  (cost=11874413.65..12699198.27 rows=29992168 width=44) (actual time=36680.814..36681.082 rows=99 loops=1)
         ->  Sort  (cost=11874413.65..11949394.07 rows=29992168 width=44) (actual time=36680.806..36680.824 rows=693 loops=1)
               Sort Key: orders.o_totalprice, orders.o_orderdate, customer.c_name, customer.c_custkey, orders.o_orderkey
               Sort Method: quicksort  Memory: 79kB
               ->  Hash Join  (cost=78527.16..7556564.94 rows=29992168 width=44) (actual time=5605.843..36679.749 rows=693 loops=1)
                     Hash Cond: (orders.o_custkey = customer.c_custkey)
                     ->  Merge Join  (cost=36.81..6459391.22 rows=29992168 width=25) (actual time=832.346..36094.388 rows=693 loops=1)
                           Merge Cond: (orders.o_orderkey = lineitem.l_orderkey)
                           ->  Merge Semi Join  (cost=1.00..3719385.63 rows=7500464 width=24) (actual time=609.556..25518.122 rows=99 loops=1)
                                 Merge Cond: (orders.o_orderkey = lineitem_1.l_orderkey)
                                 ->  Index Scan using orders_pkey on orders  (cost=0.43..547979.37 rows=15000929 width=20) (actual time=0.004..2224.745 rows=14982724 loops=1)
                                 ->  Materialize  (cost=0.56..2946452.88 rows=14996084 width=4) (actual time=533.463..22448.772 rows=99 loops=1)
                                       ->  GroupAggregate  (cost=0.56..2759001.83 rows=14996084 width=9) (actual time=533.461..22448.622 rows=99 loops=1)
                                             Filter: (sum(lineitem_1.l_quantity) > 313::numeric)
                                             Rows Removed by Filter: 14999901
                                             ->  Index Scan using idx_lineitem_orderkey on lineitem lineitem_1  (cost=0.56..2271629.10 rows=59984336 width=9) (actual time=0.003..9439.777 rows=59986052 loops=1)
                           ->  Index Scan using idx_lineitem_orderkey on lineitem  (cost=0.56..2271629.10 rows=59984336 width=9) (actual time=0.007..7337.203 rows=59916431 loops=1)
                     ->  Hash  (cost=50948.49..50948.49 rows=1500149 width=23) (actual time=511.814..511.814 rows=1500000 loops=1)
                           Buckets: 65536  Batches: 4  Memory Usage: 20537kB
                           ->  Seq Scan on customer  (cost=0.00..50948.49 rows=1500149 width=23) (actual time=0.002..283.533 rows=1500000 loops=1)
 Total runtime: 36681.385 ms
(22 rows)

query 19 run 1
SET
SET
                                                                                                                                                                                                                                                                                                                                                                  QUERY PLAN                                                                                                                                                                                                                                                                                                                                                                   
-----------------------------------------------------------------------------------------------------------------------------------------------------------------------------------------------------------------------------------------------------------------------------------------------------------------------------------------------------------------------------------------------------------------------------------------------------------------------------------------------------------------------------------------------------------------------------------------------------------------------------------------------------------------------------------------------------------------------------------------------
 Limit  (cost=3131462.56..3131462.56 rows=1 width=12) (actual time=17522.998..17522.999 rows=1 loops=1)
   ->  Aggregate  (cost=3131462.56..3131462.56 rows=1 width=12) (actual time=17522.997..17522.997 rows=1 loops=1)
         ->  Hash Join  (cost=104651.52..3131454.25 rows=1107 width=12) (actual time=1045.028..17521.581 rows=1063 loops=1)
               Hash Cond: (lineitem.l_partkey = part.p_partkey)
               Join Filter: (((part.p_brand = 'Brand#24'::bpchar) AND (part.p_container = ANY ('{"SM CASE","SM BOX","SM PACK","SM PKG"}'::bpchar[])) AND (lineitem.l_quantity >= 10::numeric) AND (lineitem.l_quantity <= 20::numeric) AND (part.p_size <= 5)) OR ((part.p_brand = 'Brand#43'::bpchar) AND (part.p_container = ANY ('{"MED BAG","MED BOX","MED PKG","MED PACK"}'::bpchar[])) AND (lineitem.l_quantity >= 10::numeric) AND (lineitem.l_quantity <= 20::numeric) AND (part.p_size <= 10)) OR ((part.p_brand = 'Brand#44'::bpchar) AND (part.p_container = ANY ('{"LG CASE","LG BOX","LG PACK","LG PKG"}'::bpchar[])) AND (lineitem.l_quantity >= 20::numeric) AND (lineitem.l_quantity <= 30::numeric) AND (part.p_size <= 15)))
               Rows Removed by Join Filter: 898422
               ->  Seq Scan on lineitem  (cost=0.00..2924673.08 rows=1116617 width=21) (actual time=0.359..15413.365 rows=899485 loops=1)
                     Filter: ((l_shipmode = ANY ('{AIR,"AIR REG"}'::bpchar[])) AND (l_shipinstruct = 'DELIVER IN PERSON'::bpchar) AND (((l_quantity >= 10::numeric) AND (l_quantity <= 20::numeric)) OR ((l_quantity >= 10::numeric) AND (l_quantity <= 20::numeric)) OR ((l_quantity >= 20::numeric) AND (l_quantity <= 30::numeric))))
                     Rows Removed by Filter: 59086567
               ->  Hash  (cost=65980.26..65980.26 rows=1999941 width=30) (actual time=980.667..980.667 rows=2000000 loops=1)
                     Buckets: 65536  Batches: 4  Memory Usage: 31295kB
                     ->  Seq Scan on part  (cost=0.00..65980.26 rows=1999941 width=30) (actual time=0.002..619.725 rows=2000000 loops=1)
                           Filter: (p_size >= 1)
 Total runtime: 17523.059 ms
(14 rows)

SET
SET
                                                                                                                                                                                                                                                                                                                                                                  QUERY PLAN                                                                                                                                                                                                                                                                                                                                                                   
-----------------------------------------------------------------------------------------------------------------------------------------------------------------------------------------------------------------------------------------------------------------------------------------------------------------------------------------------------------------------------------------------------------------------------------------------------------------------------------------------------------------------------------------------------------------------------------------------------------------------------------------------------------------------------------------------------------------------------------------------
 Limit  (cost=3131462.56..3131462.56 rows=1 width=12) (actual time=15208.321..15208.321 rows=1 loops=1)
   ->  Aggregate  (cost=3131462.56..3131462.56 rows=1 width=12) (actual time=15208.321..15208.321 rows=1 loops=1)
         ->  Hash Join  (cost=104651.52..3131454.25 rows=1107 width=12) (actual time=761.840..15207.077 rows=1063 loops=1)
               Hash Cond: (lineitem.l_partkey = part.p_partkey)
               Join Filter: (((part.p_brand = 'Brand#24'::bpchar) AND (part.p_container = ANY ('{"SM CASE","SM BOX","SM PACK","SM PKG"}'::bpchar[])) AND (lineitem.l_quantity >= 10::numeric) AND (lineitem.l_quantity <= 20::numeric) AND (part.p_size <= 5)) OR ((part.p_brand = 'Brand#43'::bpchar) AND (part.p_container = ANY ('{"MED BAG","MED BOX","MED PKG","MED PACK"}'::bpchar[])) AND (lineitem.l_quantity >= 10::numeric) AND (lineitem.l_quantity <= 20::numeric) AND (part.p_size <= 10)) OR ((part.p_brand = 'Brand#44'::bpchar) AND (part.p_container = ANY ('{"LG CASE","LG BOX","LG PACK","LG PKG"}'::bpchar[])) AND (lineitem.l_quantity >= 20::numeric) AND (lineitem.l_quantity <= 30::numeric) AND (part.p_size <= 15)))
               Rows Removed by Join Filter: 898422
               ->  Seq Scan on lineitem  (cost=0.00..2924673.08 rows=1116617 width=21) (actual time=0.084..13422.308 rows=899485 loops=1)
                     Filter: ((l_shipmode = ANY ('{AIR,"AIR REG"}'::bpchar[])) AND (l_shipinstruct = 'DELIVER IN PERSON'::bpchar) AND (((l_quantity >= 10::numeric) AND (l_quantity <= 20::numeric)) OR ((l_quantity >= 10::numeric) AND (l_quantity <= 20::numeric)) OR ((l_quantity >= 20::numeric) AND (l_quantity <= 30::numeric))))
                     Rows Removed by Filter: 59086567
               ->  Hash  (cost=65980.26..65980.26 rows=1999941 width=30) (actual time=708.872..708.872 rows=2000000 loops=1)
                     Buckets: 65536  Batches: 4  Memory Usage: 31295kB
                     ->  Seq Scan on part  (cost=0.00..65980.26 rows=1999941 width=30) (actual time=0.002..365.996 rows=2000000 loops=1)
                           Filter: (p_size >= 1)
 Total runtime: 15208.357 ms
(14 rows)

query 20 run 1
SET
SET
                                                                                          QUERY PLAN                                                                                           
-----------------------------------------------------------------------------------------------------------------------------------------------------------------------------------------------
 Limit  (cost=2839869.77..2839869.78 rows=1 width=51) (actual time=58623.762..58623.763 rows=1 loops=1)
   ->  Sort  (cost=2839869.77..2839874.77 rows=2000 width=51) (actual time=58623.761..58623.761 rows=1 loops=1)
         Sort Key: supplier.s_name
         Sort Method: top-N heapsort  Memory: 25kB
         ->  Nested Loop Semi Join  (cost=2718644.74..2839859.77 rows=2000 width=51) (actual time=35856.152..58621.796 rows=1821 loops=1)
               Join Filter: (supplier.s_suppkey = lineitem.l_suppkey)
               Rows Removed by Join Filter: 182001415
               ->  Nested Loop  (cost=49.29..2273.46 rows=4000 width=55) (actual time=1.657..24.377 rows=4095 loops=1)
                     ->  Seq Scan on nation  (cost=0.00..1.31 rows=1 width=4) (actual time=0.003..0.006 rows=1 loops=1)
                           Filter: (n_name = 'IRAQ'::bpchar)
                           Rows Removed by Filter: 24
                     ->  Bitmap Heap Scan on supplier  (cost=49.29..2232.15 rows=4000 width=59) (actual time=1.650..23.474 rows=4095 loops=1)
                           Recheck Cond: (s_nationkey = nation.n_nationkey)
                           ->  Bitmap Index Scan on idx_supplier_nation_key  (cost=0.00..48.29 rows=4000 width=0) (actual time=1.202..1.202 rows=4095 loops=1)
                                 Index Cond: (s_nationkey = nation.n_nationkey)
               ->  Materialize  (cost=2718595.45..2836026.38 rows=26 width=8) (actual time=8.499..11.398 rows=44445 loops=4095)
                     ->  Merge Join  (cost=2718595.45..2836026.25 rows=26 width=8) (actual time=34804.733..40705.235 rows=59002 loops=1)
                           Merge Cond: ((lineitem.l_partkey = partsupp.ps_partkey) AND (lineitem.l_suppkey = partsupp.ps_suppkey))
                           Join Filter: ((partsupp.ps_availqty)::numeric > ((0.5 * sum(lineitem.l_quantity))))
                           Rows Removed by Join Filter: 123
                           ->  GroupAggregate  (cost=2542970.25..2644230.40 rows=900091 width=13) (actual time=30195.332..35781.446 rows=5448473 loops=1)
                                 ->  Sort  (cost=2542970.25..2565472.50 rows=9000902 width=13) (actual time=30195.319..33075.091 rows=9123091 loops=1)
                                       Sort Key: lineitem.l_partkey, lineitem.l_suppkey
                                       Sort Method: external merge  Disk: 205048kB
                                       ->  Bitmap Heap Scan on lineitem  (cost=144248.31..1404404.84 rows=9000902 width=13) (actual time=1867.963..22404.482 rows=9123688 loops=1)
                                             Recheck Cond: ((l_shipdate >= '1996-01-01'::date) AND (l_shipdate < '1997-01-01'::date))
                                             Rows Removed by Index Recheck: 27869248
                                             ->  Bitmap Index Scan on idx_lineitem_shipdate  (cost=0.00..141998.09 rows=9000902 width=0) (actual time=1774.190..1774.190 rows=9123688 loops=1)
                                                   Index Cond: ((l_shipdate >= '1996-01-01'::date) AND (l_shipdate < '1997-01-01'::date))
                           ->  Sort  (cost=175625.20..176514.93 rows=355890 width=16) (actual time=4609.093..4616.935 rows=86872 loops=1)
                                 Sort Key: partsupp.ps_partkey, partsupp.ps_suppkey
                                 Sort Method: quicksort  Memory: 7145kB
                                 ->  Nested Loop  (cost=0.43..142810.23 rows=355890 width=16) (actual time=0.344..4570.509 rows=86872 loops=1)
                                       ->  Seq Scan on part  (cost=0.00..65980.26 rows=20201 width=4) (actual time=0.091..475.131 rows=21718 loops=1)
                                             Filter: ((p_name)::text ~~ 'olive%'::text)
                                             Rows Removed by Filter: 1978282
                                       ->  Index Scan using idx_partsupp_partkey on partsupp  (cost=0.43..3.62 rows=18 width=12) (actual time=0.173..0.187 rows=4 loops=21718)
                                             Index Cond: (ps_partkey = part.p_partkey)
 Total runtime: 58652.060 ms
(39 rows)

SET
SET
                                                                                          QUERY PLAN                                                                                           
-----------------------------------------------------------------------------------------------------------------------------------------------------------------------------------------------
 Limit  (cost=2839869.77..2839869.78 rows=1 width=51) (actual time=40982.054..40982.055 rows=1 loops=1)
   ->  Sort  (cost=2839869.77..2839874.77 rows=2000 width=51) (actual time=40982.052..40982.052 rows=1 loops=1)
         Sort Key: supplier.s_name
         Sort Method: top-N heapsort  Memory: 25kB
         ->  Nested Loop Semi Join  (cost=2718644.74..2839859.77 rows=2000 width=51) (actual time=18239.818..40980.297 rows=1821 loops=1)
               Join Filter: (supplier.s_suppkey = lineitem.l_suppkey)
               Rows Removed by Join Filter: 182001415
               ->  Nested Loop  (cost=49.29..2273.46 rows=4000 width=55) (actual time=0.586..10.065 rows=4095 loops=1)
                     ->  Seq Scan on nation  (cost=0.00..1.31 rows=1 width=4) (actual time=0.005..0.008 rows=1 loops=1)
                           Filter: (n_name = 'IRAQ'::bpchar)
                           Rows Removed by Filter: 24
                     ->  Bitmap Heap Scan on supplier  (cost=49.29..2232.15 rows=4000 width=59) (actual time=0.578..9.396 rows=4095 loops=1)
                           Recheck Cond: (s_nationkey = nation.n_nationkey)
                           ->  Bitmap Index Scan on idx_supplier_nation_key  (cost=0.00..48.29 rows=4000 width=0) (actual time=0.390..0.390 rows=4095 loops=1)
                                 Index Cond: (s_nationkey = nation.n_nationkey)
               ->  Materialize  (cost=2718595.45..2836026.38 rows=26 width=8) (actual time=4.197..7.096 rows=44445 loops=4095)
                     ->  Merge Join  (cost=2718595.45..2836026.25 rows=26 width=8) (actual time=17188.371..23090.356 rows=59002 loops=1)
                           Merge Cond: ((lineitem.l_partkey = partsupp.ps_partkey) AND (lineitem.l_suppkey = partsupp.ps_suppkey))
                           Join Filter: ((partsupp.ps_availqty)::numeric > ((0.5 * sum(lineitem.l_quantity))))
                           Rows Removed by Join Filter: 123
                           ->  GroupAggregate  (cost=2542970.25..2644230.40 rows=900091 width=13) (actual time=16761.373..22348.697 rows=5448473 loops=1)
                                 ->  Sort  (cost=2542970.25..2565472.50 rows=9000902 width=13) (actual time=16761.360..19639.682 rows=9123091 loops=1)
                                       Sort Key: lineitem.l_partkey, lineitem.l_suppkey
                                       Sort Method: external merge  Disk: 205048kB
                                       ->  Bitmap Heap Scan on lineitem  (cost=144248.31..1404404.84 rows=9000902 width=13) (actual time=1689.335..10998.669 rows=9123688 loops=1)
                                             Recheck Cond: ((l_shipdate >= '1996-01-01'::date) AND (l_shipdate < '1997-01-01'::date))
                                             Rows Removed by Index Recheck: 27869248
                                             ->  Bitmap Index Scan on idx_lineitem_shipdate  (cost=0.00..141998.09 rows=9000902 width=0) (actual time=1596.584..1596.584 rows=9123688 loops=1)
                                                   Index Cond: ((l_shipdate >= '1996-01-01'::date) AND (l_shipdate < '1997-01-01'::date))
                           ->  Sort  (cost=175625.20..176514.93 rows=355890 width=16) (actual time=426.690..434.432 rows=86872 loops=1)
                                 Sort Key: partsupp.ps_partkey, partsupp.ps_suppkey
                                 Sort Method: quicksort  Memory: 7145kB
                                 ->  Nested Loop  (cost=0.43..142810.23 rows=355890 width=16) (actual time=0.053..404.063 rows=86872 loops=1)
                                       ->  Seq Scan on part  (cost=0.00..65980.26 rows=20201 width=4) (actual time=0.029..255.513 rows=21718 loops=1)
                                             Filter: ((p_name)::text ~~ 'olive%'::text)
                                             Rows Removed by Filter: 1978282
                                       ->  Index Scan using idx_partsupp_partkey on partsupp  (cost=0.43..3.62 rows=18 width=12) (actual time=0.005..0.006 rows=4 loops=21718)
                                             Index Cond: (ps_partkey = part.p_partkey)
 Total runtime: 41010.972 ms
(39 rows)

query 21 run 1
SET
SET
                                                                                         QUERY PLAN                                                                                          
---------------------------------------------------------------------------------------------------------------------------------------------------------------------------------------------
 Limit  (cost=4016551.64..4016551.65 rows=1 width=26) (actual time=32360.854..32360.865 rows=100 loops=1)
   ->  Sort  (cost=4016551.64..4016551.65 rows=1 width=26) (actual time=32360.853..32360.857 rows=100 loops=1)
         Sort Key: (count(*)), supplier.s_name
         Sort Method: top-N heapsort  Memory: 32kB
         ->  HashAggregate  (cost=4016551.62..4016551.63 rows=1 width=26) (actual time=32358.798..32359.483 rows=3991 loops=1)
               ->  Nested Loop Anti Join  (cost=570927.35..4016551.62 rows=1 width=26) (actual time=3447.390..32328.423 rows=39281 loops=1)
                     ->  Nested Loop Semi Join  (cost=570926.79..4016544.89 rows=1 width=34) (actual time=3424.557..30843.186 rows=704306 loops=1)
                           Join Filter: (l2.l_suppkey <> l1.l_suppkey)
                           Rows Removed by Join Filter: 183320
                           ->  Hash Join  (cost=570926.22..2582771.32 rows=389392 width=38) (actual time=3424.533..21502.487 rows=730985 loops=1)
                                 Hash Cond: (l1.l_orderkey = orders.o_orderkey)
                                 ->  Hash Join  (cost=2323.46..1960248.99 rows=799791 width=34) (actual time=41.882..16622.150 rows=1514267 loops=1)
                                       Hash Cond: (l1.l_suppkey = supplier.s_suppkey)
                                       ->  Seq Scan on lineitem l1  (cost=0.00..1874947.20 rows=19994779 width=8) (actual time=0.002..12344.559 rows=37929348 loops=1)
                                             Filter: (l_receiptdate > l_commitdate)
                                             Rows Removed by Filter: 22056704
                                       ->  Hash  (cost=2273.46..2273.46 rows=4000 width=30) (actual time=41.811..41.811 rows=3991 loops=1)
                                             Buckets: 1024  Batches: 1  Memory Usage: 250kB
                                             ->  Nested Loop  (cost=49.29..2273.46 rows=4000 width=30) (actual time=1.644..40.209 rows=3991 loops=1)
                                                   ->  Seq Scan on nation  (cost=0.00..1.31 rows=1 width=4) (actual time=0.003..0.007 rows=1 loops=1)
                                                         Filter: (n_name = 'PERU'::bpchar)
                                                         Rows Removed by Filter: 24
                                                   ->  Bitmap Heap Scan on supplier  (cost=49.29..2232.15 rows=4000 width=34) (actual time=1.638..39.111 rows=3991 loops=1)
                                                         Recheck Cond: (s_nationkey = nation.n_nationkey)
                                                         ->  Bitmap Index Scan on idx_supplier_nation_key  (cost=0.00..48.29 rows=4000 width=0) (actual time=1.462..1.462 rows=3991 loops=1)
                                                               Index Cond: (s_nationkey = nation.n_nationkey)
                                 ->  Hash  (cost=448779.61..448779.61 rows=7303452 width=4) (actual time=3380.520..3380.520 rows=7309184 loops=1)
                                       Buckets: 131072  Batches: 16  Memory Usage: 16118kB
                                       ->  Seq Scan on orders  (cost=0.00..448779.61 rows=7303452 width=4) (actual time=0.004..2521.118 rows=7309184 loops=1)
                                             Filter: (o_orderstatus = 'F'::bpchar)
                                             Rows Removed by Filter: 7690816
                           ->  Index Scan using idx_lineitem_orderkey on lineitem l2  (cost=0.56..3.63 rows=4 width=8) (actual time=0.012..0.012 rows=1 loops=730985)
                                 Index Cond: (l_orderkey = orders.o_orderkey)
                     ->  Index Scan using idx_lineitem_orderkey on lineitem l3  (cost=0.56..3.64 rows=1 width=8) (actual time=0.002..0.002 rows=1 loops=704306)
                           Index Cond: (l_orderkey = l1.l_orderkey)
                           Filter: ((l_receiptdate > l_commitdate) AND (l_suppkey <> l1.l_suppkey))
                           Rows Removed by Filter: 1
 Total runtime: 32360.952 ms
(38 rows)

SET
SET
                                                                                         QUERY PLAN                                                                                          
---------------------------------------------------------------------------------------------------------------------------------------------------------------------------------------------
 Limit  (cost=4016551.64..4016551.65 rows=1 width=26) (actual time=24252.570..24252.580 rows=100 loops=1)
   ->  Sort  (cost=4016551.64..4016551.65 rows=1 width=26) (actual time=24252.569..24252.573 rows=100 loops=1)
         Sort Key: (count(*)), supplier.s_name
         Sort Method: top-N heapsort  Memory: 32kB
         ->  HashAggregate  (cost=4016551.62..4016551.63 rows=1 width=26) (actual time=24250.505..24251.236 rows=3991 loops=1)
               ->  Nested Loop Anti Join  (cost=570927.35..4016551.62 rows=1 width=26) (actual time=2950.478..24223.449 rows=39281 loops=1)
                     ->  Nested Loop Semi Join  (cost=570926.79..4016544.89 rows=1 width=34) (actual time=2940.672..22823.902 rows=704306 loops=1)
                           Join Filter: (l2.l_suppkey <> l1.l_suppkey)
                           Rows Removed by Join Filter: 183320
                           ->  Hash Join  (cost=570926.22..2582771.32 rows=389392 width=38) (actual time=2940.656..18545.592 rows=730985 loops=1)
                                 Hash Cond: (l1.l_orderkey = orders.o_orderkey)
                                 ->  Hash Join  (cost=2323.46..1960248.99 rows=799791 width=34) (actual time=13.804..14187.409 rows=1514267 loops=1)
                                       Hash Cond: (l1.l_suppkey = supplier.s_suppkey)
                                       ->  Seq Scan on lineitem l1  (cost=0.00..1874947.20 rows=19994779 width=8) (actual time=0.002..10414.851 rows=37929348 loops=1)
                                             Filter: (l_receiptdate > l_commitdate)
                                             Rows Removed by Filter: 22056704
                                       ->  Hash  (cost=2273.46..2273.46 rows=4000 width=30) (actual time=13.765..13.765 rows=3991 loops=1)
                                             Buckets: 1024  Batches: 1  Memory Usage: 250kB
                                             ->  Nested Loop  (cost=49.29..2273.46 rows=4000 width=30) (actual time=0.607..13.074 rows=3991 loops=1)
                                                   ->  Seq Scan on nation  (cost=0.00..1.31 rows=1 width=4) (actual time=0.003..0.006 rows=1 loops=1)
                                                         Filter: (n_name = 'PERU'::bpchar)
                                                         Rows Removed by Filter: 24
                                                   ->  Bitmap Heap Scan on supplier  (cost=49.29..2232.15 rows=4000 width=34) (actual time=0.602..12.434 rows=3991 loops=1)
                                                         Recheck Cond: (s_nationkey = nation.n_nationkey)
                                                         ->  Bitmap Index Scan on idx_supplier_nation_key  (cost=0.00..48.29 rows=4000 width=0) (actual time=0.420..0.420 rows=3991 loops=1)
                                                               Index Cond: (s_nationkey = nation.n_nationkey)
                                 ->  Hash  (cost=448779.61..448779.61 rows=7303452 width=4) (actual time=2925.440..2925.440 rows=7309184 loops=1)
                                       Buckets: 131072  Batches: 16  Memory Usage: 16118kB
                                       ->  Seq Scan on orders  (cost=0.00..448779.61 rows=7303452 width=4) (actual time=0.004..2095.095 rows=7309184 loops=1)
                                             Filter: (o_orderstatus = 'F'::bpchar)
                                             Rows Removed by Filter: 7690816
                           ->  Index Scan using idx_lineitem_orderkey on lineitem l2  (cost=0.56..3.63 rows=4 width=8) (actual time=0.005..0.005 rows=1 loops=730985)
                                 Index Cond: (l_orderkey = orders.o_orderkey)
                     ->  Index Scan using idx_lineitem_orderkey on lineitem l3  (cost=0.56..3.64 rows=1 width=8) (actual time=0.002..0.002 rows=1 loops=704306)
                           Index Cond: (l_orderkey = l1.l_orderkey)
                           Filter: ((l_receiptdate > l_commitdate) AND (l_suppkey <> l1.l_suppkey))
                           Rows Removed by Filter: 1
 Total runtime: 24252.678 ms
(38 rows)

query 22 run 1
SET
SET
                                                                          QUERY PLAN                                                                          
--------------------------------------------------------------------------------------------------------------------------------------------------------------
 Limit  (cost=161670.27..161670.28 rows=1 width=22) (actual time=2372.166..2372.167 rows=1 loops=1)
   InitPlan 1 (returns $0)
     ->  Aggregate  (cost=75445.36..75445.37 rows=1 width=6) (actual time=1103.974..1103.974 rows=1 loops=1)
           ->  Seq Scan on customer customer_1  (cost=0.00..75325.91 rows=47780 width=6) (actual time=0.007..971.178 rows=382426 loops=1)
                 Filter: ((c_acctbal > 0.00) AND ("substring"((c_phone)::text, 1, 2) = ANY ('{21,29,26,34,14,15,17}'::text[])))
                 Rows Removed by Filter: 1117574
   ->  Sort  (cost=86224.90..86241.64 rows=6698 width=22) (actual time=2372.166..2372.166 rows=1 loops=1)
         Sort Key: ("substring"((customer.c_phone)::text, 1, 2))
         Sort Method: top-N heapsort  Memory: 25kB
         ->  HashAggregate  (cost=86090.94..86191.41 rows=6698 width=22) (actual time=2372.124..2372.134 rows=7 loops=1)
               ->  Nested Loop Anti Join  (cost=0.43..86040.70 rows=6698 width=22) (actual time=1104.019..2338.095 rows=63509 loops=1)
                     ->  Seq Scan on customer  (cost=0.00..75325.91 rows=17502 width=26) (actual time=1103.999..1662.555 rows=191129 loops=1)
                           Filter: ((c_acctbal > $0) AND ("substring"((c_phone)::text, 1, 2) = ANY ('{21,29,26,34,14,15,17}'::text[])))
                           Rows Removed by Filter: 1308871
                     ->  Index Only Scan using idx_orders_custkey on orders  (cost=0.43..2.15 rows=16 width=4) (actual time=0.003..0.003 rows=1 loops=191129)
                           Index Cond: (o_custkey = customer.c_custkey)
                           Heap Fetches: 0
 Total runtime: 2372.435 ms
(18 rows)

SET
SET
                                                                          QUERY PLAN                                                                          
--------------------------------------------------------------------------------------------------------------------------------------------------------------
 Limit  (cost=161670.27..161670.28 rows=1 width=22) (actual time=1753.683..1753.683 rows=1 loops=1)
   InitPlan 1 (returns $0)
     ->  Aggregate  (cost=75445.36..75445.37 rows=1 width=6) (actual time=852.952..852.952 rows=1 loops=1)
           ->  Seq Scan on customer customer_1  (cost=0.00..75325.91 rows=47780 width=6) (actual time=0.007..724.342 rows=382426 loops=1)
                 Filter: ((c_acctbal > 0.00) AND ("substring"((c_phone)::text, 1, 2) = ANY ('{21,29,26,34,14,15,17}'::text[])))
                 Rows Removed by Filter: 1117574
   ->  Sort  (cost=86224.90..86241.64 rows=6698 width=22) (actual time=1753.681..1753.681 rows=1 loops=1)
         Sort Key: ("substring"((customer.c_phone)::text, 1, 2))
         Sort Method: top-N heapsort  Memory: 25kB
         ->  HashAggregate  (cost=86090.94..86191.41 rows=6698 width=22) (actual time=1753.645..1753.654 rows=7 loops=1)
               ->  Nested Loop Anti Join  (cost=0.43..86040.70 rows=6698 width=22) (actual time=852.987..1725.880 rows=63509 loops=1)
                     ->  Seq Scan on customer  (cost=0.00..75325.91 rows=17502 width=26) (actual time=852.975..1380.049 rows=191129 loops=1)
                           Filter: ((c_acctbal > $0) AND ("substring"((c_phone)::text, 1, 2) = ANY ('{21,29,26,34,14,15,17}'::text[])))
                           Rows Removed by Filter: 1308871
                     ->  Index Only Scan using idx_orders_custkey on orders  (cost=0.43..2.15 rows=16 width=4) (actual time=0.002..0.002 rows=1 loops=191129)
                           Index Cond: (o_custkey = customer.c_custkey)
                           Heap Fetches: 0
 Total runtime: 1753.731 ms
(18 rows)

