query 1 run 1
SET
SET
SET
                                                                 QUERY PLAN                                                                  
---------------------------------------------------------------------------------------------------------------------------------------------
 Limit  (cost=3949692.81..3949692.81 rows=1 width=236) (actual time=62265.013..62265.015 rows=1 loops=1)
   ->  Sort  (cost=3949692.81..3949692.82 rows=6 width=236) (actual time=62265.012..62265.012 rows=1 loops=1)
         Sort Key: l_returnflag, l_linestatus
         Sort Method: top-N heapsort  Memory: 25kB
         ->  HashAggregate  (cost=3949692.61..3949692.78 rows=6 width=236) (actual time=62264.963..62264.970 rows=4 loops=1)
               Group Key: l_returnflag, l_linestatus
               Batches: 1  Memory Usage: 24kB
               ->  Seq Scan on lineitem  (cost=0.00..1874935.00 rows=59278789 width=25) (actual time=0.476..10984.872 rows=59284448 loops=1)
                     Filter: (l_shipdate <= '1998-09-10 00:00:00'::timestamp without time zone)
                     Rows Removed by Filter: 701604
 Planning Time: 16.379 ms
 Execution Time: 62265.367 ms
(12 rows)

SET
SET
SET
                                                                 QUERY PLAN                                                                 
--------------------------------------------------------------------------------------------------------------------------------------------
 Limit  (cost=3949692.81..3949692.81 rows=1 width=236) (actual time=60091.564..60091.565 rows=1 loops=1)
   ->  Sort  (cost=3949692.81..3949692.82 rows=6 width=236) (actual time=60091.563..60091.563 rows=1 loops=1)
         Sort Key: l_returnflag, l_linestatus
         Sort Method: top-N heapsort  Memory: 25kB
         ->  HashAggregate  (cost=3949692.61..3949692.78 rows=6 width=236) (actual time=60091.532..60091.539 rows=4 loops=1)
               Group Key: l_returnflag, l_linestatus
               Batches: 1  Memory Usage: 24kB
               ->  Seq Scan on lineitem  (cost=0.00..1874935.00 rows=59278789 width=25) (actual time=0.025..9232.036 rows=59284448 loops=1)
                     Filter: (l_shipdate <= '1998-09-10 00:00:00'::timestamp without time zone)
                     Rows Removed by Filter: 701604
 Planning Time: 0.606 ms
 Execution Time: 60091.615 ms
(12 rows)

query 2 run 1
SET
SET
SET
                                                                                        QUERY PLAN                                                                                         
-------------------------------------------------------------------------------------------------------------------------------------------------------------------------------------------
 Limit  (cost=1126825.37..1126825.37 rows=1 width=192) (actual time=4717.530..4717.546 rows=100 loops=1)
   ->  Sort  (cost=1126825.37..1126825.37 rows=1 width=192) (actual time=4717.529..4717.539 rows=100 loops=1)
         Sort Key: supplier.s_acctbal DESC, nation.n_name, supplier.s_name, part.p_partkey
         Sort Method: top-N heapsort  Memory: 70kB
         ->  Merge Join  (cost=557177.81..1126825.36 rows=1 width=192) (actual time=2886.248..4714.408 rows=4737 loops=1)
               Merge Cond: (part.p_partkey = partsupp.ps_partkey)
               Join Filter: (partsupp.ps_supplycost = (SubPlan 1))
               Rows Removed by Join Filter: 1661
               ->  Index Scan using part_pkey on part  (cost=0.43..89211.55 rows=8862 width=30) (actual time=0.607..796.600 rows=8046 loops=1)
                     Filter: (((p_type)::text ~~ '%NICKEL'::text) AND (p_size = 16))
                     Rows Removed by Filter: 1991954
               ->  Materialize  (cost=557176.04..565152.07 rows=1595206 width=172) (actual time=2884.733..3349.886 rows=1603828 loops=1)
                     Storage: Memory  Maximum Storage: 18kB
                     ->  Sort  (cost=557176.04..561164.06 rows=1595206 width=172) (actual time=2884.728..3176.192 rows=1603828 loops=1)
                           Sort Key: partsupp.ps_partkey
                           Sort Method: external merge  Disk: 293496kB
                           ->  Hash Join  (cost=4048.51..305198.96 rows=1595206 width=172) (actual time=39.646..2269.443 rows=1604080 loops=1)
                                 Hash Cond: (partsupp.ps_suppkey = supplier.s_suppkey)
                                 ->  Seq Scan on partsupp  (cost=0.00..255204.83 rows=7998283 width=14) (actual time=0.543..950.597 rows=8000000 loops=1)
                                 ->  Hash  (cost=3798.51..3798.51 rows=20000 width=166) (actual time=39.077..39.080 rows=20051 loops=1)
                                       Buckets: 32768  Batches: 1  Memory Usage: 4211kB
                                       ->  Hash Join  (cost=2.51..3798.51 rows=20000 width=166) (actual time=0.953..33.867 rows=20051 loops=1)
                                             Hash Cond: (supplier.s_nationkey = nation.n_nationkey)
                                             ->  Seq Scan on supplier  (cost=0.00..3221.00 rows=100000 width=144) (actual time=0.567..21.898 rows=100000 loops=1)
                                             ->  Hash  (cost=2.45..2.45 rows=5 width=30) (actual time=0.380..0.381 rows=5 loops=1)
                                                   Buckets: 1024  Batches: 1  Memory Usage: 9kB
                                                   ->  Hash Join  (cost=1.07..2.45 rows=5 width=30) (actual time=0.368..0.378 rows=5 loops=1)
                                                         Hash Cond: (nation.n_regionkey = region.r_regionkey)
                                                         ->  Seq Scan on nation  (cost=0.00..1.25 rows=25 width=34) (actual time=0.178..0.181 rows=25 loops=1)
                                                         ->  Hash  (cost=1.06..1.06 rows=1 width=4) (actual time=0.182..0.183 rows=1 loops=1)
                                                               Buckets: 1024  Batches: 1  Memory Usage: 9kB
                                                               ->  Seq Scan on region  (cost=0.00..1.06 rows=1 width=4) (actual time=0.177..0.179 rows=1 loops=1)
                                                                     Filter: (r_name = 'AMERICA'::bpchar)
                                                                     Rows Removed by Filter: 4
               SubPlan 1
                 ->  Aggregate  (cost=66.25..66.26 rows=1 width=32) (actual time=0.060..0.060 rows=1 loops=6398)
                       ->  Nested Loop  (cost=2.29..66.24 rows=4 width=6) (actual time=0.049..0.058 rows=2 loops=6398)
                             Join Filter: (nation_1.n_regionkey = region_1.r_regionkey)
                             Rows Removed by Join Filter: 2
                             ->  Seq Scan on region region_1  (cost=0.00..1.06 rows=1 width=4) (actual time=0.001..0.002 rows=1 loops=6398)
                                   Filter: (r_name = 'AMERICA'::bpchar)
                                   Rows Removed by Filter: 4
                             ->  Hash Join  (cost=2.29..64.95 rows=18 width=10) (actual time=0.043..0.055 rows=4 loops=6398)
                                   Hash Cond: (supplier_1.s_nationkey = nation_1.n_nationkey)
                                   ->  Nested Loop  (cost=0.72..63.33 rows=18 width=10) (actual time=0.042..0.054 rows=4 loops=6398)
                                         ->  Index Scan using idx_partsupp_partkey on partsupp partsupp_1  (cost=0.43..3.75 rows=18 width=10) (actual time=0.038..0.039 rows=4 loops=6398)
                                               Index Cond: (ps_partkey = part.p_partkey)
                                         ->  Index Scan using supplier_pkey on supplier supplier_1  (cost=0.29..3.31 rows=1 width=8) (actual time=0.003..0.003 rows=1 loops=25592)
                                               Index Cond: (s_suppkey = partsupp_1.ps_suppkey)
                                   ->  Hash  (cost=1.25..1.25 rows=25 width=8) (actual time=0.011..0.012 rows=25 loops=1)
                                         Buckets: 1024  Batches: 1  Memory Usage: 9kB
                                         ->  Seq Scan on nation nation_1  (cost=0.00..1.25 rows=25 width=8) (actual time=0.004..0.006 rows=25 loops=1)
 Planning Time: 22.284 ms
 Execution Time: 4754.193 ms
(54 rows)

SET
SET
SET
                                                                                        QUERY PLAN                                                                                         
-------------------------------------------------------------------------------------------------------------------------------------------------------------------------------------------
 Limit  (cost=1126825.37..1126825.37 rows=1 width=192) (actual time=3676.159..3676.175 rows=100 loops=1)
   ->  Sort  (cost=1126825.37..1126825.37 rows=1 width=192) (actual time=3676.158..3676.167 rows=100 loops=1)
         Sort Key: supplier.s_acctbal DESC, nation.n_name, supplier.s_name, part.p_partkey
         Sort Method: top-N heapsort  Memory: 70kB
         ->  Merge Join  (cost=557177.81..1126825.36 rows=1 width=192) (actual time=2440.095..3673.650 rows=4737 loops=1)
               Merge Cond: (part.p_partkey = partsupp.ps_partkey)
               Join Filter: (partsupp.ps_supplycost = (SubPlan 1))
               Rows Removed by Join Filter: 1661
               ->  Index Scan using part_pkey on part  (cost=0.43..89211.55 rows=8862 width=30) (actual time=0.023..493.339 rows=8046 loops=1)
                     Filter: (((p_type)::text ~~ '%NICKEL'::text) AND (p_size = 16))
                     Rows Removed by Filter: 1991954
               ->  Materialize  (cost=557176.04..565152.07 rows=1595206 width=172) (actual time=2439.965..2887.344 rows=1603828 loops=1)
                     Storage: Memory  Maximum Storage: 18kB
                     ->  Sort  (cost=557176.04..561164.06 rows=1595206 width=172) (actual time=2439.962..2715.910 rows=1603828 loops=1)
                           Sort Key: partsupp.ps_partkey
                           Sort Method: external merge  Disk: 293496kB
                           ->  Hash Join  (cost=4048.51..305198.96 rows=1595206 width=172) (actual time=25.728..1842.528 rows=1604080 loops=1)
                                 Hash Cond: (partsupp.ps_suppkey = supplier.s_suppkey)
                                 ->  Seq Scan on partsupp  (cost=0.00..255204.83 rows=7998283 width=14) (actual time=0.041..651.423 rows=8000000 loops=1)
                                 ->  Hash  (cost=3798.51..3798.51 rows=20000 width=166) (actual time=25.673..25.675 rows=20051 loops=1)
                                       Buckets: 32768  Batches: 1  Memory Usage: 4211kB
                                       ->  Hash Join  (cost=2.51..3798.51 rows=20000 width=166) (actual time=0.030..20.637 rows=20051 loops=1)
                                             Hash Cond: (supplier.s_nationkey = nation.n_nationkey)
                                             ->  Seq Scan on supplier  (cost=0.00..3221.00 rows=100000 width=144) (actual time=0.008..6.648 rows=100000 loops=1)
                                             ->  Hash  (cost=2.45..2.45 rows=5 width=30) (actual time=0.019..0.021 rows=5 loops=1)
                                                   Buckets: 1024  Batches: 1  Memory Usage: 9kB
                                                   ->  Hash Join  (cost=1.07..2.45 rows=5 width=30) (actual time=0.014..0.020 rows=5 loops=1)
                                                         Hash Cond: (nation.n_regionkey = region.r_regionkey)
                                                         ->  Seq Scan on nation  (cost=0.00..1.25 rows=25 width=34) (actual time=0.005..0.006 rows=25 loops=1)
                                                         ->  Hash  (cost=1.06..1.06 rows=1 width=4) (actual time=0.006..0.006 rows=1 loops=1)
                                                               Buckets: 1024  Batches: 1  Memory Usage: 9kB
                                                               ->  Seq Scan on region  (cost=0.00..1.06 rows=1 width=4) (actual time=0.003..0.004 rows=1 loops=1)
                                                                     Filter: (r_name = 'AMERICA'::bpchar)
                                                                     Rows Removed by Filter: 4
               SubPlan 1
                 ->  Aggregate  (cost=66.25..66.26 rows=1 width=32) (actual time=0.018..0.018 rows=1 loops=6398)
                       ->  Nested Loop  (cost=2.29..66.24 rows=4 width=6) (actual time=0.010..0.016 rows=2 loops=6398)
                             Join Filter: (nation_1.n_regionkey = region_1.r_regionkey)
                             Rows Removed by Join Filter: 2
                             ->  Seq Scan on region region_1  (cost=0.00..1.06 rows=1 width=4) (actual time=0.001..0.001 rows=1 loops=6398)
                                   Filter: (r_name = 'AMERICA'::bpchar)
                                   Rows Removed by Filter: 4
                             ->  Hash Join  (cost=2.29..64.95 rows=18 width=10) (actual time=0.006..0.014 rows=4 loops=6398)
                                   Hash Cond: (supplier_1.s_nationkey = nation_1.n_nationkey)
                                   ->  Nested Loop  (cost=0.72..63.33 rows=18 width=10) (actual time=0.005..0.013 rows=4 loops=6398)
                                         ->  Index Scan using idx_partsupp_partkey on partsupp partsupp_1  (cost=0.43..3.75 rows=18 width=10) (actual time=0.003..0.003 rows=4 loops=6398)
                                               Index Cond: (ps_partkey = part.p_partkey)
                                         ->  Index Scan using supplier_pkey on supplier supplier_1  (cost=0.29..3.31 rows=1 width=8) (actual time=0.002..0.002 rows=1 loops=25592)
                                               Index Cond: (s_suppkey = partsupp_1.ps_suppkey)
                                   ->  Hash  (cost=1.25..1.25 rows=25 width=8) (actual time=0.011..0.012 rows=25 loops=1)
                                         Buckets: 1024  Batches: 1  Memory Usage: 9kB
                                         ->  Seq Scan on nation nation_1  (cost=0.00..1.25 rows=25 width=8) (actual time=0.004..0.006 rows=25 loops=1)
 Planning Time: 1.684 ms
 Execution Time: 3712.537 ms
(54 rows)

query 3 run 1
SET
SET
SET
                                                                                     QUERY PLAN                                                                                      
-------------------------------------------------------------------------------------------------------------------------------------------------------------------------------------
 Limit  (cost=3174464.11..3174464.14 rows=10 width=44) (actual time=25972.752..25972.757 rows=10 loops=1)
   ->  Sort  (cost=3174464.11..3182267.38 rows=3121308 width=44) (actual time=25972.750..25972.754 rows=10 loops=1)
         Sort Key: (sum((lineitem.l_extendedprice * ('1'::numeric - lineitem.l_discount)))) DESC, orders.o_orderdate
         Sort Method: top-N heapsort  Memory: 26kB
         ->  HashAggregate  (cost=3031419.59..3107013.77 rows=3121308 width=44) (actual time=25909.889..25953.470 rows=113934 loops=1)
               Group Key: lineitem.l_orderkey, orders.o_orderdate, orders.o_shippriority
               Planned Partitions: 16  Batches: 1  Memory Usage: 49169kB
               ->  Hash Join  (cost=519011.85..2867307.07 rows=3121308 width=24) (actual time=9175.480..25723.877 rows=301530 loops=1)
                     Hash Cond: (lineitem.l_orderkey = orders.o_orderkey)
                     ->  Seq Scan on lineitem  (cost=0.00..1874935.00 rows=32188037 width=16) (actual time=0.683..10382.742 rows=32534229 loops=1)
                           Filter: (l_shipdate > '1995-03-07'::date)
                           Rows Removed by Filter: 27451823
                     ->  Hash  (cost=493723.85..493723.85 rows=1454720 width=12) (actual time=9171.360..9171.362 rows=1451805 loops=1)
                           Buckets: 2097152  Batches: 2  Memory Usage: 47606kB
                           ->  Hash Join  (cost=123531.82..493723.85 rows=1454720 width=12) (actual time=960.335..8837.898 rows=1451805 loops=1)
                                 Hash Cond: (orders.o_custkey = customer.c_custkey)
                                 ->  Bitmap Heap Scan on orders  (cost=65046.72..416334.53 rows=7201585 width=16) (actual time=532.975..6754.746 rows=7239437 loops=1)
                                       Recheck Cond: (o_orderdate < '1995-03-07'::date)
                                       Heap Blocks: exact=261268
                                       ->  Bitmap Index Scan on idx_orders_orderdate  (cost=0.00..63246.32 rows=7201585 width=0) (actual time=480.506..480.506 rows=7239437 loops=1)
                                             Index Cond: (o_orderdate < '1995-03-07'::date)
                                 ->  Hash  (cost=54697.50..54697.50 rows=303008 width=4) (actual time=426.665..426.666 rows=300276 loops=1)
                                       Buckets: 524288  Batches: 1  Memory Usage: 14653kB
                                       ->  Seq Scan on customer  (cost=0.00..54697.50 rows=303008 width=4) (actual time=0.638..381.431 rows=300276 loops=1)
                                             Filter: (c_mktsegment = 'BUILDING'::bpchar)
                                             Rows Removed by Filter: 1199724
 Planning Time: 22.285 ms
 Execution Time: 25974.666 ms
(28 rows)

SET
SET
SET
                                                                                     QUERY PLAN                                                                                      
-------------------------------------------------------------------------------------------------------------------------------------------------------------------------------------
 Limit  (cost=3174464.11..3174464.14 rows=10 width=44) (actual time=19194.294..19194.299 rows=10 loops=1)
   ->  Sort  (cost=3174464.11..3182267.38 rows=3121308 width=44) (actual time=19194.293..19194.296 rows=10 loops=1)
         Sort Key: (sum((lineitem.l_extendedprice * ('1'::numeric - lineitem.l_discount)))) DESC, orders.o_orderdate
         Sort Method: top-N heapsort  Memory: 26kB
         ->  HashAggregate  (cost=3031419.59..3107013.77 rows=3121308 width=44) (actual time=19131.454..19175.007 rows=113934 loops=1)
               Group Key: lineitem.l_orderkey, orders.o_orderdate, orders.o_shippriority
               Planned Partitions: 16  Batches: 1  Memory Usage: 49169kB
               ->  Hash Join  (cost=519011.85..2867307.07 rows=3121308 width=24) (actual time=4495.840..18955.284 rows=301530 loops=1)
                     Hash Cond: (lineitem.l_orderkey = orders.o_orderkey)
                     ->  Seq Scan on lineitem  (cost=0.00..1874935.00 rows=32188037 width=16) (actual time=0.039..8493.893 rows=32534229 loops=1)
                           Filter: (l_shipdate > '1995-03-07'::date)
                           Rows Removed by Filter: 27451823
                     ->  Hash  (cost=493723.85..493723.85 rows=1454720 width=12) (actual time=4492.958..4492.960 rows=1451805 loops=1)
                           Buckets: 2097152  Batches: 2  Memory Usage: 47606kB
                           ->  Hash Join  (cost=123531.82..493723.85 rows=1454720 width=12) (actual time=811.699..4222.098 rows=1451805 loops=1)
                                 Hash Cond: (orders.o_custkey = customer.c_custkey)
                                 ->  Bitmap Heap Scan on orders  (cost=65046.72..416334.53 rows=7201585 width=16) (actual time=501.434..2395.554 rows=7239437 loops=1)
                                       Recheck Cond: (o_orderdate < '1995-03-07'::date)
                                       Heap Blocks: exact=261268
                                       ->  Bitmap Index Scan on idx_orders_orderdate  (cost=0.00..63246.32 rows=7201585 width=0) (actual time=449.798..449.798 rows=7239437 loops=1)
                                             Index Cond: (o_orderdate < '1995-03-07'::date)
                                 ->  Hash  (cost=54697.50..54697.50 rows=303008 width=4) (actual time=309.562..309.563 rows=300276 loops=1)
                                       Buckets: 524288  Batches: 1  Memory Usage: 14653kB
                                       ->  Seq Scan on customer  (cost=0.00..54697.50 rows=303008 width=4) (actual time=0.036..266.136 rows=300276 loops=1)
                                             Filter: (c_mktsegment = 'BUILDING'::bpchar)
                                             Rows Removed by Filter: 1199724
 Planning Time: 1.315 ms
 Execution Time: 19195.615 ms
(28 rows)

query 4 run 1
SET
SET
SET
                                                                             QUERY PLAN                                                                             
--------------------------------------------------------------------------------------------------------------------------------------------------------------------
 Limit  (cost=2091001.42..2091001.42 rows=1 width=24) (actual time=20008.989..20008.990 rows=1 loops=1)
   ->  Sort  (cost=2091001.42..2091001.43 rows=5 width=24) (actual time=20008.988..20008.989 rows=1 loops=1)
         Sort Key: orders.o_orderpriority
         Sort Method: top-N heapsort  Memory: 25kB
         ->  HashAggregate  (cost=2091001.34..2091001.39 rows=5 width=24) (actual time=20008.954..20008.956 rows=5 loops=1)
               Group Key: orders.o_orderpriority
               Batches: 1  Memory Usage: 24kB
               ->  Nested Loop Semi Join  (cost=6561.39..2088158.58 rows=568552 width=16) (actual time=110.928..19701.600 rows=513822 loops=1)
                     ->  Bitmap Heap Scan on orders  (cost=6560.83..276360.38 rows=568770 width=20) (actual time=110.487..6687.436 rows=560424 loops=1)
                           Recheck Cond: ((o_orderdate >= '1993-12-01'::date) AND (o_orderdate < '1994-03-01'::date))
                           Heap Blocks: exact=231887
                           ->  Bitmap Index Scan on idx_orders_orderdate  (cost=0.00..6418.64 rows=568770 width=0) (actual time=63.878..63.879 rows=560424 loops=1)
                                 Index Cond: ((o_orderdate >= '1993-12-01'::date) AND (o_orderdate < '1994-03-01'::date))
                     ->  Index Scan using idx_lineitem_orderkey on lineitem  (cost=0.56..3.61 rows=1 width=4) (actual time=0.023..0.023 rows=1 loops=560424)
                           Index Cond: (l_orderkey = orders.o_orderkey)
                           Filter: (l_commitdate < l_receiptdate)
                           Rows Removed by Filter: 1
 Planning Time: 16.406 ms
 Execution Time: 20010.028 ms
(19 rows)

SET
SET
SET
                                                                             QUERY PLAN                                                                             
--------------------------------------------------------------------------------------------------------------------------------------------------------------------
 Limit  (cost=2091001.42..2091001.42 rows=1 width=24) (actual time=4709.842..4709.843 rows=1 loops=1)
   ->  Sort  (cost=2091001.42..2091001.43 rows=5 width=24) (actual time=4709.840..4709.841 rows=1 loops=1)
         Sort Key: orders.o_orderpriority
         Sort Method: top-N heapsort  Memory: 25kB
         ->  HashAggregate  (cost=2091001.34..2091001.39 rows=5 width=24) (actual time=4709.800..4709.801 rows=5 loops=1)
               Group Key: orders.o_orderpriority
               Batches: 1  Memory Usage: 24kB
               ->  Nested Loop Semi Join  (cost=6561.39..2088158.58 rows=568552 width=16) (actual time=109.920..4499.999 rows=513822 loops=1)
                     ->  Bitmap Heap Scan on orders  (cost=6560.83..276360.38 rows=568770 width=20) (actual time=109.893..1220.393 rows=560424 loops=1)
                           Recheck Cond: ((o_orderdate >= '1993-12-01'::date) AND (o_orderdate < '1994-03-01'::date))
                           Heap Blocks: exact=231887
                           ->  Bitmap Index Scan on idx_orders_orderdate  (cost=0.00..6418.64 rows=568770 width=0) (actual time=63.759..63.759 rows=560424 loops=1)
                                 Index Cond: ((o_orderdate >= '1993-12-01'::date) AND (o_orderdate < '1994-03-01'::date))
                     ->  Index Scan using idx_lineitem_orderkey on lineitem  (cost=0.56..3.61 rows=1 width=4) (actual time=0.005..0.005 rows=1 loops=560424)
                           Index Cond: (l_orderkey = orders.o_orderkey)
                           Filter: (l_commitdate < l_receiptdate)
                           Rows Removed by Filter: 1
 Planning Time: 1.155 ms
 Execution Time: 4709.904 ms
(19 rows)

query 5 run 1
SET
SET
SET
                                                                                        QUERY PLAN                                                                                         
-------------------------------------------------------------------------------------------------------------------------------------------------------------------------------------------
 Limit  (cost=2052595.47..2052595.47 rows=1 width=58) (actual time=22827.782..22827.789 rows=1 loops=1)
   ->  Sort  (cost=2052595.47..2052595.53 rows=25 width=58) (actual time=22827.781..22827.787 rows=1 loops=1)
         Sort Key: (sum((lineitem.l_extendedprice * ('1'::numeric - lineitem.l_discount)))) DESC
         Sort Method: top-N heapsort  Memory: 25kB
         ->  GroupAggregate  (cost=2051707.82..2052595.34 rows=25 width=58) (actual time=22806.514..22827.769 rows=5 loops=1)
               Group Key: nation.n_name
               ->  Sort  (cost=2051707.82..2051885.26 rows=70977 width=38) (actual time=22801.261..22804.116 rows=72033 loops=1)
                     Sort Key: nation.n_name
                     Sort Method: quicksort  Memory: 7012kB
                     ->  Hash Join  (cost=93926.32..2045988.83 rows=70977 width=38) (actual time=779.815..22752.749 rows=72033 loops=1)
                           Hash Cond: ((lineitem.l_suppkey = supplier.s_suppkey) AND (customer.c_nationkey = supplier.s_nationkey))
                           ->  Nested Loop  (cost=89205.32..2031846.80 rows=1794479 width=50) (actual time=737.229..22295.538 rows=1815327 loops=1)
                                 ->  Hash Join  (cost=89204.75..397034.90 rows=448792 width=38) (actual time=736.814..8299.314 rows=453399 loops=1)
                                       Hash Cond: (orders.o_custkey = customer.c_custkey)
                                       ->  Bitmap Heap Scan on orders  (cost=25879.51..320806.90 rows=2243959 width=8) (actual time=223.915..7114.922 rows=2276638 loops=1)
                                             Recheck Cond: ((o_orderdate >= '1993-01-01'::date) AND (o_orderdate < '1994-01-01'::date))
                                             Heap Blocks: exact=261246
                                             ->  Bitmap Index Scan on idx_orders_orderdate  (cost=0.00..25318.53 rows=2243959 width=0) (actual time=171.589..171.589 rows=2276638 loops=1)
                                                   Index Cond: ((o_orderdate >= '1993-01-01'::date) AND (o_orderdate < '1994-01-01'::date))
                                       ->  Hash  (cost=59575.14..59575.14 rows=300008 width=38) (actual time=512.476..512.479 rows=299436 loops=1)
                                             Buckets: 524288  Batches: 1  Memory Usage: 25151kB
                                             ->  Hash Join  (cost=2.51..59575.14 rows=300008 width=38) (actual time=0.930..453.996 rows=299436 loops=1)
                                                   Hash Cond: (customer.c_nationkey = nation.n_nationkey)
                                                   ->  Seq Scan on customer  (cost=0.00..50947.40 rows=1500040 width=8) (actual time=0.429..302.262 rows=1500000 loops=1)
                                                   ->  Hash  (cost=2.45..2.45 rows=5 width=30) (actual time=0.486..0.488 rows=5 loops=1)
                                                         Buckets: 1024  Batches: 1  Memory Usage: 9kB
                                                         ->  Hash Join  (cost=1.07..2.45 rows=5 width=30) (actual time=0.475..0.485 rows=5 loops=1)
                                                               Hash Cond: (nation.n_regionkey = region.r_regionkey)
                                                               ->  Seq Scan on nation  (cost=0.00..1.25 rows=25 width=34) (actual time=0.207..0.210 rows=25 loops=1)
                                                               ->  Hash  (cost=1.06..1.06 rows=1 width=4) (actual time=0.258..0.258 rows=1 loops=1)
                                                                     Buckets: 1024  Batches: 1  Memory Usage: 9kB
                                                                     ->  Seq Scan on region  (cost=0.00..1.06 rows=1 width=4) (actual time=0.249..0.251 rows=1 loops=1)
                                                                           Filter: (r_name = 'AMERICA'::bpchar)
                                                                           Rows Removed by Filter: 4
                                 ->  Index Scan using idx_lineitem_orderkey on lineitem  (cost=0.56..3.60 rows=4 width=20) (actual time=0.028..0.030 rows=4 loops=453399)
                                       Index Cond: (l_orderkey = orders.o_orderkey)
                           ->  Hash  (cost=3221.00..3221.00 rows=100000 width=8) (actual time=39.154..39.155 rows=100000 loops=1)
                                 Buckets: 131072  Batches: 1  Memory Usage: 4931kB
                                 ->  Seq Scan on supplier  (cost=0.00..3221.00 rows=100000 width=8) (actual time=0.542..24.943 rows=100000 loops=1)
 Planning Time: 23.928 ms
 Execution Time: 22828.382 ms
(41 rows)

SET
SET
SET
                                                                                        QUERY PLAN                                                                                         
-------------------------------------------------------------------------------------------------------------------------------------------------------------------------------------------
 Limit  (cost=2052595.47..2052595.47 rows=1 width=58) (actual time=6155.049..6155.056 rows=1 loops=1)
   ->  Sort  (cost=2052595.47..2052595.53 rows=25 width=58) (actual time=6155.048..6155.054 rows=1 loops=1)
         Sort Key: (sum((lineitem.l_extendedprice * ('1'::numeric - lineitem.l_discount)))) DESC
         Sort Method: top-N heapsort  Memory: 25kB
         ->  GroupAggregate  (cost=2051707.82..2052595.34 rows=25 width=58) (actual time=6133.886..6155.036 rows=5 loops=1)
               Group Key: nation.n_name
               ->  Sort  (cost=2051707.82..2051885.26 rows=70977 width=38) (actual time=6128.662..6131.514 rows=72033 loops=1)
                     Sort Key: nation.n_name
                     Sort Method: quicksort  Memory: 7012kB
                     ->  Hash Join  (cost=93926.32..2045988.83 rows=70977 width=38) (actual time=643.068..6095.318 rows=72033 loops=1)
                           Hash Cond: ((lineitem.l_suppkey = supplier.s_suppkey) AND (customer.c_nationkey = supplier.s_nationkey))
                           ->  Nested Loop  (cost=89205.32..2031846.80 rows=1794479 width=50) (actual time=609.321..5692.755 rows=1815327 loops=1)
                                 ->  Hash Join  (cost=89204.75..397034.90 rows=448792 width=38) (actual time=609.299..2550.321 rows=453399 loops=1)
                                       Hash Cond: (orders.o_custkey = customer.c_custkey)
                                       ->  Bitmap Heap Scan on orders  (cost=25879.51..320806.90 rows=2243959 width=8) (actual time=212.067..1589.031 rows=2276638 loops=1)
                                             Recheck Cond: ((o_orderdate >= '1993-01-01'::date) AND (o_orderdate < '1994-01-01'::date))
                                             Heap Blocks: exact=261246
                                             ->  Bitmap Index Scan on idx_orders_orderdate  (cost=0.00..25318.53 rows=2243959 width=0) (actual time=160.210..160.211 rows=2276638 loops=1)
                                                   Index Cond: ((o_orderdate >= '1993-01-01'::date) AND (o_orderdate < '1994-01-01'::date))
                                       ->  Hash  (cost=59575.14..59575.14 rows=300008 width=38) (actual time=396.860..396.863 rows=299436 loops=1)
                                             Buckets: 524288  Batches: 1  Memory Usage: 25151kB
                                             ->  Hash Join  (cost=2.51..59575.14 rows=300008 width=38) (actual time=0.064..340.864 rows=299436 loops=1)
                                                   Hash Cond: (customer.c_nationkey = nation.n_nationkey)
                                                   ->  Seq Scan on customer  (cost=0.00..50947.40 rows=1500040 width=8) (actual time=0.023..191.978 rows=1500000 loops=1)
                                                   ->  Hash  (cost=2.45..2.45 rows=5 width=30) (actual time=0.036..0.038 rows=5 loops=1)
                                                         Buckets: 1024  Batches: 1  Memory Usage: 9kB
                                                         ->  Hash Join  (cost=1.07..2.45 rows=5 width=30) (actual time=0.031..0.036 rows=5 loops=1)
                                                               Hash Cond: (nation.n_regionkey = region.r_regionkey)
                                                               ->  Seq Scan on nation  (cost=0.00..1.25 rows=25 width=34) (actual time=0.010..0.012 rows=25 loops=1)
                                                               ->  Hash  (cost=1.06..1.06 rows=1 width=4) (actual time=0.015..0.016 rows=1 loops=1)
                                                                     Buckets: 1024  Batches: 1  Memory Usage: 9kB
                                                                     ->  Seq Scan on region  (cost=0.00..1.06 rows=1 width=4) (actual time=0.012..0.013 rows=1 loops=1)
                                                                           Filter: (r_name = 'AMERICA'::bpchar)
                                                                           Rows Removed by Filter: 4
                                 ->  Index Scan using idx_lineitem_orderkey on lineitem  (cost=0.56..3.60 rows=4 width=20) (actual time=0.005..0.006 rows=4 loops=453399)
                                       Index Cond: (l_orderkey = orders.o_orderkey)
                           ->  Hash  (cost=3221.00..3221.00 rows=100000 width=8) (actual time=33.513..33.513 rows=100000 loops=1)
                                 Buckets: 131072  Batches: 1  Memory Usage: 4931kB
                                 ->  Seq Scan on supplier  (cost=0.00..3221.00 rows=100000 width=8) (actual time=0.019..17.396 rows=100000 loops=1)
 Planning Time: 3.996 ms
 Execution Time: 6155.308 ms
(41 rows)

query 6 run 1
SET
SET
SET
                                                                                                          QUERY PLAN                                                                                                           
-------------------------------------------------------------------------------------------------------------------------------------------------------------------------------------------------------------------------------
 Limit  (cost=1989069.36..1989069.37 rows=1 width=32) (actual time=21231.605..21231.607 rows=1 loops=1)
   ->  Aggregate  (cost=1989069.36..1989069.37 rows=1 width=32) (actual time=21231.604..21231.605 rows=1 loops=1)
         ->  Bitmap Heap Scan on lineitem  (cost=218761.03..1982987.88 rows=1216296 width=12) (actual time=1318.957..20630.522 rows=1194558 loops=1)
               Recheck Cond: ((l_shipdate >= '1993-01-01'::date) AND (l_shipdate < '1994-01-01 00:00:00'::timestamp without time zone) AND (l_discount >= 0.06) AND (l_discount <= 0.08) AND (l_quantity < '25'::numeric))
               Rows Removed by Index Recheck: 13724091
               Heap Blocks: exact=395900 lossy=267068
               ->  Bitmap Index Scan on idx_lineitem_shipdate  (cost=0.00..218456.96 rows=1216296 width=0) (actual time=1234.280..1234.280 rows=1194558 loops=1)
                     Index Cond: ((l_shipdate >= '1993-01-01'::date) AND (l_shipdate < '1994-01-01 00:00:00'::timestamp without time zone) AND (l_discount >= 0.06) AND (l_discount <= 0.08) AND (l_quantity < '25'::numeric))
 Planning Time: 13.892 ms
 Execution Time: 21233.001 ms
(10 rows)

SET
SET
SET
                                                                                                          QUERY PLAN                                                                                                           
-------------------------------------------------------------------------------------------------------------------------------------------------------------------------------------------------------------------------------
 Limit  (cost=1989069.36..1989069.37 rows=1 width=32) (actual time=6581.892..6581.893 rows=1 loops=1)
   ->  Aggregate  (cost=1989069.36..1989069.37 rows=1 width=32) (actual time=6581.891..6581.891 rows=1 loops=1)
         ->  Bitmap Heap Scan on lineitem  (cost=218761.03..1982987.88 rows=1216296 width=12) (actual time=1181.012..6250.967 rows=1194558 loops=1)
               Recheck Cond: ((l_shipdate >= '1993-01-01'::date) AND (l_shipdate < '1994-01-01 00:00:00'::timestamp without time zone) AND (l_discount >= 0.06) AND (l_discount <= 0.08) AND (l_quantity < '25'::numeric))
               Rows Removed by Index Recheck: 13724091
               Heap Blocks: exact=395900 lossy=267068
               ->  Bitmap Index Scan on idx_lineitem_shipdate  (cost=0.00..218456.96 rows=1216296 width=0) (actual time=1096.788..1096.788 rows=1194558 loops=1)
                     Index Cond: ((l_shipdate >= '1993-01-01'::date) AND (l_shipdate < '1994-01-01 00:00:00'::timestamp without time zone) AND (l_discount >= 0.06) AND (l_discount <= 0.08) AND (l_quantity < '25'::numeric))
 Planning Time: 0.696 ms
 Execution Time: 6582.086 ms
(10 rows)

query 7 run 1
SET
SET
SET
                                                                                 QUERY PLAN                                                                                  
-----------------------------------------------------------------------------------------------------------------------------------------------------------------------------
 Limit  (cost=2714662.12..2714662.24 rows=1 width=116) (actual time=17932.373..17932.379 rows=1 loops=1)
   ->  GroupAggregate  (cost=2714662.12..2715840.49 rows=10048 width=116) (actual time=17932.372..17932.378 rows=1 loops=1)
         Group Key: n1.n_name, n2.n_name, (EXTRACT(year FROM lineitem.l_shipdate))
         ->  Sort  (cost=2714662.12..2714808.93 rows=58723 width=96) (actual time=17925.300..17925.895 rows=14421 loops=1)
               Sort Key: n1.n_name, n2.n_name, (EXTRACT(year FROM lineitem.l_shipdate))
               Sort Method: quicksort  Memory: 6503kB
               ->  Hash Join  (cost=563430.08..2710010.78 rows=58723 width=96) (actual time=4754.715..17890.523 rows=57794 loops=1)
                     Hash Cond: (lineitem.l_orderkey = orders.o_orderkey)
                     Join Filter: (((n1.n_name = 'PERU'::bpchar) AND (n2.n_name = 'MOROCCO'::bpchar)) OR ((n1.n_name = 'MOROCCO'::bpchar) AND (n2.n_name = 'PERU'::bpchar)))
                     Rows Removed by Join Filter: 58158
                     ->  Hash Join  (cost=3629.40..2109506.10 rows=1411066 width=46) (actual time=31.551..12551.108 rows=1455694 loops=1)
                           Hash Cond: (lineitem.l_suppkey = supplier.s_suppkey)
                           ->  Seq Scan on lineitem  (cost=0.00..2024893.40 rows=17832703 width=24) (actual time=0.484..10370.899 rows=18230325 loops=1)
                                 Filter: ((l_shipdate >= '1995-01-01'::date) AND (l_shipdate <= '1996-12-31'::date))
                                 Rows Removed by Filter: 41755727
                           ->  Hash  (cost=3529.40..3529.40 rows=8000 width=30) (actual time=31.055..31.057 rows=7981 loops=1)
                                 Buckets: 8192  Batches: 1  Memory Usage: 548kB
                                 ->  Hash Join  (cost=1.40..3529.40 rows=8000 width=30) (actual time=0.728..30.006 rows=7981 loops=1)
                                       Hash Cond: (supplier.s_nationkey = n1.n_nationkey)
                                       ->  Seq Scan on supplier  (cost=0.00..3221.00 rows=100000 width=8) (actual time=0.510..20.975 rows=100000 loops=1)
                                       ->  Hash  (cost=1.38..1.38 rows=2 width=30) (actual time=0.211..0.211 rows=2 loops=1)
                                             Buckets: 1024  Batches: 1  Memory Usage: 9kB
                                             ->  Seq Scan on nation n1  (cost=0.00..1.38 rows=2 width=30) (actual time=0.202..0.206 rows=2 loops=1)
                                                   Filter: ((n_name = 'PERU'::bpchar) OR (n_name = 'MOROCCO'::bpchar))
                                                   Rows Removed by Filter: 23
                     ->  Hash  (cost=536595.09..536595.09 rows=1200127 width=30) (actual time=4718.215..4718.218 rows=1191175 loops=1)
                           Buckets: 1048576  Batches: 2  Memory Usage: 44259kB
                           ->  Hash Join  (cost=57053.96..536595.09 rows=1200127 width=30) (actual time=456.937..4502.338 rows=1191175 loops=1)
                                 Hash Cond: (orders.o_custkey = customer.c_custkey)
                                 ->  Seq Scan on orders  (cost=0.00..411283.91 rows=15001591 width=8) (actual time=0.787..1508.147 rows=15000000 loops=1)
                                 ->  Hash  (cost=55553.93..55553.93 rows=120003 width=30) (actual time=455.869..455.870 rows=119622 loops=1)
                                       Buckets: 131072  Batches: 1  Memory Usage: 8267kB
                                       ->  Hash Join  (cost=1.40..55553.93 rows=120003 width=30) (actual time=0.708..434.640 rows=119622 loops=1)
                                             Hash Cond: (customer.c_nationkey = n2.n_nationkey)
                                             ->  Seq Scan on customer  (cost=0.00..50947.40 rows=1500040 width=8) (actual time=0.686..302.652 rows=1500000 loops=1)
                                             ->  Hash  (cost=1.38..1.38 rows=2 width=30) (actual time=0.017..0.017 rows=2 loops=1)
                                                   Buckets: 1024  Batches: 1  Memory Usage: 9kB
                                                   ->  Seq Scan on nation n2  (cost=0.00..1.38 rows=2 width=30) (actual time=0.011..0.014 rows=2 loops=1)
                                                         Filter: ((n_name = 'MOROCCO'::bpchar) OR (n_name = 'PERU'::bpchar))
                                                         Rows Removed by Filter: 23
 Planning Time: 24.774 ms
 Execution Time: 17933.302 ms
(42 rows)

SET
SET
SET
                                                                                 QUERY PLAN                                                                                  
-----------------------------------------------------------------------------------------------------------------------------------------------------------------------------
 Limit  (cost=2714662.12..2714662.24 rows=1 width=116) (actual time=14571.721..14571.728 rows=1 loops=1)
   ->  GroupAggregate  (cost=2714662.12..2715840.49 rows=10048 width=116) (actual time=14571.720..14571.726 rows=1 loops=1)
         Group Key: n1.n_name, n2.n_name, (EXTRACT(year FROM lineitem.l_shipdate))
         ->  Sort  (cost=2714662.12..2714808.93 rows=58723 width=96) (actual time=14564.644..14565.232 rows=14421 loops=1)
               Sort Key: n1.n_name, n2.n_name, (EXTRACT(year FROM lineitem.l_shipdate))
               Sort Method: quicksort  Memory: 6503kB
               ->  Hash Join  (cost=563430.08..2710010.78 rows=58723 width=96) (actual time=3941.693..14531.885 rows=57794 loops=1)
                     Hash Cond: (lineitem.l_orderkey = orders.o_orderkey)
                     Join Filter: (((n1.n_name = 'PERU'::bpchar) AND (n2.n_name = 'MOROCCO'::bpchar)) OR ((n1.n_name = 'MOROCCO'::bpchar) AND (n2.n_name = 'PERU'::bpchar)))
                     Rows Removed by Join Filter: 58158
                     ->  Hash Join  (cost=3629.40..2109506.10 rows=1411066 width=46) (actual time=18.425..10032.127 rows=1455694 loops=1)
                           Hash Cond: (lineitem.l_suppkey = supplier.s_suppkey)
                           ->  Seq Scan on lineitem  (cost=0.00..2024893.40 rows=17832703 width=24) (actual time=0.044..8238.374 rows=18230325 loops=1)
                                 Filter: ((l_shipdate >= '1995-01-01'::date) AND (l_shipdate <= '1996-12-31'::date))
                                 Rows Removed by Filter: 41755727
                           ->  Hash  (cost=3529.40..3529.40 rows=8000 width=30) (actual time=18.372..18.374 rows=7981 loops=1)
                                 Buckets: 8192  Batches: 1  Memory Usage: 548kB
                                 ->  Hash Join  (cost=1.40..3529.40 rows=8000 width=30) (actual time=0.019..17.393 rows=7981 loops=1)
                                       Hash Cond: (supplier.s_nationkey = n1.n_nationkey)
                                       ->  Seq Scan on supplier  (cost=0.00..3221.00 rows=100000 width=8) (actual time=0.003..6.261 rows=100000 loops=1)
                                       ->  Hash  (cost=1.38..1.38 rows=2 width=30) (actual time=0.013..0.013 rows=2 loops=1)
                                             Buckets: 1024  Batches: 1  Memory Usage: 9kB
                                             ->  Seq Scan on nation n1  (cost=0.00..1.38 rows=2 width=30) (actual time=0.009..0.010 rows=2 loops=1)
                                                   Filter: ((n_name = 'PERU'::bpchar) OR (n_name = 'MOROCCO'::bpchar))
                                                   Rows Removed by Filter: 23
                     ->  Hash  (cost=536595.09..536595.09 rows=1200127 width=30) (actual time=3921.026..3921.029 rows=1191175 loops=1)
                           Buckets: 1048576  Batches: 2  Memory Usage: 44259kB
                           ->  Hash Join  (cost=57053.96..536595.09 rows=1200127 width=30) (actual time=282.720..3698.138 rows=1191175 loops=1)
                                 Hash Cond: (orders.o_custkey = customer.c_custkey)
                                 ->  Seq Scan on orders  (cost=0.00..411283.91 rows=15001591 width=8) (actual time=0.094..1053.848 rows=15000000 loops=1)
                                 ->  Hash  (cost=55553.93..55553.93 rows=120003 width=30) (actual time=282.341..282.343 rows=119622 loops=1)
                                       Buckets: 131072  Batches: 1  Memory Usage: 8267kB
                                       ->  Hash Join  (cost=1.40..55553.93 rows=120003 width=30) (actual time=0.023..262.970 rows=119622 loops=1)
                                             Hash Cond: (customer.c_nationkey = n2.n_nationkey)
                                             ->  Seq Scan on customer  (cost=0.00..50947.40 rows=1500040 width=8) (actual time=0.004..94.519 rows=1500000 loops=1)
                                             ->  Hash  (cost=1.38..1.38 rows=2 width=30) (actual time=0.015..0.016 rows=2 loops=1)
                                                   Buckets: 1024  Batches: 1  Memory Usage: 9kB
                                                   ->  Seq Scan on nation n2  (cost=0.00..1.38 rows=2 width=30) (actual time=0.011..0.013 rows=2 loops=1)
                                                         Filter: ((n_name = 'MOROCCO'::bpchar) OR (n_name = 'PERU'::bpchar))
                                                         Rows Removed by Filter: 23
 Planning Time: 2.569 ms
 Execution Time: 14572.007 ms
(42 rows)

query 8 run 1
SET
SET
SET
                                                                                          QUERY PLAN                                                                                           
-----------------------------------------------------------------------------------------------------------------------------------------------------------------------------------------------
 Limit  (cost=1232774.70..1232774.95 rows=1 width=64) (actual time=62516.971..62516.978 rows=1 loops=1)
   ->  GroupAggregate  (cost=1232774.70..1233368.74 rows=2406 width=64) (actual time=62516.970..62516.976 rows=1 loops=1)
         Group Key: (EXTRACT(year FROM orders.o_orderdate))
         ->  Sort  (cost=1232774.70..1232835.36 rows=24263 width=70) (actual time=62511.625..62512.097 rows=11818 loops=1)
               Sort Key: (EXTRACT(year FROM orders.o_orderdate))
               Sort Method: quicksort  Memory: 2259kB
               ->  Nested Loop  (cost=880507.13..1231007.57 rows=24263 width=70) (actual time=54469.578..62493.840 rows=23842 loops=1)
                     ->  Hash Join  (cost=880506.98..1230330.97 rows=24263 width=20) (actual time=54469.546..62451.428 rows=23842 loops=1)
                           Hash Cond: (lineitem.l_suppkey = supplier.s_suppkey)
                           ->  Hash Join  (cost=876035.98..1225795.57 rows=24531 width=20) (actual time=54430.694..62400.854 rows=23842 loops=1)
                                 Hash Cond: (orders.o_custkey = customer.c_custkey)
                                 ->  Hash Join  (cost=812710.74..1161765.07 rows=122654 width=24) (actual time=53931.554..61869.048 rows=118593 loops=1)
                                       Hash Cond: (orders.o_orderkey = lineitem.l_orderkey)
                                       ->  Bitmap Heap Scan on orders  (cost=53240.29..383756.12 rows=4616522 width=12) (actual time=368.044..7321.527 rows=4557513 loops=1)
                                             Recheck Cond: ((o_orderdate >= '1995-01-01'::date) AND (o_orderdate <= '1996-12-31'::date))
                                             Heap Blocks: exact=261268
                                             ->  Bitmap Index Scan on idx_orders_orderdate  (cost=0.00..52086.15 rows=4616522 width=0) (actual time=315.216..315.216 rows=4557513 loops=1)
                                                   Index Cond: ((o_orderdate >= '1995-01-01'::date) AND (o_orderdate <= '1996-12-31'::date))
                                       ->  Hash  (cost=754488.36..754488.36 rows=398568 width=20) (actual time=53563.179..53563.180 rows=389521 loops=1)
                                             Buckets: 524288  Batches: 1  Memory Usage: 25019kB
                                             ->  Nested Loop  (cost=0.44..754488.36 rows=398568 width=20) (actual time=2.206..53149.786 rows=389521 loops=1)
                                                   ->  Seq Scan on part  (cost=0.00..65980.45 rows=13289 width=4) (actual time=1.609..499.982 rows=13011 loops=1)
                                                         Filter: ((p_type)::text = 'LARGE POLISHED BRASS'::text)
                                                         Rows Removed by Filter: 1986989
                                                   ->  Index Scan using idx_lineitem_part_supp on lineitem  (cost=0.44..51.48 rows=33 width=24) (actual time=0.256..4.028 rows=30 loops=13011)
                                                         Index Cond: (l_partkey = part.p_partkey)
                                 ->  Hash  (cost=59575.14..59575.14 rows=300008 width=4) (actual time=498.505..498.507 rows=299436 loops=1)
                                       Buckets: 524288  Batches: 1  Memory Usage: 14624kB
                                       ->  Hash Join  (cost=2.51..59575.14 rows=300008 width=4) (actual time=1.406..453.262 rows=299436 loops=1)
                                             Hash Cond: (customer.c_nationkey = n1.n_nationkey)
                                             ->  Seq Scan on customer  (cost=0.00..50947.40 rows=1500040 width=8) (actual time=0.740..304.779 rows=1500000 loops=1)
                                             ->  Hash  (cost=2.45..2.45 rows=5 width=4) (actual time=0.660..0.661 rows=5 loops=1)
                                                   Buckets: 1024  Batches: 1  Memory Usage: 9kB
                                                   ->  Hash Join  (cost=1.07..2.45 rows=5 width=4) (actual time=0.655..0.660 rows=5 loops=1)
                                                         Hash Cond: (n1.n_regionkey = region.r_regionkey)
                                                         ->  Seq Scan on nation n1  (cost=0.00..1.25 rows=25 width=8) (actual time=0.326..0.327 rows=25 loops=1)
                                                         ->  Hash  (cost=1.06..1.06 rows=1 width=4) (actual time=0.323..0.323 rows=1 loops=1)
                                                               Buckets: 1024  Batches: 1  Memory Usage: 9kB
                                                               ->  Seq Scan on region  (cost=0.00..1.06 rows=1 width=4) (actual time=0.318..0.319 rows=1 loops=1)
                                                                     Filter: (r_name = 'AMERICA'::bpchar)
                                                                     Rows Removed by Filter: 4
                           ->  Hash  (cost=3221.00..3221.00 rows=100000 width=8) (actual time=38.809..38.809 rows=100000 loops=1)
                                 Buckets: 131072  Batches: 1  Memory Usage: 4931kB
                                 ->  Seq Scan on supplier  (cost=0.00..3221.00 rows=100000 width=8) (actual time=0.532..24.916 rows=100000 loops=1)
                     ->  Memoize  (cost=0.15..0.92 rows=1 width=30) (actual time=0.000..0.000 rows=1 loops=23842)
                           Cache Key: supplier.s_nationkey
                           Cache Mode: logical
                           Hits: 23817  Misses: 25  Evictions: 0  Overflows: 0  Memory Usage: 4kB
                           ->  Index Scan using nation_pkey on nation n2  (cost=0.14..0.91 rows=1 width=30) (actual time=0.004..0.004 rows=1 loops=25)
                                 Index Cond: (n_nationkey = supplier.s_nationkey)
 Planning Time: 31.468 ms
 Execution Time: 62517.763 ms
(52 rows)

SET
SET
SET
                                                                                          QUERY PLAN                                                                                           
-----------------------------------------------------------------------------------------------------------------------------------------------------------------------------------------------
 Limit  (cost=1232774.70..1232774.95 rows=1 width=64) (actual time=4886.204..4886.211 rows=1 loops=1)
   ->  GroupAggregate  (cost=1232774.70..1233368.74 rows=2406 width=64) (actual time=4886.203..4886.209 rows=1 loops=1)
         Group Key: (EXTRACT(year FROM orders.o_orderdate))
         ->  Sort  (cost=1232774.70..1232835.36 rows=24263 width=70) (actual time=4881.020..4881.473 rows=11818 loops=1)
               Sort Key: (EXTRACT(year FROM orders.o_orderdate))
               Sort Method: quicksort  Memory: 2259kB
               ->  Nested Loop  (cost=880507.13..1231007.57 rows=24263 width=70) (actual time=2693.763..4870.325 rows=23842 loops=1)
                     ->  Hash Join  (cost=880506.98..1230330.97 rows=24263 width=20) (actual time=2693.748..4848.011 rows=23842 loops=1)
                           Hash Cond: (lineitem.l_suppkey = supplier.s_suppkey)
                           ->  Hash Join  (cost=876035.98..1225795.57 rows=24531 width=20) (actual time=2661.784..4806.093 rows=23842 loops=1)
                                 Hash Cond: (orders.o_custkey = customer.c_custkey)
                                 ->  Hash Join  (cost=812710.74..1161765.07 rows=122654 width=24) (actual time=2283.866..4400.303 rows=118593 loops=1)
                                       Hash Cond: (orders.o_orderkey = lineitem.l_orderkey)
                                       ->  Bitmap Heap Scan on orders  (cost=53240.29..383756.12 rows=4616522 width=12) (actual time=343.723..1623.952 rows=4557513 loops=1)
                                             Recheck Cond: ((o_orderdate >= '1995-01-01'::date) AND (o_orderdate <= '1996-12-31'::date))
                                             Heap Blocks: exact=261268
                                             ->  Bitmap Index Scan on idx_orders_orderdate  (cost=0.00..52086.15 rows=4616522 width=0) (actual time=291.669..291.669 rows=4557513 loops=1)
                                                   Index Cond: ((o_orderdate >= '1995-01-01'::date) AND (o_orderdate <= '1996-12-31'::date))
                                       ->  Hash  (cost=754488.36..754488.36 rows=398568 width=20) (actual time=1939.839..1939.840 rows=389521 loops=1)
                                             Buckets: 524288  Batches: 1  Memory Usage: 25019kB
                                             ->  Nested Loop  (cost=0.44..754488.36 rows=398568 width=20) (actual time=0.097..1828.289 rows=389521 loops=1)
                                                   ->  Seq Scan on part  (cost=0.00..65980.45 rows=13289 width=4) (actual time=0.069..264.091 rows=13011 loops=1)
                                                         Filter: ((p_type)::text = 'LARGE POLISHED BRASS'::text)
                                                         Rows Removed by Filter: 1986989
                                                   ->  Index Scan using idx_lineitem_part_supp on lineitem  (cost=0.44..51.48 rows=33 width=24) (actual time=0.010..0.115 rows=30 loops=13011)
                                                         Index Cond: (l_partkey = part.p_partkey)
                                 ->  Hash  (cost=59575.14..59575.14 rows=300008 width=4) (actual time=377.221..377.224 rows=299436 loops=1)
                                       Buckets: 524288  Batches: 1  Memory Usage: 14624kB
                                       ->  Hash Join  (cost=2.51..59575.14 rows=300008 width=4) (actual time=0.071..333.696 rows=299436 loops=1)
                                             Hash Cond: (customer.c_nationkey = n1.n_nationkey)
                                             ->  Seq Scan on customer  (cost=0.00..50947.40 rows=1500040 width=8) (actual time=0.027..188.500 rows=1500000 loops=1)
                                             ->  Hash  (cost=2.45..2.45 rows=5 width=4) (actual time=0.039..0.040 rows=5 loops=1)
                                                   Buckets: 1024  Batches: 1  Memory Usage: 9kB
                                                   ->  Hash Join  (cost=1.07..2.45 rows=5 width=4) (actual time=0.034..0.039 rows=5 loops=1)
                                                         Hash Cond: (n1.n_regionkey = region.r_regionkey)
                                                         ->  Seq Scan on nation n1  (cost=0.00..1.25 rows=25 width=8) (actual time=0.014..0.015 rows=25 loops=1)
                                                         ->  Hash  (cost=1.06..1.06 rows=1 width=4) (actual time=0.016..0.016 rows=1 loops=1)
                                                               Buckets: 1024  Batches: 1  Memory Usage: 9kB
                                                               ->  Seq Scan on region  (cost=0.00..1.06 rows=1 width=4) (actual time=0.012..0.013 rows=1 loops=1)
                                                                     Filter: (r_name = 'AMERICA'::bpchar)
                                                                     Rows Removed by Filter: 4
                           ->  Hash  (cost=3221.00..3221.00 rows=100000 width=8) (actual time=31.922..31.922 rows=100000 loops=1)
                                 Buckets: 131072  Batches: 1  Memory Usage: 4931kB
                                 ->  Seq Scan on supplier  (cost=0.00..3221.00 rows=100000 width=8) (actual time=0.021..17.077 rows=100000 loops=1)
                     ->  Memoize  (cost=0.15..0.92 rows=1 width=30) (actual time=0.000..0.000 rows=1 loops=23842)
                           Cache Key: supplier.s_nationkey
                           Cache Mode: logical
                           Hits: 23817  Misses: 25  Evictions: 0  Overflows: 0  Memory Usage: 4kB
                           ->  Index Scan using nation_pkey on nation n2  (cost=0.14..0.91 rows=1 width=30) (actual time=0.002..0.002 rows=1 loops=25)
                                 Index Cond: (n_nationkey = supplier.s_nationkey)
 Planning Time: 4.576 ms
 Execution Time: 4886.704 ms
(52 rows)

query 9 run 1
SET
SET
SET
                                                                                   QUERY PLAN                                                                                    
---------------------------------------------------------------------------------------------------------------------------------------------------------------------------------
 Limit  (cost=2291131.91..2291131.94 rows=1 width=90) (actual time=176642.713..176642.719 rows=1 loops=1)
   ->  GroupAggregate  (cost=2291131.91..2291138.42 rows=186 width=90) (actual time=176642.712..176642.717 rows=1 loops=1)
         Group Key: nation.n_name, (EXTRACT(year FROM orders.o_orderdate))
         ->  Sort  (cost=2291131.91..2291132.37 rows=186 width=81) (actual time=176632.839..176635.983 rows=11401 loops=1)
               Sort Key: nation.n_name, (EXTRACT(year FROM orders.o_orderdate)) DESC
               Sort Method: external merge  Disk: 211216kB
               ->  Nested Loop  (cost=67749.25..2291124.89 rows=186 width=81) (actual time=582.813..172803.315 rows=3248192 loops=1)
                     Join Filter: (supplier.s_nationkey = nation.n_nationkey)
                     Rows Removed by Join Filter: 39009119
                     ->  Nested Loop  (cost=67749.25..2291055.79 rows=186 width=31) (actual time=582.601..165593.216 rows=3248192 loops=1)
                           ->  Nested Loop  (cost=67748.82..2290419.18 rows=186 width=31) (actual time=581.833..120407.631 rows=3248192 loops=1)
                                 ->  Nested Loop  (cost=67748.53..2289806.17 rows=187 width=35) (actual time=581.320..111271.640 rows=3248192 loops=1)
                                       ->  Hash Join  (cost=67748.09..343948.45 rows=565535 width=18) (actual time=580.945..2906.749 rows=433248 loops=1)
                                             Hash Cond: (partsupp.ps_partkey = part.p_partkey)
                                             ->  Seq Scan on partsupp  (cost=0.00..255204.83 rows=7998283 width=14) (actual time=0.477..1196.585 rows=8000000 loops=1)
                                             ->  Hash  (cost=65980.45..65980.45 rows=141411 width=4) (actual time=580.038..580.039 rows=108312 loops=1)
                                                   Buckets: 262144  Batches: 1  Memory Usage: 5856kB
                                                   ->  Seq Scan on part  (cost=0.00..65980.45 rows=141411 width=4) (actual time=0.596..562.839 rows=108312 loops=1)
                                                         Filter: ((p_name)::text ~~ '%navy%'::text)
                                                         Rows Removed by Filter: 1891688
                                       ->  Index Scan using idx_lineitem_part_supp on lineitem  (cost=0.44..3.43 rows=1 width=29) (actual time=0.036..0.247 rows=7 loops=433248)
                                             Index Cond: ((l_partkey = partsupp.ps_partkey) AND (l_suppkey = partsupp.ps_suppkey))
                                 ->  Index Scan using supplier_pkey on supplier  (cost=0.29..3.28 rows=1 width=8) (actual time=0.002..0.002 rows=1 loops=3248192)
                                       Index Cond: (s_suppkey = lineitem.l_suppkey)
                           ->  Index Scan using orders_pkey on orders  (cost=0.43..3.42 rows=1 width=8) (actual time=0.013..0.013 rows=1 loops=3248192)
                                 Index Cond: (o_orderkey = lineitem.l_orderkey)
                     ->  Materialize  (cost=0.00..1.38 rows=25 width=30) (actual time=0.000..0.001 rows=13 loops=3248192)
                           Storage: Memory  Maximum Storage: 18kB
                           ->  Seq Scan on nation  (cost=0.00..1.25 rows=25 width=30) (actual time=0.184..0.189 rows=25 loops=1)
 Planning Time: 29.759 ms
 Execution Time: 176667.043 ms
(31 rows)

SET
SET
SET
                                                                                   QUERY PLAN                                                                                    
---------------------------------------------------------------------------------------------------------------------------------------------------------------------------------
 Limit  (cost=2291131.91..2291131.94 rows=1 width=90) (actual time=56465.334..56465.339 rows=1 loops=1)
   ->  GroupAggregate  (cost=2291131.91..2291138.42 rows=186 width=90) (actual time=56465.333..56465.337 rows=1 loops=1)
         Group Key: nation.n_name, (EXTRACT(year FROM orders.o_orderdate))
         ->  Sort  (cost=2291131.91..2291132.37 rows=186 width=81) (actual time=56455.483..56458.611 rows=11401 loops=1)
               Sort Key: nation.n_name, (EXTRACT(year FROM orders.o_orderdate)) DESC
               Sort Method: external merge  Disk: 211216kB
               ->  Nested Loop  (cost=67749.25..2291124.89 rows=186 width=81) (actual time=540.326..53000.170 rows=3248192 loops=1)
                     Join Filter: (supplier.s_nationkey = nation.n_nationkey)
                     Rows Removed by Join Filter: 39009119
                     ->  Nested Loop  (cost=67749.25..2291055.79 rows=186 width=31) (actual time=540.307..47156.700 rows=3248192 loops=1)
                           ->  Nested Loop  (cost=67748.82..2290419.18 rows=186 width=31) (actual time=540.295..27316.761 rows=3248192 loops=1)
                                 ->  Nested Loop  (cost=67748.53..2289806.17 rows=187 width=35) (actual time=540.280..20805.967 rows=3248192 loops=1)
                                       ->  Hash Join  (cost=67748.09..343948.45 rows=565535 width=18) (actual time=540.255..2419.843 rows=433248 loops=1)
                                             Hash Cond: (partsupp.ps_partkey = part.p_partkey)
                                             ->  Seq Scan on partsupp  (cost=0.00..255204.83 rows=7998283 width=14) (actual time=0.316..862.574 rows=8000000 loops=1)
                                             ->  Hash  (cost=65980.45..65980.45 rows=141411 width=4) (actual time=539.473..539.474 rows=108312 loops=1)
                                                   Buckets: 262144  Batches: 1  Memory Usage: 5856kB
                                                   ->  Seq Scan on part  (cost=0.00..65980.45 rows=141411 width=4) (actual time=0.376..522.186 rows=108312 loops=1)
                                                         Filter: ((p_name)::text ~~ '%navy%'::text)
                                                         Rows Removed by Filter: 1891688
                                       ->  Index Scan using idx_lineitem_part_supp on lineitem  (cost=0.44..3.43 rows=1 width=29) (actual time=0.007..0.041 rows=7 loops=433248)
                                             Index Cond: ((l_partkey = partsupp.ps_partkey) AND (l_suppkey = partsupp.ps_suppkey))
                                 ->  Index Scan using supplier_pkey on supplier  (cost=0.29..3.28 rows=1 width=8) (actual time=0.002..0.002 rows=1 loops=3248192)
                                       Index Cond: (s_suppkey = lineitem.l_suppkey)
                           ->  Index Scan using orders_pkey on orders  (cost=0.43..3.42 rows=1 width=8) (actual time=0.006..0.006 rows=1 loops=3248192)
                                 Index Cond: (o_orderkey = lineitem.l_orderkey)
                     ->  Materialize  (cost=0.00..1.38 rows=25 width=30) (actual time=0.000..0.001 rows=13 loops=3248192)
                           Storage: Memory  Maximum Storage: 18kB
                           ->  Seq Scan on nation  (cost=0.00..1.25 rows=25 width=30) (actual time=0.005..0.008 rows=25 loops=1)
 Planning Time: 20.260 ms
 Execution Time: 56492.598 ms
(31 rows)

query 10 run 1
SET
SET
SET
                                                                                            QUERY PLAN                                                                                            
--------------------------------------------------------------------------------------------------------------------------------------------------------------------------------------------------
 Limit  (cost=2402509.99..2402510.04 rows=20 width=201) (actual time=21782.725..21782.730 rows=20 loops=1)
   ->  Sort  (cost=2402509.99..2403974.08 rows=585636 width=201) (actual time=21782.725..21782.728 rows=20 loops=1)
         Sort Key: (sum((lineitem.l_extendedprice * ('1'::numeric - lineitem.l_discount)))) DESC
         Sort Method: top-N heapsort  Memory: 33kB
         ->  GroupAggregate  (cost=2254436.28..2386926.42 rows=585636 width=201) (actual time=19255.675..21665.489 rows=381205 loops=1)
               Group Key: customer.c_custkey, nation.n_name
               ->  Incremental Sort  (cost=2254436.28..2372285.52 rows=585636 width=181) (actual time=19255.663..20988.586 rows=1145402 loops=1)
                     Sort Key: customer.c_custkey, nation.n_name
                     Presorted Key: customer.c_custkey
                     Full-sort Groups: 34068  Sort Method: quicksort  Average Memory: 31kB  Peak Memory: 31kB
                     ->  Nested Loop  (cost=2254436.11..2345931.90 rows=585636 width=181) (actual time=19255.517..20618.308 rows=1145402 loops=1)
                           ->  Merge Join  (cost=2254435.96..2331592.53 rows=585636 width=159) (actual time=19255.224..20217.831 rows=1145402 loops=1)
                                 Merge Cond: (customer.c_custkey = orders.o_custkey)
                                 ->  Index Scan using customer_pkey on customer  (cost=0.43..64622.53 rows=1500040 width=147) (actual time=0.469..506.494 rows=1499997 loops=1)
                                 ->  Sort  (cost=2254435.43..2255899.52 rows=585636 width=16) (actual time=19254.740..19364.942 rows=1145402 loops=1)
                                       Sort Key: orders.o_custkey
                                       Sort Method: external sort  Disk: 35280kB
                                       ->  Hash Join  (cost=284280.14..2198332.55 rows=585636 width=16) (actual time=7220.859..18811.576 rows=1145402 loops=1)
                                             Hash Cond: (lineitem.l_orderkey = orders.o_orderkey)
                                             ->  Seq Scan on lineitem  (cost=0.00..1874935.00 rows=14901866 width=16) (actual time=0.514..9951.579 rows=14808183 loops=1)
                                                   Filter: (l_returnflag = 'R'::bpchar)
                                                   Rows Removed by Filter: 45177869
                                             ->  Hash  (cost=276910.70..276910.70 rows=589555 width=8) (actual time=7218.240..7218.241 rows=573160 loops=1)
                                                   Buckets: 1048576  Batches: 1  Memory Usage: 30582kB
                                                   ->  Bitmap Heap Scan on orders  (cost=6799.37..276910.70 rows=589555 width=8) (actual time=112.187..7033.501 rows=573160 loops=1)
                                                         Recheck Cond: ((o_orderdate >= '1994-08-01'::date) AND (o_orderdate < '1994-11-01'::date))
                                                         Heap Blocks: exact=233346
                                                         ->  Bitmap Index Scan on idx_orders_orderdate  (cost=0.00..6651.99 rows=589555 width=0) (actual time=65.173..65.173 rows=573160 loops=1)
                                                               Index Cond: ((o_orderdate >= '1994-08-01'::date) AND (o_orderdate < '1994-11-01'::date))
                           ->  Memoize  (cost=0.15..0.92 rows=1 width=30) (actual time=0.000..0.000 rows=1 loops=1145402)
                                 Cache Key: customer.c_nationkey
                                 Cache Mode: logical
                                 Hits: 1145377  Misses: 25  Evictions: 0  Overflows: 0  Memory Usage: 4kB
                                 ->  Index Scan using nation_pkey on nation  (cost=0.14..0.91 rows=1 width=30) (actual time=0.013..0.013 rows=1 loops=25)
                                       Index Cond: (n_nationkey = customer.c_nationkey)
 Planning Time: 23.891 ms
 Execution Time: 21787.814 ms
(37 rows)

SET
SET
SET
                                                                                            QUERY PLAN                                                                                            
--------------------------------------------------------------------------------------------------------------------------------------------------------------------------------------------------
 Limit  (cost=2402509.99..2402510.04 rows=20 width=201) (actual time=13794.951..13794.957 rows=20 loops=1)
   ->  Sort  (cost=2402509.99..2403974.08 rows=585636 width=201) (actual time=13794.950..13794.954 rows=20 loops=1)
         Sort Key: (sum((lineitem.l_extendedprice * ('1'::numeric - lineitem.l_discount)))) DESC
         Sort Method: top-N heapsort  Memory: 33kB
         ->  GroupAggregate  (cost=2254436.28..2386926.42 rows=585636 width=201) (actual time=11413.262..13678.388 rows=381205 loops=1)
               Group Key: customer.c_custkey, nation.n_name
               ->  Incremental Sort  (cost=2254436.28..2372285.52 rows=585636 width=181) (actual time=11413.249..13007.826 rows=1145402 loops=1)
                     Sort Key: customer.c_custkey, nation.n_name
                     Presorted Key: customer.c_custkey
                     Full-sort Groups: 34068  Sort Method: quicksort  Average Memory: 31kB  Peak Memory: 31kB
                     ->  Nested Loop  (cost=2254436.11..2345931.90 rows=585636 width=181) (actual time=11413.143..12641.574 rows=1145402 loops=1)
                           ->  Merge Join  (cost=2254435.96..2331592.53 rows=585636 width=159) (actual time=11413.111..12244.679 rows=1145402 loops=1)
                                 Merge Cond: (customer.c_custkey = orders.o_custkey)
                                 ->  Index Scan using customer_pkey on customer  (cost=0.43..64622.53 rows=1500040 width=147) (actual time=0.015..382.142 rows=1499997 loops=1)
                                 ->  Sort  (cost=2254435.43..2255899.52 rows=585636 width=16) (actual time=11413.083..11522.347 rows=1145402 loops=1)
                                       Sort Key: orders.o_custkey
                                       Sort Method: external sort  Disk: 35280kB
                                       ->  Hash Join  (cost=284280.14..2198332.55 rows=585636 width=16) (actual time=1561.993..10987.610 rows=1145402 loops=1)
                                             Hash Cond: (lineitem.l_orderkey = orders.o_orderkey)
                                             ->  Seq Scan on lineitem  (cost=0.00..1874935.00 rows=14901866 width=16) (actual time=0.019..7859.403 rows=14808183 loops=1)
                                                   Filter: (l_returnflag = 'R'::bpchar)
                                                   Rows Removed by Filter: 45177869
                                             ->  Hash  (cost=276910.70..276910.70 rows=589555 width=8) (actual time=1560.536..1560.537 rows=573160 loops=1)
                                                   Buckets: 1048576  Batches: 1  Memory Usage: 30582kB
                                                   ->  Bitmap Heap Scan on orders  (cost=6799.37..276910.70 rows=589555 width=8) (actual time=110.620..1433.232 rows=573160 loops=1)
                                                         Recheck Cond: ((o_orderdate >= '1994-08-01'::date) AND (o_orderdate < '1994-11-01'::date))
                                                         Heap Blocks: exact=233346
                                                         ->  Bitmap Index Scan on idx_orders_orderdate  (cost=0.00..6651.99 rows=589555 width=0) (actual time=64.425..64.426 rows=573160 loops=1)
                                                               Index Cond: ((o_orderdate >= '1994-08-01'::date) AND (o_orderdate < '1994-11-01'::date))
                           ->  Memoize  (cost=0.15..0.92 rows=1 width=30) (actual time=0.000..0.000 rows=1 loops=1145402)
                                 Cache Key: customer.c_nationkey
                                 Cache Mode: logical
                                 Hits: 1145377  Misses: 25  Evictions: 0  Overflows: 0  Memory Usage: 4kB
                                 ->  Index Scan using nation_pkey on nation  (cost=0.14..0.91 rows=1 width=30) (actual time=0.002..0.002 rows=1 loops=25)
                                       Index Cond: (n_nationkey = customer.c_nationkey)
 Planning Time: 2.140 ms
 Execution Time: 13799.739 ms
(37 rows)

query 11 run 1
SET
SET
SET
                                                                                QUERY PLAN                                                                                 
---------------------------------------------------------------------------------------------------------------------------------------------------------------------------
 Limit  (cost=606471.01..606471.01 rows=1 width=36) (actual time=3479.044..3479.051 rows=0 loops=1)
   InitPlan 1
     ->  Aggregate  (cost=293093.07..293093.08 rows=1 width=32) (actual time=1388.953..1388.957 rows=1 loops=1)
           ->  Hash Join  (cost=2311.46..290700.26 rows=319041 width=10) (actual time=3.141..1320.243 rows=320800 loops=1)
                 Hash Cond: (partsupp_1.ps_suppkey = supplier_1.s_suppkey)
                 ->  Seq Scan on partsupp partsupp_1  (cost=0.00..255204.83 rows=7998283 width=14) (actual time=0.020..616.855 rows=8000000 loops=1)
                 ->  Hash  (cost=2261.46..2261.46 rows=4000 width=4) (actual time=3.068..3.070 rows=4010 loops=1)
                       Buckets: 4096  Batches: 1  Memory Usage: 173kB
                       ->  Nested Loop  (cost=37.29..2261.46 rows=4000 width=4) (actual time=0.724..2.721 rows=4010 loops=1)
                             ->  Seq Scan on nation nation_1  (cost=0.00..1.31 rows=1 width=4) (actual time=0.008..0.009 rows=1 loops=1)
                                   Filter: (n_name = 'SAUDI ARABIA'::bpchar)
                                   Rows Removed by Filter: 24
                             ->  Bitmap Heap Scan on supplier supplier_1  (cost=37.29..2220.15 rows=4000 width=8) (actual time=0.714..2.396 rows=4010 loops=1)
                                   Recheck Cond: (s_nationkey = nation_1.n_nationkey)
                                   Heap Blocks: exact=1869
                                   ->  Bitmap Index Scan on idx_supplier_nation_key  (cost=0.00..36.29 rows=4000 width=0) (actual time=0.504..0.504 rows=4010 loops=1)
                                         Index Cond: (s_nationkey = nation_1.n_nationkey)
   ->  Sort  (cost=313377.93..313643.79 rows=106347 width=36) (actual time=3479.043..3479.045 rows=0 loops=1)
         Sort Key: (sum((partsupp.ps_supplycost * (partsupp.ps_availqty)::numeric))) DESC
         Sort Method: quicksort  Memory: 25kB
         ->  HashAggregate  (cost=304944.94..312846.19 rows=106347 width=36) (actual time=3479.010..3479.012 rows=0 loops=1)
               Group Key: partsupp.ps_partkey
               Filter: (sum((partsupp.ps_supplycost * (partsupp.ps_availqty)::numeric)) > (InitPlan 1).col1)
               Planned Partitions: 4  Batches: 5  Memory Usage: 65585kB  Disk Usage: 7312kB
               Rows Removed by Filter: 301833
               ->  Hash Join  (cost=2311.46..290700.26 rows=319041 width=14) (actual time=55.968..1755.106 rows=320800 loops=1)
                     Hash Cond: (partsupp.ps_suppkey = supplier.s_suppkey)
                     ->  Seq Scan on partsupp  (cost=0.00..255204.83 rows=7998283 width=18) (actual time=0.625..952.165 rows=8000000 loops=1)
                     ->  Hash  (cost=2261.46..2261.46 rows=4000 width=4) (actual time=55.274..55.275 rows=4010 loops=1)
                           Buckets: 4096  Batches: 1  Memory Usage: 173kB
                           ->  Nested Loop  (cost=37.29..2261.46 rows=4000 width=4) (actual time=1.761..54.106 rows=4010 loops=1)
                                 ->  Seq Scan on nation  (cost=0.00..1.31 rows=1 width=4) (actual time=0.207..0.211 rows=1 loops=1)
                                       Filter: (n_name = 'SAUDI ARABIA'::bpchar)
                                       Rows Removed by Filter: 24
                                 ->  Bitmap Heap Scan on supplier  (cost=37.29..2220.15 rows=4000 width=8) (actual time=1.548..53.141 rows=4010 loops=1)
                                       Recheck Cond: (s_nationkey = nation.n_nationkey)
                                       Heap Blocks: exact=1869
                                       ->  Bitmap Index Scan on idx_supplier_nation_key  (cost=0.00..36.29 rows=4000 width=0) (actual time=0.908..0.908 rows=4010 loops=1)
                                             Index Cond: (s_nationkey = nation.n_nationkey)
 Planning Time: 16.444 ms
 Execution Time: 3481.434 ms
(41 rows)

SET
SET
SET
                                                                                QUERY PLAN                                                                                 
---------------------------------------------------------------------------------------------------------------------------------------------------------------------------
 Limit  (cost=606471.01..606471.01 rows=1 width=36) (actual time=3082.375..3082.381 rows=0 loops=1)
   InitPlan 1
     ->  Aggregate  (cost=293093.07..293093.08 rows=1 width=32) (actual time=1393.014..1393.017 rows=1 loops=1)
           ->  Hash Join  (cost=2311.46..290700.26 rows=319041 width=10) (actual time=2.976..1324.093 rows=320800 loops=1)
                 Hash Cond: (partsupp_1.ps_suppkey = supplier_1.s_suppkey)
                 ->  Seq Scan on partsupp partsupp_1  (cost=0.00..255204.83 rows=7998283 width=14) (actual time=0.018..618.420 rows=8000000 loops=1)
                 ->  Hash  (cost=2261.46..2261.46 rows=4000 width=4) (actual time=2.916..2.918 rows=4010 loops=1)
                       Buckets: 4096  Batches: 1  Memory Usage: 173kB
                       ->  Nested Loop  (cost=37.29..2261.46 rows=4000 width=4) (actual time=0.576..2.572 rows=4010 loops=1)
                             ->  Seq Scan on nation nation_1  (cost=0.00..1.31 rows=1 width=4) (actual time=0.008..0.009 rows=1 loops=1)
                                   Filter: (n_name = 'SAUDI ARABIA'::bpchar)
                                   Rows Removed by Filter: 24
                             ->  Bitmap Heap Scan on supplier supplier_1  (cost=37.29..2220.15 rows=4000 width=8) (actual time=0.566..2.243 rows=4010 loops=1)
                                   Recheck Cond: (s_nationkey = nation_1.n_nationkey)
                                   Heap Blocks: exact=1869
                                   ->  Bitmap Index Scan on idx_supplier_nation_key  (cost=0.00..36.29 rows=4000 width=0) (actual time=0.358..0.358 rows=4010 loops=1)
                                         Index Cond: (s_nationkey = nation_1.n_nationkey)
   ->  Sort  (cost=313377.93..313643.79 rows=106347 width=36) (actual time=3082.374..3082.376 rows=0 loops=1)
         Sort Key: (sum((partsupp.ps_supplycost * (partsupp.ps_availqty)::numeric))) DESC
         Sort Method: quicksort  Memory: 25kB
         ->  HashAggregate  (cost=304944.94..312846.19 rows=106347 width=36) (actual time=3082.344..3082.346 rows=0 loops=1)
               Group Key: partsupp.ps_partkey
               Filter: (sum((partsupp.ps_supplycost * (partsupp.ps_availqty)::numeric)) > (InitPlan 1).col1)
               Planned Partitions: 4  Batches: 5  Memory Usage: 65585kB  Disk Usage: 7312kB
               Rows Removed by Filter: 301833
               ->  Hash Join  (cost=2311.46..290700.26 rows=319041 width=14) (actual time=3.688..1365.787 rows=320800 loops=1)
                     Hash Cond: (partsupp.ps_suppkey = supplier.s_suppkey)
                     ->  Seq Scan on partsupp  (cost=0.00..255204.83 rows=7998283 width=18) (actual time=0.044..623.473 rows=8000000 loops=1)
                     ->  Hash  (cost=2261.46..2261.46 rows=4000 width=4) (actual time=3.612..3.613 rows=4010 loops=1)
                           Buckets: 4096  Batches: 1  Memory Usage: 173kB
                           ->  Nested Loop  (cost=37.29..2261.46 rows=4000 width=4) (actual time=0.491..3.253 rows=4010 loops=1)
                                 ->  Seq Scan on nation  (cost=0.00..1.31 rows=1 width=4) (actual time=0.012..0.013 rows=1 loops=1)
                                       Filter: (n_name = 'SAUDI ARABIA'::bpchar)
                                       Rows Removed by Filter: 24
                                 ->  Bitmap Heap Scan on supplier  (cost=37.29..2220.15 rows=4000 width=8) (actual time=0.476..2.897 rows=4010 loops=1)
                                       Recheck Cond: (s_nationkey = nation.n_nationkey)
                                       Heap Blocks: exact=1869
                                       ->  Bitmap Index Scan on idx_supplier_nation_key  (cost=0.00..36.29 rows=4000 width=0) (actual time=0.267..0.267 rows=4010 loops=1)
                                             Index Cond: (s_nationkey = nation.n_nationkey)
 Planning Time: 1.009 ms
 Execution Time: 3084.303 ms
(41 rows)

query 12 run 1
SET
SET
SET
                                                                                                                    QUERY PLAN                                                                                                                     
---------------------------------------------------------------------------------------------------------------------------------------------------------------------------------------------------------------------------------------------------
 Limit  (cost=3032293.37..3033143.11 rows=1 width=27) (actual time=18111.230..18111.232 rows=1 loops=1)
   ->  GroupAggregate  (cost=3032293.37..3038241.56 rows=7 width=27) (actual time=18111.228..18111.230 rows=1 loops=1)
         Group Key: lineitem.l_shipmode
         ->  Sort  (cost=3032293.37..3033036.88 rows=297406 width=27) (actual time=18068.976..18075.197 rows=155572 loops=1)
               Sort Key: lineitem.l_shipmode
               Sort Method: quicksort  Memory: 25513kB
               ->  Hash Join  (cost=2478486.17..3005256.08 rows=297406 width=27) (actual time=14214.365..18017.274 rows=311258 loops=1)
                     Hash Cond: (orders.o_orderkey = lineitem.l_orderkey)
                     ->  Seq Scan on orders  (cost=0.00..411283.91 rows=15001591 width=20) (actual time=0.537..1451.287 rows=15000000 loops=1)
                     ->  Hash  (cost=2474768.60..2474768.60 rows=297406 width=15) (actual time=14213.091..14213.091 rows=311258 loops=1)
                           Buckets: 524288  Batches: 1  Memory Usage: 18687kB
                           ->  Seq Scan on lineitem  (cost=0.00..2474768.60 rows=297406 width=15) (actual time=1.404..14140.502 rows=311258 loops=1)
                                 Filter: ((l_shipmode = ANY ('{SHIP,"REG AIR"}'::bpchar[])) AND (l_commitdate < l_receiptdate) AND (l_shipdate < l_commitdate) AND (l_receiptdate >= '1994-01-01'::date) AND (l_receiptdate < '1995-01-01'::date))
                                 Rows Removed by Filter: 59674794
 Planning Time: 16.307 ms
 Execution Time: 18111.591 ms
(16 rows)

SET
SET
SET
                                                                                                                    QUERY PLAN                                                                                                                     
---------------------------------------------------------------------------------------------------------------------------------------------------------------------------------------------------------------------------------------------------
 Limit  (cost=3032293.37..3033143.11 rows=1 width=27) (actual time=15399.058..15399.061 rows=1 loops=1)
   ->  GroupAggregate  (cost=3032293.37..3038241.56 rows=7 width=27) (actual time=15399.057..15399.059 rows=1 loops=1)
         Group Key: lineitem.l_shipmode
         ->  Sort  (cost=3032293.37..3033036.88 rows=297406 width=27) (actual time=15356.770..15362.987 rows=155572 loops=1)
               Sort Key: lineitem.l_shipmode
               Sort Method: quicksort  Memory: 25513kB
               ->  Hash Join  (cost=2478486.17..3005256.08 rows=297406 width=27) (actual time=12063.557..15305.931 rows=311258 loops=1)
                     Hash Cond: (orders.o_orderkey = lineitem.l_orderkey)
                     ->  Seq Scan on orders  (cost=0.00..411283.91 rows=15001591 width=20) (actual time=0.023..1025.624 rows=15000000 loops=1)
                     ->  Hash  (cost=2474768.60..2474768.60 rows=297406 width=15) (actual time=12062.821..12062.822 rows=311258 loops=1)
                           Buckets: 524288  Batches: 1  Memory Usage: 18687kB
                           ->  Seq Scan on lineitem  (cost=0.00..2474768.60 rows=297406 width=15) (actual time=0.113..11997.446 rows=311258 loops=1)
                                 Filter: ((l_shipmode = ANY ('{SHIP,"REG AIR"}'::bpchar[])) AND (l_commitdate < l_receiptdate) AND (l_shipdate < l_commitdate) AND (l_receiptdate >= '1994-01-01'::date) AND (l_receiptdate < '1995-01-01'::date))
                                 Rows Removed by Filter: 59674794
 Planning Time: 0.804 ms
 Execution Time: 15399.137 ms
(16 rows)

query 13 run 1
SET
SET
SET
                                                                                    QUERY PLAN                                                                                     
-----------------------------------------------------------------------------------------------------------------------------------------------------------------------------------
 Limit  (cost=1361728.67..1361728.67 rows=1 width=16) (actual time=16833.431..16833.434 rows=1 loops=1)
   ->  Sort  (cost=1361728.67..1361729.17 rows=200 width=16) (actual time=16833.430..16833.432 rows=1 loops=1)
         Sort Key: (count(*)) DESC, (count(orders.o_orderkey)) DESC
         Sort Method: top-N heapsort  Memory: 25kB
         ->  HashAggregate  (cost=1361725.67..1361727.67 rows=200 width=16) (actual time=16833.403..16833.411 rows=46 loops=1)
               Group Key: count(orders.o_orderkey)
               Batches: 1  Memory Usage: 40kB
               ->  HashAggregate  (cost=1208208.57..1339225.07 rows=1500040 width=12) (actual time=14691.432..16665.233 rows=1500000 loops=1)
                     Group Key: customer.c_custkey
                     Planned Partitions: 4  Batches: 5  Memory Usage: 65585kB  Disk Usage: 212480kB
                     ->  Hash Right Join  (cost=53285.53..662932.93 rows=14850060 width=8) (actual time=368.412..10905.267 rows=15337604 loops=1)
                           Hash Cond: (orders.o_custkey = customer.c_custkey)
                           ->  Seq Scan on orders  (cost=0.00..448787.89 rows=14850060 width=8) (actual time=0.586..5004.965 rows=14837583 loops=1)
                                 Filter: ((o_comment)::text !~~ '%special%requests%'::text)
                                 Rows Removed by Filter: 162417
                           ->  Hash  (cost=28675.03..28675.03 rows=1500040 width=4) (actual time=365.225..365.226 rows=1500000 loops=1)
                                 Buckets: 2097152  Batches: 2  Memory Usage: 42747kB
                                 ->  Index Only Scan using customer_pkey on customer  (cost=0.43..28675.03 rows=1500040 width=4) (actual time=0.021..164.697 rows=1500000 loops=1)
                                       Heap Fetches: 0
 Planning Time: 18.114 ms
 Execution Time: 16866.528 ms
(21 rows)

SET
SET
SET
                                                                                    QUERY PLAN                                                                                     
-----------------------------------------------------------------------------------------------------------------------------------------------------------------------------------
 Limit  (cost=1361728.67..1361728.67 rows=1 width=16) (actual time=16112.285..16112.288 rows=1 loops=1)
   ->  Sort  (cost=1361728.67..1361729.17 rows=200 width=16) (actual time=16112.284..16112.286 rows=1 loops=1)
         Sort Key: (count(*)) DESC, (count(orders.o_orderkey)) DESC
         Sort Method: top-N heapsort  Memory: 25kB
         ->  HashAggregate  (cost=1361725.67..1361727.67 rows=200 width=16) (actual time=16112.257..16112.265 rows=46 loops=1)
               Group Key: count(orders.o_orderkey)
               Batches: 1  Memory Usage: 40kB
               ->  HashAggregate  (cost=1208208.57..1339225.07 rows=1500040 width=12) (actual time=13963.142..15942.515 rows=1500000 loops=1)
                     Group Key: customer.c_custkey
                     Planned Partitions: 4  Batches: 5  Memory Usage: 65585kB  Disk Usage: 212480kB
                     ->  Hash Right Join  (cost=53285.53..662932.93 rows=14850060 width=8) (actual time=330.803..10184.710 rows=15337604 loops=1)
                           Hash Cond: (orders.o_custkey = customer.c_custkey)
                           ->  Seq Scan on orders  (cost=0.00..448787.89 rows=14850060 width=8) (actual time=0.037..4551.048 rows=14837583 loops=1)
                                 Filter: ((o_comment)::text !~~ '%special%requests%'::text)
                                 Rows Removed by Filter: 162417
                           ->  Hash  (cost=28675.03..28675.03 rows=1500040 width=4) (actual time=328.123..328.123 rows=1500000 loops=1)
                                 Buckets: 2097152  Batches: 2  Memory Usage: 42747kB
                                 ->  Index Only Scan using customer_pkey on customer  (cost=0.43..28675.03 rows=1500040 width=4) (actual time=0.020..133.300 rows=1500000 loops=1)
                                       Heap Fetches: 0
 Planning Time: 0.698 ms
 Execution Time: 16145.637 ms
(21 rows)

query 14 run 1
SET
SET
SET
                                                                              QUERY PLAN                                                                               
-----------------------------------------------------------------------------------------------------------------------------------------------------------------------
 Limit  (cost=1320536.73..1320536.75 rows=1 width=32) (actual time=65997.350..65997.353 rows=1 loops=1)
   ->  Aggregate  (cost=1320536.73..1320536.75 rows=1 width=32) (actual time=65997.349..65997.351 rows=1 loops=1)
         ->  Hash Join  (cost=99652.57..1306801.82 rows=784852 width=33) (actual time=763.512..65464.883 rows=772942 loops=1)
               Hash Cond: (lineitem.l_partkey = part.p_partkey)
               ->  Index Scan using idx_lineitem_shipdate on lineitem  (cost=0.56..1183751.57 rows=784852 width=16) (actual time=1.492..63632.926 rows=772942 loops=1)
                     Index Cond: ((l_shipdate >= '1994-05-01'::date) AND (l_shipdate < '1994-06-01'::date))
               ->  Hash  (cost=60980.56..60980.56 rows=1999956 width=25) (actual time=760.023..760.024 rows=2000000 loops=1)
                     Buckets: 1048576  Batches: 4  Memory Usage: 37079kB
                     ->  Seq Scan on part  (cost=0.00..60980.56 rows=1999956 width=25) (actual time=0.692..448.184 rows=2000000 loops=1)
 Planning Time: 17.336 ms
 Execution Time: 65997.821 ms
(11 rows)

SET
SET
SET
                                                                              QUERY PLAN                                                                              
----------------------------------------------------------------------------------------------------------------------------------------------------------------------
 Limit  (cost=1320536.73..1320536.75 rows=1 width=32) (actual time=3460.429..3460.431 rows=1 loops=1)
   ->  Aggregate  (cost=1320536.73..1320536.75 rows=1 width=32) (actual time=3460.427..3460.429 rows=1 loops=1)
         ->  Hash Join  (cost=99652.57..1306801.82 rows=784852 width=33) (actual time=634.496..3173.991 rows=772942 loops=1)
               Hash Cond: (lineitem.l_partkey = part.p_partkey)
               ->  Index Scan using idx_lineitem_shipdate on lineitem  (cost=0.56..1183751.57 rows=784852 width=16) (actual time=0.040..1967.773 rows=772942 loops=1)
                     Index Cond: ((l_shipdate >= '1994-05-01'::date) AND (l_shipdate < '1994-06-01'::date))
               ->  Hash  (cost=60980.56..60980.56 rows=1999956 width=25) (actual time=633.024..633.025 rows=2000000 loops=1)
                     Buckets: 1048576  Batches: 4  Memory Usage: 37079kB
                     ->  Seq Scan on part  (cost=0.00..60980.56 rows=1999956 width=25) (actual time=0.045..327.437 rows=2000000 loops=1)
 Planning Time: 1.144 ms
 Execution Time: 3460.542 ms
(11 rows)

query 15 run 1
SET
SET
SET
CREATE VIEW
                                                                                   QUERY PLAN                                                                                   
--------------------------------------------------------------------------------------------------------------------------------------------------------------------------------
 Limit  (cost=3742042.04..3742050.73 rows=1 width=103) (actual time=26133.039..26133.042 rows=1 loops=1)
   InitPlan 1
     ->  Aggregate  (cost=1871512.49..1871512.50 rows=1 width=32) (actual time=6234.400..6234.401 rows=1 loops=1)
           ->  HashAggregate  (cost=1868984.94..1870248.71 rows=101102 width=36) (actual time=6192.994..6228.578 rows=100000 loops=1)
                 Group Key: lineitem_1.l_suppkey
                 Batches: 1  Memory Usage: 43025kB
                 ->  Bitmap Heap Scan on lineitem lineitem_1  (cost=35312.49..1846961.60 rows=2202334 width=16) (actual time=354.731..4766.030 rows=2265714 loops=1)
                       Recheck Cond: ((l_shipdate >= '1996-01-01'::date) AND (l_shipdate < '1996-04-01'::date))
                       Rows Removed by Index Recheck: 13223651
                       Heap Blocks: exact=401153 lossy=267105
                       ->  Bitmap Index Scan on idx_lineitem_shipdate  (cost=0.00..34761.90 rows=2202334 width=0) (actual time=268.979..268.980 rows=2265714 loops=1)
                             Index Cond: ((l_shipdate >= '1996-01-01'::date) AND (l_shipdate < '1996-04-01'::date))
   ->  Merge Join  (cost=1870529.55..1874922.64 rows=506 width=103) (actual time=26133.038..26133.039 rows=1 loops=1)
         Merge Cond: (supplier.s_suppkey = revenue0.supplier_no)
         ->  Index Scan using supplier_pkey on supplier  (cost=0.29..4135.79 rows=100000 width=71) (actual time=0.808..18.966 rows=69998 loops=1)
         ->  Sort  (cost=1870529.25..1870530.52 rows=506 width=36) (actual time=26109.936..26109.937 rows=1 loops=1)
               Sort Key: revenue0.supplier_no
               Sort Method: quicksort  Memory: 25kB
               ->  Subquery Scan on revenue0  (cost=1868984.94..1870506.53 rows=506 width=36) (actual time=26085.016..26109.929 rows=1 loops=1)
                     ->  HashAggregate  (cost=1868984.94..1870501.47 rows=506 width=36) (actual time=26085.014..26109.927 rows=1 loops=1)
                           Group Key: lineitem.l_suppkey
                           Filter: (sum((lineitem.l_extendedprice * ('1'::numeric - lineitem.l_discount))) = (InitPlan 1).col1)
                           Batches: 1  Memory Usage: 43025kB
                           Rows Removed by Filter: 99999
                           ->  Bitmap Heap Scan on lineitem  (cost=35312.49..1846961.60 rows=2202334 width=16) (actual time=414.624..17918.357 rows=2265714 loops=1)
                                 Recheck Cond: ((l_shipdate >= '1996-01-01'::date) AND (l_shipdate < '1996-04-01'::date))
                                 Rows Removed by Index Recheck: 13223651
                                 Heap Blocks: exact=401153 lossy=267105
                                 ->  Bitmap Index Scan on idx_lineitem_shipdate  (cost=0.00..34761.90 rows=2202334 width=0) (actual time=327.755..327.756 rows=2265714 loops=1)
                                       Index Cond: ((l_shipdate >= '1996-01-01'::date) AND (l_shipdate < '1996-04-01'::date))
 Planning Time: 15.297 ms
 Execution Time: 26135.164 ms
(32 rows)

DROP VIEW
SET
SET
SET
CREATE VIEW
                                                                                   QUERY PLAN                                                                                   
--------------------------------------------------------------------------------------------------------------------------------------------------------------------------------
 Limit  (cost=3742042.04..3742050.73 rows=1 width=103) (actual time=13069.570..13069.573 rows=1 loops=1)
   InitPlan 1
     ->  Aggregate  (cost=1871512.49..1871512.50 rows=1 width=32) (actual time=6264.895..6264.896 rows=1 loops=1)
           ->  HashAggregate  (cost=1868984.94..1870248.71 rows=101102 width=36) (actual time=6223.664..6259.070 rows=100000 loops=1)
                 Group Key: lineitem_1.l_suppkey
                 Batches: 1  Memory Usage: 43025kB
                 ->  Bitmap Heap Scan on lineitem lineitem_1  (cost=35312.49..1846961.60 rows=2202334 width=16) (actual time=356.606..4798.585 rows=2265714 loops=1)
                       Recheck Cond: ((l_shipdate >= '1996-01-01'::date) AND (l_shipdate < '1996-04-01'::date))
                       Rows Removed by Index Recheck: 13223651
                       Heap Blocks: exact=401153 lossy=267105
                       ->  Bitmap Index Scan on idx_lineitem_shipdate  (cost=0.00..34761.90 rows=2202334 width=0) (actual time=270.683..270.684 rows=2265714 loops=1)
                             Index Cond: ((l_shipdate >= '1996-01-01'::date) AND (l_shipdate < '1996-04-01'::date))
   ->  Merge Join  (cost=1870529.55..1874922.64 rows=506 width=103) (actual time=13069.568..13069.570 rows=1 loops=1)
         Merge Cond: (supplier.s_suppkey = revenue0.supplier_no)
         ->  Index Scan using supplier_pkey on supplier  (cost=0.29..4135.79 rows=100000 width=71) (actual time=0.052..12.326 rows=69998 loops=1)
         ->  Sort  (cost=1870529.25..1870530.52 rows=506 width=36) (actual time=13053.254..13053.255 rows=1 loops=1)
               Sort Key: revenue0.supplier_no
               Sort Method: quicksort  Memory: 25kB
               ->  Subquery Scan on revenue0  (cost=1868984.94..1870506.53 rows=506 width=36) (actual time=13028.341..13053.247 rows=1 loops=1)
                     ->  HashAggregate  (cost=1868984.94..1870501.47 rows=506 width=36) (actual time=13028.340..13053.245 rows=1 loops=1)
                           Group Key: lineitem.l_suppkey
                           Filter: (sum((lineitem.l_extendedprice * ('1'::numeric - lineitem.l_discount))) = (InitPlan 1).col1)
                           Batches: 1  Memory Usage: 43025kB
                           Rows Removed by Filter: 99999
                           ->  Bitmap Heap Scan on lineitem  (cost=35312.49..1846961.60 rows=2202334 width=16) (actual time=379.108..5289.321 rows=2265714 loops=1)
                                 Recheck Cond: ((l_shipdate >= '1996-01-01'::date) AND (l_shipdate < '1996-04-01'::date))
                                 Rows Removed by Index Recheck: 13223651
                                 Heap Blocks: exact=401153 lossy=267105
                                 ->  Bitmap Index Scan on idx_lineitem_shipdate  (cost=0.00..34761.90 rows=2202334 width=0) (actual time=292.968..292.968 rows=2265714 loops=1)
                                       Index Cond: ((l_shipdate >= '1996-01-01'::date) AND (l_shipdate < '1996-04-01'::date))
 Planning Time: 1.248 ms
 Execution Time: 13071.103 ms
(32 rows)

DROP VIEW
query 16 run 1
SET
SET
SET
                                                                                         QUERY PLAN                                                                                         
--------------------------------------------------------------------------------------------------------------------------------------------------------------------------------------------
 Limit  (cost=358007.41..358007.41 rows=1 width=44) (actual time=7557.749..7557.751 rows=1 loops=1)
   ->  Sort  (cost=358007.41..358390.55 rows=153255 width=44) (actual time=7557.747..7557.749 rows=1 loops=1)
         Sort Key: (count(DISTINCT partsupp.ps_suppkey)) DESC, part.p_brand, part.p_type, part.p_size
         Sort Method: top-N heapsort  Memory: 25kB
         ->  GroupAggregate  (cost=348342.90..357241.14 rows=153255 width=44) (actual time=6815.627..7553.104 rows=27838 loops=1)
               Group Key: part.p_brand, part.p_type, part.p_size
               ->  Sort  (cost=348342.90..349816.04 rows=589255 width=40) (actual time=6815.582..7358.501 rows=1186319 loops=1)
                     Sort Key: part.p_brand, part.p_type, part.p_size, partsupp.ps_suppkey
                     Sort Method: external merge  Disk: 60592kB
                     ->  Hash Join  (cost=98134.91..281508.13 rows=589255 width=40) (actual time=757.881..3043.446 rows=1186319 loops=1)
                           Hash Cond: (partsupp.ps_partkey = part.p_partkey)
                           ->  Index Only Scan using partsupp_pkey on partsupp  (cost=3471.46..176346.91 rows=3999142 width=8) (actual time=33.008..1541.390 rows=7995520 loops=1)
                                 Filter: (NOT (ANY (ps_suppkey = (hashed SubPlan 1).col1)))
                                 Rows Removed by Filter: 4480
                                 Heap Fetches: 0
                                 SubPlan 1
                                   ->  Seq Scan on supplier  (cost=0.00..3471.00 rows=10 width=4) (actual time=1.314..32.574 rows=56 loops=1)
                                         Filter: ((s_comment)::text ~~ '%Customer%Complaints%'::text)
                                         Rows Removed by Filter: 99944
                           ->  Hash  (cost=90979.90..90979.90 rows=294684 width=40) (actual time=724.234..724.234 rows=296733 loops=1)
                                 Buckets: 524288  Batches: 1  Memory Usage: 25593kB
                                 ->  Seq Scan on part  (cost=0.00..90979.90 rows=294684 width=40) (actual time=0.877..663.102 rows=296733 loops=1)
                                       Filter: ((p_brand <> 'Brand#12'::bpchar) AND ((p_type)::text !~~ 'SMALL BRUSHED%'::text) AND (p_size = ANY ('{12,32,36,26,40,34,49,9}'::integer[])))
                                       Rows Removed by Filter: 1703267
 Planning Time: 20.893 ms
 Execution Time: 7566.103 ms
(26 rows)

SET
SET
SET
                                                                                         QUERY PLAN                                                                                         
--------------------------------------------------------------------------------------------------------------------------------------------------------------------------------------------
 Limit  (cost=358007.41..358007.41 rows=1 width=44) (actual time=7127.280..7127.283 rows=1 loops=1)
   ->  Sort  (cost=358007.41..358390.55 rows=153255 width=44) (actual time=7127.279..7127.282 rows=1 loops=1)
         Sort Key: (count(DISTINCT partsupp.ps_suppkey)) DESC, part.p_brand, part.p_type, part.p_size
         Sort Method: top-N heapsort  Memory: 25kB
         ->  GroupAggregate  (cost=348342.90..357241.14 rows=153255 width=44) (actual time=6385.003..7122.654 rows=27838 loops=1)
               Group Key: part.p_brand, part.p_type, part.p_size
               ->  Sort  (cost=348342.90..349816.04 rows=589255 width=40) (actual time=6384.957..6927.432 rows=1186319 loops=1)
                     Sort Key: part.p_brand, part.p_type, part.p_size, partsupp.ps_suppkey
                     Sort Method: external merge  Disk: 60592kB
                     ->  Hash Join  (cost=98134.91..281508.13 rows=589255 width=40) (actual time=538.438..2645.821 rows=1186319 loops=1)
                           Hash Cond: (partsupp.ps_partkey = part.p_partkey)
                           ->  Index Only Scan using partsupp_pkey on partsupp  (cost=3471.46..176346.91 rows=3999142 width=8) (actual time=19.373..1365.837 rows=7995520 loops=1)
                                 Filter: (NOT (ANY (ps_suppkey = (hashed SubPlan 1).col1)))
                                 Rows Removed by Filter: 4480
                                 Heap Fetches: 0
                                 SubPlan 1
                                   ->  Seq Scan on supplier  (cost=0.00..3471.00 rows=10 width=4) (actual time=0.084..19.329 rows=56 loops=1)
                                         Filter: ((s_comment)::text ~~ '%Customer%Complaints%'::text)
                                         Rows Removed by Filter: 99944
                           ->  Hash  (cost=90979.90..90979.90 rows=294684 width=40) (actual time=518.446..518.447 rows=296733 loops=1)
                                 Buckets: 524288  Batches: 1  Memory Usage: 25593kB
                                 ->  Seq Scan on part  (cost=0.00..90979.90 rows=294684 width=40) (actual time=0.018..459.516 rows=296733 loops=1)
                                       Filter: ((p_brand <> 'Brand#12'::bpchar) AND ((p_type)::text !~~ 'SMALL BRUSHED%'::text) AND (p_size = ANY ('{12,32,36,26,40,34,49,9}'::integer[])))
                                       Rows Removed by Filter: 1703267
 Planning Time: 0.895 ms
 Execution Time: 7135.373 ms
(26 rows)

query 17 run 1
SET
SET
SET
                                                                            QUERY PLAN                                                                            
------------------------------------------------------------------------------------------------------------------------------------------------------------------
 Limit  (cost=4881334.44..4881334.45 rows=1 width=32) (actual time=52569.448..52569.451 rows=1 loops=1)
   ->  Aggregate  (cost=4881334.44..4881334.45 rows=1 width=32) (actual time=52569.447..52569.449 rows=1 loops=1)
         ->  Nested Loop  (cost=4174228.05..4881291.00 rows=17374 width=8) (actual time=30877.933..52567.294 rows=5319 loops=1)
               Join Filter: (lineitem.l_partkey = part.p_partkey)
               ->  Hash Join  (cost=4174227.61..4791676.76 rows=1738 width=40) (actual time=30877.392..51579.593 rows=1996 loops=1)
                     Hash Cond: (lineitem_1.l_partkey = part.p_partkey)
                     ->  HashAggregate  (cost=4103223.10..4715954.81 rows=1797114 width=36) (actual time=30420.815..50970.345 rows=2000000 loops=1)
                           Group Key: lineitem_1.l_partkey
                           Planned Partitions: 16  Batches: 17  Memory Usage: 65681kB  Disk Usage: 1996856kB
                           ->  Seq Scan on lineitem lineitem_1  (cost=0.00..1724976.60 rows=59983360 width=9) (actual time=0.742..6207.497 rows=59986052 loops=1)
                     ->  Hash  (cost=70980.34..70980.34 rows=1934 width=4) (actual time=454.764..454.764 rows=1996 loops=1)
                           Buckets: 2048  Batches: 1  Memory Usage: 87kB
                           ->  Seq Scan on part  (cost=0.00..70980.34 rows=1934 width=4) (actual time=1.439..453.848 rows=1996 loops=1)
                                 Filter: ((p_brand = 'Brand#22'::bpchar) AND (p_container = 'LG BOX'::bpchar))
                                 Rows Removed by Filter: 1998004
               ->  Index Scan using idx_lineitem_part_supp on lineitem  (cost=0.44..51.42 rows=11 width=17) (actual time=0.350..0.493 rows=3 loops=1996)
                     Index Cond: (l_partkey = lineitem_1.l_partkey)
                     Filter: (l_quantity < ((0.2 * avg(lineitem_1.l_quantity))))
                     Rows Removed by Filter: 27
 Planning Time: 17.226 ms
 Execution Time: 52801.486 ms
(21 rows)

SET
SET
SET
                                                                            QUERY PLAN                                                                            
------------------------------------------------------------------------------------------------------------------------------------------------------------------
 Limit  (cost=4881334.44..4881334.45 rows=1 width=32) (actual time=49013.344..49013.346 rows=1 loops=1)
   ->  Aggregate  (cost=4881334.44..4881334.45 rows=1 width=32) (actual time=49013.342..49013.344 rows=1 loops=1)
         ->  Nested Loop  (cost=4174228.05..4881291.00 rows=17374 width=8) (actual time=28425.741..49012.652 rows=5319 loops=1)
               Join Filter: (lineitem.l_partkey = part.p_partkey)
               ->  Hash Join  (cost=4174227.61..4791676.76 rows=1738 width=40) (actual time=28425.712..48962.011 rows=1996 loops=1)
                     Hash Cond: (lineitem_1.l_partkey = part.p_partkey)
                     ->  HashAggregate  (cost=4103223.10..4715954.81 rows=1797114 width=36) (actual time=28182.135..48574.401 rows=2000000 loops=1)
                           Group Key: lineitem_1.l_partkey
                           Planned Partitions: 16  Batches: 17  Memory Usage: 65681kB  Disk Usage: 1996856kB
                           ->  Seq Scan on lineitem lineitem_1  (cost=0.00..1724976.60 rows=59983360 width=9) (actual time=0.040..4493.799 rows=59986052 loops=1)
                     ->  Hash  (cost=70980.34..70980.34 rows=1934 width=4) (actual time=241.770..241.771 rows=1996 loops=1)
                           Buckets: 2048  Batches: 1  Memory Usage: 87kB
                           ->  Seq Scan on part  (cost=0.00..70980.34 rows=1934 width=4) (actual time=0.111..241.304 rows=1996 loops=1)
                                 Filter: ((p_brand = 'Brand#22'::bpchar) AND (p_container = 'LG BOX'::bpchar))
                                 Rows Removed by Filter: 1998004
               ->  Index Scan using idx_lineitem_part_supp on lineitem  (cost=0.44..51.42 rows=11 width=17) (actual time=0.011..0.025 rows=3 loops=1996)
                     Index Cond: (l_partkey = lineitem_1.l_partkey)
                     Filter: (l_quantity < ((0.2 * avg(lineitem_1.l_quantity))))
                     Rows Removed by Filter: 27
 Planning Time: 0.922 ms
 Execution Time: 49259.225 ms
(21 rows)

query 18 run 1
SET
SET
SET
                                                                                                          QUERY PLAN                                                                                                           
-------------------------------------------------------------------------------------------------------------------------------------------------------------------------------------------------------------------------------
 Limit  (cost=8672203.92..8672204.17 rows=100 width=71) (actual time=42505.139..42505.152 rows=99 loops=1)
   ->  Sort  (cost=8672203.92..8722170.88 rows=19986787 width=71) (actual time=42505.138..42505.145 rows=99 loops=1)
         Sort Key: orders.o_totalprice DESC, orders.o_orderdate
         Sort Method: quicksort  Memory: 31kB
         ->  GroupAggregate  (cost=4154269.72..7908323.29 rows=19986787 width=71) (actual time=30548.770..42505.036 rows=99 loops=1)
               Group Key: orders.o_orderkey, customer.c_custkey
               ->  Incremental Sort  (cost=4154269.72..7508587.55 rows=19986787 width=44) (actual time=30548.759..42504.750 rows=693 loops=1)
                     Sort Key: orders.o_orderkey, customer.c_custkey
                     Presorted Key: orders.o_orderkey
                     Full-sort Groups: 20  Sort Method: quicksort  Average Memory: 27kB  Peak Memory: 27kB
                     ->  Merge Join  (cost=4154269.53..6783663.99 rows=19986787 width=44) (actual time=30015.173..42504.305 rows=693 loops=1)
                           Merge Cond: (lineitem.l_orderkey = orders.o_orderkey)
                           ->  Index Scan using idx_lineitem_orderkey on lineitem  (cost=0.56..2167430.46 rows=59983360 width=9) (actual time=0.529..9394.653 rows=59916431 loops=1)
                           ->  Materialize  (cost=4154262.68..4179255.75 rows=4998613 width=43) (actual time=29738.548..29738.747 rows=687 loops=1)
                                 Storage: Memory  Maximum Storage: 17kB
                                 ->  Sort  (cost=4154262.68..4166759.21 rows=4998613 width=43) (actual time=29738.543..29738.612 rows=99 loops=1)
                                       Sort Key: orders.o_orderkey
                                       Sort Method: quicksort  Memory: 31kB
                                       ->  Hash Join  (cost=78488.90..3499238.10 rows=4998613 width=43) (actual time=2349.866..29738.416 rows=99 loops=1)
                                             Hash Cond: (orders.o_custkey = customer.c_custkey)
                                             ->  Merge Join  (cost=1.00..3340260.80 rows=4998613 width=24) (actual time=739.452..29065.739 rows=99 loops=1)
                                                   Merge Cond: (orders.o_orderkey = lineitem_1.l_orderkey)
                                                   ->  Index Scan using orders_pkey on orders  (cost=0.43..547989.30 rows=15001591 width=20) (actual time=0.510..3083.202 rows=14982724 loops=1)
                                                   ->  GroupAggregate  (cost=0.56..2692284.86 rows=4998613 width=4) (actual time=630.803..25118.720 rows=99 loops=1)
                                                         Group Key: lineitem_1.l_orderkey
                                                         Filter: (sum(lineitem_1.l_quantity) > '313'::numeric)
                                                         Rows Removed by Filter: 14999901
                                                         ->  Index Scan using idx_lineitem_orderkey on lineitem lineitem_1  (cost=0.56..2167430.46 rows=59983360 width=9) (actual time=0.016..12470.215 rows=59986052 loops=1)
                                             ->  Hash  (cost=50947.40..50947.40 rows=1500040 width=23) (actual time=592.493..592.494 rows=1500000 loops=1)
                                                   Buckets: 1048576  Batches: 2  Memory Usage: 49242kB
                                                   ->  Seq Scan on customer  (cost=0.00..50947.40 rows=1500040 width=23) (actual time=0.812..341.047 rows=1500000 loops=1)
 Planning Time: 23.099 ms
 Execution Time: 42505.684 ms
(33 rows)

SET
SET
SET
                                                                                                          QUERY PLAN                                                                                                           
-------------------------------------------------------------------------------------------------------------------------------------------------------------------------------------------------------------------------------
 Limit  (cost=8672203.92..8672204.17 rows=100 width=71) (actual time=39210.630..39210.644 rows=99 loops=1)
   ->  Sort  (cost=8672203.92..8722170.88 rows=19986787 width=71) (actual time=39210.629..39210.637 rows=99 loops=1)
         Sort Key: orders.o_totalprice DESC, orders.o_orderdate
         Sort Method: quicksort  Memory: 31kB
         ->  GroupAggregate  (cost=4154269.72..7908323.29 rows=19986787 width=71) (actual time=27247.736..39210.533 rows=99 loops=1)
               Group Key: orders.o_orderkey, customer.c_custkey
               ->  Incremental Sort  (cost=4154269.72..7508587.55 rows=19986787 width=44) (actual time=27247.725..39210.246 rows=693 loops=1)
                     Sort Key: orders.o_orderkey, customer.c_custkey
                     Presorted Key: orders.o_orderkey
                     Full-sort Groups: 20  Sort Method: quicksort  Average Memory: 27kB  Peak Memory: 27kB
                     ->  Merge Join  (cost=4154269.53..6783663.99 rows=19986787 width=44) (actual time=26714.265..39209.805 rows=693 loops=1)
                           Merge Cond: (lineitem.l_orderkey = orders.o_orderkey)
                           ->  Index Scan using idx_lineitem_orderkey on lineitem  (cost=0.56..2167430.46 rows=59983360 width=9) (actual time=0.015..9385.249 rows=59916431 loops=1)
                           ->  Materialize  (cost=4154262.68..4179255.75 rows=4998613 width=43) (actual time=26442.973..26443.187 rows=687 loops=1)
                                 Storage: Memory  Maximum Storage: 17kB
                                 ->  Sort  (cost=4154262.68..4166759.21 rows=4998613 width=43) (actual time=26442.970..26443.046 rows=99 loops=1)
                                       Sort Key: orders.o_orderkey
                                       Sort Method: quicksort  Memory: 31kB
                                       ->  Hash Join  (cost=78488.90..3499238.10 rows=4998613 width=43) (actual time=1922.061..26442.841 rows=99 loops=1)
                                             Hash Cond: (orders.o_custkey = customer.c_custkey)
                                             ->  Merge Join  (cost=1.00..3340260.80 rows=4998613 width=24) (actual time=600.378..25889.433 rows=99 loops=1)
                                                   Merge Cond: (orders.o_orderkey = lineitem_1.l_orderkey)
                                                   ->  Index Scan using orders_pkey on orders  (cost=0.43..547989.30 rows=15001591 width=20) (actual time=0.012..2500.697 rows=14982724 loops=1)
                                                   ->  GroupAggregate  (cost=0.56..2692284.86 rows=4998613 width=4) (actual time=520.545..22546.644 rows=99 loops=1)
                                                         Group Key: lineitem_1.l_orderkey
                                                         Filter: (sum(lineitem_1.l_quantity) > '313'::numeric)
                                                         Rows Removed by Filter: 14999901
                                                         ->  Index Scan using idx_lineitem_orderkey on lineitem lineitem_1  (cost=0.56..2167430.46 rows=59983360 width=9) (actual time=0.005..10138.826 rows=59986052 loops=1)
                                             ->  Hash  (cost=50947.40..50947.40 rows=1500040 width=23) (actual time=473.690..473.690 rows=1500000 loops=1)
                                                   Buckets: 1048576  Batches: 2  Memory Usage: 49242kB
                                                   ->  Seq Scan on customer  (cost=0.00..50947.40 rows=1500040 width=23) (actual time=0.032..228.385 rows=1500000 loops=1)
 Planning Time: 1.880 ms
 Execution Time: 39210.812 ms
(33 rows)

query 19 run 1
SET
SET
SET
                                                                                                                                                                                                                                                                                                                                                                                                                                                                                                            QUERY PLAN                                                                                                                                                                                                                                                                                                                                                                                                                                                                                                            
----------------------------------------------------------------------------------------------------------------------------------------------------------------------------------------------------------------------------------------------------------------------------------------------------------------------------------------------------------------------------------------------------------------------------------------------------------------------------------------------------------------------------------------------------------------------------------------------------------------------------------------------------------------------------------------------------------------------------------------------------------------------------------------------------------------------------------------------------------------------------------------------------------------------------------------------------------------------------------------------------------------------------------
 Limit  (cost=388976.62..388976.63 rows=1 width=32) (actual time=22826.279..22826.280 rows=1 loops=1)
   ->  Aggregate  (cost=388976.62..388976.63 rows=1 width=32) (actual time=22826.277..22826.278 rows=1 loops=1)
         ->  Nested Loop  (cost=0.44..388967.73 rows=1184 width=12) (actual time=58.806..22823.387 rows=1063 loops=1)
               ->  Seq Scan on part  (cost=0.00..125979.13 rows=4913 width=30) (actual time=2.810..763.879 rows=4781 loops=1)
                     Filter: ((p_size >= 1) AND (((p_brand = 'Brand#24'::bpchar) AND (p_container = ANY ('{"SM CASE","SM BOX","SM PACK","SM PKG"}'::bpchar[])) AND (p_size <= 5)) OR ((p_brand = 'Brand#43'::bpchar) AND (p_container = ANY ('{"MED BAG","MED BOX","MED PKG","MED PACK"}'::bpchar[])) AND (p_size <= 10)) OR ((p_brand = 'Brand#44'::bpchar) AND (p_container = ANY ('{"LG CASE","LG BOX","LG PACK","LG PKG"}'::bpchar[])) AND (p_size <= 15))))
                     Rows Removed by Filter: 1995219
               ->  Index Scan using idx_lineitem_part_supp on lineitem  (cost=0.44..53.52 rows=1 width=21) (actual time=4.162..4.613 rows=0 loops=4781)
                     Index Cond: (l_partkey = part.p_partkey)
                     Filter: ((l_shipmode = ANY ('{AIR,"AIR REG"}'::bpchar[])) AND (l_shipinstruct = 'DELIVER IN PERSON'::bpchar) AND (((l_quantity >= '10'::numeric) AND (l_quantity <= '20'::numeric)) OR ((l_quantity >= '10'::numeric) AND (l_quantity <= '20'::numeric)) OR ((l_quantity >= '20'::numeric) AND (l_quantity <= '30'::numeric))) AND (((part.p_brand = 'Brand#24'::bpchar) AND (part.p_container = ANY ('{"SM CASE","SM BOX","SM PACK","SM PKG"}'::bpchar[])) AND (l_quantity >= '10'::numeric) AND (l_quantity <= '20'::numeric) AND (part.p_size <= 5)) OR ((part.p_brand = 'Brand#43'::bpchar) AND (part.p_container = ANY ('{"MED BAG","MED BOX","MED PKG","MED PACK"}'::bpchar[])) AND (l_quantity >= '10'::numeric) AND (l_quantity <= '20'::numeric) AND (part.p_size <= 10)) OR ((part.p_brand = 'Brand#44'::bpchar) AND (part.p_container = ANY ('{"LG CASE","LG BOX","LG PACK","LG PKG"}'::bpchar[])) AND (l_quantity >= '20'::numeric) AND (l_quantity <= '30'::numeric) AND (part.p_size <= 15))))
                     Rows Removed by Filter: 30
 Planning Time: 18.391 ms
 Execution Time: 22827.300 ms
(12 rows)

SET
SET
SET
                                                                                                                                                                                                                                                                                                                                                                                                                                                                                                            QUERY PLAN                                                                                                                                                                                                                                                                                                                                                                                                                                                                                                            
----------------------------------------------------------------------------------------------------------------------------------------------------------------------------------------------------------------------------------------------------------------------------------------------------------------------------------------------------------------------------------------------------------------------------------------------------------------------------------------------------------------------------------------------------------------------------------------------------------------------------------------------------------------------------------------------------------------------------------------------------------------------------------------------------------------------------------------------------------------------------------------------------------------------------------------------------------------------------------------------------------------------------------
 Limit  (cost=388976.62..388976.63 rows=1 width=32) (actual time=625.945..625.946 rows=1 loops=1)
   ->  Aggregate  (cost=388976.62..388976.63 rows=1 width=32) (actual time=625.944..625.944 rows=1 loops=1)
         ->  Nested Loop  (cost=0.44..388967.73 rows=1184 width=12) (actual time=1.553..625.297 rows=1063 loops=1)
               ->  Seq Scan on part  (cost=0.00..125979.13 rows=4913 width=30) (actual time=0.218..458.938 rows=4781 loops=1)
                     Filter: ((p_size >= 1) AND (((p_brand = 'Brand#24'::bpchar) AND (p_container = ANY ('{"SM CASE","SM BOX","SM PACK","SM PKG"}'::bpchar[])) AND (p_size <= 5)) OR ((p_brand = 'Brand#43'::bpchar) AND (p_container = ANY ('{"MED BAG","MED BOX","MED PKG","MED PACK"}'::bpchar[])) AND (p_size <= 10)) OR ((p_brand = 'Brand#44'::bpchar) AND (p_container = ANY ('{"LG CASE","LG BOX","LG PACK","LG PKG"}'::bpchar[])) AND (p_size <= 15))))
                     Rows Removed by Filter: 1995219
               ->  Index Scan using idx_lineitem_part_supp on lineitem  (cost=0.44..53.52 rows=1 width=21) (actual time=0.031..0.034 rows=0 loops=4781)
                     Index Cond: (l_partkey = part.p_partkey)
                     Filter: ((l_shipmode = ANY ('{AIR,"AIR REG"}'::bpchar[])) AND (l_shipinstruct = 'DELIVER IN PERSON'::bpchar) AND (((l_quantity >= '10'::numeric) AND (l_quantity <= '20'::numeric)) OR ((l_quantity >= '10'::numeric) AND (l_quantity <= '20'::numeric)) OR ((l_quantity >= '20'::numeric) AND (l_quantity <= '30'::numeric))) AND (((part.p_brand = 'Brand#24'::bpchar) AND (part.p_container = ANY ('{"SM CASE","SM BOX","SM PACK","SM PKG"}'::bpchar[])) AND (l_quantity >= '10'::numeric) AND (l_quantity <= '20'::numeric) AND (part.p_size <= 5)) OR ((part.p_brand = 'Brand#43'::bpchar) AND (part.p_container = ANY ('{"MED BAG","MED BOX","MED PKG","MED PACK"}'::bpchar[])) AND (l_quantity >= '10'::numeric) AND (l_quantity <= '20'::numeric) AND (part.p_size <= 10)) OR ((part.p_brand = 'Brand#44'::bpchar) AND (part.p_container = ANY ('{"LG CASE","LG BOX","LG PACK","LG PKG"}'::bpchar[])) AND (l_quantity >= '20'::numeric) AND (l_quantity <= '30'::numeric) AND (part.p_size <= 15))))
                     Rows Removed by Filter: 30
 Planning Time: 1.106 ms
 Execution Time: 625.995 ms
(12 rows)

query 20 run 1
SET
SET
SET
                                                                                       QUERY PLAN                                                                                        
-----------------------------------------------------------------------------------------------------------------------------------------------------------------------------------------
 Limit  (cost=2716118.39..2716118.40 rows=1 width=51) (actual time=61181.293..61181.297 rows=1 loops=1)
   ->  Sort  (cost=2716118.39..2716118.40 rows=1 width=51) (actual time=61181.291..61181.295 rows=1 loops=1)
         Sort Key: supplier.s_name
         Sort Method: top-N heapsort  Memory: 25kB
         ->  Nested Loop Semi Join  (cost=2514809.40..2716118.38 rows=1 width=51) (actual time=39958.050..61179.554 rows=1821 loops=1)
               Join Filter: (supplier.s_suppkey = lineitem.l_suppkey)
               Rows Removed by Join Filter: 183418712
               ->  Nested Loop  (cost=0.00..4472.31 rows=4000 width=55) (actual time=0.791..21.038 rows=4095 loops=1)
                     Join Filter: (supplier.s_nationkey = nation.n_nationkey)
                     Rows Removed by Join Filter: 95905
                     ->  Seq Scan on nation  (cost=0.00..1.31 rows=1 width=4) (actual time=0.245..0.249 rows=1 loops=1)
                           Filter: (n_name = 'IRAQ'::bpchar)
                           Rows Removed by Filter: 24
                     ->  Seq Scan on supplier  (cost=0.00..3221.00 rows=100000 width=59) (actual time=0.538..13.508 rows=100000 loops=1)
               ->  Materialize  (cost=2514809.40..2711466.08 rows=3 width=8) (actual time=9.393..12.559 rows=44791 loops=4095)
                     Storage: Memory  Maximum Storage: 2356kB
                     ->  Hash Join  (cost=2514809.40..2711466.06 rows=3 width=8) (actual time=38462.151..45186.301 rows=59002 loops=1)
                           Hash Cond: ((lineitem.l_partkey = partsupp.ps_partkey) AND (lineitem.l_suppkey = partsupp.ps_suppkey))
                           Join Filter: ((partsupp.ps_availqty)::numeric > ((0.5 * sum(lineitem.l_quantity))))
                           Rows Removed by Join Filter: 123
                           ->  HashAggregate  (cost=2371846.72..2532326.48 rows=4823569 width=40) (actual time=33614.485..39533.247 rows=5448842 loops=1)
                                 Group Key: lineitem.l_partkey, lineitem.l_suppkey
                                 Planned Partitions: 32  Batches: 161  Memory Usage: 65809kB  Disk Usage: 358152kB
                                 ->  Bitmap Heap Scan on lineitem  (cost=144693.35..1991493.95 rows=9024125 width=13) (actual time=1207.526..28697.585 rows=9123688 loops=1)
                                       Recheck Cond: ((l_shipdate >= '1996-01-01'::date) AND (l_shipdate < '1997-01-01'::date))
                                       Rows Removed by Index Recheck: 23164080
                                       Heap Blocks: exact=518099 lossy=530696
                                       ->  Bitmap Index Scan on idx_lineitem_shipdate  (cost=0.00..142437.32 rows=9024125 width=0) (actual time=1084.184..1084.184 rows=9123688 loops=1)
                                             Index Cond: ((l_shipdate >= '1996-01-01'::date) AND (l_shipdate < '1997-01-01'::date))
                           ->  Hash  (cost=141750.80..141750.80 rows=80792 width=16) (actual time=4847.508..4847.509 rows=86872 loops=1)
                                 Buckets: 131072  Batches: 1  Memory Usage: 5097kB
                                 ->  Nested Loop  (cost=0.43..141750.80 rows=80792 width=16) (actual time=0.954..4804.262 rows=86872 loops=1)
                                       ->  Seq Scan on part  (cost=0.00..65980.45 rows=20202 width=4) (actual time=0.619..523.940 rows=21718 loops=1)
                                             Filter: ((p_name)::text ~~ 'olive%'::text)
                                             Rows Removed by Filter: 1978282
                                       ->  Index Scan using idx_partsupp_partkey on partsupp  (cost=0.43..3.57 rows=18 width=12) (actual time=0.181..0.195 rows=4 loops=21718)
                                             Index Cond: (ps_partkey = part.p_partkey)
 Planning Time: 21.424 ms
 Execution Time: 61222.839 ms
(39 rows)

SET
SET
SET
                                                                                      QUERY PLAN                                                                                       
---------------------------------------------------------------------------------------------------------------------------------------------------------------------------------------
 Limit  (cost=2716118.39..2716118.40 rows=1 width=51) (actual time=36423.572..36423.576 rows=1 loops=1)
   ->  Sort  (cost=2716118.39..2716118.40 rows=1 width=51) (actual time=36423.571..36423.574 rows=1 loops=1)
         Sort Key: supplier.s_name
         Sort Method: top-N heapsort  Memory: 25kB
         ->  Nested Loop Semi Join  (cost=2514809.40..2716118.38 rows=1 width=51) (actual time=15352.255..36421.876 rows=1821 loops=1)
               Join Filter: (supplier.s_suppkey = lineitem.l_suppkey)
               Rows Removed by Join Filter: 183418712
               ->  Nested Loop  (cost=0.00..4472.31 rows=4000 width=55) (actual time=0.046..16.934 rows=4095 loops=1)
                     Join Filter: (supplier.s_nationkey = nation.n_nationkey)
                     Rows Removed by Join Filter: 95905
                     ->  Seq Scan on nation  (cost=0.00..1.31 rows=1 width=4) (actual time=0.026..0.029 rows=1 loops=1)
                           Filter: (n_name = 'IRAQ'::bpchar)
                           Rows Removed by Filter: 24
                     ->  Seq Scan on supplier  (cost=0.00..3221.00 rows=100000 width=59) (actual time=0.016..9.658 rows=100000 loops=1)
               ->  Materialize  (cost=2514809.40..2711466.08 rows=3 width=8) (actual time=3.384..6.547 rows=44791 loops=4095)
                     Storage: Memory  Maximum Storage: 2356kB
                     ->  Hash Join  (cost=2514809.40..2711466.06 rows=3 width=8) (actual time=13856.135..20569.822 rows=59002 loops=1)
                           Hash Cond: ((lineitem.l_partkey = partsupp.ps_partkey) AND (lineitem.l_suppkey = partsupp.ps_suppkey))
                           Join Filter: ((partsupp.ps_availqty)::numeric > ((0.5 * sum(lineitem.l_quantity))))
                           Rows Removed by Join Filter: 123
                           ->  HashAggregate  (cost=2371846.72..2532326.48 rows=4823569 width=40) (actual time=13361.464..19269.494 rows=5448842 loops=1)
                                 Group Key: lineitem.l_partkey, lineitem.l_suppkey
                                 Planned Partitions: 32  Batches: 161  Memory Usage: 65809kB  Disk Usage: 358152kB
                                 ->  Bitmap Heap Scan on lineitem  (cost=144693.35..1991493.95 rows=9024125 width=13) (actual time=1060.634..9263.581 rows=9123688 loops=1)
                                       Recheck Cond: ((l_shipdate >= '1996-01-01'::date) AND (l_shipdate < '1997-01-01'::date))
                                       Rows Removed by Index Recheck: 23164080
                                       Heap Blocks: exact=518099 lossy=530696
                                       ->  Bitmap Index Scan on idx_lineitem_shipdate  (cost=0.00..142437.32 rows=9024125 width=0) (actual time=936.953..936.953 rows=9123688 loops=1)
                                             Index Cond: ((l_shipdate >= '1996-01-01'::date) AND (l_shipdate < '1997-01-01'::date))
                           ->  Hash  (cost=141750.80..141750.80 rows=80792 width=16) (actual time=494.533..494.534 rows=86872 loops=1)
                                 Buckets: 131072  Batches: 1  Memory Usage: 5097kB
                                 ->  Nested Loop  (cost=0.43..141750.80 rows=80792 width=16) (actual time=0.063..474.070 rows=86872 loops=1)
                                       ->  Seq Scan on part  (cost=0.00..65980.45 rows=20202 width=4) (actual time=0.046..260.459 rows=21718 loops=1)
                                             Filter: ((p_name)::text ~~ 'olive%'::text)
                                             Rows Removed by Filter: 1978282
                                       ->  Index Scan using idx_partsupp_partkey on partsupp  (cost=0.43..3.57 rows=18 width=12) (actual time=0.008..0.009 rows=4 loops=21718)
                                             Index Cond: (ps_partkey = part.p_partkey)
 Planning Time: 2.166 ms
 Execution Time: 36468.440 ms
(39 rows)

query 21 run 1
SET
SET
SET
                                                                                               QUERY PLAN                                                                                                
---------------------------------------------------------------------------------------------------------------------------------------------------------------------------------------------------------
 Limit  (cost=3683052.40..3683052.40 rows=1 width=34) (actual time=25487.573..25487.588 rows=100 loops=1)
   ->  Sort  (cost=3683052.40..3683052.40 rows=1 width=34) (actual time=25487.572..25487.581 rows=100 loops=1)
         Sort Key: (count(*)) DESC, supplier.s_name
         Sort Method: top-N heapsort  Memory: 37kB
         ->  GroupAggregate  (cost=3683052.37..3683052.39 rows=1 width=34) (actual time=25480.816..25486.396 rows=3991 loops=1)
               Group Key: supplier.s_name
               ->  Sort  (cost=3683052.37..3683052.37 rows=1 width=26) (actual time=25480.804..25482.370 rows=39281 loops=1)
                     Sort Key: supplier.s_name
                     Sort Method: quicksort  Memory: 1537kB
                     ->  Nested Loop Semi Join  (cost=1970025.66..3683052.36 rows=1 width=26) (actual time=14555.907..25320.043 rows=39281 loops=1)
                           Join Filter: (l2.l_suppkey <> l1.l_suppkey)
                           Rows Removed by Join Filter: 42025
                           ->  Nested Loop Anti Join  (cost=1970025.10..3683048.72 rows=1 width=38) (actual time=14555.902..25147.861 rows=65960 loops=1)
                                 ->  Hash Join  (cost=1970024.53..2449963.15 rows=384034 width=38) (actual time=14555.196..19922.249 rows=730985 loops=1)
                                       Hash Cond: (orders.o_orderkey = l1.l_orderkey)
                                       ->  Seq Scan on orders  (cost=0.00..448787.89 rows=7282772 width=4) (actual time=0.610..2188.563 rows=7309184 loops=1)
                                             Filter: (o_orderstatus = 'F'::bpchar)
                                             Rows Removed by Filter: 7690816
                                       ->  Hash  (cost=1960136.27..1960136.27 rows=791061 width=34) (actual time=14553.208..14553.211 rows=1514267 loops=1)
                                             Buckets: 1048576 (originally 1048576)  Batches: 2 (originally 1)  Memory Usage: 58450kB
                                             ->  Hash Join  (cost=2311.46..1960136.27 rows=791061 width=34) (actual time=58.862..14192.987 rows=1514267 loops=1)
                                                   Hash Cond: (l1.l_suppkey = supplier.s_suppkey)
                                                   ->  Seq Scan on lineitem l1  (cost=0.00..1874935.00 rows=19994453 width=8) (actual time=0.659..10976.298 rows=37929348 loops=1)
                                                         Filter: (l_receiptdate > l_commitdate)
                                                         Rows Removed by Filter: 22056704
                                                   ->  Hash  (cost=2261.46..2261.46 rows=4000 width=30) (actual time=58.129..58.130 rows=3991 loops=1)
                                                         Buckets: 4096  Batches: 1  Memory Usage: 282kB
                                                         ->  Nested Loop  (cost=37.29..2261.46 rows=4000 width=30) (actual time=2.419..56.803 rows=3991 loops=1)
                                                               ->  Seq Scan on nation  (cost=0.00..1.31 rows=1 width=4) (actual time=0.271..0.275 rows=1 loops=1)
                                                                     Filter: (n_name = 'PERU'::bpchar)
                                                                     Rows Removed by Filter: 24
                                                               ->  Bitmap Heap Scan on supplier  (cost=37.29..2220.15 rows=4000 width=34) (actual time=2.141..55.596 rows=3991 loops=1)
                                                                     Recheck Cond: (s_nationkey = nation.n_nationkey)
                                                                     Heap Blocks: exact=1865
                                                                     ->  Bitmap Index Scan on idx_supplier_nation_key  (cost=0.00..36.29 rows=4000 width=0) (actual time=1.066..1.066 rows=3991 loops=1)
                                                                           Index Cond: (s_nationkey = nation.n_nationkey)
                                 ->  Index Scan using idx_lineitem_orderkey on lineitem l3  (cost=0.56..3.64 rows=1 width=8) (actual time=0.007..0.007 rows=1 loops=730985)
                                       Index Cond: (l_orderkey = l1.l_orderkey)
                                       Filter: ((l_receiptdate > l_commitdate) AND (l_suppkey <> l1.l_suppkey))
                                       Rows Removed by Filter: 1
                           ->  Index Scan using idx_lineitem_orderkey on lineitem l2  (cost=0.56..3.62 rows=4 width=8) (actual time=0.002..0.002 rows=1 loops=65960)
                                 Index Cond: (l_orderkey = orders.o_orderkey)
 Planning Time: 20.589 ms
 Execution Time: 25489.582 ms
(44 rows)

SET
SET
SET
                                                                                               QUERY PLAN                                                                                                
---------------------------------------------------------------------------------------------------------------------------------------------------------------------------------------------------------
 Limit  (cost=3683052.40..3683052.40 rows=1 width=34) (actual time=21744.901..21744.917 rows=100 loops=1)
   ->  Sort  (cost=3683052.40..3683052.40 rows=1 width=34) (actual time=21744.900..21744.909 rows=100 loops=1)
         Sort Key: (count(*)) DESC, supplier.s_name
         Sort Method: top-N heapsort  Memory: 37kB
         ->  GroupAggregate  (cost=3683052.37..3683052.39 rows=1 width=34) (actual time=21738.009..21743.725 rows=3991 loops=1)
               Group Key: supplier.s_name
               ->  Sort  (cost=3683052.37..3683052.37 rows=1 width=26) (actual time=21737.997..21739.607 rows=39281 loops=1)
                     Sort Key: supplier.s_name
                     Sort Method: quicksort  Memory: 1537kB
                     ->  Nested Loop Semi Join  (cost=1970025.66..3683052.36 rows=1 width=26) (actual time=12493.607..21578.037 rows=39281 loops=1)
                           Join Filter: (l2.l_suppkey <> l1.l_suppkey)
                           Rows Removed by Join Filter: 42025
                           ->  Nested Loop Anti Join  (cost=1970025.10..3683048.72 rows=1 width=38) (actual time=12493.602..21412.985 rows=65960 loops=1)
                                 ->  Hash Join  (cost=1970024.53..2449963.15 rows=384034 width=38) (actual time=12493.526..17370.485 rows=730985 loops=1)
                                       Hash Cond: (orders.o_orderkey = l1.l_orderkey)
                                       ->  Seq Scan on orders  (cost=0.00..448787.89 rows=7282772 width=4) (actual time=0.022..1747.997 rows=7309184 loops=1)
                                             Filter: (o_orderstatus = 'F'::bpchar)
                                             Rows Removed by Filter: 7690816
                                       ->  Hash  (cost=1960136.27..1960136.27 rows=791061 width=34) (actual time=12492.054..12492.057 rows=1514267 loops=1)
                                             Buckets: 1048576 (originally 1048576)  Batches: 2 (originally 1)  Memory Usage: 58450kB
                                             ->  Hash Join  (cost=2311.46..1960136.27 rows=791061 width=34) (actual time=14.235..12152.910 rows=1514267 loops=1)
                                                   Hash Cond: (l1.l_suppkey = supplier.s_suppkey)
                                                   ->  Seq Scan on lineitem l1  (cost=0.00..1874935.00 rows=19994453 width=8) (actual time=0.040..9353.707 rows=37929348 loops=1)
                                                         Filter: (l_receiptdate > l_commitdate)
                                                         Rows Removed by Filter: 22056704
                                                   ->  Hash  (cost=2261.46..2261.46 rows=4000 width=30) (actual time=14.153..14.155 rows=3991 loops=1)
                                                         Buckets: 4096  Batches: 1  Memory Usage: 282kB
                                                         ->  Nested Loop  (cost=37.29..2261.46 rows=4000 width=30) (actual time=0.818..13.370 rows=3991 loops=1)
                                                               ->  Seq Scan on nation  (cost=0.00..1.31 rows=1 width=4) (actual time=0.012..0.016 rows=1 loops=1)
                                                                     Filter: (n_name = 'PERU'::bpchar)
                                                                     Rows Removed by Filter: 24
                                                               ->  Bitmap Heap Scan on supplier  (cost=37.29..2220.15 rows=4000 width=34) (actual time=0.801..12.765 rows=3991 loops=1)
                                                                     Recheck Cond: (s_nationkey = nation.n_nationkey)
                                                                     Heap Blocks: exact=1865
                                                                     ->  Bitmap Index Scan on idx_supplier_nation_key  (cost=0.00..36.29 rows=4000 width=0) (actual time=0.523..0.523 rows=3991 loops=1)
                                                                           Index Cond: (s_nationkey = nation.n_nationkey)
                                 ->  Index Scan using idx_lineitem_orderkey on lineitem l3  (cost=0.56..3.64 rows=1 width=8) (actual time=0.005..0.005 rows=1 loops=730985)
                                       Index Cond: (l_orderkey = l1.l_orderkey)
                                       Filter: ((l_receiptdate > l_commitdate) AND (l_suppkey <> l1.l_suppkey))
                                       Rows Removed by Filter: 1
                           ->  Index Scan using idx_lineitem_orderkey on lineitem l2  (cost=0.56..3.62 rows=4 width=8) (actual time=0.002..0.002 rows=1 loops=65960)
                                 Index Cond: (l_orderkey = orders.o_orderkey)
 Planning Time: 2.509 ms
 Execution Time: 21746.068 ms
(44 rows)

query 22 run 1
SET
SET
SET
                                                                          QUERY PLAN                                                                          
--------------------------------------------------------------------------------------------------------------------------------------------------------------
 Limit  (cost=161639.18..161639.21 rows=1 width=72) (actual time=1823.989..1823.991 rows=1 loops=1)
   InitPlan 1
     ->  Aggregate  (cost=75442.31..75442.32 rows=1 width=32) (actual time=855.924..855.924 rows=1 loops=1)
           ->  Seq Scan on customer customer_1  (cost=0.00..75323.05 rows=47701 width=6) (actual time=0.018..824.272 rows=382426 loops=1)
                 Filter: ((c_acctbal > 0.00) AND (SUBSTRING(c_phone FROM 1 FOR 2) = ANY ('{21,29,26,34,14,15,17}'::text[])))
                 Rows Removed by Filter: 1117574
   ->  GroupAggregate  (cost=86196.87..86410.05 rows=7752 width=72) (actual time=1823.988..1823.989 rows=1 loops=1)
         Group Key: (SUBSTRING(customer.c_phone FROM 1 FOR 2))
         ->  Sort  (cost=86196.87..86216.25 rows=7752 width=38) (actual time=1822.293..1822.637 rows=9006 loops=1)
               Sort Key: (SUBSTRING(customer.c_phone FROM 1 FOR 2))
               Sort Method: quicksort  Memory: 3516kB
               ->  Nested Loop Anti Join  (cost=0.43..85696.08 rows=7752 width=38) (actual time=856.406..1802.867 rows=63509 loops=1)
                     ->  Seq Scan on customer  (cost=0.00..75323.05 rows=17500 width=26) (actual time=856.387..1353.879 rows=191129 loops=1)
                           Filter: ((c_acctbal > (InitPlan 1).col1) AND (SUBSTRING(c_phone FROM 1 FOR 2) = ANY ('{21,29,26,34,14,15,17}'::text[])))
                           Rows Removed by Filter: 1308871
                     ->  Index Only Scan using idx_orders_custkey on orders  (cost=0.43..2.17 rows=18 width=4) (actual time=0.002..0.002 rows=1 loops=191129)
                           Index Cond: (o_custkey = customer.c_custkey)
                           Heap Fetches: 0
 Planning Time: 15.594 ms
 Execution Time: 1824.990 ms
(20 rows)

SET
SET
SET
                                                                          QUERY PLAN                                                                          
--------------------------------------------------------------------------------------------------------------------------------------------------------------
 Limit  (cost=161639.18..161639.21 rows=1 width=72) (actual time=1484.728..1484.730 rows=1 loops=1)
   InitPlan 1
     ->  Aggregate  (cost=75442.31..75442.32 rows=1 width=32) (actual time=679.629..679.630 rows=1 loops=1)
           ->  Seq Scan on customer customer_1  (cost=0.00..75323.05 rows=47701 width=6) (actual time=0.007..648.652 rows=382426 loops=1)
                 Filter: ((c_acctbal > 0.00) AND (SUBSTRING(c_phone FROM 1 FOR 2) = ANY ('{21,29,26,34,14,15,17}'::text[])))
                 Rows Removed by Filter: 1117574
   ->  GroupAggregate  (cost=86196.87..86410.05 rows=7752 width=72) (actual time=1484.727..1484.728 rows=1 loops=1)
         Group Key: (SUBSTRING(customer.c_phone FROM 1 FOR 2))
         ->  Sort  (cost=86196.87..86216.25 rows=7752 width=38) (actual time=1483.028..1483.376 rows=9006 loops=1)
               Sort Key: (SUBSTRING(customer.c_phone FROM 1 FOR 2))
               Sort Method: quicksort  Memory: 3516kB
               ->  Nested Loop Anti Join  (cost=0.43..85696.08 rows=7752 width=38) (actual time=679.669..1465.779 rows=63509 loops=1)
                     ->  Seq Scan on customer  (cost=0.00..75323.05 rows=17500 width=26) (actual time=679.653..1149.437 rows=191129 loops=1)
                           Filter: ((c_acctbal > (InitPlan 1).col1) AND (SUBSTRING(c_phone FROM 1 FOR 2) = ANY ('{21,29,26,34,14,15,17}'::text[])))
                           Rows Removed by Filter: 1308871
                     ->  Index Only Scan using idx_orders_custkey on orders  (cost=0.43..2.17 rows=18 width=4) (actual time=0.001..0.001 rows=1 loops=191129)
                           Index Cond: (o_custkey = customer.c_custkey)
                           Heap Fetches: 0
 Planning Time: 0.790 ms
 Execution Time: 1484.780 ms
(20 rows)

