query 1 run 1
SET
SET
SET
                                                                           QUERY PLAN                                                                            
-----------------------------------------------------------------------------------------------------------------------------------------------------------------
 Limit  (cost=1831608.75..1831609.39 rows=1 width=236) (actual time=20422.134..20422.980 rows=1 loops=1)
   ->  Finalize GroupAggregate  (cost=1831608.75..1831612.57 rows=6 width=236) (actual time=20422.133..20422.978 rows=1 loops=1)
         Group Key: l_returnflag, l_linestatus
         ->  Gather Merge  (cost=1831608.75..1831611.62 rows=24 width=236) (actual time=20422.107..20422.955 rows=6 loops=1)
               Workers Planned: 4
               Workers Launched: 4
               ->  Sort  (cost=1830608.69..1830608.71 rows=6 width=236) (actual time=20414.110..20414.111 rows=4 loops=5)
                     Sort Key: l_returnflag, l_linestatus
                     Sort Method: quicksort  Memory: 27kB
                     Worker 0:  Sort Method: quicksort  Memory: 27kB
                     Worker 1:  Sort Method: quicksort  Memory: 27kB
                     Worker 2:  Sort Method: quicksort  Memory: 27kB
                     Worker 3:  Sort Method: quicksort  Memory: 27kB
                     ->  Partial HashAggregate  (cost=1830608.48..1830608.61 rows=6 width=236) (actual time=20413.761..20413.770 rows=4 loops=5)
                           Group Key: l_returnflag, l_linestatus
                           Batches: 1  Memory Usage: 32kB
                           Worker 0:  Batches: 1  Memory Usage: 32kB
                           Worker 1:  Batches: 1  Memory Usage: 32kB
                           Worker 2:  Batches: 1  Memory Usage: 32kB
                           Worker 3:  Batches: 1  Memory Usage: 32kB
                           ->  Parallel Seq Scan on lineitem  (cost=0.00..1312614.68 rows=14799823 width=25) (actual time=0.599..4269.014 rows=11856890 loops=5)
                                 Filter: (l_shipdate <= '1998-09-10 00:00:00'::timestamp without time zone)
                                 Rows Removed by Filter: 140321
 Planning Time: 13.874 ms
 Execution Time: 20423.305 ms
(25 rows)

SET
SET
SET
                                                                           QUERY PLAN                                                                            
-----------------------------------------------------------------------------------------------------------------------------------------------------------------
 Limit  (cost=1831608.75..1831609.39 rows=1 width=236) (actual time=19574.278..19574.349 rows=1 loops=1)
   ->  Finalize GroupAggregate  (cost=1831608.75..1831612.57 rows=6 width=236) (actual time=19574.277..19574.347 rows=1 loops=1)
         Group Key: l_returnflag, l_linestatus
         ->  Gather Merge  (cost=1831608.75..1831611.62 rows=24 width=236) (actual time=19574.254..19574.326 rows=6 loops=1)
               Workers Planned: 4
               Workers Launched: 4
               ->  Sort  (cost=1830608.69..1830608.71 rows=6 width=236) (actual time=19569.374..19569.375 rows=4 loops=5)
                     Sort Key: l_returnflag, l_linestatus
                     Sort Method: quicksort  Memory: 27kB
                     Worker 0:  Sort Method: quicksort  Memory: 27kB
                     Worker 1:  Sort Method: quicksort  Memory: 27kB
                     Worker 2:  Sort Method: quicksort  Memory: 27kB
                     Worker 3:  Sort Method: quicksort  Memory: 27kB
                     ->  Partial HashAggregate  (cost=1830608.48..1830608.61 rows=6 width=236) (actual time=19569.154..19569.163 rows=4 loops=5)
                           Group Key: l_returnflag, l_linestatus
                           Batches: 1  Memory Usage: 32kB
                           Worker 0:  Batches: 1  Memory Usage: 32kB
                           Worker 1:  Batches: 1  Memory Usage: 32kB
                           Worker 2:  Batches: 1  Memory Usage: 32kB
                           Worker 3:  Batches: 1  Memory Usage: 32kB
                           ->  Parallel Seq Scan on lineitem  (cost=0.00..1312614.68 rows=14799823 width=25) (actual time=0.038..2703.160 rows=11856890 loops=5)
                                 Filter: (l_shipdate <= '1998-09-10 00:00:00'::timestamp without time zone)
                                 Rows Removed by Filter: 140321
 Planning Time: 0.905 ms
 Execution Time: 19574.419 ms
(25 rows)

query 2 run 1
SET
SET
SET
                                                                                        QUERY PLAN                                                                                         
-------------------------------------------------------------------------------------------------------------------------------------------------------------------------------------------
 Limit  (cost=1025381.32..1025381.33 rows=1 width=192) (actual time=4243.323..4243.435 rows=100 loops=1)
   ->  Sort  (cost=1025381.32..1025381.33 rows=1 width=192) (actual time=4243.322..4243.428 rows=100 loops=1)
         Sort Key: supplier.s_acctbal DESC, nation.n_name, supplier.s_name, part.p_partkey
         Sort Method: top-N heapsort  Memory: 71kB
         ->  Merge Join  (cost=557069.14..1025381.31 rows=1 width=192) (actual time=3232.176..4239.796 rows=4737 loops=1)
               Merge Cond: (part.p_partkey = partsupp.ps_partkey)
               Join Filter: (partsupp.ps_supplycost = (SubPlan 1))
               Rows Removed by Join Filter: 1661
               ->  Gather Merge  (cost=1000.49..68638.35 rows=7777 width=30) (actual time=12.977..16.298 rows=8046 loops=1)
                     Workers Planned: 4
                     Workers Launched: 4
                     ->  Parallel Index Scan using part_pkey on part  (cost=0.43..66711.97 rows=1944 width=30) (actual time=1.724..321.985 rows=1609 loops=5)
                           Filter: (((p_type)::text ~~ '%NICKEL'::text) AND (p_size = 16))
                           Rows Removed by Filter: 398391
               ->  Materialize  (cost=556068.35..564011.66 rows=1588661 width=172) (actual time=3218.025..3666.016 rows=1603828 loops=1)
                     ->  Sort  (cost=556068.35..560040.01 rows=1588661 width=172) (actual time=3218.021..3488.717 rows=1603828 loops=1)
                           Sort Key: partsupp.ps_partkey
                           Sort Method: external merge  Disk: 293496kB
                           ->  Hash Join  (cost=4048.51..305172.70 rows=1588661 width=172) (actual time=73.269..2546.409 rows=1604080 loops=1)
                                 Hash Cond: (partsupp.ps_suppkey = supplier.s_suppkey)
                                 ->  Seq Scan on partsupp  (cost=0.00..255233.33 rows=8001133 width=14) (actual time=0.738..1087.282 rows=8000000 loops=1)
                                 ->  Hash  (cost=3798.51..3798.51 rows=20000 width=166) (actual time=72.493..72.496 rows=20051 loops=1)
                                       Buckets: 32768  Batches: 1  Memory Usage: 4211kB
                                       ->  Hash Join  (cost=2.51..3798.51 rows=20000 width=166) (actual time=4.630..65.363 rows=20051 loops=1)
                                             Hash Cond: (supplier.s_nationkey = nation.n_nationkey)
                                             ->  Seq Scan on supplier  (cost=0.00..3221.00 rows=100000 width=144) (actual time=1.128..47.908 rows=100000 loops=1)
                                             ->  Hash  (cost=2.45..2.45 rows=5 width=30) (actual time=3.490..3.492 rows=5 loops=1)
                                                   Buckets: 1024  Batches: 1  Memory Usage: 9kB
                                                   ->  Hash Join  (cost=1.07..2.45 rows=5 width=30) (actual time=3.483..3.489 rows=5 loops=1)
                                                         Hash Cond: (nation.n_regionkey = region.r_regionkey)
                                                         ->  Seq Scan on nation  (cost=0.00..1.25 rows=25 width=34) (actual time=3.239..3.241 rows=25 loops=1)
                                                         ->  Hash  (cost=1.06..1.06 rows=1 width=4) (actual time=0.230..0.230 rows=1 loops=1)
                                                               Buckets: 1024  Batches: 1  Memory Usage: 9kB
                                                               ->  Seq Scan on region  (cost=0.00..1.06 rows=1 width=4) (actual time=0.225..0.226 rows=1 loops=1)
                                                                     Filter: (r_name = 'AMERICA'::bpchar)
                                                                     Rows Removed by Filter: 4
               SubPlan 1
                 ->  Aggregate  (cost=62.90..62.91 rows=1 width=32) (actual time=0.058..0.058 rows=1 loops=6398)
                       ->  Nested Loop  (cost=2.29..62.89 rows=3 width=6) (actual time=0.048..0.056 rows=2 loops=6398)
                             Join Filter: (nation_1.n_regionkey = region_1.r_regionkey)
                             Rows Removed by Join Filter: 2
                             ->  Seq Scan on region region_1  (cost=0.00..1.06 rows=1 width=4) (actual time=0.001..0.001 rows=1 loops=6398)
                                   Filter: (r_name = 'AMERICA'::bpchar)
                                   Rows Removed by Filter: 4
                             ->  Hash Join  (cost=2.29..61.62 rows=17 width=10) (actual time=0.043..0.054 rows=4 loops=6398)
                                   Hash Cond: (supplier_1.s_nationkey = nation_1.n_nationkey)
                                   ->  Nested Loop  (cost=0.72..60.00 rows=17 width=10) (actual time=0.042..0.052 rows=4 loops=6398)
                                         ->  Index Scan using idx_partsupp_partkey on partsupp partsupp_1  (cost=0.43..3.73 rows=17 width=10) (actual time=0.038..0.039 rows=4 loops=6398)
                                               Index Cond: (ps_partkey = part.p_partkey)
                                         ->  Index Scan using supplier_pkey on supplier supplier_1  (cost=0.29..3.31 rows=1 width=8) (actual time=0.003..0.003 rows=1 loops=25592)
                                               Index Cond: (s_suppkey = partsupp_1.ps_suppkey)
                                   ->  Hash  (cost=1.25..1.25 rows=25 width=8) (actual time=0.012..0.012 rows=25 loops=1)
                                         Buckets: 1024  Batches: 1  Memory Usage: 9kB
                                         ->  Seq Scan on nation nation_1  (cost=0.00..1.25 rows=25 width=8) (actual time=0.003..0.007 rows=25 loops=1)
 Planning Time: 21.102 ms
 Execution Time: 4280.729 ms
(56 rows)

SET
SET
SET
                                                                                        QUERY PLAN                                                                                         
-------------------------------------------------------------------------------------------------------------------------------------------------------------------------------------------
 Limit  (cost=1025381.32..1025381.33 rows=1 width=192) (actual time=3497.673..3497.791 rows=100 loops=1)
   ->  Sort  (cost=1025381.32..1025381.33 rows=1 width=192) (actual time=3497.672..3497.784 rows=100 loops=1)
         Sort Key: supplier.s_acctbal DESC, nation.n_name, supplier.s_name, part.p_partkey
         Sort Method: top-N heapsort  Memory: 71kB
         ->  Merge Join  (cost=557069.14..1025381.31 rows=1 width=192) (actual time=2766.217..3495.519 rows=4737 loops=1)
               Merge Cond: (part.p_partkey = partsupp.ps_partkey)
               Join Filter: (partsupp.ps_supplycost = (SubPlan 1))
               Rows Removed by Join Filter: 1661
               ->  Gather Merge  (cost=1000.49..68638.35 rows=7777 width=30) (actual time=3.610..5.963 rows=8046 loops=1)
                     Workers Planned: 4
                     Workers Launched: 4
                     ->  Parallel Index Scan using part_pkey on part  (cost=0.43..66711.97 rows=1944 width=30) (actual time=0.103..124.163 rows=1609 loops=5)
                           Filter: (((p_type)::text ~~ '%NICKEL'::text) AND (p_size = 16))
                           Rows Removed by Filter: 398391
               ->  Materialize  (cost=556068.35..564011.66 rows=1588661 width=172) (actual time=2762.509..3201.999 rows=1603828 loops=1)
                     ->  Sort  (cost=556068.35..560040.01 rows=1588661 width=172) (actual time=2762.505..3023.514 rows=1603828 loops=1)
                           Sort Key: partsupp.ps_partkey
                           Sort Method: external merge  Disk: 293496kB
                           ->  Hash Join  (cost=4048.51..305172.70 rows=1588661 width=172) (actual time=47.116..2104.396 rows=1604080 loops=1)
                                 Hash Cond: (partsupp.ps_suppkey = supplier.s_suppkey)
                                 ->  Seq Scan on partsupp  (cost=0.00..255233.33 rows=8001133 width=14) (actual time=0.039..765.291 rows=8000000 loops=1)
                                 ->  Hash  (cost=3798.51..3798.51 rows=20000 width=166) (actual time=47.036..47.039 rows=20051 loops=1)
                                       Buckets: 32768  Batches: 1  Memory Usage: 4211kB
                                       ->  Hash Join  (cost=2.51..3798.51 rows=20000 width=166) (actual time=0.050..40.938 rows=20051 loops=1)
                                             Hash Cond: (supplier.s_nationkey = nation.n_nationkey)
                                             ->  Seq Scan on supplier  (cost=0.00..3221.00 rows=100000 width=144) (actual time=0.011..10.266 rows=100000 loops=1)
                                             ->  Hash  (cost=2.45..2.45 rows=5 width=30) (actual time=0.034..0.036 rows=5 loops=1)
                                                   Buckets: 1024  Batches: 1  Memory Usage: 9kB
                                                   ->  Hash Join  (cost=1.07..2.45 rows=5 width=30) (actual time=0.028..0.034 rows=5 loops=1)
                                                         Hash Cond: (nation.n_regionkey = region.r_regionkey)
                                                         ->  Seq Scan on nation  (cost=0.00..1.25 rows=25 width=34) (actual time=0.007..0.008 rows=25 loops=1)
                                                         ->  Hash  (cost=1.06..1.06 rows=1 width=4) (actual time=0.016..0.017 rows=1 loops=1)
                                                               Buckets: 1024  Batches: 1  Memory Usage: 9kB
                                                               ->  Seq Scan on region  (cost=0.00..1.06 rows=1 width=4) (actual time=0.014..0.014 rows=1 loops=1)
                                                                     Filter: (r_name = 'AMERICA'::bpchar)
                                                                     Rows Removed by Filter: 4
               SubPlan 1
                 ->  Aggregate  (cost=62.90..62.91 rows=1 width=32) (actual time=0.017..0.017 rows=1 loops=6398)
                       ->  Nested Loop  (cost=2.29..62.89 rows=3 width=6) (actual time=0.009..0.015 rows=2 loops=6398)
                             Join Filter: (nation_1.n_regionkey = region_1.r_regionkey)
                             Rows Removed by Join Filter: 2
                             ->  Seq Scan on region region_1  (cost=0.00..1.06 rows=1 width=4) (actual time=0.001..0.001 rows=1 loops=6398)
                                   Filter: (r_name = 'AMERICA'::bpchar)
                                   Rows Removed by Filter: 4
                             ->  Hash Join  (cost=2.29..61.62 rows=17 width=10) (actual time=0.005..0.013 rows=4 loops=6398)
                                   Hash Cond: (supplier_1.s_nationkey = nation_1.n_nationkey)
                                   ->  Nested Loop  (cost=0.72..60.00 rows=17 width=10) (actual time=0.005..0.012 rows=4 loops=6398)
                                         ->  Index Scan using idx_partsupp_partkey on partsupp partsupp_1  (cost=0.43..3.73 rows=17 width=10) (actual time=0.003..0.003 rows=4 loops=6398)
                                               Index Cond: (ps_partkey = part.p_partkey)
                                         ->  Index Scan using supplier_pkey on supplier supplier_1  (cost=0.29..3.31 rows=1 width=8) (actual time=0.002..0.002 rows=1 loops=25592)
                                               Index Cond: (s_suppkey = partsupp_1.ps_suppkey)
                                   ->  Hash  (cost=1.25..1.25 rows=25 width=8) (actual time=0.012..0.012 rows=25 loops=1)
                                         Buckets: 1024  Batches: 1  Memory Usage: 9kB
                                         ->  Seq Scan on nation nation_1  (cost=0.00..1.25 rows=25 width=8) (actual time=0.003..0.007 rows=25 loops=1)
 Planning Time: 2.128 ms
 Execution Time: 3533.512 ms
(56 rows)

query 3 run 1
SET
SET
SET
                                                                                QUERY PLAN                                                                                 
---------------------------------------------------------------------------------------------------------------------------------------------------------------------------
 Limit  (cost=2296859.38..2296859.41 rows=10 width=44) (actual time=10248.182..10280.373 rows=10 loops=1)
   ->  Sort  (cost=2296859.38..2304754.24 rows=3157943 width=44) (actual time=10248.180..10280.370 rows=10 loops=1)
         Sort Key: (sum((lineitem.l_extendedprice * ('1'::numeric - lineitem.l_discount)))) DESC, orders.o_orderdate
         Sort Method: top-N heapsort  Memory: 26kB
         ->  GroupAggregate  (cost=1763658.77..2228617.37 rows=3157943 width=44) (actual time=10020.041..10259.107 rows=113934 loops=1)
               Group Key: lineitem.l_orderkey, orders.o_orderdate, orders.o_shippriority
               ->  Gather Merge  (cost=1763658.77..2141773.94 rows=3157943 width=24) (actual time=10020.026..10098.649 rows=301530 loops=1)
                     Workers Planned: 4
                     Workers Launched: 4
                     ->  Sort  (cost=1762658.71..1764632.42 rows=789486 width=24) (actual time=10009.846..10012.733 rows=60306 loops=5)
                           Sort Key: lineitem.l_orderkey, orders.o_orderdate, orders.o_shippriority
                           Sort Method: quicksort  Memory: 6240kB
                           Worker 0:  Sort Method: quicksort  Memory: 6312kB
                           Worker 1:  Sort Method: quicksort  Memory: 6173kB
                           Worker 2:  Sort Method: quicksort  Memory: 6200kB
                           Worker 3:  Sort Method: quicksort  Memory: 6314kB
                           ->  Nested Loop  (cost=41573.12..1674917.87 rows=789486 width=24) (actual time=236.895..9989.715 rows=60306 loops=5)
                                 ->  Parallel Hash Join  (cost=41572.55..354487.16 rows=363494 width=12) (actual time=235.452..1699.087 rows=290361 loops=5)
                                       Hash Cond: (orders.o_custkey = customer.c_custkey)
                                       ->  Parallel Seq Scan on orders  (cost=0.00..308146.91 rows=1816262 width=16) (actual time=0.452..1009.765 rows=1447887 loops=5)
                                             Filter: (o_orderdate < '1995-03-07'::date)
                                             Rows Removed by Filter: 1552113
                                       ->  Parallel Hash  (cost=40634.44..40634.44 rows=75049 width=4) (actual time=234.314..234.315 rows=60055 loops=5)
                                             Buckets: 524288  Batches: 1  Memory Usage: 15936kB
                                             ->  Parallel Seq Scan on customer  (cost=0.00..40634.44 rows=75049 width=4) (actual time=0.106..215.668 rows=60055 loops=5)
                                                   Filter: (c_mktsegment = 'BUILDING'::bpchar)
                                                   Rows Removed by Filter: 239945
                                 ->  Index Scan using idx_lineitem_orderkey on lineitem  (cost=0.56..3.61 rows=2 width=16) (actual time=0.028..0.028 rows=0 loops=1451805)
                                       Index Cond: (l_orderkey = orders.o_orderkey)
                                       Filter: (l_shipdate > '1995-03-07'::date)
                                       Rows Removed by Filter: 4
 Planning Time: 20.146 ms
 Execution Time: 10280.757 ms
(33 rows)

SET
SET
SET
                                                                                QUERY PLAN                                                                                 
---------------------------------------------------------------------------------------------------------------------------------------------------------------------------
 Limit  (cost=2296859.38..2296859.41 rows=10 width=44) (actual time=3963.047..3995.453 rows=10 loops=1)
   ->  Sort  (cost=2296859.38..2304754.24 rows=3157943 width=44) (actual time=3963.046..3995.451 rows=10 loops=1)
         Sort Key: (sum((lineitem.l_extendedprice * ('1'::numeric - lineitem.l_discount)))) DESC, orders.o_orderdate
         Sort Method: top-N heapsort  Memory: 26kB
         ->  GroupAggregate  (cost=1763658.77..2228617.37 rows=3157943 width=44) (actual time=3740.846..3974.267 rows=113934 loops=1)
               Group Key: lineitem.l_orderkey, orders.o_orderdate, orders.o_shippriority
               ->  Gather Merge  (cost=1763658.77..2141773.94 rows=3157943 width=24) (actual time=3740.833..3814.188 rows=301530 loops=1)
                     Workers Planned: 4
                     Workers Launched: 4
                     ->  Sort  (cost=1762658.71..1764632.42 rows=789486 width=24) (actual time=3734.116..3737.042 rows=60306 loops=5)
                           Sort Key: lineitem.l_orderkey, orders.o_orderdate, orders.o_shippriority
                           Sort Method: quicksort  Memory: 6274kB
                           Worker 0:  Sort Method: quicksort  Memory: 6439kB
                           Worker 1:  Sort Method: quicksort  Memory: 6219kB
                           Worker 2:  Sort Method: quicksort  Memory: 6129kB
                           Worker 3:  Sort Method: quicksort  Memory: 6178kB
                           ->  Nested Loop  (cost=41573.12..1674917.87 rows=789486 width=24) (actual time=132.365..3710.979 rows=60306 loops=5)
                                 ->  Parallel Hash Join  (cost=41572.55..354487.16 rows=363494 width=12) (actual time=132.194..1201.873 rows=290361 loops=5)
                                       Hash Cond: (orders.o_custkey = customer.c_custkey)
                                       ->  Parallel Seq Scan on orders  (cost=0.00..308146.91 rows=1816262 width=16) (actual time=0.038..551.776 rows=1447887 loops=5)
                                             Filter: (o_orderdate < '1995-03-07'::date)
                                             Rows Removed by Filter: 1552113
                                       ->  Parallel Hash  (cost=40634.44..40634.44 rows=75049 width=4) (actual time=131.216..131.217 rows=60055 loops=5)
                                             Buckets: 524288  Batches: 1  Memory Usage: 15936kB
                                             ->  Parallel Seq Scan on customer  (cost=0.00..40634.44 rows=75049 width=4) (actual time=0.027..109.236 rows=60055 loops=5)
                                                   Filter: (c_mktsegment = 'BUILDING'::bpchar)
                                                   Rows Removed by Filter: 239945
                                 ->  Index Scan using idx_lineitem_orderkey on lineitem  (cost=0.56..3.61 rows=2 width=16) (actual time=0.008..0.008 rows=0 loops=1451805)
                                       Index Cond: (l_orderkey = orders.o_orderkey)
                                       Filter: (l_shipdate > '1995-03-07'::date)
                                       Rows Removed by Filter: 4
 Planning Time: 1.657 ms
 Execution Time: 3995.525 ms
(33 rows)

query 4 run 1
SET
SET
SET
                                                                                QUERY PLAN                                                                                
--------------------------------------------------------------------------------------------------------------------------------------------------------------------------
 Limit  (cost=283607.80..668341.11 rows=1 width=24) (actual time=31052.336..31078.031 rows=1 loops=1)
   ->  GroupAggregate  (cost=283607.80..2207274.36 rows=5 width=24) (actual time=31052.335..31078.029 rows=1 loops=1)
         Group Key: orders.o_orderpriority
         ->  Nested Loop Semi Join  (cost=283607.80..2204369.27 rows=581009 width=16) (actual time=6483.197..31000.173 rows=103030 loops=1)
               ->  Gather Merge  (cost=283607.23..353190.42 rows=581145 width=20) (actual time=6482.231..6627.329 rows=112214 loops=1)
                     Workers Planned: 4
                     Workers Launched: 4
                     ->  Sort  (cost=282607.18..282970.39 rows=145286 width=20) (actual time=6470.358..6473.677 rows=23411 loops=5)
                           Sort Key: orders.o_orderpriority
                           Sort Method: quicksort  Memory: 11889kB
                           Worker 0:  Sort Method: quicksort  Memory: 11757kB
                           Worker 1:  Sort Method: quicksort  Memory: 11889kB
                           Worker 2:  Sort Method: quicksort  Memory: 11785kB
                           Worker 3:  Sort Method: quicksort  Memory: 11826kB
                           ->  Parallel Bitmap Heap Scan on orders  (cost=6702.67..270149.97 rows=145286 width=20) (actual time=131.238..6415.646 rows=112085 loops=5)
                                 Recheck Cond: ((o_orderdate >= '1993-12-01'::date) AND (o_orderdate < '1994-03-01'::date))
                                 Heap Blocks: exact=46605
                                 ->  Bitmap Index Scan on idx_orders_orderdate  (cost=0.00..6557.39 rows=581145 width=0) (actual time=86.539..86.540 rows=560424 loops=1)
                                       Index Cond: ((o_orderdate >= '1993-12-01'::date) AND (o_orderdate < '1994-03-01'::date))
               ->  Index Scan using idx_lineitem_orderkey on lineitem  (cost=0.56..3.61 rows=1 width=4) (actual time=0.216..0.216 rows=1 loops=112214)
                     Index Cond: (l_orderkey = orders.o_orderkey)
                     Filter: (l_commitdate < l_receiptdate)
                     Rows Removed by Filter: 1
 Planning Time: 13.639 ms
 Execution Time: 31078.784 ms
(25 rows)

SET
SET
SET
                                                                                QUERY PLAN                                                                                
--------------------------------------------------------------------------------------------------------------------------------------------------------------------------
 Limit  (cost=283607.80..668341.11 rows=1 width=24) (actual time=1688.323..1712.505 rows=1 loops=1)
   ->  GroupAggregate  (cost=283607.80..2207274.36 rows=5 width=24) (actual time=1688.322..1712.503 rows=1 loops=1)
         Group Key: orders.o_orderpriority
         ->  Nested Loop Semi Join  (cost=283607.80..2204369.27 rows=581009 width=16) (actual time=715.713..1692.645 rows=103030 loops=1)
               ->  Gather Merge  (cost=283607.23..353190.42 rows=581145 width=20) (actual time=715.663..777.927 rows=112213 loops=1)
                     Workers Planned: 4
                     Workers Launched: 4
                     ->  Sort  (cost=282607.18..282970.39 rows=145286 width=20) (actual time=708.328..710.739 rows=23343 loops=5)
                           Sort Key: orders.o_orderpriority
                           Sort Method: quicksort  Memory: 11571kB
                           Worker 0:  Sort Method: quicksort  Memory: 11557kB
                           Worker 1:  Sort Method: quicksort  Memory: 12457kB
                           Worker 2:  Sort Method: quicksort  Memory: 11993kB
                           Worker 3:  Sort Method: quicksort  Memory: 11567kB
                           ->  Parallel Bitmap Heap Scan on orders  (cost=6702.67..270149.97 rows=145286 width=20) (actual time=128.369..668.530 rows=112085 loops=5)
                                 Recheck Cond: ((o_orderdate >= '1993-12-01'::date) AND (o_orderdate < '1994-03-01'::date))
                                 Heap Blocks: exact=44877
                                 ->  Bitmap Index Scan on idx_orders_orderdate  (cost=0.00..6557.39 rows=581145 width=0) (actual time=82.675..82.676 rows=560424 loops=1)
                                       Index Cond: ((o_orderdate >= '1993-12-01'::date) AND (o_orderdate < '1994-03-01'::date))
               ->  Index Scan using idx_lineitem_orderkey on lineitem  (cost=0.56..3.61 rows=1 width=4) (actual time=0.008..0.008 rows=1 loops=112213)
                     Index Cond: (l_orderkey = orders.o_orderkey)
                     Filter: (l_commitdate < l_receiptdate)
                     Rows Removed by Filter: 1
 Planning Time: 1.066 ms
 Execution Time: 1712.570 ms
(25 rows)

query 5 run 1
SET
SET
SET
                                                                                              QUERY PLAN                                                                                               
-------------------------------------------------------------------------------------------------------------------------------------------------------------------------------------------------------
 Limit  (cost=766466.17..766466.17 rows=1 width=58) (actual time=22778.724..22828.199 rows=1 loops=1)
   ->  Sort  (cost=766466.17..766466.23 rows=25 width=58) (actual time=22778.723..22828.197 rows=1 loops=1)
         Sort Key: (sum((lineitem.l_extendedprice * ('1'::numeric - lineitem.l_discount)))) DESC
         Sort Method: top-N heapsort  Memory: 25kB
         ->  Finalize GroupAggregate  (cost=766224.21..766466.05 rows=25 width=58) (actual time=22768.110..22828.177 rows=5 loops=1)
               Group Key: nation.n_name
               ->  Gather Merge  (cost=766224.21..766464.98 rows=100 width=58) (actual time=22766.700..22828.140 rows=25 loops=1)
                     Workers Planned: 4
                     Workers Launched: 4
                     ->  Partial GroupAggregate  (cost=765224.15..765453.01 rows=25 width=58) (actual time=22754.153..22760.085 rows=5 loops=5)
                           Group Key: nation.n_name
                           ->  Sort  (cost=765224.15..765269.86 rows=18284 width=38) (actual time=22752.849..22753.538 rows=14407 loops=5)
                                 Sort Key: nation.n_name
                                 Sort Method: quicksort  Memory: 1512kB
                                 Worker 0:  Sort Method: quicksort  Memory: 1513kB
                                 Worker 1:  Sort Method: quicksort  Memory: 1524kB
                                 Worker 2:  Sort Method: quicksort  Memory: 1494kB
                                 Worker 3:  Sort Method: quicksort  Memory: 1507kB
                                 ->  Parallel Hash Join  (cost=72852.49..763929.80 rows=18284 width=38) (actual time=553.159..22739.012 rows=14407 loops=5)
                                       Hash Cond: ((lineitem.l_suppkey = supplier.s_suppkey) AND (customer.c_nationkey = supplier.s_nationkey))
                                       ->  Nested Loop  (cost=69160.89..757838.19 rows=457146 width=50) (actual time=534.688..22567.190 rows=363065 loops=5)
                                             ->  Parallel Hash Join  (cost=69160.33..341430.98 rows=114313 width=38) (actual time=533.812..3991.827 rows=90680 loops=5)
                                                   Hash Cond: (orders.o_custkey = customer.c_custkey)
                                                   ->  Parallel Bitmap Heap Scan on orders  (cost=26367.16..296208.66 rows=571566 width=8) (actual time=258.729..3485.135 rows=455328 loops=5)
                                                         Recheck Cond: ((o_orderdate >= '1993-01-01'::date) AND (o_orderdate < '1994-01-01'::date))
                                                         Heap Blocks: exact=52531
                                                         ->  Bitmap Index Scan on idx_orders_orderdate  (cost=0.00..25795.60 rows=2286266 width=0) (actual time=202.636..202.636 rows=2276638 loops=1)
                                                               Index Cond: ((o_orderdate >= '1993-01-01'::date) AND (o_orderdate < '1994-01-01'::date))
                                                   ->  Parallel Hash  (cost=41855.68..41855.68 rows=74999 width=38) (actual time=274.417..274.420 rows=59887 loops=5)
                                                         Buckets: 524288  Batches: 1  Memory Usage: 25280kB
                                                         ->  Hash Join  (cost=2.51..41855.68 rows=74999 width=38) (actual time=1.052..246.408 rows=59887 loops=5)
                                                               Hash Cond: (customer.c_nationkey = nation.n_nationkey)
                                                               ->  Parallel Seq Scan on customer  (cost=0.00..39696.95 rows=374995 width=8) (actual time=0.385..206.293 rows=300000 loops=5)
                                                               ->  Hash  (cost=2.45..2.45 rows=5 width=30) (actual time=0.656..0.658 rows=5 loops=5)
                                                                     Buckets: 1024  Batches: 1  Memory Usage: 9kB
                                                                     ->  Hash Join  (cost=1.07..2.45 rows=5 width=30) (actual time=0.648..0.655 rows=5 loops=5)
                                                                           Hash Cond: (nation.n_regionkey = region.r_regionkey)
                                                                           ->  Seq Scan on nation  (cost=0.00..1.25 rows=25 width=34) (actual time=0.337..0.339 rows=25 loops=5)
                                                                           ->  Hash  (cost=1.06..1.06 rows=1 width=4) (actual time=0.304..0.305 rows=1 loops=5)
                                                                                 Buckets: 1024  Batches: 1  Memory Usage: 9kB
                                                                                 ->  Seq Scan on region  (cost=0.00..1.06 rows=1 width=4) (actual time=0.300..0.301 rows=1 loops=5)
                                                                                       Filter: (r_name = 'AMERICA'::bpchar)
                                                                                       Rows Removed by Filter: 4
                                             ->  Index Scan using idx_lineitem_orderkey on lineitem  (cost=0.56..3.60 rows=4 width=20) (actual time=0.192..0.203 rows=4 loops=453399)
                                                   Index Cond: (l_orderkey = orders.o_orderkey)
                                       ->  Parallel Hash  (cost=2809.24..2809.24 rows=58824 width=8) (actual time=15.952..15.952 rows=20000 loops=5)
                                             Buckets: 131072  Batches: 1  Memory Usage: 4960kB
                                             ->  Parallel Seq Scan on supplier  (cost=0.00..2809.24 rows=58824 width=8) (actual time=0.063..10.721 rows=20000 loops=5)
 Planning Time: 26.169 ms
 Execution Time: 22828.954 ms
(50 rows)

SET
SET
SET
                                                                                              QUERY PLAN                                                                                               
-------------------------------------------------------------------------------------------------------------------------------------------------------------------------------------------------------
 Limit  (cost=766466.17..766466.17 rows=1 width=58) (actual time=2570.220..2621.170 rows=1 loops=1)
   ->  Sort  (cost=766466.17..766466.23 rows=25 width=58) (actual time=2570.218..2621.168 rows=1 loops=1)
         Sort Key: (sum((lineitem.l_extendedprice * ('1'::numeric - lineitem.l_discount)))) DESC
         Sort Method: top-N heapsort  Memory: 25kB
         ->  Finalize GroupAggregate  (cost=766224.21..766466.05 rows=25 width=58) (actual time=2563.056..2621.152 rows=5 loops=1)
               Group Key: nation.n_name
               ->  Gather Merge  (cost=766224.21..766464.98 rows=100 width=58) (actual time=2561.711..2621.109 rows=25 loops=1)
                     Workers Planned: 4
                     Workers Launched: 4
                     ->  Partial GroupAggregate  (cost=765224.15..765453.01 rows=25 width=58) (actual time=2553.014..2559.463 rows=5 loops=5)
                           Group Key: nation.n_name
                           ->  Sort  (cost=765224.15..765269.86 rows=18284 width=38) (actual time=2551.715..2552.963 rows=14407 loops=5)
                                 Sort Key: nation.n_name
                                 Sort Method: quicksort  Memory: 1473kB
                                 Worker 0:  Sort Method: quicksort  Memory: 2069kB
                                 Worker 1:  Sort Method: quicksort  Memory: 1348kB
                                 Worker 2:  Sort Method: quicksort  Memory: 1578kB
                                 Worker 3:  Sort Method: quicksort  Memory: 1465kB
                                 ->  Parallel Hash Join  (cost=72852.49..763929.80 rows=18284 width=38) (actual time=423.296..2543.283 rows=14407 loops=5)
                                       Hash Cond: ((lineitem.l_suppkey = supplier.s_suppkey) AND (customer.c_nationkey = supplier.s_nationkey))
                                       ->  Nested Loop  (cost=69160.89..757838.19 rows=457146 width=50) (actual time=404.796..2409.116 rows=363065 loops=5)
                                             ->  Parallel Hash Join  (cost=69160.33..341430.98 rows=114313 width=38) (actual time=404.704..994.212 rows=90680 loops=5)
                                                   Hash Cond: (orders.o_custkey = customer.c_custkey)
                                                   ->  Parallel Bitmap Heap Scan on orders  (cost=26367.16..296208.66 rows=571566 width=8) (actual time=246.937..660.162 rows=455328 loops=5)
                                                         Recheck Cond: ((o_orderdate >= '1993-01-01'::date) AND (o_orderdate < '1994-01-01'::date))
                                                         Heap Blocks: exact=50473
                                                         ->  Bitmap Index Scan on idx_orders_orderdate  (cost=0.00..25795.60 rows=2286266 width=0) (actual time=191.576..191.577 rows=2276638 loops=1)
                                                               Index Cond: ((o_orderdate >= '1993-01-01'::date) AND (o_orderdate < '1994-01-01'::date))
                                                   ->  Parallel Hash  (cost=41855.68..41855.68 rows=74999 width=38) (actual time=157.094..157.097 rows=59887 loops=5)
                                                         Buckets: 524288  Batches: 1  Memory Usage: 25280kB
                                                         ->  Hash Join  (cost=2.51..41855.68 rows=74999 width=38) (actual time=0.290..129.000 rows=59887 loops=5)
                                                               Hash Cond: (customer.c_nationkey = nation.n_nationkey)
                                                               ->  Parallel Seq Scan on customer  (cost=0.00..39696.95 rows=374995 width=8) (actual time=0.028..89.921 rows=300000 loops=5)
                                                               ->  Hash  (cost=2.45..2.45 rows=5 width=30) (actual time=0.251..0.253 rows=5 loops=5)
                                                                     Buckets: 1024  Batches: 1  Memory Usage: 9kB
                                                                     ->  Hash Join  (cost=1.07..2.45 rows=5 width=30) (actual time=0.245..0.251 rows=5 loops=5)
                                                                           Hash Cond: (nation.n_regionkey = region.r_regionkey)
                                                                           ->  Seq Scan on nation  (cost=0.00..1.25 rows=25 width=34) (actual time=0.195..0.197 rows=25 loops=5)
                                                                           ->  Hash  (cost=1.06..1.06 rows=1 width=4) (actual time=0.044..0.045 rows=1 loops=5)
                                                                                 Buckets: 1024  Batches: 1  Memory Usage: 9kB
                                                                                 ->  Seq Scan on region  (cost=0.00..1.06 rows=1 width=4) (actual time=0.041..0.042 rows=1 loops=5)
                                                                                       Filter: (r_name = 'AMERICA'::bpchar)
                                                                                       Rows Removed by Filter: 4
                                             ->  Index Scan using idx_lineitem_orderkey on lineitem  (cost=0.56..3.60 rows=4 width=20) (actual time=0.014..0.014 rows=4 loops=453399)
                                                   Index Cond: (l_orderkey = orders.o_orderkey)
                                       ->  Parallel Hash  (cost=2809.24..2809.24 rows=58824 width=8) (actual time=17.773..17.773 rows=20000 loops=5)
                                             Buckets: 131072  Batches: 1  Memory Usage: 5056kB
                                             ->  Parallel Seq Scan on supplier  (cost=0.00..2809.24 rows=58824 width=8) (actual time=0.023..6.781 rows=20000 loops=5)
 Planning Time: 4.861 ms
 Execution Time: 2621.497 ms
(50 rows)

query 6 run 1
SET
SET
SET
                                                                                                                QUERY PLAN                                                                                                                 
-------------------------------------------------------------------------------------------------------------------------------------------------------------------------------------------------------------------------------------------
 Limit  (cost=1284928.03..1284928.04 rows=1 width=32) (actual time=17424.946..17469.259 rows=1 loops=1)
   ->  Finalize Aggregate  (cost=1284928.03..1284928.04 rows=1 width=32) (actual time=17424.945..17469.256 rows=1 loops=1)
         ->  Gather  (cost=1284927.60..1284928.01 rows=4 width=32) (actual time=17420.860..17469.236 rows=5 loops=1)
               Workers Planned: 4
               Workers Launched: 4
               ->  Partial Aggregate  (cost=1283927.60..1283927.61 rows=1 width=32) (actual time=17412.667..17412.668 rows=1 loops=5)
                     ->  Parallel Bitmap Heap Scan on lineitem  (cost=213318.49..1282442.35 rows=297048 width=12) (actual time=1458.776..17253.488 rows=238912 loops=5)
                           Recheck Cond: ((l_shipdate >= '1993-01-01'::date) AND (l_shipdate < '1994-01-01 00:00:00'::timestamp without time zone) AND (l_discount >= 0.06) AND (l_discount <= 0.08) AND (l_quantity < '25'::numeric))
                           Rows Removed by Index Recheck: 2744818
                           Heap Blocks: exact=80127 lossy=53288
                           ->  Bitmap Index Scan on idx_lineitem_shipdate  (cost=0.00..213021.45 rows=1188192 width=0) (actual time=1374.082..1374.082 rows=1194558 loops=1)
                                 Index Cond: ((l_shipdate >= '1993-01-01'::date) AND (l_shipdate < '1994-01-01 00:00:00'::timestamp without time zone) AND (l_discount >= 0.06) AND (l_discount <= 0.08) AND (l_quantity < '25'::numeric))
 Planning Time: 11.960 ms
 Execution Time: 17470.437 ms
(14 rows)

SET
SET
SET
                                                                                                                QUERY PLAN                                                                                                                 
-------------------------------------------------------------------------------------------------------------------------------------------------------------------------------------------------------------------------------------------
 Limit  (cost=1284928.03..1284928.04 rows=1 width=32) (actual time=3281.279..3325.269 rows=1 loops=1)
   ->  Finalize Aggregate  (cost=1284928.03..1284928.04 rows=1 width=32) (actual time=3281.278..3325.266 rows=1 loops=1)
         ->  Gather  (cost=1284927.60..1284928.01 rows=4 width=32) (actual time=3277.245..3325.247 rows=5 loops=1)
               Workers Planned: 4
               Workers Launched: 4
               ->  Partial Aggregate  (cost=1283927.60..1283927.61 rows=1 width=32) (actual time=3273.592..3273.593 rows=1 loops=5)
                     ->  Parallel Bitmap Heap Scan on lineitem  (cost=213318.49..1282442.35 rows=297048 width=12) (actual time=1317.194..3170.640 rows=238912 loops=5)
                           Recheck Cond: ((l_shipdate >= '1993-01-01'::date) AND (l_shipdate < '1994-01-01 00:00:00'::timestamp without time zone) AND (l_discount >= 0.06) AND (l_discount <= 0.08) AND (l_quantity < '25'::numeric))
                           Rows Removed by Index Recheck: 2744818
                           Heap Blocks: exact=79066 lossy=53413
                           ->  Bitmap Index Scan on idx_lineitem_shipdate  (cost=0.00..213021.45 rows=1188192 width=0) (actual time=1228.493..1228.493 rows=1194558 loops=1)
                                 Index Cond: ((l_shipdate >= '1993-01-01'::date) AND (l_shipdate < '1994-01-01 00:00:00'::timestamp without time zone) AND (l_discount >= 0.06) AND (l_discount <= 0.08) AND (l_quantity < '25'::numeric))
 Planning Time: 0.655 ms
 Execution Time: 3325.316 ms
(14 rows)

query 7 run 1
SET
SET
SET
                                                                                                      QUERY PLAN                                                                                                       
-----------------------------------------------------------------------------------------------------------------------------------------------------------------------------------------------------------------------
 Limit  (cost=1419935.95..1420993.94 rows=1 width=116) (actual time=30632.297..30637.914 rows=1 loops=1)
   ->  GroupAggregate  (cost=1419935.95..12042162.45 rows=10040 width=116) (actual time=30632.295..30637.912 rows=1 loops=1)
         Group Key: n1.n_name, n2.n_name, EXTRACT(year FROM lineitem.l_shipdate)
         ->  Nested Loop  (cost=1419935.95..12041096.44 rows=61027 width=96) (actual time=7134.038..30607.878 rows=14421 loops=1)
               Join Filter: (n2.n_nationkey = customer.c_nationkey)
               Rows Removed by Join Filter: 349062
               ->  Nested Loop  (cost=1419935.52..6818865.66 rows=1525686 width=76) (actual time=7118.986..24981.205 rows=363483 loops=1)
                     ->  Gather Merge  (cost=1419935.08..1602612.55 rows=1525686 width=76) (actual time=7117.913..7602.717 rows=363483 loops=1)
                           Workers Planned: 4
                           Workers Launched: 4
                           ->  Sort  (cost=1418935.03..1419888.58 rows=381422 width=76) (actual time=7093.206..7135.701 rows=73103 loops=5)
                                 Sort Key: n1.n_name, n2.n_name, (EXTRACT(year FROM lineitem.l_shipdate))
                                 Sort Method: external merge  Disk: 26896kB
                                 Worker 0:  Sort Method: external merge  Disk: 26304kB
                                 Worker 1:  Sort Method: external merge  Disk: 26936kB
                                 Worker 2:  Sort Method: external merge  Disk: 26464kB
                                 Worker 3:  Sort Method: external merge  Disk: 27344kB
                                 ->  Parallel Hash Join  (cost=3140.96..1372678.50 rows=381422 width=76) (actual time=17.137..6783.330 rows=291139 loops=5)
                                       Hash Cond: (lineitem.l_suppkey = supplier.s_suppkey)
                                       ->  Parallel Seq Scan on lineitem  (cost=0.00..1350109.01 rows=4582632 width=24) (actual time=0.421..6165.708 rows=3646065 loops=5)
                                             Filter: ((l_shipdate >= '1995-01-01'::date) AND (l_shipdate <= '1996-12-31'::date))
                                             Rows Removed by Filter: 8351145
                                       ->  Parallel Hash  (cost=3079.76..3079.76 rows=4896 width=60) (actual time=16.392..16.394 rows=1596 loops=5)
                                             Buckets: 16384  Batches: 1  Memory Usage: 992kB
                                             ->  Hash Join  (cost=2.87..3079.76 rows=4896 width=60) (actual time=0.273..15.328 rows=1596 loops=5)
                                                   Hash Cond: (supplier.s_nationkey = n1.n_nationkey)
                                                   ->  Parallel Seq Scan on supplier  (cost=0.00..2809.24 rows=58824 width=8) (actual time=0.206..12.994 rows=20000 loops=5)
                                                   ->  Hash  (cost=2.84..2.84 rows=2 width=60) (actual time=0.061..0.062 rows=2 loops=5)
                                                         Buckets: 1024  Batches: 1  Memory Usage: 9kB
                                                         ->  Nested Loop  (cost=0.00..2.84 rows=2 width=60) (actual time=0.055..0.060 rows=2 loops=5)
                                                               Join Filter: (((n1.n_name = 'PERU'::bpchar) AND (n2.n_name = 'MOROCCO'::bpchar)) OR ((n1.n_name = 'MOROCCO'::bpchar) AND (n2.n_name = 'PERU'::bpchar)))
                                                               Rows Removed by Join Filter: 2
                                                               ->  Seq Scan on nation n1  (cost=0.00..1.38 rows=2 width=30) (actual time=0.044..0.046 rows=2 loops=5)
                                                                     Filter: ((n_name = 'PERU'::bpchar) OR (n_name = 'MOROCCO'::bpchar))
                                                                     Rows Removed by Filter: 23
                                                               ->  Materialize  (cost=0.00..1.39 rows=2 width=30) (actual time=0.003..0.005 rows=2 loops=10)
                                                                     ->  Seq Scan on nation n2  (cost=0.00..1.38 rows=2 width=30) (actual time=0.004..0.006 rows=2 loops=5)
                                                                           Filter: ((n_name = 'MOROCCO'::bpchar) OR (n_name = 'PERU'::bpchar))
                                                                           Rows Removed by Filter: 23
                     ->  Index Scan using orders_pkey on orders  (cost=0.43..3.42 rows=1 width=8) (actual time=0.047..0.047 rows=1 loops=363483)
                           Index Cond: (o_orderkey = lineitem.l_orderkey)
               ->  Index Scan using customer_pkey on customer  (cost=0.43..3.41 rows=1 width=8) (actual time=0.014..0.015 rows=1 loops=363483)
                     Index Cond: (c_custkey = orders.o_custkey)
 Planning Time: 23.194 ms
 Execution Time: 30642.426 ms
(45 rows)

SET
SET
SET
                                                                                                      QUERY PLAN                                                                                                       
-----------------------------------------------------------------------------------------------------------------------------------------------------------------------------------------------------------------------
 Limit  (cost=1419935.95..1420993.94 rows=1 width=116) (actual time=5829.344..5835.054 rows=1 loops=1)
   ->  GroupAggregate  (cost=1419935.95..12042162.45 rows=10040 width=116) (actual time=5829.342..5835.051 rows=1 loops=1)
         Group Key: n1.n_name, n2.n_name, EXTRACT(year FROM lineitem.l_shipdate)
         ->  Nested Loop  (cost=1419935.95..12041096.44 rows=61027 width=96) (actual time=3589.222..5821.466 rows=14421 loops=1)
               Join Filter: (n2.n_nationkey = customer.c_nationkey)
               Rows Removed by Join Filter: 349026
               ->  Nested Loop  (cost=1419935.52..6818865.66 rows=1525686 width=76) (actual time=3587.427..4800.645 rows=363447 loops=1)
                     ->  Gather Merge  (cost=1419935.08..1602612.55 rows=1525686 width=76) (actual time=3587.379..3823.821 rows=363447 loops=1)
                           Workers Planned: 4
                           Workers Launched: 4
                           ->  Sort  (cost=1418935.03..1419888.58 rows=381422 width=76) (actual time=3571.491..3600.857 rows=73110 loops=5)
                                 Sort Key: n1.n_name, n2.n_name, (EXTRACT(year FROM lineitem.l_shipdate))
                                 Sort Method: external merge  Disk: 27416kB
                                 Worker 0:  Sort Method: external merge  Disk: 27848kB
                                 Worker 1:  Sort Method: external merge  Disk: 25232kB
                                 Worker 2:  Sort Method: external merge  Disk: 27128kB
                                 Worker 3:  Sort Method: external merge  Disk: 26312kB
                                 ->  Parallel Hash Join  (cost=3140.96..1372678.50 rows=381422 width=76) (actual time=13.460..3214.132 rows=291139 loops=5)
                                       Hash Cond: (lineitem.l_suppkey = supplier.s_suppkey)
                                       ->  Parallel Seq Scan on lineitem  (cost=0.00..1350109.01 rows=4582632 width=24) (actual time=0.046..2525.376 rows=3646065 loops=5)
                                             Filter: ((l_shipdate >= '1995-01-01'::date) AND (l_shipdate <= '1996-12-31'::date))
                                             Rows Removed by Filter: 8351145
                                       ->  Parallel Hash  (cost=3079.76..3079.76 rows=4896 width=60) (actual time=11.627..11.630 rows=1596 loops=5)
                                             Buckets: 16384  Batches: 1  Memory Usage: 928kB
                                             ->  Hash Join  (cost=2.87..3079.76 rows=4896 width=60) (actual time=0.077..11.057 rows=1596 loops=5)
                                                   Hash Cond: (supplier.s_nationkey = n1.n_nationkey)
                                                   ->  Parallel Seq Scan on supplier  (cost=0.00..2809.24 rows=58824 width=8) (actual time=0.035..8.045 rows=20000 loops=5)
                                                   ->  Hash  (cost=2.84..2.84 rows=2 width=60) (actual time=0.027..0.029 rows=2 loops=5)
                                                         Buckets: 1024  Batches: 1  Memory Usage: 9kB
                                                         ->  Nested Loop  (cost=0.00..2.84 rows=2 width=60) (actual time=0.021..0.027 rows=2 loops=5)
                                                               Join Filter: (((n1.n_name = 'PERU'::bpchar) AND (n2.n_name = 'MOROCCO'::bpchar)) OR ((n1.n_name = 'MOROCCO'::bpchar) AND (n2.n_name = 'PERU'::bpchar)))
                                                               Rows Removed by Join Filter: 2
                                                               ->  Seq Scan on nation n1  (cost=0.00..1.38 rows=2 width=30) (actual time=0.011..0.012 rows=2 loops=5)
                                                                     Filter: ((n_name = 'PERU'::bpchar) OR (n_name = 'MOROCCO'::bpchar))
                                                                     Rows Removed by Filter: 23
                                                               ->  Materialize  (cost=0.00..1.39 rows=2 width=30) (actual time=0.003..0.005 rows=2 loops=10)
                                                                     ->  Seq Scan on nation n2  (cost=0.00..1.38 rows=2 width=30) (actual time=0.004..0.006 rows=2 loops=5)
                                                                           Filter: ((n_name = 'MOROCCO'::bpchar) OR (n_name = 'PERU'::bpchar))
                                                                           Rows Removed by Filter: 23
                     ->  Index Scan using orders_pkey on orders  (cost=0.43..3.42 rows=1 width=8) (actual time=0.002..0.002 rows=1 loops=363447)
                           Index Cond: (o_orderkey = lineitem.l_orderkey)
               ->  Index Scan using customer_pkey on customer  (cost=0.43..3.41 rows=1 width=8) (actual time=0.002..0.003 rows=1 loops=363447)
                     Index Cond: (c_custkey = orders.o_custkey)
 Planning Time: 3.337 ms
 Execution Time: 5839.136 ms
(45 rows)

query 8 run 1
SET
SET
SET
                                                                                         QUERY PLAN                                                                                          
---------------------------------------------------------------------------------------------------------------------------------------------------------------------------------------------
 Limit  (cost=386389.03..393011.48 rows=1 width=64) (actual time=34078.154..34084.034 rows=1 loops=1)
   ->  GroupAggregate  (cost=386389.03..16320016.66 rows=2406 width=64) (actual time=34078.153..34084.032 rows=1 loops=1)
         Group Key: EXTRACT(year FROM orders.o_orderdate)
         ->  Nested Loop  (cost=386389.03..16319484.00 rows=24227 width=70) (actual time=2269.058..34058.746 rows=11818 loops=1)
               Join Filter: (supplier.s_nationkey = n2.n_nationkey)
               Rows Removed by Join Filter: 142656
               ->  Nested Loop  (cost=386389.03..16310672.42 rows=24227 width=20) (actual time=2269.042..34017.404 rows=11818 loops=1)
                     ->  Nested Loop  (cost=386388.74..16231416.78 rows=24227 width=20) (actual time=2268.705..33528.648 rows=11818 loops=1)
                           ->  Nested Loop  (cost=386388.31..3810317.44 rows=3638473 width=24) (actual time=2212.629..22872.584 rows=1816542 loops=1)
                                 ->  Gather Merge  (cost=386387.74..495326.15 rows=909832 width=8) (actual time=2211.860..2488.388 rows=454516 loops=1)
                                       Workers Planned: 4
                                       Workers Launched: 4
                                       ->  Sort  (cost=385387.69..385956.33 rows=227458 width=8) (actual time=2199.471..2207.082 rows=92059 loops=5)
                                             Sort Key: (EXTRACT(year FROM orders.o_orderdate))
                                             Sort Method: quicksort  Memory: 14630kB
                                             Worker 0:  Sort Method: quicksort  Memory: 14550kB
                                             Worker 1:  Sort Method: quicksort  Memory: 14498kB
                                             Worker 2:  Sort Method: quicksort  Memory: 14903kB
                                             Worker 3:  Sort Method: quicksort  Memory: 14814kB
                                             ->  Parallel Hash Join  (cost=42793.17..365149.34 rows=227458 width=8) (actual time=267.814..2149.226 rows=182072 loops=5)
                                                   Hash Cond: (orders.o_custkey = customer.c_custkey)
                                                   ->  Parallel Seq Scan on orders  (cost=0.00..317522.69 rows=1137290 width=12) (actual time=0.409..1608.833 rows=911503 loops=5)
                                                         Filter: ((o_orderdate >= '1995-01-01'::date) AND (o_orderdate <= '1996-12-31'::date))
                                                         Rows Removed by Filter: 2088497
                                                   ->  Parallel Hash  (cost=41855.68..41855.68 rows=74999 width=4) (actual time=266.660..266.663 rows=59887 loops=5)
                                                         Buckets: 524288  Batches: 1  Memory Usage: 15904kB
                                                         ->  Hash Join  (cost=2.51..41855.68 rows=74999 width=4) (actual time=0.193..249.063 rows=59887 loops=5)
                                                               Hash Cond: (customer.c_nationkey = n1.n_nationkey)
                                                               ->  Parallel Seq Scan on customer  (cost=0.00..39696.95 rows=374995 width=8) (actual time=0.100..208.859 rows=300000 loops=5)
                                                               ->  Hash  (cost=2.45..2.45 rows=5 width=4) (actual time=0.088..0.090 rows=5 loops=5)
                                                                     Buckets: 1024  Batches: 1  Memory Usage: 9kB
                                                                     ->  Hash Join  (cost=1.07..2.45 rows=5 width=4) (actual time=0.082..0.088 rows=5 loops=5)
                                                                           Hash Cond: (n1.n_regionkey = region.r_regionkey)
                                                                           ->  Seq Scan on nation n1  (cost=0.00..1.25 rows=25 width=8) (actual time=0.035..0.037 rows=25 loops=5)
                                                                           ->  Hash  (cost=1.06..1.06 rows=1 width=4) (actual time=0.043..0.044 rows=1 loops=5)
                                                                                 Buckets: 1024  Batches: 1  Memory Usage: 9kB
                                                                                 ->  Seq Scan on region  (cost=0.00..1.06 rows=1 width=4) (actual time=0.038..0.039 rows=1 loops=5)
                                                                                       Filter: (r_name = 'AMERICA'::bpchar)
                                                                                       Rows Removed by Filter: 4
                                 ->  Index Scan using idx_lineitem_orderkey on lineitem  (cost=0.56..3.60 rows=4 width=24) (actual time=0.041..0.044 rows=4 loops=454516)
                                       Index Cond: (l_orderkey = orders.o_orderkey)
                           ->  Index Scan using part_pkey on part  (cost=0.43..3.41 rows=1 width=4) (actual time=0.006..0.006 rows=0 loops=1816542)
                                 Index Cond: (p_partkey = lineitem.l_partkey)
                                 Filter: ((p_type)::text = 'LARGE POLISHED BRASS'::text)
                                 Rows Removed by Filter: 1
                     ->  Index Scan using supplier_pkey on supplier  (cost=0.29..3.27 rows=1 width=8) (actual time=0.041..0.041 rows=1 loops=11818)
                           Index Cond: (s_suppkey = lineitem.l_suppkey)
               ->  Materialize  (cost=0.00..1.38 rows=25 width=30) (actual time=0.000..0.001 rows=13 loops=11818)
                     ->  Seq Scan on nation n2  (cost=0.00..1.25 rows=25 width=30) (actual time=0.006..0.012 rows=25 loops=1)
 Planning Time: 28.470 ms
 Execution Time: 34084.395 ms
(51 rows)

SET
SET
SET
                                                                                         QUERY PLAN                                                                                         
--------------------------------------------------------------------------------------------------------------------------------------------------------------------------------------------
 Limit  (cost=386389.03..393011.48 rows=1 width=64) (actual time=9163.304..9170.145 rows=1 loops=1)
   ->  GroupAggregate  (cost=386389.03..16320016.66 rows=2406 width=64) (actual time=9163.303..9170.143 rows=1 loops=1)
         Group Key: EXTRACT(year FROM orders.o_orderdate)
         ->  Nested Loop  (cost=386389.03..16319484.00 rows=24227 width=70) (actual time=1056.052..9156.273 rows=11818 loops=1)
               Join Filter: (supplier.s_nationkey = n2.n_nationkey)
               Rows Removed by Join Filter: 142655
               ->  Nested Loop  (cost=386389.03..16310672.42 rows=24227 width=20) (actual time=1056.032..9129.402 rows=11818 loops=1)
                     ->  Nested Loop  (cost=386388.74..16231416.78 rows=24227 width=20) (actual time=1056.017..9086.988 rows=11818 loops=1)
                           ->  Nested Loop  (cost=386388.31..3810317.44 rows=3638473 width=24) (actual time=1055.248..3994.103 rows=1816627 loops=1)
                                 ->  Gather Merge  (cost=386387.74..495326.15 rows=909832 width=8) (actual time=1055.222..1259.805 rows=454537 loops=1)
                                       Workers Planned: 4
                                       Workers Launched: 4
                                       ->  Sort  (cost=385387.69..385956.33 rows=227458 width=8) (actual time=1046.107..1052.483 rows=92015 loops=5)
                                             Sort Key: (EXTRACT(year FROM orders.o_orderdate))
                                             Sort Method: quicksort  Memory: 14971kB
                                             Worker 0:  Sort Method: quicksort  Memory: 15217kB
                                             Worker 1:  Sort Method: quicksort  Memory: 14296kB
                                             Worker 2:  Sort Method: quicksort  Memory: 14920kB
                                             Worker 3:  Sort Method: quicksort  Memory: 13991kB
                                             ->  Parallel Hash Join  (cost=42793.17..365149.34 rows=227458 width=8) (actual time=158.124..993.183 rows=182072 loops=5)
                                                   Hash Cond: (orders.o_custkey = customer.c_custkey)
                                                   ->  Parallel Seq Scan on orders  (cost=0.00..317522.69 rows=1137290 width=12) (actual time=0.041..521.894 rows=911503 loops=5)
                                                         Filter: ((o_orderdate >= '1995-01-01'::date) AND (o_orderdate <= '1996-12-31'::date))
                                                         Rows Removed by Filter: 2088497
                                                   ->  Parallel Hash  (cost=41855.68..41855.68 rows=74999 width=4) (actual time=156.167..156.170 rows=59887 loops=5)
                                                         Buckets: 524288  Batches: 1  Memory Usage: 15904kB
                                                         ->  Hash Join  (cost=2.51..41855.68 rows=74999 width=4) (actual time=0.876..131.179 rows=59887 loops=5)
                                                               Hash Cond: (customer.c_nationkey = n1.n_nationkey)
                                                               ->  Parallel Seq Scan on customer  (cost=0.00..39696.95 rows=374995 width=8) (actual time=0.028..88.093 rows=300000 loops=5)
                                                               ->  Hash  (cost=2.45..2.45 rows=5 width=4) (actual time=0.842..0.844 rows=5 loops=5)
                                                                     Buckets: 1024  Batches: 1  Memory Usage: 9kB
                                                                     ->  Hash Join  (cost=1.07..2.45 rows=5 width=4) (actual time=0.836..0.842 rows=5 loops=5)
                                                                           Hash Cond: (n1.n_regionkey = region.r_regionkey)
                                                                           ->  Seq Scan on nation n1  (cost=0.00..1.25 rows=25 width=8) (actual time=0.006..0.008 rows=25 loops=5)
                                                                           ->  Hash  (cost=1.06..1.06 rows=1 width=4) (actual time=0.825..0.826 rows=1 loops=5)
                                                                                 Buckets: 1024  Batches: 1  Memory Usage: 9kB
                                                                                 ->  Seq Scan on region  (cost=0.00..1.06 rows=1 width=4) (actual time=0.820..0.821 rows=1 loops=5)
                                                                                       Filter: (r_name = 'AMERICA'::bpchar)
                                                                                       Rows Removed by Filter: 4
                                 ->  Index Scan using idx_lineitem_orderkey on lineitem  (cost=0.56..3.60 rows=4 width=24) (actual time=0.005..0.005 rows=4 loops=454537)
                                       Index Cond: (l_orderkey = orders.o_orderkey)
                           ->  Index Scan using part_pkey on part  (cost=0.43..3.41 rows=1 width=4) (actual time=0.003..0.003 rows=0 loops=1816627)
                                 Index Cond: (p_partkey = lineitem.l_partkey)
                                 Filter: ((p_type)::text = 'LARGE POLISHED BRASS'::text)
                                 Rows Removed by Filter: 1
                     ->  Index Scan using supplier_pkey on supplier  (cost=0.29..3.27 rows=1 width=8) (actual time=0.003..0.003 rows=1 loops=11818)
                           Index Cond: (s_suppkey = lineitem.l_suppkey)
               ->  Materialize  (cost=0.00..1.38 rows=25 width=30) (actual time=0.000..0.001 rows=13 loops=11818)
                     ->  Seq Scan on nation n2  (cost=0.00..1.25 rows=25 width=30) (actual time=0.005..0.011 rows=25 loops=1)
 Planning Time: 5.674 ms
 Execution Time: 9170.300 ms
(51 rows)

query 9 run 1
SET
SET
SET
SET
SET
SET
query 10 run 1
SET
SET
SET
                                                                                            QUERY PLAN                                                                                            
--------------------------------------------------------------------------------------------------------------------------------------------------------------------------------------------------
 Limit  (cost=931953.87..931953.92 rows=20 width=201) (actual time=22576.738..22625.077 rows=20 loops=1)
   ->  Sort  (cost=931953.87..933328.82 rows=549981 width=201) (actual time=22576.737..22625.074 rows=20 loops=1)
         Sort Key: (sum((lineitem.l_extendedprice * ('1'::numeric - lineitem.l_discount)))) DESC
         Sort Method: top-N heapsort  Memory: 33kB
         ->  GroupAggregate  (cost=837717.77..917319.07 rows=549981 width=201) (actual time=21496.423..22499.500 rows=381205 loops=1)
               Group Key: customer.c_custkey, nation.n_name
               ->  Gather Merge  (cost=837717.77..903569.55 rows=549981 width=181) (actual time=21496.402..21759.803 rows=1145402 loops=1)
                     Workers Planned: 4
                     Workers Launched: 4
                     ->  Sort  (cost=836717.71..837061.45 rows=137495 width=181) (actual time=21483.330..21512.105 rows=229080 loops=5)
                           Sort Key: customer.c_custkey, nation.n_name
                           Sort Method: external merge  Disk: 42480kB
                           Worker 0:  Sort Method: external merge  Disk: 42432kB
                           Worker 1:  Sort Method: external merge  Disk: 39024kB
                           Worker 2:  Sort Method: external merge  Disk: 42496kB
                           Worker 3:  Sort Method: external merge  Disk: 52112kB
                           ->  Hash Join  (cost=781239.18..824983.19 rows=137495 width=181) (actual time=20991.721..21336.768 rows=229080 loops=5)
                                 Hash Cond: (customer.c_nationkey = nation.n_nationkey)
                                 ->  Parallel Hash Join  (cost=781237.62..824559.52 rows=137495 width=159) (actual time=20991.604..21289.076 rows=229080 loops=5)
                                       Hash Cond: (customer.c_custkey = orders.o_custkey)
                                       ->  Parallel Seq Scan on customer  (cost=0.00..39696.95 rows=374995 width=147) (actual time=0.351..135.020 rows=300000 loops=5)
                                       ->  Parallel Hash  (cost=779518.93..779518.93 rows=137495 width=16) (actual time=20990.117..20990.119 rows=229080 loops=5)
                                             Buckets: 2097152 (originally 1048576)  Batches: 1 (originally 1)  Memory Usage: 85216kB
                                             ->  Nested Loop  (cost=6491.83..779518.93 rows=137495 width=16) (actual time=135.931..20824.346 rows=229080 loops=5)
                                                   ->  Parallel Bitmap Heap Scan on orders  (cost=6491.26..269869.45 rows=140679 width=8) (actual time=134.860..4429.745 rows=114632 loops=5)
                                                         Recheck Cond: ((o_orderdate >= '1994-08-01'::date) AND (o_orderdate < '1994-11-01'::date))
                                                         Heap Blocks: exact=46783
                                                         ->  Bitmap Index Scan on idx_orders_orderdate  (cost=0.00..6350.59 rows=562715 width=0) (actual time=87.092..87.092 rows=573160 loops=1)
                                                               Index Cond: ((o_orderdate >= '1994-08-01'::date) AND (o_orderdate < '1994-11-01'::date))
                                                   ->  Index Scan using idx_lineitem_orderkey on lineitem  (cost=0.56..3.61 rows=1 width=16) (actual time=0.137..0.142 rows=2 loops=573160)
                                                         Index Cond: (l_orderkey = orders.o_orderkey)
                                                         Filter: (l_returnflag = 'R'::bpchar)
                                                         Rows Removed by Filter: 2
                                 ->  Hash  (cost=1.25..1.25 rows=25 width=30) (actual time=0.051..0.051 rows=25 loops=5)
                                       Buckets: 1024  Batches: 1  Memory Usage: 10kB
                                       ->  Seq Scan on nation  (cost=0.00..1.25 rows=25 width=30) (actual time=0.042..0.045 rows=25 loops=5)
 Planning Time: 21.092 ms
 Execution Time: 22631.374 ms
(38 rows)

SET
SET
SET
                                                                                            QUERY PLAN                                                                                            
--------------------------------------------------------------------------------------------------------------------------------------------------------------------------------------------------
 Limit  (cost=931953.87..931953.92 rows=20 width=201) (actual time=3738.315..3794.556 rows=20 loops=1)
   ->  Sort  (cost=931953.87..933328.82 rows=549981 width=201) (actual time=3738.313..3794.553 rows=20 loops=1)
         Sort Key: (sum((lineitem.l_extendedprice * ('1'::numeric - lineitem.l_discount)))) DESC
         Sort Method: top-N heapsort  Memory: 33kB
         ->  GroupAggregate  (cost=837717.77..917319.07 rows=549981 width=201) (actual time=2642.099..3668.834 rows=381205 loops=1)
               Group Key: customer.c_custkey, nation.n_name
               ->  Gather Merge  (cost=837717.77..903569.55 rows=549981 width=181) (actual time=2642.079..2924.545 rows=1145402 loops=1)
                     Workers Planned: 4
                     Workers Launched: 4
                     ->  Sort  (cost=836717.71..837061.45 rows=137495 width=181) (actual time=2624.656..2653.271 rows=229080 loops=5)
                           Sort Key: customer.c_custkey, nation.n_name
                           Sort Method: external merge  Disk: 49928kB
                           Worker 0:  Sort Method: external merge  Disk: 43728kB
                           Worker 1:  Sort Method: external merge  Disk: 33656kB
                           Worker 2:  Sort Method: external merge  Disk: 48824kB
                           Worker 3:  Sort Method: external merge  Disk: 42400kB
                           ->  Hash Join  (cost=781239.18..824983.19 rows=137495 width=181) (actual time=2201.588..2484.574 rows=229080 loops=5)
                                 Hash Cond: (customer.c_nationkey = nation.n_nationkey)
                                 ->  Parallel Hash Join  (cost=781237.62..824559.52 rows=137495 width=159) (actual time=2201.485..2428.613 rows=229080 loops=5)
                                       Hash Cond: (customer.c_custkey = orders.o_custkey)
                                       ->  Parallel Seq Scan on customer  (cost=0.00..39696.95 rows=374995 width=147) (actual time=0.023..60.210 rows=300000 loops=5)
                                       ->  Parallel Hash  (cost=779518.93..779518.93 rows=137495 width=16) (actual time=2197.898..2197.900 rows=229080 loops=5)
                                             Buckets: 2097152 (originally 1048576)  Batches: 1 (originally 1)  Memory Usage: 85248kB
                                             ->  Nested Loop  (cost=6491.83..779518.93 rows=137495 width=16) (actual time=133.704..2083.051 rows=229080 loops=5)
                                                   ->  Parallel Bitmap Heap Scan on orders  (cost=6491.26..269869.45 rows=140679 width=8) (actual time=133.629..484.888 rows=114632 loops=5)
                                                         Recheck Cond: ((o_orderdate >= '1994-08-01'::date) AND (o_orderdate < '1994-11-01'::date))
                                                         Heap Blocks: exact=51222
                                                         ->  Bitmap Index Scan on idx_orders_orderdate  (cost=0.00..6350.59 rows=562715 width=0) (actual time=84.440..84.440 rows=573160 loops=1)
                                                               Index Cond: ((o_orderdate >= '1994-08-01'::date) AND (o_orderdate < '1994-11-01'::date))
                                                   ->  Index Scan using idx_lineitem_orderkey on lineitem  (cost=0.56..3.61 rows=1 width=16) (actual time=0.012..0.013 rows=2 loops=573160)
                                                         Index Cond: (l_orderkey = orders.o_orderkey)
                                                         Filter: (l_returnflag = 'R'::bpchar)
                                                         Rows Removed by Filter: 2
                                 ->  Hash  (cost=1.25..1.25 rows=25 width=30) (actual time=0.024..0.025 rows=25 loops=5)
                                       Buckets: 1024  Batches: 1  Memory Usage: 10kB
                                       ->  Seq Scan on nation  (cost=0.00..1.25 rows=25 width=30) (actual time=0.015..0.018 rows=25 loops=5)
 Planning Time: 2.441 ms
 Execution Time: 3801.646 ms
(38 rows)

query 11 run 1
SET
SET
SET
                                                                                         QUERY PLAN                                                                                          
---------------------------------------------------------------------------------------------------------------------------------------------------------------------------------------------
 Limit  (cost=437847.16..437847.17 rows=1 width=36) (actual time=4093.021..4111.720 rows=0 loops=1)
   InitPlan 1 (returns $3)
     ->  Finalize Aggregate  (cost=193212.48..193212.50 rows=1 width=32) (actual time=150.039..150.117 rows=1 loops=1)
           ->  Gather  (cost=193212.26..193212.47 rows=2 width=32) (actual time=149.699..150.105 rows=3 loops=1)
                 Workers Planned: 2
                 Workers Launched: 2
                 ->  Partial Aggregate  (cost=192212.26..192212.27 rows=1 width=32) (actual time=147.436..147.438 rows=1 loops=3)
                       ->  Nested Loop  (cost=0.87..191219.35 rows=132388 width=10) (actual time=0.122..119.737 rows=106933 loops=3)
                             ->  Nested Loop  (cost=0.44..4617.72 rows=1667 width=4) (actual time=0.109..16.538 rows=1337 loops=3)
                                   ->  Parallel Index Scan using supplier_pkey on supplier supplier_1  (cost=0.29..3552.46 rows=41667 width=8) (actual time=0.044..6.656 rows=33333 loops=3)
                                   ->  Memoize  (cost=0.15..0.92 rows=1 width=4) (actual time=0.000..0.000 rows=0 loops=100000)
                                         Cache Key: supplier_1.s_nationkey
                                         Cache Mode: logical
                                         Hits: 41049  Misses: 25  Evictions: 0  Overflows: 0  Memory Usage: 2kB
                                         Worker 0:  Hits: 29255  Misses: 25  Evictions: 0  Overflows: 0  Memory Usage: 2kB
                                         Worker 1:  Hits: 29621  Misses: 25  Evictions: 0  Overflows: 0  Memory Usage: 2kB
                                         ->  Index Scan using nation_pkey on nation nation_1  (cost=0.14..0.91 rows=1 width=4) (actual time=0.002..0.002 rows=0 loops=75)
                                               Index Cond: (n_nationkey = supplier_1.s_nationkey)
                                               Filter: (n_name = 'SAUDI ARABIA'::bpchar)
                                               Rows Removed by Filter: 1
                             ->  Index Scan using idx_partsupp_suppkey on partsupp partsupp_1  (cost=0.43..111.15 rows=79 width=14) (actual time=0.004..0.068 rows=80 loops=4010)
                                   Index Cond: (ps_suppkey = supplier_1.s_suppkey)
   ->  Sort  (cost=244634.67..244899.45 rows=105911 width=36) (actual time=4093.020..4111.640 rows=0 loops=1)
         Sort Key: (sum((partsupp.ps_supplycost * (partsupp.ps_availqty)::numeric))) DESC
         Sort Method: quicksort  Memory: 25kB
         ->  Finalize GroupAggregate  (cost=203481.89..244105.11 rows=105911 width=36) (actual time=4093.010..4111.630 rows=0 loops=1)
               Group Key: partsupp.ps_partkey
               Filter: (sum((partsupp.ps_supplycost * (partsupp.ps_availqty)::numeric)) > $3)
               Rows Removed by Filter: 301833
               ->  Gather Merge  (cost=203481.89..237353.31 rows=264776 width=36) (actual time=3570.282..3741.853 rows=315083 loops=1)
                     Workers Planned: 2
                     Workers Launched: 2
                     ->  Partial GroupAggregate  (cost=202481.87..205791.57 rows=132388 width=36) (actual time=3563.057..3668.299 rows=105028 loops=3)
                           Group Key: partsupp.ps_partkey
                           ->  Sort  (cost=202481.87..202812.84 rows=132388 width=14) (actual time=3563.046..3571.120 rows=106933 loops=3)
                                 Sort Key: partsupp.ps_partkey
                                 Sort Method: quicksort  Memory: 8244kB
                                 Worker 0:  Sort Method: quicksort  Memory: 7970kB
                                 Worker 1:  Sort Method: quicksort  Memory: 8041kB
                                 ->  Nested Loop  (cost=0.87..191219.35 rows=132388 width=14) (actual time=0.694..3520.940 rows=106933 loops=3)
                                       ->  Nested Loop  (cost=0.44..4617.72 rows=1667 width=4) (actual time=0.293..27.357 rows=1337 loops=3)
                                             ->  Parallel Index Scan using supplier_pkey on supplier  (cost=0.29..3552.46 rows=41667 width=8) (actual time=0.163..14.860 rows=33333 loops=3)
                                             ->  Memoize  (cost=0.15..0.92 rows=1 width=4) (actual time=0.000..0.000 rows=0 loops=100000)
                                                   Cache Key: supplier.s_nationkey
                                                   Cache Mode: logical
                                                   Hits: 34461  Misses: 25  Evictions: 0  Overflows: 0  Memory Usage: 2kB
                                                   Worker 0:  Hits: 32183  Misses: 25  Evictions: 0  Overflows: 0  Memory Usage: 2kB
                                                   Worker 1:  Hits: 33281  Misses: 25  Evictions: 0  Overflows: 0  Memory Usage: 2kB
                                                   ->  Index Scan using nation_pkey on nation  (cost=0.14..0.91 rows=1 width=4) (actual time=0.004..0.004 rows=0 loops=75)
                                                         Index Cond: (n_nationkey = supplier.s_nationkey)
                                                         Filter: (n_name = 'SAUDI ARABIA'::bpchar)
                                                         Rows Removed by Filter: 1
                                       ->  Index Scan using idx_partsupp_suppkey on partsupp  (cost=0.43..111.15 rows=79 width=18) (actual time=0.071..2.596 rows=80 loops=4010)
                                             Index Cond: (ps_suppkey = supplier.s_suppkey)
 Planning Time: 14.036 ms
 Execution Time: 4112.381 ms
(56 rows)

SET
SET
SET
                                                                                         QUERY PLAN                                                                                          
---------------------------------------------------------------------------------------------------------------------------------------------------------------------------------------------
 Limit  (cost=437847.16..437847.17 rows=1 width=36) (actual time=686.200..702.365 rows=0 loops=1)
   InitPlan 1 (returns $3)
     ->  Finalize Aggregate  (cost=193212.48..193212.50 rows=1 width=32) (actual time=158.148..158.233 rows=1 loops=1)
           ->  Gather  (cost=193212.26..193212.47 rows=2 width=32) (actual time=158.137..158.225 rows=3 loops=1)
                 Workers Planned: 2
                 Workers Launched: 2
                 ->  Partial Aggregate  (cost=192212.26..192212.27 rows=1 width=32) (actual time=154.837..154.839 rows=1 loops=3)
                       ->  Nested Loop  (cost=0.87..191219.35 rows=132388 width=10) (actual time=0.091..124.938 rows=106933 loops=3)
                             ->  Nested Loop  (cost=0.44..4617.72 rows=1667 width=4) (actual time=0.079..17.686 rows=1337 loops=3)
                                   ->  Parallel Index Scan using supplier_pkey on supplier supplier_1  (cost=0.29..3552.46 rows=41667 width=8) (actual time=0.018..6.471 rows=33333 loops=3)
                                   ->  Memoize  (cost=0.15..0.92 rows=1 width=4) (actual time=0.000..0.000 rows=0 loops=100000)
                                         Cache Key: supplier_1.s_nationkey
                                         Cache Mode: logical
                                         Hits: 46905  Misses: 25  Evictions: 0  Overflows: 0  Memory Usage: 2kB
                                         Worker 0:  Hits: 26327  Misses: 25  Evictions: 0  Overflows: 0  Memory Usage: 2kB
                                         Worker 1:  Hits: 26693  Misses: 25  Evictions: 0  Overflows: 0  Memory Usage: 2kB
                                         ->  Index Scan using nation_pkey on nation nation_1  (cost=0.14..0.91 rows=1 width=4) (actual time=0.002..0.002 rows=0 loops=75)
                                               Index Cond: (n_nationkey = supplier_1.s_nationkey)
                                               Filter: (n_name = 'SAUDI ARABIA'::bpchar)
                                               Rows Removed by Filter: 1
                             ->  Index Scan using idx_partsupp_suppkey on partsupp partsupp_1  (cost=0.43..111.15 rows=79 width=14) (actual time=0.004..0.071 rows=80 loops=4010)
                                   Index Cond: (ps_suppkey = supplier_1.s_suppkey)
   ->  Sort  (cost=244634.67..244899.45 rows=105911 width=36) (actual time=686.199..702.278 rows=0 loops=1)
         Sort Key: (sum((partsupp.ps_supplycost * (partsupp.ps_availqty)::numeric))) DESC
         Sort Method: quicksort  Memory: 25kB
         ->  Finalize GroupAggregate  (cost=203481.89..244105.11 rows=105911 width=36) (actual time=686.192..702.271 rows=0 loops=1)
               Group Key: partsupp.ps_partkey
               Filter: (sum((partsupp.ps_supplycost * (partsupp.ps_availqty)::numeric)) > $3)
               Rows Removed by Filter: 301833
               ->  Gather Merge  (cost=203481.89..237353.31 rows=264776 width=36) (actual time=161.509..326.474 rows=314395 loops=1)
                     Workers Planned: 2
                     Workers Launched: 2
                     ->  Partial GroupAggregate  (cost=202481.87..205791.57 rows=132388 width=36) (actual time=158.694..262.092 rows=104798 loops=3)
                           Group Key: partsupp.ps_partkey
                           ->  Sort  (cost=202481.87..202812.84 rows=132388 width=14) (actual time=158.683..166.720 rows=106933 loops=3)
                                 Sort Key: partsupp.ps_partkey
                                 Sort Method: quicksort  Memory: 8105kB
                                 Worker 0:  Sort Method: quicksort  Memory: 8019kB
                                 Worker 1:  Sort Method: quicksort  Memory: 8131kB
                                 ->  Nested Loop  (cost=0.87..191219.35 rows=132388 width=14) (actual time=0.103..131.344 rows=106933 loops=3)
                                       ->  Nested Loop  (cost=0.44..4617.72 rows=1667 width=4) (actual time=0.090..16.911 rows=1337 loops=3)
                                             ->  Parallel Index Scan using supplier_pkey on supplier  (cost=0.29..3552.46 rows=41667 width=8) (actual time=0.027..6.939 rows=33333 loops=3)
                                             ->  Memoize  (cost=0.15..0.92 rows=1 width=4) (actual time=0.000..0.000 rows=0 loops=100000)
                                                   Cache Key: supplier.s_nationkey
                                                   Cache Mode: logical
                                                   Hits: 33647  Misses: 25  Evictions: 0  Overflows: 0  Memory Usage: 2kB
                                                   Worker 0:  Hits: 32915  Misses: 25  Evictions: 0  Overflows: 0  Memory Usage: 2kB
                                                   Worker 1:  Hits: 33363  Misses: 25  Evictions: 0  Overflows: 0  Memory Usage: 2kB
                                                   ->  Index Scan using nation_pkey on nation  (cost=0.14..0.91 rows=1 width=4) (actual time=0.002..0.002 rows=0 loops=75)
                                                         Index Cond: (n_nationkey = supplier.s_nationkey)
                                                         Filter: (n_name = 'SAUDI ARABIA'::bpchar)
                                                         Rows Removed by Filter: 1
                                       ->  Index Scan using idx_partsupp_suppkey on partsupp  (cost=0.43..111.15 rows=79 width=18) (actual time=0.004..0.076 rows=80 loops=4010)
                                             Index Cond: (ps_suppkey = supplier.s_suppkey)
 Planning Time: 1.077 ms
 Execution Time: 702.674 ms
(56 rows)

query 12 run 1
SET
SET
SET
                                                                                                                    QUERY PLAN                                                                                                                     
---------------------------------------------------------------------------------------------------------------------------------------------------------------------------------------------------------------------------------------------------
 Limit  (cost=1469316.77..1613639.22 rows=1 width=27) (actual time=13410.803..13411.940 rows=1 loops=1)
   ->  GroupAggregate  (cost=1469316.77..2479573.91 rows=7 width=27) (actual time=13410.802..13411.938 rows=1 loops=1)
         Group Key: lineitem.l_shipmode
         ->  Nested Loop  (cost=1469316.77..2474601.24 rows=284149 width=27) (actual time=6947.518..13327.612 rows=155572 loops=1)
               ->  Gather Merge  (cost=1469316.34..1503338.81 rows=284149 width=15) (actual time=6947.037..7024.916 rows=155572 loops=1)
                     Workers Planned: 4
                     Workers Launched: 4
                     ->  Sort  (cost=1468316.28..1468493.87 rows=71037 width=15) (actual time=6933.362..6935.853 rows=32224 loops=5)
                           Sort Key: lineitem.l_shipmode
                           Sort Method: quicksort  Memory: 4461kB
                           Worker 0:  Sort Method: quicksort  Memory: 4521kB
                           Worker 1:  Sort Method: quicksort  Memory: 4438kB
                           Worker 2:  Sort Method: quicksort  Memory: 4418kB
                           Worker 3:  Sort Method: quicksort  Memory: 4435kB
                           ->  Parallel Seq Scan on lineitem  (cost=0.00..1462592.02 rows=71037 width=15) (actual time=0.979..6914.165 rows=62252 loops=5)
                                 Filter: ((l_shipmode = ANY ('{SHIP,"REG AIR"}'::bpchar[])) AND (l_commitdate < l_receiptdate) AND (l_shipdate < l_commitdate) AND (l_receiptdate >= '1994-01-01'::date) AND (l_receiptdate < '1995-01-01'::date))
                                 Rows Removed by Filter: 11934959
               ->  Index Scan using orders_pkey on orders  (cost=0.43..3.42 rows=1 width=20) (actual time=0.040..0.040 rows=1 loops=155572)
                     Index Cond: (o_orderkey = lineitem.l_orderkey)
 Planning Time: 14.858 ms
 Execution Time: 13412.496 ms
(21 rows)

SET
SET
SET
                                                                                                                    QUERY PLAN                                                                                                                     
---------------------------------------------------------------------------------------------------------------------------------------------------------------------------------------------------------------------------------------------------
 Limit  (cost=1469316.77..1613639.22 rows=1 width=27) (actual time=4007.820..4009.107 rows=1 loops=1)
   ->  GroupAggregate  (cost=1469316.77..2479573.91 rows=7 width=27) (actual time=4007.819..4009.104 rows=1 loops=1)
         Group Key: lineitem.l_shipmode
         ->  Nested Loop  (cost=1469316.77..2474601.24 rows=284149 width=27) (actual time=3531.984..3962.559 rows=155572 loops=1)
               ->  Gather Merge  (cost=1469316.34..1503338.81 rows=284149 width=15) (actual time=3531.929..3569.541 rows=155572 loops=1)
                     Workers Planned: 4
                     Workers Launched: 4
                     ->  Sort  (cost=1468316.28..1468493.87 rows=71037 width=15) (actual time=3525.722..3527.722 rows=32207 loops=5)
                           Sort Key: lineitem.l_shipmode
                           Sort Method: quicksort  Memory: 4537kB
                           Worker 0:  Sort Method: quicksort  Memory: 4488kB
                           Worker 1:  Sort Method: quicksort  Memory: 4526kB
                           Worker 2:  Sort Method: quicksort  Memory: 4440kB
                           Worker 3:  Sort Method: quicksort  Memory: 4282kB
                           ->  Parallel Seq Scan on lineitem  (cost=0.00..1462592.02 rows=71037 width=15) (actual time=0.111..3506.811 rows=62252 loops=5)
                                 Filter: ((l_shipmode = ANY ('{SHIP,"REG AIR"}'::bpchar[])) AND (l_commitdate < l_receiptdate) AND (l_shipdate < l_commitdate) AND (l_receiptdate >= '1994-01-01'::date) AND (l_receiptdate < '1995-01-01'::date))
                                 Rows Removed by Filter: 11934959
               ->  Index Scan using orders_pkey on orders  (cost=0.43..3.42 rows=1 width=20) (actual time=0.002..0.002 rows=1 loops=155572)
                     Index Cond: (o_orderkey = lineitem.l_orderkey)
 Planning Time: 1.028 ms
 Execution Time: 4009.226 ms
(21 rows)

query 13 run 1
SET
SET
SET
                                                                                    QUERY PLAN                                                                                     
-----------------------------------------------------------------------------------------------------------------------------------------------------------------------------------
 Limit  (cost=1353371.88..1353371.89 rows=1 width=16) (actual time=17812.646..17812.649 rows=1 loops=1)
   ->  Sort  (cost=1353371.88..1353372.38 rows=200 width=16) (actual time=17812.644..17812.646 rows=1 loops=1)
         Sort Key: (count(*)) DESC, (count(orders.o_orderkey)) DESC
         Sort Method: top-N heapsort  Memory: 25kB
         ->  HashAggregate  (cost=1353368.88..1353370.88 rows=200 width=16) (actual time=17812.617..17812.624 rows=46 loops=1)
               Group Key: count(orders.o_orderkey)
               Batches: 1  Memory Usage: 40kB
               ->  HashAggregate  (cost=1201039.74..1330869.18 rows=1499980 width=12) (actual time=15119.779..17642.226 rows=1500000 loops=1)
                     Group Key: customer.c_custkey
                     Planned Partitions: 8  Batches: 9  Memory Usage: 32849kB  Disk Usage: 325144kB
                     ->  Hash Right Join  (cost=53283.88..661340.39 rows=14698195 width=8) (actual time=347.251..11255.935 rows=15337604 loops=1)
                           Hash Cond: (orders.o_custkey = customer.c_custkey)
                           ->  Seq Scan on orders  (cost=0.00..448783.64 rows=14698195 width=8) (actual time=0.517..5100.569 rows=14837583 loops=1)
                                 Filter: ((o_comment)::text !~~ '%special%requests%'::text)
                                 Rows Removed by Filter: 162417
                           ->  Hash  (cost=28674.13..28674.13 rows=1499980 width=4) (actual time=345.337..345.338 rows=1500000 loops=1)
                                 Buckets: 1048576  Batches: 4  Memory Usage: 21380kB
                                 ->  Index Only Scan using customer_pkey on customer  (cost=0.43..28674.13 rows=1499980 width=4) (actual time=0.020..160.177 rows=1500000 loops=1)
                                       Heap Fetches: 0
 Planning Time: 13.701 ms
 Execution Time: 17867.535 ms
(21 rows)

SET
SET
SET
                                                                                    QUERY PLAN                                                                                     
-----------------------------------------------------------------------------------------------------------------------------------------------------------------------------------
 Limit  (cost=1353371.88..1353371.89 rows=1 width=16) (actual time=17245.777..17245.780 rows=1 loops=1)
   ->  Sort  (cost=1353371.88..1353372.38 rows=200 width=16) (actual time=17245.776..17245.778 rows=1 loops=1)
         Sort Key: (count(*)) DESC, (count(orders.o_orderkey)) DESC
         Sort Method: top-N heapsort  Memory: 25kB
         ->  HashAggregate  (cost=1353368.88..1353370.88 rows=200 width=16) (actual time=17245.750..17245.757 rows=46 loops=1)
               Group Key: count(orders.o_orderkey)
               Batches: 1  Memory Usage: 40kB
               ->  HashAggregate  (cost=1201039.74..1330869.18 rows=1499980 width=12) (actual time=14549.843..17068.175 rows=1500000 loops=1)
                     Group Key: customer.c_custkey
                     Planned Partitions: 8  Batches: 9  Memory Usage: 32849kB  Disk Usage: 325144kB
                     ->  Hash Right Join  (cost=53283.88..661340.39 rows=14698195 width=8) (actual time=310.635..10715.052 rows=15337604 loops=1)
                           Hash Cond: (orders.o_custkey = customer.c_custkey)
                           ->  Seq Scan on orders  (cost=0.00..448783.64 rows=14698195 width=8) (actual time=0.032..4637.692 rows=14837583 loops=1)
                                 Filter: ((o_comment)::text !~~ '%special%requests%'::text)
                                 Rows Removed by Filter: 162417
                           ->  Hash  (cost=28674.13..28674.13 rows=1499980 width=4) (actual time=309.201..309.202 rows=1500000 loops=1)
                                 Buckets: 1048576  Batches: 4  Memory Usage: 21380kB
                                 ->  Index Only Scan using customer_pkey on customer  (cost=0.43..28674.13 rows=1499980 width=4) (actual time=0.018..128.295 rows=1500000 loops=1)
                                       Heap Fetches: 0
 Planning Time: 0.639 ms
 Execution Time: 17299.066 ms
(21 rows)

query 14 run 1
SET
SET
SET
                                                                                  QUERY PLAN                                                                                  
------------------------------------------------------------------------------------------------------------------------------------------------------------------------------
 Limit  (cost=818945.65..818945.67 rows=1 width=32) (actual time=8866.825..8911.376 rows=1 loops=1)
   ->  Finalize Aggregate  (cost=818945.65..818945.67 rows=1 width=32) (actual time=8866.823..8911.373 rows=1 loops=1)
         ->  Gather  (cost=818945.20..818945.61 rows=4 width=64) (actual time=8860.714..8911.346 rows=5 loops=1)
               Workers Planned: 4
               Workers Launched: 4
               ->  Partial Aggregate  (cost=817945.20..817945.21 rows=1 width=64) (actual time=8853.366..8853.368 rows=1 loops=5)
                     ->  Parallel Hash Join  (cost=63870.19..814769.40 rows=181474 width=33) (actual time=682.988..8699.479 rows=154588 loops=5)
                           Hash Cond: (lineitem.l_partkey = part.p_partkey)
                           ->  Parallel Bitmap Heap Scan on lineitem  (cost=11639.48..762062.32 rows=181474 width=16) (actual time=290.648..8141.096 rows=154588 loops=5)
                                 Recheck Cond: ((l_shipdate >= '1994-05-01'::date) AND (l_shipdate < '1994-06-01'::date))
                                 Heap Blocks: exact=83215
                                 ->  Bitmap Index Scan on idx_lineitem_shipdate  (cost=0.00..11458.01 rows=725894 width=0) (actual time=191.752..191.752 rows=772942 loops=1)
                                       Index Cond: ((l_shipdate >= '1994-05-01'::date) AND (l_shipdate < '1994-06-01'::date))
                           ->  Parallel Hash  (cost=45980.87..45980.87 rows=499987 width=25) (actual time=390.092..390.092 rows=400000 loops=5)
                                 Buckets: 2097152  Batches: 1  Memory Usage: 137312kB
                                 ->  Parallel Seq Scan on part  (cost=0.00..45980.87 rows=499987 width=25) (actual time=0.411..253.325 rows=400000 loops=5)
 Planning Time: 17.791 ms
 Execution Time: 8912.060 ms
(18 rows)

SET
SET
SET
                                                                                  QUERY PLAN                                                                                  
------------------------------------------------------------------------------------------------------------------------------------------------------------------------------
 Limit  (cost=818945.65..818945.67 rows=1 width=32) (actual time=1691.151..1737.070 rows=1 loops=1)
   ->  Finalize Aggregate  (cost=818945.65..818945.67 rows=1 width=32) (actual time=1691.150..1737.068 rows=1 loops=1)
         ->  Gather  (cost=818945.20..818945.61 rows=4 width=64) (actual time=1688.591..1737.049 rows=5 loops=1)
               Workers Planned: 4
               Workers Launched: 4
               ->  Partial Aggregate  (cost=817945.20..817945.21 rows=1 width=64) (actual time=1680.550..1680.553 rows=1 loops=5)
                     ->  Parallel Hash Join  (cost=63870.19..814769.40 rows=181474 width=33) (actual time=553.105..1585.325 rows=154588 loops=5)
                           Hash Cond: (lineitem.l_partkey = part.p_partkey)
                           ->  Parallel Bitmap Heap Scan on lineitem  (cost=11639.48..762062.32 rows=181474 width=16) (actual time=272.641..1180.285 rows=154588 loops=5)
                                 Recheck Cond: ((l_shipdate >= '1994-05-01'::date) AND (l_shipdate < '1994-06-01'::date))
                                 Heap Blocks: exact=84165
                                 ->  Bitmap Index Scan on idx_lineitem_shipdate  (cost=0.00..11458.01 rows=725894 width=0) (actual time=174.210..174.211 rows=772942 loops=1)
                                       Index Cond: ((l_shipdate >= '1994-05-01'::date) AND (l_shipdate < '1994-06-01'::date))
                           ->  Parallel Hash  (cost=45980.87..45980.87 rows=499987 width=25) (actual time=277.956..277.957 rows=400000 loops=5)
                                 Buckets: 2097152  Batches: 1  Memory Usage: 137312kB
                                 ->  Parallel Seq Scan on part  (cost=0.00..45980.87 rows=499987 width=25) (actual time=0.047..130.450 rows=400000 loops=5)
 Planning Time: 1.057 ms
 Execution Time: 1737.117 ms
(18 rows)

query 15 run 1
SET
SET
SET
CREATE VIEW
                                                                                       QUERY PLAN                                                                                       
----------------------------------------------------------------------------------------------------------------------------------------------------------------------------------------
 Limit  (cost=2740394.94..2740502.29 rows=1 width=103) (actual time=20169.419..20229.471 rows=1 loops=1)
   InitPlan 1 (returns $1)
     ->  Aggregate  (cost=1388556.67..1388556.68 rows=1 width=32) (actual time=3071.702..3080.838 rows=1 loops=1)
           ->  Finalize HashAggregate  (cost=1386089.32..1387323.00 rows=98694 width=36) (actual time=2967.814..3074.890 rows=100000 loops=1)
                 Group Key: lineitem_1.l_suppkey
                 Batches: 5  Memory Usage: 46129kB  Disk Usage: 11592kB
                 ->  Gather  (cost=1342417.23..1383128.50 rows=394776 width=36) (actual time=2563.020..2723.766 rows=398567 loops=1)
                       Workers Planned: 4
                       Workers Launched: 3
                       ->  Partial HashAggregate  (cost=1341417.23..1342650.90 rows=98694 width=36) (actual time=2558.612..2686.677 rows=99642 loops=4)
                             Group Key: lineitem_1.l_suppkey
                             Batches: 5  Memory Usage: 33841kB  Disk Usage: 7560kB
                             Worker 0:  Batches: 5  Memory Usage: 33841kB  Disk Usage: 7328kB
                             Worker 1:  Batches: 5  Memory Usage: 33841kB  Disk Usage: 7360kB
                             Worker 2:  Batches: 5  Memory Usage: 33841kB  Disk Usage: 7344kB
                             ->  Parallel Bitmap Heap Scan on lineitem lineitem_1  (cost=36121.81..1335784.97 rows=563226 width=16) (actual time=439.496..2054.179 rows=566428 loops=4)
                                   Recheck Cond: ((l_shipdate >= '1996-01-01'::date) AND (l_shipdate < '1996-04-01'::date))
                                   Rows Removed by Index Recheck: 3305913
                                   Heap Blocks: exact=108817 lossy=72670
                                   ->  Bitmap Index Scan on idx_lineitem_shipdate  (cost=0.00..35558.59 rows=2252902 width=0) (actual time=349.841..349.842 rows=2265714 loops=1)
                                         Index Cond: ((l_shipdate >= '1996-01-01'::date) AND (l_shipdate < '1996-04-01'::date))
   ->  Nested Loop  (cost=1351838.26..1404762.82 rows=493 width=103) (actual time=20169.417..20220.332 rows=1 loops=1)
         ->  Finalize GroupAggregate  (cost=1351837.96..1403547.55 rows=493 width=36) (actual time=20168.818..20219.732 rows=1 loops=1)
               Group Key: lineitem.l_suppkey
               Filter: (sum((lineitem.l_extendedprice * ('1'::numeric - lineitem.l_discount))) = $1)
               Rows Removed by Filter: 69997
               ->  Gather Merge  (cost=1351837.96..1399106.32 rows=394776 width=36) (actual time=16870.546..16986.354 rows=346191 loops=1)
                     Workers Planned: 4
                     Workers Launched: 4
                     ->  Sort  (cost=1350837.90..1351084.64 rows=98694 width=36) (actual time=16823.004..16831.119 rows=69795 loops=5)
                           Sort Key: lineitem.l_suppkey
                           Sort Method: quicksort  Memory: 16981kB
                           Worker 0:  Sort Method: quicksort  Memory: 16990kB
                           Worker 1:  Sort Method: quicksort  Memory: 16982kB
                           Worker 2:  Sort Method: quicksort  Memory: 16981kB
                           Worker 3:  Sort Method: quicksort  Memory: 16983kB
                           ->  Partial HashAggregate  (cost=1341417.23..1342650.90 rows=98694 width=36) (actual time=16654.263..16792.559 rows=98921 loops=5)
                                 Group Key: lineitem.l_suppkey
                                 Batches: 5  Memory Usage: 33841kB  Disk Usage: 7032kB
                                 Worker 0:  Batches: 5  Memory Usage: 33841kB  Disk Usage: 7032kB
                                 Worker 1:  Batches: 5  Memory Usage: 33841kB  Disk Usage: 7016kB
                                 Worker 2:  Batches: 5  Memory Usage: 33841kB  Disk Usage: 7016kB
                                 Worker 3:  Batches: 5  Memory Usage: 33841kB  Disk Usage: 7016kB
                                 ->  Parallel Bitmap Heap Scan on lineitem  (cost=36121.81..1335784.97 rows=563226 width=16) (actual time=487.049..16094.796 rows=453143 loops=5)
                                       Recheck Cond: ((l_shipdate >= '1996-01-01'::date) AND (l_shipdate < '1996-04-01'::date))
                                       Rows Removed by Index Recheck: 2644730
                                       Heap Blocks: exact=80146 lossy=53933
                                       ->  Bitmap Index Scan on idx_lineitem_shipdate  (cost=0.00..35558.59 rows=2252902 width=0) (actual time=402.750..402.750 rows=2265714 loops=1)
                                             Index Cond: ((l_shipdate >= '1996-01-01'::date) AND (l_shipdate < '1996-04-01'::date))
         ->  Index Scan using supplier_pkey on supplier  (cost=0.29..2.46 rows=1 width=71) (actual time=0.593..0.593 rows=1 loops=1)
               Index Cond: (s_suppkey = lineitem.l_suppkey)
 Planning Time: 13.313 ms
 Execution Time: 20235.390 ms
(53 rows)

DROP VIEW
SET
SET
SET
CREATE VIEW
                                                                                       QUERY PLAN                                                                                       
----------------------------------------------------------------------------------------------------------------------------------------------------------------------------------------
 Limit  (cost=2740394.94..2740502.29 rows=1 width=103) (actual time=6272.933..6329.715 rows=1 loops=1)
   InitPlan 1 (returns $1)
     ->  Aggregate  (cost=1388556.67..1388556.68 rows=1 width=32) (actual time=3086.737..3096.733 rows=1 loops=1)
           ->  Finalize HashAggregate  (cost=1386089.32..1387323.00 rows=98694 width=36) (actual time=2977.809..3090.727 rows=100000 loops=1)
                 Group Key: lineitem_1.l_suppkey
                 Batches: 5  Memory Usage: 46129kB  Disk Usage: 11672kB
                 ->  Gather  (cost=1342417.23..1383128.50 rows=394776 width=36) (actual time=2574.101..2734.792 rows=398575 loops=1)
                       Workers Planned: 4
                       Workers Launched: 3
                       ->  Partial HashAggregate  (cost=1341417.23..1342650.90 rows=98694 width=36) (actual time=2569.704..2696.424 rows=99644 loops=4)
                             Group Key: lineitem_1.l_suppkey
                             Batches: 5  Memory Usage: 33841kB  Disk Usage: 7552kB
                             Worker 0:  Batches: 5  Memory Usage: 33841kB  Disk Usage: 7328kB
                             Worker 1:  Batches: 5  Memory Usage: 33841kB  Disk Usage: 7344kB
                             Worker 2:  Batches: 5  Memory Usage: 33841kB  Disk Usage: 7360kB
                             ->  Parallel Bitmap Heap Scan on lineitem lineitem_1  (cost=36121.81..1335784.97 rows=563226 width=16) (actual time=441.384..2064.300 rows=566428 loops=4)
                                   Recheck Cond: ((l_shipdate >= '1996-01-01'::date) AND (l_shipdate < '1996-04-01'::date))
                                   Rows Removed by Index Recheck: 3305913
                                   Heap Blocks: exact=108742 lossy=72416
                                   ->  Bitmap Index Scan on idx_lineitem_shipdate  (cost=0.00..35558.59 rows=2252902 width=0) (actual time=351.475..351.476 rows=2265714 loops=1)
                                         Index Cond: ((l_shipdate >= '1996-01-01'::date) AND (l_shipdate < '1996-04-01'::date))
   ->  Nested Loop  (cost=1351838.26..1404762.82 rows=493 width=103) (actual time=6272.931..6319.717 rows=1 loops=1)
         ->  Finalize GroupAggregate  (cost=1351837.96..1403547.55 rows=493 width=36) (actual time=6272.886..6319.671 rows=1 loops=1)
               Group Key: lineitem.l_suppkey
               Filter: (sum((lineitem.l_extendedprice * ('1'::numeric - lineitem.l_discount))) = $1)
               Rows Removed by Filter: 69997
               ->  Gather Merge  (cost=1351837.96..1399106.32 rows=394776 width=36) (actual time=2959.583..3070.695 rows=346069 loops=1)
                     Workers Planned: 4
                     Workers Launched: 4
                     ->  Sort  (cost=1350837.90..1351084.64 rows=98694 width=36) (actual time=2914.631..2922.651 rows=69701 loops=5)
                           Sort Key: lineitem.l_suppkey
                           Sort Method: quicksort  Memory: 16964kB
                           Worker 0:  Sort Method: quicksort  Memory: 17001kB
                           Worker 1:  Sort Method: quicksort  Memory: 17005kB
                           Worker 2:  Sort Method: quicksort  Memory: 17009kB
                           Worker 3:  Sort Method: quicksort  Memory: 16907kB
                           ->  Partial HashAggregate  (cost=1341417.23..1342650.90 rows=98694 width=36) (actual time=2744.322..2886.069 rows=98878 loops=5)
                                 Group Key: lineitem.l_suppkey
                                 Batches: 5  Memory Usage: 33841kB  Disk Usage: 7000kB
                                 Worker 0:  Batches: 5  Memory Usage: 33841kB  Disk Usage: 7056kB
                                 Worker 1:  Batches: 5  Memory Usage: 33841kB  Disk Usage: 7064kB
                                 Worker 2:  Batches: 5  Memory Usage: 33841kB  Disk Usage: 7088kB
                                 Worker 3:  Batches: 5  Memory Usage: 33841kB  Disk Usage: 5896kB
                                 ->  Parallel Bitmap Heap Scan on lineitem  (cost=36121.81..1335784.97 rows=563226 width=16) (actual time=448.955..2294.347 rows=453143 loops=5)
                                       Recheck Cond: ((l_shipdate >= '1996-01-01'::date) AND (l_shipdate < '1996-04-01'::date))
                                       Rows Removed by Index Recheck: 2644730
                                       Heap Blocks: exact=78147 lossy=52234
                                       ->  Bitmap Index Scan on idx_lineitem_shipdate  (cost=0.00..35558.59 rows=2252902 width=0) (actual time=361.480..361.480 rows=2265714 loops=1)
                                             Index Cond: ((l_shipdate >= '1996-01-01'::date) AND (l_shipdate < '1996-04-01'::date))
         ->  Index Scan using supplier_pkey on supplier  (cost=0.29..2.46 rows=1 width=71) (actual time=0.041..0.041 rows=1 loops=1)
               Index Cond: (s_suppkey = lineitem.l_suppkey)
 Planning Time: 1.002 ms
 Execution Time: 6335.264 ms
(53 rows)

DROP VIEW
query 16 run 1
SET
SET
SET
                                                                                            QUERY PLAN                                                                                            
--------------------------------------------------------------------------------------------------------------------------------------------------------------------------------------------------
 Limit  (cost=251597.39..251597.39 rows=1 width=44) (actual time=2581.185..2589.436 rows=1 loops=1)
   ->  Sort  (cost=251597.39..251981.82 rows=153773 width=44) (actual time=2581.184..2589.434 rows=1 loops=1)
         Sort Key: (count(DISTINCT partsupp.ps_suppkey)) DESC, part.p_brand, part.p_type, part.p_size
         Sort Method: top-N heapsort  Memory: 25kB
         ->  GroupAggregate  (cost=172184.83..250828.53 rows=153773 width=44) (actual time=1953.442..2582.203 rows=27838 loops=1)
               Group Key: part.p_brand, part.p_type, part.p_size
               ->  Gather Merge  (cost=172184.83..243347.44 rows=594336 width=40) (actual time=1953.380..2309.546 rows=1186319 loops=1)
                     Workers Planned: 4
                     Workers Launched: 4
                     ->  Sort  (cost=171184.77..171556.23 rows=148584 width=40) (actual time=1833.372..1853.116 rows=237264 loops=5)
                           Sort Key: part.p_brand, part.p_type, part.p_size
                           Sort Method: quicksort  Memory: 24093kB
                           Worker 0:  Sort Method: quicksort  Memory: 24338kB
                           Worker 1:  Sort Method: quicksort  Memory: 24814kB
                           Worker 2:  Sort Method: quicksort  Memory: 25017kB
                           Worker 3:  Sort Method: quicksort  Memory: 25142kB
                           ->  Parallel Hash Join  (cost=57880.63..158420.72 rows=148584 width=40) (actual time=359.281..1083.040 rows=237264 loops=5)
                                 Hash Cond: (partsupp.ps_partkey = part.p_partkey)
                                 ->  Parallel Index Only Scan using partsupp_pkey on partsupp  (cost=3471.46..101386.16 rows=1000142 width=8) (actual time=47.591..573.408 rows=1599104 loops=5)
                                       Filter: (NOT (hashed SubPlan 1))
                                       Rows Removed by Filter: 896
                                       Heap Fetches: 0
                                       SubPlan 1
                                         ->  Seq Scan on supplier  (cost=0.00..3471.00 rows=10 width=4) (actual time=1.752..46.687 rows=56 loops=5)
                                               Filter: ((s_comment)::text ~~ '%Customer%Complaints%'::text)
                                               Rows Removed by Filter: 99944
                                 ->  Parallel Hash  (cost=53480.68..53480.68 rows=74280 width=40) (actual time=311.008..311.009 rows=59347 loops=5)
                                       Buckets: 524288  Batches: 1  Memory Usage: 26368kB
                                       ->  Parallel Seq Scan on part  (cost=0.00..53480.68 rows=74280 width=40) (actual time=0.249..287.042 rows=59347 loops=5)
                                             Filter: ((p_brand <> 'Brand#12'::bpchar) AND ((p_type)::text !~~ 'SMALL BRUSHED%'::text) AND (p_size = ANY ('{12,32,36,26,40,34,49,9}'::integer[])))
                                             Rows Removed by Filter: 340653
 Planning Time: 18.126 ms
 Execution Time: 2589.818 ms
(33 rows)

SET
SET
SET
                                                                                            QUERY PLAN                                                                                            
--------------------------------------------------------------------------------------------------------------------------------------------------------------------------------------------------
 Limit  (cost=251597.39..251597.39 rows=1 width=44) (actual time=2238.141..2247.208 rows=1 loops=1)
   ->  Sort  (cost=251597.39..251981.82 rows=153773 width=44) (actual time=2238.140..2247.206 rows=1 loops=1)
         Sort Key: (count(DISTINCT partsupp.ps_suppkey)) DESC, part.p_brand, part.p_type, part.p_size
         Sort Method: top-N heapsort  Memory: 25kB
         ->  GroupAggregate  (cost=172184.83..250828.53 rows=153773 width=44) (actual time=1610.887..2239.957 rows=27838 loops=1)
               Group Key: part.p_brand, part.p_type, part.p_size
               ->  Gather Merge  (cost=172184.83..243347.44 rows=594336 width=40) (actual time=1610.828..1971.041 rows=1186319 loops=1)
                     Workers Planned: 4
                     Workers Launched: 4
                     ->  Sort  (cost=171184.77..171556.23 rows=148584 width=40) (actual time=1558.441..1578.191 rows=237264 loops=5)
                           Sort Key: part.p_brand, part.p_type, part.p_size
                           Sort Method: quicksort  Memory: 24600kB
                           Worker 0:  Sort Method: quicksort  Memory: 22397kB
                           Worker 1:  Sort Method: quicksort  Memory: 26569kB
                           Worker 2:  Sort Method: quicksort  Memory: 28087kB
                           Worker 3:  Sort Method: quicksort  Memory: 23169kB
                           ->  Parallel Hash Join  (cost=57880.63..158420.72 rows=148584 width=40) (actual time=184.238..796.565 rows=237264 loops=5)
                                 Hash Cond: (partsupp.ps_partkey = part.p_partkey)
                                 ->  Parallel Index Only Scan using partsupp_pkey on partsupp  (cost=3471.46..101386.16 rows=1000142 width=8) (actual time=25.871..432.517 rows=1599104 loops=5)
                                       Filter: (NOT (hashed SubPlan 1))
                                       Rows Removed by Filter: 896
                                       Heap Fetches: 0
                                       SubPlan 1
                                         ->  Seq Scan on supplier  (cost=0.00..3471.00 rows=10 width=4) (actual time=0.089..25.788 rows=56 loops=5)
                                               Filter: ((s_comment)::text ~~ '%Customer%Complaints%'::text)
                                               Rows Removed by Filter: 99944
                                 ->  Parallel Hash  (cost=53480.68..53480.68 rows=74280 width=40) (actual time=157.616..157.616 rows=59347 loops=5)
                                       Buckets: 524288  Batches: 1  Memory Usage: 26368kB
                                       ->  Parallel Seq Scan on part  (cost=0.00..53480.68 rows=74280 width=40) (actual time=0.020..127.951 rows=59347 loops=5)
                                             Filter: ((p_brand <> 'Brand#12'::bpchar) AND ((p_type)::text !~~ 'SMALL BRUSHED%'::text) AND (p_size = ANY ('{12,32,36,26,40,34,49,9}'::integer[])))
                                             Rows Removed by Filter: 340653
 Planning Time: 0.865 ms
 Execution Time: 2247.279 ms
(33 rows)

query 17 run 1
SET
SET
SET
                                                                                      QUERY PLAN                                                                                       
---------------------------------------------------------------------------------------------------------------------------------------------------------------------------------------
 Limit  (cost=3328458.21..3328458.22 rows=1 width=32) (actual time=26925.881..27003.211 rows=1 loops=1)
   ->  Aggregate  (cost=3328458.21..3328458.22 rows=1 width=32) (actual time=26925.880..27003.209 rows=1 loops=1)
         ->  Merge Join  (cost=2260006.12..3328413.49 rows=17889 width=8) (actual time=19377.008..27002.328 rows=5319 loops=1)
               Merge Cond: (lineitem_1.l_partkey = part.p_partkey)
               Join Filter: (lineitem.l_quantity < ((0.2 * avg(lineitem_1.l_quantity))))
               Rows Removed by Join Filter: 54632
               ->  Finalize GroupAggregate  (cost=2259005.20..3204422.47 rows=1804443 width=36) (actual time=19351.051..26741.942 rows=1999333 loops=1)
                     Group Key: lineitem_1.l_partkey
                     ->  Gather Merge  (cost=2259005.20..3123222.53 rows=7217772 width=36) (actual time=19351.029..21606.544 rows=9972265 loops=1)
                           Workers Planned: 4
                           Workers Launched: 4
                           ->  Sort  (cost=2258005.14..2262516.25 rows=1804443 width=36) (actual time=19174.058..19504.431 rows=1994963 loops=5)
                                 Sort Key: lineitem_1.l_partkey
                                 Sort Method: external merge  Disk: 134728kB
                                 Worker 0:  Sort Method: external merge  Disk: 134736kB
                                 Worker 1:  Sort Method: external merge  Disk: 134744kB
                                 Worker 2:  Sort Method: external merge  Disk: 134744kB
                                 Worker 3:  Sort Method: external merge  Disk: 134736kB
                                 ->  Partial HashAggregate  (cost=1869757.06..2038774.84 rows=1804443 width=36) (actual time=10123.879..18092.677 rows=1995119 loops=5)
                                       Group Key: lineitem_1.l_partkey
                                       Planned Partitions: 32  Batches: 33  Memory Usage: 34065kB  Disk Usage: 423520kB
                                       Worker 0:  Batches: 33  Memory Usage: 34065kB  Disk Usage: 423608kB
                                       Worker 1:  Batches: 33  Memory Usage: 34065kB  Disk Usage: 423568kB
                                       Worker 2:  Batches: 33  Memory Usage: 34065kB  Disk Usage: 423624kB
                                       Worker 3:  Batches: 33  Memory Usage: 34065kB  Disk Usage: 423536kB
                                       ->  Parallel Seq Scan on lineitem lineitem_1  (cost=0.00..1275120.34 rows=14997734 width=9) (actual time=0.527..3799.298 rows=11997210 loops=5)
               ->  Materialize  (cost=1000.93..100615.92 rows=59483 width=21) (actual time=23.600..111.101 rows=59951 loops=1)
                     ->  Gather Merge  (cost=1000.93..100467.22 rows=59483 width=21) (actual time=23.596..104.170 rows=59951 loops=1)
                           Workers Planned: 4
                           Workers Launched: 3
                           ->  Nested Loop  (cost=0.87..92382.16 rows=14871 width=21) (actual time=19.604..679.292 rows=14988 loops=4)
                                 ->  Parallel Index Scan using part_pkey on part  (cost=0.43..66711.97 rows=496 width=4) (actual time=12.200..222.599 rows=499 loops=4)
                                       Filter: ((p_brand = 'Brand#22'::bpchar) AND (p_container = 'LG BOX'::bpchar))
                                       Rows Removed by Filter: 499501
                                 ->  Index Scan using idx_lineitem_part_supp on lineitem  (cost=0.44..51.42 rows=33 width=17) (actual time=0.667..0.905 rows=30 loops=1996)
                                       Index Cond: (l_partkey = part.p_partkey)
 Planning Time: 16.788 ms
 Execution Time: 27070.800 ms
(38 rows)

SET
SET
SET
                                                                                      QUERY PLAN                                                                                       
---------------------------------------------------------------------------------------------------------------------------------------------------------------------------------------
 Limit  (cost=3328458.21..3328458.22 rows=1 width=32) (actual time=25564.619..25642.654 rows=1 loops=1)
   ->  Aggregate  (cost=3328458.21..3328458.22 rows=1 width=32) (actual time=25564.618..25642.653 rows=1 loops=1)
         ->  Merge Join  (cost=2260006.12..3328413.49 rows=17889 width=8) (actual time=18070.672..25641.880 rows=5319 loops=1)
               Merge Cond: (lineitem_1.l_partkey = part.p_partkey)
               Join Filter: (lineitem.l_quantity < ((0.2 * avg(lineitem_1.l_quantity))))
               Rows Removed by Join Filter: 54632
               ->  Finalize GroupAggregate  (cost=2259005.20..3204422.47 rows=1804443 width=36) (actual time=18063.937..25469.356 rows=1999333 loops=1)
                     Group Key: lineitem_1.l_partkey
                     ->  Gather Merge  (cost=2259005.20..3123222.53 rows=7217772 width=36) (actual time=18063.916..20312.103 rows=9971887 loops=1)
                           Workers Planned: 4
                           Workers Launched: 4
                           ->  Sort  (cost=2258005.14..2262516.25 rows=1804443 width=36) (actual time=17826.037..18151.134 rows=1994880 loops=5)
                                 Sort Key: lineitem_1.l_partkey
                                 Sort Method: external merge  Disk: 134816kB
                                 Worker 0:  Sort Method: external merge  Disk: 134736kB
                                 Worker 1:  Sort Method: external merge  Disk: 134752kB
                                 Worker 2:  Sort Method: external merge  Disk: 134680kB
                                 Worker 3:  Sort Method: external merge  Disk: 134672kB
                                 ->  Partial HashAggregate  (cost=1869757.06..2038774.84 rows=1804443 width=36) (actual time=8851.381..16838.869 rows=1995043 loops=5)
                                       Group Key: lineitem_1.l_partkey
                                       Planned Partitions: 32  Batches: 33  Memory Usage: 34065kB  Disk Usage: 455952kB
                                       Worker 0:  Batches: 33  Memory Usage: 34065kB  Disk Usage: 423648kB
                                       Worker 1:  Batches: 33  Memory Usage: 34065kB  Disk Usage: 423544kB
                                       Worker 2:  Batches: 33  Memory Usage: 34065kB  Disk Usage: 423232kB
                                       Worker 3:  Batches: 33  Memory Usage: 34065kB  Disk Usage: 423192kB
                                       ->  Parallel Seq Scan on lineitem lineitem_1  (cost=0.00..1275120.34 rows=14997734 width=9) (actual time=0.053..1655.587 rows=11997210 loops=5)
               ->  Materialize  (cost=1000.93..100615.92 rows=59483 width=21) (actual time=3.875..24.480 rows=59951 loops=1)
                     ->  Gather Merge  (cost=1000.93..100467.22 rows=59483 width=21) (actual time=3.870..17.862 rows=59951 loops=1)
                           Workers Planned: 4
                           Workers Launched: 3
                           ->  Nested Loop  (cost=0.87..92382.16 rows=14871 width=21) (actual time=0.217..123.879 rows=14988 loops=4)
                                 ->  Parallel Index Scan using part_pkey on part  (cost=0.43..66711.97 rows=496 width=4) (actual time=0.190..104.814 rows=499 loops=4)
                                       Filter: ((p_brand = 'Brand#22'::bpchar) AND (p_container = 'LG BOX'::bpchar))
                                       Rows Removed by Filter: 499501
                                 ->  Index Scan using idx_lineitem_part_supp on lineitem  (cost=0.44..51.42 rows=33 width=17) (actual time=0.005..0.033 rows=30 loops=1996)
                                       Index Cond: (l_partkey = part.p_partkey)
 Planning Time: 1.142 ms
 Execution Time: 25712.168 ms
(38 rows)

query 18 run 1
SET
SET
SET
                                                                                                 QUERY PLAN                                                                                                  
-------------------------------------------------------------------------------------------------------------------------------------------------------------------------------------------------------------
 Limit  (cost=8775668.92..8775669.17 rows=100 width=71) (actual time=42267.027..42267.041 rows=99 loops=1)
   ->  Sort  (cost=8775668.92..8825649.65 rows=19992292 width=71) (actual time=42267.025..42267.033 rows=99 loops=1)
         Sort Key: orders.o_totalprice DESC, orders.o_orderdate
         Sort Method: quicksort  Memory: 32kB
         ->  HashAggregate  (cost=7410247.24..8011577.90 rows=19992292 width=71) (actual time=42266.530..42266.943 rows=99 loops=1)
               Group Key: customer.c_custkey, orders.o_orderkey
               Planned Partitions: 256  Batches: 1  Memory Usage: 3153kB
               ->  Hash Join  (cost=78811.96..6333318.70 rows=19992292 width=44) (actual time=4378.649..42266.146 rows=693 loops=1)
                     Hash Cond: (orders.o_custkey = customer.c_custkey)
                     ->  Merge Join  (cost=326.41..5920230.23 rows=19992292 width=25) (actual time=1002.524..41485.057 rows=693 loops=1)
                           Merge Cond: (orders.o_orderkey = lineitem.l_orderkey)
                           ->  Merge Join  (cost=1.00..3390435.14 rows=4999245 width=24) (actual time=767.233..30157.852 rows=99 loops=1)
                                 Merge Cond: (orders.o_orderkey = lineitem_1.l_orderkey)
                                 ->  Index Scan using orders_pkey on orders  (cost=0.43..547984.20 rows=15001251 width=20) (actual time=0.550..2983.415 rows=14982724 loops=1)
                                 ->  GroupAggregate  (cost=0.56..2692464.79 rows=4999245 width=4) (actual time=659.500..26279.595 rows=99 loops=1)
                                       Group Key: lineitem_1.l_orderkey
                                       Filter: (sum(lineitem_1.l_quantity) > '313'::numeric)
                                       Rows Removed by Filter: 14999901
                                       ->  Index Scan using idx_lineitem_orderkey on lineitem lineitem_1  (cost=0.56..2167544.10 rows=59990936 width=9) (actual time=0.498..12443.356 rows=59986052 loops=1)
                           ->  Index Scan using idx_lineitem_orderkey on lineitem  (cost=0.56..2167544.10 rows=59990936 width=9) (actual time=0.014..7853.910 rows=59916431 loops=1)
                     ->  Hash  (cost=50946.80..50946.80 rows=1499980 width=23) (actual time=675.523..675.524 rows=1500000 loops=1)
                           Buckets: 524288  Batches: 4  Memory Usage: 24623kB
                           ->  Seq Scan on customer  (cost=0.00..50946.80 rows=1499980 width=23) (actual time=0.730..418.681 rows=1500000 loops=1)
 Planning Time: 23.457 ms
 Execution Time: 42268.442 ms
(25 rows)

SET
SET
SET
                                                                                                 QUERY PLAN                                                                                                  
-------------------------------------------------------------------------------------------------------------------------------------------------------------------------------------------------------------
 Limit  (cost=8775668.92..8775669.17 rows=100 width=71) (actual time=38824.384..38824.397 rows=99 loops=1)
   ->  Sort  (cost=8775668.92..8825649.65 rows=19992292 width=71) (actual time=38824.382..38824.389 rows=99 loops=1)
         Sort Key: orders.o_totalprice DESC, orders.o_orderdate
         Sort Method: quicksort  Memory: 32kB
         ->  HashAggregate  (cost=7410247.24..8011577.90 rows=19992292 width=71) (actual time=38823.866..38824.298 rows=99 loops=1)
               Group Key: customer.c_custkey, orders.o_orderkey
               Planned Partitions: 256  Batches: 1  Memory Usage: 3153kB
               ->  Hash Join  (cost=78811.96..6333318.70 rows=19992292 width=44) (actual time=3785.764..38823.496 rows=693 loops=1)
                     Hash Cond: (orders.o_custkey = customer.c_custkey)
                     ->  Merge Join  (cost=326.41..5920230.23 rows=19992292 width=25) (actual time=870.384..38178.392 rows=693 loops=1)
                           Merge Cond: (orders.o_orderkey = lineitem.l_orderkey)
                           ->  Merge Join  (cost=1.00..3390435.14 rows=4999245 width=24) (actual time=632.673..26871.260 rows=99 loops=1)
                                 Merge Cond: (orders.o_orderkey = lineitem_1.l_orderkey)
                                 ->  Index Scan using orders_pkey on orders  (cost=0.43..547984.20 rows=15001251 width=20) (actual time=0.023..2401.356 rows=14982724 loops=1)
                                 ->  GroupAggregate  (cost=0.56..2692464.79 rows=4999245 width=4) (actual time=552.873..23599.872 rows=99 loops=1)
                                       Group Key: lineitem_1.l_orderkey
                                       Filter: (sum(lineitem_1.l_quantity) > '313'::numeric)
                                       Rows Removed by Filter: 14999901
                                       ->  Index Scan using idx_lineitem_orderkey on lineitem lineitem_1  (cost=0.56..2167544.10 rows=59990936 width=9) (actual time=0.014..10078.963 rows=59986052 loops=1)
                           ->  Index Scan using idx_lineitem_orderkey on lineitem  (cost=0.56..2167544.10 rows=59990936 width=9) (actual time=0.012..7835.839 rows=59916431 loops=1)
                     ->  Hash  (cost=50946.80..50946.80 rows=1499980 width=23) (actual time=540.267..540.268 rows=1500000 loops=1)
                           Buckets: 524288  Batches: 4  Memory Usage: 24623kB
                           ->  Seq Scan on customer  (cost=0.00..50946.80 rows=1499980 width=23) (actual time=0.027..290.600 rows=1500000 loops=1)
 Planning Time: 1.815 ms
 Execution Time: 38825.100 ms
(25 rows)

query 19 run 1
SET
SET
SET
                                                                                                                                                                                                                                                                                                                                                                                                                                                                                                                  QUERY PLAN                                                                                                                                                                                                                                                                                                                                                                                                                                                                                                                  
----------------------------------------------------------------------------------------------------------------------------------------------------------------------------------------------------------------------------------------------------------------------------------------------------------------------------------------------------------------------------------------------------------------------------------------------------------------------------------------------------------------------------------------------------------------------------------------------------------------------------------------------------------------------------------------------------------------------------------------------------------------------------------------------------------------------------------------------------------------------------------------------------------------------------------------------------------------------------------------------------------------------------------------------
 Limit  (cost=125438.43..125438.44 rows=1 width=32) (actual time=4952.632..4964.968 rows=1 loops=1)
   ->  Finalize Aggregate  (cost=125438.43..125438.44 rows=1 width=32) (actual time=4952.630..4964.965 rows=1 loops=1)
         ->  Gather  (cost=125438.00..125438.41 rows=4 width=32) (actual time=4952.612..4964.951 rows=5 loops=1)
               Workers Planned: 4
               Workers Launched: 4
               ->  Partial Aggregate  (cost=124438.00..124438.01 rows=1 width=32) (actual time=4940.135..4940.136 rows=1 loops=5)
                     ->  Nested Loop  (cost=0.44..124435.90 rows=279 width=12) (actual time=43.020..4939.512 rows=213 loops=5)
                           ->  Parallel Seq Scan on part  (cost=0.00..62230.45 rows=1162 width=30) (actual time=0.779..179.176 rows=956 loops=5)
                                 Filter: ((p_size >= 1) AND (((p_brand = 'Brand#24'::bpchar) AND (p_container = ANY ('{"SM CASE","SM BOX","SM PACK","SM PKG"}'::bpchar[])) AND (p_size <= 5)) OR ((p_brand = 'Brand#43'::bpchar) AND (p_container = ANY ('{"MED BAG","MED BOX","MED PKG","MED PACK"}'::bpchar[])) AND (p_size <= 10)) OR ((p_brand = 'Brand#44'::bpchar) AND (p_container = ANY ('{"LG CASE","LG BOX","LG PACK","LG PKG"}'::bpchar[])) AND (p_size <= 15))))
                                 Rows Removed by Filter: 399044
                           ->  Index Scan using idx_lineitem_part_supp on lineitem  (cost=0.44..53.52 rows=1 width=21) (actual time=4.482..4.977 rows=0 loops=4781)
                                 Index Cond: (l_partkey = part.p_partkey)
                                 Filter: ((l_shipmode = ANY ('{AIR,"AIR REG"}'::bpchar[])) AND (l_shipinstruct = 'DELIVER IN PERSON'::bpchar) AND (((l_quantity >= '10'::numeric) AND (l_quantity <= '20'::numeric)) OR ((l_quantity >= '10'::numeric) AND (l_quantity <= '20'::numeric)) OR ((l_quantity >= '20'::numeric) AND (l_quantity <= '30'::numeric))) AND (((part.p_brand = 'Brand#24'::bpchar) AND (part.p_container = ANY ('{"SM CASE","SM BOX","SM PACK","SM PKG"}'::bpchar[])) AND (l_quantity >= '10'::numeric) AND (l_quantity <= '20'::numeric) AND (part.p_size <= 5)) OR ((part.p_brand = 'Brand#43'::bpchar) AND (part.p_container = ANY ('{"MED BAG","MED BOX","MED PKG","MED PACK"}'::bpchar[])) AND (l_quantity >= '10'::numeric) AND (l_quantity <= '20'::numeric) AND (part.p_size <= 10)) OR ((part.p_brand = 'Brand#44'::bpchar) AND (part.p_container = ANY ('{"LG CASE","LG BOX","LG PACK","LG PKG"}'::bpchar[])) AND (l_quantity >= '20'::numeric) AND (l_quantity <= '30'::numeric) AND (part.p_size <= 15))))
                                 Rows Removed by Filter: 30
 Planning Time: 15.870 ms
 Execution Time: 4965.604 ms
(16 rows)

SET
SET
SET
                                                                                                                                                                                                                                                                                                                                                                                                                                                                                                                  QUERY PLAN                                                                                                                                                                                                                                                                                                                                                                                                                                                                                                                  
----------------------------------------------------------------------------------------------------------------------------------------------------------------------------------------------------------------------------------------------------------------------------------------------------------------------------------------------------------------------------------------------------------------------------------------------------------------------------------------------------------------------------------------------------------------------------------------------------------------------------------------------------------------------------------------------------------------------------------------------------------------------------------------------------------------------------------------------------------------------------------------------------------------------------------------------------------------------------------------------------------------------------------------------
 Limit  (cost=125438.43..125438.44 rows=1 width=32) (actual time=214.029..239.684 rows=1 loops=1)
   ->  Finalize Aggregate  (cost=125438.43..125438.44 rows=1 width=32) (actual time=214.028..239.682 rows=1 loops=1)
         ->  Gather  (cost=125438.00..125438.41 rows=4 width=32) (actual time=213.814..239.670 rows=5 loops=1)
               Workers Planned: 4
               Workers Launched: 4
               ->  Partial Aggregate  (cost=124438.00..124438.01 rows=1 width=32) (actual time=208.578..208.579 rows=1 loops=5)
                     ->  Nested Loop  (cost=0.44..124435.90 rows=279 width=12) (actual time=0.884..207.574 rows=213 loops=5)
                           ->  Parallel Seq Scan on part  (cost=0.00..62230.45 rows=1162 width=30) (actual time=0.158..129.354 rows=956 loops=5)
                                 Filter: ((p_size >= 1) AND (((p_brand = 'Brand#24'::bpchar) AND (p_container = ANY ('{"SM CASE","SM BOX","SM PACK","SM PKG"}'::bpchar[])) AND (p_size <= 5)) OR ((p_brand = 'Brand#43'::bpchar) AND (p_container = ANY ('{"MED BAG","MED BOX","MED PKG","MED PACK"}'::bpchar[])) AND (p_size <= 10)) OR ((p_brand = 'Brand#44'::bpchar) AND (p_container = ANY ('{"LG CASE","LG BOX","LG PACK","LG PKG"}'::bpchar[])) AND (p_size <= 15))))
                                 Rows Removed by Filter: 399044
                           ->  Index Scan using idx_lineitem_part_supp on lineitem  (cost=0.44..53.52 rows=1 width=21) (actual time=0.074..0.081 rows=0 loops=4781)
                                 Index Cond: (l_partkey = part.p_partkey)
                                 Filter: ((l_shipmode = ANY ('{AIR,"AIR REG"}'::bpchar[])) AND (l_shipinstruct = 'DELIVER IN PERSON'::bpchar) AND (((l_quantity >= '10'::numeric) AND (l_quantity <= '20'::numeric)) OR ((l_quantity >= '10'::numeric) AND (l_quantity <= '20'::numeric)) OR ((l_quantity >= '20'::numeric) AND (l_quantity <= '30'::numeric))) AND (((part.p_brand = 'Brand#24'::bpchar) AND (part.p_container = ANY ('{"SM CASE","SM BOX","SM PACK","SM PKG"}'::bpchar[])) AND (l_quantity >= '10'::numeric) AND (l_quantity <= '20'::numeric) AND (part.p_size <= 5)) OR ((part.p_brand = 'Brand#43'::bpchar) AND (part.p_container = ANY ('{"MED BAG","MED BOX","MED PKG","MED PACK"}'::bpchar[])) AND (l_quantity >= '10'::numeric) AND (l_quantity <= '20'::numeric) AND (part.p_size <= 10)) OR ((part.p_brand = 'Brand#44'::bpchar) AND (part.p_container = ANY ('{"LG CASE","LG BOX","LG PACK","LG PKG"}'::bpchar[])) AND (l_quantity >= '20'::numeric) AND (l_quantity <= '30'::numeric) AND (part.p_size <= 15))))
                                 Rows Removed by Filter: 30
 Planning Time: 1.006 ms
 Execution Time: 239.736 ms
(16 rows)

query 20 run 1
SET
SET
SET
                                                                                    QUERY PLAN                                                                                     
-----------------------------------------------------------------------------------------------------------------------------------------------------------------------------------
 Limit  (cost=2471668.14..2722542.59 rows=1 width=51) (actual time=36936.233..36937.515 rows=1 loops=1)
   ->  Nested Loop Semi Join  (cost=2471668.14..2722542.59 rows=1 width=51) (actual time=36936.231..36937.513 rows=1 loops=1)
         Join Filter: (supplier.s_suppkey = lineitem.l_suppkey)
         Rows Removed by Join Filter: 12329
         ->  Gather Merge  (cost=4122.93..4578.81 rows=4000 width=55) (actual time=27.288..28.499 rows=1 loops=1)
               Workers Planned: 1
               Workers Launched: 1
               ->  Sort  (cost=3122.92..3128.80 rows=2353 width=55) (actual time=20.016..20.039 rows=392 loops=2)
                     Sort Key: supplier.s_name
                     Sort Method: quicksort  Memory: 420kB
                     Worker 0:  Sort Method: quicksort  Memory: 232kB
                     ->  Hash Join  (cost=1.32..2991.15 rows=2353 width=55) (actual time=0.273..18.577 rows=2048 loops=2)
                           Hash Cond: (supplier.s_nationkey = nation.n_nationkey)
                           ->  Parallel Seq Scan on supplier  (cost=0.00..2809.24 rows=58824 width=59) (actual time=0.125..13.568 rows=50000 loops=2)
                           ->  Hash  (cost=1.31..1.31 rows=1 width=4) (actual time=0.099..0.100 rows=1 loops=2)
                                 Buckets: 1024  Batches: 1  Memory Usage: 9kB
                                 ->  Seq Scan on nation  (cost=0.00..1.31 rows=1 width=4) (actual time=0.094..0.095 rows=1 loops=2)
                                       Filter: (n_name = 'IRAQ'::bpchar)
                                       Rows Removed by Filter: 24
         ->  Materialize  (cost=2467545.21..2717783.79 rows=3 width=8) (actual time=35439.110..36908.016 rows=12330 loops=1)
               ->  Hash Join  (cost=2467545.21..2717783.77 rows=3 width=8) (actual time=35439.106..36905.440 rows=12330 loops=1)
                     Hash Cond: ((lineitem.l_partkey = partsupp.ps_partkey) AND (lineitem.l_suppkey = partsupp.ps_suppkey))
                     Join Filter: ((partsupp.ps_availqty)::numeric > ((0.5 * sum(lineitem.l_quantity))))
                     Rows Removed by Join Filter: 25
                     ->  HashAggregate  (cost=2391218.51..2555810.55 rows=4894079 width=40) (actual time=34012.339..35304.317 rows=1144758 loops=1)
                           Group Key: lineitem.l_partkey, lineitem.l_suppkey
                           Planned Partitions: 64  Batches: 117  Memory Usage: 34321kB  Disk Usage: 388616kB
                           ->  Bitmap Heap Scan on lineitem  (cost=149701.00..1997681.92 rows=9336920 width=13) (actual time=1256.623..29007.946 rows=9123688 loops=1)
                                 Recheck Cond: ((l_shipdate >= '1996-01-01'::date) AND (l_shipdate < '1997-01-01'::date))
                                 Rows Removed by Index Recheck: 23164080
                                 Heap Blocks: exact=518099 lossy=530696
                                 ->  Bitmap Index Scan on idx_lineitem_shipdate  (cost=0.00..147366.77 rows=9336920 width=0) (actual time=1136.445..1136.445 rows=9123688 loops=1)
                                       Index Cond: ((l_shipdate >= '1996-01-01'::date) AND (l_shipdate < '1997-01-01'::date))
                     ->  Hash  (cost=75114.43..75114.43 rows=80818 width=16) (actual time=1426.638..1426.706 rows=86872 loops=1)
                           Buckets: 131072  Batches: 1  Memory Usage: 5097kB
                           ->  Gather  (cost=1000.43..75114.43 rows=80818 width=16) (actual time=1.923..1404.864 rows=86872 loops=1)
                                 Workers Planned: 4
                                 Workers Launched: 4
                                 ->  Nested Loop  (cost=0.43..66032.63 rows=20204 width=16) (actual time=1.538..1407.588 rows=17374 loops=5)
                                       ->  Parallel Seq Scan on part  (cost=0.00..47230.84 rows=5050 width=4) (actual time=0.570..153.525 rows=4344 loops=5)
                                             Filter: ((p_name)::text ~~ 'olive%'::text)
                                             Rows Removed by Filter: 395656
                                       ->  Index Scan using idx_partsupp_partkey on partsupp  (cost=0.43..3.55 rows=17 width=12) (actual time=0.268..0.287 rows=4 loops=21718)
                                             Index Cond: (ps_partkey = part.p_partkey)
 Planning Time: 22.095 ms
 Execution Time: 36983.614 ms
(46 rows)

SET
SET
SET
                                                                                   QUERY PLAN                                                                                    
---------------------------------------------------------------------------------------------------------------------------------------------------------------------------------
 Limit  (cost=2471668.14..2722542.59 rows=1 width=51) (actual time=15008.990..15010.423 rows=1 loops=1)
   ->  Nested Loop Semi Join  (cost=2471668.14..2722542.59 rows=1 width=51) (actual time=15008.989..15010.421 rows=1 loops=1)
         Join Filter: (supplier.s_suppkey = lineitem.l_suppkey)
         Rows Removed by Join Filter: 12329
         ->  Gather Merge  (cost=4122.93..4578.81 rows=4000 width=55) (actual time=17.681..19.048 rows=1 loops=1)
               Workers Planned: 1
               Workers Launched: 1
               ->  Sort  (cost=3122.92..3128.80 rows=2353 width=55) (actual time=15.791..15.811 rows=392 loops=2)
                     Sort Key: supplier.s_name
                     Sort Method: quicksort  Memory: 385kB
                     Worker 0:  Sort Method: quicksort  Memory: 268kB
                     ->  Hash Join  (cost=1.32..2991.15 rows=2353 width=55) (actual time=0.104..14.371 rows=2048 loops=2)
                           Hash Cond: (supplier.s_nationkey = nation.n_nationkey)
                           ->  Parallel Seq Scan on supplier  (cost=0.00..2809.24 rows=58824 width=59) (actual time=0.024..9.441 rows=50000 loops=2)
                           ->  Hash  (cost=1.31..1.31 rows=1 width=4) (actual time=0.019..0.020 rows=1 loops=2)
                                 Buckets: 1024  Batches: 1  Memory Usage: 9kB
                                 ->  Seq Scan on nation  (cost=0.00..1.31 rows=1 width=4) (actual time=0.013..0.015 rows=1 loops=2)
                                       Filter: (n_name = 'IRAQ'::bpchar)
                                       Rows Removed by Filter: 24
         ->  Materialize  (cost=2467545.21..2717783.79 rows=3 width=8) (actual time=13529.263..14990.361 rows=12330 loops=1)
               ->  Hash Join  (cost=2467545.21..2717783.77 rows=3 width=8) (actual time=13529.259..14987.780 rows=12330 loops=1)
                     Hash Cond: ((lineitem.l_partkey = partsupp.ps_partkey) AND (lineitem.l_suppkey = partsupp.ps_suppkey))
                     Join Filter: ((partsupp.ps_availqty)::numeric > ((0.5 * sum(lineitem.l_quantity))))
                     Rows Removed by Join Filter: 25
                     ->  HashAggregate  (cost=2391218.51..2555810.55 rows=4894079 width=40) (actual time=13328.630..14611.452 rows=1144758 loops=1)
                           Group Key: lineitem.l_partkey, lineitem.l_suppkey
                           Planned Partitions: 64  Batches: 117  Memory Usage: 34321kB  Disk Usage: 388616kB
                           ->  Bitmap Heap Scan on lineitem  (cost=149701.00..1997681.92 rows=9336920 width=13) (actual time=1119.457..9123.785 rows=9123688 loops=1)
                                 Recheck Cond: ((l_shipdate >= '1996-01-01'::date) AND (l_shipdate < '1997-01-01'::date))
                                 Rows Removed by Index Recheck: 23164080
                                 Heap Blocks: exact=518099 lossy=530696
                                 ->  Bitmap Index Scan on idx_lineitem_shipdate  (cost=0.00..147366.77 rows=9336920 width=0) (actual time=999.908..999.908 rows=9123688 loops=1)
                                       Index Cond: ((l_shipdate >= '1996-01-01'::date) AND (l_shipdate < '1997-01-01'::date))
                     ->  Hash  (cost=75114.43..75114.43 rows=80818 width=16) (actual time=200.499..200.562 rows=86872 loops=1)
                           Buckets: 131072  Batches: 1  Memory Usage: 5097kB
                           ->  Gather  (cost=1000.43..75114.43 rows=80818 width=16) (actual time=0.348..182.283 rows=86872 loops=1)
                                 Workers Planned: 4
                                 Workers Launched: 4
                                 ->  Nested Loop  (cost=0.43..66032.63 rows=20204 width=16) (actual time=0.093..182.263 rows=17374 loops=5)
                                       ->  Parallel Seq Scan on part  (cost=0.00..47230.84 rows=5050 width=4) (actual time=0.045..106.951 rows=4344 loops=5)
                                             Filter: ((p_name)::text ~~ 'olive%'::text)
                                             Rows Removed by Filter: 395656
                                       ->  Index Scan using idx_partsupp_partkey on partsupp  (cost=0.43..3.55 rows=17 width=12) (actual time=0.015..0.016 rows=4 loops=21718)
                                             Index Cond: (ps_partkey = part.p_partkey)
 Planning Time: 2.393 ms
 Execution Time: 15062.116 ms
(46 rows)

query 21 run 1
SET
SET
SET
                                                                                           QUERY PLAN                                                                                           
------------------------------------------------------------------------------------------------------------------------------------------------------------------------------------------------
 Limit  (cost=1968283.63..1968283.64 rows=1 width=34) (actual time=11126.406..11140.343 rows=100 loops=1)
   ->  Sort  (cost=1968283.63..1968283.64 rows=1 width=34) (actual time=11126.405..11140.335 rows=100 loops=1)
         Sort Key: (count(*)) DESC, supplier.s_name
         Sort Method: top-N heapsort  Memory: 38kB
         ->  GroupAggregate  (cost=1968280.41..1968283.62 rows=1 width=34) (actual time=10589.504..11137.936 rows=3991 loops=1)
               Group Key: supplier.s_name
               ->  Nested Loop Semi Join  (cost=1968280.41..1968283.61 rows=1 width=26) (actual time=10589.332..11126.939 rows=39281 loops=1)
                     Join Filter: (l2.l_suppkey <> l1.l_suppkey)
                     Rows Removed by Join Filter: 42025
                     ->  Gather Merge  (cost=1968279.84..1968279.97 rows=1 width=38) (actual time=10589.286..10637.398 rows=65960 loops=1)
                           Workers Planned: 4
                           Workers Launched: 4
                           ->  Sort  (cost=1967279.78..1967279.79 rows=1 width=38) (actual time=10563.800..10565.670 rows=13192 loops=5)
                                 Sort Key: supplier.s_name
                                 Sort Method: quicksort  Memory: 1388kB
                                 Worker 0:  Sort Method: quicksort  Memory: 1421kB
                                 Worker 1:  Sort Method: quicksort  Memory: 1434kB
                                 Worker 2:  Sort Method: quicksort  Memory: 1403kB
                                 Worker 3:  Sort Method: quicksort  Memory: 1430kB
                                 ->  Nested Loop Anti Join  (cost=1338058.92..1967279.77 rows=1 width=38) (actual time=7009.019..10489.473 rows=13192 loops=5)
                                       ->  Parallel Hash Join  (cost=1338058.35..1653326.38 rows=97778 width=38) (actual time=7007.499..8707.297 rows=146197 loops=5)
                                             Hash Cond: (orders.o_orderkey = l1.l_orderkey)
                                             ->  Parallel Seq Scan on orders  (cost=0.00..308146.91 rows=1833778 width=4) (actual time=0.467..1165.525 rows=1461837 loops=5)
                                                   Filter: (o_orderstatus = 'F'::bpchar)
                                                   Rows Removed by Filter: 1538163
                                             ->  Parallel Hash  (cost=1335558.73..1335558.73 rows=199970 width=34) (actual time=7005.764..7006.103 rows=302853 loops=5)
                                                   Buckets: 2097152 (originally 1048576)  Batches: 1 (originally 1)  Memory Usage: 131392kB
                                                   ->  Parallel Hash Join  (cost=3020.56..1335558.73 rows=199970 width=34) (actual time=16.425..6837.972 rows=302853 loops=5)
                                                         Hash Cond: (l1.l_suppkey = supplier.s_suppkey)
                                                         ->  Parallel Seq Scan on lineitem l1  (cost=0.00..1312614.68 rows=4999245 width=8) (actual time=0.435..5997.428 rows=7585870 loops=5)
                                                               Filter: (l_receiptdate > l_commitdate)
                                                               Rows Removed by Filter: 4411341
                                                         ->  Parallel Hash  (cost=2991.15..2991.15 rows=2353 width=30) (actual time=15.827..15.829 rows=798 loops=5)
                                                               Buckets: 4096  Batches: 1  Memory Usage: 352kB
                                                               ->  Hash Join  (cost=1.32..2991.15 rows=2353 width=30) (actual time=0.447..15.375 rows=798 loops=5)
                                                                     Hash Cond: (supplier.s_nationkey = nation.n_nationkey)
                                                                     ->  Parallel Seq Scan on supplier  (cost=0.00..2809.24 rows=58824 width=34) (actual time=0.384..12.844 rows=20000 loops=5)
                                                                     ->  Hash  (cost=1.31..1.31 rows=1 width=4) (actual time=0.055..0.056 rows=1 loops=5)
                                                                           Buckets: 1024  Batches: 1  Memory Usage: 9kB
                                                                           ->  Seq Scan on nation  (cost=0.00..1.31 rows=1 width=4) (actual time=0.049..0.051 rows=1 loops=5)
                                                                                 Filter: (n_name = 'PERU'::bpchar)
                                                                                 Rows Removed by Filter: 24
                                       ->  Index Scan using idx_lineitem_orderkey on lineitem l3  (cost=0.56..3.64 rows=1 width=8) (actual time=0.012..0.012 rows=1 loops=730985)
                                             Index Cond: (l_orderkey = l1.l_orderkey)
                                             Filter: ((l_receiptdate > l_commitdate) AND (l_suppkey <> l1.l_suppkey))
                                             Rows Removed by Filter: 1
                     ->  Index Scan using idx_lineitem_orderkey on lineitem l2  (cost=0.56..3.62 rows=4 width=8) (actual time=0.007..0.007 rows=1 loops=65960)
                           Index Cond: (l_orderkey = orders.o_orderkey)
 Planning Time: 20.296 ms
 Execution Time: 11140.694 ms
(50 rows)

SET
SET
SET
                                                                                          QUERY PLAN                                                                                           
-----------------------------------------------------------------------------------------------------------------------------------------------------------------------------------------------
 Limit  (cost=1968283.63..1968283.64 rows=1 width=34) (actual time=6822.737..6841.765 rows=100 loops=1)
   ->  Sort  (cost=1968283.63..1968283.64 rows=1 width=34) (actual time=6822.735..6841.757 rows=100 loops=1)
         Sort Key: (count(*)) DESC, supplier.s_name
         Sort Method: top-N heapsort  Memory: 38kB
         ->  GroupAggregate  (cost=1968280.41..1968283.62 rows=1 width=34) (actual time=6334.576..6839.400 rows=3991 loops=1)
               Group Key: supplier.s_name
               ->  Nested Loop Semi Join  (cost=1968280.41..1968283.61 rows=1 width=26) (actual time=6334.411..6828.776 rows=39281 loops=1)
                     Join Filter: (l2.l_suppkey <> l1.l_suppkey)
                     Rows Removed by Join Filter: 42025
                     ->  Gather Merge  (cost=1968279.84..1968279.97 rows=1 width=38) (actual time=6334.365..6386.819 rows=65960 loops=1)
                           Workers Planned: 4
                           Workers Launched: 4
                           ->  Sort  (cost=1967279.78..1967279.79 rows=1 width=38) (actual time=6312.807..6314.679 rows=13192 loops=5)
                                 Sort Key: supplier.s_name
                                 Sort Method: quicksort  Memory: 1471kB
                                 Worker 0:  Sort Method: quicksort  Memory: 1368kB
                                 Worker 1:  Sort Method: quicksort  Memory: 1431kB
                                 Worker 2:  Sort Method: quicksort  Memory: 1397kB
                                 Worker 3:  Sort Method: quicksort  Memory: 1408kB
                                 ->  Nested Loop Anti Join  (cost=1338058.92..1967279.77 rows=1 width=38) (actual time=3852.709..6240.297 rows=13192 loops=5)
                                       ->  Parallel Hash Join  (cost=1338058.35..1653326.38 rows=97778 width=38) (actual time=3852.366..5035.469 rows=146197 loops=5)
                                             Hash Cond: (orders.o_orderkey = l1.l_orderkey)
                                             ->  Parallel Seq Scan on orders  (cost=0.00..308146.91 rows=1833778 width=4) (actual time=0.089..595.662 rows=1461837 loops=5)
                                                   Filter: (o_orderstatus = 'F'::bpchar)
                                                   Rows Removed by Filter: 1538163
                                             ->  Parallel Hash  (cost=1335558.73..1335558.73 rows=199970 width=34) (actual time=3849.344..3849.671 rows=302853 loops=5)
                                                   Buckets: 2097152 (originally 1048576)  Batches: 1 (originally 1)  Memory Usage: 131424kB
                                                   ->  Parallel Hash Join  (cost=3020.56..1335558.73 rows=199970 width=34) (actual time=10.688..3662.467 rows=302853 loops=5)
                                                         Hash Cond: (l1.l_suppkey = supplier.s_suppkey)
                                                         ->  Parallel Seq Scan on lineitem l1  (cost=0.00..1312614.68 rows=4999245 width=8) (actual time=0.042..2727.884 rows=7585870 loops=5)
                                                               Filter: (l_receiptdate > l_commitdate)
                                                               Rows Removed by Filter: 4411341
                                                         ->  Parallel Hash  (cost=2991.15..2991.15 rows=2353 width=30) (actual time=9.058..9.061 rows=798 loops=5)
                                                               Buckets: 4096  Batches: 1  Memory Usage: 352kB
                                                               ->  Hash Join  (cost=1.32..2991.15 rows=2353 width=30) (actual time=0.050..8.056 rows=798 loops=5)
                                                                     Hash Cond: (supplier.s_nationkey = nation.n_nationkey)
                                                                     ->  Parallel Seq Scan on supplier  (cost=0.00..2809.24 rows=58824 width=34) (actual time=0.026..6.052 rows=20000 loops=5)
                                                                     ->  Hash  (cost=1.31..1.31 rows=1 width=4) (actual time=0.018..0.019 rows=1 loops=5)
                                                                           Buckets: 1024  Batches: 1  Memory Usage: 9kB
                                                                           ->  Seq Scan on nation  (cost=0.00..1.31 rows=1 width=4) (actual time=0.013..0.014 rows=1 loops=5)
                                                                                 Filter: (n_name = 'PERU'::bpchar)
                                                                                 Rows Removed by Filter: 24
                                       ->  Index Scan using idx_lineitem_orderkey on lineitem l3  (cost=0.56..3.64 rows=1 width=8) (actual time=0.008..0.008 rows=1 loops=730985)
                                             Index Cond: (l_orderkey = l1.l_orderkey)
                                             Filter: ((l_receiptdate > l_commitdate) AND (l_suppkey <> l1.l_suppkey))
                                             Rows Removed by Filter: 1
                     ->  Index Scan using idx_lineitem_orderkey on lineitem l2  (cost=0.56..3.62 rows=4 width=8) (actual time=0.006..0.006 rows=1 loops=65960)
                           Index Cond: (l_orderkey = orders.o_orderkey)
 Planning Time: 3.293 ms
 Execution Time: 6841.867 ms
(50 rows)

query 22 run 1
SET
SET
SET
                                                                          QUERY PLAN                                                                          
--------------------------------------------------------------------------------------------------------------------------------------------------------------
 Limit  (cost=93876.62..93878.15 rows=1 width=72) (actual time=1799.698..1805.996 rows=1 loops=1)
   InitPlan 1 (returns $1)
     ->  Finalize Aggregate  (cost=46820.92..46820.93 rows=1 width=32) (actual time=320.557..320.649 rows=1 loops=1)
           ->  Gather  (cost=46820.49..46820.90 rows=4 width=32) (actual time=316.669..320.635 rows=5 loops=1)
                 Workers Planned: 4
                 Workers Launched: 4
                 ->  Partial Aggregate  (cost=45820.49..45820.50 rows=1 width=32) (actual time=309.802..309.803 rows=1 loops=5)
                       ->  Parallel Seq Scan on customer customer_1  (cost=0.00..45790.62 rows=11946 width=6) (actual time=0.106..301.623 rows=76485 loops=5)
                             Filter: ((c_acctbal > 0.00) AND (SUBSTRING(c_phone FROM 1 FOR 2) = ANY ('{21,29,26,34,14,15,17}'::text[])))
                             Rows Removed by Filter: 223515
   ->  GroupAggregate  (cost=47055.69..59589.02 rows=8215 width=72) (actual time=1799.697..1805.901 rows=1 loops=1)
         Group Key: SUBSTRING(customer.c_phone FROM 1 FOR 2)
         ->  Nested Loop Anti Join  (cost=47055.69..59383.65 rows=8215 width=38) (actual time=495.318..1799.306 rows=9006 loops=1)
               ->  Gather Merge  (cost=47055.26..49150.61 rows=17500 width=26) (actual time=494.790..518.942 rows=27130 loops=1)
                     Workers Planned: 4
                     Params Evaluated: $1
                     Workers Launched: 3
                     ->  Sort  (cost=46055.20..46066.14 rows=4375 width=26) (actual time=170.821..171.743 rows=7601 loops=4)
                           Sort Key: (SUBSTRING(customer.c_phone FROM 1 FOR 2))
                           Sort Method: quicksort  Memory: 5383kB
                           Worker 0:  Sort Method: quicksort  Memory: 5254kB
                           Worker 1:  Sort Method: quicksort  Memory: 5229kB
                           Worker 2:  Sort Method: quicksort  Memory: 5212kB
                           ->  Parallel Seq Scan on customer  (cost=0.00..45790.62 rows=4375 width=26) (actual time=0.019..154.582 rows=47782 loops=4)
                                 Filter: ((c_acctbal > $1) AND (SUBSTRING(c_phone FROM 1 FOR 2) = ANY ('{21,29,26,34,14,15,17}'::text[])))
                                 Rows Removed by Filter: 327218
               ->  Index Only Scan using idx_orders_custkey on orders  (cost=0.43..2.19 rows=19 width=4) (actual time=0.046..0.046 rows=1 loops=27130)
                     Index Cond: (o_custkey = customer.c_custkey)
                     Heap Fetches: 0
 Planning Time: 15.572 ms
 Execution Time: 1806.069 ms
(31 rows)

SET
SET
SET
                                                                          QUERY PLAN                                                                          
--------------------------------------------------------------------------------------------------------------------------------------------------------------
 Limit  (cost=93876.62..93878.15 rows=1 width=72) (actual time=453.747..461.635 rows=1 loops=1)
   InitPlan 1 (returns $1)
     ->  Finalize Aggregate  (cost=46820.92..46820.93 rows=1 width=32) (actual time=209.795..209.885 rows=1 loops=1)
           ->  Gather  (cost=46820.49..46820.90 rows=4 width=32) (actual time=206.407..209.866 rows=5 loops=1)
                 Workers Planned: 4
                 Workers Launched: 4
                 ->  Partial Aggregate  (cost=45820.49..45820.50 rows=1 width=32) (actual time=201.542..201.543 rows=1 loops=5)
                       ->  Parallel Seq Scan on customer customer_1  (cost=0.00..45790.62 rows=11946 width=6) (actual time=0.020..192.718 rows=76485 loops=5)
                             Filter: ((c_acctbal > 0.00) AND (SUBSTRING(c_phone FROM 1 FOR 2) = ANY ('{21,29,26,34,14,15,17}'::text[])))
                             Rows Removed by Filter: 223515
   ->  GroupAggregate  (cost=47055.69..59589.02 rows=8215 width=72) (actual time=453.746..461.542 rows=1 loops=1)
         Group Key: SUBSTRING(customer.c_phone FROM 1 FOR 2)
         ->  Nested Loop Anti Join  (cost=47055.69..59383.65 rows=8215 width=38) (actual time=387.913..459.561 rows=9006 loops=1)
               ->  Gather Merge  (cost=47055.26..49150.61 rows=17500 width=26) (actual time=387.748..402.636 rows=27131 loops=1)
                     Workers Planned: 4
                     Params Evaluated: $1
                     Workers Launched: 4
                     ->  Sort  (cost=46055.20..46066.14 rows=4375 width=26) (actual time=169.165..169.739 rows=6249 loops=5)
                           Sort Key: (SUBSTRING(customer.c_phone FROM 1 FOR 2))
                           Sort Method: quicksort  Memory: 5389kB
                           Worker 0:  Sort Method: quicksort  Memory: 5325kB
                           Worker 1:  Sort Method: quicksort  Memory: 2522kB
                           Worker 2:  Sort Method: quicksort  Memory: 5020kB
                           Worker 3:  Sort Method: quicksort  Memory: 2822kB
                           ->  Parallel Seq Scan on customer  (cost=0.00..45790.62 rows=4375 width=26) (actual time=0.020..154.654 rows=38226 loops=5)
                                 Filter: ((c_acctbal > $1) AND (SUBSTRING(c_phone FROM 1 FOR 2) = ANY ('{21,29,26,34,14,15,17}'::text[])))
                                 Rows Removed by Filter: 261774
               ->  Index Only Scan using idx_orders_custkey on orders  (cost=0.43..2.19 rows=19 width=4) (actual time=0.002..0.002 rows=1 loops=27131)
                     Index Cond: (o_custkey = customer.c_custkey)
                     Heap Fetches: 0
 Planning Time: 1.204 ms
 Execution Time: 461.702 ms
(32 rows)

