query 1 run 1
SET
SET
SET
                                                               QUERY PLAN                                                                
-----------------------------------------------------------------------------------------------------------------------------------------
 Limit  (cost=424915.29..424915.29 rows=1 width=236) (actual time=7125.493..7125.494 rows=1 loops=1)
   ->  Sort  (cost=424915.29..424915.30 rows=6 width=236) (actual time=7125.492..7125.492 rows=1 loops=1)
         Sort Key: l_returnflag, l_linestatus
         Sort Method: top-N heapsort  Memory: 25kB
         ->  HashAggregate  (cost=424915.09..424915.26 rows=6 width=236) (actual time=7125.467..7125.475 rows=4 loops=1)
               Group Key: l_returnflag, l_linestatus
               ->  Seq Scan on lineitem  (cost=0.00..187572.85 rows=5933556 width=25) (actual time=0.349..1199.366 rows=5930957 loops=1)
                     Filter: (l_shipdate <= '1998-09-10 00:00:00'::timestamp without time zone)
                     Rows Removed by Filter: 70258
 Planning time: 11.312 ms
 Execution time: 7126.348 ms
(11 rows)

SET
SET
SET
                                                               QUERY PLAN                                                                
-----------------------------------------------------------------------------------------------------------------------------------------
 Limit  (cost=424915.29..424915.29 rows=1 width=236) (actual time=6881.034..6881.035 rows=1 loops=1)
   ->  Sort  (cost=424915.29..424915.30 rows=6 width=236) (actual time=6881.033..6881.034 rows=1 loops=1)
         Sort Key: l_returnflag, l_linestatus
         Sort Method: top-N heapsort  Memory: 25kB
         ->  HashAggregate  (cost=424915.09..424915.26 rows=6 width=236) (actual time=6881.009..6881.017 rows=4 loops=1)
               Group Key: l_returnflag, l_linestatus
               ->  Seq Scan on lineitem  (cost=0.00..187572.85 rows=5933556 width=25) (actual time=0.022..1005.753 rows=5930957 loops=1)
                     Filter: (l_shipdate <= '1998-09-10 00:00:00'::timestamp without time zone)
                     Rows Removed by Filter: 70258
 Planning time: 0.409 ms
 Execution time: 6881.089 ms
(11 rows)

query 2 run 1
SET
SET
SET
                                                                                       QUERY PLAN                                                                                        
-----------------------------------------------------------------------------------------------------------------------------------------------------------------------------------------
 Limit  (cost=66491.59..66491.60 rows=1 width=192) (actual time=606.923..606.937 rows=100 loops=1)
   ->  Sort  (cost=66491.59..66491.60 rows=1 width=192) (actual time=606.922..606.930 rows=100 loops=1)
         Sort Key: supplier.s_acctbal DESC, nation.n_name, supplier.s_name, part.p_partkey
         Sort Method: top-N heapsort  Memory: 68kB
         ->  Merge Join  (cost=44372.60..66491.58 rows=1 width=192) (actual time=419.604..606.436 rows=489 loops=1)
               Merge Cond: (part.p_partkey = partsupp.ps_partkey)
               Join Filter: (partsupp.ps_supplycost = (SubPlan 1))
               Rows Removed by Join Filter: 161
               ->  Index Scan using part_pkey on part  (cost=0.42..8926.42 rows=843 width=30) (actual time=0.012..78.210 rows=799 loops=1)
                     Filter: (((p_type)::text ~~ '%NICKEL'::text) AND (p_size = 16))
                     Rows Removed by Filter: 199201
               ->  Sort  (cost=44372.18..44772.18 rows=160000 width=172) (actual time=419.201..444.074 rows=162846 loops=1)
                     Sort Key: partsupp.ps_partkey
                     Sort Method: external sort  Disk: 30512kB
                     ->  Hash Join  (cost=408.01..30542.01 rows=160000 width=172) (actual time=5.562..304.406 rows=162880 loops=1)
                           Hash Cond: (partsupp.ps_suppkey = supplier.s_suppkey)
                           ->  Seq Scan on partsupp  (cost=0.00..25534.00 rows=800000 width=14) (actual time=0.003..190.272 rows=800000 loops=1)
                           ->  Hash  (cost=383.01..383.01 rows=2000 width=166) (actual time=5.555..5.556 rows=2036 loops=1)
                                 Buckets: 2048  Batches: 1  Memory Usage: 419kB
                                 ->  Hash Join  (cost=2.51..383.01 rows=2000 width=166) (actual time=0.016..4.935 rows=2036 loops=1)
                                       Hash Cond: (supplier.s_nationkey = nation.n_nationkey)
                                       ->  Seq Scan on supplier  (cost=0.00..323.00 rows=10000 width=144) (actual time=0.001..3.698 rows=10000 loops=1)
                                       ->  Hash  (cost=2.45..2.45 rows=5 width=30) (actual time=0.012..0.013 rows=5 loops=1)
                                             Buckets: 1024  Batches: 1  Memory Usage: 9kB
                                             ->  Hash Join  (cost=1.07..2.45 rows=5 width=30) (actual time=0.007..0.012 rows=5 loops=1)
                                                   Hash Cond: (nation.n_regionkey = region.r_regionkey)
                                                   ->  Seq Scan on nation  (cost=0.00..1.25 rows=25 width=34) (actual time=0.001..0.003 rows=25 loops=1)
                                                   ->  Hash  (cost=1.06..1.06 rows=1 width=4) (actual time=0.003..0.004 rows=1 loops=1)
                                                         Buckets: 1024  Batches: 1  Memory Usage: 9kB
                                                         ->  Seq Scan on region  (cost=0.00..1.06 rows=1 width=4) (actual time=0.002..0.002 rows=1 loops=1)
                                                               Filter: (r_name = 'AMERICA'::bpchar)
                                                               Rows Removed by Filter: 4
               SubPlan 1
                 ->  Aggregate  (cost=18.44..18.45 rows=1 width=32) (actual time=0.106..0.106 rows=1 loops=650)
                       ->  Nested Loop  (cost=0.85..18.44 rows=1 width=6) (actual time=0.094..0.104 rows=2 loops=650)
                             Join Filter: (nation_1.n_regionkey = region_1.r_regionkey)
                             Rows Removed by Join Filter: 2
                             ->  Seq Scan on region region_1  (cost=0.00..1.06 rows=1 width=4) (actual time=0.001..0.001 rows=1 loops=650)
                                   Filter: (r_name = 'AMERICA'::bpchar)
                                   Rows Removed by Filter: 4
                             ->  Nested Loop  (cost=0.85..17.33 rows=4 width=10) (actual time=0.088..0.101 rows=4 loops=650)
                                   ->  Nested Loop  (cost=0.71..16.71 rows=4 width=10) (actual time=0.087..0.097 rows=4 loops=650)
                                         ->  Index Scan using idx_partsupp_partkey on partsupp partsupp_1  (cost=0.42..3.50 rows=4 width=10) (actual time=0.084..0.085 rows=4 loops=650)
                                               Index Cond: (part.p_partkey = ps_partkey)
                                         ->  Index Scan using supplier_pkey on supplier supplier_1  (cost=0.29..3.30 rows=1 width=8) (actual time=0.002..0.002 rows=1 loops=2600)
                                               Index Cond: (s_suppkey = partsupp_1.ps_suppkey)
                                   ->  Index Scan using nation_pkey on nation nation_1  (cost=0.14..0.16 rows=1 width=8) (actual time=0.001..0.001 rows=1 loops=2600)
                                         Index Cond: (n_nationkey = supplier_1.s_nationkey)
 Planning time: 18.927 ms
 Execution time: 611.676 ms
(50 rows)

SET
SET
SET
                                                                                       QUERY PLAN                                                                                        
-----------------------------------------------------------------------------------------------------------------------------------------------------------------------------------------
 Limit  (cost=66491.59..66491.60 rows=1 width=192) (actual time=376.913..376.928 rows=100 loops=1)
   ->  Sort  (cost=66491.59..66491.60 rows=1 width=192) (actual time=376.912..376.921 rows=100 loops=1)
         Sort Key: supplier.s_acctbal DESC, nation.n_name, supplier.s_name, part.p_partkey
         Sort Method: top-N heapsort  Memory: 68kB
         ->  Merge Join  (cost=44372.60..66491.58 rows=1 width=192) (actual time=279.438..376.549 rows=489 loops=1)
               Merge Cond: (part.p_partkey = partsupp.ps_partkey)
               Join Filter: (partsupp.ps_supplycost = (SubPlan 1))
               Rows Removed by Join Filter: 161
               ->  Index Scan using part_pkey on part  (cost=0.42..8926.42 rows=843 width=30) (actual time=0.014..47.489 rows=799 loops=1)
                     Filter: (((p_type)::text ~~ '%NICKEL'::text) AND (p_size = 16))
                     Rows Removed by Filter: 199201
               ->  Sort  (cost=44372.18..44772.18 rows=160000 width=172) (actual time=279.353..303.605 rows=162846 loops=1)
                     Sort Key: partsupp.ps_partkey
                     Sort Method: external sort  Disk: 30512kB
                     ->  Hash Join  (cost=408.01..30542.01 rows=160000 width=172) (actual time=2.457..169.976 rows=162880 loops=1)
                           Hash Cond: (partsupp.ps_suppkey = supplier.s_suppkey)
                           ->  Seq Scan on partsupp  (cost=0.00..25534.00 rows=800000 width=14) (actual time=0.003..44.769 rows=800000 loops=1)
                           ->  Hash  (cost=383.01..383.01 rows=2000 width=166) (actual time=2.450..2.451 rows=2036 loops=1)
                                 Buckets: 2048  Batches: 1  Memory Usage: 419kB
                                 ->  Hash Join  (cost=2.51..383.01 rows=2000 width=166) (actual time=0.016..2.062 rows=2036 loops=1)
                                       Hash Cond: (supplier.s_nationkey = nation.n_nationkey)
                                       ->  Seq Scan on supplier  (cost=0.00..323.00 rows=10000 width=144) (actual time=0.001..0.589 rows=10000 loops=1)
                                       ->  Hash  (cost=2.45..2.45 rows=5 width=30) (actual time=0.013..0.014 rows=5 loops=1)
                                             Buckets: 1024  Batches: 1  Memory Usage: 9kB
                                             ->  Hash Join  (cost=1.07..2.45 rows=5 width=30) (actual time=0.007..0.013 rows=5 loops=1)
                                                   Hash Cond: (nation.n_regionkey = region.r_regionkey)
                                                   ->  Seq Scan on nation  (cost=0.00..1.25 rows=25 width=34) (actual time=0.001..0.003 rows=25 loops=1)
                                                   ->  Hash  (cost=1.06..1.06 rows=1 width=4) (actual time=0.004..0.004 rows=1 loops=1)
                                                         Buckets: 1024  Batches: 1  Memory Usage: 9kB
                                                         ->  Seq Scan on region  (cost=0.00..1.06 rows=1 width=4) (actual time=0.002..0.002 rows=1 loops=1)
                                                               Filter: (r_name = 'AMERICA'::bpchar)
                                                               Rows Removed by Filter: 4
               SubPlan 1
                 ->  Aggregate  (cost=18.44..18.45 rows=1 width=32) (actual time=0.017..0.017 rows=1 loops=650)
                       ->  Nested Loop  (cost=0.85..18.44 rows=1 width=6) (actual time=0.009..0.015 rows=2 loops=650)
                             Join Filter: (nation_1.n_regionkey = region_1.r_regionkey)
                             Rows Removed by Join Filter: 2
                             ->  Seq Scan on region region_1  (cost=0.00..1.06 rows=1 width=4) (actual time=0.001..0.001 rows=1 loops=650)
                                   Filter: (r_name = 'AMERICA'::bpchar)
                                   Rows Removed by Filter: 4
                             ->  Nested Loop  (cost=0.85..17.33 rows=4 width=10) (actual time=0.005..0.013 rows=4 loops=650)
                                   ->  Nested Loop  (cost=0.71..16.71 rows=4 width=10) (actual time=0.004..0.010 rows=4 loops=650)
                                         ->  Index Scan using idx_partsupp_partkey on partsupp partsupp_1  (cost=0.42..3.50 rows=4 width=10) (actual time=0.003..0.003 rows=4 loops=650)
                                               Index Cond: (part.p_partkey = ps_partkey)
                                         ->  Index Scan using supplier_pkey on supplier supplier_1  (cost=0.29..3.30 rows=1 width=8) (actual time=0.001..0.001 rows=1 loops=2600)
                                               Index Cond: (s_suppkey = partsupp_1.ps_suppkey)
                                   ->  Index Scan using nation_pkey on nation nation_1  (cost=0.14..0.16 rows=1 width=8) (actual time=0.001..0.001 rows=1 loops=2600)
                                         Index Cond: (n_nationkey = supplier_1.s_nationkey)
 Planning time: 1.594 ms
 Execution time: 380.984 ms
(50 rows)

query 3 run 1
SET
SET
SET
                                                                                      QUERY PLAN                                                                                      
--------------------------------------------------------------------------------------------------------------------------------------------------------------------------------------
 Limit  (cost=300688.49..300688.52 rows=10 width=44) (actual time=2104.550..2104.554 rows=10 loops=1)
   ->  Sort  (cost=300688.49..301467.45 rows=311583 width=44) (actual time=2104.550..2104.552 rows=10 loops=1)
         Sort Key: (sum((lineitem.l_extendedprice * ('1'::numeric - lineitem.l_discount)))) DESC, orders.o_orderdate
         Sort Method: top-N heapsort  Memory: 26kB
         ->  GroupAggregate  (cost=284607.81..293955.30 rows=311583 width=44) (actual time=2086.331..2102.625 rows=11612 loops=1)
               Group Key: lineitem.l_orderkey, orders.o_orderdate, orders.o_shippriority
               ->  Sort  (cost=284607.81..285386.76 rows=311583 width=24) (actual time=2086.318..2087.515 rows=30533 loops=1)
                     Sort Key: lineitem.l_orderkey, orders.o_orderdate, orders.o_shippriority
                     Sort Method: quicksort  Memory: 3154kB
                     ->  Hash Join  (cost=53280.35..256177.01 rows=311583 width=24) (actual time=706.224..2080.200 rows=30533 loops=1)
                           Hash Cond: (lineitem.l_orderkey = orders.o_orderkey)
                           ->  Seq Scan on lineitem  (cost=0.00..187572.85 rows=3255463 width=16) (actual time=0.010..1092.228 rows=3261873 loops=1)
                                 Filter: (l_shipdate > '1995-03-07'::date)
                                 Rows Removed by Filter: 2739342
                           ->  Hash  (cost=51485.46..51485.46 rows=143591 width=12) (actual time=704.890..704.891 rows=146063 loops=1)
                                 Buckets: 262144  Batches: 1  Memory Usage: 8325kB
                                 ->  Hash Join  (cost=14422.43..51485.46 rows=143591 width=12) (actual time=113.324..675.333 rows=146063 loops=1)
                                       Hash Cond: (orders.o_custkey = customer.c_custkey)
                                       ->  Bitmap Heap Scan on orders  (cost=8577.93..43743.62 rows=722775 width=16) (actual time=62.427..492.869 rows=722275 loops=1)
                                             Recheck Cond: (o_orderdate < '1995-03-07'::date)
                                             Heap Blocks: exact=26131
                                             ->  Bitmap Index Scan on idx_orders_orderdate  (cost=0.00..8397.24 rows=722775 width=0) (actual time=59.407..59.407 rows=722275 loops=1)
                                                   Index Cond: (o_orderdate < '1995-03-07'::date)
                                       ->  Hash  (cost=5472.00..5472.00 rows=29800 width=4) (actual time=50.815..50.816 rows=30142 loops=1)
                                             Buckets: 32768  Batches: 1  Memory Usage: 1316kB
                                             ->  Seq Scan on customer  (cost=0.00..5472.00 rows=29800 width=4) (actual time=0.006..46.563 rows=30142 loops=1)
                                                   Filter: (c_mktsegment = 'BUILDING'::bpchar)
                                                   Rows Removed by Filter: 119858
 Planning time: 18.158 ms
 Execution time: 2105.404 ms
(30 rows)

SET
SET
SET
                                                                                      QUERY PLAN                                                                                      
--------------------------------------------------------------------------------------------------------------------------------------------------------------------------------------
 Limit  (cost=300688.49..300688.52 rows=10 width=44) (actual time=1456.333..1456.337 rows=10 loops=1)
   ->  Sort  (cost=300688.49..301467.45 rows=311583 width=44) (actual time=1456.332..1456.335 rows=10 loops=1)
         Sort Key: (sum((lineitem.l_extendedprice * ('1'::numeric - lineitem.l_discount)))) DESC, orders.o_orderdate
         Sort Method: top-N heapsort  Memory: 26kB
         ->  GroupAggregate  (cost=284607.81..293955.30 rows=311583 width=44) (actual time=1438.134..1454.389 rows=11612 loops=1)
               Group Key: lineitem.l_orderkey, orders.o_orderdate, orders.o_shippriority
               ->  Sort  (cost=284607.81..285386.76 rows=311583 width=24) (actual time=1438.122..1439.322 rows=30533 loops=1)
                     Sort Key: lineitem.l_orderkey, orders.o_orderdate, orders.o_shippriority
                     Sort Method: quicksort  Memory: 3154kB
                     ->  Hash Join  (cost=53280.35..256177.01 rows=311583 width=24) (actual time=279.492..1432.147 rows=30533 loops=1)
                           Hash Cond: (lineitem.l_orderkey = orders.o_orderkey)
                           ->  Seq Scan on lineitem  (cost=0.00..187572.85 rows=3255463 width=16) (actual time=0.011..882.027 rows=3261873 loops=1)
                                 Filter: (l_shipdate > '1995-03-07'::date)
                                 Rows Removed by Filter: 2739342
                           ->  Hash  (cost=51485.46..51485.46 rows=143591 width=12) (actual time=278.988..278.990 rows=146063 loops=1)
                                 Buckets: 262144  Batches: 1  Memory Usage: 8325kB
                                 ->  Hash Join  (cost=14422.43..51485.46 rows=143591 width=12) (actual time=67.518..257.559 rows=146063 loops=1)
                                       Hash Cond: (orders.o_custkey = customer.c_custkey)
                                       ->  Bitmap Heap Scan on orders  (cost=8577.93..43743.62 rows=722775 width=16) (actual time=42.509..133.699 rows=722275 loops=1)
                                             Recheck Cond: (o_orderdate < '1995-03-07'::date)
                                             Heap Blocks: exact=26131
                                             ->  Bitmap Index Scan on idx_orders_orderdate  (cost=0.00..8397.24 rows=722775 width=0) (actual time=39.505..39.505 rows=722275 loops=1)
                                                   Index Cond: (o_orderdate < '1995-03-07'::date)
                                       ->  Hash  (cost=5472.00..5472.00 rows=29800 width=4) (actual time=24.766..24.766 rows=30142 loops=1)
                                             Buckets: 32768  Batches: 1  Memory Usage: 1316kB
                                             ->  Seq Scan on customer  (cost=0.00..5472.00 rows=29800 width=4) (actual time=0.008..21.653 rows=30142 loops=1)
                                                   Filter: (c_mktsegment = 'BUILDING'::bpchar)
                                                   Rows Removed by Filter: 119858
 Planning time: 0.811 ms
 Execution time: 1456.414 ms
(30 rows)

query 4 run 1
SET
SET
SET
                                                                          QUERY PLAN                                                                           
---------------------------------------------------------------------------------------------------------------------------------------------------------------
 Limit  (cost=189615.26..189615.26 rows=1 width=24) (actual time=2121.952..2121.954 rows=1 loops=1)
   ->  Sort  (cost=189615.26..189615.27 rows=5 width=24) (actual time=2121.951..2121.952 rows=1 loops=1)
         Sort Key: orders.o_orderpriority
         Sort Method: top-N heapsort  Memory: 25kB
         ->  HashAggregate  (cost=189615.19..189615.24 rows=5 width=24) (actual time=2121.922..2121.924 rows=5 loops=1)
               Group Key: orders.o_orderpriority
               ->  Nested Loop Semi Join  (cost=822.07..189329.48 rows=57142 width=16) (actual time=10.976..2095.455 rows=51398 loops=1)
                     ->  Bitmap Heap Scan on orders  (cost=821.63..27809.76 rows=57142 width=20) (actual time=10.917..554.371 rows=55973 loops=1)
                           Recheck Cond: ((o_orderdate >= '1993-12-01'::date) AND (o_orderdate < '1994-03-01'::date))
                           Heap Blocks: exact=23186
                           ->  Bitmap Index Scan on idx_orders_orderdate  (cost=0.00..807.35 rows=57142 width=0) (actual time=8.259..8.260 rows=55973 loops=1)
                                 Index Cond: ((o_orderdate >= '1993-12-01'::date) AND (o_orderdate < '1994-03-01'::date))
                     ->  Index Scan using idx_lineitem_orderkey on lineitem  (cost=0.43..3.22 rows=1 width=4) (actual time=0.027..0.027 rows=1 loops=55973)
                           Index Cond: (l_orderkey = orders.o_orderkey)
                           Filter: (l_commitdate < l_receiptdate)
                           Rows Removed by Filter: 1
 Planning time: 12.615 ms
 Execution time: 2122.790 ms
(18 rows)

SET
SET
SET
                                                                          QUERY PLAN                                                                           
---------------------------------------------------------------------------------------------------------------------------------------------------------------
 Limit  (cost=189615.26..189615.26 rows=1 width=24) (actual time=201.587..201.588 rows=1 loops=1)
   ->  Sort  (cost=189615.26..189615.27 rows=5 width=24) (actual time=201.586..201.587 rows=1 loops=1)
         Sort Key: orders.o_orderpriority
         Sort Method: top-N heapsort  Memory: 25kB
         ->  HashAggregate  (cost=189615.19..189615.24 rows=5 width=24) (actual time=201.550..201.552 rows=5 loops=1)
               Group Key: orders.o_orderpriority
               ->  Nested Loop Semi Join  (cost=822.07..189329.48 rows=57142 width=16) (actual time=7.559..188.965 rows=51398 loops=1)
                     ->  Bitmap Heap Scan on orders  (cost=821.63..27809.76 rows=57142 width=20) (actual time=7.539..40.178 rows=55973 loops=1)
                           Recheck Cond: ((o_orderdate >= '1993-12-01'::date) AND (o_orderdate < '1994-03-01'::date))
                           Heap Blocks: exact=23186
                           ->  Bitmap Index Scan on idx_orders_orderdate  (cost=0.00..807.35 rows=57142 width=0) (actual time=4.793..4.793 rows=55973 loops=1)
                                 Index Cond: ((o_orderdate >= '1993-12-01'::date) AND (o_orderdate < '1994-03-01'::date))
                     ->  Index Scan using idx_lineitem_orderkey on lineitem  (cost=0.43..3.22 rows=1 width=4) (actual time=0.002..0.002 rows=1 loops=55973)
                           Index Cond: (l_orderkey = orders.o_orderkey)
                           Filter: (l_commitdate < l_receiptdate)
                           Rows Removed by Filter: 1
 Planning time: 0.725 ms
 Execution time: 201.686 ms
(18 rows)

query 5 run 1
SET
SET
SET
                                                                                      QUERY PLAN                                                                                      
--------------------------------------------------------------------------------------------------------------------------------------------------------------------------------------
 Limit  (cost=187848.12..187848.13 rows=1 width=58) (actual time=2308.902..2308.906 rows=1 loops=1)
   ->  Sort  (cost=187848.12..187848.19 rows=25 width=58) (actual time=2308.901..2308.905 rows=1 loops=1)
         Sort Key: (sum((lineitem.l_extendedprice * ('1'::numeric - lineitem.l_discount)))) DESC
         Sort Method: top-N heapsort  Memory: 25kB
         ->  GroupAggregate  (cost=187757.94..187848.00 rows=25 width=58) (actual time=2306.383..2308.889 rows=5 loops=1)
               Group Key: nation.n_name
               ->  Sort  (cost=187757.94..187775.89 rows=7180 width=38) (actual time=2305.753..2306.033 rows=7540 loops=1)
                     Sort Key: nation.n_name
                     Sort Method: quicksort  Memory: 782kB
                     ->  Hash Join  (cost=10039.57..187298.07 rows=7180 width=38) (actual time=91.841..2301.133 rows=7540 loops=1)
                           Hash Cond: ((lineitem.l_suppkey = supplier.s_suppkey) AND (customer.c_nationkey = supplier.s_nationkey))
                           ->  Nested Loop  (cost=9566.57..185881.30 rows=179762 width=50) (actual time=86.129..2258.538 rows=182435 loops=1)
                                 ->  Hash Join  (cost=9566.14..40359.73 rows=44941 width=38) (actual time=86.066..732.458 rows=45297 loops=1)
                                       Hash Cond: (orders.o_custkey = customer.c_custkey)
                                       ->  Bitmap Heap Scan on orders  (cost=3229.13..32730.68 rows=224703 width=8) (actual time=26.427..607.164 rows=226645 loops=1)
                                             Recheck Cond: ((o_orderdate >= '1993-01-01'::date) AND (o_orderdate < '1994-01-01'::date))
                                             Heap Blocks: exact=26127
                                             ->  Bitmap Index Scan on idx_orders_orderdate  (cost=0.00..3172.96 rows=224703 width=0) (actual time=23.424..23.424 rows=226645 loops=1)
                                                   Index Cond: ((o_orderdate >= '1993-01-01'::date) AND (o_orderdate < '1994-01-01'::date))
                                       ->  Hash  (cost=5962.01..5962.01 rows=30000 width=38) (actual time=59.591..59.592 rows=29952 loops=1)
                                             Buckets: 32768  Batches: 1  Memory Usage: 2362kB
                                             ->  Hash Join  (cost=2.51..5962.01 rows=30000 width=38) (actual time=0.030..54.583 rows=29952 loops=1)
                                                   Hash Cond: (customer.c_nationkey = nation.n_nationkey)
                                                   ->  Seq Scan on customer  (cost=0.00..5097.00 rows=150000 width=8) (actual time=0.006..37.868 rows=150000 loops=1)
                                                   ->  Hash  (cost=2.45..2.45 rows=5 width=30) (actual time=0.019..0.020 rows=5 loops=1)
                                                         Buckets: 1024  Batches: 1  Memory Usage: 9kB
                                                         ->  Hash Join  (cost=1.07..2.45 rows=5 width=30) (actual time=0.014..0.019 rows=5 loops=1)
                                                               Hash Cond: (nation.n_regionkey = region.r_regionkey)
                                                               ->  Seq Scan on nation  (cost=0.00..1.25 rows=25 width=34) (actual time=0.002..0.003 rows=25 loops=1)
                                                               ->  Hash  (cost=1.06..1.06 rows=1 width=4) (actual time=0.008..0.008 rows=1 loops=1)
                                                                     Buckets: 1024  Batches: 1  Memory Usage: 9kB
                                                                     ->  Seq Scan on region  (cost=0.00..1.06 rows=1 width=4) (actual time=0.005..0.006 rows=1 loops=1)
                                                                           Filter: (r_name = 'AMERICA'::bpchar)
                                                                           Rows Removed by Filter: 4
                                 ->  Index Scan using idx_lineitem_orderkey on lineitem  (cost=0.43..3.20 rows=4 width=20) (actual time=0.031..0.033 rows=4 loops=45297)
                                       Index Cond: (l_orderkey = orders.o_orderkey)
                           ->  Hash  (cost=323.00..323.00 rows=10000 width=8) (actual time=5.664..5.664 rows=10000 loops=1)
                                 Buckets: 16384  Batches: 1  Memory Usage: 519kB
                                 ->  Seq Scan on supplier  (cost=0.00..323.00 rows=10000 width=8) (actual time=0.004..4.473 rows=10000 loops=1)
 Planning time: 22.788 ms
 Execution time: 2308.988 ms
(41 rows)

SET
SET
SET
                                                                                      QUERY PLAN                                                                                      
--------------------------------------------------------------------------------------------------------------------------------------------------------------------------------------
 Limit  (cost=187848.12..187848.13 rows=1 width=58) (actual time=336.232..336.235 rows=1 loops=1)
   ->  Sort  (cost=187848.12..187848.19 rows=25 width=58) (actual time=336.231..336.234 rows=1 loops=1)
         Sort Key: (sum((lineitem.l_extendedprice * ('1'::numeric - lineitem.l_discount)))) DESC
         Sort Method: top-N heapsort  Memory: 25kB
         ->  GroupAggregate  (cost=187757.94..187848.00 rows=25 width=58) (actual time=333.753..336.218 rows=5 loops=1)
               Group Key: nation.n_name
               ->  Sort  (cost=187757.94..187775.89 rows=7180 width=38) (actual time=333.138..333.416 rows=7540 loops=1)
                     Sort Key: nation.n_name
                     Sort Method: quicksort  Memory: 782kB
                     ->  Hash Join  (cost=10039.57..187298.07 rows=7180 width=38) (actual time=54.028..330.419 rows=7540 loops=1)
                           Hash Cond: ((lineitem.l_suppkey = supplier.s_suppkey) AND (customer.c_nationkey = supplier.s_nationkey))
                           ->  Nested Loop  (cost=9566.57..185881.30 rows=179762 width=50) (actual time=51.434..307.124 rows=182435 loops=1)
                                 ->  Hash Join  (cost=9566.14..40359.73 rows=44941 width=38) (actual time=51.419..146.618 rows=45297 loops=1)
                                       Hash Cond: (orders.o_custkey = customer.c_custkey)
                                       ->  Bitmap Heap Scan on orders  (cost=3229.13..32730.68 rows=224703 width=8) (actual time=18.025..71.473 rows=226645 loops=1)
                                             Recheck Cond: ((o_orderdate >= '1993-01-01'::date) AND (o_orderdate < '1994-01-01'::date))
                                             Heap Blocks: exact=26127
                                             ->  Bitmap Index Scan on idx_orders_orderdate  (cost=0.00..3172.96 rows=224703 width=0) (actual time=15.084..15.085 rows=226645 loops=1)
                                                   Index Cond: ((o_orderdate >= '1993-01-01'::date) AND (o_orderdate < '1994-01-01'::date))
                                       ->  Hash  (cost=5962.01..5962.01 rows=30000 width=38) (actual time=33.356..33.358 rows=29952 loops=1)
                                             Buckets: 32768  Batches: 1  Memory Usage: 2362kB
                                             ->  Hash Join  (cost=2.51..5962.01 rows=30000 width=38) (actual time=0.030..29.235 rows=29952 loops=1)
                                                   Hash Cond: (customer.c_nationkey = nation.n_nationkey)
                                                   ->  Seq Scan on customer  (cost=0.00..5097.00 rows=150000 width=8) (actual time=0.007..8.473 rows=150000 loops=1)
                                                   ->  Hash  (cost=2.45..2.45 rows=5 width=30) (actual time=0.019..0.020 rows=5 loops=1)
                                                         Buckets: 1024  Batches: 1  Memory Usage: 9kB
                                                         ->  Hash Join  (cost=1.07..2.45 rows=5 width=30) (actual time=0.013..0.018 rows=5 loops=1)
                                                               Hash Cond: (nation.n_regionkey = region.r_regionkey)
                                                               ->  Seq Scan on nation  (cost=0.00..1.25 rows=25 width=34) (actual time=0.002..0.003 rows=25 loops=1)
                                                               ->  Hash  (cost=1.06..1.06 rows=1 width=4) (actual time=0.007..0.008 rows=1 loops=1)
                                                                     Buckets: 1024  Batches: 1  Memory Usage: 9kB
                                                                     ->  Seq Scan on region  (cost=0.00..1.06 rows=1 width=4) (actual time=0.004..0.006 rows=1 loops=1)
                                                                           Filter: (r_name = 'AMERICA'::bpchar)
                                                                           Rows Removed by Filter: 4
                                 ->  Index Scan using idx_lineitem_orderkey on lineitem  (cost=0.43..3.20 rows=4 width=20) (actual time=0.002..0.003 rows=4 loops=45297)
                                       Index Cond: (l_orderkey = orders.o_orderkey)
                           ->  Hash  (cost=323.00..323.00 rows=10000 width=8) (actual time=2.573..2.574 rows=10000 loops=1)
                                 Buckets: 16384  Batches: 1  Memory Usage: 519kB
                                 ->  Seq Scan on supplier  (cost=0.00..323.00 rows=10000 width=8) (actual time=0.005..1.429 rows=10000 loops=1)
 Planning time: 2.874 ms
 Execution time: 336.318 ms
(41 rows)

query 6 run 1
SET
SET
SET
                                                                                                          QUERY PLAN                                                                                                           
-------------------------------------------------------------------------------------------------------------------------------------------------------------------------------------------------------------------------------
 Limit  (cost=109479.31..109479.32 rows=1 width=32) (actual time=1264.413..1264.414 rows=1 loops=1)
   ->  Aggregate  (cost=109479.31..109479.32 rows=1 width=32) (actual time=1264.412..1264.412 rows=1 loops=1)
         ->  Bitmap Heap Scan on lineitem  (cost=21491.39..108880.41 rows=119780 width=12) (actual time=134.082..1197.663 rows=119208 loops=1)
               Recheck Cond: ((l_shipdate >= '1993-01-01'::date) AND (l_shipdate < '1994-01-01 00:00:00'::timestamp without time zone) AND (l_discount >= 0.06) AND (l_discount <= 0.08) AND (l_quantity < '25'::numeric))
               Heap Blocks: exact=66143
               ->  Bitmap Index Scan on idx_lineitem_shipdate  (cost=0.00..21461.44 rows=119780 width=0) (actual time=124.648..124.648 rows=119208 loops=1)
                     Index Cond: ((l_shipdate >= '1993-01-01'::date) AND (l_shipdate < '1994-01-01 00:00:00'::timestamp without time zone) AND (l_discount >= 0.06) AND (l_discount <= 0.08) AND (l_quantity < '25'::numeric))
 Planning time: 10.809 ms
 Execution time: 1265.025 ms
(9 rows)

SET
SET
SET
                                                                                                          QUERY PLAN                                                                                                           
-------------------------------------------------------------------------------------------------------------------------------------------------------------------------------------------------------------------------------
 Limit  (cost=109479.31..109479.32 rows=1 width=32) (actual time=214.395..214.397 rows=1 loops=1)
   ->  Aggregate  (cost=109479.31..109479.32 rows=1 width=32) (actual time=214.394..214.395 rows=1 loops=1)
         ->  Bitmap Heap Scan on lineitem  (cost=21491.39..108880.41 rows=119780 width=12) (actual time=102.834..180.111 rows=119208 loops=1)
               Recheck Cond: ((l_shipdate >= '1993-01-01'::date) AND (l_shipdate < '1994-01-01 00:00:00'::timestamp without time zone) AND (l_discount >= 0.06) AND (l_discount <= 0.08) AND (l_quantity < '25'::numeric))
               Heap Blocks: exact=66143
               ->  Bitmap Index Scan on idx_lineitem_shipdate  (cost=0.00..21461.44 rows=119780 width=0) (actual time=93.886..93.886 rows=119208 loops=1)
                     Index Cond: ((l_shipdate >= '1993-01-01'::date) AND (l_shipdate < '1994-01-01 00:00:00'::timestamp without time zone) AND (l_discount >= 0.06) AND (l_discount <= 0.08) AND (l_quantity < '25'::numeric))
 Planning time: 0.426 ms
 Execution time: 214.472 ms
(9 rows)

query 7 run 1
SET
SET
SET
                                                                                   QUERY PLAN                                                                                   
--------------------------------------------------------------------------------------------------------------------------------------------------------------------------------
 Limit  (cost=234436.63..234436.66 rows=1 width=92) (actual time=3196.439..3196.444 rows=1 loops=1)
   ->  GroupAggregate  (cost=234436.63..234649.64 rows=6086 width=92) (actual time=3196.439..3196.443 rows=1 loops=1)
         Group Key: n1.n_name, n2.n_name, (date_part('year'::text, (lineitem.l_shipdate)::timestamp without time zone))
         ->  Sort  (cost=234436.63..234451.84 rows=6086 width=72) (actual time=3195.756..3195.812 rows=1359 loops=1)
               Sort Key: n1.n_name, n2.n_name, (date_part('year'::text, (lineitem.l_shipdate)::timestamp without time zone))
               Sort Method: quicksort  Memory: 998kB
               ->  Hash Join  (cost=84881.03..234054.09 rows=6086 width=72) (actual time=751.760..3191.703 rows=5729 loops=1)
                     Hash Cond: (lineitem.l_orderkey = orders.o_orderkey)
                     Join Filter: (((n1.n_name = 'PERU'::bpchar) AND (n2.n_name = 'MOROCCO'::bpchar)) OR ((n1.n_name = 'MOROCCO'::bpchar) AND (n2.n_name = 'PERU'::bpchar)))
                     Rows Removed by Join Filter: 5827
                     ->  Hash Join  (cost=29716.13..178076.24 rows=146272 width=46) (actual time=216.730..2622.434 rows=144718 loops=1)
                           Hash Cond: (lineitem.l_suppkey = supplier.s_suppkey)
                           ->  Bitmap Heap Scan on lineitem  (cost=29351.03..169380.94 rows=1831327 width=24) (actual time=211.242..2400.020 rows=1828450 loops=1)
                                 Recheck Cond: ((l_shipdate >= '1995-01-01'::date) AND (l_shipdate <= '1996-12-31'::date))
                                 Heap Blocks: exact=112061
                                 ->  Bitmap Index Scan on idx_lineitem_shipdate  (cost=0.00..28893.20 rows=1831327 width=0) (actual time=194.045..194.045 rows=1828450 loops=1)
                                       Index Cond: ((l_shipdate >= '1995-01-01'::date) AND (l_shipdate <= '1996-12-31'::date))
                           ->  Hash  (cost=355.10..355.10 rows=800 width=30) (actual time=5.360..5.361 rows=794 loops=1)
                                 Buckets: 1024  Batches: 1  Memory Usage: 57kB
                                 ->  Hash Join  (cost=1.40..355.10 rows=800 width=30) (actual time=0.015..5.239 rows=794 loops=1)
                                       Hash Cond: (supplier.s_nationkey = n1.n_nationkey)
                                       ->  Seq Scan on supplier  (cost=0.00..323.00 rows=10000 width=8) (actual time=0.003..4.258 rows=10000 loops=1)
                                       ->  Hash  (cost=1.38..1.38 rows=2 width=30) (actual time=0.009..0.009 rows=2 loops=1)
                                             Buckets: 1024  Batches: 1  Memory Usage: 9kB
                                             ->  Seq Scan on nation n1  (cost=0.00..1.38 rows=2 width=30) (actual time=0.006..0.007 rows=2 loops=1)
                                                   Filter: ((n_name = 'PERU'::bpchar) OR (n_name = 'MOROCCO'::bpchar))
                                                   Rows Removed by Filter: 23
                     ->  Hash  (cost=53664.90..53664.90 rows=120000 width=30) (actual time=534.455..534.457 rows=118477 loops=1)
                           Buckets: 131072  Batches: 1  Memory Usage: 8198kB
                           ->  Hash Join  (cost=5708.90..53664.90 rows=120000 width=30) (actual time=54.430..511.620 rows=118477 loops=1)
                                 Hash Cond: (orders.o_custkey = customer.c_custkey)
                                 ->  Seq Scan on orders  (cost=0.00..41131.00 rows=1500000 width=8) (actual time=0.006..288.017 rows=1500000 loops=1)
                                 ->  Hash  (cost=5558.90..5558.90 rows=12000 width=30) (actual time=54.410..54.411 rows=11896 loops=1)
                                       Buckets: 16384  Batches: 1  Memory Usage: 849kB
                                       ->  Hash Join  (cost=1.40..5558.90 rows=12000 width=30) (actual time=0.016..52.154 rows=11896 loops=1)
                                             Hash Cond: (customer.c_nationkey = n2.n_nationkey)
                                             ->  Seq Scan on customer  (cost=0.00..5097.00 rows=150000 width=8) (actual time=0.002..37.749 rows=150000 loops=1)
                                             ->  Hash  (cost=1.38..1.38 rows=2 width=30) (actual time=0.011..0.011 rows=2 loops=1)
                                                   Buckets: 1024  Batches: 1  Memory Usage: 9kB
                                                   ->  Seq Scan on nation n2  (cost=0.00..1.38 rows=2 width=30) (actual time=0.006..0.008 rows=2 loops=1)
                                                         Filter: ((n_name = 'MOROCCO'::bpchar) OR (n_name = 'PERU'::bpchar))
                                                         Rows Removed by Filter: 23
 Planning time: 23.674 ms
 Execution time: 3196.571 ms
(44 rows)

SET
SET
SET
                                                                                   QUERY PLAN                                                                                   
--------------------------------------------------------------------------------------------------------------------------------------------------------------------------------
 Limit  (cost=234436.63..234436.66 rows=1 width=92) (actual time=922.719..922.723 rows=1 loops=1)
   ->  GroupAggregate  (cost=234436.63..234649.64 rows=6086 width=92) (actual time=922.718..922.722 rows=1 loops=1)
         Group Key: n1.n_name, n2.n_name, (date_part('year'::text, (lineitem.l_shipdate)::timestamp without time zone))
         ->  Sort  (cost=234436.63..234451.84 rows=6086 width=72) (actual time=922.074..922.127 rows=1359 loops=1)
               Sort Key: n1.n_name, n2.n_name, (date_part('year'::text, (lineitem.l_shipdate)::timestamp without time zone))
               Sort Method: quicksort  Memory: 998kB
               ->  Hash Join  (cost=84881.03..234054.09 rows=6086 width=72) (actual time=444.853..919.474 rows=5729 loops=1)
                     Hash Cond: (lineitem.l_orderkey = orders.o_orderkey)
                     Join Filter: (((n1.n_name = 'PERU'::bpchar) AND (n2.n_name = 'MOROCCO'::bpchar)) OR ((n1.n_name = 'MOROCCO'::bpchar) AND (n2.n_name = 'PERU'::bpchar)))
                     Rows Removed by Join Filter: 5827
                     ->  Hash Join  (cost=29716.13..178076.24 rows=146272 width=46) (actual time=147.467..594.576 rows=144718 loops=1)
                           Hash Cond: (lineitem.l_suppkey = supplier.s_suppkey)
                           ->  Bitmap Heap Scan on lineitem  (cost=29351.03..169380.94 rows=1831327 width=24) (actual time=145.474..408.737 rows=1828450 loops=1)
                                 Recheck Cond: ((l_shipdate >= '1995-01-01'::date) AND (l_shipdate <= '1996-12-31'::date))
                                 Heap Blocks: exact=112061
                                 ->  Bitmap Index Scan on idx_lineitem_shipdate  (cost=0.00..28893.20 rows=1831327 width=0) (actual time=128.308..128.309 rows=1828450 loops=1)
                                       Index Cond: ((l_shipdate >= '1995-01-01'::date) AND (l_shipdate <= '1996-12-31'::date))
                           ->  Hash  (cost=355.10..355.10 rows=800 width=30) (actual time=1.930..1.931 rows=794 loops=1)
                                 Buckets: 1024  Batches: 1  Memory Usage: 57kB
                                 ->  Hash Join  (cost=1.40..355.10 rows=800 width=30) (actual time=0.014..1.836 rows=794 loops=1)
                                       Hash Cond: (supplier.s_nationkey = n1.n_nationkey)
                                       ->  Seq Scan on supplier  (cost=0.00..323.00 rows=10000 width=8) (actual time=0.003..0.579 rows=10000 loops=1)
                                       ->  Hash  (cost=1.38..1.38 rows=2 width=30) (actual time=0.009..0.009 rows=2 loops=1)
                                             Buckets: 1024  Batches: 1  Memory Usage: 9kB
                                             ->  Seq Scan on nation n1  (cost=0.00..1.38 rows=2 width=30) (actual time=0.005..0.007 rows=2 loops=1)
                                                   Filter: ((n_name = 'PERU'::bpchar) OR (n_name = 'MOROCCO'::bpchar))
                                                   Rows Removed by Filter: 23
                     ->  Hash  (cost=53664.90..53664.90 rows=120000 width=30) (actual time=297.218..297.220 rows=118477 loops=1)
                           Buckets: 131072  Batches: 1  Memory Usage: 8198kB
                           ->  Hash Join  (cost=5708.90..53664.90 rows=120000 width=30) (actual time=27.811..279.273 rows=118477 loops=1)
                                 Hash Cond: (orders.o_custkey = customer.c_custkey)
                                 ->  Seq Scan on orders  (cost=0.00..41131.00 rows=1500000 width=8) (actual time=0.006..77.993 rows=1500000 loops=1)
                                 ->  Hash  (cost=5558.90..5558.90 rows=12000 width=30) (actual time=27.792..27.793 rows=11896 loops=1)
                                       Buckets: 16384  Batches: 1  Memory Usage: 849kB
                                       ->  Hash Join  (cost=1.40..5558.90 rows=12000 width=30) (actual time=0.015..26.339 rows=11896 loops=1)
                                             Hash Cond: (customer.c_nationkey = n2.n_nationkey)
                                             ->  Seq Scan on customer  (cost=0.00..5097.00 rows=150000 width=8) (actual time=0.002..8.182 rows=150000 loops=1)
                                             ->  Hash  (cost=1.38..1.38 rows=2 width=30) (actual time=0.010..0.010 rows=2 loops=1)
                                                   Buckets: 1024  Batches: 1  Memory Usage: 9kB
                                                   ->  Seq Scan on nation n2  (cost=0.00..1.38 rows=2 width=30) (actual time=0.005..0.008 rows=2 loops=1)
                                                         Filter: ((n_name = 'MOROCCO'::bpchar) OR (n_name = 'PERU'::bpchar))
                                                         Rows Removed by Filter: 23
 Planning time: 2.242 ms
 Execution time: 922.821 ms
(44 rows)

query 8 run 1
SET
SET
SET
                                                                                         QUERY PLAN                                                                                         
--------------------------------------------------------------------------------------------------------------------------------------------------------------------------------------------
 Limit  (cost=118422.30..118422.34 rows=1 width=40) (actual time=6307.013..6307.018 rows=1 loops=1)
   ->  GroupAggregate  (cost=118422.30..118531.83 rows=2406 width=40) (actual time=6307.012..6307.017 rows=1 loops=1)
         Group Key: (date_part('year'::text, (orders.o_orderdate)::timestamp without time zone))
         ->  Sort  (cost=118422.30..118428.45 rows=2462 width=46) (actual time=6306.426..6306.482 rows=1235 loops=1)
               Sort Key: (date_part('year'::text, (orders.o_orderdate)::timestamp without time zone))
               Sort Method: quicksort  Memory: 291kB
               ->  Nested Loop  (cost=50311.72..118283.62 rows=2462 width=46) (actual time=695.742..6304.202 rows=2485 loops=1)
                     Join Filter: (supplier.s_nationkey = n2.n_nationkey)
                     Rows Removed by Join Filter: 29943
                     ->  Hash Join  (cost=50311.72..117380.67 rows=2462 width=20) (actual time=694.942..6293.760 rows=2485 loops=1)
                           Hash Cond: (lineitem.l_suppkey = supplier.s_suppkey)
                           ->  Hash Join  (cost=49863.72..116926.20 rows=2466 width=20) (actual time=689.183..6286.509 rows=2485 loops=1)
                                 Hash Cond: (lineitem.l_orderkey = orders.o_orderkey)
                                 ->  Nested Loop  (cost=0.43..66888.26 rows=39997 width=20) (actual time=0.974..5579.155 rows=39694 loops=1)
                                       ->  Seq Scan on part  (cost=0.00..6599.00 rows=1333 width=4) (actual time=0.587..66.718 rows=1320 loops=1)
                                             Filter: ((p_type)::text = 'LARGE POLISHED BRASS'::text)
                                             Rows Removed by Filter: 198680
                                       ->  Index Scan using idx_lineitem_part_supp on lineitem  (cost=0.43..44.92 rows=31 width=24) (actual time=0.305..4.159 rows=30 loops=1320)
                                             Index Cond: (l_partkey = part.p_partkey)
                                 ->  Hash  (cost=48707.21..48707.21 rows=92486 width=8) (actual time=685.288..685.291 rows=91179 loops=1)
                                       Buckets: 131072  Batches: 1  Memory Usage: 4586kB
                                       ->  Hash Join  (cost=12980.82..48707.21 rows=92486 width=8) (actual time=104.575..666.181 rows=91179 loops=1)
                                             Hash Cond: (orders.o_custkey = customer.c_custkey)
                                             ->  Bitmap Heap Scan on orders  (cost=6643.81..39711.23 rows=462428 width=12) (actual time=45.609..516.039 rows=457263 loops=1)
                                                   Recheck Cond: ((o_orderdate >= '1995-01-01'::date) AND (o_orderdate <= '1996-12-31'::date))
                                                   Heap Blocks: exact=26131
                                                   ->  Bitmap Index Scan on idx_orders_orderdate  (cost=0.00..6528.21 rows=462428 width=0) (actual time=42.638..42.638 rows=457263 loops=1)
                                                         Index Cond: ((o_orderdate >= '1995-01-01'::date) AND (o_orderdate <= '1996-12-31'::date))
                                             ->  Hash  (cost=5962.01..5962.01 rows=30000 width=4) (actual time=58.897..58.899 rows=29952 loops=1)
                                                   Buckets: 32768  Batches: 1  Memory Usage: 1309kB
                                                   ->  Hash Join  (cost=2.51..5962.01 rows=30000 width=4) (actual time=0.022..54.653 rows=29952 loops=1)
                                                         Hash Cond: (customer.c_nationkey = n1.n_nationkey)
                                                         ->  Seq Scan on customer  (cost=0.00..5097.00 rows=150000 width=8) (actual time=0.003..38.518 rows=150000 loops=1)
                                                         ->  Hash  (cost=2.45..2.45 rows=5 width=4) (actual time=0.016..0.017 rows=5 loops=1)
                                                               Buckets: 1024  Batches: 1  Memory Usage: 9kB
                                                               ->  Hash Join  (cost=1.07..2.45 rows=5 width=4) (actual time=0.011..0.016 rows=5 loops=1)
                                                                     Hash Cond: (n1.n_regionkey = region.r_regionkey)
                                                                     ->  Seq Scan on nation n1  (cost=0.00..1.25 rows=25 width=8) (actual time=0.002..0.004 rows=25 loops=1)
                                                                     ->  Hash  (cost=1.06..1.06 rows=1 width=4) (actual time=0.005..0.005 rows=1 loops=1)
                                                                           Buckets: 1024  Batches: 1  Memory Usage: 9kB
                                                                           ->  Seq Scan on region  (cost=0.00..1.06 rows=1 width=4) (actual time=0.003..0.004 rows=1 loops=1)
                                                                                 Filter: (r_name = 'AMERICA'::bpchar)
                                                                                 Rows Removed by Filter: 4
                           ->  Hash  (cost=323.00..323.00 rows=10000 width=8) (actual time=5.536..5.536 rows=10000 loops=1)
                                 Buckets: 16384  Batches: 1  Memory Usage: 519kB
                                 ->  Seq Scan on supplier  (cost=0.00..323.00 rows=10000 width=8) (actual time=0.005..4.468 rows=10000 loops=1)
                     ->  Materialize  (cost=0.00..1.38 rows=25 width=30) (actual time=0.000..0.001 rows=13 loops=2485)
                           ->  Seq Scan on nation n2  (cost=0.00..1.25 rows=25 width=30) (actual time=0.009..0.016 rows=25 loops=1)
 Planning time: 24.060 ms
 Execution time: 6307.835 ms
(50 rows)

SET
SET
SET
                                                                                         QUERY PLAN                                                                                         
--------------------------------------------------------------------------------------------------------------------------------------------------------------------------------------------
 Limit  (cost=118422.30..118422.34 rows=1 width=40) (actual time=286.510..286.515 rows=1 loops=1)
   ->  GroupAggregate  (cost=118422.30..118531.83 rows=2406 width=40) (actual time=286.509..286.514 rows=1 loops=1)
         Group Key: (date_part('year'::text, (orders.o_orderdate)::timestamp without time zone))
         ->  Sort  (cost=118422.30..118428.45 rows=2462 width=46) (actual time=285.942..285.996 rows=1235 loops=1)
               Sort Key: (date_part('year'::text, (orders.o_orderdate)::timestamp without time zone))
               Sort Method: quicksort  Memory: 291kB
               ->  Nested Loop  (cost=50311.72..118283.62 rows=2462 width=46) (actual time=210.117..285.311 rows=2485 loops=1)
                     Join Filter: (supplier.s_nationkey = n2.n_nationkey)
                     Rows Removed by Join Filter: 29943
                     ->  Hash Join  (cost=50311.72..117380.67 rows=2462 width=20) (actual time=210.094..281.146 rows=2485 loops=1)
                           Hash Cond: (lineitem.l_suppkey = supplier.s_suppkey)
                           ->  Hash Join  (cost=49863.72..116926.20 rows=2466 width=20) (actual time=207.403..277.633 rows=2485 loops=1)
                                 Hash Cond: (lineitem.l_orderkey = orders.o_orderkey)
                                 ->  Nested Loop  (cost=0.43..66888.26 rows=39997 width=20) (actual time=0.048..63.384 rows=39694 loops=1)
                                       ->  Seq Scan on part  (cost=0.00..6599.00 rows=1333 width=4) (actual time=0.035..22.170 rows=1320 loops=1)
                                             Filter: ((p_type)::text = 'LARGE POLISHED BRASS'::text)
                                             Rows Removed by Filter: 198680
                                       ->  Index Scan using idx_lineitem_part_supp on lineitem  (cost=0.43..44.92 rows=31 width=24) (actual time=0.003..0.027 rows=30 loops=1320)
                                             Index Cond: (l_partkey = part.p_partkey)
                                 ->  Hash  (cost=48707.21..48707.21 rows=92486 width=8) (actual time=207.255..207.258 rows=91179 loops=1)
                                       Buckets: 131072  Batches: 1  Memory Usage: 4586kB
                                       ->  Hash Join  (cost=12980.82..48707.21 rows=92486 width=8) (actual time=63.534..193.739 rows=91179 loops=1)
                                             Hash Cond: (orders.o_custkey = customer.c_custkey)
                                             ->  Bitmap Heap Scan on orders  (cost=6643.81..39711.23 rows=462428 width=12) (actual time=31.131..100.381 rows=457263 loops=1)
                                                   Recheck Cond: ((o_orderdate >= '1995-01-01'::date) AND (o_orderdate <= '1996-12-31'::date))
                                                   Heap Blocks: exact=26131
                                                   ->  Bitmap Index Scan on idx_orders_orderdate  (cost=0.00..6528.21 rows=462428 width=0) (actual time=28.148..28.148 rows=457263 loops=1)
                                                         Index Cond: ((o_orderdate >= '1995-01-01'::date) AND (o_orderdate <= '1996-12-31'::date))
                                             ->  Hash  (cost=5962.01..5962.01 rows=30000 width=4) (actual time=32.376..32.378 rows=29952 loops=1)
                                                   Buckets: 32768  Batches: 1  Memory Usage: 1309kB
                                                   ->  Hash Join  (cost=2.51..5962.01 rows=30000 width=4) (actual time=0.022..28.963 rows=29952 loops=1)
                                                         Hash Cond: (customer.c_nationkey = n1.n_nationkey)
                                                         ->  Seq Scan on customer  (cost=0.00..5097.00 rows=150000 width=8) (actual time=0.003..8.538 rows=150000 loops=1)
                                                         ->  Hash  (cost=2.45..2.45 rows=5 width=4) (actual time=0.015..0.016 rows=5 loops=1)
                                                               Buckets: 1024  Batches: 1  Memory Usage: 9kB
                                                               ->  Hash Join  (cost=1.07..2.45 rows=5 width=4) (actual time=0.010..0.015 rows=5 loops=1)
                                                                     Hash Cond: (n1.n_regionkey = region.r_regionkey)
                                                                     ->  Seq Scan on nation n1  (cost=0.00..1.25 rows=25 width=8) (actual time=0.002..0.004 rows=25 loops=1)
                                                                     ->  Hash  (cost=1.06..1.06 rows=1 width=4) (actual time=0.004..0.005 rows=1 loops=1)
                                                                           Buckets: 1024  Batches: 1  Memory Usage: 9kB
                                                                           ->  Seq Scan on region  (cost=0.00..1.06 rows=1 width=4) (actual time=0.003..0.003 rows=1 loops=1)
                                                                                 Filter: (r_name = 'AMERICA'::bpchar)
                                                                                 Rows Removed by Filter: 4
                           ->  Hash  (cost=323.00..323.00 rows=10000 width=8) (actual time=2.674..2.675 rows=10000 loops=1)
                                 Buckets: 16384  Batches: 1  Memory Usage: 519kB
                                 ->  Seq Scan on supplier  (cost=0.00..323.00 rows=10000 width=8) (actual time=0.004..1.405 rows=10000 loops=1)
                     ->  Materialize  (cost=0.00..1.38 rows=25 width=30) (actual time=0.000..0.000 rows=13 loops=2485)
                           ->  Seq Scan on nation n2  (cost=0.00..1.25 rows=25 width=30) (actual time=0.006..0.009 rows=25 loops=1)
 Planning time: 2.795 ms
 Execution time: 286.619 ms
(50 rows)

query 9 run 1
SET
SET
SET
                                                                              QUERY PLAN                                                                              
----------------------------------------------------------------------------------------------------------------------------------------------------------------------
 Limit  (cost=254744.85..254744.88 rows=1 width=66) (actual time=4305.982..4305.986 rows=1 loops=1)
   ->  GroupAggregate  (cost=254744.85..254753.88 rows=241 width=66) (actual time=4305.981..4305.985 rows=1 loops=1)
         Group Key: nation.n_name, (date_part('year'::text, (orders.o_orderdate)::timestamp without time zone))
         ->  Sort  (cost=254744.85..254745.45 rows=241 width=57) (actual time=4305.059..4305.212 rows=1210 loops=1)
               Sort Key: nation.n_name, (date_part('year'::text, (orders.o_orderdate)::timestamp without time zone)) DESC
               Sort Method: external merge  Disk: 24072kB
               ->  Nested Loop  (cost=48293.24..254735.31 rows=241 width=57) (actual time=426.540..3955.929 rows=325928 loops=1)
                     Join Filter: (supplier.s_nationkey = nation.n_nationkey)
                     Rows Removed by Join Filter: 3898820
                     ->  Nested Loop  (cost=48293.24..254645.88 rows=241 width=31) (actual time=426.527..3416.877 rows=325928 loops=1)
                           ->  Nested Loop  (cost=48292.81..253887.62 rows=241 width=31) (actual time=426.516..2638.314 rows=325928 loops=1)
                                 ->  Hash Join  (cost=48292.53..253177.20 rows=241 width=35) (actual time=425.858..2032.013 rows=325928 loops=1)
                                       Hash Cond: ((lineitem.l_suppkey = partsupp.ps_suppkey) AND (lineitem.l_partkey = partsupp.ps_partkey))
                                       ->  Hash Join  (cost=6851.52..195174.84 rows=606164 width=33) (actual time=69.390..1446.510 rows=325928 loops=1)
                                             Hash Cond: (lineitem.l_partkey = part.p_partkey)
                                             ->  Seq Scan on lineitem  (cost=0.00..172570.28 rows=6001028 width=29) (actual time=0.010..741.276 rows=6001215 loops=1)
                                             ->  Hash  (cost=6599.00..6599.00 rows=20202 width=4) (actual time=69.348..69.349 rows=10880 loops=1)
                                                   Buckets: 32768  Batches: 1  Memory Usage: 639kB
                                                   ->  Seq Scan on part  (cost=0.00..6599.00 rows=20202 width=4) (actual time=0.006..66.968 rows=10880 loops=1)
                                                         Filter: ((p_name)::text ~~ '%navy%'::text)
                                                         Rows Removed by Filter: 189120
                                       ->  Hash  (cost=25534.00..25534.00 rows=800000 width=14) (actual time=355.215..355.215 rows=800000 loops=1)
                                             Buckets: 1048576  Batches: 2  Memory Usage: 26936kB
                                             ->  Seq Scan on partsupp  (cost=0.00..25534.00 rows=800000 width=14) (actual time=0.012..216.419 rows=800000 loops=1)
                                 ->  Index Scan using supplier_pkey on supplier  (cost=0.29..2.95 rows=1 width=8) (actual time=0.001..0.001 rows=1 loops=325928)
                                       Index Cond: (s_suppkey = lineitem.l_suppkey)
                           ->  Index Scan using orders_pkey on orders  (cost=0.43..3.15 rows=1 width=8) (actual time=0.002..0.002 rows=1 loops=325928)
                                 Index Cond: (o_orderkey = lineitem.l_orderkey)
                     ->  Materialize  (cost=0.00..1.38 rows=25 width=30) (actual time=0.000..0.000 rows=13 loops=325928)
                           ->  Seq Scan on nation  (cost=0.00..1.25 rows=25 width=30) (actual time=0.004..0.008 rows=25 loops=1)
 Planning time: 29.261 ms
 Execution time: 4310.275 ms
(32 rows)

SET
SET
SET
                                                                              QUERY PLAN                                                                              
----------------------------------------------------------------------------------------------------------------------------------------------------------------------
 Limit  (cost=254744.85..254744.88 rows=1 width=66) (actual time=3513.456..3513.460 rows=1 loops=1)
   ->  GroupAggregate  (cost=254744.85..254753.88 rows=241 width=66) (actual time=3513.455..3513.459 rows=1 loops=1)
         Group Key: nation.n_name, (date_part('year'::text, (orders.o_orderdate)::timestamp without time zone))
         ->  Sort  (cost=254744.85..254745.45 rows=241 width=57) (actual time=3512.533..3512.686 rows=1210 loops=1)
               Sort Key: nation.n_name, (date_part('year'::text, (orders.o_orderdate)::timestamp without time zone)) DESC
               Sort Method: external merge  Disk: 24072kB
               ->  Nested Loop  (cost=48293.24..254735.31 rows=241 width=57) (actual time=273.570..3168.962 rows=325928 loops=1)
                     Join Filter: (supplier.s_nationkey = nation.n_nationkey)
                     Rows Removed by Join Filter: 3898820
                     ->  Nested Loop  (cost=48293.24..254645.88 rows=241 width=31) (actual time=273.559..2644.718 rows=325928 loops=1)
                           ->  Nested Loop  (cost=48292.81..253887.62 rows=241 width=31) (actual time=273.553..2112.130 rows=325928 loops=1)
                                 ->  Hash Join  (cost=48292.53..253177.20 rows=241 width=35) (actual time=273.538..1577.775 rows=325928 loops=1)
                                       Hash Cond: ((lineitem.l_suppkey = partsupp.ps_suppkey) AND (lineitem.l_partkey = partsupp.ps_partkey))
                                       ->  Hash Join  (cost=6851.52..195174.84 rows=606164 width=33) (actual time=38.741..1124.627 rows=325928 loops=1)
                                             Hash Cond: (lineitem.l_partkey = part.p_partkey)
                                             ->  Seq Scan on lineitem  (cost=0.00..172570.28 rows=6001028 width=29) (actual time=0.013..542.039 rows=6001215 loops=1)
                                             ->  Hash  (cost=6599.00..6599.00 rows=20202 width=4) (actual time=38.688..38.688 rows=10880 loops=1)
                                                   Buckets: 32768  Batches: 1  Memory Usage: 639kB
                                                   ->  Seq Scan on part  (cost=0.00..6599.00 rows=20202 width=4) (actual time=0.009..37.156 rows=10880 loops=1)
                                                         Filter: ((p_name)::text ~~ '%navy%'::text)
                                                         Rows Removed by Filter: 189120
                                       ->  Hash  (cost=25534.00..25534.00 rows=800000 width=14) (actual time=233.560..233.561 rows=800000 loops=1)
                                             Buckets: 1048576  Batches: 2  Memory Usage: 26936kB
                                             ->  Seq Scan on partsupp  (cost=0.00..25534.00 rows=800000 width=14) (actual time=0.011..102.489 rows=800000 loops=1)
                                 ->  Index Scan using supplier_pkey on supplier  (cost=0.29..2.95 rows=1 width=8) (actual time=0.001..0.001 rows=1 loops=325928)
                                       Index Cond: (s_suppkey = lineitem.l_suppkey)
                           ->  Index Scan using orders_pkey on orders  (cost=0.43..3.15 rows=1 width=8) (actual time=0.001..0.001 rows=1 loops=325928)
                                 Index Cond: (o_orderkey = lineitem.l_orderkey)
                     ->  Materialize  (cost=0.00..1.38 rows=25 width=30) (actual time=0.000..0.000 rows=13 loops=325928)
                           ->  Seq Scan on nation  (cost=0.00..1.25 rows=25 width=30) (actual time=0.004..0.007 rows=25 loops=1)
 Planning time: 4.224 ms
 Execution time: 3516.871 ms
(32 rows)

query 10 run 1
SET
SET
SET
                                                                                QUERY PLAN                                                                                 
---------------------------------------------------------------------------------------------------------------------------------------------------------------------------
 Limit  (cost=226950.35..226950.40 rows=20 width=202) (actual time=2252.847..2252.853 rows=20 loops=1)
   ->  Sort  (cost=226950.35..227093.83 rows=57394 width=202) (actual time=2252.846..2252.850 rows=20 loops=1)
         Sort Key: (sum((lineitem.l_extendedprice * ('1'::numeric - lineitem.l_discount)))) DESC
         Sort Method: top-N heapsort  Memory: 33kB
         ->  HashAggregate  (cost=224705.69..225423.12 rows=57394 width=202) (actual time=2223.631..2242.867 rows=38076 loops=1)
               Group Key: customer.c_custkey, nation.n_name
               ->  Hash Join  (cost=7814.91..223988.27 rows=57394 width=182) (actual time=97.796..2112.124 rows=114347 loops=1)
                     Hash Cond: (customer.c_nationkey = nation.n_nationkey)
                     ->  Hash Join  (cost=7813.35..223810.50 rows=57394 width=160) (actual time=97.780..2085.647 rows=114347 loops=1)
                           Hash Cond: (orders.o_custkey = customer.c_custkey)
                           ->  Nested Loop  (cost=841.35..216687.84 rows=57394 width=16) (actual time=11.371..1953.895 rows=114347 loops=1)
                                 ->  Bitmap Heap Scan on orders  (cost=840.92..27848.49 rows=58438 width=8) (actual time=10.431..515.906 rows=57111 loops=1)
                                       Recheck Cond: ((o_orderdate >= '1994-08-01'::date) AND (o_orderdate < '1994-11-01'::date))
                                       Heap Blocks: exact=23377
                                       ->  Bitmap Index Scan on idx_orders_orderdate  (cost=0.00..826.31 rows=58438 width=0) (actual time=7.783..7.783 rows=57111 loops=1)
                                             Index Cond: ((o_orderdate >= '1994-08-01'::date) AND (o_orderdate < '1994-11-01'::date))
                                 ->  Index Scan using idx_lineitem_orderkey on lineitem  (cost=0.43..3.22 rows=1 width=16) (actual time=0.023..0.024 rows=2 loops=57111)
                                       Index Cond: (l_orderkey = orders.o_orderkey)
                                       Filter: (l_returnflag = 'R'::bpchar)
                                       Rows Removed by Filter: 2
                           ->  Hash  (cost=5097.00..5097.00 rows=150000 width=148) (actual time=85.976..85.977 rows=150000 loops=1)
                                 Buckets: 262144  Batches: 1  Memory Usage: 28861kB
                                 ->  Seq Scan on customer  (cost=0.00..5097.00 rows=150000 width=148) (actual time=0.010..49.645 rows=150000 loops=1)
                     ->  Hash  (cost=1.25..1.25 rows=25 width=30) (actual time=0.012..0.012 rows=25 loops=1)
                           Buckets: 1024  Batches: 1  Memory Usage: 10kB
                           ->  Seq Scan on nation  (cost=0.00..1.25 rows=25 width=30) (actual time=0.005..0.007 rows=25 loops=1)
 Planning time: 18.882 ms
 Execution time: 2253.282 ms
(28 rows)

SET
SET
SET
                                                                                QUERY PLAN                                                                                 
---------------------------------------------------------------------------------------------------------------------------------------------------------------------------
 Limit  (cost=226950.35..226950.40 rows=20 width=202) (actual time=484.084..484.090 rows=20 loops=1)
   ->  Sort  (cost=226950.35..227093.83 rows=57394 width=202) (actual time=484.083..484.088 rows=20 loops=1)
         Sort Key: (sum((lineitem.l_extendedprice * ('1'::numeric - lineitem.l_discount)))) DESC
         Sort Method: top-N heapsort  Memory: 33kB
         ->  HashAggregate  (cost=224705.69..225423.12 rows=57394 width=202) (actual time=454.962..473.869 rows=38076 loops=1)
               Group Key: customer.c_custkey, nation.n_name
               ->  Hash Join  (cost=7814.91..223988.27 rows=57394 width=182) (actual time=68.711..372.946 rows=114347 loops=1)
                     Hash Cond: (customer.c_nationkey = nation.n_nationkey)
                     ->  Hash Join  (cost=7813.35..223810.50 rows=57394 width=160) (actual time=68.694..350.614 rows=114347 loops=1)
                           Hash Cond: (orders.o_custkey = customer.c_custkey)
                           ->  Nested Loop  (cost=841.35..216687.84 rows=57394 width=16) (actual time=7.601..254.033 rows=114347 loops=1)
                                 ->  Bitmap Heap Scan on orders  (cost=840.92..27848.49 rows=58438 width=8) (actual time=7.563..42.302 rows=57111 loops=1)
                                       Recheck Cond: ((o_orderdate >= '1994-08-01'::date) AND (o_orderdate < '1994-11-01'::date))
                                       Heap Blocks: exact=23377
                                       ->  Bitmap Index Scan on idx_orders_orderdate  (cost=0.00..826.31 rows=58438 width=0) (actual time=4.751..4.751 rows=57111 loops=1)
                                             Index Cond: ((o_orderdate >= '1994-08-01'::date) AND (o_orderdate < '1994-11-01'::date))
                                 ->  Index Scan using idx_lineitem_orderkey on lineitem  (cost=0.43..3.22 rows=1 width=16) (actual time=0.003..0.003 rows=2 loops=57111)
                                       Index Cond: (l_orderkey = orders.o_orderkey)
                                       Filter: (l_returnflag = 'R'::bpchar)
                                       Rows Removed by Filter: 2
                           ->  Hash  (cost=5097.00..5097.00 rows=150000 width=148) (actual time=60.668..60.668 rows=150000 loops=1)
                                 Buckets: 262144  Batches: 1  Memory Usage: 28861kB
                                 ->  Seq Scan on customer  (cost=0.00..5097.00 rows=150000 width=148) (actual time=0.009..25.368 rows=150000 loops=1)
                     ->  Hash  (cost=1.25..1.25 rows=25 width=30) (actual time=0.012..0.012 rows=25 loops=1)
                           Buckets: 1024  Batches: 1  Memory Usage: 10kB
                           ->  Seq Scan on nation  (cost=0.00..1.25 rows=25 width=30) (actual time=0.004..0.008 rows=25 loops=1)
 Planning time: 1.081 ms
 Execution time: 484.526 ms
(28 rows)

query 11 run 1
SET
SET
SET
                                                                             QUERY PLAN                                                                             
--------------------------------------------------------------------------------------------------------------------------------------------------------------------
 Limit  (cost=22744.91..22744.91 rows=1 width=36) (actual time=734.233..734.237 rows=1 loops=1)
   InitPlan 1 (returns $2)
     ->  Aggregate  (cost=10892.45..10892.46 rows=1 width=32) (actual time=26.567..26.569 rows=1 loops=1)
           ->  Nested Loop  (cost=6.81..10652.45 rows=32000 width=10) (actual time=0.053..18.232 rows=32880 loops=1)
                 ->  Nested Loop  (cost=6.38..230.58 rows=400 width=4) (actual time=0.048..0.261 rows=411 loops=1)
                       ->  Seq Scan on nation nation_1  (cost=0.00..1.31 rows=1 width=4) (actual time=0.006..0.009 rows=1 loops=1)
                             Filter: (n_name = 'SAUDI ARABIA'::bpchar)
                             Rows Removed by Filter: 24
                       ->  Bitmap Heap Scan on supplier supplier_1  (cost=6.38..225.26 rows=400 width=8) (actual time=0.039..0.206 rows=411 loops=1)
                             Recheck Cond: (s_nationkey = nation_1.n_nationkey)
                             Heap Blocks: exact=183
                             ->  Bitmap Index Scan on idx_supplier_nation_key  (cost=0.00..6.29 rows=400 width=0) (actual time=0.023..0.023 rows=411 loops=1)
                                   Index Cond: (s_nationkey = nation_1.n_nationkey)
                 ->  Index Scan using idx_partsupp_suppkey on partsupp partsupp_1  (cost=0.42..25.25 rows=80 width=14) (actual time=0.003..0.035 rows=80 loops=411)
                       Index Cond: (ps_suppkey = supplier_1.s_suppkey)
   ->  Sort  (cost=11852.45..11932.45 rows=32000 width=36) (actual time=734.232..734.233 rows=1 loops=1)
         Sort Key: (sum((partsupp.ps_supplycost * (partsupp.ps_availqty)::numeric))) DESC
         Sort Method: top-N heapsort  Memory: 25kB
         ->  HashAggregate  (cost=11212.45..11692.45 rows=32000 width=36) (actual time=723.450..734.094 rows=839 loops=1)
               Group Key: partsupp.ps_partkey
               Filter: (sum((partsupp.ps_supplycost * (partsupp.ps_availqty)::numeric)) > $2)
               Rows Removed by Filter: 30007
               ->  Nested Loop  (cost=6.81..10652.45 rows=32000 width=14) (actual time=0.856..667.464 rows=32880 loops=1)
                     ->  Nested Loop  (cost=6.38..230.58 rows=400 width=4) (actual time=0.626..3.023 rows=411 loops=1)
                           ->  Seq Scan on nation  (cost=0.00..1.31 rows=1 width=4) (actual time=0.007..0.010 rows=1 loops=1)
                                 Filter: (n_name = 'SAUDI ARABIA'::bpchar)
                                 Rows Removed by Filter: 24
                           ->  Bitmap Heap Scan on supplier  (cost=6.38..225.26 rows=400 width=8) (actual time=0.617..2.924 rows=411 loops=1)
                                 Recheck Cond: (s_nationkey = nation.n_nationkey)
                                 Heap Blocks: exact=183
                                 ->  Bitmap Index Scan on idx_supplier_nation_key  (cost=0.00..6.29 rows=400 width=0) (actual time=0.528..0.528 rows=411 loops=1)
                                       Index Cond: (s_nationkey = nation.n_nationkey)
                     ->  Index Scan using idx_partsupp_suppkey on partsupp  (cost=0.42..25.25 rows=80 width=18) (actual time=0.091..1.599 rows=80 loops=411)
                           Index Cond: (ps_suppkey = supplier.s_suppkey)
 Planning time: 13.225 ms
 Execution time: 735.119 ms
(36 rows)

SET
SET
SET
                                                                             QUERY PLAN                                                                             
--------------------------------------------------------------------------------------------------------------------------------------------------------------------
 Limit  (cost=22744.91..22744.91 rows=1 width=36) (actual time=80.301..80.305 rows=1 loops=1)
   InitPlan 1 (returns $2)
     ->  Aggregate  (cost=10892.45..10892.46 rows=1 width=32) (actual time=26.571..26.573 rows=1 loops=1)
           ->  Nested Loop  (cost=6.81..10652.45 rows=32000 width=10) (actual time=0.052..18.188 rows=32880 loops=1)
                 ->  Nested Loop  (cost=6.38..230.58 rows=400 width=4) (actual time=0.046..0.259 rows=411 loops=1)
                       ->  Seq Scan on nation nation_1  (cost=0.00..1.31 rows=1 width=4) (actual time=0.008..0.010 rows=1 loops=1)
                             Filter: (n_name = 'SAUDI ARABIA'::bpchar)
                             Rows Removed by Filter: 24
                       ->  Bitmap Heap Scan on supplier supplier_1  (cost=6.38..225.26 rows=400 width=8) (actual time=0.036..0.203 rows=411 loops=1)
                             Recheck Cond: (s_nationkey = nation_1.n_nationkey)
                             Heap Blocks: exact=183
                             ->  Bitmap Index Scan on idx_supplier_nation_key  (cost=0.00..6.29 rows=400 width=0) (actual time=0.022..0.022 rows=411 loops=1)
                                   Index Cond: (s_nationkey = nation_1.n_nationkey)
                 ->  Index Scan using idx_partsupp_suppkey on partsupp partsupp_1  (cost=0.42..25.25 rows=80 width=14) (actual time=0.003..0.035 rows=80 loops=411)
                       Index Cond: (ps_suppkey = supplier_1.s_suppkey)
   ->  Sort  (cost=11852.45..11932.45 rows=32000 width=36) (actual time=80.299..80.301 rows=1 loops=1)
         Sort Key: (sum((partsupp.ps_supplycost * (partsupp.ps_availqty)::numeric))) DESC
         Sort Method: top-N heapsort  Memory: 25kB
         ->  HashAggregate  (cost=11212.45..11692.45 rows=32000 width=36) (actual time=69.444..80.163 rows=839 loops=1)
               Group Key: partsupp.ps_partkey
               Filter: (sum((partsupp.ps_supplycost * (partsupp.ps_availqty)::numeric)) > $2)
               Rows Removed by Filter: 30007
               ->  Nested Loop  (cost=6.81..10652.45 rows=32000 width=14) (actual time=0.053..26.183 rows=32880 loops=1)
                     ->  Nested Loop  (cost=6.38..230.58 rows=400 width=4) (actual time=0.048..0.376 rows=411 loops=1)
                           ->  Seq Scan on nation  (cost=0.00..1.31 rows=1 width=4) (actual time=0.006..0.008 rows=1 loops=1)
                                 Filter: (n_name = 'SAUDI ARABIA'::bpchar)
                                 Rows Removed by Filter: 24
                           ->  Bitmap Heap Scan on supplier  (cost=6.38..225.26 rows=400 width=8) (actual time=0.040..0.317 rows=411 loops=1)
                                 Recheck Cond: (s_nationkey = nation.n_nationkey)
                                 Heap Blocks: exact=183
                                 ->  Bitmap Index Scan on idx_supplier_nation_key  (cost=0.00..6.29 rows=400 width=0) (actual time=0.023..0.023 rows=411 loops=1)
                                       Index Cond: (s_nationkey = nation.n_nationkey)
                     ->  Index Scan using idx_partsupp_suppkey on partsupp  (cost=0.42..25.25 rows=80 width=18) (actual time=0.004..0.053 rows=80 loops=411)
                           Index Cond: (ps_suppkey = supplier.s_suppkey)
 Planning time: 0.883 ms
 Execution time: 80.679 ms
(36 rows)

query 12 run 1
SET
SET
SET
                                                                                                                    QUERY PLAN                                                                                                                     
---------------------------------------------------------------------------------------------------------------------------------------------------------------------------------------------------------------------------------------------------
 Limit  (cost=310755.52..310836.49 rows=1 width=27) (actual time=1988.119..1988.120 rows=1 loops=1)
   ->  GroupAggregate  (cost=310755.52..311322.31 rows=7 width=27) (actual time=1988.118..1988.119 rows=1 loops=1)
         Group Key: lineitem.l_shipmode
         ->  Sort  (cost=310755.52..310826.36 rows=28336 width=27) (actual time=1984.062..1984.619 rows=15492 loops=1)
               Sort Key: lineitem.l_shipmode
               Sort Method: quicksort  Memory: 3187kB
               ->  Merge Join  (cost=249680.47..308660.02 rows=28336 width=27) (actual time=1491.193..1976.396 rows=30953 loops=1)
                     Merge Cond: (orders.o_orderkey = lineitem.l_orderkey)
                     ->  Index Scan using orders_pkey on orders  (cost=0.43..54805.93 rows=1500000 width=20) (actual time=0.004..385.882 rows=1499957 loops=1)
                     ->  Sort  (cost=249679.03..249749.88 rows=28341 width=15) (actual time=1491.104..1494.177 rows=30953 loops=1)
                           Sort Key: lineitem.l_orderkey
                           Sort Method: quicksort  Memory: 2219kB
                           ->  Seq Scan on lineitem  (cost=0.00..247583.13 rows=28341 width=15) (actual time=0.747..1483.610 rows=30953 loops=1)
                                 Filter: ((l_shipmode = ANY ('{SHIP,"REG AIR"}'::bpchar[])) AND (l_commitdate < l_receiptdate) AND (l_shipdate < l_commitdate) AND (l_receiptdate >= '1994-01-01'::date) AND (l_receiptdate < '1995-01-01'::date))
                                 Rows Removed by Filter: 5970262
 Planning time: 14.696 ms
 Execution time: 1988.207 ms
(17 rows)

SET
SET
SET
                                                                                                                    QUERY PLAN                                                                                                                     
---------------------------------------------------------------------------------------------------------------------------------------------------------------------------------------------------------------------------------------------------
 Limit  (cost=310755.52..310836.49 rows=1 width=27) (actual time=1579.133..1579.134 rows=1 loops=1)
   ->  GroupAggregate  (cost=310755.52..311322.31 rows=7 width=27) (actual time=1579.132..1579.133 rows=1 loops=1)
         Group Key: lineitem.l_shipmode
         ->  Sort  (cost=310755.52..310826.36 rows=28336 width=27) (actual time=1575.048..1575.601 rows=15492 loops=1)
               Sort Key: lineitem.l_shipmode
               Sort Method: quicksort  Memory: 3187kB
               ->  Merge Join  (cost=249680.47..308660.02 rows=28336 width=27) (actual time=1262.833..1569.744 rows=30953 loops=1)
                     Merge Cond: (orders.o_orderkey = lineitem.l_orderkey)
                     ->  Index Scan using orders_pkey on orders  (cost=0.43..54805.93 rows=1500000 width=20) (actual time=0.004..211.859 rows=1499957 loops=1)
                     ->  Sort  (cost=249679.03..249749.88 rows=28341 width=15) (actual time=1262.811..1265.291 rows=30953 loops=1)
                           Sort Key: lineitem.l_orderkey
                           Sort Method: quicksort  Memory: 2219kB
                           ->  Seq Scan on lineitem  (cost=0.00..247583.13 rows=28341 width=15) (actual time=0.105..1256.328 rows=30953 loops=1)
                                 Filter: ((l_shipmode = ANY ('{SHIP,"REG AIR"}'::bpchar[])) AND (l_commitdate < l_receiptdate) AND (l_shipdate < l_commitdate) AND (l_receiptdate >= '1994-01-01'::date) AND (l_receiptdate < '1995-01-01'::date))
                                 Rows Removed by Filter: 5970262
 Planning time: 0.607 ms
 Execution time: 1579.183 ms
(17 rows)

query 13 run 1
SET
SET
SET
                                                                                  QUERY PLAN                                                                                   
-------------------------------------------------------------------------------------------------------------------------------------------------------------------------------
 Limit  (cost=64816.89..64816.89 rows=1 width=16) (actual time=1456.407..1456.409 rows=1 loops=1)
   ->  Sort  (cost=64816.89..64817.39 rows=200 width=16) (actual time=1456.406..1456.407 rows=1 loops=1)
         Sort Key: (count(*)) DESC, (count(orders.o_orderkey)) DESC
         Sort Method: top-N heapsort  Memory: 25kB
         ->  HashAggregate  (cost=64813.89..64815.89 rows=200 width=16) (actual time=1456.380..1456.386 rows=42 loops=1)
               Group Key: count(orders.o_orderkey)
               ->  HashAggregate  (cost=61063.89..62563.89 rows=150000 width=12) (actual time=1414.608..1438.684 rows=150000 loops=1)
                     Group Key: customer.c_custkey
                     ->  Hash Right Join  (cost=4746.42..53564.64 rows=1499850 width=8) (actual time=33.455..1055.159 rows=1533923 loops=1)
                           Hash Cond: (orders.o_custkey = customer.c_custkey)
                           ->  Seq Scan on orders  (cost=0.00..44881.00 rows=1499850 width=8) (actual time=0.438..632.429 rows=1483918 loops=1)
                                 Filter: ((o_comment)::text !~~ '%special%requests%'::text)
                                 Rows Removed by Filter: 16082
                           ->  Hash  (cost=2871.42..2871.42 rows=150000 width=4) (actual time=32.634..32.634 rows=150000 loops=1)
                                 Buckets: 262144  Batches: 1  Memory Usage: 7322kB
                                 ->  Index Only Scan using customer_pkey on customer  (cost=0.42..2871.42 rows=150000 width=4) (actual time=0.292..16.496 rows=150000 loops=1)
                                       Heap Fetches: 0
 Planning time: 13.337 ms
 Execution time: 1458.117 ms
(19 rows)

SET
SET
SET
                                                                                  QUERY PLAN                                                                                   
-------------------------------------------------------------------------------------------------------------------------------------------------------------------------------
 Limit  (cost=64816.89..64816.89 rows=1 width=16) (actual time=1251.503..1251.505 rows=1 loops=1)
   ->  Sort  (cost=64816.89..64817.39 rows=200 width=16) (actual time=1251.502..1251.504 rows=1 loops=1)
         Sort Key: (count(*)) DESC, (count(orders.o_orderkey)) DESC
         Sort Method: top-N heapsort  Memory: 25kB
         ->  HashAggregate  (cost=64813.89..64815.89 rows=200 width=16) (actual time=1251.469..1251.476 rows=42 loops=1)
               Group Key: count(orders.o_orderkey)
               ->  HashAggregate  (cost=61063.89..62563.89 rows=150000 width=12) (actual time=1208.845..1233.845 rows=150000 loops=1)
                     Group Key: customer.c_custkey
                     ->  Hash Right Join  (cost=4746.42..53564.64 rows=1499850 width=8) (actual time=28.227..870.593 rows=1533923 loops=1)
                           Hash Cond: (orders.o_custkey = customer.c_custkey)
                           ->  Seq Scan on orders  (cost=0.00..44881.00 rows=1499850 width=8) (actual time=0.011..471.618 rows=1483918 loops=1)
                                 Filter: ((o_comment)::text !~~ '%special%requests%'::text)
                                 Rows Removed by Filter: 16082
                           ->  Hash  (cost=2871.42..2871.42 rows=150000 width=4) (actual time=27.780..27.781 rows=150000 loops=1)
                                 Buckets: 262144  Batches: 1  Memory Usage: 7322kB
                                 ->  Index Only Scan using customer_pkey on customer  (cost=0.42..2871.42 rows=150000 width=4) (actual time=0.037..12.902 rows=150000 loops=1)
                                       Heap Fetches: 0
 Planning time: 0.614 ms
 Execution time: 1252.802 ms
(19 rows)

query 14 run 1
SET
SET
SET
                                                                         QUERY PLAN                                                                          
-------------------------------------------------------------------------------------------------------------------------------------------------------------
 Limit  (cost=73463.34..73463.36 rows=1 width=32) (actual time=852.694..852.696 rows=1 loops=1)
   ->  Aggregate  (cost=73463.34..73463.36 rows=1 width=32) (actual time=852.693..852.695 rows=1 loops=1)
         ->  Hash Join  (cost=9710.49..72250.18 rows=69323 width=33) (actual time=105.625..793.050 rows=77317 loops=1)
               Hash Cond: (lineitem.l_partkey = part.p_partkey)
               ->  Bitmap Heap Scan on lineitem  (cost=1111.49..63469.21 rows=69323 width=16) (actual time=17.604..660.455 rows=77317 loops=1)
                     Recheck Cond: ((l_shipdate >= '1994-05-01'::date) AND (l_shipdate < '1994-06-01'::date))
                     Heap Blocks: exact=41681
                     ->  Bitmap Index Scan on idx_lineitem_shipdate  (cost=0.00..1094.16 rows=69323 width=0) (actual time=12.140..12.141 rows=77317 loops=1)
                           Index Cond: ((l_shipdate >= '1994-05-01'::date) AND (l_shipdate < '1994-06-01'::date))
               ->  Hash  (cost=6099.00..6099.00 rows=200000 width=25) (actual time=87.786..87.787 rows=200000 loops=1)
                     Buckets: 262144  Batches: 1  Memory Usage: 13600kB
                     ->  Seq Scan on part  (cost=0.00..6099.00 rows=200000 width=25) (actual time=0.008..55.394 rows=200000 loops=1)
 Planning time: 13.076 ms
 Execution time: 853.534 ms
(14 rows)

SET
SET
SET
                                                                        QUERY PLAN                                                                         
-----------------------------------------------------------------------------------------------------------------------------------------------------------
 Limit  (cost=73463.34..73463.36 rows=1 width=32) (actual time=182.108..182.109 rows=1 loops=1)
   ->  Aggregate  (cost=73463.34..73463.36 rows=1 width=32) (actual time=182.107..182.108 rows=1 loops=1)
         ->  Hash Join  (cost=9710.49..72250.18 rows=69323 width=33) (actual time=69.198..148.429 rows=77317 loops=1)
               Hash Cond: (lineitem.l_partkey = part.p_partkey)
               ->  Bitmap Heap Scan on lineitem  (cost=1111.49..63469.21 rows=69323 width=16) (actual time=12.613..63.574 rows=77317 loops=1)
                     Recheck Cond: ((l_shipdate >= '1994-05-01'::date) AND (l_shipdate < '1994-06-01'::date))
                     Heap Blocks: exact=41681
                     ->  Bitmap Index Scan on idx_lineitem_shipdate  (cost=0.00..1094.16 rows=69323 width=0) (actual time=7.484..7.484 rows=77317 loops=1)
                           Index Cond: ((l_shipdate >= '1994-05-01'::date) AND (l_shipdate < '1994-06-01'::date))
               ->  Hash  (cost=6099.00..6099.00 rows=200000 width=25) (actual time=56.383..56.383 rows=200000 loops=1)
                     Buckets: 262144  Batches: 1  Memory Usage: 13600kB
                     ->  Seq Scan on part  (cost=0.00..6099.00 rows=200000 width=25) (actual time=0.008..26.806 rows=200000 loops=1)
 Planning time: 0.523 ms
 Execution time: 182.177 ms
(14 rows)

query 15 run 1
SET
SET
SET
CREATE VIEW
                                                                                QUERY PLAN                                                                                 
---------------------------------------------------------------------------------------------------------------------------------------------------------------------------
 Limit  (cost=247235.89..247235.95 rows=1 width=103) (actual time=1493.582..1493.586 rows=1 loops=1)
   InitPlan 1 (returns $0)
     ->  Aggregate  (cost=122407.84..122407.85 rows=1 width=32) (actual time=206.527..206.528 rows=1 loops=1)
           ->  HashAggregate  (cost=122157.44..122282.64 rows=10016 width=36) (actual time=203.289..205.839 rows=10000 loops=1)
                 Group Key: lineitem_1.l_suppkey
                 ->  Bitmap Heap Scan on lineitem lineitem_1  (cost=3749.56..119818.29 rows=233915 width=16) (actual time=26.717..91.394 rows=225954 loops=1)
                       Recheck Cond: ((l_shipdate >= '1996-01-01'::date) AND (l_shipdate < '1996-04-01'::date))
                       Heap Blocks: exact=66828
                       ->  Bitmap Index Scan on idx_lineitem_shipdate  (cost=0.00..3691.08 rows=233915 width=0) (actual time=17.725..17.725 rows=225954 loops=1)
                             Index Cond: ((l_shipdate >= '1996-01-01'::date) AND (l_shipdate < '1996-04-01'::date))
   ->  Merge Join  (cost=124828.05..125421.79 rows=10016 width=103) (actual time=1493.581..1493.583 rows=1 loops=1)
         Merge Cond: (supplier.s_suppkey = revenue0.supplier_no)
         ->  Index Scan using supplier_pkey on supplier  (cost=0.29..418.79 rows=10000 width=71) (actual time=0.340..4.675 rows=8449 loops=1)
         ->  Sort  (cost=124827.76..124852.80 rows=10016 width=36) (actual time=1488.426..1488.428 rows=1 loops=1)
               Sort Key: revenue0.supplier_no
               Sort Method: quicksort  Memory: 25kB
               ->  Subquery Scan on revenue0  (cost=123911.80..124162.20 rows=10016 width=36) (actual time=1486.001..1488.419 rows=1 loops=1)
                     ->  HashAggregate  (cost=123911.80..124062.04 rows=10016 width=36) (actual time=1486.000..1488.417 rows=1 loops=1)
                           Group Key: lineitem.l_suppkey
                           Filter: (sum((lineitem.l_extendedprice * ('1'::numeric - lineitem.l_discount))) = $0)
                           Rows Removed by Filter: 9999
                           ->  Bitmap Heap Scan on lineitem  (cost=3749.56..119818.29 rows=233915 width=16) (actual time=42.058..1092.014 rows=225954 loops=1)
                                 Recheck Cond: ((l_shipdate >= '1996-01-01'::date) AND (l_shipdate < '1996-04-01'::date))
                                 Heap Blocks: exact=66828
                                 ->  Bitmap Index Scan on idx_lineitem_shipdate  (cost=0.00..3691.08 rows=233915 width=0) (actual time=32.118..32.118 rows=225954 loops=1)
                                       Index Cond: ((l_shipdate >= '1996-01-01'::date) AND (l_shipdate < '1996-04-01'::date))
 Planning time: 10.499 ms
 Execution time: 1493.923 ms
(28 rows)

DROP VIEW
SET
SET
SET
CREATE VIEW
                                                                                QUERY PLAN                                                                                 
---------------------------------------------------------------------------------------------------------------------------------------------------------------------------
 Limit  (cost=247235.89..247235.95 rows=1 width=103) (actual time=442.887..442.890 rows=1 loops=1)
   InitPlan 1 (returns $0)
     ->  Aggregate  (cost=122407.84..122407.85 rows=1 width=32) (actual time=205.964..205.965 rows=1 loops=1)
           ->  HashAggregate  (cost=122157.44..122282.64 rows=10016 width=36) (actual time=202.714..205.271 rows=10000 loops=1)
                 Group Key: lineitem_1.l_suppkey
                 ->  Bitmap Heap Scan on lineitem lineitem_1  (cost=3749.56..119818.29 rows=233915 width=16) (actual time=26.465..91.296 rows=225954 loops=1)
                       Recheck Cond: ((l_shipdate >= '1996-01-01'::date) AND (l_shipdate < '1996-04-01'::date))
                       Heap Blocks: exact=66828
                       ->  Bitmap Index Scan on idx_lineitem_shipdate  (cost=0.00..3691.08 rows=233915 width=0) (actual time=17.514..17.515 rows=225954 loops=1)
                             Index Cond: ((l_shipdate >= '1996-01-01'::date) AND (l_shipdate < '1996-04-01'::date))
   ->  Merge Join  (cost=124828.05..125421.79 rows=10016 width=103) (actual time=442.886..442.887 rows=1 loops=1)
         Merge Cond: (supplier.s_suppkey = revenue0.supplier_no)
         ->  Index Scan using supplier_pkey on supplier  (cost=0.29..418.79 rows=10000 width=71) (actual time=0.006..1.326 rows=8449 loops=1)
         ->  Sort  (cost=124827.76..124852.80 rows=10016 width=36) (actual time=441.080..441.081 rows=1 loops=1)
               Sort Key: revenue0.supplier_no
               Sort Method: quicksort  Memory: 25kB
               ->  Subquery Scan on revenue0  (cost=123911.80..124162.20 rows=10016 width=36) (actual time=438.637..441.075 rows=1 loops=1)
                     ->  HashAggregate  (cost=123911.80..124062.04 rows=10016 width=36) (actual time=438.636..441.074 rows=1 loops=1)
                           Group Key: lineitem.l_suppkey
                           Filter: (sum((lineitem.l_extendedprice * ('1'::numeric - lineitem.l_discount))) = $0)
                           Rows Removed by Filter: 9999
                           ->  Bitmap Heap Scan on lineitem  (cost=3749.56..119818.29 rows=233915 width=16) (actual time=28.232..118.595 rows=225954 loops=1)
                                 Recheck Cond: ((l_shipdate >= '1996-01-01'::date) AND (l_shipdate < '1996-04-01'::date))
                                 Heap Blocks: exact=66828
                                 ->  Bitmap Index Scan on idx_lineitem_shipdate  (cost=0.00..3691.08 rows=233915 width=0) (actual time=19.213..19.213 rows=225954 loops=1)
                                       Index Cond: ((l_shipdate >= '1996-01-01'::date) AND (l_shipdate < '1996-04-01'::date))
 Planning time: 0.611 ms
 Execution time: 443.245 ms
(28 rows)

DROP VIEW
query 16 run 1
SET
SET
SET
                                                                                         QUERY PLAN                                                                                         
--------------------------------------------------------------------------------------------------------------------------------------------------------------------------------------------
 Limit  (cost=33858.81..33858.81 rows=1 width=44) (actual time=602.231..602.233 rows=1 loops=1)
   ->  Sort  (cost=33858.81..33898.87 rows=16027 width=44) (actual time=602.230..602.232 rows=1 loops=1)
         Sort Key: (count(DISTINCT partsupp.ps_suppkey)) DESC, part.p_brand, part.p_type, part.p_size
         Sort Method: top-N heapsort  Memory: 25kB
         ->  GroupAggregate  (cost=32875.71..33778.67 rows=16027 width=44) (actual time=549.276..598.809 rows=18220 loops=1)
               Group Key: part.p_brand, part.p_type, part.p_size
               ->  Sort  (cost=32875.71..33024.25 rows=59415 width=40) (actual time=549.254..556.708 rows=117930 loops=1)
                     Sort Key: part.p_brand, part.p_type, part.p_size
                     Sort Method: quicksort  Memory: 12286kB
                     ->  Hash Join  (cost=9820.51..28164.54 rows=59415 width=40) (actual time=84.569..292.358 rows=117930 loops=1)
                           Hash Cond: (partsupp.ps_partkey = part.p_partkey)
                           ->  Index Only Scan using partsupp_pkey on partsupp  (cost=348.43..17642.43 rows=400000 width=8) (actual time=6.045..141.258 rows=799680 loops=1)
                                 Filter: (NOT (hashed SubPlan 1))
                                 Rows Removed by Filter: 320
                                 Heap Fetches: 0
                                 SubPlan 1
                                   ->  Seq Scan on supplier  (cost=0.00..348.00 rows=1 width=4) (actual time=1.154..5.544 rows=4 loops=1)
                                         Filter: ((s_comment)::text ~~ '%Customer%Complaints%'::text)
                                         Rows Removed by Filter: 9996
                           ->  Hash  (cost=9099.00..9099.00 rows=29847 width=40) (actual time=78.483..78.484 rows=29492 loops=1)
                                 Buckets: 32768  Batches: 1  Memory Usage: 2393kB
                                 ->  Seq Scan on part  (cost=0.00..9099.00 rows=29847 width=40) (actual time=0.007..72.844 rows=29492 loops=1)
                                       Filter: ((p_brand <> 'Brand#12'::bpchar) AND ((p_type)::text !~~ 'SMALL BRUSHED%'::text) AND (p_size = ANY ('{12,32,36,26,40,34,49,9}'::integer[])))
                                       Rows Removed by Filter: 170508
 Planning time: 15.407 ms
 Execution time: 602.973 ms
(26 rows)

SET
SET
SET
                                                                                         QUERY PLAN                                                                                         
--------------------------------------------------------------------------------------------------------------------------------------------------------------------------------------------
 Limit  (cost=33858.81..33858.81 rows=1 width=44) (actual time=547.014..547.016 rows=1 loops=1)
   ->  Sort  (cost=33858.81..33898.87 rows=16027 width=44) (actual time=547.013..547.014 rows=1 loops=1)
         Sort Key: (count(DISTINCT partsupp.ps_suppkey)) DESC, part.p_brand, part.p_type, part.p_size
         Sort Method: top-N heapsort  Memory: 25kB
         ->  GroupAggregate  (cost=32875.71..33778.67 rows=16027 width=44) (actual time=494.331..543.613 rows=18220 loops=1)
               Group Key: part.p_brand, part.p_type, part.p_size
               ->  Sort  (cost=32875.71..33024.25 rows=59415 width=40) (actual time=494.310..501.754 rows=117930 loops=1)
                     Sort Key: part.p_brand, part.p_type, part.p_size
                     Sort Method: quicksort  Memory: 12286kB
                     ->  Hash Join  (cost=9820.51..28164.54 rows=59415 width=40) (actual time=49.197..237.837 rows=117930 loops=1)
                           Hash Cond: (partsupp.ps_partkey = part.p_partkey)
                           ->  Index Only Scan using partsupp_pkey on partsupp  (cost=348.43..17642.43 rows=400000 width=8) (actual time=2.057..120.392 rows=799680 loops=1)
                                 Filter: (NOT (hashed SubPlan 1))
                                 Rows Removed by Filter: 320
                                 Heap Fetches: 0
                                 SubPlan 1
                                   ->  Seq Scan on supplier  (cost=0.00..348.00 rows=1 width=4) (actual time=0.079..2.030 rows=4 loops=1)
                                         Filter: ((s_comment)::text ~~ '%Customer%Complaints%'::text)
                                         Rows Removed by Filter: 9996
                           ->  Hash  (cost=9099.00..9099.00 rows=29847 width=40) (actual time=47.108..47.108 rows=29492 loops=1)
                                 Buckets: 32768  Batches: 1  Memory Usage: 2393kB
                                 ->  Seq Scan on part  (cost=0.00..9099.00 rows=29847 width=40) (actual time=0.006..42.580 rows=29492 loops=1)
                                       Filter: ((p_brand <> 'Brand#12'::bpchar) AND ((p_type)::text !~~ 'SMALL BRUSHED%'::text) AND (p_size = ANY ('{12,32,36,26,40,34,49,9}'::integer[])))
                                       Rows Removed by Filter: 170508
 Planning time: 0.651 ms
 Execution time: 547.072 ms
(26 rows)

query 17 run 1
SET
SET
SET
                                                                             QUERY PLAN                                                                              
---------------------------------------------------------------------------------------------------------------------------------------------------------------------
 Limit  (cost=982588.02..982588.03 rows=1 width=32) (actual time=4496.254..4496.256 rows=1 loops=1)
   ->  Aggregate  (cost=982588.02..982588.03 rows=1 width=32) (actual time=4496.253..4496.254 rows=1 loops=1)
         ->  Merge Join  (cost=914119.72..982583.41 rows=1843 width=8) (actual time=2745.580..4496.060 rows=592 loops=1)
               Merge Cond: (lineitem_1.l_partkey = part.p_partkey)
               Join Filter: (lineitem.l_quantity < ((0.2 * avg(lineitem_1.l_quantity))))
               Rows Removed by Join Filter: 5641
               ->  GroupAggregate  (cost=914118.86..962066.45 rows=195992 width=36) (actual time=2739.575..4282.493 rows=199276 loops=1)
                     Group Key: lineitem_1.l_partkey
                     ->  Sort  (cost=914118.86..929121.43 rows=6001028 width=9) (actual time=2739.539..3372.669 rows=5979358 loops=1)
                           Sort Key: lineitem_1.l_partkey
                           Sort Method: external merge  Disk: 111632kB
                           ->  Seq Scan on lineitem lineitem_1  (cost=0.00..172570.28 rows=6001028 width=9) (actual time=0.437..950.169 rows=6001215 loops=1)
               ->  Materialize  (cost=0.85..17983.86 rows=5641 width=21) (actual time=1.145..201.786 rows=6233 loops=1)
                     ->  Nested Loop  (cost=0.85..17969.75 rows=5641 width=21) (actual time=1.143..199.767 rows=6233 loops=1)
                           ->  Index Scan using part_pkey on part  (cost=0.42..8926.42 rows=188 width=4) (actual time=0.843..65.164 rows=208 loops=1)
                                 Filter: ((p_brand = 'Brand#22'::bpchar) AND (p_container = 'LG BOX'::bpchar))
                                 Rows Removed by Filter: 199792
                           ->  Index Scan using idx_lineitem_part_supp on lineitem  (cost=0.43..47.79 rows=31 width=17) (actual time=0.398..0.639 rows=30 loops=208)
                                 Index Cond: (l_partkey = part.p_partkey)
 Planning time: 15.187 ms
 Execution time: 4511.215 ms
(21 rows)

SET
SET
SET
                                                                             QUERY PLAN                                                                              
---------------------------------------------------------------------------------------------------------------------------------------------------------------------
 Limit  (cost=982588.02..982588.03 rows=1 width=32) (actual time=4093.207..4093.209 rows=1 loops=1)
   ->  Aggregate  (cost=982588.02..982588.03 rows=1 width=32) (actual time=4093.206..4093.208 rows=1 loops=1)
         ->  Merge Join  (cost=914119.72..982583.41 rows=1843 width=8) (actual time=2518.842..4093.106 rows=592 loops=1)
               Merge Cond: (lineitem_1.l_partkey = part.p_partkey)
               Join Filter: (lineitem.l_quantity < ((0.2 * avg(lineitem_1.l_quantity))))
               Rows Removed by Join Filter: 5641
               ->  GroupAggregate  (cost=914118.86..962066.45 rows=195992 width=36) (actual time=2514.013..4040.632 rows=199276 loops=1)
                     Group Key: lineitem_1.l_partkey
                     ->  Sort  (cost=914118.86..929121.43 rows=6001028 width=9) (actual time=2513.992..3145.768 rows=5979358 loops=1)
                           Sort Key: lineitem_1.l_partkey
                           Sort Method: external merge  Disk: 111632kB
                           ->  Seq Scan on lineitem lineitem_1  (cost=0.00..172570.28 rows=6001028 width=9) (actual time=0.022..741.894 rows=6001215 loops=1)
               ->  Materialize  (cost=0.85..17983.86 rows=5641 width=21) (actual time=0.145..42.362 rows=6233 loops=1)
                     ->  Nested Loop  (cost=0.85..17969.75 rows=5641 width=21) (actual time=0.142..41.396 rows=6233 loops=1)
                           ->  Index Scan using part_pkey on part  (cost=0.42..8926.42 rows=188 width=4) (actual time=0.132..36.237 rows=208 loops=1)
                                 Filter: ((p_brand = 'Brand#22'::bpchar) AND (p_container = 'LG BOX'::bpchar))
                                 Rows Removed by Filter: 199792
                           ->  Index Scan using idx_lineitem_part_supp on lineitem  (cost=0.43..47.79 rows=31 width=17) (actual time=0.003..0.020 rows=30 loops=208)
                                 Index Cond: (l_partkey = part.p_partkey)
 Planning time: 0.642 ms
 Execution time: 4109.486 ms
(21 rows)

query 18 run 1
SET
SET
SET
                                                                                                  QUERY PLAN                                                                                                   
---------------------------------------------------------------------------------------------------------------------------------------------------------------------------------------------------------------
 Limit  (cost=1855748.59..1855748.84 rows=100 width=71) (actual time=4321.834..4321.838 rows=9 loops=1)
   ->  Sort  (cost=1855748.59..1870751.16 rows=6001028 width=71) (actual time=4321.834..4321.836 rows=9 loops=1)
         Sort Key: orders.o_totalprice DESC, orders.o_orderdate
         Sort Method: quicksort  Memory: 25kB
         ->  GroupAggregate  (cost=1491370.48..1626393.61 rows=6001028 width=71) (actual time=4321.803..4321.819 rows=9 loops=1)
               Group Key: customer.c_custkey, orders.o_orderkey
               ->  Sort  (cost=1491370.48..1506373.05 rows=6001028 width=44) (actual time=4321.797..4321.801 rows=63 loops=1)
                     Sort Key: customer.c_custkey, orders.o_orderkey
                     Sort Method: quicksort  Memory: 29kB
                     ->  Hash Join  (cost=6979.74..697077.40 rows=6001028 width=44) (actual time=1043.023..4321.767 rows=63 loops=1)
                           Hash Cond: (orders.o_custkey = customer.c_custkey)
                           ->  Merge Join  (cost=7.74..674352.25 rows=6001028 width=25) (actual time=974.973..4253.686 rows=63 loops=1)
                                 Merge Cond: (orders.o_orderkey = lineitem.l_orderkey)
                                 ->  Merge Join  (cost=0.86..368331.92 rows=1500257 width=24) (actual time=744.628..3371.794 rows=9 loops=1)
                                       Merge Cond: (orders.o_orderkey = lineitem_1.l_orderkey)
                                       ->  Index Scan using orders_pkey on orders  (cost=0.43..54805.93 rows=1500000 width=20) (actual time=0.004..307.883 rows=1201687 loops=1)
                                       ->  GroupAggregate  (cost=0.43..276020.21 rows=1500257 width=4) (actual time=641.851..2996.281 rows=9 loops=1)
                                             Group Key: lineitem_1.l_orderkey
                                             Filter: (sum(lineitem_1.l_quantity) > '313'::numeric)
                                             Rows Removed by Filter: 1499991
                                             ->  Index Scan using idx_lineitem_orderkey on lineitem lineitem_1  (cost=0.43..227261.85 rows=6001028 width=9) (actual time=0.003..1627.955 rows=6001215 loops=1)
                                 ->  Index Scan using idx_lineitem_orderkey on lineitem  (cost=0.43..227261.85 rows=6001028 width=9) (actual time=0.010..615.083 rows=4807580 loops=1)
                           ->  Hash  (cost=5097.00..5097.00 rows=150000 width=23) (actual time=67.691..67.692 rows=150000 loops=1)
                                 Buckets: 262144  Batches: 1  Memory Usage: 10252kB
                                 ->  Seq Scan on customer  (cost=0.00..5097.00 rows=150000 width=23) (actual time=0.009..42.978 rows=150000 loops=1)
 Planning time: 18.311 ms
 Execution time: 4322.747 ms
(27 rows)

SET
SET
SET
                                                                                                  QUERY PLAN                                                                                                  
--------------------------------------------------------------------------------------------------------------------------------------------------------------------------------------------------------------
 Limit  (cost=1855748.59..1855748.84 rows=100 width=71) (actual time=3304.842..3304.845 rows=9 loops=1)
   ->  Sort  (cost=1855748.59..1870751.16 rows=6001028 width=71) (actual time=3304.841..3304.843 rows=9 loops=1)
         Sort Key: orders.o_totalprice DESC, orders.o_orderdate
         Sort Method: quicksort  Memory: 25kB
         ->  GroupAggregate  (cost=1491370.48..1626393.61 rows=6001028 width=71) (actual time=3304.811..3304.826 rows=9 loops=1)
               Group Key: customer.c_custkey, orders.o_orderkey
               ->  Sort  (cost=1491370.48..1506373.05 rows=6001028 width=44) (actual time=3304.805..3304.809 rows=63 loops=1)
                     Sort Key: customer.c_custkey, orders.o_orderkey
                     Sort Method: quicksort  Memory: 29kB
                     ->  Hash Join  (cost=6979.74..697077.40 rows=6001028 width=44) (actual time=788.509..3304.776 rows=63 loops=1)
                           Hash Cond: (orders.o_custkey = customer.c_custkey)
                           ->  Merge Join  (cost=7.74..674352.25 rows=6001028 width=25) (actual time=747.260..3263.498 rows=63 loops=1)
                                 Merge Cond: (orders.o_orderkey = lineitem.l_orderkey)
                                 ->  Merge Join  (cost=0.86..368331.92 rows=1500257 width=24) (actual time=516.223..2379.403 rows=9 loops=1)
                                       Merge Cond: (orders.o_orderkey = lineitem_1.l_orderkey)
                                       ->  Index Scan using orders_pkey on orders  (cost=0.43..54805.93 rows=1500000 width=20) (actual time=0.004..162.768 rows=1201687 loops=1)
                                       ->  GroupAggregate  (cost=0.43..276020.21 rows=1500257 width=4) (actual time=455.862..2150.655 rows=9 loops=1)
                                             Group Key: lineitem_1.l_orderkey
                                             Filter: (sum(lineitem_1.l_quantity) > '313'::numeric)
                                             Rows Removed by Filter: 1499991
                                             ->  Index Scan using idx_lineitem_orderkey on lineitem lineitem_1  (cost=0.43..227261.85 rows=6001028 width=9) (actual time=0.003..807.457 rows=6001215 loops=1)
                                 ->  Index Scan using idx_lineitem_orderkey on lineitem  (cost=0.43..227261.85 rows=6001028 width=9) (actual time=0.008..616.916 rows=4807580 loops=1)
                           ->  Hash  (cost=5097.00..5097.00 rows=150000 width=23) (actual time=40.903..40.904 rows=150000 loops=1)
                                 Buckets: 262144  Batches: 1  Memory Usage: 10252kB
                                 ->  Seq Scan on customer  (cost=0.00..5097.00 rows=150000 width=23) (actual time=0.009..18.891 rows=150000 loops=1)
 Planning time: 0.974 ms
 Execution time: 3305.157 ms
(27 rows)

query 19 run 1
SET
SET
SET
                                                                                                                                                                                                                                                                                                                                                                                                                                                                                                            QUERY PLAN                                                                                                                                                                                                                                                                                                                                                                                                                                                                                                            
----------------------------------------------------------------------------------------------------------------------------------------------------------------------------------------------------------------------------------------------------------------------------------------------------------------------------------------------------------------------------------------------------------------------------------------------------------------------------------------------------------------------------------------------------------------------------------------------------------------------------------------------------------------------------------------------------------------------------------------------------------------------------------------------------------------------------------------------------------------------------------------------------------------------------------------------------------------------------------------------------------------------------------
 Limit  (cost=36183.74..36183.75 rows=1 width=32) (actual time=2536.563..2536.564 rows=1 loops=1)
   ->  Aggregate  (cost=36183.74..36183.75 rows=1 width=32) (actual time=2536.562..2536.562 rows=1 loops=1)
         ->  Nested Loop  (cost=0.43..36182.88 rows=114 width=12) (actual time=11.408..2536.198 rows=111 loops=1)
               ->  Seq Scan on part  (cost=0.00..12599.00 rows=491 width=30) (actual time=0.847..83.664 rows=507 loops=1)
                     Filter: ((p_size >= 1) AND (((p_brand = 'Brand#24'::bpchar) AND (p_container = ANY ('{"SM CASE","SM BOX","SM PACK","SM PKG"}'::bpchar[])) AND (p_size <= 5)) OR ((p_brand = 'Brand#43'::bpchar) AND (p_container = ANY ('{"MED BAG","MED BOX","MED PKG","MED PACK"}'::bpchar[])) AND (p_size <= 10)) OR ((p_brand = 'Brand#44'::bpchar) AND (p_container = ANY ('{"LG CASE","LG BOX","LG PACK","LG PKG"}'::bpchar[])) AND (p_size <= 15))))
                     Rows Removed by Filter: 199493
               ->  Index Scan using idx_lineitem_part_supp on lineitem  (cost=0.43..48.02 rows=1 width=21) (actual time=4.316..4.836 rows=0 loops=507)
                     Index Cond: (l_partkey = part.p_partkey)
                     Filter: ((l_shipmode = ANY ('{AIR,"AIR REG"}'::bpchar[])) AND (l_shipinstruct = 'DELIVER IN PERSON'::bpchar) AND (((l_quantity >= '10'::numeric) AND (l_quantity <= '20'::numeric)) OR ((l_quantity >= '10'::numeric) AND (l_quantity <= '20'::numeric)) OR ((l_quantity >= '20'::numeric) AND (l_quantity <= '30'::numeric))) AND (((part.p_brand = 'Brand#24'::bpchar) AND (part.p_container = ANY ('{"SM CASE","SM BOX","SM PACK","SM PKG"}'::bpchar[])) AND (l_quantity >= '10'::numeric) AND (l_quantity <= '20'::numeric) AND (part.p_size <= 5)) OR ((part.p_brand = 'Brand#43'::bpchar) AND (part.p_container = ANY ('{"MED BAG","MED BOX","MED PKG","MED PACK"}'::bpchar[])) AND (l_quantity >= '10'::numeric) AND (l_quantity <= '20'::numeric) AND (part.p_size <= 10)) OR ((part.p_brand = 'Brand#44'::bpchar) AND (part.p_container = ANY ('{"LG CASE","LG BOX","LG PACK","LG PKG"}'::bpchar[])) AND (l_quantity >= '20'::numeric) AND (l_quantity <= '30'::numeric) AND (part.p_size <= 15))))
                     Rows Removed by Filter: 30
 Planning time: 16.371 ms
 Execution time: 2537.360 ms
(12 rows)

SET
SET
SET
                                                                                                                                                                                                                                                                                                                                                                                                                                                                                                            QUERY PLAN                                                                                                                                                                                                                                                                                                                                                                                                                                                                                                            
----------------------------------------------------------------------------------------------------------------------------------------------------------------------------------------------------------------------------------------------------------------------------------------------------------------------------------------------------------------------------------------------------------------------------------------------------------------------------------------------------------------------------------------------------------------------------------------------------------------------------------------------------------------------------------------------------------------------------------------------------------------------------------------------------------------------------------------------------------------------------------------------------------------------------------------------------------------------------------------------------------------------------------
 Limit  (cost=36183.74..36183.75 rows=1 width=32) (actual time=59.709..59.710 rows=1 loops=1)
   ->  Aggregate  (cost=36183.74..36183.75 rows=1 width=32) (actual time=59.708..59.709 rows=1 loops=1)
         ->  Nested Loop  (cost=0.43..36182.88 rows=114 width=12) (actual time=0.304..59.613 rows=111 loops=1)
               ->  Seq Scan on part  (cost=0.00..12599.00 rows=491 width=30) (actual time=0.194..42.482 rows=507 loops=1)
                     Filter: ((p_size >= 1) AND (((p_brand = 'Brand#24'::bpchar) AND (p_container = ANY ('{"SM CASE","SM BOX","SM PACK","SM PKG"}'::bpchar[])) AND (p_size <= 5)) OR ((p_brand = 'Brand#43'::bpchar) AND (p_container = ANY ('{"MED BAG","MED BOX","MED PKG","MED PACK"}'::bpchar[])) AND (p_size <= 10)) OR ((p_brand = 'Brand#44'::bpchar) AND (p_container = ANY ('{"LG CASE","LG BOX","LG PACK","LG PKG"}'::bpchar[])) AND (p_size <= 15))))
                     Rows Removed by Filter: 199493
               ->  Index Scan using idx_lineitem_part_supp on lineitem  (cost=0.43..48.02 rows=1 width=21) (actual time=0.030..0.033 rows=0 loops=507)
                     Index Cond: (l_partkey = part.p_partkey)
                     Filter: ((l_shipmode = ANY ('{AIR,"AIR REG"}'::bpchar[])) AND (l_shipinstruct = 'DELIVER IN PERSON'::bpchar) AND (((l_quantity >= '10'::numeric) AND (l_quantity <= '20'::numeric)) OR ((l_quantity >= '10'::numeric) AND (l_quantity <= '20'::numeric)) OR ((l_quantity >= '20'::numeric) AND (l_quantity <= '30'::numeric))) AND (((part.p_brand = 'Brand#24'::bpchar) AND (part.p_container = ANY ('{"SM CASE","SM BOX","SM PACK","SM PKG"}'::bpchar[])) AND (l_quantity >= '10'::numeric) AND (l_quantity <= '20'::numeric) AND (part.p_size <= 5)) OR ((part.p_brand = 'Brand#43'::bpchar) AND (part.p_container = ANY ('{"MED BAG","MED BOX","MED PKG","MED PACK"}'::bpchar[])) AND (l_quantity >= '10'::numeric) AND (l_quantity <= '20'::numeric) AND (part.p_size <= 10)) OR ((part.p_brand = 'Brand#44'::bpchar) AND (part.p_container = ANY ('{"LG CASE","LG BOX","LG PACK","LG PKG"}'::bpchar[])) AND (l_quantity >= '20'::numeric) AND (l_quantity <= '30'::numeric) AND (part.p_size <= 15))))
                     Rows Removed by Filter: 30
 Planning time: 1.071 ms
 Execution time: 59.753 ms
(12 rows)

query 20 run 1
SET
SET
SET
                                                                                        QUERY PLAN                                                                                        
------------------------------------------------------------------------------------------------------------------------------------------------------------------------------------------
 Limit  (cost=280594.79..280594.79 rows=1 width=51) (actual time=3835.027..3835.030 rows=1 loops=1)
   ->  Sort  (cost=280594.79..280594.79 rows=1 width=51) (actual time=3835.026..3835.029 rows=1 loops=1)
         Sort Key: supplier.s_name
         Sort Method: top-N heapsort  Memory: 25kB
         ->  Nested Loop Semi Join  (cost=242643.25..280594.78 rows=1 width=51) (actual time=3664.102..3834.831 rows=196 loops=1)
               Join Filter: (supplier.s_suppkey = lineitem.l_suppkey)
               Rows Removed by Join Filter: 1914277
               ->  Nested Loop  (cost=0.00..449.31 rows=400 width=55) (actual time=0.295..3.634 rows=438 loops=1)
                     Join Filter: (supplier.s_nationkey = nation.n_nationkey)
                     Rows Removed by Join Filter: 9562
                     ->  Seq Scan on nation  (cost=0.00..1.31 rows=1 width=4) (actual time=0.006..0.008 rows=1 loops=1)
                           Filter: (n_name = 'IRAQ'::bpchar)
                           Rows Removed by Filter: 24
                     ->  Seq Scan on supplier  (cost=0.00..323.00 rows=10000 width=59) (actual time=0.285..2.827 rows=10000 loops=1)
               ->  Materialize  (cost=242643.25..280139.47 rows=1 width=8) (actual time=6.017..8.506 rows=4371 loops=438)
                     ->  Merge Join  (cost=242643.25..280139.46 rows=1 width=8) (actual time=2635.456..3660.415 rows=5898 loops=1)
                           Merge Cond: (lineitem.l_partkey = partsupp.ps_partkey)
                           Join Filter: ((partsupp.ps_suppkey = lineitem.l_suppkey) AND ((partsupp.ps_availqty)::numeric > ((0.5 * sum(lineitem.l_quantity)))))
                           Rows Removed by Join Filter: 17758
                           ->  GroupAggregate  (cost=242642.40..259166.33 rows=486923 width=40) (actual time=2634.881..3117.100 rows=544645 loops=1)
                                 Group Key: lineitem.l_partkey, lineitem.l_suppkey
                                 ->  Sort  (cost=242642.40..244947.42 rows=922008 width=13) (actual time=2634.868..2738.459 rows=913097 loops=1)
                                       Sort Key: lineitem.l_partkey, lineitem.l_suppkey
                                       Sort Method: external merge  Disk: 20568kB
                                       ->  Bitmap Heap Scan on lineitem  (cost=14777.51..141167.63 rows=922008 width=13) (actual time=125.209..2243.771 rows=913487 loops=1)
                                             Recheck Cond: ((l_shipdate >= '1996-01-01'::date) AND (l_shipdate < '1997-01-01'::date))
                                             Heap Blocks: exact=104951
                                             ->  Bitmap Index Scan on idx_lineitem_shipdate  (cost=0.00..14547.01 rows=922008 width=0) (actual time=108.439..108.439 rows=913487 loops=1)
                                                   Index Cond: ((l_shipdate >= '1996-01-01'::date) AND (l_shipdate < '1997-01-01'::date))
                           ->  Materialize  (cost=0.84..14468.23 rows=8042 width=16) (actual time=0.280..508.107 rows=23762 loops=1)
                                 ->  Nested Loop  (cost=0.84..14448.12 rows=8042 width=16) (actual time=0.277..503.984 rows=8748 loops=1)
                                       ->  Index Scan using part_pkey on part  (cost=0.42..8426.42 rows=2020 width=4) (actual time=0.112..65.995 rows=2187 loops=1)
                                             Filter: ((p_name)::text ~~ 'olive%'::text)
                                             Rows Removed by Filter: 197813
                                       ->  Index Scan using idx_partsupp_partkey on partsupp  (cost=0.42..2.94 rows=4 width=12) (actual time=0.184..0.199 rows=4 loops=2187)
                                             Index Cond: (ps_partkey = part.p_partkey)
 Planning time: 18.361 ms
 Execution time: 3838.345 ms
(38 rows)

SET
SET
SET
                                                                                       QUERY PLAN                                                                                       
----------------------------------------------------------------------------------------------------------------------------------------------------------------------------------------
 Limit  (cost=280594.79..280594.79 rows=1 width=51) (actual time=1365.389..1365.391 rows=1 loops=1)
   ->  Sort  (cost=280594.79..280594.79 rows=1 width=51) (actual time=1365.388..1365.390 rows=1 loops=1)
         Sort Key: supplier.s_name
         Sort Method: top-N heapsort  Memory: 25kB
         ->  Nested Loop Semi Join  (cost=242643.25..280594.78 rows=1 width=51) (actual time=1196.286..1365.231 rows=196 loops=1)
               Join Filter: (supplier.s_suppkey = lineitem.l_suppkey)
               Rows Removed by Join Filter: 1914277
               ->  Nested Loop  (cost=0.00..449.31 rows=400 width=55) (actual time=0.009..1.657 rows=438 loops=1)
                     Join Filter: (supplier.s_nationkey = nation.n_nationkey)
                     Rows Removed by Join Filter: 9562
                     ->  Seq Scan on nation  (cost=0.00..1.31 rows=1 width=4) (actual time=0.006..0.008 rows=1 loops=1)
                           Filter: (n_name = 'IRAQ'::bpchar)
                           Rows Removed by Filter: 24
                     ->  Seq Scan on supplier  (cost=0.00..323.00 rows=10000 width=59) (actual time=0.002..0.571 rows=10000 loops=1)
               ->  Materialize  (cost=242643.25..280139.47 rows=1 width=8) (actual time=1.566..2.873 rows=4371 loops=438)
                     ->  Merge Join  (cost=242643.25..280139.46 rows=1 width=8) (actual time=685.717..1193.956 rows=5898 loops=1)
                           Merge Cond: (lineitem.l_partkey = partsupp.ps_partkey)
                           Join Filter: ((partsupp.ps_suppkey = lineitem.l_suppkey) AND ((partsupp.ps_availqty)::numeric > ((0.5 * sum(lineitem.l_quantity)))))
                           Rows Removed by Join Filter: 17758
                           ->  GroupAggregate  (cost=242642.40..259166.33 rows=486923 width=40) (actual time=685.393..1121.592 rows=544645 loops=1)
                                 Group Key: lineitem.l_partkey, lineitem.l_suppkey
                                 ->  Sort  (cost=242642.40..244947.42 rows=922008 width=13) (actual time=685.381..779.094 rows=913097 loops=1)
                                       Sort Key: lineitem.l_partkey, lineitem.l_suppkey
                                       Sort Method: external merge  Disk: 20568kB
                                       ->  Bitmap Heap Scan on lineitem  (cost=14777.51..141167.63 rows=922008 width=13) (actual time=89.032..324.170 rows=913487 loops=1)
                                             Recheck Cond: ((l_shipdate >= '1996-01-01'::date) AND (l_shipdate < '1997-01-01'::date))
                                             Heap Blocks: exact=104951
                                             ->  Bitmap Index Scan on idx_lineitem_shipdate  (cost=0.00..14547.01 rows=922008 width=0) (actual time=72.869..72.869 rows=913487 loops=1)
                                                   Index Cond: ((l_shipdate >= '1996-01-01'::date) AND (l_shipdate < '1997-01-01'::date))
                           ->  Materialize  (cost=0.84..14468.23 rows=8042 width=16) (actual time=0.046..43.459 rows=23762 loops=1)
                                 ->  Nested Loop  (cost=0.84..14448.12 rows=8042 width=16) (actual time=0.044..41.392 rows=8748 loops=1)
                                       ->  Index Scan using part_pkey on part  (cost=0.42..8426.42 rows=2020 width=4) (actual time=0.033..32.094 rows=2187 loops=1)
                                             Filter: ((p_name)::text ~~ 'olive%'::text)
                                             Rows Removed by Filter: 197813
                                       ->  Index Scan using idx_partsupp_partkey on partsupp  (cost=0.42..2.94 rows=4 width=12) (actual time=0.003..0.003 rows=4 loops=2187)
                                             Index Cond: (ps_partkey = part.p_partkey)
 Planning time: 1.292 ms
 Execution time: 1368.112 ms
(38 rows)

query 21 run 1
SET
SET
SET
                                                                                           QUERY PLAN                                                                                           
------------------------------------------------------------------------------------------------------------------------------------------------------------------------------------------------
 Limit  (cost=390277.26..390277.26 rows=1 width=34) (actual time=2765.162..2765.175 rows=100 loops=1)
   ->  Sort  (cost=390277.26..390277.26 rows=1 width=34) (actual time=2765.161..2765.168 rows=100 loops=1)
         Sort Key: (count(*)) DESC, supplier.s_name
         Sort Method: top-N heapsort  Memory: 37kB
         ->  GroupAggregate  (cost=390277.23..390277.25 rows=1 width=34) (actual time=2764.136..2764.770 rows=421 loops=1)
               Group Key: supplier.s_name
               ->  Sort  (cost=390277.23..390277.23 rows=1 width=26) (actual time=2764.129..2764.285 rows=4227 loops=1)
                     Sort Key: supplier.s_name
                     Sort Method: quicksort  Memory: 523kB
                     ->  Nested Loop Anti Join  (cost=57087.44..390277.22 rows=1 width=26) (actual time=469.532..2750.937 rows=4227 loops=1)
                           ->  Nested Loop Semi Join  (cost=57087.01..390273.81 rows=1 width=34) (actual time=465.786..2592.076 rows=73962 loops=1)
                                 Join Filter: (l2.l_suppkey <> l1.l_suppkey)
                                 Rows Removed by Join Filter: 19078
                                 ->  Hash Join  (cost=57086.58..257269.27 rows=38850 width=38) (actual time=465.772..2060.226 rows=76644 loops=1)
                                       Hash Cond: (l1.l_orderkey = orders.o_orderkey)
                                       ->  Hash Join  (cost=235.58..196108.57 rows=79886 width=34) (actual time=5.127..1497.112 rows=159165 loops=1)
                                             Hash Cond: (l1.l_suppkey = supplier.s_suppkey)
                                             ->  Seq Scan on lineitem l1  (cost=0.00..187572.85 rows=2000343 width=8) (actual time=0.010..1219.869 rows=3793296 loops=1)
                                                   Filter: (l_receiptdate > l_commitdate)
                                                   Rows Removed by Filter: 2207919
                                             ->  Hash  (cost=230.58..230.58 rows=400 width=30) (actual time=5.057..5.058 rows=421 loops=1)
                                                   Buckets: 1024  Batches: 1  Memory Usage: 35kB
                                                   ->  Nested Loop  (cost=6.38..230.58 rows=400 width=30) (actual time=0.638..4.962 rows=421 loops=1)
                                                         ->  Seq Scan on nation  (cost=0.00..1.31 rows=1 width=4) (actual time=0.003..0.005 rows=1 loops=1)
                                                               Filter: (n_name = 'PERU'::bpchar)
                                                               Rows Removed by Filter: 24
                                                         ->  Bitmap Heap Scan on supplier  (cost=6.38..225.26 rows=400 width=34) (actual time=0.632..4.880 rows=421 loops=1)
                                                               Recheck Cond: (s_nationkey = nation.n_nationkey)
                                                               Heap Blocks: exact=184
                                                               ->  Bitmap Index Scan on idx_supplier_nation_key  (cost=0.00..6.29 rows=400 width=0) (actual time=0.589..0.590 rows=421 loops=1)
                                                                     Index Cond: (s_nationkey = nation.n_nationkey)
                                       ->  Hash  (cost=44881.00..44881.00 rows=729600 width=4) (actual time=459.251..459.252 rows=729413 loops=1)
                                             Buckets: 1048576  Batches: 2  Memory Usage: 21019kB
                                             ->  Seq Scan on orders  (cost=0.00..44881.00 rows=729600 width=4) (actual time=0.012..356.577 rows=729413 loops=1)
                                                   Filter: (o_orderstatus = 'F'::bpchar)
                                                   Rows Removed by Filter: 770587
                                 ->  Index Scan using idx_lineitem_orderkey on lineitem l2  (cost=0.43..3.37 rows=4 width=8) (actual time=0.006..0.006 rows=1 loops=76644)
                                       Index Cond: (l_orderkey = orders.o_orderkey)
                           ->  Index Scan using idx_lineitem_orderkey on lineitem l3  (cost=0.43..3.39 rows=1 width=8) (actual time=0.002..0.002 rows=1 loops=73962)
                                 Index Cond: (l_orderkey = l1.l_orderkey)
                                 Filter: ((l_receiptdate > l_commitdate) AND (l_suppkey <> l1.l_suppkey))
                                 Rows Removed by Filter: 1
 Planning time: 19.121 ms
 Execution time: 2766.133 ms
(44 rows)

SET
SET
SET
                                                                                           QUERY PLAN                                                                                           
------------------------------------------------------------------------------------------------------------------------------------------------------------------------------------------------
 Limit  (cost=390277.26..390277.26 rows=1 width=34) (actual time=1947.757..1947.771 rows=100 loops=1)
   ->  Sort  (cost=390277.26..390277.26 rows=1 width=34) (actual time=1947.756..1947.764 rows=100 loops=1)
         Sort Key: (count(*)) DESC, supplier.s_name
         Sort Method: top-N heapsort  Memory: 37kB
         ->  GroupAggregate  (cost=390277.23..390277.25 rows=1 width=34) (actual time=1946.721..1947.358 rows=421 loops=1)
               Group Key: supplier.s_name
               ->  Sort  (cost=390277.23..390277.23 rows=1 width=26) (actual time=1946.715..1946.873 rows=4227 loops=1)
                     Sort Key: supplier.s_name
                     Sort Method: quicksort  Memory: 523kB
                     ->  Nested Loop Anti Join  (cost=57087.44..390277.22 rows=1 width=26) (actual time=278.600..1934.176 rows=4227 loops=1)
                           ->  Nested Loop Semi Join  (cost=57087.01..390273.81 rows=1 width=34) (actual time=276.893..1802.806 rows=73962 loops=1)
                                 Join Filter: (l2.l_suppkey <> l1.l_suppkey)
                                 Rows Removed by Join Filter: 19078
                                 ->  Hash Join  (cost=57086.58..257269.27 rows=38850 width=38) (actual time=276.879..1625.570 rows=76644 loops=1)
                                       Hash Cond: (l1.l_orderkey = orders.o_orderkey)
                                       ->  Hash Join  (cost=235.58..196108.57 rows=79886 width=34) (actual time=0.484..1257.444 rows=159165 loops=1)
                                             Hash Cond: (l1.l_suppkey = supplier.s_suppkey)
                                             ->  Seq Scan on lineitem l1  (cost=0.00..187572.85 rows=2000343 width=8) (actual time=0.011..999.303 rows=3793296 loops=1)
                                                   Filter: (l_receiptdate > l_commitdate)
                                                   Rows Removed by Filter: 2207919
                                             ->  Hash  (cost=230.58..230.58 rows=400 width=30) (actual time=0.438..0.439 rows=421 loops=1)
                                                   Buckets: 1024  Batches: 1  Memory Usage: 35kB
                                                   ->  Nested Loop  (cost=6.38..230.58 rows=400 width=30) (actual time=0.052..0.378 rows=421 loops=1)
                                                         ->  Seq Scan on nation  (cost=0.00..1.31 rows=1 width=4) (actual time=0.004..0.005 rows=1 loops=1)
                                                               Filter: (n_name = 'PERU'::bpchar)
                                                               Rows Removed by Filter: 24
                                                         ->  Bitmap Heap Scan on supplier  (cost=6.38..225.26 rows=400 width=34) (actual time=0.046..0.322 rows=421 loops=1)
                                                               Recheck Cond: (s_nationkey = nation.n_nationkey)
                                                               Heap Blocks: exact=184
                                                               ->  Bitmap Index Scan on idx_supplier_nation_key  (cost=0.00..6.29 rows=400 width=0) (actual time=0.028..0.028 rows=421 loops=1)
                                                                     Index Cond: (s_nationkey = nation.n_nationkey)
                                       ->  Hash  (cost=44881.00..44881.00 rows=729600 width=4) (actual time=274.919..274.919 rows=729413 loops=1)
                                             Buckets: 1048576  Batches: 2  Memory Usage: 21019kB
                                             ->  Seq Scan on orders  (cost=0.00..44881.00 rows=729600 width=4) (actual time=0.012..179.119 rows=729413 loops=1)
                                                   Filter: (o_orderstatus = 'F'::bpchar)
                                                   Rows Removed by Filter: 770587
                                 ->  Index Scan using idx_lineitem_orderkey on lineitem l2  (cost=0.43..3.37 rows=4 width=8) (actual time=0.002..0.002 rows=1 loops=76644)
                                       Index Cond: (l_orderkey = orders.o_orderkey)
                           ->  Index Scan using idx_lineitem_orderkey on lineitem l3  (cost=0.43..3.39 rows=1 width=8) (actual time=0.002..0.002 rows=1 loops=73962)
                                 Index Cond: (l_orderkey = l1.l_orderkey)
                                 Filter: ((l_receiptdate > l_commitdate) AND (l_suppkey <> l1.l_suppkey))
                                 Rows Removed by Filter: 1
 Planning time: 1.754 ms
 Execution time: 1948.109 ms
(44 rows)

query 22 run 1
SET
SET
SET
                                                                         QUERY PLAN                                                                          
-------------------------------------------------------------------------------------------------------------------------------------------------------------
 Limit  (cost=16122.56..16122.58 rows=1 width=72) (actual time=231.420..231.422 rows=1 loops=1)
   InitPlan 1 (returns $0)
     ->  Aggregate  (cost=7546.41..7546.42 rows=1 width=32) (actual time=102.757..102.758 rows=1 loops=1)
           ->  Seq Scan on customer customer_1  (cost=0.00..7534.50 rows=4763 width=6) (actual time=0.007..98.467 rows=38017 loops=1)
                 Filter: ((c_acctbal > 0.00) AND ("substring"((c_phone)::text, 1, 2) = ANY ('{21,29,26,34,14,15,17}'::text[])))
                 Rows Removed by Filter: 111983
   ->  GroupAggregate  (cost=8576.14..8596.51 rows=741 width=72) (actual time=231.420..231.420 rows=1 loops=1)
         Group Key: ("substring"((customer.c_phone)::text, 1, 2))
         ->  Sort  (cost=8576.14..8577.99 rows=741 width=38) (actual time=231.226..231.261 rows=952 loops=1)
               Sort Key: ("substring"((customer.c_phone)::text, 1, 2))
               Sort Method: quicksort  Memory: 492kB
               ->  Nested Loop Anti Join  (cost=0.43..8540.81 rows=741 width=38) (actual time=102.802..229.041 rows=6397 loops=1)
                     ->  Seq Scan on customer  (cost=0.00..7534.50 rows=1750 width=26) (actual time=102.781..157.179 rows=19077 loops=1)
                           Filter: ((c_acctbal > $0) AND ("substring"((c_phone)::text, 1, 2) = ANY ('{21,29,26,34,14,15,17}'::text[])))
                           Rows Removed by Filter: 130923
                     ->  Index Only Scan using idx_orders_custkey on orders  (cost=0.43..1.96 rows=17 width=4) (actual time=0.003..0.003 rows=1 loops=19077)
                           Index Cond: (o_custkey = customer.c_custkey)
                           Heap Fetches: 0
 Planning time: 13.286 ms
 Execution time: 232.161 ms
(20 rows)

SET
SET
SET
                                                                         QUERY PLAN                                                                          
-------------------------------------------------------------------------------------------------------------------------------------------------------------
 Limit  (cost=16122.56..16122.58 rows=1 width=72) (actual time=163.052..163.054 rows=1 loops=1)
   InitPlan 1 (returns $0)
     ->  Aggregate  (cost=7546.41..7546.42 rows=1 width=32) (actual time=75.021..75.022 rows=1 loops=1)
           ->  Seq Scan on customer customer_1  (cost=0.00..7534.50 rows=4763 width=6) (actual time=0.006..71.326 rows=38017 loops=1)
                 Filter: ((c_acctbal > 0.00) AND ("substring"((c_phone)::text, 1, 2) = ANY ('{21,29,26,34,14,15,17}'::text[])))
                 Rows Removed by Filter: 111983
   ->  GroupAggregate  (cost=8576.14..8596.51 rows=741 width=72) (actual time=163.051..163.052 rows=1 loops=1)
         Group Key: ("substring"((customer.c_phone)::text, 1, 2))
         ->  Sort  (cost=8576.14..8577.99 rows=741 width=38) (actual time=162.859..162.894 rows=952 loops=1)
               Sort Key: ("substring"((customer.c_phone)::text, 1, 2))
               Sort Method: quicksort  Memory: 492kB
               ->  Nested Loop Anti Join  (cost=0.43..8540.81 rows=741 width=38) (actual time=75.055..160.830 rows=6397 loops=1)
                     ->  Seq Scan on customer  (cost=0.00..7534.50 rows=1750 width=26) (actual time=75.043..125.745 rows=19077 loops=1)
                           Filter: ((c_acctbal > $0) AND ("substring"((c_phone)::text, 1, 2) = ANY ('{21,29,26,34,14,15,17}'::text[])))
                           Rows Removed by Filter: 130923
                     ->  Index Only Scan using idx_orders_custkey on orders  (cost=0.43..1.96 rows=17 width=4) (actual time=0.002..0.002 rows=1 loops=19077)
                           Index Cond: (o_custkey = customer.c_custkey)
                           Heap Fetches: 0
 Planning time: 0.556 ms
 Execution time: 163.098 ms
(20 rows)

