query 1 run 1
SET
SET
SET
                                                                 QUERY PLAN                                                                  
---------------------------------------------------------------------------------------------------------------------------------------------
 Limit  (cost=4246301.23..4246301.23 rows=1 width=236) (actual time=97185.736..97185.737 rows=1 loops=1)
   ->  Sort  (cost=4246301.23..4246301.24 rows=6 width=236) (actual time=97185.736..97185.736 rows=1 loops=1)
         Sort Key: l_returnflag, l_linestatus
         Sort Method: top-N heapsort  Memory: 25kB
         ->  HashAggregate  (cost=4246301.03..4246301.20 rows=6 width=236) (actual time=97185.712..97185.717 rows=4 loops=1)
               Group Key: l_returnflag, l_linestatus
               ->  Seq Scan on lineitem  (cost=0.00..1875063.95 rows=59280927 width=25) (actual time=0.479..12793.612 rows=59284448 loops=1)
                     Filter: (l_shipdate <= '1998-09-10 00:00:00'::timestamp without time zone)
                     Rows Removed by Filter: 701604
 Planning time: 13.394 ms
 Execution time: 97186.486 ms
(11 rows)

SET
SET
SET
                                                                 QUERY PLAN                                                                  
---------------------------------------------------------------------------------------------------------------------------------------------
 Limit  (cost=4246301.23..4246301.23 rows=1 width=236) (actual time=94993.840..94993.840 rows=1 loops=1)
   ->  Sort  (cost=4246301.23..4246301.24 rows=6 width=236) (actual time=94993.839..94993.839 rows=1 loops=1)
         Sort Key: l_returnflag, l_linestatus
         Sort Method: top-N heapsort  Memory: 25kB
         ->  HashAggregate  (cost=4246301.03..4246301.20 rows=6 width=236) (actual time=94993.815..94993.821 rows=4 loops=1)
               Group Key: l_returnflag, l_linestatus
               ->  Seq Scan on lineitem  (cost=0.00..1875063.95 rows=59280927 width=25) (actual time=0.031..11042.689 rows=59284448 loops=1)
                     Filter: (l_shipdate <= '1998-09-10 00:00:00'::timestamp without time zone)
                     Rows Removed by Filter: 701604
 Planning time: 0.493 ms
 Execution time: 94993.897 ms
(11 rows)

query 2 run 1
SET
SET
SET
                                                                                        QUERY PLAN                                                                                         
-------------------------------------------------------------------------------------------------------------------------------------------------------------------------------------------
 Limit  (cost=1123707.26..1123707.26 rows=1 width=192) (actual time=5662.907..5662.924 rows=100 loops=1)
   ->  Sort  (cost=1123707.26..1123707.26 rows=1 width=192) (actual time=5662.905..5662.919 rows=100 loops=1)
         Sort Key: supplier.s_acctbal DESC, nation.n_name, supplier.s_name, part.p_partkey
         Sort Method: top-N heapsort  Memory: 51kB
         ->  Merge Join  (cost=557413.13..1123707.25 rows=1 width=192) (actual time=3636.261..5659.828 rows=4737 loops=1)
               Merge Cond: (part.p_partkey = partsupp.ps_partkey)
               Join Filter: (partsupp.ps_supplycost = (SubPlan 1))
               Rows Removed by Join Filter: 1661
               ->  Index Scan using part_pkey on part  (cost=0.43..89212.51 rows=8323 width=30) (actual time=0.013..792.657 rows=8046 loops=1)
                     Filter: (((p_type)::text ~~ '%NICKEL'::text) AND (p_size = 16))
                     Rows Removed by Filter: 1991954
               ->  Materialize  (cost=557412.46..565394.70 rows=1596447 width=172) (actual time=3635.133..4070.015 rows=1603828 loops=1)
                     ->  Sort  (cost=557412.46..561403.58 rows=1596447 width=172) (actual time=3635.131..3935.709 rows=1603828 loops=1)
                           Sort Key: partsupp.ps_partkey
                           Sort Method: external sort  Disk: 293160kB
                           ->  Hash Join  (cost=4048.53..305231.07 rows=1596447 width=172) (actual time=41.556..2438.279 rows=1604080 loops=1)
                                 Hash Cond: (partsupp.ps_suppkey = supplier.s_suppkey)
                                 ->  Seq Scan on partsupp  (cost=0.00..255219.14 rows=7999714 width=14) (actual time=0.009..1072.127 rows=8000000 loops=1)
                                 ->  Hash  (cost=3798.53..3798.53 rows=20000 width=166) (actual time=41.531..41.531 rows=20051 loops=1)
                                       Buckets: 32768  Batches: 1  Memory Usage: 4211kB
                                       ->  Hash Join  (cost=2.53..3798.53 rows=20000 width=166) (actual time=0.017..35.968 rows=20051 loops=1)
                                             Hash Cond: (supplier.s_nationkey = nation.n_nationkey)
                                             ->  Seq Scan on supplier  (cost=0.00..3221.00 rows=100000 width=144) (actual time=0.002..24.493 rows=100000 loops=1)
                                             ->  Hash  (cost=2.47..2.47 rows=5 width=30) (actual time=0.013..0.013 rows=5 loops=1)
                                                   Buckets: 1024  Batches: 1  Memory Usage: 9kB
                                                   ->  Hash Join  (cost=1.07..2.47 rows=5 width=30) (actual time=0.008..0.012 rows=5 loops=1)
                                                         Hash Cond: (nation.n_regionkey = region.r_regionkey)
                                                         ->  Seq Scan on nation  (cost=0.00..1.25 rows=25 width=34) (actual time=0.001..0.002 rows=25 loops=1)
                                                         ->  Hash  (cost=1.06..1.06 rows=1 width=4) (actual time=0.005..0.005 rows=1 loops=1)
                                                               Buckets: 1024  Batches: 1  Memory Usage: 9kB
                                                               ->  Seq Scan on region  (cost=0.00..1.06 rows=1 width=4) (actual time=0.003..0.004 rows=1 loops=1)
                                                                     Filter: (r_name = 'AMERICA'::bpchar)
                                                                     Rows Removed by Filter: 4
               SubPlan 1
                 ->  Aggregate  (cost=69.98..69.99 rows=1 width=32) (actual time=0.096..0.096 rows=1 loops=6398)
                       ->  Nested Loop  (cost=2.29..69.97 rows=4 width=6) (actual time=0.085..0.093 rows=2 loops=6398)
                             Join Filter: (nation_1.n_regionkey = region_1.r_regionkey)
                             Rows Removed by Join Filter: 2
                             ->  Seq Scan on region region_1  (cost=0.00..1.06 rows=1 width=4) (actual time=0.001..0.002 rows=1 loops=6398)
                                   Filter: (r_name = 'AMERICA'::bpchar)
                                   Rows Removed by Filter: 4
                             ->  Hash Join  (cost=2.29..68.67 rows=19 width=10) (actual time=0.079..0.091 rows=4 loops=6398)
                                   Hash Cond: (supplier_1.s_nationkey = nation_1.n_nationkey)
                                   ->  Nested Loop  (cost=0.72..66.84 rows=19 width=10) (actual time=0.078..0.089 rows=4 loops=6398)
                                         ->  Index Scan using idx_partsupp_partkey on partsupp partsupp_1  (cost=0.43..3.77 rows=19 width=10) (actual time=0.074..0.075 rows=4 loops=6398)
                                               Index Cond: (part.p_partkey = ps_partkey)
                                         ->  Index Scan using supplier_pkey on supplier supplier_1  (cost=0.29..3.31 rows=1 width=8) (actual time=0.003..0.003 rows=1 loops=25592)
                                               Index Cond: (s_suppkey = partsupp_1.ps_suppkey)
                                   ->  Hash  (cost=1.25..1.25 rows=25 width=8) (actual time=0.010..0.010 rows=25 loops=1)
                                         Buckets: 1024  Batches: 1  Memory Usage: 9kB
                                         ->  Seq Scan on nation nation_1  (cost=0.00..1.25 rows=25 width=8) (actual time=0.002..0.006 rows=25 loops=1)
 Planning time: 19.126 ms
 Execution time: 5699.948 ms
(53 rows)

SET
SET
SET
                                                                                        QUERY PLAN                                                                                         
-------------------------------------------------------------------------------------------------------------------------------------------------------------------------------------------
 Limit  (cost=1123707.26..1123707.26 rows=1 width=192) (actual time=4414.426..4414.441 rows=100 loops=1)
   ->  Sort  (cost=1123707.26..1123707.26 rows=1 width=192) (actual time=4414.425..4414.436 rows=100 loops=1)
         Sort Key: supplier.s_acctbal DESC, nation.n_name, supplier.s_name, part.p_partkey
         Sort Method: top-N heapsort  Memory: 51kB
         ->  Merge Join  (cost=557413.13..1123707.25 rows=1 width=192) (actual time=3210.308..4412.266 rows=4737 loops=1)
               Merge Cond: (part.p_partkey = partsupp.ps_partkey)
               Join Filter: (partsupp.ps_supplycost = (SubPlan 1))
               Rows Removed by Join Filter: 1661
               ->  Index Scan using part_pkey on part  (cost=0.43..89212.51 rows=8323 width=30) (actual time=0.014..495.428 rows=8046 loops=1)
                     Filter: (((p_type)::text ~~ '%NICKEL'::text) AND (p_size = 16))
                     Rows Removed by Filter: 1991954
               ->  Materialize  (cost=557412.46..565394.70 rows=1596447 width=172) (actual time=3210.198..3636.811 rows=1603828 loops=1)
                     ->  Sort  (cost=557412.46..561403.58 rows=1596447 width=172) (actual time=3210.196..3504.817 rows=1603828 loops=1)
                           Sort Key: partsupp.ps_partkey
                           Sort Method: external sort  Disk: 293160kB
                           ->  Hash Join  (cost=4048.53..305231.07 rows=1596447 width=172) (actual time=24.966..2042.054 rows=1604080 loops=1)
                                 Hash Cond: (partsupp.ps_suppkey = supplier.s_suppkey)
                                 ->  Seq Scan on partsupp  (cost=0.00..255219.14 rows=7999714 width=14) (actual time=0.011..779.323 rows=8000000 loops=1)
                                 ->  Hash  (cost=3798.53..3798.53 rows=20000 width=166) (actual time=24.714..24.714 rows=20051 loops=1)
                                       Buckets: 32768  Batches: 1  Memory Usage: 4211kB
                                       ->  Hash Join  (cost=2.53..3798.53 rows=20000 width=166) (actual time=0.022..19.826 rows=20051 loops=1)
                                             Hash Cond: (supplier.s_nationkey = nation.n_nationkey)
                                             ->  Seq Scan on supplier  (cost=0.00..3221.00 rows=100000 width=144) (actual time=0.002..5.441 rows=100000 loops=1)
                                             ->  Hash  (cost=2.47..2.47 rows=5 width=30) (actual time=0.015..0.015 rows=5 loops=1)
                                                   Buckets: 1024  Batches: 1  Memory Usage: 9kB
                                                   ->  Hash Join  (cost=1.07..2.47 rows=5 width=30) (actual time=0.009..0.012 rows=5 loops=1)
                                                         Hash Cond: (nation.n_regionkey = region.r_regionkey)
                                                         ->  Seq Scan on nation  (cost=0.00..1.25 rows=25 width=34) (actual time=0.002..0.003 rows=25 loops=1)
                                                         ->  Hash  (cost=1.06..1.06 rows=1 width=4) (actual time=0.005..0.005 rows=1 loops=1)
                                                               Buckets: 1024  Batches: 1  Memory Usage: 9kB
                                                               ->  Seq Scan on region  (cost=0.00..1.06 rows=1 width=4) (actual time=0.003..0.004 rows=1 loops=1)
                                                                     Filter: (r_name = 'AMERICA'::bpchar)
                                                                     Rows Removed by Filter: 4
               SubPlan 1
                 ->  Aggregate  (cost=69.98..69.99 rows=1 width=32) (actual time=0.016..0.016 rows=1 loops=6398)
                       ->  Nested Loop  (cost=2.29..69.97 rows=4 width=6) (actual time=0.009..0.014 rows=2 loops=6398)
                             Join Filter: (nation_1.n_regionkey = region_1.r_regionkey)
                             Rows Removed by Join Filter: 2
                             ->  Seq Scan on region region_1  (cost=0.00..1.06 rows=1 width=4) (actual time=0.001..0.001 rows=1 loops=6398)
                                   Filter: (r_name = 'AMERICA'::bpchar)
                                   Rows Removed by Filter: 4
                             ->  Hash Join  (cost=2.29..68.67 rows=19 width=10) (actual time=0.005..0.012 rows=4 loops=6398)
                                   Hash Cond: (supplier_1.s_nationkey = nation_1.n_nationkey)
                                   ->  Nested Loop  (cost=0.72..66.84 rows=19 width=10) (actual time=0.004..0.011 rows=4 loops=6398)
                                         ->  Index Scan using idx_partsupp_partkey on partsupp partsupp_1  (cost=0.43..3.77 rows=19 width=10) (actual time=0.002..0.003 rows=4 loops=6398)
                                               Index Cond: (part.p_partkey = ps_partkey)
                                         ->  Index Scan using supplier_pkey on supplier supplier_1  (cost=0.29..3.31 rows=1 width=8) (actual time=0.002..0.002 rows=1 loops=25592)
                                               Index Cond: (s_suppkey = partsupp_1.ps_suppkey)
                                   ->  Hash  (cost=1.25..1.25 rows=25 width=8) (actual time=0.010..0.010 rows=25 loops=1)
                                         Buckets: 1024  Batches: 1  Memory Usage: 9kB
                                         ->  Seq Scan on nation nation_1  (cost=0.00..1.25 rows=25 width=8) (actual time=0.003..0.006 rows=25 loops=1)
 Planning time: 1.610 ms
 Execution time: 4450.977 ms
(53 rows)

query 3 run 1
SET
SET
SET
                                                                                         QUERY PLAN                                                                                          
---------------------------------------------------------------------------------------------------------------------------------------------------------------------------------------------
 Limit  (cost=3463512.03..3463512.05 rows=10 width=44) (actual time=26957.165..26957.166 rows=10 loops=1)
   ->  Sort  (cost=3463512.03..3471407.18 rows=3158060 width=44) (actual time=26957.164..26957.164 rows=10 loops=1)
         Sort Key: (sum((lineitem.l_extendedprice * ('1'::numeric - lineitem.l_discount)))) DESC, orders.o_orderdate
         Sort Method: top-N heapsort  Memory: 25kB
         ->  GroupAggregate  (cost=3300525.68..3395267.48 rows=3158060 width=44) (actual time=26752.448..26937.667 rows=113934 loops=1)
               Group Key: lineitem.l_orderkey, orders.o_orderdate, orders.o_shippriority
               ->  Sort  (cost=3300525.68..3308420.83 rows=3158060 width=24) (actual time=26752.430..26773.194 rows=301530 loops=1)
                     Sort Key: lineitem.l_orderkey, orders.o_orderdate, orders.o_shippriority
                     Sort Method: quicksort  Memory: 31119kB
                     ->  Hash Join  (cost=562423.73..2917967.27 rows=3158060 width=24) (actual time=8017.784..26660.964 rows=301530 loops=1)
                           Hash Cond: (lineitem.l_orderkey = orders.o_orderkey)
                           ->  Seq Scan on lineitem  (cost=0.00..1875063.95 rows=32689598 width=16) (actual time=0.015..12390.325 rows=32534229 loops=1)
                                 Filter: (l_shipdate > '1995-03-07'::date)
                                 Rows Removed by Filter: 27451823
                           ->  Hash  (cost=537230.36..537230.36 rows=1449309 width=12) (actual time=8014.538..8014.538 rows=1451805 loops=1)
                                 Buckets: 1048576  Batches: 4  Memory Usage: 23817kB
                                 ->  Hash Join  (cost=144123.80..537230.36 rows=1449309 width=12) (actual time=1916.183..7725.438 rows=1451805 loops=1)
                                       Hash Cond: (orders.o_custkey = customer.c_custkey)
                                       ->  Bitmap Heap Scan on orders  (cost=85663.70..437197.45 rows=7221260 width=16) (actual time=1391.809..5594.329 rows=7239437 loops=1)
                                             Recheck Cond: (o_orderdate < '1995-03-07'::date)
                                             Heap Blocks: exact=261268
                                             ->  Bitmap Index Scan on idx_orders_orderdate  (cost=0.00..83858.38 rows=7221260 width=0) (actual time=1335.467..1335.467 rows=7239437 loops=1)
                                                   Index Cond: (o_orderdate < '1995-03-07'::date)
                                       ->  Hash  (cost=54696.98..54696.98 rows=301050 width=4) (actual time=523.556..523.557 rows=300276 loops=1)
                                             Buckets: 524288  Batches: 1  Memory Usage: 14653kB
                                             ->  Seq Scan on customer  (cost=0.00..54696.98 rows=301050 width=4) (actual time=0.014..473.738 rows=300276 loops=1)
                                                   Filter: (c_mktsegment = 'BUILDING'::bpchar)
                                                   Rows Removed by Filter: 1199724
 Planning time: 22.948 ms
 Execution time: 26957.324 ms
(30 rows)

SET
SET
SET
                                                                                         QUERY PLAN                                                                                          
---------------------------------------------------------------------------------------------------------------------------------------------------------------------------------------------
 Limit  (cost=3463512.03..3463512.05 rows=10 width=44) (actual time=22174.078..22174.079 rows=10 loops=1)
   ->  Sort  (cost=3463512.03..3471407.18 rows=3158060 width=44) (actual time=22174.077..22174.077 rows=10 loops=1)
         Sort Key: (sum((lineitem.l_extendedprice * ('1'::numeric - lineitem.l_discount)))) DESC, orders.o_orderdate
         Sort Method: top-N heapsort  Memory: 25kB
         ->  GroupAggregate  (cost=3300525.68..3395267.48 rows=3158060 width=44) (actual time=21969.542..22154.798 rows=113934 loops=1)
               Group Key: lineitem.l_orderkey, orders.o_orderdate, orders.o_shippriority
               ->  Sort  (cost=3300525.68..3308420.83 rows=3158060 width=24) (actual time=21969.524..21990.486 rows=301530 loops=1)
                     Sort Key: lineitem.l_orderkey, orders.o_orderdate, orders.o_shippriority
                     Sort Method: quicksort  Memory: 31119kB
                     ->  Hash Join  (cost=562423.73..2917967.27 rows=3158060 width=24) (actual time=5273.923..21880.151 rows=301530 loops=1)
                           Hash Cond: (lineitem.l_orderkey = orders.o_orderkey)
                           ->  Seq Scan on lineitem  (cost=0.00..1875063.95 rows=32689598 width=16) (actual time=0.009..10450.467 rows=32534229 loops=1)
                                 Filter: (l_shipdate > '1995-03-07'::date)
                                 Rows Removed by Filter: 27451823
                           ->  Hash  (cost=537230.36..537230.36 rows=1449309 width=12) (actual time=5272.057..5272.057 rows=1451805 loops=1)
                                 Buckets: 1048576  Batches: 4  Memory Usage: 23817kB
                                 ->  Hash Join  (cost=144123.80..537230.36 rows=1449309 width=12) (actual time=1691.989..5019.891 rows=1451805 loops=1)
                                       Hash Cond: (orders.o_custkey = customer.c_custkey)
                                       ->  Bitmap Heap Scan on orders  (cost=85663.70..437197.45 rows=7221260 width=16) (actual time=1300.993..3103.560 rows=7239437 loops=1)
                                             Recheck Cond: (o_orderdate < '1995-03-07'::date)
                                             Heap Blocks: exact=261268
                                             ->  Bitmap Index Scan on idx_orders_orderdate  (cost=0.00..83858.38 rows=7221260 width=0) (actual time=1244.572..1244.572 rows=7239437 loops=1)
                                                   Index Cond: (o_orderdate < '1995-03-07'::date)
                                       ->  Hash  (cost=54696.98..54696.98 rows=301050 width=4) (actual time=390.311..390.311 rows=300276 loops=1)
                                             Buckets: 524288  Batches: 1  Memory Usage: 14653kB
                                             ->  Seq Scan on customer  (cost=0.00..54696.98 rows=301050 width=4) (actual time=0.014..342.773 rows=300276 loops=1)
                                                   Filter: (c_mktsegment = 'BUILDING'::bpchar)
                                                   Rows Removed by Filter: 1199724
 Planning time: 1.083 ms
 Execution time: 22174.206 ms
(30 rows)

query 4 run 1
SET
SET
SET
                                                                              QUERY PLAN                                                                              
----------------------------------------------------------------------------------------------------------------------------------------------------------------------
 Limit  (cost=2064404.35..2064404.35 rows=1 width=24) (actual time=19305.775..19305.775 rows=1 loops=1)
   ->  Sort  (cost=2064404.35..2064404.36 rows=5 width=24) (actual time=19305.774..19305.774 rows=1 loops=1)
         Sort Key: orders.o_orderpriority
         Sort Method: top-N heapsort  Memory: 25kB
         ->  HashAggregate  (cost=2064404.27..2064404.32 rows=5 width=24) (actual time=19305.752..19305.754 rows=5 loops=1)
               Group Key: orders.o_orderpriority
               ->  Nested Loop Semi Join  (cost=8041.45..2061605.95 rows=559665 width=16) (actual time=162.226..19059.334 rows=513822 loops=1)
                     ->  Bitmap Heap Scan on orders  (cost=8040.89..277705.89 rows=559800 width=20) (actual time=162.133..5148.629 rows=560424 loops=1)
                           Recheck Cond: ((o_orderdate >= '1993-12-01'::date) AND (o_orderdate < '1994-03-01'::date))
                           Heap Blocks: exact=231887
                           ->  Bitmap Index Scan on idx_orders_orderdate  (cost=0.00..7900.94 rows=559800 width=0) (actual time=113.264..113.264 rows=560424 loops=1)
                                 Index Cond: ((o_orderdate >= '1993-12-01'::date) AND (o_orderdate < '1994-03-01'::date))
                     ->  Index Scan using idx_lineitem_orderkey on lineitem  (cost=0.56..3.61 rows=1 width=4) (actual time=0.024..0.024 rows=1 loops=560424)
                           Index Cond: (l_orderkey = orders.o_orderkey)
                           Filter: (l_commitdate < l_receiptdate)
                           Rows Removed by Filter: 1
 Planning time: 15.180 ms
 Execution time: 19305.905 ms
(18 rows)

SET
SET
SET
                                                                              QUERY PLAN                                                                              
----------------------------------------------------------------------------------------------------------------------------------------------------------------------
 Limit  (cost=2064404.35..2064404.35 rows=1 width=24) (actual time=4774.320..4774.320 rows=1 loops=1)
   ->  Sort  (cost=2064404.35..2064404.36 rows=5 width=24) (actual time=4774.319..4774.319 rows=1 loops=1)
         Sort Key: orders.o_orderpriority
         Sort Method: top-N heapsort  Memory: 25kB
         ->  HashAggregate  (cost=2064404.27..2064404.32 rows=5 width=24) (actual time=4774.297..4774.298 rows=5 loops=1)
               Group Key: orders.o_orderpriority
               ->  Nested Loop Semi Join  (cost=8041.45..2061605.95 rows=559665 width=16) (actual time=161.515..4608.909 rows=513822 loops=1)
                     ->  Bitmap Heap Scan on orders  (cost=8040.89..277705.89 rows=559800 width=20) (actual time=161.477..1237.275 rows=560424 loops=1)
                           Recheck Cond: ((o_orderdate >= '1993-12-01'::date) AND (o_orderdate < '1994-03-01'::date))
                           Heap Blocks: exact=231887
                           ->  Bitmap Index Scan on idx_orders_orderdate  (cost=0.00..7900.94 rows=559800 width=0) (actual time=112.451..112.451 rows=560424 loops=1)
                                 Index Cond: ((o_orderdate >= '1993-12-01'::date) AND (o_orderdate < '1994-03-01'::date))
                     ->  Index Scan using idx_lineitem_orderkey on lineitem  (cost=0.56..3.61 rows=1 width=4) (actual time=0.006..0.006 rows=1 loops=560424)
                           Index Cond: (l_orderkey = orders.o_orderkey)
                           Filter: (l_commitdate < l_receiptdate)
                           Rows Removed by Filter: 1
 Planning time: 0.949 ms
 Execution time: 4774.378 ms
(18 rows)

query 5 run 1
SET
SET
SET
                                                                                        QUERY PLAN                                                                                         
-------------------------------------------------------------------------------------------------------------------------------------------------------------------------------------------
 Limit  (cost=2095790.89..2095790.90 rows=1 width=58) (actual time=22614.392..22614.393 rows=1 loops=1)
   ->  Sort  (cost=2095790.89..2095790.96 rows=25 width=58) (actual time=22614.391..22614.391 rows=1 loops=1)
         Sort Key: (sum((lineitem.l_extendedprice * ('1'::numeric - lineitem.l_discount)))) DESC
         Sort Method: top-N heapsort  Memory: 25kB
         ->  GroupAggregate  (cost=2094880.58..2095790.77 rows=25 width=58) (actual time=22583.058..22614.374 rows=5 loops=1)
               Group Key: nation.n_name
               ->  Sort  (cost=2094880.58..2095062.56 rows=72790 width=38) (actual time=22575.110..22580.537 rows=72033 loops=1)
                     Sort Key: nation.n_name
                     Sort Method: quicksort  Memory: 8700kB
                     ->  Hash Join  (cost=100859.24..2089002.26 rows=72790 width=38) (actual time=1136.330..22531.859 rows=72033 loops=1)
                           Hash Cond: ((lineitem.l_suppkey = supplier.s_suppkey) AND (customer.c_nationkey = supplier.s_nationkey))
                           ->  Nested Loop  (cost=96138.24..2069849.31 rows=1827207 width=50) (actual time=1091.398..22082.982 rows=1815327 loops=1)
                                 ->  Hash Join  (cost=96137.68..404810.31 rows=456912 width=38) (actual time=1089.577..7205.702 rows=453399 loops=1)
                                       Hash Cond: (orders.o_custkey = customer.c_custkey)
                                       ->  Bitmap Heap Scan on orders  (cost=32813.18..328349.58 rows=2284560 width=8) (actual time=500.010..5995.513 rows=2276638 loops=1)
                                             Recheck Cond: ((o_orderdate >= '1993-01-01'::date) AND (o_orderdate < '1994-01-01'::date))
                                             Heap Blocks: exact=261246
                                             ->  Bitmap Index Scan on idx_orders_orderdate  (cost=0.00..32242.04 rows=2284560 width=0) (actual time=444.567..444.567 rows=2276638 loops=1)
                                                   Index Cond: ((o_orderdate >= '1993-01-01'::date) AND (o_orderdate < '1994-01-01'::date))
                                       ->  Hash  (cost=59574.50..59574.50 rows=300000 width=38) (actual time=588.795..588.795 rows=299436 loops=1)
                                             Buckets: 524288  Batches: 1  Memory Usage: 25151kB
                                             ->  Hash Join  (cost=2.53..59574.50 rows=300000 width=38) (actual time=0.038..528.444 rows=299436 loops=1)
                                                   Hash Cond: (customer.c_nationkey = nation.n_nationkey)
                                                   ->  Seq Scan on customer  (cost=0.00..50946.98 rows=1499998 width=8) (actual time=0.008..365.308 rows=1500000 loops=1)
                                                   ->  Hash  (cost=2.47..2.47 rows=5 width=30) (actual time=0.022..0.022 rows=5 loops=1)
                                                         Buckets: 1024  Batches: 1  Memory Usage: 9kB
                                                         ->  Hash Join  (cost=1.07..2.47 rows=5 width=30) (actual time=0.017..0.022 rows=5 loops=1)
                                                               Hash Cond: (nation.n_regionkey = region.r_regionkey)
                                                               ->  Seq Scan on nation  (cost=0.00..1.25 rows=25 width=34) (actual time=0.002..0.003 rows=25 loops=1)
                                                               ->  Hash  (cost=1.06..1.06 rows=1 width=4) (actual time=0.010..0.010 rows=1 loops=1)
                                                                     Buckets: 1024  Batches: 1  Memory Usage: 9kB
                                                                     ->  Seq Scan on region  (cost=0.00..1.06 rows=1 width=4) (actual time=0.007..0.008 rows=1 loops=1)
                                                                           Filter: (r_name = 'AMERICA'::bpchar)
                                                                           Rows Removed by Filter: 4
                                 ->  Index Scan using idx_lineitem_orderkey on lineitem  (cost=0.56..3.60 rows=4 width=20) (actual time=0.030..0.032 rows=4 loops=453399)
                                       Index Cond: (l_orderkey = orders.o_orderkey)
                           ->  Hash  (cost=3221.00..3221.00 rows=100000 width=8) (actual time=44.161..44.161 rows=100000 loops=1)
                                 Buckets: 131072  Batches: 1  Memory Usage: 4931kB
                                 ->  Seq Scan on supplier  (cost=0.00..3221.00 rows=100000 width=8) (actual time=0.004..29.629 rows=100000 loops=1)
 Planning time: 26.073 ms
 Execution time: 22614.679 ms
(41 rows)

SET
SET
SET
                                                                                        QUERY PLAN                                                                                         
-------------------------------------------------------------------------------------------------------------------------------------------------------------------------------------------
 Limit  (cost=2095790.89..2095790.90 rows=1 width=58) (actual time=6377.656..6377.657 rows=1 loops=1)
   ->  Sort  (cost=2095790.89..2095790.96 rows=25 width=58) (actual time=6377.656..6377.656 rows=1 loops=1)
         Sort Key: (sum((lineitem.l_extendedprice * ('1'::numeric - lineitem.l_discount)))) DESC
         Sort Method: top-N heapsort  Memory: 25kB
         ->  GroupAggregate  (cost=2094880.58..2095790.77 rows=25 width=58) (actual time=6346.182..6377.635 rows=5 loops=1)
               Group Key: nation.n_name
               ->  Sort  (cost=2094880.58..2095062.56 rows=72790 width=38) (actual time=6338.263..6343.761 rows=72033 loops=1)
                     Sort Key: nation.n_name
                     Sort Method: quicksort  Memory: 8700kB
                     ->  Hash Join  (cost=100859.24..2089002.26 rows=72790 width=38) (actual time=986.648..6303.572 rows=72033 loops=1)
                           Hash Cond: ((lineitem.l_suppkey = supplier.s_suppkey) AND (customer.c_nationkey = supplier.s_nationkey))
                           ->  Nested Loop  (cost=96138.24..2069849.31 rows=1827207 width=50) (actual time=947.877..5902.775 rows=1815327 loops=1)
                                 ->  Hash Join  (cost=96137.68..404810.31 rows=456912 width=38) (actual time=947.856..2750.716 rows=453399 loops=1)
                                       Hash Cond: (orders.o_custkey = customer.c_custkey)
                                       ->  Bitmap Heap Scan on orders  (cost=32813.18..328349.58 rows=2284560 width=8) (actual time=468.902..1738.171 rows=2276638 loops=1)
                                             Recheck Cond: ((o_orderdate >= '1993-01-01'::date) AND (o_orderdate < '1994-01-01'::date))
                                             Heap Blocks: exact=261246
                                             ->  Bitmap Index Scan on idx_orders_orderdate  (cost=0.00..32242.04 rows=2284560 width=0) (actual time=413.044..413.044 rows=2276638 loops=1)
                                                   Index Cond: ((o_orderdate >= '1993-01-01'::date) AND (o_orderdate < '1994-01-01'::date))
                                       ->  Hash  (cost=59574.50..59574.50 rows=300000 width=38) (actual time=478.282..478.282 rows=299436 loops=1)
                                             Buckets: 524288  Batches: 1  Memory Usage: 25151kB
                                             ->  Hash Join  (cost=2.53..59574.50 rows=300000 width=38) (actual time=0.038..421.453 rows=299436 loops=1)
                                                   Hash Cond: (customer.c_nationkey = nation.n_nationkey)
                                                   ->  Seq Scan on customer  (cost=0.00..50946.98 rows=1499998 width=8) (actual time=0.009..262.829 rows=1500000 loops=1)
                                                   ->  Hash  (cost=2.47..2.47 rows=5 width=30) (actual time=0.021..0.021 rows=5 loops=1)
                                                         Buckets: 1024  Batches: 1  Memory Usage: 9kB
                                                         ->  Hash Join  (cost=1.07..2.47 rows=5 width=30) (actual time=0.016..0.021 rows=5 loops=1)
                                                               Hash Cond: (nation.n_regionkey = region.r_regionkey)
                                                               ->  Seq Scan on nation  (cost=0.00..1.25 rows=25 width=34) (actual time=0.002..0.002 rows=25 loops=1)
                                                               ->  Hash  (cost=1.06..1.06 rows=1 width=4) (actual time=0.010..0.010 rows=1 loops=1)
                                                                     Buckets: 1024  Batches: 1  Memory Usage: 9kB
                                                                     ->  Seq Scan on region  (cost=0.00..1.06 rows=1 width=4) (actual time=0.007..0.009 rows=1 loops=1)
                                                                           Filter: (r_name = 'AMERICA'::bpchar)
                                                                           Rows Removed by Filter: 4
                                 ->  Index Scan using idx_lineitem_orderkey on lineitem  (cost=0.56..3.60 rows=4 width=20) (actual time=0.005..0.006 rows=4 loops=453399)
                                       Index Cond: (l_orderkey = orders.o_orderkey)
                           ->  Hash  (cost=3221.00..3221.00 rows=100000 width=8) (actual time=38.483..38.483 rows=100000 loops=1)
                                 Buckets: 131072  Batches: 1  Memory Usage: 4931kB
                                 ->  Seq Scan on supplier  (cost=0.00..3221.00 rows=100000 width=8) (actual time=0.004..22.414 rows=100000 loops=1)
 Planning time: 2.953 ms
 Execution time: 6377.899 ms
(41 rows)

query 6 run 1
SET
SET
SET
                                                                                                          QUERY PLAN                                                                                                           
-------------------------------------------------------------------------------------------------------------------------------------------------------------------------------------------------------------------------------
 Limit  (cost=1080142.74..1080142.75 rows=1 width=32) (actual time=14150.426..14150.426 rows=1 loops=1)
   ->  Aggregate  (cost=1080142.74..1080142.75 rows=1 width=32) (actual time=14150.426..14150.426 rows=1 loops=1)
         ->  Bitmap Heap Scan on lineitem  (cost=208434.38..1074253.06 rows=1177934 width=12) (actual time=1436.056..13477.492 rows=1194558 loops=1)
               Recheck Cond: ((l_shipdate >= '1993-01-01'::date) AND (l_shipdate < '1994-01-01 00:00:00'::timestamp without time zone) AND (l_discount >= 0.06) AND (l_discount <= 0.08) AND (l_quantity < '25'::numeric))
               Rows Removed by Index Recheck: 21866393
               Heap Blocks: exact=238202 lossy=424766
               ->  Bitmap Index Scan on idx_lineitem_shipdate  (cost=0.00..208139.90 rows=1177934 width=0) (actual time=1384.209..1384.209 rows=1194558 loops=1)
                     Index Cond: ((l_shipdate >= '1993-01-01'::date) AND (l_shipdate < '1994-01-01 00:00:00'::timestamp without time zone) AND (l_discount >= 0.06) AND (l_discount <= 0.08) AND (l_quantity < '25'::numeric))
 Planning time: 10.607 ms
 Execution time: 14150.510 ms
(10 rows)

SET
SET
SET
                                                                                                          QUERY PLAN                                                                                                           
-------------------------------------------------------------------------------------------------------------------------------------------------------------------------------------------------------------------------------
 Limit  (cost=1080142.74..1080142.75 rows=1 width=32) (actual time=8839.464..8839.465 rows=1 loops=1)
   ->  Aggregate  (cost=1080142.74..1080142.75 rows=1 width=32) (actual time=8839.462..8839.462 rows=1 loops=1)
         ->  Bitmap Heap Scan on lineitem  (cost=208434.38..1074253.06 rows=1177934 width=12) (actual time=1289.084..8358.524 rows=1194558 loops=1)
               Recheck Cond: ((l_shipdate >= '1993-01-01'::date) AND (l_shipdate < '1994-01-01 00:00:00'::timestamp without time zone) AND (l_discount >= 0.06) AND (l_discount <= 0.08) AND (l_quantity < '25'::numeric))
               Rows Removed by Index Recheck: 21866393
               Heap Blocks: exact=238202 lossy=424766
               ->  Bitmap Index Scan on idx_lineitem_shipdate  (cost=0.00..208139.90 rows=1177934 width=0) (actual time=1238.146..1238.146 rows=1194558 loops=1)
                     Index Cond: ((l_shipdate >= '1993-01-01'::date) AND (l_shipdate < '1994-01-01 00:00:00'::timestamp without time zone) AND (l_discount >= 0.06) AND (l_discount <= 0.08) AND (l_quantity < '25'::numeric))
 Planning time: 0.629 ms
 Execution time: 8839.538 ms
(10 rows)

query 7 run 1
SET
SET
SET
                                                                                     QUERY PLAN                                                                                      
-------------------------------------------------------------------------------------------------------------------------------------------------------------------------------------
 Limit  (cost=2384649.40..2384649.53 rows=1 width=92) (actual time=33154.350..33154.350 rows=1 loops=1)
   ->  GroupAggregate  (cost=2384649.40..2385880.60 rows=10032 width=92) (actual time=33154.349..33154.349 rows=1 loops=1)
         Group Key: n1.n_name, n2.n_name, (date_part('year'::text, (lineitem.l_shipdate)::timestamp without time zone))
         ->  Sort  (cost=2384649.40..2384800.21 rows=60322 width=72) (actual time=33144.884..33146.223 rows=14421 loops=1)
               Sort Key: n1.n_name, n2.n_name, (date_part('year'::text, (lineitem.l_shipdate)::timestamp without time zone))
               Sort Method: quicksort  Memory: 9664kB
               ->  Hash Join  (cost=857354.32..2379859.72 rows=60322 width=72) (actual time=8119.525..33116.139 rows=57794 loops=1)
                     Hash Cond: (lineitem.l_orderkey = orders.o_orderkey)
                     Join Filter: (((n1.n_name = 'PERU'::bpchar) AND (n2.n_name = 'MOROCCO'::bpchar)) OR ((n1.n_name = 'MOROCCO'::bpchar) AND (n2.n_name = 'PERU'::bpchar)))
                     Rows Removed by Join Filter: 58158
                     ->  Hash Join  (cost=295326.28..1776090.33 rows=1449485 width=46) (actual time=3162.587..27364.758 rows=1455694 loops=1)
                           Hash Cond: (lineitem.l_suppkey = supplier.s_suppkey)
                           ->  Bitmap Heap Scan on lineitem  (cost=291548.88..1689592.84 rows=18193397 width=24) (actual time=3128.096..24930.214 rows=18230325 loops=1)
                                 Recheck Cond: ((l_shipdate >= '1995-01-01'::date) AND (l_shipdate <= '1996-12-31'::date))
                                 Rows Removed by Index Recheck: 30957726
                                 Heap Blocks: exact=274040 lossy=846026
                                 ->  Bitmap Index Scan on idx_lineitem_shipdate  (cost=0.00..287000.53 rows=18193397 width=0) (actual time=3068.685..3068.685 rows=18230325 loops=1)
                                       Index Cond: ((l_shipdate >= '1995-01-01'::date) AND (l_shipdate <= '1996-12-31'::date))
                           ->  Hash  (cost=3677.40..3677.40 rows=8000 width=30) (actual time=34.431..34.431 rows=7981 loops=1)
                                 Buckets: 8192  Batches: 1  Memory Usage: 548kB
                                 ->  Hash Join  (cost=1.40..3677.40 rows=8000 width=30) (actual time=0.015..32.953 rows=7981 loops=1)
                                       Hash Cond: (supplier.s_nationkey = n1.n_nationkey)
                                       ->  Seq Scan on supplier  (cost=0.00..3221.00 rows=100000 width=8) (actual time=0.003..23.625 rows=100000 loops=1)
                                       ->  Hash  (cost=1.38..1.38 rows=2 width=30) (actual time=0.009..0.009 rows=2 loops=1)
                                             Buckets: 1024  Batches: 1  Memory Usage: 9kB
                                             ->  Seq Scan on nation n1  (cost=0.00..1.38 rows=2 width=30) (actual time=0.006..0.008 rows=2 loops=1)
                                                   Filter: ((n_name = 'PERU'::bpchar) OR (n_name = 'MOROCCO'::bpchar))
                                                   Rows Removed by Filter: 23
                     ->  Hash  (cost=538820.99..538820.99 rows=1200163 width=30) (actual time=4952.613..4952.613 rows=1191175 loops=1)
                           Buckets: 524288  Batches: 4  Memory Usage: 22152kB
                           ->  Hash Join  (cost=59273.37..538820.99 rows=1200163 width=30) (actual time=522.913..4703.691 rows=1191175 loops=1)
                                 Hash Cond: (orders.o_custkey = customer.c_custkey)
                                 ->  Seq Scan on orders  (cost=0.00..411288.35 rows=15002035 width=8) (actual time=0.017..1638.897 rows=15000000 loops=1)
                                 ->  Hash  (cost=57773.37..57773.37 rows=120000 width=30) (actual time=522.826..522.826 rows=119622 loops=1)
                                       Buckets: 131072  Batches: 1  Memory Usage: 8267kB
                                       ->  Hash Join  (cost=1.40..57773.37 rows=120000 width=30) (actual time=0.019..498.603 rows=119622 loops=1)
                                             Hash Cond: (customer.c_nationkey = n2.n_nationkey)
                                             ->  Seq Scan on customer  (cost=0.00..50946.98 rows=1499998 width=8) (actual time=0.003..357.183 rows=1500000 loops=1)
                                             ->  Hash  (cost=1.38..1.38 rows=2 width=30) (actual time=0.014..0.015 rows=2 loops=1)
                                                   Buckets: 1024  Batches: 1  Memory Usage: 9kB
                                                   ->  Seq Scan on nation n2  (cost=0.00..1.38 rows=2 width=30) (actual time=0.008..0.010 rows=2 loops=1)
                                                         Filter: ((n_name = 'MOROCCO'::bpchar) OR (n_name = 'PERU'::bpchar))
                                                         Rows Removed by Filter: 23
 Planning time: 24.565 ms
 Execution time: 33154.515 ms
(45 rows)

SET
SET
SET
                                                                                     QUERY PLAN                                                                                      
-------------------------------------------------------------------------------------------------------------------------------------------------------------------------------------
 Limit  (cost=2384649.40..2384649.53 rows=1 width=92) (actual time=20855.845..20855.846 rows=1 loops=1)
   ->  GroupAggregate  (cost=2384649.40..2385880.60 rows=10032 width=92) (actual time=20855.844..20855.844 rows=1 loops=1)
         Group Key: n1.n_name, n2.n_name, (date_part('year'::text, (lineitem.l_shipdate)::timestamp without time zone))
         ->  Sort  (cost=2384649.40..2384800.21 rows=60322 width=72) (actual time=20846.542..20847.863 rows=14421 loops=1)
               Sort Key: n1.n_name, n2.n_name, (date_part('year'::text, (lineitem.l_shipdate)::timestamp without time zone))
               Sort Method: quicksort  Memory: 9664kB
               ->  Hash Join  (cost=857354.32..2379859.72 rows=60322 width=72) (actual time=6965.301..20820.649 rows=57794 loops=1)
                     Hash Cond: (lineitem.l_orderkey = orders.o_orderkey)
                     Join Filter: (((n1.n_name = 'PERU'::bpchar) AND (n2.n_name = 'MOROCCO'::bpchar)) OR ((n1.n_name = 'MOROCCO'::bpchar) AND (n2.n_name = 'PERU'::bpchar)))
                     Rows Removed by Join Filter: 58158
                     ->  Hash Join  (cost=295326.28..1776090.33 rows=1449485 width=46) (actual time=2807.560..15987.884 rows=1455694 loops=1)
                           Hash Cond: (lineitem.l_suppkey = supplier.s_suppkey)
                           ->  Bitmap Heap Scan on lineitem  (cost=291548.88..1689592.84 rows=18193397 width=24) (actual time=2780.991..13936.154 rows=18230325 loops=1)
                                 Recheck Cond: ((l_shipdate >= '1995-01-01'::date) AND (l_shipdate <= '1996-12-31'::date))
                                 Rows Removed by Index Recheck: 30957726
                                 Heap Blocks: exact=274040 lossy=846026
                                 ->  Bitmap Index Scan on idx_lineitem_shipdate  (cost=0.00..287000.53 rows=18193397 width=0) (actual time=2721.514..2721.514 rows=18230325 loops=1)
                                       Index Cond: ((l_shipdate >= '1995-01-01'::date) AND (l_shipdate <= '1996-12-31'::date))
                           ->  Hash  (cost=3677.40..3677.40 rows=8000 width=30) (actual time=26.539..26.539 rows=7981 loops=1)
                                 Buckets: 8192  Batches: 1  Memory Usage: 548kB
                                 ->  Hash Join  (cost=1.40..3677.40 rows=8000 width=30) (actual time=0.016..25.294 rows=7981 loops=1)
                                       Hash Cond: (supplier.s_nationkey = n1.n_nationkey)
                                       ->  Seq Scan on supplier  (cost=0.00..3221.00 rows=100000 width=8) (actual time=0.003..15.949 rows=100000 loops=1)
                                       ->  Hash  (cost=1.38..1.38 rows=2 width=30) (actual time=0.009..0.009 rows=2 loops=1)
                                             Buckets: 1024  Batches: 1  Memory Usage: 9kB
                                             ->  Seq Scan on nation n1  (cost=0.00..1.38 rows=2 width=30) (actual time=0.006..0.008 rows=2 loops=1)
                                                   Filter: ((n_name = 'PERU'::bpchar) OR (n_name = 'MOROCCO'::bpchar))
                                                   Rows Removed by Filter: 23
                     ->  Hash  (cost=538820.99..538820.99 rows=1200163 width=30) (actual time=4155.211..4155.211 rows=1191175 loops=1)
                           Buckets: 524288  Batches: 4  Memory Usage: 22152kB
                           ->  Hash Join  (cost=59273.37..538820.99 rows=1200163 width=30) (actual time=396.991..3923.150 rows=1191175 loops=1)
                                 Hash Cond: (orders.o_custkey = customer.c_custkey)
                                 ->  Seq Scan on orders  (cost=0.00..411288.35 rows=15002035 width=8) (actual time=0.013..1218.586 rows=15000000 loops=1)
                                 ->  Hash  (cost=57773.37..57773.37 rows=120000 width=30) (actual time=396.721..396.721 rows=119622 loops=1)
                                       Buckets: 131072  Batches: 1  Memory Usage: 8267kB
                                       ->  Hash Join  (cost=1.40..57773.37 rows=120000 width=30) (actual time=0.027..374.849 rows=119622 loops=1)
                                             Hash Cond: (customer.c_nationkey = n2.n_nationkey)
                                             ->  Seq Scan on customer  (cost=0.00..50946.98 rows=1499998 width=8) (actual time=0.004..238.845 rows=1500000 loops=1)
                                             ->  Hash  (cost=1.38..1.38 rows=2 width=30) (actual time=0.014..0.014 rows=2 loops=1)
                                                   Buckets: 1024  Batches: 1  Memory Usage: 9kB
                                                   ->  Seq Scan on nation n2  (cost=0.00..1.38 rows=2 width=30) (actual time=0.009..0.012 rows=2 loops=1)
                                                         Filter: ((n_name = 'MOROCCO'::bpchar) OR (n_name = 'PERU'::bpchar))
                                                         Rows Removed by Filter: 23
 Planning time: 2.452 ms
 Execution time: 20856.001 ms
(45 rows)

query 8 run 1
SET
SET
SET
                                                                                           QUERY PLAN                                                                                            
-------------------------------------------------------------------------------------------------------------------------------------------------------------------------------------------------
 Limit  (cost=1161357.43..1161357.66 rows=1 width=40) (actual time=62046.335..62046.335 rows=1 loops=1)
   ->  GroupAggregate  (cost=1161357.43..1161898.60 rows=2406 width=40) (actual time=62046.334..62046.335 rows=1 loops=1)
         Group Key: (date_part('year'::text, (orders.o_orderdate)::timestamp without time zone))
         ->  Sort  (cost=1161357.43..1161411.55 rows=21646 width=46) (actual time=62038.551..62039.411 rows=11818 loops=1)
               Sort Key: (date_part('year'::text, (orders.o_orderdate)::timestamp without time zone))
               Sort Method: quicksort  Memory: 2631kB
               ->  Nested Loop  (cost=504094.31..1159798.72 rows=21646 width=46) (actual time=7288.009..62025.852 rows=23842 loops=1)
                     Join Filter: (supplier.s_nationkey = n2.n_nationkey)
                     Rows Removed by Join Filter: 572208
                     ->  Hash Join  (cost=504094.31..1151571.93 rows=21646 width=20) (actual time=7287.260..61910.180 rows=23842 loops=1)
                           Hash Cond: (lineitem.l_suppkey = supplier.s_suppkey)
                           ->  Hash Join  (cost=499623.31..1146802.95 rows=21736 width=20) (actual time=7244.346..61853.822 rows=23842 loops=1)
                                 Hash Cond: (lineitem.l_orderkey = orders.o_orderkey)
                                 ->  Nested Loop  (cost=0.56..637867.69 rows=357640 width=20) (actual time=1.485..54201.889 rows=389521 loops=1)
                                       ->  Seq Scan on part  (cost=0.00..65981.05 rows=13333 width=4) (actual time=0.738..522.223 rows=13011 loops=1)
                                             Filter: ((p_type)::text = 'LARGE POLISHED BRASS'::text)
                                             Rows Removed by Filter: 1986989
                                       ->  Index Scan using idx_lineitem_part_supp on lineitem  (cost=0.56..42.62 rows=27 width=24) (actual time=0.309..4.104 rows=30 loops=13011)
                                             Index Cond: (l_partkey = part.p_partkey)
                                 ->  Hash  (cost=484663.78..484663.78 rows=911757 width=8) (actual time=7231.080..7231.080 rows=910360 loops=1)
                                       Buckets: 1048576  Batches: 2  Memory Usage: 25982kB
                                       ->  Hash Join  (cost=128800.98..484663.78 rows=911757 width=8) (actual time=1510.828..7029.494 rows=910360 loops=1)
                                             Hash Cond: (orders.o_custkey = customer.c_custkey)
                                             ->  Bitmap Heap Scan on orders  (cost=65476.48..395126.26 rows=4558785 width=12) (actual time=935.789..5412.181 rows=4557513 loops=1)
                                                   Recheck Cond: ((o_orderdate >= '1995-01-01'::date) AND (o_orderdate <= '1996-12-31'::date))
                                                   Heap Blocks: exact=261268
                                                   ->  Bitmap Index Scan on idx_orders_orderdate  (cost=0.00..64336.78 rows=4558785 width=0) (actual time=880.003..880.003 rows=4557513 loops=1)
                                                         Index Cond: ((o_orderdate >= '1995-01-01'::date) AND (o_orderdate <= '1996-12-31'::date))
                                             ->  Hash  (cost=59574.50..59574.50 rows=300000 width=4) (actual time=574.239..574.239 rows=299436 loops=1)
                                                   Buckets: 524288  Batches: 1  Memory Usage: 14624kB
                                                   ->  Hash Join  (cost=2.53..59574.50 rows=300000 width=4) (actual time=0.045..525.116 rows=299436 loops=1)
                                                         Hash Cond: (customer.c_nationkey = n1.n_nationkey)
                                                         ->  Seq Scan on customer  (cost=0.00..50946.98 rows=1499998 width=8) (actual time=0.010..364.806 rows=1500000 loops=1)
                                                         ->  Hash  (cost=2.47..2.47 rows=5 width=4) (actual time=0.023..0.023 rows=5 loops=1)
                                                               Buckets: 1024  Batches: 1  Memory Usage: 9kB
                                                               ->  Hash Join  (cost=1.07..2.47 rows=5 width=4) (actual time=0.018..0.023 rows=5 loops=1)
                                                                     Hash Cond: (n1.n_regionkey = region.r_regionkey)
                                                                     ->  Seq Scan on nation n1  (cost=0.00..1.25 rows=25 width=8) (actual time=0.003..0.004 rows=25 loops=1)
                                                                     ->  Hash  (cost=1.06..1.06 rows=1 width=4) (actual time=0.011..0.011 rows=1 loops=1)
                                                                           Buckets: 1024  Batches: 1  Memory Usage: 9kB
                                                                           ->  Seq Scan on region  (cost=0.00..1.06 rows=1 width=4) (actual time=0.008..0.008 rows=1 loops=1)
                                                                                 Filter: (r_name = 'AMERICA'::bpchar)
                                                                                 Rows Removed by Filter: 4
                           ->  Hash  (cost=3221.00..3221.00 rows=100000 width=8) (actual time=42.648..42.648 rows=100000 loops=1)
                                 Buckets: 131072  Batches: 1  Memory Usage: 4931kB
                                 ->  Seq Scan on supplier  (cost=0.00..3221.00 rows=100000 width=8) (actual time=0.005..28.939 rows=100000 loops=1)
                     ->  Materialize  (cost=0.00..1.38 rows=25 width=30) (actual time=0.000..0.001 rows=25 loops=23842)
                           ->  Seq Scan on nation n2  (cost=0.00..1.25 rows=25 width=30) (actual time=0.004..0.009 rows=25 loops=1)
 Planning time: 29.155 ms
 Execution time: 62046.505 ms
(50 rows)

SET
SET
SET
                                                                                           QUERY PLAN                                                                                            
-------------------------------------------------------------------------------------------------------------------------------------------------------------------------------------------------
 Limit  (cost=1161357.43..1161357.66 rows=1 width=40) (actual time=5994.917..5994.917 rows=1 loops=1)
   ->  GroupAggregate  (cost=1161357.43..1161898.60 rows=2406 width=40) (actual time=5994.916..5994.916 rows=1 loops=1)
         Group Key: (date_part('year'::text, (orders.o_orderdate)::timestamp without time zone))
         ->  Sort  (cost=1161357.43..1161411.55 rows=21646 width=46) (actual time=5986.923..5987.786 rows=11818 loops=1)
               Sort Key: (date_part('year'::text, (orders.o_orderdate)::timestamp without time zone))
               Sort Method: quicksort  Memory: 2631kB
               ->  Nested Loop  (cost=504094.31..1159798.72 rows=21646 width=46) (actual time=4123.591..5981.202 rows=23842 loops=1)
                     Join Filter: (supplier.s_nationkey = n2.n_nationkey)
                     Rows Removed by Join Filter: 572208
                     ->  Hash Join  (cost=504094.31..1151571.93 rows=21646 width=20) (actual time=4123.568..5907.456 rows=23842 loops=1)
                           Hash Cond: (lineitem.l_suppkey = supplier.s_suppkey)
                           ->  Hash Join  (cost=499623.31..1146802.95 rows=21736 width=20) (actual time=4087.221..5862.229 rows=23842 loops=1)
                                 Hash Cond: (lineitem.l_orderkey = orders.o_orderkey)
                                 ->  Nested Loop  (cost=0.56..637867.69 rows=357640 width=20) (actual time=0.085..1601.491 rows=389521 loops=1)
                                       ->  Seq Scan on part  (cost=0.00..65981.05 rows=13333 width=4) (actual time=0.059..287.240 rows=13011 loops=1)
                                             Filter: ((p_type)::text = 'LARGE POLISHED BRASS'::text)
                                             Rows Removed by Filter: 1986989
                                       ->  Index Scan using idx_lineitem_part_supp on lineitem  (cost=0.56..42.62 rows=27 width=24) (actual time=0.009..0.095 rows=30 loops=13011)
                                             Index Cond: (l_partkey = part.p_partkey)
                                 ->  Hash  (cost=484663.78..484663.78 rows=911757 width=8) (actual time=4085.362..4085.362 rows=910360 loops=1)
                                       Buckets: 1048576  Batches: 2  Memory Usage: 25982kB
                                       ->  Hash Join  (cost=128800.98..484663.78 rows=911757 width=8) (actual time=1314.079..3916.470 rows=910360 loops=1)
                                             Hash Cond: (orders.o_custkey = customer.c_custkey)
                                             ->  Bitmap Heap Scan on orders  (cost=65476.48..395126.26 rows=4558785 width=12) (actual time=871.091..2508.543 rows=4557513 loops=1)
                                                   Recheck Cond: ((o_orderdate >= '1995-01-01'::date) AND (o_orderdate <= '1996-12-31'::date))
                                                   Heap Blocks: exact=261268
                                                   ->  Bitmap Index Scan on idx_orders_orderdate  (cost=0.00..64336.78 rows=4558785 width=0) (actual time=815.668..815.668 rows=4557513 loops=1)
                                                         Index Cond: ((o_orderdate >= '1995-01-01'::date) AND (o_orderdate <= '1996-12-31'::date))
                                             ->  Hash  (cost=59574.50..59574.50 rows=300000 width=4) (actual time=442.208..442.208 rows=299436 loops=1)
                                                   Buckets: 524288  Batches: 1  Memory Usage: 14624kB
                                                   ->  Hash Join  (cost=2.53..59574.50 rows=300000 width=4) (actual time=0.043..396.245 rows=299436 loops=1)
                                                         Hash Cond: (customer.c_nationkey = n1.n_nationkey)
                                                         ->  Seq Scan on customer  (cost=0.00..50946.98 rows=1499998 width=8) (actual time=0.011..241.110 rows=1500000 loops=1)
                                                         ->  Hash  (cost=2.47..2.47 rows=5 width=4) (actual time=0.021..0.022 rows=5 loops=1)
                                                               Buckets: 1024  Batches: 1  Memory Usage: 9kB
                                                               ->  Hash Join  (cost=1.07..2.47 rows=5 width=4) (actual time=0.017..0.020 rows=5 loops=1)
                                                                     Hash Cond: (n1.n_regionkey = region.r_regionkey)
                                                                     ->  Seq Scan on nation n1  (cost=0.00..1.25 rows=25 width=8) (actual time=0.003..0.004 rows=25 loops=1)
                                                                     ->  Hash  (cost=1.06..1.06 rows=1 width=4) (actual time=0.011..0.011 rows=1 loops=1)
                                                                           Buckets: 1024  Batches: 1  Memory Usage: 9kB
                                                                           ->  Seq Scan on region  (cost=0.00..1.06 rows=1 width=4) (actual time=0.008..0.008 rows=1 loops=1)
                                                                                 Filter: (r_name = 'AMERICA'::bpchar)
                                                                                 Rows Removed by Filter: 4
                           ->  Hash  (cost=3221.00..3221.00 rows=100000 width=8) (actual time=36.054..36.054 rows=100000 loops=1)
                                 Buckets: 131072  Batches: 1  Memory Usage: 4931kB
                                 ->  Seq Scan on supplier  (cost=0.00..3221.00 rows=100000 width=8) (actual time=0.006..21.509 rows=100000 loops=1)
                     ->  Materialize  (cost=0.00..1.38 rows=25 width=30) (actual time=0.000..0.001 rows=25 loops=23842)
                           ->  Seq Scan on nation n2  (cost=0.00..1.25 rows=25 width=30) (actual time=0.003..0.008 rows=25 loops=1)
 Planning time: 3.323 ms
 Execution time: 5995.097 ms
(50 rows)

query 9 run 1
SET
SET
SET
                                                                                   QUERY PLAN                                                                                    
---------------------------------------------------------------------------------------------------------------------------------------------------------------------------------
 Limit  (cost=2377333.46..2377333.49 rows=1 width=66) (actual time=190274.257..190274.258 rows=1 loops=1)
   ->  GroupAggregate  (cost=2377333.46..2377338.52 rows=135 width=66) (actual time=190274.256..190274.256 rows=1 loops=1)
         Group Key: nation.n_name, (date_part('year'::text, (orders.o_orderdate)::timestamp without time zone))
         ->  Sort  (cost=2377333.46..2377333.79 rows=135 width=57) (actual time=190259.927..190265.030 rows=11401 loops=1)
               Sort Key: nation.n_name, (date_part('year'::text, (orders.o_orderdate)::timestamp without time zone)) DESC
               Sort Method: external merge  Disk: 239400kB
               ->  Nested Loop  (cost=67750.02..2377328.68 rows=135 width=57) (actual time=698.818..186943.155 rows=3248192 loops=1)
                     Join Filter: (supplier.s_nationkey = nation.n_nationkey)
                     Rows Removed by Join Filter: 77956608
                     ->  Nested Loop  (cost=67750.02..2377276.07 rows=135 width=31) (actual time=697.919..173759.642 rows=3248192 loops=1)
                           ->  Nested Loop  (cost=67749.58..2376812.66 rows=135 width=31) (actual time=696.969..125780.065 rows=3248192 loops=1)
                                 ->  Nested Loop  (cost=67749.29..2376368.76 rows=135 width=35) (actual time=696.961..117491.725 rows=3248192 loops=1)
                                       ->  Hash Join  (cost=67748.73..358623.14 rows=565635 width=18) (actual time=696.355..3030.439 rows=433248 loops=1)
                                             Hash Cond: (partsupp.ps_partkey = part.p_partkey)
                                             ->  Seq Scan on partsupp  (cost=0.00..255219.14 rows=7999714 width=14) (actual time=0.009..1349.133 rows=8000000 loops=1)
                                             ->  Hash  (cost=65981.05..65981.05 rows=141414 width=4) (actual time=695.962..695.962 rows=108312 loops=1)
                                                   Buckets: 262144  Batches: 1  Memory Usage: 5856kB
                                                   ->  Seq Scan on part  (cost=0.00..65981.05 rows=141414 width=4) (actual time=0.010..672.368 rows=108312 loops=1)
                                                         Filter: ((p_name)::text ~~ '%navy%'::text)
                                                         Rows Removed by Filter: 1891688
                                       ->  Index Scan using idx_lineitem_part_supp on lineitem  (cost=0.56..3.56 rows=1 width=29) (actual time=0.039..0.261 rows=7 loops=433248)
                                             Index Cond: ((l_partkey = partsupp.ps_partkey) AND (l_suppkey = partsupp.ps_suppkey))
                                 ->  Index Scan using supplier_pkey on supplier  (cost=0.29..3.28 rows=1 width=8) (actual time=0.002..0.002 rows=1 loops=3248192)
                                       Index Cond: (s_suppkey = lineitem.l_suppkey)
                           ->  Index Scan using orders_pkey on orders  (cost=0.43..3.42 rows=1 width=8) (actual time=0.014..0.014 rows=1 loops=3248192)
                                 Index Cond: (o_orderkey = lineitem.l_orderkey)
                     ->  Materialize  (cost=0.00..1.38 rows=25 width=30) (actual time=0.000..0.001 rows=25 loops=3248192)
                           ->  Seq Scan on nation  (cost=0.00..1.25 rows=25 width=30) (actual time=0.005..0.009 rows=25 loops=1)
 Planning time: 29.840 ms
 Execution time: 190300.600 ms
(30 rows)

SET
SET
SET
                                                                                   QUERY PLAN                                                                                    
---------------------------------------------------------------------------------------------------------------------------------------------------------------------------------
 Limit  (cost=2377333.46..2377333.49 rows=1 width=66) (actual time=78643.368..78643.369 rows=1 loops=1)
   ->  GroupAggregate  (cost=2377333.46..2377338.52 rows=135 width=66) (actual time=78643.367..78643.367 rows=1 loops=1)
         Group Key: nation.n_name, (date_part('year'::text, (orders.o_orderdate)::timestamp without time zone))
         ->  Sort  (cost=2377333.46..2377333.79 rows=135 width=57) (actual time=78629.032..78634.167 rows=11401 loops=1)
               Sort Key: nation.n_name, (date_part('year'::text, (orders.o_orderdate)::timestamp without time zone)) DESC
               Sort Method: external merge  Disk: 239400kB
               ->  Nested Loop  (cost=67750.02..2377328.68 rows=135 width=57) (actual time=649.047..75620.874 rows=3248192 loops=1)
                     Join Filter: (supplier.s_nationkey = nation.n_nationkey)
                     Rows Removed by Join Filter: 77956608
                     ->  Nested Loop  (cost=67750.02..2377276.07 rows=135 width=31) (actual time=649.024..64438.276 rows=3248192 loops=1)
                           ->  Nested Loop  (cost=67749.58..2376812.66 rows=135 width=31) (actual time=649.005..43491.697 rows=3248192 loops=1)
                                 ->  Nested Loop  (cost=67749.29..2376368.76 rows=135 width=35) (actual time=649.000..37185.092 rows=3248192 loops=1)
                                       ->  Hash Join  (cost=67748.73..358623.14 rows=565635 width=18) (actual time=648.972..2734.265 rows=433248 loops=1)
                                             Hash Cond: (partsupp.ps_partkey = part.p_partkey)
                                             ->  Seq Scan on partsupp  (cost=0.00..255219.14 rows=7999714 width=14) (actual time=0.009..1194.943 rows=8000000 loops=1)
                                             ->  Hash  (cost=65981.05..65981.05 rows=141414 width=4) (actual time=648.571..648.571 rows=108312 loops=1)
                                                   Buckets: 262144  Batches: 1  Memory Usage: 5856kB
                                                   ->  Seq Scan on part  (cost=0.00..65981.05 rows=141414 width=4) (actual time=0.011..626.188 rows=108312 loops=1)
                                                         Filter: ((p_name)::text ~~ '%navy%'::text)
                                                         Rows Removed by Filter: 1891688
                                       ->  Index Scan using idx_lineitem_part_supp on lineitem  (cost=0.56..3.56 rows=1 width=29) (actual time=0.014..0.078 rows=7 loops=433248)
                                             Index Cond: ((l_partkey = partsupp.ps_partkey) AND (l_suppkey = partsupp.ps_suppkey))
                                 ->  Index Scan using supplier_pkey on supplier  (cost=0.29..3.28 rows=1 width=8) (actual time=0.001..0.001 rows=1 loops=3248192)
                                       Index Cond: (s_suppkey = lineitem.l_suppkey)
                           ->  Index Scan using orders_pkey on orders  (cost=0.43..3.42 rows=1 width=8) (actual time=0.006..0.006 rows=1 loops=3248192)
                                 Index Cond: (o_orderkey = lineitem.l_orderkey)
                     ->  Materialize  (cost=0.00..1.38 rows=25 width=30) (actual time=0.000..0.001 rows=25 loops=3248192)
                           ->  Seq Scan on nation  (cost=0.00..1.25 rows=25 width=30) (actual time=0.004..0.007 rows=25 loops=1)
 Planning time: 16.694 ms
 Execution time: 78671.419 ms
(30 rows)

query 10 run 1
SET
SET
SET
                                                                                          QUERY PLAN                                                                                          
----------------------------------------------------------------------------------------------------------------------------------------------------------------------------------------------
 Limit  (cost=2487842.34..2487842.39 rows=20 width=201) (actual time=21686.720..21686.725 rows=20 loops=1)
   ->  Sort  (cost=2487842.34..2489206.95 rows=545845 width=201) (actual time=21686.718..21686.721 rows=20 loops=1)
         Sort Key: (sum((lineitem.l_extendedprice * ('1'::numeric - lineitem.l_discount)))) DESC
         Sort Method: top-N heapsort  Memory: 30kB
         ->  GroupAggregate  (cost=2458306.87..2473317.60 rows=545845 width=201) (actual time=20574.585..21585.322 rows=381205 loops=1)
               Group Key: customer.c_custkey, nation.n_name
               ->  Sort  (cost=2458306.87..2459671.48 rows=545845 width=181) (actual time=20574.565..20894.631 rows=1145402 loops=1)
                     Sort Key: customer.c_custkey, nation.n_name
                     Sort Method: external merge  Disk: 218216kB
                     ->  Hash Join  (cost=386244.18..2375107.94 rows=545845 width=181) (actual time=5906.807..19872.808 rows=1145402 loops=1)
                           Hash Cond: (customer.c_nationkey = nation.n_nationkey)
                           ->  Hash Join  (cost=386242.62..2367601.00 rows=545845 width=159) (actual time=5906.793..19687.488 rows=1145402 loops=1)
                                 Hash Cond: (orders.o_custkey = customer.c_custkey)
                                 ->  Hash Join  (cost=284318.66..2220612.68 rows=545845 width=16) (actual time=4926.525..17869.440 rows=1145402 loops=1)
                                       Hash Cond: (lineitem.l_orderkey = orders.o_orderkey)
                                       ->  Seq Scan on lineitem  (cost=0.00..1875063.95 rows=14872432 width=16) (actual time=0.017..11224.832 rows=14808183 loops=1)
                                             Filter: (l_returnflag = 'R'::bpchar)
                                             Rows Removed by Filter: 45177869
                                       ->  Hash  (cost=277436.14..277436.14 rows=550602 width=8) (actual time=4924.487..4924.487 rows=573160 loops=1)
                                             Buckets: 1048576  Batches: 1  Memory Usage: 30582kB
                                             ->  Bitmap Heap Scan on orders  (cost=7909.11..277436.14 rows=550602 width=8) (actual time=166.258..4770.772 rows=573160 loops=1)
                                                   Recheck Cond: ((o_orderdate >= '1994-08-01'::date) AND (o_orderdate < '1994-11-01'::date))
                                                   Heap Blocks: exact=233346
                                                   ->  Bitmap Index Scan on idx_orders_orderdate  (cost=0.00..7771.46 rows=550602 width=0) (actual time=115.272..115.272 rows=573160 loops=1)
                                                         Index Cond: ((o_orderdate >= '1994-08-01'::date) AND (o_orderdate < '1994-11-01'::date))
                                 ->  Hash  (cost=50946.98..50946.98 rows=1499998 width=147) (actual time=979.666..979.666 rows=1500000 loops=1)
                                       Buckets: 262144  Batches: 16  Memory Usage: 18791kB
                                       ->  Seq Scan on customer  (cost=0.00..50946.98 rows=1499998 width=147) (actual time=0.004..509.063 rows=1500000 loops=1)
                           ->  Hash  (cost=1.25..1.25 rows=25 width=30) (actual time=0.009..0.009 rows=25 loops=1)
                                 Buckets: 1024  Batches: 1  Memory Usage: 10kB
                                 ->  Seq Scan on nation  (cost=0.00..1.25 rows=25 width=30) (actual time=0.003..0.006 rows=25 loops=1)
 Planning time: 19.170 ms
 Execution time: 21722.047 ms
(33 rows)

SET
SET
SET
                                                                                          QUERY PLAN                                                                                          
----------------------------------------------------------------------------------------------------------------------------------------------------------------------------------------------
 Limit  (cost=2487842.34..2487842.39 rows=20 width=201) (actual time=16051.034..16051.039 rows=20 loops=1)
   ->  Sort  (cost=2487842.34..2489206.95 rows=545845 width=201) (actual time=16051.033..16051.036 rows=20 loops=1)
         Sort Key: (sum((lineitem.l_extendedprice * ('1'::numeric - lineitem.l_discount)))) DESC
         Sort Method: top-N heapsort  Memory: 30kB
         ->  GroupAggregate  (cost=2458306.87..2473317.60 rows=545845 width=201) (actual time=14935.868..15950.218 rows=381205 loops=1)
               Group Key: customer.c_custkey, nation.n_name
               ->  Sort  (cost=2458306.87..2459671.48 rows=545845 width=181) (actual time=14935.849..15257.911 rows=1145402 loops=1)
                     Sort Key: customer.c_custkey, nation.n_name
                     Sort Method: external merge  Disk: 218216kB
                     ->  Hash Join  (cost=386244.18..2375107.94 rows=545845 width=181) (actual time=2445.693..14234.326 rows=1145402 loops=1)
                           Hash Cond: (customer.c_nationkey = nation.n_nationkey)
                           ->  Hash Join  (cost=386242.62..2367601.00 rows=545845 width=159) (actual time=2445.676..14051.912 rows=1145402 loops=1)
                                 Hash Cond: (orders.o_custkey = customer.c_custkey)
                                 ->  Hash Join  (cost=284318.66..2220612.68 rows=545845 width=16) (actual time=1594.672..12392.465 rows=1145402 loops=1)
                                       Hash Cond: (lineitem.l_orderkey = orders.o_orderkey)
                                       ->  Seq Scan on lineitem  (cost=0.00..1875063.95 rows=14872432 width=16) (actual time=0.014..9144.704 rows=14808183 loops=1)
                                             Filter: (l_returnflag = 'R'::bpchar)
                                             Rows Removed by Filter: 45177869
                                       ->  Hash  (cost=277436.14..277436.14 rows=550602 width=8) (actual time=1593.337..1593.337 rows=573160 loops=1)
                                             Buckets: 1048576  Batches: 1  Memory Usage: 30582kB
                                             ->  Bitmap Heap Scan on orders  (cost=7909.11..277436.14 rows=550602 width=8) (actual time=154.300..1475.259 rows=573160 loops=1)
                                                   Recheck Cond: ((o_orderdate >= '1994-08-01'::date) AND (o_orderdate < '1994-11-01'::date))
                                                   Heap Blocks: exact=233346
                                                   ->  Bitmap Index Scan on idx_orders_orderdate  (cost=0.00..7771.46 rows=550602 width=0) (actual time=103.297..103.297 rows=573160 loops=1)
                                                         Index Cond: ((o_orderdate >= '1994-08-01'::date) AND (o_orderdate < '1994-11-01'::date))
                                 ->  Hash  (cost=50946.98..50946.98 rows=1499998 width=147) (actual time=850.199..850.199 rows=1500000 loops=1)
                                       Buckets: 262144  Batches: 16  Memory Usage: 18791kB
                                       ->  Seq Scan on customer  (cost=0.00..50946.98 rows=1499998 width=147) (actual time=0.007..383.419 rows=1500000 loops=1)
                           ->  Hash  (cost=1.25..1.25 rows=25 width=30) (actual time=0.011..0.011 rows=25 loops=1)
                                 Buckets: 1024  Batches: 1  Memory Usage: 10kB
                                 ->  Seq Scan on nation  (cost=0.00..1.25 rows=25 width=30) (actual time=0.004..0.005 rows=25 loops=1)
 Planning time: 1.397 ms
 Execution time: 16086.968 ms
(33 rows)

query 11 run 1
SET
SET
SET
                                                                                   QUERY PLAN                                                                                    
---------------------------------------------------------------------------------------------------------------------------------------------------------------------------------
 Limit  (cost=625825.28..625825.28 rows=1 width=36) (actual time=3507.790..3507.790 rows=0 loops=1)
   InitPlan 1 (returns $1)
     ->  Aggregate  (cost=293129.09..293129.10 rows=1 width=32) (actual time=1508.348..1508.348 rows=1 loops=1)
           ->  Hash Join  (cost=2323.46..290734.42 rows=319289 width=10) (actual time=2.886..1378.469 rows=320800 loops=1)
                 Hash Cond: (partsupp_1.ps_suppkey = supplier_1.s_suppkey)
                 ->  Seq Scan on partsupp partsupp_1  (cost=0.00..255219.14 rows=7999714 width=14) (actual time=0.040..706.955 rows=8000000 loops=1)
                 ->  Hash  (cost=2273.46..2273.46 rows=4000 width=4) (actual time=2.815..2.815 rows=4010 loops=1)
                       Buckets: 4096  Batches: 1  Memory Usage: 173kB
                       ->  Nested Loop  (cost=49.29..2273.46 rows=4000 width=4) (actual time=0.502..2.456 rows=4010 loops=1)
                             ->  Seq Scan on nation nation_1  (cost=0.00..1.31 rows=1 width=4) (actual time=0.007..0.009 rows=1 loops=1)
                                   Filter: (n_name = 'SAUDI ARABIA'::bpchar)
                                   Rows Removed by Filter: 24
                             ->  Bitmap Heap Scan on supplier supplier_1  (cost=49.29..2232.15 rows=4000 width=8) (actual time=0.492..2.006 rows=4010 loops=1)
                                   Recheck Cond: (s_nationkey = nation_1.n_nationkey)
                                   Heap Blocks: exact=1869
                                   ->  Bitmap Index Scan on idx_supplier_nation_key  (cost=0.00..48.29 rows=4000 width=0) (actual time=0.300..0.301 rows=4010 loops=1)
                                         Index Cond: (s_nationkey = nation_1.n_nationkey)
   ->  Sort  (cost=332696.18..333494.40 rows=319289 width=36) (actual time=3507.790..3507.790 rows=0 loops=1)
         Sort Key: (sum((partsupp.ps_supplycost * (partsupp.ps_availqty)::numeric))) DESC
         Sort Method: quicksort  Memory: 25kB
         ->  GroupAggregate  (cost=319924.62..331099.74 rows=319289 width=36) (actual time=3507.779..3507.779 rows=0 loops=1)
               Group Key: partsupp.ps_partkey
               Filter: (sum((partsupp.ps_supplycost * (partsupp.ps_availqty)::numeric)) > $1)
               Rows Removed by Filter: 301833
               ->  Sort  (cost=319924.62..320722.84 rows=319289 width=14) (actual time=1804.809..1824.761 rows=320800 loops=1)
                     Sort Key: partsupp.ps_partkey
                     Sort Method: quicksort  Memory: 25961kB
                     ->  Hash Join  (cost=2323.46..290734.42 rows=319289 width=14) (actual time=23.379..1759.554 rows=320800 loops=1)
                           Hash Cond: (partsupp.ps_suppkey = supplier.s_suppkey)
                           ->  Seq Scan on partsupp  (cost=0.00..255219.14 rows=7999714 width=18) (actual time=0.289..1024.730 rows=8000000 loops=1)
                           ->  Hash  (cost=2273.46..2273.46 rows=4000 width=4) (actual time=23.007..23.007 rows=4010 loops=1)
                                 Buckets: 4096  Batches: 1  Memory Usage: 173kB
                                 ->  Nested Loop  (cost=49.29..2273.46 rows=4000 width=4) (actual time=1.843..22.174 rows=4010 loops=1)
                                       ->  Seq Scan on nation  (cost=0.00..1.31 rows=1 width=4) (actual time=0.013..0.016 rows=1 loops=1)
                                             Filter: (n_name = 'SAUDI ARABIA'::bpchar)
                                             Rows Removed by Filter: 24
                                       ->  Bitmap Heap Scan on supplier  (cost=49.29..2232.15 rows=4000 width=8) (actual time=1.826..21.581 rows=4010 loops=1)
                                             Recheck Cond: (s_nationkey = nation.n_nationkey)
                                             Heap Blocks: exact=1869
                                             ->  Bitmap Index Scan on idx_supplier_nation_key  (cost=0.00..48.29 rows=4000 width=0) (actual time=1.610..1.610 rows=4010 loops=1)
                                                   Index Cond: (s_nationkey = nation.n_nationkey)
 Planning time: 13.977 ms
 Execution time: 3507.863 ms
(43 rows)

SET
SET
SET
                                                                                   QUERY PLAN                                                                                    
---------------------------------------------------------------------------------------------------------------------------------------------------------------------------------
 Limit  (cost=625825.28..625825.28 rows=1 width=36) (actual time=3126.113..3126.113 rows=0 loops=1)
   InitPlan 1 (returns $1)
     ->  Aggregate  (cost=293129.09..293129.10 rows=1 width=32) (actual time=1515.212..1515.212 rows=1 loops=1)
           ->  Hash Join  (cost=2323.46..290734.42 rows=319289 width=10) (actual time=2.868..1384.128 rows=320800 loops=1)
                 Hash Cond: (partsupp_1.ps_suppkey = supplier_1.s_suppkey)
                 ->  Seq Scan on partsupp partsupp_1  (cost=0.00..255219.14 rows=7999714 width=14) (actual time=0.032..707.714 rows=8000000 loops=1)
                 ->  Hash  (cost=2273.46..2273.46 rows=4000 width=4) (actual time=2.808..2.808 rows=4010 loops=1)
                       Buckets: 4096  Batches: 1  Memory Usage: 173kB
                       ->  Nested Loop  (cost=49.29..2273.46 rows=4000 width=4) (actual time=0.485..2.447 rows=4010 loops=1)
                             ->  Seq Scan on nation nation_1  (cost=0.00..1.31 rows=1 width=4) (actual time=0.007..0.009 rows=1 loops=1)
                                   Filter: (n_name = 'SAUDI ARABIA'::bpchar)
                                   Rows Removed by Filter: 24
                             ->  Bitmap Heap Scan on supplier supplier_1  (cost=49.29..2232.15 rows=4000 width=8) (actual time=0.475..2.017 rows=4010 loops=1)
                                   Recheck Cond: (s_nationkey = nation_1.n_nationkey)
                                   Heap Blocks: exact=1869
                                   ->  Bitmap Index Scan on idx_supplier_nation_key  (cost=0.00..48.29 rows=4000 width=0) (actual time=0.299..0.299 rows=4010 loops=1)
                                         Index Cond: (s_nationkey = nation_1.n_nationkey)
   ->  Sort  (cost=332696.18..333494.40 rows=319289 width=36) (actual time=3126.113..3126.113 rows=0 loops=1)
         Sort Key: (sum((partsupp.ps_supplycost * (partsupp.ps_availqty)::numeric))) DESC
         Sort Method: quicksort  Memory: 25kB
         ->  GroupAggregate  (cost=319924.62..331099.74 rows=319289 width=36) (actual time=3126.104..3126.104 rows=0 loops=1)
               Group Key: partsupp.ps_partkey
               Filter: (sum((partsupp.ps_supplycost * (partsupp.ps_availqty)::numeric)) > $1)
               Rows Removed by Filter: 301833
               ->  Sort  (cost=319924.62..320722.84 rows=319289 width=14) (actual time=1417.544..1437.347 rows=320800 loops=1)
                     Sort Key: partsupp.ps_partkey
                     Sort Method: quicksort  Memory: 25961kB
                     ->  Hash Join  (cost=2323.46..290734.42 rows=319289 width=14) (actual time=3.573..1375.343 rows=320800 loops=1)
                           Hash Cond: (partsupp.ps_suppkey = supplier.s_suppkey)
                           ->  Seq Scan on partsupp  (cost=0.00..255219.14 rows=7999714 width=18) (actual time=0.035..707.501 rows=8000000 loops=1)
                           ->  Hash  (cost=2273.46..2273.46 rows=4000 width=4) (actual time=3.514..3.514 rows=4010 loops=1)
                                 Buckets: 4096  Batches: 1  Memory Usage: 173kB
                                 ->  Nested Loop  (cost=49.29..2273.46 rows=4000 width=4) (actual time=0.504..3.122 rows=4010 loops=1)
                                       ->  Seq Scan on nation  (cost=0.00..1.31 rows=1 width=4) (actual time=0.005..0.006 rows=1 loops=1)
                                             Filter: (n_name = 'SAUDI ARABIA'::bpchar)
                                             Rows Removed by Filter: 24
                                       ->  Bitmap Heap Scan on supplier  (cost=49.29..2232.15 rows=4000 width=8) (actual time=0.497..2.708 rows=4010 loops=1)
                                             Recheck Cond: (s_nationkey = nation.n_nationkey)
                                             Heap Blocks: exact=1869
                                             ->  Bitmap Index Scan on idx_supplier_nation_key  (cost=0.00..48.29 rows=4000 width=0) (actual time=0.315..0.315 rows=4010 loops=1)
                                                   Index Cond: (s_nationkey = nation.n_nationkey)
 Planning time: 1.067 ms
 Execution time: 3126.181 ms
(43 rows)

query 12 run 1
SET
SET
SET
                                                                                                                    QUERY PLAN                                                                                                                     
---------------------------------------------------------------------------------------------------------------------------------------------------------------------------------------------------------------------------------------------------
 Limit  (cost=3117157.31..3117982.95 rows=1 width=27) (actual time=20442.290..20442.290 rows=1 loops=1)
   ->  GroupAggregate  (cost=3117157.31..3122936.80 rows=7 width=27) (actual time=20442.290..20442.290 rows=1 loops=1)
         Group Key: lineitem.l_shipmode
         ->  Sort  (cost=3117157.31..3117879.73 rows=288971 width=27) (actual time=20383.098..20392.602 rows=155572 loops=1)
               Sort Key: lineitem.l_shipmode
               Sort Method: quicksort  Memory: 31879kB
               ->  Merge Join  (cost=2501216.82..3090946.82 rows=288971 width=27) (actual time=15723.607..20313.099 rows=311258 loops=1)
                     Merge Cond: (orders.o_orderkey = lineitem.l_orderkey)
                     ->  Index Scan using orders_pkey on orders  (cost=0.43..547995.96 rows=15002035 width=20) (actual time=0.004..3611.584 rows=14999967 loops=1)
                     ->  Sort  (cost=2501211.20..2501933.62 rows=288971 width=15) (actual time=15723.505..15763.770 rows=311258 loops=1)
                           Sort Key: lineitem.l_orderkey
                           Sort Method: quicksort  Memory: 25513kB
                           ->  Seq Scan on lineitem  (cost=0.00..2475000.71 rows=288971 width=15) (actual time=0.744..15659.693 rows=311258 loops=1)
                                 Filter: ((l_shipmode = ANY ('{SHIP,"REG AIR"}'::bpchar[])) AND (l_commitdate < l_receiptdate) AND (l_shipdate < l_commitdate) AND (l_receiptdate >= '1994-01-01'::date) AND (l_receiptdate < '1995-01-01'::date))
                                 Rows Removed by Filter: 59674794
 Planning time: 15.948 ms
 Execution time: 20442.431 ms
(17 rows)

SET
SET
SET
                                                                                                                    QUERY PLAN                                                                                                                     
---------------------------------------------------------------------------------------------------------------------------------------------------------------------------------------------------------------------------------------------------
 Limit  (cost=3117157.31..3117982.95 rows=1 width=27) (actual time=17289.165..17289.166 rows=1 loops=1)
   ->  GroupAggregate  (cost=3117157.31..3122936.80 rows=7 width=27) (actual time=17289.165..17289.165 rows=1 loops=1)
         Group Key: lineitem.l_shipmode
         ->  Sort  (cost=3117157.31..3117879.73 rows=288971 width=27) (actual time=17229.955..17239.465 rows=155572 loops=1)
               Sort Key: lineitem.l_shipmode
               Sort Method: quicksort  Memory: 31879kB
               ->  Merge Join  (cost=2501216.82..3090946.82 rows=288971 width=27) (actual time=13582.462..17163.737 rows=311258 loops=1)
                     Merge Cond: (orders.o_orderkey = lineitem.l_orderkey)
                     ->  Index Scan using orders_pkey on orders  (cost=0.43..547995.96 rows=15002035 width=20) (actual time=0.004..2628.018 rows=14999967 loops=1)
                     ->  Sort  (cost=2501211.20..2501933.62 rows=288971 width=15) (actual time=13582.416..13620.667 rows=311258 loops=1)
                           Sort Key: lineitem.l_orderkey
                           Sort Method: quicksort  Memory: 25513kB
                           ->  Seq Scan on lineitem  (cost=0.00..2475000.71 rows=288971 width=15) (actual time=0.090..13520.930 rows=311258 loops=1)
                                 Filter: ((l_shipmode = ANY ('{SHIP,"REG AIR"}'::bpchar[])) AND (l_commitdate < l_receiptdate) AND (l_shipdate < l_commitdate) AND (l_receiptdate >= '1994-01-01'::date) AND (l_receiptdate < '1995-01-01'::date))
                                 Rows Removed by Filter: 59674794
 Planning time: 0.817 ms
 Execution time: 17289.274 ms
(17 rows)

query 13 run 1
SET
SET
SET
                                                                                 QUERY PLAN                                                                                  
-----------------------------------------------------------------------------------------------------------------------------------------------------------------------------
 Limit  (cost=2728510.99..2728511.00 rows=1 width=16) (actual time=18521.585..18521.586 rows=1 loops=1)
   ->  Sort  (cost=2728510.99..2728511.49 rows=200 width=16) (actual time=18521.584..18521.584 rows=1 loops=1)
         Sort Key: (count(*)) DESC, (count(orders.o_orderkey)) DESC
         Sort Method: top-N heapsort  Memory: 25kB
         ->  HashAggregate  (cost=2728507.99..2728509.99 rows=200 width=16) (actual time=18521.564..18521.569 rows=46 loops=1)
               Group Key: count(orders.o_orderkey)
               ->  GroupAggregate  (cost=2327868.33..2706008.02 rows=1499998 width=12) (actual time=9654.362..18315.270 rows=1500000 loops=1)
                     Group Key: customer.c_custkey
                     ->  Merge Left Join  (cost=2327868.33..2617512.11 rows=14699186 width=8) (actual time=9654.344..16993.010 rows=15337604 loops=1)
                           Merge Cond: (customer.c_custkey = orders.o_custkey)
                           ->  Index Only Scan using customer_pkey on customer  (cost=0.43..28674.40 rows=1499998 width=4) (actual time=0.390..192.611 rows=1500000 loops=1)
                                 Heap Fetches: 0
                           ->  Materialize  (cost=2327867.90..2401363.83 rows=14699186 width=8) (actual time=9653.949..14905.566 rows=14837583 loops=1)
                                 ->  Sort  (cost=2327867.90..2364615.87 rows=14699186 width=8) (actual time=9653.946..13779.337 rows=14837583 loops=1)
                                       Sort Key: orders.o_custkey
                                       Sort Method: external merge  Disk: 260704kB
                                       ->  Seq Scan on orders  (cost=0.00..448793.44 rows=14699186 width=8) (actual time=0.318..5144.394 rows=14837583 loops=1)
                                             Filter: ((o_comment)::text !~~ '%special%requests%'::text)
                                             Rows Removed by Filter: 162417
 Planning time: 13.471 ms
 Execution time: 18557.319 ms
(21 rows)

SET
SET
SET
                                                                                 QUERY PLAN                                                                                  
-----------------------------------------------------------------------------------------------------------------------------------------------------------------------------
 Limit  (cost=2728510.99..2728511.00 rows=1 width=16) (actual time=17969.016..17969.017 rows=1 loops=1)
   ->  Sort  (cost=2728510.99..2728511.49 rows=200 width=16) (actual time=17969.015..17969.016 rows=1 loops=1)
         Sort Key: (count(*)) DESC, (count(orders.o_orderkey)) DESC
         Sort Method: top-N heapsort  Memory: 25kB
         ->  HashAggregate  (cost=2728507.99..2728509.99 rows=200 width=16) (actual time=17968.996..17969.003 rows=46 loops=1)
               Group Key: count(orders.o_orderkey)
               ->  GroupAggregate  (cost=2327868.33..2706008.02 rows=1499998 width=12) (actual time=9128.861..17766.434 rows=1500000 loops=1)
                     Group Key: customer.c_custkey
                     ->  Merge Left Join  (cost=2327868.33..2617512.11 rows=14699186 width=8) (actual time=9128.845..16455.653 rows=15337604 loops=1)
                           Merge Cond: (customer.c_custkey = orders.o_custkey)
                           ->  Index Only Scan using customer_pkey on customer  (cost=0.43..28674.40 rows=1499998 width=4) (actual time=0.017..148.826 rows=1500000 loops=1)
                                 Heap Fetches: 0
                           ->  Materialize  (cost=2327867.90..2401363.83 rows=14699186 width=8) (actual time=9128.824..14411.998 rows=14837583 loops=1)
                                 ->  Sort  (cost=2327867.90..2364615.87 rows=14699186 width=8) (actual time=9128.821..13280.127 rows=14837583 loops=1)
                                       Sort Key: orders.o_custkey
                                       Sort Method: external merge  Disk: 260704kB
                                       ->  Seq Scan on orders  (cost=0.00..448793.44 rows=14699186 width=8) (actual time=0.033..4648.259 rows=14837583 loops=1)
                                             Filter: ((o_comment)::text !~~ '%special%requests%'::text)
                                             Rows Removed by Filter: 162417
 Planning time: 0.540 ms
 Execution time: 18004.237 ms
(21 rows)

query 14 run 1
SET
SET
SET
                                                                            QUERY PLAN                                                                            
------------------------------------------------------------------------------------------------------------------------------------------------------------------
 Limit  (cost=855477.17..855477.18 rows=1 width=32) (actual time=8546.948..8546.949 rows=1 loops=1)
   ->  Aggregate  (cost=855477.17..855477.18 rows=1 width=32) (actual time=8546.946..8546.946 rows=1 loops=1)
         ->  Hash Join  (cost=112864.89..842576.06 rows=737206 width=33) (actual time=1136.411..8012.255 rows=772942 loops=1)
               Hash Cond: (lineitem.l_partkey = part.p_partkey)
               ->  Bitmap Heap Scan on lineitem  (cost=13211.80..709704.84 rows=824413 width=16) (actual time=282.220..6421.192 rows=772942 loops=1)
                     Recheck Cond: ((l_shipdate >= '1994-05-01'::date) AND (l_shipdate < '1994-06-01'::date))
                     Heap Blocks: exact=416569
                     ->  Bitmap Index Scan on idx_lineitem_shipdate  (cost=0.00..13005.70 rows=824413 width=0) (actual time=186.186..186.186 rows=772942 loops=1)
                           Index Cond: ((l_shipdate >= '1994-05-01'::date) AND (l_shipdate < '1994-06-01'::date))
               ->  Hash  (cost=60981.04..60981.04 rows=2000004 width=25) (actual time=852.572..852.572 rows=2000000 loops=1)
                     Buckets: 524288  Batches: 8  Memory Usage: 18555kB
                     ->  Seq Scan on part  (cost=0.00..60981.04 rows=2000004 width=25) (actual time=0.010..543.174 rows=2000000 loops=1)
 Planning time: 15.503 ms
 Execution time: 8547.023 ms
(14 rows)

SET
SET
SET
                                                                            QUERY PLAN                                                                            
------------------------------------------------------------------------------------------------------------------------------------------------------------------
 Limit  (cost=855477.17..855477.18 rows=1 width=32) (actual time=4142.716..4142.716 rows=1 loops=1)
   ->  Aggregate  (cost=855477.17..855477.18 rows=1 width=32) (actual time=4142.715..4142.715 rows=1 loops=1)
         ->  Hash Join  (cost=112864.89..842576.06 rows=737206 width=33) (actual time=971.692..3672.021 rows=772942 loops=1)
               Hash Cond: (lineitem.l_partkey = part.p_partkey)
               ->  Bitmap Heap Scan on lineitem  (cost=13211.80..709704.84 rows=824413 width=16) (actual time=272.568..2377.958 rows=772942 loops=1)
                     Recheck Cond: ((l_shipdate >= '1994-05-01'::date) AND (l_shipdate < '1994-06-01'::date))
                     Heap Blocks: exact=416569
                     ->  Bitmap Index Scan on idx_lineitem_shipdate  (cost=0.00..13005.70 rows=824413 width=0) (actual time=176.934..176.934 rows=772942 loops=1)
                           Index Cond: ((l_shipdate >= '1994-05-01'::date) AND (l_shipdate < '1994-06-01'::date))
               ->  Hash  (cost=60981.04..60981.04 rows=2000004 width=25) (actual time=698.406..698.406 rows=2000000 loops=1)
                     Buckets: 524288  Batches: 8  Memory Usage: 18555kB
                     ->  Seq Scan on part  (cost=0.00..60981.04 rows=2000004 width=25) (actual time=0.008..396.715 rows=2000000 loops=1)
 Planning time: 0.820 ms
 Execution time: 4142.790 ms
(14 rows)

query 15 run 1
SET
SET
SET
CREATE VIEW
                                                                                QUERY PLAN                                                                                
--------------------------------------------------------------------------------------------------------------------------------------------------------------------------
 Limit  (cost=2603510.78..2603511.29 rows=1 width=103) (actual time=23911.237..23911.238 rows=1 loops=1)
   InitPlan 1 (returns $0)
     ->  Aggregate  (cost=1190335.78..1190335.79 rows=1 width=32) (actual time=8412.213..8412.213 rows=1 loops=1)
           ->  HashAggregate  (cost=1187825.46..1189080.62 rows=100413 width=36) (actual time=8372.004..8405.570 rows=100000 loops=1)
                 Group Key: lineitem_1.l_suppkey
                 ->  Bitmap Heap Scan on lineitem lineitem_1  (cost=34043.58..1166582.03 rows=2124343 width=16) (actual time=542.091..6428.793 rows=2265714 loops=1)
                       Recheck Cond: ((l_shipdate >= '1996-01-01'::date) AND (l_shipdate < '1996-04-01'::date))
                       Rows Removed by Index Recheck: 21153354
                       Heap Blocks: exact=243444 lossy=424814
                       ->  Bitmap Index Scan on idx_lineitem_shipdate  (cost=0.00..33512.50 rows=2124343 width=0) (actual time=488.426..488.426 rows=2265714 loops=1)
                             Index Cond: ((l_shipdate >= '1996-01-01'::date) AND (l_shipdate < '1996-04-01'::date))
   ->  Merge Join  (cost=1413174.99..1463830.95 rows=100413 width=103) (actual time=23911.235..23911.235 rows=1 loops=1)
         Merge Cond: (lineitem.l_suppkey = supplier.s_suppkey)
         ->  GroupAggregate  (cost=1413174.70..1457167.75 rows=100413 width=36) (actual time=23889.089..23889.089 rows=1 loops=1)
               Group Key: lineitem.l_suppkey
               Filter: (sum((lineitem.l_extendedprice * ('1'::numeric - lineitem.l_discount))) = $0)
               Rows Removed by Filter: 69997
               ->  Sort  (cost=1413174.70..1418485.56 rows=2124343 width=16) (actual time=14483.131..14785.770 rows=1585450 loops=1)
                     Sort Key: lineitem.l_suppkey
                     Sort Method: external merge  Disk: 60808kB
                     ->  Bitmap Heap Scan on lineitem  (cost=34043.58..1166582.03 rows=2124343 width=16) (actual time=609.474..13537.299 rows=2265714 loops=1)
                           Recheck Cond: ((l_shipdate >= '1996-01-01'::date) AND (l_shipdate < '1996-04-01'::date))
                           Rows Removed by Index Recheck: 21153354
                           Heap Blocks: exact=243444 lossy=424814
                           ->  Bitmap Index Scan on idx_lineitem_shipdate  (cost=0.00..33512.50 rows=2124343 width=0) (actual time=555.416..555.416 rows=2265714 loops=1)
                                 Index Cond: ((l_shipdate >= '1996-01-01'::date) AND (l_shipdate < '1996-04-01'::date))
         ->  Index Scan using supplier_pkey on supplier  (cost=0.29..4135.79 rows=100000 width=71) (actual time=0.362..18.331 rows=69998 loops=1)
 Planning time: 11.887 ms
 Execution time: 23919.746 ms
(29 rows)

DROP VIEW
SET
SET
SET
CREATE VIEW
                                                                                QUERY PLAN                                                                                
--------------------------------------------------------------------------------------------------------------------------------------------------------------------------
 Limit  (cost=2603510.78..2603511.29 rows=1 width=103) (actual time=17117.269..17117.269 rows=1 loops=1)
   InitPlan 1 (returns $0)
     ->  Aggregate  (cost=1190335.78..1190335.79 rows=1 width=32) (actual time=8408.042..8408.042 rows=1 loops=1)
           ->  HashAggregate  (cost=1187825.46..1189080.62 rows=100413 width=36) (actual time=8368.184..8401.388 rows=100000 loops=1)
                 Group Key: lineitem_1.l_suppkey
                 ->  Bitmap Heap Scan on lineitem lineitem_1  (cost=34043.58..1166582.03 rows=2124343 width=16) (actual time=540.296..6430.407 rows=2265714 loops=1)
                       Recheck Cond: ((l_shipdate >= '1996-01-01'::date) AND (l_shipdate < '1996-04-01'::date))
                       Rows Removed by Index Recheck: 21153354
                       Heap Blocks: exact=243444 lossy=424814
                       ->  Bitmap Index Scan on idx_lineitem_shipdate  (cost=0.00..33512.50 rows=2124343 width=0) (actual time=486.217..486.217 rows=2265714 loops=1)
                             Index Cond: ((l_shipdate >= '1996-01-01'::date) AND (l_shipdate < '1996-04-01'::date))
   ->  Merge Join  (cost=1413174.99..1463830.95 rows=100413 width=103) (actual time=17117.269..17117.269 rows=1 loops=1)
         Merge Cond: (lineitem.l_suppkey = supplier.s_suppkey)
         ->  GroupAggregate  (cost=1413174.70..1457167.75 rows=100413 width=36) (actual time=17102.855..17102.855 rows=1 loops=1)
               Group Key: lineitem.l_suppkey
               Filter: (sum((lineitem.l_extendedprice * ('1'::numeric - lineitem.l_discount))) = $0)
               Rows Removed by Filter: 69997
               ->  Sort  (cost=1413174.70..1418485.56 rows=2124343 width=16) (actual time=7698.094..8002.051 rows=1585450 loops=1)
                     Sort Key: lineitem.l_suppkey
                     Sort Method: external merge  Disk: 60808kB
                     ->  Bitmap Heap Scan on lineitem  (cost=34043.58..1166582.03 rows=2124343 width=16) (actual time=564.996..6908.564 rows=2265714 loops=1)
                           Recheck Cond: ((l_shipdate >= '1996-01-01'::date) AND (l_shipdate < '1996-04-01'::date))
                           Rows Removed by Index Recheck: 21153354
                           Heap Blocks: exact=243444 lossy=424814
                           ->  Bitmap Index Scan on idx_lineitem_shipdate  (cost=0.00..33512.50 rows=2124343 width=0) (actual time=512.172..512.172 rows=2265714 loops=1)
                                 Index Cond: ((l_shipdate >= '1996-01-01'::date) AND (l_shipdate < '1996-04-01'::date))
         ->  Index Scan using supplier_pkey on supplier  (cost=0.29..4135.79 rows=100000 width=71) (actual time=0.030..10.717 rows=69998 loops=1)
 Planning time: 1.011 ms
 Execution time: 17126.494 ms
(29 rows)

DROP VIEW
query 16 run 1
SET
SET
SET
                                                                                         QUERY PLAN                                                                                         
--------------------------------------------------------------------------------------------------------------------------------------------------------------------------------------------
 Limit  (cost=370003.86..370003.87 rows=1 width=44) (actual time=6807.357..6807.357 rows=1 loops=1)
   ->  Sort  (cost=370003.86..370389.73 rows=154346 width=44) (actual time=6807.355..6807.355 rows=1 loops=1)
         Sort Key: (count(DISTINCT partsupp.ps_suppkey)) DESC, part.p_brand, part.p_type, part.p_size
         Sort Method: top-N heapsort  Memory: 25kB
         ->  GroupAggregate  (cost=360192.59..369232.13 rows=154346 width=44) (actual time=5855.685..6802.563 rows=27838 loops=1)
               Group Key: part.p_brand, part.p_type, part.p_size
               ->  Sort  (cost=360192.59..361691.80 rows=599687 width=40) (actual time=5855.606..6483.636 rows=1186319 loops=1)
                     Sort Key: part.p_brand, part.p_type, part.p_size
                     Sort Method: external merge  Disk: 60496kB
                     ->  Hash Join  (cost=98200.75..292097.57 rows=599687 width=40) (actual time=942.750..3110.705 rows=1186319 loops=1)
                           Hash Cond: (partsupp.ps_partkey = part.p_partkey)
                           ->  Index Only Scan using partsupp_pkey on partsupp  (cost=3471.46..176371.95 rows=3999857 width=8) (actual time=38.478..1404.944 rows=7995520 loops=1)
                                 Filter: (NOT (hashed SubPlan 1))
                                 Rows Removed by Filter: 4480
                                 Heap Fetches: 0
                                 SubPlan 1
                                   ->  Seq Scan on supplier  (cost=0.00..3471.00 rows=10 width=4) (actual time=1.111..37.275 rows=56 loops=1)
                                         Filter: ((s_comment)::text ~~ '%Customer%Complaints%'::text)
                                         Rows Removed by Filter: 99944
                           ->  Hash  (cost=90981.10..90981.10 rows=299855 width=40) (actual time=903.587..903.587 rows=296733 loops=1)
                                 Buckets: 524288  Batches: 1  Memory Usage: 25593kB
                                 ->  Seq Scan on part  (cost=0.00..90981.10 rows=299855 width=40) (actual time=0.020..836.159 rows=296733 loops=1)
                                       Filter: ((p_brand <> 'Brand#12'::bpchar) AND ((p_type)::text !~~ 'SMALL BRUSHED%'::text) AND (p_size = ANY ('{12,32,36,26,40,34,49,9}'::integer[])))
                                       Rows Removed by Filter: 1703267
 Planning time: 16.272 ms
 Execution time: 6815.203 ms
(26 rows)

SET
SET
SET
                                                                                         QUERY PLAN                                                                                         
--------------------------------------------------------------------------------------------------------------------------------------------------------------------------------------------
 Limit  (cost=370003.86..370003.87 rows=1 width=44) (actual time=6299.785..6299.785 rows=1 loops=1)
   ->  Sort  (cost=370003.86..370389.73 rows=154346 width=44) (actual time=6299.784..6299.784 rows=1 loops=1)
         Sort Key: (count(DISTINCT partsupp.ps_suppkey)) DESC, part.p_brand, part.p_type, part.p_size
         Sort Method: top-N heapsort  Memory: 25kB
         ->  GroupAggregate  (cost=360192.59..369232.13 rows=154346 width=44) (actual time=5347.430..6295.061 rows=27838 loops=1)
               Group Key: part.p_brand, part.p_type, part.p_size
               ->  Sort  (cost=360192.59..361691.80 rows=599687 width=40) (actual time=5347.366..5975.305 rows=1186319 loops=1)
                     Sort Key: part.p_brand, part.p_type, part.p_size
                     Sort Method: external merge  Disk: 60496kB
                     ->  Hash Join  (cost=98200.75..292097.57 rows=599687 width=40) (actual time=645.887..2614.944 rows=1186319 loops=1)
                           Hash Cond: (partsupp.ps_partkey = part.p_partkey)
                           ->  Index Only Scan using partsupp_pkey on partsupp  (cost=3471.46..176371.95 rows=3999857 width=8) (actual time=21.769..1218.144 rows=7995520 loops=1)
                                 Filter: (NOT (hashed SubPlan 1))
                                 Rows Removed by Filter: 4480
                                 Heap Fetches: 0
                                 SubPlan 1
                                   ->  Seq Scan on supplier  (cost=0.00..3471.00 rows=10 width=4) (actual time=0.095..21.697 rows=56 loops=1)
                                         Filter: ((s_comment)::text ~~ '%Customer%Complaints%'::text)
                                         Rows Removed by Filter: 99944
                           ->  Hash  (cost=90981.10..90981.10 rows=299855 width=40) (actual time=623.517..623.517 rows=296733 loops=1)
                                 Buckets: 524288  Batches: 1  Memory Usage: 25593kB
                                 ->  Seq Scan on part  (cost=0.00..90981.10 rows=299855 width=40) (actual time=0.018..564.696 rows=296733 loops=1)
                                       Filter: ((p_brand <> 'Brand#12'::bpchar) AND ((p_type)::text !~~ 'SMALL BRUSHED%'::text) AND (p_size = ANY ('{12,32,36,26,40,34,49,9}'::integer[])))
                                       Rows Removed by Filter: 1703267
 Planning time: 0.825 ms
 Execution time: 6308.034 ms
(26 rows)

query 17 run 1
SET
SET
SET
                                                                              QUERY PLAN                                                                              
----------------------------------------------------------------------------------------------------------------------------------------------------------------------
 Limit  (cost=10823232.82..10823232.83 rows=1 width=32) (actual time=61222.043..61222.043 rows=1 loops=1)
   ->  Aggregate  (cost=10823232.82..10823232.83 rows=1 width=32) (actual time=61222.041..61222.041 rows=1 loops=1)
         ->  Merge Join  (cost=10134866.37..10823182.32 rows=20198 width=8) (actual time=31940.393..61219.818 rows=5319 loops=1)
               Merge Cond: (lineitem_1.l_partkey = part.p_partkey)
               Join Filter: (lineitem.l_quantity < ((0.2 * avg(lineitem_1.l_quantity))))
               Rows Removed by Join Filter: 54632
               ->  GroupAggregate  (cost=10134865.38..10618366.85 rows=2236593 width=36) (actual time=31932.579..58741.701 rows=1999333 loops=1)
                     Group Key: lineitem_1.l_partkey
                     ->  Sort  (cost=10134865.38..10284849.57 rows=59993676 width=9) (actual time=31932.553..48360.354 rows=59965994 loops=1)
                           Sort Key: lineitem_1.l_partkey
                           Sort Method: external merge  Disk: 1112904kB
                           ->  Seq Scan on lineitem lineitem_1  (cost=0.00..1725079.76 rows=59993676 width=9) (actual time=0.436..9275.975 rows=59986052 loops=1)
               ->  Materialize  (cost=0.99..175933.13 rows=54184 width=21) (actual time=1.344..2341.884 rows=59951 loops=1)
                     ->  Nested Loop  (cost=0.99..175797.67 rows=54184 width=21) (actual time=1.342..2322.800 rows=59951 loops=1)
                           ->  Index Scan using part_pkey on part  (cost=0.43..89212.51 rows=2020 width=4) (actual time=0.990..644.064 rows=1996 loops=1)
                                 Filter: ((p_brand = 'Brand#22'::bpchar) AND (p_container = 'LG BOX'::bpchar))
                                 Rows Removed by Filter: 1998004
                           ->  Index Scan using idx_lineitem_part_supp on lineitem  (cost=0.56..42.59 rows=27 width=17) (actual time=0.576..0.832 rows=30 loops=1996)
                                 Index Cond: (l_partkey = part.p_partkey)
 Planning time: 14.567 ms
 Execution time: 61345.747 ms
(21 rows)

SET
SET
SET
                                                                              QUERY PLAN                                                                              
----------------------------------------------------------------------------------------------------------------------------------------------------------------------
 Limit  (cost=10823232.82..10823232.83 rows=1 width=32) (actual time=57456.757..57456.757 rows=1 loops=1)
   ->  Aggregate  (cost=10823232.82..10823232.83 rows=1 width=32) (actual time=57456.756..57456.756 rows=1 loops=1)
         ->  Merge Join  (cost=10134866.37..10823182.32 rows=20198 width=8) (actual time=29949.989..57455.350 rows=5319 loops=1)
               Merge Cond: (lineitem_1.l_partkey = part.p_partkey)
               Join Filter: (lineitem.l_quantity < ((0.2 * avg(lineitem_1.l_quantity))))
               Rows Removed by Join Filter: 54632
               ->  GroupAggregate  (cost=10134865.38..10618366.85 rows=2236593 width=36) (actual time=29943.319..56896.710 rows=1999333 loops=1)
                     Group Key: lineitem_1.l_partkey
                     ->  Sort  (cost=10134865.38..10284849.57 rows=59993676 width=9) (actual time=29943.293..46101.523 rows=59965994 loops=1)
                           Sort Key: lineitem_1.l_partkey
                           Sort Method: external merge  Disk: 1112904kB
                           ->  Seq Scan on lineitem lineitem_1  (cost=0.00..1725079.76 rows=59993676 width=9) (actual time=0.039..7397.186 rows=59986052 loops=1)
               ->  Materialize  (cost=0.99..175933.13 rows=54184 width=21) (actual time=0.161..433.752 rows=59951 loops=1)
                     ->  Nested Loop  (cost=0.99..175797.67 rows=54184 width=21) (actual time=0.158..424.337 rows=59951 loops=1)
                           ->  Index Scan using part_pkey on part  (cost=0.43..89212.51 rows=2020 width=4) (actual time=0.147..362.744 rows=1996 loops=1)
                                 Filter: ((p_brand = 'Brand#22'::bpchar) AND (p_container = 'LG BOX'::bpchar))
                                 Rows Removed by Filter: 1998004
                           ->  Index Scan using idx_lineitem_part_supp on lineitem  (cost=0.56..42.59 rows=27 width=17) (actual time=0.005..0.025 rows=30 loops=1996)
                                 Index Cond: (l_partkey = part.p_partkey)
 Planning time: 0.710 ms
 Execution time: 57579.800 ms
(21 rows)

query 18 run 1
SET
SET
SET
                                                                                                       QUERY PLAN                                                                                                        
-------------------------------------------------------------------------------------------------------------------------------------------------------------------------------------------------------------------------
 Limit  (cost=13509303.78..13509304.03 rows=100 width=71) (actual time=40296.206..40296.217 rows=99 loops=1)
   ->  Sort  (cost=13509303.78..13584295.88 rows=29996838 width=71) (actual time=40296.206..40296.210 rows=99 loops=1)
         Sort Key: orders.o_totalprice DESC, orders.o_orderdate
         Sort Method: quicksort  Memory: 32kB
         ->  GroupAggregate  (cost=11687917.35..12362846.20 rows=29996838 width=71) (actual time=40295.939..40296.132 rows=99 loops=1)
               Group Key: customer.c_custkey, orders.o_orderkey
               ->  Sort  (cost=11687917.35..11762909.44 rows=29996838 width=44) (actual time=40295.921..40295.951 rows=693 loops=1)
                     Sort Key: customer.c_custkey, orders.o_orderkey
                     Sort Method: quicksort  Memory: 79kB
                     ->  Hash Join  (cost=78521.91..7369362.73 rows=29996838 width=44) (actual time=4220.809..40295.692 rows=693 loops=1)
                           Hash Cond: (orders.o_custkey = customer.c_custkey)
                           ->  Merge Join  (cost=34.96..6459515.25 rows=29996838 width=25) (actual time=965.986..39532.271 rows=693 loops=1)
                                 Merge Cond: (orders.o_orderkey = lineitem.l_orderkey)
                                 ->  Merge Semi Join  (cost=1.00..3719679.34 rows=7501018 width=24) (actual time=756.322..29345.111 rows=99 loops=1)
                                       Merge Cond: (orders.o_orderkey = lineitem_1.l_orderkey)
                                       ->  Index Scan using orders_pkey on orders  (cost=0.43..547995.96 rows=15002035 width=20) (actual time=0.003..2801.818 rows=14982724 loops=1)
                                       ->  Materialize  (cost=0.56..2946698.06 rows=14998419 width=4) (actual time=654.588..25720.119 rows=99 loops=1)
                                             ->  GroupAggregate  (cost=0.56..2759217.82 rows=14998419 width=4) (actual time=654.585..25719.949 rows=99 loops=1)
                                                   Group Key: lineitem_1.l_orderkey
                                                   Filter: (sum(lineitem_1.l_quantity) > '313'::numeric)
                                                   Rows Removed by Filter: 14999901
                                                   ->  Index Scan using idx_lineitem_orderkey on lineitem lineitem_1  (cost=0.56..2271769.20 rows=59993676 width=9) (actual time=0.003..11761.029 rows=59986052 loops=1)
                                 ->  Index Scan using idx_lineitem_orderkey on lineitem  (cost=0.56..2271769.20 rows=59993676 width=9) (actual time=0.007..6945.604 rows=59916431 loops=1)
                           ->  Hash  (cost=50946.98..50946.98 rows=1499998 width=23) (actual time=658.301..658.301 rows=1500000 loops=1)
                                 Buckets: 524288  Batches: 4  Memory Usage: 24623kB
                                 ->  Seq Scan on customer  (cost=0.00..50946.98 rows=1499998 width=23) (actual time=0.010..417.832 rows=1500000 loops=1)
 Planning time: 18.788 ms
 Execution time: 40296.340 ms
(28 rows)

SET
SET
SET
                                                                                                       QUERY PLAN                                                                                                       
------------------------------------------------------------------------------------------------------------------------------------------------------------------------------------------------------------------------
 Limit  (cost=13509303.78..13509304.03 rows=100 width=71) (actual time=37073.269..37073.282 rows=99 loops=1)
   ->  Sort  (cost=13509303.78..13584295.88 rows=29996838 width=71) (actual time=37073.269..37073.277 rows=99 loops=1)
         Sort Key: orders.o_totalprice DESC, orders.o_orderdate
         Sort Method: quicksort  Memory: 32kB
         ->  GroupAggregate  (cost=11687917.35..12362846.20 rows=29996838 width=71) (actual time=37073.003..37073.194 rows=99 loops=1)
               Group Key: customer.c_custkey, orders.o_orderkey
               ->  Sort  (cost=11687917.35..11762909.44 rows=29996838 width=44) (actual time=37072.985..37073.027 rows=693 loops=1)
                     Sort Key: customer.c_custkey, orders.o_orderkey
                     Sort Method: quicksort  Memory: 79kB
                     ->  Hash Join  (cost=78521.91..7369362.73 rows=29996838 width=44) (actual time=3631.216..37072.770 rows=693 loops=1)
                           Hash Cond: (orders.o_custkey = customer.c_custkey)
                           ->  Merge Join  (cost=34.96..6459515.25 rows=29996838 width=25) (actual time=834.592..36439.536 rows=693 loops=1)
                                 Merge Cond: (orders.o_orderkey = lineitem.l_orderkey)
                                 ->  Merge Semi Join  (cost=1.00..3719679.34 rows=7501018 width=24) (actual time=615.062..25997.410 rows=99 loops=1)
                                       Merge Cond: (orders.o_orderkey = lineitem_1.l_orderkey)
                                       ->  Index Scan using orders_pkey on orders  (cost=0.43..547995.96 rows=15002035 width=20) (actual time=0.004..2200.797 rows=14982724 loops=1)
                                       ->  Materialize  (cost=0.56..2946698.06 rows=14998419 width=4) (actual time=541.156..22996.915 rows=99 loops=1)
                                             ->  GroupAggregate  (cost=0.56..2759217.82 rows=14998419 width=4) (actual time=541.153..22996.769 rows=99 loops=1)
                                                   Group Key: lineitem_1.l_orderkey
                                                   Filter: (sum(lineitem_1.l_quantity) > '313'::numeric)
                                                   Rows Removed by Filter: 14999901
                                                   ->  Index Scan using idx_lineitem_orderkey on lineitem lineitem_1  (cost=0.56..2271769.20 rows=59993676 width=9) (actual time=0.003..9315.471 rows=59986052 loops=1)
                                 ->  Index Scan using idx_lineitem_orderkey on lineitem  (cost=0.56..2271769.20 rows=59993676 width=9) (actual time=0.006..7192.435 rows=59916431 loops=1)
                           ->  Hash  (cost=50946.98..50946.98 rows=1499998 width=23) (actual time=527.252..527.252 rows=1500000 loops=1)
                                 Buckets: 524288  Batches: 4  Memory Usage: 24623kB
                                 ->  Seq Scan on customer  (cost=0.00..50946.98 rows=1499998 width=23) (actual time=0.008..293.501 rows=1500000 loops=1)
 Planning time: 1.471 ms
 Execution time: 37073.395 ms
(28 rows)

query 19 run 1
SET
SET
SET
                                                                                                                                                                                                                                                                                                                                                                                                                                                                                                            QUERY PLAN                                                                                                                                                                                                                                                                                                                                                                                                                                                                                                            
----------------------------------------------------------------------------------------------------------------------------------------------------------------------------------------------------------------------------------------------------------------------------------------------------------------------------------------------------------------------------------------------------------------------------------------------------------------------------------------------------------------------------------------------------------------------------------------------------------------------------------------------------------------------------------------------------------------------------------------------------------------------------------------------------------------------------------------------------------------------------------------------------------------------------------------------------------------------------------------------------------------------------------
 Limit  (cost=341673.05..341673.06 rows=1 width=32) (actual time=23245.582..23245.583 rows=1 loops=1)
   ->  Aggregate  (cost=341673.05..341673.06 rows=1 width=32) (actual time=23245.582..23245.582 rows=1 loops=1)
         ->  Nested Loop  (cost=0.56..341665.25 rows=1039 width=12) (actual time=56.796..23241.771 rows=1063 loops=1)
               ->  Seq Scan on part  (cost=0.00..125981.17 rows=4867 width=30) (actual time=1.031..945.789 rows=4781 loops=1)
                     Filter: ((p_size >= 1) AND (((p_brand = 'Brand#24'::bpchar) AND (p_container = ANY ('{"SM CASE","SM BOX","SM PACK","SM PKG"}'::bpchar[])) AND (p_size <= 5)) OR ((p_brand = 'Brand#43'::bpchar) AND (p_container = ANY ('{"MED BAG","MED BOX","MED PKG","MED PACK"}'::bpchar[])) AND (p_size <= 10)) OR ((p_brand = 'Brand#44'::bpchar) AND (p_container = ANY ('{"LG CASE","LG BOX","LG PACK","LG PKG"}'::bpchar[])) AND (p_size <= 15))))
                     Rows Removed by Filter: 1995219
               ->  Index Scan using idx_lineitem_part_supp on lineitem  (cost=0.56..44.31 rows=1 width=21) (actual time=4.207..4.662 rows=0 loops=4781)
                     Index Cond: (l_partkey = part.p_partkey)
                     Filter: ((l_shipmode = ANY ('{AIR,"AIR REG"}'::bpchar[])) AND (l_shipinstruct = 'DELIVER IN PERSON'::bpchar) AND (((l_quantity >= '10'::numeric) AND (l_quantity <= '20'::numeric)) OR ((l_quantity >= '10'::numeric) AND (l_quantity <= '20'::numeric)) OR ((l_quantity >= '20'::numeric) AND (l_quantity <= '30'::numeric))) AND (((part.p_brand = 'Brand#24'::bpchar) AND (part.p_container = ANY ('{"SM CASE","SM BOX","SM PACK","SM PKG"}'::bpchar[])) AND (l_quantity >= '10'::numeric) AND (l_quantity <= '20'::numeric) AND (part.p_size <= 5)) OR ((part.p_brand = 'Brand#43'::bpchar) AND (part.p_container = ANY ('{"MED BAG","MED BOX","MED PKG","MED PACK"}'::bpchar[])) AND (l_quantity >= '10'::numeric) AND (l_quantity <= '20'::numeric) AND (part.p_size <= 10)) OR ((part.p_brand = 'Brand#44'::bpchar) AND (part.p_container = ANY ('{"LG CASE","LG BOX","LG PACK","LG PKG"}'::bpchar[])) AND (l_quantity >= '20'::numeric) AND (l_quantity <= '30'::numeric) AND (part.p_size <= 15))))
                     Rows Removed by Filter: 30
 Planning time: 14.822 ms
 Execution time: 23245.624 ms
(12 rows)

SET
SET
SET
                                                                                                                                                                                                                                                                                                                                                                                                                                                                                                            QUERY PLAN                                                                                                                                                                                                                                                                                                                                                                                                                                                                                                            
----------------------------------------------------------------------------------------------------------------------------------------------------------------------------------------------------------------------------------------------------------------------------------------------------------------------------------------------------------------------------------------------------------------------------------------------------------------------------------------------------------------------------------------------------------------------------------------------------------------------------------------------------------------------------------------------------------------------------------------------------------------------------------------------------------------------------------------------------------------------------------------------------------------------------------------------------------------------------------------------------------------------------------
 Limit  (cost=341673.05..341673.06 rows=1 width=32) (actual time=713.183..713.184 rows=1 loops=1)
   ->  Aggregate  (cost=341673.05..341673.06 rows=1 width=32) (actual time=713.182..713.182 rows=1 loops=1)
         ->  Nested Loop  (cost=0.56..341665.25 rows=1039 width=12) (actual time=1.714..712.203 rows=1063 loops=1)
               ->  Seq Scan on part  (cost=0.00..125981.17 rows=4867 width=30) (actual time=0.248..548.392 rows=4781 loops=1)
                     Filter: ((p_size >= 1) AND (((p_brand = 'Brand#24'::bpchar) AND (p_container = ANY ('{"SM CASE","SM BOX","SM PACK","SM PKG"}'::bpchar[])) AND (p_size <= 5)) OR ((p_brand = 'Brand#43'::bpchar) AND (p_container = ANY ('{"MED BAG","MED BOX","MED PKG","MED PACK"}'::bpchar[])) AND (p_size <= 10)) OR ((p_brand = 'Brand#44'::bpchar) AND (p_container = ANY ('{"LG CASE","LG BOX","LG PACK","LG PKG"}'::bpchar[])) AND (p_size <= 15))))
                     Rows Removed by Filter: 1995219
               ->  Index Scan using idx_lineitem_part_supp on lineitem  (cost=0.56..44.31 rows=1 width=21) (actual time=0.031..0.034 rows=0 loops=4781)
                     Index Cond: (l_partkey = part.p_partkey)
                     Filter: ((l_shipmode = ANY ('{AIR,"AIR REG"}'::bpchar[])) AND (l_shipinstruct = 'DELIVER IN PERSON'::bpchar) AND (((l_quantity >= '10'::numeric) AND (l_quantity <= '20'::numeric)) OR ((l_quantity >= '10'::numeric) AND (l_quantity <= '20'::numeric)) OR ((l_quantity >= '20'::numeric) AND (l_quantity <= '30'::numeric))) AND (((part.p_brand = 'Brand#24'::bpchar) AND (part.p_container = ANY ('{"SM CASE","SM BOX","SM PACK","SM PKG"}'::bpchar[])) AND (l_quantity >= '10'::numeric) AND (l_quantity <= '20'::numeric) AND (part.p_size <= 5)) OR ((part.p_brand = 'Brand#43'::bpchar) AND (part.p_container = ANY ('{"MED BAG","MED BOX","MED PKG","MED PACK"}'::bpchar[])) AND (l_quantity >= '10'::numeric) AND (l_quantity <= '20'::numeric) AND (part.p_size <= 10)) OR ((part.p_brand = 'Brand#44'::bpchar) AND (part.p_container = ANY ('{"LG CASE","LG BOX","LG PACK","LG PKG"}'::bpchar[])) AND (l_quantity >= '20'::numeric) AND (l_quantity <= '30'::numeric) AND (part.p_size <= 15))))
                     Rows Removed by Filter: 30
 Planning time: 0.867 ms
 Execution time: 713.222 ms
(12 rows)

query 20 run 1
SET
SET
SET
                                                                                          QUERY PLAN                                                                                           
-----------------------------------------------------------------------------------------------------------------------------------------------------------------------------------------------
 Limit  (cost=2977206.74..2977206.74 rows=1 width=51) (actual time=55535.753..55535.754 rows=1 loops=1)
   ->  Sort  (cost=2977206.74..2977211.74 rows=2000 width=51) (actual time=55535.752..55535.752 rows=1 loops=1)
         Sort Key: supplier.s_name
         Sort Method: top-N heapsort  Memory: 25kB
         ->  Nested Loop Semi Join  (cost=2727914.33..2977196.74 rows=2000 width=51) (actual time=32870.708..55533.772 rows=1821 loops=1)
               Join Filter: (supplier.s_suppkey = lineitem.l_suppkey)
               Rows Removed by Join Filter: 182001415
               ->  Nested Loop  (cost=49.29..2273.46 rows=4000 width=55) (actual time=2.566..27.118 rows=4095 loops=1)
                     ->  Seq Scan on nation  (cost=0.00..1.31 rows=1 width=4) (actual time=0.005..0.009 rows=1 loops=1)
                           Filter: (n_name = 'IRAQ'::bpchar)
                           Rows Removed by Filter: 24
                     ->  Bitmap Heap Scan on supplier  (cost=49.29..2232.15 rows=4000 width=59) (actual time=2.557..26.161 rows=4095 loops=1)
                           Recheck Cond: (s_nationkey = nation.n_nationkey)
                           Heap Blocks: exact=1865
                           ->  Bitmap Index Scan on idx_supplier_nation_key  (cost=0.00..48.29 rows=4000 width=0) (actual time=1.596..1.596 rows=4095 loops=1)
                                 Index Cond: (s_nationkey = nation.n_nationkey)
               ->  Materialize  (cost=2727865.04..2966043.65 rows=148 width=8) (actual time=7.756..10.750 rows=44445 loops=4095)
                     ->  Merge Join  (cost=2727865.04..2966042.91 rows=148 width=8) (actual time=31760.661..38131.666 rows=59002 loops=1)
                           Merge Cond: ((lineitem.l_partkey = partsupp.ps_partkey) AND (lineitem.l_suppkey = partsupp.ps_suppkey))
                           Join Filter: ((partsupp.ps_availqty)::numeric > ((0.5 * sum(lineitem.l_quantity))))
                           Rows Removed by Join Filter: 123
                           ->  GroupAggregate  (cost=2550777.39..2713704.90 rows=4829611 width=40) (actual time=27324.713..33355.397 rows=5448473 loops=1)
                                 Group Key: lineitem.l_partkey, lineitem.l_suppkey
                                 ->  Sort  (cost=2550777.39..2573398.22 rows=9048335 width=13) (actual time=27324.697..30017.201 rows=9123091 loops=1)
                                       Sort Key: lineitem.l_partkey, lineitem.l_suppkey
                                       Sort Method: external merge  Disk: 205064kB
                                       ->  Bitmap Heap Scan on lineitem  (cost=145000.00..1405868.02 rows=9048335 width=13) (actual time=1910.186..23738.386 rows=9123688 loops=1)
                                             Recheck Cond: ((l_shipdate >= '1996-01-01'::date) AND (l_shipdate < '1997-01-01'::date))
                                             Rows Removed by Index Recheck: 27869248
                                             Heap Blocks: exact=412819 lossy=635976
                                             ->  Bitmap Index Scan on idx_lineitem_shipdate  (cost=0.00..142737.92 rows=9048335 width=0) (actual time=1814.696..1814.696 rows=9123688 loops=1)
                                                   Index Cond: ((l_shipdate >= '1996-01-01'::date) AND (l_shipdate < '1997-01-01'::date))
                           ->  Sort  (cost=177087.65..178022.84 rows=374075 width=16) (actual time=4435.591..4447.479 rows=86872 loops=1)
                                 Sort Key: partsupp.ps_partkey, partsupp.ps_suppkey
                                 Sort Method: quicksort  Memory: 7145kB
                                 ->  Nested Loop  (cost=0.43..142461.46 rows=374075 width=16) (actual time=0.272..4399.970 rows=86872 loops=1)
                                       ->  Seq Scan on part  (cost=0.00..65981.05 rows=20202 width=4) (actual time=0.090..487.178 rows=21718 loops=1)
                                             Filter: ((p_name)::text ~~ 'olive%'::text)
                                             Rows Removed by Filter: 1978282
                                       ->  Index Scan using idx_partsupp_partkey on partsupp  (cost=0.43..3.60 rows=19 width=12) (actual time=0.165..0.178 rows=4 loops=21718)
                                             Index Cond: (ps_partkey = part.p_partkey)
 Planning time: 19.642 ms
 Execution time: 55559.483 ms
(43 rows)

SET
SET
SET
                                                                                          QUERY PLAN                                                                                           
-----------------------------------------------------------------------------------------------------------------------------------------------------------------------------------------------
 Limit  (cost=2977206.74..2977206.74 rows=1 width=51) (actual time=38568.712..38568.712 rows=1 loops=1)
   ->  Sort  (cost=2977206.74..2977211.74 rows=2000 width=51) (actual time=38568.711..38568.711 rows=1 loops=1)
         Sort Key: supplier.s_name
         Sort Method: top-N heapsort  Memory: 25kB
         ->  Nested Loop Semi Join  (cost=2727914.33..2977196.74 rows=2000 width=51) (actual time=15923.309..38566.932 rows=1821 loops=1)
               Join Filter: (supplier.s_suppkey = lineitem.l_suppkey)
               Rows Removed by Join Filter: 182001415
               ->  Nested Loop  (cost=49.29..2273.46 rows=4000 width=55) (actual time=0.597..10.695 rows=4095 loops=1)
                     ->  Seq Scan on nation  (cost=0.00..1.31 rows=1 width=4) (actual time=0.006..0.009 rows=1 loops=1)
                           Filter: (n_name = 'IRAQ'::bpchar)
                           Rows Removed by Filter: 24
                     ->  Bitmap Heap Scan on supplier  (cost=49.29..2232.15 rows=4000 width=59) (actual time=0.588..9.904 rows=4095 loops=1)
                           Recheck Cond: (s_nationkey = nation.n_nationkey)
                           Heap Blocks: exact=1865
                           ->  Bitmap Index Scan on idx_supplier_nation_key  (cost=0.00..48.29 rows=4000 width=0) (actual time=0.391..0.391 rows=4095 loops=1)
                                 Index Cond: (s_nationkey = nation.n_nationkey)
               ->  Materialize  (cost=2727865.04..2966043.65 rows=148 width=8) (actual time=3.618..6.613 rows=44445 loops=4095)
                     ->  Merge Join  (cost=2727865.04..2966042.91 rows=148 width=8) (actual time=14816.836..21182.183 rows=59002 loops=1)
                           Merge Cond: ((lineitem.l_partkey = partsupp.ps_partkey) AND (lineitem.l_suppkey = partsupp.ps_suppkey))
                           Join Filter: ((partsupp.ps_availqty)::numeric > ((0.5 * sum(lineitem.l_quantity))))
                           Rows Removed by Join Filter: 123
                           ->  GroupAggregate  (cost=2550777.39..2713704.90 rows=4829611 width=40) (actual time=14380.079..20405.946 rows=5448473 loops=1)
                                 Group Key: lineitem.l_partkey, lineitem.l_suppkey
                                 ->  Sort  (cost=2550777.39..2573398.22 rows=9048335 width=13) (actual time=14380.063..17073.176 rows=9123091 loops=1)
                                       Sort Key: lineitem.l_partkey, lineitem.l_suppkey
                                       Sort Method: external merge  Disk: 205064kB
                                       ->  Bitmap Heap Scan on lineitem  (cost=145000.00..1405868.02 rows=9048335 width=13) (actual time=1715.286..11144.447 rows=9123688 loops=1)
                                             Recheck Cond: ((l_shipdate >= '1996-01-01'::date) AND (l_shipdate < '1997-01-01'::date))
                                             Rows Removed by Index Recheck: 27869248
                                             Heap Blocks: exact=412819 lossy=635976
                                             ->  Bitmap Index Scan on idx_lineitem_shipdate  (cost=0.00..142737.92 rows=9048335 width=0) (actual time=1621.496..1621.496 rows=9123688 loops=1)
                                                   Index Cond: ((l_shipdate >= '1996-01-01'::date) AND (l_shipdate < '1997-01-01'::date))
                           ->  Sort  (cost=177087.65..178022.84 rows=374075 width=16) (actual time=436.410..447.567 rows=86872 loops=1)
                                 Sort Key: partsupp.ps_partkey, partsupp.ps_suppkey
                                 Sort Method: quicksort  Memory: 7145kB
                                 ->  Nested Loop  (cost=0.43..142461.46 rows=374075 width=16) (actual time=0.058..415.821 rows=86872 loops=1)
                                       ->  Seq Scan on part  (cost=0.00..65981.05 rows=20202 width=4) (actual time=0.031..263.395 rows=21718 loops=1)
                                             Filter: ((p_name)::text ~~ 'olive%'::text)
                                             Rows Removed by Filter: 1978282
                                       ->  Index Scan using idx_partsupp_partkey on partsupp  (cost=0.43..3.60 rows=19 width=12) (actual time=0.006..0.006 rows=4 loops=21718)
                                             Index Cond: (ps_partkey = part.p_partkey)
 Planning time: 1.760 ms
 Execution time: 38592.335 ms
(43 rows)

query 21 run 1
SET
SET
SET
                                                                                            QUERY PLAN                                                                                             
---------------------------------------------------------------------------------------------------------------------------------------------------------------------------------------------------
 Limit  (cost=4004426.29..4004426.30 rows=1 width=34) (actual time=32657.107..32657.119 rows=100 loops=1)
   ->  Sort  (cost=4004426.29..4004426.30 rows=1 width=34) (actual time=32657.106..32657.113 rows=100 loops=1)
         Sort Key: (count(*)) DESC, supplier.s_name
         Sort Method: top-N heapsort  Memory: 32kB
         ->  GroupAggregate  (cost=4004426.26..4004426.28 rows=1 width=34) (actual time=32648.994..32655.832 rows=3991 loops=1)
               Group Key: supplier.s_name
               ->  Sort  (cost=4004426.26..4004426.27 rows=1 width=26) (actual time=32648.986..32651.301 rows=39281 loops=1)
                     Sort Key: supplier.s_name
                     Sort Method: quicksort  Memory: 4605kB
                     ->  Nested Loop Anti Join  (cost=570752.89..4004426.25 rows=1 width=26) (actual time=3525.679..32484.669 rows=39281 loops=1)
                           ->  Nested Loop Semi Join  (cost=570752.32..4004419.52 rows=1 width=34) (actual time=3508.629..30854.378 rows=704306 loops=1)
                                 Join Filter: (l2.l_suppkey <> l1.l_suppkey)
                                 Rows Removed by Join Filter: 183320
                                 ->  Hash Join  (cost=570751.76..2582541.24 rows=387213 width=38) (actual time=3505.759..21100.889 rows=730985 loops=1)
                                       Hash Cond: (l1.l_orderkey = orders.o_orderkey)
                                       ->  Hash Join  (cost=2323.46..1960345.76 rows=796626 width=34) (actual time=40.921..16187.502 rows=1514267 loops=1)
                                             Hash Cond: (l1.l_suppkey = supplier.s_suppkey)
                                             ->  Seq Scan on lineitem l1  (cost=0.00..1875063.95 rows=19997892 width=8) (actual time=0.011..12860.778 rows=37929348 loops=1)
                                                   Filter: (l_receiptdate > l_commitdate)
                                                   Rows Removed by Filter: 22056704
                                             ->  Hash  (cost=2273.46..2273.46 rows=4000 width=30) (actual time=40.834..40.834 rows=3991 loops=1)
                                                   Buckets: 4096  Batches: 1  Memory Usage: 282kB
                                                   ->  Nested Loop  (cost=49.29..2273.46 rows=4000 width=30) (actual time=1.610..39.494 rows=3991 loops=1)
                                                         ->  Seq Scan on nation  (cost=0.00..1.31 rows=1 width=4) (actual time=0.004..0.008 rows=1 loops=1)
                                                               Filter: (n_name = 'PERU'::bpchar)
                                                               Rows Removed by Filter: 24
                                                         ->  Bitmap Heap Scan on supplier  (cost=49.29..2232.15 rows=4000 width=34) (actual time=1.603..38.541 rows=3991 loops=1)
                                                               Recheck Cond: (s_nationkey = nation.n_nationkey)
                                                               Heap Blocks: exact=1865
                                                               ->  Bitmap Index Scan on idx_supplier_nation_key  (cost=0.00..48.29 rows=4000 width=0) (actual time=1.424..1.424 rows=3991 loops=1)
                                                                     Index Cond: (s_nationkey = nation.n_nationkey)
                                       ->  Hash  (cost=448793.44..448793.44 rows=7291989 width=4) (actual time=3459.765..3459.765 rows=7309184 loops=1)
                                             Buckets: 1048576  Batches: 16  Memory Usage: 24248kB
                                             ->  Seq Scan on orders  (cost=0.00..448793.44 rows=7291989 width=4) (actual time=0.016..2582.374 rows=7309184 loops=1)
                                                   Filter: (o_orderstatus = 'F'::bpchar)
                                                   Rows Removed by Filter: 7690816
                                 ->  Index Scan using idx_lineitem_orderkey on lineitem l2  (cost=0.56..3.62 rows=4 width=8) (actual time=0.013..0.013 rows=1 loops=730985)
                                       Index Cond: (l_orderkey = orders.o_orderkey)
                           ->  Index Scan using idx_lineitem_orderkey on lineitem l3  (cost=0.56..3.64 rows=1 width=8) (actual time=0.002..0.002 rows=1 loops=704306)
                                 Index Cond: (l_orderkey = l1.l_orderkey)
                                 Filter: ((l_receiptdate > l_commitdate) AND (l_suppkey <> l1.l_suppkey))
                                 Rows Removed by Filter: 1
 Planning time: 19.074 ms
 Execution time: 32657.247 ms
(44 rows)

SET
SET
SET
                                                                                            QUERY PLAN                                                                                             
---------------------------------------------------------------------------------------------------------------------------------------------------------------------------------------------------
 Limit  (cost=4004426.29..4004426.30 rows=1 width=34) (actual time=23927.666..23927.678 rows=100 loops=1)
   ->  Sort  (cost=4004426.29..4004426.30 rows=1 width=34) (actual time=23927.664..23927.669 rows=100 loops=1)
         Sort Key: (count(*)) DESC, supplier.s_name
         Sort Method: top-N heapsort  Memory: 32kB
         ->  GroupAggregate  (cost=4004426.26..4004426.28 rows=1 width=34) (actual time=23919.709..23926.396 rows=3991 loops=1)
               Group Key: supplier.s_name
               ->  Sort  (cost=4004426.26..4004426.27 rows=1 width=26) (actual time=23919.701..23921.801 rows=39281 loops=1)
                     Sort Key: supplier.s_name
                     Sort Method: quicksort  Memory: 4605kB
                     ->  Nested Loop Anti Join  (cost=570752.89..4004426.25 rows=1 width=26) (actual time=2989.665..23758.068 rows=39281 loops=1)
                           ->  Nested Loop Semi Join  (cost=570752.32..4004419.52 rows=1 width=34) (actual time=2976.795..22241.098 rows=704306 loops=1)
                                 Join Filter: (l2.l_suppkey <> l1.l_suppkey)
                                 Rows Removed by Join Filter: 183320
                                 ->  Hash Join  (cost=570751.76..2582541.24 rows=387213 width=38) (actual time=2976.773..18016.190 rows=730985 loops=1)
                                       Hash Cond: (l1.l_orderkey = orders.o_orderkey)
                                       ->  Hash Join  (cost=2323.46..1960345.76 rows=796626 width=34) (actual time=14.841..13670.206 rows=1514267 loops=1)
                                             Hash Cond: (l1.l_suppkey = supplier.s_suppkey)
                                             ->  Seq Scan on lineitem l1  (cost=0.00..1875063.95 rows=19997892 width=8) (actual time=0.009..10837.005 rows=37929348 loops=1)
                                                   Filter: (l_receiptdate > l_commitdate)
                                                   Rows Removed by Filter: 22056704
                                             ->  Hash  (cost=2273.46..2273.46 rows=4000 width=30) (actual time=14.795..14.795 rows=3991 loops=1)
                                                   Buckets: 4096  Batches: 1  Memory Usage: 282kB
                                                   ->  Nested Loop  (cost=49.29..2273.46 rows=4000 width=30) (actual time=0.622..14.008 rows=3991 loops=1)
                                                         ->  Seq Scan on nation  (cost=0.00..1.31 rows=1 width=4) (actual time=0.004..0.008 rows=1 loops=1)
                                                               Filter: (n_name = 'PERU'::bpchar)
                                                               Rows Removed by Filter: 24
                                                         ->  Bitmap Heap Scan on supplier  (cost=49.29..2232.15 rows=4000 width=34) (actual time=0.615..13.352 rows=3991 loops=1)
                                                               Recheck Cond: (s_nationkey = nation.n_nationkey)
                                                               Heap Blocks: exact=1865
                                                               ->  Bitmap Index Scan on idx_supplier_nation_key  (cost=0.00..48.29 rows=4000 width=0) (actual time=0.429..0.429 rows=3991 loops=1)
                                                                     Index Cond: (s_nationkey = nation.n_nationkey)
                                       ->  Hash  (cost=448793.44..448793.44 rows=7291989 width=4) (actual time=2958.434..2958.434 rows=7309184 loops=1)
                                             Buckets: 1048576  Batches: 16  Memory Usage: 24248kB
                                             ->  Seq Scan on orders  (cost=0.00..448793.44 rows=7291989 width=4) (actual time=0.015..2115.113 rows=7309184 loops=1)
                                                   Filter: (o_orderstatus = 'F'::bpchar)
                                                   Rows Removed by Filter: 7690816
                                 ->  Index Scan using idx_lineitem_orderkey on lineitem l2  (cost=0.56..3.62 rows=4 width=8) (actual time=0.005..0.005 rows=1 loops=730985)
                                       Index Cond: (l_orderkey = orders.o_orderkey)
                           ->  Index Scan using idx_lineitem_orderkey on lineitem l3  (cost=0.56..3.64 rows=1 width=8) (actual time=0.002..0.002 rows=1 loops=704306)
                                 Index Cond: (l_orderkey = l1.l_orderkey)
                                 Filter: ((l_receiptdate > l_commitdate) AND (l_suppkey <> l1.l_suppkey))
                                 Rows Removed by Filter: 1
 Planning time: 2.190 ms
 Execution time: 23927.812 ms
(44 rows)

query 22 run 1
SET
SET
SET
                                                                          QUERY PLAN                                                                          
--------------------------------------------------------------------------------------------------------------------------------------------------------------
 Limit  (cost=161751.50..161751.53 rows=1 width=72) (actual time=2350.217..2350.218 rows=1 loops=1)
   InitPlan 1 (returns $0)
     ->  Aggregate  (cost=75441.23..75441.24 rows=1 width=32) (actual time=1060.880..1060.880 rows=1 loops=1)
           ->  Seq Scan on customer customer_1  (cost=0.00..75321.95 rows=47710 width=6) (actual time=0.009..998.536 rows=382426 loops=1)
                 Filter: ((c_acctbal > 0.00) AND ("substring"((c_phone)::text, 1, 2) = ANY ('{21,29,26,34,14,15,17}'::text[])))
                 Rows Removed by Filter: 1117574
   ->  GroupAggregate  (cost=86310.26..86511.62 rows=7322 width=72) (actual time=2350.217..2350.217 rows=1 loops=1)
         Group Key: ("substring"((customer.c_phone)::text, 1, 2))
         ->  Sort  (cost=86310.26..86328.57 rows=7322 width=38) (actual time=2347.988..2348.419 rows=9006 loops=1)
               Sort Key: ("substring"((customer.c_phone)::text, 1, 2))
               Sort Method: quicksort  Memory: 4513kB
               ->  Nested Loop Anti Join  (cost=0.43..85840.26 rows=7322 width=38) (actual time=1060.929..2326.237 rows=63509 loops=1)
                     ->  Seq Scan on customer  (cost=0.00..75321.95 rows=17500 width=26) (actual time=1060.907..1639.788 rows=191129 loops=1)
                           Filter: ((c_acctbal > $0) AND ("substring"((c_phone)::text, 1, 2) = ANY ('{21,29,26,34,14,15,17}'::text[])))
                           Rows Removed by Filter: 1308871
                     ->  Index Only Scan using idx_orders_custkey on orders  (cost=0.43..2.16 rows=17 width=4) (actual time=0.003..0.003 rows=1 loops=191129)
                           Index Cond: (o_custkey = customer.c_custkey)
                           Heap Fetches: 0
 Planning time: 15.304 ms
 Execution time: 2350.921 ms
(20 rows)

SET
SET
SET
                                                                          QUERY PLAN                                                                          
--------------------------------------------------------------------------------------------------------------------------------------------------------------
 Limit  (cost=161751.50..161751.53 rows=1 width=72) (actual time=1705.658..1705.658 rows=1 loops=1)
   InitPlan 1 (returns $0)
     ->  Aggregate  (cost=75441.23..75441.24 rows=1 width=32) (actual time=793.519..793.519 rows=1 loops=1)
           ->  Seq Scan on customer customer_1  (cost=0.00..75321.95 rows=47710 width=6) (actual time=0.007..738.901 rows=382426 loops=1)
                 Filter: ((c_acctbal > 0.00) AND ("substring"((c_phone)::text, 1, 2) = ANY ('{21,29,26,34,14,15,17}'::text[])))
                 Rows Removed by Filter: 1117574
   ->  GroupAggregate  (cost=86310.26..86511.62 rows=7322 width=72) (actual time=1705.658..1705.658 rows=1 loops=1)
         Group Key: ("substring"((customer.c_phone)::text, 1, 2))
         ->  Sort  (cost=86310.26..86328.57 rows=7322 width=38) (actual time=1703.430..1703.885 rows=9006 loops=1)
               Sort Key: ("substring"((customer.c_phone)::text, 1, 2))
               Sort Method: quicksort  Memory: 4513kB
               ->  Nested Loop Anti Join  (cost=0.43..85840.26 rows=7322 width=38) (actual time=793.558..1685.690 rows=63509 loops=1)
                     ->  Seq Scan on customer  (cost=0.00..75321.95 rows=17500 width=26) (actual time=793.545..1334.265 rows=191129 loops=1)
                           Filter: ((c_acctbal > $0) AND ("substring"((c_phone)::text, 1, 2) = ANY ('{21,29,26,34,14,15,17}'::text[])))
                           Rows Removed by Filter: 1308871
                     ->  Index Only Scan using idx_orders_custkey on orders  (cost=0.43..2.16 rows=17 width=4) (actual time=0.002..0.002 rows=1 loops=191129)
                           Index Cond: (o_custkey = customer.c_custkey)
                           Heap Fetches: 0
 Planning time: 0.594 ms
 Execution time: 1705.708 ms
(20 rows)

