query 1 run 1
SET
SET
SET
                                                                 QUERY PLAN                                                                  
---------------------------------------------------------------------------------------------------------------------------------------------
 Limit  (cost=3952788.77..3952788.77 rows=1 width=236) (actual time=73467.109..73467.110 rows=1 loops=1)
   ->  Sort  (cost=3952788.77..3952788.79 rows=6 width=236) (actual time=73467.107..73467.108 rows=1 loops=1)
         Sort Key: l_returnflag, l_linestatus
         Sort Method: top-N heapsort  Memory: 25kB
         ->  HashAggregate  (cost=3952788.58..3952788.74 rows=6 width=236) (actual time=73466.305..73466.312 rows=4 loops=1)
               Group Key: l_returnflag, l_linestatus
               Batches: 1  Memory Usage: 24kB
               ->  Seq Scan on lineitem  (cost=0.00..1875035.80 rows=59364365 width=25) (actual time=0.686..11400.176 rows=59284448 loops=1)
                     Filter: (l_shipdate <= '1998-09-10 00:00:00'::timestamp without time zone)
                     Rows Removed by Filter: 701604
 Planning Time: 13.572 ms
 Execution Time: 73468.135 ms
(12 rows)

SET
SET
SET
                                                                 QUERY PLAN                                                                 
--------------------------------------------------------------------------------------------------------------------------------------------
 Limit  (cost=3952788.77..3952788.77 rows=1 width=236) (actual time=69824.413..69824.415 rows=1 loops=1)
   ->  Sort  (cost=3952788.77..3952788.79 rows=6 width=236) (actual time=69824.412..69824.413 rows=1 loops=1)
         Sort Key: l_returnflag, l_linestatus
         Sort Method: top-N heapsort  Memory: 25kB
         ->  HashAggregate  (cost=3952788.58..3952788.74 rows=6 width=236) (actual time=69824.376..69824.383 rows=4 loops=1)
               Group Key: l_returnflag, l_linestatus
               Batches: 1  Memory Usage: 24kB
               ->  Seq Scan on lineitem  (cost=0.00..1875035.80 rows=59364365 width=25) (actual time=0.023..9671.100 rows=59284448 loops=1)
                     Filter: (l_shipdate <= '1998-09-10 00:00:00'::timestamp without time zone)
                     Rows Removed by Filter: 701604
 Planning Time: 0.870 ms
 Execution Time: 69824.477 ms
(12 rows)

query 2 run 1
SET
SET
SET
                                                                                        QUERY PLAN                                                                                         
-------------------------------------------------------------------------------------------------------------------------------------------------------------------------------------------
 Limit  (cost=1090652.67..1090652.68 rows=1 width=192) (actual time=4875.318..4875.334 rows=100 loops=1)
   ->  Sort  (cost=1090652.67..1090652.68 rows=1 width=192) (actual time=4875.316..4875.327 rows=100 loops=1)
         Sort Key: supplier.s_acctbal DESC, nation.n_name, supplier.s_name, part.p_partkey
         Sort Method: top-N heapsort  Memory: 70kB
         ->  Merge Join  (cost=557295.23..1090652.66 rows=1 width=192) (actual time=3060.354..4872.360 rows=4737 loops=1)
               Merge Cond: (part.p_partkey = partsupp.ps_partkey)
               Join Filter: (partsupp.ps_supplycost = (SubPlan 1))
               Rows Removed by Join Filter: 1661
               ->  Index Scan using part_pkey on part  (cost=0.43..89212.79 rows=8609 width=30) (actual time=0.527..781.246 rows=8046 loops=1)
                     Filter: (((p_type)::text ~~ '%NICKEL'::text) AND (p_size = 16))
                     Rows Removed by Filter: 1991954
               ->  Materialize  (cost=557294.62..565272.76 rows=1595627 width=172) (actual time=3058.876..3523.435 rows=1603828 loops=1)
                     ->  Sort  (cost=557294.62..561283.69 rows=1595627 width=172) (actual time=3058.871..3347.251 rows=1603828 loops=1)
                           Sort Key: partsupp.ps_partkey
                           Sort Method: external merge  Disk: 293488kB
                           ->  Hash Join  (cost=4048.51..305248.63 rows=1595627 width=172) (actual time=43.242..2430.590 rows=1604080 loops=1)
                                 Hash Cond: (partsupp.ps_suppkey = supplier.s_suppkey)
                                 ->  Seq Scan on partsupp  (cost=0.00..255237.89 rows=8001589 width=14) (actual time=0.601..1070.303 rows=8000000 loops=1)
                                 ->  Hash  (cost=3798.51..3798.51 rows=20000 width=166) (actual time=42.603..42.605 rows=20051 loops=1)
                                       Buckets: 32768  Batches: 1  Memory Usage: 4211kB
                                       ->  Hash Join  (cost=2.51..3798.51 rows=20000 width=166) (actual time=1.120..36.966 rows=20051 loops=1)
                                             Hash Cond: (supplier.s_nationkey = nation.n_nationkey)
                                             ->  Seq Scan on supplier  (cost=0.00..3221.00 rows=100000 width=144) (actual time=0.565..24.854 rows=100000 loops=1)
                                             ->  Hash  (cost=2.45..2.45 rows=5 width=30) (actual time=0.544..0.546 rows=5 loops=1)
                                                   Buckets: 1024  Batches: 1  Memory Usage: 9kB
                                                   ->  Hash Join  (cost=1.07..2.45 rows=5 width=30) (actual time=0.533..0.543 rows=5 loops=1)
                                                         Hash Cond: (nation.n_regionkey = region.r_regionkey)
                                                         ->  Seq Scan on nation  (cost=0.00..1.25 rows=25 width=34) (actual time=0.260..0.263 rows=25 loops=1)
                                                         ->  Hash  (cost=1.06..1.06 rows=1 width=4) (actual time=0.261..0.262 rows=1 loops=1)
                                                               Buckets: 1024  Batches: 1  Memory Usage: 9kB
                                                               ->  Seq Scan on region  (cost=0.00..1.06 rows=1 width=4) (actual time=0.255..0.257 rows=1 loops=1)
                                                                     Filter: (r_name = 'AMERICA'::bpchar)
                                                                     Rows Removed by Filter: 4
               SubPlan 1
                 ->  Aggregate  (cost=62.90..62.91 rows=1 width=32) (actual time=0.060..0.060 rows=1 loops=6398)
                       ->  Nested Loop  (cost=2.29..62.89 rows=3 width=6) (actual time=0.050..0.058 rows=2 loops=6398)
                             Join Filter: (nation_1.n_regionkey = region_1.r_regionkey)
                             Rows Removed by Join Filter: 2
                             ->  Seq Scan on region region_1  (cost=0.00..1.06 rows=1 width=4) (actual time=0.001..0.001 rows=1 loops=6398)
                                   Filter: (r_name = 'AMERICA'::bpchar)
                                   Rows Removed by Filter: 4
                             ->  Hash Join  (cost=2.29..61.62 rows=17 width=10) (actual time=0.045..0.056 rows=4 loops=6398)
                                   Hash Cond: (supplier_1.s_nationkey = nation_1.n_nationkey)
                                   ->  Nested Loop  (cost=0.72..60.00 rows=17 width=10) (actual time=0.044..0.054 rows=4 loops=6398)
                                         ->  Index Scan using idx_partsupp_partkey on partsupp partsupp_1  (cost=0.43..3.73 rows=17 width=10) (actual time=0.040..0.041 rows=4 loops=6398)
                                               Index Cond: (ps_partkey = part.p_partkey)
                                         ->  Index Scan using supplier_pkey on supplier supplier_1  (cost=0.29..3.31 rows=1 width=8) (actual time=0.003..0.003 rows=1 loops=25592)
                                               Index Cond: (s_suppkey = partsupp_1.ps_suppkey)
                                   ->  Hash  (cost=1.25..1.25 rows=25 width=8) (actual time=0.011..0.012 rows=25 loops=1)
                                         Buckets: 1024  Batches: 1  Memory Usage: 9kB
                                         ->  Seq Scan on nation nation_1  (cost=0.00..1.25 rows=25 width=8) (actual time=0.003..0.006 rows=25 loops=1)
 Planning Time: 20.647 ms
 Execution Time: 4912.542 ms
(53 rows)

SET
SET
SET
                                                                                        QUERY PLAN                                                                                         
-------------------------------------------------------------------------------------------------------------------------------------------------------------------------------------------
 Limit  (cost=1090652.67..1090652.68 rows=1 width=192) (actual time=3866.163..3866.179 rows=100 loops=1)
   ->  Sort  (cost=1090652.67..1090652.68 rows=1 width=192) (actual time=3866.162..3866.171 rows=100 loops=1)
         Sort Key: supplier.s_acctbal DESC, nation.n_name, supplier.s_name, part.p_partkey
         Sort Method: top-N heapsort  Memory: 70kB
         ->  Merge Join  (cost=557295.23..1090652.66 rows=1 width=192) (actual time=2654.899..3863.812 rows=4737 loops=1)
               Merge Cond: (part.p_partkey = partsupp.ps_partkey)
               Join Filter: (partsupp.ps_supplycost = (SubPlan 1))
               Rows Removed by Join Filter: 1661
               ->  Index Scan using part_pkey on part  (cost=0.43..89212.79 rows=8609 width=30) (actual time=0.020..486.763 rows=8046 loops=1)
                     Filter: (((p_type)::text ~~ '%NICKEL'::text) AND (p_size = 16))
                     Rows Removed by Filter: 1991954
               ->  Materialize  (cost=557294.62..565272.76 rows=1595627 width=172) (actual time=2654.785..3097.364 rows=1603828 loops=1)
                     ->  Sort  (cost=557294.62..561283.69 rows=1595627 width=172) (actual time=2654.782..2923.766 rows=1603828 loops=1)
                           Sort Key: partsupp.ps_partkey
                           Sort Method: external merge  Disk: 293488kB
                           ->  Hash Join  (cost=4048.51..305248.63 rows=1595627 width=172) (actual time=26.021..2039.805 rows=1604080 loops=1)
                                 Hash Cond: (partsupp.ps_suppkey = supplier.s_suppkey)
                                 ->  Seq Scan on partsupp  (cost=0.00..255237.89 rows=8001589 width=14) (actual time=0.031..771.524 rows=8000000 loops=1)
                                 ->  Hash  (cost=3798.51..3798.51 rows=20000 width=166) (actual time=25.962..25.965 rows=20051 loops=1)
                                       Buckets: 32768  Batches: 1  Memory Usage: 4211kB
                                       ->  Hash Join  (cost=2.51..3798.51 rows=20000 width=166) (actual time=0.026..20.742 rows=20051 loops=1)
                                             Hash Cond: (supplier.s_nationkey = nation.n_nationkey)
                                             ->  Seq Scan on supplier  (cost=0.00..3221.00 rows=100000 width=144) (actual time=0.002..7.035 rows=100000 loops=1)
                                             ->  Hash  (cost=2.45..2.45 rows=5 width=30) (actual time=0.020..0.022 rows=5 loops=1)
                                                   Buckets: 1024  Batches: 1  Memory Usage: 9kB
                                                   ->  Hash Join  (cost=1.07..2.45 rows=5 width=30) (actual time=0.015..0.021 rows=5 loops=1)
                                                         Hash Cond: (nation.n_regionkey = region.r_regionkey)
                                                         ->  Seq Scan on nation  (cost=0.00..1.25 rows=25 width=34) (actual time=0.002..0.003 rows=25 loops=1)
                                                         ->  Hash  (cost=1.06..1.06 rows=1 width=4) (actual time=0.010..0.010 rows=1 loops=1)
                                                               Buckets: 1024  Batches: 1  Memory Usage: 9kB
                                                               ->  Seq Scan on region  (cost=0.00..1.06 rows=1 width=4) (actual time=0.007..0.008 rows=1 loops=1)
                                                                     Filter: (r_name = 'AMERICA'::bpchar)
                                                                     Rows Removed by Filter: 4
               SubPlan 1
                 ->  Aggregate  (cost=62.90..62.91 rows=1 width=32) (actual time=0.016..0.016 rows=1 loops=6398)
                       ->  Nested Loop  (cost=2.29..62.89 rows=3 width=6) (actual time=0.009..0.014 rows=2 loops=6398)
                             Join Filter: (nation_1.n_regionkey = region_1.r_regionkey)
                             Rows Removed by Join Filter: 2
                             ->  Seq Scan on region region_1  (cost=0.00..1.06 rows=1 width=4) (actual time=0.001..0.001 rows=1 loops=6398)
                                   Filter: (r_name = 'AMERICA'::bpchar)
                                   Rows Removed by Filter: 4
                             ->  Hash Join  (cost=2.29..61.62 rows=17 width=10) (actual time=0.005..0.013 rows=4 loops=6398)
                                   Hash Cond: (supplier_1.s_nationkey = nation_1.n_nationkey)
                                   ->  Nested Loop  (cost=0.72..60.00 rows=17 width=10) (actual time=0.005..0.011 rows=4 loops=6398)
                                         ->  Index Scan using idx_partsupp_partkey on partsupp partsupp_1  (cost=0.43..3.73 rows=17 width=10) (actual time=0.002..0.003 rows=4 loops=6398)
                                               Index Cond: (ps_partkey = part.p_partkey)
                                         ->  Index Scan using supplier_pkey on supplier supplier_1  (cost=0.29..3.31 rows=1 width=8) (actual time=0.002..0.002 rows=1 loops=25592)
                                               Index Cond: (s_suppkey = partsupp_1.ps_suppkey)
                                   ->  Hash  (cost=1.25..1.25 rows=25 width=8) (actual time=0.011..0.011 rows=25 loops=1)
                                         Buckets: 1024  Batches: 1  Memory Usage: 9kB
                                         ->  Seq Scan on nation nation_1  (cost=0.00..1.25 rows=25 width=8) (actual time=0.003..0.006 rows=25 loops=1)
 Planning Time: 1.746 ms
 Execution Time: 3902.686 ms
(53 rows)

query 3 run 1
SET
SET
SET
                                                                                     QUERY PLAN                                                                                      
-------------------------------------------------------------------------------------------------------------------------------------------------------------------------------------
 Limit  (cost=3190885.59..3190885.61 rows=10 width=44) (actual time=27422.307..27422.312 rows=10 loops=1)
   ->  Sort  (cost=3190885.59..3198893.25 rows=3203064 width=44) (actual time=27422.305..27422.309 rows=10 loops=1)
         Sort Key: (sum((lineitem.l_extendedprice * ('1'::numeric - lineitem.l_discount)))) DESC, orders.o_orderdate
         Sort Method: top-N heapsort  Memory: 26kB
         ->  HashAggregate  (cost=3044094.32..3121668.53 rows=3203064 width=44) (actual time=27357.746..27402.529 rows=113934 loops=1)
               Group Key: lineitem.l_orderkey, orders.o_orderdate, orders.o_shippriority
               Planned Partitions: 32  Batches: 1  Memory Usage: 49169kB
               ->  Hash Join  (cost=520074.61..2875683.22 rows=3203064 width=24) (actual time=9355.411..27159.434 rows=301530 loops=1)
                     Hash Cond: (lineitem.l_orderkey = orders.o_orderkey)
                     ->  Seq Scan on lineitem  (cost=0.00..1875035.80 rows=32655245 width=16) (actual time=0.537..11314.263 rows=32534229 loops=1)
                           Filter: (l_shipdate > '1995-03-07'::date)
                           Rows Removed by Filter: 27451823
                     ->  Hash  (cost=494498.17..494498.17 rows=1471315 width=12) (actual time=9351.634..9351.637 rows=1451805 loops=1)
                           Buckets: 2097152  Batches: 2  Memory Usage: 47606kB
                           ->  Hash Join  (cost=123839.69..494498.17 rows=1471315 width=12) (actual time=1033.686..8995.605 rows=1451805 loops=1)
                                 Hash Cond: (orders.o_custkey = customer.c_custkey)
                                 ->  Bitmap Heap Scan on orders  (cost=65326.23..416999.54 rows=7232425 width=16) (actual time=529.797..6797.020 rows=7239437 loops=1)
                                       Recheck Cond: (o_orderdate < '1995-03-07'::date)
                                       Heap Blocks: exact=261268
                                       ->  Bitmap Index Scan on idx_orders_orderdate  (cost=0.00..63518.12 rows=7232425 width=0) (actual time=476.763..476.763 rows=7239437 loops=1)
                                             Index Cond: (o_orderdate < '1995-03-07'::date)
                                 ->  Hash  (cost=54698.74..54698.74 rows=305178 width=4) (actual time=503.130..503.130 rows=300276 loops=1)
                                       Buckets: 524288  Batches: 1  Memory Usage: 14653kB
                                       ->  Seq Scan on customer  (cost=0.00..54698.74 rows=305178 width=4) (actual time=0.570..449.475 rows=300276 loops=1)
                                             Filter: (c_mktsegment = 'BUILDING'::bpchar)
                                             Rows Removed by Filter: 1199724
 Planning Time: 23.272 ms
 Execution Time: 27423.881 ms
(28 rows)

SET
SET
SET
                                                                                     QUERY PLAN                                                                                      
-------------------------------------------------------------------------------------------------------------------------------------------------------------------------------------
 Limit  (cost=3190885.59..3190885.61 rows=10 width=44) (actual time=20509.344..20509.350 rows=10 loops=1)
   ->  Sort  (cost=3190885.59..3198893.25 rows=3203064 width=44) (actual time=20509.342..20509.346 rows=10 loops=1)
         Sort Key: (sum((lineitem.l_extendedprice * ('1'::numeric - lineitem.l_discount)))) DESC, orders.o_orderdate
         Sort Method: top-N heapsort  Memory: 26kB
         ->  HashAggregate  (cost=3044094.32..3121668.53 rows=3203064 width=44) (actual time=20444.313..20489.328 rows=113934 loops=1)
               Group Key: lineitem.l_orderkey, orders.o_orderdate, orders.o_shippriority
               Planned Partitions: 32  Batches: 1  Memory Usage: 49169kB
               ->  Hash Join  (cost=520074.61..2875683.22 rows=3203064 width=24) (actual time=4538.519..20255.605 rows=301530 loops=1)
                     Hash Cond: (lineitem.l_orderkey = orders.o_orderkey)
                     ->  Seq Scan on lineitem  (cost=0.00..1875035.80 rows=32655245 width=16) (actual time=0.034..9400.894 rows=32534229 loops=1)
                           Filter: (l_shipdate > '1995-03-07'::date)
                           Rows Removed by Filter: 27451823
                     ->  Hash  (cost=494498.17..494498.17 rows=1471315 width=12) (actual time=4535.581..4535.584 rows=1451805 loops=1)
                           Buckets: 2097152  Batches: 2  Memory Usage: 47606kB
                           ->  Hash Join  (cost=123839.69..494498.17 rows=1471315 width=12) (actual time=876.745..4257.266 rows=1451805 loops=1)
                                 Hash Cond: (orders.o_custkey = customer.c_custkey)
                                 ->  Bitmap Heap Scan on orders  (cost=65326.23..416999.54 rows=7232425 width=16) (actual time=501.685..2368.881 rows=7239437 loops=1)
                                       Recheck Cond: (o_orderdate < '1995-03-07'::date)
                                       Heap Blocks: exact=261268
                                       ->  Bitmap Index Scan on idx_orders_orderdate  (cost=0.00..63518.12 rows=7232425 width=0) (actual time=449.261..449.261 rows=7239437 loops=1)
                                             Index Cond: (o_orderdate < '1995-03-07'::date)
                                 ->  Hash  (cost=54698.74..54698.74 rows=305178 width=4) (actual time=374.288..374.289 rows=300276 loops=1)
                                       Buckets: 524288  Batches: 1  Memory Usage: 14653kB
                                       ->  Seq Scan on customer  (cost=0.00..54698.74 rows=305178 width=4) (actual time=0.031..322.565 rows=300276 loops=1)
                                             Filter: (c_mktsegment = 'BUILDING'::bpchar)
                                             Rows Removed by Filter: 1199724
 Planning Time: 1.681 ms
 Execution Time: 20510.661 ms
(28 rows)

query 4 run 1
SET
SET
SET
                                                                             QUERY PLAN                                                                             
--------------------------------------------------------------------------------------------------------------------------------------------------------------------
 Limit  (cost=2043470.97..2043470.97 rows=1 width=24) (actual time=20285.051..20285.053 rows=1 loops=1)
   ->  Sort  (cost=2043470.97..2043470.98 rows=5 width=24) (actual time=20285.049..20285.050 rows=1 loops=1)
         Sort Key: orders.o_orderpriority
         Sort Method: top-N heapsort  Memory: 25kB
         ->  HashAggregate  (cost=2043470.89..2043470.94 rows=5 width=24) (actual time=20284.278..20284.280 rows=5 loops=1)
               Group Key: orders.o_orderpriority
               Batches: 1  Memory Usage: 24kB
               ->  Nested Loop Semi Join  (cost=6390.62..2040701.24 rows=553931 width=16) (actual time=112.474..19981.748 rows=513822 loops=1)
                     ->  Bitmap Heap Scan on orders  (cost=6390.06..275968.24 rows=554012 width=20) (actual time=111.835..7005.637 rows=560424 loops=1)
                           Recheck Cond: ((o_orderdate >= '1993-12-01'::date) AND (o_orderdate < '1994-03-01'::date))
                           Heap Blocks: exact=231887
                           ->  Bitmap Index Scan on idx_orders_orderdate  (cost=0.00..6251.56 rows=554012 width=0) (actual time=64.505..64.505 rows=560424 loops=1)
                                 Index Cond: ((o_orderdate >= '1993-12-01'::date) AND (o_orderdate < '1994-03-01'::date))
                     ->  Index Scan using idx_lineitem_orderkey on lineitem  (cost=0.56..3.61 rows=1 width=4) (actual time=0.022..0.022 rows=1 loops=560424)
                           Index Cond: (l_orderkey = orders.o_orderkey)
                           Filter: (l_commitdate < l_receiptdate)
                           Rows Removed by Filter: 1
 Planning Time: 18.882 ms
 Execution Time: 20286.137 ms
(19 rows)

SET
SET
SET
                                                                             QUERY PLAN                                                                             
--------------------------------------------------------------------------------------------------------------------------------------------------------------------
 Limit  (cost=2043470.97..2043470.97 rows=1 width=24) (actual time=4462.998..4463.000 rows=1 loops=1)
   ->  Sort  (cost=2043470.97..2043470.98 rows=5 width=24) (actual time=4462.997..4462.998 rows=1 loops=1)
         Sort Key: orders.o_orderpriority
         Sort Method: top-N heapsort  Memory: 25kB
         ->  HashAggregate  (cost=2043470.89..2043470.94 rows=5 width=24) (actual time=4462.960..4462.962 rows=5 loops=1)
               Group Key: orders.o_orderpriority
               Batches: 1  Memory Usage: 24kB
               ->  Nested Loop Semi Join  (cost=6390.62..2040701.24 rows=553931 width=16) (actual time=110.099..4264.520 rows=513822 loops=1)
                     ->  Bitmap Heap Scan on orders  (cost=6390.06..275968.24 rows=554012 width=20) (actual time=110.072..1188.999 rows=560424 loops=1)
                           Recheck Cond: ((o_orderdate >= '1993-12-01'::date) AND (o_orderdate < '1994-03-01'::date))
                           Heap Blocks: exact=231887
                           ->  Bitmap Index Scan on idx_orders_orderdate  (cost=0.00..6251.56 rows=554012 width=0) (actual time=63.518..63.518 rows=560424 loops=1)
                                 Index Cond: ((o_orderdate >= '1993-12-01'::date) AND (o_orderdate < '1994-03-01'::date))
                     ->  Index Scan using idx_lineitem_orderkey on lineitem  (cost=0.56..3.61 rows=1 width=4) (actual time=0.005..0.005 rows=1 loops=560424)
                           Index Cond: (l_orderkey = orders.o_orderkey)
                           Filter: (l_commitdate < l_receiptdate)
                           Rows Removed by Filter: 1
 Planning Time: 1.179 ms
 Execution Time: 4463.064 ms
(19 rows)

query 5 run 1
SET
SET
SET
                                                                                        QUERY PLAN                                                                                         
-------------------------------------------------------------------------------------------------------------------------------------------------------------------------------------------
 Limit  (cost=2102642.06..2102642.06 rows=1 width=58) (actual time=22973.963..22973.970 rows=1 loops=1)
   ->  Sort  (cost=2102642.06..2102642.12 rows=25 width=58) (actual time=22973.962..22973.968 rows=1 loops=1)
         Sort Key: (sum((lineitem.l_extendedprice * ('1'::numeric - lineitem.l_discount)))) DESC
         Sort Method: top-N heapsort  Memory: 25kB
         ->  GroupAggregate  (cost=2101720.60..2102641.93 rows=25 width=58) (actual time=22949.234..22973.950 rows=5 loops=1)
               Group Key: nation.n_name
               ->  Sort  (cost=2101720.60..2101904.80 rows=73682 width=38) (actual time=22942.981..22945.909 rows=72033 loops=1)
                     Sort Key: nation.n_name
                     Sort Method: quicksort  Memory: 7575kB
                     ->  Hash Join  (cost=94677.53..2095763.76 rows=73682 width=38) (actual time=859.772..22893.597 rows=72033 loops=1)
                           Hash Cond: ((lineitem.l_suppkey = supplier.s_suppkey) AND (customer.c_nationkey = supplier.s_nationkey))
                           ->  Nested Loop  (cost=89956.53..2081346.29 rows=1846946 width=50) (actual time=812.205..22406.308 rows=1815327 loops=1)
                                 ->  Hash Join  (cost=89955.96..399136.17 rows=461804 width=38) (actual time=811.550..8480.748 rows=453399 loops=1)
                                       Hash Cond: (orders.o_custkey = customer.c_custkey)
                                       ->  Bitmap Heap Scan on orders  (cost=26628.91..322532.24 rows=2309022 width=8) (actual time=223.844..7215.720 rows=2276638 loops=1)
                                             Recheck Cond: ((o_orderdate >= '1993-01-01'::date) AND (o_orderdate < '1994-01-01'::date))
                                             Heap Blocks: exact=261246
                                             ->  Bitmap Index Scan on idx_orders_orderdate  (cost=0.00..26051.66 rows=2309022 width=0) (actual time=170.682..170.683 rows=2276638 loops=1)
                                                   Index Cond: ((o_orderdate >= '1993-01-01'::date) AND (o_orderdate < '1994-01-01'::date))
                                       ->  Hash  (cost=59576.70..59576.70 rows=300028 width=38) (actual time=587.254..587.257 rows=299436 loops=1)
                                             Buckets: 524288  Batches: 1  Memory Usage: 25151kB
                                             ->  Hash Join  (cost=2.51..59576.70 rows=300028 width=38) (actual time=1.270..524.366 rows=299436 loops=1)
                                                   Hash Cond: (customer.c_nationkey = nation.n_nationkey)
                                                   ->  Seq Scan on customer  (cost=0.00..50948.39 rows=1500139 width=8) (actual time=0.667..357.561 rows=1500000 loops=1)
                                                   ->  Hash  (cost=2.45..2.45 rows=5 width=30) (actual time=0.590..0.592 rows=5 loops=1)
                                                         Buckets: 1024  Batches: 1  Memory Usage: 9kB
                                                         ->  Hash Join  (cost=1.07..2.45 rows=5 width=30) (actual time=0.571..0.588 rows=5 loops=1)
                                                               Hash Cond: (nation.n_regionkey = region.r_regionkey)
                                                               ->  Seq Scan on nation  (cost=0.00..1.25 rows=25 width=34) (actual time=0.262..0.265 rows=25 loops=1)
                                                               ->  Hash  (cost=1.06..1.06 rows=1 width=4) (actual time=0.295..0.295 rows=1 loops=1)
                                                                     Buckets: 1024  Batches: 1  Memory Usage: 9kB
                                                                     ->  Seq Scan on region  (cost=0.00..1.06 rows=1 width=4) (actual time=0.286..0.288 rows=1 loops=1)
                                                                           Filter: (r_name = 'AMERICA'::bpchar)
                                                                           Rows Removed by Filter: 4
                                 ->  Index Scan using idx_lineitem_orderkey on lineitem  (cost=0.56..3.60 rows=4 width=20) (actual time=0.027..0.030 rows=4 loops=453399)
                                       Index Cond: (l_orderkey = orders.o_orderkey)
                           ->  Hash  (cost=3221.00..3221.00 rows=100000 width=8) (actual time=44.116..44.116 rows=100000 loops=1)
                                 Buckets: 131072  Batches: 1  Memory Usage: 4931kB
                                 ->  Seq Scan on supplier  (cost=0.00..3221.00 rows=100000 width=8) (actual time=0.526..28.508 rows=100000 loops=1)
 Planning Time: 24.914 ms
 Execution Time: 22974.459 ms
(41 rows)

SET
SET
SET
                                                                                        QUERY PLAN                                                                                         
-------------------------------------------------------------------------------------------------------------------------------------------------------------------------------------------
 Limit  (cost=2102642.06..2102642.06 rows=1 width=58) (actual time=6016.265..6016.272 rows=1 loops=1)
   ->  Sort  (cost=2102642.06..2102642.12 rows=25 width=58) (actual time=6016.263..6016.269 rows=1 loops=1)
         Sort Key: (sum((lineitem.l_extendedprice * ('1'::numeric - lineitem.l_discount)))) DESC
         Sort Method: top-N heapsort  Memory: 25kB
         ->  GroupAggregate  (cost=2101720.60..2102641.93 rows=25 width=58) (actual time=5991.733..6016.250 rows=5 loops=1)
               Group Key: nation.n_name
               ->  Sort  (cost=2101720.60..2101904.80 rows=73682 width=38) (actual time=5985.672..5988.544 rows=72033 loops=1)
                     Sort Key: nation.n_name
                     Sort Method: quicksort  Memory: 7575kB
                     ->  Hash Join  (cost=94677.53..2095763.76 rows=73682 width=38) (actual time=706.221..5951.631 rows=72033 loops=1)
                           Hash Cond: ((lineitem.l_suppkey = supplier.s_suppkey) AND (customer.c_nationkey = supplier.s_nationkey))
                           ->  Nested Loop  (cost=89956.53..2081346.29 rows=1846946 width=50) (actual time=668.401..5531.489 rows=1815327 loops=1)
                                 ->  Hash Join  (cost=89955.96..399136.17 rows=461804 width=38) (actual time=668.379..2563.926 rows=453399 loops=1)
                                       Hash Cond: (orders.o_custkey = customer.c_custkey)
                                       ->  Bitmap Heap Scan on orders  (cost=26628.91..322532.24 rows=2309022 width=8) (actual time=212.576..1541.914 rows=2276638 loops=1)
                                             Recheck Cond: ((o_orderdate >= '1993-01-01'::date) AND (o_orderdate < '1994-01-01'::date))
                                             Heap Blocks: exact=261246
                                             ->  Bitmap Index Scan on idx_orders_orderdate  (cost=0.00..26051.66 rows=2309022 width=0) (actual time=159.998..159.999 rows=2276638 loops=1)
                                                   Index Cond: ((o_orderdate >= '1993-01-01'::date) AND (o_orderdate < '1994-01-01'::date))
                                       ->  Hash  (cost=59576.70..59576.70 rows=300028 width=38) (actual time=455.449..455.452 rows=299436 loops=1)
                                             Buckets: 524288  Batches: 1  Memory Usage: 25151kB
                                             ->  Hash Join  (cost=2.51..59576.70 rows=300028 width=38) (actual time=0.061..395.180 rows=299436 loops=1)
                                                   Hash Cond: (customer.c_nationkey = nation.n_nationkey)
                                                   ->  Seq Scan on customer  (cost=0.00..50948.39 rows=1500139 width=8) (actual time=0.019..234.738 rows=1500000 loops=1)
                                                   ->  Hash  (cost=2.45..2.45 rows=5 width=30) (actual time=0.036..0.038 rows=5 loops=1)
                                                         Buckets: 1024  Batches: 1  Memory Usage: 9kB
                                                         ->  Hash Join  (cost=1.07..2.45 rows=5 width=30) (actual time=0.031..0.036 rows=5 loops=1)
                                                               Hash Cond: (nation.n_regionkey = region.r_regionkey)
                                                               ->  Seq Scan on nation  (cost=0.00..1.25 rows=25 width=34) (actual time=0.011..0.012 rows=25 loops=1)
                                                               ->  Hash  (cost=1.06..1.06 rows=1 width=4) (actual time=0.014..0.015 rows=1 loops=1)
                                                                     Buckets: 1024  Batches: 1  Memory Usage: 9kB
                                                                     ->  Seq Scan on region  (cost=0.00..1.06 rows=1 width=4) (actual time=0.010..0.011 rows=1 loops=1)
                                                                           Filter: (r_name = 'AMERICA'::bpchar)
                                                                           Rows Removed by Filter: 4
                                 ->  Index Scan using idx_lineitem_orderkey on lineitem  (cost=0.56..3.60 rows=4 width=20) (actual time=0.005..0.006 rows=4 loops=453399)
                                       Index Cond: (l_orderkey = orders.o_orderkey)
                           ->  Hash  (cost=3221.00..3221.00 rows=100000 width=8) (actual time=37.337..37.338 rows=100000 loops=1)
                                 Buckets: 131072  Batches: 1  Memory Usage: 4931kB
                                 ->  Seq Scan on supplier  (cost=0.00..3221.00 rows=100000 width=8) (actual time=0.017..20.209 rows=100000 loops=1)
 Planning Time: 4.056 ms
 Execution Time: 6016.478 ms
(41 rows)

query 6 run 1
SET
SET
SET
                                                                                                          QUERY PLAN                                                                                                           
-------------------------------------------------------------------------------------------------------------------------------------------------------------------------------------------------------------------------------
 Limit  (cost=1970428.52..1970428.53 rows=1 width=32) (actual time=20396.387..20396.389 rows=1 loops=1)
   ->  Aggregate  (cost=1970428.52..1970428.53 rows=1 width=32) (actual time=20396.386..20396.386 rows=1 loops=1)
         ->  Bitmap Heap Scan on lineitem  (cost=211241.70..1964437.65 rows=1198172 width=12) (actual time=1272.520..19770.046 rows=1194558 loops=1)
               Recheck Cond: ((l_shipdate >= '1993-01-01'::date) AND (l_shipdate < '1994-01-01 00:00:00'::timestamp without time zone) AND (l_discount >= 0.06) AND (l_discount <= 0.08) AND (l_quantity < '25'::numeric))
               Rows Removed by Index Recheck: 13724091
               Heap Blocks: exact=395900 lossy=267068
               ->  Bitmap Index Scan on idx_lineitem_shipdate  (cost=0.00..210942.15 rows=1198172 width=0) (actual time=1186.738..1186.738 rows=1194558 loops=1)
                     Index Cond: ((l_shipdate >= '1993-01-01'::date) AND (l_shipdate < '1994-01-01 00:00:00'::timestamp without time zone) AND (l_discount >= 0.06) AND (l_discount <= 0.08) AND (l_quantity < '25'::numeric))
 Planning Time: 14.194 ms
 Execution Time: 20397.891 ms
(10 rows)

SET
SET
SET
                                                                                                          QUERY PLAN                                                                                                           
-------------------------------------------------------------------------------------------------------------------------------------------------------------------------------------------------------------------------------
 Limit  (cost=1970428.52..1970428.53 rows=1 width=32) (actual time=6348.527..6348.529 rows=1 loops=1)
   ->  Aggregate  (cost=1970428.52..1970428.53 rows=1 width=32) (actual time=6348.526..6348.526 rows=1 loops=1)
         ->  Bitmap Heap Scan on lineitem  (cost=211241.70..1964437.65 rows=1198172 width=12) (actual time=1142.872..5978.961 rows=1194558 loops=1)
               Recheck Cond: ((l_shipdate >= '1993-01-01'::date) AND (l_shipdate < '1994-01-01 00:00:00'::timestamp without time zone) AND (l_discount >= 0.06) AND (l_discount <= 0.08) AND (l_quantity < '25'::numeric))
               Rows Removed by Index Recheck: 13724091
               Heap Blocks: exact=395900 lossy=267068
               ->  Bitmap Index Scan on idx_lineitem_shipdate  (cost=0.00..210942.15 rows=1198172 width=0) (actual time=1057.715..1057.715 rows=1194558 loops=1)
                     Index Cond: ((l_shipdate >= '1993-01-01'::date) AND (l_shipdate < '1994-01-01 00:00:00'::timestamp without time zone) AND (l_discount >= 0.06) AND (l_discount <= 0.08) AND (l_quantity < '25'::numeric))
 Planning Time: 0.660 ms
 Execution Time: 6348.732 ms
(10 rows)

query 7 run 1
SET
SET
SET
                                                                                 QUERY PLAN                                                                                  
-----------------------------------------------------------------------------------------------------------------------------------------------------------------------------
 Limit  (cost=2717380.88..2717381.01 rows=1 width=116) (actual time=18963.392..18963.398 rows=1 loops=1)
   ->  GroupAggregate  (cost=2717380.88..2718586.73 rows=10036 width=116) (actual time=18963.390..18963.396 rows=1 loops=1)
         Group Key: n1.n_name, n2.n_name, (EXTRACT(year FROM lineitem.l_shipdate))
         ->  Sort  (cost=2717380.88..2717531.64 rows=60303 width=96) (actual time=18955.319..18955.942 rows=14421 loops=1)
               Sort Key: n1.n_name, n2.n_name, (EXTRACT(year FROM lineitem.l_shipdate))
               Sort Method: quicksort  Memory: 6955kB
               ->  Hash Join  (cost=563407.65..2712592.84 rows=60303 width=96) (actual time=5152.179..18921.695 rows=57794 loops=1)
                     Hash Cond: (lineitem.l_orderkey = orders.o_orderkey)
                     Join Filter: (((n1.n_name = 'PERU'::bpchar) AND (n2.n_name = 'MOROCCO'::bpchar)) OR ((n1.n_name = 'MOROCCO'::bpchar) AND (n2.n_name = 'PERU'::bpchar)))
                     Rows Removed by Join Filter: 58158
                     ->  Hash Join  (cost=3629.40..2111235.56 rows=1449023 width=46) (actual time=36.544..13137.006 rows=1455694 loops=1)
                           Hash Cond: (lineitem.l_suppkey = supplier.s_suppkey)
                           ->  Seq Scan on lineitem  (cost=0.00..2025014.36 rows=18160419 width=24) (actual time=0.456..10836.375 rows=18230325 loops=1)
                                 Filter: ((l_shipdate >= '1995-01-01'::date) AND (l_shipdate <= '1996-12-31'::date))
                                 Rows Removed by Filter: 41755727
                           ->  Hash  (cost=3529.40..3529.40 rows=8000 width=30) (actual time=36.080..36.082 rows=7981 loops=1)
                                 Buckets: 8192  Batches: 1  Memory Usage: 548kB
                                 ->  Hash Join  (cost=1.40..3529.40 rows=8000 width=30) (actual time=0.598..34.697 rows=7981 loops=1)
                                       Hash Cond: (supplier.s_nationkey = n1.n_nationkey)
                                       ->  Seq Scan on supplier  (cost=0.00..3221.00 rows=100000 width=8) (actual time=0.400..24.853 rows=100000 loops=1)
                                       ->  Hash  (cost=1.38..1.38 rows=2 width=30) (actual time=0.191..0.192 rows=2 loops=1)
                                             Buckets: 1024  Batches: 1  Memory Usage: 9kB
                                             ->  Seq Scan on nation n1  (cost=0.00..1.38 rows=2 width=30) (actual time=0.182..0.186 rows=2 loops=1)
                                                   Filter: ((n_name = 'PERU'::bpchar) OR (n_name = 'MOROCCO'::bpchar))
                                                   Rows Removed by Filter: 23
                     ->  Hash  (cost=536574.19..536574.19 rows=1200005 width=30) (actual time=5111.354..5111.356 rows=1191175 loops=1)
                           Buckets: 1048576  Batches: 2  Memory Usage: 44259kB
                           ->  Hash Join  (cost=57055.36..536574.19 rows=1200005 width=30) (actual time=530.231..4866.816 rows=1191175 loops=1)
                                 Hash Cond: (orders.o_custkey = customer.c_custkey)
                                 ->  Seq Scan on orders  (cost=0.00..411268.58 rows=15000058 width=8) (actual time=0.697..1720.099 rows=15000000 loops=1)
                                 ->  Hash  (cost=55555.22..55555.22 rows=120011 width=30) (actual time=529.181..529.182 rows=119622 loops=1)
                                       Buckets: 131072  Batches: 1  Memory Usage: 8267kB
                                       ->  Hash Join  (cost=1.40..55555.22 rows=120011 width=30) (actual time=0.671..503.449 rows=119622 loops=1)
                                             Hash Cond: (customer.c_nationkey = n2.n_nationkey)
                                             ->  Seq Scan on customer  (cost=0.00..50948.39 rows=1500139 width=8) (actual time=0.622..358.791 rows=1500000 loops=1)
                                             ->  Hash  (cost=1.38..1.38 rows=2 width=30) (actual time=0.030..0.031 rows=2 loops=1)
                                                   Buckets: 1024  Batches: 1  Memory Usage: 9kB
                                                   ->  Seq Scan on nation n2  (cost=0.00..1.38 rows=2 width=30) (actual time=0.021..0.025 rows=2 loops=1)
                                                         Filter: ((n_name = 'MOROCCO'::bpchar) OR (n_name = 'PERU'::bpchar))
                                                         Rows Removed by Filter: 23
 Planning Time: 21.642 ms
 Execution Time: 18963.993 ms
(42 rows)

SET
SET
SET
                                                                                 QUERY PLAN                                                                                  
-----------------------------------------------------------------------------------------------------------------------------------------------------------------------------
 Limit  (cost=2717380.88..2717381.01 rows=1 width=116) (actual time=15612.013..15612.019 rows=1 loops=1)
   ->  GroupAggregate  (cost=2717380.88..2718586.73 rows=10036 width=116) (actual time=15612.012..15612.017 rows=1 loops=1)
         Group Key: n1.n_name, n2.n_name, (EXTRACT(year FROM lineitem.l_shipdate))
         ->  Sort  (cost=2717380.88..2717531.64 rows=60303 width=96) (actual time=15603.941..15604.553 rows=14421 loops=1)
               Sort Key: n1.n_name, n2.n_name, (EXTRACT(year FROM lineitem.l_shipdate))
               Sort Method: quicksort  Memory: 6955kB
               ->  Hash Join  (cost=563407.65..2712592.84 rows=60303 width=96) (actual time=4221.058..15572.086 rows=57794 loops=1)
                     Hash Cond: (lineitem.l_orderkey = orders.o_orderkey)
                     Join Filter: (((n1.n_name = 'PERU'::bpchar) AND (n2.n_name = 'MOROCCO'::bpchar)) OR ((n1.n_name = 'MOROCCO'::bpchar) AND (n2.n_name = 'PERU'::bpchar)))
                     Rows Removed by Join Filter: 58158
                     ->  Hash Join  (cost=3629.40..2111235.56 rows=1449023 width=46) (actual time=19.214..10746.308 rows=1455694 loops=1)
                           Hash Cond: (lineitem.l_suppkey = supplier.s_suppkey)
                           ->  Seq Scan on lineitem  (cost=0.00..2025014.36 rows=18160419 width=24) (actual time=0.034..8869.674 rows=18230325 loops=1)
                                 Filter: ((l_shipdate >= '1995-01-01'::date) AND (l_shipdate <= '1996-12-31'::date))
                                 Rows Removed by Filter: 41755727
                           ->  Hash  (cost=3529.40..3529.40 rows=8000 width=30) (actual time=19.171..19.173 rows=7981 loops=1)
                                 Buckets: 8192  Batches: 1  Memory Usage: 548kB
                                 ->  Hash Join  (cost=1.40..3529.40 rows=8000 width=30) (actual time=0.019..18.140 rows=7981 loops=1)
                                       Hash Cond: (supplier.s_nationkey = n1.n_nationkey)
                                       ->  Seq Scan on supplier  (cost=0.00..3221.00 rows=100000 width=8) (actual time=0.006..6.663 rows=100000 loops=1)
                                       ->  Hash  (cost=1.38..1.38 rows=2 width=30) (actual time=0.009..0.010 rows=2 loops=1)
                                             Buckets: 1024  Batches: 1  Memory Usage: 9kB
                                             ->  Seq Scan on nation n1  (cost=0.00..1.38 rows=2 width=30) (actual time=0.006..0.007 rows=2 loops=1)
                                                   Filter: ((n_name = 'PERU'::bpchar) OR (n_name = 'MOROCCO'::bpchar))
                                                   Rows Removed by Filter: 23
                     ->  Hash  (cost=536574.19..536574.19 rows=1200005 width=30) (actual time=4199.480..4199.482 rows=1191175 loops=1)
                           Buckets: 1048576  Batches: 2  Memory Usage: 44259kB
                           ->  Hash Join  (cost=57055.36..536574.19 rows=1200005 width=30) (actual time=295.270..3946.519 rows=1191175 loops=1)
                                 Hash Cond: (orders.o_custkey = customer.c_custkey)
                                 ->  Seq Scan on orders  (cost=0.00..411268.58 rows=15000058 width=8) (actual time=0.038..1274.841 rows=15000000 loops=1)
                                 ->  Hash  (cost=55555.22..55555.22 rows=120011 width=30) (actual time=294.918..294.919 rows=119622 loops=1)
                                       Buckets: 131072  Batches: 1  Memory Usage: 8267kB
                                       ->  Hash Join  (cost=1.40..55555.22 rows=120011 width=30) (actual time=0.020..274.642 rows=119622 loops=1)
                                             Hash Cond: (customer.c_nationkey = n2.n_nationkey)
                                             ->  Seq Scan on customer  (cost=0.00..50948.39 rows=1500139 width=8) (actual time=0.003..100.113 rows=1500000 loops=1)
                                             ->  Hash  (cost=1.38..1.38 rows=2 width=30) (actual time=0.013..0.013 rows=2 loops=1)
                                                   Buckets: 1024  Batches: 1  Memory Usage: 9kB
                                                   ->  Seq Scan on nation n2  (cost=0.00..1.38 rows=2 width=30) (actual time=0.008..0.010 rows=2 loops=1)
                                                         Filter: ((n_name = 'MOROCCO'::bpchar) OR (n_name = 'PERU'::bpchar))
                                                         Rows Removed by Filter: 23
 Planning Time: 2.539 ms
 Execution Time: 15612.415 ms
(42 rows)

query 8 run 1
SET
SET
SET
                                                                                          QUERY PLAN                                                                                           
-----------------------------------------------------------------------------------------------------------------------------------------------------------------------------------------------
 Limit  (cost=1233067.45..1233067.70 rows=1 width=64) (actual time=62442.490..62442.497 rows=1 loops=1)
   ->  GroupAggregate  (cost=1233067.45..1233664.77 rows=2406 width=64) (actual time=62442.489..62442.495 rows=1 loops=1)
         Group Key: (EXTRACT(year FROM orders.o_orderdate))
         ->  Sort  (cost=1233067.45..1233128.47 rows=24409 width=70) (actual time=62436.509..62436.971 rows=11818 loops=1)
               Sort Key: (EXTRACT(year FROM orders.o_orderdate))
               Sort Method: quicksort  Memory: 2445kB
               ->  Nested Loop  (cost=881107.34..1231288.63 rows=24409 width=70) (actual time=54429.944..62418.360 rows=23842 loops=1)
                     ->  Hash Join  (cost=881107.19..1230608.08 rows=24409 width=20) (actual time=54429.926..62378.854 rows=23842 loops=1)
                           Hash Cond: (lineitem.l_suppkey = supplier.s_suppkey)
                           ->  Hash Join  (cost=876636.19..1226072.84 rows=24473 width=20) (actual time=54384.950..62321.975 rows=23842 loops=1)
                                 Hash Cond: (orders.o_custkey = customer.c_custkey)
                                 ->  Hash Join  (cost=813309.14..1162042.19 rows=122365 width=24) (actual time=53813.824..61717.305 rows=118593 loops=1)
                                       Hash Cond: (orders.o_orderkey = lineitem.l_orderkey)
                                       ->  Bitmap Heap Scan on orders  (cost=53043.73..383304.85 rows=4599541 width=12) (actual time=364.460..7276.566 rows=4557513 loops=1)
                                             Recheck Cond: ((o_orderdate >= '1995-01-01'::date) AND (o_orderdate <= '1996-12-31'::date))
                                             Heap Blocks: exact=261268
                                             ->  Bitmap Index Scan on idx_orders_orderdate  (cost=0.00..51893.85 rows=4599541 width=0) (actual time=311.184..311.184 rows=4557513 loops=1)
                                                   Index Cond: ((o_orderdate >= '1995-01-01'::date) AND (o_orderdate <= '1996-12-31'::date))
                                       ->  Hash  (cost=755277.18..755277.18 rows=399059 width=20) (actual time=53448.998..53448.999 rows=389521 loops=1)
                                             Buckets: 524288  Batches: 1  Memory Usage: 25019kB
                                             ->  Nested Loop  (cost=0.44..755277.18 rows=399059 width=20) (actual time=2.000..53004.080 rows=389521 loops=1)
                                                   ->  Seq Scan on part  (cost=0.00..65981.23 rows=13304 width=4) (actual time=1.360..617.477 rows=13011 loops=1)
                                                         Filter: ((p_type)::text = 'LARGE POLISHED BRASS'::text)
                                                         Rows Removed by Filter: 1986989
                                                   ->  Index Scan using idx_lineitem_part_supp on lineitem  (cost=0.44..51.48 rows=33 width=24) (actual time=0.251..4.008 rows=30 loops=13011)
                                                         Index Cond: (l_partkey = part.p_partkey)
                                 ->  Hash  (cost=59576.70..59576.70 rows=300028 width=4) (actual time=570.450..570.452 rows=299436 loops=1)
                                       Buckets: 524288  Batches: 1  Memory Usage: 14624kB
                                       ->  Hash Join  (cost=2.51..59576.70 rows=300028 width=4) (actual time=1.444..520.631 rows=299436 loops=1)
                                             Hash Cond: (customer.c_nationkey = n1.n_nationkey)
                                             ->  Seq Scan on customer  (cost=0.00..50948.39 rows=1500139 width=8) (actual time=0.790..358.799 rows=1500000 loops=1)
                                             ->  Hash  (cost=2.45..2.45 rows=5 width=4) (actual time=0.643..0.645 rows=5 loops=1)
                                                   Buckets: 1024  Batches: 1  Memory Usage: 9kB
                                                   ->  Hash Join  (cost=1.07..2.45 rows=5 width=4) (actual time=0.639..0.643 rows=5 loops=1)
                                                         Hash Cond: (n1.n_regionkey = region.r_regionkey)
                                                         ->  Seq Scan on nation n1  (cost=0.00..1.25 rows=25 width=8) (actual time=0.326..0.327 rows=25 loops=1)
                                                         ->  Hash  (cost=1.06..1.06 rows=1 width=4) (actual time=0.306..0.306 rows=1 loops=1)
                                                               Buckets: 1024  Batches: 1  Memory Usage: 9kB
                                                               ->  Seq Scan on region  (cost=0.00..1.06 rows=1 width=4) (actual time=0.302..0.303 rows=1 loops=1)
                                                                     Filter: (r_name = 'AMERICA'::bpchar)
                                                                     Rows Removed by Filter: 4
                           ->  Hash  (cost=3221.00..3221.00 rows=100000 width=8) (actual time=44.715..44.715 rows=100000 loops=1)
                                 Buckets: 131072  Batches: 1  Memory Usage: 4931kB
                                 ->  Seq Scan on supplier  (cost=0.00..3221.00 rows=100000 width=8) (actual time=0.477..29.700 rows=100000 loops=1)
                     ->  Memoize  (cost=0.15..0.92 rows=1 width=30) (actual time=0.000..0.000 rows=1 loops=23842)
                           Cache Key: supplier.s_nationkey
                           Cache Mode: logical
                           Hits: 23817  Misses: 25  Evictions: 0  Overflows: 0  Memory Usage: 4kB
                           ->  Index Scan using nation_pkey on nation n2  (cost=0.14..0.91 rows=1 width=30) (actual time=0.003..0.003 rows=1 loops=25)
                                 Index Cond: (n_nationkey = supplier.s_nationkey)
 Planning Time: 27.470 ms
 Execution Time: 62443.049 ms
(52 rows)

SET
SET
SET
                                                                                          QUERY PLAN                                                                                           
-----------------------------------------------------------------------------------------------------------------------------------------------------------------------------------------------
 Limit  (cost=1233067.45..1233067.70 rows=1 width=64) (actual time=4917.949..4917.955 rows=1 loops=1)
   ->  GroupAggregate  (cost=1233067.45..1233664.77 rows=2406 width=64) (actual time=4917.947..4917.954 rows=1 loops=1)
         Group Key: (EXTRACT(year FROM orders.o_orderdate))
         ->  Sort  (cost=1233067.45..1233128.47 rows=24409 width=70) (actual time=4912.123..4912.572 rows=11818 loops=1)
               Sort Key: (EXTRACT(year FROM orders.o_orderdate))
               Sort Method: quicksort  Memory: 2445kB
               ->  Nested Loop  (cost=881107.34..1231288.63 rows=24409 width=70) (actual time=2742.180..4901.286 rows=23842 loops=1)
                     ->  Hash Join  (cost=881107.19..1230608.08 rows=24409 width=20) (actual time=2742.166..4880.412 rows=23842 loops=1)
                           Hash Cond: (lineitem.l_suppkey = supplier.s_suppkey)
                           ->  Hash Join  (cost=876636.19..1226072.84 rows=24473 width=20) (actual time=2705.598..4833.859 rows=23842 loops=1)
                                 Hash Cond: (orders.o_custkey = customer.c_custkey)
                                 ->  Hash Join  (cost=813309.14..1162042.19 rows=122365 width=24) (actual time=2268.374..4368.149 rows=118593 loops=1)
                                       Hash Cond: (orders.o_orderkey = lineitem.l_orderkey)
                                       ->  Bitmap Heap Scan on orders  (cost=53043.73..383304.85 rows=4599541 width=12) (actual time=346.312..1595.589 rows=4557513 loops=1)
                                             Recheck Cond: ((o_orderdate >= '1995-01-01'::date) AND (o_orderdate <= '1996-12-31'::date))
                                             Heap Blocks: exact=261268
                                             ->  Bitmap Index Scan on idx_orders_orderdate  (cost=0.00..51893.85 rows=4599541 width=0) (actual time=293.624..293.624 rows=4557513 loops=1)
                                                   Index Cond: ((o_orderdate >= '1995-01-01'::date) AND (o_orderdate <= '1996-12-31'::date))
                                       ->  Hash  (cost=755277.18..755277.18 rows=399059 width=20) (actual time=1921.736..1921.737 rows=389521 loops=1)
                                             Buckets: 524288  Batches: 1  Memory Usage: 25019kB
                                             ->  Nested Loop  (cost=0.44..755277.18 rows=399059 width=20) (actual time=0.096..1816.084 rows=389521 loops=1)
                                                   ->  Seq Scan on part  (cost=0.00..65981.23 rows=13304 width=4) (actual time=0.069..314.057 rows=13011 loops=1)
                                                         Filter: ((p_type)::text = 'LARGE POLISHED BRASS'::text)
                                                         Rows Removed by Filter: 1986989
                                                   ->  Index Scan using idx_lineitem_part_supp on lineitem  (cost=0.44..51.48 rows=33 width=24) (actual time=0.009..0.110 rows=30 loops=13011)
                                                         Index Cond: (l_partkey = part.p_partkey)
                                 ->  Hash  (cost=59576.70..59576.70 rows=300028 width=4) (actual time=436.517..436.519 rows=299436 loops=1)
                                       Buckets: 524288  Batches: 1  Memory Usage: 14624kB
                                       ->  Hash Join  (cost=2.51..59576.70 rows=300028 width=4) (actual time=0.070..388.740 rows=299436 loops=1)
                                             Hash Cond: (customer.c_nationkey = n1.n_nationkey)
                                             ->  Seq Scan on customer  (cost=0.00..50948.39 rows=1500139 width=8) (actual time=0.024..232.012 rows=1500000 loops=1)
                                             ->  Hash  (cost=2.45..2.45 rows=5 width=4) (actual time=0.039..0.040 rows=5 loops=1)
                                                   Buckets: 1024  Batches: 1  Memory Usage: 9kB
                                                   ->  Hash Join  (cost=1.07..2.45 rows=5 width=4) (actual time=0.034..0.039 rows=5 loops=1)
                                                         Hash Cond: (n1.n_regionkey = region.r_regionkey)
                                                         ->  Seq Scan on nation n1  (cost=0.00..1.25 rows=25 width=8) (actual time=0.011..0.013 rows=25 loops=1)
                                                         ->  Hash  (cost=1.06..1.06 rows=1 width=4) (actual time=0.017..0.017 rows=1 loops=1)
                                                               Buckets: 1024  Batches: 1  Memory Usage: 9kB
                                                               ->  Seq Scan on region  (cost=0.00..1.06 rows=1 width=4) (actual time=0.014..0.015 rows=1 loops=1)
                                                                     Filter: (r_name = 'AMERICA'::bpchar)
                                                                     Rows Removed by Filter: 4
                           ->  Hash  (cost=3221.00..3221.00 rows=100000 width=8) (actual time=36.298..36.298 rows=100000 loops=1)
                                 Buckets: 131072  Batches: 1  Memory Usage: 4931kB
                                 ->  Seq Scan on supplier  (cost=0.00..3221.00 rows=100000 width=8) (actual time=0.014..20.349 rows=100000 loops=1)
                     ->  Memoize  (cost=0.15..0.92 rows=1 width=30) (actual time=0.000..0.000 rows=1 loops=23842)
                           Cache Key: supplier.s_nationkey
                           Cache Mode: logical
                           Hits: 23817  Misses: 25  Evictions: 0  Overflows: 0  Memory Usage: 4kB
                           ->  Index Scan using nation_pkey on nation n2  (cost=0.14..0.91 rows=1 width=30) (actual time=0.002..0.002 rows=1 loops=25)
                                 Index Cond: (n_nationkey = supplier.s_nationkey)
 Planning Time: 4.543 ms
 Execution Time: 4918.238 ms
(52 rows)

query 9 run 1
SET
SET
SET
                                                                                QUERY PLAN                                                                                
--------------------------------------------------------------------------------------------------------------------------------------------------------------------------
 Limit  (cost=2532837.23..2532837.27 rows=1 width=90) (actual time=49779.108..49779.114 rows=1 loops=1)
   ->  GroupAggregate  (cost=2532837.23..2532846.54 rows=266 width=90) (actual time=49779.107..49779.112 rows=1 loops=1)
         Group Key: nation.n_name, (EXTRACT(year FROM orders.o_orderdate))
         ->  Sort  (cost=2532837.23..2532837.90 rows=266 width=81) (actual time=49767.843..49771.051 rows=11401 loops=1)
               Sort Key: nation.n_name, (EXTRACT(year FROM orders.o_orderdate)) DESC
               Sort Method: external merge  Disk: 211232kB
               ->  Nested Loop  (cost=482839.95..2532826.52 rows=266 width=81) (actual time=3416.826..45977.349 rows=3248192 loops=1)
                     Join Filter: (supplier.s_nationkey = nation.n_nationkey)
                     Rows Removed by Join Filter: 39009119
                     ->  Nested Loop  (cost=482839.95..2532728.60 rows=266 width=31) (actual time=3416.555..40481.531 rows=3248192 loops=1)
                           ->  Nested Loop  (cost=482839.52..2531818.19 rows=266 width=31) (actual time=3415.946..30743.449 rows=3248192 loops=1)
                                 ->  Hash Join  (cost=482839.22..2530942.92 rows=267 width=35) (actual time=3414.697..23500.409 rows=3248192 loops=1)
                                       Hash Cond: ((lineitem.l_suppkey = partsupp.ps_suppkey) AND (lineitem.l_partkey = partsupp.ps_partkey))
                                       ->  Hash Join  (cost=68506.50..1951041.56 rows=6059739 width=33) (actual time=665.125..17349.516 rows=3248192 loops=1)
                                             Hash Cond: (lineitem.l_partkey = part.p_partkey)
                                             ->  Seq Scan on lineitem  (cost=0.00..1725057.24 rows=59991424 width=29) (actual time=0.505..7267.718 rows=59986052 loops=1)
                                             ->  Hash  (cost=65981.23..65981.23 rows=202022 width=4) (actual time=664.272..664.273 rows=108312 loops=1)
                                                   Buckets: 262144  Batches: 1  Memory Usage: 5856kB
                                                   ->  Seq Scan on part  (cost=0.00..65981.23 rows=202022 width=4) (actual time=0.484..642.180 rows=108312 loops=1)
                                                         Filter: ((p_name)::text ~~ '%navy%'::text)
                                                         Rows Removed by Filter: 1891688
                                       ->  Hash  (cost=255237.89..255237.89 rows=8001589 width=14) (actual time=2746.947..2746.948 rows=8000000 loops=1)
                                             Buckets: 2097152  Batches: 8  Memory Usage: 63251kB
                                             ->  Seq Scan on partsupp  (cost=0.00..255237.89 rows=8001589 width=14) (actual time=0.809..1353.822 rows=8000000 loops=1)
                                 ->  Index Scan using supplier_pkey on supplier  (cost=0.29..3.28 rows=1 width=8) (actual time=0.002..0.002 rows=1 loops=3248192)
                                       Index Cond: (s_suppkey = lineitem.l_suppkey)
                           ->  Index Scan using orders_pkey on orders  (cost=0.43..3.42 rows=1 width=8) (actual time=0.003..0.003 rows=1 loops=3248192)
                                 Index Cond: (o_orderkey = lineitem.l_orderkey)
                     ->  Materialize  (cost=0.00..1.38 rows=25 width=30) (actual time=0.000..0.000 rows=13 loops=3248192)
                           ->  Seq Scan on nation  (cost=0.00..1.25 rows=25 width=30) (actual time=0.237..0.242 rows=25 loops=1)
 Planning Time: 31.254 ms
 Execution Time: 49813.518 ms
(32 rows)

SET
SET
SET
                                                                                QUERY PLAN                                                                                
--------------------------------------------------------------------------------------------------------------------------------------------------------------------------
 Limit  (cost=2532837.23..2532837.27 rows=1 width=90) (actual time=44638.960..44638.965 rows=1 loops=1)
   ->  GroupAggregate  (cost=2532837.23..2532846.54 rows=266 width=90) (actual time=44638.958..44638.963 rows=1 loops=1)
         Group Key: nation.n_name, (EXTRACT(year FROM orders.o_orderdate))
         ->  Sort  (cost=2532837.23..2532837.90 rows=266 width=81) (actual time=44627.816..44631.031 rows=11401 loops=1)
               Sort Key: nation.n_name, (EXTRACT(year FROM orders.o_orderdate)) DESC
               Sort Method: external merge  Disk: 211232kB
               ->  Nested Loop  (cost=482839.95..2532826.52 rows=266 width=81) (actual time=3013.993..40838.693 rows=3248192 loops=1)
                     Join Filter: (supplier.s_nationkey = nation.n_nationkey)
                     Rows Removed by Join Filter: 39009119
                     ->  Nested Loop  (cost=482839.95..2532728.60 rows=266 width=31) (actual time=3013.974..35444.869 rows=3248192 loops=1)
                           ->  Nested Loop  (cost=482839.52..2531818.19 rows=266 width=31) (actual time=3013.961..27301.970 rows=3248192 loops=1)
                                 ->  Hash Join  (cost=482839.22..2530942.92 rows=267 width=35) (actual time=3013.938..20490.993 rows=3248192 loops=1)
                                       Hash Cond: ((lineitem.l_suppkey = partsupp.ps_suppkey) AND (lineitem.l_partkey = partsupp.ps_partkey))
                                       ->  Hash Join  (cost=68506.50..1951041.56 rows=6059739 width=33) (actual time=615.488..14758.012 rows=3248192 loops=1)
                                             Hash Cond: (lineitem.l_partkey = part.p_partkey)
                                             ->  Seq Scan on lineitem  (cost=0.00..1725057.24 rows=59991424 width=29) (actual time=0.297..5435.185 rows=59986052 loops=1)
                                             ->  Hash  (cost=65981.23..65981.23 rows=202022 width=4) (actual time=614.849..614.849 rows=108312 loops=1)
                                                   Buckets: 262144  Batches: 1  Memory Usage: 5856kB
                                                   ->  Seq Scan on part  (cost=0.00..65981.23 rows=202022 width=4) (actual time=0.268..593.386 rows=108312 loops=1)
                                                         Filter: ((p_name)::text ~~ '%navy%'::text)
                                                         Rows Removed by Filter: 1891688
                                       ->  Hash  (cost=255237.89..255237.89 rows=8001589 width=14) (actual time=2395.843..2395.843 rows=8000000 loops=1)
                                             Buckets: 2097152  Batches: 8  Memory Usage: 63251kB
                                             ->  Seq Scan on partsupp  (cost=0.00..255237.89 rows=8001589 width=14) (actual time=0.029..1064.560 rows=8000000 loops=1)
                                 ->  Index Scan using supplier_pkey on supplier  (cost=0.29..3.28 rows=1 width=8) (actual time=0.002..0.002 rows=1 loops=3248192)
                                       Index Cond: (s_suppkey = lineitem.l_suppkey)
                           ->  Index Scan using orders_pkey on orders  (cost=0.43..3.42 rows=1 width=8) (actual time=0.002..0.002 rows=1 loops=3248192)
                                 Index Cond: (o_orderkey = lineitem.l_orderkey)
                     ->  Materialize  (cost=0.00..1.38 rows=25 width=30) (actual time=0.000..0.000 rows=13 loops=3248192)
                           ->  Seq Scan on nation  (cost=0.00..1.25 rows=25 width=30) (actual time=0.004..0.006 rows=25 loops=1)
 Planning Time: 19.018 ms
 Execution Time: 44671.986 ms
(32 rows)

query 10 run 1
SET
SET
SET
                                                                                         QUERY PLAN                                                                                         
--------------------------------------------------------------------------------------------------------------------------------------------------------------------------------------------
 Limit  (cost=2405654.56..2405654.61 rows=20 width=202) (actual time=93802.275..93802.280 rows=20 loops=1)
   ->  Sort  (cost=2405654.56..2406975.91 rows=528540 width=202) (actual time=93802.274..93802.277 rows=20 loops=1)
         Sort Key: (sum((lineitem.l_extendedprice * ('1'::numeric - lineitem.l_discount)))) DESC
         Sort Method: top-N heapsort  Memory: 33kB
         ->  GroupAggregate  (cost=326398.04..2391590.30 rows=528540 width=202) (actual time=7308.221..93575.581 rows=381205 loops=1)
               Group Key: customer.c_custkey, nation.n_name
               ->  Incremental Sort  (cost=326398.04..2378376.80 rows=528540 width=182) (actual time=7308.206..92207.142 rows=1145402 loops=1)
                     Sort Key: customer.c_custkey, nation.n_name
                     Presorted Key: customer.c_custkey
                     Full-sort Groups: 34068  Sort Method: quicksort  Average Memory: 31kB  Peak Memory: 31kB
                     ->  Nested Loop  (cost=326394.19..2354592.50 rows=528540 width=182) (actual time=7296.784..91222.284 rows=1145402 loops=1)
                           ->  Nested Loop  (cost=326394.05..2341648.92 rows=528540 width=160) (actual time=7296.513..89970.476 rows=1145402 loops=1)
                                 ->  Merge Join  (cost=326393.48..402790.05 rows=535183 width=152) (actual time=7292.710..8777.561 rows=573160 loops=1)
                                       Merge Cond: (customer.c_custkey = orders.o_custkey)
                                       ->  Index Scan using customer_pkey on customer  (cost=0.43..64624.01 rows=1500139 width=148) (actual time=0.532..584.365 rows=1499997 loops=1)
                                       ->  Sort  (cost=326390.59..327728.55 rows=535183 width=8) (actual time=7292.169..7465.746 rows=573160 loops=1)
                                             Sort Key: orders.o_custkey
                                             Sort Method: quicksort  Memory: 31955kB
                                             ->  Bitmap Heap Scan on orders  (cost=6173.06..275468.81 rows=535183 width=8) (actual time=111.890..7112.978 rows=573160 loops=1)
                                                   Recheck Cond: ((o_orderdate >= '1994-08-01'::date) AND (o_orderdate < '1994-11-01'::date))
                                                   Heap Blocks: exact=233346
                                                   ->  Bitmap Index Scan on idx_orders_orderdate  (cost=0.00..6039.27 rows=535183 width=0) (actual time=64.597..64.597 rows=573160 loops=1)
                                                         Index Cond: ((o_orderdate >= '1994-08-01'::date) AND (o_orderdate < '1994-11-01'::date))
                                 ->  Index Scan using idx_lineitem_orderkey on lineitem  (cost=0.56..3.61 rows=1 width=16) (actual time=0.133..0.141 rows=2 loops=573160)
                                       Index Cond: (l_orderkey = orders.o_orderkey)
                                       Filter: (l_returnflag = 'R'::bpchar)
                                       Rows Removed by Filter: 2
                           ->  Memoize  (cost=0.15..0.92 rows=1 width=30) (actual time=0.000..0.000 rows=1 loops=1145402)
                                 Cache Key: customer.c_nationkey
                                 Cache Mode: logical
                                 Hits: 1145377  Misses: 25  Evictions: 0  Overflows: 0  Memory Usage: 4kB
                                 ->  Index Scan using nation_pkey on nation  (cost=0.14..0.91 rows=1 width=30) (actual time=0.014..0.014 rows=1 loops=25)
                                       Index Cond: (n_nationkey = customer.c_nationkey)
 Planning Time: 24.050 ms
 Execution Time: 93802.831 ms
(35 rows)

SET
SET
SET
                                                                                         QUERY PLAN                                                                                         
--------------------------------------------------------------------------------------------------------------------------------------------------------------------------------------------
 Limit  (cost=2405654.56..2405654.61 rows=20 width=202) (actual time=8595.848..8595.853 rows=20 loops=1)
   ->  Sort  (cost=2405654.56..2406975.91 rows=528540 width=202) (actual time=8595.847..8595.850 rows=20 loops=1)
         Sort Key: (sum((lineitem.l_extendedprice * ('1'::numeric - lineitem.l_discount)))) DESC
         Sort Method: top-N heapsort  Memory: 33kB
         ->  GroupAggregate  (cost=326398.04..2391590.30 rows=528540 width=202) (actual time=1539.319..8469.894 rows=381205 loops=1)
               Group Key: customer.c_custkey, nation.n_name
               ->  Incremental Sort  (cost=326398.04..2378376.80 rows=528540 width=182) (actual time=1539.305..7689.276 rows=1145402 loops=1)
                     Sort Key: customer.c_custkey, nation.n_name
                     Presorted Key: customer.c_custkey
                     Full-sort Groups: 34068  Sort Method: quicksort  Average Memory: 31kB  Peak Memory: 31kB
                     ->  Nested Loop  (cost=326394.19..2354592.50 rows=528540 width=182) (actual time=1538.994..7244.431 rows=1145402 loops=1)
                           ->  Nested Loop  (cost=326394.05..2341648.92 rows=528540 width=160) (actual time=1538.984..6748.840 rows=1145402 loops=1)
                                 ->  Merge Join  (cost=326393.48..402790.05 rows=535183 width=152) (actual time=1538.883..2244.297 rows=573160 loops=1)
                                       Merge Cond: (customer.c_custkey = orders.o_custkey)
                                       ->  Index Scan using customer_pkey on customer  (cost=0.43..64624.01 rows=1500139 width=148) (actual time=0.016..291.955 rows=1499997 loops=1)
                                       ->  Sort  (cost=326390.59..327728.55 rows=535183 width=8) (actual time=1538.859..1635.135 rows=573160 loops=1)
                                             Sort Key: orders.o_custkey
                                             Sort Method: quicksort  Memory: 31955kB
                                             ->  Bitmap Heap Scan on orders  (cost=6173.06..275468.81 rows=535183 width=8) (actual time=111.404..1403.515 rows=573160 loops=1)
                                                   Recheck Cond: ((o_orderdate >= '1994-08-01'::date) AND (o_orderdate < '1994-11-01'::date))
                                                   Heap Blocks: exact=233346
                                                   ->  Bitmap Index Scan on idx_orders_orderdate  (cost=0.00..6039.27 rows=535183 width=0) (actual time=64.561..64.561 rows=573160 loops=1)
                                                         Index Cond: ((o_orderdate >= '1994-08-01'::date) AND (o_orderdate < '1994-11-01'::date))
                                 ->  Index Scan using idx_lineitem_orderkey on lineitem  (cost=0.56..3.61 rows=1 width=16) (actual time=0.007..0.007 rows=2 loops=573160)
                                       Index Cond: (l_orderkey = orders.o_orderkey)
                                       Filter: (l_returnflag = 'R'::bpchar)
                                       Rows Removed by Filter: 2
                           ->  Memoize  (cost=0.15..0.92 rows=1 width=30) (actual time=0.000..0.000 rows=1 loops=1145402)
                                 Cache Key: customer.c_nationkey
                                 Cache Mode: logical
                                 Hits: 1145377  Misses: 25  Evictions: 0  Overflows: 0  Memory Usage: 4kB
                                 ->  Index Scan using nation_pkey on nation  (cost=0.14..0.91 rows=1 width=30) (actual time=0.001..0.001 rows=1 loops=25)
                                       Index Cond: (n_nationkey = customer.c_nationkey)
 Planning Time: 1.914 ms
 Execution Time: 8596.069 ms
(35 rows)

query 11 run 1
SET
SET
SET
                                                                                QUERY PLAN                                                                                 
---------------------------------------------------------------------------------------------------------------------------------------------------------------------------
 Limit  (cost=606570.21..606570.21 rows=1 width=36) (actual time=3890.832..3890.838 rows=0 loops=1)
   InitPlan 1 (returns $1)
     ->  Aggregate  (cost=293140.00..293140.01 rows=1 width=32) (actual time=1586.827..1586.831 rows=1 loops=1)
           ->  Hash Join  (cost=2311.46..290746.56 rows=319125 width=10) (actual time=3.032..1495.037 rows=320800 loops=1)
                 Hash Cond: (partsupp_1.ps_suppkey = supplier_1.s_suppkey)
                 ->  Seq Scan on partsupp partsupp_1  (cost=0.00..255237.89 rows=8001589 width=14) (actual time=0.018..758.506 rows=8000000 loops=1)
                 ->  Hash  (cost=2261.46..2261.46 rows=4000 width=4) (actual time=2.966..2.968 rows=4010 loops=1)
                       Buckets: 4096  Batches: 1  Memory Usage: 173kB
                       ->  Nested Loop  (cost=37.29..2261.46 rows=4000 width=4) (actual time=0.700..2.598 rows=4010 loops=1)
                             ->  Seq Scan on nation nation_1  (cost=0.00..1.31 rows=1 width=4) (actual time=0.006..0.008 rows=1 loops=1)
                                   Filter: (n_name = 'SAUDI ARABIA'::bpchar)
                                   Rows Removed by Filter: 24
                             ->  Bitmap Heap Scan on supplier supplier_1  (cost=37.29..2220.15 rows=4000 width=8) (actual time=0.690..2.257 rows=4010 loops=1)
                                   Recheck Cond: (s_nationkey = nation_1.n_nationkey)
                                   Heap Blocks: exact=1869
                                   ->  Bitmap Index Scan on idx_supplier_nation_key  (cost=0.00..36.29 rows=4000 width=0) (actual time=0.480..0.480 rows=4010 loops=1)
                                         Index Cond: (s_nationkey = nation_1.n_nationkey)
   ->  Sort  (cost=313430.20..313696.13 rows=106375 width=36) (actual time=3890.831..3890.833 rows=0 loops=1)
         Sort Key: (sum((partsupp.ps_supplycost * (partsupp.ps_availqty)::numeric))) DESC
         Sort Method: quicksort  Memory: 25kB
         ->  HashAggregate  (cost=304994.99..312898.32 rows=106375 width=36) (actual time=3890.800..3890.802 rows=0 loops=1)
               Group Key: partsupp.ps_partkey
               Filter: (sum((partsupp.ps_supplycost * (partsupp.ps_availqty)::numeric)) > $1)
               Planned Partitions: 4  Batches: 5  Memory Usage: 65585kB  Disk Usage: 7312kB
               Rows Removed by Filter: 301833
               ->  Hash Join  (cost=2311.46..290746.56 rows=319125 width=14) (actual time=58.529..1927.110 rows=320800 loops=1)
                     Hash Cond: (partsupp.ps_suppkey = supplier.s_suppkey)
                     ->  Seq Scan on partsupp  (cost=0.00..255237.89 rows=8001589 width=18) (actual time=0.721..1085.556 rows=8000000 loops=1)
                     ->  Hash  (cost=2261.46..2261.46 rows=4000 width=4) (actual time=57.731..57.732 rows=4010 loops=1)
                           Buckets: 4096  Batches: 1  Memory Usage: 173kB
                           ->  Nested Loop  (cost=37.29..2261.46 rows=4000 width=4) (actual time=1.872..56.558 rows=4010 loops=1)
                                 ->  Seq Scan on nation  (cost=0.00..1.31 rows=1 width=4) (actual time=0.214..0.219 rows=1 loops=1)
                                       Filter: (n_name = 'SAUDI ARABIA'::bpchar)
                                       Rows Removed by Filter: 24
                                 ->  Bitmap Heap Scan on supplier  (cost=37.29..2220.15 rows=4000 width=8) (actual time=1.648..55.550 rows=4010 loops=1)
                                       Recheck Cond: (s_nationkey = nation.n_nationkey)
                                       Heap Blocks: exact=1869
                                       ->  Bitmap Index Scan on idx_supplier_nation_key  (cost=0.00..36.29 rows=4000 width=0) (actual time=1.003..1.003 rows=4010 loops=1)
                                             Index Cond: (s_nationkey = nation.n_nationkey)
 Planning Time: 15.125 ms
 Execution Time: 3893.096 ms
(41 rows)

SET
SET
SET
                                                                                QUERY PLAN                                                                                 
---------------------------------------------------------------------------------------------------------------------------------------------------------------------------
 Limit  (cost=606570.21..606570.21 rows=1 width=36) (actual time=3453.457..3453.463 rows=0 loops=1)
   InitPlan 1 (returns $1)
     ->  Aggregate  (cost=293140.00..293140.01 rows=1 width=32) (actual time=1585.154..1585.157 rows=1 loops=1)
           ->  Hash Join  (cost=2311.46..290746.56 rows=319125 width=10) (actual time=2.875..1493.088 rows=320800 loops=1)
                 Hash Cond: (partsupp_1.ps_suppkey = supplier_1.s_suppkey)
                 ->  Seq Scan on partsupp partsupp_1  (cost=0.00..255237.89 rows=8001589 width=14) (actual time=0.016..756.273 rows=8000000 loops=1)
                 ->  Hash  (cost=2261.46..2261.46 rows=4000 width=4) (actual time=2.812..2.814 rows=4010 loops=1)
                       Buckets: 4096  Batches: 1  Memory Usage: 173kB
                       ->  Nested Loop  (cost=37.29..2261.46 rows=4000 width=4) (actual time=0.574..2.446 rows=4010 loops=1)
                             ->  Seq Scan on nation nation_1  (cost=0.00..1.31 rows=1 width=4) (actual time=0.006..0.007 rows=1 loops=1)
                                   Filter: (n_name = 'SAUDI ARABIA'::bpchar)
                                   Rows Removed by Filter: 24
                             ->  Bitmap Heap Scan on supplier supplier_1  (cost=37.29..2220.15 rows=4000 width=8) (actual time=0.565..2.114 rows=4010 loops=1)
                                   Recheck Cond: (s_nationkey = nation_1.n_nationkey)
                                   Heap Blocks: exact=1869
                                   ->  Bitmap Index Scan on idx_supplier_nation_key  (cost=0.00..36.29 rows=4000 width=0) (actual time=0.355..0.356 rows=4010 loops=1)
                                         Index Cond: (s_nationkey = nation_1.n_nationkey)
   ->  Sort  (cost=313430.20..313696.13 rows=106375 width=36) (actual time=3453.455..3453.457 rows=0 loops=1)
         Sort Key: (sum((partsupp.ps_supplycost * (partsupp.ps_availqty)::numeric))) DESC
         Sort Method: quicksort  Memory: 25kB
         ->  HashAggregate  (cost=304994.99..312898.32 rows=106375 width=36) (actual time=3453.425..3453.427 rows=0 loops=1)
               Group Key: partsupp.ps_partkey
               Filter: (sum((partsupp.ps_supplycost * (partsupp.ps_availqty)::numeric)) > $1)
               Planned Partitions: 4  Batches: 5  Memory Usage: 65585kB  Disk Usage: 7312kB
               Rows Removed by Filter: 301833
               ->  Hash Join  (cost=2311.46..290746.56 rows=319125 width=14) (actual time=3.598..1498.288 rows=320800 loops=1)
                     Hash Cond: (partsupp.ps_suppkey = supplier.s_suppkey)
                     ->  Seq Scan on partsupp  (cost=0.00..255237.89 rows=8001589 width=18) (actual time=0.037..763.500 rows=8000000 loops=1)
                     ->  Hash  (cost=2261.46..2261.46 rows=4000 width=4) (actual time=3.532..3.534 rows=4010 loops=1)
                           Buckets: 4096  Batches: 1  Memory Usage: 173kB
                           ->  Nested Loop  (cost=37.29..2261.46 rows=4000 width=4) (actual time=0.503..3.143 rows=4010 loops=1)
                                 ->  Seq Scan on nation  (cost=0.00..1.31 rows=1 width=4) (actual time=0.009..0.010 rows=1 loops=1)
                                       Filter: (n_name = 'SAUDI ARABIA'::bpchar)
                                       Rows Removed by Filter: 24
                                 ->  Bitmap Heap Scan on supplier  (cost=37.29..2220.15 rows=4000 width=8) (actual time=0.490..2.799 rows=4010 loops=1)
                                       Recheck Cond: (s_nationkey = nation.n_nationkey)
                                       Heap Blocks: exact=1869
                                       ->  Bitmap Index Scan on idx_supplier_nation_key  (cost=0.00..36.29 rows=4000 width=0) (actual time=0.271..0.271 rows=4010 loops=1)
                                             Index Cond: (s_nationkey = nation.n_nationkey)
 Planning Time: 0.864 ms
 Execution Time: 3455.730 ms
(41 rows)

query 12 run 1
SET
SET
SET
                                                                                                                    QUERY PLAN                                                                                                                     
---------------------------------------------------------------------------------------------------------------------------------------------------------------------------------------------------------------------------------------------------
 Limit  (cost=3031549.05..3032377.48 rows=1 width=27) (actual time=19284.285..19284.287 rows=1 loops=1)
   ->  GroupAggregate  (cost=3031549.05..3037348.08 rows=7 width=27) (actual time=19284.283..19284.285 rows=1 loops=1)
         Group Key: lineitem.l_shipmode
         ->  Sort  (cost=3031549.05..3032273.92 rows=289948 width=27) (actual time=19237.544..19243.744 rows=155572 loops=1)
               Sort Key: lineitem.l_shipmode
               Sort Method: quicksort  Memory: 26853kB
               ->  Hash Join  (cost=2478574.39..3005242.89 rows=289948 width=27) (actual time=15119.604..19174.745 rows=311258 loops=1)
                     Hash Cond: (orders.o_orderkey = lineitem.l_orderkey)
                     ->  Seq Scan on orders  (cost=0.00..411268.58 rows=15000058 width=20) (actual time=0.493..1659.545 rows=15000000 loops=1)
                     ->  Hash  (cost=2474950.04..2474950.04 rows=289948 width=15) (actual time=15118.323..15118.323 rows=311258 loops=1)
                           Buckets: 524288  Batches: 1  Memory Usage: 18687kB
                           ->  Seq Scan on lineitem  (cost=0.00..2474950.04 rows=289948 width=15) (actual time=1.326..15040.227 rows=311258 loops=1)
                                 Filter: ((l_shipmode = ANY ('{SHIP,"REG AIR"}'::bpchar[])) AND (l_commitdate < l_receiptdate) AND (l_shipdate < l_commitdate) AND (l_receiptdate >= '1994-01-01'::date) AND (l_receiptdate < '1995-01-01'::date))
                                 Rows Removed by Filter: 59674794
 Planning Time: 17.638 ms
 Execution Time: 19284.696 ms
(16 rows)

SET
SET
SET
                                                                                                                    QUERY PLAN                                                                                                                     
---------------------------------------------------------------------------------------------------------------------------------------------------------------------------------------------------------------------------------------------------
 Limit  (cost=3031549.05..3032377.48 rows=1 width=27) (actual time=16686.662..16686.665 rows=1 loops=1)
   ->  GroupAggregate  (cost=3031549.05..3037348.08 rows=7 width=27) (actual time=16686.661..16686.663 rows=1 loops=1)
         Group Key: lineitem.l_shipmode
         ->  Sort  (cost=3031549.05..3032273.92 rows=289948 width=27) (actual time=16640.384..16646.602 rows=155572 loops=1)
               Sort Key: lineitem.l_shipmode
               Sort Method: quicksort  Memory: 26853kB
               ->  Hash Join  (cost=2478574.39..3005242.89 rows=289948 width=27) (actual time=13059.855..16579.228 rows=311258 loops=1)
                     Hash Cond: (orders.o_orderkey = lineitem.l_orderkey)
                     ->  Seq Scan on orders  (cost=0.00..411268.58 rows=15000058 width=20) (actual time=0.020..1238.520 rows=15000000 loops=1)
                     ->  Hash  (cost=2474950.04..2474950.04 rows=289948 width=15) (actual time=13059.133..13059.134 rows=311258 loops=1)
                           Buckets: 524288  Batches: 1  Memory Usage: 18687kB
                           ->  Seq Scan on lineitem  (cost=0.00..2474950.04 rows=289948 width=15) (actual time=0.111..12988.078 rows=311258 loops=1)
                                 Filter: ((l_shipmode = ANY ('{SHIP,"REG AIR"}'::bpchar[])) AND (l_commitdate < l_receiptdate) AND (l_shipdate < l_commitdate) AND (l_receiptdate >= '1994-01-01'::date) AND (l_receiptdate < '1995-01-01'::date))
                                 Rows Removed by Filter: 59674794
 Planning Time: 0.838 ms
 Execution Time: 16686.774 ms
(16 rows)

query 13 run 1
SET
SET
SET
                                                                                    QUERY PLAN                                                                                     
-----------------------------------------------------------------------------------------------------------------------------------------------------------------------------------
 Limit  (cost=1353302.24..1353302.24 rows=1 width=16) (actual time=17650.717..17650.720 rows=1 loops=1)
   ->  Sort  (cost=1353302.24..1353302.74 rows=200 width=16) (actual time=17650.715..17650.718 rows=1 loops=1)
         Sort Key: (count(*)) DESC, (count(orders.o_orderkey)) DESC
         Sort Method: top-N heapsort  Memory: 25kB
         ->  HashAggregate  (cost=1353299.24..1353301.24 rows=200 width=16) (actual time=17650.689..17650.696 rows=46 loops=1)
               Group Key: count(orders.o_orderkey)
               Batches: 1  Memory Usage: 40kB
               ->  HashAggregate  (cost=1200975.24..1330797.16 rows=1500139 width=12) (actual time=15343.938..17477.443 rows=1500000 loops=1)
                     Group Key: customer.c_custkey
                     Planned Partitions: 4  Batches: 5  Memory Usage: 65585kB  Disk Usage: 212480kB
                     ->  Hash Right Join  (cost=53288.25..661318.78 rows=14697027 width=8) (actual time=461.257..11398.530 rows=15337604 loops=1)
                           Hash Cond: (orders.o_custkey = customer.c_custkey)
                           ->  Seq Scan on orders  (cost=0.00..448768.72 rows=14697027 width=8) (actual time=0.779..5257.296 rows=14837583 loops=1)
                                 Filter: ((o_comment)::text !~~ '%special%requests%'::text)
                                 Rows Removed by Filter: 162417
                           ->  Hash  (cost=28676.51..28676.51 rows=1500139 width=4) (actual time=457.887..457.888 rows=1500000 loops=1)
                                 Buckets: 2097152  Batches: 2  Memory Usage: 42747kB
                                 ->  Index Only Scan using customer_pkey on customer  (cost=0.43..28676.51 rows=1500139 width=4) (actual time=0.020..180.408 rows=1500000 loops=1)
                                       Heap Fetches: 0
 Planning Time: 17.975 ms
 Execution Time: 17683.923 ms
(21 rows)

SET
SET
SET
                                                                                    QUERY PLAN                                                                                     
-----------------------------------------------------------------------------------------------------------------------------------------------------------------------------------
 Limit  (cost=1353302.24..1353302.24 rows=1 width=16) (actual time=17210.017..17210.020 rows=1 loops=1)
   ->  Sort  (cost=1353302.24..1353302.74 rows=200 width=16) (actual time=17210.015..17210.018 rows=1 loops=1)
         Sort Key: (count(*)) DESC, (count(orders.o_orderkey)) DESC
         Sort Method: top-N heapsort  Memory: 25kB
         ->  HashAggregate  (cost=1353299.24..1353301.24 rows=200 width=16) (actual time=17209.989..17209.997 rows=46 loops=1)
               Group Key: count(orders.o_orderkey)
               Batches: 1  Memory Usage: 40kB
               ->  HashAggregate  (cost=1200975.24..1330797.16 rows=1500139 width=12) (actual time=14885.484..17040.863 rows=1500000 loops=1)
                     Group Key: customer.c_custkey
                     Planned Partitions: 4  Batches: 5  Memory Usage: 65585kB  Disk Usage: 212480kB
                     ->  Hash Right Join  (cost=53288.25..661318.78 rows=14697027 width=8) (actual time=426.592..10913.281 rows=15337604 loops=1)
                           Hash Cond: (orders.o_custkey = customer.c_custkey)
                           ->  Seq Scan on orders  (cost=0.00..448768.72 rows=14697027 width=8) (actual time=0.032..4803.095 rows=14837583 loops=1)
                                 Filter: ((o_comment)::text !~~ '%special%requests%'::text)
                                 Rows Removed by Filter: 162417
                           ->  Hash  (cost=28676.51..28676.51 rows=1500139 width=4) (actual time=423.933..423.933 rows=1500000 loops=1)
                                 Buckets: 2097152  Batches: 2  Memory Usage: 42747kB
                                 ->  Index Only Scan using customer_pkey on customer  (cost=0.43..28676.51 rows=1500139 width=4) (actual time=0.019..148.971 rows=1500000 loops=1)
                                       Heap Fetches: 0
 Planning Time: 0.674 ms
 Execution Time: 17243.614 ms
(21 rows)

query 14 run 1
SET
SET
SET
                                                                            QUERY PLAN                                                                            
------------------------------------------------------------------------------------------------------------------------------------------------------------------
 Limit  (cost=1361700.81..1361700.83 rows=1 width=32) (actual time=12869.836..12869.839 rows=1 loops=1)
   ->  Aggregate  (cost=1361700.81..1361700.83 rows=1 width=32) (actual time=12869.835..12869.837 rows=1 loops=1)
         ->  Hash Join  (cost=113089.33..1347036.89 rows=837938 width=33) (actual time=1088.110..12445.086 rows=772942 loops=1)
               Hash Cond: (lineitem.l_partkey = part.p_partkey)
               ->  Bitmap Heap Scan on lineitem  (cost=13435.93..1223327.90 rows=837938 width=16) (actual time=234.710..10842.658 rows=772942 loops=1)
                     Recheck Cond: ((l_shipdate >= '1994-05-01'::date) AND (l_shipdate < '1994-06-01'::date))
                     Heap Blocks: exact=416569
                     ->  Bitmap Index Scan on idx_lineitem_shipdate  (cost=0.00..13226.45 rows=837938 width=0) (actual time=143.629..143.630 rows=772942 loops=1)
                           Index Cond: ((l_shipdate >= '1994-05-01'::date) AND (l_shipdate < '1994-06-01'::date))
               ->  Hash  (cost=60981.18..60981.18 rows=2000018 width=25) (actual time=852.721..852.722 rows=2000000 loops=1)
                     Buckets: 1048576  Batches: 4  Memory Usage: 37079kB
                     ->  Seq Scan on part  (cost=0.00..60981.18 rows=2000018 width=25) (actual time=0.773..518.440 rows=2000000 loops=1)
 Planning Time: 18.145 ms
 Execution Time: 12870.450 ms
(14 rows)

SET
SET
SET
                                                                            QUERY PLAN                                                                            
------------------------------------------------------------------------------------------------------------------------------------------------------------------
 Limit  (cost=1361700.81..1361700.83 rows=1 width=32) (actual time=3815.766..3815.769 rows=1 loops=1)
   ->  Aggregate  (cost=1361700.81..1361700.83 rows=1 width=32) (actual time=3815.765..3815.767 rows=1 loops=1)
         ->  Hash Join  (cost=113089.33..1347036.89 rows=837938 width=33) (actual time=921.928..3480.285 rows=772942 loops=1)
               Hash Cond: (lineitem.l_partkey = part.p_partkey)
               ->  Bitmap Heap Scan on lineitem  (cost=13435.93..1223327.90 rows=837938 width=16) (actual time=221.592..2189.269 rows=772942 loops=1)
                     Recheck Cond: ((l_shipdate >= '1994-05-01'::date) AND (l_shipdate < '1994-06-01'::date))
                     Heap Blocks: exact=416569
                     ->  Bitmap Index Scan on idx_lineitem_shipdate  (cost=0.00..13226.45 rows=837938 width=0) (actual time=130.835..130.836 rows=772942 loops=1)
                           Index Cond: ((l_shipdate >= '1994-05-01'::date) AND (l_shipdate < '1994-06-01'::date))
               ->  Hash  (cost=60981.18..60981.18 rows=2000018 width=25) (actual time=699.656..699.657 rows=2000000 loops=1)
                     Buckets: 1048576  Batches: 4  Memory Usage: 37079kB
                     ->  Seq Scan on part  (cost=0.00..60981.18 rows=2000018 width=25) (actual time=0.029..374.512 rows=2000000 loops=1)
 Planning Time: 1.090 ms
 Execution Time: 3816.032 ms
(14 rows)

query 15 run 1
SET
SET
SET
CREATE VIEW
                                                                                   QUERY PLAN                                                                                   
--------------------------------------------------------------------------------------------------------------------------------------------------------------------------------
 Limit  (cost=3770875.63..3770884.40 rows=1 width=103) (actual time=26823.065..26823.069 rows=1 loops=1)
   InitPlan 1 (returns $0)
     ->  Aggregate  (cost=1885925.24..1885925.25 rows=1 width=32) (actual time=6193.424..6193.425 rows=1 loops=1)
           ->  HashAggregate  (cost=1883418.67..1884671.95 rows=100263 width=36) (actual time=6151.550..6187.774 rows=100000 loops=1)
                 Group Key: lineitem_1.l_suppkey
                 Batches: 1  Memory Usage: 43025kB
                 ->  Bitmap Heap Scan on lineitem lineitem_1  (cost=36957.33..1860368.66 rows=2305001 width=16) (actual time=364.651..4644.139 rows=2265714 loops=1)
                       Recheck Cond: ((l_shipdate >= '1996-01-01'::date) AND (l_shipdate < '1996-04-01'::date))
                       Rows Removed by Index Recheck: 13223651
                       Heap Blocks: exact=401153 lossy=267105
                       ->  Bitmap Index Scan on idx_lineitem_shipdate  (cost=0.00..36381.08 rows=2305001 width=0) (actual time=277.832..277.833 rows=2265714 loops=1)
                             Index Cond: ((l_shipdate >= '1996-01-01'::date) AND (l_shipdate < '1996-04-01'::date))
   ->  Merge Join  (cost=1884950.38..1889343.39 rows=501 width=103) (actual time=26823.063..26823.065 rows=1 loops=1)
         Merge Cond: (supplier.s_suppkey = revenue0.supplier_no)
         ->  Index Scan using supplier_pkey on supplier  (cost=0.29..4135.79 rows=100000 width=71) (actual time=0.858..19.764 rows=69998 loops=1)
         ->  Sort  (cost=1884950.09..1884951.34 rows=501 width=36) (actual time=26799.179..26799.180 rows=1 loops=1)
               Sort Key: revenue0.supplier_no
               Sort Method: quicksort  Memory: 25kB
               ->  Subquery Scan on revenue0  (cost=1883418.67..1884927.62 rows=501 width=36) (actual time=26773.442..26799.168 rows=1 loops=1)
                     ->  HashAggregate  (cost=1883418.67..1884922.61 rows=501 width=36) (actual time=26773.441..26799.165 rows=1 loops=1)
                           Group Key: lineitem.l_suppkey
                           Filter: (sum((lineitem.l_extendedprice * ('1'::numeric - lineitem.l_discount))) = $0)
                           Batches: 1  Memory Usage: 43025kB
                           Rows Removed by Filter: 99999
                           ->  Bitmap Heap Scan on lineitem  (cost=36957.33..1860368.66 rows=2305001 width=16) (actual time=423.486..18471.059 rows=2265714 loops=1)
                                 Recheck Cond: ((l_shipdate >= '1996-01-01'::date) AND (l_shipdate < '1996-04-01'::date))
                                 Rows Removed by Index Recheck: 13223651
                                 Heap Blocks: exact=401153 lossy=267105
                                 ->  Bitmap Index Scan on idx_lineitem_shipdate  (cost=0.00..36381.08 rows=2305001 width=0) (actual time=335.595..335.595 rows=2265714 loops=1)
                                       Index Cond: ((l_shipdate >= '1996-01-01'::date) AND (l_shipdate < '1996-04-01'::date))
 Planning Time: 14.606 ms
 Execution Time: 26825.091 ms
(32 rows)

DROP VIEW
SET
SET
SET
CREATE VIEW
                                                                                   QUERY PLAN                                                                                   
--------------------------------------------------------------------------------------------------------------------------------------------------------------------------------
 Limit  (cost=3770875.63..3770884.40 rows=1 width=103) (actual time=12887.111..12887.115 rows=1 loops=1)
   InitPlan 1 (returns $0)
     ->  Aggregate  (cost=1885925.24..1885925.25 rows=1 width=32) (actual time=6192.006..6192.007 rows=1 loops=1)
           ->  HashAggregate  (cost=1883418.67..1884671.95 rows=100263 width=36) (actual time=6150.396..6186.339 rows=100000 loops=1)
                 Group Key: lineitem_1.l_suppkey
                 Batches: 1  Memory Usage: 43025kB
                 ->  Bitmap Heap Scan on lineitem lineitem_1  (cost=36957.33..1860368.66 rows=2305001 width=16) (actual time=364.686..4650.709 rows=2265714 loops=1)
                       Recheck Cond: ((l_shipdate >= '1996-01-01'::date) AND (l_shipdate < '1996-04-01'::date))
                       Rows Removed by Index Recheck: 13223651
                       Heap Blocks: exact=401153 lossy=267105
                       ->  Bitmap Index Scan on idx_lineitem_shipdate  (cost=0.00..36381.08 rows=2305001 width=0) (actual time=277.960..277.961 rows=2265714 loops=1)
                             Index Cond: ((l_shipdate >= '1996-01-01'::date) AND (l_shipdate < '1996-04-01'::date))
   ->  Merge Join  (cost=1884950.38..1889343.39 rows=501 width=103) (actual time=12887.109..12887.111 rows=1 loops=1)
         Merge Cond: (supplier.s_suppkey = revenue0.supplier_no)
         ->  Index Scan using supplier_pkey on supplier  (cost=0.29..4135.79 rows=100000 width=71) (actual time=0.047..11.850 rows=69998 loops=1)
         ->  Sort  (cost=1884950.09..1884951.34 rows=501 width=36) (actual time=12871.329..12871.330 rows=1 loops=1)
               Sort Key: revenue0.supplier_no
               Sort Method: quicksort  Memory: 25kB
               ->  Subquery Scan on revenue0  (cost=1883418.67..1884927.62 rows=501 width=36) (actual time=12845.741..12871.322 rows=1 loops=1)
                     ->  HashAggregate  (cost=1883418.67..1884922.61 rows=501 width=36) (actual time=12845.740..12871.320 rows=1 loops=1)
                           Group Key: lineitem.l_suppkey
                           Filter: (sum((lineitem.l_extendedprice * ('1'::numeric - lineitem.l_discount))) = $0)
                           Batches: 1  Memory Usage: 43025kB
                           Rows Removed by Filter: 99999
                           ->  Bitmap Heap Scan on lineitem  (cost=36957.33..1860368.66 rows=2305001 width=16) (actual time=387.145..5121.526 rows=2265714 loops=1)
                                 Recheck Cond: ((l_shipdate >= '1996-01-01'::date) AND (l_shipdate < '1996-04-01'::date))
                                 Rows Removed by Index Recheck: 13223651
                                 Heap Blocks: exact=401153 lossy=267105
                                 ->  Bitmap Index Scan on idx_lineitem_shipdate  (cost=0.00..36381.08 rows=2305001 width=0) (actual time=300.248..300.248 rows=2265714 loops=1)
                                       Index Cond: ((l_shipdate >= '1996-01-01'::date) AND (l_shipdate < '1996-04-01'::date))
 Planning Time: 1.229 ms
 Execution Time: 12888.666 ms
(32 rows)

DROP VIEW
query 16 run 1
SET
SET
SET
                                                                                         QUERY PLAN                                                                                         
--------------------------------------------------------------------------------------------------------------------------------------------------------------------------------------------
 Limit  (cost=357690.18..357690.18 rows=1 width=44) (actual time=7692.975..7692.978 rows=1 loops=1)
   ->  Sort  (cost=357690.18..358072.53 rows=152941 width=44) (actual time=7692.973..7692.976 rows=1 loops=1)
         Sort Key: (count(DISTINCT partsupp.ps_suppkey)) DESC, part.p_brand, part.p_type, part.p_size
         Sort Method: top-N heapsort  Memory: 25kB
         ->  GroupAggregate  (cost=348064.00..356925.47 rows=152941 width=44) (actual time=6884.383..7688.580 rows=27838 loops=1)
               Group Key: part.p_brand, part.p_type, part.p_size
               ->  Sort  (cost=348064.00..349530.41 rows=586565 width=40) (actual time=6884.334..7451.921 rows=1186319 loops=1)
                     Sort Key: part.p_brand, part.p_type, part.p_size, partsupp.ps_suppkey
                     Sort Method: external merge  Disk: 60584kB
                     ->  Hash Join  (cost=98118.25..281553.66 rows=586565 width=40) (actual time=843.955..3163.430 rows=1186319 loops=1)
                           Hash Cond: (partsupp.ps_partkey = part.p_partkey)
                           ->  Index Only Scan using partsupp_pkey on partsupp  (cost=3471.46..176404.76 rows=4000794 width=8) (actual time=37.675..1544.688 rows=7995520 loops=1)
                                 Filter: (NOT (hashed SubPlan 1))
                                 Rows Removed by Filter: 4480
                                 Heap Fetches: 0
                                 SubPlan 1
                                   ->  Seq Scan on supplier  (cost=0.00..3471.00 rows=10 width=4) (actual time=1.442..37.322 rows=56 loops=1)
                                         Filter: ((s_comment)::text ~~ '%Customer%Complaints%'::text)
                                         Rows Removed by Filter: 99944
                           ->  Hash  (cost=90981.45..90981.45 rows=293227 width=40) (actual time=805.607..805.608 rows=296733 loops=1)
                                 Buckets: 524288  Batches: 1  Memory Usage: 25593kB
                                 ->  Seq Scan on part  (cost=0.00..90981.45 rows=293227 width=40) (actual time=0.775..734.239 rows=296733 loops=1)
                                       Filter: ((p_brand <> 'Brand#12'::bpchar) AND ((p_type)::text !~~ 'SMALL BRUSHED%'::text) AND (p_size = ANY ('{12,32,36,26,40,34,49,9}'::integer[])))
                                       Rows Removed by Filter: 1703267
 Planning Time: 17.734 ms
 Execution Time: 7701.502 ms
(26 rows)

SET
SET
SET
                                                                                         QUERY PLAN                                                                                         
--------------------------------------------------------------------------------------------------------------------------------------------------------------------------------------------
 Limit  (cost=357690.18..357690.18 rows=1 width=44) (actual time=7211.030..7211.033 rows=1 loops=1)
   ->  Sort  (cost=357690.18..358072.53 rows=152941 width=44) (actual time=7211.029..7211.031 rows=1 loops=1)
         Sort Key: (count(DISTINCT partsupp.ps_suppkey)) DESC, part.p_brand, part.p_type, part.p_size
         Sort Method: top-N heapsort  Memory: 25kB
         ->  GroupAggregate  (cost=348064.00..356925.47 rows=152941 width=44) (actual time=6397.042..7206.611 rows=27838 loops=1)
               Group Key: part.p_brand, part.p_type, part.p_size
               ->  Sort  (cost=348064.00..349530.41 rows=586565 width=40) (actual time=6396.992..6965.068 rows=1186319 loops=1)
                     Sort Key: part.p_brand, part.p_type, part.p_size, partsupp.ps_suppkey
                     Sort Method: external merge  Disk: 60584kB
                     ->  Hash Join  (cost=98118.25..281553.66 rows=586565 width=40) (actual time=542.972..2685.737 rows=1186319 loops=1)
                           Hash Cond: (partsupp.ps_partkey = part.p_partkey)
                           ->  Index Only Scan using partsupp_pkey on partsupp  (cost=3471.46..176404.76 rows=4000794 width=8) (actual time=20.336..1368.924 rows=7995520 loops=1)
                                 Filter: (NOT (hashed SubPlan 1))
                                 Rows Removed by Filter: 4480
                                 Heap Fetches: 0
                                 SubPlan 1
                                   ->  Seq Scan on supplier  (cost=0.00..3471.00 rows=10 width=4) (actual time=0.088..20.296 rows=56 loops=1)
                                         Filter: ((s_comment)::text ~~ '%Customer%Complaints%'::text)
                                         Rows Removed by Filter: 99944
                           ->  Hash  (cost=90981.45..90981.45 rows=293227 width=40) (actual time=521.998..521.999 rows=296733 loops=1)
                                 Buckets: 524288  Batches: 1  Memory Usage: 25593kB
                                 ->  Seq Scan on part  (cost=0.00..90981.45 rows=293227 width=40) (actual time=0.017..459.661 rows=296733 loops=1)
                                       Filter: ((p_brand <> 'Brand#12'::bpchar) AND ((p_type)::text !~~ 'SMALL BRUSHED%'::text) AND (p_size = ANY ('{12,32,36,26,40,34,49,9}'::integer[])))
                                       Rows Removed by Filter: 1703267
 Planning Time: 1.067 ms
 Execution Time: 7218.940 ms
(26 rows)

query 17 run 1
SET
SET
SET
                                                                            QUERY PLAN                                                                            
------------------------------------------------------------------------------------------------------------------------------------------------------------------
 Limit  (cost=4893272.38..4893272.40 rows=1 width=32) (actual time=54164.586..54164.588 rows=1 loops=1)
   ->  Aggregate  (cost=4893272.38..4893272.40 rows=1 width=32) (actual time=54164.584..54164.586 rows=1 loops=1)
         ->  Nested Loop  (cost=4174632.15..4893223.52 rows=19546 width=8) (actual time=31959.958..54162.726 rows=5319 loops=1)
               Join Filter: (lineitem.l_partkey = part.p_partkey)
               ->  Hash Join  (cost=4174631.71..4792418.87 rows=1955 width=40) (actual time=31959.410..53216.537 rows=1996 loops=1)
                     Hash Cond: (lineitem_1.l_partkey = part.p_partkey)
                     ->  HashAggregate  (cost=4103623.47..4716654.58 rows=1811824 width=36) (actual time=31433.814..52549.057 rows=2000000 loops=1)
                           Group Key: lineitem_1.l_partkey
                           Planned Partitions: 16  Batches: 17  Memory Usage: 65681kB  Disk Usage: 1996856kB
                           ->  Seq Scan on lineitem lineitem_1  (cost=0.00..1725057.24 rows=59991424 width=9) (actual time=0.590..7199.610 rows=59986052 loops=1)
                     ->  Hash  (cost=70981.27..70981.27 rows=2158 width=4) (actual time=523.557..523.558 rows=1996 loops=1)
                           Buckets: 4096  Batches: 1  Memory Usage: 103kB
                           ->  Seq Scan on part  (cost=0.00..70981.27 rows=2158 width=4) (actual time=1.207..522.392 rows=1996 loops=1)
                                 Filter: ((p_brand = 'Brand#22'::bpchar) AND (p_container = 'LG BOX'::bpchar))
                                 Rows Removed by Filter: 1998004
               ->  Index Scan using idx_lineitem_part_supp on lineitem  (cost=0.44..51.42 rows=11 width=17) (actual time=0.334..0.472 rows=3 loops=1996)
                     Index Cond: (l_partkey = lineitem_1.l_partkey)
                     Filter: (l_quantity < ((0.2 * avg(lineitem_1.l_quantity))))
                     Rows Removed by Filter: 27
 Planning Time: 17.735 ms
 Execution Time: 54415.324 ms
(21 rows)

SET
SET
SET
                                                                            QUERY PLAN                                                                            
------------------------------------------------------------------------------------------------------------------------------------------------------------------
 Limit  (cost=4893272.38..4893272.40 rows=1 width=32) (actual time=50484.244..50484.247 rows=1 loops=1)
   ->  Aggregate  (cost=4893272.38..4893272.40 rows=1 width=32) (actual time=50484.242..50484.245 rows=1 loops=1)
         ->  Nested Loop  (cost=4174632.15..4893223.52 rows=19546 width=8) (actual time=29336.914..50483.441 rows=5319 loops=1)
               Join Filter: (lineitem.l_partkey = part.p_partkey)
               ->  Hash Join  (cost=4174631.71..4792418.87 rows=1955 width=40) (actual time=29336.886..50439.921 rows=1996 loops=1)
                     Hash Cond: (lineitem_1.l_partkey = part.p_partkey)
                     ->  HashAggregate  (cost=4103623.47..4716654.58 rows=1811824 width=36) (actual time=29079.931..50051.816 rows=2000000 loops=1)
                           Group Key: lineitem_1.l_partkey
                           Planned Partitions: 16  Batches: 17  Memory Usage: 65681kB  Disk Usage: 1996856kB
                           ->  Seq Scan on lineitem lineitem_1  (cost=0.00..1725057.24 rows=59991424 width=9) (actual time=0.035..5385.864 rows=59986052 loops=1)
                     ->  Hash  (cost=70981.27..70981.27 rows=2158 width=4) (actual time=255.059..255.060 rows=1996 loops=1)
                           Buckets: 4096  Batches: 1  Memory Usage: 103kB
                           ->  Seq Scan on part  (cost=0.00..70981.27 rows=2158 width=4) (actual time=0.114..254.548 rows=1996 loops=1)
                                 Filter: ((p_brand = 'Brand#22'::bpchar) AND (p_container = 'LG BOX'::bpchar))
                                 Rows Removed by Filter: 1998004
               ->  Index Scan using idx_lineitem_part_supp on lineitem  (cost=0.44..51.42 rows=11 width=17) (actual time=0.010..0.021 rows=3 loops=1996)
                     Index Cond: (l_partkey = lineitem_1.l_partkey)
                     Filter: (l_quantity < ((0.2 * avg(lineitem_1.l_quantity))))
                     Rows Removed by Filter: 27
 Planning Time: 0.885 ms
 Execution Time: 50718.351 ms
(21 rows)

query 18 run 1
SET
SET
SET
                                                                                                 QUERY PLAN                                                                                                  
-------------------------------------------------------------------------------------------------------------------------------------------------------------------------------------------------------------
 Limit  (cost=8726051.96..8726052.21 rows=100 width=71) (actual time=41303.865..41303.878 rows=99 loops=1)
   ->  Sort  (cost=8726051.96..8776037.47 rows=19994204 width=71) (actual time=41303.863..41303.870 rows=99 loops=1)
         Sort Key: orders.o_totalprice DESC, orders.o_orderdate
         Sort Method: quicksort  Memory: 31kB
         ->  HashAggregate  (cost=7360499.70..7961887.86 rows=19994204 width=71) (actual time=41302.985..41303.767 rows=99 loops=1)
               Group Key: customer.c_custkey, orders.o_orderkey
               Planned Partitions: 128  Batches: 1  Memory Usage: 6225kB
               ->  Hash Join  (cost=78677.86..6283468.16 rows=19994204 width=44) (actual time=3005.203..41302.498 rows=693 loops=1)
                     Hash Cond: (orders.o_custkey = customer.c_custkey)
                     ->  Merge Join  (cost=187.73..5870343.10 rows=19994204 width=25) (actual time=974.196..40544.206 rows=693 loops=1)
                           Merge Cond: (orders.o_orderkey = lineitem.l_orderkey)
                           ->  Merge Join  (cost=1.00..3340433.90 rows=4999285 width=24) (actual time=754.616..29850.283 rows=99 loops=1)
                                 Merge Cond: (orders.o_orderkey = lineitem_1.l_orderkey)
                                 ->  Index Scan using orders_pkey on orders  (cost=0.43..547966.31 rows=15000058 width=20) (actual time=0.552..2988.944 rows=14982724 loops=1)
                                 ->  GroupAggregate  (cost=0.56..2692476.39 rows=4999285 width=4) (actual time=648.373..25995.473 rows=99 loops=1)
                                       Group Key: lineitem_1.l_orderkey
                                       Filter: (sum(lineitem_1.l_quantity) > '313'::numeric)
                                       Rows Removed by Filter: 14999901
                                       ->  Index Scan using idx_lineitem_orderkey on lineitem lineitem_1  (cost=0.56..2167551.43 rows=59991424 width=9) (actual time=0.550..12482.721 rows=59986052 loops=1)
                           ->  Index Scan using idx_lineitem_orderkey on lineitem  (cost=0.56..2167551.43 rows=59991424 width=9) (actual time=0.014..7371.870 rows=59916431 loops=1)
                     ->  Hash  (cost=50948.39..50948.39 rows=1500139 width=23) (actual time=674.538..674.538 rows=1500000 loops=1)
                           Buckets: 1048576  Batches: 2  Memory Usage: 49242kB
                           ->  Seq Scan on customer  (cost=0.00..50948.39 rows=1500139 width=23) (actual time=0.812..406.549 rows=1500000 loops=1)
 Planning Time: 18.932 ms
 Execution Time: 41305.320 ms
(25 rows)

SET
SET
SET
                                                                                                 QUERY PLAN                                                                                                  
-------------------------------------------------------------------------------------------------------------------------------------------------------------------------------------------------------------
 Limit  (cost=8726051.96..8726052.21 rows=100 width=71) (actual time=38205.280..38205.293 rows=99 loops=1)
   ->  Sort  (cost=8726051.96..8776037.47 rows=19994204 width=71) (actual time=38205.279..38205.286 rows=99 loops=1)
         Sort Key: orders.o_totalprice DESC, orders.o_orderdate
         Sort Method: quicksort  Memory: 31kB
         ->  HashAggregate  (cost=7360499.70..7961887.86 rows=19994204 width=71) (actual time=38204.304..38205.186 rows=99 loops=1)
               Group Key: customer.c_custkey, orders.o_orderkey
               Planned Partitions: 128  Batches: 1  Memory Usage: 6225kB
               ->  Hash Join  (cost=78677.86..6283468.16 rows=19994204 width=44) (actual time=2591.961..38203.843 rows=693 loops=1)
                     Hash Cond: (orders.o_custkey = customer.c_custkey)
                     ->  Merge Join  (cost=187.73..5870343.10 rows=19994204 width=25) (actual time=850.241..37574.095 rows=693 loops=1)
                           Merge Cond: (orders.o_orderkey = lineitem.l_orderkey)
                           ->  Merge Join  (cost=1.00..3340433.90 rows=4999285 width=24) (actual time=623.963..26814.214 rows=99 loops=1)
                                 Merge Cond: (orders.o_orderkey = lineitem_1.l_orderkey)
                                 ->  Index Scan using orders_pkey on orders  (cost=0.43..547966.31 rows=15000058 width=20) (actual time=0.028..2408.303 rows=14982724 loops=1)
                                 ->  GroupAggregate  (cost=0.56..2692476.39 rows=4999285 width=4) (actual time=545.861..23562.636 rows=99 loops=1)
                                       Group Key: lineitem_1.l_orderkey
                                       Filter: (sum(lineitem_1.l_quantity) > '313'::numeric)
                                       Rows Removed by Filter: 14999901
                                       ->  Index Scan using idx_lineitem_orderkey on lineitem lineitem_1  (cost=0.56..2167551.43 rows=59991424 width=9) (actual time=0.017..10134.182 rows=59986052 loops=1)
                           ->  Index Scan using idx_lineitem_orderkey on lineitem  (cost=0.56..2167551.43 rows=59991424 width=9) (actual time=0.013..7450.978 rows=59916431 loops=1)
                     ->  Hash  (cost=50948.39..50948.39 rows=1500139 width=23) (actual time=546.274..546.275 rows=1500000 loops=1)
                           Buckets: 1048576  Batches: 2  Memory Usage: 49242kB
                           ->  Seq Scan on customer  (cost=0.00..50948.39 rows=1500139 width=23) (actual time=0.030..281.671 rows=1500000 loops=1)
 Planning Time: 1.967 ms
 Execution Time: 38206.489 ms
(25 rows)

query 19 run 1
SET
SET
SET
                                                                                                                                                                                                                                                                                                                                                                                                                                                                                                            QUERY PLAN                                                                                                                                                                                                                                                                                                                                                                                                                                                                                                            
----------------------------------------------------------------------------------------------------------------------------------------------------------------------------------------------------------------------------------------------------------------------------------------------------------------------------------------------------------------------------------------------------------------------------------------------------------------------------------------------------------------------------------------------------------------------------------------------------------------------------------------------------------------------------------------------------------------------------------------------------------------------------------------------------------------------------------------------------------------------------------------------------------------------------------------------------------------------------------------------------------------------------------
 Limit  (cost=379780.77..379780.78 rows=1 width=32) (actual time=22964.871..22964.873 rows=1 loops=1)
   ->  Aggregate  (cost=379780.77..379780.78 rows=1 width=32) (actual time=22964.870..22964.870 rows=1 loops=1)
         ->  Nested Loop  (cost=0.44..379772.27 rows=1133 width=12) (actual time=58.377..22961.589 rows=1063 loops=1)
               ->  Seq Scan on part  (cost=0.00..125981.76 rows=4741 width=30) (actual time=1.249..861.612 rows=4781 loops=1)
                     Filter: ((p_size >= 1) AND (((p_brand = 'Brand#24'::bpchar) AND (p_container = ANY ('{"SM CASE","SM BOX","SM PACK","SM PKG"}'::bpchar[])) AND (p_size <= 5)) OR ((p_brand = 'Brand#43'::bpchar) AND (p_container = ANY ('{"MED BAG","MED BOX","MED PKG","MED PACK"}'::bpchar[])) AND (p_size <= 10)) OR ((p_brand = 'Brand#44'::bpchar) AND (p_container = ANY ('{"LG CASE","LG BOX","LG PACK","LG PKG"}'::bpchar[])) AND (p_size <= 15))))
                     Rows Removed by Filter: 1995219
               ->  Index Scan using idx_lineitem_part_supp on lineitem  (cost=0.44..53.52 rows=1 width=21) (actual time=4.169..4.621 rows=0 loops=4781)
                     Index Cond: (l_partkey = part.p_partkey)
                     Filter: ((l_shipmode = ANY ('{AIR,"AIR REG"}'::bpchar[])) AND (l_shipinstruct = 'DELIVER IN PERSON'::bpchar) AND (((l_quantity >= '10'::numeric) AND (l_quantity <= '20'::numeric)) OR ((l_quantity >= '10'::numeric) AND (l_quantity <= '20'::numeric)) OR ((l_quantity >= '20'::numeric) AND (l_quantity <= '30'::numeric))) AND (((part.p_brand = 'Brand#24'::bpchar) AND (part.p_container = ANY ('{"SM CASE","SM BOX","SM PACK","SM PKG"}'::bpchar[])) AND (l_quantity >= '10'::numeric) AND (l_quantity <= '20'::numeric) AND (part.p_size <= 5)) OR ((part.p_brand = 'Brand#43'::bpchar) AND (part.p_container = ANY ('{"MED BAG","MED BOX","MED PKG","MED PACK"}'::bpchar[])) AND (l_quantity >= '10'::numeric) AND (l_quantity <= '20'::numeric) AND (part.p_size <= 10)) OR ((part.p_brand = 'Brand#44'::bpchar) AND (part.p_container = ANY ('{"LG CASE","LG BOX","LG PACK","LG PKG"}'::bpchar[])) AND (l_quantity >= '20'::numeric) AND (l_quantity <= '30'::numeric) AND (part.p_size <= 15))))
                     Rows Removed by Filter: 30
 Planning Time: 17.104 ms
 Execution Time: 22965.897 ms
(12 rows)

SET
SET
SET
                                                                                                                                                                                                                                                                                                                                                                                                                                                                                                            QUERY PLAN                                                                                                                                                                                                                                                                                                                                                                                                                                                                                                            
----------------------------------------------------------------------------------------------------------------------------------------------------------------------------------------------------------------------------------------------------------------------------------------------------------------------------------------------------------------------------------------------------------------------------------------------------------------------------------------------------------------------------------------------------------------------------------------------------------------------------------------------------------------------------------------------------------------------------------------------------------------------------------------------------------------------------------------------------------------------------------------------------------------------------------------------------------------------------------------------------------------------------------
 Limit  (cost=379780.77..379780.78 rows=1 width=32) (actual time=631.011..631.012 rows=1 loops=1)
   ->  Aggregate  (cost=379780.77..379780.78 rows=1 width=32) (actual time=631.010..631.010 rows=1 loops=1)
         ->  Nested Loop  (cost=0.44..379772.27 rows=1133 width=12) (actual time=1.524..630.238 rows=1063 loops=1)
               ->  Seq Scan on part  (cost=0.00..125981.76 rows=4741 width=30) (actual time=0.223..473.772 rows=4781 loops=1)
                     Filter: ((p_size >= 1) AND (((p_brand = 'Brand#24'::bpchar) AND (p_container = ANY ('{"SM CASE","SM BOX","SM PACK","SM PKG"}'::bpchar[])) AND (p_size <= 5)) OR ((p_brand = 'Brand#43'::bpchar) AND (p_container = ANY ('{"MED BAG","MED BOX","MED PKG","MED PACK"}'::bpchar[])) AND (p_size <= 10)) OR ((p_brand = 'Brand#44'::bpchar) AND (p_container = ANY ('{"LG CASE","LG BOX","LG PACK","LG PKG"}'::bpchar[])) AND (p_size <= 15))))
                     Rows Removed by Filter: 1995219
               ->  Index Scan using idx_lineitem_part_supp on lineitem  (cost=0.44..53.52 rows=1 width=21) (actual time=0.029..0.032 rows=0 loops=4781)
                     Index Cond: (l_partkey = part.p_partkey)
                     Filter: ((l_shipmode = ANY ('{AIR,"AIR REG"}'::bpchar[])) AND (l_shipinstruct = 'DELIVER IN PERSON'::bpchar) AND (((l_quantity >= '10'::numeric) AND (l_quantity <= '20'::numeric)) OR ((l_quantity >= '10'::numeric) AND (l_quantity <= '20'::numeric)) OR ((l_quantity >= '20'::numeric) AND (l_quantity <= '30'::numeric))) AND (((part.p_brand = 'Brand#24'::bpchar) AND (part.p_container = ANY ('{"SM CASE","SM BOX","SM PACK","SM PKG"}'::bpchar[])) AND (l_quantity >= '10'::numeric) AND (l_quantity <= '20'::numeric) AND (part.p_size <= 5)) OR ((part.p_brand = 'Brand#43'::bpchar) AND (part.p_container = ANY ('{"MED BAG","MED BOX","MED PKG","MED PACK"}'::bpchar[])) AND (l_quantity >= '10'::numeric) AND (l_quantity <= '20'::numeric) AND (part.p_size <= 10)) OR ((part.p_brand = 'Brand#44'::bpchar) AND (part.p_container = ANY ('{"LG CASE","LG BOX","LG PACK","LG PKG"}'::bpchar[])) AND (l_quantity >= '20'::numeric) AND (l_quantity <= '30'::numeric) AND (part.p_size <= 15))))
                     Rows Removed by Filter: 30
 Planning Time: 1.009 ms
 Execution Time: 631.065 ms
(12 rows)

query 20 run 1
SET
SET
SET
                                                                                       QUERY PLAN                                                                                        
-----------------------------------------------------------------------------------------------------------------------------------------------------------------------------------------
 Limit  (cost=2731140.48..2731140.48 rows=1 width=51) (actual time=62202.182..62202.186 rows=1 loops=1)
   ->  Sort  (cost=2731140.48..2731140.48 rows=1 width=51) (actual time=62202.180..62202.184 rows=1 loops=1)
         Sort Key: supplier.s_name
         Sort Method: top-N heapsort  Memory: 25kB
         ->  Nested Loop Semi Join  (cost=2526816.84..2731140.47 rows=1 width=51) (actual time=40413.975..62200.407 rows=1821 loops=1)
               Join Filter: (supplier.s_suppkey = lineitem.l_suppkey)
               Rows Removed by Join Filter: 183418673
               ->  Nested Loop  (cost=0.00..4472.31 rows=4000 width=55) (actual time=0.975..23.508 rows=4095 loops=1)
                     Join Filter: (supplier.s_nationkey = nation.n_nationkey)
                     Rows Removed by Join Filter: 95905
                     ->  Seq Scan on nation  (cost=0.00..1.31 rows=1 width=4) (actual time=0.341..0.344 rows=1 loops=1)
                           Filter: (n_name = 'IRAQ'::bpchar)
                           Rows Removed by Filter: 24
                     ->  Seq Scan on supplier  (cost=0.00..3221.00 rows=100000 width=59) (actual time=0.627..15.942 rows=100000 loops=1)
               ->  Materialize  (cost=2526816.84..2726488.16 rows=3 width=8) (actual time=9.489..12.791 rows=44791 loops=4095)
                     ->  Hash Join  (cost=2526816.84..2726488.15 rows=3 width=8) (actual time=38855.446..45859.940 rows=59002 loops=1)
                           Hash Cond: ((lineitem.l_partkey = partsupp.ps_partkey) AND (lineitem.l_suppkey = partsupp.ps_suppkey))
                           Join Filter: ((partsupp.ps_availqty)::numeric > ((0.5 * sum(lineitem.l_quantity))))
                           Rows Removed by Join Filter: 123
                           ->  HashAggregate  (cost=2384408.47..2547556.49 rows=4869756 width=40) (actual time=33884.231..40067.197 rows=5448842 loops=1)
                                 Group Key: lineitem.l_partkey, lineitem.l_suppkey
                                 Planned Partitions: 32  Batches: 161  Memory Usage: 65809kB  Disk Usage: 358152kB
                                 ->  Bitmap Heap Scan on lineitem  (cost=147929.29..1995529.62 rows=9226412 width=13) (actual time=1243.024..28910.428 rows=9123688 loops=1)
                                       Recheck Cond: ((l_shipdate >= '1996-01-01'::date) AND (l_shipdate < '1997-01-01'::date))
                                       Rows Removed by Index Recheck: 23164080
                                       Heap Blocks: exact=518099 lossy=530696
                                       ->  Bitmap Index Scan on idx_lineitem_shipdate  (cost=0.00..145622.68 rows=9226412 width=0) (actual time=1118.775..1118.775 rows=9123688 loops=1)
                                             Index Cond: ((l_shipdate >= '1996-01-01'::date) AND (l_shipdate < '1997-01-01'::date))
                           ->  Hash  (cost=141196.02..141196.02 rows=80823 width=16) (actual time=4970.851..4970.852 rows=86872 loops=1)
                                 Buckets: 131072  Batches: 1  Memory Usage: 5097kB
                                 ->  Nested Loop  (cost=0.43..141196.02 rows=80823 width=16) (actual time=1.078..4924.117 rows=86872 loops=1)
                                       ->  Seq Scan on part  (cost=0.00..65981.23 rows=20202 width=4) (actual time=0.705..729.207 rows=21718 loops=1)
                                             Filter: ((p_name)::text ~~ 'olive%'::text)
                                             Rows Removed by Filter: 1978282
                                       ->  Index Scan using idx_partsupp_partkey on partsupp  (cost=0.43..3.55 rows=17 width=12) (actual time=0.177..0.191 rows=4 loops=21718)
                                             Index Cond: (ps_partkey = part.p_partkey)
 Planning Time: 23.572 ms
 Execution Time: 62243.980 ms
(38 rows)

SET
SET
SET
                                                                                      QUERY PLAN                                                                                       
---------------------------------------------------------------------------------------------------------------------------------------------------------------------------------------
 Limit  (cost=2731140.48..2731140.48 rows=1 width=51) (actual time=36840.661..36840.666 rows=1 loops=1)
   ->  Sort  (cost=2731140.48..2731140.48 rows=1 width=51) (actual time=36840.659..36840.663 rows=1 loops=1)
         Sort Key: supplier.s_name
         Sort Method: top-N heapsort  Memory: 25kB
         ->  Nested Loop Semi Join  (cost=2526816.84..2731140.47 rows=1 width=51) (actual time=15204.256..36838.887 rows=1821 loops=1)
               Join Filter: (supplier.s_suppkey = lineitem.l_suppkey)
               Rows Removed by Join Filter: 183418673
               ->  Nested Loop  (cost=0.00..4472.31 rows=4000 width=55) (actual time=0.033..19.555 rows=4095 loops=1)
                     Join Filter: (supplier.s_nationkey = nation.n_nationkey)
                     Rows Removed by Join Filter: 95905
                     ->  Seq Scan on nation  (cost=0.00..1.31 rows=1 width=4) (actual time=0.024..0.027 rows=1 loops=1)
                           Filter: (n_name = 'IRAQ'::bpchar)
                           Rows Removed by Filter: 24
                     ->  Seq Scan on supplier  (cost=0.00..3221.00 rows=100000 width=59) (actual time=0.005..12.301 rows=100000 loops=1)
               ->  Materialize  (cost=2526816.84..2726488.16 rows=3 width=8) (actual time=3.333..6.636 rows=44791 loops=4095)
                     ->  Hash Join  (cost=2526816.84..2726488.15 rows=3 width=8) (actual time=13646.483..20646.958 rows=59002 loops=1)
                           Hash Cond: ((lineitem.l_partkey = partsupp.ps_partkey) AND (lineitem.l_suppkey = partsupp.ps_suppkey))
                           Join Filter: ((partsupp.ps_availqty)::numeric > ((0.5 * sum(lineitem.l_quantity))))
                           Rows Removed by Join Filter: 123
                           ->  HashAggregate  (cost=2384408.47..2547556.49 rows=4869756 width=40) (actual time=13091.670..19282.360 rows=5448842 loops=1)
                                 Group Key: lineitem.l_partkey, lineitem.l_suppkey
                                 Planned Partitions: 32  Batches: 161  Memory Usage: 65809kB  Disk Usage: 358152kB
                                 ->  Bitmap Heap Scan on lineitem  (cost=147929.29..1995529.62 rows=9226412 width=13) (actual time=1104.534..8958.082 rows=9123688 loops=1)
                                       Recheck Cond: ((l_shipdate >= '1996-01-01'::date) AND (l_shipdate < '1997-01-01'::date))
                                       Rows Removed by Index Recheck: 23164080
                                       Heap Blocks: exact=518099 lossy=530696
                                       ->  Bitmap Index Scan on idx_lineitem_shipdate  (cost=0.00..145622.68 rows=9226412 width=0) (actual time=980.919..980.919 rows=9123688 loops=1)
                                             Index Cond: ((l_shipdate >= '1996-01-01'::date) AND (l_shipdate < '1997-01-01'::date))
                           ->  Hash  (cost=141196.02..141196.02 rows=80823 width=16) (actual time=554.465..554.466 rows=86872 loops=1)
                                 Buckets: 131072  Batches: 1  Memory Usage: 5097kB
                                 ->  Nested Loop  (cost=0.43..141196.02 rows=80823 width=16) (actual time=0.057..532.856 rows=86872 loops=1)
                                       ->  Seq Scan on part  (cost=0.00..65981.23 rows=20202 width=4) (actual time=0.041..331.608 rows=21718 loops=1)
                                             Filter: ((p_name)::text ~~ 'olive%'::text)
                                             Rows Removed by Filter: 1978282
                                       ->  Index Scan using idx_partsupp_partkey on partsupp  (cost=0.43..3.55 rows=17 width=12) (actual time=0.008..0.008 rows=4 loops=21718)
                                             Index Cond: (ps_partkey = part.p_partkey)
 Planning Time: 2.133 ms
 Execution Time: 36881.715 ms
(38 rows)

query 21 run 1
SET
SET
SET
                                                                                               QUERY PLAN                                                                                                
---------------------------------------------------------------------------------------------------------------------------------------------------------------------------------------------------------
 Limit  (cost=3766824.91..3766824.92 rows=1 width=34) (actual time=25241.290..25241.305 rows=100 loops=1)
   ->  Sort  (cost=3766824.91..3766824.92 rows=1 width=34) (actual time=25241.289..25241.298 rows=100 loops=1)
         Sort Key: (count(*)) DESC, supplier.s_name
         Sort Method: top-N heapsort  Memory: 37kB
         ->  GroupAggregate  (cost=3766824.88..3766824.90 rows=1 width=34) (actual time=25234.339..25240.116 rows=3991 loops=1)
               Group Key: supplier.s_name
               ->  Sort  (cost=3766824.88..3766824.89 rows=1 width=26) (actual time=25234.327..25235.908 rows=39281 loops=1)
                     Sort Key: supplier.s_name
                     Sort Method: quicksort  Memory: 3071kB
                     ->  Nested Loop Semi Join  (cost=1976520.88..3766824.87 rows=1 width=26) (actual time=15361.449..25071.527 rows=39281 loops=1)
                           Join Filter: (l2.l_suppkey <> l1.l_suppkey)
                           Rows Removed by Join Filter: 42025
                           ->  Nested Loop Anti Join  (cost=1976520.31..3766821.23 rows=1 width=38) (actual time=15361.441..24928.504 rows=65960 loops=1)
                                 ->  Hash Join  (cost=1976519.75..2519835.71 rows=388363 width=38) (actual time=15361.372..20053.356 rows=730985 loops=1)
                                       Hash Cond: (orders.o_orderkey = l1.l_orderkey)
                                       ->  Seq Scan on orders  (cost=0.00..448768.72 rows=7302028 width=4) (actual time=0.592..2545.932 rows=7309184 loops=1)
                                             Filter: (o_orderstatus = 'F'::bpchar)
                                             Rows Removed by Filter: 7690816
                                       ->  Hash  (cost=1960314.41..1960314.41 rows=797787 width=34) (actual time=15359.310..15359.313 rows=1514267 loops=1)
                                             Buckets: 1048576  Batches: 2  Memory Usage: 58450kB
                                             ->  Hash Join  (cost=2311.46..1960314.41 rows=797787 width=34) (actual time=67.074..14945.608 rows=1514267 loops=1)
                                                   Hash Cond: (l1.l_suppkey = supplier.s_suppkey)
                                                   ->  Seq Scan on lineitem l1  (cost=0.00..1875035.80 rows=19997141 width=8) (actual time=0.662..11486.898 rows=37929348 loops=1)
                                                         Filter: (l_receiptdate > l_commitdate)
                                                         Rows Removed by Filter: 22056704
                                                   ->  Hash  (cost=2261.46..2261.46 rows=4000 width=30) (actual time=66.338..66.340 rows=3991 loops=1)
                                                         Buckets: 4096  Batches: 1  Memory Usage: 282kB
                                                         ->  Nested Loop  (cost=37.29..2261.46 rows=4000 width=30) (actual time=2.185..64.940 rows=3991 loops=1)
                                                               ->  Seq Scan on nation  (cost=0.00..1.31 rows=1 width=4) (actual time=0.231..0.235 rows=1 loops=1)
                                                                     Filter: (n_name = 'PERU'::bpchar)
                                                                     Rows Removed by Filter: 24
                                                               ->  Bitmap Heap Scan on supplier  (cost=37.29..2220.15 rows=4000 width=34) (actual time=1.943..63.841 rows=3991 loops=1)
                                                                     Recheck Cond: (s_nationkey = nation.n_nationkey)
                                                                     Heap Blocks: exact=1865
                                                                     ->  Bitmap Index Scan on idx_supplier_nation_key  (cost=0.00..36.29 rows=4000 width=0) (actual time=1.117..1.117 rows=3991 loops=1)
                                                                           Index Cond: (s_nationkey = nation.n_nationkey)
                                 ->  Index Scan using idx_lineitem_orderkey on lineitem l3  (cost=0.56..3.64 rows=1 width=8) (actual time=0.006..0.006 rows=1 loops=730985)
                                       Index Cond: (l_orderkey = l1.l_orderkey)
                                       Filter: ((l_receiptdate > l_commitdate) AND (l_suppkey <> l1.l_suppkey))
                                       Rows Removed by Filter: 1
                           ->  Index Scan using idx_lineitem_orderkey on lineitem l2  (cost=0.56..3.62 rows=4 width=8) (actual time=0.002..0.002 rows=1 loops=65960)
                                 Index Cond: (l_orderkey = orders.o_orderkey)
 Planning Time: 21.192 ms
 Execution Time: 25242.283 ms
(44 rows)

SET
SET
SET
                                                                                               QUERY PLAN                                                                                                
---------------------------------------------------------------------------------------------------------------------------------------------------------------------------------------------------------
 Limit  (cost=3766824.91..3766824.92 rows=1 width=34) (actual time=21188.116..21188.131 rows=100 loops=1)
   ->  Sort  (cost=3766824.91..3766824.92 rows=1 width=34) (actual time=21188.114..21188.123 rows=100 loops=1)
         Sort Key: (count(*)) DESC, supplier.s_name
         Sort Method: top-N heapsort  Memory: 37kB
         ->  GroupAggregate  (cost=3766824.88..3766824.90 rows=1 width=34) (actual time=21181.068..21186.944 rows=3991 loops=1)
               Group Key: supplier.s_name
               ->  Sort  (cost=3766824.88..3766824.89 rows=1 width=26) (actual time=21181.056..21182.630 rows=39281 loops=1)
                     Sort Key: supplier.s_name
                     Sort Method: quicksort  Memory: 3071kB
                     ->  Nested Loop Semi Join  (cost=1976520.88..3766824.87 rows=1 width=26) (actual time=13032.334..21019.424 rows=39281 loops=1)
                           Join Filter: (l2.l_suppkey <> l1.l_suppkey)
                           Rows Removed by Join Filter: 42025
                           ->  Nested Loop Anti Join  (cost=1976520.31..3766821.23 rows=1 width=38) (actual time=13032.326..20884.311 rows=65960 loops=1)
                                 ->  Hash Join  (cost=1976519.75..2519835.71 rows=388363 width=38) (actual time=13032.258..17210.151 rows=730985 loops=1)
                                       Hash Cond: (orders.o_orderkey = l1.l_orderkey)
                                       ->  Seq Scan on orders  (cost=0.00..448768.72 rows=7302028 width=4) (actual time=0.018..2083.742 rows=7309184 loops=1)
                                             Filter: (o_orderstatus = 'F'::bpchar)
                                             Rows Removed by Filter: 7690816
                                       ->  Hash  (cost=1960314.41..1960314.41 rows=797787 width=34) (actual time=13030.763..13030.765 rows=1514267 loops=1)
                                             Buckets: 1048576  Batches: 2  Memory Usage: 58450kB
                                             ->  Hash Join  (cost=2311.46..1960314.41 rows=797787 width=34) (actual time=14.080..12664.187 rows=1514267 loops=1)
                                                   Hash Cond: (l1.l_suppkey = supplier.s_suppkey)
                                                   ->  Seq Scan on lineitem l1  (cost=0.00..1875035.80 rows=19997141 width=8) (actual time=0.035..9625.296 rows=37929348 loops=1)
                                                         Filter: (l_receiptdate > l_commitdate)
                                                         Rows Removed by Filter: 22056704
                                                   ->  Hash  (cost=2261.46..2261.46 rows=4000 width=30) (actual time=14.010..14.011 rows=3991 loops=1)
                                                         Buckets: 4096  Batches: 1  Memory Usage: 282kB
                                                         ->  Nested Loop  (cost=37.29..2261.46 rows=4000 width=30) (actual time=0.766..13.171 rows=3991 loops=1)
                                                               ->  Seq Scan on nation  (cost=0.00..1.31 rows=1 width=4) (actual time=0.011..0.015 rows=1 loops=1)
                                                                     Filter: (n_name = 'PERU'::bpchar)
                                                                     Rows Removed by Filter: 24
                                                               ->  Bitmap Heap Scan on supplier  (cost=37.29..2220.15 rows=4000 width=34) (actual time=0.750..12.611 rows=3991 loops=1)
                                                                     Recheck Cond: (s_nationkey = nation.n_nationkey)
                                                                     Heap Blocks: exact=1865
                                                                     ->  Bitmap Index Scan on idx_supplier_nation_key  (cost=0.00..36.29 rows=4000 width=0) (actual time=0.525..0.525 rows=3991 loops=1)
                                                                           Index Cond: (s_nationkey = nation.n_nationkey)
                                 ->  Index Scan using idx_lineitem_orderkey on lineitem l3  (cost=0.56..3.64 rows=1 width=8) (actual time=0.005..0.005 rows=1 loops=730985)
                                       Index Cond: (l_orderkey = l1.l_orderkey)
                                       Filter: ((l_receiptdate > l_commitdate) AND (l_suppkey <> l1.l_suppkey))
                                       Rows Removed by Filter: 1
                           ->  Index Scan using idx_lineitem_orderkey on lineitem l2  (cost=0.56..3.62 rows=4 width=8) (actual time=0.002..0.002 rows=1 loops=65960)
                                 Index Cond: (l_orderkey = orders.o_orderkey)
 Planning Time: 2.511 ms
 Execution Time: 21188.361 ms
(44 rows)

query 22 run 1
SET
SET
SET
                                                                          QUERY PLAN                                                                          
--------------------------------------------------------------------------------------------------------------------------------------------------------------
 Limit  (cost=161606.47..161606.50 rows=1 width=72) (actual time=1991.674..1991.676 rows=1 loops=1)
   InitPlan 1 (returns $0)
     ->  Aggregate  (cost=75445.40..75445.41 rows=1 width=32) (actual time=997.837..997.837 rows=1 loops=1)
           ->  Seq Scan on customer customer_1  (cost=0.00..75325.65 rows=47899 width=6) (actual time=0.017..961.331 rows=382426 loops=1)
                 Filter: ((c_acctbal > 0.00) AND (SUBSTRING(c_phone FROM 1 FOR 2) = ANY ('{21,29,26,34,14,15,17}'::text[])))
                 Rows Removed by Filter: 1117574
   ->  GroupAggregate  (cost=86161.06..86379.33 rows=7937 width=72) (actual time=1991.672..1991.673 rows=1 loops=1)
         Group Key: (SUBSTRING(customer.c_phone FROM 1 FOR 2))
         ->  Sort  (cost=86161.06..86180.91 rows=7937 width=38) (actual time=1989.890..1990.233 rows=9006 loops=1)
               Sort Key: (SUBSTRING(customer.c_phone FROM 1 FOR 2))
               Sort Method: quicksort  Memory: 4012kB
               ->  Nested Loop Anti Join  (cost=0.43..85646.97 rows=7937 width=38) (actual time=998.364..1969.452 rows=63509 loops=1)
                     ->  Seq Scan on customer  (cost=0.00..75325.65 rows=17502 width=26) (actual time=998.347..1542.460 rows=191129 loops=1)
                           Filter: ((c_acctbal > $0) AND (SUBSTRING(c_phone FROM 1 FOR 2) = ANY ('{21,29,26,34,14,15,17}'::text[])))
                           Rows Removed by Filter: 1308871
                     ->  Index Only Scan using idx_orders_custkey on orders  (cost=0.43..2.17 rows=18 width=4) (actual time=0.002..0.002 rows=1 loops=191129)
                           Index Cond: (o_custkey = customer.c_custkey)
                           Heap Fetches: 0
 Planning Time: 15.910 ms
 Execution Time: 1992.667 ms
(20 rows)

SET
SET
SET
                                                                          QUERY PLAN                                                                          
--------------------------------------------------------------------------------------------------------------------------------------------------------------
 Limit  (cost=161606.47..161606.50 rows=1 width=72) (actual time=1578.824..1578.825 rows=1 loops=1)
   InitPlan 1 (returns $0)
     ->  Aggregate  (cost=75445.40..75445.41 rows=1 width=32) (actual time=742.992..742.993 rows=1 loops=1)
           ->  Seq Scan on customer customer_1  (cost=0.00..75325.65 rows=47899 width=6) (actual time=0.007..709.803 rows=382426 loops=1)
                 Filter: ((c_acctbal > 0.00) AND (SUBSTRING(c_phone FROM 1 FOR 2) = ANY ('{21,29,26,34,14,15,17}'::text[])))
                 Rows Removed by Filter: 1117574
   ->  GroupAggregate  (cost=86161.06..86379.33 rows=7937 width=72) (actual time=1578.823..1578.823 rows=1 loops=1)
         Group Key: (SUBSTRING(customer.c_phone FROM 1 FOR 2))
         ->  Sort  (cost=86161.06..86180.91 rows=7937 width=38) (actual time=1577.031..1577.375 rows=9006 loops=1)
               Sort Key: (SUBSTRING(customer.c_phone FROM 1 FOR 2))
               Sort Method: quicksort  Memory: 4012kB
               ->  Nested Loop Anti Join  (cost=0.43..85646.97 rows=7937 width=38) (actual time=743.031..1558.377 rows=63509 loops=1)
                     ->  Seq Scan on customer  (cost=0.00..75325.65 rows=17502 width=26) (actual time=743.016..1259.006 rows=191129 loops=1)
                           Filter: ((c_acctbal > $0) AND (SUBSTRING(c_phone FROM 1 FOR 2) = ANY ('{21,29,26,34,14,15,17}'::text[])))
                           Rows Removed by Filter: 1308871
                     ->  Index Only Scan using idx_orders_custkey on orders  (cost=0.43..2.17 rows=18 width=4) (actual time=0.001..0.001 rows=1 loops=191129)
                           Index Cond: (o_custkey = customer.c_custkey)
                           Heap Fetches: 0
 Planning Time: 0.871 ms
 Execution Time: 1578.883 ms
(20 rows)

