query 1 run 1
SET
SET
SET
                                                                 QUERY PLAN                                                                  
---------------------------------------------------------------------------------------------------------------------------------------------
 Limit  (cost=3950332.53..3950332.53 rows=1 width=236) (actual time=80835.297..80835.298 rows=1 loops=1)
   ->  Sort  (cost=3950332.53..3950332.54 rows=6 width=236) (actual time=80835.295..80835.296 rows=1 loops=1)
         Sort Key: l_returnflag, l_linestatus
         Sort Method: top-N heapsort  Memory: 25kB
         ->  HashAggregate  (cost=3950332.33..3950332.50 rows=6 width=236) (actual time=80834.513..80834.520 rows=4 loops=1)
               Group Key: l_returnflag, l_linestatus
               Batches: 1  Memory Usage: 32kB
               ->  Seq Scan on lineitem  (cost=0.00..1874975.80 rows=59295901 width=25) (actual time=0.465..12096.662 rows=59284448 loops=1)
                     Filter: (l_shipdate <= '1998-09-10 00:00:00'::timestamp without time zone)
                     Rows Removed by Filter: 701604
 Planning Time: 14.636 ms
 Execution Time: 80835.646 ms
(12 rows)

SET
SET
SET
                                                                 QUERY PLAN                                                                  
---------------------------------------------------------------------------------------------------------------------------------------------
 Limit  (cost=3950332.53..3950332.53 rows=1 width=236) (actual time=77985.420..77985.422 rows=1 loops=1)
   ->  Sort  (cost=3950332.53..3950332.54 rows=6 width=236) (actual time=77985.419..77985.420 rows=1 loops=1)
         Sort Key: l_returnflag, l_linestatus
         Sort Method: top-N heapsort  Memory: 25kB
         ->  HashAggregate  (cost=3950332.33..3950332.50 rows=6 width=236) (actual time=77985.390..77985.397 rows=4 loops=1)
               Group Key: l_returnflag, l_linestatus
               Batches: 1  Memory Usage: 32kB
               ->  Seq Scan on lineitem  (cost=0.00..1874975.80 rows=59295901 width=25) (actual time=0.020..10280.803 rows=59284448 loops=1)
                     Filter: (l_shipdate <= '1998-09-10 00:00:00'::timestamp without time zone)
                     Rows Removed by Filter: 701604
 Planning Time: 0.549 ms
 Execution Time: 77985.476 ms
(12 rows)

query 2 run 1
SET
SET
SET
                                                                                        QUERY PLAN                                                                                         
-------------------------------------------------------------------------------------------------------------------------------------------------------------------------------------------
 Limit  (cost=1125048.82..1125048.83 rows=1 width=192) (actual time=4971.235..4971.250 rows=100 loops=1)
   ->  Sort  (cost=1125048.82..1125048.83 rows=1 width=192) (actual time=4971.233..4971.243 rows=100 loops=1)
         Sort Key: supplier.s_acctbal DESC, nation.n_name, supplier.s_name, part.p_partkey
         Sort Method: top-N heapsort  Memory: 71kB
         ->  Merge Join  (cost=549830.13..1125048.81 rows=1 width=192) (actual time=3163.157..4967.946 rows=4737 loops=1)
               Merge Cond: (part.p_partkey = partsupp.ps_partkey)
               Join Filter: (partsupp.ps_supplycost = (SubPlan 1))
               Rows Removed by Join Filter: 1661
               ->  Index Scan using part_pkey on part  (cost=0.43..89212.59 rows=9221 width=30) (actual time=0.490..783.364 rows=8046 loops=1)
                     Filter: (((p_type)::text ~~ '%NICKEL'::text) AND (p_size = 16))
                     Rows Removed by Filter: 1991954
               ->  Materialize  (cost=549820.02..557584.71 rows=1552937 width=172) (actual time=3161.523..3620.256 rows=1603828 loops=1)
                     ->  Sort  (cost=549820.02..553702.36 rows=1552937 width=172) (actual time=3161.519..3444.397 rows=1603828 loops=1)
                           Sort Key: partsupp.ps_partkey
                           Sort Method: external merge  Disk: 293512kB
                           ->  Hash Join  (cost=4048.51..304820.60 rows=1552937 width=172) (actual time=44.274..2509.288 rows=1604080 loops=1)
                                 Hash Cond: (partsupp.ps_suppkey = supplier.s_suppkey)
                                 ->  Seq Scan on partsupp  (cost=0.00..255237.07 rows=8001507 width=14) (actual time=0.486..1078.276 rows=8000000 loops=1)
                                 ->  Hash  (cost=3798.51..3798.51 rows=20000 width=166) (actual time=43.750..43.753 rows=20051 loops=1)
                                       Buckets: 32768  Batches: 1  Memory Usage: 4211kB
                                       ->  Hash Join  (cost=2.51..3798.51 rows=20000 width=166) (actual time=0.657..37.994 rows=20051 loops=1)
                                             Hash Cond: (supplier.s_nationkey = nation.n_nationkey)
                                             ->  Seq Scan on supplier  (cost=0.00..3221.00 rows=100000 width=144) (actual time=0.248..25.218 rows=100000 loops=1)
                                             ->  Hash  (cost=2.45..2.45 rows=5 width=30) (actual time=0.402..0.404 rows=5 loops=1)
                                                   Buckets: 1024  Batches: 1  Memory Usage: 9kB
                                                   ->  Hash Join  (cost=1.07..2.45 rows=5 width=30) (actual time=0.391..0.401 rows=5 loops=1)
                                                         Hash Cond: (nation.n_regionkey = region.r_regionkey)
                                                         ->  Seq Scan on nation  (cost=0.00..1.25 rows=25 width=34) (actual time=0.190..0.193 rows=25 loops=1)
                                                         ->  Hash  (cost=1.06..1.06 rows=1 width=4) (actual time=0.193..0.194 rows=1 loops=1)
                                                               Buckets: 1024  Batches: 1  Memory Usage: 9kB
                                                               ->  Seq Scan on region  (cost=0.00..1.06 rows=1 width=4) (actual time=0.188..0.190 rows=1 loops=1)
                                                                     Filter: (r_name = 'AMERICA'::bpchar)
                                                                     Rows Removed by Filter: 4
               SubPlan 1
                 ->  Aggregate  (cost=66.23..66.24 rows=1 width=32) (actual time=0.059..0.059 rows=1 loops=6398)
                       ->  Nested Loop  (cost=2.29..66.22 rows=3 width=6) (actual time=0.049..0.057 rows=2 loops=6398)
                             Join Filter: (nation_1.n_regionkey = region_1.r_regionkey)
                             Rows Removed by Join Filter: 2
                             ->  Seq Scan on region region_1  (cost=0.00..1.06 rows=1 width=4) (actual time=0.001..0.001 rows=1 loops=6398)
                                   Filter: (r_name = 'AMERICA'::bpchar)
                                   Rows Removed by Filter: 4
                             ->  Hash Join  (cost=2.29..64.95 rows=17 width=10) (actual time=0.043..0.055 rows=4 loops=6398)
                                   Hash Cond: (supplier_1.s_nationkey = nation_1.n_nationkey)
                                   ->  Nested Loop  (cost=0.72..63.33 rows=17 width=10) (actual time=0.043..0.053 rows=4 loops=6398)
                                         ->  Index Scan using idx_partsupp_partkey on partsupp partsupp_1  (cost=0.43..3.75 rows=18 width=10) (actual time=0.038..0.039 rows=4 loops=6398)
                                               Index Cond: (ps_partkey = part.p_partkey)
                                         ->  Index Scan using supplier_pkey on supplier supplier_1  (cost=0.29..3.31 rows=1 width=8) (actual time=0.003..0.003 rows=1 loops=25592)
                                               Index Cond: (s_suppkey = partsupp_1.ps_suppkey)
                                   ->  Hash  (cost=1.25..1.25 rows=25 width=8) (actual time=0.011..0.011 rows=25 loops=1)
                                         Buckets: 1024  Batches: 1  Memory Usage: 9kB
                                         ->  Seq Scan on nation nation_1  (cost=0.00..1.25 rows=25 width=8) (actual time=0.003..0.006 rows=25 loops=1)
 Planning Time: 19.682 ms
 Execution Time: 5009.023 ms
(53 rows)

SET
SET
SET
                                                                                        QUERY PLAN                                                                                         
-------------------------------------------------------------------------------------------------------------------------------------------------------------------------------------------
 Limit  (cost=1125048.82..1125048.83 rows=1 width=192) (actual time=3903.604..3903.620 rows=100 loops=1)
   ->  Sort  (cost=1125048.82..1125048.83 rows=1 width=192) (actual time=3903.603..3903.612 rows=100 loops=1)
         Sort Key: supplier.s_acctbal DESC, nation.n_name, supplier.s_name, part.p_partkey
         Sort Method: top-N heapsort  Memory: 71kB
         ->  Merge Join  (cost=549830.13..1125048.81 rows=1 width=192) (actual time=2711.097..3901.037 rows=4737 loops=1)
               Merge Cond: (part.p_partkey = partsupp.ps_partkey)
               Join Filter: (partsupp.ps_supplycost = (SubPlan 1))
               Rows Removed by Join Filter: 1661
               ->  Index Scan using part_pkey on part  (cost=0.43..89212.59 rows=9221 width=30) (actual time=0.023..472.042 rows=8046 loops=1)
                     Filter: (((p_type)::text ~~ '%NICKEL'::text) AND (p_size = 16))
                     Rows Removed by Filter: 1991954
               ->  Materialize  (cost=549820.02..557584.71 rows=1552937 width=172) (actual time=2710.978..3145.622 rows=1603828 loops=1)
                     ->  Sort  (cost=549820.02..553702.36 rows=1552937 width=172) (actual time=2710.976..2972.770 rows=1603828 loops=1)
                           Sort Key: partsupp.ps_partkey
                           Sort Method: external merge  Disk: 293512kB
                           ->  Hash Join  (cost=4048.51..304820.60 rows=1552937 width=172) (actual time=26.522..2081.140 rows=1604080 loops=1)
                                 Hash Cond: (partsupp.ps_suppkey = supplier.s_suppkey)
                                 ->  Seq Scan on partsupp  (cost=0.00..255237.07 rows=8001507 width=14) (actual time=0.032..775.647 rows=8000000 loops=1)
                                 ->  Hash  (cost=3798.51..3798.51 rows=20000 width=166) (actual time=26.469..26.472 rows=20051 loops=1)
                                       Buckets: 32768  Batches: 1  Memory Usage: 4211kB
                                       ->  Hash Join  (cost=2.51..3798.51 rows=20000 width=166) (actual time=0.028..21.244 rows=20051 loops=1)
                                             Hash Cond: (supplier.s_nationkey = nation.n_nationkey)
                                             ->  Seq Scan on supplier  (cost=0.00..3221.00 rows=100000 width=144) (actual time=0.002..5.978 rows=100000 loops=1)
                                             ->  Hash  (cost=2.45..2.45 rows=5 width=30) (actual time=0.023..0.025 rows=5 loops=1)
                                                   Buckets: 1024  Batches: 1  Memory Usage: 9kB
                                                   ->  Hash Join  (cost=1.07..2.45 rows=5 width=30) (actual time=0.018..0.023 rows=5 loops=1)
                                                         Hash Cond: (nation.n_regionkey = region.r_regionkey)
                                                         ->  Seq Scan on nation  (cost=0.00..1.25 rows=25 width=34) (actual time=0.001..0.003 rows=25 loops=1)
                                                         ->  Hash  (cost=1.06..1.06 rows=1 width=4) (actual time=0.013..0.014 rows=1 loops=1)
                                                               Buckets: 1024  Batches: 1  Memory Usage: 9kB
                                                               ->  Seq Scan on region  (cost=0.00..1.06 rows=1 width=4) (actual time=0.003..0.005 rows=1 loops=1)
                                                                     Filter: (r_name = 'AMERICA'::bpchar)
                                                                     Rows Removed by Filter: 4
               SubPlan 1
                 ->  Aggregate  (cost=66.23..66.24 rows=1 width=32) (actual time=0.016..0.016 rows=1 loops=6398)
                       ->  Nested Loop  (cost=2.29..66.22 rows=3 width=6) (actual time=0.009..0.015 rows=2 loops=6398)
                             Join Filter: (nation_1.n_regionkey = region_1.r_regionkey)
                             Rows Removed by Join Filter: 2
                             ->  Seq Scan on region region_1  (cost=0.00..1.06 rows=1 width=4) (actual time=0.001..0.001 rows=1 loops=6398)
                                   Filter: (r_name = 'AMERICA'::bpchar)
                                   Rows Removed by Filter: 4
                             ->  Hash Join  (cost=2.29..64.95 rows=17 width=10) (actual time=0.005..0.013 rows=4 loops=6398)
                                   Hash Cond: (supplier_1.s_nationkey = nation_1.n_nationkey)
                                   ->  Nested Loop  (cost=0.72..63.33 rows=17 width=10) (actual time=0.005..0.012 rows=4 loops=6398)
                                         ->  Index Scan using idx_partsupp_partkey on partsupp partsupp_1  (cost=0.43..3.75 rows=18 width=10) (actual time=0.002..0.003 rows=4 loops=6398)
                                               Index Cond: (ps_partkey = part.p_partkey)
                                         ->  Index Scan using supplier_pkey on supplier supplier_1  (cost=0.29..3.31 rows=1 width=8) (actual time=0.002..0.002 rows=1 loops=25592)
                                               Index Cond: (s_suppkey = partsupp_1.ps_suppkey)
                                   ->  Hash  (cost=1.25..1.25 rows=25 width=8) (actual time=0.011..0.011 rows=25 loops=1)
                                         Buckets: 1024  Batches: 1  Memory Usage: 9kB
                                         ->  Seq Scan on nation nation_1  (cost=0.00..1.25 rows=25 width=8) (actual time=0.003..0.006 rows=25 loops=1)
 Planning Time: 2.071 ms
 Execution Time: 3940.188 ms
(53 rows)

query 3 run 1
SET
SET
SET
                                                                                     QUERY PLAN                                                                                      
-------------------------------------------------------------------------------------------------------------------------------------------------------------------------------------
 Limit  (cost=3183181.64..3183181.67 rows=10 width=44) (actual time=27872.901..27872.906 rows=10 loops=1)
   ->  Sort  (cost=3183181.64..3191042.91 rows=3144505 width=44) (actual time=27872.899..27872.903 rows=10 loops=1)
         Sort Key: (sum((lineitem.l_extendedprice * ('1'::numeric - lineitem.l_discount)))) DESC, orders.o_orderdate
         Sort Method: top-N heapsort  Memory: 26kB
         ->  HashAggregate  (cost=3039074.04..3115230.02 rows=3144505 width=44) (actual time=27806.413..27853.165 rows=113934 loops=1)
               Group Key: lineitem.l_orderkey, orders.o_orderdate, orders.o_shippriority
               Planned Partitions: 16  Batches: 1  Memory Usage: 53265kB
               ->  Hash Join  (cost=519836.75..2873741.86 rows=3144505 width=24) (actual time=9644.360..27593.582 rows=301530 loops=1)
                     Hash Cond: (lineitem.l_orderkey = orders.o_orderkey)
                     ->  Seq Scan on lineitem  (cost=0.00..1874975.80 rows=32585670 width=16) (actual time=0.503..11360.891 rows=32534229 loops=1)
                           Filter: (l_shipdate > '1995-03-07'::date)
                           Rows Removed by Filter: 27451823
                     ->  Hash  (cost=494677.19..494677.19 rows=1447325 width=12) (actual time=9640.503..9640.505 rows=1451805 loops=1)
                           Buckets: 2097152  Batches: 2  Memory Usage: 47606kB
                           ->  Hash Join  (cost=123863.99..494677.19 rows=1447325 width=12) (actual time=1056.326..9292.630 rows=1451805 loops=1)
                                 Hash Cond: (orders.o_custkey = customer.c_custkey)
                                 ->  Bitmap Heap Scan on orders  (cost=65420.50..417221.68 rows=7242654 width=16) (actual time=542.957..7068.890 rows=7239437 loops=1)
                                       Recheck Cond: (o_orderdate < '1995-03-07'::date)
                                       Heap Blocks: exact=261268
                                       ->  Bitmap Index Scan on idx_orders_orderdate  (cost=0.00..63609.84 rows=7242654 width=0) (actual time=492.152..492.152 rows=7239437 loops=1)
                                             Index Cond: (o_orderdate < '1995-03-07'::date)
                                 ->  Hash  (cost=54696.68..54696.68 rows=299745 width=4) (actual time=512.580..512.581 rows=300276 loops=1)
                                       Buckets: 524288  Batches: 1  Memory Usage: 14653kB
                                       ->  Seq Scan on customer  (cost=0.00..54696.68 rows=299745 width=4) (actual time=0.295..459.252 rows=300276 loops=1)
                                             Filter: (c_mktsegment = 'BUILDING'::bpchar)
                                             Rows Removed by Filter: 1199724
 Planning Time: 17.839 ms
 Execution Time: 27874.871 ms
(28 rows)

SET
SET
SET
                                                                                     QUERY PLAN                                                                                      
-------------------------------------------------------------------------------------------------------------------------------------------------------------------------------------
 Limit  (cost=3183181.64..3183181.67 rows=10 width=44) (actual time=20630.733..20630.738 rows=10 loops=1)
   ->  Sort  (cost=3183181.64..3191042.91 rows=3144505 width=44) (actual time=20630.731..20630.735 rows=10 loops=1)
         Sort Key: (sum((lineitem.l_extendedprice * ('1'::numeric - lineitem.l_discount)))) DESC, orders.o_orderdate
         Sort Method: top-N heapsort  Memory: 26kB
         ->  HashAggregate  (cost=3039074.04..3115230.02 rows=3144505 width=44) (actual time=20564.360..20610.899 rows=113934 loops=1)
               Group Key: lineitem.l_orderkey, orders.o_orderdate, orders.o_shippriority
               Planned Partitions: 16  Batches: 1  Memory Usage: 53265kB
               ->  Hash Join  (cost=519836.75..2873741.86 rows=3144505 width=24) (actual time=4580.041..20361.791 rows=301530 loops=1)
                     Hash Cond: (lineitem.l_orderkey = orders.o_orderkey)
                     ->  Seq Scan on lineitem  (cost=0.00..1874975.80 rows=32585670 width=16) (actual time=0.034..9360.628 rows=32534229 loops=1)
                           Filter: (l_shipdate > '1995-03-07'::date)
                           Rows Removed by Filter: 27451823
                     ->  Hash  (cost=494677.19..494677.19 rows=1447325 width=12) (actual time=4577.183..4577.185 rows=1451805 loops=1)
                           Buckets: 2097152  Batches: 2  Memory Usage: 47606kB
                           ->  Hash Join  (cost=123863.99..494677.19 rows=1447325 width=12) (actual time=891.488..4304.901 rows=1451805 loops=1)
                                 Hash Cond: (orders.o_custkey = customer.c_custkey)
                                 ->  Bitmap Heap Scan on orders  (cost=65420.50..417221.68 rows=7242654 width=16) (actual time=512.003..2407.047 rows=7239437 loops=1)
                                       Recheck Cond: (o_orderdate < '1995-03-07'::date)
                                       Heap Blocks: exact=261268
                                       ->  Bitmap Index Scan on idx_orders_orderdate  (cost=0.00..63609.84 rows=7242654 width=0) (actual time=461.794..461.794 rows=7239437 loops=1)
                                             Index Cond: (o_orderdate < '1995-03-07'::date)
                                 ->  Hash  (cost=54696.68..54696.68 rows=299745 width=4) (actual time=378.709..378.710 rows=300276 loops=1)
                                       Buckets: 524288  Batches: 1  Memory Usage: 14653kB
                                       ->  Seq Scan on customer  (cost=0.00..54696.68 rows=299745 width=4) (actual time=0.030..328.314 rows=300276 loops=1)
                                             Filter: (c_mktsegment = 'BUILDING'::bpchar)
                                             Rows Removed by Filter: 1199724
 Planning Time: 1.341 ms
 Execution Time: 20632.050 ms
(28 rows)

query 4 run 1
SET
SET
SET
                                                                             QUERY PLAN                                                                             
--------------------------------------------------------------------------------------------------------------------------------------------------------------------
 Limit  (cost=2104753.02..2104753.02 rows=1 width=24) (actual time=20099.883..20099.885 rows=1 loops=1)
   ->  Sort  (cost=2104753.02..2104753.03 rows=5 width=24) (actual time=20099.882..20099.883 rows=1 loops=1)
         Sort Key: orders.o_orderpriority
         Sort Method: top-N heapsort  Memory: 25kB
         ->  HashAggregate  (cost=2104752.94..2104752.99 rows=5 width=24) (actual time=20099.851..20099.853 rows=5 loops=1)
               Group Key: orders.o_orderpriority
               Batches: 1  Memory Usage: 24kB
               ->  Nested Loop Semi Join  (cost=6609.93..2101887.92 rows=573005 width=16) (actual time=110.529..19770.361 rows=513822 loops=1)
                     ->  Bitmap Heap Scan on orders  (cost=6609.36..276473.35 rows=573066 width=20) (actual time=110.110..6650.185 rows=560424 loops=1)
                           Recheck Cond: ((o_orderdate >= '1993-12-01'::date) AND (o_orderdate < '1994-03-01'::date))
                           Heap Blocks: exact=231887
                           ->  Bitmap Index Scan on idx_orders_orderdate  (cost=0.00..6466.10 rows=573066 width=0) (actual time=64.775..64.776 rows=560424 loops=1)
                                 Index Cond: ((o_orderdate >= '1993-12-01'::date) AND (o_orderdate < '1994-03-01'::date))
                     ->  Index Scan using idx_lineitem_orderkey on lineitem  (cost=0.56..3.61 rows=1 width=4) (actual time=0.023..0.023 rows=1 loops=560424)
                           Index Cond: (l_orderkey = orders.o_orderkey)
                           Filter: (l_commitdate < l_receiptdate)
                           Rows Removed by Filter: 1
 Planning Time: 17.365 ms
 Execution Time: 20100.962 ms
(19 rows)

SET
SET
SET
                                                                             QUERY PLAN                                                                             
--------------------------------------------------------------------------------------------------------------------------------------------------------------------
 Limit  (cost=2104753.02..2104753.02 rows=1 width=24) (actual time=4583.123..4583.125 rows=1 loops=1)
   ->  Sort  (cost=2104753.02..2104753.03 rows=5 width=24) (actual time=4583.123..4583.124 rows=1 loops=1)
         Sort Key: orders.o_orderpriority
         Sort Method: top-N heapsort  Memory: 25kB
         ->  HashAggregate  (cost=2104752.94..2104752.99 rows=5 width=24) (actual time=4583.102..4583.104 rows=5 loops=1)
               Group Key: orders.o_orderpriority
               Batches: 1  Memory Usage: 24kB
               ->  Nested Loop Semi Join  (cost=6609.93..2101887.92 rows=573005 width=16) (actual time=109.086..4377.247 rows=513822 loops=1)
                     ->  Bitmap Heap Scan on orders  (cost=6609.36..276473.35 rows=573066 width=20) (actual time=109.058..1197.168 rows=560424 loops=1)
                           Recheck Cond: ((o_orderdate >= '1993-12-01'::date) AND (o_orderdate < '1994-03-01'::date))
                           Heap Blocks: exact=231887
                           ->  Bitmap Index Scan on idx_orders_orderdate  (cost=0.00..6466.10 rows=573066 width=0) (actual time=64.352..64.352 rows=560424 loops=1)
                                 Index Cond: ((o_orderdate >= '1993-12-01'::date) AND (o_orderdate < '1994-03-01'::date))
                     ->  Index Scan using idx_lineitem_orderkey on lineitem  (cost=0.56..3.61 rows=1 width=4) (actual time=0.005..0.005 rows=1 loops=560424)
                           Index Cond: (l_orderkey = orders.o_orderkey)
                           Filter: (l_commitdate < l_receiptdate)
                           Rows Removed by Filter: 1
 Planning Time: 1.179 ms
 Execution Time: 4583.195 ms
(19 rows)

query 5 run 1
SET
SET
SET
                                                                                        QUERY PLAN                                                                                         
-------------------------------------------------------------------------------------------------------------------------------------------------------------------------------------------
 Limit  (cost=2050036.96..2050036.96 rows=1 width=58) (actual time=23243.187..23243.193 rows=1 loops=1)
   ->  Sort  (cost=2050036.96..2050037.02 rows=25 width=58) (actual time=23243.185..23243.191 rows=1 loops=1)
         Sort Key: (sum((lineitem.l_extendedprice * ('1'::numeric - lineitem.l_discount)))) DESC
         Sort Method: top-N heapsort  Memory: 25kB
         ->  GroupAggregate  (cost=2049140.41..2050036.83 rows=25 width=58) (actual time=23216.059..23243.162 rows=5 loops=1)
               Group Key: nation.n_name
               ->  Sort  (cost=2049140.41..2049319.63 rows=71689 width=38) (actual time=23209.441..23212.647 rows=72033 loops=1)
                     Sort Key: nation.n_name
                     Sort Method: quicksort  Memory: 8700kB
                     ->  Hash Join  (cost=93885.39..2043358.88 rows=71689 width=38) (actual time=880.669..23160.974 rows=72033 loops=1)
                           Hash Cond: ((lineitem.l_suppkey = supplier.s_suppkey) AND (customer.c_nationkey = supplier.s_nationkey))
                           ->  Nested Loop  (cost=89164.39..2029228.67 rows=1792228 width=50) (actual time=831.487..22670.263 rows=1815327 loops=1)
                                 ->  Hash Join  (cost=89163.82..396922.66 rows=448104 width=38) (actual time=830.670..8503.085 rows=453399 loops=1)
                                       Hash Cond: (orders.o_custkey = customer.c_custkey)
                                       ->  Bitmap Heap Scan on orders  (cost=25839.79..320715.62 rows=2240522 width=8) (actual time=225.691..7191.988 rows=2276638 loops=1)
                                             Recheck Cond: ((o_orderdate >= '1993-01-01'::date) AND (o_orderdate < '1994-01-01'::date))
                                             Heap Blocks: exact=261246
                                             ->  Bitmap Index Scan on idx_orders_orderdate  (cost=0.00..25279.66 rows=2240522 width=0) (actual time=174.900..174.901 rows=2276638 loops=1)
                                                   Index Cond: ((o_orderdate >= '1993-01-01'::date) AND (o_orderdate < '1994-01-01'::date))
                                       ->  Hash  (cost=59574.10..59574.10 rows=299995 width=38) (actual time=604.533..604.536 rows=299436 loops=1)
                                             Buckets: 524288  Batches: 1  Memory Usage: 25151kB
                                             ->  Hash Join  (cost=2.51..59574.10 rows=299995 width=38) (actual time=1.071..540.094 rows=299436 loops=1)
                                                   Hash Cond: (customer.c_nationkey = nation.n_nationkey)
                                                   ->  Seq Scan on customer  (cost=0.00..50946.74 rows=1499974 width=8) (actual time=0.393..369.645 rows=1500000 loops=1)
                                                   ->  Hash  (cost=2.45..2.45 rows=5 width=30) (actual time=0.669..0.671 rows=5 loops=1)
                                                         Buckets: 1024  Batches: 1  Memory Usage: 9kB
                                                         ->  Hash Join  (cost=1.07..2.45 rows=5 width=30) (actual time=0.663..0.669 rows=5 loops=1)
                                                               Hash Cond: (nation.n_regionkey = region.r_regionkey)
                                                               ->  Seq Scan on nation  (cost=0.00..1.25 rows=25 width=34) (actual time=0.325..0.326 rows=25 loops=1)
                                                               ->  Hash  (cost=1.06..1.06 rows=1 width=4) (actual time=0.331..0.332 rows=1 loops=1)
                                                                     Buckets: 1024  Batches: 1  Memory Usage: 9kB
                                                                     ->  Seq Scan on region  (cost=0.00..1.06 rows=1 width=4) (actual time=0.326..0.328 rows=1 loops=1)
                                                                           Filter: (r_name = 'AMERICA'::bpchar)
                                                                           Rows Removed by Filter: 4
                                 ->  Index Scan using idx_lineitem_orderkey on lineitem  (cost=0.56..3.60 rows=4 width=20) (actual time=0.028..0.030 rows=4 loops=453399)
                                       Index Cond: (l_orderkey = orders.o_orderkey)
                           ->  Hash  (cost=3221.00..3221.00 rows=100000 width=8) (actual time=43.603..43.603 rows=100000 loops=1)
                                 Buckets: 131072  Batches: 1  Memory Usage: 4931kB
                                 ->  Seq Scan on supplier  (cost=0.00..3221.00 rows=100000 width=8) (actual time=0.228..28.284 rows=100000 loops=1)
 Planning Time: 22.485 ms
 Execution Time: 23244.127 ms
(41 rows)

SET
SET
SET
                                                                                        QUERY PLAN                                                                                         
-------------------------------------------------------------------------------------------------------------------------------------------------------------------------------------------
 Limit  (cost=2050036.96..2050036.96 rows=1 width=58) (actual time=6060.188..6060.195 rows=1 loops=1)
   ->  Sort  (cost=2050036.96..2050037.02 rows=25 width=58) (actual time=6060.187..6060.193 rows=1 loops=1)
         Sort Key: (sum((lineitem.l_extendedprice * ('1'::numeric - lineitem.l_discount)))) DESC
         Sort Method: top-N heapsort  Memory: 25kB
         ->  GroupAggregate  (cost=2049140.41..2050036.83 rows=25 width=58) (actual time=6032.984..6060.170 rows=5 loops=1)
               Group Key: nation.n_name
               ->  Sort  (cost=2049140.41..2049319.63 rows=71689 width=38) (actual time=6026.122..6029.481 rows=72033 loops=1)
                     Sort Key: nation.n_name
                     Sort Method: quicksort  Memory: 8700kB
                     ->  Hash Join  (cost=93885.39..2043358.88 rows=71689 width=38) (actual time=724.382..5993.510 rows=72033 loops=1)
                           Hash Cond: ((lineitem.l_suppkey = supplier.s_suppkey) AND (customer.c_nationkey = supplier.s_nationkey))
                           ->  Nested Loop  (cost=89164.39..2029228.67 rows=1792228 width=50) (actual time=685.772..5571.436 rows=1815327 loops=1)
                                 ->  Hash Join  (cost=89163.82..396922.66 rows=448104 width=38) (actual time=685.544..2581.681 rows=453399 loops=1)
                                       Hash Cond: (orders.o_custkey = customer.c_custkey)
                                       ->  Bitmap Heap Scan on orders  (cost=25839.79..320715.62 rows=2240522 width=8) (actual time=213.669..1532.894 rows=2276638 loops=1)
                                             Recheck Cond: ((o_orderdate >= '1993-01-01'::date) AND (o_orderdate < '1994-01-01'::date))
                                             Heap Blocks: exact=261246
                                             ->  Bitmap Index Scan on idx_orders_orderdate  (cost=0.00..25279.66 rows=2240522 width=0) (actual time=163.527..163.527 rows=2276638 loops=1)
                                                   Index Cond: ((o_orderdate >= '1993-01-01'::date) AND (o_orderdate < '1994-01-01'::date))
                                       ->  Hash  (cost=59574.10..59574.10 rows=299995 width=38) (actual time=471.538..471.541 rows=299436 loops=1)
                                             Buckets: 524288  Batches: 1  Memory Usage: 25151kB
                                             ->  Hash Join  (cost=2.51..59574.10 rows=299995 width=38) (actual time=0.058..410.493 rows=299436 loops=1)
                                                   Hash Cond: (customer.c_nationkey = nation.n_nationkey)
                                                   ->  Seq Scan on customer  (cost=0.00..50946.74 rows=1499974 width=8) (actual time=0.020..247.873 rows=1500000 loops=1)
                                                   ->  Hash  (cost=2.45..2.45 rows=5 width=30) (actual time=0.031..0.033 rows=5 loops=1)
                                                         Buckets: 1024  Batches: 1  Memory Usage: 9kB
                                                         ->  Hash Join  (cost=1.07..2.45 rows=5 width=30) (actual time=0.026..0.032 rows=5 loops=1)
                                                               Hash Cond: (nation.n_regionkey = region.r_regionkey)
                                                               ->  Seq Scan on nation  (cost=0.00..1.25 rows=25 width=34) (actual time=0.007..0.009 rows=25 loops=1)
                                                               ->  Hash  (cost=1.06..1.06 rows=1 width=4) (actual time=0.014..0.015 rows=1 loops=1)
                                                                     Buckets: 1024  Batches: 1  Memory Usage: 9kB
                                                                     ->  Seq Scan on region  (cost=0.00..1.06 rows=1 width=4) (actual time=0.011..0.012 rows=1 loops=1)
                                                                           Filter: (r_name = 'AMERICA'::bpchar)
                                                                           Rows Removed by Filter: 4
                                 ->  Index Scan using idx_lineitem_orderkey on lineitem  (cost=0.56..3.60 rows=4 width=20) (actual time=0.005..0.006 rows=4 loops=453399)
                                       Index Cond: (l_orderkey = orders.o_orderkey)
                           ->  Hash  (cost=3221.00..3221.00 rows=100000 width=8) (actual time=38.368..38.368 rows=100000 loops=1)
                                 Buckets: 131072  Batches: 1  Memory Usage: 4931kB
                                 ->  Seq Scan on supplier  (cost=0.00..3221.00 rows=100000 width=8) (actual time=0.014..21.338 rows=100000 loops=1)
 Planning Time: 3.928 ms
 Execution Time: 6060.615 ms
(41 rows)

query 6 run 1
SET
SET
SET
                                                                                                          QUERY PLAN                                                                                                           
-------------------------------------------------------------------------------------------------------------------------------------------------------------------------------------------------------------------------------
 Limit  (cost=1985117.21..1985117.22 rows=1 width=32) (actual time=21239.910..21239.911 rows=1 loops=1)
   ->  Aggregate  (cost=1985117.21..1985117.22 rows=1 width=32) (actual time=21239.908..21239.909 rows=1 loops=1)
         ->  Bitmap Heap Scan on lineitem  (cost=213397.79..1979024.62 rows=1218517 width=12) (actual time=1326.992..20611.773 rows=1194558 loops=1)
               Recheck Cond: ((l_shipdate >= '1993-01-01'::date) AND (l_shipdate < '1994-01-01 00:00:00'::timestamp without time zone) AND (l_discount >= 0.06) AND (l_discount <= 0.08) AND (l_quantity < '25'::numeric))
               Rows Removed by Index Recheck: 13724091
               Heap Blocks: exact=395900 lossy=267068
               ->  Bitmap Index Scan on idx_lineitem_shipdate  (cost=0.00..213093.16 rows=1218517 width=0) (actual time=1244.762..1244.763 rows=1194558 loops=1)
                     Index Cond: ((l_shipdate >= '1993-01-01'::date) AND (l_shipdate < '1994-01-01 00:00:00'::timestamp without time zone) AND (l_discount >= 0.06) AND (l_discount <= 0.08) AND (l_quantity < '25'::numeric))
 Planning Time: 12.908 ms
 Execution Time: 21241.579 ms
(10 rows)

SET
SET
SET
                                                                                                          QUERY PLAN                                                                                                           
-------------------------------------------------------------------------------------------------------------------------------------------------------------------------------------------------------------------------------
 Limit  (cost=1985117.21..1985117.22 rows=1 width=32) (actual time=6385.641..6385.642 rows=1 loops=1)
   ->  Aggregate  (cost=1985117.21..1985117.22 rows=1 width=32) (actual time=6385.639..6385.640 rows=1 loops=1)
         ->  Bitmap Heap Scan on lineitem  (cost=213397.79..1979024.62 rows=1218517 width=12) (actual time=1166.129..6001.486 rows=1194558 loops=1)
               Recheck Cond: ((l_shipdate >= '1993-01-01'::date) AND (l_shipdate < '1994-01-01 00:00:00'::timestamp without time zone) AND (l_discount >= 0.06) AND (l_discount <= 0.08) AND (l_quantity < '25'::numeric))
               Rows Removed by Index Recheck: 13724091
               Heap Blocks: exact=395900 lossy=267068
               ->  Bitmap Index Scan on idx_lineitem_shipdate  (cost=0.00..213093.16 rows=1218517 width=0) (actual time=1084.401..1084.401 rows=1194558 loops=1)
                     Index Cond: ((l_shipdate >= '1993-01-01'::date) AND (l_shipdate < '1994-01-01 00:00:00'::timestamp without time zone) AND (l_discount >= 0.06) AND (l_discount <= 0.08) AND (l_quantity < '25'::numeric))
 Planning Time: 0.865 ms
 Execution Time: 6385.844 ms
(10 rows)

query 7 run 1
SET
SET
SET
                                                                                 QUERY PLAN                                                                                  
-----------------------------------------------------------------------------------------------------------------------------------------------------------------------------
 Limit  (cost=2718801.06..2718801.18 rows=1 width=116) (actual time=19109.952..19109.958 rows=1 loops=1)
   ->  GroupAggregate  (cost=2718801.06..2720021.94 rows=10048 width=116) (actual time=19109.951..19109.956 rows=1 loops=1)
         Group Key: n1.n_name, n2.n_name, (EXTRACT(year FROM lineitem.l_shipdate))
         ->  Sort  (cost=2718801.06..2718953.94 rows=61152 width=96) (actual time=19101.132..19101.834 rows=14421 loops=1)
               Sort Key: n1.n_name, n2.n_name, (EXTRACT(year FROM lineitem.l_shipdate))
               Sort Method: quicksort  Memory: 7858kB
               ->  Hash Join  (cost=563376.17..2713939.44 rows=61152 width=96) (actual time=5222.794..19065.775 rows=57794 loops=1)
                     Hash Cond: (lineitem.l_orderkey = orders.o_orderkey)
                     Join Filter: (((n1.n_name = 'PERU'::bpchar) AND (n2.n_name = 'MOROCCO'::bpchar)) OR ((n1.n_name = 'MOROCCO'::bpchar) AND (n2.n_name = 'PERU'::bpchar)))
                     Rows Removed by Join Filter: 58158
                     ->  Hash Join  (cost=3629.40..2112145.37 rows=1469426 width=46) (actual time=36.385..13188.366 rows=1455694 loops=1)
                           Hash Cond: (lineitem.l_suppkey = supplier.s_suppkey)
                           ->  Seq Scan on lineitem  (cost=0.00..2024942.36 rows=18367826 width=24) (actual time=0.451..10889.527 rows=18230325 loops=1)
                                 Filter: ((l_shipdate >= '1995-01-01'::date) AND (l_shipdate <= '1996-12-31'::date))
                                 Rows Removed by Filter: 41755727
                           ->  Hash  (cost=3529.40..3529.40 rows=8000 width=30) (actual time=35.915..35.917 rows=7981 loops=1)
                                 Buckets: 8192  Batches: 1  Memory Usage: 548kB
                                 ->  Hash Join  (cost=1.40..3529.40 rows=8000 width=30) (actual time=0.507..34.484 rows=7981 loops=1)
                                       Hash Cond: (supplier.s_nationkey = n1.n_nationkey)
                                       ->  Seq Scan on supplier  (cost=0.00..3221.00 rows=100000 width=8) (actual time=0.261..24.176 rows=100000 loops=1)
                                       ->  Hash  (cost=1.38..1.38 rows=2 width=30) (actual time=0.235..0.236 rows=2 loops=1)
                                             Buckets: 1024  Batches: 1  Memory Usage: 9kB
                                             ->  Seq Scan on nation n1  (cost=0.00..1.38 rows=2 width=30) (actual time=0.226..0.230 rows=2 loops=1)
                                                   Filter: ((n_name = 'PERU'::bpchar) OR (n_name = 'MOROCCO'::bpchar))
                                                   Rows Removed by Filter: 23
                     ->  Hash  (cost=536545.52..536545.52 rows=1199860 width=30) (actual time=5182.766..5182.769 rows=1191175 loops=1)
                           Buckets: 1048576  Batches: 2  Memory Usage: 44259kB
                           ->  Hash Join  (cost=57053.04..536545.52 rows=1199860 width=30) (actual time=553.279..4919.973 rows=1191175 loops=1)
                                 Hash Cond: (orders.o_custkey = customer.c_custkey)
                                 ->  Seq Scan on orders  (cost=0.00..411250.46 rows=14998246 width=8) (actual time=0.778..1713.711 rows=15000000 loops=1)
                                 ->  Hash  (cost=55553.06..55553.06 rows=119998 width=30) (actual time=552.223..552.225 rows=119622 loops=1)
                                       Buckets: 131072  Batches: 1  Memory Usage: 8267kB
                                       ->  Hash Join  (cost=1.40..55553.06 rows=119998 width=30) (actual time=0.385..526.073 rows=119622 loops=1)
                                             Hash Cond: (customer.c_nationkey = n2.n_nationkey)
                                             ->  Seq Scan on customer  (cost=0.00..50946.74 rows=1499974 width=8) (actual time=0.362..374.670 rows=1500000 loops=1)
                                             ->  Hash  (cost=1.38..1.38 rows=2 width=30) (actual time=0.016..0.017 rows=2 loops=1)
                                                   Buckets: 1024  Batches: 1  Memory Usage: 9kB
                                                   ->  Seq Scan on nation n2  (cost=0.00..1.38 rows=2 width=30) (actual time=0.011..0.013 rows=2 loops=1)
                                                         Filter: ((n_name = 'MOROCCO'::bpchar) OR (n_name = 'PERU'::bpchar))
                                                         Rows Removed by Filter: 23
 Planning Time: 24.378 ms
 Execution Time: 19110.506 ms
(42 rows)

SET
SET
SET
                                                                                 QUERY PLAN                                                                                  
-----------------------------------------------------------------------------------------------------------------------------------------------------------------------------
 Limit  (cost=2718801.06..2718801.18 rows=1 width=116) (actual time=15746.285..15746.292 rows=1 loops=1)
   ->  GroupAggregate  (cost=2718801.06..2720021.94 rows=10048 width=116) (actual time=15746.284..15746.290 rows=1 loops=1)
         Group Key: n1.n_name, n2.n_name, (EXTRACT(year FROM lineitem.l_shipdate))
         ->  Sort  (cost=2718801.06..2718953.94 rows=61152 width=96) (actual time=15737.714..15738.410 rows=14421 loops=1)
               Sort Key: n1.n_name, n2.n_name, (EXTRACT(year FROM lineitem.l_shipdate))
               Sort Method: quicksort  Memory: 7858kB
               ->  Hash Join  (cost=563376.17..2713939.44 rows=61152 width=96) (actual time=4279.273..15704.055 rows=57794 loops=1)
                     Hash Cond: (lineitem.l_orderkey = orders.o_orderkey)
                     Join Filter: (((n1.n_name = 'PERU'::bpchar) AND (n2.n_name = 'MOROCCO'::bpchar)) OR ((n1.n_name = 'MOROCCO'::bpchar) AND (n2.n_name = 'PERU'::bpchar)))
                     Rows Removed by Join Filter: 58158
                     ->  Hash Join  (cost=3629.40..2112145.37 rows=1469426 width=46) (actual time=19.554..10804.408 rows=1455694 loops=1)
                           Hash Cond: (lineitem.l_suppkey = supplier.s_suppkey)
                           ->  Seq Scan on lineitem  (cost=0.00..2024942.36 rows=18367826 width=24) (actual time=0.033..8863.425 rows=18230325 loops=1)
                                 Filter: ((l_shipdate >= '1995-01-01'::date) AND (l_shipdate <= '1996-12-31'::date))
                                 Rows Removed by Filter: 41755727
                           ->  Hash  (cost=3529.40..3529.40 rows=8000 width=30) (actual time=19.510..19.512 rows=7981 loops=1)
                                 Buckets: 8192  Batches: 1  Memory Usage: 548kB
                                 ->  Hash Join  (cost=1.40..3529.40 rows=8000 width=30) (actual time=0.020..18.503 rows=7981 loops=1)
                                       Hash Cond: (supplier.s_nationkey = n1.n_nationkey)
                                       ->  Seq Scan on supplier  (cost=0.00..3221.00 rows=100000 width=8) (actual time=0.006..5.664 rows=100000 loops=1)
                                       ->  Hash  (cost=1.38..1.38 rows=2 width=30) (actual time=0.010..0.011 rows=2 loops=1)
                                             Buckets: 1024  Batches: 1  Memory Usage: 9kB
                                             ->  Seq Scan on nation n1  (cost=0.00..1.38 rows=2 width=30) (actual time=0.006..0.007 rows=2 loops=1)
                                                   Filter: ((n_name = 'PERU'::bpchar) OR (n_name = 'MOROCCO'::bpchar))
                                                   Rows Removed by Filter: 23
                     ->  Hash  (cost=536545.52..536545.52 rows=1199860 width=30) (actual time=4257.379..4257.382 rows=1191175 loops=1)
                           Buckets: 1048576  Batches: 2  Memory Usage: 44259kB
                           ->  Hash Join  (cost=57053.04..536545.52 rows=1199860 width=30) (actual time=299.955..4010.032 rows=1191175 loops=1)
                                 Hash Cond: (orders.o_custkey = customer.c_custkey)
                                 ->  Seq Scan on orders  (cost=0.00..411250.46 rows=14998246 width=8) (actual time=0.035..1260.798 rows=15000000 loops=1)
                                 ->  Hash  (cost=55553.06..55553.06 rows=119998 width=30) (actual time=299.650..299.651 rows=119622 loops=1)
                                       Buckets: 131072  Batches: 1  Memory Usage: 8267kB
                                       ->  Hash Join  (cost=1.40..55553.06 rows=119998 width=30) (actual time=0.025..278.881 rows=119622 loops=1)
                                             Hash Cond: (customer.c_nationkey = n2.n_nationkey)
                                             ->  Seq Scan on customer  (cost=0.00..50946.74 rows=1499974 width=8) (actual time=0.003..84.935 rows=1500000 loops=1)
                                             ->  Hash  (cost=1.38..1.38 rows=2 width=30) (actual time=0.013..0.013 rows=2 loops=1)
                                                   Buckets: 1024  Batches: 1  Memory Usage: 9kB
                                                   ->  Seq Scan on nation n2  (cost=0.00..1.38 rows=2 width=30) (actual time=0.009..0.011 rows=2 loops=1)
                                                         Filter: ((n_name = 'MOROCCO'::bpchar) OR (n_name = 'PERU'::bpchar))
                                                         Rows Removed by Filter: 23
 Planning Time: 2.963 ms
 Execution Time: 15746.527 ms
(42 rows)

query 8 run 1
SET
SET
SET
                                                                                          QUERY PLAN                                                                                           
-----------------------------------------------------------------------------------------------------------------------------------------------------------------------------------------------
 Limit  (cost=1250521.47..1250521.72 rows=1 width=64) (actual time=62314.635..62314.642 rows=1 loops=1)
   ->  GroupAggregate  (cost=1250521.47..1251115.33 rows=2406 width=64) (actual time=62314.634..62314.640 rows=1 loops=1)
         Group Key: (EXTRACT(year FROM orders.o_orderdate))
         ->  Sort  (cost=1250521.47..1250582.11 rows=24255 width=70) (actual time=62308.360..62308.840 rows=11818 loops=1)
               Sort Key: (EXTRACT(year FROM orders.o_orderdate))
               Sort Method: quicksort  Memory: 2817kB
               ->  Nested Loop  (cost=899162.98..1248754.98 rows=24255 width=70) (actual time=54315.852..62287.285 rows=23842 loops=1)
                     ->  Hash Join  (cost=899162.83..1248078.58 rows=24255 width=20) (actual time=54315.823..62246.334 rows=23842 loops=1)
                           Hash Cond: (lineitem.l_suppkey = supplier.s_suppkey)
                           ->  Hash Join  (cost=894691.83..1243543.91 rows=24255 width=20) (actual time=54271.863..62191.106 rows=23842 loops=1)
                                 Hash Cond: (orders.o_custkey = customer.c_custkey)
                                 ->  Hash Join  (cost=831367.79..1179522.55 rows=121274 width=24) (actual time=53679.714..61565.618 rows=118593 loops=1)
                                       Hash Cond: (orders.o_orderkey = lineitem.l_orderkey)
                                       ->  Bitmap Heap Scan on orders  (cost=52696.07..382503.28 rows=4569281 width=12) (actual time=371.697..7239.778 rows=4557513 loops=1)
                                             Recheck Cond: ((o_orderdate >= '1995-01-01'::date) AND (o_orderdate <= '1996-12-31'::date))
                                             Heap Blocks: exact=261268
                                             ->  Bitmap Index Scan on idx_orders_orderdate  (cost=0.00..51553.74 rows=4569281 width=0) (actual time=320.308..320.308 rows=4557513 loops=1)
                                                   Index Cond: ((o_orderdate >= '1995-01-01'::date) AND (o_orderdate <= '1996-12-31'::date))
                                       ->  Hash  (cost=773695.85..773695.85 rows=398070 width=20) (actual time=53307.707..53307.708 rows=389521 loops=1)
                                             Buckets: 524288  Batches: 1  Memory Usage: 25019kB
                                             ->  Nested Loop  (cost=0.44..773695.85 rows=398070 width=20) (actual time=1.926..52897.902 rows=389521 loops=1)
                                                   ->  Seq Scan on part  (cost=0.00..65981.10 rows=13272 width=4) (actual time=1.430..606.905 rows=13011 loops=1)
                                                         Filter: ((p_type)::text = 'LARGE POLISHED BRASS'::text)
                                                         Rows Removed by Filter: 1986989
                                                   ->  Index Scan using idx_lineitem_part_supp on lineitem  (cost=0.44..52.98 rows=34 width=24) (actual time=0.252..4.000 rows=30 loops=13011)
                                                         Index Cond: (l_partkey = part.p_partkey)
                                 ->  Hash  (cost=59574.10..59574.10 rows=299995 width=4) (actual time=591.512..591.515 rows=299436 loops=1)
                                       Buckets: 524288  Batches: 1  Memory Usage: 14624kB
                                       ->  Hash Join  (cost=2.51..59574.10 rows=299995 width=4) (actual time=1.076..540.024 rows=299436 loops=1)
                                             Hash Cond: (customer.c_nationkey = n1.n_nationkey)
                                             ->  Seq Scan on customer  (cost=0.00..50946.74 rows=1499974 width=8) (actual time=0.403..373.212 rows=1500000 loops=1)
                                             ->  Hash  (cost=2.45..2.45 rows=5 width=4) (actual time=0.664..0.666 rows=5 loops=1)
                                                   Buckets: 1024  Batches: 1  Memory Usage: 9kB
                                                   ->  Hash Join  (cost=1.07..2.45 rows=5 width=4) (actual time=0.660..0.664 rows=5 loops=1)
                                                         Hash Cond: (n1.n_regionkey = region.r_regionkey)
                                                         ->  Seq Scan on nation n1  (cost=0.00..1.25 rows=25 width=8) (actual time=0.329..0.330 rows=25 loops=1)
                                                         ->  Hash  (cost=1.06..1.06 rows=1 width=4) (actual time=0.324..0.325 rows=1 loops=1)
                                                               Buckets: 1024  Batches: 1  Memory Usage: 9kB
                                                               ->  Seq Scan on region  (cost=0.00..1.06 rows=1 width=4) (actual time=0.320..0.321 rows=1 loops=1)
                                                                     Filter: (r_name = 'AMERICA'::bpchar)
                                                                     Rows Removed by Filter: 4
                           ->  Hash  (cost=3221.00..3221.00 rows=100000 width=8) (actual time=43.917..43.918 rows=100000 loops=1)
                                 Buckets: 131072  Batches: 1  Memory Usage: 4931kB
                                 ->  Seq Scan on supplier  (cost=0.00..3221.00 rows=100000 width=8) (actual time=0.241..28.884 rows=100000 loops=1)
                     ->  Memoize  (cost=0.15..0.92 rows=1 width=30) (actual time=0.000..0.000 rows=1 loops=23842)
                           Cache Key: supplier.s_nationkey
                           Cache Mode: logical
                           Hits: 23817  Misses: 25  Evictions: 0  Overflows: 0  Memory Usage: 4kB
                           ->  Index Scan using nation_pkey on nation n2  (cost=0.14..0.91 rows=1 width=30) (actual time=0.003..0.003 rows=1 loops=25)
                                 Index Cond: (n_nationkey = supplier.s_nationkey)
 Planning Time: 26.027 ms
 Execution Time: 62315.809 ms
(52 rows)

SET
SET
SET
                                                                                          QUERY PLAN                                                                                           
-----------------------------------------------------------------------------------------------------------------------------------------------------------------------------------------------
 Limit  (cost=1250521.47..1250521.72 rows=1 width=64) (actual time=5022.749..5022.756 rows=1 loops=1)
   ->  GroupAggregate  (cost=1250521.47..1251115.33 rows=2406 width=64) (actual time=5022.748..5022.754 rows=1 loops=1)
         Group Key: (EXTRACT(year FROM orders.o_orderdate))
         ->  Sort  (cost=1250521.47..1250582.11 rows=24255 width=70) (actual time=5016.529..5016.997 rows=11818 loops=1)
               Sort Key: (EXTRACT(year FROM orders.o_orderdate))
               Sort Method: quicksort  Memory: 2817kB
               ->  Nested Loop  (cost=899162.98..1248754.98 rows=24255 width=70) (actual time=2831.847..5004.576 rows=23842 loops=1)
                     ->  Hash Join  (cost=899162.83..1248078.58 rows=24255 width=20) (actual time=2831.833..4982.189 rows=23842 loops=1)
                           Hash Cond: (lineitem.l_suppkey = supplier.s_suppkey)
                           ->  Hash Join  (cost=894691.83..1243543.91 rows=24255 width=20) (actual time=2794.799..4935.545 rows=23842 loops=1)
                                 Hash Cond: (orders.o_custkey = customer.c_custkey)
                                 ->  Hash Join  (cost=831367.79..1179522.55 rows=121274 width=24) (actual time=2342.497..4455.530 rows=118593 loops=1)
                                       Hash Cond: (orders.o_orderkey = lineitem.l_orderkey)
                                       ->  Bitmap Heap Scan on orders  (cost=52696.07..382503.28 rows=4569281 width=12) (actual time=351.772..1599.524 rows=4557513 loops=1)
                                             Recheck Cond: ((o_orderdate >= '1995-01-01'::date) AND (o_orderdate <= '1996-12-31'::date))
                                             Heap Blocks: exact=261268
                                             ->  Bitmap Index Scan on idx_orders_orderdate  (cost=0.00..51553.74 rows=4569281 width=0) (actual time=301.168..301.168 rows=4557513 loops=1)
                                                   Index Cond: ((o_orderdate >= '1995-01-01'::date) AND (o_orderdate <= '1996-12-31'::date))
                                       ->  Hash  (cost=773695.85..773695.85 rows=398070 width=20) (actual time=1990.426..1990.427 rows=389521 loops=1)
                                             Buckets: 524288  Batches: 1  Memory Usage: 25019kB
                                             ->  Nested Loop  (cost=0.44..773695.85 rows=398070 width=20) (actual time=0.099..1866.430 rows=389521 loops=1)
                                                   ->  Seq Scan on part  (cost=0.00..65981.10 rows=13272 width=4) (actual time=0.071..309.354 rows=13011 loops=1)
                                                         Filter: ((p_type)::text = 'LARGE POLISHED BRASS'::text)
                                                         Rows Removed by Filter: 1986989
                                                   ->  Index Scan using idx_lineitem_part_supp on lineitem  (cost=0.44..52.98 rows=34 width=24) (actual time=0.009..0.113 rows=30 loops=13011)
                                                         Index Cond: (l_partkey = part.p_partkey)
                                 ->  Hash  (cost=59574.10..59574.10 rows=299995 width=4) (actual time=451.590..451.593 rows=299436 loops=1)
                                       Buckets: 524288  Batches: 1  Memory Usage: 14624kB
                                       ->  Hash Join  (cost=2.51..59574.10 rows=299995 width=4) (actual time=0.074..403.072 rows=299436 loops=1)
                                             Hash Cond: (customer.c_nationkey = n1.n_nationkey)
                                             ->  Seq Scan on customer  (cost=0.00..50946.74 rows=1499974 width=8) (actual time=0.024..242.225 rows=1500000 loops=1)
                                             ->  Hash  (cost=2.45..2.45 rows=5 width=4) (actual time=0.042..0.043 rows=5 loops=1)
                                                   Buckets: 1024  Batches: 1  Memory Usage: 9kB
                                                   ->  Hash Join  (cost=1.07..2.45 rows=5 width=4) (actual time=0.037..0.042 rows=5 loops=1)
                                                         Hash Cond: (n1.n_regionkey = region.r_regionkey)
                                                         ->  Seq Scan on nation n1  (cost=0.00..1.25 rows=25 width=8) (actual time=0.012..0.014 rows=25 loops=1)
                                                         ->  Hash  (cost=1.06..1.06 rows=1 width=4) (actual time=0.017..0.017 rows=1 loops=1)
                                                               Buckets: 1024  Batches: 1  Memory Usage: 9kB
                                                               ->  Seq Scan on region  (cost=0.00..1.06 rows=1 width=4) (actual time=0.013..0.014 rows=1 loops=1)
                                                                     Filter: (r_name = 'AMERICA'::bpchar)
                                                                     Rows Removed by Filter: 4
                           ->  Hash  (cost=3221.00..3221.00 rows=100000 width=8) (actual time=36.992..36.992 rows=100000 loops=1)
                                 Buckets: 131072  Batches: 1  Memory Usage: 4931kB
                                 ->  Seq Scan on supplier  (cost=0.00..3221.00 rows=100000 width=8) (actual time=0.014..20.937 rows=100000 loops=1)
                     ->  Memoize  (cost=0.15..0.92 rows=1 width=30) (actual time=0.000..0.000 rows=1 loops=23842)
                           Cache Key: supplier.s_nationkey
                           Cache Mode: logical
                           Hits: 23817  Misses: 25  Evictions: 0  Overflows: 0  Memory Usage: 4kB
                           ->  Index Scan using nation_pkey on nation n2  (cost=0.14..0.91 rows=1 width=30) (actual time=0.002..0.002 rows=1 loops=25)
                                 Index Cond: (n_nationkey = supplier.s_nationkey)
 Planning Time: 4.517 ms
 Execution Time: 5023.261 ms
(52 rows)

query 9 run 1
SET
SET
SET
                                                                                      QUERY PLAN                                                                                      
--------------------------------------------------------------------------------------------------------------------------------------------------------------------------------------
 Limit  (cost=1117762.96..1117762.99 rows=1 width=90) (actual time=171685.159..171685.164 rows=1 loops=1)
   ->  GroupAggregate  (cost=1117762.96..1117765.72 rows=79 width=90) (actual time=171685.158..171685.162 rows=1 loops=1)
         Group Key: nation.n_name, (EXTRACT(year FROM orders.o_orderdate))
         ->  Sort  (cost=1117762.96..1117763.16 rows=79 width=81) (actual time=171673.276..171676.480 rows=11401 loops=1)
               Sort Key: nation.n_name, (EXTRACT(year FROM orders.o_orderdate)) DESC
               Sort Method: external merge  Disk: 211240kB
               ->  Nested Loop  (cost=4472.31..1117760.47 rows=79 width=81) (actual time=47.010..167872.000 rows=3248192 loops=1)
                     Join Filter: (supplier.s_nationkey = nation.n_nationkey)
                     Rows Removed by Join Filter: 39009119
                     ->  Nested Loop  (cost=4472.31..1117730.37 rows=79 width=31) (actual time=46.671..160133.914 rows=3248192 loops=1)
                           ->  Nested Loop  (cost=4471.87..1117459.98 rows=79 width=31) (actual time=45.428..112492.879 rows=3248192 loops=1)
                                 Join Filter: (supplier.s_suppkey = lineitem.l_suppkey)
                                 ->  Hash Join  (cost=4471.43..307290.17 rows=235293 width=26) (actual time=44.908..2862.501 rows=433248 loops=1)
                                       Hash Cond: (partsupp.ps_suppkey = supplier.s_suppkey)
                                       ->  Nested Loop  (cost=0.43..302182.67 rows=242469 width=18) (actual time=1.131..2487.675 rows=433248 loops=1)
                                             ->  Seq Scan on part  (cost=0.00..65981.10 rows=60606 width=4) (actual time=0.638..663.014 rows=108312 loops=1)
                                                   Filter: ((p_name)::text ~~ '%navy%'::text)
                                                   Rows Removed by Filter: 1891688
                                             ->  Index Scan using idx_partsupp_partkey on partsupp  (cost=0.43..3.72 rows=18 width=14) (actual time=0.013..0.015 rows=4 loops=108312)
                                                   Index Cond: (ps_partkey = part.p_partkey)
                                       ->  Hash  (cost=3221.00..3221.00 rows=100000 width=8) (actual time=43.483..43.484 rows=100000 loops=1)
                                             Buckets: 131072  Batches: 1  Memory Usage: 4931kB
                                             ->  Seq Scan on supplier  (cost=0.00..3221.00 rows=100000 width=8) (actual time=0.295..28.515 rows=100000 loops=1)
                                 ->  Index Scan using idx_lineitem_part_supp on lineitem  (cost=0.44..3.43 rows=1 width=29) (actual time=0.036..0.250 rows=7 loops=433248)
                                       Index Cond: ((l_partkey = partsupp.ps_partkey) AND (l_suppkey = partsupp.ps_suppkey))
                           ->  Index Scan using orders_pkey on orders  (cost=0.43..3.42 rows=1 width=8) (actual time=0.014..0.014 rows=1 loops=3248192)
                                 Index Cond: (o_orderkey = lineitem.l_orderkey)
                     ->  Materialize  (cost=0.00..1.38 rows=25 width=30) (actual time=0.000..0.001 rows=13 loops=3248192)
                           ->  Seq Scan on nation  (cost=0.00..1.25 rows=25 width=30) (actual time=0.324..0.328 rows=25 loops=1)
 Planning Time: 29.397 ms
 Execution Time: 171709.638 ms
(31 rows)

SET
SET
SET
                                                                                      QUERY PLAN                                                                                      
--------------------------------------------------------------------------------------------------------------------------------------------------------------------------------------
 Limit  (cost=1117762.96..1117762.99 rows=1 width=90) (actual time=70327.854..70327.859 rows=1 loops=1)
   ->  GroupAggregate  (cost=1117762.96..1117765.72 rows=79 width=90) (actual time=70327.852..70327.857 rows=1 loops=1)
         Group Key: nation.n_name, (EXTRACT(year FROM orders.o_orderdate))
         ->  Sort  (cost=1117762.96..1117763.16 rows=79 width=81) (actual time=70316.027..70319.244 rows=11401 loops=1)
               Sort Key: nation.n_name, (EXTRACT(year FROM orders.o_orderdate)) DESC
               Sort Method: external merge  Disk: 211240kB
               ->  Nested Loop  (cost=4472.31..1117760.47 rows=79 width=81) (actual time=44.159..66849.904 rows=3248192 loops=1)
                     Join Filter: (supplier.s_nationkey = nation.n_nationkey)
                     Rows Removed by Join Filter: 39009119
                     ->  Nested Loop  (cost=4472.31..1117730.37 rows=79 width=31) (actual time=44.140..60364.681 rows=3248192 loops=1)
                           ->  Nested Loop  (cost=4471.87..1117459.98 rows=79 width=31) (actual time=44.116..39055.035 rows=3248192 loops=1)
                                 Join Filter: (supplier.s_suppkey = lineitem.l_suppkey)
                                 ->  Hash Join  (cost=4471.43..307290.17 rows=235293 width=26) (actual time=44.088..2140.843 rows=433248 loops=1)
                                       Hash Cond: (partsupp.ps_suppkey = supplier.s_suppkey)
                                       ->  Nested Loop  (cost=0.43..302182.67 rows=242469 width=18) (actual time=0.490..1802.032 rows=433248 loops=1)
                                             ->  Seq Scan on part  (cost=0.00..65981.10 rows=60606 width=4) (actual time=0.307..575.839 rows=108312 loops=1)
                                                   Filter: ((p_name)::text ~~ '%navy%'::text)
                                                   Rows Removed by Filter: 1891688
                                             ->  Index Scan using idx_partsupp_partkey on partsupp  (cost=0.43..3.72 rows=18 width=14) (actual time=0.009..0.010 rows=4 loops=108312)
                                                   Index Cond: (ps_partkey = part.p_partkey)
                                       ->  Hash  (cost=3221.00..3221.00 rows=100000 width=8) (actual time=43.306..43.306 rows=100000 loops=1)
                                             Buckets: 131072  Batches: 1  Memory Usage: 4931kB
                                             ->  Seq Scan on supplier  (cost=0.00..3221.00 rows=100000 width=8) (actual time=0.283..27.403 rows=100000 loops=1)
                                 ->  Index Scan using idx_lineitem_part_supp on lineitem  (cost=0.44..3.43 rows=1 width=29) (actual time=0.013..0.082 rows=7 loops=433248)
                                       Index Cond: ((l_partkey = partsupp.ps_partkey) AND (l_suppkey = partsupp.ps_suppkey))
                           ->  Index Scan using orders_pkey on orders  (cost=0.43..3.42 rows=1 width=8) (actual time=0.006..0.006 rows=1 loops=3248192)
                                 Index Cond: (o_orderkey = lineitem.l_orderkey)
                     ->  Materialize  (cost=0.00..1.38 rows=25 width=30) (actual time=0.000..0.001 rows=13 loops=3248192)
                           ->  Seq Scan on nation  (cost=0.00..1.25 rows=25 width=30) (actual time=0.005..0.008 rows=25 loops=1)
 Planning Time: 17.861 ms
 Execution Time: 70352.455 ms
(31 rows)

query 10 run 1
SET
SET
SET
                                                                                            QUERY PLAN                                                                                            
--------------------------------------------------------------------------------------------------------------------------------------------------------------------------------------------------
 Limit  (cost=2403373.76..2403373.81 rows=20 width=202) (actual time=23066.559..23066.565 rows=20 loops=1)
   ->  Sort  (cost=2403373.76..2404844.52 rows=588307 width=202) (actual time=23066.558..23066.562 rows=20 loops=1)
         Sort Key: (sum((lineitem.l_extendedprice * ('1'::numeric - lineitem.l_discount)))) DESC
         Sort Method: top-N heapsort  Memory: 33kB
         ->  GroupAggregate  (cost=2254938.15..2387719.12 rows=588307 width=202) (actual time=20356.774..22934.799 rows=381205 loops=1)
               Group Key: customer.c_custkey, nation.n_name
               ->  Incremental Sort  (cost=2254938.15..2373011.44 rows=588307 width=182) (actual time=20356.761..22112.250 rows=1145402 loops=1)
                     Sort Key: customer.c_custkey, nation.n_name
                     Presorted Key: customer.c_custkey
                     Full-sort Groups: 34068  Sort Method: quicksort  Average Memory: 32kB  Peak Memory: 32kB
                     ->  Nested Loop  (cost=2254937.99..2346537.63 rows=588307 width=182) (actual time=20356.624..21730.926 rows=1145402 loops=1)
                           ->  Merge Join  (cost=2254937.84..2332132.96 rows=588307 width=160) (actual time=20356.333..21315.956 rows=1145402 loops=1)
                                 Merge Cond: (customer.c_custkey = orders.o_custkey)
                                 ->  Index Scan using customer_pkey on customer  (cost=0.43..64621.54 rows=1499974 width=148) (actual time=0.261..492.642 rows=1499997 loops=1)
                                 ->  Sort  (cost=2254937.23..2256407.99 rows=588307 width=16) (actual time=20356.056..20463.221 rows=1145402 loops=1)
                                       Sort Key: orders.o_custkey
                                       Sort Method: external sort  Disk: 35288kB
                                       ->  Hash Join  (cost=284259.11..2198559.15 rows=588307 width=16) (actual time=7217.789..19865.091 rows=1145402 loops=1)
                                             Hash Cond: (lineitem.l_orderkey = orders.o_orderkey)
                                             ->  Seq Scan on lineitem  (cost=0.00..1874975.80 rows=14980659 width=16) (actual time=0.526..10862.306 rows=14808183 loops=1)
                                                   Filter: (l_returnflag = 'R'::bpchar)
                                                   Rows Removed by Filter: 45177869
                                             ->  Hash  (cost=276896.63..276896.63 rows=588998 width=8) (actual time=7215.315..7215.316 rows=573160 loops=1)
                                                   Buckets: 1048576  Batches: 1  Memory Usage: 30582kB
                                                   ->  Bitmap Heap Scan on orders  (cost=6793.66..276896.63 rows=588998 width=8) (actual time=110.609..7016.126 rows=573160 loops=1)
                                                         Recheck Cond: ((o_orderdate >= '1994-08-01'::date) AND (o_orderdate < '1994-11-01'::date))
                                                         Heap Blocks: exact=233346
                                                         ->  Bitmap Index Scan on idx_orders_orderdate  (cost=0.00..6646.42 rows=588998 width=0) (actual time=65.360..65.360 rows=573160 loops=1)
                                                               Index Cond: ((o_orderdate >= '1994-08-01'::date) AND (o_orderdate < '1994-11-01'::date))
                           ->  Memoize  (cost=0.15..0.92 rows=1 width=30) (actual time=0.000..0.000 rows=1 loops=1145402)
                                 Cache Key: customer.c_nationkey
                                 Cache Mode: logical
                                 Hits: 1145377  Misses: 25  Evictions: 0  Overflows: 0  Memory Usage: 4kB
                                 ->  Index Scan using nation_pkey on nation  (cost=0.14..0.91 rows=1 width=30) (actual time=0.013..0.013 rows=1 loops=25)
                                       Index Cond: (n_nationkey = customer.c_nationkey)
 Planning Time: 21.651 ms
 Execution Time: 23071.537 ms
(37 rows)

SET
SET
SET
                                                                                            QUERY PLAN                                                                                            
--------------------------------------------------------------------------------------------------------------------------------------------------------------------------------------------------
 Limit  (cost=2403373.76..2403373.81 rows=20 width=202) (actual time=15110.066..15110.071 rows=20 loops=1)
   ->  Sort  (cost=2403373.76..2404844.52 rows=588307 width=202) (actual time=15110.065..15110.068 rows=20 loops=1)
         Sort Key: (sum((lineitem.l_extendedprice * ('1'::numeric - lineitem.l_discount)))) DESC
         Sort Method: top-N heapsort  Memory: 33kB
         ->  GroupAggregate  (cost=2254938.15..2387719.12 rows=588307 width=202) (actual time=12547.895..14981.344 rows=381205 loops=1)
               Group Key: customer.c_custkey, nation.n_name
               ->  Incremental Sort  (cost=2254938.15..2373011.44 rows=588307 width=182) (actual time=12547.881..14157.485 rows=1145402 loops=1)
                     Sort Key: customer.c_custkey, nation.n_name
                     Presorted Key: customer.c_custkey
                     Full-sort Groups: 34068  Sort Method: quicksort  Average Memory: 32kB  Peak Memory: 32kB
                     ->  Nested Loop  (cost=2254937.99..2346537.63 rows=588307 width=182) (actual time=12547.775..13781.023 rows=1145402 loops=1)
                           ->  Merge Join  (cost=2254937.84..2332132.96 rows=588307 width=160) (actual time=12547.746..13374.387 rows=1145402 loops=1)
                                 Merge Cond: (customer.c_custkey = orders.o_custkey)
                                 ->  Index Scan using customer_pkey on customer  (cost=0.43..64621.54 rows=1499974 width=148) (actual time=0.014..367.018 rows=1499997 loops=1)
                                 ->  Sort  (cost=2254937.23..2256407.99 rows=588307 width=16) (actual time=12547.717..12653.476 rows=1145402 loops=1)
                                       Sort Key: orders.o_custkey
                                       Sort Method: external sort  Disk: 35288kB
                                       ->  Hash Join  (cost=284259.11..2198559.15 rows=588307 width=16) (actual time=1562.183..12071.234 rows=1145402 loops=1)
                                             Hash Cond: (lineitem.l_orderkey = orders.o_orderkey)
                                             ->  Seq Scan on lineitem  (cost=0.00..1874975.80 rows=14980659 width=16) (actual time=0.015..8803.868 rows=14808183 loops=1)
                                                   Filter: (l_returnflag = 'R'::bpchar)
                                                   Rows Removed by Filter: 45177869
                                             ->  Hash  (cost=276896.63..276896.63 rows=588998 width=8) (actual time=1560.790..1560.790 rows=573160 loops=1)
                                                   Buckets: 1048576  Batches: 1  Memory Usage: 30582kB
                                                   ->  Bitmap Heap Scan on orders  (cost=6793.66..276896.63 rows=588998 width=8) (actual time=109.606..1425.692 rows=573160 loops=1)
                                                         Recheck Cond: ((o_orderdate >= '1994-08-01'::date) AND (o_orderdate < '1994-11-01'::date))
                                                         Heap Blocks: exact=233346
                                                         ->  Bitmap Index Scan on idx_orders_orderdate  (cost=0.00..6646.42 rows=588998 width=0) (actual time=64.688..64.688 rows=573160 loops=1)
                                                               Index Cond: ((o_orderdate >= '1994-08-01'::date) AND (o_orderdate < '1994-11-01'::date))
                           ->  Memoize  (cost=0.15..0.92 rows=1 width=30) (actual time=0.000..0.000 rows=1 loops=1145402)
                                 Cache Key: customer.c_nationkey
                                 Cache Mode: logical
                                 Hits: 1145377  Misses: 25  Evictions: 0  Overflows: 0  Memory Usage: 4kB
                                 ->  Index Scan using nation_pkey on nation  (cost=0.14..0.91 rows=1 width=30) (actual time=0.002..0.002 rows=1 loops=25)
                                       Index Cond: (n_nationkey = customer.c_nationkey)
 Planning Time: 1.989 ms
 Execution Time: 15114.863 ms
(37 rows)

query 11 run 1
SET
SET
SET
                                                                                QUERY PLAN                                                                                 
---------------------------------------------------------------------------------------------------------------------------------------------------------------------------
 Limit  (cost=605726.27..605726.27 rows=1 width=36) (actual time=3923.077..3923.083 rows=0 loops=1)
   InitPlan 1 (returns $1)
     ->  Aggregate  (cost=292989.46..292989.47 rows=1 width=32) (actual time=1585.040..1585.043 rows=1 loops=1)
           ->  Hash Join  (cost=2311.46..290660.05 rows=310587 width=10) (actual time=2.721..1485.414 rows=320800 loops=1)
                 Hash Cond: (partsupp_1.ps_suppkey = supplier_1.s_suppkey)
                 ->  Seq Scan on partsupp partsupp_1  (cost=0.00..255237.07 rows=8001507 width=14) (actual time=0.017..729.494 rows=8000000 loops=1)
                 ->  Hash  (cost=2261.46..2261.46 rows=4000 width=4) (actual time=2.674..2.676 rows=4010 loops=1)
                       Buckets: 4096  Batches: 1  Memory Usage: 173kB
                       ->  Nested Loop  (cost=37.29..2261.46 rows=4000 width=4) (actual time=0.479..2.308 rows=4010 loops=1)
                             ->  Seq Scan on nation nation_1  (cost=0.00..1.31 rows=1 width=4) (actual time=0.007..0.008 rows=1 loops=1)
                                   Filter: (n_name = 'SAUDI ARABIA'::bpchar)
                                   Rows Removed by Filter: 24
                             ->  Bitmap Heap Scan on supplier supplier_1  (cost=37.29..2220.15 rows=4000 width=8) (actual time=0.468..1.974 rows=4010 loops=1)
                                   Recheck Cond: (s_nationkey = nation_1.n_nationkey)
                                   Heap Blocks: exact=1869
                                   ->  Bitmap Index Scan on idx_supplier_nation_key  (cost=0.00..36.29 rows=4000 width=0) (actual time=0.268..0.268 rows=4010 loops=1)
                                         Index Cond: (s_nationkey = nation_1.n_nationkey)
   ->  Sort  (cost=312736.80..312995.62 rows=103529 width=36) (actual time=3923.076..3923.078 rows=0 loops=1)
         Sort Key: (sum((partsupp.ps_supplycost * (partsupp.ps_availqty)::numeric))) DESC
         Sort Method: quicksort  Memory: 25kB
         ->  HashAggregate  (cost=304527.27..312219.16 rows=103529 width=36) (actual time=3923.041..3923.043 rows=0 loops=1)
               Group Key: partsupp.ps_partkey
               Filter: (sum((partsupp.ps_supplycost * (partsupp.ps_availqty)::numeric)) > $1)
               Batches: 5  Memory Usage: 65585kB  Disk Usage: 7448kB
               Rows Removed by Filter: 301833
               ->  Hash Join  (cost=2311.46..290660.05 rows=310587 width=14) (actual time=58.252..1933.644 rows=320800 loops=1)
                     Hash Cond: (partsupp.ps_suppkey = supplier.s_suppkey)
                     ->  Seq Scan on partsupp  (cost=0.00..255237.07 rows=8001507 width=18) (actual time=0.554..1061.257 rows=8000000 loops=1)
                     ->  Hash  (cost=2261.46..2261.46 rows=4000 width=4) (actual time=57.633..57.634 rows=4010 loops=1)
                           Buckets: 4096  Batches: 1  Memory Usage: 173kB
                           ->  Nested Loop  (cost=37.29..2261.46 rows=4000 width=4) (actual time=1.457..56.462 rows=4010 loops=1)
                                 ->  Seq Scan on nation  (cost=0.00..1.31 rows=1 width=4) (actual time=0.209..0.213 rows=1 loops=1)
                                       Filter: (n_name = 'SAUDI ARABIA'::bpchar)
                                       Rows Removed by Filter: 24
                                 ->  Bitmap Heap Scan on supplier  (cost=37.29..2220.15 rows=4000 width=8) (actual time=1.240..55.518 rows=4010 loops=1)
                                       Recheck Cond: (s_nationkey = nation.n_nationkey)
                                       Heap Blocks: exact=1869
                                       ->  Bitmap Index Scan on idx_supplier_nation_key  (cost=0.00..36.29 rows=4000 width=0) (actual time=0.874..0.874 rows=4010 loops=1)
                                             Index Cond: (s_nationkey = nation.n_nationkey)
 Planning Time: 14.670 ms
 Execution Time: 3925.548 ms
(41 rows)

SET
SET
SET
                                                                                QUERY PLAN                                                                                 
---------------------------------------------------------------------------------------------------------------------------------------------------------------------------
 Limit  (cost=605726.27..605726.27 rows=1 width=36) (actual time=3487.241..3487.247 rows=0 loops=1)
   InitPlan 1 (returns $1)
     ->  Aggregate  (cost=292989.46..292989.47 rows=1 width=32) (actual time=1586.207..1586.210 rows=1 loops=1)
           ->  Hash Join  (cost=2311.46..290660.05 rows=310587 width=10) (actual time=2.729..1486.509 rows=320800 loops=1)
                 Hash Cond: (partsupp_1.ps_suppkey = supplier_1.s_suppkey)
                 ->  Seq Scan on partsupp partsupp_1  (cost=0.00..255237.07 rows=8001507 width=14) (actual time=0.016..729.126 rows=8000000 loops=1)
                 ->  Hash  (cost=2261.46..2261.46 rows=4000 width=4) (actual time=2.684..2.686 rows=4010 loops=1)
                       Buckets: 4096  Batches: 1  Memory Usage: 173kB
                       ->  Nested Loop  (cost=37.29..2261.46 rows=4000 width=4) (actual time=0.475..2.310 rows=4010 loops=1)
                             ->  Seq Scan on nation nation_1  (cost=0.00..1.31 rows=1 width=4) (actual time=0.006..0.007 rows=1 loops=1)
                                   Filter: (n_name = 'SAUDI ARABIA'::bpchar)
                                   Rows Removed by Filter: 24
                             ->  Bitmap Heap Scan on supplier supplier_1  (cost=37.29..2220.15 rows=4000 width=8) (actual time=0.465..1.977 rows=4010 loops=1)
                                   Recheck Cond: (s_nationkey = nation_1.n_nationkey)
                                   Heap Blocks: exact=1869
                                   ->  Bitmap Index Scan on idx_supplier_nation_key  (cost=0.00..36.29 rows=4000 width=0) (actual time=0.263..0.263 rows=4010 loops=1)
                                         Index Cond: (s_nationkey = nation_1.n_nationkey)
   ->  Sort  (cost=312736.80..312995.62 rows=103529 width=36) (actual time=3487.240..3487.242 rows=0 loops=1)
         Sort Key: (sum((partsupp.ps_supplycost * (partsupp.ps_availqty)::numeric))) DESC
         Sort Method: quicksort  Memory: 25kB
         ->  HashAggregate  (cost=304527.27..312219.16 rows=103529 width=36) (actual time=3487.208..3487.210 rows=0 loops=1)
               Group Key: partsupp.ps_partkey
               Filter: (sum((partsupp.ps_supplycost * (partsupp.ps_availqty)::numeric)) > $1)
               Batches: 5  Memory Usage: 65585kB  Disk Usage: 7448kB
               Rows Removed by Filter: 301833
               ->  Hash Join  (cost=2311.46..290660.05 rows=310587 width=14) (actual time=3.700..1507.468 rows=320800 loops=1)
                     Hash Cond: (partsupp.ps_suppkey = supplier.s_suppkey)
                     ->  Seq Scan on partsupp  (cost=0.00..255237.07 rows=8001507 width=18) (actual time=0.041..741.557 rows=8000000 loops=1)
                     ->  Hash  (cost=2261.46..2261.46 rows=4000 width=4) (actual time=3.628..3.630 rows=4010 loops=1)
                           Buckets: 4096  Batches: 1  Memory Usage: 173kB
                           ->  Nested Loop  (cost=37.29..2261.46 rows=4000 width=4) (actual time=0.498..3.222 rows=4010 loops=1)
                                 ->  Seq Scan on nation  (cost=0.00..1.31 rows=1 width=4) (actual time=0.009..0.011 rows=1 loops=1)
                                       Filter: (n_name = 'SAUDI ARABIA'::bpchar)
                                       Rows Removed by Filter: 24
                                 ->  Bitmap Heap Scan on supplier  (cost=37.29..2220.15 rows=4000 width=8) (actual time=0.484..2.876 rows=4010 loops=1)
                                       Recheck Cond: (s_nationkey = nation.n_nationkey)
                                       Heap Blocks: exact=1869
                                       ->  Bitmap Index Scan on idx_supplier_nation_key  (cost=0.00..36.29 rows=4000 width=0) (actual time=0.275..0.275 rows=4010 loops=1)
                                             Index Cond: (s_nationkey = nation.n_nationkey)
 Planning Time: 0.965 ms
 Execution Time: 3489.318 ms
(41 rows)

query 12 run 1
SET
SET
SET
                                                                                                                    QUERY PLAN                                                                                                                     
---------------------------------------------------------------------------------------------------------------------------------------------------------------------------------------------------------------------------------------------------
 Limit  (cost=3030501.93..3031308.82 rows=1 width=27) (actual time=19170.778..19170.790 rows=1 loops=1)
   ->  GroupAggregate  (cost=3030501.93..3036150.16 rows=7 width=27) (actual time=19170.776..19170.778 rows=1 loops=1)
         Group Key: lineitem.l_shipmode
         ->  Sort  (cost=3030501.93..3031207.95 rows=282408 width=27) (actual time=19121.978..19128.315 rows=155572 loops=1)
               Sort Key: lineitem.l_shipmode
               Sort Method: quicksort  Memory: 30078kB
               ->  Hash Join  (cost=2478372.14..3004933.52 rows=282408 width=27) (actual time=14969.154..19053.190 rows=311258 loops=1)
                     Hash Cond: (orders.o_orderkey = lineitem.l_orderkey)
                     ->  Seq Scan on orders  (cost=0.00..411250.46 rows=14998246 width=20) (actual time=0.428..1633.233 rows=15000000 loops=1)
                     ->  Hash  (cost=2474842.04..2474842.04 rows=282408 width=15) (actual time=14967.948..14967.948 rows=311258 loops=1)
                           Buckets: 524288  Batches: 1  Memory Usage: 18687kB
                           ->  Seq Scan on lineitem  (cost=0.00..2474842.04 rows=282408 width=15) (actual time=1.009..14873.853 rows=311258 loops=1)
                                 Filter: ((l_shipmode = ANY ('{SHIP,"REG AIR"}'::bpchar[])) AND (l_commitdate < l_receiptdate) AND (l_shipdate < l_commitdate) AND (l_receiptdate >= '1994-01-01'::date) AND (l_receiptdate < '1995-01-01'::date))
                                 Rows Removed by Filter: 59674794
 Planning Time: 14.607 ms
 Execution Time: 19171.597 ms
(16 rows)

SET
SET
SET
                                                                                                                    QUERY PLAN                                                                                                                     
---------------------------------------------------------------------------------------------------------------------------------------------------------------------------------------------------------------------------------------------------
 Limit  (cost=3030501.93..3031308.82 rows=1 width=27) (actual time=16638.825..16638.837 rows=1 loops=1)
   ->  GroupAggregate  (cost=3030501.93..3036150.16 rows=7 width=27) (actual time=16638.824..16638.826 rows=1 loops=1)
         Group Key: lineitem.l_shipmode
         ->  Sort  (cost=3030501.93..3031207.95 rows=282408 width=27) (actual time=16590.582..16596.916 rows=155572 loops=1)
               Sort Key: lineitem.l_shipmode
               Sort Method: quicksort  Memory: 30078kB
               ->  Hash Join  (cost=2478372.14..3004933.52 rows=282408 width=27) (actual time=12964.440..16525.227 rows=311258 loops=1)
                     Hash Cond: (orders.o_orderkey = lineitem.l_orderkey)
                     ->  Seq Scan on orders  (cost=0.00..411250.46 rows=14998246 width=20) (actual time=0.020..1215.906 rows=15000000 loops=1)
                     ->  Hash  (cost=2474842.04..2474842.04 rows=282408 width=15) (actual time=12963.735..12963.736 rows=311258 loops=1)
                           Buckets: 524288  Batches: 1  Memory Usage: 18687kB
                           ->  Seq Scan on lineitem  (cost=0.00..2474842.04 rows=282408 width=15) (actual time=0.110..12876.986 rows=311258 loops=1)
                                 Filter: ((l_shipmode = ANY ('{SHIP,"REG AIR"}'::bpchar[])) AND (l_commitdate < l_receiptdate) AND (l_shipdate < l_commitdate) AND (l_receiptdate >= '1994-01-01'::date) AND (l_receiptdate < '1995-01-01'::date))
                                 Rows Removed by Filter: 59674794
 Planning Time: 0.844 ms
 Execution Time: 16638.969 ms
(16 rows)

query 13 run 1
SET
SET
SET
                                                                                    QUERY PLAN                                                                                     
-----------------------------------------------------------------------------------------------------------------------------------------------------------------------------------
 Limit  (cost=1361501.26..1361501.26 rows=1 width=16) (actual time=17092.304..17092.317 rows=1 loops=1)
   ->  Sort  (cost=1361501.26..1361501.76 rows=200 width=16) (actual time=17092.303..17092.305 rows=1 loops=1)
         Sort Key: (count(*)) DESC, (count(orders.o_orderkey)) DESC
         Sort Method: top-N heapsort  Memory: 25kB
         ->  HashAggregate  (cost=1361498.26..1361500.26 rows=200 width=16) (actual time=17092.275..17092.283 rows=46 loops=1)
               Group Key: count(orders.o_orderkey)
               Batches: 1  Memory Usage: 40kB
               ->  HashAggregate  (cost=1208008.68..1338998.65 rows=1499974 width=12) (actual time=14810.339..16924.795 rows=1500000 loops=1)
                     Group Key: customer.c_custkey
                     Planned Partitions: 4  Batches: 5  Memory Usage: 65585kB  Disk Usage: 216328kB
                     ->  Hash Right Join  (cost=53283.71..662854.61 rows=14846749 width=8) (actual time=363.514..10910.572 rows=15337604 loops=1)
                           Hash Cond: (orders.o_custkey = customer.c_custkey)
                           ->  Seq Scan on orders  (cost=0.00..448746.08 rows=14846749 width=8) (actual time=0.557..5102.444 rows=14837583 loops=1)
                                 Filter: ((o_comment)::text !~~ '%special%requests%'::text)
                                 Rows Removed by Filter: 162417
                           ->  Hash  (cost=28674.04..28674.04 rows=1499974 width=4) (actual time=360.386..360.387 rows=1500000 loops=1)
                                 Buckets: 2097152  Batches: 2  Memory Usage: 42747kB
                                 ->  Index Only Scan using customer_pkey on customer  (cost=0.43..28674.04 rows=1499974 width=4) (actual time=0.020..159.261 rows=1500000 loops=1)
                                       Heap Fetches: 0
 Planning Time: 14.286 ms
 Execution Time: 17125.877 ms
(21 rows)

SET
SET
SET
                                                                                    QUERY PLAN                                                                                     
-----------------------------------------------------------------------------------------------------------------------------------------------------------------------------------
 Limit  (cost=1361501.26..1361501.26 rows=1 width=16) (actual time=16476.858..16476.871 rows=1 loops=1)
   ->  Sort  (cost=1361501.26..1361501.76 rows=200 width=16) (actual time=16476.856..16476.859 rows=1 loops=1)
         Sort Key: (count(*)) DESC, (count(orders.o_orderkey)) DESC
         Sort Method: top-N heapsort  Memory: 25kB
         ->  HashAggregate  (cost=1361498.26..1361500.26 rows=200 width=16) (actual time=16476.829..16476.837 rows=46 loops=1)
               Group Key: count(orders.o_orderkey)
               Batches: 1  Memory Usage: 40kB
               ->  HashAggregate  (cost=1208008.68..1338998.65 rows=1499974 width=12) (actual time=14211.683..16307.561 rows=1500000 loops=1)
                     Group Key: customer.c_custkey
                     Planned Partitions: 4  Batches: 5  Memory Usage: 65585kB  Disk Usage: 216328kB
                     ->  Hash Right Join  (cost=53283.71..662854.61 rows=14846749 width=8) (actual time=328.659..10354.837 rows=15337604 loops=1)
                           Hash Cond: (orders.o_custkey = customer.c_custkey)
                           ->  Seq Scan on orders  (cost=0.00..448746.08 rows=14846749 width=8) (actual time=0.034..4652.627 rows=14837583 loops=1)
                                 Filter: ((o_comment)::text !~~ '%special%requests%'::text)
                                 Rows Removed by Filter: 162417
                           ->  Hash  (cost=28674.04..28674.04 rows=1499974 width=4) (actual time=326.076..326.077 rows=1500000 loops=1)
                                 Buckets: 2097152  Batches: 2  Memory Usage: 42747kB
                                 ->  Index Only Scan using customer_pkey on customer  (cost=0.43..28674.04 rows=1499974 width=4) (actual time=0.020..127.967 rows=1500000 loops=1)
                                       Heap Fetches: 0
 Planning Time: 0.682 ms
 Execution Time: 16510.459 ms
(21 rows)

query 14 run 1
SET
SET
SET
                                                                              QUERY PLAN                                                                               
-----------------------------------------------------------------------------------------------------------------------------------------------------------------------
 Limit  (cost=1251931.99..1251932.01 rows=1 width=32) (actual time=68356.401..68356.403 rows=1 loops=1)
   ->  Aggregate  (cost=1251931.99..1251932.01 rows=1 width=32) (actual time=68356.400..68356.401 rows=1 loops=1)
         ->  Hash Join  (cost=99653.75..1238976.44 rows=740317 width=33) (actual time=876.364..67739.019 rows=772942 loops=1)
               Hash Cond: (lineitem.l_partkey = part.p_partkey)
               ->  Index Scan using idx_lineitem_shipdate on lineitem  (cost=0.56..1116477.93 rows=740317 width=16) (actual time=1.242..65709.381 rows=772942 loops=1)
                     Index Cond: ((l_shipdate >= '1994-05-01'::date) AND (l_shipdate < '1994-06-01'::date))
               ->  Hash  (cost=60981.08..60981.08 rows=2000008 width=25) (actual time=873.213..873.213 rows=2000000 loops=1)
                     Buckets: 1048576  Batches: 4  Memory Usage: 37079kB
                     ->  Seq Scan on part  (cost=0.00..60981.08 rows=2000008 width=25) (actual time=0.508..533.142 rows=2000000 loops=1)
 Planning Time: 17.409 ms
 Execution Time: 68356.775 ms
(11 rows)

SET
SET
SET
                                                                              QUERY PLAN                                                                              
----------------------------------------------------------------------------------------------------------------------------------------------------------------------
 Limit  (cost=1251931.99..1251932.01 rows=1 width=32) (actual time=3535.737..3535.739 rows=1 loops=1)
   ->  Aggregate  (cost=1251931.99..1251932.01 rows=1 width=32) (actual time=3535.735..3535.737 rows=1 loops=1)
         ->  Hash Join  (cost=99653.75..1238976.44 rows=740317 width=33) (actual time=739.630..3199.696 rows=772942 loops=1)
               Hash Cond: (lineitem.l_partkey = part.p_partkey)
               ->  Index Scan using idx_lineitem_shipdate on lineitem  (cost=0.56..1116477.93 rows=740317 width=16) (actual time=0.039..1877.100 rows=772942 loops=1)
                     Index Cond: ((l_shipdate >= '1994-05-01'::date) AND (l_shipdate < '1994-06-01'::date))
               ->  Hash  (cost=60981.08..60981.08 rows=2000008 width=25) (actual time=738.159..738.159 rows=2000000 loops=1)
                     Buckets: 1048576  Batches: 4  Memory Usage: 37079kB
                     ->  Seq Scan on part  (cost=0.00..60981.08 rows=2000008 width=25) (actual time=0.034..406.962 rows=2000000 loops=1)
 Planning Time: 1.097 ms
 Execution Time: 3535.857 ms
(11 rows)

query 15 run 1
SET
SET
SET
CREATE VIEW
                                                                                   QUERY PLAN                                                                                   
--------------------------------------------------------------------------------------------------------------------------------------------------------------------------------
 Limit  (cost=3723732.07..3723741.02 rows=1 width=103) (actual time=26063.521..26063.525 rows=1 loops=1)
   InitPlan 1 (returns $0)
     ->  Aggregate  (cost=1862343.90..1862343.91 rows=1 width=32) (actual time=6187.637..6187.638 rows=1 loops=1)
           ->  HashAggregate  (cost=1859886.70..1861115.30 rows=98288 width=36) (actual time=6143.678..6181.715 rows=100000 loops=1)
                 Group Key: lineitem_1.l_suppkey
                 Batches: 1  Memory Usage: 47121kB
                 ->  Bitmap Heap Scan on lineitem lineitem_1  (cost=34772.72..1838199.72 rows=2168698 width=16) (actual time=365.956..4563.857 rows=2265714 loops=1)
                       Recheck Cond: ((l_shipdate >= '1996-01-01'::date) AND (l_shipdate < '1996-04-01'::date))
                       Rows Removed by Index Recheck: 13223651
                       Heap Blocks: exact=401153 lossy=267105
                       ->  Bitmap Index Scan on idx_lineitem_shipdate  (cost=0.00..34230.54 rows=2168698 width=0) (actual time=282.310..282.310 rows=2265714 loops=1)
                             Index Cond: ((l_shipdate >= '1996-01-01'::date) AND (l_shipdate < '1996-04-01'::date))
   ->  Merge Join  (cost=1861388.17..1865781.03 rows=491 width=103) (actual time=26063.520..26063.522 rows=1 loops=1)
         Merge Cond: (supplier.s_suppkey = revenue0.supplier_no)
         ->  Index Scan using supplier_pkey on supplier  (cost=0.29..4135.79 rows=100000 width=71) (actual time=0.422..18.786 rows=69998 loops=1)
         ->  Sort  (cost=1861387.87..1861389.10 rows=491 width=36) (actual time=26039.566..26039.568 rows=1 loops=1)
               Sort Key: revenue0.supplier_no
               Sort Method: quicksort  Memory: 25kB
               ->  Subquery Scan on revenue0  (cost=1859886.70..1861365.93 rows=491 width=36) (actual time=26012.904..26039.559 rows=1 loops=1)
                     ->  HashAggregate  (cost=1859886.70..1861361.02 rows=491 width=36) (actual time=26012.903..26039.556 rows=1 loops=1)
                           Group Key: lineitem.l_suppkey
                           Filter: (sum((lineitem.l_extendedprice * ('1'::numeric - lineitem.l_discount))) = $0)
                           Batches: 1  Memory Usage: 47121kB
                           Rows Removed by Filter: 99999
                           ->  Bitmap Heap Scan on lineitem  (cost=34772.72..1838199.72 rows=2168698 width=16) (actual time=426.389..17757.758 rows=2265714 loops=1)
                                 Recheck Cond: ((l_shipdate >= '1996-01-01'::date) AND (l_shipdate < '1996-04-01'::date))
                                 Rows Removed by Index Recheck: 13223651
                                 Heap Blocks: exact=401153 lossy=267105
                                 ->  Bitmap Index Scan on idx_lineitem_shipdate  (cost=0.00..34230.54 rows=2168698 width=0) (actual time=341.987..341.987 rows=2265714 loops=1)
                                       Index Cond: ((l_shipdate >= '1996-01-01'::date) AND (l_shipdate < '1996-04-01'::date))
 Planning Time: 14.410 ms
 Execution Time: 26065.475 ms
(32 rows)

DROP VIEW
SET
SET
SET
CREATE VIEW
                                                                                   QUERY PLAN                                                                                   
--------------------------------------------------------------------------------------------------------------------------------------------------------------------------------
 Limit  (cost=3723732.07..3723741.02 rows=1 width=103) (actual time=13008.617..13008.621 rows=1 loops=1)
   InitPlan 1 (returns $0)
     ->  Aggregate  (cost=1862343.90..1862343.91 rows=1 width=32) (actual time=6213.522..6213.524 rows=1 loops=1)
           ->  HashAggregate  (cost=1859886.70..1861115.30 rows=98288 width=36) (actual time=6169.498..6207.600 rows=100000 loops=1)
                 Group Key: lineitem_1.l_suppkey
                 Batches: 1  Memory Usage: 47121kB
                 ->  Bitmap Heap Scan on lineitem lineitem_1  (cost=34772.72..1838199.72 rows=2168698 width=16) (actual time=366.436..4590.021 rows=2265714 loops=1)
                       Recheck Cond: ((l_shipdate >= '1996-01-01'::date) AND (l_shipdate < '1996-04-01'::date))
                       Rows Removed by Index Recheck: 13223651
                       Heap Blocks: exact=401153 lossy=267105
                       ->  Bitmap Index Scan on idx_lineitem_shipdate  (cost=0.00..34230.54 rows=2168698 width=0) (actual time=282.726..282.726 rows=2265714 loops=1)
                             Index Cond: ((l_shipdate >= '1996-01-01'::date) AND (l_shipdate < '1996-04-01'::date))
   ->  Merge Join  (cost=1861388.17..1865781.03 rows=491 width=103) (actual time=13008.615..13008.616 rows=1 loops=1)
         Merge Cond: (supplier.s_suppkey = revenue0.supplier_no)
         ->  Index Scan using supplier_pkey on supplier  (cost=0.29..4135.79 rows=100000 width=71) (actual time=0.050..12.749 rows=69998 loops=1)
         ->  Sort  (cost=1861387.87..1861389.10 rows=491 width=36) (actual time=12990.988..12990.990 rows=1 loops=1)
               Sort Key: revenue0.supplier_no
               Sort Method: quicksort  Memory: 25kB
               ->  Subquery Scan on revenue0  (cost=1859886.70..1861365.93 rows=491 width=36) (actual time=12964.341..12990.981 rows=1 loops=1)
                     ->  HashAggregate  (cost=1859886.70..1861361.02 rows=491 width=36) (actual time=12964.340..12990.978 rows=1 loops=1)
                           Group Key: lineitem.l_suppkey
                           Filter: (sum((lineitem.l_extendedprice * ('1'::numeric - lineitem.l_discount))) = $0)
                           Batches: 1  Memory Usage: 47121kB
                           Rows Removed by Filter: 99999
                           ->  Bitmap Heap Scan on lineitem  (cost=34772.72..1838199.72 rows=2168698 width=16) (actual time=389.174..5136.822 rows=2265714 loops=1)
                                 Recheck Cond: ((l_shipdate >= '1996-01-01'::date) AND (l_shipdate < '1996-04-01'::date))
                                 Rows Removed by Index Recheck: 13223651
                                 Heap Blocks: exact=401153 lossy=267105
                                 ->  Bitmap Index Scan on idx_lineitem_shipdate  (cost=0.00..34230.54 rows=2168698 width=0) (actual time=305.731..305.731 rows=2265714 loops=1)
                                       Index Cond: ((l_shipdate >= '1996-01-01'::date) AND (l_shipdate < '1996-04-01'::date))
 Planning Time: 0.987 ms
 Execution Time: 13010.280 ms
(32 rows)

DROP VIEW
query 16 run 1
SET
SET
SET
                                                                                         QUERY PLAN                                                                                         
--------------------------------------------------------------------------------------------------------------------------------------------------------------------------------------------
 Limit  (cost=358099.27..358099.27 rows=1 width=44) (actual time=6568.424..6568.427 rows=1 loops=1)
   ->  Sort  (cost=358099.27..358482.41 rows=153255 width=44) (actual time=6568.423..6568.425 rows=1 loops=1)
         Sort Key: (count(DISTINCT partsupp.ps_suppkey)) DESC, part.p_brand, part.p_type, part.p_size
         Sort Method: top-N heapsort  Memory: 25kB
         ->  GroupAggregate  (cost=348432.01..357333.00 rows=153255 width=44) (actual time=5929.018..6562.645 rows=27838 loops=1)
               Group Key: part.p_brand, part.p_type, part.p_size
               ->  Sort  (cost=348432.01..349905.70 rows=589475 width=40) (actual time=5928.965..6278.008 rows=1186319 loops=1)
                     Sort Key: part.p_brand, part.p_type, part.p_size
                     Sort Method: external merge  Disk: 60592kB
                     ->  Hash Join  (cost=98136.20..281570.07 rows=589475 width=40) (actual time=836.108..3152.209 rows=1186319 loops=1)
                           Hash Cond: (partsupp.ps_partkey = part.p_partkey)
                           ->  Index Only Scan using partsupp_pkey on partsupp  (cost=3471.46..176403.33 rows=4000754 width=8) (actual time=35.543..1546.787 rows=7995520 loops=1)
                                 Filter: (NOT (hashed SubPlan 1))
                                 Rows Removed by Filter: 4480
                                 Heap Fetches: 0
                                 SubPlan 1
                                   ->  Seq Scan on supplier  (cost=0.00..3471.00 rows=10 width=4) (actual time=0.873..35.251 rows=56 loops=1)
                                         Filter: ((s_comment)::text ~~ '%Customer%Complaints%'::text)
                                         Rows Removed by Filter: 99944
                           ->  Hash  (cost=90981.20..90981.20 rows=294683 width=40) (actual time=799.925..799.925 rows=296733 loops=1)
                                 Buckets: 524288  Batches: 1  Memory Usage: 25593kB
                                 ->  Seq Scan on part  (cost=0.00..90981.20 rows=294683 width=40) (actual time=0.843..727.101 rows=296733 loops=1)
                                       Filter: ((p_brand <> 'Brand#12'::bpchar) AND ((p_type)::text !~~ 'SMALL BRUSHED%'::text) AND (p_size = ANY ('{12,32,36,26,40,34,49,9}'::integer[])))
                                       Rows Removed by Filter: 1703267
 Planning Time: 18.668 ms
 Execution Time: 6576.652 ms
(26 rows)

SET
SET
SET
                                                                                         QUERY PLAN                                                                                         
--------------------------------------------------------------------------------------------------------------------------------------------------------------------------------------------
 Limit  (cost=358099.27..358099.27 rows=1 width=44) (actual time=6097.796..6097.799 rows=1 loops=1)
   ->  Sort  (cost=358099.27..358482.41 rows=153255 width=44) (actual time=6097.795..6097.797 rows=1 loops=1)
         Sort Key: (count(DISTINCT partsupp.ps_suppkey)) DESC, part.p_brand, part.p_type, part.p_size
         Sort Method: top-N heapsort  Memory: 25kB
         ->  GroupAggregate  (cost=348432.01..357333.00 rows=153255 width=44) (actual time=5454.202..6091.979 rows=27838 loops=1)
               Group Key: part.p_brand, part.p_type, part.p_size
               ->  Sort  (cost=348432.01..349905.70 rows=589475 width=40) (actual time=5454.151..5802.247 rows=1186319 loops=1)
                     Sort Key: part.p_brand, part.p_type, part.p_size
                     Sort Method: external merge  Disk: 60592kB
                     ->  Hash Join  (cost=98136.20..281570.07 rows=589475 width=40) (actual time=534.648..2679.023 rows=1186319 loops=1)
                           Hash Cond: (partsupp.ps_partkey = part.p_partkey)
                           ->  Index Only Scan using partsupp_pkey on partsupp  (cost=3471.46..176403.33 rows=4000754 width=8) (actual time=20.462..1375.135 rows=7995520 loops=1)
                                 Filter: (NOT (hashed SubPlan 1))
                                 Rows Removed by Filter: 4480
                                 Heap Fetches: 0
                                 SubPlan 1
                                   ->  Seq Scan on supplier  (cost=0.00..3471.00 rows=10 width=4) (actual time=0.085..20.421 rows=56 loops=1)
                                         Filter: ((s_comment)::text ~~ '%Customer%Complaints%'::text)
                                         Rows Removed by Filter: 99944
                           ->  Hash  (cost=90981.20..90981.20 rows=294683 width=40) (actual time=513.572..513.573 rows=296733 loops=1)
                                 Buckets: 524288  Batches: 1  Memory Usage: 25593kB
                                 ->  Seq Scan on part  (cost=0.00..90981.20 rows=294683 width=40) (actual time=0.015..449.387 rows=296733 loops=1)
                                       Filter: ((p_brand <> 'Brand#12'::bpchar) AND ((p_type)::text !~~ 'SMALL BRUSHED%'::text) AND (p_size = ANY ('{12,32,36,26,40,34,49,9}'::integer[])))
                                       Rows Removed by Filter: 1703267
 Planning Time: 0.841 ms
 Execution Time: 6105.638 ms
(26 rows)

query 17 run 1
SET
SET
SET
                                                                            QUERY PLAN                                                                            
------------------------------------------------------------------------------------------------------------------------------------------------------------------
 Limit  (cost=4909677.07..4909677.08 rows=1 width=32) (actual time=56278.149..56278.152 rows=1 loops=1)
   ->  Aggregate  (cost=4909677.07..4909677.08 rows=1 width=32) (actual time=56278.147..56278.149 rows=1 loops=1)
         ->  Nested Loop  (cost=4174393.19..4909629.88 rows=18874 width=8) (actual time=33143.710..56276.143 rows=5319 loops=1)
               Join Filter: (part.p_partkey = lineitem.l_partkey)
               ->  Hash Join  (cost=4174392.75..4809445.31 rows=1888 width=40) (actual time=33143.153..55303.172 rows=1996 loops=1)
                     Hash Cond: (lineitem_1.l_partkey = part.p_partkey)
                     ->  HashAggregate  (cost=4103385.15..4715931.76 rows=1782649 width=36) (actual time=32602.098..54619.094 rows=2000000 loops=1)
                           Group Key: lineitem_1.l_partkey
                           Planned Partitions: 16  Batches: 17  Memory Usage: 65681kB  Disk Usage: 2015240kB
                           ->  Seq Scan on lineitem lineitem_1  (cost=0.00..1725009.24 rows=59986624 width=9) (actual time=0.736..7531.783 rows=59986052 loops=1)
                     ->  Hash  (cost=70981.12..70981.12 rows=2118 width=4) (actual time=539.248..539.249 rows=1996 loops=1)
                           Buckets: 4096  Batches: 1  Memory Usage: 103kB
                           ->  Seq Scan on part  (cost=0.00..70981.12 rows=2118 width=4) (actual time=1.188..538.049 rows=1996 loops=1)
                                 Filter: ((p_brand = 'Brand#22'::bpchar) AND (p_container = 'LG BOX'::bpchar))
                                 Rows Removed by Filter: 1998004
               ->  Index Scan using idx_lineitem_part_supp on lineitem  (cost=0.44..52.93 rows=11 width=17) (actual time=0.342..0.486 rows=3 loops=1996)
                     Index Cond: (l_partkey = lineitem_1.l_partkey)
                     Filter: (l_quantity < ((0.2 * avg(lineitem_1.l_quantity))))
                     Rows Removed by Filter: 27
 Planning Time: 13.156 ms
 Execution Time: 56531.195 ms
(21 rows)

SET
SET
SET
                                                                            QUERY PLAN                                                                            
------------------------------------------------------------------------------------------------------------------------------------------------------------------
 Limit  (cost=4909677.07..4909677.08 rows=1 width=32) (actual time=52766.161..52766.164 rows=1 loops=1)
   ->  Aggregate  (cost=4909677.07..4909677.08 rows=1 width=32) (actual time=52766.159..52766.161 rows=1 loops=1)
         ->  Nested Loop  (cost=4174393.19..4909629.88 rows=18874 width=8) (actual time=30599.850..52765.356 rows=5319 loops=1)
               Join Filter: (part.p_partkey = lineitem.l_partkey)
               ->  Hash Join  (cost=4174392.75..4809445.31 rows=1888 width=40) (actual time=30599.818..52721.661 rows=1996 loops=1)
                     Hash Cond: (lineitem_1.l_partkey = part.p_partkey)
                     ->  HashAggregate  (cost=4103385.15..4715931.76 rows=1782649 width=36) (actual time=30331.487..52320.045 rows=2000000 loops=1)
                           Group Key: lineitem_1.l_partkey
                           Planned Partitions: 16  Batches: 17  Memory Usage: 65681kB  Disk Usage: 2015240kB
                           ->  Seq Scan on lineitem lineitem_1  (cost=0.00..1725009.24 rows=59986624 width=9) (actual time=0.034..5735.568 rows=59986052 loops=1)
                     ->  Hash  (cost=70981.12..70981.12 rows=2118 width=4) (actual time=266.522..266.522 rows=1996 loops=1)
                           Buckets: 4096  Batches: 1  Memory Usage: 103kB
                           ->  Seq Scan on part  (cost=0.00..70981.12 rows=2118 width=4) (actual time=0.120..265.925 rows=1996 loops=1)
                                 Filter: ((p_brand = 'Brand#22'::bpchar) AND (p_container = 'LG BOX'::bpchar))
                                 Rows Removed by Filter: 1998004
               ->  Index Scan using idx_lineitem_part_supp on lineitem  (cost=0.44..52.93 rows=11 width=17) (actual time=0.010..0.021 rows=3 loops=1996)
                     Index Cond: (l_partkey = lineitem_1.l_partkey)
                     Filter: (l_quantity < ((0.2 * avg(lineitem_1.l_quantity))))
                     Rows Removed by Filter: 27
 Planning Time: 1.148 ms
 Execution Time: 53001.098 ms
(21 rows)

query 18 run 1
SET
SET
SET
                                                                                                 QUERY PLAN                                                                                                  
-------------------------------------------------------------------------------------------------------------------------------------------------------------------------------------------------------------
 Limit  (cost=8775552.25..8775552.50 rows=100 width=71) (actual time=41944.244..41944.257 rows=99 loops=1)
   ->  Sort  (cost=8775552.25..8825535.80 rows=19993420 width=71) (actual time=41944.243..41944.250 rows=99 loops=1)
         Sort Key: orders.o_totalprice DESC, orders.o_orderdate
         Sort Method: quicksort  Memory: 32kB
         ->  HashAggregate  (cost=7410053.53..8011418.11 rows=19993420 width=71) (actual time=41943.160..41943.923 rows=99 loops=1)
               Group Key: customer.c_custkey, orders.o_orderkey
               Planned Partitions: 128  Batches: 1  Memory Usage: 6225kB
               ->  Hash Join  (cost=78675.86..6333064.22 rows=19993420 width=44) (actual time=3075.278..41942.666 rows=693 loops=1)
                     Hash Cond: (orders.o_custkey = customer.c_custkey)
                     ->  Merge Join  (cost=190.44..5919958.94 rows=19993420 width=25) (actual time=998.767..41174.066 rows=693 loops=1)
                           Merge Cond: (orders.o_orderkey = lineitem.l_orderkey)
                           ->  Merge Join  (cost=1.00..3390272.04 rows=4998885 width=24) (actual time=766.341..29998.843 rows=99 loops=1)
                                 Merge Cond: (orders.o_orderkey = lineitem_1.l_orderkey)
                                 ->  Index Scan using orders_pkey on orders  (cost=0.43..547939.12 rows=14998246 width=20) (actual time=0.499..2965.051 rows=14982724 loops=1)
                                 ->  GroupAggregate  (cost=0.56..2692362.39 rows=4998885 width=4) (actual time=658.019..26137.590 rows=99 loops=1)
                                       Group Key: lineitem_1.l_orderkey
                                       Filter: (sum(lineitem_1.l_quantity) > '313'::numeric)
                                       Rows Removed by Filter: 14999901
                                       ->  Index Scan using idx_lineitem_orderkey on lineitem lineitem_1  (cost=0.56..2167479.43 rows=59986624 width=9) (actual time=0.436..12412.086 rows=59986052 loops=1)
                           ->  Index Scan using idx_lineitem_orderkey on lineitem  (cost=0.56..2167479.43 rows=59986624 width=9) (actual time=0.014..7682.421 rows=59916431 loops=1)
                     ->  Hash  (cost=50946.74..50946.74 rows=1499974 width=23) (actual time=687.473..687.474 rows=1500000 loops=1)
                           Buckets: 1048576  Batches: 2  Memory Usage: 49242kB
                           ->  Seq Scan on customer  (cost=0.00..50946.74 rows=1499974 width=23) (actual time=0.425..412.686 rows=1500000 loops=1)
 Planning Time: 19.732 ms
 Execution Time: 41945.692 ms
(25 rows)

SET
SET
SET
                                                                                                 QUERY PLAN                                                                                                  
-------------------------------------------------------------------------------------------------------------------------------------------------------------------------------------------------------------
 Limit  (cost=8775552.25..8775552.50 rows=100 width=71) (actual time=38759.348..38759.361 rows=99 loops=1)
   ->  Sort  (cost=8775552.25..8825535.80 rows=19993420 width=71) (actual time=38759.346..38759.353 rows=99 loops=1)
         Sort Key: orders.o_totalprice DESC, orders.o_orderdate
         Sort Method: quicksort  Memory: 32kB
         ->  HashAggregate  (cost=7410053.53..8011418.11 rows=19993420 width=71) (actual time=38758.231..38759.014 rows=99 loops=1)
               Group Key: customer.c_custkey, orders.o_orderkey
               Planned Partitions: 128  Batches: 1  Memory Usage: 6225kB
               ->  Hash Join  (cost=78675.86..6333064.22 rows=19993420 width=44) (actual time=2635.084..38757.767 rows=693 loops=1)
                     Hash Cond: (orders.o_custkey = customer.c_custkey)
                     ->  Merge Join  (cost=190.44..5919958.94 rows=19993420 width=25) (actual time=866.760..38126.335 rows=693 loops=1)
                           Merge Cond: (orders.o_orderkey = lineitem.l_orderkey)
                           ->  Merge Join  (cost=1.00..3390272.04 rows=4998885 width=24) (actual time=627.780..26764.896 rows=99 loops=1)
                                 Merge Cond: (orders.o_orderkey = lineitem_1.l_orderkey)
                                 ->  Index Scan using orders_pkey on orders  (cost=0.43..547939.12 rows=14998246 width=20) (actual time=0.027..2376.795 rows=14982724 loops=1)
                                 ->  GroupAggregate  (cost=0.56..2692362.39 rows=4998885 width=4) (actual time=548.740..23513.655 rows=99 loops=1)
                                       Group Key: lineitem_1.l_orderkey
                                       Filter: (sum(lineitem_1.l_quantity) > '313'::numeric)
                                       Rows Removed by Filter: 14999901
                                       ->  Index Scan using idx_lineitem_orderkey on lineitem lineitem_1  (cost=0.56..2167479.43 rows=59986624 width=9) (actual time=0.017..10079.767 rows=59986052 loops=1)
                           ->  Index Scan using idx_lineitem_orderkey on lineitem  (cost=0.56..2167479.43 rows=59986624 width=9) (actual time=0.013..7872.161 rows=59916431 loops=1)
                     ->  Hash  (cost=50946.74..50946.74 rows=1499974 width=23) (actual time=550.785..550.785 rows=1500000 loops=1)
                           Buckets: 1048576  Batches: 2  Memory Usage: 49242kB
                           ->  Seq Scan on customer  (cost=0.00..50946.74 rows=1499974 width=23) (actual time=0.031..287.087 rows=1500000 loops=1)
 Planning Time: 1.590 ms
 Execution Time: 38760.613 ms
(25 rows)

query 19 run 1
SET
SET
SET
                                                                                                                                                                                                                                                                                                                                                                                                                                                                                                            QUERY PLAN                                                                                                                                                                                                                                                                                                                                                                                                                                                                                                            
----------------------------------------------------------------------------------------------------------------------------------------------------------------------------------------------------------------------------------------------------------------------------------------------------------------------------------------------------------------------------------------------------------------------------------------------------------------------------------------------------------------------------------------------------------------------------------------------------------------------------------------------------------------------------------------------------------------------------------------------------------------------------------------------------------------------------------------------------------------------------------------------------------------------------------------------------------------------------------------------------------------------------------
 Limit  (cost=398648.69..398648.70 rows=1 width=32) (actual time=24576.877..24576.878 rows=1 loops=1)
   ->  Aggregate  (cost=398648.69..398648.70 rows=1 width=32) (actual time=24576.875..24576.876 rows=1 loops=1)
         ->  Nested Loop  (cost=0.44..398640.13 rows=1142 width=12) (actual time=69.413..24573.697 rows=1063 loops=1)
               ->  Seq Scan on part  (cost=0.00..125981.34 rows=4949 width=30) (actual time=1.223..847.658 rows=4781 loops=1)
                     Filter: ((p_size >= 1) AND (((p_brand = 'Brand#24'::bpchar) AND (p_container = ANY ('{"SM CASE","SM BOX","SM PACK","SM PKG"}'::bpchar[])) AND (p_size <= 5)) OR ((p_brand = 'Brand#43'::bpchar) AND (p_container = ANY ('{"MED BAG","MED BOX","MED PKG","MED PACK"}'::bpchar[])) AND (p_size <= 10)) OR ((p_brand = 'Brand#44'::bpchar) AND (p_container = ANY ('{"LG CASE","LG BOX","LG PACK","LG PKG"}'::bpchar[])) AND (p_size <= 15))))
                     Rows Removed by Filter: 1995219
               ->  Index Scan using idx_lineitem_part_supp on lineitem  (cost=0.44..55.08 rows=1 width=21) (actual time=4.476..4.961 rows=0 loops=4781)
                     Index Cond: (l_partkey = part.p_partkey)
                     Filter: ((l_shipmode = ANY ('{AIR,"AIR REG"}'::bpchar[])) AND (l_shipinstruct = 'DELIVER IN PERSON'::bpchar) AND (((l_quantity >= '10'::numeric) AND (l_quantity <= '20'::numeric)) OR ((l_quantity >= '10'::numeric) AND (l_quantity <= '20'::numeric)) OR ((l_quantity >= '20'::numeric) AND (l_quantity <= '30'::numeric))) AND (((part.p_brand = 'Brand#24'::bpchar) AND (part.p_container = ANY ('{"SM CASE","SM BOX","SM PACK","SM PKG"}'::bpchar[])) AND (l_quantity >= '10'::numeric) AND (l_quantity <= '20'::numeric) AND (part.p_size <= 5)) OR ((part.p_brand = 'Brand#43'::bpchar) AND (part.p_container = ANY ('{"MED BAG","MED BOX","MED PKG","MED PACK"}'::bpchar[])) AND (l_quantity >= '10'::numeric) AND (l_quantity <= '20'::numeric) AND (part.p_size <= 10)) OR ((part.p_brand = 'Brand#44'::bpchar) AND (part.p_container = ANY ('{"LG CASE","LG BOX","LG PACK","LG PKG"}'::bpchar[])) AND (l_quantity >= '20'::numeric) AND (l_quantity <= '30'::numeric) AND (part.p_size <= 15))))
                     Rows Removed by Filter: 30
 Planning Time: 15.235 ms
 Execution Time: 24577.863 ms
(12 rows)

SET
SET
SET
                                                                                                                                                                                                                                                                                                                                                                                                                                                                                                            QUERY PLAN                                                                                                                                                                                                                                                                                                                                                                                                                                                                                                            
----------------------------------------------------------------------------------------------------------------------------------------------------------------------------------------------------------------------------------------------------------------------------------------------------------------------------------------------------------------------------------------------------------------------------------------------------------------------------------------------------------------------------------------------------------------------------------------------------------------------------------------------------------------------------------------------------------------------------------------------------------------------------------------------------------------------------------------------------------------------------------------------------------------------------------------------------------------------------------------------------------------------------------
 Limit  (cost=398648.69..398648.70 rows=1 width=32) (actual time=619.956..619.957 rows=1 loops=1)
   ->  Aggregate  (cost=398648.69..398648.70 rows=1 width=32) (actual time=619.955..619.956 rows=1 loops=1)
         ->  Nested Loop  (cost=0.44..398640.13 rows=1142 width=12) (actual time=1.538..619.214 rows=1063 loops=1)
               ->  Seq Scan on part  (cost=0.00..125981.34 rows=4949 width=30) (actual time=0.215..463.648 rows=4781 loops=1)
                     Filter: ((p_size >= 1) AND (((p_brand = 'Brand#24'::bpchar) AND (p_container = ANY ('{"SM CASE","SM BOX","SM PACK","SM PKG"}'::bpchar[])) AND (p_size <= 5)) OR ((p_brand = 'Brand#43'::bpchar) AND (p_container = ANY ('{"MED BAG","MED BOX","MED PKG","MED PACK"}'::bpchar[])) AND (p_size <= 10)) OR ((p_brand = 'Brand#44'::bpchar) AND (p_container = ANY ('{"LG CASE","LG BOX","LG PACK","LG PKG"}'::bpchar[])) AND (p_size <= 15))))
                     Rows Removed by Filter: 1995219
               ->  Index Scan using idx_lineitem_part_supp on lineitem  (cost=0.44..55.08 rows=1 width=21) (actual time=0.029..0.032 rows=0 loops=4781)
                     Index Cond: (l_partkey = part.p_partkey)
                     Filter: ((l_shipmode = ANY ('{AIR,"AIR REG"}'::bpchar[])) AND (l_shipinstruct = 'DELIVER IN PERSON'::bpchar) AND (((l_quantity >= '10'::numeric) AND (l_quantity <= '20'::numeric)) OR ((l_quantity >= '10'::numeric) AND (l_quantity <= '20'::numeric)) OR ((l_quantity >= '20'::numeric) AND (l_quantity <= '30'::numeric))) AND (((part.p_brand = 'Brand#24'::bpchar) AND (part.p_container = ANY ('{"SM CASE","SM BOX","SM PACK","SM PKG"}'::bpchar[])) AND (l_quantity >= '10'::numeric) AND (l_quantity <= '20'::numeric) AND (part.p_size <= 5)) OR ((part.p_brand = 'Brand#43'::bpchar) AND (part.p_container = ANY ('{"MED BAG","MED BOX","MED PKG","MED PACK"}'::bpchar[])) AND (l_quantity >= '10'::numeric) AND (l_quantity <= '20'::numeric) AND (part.p_size <= 10)) OR ((part.p_brand = 'Brand#44'::bpchar) AND (part.p_container = ANY ('{"LG CASE","LG BOX","LG PACK","LG PKG"}'::bpchar[])) AND (l_quantity >= '20'::numeric) AND (l_quantity <= '30'::numeric) AND (part.p_size <= 15))))
                     Rows Removed by Filter: 30
 Planning Time: 1.026 ms
 Execution Time: 620.013 ms
(12 rows)

query 20 run 1
SET
SET
SET
                                                                                       QUERY PLAN                                                                                        
-----------------------------------------------------------------------------------------------------------------------------------------------------------------------------------------
 Limit  (cost=2776045.47..2776045.48 rows=1 width=51) (actual time=65381.582..65381.595 rows=1 loops=1)
   ->  Sort  (cost=2776045.47..2776045.48 rows=1 width=51) (actual time=65381.580..65381.584 rows=1 loops=1)
         Sort Key: supplier.s_name
         Sort Method: top-N heapsort  Memory: 25kB
         ->  Nested Loop Semi Join  (cost=2523959.87..2776045.46 rows=1 width=51) (actual time=43365.704..65379.710 rows=1821 loops=1)
               Join Filter: (supplier.s_suppkey = lineitem.l_suppkey)
               Rows Removed by Join Filter: 183379751
               ->  Nested Loop  (cost=0.00..4472.31 rows=4000 width=55) (actual time=0.510..23.476 rows=4095 loops=1)
                     Join Filter: (supplier.s_nationkey = nation.n_nationkey)
                     Rows Removed by Join Filter: 95905
                     ->  Seq Scan on nation  (cost=0.00..1.31 rows=1 width=4) (actual time=0.245..0.249 rows=1 loops=1)
                           Filter: (n_name = 'IRAQ'::bpchar)
                           Rows Removed by Filter: 24
                     ->  Seq Scan on supplier  (cost=0.00..3221.00 rows=100000 width=59) (actual time=0.257..15.636 rows=100000 loops=1)
               ->  Materialize  (cost=2523959.87..2771393.16 rows=3 width=8) (actual time=10.184..13.530 rows=44782 loops=4095)
                     ->  Hash Join  (cost=2523959.87..2771393.14 rows=3 width=8) (actual time=41701.771..49092.507 rows=59002 loops=1)
                           Hash Cond: ((lineitem.l_partkey = partsupp.ps_partkey) AND (lineitem.l_suppkey = partsupp.ps_suppkey))
                           Join Filter: ((partsupp.ps_availqty)::numeric > ((0.5 * sum(lineitem.l_quantity))))
                           Rows Removed by Join Filter: 123
                           ->  HashAggregate  (cost=2380996.07..2543425.64 rows=4857347 width=40) (actual time=36518.624..43077.702 rows=5448842 loops=1)
                                 Group Key: lineitem.l_partkey, lineitem.l_suppkey
                                 Planned Partitions: 32  Batches: 161  Memory Usage: 65809kB  Disk Usage: 358200kB
                                 ->  Bitmap Heap Scan on lineitem  (cost=147060.07..1994414.69 rows=9171903 width=13) (actual time=1257.789..31530.612 rows=9123688 loops=1)
                                       Recheck Cond: ((l_shipdate >= '1996-01-01'::date) AND (l_shipdate < '1997-01-01'::date))
                                       Rows Removed by Index Recheck: 23164080
                                       Heap Blocks: exact=518099 lossy=530696
                                       ->  Bitmap Index Scan on idx_lineitem_shipdate  (cost=0.00..144767.10 rows=9171903 width=0) (actual time=1137.710..1137.710 rows=9123688 loops=1)
                                             Index Cond: ((l_shipdate >= '1996-01-01'::date) AND (l_shipdate < '1997-01-01'::date))
                           ->  Hash  (cost=141751.45..141751.45 rows=80823 width=16) (actual time=5182.998..5182.999 rows=86872 loops=1)
                                 Buckets: 131072  Batches: 1  Memory Usage: 5097kB
                                 ->  Nested Loop  (cost=0.43..141751.45 rows=80823 width=16) (actual time=0.896..5137.034 rows=86872 loops=1)
                                       ->  Seq Scan on part  (cost=0.00..65981.10 rows=20202 width=4) (actual time=0.564..726.401 rows=21718 loops=1)
                                             Filter: ((p_name)::text ~~ 'olive%'::text)
                                             Rows Removed by Filter: 1978282
                                       ->  Index Scan using idx_partsupp_partkey on partsupp  (cost=0.43..3.57 rows=18 width=12) (actual time=0.185..0.201 rows=4 loops=21718)
                                             Index Cond: (ps_partkey = part.p_partkey)
 Planning Time: 22.092 ms
 Execution Time: 65424.213 ms
(38 rows)

SET
SET
SET
                                                                                      QUERY PLAN                                                                                       
---------------------------------------------------------------------------------------------------------------------------------------------------------------------------------------
 Limit  (cost=2776045.47..2776045.48 rows=1 width=51) (actual time=37551.661..37551.675 rows=1 loops=1)
   ->  Sort  (cost=2776045.47..2776045.48 rows=1 width=51) (actual time=37551.660..37551.663 rows=1 loops=1)
         Sort Key: supplier.s_name
         Sort Method: top-N heapsort  Memory: 25kB
         ->  Nested Loop Semi Join  (cost=2523959.87..2776045.46 rows=1 width=51) (actual time=15302.673..37549.833 rows=1821 loops=1)
               Join Filter: (supplier.s_suppkey = lineitem.l_suppkey)
               Rows Removed by Join Filter: 183379751
               ->  Nested Loop  (cost=0.00..4472.31 rows=4000 width=55) (actual time=0.041..19.589 rows=4095 loops=1)
                     Join Filter: (supplier.s_nationkey = nation.n_nationkey)
                     Rows Removed by Join Filter: 95905
                     ->  Seq Scan on nation  (cost=0.00..1.31 rows=1 width=4) (actual time=0.029..0.032 rows=1 loops=1)
                           Filter: (n_name = 'IRAQ'::bpchar)
                           Rows Removed by Filter: 24
                     ->  Seq Scan on supplier  (cost=0.00..3221.00 rows=100000 width=59) (actual time=0.005..12.025 rows=100000 loops=1)
               ->  Materialize  (cost=2523959.87..2771393.16 rows=3 width=8) (actual time=3.330..6.724 rows=44782 loops=4095)
                     ->  Hash Join  (cost=2523959.87..2771393.14 rows=3 width=8) (actual time=13635.720..21043.076 rows=59002 loops=1)
                           Hash Cond: ((lineitem.l_partkey = partsupp.ps_partkey) AND (lineitem.l_suppkey = partsupp.ps_suppkey))
                           Join Filter: ((partsupp.ps_availqty)::numeric > ((0.5 * sum(lineitem.l_quantity))))
                           Rows Removed by Join Filter: 123
                           ->  HashAggregate  (cost=2380996.07..2543425.64 rows=4857347 width=40) (actual time=13075.185..19648.572 rows=5448842 loops=1)
                                 Group Key: lineitem.l_partkey, lineitem.l_suppkey
                                 Planned Partitions: 32  Batches: 161  Memory Usage: 65809kB  Disk Usage: 358200kB
                                 ->  Bitmap Heap Scan on lineitem  (cost=147060.07..1994414.69 rows=9171903 width=13) (actual time=1115.663..8996.813 rows=9123688 loops=1)
                                       Recheck Cond: ((l_shipdate >= '1996-01-01'::date) AND (l_shipdate < '1997-01-01'::date))
                                       Rows Removed by Index Recheck: 23164080
                                       Heap Blocks: exact=518099 lossy=530696
                                       ->  Bitmap Index Scan on idx_lineitem_shipdate  (cost=0.00..144767.10 rows=9171903 width=0) (actual time=996.333..996.333 rows=9123688 loops=1)
                                             Index Cond: ((l_shipdate >= '1996-01-01'::date) AND (l_shipdate < '1997-01-01'::date))
                           ->  Hash  (cost=141751.45..141751.45 rows=80823 width=16) (actual time=560.357..560.358 rows=86872 loops=1)
                                 Buckets: 131072  Batches: 1  Memory Usage: 5097kB
                                 ->  Nested Loop  (cost=0.43..141751.45 rows=80823 width=16) (actual time=0.063..539.021 rows=86872 loops=1)
                                       ->  Seq Scan on part  (cost=0.00..65981.10 rows=20202 width=4) (actual time=0.047..331.617 rows=21718 loops=1)
                                             Filter: ((p_name)::text ~~ 'olive%'::text)
                                             Rows Removed by Filter: 1978282
                                       ->  Index Scan using idx_partsupp_partkey on partsupp  (cost=0.43..3.57 rows=18 width=12) (actual time=0.008..0.009 rows=4 loops=21718)
                                             Index Cond: (ps_partkey = part.p_partkey)
 Planning Time: 2.323 ms
 Execution Time: 37597.846 ms
(38 rows)

query 21 run 1
SET
SET
SET
                                                                                               QUERY PLAN                                                                                                
---------------------------------------------------------------------------------------------------------------------------------------------------------------------------------------------------------
 Limit  (cost=3772835.29..3772835.29 rows=1 width=34) (actual time=25242.024..25242.039 rows=100 loops=1)
   ->  Sort  (cost=3772835.29..3772835.29 rows=1 width=34) (actual time=25242.023..25242.032 rows=100 loops=1)
         Sort Key: (count(*)) DESC, supplier.s_name
         Sort Method: top-N heapsort  Memory: 38kB
         ->  GroupAggregate  (cost=3772835.26..3772835.28 rows=1 width=34) (actual time=25234.597..25240.814 rows=3991 loops=1)
               Group Key: supplier.s_name
               ->  Sort  (cost=3772835.26..3772835.26 rows=1 width=26) (actual time=25234.585..25236.280 rows=39281 loops=1)
                     Sort Key: supplier.s_name
                     Sort Method: quicksort  Memory: 4298kB
                     ->  Nested Loop Semi Join  (cost=1976516.66..3772835.25 rows=1 width=26) (actual time=15335.634..25071.450 rows=39281 loops=1)
                           Join Filter: (l2.l_suppkey <> l1.l_suppkey)
                           Rows Removed by Join Filter: 42025
                           ->  Nested Loop Anti Join  (cost=1976516.10..3772831.60 rows=1 width=38) (actual time=15335.627..24922.362 rows=65960 loops=1)
                                 ->  Hash Join  (cost=1976515.53..2520011.82 rows=390180 width=38) (actual time=15335.558..20033.198 rows=730985 loops=1)
                                       Hash Cond: (orders.o_orderkey = l1.l_orderkey)
                                       ->  Seq Scan on orders  (cost=0.00..448746.08 rows=7316644 width=4) (actual time=0.411..2514.174 rows=7309184 loops=1)
                                             Filter: (o_orderstatus = 'F'::bpchar)
                                             Rows Removed by Filter: 7690816
                                       ->  Hash  (cost=1960268.76..1960268.76 rows=799822 width=34) (actual time=15333.749..15333.751 rows=1514267 loops=1)
                                             Buckets: 1048576  Batches: 2  Memory Usage: 58450kB
                                             ->  Hash Join  (cost=2311.46..1960268.76 rows=799822 width=34) (actual time=59.054..14928.714 rows=1514267 loops=1)
                                                   Hash Cond: (l1.l_suppkey = supplier.s_suppkey)
                                                   ->  Seq Scan on lineitem l1  (cost=0.00..1874975.80 rows=19995541 width=8) (actual time=0.505..11413.693 rows=37929348 loops=1)
                                                         Filter: (l_receiptdate > l_commitdate)
                                                         Rows Removed by Filter: 22056704
                                                   ->  Hash  (cost=2261.46..2261.46 rows=4000 width=30) (actual time=58.479..58.481 rows=3991 loops=1)
                                                         Buckets: 4096  Batches: 1  Memory Usage: 282kB
                                                         ->  Nested Loop  (cost=37.29..2261.46 rows=4000 width=30) (actual time=1.606..57.023 rows=3991 loops=1)
                                                               ->  Seq Scan on nation  (cost=0.00..1.31 rows=1 width=4) (actual time=0.231..0.236 rows=1 loops=1)
                                                                     Filter: (n_name = 'PERU'::bpchar)
                                                                     Rows Removed by Filter: 24
                                                               ->  Bitmap Heap Scan on supplier  (cost=37.29..2220.15 rows=4000 width=34) (actual time=1.365..55.844 rows=3991 loops=1)
                                                                     Recheck Cond: (s_nationkey = nation.n_nationkey)
                                                                     Heap Blocks: exact=1865
                                                                     ->  Bitmap Index Scan on idx_supplier_nation_key  (cost=0.00..36.29 rows=4000 width=0) (actual time=0.907..0.907 rows=3991 loops=1)
                                                                           Index Cond: (s_nationkey = nation.n_nationkey)
                                 ->  Index Scan using idx_lineitem_orderkey on lineitem l3  (cost=0.56..3.64 rows=1 width=8) (actual time=0.006..0.006 rows=1 loops=730985)
                                       Index Cond: (l_orderkey = l1.l_orderkey)
                                       Filter: ((l_receiptdate > l_commitdate) AND (l_suppkey <> l1.l_suppkey))
                                       Rows Removed by Filter: 1
                           ->  Index Scan using idx_lineitem_orderkey on lineitem l2  (cost=0.56..3.62 rows=4 width=8) (actual time=0.002..0.002 rows=1 loops=65960)
                                 Index Cond: (l_orderkey = orders.o_orderkey)
 Planning Time: 18.550 ms
 Execution Time: 25242.490 ms
(44 rows)

SET
SET
SET
                                                                                               QUERY PLAN                                                                                                
---------------------------------------------------------------------------------------------------------------------------------------------------------------------------------------------------------
 Limit  (cost=3772835.29..3772835.29 rows=1 width=34) (actual time=21259.996..21260.011 rows=100 loops=1)
   ->  Sort  (cost=3772835.29..3772835.29 rows=1 width=34) (actual time=21259.994..21260.003 rows=100 loops=1)
         Sort Key: (count(*)) DESC, supplier.s_name
         Sort Method: top-N heapsort  Memory: 38kB
         ->  GroupAggregate  (cost=3772835.26..3772835.28 rows=1 width=34) (actual time=21252.511..21258.785 rows=3991 loops=1)
               Group Key: supplier.s_name
               ->  Sort  (cost=3772835.26..3772835.26 rows=1 width=26) (actual time=21252.500..21254.195 rows=39281 loops=1)
                     Sort Key: supplier.s_name
                     Sort Method: quicksort  Memory: 4298kB
                     ->  Nested Loop Semi Join  (cost=1976516.66..3772835.25 rows=1 width=26) (actual time=13128.149..21090.184 rows=39281 loops=1)
                           Join Filter: (l2.l_suppkey <> l1.l_suppkey)
                           Rows Removed by Join Filter: 42025
                           ->  Nested Loop Anti Join  (cost=1976516.10..3772831.60 rows=1 width=38) (actual time=13128.136..20947.458 rows=65960 loops=1)
                                 ->  Hash Join  (cost=1976515.53..2520011.82 rows=390180 width=38) (actual time=13128.071..17312.085 rows=730985 loops=1)
                                       Hash Cond: (orders.o_orderkey = l1.l_orderkey)
                                       ->  Seq Scan on orders  (cost=0.00..448746.08 rows=7316644 width=4) (actual time=0.021..2060.854 rows=7309184 loops=1)
                                             Filter: (o_orderstatus = 'F'::bpchar)
                                             Rows Removed by Filter: 7690816
                                       ->  Hash  (cost=1960268.76..1960268.76 rows=799822 width=34) (actual time=13126.651..13126.654 rows=1514267 loops=1)
                                             Buckets: 1048576  Batches: 2  Memory Usage: 58450kB
                                             ->  Hash Join  (cost=2311.46..1960268.76 rows=799822 width=34) (actual time=15.012..12766.431 rows=1514267 loops=1)
                                                   Hash Cond: (l1.l_suppkey = supplier.s_suppkey)
                                                   ->  Seq Scan on lineitem l1  (cost=0.00..1874975.80 rows=19995541 width=8) (actual time=0.031..9629.002 rows=37929348 loops=1)
                                                         Filter: (l_receiptdate > l_commitdate)
                                                         Rows Removed by Filter: 22056704
                                                   ->  Hash  (cost=2261.46..2261.46 rows=4000 width=30) (actual time=14.945..14.947 rows=3991 loops=1)
                                                         Buckets: 4096  Batches: 1  Memory Usage: 282kB
                                                         ->  Nested Loop  (cost=37.29..2261.46 rows=4000 width=30) (actual time=0.548..14.096 rows=3991 loops=1)
                                                               ->  Seq Scan on nation  (cost=0.00..1.31 rows=1 width=4) (actual time=0.013..0.017 rows=1 loops=1)
                                                                     Filter: (n_name = 'PERU'::bpchar)
                                                                     Rows Removed by Filter: 24
                                                               ->  Bitmap Heap Scan on supplier  (cost=37.29..2220.15 rows=4000 width=34) (actual time=0.529..13.541 rows=3991 loops=1)
                                                                     Recheck Cond: (s_nationkey = nation.n_nationkey)
                                                                     Heap Blocks: exact=1865
                                                                     ->  Bitmap Index Scan on idx_supplier_nation_key  (cost=0.00..36.29 rows=4000 width=0) (actual time=0.317..0.317 rows=3991 loops=1)
                                                                           Index Cond: (s_nationkey = nation.n_nationkey)
                                 ->  Index Scan using idx_lineitem_orderkey on lineitem l3  (cost=0.56..3.64 rows=1 width=8) (actual time=0.005..0.005 rows=1 loops=730985)
                                       Index Cond: (l_orderkey = l1.l_orderkey)
                                       Filter: ((l_receiptdate > l_commitdate) AND (l_suppkey <> l1.l_suppkey))
                                       Rows Removed by Filter: 1
                           ->  Index Scan using idx_lineitem_orderkey on lineitem l2  (cost=0.56..3.62 rows=4 width=8) (actual time=0.002..0.002 rows=1 loops=65960)
                                 Index Cond: (l_orderkey = orders.o_orderkey)
 Planning Time: 2.771 ms
 Execution Time: 21260.245 ms
(44 rows)

query 22 run 1
SET
SET
SET
                                                                          QUERY PLAN                                                                          
--------------------------------------------------------------------------------------------------------------------------------------------------------------
 Limit  (cost=161594.13..161594.16 rows=1 width=72) (actual time=1942.187..1942.190 rows=1 loops=1)
   InitPlan 1 (returns $0)
     ->  Aggregate  (cost=75440.31..75440.32 rows=1 width=32) (actual time=976.772..976.772 rows=1 loops=1)
           ->  Seq Scan on customer customer_1  (cost=0.00..75321.32 rows=47594 width=6) (actual time=0.016..939.069 rows=382426 loops=1)
                 Filter: ((c_acctbal > 0.00) AND (SUBSTRING(c_phone FROM 1 FOR 2) = ANY ('{21,29,26,34,14,15,17}'::text[])))
                 Rows Removed by Filter: 1117574
   ->  GroupAggregate  (cost=86153.82..86372.28 rows=7944 width=72) (actual time=1942.186..1942.187 rows=1 loops=1)
         Group Key: (SUBSTRING(customer.c_phone FROM 1 FOR 2))
         ->  Sort  (cost=86153.82..86173.68 rows=7944 width=38) (actual time=1940.405..1940.751 rows=9006 loops=1)
               Sort Key: (SUBSTRING(customer.c_phone FROM 1 FOR 2))
               Sort Method: quicksort  Memory: 5005kB
               ->  Nested Loop Anti Join  (cost=0.43..85639.22 rows=7944 width=38) (actual time=977.046..1920.083 rows=63509 loops=1)
                     ->  Seq Scan on customer  (cost=0.00..75321.32 rows=17500 width=26) (actual time=977.029..1498.950 rows=191129 loops=1)
                           Filter: ((c_acctbal > $0) AND (SUBSTRING(c_phone FROM 1 FOR 2) = ANY ('{21,29,26,34,14,15,17}'::text[])))
                           Rows Removed by Filter: 1308871
                     ->  Index Only Scan using idx_orders_custkey on orders  (cost=0.43..2.17 rows=18 width=4) (actual time=0.002..0.002 rows=1 loops=191129)
                           Index Cond: (o_custkey = customer.c_custkey)
                           Heap Fetches: 0
 Planning Time: 15.407 ms
 Execution Time: 1943.528 ms
(20 rows)

SET
SET
SET
                                                                          QUERY PLAN                                                                          
--------------------------------------------------------------------------------------------------------------------------------------------------------------
 Limit  (cost=161594.13..161594.16 rows=1 width=72) (actual time=1538.483..1538.486 rows=1 loops=1)
   InitPlan 1 (returns $0)
     ->  Aggregate  (cost=75440.31..75440.32 rows=1 width=32) (actual time=726.253..726.253 rows=1 loops=1)
           ->  Seq Scan on customer customer_1  (cost=0.00..75321.32 rows=47594 width=6) (actual time=0.007..692.942 rows=382426 loops=1)
                 Filter: ((c_acctbal > 0.00) AND (SUBSTRING(c_phone FROM 1 FOR 2) = ANY ('{21,29,26,34,14,15,17}'::text[])))
                 Rows Removed by Filter: 1117574
   ->  GroupAggregate  (cost=86153.82..86372.28 rows=7944 width=72) (actual time=1538.482..1538.483 rows=1 loops=1)
         Group Key: (SUBSTRING(customer.c_phone FROM 1 FOR 2))
         ->  Sort  (cost=86153.82..86173.68 rows=7944 width=38) (actual time=1536.651..1537.006 rows=9006 loops=1)
               Sort Key: (SUBSTRING(customer.c_phone FROM 1 FOR 2))
               Sort Method: quicksort  Memory: 5005kB
               ->  Nested Loop Anti Join  (cost=0.43..85639.22 rows=7944 width=38) (actual time=726.292..1518.259 rows=63509 loops=1)
                     ->  Seq Scan on customer  (cost=0.00..75321.32 rows=17500 width=26) (actual time=726.277..1228.754 rows=191129 loops=1)
                           Filter: ((c_acctbal > $0) AND (SUBSTRING(c_phone FROM 1 FOR 2) = ANY ('{21,29,26,34,14,15,17}'::text[])))
                           Rows Removed by Filter: 1308871
                     ->  Index Only Scan using idx_orders_custkey on orders  (cost=0.43..2.17 rows=18 width=4) (actual time=0.001..0.001 rows=1 loops=191129)
                           Index Cond: (o_custkey = customer.c_custkey)
                           Heap Fetches: 0
 Planning Time: 0.756 ms
 Execution Time: 1538.771 ms
(20 rows)

