query 1 run 1
SET
SET
SET
                                                               QUERY PLAN                                                                
-----------------------------------------------------------------------------------------------------------------------------------------
 Limit  (cost=425002.13..425002.13 rows=1 width=236) (actual time=7255.161..7255.162 rows=1 loops=1)
   ->  Sort  (cost=425002.13..425002.15 rows=6 width=236) (actual time=7255.160..7255.161 rows=1 loops=1)
         Sort Key: l_returnflag, l_linestatus
         Sort Method: top-N heapsort  Memory: 25kB
         ->  HashAggregate  (cost=425001.94..425002.10 rows=6 width=236) (actual time=7255.134..7255.142 rows=4 loops=1)
               Group Key: l_returnflag, l_linestatus
               ->  Seq Scan on lineitem  (cost=0.00..187582.98 rows=5935474 width=25) (actual time=0.454..1245.870 rows=5930957 loops=1)
                     Filter: (l_shipdate <= '1998-09-10 00:00:00'::timestamp without time zone)
                     Rows Removed by Filter: 70258
 Planning Time: 12.202 ms
 Execution Time: 7256.115 ms
(11 rows)

SET
SET
SET
                                                               QUERY PLAN                                                                
-----------------------------------------------------------------------------------------------------------------------------------------
 Limit  (cost=425002.13..425002.13 rows=1 width=236) (actual time=7028.851..7028.852 rows=1 loops=1)
   ->  Sort  (cost=425002.13..425002.15 rows=6 width=236) (actual time=7028.850..7028.850 rows=1 loops=1)
         Sort Key: l_returnflag, l_linestatus
         Sort Method: top-N heapsort  Memory: 25kB
         ->  HashAggregate  (cost=425001.94..425002.10 rows=6 width=236) (actual time=7028.824..7028.832 rows=4 loops=1)
               Group Key: l_returnflag, l_linestatus
               ->  Seq Scan on lineitem  (cost=0.00..187582.98 rows=5935474 width=25) (actual time=0.025..1054.936 rows=5930957 loops=1)
                     Filter: (l_shipdate <= '1998-09-10 00:00:00'::timestamp without time zone)
                     Rows Removed by Filter: 70258
 Planning Time: 0.733 ms
 Execution Time: 7028.913 ms
(11 rows)

query 2 run 1
SET
SET
SET
                                                                                        QUERY PLAN                                                                                        
------------------------------------------------------------------------------------------------------------------------------------------------------------------------------------------
 Limit  (cost=56078.40..56078.41 rows=1 width=192) (actual time=500.779..500.794 rows=100 loops=1)
   ->  Sort  (cost=56078.40..56078.41 rows=1 width=192) (actual time=500.777..500.787 rows=100 loops=1)
         Sort Key: supplier.s_acctbal DESC, nation.n_name, supplier.s_name, part.p_partkey
         Sort Method: top-N heapsort  Memory: 69kB
         ->  Hash Join  (cost=36849.01..56078.39 rows=1 width=192) (actual time=379.948..500.344 rows=489 loops=1)
               Hash Cond: ((part.p_partkey = partsupp.ps_partkey) AND ((SubPlan 1) = partsupp.ps_supplycost))
               ->  Seq Scan on part  (cost=0.00..7099.00 rows=889 width=30) (actual time=0.280..65.994 rows=799 loops=1)
                     Filter: (((p_type)::text ~~ '%NICKEL'::text) AND (p_size = 16))
                     Rows Removed by Filter: 199201
               ->  Hash  (cost=30542.01..30542.01 rows=160000 width=172) (actual time=378.950..378.953 rows=162880 loops=1)
                     Buckets: 262144  Batches: 2  Memory Usage: 18709kB
                     ->  Hash Join  (cost=408.01..30542.01 rows=160000 width=172) (actual time=7.220..309.229 rows=162880 loops=1)
                           Hash Cond: (partsupp.ps_suppkey = supplier.s_suppkey)
                           ->  Seq Scan on partsupp  (cost=0.00..25534.00 rows=800000 width=14) (actual time=0.431..190.927 rows=800000 loops=1)
                           ->  Hash  (cost=383.01..383.01 rows=2000 width=166) (actual time=6.780..6.783 rows=2036 loops=1)
                                 Buckets: 2048  Batches: 1  Memory Usage: 419kB
                                 ->  Hash Join  (cost=2.51..383.01 rows=2000 width=166) (actual time=1.033..6.272 rows=2036 loops=1)
                                       Hash Cond: (supplier.s_nationkey = nation.n_nationkey)
                                       ->  Seq Scan on supplier  (cost=0.00..323.00 rows=10000 width=144) (actual time=0.445..4.487 rows=10000 loops=1)
                                       ->  Hash  (cost=2.45..2.45 rows=5 width=30) (actual time=0.578..0.580 rows=5 loops=1)
                                             Buckets: 1024  Batches: 1  Memory Usage: 9kB
                                             ->  Hash Join  (cost=1.07..2.45 rows=5 width=30) (actual time=0.567..0.576 rows=5 loops=1)
                                                   Hash Cond: (nation.n_regionkey = region.r_regionkey)
                                                   ->  Seq Scan on nation  (cost=0.00..1.25 rows=25 width=34) (actual time=0.267..0.270 rows=25 loops=1)
                                                   ->  Hash  (cost=1.06..1.06 rows=1 width=4) (actual time=0.288..0.288 rows=1 loops=1)
                                                         Buckets: 1024  Batches: 1  Memory Usage: 9kB
                                                         ->  Seq Scan on region  (cost=0.00..1.06 rows=1 width=4) (actual time=0.280..0.283 rows=1 loops=1)
                                                               Filter: (r_name = 'AMERICA'::bpchar)
                                                               Rows Removed by Filter: 4
               SubPlan 1
                 ->  Aggregate  (cost=18.44..18.45 rows=1 width=32) (actual time=0.031..0.031 rows=1 loops=1288)
                       ->  Nested Loop  (cost=0.85..18.44 rows=1 width=6) (actual time=0.023..0.030 rows=1 loops=1288)
                             Join Filter: (nation_1.n_regionkey = region_1.r_regionkey)
                             Rows Removed by Join Filter: 3
                             ->  Seq Scan on region region_1  (cost=0.00..1.06 rows=1 width=4) (actual time=0.001..0.001 rows=1 loops=1288)
                                   Filter: (r_name = 'AMERICA'::bpchar)
                                   Rows Removed by Filter: 4
                             ->  Nested Loop  (cost=0.85..17.33 rows=4 width=10) (actual time=0.017..0.028 rows=4 loops=1288)
                                   ->  Nested Loop  (cost=0.71..16.71 rows=4 width=10) (actual time=0.016..0.024 rows=4 loops=1288)
                                         ->  Index Scan using idx_partsupp_partkey on partsupp partsupp_1  (cost=0.42..3.50 rows=4 width=10) (actual time=0.013..0.014 rows=4 loops=1288)
                                               Index Cond: (ps_partkey = part.p_partkey)
                                         ->  Index Scan using supplier_pkey on supplier supplier_1  (cost=0.29..3.30 rows=1 width=8) (actual time=0.002..0.002 rows=1 loops=5152)
                                               Index Cond: (s_suppkey = partsupp_1.ps_suppkey)
                                   ->  Index Scan using nation_pkey on nation nation_1  (cost=0.14..0.16 rows=1 width=8) (actual time=0.001..0.001 rows=1 loops=5152)
                                         Index Cond: (n_nationkey = supplier_1.s_nationkey)
 Planning Time: 15.849 ms
 Execution Time: 501.695 ms
(47 rows)

SET
SET
SET
                                                                                        QUERY PLAN                                                                                        
------------------------------------------------------------------------------------------------------------------------------------------------------------------------------------------
 Limit  (cost=56078.40..56078.41 rows=1 width=192) (actual time=313.352..313.375 rows=100 loops=1)
   ->  Sort  (cost=56078.40..56078.41 rows=1 width=192) (actual time=313.351..313.368 rows=100 loops=1)
         Sort Key: supplier.s_acctbal DESC, nation.n_name, supplier.s_name, part.p_partkey
         Sort Method: top-N heapsort  Memory: 69kB
         ->  Hash Join  (cost=36849.01..56078.39 rows=1 width=192) (actual time=240.197..312.965 rows=489 loops=1)
               Hash Cond: ((part.p_partkey = partsupp.ps_partkey) AND ((SubPlan 1) = partsupp.ps_supplycost))
               ->  Seq Scan on part  (cost=0.00..7099.00 rows=889 width=30) (actual time=0.016..37.280 rows=799 loops=1)
                     Filter: (((p_type)::text ~~ '%NICKEL'::text) AND (p_size = 16))
                     Rows Removed by Filter: 199201
               ->  Hash  (cost=30542.01..30542.01 rows=160000 width=172) (actual time=239.787..239.790 rows=162880 loops=1)
                     Buckets: 262144  Batches: 2  Memory Usage: 18709kB
                     ->  Hash Join  (cost=408.01..30542.01 rows=160000 width=172) (actual time=2.510..176.316 rows=162880 loops=1)
                           Hash Cond: (partsupp.ps_suppkey = supplier.s_suppkey)
                           ->  Seq Scan on partsupp  (cost=0.00..25534.00 rows=800000 width=14) (actual time=0.003..47.908 rows=800000 loops=1)
                           ->  Hash  (cost=383.01..383.01 rows=2000 width=166) (actual time=2.503..2.505 rows=2036 loops=1)
                                 Buckets: 2048  Batches: 1  Memory Usage: 419kB
                                 ->  Hash Join  (cost=2.51..383.01 rows=2000 width=166) (actual time=0.025..2.067 rows=2036 loops=1)
                                       Hash Cond: (supplier.s_nationkey = nation.n_nationkey)
                                       ->  Seq Scan on supplier  (cost=0.00..323.00 rows=10000 width=144) (actual time=0.006..0.608 rows=10000 loops=1)
                                       ->  Hash  (cost=2.45..2.45 rows=5 width=30) (actual time=0.016..0.018 rows=5 loops=1)
                                             Buckets: 1024  Batches: 1  Memory Usage: 9kB
                                             ->  Hash Join  (cost=1.07..2.45 rows=5 width=30) (actual time=0.010..0.016 rows=5 loops=1)
                                                   Hash Cond: (nation.n_regionkey = region.r_regionkey)
                                                   ->  Seq Scan on nation  (cost=0.00..1.25 rows=25 width=34) (actual time=0.001..0.003 rows=25 loops=1)
                                                   ->  Hash  (cost=1.06..1.06 rows=1 width=4) (actual time=0.005..0.006 rows=1 loops=1)
                                                         Buckets: 1024  Batches: 1  Memory Usage: 9kB
                                                         ->  Seq Scan on region  (cost=0.00..1.06 rows=1 width=4) (actual time=0.003..0.004 rows=1 loops=1)
                                                               Filter: (r_name = 'AMERICA'::bpchar)
                                                               Rows Removed by Filter: 4
               SubPlan 1
                 ->  Aggregate  (cost=18.44..18.45 rows=1 width=32) (actual time=0.016..0.016 rows=1 loops=1288)
                       ->  Nested Loop  (cost=0.85..18.44 rows=1 width=6) (actual time=0.011..0.015 rows=1 loops=1288)
                             Join Filter: (nation_1.n_regionkey = region_1.r_regionkey)
                             Rows Removed by Join Filter: 3
                             ->  Seq Scan on region region_1  (cost=0.00..1.06 rows=1 width=4) (actual time=0.001..0.001 rows=1 loops=1288)
                                   Filter: (r_name = 'AMERICA'::bpchar)
                                   Rows Removed by Filter: 4
                             ->  Nested Loop  (cost=0.85..17.33 rows=4 width=10) (actual time=0.006..0.013 rows=4 loops=1288)
                                   ->  Nested Loop  (cost=0.71..16.71 rows=4 width=10) (actual time=0.004..0.010 rows=4 loops=1288)
                                         ->  Index Scan using idx_partsupp_partkey on partsupp partsupp_1  (cost=0.42..3.50 rows=4 width=10) (actual time=0.003..0.003 rows=4 loops=1288)
                                               Index Cond: (ps_partkey = part.p_partkey)
                                         ->  Index Scan using supplier_pkey on supplier supplier_1  (cost=0.29..3.30 rows=1 width=8) (actual time=0.001..0.001 rows=1 loops=5152)
                                               Index Cond: (s_suppkey = partsupp_1.ps_suppkey)
                                   ->  Index Scan using nation_pkey on nation nation_1  (cost=0.14..0.16 rows=1 width=8) (actual time=0.001..0.001 rows=1 loops=5152)
                                         Index Cond: (n_nationkey = supplier_1.s_nationkey)
 Planning Time: 1.678 ms
 Execution Time: 313.473 ms
(47 rows)

query 3 run 1
SET
SET
SET
                                                                                      QUERY PLAN                                                                                      
--------------------------------------------------------------------------------------------------------------------------------------------------------------------------------------
 Limit  (cost=302561.21..302561.24 rows=10 width=44) (actual time=2108.812..2108.816 rows=10 loops=1)
   ->  Sort  (cost=302561.21..303367.06 rows=322339 width=44) (actual time=2108.810..2108.813 rows=10 loops=1)
         Sort Key: (sum((lineitem.l_extendedprice * ('1'::numeric - lineitem.l_discount)))) DESC, orders.o_orderdate
         Sort Method: top-N heapsort  Memory: 26kB
         ->  GroupAggregate  (cost=285925.41..295595.58 rows=322339 width=44) (actual time=2089.061..2106.683 rows=11612 loops=1)
               Group Key: lineitem.l_orderkey, orders.o_orderdate, orders.o_shippriority
               ->  Sort  (cost=285925.41..286731.26 rows=322339 width=24) (actual time=2089.047..2090.262 rows=30533 loops=1)
                     Sort Key: lineitem.l_orderkey, orders.o_orderdate, orders.o_shippriority
                     Sort Method: quicksort  Memory: 3154kB
                     ->  Hash Join  (cost=53386.39..256434.26 rows=322339 width=24) (actual time=715.009..2081.279 rows=30533 loops=1)
                           Hash Cond: (lineitem.l_orderkey = orders.o_orderkey)
                           ->  Seq Scan on lineitem  (cost=0.00..187582.98 rows=3264402 width=16) (actual time=0.515..1080.441 rows=3261873 loops=1)
                                 Filter: (l_shipdate > '1995-03-07'::date)
                                 Rows Removed by Filter: 2739342
                           ->  Hash  (cost=51534.38..51534.38 rows=148161 width=12) (actual time=713.394..713.396 rows=146063 loops=1)
                                 Buckets: 262144  Batches: 1  Memory Usage: 8325kB
                                 ->  Hash Join  (cost=14452.36..51534.38 rows=148161 width=12) (actual time=116.279..682.486 rows=146063 loops=1)
                                       Hash Cond: (orders.o_custkey = customer.c_custkey)
                                       ->  Bitmap Heap Scan on orders  (cost=8596.67..43778.06 rows=724031 width=16) (actual time=63.352..497.332 rows=722275 loops=1)
                                             Recheck Cond: (o_orderdate < '1995-03-07'::date)
                                             Heap Blocks: exact=26131
                                             ->  Bitmap Index Scan on idx_orders_orderdate  (cost=0.00..8415.66 rows=724031 width=0) (actual time=60.034..60.034 rows=722275 loops=1)
                                                   Index Cond: (o_orderdate < '1995-03-07'::date)
                                       ->  Hash  (cost=5472.00..5472.00 rows=30695 width=4) (actual time=52.832..52.832 rows=30142 loops=1)
                                             Buckets: 32768  Batches: 1  Memory Usage: 1316kB
                                             ->  Seq Scan on customer  (cost=0.00..5472.00 rows=30695 width=4) (actual time=0.333..48.221 rows=30142 loops=1)
                                                   Filter: (c_mktsegment = 'BUILDING'::bpchar)
                                                   Rows Removed by Filter: 119858
 Planning Time: 17.108 ms
 Execution Time: 2109.876 ms
(30 rows)

SET
SET
SET
                                                                                      QUERY PLAN                                                                                      
--------------------------------------------------------------------------------------------------------------------------------------------------------------------------------------
 Limit  (cost=302561.21..302561.24 rows=10 width=44) (actual time=1468.480..1468.484 rows=10 loops=1)
   ->  Sort  (cost=302561.21..303367.06 rows=322339 width=44) (actual time=1468.479..1468.482 rows=10 loops=1)
         Sort Key: (sum((lineitem.l_extendedprice * ('1'::numeric - lineitem.l_discount)))) DESC, orders.o_orderdate
         Sort Method: top-N heapsort  Memory: 26kB
         ->  GroupAggregate  (cost=285925.41..295595.58 rows=322339 width=44) (actual time=1448.844..1466.364 rows=11612 loops=1)
               Group Key: lineitem.l_orderkey, orders.o_orderdate, orders.o_shippriority
               ->  Sort  (cost=285925.41..286731.26 rows=322339 width=24) (actual time=1448.830..1450.047 rows=30533 loops=1)
                     Sort Key: lineitem.l_orderkey, orders.o_orderdate, orders.o_shippriority
                     Sort Method: quicksort  Memory: 3154kB
                     ->  Hash Join  (cost=53386.39..256434.26 rows=322339 width=24) (actual time=300.902..1441.575 rows=30533 loops=1)
                           Hash Cond: (lineitem.l_orderkey = orders.o_orderkey)
                           ->  Seq Scan on lineitem  (cost=0.00..187582.98 rows=3264402 width=16) (actual time=0.034..866.480 rows=3261873 loops=1)
                                 Filter: (l_shipdate > '1995-03-07'::date)
                                 Rows Removed by Filter: 2739342
                           ->  Hash  (cost=51534.38..51534.38 rows=148161 width=12) (actual time=300.387..300.388 rows=146063 loops=1)
                                 Buckets: 262144  Batches: 1  Memory Usage: 8325kB
                                 ->  Hash Join  (cost=14452.36..51534.38 rows=148161 width=12) (actual time=70.206..276.311 rows=146063 loops=1)
                                       Hash Cond: (orders.o_custkey = customer.c_custkey)
                                       ->  Bitmap Heap Scan on orders  (cost=8596.67..43778.06 rows=724031 width=16) (actual time=44.309..149.864 rows=722275 loops=1)
                                             Recheck Cond: (o_orderdate < '1995-03-07'::date)
                                             Heap Blocks: exact=26131
                                             ->  Bitmap Index Scan on idx_orders_orderdate  (cost=0.00..8415.66 rows=724031 width=0) (actual time=41.355..41.355 rows=722275 loops=1)
                                                   Index Cond: (o_orderdate < '1995-03-07'::date)
                                       ->  Hash  (cost=5472.00..5472.00 rows=30695 width=4) (actual time=25.872..25.873 rows=30142 loops=1)
                                             Buckets: 32768  Batches: 1  Memory Usage: 1316kB
                                             ->  Seq Scan on customer  (cost=0.00..5472.00 rows=30695 width=4) (actual time=0.006..22.562 rows=30142 loops=1)
                                                   Filter: (c_mktsegment = 'BUILDING'::bpchar)
                                                   Rows Removed by Filter: 119858
 Planning Time: 0.907 ms
 Execution Time: 1468.565 ms
(30 rows)

query 4 run 1
SET
SET
SET
                                                                          QUERY PLAN                                                                           
---------------------------------------------------------------------------------------------------------------------------------------------------------------
 Limit  (cost=184339.00..184339.00 rows=1 width=24) (actual time=2176.933..2176.935 rows=1 loops=1)
   ->  Sort  (cost=184339.00..184339.01 rows=5 width=24) (actual time=2176.932..2176.933 rows=1 loops=1)
         Sort Key: orders.o_orderpriority
         Sort Method: top-N heapsort  Memory: 25kB
         ->  HashAggregate  (cost=184338.93..184338.98 rows=5 width=24) (actual time=2176.902..2176.904 rows=5 loops=1)
               Group Key: orders.o_orderpriority
               ->  Nested Loop Semi Join  (cost=795.55..184062.49 rows=55287 width=16) (actual time=11.696..2146.150 rows=51398 loops=1)
                     ->  Bitmap Heap Scan on orders  (cost=795.12..27755.42 rows=55287 width=20) (actual time=11.231..542.100 rows=55973 loops=1)
                           Recheck Cond: ((o_orderdate >= '1993-12-01'::date) AND (o_orderdate < '1994-03-01'::date))
                           Heap Blocks: exact=23186
                           ->  Bitmap Index Scan on idx_orders_orderdate  (cost=0.00..781.30 rows=55287 width=0) (actual time=8.329..8.329 rows=55973 loops=1)
                                 Index Cond: ((o_orderdate >= '1993-12-01'::date) AND (o_orderdate < '1994-03-01'::date))
                     ->  Index Scan using idx_lineitem_orderkey on lineitem  (cost=0.43..3.22 rows=1 width=4) (actual time=0.028..0.028 rows=1 loops=55973)
                           Index Cond: (l_orderkey = orders.o_orderkey)
                           Filter: (l_commitdate < l_receiptdate)
                           Rows Removed by Filter: 1
 Planning Time: 12.869 ms
 Execution Time: 2178.143 ms
(18 rows)

SET
SET
SET
                                                                          QUERY PLAN                                                                           
---------------------------------------------------------------------------------------------------------------------------------------------------------------
 Limit  (cost=184339.00..184339.00 rows=1 width=24) (actual time=215.786..215.788 rows=1 loops=1)
   ->  Sort  (cost=184339.00..184339.01 rows=5 width=24) (actual time=215.785..215.786 rows=1 loops=1)
         Sort Key: orders.o_orderpriority
         Sort Method: top-N heapsort  Memory: 25kB
         ->  HashAggregate  (cost=184338.93..184338.98 rows=5 width=24) (actual time=215.750..215.752 rows=5 loops=1)
               Group Key: orders.o_orderpriority
               ->  Nested Loop Semi Join  (cost=795.55..184062.49 rows=55287 width=16) (actual time=7.634..200.428 rows=51398 loops=1)
                     ->  Bitmap Heap Scan on orders  (cost=795.12..27755.42 rows=55287 width=20) (actual time=7.610..41.203 rows=55973 loops=1)
                           Recheck Cond: ((o_orderdate >= '1993-12-01'::date) AND (o_orderdate < '1994-03-01'::date))
                           Heap Blocks: exact=23186
                           ->  Bitmap Index Scan on idx_orders_orderdate  (cost=0.00..781.30 rows=55287 width=0) (actual time=4.840..4.840 rows=55973 loops=1)
                                 Index Cond: ((o_orderdate >= '1993-12-01'::date) AND (o_orderdate < '1994-03-01'::date))
                     ->  Index Scan using idx_lineitem_orderkey on lineitem  (cost=0.43..3.22 rows=1 width=4) (actual time=0.002..0.002 rows=1 loops=55973)
                           Index Cond: (l_orderkey = orders.o_orderkey)
                           Filter: (l_commitdate < l_receiptdate)
                           Rows Removed by Filter: 1
 Planning Time: 0.762 ms
 Execution Time: 215.910 ms
(18 rows)

query 5 run 1
SET
SET
SET
                                                                                      QUERY PLAN                                                                                      
--------------------------------------------------------------------------------------------------------------------------------------------------------------------------------------
 Limit  (cost=190271.91..190271.92 rows=1 width=58) (actual time=2340.858..2340.864 rows=1 loops=1)
   ->  Sort  (cost=190271.91..190271.98 rows=25 width=58) (actual time=2340.857..2340.861 rows=1 loops=1)
         Sort Key: (sum((lineitem.l_extendedprice * ('1'::numeric - lineitem.l_discount)))) DESC
         Sort Method: top-N heapsort  Memory: 25kB
         ->  GroupAggregate  (cost=190180.26..190271.79 rows=25 width=58) (actual time=2338.407..2340.830 rows=5 loops=1)
               Group Key: nation.n_name
               ->  Sort  (cost=190180.26..190198.51 rows=7297 width=38) (actual time=2337.802..2338.083 rows=7540 loops=1)
                     Sort Key: nation.n_name
                     Sort Method: quicksort  Memory: 782kB
                     ->  Hash Join  (cost=10092.06..189712.05 rows=7297 width=38) (actual time=97.103..2332.840 rows=7540 loops=1)
                           Hash Cond: ((lineitem.l_suppkey = supplier.s_suppkey) AND (customer.c_nationkey = supplier.s_nationkey))
                           ->  Nested Loop  (cost=9619.06..188280.54 rows=182571 width=50) (actual time=90.740..2288.210 rows=182435 loops=1)
                                 ->  Hash Join  (cost=9618.63..40485.07 rows=45643 width=38) (actual time=90.194..731.577 rows=45297 loops=1)
                                       Hash Cond: (orders.o_custkey = customer.c_custkey)
                                       ->  Bitmap Heap Scan on orders  (cost=3281.62..32835.83 rows=228214 width=8) (actual time=27.949..603.011 rows=226645 loops=1)
                                             Recheck Cond: ((o_orderdate >= '1993-01-01'::date) AND (o_orderdate < '1994-01-01'::date))
                                             Heap Blocks: exact=26127
                                             ->  Bitmap Index Scan on idx_orders_orderdate  (cost=0.00..3224.57 rows=228214 width=0) (actual time=24.669..24.669 rows=226645 loops=1)
                                                   Index Cond: ((o_orderdate >= '1993-01-01'::date) AND (o_orderdate < '1994-01-01'::date))
                                       ->  Hash  (cost=5962.01..5962.01 rows=30000 width=38) (actual time=62.191..62.193 rows=29952 loops=1)
                                             Buckets: 32768  Batches: 1  Memory Usage: 2362kB
                                             ->  Hash Join  (cost=2.51..5962.01 rows=30000 width=38) (actual time=0.736..56.398 rows=29952 loops=1)
                                                   Hash Cond: (customer.c_nationkey = nation.n_nationkey)
                                                   ->  Seq Scan on customer  (cost=0.00..5097.00 rows=150000 width=8) (actual time=0.321..39.629 rows=150000 loops=1)
                                                   ->  Hash  (cost=2.45..2.45 rows=5 width=30) (actual time=0.406..0.407 rows=5 loops=1)
                                                         Buckets: 1024  Batches: 1  Memory Usage: 9kB
                                                         ->  Hash Join  (cost=1.07..2.45 rows=5 width=30) (actual time=0.394..0.404 rows=5 loops=1)
                                                               Hash Cond: (nation.n_regionkey = region.r_regionkey)
                                                               ->  Seq Scan on nation  (cost=0.00..1.25 rows=25 width=34) (actual time=0.175..0.178 rows=25 loops=1)
                                                               ->  Hash  (cost=1.06..1.06 rows=1 width=4) (actual time=0.209..0.209 rows=1 loops=1)
                                                                     Buckets: 1024  Batches: 1  Memory Usage: 9kB
                                                                     ->  Seq Scan on region  (cost=0.00..1.06 rows=1 width=4) (actual time=0.201..0.203 rows=1 loops=1)
                                                                           Filter: (r_name = 'AMERICA'::bpchar)
                                                                           Rows Removed by Filter: 4
                                 ->  Index Scan using idx_lineitem_orderkey on lineitem  (cost=0.43..3.20 rows=4 width=20) (actual time=0.031..0.033 rows=4 loops=45297)
                                       Index Cond: (l_orderkey = orders.o_orderkey)
                           ->  Hash  (cost=323.00..323.00 rows=10000 width=8) (actual time=6.113..6.114 rows=10000 loops=1)
                                 Buckets: 16384  Batches: 1  Memory Usage: 519kB
                                 ->  Seq Scan on supplier  (cost=0.00..323.00 rows=10000 width=8) (actual time=0.407..4.773 rows=10000 loops=1)
 Planning Time: 20.029 ms
 Execution Time: 2341.904 ms
(41 rows)

SET
SET
SET
                                                                                      QUERY PLAN                                                                                      
--------------------------------------------------------------------------------------------------------------------------------------------------------------------------------------
 Limit  (cost=190271.91..190271.92 rows=1 width=58) (actual time=364.084..364.089 rows=1 loops=1)
   ->  Sort  (cost=190271.91..190271.98 rows=25 width=58) (actual time=364.082..364.087 rows=1 loops=1)
         Sort Key: (sum((lineitem.l_extendedprice * ('1'::numeric - lineitem.l_discount)))) DESC
         Sort Method: top-N heapsort  Memory: 25kB
         ->  GroupAggregate  (cost=190180.26..190271.79 rows=25 width=58) (actual time=361.637..364.070 rows=5 loops=1)
               Group Key: nation.n_name
               ->  Sort  (cost=190180.26..190198.51 rows=7297 width=38) (actual time=361.025..361.306 rows=7540 loops=1)
                     Sort Key: nation.n_name
                     Sort Method: quicksort  Memory: 782kB
                     ->  Hash Join  (cost=10092.06..189712.05 rows=7297 width=38) (actual time=55.828..358.072 rows=7540 loops=1)
                           Hash Cond: ((lineitem.l_suppkey = supplier.s_suppkey) AND (customer.c_nationkey = supplier.s_nationkey))
                           ->  Nested Loop  (cost=9619.06..188280.54 rows=182571 width=50) (actual time=53.125..332.419 rows=182435 loops=1)
                                 ->  Hash Join  (cost=9618.63..40485.07 rows=45643 width=38) (actual time=53.109..155.654 rows=45297 loops=1)
                                       Hash Cond: (orders.o_custkey = customer.c_custkey)
                                       ->  Bitmap Heap Scan on orders  (cost=3281.62..32835.83 rows=228214 width=8) (actual time=18.667..79.057 rows=226645 loops=1)
                                             Recheck Cond: ((o_orderdate >= '1993-01-01'::date) AND (o_orderdate < '1994-01-01'::date))
                                             Heap Blocks: exact=26127
                                             ->  Bitmap Index Scan on idx_orders_orderdate  (cost=0.00..3224.57 rows=228214 width=0) (actual time=15.767..15.767 rows=226645 loops=1)
                                                   Index Cond: ((o_orderdate >= '1993-01-01'::date) AND (o_orderdate < '1994-01-01'::date))
                                       ->  Hash  (cost=5962.01..5962.01 rows=30000 width=38) (actual time=34.409..34.412 rows=29952 loops=1)
                                             Buckets: 32768  Batches: 1  Memory Usage: 2362kB
                                             ->  Hash Join  (cost=2.51..5962.01 rows=30000 width=38) (actual time=0.030..29.532 rows=29952 loops=1)
                                                   Hash Cond: (customer.c_nationkey = nation.n_nationkey)
                                                   ->  Seq Scan on customer  (cost=0.00..5097.00 rows=150000 width=8) (actual time=0.005..8.802 rows=150000 loops=1)
                                                   ->  Hash  (cost=2.45..2.45 rows=5 width=30) (actual time=0.020..0.022 rows=5 loops=1)
                                                         Buckets: 1024  Batches: 1  Memory Usage: 9kB
                                                         ->  Hash Join  (cost=1.07..2.45 rows=5 width=30) (actual time=0.015..0.020 rows=5 loops=1)
                                                               Hash Cond: (nation.n_regionkey = region.r_regionkey)
                                                               ->  Seq Scan on nation  (cost=0.00..1.25 rows=25 width=34) (actual time=0.002..0.003 rows=25 loops=1)
                                                               ->  Hash  (cost=1.06..1.06 rows=1 width=4) (actual time=0.008..0.009 rows=1 loops=1)
                                                                     Buckets: 1024  Batches: 1  Memory Usage: 9kB
                                                                     ->  Seq Scan on region  (cost=0.00..1.06 rows=1 width=4) (actual time=0.005..0.006 rows=1 loops=1)
                                                                           Filter: (r_name = 'AMERICA'::bpchar)
                                                                           Rows Removed by Filter: 4
                                 ->  Index Scan using idx_lineitem_orderkey on lineitem  (cost=0.43..3.20 rows=4 width=20) (actual time=0.002..0.003 rows=4 loops=45297)
                                       Index Cond: (l_orderkey = orders.o_orderkey)
                           ->  Hash  (cost=323.00..323.00 rows=10000 width=8) (actual time=2.678..2.678 rows=10000 loops=1)
                                 Buckets: 16384  Batches: 1  Memory Usage: 519kB
                                 ->  Seq Scan on supplier  (cost=0.00..323.00 rows=10000 width=8) (actual time=0.005..1.408 rows=10000 loops=1)
 Planning Time: 2.777 ms
 Execution Time: 364.176 ms
(41 rows)

query 6 run 1
SET
SET
SET
                                                                                                          QUERY PLAN                                                                                                           
-------------------------------------------------------------------------------------------------------------------------------------------------------------------------------------------------------------------------------
 Limit  (cost=106996.21..106996.22 rows=1 width=32) (actual time=1290.831..1290.832 rows=1 loops=1)
   ->  Aggregate  (cost=106996.21..106996.22 rows=1 width=32) (actual time=1290.830..1290.830 rows=1 loops=1)
         ->  Bitmap Heap Scan on lineitem  (cost=20893.57..106420.47 rows=115148 width=12) (actual time=132.712..1226.883 rows=119208 loops=1)
               Recheck Cond: ((l_shipdate >= '1993-01-01'::date) AND (l_shipdate < '1994-01-01 00:00:00'::timestamp without time zone) AND (l_discount >= 0.06) AND (l_discount <= 0.08) AND (l_quantity < '25'::numeric))
               Heap Blocks: exact=66143
               ->  Bitmap Index Scan on idx_lineitem_shipdate  (cost=0.00..20864.79 rows=115148 width=0) (actual time=123.324..123.324 rows=119208 loops=1)
                     Index Cond: ((l_shipdate >= '1993-01-01'::date) AND (l_shipdate < '1994-01-01 00:00:00'::timestamp without time zone) AND (l_discount >= 0.06) AND (l_discount <= 0.08) AND (l_quantity < '25'::numeric))
 Planning Time: 10.681 ms
 Execution Time: 1292.120 ms
(9 rows)

SET
SET
SET
                                                                                                          QUERY PLAN                                                                                                           
-------------------------------------------------------------------------------------------------------------------------------------------------------------------------------------------------------------------------------
 Limit  (cost=106996.21..106996.22 rows=1 width=32) (actual time=215.448..215.449 rows=1 loops=1)
   ->  Aggregate  (cost=106996.21..106996.22 rows=1 width=32) (actual time=215.447..215.447 rows=1 loops=1)
         ->  Bitmap Heap Scan on lineitem  (cost=20893.57..106420.47 rows=115148 width=12) (actual time=105.176..183.123 rows=119208 loops=1)
               Recheck Cond: ((l_shipdate >= '1993-01-01'::date) AND (l_shipdate < '1994-01-01 00:00:00'::timestamp without time zone) AND (l_discount >= 0.06) AND (l_discount <= 0.08) AND (l_quantity < '25'::numeric))
               Heap Blocks: exact=66143
               ->  Bitmap Index Scan on idx_lineitem_shipdate  (cost=0.00..20864.79 rows=115148 width=0) (actual time=96.247..96.248 rows=119208 loops=1)
                     Index Cond: ((l_shipdate >= '1993-01-01'::date) AND (l_shipdate < '1994-01-01 00:00:00'::timestamp without time zone) AND (l_discount >= 0.06) AND (l_discount <= 0.08) AND (l_quantity < '25'::numeric))
 Planning Time: 0.399 ms
 Execution Time: 215.488 ms
(9 rows)

query 7 run 1
SET
SET
SET
                                                                                   QUERY PLAN                                                                                   
--------------------------------------------------------------------------------------------------------------------------------------------------------------------------------
 Limit  (cost=235346.14..235346.18 rows=1 width=92) (actual time=3219.741..3219.746 rows=1 loops=1)
   ->  GroupAggregate  (cost=235346.14..235562.20 rows=6173 width=92) (actual time=3219.739..3219.745 rows=1 loops=1)
         Group Key: n1.n_name, n2.n_name, (date_part('year'::text, (lineitem.l_shipdate)::timestamp without time zone))
         ->  Sort  (cost=235346.14..235361.57 rows=6173 width=72) (actual time=3219.054..3219.113 rows=1359 loops=1)
               Sort Key: n1.n_name, n2.n_name, (date_part('year'::text, (lineitem.l_shipdate)::timestamp without time zone))
               Sort Method: quicksort  Memory: 998kB
               ->  Hash Join  (cost=85287.75..234957.50 rows=6173 width=72) (actual time=763.074..3214.613 rows=5729 loops=1)
                     Hash Cond: (lineitem.l_orderkey = orders.o_orderkey)
                     Join Filter: (((n1.n_name = 'PERU'::bpchar) AND (n2.n_name = 'MOROCCO'::bpchar)) OR ((n1.n_name = 'MOROCCO'::bpchar) AND (n2.n_name = 'PERU'::bpchar)))
                     Rows Removed by Join Filter: 5827
                     ->  Hash Join  (cost=30122.85..178968.03 rows=148368 width=46) (actual time=215.867..2631.922 rows=144718 loops=1)
                           Hash Cond: (lineitem.l_suppkey = supplier.s_suppkey)
                           ->  Bitmap Heap Scan on lineitem  (cost=29757.75..170158.95 rows=1856080 width=24) (actual time=209.925..2396.907 rows=1828450 loops=1)
                                 Recheck Cond: ((l_shipdate >= '1995-01-01'::date) AND (l_shipdate <= '1996-12-31'::date))
                                 Heap Blocks: exact=112061
                                 ->  Bitmap Index Scan on idx_lineitem_shipdate  (cost=0.00..29293.73 rows=1856080 width=0) (actual time=192.061..192.062 rows=1828450 loops=1)
                                       Index Cond: ((l_shipdate >= '1995-01-01'::date) AND (l_shipdate <= '1996-12-31'::date))
                           ->  Hash  (cost=355.10..355.10 rows=800 width=30) (actual time=5.802..5.804 rows=794 loops=1)
                                 Buckets: 1024  Batches: 1  Memory Usage: 57kB
                                 ->  Hash Join  (cost=1.40..355.10 rows=800 width=30) (actual time=0.633..5.668 rows=794 loops=1)
                                       Hash Cond: (supplier.s_nationkey = n1.n_nationkey)
                                       ->  Seq Scan on supplier  (cost=0.00..323.00 rows=10000 width=8) (actual time=0.405..4.487 rows=10000 loops=1)
                                       ->  Hash  (cost=1.38..1.38 rows=2 width=30) (actual time=0.218..0.219 rows=2 loops=1)
                                             Buckets: 1024  Batches: 1  Memory Usage: 9kB
                                             ->  Seq Scan on nation n1  (cost=0.00..1.38 rows=2 width=30) (actual time=0.209..0.213 rows=2 loops=1)
                                                   Filter: ((n_name = 'PERU'::bpchar) OR (n_name = 'MOROCCO'::bpchar))
                                                   Rows Removed by Filter: 23
                     ->  Hash  (cost=53664.90..53664.90 rows=120000 width=30) (actual time=545.799..545.801 rows=118477 loops=1)
                           Buckets: 131072  Batches: 1  Memory Usage: 8198kB
                           ->  Hash Join  (cost=5708.90..53664.90 rows=120000 width=30) (actual time=55.187..520.922 rows=118477 loops=1)
                                 Hash Cond: (orders.o_custkey = customer.c_custkey)
                                 ->  Seq Scan on orders  (cost=0.00..41131.00 rows=1500000 width=8) (actual time=0.425..292.765 rows=1500000 loops=1)
                                 ->  Hash  (cost=5558.90..5558.90 rows=12000 width=30) (actual time=54.740..54.741 rows=11896 loops=1)
                                       Buckets: 16384  Batches: 1  Memory Usage: 849kB
                                       ->  Hash Join  (cost=1.40..5558.90 rows=12000 width=30) (actual time=0.445..52.472 rows=11896 loops=1)
                                             Hash Cond: (customer.c_nationkey = n2.n_nationkey)
                                             ->  Seq Scan on customer  (cost=0.00..5097.00 rows=150000 width=8) (actual time=0.413..38.318 rows=150000 loops=1)
                                             ->  Hash  (cost=1.38..1.38 rows=2 width=30) (actual time=0.023..0.024 rows=2 loops=1)
                                                   Buckets: 1024  Batches: 1  Memory Usage: 9kB
                                                   ->  Seq Scan on nation n2  (cost=0.00..1.38 rows=2 width=30) (actual time=0.014..0.018 rows=2 loops=1)
                                                         Filter: ((n_name = 'MOROCCO'::bpchar) OR (n_name = 'PERU'::bpchar))
                                                         Rows Removed by Filter: 23
 Planning Time: 20.781 ms
 Execution Time: 3220.973 ms
(44 rows)

SET
SET
SET
                                                                                   QUERY PLAN                                                                                   
--------------------------------------------------------------------------------------------------------------------------------------------------------------------------------
 Limit  (cost=235346.14..235346.18 rows=1 width=92) (actual time=985.723..985.729 rows=1 loops=1)
   ->  GroupAggregate  (cost=235346.14..235562.20 rows=6173 width=92) (actual time=985.722..985.727 rows=1 loops=1)
         Group Key: n1.n_name, n2.n_name, (date_part('year'::text, (lineitem.l_shipdate)::timestamp without time zone))
         ->  Sort  (cost=235346.14..235361.57 rows=6173 width=72) (actual time=985.057..985.113 rows=1359 loops=1)
               Sort Key: n1.n_name, n2.n_name, (date_part('year'::text, (lineitem.l_shipdate)::timestamp without time zone))
               Sort Method: quicksort  Memory: 998kB
               ->  Hash Join  (cost=85287.75..234957.50 rows=6173 width=72) (actual time=466.304..982.245 rows=5729 loops=1)
                     Hash Cond: (lineitem.l_orderkey = orders.o_orderkey)
                     Join Filter: (((n1.n_name = 'PERU'::bpchar) AND (n2.n_name = 'MOROCCO'::bpchar)) OR ((n1.n_name = 'MOROCCO'::bpchar) AND (n2.n_name = 'PERU'::bpchar)))
                     Rows Removed by Join Filter: 5827
                     ->  Hash Join  (cost=30122.85..178968.03 rows=148368 width=46) (actual time=153.924..642.289 rows=144718 loops=1)
                           Hash Cond: (lineitem.l_suppkey = supplier.s_suppkey)
                           ->  Bitmap Heap Scan on lineitem  (cost=29757.75..170158.95 rows=1856080 width=24) (actual time=151.812..451.079 rows=1828450 loops=1)
                                 Recheck Cond: ((l_shipdate >= '1995-01-01'::date) AND (l_shipdate <= '1996-12-31'::date))
                                 Heap Blocks: exact=112061
                                 ->  Bitmap Index Scan on idx_lineitem_shipdate  (cost=0.00..29293.73 rows=1856080 width=0) (actual time=134.730..134.730 rows=1828450 loops=1)
                                       Index Cond: ((l_shipdate >= '1995-01-01'::date) AND (l_shipdate <= '1996-12-31'::date))
                           ->  Hash  (cost=355.10..355.10 rows=800 width=30) (actual time=2.046..2.048 rows=794 loops=1)
                                 Buckets: 1024  Batches: 1  Memory Usage: 57kB
                                 ->  Hash Join  (cost=1.40..355.10 rows=800 width=30) (actual time=0.017..1.947 rows=794 loops=1)
                                       Hash Cond: (supplier.s_nationkey = n1.n_nationkey)
                                       ->  Seq Scan on supplier  (cost=0.00..323.00 rows=10000 width=8) (actual time=0.003..0.684 rows=10000 loops=1)
                                       ->  Hash  (cost=1.38..1.38 rows=2 width=30) (actual time=0.011..0.011 rows=2 loops=1)
                                             Buckets: 1024  Batches: 1  Memory Usage: 9kB
                                             ->  Seq Scan on nation n1  (cost=0.00..1.38 rows=2 width=30) (actual time=0.007..0.008 rows=2 loops=1)
                                                   Filter: ((n_name = 'PERU'::bpchar) OR (n_name = 'MOROCCO'::bpchar))
                                                   Rows Removed by Filter: 23
                     ->  Hash  (cost=53664.90..53664.90 rows=120000 width=30) (actual time=312.205..312.207 rows=118477 loops=1)
                           Buckets: 131072  Batches: 1  Memory Usage: 8198kB
                           ->  Hash Join  (cost=5708.90..53664.90 rows=120000 width=30) (actual time=28.725..292.474 rows=118477 loops=1)
                                 Hash Cond: (orders.o_custkey = customer.c_custkey)
                                 ->  Seq Scan on orders  (cost=0.00..41131.00 rows=1500000 width=8) (actual time=0.006..81.010 rows=1500000 loops=1)
                                 ->  Hash  (cost=5558.90..5558.90 rows=12000 width=30) (actual time=28.705..28.707 rows=11896 loops=1)
                                       Buckets: 16384  Batches: 1  Memory Usage: 849kB
                                       ->  Hash Join  (cost=1.40..5558.90 rows=12000 width=30) (actual time=0.022..27.111 rows=11896 loops=1)
                                             Hash Cond: (customer.c_nationkey = n2.n_nationkey)
                                             ->  Seq Scan on customer  (cost=0.00..5097.00 rows=150000 width=8) (actual time=0.002..8.583 rows=150000 loops=1)
                                             ->  Hash  (cost=1.38..1.38 rows=2 width=30) (actual time=0.011..0.012 rows=2 loops=1)
                                                   Buckets: 1024  Batches: 1  Memory Usage: 9kB
                                                   ->  Seq Scan on nation n2  (cost=0.00..1.38 rows=2 width=30) (actual time=0.006..0.008 rows=2 loops=1)
                                                         Filter: ((n_name = 'MOROCCO'::bpchar) OR (n_name = 'PERU'::bpchar))
                                                         Rows Removed by Filter: 23
 Planning Time: 2.279 ms
 Execution Time: 985.835 ms
(44 rows)

query 8 run 1
SET
SET
SET
                                                                                          QUERY PLAN                                                                                          
----------------------------------------------------------------------------------------------------------------------------------------------------------------------------------------------
 Limit  (cost=115330.03..115330.08 rows=1 width=40) (actual time=6400.751..6400.758 rows=1 loops=1)
   ->  GroupAggregate  (cost=115330.03..115437.94 rows=2398 width=40) (actual time=6400.750..6400.756 rows=1 loops=1)
         Group Key: (date_part('year'::text, (orders.o_orderdate)::timestamp without time zone))
         ->  Sort  (cost=115330.03..115336.03 rows=2398 width=46) (actual time=6400.176..6400.237 rows=1235 loops=1)
               Sort Key: (date_part('year'::text, (orders.o_orderdate)::timestamp without time zone))
               Sort Method: quicksort  Memory: 291kB
               ->  Hash Join  (cost=80365.07..115195.41 rows=2398 width=46) (actual time=5829.481..6398.912 rows=2485 loops=1)
                     Hash Cond: (supplier.s_nationkey = n2.n_nationkey)
                     ->  Hash Join  (cost=80363.51..115174.50 rows=2398 width=20) (actual time=5828.556..6396.137 rows=2485 loops=1)
                           Hash Cond: (lineitem.l_suppkey = supplier.s_suppkey)
                           ->  Hash Join  (cost=79915.51..114720.20 rows=2400 width=20) (actual time=5822.511..6389.061 rows=2485 loops=1)
                                 Hash Cond: (orders.o_custkey = customer.c_custkey)
                                 ->  Hash Join  (cost=73578.50..108314.19 rows=12001 width=24) (actual time=5763.223..6326.550 rows=12097 loops=1)
                                       Hash Cond: (orders.o_orderkey = lineitem.l_orderkey)
                                       ->  Bitmap Heap Scan on orders  (cost=6504.72..39423.46 rows=452516 width=12) (actual time=46.714..533.644 rows=457263 loops=1)
                                             Recheck Cond: ((o_orderdate >= '1995-01-01'::date) AND (o_orderdate <= '1996-12-31'::date))
                                             Heap Blocks: exact=26131
                                             ->  Bitmap Index Scan on idx_orders_orderdate  (cost=0.00..6391.59 rows=452516 width=0) (actual time=43.302..43.303 rows=457263 loops=1)
                                                   Index Cond: ((o_orderdate >= '1995-01-01'::date) AND (o_orderdate <= '1996-12-31'::date))
                                       ->  Hash  (cost=66576.39..66576.39 rows=39792 width=20) (actual time=5716.388..5716.389 rows=39694 loops=1)
                                             Buckets: 65536  Batches: 1  Memory Usage: 2645kB
                                             ->  Nested Loop  (cost=0.43..66576.39 rows=39792 width=20) (actual time=2.071..5669.960 rows=39694 loops=1)
                                                   ->  Seq Scan on part  (cost=0.00..6599.00 rows=1326 width=4) (actual time=1.151..74.995 rows=1320 loops=1)
                                                         Filter: ((p_type)::text = 'LARGE POLISHED BRASS'::text)
                                                         Rows Removed by Filter: 198680
                                                   ->  Index Scan using idx_lineitem_part_supp on lineitem  (cost=0.43..44.92 rows=31 width=24) (actual time=0.316..4.216 rows=30 loops=1320)
                                                         Index Cond: (l_partkey = part.p_partkey)
                                 ->  Hash  (cost=5962.01..5962.01 rows=30000 width=4) (actual time=59.268..59.270 rows=29952 loops=1)
                                       Buckets: 32768  Batches: 1  Memory Usage: 1309kB
                                       ->  Hash Join  (cost=2.51..5962.01 rows=30000 width=4) (actual time=0.587..55.106 rows=29952 loops=1)
                                             Hash Cond: (customer.c_nationkey = n1.n_nationkey)
                                             ->  Seq Scan on customer  (cost=0.00..5097.00 rows=150000 width=8) (actual time=0.326..38.833 rows=150000 loops=1)
                                             ->  Hash  (cost=2.45..2.45 rows=5 width=4) (actual time=0.253..0.254 rows=5 loops=1)
                                                   Buckets: 1024  Batches: 1  Memory Usage: 9kB
                                                   ->  Hash Join  (cost=1.07..2.45 rows=5 width=4) (actual time=0.242..0.252 rows=5 loops=1)
                                                         Hash Cond: (n1.n_regionkey = region.r_regionkey)
                                                         ->  Seq Scan on nation n1  (cost=0.00..1.25 rows=25 width=8) (actual time=0.006..0.009 rows=25 loops=1)
                                                         ->  Hash  (cost=1.06..1.06 rows=1 width=4) (actual time=0.228..0.228 rows=1 loops=1)
                                                               Buckets: 1024  Batches: 1  Memory Usage: 9kB
                                                               ->  Seq Scan on region  (cost=0.00..1.06 rows=1 width=4) (actual time=0.223..0.225 rows=1 loops=1)
                                                                     Filter: (r_name = 'AMERICA'::bpchar)
                                                                     Rows Removed by Filter: 4
                           ->  Hash  (cost=323.00..323.00 rows=10000 width=8) (actual time=6.030..6.030 rows=10000 loops=1)
                                 Buckets: 16384  Batches: 1  Memory Usage: 519kB
                                 ->  Seq Scan on supplier  (cost=0.00..323.00 rows=10000 width=8) (actual time=0.374..4.808 rows=10000 loops=1)
                     ->  Hash  (cost=1.25..1.25 rows=25 width=30) (actual time=0.191..0.191 rows=25 loops=1)
                           Buckets: 1024  Batches: 1  Memory Usage: 10kB
                           ->  Seq Scan on nation n2  (cost=0.00..1.25 rows=25 width=30) (actual time=0.173..0.179 rows=25 loops=1)
 Planning Time: 21.562 ms
 Execution Time: 6402.086 ms
(50 rows)

SET
SET
SET
                                                                                          QUERY PLAN                                                                                          
----------------------------------------------------------------------------------------------------------------------------------------------------------------------------------------------
 Limit  (cost=115330.03..115330.08 rows=1 width=40) (actual time=277.091..277.097 rows=1 loops=1)
   ->  GroupAggregate  (cost=115330.03..115437.94 rows=2398 width=40) (actual time=277.090..277.096 rows=1 loops=1)
         Group Key: (date_part('year'::text, (orders.o_orderdate)::timestamp without time zone))
         ->  Sort  (cost=115330.03..115336.03 rows=2398 width=46) (actual time=276.532..276.589 rows=1235 loops=1)
               Sort Key: (date_part('year'::text, (orders.o_orderdate)::timestamp without time zone))
               Sort Method: quicksort  Memory: 291kB
               ->  Hash Join  (cost=80365.07..115195.41 rows=2398 width=46) (actual time=143.075..275.695 rows=2485 loops=1)
                     Hash Cond: (supplier.s_nationkey = n2.n_nationkey)
                     ->  Hash Join  (cost=80363.51..115174.50 rows=2398 width=20) (actual time=143.046..274.793 rows=2485 loops=1)
                           Hash Cond: (lineitem.l_suppkey = supplier.s_suppkey)
                           ->  Hash Join  (cost=79915.51..114720.20 rows=2400 width=20) (actual time=140.508..271.419 rows=2485 loops=1)
                                 Hash Cond: (orders.o_custkey = customer.c_custkey)
                                 ->  Hash Join  (cost=73578.50..108314.19 rows=12001 width=24) (actual time=107.702..235.990 rows=12097 loops=1)
                                       Hash Cond: (orders.o_orderkey = lineitem.l_orderkey)
                                       ->  Bitmap Heap Scan on orders  (cost=6504.72..39423.46 rows=452516 width=12) (actual time=32.663..111.104 rows=457263 loops=1)
                                             Recheck Cond: ((o_orderdate >= '1995-01-01'::date) AND (o_orderdate <= '1996-12-31'::date))
                                             Heap Blocks: exact=26131
                                             ->  Bitmap Index Scan on idx_orders_orderdate  (cost=0.00..6391.59 rows=452516 width=0) (actual time=29.723..29.723 rows=457263 loops=1)
                                                   Index Cond: ((o_orderdate >= '1995-01-01'::date) AND (o_orderdate <= '1996-12-31'::date))
                                       ->  Hash  (cost=66576.39..66576.39 rows=39792 width=20) (actual time=74.987..74.988 rows=39694 loops=1)
                                             Buckets: 65536  Batches: 1  Memory Usage: 2645kB
                                             ->  Nested Loop  (cost=0.43..66576.39 rows=39792 width=20) (actual time=0.057..66.936 rows=39694 loops=1)
                                                   ->  Seq Scan on part  (cost=0.00..6599.00 rows=1326 width=4) (actual time=0.042..23.862 rows=1320 loops=1)
                                                         Filter: ((p_type)::text = 'LARGE POLISHED BRASS'::text)
                                                         Rows Removed by Filter: 198680
                                                   ->  Index Scan using idx_lineitem_part_supp on lineitem  (cost=0.43..44.92 rows=31 width=24) (actual time=0.003..0.028 rows=30 loops=1320)
                                                         Index Cond: (l_partkey = part.p_partkey)
                                 ->  Hash  (cost=5962.01..5962.01 rows=30000 width=4) (actual time=32.785..32.787 rows=29952 loops=1)
                                       Buckets: 32768  Batches: 1  Memory Usage: 1309kB
                                       ->  Hash Join  (cost=2.51..5962.01 rows=30000 width=4) (actual time=0.024..29.256 rows=29952 loops=1)
                                             Hash Cond: (customer.c_nationkey = n1.n_nationkey)
                                             ->  Seq Scan on customer  (cost=0.00..5097.00 rows=150000 width=8) (actual time=0.004..8.771 rows=150000 loops=1)
                                             ->  Hash  (cost=2.45..2.45 rows=5 width=4) (actual time=0.017..0.018 rows=5 loops=1)
                                                   Buckets: 1024  Batches: 1  Memory Usage: 9kB
                                                   ->  Hash Join  (cost=1.07..2.45 rows=5 width=4) (actual time=0.011..0.016 rows=5 loops=1)
                                                         Hash Cond: (n1.n_regionkey = region.r_regionkey)
                                                         ->  Seq Scan on nation n1  (cost=0.00..1.25 rows=25 width=8) (actual time=0.002..0.003 rows=25 loops=1)
                                                         ->  Hash  (cost=1.06..1.06 rows=1 width=4) (actual time=0.005..0.006 rows=1 loops=1)
                                                               Buckets: 1024  Batches: 1  Memory Usage: 9kB
                                                               ->  Seq Scan on region  (cost=0.00..1.06 rows=1 width=4) (actual time=0.004..0.005 rows=1 loops=1)
                                                                     Filter: (r_name = 'AMERICA'::bpchar)
                                                                     Rows Removed by Filter: 4
                           ->  Hash  (cost=323.00..323.00 rows=10000 width=8) (actual time=2.530..2.531 rows=10000 loops=1)
                                 Buckets: 16384  Batches: 1  Memory Usage: 519kB
                                 ->  Seq Scan on supplier  (cost=0.00..323.00 rows=10000 width=8) (actual time=0.002..1.378 rows=10000 loops=1)
                     ->  Hash  (cost=1.25..1.25 rows=25 width=30) (actual time=0.014..0.014 rows=25 loops=1)
                           Buckets: 1024  Batches: 1  Memory Usage: 10kB
                           ->  Seq Scan on nation n2  (cost=0.00..1.25 rows=25 width=30) (actual time=0.005..0.008 rows=25 loops=1)
 Planning Time: 2.979 ms
 Execution Time: 277.192 ms
(50 rows)

query 9 run 1
SET
SET
SET
                                                                                   QUERY PLAN                                                                                   
--------------------------------------------------------------------------------------------------------------------------------------------------------------------------------
 Limit  (cost=241667.24..241667.28 rows=1 width=66) (actual time=16780.266..16780.270 rows=1 loops=1)
   ->  GroupAggregate  (cost=241667.24..241674.55 rows=195 width=66) (actual time=16780.264..16780.268 rows=1 loops=1)
         Group Key: nation.n_name, (date_part('year'::text, (orders.o_orderdate)::timestamp without time zone))
         ->  Sort  (cost=241667.24..241667.73 rows=195 width=57) (actual time=16779.321..16779.479 rows=1210 loops=1)
               Sort Key: nation.n_name, (date_part('year'::text, (orders.o_orderdate)::timestamp without time zone)) DESC
               Sort Method: external merge  Disk: 24064kB
               ->  Nested Loop  (cost=6802.17..241659.82 rows=195 width=57) (actual time=73.959..16423.438 rows=325928 loops=1)
                     Join Filter: (supplier.s_nationkey = nation.n_nationkey)
                     Rows Removed by Join Filter: 3898820
                     ->  Nested Loop  (cost=6802.17..241587.18 rows=195 width=31) (actual time=73.736..15718.460 rows=325928 loops=1)
                           ->  Nested Loop  (cost=6801.74..240973.65 rows=195 width=31) (actual time=72.804..11926.607 rows=325928 loops=1)
                                 ->  Nested Loop  (cost=6801.46..240398.83 rows=195 width=35) (actual time=72.252..11165.854 rows=325928 loops=1)
                                       ->  Hash Join  (cost=6801.02..34435.07 rows=64648 width=18) (actual time=71.478..395.111 rows=43520 loops=1)
                                             Hash Cond: (partsupp.ps_partkey = part.p_partkey)
                                             ->  Seq Scan on partsupp  (cost=0.00..25534.00 rows=800000 width=14) (actual time=0.447..215.568 rows=800000 loops=1)
                                             ->  Hash  (cost=6599.00..6599.00 rows=16162 width=4) (actual time=70.902..70.903 rows=10880 loops=1)
                                                   Buckets: 16384  Batches: 1  Memory Usage: 511kB
                                                   ->  Seq Scan on part  (cost=0.00..6599.00 rows=16162 width=4) (actual time=0.403..68.573 rows=10880 loops=1)
                                                         Filter: ((p_name)::text ~~ '%navy%'::text)
                                                         Rows Removed by Filter: 189120
                                       ->  Index Scan using idx_lineitem_part_supp on lineitem  (cost=0.43..3.18 rows=1 width=29) (actual time=0.036..0.245 rows=7 loops=43520)
                                             Index Cond: ((l_partkey = partsupp.ps_partkey) AND (l_suppkey = partsupp.ps_suppkey))
                                 ->  Index Scan using supplier_pkey on supplier  (cost=0.29..2.95 rows=1 width=8) (actual time=0.002..0.002 rows=1 loops=325928)
                                       Index Cond: (s_suppkey = lineitem.l_suppkey)
                           ->  Index Scan using orders_pkey on orders  (cost=0.43..3.15 rows=1 width=8) (actual time=0.011..0.011 rows=1 loops=325928)
                                 Index Cond: (o_orderkey = lineitem.l_orderkey)
                     ->  Materialize  (cost=0.00..1.38 rows=25 width=30) (actual time=0.000..0.001 rows=13 loops=325928)
                           ->  Seq Scan on nation  (cost=0.00..1.25 rows=25 width=30) (actual time=0.197..0.204 rows=25 loops=1)
 Planning Time: 23.512 ms
 Execution Time: 16784.317 ms
(30 rows)

SET
SET
SET
                                                                                   QUERY PLAN                                                                                   
--------------------------------------------------------------------------------------------------------------------------------------------------------------------------------
 Limit  (cost=241667.24..241667.28 rows=1 width=66) (actual time=2737.941..2737.946 rows=1 loops=1)
   ->  GroupAggregate  (cost=241667.24..241674.55 rows=195 width=66) (actual time=2737.940..2737.944 rows=1 loops=1)
         Group Key: nation.n_name, (date_part('year'::text, (orders.o_orderdate)::timestamp without time zone))
         ->  Sort  (cost=241667.24..241667.73 rows=195 width=57) (actual time=2737.018..2737.171 rows=1210 loops=1)
               Sort Key: nation.n_name, (date_part('year'::text, (orders.o_orderdate)::timestamp without time zone)) DESC
               Sort Method: external merge  Disk: 24064kB
               ->  Nested Loop  (cost=6802.17..241659.82 rows=195 width=57) (actual time=41.314..2436.030 rows=325928 loops=1)
                     Join Filter: (supplier.s_nationkey = nation.n_nationkey)
                     Rows Removed by Join Filter: 3898820
                     ->  Nested Loop  (cost=6802.17..241587.18 rows=195 width=31) (actual time=41.297..1918.037 rows=325928 loops=1)
                           ->  Nested Loop  (cost=6801.74..240973.65 rows=195 width=31) (actual time=41.286..1056.741 rows=325928 loops=1)
                                 ->  Nested Loop  (cost=6801.46..240398.83 rows=195 width=35) (actual time=41.281..614.829 rows=325928 loops=1)
                                       ->  Hash Join  (cost=6801.02..34435.07 rows=64648 width=18) (actual time=41.266..208.944 rows=43520 loops=1)
                                             Hash Cond: (partsupp.ps_partkey = part.p_partkey)
                                             ->  Seq Scan on partsupp  (cost=0.00..25534.00 rows=800000 width=14) (actual time=0.004..52.147 rows=800000 loops=1)
                                             ->  Hash  (cost=6599.00..6599.00 rows=16162 width=4) (actual time=41.227..41.227 rows=10880 loops=1)
                                                   Buckets: 16384  Batches: 1  Memory Usage: 511kB
                                                   ->  Seq Scan on part  (cost=0.00..6599.00 rows=16162 width=4) (actual time=0.015..39.549 rows=10880 loops=1)
                                                         Filter: ((p_name)::text ~~ '%navy%'::text)
                                                         Rows Removed by Filter: 189120
                                       ->  Index Scan using idx_lineitem_part_supp on lineitem  (cost=0.43..3.18 rows=1 width=29) (actual time=0.003..0.008 rows=7 loops=43520)
                                             Index Cond: ((l_partkey = partsupp.ps_partkey) AND (l_suppkey = partsupp.ps_suppkey))
                                 ->  Index Scan using supplier_pkey on supplier  (cost=0.29..2.95 rows=1 width=8) (actual time=0.001..0.001 rows=1 loops=325928)
                                       Index Cond: (s_suppkey = lineitem.l_suppkey)
                           ->  Index Scan using orders_pkey on orders  (cost=0.43..3.15 rows=1 width=8) (actual time=0.002..0.002 rows=1 loops=325928)
                                 Index Cond: (o_orderkey = lineitem.l_orderkey)
                     ->  Materialize  (cost=0.00..1.38 rows=25 width=30) (actual time=0.000..0.000 rows=13 loops=325928)
                           ->  Seq Scan on nation  (cost=0.00..1.25 rows=25 width=30) (actual time=0.005..0.008 rows=25 loops=1)
 Planning Time: 3.632 ms
 Execution Time: 2740.809 ms
(30 rows)

query 10 run 1
SET
SET
SET
                                                                                QUERY PLAN                                                                                 
---------------------------------------------------------------------------------------------------------------------------------------------------------------------------
 Limit  (cost=225200.87..225200.92 rows=20 width=202) (actual time=2267.222..2267.228 rows=20 loops=1)
   ->  Sort  (cost=225200.87..225342.99 rows=56850 width=202) (actual time=2267.221..2267.225 rows=20 loops=1)
         Sort Key: (sum((lineitem.l_extendedprice * ('1'::numeric - lineitem.l_discount)))) DESC
         Sort Method: top-N heapsort  Memory: 33kB
         ->  HashAggregate  (cost=222977.48..223688.11 rows=56850 width=202) (actual time=2237.162..2255.933 rows=38076 loops=1)
               Group Key: customer.c_custkey, nation.n_name
               ->  Hash Join  (cost=7807.98..222266.86 rows=56850 width=182) (actual time=104.175..2116.987 rows=114347 loops=1)
                     Hash Cond: (customer.c_nationkey = nation.n_nationkey)
                     ->  Hash Join  (cost=7806.42..222090.77 rows=56850 width=160) (actual time=103.971..2088.158 rows=114347 loops=1)
                           Hash Cond: (orders.o_custkey = customer.c_custkey)
                           ->  Nested Loop  (cost=834.42..214969.53 rows=56850 width=16) (actual time=12.003..1944.078 rows=114347 loops=1)
                                 ->  Bitmap Heap Scan on orders  (cost=833.98..27833.60 rows=57908 width=8) (actual time=10.799..505.579 rows=57111 loops=1)
                                       Recheck Cond: ((o_orderdate >= '1994-08-01'::date) AND (o_orderdate < '1994-11-01'::date))
                                       Heap Blocks: exact=23377
                                       ->  Bitmap Index Scan on idx_orders_orderdate  (cost=0.00..819.51 rows=57908 width=0) (actual time=7.799..7.799 rows=57111 loops=1)
                                             Index Cond: ((o_orderdate >= '1994-08-01'::date) AND (o_orderdate < '1994-11-01'::date))
                                 ->  Index Scan using idx_lineitem_orderkey on lineitem  (cost=0.43..3.22 rows=1 width=16) (actual time=0.023..0.024 rows=2 loops=57111)
                                       Index Cond: (l_orderkey = orders.o_orderkey)
                                       Filter: (l_returnflag = 'R'::bpchar)
                                       Rows Removed by Filter: 2
                           ->  Hash  (cost=5097.00..5097.00 rows=150000 width=148) (actual time=91.542..91.542 rows=150000 loops=1)
                                 Buckets: 262144  Batches: 1  Memory Usage: 28861kB
                                 ->  Seq Scan on customer  (cost=0.00..5097.00 rows=150000 width=148) (actual time=0.456..50.266 rows=150000 loops=1)
                     ->  Hash  (cost=1.25..1.25 rows=25 width=30) (actual time=0.193..0.193 rows=25 loops=1)
                           Buckets: 1024  Batches: 1  Memory Usage: 10kB
                           ->  Seq Scan on nation  (cost=0.00..1.25 rows=25 width=30) (actual time=0.175..0.181 rows=25 loops=1)
 Planning Time: 17.599 ms
 Execution Time: 2268.592 ms
(28 rows)

SET
SET
SET
                                                                                QUERY PLAN                                                                                 
---------------------------------------------------------------------------------------------------------------------------------------------------------------------------
 Limit  (cost=225200.87..225200.92 rows=20 width=202) (actual time=527.688..527.695 rows=20 loops=1)
   ->  Sort  (cost=225200.87..225342.99 rows=56850 width=202) (actual time=527.687..527.692 rows=20 loops=1)
         Sort Key: (sum((lineitem.l_extendedprice * ('1'::numeric - lineitem.l_discount)))) DESC
         Sort Method: top-N heapsort  Memory: 33kB
         ->  HashAggregate  (cost=222977.48..223688.11 rows=56850 width=202) (actual time=497.693..516.435 rows=38076 loops=1)
               Group Key: customer.c_custkey, nation.n_name
               ->  Hash Join  (cost=7807.98..222266.86 rows=56850 width=182) (actual time=72.834..407.134 rows=114347 loops=1)
                     Hash Cond: (customer.c_nationkey = nation.n_nationkey)
                     ->  Hash Join  (cost=7806.42..222090.77 rows=56850 width=160) (actual time=72.811..383.522 rows=114347 loops=1)
                           Hash Cond: (orders.o_custkey = customer.c_custkey)
                           ->  Nested Loop  (cost=834.42..214969.53 rows=56850 width=16) (actual time=7.797..277.299 rows=114347 loops=1)
                                 ->  Bitmap Heap Scan on orders  (cost=833.98..27833.60 rows=57908 width=8) (actual time=7.757..44.581 rows=57111 loops=1)
                                       Recheck Cond: ((o_orderdate >= '1994-08-01'::date) AND (o_orderdate < '1994-11-01'::date))
                                       Heap Blocks: exact=23377
                                       ->  Bitmap Index Scan on idx_orders_orderdate  (cost=0.00..819.51 rows=57908 width=0) (actual time=4.988..4.988 rows=57111 loops=1)
                                             Index Cond: ((o_orderdate >= '1994-08-01'::date) AND (o_orderdate < '1994-11-01'::date))
                                 ->  Index Scan using idx_lineitem_orderkey on lineitem  (cost=0.43..3.22 rows=1 width=16) (actual time=0.003..0.004 rows=2 loops=57111)
                                       Index Cond: (l_orderkey = orders.o_orderkey)
                                       Filter: (l_returnflag = 'R'::bpchar)
                                       Rows Removed by Filter: 2
                           ->  Hash  (cost=5097.00..5097.00 rows=150000 width=148) (actual time=64.608..64.608 rows=150000 loops=1)
                                 Buckets: 262144  Batches: 1  Memory Usage: 28861kB
                                 ->  Seq Scan on customer  (cost=0.00..5097.00 rows=150000 width=148) (actual time=0.010..24.828 rows=150000 loops=1)
                     ->  Hash  (cost=1.25..1.25 rows=25 width=30) (actual time=0.019..0.020 rows=25 loops=1)
                           Buckets: 1024  Batches: 1  Memory Usage: 10kB
                           ->  Seq Scan on nation  (cost=0.00..1.25 rows=25 width=30) (actual time=0.011..0.014 rows=25 loops=1)
 Planning Time: 1.203 ms
 Execution Time: 528.121 ms
(28 rows)

query 11 run 1
SET
SET
SET
                                                                             QUERY PLAN                                                                             
--------------------------------------------------------------------------------------------------------------------------------------------------------------------
 Limit  (cost=22727.82..22727.82 rows=1 width=36) (actual time=753.317..753.321 rows=1 loops=1)
   InitPlan 1 (returns $2)
     ->  Aggregate  (cost=10897.24..10897.25 rows=1 width=32) (actual time=26.451..26.453 rows=1 loops=1)
           ->  Nested Loop  (cost=6.81..10657.23 rows=32000 width=10) (actual time=0.057..18.831 rows=32880 loops=1)
                 ->  Nested Loop  (cost=6.38..230.58 rows=400 width=4) (actual time=0.050..0.286 rows=411 loops=1)
                       ->  Seq Scan on nation nation_1  (cost=0.00..1.31 rows=1 width=4) (actual time=0.007..0.010 rows=1 loops=1)
                             Filter: (n_name = 'SAUDI ARABIA'::bpchar)
                             Rows Removed by Filter: 24
                       ->  Bitmap Heap Scan on supplier supplier_1  (cost=6.38..225.26 rows=400 width=8) (actual time=0.040..0.228 rows=411 loops=1)
                             Recheck Cond: (s_nationkey = nation_1.n_nationkey)
                             Heap Blocks: exact=183
                             ->  Bitmap Index Scan on idx_supplier_nation_key  (cost=0.00..6.29 rows=400 width=0) (actual time=0.025..0.025 rows=411 loops=1)
                                   Index Cond: (s_nationkey = nation_1.n_nationkey)
                 ->  Index Scan using idx_partsupp_suppkey on partsupp partsupp_1  (cost=0.42..25.27 rows=80 width=14) (actual time=0.003..0.036 rows=80 loops=411)
                       Index Cond: (ps_suppkey = supplier_1.s_suppkey)
   ->  Sort  (cost=11830.57..11857.24 rows=10667 width=36) (actual time=753.315..753.317 rows=1 loops=1)
         Sort Key: (sum((partsupp.ps_supplycost * (partsupp.ps_availqty)::numeric))) DESC
         Sort Method: top-N heapsort  Memory: 25kB
         ->  HashAggregate  (cost=11217.23..11777.23 rows=10667 width=36) (actual time=742.544..753.167 rows=839 loops=1)
               Group Key: partsupp.ps_partkey
               Filter: (sum((partsupp.ps_supplycost * (partsupp.ps_availqty)::numeric)) > $2)
               Rows Removed by Filter: 30007
               ->  Nested Loop  (cost=6.81..10657.23 rows=32000 width=14) (actual time=1.331..684.747 rows=32880 loops=1)
                     ->  Nested Loop  (cost=6.38..230.58 rows=400 width=4) (actual time=0.960..4.586 rows=411 loops=1)
                           ->  Seq Scan on nation  (cost=0.00..1.31 rows=1 width=4) (actual time=0.192..0.195 rows=1 loops=1)
                                 Filter: (n_name = 'SAUDI ARABIA'::bpchar)
                                 Rows Removed by Filter: 24
                           ->  Bitmap Heap Scan on supplier  (cost=6.38..225.26 rows=400 width=8) (actual time=0.762..4.292 rows=411 loops=1)
                                 Recheck Cond: (s_nationkey = nation.n_nationkey)
                                 Heap Blocks: exact=183
                                 ->  Bitmap Index Scan on idx_supplier_nation_key  (cost=0.00..6.29 rows=400 width=0) (actual time=0.532..0.532 rows=411 loops=1)
                                       Index Cond: (s_nationkey = nation.n_nationkey)
                     ->  Index Scan using idx_partsupp_suppkey on partsupp  (cost=0.42..25.27 rows=80 width=18) (actual time=0.143..1.637 rows=80 loops=411)
                           Index Cond: (ps_suppkey = supplier.s_suppkey)
 Planning Time: 11.936 ms
 Execution Time: 754.526 ms
(36 rows)

SET
SET
SET
                                                                             QUERY PLAN                                                                             
--------------------------------------------------------------------------------------------------------------------------------------------------------------------
 Limit  (cost=22727.82..22727.82 rows=1 width=36) (actual time=84.195..84.200 rows=1 loops=1)
   InitPlan 1 (returns $2)
     ->  Aggregate  (cost=10897.24..10897.25 rows=1 width=32) (actual time=26.429..26.431 rows=1 loops=1)
           ->  Nested Loop  (cost=6.81..10657.23 rows=32000 width=10) (actual time=0.055..18.794 rows=32880 loops=1)
                 ->  Nested Loop  (cost=6.38..230.58 rows=400 width=4) (actual time=0.049..0.290 rows=411 loops=1)
                       ->  Seq Scan on nation nation_1  (cost=0.00..1.31 rows=1 width=4) (actual time=0.008..0.011 rows=1 loops=1)
                             Filter: (n_name = 'SAUDI ARABIA'::bpchar)
                             Rows Removed by Filter: 24
                       ->  Bitmap Heap Scan on supplier supplier_1  (cost=6.38..225.26 rows=400 width=8) (actual time=0.038..0.230 rows=411 loops=1)
                             Recheck Cond: (s_nationkey = nation_1.n_nationkey)
                             Heap Blocks: exact=183
                             ->  Bitmap Index Scan on idx_supplier_nation_key  (cost=0.00..6.29 rows=400 width=0) (actual time=0.023..0.023 rows=411 loops=1)
                                   Index Cond: (s_nationkey = nation_1.n_nationkey)
                 ->  Index Scan using idx_partsupp_suppkey on partsupp partsupp_1  (cost=0.42..25.27 rows=80 width=14) (actual time=0.003..0.036 rows=80 loops=411)
                       Index Cond: (ps_suppkey = supplier_1.s_suppkey)
   ->  Sort  (cost=11830.57..11857.24 rows=10667 width=36) (actual time=84.194..84.196 rows=1 loops=1)
         Sort Key: (sum((partsupp.ps_supplycost * (partsupp.ps_availqty)::numeric))) DESC
         Sort Method: top-N heapsort  Memory: 25kB
         ->  HashAggregate  (cost=11217.23..11777.23 rows=10667 width=36) (actual time=73.396..84.047 rows=839 loops=1)
               Group Key: partsupp.ps_partkey
               Filter: (sum((partsupp.ps_supplycost * (partsupp.ps_availqty)::numeric)) > $2)
               Rows Removed by Filter: 30007
               ->  Nested Loop  (cost=6.81..10657.23 rows=32000 width=14) (actual time=0.068..28.666 rows=32880 loops=1)
                     ->  Nested Loop  (cost=6.38..230.58 rows=400 width=4) (actual time=0.062..0.504 rows=411 loops=1)
                           ->  Seq Scan on nation  (cost=0.00..1.31 rows=1 width=4) (actual time=0.015..0.017 rows=1 loops=1)
                                 Filter: (n_name = 'SAUDI ARABIA'::bpchar)
                                 Rows Removed by Filter: 24
                           ->  Bitmap Heap Scan on supplier  (cost=6.38..225.26 rows=400 width=8) (actual time=0.045..0.430 rows=411 loops=1)
                                 Recheck Cond: (s_nationkey = nation.n_nationkey)
                                 Heap Blocks: exact=183
                                 ->  Bitmap Index Scan on idx_supplier_nation_key  (cost=0.00..6.29 rows=400 width=0) (actual time=0.027..0.027 rows=411 loops=1)
                                       Index Cond: (s_nationkey = nation.n_nationkey)
                     ->  Index Scan using idx_partsupp_suppkey on partsupp  (cost=0.42..25.27 rows=80 width=18) (actual time=0.004..0.058 rows=80 loops=411)
                           Index Cond: (ps_suppkey = supplier.s_suppkey)
 Planning Time: 0.900 ms
 Execution Time: 84.590 ms
(36 rows)

query 12 run 1
SET
SET
SET
                                                                                                                    QUERY PLAN                                                                                                                     
---------------------------------------------------------------------------------------------------------------------------------------------------------------------------------------------------------------------------------------------------
 Limit  (cost=302841.97..302926.42 rows=1 width=27) (actual time=1990.563..1990.566 rows=1 loops=1)
   ->  GroupAggregate  (cost=302841.97..303433.12 rows=7 width=27) (actual time=1990.562..1990.563 rows=1 loops=1)
         Group Key: lineitem.l_shipmode
         ->  Sort  (cost=302841.97..302915.86 rows=29554 width=27) (actual time=1986.099..1986.656 rows=15492 loops=1)
               Sort Key: lineitem.l_shipmode
               Sort Method: quicksort  Memory: 3187kB
               ->  Hash Join  (cost=247970.89..300647.43 rows=29554 width=27) (actual time=1501.283..1977.996 rows=30953 loops=1)
                     Hash Cond: (orders.o_orderkey = lineitem.l_orderkey)
                     ->  Seq Scan on orders  (cost=0.00..41131.00 rows=1500000 width=20) (actual time=0.328..285.519 rows=1500000 loops=1)
                     ->  Hash  (cost=247601.35..247601.35 rows=29563 width=15) (actual time=1500.806..1500.807 rows=30953 loops=1)
                           Buckets: 32768  Batches: 1  Memory Usage: 1707kB
                           ->  Seq Scan on lineitem  (cost=0.00..247601.35 rows=29563 width=15) (actual time=1.402..1491.869 rows=30953 loops=1)
                                 Filter: ((l_shipmode = ANY ('{SHIP,"REG AIR"}'::bpchar[])) AND (l_commitdate < l_receiptdate) AND (l_shipdate < l_commitdate) AND (l_receiptdate >= '1994-01-01'::date) AND (l_receiptdate < '1995-01-01'::date))
                                 Rows Removed by Filter: 5970262
 Planning Time: 13.148 ms
 Execution Time: 1991.682 ms
(16 rows)

SET
SET
SET
                                                                                                                    QUERY PLAN                                                                                                                     
---------------------------------------------------------------------------------------------------------------------------------------------------------------------------------------------------------------------------------------------------
 Limit  (cost=302841.97..302926.42 rows=1 width=27) (actual time=1549.196..1549.198 rows=1 loops=1)
   ->  GroupAggregate  (cost=302841.97..303433.12 rows=7 width=27) (actual time=1549.195..1549.196 rows=1 loops=1)
         Group Key: lineitem.l_shipmode
         ->  Sort  (cost=302841.97..302915.86 rows=29554 width=27) (actual time=1544.687..1545.253 rows=15492 loops=1)
               Sort Key: lineitem.l_shipmode
               Sort Method: quicksort  Memory: 3187kB
               ->  Hash Join  (cost=247970.89..300647.43 rows=29554 width=27) (actual time=1272.144..1538.517 rows=30953 loops=1)
                     Hash Cond: (orders.o_orderkey = lineitem.l_orderkey)
                     ->  Seq Scan on orders  (cost=0.00..41131.00 rows=1500000 width=20) (actual time=0.003..79.703 rows=1500000 loops=1)
                     ->  Hash  (cost=247601.35..247601.35 rows=29563 width=15) (actual time=1272.093..1272.094 rows=30953 loops=1)
                           Buckets: 32768  Batches: 1  Memory Usage: 1707kB
                           ->  Seq Scan on lineitem  (cost=0.00..247601.35 rows=29563 width=15) (actual time=0.112..1263.947 rows=30953 loops=1)
                                 Filter: ((l_shipmode = ANY ('{SHIP,"REG AIR"}'::bpchar[])) AND (l_commitdate < l_receiptdate) AND (l_shipdate < l_commitdate) AND (l_receiptdate >= '1994-01-01'::date) AND (l_receiptdate < '1995-01-01'::date))
                                 Rows Removed by Filter: 5970262
 Planning Time: 0.633 ms
 Execution Time: 1549.253 ms
(16 rows)

query 13 run 1
SET
SET
SET
                                                                                  QUERY PLAN                                                                                   
-------------------------------------------------------------------------------------------------------------------------------------------------------------------------------
 Limit  (cost=64702.50..64702.50 rows=1 width=16) (actual time=1459.170..1459.173 rows=1 loops=1)
   ->  Sort  (cost=64702.50..64703.00 rows=200 width=16) (actual time=1459.168..1459.170 rows=1 loops=1)
         Sort Key: (count(*)) DESC, (count(orders.o_orderkey)) DESC
         Sort Method: top-N heapsort  Memory: 25kB
         ->  HashAggregate  (cost=64699.50..64701.50 rows=200 width=16) (actual time=1459.143..1459.150 rows=42 loops=1)
               Group Key: count(orders.o_orderkey)
               ->  HashAggregate  (cost=60949.50..62449.50 rows=150000 width=12) (actual time=1419.314..1442.720 rows=150000 loops=1)
                     Group Key: customer.c_custkey
                     ->  Hash Right Join  (cost=4746.42..53525.26 rows=1484848 width=8) (actual time=33.277..1063.544 rows=1533923 loops=1)
                           Hash Cond: (orders.o_custkey = customer.c_custkey)
                           ->  Seq Scan on orders  (cost=0.00..44881.00 rows=1484848 width=8) (actual time=0.450..635.787 rows=1483918 loops=1)
                                 Filter: ((o_comment)::text !~~ '%special%requests%'::text)
                                 Rows Removed by Filter: 16082
                           ->  Hash  (cost=2871.42..2871.42 rows=150000 width=4) (actual time=32.416..32.416 rows=150000 loops=1)
                                 Buckets: 262144  Batches: 1  Memory Usage: 7322kB
                                 ->  Index Only Scan using customer_pkey on customer  (cost=0.42..2871.42 rows=150000 width=4) (actual time=0.014..15.461 rows=150000 loops=1)
                                       Heap Fetches: 0
 Planning Time: 11.979 ms
 Execution Time: 1461.053 ms
(19 rows)

SET
SET
SET
                                                                                  QUERY PLAN                                                                                   
-------------------------------------------------------------------------------------------------------------------------------------------------------------------------------
 Limit  (cost=64702.50..64702.50 rows=1 width=16) (actual time=1251.640..1251.643 rows=1 loops=1)
   ->  Sort  (cost=64702.50..64703.00 rows=200 width=16) (actual time=1251.639..1251.641 rows=1 loops=1)
         Sort Key: (count(*)) DESC, (count(orders.o_orderkey)) DESC
         Sort Method: top-N heapsort  Memory: 25kB
         ->  HashAggregate  (cost=64699.50..64701.50 rows=200 width=16) (actual time=1251.369..1251.376 rows=42 loops=1)
               Group Key: count(orders.o_orderkey)
               ->  HashAggregate  (cost=60949.50..62449.50 rows=150000 width=12) (actual time=1211.656..1234.865 rows=150000 loops=1)
                     Group Key: customer.c_custkey
                     ->  Hash Right Join  (cost=4746.42..53525.26 rows=1484848 width=8) (actual time=28.753..880.524 rows=1533923 loops=1)
                           Hash Cond: (orders.o_custkey = customer.c_custkey)
                           ->  Seq Scan on orders  (cost=0.00..44881.00 rows=1484848 width=8) (actual time=0.012..477.707 rows=1483918 loops=1)
                                 Filter: ((o_comment)::text !~~ '%special%requests%'::text)
                                 Rows Removed by Filter: 16082
                           ->  Hash  (cost=2871.42..2871.42 rows=150000 width=4) (actual time=28.404..28.405 rows=150000 loops=1)
                                 Buckets: 262144  Batches: 1  Memory Usage: 7322kB
                                 ->  Index Only Scan using customer_pkey on customer  (cost=0.42..2871.42 rows=150000 width=4) (actual time=0.015..12.467 rows=150000 loops=1)
                                       Heap Fetches: 0
 Planning Time: 0.752 ms
 Execution Time: 1252.877 ms
(19 rows)

query 14 run 1
SET
SET
SET
                                                                         QUERY PLAN                                                                          
-------------------------------------------------------------------------------------------------------------------------------------------------------------
 Limit  (cost=77175.97..77175.99 rows=1 width=32) (actual time=1014.327..1014.329 rows=1 loops=1)
   ->  Aggregate  (cost=77175.97..77175.99 rows=1 width=32) (actual time=1014.326..1014.327 rows=1 loops=1)
         ->  Hash Join  (cost=9808.78..75856.47 rows=75400 width=33) (actual time=105.992..946.188 rows=77317 loops=1)
               Hash Cond: (lineitem.l_partkey = part.p_partkey)
               ->  Bitmap Heap Scan on lineitem  (cost=1209.78..67059.54 rows=75400 width=16) (actual time=17.661..800.766 rows=77317 loops=1)
                     Recheck Cond: ((l_shipdate >= '1994-05-01'::date) AND (l_shipdate < '1994-06-01'::date))
                     Heap Blocks: exact=41681
                     ->  Bitmap Index Scan on idx_lineitem_shipdate  (cost=0.00..1190.93 rows=75400 width=0) (actual time=12.183..12.183 rows=77317 loops=1)
                           Index Cond: ((l_shipdate >= '1994-05-01'::date) AND (l_shipdate < '1994-06-01'::date))
               ->  Hash  (cost=6099.00..6099.00 rows=200000 width=25) (actual time=88.086..88.086 rows=200000 loops=1)
                     Buckets: 262144  Batches: 1  Memory Usage: 13600kB
                     ->  Seq Scan on part  (cost=0.00..6099.00 rows=200000 width=25) (actual time=0.264..54.176 rows=200000 loops=1)
 Planning Time: 11.819 ms
 Execution Time: 1015.263 ms
(14 rows)

SET
SET
SET
                                                                        QUERY PLAN                                                                         
-----------------------------------------------------------------------------------------------------------------------------------------------------------
 Limit  (cost=77175.97..77175.99 rows=1 width=32) (actual time=182.134..182.136 rows=1 loops=1)
   ->  Aggregate  (cost=77175.97..77175.99 rows=1 width=32) (actual time=182.133..182.134 rows=1 loops=1)
         ->  Hash Join  (cost=9808.78..75856.47 rows=75400 width=33) (actual time=70.482..150.739 rows=77317 loops=1)
               Hash Cond: (lineitem.l_partkey = part.p_partkey)
               ->  Bitmap Heap Scan on lineitem  (cost=1209.78..67059.54 rows=75400 width=16) (actual time=12.968..64.490 rows=77317 loops=1)
                     Recheck Cond: ((l_shipdate >= '1994-05-01'::date) AND (l_shipdate < '1994-06-01'::date))
                     Heap Blocks: exact=41681
                     ->  Bitmap Index Scan on idx_lineitem_shipdate  (cost=0.00..1190.93 rows=75400 width=0) (actual time=7.864..7.864 rows=77317 loops=1)
                           Index Cond: ((l_shipdate >= '1994-05-01'::date) AND (l_shipdate < '1994-06-01'::date))
               ->  Hash  (cost=6099.00..6099.00 rows=200000 width=25) (actual time=57.302..57.303 rows=200000 loops=1)
                     Buckets: 262144  Batches: 1  Memory Usage: 13600kB
                     ->  Seq Scan on part  (cost=0.00..6099.00 rows=200000 width=25) (actual time=0.010..26.409 rows=200000 loops=1)
 Planning Time: 0.570 ms
 Execution Time: 182.197 ms
(14 rows)

query 15 run 1
SET
SET
SET
CREATE VIEW
                                                                                QUERY PLAN                                                                                 
---------------------------------------------------------------------------------------------------------------------------------------------------------------------------
 Limit  (cost=246051.45..246060.34 rows=1 width=103) (actual time=1458.468..1458.471 rows=1 loops=1)
   InitPlan 1 (returns $0)
     ->  Aggregate  (cost=122203.79..122203.80 rows=1 width=32) (actual time=209.338..209.339 rows=1 loops=1)
           ->  HashAggregate  (cost=121953.59..122078.69 rows=10008 width=36) (actual time=206.191..208.734 rows=10000 loops=1)
                 Group Key: lineitem_1.l_suppkey
                 ->  Bitmap Heap Scan on lineitem lineitem_1  (cost=3671.14..119664.61 rows=228898 width=16) (actual time=27.925..95.932 rows=225954 loops=1)
                       Recheck Cond: ((l_shipdate >= '1996-01-01'::date) AND (l_shipdate < '1996-04-01'::date))
                       Heap Blocks: exact=66828
                       ->  Bitmap Index Scan on idx_lineitem_shipdate  (cost=0.00..3613.91 rows=228898 width=0) (actual time=18.946..18.946 rows=225954 loops=1)
                             Index Cond: ((l_shipdate >= '1996-01-01'::date) AND (l_shipdate < '1996-04-01'::date))
   ->  Merge Join  (cost=123847.66..124291.91 rows=50 width=103) (actual time=1458.467..1458.468 rows=1 loops=1)
         Merge Cond: (supplier.s_suppkey = revenue0.supplier_no)
         ->  Index Scan using supplier_pkey on supplier  (cost=0.29..418.79 rows=10000 width=71) (actual time=0.808..5.190 rows=8449 loops=1)
         ->  Sort  (cost=123847.37..123847.50 rows=50 width=36) (actual time=1452.761..1452.762 rows=1 loops=1)
               Sort Key: revenue0.supplier_no
               Sort Method: quicksort  Memory: 25kB
               ->  Subquery Scan on revenue0  (cost=123670.32..123845.96 rows=50 width=36) (actual time=1450.386..1452.754 rows=1 loops=1)
                     ->  HashAggregate  (cost=123670.32..123845.46 rows=50 width=36) (actual time=1450.385..1452.752 rows=1 loops=1)
                           Group Key: lineitem.l_suppkey
                           Filter: (sum((lineitem.l_extendedprice * ('1'::numeric - lineitem.l_discount))) = $0)
                           Rows Removed by Filter: 9999
                           ->  Bitmap Heap Scan on lineitem  (cost=3671.14..119664.61 rows=228898 width=16) (actual time=39.985..1063.438 rows=225954 loops=1)
                                 Recheck Cond: ((l_shipdate >= '1996-01-01'::date) AND (l_shipdate < '1996-04-01'::date))
                                 Heap Blocks: exact=66828
                                 ->  Bitmap Index Scan on idx_lineitem_shipdate  (cost=0.00..3613.91 rows=228898 width=0) (actual time=30.189..30.190 rows=225954 loops=1)
                                       Index Cond: ((l_shipdate >= '1996-01-01'::date) AND (l_shipdate < '1996-04-01'::date))
 Planning Time: 12.433 ms
 Execution Time: 1458.890 ms
(28 rows)

DROP VIEW
SET
SET
SET
CREATE VIEW
                                                                                QUERY PLAN                                                                                 
---------------------------------------------------------------------------------------------------------------------------------------------------------------------------
 Limit  (cost=246051.45..246060.34 rows=1 width=103) (actual time=449.497..449.500 rows=1 loops=1)
   InitPlan 1 (returns $0)
     ->  Aggregate  (cost=122203.79..122203.80 rows=1 width=32) (actual time=208.992..208.993 rows=1 loops=1)
           ->  HashAggregate  (cost=121953.59..122078.69 rows=10008 width=36) (actual time=205.873..208.373 rows=10000 loops=1)
                 Group Key: lineitem_1.l_suppkey
                 ->  Bitmap Heap Scan on lineitem lineitem_1  (cost=3671.14..119664.61 rows=228898 width=16) (actual time=27.566..95.971 rows=225954 loops=1)
                       Recheck Cond: ((l_shipdate >= '1996-01-01'::date) AND (l_shipdate < '1996-04-01'::date))
                       Heap Blocks: exact=66828
                       ->  Bitmap Index Scan on idx_lineitem_shipdate  (cost=0.00..3613.91 rows=228898 width=0) (actual time=18.604..18.604 rows=225954 loops=1)
                             Index Cond: ((l_shipdate >= '1996-01-01'::date) AND (l_shipdate < '1996-04-01'::date))
   ->  Merge Join  (cost=123847.66..124291.91 rows=50 width=103) (actual time=449.496..449.497 rows=1 loops=1)
         Merge Cond: (supplier.s_suppkey = revenue0.supplier_no)
         ->  Index Scan using supplier_pkey on supplier  (cost=0.29..418.79 rows=10000 width=71) (actual time=0.012..1.321 rows=8449 loops=1)
         ->  Sort  (cost=123847.37..123847.50 rows=50 width=36) (actual time=447.668..447.669 rows=1 loops=1)
               Sort Key: revenue0.supplier_no
               Sort Method: quicksort  Memory: 25kB
               ->  Subquery Scan on revenue0  (cost=123670.32..123845.96 rows=50 width=36) (actual time=445.234..447.665 rows=1 loops=1)
                     ->  HashAggregate  (cost=123670.32..123845.46 rows=50 width=36) (actual time=445.233..447.663 rows=1 loops=1)
                           Group Key: lineitem.l_suppkey
                           Filter: (sum((lineitem.l_extendedprice * ('1'::numeric - lineitem.l_discount))) = $0)
                           Rows Removed by Filter: 9999
                           ->  Bitmap Heap Scan on lineitem  (cost=3671.14..119664.61 rows=228898 width=16) (actual time=28.986..123.211 rows=225954 loops=1)
                                 Recheck Cond: ((l_shipdate >= '1996-01-01'::date) AND (l_shipdate < '1996-04-01'::date))
                                 Heap Blocks: exact=66828
                                 ->  Bitmap Index Scan on idx_lineitem_shipdate  (cost=0.00..3613.91 rows=228898 width=0) (actual time=19.980..19.980 rows=225954 loops=1)
                                       Index Cond: ((l_shipdate >= '1996-01-01'::date) AND (l_shipdate < '1996-04-01'::date))
 Planning Time: 1.008 ms
 Execution Time: 449.618 ms
(28 rows)

DROP VIEW
query 16 run 1
SET
SET
SET
                                                                                         QUERY PLAN                                                                                         
--------------------------------------------------------------------------------------------------------------------------------------------------------------------------------------------
 Limit  (cost=33673.79..33673.79 rows=1 width=44) (actual time=605.989..605.992 rows=1 loops=1)
   ->  Sort  (cost=33673.79..33713.26 rows=15789 width=44) (actual time=605.988..605.990 rows=1 loops=1)
         Sort Key: (count(DISTINCT partsupp.ps_suppkey)) DESC, part.p_brand, part.p_type, part.p_size
         Sort Method: top-N heapsort  Memory: 25kB
         ->  GroupAggregate  (cost=32715.63..33594.84 rows=15789 width=44) (actual time=557.679..602.864 rows=18220 loops=1)
               Group Key: part.p_brand, part.p_type, part.p_size
               ->  Sort  (cost=32715.63..32859.89 rows=57706 width=40) (actual time=557.657..565.450 rows=117930 loops=1)
                     Sort Key: part.p_brand, part.p_type, part.p_size
                     Sort Method: quicksort  Memory: 12286kB
                     ->  Hash Join  (cost=9808.09..28152.11 rows=57706 width=40) (actual time=84.716..296.599 rows=117930 loops=1)
                           Hash Cond: (partsupp.ps_partkey = part.p_partkey)
                           ->  Index Only Scan using partsupp_pkey on partsupp  (cost=348.43..17642.43 rows=400000 width=8) (actual time=5.906..144.337 rows=799680 loops=1)
                                 Filter: (NOT (hashed SubPlan 1))
                                 Rows Removed by Filter: 320
                                 Heap Fetches: 0
                                 SubPlan 1
                                   ->  Seq Scan on supplier  (cost=0.00..348.00 rows=1 width=4) (actual time=1.063..5.606 rows=4 loops=1)
                                         Filter: ((s_comment)::text ~~ '%Customer%Complaints%'::text)
                                         Rows Removed by Filter: 9996
                           ->  Hash  (cost=9099.00..9099.00 rows=28853 width=40) (actual time=78.774..78.775 rows=29492 loops=1)
                                 Buckets: 32768  Batches: 1  Memory Usage: 2393kB
                                 ->  Seq Scan on part  (cost=0.00..9099.00 rows=28853 width=40) (actual time=0.401..72.622 rows=29492 loops=1)
                                       Filter: ((p_brand <> 'Brand#12'::bpchar) AND ((p_type)::text !~~ 'SMALL BRUSHED%'::text) AND (p_size = ANY ('{12,32,36,26,40,34,49,9}'::integer[])))
                                       Rows Removed by Filter: 170508
 Planning Time: 13.213 ms
 Execution Time: 606.996 ms
(26 rows)

SET
SET
SET
                                                                                         QUERY PLAN                                                                                         
--------------------------------------------------------------------------------------------------------------------------------------------------------------------------------------------
 Limit  (cost=33673.79..33673.79 rows=1 width=44) (actual time=551.224..551.228 rows=1 loops=1)
   ->  Sort  (cost=33673.79..33713.26 rows=15789 width=44) (actual time=551.223..551.226 rows=1 loops=1)
         Sort Key: (count(DISTINCT partsupp.ps_suppkey)) DESC, part.p_brand, part.p_type, part.p_size
         Sort Method: top-N heapsort  Memory: 25kB
         ->  GroupAggregate  (cost=32715.63..33594.84 rows=15789 width=44) (actual time=502.929..548.108 rows=18220 loops=1)
               Group Key: part.p_brand, part.p_type, part.p_size
               ->  Sort  (cost=32715.63..32859.89 rows=57706 width=40) (actual time=502.907..510.728 rows=117930 loops=1)
                     Sort Key: part.p_brand, part.p_type, part.p_size
                     Sort Method: quicksort  Memory: 12286kB
                     ->  Hash Join  (cost=9808.09..28152.11 rows=57706 width=40) (actual time=51.235..242.607 rows=117930 loops=1)
                           Hash Cond: (partsupp.ps_partkey = part.p_partkey)
                           ->  Index Only Scan using partsupp_pkey on partsupp  (cost=348.43..17642.43 rows=400000 width=8) (actual time=2.198..122.156 rows=799680 loops=1)
                                 Filter: (NOT (hashed SubPlan 1))
                                 Rows Removed by Filter: 320
                                 Heap Fetches: 0
                                 SubPlan 1
                                   ->  Seq Scan on supplier  (cost=0.00..348.00 rows=1 width=4) (actual time=0.086..2.176 rows=4 loops=1)
                                         Filter: ((s_comment)::text ~~ '%Customer%Complaints%'::text)
                                         Rows Removed by Filter: 9996
                           ->  Hash  (cost=9099.00..9099.00 rows=28853 width=40) (actual time=49.007..49.007 rows=29492 loops=1)
                                 Buckets: 32768  Batches: 1  Memory Usage: 2393kB
                                 ->  Seq Scan on part  (cost=0.00..9099.00 rows=28853 width=40) (actual time=0.007..43.959 rows=29492 loops=1)
                                       Filter: ((p_brand <> 'Brand#12'::bpchar) AND ((p_type)::text !~~ 'SMALL BRUSHED%'::text) AND (p_size = ANY ('{12,32,36,26,40,34,49,9}'::integer[])))
                                       Rows Removed by Filter: 170508
 Planning Time: 1.061 ms
 Execution Time: 551.282 ms
(26 rows)

query 17 run 1
SET
SET
SET
                                                                             QUERY PLAN                                                                              
---------------------------------------------------------------------------------------------------------------------------------------------------------------------
 Limit  (cost=983465.55..983465.57 rows=1 width=32) (actual time=4538.945..4538.947 rows=1 loops=1)
   ->  Aggregate  (cost=983465.55..983465.57 rows=1 width=32) (actual time=4538.943..4538.945 rows=1 loops=1)
         ->  Merge Join  (cost=914233.85..983460.55 rows=1999 width=8) (actual time=2836.556..4538.790 rows=592 loops=1)
               Merge Cond: (lineitem_1.l_partkey = part.p_partkey)
               Join Filter: (lineitem.l_quantity < ((0.2 * avg(lineitem_1.l_quantity))))
               Rows Removed by Join Filter: 5641
               ->  GroupAggregate  (cost=914233.00..962185.36 rows=195905 width=36) (actual time=2830.235..4319.485 rows=199276 loops=1)
                     Group Key: lineitem_1.l_partkey
                     ->  Sort  (cost=914233.00..929237.59 rows=6001838 width=9) (actual time=2830.214..3453.051 rows=5979358 loops=1)
                           Sort Key: lineitem_1.l_partkey
                           Sort Method: external merge  Disk: 111632kB
                           ->  Seq Scan on lineitem lineitem_1  (cost=0.00..172578.38 rows=6001838 width=9) (actual time=0.444..973.851 rows=6001215 loops=1)
               ->  Materialize  (cost=0.85..18736.11 rows=6122 width=21) (actual time=1.632..206.351 rows=6233 loops=1)
                     ->  Nested Loop  (cost=0.85..18720.81 rows=6122 width=21) (actual time=1.628..203.451 rows=6233 loops=1)
                           ->  Index Scan using part_pkey on part  (cost=0.42..8926.42 rows=204 width=4) (actual time=1.295..68.201 rows=208 loops=1)
                                 Filter: ((p_brand = 'Brand#22'::bpchar) AND (p_container = 'LG BOX'::bpchar))
                                 Rows Removed by Filter: 199792
                           ->  Index Scan using idx_lineitem_part_supp on lineitem  (cost=0.43..47.70 rows=31 width=17) (actual time=0.403..0.642 rows=30 loops=208)
                                 Index Cond: (l_partkey = part.p_partkey)
 Planning Time: 11.974 ms
 Execution Time: 4553.873 ms
(21 rows)

SET
SET
SET
                                                                             QUERY PLAN                                                                              
---------------------------------------------------------------------------------------------------------------------------------------------------------------------
 Limit  (cost=983465.55..983465.57 rows=1 width=32) (actual time=4120.591..4120.593 rows=1 loops=1)
   ->  Aggregate  (cost=983465.55..983465.57 rows=1 width=32) (actual time=4120.590..4120.591 rows=1 loops=1)
         ->  Merge Join  (cost=914233.85..983460.55 rows=1999 width=8) (actual time=2599.683..4120.496 rows=592 loops=1)
               Merge Cond: (lineitem_1.l_partkey = part.p_partkey)
               Join Filter: (lineitem.l_quantity < ((0.2 * avg(lineitem_1.l_quantity))))
               Rows Removed by Join Filter: 5641
               ->  GroupAggregate  (cost=914233.00..962185.36 rows=195905 width=36) (actual time=2595.006..4064.494 rows=199276 loops=1)
                     Group Key: lineitem_1.l_partkey
                     ->  Sort  (cost=914233.00..929237.59 rows=6001838 width=9) (actual time=2594.985..3204.687 rows=5979358 loops=1)
                           Sort Key: lineitem_1.l_partkey
                           Sort Method: external merge  Disk: 111632kB
                           ->  Seq Scan on lineitem lineitem_1  (cost=0.00..172578.38 rows=6001838 width=9) (actual time=0.029..756.981 rows=6001215 loops=1)
               ->  Materialize  (cost=0.85..18736.11 rows=6122 width=21) (actual time=0.156..44.650 rows=6233 loops=1)
                     ->  Nested Loop  (cost=0.85..18720.81 rows=6122 width=21) (actual time=0.153..43.080 rows=6233 loops=1)
                           ->  Index Scan using part_pkey on part  (cost=0.42..8926.42 rows=204 width=4) (actual time=0.142..37.988 rows=208 loops=1)
                                 Filter: ((p_brand = 'Brand#22'::bpchar) AND (p_container = 'LG BOX'::bpchar))
                                 Rows Removed by Filter: 199792
                           ->  Index Scan using idx_lineitem_part_supp on lineitem  (cost=0.43..47.70 rows=31 width=17) (actual time=0.003..0.020 rows=30 loops=208)
                                 Index Cond: (l_partkey = part.p_partkey)
 Planning Time: 0.872 ms
 Execution Time: 4135.362 ms
(21 rows)

query 18 run 1
SET
SET
SET
                                                                                                        QUERY PLAN                                                                                                         
---------------------------------------------------------------------------------------------------------------------------------------------------------------------------------------------------------------------------
 Limit  (cost=940129.79..940130.04 rows=100 width=71) (actual time=4471.590..4471.595 rows=9 loops=1)
   ->  Sort  (cost=940129.79..945131.32 rows=2000611 width=71) (actual time=4471.589..4471.593 rows=9 loops=1)
         Sort Key: orders.o_totalprice DESC, orders.o_orderdate
         Sort Method: quicksort  Memory: 25kB
         ->  GroupAggregate  (cost=818654.13..863667.88 rows=2000611 width=71) (actual time=4471.536..4471.555 rows=9 loops=1)
               Group Key: customer.c_custkey, orders.o_orderkey
               ->  Sort  (cost=818654.13..823655.66 rows=2000611 width=44) (actual time=4471.522..4471.528 rows=63 loops=1)
                     Sort Key: customer.c_custkey, orders.o_orderkey
                     Sort Method: quicksort  Memory: 29kB
                     ->  Hash Join  (cost=349362.96..569706.09 rows=2000611 width=44) (actual time=3736.800..4471.483 rows=63 loops=1)
                           Hash Cond: (orders.o_custkey = customer.c_custkey)
                           ->  Hash Join  (cost=342390.96..557482.34 rows=2000611 width=25) (actual time=3667.481..4402.144 rows=63 loops=1)
                                 Hash Cond: (lineitem.l_orderkey = orders.o_orderkey)
                                 ->  Seq Scan on lineitem  (cost=0.00..172578.38 rows=6001838 width=9) (actual time=0.566..323.455 rows=6001215 loops=1)
                                 ->  Hash  (cost=336139.05..336139.05 rows=500153 width=24) (actual time=3470.508..3470.510 rows=9 loops=1)
                                       Buckets: 524288  Batches: 1  Memory Usage: 4097kB
                                       ->  Hash Join  (cost=291070.54..336139.05 rows=500153 width=24) (actual time=3117.013..3470.479 rows=9 loops=1)
                                             Hash Cond: (orders.o_orderkey = lineitem_1.l_orderkey)
                                             ->  Seq Scan on orders  (cost=0.00..41131.00 rows=1500000 width=20) (actual time=0.324..275.727 rows=1500000 loops=1)
                                             ->  Hash  (cost=284818.62..284818.62 rows=500153 width=4) (actual time=3018.283..3018.284 rows=9 loops=1)
                                                   Buckets: 524288  Batches: 1  Memory Usage: 4097kB
                                                   ->  GroupAggregate  (cost=0.43..279817.09 rows=500153 width=4) (actual time=645.868..3018.057 rows=9 loops=1)
                                                         Group Key: lineitem_1.l_orderkey
                                                         Filter: (sum(lineitem_1.l_quantity) > '313'::numeric)
                                                         Rows Removed by Filter: 1499991
                                                         ->  Index Scan using idx_lineitem_orderkey on lineitem lineitem_1  (cost=0.43..227301.00 rows=6001838 width=9) (actual time=0.017..1684.650 rows=6001215 loops=1)
                           ->  Hash  (cost=5097.00..5097.00 rows=150000 width=23) (actual time=69.009..69.009 rows=150000 loops=1)
                                 Buckets: 262144  Batches: 1  Memory Usage: 10252kB
                                 ->  Seq Scan on customer  (cost=0.00..5097.00 rows=150000 width=23) (actual time=0.291..42.975 rows=150000 loops=1)
 Planning Time: 16.216 ms
 Execution Time: 4471.902 ms
(31 rows)

SET
SET
SET
                                                                                                        QUERY PLAN                                                                                                        
--------------------------------------------------------------------------------------------------------------------------------------------------------------------------------------------------------------------------
 Limit  (cost=940129.79..940130.04 rows=100 width=71) (actual time=3369.102..3369.107 rows=9 loops=1)
   ->  Sort  (cost=940129.79..945131.32 rows=2000611 width=71) (actual time=3369.101..3369.104 rows=9 loops=1)
         Sort Key: orders.o_totalprice DESC, orders.o_orderdate
         Sort Method: quicksort  Memory: 25kB
         ->  GroupAggregate  (cost=818654.13..863667.88 rows=2000611 width=71) (actual time=3369.066..3369.085 rows=9 loops=1)
               Group Key: customer.c_custkey, orders.o_orderkey
               ->  Sort  (cost=818654.13..823655.66 rows=2000611 width=44) (actual time=3369.054..3369.059 rows=63 loops=1)
                     Sort Key: customer.c_custkey, orders.o_orderkey
                     Sort Method: quicksort  Memory: 29kB
                     ->  Hash Join  (cost=349362.96..569706.09 rows=2000611 width=44) (actual time=2638.538..3369.020 rows=63 loops=1)
                           Hash Cond: (orders.o_custkey = customer.c_custkey)
                           ->  Hash Join  (cost=342390.96..557482.34 rows=2000611 width=25) (actual time=2593.691..3324.154 rows=63 loops=1)
                                 Hash Cond: (lineitem.l_orderkey = orders.o_orderkey)
                                 ->  Seq Scan on lineitem  (cost=0.00..172578.38 rows=6001838 width=9) (actual time=0.009..323.828 rows=6001215 loops=1)
                                 ->  Hash  (cost=336139.05..336139.05 rows=500153 width=24) (actual time=2398.577..2398.579 rows=9 loops=1)
                                       Buckets: 524288  Batches: 1  Memory Usage: 4097kB
                                       ->  Hash Join  (cost=291070.54..336139.05 rows=500153 width=24) (actual time=2188.465..2398.556 rows=9 loops=1)
                                             Hash Cond: (orders.o_orderkey = lineitem_1.l_orderkey)
                                             ->  Seq Scan on orders  (cost=0.00..41131.00 rows=1500000 width=20) (actual time=0.005..79.861 rows=1500000 loops=1)
                                             ->  Hash  (cost=284818.62..284818.62 rows=500153 width=4) (actual time=2131.564..2131.565 rows=9 loops=1)
                                                   Buckets: 524288  Batches: 1  Memory Usage: 4097kB
                                                   ->  GroupAggregate  (cost=0.43..279817.09 rows=500153 width=4) (actual time=452.070..2131.350 rows=9 loops=1)
                                                         Group Key: lineitem_1.l_orderkey
                                                         Filter: (sum(lineitem_1.l_quantity) > '313'::numeric)
                                                         Rows Removed by Filter: 1499991
                                                         ->  Index Scan using idx_lineitem_orderkey on lineitem lineitem_1  (cost=0.43..227301.00 rows=6001838 width=9) (actual time=0.013..824.006 rows=6001215 loops=1)
                           ->  Hash  (cost=5097.00..5097.00 rows=150000 width=23) (actual time=44.529..44.529 rows=150000 loops=1)
                                 Buckets: 262144  Batches: 1  Memory Usage: 10252kB
                                 ->  Seq Scan on customer  (cost=0.00..5097.00 rows=150000 width=23) (actual time=0.006..19.401 rows=150000 loops=1)
 Planning Time: 1.026 ms
 Execution Time: 3369.175 ms
(31 rows)

query 19 run 1
SET
SET
SET
                                                                                                                                                                                                                                                                                                                                                                                                                                                                                                            QUERY PLAN                                                                                                                                                                                                                                                                                                                                                                                                                                                                                                            
----------------------------------------------------------------------------------------------------------------------------------------------------------------------------------------------------------------------------------------------------------------------------------------------------------------------------------------------------------------------------------------------------------------------------------------------------------------------------------------------------------------------------------------------------------------------------------------------------------------------------------------------------------------------------------------------------------------------------------------------------------------------------------------------------------------------------------------------------------------------------------------------------------------------------------------------------------------------------------------------------------------------------------
 Limit  (cost=35324.27..35324.28 rows=1 width=32) (actual time=2483.784..2483.785 rows=1 loops=1)
   ->  Aggregate  (cost=35324.27..35324.28 rows=1 width=32) (actual time=2483.783..2483.783 rows=1 loops=1)
         ->  Nested Loop  (cost=0.43..35323.44 rows=110 width=12) (actual time=13.028..2483.444 rows=111 loops=1)
               ->  Seq Scan on part  (cost=0.00..12599.00 rows=472 width=30) (actual time=1.312..90.170 rows=507 loops=1)
                     Filter: ((p_size >= 1) AND (((p_brand = 'Brand#24'::bpchar) AND (p_container = ANY ('{"SM CASE","SM BOX","SM PACK","SM PKG"}'::bpchar[])) AND (p_size <= 5)) OR ((p_brand = 'Brand#43'::bpchar) AND (p_container = ANY ('{"MED BAG","MED BOX","MED PKG","MED PACK"}'::bpchar[])) AND (p_size <= 10)) OR ((p_brand = 'Brand#44'::bpchar) AND (p_container = ANY ('{"LG CASE","LG BOX","LG PACK","LG PKG"}'::bpchar[])) AND (p_size <= 15))))
                     Rows Removed by Filter: 199493
               ->  Index Scan using idx_lineitem_part_supp on lineitem  (cost=0.43..48.14 rows=1 width=21) (actual time=4.217..4.719 rows=0 loops=507)
                     Index Cond: (l_partkey = part.p_partkey)
                     Filter: ((l_shipmode = ANY ('{AIR,"AIR REG"}'::bpchar[])) AND (l_shipinstruct = 'DELIVER IN PERSON'::bpchar) AND (((l_quantity >= '10'::numeric) AND (l_quantity <= '20'::numeric)) OR ((l_quantity >= '10'::numeric) AND (l_quantity <= '20'::numeric)) OR ((l_quantity >= '20'::numeric) AND (l_quantity <= '30'::numeric))) AND (((part.p_brand = 'Brand#24'::bpchar) AND (part.p_container = ANY ('{"SM CASE","SM BOX","SM PACK","SM PKG"}'::bpchar[])) AND (l_quantity >= '10'::numeric) AND (l_quantity <= '20'::numeric) AND (part.p_size <= 5)) OR ((part.p_brand = 'Brand#43'::bpchar) AND (part.p_container = ANY ('{"MED BAG","MED BOX","MED PKG","MED PACK"}'::bpchar[])) AND (l_quantity >= '10'::numeric) AND (l_quantity <= '20'::numeric) AND (part.p_size <= 10)) OR ((part.p_brand = 'Brand#44'::bpchar) AND (part.p_container = ANY ('{"LG CASE","LG BOX","LG PACK","LG PKG"}'::bpchar[])) AND (l_quantity >= '20'::numeric) AND (l_quantity <= '30'::numeric) AND (part.p_size <= 15))))
                     Rows Removed by Filter: 30
 Planning Time: 13.836 ms
 Execution Time: 2484.641 ms
(12 rows)

SET
SET
SET
                                                                                                                                                                                                                                                                                                                                                                                                                                                                                                            QUERY PLAN                                                                                                                                                                                                                                                                                                                                                                                                                                                                                                            
----------------------------------------------------------------------------------------------------------------------------------------------------------------------------------------------------------------------------------------------------------------------------------------------------------------------------------------------------------------------------------------------------------------------------------------------------------------------------------------------------------------------------------------------------------------------------------------------------------------------------------------------------------------------------------------------------------------------------------------------------------------------------------------------------------------------------------------------------------------------------------------------------------------------------------------------------------------------------------------------------------------------------------
 Limit  (cost=35324.27..35324.28 rows=1 width=32) (actual time=65.102..65.103 rows=1 loops=1)
   ->  Aggregate  (cost=35324.27..35324.28 rows=1 width=32) (actual time=65.101..65.101 rows=1 loops=1)
         ->  Nested Loop  (cost=0.43..35323.44 rows=110 width=12) (actual time=0.333..65.016 rows=111 loops=1)
               ->  Seq Scan on part  (cost=0.00..12599.00 rows=472 width=30) (actual time=0.211..47.256 rows=507 loops=1)
                     Filter: ((p_size >= 1) AND (((p_brand = 'Brand#24'::bpchar) AND (p_container = ANY ('{"SM CASE","SM BOX","SM PACK","SM PKG"}'::bpchar[])) AND (p_size <= 5)) OR ((p_brand = 'Brand#43'::bpchar) AND (p_container = ANY ('{"MED BAG","MED BOX","MED PKG","MED PACK"}'::bpchar[])) AND (p_size <= 10)) OR ((p_brand = 'Brand#44'::bpchar) AND (p_container = ANY ('{"LG CASE","LG BOX","LG PACK","LG PKG"}'::bpchar[])) AND (p_size <= 15))))
                     Rows Removed by Filter: 199493
               ->  Index Scan using idx_lineitem_part_supp on lineitem  (cost=0.43..48.14 rows=1 width=21) (actual time=0.031..0.035 rows=0 loops=507)
                     Index Cond: (l_partkey = part.p_partkey)
                     Filter: ((l_shipmode = ANY ('{AIR,"AIR REG"}'::bpchar[])) AND (l_shipinstruct = 'DELIVER IN PERSON'::bpchar) AND (((l_quantity >= '10'::numeric) AND (l_quantity <= '20'::numeric)) OR ((l_quantity >= '10'::numeric) AND (l_quantity <= '20'::numeric)) OR ((l_quantity >= '20'::numeric) AND (l_quantity <= '30'::numeric))) AND (((part.p_brand = 'Brand#24'::bpchar) AND (part.p_container = ANY ('{"SM CASE","SM BOX","SM PACK","SM PKG"}'::bpchar[])) AND (l_quantity >= '10'::numeric) AND (l_quantity <= '20'::numeric) AND (part.p_size <= 5)) OR ((part.p_brand = 'Brand#43'::bpchar) AND (part.p_container = ANY ('{"MED BAG","MED BOX","MED PKG","MED PACK"}'::bpchar[])) AND (l_quantity >= '10'::numeric) AND (l_quantity <= '20'::numeric) AND (part.p_size <= 10)) OR ((part.p_brand = 'Brand#44'::bpchar) AND (part.p_container = ANY ('{"LG CASE","LG BOX","LG PACK","LG PKG"}'::bpchar[])) AND (l_quantity >= '20'::numeric) AND (l_quantity <= '30'::numeric) AND (part.p_size <= 15))))
                     Rows Removed by Filter: 30
 Planning Time: 0.855 ms
 Execution Time: 65.140 ms
(12 rows)

query 20 run 1
SET
SET
SET
                                                                                        QUERY PLAN                                                                                        
------------------------------------------------------------------------------------------------------------------------------------------------------------------------------------------
 Limit  (cost=282016.53..282016.53 rows=1 width=51) (actual time=3885.479..3885.482 rows=1 loops=1)
   ->  Sort  (cost=282016.53..282016.53 rows=1 width=51) (actual time=3885.478..3885.480 rows=1 loops=1)
         Sort Key: supplier.s_name
         Sort Method: top-N heapsort  Memory: 25kB
         ->  Nested Loop Semi Join  (cost=243917.32..282016.52 rows=1 width=51) (actual time=3709.142..3885.275 rows=196 loops=1)
               Join Filter: (supplier.s_suppkey = lineitem.l_suppkey)
               Rows Removed by Join Filter: 1914277
               ->  Nested Loop  (cost=0.00..449.31 rows=400 width=55) (actual time=0.674..3.856 rows=438 loops=1)
                     Join Filter: (supplier.s_nationkey = nation.n_nationkey)
                     Rows Removed by Join Filter: 9562
                     ->  Seq Scan on nation  (cost=0.00..1.31 rows=1 width=4) (actual time=0.219..0.222 rows=1 loops=1)
                           Filter: (n_name = 'IRAQ'::bpchar)
                           Rows Removed by Filter: 24
                     ->  Seq Scan on supplier  (cost=0.00..323.00 rows=10000 width=59) (actual time=0.449..2.890 rows=10000 loops=1)
               ->  Materialize  (cost=243917.32..281561.21 rows=1 width=8) (actual time=5.965..8.618 rows=4371 loops=438)
                     ->  Merge Join  (cost=243917.32..281561.20 rows=1 width=8) (actual time=2612.427..3704.361 rows=5898 loops=1)
                           Merge Cond: (lineitem.l_partkey = partsupp.ps_partkey)
                           Join Filter: ((partsupp.ps_suppkey = lineitem.l_suppkey) AND ((partsupp.ps_availqty)::numeric > ((0.5 * sum(lineitem.l_quantity)))))
                           Rows Removed by Join Filter: 17758
                           ->  GroupAggregate  (cost=243916.47..260554.91 rows=488854 width=40) (actual time=2611.020..3164.900 rows=544645 loops=1)
                                 Group Key: lineitem.l_partkey, lineitem.l_suppkey
                                 ->  Sort  (cost=243916.47..246242.88 rows=930563 width=13) (actual time=2611.006..2715.257 rows=913097 loops=1)
                                       Sort Key: lineitem.l_partkey, lineitem.l_suppkey
                                       Sort Method: external merge  Disk: 20568kB
                                       ->  Bitmap Heap Scan on lineitem  (cost=14919.20..141437.65 rows=930563 width=13) (actual time=126.457..2208.387 rows=913487 loops=1)
                                             Recheck Cond: ((l_shipdate >= '1996-01-01'::date) AND (l_shipdate < '1997-01-01'::date))
                                             Heap Blocks: exact=104951
                                             ->  Bitmap Index Scan on idx_lineitem_shipdate  (cost=0.00..14686.56 rows=930563 width=0) (actual time=109.635..109.636 rows=913487 loops=1)
                                                   Index Cond: ((l_shipdate >= '1996-01-01'::date) AND (l_shipdate < '1997-01-01'::date))
                           ->  Materialize  (cost=0.84..14469.82 rows=8080 width=16) (actual time=1.078..501.462 rows=23762 loops=1)
                                 ->  Nested Loop  (cost=0.84..14449.62 rows=8080 width=16) (actual time=1.076..495.985 rows=8748 loops=1)
                                       ->  Index Scan using part_pkey on part  (cost=0.42..8426.42 rows=2020 width=4) (actual time=0.495..69.200 rows=2187 loops=1)
                                             Filter: ((p_name)::text ~~ 'olive%'::text)
                                             Rows Removed by Filter: 197813
                                       ->  Index Scan using idx_partsupp_partkey on partsupp  (cost=0.42..2.94 rows=4 width=12) (actual time=0.180..0.193 rows=4 loops=2187)
                                             Index Cond: (ps_partkey = part.p_partkey)
 Planning Time: 18.784 ms
 Execution Time: 3888.560 ms
(38 rows)

SET
SET
SET
                                                                                       QUERY PLAN                                                                                       
----------------------------------------------------------------------------------------------------------------------------------------------------------------------------------------
 Limit  (cost=282016.53..282016.53 rows=1 width=51) (actual time=1472.664..1472.667 rows=1 loops=1)
   ->  Sort  (cost=282016.53..282016.53 rows=1 width=51) (actual time=1472.663..1472.665 rows=1 loops=1)
         Sort Key: supplier.s_name
         Sort Method: top-N heapsort  Memory: 25kB
         ->  Nested Loop Semi Join  (cost=243917.32..282016.52 rows=1 width=51) (actual time=1297.151..1472.502 rows=196 loops=1)
               Join Filter: (supplier.s_suppkey = lineitem.l_suppkey)
               Rows Removed by Join Filter: 1914277
               ->  Nested Loop  (cost=0.00..449.31 rows=400 width=55) (actual time=0.016..1.696 rows=438 loops=1)
                     Join Filter: (supplier.s_nationkey = nation.n_nationkey)
                     Rows Removed by Join Filter: 9562
                     ->  Seq Scan on nation  (cost=0.00..1.31 rows=1 width=4) (actual time=0.006..0.009 rows=1 loops=1)
                           Filter: (n_name = 'IRAQ'::bpchar)
                           Rows Removed by Filter: 24
                     ->  Seq Scan on supplier  (cost=0.00..323.00 rows=10000 width=59) (actual time=0.006..0.607 rows=10000 loops=1)
               ->  Materialize  (cost=243917.32..281561.21 rows=1 width=8) (actual time=1.629..3.116 rows=4371 loops=438)
                     ->  Merge Join  (cost=243917.32..281561.20 rows=1 width=8) (actual time=713.656..1294.267 rows=5898 loops=1)
                           Merge Cond: (lineitem.l_partkey = partsupp.ps_partkey)
                           Join Filter: ((partsupp.ps_suppkey = lineitem.l_suppkey) AND ((partsupp.ps_availqty)::numeric > ((0.5 * sum(lineitem.l_quantity)))))
                           Rows Removed by Join Filter: 17758
                           ->  GroupAggregate  (cost=243916.47..260554.91 rows=488854 width=40) (actual time=713.288..1215.456 rows=544645 loops=1)
                                 Group Key: lineitem.l_partkey, lineitem.l_suppkey
                                 ->  Sort  (cost=243916.47..246242.88 rows=930563 width=13) (actual time=713.274..808.404 rows=913097 loops=1)
                                       Sort Key: lineitem.l_partkey, lineitem.l_suppkey
                                       Sort Method: external merge  Disk: 20568kB
                                       ->  Bitmap Heap Scan on lineitem  (cost=14919.20..141437.65 rows=930563 width=13) (actual time=92.229..343.013 rows=913487 loops=1)
                                             Recheck Cond: ((l_shipdate >= '1996-01-01'::date) AND (l_shipdate < '1997-01-01'::date))
                                             Heap Blocks: exact=104951
                                             ->  Bitmap Index Scan on idx_lineitem_shipdate  (cost=0.00..14686.56 rows=930563 width=0) (actual time=76.107..76.107 rows=913487 loops=1)
                                                   Index Cond: ((l_shipdate >= '1996-01-01'::date) AND (l_shipdate < '1997-01-01'::date))
                           ->  Materialize  (cost=0.84..14469.82 rows=8080 width=16) (actual time=0.050..47.501 rows=23762 loops=1)
                                 ->  Nested Loop  (cost=0.84..14449.62 rows=8080 width=16) (actual time=0.048..44.568 rows=8748 loops=1)
                                       ->  Index Scan using part_pkey on part  (cost=0.42..8426.42 rows=2020 width=4) (actual time=0.037..34.588 rows=2187 loops=1)
                                             Filter: ((p_name)::text ~~ 'olive%'::text)
                                             Rows Removed by Filter: 197813
                                       ->  Index Scan using idx_partsupp_partkey on partsupp  (cost=0.42..2.94 rows=4 width=12) (actual time=0.003..0.004 rows=4 loops=2187)
                                             Index Cond: (ps_partkey = part.p_partkey)
 Planning Time: 1.343 ms
 Execution Time: 1475.527 ms
(38 rows)

query 21 run 1
SET
SET
SET
                                                                                              QUERY PLAN                                                                                              
------------------------------------------------------------------------------------------------------------------------------------------------------------------------------------------------------
 Limit  (cost=361195.45..361195.46 rows=1 width=34) (actual time=2697.416..2697.430 rows=100 loops=1)
   ->  Sort  (cost=361195.45..361195.46 rows=1 width=34) (actual time=2697.415..2697.422 rows=100 loops=1)
         Sort Key: (count(*)) DESC, supplier.s_name
         Sort Method: top-N heapsort  Memory: 37kB
         ->  GroupAggregate  (cost=361195.42..361195.44 rows=1 width=34) (actual time=2696.377..2697.004 rows=421 loops=1)
               Group Key: supplier.s_name
               ->  Sort  (cost=361195.42..361195.43 rows=1 width=26) (actual time=2696.369..2696.527 rows=4227 loops=1)
                     Sort Key: supplier.s_name
                     Sort Method: quicksort  Memory: 523kB
                     ->  Nested Loop Semi Join  (cost=197120.84..361195.41 rows=1 width=26) (actual time=1469.155..2682.628 rows=4227 loops=1)
                           Join Filter: (l2.l_suppkey <> l1.l_suppkey)
                           Rows Removed by Join Filter: 4309
                           ->  Nested Loop Anti Join  (cost=197120.40..361192.02 rows=1 width=38) (actual time=1469.118..2667.057 rows=6909 loops=1)
                                 ->  Hash Join  (cost=197119.97..245131.99 rows=38958 width=38) (actual time=1468.135..1975.132 rows=76644 loops=1)
                                       Hash Cond: (orders.o_orderkey = l1.l_orderkey)
                                       ->  Seq Scan on orders  (cost=0.00..44881.00 rows=731050 width=4) (actual time=0.335..364.226 rows=729413 loops=1)
                                             Filter: (o_orderstatus = 'F'::bpchar)
                                             Rows Removed by Filter: 770587
                                       ->  Hash  (cost=196120.46..196120.46 rows=79961 width=34) (actual time=1467.665..1467.667 rows=159165 loops=1)
                                             Buckets: 262144 (originally 131072)  Batches: 1 (originally 1)  Memory Usage: 12618kB
                                             ->  Hash Join  (cost=235.58..196120.46 rows=79961 width=34) (actual time=6.277..1428.299 rows=159165 loops=1)
                                                   Hash Cond: (l1.l_suppkey = supplier.s_suppkey)
                                                   ->  Seq Scan on lineitem l1  (cost=0.00..187582.98 rows=2000613 width=8) (actual time=0.637..1156.421 rows=3793296 loops=1)
                                                         Filter: (l_receiptdate > l_commitdate)
                                                         Rows Removed by Filter: 2207919
                                                   ->  Hash  (cost=230.58..230.58 rows=400 width=30) (actual time=5.574..5.575 rows=421 loops=1)
                                                         Buckets: 1024  Batches: 1  Memory Usage: 35kB
                                                         ->  Nested Loop  (cost=6.38..230.58 rows=400 width=30) (actual time=1.150..5.222 rows=421 loops=1)
                                                               ->  Seq Scan on nation  (cost=0.00..1.31 rows=1 width=4) (actual time=0.236..0.239 rows=1 loops=1)
                                                                     Filter: (n_name = 'PERU'::bpchar)
                                                                     Rows Removed by Filter: 24
                                                               ->  Bitmap Heap Scan on supplier  (cost=6.38..225.26 rows=400 width=34) (actual time=0.906..4.894 rows=421 loops=1)
                                                                     Recheck Cond: (s_nationkey = nation.n_nationkey)
                                                                     Heap Blocks: exact=184
                                                                     ->  Bitmap Index Scan on idx_supplier_nation_key  (cost=0.00..6.29 rows=400 width=0) (actual time=0.532..0.532 rows=421 loops=1)
                                                                           Index Cond: (s_nationkey = nation.n_nationkey)
                                 ->  Index Scan using idx_lineitem_orderkey on lineitem l3  (cost=0.43..3.39 rows=1 width=8) (actual time=0.009..0.009 rows=1 loops=76644)
                                       Index Cond: (l_orderkey = l1.l_orderkey)
                                       Filter: ((l_receiptdate > l_commitdate) AND (l_suppkey <> l1.l_suppkey))
                                       Rows Removed by Filter: 1
                           ->  Index Scan using idx_lineitem_orderkey on lineitem l2  (cost=0.43..3.37 rows=4 width=8) (actual time=0.002..0.002 rows=1 loops=6909)
                                 Index Cond: (l_orderkey = orders.o_orderkey)
 Planning Time: 15.064 ms
 Execution Time: 2698.560 ms
(44 rows)

SET
SET
SET
                                                                                              QUERY PLAN                                                                                              
------------------------------------------------------------------------------------------------------------------------------------------------------------------------------------------------------
 Limit  (cost=361195.45..361195.46 rows=1 width=34) (actual time=1751.110..1751.124 rows=100 loops=1)
   ->  Sort  (cost=361195.45..361195.46 rows=1 width=34) (actual time=1751.109..1751.117 rows=100 loops=1)
         Sort Key: (count(*)) DESC, supplier.s_name
         Sort Method: top-N heapsort  Memory: 37kB
         ->  GroupAggregate  (cost=361195.42..361195.44 rows=1 width=34) (actual time=1750.078..1750.709 rows=421 loops=1)
               Group Key: supplier.s_name
               ->  Sort  (cost=361195.42..361195.43 rows=1 width=26) (actual time=1750.070..1750.230 rows=4227 loops=1)
                     Sort Key: supplier.s_name
                     Sort Method: quicksort  Memory: 523kB
                     ->  Nested Loop Semi Join  (cost=197120.84..361195.41 rows=1 width=26) (actual time=1248.505..1737.195 rows=4227 loops=1)
                           Join Filter: (l2.l_suppkey <> l1.l_suppkey)
                           Rows Removed by Join Filter: 4309
                           ->  Nested Loop Anti Join  (cost=197120.40..361192.02 rows=1 width=38) (actual time=1248.488..1725.708 rows=6909 loops=1)
                                 ->  Hash Join  (cost=197119.97..245131.99 rows=38958 width=38) (actual time=1248.362..1544.923 rows=76644 loops=1)
                                       Hash Cond: (orders.o_orderkey = l1.l_orderkey)
                                       ->  Seq Scan on orders  (cost=0.00..44881.00 rows=731050 width=4) (actual time=0.006..174.768 rows=729413 loops=1)
                                             Filter: (o_orderstatus = 'F'::bpchar)
                                             Rows Removed by Filter: 770587
                                       ->  Hash  (cost=196120.46..196120.46 rows=79961 width=34) (actual time=1248.299..1248.301 rows=159165 loops=1)
                                             Buckets: 262144 (originally 131072)  Batches: 1 (originally 1)  Memory Usage: 12618kB
                                             ->  Hash Join  (cost=235.58..196120.46 rows=79961 width=34) (actual time=0.490..1211.550 rows=159165 loops=1)
                                                   Hash Cond: (l1.l_suppkey = supplier.s_suppkey)
                                                   ->  Seq Scan on lineitem l1  (cost=0.00..187582.98 rows=2000613 width=8) (actual time=0.037..956.814 rows=3793296 loops=1)
                                                         Filter: (l_receiptdate > l_commitdate)
                                                         Rows Removed by Filter: 2207919
                                                   ->  Hash  (cost=230.58..230.58 rows=400 width=30) (actual time=0.431..0.432 rows=421 loops=1)
                                                         Buckets: 1024  Batches: 1  Memory Usage: 35kB
                                                         ->  Nested Loop  (cost=6.38..230.58 rows=400 width=30) (actual time=0.054..0.364 rows=421 loops=1)
                                                               ->  Seq Scan on nation  (cost=0.00..1.31 rows=1 width=4) (actual time=0.004..0.006 rows=1 loops=1)
                                                                     Filter: (n_name = 'PERU'::bpchar)
                                                                     Rows Removed by Filter: 24
                                                               ->  Bitmap Heap Scan on supplier  (cost=6.38..225.26 rows=400 width=34) (actual time=0.047..0.312 rows=421 loops=1)
                                                                     Recheck Cond: (s_nationkey = nation.n_nationkey)
                                                                     Heap Blocks: exact=184
                                                                     ->  Bitmap Index Scan on idx_supplier_nation_key  (cost=0.00..6.29 rows=400 width=0) (actual time=0.025..0.025 rows=421 loops=1)
                                                                           Index Cond: (s_nationkey = nation.n_nationkey)
                                 ->  Index Scan using idx_lineitem_orderkey on lineitem l3  (cost=0.43..3.39 rows=1 width=8) (actual time=0.002..0.002 rows=1 loops=76644)
                                       Index Cond: (l_orderkey = l1.l_orderkey)
                                       Filter: ((l_receiptdate > l_commitdate) AND (l_suppkey <> l1.l_suppkey))
                                       Rows Removed by Filter: 1
                           ->  Index Scan using idx_lineitem_orderkey on lineitem l2  (cost=0.43..3.37 rows=4 width=8) (actual time=0.001..0.001 rows=1 loops=6909)
                                 Index Cond: (l_orderkey = orders.o_orderkey)
 Planning Time: 2.016 ms
 Execution Time: 1751.249 ms
(44 rows)

query 22 run 1
SET
SET
SET
                                                                         QUERY PLAN                                                                          
-------------------------------------------------------------------------------------------------------------------------------------------------------------
 Limit  (cost=16122.12..16122.15 rows=1 width=72) (actual time=235.340..235.342 rows=1 loops=1)
   InitPlan 1 (returns $0)
     ->  Aggregate  (cost=7546.40..7546.41 rows=1 width=32) (actual time=101.680..101.681 rows=1 loops=1)
           ->  Seq Scan on customer customer_1  (cost=0.00..7534.50 rows=4759 width=6) (actual time=0.017..98.011 rows=38017 loops=1)
                 Filter: ((c_acctbal > 0.00) AND ("substring"((c_phone)::text, 1, 2) = ANY ('{21,29,26,34,14,15,17}'::text[])))
                 Rows Removed by Filter: 111983
   ->  GroupAggregate  (cost=8575.71..8596.14 rows=743 width=72) (actual time=235.339..235.340 rows=1 loops=1)
         Group Key: ("substring"((customer.c_phone)::text, 1, 2))
         ->  Sort  (cost=8575.71..8577.57 rows=743 width=38) (actual time=235.144..235.180 rows=952 loops=1)
               Sort Key: ("substring"((customer.c_phone)::text, 1, 2))
               Sort Method: quicksort  Memory: 492kB
               ->  Nested Loop Anti Join  (cost=0.43..8540.28 rows=743 width=38) (actual time=102.045..232.724 rows=6397 loops=1)
                     ->  Seq Scan on customer  (cost=0.00..7534.50 rows=1750 width=26) (actual time=102.021..158.332 rows=19077 loops=1)
                           Filter: ((c_acctbal > $0) AND ("substring"((c_phone)::text, 1, 2) = ANY ('{21,29,26,34,14,15,17}'::text[])))
                           Rows Removed by Filter: 130923
                     ->  Index Only Scan using idx_orders_custkey on orders  (cost=0.43..1.96 rows=17 width=4) (actual time=0.004..0.004 rows=1 loops=19077)
                           Index Cond: (o_custkey = customer.c_custkey)
                           Heap Fetches: 0
 Planning Time: 12.920 ms
 Execution Time: 236.010 ms
(20 rows)

SET
SET
SET
                                                                         QUERY PLAN                                                                          
-------------------------------------------------------------------------------------------------------------------------------------------------------------
 Limit  (cost=16122.12..16122.15 rows=1 width=72) (actual time=166.407..166.409 rows=1 loops=1)
   InitPlan 1 (returns $0)
     ->  Aggregate  (cost=7546.40..7546.41 rows=1 width=32) (actual time=74.401..74.402 rows=1 loops=1)
           ->  Seq Scan on customer customer_1  (cost=0.00..7534.50 rows=4759 width=6) (actual time=0.007..71.122 rows=38017 loops=1)
                 Filter: ((c_acctbal > 0.00) AND ("substring"((c_phone)::text, 1, 2) = ANY ('{21,29,26,34,14,15,17}'::text[])))
                 Rows Removed by Filter: 111983
   ->  GroupAggregate  (cost=8575.71..8596.14 rows=743 width=72) (actual time=166.406..166.406 rows=1 loops=1)
         Group Key: ("substring"((customer.c_phone)::text, 1, 2))
         ->  Sort  (cost=8575.71..8577.57 rows=743 width=38) (actual time=166.212..166.248 rows=952 loops=1)
               Sort Key: ("substring"((customer.c_phone)::text, 1, 2))
               Sort Method: quicksort  Memory: 492kB
               ->  Nested Loop Anti Join  (cost=0.43..8540.28 rows=743 width=38) (actual time=74.443..164.268 rows=6397 loops=1)
                     ->  Seq Scan on customer  (cost=0.00..7534.50 rows=1750 width=26) (actual time=74.423..126.195 rows=19077 loops=1)
                           Filter: ((c_acctbal > $0) AND ("substring"((c_phone)::text, 1, 2) = ANY ('{21,29,26,34,14,15,17}'::text[])))
                           Rows Removed by Filter: 130923
                     ->  Index Only Scan using idx_orders_custkey on orders  (cost=0.43..1.96 rows=17 width=4) (actual time=0.002..0.002 rows=1 loops=19077)
                           Index Cond: (o_custkey = customer.c_custkey)
                           Heap Fetches: 0
 Planning Time: 0.603 ms
 Execution Time: 166.448 ms
(20 rows)

