query 1 run 1
SET
SET
SET
                                                                           QUERY PLAN                                                                            
-----------------------------------------------------------------------------------------------------------------------------------------------------------------
 Limit  (cost=1906733.01..1906733.68 rows=1 width=236) (actual time=20773.340..20774.122 rows=1 loops=1)
   ->  Finalize GroupAggregate  (cost=1906733.01..1906737.06 rows=6 width=236) (actual time=20773.339..20774.120 rows=1 loops=1)
         Group Key: l_returnflag, l_linestatus
         ->  Gather Merge  (cost=1906733.01..1906735.88 rows=24 width=236) (actual time=20773.288..20774.091 rows=6 loops=1)
               Workers Planned: 4
               Workers Launched: 4
               ->  Sort  (cost=1905732.95..1905732.96 rows=6 width=236) (actual time=20763.991..20763.992 rows=3 loops=5)
                     Sort Key: l_returnflag, l_linestatus
                     Sort Method: quicksort  Memory: 27kB
                     Worker 0:  Sort Method: quicksort  Memory: 27kB
                     Worker 1:  Sort Method: quicksort  Memory: 27kB
                     Worker 2:  Sort Method: quicksort  Memory: 27kB
                     Worker 3:  Sort Method: quicksort  Memory: 27kB
                     ->  Partial HashAggregate  (cost=1905732.71..1905732.87 rows=6 width=236) (actual time=20763.960..20763.967 rows=4 loops=5)
                           Group Key: l_returnflag, l_linestatus
                           Batches: 1  Memory Usage: 24kB
                           Worker 0:  Batches: 1  Memory Usage: 24kB
                           Worker 1:  Batches: 1  Memory Usage: 24kB
                           Worker 2:  Batches: 1  Memory Usage: 24kB
                           Worker 3:  Batches: 1  Memory Usage: 24kB
                           ->  Parallel Seq Scan on lineitem  (cost=0.00..1312625.23 rows=14827687 width=25) (actual time=0.216..5037.123 rows=11856890 loops=5)
                                 Filter: (l_shipdate <= '1998-09-10 00:00:00'::timestamp without time zone)
                                 Rows Removed by Filter: 140321
 Planning Time: 14.365 ms
 Execution Time: 20775.379 ms
(25 rows)

SET
SET
SET
                                                                           QUERY PLAN                                                                            
-----------------------------------------------------------------------------------------------------------------------------------------------------------------
 Limit  (cost=1906733.01..1906733.68 rows=1 width=236) (actual time=18508.579..18508.644 rows=1 loops=1)
   ->  Finalize GroupAggregate  (cost=1906733.01..1906737.06 rows=6 width=236) (actual time=18508.578..18508.642 rows=1 loops=1)
         Group Key: l_returnflag, l_linestatus
         ->  Gather Merge  (cost=1906733.01..1906735.88 rows=24 width=236) (actual time=18508.532..18508.600 rows=6 loops=1)
               Workers Planned: 4
               Workers Launched: 4
               ->  Sort  (cost=1905732.95..1905732.96 rows=6 width=236) (actual time=18502.673..18502.674 rows=4 loops=5)
                     Sort Key: l_returnflag, l_linestatus
                     Sort Method: quicksort  Memory: 27kB
                     Worker 0:  Sort Method: quicksort  Memory: 27kB
                     Worker 1:  Sort Method: quicksort  Memory: 27kB
                     Worker 2:  Sort Method: quicksort  Memory: 27kB
                     Worker 3:  Sort Method: quicksort  Memory: 27kB
                     ->  Partial HashAggregate  (cost=1905732.71..1905732.87 rows=6 width=236) (actual time=18502.644..18502.651 rows=4 loops=5)
                           Group Key: l_returnflag, l_linestatus
                           Batches: 1  Memory Usage: 24kB
                           Worker 0:  Batches: 1  Memory Usage: 24kB
                           Worker 1:  Batches: 1  Memory Usage: 24kB
                           Worker 2:  Batches: 1  Memory Usage: 24kB
                           Worker 3:  Batches: 1  Memory Usage: 24kB
                           ->  Parallel Seq Scan on lineitem  (cost=0.00..1312625.23 rows=14827687 width=25) (actual time=0.026..2625.662 rows=11856890 loops=5)
                                 Filter: (l_shipdate <= '1998-09-10 00:00:00'::timestamp without time zone)
                                 Rows Removed by Filter: 140321
 Planning Time: 0.572 ms
 Execution Time: 18508.718 ms
(25 rows)

query 2 run 1
SET
SET
SET
                                                                                        QUERY PLAN                                                                                         
-------------------------------------------------------------------------------------------------------------------------------------------------------------------------------------------
 Limit  (cost=1138926.27..1138926.27 rows=1 width=192) (actual time=4202.280..4202.396 rows=100 loops=1)
   ->  Sort  (cost=1138926.27..1138926.27 rows=1 width=192) (actual time=4202.279..4202.389 rows=100 loops=1)
         Sort Key: supplier.s_acctbal DESC, nation.n_name, supplier.s_name, part.p_partkey
         Sort Method: top-N heapsort  Memory: 71kB
         ->  Merge Join  (cost=559071.97..1138926.26 rows=1 width=192) (actual time=3189.064..4199.613 rows=4737 loops=1)
               Merge Cond: (part.p_partkey = partsupp.ps_partkey)
               Join Filter: (partsupp.ps_supplycost = (SubPlan 1))
               Rows Removed by Join Filter: 1661
               ->  Gather Merge  (cost=1000.49..68835.70 rows=9430 width=30) (actual time=10.367..13.951 rows=8046 loops=1)
                     Workers Planned: 4
                     Workers Launched: 4
                     ->  Parallel Index Scan using part_pkey on part  (cost=0.43..66712.44 rows=2358 width=30) (actual time=1.137..292.492 rows=1609 loops=5)
                           Filter: (((p_type)::text ~~ '%NICKEL'::text) AND (p_size = 16))
                           Rows Removed by Filter: 398391
               ->  Materialize  (cost=558071.49..566072.16 rows=1600134 width=172) (actual time=3177.551..3633.831 rows=1603828 loops=1)
                     ->  Sort  (cost=558071.49..562071.82 rows=1600134 width=172) (actual time=3177.545..3453.101 rows=1603828 loops=1)
                           Sort Key: partsupp.ps_partkey
                           Sort Method: external merge  Disk: 293496kB
                           ->  Hash Join  (cost=4048.51..305281.09 rows=1600134 width=172) (actual time=57.116..2513.573 rows=1604080 loops=1)
                                 Hash Cond: (partsupp.ps_suppkey = supplier.s_suppkey)
                                 ->  Seq Scan on partsupp  (cost=0.00..255228.72 rows=8000672 width=14) (actual time=1.151..1091.058 rows=8000000 loops=1)
                                 ->  Hash  (cost=3798.51..3798.51 rows=20000 width=166) (actual time=55.930..55.933 rows=20051 loops=1)
                                       Buckets: 32768  Batches: 1  Memory Usage: 4211kB
                                       ->  Hash Join  (cost=2.51..3798.51 rows=20000 width=166) (actual time=0.998..49.539 rows=20051 loops=1)
                                             Hash Cond: (supplier.s_nationkey = nation.n_nationkey)
                                             ->  Seq Scan on supplier  (cost=0.00..3221.00 rows=100000 width=144) (actual time=0.259..36.613 rows=100000 loops=1)
                                             ->  Hash  (cost=2.45..2.45 rows=5 width=30) (actual time=0.733..0.735 rows=5 loops=1)
                                                   Buckets: 1024  Batches: 1  Memory Usage: 9kB
                                                   ->  Hash Join  (cost=1.07..2.45 rows=5 width=30) (actual time=0.727..0.733 rows=5 loops=1)
                                                         Hash Cond: (nation.n_regionkey = region.r_regionkey)
                                                         ->  Seq Scan on nation  (cost=0.00..1.25 rows=25 width=34) (actual time=0.585..0.587 rows=25 loops=1)
                                                         ->  Hash  (cost=1.06..1.06 rows=1 width=4) (actual time=0.135..0.136 rows=1 loops=1)
                                                               Buckets: 1024  Batches: 1  Memory Usage: 9kB
                                                               ->  Seq Scan on region  (cost=0.00..1.06 rows=1 width=4) (actual time=0.132..0.133 rows=1 loops=1)
                                                                     Filter: (r_name = 'AMERICA'::bpchar)
                                                                     Rows Removed by Filter: 4
               SubPlan 1
                 ->  Aggregate  (cost=66.25..66.26 rows=1 width=32) (actual time=0.058..0.058 rows=1 loops=6398)
                       ->  Nested Loop  (cost=2.29..66.24 rows=4 width=6) (actual time=0.048..0.055 rows=2 loops=6398)
                             Join Filter: (nation_1.n_regionkey = region_1.r_regionkey)
                             Rows Removed by Join Filter: 2
                             ->  Seq Scan on region region_1  (cost=0.00..1.06 rows=1 width=4) (actual time=0.001..0.001 rows=1 loops=6398)
                                   Filter: (r_name = 'AMERICA'::bpchar)
                                   Rows Removed by Filter: 4
                             ->  Hash Join  (cost=2.29..64.95 rows=18 width=10) (actual time=0.042..0.053 rows=4 loops=6398)
                                   Hash Cond: (supplier_1.s_nationkey = nation_1.n_nationkey)
                                   ->  Nested Loop  (cost=0.72..63.33 rows=18 width=10) (actual time=0.041..0.052 rows=4 loops=6398)
                                         ->  Index Scan using idx_partsupp_partkey on partsupp partsupp_1  (cost=0.43..3.75 rows=18 width=10) (actual time=0.038..0.039 rows=4 loops=6398)
                                               Index Cond: (ps_partkey = part.p_partkey)
                                         ->  Index Scan using supplier_pkey on supplier supplier_1  (cost=0.29..3.31 rows=1 width=8) (actual time=0.003..0.003 rows=1 loops=25592)
                                               Index Cond: (s_suppkey = partsupp_1.ps_suppkey)
                                   ->  Hash  (cost=1.25..1.25 rows=25 width=8) (actual time=0.012..0.012 rows=25 loops=1)
                                         Buckets: 1024  Batches: 1  Memory Usage: 9kB
                                         ->  Seq Scan on nation nation_1  (cost=0.00..1.25 rows=25 width=8) (actual time=0.003..0.006 rows=25 loops=1)
 Planning Time: 18.498 ms
 Execution Time: 4239.959 ms
(56 rows)

SET
SET
SET
                                                                                        QUERY PLAN                                                                                         
-------------------------------------------------------------------------------------------------------------------------------------------------------------------------------------------
 Limit  (cost=1138926.27..1138926.27 rows=1 width=192) (actual time=3422.128..3422.257 rows=100 loops=1)
   ->  Sort  (cost=1138926.27..1138926.27 rows=1 width=192) (actual time=3422.127..3422.250 rows=100 loops=1)
         Sort Key: supplier.s_acctbal DESC, nation.n_name, supplier.s_name, part.p_partkey
         Sort Method: top-N heapsort  Memory: 71kB
         ->  Merge Join  (cost=559071.97..1138926.26 rows=1 width=192) (actual time=2690.030..3419.991 rows=4737 loops=1)
               Merge Cond: (part.p_partkey = partsupp.ps_partkey)
               Join Filter: (partsupp.ps_supplycost = (SubPlan 1))
               Rows Removed by Join Filter: 1661
               ->  Gather Merge  (cost=1000.49..68835.70 rows=9430 width=30) (actual time=4.888..7.504 rows=8046 loops=1)
                     Workers Planned: 4
                     Workers Launched: 4
                     ->  Parallel Index Scan using part_pkey on part  (cost=0.43..66712.44 rows=2358 width=30) (actual time=0.126..121.077 rows=1609 loops=5)
                           Filter: (((p_type)::text ~~ '%NICKEL'::text) AND (p_size = 16))
                           Rows Removed by Filter: 398391
               ->  Materialize  (cost=558071.49..566072.16 rows=1600134 width=172) (actual time=2685.044..3126.331 rows=1603828 loops=1)
                     ->  Sort  (cost=558071.49..562071.82 rows=1600134 width=172) (actual time=2685.040..2945.725 rows=1603828 loops=1)
                           Sort Key: partsupp.ps_partkey
                           Sort Method: external merge  Disk: 293496kB
                           ->  Hash Join  (cost=4048.51..305281.09 rows=1600134 width=172) (actual time=30.407..2042.069 rows=1604080 loops=1)
                                 Hash Cond: (partsupp.ps_suppkey = supplier.s_suppkey)
                                 ->  Seq Scan on partsupp  (cost=0.00..255228.72 rows=8000672 width=14) (actual time=0.042..765.014 rows=8000000 loops=1)
                                 ->  Hash  (cost=3798.51..3798.51 rows=20000 width=166) (actual time=30.334..30.337 rows=20051 loops=1)
                                       Buckets: 32768  Batches: 1  Memory Usage: 4211kB
                                       ->  Hash Join  (cost=2.51..3798.51 rows=20000 width=166) (actual time=0.048..24.393 rows=20051 loops=1)
                                             Hash Cond: (supplier.s_nationkey = nation.n_nationkey)
                                             ->  Seq Scan on supplier  (cost=0.00..3221.00 rows=100000 width=144) (actual time=0.012..7.631 rows=100000 loops=1)
                                             ->  Hash  (cost=2.45..2.45 rows=5 width=30) (actual time=0.029..0.031 rows=5 loops=1)
                                                   Buckets: 1024  Batches: 1  Memory Usage: 9kB
                                                   ->  Hash Join  (cost=1.07..2.45 rows=5 width=30) (actual time=0.022..0.029 rows=5 loops=1)
                                                         Hash Cond: (nation.n_regionkey = region.r_regionkey)
                                                         ->  Seq Scan on nation  (cost=0.00..1.25 rows=25 width=34) (actual time=0.005..0.006 rows=25 loops=1)
                                                         ->  Hash  (cost=1.06..1.06 rows=1 width=4) (actual time=0.013..0.013 rows=1 loops=1)
                                                               Buckets: 1024  Batches: 1  Memory Usage: 9kB
                                                               ->  Seq Scan on region  (cost=0.00..1.06 rows=1 width=4) (actual time=0.010..0.010 rows=1 loops=1)
                                                                     Filter: (r_name = 'AMERICA'::bpchar)
                                                                     Rows Removed by Filter: 4
               SubPlan 1
                 ->  Aggregate  (cost=66.25..66.26 rows=1 width=32) (actual time=0.017..0.017 rows=1 loops=6398)
                       ->  Nested Loop  (cost=2.29..66.24 rows=4 width=6) (actual time=0.009..0.015 rows=2 loops=6398)
                             Join Filter: (nation_1.n_regionkey = region_1.r_regionkey)
                             Rows Removed by Join Filter: 2
                             ->  Seq Scan on region region_1  (cost=0.00..1.06 rows=1 width=4) (actual time=0.001..0.001 rows=1 loops=6398)
                                   Filter: (r_name = 'AMERICA'::bpchar)
                                   Rows Removed by Filter: 4
                             ->  Hash Join  (cost=2.29..64.95 rows=18 width=10) (actual time=0.005..0.013 rows=4 loops=6398)
                                   Hash Cond: (supplier_1.s_nationkey = nation_1.n_nationkey)
                                   ->  Nested Loop  (cost=0.72..63.33 rows=18 width=10) (actual time=0.005..0.012 rows=4 loops=6398)
                                         ->  Index Scan using idx_partsupp_partkey on partsupp partsupp_1  (cost=0.43..3.75 rows=18 width=10) (actual time=0.003..0.003 rows=4 loops=6398)
                                               Index Cond: (ps_partkey = part.p_partkey)
                                         ->  Index Scan using supplier_pkey on supplier supplier_1  (cost=0.29..3.31 rows=1 width=8) (actual time=0.002..0.002 rows=1 loops=25592)
                                               Index Cond: (s_suppkey = partsupp_1.ps_suppkey)
                                   ->  Hash  (cost=1.25..1.25 rows=25 width=8) (actual time=0.012..0.012 rows=25 loops=1)
                                         Buckets: 1024  Batches: 1  Memory Usage: 9kB
                                         ->  Seq Scan on nation nation_1  (cost=0.00..1.25 rows=25 width=8) (actual time=0.003..0.007 rows=25 loops=1)
 Planning Time: 2.161 ms
 Execution Time: 3456.631 ms
(56 rows)

query 3 run 1
SET
SET
SET
                                                                                QUERY PLAN                                                                                 
---------------------------------------------------------------------------------------------------------------------------------------------------------------------------
 Limit  (cost=2296583.50..2296583.52 rows=10 width=44) (actual time=13919.701..13958.693 rows=10 loops=1)
   ->  Sort  (cost=2296583.50..2304436.73 rows=3141293 width=44) (actual time=13919.699..13958.691 rows=10 loops=1)
         Sort Key: (sum((lineitem.l_extendedprice * ('1'::numeric - lineitem.l_discount)))) DESC, orders.o_orderdate
         Sort Method: top-N heapsort  Memory: 26kB
         ->  GroupAggregate  (cost=1766194.14..2228701.29 rows=3141293 width=44) (actual time=13678.364..13935.818 rows=113934 loops=1)
               Group Key: lineitem.l_orderkey, orders.o_orderdate, orders.o_shippriority
               ->  Gather Merge  (cost=1766194.14..2142315.73 rows=3141293 width=24) (actual time=13678.350..13768.803 rows=301530 loops=1)
                     Workers Planned: 4
                     Workers Launched: 4
                     ->  Sort  (cost=1765194.08..1767157.39 rows=785323 width=24) (actual time=13665.703..13668.687 rows=60306 loops=5)
                           Sort Key: lineitem.l_orderkey, orders.o_orderdate, orders.o_shippriority
                           Sort Method: quicksort  Memory: 6156kB
                           Worker 0:  Sort Method: quicksort  Memory: 6270kB
                           Worker 1:  Sort Method: quicksort  Memory: 6281kB
                           Worker 2:  Sort Method: quicksort  Memory: 6203kB
                           Worker 3:  Sort Method: quicksort  Memory: 6329kB
                           ->  Nested Loop  (cost=41583.13..1677944.97 rows=785323 width=24) (actual time=269.646..13641.526 rows=60306 loops=5)
                                 ->  Parallel Hash Join  (cost=41582.57..354455.53 rows=364336 width=12) (actual time=266.375..1907.153 rows=290361 loops=5)
                                       Hash Cond: (orders.o_custkey = customer.c_custkey)
                                       ->  Parallel Seq Scan on orders  (cost=0.00..308143.86 rows=1801560 width=16) (actual time=0.426..1139.431 rows=1447887 loops=5)
                                             Filter: (o_orderdate < '1995-03-07'::date)
                                             Rows Removed by Filter: 1552113
                                       ->  Parallel Hash  (cost=40634.58..40634.58 rows=75839 width=4) (actual time=265.200..265.201 rows=60055 loops=5)
                                             Buckets: 524288  Batches: 1  Memory Usage: 15936kB
                                             ->  Parallel Seq Scan on customer  (cost=0.00..40634.58 rows=75839 width=4) (actual time=0.122..246.642 rows=60055 loops=5)
                                                   Filter: (c_mktsegment = 'BUILDING'::bpchar)
                                                   Rows Removed by Filter: 239945
                                 ->  Index Scan using idx_lineitem_orderkey on lineitem  (cost=0.56..3.61 rows=2 width=16) (actual time=0.040..0.040 rows=0 loops=1451805)
                                       Index Cond: (l_orderkey = orders.o_orderkey)
                                       Filter: (l_shipdate > '1995-03-07'::date)
                                       Rows Removed by Filter: 4
 Planning Time: 22.394 ms
 Execution Time: 13959.769 ms
(33 rows)

SET
SET
SET
                                                                                QUERY PLAN                                                                                 
---------------------------------------------------------------------------------------------------------------------------------------------------------------------------
 Limit  (cost=2296583.50..2296583.52 rows=10 width=44) (actual time=4129.924..4178.929 rows=10 loops=1)
   ->  Sort  (cost=2296583.50..2304436.73 rows=3141293 width=44) (actual time=4129.922..4178.927 rows=10 loops=1)
         Sort Key: (sum((lineitem.l_extendedprice * ('1'::numeric - lineitem.l_discount)))) DESC, orders.o_orderdate
         Sort Method: top-N heapsort  Memory: 26kB
         ->  GroupAggregate  (cost=1766194.14..2228701.29 rows=3141293 width=44) (actual time=3893.077..4155.826 rows=113934 loops=1)
               Group Key: lineitem.l_orderkey, orders.o_orderdate, orders.o_shippriority
               ->  Gather Merge  (cost=1766194.14..2142315.73 rows=3141293 width=24) (actual time=3893.065..3989.502 rows=301530 loops=1)
                     Workers Planned: 4
                     Workers Launched: 4
                     ->  Sort  (cost=1765194.08..1767157.39 rows=785323 width=24) (actual time=3885.406..3888.397 rows=60306 loops=5)
                           Sort Key: lineitem.l_orderkey, orders.o_orderdate, orders.o_shippriority
                           Sort Method: quicksort  Memory: 6258kB
                           Worker 0:  Sort Method: quicksort  Memory: 6242kB
                           Worker 1:  Sort Method: quicksort  Memory: 6360kB
                           Worker 2:  Sort Method: quicksort  Memory: 6242kB
                           Worker 3:  Sort Method: quicksort  Memory: 6139kB
                           ->  Nested Loop  (cost=41583.13..1677944.97 rows=785323 width=24) (actual time=130.364..3864.579 rows=60306 loops=5)
                                 ->  Parallel Hash Join  (cost=41582.57..354455.53 rows=364336 width=12) (actual time=130.206..1062.540 rows=290361 loops=5)
                                       Hash Cond: (orders.o_custkey = customer.c_custkey)
                                       ->  Parallel Seq Scan on orders  (cost=0.00..308143.86 rows=1801560 width=16) (actual time=0.081..483.541 rows=1447887 loops=5)
                                             Filter: (o_orderdate < '1995-03-07'::date)
                                             Rows Removed by Filter: 1552113
                                       ->  Parallel Hash  (cost=40634.58..40634.58 rows=75839 width=4) (actual time=129.413..129.414 rows=60055 loops=5)
                                             Buckets: 524288  Batches: 1  Memory Usage: 15936kB
                                             ->  Parallel Seq Scan on customer  (cost=0.00..40634.58 rows=75839 width=4) (actual time=0.028..109.638 rows=60055 loops=5)
                                                   Filter: (c_mktsegment = 'BUILDING'::bpchar)
                                                   Rows Removed by Filter: 239945
                                 ->  Index Scan using idx_lineitem_orderkey on lineitem  (cost=0.56..3.61 rows=2 width=16) (actual time=0.009..0.009 rows=0 loops=1451805)
                                       Index Cond: (l_orderkey = orders.o_orderkey)
                                       Filter: (l_shipdate > '1995-03-07'::date)
                                       Rows Removed by Filter: 4
 Planning Time: 1.554 ms
 Execution Time: 4179.005 ms
(33 rows)

query 4 run 1
SET
SET
SET
                                                                                QUERY PLAN                                                                                
--------------------------------------------------------------------------------------------------------------------------------------------------------------------------
 Limit  (cost=283429.94..665101.57 rows=1 width=24) (actual time=29194.050..29219.354 rows=1 loops=1)
   ->  GroupAggregate  (cost=283429.94..2191788.09 rows=5 width=24) (actual time=29194.048..29219.351 rows=1 loops=1)
         Group Key: orders.o_orderpriority
         ->  Nested Loop Semi Join  (cost=283429.94..2188905.72 rows=576464 width=16) (actual time=6459.287..29144.665 rows=103030 loops=1)
               ->  Gather Merge  (cost=283429.37..352459.86 rows=576529 width=20) (actual time=6457.980..6592.211 rows=112213 loops=1)
                     Workers Planned: 4
                     Workers Launched: 4
                     ->  Sort  (cost=282429.31..282789.64 rows=144132 width=20) (actual time=6444.180..6447.394 rows=23274 loops=5)
                           Sort Key: orders.o_orderpriority
                           Sort Method: quicksort  Memory: 11771kB
                           Worker 0:  Sort Method: quicksort  Memory: 11889kB
                           Worker 1:  Sort Method: quicksort  Memory: 11799kB
                           Worker 2:  Sort Method: quicksort  Memory: 11938kB
                           Worker 3:  Sort Method: quicksort  Memory: 11749kB
                           ->  Parallel Bitmap Heap Scan on orders  (cost=6649.36..270079.34 rows=144132 width=20) (actual time=134.600..6389.312 rows=112085 loops=5)
                                 Recheck Cond: ((o_orderdate >= '1993-12-01'::date) AND (o_orderdate < '1994-03-01'::date))
                                 Heap Blocks: exact=46097
                                 ->  Bitmap Index Scan on idx_orders_orderdate  (cost=0.00..6505.23 rows=576529 width=0) (actual time=88.268..88.268 rows=560424 loops=1)
                                       Index Cond: ((o_orderdate >= '1993-12-01'::date) AND (o_orderdate < '1994-03-01'::date))
               ->  Index Scan using idx_lineitem_orderkey on lineitem  (cost=0.56..3.61 rows=1 width=4) (actual time=0.200..0.200 rows=1 loops=112213)
                     Index Cond: (l_orderkey = orders.o_orderkey)
                     Filter: (l_commitdate < l_receiptdate)
                     Rows Removed by Filter: 1
 Planning Time: 16.110 ms
 Execution Time: 29220.747 ms
(25 rows)

SET
SET
SET
                                                                                QUERY PLAN                                                                                
--------------------------------------------------------------------------------------------------------------------------------------------------------------------------
 Limit  (cost=283429.94..665101.57 rows=1 width=24) (actual time=1707.188..1733.097 rows=1 loops=1)
   ->  GroupAggregate  (cost=283429.94..2191788.09 rows=5 width=24) (actual time=1707.187..1733.094 rows=1 loops=1)
         Group Key: orders.o_orderpriority
         ->  Nested Loop Semi Join  (cost=283429.94..2188905.72 rows=576464 width=16) (actual time=721.094..1713.547 rows=103030 loops=1)
               ->  Gather Merge  (cost=283429.37..352459.86 rows=576529 width=20) (actual time=721.037..784.811 rows=112213 loops=1)
                     Workers Planned: 4
                     Workers Launched: 4
                     ->  Sort  (cost=282429.31..282789.64 rows=144132 width=20) (actual time=713.490..715.958 rows=23211 loops=5)
                           Sort Key: orders.o_orderpriority
                           Sort Method: quicksort  Memory: 11264kB
                           Worker 0:  Sort Method: quicksort  Memory: 12395kB
                           Worker 1:  Sort Method: quicksort  Memory: 11052kB
                           Worker 2:  Sort Method: quicksort  Memory: 12361kB
                           Worker 3:  Sort Method: quicksort  Memory: 12074kB
                           ->  Parallel Bitmap Heap Scan on orders  (cost=6649.36..270079.34 rows=144132 width=20) (actual time=133.498..671.753 rows=112085 loops=5)
                                 Recheck Cond: ((o_orderdate >= '1993-12-01'::date) AND (o_orderdate < '1994-03-01'::date))
                                 Heap Blocks: exact=43458
                                 ->  Bitmap Index Scan on idx_orders_orderdate  (cost=0.00..6505.23 rows=576529 width=0) (actual time=83.759..83.760 rows=560424 loops=1)
                                       Index Cond: ((o_orderdate >= '1993-12-01'::date) AND (o_orderdate < '1994-03-01'::date))
               ->  Index Scan using idx_lineitem_orderkey on lineitem  (cost=0.56..3.61 rows=1 width=4) (actual time=0.008..0.008 rows=1 loops=112213)
                     Index Cond: (l_orderkey = orders.o_orderkey)
                     Filter: (l_commitdate < l_receiptdate)
                     Rows Removed by Filter: 1
 Planning Time: 0.973 ms
 Execution Time: 1733.167 ms
(25 rows)

query 5 run 1
SET
SET
SET
                                                                                              QUERY PLAN                                                                                               
-------------------------------------------------------------------------------------------------------------------------------------------------------------------------------------------------------
 Limit  (cost=758126.24..758126.24 rows=1 width=58) (actual time=22689.980..22741.493 rows=1 loops=1)
   ->  Sort  (cost=758126.24..758126.30 rows=25 width=58) (actual time=22689.979..22741.490 rows=1 loops=1)
         Sort Key: (sum((lineitem.l_extendedprice * ('1'::numeric - lineitem.l_discount)))) DESC
         Sort Method: top-N heapsort  Memory: 25kB
         ->  Finalize GroupAggregate  (cost=757893.03..758126.12 rows=25 width=58) (actual time=22685.767..22741.475 rows=5 loops=1)
               Group Key: nation.n_name
               ->  Gather Merge  (cost=757893.03..758125.05 rows=100 width=58) (actual time=22684.367..22741.439 rows=25 loops=1)
                     Workers Planned: 4
                     Workers Launched: 4
                     ->  Partial GroupAggregate  (cost=756892.97..757113.08 rows=25 width=58) (actual time=22669.645..22674.979 rows=5 loops=5)
                           Group Key: nation.n_name
                           ->  Sort  (cost=756892.97..756936.93 rows=17584 width=38) (actual time=22668.333..22669.012 rows=14407 loops=5)
                                 Sort Key: nation.n_name
                                 Sort Method: quicksort  Memory: 1515kB
                                 Worker 0:  Sort Method: quicksort  Memory: 1521kB
                                 Worker 1:  Sort Method: quicksort  Memory: 1502kB
                                 Worker 2:  Sort Method: quicksort  Memory: 1506kB
                                 Worker 3:  Sort Method: quicksort  Memory: 1506kB
                                 ->  Parallel Hash Join  (cost=72373.52..755653.13 rows=17584 width=38) (actual time=545.852..22654.753 rows=14407 loops=5)
                                       Hash Cond: ((lineitem.l_suppkey = supplier.s_suppkey) AND (customer.c_nationkey = supplier.s_nationkey))
                                       ->  Nested Loop  (cost=68681.92..749604.77 rows=448906 width=50) (actual time=526.237..22485.064 rows=363065 loops=5)
                                             ->  Parallel Hash Join  (cost=68681.36..340752.39 rows=112239 width=38) (actual time=525.551..3740.095 rows=90680 loops=5)
                                                   Hash Cond: (orders.o_custkey = customer.c_custkey)
                                                   ->  Parallel Bitmap Heap Scan on orders  (cost=25887.99..295573.94 rows=561196 width=8) (actual time=262.404..3243.994 rows=455328 loops=5)
                                                         Recheck Cond: ((o_orderdate >= '1993-01-01'::date) AND (o_orderdate < '1994-01-01'::date))
                                                         Heap Blocks: exact=52307
                                                         ->  Bitmap Index Scan on idx_orders_orderdate  (cost=0.00..25326.80 rows=2244786 width=0) (actual time=201.672..201.672 rows=2276638 loops=1)
                                                               Index Cond: ((o_orderdate >= '1993-01-01'::date) AND (o_orderdate < '1994-01-01'::date))
                                                   ->  Parallel Hash  (cost=41855.85..41855.85 rows=75001 width=38) (actual time=262.509..262.512 rows=59887 loops=5)
                                                         Buckets: 524288  Batches: 1  Memory Usage: 25312kB
                                                         ->  Hash Join  (cost=2.51..41855.85 rows=75001 width=38) (actual time=1.652..234.647 rows=59887 loops=5)
                                                               Hash Cond: (customer.c_nationkey = nation.n_nationkey)
                                                               ->  Parallel Seq Scan on customer  (cost=0.00..39697.06 rows=375006 width=8) (actual time=1.040..195.669 rows=300000 loops=5)
                                                               ->  Hash  (cost=2.45..2.45 rows=5 width=30) (actual time=0.603..0.605 rows=5 loops=5)
                                                                     Buckets: 1024  Batches: 1  Memory Usage: 9kB
                                                                     ->  Hash Join  (cost=1.07..2.45 rows=5 width=30) (actual time=0.598..0.603 rows=5 loops=5)
                                                                           Hash Cond: (nation.n_regionkey = region.r_regionkey)
                                                                           ->  Seq Scan on nation  (cost=0.00..1.25 rows=25 width=34) (actual time=0.374..0.375 rows=25 loops=5)
                                                                           ->  Hash  (cost=1.06..1.06 rows=1 width=4) (actual time=0.214..0.214 rows=1 loops=5)
                                                                                 Buckets: 1024  Batches: 1  Memory Usage: 9kB
                                                                                 ->  Seq Scan on region  (cost=0.00..1.06 rows=1 width=4) (actual time=0.210..0.211 rows=1 loops=5)
                                                                                       Filter: (r_name = 'AMERICA'::bpchar)
                                                                                       Rows Removed by Filter: 4
                                             ->  Index Scan using idx_lineitem_orderkey on lineitem  (cost=0.56..3.60 rows=4 width=20) (actual time=0.194..0.205 rows=4 loops=453399)
                                                   Index Cond: (l_orderkey = orders.o_orderkey)
                                       ->  Parallel Hash  (cost=2809.24..2809.24 rows=58824 width=8) (actual time=15.895..15.896 rows=20000 loops=5)
                                             Buckets: 131072  Batches: 1  Memory Usage: 5024kB
                                             ->  Parallel Seq Scan on supplier  (cost=0.00..2809.24 rows=58824 width=8) (actual time=0.097..9.878 rows=20000 loops=5)
 Planning Time: 22.619 ms
 Execution Time: 22742.582 ms
(50 rows)

SET
SET
SET
                                                                                              QUERY PLAN                                                                                               
-------------------------------------------------------------------------------------------------------------------------------------------------------------------------------------------------------
 Limit  (cost=758126.24..758126.24 rows=1 width=58) (actual time=2602.993..2651.574 rows=1 loops=1)
   ->  Sort  (cost=758126.24..758126.30 rows=25 width=58) (actual time=2602.991..2651.572 rows=1 loops=1)
         Sort Key: (sum((lineitem.l_extendedprice * ('1'::numeric - lineitem.l_discount)))) DESC
         Sort Method: top-N heapsort  Memory: 25kB
         ->  Finalize GroupAggregate  (cost=757893.03..758126.12 rows=25 width=58) (actual time=2592.367..2651.552 rows=5 loops=1)
               Group Key: nation.n_name
               ->  Gather Merge  (cost=757893.03..758125.05 rows=100 width=58) (actual time=2590.984..2651.510 rows=25 loops=1)
                     Workers Planned: 4
                     Workers Launched: 4
                     ->  Partial GroupAggregate  (cost=756892.97..757113.08 rows=25 width=58) (actual time=2581.015..2586.572 rows=5 loops=5)
                           Group Key: nation.n_name
                           ->  Sort  (cost=756892.97..756936.93 rows=17584 width=38) (actual time=2579.728..2580.414 rows=14407 loops=5)
                                 Sort Key: nation.n_name
                                 Sort Method: quicksort  Memory: 1426kB
                                 Worker 0:  Sort Method: quicksort  Memory: 1587kB
                                 Worker 1:  Sort Method: quicksort  Memory: 1541kB
                                 Worker 2:  Sort Method: quicksort  Memory: 1491kB
                                 Worker 3:  Sort Method: quicksort  Memory: 1504kB
                                 ->  Parallel Hash Join  (cost=72373.52..755653.13 rows=17584 width=38) (actual time=424.610..2571.552 rows=14407 loops=5)
                                       Hash Cond: ((lineitem.l_suppkey = supplier.s_suppkey) AND (customer.c_nationkey = supplier.s_nationkey))
                                       ->  Nested Loop  (cost=68681.92..749604.77 rows=448906 width=50) (actual time=405.804..2439.811 rows=363065 loops=5)
                                             ->  Parallel Hash Join  (cost=68681.36..340752.39 rows=112239 width=38) (actual time=405.650..997.437 rows=90680 loops=5)
                                                   Hash Cond: (orders.o_custkey = customer.c_custkey)
                                                   ->  Parallel Bitmap Heap Scan on orders  (cost=25887.99..295573.94 rows=561196 width=8) (actual time=251.309..665.815 rows=455328 loops=5)
                                                         Recheck Cond: ((o_orderdate >= '1993-01-01'::date) AND (o_orderdate < '1994-01-01'::date))
                                                         Heap Blocks: exact=49089
                                                         ->  Bitmap Index Scan on idx_orders_orderdate  (cost=0.00..25326.80 rows=2244786 width=0) (actual time=192.035..192.035 rows=2276638 loops=1)
                                                               Index Cond: ((o_orderdate >= '1993-01-01'::date) AND (o_orderdate < '1994-01-01'::date))
                                                   ->  Parallel Hash  (cost=41855.85..41855.85 rows=75001 width=38) (actual time=153.697..153.700 rows=59887 loops=5)
                                                         Buckets: 524288  Batches: 1  Memory Usage: 25312kB
                                                         ->  Hash Join  (cost=2.51..41855.85 rows=75001 width=38) (actual time=0.073..127.313 rows=59887 loops=5)
                                                               Hash Cond: (customer.c_nationkey = nation.n_nationkey)
                                                               ->  Parallel Seq Scan on customer  (cost=0.00..39697.06 rows=375006 width=8) (actual time=0.030..89.696 rows=300000 loops=5)
                                                               ->  Hash  (cost=2.45..2.45 rows=5 width=30) (actual time=0.035..0.037 rows=5 loops=5)
                                                                     Buckets: 1024  Batches: 1  Memory Usage: 9kB
                                                                     ->  Hash Join  (cost=1.07..2.45 rows=5 width=30) (actual time=0.029..0.035 rows=5 loops=5)
                                                                           Hash Cond: (nation.n_regionkey = region.r_regionkey)
                                                                           ->  Seq Scan on nation  (cost=0.00..1.25 rows=25 width=34) (actual time=0.011..0.013 rows=25 loops=5)
                                                                           ->  Hash  (cost=1.06..1.06 rows=1 width=4) (actual time=0.012..0.013 rows=1 loops=5)
                                                                                 Buckets: 1024  Batches: 1  Memory Usage: 9kB
                                                                                 ->  Seq Scan on region  (cost=0.00..1.06 rows=1 width=4) (actual time=0.009..0.010 rows=1 loops=5)
                                                                                       Filter: (r_name = 'AMERICA'::bpchar)
                                                                                       Rows Removed by Filter: 4
                                             ->  Index Scan using idx_lineitem_orderkey on lineitem  (cost=0.56..3.60 rows=4 width=20) (actual time=0.014..0.015 rows=4 loops=453399)
                                                   Index Cond: (l_orderkey = orders.o_orderkey)
                                       ->  Parallel Hash  (cost=2809.24..2809.24 rows=58824 width=8) (actual time=17.436..17.437 rows=20000 loops=5)
                                             Buckets: 131072  Batches: 1  Memory Usage: 5024kB
                                             ->  Parallel Seq Scan on supplier  (cost=0.00..2809.24 rows=58824 width=8) (actual time=0.025..9.286 rows=20000 loops=5)
 Planning Time: 3.816 ms
 Execution Time: 2651.898 ms
(50 rows)

query 6 run 1
SET
SET
SET
                                                                                                                QUERY PLAN                                                                                                                 
-------------------------------------------------------------------------------------------------------------------------------------------------------------------------------------------------------------------------------------------
 Limit  (cost=1293299.44..1293299.45 rows=1 width=32) (actual time=17386.553..17432.580 rows=1 loops=1)
   ->  Finalize Aggregate  (cost=1293299.44..1293299.45 rows=1 width=32) (actual time=17386.551..17432.578 rows=1 loops=1)
         ->  Gather  (cost=1293299.01..1293299.42 rows=4 width=32) (actual time=17386.536..17432.566 rows=5 loops=1)
               Workers Planned: 4
               Workers Launched: 4
               ->  Partial Aggregate  (cost=1292299.01..1292299.02 rows=1 width=32) (actual time=17375.287..17375.288 rows=1 loops=5)
                     ->  Parallel Bitmap Heap Scan on lineitem  (cost=212470.23..1290787.36 rows=302330 width=12) (actual time=1410.389..17213.461 rows=238912 loops=5)
                           Recheck Cond: ((l_shipdate >= '1993-01-01'::date) AND (l_shipdate < '1994-01-01 00:00:00'::timestamp without time zone) AND (l_discount >= 0.06) AND (l_discount <= 0.08) AND (l_quantity < '25'::numeric))
                           Rows Removed by Index Recheck: 2744818
                           Heap Blocks: exact=79471 lossy=54027
                           ->  Bitmap Index Scan on idx_lineitem_shipdate  (cost=0.00..212167.90 rows=1209318 width=0) (actual time=1319.721..1319.721 rows=1194558 loops=1)
                                 Index Cond: ((l_shipdate >= '1993-01-01'::date) AND (l_shipdate < '1994-01-01 00:00:00'::timestamp without time zone) AND (l_discount >= 0.06) AND (l_discount <= 0.08) AND (l_quantity < '25'::numeric))
 Planning Time: 10.377 ms
 Execution Time: 17434.200 ms
(14 rows)

SET
SET
SET
                                                                                                                QUERY PLAN                                                                                                                 
-------------------------------------------------------------------------------------------------------------------------------------------------------------------------------------------------------------------------------------------
 Limit  (cost=1293299.44..1293299.45 rows=1 width=32) (actual time=3226.263..3274.129 rows=1 loops=1)
   ->  Finalize Aggregate  (cost=1293299.44..1293299.45 rows=1 width=32) (actual time=3226.261..3274.127 rows=1 loops=1)
         ->  Gather  (cost=1293299.01..1293299.42 rows=4 width=32) (actual time=3224.893..3274.112 rows=5 loops=1)
               Workers Planned: 4
               Workers Launched: 4
               ->  Partial Aggregate  (cost=1292299.01..1292299.02 rows=1 width=32) (actual time=3220.118..3220.119 rows=1 loops=5)
                     ->  Parallel Bitmap Heap Scan on lineitem  (cost=212470.23..1290787.36 rows=302330 width=12) (actual time=1286.572..3123.205 rows=238912 loops=5)
                           Recheck Cond: ((l_shipdate >= '1993-01-01'::date) AND (l_shipdate < '1994-01-01 00:00:00'::timestamp without time zone) AND (l_discount >= 0.06) AND (l_discount <= 0.08) AND (l_quantity < '25'::numeric))
                           Rows Removed by Index Recheck: 2744818
                           Heap Blocks: exact=85485 lossy=57492
                           ->  Bitmap Index Scan on idx_lineitem_shipdate  (cost=0.00..212167.90 rows=1209318 width=0) (actual time=1192.841..1192.841 rows=1194558 loops=1)
                                 Index Cond: ((l_shipdate >= '1993-01-01'::date) AND (l_shipdate < '1994-01-01 00:00:00'::timestamp without time zone) AND (l_discount >= 0.06) AND (l_discount <= 0.08) AND (l_quantity < '25'::numeric))
 Planning Time: 0.690 ms
 Execution Time: 3274.178 ms
(14 rows)

query 7 run 1
SET
SET
SET
                                                                                                      QUERY PLAN                                                                                                       
-----------------------------------------------------------------------------------------------------------------------------------------------------------------------------------------------------------------------
 Limit  (cost=1418514.22..1419545.38 rows=1 width=92) (actual time=32039.581..32045.818 rows=1 loops=1)
   ->  GroupAggregate  (cost=1418514.22..11763026.34 rows=10032 width=92) (actual time=32039.580..32045.816 rows=1 loops=1)
         Group Key: n1.n_name, n2.n_name, date_part('year'::text, (lineitem.l_shipdate)::timestamp without time zone)
         ->  Nested Loop  (cost=1418514.22..11761959.32 rows=59431 width=72) (actual time=8622.435..32017.764 rows=14421 loops=1)
               Join Filter: (n2.n_nationkey = customer.c_nationkey)
               Rows Removed by Join Filter: 349055
               ->  Nested Loop  (cost=1418513.80..6676200.49 rows=1485772 width=76) (actual time=8611.679..26598.807 rows=363476 loops=1)
                     ->  Gather Merge  (cost=1418513.36..1596411.74 rows=1485772 width=76) (actual time=8610.840..8949.239 rows=363476 loops=1)
                           Workers Planned: 4
                           Workers Launched: 4
                           ->  Sort  (cost=1417513.30..1418441.91 rows=371443 width=76) (actual time=8587.490..8623.464 rows=73085 loops=5)
                                 Sort Key: n1.n_name, n2.n_name, (date_part('year'::text, (lineitem.l_shipdate)::timestamp without time zone))
                                 Sort Method: external merge  Disk: 26712kB
                                 Worker 0:  Sort Method: external merge  Disk: 29848kB
                                 Worker 1:  Sort Method: external merge  Disk: 26832kB
                                 Worker 2:  Sort Method: external merge  Disk: 28176kB
                                 Worker 3:  Sort Method: external merge  Disk: 28040kB
                                 ->  Parallel Hash Join  (cost=3140.96..1372538.66 rows=371443 width=76) (actual time=17.574..8325.998 rows=291139 loops=5)
                                       Hash Cond: (lineitem.l_suppkey = supplier.s_suppkey)
                                       ->  Parallel Seq Scan on lineitem  (cost=0.00..1350121.67 rows=4557620 width=24) (actual time=1.135..7720.624 rows=3646065 loops=5)
                                             Filter: ((l_shipdate >= '1995-01-01'::date) AND (l_shipdate <= '1996-12-31'::date))
                                             Rows Removed by Filter: 8351145
                                       ->  Parallel Hash  (cost=3079.76..3079.76 rows=4896 width=60) (actual time=16.196..16.199 rows=1596 loops=5)
                                             Buckets: 16384  Batches: 1  Memory Usage: 960kB
                                             ->  Hash Join  (cost=2.87..3079.76 rows=4896 width=60) (actual time=0.333..14.848 rows=1596 loops=5)
                                                   Hash Cond: (supplier.s_nationkey = n1.n_nationkey)
                                                   ->  Parallel Seq Scan on supplier  (cost=0.00..2809.24 rows=58824 width=8) (actual time=0.237..12.476 rows=20000 loops=5)
                                                   ->  Hash  (cost=2.84..2.84 rows=2 width=60) (actual time=0.087..0.089 rows=2 loops=5)
                                                         Buckets: 1024  Batches: 1  Memory Usage: 9kB
                                                         ->  Nested Loop  (cost=0.00..2.84 rows=2 width=60) (actual time=0.080..0.086 rows=2 loops=5)
                                                               Join Filter: (((n1.n_name = 'PERU'::bpchar) AND (n2.n_name = 'MOROCCO'::bpchar)) OR ((n1.n_name = 'MOROCCO'::bpchar) AND (n2.n_name = 'PERU'::bpchar)))
                                                               Rows Removed by Join Filter: 2
                                                               ->  Seq Scan on nation n1  (cost=0.00..1.38 rows=2 width=30) (actual time=0.067..0.069 rows=2 loops=5)
                                                                     Filter: ((n_name = 'PERU'::bpchar) OR (n_name = 'MOROCCO'::bpchar))
                                                                     Rows Removed by Filter: 23
                                                               ->  Materialize  (cost=0.00..1.39 rows=2 width=30) (actual time=0.004..0.006 rows=2 loops=10)
                                                                     ->  Seq Scan on nation n2  (cost=0.00..1.38 rows=2 width=30) (actual time=0.005..0.008 rows=2 loops=5)
                                                                           Filter: ((n_name = 'MOROCCO'::bpchar) OR (n_name = 'PERU'::bpchar))
                                                                           Rows Removed by Filter: 23
                     ->  Index Scan using orders_pkey on orders  (cost=0.43..3.42 rows=1 width=8) (actual time=0.048..0.048 rows=1 loops=363476)
                           Index Cond: (o_orderkey = lineitem.l_orderkey)
               ->  Index Scan using customer_pkey on customer  (cost=0.43..3.41 rows=1 width=8) (actual time=0.014..0.014 rows=1 loops=363476)
                     Index Cond: (c_custkey = orders.o_custkey)
 Planning Time: 23.223 ms
 Execution Time: 32050.083 ms
(45 rows)

SET
SET
SET
                                                                                                      QUERY PLAN                                                                                                       
-----------------------------------------------------------------------------------------------------------------------------------------------------------------------------------------------------------------------
 Limit  (cost=1418514.22..1419545.38 rows=1 width=92) (actual time=5793.070..5798.849 rows=1 loops=1)
   ->  GroupAggregate  (cost=1418514.22..11763026.34 rows=10032 width=92) (actual time=5793.068..5798.847 rows=1 loops=1)
         Group Key: n1.n_name, n2.n_name, date_part('year'::text, (lineitem.l_shipdate)::timestamp without time zone)
         ->  Nested Loop  (cost=1418514.22..11761959.32 rows=59431 width=72) (actual time=3520.423..5785.613 rows=14421 loops=1)
               Join Filter: (n2.n_nationkey = customer.c_nationkey)
               Rows Removed by Join Filter: 349040
               ->  Nested Loop  (cost=1418513.80..6676200.49 rows=1485772 width=76) (actual time=3519.334..4771.079 rows=363461 loops=1)
                     ->  Gather Merge  (cost=1418513.36..1596411.74 rows=1485772 width=76) (actual time=3519.280..3693.150 rows=363461 loops=1)
                           Workers Planned: 4
                           Workers Launched: 4
                           ->  Sort  (cost=1417513.30..1418441.91 rows=371443 width=76) (actual time=3494.219..3518.566 rows=73053 loops=5)
                                 Sort Key: n1.n_name, n2.n_name, (date_part('year'::text, (lineitem.l_shipdate)::timestamp without time zone))
                                 Sort Method: external merge  Disk: 28408kB
                                 Worker 0:  Sort Method: external merge  Disk: 27568kB
                                 Worker 1:  Sort Method: external merge  Disk: 27160kB
                                 Worker 2:  Sort Method: external merge  Disk: 29504kB
                                 Worker 3:  Sort Method: external merge  Disk: 26968kB
                                 ->  Parallel Hash Join  (cost=3140.96..1372538.66 rows=371443 width=76) (actual time=14.285..3188.749 rows=291139 loops=5)
                                       Hash Cond: (lineitem.l_suppkey = supplier.s_suppkey)
                                       ->  Parallel Seq Scan on lineitem  (cost=0.00..1350121.67 rows=4557620 width=24) (actual time=0.771..2548.858 rows=3646065 loops=5)
                                             Filter: ((l_shipdate >= '1995-01-01'::date) AND (l_shipdate <= '1996-12-31'::date))
                                             Rows Removed by Filter: 8351145
                                       ->  Parallel Hash  (cost=3079.76..3079.76 rows=4896 width=60) (actual time=12.578..12.581 rows=1596 loops=5)
                                             Buckets: 16384  Batches: 1  Memory Usage: 960kB
                                             ->  Hash Join  (cost=2.87..3079.76 rows=4896 width=60) (actual time=0.067..11.343 rows=1596 loops=5)
                                                   Hash Cond: (supplier.s_nationkey = n1.n_nationkey)
                                                   ->  Parallel Seq Scan on supplier  (cost=0.00..2809.24 rows=58824 width=8) (actual time=0.031..8.711 rows=20000 loops=5)
                                                   ->  Hash  (cost=2.84..2.84 rows=2 width=60) (actual time=0.026..0.028 rows=2 loops=5)
                                                         Buckets: 1024  Batches: 1  Memory Usage: 9kB
                                                         ->  Nested Loop  (cost=0.00..2.84 rows=2 width=60) (actual time=0.020..0.026 rows=2 loops=5)
                                                               Join Filter: (((n1.n_name = 'PERU'::bpchar) AND (n2.n_name = 'MOROCCO'::bpchar)) OR ((n1.n_name = 'MOROCCO'::bpchar) AND (n2.n_name = 'PERU'::bpchar)))
                                                               Rows Removed by Join Filter: 2
                                                               ->  Seq Scan on nation n1  (cost=0.00..1.38 rows=2 width=30) (actual time=0.010..0.012 rows=2 loops=5)
                                                                     Filter: ((n_name = 'PERU'::bpchar) OR (n_name = 'MOROCCO'::bpchar))
                                                                     Rows Removed by Filter: 23
                                                               ->  Materialize  (cost=0.00..1.39 rows=2 width=30) (actual time=0.003..0.005 rows=2 loops=10)
                                                                     ->  Seq Scan on nation n2  (cost=0.00..1.38 rows=2 width=30) (actual time=0.004..0.006 rows=2 loops=5)
                                                                           Filter: ((n_name = 'MOROCCO'::bpchar) OR (n_name = 'PERU'::bpchar))
                                                                           Rows Removed by Filter: 23
                     ->  Index Scan using orders_pkey on orders  (cost=0.43..3.42 rows=1 width=8) (actual time=0.003..0.003 rows=1 loops=363461)
                           Index Cond: (o_orderkey = lineitem.l_orderkey)
               ->  Index Scan using customer_pkey on customer  (cost=0.43..3.41 rows=1 width=8) (actual time=0.002..0.003 rows=1 loops=363461)
                     Index Cond: (c_custkey = orders.o_custkey)
 Planning Time: 3.117 ms
 Execution Time: 5802.827 ms
(45 rows)

query 8 run 1
SET
SET
SET
                                                                                         QUERY PLAN                                                                                          
---------------------------------------------------------------------------------------------------------------------------------------------------------------------------------------------
 Limit  (cost=386641.90..393328.47 rows=1 width=40) (actual time=52210.814..52216.493 rows=1 loops=1)
   ->  GroupAggregate  (cost=386641.90..16474530.59 rows=2406 width=40) (actual time=52210.812..52216.491 rows=1 loops=1)
         Group Key: date_part('year'::text, (orders.o_orderdate)::timestamp without time zone)
         ->  Nested Loop  (cost=386641.90..16473997.32 rows=23957 width=46) (actual time=2436.784..52188.120 rows=11818 loops=1)
               Join Filter: (supplier.s_nationkey = n2.n_nationkey)
               Rows Removed by Join Filter: 142650
               ->  Nested Loop  (cost=386641.90..16465223.96 rows=23957 width=20) (actual time=2436.761..52143.658 rows=11818 loops=1)
                     ->  Nested Loop  (cost=386641.60..16385186.46 rows=24466 width=20) (actual time=2436.458..51804.309 rows=11818 loops=1)
                           ->  Nested Loop  (cost=386641.18..3843411.88 rows=3673822 width=24) (actual time=2387.377..39987.576 rows=1817010 loops=1)
                                 ->  Gather Merge  (cost=386640.61..496623.94 rows=918559 width=8) (actual time=2386.697..2648.349 rows=454637 loops=1)
                                       Workers Planned: 4
                                       Workers Launched: 4
                                       ->  Sort  (cost=385640.55..386214.65 rows=229640 width=8) (actual time=2376.139..2386.925 rows=91873 loops=5)
                                             Sort Key: (date_part('year'::text, (orders.o_orderdate)::timestamp without time zone))
                                             Sort Method: quicksort  Memory: 15236kB
                                             Worker 0:  Sort Method: quicksort  Memory: 14166kB
                                             Worker 1:  Sort Method: quicksort  Memory: 14442kB
                                             Worker 2:  Sort Method: quicksort  Memory: 15404kB
                                             Worker 3:  Sort Method: quicksort  Memory: 14148kB
                                             ->  Parallel Hash Join  (cost=42793.37..365192.24 rows=229640 width=8) (actual time=299.229..2342.702 rows=182072 loops=5)
                                                   Hash Cond: (orders.o_custkey = customer.c_custkey)
                                                   ->  Parallel Seq Scan on orders  (cost=0.00..317519.03 rows=1148199 width=12) (actual time=0.532..1772.871 rows=911503 loops=5)
                                                         Filter: ((o_orderdate >= '1995-01-01'::date) AND (o_orderdate <= '1996-12-31'::date))
                                                         Rows Removed by Filter: 2088497
                                                   ->  Parallel Hash  (cost=41855.85..41855.85 rows=75001 width=4) (actual time=297.946..297.949 rows=59887 loops=5)
                                                         Buckets: 524288  Batches: 1  Memory Usage: 15872kB
                                                         ->  Hash Join  (cost=2.51..41855.85 rows=75001 width=4) (actual time=0.366..279.614 rows=59887 loops=5)
                                                               Hash Cond: (customer.c_nationkey = n1.n_nationkey)
                                                               ->  Parallel Seq Scan on customer  (cost=0.00..39697.06 rows=375006 width=8) (actual time=0.258..241.864 rows=300000 loops=5)
                                                               ->  Hash  (cost=2.45..2.45 rows=5 width=4) (actual time=0.103..0.104 rows=5 loops=5)
                                                                     Buckets: 1024  Batches: 1  Memory Usage: 9kB
                                                                     ->  Hash Join  (cost=1.07..2.45 rows=5 width=4) (actual time=0.096..0.103 rows=5 loops=5)
                                                                           Hash Cond: (n1.n_regionkey = region.r_regionkey)
                                                                           ->  Seq Scan on nation n1  (cost=0.00..1.25 rows=25 width=8) (actual time=0.043..0.045 rows=25 loops=5)
                                                                           ->  Hash  (cost=1.06..1.06 rows=1 width=4) (actual time=0.048..0.049 rows=1 loops=5)
                                                                                 Buckets: 1024  Batches: 1  Memory Usage: 9kB
                                                                                 ->  Seq Scan on region  (cost=0.00..1.06 rows=1 width=4) (actual time=0.043..0.044 rows=1 loops=5)
                                                                                       Filter: (r_name = 'AMERICA'::bpchar)
                                                                                       Rows Removed by Filter: 4
                                 ->  Index Scan using idx_lineitem_orderkey on lineitem  (cost=0.56..3.60 rows=4 width=24) (actual time=0.075..0.081 rows=4 loops=454637)
                                       Index Cond: (l_orderkey = orders.o_orderkey)
                           ->  Index Scan using part_pkey on part  (cost=0.43..3.41 rows=1 width=4) (actual time=0.006..0.006 rows=0 loops=1817010)
                                 Index Cond: (p_partkey = lineitem.l_partkey)
                                 Filter: ((p_type)::text = 'LARGE POLISHED BRASS'::text)
                                 Rows Removed by Filter: 1
                     ->  Index Scan using supplier_pkey on supplier  (cost=0.29..3.27 rows=1 width=8) (actual time=0.028..0.028 rows=1 loops=11818)
                           Index Cond: (s_suppkey = lineitem.l_suppkey)
               ->  Materialize  (cost=0.00..1.38 rows=25 width=30) (actual time=0.000..0.001 rows=13 loops=11818)
                     ->  Seq Scan on nation n2  (cost=0.00..1.25 rows=25 width=30) (actual time=0.006..0.011 rows=25 loops=1)
 Planning Time: 27.616 ms
 Execution Time: 52217.199 ms
(51 rows)

SET
SET
SET
                                                                                         QUERY PLAN                                                                                         
--------------------------------------------------------------------------------------------------------------------------------------------------------------------------------------------
 Limit  (cost=386641.90..393328.47 rows=1 width=40) (actual time=9215.685..9222.677 rows=1 loops=1)
   ->  GroupAggregate  (cost=386641.90..16474530.59 rows=2406 width=40) (actual time=9215.684..9222.675 rows=1 loops=1)
         Group Key: date_part('year'::text, (orders.o_orderdate)::timestamp without time zone)
         ->  Nested Loop  (cost=386641.90..16473997.32 rows=23957 width=46) (actual time=1045.648..9209.684 rows=11818 loops=1)
               Join Filter: (supplier.s_nationkey = n2.n_nationkey)
               Rows Removed by Join Filter: 142659
               ->  Nested Loop  (cost=386641.90..16465223.96 rows=23957 width=20) (actual time=1045.627..9183.649 rows=11818 loops=1)
                     ->  Nested Loop  (cost=386641.60..16385186.46 rows=24466 width=20) (actual time=1045.614..9140.698 rows=11818 loops=1)
                           ->  Nested Loop  (cost=386641.18..3843411.88 rows=3673822 width=24) (actual time=1042.487..4075.296 rows=1816433 loops=1)
                                 ->  Gather Merge  (cost=386640.61..496623.94 rows=918559 width=8) (actual time=1042.428..1178.322 rows=454489 loops=1)
                                       Workers Planned: 4
                                       Workers Launched: 4
                                       ->  Sort  (cost=385640.55..386214.65 rows=229640 width=8) (actual time=1033.869..1040.781 rows=91843 loops=5)
                                             Sort Key: (date_part('year'::text, (orders.o_orderdate)::timestamp without time zone))
                                             Sort Method: quicksort  Memory: 14560kB
                                             Worker 0:  Sort Method: quicksort  Memory: 15663kB
                                             Worker 1:  Sort Method: quicksort  Memory: 15197kB
                                             Worker 2:  Sort Method: quicksort  Memory: 14808kB
                                             Worker 3:  Sort Method: quicksort  Memory: 13167kB
                                             ->  Parallel Hash Join  (cost=42793.37..365192.24 rows=229640 width=8) (actual time=152.944..995.117 rows=182072 loops=5)
                                                   Hash Cond: (orders.o_custkey = customer.c_custkey)
                                                   ->  Parallel Seq Scan on orders  (cost=0.00..317519.03 rows=1148199 width=12) (actual time=0.037..541.601 rows=911503 loops=5)
                                                         Filter: ((o_orderdate >= '1995-01-01'::date) AND (o_orderdate <= '1996-12-31'::date))
                                                         Rows Removed by Filter: 2088497
                                                   ->  Parallel Hash  (cost=41855.85..41855.85 rows=75001 width=4) (actual time=150.899..150.904 rows=59887 loops=5)
                                                         Buckets: 524288  Batches: 1  Memory Usage: 15872kB
                                                         ->  Hash Join  (cost=2.51..41855.85 rows=75001 width=4) (actual time=0.080..126.865 rows=59887 loops=5)
                                                               Hash Cond: (customer.c_nationkey = n1.n_nationkey)
                                                               ->  Parallel Seq Scan on customer  (cost=0.00..39697.06 rows=375006 width=8) (actual time=0.026..89.882 rows=300000 loops=5)
                                                               ->  Hash  (cost=2.45..2.45 rows=5 width=4) (actual time=0.049..0.051 rows=5 loops=5)
                                                                     Buckets: 1024  Batches: 1  Memory Usage: 9kB
                                                                     ->  Hash Join  (cost=1.07..2.45 rows=5 width=4) (actual time=0.043..0.050 rows=5 loops=5)
                                                                           Hash Cond: (n1.n_regionkey = region.r_regionkey)
                                                                           ->  Seq Scan on nation n1  (cost=0.00..1.25 rows=25 width=8) (actual time=0.013..0.015 rows=25 loops=5)
                                                                           ->  Hash  (cost=1.06..1.06 rows=1 width=4) (actual time=0.026..0.027 rows=1 loops=5)
                                                                                 Buckets: 1024  Batches: 1  Memory Usage: 9kB
                                                                                 ->  Seq Scan on region  (cost=0.00..1.06 rows=1 width=4) (actual time=0.021..0.022 rows=1 loops=5)
                                                                                       Filter: (r_name = 'AMERICA'::bpchar)
                                                                                       Rows Removed by Filter: 4
                                 ->  Index Scan using idx_lineitem_orderkey on lineitem  (cost=0.56..3.60 rows=4 width=24) (actual time=0.005..0.006 rows=4 loops=454489)
                                       Index Cond: (l_orderkey = orders.o_orderkey)
                           ->  Index Scan using part_pkey on part  (cost=0.43..3.41 rows=1 width=4) (actual time=0.003..0.003 rows=0 loops=1816433)
                                 Index Cond: (p_partkey = lineitem.l_partkey)
                                 Filter: ((p_type)::text = 'LARGE POLISHED BRASS'::text)
                                 Rows Removed by Filter: 1
                     ->  Index Scan using supplier_pkey on supplier  (cost=0.29..3.27 rows=1 width=8) (actual time=0.003..0.003 rows=1 loops=11818)
                           Index Cond: (s_suppkey = lineitem.l_suppkey)
               ->  Materialize  (cost=0.00..1.38 rows=25 width=30) (actual time=0.000..0.001 rows=13 loops=11818)
                     ->  Seq Scan on nation n2  (cost=0.00..1.25 rows=25 width=30) (actual time=0.006..0.011 rows=25 loops=1)
 Planning Time: 4.406 ms
 Execution Time: 9222.778 ms
(51 rows)

query 9 run 1
SET
SET
SET
                                                                                         QUERY PLAN                                                                                         
--------------------------------------------------------------------------------------------------------------------------------------------------------------------------------------------
 Limit  (cost=27084.63..32815.70 rows=1 width=66) (actual time=1796732.175..1796733.479 rows=1 loops=1)
   ->  GroupAggregate  (cost=27084.63..445453.12 rows=73 width=66) (actual time=1796732.174..1796733.477 rows=1 loops=1)
         Group Key: nation.n_name, (date_part('year'::text, (orders.o_orderdate)::timestamp without time zone))
         ->  Incremental Sort  (cost=27084.63..445450.57 rows=73 width=57) (actual time=1796723.685..1796726.051 rows=11401 loops=1)
               Sort Key: nation.n_name, (date_part('year'::text, (orders.o_orderdate)::timestamp without time zone)) DESC
               Presorted Key: nation.n_name
               Full-sort Groups: 1  Sort Method: quicksort  Average Memory: 34kB  Peak Memory: 34kB
               Pre-sorted Groups: 1  Sort Method: quicksort  Average Memory: 21136kB  Peak Memory: 21136kB
               ->  Nested Loop  (cost=9652.78..445447.90 rows=73 width=57) (actual time=14549.533..1796651.640 rows=128453 loops=1)
                     Join Filter: (supplier.s_suppkey = lineitem.l_suppkey)
                     Rows Removed by Join Filter: 12778722623
                     ->  Gather Merge  (cost=8651.47..20048.53 rows=100000 width=30) (actual time=52.359..61.209 rows=3935 loops=1)
                           Workers Planned: 1
                           Workers Launched: 1
                           ->  Sort  (cost=7651.46..7798.52 rows=58824 width=30) (actual time=44.781..45.550 rows=2470 loops=2)
                                 Sort Key: nation.n_name
                                 Sort Method: quicksort  Memory: 6121kB
                                 Worker 0:  Sort Method: quicksort  Memory: 4764kB
                                 ->  Hash Join  (cost=1.56..2991.39 rows=58824 width=30) (actual time=0.312..23.179 rows=50000 loops=2)
                                       Hash Cond: (supplier.s_nationkey = nation.n_nationkey)
                                       ->  Parallel Seq Scan on supplier  (cost=0.00..2809.24 rows=58824 width=8) (actual time=0.155..14.013 rows=50000 loops=2)
                                       ->  Hash  (cost=1.25..1.25 rows=25 width=30) (actual time=0.093..0.093 rows=25 loops=2)
                                             Buckets: 1024  Batches: 1  Memory Usage: 10kB
                                             ->  Seq Scan on nation  (cost=0.00..1.25 rows=25 width=30) (actual time=0.081..0.084 rows=25 loops=2)
                     ->  Materialize  (cost=1001.31..315899.19 rows=73 width=35) (actual time=0.003..235.050 rows=3247484 loops=3935)
                           ->  Gather  (cost=1001.31..315898.82 rows=73 width=35) (actual time=3.931..38659.551 rows=3248192 loops=1)
                                 Workers Planned: 4
                                 Workers Launched: 4
                                 ->  Nested Loop  (cost=1.31..314891.52 rows=18 width=35) (actual time=2.401..39476.020 rows=649638 loops=5)
                                       ->  Nested Loop  (cost=0.87..314829.92 rows=18 width=35) (actual time=1.354..28379.614 rows=649638 loops=5)
                                             ->  Nested Loop  (cost=0.43..106283.34 rows=60611 width=18) (actual time=0.871..1621.860 rows=86650 loops=5)
                                                   ->  Parallel Seq Scan on part  (cost=0.00..47231.00 rows=15152 width=4) (actual time=0.539..222.027 rows=21662 loops=5)
                                                         Filter: ((p_name)::text ~~ '%navy%'::text)
                                                         Rows Removed by Filter: 378338
                                                   ->  Index Scan using idx_partsupp_partkey on partsupp  (cost=0.43..3.72 rows=18 width=14) (actual time=0.059..0.063 rows=4 loops=108312)
                                                         Index Cond: (ps_partkey = part.p_partkey)
                                             ->  Index Scan using idx_lineitem_part_supp on lineitem  (cost=0.44..3.43 rows=1 width=29) (actual time=0.045..0.306 rows=7 loops=433248)
                                                   Index Cond: ((l_partkey = partsupp.ps_partkey) AND (l_suppkey = partsupp.ps_suppkey))
                                       ->  Index Scan using orders_pkey on orders  (cost=0.43..3.42 rows=1 width=8) (actual time=0.016..0.016 rows=1 loops=3248192)
                                             Index Cond: (o_orderkey = lineitem.l_orderkey)
 Planning Time: 30.074 ms
 Execution Time: 1796754.264 ms
(42 rows)

SET
SET
SET
                                                                                         QUERY PLAN                                                                                         
--------------------------------------------------------------------------------------------------------------------------------------------------------------------------------------------
 Limit  (cost=27084.63..32815.70 rows=1 width=66) (actual time=1778607.593..1778609.068 rows=1 loops=1)
   ->  GroupAggregate  (cost=27084.63..445453.12 rows=73 width=66) (actual time=1778607.592..1778609.065 rows=1 loops=1)
         Group Key: nation.n_name, (date_part('year'::text, (orders.o_orderdate)::timestamp without time zone))
         ->  Incremental Sort  (cost=27084.63..445450.57 rows=73 width=57) (actual time=1778598.884..1778601.622 rows=11401 loops=1)
               Sort Key: nation.n_name, (date_part('year'::text, (orders.o_orderdate)::timestamp without time zone)) DESC
               Presorted Key: nation.n_name
               Full-sort Groups: 1  Sort Method: quicksort  Average Memory: 34kB  Peak Memory: 34kB
               Pre-sorted Groups: 1  Sort Method: quicksort  Average Memory: 21136kB  Peak Memory: 21136kB
               ->  Nested Loop  (cost=9652.78..445447.90 rows=73 width=57) (actual time=3043.194..1778500.648 rows=128453 loops=1)
                     Join Filter: (supplier.s_suppkey = lineitem.l_suppkey)
                     Rows Removed by Join Filter: 12780191097
                     ->  Gather Merge  (cost=8651.47..20048.53 rows=100000 width=30) (actual time=49.793..58.872 rows=3935 loops=1)
                           Workers Planned: 1
                           Workers Launched: 1
                           ->  Sort  (cost=7651.46..7798.52 rows=58824 width=30) (actual time=45.467..46.113 rows=2389 loops=2)
                                 Sort Key: nation.n_name
                                 Sort Method: quicksort  Memory: 5576kB
                                 Worker 0:  Sort Method: quicksort  Memory: 5310kB
                                 ->  Hash Join  (cost=1.56..2991.39 rows=58824 width=30) (actual time=0.339..23.262 rows=50000 loops=2)
                                       Hash Cond: (supplier.s_nationkey = nation.n_nationkey)
                                       ->  Parallel Seq Scan on supplier  (cost=0.00..2809.24 rows=58824 width=8) (actual time=0.157..13.822 rows=50000 loops=2)
                                       ->  Hash  (cost=1.25..1.25 rows=25 width=30) (actual time=0.094..0.094 rows=25 loops=2)
                                             Buckets: 1024  Batches: 1  Memory Usage: 10kB
                                             ->  Seq Scan on nation  (cost=0.00..1.25 rows=25 width=30) (actual time=0.080..0.084 rows=25 loops=2)
                     ->  Materialize  (cost=1001.31..315899.19 rows=73 width=35) (actual time=0.002..230.216 rows=3247858 loops=3935)
                           ->  Gather  (cost=1001.31..315898.82 rows=73 width=35) (actual time=0.988..16992.118 rows=3248192 loops=1)
                                 Workers Planned: 4
                                 Workers Launched: 4
                                 ->  Nested Loop  (cost=1.31..314891.52 rows=18 width=35) (actual time=1.101..17765.143 rows=649638 loops=5)
                                       ->  Nested Loop  (cost=0.87..314829.92 rows=18 width=35) (actual time=1.047..12031.388 rows=649638 loops=5)
                                             ->  Nested Loop  (cost=0.43..106283.34 rows=60611 width=18) (actual time=0.587..804.935 rows=86650 loops=5)
                                                   ->  Parallel Seq Scan on part  (cost=0.00..47231.00 rows=15152 width=4) (actual time=0.153..175.820 rows=21662 loops=5)
                                                         Filter: ((p_name)::text ~~ '%navy%'::text)
                                                         Rows Removed by Filter: 378338
                                                   ->  Index Scan using idx_partsupp_partkey on partsupp  (cost=0.43..3.72 rows=18 width=14) (actual time=0.025..0.027 rows=4 loops=108312)
                                                         Index Cond: (ps_partkey = part.p_partkey)
                                             ->  Index Scan using idx_lineitem_part_supp on lineitem  (cost=0.44..3.43 rows=1 width=29) (actual time=0.020..0.127 rows=7 loops=433248)
                                                   Index Cond: ((l_partkey = partsupp.ps_partkey) AND (l_suppkey = partsupp.ps_suppkey))
                                       ->  Index Scan using orders_pkey on orders  (cost=0.43..3.42 rows=1 width=8) (actual time=0.008..0.008 rows=1 loops=3248192)
                                             Index Cond: (o_orderkey = lineitem.l_orderkey)
 Planning Time: 18.097 ms
 Execution Time: 1778630.231 ms
(42 rows)

query 10 run 1
SET
SET
SET
                                                                                            QUERY PLAN                                                                                            
--------------------------------------------------------------------------------------------------------------------------------------------------------------------------------------------------
 Limit  (cost=940328.68..940328.73 rows=20 width=201) (actual time=21754.416..21812.071 rows=20 loops=1)
   ->  Sort  (cost=940328.68..941736.94 rows=563304 width=201) (actual time=21754.415..21812.068 rows=20 loops=1)
         Sort Key: (sum((lineitem.l_extendedprice * ('1'::numeric - lineitem.l_discount)))) DESC
         Sort Method: top-N heapsort  Memory: 33kB
         ->  GroupAggregate  (cost=843809.76..925339.37 rows=563304 width=201) (actual time=20696.560..21690.193 rows=381205 loops=1)
               Group Key: customer.c_custkey, nation.n_name
               ->  Gather Merge  (cost=843809.76..911256.77 rows=563304 width=181) (actual time=20696.542..20977.760 rows=1145402 loops=1)
                     Workers Planned: 4
                     Workers Launched: 4
                     ->  Sort  (cost=842809.71..843161.77 rows=140826 width=181) (actual time=20673.638..20703.155 rows=229080 loops=5)
                           Sort Key: customer.c_custkey, nation.n_name
                           Sort Method: external merge  Disk: 43392kB
                           Worker 0:  Sort Method: external merge  Disk: 49872kB
                           Worker 1:  Sort Method: external merge  Disk: 42560kB
                           Worker 2:  Sort Method: external merge  Disk: 41704kB
                           Worker 3:  Sort Method: external merge  Disk: 41024kB
                           ->  Hash Join  (cost=787472.58..830766.58 rows=140826 width=181) (actual time=20177.687..20537.504 rows=229080 loops=5)
                                 Hash Cond: (customer.c_nationkey = nation.n_nationkey)
                                 ->  Parallel Hash Join  (cost=787471.01..830332.68 rows=140826 width=159) (actual time=20177.571..20487.514 rows=229080 loops=5)
                                       Hash Cond: (customer.c_custkey = orders.o_custkey)
                                       ->  Parallel Seq Scan on customer  (cost=0.00..39697.06 rows=375006 width=147) (actual time=0.578..143.919 rows=300000 loops=5)
                                       ->  Parallel Hash  (cost=785710.69..785710.69 rows=140826 width=16) (actual time=20175.896..20175.898 rows=229080 loops=5)
                                             Buckets: 2097152 (originally 1048576)  Batches: 1 (originally 1)  Memory Usage: 85184kB
                                             ->  Nested Loop  (cost=6568.28..785710.69 rows=140826 width=16) (actual time=140.881..20003.065 rows=229080 loops=5)
                                                   ->  Parallel Bitmap Heap Scan on orders  (cost=6567.72..269971.12 rows=142360 width=8) (actual time=140.314..4603.062 rows=114632 loops=5)
                                                         Recheck Cond: ((o_orderdate >= '1994-08-01'::date) AND (o_orderdate < '1994-11-01'::date))
                                                         Heap Blocks: exact=46728
                                                         ->  Bitmap Index Scan on idx_orders_orderdate  (cost=0.00..6425.36 rows=569442 width=0) (actual time=88.338..88.338 rows=573160 loops=1)
                                                               Index Cond: ((o_orderdate >= '1994-08-01'::date) AND (o_orderdate < '1994-11-01'::date))
                                                   ->  Index Scan using idx_lineitem_orderkey on lineitem  (cost=0.56..3.61 rows=1 width=16) (actual time=0.129..0.133 rows=2 loops=573160)
                                                         Index Cond: (l_orderkey = orders.o_orderkey)
                                                         Filter: (l_returnflag = 'R'::bpchar)
                                                         Rows Removed by Filter: 2
                                 ->  Hash  (cost=1.25..1.25 rows=25 width=30) (actual time=0.052..0.052 rows=25 loops=5)
                                       Buckets: 1024  Batches: 1  Memory Usage: 10kB
                                       ->  Seq Scan on nation  (cost=0.00..1.25 rows=25 width=30) (actual time=0.041..0.044 rows=25 loops=5)
 Planning Time: 22.142 ms
 Execution Time: 21818.974 ms
(38 rows)

SET
SET
SET
                                                                                            QUERY PLAN                                                                                            
--------------------------------------------------------------------------------------------------------------------------------------------------------------------------------------------------
 Limit  (cost=940328.68..940328.73 rows=20 width=201) (actual time=3726.048..3782.252 rows=20 loops=1)
   ->  Sort  (cost=940328.68..941736.94 rows=563304 width=201) (actual time=3726.046..3782.249 rows=20 loops=1)
         Sort Key: (sum((lineitem.l_extendedprice * ('1'::numeric - lineitem.l_discount)))) DESC
         Sort Method: top-N heapsort  Memory: 33kB
         ->  GroupAggregate  (cost=843809.76..925339.37 rows=563304 width=201) (actual time=2674.689..3661.119 rows=381205 loops=1)
               Group Key: customer.c_custkey, nation.n_name
               ->  Gather Merge  (cost=843809.76..911256.77 rows=563304 width=181) (actual time=2674.671..2952.491 rows=1145402 loops=1)
                     Workers Planned: 4
                     Workers Launched: 4
                     ->  Sort  (cost=842809.71..843161.77 rows=140826 width=181) (actual time=2654.020..2683.922 rows=229080 loops=5)
                           Sort Key: customer.c_custkey, nation.n_name
                           Sort Method: external merge  Disk: 45024kB
                           Worker 0:  Sort Method: external merge  Disk: 45744kB
                           Worker 1:  Sort Method: external merge  Disk: 44920kB
                           Worker 2:  Sort Method: external merge  Disk: 40976kB
                           Worker 3:  Sort Method: external merge  Disk: 41880kB
                           ->  Hash Join  (cost=787472.58..830766.58 rows=140826 width=181) (actual time=2234.735..2508.624 rows=229080 loops=5)
                                 Hash Cond: (customer.c_nationkey = nation.n_nationkey)
                                 ->  Parallel Hash Join  (cost=787471.01..830332.68 rows=140826 width=159) (actual time=2234.392..2456.626 rows=229080 loops=5)
                                       Hash Cond: (customer.c_custkey = orders.o_custkey)
                                       ->  Parallel Seq Scan on customer  (cost=0.00..39697.06 rows=375006 width=147) (actual time=0.029..63.424 rows=300000 loops=5)
                                       ->  Parallel Hash  (cost=785710.69..785710.69 rows=140826 width=16) (actual time=2232.715..2232.717 rows=229080 loops=5)
                                             Buckets: 2097152 (originally 1048576)  Batches: 1 (originally 1)  Memory Usage: 85152kB
                                             ->  Nested Loop  (cost=6568.28..785710.69 rows=140826 width=16) (actual time=137.194..2109.700 rows=229080 loops=5)
                                                   ->  Parallel Bitmap Heap Scan on orders  (cost=6567.72..269971.12 rows=142360 width=8) (actual time=137.119..486.491 rows=114632 loops=5)
                                                         Recheck Cond: ((o_orderdate >= '1994-08-01'::date) AND (o_orderdate < '1994-11-01'::date))
                                                         Heap Blocks: exact=48772
                                                         ->  Bitmap Index Scan on idx_orders_orderdate  (cost=0.00..6425.36 rows=569442 width=0) (actual time=85.019..85.019 rows=573160 loops=1)
                                                               Index Cond: ((o_orderdate >= '1994-08-01'::date) AND (o_orderdate < '1994-11-01'::date))
                                                   ->  Index Scan using idx_lineitem_orderkey on lineitem  (cost=0.56..3.61 rows=1 width=16) (actual time=0.013..0.014 rows=2 loops=573160)
                                                         Index Cond: (l_orderkey = orders.o_orderkey)
                                                         Filter: (l_returnflag = 'R'::bpchar)
                                                         Rows Removed by Filter: 2
                                 ->  Hash  (cost=1.25..1.25 rows=25 width=30) (actual time=0.025..0.025 rows=25 loops=5)
                                       Buckets: 1024  Batches: 1  Memory Usage: 10kB
                                       ->  Seq Scan on nation  (cost=0.00..1.25 rows=25 width=30) (actual time=0.014..0.017 rows=25 loops=5)
 Planning Time: 2.140 ms
 Execution Time: 3788.362 ms
(38 rows)

query 11 run 1
SET
SET
SET
                                                                                      QUERY PLAN                                                                                       
---------------------------------------------------------------------------------------------------------------------------------------------------------------------------------------
 Limit  (cost=470840.58..470840.59 rows=1 width=36) (actual time=2065.022..2065.162 rows=0 loops=1)
   InitPlan 1 (returns $2)
     ->  Finalize Aggregate  (cost=207436.33..207436.34 rows=1 width=32) (actual time=455.699..455.779 rows=1 loops=1)
           ->  Gather  (cost=207435.89..207436.30 rows=4 width=32) (actual time=455.593..455.768 rows=4 loops=1)
                 Workers Planned: 4
                 Workers Launched: 3
                 ->  Partial Aggregate  (cost=206435.89..206435.90 rows=1 width=32) (actual time=452.711..452.713 rows=1 loops=4)
                       ->  Hash Join  (cost=2311.46..205835.84 rows=80007 width=10) (actual time=4.254..428.136 rows=80200 loops=4)
                             Hash Cond: (partsupp_1.ps_suppkey = supplier_1.s_suppkey)
                             ->  Parallel Seq Scan on partsupp partsupp_1  (cost=0.00..195223.68 rows=2000168 width=14) (actual time=0.298..209.961 rows=2000000 loops=4)
                             ->  Hash  (cost=2261.46..2261.46 rows=4000 width=4) (actual time=3.885..3.886 rows=4010 loops=4)
                                   Buckets: 4096  Batches: 1  Memory Usage: 173kB
                                   ->  Nested Loop  (cost=37.29..2261.46 rows=4000 width=4) (actual time=0.510..3.337 rows=4010 loops=4)
                                         ->  Seq Scan on nation nation_1  (cost=0.00..1.31 rows=1 width=4) (actual time=0.016..0.019 rows=1 loops=4)
                                               Filter: (n_name = 'SAUDI ARABIA'::bpchar)
                                               Rows Removed by Filter: 24
                                         ->  Bitmap Heap Scan on supplier supplier_1  (cost=37.29..2220.15 rows=4000 width=8) (actual time=0.490..2.909 rows=4010 loops=4)
                                               Recheck Cond: (s_nationkey = nation_1.n_nationkey)
                                               Heap Blocks: exact=1869
                                               ->  Bitmap Index Scan on idx_supplier_nation_key  (cost=0.00..36.29 rows=4000 width=0) (actual time=0.297..0.297 rows=4010 loops=4)
                                                     Index Cond: (s_nationkey = nation_1.n_nationkey)
   ->  Sort  (cost=263404.25..263670.94 rows=106676 width=36) (actual time=2065.021..2065.081 rows=0 loops=1)
         Sort Key: (sum((partsupp.ps_supplycost * (partsupp.ps_availqty)::numeric))) DESC
         Sort Method: quicksort  Memory: 25kB
         ->  GroupAggregate  (cost=213351.60..262870.87 rows=106676 width=36) (actual time=2065.013..2065.072 rows=0 loops=1)
               Group Key: partsupp.ps_partkey
               Filter: (sum((partsupp.ps_supplycost * (partsupp.ps_availqty)::numeric)) > $2)
               Rows Removed by Filter: 301833
               ->  Gather Merge  (cost=213351.60..251669.92 rows=320027 width=14) (actual time=1361.719..1412.025 rows=320800 loops=1)
                     Workers Planned: 4
                     Workers Launched: 4
                     ->  Sort  (cost=212351.54..212551.56 rows=80007 width=14) (actual time=1353.601..1356.681 rows=64160 loops=5)
                           Sort Key: partsupp.ps_partkey
                           Sort Method: quicksort  Memory: 6269kB
                           Worker 0:  Sort Method: quicksort  Memory: 4068kB
                           Worker 1:  Sort Method: quicksort  Memory: 6145kB
                           Worker 2:  Sort Method: quicksort  Memory: 4368kB
                           Worker 3:  Sort Method: quicksort  Memory: 6478kB
                           ->  Hash Join  (cost=2311.46..205835.84 rows=80007 width=14) (actual time=55.586..1340.606 rows=64160 loops=5)
                                 Hash Cond: (partsupp.ps_suppkey = supplier.s_suppkey)
                                 ->  Parallel Seq Scan on partsupp  (cost=0.00..195223.68 rows=2000168 width=18) (actual time=0.241..1075.562 rows=1600000 loops=5)
                                 ->  Hash  (cost=2261.46..2261.46 rows=4000 width=4) (actual time=55.254..55.255 rows=4010 loops=5)
                                       Buckets: 4096  Batches: 1  Memory Usage: 173kB
                                       ->  Nested Loop  (cost=37.29..2261.46 rows=4000 width=4) (actual time=0.843..53.990 rows=4010 loops=5)
                                             ->  Seq Scan on nation  (cost=0.00..1.31 rows=1 width=4) (actual time=0.045..0.048 rows=1 loops=5)
                                                   Filter: (n_name = 'SAUDI ARABIA'::bpchar)
                                                   Rows Removed by Filter: 24
                                             ->  Bitmap Heap Scan on supplier  (cost=37.29..2220.15 rows=4000 width=8) (actual time=0.794..53.237 rows=4010 loops=5)
                                                   Recheck Cond: (s_nationkey = nation.n_nationkey)
                                                   Heap Blocks: exact=1869
                                                   ->  Bitmap Index Scan on idx_supplier_nation_key  (cost=0.00..36.29 rows=4000 width=0) (actual time=0.480..0.481 rows=4010 loops=5)
                                                         Index Cond: (s_nationkey = nation.n_nationkey)
 Planning Time: 14.563 ms
 Execution Time: 2066.485 ms
(54 rows)

SET
SET
SET
                                                                                      QUERY PLAN                                                                                       
---------------------------------------------------------------------------------------------------------------------------------------------------------------------------------------
 Limit  (cost=470840.58..470840.59 rows=1 width=36) (actual time=1170.501..1170.645 rows=0 loops=1)
   InitPlan 1 (returns $2)
     ->  Finalize Aggregate  (cost=207436.33..207436.34 rows=1 width=32) (actual time=455.002..455.086 rows=1 loops=1)
           ->  Gather  (cost=207435.89..207436.30 rows=4 width=32) (actual time=454.859..455.075 rows=4 loops=1)
                 Workers Planned: 4
                 Workers Launched: 3
                 ->  Partial Aggregate  (cost=206435.89..206435.90 rows=1 width=32) (actual time=451.986..451.989 rows=1 loops=4)
                       ->  Hash Join  (cost=2311.46..205835.84 rows=80007 width=10) (actual time=4.137..427.284 rows=80200 loops=4)
                             Hash Cond: (partsupp_1.ps_suppkey = supplier_1.s_suppkey)
                             ->  Parallel Seq Scan on partsupp partsupp_1  (cost=0.00..195223.68 rows=2000168 width=14) (actual time=0.031..209.364 rows=2000000 loops=4)
                             ->  Hash  (cost=2261.46..2261.46 rows=4000 width=4) (actual time=4.038..4.040 rows=4010 loops=4)
                                   Buckets: 4096  Batches: 1  Memory Usage: 173kB
                                   ->  Nested Loop  (cost=37.29..2261.46 rows=4000 width=4) (actual time=0.519..3.477 rows=4010 loops=4)
                                         ->  Seq Scan on nation nation_1  (cost=0.00..1.31 rows=1 width=4) (actual time=0.010..0.013 rows=1 loops=4)
                                               Filter: (n_name = 'SAUDI ARABIA'::bpchar)
                                               Rows Removed by Filter: 24
                                         ->  Bitmap Heap Scan on supplier supplier_1  (cost=37.29..2220.15 rows=4000 width=8) (actual time=0.505..3.047 rows=4010 loops=4)
                                               Recheck Cond: (s_nationkey = nation_1.n_nationkey)
                                               Heap Blocks: exact=1869
                                               ->  Bitmap Index Scan on idx_supplier_nation_key  (cost=0.00..36.29 rows=4000 width=0) (actual time=0.314..0.314 rows=4010 loops=4)
                                                     Index Cond: (s_nationkey = nation_1.n_nationkey)
   ->  Sort  (cost=263404.25..263670.94 rows=106676 width=36) (actual time=1170.500..1170.559 rows=0 loops=1)
         Sort Key: (sum((partsupp.ps_supplycost * (partsupp.ps_availqty)::numeric))) DESC
         Sort Method: quicksort  Memory: 25kB
         ->  GroupAggregate  (cost=213351.60..262870.87 rows=106676 width=36) (actual time=1170.492..1170.552 rows=0 loops=1)
               Group Key: partsupp.ps_partkey
               Filter: (sum((partsupp.ps_supplycost * (partsupp.ps_availqty)::numeric)) > $2)
               Rows Removed by Filter: 301833
               ->  Gather Merge  (cost=213351.60..251669.92 rows=320027 width=14) (actual time=468.243..518.214 rows=320800 loops=1)
                     Workers Planned: 4
                     Workers Launched: 4
                     ->  Sort  (cost=212351.54..212551.56 rows=80007 width=14) (actual time=463.877..466.946 rows=64160 loops=5)
                           Sort Key: partsupp.ps_partkey
                           Sort Method: quicksort  Memory: 6212kB
                           Worker 0:  Sort Method: quicksort  Memory: 4356kB
                           Worker 1:  Sort Method: quicksort  Memory: 6301kB
                           Worker 2:  Sort Method: quicksort  Memory: 4096kB
                           Worker 3:  Sort Method: quicksort  Memory: 6363kB
                           ->  Hash Join  (cost=2311.46..205835.84 rows=80007 width=14) (actual time=5.845..449.703 rows=64160 loops=5)
                                 Hash Cond: (partsupp.ps_suppkey = supplier.s_suppkey)
                                 ->  Parallel Seq Scan on partsupp  (cost=0.00..195223.68 rows=2000168 width=18) (actual time=0.030..230.060 rows=1600000 loops=5)
                                 ->  Hash  (cost=2261.46..2261.46 rows=4000 width=4) (actual time=5.728..5.730 rows=4010 loops=5)
                                       Buckets: 4096  Batches: 1  Memory Usage: 173kB
                                       ->  Nested Loop  (cost=37.29..2261.46 rows=4000 width=4) (actual time=1.039..4.357 rows=4010 loops=5)
                                             ->  Seq Scan on nation  (cost=0.00..1.31 rows=1 width=4) (actual time=0.011..0.014 rows=1 loops=5)
                                                   Filter: (n_name = 'SAUDI ARABIA'::bpchar)
                                                   Rows Removed by Filter: 24
                                             ->  Bitmap Heap Scan on supplier  (cost=37.29..2220.15 rows=4000 width=8) (actual time=1.025..3.923 rows=4010 loops=5)
                                                   Recheck Cond: (s_nationkey = nation.n_nationkey)
                                                   Heap Blocks: exact=1869
                                                   ->  Bitmap Index Scan on idx_supplier_nation_key  (cost=0.00..36.29 rows=4000 width=0) (actual time=0.833..0.833 rows=4010 loops=5)
                                                         Index Cond: (s_nationkey = nation.n_nationkey)
 Planning Time: 0.977 ms
 Execution Time: 1170.724 ms
(54 rows)

query 12 run 1
SET
SET
SET
                                                                                                                    QUERY PLAN                                                                                                                     
---------------------------------------------------------------------------------------------------------------------------------------------------------------------------------------------------------------------------------------------------
 Limit  (cost=1469564.10..1619161.48 rows=1 width=27) (actual time=18517.284..18518.278 rows=1 loops=1)
   ->  GroupAggregate  (cost=1469564.10..2516745.73 rows=7 width=27) (actual time=18517.283..18518.276 rows=1 loops=1)
         Group Key: lineitem.l_shipmode
         ->  Nested Loop  (cost=1469564.10..2511591.30 rows=294535 width=27) (actual time=8789.360..18420.211 rows=155572 loops=1)
               ->  Gather Merge  (cost=1469563.67..1504829.71 rows=294535 width=15) (actual time=8788.379..8872.813 rows=155572 loops=1)
                     Workers Planned: 4
                     Workers Launched: 4
                     ->  Sort  (cost=1468563.61..1468747.69 rows=73634 width=15) (actual time=8775.215..8778.424 rows=31988 loops=5)
                           Sort Key: lineitem.l_shipmode
                           Sort Method: quicksort  Memory: 4499kB
                           Worker 0:  Sort Method: quicksort  Memory: 4589kB
                           Worker 1:  Sort Method: quicksort  Memory: 4369kB
                           Worker 2:  Sort Method: quicksort  Memory: 4347kB
                           Worker 3:  Sort Method: quicksort  Memory: 4469kB
                           ->  Parallel Seq Scan on lineitem  (cost=0.00..1462611.00 rows=73634 width=15) (actual time=0.538..8756.125 rows=62252 loops=5)
                                 Filter: ((l_shipmode = ANY ('{SHIP,"REG AIR"}'::bpchar[])) AND (l_commitdate < l_receiptdate) AND (l_shipdate < l_commitdate) AND (l_receiptdate >= '1994-01-01'::date) AND (l_receiptdate < '1995-01-01'::date))
                                 Rows Removed by Filter: 11934959
               ->  Index Scan using orders_pkey on orders  (cost=0.43..3.42 rows=1 width=20) (actual time=0.060..0.060 rows=1 loops=155572)
                     Index Cond: (o_orderkey = lineitem.l_orderkey)
 Planning Time: 16.745 ms
 Execution Time: 18519.093 ms
(21 rows)

SET
SET
SET
                                                                                                                    QUERY PLAN                                                                                                                     
---------------------------------------------------------------------------------------------------------------------------------------------------------------------------------------------------------------------------------------------------
 Limit  (cost=1469564.10..1619161.48 rows=1 width=27) (actual time=4044.148..4045.248 rows=1 loops=1)
   ->  GroupAggregate  (cost=1469564.10..2516745.73 rows=7 width=27) (actual time=4044.147..4045.247 rows=1 loops=1)
         Group Key: lineitem.l_shipmode
         ->  Nested Loop  (cost=1469564.10..2511591.30 rows=294535 width=27) (actual time=3534.743..4004.205 rows=155572 loops=1)
               ->  Gather Merge  (cost=1469563.67..1504829.71 rows=294535 width=15) (actual time=3534.694..3574.212 rows=155572 loops=1)
                     Workers Planned: 4
                     Workers Launched: 4
                     ->  Sort  (cost=1468563.61..1468747.69 rows=73634 width=15) (actual time=3529.001..3531.057 rows=32126 loops=5)
                           Sort Key: lineitem.l_shipmode
                           Sort Method: quicksort  Memory: 4446kB
                           Worker 0:  Sort Method: quicksort  Memory: 4517kB
                           Worker 1:  Sort Method: quicksort  Memory: 4506kB
                           Worker 2:  Sort Method: quicksort  Memory: 4306kB
                           Worker 3:  Sort Method: quicksort  Memory: 4498kB
                           ->  Parallel Seq Scan on lineitem  (cost=0.00..1462611.00 rows=73634 width=15) (actual time=1.186..3510.824 rows=62252 loops=5)
                                 Filter: ((l_shipmode = ANY ('{SHIP,"REG AIR"}'::bpchar[])) AND (l_commitdate < l_receiptdate) AND (l_shipdate < l_commitdate) AND (l_receiptdate >= '1994-01-01'::date) AND (l_receiptdate < '1995-01-01'::date))
                                 Rows Removed by Filter: 11934959
               ->  Index Scan using orders_pkey on orders  (cost=0.43..3.42 rows=1 width=20) (actual time=0.002..0.002 rows=1 loops=155572)
                     Index Cond: (o_orderkey = lineitem.l_orderkey)
 Planning Time: 0.744 ms
 Execution Time: 4045.303 ms
(21 rows)

query 13 run 1
SET
SET
SET
                                                                                    QUERY PLAN                                                                                     
-----------------------------------------------------------------------------------------------------------------------------------------------------------------------------------
 Limit  (cost=1369884.27..1369884.27 rows=1 width=16) (actual time=17712.768..17712.771 rows=1 loops=1)
   ->  Sort  (cost=1369884.27..1369884.77 rows=200 width=16) (actual time=17712.767..17712.769 rows=1 loops=1)
         Sort Key: (count(*)) DESC, (count(orders.o_orderkey)) DESC
         Sort Method: top-N heapsort  Memory: 25kB
         ->  HashAggregate  (cost=1369881.27..1369883.27 rows=200 width=16) (actual time=17712.731..17712.739 rows=46 loops=1)
               Group Key: count(orders.o_orderkey)
               Batches: 1  Memory Usage: 40kB
               ->  HashAggregate  (cost=1215202.72..1347380.90 rows=1500025 width=12) (actual time=15146.282..17547.768 rows=1500000 loops=1)
                     Group Key: customer.c_custkey
                     Planned Partitions: 8  Batches: 9  Memory Usage: 32849kB  Disk Usage: 325144kB
                     ->  Hash Right Join  (cost=53285.12..664466.45 rows=14998775 width=8) (actual time=344.126..11295.753 rows=15337604 loops=1)
                           Hash Cond: (orders.o_custkey = customer.c_custkey)
                           ->  Seq Scan on orders  (cost=0.00..448771.44 rows=14998775 width=8) (actual time=0.722..5147.528 rows=14837583 loops=1)
                                 Filter: ((o_comment)::text !~~ '%special%requests%'::text)
                                 Rows Removed by Filter: 162417
                           ->  Hash  (cost=28674.80..28674.80 rows=1500025 width=4) (actual time=341.991..341.992 rows=1500000 loops=1)
                                 Buckets: 1048576  Batches: 4  Memory Usage: 21380kB
                                 ->  Index Only Scan using customer_pkey on customer  (cost=0.43..28674.80 rows=1500025 width=4) (actual time=0.046..156.177 rows=1500000 loops=1)
                                       Heap Fetches: 0
 Planning Time: 14.980 ms
 Execution Time: 17767.131 ms
(21 rows)

SET
SET
SET
                                                                                    QUERY PLAN                                                                                     
-----------------------------------------------------------------------------------------------------------------------------------------------------------------------------------
 Limit  (cost=1369884.27..1369884.27 rows=1 width=16) (actual time=17155.215..17155.218 rows=1 loops=1)
   ->  Sort  (cost=1369884.27..1369884.77 rows=200 width=16) (actual time=17155.214..17155.216 rows=1 loops=1)
         Sort Key: (count(*)) DESC, (count(orders.o_orderkey)) DESC
         Sort Method: top-N heapsort  Memory: 25kB
         ->  HashAggregate  (cost=1369881.27..1369883.27 rows=200 width=16) (actual time=17155.187..17155.195 rows=46 loops=1)
               Group Key: count(orders.o_orderkey)
               Batches: 1  Memory Usage: 40kB
               ->  HashAggregate  (cost=1215202.72..1347380.90 rows=1500025 width=12) (actual time=14579.177..16988.842 rows=1500000 loops=1)
                     Group Key: customer.c_custkey
                     Planned Partitions: 8  Batches: 9  Memory Usage: 32849kB  Disk Usage: 325144kB
                     ->  Hash Right Join  (cost=53285.12..664466.45 rows=14998775 width=8) (actual time=306.090..10736.548 rows=15337604 loops=1)
                           Hash Cond: (orders.o_custkey = customer.c_custkey)
                           ->  Seq Scan on orders  (cost=0.00..448771.44 rows=14998775 width=8) (actual time=0.033..4671.083 rows=14837583 loops=1)
                                 Filter: ((o_comment)::text !~~ '%special%requests%'::text)
                                 Rows Removed by Filter: 162417
                           ->  Hash  (cost=28674.80..28674.80 rows=1500025 width=4) (actual time=304.815..304.816 rows=1500000 loops=1)
                                 Buckets: 1048576  Batches: 4  Memory Usage: 21380kB
                                 ->  Index Only Scan using customer_pkey on customer  (cost=0.43..28674.80 rows=1500025 width=4) (actual time=0.020..124.510 rows=1500000 loops=1)
                                       Heap Fetches: 0
 Planning Time: 0.820 ms
 Execution Time: 17209.811 ms
(21 rows)

query 14 run 1
SET
SET
SET
                                                                                  QUERY PLAN                                                                                  
------------------------------------------------------------------------------------------------------------------------------------------------------------------------------
 Limit  (cost=873378.46..873378.47 rows=1 width=32) (actual time=8837.783..8882.829 rows=1 loops=1)
   ->  Finalize Aggregate  (cost=873378.46..873378.47 rows=1 width=32) (actual time=8837.781..8882.826 rows=1 loops=1)
         ->  Gather  (cost=873378.00..873378.41 rows=4 width=64) (actual time=8835.686..8882.805 rows=5 loops=1)
               Workers Planned: 4
               Workers Launched: 4
               ->  Partial Aggregate  (cost=872378.00..872378.01 rows=1 width=64) (actual time=8824.480..8824.482 rows=1 loops=5)
                     ->  Parallel Hash Join  (cost=65194.05..868840.86 rows=202122 width=33) (actual time=670.959..8671.808 rows=154588 loops=5)
                           Hash Cond: (lineitem.l_partkey = part.p_partkey)
                           ->  Parallel Bitmap Heap Scan on lineitem  (cost=12963.05..816079.29 rows=202122 width=16) (actual time=296.481..8128.164 rows=154588 loops=5)
                                 Recheck Cond: ((l_shipdate >= '1994-05-01'::date) AND (l_shipdate < '1994-06-01'::date))
                                 Heap Blocks: exact=83690
                                 ->  Bitmap Index Scan on idx_lineitem_shipdate  (cost=0.00..12760.93 rows=808486 width=0) (actual time=191.280..191.280 rows=772942 loops=1)
                                       Index Cond: ((l_shipdate >= '1994-05-01'::date) AND (l_shipdate < '1994-06-01'::date))
                           ->  Parallel Hash  (cost=45981.00..45981.00 rows=500000 width=25) (actual time=372.277..372.278 rows=400000 loops=5)
                                 Buckets: 2097152  Batches: 1  Memory Usage: 137312kB
                                 ->  Parallel Seq Scan on part  (cost=0.00..45981.00 rows=500000 width=25) (actual time=0.898..236.599 rows=400000 loops=5)
 Planning Time: 15.094 ms
 Execution Time: 8883.534 ms
(18 rows)

SET
SET
SET
                                                                                  QUERY PLAN                                                                                  
------------------------------------------------------------------------------------------------------------------------------------------------------------------------------
 Limit  (cost=873378.46..873378.47 rows=1 width=32) (actual time=1698.731..1754.682 rows=1 loops=1)
   ->  Finalize Aggregate  (cost=873378.46..873378.47 rows=1 width=32) (actual time=1698.729..1754.679 rows=1 loops=1)
         ->  Gather  (cost=873378.00..873378.41 rows=4 width=64) (actual time=1692.959..1754.653 rows=5 loops=1)
               Workers Planned: 4
               Workers Launched: 4
               ->  Partial Aggregate  (cost=872378.00..872378.01 rows=1 width=64) (actual time=1688.160..1688.163 rows=1 loops=5)
                     ->  Parallel Hash Join  (cost=65194.05..868840.86 rows=202122 width=33) (actual time=560.935..1590.319 rows=154588 loops=5)
                           Hash Cond: (lineitem.l_partkey = part.p_partkey)
                           ->  Parallel Bitmap Heap Scan on lineitem  (cost=12963.05..816079.29 rows=202122 width=16) (actual time=279.237..1178.305 rows=154588 loops=5)
                                 Recheck Cond: ((l_shipdate >= '1994-05-01'::date) AND (l_shipdate < '1994-06-01'::date))
                                 Heap Blocks: exact=90813
                                 ->  Bitmap Index Scan on idx_lineitem_shipdate  (cost=0.00..12760.93 rows=808486 width=0) (actual time=174.002..174.002 rows=772942 loops=1)
                                       Index Cond: ((l_shipdate >= '1994-05-01'::date) AND (l_shipdate < '1994-06-01'::date))
                           ->  Parallel Hash  (cost=45981.00..45981.00 rows=500000 width=25) (actual time=279.638..279.639 rows=400000 loops=5)
                                 Buckets: 2097152  Batches: 1  Memory Usage: 137280kB
                                 ->  Parallel Seq Scan on part  (cost=0.00..45981.00 rows=500000 width=25) (actual time=0.043..124.508 rows=400000 loops=5)
 Planning Time: 0.890 ms
 Execution Time: 1754.734 ms
(18 rows)

query 15 run 1
SET
SET
SET
CREATE VIEW
                                                                                       QUERY PLAN                                                                                       
----------------------------------------------------------------------------------------------------------------------------------------------------------------------------------------
 Limit  (cost=2719069.11..2719180.77 rows=1 width=103) (actual time=19907.585..19964.203 rows=1 loops=1)
   InitPlan 1 (returns $1)
     ->  Aggregate  (cost=1378519.60..1378519.61 rows=1 width=32) (actual time=2904.229..2913.240 rows=1 loops=1)
           ->  Finalize HashAggregate  (cost=1375966.45..1377243.03 rows=102126 width=36) (actual time=2848.730..2907.449 rows=100000 loops=1)
                 Group Key: lineitem_1.l_suppkey
                 Batches: 5  Memory Usage: 52273kB  Disk Usage: 1664kB
                 ->  Gather  (cost=1330775.70..1372902.67 rows=408504 width=36) (actual time=2482.152..2580.162 rows=398564 loops=1)
                       Workers Planned: 4
                       Workers Launched: 3
                       ->  Partial HashAggregate  (cost=1329775.70..1331052.27 rows=102126 width=36) (actual time=2478.475..2529.240 rows=99641 loops=4)
                             Group Key: lineitem_1.l_suppkey
                             Batches: 1  Memory Usage: 31761kB
                             Worker 0:  Batches: 1  Memory Usage: 31761kB
                             Worker 1:  Batches: 1  Memory Usage: 31761kB
                             Worker 2:  Batches: 1  Memory Usage: 31761kB
                             ->  Parallel Bitmap Heap Scan on lineitem lineitem_1  (cost=35239.34..1324281.12 rows=549458 width=16) (actual time=446.256..2036.535 rows=566428 loops=4)
                                   Recheck Cond: ((l_shipdate >= '1996-01-01'::date) AND (l_shipdate < '1996-04-01'::date))
                                   Rows Removed by Index Recheck: 3305913
                                   Heap Blocks: exact=110554 lossy=73280
                                   ->  Bitmap Index Scan on idx_lineitem_shipdate  (cost=0.00..34689.89 rows=2197832 width=0) (actual time=349.531..349.532 rows=2265714 loops=1)
                                         Index Cond: ((l_shipdate >= '1996-01-01'::date) AND (l_shipdate < '1996-04-01'::date))
   ->  Nested Loop  (cost=1340549.50..1397605.81 rows=511 width=103) (actual time=19907.584..19955.189 rows=1 loops=1)
         ->  Finalize GroupAggregate  (cost=1340549.21..1396354.79 rows=511 width=36) (actual time=19907.143..19954.747 rows=1 loops=1)
               Group Key: lineitem.l_suppkey
               Filter: (sum((lineitem.l_extendedprice * ('1'::numeric - lineitem.l_discount))) = $1)
               Rows Removed by Filter: 69997
               ->  Gather Merge  (cost=1340549.21..1389461.29 rows=408504 width=36) (actual time=16770.780..16882.029 rows=346139 loops=1)
                     Workers Planned: 4
                     Workers Launched: 4
                     ->  Sort  (cost=1339549.15..1339804.46 rows=102126 width=36) (actual time=16737.117..16744.670 rows=69769 loops=5)
                           Sort Key: lineitem.l_suppkey
                           Sort Method: quicksort  Memory: 10800kB
                           Worker 0:  Sort Method: quicksort  Memory: 10797kB
                           Worker 1:  Sort Method: quicksort  Memory: 10797kB
                           Worker 2:  Sort Method: quicksort  Memory: 10800kB
                           Worker 3:  Sort Method: quicksort  Memory: 10804kB
                           ->  Partial HashAggregate  (cost=1329775.70..1331052.27 rows=102126 width=36) (actual time=16643.648..16709.762 rows=98905 loops=5)
                                 Group Key: lineitem.l_suppkey
                                 Batches: 1  Memory Usage: 31761kB
                                 Worker 0:  Batches: 1  Memory Usage: 31761kB
                                 Worker 1:  Batches: 1  Memory Usage: 31761kB
                                 Worker 2:  Batches: 1  Memory Usage: 31761kB
                                 Worker 3:  Batches: 1  Memory Usage: 31761kB
                                 ->  Parallel Bitmap Heap Scan on lineitem  (cost=35239.34..1324281.12 rows=549458 width=16) (actual time=492.364..16139.853 rows=453143 loops=5)
                                       Recheck Cond: ((l_shipdate >= '1996-01-01'::date) AND (l_shipdate < '1996-04-01'::date))
                                       Rows Removed by Index Recheck: 2644730
                                       Heap Blocks: exact=79875 lossy=53553
                                       ->  Bitmap Index Scan on idx_lineitem_shipdate  (cost=0.00..34689.89 rows=2197832 width=0) (actual time=401.765..401.765 rows=2265714 loops=1)
                                             Index Cond: ((l_shipdate >= '1996-01-01'::date) AND (l_shipdate < '1996-04-01'::date))
         ->  Index Scan using supplier_pkey on supplier  (cost=0.29..2.44 rows=1 width=71) (actual time=0.435..0.435 rows=1 loops=1)
               Index Cond: (s_suppkey = lineitem.l_suppkey)
 Planning Time: 14.044 ms
 Execution Time: 19967.067 ms
(53 rows)

DROP VIEW
SET
SET
SET
CREATE VIEW
                                                                                       QUERY PLAN                                                                                       
----------------------------------------------------------------------------------------------------------------------------------------------------------------------------------------
 Limit  (cost=2719069.11..2719180.77 rows=1 width=103) (actual time=5912.288..5968.413 rows=1 loops=1)
   InitPlan 1 (returns $1)
     ->  Aggregate  (cost=1378519.60..1378519.61 rows=1 width=32) (actual time=2905.374..2915.767 rows=1 loops=1)
           ->  Finalize HashAggregate  (cost=1375966.45..1377243.03 rows=102126 width=36) (actual time=2857.523..2910.020 rows=100000 loops=1)
                 Group Key: lineitem_1.l_suppkey
                 Batches: 5  Memory Usage: 57393kB  Disk Usage: 656kB
                 ->  Gather  (cost=1330775.70..1372902.67 rows=408504 width=36) (actual time=2489.407..2589.445 rows=398551 loops=1)
                       Workers Planned: 4
                       Workers Launched: 3
                       ->  Partial HashAggregate  (cost=1329775.70..1331052.27 rows=102126 width=36) (actual time=2485.124..2537.862 rows=99638 loops=4)
                             Group Key: lineitem_1.l_suppkey
                             Batches: 1  Memory Usage: 31761kB
                             Worker 0:  Batches: 5  Memory Usage: 34865kB  Disk Usage: 200kB
                             Worker 1:  Batches: 1  Memory Usage: 31761kB
                             Worker 2:  Batches: 1  Memory Usage: 31761kB
                             ->  Parallel Bitmap Heap Scan on lineitem lineitem_1  (cost=35239.34..1324281.12 rows=549458 width=16) (actual time=447.738..2042.376 rows=566428 loops=4)
                                   Recheck Cond: ((l_shipdate >= '1996-01-01'::date) AND (l_shipdate < '1996-04-01'::date))
                                   Rows Removed by Index Recheck: 3305913
                                   Heap Blocks: exact=109896 lossy=73271
                                   ->  Bitmap Index Scan on idx_lineitem_shipdate  (cost=0.00..34689.89 rows=2197832 width=0) (actual time=351.922..351.922 rows=2265714 loops=1)
                                         Index Cond: ((l_shipdate >= '1996-01-01'::date) AND (l_shipdate < '1996-04-01'::date))
   ->  Nested Loop  (cost=1340549.50..1397605.81 rows=511 width=103) (actual time=5912.287..5958.018 rows=1 loops=1)
         ->  Finalize GroupAggregate  (cost=1340549.21..1396354.79 rows=511 width=36) (actual time=5912.242..5957.973 rows=1 loops=1)
               Group Key: lineitem.l_suppkey
               Filter: (sum((lineitem.l_extendedprice * ('1'::numeric - lineitem.l_discount))) = $1)
               Rows Removed by Filter: 69997
               ->  Gather Merge  (cost=1340549.21..1389461.29 rows=408504 width=36) (actual time=2774.937..2884.271 rows=345969 loops=1)
                     Workers Planned: 4
                     Workers Launched: 4
                     ->  Sort  (cost=1339549.15..1339804.46 rows=102126 width=36) (actual time=2741.474..2749.083 rows=69761 loops=5)
                           Sort Key: lineitem.l_suppkey
                           Sort Method: quicksort  Memory: 10817kB
                           Worker 0:  Sort Method: quicksort  Memory: 10758kB
                           Worker 1:  Sort Method: quicksort  Memory: 10839kB
                           Worker 2:  Sort Method: quicksort  Memory: 10784kB
                           Worker 3:  Sort Method: quicksort  Memory: 10779kB
                           ->  Partial HashAggregate  (cost=1329775.70..1331052.27 rows=102126 width=36) (actual time=2647.608..2715.669 rows=98854 loops=5)
                                 Group Key: lineitem.l_suppkey
                                 Batches: 1  Memory Usage: 31761kB
                                 Worker 0:  Batches: 5  Memory Usage: 34865kB  Disk Usage: 240kB
                                 Worker 1:  Batches: 1  Memory Usage: 31761kB
                                 Worker 2:  Batches: 1  Memory Usage: 31761kB
                                 Worker 3:  Batches: 1  Memory Usage: 31761kB
                                 ->  Parallel Bitmap Heap Scan on lineitem  (cost=35239.34..1324281.12 rows=549458 width=16) (actual time=458.091..2250.110 rows=453143 loops=5)
                                       Recheck Cond: ((l_shipdate >= '1996-01-01'::date) AND (l_shipdate < '1996-04-01'::date))
                                       Rows Removed by Index Recheck: 2644730
                                       Heap Blocks: exact=84389 lossy=56373
                                       ->  Bitmap Index Scan on idx_lineitem_shipdate  (cost=0.00..34689.89 rows=2197832 width=0) (actual time=363.731..363.731 rows=2265714 loops=1)
                                             Index Cond: ((l_shipdate >= '1996-01-01'::date) AND (l_shipdate < '1996-04-01'::date))
         ->  Index Scan using supplier_pkey on supplier  (cost=0.29..2.44 rows=1 width=71) (actual time=0.039..0.040 rows=1 loops=1)
               Index Cond: (s_suppkey = lineitem.l_suppkey)
 Planning Time: 1.034 ms
 Execution Time: 5970.510 ms
(53 rows)

DROP VIEW
query 16 run 1
SET
SET
SET
                                                                                            QUERY PLAN                                                                                            
--------------------------------------------------------------------------------------------------------------------------------------------------------------------------------------------------
 Limit  (cost=252411.96..252411.96 rows=1 width=44) (actual time=2540.659..2549.867 rows=1 loops=1)
   ->  Sort  (cost=252411.96..252797.78 rows=154327 width=44) (actual time=2540.658..2549.865 rows=1 loops=1)
         Sort Key: (count(DISTINCT partsupp.ps_suppkey)) DESC, part.p_brand, part.p_type, part.p_size
         Sort Method: top-N heapsort  Memory: 25kB
         ->  GroupAggregate  (cost=172311.54..251640.33 rows=154327 width=44) (actual time=1934.013..2542.842 rows=27838 loops=1)
               Group Key: part.p_brand, part.p_type, part.p_size
               ->  Gather Merge  (cost=172311.54..244101.32 rows=599574 width=40) (actual time=1933.955..2275.580 rows=1186319 loops=1)
                     Workers Planned: 4
                     Workers Launched: 4
                     ->  Sort  (cost=171311.48..171686.22 rows=149894 width=40) (actual time=1820.387..1840.273 rows=237264 loops=5)
                           Sort Key: part.p_brand, part.p_type, part.p_size
                           Sort Method: quicksort  Memory: 24220kB
                           Worker 0:  Sort Method: quicksort  Memory: 23420kB
                           Worker 1:  Sort Method: quicksort  Memory: 24585kB
                           Worker 2:  Sort Method: quicksort  Memory: 23896kB
                           Worker 3:  Sort Method: quicksort  Memory: 28701kB
                           ->  Parallel Hash Join  (cost=57889.21..158425.41 rows=149894 width=40) (actual time=370.585..1085.956 rows=237264 loops=5)
                                 Hash Cond: (partsupp.ps_partkey = part.p_partkey)
                                 ->  Parallel Index Only Scan using partsupp_pkey on partsupp  (cost=3471.46..101382.42 rows=1000084 width=8) (actual time=42.520..563.671 rows=1599104 loops=5)
                                       Filter: (NOT (hashed SubPlan 1))
                                       Rows Removed by Filter: 896
                                       Heap Fetches: 0
                                       SubPlan 1
                                         ->  Seq Scan on supplier  (cost=0.00..3471.00 rows=10 width=4) (actual time=0.565..41.548 rows=56 loops=5)
                                               Filter: ((s_comment)::text ~~ '%Customer%Complaints%'::text)
                                               Rows Removed by Filter: 99944
                                 ->  Parallel Hash  (cost=53481.01..53481.01 rows=74940 width=40) (actual time=327.343..327.343 rows=59347 loops=5)
                                       Buckets: 524288  Batches: 1  Memory Usage: 26400kB
                                       ->  Parallel Seq Scan on part  (cost=0.00..53481.01 rows=74940 width=40) (actual time=0.315..303.091 rows=59347 loops=5)
                                             Filter: ((p_brand <> 'Brand#12'::bpchar) AND ((p_type)::text !~~ 'SMALL BRUSHED%'::text) AND (p_size = ANY ('{12,32,36,26,40,34,49,9}'::integer[])))
                                             Rows Removed by Filter: 340653
 Planning Time: 17.014 ms
 Execution Time: 2550.540 ms
(33 rows)

SET
SET
SET
                                                                                            QUERY PLAN                                                                                            
--------------------------------------------------------------------------------------------------------------------------------------------------------------------------------------------------
 Limit  (cost=252411.96..252411.96 rows=1 width=44) (actual time=2226.460..2235.084 rows=1 loops=1)
   ->  Sort  (cost=252411.96..252797.78 rows=154327 width=44) (actual time=2226.458..2235.081 rows=1 loops=1)
         Sort Key: (count(DISTINCT partsupp.ps_suppkey)) DESC, part.p_brand, part.p_type, part.p_size
         Sort Method: top-N heapsort  Memory: 25kB
         ->  GroupAggregate  (cost=172311.54..251640.33 rows=154327 width=44) (actual time=1610.945..2228.066 rows=27838 loops=1)
               Group Key: part.p_brand, part.p_type, part.p_size
               ->  Gather Merge  (cost=172311.54..244101.32 rows=599574 width=40) (actual time=1610.887..1958.159 rows=1186319 loops=1)
                     Workers Planned: 4
                     Workers Launched: 4
                     ->  Sort  (cost=171311.48..171686.22 rows=149894 width=40) (actual time=1525.542..1545.525 rows=237264 loops=5)
                           Sort Key: part.p_brand, part.p_type, part.p_size
                           Sort Method: quicksort  Memory: 24199kB
                           Worker 0:  Sort Method: quicksort  Memory: 24407kB
                           Worker 1:  Sort Method: quicksort  Memory: 25724kB
                           Worker 2:  Sort Method: quicksort  Memory: 23603kB
                           Worker 3:  Sort Method: quicksort  Memory: 25472kB
                           ->  Parallel Hash Join  (cost=57889.21..158425.41 rows=149894 width=40) (actual time=193.970..788.672 rows=237264 loops=5)
                                 Hash Cond: (partsupp.ps_partkey = part.p_partkey)
                                 ->  Parallel Index Only Scan using partsupp_pkey on partsupp  (cost=3471.46..101382.42 rows=1000084 width=8) (actual time=28.483..415.313 rows=1599104 loops=5)
                                       Filter: (NOT (hashed SubPlan 1))
                                       Rows Removed by Filter: 896
                                       Heap Fetches: 0
                                       SubPlan 1
                                         ->  Seq Scan on supplier  (cost=0.00..3471.00 rows=10 width=4) (actual time=0.081..27.612 rows=56 loops=5)
                                               Filter: ((s_comment)::text ~~ '%Customer%Complaints%'::text)
                                               Rows Removed by Filter: 99944
                                 ->  Parallel Hash  (cost=53481.01..53481.01 rows=74940 width=40) (actual time=161.534..161.534 rows=59347 loops=5)
                                       Buckets: 524288  Batches: 1  Memory Usage: 26368kB
                                       ->  Parallel Seq Scan on part  (cost=0.00..53481.01 rows=74940 width=40) (actual time=0.013..132.168 rows=59347 loops=5)
                                             Filter: ((p_brand <> 'Brand#12'::bpchar) AND ((p_type)::text !~~ 'SMALL BRUSHED%'::text) AND (p_size = ANY ('{12,32,36,26,40,34,49,9}'::integer[])))
                                             Rows Removed by Filter: 340653
 Planning Time: 0.823 ms
 Execution Time: 2235.159 ms
(33 rows)

query 17 run 1
SET
SET
SET
                                                                                      QUERY PLAN                                                                                       
---------------------------------------------------------------------------------------------------------------------------------------------------------------------------------------
 Limit  (cost=3430271.72..3430271.73 rows=1 width=32) (actual time=27986.895..28065.249 rows=1 loops=1)
   ->  Aggregate  (cost=3430271.72..3430271.73 rows=1 width=32) (actual time=27986.894..28065.247 rows=1 loops=1)
         ->  Merge Join  (cost=2281472.21..3430222.33 rows=19752 width=8) (actual time=20551.335..28064.357 rows=5319 loops=1)
               Merge Cond: (lineitem_1.l_partkey = part.p_partkey)
               Join Filter: (lineitem.l_quantity < ((0.2 * avg(lineitem_1.l_quantity))))
               Rows Removed by Join Filter: 54632
               ->  Finalize GroupAggregate  (cost=2280471.28..3305189.27 rows=1955798 width=36) (actual time=20543.478..27884.892 rows=1999333 loops=1)
                     Group Key: lineitem_1.l_partkey
                     ->  Gather Merge  (cost=2280471.28..3217178.36 rows=7823192 width=36) (actual time=20543.458..22708.648 rows=9971690 loops=1)
                           Workers Planned: 4
                           Workers Launched: 4
                           ->  Sort  (cost=2279471.23..2284360.72 rows=1955798 width=36) (actual time=20152.356..20430.045 rows=1994865 loops=5)
                                 Sort Key: lineitem_1.l_partkey
                                 Sort Method: external merge  Disk: 103472kB
                                 Worker 0:  Sort Method: external merge  Disk: 103504kB
                                 Worker 1:  Sort Method: external merge  Disk: 103384kB
                                 Worker 2:  Sort Method: external merge  Disk: 103552kB
                                 Worker 3:  Sort Method: external merge  Disk: 103520kB
                                 ->  Partial HashAggregate  (cost=1869798.96..2040716.93 rows=1955798 width=36) (actual time=11977.152..19218.887 rows=1995003 loops=5)
                                       Group Key: lineitem_1.l_partkey
                                       Planned Partitions: 32  Batches: 33  Memory Usage: 35089kB  Disk Usage: 423144kB
                                       Worker 0:  Batches: 33  Memory Usage: 35089kB  Disk Usage: 423424kB
                                       Worker 1:  Batches: 33  Memory Usage: 35089kB  Disk Usage: 390808kB
                                       Worker 2:  Batches: 33  Memory Usage: 35089kB  Disk Usage: 454672kB
                                       Worker 3:  Batches: 33  Memory Usage: 33041kB  Disk Usage: 423664kB
                                       ->  Parallel Seq Scan on lineitem lineitem_1  (cost=0.00..1275128.78 rows=14998578 width=9) (actual time=0.164..5204.655 rows=11997210 loops=5)
               ->  Materialize  (cost=1000.93..99693.41 rows=60594 width=21) (actual time=5.314..61.281 rows=59951 loops=1)
                     ->  Gather Merge  (cost=1000.93..99541.93 rows=60594 width=21) (actual time=5.308..54.135 rows=59951 loops=1)
                           Workers Planned: 4
                           Workers Launched: 3
                           ->  Nested Loop  (cost=0.87..91324.54 rows=15148 width=21) (actual time=1.710..478.233 rows=14988 loops=4)
                                 ->  Parallel Index Scan using part_pkey on part  (cost=0.43..66712.44 rows=505 width=4) (actual time=0.749..194.970 rows=499 loops=4)
                                       Filter: ((p_brand = 'Brand#22'::bpchar) AND (p_container = 'LG BOX'::bpchar))
                                       Rows Removed by Filter: 499501
                                 ->  Index Scan using idx_lineitem_part_supp on lineitem  (cost=0.44..48.43 rows=31 width=17) (actual time=0.331..0.558 rows=30 loops=1996)
                                       Index Cond: (l_partkey = part.p_partkey)
 Planning Time: 14.738 ms
 Execution Time: 28130.310 ms
(38 rows)

SET
SET
SET
                                                                                      QUERY PLAN                                                                                       
---------------------------------------------------------------------------------------------------------------------------------------------------------------------------------------
 Limit  (cost=3430271.72..3430271.73 rows=1 width=32) (actual time=24663.838..24744.253 rows=1 loops=1)
   ->  Aggregate  (cost=3430271.72..3430271.73 rows=1 width=32) (actual time=24663.837..24744.251 rows=1 loops=1)
         ->  Merge Join  (cost=2281472.21..3430222.33 rows=19752 width=8) (actual time=17180.703..24743.514 rows=5319 loops=1)
               Merge Cond: (lineitem_1.l_partkey = part.p_partkey)
               Join Filter: (lineitem.l_quantity < ((0.2 * avg(lineitem_1.l_quantity))))
               Rows Removed by Join Filter: 54632
               ->  Finalize GroupAggregate  (cost=2280471.28..3305189.27 rows=1955798 width=36) (actual time=17174.423..24601.185 rows=1999333 loops=1)
                     Group Key: lineitem_1.l_partkey
                     ->  Gather Merge  (cost=2280471.28..3217178.36 rows=7823192 width=36) (actual time=17174.403..19328.799 rows=9972255 loops=1)
                           Workers Planned: 4
                           Workers Launched: 4
                           ->  Sort  (cost=2279471.23..2284360.72 rows=1955798 width=36) (actual time=16886.557..17161.978 rows=1994957 loops=5)
                                 Sort Key: lineitem_1.l_partkey
                                 Sort Method: external merge  Disk: 103440kB
                                 Worker 0:  Sort Method: external merge  Disk: 103504kB
                                 Worker 1:  Sort Method: external merge  Disk: 103520kB
                                 Worker 2:  Sort Method: external merge  Disk: 103496kB
                                 Worker 3:  Sort Method: external merge  Disk: 103512kB
                                 ->  Partial HashAggregate  (cost=1869798.96..2040716.93 rows=1955798 width=36) (actual time=8676.220..15938.400 rows=1995117 loops=5)
                                       Group Key: lineitem_1.l_partkey
                                       Planned Partitions: 32  Batches: 33  Memory Usage: 35089kB  Disk Usage: 422952kB
                                       Worker 0:  Batches: 33  Memory Usage: 35089kB  Disk Usage: 423392kB
                                       Worker 1:  Batches: 33  Memory Usage: 33041kB  Disk Usage: 423504kB
                                       Worker 2:  Batches: 33  Memory Usage: 35089kB  Disk Usage: 423312kB
                                       Worker 3:  Batches: 33  Memory Usage: 33041kB  Disk Usage: 423512kB
                                       ->  Parallel Seq Scan on lineitem lineitem_1  (cost=0.00..1275128.78 rows=14998578 width=9) (actual time=0.056..1557.973 rows=11997210 loops=5)
               ->  Materialize  (cost=1000.93..99693.41 rows=60594 width=21) (actual time=3.861..26.101 rows=59951 loops=1)
                     ->  Gather Merge  (cost=1000.93..99541.93 rows=60594 width=21) (actual time=3.856..19.159 rows=59951 loops=1)
                           Workers Planned: 4
                           Workers Launched: 3
                           ->  Nested Loop  (cost=0.87..91324.54 rows=15148 width=21) (actual time=0.215..120.199 rows=14988 loops=4)
                                 ->  Parallel Index Scan using part_pkey on part  (cost=0.43..66712.44 rows=505 width=4) (actual time=0.195..101.436 rows=499 loops=4)
                                       Filter: ((p_brand = 'Brand#22'::bpchar) AND (p_container = 'LG BOX'::bpchar))
                                       Rows Removed by Filter: 499501
                                 ->  Index Scan using idx_lineitem_part_supp on lineitem  (cost=0.44..48.43 rows=31 width=17) (actual time=0.004..0.033 rows=30 loops=1996)
                                       Index Cond: (l_partkey = part.p_partkey)
 Planning Time: 0.823 ms
 Execution Time: 24807.606 ms
(38 rows)

query 18 run 1
SET
SET
SET
                                                                                                 QUERY PLAN                                                                                                  
-------------------------------------------------------------------------------------------------------------------------------------------------------------------------------------------------------------
 Limit  (cost=8776378.29..8776378.54 rows=100 width=71) (actual time=40866.887..40866.900 rows=99 loops=1)
   ->  Sort  (cost=8776378.29..8826367.89 rows=19995842 width=71) (actual time=40866.886..40866.893 rows=99 loops=1)
         Sort Key: orders.o_totalprice DESC, orders.o_orderdate
         Sort Method: quicksort  Memory: 32kB
         ->  HashAggregate  (cost=7410714.15..8012151.59 rows=19995842 width=71) (actual time=40866.385..40866.802 rows=99 loops=1)
               Group Key: customer.c_custkey, orders.o_orderkey
               Planned Partitions: 256  Batches: 1  Memory Usage: 3121kB
               ->  Hash Join  (cost=78773.48..6333594.38 rows=19995842 width=44) (actual time=4265.834..40866.000 rows=693 loops=1)
                     Hash Cond: (orders.o_custkey = customer.c_custkey)
                     ->  Merge Join  (cost=285.92..5920445.59 rows=19995842 width=25) (actual time=974.076..40081.325 rows=693 loops=1)
                           Merge Cond: (orders.o_orderkey = lineitem.l_orderkey)
                           ->  Merge Join  (cost=1.00..3390504.56 rows=4999526 width=24) (actual time=743.138..28984.484 rows=99 loops=1)
                                 Merge Cond: (orders.o_orderkey = lineitem_1.l_orderkey)
                                 ->  Index Scan using orders_pkey on orders  (cost=0.43..547969.56 rows=15000275 width=20) (actual time=0.562..2979.803 rows=14982724 loops=1)
                                 ->  GroupAggregate  (cost=0.56..2692544.97 rows=4999526 width=4) (actual time=633.425..25115.579 rows=99 loops=1)
                                       Group Key: lineitem_1.l_orderkey
                                       Filter: (sum(lineitem_1.l_quantity) > '313'::numeric)
                                       Rows Removed by Filter: 14999901
                                       ->  Index Scan using idx_lineitem_orderkey on lineitem lineitem_1  (cost=0.56..2167594.75 rows=59994312 width=9) (actual time=0.574..12027.536 rows=59986052 loops=1)
                           ->  Index Scan using idx_lineitem_orderkey on lineitem  (cost=0.56..2167594.75 rows=59994312 width=9) (actual time=0.014..7687.398 rows=59916431 loops=1)
                     ->  Hash  (cost=50947.25..50947.25 rows=1500025 width=23) (actual time=675.065..675.065 rows=1500000 loops=1)
                           Buckets: 524288  Batches: 4  Memory Usage: 24623kB
                           ->  Seq Scan on customer  (cost=0.00..50947.25 rows=1500025 width=23) (actual time=0.874..420.319 rows=1500000 loops=1)
 Planning Time: 21.587 ms
 Execution Time: 40867.946 ms
(25 rows)

SET
SET
SET
                                                                                                 QUERY PLAN                                                                                                 
------------------------------------------------------------------------------------------------------------------------------------------------------------------------------------------------------------
 Limit  (cost=8776378.29..8776378.54 rows=100 width=71) (actual time=37749.300..37749.313 rows=99 loops=1)
   ->  Sort  (cost=8776378.29..8826367.89 rows=19995842 width=71) (actual time=37749.299..37749.306 rows=99 loops=1)
         Sort Key: orders.o_totalprice DESC, orders.o_orderdate
         Sort Method: quicksort  Memory: 32kB
         ->  HashAggregate  (cost=7410714.15..8012151.59 rows=19995842 width=71) (actual time=37748.807..37749.215 rows=99 loops=1)
               Group Key: customer.c_custkey, orders.o_orderkey
               Planned Partitions: 256  Batches: 1  Memory Usage: 3121kB
               ->  Hash Join  (cost=78773.48..6333594.38 rows=19995842 width=44) (actual time=3701.621..37748.437 rows=693 loops=1)
                     Hash Cond: (orders.o_custkey = customer.c_custkey)
                     ->  Merge Join  (cost=285.92..5920445.59 rows=19995842 width=25) (actual time=848.008..37099.838 rows=693 loops=1)
                           Merge Cond: (orders.o_orderkey = lineitem.l_orderkey)
                           ->  Merge Join  (cost=1.00..3390504.56 rows=4999526 width=24) (actual time=615.308..26026.840 rows=99 loops=1)
                                 Merge Cond: (orders.o_orderkey = lineitem_1.l_orderkey)
                                 ->  Index Scan using orders_pkey on orders  (cost=0.43..547969.56 rows=15000275 width=20) (actual time=0.023..2373.902 rows=14982724 loops=1)
                                 ->  GroupAggregate  (cost=0.56..2692544.97 rows=4999526 width=4) (actual time=535.436..22788.992 rows=99 loops=1)
                                       Group Key: lineitem_1.l_orderkey
                                       Filter: (sum(lineitem_1.l_quantity) > '313'::numeric)
                                       Rows Removed by Filter: 14999901
                                       ->  Index Scan using idx_lineitem_orderkey on lineitem lineitem_1  (cost=0.56..2167594.75 rows=59994312 width=9) (actual time=0.015..9664.295 rows=59986052 loops=1)
                           ->  Index Scan using idx_lineitem_orderkey on lineitem  (cost=0.56..2167594.75 rows=59994312 width=9) (actual time=0.014..7687.501 rows=59916431 loops=1)
                     ->  Hash  (cost=50947.25..50947.25 rows=1500025 width=23) (actual time=541.106..541.107 rows=1500000 loops=1)
                           Buckets: 524288  Batches: 4  Memory Usage: 24623kB
                           ->  Seq Scan on customer  (cost=0.00..50947.25 rows=1500025 width=23) (actual time=0.030..292.874 rows=1500000 loops=1)
 Planning Time: 1.752 ms
 Execution Time: 37750.053 ms
(25 rows)

query 19 run 1
SET
SET
SET
                                                                                                                                                                                                                                                                                                                                                                                                                                                                                                                  QUERY PLAN                                                                                                                                                                                                                                                                                                                                                                                                                                                                                                                  
----------------------------------------------------------------------------------------------------------------------------------------------------------------------------------------------------------------------------------------------------------------------------------------------------------------------------------------------------------------------------------------------------------------------------------------------------------------------------------------------------------------------------------------------------------------------------------------------------------------------------------------------------------------------------------------------------------------------------------------------------------------------------------------------------------------------------------------------------------------------------------------------------------------------------------------------------------------------------------------------------------------------------------------------
 Limit  (cost=124527.38..124527.39 rows=1 width=32) (actual time=4917.010..4926.500 rows=1 loops=1)
   ->  Finalize Aggregate  (cost=124527.38..124527.39 rows=1 width=32) (actual time=4917.009..4926.497 rows=1 loops=1)
         ->  Gather  (cost=124526.95..124527.36 rows=4 width=32) (actual time=4916.990..4926.484 rows=5 loops=1)
               Workers Planned: 4
               Workers Launched: 4
               ->  Partial Aggregate  (cost=123526.95..123526.96 rows=1 width=32) (actual time=4903.216..4903.217 rows=1 loops=5)
                     ->  Nested Loop  (cost=0.44..123524.77 rows=290 width=12) (actual time=37.721..4902.584 rows=213 loops=5)
                           ->  Parallel Seq Scan on part  (cost=0.00..62231.01 rows=1216 width=30) (actual time=0.457..186.158 rows=956 loops=5)
                                 Filter: ((p_size >= 1) AND (((p_brand = 'Brand#24'::bpchar) AND (p_container = ANY ('{"SM CASE","SM BOX","SM PACK","SM PKG"}'::bpchar[])) AND (p_size <= 5)) OR ((p_brand = 'Brand#43'::bpchar) AND (p_container = ANY ('{"MED BAG","MED BOX","MED PKG","MED PACK"}'::bpchar[])) AND (p_size <= 10)) OR ((p_brand = 'Brand#44'::bpchar) AND (p_container = ANY ('{"LG CASE","LG BOX","LG PACK","LG PKG"}'::bpchar[])) AND (p_size <= 15))))
                                 Rows Removed by Filter: 399044
                           ->  Index Scan using idx_lineitem_part_supp on lineitem  (cost=0.44..50.40 rows=1 width=21) (actual time=4.445..4.931 rows=0 loops=4781)
                                 Index Cond: (l_partkey = part.p_partkey)
                                 Filter: ((l_shipmode = ANY ('{AIR,"AIR REG"}'::bpchar[])) AND (l_shipinstruct = 'DELIVER IN PERSON'::bpchar) AND (((l_quantity >= '10'::numeric) AND (l_quantity <= '20'::numeric)) OR ((l_quantity >= '10'::numeric) AND (l_quantity <= '20'::numeric)) OR ((l_quantity >= '20'::numeric) AND (l_quantity <= '30'::numeric))) AND (((part.p_brand = 'Brand#24'::bpchar) AND (part.p_container = ANY ('{"SM CASE","SM BOX","SM PACK","SM PKG"}'::bpchar[])) AND (l_quantity >= '10'::numeric) AND (l_quantity <= '20'::numeric) AND (part.p_size <= 5)) OR ((part.p_brand = 'Brand#43'::bpchar) AND (part.p_container = ANY ('{"MED BAG","MED BOX","MED PKG","MED PACK"}'::bpchar[])) AND (l_quantity >= '10'::numeric) AND (l_quantity <= '20'::numeric) AND (part.p_size <= 10)) OR ((part.p_brand = 'Brand#44'::bpchar) AND (part.p_container = ANY ('{"LG CASE","LG BOX","LG PACK","LG PKG"}'::bpchar[])) AND (l_quantity >= '20'::numeric) AND (l_quantity <= '30'::numeric) AND (part.p_size <= 15))))
                                 Rows Removed by Filter: 30
 Planning Time: 18.129 ms
 Execution Time: 4927.766 ms
(16 rows)

SET
SET
SET
                                                                                                                                                                                                                                                                                                                                                                                                                                                                                                                  QUERY PLAN                                                                                                                                                                                                                                                                                                                                                                                                                                                                                                                  
----------------------------------------------------------------------------------------------------------------------------------------------------------------------------------------------------------------------------------------------------------------------------------------------------------------------------------------------------------------------------------------------------------------------------------------------------------------------------------------------------------------------------------------------------------------------------------------------------------------------------------------------------------------------------------------------------------------------------------------------------------------------------------------------------------------------------------------------------------------------------------------------------------------------------------------------------------------------------------------------------------------------------------------------
 Limit  (cost=124527.38..124527.39 rows=1 width=32) (actual time=220.475..246.772 rows=1 loops=1)
   ->  Finalize Aggregate  (cost=124527.38..124527.39 rows=1 width=32) (actual time=220.474..246.770 rows=1 loops=1)
         ->  Gather  (cost=124526.95..124527.36 rows=4 width=32) (actual time=217.172..246.754 rows=5 loops=1)
               Workers Planned: 4
               Workers Launched: 4
               ->  Partial Aggregate  (cost=123526.95..123526.96 rows=1 width=32) (actual time=212.482..212.483 rows=1 loops=5)
                     ->  Nested Loop  (cost=0.44..123524.77 rows=290 width=12) (actual time=0.698..212.299 rows=213 loops=5)
                           ->  Parallel Seq Scan on part  (cost=0.00..62231.01 rows=1216 width=30) (actual time=0.151..130.840 rows=956 loops=5)
                                 Filter: ((p_size >= 1) AND (((p_brand = 'Brand#24'::bpchar) AND (p_container = ANY ('{"SM CASE","SM BOX","SM PACK","SM PKG"}'::bpchar[])) AND (p_size <= 5)) OR ((p_brand = 'Brand#43'::bpchar) AND (p_container = ANY ('{"MED BAG","MED BOX","MED PKG","MED PACK"}'::bpchar[])) AND (p_size <= 10)) OR ((p_brand = 'Brand#44'::bpchar) AND (p_container = ANY ('{"LG CASE","LG BOX","LG PACK","LG PKG"}'::bpchar[])) AND (p_size <= 15))))
                                 Rows Removed by Filter: 399044
                           ->  Index Scan using idx_lineitem_part_supp on lineitem  (cost=0.44..50.40 rows=1 width=21) (actual time=0.075..0.084 rows=0 loops=4781)
                                 Index Cond: (l_partkey = part.p_partkey)
                                 Filter: ((l_shipmode = ANY ('{AIR,"AIR REG"}'::bpchar[])) AND (l_shipinstruct = 'DELIVER IN PERSON'::bpchar) AND (((l_quantity >= '10'::numeric) AND (l_quantity <= '20'::numeric)) OR ((l_quantity >= '10'::numeric) AND (l_quantity <= '20'::numeric)) OR ((l_quantity >= '20'::numeric) AND (l_quantity <= '30'::numeric))) AND (((part.p_brand = 'Brand#24'::bpchar) AND (part.p_container = ANY ('{"SM CASE","SM BOX","SM PACK","SM PKG"}'::bpchar[])) AND (l_quantity >= '10'::numeric) AND (l_quantity <= '20'::numeric) AND (part.p_size <= 5)) OR ((part.p_brand = 'Brand#43'::bpchar) AND (part.p_container = ANY ('{"MED BAG","MED BOX","MED PKG","MED PACK"}'::bpchar[])) AND (l_quantity >= '10'::numeric) AND (l_quantity <= '20'::numeric) AND (part.p_size <= 10)) OR ((part.p_brand = 'Brand#44'::bpchar) AND (part.p_container = ANY ('{"LG CASE","LG BOX","LG PACK","LG PKG"}'::bpchar[])) AND (l_quantity >= '20'::numeric) AND (l_quantity <= '30'::numeric) AND (part.p_size <= 15))))
                                 Rows Removed by Filter: 30
 Planning Time: 0.988 ms
 Execution Time: 246.828 ms
(16 rows)

query 20 run 1
SET
SET
SET
                                                                                    QUERY PLAN                                                                                     
-----------------------------------------------------------------------------------------------------------------------------------------------------------------------------------
 Limit  (cost=2443988.10..2687123.44 rows=1 width=51) (actual time=36802.140..36803.445 rows=1 loops=1)
   ->  Nested Loop Semi Join  (cost=2443988.10..2687123.44 rows=1 width=51) (actual time=36802.139..36803.443 rows=1 loops=1)
         Join Filter: (supplier.s_suppkey = lineitem.l_suppkey)
         Rows Removed by Join Filter: 12776
         ->  Gather Merge  (cost=4122.93..4578.81 rows=4000 width=55) (actual time=25.642..26.874 rows=1 loops=1)
               Workers Planned: 1
               Workers Launched: 1
               ->  Sort  (cost=3122.92..3128.80 rows=2353 width=55) (actual time=20.286..20.302 rows=358 loops=2)
                     Sort Key: supplier.s_name
                     Sort Method: quicksort  Memory: 425kB
                     Worker 0:  Sort Method: quicksort  Memory: 227kB
                     ->  Hash Join  (cost=1.32..2991.15 rows=2353 width=55) (actual time=0.298..18.859 rows=2048 loops=2)
                           Hash Cond: (supplier.s_nationkey = nation.n_nationkey)
                           ->  Parallel Seq Scan on supplier  (cost=0.00..2809.24 rows=58824 width=59) (actual time=0.159..13.998 rows=50000 loops=2)
                           ->  Hash  (cost=1.31..1.31 rows=1 width=4) (actual time=0.087..0.088 rows=1 loops=2)
                                 Buckets: 1024  Batches: 1  Memory Usage: 9kB
                                 ->  Seq Scan on nation  (cost=0.00..1.31 rows=1 width=4) (actual time=0.081..0.083 rows=1 loops=2)
                                       Filter: (n_name = 'IRAQ'::bpchar)
                                       Rows Removed by Filter: 24
         ->  Materialize  (cost=2439865.17..2682364.63 rows=3 width=8) (actual time=35369.701..36775.462 rows=12777 loops=1)
               ->  Hash Join  (cost=2439865.17..2682364.62 rows=3 width=8) (actual time=35369.697..36772.903 rows=12777 loops=1)
                     Hash Cond: ((lineitem.l_partkey = partsupp.ps_partkey) AND (lineitem.l_suppkey = partsupp.ps_suppkey))
                     Join Filter: ((partsupp.ps_availqty)::numeric > ((0.5 * sum(lineitem.l_quantity))))
                     Rows Removed by Join Filter: 26
                     ->  HashAggregate  (cost=2363399.73..2522045.01 rows=4791659 width=40) (actual time=33911.523..35141.193 rows=1183786 loops=1)
                           Group Key: lineitem.l_partkey, lineitem.l_suppkey
                           Planned Partitions: 64  Batches: 65  Memory Usage: 35345kB  Disk Usage: 388568kB
                           ->  Bitmap Heap Scan on lineitem  (cost=142457.28..1988898.68 rows=8885289 width=13) (actual time=1256.946..28993.510 rows=9123688 loops=1)
                                 Recheck Cond: ((l_shipdate >= '1996-01-01'::date) AND (l_shipdate < '1997-01-01'::date))
                                 Rows Removed by Index Recheck: 23164080
                                 Heap Blocks: exact=518099 lossy=530696
                                 ->  Bitmap Index Scan on idx_lineitem_shipdate  (cost=0.00..140235.96 rows=8885289 width=0) (actual time=1151.206..1151.206 rows=9123688 loops=1)
                                       Index Cond: ((l_shipdate >= '1996-01-01'::date) AND (l_shipdate < '1997-01-01'::date))
                     ->  Hash  (cost=75253.22..75253.22 rows=80815 width=16) (actual time=1457.776..1457.845 rows=86872 loops=1)
                           Buckets: 131072  Batches: 1  Memory Usage: 5097kB
                           ->  Gather  (cost=1000.43..75253.22 rows=80815 width=16) (actual time=1.605..1433.590 rows=86872 loops=1)
                                 Workers Planned: 4
                                 Workers Launched: 4
                                 ->  Nested Loop  (cost=0.43..66171.72 rows=20204 width=16) (actual time=1.076..1437.653 rows=17374 loops=5)
                                       ->  Parallel Seq Scan on part  (cost=0.00..47231.00 rows=5050 width=4) (actual time=0.358..164.928 rows=4344 loops=5)
                                             Filter: ((p_name)::text ~~ 'olive%'::text)
                                             Rows Removed by Filter: 395656
                                       ->  Index Scan using idx_partsupp_partkey on partsupp  (cost=0.43..3.57 rows=18 width=12) (actual time=0.270..0.291 rows=4 loops=21718)
                                             Index Cond: (ps_partkey = part.p_partkey)
 Planning Time: 21.758 ms
 Execution Time: 36850.561 ms
(46 rows)

SET
SET
SET
                                                                                    QUERY PLAN                                                                                     
-----------------------------------------------------------------------------------------------------------------------------------------------------------------------------------
 Limit  (cost=2443988.10..2687123.44 rows=1 width=51) (actual time=14664.152..14665.580 rows=1 loops=1)
   ->  Nested Loop Semi Join  (cost=2443988.10..2687123.44 rows=1 width=51) (actual time=14664.151..14665.578 rows=1 loops=1)
         Join Filter: (supplier.s_suppkey = lineitem.l_suppkey)
         Rows Removed by Join Filter: 12776
         ->  Gather Merge  (cost=4122.93..4578.81 rows=4000 width=55) (actual time=17.504..18.867 rows=1 loops=1)
               Workers Planned: 1
               Workers Launched: 1
               ->  Sort  (cost=3122.92..3128.80 rows=2353 width=55) (actual time=15.594..15.611 rows=358 loops=2)
                     Sort Key: supplier.s_name
                     Sort Method: quicksort  Memory: 384kB
                     Worker 0:  Sort Method: quicksort  Memory: 268kB
                     ->  Hash Join  (cost=1.32..2991.15 rows=2353 width=55) (actual time=0.108..14.170 rows=2048 loops=2)
                           Hash Cond: (supplier.s_nationkey = nation.n_nationkey)
                           ->  Parallel Seq Scan on supplier  (cost=0.00..2809.24 rows=58824 width=59) (actual time=0.024..9.368 rows=50000 loops=2)
                           ->  Hash  (cost=1.31..1.31 rows=1 width=4) (actual time=0.023..0.024 rows=1 loops=2)
                                 Buckets: 1024  Batches: 1  Memory Usage: 9kB
                                 ->  Seq Scan on nation  (cost=0.00..1.31 rows=1 width=4) (actual time=0.017..0.018 rows=1 loops=2)
                                       Filter: (n_name = 'IRAQ'::bpchar)
                                       Rows Removed by Filter: 24
         ->  Materialize  (cost=2439865.17..2682364.63 rows=3 width=8) (actual time=13237.485..14645.632 rows=12777 loops=1)
               ->  Hash Join  (cost=2439865.17..2682364.62 rows=3 width=8) (actual time=13237.481..14643.134 rows=12777 loops=1)
                     Hash Cond: ((lineitem.l_partkey = partsupp.ps_partkey) AND (lineitem.l_suppkey = partsupp.ps_suppkey))
                     Join Filter: ((partsupp.ps_availqty)::numeric > ((0.5 * sum(lineitem.l_quantity))))
                     Rows Removed by Join Filter: 26
                     ->  HashAggregate  (cost=2363399.73..2522045.01 rows=4791659 width=40) (actual time=13010.881..14244.181 rows=1183786 loops=1)
                           Group Key: lineitem.l_partkey, lineitem.l_suppkey
                           Planned Partitions: 64  Batches: 65  Memory Usage: 35345kB  Disk Usage: 388568kB
                           ->  Bitmap Heap Scan on lineitem  (cost=142457.28..1988898.68 rows=8885289 width=13) (actual time=1106.094..8977.089 rows=9123688 loops=1)
                                 Recheck Cond: ((l_shipdate >= '1996-01-01'::date) AND (l_shipdate < '1997-01-01'::date))
                                 Rows Removed by Index Recheck: 23164080
                                 Heap Blocks: exact=518099 lossy=530696
                                 ->  Bitmap Index Scan on idx_lineitem_shipdate  (cost=0.00..140235.96 rows=8885289 width=0) (actual time=1001.216..1001.216 rows=9123688 loops=1)
                                       Index Cond: ((l_shipdate >= '1996-01-01'::date) AND (l_shipdate < '1997-01-01'::date))
                     ->  Hash  (cost=75253.22..75253.22 rows=80815 width=16) (actual time=226.394..226.457 rows=86872 loops=1)
                           Buckets: 131072  Batches: 1  Memory Usage: 5097kB
                           ->  Gather  (cost=1000.43..75253.22 rows=80815 width=16) (actual time=0.567..206.510 rows=86872 loops=1)
                                 Workers Planned: 4
                                 Workers Launched: 4
                                 ->  Nested Loop  (cost=0.43..66171.72 rows=20204 width=16) (actual time=0.312..205.584 rows=17374 loops=5)
                                       ->  Parallel Seq Scan on part  (cost=0.00..47231.00 rows=5050 width=4) (actual time=0.063..94.499 rows=4344 loops=5)
                                             Filter: ((p_name)::text ~~ 'olive%'::text)
                                             Rows Removed by Filter: 395656
                                       ->  Index Scan using idx_partsupp_partkey on partsupp  (cost=0.43..3.57 rows=18 width=12) (actual time=0.023..0.024 rows=4 loops=21718)
                                             Index Cond: (ps_partkey = part.p_partkey)
 Planning Time: 2.068 ms
 Execution Time: 14716.736 ms
(46 rows)

query 21 run 1
SET
SET
SET
                                                                                           QUERY PLAN                                                                                           
------------------------------------------------------------------------------------------------------------------------------------------------------------------------------------------------
 Limit  (cost=1959612.68..1959612.69 rows=1 width=34) (actual time=13556.762..13576.715 rows=100 loops=1)
   ->  Sort  (cost=1959612.68..1959612.69 rows=1 width=34) (actual time=13556.761..13576.708 rows=100 loops=1)
         Sort Key: (count(*)) DESC, supplier.s_name
         Sort Method: top-N heapsort  Memory: 38kB
         ->  GroupAggregate  (cost=1959609.46..1959612.67 rows=1 width=34) (actual time=13065.924..13574.427 rows=3991 loops=1)
               Group Key: supplier.s_name
               ->  Nested Loop Semi Join  (cost=1959609.46..1959612.66 rows=1 width=26) (actual time=13065.775..13563.698 rows=39281 loops=1)
                     Join Filter: (l2.l_suppkey <> l1.l_suppkey)
                     Rows Removed by Join Filter: 42025
                     ->  Gather Merge  (cost=1959608.89..1959609.02 rows=1 width=38) (actual time=13065.719..13119.784 rows=65960 loops=1)
                           Workers Planned: 4
                           Workers Launched: 4
                           ->  Sort  (cost=1958608.83..1958608.84 rows=1 width=38) (actual time=13039.462..13041.348 rows=13192 loops=5)
                                 Sort Key: supplier.s_name
                                 Sort Method: quicksort  Memory: 1413kB
                                 Worker 0:  Sort Method: quicksort  Memory: 1420kB
                                 Worker 1:  Sort Method: quicksort  Memory: 1436kB
                                 Worker 2:  Sort Method: quicksort  Memory: 1427kB
                                 Worker 3:  Sort Method: quicksort  Memory: 1379kB
                                 ->  Nested Loop Anti Join  (cost=1337994.20..1958608.82 rows=1 width=38) (actual time=8746.451..12964.069 rows=13192 loops=5)
                                       ->  Parallel Hash Join  (cost=1337993.64..1653206.04 rows=95115 width=38) (actual time=8746.056..10398.927 rows=146197 loops=5)
                                             Hash Cond: (orders.o_orderkey = l1.l_orderkey)
                                             ->  Parallel Seq Scan on orders  (cost=0.00..308143.86 rows=1821534 width=4) (actual time=0.790..1135.007 rows=1461837 loops=5)
                                                   Filter: (o_orderstatus = 'F'::bpchar)
                                                   Rows Removed by Filter: 1538163
                                             ->  Parallel Hash  (cost=1335545.91..1335545.91 rows=195818 width=34) (actual time=8744.071..8744.371 rows=302853 loops=5)
                                                   Buckets: 2097152 (originally 1048576)  Batches: 1 (originally 1)  Memory Usage: 131424kB
                                                   ->  Parallel Hash Join  (cost=3020.56..1335545.91 rows=195818 width=34) (actual time=15.805..8570.820 rows=302853 loops=5)
                                                         Hash Cond: (l1.l_suppkey = supplier.s_suppkey)
                                                         ->  Parallel Seq Scan on lineitem l1  (cost=0.00..1312625.23 rows=4999526 width=8) (actual time=0.697..7693.030 rows=7585870 loops=5)
                                                               Filter: (l_receiptdate > l_commitdate)
                                                               Rows Removed by Filter: 4411341
                                                         ->  Parallel Hash  (cost=2991.15..2991.15 rows=2353 width=30) (actual time=14.898..14.900 rows=798 loops=5)
                                                               Buckets: 4096  Batches: 1  Memory Usage: 384kB
                                                               ->  Hash Join  (cost=1.32..2991.15 rows=2353 width=30) (actual time=0.130..14.429 rows=798 loops=5)
                                                                     Hash Cond: (supplier.s_nationkey = nation.n_nationkey)
                                                                     ->  Parallel Seq Scan on supplier  (cost=0.00..2809.24 rows=58824 width=34) (actual time=0.074..12.284 rows=20000 loops=5)
                                                                     ->  Hash  (cost=1.31..1.31 rows=1 width=4) (actual time=0.050..0.051 rows=1 loops=5)
                                                                           Buckets: 1024  Batches: 1  Memory Usage: 9kB
                                                                           ->  Seq Scan on nation  (cost=0.00..1.31 rows=1 width=4) (actual time=0.044..0.046 rows=1 loops=5)
                                                                                 Filter: (n_name = 'PERU'::bpchar)
                                                                                 Rows Removed by Filter: 24
                                       ->  Index Scan using idx_lineitem_orderkey on lineitem l3  (cost=0.56..3.64 rows=1 width=8) (actual time=0.017..0.017 rows=1 loops=730985)
                                             Index Cond: (l_orderkey = l1.l_orderkey)
                                             Filter: ((l_receiptdate > l_commitdate) AND (l_suppkey <> l1.l_suppkey))
                                             Rows Removed by Filter: 1
                     ->  Index Scan using idx_lineitem_orderkey on lineitem l2  (cost=0.56..3.62 rows=4 width=8) (actual time=0.006..0.006 rows=1 loops=65960)
                           Index Cond: (l_orderkey = orders.o_orderkey)
 Planning Time: 19.275 ms
 Execution Time: 13577.619 ms
(50 rows)

SET
SET
SET
                                                                                          QUERY PLAN                                                                                           
-----------------------------------------------------------------------------------------------------------------------------------------------------------------------------------------------
 Limit  (cost=1959612.68..1959612.69 rows=1 width=34) (actual time=7034.989..7058.087 rows=100 loops=1)
   ->  Sort  (cost=1959612.68..1959612.69 rows=1 width=34) (actual time=7034.988..7058.080 rows=100 loops=1)
         Sort Key: (count(*)) DESC, supplier.s_name
         Sort Method: top-N heapsort  Memory: 38kB
         ->  GroupAggregate  (cost=1959609.46..1959612.67 rows=1 width=34) (actual time=6558.257..7055.782 rows=3991 loops=1)
               Group Key: supplier.s_name
               ->  Nested Loop Semi Join  (cost=1959609.46..1959612.66 rows=1 width=26) (actual time=6558.117..7045.169 rows=39281 loops=1)
                     Join Filter: (l2.l_suppkey <> l1.l_suppkey)
                     Rows Removed by Join Filter: 42025
                     ->  Gather Merge  (cost=1959608.89..1959609.02 rows=1 width=38) (actual time=6558.070..6614.750 rows=65960 loops=1)
                           Workers Planned: 4
                           Workers Launched: 4
                           ->  Sort  (cost=1958608.83..1958608.84 rows=1 width=38) (actual time=6534.716..6536.656 rows=13192 loops=5)
                                 Sort Key: supplier.s_name
                                 Sort Method: quicksort  Memory: 1407kB
                                 Worker 0:  Sort Method: quicksort  Memory: 1407kB
                                 Worker 1:  Sort Method: quicksort  Memory: 1423kB
                                 Worker 2:  Sort Method: quicksort  Memory: 1414kB
                                 Worker 3:  Sort Method: quicksort  Memory: 1425kB
                                 ->  Nested Loop Anti Join  (cost=1337994.20..1958608.82 rows=1 width=38) (actual time=3870.792..6460.359 rows=13192 loops=5)
                                       ->  Parallel Hash Join  (cost=1337993.64..1653206.04 rows=95115 width=38) (actual time=3870.662..4864.275 rows=146197 loops=5)
                                             Hash Cond: (orders.o_orderkey = l1.l_orderkey)
                                             ->  Parallel Seq Scan on orders  (cost=0.00..308143.86 rows=1821534 width=4) (actual time=0.030..506.283 rows=1461837 loops=5)
                                                   Filter: (o_orderstatus = 'F'::bpchar)
                                                   Rows Removed by Filter: 1538163
                                             ->  Parallel Hash  (cost=1335545.91..1335545.91 rows=195818 width=34) (actual time=3869.358..3869.707 rows=302853 loops=5)
                                                   Buckets: 2097152 (originally 1048576)  Batches: 1 (originally 1)  Memory Usage: 131392kB
                                                   ->  Parallel Hash Join  (cost=3020.56..1335545.91 rows=195818 width=34) (actual time=11.469..3678.796 rows=302853 loops=5)
                                                         Hash Cond: (l1.l_suppkey = supplier.s_suppkey)
                                                         ->  Parallel Seq Scan on lineitem l1  (cost=0.00..1312625.23 rows=4999526 width=8) (actual time=0.035..2745.094 rows=7585870 loops=5)
                                                               Filter: (l_receiptdate > l_commitdate)
                                                               Rows Removed by Filter: 4411341
                                                         ->  Parallel Hash  (cost=2991.15..2991.15 rows=2353 width=30) (actual time=10.226..10.229 rows=798 loops=5)
                                                               Buckets: 4096  Batches: 1  Memory Usage: 352kB
                                                               ->  Hash Join  (cost=1.32..2991.15 rows=2353 width=30) (actual time=0.055..9.906 rows=798 loops=5)
                                                                     Hash Cond: (supplier.s_nationkey = nation.n_nationkey)
                                                                     ->  Parallel Seq Scan on supplier  (cost=0.00..2809.24 rows=58824 width=34) (actual time=0.024..7.127 rows=20000 loops=5)
                                                                     ->  Hash  (cost=1.31..1.31 rows=1 width=4) (actual time=0.021..0.022 rows=1 loops=5)
                                                                           Buckets: 1024  Batches: 1  Memory Usage: 9kB
                                                                           ->  Seq Scan on nation  (cost=0.00..1.31 rows=1 width=4) (actual time=0.016..0.017 rows=1 loops=5)
                                                                                 Filter: (n_name = 'PERU'::bpchar)
                                                                                 Rows Removed by Filter: 24
                                       ->  Index Scan using idx_lineitem_orderkey on lineitem l3  (cost=0.56..3.64 rows=1 width=8) (actual time=0.011..0.011 rows=1 loops=730985)
                                             Index Cond: (l_orderkey = l1.l_orderkey)
                                             Filter: ((l_receiptdate > l_commitdate) AND (l_suppkey <> l1.l_suppkey))
                                             Rows Removed by Filter: 1
                     ->  Index Scan using idx_lineitem_orderkey on lineitem l2  (cost=0.56..3.62 rows=4 width=8) (actual time=0.006..0.006 rows=1 loops=65960)
                           Index Cond: (l_orderkey = orders.o_orderkey)
 Planning Time: 2.728 ms
 Execution Time: 7058.194 ms
(50 rows)

query 22 run 1
SET
SET
SET
                                                                          QUERY PLAN                                                                          
--------------------------------------------------------------------------------------------------------------------------------------------------------------
 Limit  (cost=93877.26..93879.08 rows=1 width=72) (actual time=1765.298..1770.885 rows=1 loops=1)
   InitPlan 1 (returns $1)
     ->  Finalize Aggregate  (cost=46821.26..46821.27 rows=1 width=32) (actual time=347.821..347.918 rows=1 loops=1)
           ->  Gather  (cost=46820.83..46821.24 rows=4 width=32) (actual time=344.224..347.895 rows=5 loops=1)
                 Workers Planned: 4
                 Workers Launched: 4
                 ->  Partial Aggregate  (cost=45820.83..45820.84 rows=1 width=32) (actual time=337.301..337.302 rows=1 loops=5)
                       ->  Parallel Seq Scan on customer customer_1  (cost=0.00..45790.91 rows=11966 width=6) (actual time=0.219..329.375 rows=76485 loops=5)
                             Filter: ((c_acctbal > 0.00) AND ("substring"((c_phone)::text, 1, 2) = ANY ('{21,29,26,34,14,15,17}'::text[])))
                             Rows Removed by Filter: 223515
   ->  GroupAggregate  (cost=47055.99..59906.34 rows=7082 width=72) (actual time=1765.297..1770.785 rows=1 loops=1)
         Group Key: "substring"((customer.c_phone)::text, 1, 2)
         ->  Nested Loop Anti Join  (cost=47055.99..59729.29 rows=7082 width=38) (actual time=527.314..1764.881 rows=9006 loops=1)
               ->  Gather Merge  (cost=47055.55..49150.91 rows=17500 width=26) (actual time=526.683..548.792 rows=27130 loops=1)
                     Workers Planned: 4
                     Params Evaluated: $1
                     Workers Launched: 4
                     ->  Sort  (cost=46055.49..46066.43 rows=4375 width=26) (actual time=173.859..174.684 rows=6098 loops=5)
                           Sort Key: ("substring"((customer.c_phone)::text, 1, 2))
                           Sort Method: quicksort  Memory: 5379kB
                           Worker 0:  Sort Method: quicksort  Memory: 5237kB
                           Worker 1:  Sort Method: quicksort  Memory: 5253kB
                           Worker 2:  Sort Method: quicksort  Memory: 2592kB
                           Worker 3:  Sort Method: quicksort  Memory: 2617kB
                           ->  Parallel Seq Scan on customer  (cost=0.00..45790.91 rows=4375 width=26) (actual time=0.016..159.707 rows=38226 loops=5)
                                 Filter: ((c_acctbal > $1) AND ("substring"((c_phone)::text, 1, 2) = ANY ('{21,29,26,34,14,15,17}'::text[])))
                                 Rows Removed by Filter: 261774
               ->  Index Only Scan using idx_orders_custkey on orders  (cost=0.43..2.16 rows=17 width=4) (actual time=0.044..0.044 rows=1 loops=27130)
                     Index Cond: (o_custkey = customer.c_custkey)
                     Heap Fetches: 0
 Planning Time: 13.920 ms
 Execution Time: 1771.119 ms
(32 rows)

SET
SET
SET
                                                                          QUERY PLAN                                                                          
--------------------------------------------------------------------------------------------------------------------------------------------------------------
 Limit  (cost=93877.26..93879.08 rows=1 width=72) (actual time=457.659..464.107 rows=1 loops=1)
   InitPlan 1 (returns $1)
     ->  Finalize Aggregate  (cost=46821.26..46821.27 rows=1 width=32) (actual time=215.182..215.268 rows=1 loops=1)
           ->  Gather  (cost=46820.83..46821.24 rows=4 width=32) (actual time=212.393..215.249 rows=5 loops=1)
                 Workers Planned: 4
                 Workers Launched: 4
                 ->  Partial Aggregate  (cost=45820.83..45820.84 rows=1 width=32) (actual time=207.702..207.703 rows=1 loops=5)
                       ->  Parallel Seq Scan on customer customer_1  (cost=0.00..45790.91 rows=11966 width=6) (actual time=0.019..198.795 rows=76485 loops=5)
                             Filter: ((c_acctbal > 0.00) AND ("substring"((c_phone)::text, 1, 2) = ANY ('{21,29,26,34,14,15,17}'::text[])))
                             Rows Removed by Filter: 223515
   ->  GroupAggregate  (cost=47055.99..59906.34 rows=7082 width=72) (actual time=457.658..464.019 rows=1 loops=1)
         Group Key: "substring"((customer.c_phone)::text, 1, 2)
         ->  Nested Loop Anti Join  (cost=47055.99..59729.29 rows=7082 width=38) (actual time=390.408..462.059 rows=9006 loops=1)
               ->  Gather Merge  (cost=47055.55..49150.91 rows=17500 width=26) (actual time=390.335..403.871 rows=27128 loops=1)
                     Workers Planned: 4
                     Params Evaluated: $1
                     Workers Launched: 3
                     ->  Sort  (cost=46055.49..46066.43 rows=4375 width=26) (actual time=171.345..172.089 rows=7470 loops=4)
                           Sort Key: ("substring"((customer.c_phone)::text, 1, 2))
                           Sort Method: quicksort  Memory: 5583kB
                           Worker 0:  Sort Method: quicksort  Memory: 5151kB
                           Worker 1:  Sort Method: quicksort  Memory: 5158kB
                           Worker 2:  Sort Method: quicksort  Memory: 5187kB
                           ->  Parallel Seq Scan on customer  (cost=0.00..45790.91 rows=4375 width=26) (actual time=0.017..155.096 rows=47782 loops=4)
                                 Filter: ((c_acctbal > $1) AND ("substring"((c_phone)::text, 1, 2) = ANY ('{21,29,26,34,14,15,17}'::text[])))
                                 Rows Removed by Filter: 327218
               ->  Index Only Scan using idx_orders_custkey on orders  (cost=0.43..2.16 rows=17 width=4) (actual time=0.002..0.002 rows=1 loops=27128)
                     Index Cond: (o_custkey = customer.c_custkey)
                     Heap Fetches: 0
 Planning Time: 0.721 ms
 Execution Time: 464.168 ms
(31 rows)

