query 1 run 1
SET
SET
SET
                                           QUERY PLAN                                           
------------------------------------------------------------------------------------------------
 Limit  (cost=425002.13..425002.13 rows=1 width=236)
   ->  Sort  (cost=425002.13..425002.15 rows=6 width=236)
         Sort Key: l_returnflag, l_linestatus
         ->  HashAggregate  (cost=425001.94..425002.10 rows=6 width=236)
               Group Key: l_returnflag, l_linestatus
               ->  Seq Scan on lineitem  (cost=0.00..187582.98 rows=5935474 width=25)
                     Filter: (l_shipdate <= '1998-09-10 00:00:00'::timestamp without time zone)
(7 rows)

query 2 run 1
SET
SET
SET
                                                                 QUERY PLAN                                                                  
---------------------------------------------------------------------------------------------------------------------------------------------
 Limit  (cost=56078.40..56078.41 rows=1 width=192)
   ->  Sort  (cost=56078.40..56078.41 rows=1 width=192)
         Sort Key: supplier.s_acctbal DESC, nation.n_name, supplier.s_name, part.p_partkey
         ->  Hash Join  (cost=36849.01..56078.39 rows=1 width=192)
               Hash Cond: ((part.p_partkey = partsupp.ps_partkey) AND ((SubPlan 1) = partsupp.ps_supplycost))
               ->  Seq Scan on part  (cost=0.00..7099.00 rows=889 width=30)
                     Filter: (((p_type)::text ~~ '%NICKEL'::text) AND (p_size = 16))
               ->  Hash  (cost=30542.01..30542.01 rows=160000 width=172)
                     ->  Hash Join  (cost=408.01..30542.01 rows=160000 width=172)
                           Hash Cond: (partsupp.ps_suppkey = supplier.s_suppkey)
                           ->  Seq Scan on partsupp  (cost=0.00..25534.00 rows=800000 width=14)
                           ->  Hash  (cost=383.01..383.01 rows=2000 width=166)
                                 ->  Hash Join  (cost=2.51..383.01 rows=2000 width=166)
                                       Hash Cond: (supplier.s_nationkey = nation.n_nationkey)
                                       ->  Seq Scan on supplier  (cost=0.00..323.00 rows=10000 width=144)
                                       ->  Hash  (cost=2.45..2.45 rows=5 width=30)
                                             ->  Hash Join  (cost=1.07..2.45 rows=5 width=30)
                                                   Hash Cond: (nation.n_regionkey = region.r_regionkey)
                                                   ->  Seq Scan on nation  (cost=0.00..1.25 rows=25 width=34)
                                                   ->  Hash  (cost=1.06..1.06 rows=1 width=4)
                                                         ->  Seq Scan on region  (cost=0.00..1.06 rows=1 width=4)
                                                               Filter: (r_name = 'AMERICA'::bpchar)
               SubPlan 1
                 ->  Aggregate  (cost=18.44..18.45 rows=1 width=32)
                       ->  Nested Loop  (cost=0.85..18.44 rows=1 width=6)
                             Join Filter: (nation_1.n_regionkey = region_1.r_regionkey)
                             ->  Seq Scan on region region_1  (cost=0.00..1.06 rows=1 width=4)
                                   Filter: (r_name = 'AMERICA'::bpchar)
                             ->  Nested Loop  (cost=0.85..17.33 rows=4 width=10)
                                   ->  Nested Loop  (cost=0.71..16.71 rows=4 width=10)
                                         ->  Index Scan using idx_partsupp_partkey on partsupp partsupp_1  (cost=0.42..3.50 rows=4 width=10)
                                               Index Cond: (ps_partkey = part.p_partkey)
                                         ->  Index Scan using supplier_pkey on supplier supplier_1  (cost=0.29..3.30 rows=1 width=8)
                                               Index Cond: (s_suppkey = partsupp_1.ps_suppkey)
                                   ->  Index Scan using nation_pkey on nation nation_1  (cost=0.14..0.16 rows=1 width=8)
                                         Index Cond: (n_nationkey = supplier_1.s_nationkey)
(36 rows)

query 3 run 1
SET
SET
SET
                                                             QUERY PLAN                                                              
-------------------------------------------------------------------------------------------------------------------------------------
 Limit  (cost=302561.21..302561.24 rows=10 width=44)
   ->  Sort  (cost=302561.21..303367.06 rows=322339 width=44)
         Sort Key: (sum((lineitem.l_extendedprice * ('1'::numeric - lineitem.l_discount)))) DESC, orders.o_orderdate
         ->  GroupAggregate  (cost=285925.41..295595.58 rows=322339 width=44)
               Group Key: lineitem.l_orderkey, orders.o_orderdate, orders.o_shippriority
               ->  Sort  (cost=285925.41..286731.26 rows=322339 width=24)
                     Sort Key: lineitem.l_orderkey, orders.o_orderdate, orders.o_shippriority
                     ->  Hash Join  (cost=53386.39..256434.26 rows=322339 width=24)
                           Hash Cond: (lineitem.l_orderkey = orders.o_orderkey)
                           ->  Seq Scan on lineitem  (cost=0.00..187582.98 rows=3264402 width=16)
                                 Filter: (l_shipdate > '1995-03-07'::date)
                           ->  Hash  (cost=51534.38..51534.38 rows=148161 width=12)
                                 ->  Hash Join  (cost=14452.36..51534.38 rows=148161 width=12)
                                       Hash Cond: (orders.o_custkey = customer.c_custkey)
                                       ->  Bitmap Heap Scan on orders  (cost=8596.67..43778.06 rows=724031 width=16)
                                             Recheck Cond: (o_orderdate < '1995-03-07'::date)
                                             ->  Bitmap Index Scan on idx_orders_orderdate  (cost=0.00..8415.66 rows=724031 width=0)
                                                   Index Cond: (o_orderdate < '1995-03-07'::date)
                                       ->  Hash  (cost=5472.00..5472.00 rows=30695 width=4)
                                             ->  Seq Scan on customer  (cost=0.00..5472.00 rows=30695 width=4)
                                                   Filter: (c_mktsegment = 'BUILDING'::bpchar)
(21 rows)

query 4 run 1
SET
SET
SET
                                                        QUERY PLAN                                                        
--------------------------------------------------------------------------------------------------------------------------
 Limit  (cost=184339.00..184339.00 rows=1 width=24)
   ->  Sort  (cost=184339.00..184339.01 rows=5 width=24)
         Sort Key: orders.o_orderpriority
         ->  HashAggregate  (cost=184338.93..184338.98 rows=5 width=24)
               Group Key: orders.o_orderpriority
               ->  Nested Loop Semi Join  (cost=795.55..184062.49 rows=55287 width=16)
                     ->  Bitmap Heap Scan on orders  (cost=795.12..27755.42 rows=55287 width=20)
                           Recheck Cond: ((o_orderdate >= '1993-12-01'::date) AND (o_orderdate < '1994-03-01'::date))
                           ->  Bitmap Index Scan on idx_orders_orderdate  (cost=0.00..781.30 rows=55287 width=0)
                                 Index Cond: ((o_orderdate >= '1993-12-01'::date) AND (o_orderdate < '1994-03-01'::date))
                     ->  Index Scan using idx_lineitem_orderkey on lineitem  (cost=0.43..3.22 rows=1 width=4)
                           Index Cond: (l_orderkey = orders.o_orderkey)
                           Filter: (l_commitdate < l_receiptdate)
(13 rows)

query 5 run 1
SET
SET
SET
                                                                 QUERY PLAN                                                                 
--------------------------------------------------------------------------------------------------------------------------------------------
 Limit  (cost=190271.91..190271.92 rows=1 width=58)
   ->  Sort  (cost=190271.91..190271.98 rows=25 width=58)
         Sort Key: (sum((lineitem.l_extendedprice * ('1'::numeric - lineitem.l_discount)))) DESC
         ->  GroupAggregate  (cost=190180.26..190271.79 rows=25 width=58)
               Group Key: nation.n_name
               ->  Sort  (cost=190180.26..190198.51 rows=7297 width=38)
                     Sort Key: nation.n_name
                     ->  Hash Join  (cost=10092.06..189712.05 rows=7297 width=38)
                           Hash Cond: ((lineitem.l_suppkey = supplier.s_suppkey) AND (customer.c_nationkey = supplier.s_nationkey))
                           ->  Nested Loop  (cost=9619.06..188280.54 rows=182571 width=50)
                                 ->  Hash Join  (cost=9618.63..40485.07 rows=45643 width=38)
                                       Hash Cond: (orders.o_custkey = customer.c_custkey)
                                       ->  Bitmap Heap Scan on orders  (cost=3281.62..32835.83 rows=228214 width=8)
                                             Recheck Cond: ((o_orderdate >= '1993-01-01'::date) AND (o_orderdate < '1994-01-01'::date))
                                             ->  Bitmap Index Scan on idx_orders_orderdate  (cost=0.00..3224.57 rows=228214 width=0)
                                                   Index Cond: ((o_orderdate >= '1993-01-01'::date) AND (o_orderdate < '1994-01-01'::date))
                                       ->  Hash  (cost=5962.01..5962.01 rows=30000 width=38)
                                             ->  Hash Join  (cost=2.51..5962.01 rows=30000 width=38)
                                                   Hash Cond: (customer.c_nationkey = nation.n_nationkey)
                                                   ->  Seq Scan on customer  (cost=0.00..5097.00 rows=150000 width=8)
                                                   ->  Hash  (cost=2.45..2.45 rows=5 width=30)
                                                         ->  Hash Join  (cost=1.07..2.45 rows=5 width=30)
                                                               Hash Cond: (nation.n_regionkey = region.r_regionkey)
                                                               ->  Seq Scan on nation  (cost=0.00..1.25 rows=25 width=34)
                                                               ->  Hash  (cost=1.06..1.06 rows=1 width=4)
                                                                     ->  Seq Scan on region  (cost=0.00..1.06 rows=1 width=4)
                                                                           Filter: (r_name = 'AMERICA'::bpchar)
                                 ->  Index Scan using idx_lineitem_orderkey on lineitem  (cost=0.43..3.20 rows=4 width=20)
                                       Index Cond: (l_orderkey = orders.o_orderkey)
                           ->  Hash  (cost=323.00..323.00 rows=10000 width=8)
                                 ->  Seq Scan on supplier  (cost=0.00..323.00 rows=10000 width=8)
(31 rows)

query 6 run 1
SET
SET
SET
                                                                                                          QUERY PLAN                                                                                                           
-------------------------------------------------------------------------------------------------------------------------------------------------------------------------------------------------------------------------------
 Limit  (cost=106996.21..106996.22 rows=1 width=32)
   ->  Aggregate  (cost=106996.21..106996.22 rows=1 width=32)
         ->  Bitmap Heap Scan on lineitem  (cost=20893.57..106420.47 rows=115148 width=12)
               Recheck Cond: ((l_shipdate >= '1993-01-01'::date) AND (l_shipdate < '1994-01-01 00:00:00'::timestamp without time zone) AND (l_discount >= 0.06) AND (l_discount <= 0.08) AND (l_quantity < '25'::numeric))
               ->  Bitmap Index Scan on idx_lineitem_shipdate  (cost=0.00..20864.79 rows=115148 width=0)
                     Index Cond: ((l_shipdate >= '1993-01-01'::date) AND (l_shipdate < '1994-01-01 00:00:00'::timestamp without time zone) AND (l_discount >= 0.06) AND (l_discount <= 0.08) AND (l_quantity < '25'::numeric))
(6 rows)

query 7 run 1
SET
SET
SET
                                                                                 QUERY PLAN                                                                                  
-----------------------------------------------------------------------------------------------------------------------------------------------------------------------------
 Limit  (cost=235346.14..235346.18 rows=1 width=92)
   ->  GroupAggregate  (cost=235346.14..235562.20 rows=6173 width=92)
         Group Key: n1.n_name, n2.n_name, (date_part('year'::text, (lineitem.l_shipdate)::timestamp without time zone))
         ->  Sort  (cost=235346.14..235361.57 rows=6173 width=72)
               Sort Key: n1.n_name, n2.n_name, (date_part('year'::text, (lineitem.l_shipdate)::timestamp without time zone))
               ->  Hash Join  (cost=85287.75..234957.50 rows=6173 width=72)
                     Hash Cond: (lineitem.l_orderkey = orders.o_orderkey)
                     Join Filter: (((n1.n_name = 'PERU'::bpchar) AND (n2.n_name = 'MOROCCO'::bpchar)) OR ((n1.n_name = 'MOROCCO'::bpchar) AND (n2.n_name = 'PERU'::bpchar)))
                     ->  Hash Join  (cost=30122.85..178968.03 rows=148368 width=46)
                           Hash Cond: (lineitem.l_suppkey = supplier.s_suppkey)
                           ->  Bitmap Heap Scan on lineitem  (cost=29757.75..170158.95 rows=1856080 width=24)
                                 Recheck Cond: ((l_shipdate >= '1995-01-01'::date) AND (l_shipdate <= '1996-12-31'::date))
                                 ->  Bitmap Index Scan on idx_lineitem_shipdate  (cost=0.00..29293.73 rows=1856080 width=0)
                                       Index Cond: ((l_shipdate >= '1995-01-01'::date) AND (l_shipdate <= '1996-12-31'::date))
                           ->  Hash  (cost=355.10..355.10 rows=800 width=30)
                                 ->  Hash Join  (cost=1.40..355.10 rows=800 width=30)
                                       Hash Cond: (supplier.s_nationkey = n1.n_nationkey)
                                       ->  Seq Scan on supplier  (cost=0.00..323.00 rows=10000 width=8)
                                       ->  Hash  (cost=1.38..1.38 rows=2 width=30)
                                             ->  Seq Scan on nation n1  (cost=0.00..1.38 rows=2 width=30)
                                                   Filter: ((n_name = 'PERU'::bpchar) OR (n_name = 'MOROCCO'::bpchar))
                     ->  Hash  (cost=53664.90..53664.90 rows=120000 width=30)
                           ->  Hash Join  (cost=5708.90..53664.90 rows=120000 width=30)
                                 Hash Cond: (orders.o_custkey = customer.c_custkey)
                                 ->  Seq Scan on orders  (cost=0.00..41131.00 rows=1500000 width=8)
                                 ->  Hash  (cost=5558.90..5558.90 rows=12000 width=30)
                                       ->  Hash Join  (cost=1.40..5558.90 rows=12000 width=30)
                                             Hash Cond: (customer.c_nationkey = n2.n_nationkey)
                                             ->  Seq Scan on customer  (cost=0.00..5097.00 rows=150000 width=8)
                                             ->  Hash  (cost=1.38..1.38 rows=2 width=30)
                                                   ->  Seq Scan on nation n2  (cost=0.00..1.38 rows=2 width=30)
                                                         Filter: ((n_name = 'MOROCCO'::bpchar) OR (n_name = 'PERU'::bpchar))
(32 rows)

query 8 run 1
SET
SET
SET
                                                                   QUERY PLAN                                                                   
------------------------------------------------------------------------------------------------------------------------------------------------
 Limit  (cost=115330.03..115330.08 rows=1 width=40)
   ->  GroupAggregate  (cost=115330.03..115437.94 rows=2398 width=40)
         Group Key: (date_part('year'::text, (orders.o_orderdate)::timestamp without time zone))
         ->  Sort  (cost=115330.03..115336.03 rows=2398 width=46)
               Sort Key: (date_part('year'::text, (orders.o_orderdate)::timestamp without time zone))
               ->  Hash Join  (cost=80365.07..115195.41 rows=2398 width=46)
                     Hash Cond: (supplier.s_nationkey = n2.n_nationkey)
                     ->  Hash Join  (cost=80363.51..115174.50 rows=2398 width=20)
                           Hash Cond: (lineitem.l_suppkey = supplier.s_suppkey)
                           ->  Hash Join  (cost=79915.51..114720.20 rows=2400 width=20)
                                 Hash Cond: (orders.o_custkey = customer.c_custkey)
                                 ->  Hash Join  (cost=73578.50..108314.19 rows=12001 width=24)
                                       Hash Cond: (orders.o_orderkey = lineitem.l_orderkey)
                                       ->  Bitmap Heap Scan on orders  (cost=6504.72..39423.46 rows=452516 width=12)
                                             Recheck Cond: ((o_orderdate >= '1995-01-01'::date) AND (o_orderdate <= '1996-12-31'::date))
                                             ->  Bitmap Index Scan on idx_orders_orderdate  (cost=0.00..6391.59 rows=452516 width=0)
                                                   Index Cond: ((o_orderdate >= '1995-01-01'::date) AND (o_orderdate <= '1996-12-31'::date))
                                       ->  Hash  (cost=66576.39..66576.39 rows=39792 width=20)
                                             ->  Nested Loop  (cost=0.43..66576.39 rows=39792 width=20)
                                                   ->  Seq Scan on part  (cost=0.00..6599.00 rows=1326 width=4)
                                                         Filter: ((p_type)::text = 'LARGE POLISHED BRASS'::text)
                                                   ->  Index Scan using idx_lineitem_part_supp on lineitem  (cost=0.43..44.92 rows=31 width=24)
                                                         Index Cond: (l_partkey = part.p_partkey)
                                 ->  Hash  (cost=5962.01..5962.01 rows=30000 width=4)
                                       ->  Hash Join  (cost=2.51..5962.01 rows=30000 width=4)
                                             Hash Cond: (customer.c_nationkey = n1.n_nationkey)
                                             ->  Seq Scan on customer  (cost=0.00..5097.00 rows=150000 width=8)
                                             ->  Hash  (cost=2.45..2.45 rows=5 width=4)
                                                   ->  Hash Join  (cost=1.07..2.45 rows=5 width=4)
                                                         Hash Cond: (n1.n_regionkey = region.r_regionkey)
                                                         ->  Seq Scan on nation n1  (cost=0.00..1.25 rows=25 width=8)
                                                         ->  Hash  (cost=1.06..1.06 rows=1 width=4)
                                                               ->  Seq Scan on region  (cost=0.00..1.06 rows=1 width=4)
                                                                     Filter: (r_name = 'AMERICA'::bpchar)
                           ->  Hash  (cost=323.00..323.00 rows=10000 width=8)
                                 ->  Seq Scan on supplier  (cost=0.00..323.00 rows=10000 width=8)
                     ->  Hash  (cost=1.25..1.25 rows=25 width=30)
                           ->  Seq Scan on nation n2  (cost=0.00..1.25 rows=25 width=30)
(38 rows)

query 9 run 1
SET
SET
SET
                                                            QUERY PLAN                                                             
-----------------------------------------------------------------------------------------------------------------------------------
 Limit  (cost=241667.24..241667.28 rows=1 width=66)
   ->  GroupAggregate  (cost=241667.24..241674.55 rows=195 width=66)
         Group Key: nation.n_name, (date_part('year'::text, (orders.o_orderdate)::timestamp without time zone))
         ->  Sort  (cost=241667.24..241667.73 rows=195 width=57)
               Sort Key: nation.n_name, (date_part('year'::text, (orders.o_orderdate)::timestamp without time zone)) DESC
               ->  Nested Loop  (cost=6802.17..241659.82 rows=195 width=57)
                     Join Filter: (supplier.s_nationkey = nation.n_nationkey)
                     ->  Nested Loop  (cost=6802.17..241587.18 rows=195 width=31)
                           ->  Nested Loop  (cost=6801.74..240973.65 rows=195 width=31)
                                 ->  Nested Loop  (cost=6801.46..240398.83 rows=195 width=35)
                                       ->  Hash Join  (cost=6801.02..34435.07 rows=64648 width=18)
                                             Hash Cond: (partsupp.ps_partkey = part.p_partkey)
                                             ->  Seq Scan on partsupp  (cost=0.00..25534.00 rows=800000 width=14)
                                             ->  Hash  (cost=6599.00..6599.00 rows=16162 width=4)
                                                   ->  Seq Scan on part  (cost=0.00..6599.00 rows=16162 width=4)
                                                         Filter: ((p_name)::text ~~ '%navy%'::text)
                                       ->  Index Scan using idx_lineitem_part_supp on lineitem  (cost=0.43..3.18 rows=1 width=29)
                                             Index Cond: ((l_partkey = partsupp.ps_partkey) AND (l_suppkey = partsupp.ps_suppkey))
                                 ->  Index Scan using supplier_pkey on supplier  (cost=0.29..2.95 rows=1 width=8)
                                       Index Cond: (s_suppkey = lineitem.l_suppkey)
                           ->  Index Scan using orders_pkey on orders  (cost=0.43..3.15 rows=1 width=8)
                                 Index Cond: (o_orderkey = lineitem.l_orderkey)
                     ->  Materialize  (cost=0.00..1.38 rows=25 width=30)
                           ->  Seq Scan on nation  (cost=0.00..1.25 rows=25 width=30)
(24 rows)

query 10 run 1
SET
SET
SET
                                                              QUERY PLAN                                                              
--------------------------------------------------------------------------------------------------------------------------------------
 Limit  (cost=225200.87..225200.92 rows=20 width=202)
   ->  Sort  (cost=225200.87..225342.99 rows=56850 width=202)
         Sort Key: (sum((lineitem.l_extendedprice * ('1'::numeric - lineitem.l_discount)))) DESC
         ->  HashAggregate  (cost=222977.48..223688.11 rows=56850 width=202)
               Group Key: customer.c_custkey, nation.n_name
               ->  Hash Join  (cost=7807.98..222266.86 rows=56850 width=182)
                     Hash Cond: (customer.c_nationkey = nation.n_nationkey)
                     ->  Hash Join  (cost=7806.42..222090.77 rows=56850 width=160)
                           Hash Cond: (orders.o_custkey = customer.c_custkey)
                           ->  Nested Loop  (cost=834.42..214969.53 rows=56850 width=16)
                                 ->  Bitmap Heap Scan on orders  (cost=833.98..27833.60 rows=57908 width=8)
                                       Recheck Cond: ((o_orderdate >= '1994-08-01'::date) AND (o_orderdate < '1994-11-01'::date))
                                       ->  Bitmap Index Scan on idx_orders_orderdate  (cost=0.00..819.51 rows=57908 width=0)
                                             Index Cond: ((o_orderdate >= '1994-08-01'::date) AND (o_orderdate < '1994-11-01'::date))
                                 ->  Index Scan using idx_lineitem_orderkey on lineitem  (cost=0.43..3.22 rows=1 width=16)
                                       Index Cond: (l_orderkey = orders.o_orderkey)
                                       Filter: (l_returnflag = 'R'::bpchar)
                           ->  Hash  (cost=5097.00..5097.00 rows=150000 width=148)
                                 ->  Seq Scan on customer  (cost=0.00..5097.00 rows=150000 width=148)
                     ->  Hash  (cost=1.25..1.25 rows=25 width=30)
                           ->  Seq Scan on nation  (cost=0.00..1.25 rows=25 width=30)
(21 rows)

query 11 run 1
SET
SET
SET
                                                      QUERY PLAN                                                       
-----------------------------------------------------------------------------------------------------------------------
 Limit  (cost=22727.82..22727.82 rows=1 width=36)
   InitPlan 1 (returns $2)
     ->  Aggregate  (cost=10897.24..10897.25 rows=1 width=32)
           ->  Nested Loop  (cost=6.81..10657.23 rows=32000 width=10)
                 ->  Nested Loop  (cost=6.38..230.58 rows=400 width=4)
                       ->  Seq Scan on nation nation_1  (cost=0.00..1.31 rows=1 width=4)
                             Filter: (n_name = 'SAUDI ARABIA'::bpchar)
                       ->  Bitmap Heap Scan on supplier supplier_1  (cost=6.38..225.26 rows=400 width=8)
                             Recheck Cond: (s_nationkey = nation_1.n_nationkey)
                             ->  Bitmap Index Scan on idx_supplier_nation_key  (cost=0.00..6.29 rows=400 width=0)
                                   Index Cond: (s_nationkey = nation_1.n_nationkey)
                 ->  Index Scan using idx_partsupp_suppkey on partsupp partsupp_1  (cost=0.42..25.27 rows=80 width=14)
                       Index Cond: (ps_suppkey = supplier_1.s_suppkey)
   ->  Sort  (cost=11830.57..11857.24 rows=10667 width=36)
         Sort Key: (sum((partsupp.ps_supplycost * (partsupp.ps_availqty)::numeric))) DESC
         ->  HashAggregate  (cost=11217.23..11777.23 rows=10667 width=36)
               Group Key: partsupp.ps_partkey
               Filter: (sum((partsupp.ps_supplycost * (partsupp.ps_availqty)::numeric)) > $2)
               ->  Nested Loop  (cost=6.81..10657.23 rows=32000 width=14)
                     ->  Nested Loop  (cost=6.38..230.58 rows=400 width=4)
                           ->  Seq Scan on nation  (cost=0.00..1.31 rows=1 width=4)
                                 Filter: (n_name = 'SAUDI ARABIA'::bpchar)
                           ->  Bitmap Heap Scan on supplier  (cost=6.38..225.26 rows=400 width=8)
                                 Recheck Cond: (s_nationkey = nation.n_nationkey)
                                 ->  Bitmap Index Scan on idx_supplier_nation_key  (cost=0.00..6.29 rows=400 width=0)
                                       Index Cond: (s_nationkey = nation.n_nationkey)
                     ->  Index Scan using idx_partsupp_suppkey on partsupp  (cost=0.42..25.27 rows=80 width=18)
                           Index Cond: (ps_suppkey = supplier.s_suppkey)
(28 rows)

query 12 run 1
SET
SET
SET
                                                                                                                    QUERY PLAN                                                                                                                     
---------------------------------------------------------------------------------------------------------------------------------------------------------------------------------------------------------------------------------------------------
 Limit  (cost=302841.97..302926.42 rows=1 width=27)
   ->  GroupAggregate  (cost=302841.97..303433.12 rows=7 width=27)
         Group Key: lineitem.l_shipmode
         ->  Sort  (cost=302841.97..302915.86 rows=29554 width=27)
               Sort Key: lineitem.l_shipmode
               ->  Hash Join  (cost=247970.89..300647.43 rows=29554 width=27)
                     Hash Cond: (orders.o_orderkey = lineitem.l_orderkey)
                     ->  Seq Scan on orders  (cost=0.00..41131.00 rows=1500000 width=20)
                     ->  Hash  (cost=247601.35..247601.35 rows=29563 width=15)
                           ->  Seq Scan on lineitem  (cost=0.00..247601.35 rows=29563 width=15)
                                 Filter: ((l_shipmode = ANY ('{SHIP,"REG AIR"}'::bpchar[])) AND (l_commitdate < l_receiptdate) AND (l_shipdate < l_commitdate) AND (l_receiptdate >= '1994-01-01'::date) AND (l_receiptdate < '1995-01-01'::date))
(11 rows)

query 13 run 1
SET
SET
SET
                                                          QUERY PLAN                                                           
-------------------------------------------------------------------------------------------------------------------------------
 Limit  (cost=64702.50..64702.50 rows=1 width=16)
   ->  Sort  (cost=64702.50..64703.00 rows=200 width=16)
         Sort Key: (count(*)) DESC, (count(orders.o_orderkey)) DESC
         ->  HashAggregate  (cost=64699.50..64701.50 rows=200 width=16)
               Group Key: count(orders.o_orderkey)
               ->  HashAggregate  (cost=60949.50..62449.50 rows=150000 width=12)
                     Group Key: customer.c_custkey
                     ->  Hash Right Join  (cost=4746.42..53525.26 rows=1484848 width=8)
                           Hash Cond: (orders.o_custkey = customer.c_custkey)
                           ->  Seq Scan on orders  (cost=0.00..44881.00 rows=1484848 width=8)
                                 Filter: ((o_comment)::text !~~ '%special%requests%'::text)
                           ->  Hash  (cost=2871.42..2871.42 rows=150000 width=4)
                                 ->  Index Only Scan using customer_pkey on customer  (cost=0.42..2871.42 rows=150000 width=4)
(13 rows)

query 14 run 1
SET
SET
SET
                                                    QUERY PLAN                                                    
------------------------------------------------------------------------------------------------------------------
 Limit  (cost=77175.97..77175.99 rows=1 width=32)
   ->  Aggregate  (cost=77175.97..77175.99 rows=1 width=32)
         ->  Hash Join  (cost=9808.78..75856.47 rows=75400 width=33)
               Hash Cond: (lineitem.l_partkey = part.p_partkey)
               ->  Bitmap Heap Scan on lineitem  (cost=1209.78..67059.54 rows=75400 width=16)
                     Recheck Cond: ((l_shipdate >= '1994-05-01'::date) AND (l_shipdate < '1994-06-01'::date))
                     ->  Bitmap Index Scan on idx_lineitem_shipdate  (cost=0.00..1190.93 rows=75400 width=0)
                           Index Cond: ((l_shipdate >= '1994-05-01'::date) AND (l_shipdate < '1994-06-01'::date))
               ->  Hash  (cost=6099.00..6099.00 rows=200000 width=25)
                     ->  Seq Scan on part  (cost=0.00..6099.00 rows=200000 width=25)
(10 rows)

query 15 run 1
SET
SET
SET
CREATE VIEW
                                                          QUERY PLAN                                                          
------------------------------------------------------------------------------------------------------------------------------
 Limit  (cost=246051.45..246060.34 rows=1 width=103)
   InitPlan 1 (returns $0)
     ->  Aggregate  (cost=122203.79..122203.80 rows=1 width=32)
           ->  HashAggregate  (cost=121953.59..122078.69 rows=10008 width=36)
                 Group Key: lineitem_1.l_suppkey
                 ->  Bitmap Heap Scan on lineitem lineitem_1  (cost=3671.14..119664.61 rows=228898 width=16)
                       Recheck Cond: ((l_shipdate >= '1996-01-01'::date) AND (l_shipdate < '1996-04-01'::date))
                       ->  Bitmap Index Scan on idx_lineitem_shipdate  (cost=0.00..3613.91 rows=228898 width=0)
                             Index Cond: ((l_shipdate >= '1996-01-01'::date) AND (l_shipdate < '1996-04-01'::date))
   ->  Merge Join  (cost=123847.66..124291.91 rows=50 width=103)
         Merge Cond: (supplier.s_suppkey = revenue0.supplier_no)
         ->  Index Scan using supplier_pkey on supplier  (cost=0.29..418.79 rows=10000 width=71)
         ->  Sort  (cost=123847.37..123847.50 rows=50 width=36)
               Sort Key: revenue0.supplier_no
               ->  Subquery Scan on revenue0  (cost=123670.32..123845.96 rows=50 width=36)
                     ->  HashAggregate  (cost=123670.32..123845.46 rows=50 width=36)
                           Group Key: lineitem.l_suppkey
                           Filter: (sum((lineitem.l_extendedprice * ('1'::numeric - lineitem.l_discount))) = $0)
                           ->  Bitmap Heap Scan on lineitem  (cost=3671.14..119664.61 rows=228898 width=16)
                                 Recheck Cond: ((l_shipdate >= '1996-01-01'::date) AND (l_shipdate < '1996-04-01'::date))
                                 ->  Bitmap Index Scan on idx_lineitem_shipdate  (cost=0.00..3613.91 rows=228898 width=0)
                                       Index Cond: ((l_shipdate >= '1996-01-01'::date) AND (l_shipdate < '1996-04-01'::date))
(22 rows)

DROP VIEW
query 16 run 1
SET
SET
SET
                                                                                         QUERY PLAN                                                                                         
--------------------------------------------------------------------------------------------------------------------------------------------------------------------------------------------
 Limit  (cost=33673.79..33673.79 rows=1 width=44)
   ->  Sort  (cost=33673.79..33713.26 rows=15789 width=44)
         Sort Key: (count(DISTINCT partsupp.ps_suppkey)) DESC, part.p_brand, part.p_type, part.p_size
         ->  GroupAggregate  (cost=32715.63..33594.84 rows=15789 width=44)
               Group Key: part.p_brand, part.p_type, part.p_size
               ->  Sort  (cost=32715.63..32859.89 rows=57706 width=40)
                     Sort Key: part.p_brand, part.p_type, part.p_size
                     ->  Hash Join  (cost=9808.09..28152.11 rows=57706 width=40)
                           Hash Cond: (partsupp.ps_partkey = part.p_partkey)
                           ->  Index Only Scan using partsupp_pkey on partsupp  (cost=348.43..17642.43 rows=400000 width=8)
                                 Filter: (NOT (hashed SubPlan 1))
                                 SubPlan 1
                                   ->  Seq Scan on supplier  (cost=0.00..348.00 rows=1 width=4)
                                         Filter: ((s_comment)::text ~~ '%Customer%Complaints%'::text)
                           ->  Hash  (cost=9099.00..9099.00 rows=28853 width=40)
                                 ->  Seq Scan on part  (cost=0.00..9099.00 rows=28853 width=40)
                                       Filter: ((p_brand <> 'Brand#12'::bpchar) AND ((p_type)::text !~~ 'SMALL BRUSHED%'::text) AND (p_size = ANY ('{12,32,36,26,40,34,49,9}'::integer[])))
(17 rows)

query 17 run 1
SET
SET
SET
                                                       QUERY PLAN                                                       
------------------------------------------------------------------------------------------------------------------------
 Limit  (cost=983465.55..983465.57 rows=1 width=32)
   ->  Aggregate  (cost=983465.55..983465.57 rows=1 width=32)
         ->  Merge Join  (cost=914233.85..983460.55 rows=1999 width=8)
               Merge Cond: (lineitem_1.l_partkey = part.p_partkey)
               Join Filter: (lineitem.l_quantity < ((0.2 * avg(lineitem_1.l_quantity))))
               ->  GroupAggregate  (cost=914233.00..962185.36 rows=195905 width=36)
                     Group Key: lineitem_1.l_partkey
                     ->  Sort  (cost=914233.00..929237.59 rows=6001838 width=9)
                           Sort Key: lineitem_1.l_partkey
                           ->  Seq Scan on lineitem lineitem_1  (cost=0.00..172578.38 rows=6001838 width=9)
               ->  Materialize  (cost=0.85..18736.11 rows=6122 width=21)
                     ->  Nested Loop  (cost=0.85..18720.81 rows=6122 width=21)
                           ->  Index Scan using part_pkey on part  (cost=0.42..8926.42 rows=204 width=4)
                                 Filter: ((p_brand = 'Brand#22'::bpchar) AND (p_container = 'LG BOX'::bpchar))
                           ->  Index Scan using idx_lineitem_part_supp on lineitem  (cost=0.43..47.70 rows=31 width=17)
                                 Index Cond: (l_partkey = part.p_partkey)
(16 rows)

query 18 run 1
SET
SET
SET
                                                                               QUERY PLAN                                                                               
------------------------------------------------------------------------------------------------------------------------------------------------------------------------
 Limit  (cost=940129.79..940130.04 rows=100 width=71)
   ->  Sort  (cost=940129.79..945131.32 rows=2000611 width=71)
         Sort Key: orders.o_totalprice DESC, orders.o_orderdate
         ->  GroupAggregate  (cost=818654.13..863667.88 rows=2000611 width=71)
               Group Key: customer.c_custkey, orders.o_orderkey
               ->  Sort  (cost=818654.13..823655.66 rows=2000611 width=44)
                     Sort Key: customer.c_custkey, orders.o_orderkey
                     ->  Hash Join  (cost=349362.96..569706.09 rows=2000611 width=44)
                           Hash Cond: (orders.o_custkey = customer.c_custkey)
                           ->  Hash Join  (cost=342390.96..557482.34 rows=2000611 width=25)
                                 Hash Cond: (lineitem.l_orderkey = orders.o_orderkey)
                                 ->  Seq Scan on lineitem  (cost=0.00..172578.38 rows=6001838 width=9)
                                 ->  Hash  (cost=336139.05..336139.05 rows=500153 width=24)
                                       ->  Hash Join  (cost=291070.54..336139.05 rows=500153 width=24)
                                             Hash Cond: (orders.o_orderkey = lineitem_1.l_orderkey)
                                             ->  Seq Scan on orders  (cost=0.00..41131.00 rows=1500000 width=20)
                                             ->  Hash  (cost=284818.62..284818.62 rows=500153 width=4)
                                                   ->  GroupAggregate  (cost=0.43..279817.09 rows=500153 width=4)
                                                         Group Key: lineitem_1.l_orderkey
                                                         Filter: (sum(lineitem_1.l_quantity) > '313'::numeric)
                                                         ->  Index Scan using idx_lineitem_orderkey on lineitem lineitem_1  (cost=0.43..227301.00 rows=6001838 width=9)
                           ->  Hash  (cost=5097.00..5097.00 rows=150000 width=23)
                                 ->  Seq Scan on customer  (cost=0.00..5097.00 rows=150000 width=23)
(23 rows)

query 19 run 1
SET
SET
SET
                                                                                                                                                                                                                                                                                                                                                                                                                                                                                                            QUERY PLAN                                                                                                                                                                                                                                                                                                                                                                                                                                                                                                            
----------------------------------------------------------------------------------------------------------------------------------------------------------------------------------------------------------------------------------------------------------------------------------------------------------------------------------------------------------------------------------------------------------------------------------------------------------------------------------------------------------------------------------------------------------------------------------------------------------------------------------------------------------------------------------------------------------------------------------------------------------------------------------------------------------------------------------------------------------------------------------------------------------------------------------------------------------------------------------------------------------------------------------
 Limit  (cost=35324.27..35324.28 rows=1 width=32)
   ->  Aggregate  (cost=35324.27..35324.28 rows=1 width=32)
         ->  Nested Loop  (cost=0.43..35323.44 rows=110 width=12)
               ->  Seq Scan on part  (cost=0.00..12599.00 rows=472 width=30)
                     Filter: ((p_size >= 1) AND (((p_brand = 'Brand#24'::bpchar) AND (p_container = ANY ('{"SM CASE","SM BOX","SM PACK","SM PKG"}'::bpchar[])) AND (p_size <= 5)) OR ((p_brand = 'Brand#43'::bpchar) AND (p_container = ANY ('{"MED BAG","MED BOX","MED PKG","MED PACK"}'::bpchar[])) AND (p_size <= 10)) OR ((p_brand = 'Brand#44'::bpchar) AND (p_container = ANY ('{"LG CASE","LG BOX","LG PACK","LG PKG"}'::bpchar[])) AND (p_size <= 15))))
               ->  Index Scan using idx_lineitem_part_supp on lineitem  (cost=0.43..48.14 rows=1 width=21)
                     Index Cond: (l_partkey = part.p_partkey)
                     Filter: ((l_shipmode = ANY ('{AIR,"AIR REG"}'::bpchar[])) AND (l_shipinstruct = 'DELIVER IN PERSON'::bpchar) AND (((l_quantity >= '10'::numeric) AND (l_quantity <= '20'::numeric)) OR ((l_quantity >= '10'::numeric) AND (l_quantity <= '20'::numeric)) OR ((l_quantity >= '20'::numeric) AND (l_quantity <= '30'::numeric))) AND (((part.p_brand = 'Brand#24'::bpchar) AND (part.p_container = ANY ('{"SM CASE","SM BOX","SM PACK","SM PKG"}'::bpchar[])) AND (l_quantity >= '10'::numeric) AND (l_quantity <= '20'::numeric) AND (part.p_size <= 5)) OR ((part.p_brand = 'Brand#43'::bpchar) AND (part.p_container = ANY ('{"MED BAG","MED BOX","MED PKG","MED PACK"}'::bpchar[])) AND (l_quantity >= '10'::numeric) AND (l_quantity <= '20'::numeric) AND (part.p_size <= 10)) OR ((part.p_brand = 'Brand#44'::bpchar) AND (part.p_container = ANY ('{"LG CASE","LG BOX","LG PACK","LG PKG"}'::bpchar[])) AND (l_quantity >= '20'::numeric) AND (l_quantity <= '30'::numeric) AND (part.p_size <= 15))))
(8 rows)

query 20 run 1
SET
SET
SET
                                                                           QUERY PLAN                                                                           
----------------------------------------------------------------------------------------------------------------------------------------------------------------
 Limit  (cost=282016.53..282016.53 rows=1 width=51)
   ->  Sort  (cost=282016.53..282016.53 rows=1 width=51)
         Sort Key: supplier.s_name
         ->  Nested Loop Semi Join  (cost=243917.32..282016.52 rows=1 width=51)
               Join Filter: (supplier.s_suppkey = lineitem.l_suppkey)
               ->  Nested Loop  (cost=0.00..449.31 rows=400 width=55)
                     Join Filter: (supplier.s_nationkey = nation.n_nationkey)
                     ->  Seq Scan on nation  (cost=0.00..1.31 rows=1 width=4)
                           Filter: (n_name = 'IRAQ'::bpchar)
                     ->  Seq Scan on supplier  (cost=0.00..323.00 rows=10000 width=59)
               ->  Materialize  (cost=243917.32..281561.21 rows=1 width=8)
                     ->  Merge Join  (cost=243917.32..281561.20 rows=1 width=8)
                           Merge Cond: (lineitem.l_partkey = partsupp.ps_partkey)
                           Join Filter: ((partsupp.ps_suppkey = lineitem.l_suppkey) AND ((partsupp.ps_availqty)::numeric > ((0.5 * sum(lineitem.l_quantity)))))
                           ->  GroupAggregate  (cost=243916.47..260554.91 rows=488854 width=40)
                                 Group Key: lineitem.l_partkey, lineitem.l_suppkey
                                 ->  Sort  (cost=243916.47..246242.88 rows=930563 width=13)
                                       Sort Key: lineitem.l_partkey, lineitem.l_suppkey
                                       ->  Bitmap Heap Scan on lineitem  (cost=14919.20..141437.65 rows=930563 width=13)
                                             Recheck Cond: ((l_shipdate >= '1996-01-01'::date) AND (l_shipdate < '1997-01-01'::date))
                                             ->  Bitmap Index Scan on idx_lineitem_shipdate  (cost=0.00..14686.56 rows=930563 width=0)
                                                   Index Cond: ((l_shipdate >= '1996-01-01'::date) AND (l_shipdate < '1997-01-01'::date))
                           ->  Materialize  (cost=0.84..14469.82 rows=8080 width=16)
                                 ->  Nested Loop  (cost=0.84..14449.62 rows=8080 width=16)
                                       ->  Index Scan using part_pkey on part  (cost=0.42..8426.42 rows=2020 width=4)
                                             Filter: ((p_name)::text ~~ 'olive%'::text)
                                       ->  Index Scan using idx_partsupp_partkey on partsupp  (cost=0.42..2.94 rows=4 width=12)
                                             Index Cond: (ps_partkey = part.p_partkey)
(28 rows)

query 21 run 1
SET
SET
SET
                                                                        QUERY PLAN                                                                        
----------------------------------------------------------------------------------------------------------------------------------------------------------
 Limit  (cost=361195.45..361195.46 rows=1 width=34)
   ->  Sort  (cost=361195.45..361195.46 rows=1 width=34)
         Sort Key: (count(*)) DESC, supplier.s_name
         ->  GroupAggregate  (cost=361195.42..361195.44 rows=1 width=34)
               Group Key: supplier.s_name
               ->  Sort  (cost=361195.42..361195.43 rows=1 width=26)
                     Sort Key: supplier.s_name
                     ->  Nested Loop Semi Join  (cost=197120.84..361195.41 rows=1 width=26)
                           Join Filter: (l2.l_suppkey <> l1.l_suppkey)
                           ->  Nested Loop Anti Join  (cost=197120.40..361192.02 rows=1 width=38)
                                 ->  Hash Join  (cost=197119.97..245131.99 rows=38958 width=38)
                                       Hash Cond: (orders.o_orderkey = l1.l_orderkey)
                                       ->  Seq Scan on orders  (cost=0.00..44881.00 rows=731050 width=4)
                                             Filter: (o_orderstatus = 'F'::bpchar)
                                       ->  Hash  (cost=196120.46..196120.46 rows=79961 width=34)
                                             ->  Hash Join  (cost=235.58..196120.46 rows=79961 width=34)
                                                   Hash Cond: (l1.l_suppkey = supplier.s_suppkey)
                                                   ->  Seq Scan on lineitem l1  (cost=0.00..187582.98 rows=2000613 width=8)
                                                         Filter: (l_receiptdate > l_commitdate)
                                                   ->  Hash  (cost=230.58..230.58 rows=400 width=30)
                                                         ->  Nested Loop  (cost=6.38..230.58 rows=400 width=30)
                                                               ->  Seq Scan on nation  (cost=0.00..1.31 rows=1 width=4)
                                                                     Filter: (n_name = 'PERU'::bpchar)
                                                               ->  Bitmap Heap Scan on supplier  (cost=6.38..225.26 rows=400 width=34)
                                                                     Recheck Cond: (s_nationkey = nation.n_nationkey)
                                                                     ->  Bitmap Index Scan on idx_supplier_nation_key  (cost=0.00..6.29 rows=400 width=0)
                                                                           Index Cond: (s_nationkey = nation.n_nationkey)
                                 ->  Index Scan using idx_lineitem_orderkey on lineitem l3  (cost=0.43..3.39 rows=1 width=8)
                                       Index Cond: (l_orderkey = l1.l_orderkey)
                                       Filter: ((l_receiptdate > l_commitdate) AND (l_suppkey <> l1.l_suppkey))
                           ->  Index Scan using idx_lineitem_orderkey on lineitem l2  (cost=0.43..3.37 rows=4 width=8)
                                 Index Cond: (l_orderkey = orders.o_orderkey)
(32 rows)

query 22 run 1
SET
SET
SET
                                                               QUERY PLAN                                                               
----------------------------------------------------------------------------------------------------------------------------------------
 Limit  (cost=16122.12..16122.15 rows=1 width=72)
   InitPlan 1 (returns $0)
     ->  Aggregate  (cost=7546.40..7546.41 rows=1 width=32)
           ->  Seq Scan on customer customer_1  (cost=0.00..7534.50 rows=4759 width=6)
                 Filter: ((c_acctbal > 0.00) AND ("substring"((c_phone)::text, 1, 2) = ANY ('{21,29,26,34,14,15,17}'::text[])))
   ->  GroupAggregate  (cost=8575.71..8596.14 rows=743 width=72)
         Group Key: ("substring"((customer.c_phone)::text, 1, 2))
         ->  Sort  (cost=8575.71..8577.57 rows=743 width=38)
               Sort Key: ("substring"((customer.c_phone)::text, 1, 2))
               ->  Nested Loop Anti Join  (cost=0.43..8540.28 rows=743 width=38)
                     ->  Seq Scan on customer  (cost=0.00..7534.50 rows=1750 width=26)
                           Filter: ((c_acctbal > $0) AND ("substring"((c_phone)::text, 1, 2) = ANY ('{21,29,26,34,14,15,17}'::text[])))
                     ->  Index Only Scan using idx_orders_custkey on orders  (cost=0.43..1.96 rows=17 width=4)
                           Index Cond: (o_custkey = customer.c_custkey)
(14 rows)

