query 1 run 1
SET
SET
                                           QUERY PLAN                                           
------------------------------------------------------------------------------------------------
 Limit  (cost=4243684.23..4243684.23 rows=1 width=25)
   ->  Sort  (cost=4243684.23..4243684.24 rows=6 width=25)
         Sort Key: l_returnflag, l_linestatus
         ->  HashAggregate  (cost=4243684.03..4243684.20 rows=6 width=25)
               Group Key: l_returnflag, l_linestatus
               ->  Seq Scan on lineitem  (cost=0.00..1875010.95 rows=59216827 width=25)
                     Filter: (l_shipdate <= '1998-09-10 00:00:00'::timestamp without time zone)
(7 rows)

query 2 run 1
SET
SET
                                                                  QUERY PLAN                                                                  
----------------------------------------------------------------------------------------------------------------------------------------------
 Limit  (cost=1079542.89..1079542.90 rows=1 width=192)
   ->  Sort  (cost=1079542.89..1079542.90 rows=1 width=192)
         Sort Key: supplier.s_acctbal, nation.n_name, supplier.s_name, part.p_partkey
         ->  Merge Join  (cost=557957.97..1079542.88 rows=1 width=192)
               Merge Cond: (part.p_partkey = partsupp.ps_partkey)
               Join Filter: (partsupp.ps_supplycost = (SubPlan 1))
               ->  Index Scan using part_pkey on part  (cost=0.43..89213.01 rows=7882 width=30)
                     Filter: (((p_type)::text ~~ '%NICKEL'::text) AND (p_size = 16))
               ->  Materialize  (cost=557957.55..565955.86 rows=1599662 width=172)
                     ->  Sort  (cost=557957.55..561956.70 rows=1599662 width=172)
                           Sort Key: partsupp.ps_partkey
                           ->  Hash Join  (cost=4048.53..305243.94 rows=1599662 width=172)
                                 Hash Cond: (partsupp.ps_suppkey = supplier.s_suppkey)
                                 ->  Seq Scan on partsupp  (cost=0.00..255205.12 rows=7998312 width=14)
                                 ->  Hash  (cost=3798.53..3798.53 rows=20000 width=166)
                                       ->  Hash Join  (cost=2.53..3798.53 rows=20000 width=166)
                                             Hash Cond: (supplier.s_nationkey = nation.n_nationkey)
                                             ->  Seq Scan on supplier  (cost=0.00..3221.00 rows=100000 width=144)
                                             ->  Hash  (cost=2.47..2.47 rows=5 width=30)
                                                   ->  Hash Join  (cost=1.07..2.47 rows=5 width=30)
                                                         Hash Cond: (nation.n_regionkey = region.r_regionkey)
                                                         ->  Seq Scan on nation  (cost=0.00..1.25 rows=25 width=34)
                                                         ->  Hash  (cost=1.06..1.06 rows=1 width=4)
                                                               ->  Seq Scan on region  (cost=0.00..1.06 rows=1 width=4)
                                                                     Filter: (r_name = 'AMERICA'::bpchar)
               SubPlan 1
                 ->  Aggregate  (cost=66.66..66.67 rows=1 width=6)
                       ->  Nested Loop  (cost=2.29..66.65 rows=4 width=6)
                             Join Filter: (nation_1.n_regionkey = region_1.r_regionkey)
                             ->  Seq Scan on region region_1  (cost=0.00..1.06 rows=1 width=4)
                                   Filter: (r_name = 'AMERICA'::bpchar)
                             ->  Hash Join  (cost=2.29..65.36 rows=18 width=10)
                                   Hash Cond: (supplier_1.s_nationkey = nation_1.n_nationkey)
                                   ->  Nested Loop  (cost=0.72..63.55 rows=18 width=10)
                                         ->  Index Scan using idx_partsupp_partkey on partsupp partsupp_1  (cost=0.43..3.75 rows=18 width=10)
                                               Index Cond: (part.p_partkey = ps_partkey)
                                         ->  Index Scan using supplier_pkey on supplier supplier_1  (cost=0.29..3.31 rows=1 width=8)
                                               Index Cond: (s_suppkey = partsupp_1.ps_suppkey)
                                   ->  Hash  (cost=1.25..1.25 rows=25 width=8)
                                         ->  Seq Scan on nation nation_1  (cost=0.00..1.25 rows=25 width=8)
(40 rows)

query 3 run 1
SET
SET
                                                              QUERY PLAN                                                               
---------------------------------------------------------------------------------------------------------------------------------------
 Limit  (cost=3544843.34..3544843.36 rows=10 width=24)
   ->  Sort  (cost=3544843.34..3552850.24 rows=3202761 width=24)
         Sort Key: (sum((lineitem.l_extendedprice * (1::numeric - lineitem.l_discount)))), orders.o_orderdate
         ->  GroupAggregate  (cost=3379550.00..3475632.83 rows=3202761 width=24)
               Group Key: lineitem.l_orderkey, orders.o_orderdate, orders.o_shippriority
               ->  Sort  (cost=3379550.00..3387556.90 rows=3202761 width=24)
                     Sort Key: lineitem.l_orderkey, orders.o_orderdate, orders.o_shippriority
                     ->  Hash Join  (cost=635694.27..2991251.75 rows=3202761 width=24)
                           Hash Cond: (lineitem.l_orderkey = orders.o_orderkey)
                           ->  Seq Scan on lineitem  (cost=0.00..1875010.95 rows=32653578 width=16)
                                 Filter: (l_shipdate > '1995-03-07'::date)
                           ->  Hash  (cost=610120.32..610120.32 rows=1471196 width=12)
                                 ->  Hash Join  (cost=144304.62..610120.32 rows=1471196 width=12)
                                       Hash Cond: (orders.o_custkey = customer.c_custkey)
                                       ->  Bitmap Heap Scan on orders  (cost=85793.68..437459.65 rows=7231838 width=16)
                                             Recheck Cond: (o_orderdate < '1995-03-07'::date)
                                             ->  Bitmap Index Scan on idx_orders_orderdate  (cost=0.00..83985.72 rows=7231838 width=0)
                                                   Index Cond: (o_orderdate < '1995-03-07'::date)
                                       ->  Hash  (cost=54696.64..54696.64 rows=305144 width=4)
                                             ->  Seq Scan on customer  (cost=0.00..54696.64 rows=305144 width=4)
                                                   Filter: (c_mktsegment = 'BUILDING'::bpchar)
(21 rows)

query 4 run 1
SET
SET
                                                        QUERY PLAN                                                        
--------------------------------------------------------------------------------------------------------------------------
 Limit  (cost=2152185.78..2152185.78 rows=1 width=16)
   ->  Sort  (cost=2152185.78..2152185.78 rows=1 width=16)
         Sort Key: orders.o_orderpriority
         ->  HashAggregate  (cost=2152185.76..2152185.77 rows=1 width=16)
               Group Key: orders.o_orderpriority
               ->  Nested Loop Semi Join  (cost=8411.41..2149258.66 rows=585419 width=16)
                     ->  Bitmap Heap Scan on orders  (cost=8410.84..278461.39 rows=585503 width=20)
                           Recheck Cond: ((o_orderdate >= '1993-12-01'::date) AND (o_orderdate < '1994-03-01'::date))
                           ->  Bitmap Index Scan on idx_orders_orderdate  (cost=0.00..8264.46 rows=585503 width=0)
                                 Index Cond: ((o_orderdate >= '1993-12-01'::date) AND (o_orderdate < '1994-03-01'::date))
                     ->  Index Scan using idx_lineitem_orderkey on lineitem  (cost=0.56..3.62 rows=1 width=4)
                           Index Cond: (l_orderkey = orders.o_orderkey)
                           Filter: (l_commitdate < l_receiptdate)
(13 rows)

query 5 run 1
SET
SET
                                                              QUERY PLAN                                                              
--------------------------------------------------------------------------------------------------------------------------------------
 Limit  (cost=2134973.89..2134973.89 rows=1 width=38)
   ->  Sort  (cost=2134973.89..2134973.95 rows=25 width=38)
         Sort Key: (sum((lineitem.l_extendedprice * (1::numeric - lineitem.l_discount))))
         ->  HashAggregate  (cost=2134973.45..2134973.76 rows=25 width=38)
               Group Key: nation.n_name
               ->  Hash Join  (cost=101188.16..2134235.27 rows=73818 width=38)
                     Hash Cond: ((lineitem.l_suppkey = supplier.s_suppkey) AND (customer.c_nationkey = supplier.s_nationkey))
                     ->  Nested Loop  (cost=96467.16..2091864.03 rows=1845603 width=50)
                           ->  Hash Join  (cost=96466.60..405611.75 rows=461467 width=38)
                                 Hash Cond: (orders.o_custkey = customer.c_custkey)
                                 ->  Bitmap Heap Scan on orders  (cost=33142.60..329020.59 rows=2307333 width=8)
                                       Recheck Cond: ((o_orderdate >= '1993-01-01'::date) AND (o_orderdate < '1994-01-01'::date))
                                       ->  Bitmap Index Scan on idx_orders_orderdate  (cost=0.00..32565.77 rows=2307333 width=0)
                                             Index Cond: ((o_orderdate >= '1993-01-01'::date) AND (o_orderdate < '1994-01-01'::date))
                                 ->  Hash  (cost=59574.07..59574.07 rows=299994 width=38)
                                       ->  Hash Join  (cost=2.53..59574.07 rows=299994 width=38)
                                             Hash Cond: (customer.c_nationkey = nation.n_nationkey)
                                             ->  Seq Scan on customer  (cost=0.00..50946.71 rows=1499971 width=8)
                                             ->  Hash  (cost=2.47..2.47 rows=5 width=30)
                                                   ->  Hash Join  (cost=1.07..2.47 rows=5 width=30)
                                                         Hash Cond: (nation.n_regionkey = region.r_regionkey)
                                                         ->  Seq Scan on nation  (cost=0.00..1.25 rows=25 width=34)
                                                         ->  Hash  (cost=1.06..1.06 rows=1 width=4)
                                                               ->  Seq Scan on region  (cost=0.00..1.06 rows=1 width=4)
                                                                     Filter: (r_name = 'AMERICA'::bpchar)
                           ->  Index Scan using idx_lineitem_orderkey on lineitem  (cost=0.56..3.61 rows=4 width=20)
                                 Index Cond: (l_orderkey = orders.o_orderkey)
                     ->  Hash  (cost=3221.00..3221.00 rows=100000 width=8)
                           ->  Seq Scan on supplier  (cost=0.00..3221.00 rows=100000 width=8)
(29 rows)

query 6 run 1
SET
SET
                                                                                                         QUERY PLAN                                                                                                          
-----------------------------------------------------------------------------------------------------------------------------------------------------------------------------------------------------------------------------
 Limit  (cost=1105636.14..1105636.15 rows=1 width=12)
   ->  Aggregate  (cost=1105636.14..1105636.15 rows=1 width=12)
         ->  Bitmap Heap Scan on lineitem  (cost=216589.11..1099529.53 rows=1221323 width=12)
               Recheck Cond: ((l_shipdate >= '1993-01-01'::date) AND (l_shipdate < '1994-01-01 00:00:00'::timestamp without time zone) AND (l_discount >= 0.06) AND (l_discount <= 0.08) AND (l_quantity < 25::numeric))
               ->  Bitmap Index Scan on idx_lineitem_shipdate  (cost=0.00..216283.78 rows=1221323 width=0)
                     Index Cond: ((l_shipdate >= '1993-01-01'::date) AND (l_shipdate < '1994-01-01 00:00:00'::timestamp without time zone) AND (l_discount >= 0.06) AND (l_discount <= 0.08) AND (l_quantity < 25::numeric))
(6 rows)

query 7 run 1
SET
SET
                                                                                 QUERY PLAN                                                                                  
-----------------------------------------------------------------------------------------------------------------------------------------------------------------------------
 Limit  (cost=2500055.46..2500055.46 rows=1 width=68)
   ->  Sort  (cost=2500055.46..2500063.14 rows=3072 width=68)
         Sort Key: n1.n_name, n2.n_name, (date_part('year'::text, (lineitem.l_shipdate)::timestamp without time zone))
         ->  HashAggregate  (cost=2499986.34..2500040.10 rows=3072 width=68)
               Group Key: n1.n_name, n2.n_name, date_part('year'::text, (lineitem.l_shipdate)::timestamp without time zone)
               ->  Hash Join  (cost=972621.14..2499069.03 rows=61154 width=68)
                     Hash Cond: (lineitem.l_orderkey = orders.o_orderkey)
                     Join Filter: (((n1.n_name = 'PERU'::bpchar) AND (n2.n_name = 'MOROCCO'::bpchar)) OR ((n1.n_name = 'MOROCCO'::bpchar) AND (n2.n_name = 'PERU'::bpchar)))
                     ->  Hash Join  (cost=298138.68..1782384.11 rows=1469473 width=46)
                           Hash Cond: (lineitem.l_suppkey = supplier.s_suppkey)
                           ->  Bitmap Heap Scan on lineitem  (cost=294361.28..1695030.44 rows=18368411 width=24)
                                 Recheck Cond: ((l_shipdate >= '1995-01-01'::date) AND (l_shipdate <= '1996-12-31'::date))
                                 ->  Bitmap Index Scan on idx_lineitem_shipdate  (cost=0.00..289769.17 rows=18368411 width=0)
                                       Index Cond: ((l_shipdate >= '1995-01-01'::date) AND (l_shipdate <= '1996-12-31'::date))
                           ->  Hash  (cost=3677.40..3677.40 rows=8000 width=30)
                                 ->  Hash Join  (cost=1.40..3677.40 rows=8000 width=30)
                                       Hash Cond: (supplier.s_nationkey = n1.n_nationkey)
                                       ->  Seq Scan on supplier  (cost=0.00..3221.00 rows=100000 width=8)
                                       ->  Hash  (cost=1.38..1.38 rows=2 width=30)
                                             ->  Seq Scan on nation n1  (cost=0.00..1.38 rows=2 width=30)
                                                   Filter: ((n_name = 'PERU'::bpchar) OR (n_name = 'MOROCCO'::bpchar))
                     ->  Hash  (cost=651279.96..651279.96 rows=1199960 width=30)
                           ->  Hash Join  (cost=59272.96..651279.96 rows=1199960 width=30)
                                 Hash Cond: (orders.o_custkey = customer.c_custkey)
                                 ->  Seq Scan on orders  (cost=0.00..411263.00 rows=14999500 width=8)
                                 ->  Hash  (cost=57772.98..57772.98 rows=119998 width=30)
                                       ->  Hash Join  (cost=1.40..57772.98 rows=119998 width=30)
                                             Hash Cond: (customer.c_nationkey = n2.n_nationkey)
                                             ->  Seq Scan on customer  (cost=0.00..50946.71 rows=1499971 width=8)
                                             ->  Hash  (cost=1.38..1.38 rows=2 width=30)
                                                   ->  Seq Scan on nation n2  (cost=0.00..1.38 rows=2 width=30)
                                                         Filter: ((n_name = 'MOROCCO'::bpchar) OR (n_name = 'PERU'::bpchar))
(32 rows)

query 8 run 1
SET
SET
                                                                    QUERY PLAN                                                                     
---------------------------------------------------------------------------------------------------------------------------------------------------
 Limit  (cost=1183238.01..1183238.02 rows=1 width=42)
   ->  Sort  (cost=1183238.01..1183239.85 rows=735 width=42)
         Sort Key: (date_part('year'::text, (orders.o_orderdate)::timestamp without time zone))
         ->  HashAggregate  (cost=1183217.80..1183234.34 rows=735 width=42)
               Group Key: date_part('year'::text, (orders.o_orderdate)::timestamp without time zone)
               ->  Nested Loop  (cost=504983.67..1182759.92 rows=22894 width=42)
                     Join Filter: (supplier.s_nationkey = n2.n_nationkey)
                     ->  Hash Join  (cost=504983.67..1174058.89 rows=22894 width=20)
                           Hash Cond: (lineitem.l_suppkey = supplier.s_suppkey)
                           ->  Hash Join  (cost=500512.67..1169130.01 rows=22894 width=20)
                                 Hash Cond: (lineitem.l_orderkey = orders.o_orderkey)
                                 ->  Nested Loop  (cost=0.56..659011.67 rows=374744 width=20)
                                       ->  Seq Scan on part  (cost=0.00..65981.36 rows=13334 width=4)
                                             Filter: ((p_type)::text = 'LARGE POLISHED BRASS'::text)
                                       ->  Index Scan using idx_lineitem_part_supp on lineitem  (cost=0.56..44.20 rows=28 width=24)
                                             Index Cond: (l_partkey = part.p_partkey)
                                 ->  Hash  (cost=485477.47..485477.47 rows=916371 width=8)
                                       ->  Hash Join  (cost=129135.96..485477.47 rows=916371 width=8)
                                             Hash Cond: (orders.o_custkey = customer.c_custkey)
                                             ->  Bitmap Heap Scan on orders  (cost=65811.96..395807.80 rows=4581856 width=12)
                                                   Recheck Cond: ((o_orderdate >= '1995-01-01'::date) AND (o_orderdate <= '1996-12-31'::date))
                                                   ->  Bitmap Index Scan on idx_orders_orderdate  (cost=0.00..64666.49 rows=4581856 width=0)
                                                         Index Cond: ((o_orderdate >= '1995-01-01'::date) AND (o_orderdate <= '1996-12-31'::date))
                                             ->  Hash  (cost=59574.07..59574.07 rows=299994 width=4)
                                                   ->  Hash Join  (cost=2.53..59574.07 rows=299994 width=4)
                                                         Hash Cond: (customer.c_nationkey = n1.n_nationkey)
                                                         ->  Seq Scan on customer  (cost=0.00..50946.71 rows=1499971 width=8)
                                                         ->  Hash  (cost=2.47..2.47 rows=5 width=4)
                                                               ->  Hash Join  (cost=1.07..2.47 rows=5 width=4)
                                                                     Hash Cond: (n1.n_regionkey = region.r_regionkey)
                                                                     ->  Seq Scan on nation n1  (cost=0.00..1.25 rows=25 width=8)
                                                                     ->  Hash  (cost=1.06..1.06 rows=1 width=4)
                                                                           ->  Seq Scan on region  (cost=0.00..1.06 rows=1 width=4)
                                                                                 Filter: (r_name = 'AMERICA'::bpchar)
                           ->  Hash  (cost=3221.00..3221.00 rows=100000 width=8)
                                 ->  Seq Scan on supplier  (cost=0.00..3221.00 rows=100000 width=8)
                     ->  Materialize  (cost=0.00..1.38 rows=25 width=30)
                           ->  Seq Scan on nation n2  (cost=0.00..1.25 rows=25 width=30)
(38 rows)

query 9 run 1
SET
SET
                                                                   QUERY PLAN                                                                    
-------------------------------------------------------------------------------------------------------------------------------------------------
 Limit  (cost=2169986.17..2169986.17 rows=1 width=53)
   ->  Sort  (cost=2169986.17..2169986.49 rows=128 width=53)
         Sort Key: nation.n_name, (date_part('year'::text, (orders.o_orderdate)::timestamp without time zone))
         ->  HashAggregate  (cost=2169983.29..2169985.53 rows=128 width=53)
               Group Key: nation.n_name, date_part('year'::text, (orders.o_orderdate)::timestamp without time zone)
               ->  Nested Loop  (cost=2.85..2169981.05 rows=128 width=53)
                     Join Filter: (supplier.s_nationkey = nation.n_nationkey)
                     ->  Nested Loop  (cost=2.85..2169931.10 rows=128 width=31)
                           ->  Nested Loop  (cost=2.41..2169491.41 rows=128 width=31)
                                 ->  Nested Loop  (cost=2.12..2169070.20 rows=128 width=35)
                                       ->  Merge Join  (cost=1.56..437446.30 rows=484747 width=18)
                                             Merge Cond: (part.p_partkey = partsupp.ps_partkey)
                                             ->  Index Scan using part_pkey on part  (cost=0.43..84212.94 rows=121214 width=4)
                                                   Filter: ((p_name)::text ~~ '%navy%'::text)
                                             ->  Index Scan using idx_partsupp_partkey on partsupp  (cost=0.43..328103.11 rows=7998312 width=14)
                                       ->  Index Scan using idx_lineitem_part_supp on lineitem  (cost=0.56..3.56 rows=1 width=29)
                                             Index Cond: ((l_partkey = partsupp.ps_partkey) AND (l_suppkey = partsupp.ps_suppkey))
                                 ->  Index Scan using supplier_pkey on supplier  (cost=0.29..3.28 rows=1 width=8)
                                       Index Cond: (s_suppkey = lineitem.l_suppkey)
                           ->  Index Scan using orders_pkey on orders  (cost=0.43..3.43 rows=1 width=8)
                                 Index Cond: (o_orderkey = lineitem.l_orderkey)
                     ->  Materialize  (cost=0.00..1.38 rows=25 width=30)
                           ->  Seq Scan on nation  (cost=0.00..1.25 rows=25 width=30)
(23 rows)

query 10 run 1
SET
SET
                                                                           QUERY PLAN                                                                           
----------------------------------------------------------------------------------------------------------------------------------------------------------------
 Limit  (cost=2654177.89..2654177.94 rows=20 width=182)
   ->  Sort  (cost=2654177.89..2655630.51 rows=581047 width=182)
         Sort Key: (sum((lineitem.l_extendedprice * (1::numeric - lineitem.l_discount))))
         ->  GroupAggregate  (cost=2615474.56..2638716.44 rows=581047 width=182)
               Group Key: customer.c_custkey, customer.c_name, customer.c_acctbal, customer.c_phone, nation.n_name, customer.c_address, customer.c_comment
               ->  Sort  (cost=2615474.56..2616927.17 rows=581047 width=182)
                     Sort Key: customer.c_custkey, customer.c_name, customer.c_acctbal, customer.c_phone, nation.n_name, customer.c_address, customer.c_comment
                     ->  Hash Join  (cost=387963.60..2526647.76 rows=581047 width=182)
                           Hash Cond: (customer.c_nationkey = nation.n_nationkey)
                           ->  Hash Join  (cost=387962.03..2518656.80 rows=581047 width=160)
                                 Hash Cond: (orders.o_custkey = customer.c_custkey)
                                 ->  Hash Join  (cost=286039.69..2369390.44 rows=581047 width=16)
                                       Hash Cond: (lineitem.l_orderkey = orders.o_orderkey)
                                       ->  Seq Scan on lineitem  (cost=0.00..1875010.95 rows=14729406 width=16)
                                             Filter: (l_returnflag = 'R'::bpchar)
                                       ->  Hash  (cost=278643.41..278643.41 rows=591702 width=8)
                                             ->  Bitmap Heap Scan on orders  (cost=8499.88..278643.41 rows=591702 width=8)
                                                   Recheck Cond: ((o_orderdate >= '1994-08-01'::date) AND (o_orderdate < '1994-11-01'::date))
                                                   ->  Bitmap Index Scan on idx_orders_orderdate  (cost=0.00..8351.95 rows=591702 width=0)
                                                         Index Cond: ((o_orderdate >= '1994-08-01'::date) AND (o_orderdate < '1994-11-01'::date))
                                 ->  Hash  (cost=50946.71..50946.71 rows=1499971 width=148)
                                       ->  Seq Scan on customer  (cost=0.00..50946.71 rows=1499971 width=148)
                           ->  Hash  (cost=1.25..1.25 rows=25 width=30)
                                 ->  Seq Scan on nation  (cost=0.00..1.25 rows=25 width=30)
(24 rows)

query 11 run 1
SET
SET
                                                             QUERY PLAN                                                             
------------------------------------------------------------------------------------------------------------------------------------
 Limit  (cost=686680.72..686680.73 rows=1 width=14)
   InitPlan 1 (returns $1)
     ->  Aggregate  (cost=323114.73..323114.74 rows=1 width=10)
           ->  Hash Join  (cost=2323.46..320715.24 rows=319932 width=10)
                 Hash Cond: (partsupp_1.ps_suppkey = supplier_1.s_suppkey)
                 ->  Seq Scan on partsupp partsupp_1  (cost=0.00..255205.12 rows=7998312 width=14)
                 ->  Hash  (cost=2273.46..2273.46 rows=4000 width=4)
                       ->  Nested Loop  (cost=49.29..2273.46 rows=4000 width=4)
                             ->  Seq Scan on nation nation_1  (cost=0.00..1.31 rows=1 width=4)
                                   Filter: (n_name = 'SAUDI ARABIA'::bpchar)
                             ->  Bitmap Heap Scan on supplier supplier_1  (cost=49.29..2232.15 rows=4000 width=8)
                                   Recheck Cond: (s_nationkey = nation_1.n_nationkey)
                                   ->  Bitmap Index Scan on idx_supplier_nation_key  (cost=0.00..48.29 rows=4000 width=0)
                                         Index Cond: (s_nationkey = nation_1.n_nationkey)
   ->  Sort  (cost=363565.98..364365.81 rows=319932 width=14)
         Sort Key: (sum((partsupp.ps_supplycost * (partsupp.ps_availqty)::numeric)))
         ->  GroupAggregate  (cost=349968.87..361966.32 rows=319932 width=14)
               Group Key: partsupp.ps_partkey
               Filter: (sum((partsupp.ps_supplycost * (partsupp.ps_availqty)::numeric)) > $1)
               ->  Sort  (cost=349968.87..350768.70 rows=319932 width=14)
                     Sort Key: partsupp.ps_partkey
                     ->  Hash Join  (cost=2323.46..320715.24 rows=319932 width=14)
                           Hash Cond: (partsupp.ps_suppkey = supplier.s_suppkey)
                           ->  Seq Scan on partsupp  (cost=0.00..255205.12 rows=7998312 width=18)
                           ->  Hash  (cost=2273.46..2273.46 rows=4000 width=4)
                                 ->  Nested Loop  (cost=49.29..2273.46 rows=4000 width=4)
                                       ->  Seq Scan on nation  (cost=0.00..1.31 rows=1 width=4)
                                             Filter: (n_name = 'SAUDI ARABIA'::bpchar)
                                       ->  Bitmap Heap Scan on supplier  (cost=49.29..2232.15 rows=4000 width=8)
                                             Recheck Cond: (s_nationkey = nation.n_nationkey)
                                             ->  Bitmap Index Scan on idx_supplier_nation_key  (cost=0.00..48.29 rows=4000 width=0)
                                                   Index Cond: (s_nationkey = nation.n_nationkey)
(32 rows)

query 12 run 1
SET
SET
                                                                                                                    QUERY PLAN                                                                                                                     
---------------------------------------------------------------------------------------------------------------------------------------------------------------------------------------------------------------------------------------------------
 Limit  (cost=3095352.80..3095352.81 rows=1 width=27)
   ->  Sort  (cost=3095352.80..3095352.81 rows=1 width=27)
         Sort Key: lineitem.l_shipmode
         ->  HashAggregate  (cost=3095352.78..3095352.79 rows=1 width=27)
               Group Key: lineitem.l_shipmode
               ->  Merge Join  (cost=2500729.55..3090377.85 rows=284282 width=27)
                     Merge Cond: (orders.o_orderkey = lineitem.l_orderkey)
                     ->  Index Scan using orders_pkey on orders  (cost=0.43..547957.94 rows=14999500 width=20)
                     ->  Sort  (cost=2500656.94..2501367.65 rows=284282 width=15)
                           Sort Key: lineitem.l_orderkey
                           ->  Seq Scan on lineitem  (cost=0.00..2474905.31 rows=284282 width=15)
                                 Filter: ((l_shipmode = ANY ('{SHIP,"REG AIR"}'::bpchar[])) AND (l_commitdate < l_receiptdate) AND (l_shipdate < l_commitdate) AND (l_receiptdate >= '1994-01-01'::date) AND (l_receiptdate < '1995-01-01'::date))
(12 rows)

query 13 run 1
SET
SET
                                                        QUERY PLAN                                                         
---------------------------------------------------------------------------------------------------------------------------
 Limit  (cost=2775590.81..2775590.82 rows=1 width=8)
   ->  Sort  (cost=2775590.81..2775591.31 rows=200 width=8)
         Sort Key: (count(*)), (count(orders.o_orderkey))
         ->  HashAggregate  (cost=2775587.81..2775589.81 rows=200 width=8)
               Group Key: count(orders.o_orderkey)
               ->  GroupAggregate  (cost=2368221.09..2753088.25 rows=1499971 width=8)
                     Group Key: customer.c_custkey
                     ->  Merge Left Join  (cost=2368221.09..2663098.53 rows=14998001 width=8)
                           Merge Cond: (customer.c_custkey = orders.o_custkey)
                           ->  Index Only Scan using customer_pkey on customer  (cost=0.43..28673.99 rows=1499971 width=4)
                           ->  Materialize  (cost=2368212.00..2443202.01 rows=14998001 width=8)
                                 ->  Sort  (cost=2368212.00..2405707.01 rows=14998001 width=8)
                                       Sort Key: orders.o_custkey
                                       ->  Seq Scan on orders  (cost=0.00..448761.75 rows=14998001 width=8)
                                             Filter: ((o_comment)::text !~~ '%special%requests%'::text)
(15 rows)

query 14 run 1
SET
SET
                                                    QUERY PLAN                                                    
------------------------------------------------------------------------------------------------------------------
 Limit  (cost=808416.67..808416.69 rows=1 width=33)
   ->  Aggregate  (cost=808416.67..808416.69 rows=1 width=33)
         ->  Hash Join  (cost=111442.03..796356.52 rows=689151 width=33)
               Hash Cond: (lineitem.l_partkey = part.p_partkey)
               ->  Bitmap Heap Scan on lineitem  (cost=11787.38..659759.69 rows=735494 width=16)
                     Recheck Cond: ((l_shipdate >= '1994-05-01'::date) AND (l_shipdate < '1994-06-01'::date))
                     ->  Bitmap Index Scan on idx_lineitem_shipdate  (cost=0.00..11603.51 rows=735494 width=0)
                           Index Cond: ((l_shipdate >= '1994-05-01'::date) AND (l_shipdate < '1994-06-01'::date))
               ->  Hash  (cost=60981.29..60981.29 rows=2000029 width=25)
                     ->  Seq Scan on part  (cost=0.00..60981.29 rows=2000029 width=25)
(10 rows)

query 15 run 1
SET
SET
CREATE VIEW
                                                          QUERY PLAN                                                          
------------------------------------------------------------------------------------------------------------------------------
 Limit  (cost=2456823.77..2456824.93 rows=1 width=103)
   InitPlan 1 (returns $0)
     ->  Aggregate  (cost=1219662.29..1219662.30 rows=1 width=32)
           ->  HashAggregate  (cost=1219566.66..1219614.47 rows=3825 width=16)
                 Group Key: lineitem_1.l_suppkey
                 ->  Bitmap Heap Scan on lineitem lineitem_1  (cost=36884.59..1196551.03 rows=2301563 width=16)
                       Recheck Cond: ((l_shipdate >= '1996-01-01'::date) AND (l_shipdate < '1996-04-01'::date))
                       ->  Bitmap Index Scan on idx_lineitem_shipdate  (cost=0.00..36309.20 rows=2301563 width=0)
                             Index Cond: ((l_shipdate >= '1996-01-01'::date) AND (l_shipdate < '1996-04-01'::date))
   ->  Merge Join  (cost=1237161.47..1241604.35 rows=3825 width=103)
         Merge Cond: (supplier.s_suppkey = revenue0.supplier_no)
         ->  Index Scan using supplier_pkey on supplier  (cost=0.29..4135.79 rows=100000 width=71)
         ->  Sort  (cost=1237161.18..1237170.74 rows=3825 width=36)
               Sort Key: revenue0.supplier_no
               ->  Subquery Scan on revenue0  (cost=1236828.38..1236933.57 rows=3825 width=36)
                     ->  HashAggregate  (cost=1236828.38..1236895.32 rows=3825 width=16)
                           Group Key: lineitem.l_suppkey
                           Filter: (sum((lineitem.l_extendedprice * (1::numeric - lineitem.l_discount))) = $0)
                           ->  Bitmap Heap Scan on lineitem  (cost=36884.59..1196551.03 rows=2301563 width=16)
                                 Recheck Cond: ((l_shipdate >= '1996-01-01'::date) AND (l_shipdate < '1996-04-01'::date))
                                 ->  Bitmap Index Scan on idx_lineitem_shipdate  (cost=0.00..36309.20 rows=2301563 width=0)
                                       Index Cond: ((l_shipdate >= '1996-01-01'::date) AND (l_shipdate < '1996-04-01'::date))
(22 rows)

DROP VIEW
query 16 run 1
SET
SET
                                                                                      QUERY PLAN                                                                                      
--------------------------------------------------------------------------------------------------------------------------------------------------------------------------------------
 Limit  (cost=376174.44..376174.44 rows=1 width=40)
   ->  Sort  (cost=376174.44..376243.02 rows=27431 width=40)
         Sort Key: (count(DISTINCT partsupp.ps_suppkey)), part.p_brand, part.p_type, part.p_size
         ->  GroupAggregate  (cost=368449.62..376037.28 rows=27431 width=40)
               Group Key: part.p_brand, part.p_type, part.p_size
               ->  Sort  (cost=368449.62..369912.29 rows=585068 width=40)
                     Sort Key: part.p_brand, part.p_type, part.p_size
                     ->  Merge Join  (cost=3472.64..302120.49 rows=585068 width=40)
                           Merge Cond: (part.p_partkey = partsupp.ps_partkey)
                           ->  Index Scan using part_pkey on part  (cost=0.43..109213.30 rows=292600 width=40)
                                 Filter: ((p_brand <> 'Brand#12'::bpchar) AND ((p_type)::text !~~ 'SMALL BRUSHED%'::text) AND (p_size = ANY ('{12,32,36,26,40,34,49,9}'::integer[])))
                           ->  Index Only Scan using partsupp_pkey on partsupp  (cost=3471.46..176347.42 rows=3999156 width=8)
                                 Filter: (NOT (hashed SubPlan 1))
                                 SubPlan 1
                                   ->  Seq Scan on supplier  (cost=0.00..3471.00 rows=10 width=4)
                                         Filter: ((s_comment)::text ~~ '%Customer%Complaints%'::text)
(16 rows)

query 17 run 1
SET
SET
                                                       QUERY PLAN                                                       
------------------------------------------------------------------------------------------------------------------------
 Limit  (cost=10811642.64..10811642.65 rows=1 width=8)
   ->  Aggregate  (cost=10811642.64..10811642.65 rows=1 width=8)
         ->  Merge Join  (cost=10134200.62..10811598.42 rows=17687 width=8)
               Merge Cond: (lineitem_1.l_partkey = part.p_partkey)
               Join Filter: (lineitem.l_quantity < ((0.2 * avg(lineitem_1.l_quantity))))
               ->  GroupAggregate  (cost=10134199.63..10616138.26 rows=2134524 width=9)
                     Group Key: lineitem_1.l_partkey
                     ->  Sort  (cost=10134199.63..10284173.22 rows=59989436 width=9)
                           Sort Key: lineitem_1.l_partkey
                           ->  Seq Scan on lineitem lineitem_1  (cost=0.00..1725037.36 rows=59989436 width=9)
               ->  Materialize  (cost=0.99..167974.35 rows=49717 width=21)
                     ->  Nested Loop  (cost=0.99..167850.06 rows=49717 width=21)
                           ->  Index Scan using part_pkey on part  (cost=0.43..89213.01 rows=1769 width=4)
                                 Filter: ((p_brand = 'Brand#22'::bpchar) AND (p_container = 'LG BOX'::bpchar))
                           ->  Index Scan using idx_lineitem_part_supp on lineitem  (cost=0.56..44.17 rows=28 width=17)
                                 Index Cond: (l_partkey = part.p_partkey)
(16 rows)

query 18 run 1
SET
SET
                                                                          QUERY PLAN                                                                          
--------------------------------------------------------------------------------------------------------------------------------------------------------------
 Limit  (cost=11912849.74..11912852.74 rows=100 width=44)
   ->  GroupAggregate  (cost=11912849.74..12812691.28 rows=29994718 width=44)
         Group Key: orders.o_totalprice, orders.o_orderdate, customer.c_name, customer.c_custkey, orders.o_orderkey
         ->  Sort  (cost=11912849.74..11987836.53 rows=29994718 width=44)
               Sort Key: orders.o_totalprice, orders.o_orderdate, customer.c_name, customer.c_custkey, orders.o_orderkey
               ->  Hash Join  (cost=78952.10..7594616.44 rows=29994718 width=44)
                     Hash Cond: (orders.o_custkey = customer.c_custkey)
                     ->  Merge Join  (cost=466.75..6497361.74 rows=29994718 width=25)
                           Merge Cond: (orders.o_orderkey = lineitem.l_orderkey)
                           ->  Merge Semi Join  (cost=1.00..3757003.83 rows=7499750 width=24)
                                 Merge Cond: (orders.o_orderkey = lineitem_1.l_orderkey)
                                 ->  Index Scan using orders_pkey on orders  (cost=0.43..547957.94 rows=14999500 width=20)
                                 ->  Materialize  (cost=0.56..2984080.16 rows=14997359 width=4)
                                       ->  GroupAggregate  (cost=0.56..2796613.17 rows=14997359 width=9)
                                             Group Key: lineitem_1.l_orderkey
                                             Filter: (sum(lineitem_1.l_quantity) > 313::numeric)
                                             ->  Index Scan using idx_lineitem_orderkey on lineitem lineitem_1  (cost=0.56..2271705.60 rows=59989436 width=9)
                           ->  Index Scan using idx_lineitem_orderkey on lineitem  (cost=0.56..2271705.60 rows=59989436 width=9)
                     ->  Hash  (cost=50946.71..50946.71 rows=1499971 width=23)
                           ->  Seq Scan on customer  (cost=0.00..50946.71 rows=1499971 width=23)
(20 rows)

query 19 run 1
SET
SET
                                                                                                                                                                                                                                                                                                                                                                                                                                                                                                QUERY PLAN                                                                                                                                                                                                                                                                                                                                                                                                                                                                                                
----------------------------------------------------------------------------------------------------------------------------------------------------------------------------------------------------------------------------------------------------------------------------------------------------------------------------------------------------------------------------------------------------------------------------------------------------------------------------------------------------------------------------------------------------------------------------------------------------------------------------------------------------------------------------------------------------------------------------------------------------------------------------------------------------------------------------------------------------------------------------------------------------------------------------------------------------------------------------------------------------------
 Limit  (cost=336173.00..336173.01 rows=1 width=12)
   ->  Aggregate  (cost=336173.00..336173.01 rows=1 width=12)
         ->  Nested Loop  (cost=0.56..336165.39 rows=1015 width=12)
               ->  Seq Scan on part  (cost=0.00..125982.23 rows=4574 width=30)
                     Filter: ((p_size >= 1) AND (((p_brand = 'Brand#24'::bpchar) AND (p_container = ANY ('{"SM CASE","SM BOX","SM PACK","SM PKG"}'::bpchar[])) AND (p_size <= 5)) OR ((p_brand = 'Brand#43'::bpchar) AND (p_container = ANY ('{"MED BAG","MED BOX","MED PKG","MED PACK"}'::bpchar[])) AND (p_size <= 10)) OR ((p_brand = 'Brand#44'::bpchar) AND (p_container = ANY ('{"LG CASE","LG BOX","LG PACK","LG PKG"}'::bpchar[])) AND (p_size <= 15))))
               ->  Index Scan using idx_lineitem_part_supp on lineitem  (cost=0.56..45.94 rows=1 width=21)
                     Index Cond: (l_partkey = part.p_partkey)
                     Filter: ((l_shipmode = ANY ('{AIR,"AIR REG"}'::bpchar[])) AND (l_shipinstruct = 'DELIVER IN PERSON'::bpchar) AND (((l_quantity >= 10::numeric) AND (l_quantity <= 20::numeric)) OR ((l_quantity >= 10::numeric) AND (l_quantity <= 20::numeric)) OR ((l_quantity >= 20::numeric) AND (l_quantity <= 30::numeric))) AND (((part.p_brand = 'Brand#24'::bpchar) AND (part.p_container = ANY ('{"SM CASE","SM BOX","SM PACK","SM PKG"}'::bpchar[])) AND (l_quantity >= 10::numeric) AND (l_quantity <= 20::numeric) AND (part.p_size <= 5)) OR ((part.p_brand = 'Brand#43'::bpchar) AND (part.p_container = ANY ('{"MED BAG","MED BOX","MED PKG","MED PACK"}'::bpchar[])) AND (l_quantity >= 10::numeric) AND (l_quantity <= 20::numeric) AND (part.p_size <= 10)) OR ((part.p_brand = 'Brand#44'::bpchar) AND (part.p_container = ANY ('{"LG CASE","LG BOX","LG PACK","LG PKG"}'::bpchar[])) AND (l_quantity >= 20::numeric) AND (l_quantity <= 30::numeric) AND (part.p_size <= 15))))
(8 rows)

query 20 run 1
SET
SET
                                                                QUERY PLAN                                                                
------------------------------------------------------------------------------------------------------------------------------------------
 Limit  (cost=2988715.18..2988715.18 rows=1 width=51)
   ->  Sort  (cost=2988715.18..2988720.18 rows=2000 width=51)
         Sort Key: supplier.s_name
         ->  Nested Loop Semi Join  (cost=2860169.05..2988705.18 rows=2000 width=51)
               Join Filter: (supplier.s_suppkey = lineitem.l_suppkey)
               ->  Nested Loop  (cost=49.29..2273.46 rows=4000 width=55)
                     ->  Seq Scan on nation  (cost=0.00..1.31 rows=1 width=4)
                           Filter: (n_name = 'IRAQ'::bpchar)
                     ->  Bitmap Heap Scan on supplier  (cost=49.29..2232.15 rows=4000 width=59)
                           Recheck Cond: (s_nationkey = nation.n_nationkey)
                           ->  Bitmap Index Scan on idx_supplier_nation_key  (cost=0.00..48.29 rows=4000 width=0)
                                 Index Cond: (s_nationkey = nation.n_nationkey)
               ->  Materialize  (cost=2860119.76..2984751.79 rows=28 width=8)
                     ->  Merge Join  (cost=2860119.76..2984751.65 rows=28 width=8)
                           Merge Cond: ((lineitem.l_partkey = partsupp.ps_partkey) AND (lineitem.l_suppkey = partsupp.ps_suppkey))
                           Join Filter: ((partsupp.ps_availqty)::numeric > ((0.5 * sum(lineitem.l_quantity))))
                           ->  GroupAggregate  (cost=2570845.10..2676300.98 rows=917008 width=13)
                                 Group Key: lineitem.l_partkey, lineitem.l_suppkey
                                 ->  Sort  (cost=2570845.10..2593770.29 rows=9170076 width=13)
                                       Sort Key: lineitem.l_partkey, lineitem.l_suppkey
                                       ->  Bitmap Heap Scan on lineitem  (cost=146954.34..1409648.48 rows=9170076 width=13)
                                             Recheck Cond: ((l_shipdate >= '1996-01-01'::date) AND (l_shipdate < '1997-01-01'::date))
                                             ->  Bitmap Index Scan on idx_lineitem_shipdate  (cost=0.00..144661.83 rows=9170076 width=0)
                                                   Index Cond: ((l_shipdate >= '1996-01-01'::date) AND (l_shipdate < '1997-01-01'::date))
                           ->  Sort  (cost=289274.66..291081.55 rows=722755 width=16)
                                 Sort Key: partsupp.ps_partkey, partsupp.ps_suppkey
                                 ->  Nested Loop  (cost=0.43..218939.23 rows=722755 width=16)
                                       ->  Seq Scan on part  (cost=0.00..65981.36 rows=40405 width=4)
                                             Filter: ((p_name)::text ~~ 'olive%'::text)
                                       ->  Index Scan using idx_partsupp_partkey on partsupp  (cost=0.43..3.61 rows=18 width=12)
                                             Index Cond: (ps_partkey = part.p_partkey)
(31 rows)

query 21 run 1
SET
SET
                                                                   QUERY PLAN                                                                   
------------------------------------------------------------------------------------------------------------------------------------------------
 Limit  (cost=4014647.88..4014647.89 rows=1 width=26)
   ->  Sort  (cost=4014647.88..4014647.89 rows=1 width=26)
         Sort Key: (count(*)), supplier.s_name
         ->  HashAggregate  (cost=4014647.86..4014647.87 rows=1 width=26)
               Group Key: supplier.s_name
               ->  Nested Loop Anti Join  (cost=570742.05..4014647.86 rows=1 width=26)
                     ->  Nested Loop Semi Join  (cost=570741.49..4014641.13 rows=1 width=34)
                           Join Filter: (l2.l_suppkey <> l1.l_suppkey)
                           ->  Hash Join  (cost=570740.92..2582612.85 rows=388918 width=38)
                                 Hash Cond: (l1.l_orderkey = orders.o_orderkey)
                                 ->  Hash Join  (cost=2323.46..1960319.80 rows=799859 width=34)
                                       Hash Cond: (l1.l_suppkey = supplier.s_suppkey)
                                       ->  Seq Scan on lineitem l1  (cost=0.00..1875010.95 rows=19996479 width=8)
                                             Filter: (l_receiptdate > l_commitdate)
                                       ->  Hash  (cost=2273.46..2273.46 rows=4000 width=30)
                                             ->  Nested Loop  (cost=49.29..2273.46 rows=4000 width=30)
                                                   ->  Seq Scan on nation  (cost=0.00..1.31 rows=1 width=4)
                                                         Filter: (n_name = 'PERU'::bpchar)
                                                   ->  Bitmap Heap Scan on supplier  (cost=49.29..2232.15 rows=4000 width=34)
                                                         Recheck Cond: (s_nationkey = nation.n_nationkey)
                                                         ->  Bitmap Index Scan on idx_supplier_nation_key  (cost=0.00..48.29 rows=4000 width=0)
                                                               Index Cond: (s_nationkey = nation.n_nationkey)
                                 ->  Hash  (cost=448761.75..448761.75 rows=7293257 width=4)
                                       ->  Seq Scan on orders  (cost=0.00..448761.75 rows=7293257 width=4)
                                             Filter: (o_orderstatus = 'F'::bpchar)
                           ->  Index Scan using idx_lineitem_orderkey on lineitem l2  (cost=0.56..3.63 rows=4 width=8)
                                 Index Cond: (l_orderkey = orders.o_orderkey)
                     ->  Index Scan using idx_lineitem_orderkey on lineitem l3  (cost=0.56..3.64 rows=1 width=8)
                           Index Cond: (l_orderkey = l1.l_orderkey)
                           Filter: ((l_receiptdate > l_commitdate) AND (l_suppkey <> l1.l_suppkey))
(30 rows)

query 22 run 1
SET
SET
                                                               QUERY PLAN                                                               
----------------------------------------------------------------------------------------------------------------------------------------
 Limit  (cost=161370.22..161370.22 rows=1 width=22)
   InitPlan 1 (returns $0)
     ->  Aggregate  (cost=75440.60..75440.61 rows=1 width=6)
           ->  Seq Scan on customer customer_1  (cost=0.00..75321.24 rows=47742 width=6)
                 Filter: ((c_acctbal > 0.00) AND ("substring"((c_phone)::text, 1, 2) = ANY ('{21,29,26,34,14,15,17}'::text[])))
   ->  Sort  (cost=85929.61..85949.08 rows=7788 width=22)
         Sort Key: ("substring"((customer.c_phone)::text, 1, 2))
         ->  HashAggregate  (cost=85754.38..85890.67 rows=7788 width=22)
               Group Key: "substring"((customer.c_phone)::text, 1, 2)
               ->  Nested Loop Anti Join  (cost=0.43..85695.97 rows=7788 width=22)
                     ->  Seq Scan on customer  (cost=0.00..75321.24 rows=17500 width=26)
                           Filter: ((c_acctbal > $0) AND ("substring"((c_phone)::text, 1, 2) = ANY ('{21,29,26,34,14,15,17}'::text[])))
                     ->  Index Only Scan using idx_orders_custkey on orders  (cost=0.43..2.18 rows=18 width=4)
                           Index Cond: (o_custkey = customer.c_custkey)
(14 rows)

