query 1 run 1
SET
SET
SET
                                           QUERY PLAN                                           
------------------------------------------------------------------------------------------------
 Limit  (cost=4244661.45..4244661.45 rows=1 width=236)
   ->  Sort  (cost=4244661.45..4244661.46 rows=6 width=236)
         Sort Key: l_returnflag, l_linestatus
         ->  HashAggregate  (cost=4244661.25..4244661.42 rows=6 width=236)
               Group Key: l_returnflag, l_linestatus
               ->  Seq Scan on lineitem  (cost=0.00..1875002.05 rows=59241480 width=25)
                     Filter: (l_shipdate <= '1998-09-10 00:00:00'::timestamp without time zone)
(7 rows)

query 2 run 1
SET
SET
SET
                                                                  QUERY PLAN                                                                  
----------------------------------------------------------------------------------------------------------------------------------------------
 Limit  (cost=1126789.85..1126789.85 rows=1 width=192)
   ->  Sort  (cost=1126789.85..1126789.85 rows=1 width=192)
         Sort Key: supplier.s_acctbal DESC, nation.n_name, supplier.s_name, part.p_partkey
         ->  Merge Join  (cost=557470.90..1126789.84 rows=1 width=192)
               Merge Cond: (part.p_partkey = partsupp.ps_partkey)
               Join Filter: (partsupp.ps_supplycost = (SubPlan 1))
               ->  Index Scan using part_pkey on part  (cost=0.43..89212.05 rows=8848 width=30)
                     Filter: (((p_type)::text ~~ '%NICKEL'::text) AND (p_size = 16))
               ->  Materialize  (cost=557469.96..565453.67 rows=1596743 width=172)
                     ->  Sort  (cost=557469.96..561461.81 rows=1596743 width=172)
                           Sort Key: partsupp.ps_partkey
                           ->  Hash Join  (cost=4048.51..305240.18 rows=1596743 width=172)
                                 Hash Cond: (partsupp.ps_suppkey = supplier.s_suppkey)
                                 ->  Seq Scan on partsupp  (cost=0.00..255223.63 rows=8000163 width=14)
                                 ->  Hash  (cost=3798.51..3798.51 rows=20000 width=166)
                                       ->  Hash Join  (cost=2.51..3798.51 rows=20000 width=166)
                                             Hash Cond: (supplier.s_nationkey = nation.n_nationkey)
                                             ->  Seq Scan on supplier  (cost=0.00..3221.00 rows=100000 width=144)
                                             ->  Hash  (cost=2.45..2.45 rows=5 width=30)
                                                   ->  Hash Join  (cost=1.07..2.45 rows=5 width=30)
                                                         Hash Cond: (nation.n_regionkey = region.r_regionkey)
                                                         ->  Seq Scan on nation  (cost=0.00..1.25 rows=25 width=34)
                                                         ->  Hash  (cost=1.06..1.06 rows=1 width=4)
                                                               ->  Seq Scan on region  (cost=0.00..1.06 rows=1 width=4)
                                                                     Filter: (r_name = 'AMERICA'::bpchar)
               SubPlan 1
                 ->  Aggregate  (cost=66.25..66.26 rows=1 width=32)
                       ->  Nested Loop  (cost=2.29..66.24 rows=4 width=6)
                             Join Filter: (nation_1.n_regionkey = region_1.r_regionkey)
                             ->  Seq Scan on region region_1  (cost=0.00..1.06 rows=1 width=4)
                                   Filter: (r_name = 'AMERICA'::bpchar)
                             ->  Hash Join  (cost=2.29..64.95 rows=18 width=10)
                                   Hash Cond: (supplier_1.s_nationkey = nation_1.n_nationkey)
                                   ->  Nested Loop  (cost=0.72..63.33 rows=18 width=10)
                                         ->  Index Scan using idx_partsupp_partkey on partsupp partsupp_1  (cost=0.43..3.75 rows=18 width=10)
                                               Index Cond: (ps_partkey = part.p_partkey)
                                         ->  Index Scan using supplier_pkey on supplier supplier_1  (cost=0.29..3.31 rows=1 width=8)
                                               Index Cond: (s_suppkey = partsupp_1.ps_suppkey)
                                   ->  Hash  (cost=1.25..1.25 rows=25 width=8)
                                         ->  Seq Scan on nation nation_1  (cost=0.00..1.25 rows=25 width=8)
(40 rows)

query 3 run 1
SET
SET
SET
                                                              QUERY PLAN                                                               
---------------------------------------------------------------------------------------------------------------------------------------
 Limit  (cost=3432557.80..3432557.83 rows=10 width=44)
   ->  Sort  (cost=3432557.80..3440354.39 rows=3118637 width=44)
         Sort Key: (sum((lineitem.l_extendedprice * ('1'::numeric - lineitem.l_discount)))) DESC, orders.o_orderdate
         ->  GroupAggregate  (cost=3271606.07..3365165.18 rows=3118637 width=44)
               Group Key: lineitem.l_orderkey, orders.o_orderdate, orders.o_shippriority
               ->  Sort  (cost=3271606.07..3279402.66 rows=3118637 width=24)
                     Sort Key: lineitem.l_orderkey, orders.o_orderdate, orders.o_shippriority
                     ->  Hash Join  (cost=539617.72..2894105.83 rows=3118637 width=24)
                           Hash Cond: (lineitem.l_orderkey = orders.o_orderkey)
                           ->  Seq Scan on lineitem  (cost=0.00..1875002.05 rows=32651383 width=16)
                                 Filter: (l_shipdate > '1995-03-07'::date)
                           ->  Hash  (cost=514716.67..514716.67 rows=1432484 width=12)
                                 ->  Hash Join  (cost=144170.03..514716.67 rows=1432484 width=12)
                                       Hash Cond: (orders.o_custkey = customer.c_custkey)
                                       ->  Bitmap Heap Scan on orders  (cost=85757.43..437338.31 rows=7225031 width=16)
                                             Recheck Cond: (o_orderdate < '1995-03-07'::date)
                                             ->  Bitmap Index Scan on idx_orders_orderdate  (cost=0.00..83951.17 rows=7225031 width=0)
                                                   Index Cond: (o_orderdate < '1995-03-07'::date)
                                       ->  Hash  (cost=54695.41..54695.41 rows=297375 width=4)
                                             ->  Seq Scan on customer  (cost=0.00..54695.41 rows=297375 width=4)
                                                   Filter: (c_mktsegment = 'BUILDING'::bpchar)
(21 rows)

query 4 run 1
SET
SET
SET
                                                        QUERY PLAN                                                        
--------------------------------------------------------------------------------------------------------------------------
 Limit  (cost=2013804.85..2013804.86 rows=1 width=24)
   ->  Sort  (cost=2013804.85..2013804.87 rows=5 width=24)
         Sort Key: orders.o_orderpriority
         ->  HashAggregate  (cost=2013804.78..2013804.83 rows=5 width=24)
               Group Key: orders.o_orderpriority
               ->  Nested Loop Semi Join  (cost=7820.56..2011084.37 rows=544082 width=16)
                     ->  Bitmap Heap Scan on orders  (cost=7819.99..277249.54 rows=544103 width=20)
                           Recheck Cond: ((o_orderdate >= '1993-12-01'::date) AND (o_orderdate < '1994-03-01'::date))
                           ->  Bitmap Index Scan on idx_orders_orderdate  (cost=0.00..7683.97 rows=544103 width=0)
                                 Index Cond: ((o_orderdate >= '1993-12-01'::date) AND (o_orderdate < '1994-03-01'::date))
                     ->  Index Scan using idx_lineitem_orderkey on lineitem  (cost=0.56..3.61 rows=1 width=4)
                           Index Cond: (l_orderkey = orders.o_orderkey)
                           Filter: (l_commitdate < l_receiptdate)
(13 rows)

query 5 run 1
SET
SET
SET
                                                                 QUERY PLAN                                                                 
--------------------------------------------------------------------------------------------------------------------------------------------
 Limit  (cost=2078210.48..2078210.48 rows=1 width=58)
   ->  Sort  (cost=2078210.48..2078210.54 rows=25 width=58)
         Sort Key: (sum((lineitem.l_extendedprice * ('1'::numeric - lineitem.l_discount)))) DESC
         ->  GroupAggregate  (cost=2077313.68..2078210.35 rows=25 width=58)
               Group Key: nation.n_name
               ->  Sort  (cost=2077313.68..2077492.95 rows=71709 width=38)
                     Sort Key: nation.n_name
                     ->  Hash Join  (cost=100635.68..2071530.39 rows=71709 width=38)
                           Hash Cond: ((lineitem.l_suppkey = supplier.s_suppkey) AND (customer.c_nationkey = supplier.s_nationkey))
                           ->  Nested Loop  (cost=95914.68..2057283.75 rows=1814406 width=50)
                                 ->  Hash Join  (cost=95914.12..404245.12 rows=453619 width=38)
                                       Hash Cond: (orders.o_custkey = customer.c_custkey)
                                       ->  Bitmap Heap Scan on orders  (cost=32591.92..327881.36 rows=2268096 width=8)
                                             Recheck Cond: ((o_orderdate >= '1993-01-01'::date) AND (o_orderdate < '1994-01-01'::date))
                                             ->  Bitmap Index Scan on idx_orders_orderdate  (cost=0.00..32024.90 rows=2268096 width=0)
                                                   Index Cond: ((o_orderdate >= '1993-01-01'::date) AND (o_orderdate < '1994-01-01'::date))
                                       ->  Hash  (cost=59572.51..59572.51 rows=299975 width=38)
                                             ->  Hash Join  (cost=2.51..59572.51 rows=299975 width=38)
                                                   Hash Cond: (customer.c_nationkey = nation.n_nationkey)
                                                   ->  Seq Scan on customer  (cost=0.00..50945.73 rows=1499873 width=8)
                                                   ->  Hash  (cost=2.45..2.45 rows=5 width=30)
                                                         ->  Hash Join  (cost=1.07..2.45 rows=5 width=30)
                                                               Hash Cond: (nation.n_regionkey = region.r_regionkey)
                                                               ->  Seq Scan on nation  (cost=0.00..1.25 rows=25 width=34)
                                                               ->  Hash  (cost=1.06..1.06 rows=1 width=4)
                                                                     ->  Seq Scan on region  (cost=0.00..1.06 rows=1 width=4)
                                                                           Filter: (r_name = 'AMERICA'::bpchar)
                                 ->  Index Scan using idx_lineitem_orderkey on lineitem  (cost=0.56..3.60 rows=4 width=20)
                                       Index Cond: (l_orderkey = orders.o_orderkey)
                           ->  Hash  (cost=3221.00..3221.00 rows=100000 width=8)
                                 ->  Seq Scan on supplier  (cost=0.00..3221.00 rows=100000 width=8)
(31 rows)

query 6 run 1
SET
SET
SET
                                                                                                          QUERY PLAN                                                                                                           
-------------------------------------------------------------------------------------------------------------------------------------------------------------------------------------------------------------------------------
 Limit  (cost=1972614.47..1972614.48 rows=1 width=32)
   ->  Aggregate  (cost=1972614.47..1972614.48 rows=1 width=32)
         ->  Bitmap Heap Scan on lineitem  (cost=211816.52..1966610.40 rows=1200812 width=12)
               Recheck Cond: ((l_shipdate >= '1993-01-01'::date) AND (l_shipdate < '1994-01-01 00:00:00'::timestamp without time zone) AND (l_discount >= 0.06) AND (l_discount <= 0.08) AND (l_quantity < '25'::numeric))
               ->  Bitmap Index Scan on idx_lineitem_shipdate  (cost=0.00..211516.32 rows=1200812 width=0)
                     Index Cond: ((l_shipdate >= '1993-01-01'::date) AND (l_shipdate < '1994-01-01 00:00:00'::timestamp without time zone) AND (l_discount >= 0.06) AND (l_discount <= 0.08) AND (l_quantity < '25'::numeric))
(6 rows)

query 7 run 1
SET
SET
SET
                                                                                 QUERY PLAN                                                                                  
-----------------------------------------------------------------------------------------------------------------------------------------------------------------------------
 Limit  (cost=2716427.16..2716427.28 rows=1 width=92)
   ->  GroupAggregate  (cost=2716427.16..2717643.88 rows=10040 width=92)
         Group Key: n1.n_name, n2.n_name, (date_part('year'::text, (lineitem.l_shipdate)::timestamp without time zone))
         ->  Sort  (cost=2716427.16..2716575.88 rows=59487 width=72)
               Sort Key: n1.n_name, n2.n_name, (date_part('year'::text, (lineitem.l_shipdate)::timestamp without time zone))
               ->  Hash Join  (cost=563366.30..2711709.75 rows=59487 width=72)
                     Hash Cond: (lineitem.l_orderkey = orders.o_orderkey)
                     Join Filter: (((n1.n_name = 'PERU'::bpchar) AND (n2.n_name = 'MOROCCO'::bpchar)) OR ((n1.n_name = 'MOROCCO'::bpchar) AND (n2.n_name = 'PERU'::bpchar)))
                     ->  Hash Join  (cost=3629.40..2110698.04 rows=1429417 width=46)
                           Hash Cond: (lineitem.l_suppkey = supplier.s_suppkey)
                           ->  Seq Scan on lineitem  (cost=0.00..2024973.86 rows=18080163 width=24)
                                 Filter: ((l_shipdate >= '1995-01-01'::date) AND (l_shipdate <= '1996-12-31'::date))
                           ->  Hash  (cost=3529.40..3529.40 rows=8000 width=30)
                                 ->  Hash Join  (cost=1.40..3529.40 rows=8000 width=30)
                                       Hash Cond: (supplier.s_nationkey = n1.n_nationkey)
                                       ->  Seq Scan on supplier  (cost=0.00..3221.00 rows=100000 width=8)
                                       ->  Hash  (cost=1.38..1.38 rows=2 width=30)
                                             ->  Seq Scan on nation n1  (cost=0.00..1.38 rows=2 width=30)
                                                   Filter: ((n_name = 'PERU'::bpchar) OR (n_name = 'MOROCCO'::bpchar))
                     ->  Hash  (cost=536537.14..536537.14 rows=1199821 width=30)
                           ->  Hash Join  (cost=57051.62..536537.14 rows=1199821 width=30)
                                 Hash Cond: (orders.o_custkey = customer.c_custkey)
                                 ->  Seq Scan on orders  (cost=0.00..411245.67 rows=14997767 width=8)
                                 ->  Hash  (cost=55551.74..55551.74 rows=119990 width=30)
                                       ->  Hash Join  (cost=1.40..55551.74 rows=119990 width=30)
                                             Hash Cond: (customer.c_nationkey = n2.n_nationkey)
                                             ->  Seq Scan on customer  (cost=0.00..50945.73 rows=1499873 width=8)
                                             ->  Hash  (cost=1.38..1.38 rows=2 width=30)
                                                   ->  Seq Scan on nation n2  (cost=0.00..1.38 rows=2 width=30)
                                                         Filter: ((n_name = 'MOROCCO'::bpchar) OR (n_name = 'PERU'::bpchar))
(30 rows)

query 8 run 1
SET
SET
SET
                                                                   QUERY PLAN                                                                   
------------------------------------------------------------------------------------------------------------------------------------------------
 Limit  (cost=1295303.55..1295303.80 rows=1 width=40)
   ->  GroupAggregate  (cost=1295303.55..1295895.98 rows=2406 width=40)
         Group Key: (date_part('year'::text, (orders.o_orderdate)::timestamp without time zone))
         ->  Sort  (cost=1295303.55..1295363.36 rows=23924 width=46)
               Sort Key: (date_part('year'::text, (orders.o_orderdate)::timestamp without time zone))
               ->  Nested Loop  (cost=936341.66..1293563.54 rows=23924 width=46)
                     Join Filter: (supplier.s_nationkey = n2.n_nationkey)
                     ->  Hash Join  (cost=936341.66..1284802.38 rows=23924 width=20)
                           Hash Cond: (lineitem.l_suppkey = supplier.s_suppkey)
                           ->  Hash Join  (cost=931870.66..1280267.83 rows=24209 width=20)
                                 Hash Cond: (orders.o_custkey = customer.c_custkey)
                                 ->  Hash Join  (cost=868548.46..1216249.62 rows=121045 width=24)
                                       Hash Cond: (orders.o_orderkey = lineitem.l_orderkey)
                                       ->  Bitmap Heap Scan on orders  (cost=65313.35..394759.51 rows=4545211 width=12)
                                             Recheck Cond: ((o_orderdate >= '1995-01-01'::date) AND (o_orderdate <= '1996-12-31'::date))
                                             ->  Bitmap Index Scan on idx_orders_orderdate  (cost=0.00..64177.04 rows=4545211 width=0)
                                                   Index Cond: ((o_orderdate >= '1995-01-01'::date) AND (o_orderdate <= '1996-12-31'::date))
                                       ->  Hash  (cost=798242.50..798242.50 rows=399409 width=20)
                                             ->  Nested Loop  (cost=0.56..798242.50 rows=399409 width=20)
                                                   ->  Seq Scan on part  (cost=0.00..65980.76 rows=13316 width=4)
                                                         Filter: ((p_type)::text = 'LARGE POLISHED BRASS'::text)
                                                   ->  Index Scan using idx_lineitem_part_supp on lineitem  (cost=0.56..54.64 rows=35 width=24)
                                                         Index Cond: (l_partkey = part.p_partkey)
                                 ->  Hash  (cost=59572.51..59572.51 rows=299975 width=4)
                                       ->  Hash Join  (cost=2.51..59572.51 rows=299975 width=4)
                                             Hash Cond: (customer.c_nationkey = n1.n_nationkey)
                                             ->  Seq Scan on customer  (cost=0.00..50945.73 rows=1499873 width=8)
                                             ->  Hash  (cost=2.45..2.45 rows=5 width=4)
                                                   ->  Hash Join  (cost=1.07..2.45 rows=5 width=4)
                                                         Hash Cond: (n1.n_regionkey = region.r_regionkey)
                                                         ->  Seq Scan on nation n1  (cost=0.00..1.25 rows=25 width=8)
                                                         ->  Hash  (cost=1.06..1.06 rows=1 width=4)
                                                               ->  Seq Scan on region  (cost=0.00..1.06 rows=1 width=4)
                                                                     Filter: (r_name = 'AMERICA'::bpchar)
                           ->  Hash  (cost=3221.00..3221.00 rows=100000 width=8)
                                 ->  Seq Scan on supplier  (cost=0.00..3221.00 rows=100000 width=8)
                     ->  Materialize  (cost=0.00..1.38 rows=25 width=30)
                           ->  Seq Scan on nation n2  (cost=0.00..1.25 rows=25 width=30)
(38 rows)

query 9 run 1
SET
SET
SET
                                                            QUERY PLAN                                                             
-----------------------------------------------------------------------------------------------------------------------------------
 Limit  (cost=1497076.37..1497076.41 rows=1 width=66)
   ->  GroupAggregate  (cost=1497076.37..1497080.57 rows=112 width=66)
         Group Key: nation.n_name, (date_part('year'::text, (orders.o_orderdate)::timestamp without time zone))
         ->  Sort  (cost=1497076.37..1497076.65 rows=112 width=57)
               Sort Key: nation.n_name, (date_part('year'::text, (orders.o_orderdate)::timestamp without time zone)) DESC
               ->  Nested Loop  (cost=66992.14..1497072.56 rows=112 width=57)
                     Join Filter: (supplier.s_nationkey = nation.n_nationkey)
                     ->  Nested Loop  (cost=66992.14..1497030.07 rows=112 width=31)
                           ->  Nested Loop  (cost=66991.71..1496646.74 rows=112 width=31)
                                 ->  Nested Loop  (cost=66991.41..1496279.59 rows=112 width=35)
                                       ->  Hash Join  (cost=66990.85..343214.95 rows=323238 width=18)
                                             Hash Cond: (partsupp.ps_partkey = part.p_partkey)
                                             ->  Seq Scan on partsupp  (cost=0.00..255223.63 rows=8000163 width=14)
                                             ->  Hash  (cost=65980.76..65980.76 rows=80807 width=4)
                                                   ->  Seq Scan on part  (cost=0.00..65980.76 rows=80807 width=4)
                                                         Filter: ((p_name)::text ~~ '%navy%'::text)
                                       ->  Index Scan using idx_lineitem_part_supp on lineitem  (cost=0.56..3.56 rows=1 width=29)
                                             Index Cond: ((l_partkey = partsupp.ps_partkey) AND (l_suppkey = partsupp.ps_suppkey))
                                 ->  Index Scan using supplier_pkey on supplier  (cost=0.29..3.28 rows=1 width=8)
                                       Index Cond: (s_suppkey = lineitem.l_suppkey)
                           ->  Index Scan using orders_pkey on orders  (cost=0.43..3.42 rows=1 width=8)
                                 Index Cond: (o_orderkey = lineitem.l_orderkey)
                     ->  Materialize  (cost=0.00..1.38 rows=25 width=30)
                           ->  Seq Scan on nation  (cost=0.00..1.25 rows=25 width=30)
(24 rows)

query 10 run 1
SET
SET
SET
                                                                    QUERY PLAN                                                                    
--------------------------------------------------------------------------------------------------------------------------------------------------
 Limit  (cost=2467916.42..2467916.47 rows=20 width=202)
   ->  Sort  (cost=2467916.42..2469411.81 rows=598156 width=202)
         Sort Key: (sum((lineitem.l_extendedprice * ('1'::numeric - lineitem.l_discount)))) DESC
         ->  GroupAggregate  (cost=2435550.42..2451999.71 rows=598156 width=202)
               Group Key: customer.c_custkey, nation.n_name
               ->  Sort  (cost=2435550.42..2437045.81 rows=598156 width=182)
                     Sort Key: customer.c_custkey, nation.n_name
                     ->  Hash Join  (cost=388398.91..2343983.86 rows=598156 width=182)
                           Hash Cond: (customer.c_nationkey = nation.n_nationkey)
                           ->  Hash Join  (cost=388397.34..2342145.96 rows=598156 width=160)
                                 Hash Cond: (orders.o_custkey = customer.c_custkey)
                                 ->  Hash Join  (cost=286479.20..2200591.66 rows=598156 width=16)
                                       Hash Cond: (lineitem.l_orderkey = orders.o_orderkey)
                                       ->  Seq Scan on lineitem  (cost=0.00..1875002.05 rows=14899200 width=16)
                                             Filter: (l_returnflag = 'R'::bpchar)
                                       ->  Hash  (cost=278952.79..278952.79 rows=602113 width=8)
                                             ->  Bitmap Heap Scan on orders  (cost=8653.09..278952.79 rows=602113 width=8)
                                                   Recheck Cond: ((o_orderdate >= '1994-08-01'::date) AND (o_orderdate < '1994-11-01'::date))
                                                   ->  Bitmap Index Scan on idx_orders_orderdate  (cost=0.00..8502.57 rows=602113 width=0)
                                                         Index Cond: ((o_orderdate >= '1994-08-01'::date) AND (o_orderdate < '1994-11-01'::date))
                                 ->  Hash  (cost=50945.73..50945.73 rows=1499873 width=148)
                                       ->  Seq Scan on customer  (cost=0.00..50945.73 rows=1499873 width=148)
                           ->  Hash  (cost=1.25..1.25 rows=25 width=30)
                                 ->  Seq Scan on nation  (cost=0.00..1.25 rows=25 width=30)
(24 rows)

query 11 run 1
SET
SET
SET
                                                             QUERY PLAN                                                             
------------------------------------------------------------------------------------------------------------------------------------
 Limit  (cost=625581.72..625581.72 rows=1 width=36)
   InitPlan 1 (returns $1)
     ->  Aggregate  (cost=293136.44..293136.45 rows=1 width=32)
           ->  Hash Join  (cost=2323.58..290741.32 rows=319349 width=10)
                 Hash Cond: (partsupp_1.ps_suppkey = supplier_1.s_suppkey)
                 ->  Seq Scan on partsupp partsupp_1  (cost=0.00..255223.63 rows=8000163 width=14)
                 ->  Hash  (cost=2273.58..2273.58 rows=4000 width=4)
                       ->  Nested Loop  (cost=49.42..2273.58 rows=4000 width=4)
                             ->  Seq Scan on nation nation_1  (cost=0.00..1.31 rows=1 width=4)
                                   Filter: (n_name = 'SAUDI ARABIA'::bpchar)
                             ->  Bitmap Heap Scan on supplier supplier_1  (cost=49.42..2232.27 rows=4000 width=8)
                                   Recheck Cond: (s_nationkey = nation_1.n_nationkey)
                                   ->  Bitmap Index Scan on idx_supplier_nation_key  (cost=0.00..48.42 rows=4000 width=0)
                                         Index Cond: (s_nationkey = nation_1.n_nationkey)
   ->  Sort  (cost=332445.27..332711.40 rows=106450 width=36)
         Sort Key: (sum((partsupp.ps_supplycost * (partsupp.ps_availqty)::numeric))) DESC
         ->  GroupAggregate  (cost=319937.44..331913.02 rows=106450 width=36)
               Group Key: partsupp.ps_partkey
               Filter: (sum((partsupp.ps_supplycost * (partsupp.ps_availqty)::numeric)) > $1)
               ->  Sort  (cost=319937.44..320735.81 rows=319349 width=14)
                     Sort Key: partsupp.ps_partkey
                     ->  Hash Join  (cost=2323.58..290741.32 rows=319349 width=14)
                           Hash Cond: (partsupp.ps_suppkey = supplier.s_suppkey)
                           ->  Seq Scan on partsupp  (cost=0.00..255223.63 rows=8000163 width=18)
                           ->  Hash  (cost=2273.58..2273.58 rows=4000 width=4)
                                 ->  Nested Loop  (cost=49.42..2273.58 rows=4000 width=4)
                                       ->  Seq Scan on nation  (cost=0.00..1.31 rows=1 width=4)
                                             Filter: (n_name = 'SAUDI ARABIA'::bpchar)
                                       ->  Bitmap Heap Scan on supplier  (cost=49.42..2232.27 rows=4000 width=8)
                                             Recheck Cond: (s_nationkey = nation.n_nationkey)
                                             ->  Bitmap Index Scan on idx_supplier_nation_key  (cost=0.00..48.42 rows=4000 width=0)
                                                   Index Cond: (s_nationkey = nation.n_nationkey)
(32 rows)

query 12 run 1
SET
SET
SET
                                                                                                                    QUERY PLAN                                                                                                                     
---------------------------------------------------------------------------------------------------------------------------------------------------------------------------------------------------------------------------------------------------
 Limit  (cost=3030374.15..3031177.08 rows=1 width=27)
   ->  GroupAggregate  (cost=3030374.15..3035994.66 rows=7 width=27)
         Group Key: lineitem.l_shipmode
         ->  Sort  (cost=3030374.15..3031076.71 rows=281022 width=27)
               Sort Key: lineitem.l_shipmode
               ->  Hash Join  (cost=2478402.06..3004941.21 rows=281022 width=27)
                     Hash Cond: (orders.o_orderkey = lineitem.l_orderkey)
                     ->  Seq Scan on orders  (cost=0.00..411245.67 rows=14997767 width=20)
                     ->  Hash  (cost=2474889.29..2474889.29 rows=281022 width=15)
                           ->  Seq Scan on lineitem  (cost=0.00..2474889.29 rows=281022 width=15)
                                 Filter: ((l_shipmode = ANY ('{SHIP,"REG AIR"}'::bpchar[])) AND (l_commitdate < l_receiptdate) AND (l_shipdate < l_commitdate) AND (l_receiptdate >= '1994-01-01'::date) AND (l_receiptdate < '1995-01-01'::date))
(11 rows)

query 13 run 1
SET
SET
SET
                                                              QUERY PLAN                                                               
---------------------------------------------------------------------------------------------------------------------------------------
 Limit  (cost=2687447.80..2687447.80 rows=1 width=16)
   ->  Sort  (cost=2687447.80..2687448.30 rows=200 width=16)
         Sort Key: (count(*)) DESC, (count(orders.o_orderkey)) DESC
         ->  HashAggregate  (cost=2687444.80..2687446.80 rows=200 width=16)
               Group Key: count(orders.o_orderkey)
               ->  GroupAggregate  (cost=2539737.11..2664946.71 rows=1499873 width=12)
                     Group Key: customer.c_custkey
                     ->  Sort  (cost=2539737.11..2576474.07 rows=14694782 width=8)
                           Sort Key: customer.c_custkey
                           ->  Hash Right Join  (cost=53279.94..661256.94 rows=14694782 width=8)
                                 Hash Cond: (orders.o_custkey = customer.c_custkey)
                                 ->  Seq Scan on orders  (cost=0.00..448740.09 rows=14694782 width=8)
                                       Filter: ((o_comment)::text !~~ '%special%requests%'::text)
                                 ->  Hash  (cost=28672.52..28672.52 rows=1499873 width=4)
                                       ->  Index Only Scan using customer_pkey on customer  (cost=0.43..28672.52 rows=1499873 width=4)
(15 rows)

query 14 run 1
SET
SET
SET
                                                     QUERY PLAN                                                     
--------------------------------------------------------------------------------------------------------------------
 Limit  (cost=1301649.74..1301649.75 rows=1 width=32)
   ->  Aggregate  (cost=1301649.74..1301649.75 rows=1 width=32)
         ->  Hash Join  (cost=99653.14..1288127.85 rows=772679 width=33)
               Hash Cond: (lineitem.l_partkey = part.p_partkey)
               ->  Index Scan using idx_lineitem_shipdate on lineitem  (cost=0.56..1165229.00 rows=772679 width=16)
                     Index Cond: ((l_shipdate >= '1994-05-01'::date) AND (l_shipdate < '1994-06-01'::date))
               ->  Hash  (cost=60980.81..60980.81 rows=1999981 width=25)
                     ->  Seq Scan on part  (cost=0.00..60980.81 rows=1999981 width=25)
(8 rows)

query 15 run 1
SET
SET
SET
CREATE VIEW
                                                       QUERY PLAN                                                       
------------------------------------------------------------------------------------------------------------------------
 Limit  (cost=3992053.25..3992147.30 rows=1 width=103)
   InitPlan 1 (returns $0)
     ->  Aggregate  (cost=1878681.77..1878681.78 rows=1 width=32)
           ->  HashAggregate  (cost=1876152.04..1877416.91 rows=101189 width=36)
                 Group Key: lineitem_1.l_suppkey
                 ->  Bitmap Heap Scan on lineitem lineitem_1  (cost=35738.29..1853862.55 rows=2228949 width=16)
                       Recheck Cond: ((l_shipdate >= '1996-01-01'::date) AND (l_shipdate < '1996-04-01'::date))
                       ->  Bitmap Index Scan on idx_lineitem_shipdate  (cost=0.00..35181.06 rows=2228949 width=0)
                             Index Cond: ((l_shipdate >= '1996-01-01'::date) AND (l_shipdate < '1996-04-01'::date))
   ->  Nested Loop  (cost=2113371.47..2160961.39 rows=506 width=103)
         ->  GroupAggregate  (cost=2113371.18..2159720.97 rows=506 width=36)
               Group Key: lineitem.l_suppkey
               Filter: (sum((lineitem.l_extendedprice * ('1'::numeric - lineitem.l_discount))) = $0)
               ->  Sort  (cost=2113371.18..2118943.55 rows=2228949 width=16)
                     Sort Key: lineitem.l_suppkey
                     ->  Bitmap Heap Scan on lineitem  (cost=35738.29..1853862.55 rows=2228949 width=16)
                           Recheck Cond: ((l_shipdate >= '1996-01-01'::date) AND (l_shipdate < '1996-04-01'::date))
                           ->  Bitmap Index Scan on idx_lineitem_shipdate  (cost=0.00..35181.06 rows=2228949 width=0)
                                 Index Cond: ((l_shipdate >= '1996-01-01'::date) AND (l_shipdate < '1996-04-01'::date))
         ->  Index Scan using supplier_pkey on supplier  (cost=0.29..2.44 rows=1 width=71)
               Index Cond: (s_suppkey = lineitem.l_suppkey)
(21 rows)

DROP VIEW
query 16 run 1
SET
SET
SET
                                                                                         QUERY PLAN                                                                                         
--------------------------------------------------------------------------------------------------------------------------------------------------------------------------------------------
 Limit  (cost=357228.05..357228.05 rows=1 width=44)
   ->  Sort  (cost=357228.05..357609.59 rows=152617 width=44)
         Sort Key: (count(DISTINCT partsupp.ps_suppkey)) DESC, part.p_brand, part.p_type, part.p_size
         ->  GroupAggregate  (cost=347645.35..356464.97 rows=152617 width=44)
               Group Key: part.p_brand, part.p_type, part.p_size
               ->  Sort  (cost=347645.35..349104.04 rows=583476 width=40)
                     Sort Key: part.p_brand, part.p_type, part.p_size
                     ->  Hash Join  (cost=98098.60..281507.18 rows=583476 width=40)
                           Hash Cond: (partsupp.ps_partkey = part.p_partkey)
                           ->  Index Only Scan using partsupp_pkey on partsupp  (cost=3471.46..176379.81 rows=4000082 width=8)
                                 Filter: (NOT (hashed SubPlan 1))
                                 SubPlan 1
                                   ->  Seq Scan on supplier  (cost=0.00..3471.00 rows=10 width=4)
                                         Filter: ((s_comment)::text ~~ '%Customer%Complaints%'::text)
                           ->  Hash  (cost=90980.52..90980.52 rows=291729 width=40)
                                 ->  Seq Scan on part  (cost=0.00..90980.52 rows=291729 width=40)
                                       Filter: ((p_brand <> 'Brand#12'::bpchar) AND ((p_type)::text !~~ 'SMALL BRUSHED%'::text) AND (p_size = ANY ('{12,32,36,26,40,34,49,9}'::integer[])))
(17 rows)

query 17 run 1
SET
SET
SET
                                                       QUERY PLAN                                                       
------------------------------------------------------------------------------------------------------------------------
 Limit  (cost=10840054.61..10840054.63 rows=1 width=32)
   ->  Aggregate  (cost=10840054.61..10840054.63 rows=1 width=32)
         ->  Merge Join  (cost=10134087.38..10840008.35 rows=18505 width=8)
               Merge Cond: (lineitem_1.l_partkey = part.p_partkey)
               Join Filter: (lineitem.l_quantity < ((0.2 * avg(lineitem_1.l_quantity))))
               ->  GroupAggregate  (cost=10134086.39..10609707.35 rows=1713702 width=36)
                     Group Key: lineitem_1.l_partkey
                     ->  Sort  (cost=10134086.39..10284058.20 rows=59988724 width=9)
                           Sort Key: lineitem_1.l_partkey
                           ->  Seq Scan on lineitem lineitem_1  (cost=0.00..1725030.24 rows=59988724 width=9)
               ->  Materialize  (cost=0.99..208023.83 rows=64788 width=21)
                     ->  Nested Loop  (cost=0.99..207861.86 rows=64788 width=21)
                           ->  Index Scan using part_pkey on part  (cost=0.43..89212.05 rows=2160 width=4)
                                 Filter: ((p_brand = 'Brand#22'::bpchar) AND (p_container = 'LG BOX'::bpchar))
                           ->  Index Scan using idx_lineitem_part_supp on lineitem  (cost=0.56..54.58 rows=35 width=17)
                                 Index Cond: (l_partkey = part.p_partkey)
(16 rows)

query 18 run 1
SET
SET
SET
                                                                          QUERY PLAN                                                                          
--------------------------------------------------------------------------------------------------------------------------------------------------------------
 Limit  (cost=10576349.74..10576349.99 rows=100 width=71)
   ->  Sort  (cost=10576349.74..10626338.39 rows=19995459 width=71)
         Sort Key: orders.o_totalprice DESC, orders.o_orderdate
         ->  GroupAggregate  (cost=9362239.85..9812137.67 rows=19995459 width=71)
               Group Key: customer.c_custkey, orders.o_orderkey
               ->  Sort  (cost=9362239.85..9412228.49 rows=19995459 width=44)
                     Sort Key: customer.c_custkey, orders.o_orderkey
                     ->  Hash Join  (cost=78611.69..6542054.11 rows=19995459 width=44)
                           Hash Cond: (orders.o_custkey = customer.c_custkey)
                           ->  Merge Join  (cost=128.55..6128917.74 rows=19995459 width=25)
                                 Merge Cond: (orders.o_orderkey = lineitem.l_orderkey)
                                 ->  Merge Join  (cost=1.00..3494760.97 rows=4999060 width=24)
                                       Merge Cond: (orders.o_orderkey = lineitem_1.l_orderkey)
                                       ->  Index Scan using orders_pkey on orders  (cost=0.43..547931.94 rows=14997767 width=20)
                                       ->  GroupAggregate  (cost=0.56..2796855.76 rows=4999060 width=4)
                                             Group Key: lineitem_1.l_orderkey
                                             Filter: (sum(lineitem_1.l_quantity) > '313'::numeric)
                                             ->  Index Scan using idx_lineitem_orderkey on lineitem lineitem_1  (cost=0.56..2271954.43 rows=59988724 width=9)
                                 ->  Index Scan using idx_lineitem_orderkey on lineitem  (cost=0.56..2271954.43 rows=59988724 width=9)
                           ->  Hash  (cost=50945.73..50945.73 rows=1499873 width=23)
                                 ->  Seq Scan on customer  (cost=0.00..50945.73 rows=1499873 width=23)
(21 rows)

query 19 run 1
SET
SET
SET
                                                                                                                                                                                                                                                                                                                                                                                                                                                                                                            QUERY PLAN                                                                                                                                                                                                                                                                                                                                                                                                                                                                                                            
----------------------------------------------------------------------------------------------------------------------------------------------------------------------------------------------------------------------------------------------------------------------------------------------------------------------------------------------------------------------------------------------------------------------------------------------------------------------------------------------------------------------------------------------------------------------------------------------------------------------------------------------------------------------------------------------------------------------------------------------------------------------------------------------------------------------------------------------------------------------------------------------------------------------------------------------------------------------------------------------------------------------------------
 Limit  (cost=393932.22..393932.23 rows=1 width=32)
   ->  Aggregate  (cost=393932.22..393932.23 rows=1 width=32)
         ->  Nested Loop  (cost=0.56..393923.74 rows=1130 width=12)
               ->  Seq Scan on part  (cost=0.00..125980.19 rows=4715 width=30)
                     Filter: ((p_size >= 1) AND (((p_brand = 'Brand#24'::bpchar) AND (p_container = ANY ('{"SM CASE","SM BOX","SM PACK","SM PKG"}'::bpchar[])) AND (p_size <= 5)) OR ((p_brand = 'Brand#43'::bpchar) AND (p_container = ANY ('{"MED BAG","MED BOX","MED PKG","MED PACK"}'::bpchar[])) AND (p_size <= 10)) OR ((p_brand = 'Brand#44'::bpchar) AND (p_container = ANY ('{"LG CASE","LG BOX","LG PACK","LG PKG"}'::bpchar[])) AND (p_size <= 15))))
               ->  Index Scan using idx_lineitem_part_supp on lineitem  (cost=0.56..56.82 rows=1 width=21)
                     Index Cond: (l_partkey = part.p_partkey)
                     Filter: ((l_shipmode = ANY ('{AIR,"AIR REG"}'::bpchar[])) AND (l_shipinstruct = 'DELIVER IN PERSON'::bpchar) AND (((l_quantity >= '10'::numeric) AND (l_quantity <= '20'::numeric)) OR ((l_quantity >= '10'::numeric) AND (l_quantity <= '20'::numeric)) OR ((l_quantity >= '20'::numeric) AND (l_quantity <= '30'::numeric))) AND (((part.p_brand = 'Brand#24'::bpchar) AND (part.p_container = ANY ('{"SM CASE","SM BOX","SM PACK","SM PKG"}'::bpchar[])) AND (l_quantity >= '10'::numeric) AND (l_quantity <= '20'::numeric) AND (part.p_size <= 5)) OR ((part.p_brand = 'Brand#43'::bpchar) AND (part.p_container = ANY ('{"MED BAG","MED BOX","MED PKG","MED PACK"}'::bpchar[])) AND (l_quantity >= '10'::numeric) AND (l_quantity <= '20'::numeric) AND (part.p_size <= 10)) OR ((part.p_brand = 'Brand#44'::bpchar) AND (part.p_container = ANY ('{"LG CASE","LG BOX","LG PACK","LG PKG"}'::bpchar[])) AND (l_quantity >= '20'::numeric) AND (l_quantity <= '30'::numeric) AND (part.p_size <= 15))))
(8 rows)

query 20 run 1
SET
SET
SET
                                                                           QUERY PLAN                                                                           
----------------------------------------------------------------------------------------------------------------------------------------------------------------
 Limit  (cost=3556869.17..3556869.18 rows=1 width=51)
   ->  Sort  (cost=3556869.17..3556869.18 rows=1 width=51)
         Sort Key: supplier.s_name
         ->  Nested Loop Semi Join  (cost=3147815.04..3556869.16 rows=1 width=51)
               Join Filter: (supplier.s_suppkey = lineitem.l_suppkey)
               ->  Nested Loop  (cost=0.00..4472.31 rows=4000 width=55)
                     Join Filter: (supplier.s_nationkey = nation.n_nationkey)
                     ->  Seq Scan on nation  (cost=0.00..1.31 rows=1 width=4)
                           Filter: (n_name = 'IRAQ'::bpchar)
                     ->  Seq Scan on supplier  (cost=0.00..3221.00 rows=100000 width=59)
               ->  Materialize  (cost=3147815.04..3552216.86 rows=3 width=8)
                     ->  Merge Join  (cost=3147815.04..3552216.84 rows=3 width=8)
                           Merge Cond: (lineitem.l_partkey = partsupp.ps_partkey)
                           Join Filter: ((partsupp.ps_suppkey = lineitem.l_suppkey) AND ((partsupp.ps_availqty)::numeric > ((0.5 * sum(lineitem.l_quantity)))))
                           ->  GroupAggregate  (cost=3147814.18..3311691.08 rows=4845579 width=40)
                                 Group Key: lineitem.l_partkey, lineitem.l_suppkey
                                 ->  Sort  (cost=3147814.18..3170612.48 rows=9119321 width=13)
                                       Sort Key: lineitem.l_partkey, lineitem.l_suppkey
                                       ->  Bitmap Heap Scan on lineitem  (cost=146215.11..1993410.11 rows=9119321 width=13)
                                             Recheck Cond: ((l_shipdate >= '1996-01-01'::date) AND (l_shipdate < '1997-01-01'::date))
                                             ->  Bitmap Index Scan on idx_lineitem_shipdate  (cost=0.00..143935.28 rows=9119321 width=0)
                                                   Index Cond: ((l_shipdate >= '1996-01-01'::date) AND (l_shipdate < '1997-01-01'::date))
                           ->  Materialize  (cost=0.86..160338.98 rows=80810 width=16)
                                 ->  Nested Loop  (cost=0.86..160136.95 rows=80810 width=16)
                                       ->  Index Scan using part_pkey on part  (cost=0.43..84212.10 rows=20202 width=4)
                                             Filter: ((p_name)::text ~~ 'olive%'::text)
                                       ->  Index Scan using idx_partsupp_partkey on partsupp  (cost=0.43..3.58 rows=18 width=12)
                                             Index Cond: (ps_partkey = part.p_partkey)
(28 rows)

query 21 run 1
SET
SET
SET
                                                                         QUERY PLAN                                                                         
------------------------------------------------------------------------------------------------------------------------------------------------------------
 Limit  (cost=3755776.93..3755776.94 rows=1 width=34)
   ->  Sort  (cost=3755776.93..3755776.94 rows=1 width=34)
         Sort Key: (count(*)) DESC, supplier.s_name
         ->  GroupAggregate  (cost=3755776.90..3755776.92 rows=1 width=34)
               Group Key: supplier.s_name
               ->  Sort  (cost=3755776.90..3755776.91 rows=1 width=26)
                     Sort Key: supplier.s_name
                     ->  Nested Loop Semi Join  (cost=1976273.82..3755776.89 rows=1 width=26)
                           Join Filter: (l2.l_suppkey <> l1.l_suppkey)
                           ->  Nested Loop Anti Join  (cost=1976273.25..3755773.25 rows=1 width=38)
                                 ->  Hash Join  (cost=1976272.69..2519502.21 rows=385002 width=38)
                                       Hash Cond: (orders.o_orderkey = l1.l_orderkey)
                                       ->  Seq Scan on orders  (cost=0.00..448740.09 rows=7304912 width=4)
                                             Filter: (o_orderstatus = 'F'::bpchar)
                                       ->  Hash  (cost=1960216.05..1960216.05 rows=790451 width=34)
                                             ->  Hash Join  (cost=2323.58..1960216.05 rows=790451 width=34)
                                                   Hash Cond: (l1.l_suppkey = supplier.s_suppkey)
                                                   ->  Seq Scan on lineitem l1  (cost=0.00..1875002.05 rows=19996241 width=8)
                                                         Filter: (l_receiptdate > l_commitdate)
                                                   ->  Hash  (cost=2273.58..2273.58 rows=4000 width=30)
                                                         ->  Nested Loop  (cost=49.42..2273.58 rows=4000 width=30)
                                                               ->  Seq Scan on nation  (cost=0.00..1.31 rows=1 width=4)
                                                                     Filter: (n_name = 'PERU'::bpchar)
                                                               ->  Bitmap Heap Scan on supplier  (cost=49.42..2232.27 rows=4000 width=34)
                                                                     Recheck Cond: (s_nationkey = nation.n_nationkey)
                                                                     ->  Bitmap Index Scan on idx_supplier_nation_key  (cost=0.00..48.42 rows=4000 width=0)
                                                                           Index Cond: (s_nationkey = nation.n_nationkey)
                                 ->  Index Scan using idx_lineitem_orderkey on lineitem l3  (cost=0.56..3.64 rows=1 width=8)
                                       Index Cond: (l_orderkey = l1.l_orderkey)
                                       Filter: ((l_receiptdate > l_commitdate) AND (l_suppkey <> l1.l_suppkey))
                           ->  Index Scan using idx_lineitem_orderkey on lineitem l2  (cost=0.56..3.62 rows=4 width=8)
                                 Index Cond: (l_orderkey = orders.o_orderkey)
(32 rows)

query 22 run 1
SET
SET
SET
                                                               QUERY PLAN                                                               
----------------------------------------------------------------------------------------------------------------------------------------
 Limit  (cost=161713.33..161713.36 rows=1 width=72)
   InitPlan 1 (returns $0)
     ->  Aggregate  (cost=75437.98..75437.99 rows=1 width=32)
           ->  Seq Scan on customer customer_1  (cost=0.00..75318.67 rows=47724 width=6)
                 Filter: ((c_acctbal > 0.00) AND ("substring"((c_phone)::text, 1, 2) = ANY ('{21,29,26,34,14,15,17}'::text[])))
   ->  GroupAggregate  (cost=86275.34..86480.55 rows=7462 width=72)
         Group Key: ("substring"((customer.c_phone)::text, 1, 2))
         ->  Sort  (cost=86275.34..86294.00 rows=7462 width=38)
               Sort Key: ("substring"((customer.c_phone)::text, 1, 2))
               ->  Nested Loop Anti Join  (cost=0.43..85795.34 rows=7462 width=38)
                     ->  Seq Scan on customer  (cost=0.00..75318.67 rows=17499 width=26)
                           Filter: ((c_acctbal > $0) AND ("substring"((c_phone)::text, 1, 2) = ANY ('{21,29,26,34,14,15,17}'::text[])))
                     ->  Index Only Scan using idx_orders_custkey on orders  (cost=0.43..2.16 rows=17 width=4)
                           Index Cond: (o_custkey = customer.c_custkey)
(14 rows)

