query 1 run 1
SET
SET
                                           QUERY PLAN                                           
------------------------------------------------------------------------------------------------
 Limit  (cost=341852.21..341852.22 rows=1 width=33)
   ->  Sort  (cost=341852.21..341852.23 rows=6 width=33)
         Sort Key: l_returnflag, l_linestatus
         ->  HashAggregate  (cost=341851.91..341852.18 rows=6 width=33)
               ->  Seq Scan on lineitem  (cost=0.00..193582.19 rows=5930789 width=33)
                     Filter: (l_shipdate <= '1998-09-10 00:00:00'::timestamp without time zone)
(6 rows)

query 2 run 1
SET
SET
                                                            QUERY PLAN                                                            
----------------------------------------------------------------------------------------------------------------------------------
 Limit  (cost=68041.83..68041.83 rows=1 width=194)
   ->  Sort  (cost=68041.83..68041.83 rows=1 width=194)
         Sort Key: public.supplier.s_acctbal, public.nation.n_name, public.supplier.s_name, part.p_partkey
         ->  Merge Join  (cost=45647.01..68041.82 rows=1 width=194)
               Merge Cond: (part.p_partkey = public.partsupp.ps_partkey)
               Join Filter: (public.partsupp.ps_supplycost = (subplan))
               ->  Index Scan using part_pkey on part  (cost=0.00..8984.26 rows=855 width=30)
                     Filter: (((p_type)::text ~~ '%NICKEL'::text) AND (p_size = 16))
               ->  Sort  (cost=45647.01..46046.33 rows=159728 width=176)
                     Sort Key: public.partsupp.ps_partkey
                     ->  Hash Join  (cost=410.03..31842.31 rows=159728 width=176)
                           Hash Cond: (public.partsupp.ps_suppkey = public.supplier.s_suppkey)
                           ->  Seq Scan on partsupp  (cost=0.00..25835.00 rows=800000 width=16)
                           ->  Hash  (cost=385.03..385.03 rows=2000 width=168)
                                 ->  Hash Join  (cost=2.53..385.03 rows=2000 width=168)
                                       Hash Cond: (public.supplier.s_nationkey = public.nation.n_nationkey)
                                       ->  Seq Scan on supplier  (cost=0.00..325.00 rows=10000 width=146)
                                       ->  Hash  (cost=2.47..2.47 rows=5 width=30)
                                             ->  Hash Join  (cost=1.07..2.47 rows=5 width=30)
                                                   Hash Cond: (public.nation.n_regionkey = public.region.r_regionkey)
                                                   ->  Seq Scan on nation  (cost=0.00..1.25 rows=25 width=34)
                                                   ->  Hash  (cost=1.06..1.06 rows=1 width=4)
                                                         ->  Seq Scan on region  (cost=0.00..1.06 rows=1 width=4)
                                                               Filter: (r_name = 'AMERICA'::bpchar)
               SubPlan
                 ->  Aggregate  (cost=18.71..18.72 rows=1 width=8)
                       ->  Nested Loop  (cost=0.00..18.71 rows=1 width=8)
                             Join Filter: (public.nation.n_regionkey = public.region.r_regionkey)
                             ->  Seq Scan on region  (cost=0.00..1.06 rows=1 width=4)
                                   Filter: (r_name = 'AMERICA'::bpchar)
                             ->  Nested Loop  (cost=0.00..17.60 rows=4 width=12)
                                   ->  Nested Loop  (cost=0.00..16.47 rows=4 width=12)
                                         ->  Index Scan using idx_partsupp_partkey on partsupp  (cost=0.00..3.35 rows=4 width=12)
                                               Index Cond: ($0 = ps_partkey)
                                         ->  Index Scan using supplier_pkey on supplier  (cost=0.00..3.27 rows=1 width=8)
                                               Index Cond: (public.supplier.s_suppkey = public.partsupp.ps_suppkey)
                                   ->  Index Scan using nation_pkey on nation  (cost=0.00..0.27 rows=1 width=8)
                                         Index Cond: (public.nation.n_nationkey = public.supplier.s_nationkey)
(38 rows)

query 3 run 1
SET
SET
                                                             QUERY PLAN                                                              
-------------------------------------------------------------------------------------------------------------------------------------
 Limit  (cost=318488.34..318488.37 rows=10 width=28)
   ->  Sort  (cost=318488.34..319302.33 rows=325594 width=28)
         Sort Key: (sum((lineitem.l_extendedprice * (1::numeric - lineitem.l_discount)))), orders.o_orderdate
         ->  GroupAggregate  (cost=301684.55..311452.37 rows=325594 width=28)
               ->  Sort  (cost=301684.55..302498.54 rows=325594 width=28)
                     Sort Key: lineitem.l_orderkey, orders.o_orderdate, orders.o_shippriority
                     ->  Hash Join  (cost=62815.23..271872.00 rows=325594 width=28)
                           Hash Cond: (lineitem.l_orderkey = orders.o_orderkey)
                           ->  Seq Scan on lineitem  (cost=0.00..193582.19 rows=3258306 width=20)
                                 Filter: (l_shipdate > '1995-03-07'::date)
                           ->  Hash  (cost=60941.59..60941.59 rows=149891 width=12)
                                 ->  Hash Join  (cost=14495.18..60941.59 rows=149891 width=12)
                                       Hash Cond: (orders.o_custkey = customer.c_custkey)
                                       ->  Bitmap Heap Scan on orders  (cost=8599.31..44489.56 rows=724580 width=16)
                                             Recheck Cond: (o_orderdate < '1995-03-07'::date)
                                             ->  Bitmap Index Scan on idx_orders_orderdate  (cost=0.00..8418.16 rows=724580 width=0)
                                                   Index Cond: (o_orderdate < '1995-03-07'::date)
                                       ->  Hash  (cost=5508.00..5508.00 rows=31030 width=4)
                                             ->  Seq Scan on customer  (cost=0.00..5508.00 rows=31030 width=4)
                                                   Filter: (c_mktsegment = 'BUILDING'::bpchar)
(20 rows)

query 4 run 1
SET
SET
                                                     QUERY PLAN                                                     
--------------------------------------------------------------------------------------------------------------------
 Limit  (cost=70820.81..70820.82 rows=1 width=16)
   ->  Sort  (cost=70820.81..70820.82 rows=1 width=16)
         Sort Key: orders.o_orderpriority
         ->  HashAggregate  (cost=70820.79..70820.80 rows=1 width=16)
               ->  Bitmap Heap Scan on orders  (cost=788.45..70682.49 rows=27661 width=16)
                     Recheck Cond: ((o_orderdate >= '1993-12-01'::date) AND (o_orderdate < '1994-03-01'::date))
                     Filter: (subplan)
                     ->  Bitmap Index Scan on idx_orders_orderdate  (cost=0.00..781.53 rows=55322 width=0)
                           Index Cond: ((o_orderdate >= '1993-12-01'::date) AND (o_orderdate < '1994-03-01'::date))
                     SubPlan
                       ->  Index Scan using idx_lineitem_orderkey on lineitem  (cost=0.00..3.82 rows=5 width=125)
                             Index Cond: (l_orderkey = $0)
                             Filter: (l_commitdate < l_receiptdate)
(13 rows)

query 5 run 1
SET
SET
                                                              QUERY PLAN                                                              
--------------------------------------------------------------------------------------------------------------------------------------
 Limit  (cost=215679.63..215679.64 rows=1 width=42)
   ->  Sort  (cost=215679.63..215679.70 rows=25 width=42)
         Sort Key: (sum((lineitem.l_extendedprice * (1::numeric - lineitem.l_discount))))
         ->  HashAggregate  (cost=215679.07..215679.51 rows=25 width=42)
               ->  Hash Join  (cost=10125.64..215642.57 rows=7300 width=42)
                     Hash Cond: ((lineitem.l_suppkey = supplier.s_suppkey) AND (customer.c_nationkey = supplier.s_nationkey))
                     ->  Nested Loop  (cost=9650.64..209618.46 rows=182537 width=54)
                           ->  Hash Join  (cost=9650.64..41502.43 rows=45625 width=38)
                                 Hash Cond: (orders.o_custkey = customer.c_custkey)
                                 ->  Bitmap Heap Scan on orders  (cost=3277.61..33532.52 rows=228127 width=8)
                                       Recheck Cond: ((o_orderdate >= '1993-01-01'::date) AND (o_orderdate < '1994-01-01'::date))
                                       ->  Bitmap Index Scan on idx_orders_orderdate  (cost=0.00..3220.58 rows=228127 width=0)
                                             Index Cond: ((o_orderdate >= '1993-01-01'::date) AND (o_orderdate < '1994-01-01'::date))
                                 ->  Hash  (cost=5998.03..5998.03 rows=30000 width=38)
                                       ->  Hash Join  (cost=2.53..5998.03 rows=30000 width=38)
                                             Hash Cond: (customer.c_nationkey = nation.n_nationkey)
                                             ->  Seq Scan on customer  (cost=0.00..5133.00 rows=150000 width=8)
                                             ->  Hash  (cost=2.47..2.47 rows=5 width=30)
                                                   ->  Hash Join  (cost=1.07..2.47 rows=5 width=30)
                                                         Hash Cond: (nation.n_regionkey = region.r_regionkey)
                                                         ->  Seq Scan on nation  (cost=0.00..1.25 rows=25 width=34)
                                                         ->  Hash  (cost=1.06..1.06 rows=1 width=4)
                                                               ->  Seq Scan on region  (cost=0.00..1.06 rows=1 width=4)
                                                                     Filter: (r_name = 'AMERICA'::bpchar)
                           ->  Index Scan using idx_lineitem_orderkey on lineitem  (cost=0.00..3.48 rows=16 width=24)
                                 Index Cond: (lineitem.l_orderkey = orders.o_orderkey)
                     ->  Hash  (cost=325.00..325.00 rows=10000 width=8)
                           ->  Seq Scan on supplier  (cost=0.00..325.00 rows=10000 width=8)
(28 rows)

query 6 run 1
SET
SET
                                                                                                         QUERY PLAN                                                                                                          
-----------------------------------------------------------------------------------------------------------------------------------------------------------------------------------------------------------------------------
 Limit  (cost=113324.25..113324.26 rows=1 width=16)
   ->  Aggregate  (cost=113324.25..113324.26 rows=1 width=16)
         ->  Bitmap Heap Scan on lineitem  (cost=23066.74..113021.84 rows=120960 width=16)
               Recheck Cond: ((l_shipdate >= '1993-01-01'::date) AND (l_shipdate < '1994-01-01 00:00:00'::timestamp without time zone) AND (l_discount >= 0.06) AND (l_discount <= 0.08) AND (l_quantity < 25::numeric))
               ->  Bitmap Index Scan on idx_lineitem_shipdate  (cost=0.00..23036.50 rows=120960 width=0)
                     Index Cond: ((l_shipdate >= '1993-01-01'::date) AND (l_shipdate < '1994-01-01 00:00:00'::timestamp without time zone) AND (l_discount >= 0.06) AND (l_discount <= 0.08) AND (l_quantity < 25::numeric))
(6 rows)

query 7 run 1
SET
SET
                                                                                                      QUERY PLAN                                                                                                       
-----------------------------------------------------------------------------------------------------------------------------------------------------------------------------------------------------------------------
 Limit  (cost=248123.47..248123.47 rows=1 width=72)
   ->  Sort  (cost=248123.47..248138.17 rows=5879 width=72)
         Sort Key: n1.n_name, n2.n_name, (date_part('year'::text, (lineitem.l_shipdate)::timestamp without time zone))
         ->  HashAggregate  (cost=247961.80..248094.07 rows=5879 width=72)
               ->  Hash Join  (cost=88876.55..247903.01 rows=5879 width=72)
                     Hash Cond: ((lineitem.l_suppkey = supplier.s_suppkey) AND (n1.n_nationkey = supplier.s_nationkey))
                     ->  Hash Join  (cost=88401.55..242928.65 rows=147038 width=80)
                           Hash Cond: (lineitem.l_orderkey = orders.o_orderkey)
                           ->  Bitmap Heap Scan on lineitem  (cost=32259.07..178417.85 rows=1839452 width=28)
                                 Recheck Cond: ((l_shipdate >= '1995-01-01'::date) AND (l_shipdate <= '1996-12-31'::date))
                                 ->  Bitmap Index Scan on idx_lineitem_shipdate  (cost=0.00..31799.21 rows=1839452 width=0)
                                       Index Cond: ((l_shipdate >= '1995-01-01'::date) AND (l_shipdate <= '1996-12-31'::date))
                           ->  Hash  (cost=54643.68..54643.68 rows=119904 width=60)
                                 ->  Hash Join  (cost=5986.68..54643.68 rows=119904 width=60)
                                       Hash Cond: (orders.o_custkey = customer.c_custkey)
                                       ->  Seq Scan on orders  (cost=0.00..41833.00 rows=1500000 width=8)
                                       ->  Hash  (cost=5836.80..5836.80 rows=11990 width=60)
                                             ->  Hash Join  (cost=21.30..5836.80 rows=11990 width=60)
                                                   Hash Cond: (customer.c_nationkey = n2.n_nationkey)
                                                   ->  Seq Scan on customer  (cost=0.00..5133.00 rows=150000 width=8)
                                                   ->  Hash  (cost=21.27..21.27 rows=2 width=60)
                                                         ->  Nested Loop  (cost=1.27..21.27 rows=2 width=60)
                                                               Join Filter: (((n1.n_name = 'PERU'::bpchar) AND (n2.n_name = 'MOROCCO'::bpchar)) OR ((n1.n_name = 'MOROCCO'::bpchar) AND (n2.n_name = 'PERU'::bpchar)))
                                                               ->  Seq Scan on nation n1  (cost=0.00..1.25 rows=25 width=30)
                                                               ->  Materialize  (cost=1.27..1.52 rows=25 width=30)
                                                                     ->  Seq Scan on nation n2  (cost=0.00..1.25 rows=25 width=30)
                     ->  Hash  (cost=325.00..325.00 rows=10000 width=8)
                           ->  Seq Scan on supplier  (cost=0.00..325.00 rows=10000 width=8)
(28 rows)

query 8 run 1
SET
SET
                                                                    QUERY PLAN                                                                     
---------------------------------------------------------------------------------------------------------------------------------------------------
 Limit  (cost=117329.45..117329.46 rows=1 width=46)
   ->  Sort  (cost=117329.45..117331.29 rows=736 width=46)
         Sort Key: (date_part('year'::text, (orders.o_orderdate)::timestamp without time zone))
         ->  HashAggregate  (cost=117300.01..117325.77 rows=736 width=46)
               ->  Hash Join  (cost=51490.02..117281.66 rows=2447 width=46)
                     Hash Cond: (supplier.s_nationkey = n2.n_nationkey)
                     ->  Hash Join  (cost=51488.46..117234.22 rows=2447 width=24)
                           Hash Cond: (lineitem.l_suppkey = supplier.s_suppkey)
                           ->  Hash Join  (cost=51038.46..116723.04 rows=2447 width=24)
                                 Hash Cond: (lineitem.l_orderkey = orders.o_orderkey)
                                 ->  Nested Loop  (cost=0.00..65510.12 rows=39998 width=24)
                                       ->  Seq Scan on part  (cost=0.00..6657.00 rows=1333 width=4)
                                             Filter: ((p_type)::text = 'LARGE POLISHED BRASS'::text)
                                       ->  Index Scan using idx_lineitem_part_supp on lineitem  (cost=0.00..43.78 rows=30 width=28)
                                             Index Cond: (lineitem.l_partkey = part.p_partkey)
                                 ->  Hash  (cost=49891.44..49891.44 rows=91762 width=8)
                                       ->  Hash Join  (cost=12964.64..49891.44 rows=91762 width=8)
                                             Hash Cond: (orders.o_custkey = customer.c_custkey)
                                             ->  Bitmap Heap Scan on orders  (cost=6591.60..40306.74 rows=458809 width=12)
                                                   Recheck Cond: ((o_orderdate >= '1995-01-01'::date) AND (o_orderdate <= '1996-12-31'::date))
                                                   ->  Bitmap Index Scan on idx_orders_orderdate  (cost=0.00..6476.90 rows=458809 width=0)
                                                         Index Cond: ((o_orderdate >= '1995-01-01'::date) AND (o_orderdate <= '1996-12-31'::date))
                                             ->  Hash  (cost=5998.03..5998.03 rows=30000 width=4)
                                                   ->  Hash Join  (cost=2.53..5998.03 rows=30000 width=4)
                                                         Hash Cond: (customer.c_nationkey = n1.n_nationkey)
                                                         ->  Seq Scan on customer  (cost=0.00..5133.00 rows=150000 width=8)
                                                         ->  Hash  (cost=2.47..2.47 rows=5 width=4)
                                                               ->  Hash Join  (cost=1.07..2.47 rows=5 width=4)
                                                                     Hash Cond: (n1.n_regionkey = region.r_regionkey)
                                                                     ->  Seq Scan on nation n1  (cost=0.00..1.25 rows=25 width=8)
                                                                     ->  Hash  (cost=1.06..1.06 rows=1 width=4)
                                                                           ->  Seq Scan on region  (cost=0.00..1.06 rows=1 width=4)
                                                                                 Filter: (r_name = 'AMERICA'::bpchar)
                           ->  Hash  (cost=325.00..325.00 rows=10000 width=8)
                                 ->  Seq Scan on supplier  (cost=0.00..325.00 rows=10000 width=8)
                     ->  Hash  (cost=1.25..1.25 rows=25 width=30)
                           ->  Seq Scan on nation n2  (cost=0.00..1.25 rows=25 width=30)
(37 rows)

query 9 run 1
SET
SET
                                                                     QUERY PLAN                                                                      
-----------------------------------------------------------------------------------------------------------------------------------------------------
 Limit  (cost=137429.40..137429.40 rows=1 width=61)
   ->  Sort  (cost=137429.40..137429.63 rows=94 width=61)
         Sort Key: nation.n_name, (date_part('year'::text, (orders.o_orderdate)::timestamp without time zone))
         ->  HashAggregate  (cost=137426.34..137428.93 rows=94 width=61)
               ->  Nested Loop  (cost=0.00..137425.64 rows=94 width=61)
                     ->  Nested Loop  (cost=0.00..137328.32 rows=94 width=39)
                           ->  Nested Loop  (cost=0.00..137047.67 rows=94 width=43)
                                 ->  Nested Loop  (cost=0.00..136760.45 rows=94 width=43)
                                       ->  Nested Loop  (cost=0.00..31964.66 rows=31841 width=20)
                                             ->  Seq Scan on part  (cost=0.00..6657.00 rows=8081 width=4)
                                                   Filter: ((p_name)::text ~~ '%navy%'::text)
                                             ->  Index Scan using idx_partsupp_partkey on partsupp  (cost=0.00..3.08 rows=4 width=16)
                                                   Index Cond: (partsupp.ps_partkey = part.p_partkey)
                                       ->  Index Scan using idx_lineitem_part_supp on lineitem  (cost=0.00..3.28 rows=1 width=35)
                                             Index Cond: ((lineitem.l_partkey = partsupp.ps_partkey) AND (lineitem.l_suppkey = partsupp.ps_suppkey))
                                 ->  Index Scan using orders_pkey on orders  (cost=0.00..3.04 rows=1 width=8)
                                       Index Cond: (orders.o_orderkey = lineitem.l_orderkey)
                           ->  Index Scan using supplier_pkey on supplier  (cost=0.00..2.97 rows=1 width=8)
                                 Index Cond: (supplier.s_suppkey = lineitem.l_suppkey)
                     ->  Index Scan using nation_pkey on nation  (cost=0.00..1.02 rows=1 width=30)
                           Index Cond: (nation.n_nationkey = supplier.s_nationkey)
(21 rows)

query 10 run 1
SET
SET
                                                              QUERY PLAN                                                              
--------------------------------------------------------------------------------------------------------------------------------------
 Limit  (cost=245332.25..245332.30 rows=20 width=188)
   ->  Sort  (cost=245332.25..245472.08 rows=55931 width=188)
         Sort Key: (sum((lineitem.l_extendedprice * (1::numeric - lineitem.l_discount))))
         ->  HashAggregate  (cost=242865.15..243843.94 rows=55931 width=188)
               ->  Hash Join  (cost=7828.51..241746.53 rows=55931 width=188)
                     Hash Cond: (customer.c_nationkey = nation.n_nationkey)
                     ->  Hash Join  (cost=7826.94..240975.92 rows=55931 width=166)
                           Hash Cond: (orders.o_custkey = customer.c_custkey)
                           ->  Nested Loop  (cost=818.94..232639.56 rows=55931 width=20)
                                 ->  Bitmap Heap Scan on orders  (cost=818.94..28505.31 rows=56891 width=8)
                                       Recheck Cond: ((o_orderdate >= '1994-08-01'::date) AND (o_orderdate < '1994-11-01'::date))
                                       ->  Bitmap Index Scan on idx_orders_orderdate  (cost=0.00..804.72 rows=56891 width=0)
                                             Index Cond: ((o_orderdate >= '1994-08-01'::date) AND (o_orderdate < '1994-11-01'::date))
                                 ->  Index Scan using idx_lineitem_orderkey on lineitem  (cost=0.00..3.54 rows=4 width=20)
                                       Index Cond: (lineitem.l_orderkey = orders.o_orderkey)
                                       Filter: (lineitem.l_returnflag = 'R'::bpchar)
                           ->  Hash  (cost=5133.00..5133.00 rows=150000 width=150)
                                 ->  Seq Scan on customer  (cost=0.00..5133.00 rows=150000 width=150)
                     ->  Hash  (cost=1.25..1.25 rows=25 width=30)
                           ->  Seq Scan on nation  (cost=0.00..1.25 rows=25 width=30)
(20 rows)

query 11 run 1
SET
SET
                                                        QUERY PLAN                                                        
--------------------------------------------------------------------------------------------------------------------------
 Limit  (cost=24055.92..24055.92 rows=1 width=16)
   InitPlan
     ->  Aggregate  (cost=11428.97..11428.98 rows=1 width=12)
           ->  Nested Loop  (cost=0.00..11349.10 rows=31946 width=12)
                 ->  Nested Loop  (cost=0.00..326.43 rows=400 width=4)
                       ->  Seq Scan on nation  (cost=0.00..1.31 rows=1 width=4)
                             Filter: (n_name = 'SAUDI ARABIA'::bpchar)
                       ->  Index Scan using idx_supplier_nation_key on supplier  (cost=0.00..320.12 rows=400 width=8)
                             Index Cond: (public.supplier.s_nationkey = public.nation.n_nationkey)
                 ->  Index Scan using idx_partsupp_suppkey on partsupp  (cost=0.00..26.56 rows=80 width=16)
                       Index Cond: (public.partsupp.ps_suppkey = public.supplier.s_suppkey)
   ->  Sort  (cost=12626.94..12706.80 rows=31946 width=16)
         Sort Key: (sum((public.partsupp.ps_supplycost * (public.partsupp.ps_availqty)::numeric)))
         ->  HashAggregate  (cost=11588.69..12467.21 rows=31946 width=16)
               Filter: (sum((public.partsupp.ps_supplycost * (public.partsupp.ps_availqty)::numeric)) > $0)
               ->  Nested Loop  (cost=0.00..11349.10 rows=31946 width=16)
                     ->  Nested Loop  (cost=0.00..326.43 rows=400 width=4)
                           ->  Seq Scan on nation  (cost=0.00..1.31 rows=1 width=4)
                                 Filter: (n_name = 'SAUDI ARABIA'::bpchar)
                           ->  Index Scan using idx_supplier_nation_key on supplier  (cost=0.00..320.12 rows=400 width=8)
                                 Index Cond: (public.supplier.s_nationkey = public.nation.n_nationkey)
                     ->  Index Scan using idx_partsupp_suppkey on partsupp  (cost=0.00..26.56 rows=80 width=20)
                           Index Cond: (public.partsupp.ps_suppkey = public.supplier.s_suppkey)
(23 rows)

query 12 run 1
SET
SET
                                                                                                                    QUERY PLAN                                                                                                                     
---------------------------------------------------------------------------------------------------------------------------------------------------------------------------------------------------------------------------------------------------
 Limit  (cost=315438.26..315438.26 rows=1 width=27)
   ->  Sort  (cost=315438.26..315438.26 rows=1 width=27)
         Sort Key: lineitem.l_shipmode
         ->  HashAggregate  (cost=315438.22..315438.25 rows=1 width=27)
               ->  Merge Join  (cost=255585.37..315235.93 rows=26973 width=27)
                     Merge Cond: (orders.o_orderkey = lineitem.l_orderkey)
                     ->  Index Scan using orders_pkey on orders  (cost=0.00..55507.81 rows=1500000 width=20)
                     ->  Sort  (cost=255579.45..255646.88 rows=26973 width=15)
                           Sort Key: lineitem.l_orderkey
                           ->  Seq Scan on lineitem  (cost=0.00..253594.34 rows=26973 width=15)
                                 Filter: ((l_shipmode = ANY ('{SHIP,"REG AIR"}'::bpchar[])) AND (l_commitdate < l_receiptdate) AND (l_shipdate < l_commitdate) AND (l_receiptdate >= '1994-01-01'::date) AND (l_receiptdate < '1995-01-01'::date))
(11 rows)

query 13 run 1
SET
SET
                                             QUERY PLAN                                             
----------------------------------------------------------------------------------------------------
 Limit  (cost=155702.34..155702.35 rows=1 width=8)
   ->  Sort  (cost=155702.34..155702.84 rows=200 width=8)
         Sort Key: (count(*)), (count(orders.o_orderkey))
         ->  HashAggregate  (cost=155698.84..155701.34 rows=200 width=8)
               ->  HashAggregate  (cost=151573.84..153448.84 rows=150000 width=8)
                     ->  Hash Left Join  (cost=69944.84..144149.51 rows=1484867 width=8)
                           Hash Cond: (customer.c_custkey = orders.o_custkey)
                           ->  Seq Scan on customer  (cost=0.00..5133.00 rows=150000 width=4)
                           ->  Hash  (cost=45583.00..45583.00 rows=1484867 width=8)
                                 ->  Seq Scan on orders  (cost=0.00..45583.00 rows=1484867 width=8)
                                       Filter: ((o_comment)::text !~~ '%special%requests%'::text)
(11 rows)

query 14 run 1
SET
SET
                                                    QUERY PLAN                                                    
------------------------------------------------------------------------------------------------------------------
 Limit  (cost=81001.65..81001.68 rows=1 width=37)
   ->  Aggregate  (cost=81001.65..81001.68 rows=1 width=37)
         ->  Hash Join  (cost=10039.51..80607.83 rows=78763 width=37)
               Hash Cond: (lineitem.l_partkey = part.p_partkey)
               ->  Bitmap Heap Scan on lineitem  (cost=1382.51..70375.57 rows=78763 width=20)
                     Recheck Cond: ((l_shipdate >= '1994-05-01'::date) AND (l_shipdate < '1994-06-01'::date))
                     ->  Bitmap Index Scan on idx_lineitem_shipdate  (cost=0.00..1362.82 rows=78763 width=0)
                           Index Cond: ((l_shipdate >= '1994-05-01'::date) AND (l_shipdate < '1994-06-01'::date))
               ->  Hash  (cost=6157.00..6157.00 rows=200000 width=25)
                     ->  Seq Scan on part  (cost=0.00..6157.00 rows=200000 width=25)
(10 rows)

query 15 run 1
SET
SET
CREATE VIEW
                                                          QUERY PLAN                                                          
------------------------------------------------------------------------------------------------------------------------------
 Limit  (cost=252476.26..252477.44 rows=1 width=103)
   InitPlan
     ->  Aggregate  (cost=125940.47..125940.48 rows=1 width=32)
           ->  HashAggregate  (cost=125928.94..125935.66 rows=384 width=20)
                 ->  Bitmap Heap Scan on lineitem  (cost=4042.13..124777.02 rows=230385 width=20)
                       Recheck Cond: ((l_shipdate >= '1996-01-01'::date) AND (l_shipdate < '1996-04-01'::date))
                       ->  Bitmap Index Scan on idx_lineitem_shipdate  (cost=0.00..3984.54 rows=230385 width=0)
                             Index Cond: ((l_shipdate >= '1996-01-01'::date) AND (l_shipdate < '1996-04-01'::date))
   ->  Merge Join  (cost=126535.79..126987.30 rows=384 width=103)
         Merge Cond: (supplier.s_suppkey = revenue0.supplier_no)
         ->  Index Scan using supplier_pkey on supplier  (cost=0.00..420.75 rows=10000 width=71)
         ->  Sort  (cost=126535.79..126536.75 rows=384 width=36)
               Sort Key: revenue0.supplier_no
               ->  Subquery Scan revenue0  (cost=126504.91..126519.31 rows=384 width=36)
                     ->  HashAggregate  (cost=126504.91..126515.47 rows=384 width=20)
                           Filter: (sum((public.lineitem.l_extendedprice * (1::numeric - public.lineitem.l_discount))) = $0)
                           ->  Bitmap Heap Scan on lineitem  (cost=4042.13..124777.02 rows=230385 width=20)
                                 Recheck Cond: ((l_shipdate >= '1996-01-01'::date) AND (l_shipdate < '1996-04-01'::date))
                                 ->  Bitmap Index Scan on idx_lineitem_shipdate  (cost=0.00..3984.54 rows=230385 width=0)
                                       Index Cond: ((l_shipdate >= '1996-01-01'::date) AND (l_shipdate < '1996-04-01'::date))
(20 rows)

DROP VIEW
query 16 run 1
SET
SET
                                                                                         QUERY PLAN                                                                                         
--------------------------------------------------------------------------------------------------------------------------------------------------------------------------------------------
 Limit  (cost=47729.17..47729.17 rows=1 width=40)
   ->  Sort  (cost=47729.17..47736.06 rows=2758 width=40)
         Sort Key: (count(DISTINCT partsupp.ps_suppkey)), part.p_brand, part.p_type, part.p_size
         ->  GroupAggregate  (cost=47001.90..47715.38 rows=2758 width=40)
               ->  Sort  (cost=47001.90..47137.70 rows=54320 width=40)
                     Sort Key: part.p_brand, part.p_type, part.p_size
                     ->  Hash Join  (cost=9851.65..42729.85 rows=54320 width=40)
                           Hash Cond: (partsupp.ps_partkey = part.p_partkey)
                           ->  Seq Scan on partsupp  (cost=350.00..28185.00 rows=400000 width=8)
                                 Filter: (NOT (hashed subplan))
                                 SubPlan
                                   ->  Seq Scan on supplier  (cost=0.00..350.00 rows=1 width=4)
                                         Filter: ((s_comment)::text ~~ '%Customer%Complaints%'::text)
                           ->  Hash  (cost=9157.00..9157.00 rows=27572 width=40)
                                 ->  Seq Scan on part  (cost=0.00..9157.00 rows=27572 width=40)
                                       Filter: ((p_brand <> 'Brand#12'::bpchar) AND ((p_type)::text !~~ 'SMALL BRUSHED%'::text) AND (p_size = ANY ('{12,32,36,26,40,34,49,9}'::integer[])))
(16 rows)

query 17 run 1
SET
SET
                                                  QUERY PLAN                                                   
---------------------------------------------------------------------------------------------------------------
 Limit  (cost=230924.25..230924.26 rows=1 width=10)
   ->  Aggregate  (cost=230924.25..230924.26 rows=1 width=10)
         ->  Nested Loop  (cost=215744.76..230919.17 rows=2030 width=10)
               Join Filter: (public.lineitem.l_quantity < ((0.2 * avg(public.lineitem.l_quantity))))
               ->  Hash Join  (cost=215744.76..221457.08 rows=202 width=40)
                     Hash Cond: (public.lineitem.l_partkey = part.p_partkey)
                     ->  HashAggregate  (cost=208585.23..211564.51 rows=198619 width=11)
                           ->  Seq Scan on lineitem  (cost=0.00..178579.15 rows=6001215 width=11)
                     ->  Hash  (cost=7157.00..7157.00 rows=203 width=4)
                           ->  Seq Scan on part  (cost=0.00..7157.00 rows=203 width=4)
                                 Filter: ((p_brand = 'Brand#22'::bpchar) AND (p_container = 'LG BOX'::bpchar))
               ->  Index Scan using idx_lineitem_part_supp on lineitem  (cost=0.00..46.39 rows=30 width=21)
                     Index Cond: (public.lineitem.l_partkey = part.p_partkey)
(13 rows)

query 18 run 1
SET
SET
                                                                       QUERY PLAN                                                                       
--------------------------------------------------------------------------------------------------------------------------------------------------------
 Limit  (cost=758321.61..758324.61 rows=100 width=48)
   ->  GroupAggregate  (cost=758321.61..802832.73 rows=1483704 width=48)
         ->  Sort  (cost=758321.61..762030.87 rows=1483704 width=48)
               Sort Key: orders.o_totalprice, orders.o_orderdate, customer.c_name, customer.c_custkey, orders.o_orderkey
               ->  Hash Join  (cost=360973.23..576893.98 rows=1483704 width=48)
                     Hash Cond: (public.lineitem.l_orderkey = orders.o_orderkey)
                     ->  Seq Scan on lineitem  (cost=0.00..178579.15 rows=6001215 width=11)
                     ->  Hash  (cost=356337.59..356337.59 rows=370851 width=45)
                           ->  Hash Join  (cost=279927.92..356337.59 rows=370851 width=45)
                                 Hash Cond: (orders.o_custkey = customer.c_custkey)
                                 ->  Merge IN Join  (cost=272919.92..340521.88 rows=370851 width=26)
                                       Merge Cond: (orders.o_orderkey = public.lineitem.l_orderkey)
                                       ->  Index Scan using orders_pkey on orders  (cost=0.00..55507.81 rows=1500000 width=22)
                                       ->  Materialize  (cost=272919.92..276628.43 rows=370851 width=4)
                                             ->  GroupAggregate  (cost=0.00..268840.56 rows=370851 width=11)
                                                   Filter: (sum(public.lineitem.l_quantity) > 313::numeric)
                                                   ->  Index Scan using idx_lineitem_orderkey on lineitem  (cost=0.00..233271.72 rows=6001215 width=11)
                                 ->  Hash  (cost=5133.00..5133.00 rows=150000 width=23)
                                       ->  Seq Scan on customer  (cost=0.00..5133.00 rows=150000 width=23)
(19 rows)

query 19 run 1
SET
SET
                                                                                                                                                                                                                                                                                                                                                                  QUERY PLAN                                                                                                                                                                                                                                                                                                                                                                   
-----------------------------------------------------------------------------------------------------------------------------------------------------------------------------------------------------------------------------------------------------------------------------------------------------------------------------------------------------------------------------------------------------------------------------------------------------------------------------------------------------------------------------------------------------------------------------------------------------------------------------------------------------------------------------------------------------------------------------------------------
 Limit  (cost=314933.67..314933.69 rows=1 width=16)
   ->  Aggregate  (cost=314933.67..314933.69 rows=1 width=16)
         ->  Hash Join  (cost=9157.00..314933.39 rows=111 width=16)
               Hash Cond: (lineitem.l_partkey = part.p_partkey)
               Join Filter: (((part.p_brand = 'Brand#24'::bpchar) AND (part.p_container = ANY ('{"SM CASE","SM BOX","SM PACK","SM PKG"}'::bpchar[])) AND (lineitem.l_quantity >= 10::numeric) AND (lineitem.l_quantity <= 20::numeric) AND (part.p_size <= 5)) OR ((part.p_brand = 'Brand#43'::bpchar) AND (part.p_container = ANY ('{"MED BAG","MED BOX","MED PKG","MED PACK"}'::bpchar[])) AND (lineitem.l_quantity >= 10::numeric) AND (lineitem.l_quantity <= 20::numeric) AND (part.p_size <= 10)) OR ((part.p_brand = 'Brand#44'::bpchar) AND (part.p_container = ANY ('{"LG CASE","LG BOX","LG PACK","LG PKG"}'::bpchar[])) AND (lineitem.l_quantity >= 20::numeric) AND (lineitem.l_quantity <= 30::numeric) AND (part.p_size <= 15)))
               ->  Seq Scan on lineitem  (cost=0.00..298603.45 rows=110353 width=27)
                     Filter: ((l_shipmode = ANY ('{AIR,"AIR REG"}'::bpchar[])) AND (l_shipinstruct = 'DELIVER IN PERSON'::bpchar) AND (((l_quantity >= 10::numeric) AND (l_quantity <= 20::numeric)) OR ((l_quantity >= 10::numeric) AND (l_quantity <= 20::numeric)) OR ((l_quantity >= 20::numeric) AND (l_quantity <= 30::numeric))))
               ->  Hash  (cost=6657.00..6657.00 rows=200000 width=30)
                     ->  Seq Scan on part  (cost=0.00..6657.00 rows=200000 width=30)
                           Filter: (p_size >= 1)
(10 rows)

query 20 run 1
SET
SET
                                                                   QUERY PLAN                                                                   
------------------------------------------------------------------------------------------------------------------------------------------------
 Limit  (cost=167689.02..167689.03 rows=1 width=51)
   ->  Sort  (cost=167689.02..167689.03 rows=1 width=51)
         Sort Key: supplier.s_name
         ->  Nested Loop  (cost=167685.44..167689.01 rows=1 width=51)
               ->  Nested Loop  (cost=167685.44..167688.73 rows=1 width=55)
                     ->  HashAggregate  (cost=167685.44..167685.45 rows=1 width=8)
                           ->  Nested Loop  (cost=162106.79..167685.44 rows=1 width=8)
                                 Join Filter: ((partsupp.ps_availqty)::numeric > ((0.5 * sum(lineitem.l_quantity))))
                                 ->  Hash Join  (cost=162106.79..164875.93 rows=929 width=44)
                                       Hash Cond: (lineitem.l_partkey = part.p_partkey)
                                       ->  HashAggregate  (cost=155399.29..156779.21 rows=91995 width=15)
                                             ->  Bitmap Heap Scan on lineitem  (cost=16133.59..148499.72 rows=919942 width=15)
                                                   Recheck Cond: ((l_shipdate >= '1996-01-01'::date) AND (l_shipdate < '1997-01-01'::date))
                                                   ->  Bitmap Index Scan on idx_lineitem_shipdate  (cost=0.00..15903.61 rows=919942 width=0)
                                                         Index Cond: ((l_shipdate >= '1996-01-01'::date) AND (l_shipdate < '1997-01-01'::date))
                                       ->  Hash  (cost=6682.25..6682.25 rows=2020 width=4)
                                             ->  HashAggregate  (cost=6662.05..6682.25 rows=2020 width=4)
                                                   ->  Seq Scan on part  (cost=0.00..6657.00 rows=2020 width=4)
                                                         Filter: ((p_name)::text ~~ 'olive%'::text)
                                 ->  Index Scan using partsupp_pkey on partsupp  (cost=0.00..3.00 rows=1 width=12)
                                       Index Cond: ((partsupp.ps_partkey = lineitem.l_partkey) AND (partsupp.ps_suppkey = lineitem.l_suppkey))
                     ->  Index Scan using supplier_pkey on supplier  (cost=0.00..3.27 rows=1 width=59)
                           Index Cond: (supplier.s_suppkey = lineitem.l_suppkey)
               ->  Index Scan using nation_pkey on nation  (cost=0.00..0.27 rows=1 width=4)
                     Index Cond: (nation.n_nationkey = supplier.s_nationkey)
                     Filter: (nation.n_name = 'IRAQ'::bpchar)
(26 rows)

query 21 run 1
SET
SET
                                                            QUERY PLAN                                                            
----------------------------------------------------------------------------------------------------------------------------------
 Limit  (cost=6372242.77..6372243.02 rows=100 width=26)
   ->  Sort  (cost=6372242.77..6372267.14 rows=9748 width=26)
         Sort Key: (count(*)), supplier.s_name
         ->  HashAggregate  (cost=6371748.36..6371870.21 rows=9748 width=26)
               ->  Nested Loop  (cost=236.77..6371699.62 rows=9748 width=26)
                     ->  Hash Join  (cost=236.77..6311360.63 rows=20004 width=30)
                           Hash Cond: (l1.l_suppkey = supplier.s_suppkey)
                           ->  Index Scan using idx_lineitem_orderkey on lineitem l1  (cost=0.00..6309048.44 rows=500101 width=8)
                                 Filter: ((l_receiptdate > l_commitdate) AND (subplan) AND (NOT (subplan)))
                                 SubPlan
                                   ->  Index Scan using idx_lineitem_orderkey on lineitem l3  (cost=0.00..3.86 rows=5 width=125)
                                         Index Cond: (l_orderkey = $0)
                                         Filter: ((l_suppkey <> $1) AND (l_receiptdate > l_commitdate))
                                   ->  Index Scan using idx_lineitem_orderkey on lineitem l2  (cost=0.00..3.82 rows=16 width=125)
                                         Index Cond: (l_orderkey = $0)
                                         Filter: (l_suppkey <> $1)
                           ->  Hash  (cost=231.77..231.77 rows=400 width=30)
                                 ->  Nested Loop  (cost=6.35..231.77 rows=400 width=30)
                                       ->  Seq Scan on nation  (cost=0.00..1.31 rows=1 width=4)
                                             Filter: (n_name = 'PERU'::bpchar)
                                       ->  Bitmap Heap Scan on supplier  (cost=6.35..225.46 rows=400 width=34)
                                             Recheck Cond: (supplier.s_nationkey = nation.n_nationkey)
                                             ->  Bitmap Index Scan on idx_supplier_nation_key  (cost=0.00..6.25 rows=400 width=0)
                                                   Index Cond: (supplier.s_nationkey = nation.n_nationkey)
                     ->  Index Scan using orders_pkey on orders  (cost=0.00..3.00 rows=1 width=4)
                           Index Cond: (orders.o_orderkey = l1.l_orderkey)
                           Filter: (orders.o_orderstatus = 'F'::bpchar)
(27 rows)

query 22 run 1
SET
SET
                                                                      QUERY PLAN                                                                      
------------------------------------------------------------------------------------------------------------------------------------------------------
 Limit  (cost=258795.73..258795.74 rows=1 width=24)
   InitPlan
     ->  Aggregate  (cost=7582.23..7582.24 rows=1 width=8)
           ->  Seq Scan on customer  (cost=0.00..7570.50 rows=4693 width=8)
                 Filter: ((c_acctbal > 0.00) AND ("substring"((c_phone)::text, 1, 2) = ANY ('{21,29,26,34,14,15,17}'::text[])))
   ->  Sort  (cost=251213.49..251215.64 rows=862 width=24)
         Sort Key: ("substring"((public.customer.c_phone)::text, 1, 2))
         ->  HashAggregate  (cost=251191.94..251209.18 rows=862 width=24)
               ->  Seq Scan on customer  (cost=0.00..251185.47 rows=862 width=24)
                     Filter: ((c_acctbal > $0) AND ("substring"((c_phone)::text, 1, 2) = ANY ('{21,29,26,34,14,15,17}'::text[])) AND (NOT (subplan)))
                     SubPlan
                       ->  Index Scan using idx_orders_custkey on orders  (cost=0.00..27.61 rows=17 width=109)
                             Index Cond: (o_custkey = $1)
(13 rows)

