query 1 run 1
SET
SET
                                           QUERY PLAN                                           
------------------------------------------------------------------------------------------------
 Limit  (cost=4243093.16..4243093.16 rows=1 width=25)
   ->  Sort  (cost=4243093.16..4243093.17 rows=6 width=25)
         Sort Key: l_returnflag, l_linestatus
         ->  HashAggregate  (cost=4243093.02..4243093.12 rows=6 width=25)
               ->  Seq Scan on lineitem  (cost=0.00..1874967.10 rows=59203148 width=25)
                     Filter: (l_shipdate <= '1998-09-10 00:00:00'::timestamp without time zone)
(6 rows)

query 2 run 1
SET
SET
                                                            QUERY PLAN                                                             
-----------------------------------------------------------------------------------------------------------------------------------
 Limit  (cost=1071560.26..1071560.27 rows=1 width=192)
   ->  Sort  (cost=1071560.26..1071560.27 rows=1 width=192)
         Sort Key: public.supplier.s_acctbal, public.nation.n_name, public.supplier.s_name, part.p_partkey
         ->  Merge Join  (cost=558046.56..1071560.25 rows=1 width=192)
               Merge Cond: (part.p_partkey = public.partsupp.ps_partkey)
               Join Filter: (public.partsupp.ps_supplycost = (SubPlan 1))
               ->  Index Scan using part_pkey on part  (cost=0.00..89211.67 rows=7418 width=30)
                     Filter: (((p_type)::text ~~ '%NICKEL'::text) AND (p_size = 16))
               ->  Materialize  (cost=558046.56..566046.69 rows=1600026 width=172)
                     ->  Sort  (cost=558046.56..562046.62 rows=1600026 width=172)
                           Sort Key: public.partsupp.ps_partkey
                           ->  Hash Join  (cost=4048.53..305272.57 rows=1600026 width=172)
                                 Hash Cond: (public.partsupp.ps_suppkey = public.supplier.s_suppkey)
                                 ->  Seq Scan on partsupp  (cost=0.00..255223.29 rows=8000129 width=14)
                                 ->  Hash  (cost=3798.53..3798.53 rows=20000 width=166)
                                       ->  Hash Join  (cost=2.53..3798.53 rows=20000 width=166)
                                             Hash Cond: (public.supplier.s_nationkey = public.nation.n_nationkey)
                                             ->  Seq Scan on supplier  (cost=0.00..3221.00 rows=100000 width=144)
                                             ->  Hash  (cost=2.47..2.47 rows=5 width=30)
                                                   ->  Hash Join  (cost=1.07..2.47 rows=5 width=30)
                                                         Hash Cond: (public.nation.n_regionkey = public.region.r_regionkey)
                                                         ->  Seq Scan on nation  (cost=0.00..1.25 rows=25 width=34)
                                                         ->  Hash  (cost=1.06..1.06 rows=1 width=4)
                                                               ->  Seq Scan on region  (cost=0.00..1.06 rows=1 width=4)
                                                                     Filter: (r_name = 'AMERICA'::bpchar)
               SubPlan 1
                 ->  Aggregate  (cost=69.44..69.45 rows=1 width=6)
                       ->  Nested Loop  (cost=1.56..69.43 rows=4 width=6)
                             Join Filter: (public.nation.n_regionkey = public.region.r_regionkey)
                             ->  Seq Scan on region  (cost=0.00..1.06 rows=1 width=4)
                                   Filter: (r_name = 'AMERICA'::bpchar)
                             ->  Hash Join  (cost=1.56..68.13 rows=19 width=10)
                                   Hash Cond: (public.supplier.s_nationkey = public.nation.n_nationkey)
                                   ->  Nested Loop  (cost=0.00..66.31 rows=19 width=10)
                                         ->  Index Scan using idx_partsupp_partkey on partsupp  (cost=0.00..3.91 rows=19 width=10)
                                               Index Cond: (part.p_partkey = ps_partkey)
                                         ->  Index Scan using supplier_pkey on supplier  (cost=0.00..3.27 rows=1 width=8)
                                               Index Cond: (s_suppkey = public.partsupp.ps_suppkey)
                                   ->  Hash  (cost=1.25..1.25 rows=25 width=8)
                                         ->  Seq Scan on nation  (cost=0.00..1.25 rows=25 width=8)
(40 rows)

query 3 run 1
SET
SET
                                                              QUERY PLAN                                                               
---------------------------------------------------------------------------------------------------------------------------------------
 Limit  (cost=3524284.92..3524284.94 rows=10 width=24)
   ->  Sort  (cost=3524284.92..3532169.02 rows=3153643 width=24)
         Sort Key: (sum((lineitem.l_extendedprice * (1::numeric - lineitem.l_discount)))), orders.o_orderdate
         ->  GroupAggregate  (cost=3369410.64..3456135.83 rows=3153643 width=24)
               ->  Sort  (cost=3369410.64..3377294.75 rows=3153643 width=24)
                     Sort Key: lineitem.l_orderkey, orders.o_orderdate, orders.o_shippriority
                     ->  Hash Join  (cost=631975.75..2987419.40 rows=3153643 width=24)
                           Hash Cond: (lineitem.l_orderkey = orders.o_orderkey)
                           ->  Seq Scan on lineitem  (cost=0.00..1874967.10 rows=32693630 width=16)
                                 Filter: (l_shipdate > '1995-03-07'::date)
                           ->  Hash  (cost=606824.47..606824.47 rows=1446903 width=12)
                                 ->  Hash Join  (cost=143340.74..606824.47 rows=1446903 width=12)
                                       Hash Cond: (orders.o_custkey = customer.c_custkey)
                                       ->  Bitmap Heap Scan on orders  (cost=84850.34..435521.53 rows=7152255 width=16)
                                             Recheck Cond: (o_orderdate < '1995-03-07'::date)
                                             ->  Bitmap Index Scan on idx_orders_orderdate  (cost=0.00..83062.28 rows=7152255 width=0)
                                                   Index Cond: (o_orderdate < '1995-03-07'::date)
                                       ->  Hash  (cost=54697.23..54697.23 rows=303454 width=4)
                                             ->  Seq Scan on customer  (cost=0.00..54697.23 rows=303454 width=4)
                                                   Filter: (c_mktsegment = 'BUILDING'::bpchar)
(20 rows)

query 4 run 1
SET
SET
                                                        QUERY PLAN                                                         
---------------------------------------------------------------------------------------------------------------------------
 Limit  (cost=3106347.10..3106347.10 rows=1 width=16)
   ->  Sort  (cost=3106347.10..3106347.10 rows=1 width=16)
         Sort Key: orders.o_orderpriority
         ->  HashAggregate  (cost=3106347.08..3106347.09 rows=1 width=16)
               ->  Merge Semi Join  (cost=39.53..3103504.84 rows=568447 width=16)
                     Merge Cond: (orders.o_orderkey = lineitem.l_orderkey)
                     ->  Index Scan using orders_pkey on orders  (cost=0.00..622965.05 rows=568579 width=20)
                           Filter: ((o_orderdate >= '1993-12-01'::date) AND (o_orderdate < '1994-03-01'::date))
                     ->  Index Scan using idx_lineitem_orderkey on lineitem  (cost=0.00..2421619.96 rows=19995309 width=4)
                           Filter: (l_commitdate < l_receiptdate)
(10 rows)

query 5 run 1
SET
SET
                                                                 QUERY PLAN                                                                 
--------------------------------------------------------------------------------------------------------------------------------------------
 Limit  (cost=2420260.83..2420260.83 rows=1 width=38)
   ->  Sort  (cost=2420260.83..2420260.89 rows=25 width=38)
         Sort Key: (sum((lineitem.l_extendedprice * (1::numeric - lineitem.l_discount))))
         ->  HashAggregate  (cost=2420260.46..2420260.71 rows=25 width=38)
               ->  Hash Join  (cost=414513.03..2419536.20 rows=72426 width=38)
                     Hash Cond: ((lineitem.l_suppkey = supplier.s_suppkey) AND (customer.c_nationkey = supplier.s_nationkey))
                     ->  Hash Join  (cost=409792.03..2377858.02 rows=1811646 width=50)
                           Hash Cond: (lineitem.l_orderkey = orders.o_orderkey)
                           ->  Seq Scan on lineitem  (cost=0.00..1725002.28 rows=59985928 width=20)
                           ->  Hash  (cost=404129.31..404129.31 rows=453017 width=38)
                                 ->  Hash Join  (cost=95860.84..404129.31 rows=453017 width=38)
                                       Hash Cond: (orders.o_custkey = customer.c_custkey)
                                       ->  Bitmap Heap Scan on orders  (cost=32535.97..327780.21 rows=2265083 width=8)
                                             Recheck Cond: ((o_orderdate >= '1993-01-01'::date) AND (o_orderdate < '1994-01-01'::date))
                                             ->  Bitmap Index Scan on idx_orders_orderdate  (cost=0.00..31969.70 rows=2265083 width=0)
                                                   Index Cond: ((o_orderdate >= '1993-01-01'::date) AND (o_orderdate < '1994-01-01'::date))
                                       ->  Hash  (cost=59574.82..59574.82 rows=300004 width=38)
                                             ->  Hash Join  (cost=2.53..59574.82 rows=300004 width=38)
                                                   Hash Cond: (customer.c_nationkey = nation.n_nationkey)
                                                   ->  Seq Scan on customer  (cost=0.00..50947.18 rows=1500018 width=8)
                                                   ->  Hash  (cost=2.47..2.47 rows=5 width=30)
                                                         ->  Hash Join  (cost=1.07..2.47 rows=5 width=30)
                                                               Hash Cond: (nation.n_regionkey = region.r_regionkey)
                                                               ->  Seq Scan on nation  (cost=0.00..1.25 rows=25 width=34)
                                                               ->  Hash  (cost=1.06..1.06 rows=1 width=4)
                                                                     ->  Seq Scan on region  (cost=0.00..1.06 rows=1 width=4)
                                                                           Filter: (r_name = 'AMERICA'::bpchar)
                     ->  Hash  (cost=3221.00..3221.00 rows=100000 width=8)
                           ->  Seq Scan on supplier  (cost=0.00..3221.00 rows=100000 width=8)
(29 rows)

query 6 run 1
SET
SET
                                                                                                         QUERY PLAN                                                                                                          
-----------------------------------------------------------------------------------------------------------------------------------------------------------------------------------------------------------------------------
 Limit  (cost=1090797.60..1090797.61 rows=1 width=12)
   ->  Aggregate  (cost=1090797.60..1090797.61 rows=1 width=12)
         ->  Bitmap Heap Scan on lineitem  (cost=211385.00..1084812.37 rows=1197045 width=12)
               Recheck Cond: ((l_shipdate >= '1993-01-01'::date) AND (l_shipdate < '1994-01-01 00:00:00'::timestamp without time zone) AND (l_discount >= 0.06) AND (l_discount <= 0.08) AND (l_quantity < 25::numeric))
               ->  Bitmap Index Scan on idx_lineitem_shipdate  (cost=0.00..211085.74 rows=1197045 width=0)
                     Index Cond: ((l_shipdate >= '1993-01-01'::date) AND (l_shipdate < '1994-01-01 00:00:00'::timestamp without time zone) AND (l_discount >= 0.06) AND (l_discount <= 0.08) AND (l_quantity < 25::numeric))
(6 rows)

query 7 run 1
SET
SET
                                                                                                      QUERY PLAN                                                                                                       
-----------------------------------------------------------------------------------------------------------------------------------------------------------------------------------------------------------------------
 Limit  (cost=2606785.00..2606785.00 rows=1 width=68)
   ->  Sort  (cost=2606785.00..2606931.11 rows=58443 width=68)
         Sort Key: n1.n_name, n2.n_name, (date_part('year'::text, (lineitem.l_shipdate)::timestamp without time zone))
         ->  HashAggregate  (cost=2605616.14..2606492.79 rows=58443 width=68)
               ->  Hash Join  (cost=864566.02..2604739.50 rows=58443 width=68)
                     Hash Cond: ((lineitem.l_suppkey = supplier.s_suppkey) AND (n1.n_nationkey = supplier.s_nationkey))
                     ->  Hash Join  (cost=859845.02..2569894.57 rows=1462364 width=76)
                           Hash Cond: (lineitem.l_orderkey = orders.o_orderkey)
                           ->  Bitmap Heap Scan on lineitem  (cost=293180.58..1692736.31 rows=18294182 width=24)
                                 Recheck Cond: ((l_shipdate >= '1995-01-01'::date) AND (l_shipdate <= '1996-12-31'::date))
                                 ->  Bitmap Index Scan on idx_lineitem_shipdate  (cost=0.00..288607.03 rows=18294182 width=0)
                                       Index Cond: ((l_shipdate >= '1995-01-01'::date) AND (l_shipdate <= '1996-12-31'::date))
                           ->  Hash  (cost=538795.48..538795.48 rows=1199037 width=60)
                                 ->  Hash Join  (cost=59287.72..538795.48 rows=1199037 width=60)
                                       Hash Cond: (orders.o_custkey = customer.c_custkey)
                                       ->  Seq Scan on orders  (cost=0.00..411267.59 rows=14999959 width=8)
                                       ->  Hash  (cost=57788.91..57788.91 rows=119905 width=60)
                                             ->  Hash Join  (cost=16.65..57788.91 rows=119905 width=60)
                                                   Hash Cond: (customer.c_nationkey = n2.n_nationkey)
                                                   ->  Seq Scan on customer  (cost=0.00..50947.18 rows=1500018 width=8)
                                                   ->  Hash  (cost=16.62..16.62 rows=2 width=60)
                                                         ->  Nested Loop  (cost=0.00..16.62 rows=2 width=60)
                                                               Join Filter: (((n1.n_name = 'PERU'::bpchar) AND (n2.n_name = 'MOROCCO'::bpchar)) OR ((n1.n_name = 'MOROCCO'::bpchar) AND (n2.n_name = 'PERU'::bpchar)))
                                                               ->  Seq Scan on nation n1  (cost=0.00..1.25 rows=25 width=30)
                                                               ->  Materialize  (cost=0.00..1.38 rows=25 width=30)
                                                                     ->  Seq Scan on nation n2  (cost=0.00..1.25 rows=25 width=30)
                     ->  Hash  (cost=3221.00..3221.00 rows=100000 width=8)
                           ->  Seq Scan on supplier  (cost=0.00..3221.00 rows=100000 width=8)
(28 rows)

query 8 run 1
SET
SET
                                                                    QUERY PLAN                                                                     
---------------------------------------------------------------------------------------------------------------------------------------------------
 Limit  (cost=1245047.81..1245047.81 rows=1 width=42)
   ->  Sort  (cost=1245047.81..1245049.65 rows=738 width=42)
         Sort Key: (date_part('year'::text, (orders.o_orderdate)::timestamp without time zone))
         ->  HashAggregate  (cost=1245031.20..1245044.12 rows=738 width=42)
               ->  Hash Join  (cost=505511.04..1244541.56 rows=24482 width=42)
                     Hash Cond: (supplier.s_nationkey = n2.n_nationkey)
                     ->  Hash Join  (cost=505509.47..1244080.96 rows=24482 width=20)
                           Hash Cond: (lineitem.l_suppkey = supplier.s_suppkey)
                           ->  Hash Join  (cost=501038.47..1239120.10 rows=24504 width=20)
                                 Hash Cond: (lineitem.l_orderkey = orders.o_orderkey)
                                 ->  Nested Loop  (cost=0.00..728057.95 rows=399903 width=20)
                                       ->  Seq Scan on part  (cost=0.00..65980.59 rows=13333 width=4)
                                             Filter: ((p_type)::text = 'LARGE POLISHED BRASS'::text)
                                       ->  Index Scan using idx_lineitem_part_supp on lineitem  (cost=0.00..49.28 rows=30 width=24)
                                             Index Cond: (l_partkey = part.p_partkey)
                                 ->  Hash  (cost=485958.61..485958.61 rows=919109 width=8)
                                       ->  Hash Join  (cost=129333.06..485958.61 rows=919109 width=8)
                                             Hash Cond: (orders.o_custkey = customer.c_custkey)
                                             ->  Bitmap Heap Scan on orders  (cost=66008.19..396209.35 rows=4595544 width=12)
                                                   Recheck Cond: ((o_orderdate >= '1995-01-01'::date) AND (o_orderdate <= '1996-12-31'::date))
                                                   ->  Bitmap Index Scan on idx_orders_orderdate  (cost=0.00..64859.31 rows=4595544 width=0)
                                                         Index Cond: ((o_orderdate >= '1995-01-01'::date) AND (o_orderdate <= '1996-12-31'::date))
                                             ->  Hash  (cost=59574.82..59574.82 rows=300004 width=4)
                                                   ->  Hash Join  (cost=2.53..59574.82 rows=300004 width=4)
                                                         Hash Cond: (customer.c_nationkey = n1.n_nationkey)
                                                         ->  Seq Scan on customer  (cost=0.00..50947.18 rows=1500018 width=8)
                                                         ->  Hash  (cost=2.47..2.47 rows=5 width=4)
                                                               ->  Hash Join  (cost=1.07..2.47 rows=5 width=4)
                                                                     Hash Cond: (n1.n_regionkey = region.r_regionkey)
                                                                     ->  Seq Scan on nation n1  (cost=0.00..1.25 rows=25 width=8)
                                                                     ->  Hash  (cost=1.06..1.06 rows=1 width=4)
                                                                           ->  Seq Scan on region  (cost=0.00..1.06 rows=1 width=4)
                                                                                 Filter: (r_name = 'AMERICA'::bpchar)
                           ->  Hash  (cost=3221.00..3221.00 rows=100000 width=8)
                                 ->  Seq Scan on supplier  (cost=0.00..3221.00 rows=100000 width=8)
                     ->  Hash  (cost=1.25..1.25 rows=25 width=30)
                           ->  Seq Scan on nation n2  (cost=0.00..1.25 rows=25 width=30)
(37 rows)

query 9 run 1
SET
SET
                                                                   QUERY PLAN                                                                    
-------------------------------------------------------------------------------------------------------------------------------------------------
 Limit  (cost=3214202.69..3214202.69 rows=1 width=53)
   ->  Sort  (cost=3214202.69..3214203.06 rows=148 width=53)
         Sort Key: nation.n_name, (date_part('year'::text, (orders.o_orderdate)::timestamp without time zone))
         ->  HashAggregate  (cost=3214199.73..3214201.95 rows=148 width=53)
               ->  Nested Loop  (cost=3.49..3214197.14 rows=148 width=53)
                     Join Filter: (supplier.s_nationkey = nation.n_nationkey)
                     ->  Nested Loop  (cost=3.49..3214139.59 rows=148 width=31)
                           ->  Nested Loop  (cost=3.49..3213567.26 rows=148 width=31)
                                 ->  Nested Loop  (cost=3.49..3213085.85 rows=148 width=35)
                                       ->  Merge Join  (cost=3.49..437486.17 rows=484856 width=18)
                                             Merge Cond: (part.p_partkey = partsupp.ps_partkey)
                                             ->  Index Scan using part_pkey on part  (cost=0.00..84211.75 rows=121210 width=4)
                                                   Filter: ((p_name)::text ~~ '%navy%'::text)
                                             ->  Index Scan using idx_partsupp_partkey on partsupp  (cost=0.00..328130.51 rows=8000129 width=14)
                                       ->  Index Scan using idx_lineitem_part_supp on lineitem  (cost=0.00..5.71 rows=1 width=29)
                                             Index Cond: ((l_partkey = partsupp.ps_partkey) AND (l_suppkey = partsupp.ps_suppkey))
                                 ->  Index Scan using supplier_pkey on supplier  (cost=0.00..3.24 rows=1 width=8)
                                       Index Cond: (s_suppkey = lineitem.l_suppkey)
                           ->  Index Scan using orders_pkey on orders  (cost=0.00..3.85 rows=1 width=8)
                                 Index Cond: (o_orderkey = lineitem.l_orderkey)
                     ->  Materialize  (cost=0.00..1.38 rows=25 width=30)
                           ->  Seq Scan on nation  (cost=0.00..1.25 rows=25 width=30)
(22 rows)

query 10 run 1
SET
SET
                                                                           QUERY PLAN                                                                           
----------------------------------------------------------------------------------------------------------------------------------------------------------------
 Limit  (cost=2646621.04..2646621.09 rows=20 width=182)
   ->  Sort  (cost=2646621.04..2648035.21 rows=565666 width=182)
         Sort Key: (sum((lineitem.l_extendedprice * (1::numeric - lineitem.l_discount))))
         ->  GroupAggregate  (cost=2610356.40..2631568.88 rows=565666 width=182)
               ->  Sort  (cost=2610356.40..2611770.57 rows=565666 width=182)
                     Sort Key: customer.c_custkey, customer.c_name, customer.c_acctbal, customer.c_phone, nation.n_name, customer.c_address, customer.c_comment
                     ->  Hash Join  (cost=387474.37..2523991.42 rows=565666 width=182)
                           Hash Cond: (customer.c_nationkey = nation.n_nationkey)
                           ->  Hash Join  (cost=387472.81..2516211.95 rows=565666 width=160)
                                 Hash Cond: (orders.o_custkey = customer.c_custkey)
                                 ->  Hash Join  (cost=285548.40..2367342.47 rows=565666 width=16)
                                       Hash Cond: (lineitem.l_orderkey = orders.o_orderkey)
                                       ->  Seq Scan on lineitem  (cost=0.00..1874967.10 rows=14630568 width=16)
                                             Filter: (l_returnflag = 'R'::bpchar)
                                       ->  Hash  (cost=278299.05..278299.05 rows=579948 width=8)
                                             ->  Bitmap Heap Scan on orders  (cost=8331.83..278299.05 rows=579948 width=8)
                                                   Recheck Cond: ((o_orderdate >= '1994-08-01'::date) AND (o_orderdate < '1994-11-01'::date))
                                                   ->  Bitmap Index Scan on idx_orders_orderdate  (cost=0.00..8186.85 rows=579948 width=0)
                                                         Index Cond: ((o_orderdate >= '1994-08-01'::date) AND (o_orderdate < '1994-11-01'::date))
                                 ->  Hash  (cost=50947.18..50947.18 rows=1500018 width=148)
                                       ->  Seq Scan on customer  (cost=0.00..50947.18 rows=1500018 width=148)
                           ->  Hash  (cost=1.25..1.25 rows=25 width=30)
                                 ->  Seq Scan on nation  (cost=0.00..1.25 rows=25 width=30)
(23 rows)

query 11 run 1
SET
SET
                                                             QUERY PLAN                                                             
------------------------------------------------------------------------------------------------------------------------------------
 Limit  (cost=685156.53..685156.53 rows=1 width=14)
   InitPlan 1 (returns $1)
     ->  Aggregate  (cost=323147.77..323147.78 rows=1 width=10)
           ->  Hash Join  (cost=2323.42..320747.73 rows=320005 width=10)
                 Hash Cond: (public.partsupp.ps_suppkey = public.supplier.s_suppkey)
                 ->  Seq Scan on partsupp  (cost=0.00..255223.29 rows=8000129 width=14)
                 ->  Hash  (cost=2273.42..2273.42 rows=4000 width=4)
                       ->  Nested Loop  (cost=49.25..2273.42 rows=4000 width=4)
                             ->  Seq Scan on nation  (cost=0.00..1.31 rows=1 width=4)
                                   Filter: (n_name = 'SAUDI ARABIA'::bpchar)
                             ->  Bitmap Heap Scan on supplier  (cost=49.25..2222.11 rows=4000 width=8)
                                   Recheck Cond: (s_nationkey = public.nation.n_nationkey)
                                   ->  Bitmap Index Scan on idx_supplier_nation_key  (cost=0.00..48.25 rows=4000 width=0)
                                         Index Cond: (s_nationkey = public.nation.n_nationkey)
   ->  Sort  (cost=362008.75..362808.76 rows=320005 width=14)
         Sort Key: (sum((public.partsupp.ps_supplycost * (public.partsupp.ps_availqty)::numeric)))
         ->  GroupAggregate  (cost=350008.56..360408.72 rows=320005 width=14)
               Filter: (sum((public.partsupp.ps_supplycost * (public.partsupp.ps_availqty)::numeric)) > $1)
               ->  Sort  (cost=350008.56..350808.57 rows=320005 width=14)
                     Sort Key: public.partsupp.ps_partkey
                     ->  Hash Join  (cost=2323.42..320747.73 rows=320005 width=14)
                           Hash Cond: (public.partsupp.ps_suppkey = public.supplier.s_suppkey)
                           ->  Seq Scan on partsupp  (cost=0.00..255223.29 rows=8000129 width=18)
                           ->  Hash  (cost=2273.42..2273.42 rows=4000 width=4)
                                 ->  Nested Loop  (cost=49.25..2273.42 rows=4000 width=4)
                                       ->  Seq Scan on nation  (cost=0.00..1.31 rows=1 width=4)
                                             Filter: (n_name = 'SAUDI ARABIA'::bpchar)
                                       ->  Bitmap Heap Scan on supplier  (cost=49.25..2222.11 rows=4000 width=8)
                                             Recheck Cond: (s_nationkey = public.nation.n_nationkey)
                                             ->  Bitmap Index Scan on idx_supplier_nation_key  (cost=0.00..48.25 rows=4000 width=0)
                                                   Index Cond: (s_nationkey = public.nation.n_nationkey)
(31 rows)

query 12 run 1
SET
SET
                                                                                                                    QUERY PLAN                                                                                                                     
---------------------------------------------------------------------------------------------------------------------------------------------------------------------------------------------------------------------------------------------------
 Limit  (cost=3092436.89..3092436.89 rows=1 width=27)
   ->  Sort  (cost=3092436.89..3092436.89 rows=1 width=27)
         Sort Key: lineitem.l_shipmode
         ->  HashAggregate  (cost=3092436.87..3092436.88 rows=1 width=27)
               ->  Merge Join  (cost=2498529.73..3087836.22 rows=262894 width=27)
                     Merge Cond: (orders.o_orderkey = lineitem.l_orderkey)
                     ->  Index Scan using orders_pkey on orders  (cost=0.00..547965.25 rows=14999959 width=20)
                     ->  Sort  (cost=2498492.26..2499149.49 rows=262894 width=15)
                           Sort Key: lineitem.l_orderkey
                           ->  Seq Scan on lineitem  (cost=0.00..2474826.38 rows=262894 width=15)
                                 Filter: ((l_shipmode = ANY ('{SHIP,"REG AIR"}'::bpchar[])) AND (l_commitdate < l_receiptdate) AND (l_shipdate < l_commitdate) AND (l_receiptdate >= '1994-01-01'::date) AND (l_receiptdate < '1995-01-01'::date))
(11 rows)

query 13 run 1
SET
SET
                                                      QUERY PLAN                                                      
----------------------------------------------------------------------------------------------------------------------
 Limit  (cost=2811621.19..2811621.19 rows=1 width=8)
   ->  Sort  (cost=2811621.19..2811621.69 rows=200 width=8)
         Sort Key: (count(*)), (count(orders.o_orderkey))
         ->  HashAggregate  (cost=2811618.19..2811620.19 rows=200 width=8)
               ->  GroupAggregate  (cost=2368280.26..2789117.92 rows=1500018 width=8)
                     ->  Merge Left Join  (cost=2368280.26..2699125.44 rows=14998460 width=8)
                           Merge Cond: (customer.c_custkey = orders.o_custkey)
                           ->  Index Scan using customer_pkey on customer  (cost=0.00..64622.08 rows=1500018 width=4)
                           ->  Materialize  (cost=2368280.26..2443272.56 rows=14998460 width=8)
                                 ->  Sort  (cost=2368280.26..2405776.41 rows=14998460 width=8)
                                       Sort Key: orders.o_custkey
                                       ->  Seq Scan on orders  (cost=0.00..448767.49 rows=14998460 width=8)
                                             Filter: ((o_comment)::text !~~ '%special%requests%'::text)
(13 rows)

query 14 run 1
SET
SET
                                                    QUERY PLAN                                                    
------------------------------------------------------------------------------------------------------------------
 Limit  (cost=817858.93..817858.94 rows=1 width=33)
   ->  Aggregate  (cost=817858.93..817858.94 rows=1 width=33)
         ->  Hash Join  (cost=111650.59..804761.03 rows=748451 width=33)
               Hash Cond: (lineitem.l_partkey = part.p_partkey)
               ->  Bitmap Heap Scan on lineitem  (cost=11998.34..667286.63 rows=748451 width=16)
                     Recheck Cond: ((l_shipdate >= '1994-05-01'::date) AND (l_shipdate < '1994-06-01'::date))
                     ->  Bitmap Index Scan on idx_lineitem_shipdate  (cost=0.00..11811.22 rows=748451 width=0)
                           Index Cond: ((l_shipdate >= '1994-05-01'::date) AND (l_shipdate < '1994-06-01'::date))
               ->  Hash  (cost=60980.67..60980.67 rows=1999967 width=25)
                     ->  Seq Scan on part  (cost=0.00..60980.67 rows=1999967 width=25)
(10 rows)

query 15 run 1
SET
SET
CREATE VIEW
                                                          QUERY PLAN                                                          
------------------------------------------------------------------------------------------------------------------------------
 Limit  (cost=2454607.40..2454608.57 rows=1 width=103)
   InitPlan 1 (returns $0)
     ->  Aggregate  (cost=1218651.64..1218651.65 rows=1 width=32)
           ->  HashAggregate  (cost=1218566.14..1218604.14 rows=3800 width=16)
                 ->  Bitmap Heap Scan on lineitem  (cost=36495.89..1195795.24 rows=2277090 width=16)
                       Recheck Cond: ((l_shipdate >= '1996-01-01'::date) AND (l_shipdate < '1996-04-01'::date))
                       ->  Bitmap Index Scan on idx_lineitem_shipdate  (cost=0.00..35926.61 rows=2277090 width=0)
                             Index Cond: ((l_shipdate >= '1996-01-01'::date) AND (l_shipdate < '1996-04-01'::date))
   ->  Merge Join  (cost=1235955.76..1240398.51 rows=3800 width=103)
         Merge Cond: (supplier.s_suppkey = revenue0.supplier_no)
         ->  Index Scan using supplier_pkey on supplier  (cost=0.00..4135.75 rows=100000 width=71)
         ->  Sort  (cost=1235955.76..1235965.26 rows=3800 width=36)
               Sort Key: revenue0.supplier_no
               ->  Subquery Scan on revenue0  (cost=1235644.31..1235729.81 rows=3800 width=36)
                     ->  HashAggregate  (cost=1235644.31..1235691.81 rows=3800 width=16)
                           Filter: (sum((public.lineitem.l_extendedprice * (1::numeric - public.lineitem.l_discount))) = $0)
                           ->  Bitmap Heap Scan on lineitem  (cost=36495.89..1195795.24 rows=2277090 width=16)
                                 Recheck Cond: ((l_shipdate >= '1996-01-01'::date) AND (l_shipdate < '1996-04-01'::date))
                                 ->  Bitmap Index Scan on idx_lineitem_shipdate  (cost=0.00..35926.61 rows=2277090 width=0)
                                       Index Cond: ((l_shipdate >= '1996-01-01'::date) AND (l_shipdate < '1996-04-01'::date))
(20 rows)

DROP VIEW
query 16 run 1
SET
SET
                                                                                         QUERY PLAN                                                                                         
--------------------------------------------------------------------------------------------------------------------------------------------------------------------------------------------
 Limit  (cost=498240.71..498240.71 rows=1 width=40)
   ->  Sort  (cost=498240.71..498305.37 rows=25862 width=40)
         Sort Key: (count(DISTINCT partsupp.ps_suppkey)), part.p_brand, part.p_type, part.p_size
         ->  GroupAggregate  (cost=490956.36..498111.40 rows=25862 width=40)
               ->  Sort  (cost=490956.36..492335.64 rows=551714 width=40)
                     Sort Key: part.p_brand, part.p_type, part.p_size
                     ->  Hash Join  (cost=97899.30..428640.85 rows=551714 width=40)
                           Hash Cond: (partsupp.ps_partkey = part.p_partkey)
                           ->  Seq Scan on partsupp  (cost=3471.03..278694.64 rows=4000064 width=8)
                                 Filter: (NOT (hashed SubPlan 1))
                                 SubPlan 1
                                   ->  Seq Scan on supplier  (cost=0.00..3471.00 rows=10 width=4)
                                         Filter: ((s_comment)::text ~~ '%Customer%Complaints%'::text)
                           ->  Hash  (cost=90980.18..90980.18 rows=275848 width=40)
                                 ->  Seq Scan on part  (cost=0.00..90980.18 rows=275848 width=40)
                                       Filter: ((p_brand <> 'Brand#12'::bpchar) AND ((p_type)::text !~~ 'SMALL BRUSHED%'::text) AND (p_size = ANY ('{12,32,36,26,40,34,49,9}'::integer[])))
(16 rows)

query 17 run 1
SET
SET
                                                  QUERY PLAN                                                   
---------------------------------------------------------------------------------------------------------------
 Limit  (cost=10805410.03..10805410.05 rows=1 width=8)
   ->  Aggregate  (cost=10805410.03..10805410.05 rows=1 width=8)
         ->  Nested Loop  (cost=10204736.34..10805361.46 rows=19428 width=8)
               Join Filter: (public.lineitem.l_quantity < ((0.2 * avg(public.lineitem.l_quantity))))
               ->  Merge Join  (cost=10204736.34..10708801.50 rows=1943 width=40)
                     Merge Cond: (public.lineitem.l_partkey = part.p_partkey)
                     ->  GroupAggregate  (cost=10133647.79..10613073.92 rows=1968778 width=9)
                           ->  Sort  (cost=10133647.79..10283612.61 rows=59985928 width=9)
                                 Sort Key: public.lineitem.l_partkey
                                 ->  Seq Scan on lineitem  (cost=0.00..1725002.28 rows=59985928 width=9)
                     ->  Sort  (cost=71088.55..71093.49 rows=1974 width=4)
                           Sort Key: part.p_partkey
                           ->  Seq Scan on part  (cost=0.00..70980.51 rows=1974 width=4)
                                 Filter: ((p_brand = 'Brand#22'::bpchar) AND (p_container = 'LG BOX'::bpchar))
               ->  Index Scan using idx_lineitem_part_supp on lineitem  (cost=0.00..49.25 rows=30 width=17)
                     Index Cond: (l_partkey = part.p_partkey)
(16 rows)

query 18 run 1
SET
SET
                                                                    QUERY PLAN                                                                     
---------------------------------------------------------------------------------------------------------------------------------------------------
 Limit  (cost=11874472.62..11874475.37 rows=100 width=44)
   ->  GroupAggregate  (cost=11874472.62..12699279.13 rows=29992964 width=44)
         ->  Sort  (cost=11874472.62..11949455.03 rows=29992964 width=44)
               Sort Key: orders.o_totalprice, orders.o_orderdate, customer.c_name, customer.c_custkey, orders.o_orderkey
               ->  Hash Join  (cost=78726.65..7556503.56 rows=29992964 width=44)
                     Hash Cond: (orders.o_custkey = customer.c_custkey)
                     ->  Merge Join  (cost=239.24..6459304.87 rows=29992964 width=25)
                           Merge Cond: (orders.o_orderkey = public.lineitem.l_orderkey)
                           ->  Merge Semi Join  (cost=0.00..3719418.00 rows=7499980 width=24)
                                 Merge Cond: (orders.o_orderkey = public.lineitem.l_orderkey)
                                 ->  Index Scan using orders_pkey on orders  (cost=0.00..547965.25 rows=14999959 width=20)
                                 ->  Materialize  (cost=0.00..2946496.83 rows=14996482 width=4)
                                       ->  GroupAggregate  (cost=0.00..2759040.80 rows=14996482 width=9)
                                             Filter: (sum(public.lineitem.l_quantity) > 313::numeric)
                                             ->  Index Scan using idx_lineitem_orderkey on lineitem  (cost=0.00..2271655.14 rows=59985928 width=9)
                           ->  Index Scan using idx_lineitem_orderkey on lineitem  (cost=0.00..2271655.14 rows=59985928 width=9)
                     ->  Hash  (cost=50947.18..50947.18 rows=1500018 width=23)
                           ->  Seq Scan on customer  (cost=0.00..50947.18 rows=1500018 width=23)
(18 rows)

query 19 run 1
SET
SET
                                                                                                                                                                                                                                                                                                                                                                  QUERY PLAN                                                                                                                                                                                                                                                                                                                                                                   
-----------------------------------------------------------------------------------------------------------------------------------------------------------------------------------------------------------------------------------------------------------------------------------------------------------------------------------------------------------------------------------------------------------------------------------------------------------------------------------------------------------------------------------------------------------------------------------------------------------------------------------------------------------------------------------------------------------------------------------------------
 Limit  (cost=3129614.72..3129614.73 rows=1 width=12)
   ->  Aggregate  (cost=3129614.72..3129614.73 rows=1 width=12)
         ->  Hash Join  (cost=104652.17..3129606.98 rows=1032 width=12)
               Hash Cond: (lineitem.l_partkey = part.p_partkey)
               Join Filter: (((part.p_brand = 'Brand#24'::bpchar) AND (part.p_container = ANY ('{"SM CASE","SM BOX","SM PACK","SM PKG"}'::bpchar[])) AND (lineitem.l_quantity >= 10::numeric) AND (lineitem.l_quantity <= 20::numeric) AND (part.p_size <= 5)) OR ((part.p_brand = 'Brand#43'::bpchar) AND (part.p_container = ANY ('{"MED BAG","MED BOX","MED PKG","MED PACK"}'::bpchar[])) AND (lineitem.l_quantity >= 10::numeric) AND (lineitem.l_quantity <= 20::numeric) AND (part.p_size <= 10)) OR ((part.p_brand = 'Brand#44'::bpchar) AND (part.p_container = ANY ('{"LG CASE","LG BOX","LG PACK","LG PKG"}'::bpchar[])) AND (lineitem.l_quantity >= 20::numeric) AND (lineitem.l_quantity <= 30::numeric) AND (part.p_size <= 15)))
               ->  Seq Scan on lineitem  (cost=0.00..2924720.84 rows=1092681 width=21)
                     Filter: ((l_shipmode = ANY ('{AIR,"AIR REG"}'::bpchar[])) AND (l_shipinstruct = 'DELIVER IN PERSON'::bpchar) AND (((l_quantity >= 10::numeric) AND (l_quantity <= 20::numeric)) OR ((l_quantity >= 10::numeric) AND (l_quantity <= 20::numeric)) OR ((l_quantity >= 20::numeric) AND (l_quantity <= 30::numeric))))
               ->  Hash  (cost=65980.59..65980.59 rows=1999967 width=30)
                     ->  Seq Scan on part  (cost=0.00..65980.59 rows=1999967 width=30)
                           Filter: (p_size >= 1)
(10 rows)

query 20 run 1
SET
SET
                                                                QUERY PLAN                                                                
------------------------------------------------------------------------------------------------------------------------------------------
 Limit  (cost=2879739.74..2879739.75 rows=1 width=51)
   ->  Sort  (cost=2879739.74..2879739.75 rows=1 width=51)
         Sort Key: supplier.s_name
         ->  Nested Loop Semi Join  (cost=2755718.73..2879739.73 rows=1 width=51)
               Join Filter: (supplier.s_suppkey = lineitem.l_suppkey)
               ->  Nested Loop  (cost=49.25..2273.42 rows=4000 width=55)
                     ->  Seq Scan on nation  (cost=0.00..1.31 rows=1 width=4)
                           Filter: (n_name = 'IRAQ'::bpchar)
                     ->  Bitmap Heap Scan on supplier  (cost=49.25..2222.11 rows=4000 width=59)
                           Recheck Cond: (s_nationkey = nation.n_nationkey)
                           ->  Bitmap Index Scan on idx_supplier_nation_key  (cost=0.00..48.25 rows=4000 width=0)
                                 Index Cond: (s_nationkey = nation.n_nationkey)
               ->  Materialize  (cost=2755669.47..2875666.39 rows=30 width=8)
                     ->  Merge Join  (cost=2755669.47..2875666.24 rows=30 width=8)
                           Merge Cond: ((lineitem.l_partkey = partsupp.ps_partkey) AND (lineitem.l_suppkey = partsupp.ps_suppkey))
                           Join Filter: ((partsupp.ps_availqty)::numeric > ((0.5 * sum(lineitem.l_quantity))))
                           ->  GroupAggregate  (cost=2573279.85..2676608.88 rows=918481 width=13)
                                 ->  Sort  (cost=2573279.85..2596241.85 rows=9184802 width=13)
                                       Sort Key: lineitem.l_partkey, lineitem.l_suppkey
                                       ->  Bitmap Heap Scan on lineitem  (cost=147196.94..1410111.97 rows=9184802 width=13)
                                             Recheck Cond: ((l_shipdate >= '1996-01-01'::date) AND (l_shipdate < '1997-01-01'::date))
                                             ->  Bitmap Index Scan on idx_lineitem_shipdate  (cost=0.00..144900.73 rows=9184802 width=0)
                                                   Index Cond: ((l_shipdate >= '1996-01-01'::date) AND (l_shipdate < '1997-01-01'::date))
                           ->  Sort  (cost=182389.63..183353.09 rows=385384 width=16)
                                 Sort Key: partsupp.ps_partkey, partsupp.ps_suppkey
                                 ->  Nested Loop  (cost=66031.09..146633.82 rows=385384 width=16)
                                       ->  HashAggregate  (cost=66031.09..66233.11 rows=20202 width=4)
                                             ->  Seq Scan on part  (cost=0.00..65980.59 rows=20202 width=4)
                                                   Filter: ((p_name)::text ~~ 'olive%'::text)
                                       ->  Index Scan using idx_partsupp_partkey on partsupp  (cost=0.00..3.74 rows=19 width=12)
                                             Index Cond: (ps_partkey = part.p_partkey)
(31 rows)

query 21 run 1
SET
SET
                                                                   QUERY PLAN                                                                   
------------------------------------------------------------------------------------------------------------------------------------------------
 Limit  (cost=4826413.92..4826413.93 rows=1 width=26)
   ->  Sort  (cost=4826413.92..4826413.93 rows=1 width=26)
         Sort Key: (count(*)), supplier.s_name
         ->  HashAggregate  (cost=4826413.90..4826413.91 rows=1 width=26)
               ->  Nested Loop Anti Join  (cost=569609.66..4826413.90 rows=1 width=26)
                     Join Filter: (l3.l_suppkey <> l1.l_suppkey)
                     ->  Nested Loop Semi Join  (cost=569609.66..4826402.31 rows=1 width=34)
                           Join Filter: (l2.l_suppkey <> l1.l_suppkey)
                           ->  Hash Join  (cost=569609.66..2581093.53 rows=384847 width=38)
                                 Hash Cond: (l1.l_orderkey = orders.o_orderkey)
                                 ->  Hash Join  (cost=2323.42..1960263.94 rows=799101 width=34)
                                       Hash Cond: (l1.l_suppkey = supplier.s_suppkey)
                                       ->  Seq Scan on lineitem l1  (cost=0.00..1874967.10 rows=19995309 width=8)
                                             Filter: (l_receiptdate > l_commitdate)
                                       ->  Hash  (cost=2273.42..2273.42 rows=4000 width=30)
                                             ->  Nested Loop  (cost=49.25..2273.42 rows=4000 width=30)
                                                   ->  Seq Scan on nation  (cost=0.00..1.31 rows=1 width=4)
                                                         Filter: (n_name = 'PERU'::bpchar)
                                                   ->  Bitmap Heap Scan on supplier  (cost=49.25..2222.11 rows=4000 width=34)
                                                         Recheck Cond: (s_nationkey = nation.n_nationkey)
                                                         ->  Bitmap Index Scan on idx_supplier_nation_key  (cost=0.00..48.25 rows=4000 width=0)
                                                               Index Cond: (s_nationkey = nation.n_nationkey)
                                 ->  Hash  (cost=448767.49..448767.49 rows=7223980 width=4)
                                       ->  Seq Scan on orders  (cost=0.00..448767.49 rows=7223980 width=4)
                                             Filter: (o_orderstatus = 'F'::bpchar)
                           ->  Index Scan using idx_lineitem_orderkey on lineitem l2  (cost=0.00..5.77 rows=4 width=8)
                                 Index Cond: (l_orderkey = orders.o_orderkey)
                     ->  Index Scan using idx_lineitem_orderkey on lineitem l3  (cost=0.00..5.78 rows=1 width=8)
                           Index Cond: (l_orderkey = l1.l_orderkey)
                           Filter: (l_receiptdate > l_commitdate)
(30 rows)

query 22 run 1
SET
SET
                                                               QUERY PLAN                                                               
----------------------------------------------------------------------------------------------------------------------------------------
 Limit  (cost=192279.01..192279.02 rows=1 width=22)
   InitPlan 1 (returns $0)
     ->  Aggregate  (cost=75439.90..75439.90 rows=1 width=6)
           ->  Seq Scan on customer  (cost=0.00..75322.47 rows=46968 width=6)
                 Filter: ((c_acctbal > 0.00) AND ("substring"((c_phone)::text, 1, 2) = ANY ('{21,29,26,34,14,15,17}'::text[])))
   ->  Sort  (cost=116839.11..116858.04 rows=7571 width=22)
         Sort Key: ("substring"((public.customer.c_phone)::text, 1, 2))
         ->  HashAggregate  (cost=116687.69..116801.25 rows=7571 width=22)
               ->  Nested Loop Anti Join  (cost=0.00..116630.91 rows=7571 width=22)
                     ->  Seq Scan on customer  (cost=0.00..75322.47 rows=17240 width=26)
                           Filter: ((c_acctbal > $0) AND ("substring"((c_phone)::text, 1, 2) = ANY ('{21,29,26,34,14,15,17}'::text[])))
                     ->  Index Scan using idx_orders_custkey on orders  (cost=0.00..28.33 rows=18 width=4)
                           Index Cond: (o_custkey = public.customer.c_custkey)
(13 rows)

