query 1 run 1
SET
SET
SET
                                           QUERY PLAN                                           
------------------------------------------------------------------------------------------------
 Limit  (cost=3952043.07..3952043.07 rows=1 width=236)
   ->  Sort  (cost=3952043.07..3952043.08 rows=6 width=236)
         Sort Key: l_returnflag, l_linestatus
         ->  HashAggregate  (cost=3952042.88..3952043.04 rows=6 width=236)
               Group Key: l_returnflag, l_linestatus
               ->  Seq Scan on lineitem  (cost=0.00..1875088.80 rows=59341545 width=25)
                     Filter: (l_shipdate <= '1998-09-10 00:00:00'::timestamp without time zone)
(7 rows)

query 2 run 1
SET
SET
SET
                                                                  QUERY PLAN                                                                  
----------------------------------------------------------------------------------------------------------------------------------------------
 Limit  (cost=1148197.04..1148197.05 rows=1 width=192)
   ->  Sort  (cost=1148197.04..1148197.05 rows=1 width=192)
         Sort Key: supplier.s_acctbal DESC, nation.n_name, supplier.s_name, part.p_partkey
         ->  Merge Join  (cost=558032.86..1148197.03 rows=1 width=192)
               Merge Cond: (part.p_partkey = partsupp.ps_partkey)
               Join Filter: (partsupp.ps_supplycost = (SubPlan 1))
               ->  Index Scan using part_pkey on part  (cost=0.43..89213.79 rows=9223 width=30)
                     Filter: (((p_type)::text ~~ '%NICKEL'::text) AND (p_size = 16))
               ->  Materialize  (cost=558032.43..566032.31 rows=1599975 width=172)
                     ->  Sort  (cost=558032.43..562032.37 rows=1599975 width=172)
                           Sort Key: partsupp.ps_partkey
                           ->  Hash Join  (cost=4048.51..305268.57 rows=1599975 width=172)
                                 Hash Cond: (partsupp.ps_suppkey = supplier.s_suppkey)
                                 ->  Seq Scan on partsupp  (cost=0.00..255220.77 rows=7999877 width=14)
                                 ->  Hash  (cost=3798.51..3798.51 rows=20000 width=166)
                                       ->  Hash Join  (cost=2.51..3798.51 rows=20000 width=166)
                                             Hash Cond: (supplier.s_nationkey = nation.n_nationkey)
                                             ->  Seq Scan on supplier  (cost=0.00..3221.00 rows=100000 width=144)
                                             ->  Hash  (cost=2.45..2.45 rows=5 width=30)
                                                   ->  Hash Join  (cost=1.07..2.45 rows=5 width=30)
                                                         Hash Cond: (nation.n_regionkey = region.r_regionkey)
                                                         ->  Seq Scan on nation  (cost=0.00..1.25 rows=25 width=34)
                                                         ->  Hash  (cost=1.06..1.06 rows=1 width=4)
                                                               ->  Seq Scan on region  (cost=0.00..1.06 rows=1 width=4)
                                                                     Filter: (r_name = 'AMERICA'::bpchar)
               SubPlan 1
                 ->  Aggregate  (cost=66.25..66.26 rows=1 width=32)
                       ->  Nested Loop  (cost=2.29..66.24 rows=4 width=6)
                             Join Filter: (nation_1.n_regionkey = region_1.r_regionkey)
                             ->  Seq Scan on region region_1  (cost=0.00..1.06 rows=1 width=4)
                                   Filter: (r_name = 'AMERICA'::bpchar)
                             ->  Hash Join  (cost=2.29..64.95 rows=18 width=10)
                                   Hash Cond: (supplier_1.s_nationkey = nation_1.n_nationkey)
                                   ->  Nested Loop  (cost=0.72..63.33 rows=18 width=10)
                                         ->  Index Scan using idx_partsupp_partkey on partsupp partsupp_1  (cost=0.43..3.75 rows=18 width=10)
                                               Index Cond: (ps_partkey = part.p_partkey)
                                         ->  Index Scan using supplier_pkey on supplier supplier_1  (cost=0.29..3.31 rows=1 width=8)
                                               Index Cond: (s_suppkey = partsupp_1.ps_suppkey)
                                   ->  Hash  (cost=1.25..1.25 rows=25 width=8)
                                         ->  Seq Scan on nation nation_1  (cost=0.00..1.25 rows=25 width=8)
(40 rows)

query 3 run 1
SET
SET
SET
                                                           QUERY PLAN                                                            
---------------------------------------------------------------------------------------------------------------------------------
 Limit  (cost=3179422.30..3179422.33 rows=10 width=44)
   ->  Sort  (cost=3179422.30..3187233.23 rows=3124369 width=44)
         Sort Key: (sum((lineitem.l_extendedprice * ('1'::numeric - lineitem.l_discount)))) DESC, orders.o_orderdate
         ->  HashAggregate  (cost=3036237.50..3111905.81 rows=3124369 width=44)
               Group Key: lineitem.l_orderkey, orders.o_orderdate, orders.o_shippriority
               Planned Partitions: 16
               ->  Hash Join  (cost=519600.57..2871964.04 rows=3124369 width=24)
                     Hash Cond: (lineitem.l_orderkey = orders.o_orderkey)
                     ->  Seq Scan on lineitem  (cost=0.00..1875088.80 rows=32479727 width=16)
                           Filter: (l_shipdate > '1995-03-07'::date)
                     ->  Hash  (cost=494517.80..494517.80 rows=1442942 width=12)
                           ->  Hash Join  (cost=123798.87..494517.80 rows=1442942 width=12)
                                 Hash Cond: (orders.o_custkey = customer.c_custkey)
                                 ->  Bitmap Heap Scan on orders  (cost=65363.20..417086.46 rows=7236421 width=16)
                                       Recheck Cond: (o_orderdate < '1995-03-07'::date)
                                       ->  Bitmap Index Scan on idx_orders_orderdate  (cost=0.00..63554.09 rows=7236421 width=0)
                                             Index Cond: (o_orderdate < '1995-03-07'::date)
                                 ->  Hash  (cost=54696.94..54696.94 rows=299099 width=4)
                                       ->  Seq Scan on customer  (cost=0.00..54696.94 rows=299099 width=4)
                                             Filter: (c_mktsegment = 'BUILDING'::bpchar)
(20 rows)

query 4 run 1
SET
SET
SET
                                                        QUERY PLAN                                                        
--------------------------------------------------------------------------------------------------------------------------
 Limit  (cost=2134551.63..2134551.63 rows=1 width=24)
   ->  Sort  (cost=2134551.63..2134551.64 rows=5 width=24)
         Sort Key: orders.o_orderpriority
         ->  HashAggregate  (cost=2134551.55..2134551.60 rows=5 width=24)
               Group Key: orders.o_orderpriority
               ->  Nested Loop Semi Join  (cost=6716.89..2131640.16 rows=582279 width=16)
                     ->  Bitmap Heap Scan on orders  (cost=6716.33..276719.29 rows=582331 width=20)
                           Recheck Cond: ((o_orderdate >= '1993-12-01'::date) AND (o_orderdate < '1994-03-01'::date))
                           ->  Bitmap Index Scan on idx_orders_orderdate  (cost=0.00..6570.75 rows=582331 width=0)
                                 Index Cond: ((o_orderdate >= '1993-12-01'::date) AND (o_orderdate < '1994-03-01'::date))
                     ->  Index Scan using idx_lineitem_orderkey on lineitem  (cost=0.56..3.61 rows=1 width=4)
                           Index Cond: (l_orderkey = orders.o_orderkey)
                           Filter: (l_commitdate < l_receiptdate)
(13 rows)

query 5 run 1
SET
SET
SET
                                                                 QUERY PLAN                                                                 
--------------------------------------------------------------------------------------------------------------------------------------------
 Limit  (cost=2090796.37..2090796.37 rows=1 width=58)
   ->  Sort  (cost=2090796.37..2090796.43 rows=25 width=58)
         Sort Key: (sum((lineitem.l_extendedprice * ('1'::numeric - lineitem.l_discount)))) DESC
         ->  GroupAggregate  (cost=2089881.25..2090796.24 rows=25 width=58)
               Group Key: nation.n_name
               ->  Sort  (cost=2089881.25..2090064.19 rows=73174 width=38)
                     Sort Key: nation.n_name
                     ->  Hash Join  (cost=94497.39..2083969.15 rows=73174 width=38)
                           Hash Cond: ((lineitem.l_suppkey = supplier.s_suppkey) AND (customer.c_nationkey = supplier.s_nationkey))
                           ->  Nested Loop  (cost=89776.39..2069615.85 rows=1834720 width=50)
                                 ->  Hash Join  (cost=89775.82..398636.17 rows=458721 width=38)
                                       Hash Cond: (orders.o_custkey = customer.c_custkey)
                                       ->  Bitmap Heap Scan on orders  (cost=26451.41..322123.51 rows=2293607 width=8)
                                             Recheck Cond: ((o_orderdate >= '1993-01-01'::date) AND (o_orderdate < '1994-01-01'::date))
                                             ->  Bitmap Index Scan on idx_orders_orderdate  (cost=0.00..25878.01 rows=2293607 width=0)
                                                   Index Cond: ((o_orderdate >= '1993-01-01'::date) AND (o_orderdate < '1994-01-01'::date))
                                       ->  Hash  (cost=59574.43..59574.43 rows=299999 width=38)
                                             ->  Hash Join  (cost=2.51..59574.43 rows=299999 width=38)
                                                   Hash Cond: (customer.c_nationkey = nation.n_nationkey)
                                                   ->  Seq Scan on customer  (cost=0.00..50946.95 rows=1499995 width=8)
                                                   ->  Hash  (cost=2.45..2.45 rows=5 width=30)
                                                         ->  Hash Join  (cost=1.07..2.45 rows=5 width=30)
                                                               Hash Cond: (nation.n_regionkey = region.r_regionkey)
                                                               ->  Seq Scan on nation  (cost=0.00..1.25 rows=25 width=34)
                                                               ->  Hash  (cost=1.06..1.06 rows=1 width=4)
                                                                     ->  Seq Scan on region  (cost=0.00..1.06 rows=1 width=4)
                                                                           Filter: (r_name = 'AMERICA'::bpchar)
                                 ->  Index Scan using idx_lineitem_orderkey on lineitem  (cost=0.56..3.60 rows=4 width=20)
                                       Index Cond: (l_orderkey = orders.o_orderkey)
                           ->  Hash  (cost=3221.00..3221.00 rows=100000 width=8)
                                 ->  Seq Scan on supplier  (cost=0.00..3221.00 rows=100000 width=8)
(31 rows)

query 6 run 1
SET
SET
SET
                                                                                                          QUERY PLAN                                                                                                           
-------------------------------------------------------------------------------------------------------------------------------------------------------------------------------------------------------------------------------
 Limit  (cost=1987344.99..1987345.00 rows=1 width=32)
   ->  Aggregate  (cost=1987344.99..1987345.00 rows=1 width=32)
         ->  Bitmap Heap Scan on lineitem  (cost=215114.12..1981249.34 rows=1219130 width=12)
               Recheck Cond: ((l_shipdate >= '1993-01-01'::date) AND (l_shipdate < '1994-01-01 00:00:00'::timestamp without time zone) AND (l_discount >= 0.06) AND (l_discount <= 0.08) AND (l_quantity < '25'::numeric))
               ->  Bitmap Index Scan on idx_lineitem_shipdate  (cost=0.00..214809.33 rows=1219130 width=0)
                     Index Cond: ((l_shipdate >= '1993-01-01'::date) AND (l_shipdate < '1994-01-01 00:00:00'::timestamp without time zone) AND (l_discount >= 0.06) AND (l_discount <= 0.08) AND (l_quantity < '25'::numeric))
(6 rows)

query 7 run 1
SET
SET
SET
                                                                                 QUERY PLAN                                                                                  
-----------------------------------------------------------------------------------------------------------------------------------------------------------------------------
 Limit  (cost=2718299.48..2718299.60 rows=1 width=116)
   ->  GroupAggregate  (cost=2718299.48..2719512.63 rows=10040 width=116)
         Group Key: n1.n_name, n2.n_name, (EXTRACT(year FROM lineitem.l_shipdate))
         ->  Sort  (cost=2718299.48..2718451.27 rows=60717 width=96)
               Sort Key: n1.n_name, n2.n_name, (EXTRACT(year FROM lineitem.l_shipdate))
               ->  Hash Join  (cost=563408.92..2713475.57 rows=60717 width=96)
                     Hash Cond: (lineitem.l_orderkey = orders.o_orderkey)
                     Join Filter: (((n1.n_name = 'PERU'::bpchar) AND (n2.n_name = 'MOROCCO'::bpchar)) OR ((n1.n_name = 'MOROCCO'::bpchar) AND (n2.n_name = 'PERU'::bpchar)))
                     ->  Hash Join  (cost=3629.40..2111888.75 rows=1458971 width=46)
                           Hash Cond: (lineitem.l_suppkey = supplier.s_suppkey)
                           ->  Seq Scan on lineitem  (cost=0.00..2025077.96 rows=18291116 width=24)
                                 Filter: ((l_shipdate >= '1995-01-01'::date) AND (l_shipdate <= '1996-12-31'::date))
                           ->  Hash  (cost=3529.40..3529.40 rows=8000 width=30)
                                 ->  Hash Join  (cost=1.40..3529.40 rows=8000 width=30)
                                       Hash Cond: (supplier.s_nationkey = n1.n_nationkey)
                                       ->  Seq Scan on supplier  (cost=0.00..3221.00 rows=100000 width=8)
                                       ->  Hash  (cost=1.38..1.38 rows=2 width=30)
                                             ->  Seq Scan on nation n1  (cost=0.00..1.38 rows=2 width=30)
                                                   Filter: ((n_name = 'PERU'::bpchar) OR (n_name = 'MOROCCO'::bpchar))
                     ->  Hash  (cost=536575.26..536575.26 rows=1200021 width=30)
                           ->  Hash Join  (cost=57053.34..536575.26 rows=1200021 width=30)
                                 Hash Cond: (orders.o_custkey = customer.c_custkey)
                                 ->  Seq Scan on orders  (cost=0.00..411270.67 rows=15000267 width=8)
                                 ->  Hash  (cost=55553.34..55553.34 rows=120000 width=30)
                                       ->  Hash Join  (cost=1.40..55553.34 rows=120000 width=30)
                                             Hash Cond: (customer.c_nationkey = n2.n_nationkey)
                                             ->  Seq Scan on customer  (cost=0.00..50946.95 rows=1499995 width=8)
                                             ->  Hash  (cost=1.38..1.38 rows=2 width=30)
                                                   ->  Seq Scan on nation n2  (cost=0.00..1.38 rows=2 width=30)
                                                         Filter: ((n_name = 'MOROCCO'::bpchar) OR (n_name = 'PERU'::bpchar))
(30 rows)

query 8 run 1
SET
SET
SET
                                                                   QUERY PLAN                                                                   
------------------------------------------------------------------------------------------------------------------------------------------------
 Limit  (cost=1131503.61..1131503.84 rows=1 width=64)
   ->  GroupAggregate  (cost=1131503.61..1132060.14 rows=2406 width=64)
         Group Key: (EXTRACT(year FROM orders.o_orderdate))
         ->  Sort  (cost=1131503.61..1131560.10 rows=22596 width=70)
               Sort Key: (EXTRACT(year FROM orders.o_orderdate))
               ->  Nested Loop  (cost=780072.83..1129869.49 rows=22596 width=70)
                     ->  Hash Join  (cost=780072.68..1129237.80 rows=22596 width=20)
                           Hash Cond: (lineitem.l_suppkey = supplier.s_suppkey)
                           ->  Hash Join  (cost=775601.68..1124707.31 rows=22663 width=20)
                                 Hash Cond: (orders.o_custkey = customer.c_custkey)
                                 ->  Hash Join  (cost=712277.26..1060731.34 rows=113314 width=24)
                                       Hash Cond: (orders.o_orderkey = lineitem.l_orderkey)
                                       ->  Bitmap Heap Scan on orders  (cost=52928.71..383039.06 rows=4589490 width=12)
                                             Recheck Cond: ((o_orderdate >= '1995-01-01'::date) AND (o_orderdate <= '1996-12-31'::date))
                                             ->  Bitmap Index Scan on idx_orders_orderdate  (cost=0.00..51781.33 rows=4589490 width=0)
                                                   Index Cond: ((o_orderdate >= '1995-01-01'::date) AND (o_orderdate <= '1996-12-31'::date))
                                       ->  Hash  (cost=654719.10..654719.10 rows=370356 width=20)
                                             ->  Nested Loop  (cost=0.44..654719.10 rows=370356 width=20)
                                                   ->  Seq Scan on part  (cost=0.00..65981.85 rows=13304 width=4)
                                                         Filter: ((p_type)::text = 'LARGE POLISHED BRASS'::text)
                                                   ->  Index Scan using idx_lineitem_part_supp on lineitem  (cost=0.44..43.97 rows=28 width=24)
                                                         Index Cond: (l_partkey = part.p_partkey)
                                 ->  Hash  (cost=59574.43..59574.43 rows=299999 width=4)
                                       ->  Hash Join  (cost=2.51..59574.43 rows=299999 width=4)
                                             Hash Cond: (customer.c_nationkey = n1.n_nationkey)
                                             ->  Seq Scan on customer  (cost=0.00..50946.95 rows=1499995 width=8)
                                             ->  Hash  (cost=2.45..2.45 rows=5 width=4)
                                                   ->  Hash Join  (cost=1.07..2.45 rows=5 width=4)
                                                         Hash Cond: (n1.n_regionkey = region.r_regionkey)
                                                         ->  Seq Scan on nation n1  (cost=0.00..1.25 rows=25 width=8)
                                                         ->  Hash  (cost=1.06..1.06 rows=1 width=4)
                                                               ->  Seq Scan on region  (cost=0.00..1.06 rows=1 width=4)
                                                                     Filter: (r_name = 'AMERICA'::bpchar)
                           ->  Hash  (cost=3221.00..3221.00 rows=100000 width=8)
                                 ->  Seq Scan on supplier  (cost=0.00..3221.00 rows=100000 width=8)
                     ->  Memoize  (cost=0.15..0.92 rows=1 width=30)
                           Cache Key: supplier.s_nationkey
                           Cache Mode: logical
                           ->  Index Scan using nation_pkey on nation n2  (cost=0.14..0.91 rows=1 width=30)
                                 Index Cond: (n_nationkey = supplier.s_nationkey)
(40 rows)

query 9 run 1
SET
SET
SET
                                                            QUERY PLAN                                                             
-----------------------------------------------------------------------------------------------------------------------------------
 Limit  (cost=2012813.64..2012813.67 rows=1 width=90)
   ->  GroupAggregate  (cost=2012813.64..2012818.01 rows=125 width=90)
         Group Key: nation.n_name, (EXTRACT(year FROM orders.o_orderdate))
         ->  Sort  (cost=2012813.64..2012813.95 rows=125 width=81)
               Sort Key: nation.n_name, (EXTRACT(year FROM orders.o_orderdate)) DESC
               ->  Nested Loop  (cost=67498.22..2012809.28 rows=125 width=81)
                     Join Filter: (supplier.s_nationkey = nation.n_nationkey)
                     ->  Nested Loop  (cost=67498.22..2012762.51 rows=125 width=31)
                           ->  Nested Loop  (cost=67497.78..2012334.69 rows=125 width=31)
                                 ->  Nested Loop  (cost=67497.49..2011924.92 rows=125 width=35)
                                       ->  Hash Join  (cost=67497.05..343717.54 rows=484840 width=18)
                                             Hash Cond: (partsupp.ps_partkey = part.p_partkey)
                                             ->  Seq Scan on partsupp  (cost=0.00..255220.77 rows=7999877 width=14)
                                             ->  Hash  (cost=65981.85..65981.85 rows=121216 width=4)
                                                   ->  Seq Scan on part  (cost=0.00..65981.85 rows=121216 width=4)
                                                         Filter: ((p_name)::text ~~ '%navy%'::text)
                                       ->  Index Scan using idx_lineitem_part_supp on lineitem  (cost=0.44..3.43 rows=1 width=29)
                                             Index Cond: ((l_partkey = partsupp.ps_partkey) AND (l_suppkey = partsupp.ps_suppkey))
                                 ->  Index Scan using supplier_pkey on supplier  (cost=0.29..3.28 rows=1 width=8)
                                       Index Cond: (s_suppkey = lineitem.l_suppkey)
                           ->  Index Scan using orders_pkey on orders  (cost=0.43..3.42 rows=1 width=8)
                                 Index Cond: (o_orderkey = lineitem.l_orderkey)
                     ->  Materialize  (cost=0.00..1.38 rows=25 width=30)
                           ->  Seq Scan on nation  (cost=0.00..1.25 rows=25 width=30)
(24 rows)

query 10 run 1
SET
SET
SET
                                                                       QUERY PLAN                                                                       
--------------------------------------------------------------------------------------------------------------------------------------------------------
 Limit  (cost=2411003.82..2411003.87 rows=20 width=201)
   ->  Sort  (cost=2411003.82..2412542.62 rows=615522 width=201)
         Sort Key: (sum((lineitem.l_extendedprice * ('1'::numeric - lineitem.l_discount)))) DESC
         ->  GroupAggregate  (cost=2258867.48..2394625.00 rows=615522 width=201)
               Group Key: customer.c_custkey, nation.n_name
               ->  Incremental Sort  (cost=2258867.48..2379236.95 rows=615522 width=181)
                     Sort Key: customer.c_custkey, nation.n_name
                     Presorted Key: customer.c_custkey
                     ->  Nested Loop  (cost=2258867.32..2351538.46 rows=615522 width=181)
                           ->  Merge Join  (cost=2258867.17..2336468.50 rows=615522 width=159)
                                 Merge Cond: (customer.c_custkey = orders.o_custkey)
                                 ->  Index Scan using customer_pkey on customer  (cost=0.43..64621.85 rows=1499995 width=147)
                                 ->  Sort  (cost=2258866.70..2260405.50 rows=615522 width=16)
                                       Sort Key: orders.o_custkey
                                       ->  Hash Join  (cost=285418.31..2199679.79 rows=615522 width=16)
                                             Hash Cond: (lineitem.l_orderkey = orders.o_orderkey)
                                             ->  Seq Scan on lineitem  (cost=0.00..1875088.80 rows=14922921 width=16)
                                                   Filter: (l_returnflag = 'R'::bpchar)
                                             ->  Hash  (cost=277684.41..277684.41 rows=618712 width=8)
                                                   ->  Bitmap Heap Scan on orders  (cost=7135.73..277684.41 rows=618712 width=8)
                                                         Recheck Cond: ((o_orderdate >= '1994-08-01'::date) AND (o_orderdate < '1994-11-01'::date))
                                                         ->  Bitmap Index Scan on idx_orders_orderdate  (cost=0.00..6981.06 rows=618712 width=0)
                                                               Index Cond: ((o_orderdate >= '1994-08-01'::date) AND (o_orderdate < '1994-11-01'::date))
                           ->  Memoize  (cost=0.15..0.92 rows=1 width=30)
                                 Cache Key: customer.c_nationkey
                                 Cache Mode: logical
                                 ->  Index Scan using nation_pkey on nation  (cost=0.14..0.91 rows=1 width=30)
                                       Index Cond: (n_nationkey = customer.c_nationkey)
(28 rows)

query 11 run 1
SET
SET
SET
                                                          QUERY PLAN                                                          
------------------------------------------------------------------------------------------------------------------------------
 Limit  (cost=606608.89..606608.89 rows=1 width=36)
   InitPlan 1
     ->  Aggregate  (cost=293131.68..293131.70 rows=1 width=32)
           ->  Hash Join  (cost=2311.46..290731.72 rows=319995 width=10)
                 Hash Cond: (partsupp_1.ps_suppkey = supplier_1.s_suppkey)
                 ->  Seq Scan on partsupp partsupp_1  (cost=0.00..255220.77 rows=7999877 width=14)
                 ->  Hash  (cost=2261.46..2261.46 rows=4000 width=4)
                       ->  Nested Loop  (cost=37.29..2261.46 rows=4000 width=4)
                             ->  Seq Scan on nation nation_1  (cost=0.00..1.31 rows=1 width=4)
                                   Filter: (n_name = 'SAUDI ARABIA'::bpchar)
                             ->  Bitmap Heap Scan on supplier supplier_1  (cost=37.29..2220.15 rows=4000 width=8)
                                   Recheck Cond: (s_nationkey = nation_1.n_nationkey)
                                   ->  Bitmap Index Scan on idx_supplier_nation_key  (cost=0.00..36.29 rows=4000 width=0)
                                         Index Cond: (s_nationkey = nation_1.n_nationkey)
   ->  Sort  (cost=313477.20..313743.86 rows=106665 width=36)
         Sort Key: (sum((partsupp.ps_supplycost * (partsupp.ps_availqty)::numeric))) DESC
         ->  HashAggregate  (cost=305018.99..312943.87 rows=106665 width=36)
               Group Key: partsupp.ps_partkey
               Filter: (sum((partsupp.ps_supplycost * (partsupp.ps_availqty)::numeric)) > (InitPlan 1).col1)
               Planned Partitions: 4
               ->  Hash Join  (cost=2311.46..290731.72 rows=319995 width=14)
                     Hash Cond: (partsupp.ps_suppkey = supplier.s_suppkey)
                     ->  Seq Scan on partsupp  (cost=0.00..255220.77 rows=7999877 width=18)
                     ->  Hash  (cost=2261.46..2261.46 rows=4000 width=4)
                           ->  Nested Loop  (cost=37.29..2261.46 rows=4000 width=4)
                                 ->  Seq Scan on nation  (cost=0.00..1.31 rows=1 width=4)
                                       Filter: (n_name = 'SAUDI ARABIA'::bpchar)
                                 ->  Bitmap Heap Scan on supplier  (cost=37.29..2220.15 rows=4000 width=8)
                                       Recheck Cond: (s_nationkey = nation.n_nationkey)
                                       ->  Bitmap Index Scan on idx_supplier_nation_key  (cost=0.00..36.29 rows=4000 width=0)
                                             Index Cond: (s_nationkey = nation.n_nationkey)
(31 rows)

query 12 run 1
SET
SET
SET
                                                                                                                    QUERY PLAN                                                                                                                     
---------------------------------------------------------------------------------------------------------------------------------------------------------------------------------------------------------------------------------------------------
 Limit  (cost=3032001.83..3032838.65 rows=1 width=27)
   ->  GroupAggregate  (cost=3032001.83..3037859.58 rows=7 width=27)
         Group Key: lineitem.l_shipmode
         ->  Sort  (cost=3032001.83..3032734.04 rows=292884 width=27)
               Sort Key: lineitem.l_shipmode
               ->  Hash Join  (cost=2478706.49..3005408.00 rows=292884 width=27)
                     Hash Cond: (orders.o_orderkey = lineitem.l_orderkey)
                     ->  Seq Scan on orders  (cost=0.00..411270.67 rows=15000267 width=20)
                     ->  Hash  (cost=2475045.44..2475045.44 rows=292884 width=15)
                           ->  Seq Scan on lineitem  (cost=0.00..2475045.44 rows=292884 width=15)
                                 Filter: ((l_shipmode = ANY ('{SHIP,"REG AIR"}'::bpchar[])) AND (l_commitdate < l_receiptdate) AND (l_shipdate < l_commitdate) AND (l_receiptdate >= '1994-01-01'::date) AND (l_receiptdate < '1995-01-01'::date))
(11 rows)

query 13 run 1
SET
SET
SET
                                                           QUERY PLAN                                                            
---------------------------------------------------------------------------------------------------------------------------------
 Limit  (cost=1353308.91..1353308.92 rows=1 width=16)
   ->  Sort  (cost=1353308.91..1353309.41 rows=200 width=16)
         Sort Key: (count(*)) DESC, (count(orders.o_orderkey)) DESC
         ->  HashAggregate  (cost=1353305.91..1353307.91 rows=200 width=16)
               Group Key: count(orders.o_orderkey)
               ->  HashAggregate  (cost=1200983.92..1330805.99 rows=1499995 width=12)
                     Group Key: customer.c_custkey
                     Planned Partitions: 4
                     ->  Hash Right Join  (cost=53284.29..661319.97 rows=14697231 width=8)
                           Hash Cond: (orders.o_custkey = customer.c_custkey)
                           ->  Seq Scan on orders  (cost=0.00..448771.34 rows=14697231 width=8)
                                 Filter: ((o_comment)::text !~~ '%special%requests%'::text)
                           ->  Hash  (cost=28674.35..28674.35 rows=1499995 width=4)
                                 ->  Index Only Scan using customer_pkey on customer  (cost=0.43..28674.35 rows=1499995 width=4)
(14 rows)

query 14 run 1
SET
SET
SET
                                                     QUERY PLAN                                                     
--------------------------------------------------------------------------------------------------------------------
 Limit  (cost=1326773.60..1326773.61 rows=1 width=32)
   ->  Aggregate  (cost=1326773.60..1326773.61 rows=1 width=32)
         ->  Hash Join  (cost=99656.10..1313951.59 rows=732686 width=33)
               Hash Cond: (lineitem.l_partkey = part.p_partkey)
               ->  Index Scan using idx_lineitem_shipdate on lineitem  (cost=0.56..1190838.60 rows=789507 width=16)
                     Index Cond: ((l_shipdate >= '1994-05-01'::date) AND (l_shipdate < '1994-06-01'::date))
               ->  Hash  (cost=60981.68..60981.68 rows=2000068 width=25)
                     ->  Seq Scan on part  (cost=0.00..60981.68 rows=2000068 width=25)
(8 rows)

query 15 run 1
SET
SET
SET
CREATE VIEW
                                                           QUERY PLAN                                                           
--------------------------------------------------------------------------------------------------------------------------------
 Limit  (cost=3770954.26..3770963.03 rows=1 width=103)
   InitPlan 1
     ->  Aggregate  (cost=1885964.72..1885964.73 rows=1 width=32)
           ->  HashAggregate  (cost=1883457.32..1884711.02 rows=100296 width=36)
                 Group Key: lineitem_1.l_suppkey
                 ->  Bitmap Heap Scan on lineitem lineitem_1  (cost=36951.25..1860410.31 rows=2304701 width=16)
                       Recheck Cond: ((l_shipdate >= '1996-01-01'::date) AND (l_shipdate < '1996-04-01'::date))
                       ->  Bitmap Index Scan on idx_lineitem_shipdate  (cost=0.00..36375.08 rows=2304701 width=0)
                             Index Cond: ((l_shipdate >= '1996-01-01'::date) AND (l_shipdate < '1996-04-01'::date))
   ->  Merge Join  (cost=1884989.53..1889382.54 rows=501 width=103)
         Merge Cond: (supplier.s_suppkey = revenue0.supplier_no)
         ->  Index Scan using supplier_pkey on supplier  (cost=0.29..4135.79 rows=100000 width=71)
         ->  Sort  (cost=1884989.24..1884990.49 rows=501 width=36)
               Sort Key: revenue0.supplier_no
               ->  Subquery Scan on revenue0  (cost=1883457.32..1884966.77 rows=501 width=36)
                     ->  HashAggregate  (cost=1883457.32..1884961.76 rows=501 width=36)
                           Group Key: lineitem.l_suppkey
                           Filter: (sum((lineitem.l_extendedprice * ('1'::numeric - lineitem.l_discount))) = (InitPlan 1).col1)
                           ->  Bitmap Heap Scan on lineitem  (cost=36951.25..1860410.31 rows=2304701 width=16)
                                 Recheck Cond: ((l_shipdate >= '1996-01-01'::date) AND (l_shipdate < '1996-04-01'::date))
                                 ->  Bitmap Index Scan on idx_lineitem_shipdate  (cost=0.00..36375.08 rows=2304701 width=0)
                                       Index Cond: ((l_shipdate >= '1996-01-01'::date) AND (l_shipdate < '1996-04-01'::date))
(22 rows)

DROP VIEW
query 16 run 1
SET
SET
SET
                                                                                         QUERY PLAN                                                                                         
--------------------------------------------------------------------------------------------------------------------------------------------------------------------------------------------
 Limit  (cost=358293.67..358293.68 rows=1 width=44)
   ->  Sort  (cost=358293.67..358677.27 rows=153438 width=44)
         Sort Key: (count(DISTINCT partsupp.ps_suppkey)) DESC, part.p_brand, part.p_type, part.p_size
         ->  GroupAggregate  (cost=348603.87..357526.48 rows=153438 width=44)
               Group Key: part.p_brand, part.p_type, part.p_size
               ->  Sort  (cost=348603.87..350081.51 rows=591059 width=40)
                     Sort Key: part.p_brand, part.p_type, part.p_size, partsupp.ps_suppkey
                     ->  Hash Join  (cost=98148.46..281551.66 rows=591059 width=40)
                           Hash Cond: (partsupp.ps_partkey = part.p_partkey)
                           ->  Index Only Scan using partsupp_pkey on partsupp  (cost=3471.46..176374.81 rows=3999938 width=8)
                                 Filter: (NOT (ANY (ps_suppkey = (hashed SubPlan 1).col1)))
                                 SubPlan 1
                                   ->  Seq Scan on supplier  (cost=0.00..3471.00 rows=10 width=4)
                                         Filter: ((s_comment)::text ~~ '%Customer%Complaints%'::text)
                           ->  Hash  (cost=90982.70..90982.70 rows=295544 width=40)
                                 ->  Seq Scan on part  (cost=0.00..90982.70 rows=295544 width=40)
                                       Filter: ((p_brand <> 'Brand#12'::bpchar) AND ((p_type)::text !~~ 'SMALL BRUSHED%'::text) AND (p_size = ANY ('{12,32,36,26,40,34,49,9}'::integer[])))
(17 rows)

query 17 run 1
SET
SET
SET
                                                  QUERY PLAN                                                   
---------------------------------------------------------------------------------------------------------------
 Limit  (cost=4896444.48..4896444.49 rows=1 width=32)
   ->  Aggregate  (cost=4896444.48..4896444.49 rows=1 width=32)
         ->  Nested Loop  (cost=4174842.16..4896393.03 rows=20578 width=8)
               Join Filter: (lineitem.l_partkey = part.p_partkey)
               ->  Hash Join  (cost=4174841.72..4798721.90 rows=2218 width=40)
                     Hash Cond: (lineitem_1.l_partkey = part.p_partkey)
                     ->  HashAggregate  (cost=4103833.97..4722056.80 rows=2155178 width=36)
                           Group Key: lineitem_1.l_partkey
                           Planned Partitions: 16
                           ->  Seq Scan on lineitem lineitem_1  (cost=0.00..1725099.64 rows=59995664 width=9)
                     ->  Hash  (cost=70982.02..70982.02 rows=2058 width=4)
                           ->  Seq Scan on part  (cost=0.00..70982.02 rows=2058 width=4)
                                 Filter: ((p_brand = 'Brand#22'::bpchar) AND (p_container = 'LG BOX'::bpchar))
               ->  Index Scan using idx_lineitem_part_supp on lineitem  (cost=0.44..43.92 rows=9 width=17)
                     Index Cond: (l_partkey = lineitem_1.l_partkey)
                     Filter: (l_quantity < ((0.2 * avg(lineitem_1.l_quantity))))
(16 rows)

query 18 run 1
SET
SET
SET
                                                                                QUERY PLAN                                                                                
--------------------------------------------------------------------------------------------------------------------------------------------------------------------------
 Limit  (cost=8673924.81..8673925.06 rows=100 width=71)
   ->  Sort  (cost=8673924.81..8723916.69 rows=19996755 width=71)
         Sort Key: orders.o_totalprice DESC, orders.o_orderdate
         ->  GroupAggregate  (cost=4154705.34..7909663.21 rows=19996755 width=71)
               Group Key: orders.o_orderkey, customer.c_custkey
               ->  Incremental Sort  (cost=4154705.34..7509728.11 rows=19996755 width=44)
                     Sort Key: orders.o_orderkey, customer.c_custkey
                     Presorted Key: orders.o_orderkey
                     ->  Merge Join  (cost=4154705.15..6784751.21 rows=19996755 width=44)
                           Merge Cond: (lineitem.l_orderkey = orders.o_orderkey)
                           ->  Index Scan using idx_lineitem_orderkey on lineitem  (cost=0.56..2167615.02 rows=59995664 width=9)
                           ->  Materialize  (cost=4154700.05..4179698.24 rows=4999639 width=43)
                                 ->  Sort  (cost=4154700.05..4167199.15 rows=4999639 width=43)
                                       Sort Key: orders.o_orderkey
                                       ->  Hash Join  (cost=78487.89..3499533.65 rows=4999639 width=43)
                                             Hash Cond: (orders.o_custkey = customer.c_custkey)
                                             ->  Merge Join  (cost=1.00..3340542.68 rows=4999639 width=24)
                                                   Merge Cond: (orders.o_orderkey = lineitem_1.l_orderkey)
                                                   ->  Index Scan using orders_pkey on orders  (cost=0.43..547969.44 rows=15000267 width=20)
                                                   ->  GroupAggregate  (cost=0.56..2692577.09 rows=4999639 width=4)
                                                         Group Key: lineitem_1.l_orderkey
                                                         Filter: (sum(lineitem_1.l_quantity) > '313'::numeric)
                                                         ->  Index Scan using idx_lineitem_orderkey on lineitem lineitem_1  (cost=0.56..2167615.02 rows=59995664 width=9)
                                             ->  Hash  (cost=50946.95..50946.95 rows=1499995 width=23)
                                                   ->  Seq Scan on customer  (cost=0.00..50946.95 rows=1499995 width=23)
(25 rows)

query 19 run 1
SET
SET
SET
                                                                                                                                                                                                                                                                                                                                                                                                                                                                                                            QUERY PLAN                                                                                                                                                                                                                                                                                                                                                                                                                                                                                                            
----------------------------------------------------------------------------------------------------------------------------------------------------------------------------------------------------------------------------------------------------------------------------------------------------------------------------------------------------------------------------------------------------------------------------------------------------------------------------------------------------------------------------------------------------------------------------------------------------------------------------------------------------------------------------------------------------------------------------------------------------------------------------------------------------------------------------------------------------------------------------------------------------------------------------------------------------------------------------------------------------------------------------------
 Limit  (cost=359089.73..359089.74 rows=1 width=32)
   ->  Aggregate  (cost=359089.73..359089.74 rows=1 width=32)
         ->  Nested Loop  (cost=0.44..359081.43 rows=1106 width=12)
               ->  Seq Scan on part  (cost=0.00..125983.89 rows=5099 width=30)
                     Filter: ((p_size >= 1) AND (((p_brand = 'Brand#24'::bpchar) AND (p_container = ANY ('{"SM CASE","SM BOX","SM PACK","SM PKG"}'::bpchar[])) AND (p_size <= 5)) OR ((p_brand = 'Brand#43'::bpchar) AND (p_container = ANY ('{"MED BAG","MED BOX","MED PKG","MED PACK"}'::bpchar[])) AND (p_size <= 10)) OR ((p_brand = 'Brand#44'::bpchar) AND (p_container = ANY ('{"LG CASE","LG BOX","LG PACK","LG PKG"}'::bpchar[])) AND (p_size <= 15))))
               ->  Index Scan using idx_lineitem_part_supp on lineitem  (cost=0.44..45.70 rows=1 width=21)
                     Index Cond: (l_partkey = part.p_partkey)
                     Filter: ((l_shipmode = ANY ('{AIR,"AIR REG"}'::bpchar[])) AND (l_shipinstruct = 'DELIVER IN PERSON'::bpchar) AND (((l_quantity >= '10'::numeric) AND (l_quantity <= '20'::numeric)) OR ((l_quantity >= '10'::numeric) AND (l_quantity <= '20'::numeric)) OR ((l_quantity >= '20'::numeric) AND (l_quantity <= '30'::numeric))) AND (((part.p_brand = 'Brand#24'::bpchar) AND (part.p_container = ANY ('{"SM CASE","SM BOX","SM PACK","SM PKG"}'::bpchar[])) AND (l_quantity >= '10'::numeric) AND (l_quantity <= '20'::numeric) AND (part.p_size <= 5)) OR ((part.p_brand = 'Brand#43'::bpchar) AND (part.p_container = ANY ('{"MED BAG","MED BOX","MED PKG","MED PACK"}'::bpchar[])) AND (l_quantity >= '10'::numeric) AND (l_quantity <= '20'::numeric) AND (part.p_size <= 10)) OR ((part.p_brand = 'Brand#44'::bpchar) AND (part.p_container = ANY ('{"LG CASE","LG BOX","LG PACK","LG PKG"}'::bpchar[])) AND (l_quantity >= '20'::numeric) AND (l_quantity <= '30'::numeric) AND (part.p_size <= 15))))
(8 rows)

query 20 run 1
SET
SET
SET
                                                             QUERY PLAN                                                             
------------------------------------------------------------------------------------------------------------------------------------
 Limit  (cost=2721059.10..2721059.11 rows=1 width=51)
   ->  Sort  (cost=2721059.10..2721059.11 rows=1 width=51)
         Sort Key: supplier.s_name
         ->  Nested Loop Semi Join  (cost=2518803.82..2721059.09 rows=1 width=51)
               Join Filter: (supplier.s_suppkey = lineitem.l_suppkey)
               ->  Nested Loop  (cost=0.00..4472.31 rows=4000 width=55)
                     Join Filter: (supplier.s_nationkey = nation.n_nationkey)
                     ->  Seq Scan on nation  (cost=0.00..1.31 rows=1 width=4)
                           Filter: (n_name = 'IRAQ'::bpchar)
                     ->  Seq Scan on supplier  (cost=0.00..3221.00 rows=100000 width=59)
               ->  Materialize  (cost=2518803.82..2716406.79 rows=3 width=8)
                     ->  Hash Join  (cost=2518803.82..2716406.77 rows=3 width=8)
                           Hash Cond: ((lineitem.l_partkey = partsupp.ps_partkey) AND (lineitem.l_suppkey = partsupp.ps_suppkey))
                           Join Filter: ((partsupp.ps_availqty)::numeric > ((0.5 * sum(lineitem.l_quantity))))
                           ->  HashAggregate  (cost=2375835.56..2537149.81 rows=4838477 width=40)
                                 Group Key: lineitem.l_partkey, lineitem.l_suppkey
                                 Planned Partitions: 32
                                 ->  Bitmap Heap Scan on lineitem  (cost=145685.51..1992846.28 rows=9086678 width=13)
                                       Recheck Cond: ((l_shipdate >= '1996-01-01'::date) AND (l_shipdate < '1997-01-01'::date))
                                       ->  Bitmap Index Scan on idx_lineitem_shipdate  (cost=0.00..143413.85 rows=9086678 width=0)
                                             Index Cond: ((l_shipdate >= '1996-01-01'::date) AND (l_shipdate < '1997-01-01'::date))
                           ->  Hash  (cost=141756.13..141756.13 rows=80808 width=16)
                                 ->  Nested Loop  (cost=0.43..141756.13 rows=80808 width=16)
                                       ->  Seq Scan on part  (cost=0.00..65981.85 rows=20203 width=4)
                                             Filter: ((p_name)::text ~~ 'olive%'::text)
                                       ->  Index Scan using idx_partsupp_partkey on partsupp  (cost=0.43..3.57 rows=18 width=12)
                                             Index Cond: (ps_partkey = part.p_partkey)
(27 rows)

query 21 run 1
SET
SET
SET
                                                                         QUERY PLAN                                                                         
------------------------------------------------------------------------------------------------------------------------------------------------------------
 Limit  (cost=3768295.60..3768295.60 rows=1 width=34)
   ->  Sort  (cost=3768295.60..3768295.60 rows=1 width=34)
         Sort Key: (count(*)) DESC, supplier.s_name
         ->  GroupAggregate  (cost=3768295.57..3768295.59 rows=1 width=34)
               Group Key: supplier.s_name
               ->  Sort  (cost=3768295.57..3768295.57 rows=1 width=26)
                     Sort Key: supplier.s_name
                     ->  Nested Loop Semi Join  (cost=1976573.54..3768295.56 rows=1 width=26)
                           Join Filter: (l2.l_suppkey <> l1.l_suppkey)
                           ->  Nested Loop Anti Join  (cost=1976572.98..3768291.91 rows=1 width=38)
                                 ->  Hash Join  (cost=1976572.41..2520006.04 rows=388768 width=38)
                                       Hash Cond: (orders.o_orderkey = l1.l_orderkey)
                                       ->  Seq Scan on orders  (cost=0.00..448771.34 rows=7311630 width=4)
                                             Filter: (o_orderstatus = 'F'::bpchar)
                                       ->  Hash  (cost=1960370.65..1960370.65 rows=797581 width=34)
                                             ->  Hash Join  (cost=2311.46..1960370.65 rows=797581 width=34)
                                                   Hash Cond: (l1.l_suppkey = supplier.s_suppkey)
                                                   ->  Seq Scan on lineitem l1  (cost=0.00..1875088.80 rows=19998555 width=8)
                                                         Filter: (l_receiptdate > l_commitdate)
                                                   ->  Hash  (cost=2261.46..2261.46 rows=4000 width=30)
                                                         ->  Nested Loop  (cost=37.29..2261.46 rows=4000 width=30)
                                                               ->  Seq Scan on nation  (cost=0.00..1.31 rows=1 width=4)
                                                                     Filter: (n_name = 'PERU'::bpchar)
                                                               ->  Bitmap Heap Scan on supplier  (cost=37.29..2220.15 rows=4000 width=34)
                                                                     Recheck Cond: (s_nationkey = nation.n_nationkey)
                                                                     ->  Bitmap Index Scan on idx_supplier_nation_key  (cost=0.00..36.29 rows=4000 width=0)
                                                                           Index Cond: (s_nationkey = nation.n_nationkey)
                                 ->  Index Scan using idx_lineitem_orderkey on lineitem l3  (cost=0.56..3.64 rows=1 width=8)
                                       Index Cond: (l_orderkey = l1.l_orderkey)
                                       Filter: ((l_receiptdate > l_commitdate) AND (l_suppkey <> l1.l_suppkey))
                           ->  Index Scan using idx_lineitem_orderkey on lineitem l2  (cost=0.56..3.62 rows=4 width=8)
                                 Index Cond: (l_orderkey = orders.o_orderkey)
(32 rows)

query 22 run 1
SET
SET
SET
                                                                     QUERY PLAN                                                                     
----------------------------------------------------------------------------------------------------------------------------------------------------
 Limit  (cost=161789.03..161789.05 rows=1 width=72)
   InitPlan 1
     ->  Aggregate  (cost=75441.18..75441.19 rows=1 width=32)
           ->  Seq Scan on customer customer_1  (cost=0.00..75321.87 rows=47723 width=6)
                 Filter: ((c_acctbal > 0.00) AND (SUBSTRING(c_phone FROM 1 FOR 2) = ANY ('{21,29,26,34,14,15,17}'::text[])))
   ->  GroupAggregate  (cost=86347.84..86543.20 rows=7104 width=72)
         Group Key: (SUBSTRING(customer.c_phone FROM 1 FOR 2))
         ->  Sort  (cost=86347.84..86365.60 rows=7104 width=38)
               Sort Key: (SUBSTRING(customer.c_phone FROM 1 FOR 2))
               ->  Nested Loop Anti Join  (cost=0.43..85893.38 rows=7104 width=38)
                     ->  Seq Scan on customer  (cost=0.00..75321.87 rows=17500 width=26)
                           Filter: ((c_acctbal > (InitPlan 1).col1) AND (SUBSTRING(c_phone FROM 1 FOR 2) = ANY ('{21,29,26,34,14,15,17}'::text[])))
                     ->  Index Only Scan using idx_orders_custkey on orders  (cost=0.43..2.16 rows=17 width=4)
                           Index Cond: (o_custkey = customer.c_custkey)
(14 rows)

