query 1 run 1
SET
SET
                                           QUERY PLAN                                           
------------------------------------------------------------------------------------------------
 Limit  (cost=4247776.50..4247776.50 rows=1 width=25)
   ->  Sort  (cost=4247776.50..4247776.51 rows=6 width=25)
         Sort Key: l_returnflag, l_linestatus
         ->  HashAggregate  (cost=4247776.30..4247776.47 rows=6 width=25)
               Group Key: l_returnflag, l_linestatus
               ->  Seq Scan on lineitem  (cost=0.00..1874904.10 rows=59321805 width=25)
                     Filter: (l_shipdate <= '1998-09-10 00:00:00'::timestamp without time zone)
(7 rows)

query 2 run 1
SET
SET
                                                                  QUERY PLAN                                                                  
----------------------------------------------------------------------------------------------------------------------------------------------
 Limit  (cost=1102215.86..1102215.87 rows=1 width=192)
   ->  Sort  (cost=1102215.86..1102215.87 rows=1 width=192)
         Sort Key: supplier.s_acctbal DESC, nation.n_name, supplier.s_name, part.p_partkey
         ->  Merge Join  (cost=555130.80..1102215.85 rows=1 width=192)
               Merge Cond: (part.p_partkey = partsupp.ps_partkey)
               Join Filter: (partsupp.ps_supplycost = (SubPlan 1))
               ->  Index Scan using part_pkey on part  (cost=0.43..89212.83 rows=8047 width=30)
                     Filter: (((p_type)::text ~~ '%NICKEL'::text) AND (p_size = 16))
               ->  Materialize  (cost=555129.46..563046.45 rows=1583398 width=172)
                     ->  Sort  (cost=555129.46..559087.95 rows=1583398 width=172)
                           Sort Key: partsupp.ps_partkey
                           ->  Hash Join  (cost=4048.53..305101.77 rows=1583398 width=172)
                                 Hash Cond: (partsupp.ps_suppkey = supplier.s_suppkey)
                                 ->  Seq Scan on partsupp  (cost=0.00..255220.01 rows=7999801 width=14)
                                 ->  Hash  (cost=3798.53..3798.53 rows=20000 width=166)
                                       ->  Hash Join  (cost=2.53..3798.53 rows=20000 width=166)
                                             Hash Cond: (supplier.s_nationkey = nation.n_nationkey)
                                             ->  Seq Scan on supplier  (cost=0.00..3221.00 rows=100000 width=144)
                                             ->  Hash  (cost=2.47..2.47 rows=5 width=30)
                                                   ->  Hash Join  (cost=1.07..2.47 rows=5 width=30)
                                                         Hash Cond: (nation.n_regionkey = region.r_regionkey)
                                                         ->  Seq Scan on nation  (cost=0.00..1.25 rows=25 width=34)
                                                         ->  Hash  (cost=1.06..1.06 rows=1 width=4)
                                                               ->  Seq Scan on region  (cost=0.00..1.06 rows=1 width=4)
                                                                     Filter: (r_name = 'AMERICA'::bpchar)
               SubPlan 1
                 ->  Aggregate  (cost=69.98..69.99 rows=1 width=6)
                       ->  Nested Loop  (cost=2.29..69.97 rows=4 width=6)
                             Join Filter: (nation_1.n_regionkey = region_1.r_regionkey)
                             ->  Seq Scan on region region_1  (cost=0.00..1.06 rows=1 width=4)
                                   Filter: (r_name = 'AMERICA'::bpchar)
                             ->  Hash Join  (cost=2.29..68.67 rows=19 width=10)
                                   Hash Cond: (supplier_1.s_nationkey = nation_1.n_nationkey)
                                   ->  Nested Loop  (cost=0.72..66.84 rows=19 width=10)
                                         ->  Index Scan using idx_partsupp_partkey on partsupp partsupp_1  (cost=0.43..3.77 rows=19 width=10)
                                               Index Cond: (part.p_partkey = ps_partkey)
                                         ->  Index Scan using supplier_pkey on supplier supplier_1  (cost=0.29..3.31 rows=1 width=8)
                                               Index Cond: (s_suppkey = partsupp_1.ps_suppkey)
                                   ->  Hash  (cost=1.25..1.25 rows=25 width=8)
                                         ->  Seq Scan on nation nation_1  (cost=0.00..1.25 rows=25 width=8)
(40 rows)

query 3 run 1
SET
SET
                                                              QUERY PLAN                                                               
---------------------------------------------------------------------------------------------------------------------------------------
 Limit  (cost=3457959.65..3457959.67 rows=10 width=24)
   ->  Sort  (cost=3457959.65..3465799.75 rows=3136040 width=24)
         Sort Key: (sum((lineitem.l_extendedprice * ('1'::numeric - lineitem.l_discount)))) DESC, orders.o_orderdate
         ->  GroupAggregate  (cost=3296109.75..3390190.95 rows=3136040 width=24)
               Group Key: lineitem.l_orderkey, orders.o_orderdate, orders.o_shippriority
               ->  Sort  (cost=3296109.75..3303949.85 rows=3136040 width=24)
                     Sort Key: lineitem.l_orderkey, orders.o_orderdate, orders.o_shippriority
                     ->  Hash Join  (cost=562668.55..2916377.00 rows=3136040 width=24)
                           Hash Cond: (lineitem.l_orderkey = orders.o_orderkey)
                           ->  Seq Scan on lineitem  (cost=0.00..1874904.10 rows=32583986 width=16)
                                 Filter: (l_shipdate > '1995-03-07'::date)
                           ->  Hash  (cost=537570.70..537570.70 rows=1443828 width=12)
                                 ->  Hash Join  (cost=144279.19..537570.70 rows=1443828 width=12)
                                       Hash Cond: (orders.o_custkey = customer.c_custkey)
                                       ->  Bitmap Heap Scan on orders  (cost=85839.54..437557.72 rows=7236014 width=16)
                                             Recheck Cond: (o_orderdate < '1995-03-07'::date)
                                             ->  Bitmap Index Scan on idx_orders_orderdate  (cost=0.00..84030.54 rows=7236014 width=0)
                                                   Index Cond: (o_orderdate < '1995-03-07'::date)
                                       ->  Hash  (cost=54698.16..54698.16 rows=299319 width=4)
                                             ->  Seq Scan on customer  (cost=0.00..54698.16 rows=299319 width=4)
                                                   Filter: (c_mktsegment = 'BUILDING'::bpchar)
(21 rows)

query 4 run 1
SET
SET
                                                        QUERY PLAN                                                        
--------------------------------------------------------------------------------------------------------------------------
 Limit  (cost=2042036.91..2042036.92 rows=1 width=16)
   ->  Sort  (cost=2042036.91..2042036.92 rows=1 width=16)
         Sort Key: orders.o_orderpriority
         ->  HashAggregate  (cost=2042036.89..2042036.90 rows=1 width=16)
               Group Key: orders.o_orderpriority
               ->  Nested Loop Semi Join  (cost=7941.63..2039273.86 rows=552606 width=16)
                     ->  Bitmap Heap Scan on orders  (cost=7941.07..277501.70 rows=552842 width=20)
                           Recheck Cond: ((o_orderdate >= '1993-12-01'::date) AND (o_orderdate < '1994-03-01'::date))
                           ->  Bitmap Index Scan on idx_orders_orderdate  (cost=0.00..7802.86 rows=552842 width=0)
                                 Index Cond: ((o_orderdate >= '1993-12-01'::date) AND (o_orderdate < '1994-03-01'::date))
                     ->  Index Scan using idx_lineitem_orderkey on lineitem  (cost=0.56..3.61 rows=1 width=4)
                           Index Cond: (l_orderkey = orders.o_orderkey)
                           Filter: (l_commitdate < l_receiptdate)
(13 rows)

query 5 run 1
SET
SET
                                                              QUERY PLAN                                                              
--------------------------------------------------------------------------------------------------------------------------------------
 Limit  (cost=2062780.63..2062780.63 rows=1 width=38)
   ->  Sort  (cost=2062780.63..2062780.69 rows=25 width=38)
         Sort Key: (sum((lineitem.l_extendedprice * ('1'::numeric - lineitem.l_discount)))) DESC
         ->  HashAggregate  (cost=2062780.19..2062780.51 rows=25 width=38)
               Group Key: nation.n_name
               ->  Hash Join  (cost=100358.46..2062062.67 rows=71752 width=38)
                     Hash Cond: ((lineitem.l_suppkey = supplier.s_suppkey) AND (customer.c_nationkey = supplier.s_nationkey))
                     ->  Nested Loop  (cost=95637.46..2043132.41 rows=1798899 width=50)
                           ->  Hash Join  (cost=95636.90..403583.75 rows=449917 width=38)
                                 Hash Cond: (orders.o_custkey = customer.c_custkey)
                                 ->  Bitmap Heap Scan on orders  (cost=32310.66..327322.41 rows=2249583 width=8)
                                       Recheck Cond: ((o_orderdate >= '1993-01-01'::date) AND (o_orderdate < '1994-01-01'::date))
                                       ->  Bitmap Index Scan on idx_orders_orderdate  (cost=0.00..31748.27 rows=2249583 width=0)
                                             Index Cond: ((o_orderdate >= '1993-01-01'::date) AND (o_orderdate < '1994-01-01'::date))
                                 ->  Hash  (cost=59576.00..59576.00 rows=300019 width=38)
                                       ->  Hash Join  (cost=2.53..59576.00 rows=300019 width=38)
                                             Hash Cond: (customer.c_nationkey = nation.n_nationkey)
                                             ->  Seq Scan on customer  (cost=0.00..50947.93 rows=1500093 width=8)
                                             ->  Hash  (cost=2.47..2.47 rows=5 width=30)
                                                   ->  Hash Join  (cost=1.07..2.47 rows=5 width=30)
                                                         Hash Cond: (nation.n_regionkey = region.r_regionkey)
                                                         ->  Seq Scan on nation  (cost=0.00..1.25 rows=25 width=34)
                                                         ->  Hash  (cost=1.06..1.06 rows=1 width=4)
                                                               ->  Seq Scan on region  (cost=0.00..1.06 rows=1 width=4)
                                                                     Filter: (r_name = 'AMERICA'::bpchar)
                           ->  Index Scan using idx_lineitem_orderkey on lineitem  (cost=0.56..3.60 rows=4 width=20)
                                 Index Cond: (l_orderkey = orders.o_orderkey)
                     ->  Hash  (cost=3221.00..3221.00 rows=100000 width=8)
                           ->  Seq Scan on supplier  (cost=0.00..3221.00 rows=100000 width=8)
(29 rows)

query 6 run 1
SET
SET
                                                                                                          QUERY PLAN                                                                                                           
-------------------------------------------------------------------------------------------------------------------------------------------------------------------------------------------------------------------------------
 Limit  (cost=1074761.49..1074761.50 rows=1 width=12)
   ->  Aggregate  (cost=1074761.49..1074761.50 rows=1 width=12)
         ->  Bitmap Heap Scan on lineitem  (cost=208777.50..1068941.97 rows=1163903 width=12)
               Recheck Cond: ((l_shipdate >= '1993-01-01'::date) AND (l_shipdate < '1994-01-01 00:00:00'::timestamp without time zone) AND (l_discount >= 0.06) AND (l_discount <= 0.08) AND (l_quantity < '25'::numeric))
               ->  Bitmap Index Scan on idx_lineitem_shipdate  (cost=0.00..208486.52 rows=1163903 width=0)
                     Index Cond: ((l_shipdate >= '1993-01-01'::date) AND (l_shipdate < '1994-01-01 00:00:00'::timestamp without time zone) AND (l_discount >= 0.06) AND (l_discount <= 0.08) AND (l_quantity < '25'::numeric))
(6 rows)

query 7 run 1
SET
SET
                                                                                 QUERY PLAN                                                                                  
-----------------------------------------------------------------------------------------------------------------------------------------------------------------------------
 Limit  (cost=2391622.80..2391622.80 rows=1 width=68)
   ->  Sort  (cost=2391622.80..2391630.51 rows=3084 width=68)
         Sort Key: n1.n_name, n2.n_name, (date_part('year'::text, (lineitem.l_shipdate)::timestamp without time zone))
         ->  HashAggregate  (cost=2391553.41..2391607.38 rows=3084 width=68)
               Group Key: n1.n_name, n2.n_name, date_part('year'::text, (lineitem.l_shipdate)::timestamp without time zone)
               ->  Hash Join  (cost=861953.53..2390633.25 rows=61344 width=68)
                     Hash Cond: (lineitem.l_orderkey = orders.o_orderkey)
                     Join Filter: (((n1.n_name = 'PERU'::bpchar) AND (n2.n_name = 'MOROCCO'::bpchar)) OR ((n1.n_name = 'MOROCCO'::bpchar) AND (n2.n_name = 'PERU'::bpchar)))
                     ->  Hash Join  (cost=299930.60..1786300.49 rows=1474038 width=46)
                           Hash Cond: (lineitem.l_suppkey = supplier.s_suppkey)
                           ->  Bitmap Heap Scan on lineitem  (cost=296153.20..1698485.41 rows=18479281 width=24)
                                 Recheck Cond: ((l_shipdate >= '1995-01-01'::date) AND (l_shipdate <= '1996-12-31'::date))
                                 ->  Bitmap Index Scan on idx_lineitem_shipdate  (cost=0.00..291533.38 rows=18479281 width=0)
                                       Index Cond: ((l_shipdate >= '1995-01-01'::date) AND (l_shipdate <= '1996-12-31'::date))
                           ->  Hash  (cost=3677.40..3677.40 rows=8000 width=30)
                                 ->  Hash Join  (cost=1.40..3677.40 rows=8000 width=30)
                                       Hash Cond: (supplier.s_nationkey = n1.n_nationkey)
                                       ->  Seq Scan on supplier  (cost=0.00..3221.00 rows=100000 width=8)
                                       ->  Hash  (cost=1.38..1.38 rows=2 width=30)
                                             ->  Seq Scan on nation n1  (cost=0.00..1.38 rows=2 width=30)
                                                   Filter: ((n_name = 'PERU'::bpchar) OR (n_name = 'MOROCCO'::bpchar))
                     ->  Hash  (cost=538816.32..538816.32 rows=1200129 width=30)
                           ->  Hash Join  (cost=59274.84..538816.32 rows=1200129 width=30)
                                 Hash Cond: (orders.o_custkey = customer.c_custkey)
                                 ->  Seq Scan on orders  (cost=0.00..411284.17 rows=15001617 width=8)
                                 ->  Hash  (cost=57774.75..57774.75 rows=120007 width=30)
                                       ->  Hash Join  (cost=1.40..57774.75 rows=120007 width=30)
                                             Hash Cond: (customer.c_nationkey = n2.n_nationkey)
                                             ->  Seq Scan on customer  (cost=0.00..50947.93 rows=1500093 width=8)
                                             ->  Hash  (cost=1.38..1.38 rows=2 width=30)
                                                   ->  Seq Scan on nation n2  (cost=0.00..1.38 rows=2 width=30)
                                                         Filter: ((n_name = 'MOROCCO'::bpchar) OR (n_name = 'PERU'::bpchar))
(32 rows)

query 8 run 1
SET
SET
                                                                    QUERY PLAN                                                                     
---------------------------------------------------------------------------------------------------------------------------------------------------
 Limit  (cost=1222041.36..1222041.37 rows=1 width=42)
   ->  Sort  (cost=1222041.36..1222043.19 rows=730 width=42)
         Sort Key: (date_part('year'::text, (orders.o_orderdate)::timestamp without time zone))
         ->  HashAggregate  (cost=1222021.29..1222037.71 rows=730 width=42)
               Group Key: date_part('year'::text, (orders.o_orderdate)::timestamp without time zone)
               ->  Nested Loop  (cost=503673.65..1221537.83 rows=24173 width=42)
                     Join Filter: (supplier.s_nationkey = n2.n_nationkey)
                     ->  Hash Join  (cost=503673.65..1212350.78 rows=24173 width=20)
                           Hash Cond: (lineitem.l_suppkey = supplier.s_suppkey)
                           ->  Hash Join  (cost=499202.65..1207547.13 rows=24244 width=20)
                                 Hash Cond: (lineitem.l_orderkey = orders.o_orderkey)
                                 ->  Nested Loop  (cost=0.56..698364.13 rows=399859 width=20)
                                       ->  Seq Scan on part  (cost=0.00..65981.25 rows=13333 width=4)
                                             Filter: ((p_type)::text = 'LARGE POLISHED BRASS'::text)
                                       ->  Index Scan using idx_lineitem_part_supp on lineitem  (cost=0.56..47.13 rows=30 width=24)
                                             Index Cond: (l_partkey = part.p_partkey)
                                 ->  Hash  (cost=484279.61..484279.61 rows=909558 width=8)
                                       ->  Hash Join  (cost=128645.00..484279.61 rows=909558 width=8)
                                             Hash Cond: (orders.o_custkey = customer.c_custkey)
                                             ->  Bitmap Heap Scan on orders  (cost=65318.76..394803.58 rows=4547788 width=12)
                                                   Recheck Cond: ((o_orderdate >= '1995-01-01'::date) AND (o_orderdate <= '1996-12-31'::date))
                                                   ->  Bitmap Index Scan on idx_orders_orderdate  (cost=0.00..64181.81 rows=4547788 width=0)
                                                         Index Cond: ((o_orderdate >= '1995-01-01'::date) AND (o_orderdate <= '1996-12-31'::date))
                                             ->  Hash  (cost=59576.00..59576.00 rows=300019 width=4)
                                                   ->  Hash Join  (cost=2.53..59576.00 rows=300019 width=4)
                                                         Hash Cond: (customer.c_nationkey = n1.n_nationkey)
                                                         ->  Seq Scan on customer  (cost=0.00..50947.93 rows=1500093 width=8)
                                                         ->  Hash  (cost=2.47..2.47 rows=5 width=4)
                                                               ->  Hash Join  (cost=1.07..2.47 rows=5 width=4)
                                                                     Hash Cond: (n1.n_regionkey = region.r_regionkey)
                                                                     ->  Seq Scan on nation n1  (cost=0.00..1.25 rows=25 width=8)
                                                                     ->  Hash  (cost=1.06..1.06 rows=1 width=4)
                                                                           ->  Seq Scan on region  (cost=0.00..1.06 rows=1 width=4)
                                                                                 Filter: (r_name = 'AMERICA'::bpchar)
                           ->  Hash  (cost=3221.00..3221.00 rows=100000 width=8)
                                 ->  Seq Scan on supplier  (cost=0.00..3221.00 rows=100000 width=8)
                     ->  Materialize  (cost=0.00..1.38 rows=25 width=30)
                           ->  Seq Scan on nation n2  (cost=0.00..1.25 rows=25 width=30)
(38 rows)

query 9 run 1
SET
SET
                                                              QUERY PLAN                                                               
---------------------------------------------------------------------------------------------------------------------------------------
 Limit  (cost=801420.12..801420.15 rows=1 width=53)
   ->  GroupAggregate  (cost=801420.12..801421.92 rows=48 width=53)
         Group Key: nation.n_name, (date_part('year'::text, (orders.o_orderdate)::timestamp without time zone))
         ->  Sort  (cost=801420.12..801420.24 rows=48 width=53)
               Sort Key: nation.n_name, (date_part('year'::text, (orders.o_orderdate)::timestamp without time zone)) DESC
               ->  Nested Loop  (cost=1.73..801418.78 rows=48 width=53)
                     Join Filter: (supplier.s_nationkey = nation.n_nationkey)
                     ->  Nested Loop  (cost=1.73..801399.22 rows=48 width=31)
                           ->  Nested Loop  (cost=1.29..801234.46 rows=48 width=31)
                                 ->  Nested Loop  (cost=1.00..801073.34 rows=49 width=35)
                                       ->  Nested Loop  (cost=0.43..224574.57 rows=161610 width=18)
                                             ->  Seq Scan on part  (cost=0.00..65981.25 rows=40404 width=4)
                                                   Filter: ((p_name)::text ~~ '%navy%'::text)
                                             ->  Index Scan using idx_partsupp_partkey on partsupp  (cost=0.43..3.74 rows=19 width=14)
                                                   Index Cond: (ps_partkey = part.p_partkey)
                                       ->  Index Scan using idx_lineitem_part_supp on lineitem  (cost=0.56..3.56 rows=1 width=29)
                                             Index Cond: ((l_partkey = partsupp.ps_partkey) AND (l_suppkey = partsupp.ps_suppkey))
                                 ->  Index Scan using supplier_pkey on supplier  (cost=0.29..3.28 rows=1 width=8)
                                       Index Cond: (s_suppkey = lineitem.l_suppkey)
                           ->  Index Scan using orders_pkey on orders  (cost=0.43..3.42 rows=1 width=8)
                                 Index Cond: (o_orderkey = lineitem.l_orderkey)
                     ->  Materialize  (cost=0.00..1.38 rows=25 width=30)
                           ->  Seq Scan on nation  (cost=0.00..1.25 rows=25 width=30)
(23 rows)

query 10 run 1
SET
SET
                                                                           QUERY PLAN                                                                           
----------------------------------------------------------------------------------------------------------------------------------------------------------------
 Limit  (cost=2509855.84..2509855.89 rows=20 width=182)
   ->  Sort  (cost=2509855.84..2511335.40 rows=591824 width=182)
         Sort Key: (sum((lineitem.l_extendedprice * ('1'::numeric - lineitem.l_discount)))) DESC
         ->  GroupAggregate  (cost=2470434.65..2494107.61 rows=591824 width=182)
               Group Key: customer.c_custkey, customer.c_name, customer.c_acctbal, customer.c_phone, nation.n_name, customer.c_address, customer.c_comment
               ->  Sort  (cost=2470434.65..2471914.21 rows=591824 width=182)
                     Sort Key: customer.c_custkey, customer.c_name, customer.c_acctbal, customer.c_phone, nation.n_name, customer.c_address, customer.c_comment
                     ->  Hash Join  (cost=388127.38..2379883.34 rows=591824 width=182)
                           Hash Cond: (customer.c_nationkey = nation.n_nationkey)
                           ->  Hash Join  (cost=388125.81..2371744.20 rows=591824 width=160)
                                 Hash Cond: (orders.o_custkey = customer.c_custkey)
                                 ->  Hash Join  (cost=286197.72..2222929.75 rows=591824 width=16)
                                       Hash Cond: (lineitem.l_orderkey = orders.o_orderkey)
                                       ->  Seq Scan on lineitem  (cost=0.00..1874904.10 rows=14909250 width=16)
                                             Filter: (l_returnflag = 'R'::bpchar)
                                       ->  Hash  (cost=278754.08..278754.08 rows=595491 width=8)
                                             ->  Bitmap Heap Scan on orders  (cost=8553.72..278754.08 rows=595491 width=8)
                                                   Recheck Cond: ((o_orderdate >= '1994-08-01'::date) AND (o_orderdate < '1994-11-01'::date))
                                                   ->  Bitmap Index Scan on idx_orders_orderdate  (cost=0.00..8404.84 rows=595491 width=0)
                                                         Index Cond: ((o_orderdate >= '1994-08-01'::date) AND (o_orderdate < '1994-11-01'::date))
                                 ->  Hash  (cost=50947.93..50947.93 rows=1500093 width=148)
                                       ->  Seq Scan on customer  (cost=0.00..50947.93 rows=1500093 width=148)
                           ->  Hash  (cost=1.25..1.25 rows=25 width=30)
                                 ->  Seq Scan on nation  (cost=0.00..1.25 rows=25 width=30)
(24 rows)

query 11 run 1
SET
SET
                                                             QUERY PLAN                                                             
------------------------------------------------------------------------------------------------------------------------------------
 Limit  (cost=626186.00..626186.00 rows=1 width=14)
   InitPlan 1 (returns $1)
     ->  Aggregate  (cost=293084.63..293084.64 rows=1 width=10)
           ->  Hash Join  (cost=2323.46..290709.52 rows=316680 width=10)
                 Hash Cond: (partsupp_1.ps_suppkey = supplier_1.s_suppkey)
                 ->  Seq Scan on partsupp partsupp_1  (cost=0.00..255220.01 rows=7999801 width=14)
                 ->  Hash  (cost=2273.46..2273.46 rows=4000 width=4)
                       ->  Nested Loop  (cost=49.29..2273.46 rows=4000 width=4)
                             ->  Seq Scan on nation nation_1  (cost=0.00..1.31 rows=1 width=4)
                                   Filter: (n_name = 'SAUDI ARABIA'::bpchar)
                             ->  Bitmap Heap Scan on supplier supplier_1  (cost=49.29..2232.15 rows=4000 width=8)
                                   Recheck Cond: (s_nationkey = nation_1.n_nationkey)
                                   ->  Bitmap Index Scan on idx_supplier_nation_key  (cost=0.00..48.29 rows=4000 width=0)
                                         Index Cond: (s_nationkey = nation_1.n_nationkey)
   ->  Sort  (cost=333101.36..333893.06 rows=316680 width=14)
         Sort Key: (sum((partsupp.ps_supplycost * (partsupp.ps_availqty)::numeric))) DESC
         ->  GroupAggregate  (cost=319642.46..331517.96 rows=316680 width=14)
               Group Key: partsupp.ps_partkey
               Filter: (sum((partsupp.ps_supplycost * (partsupp.ps_availqty)::numeric)) > $1)
               ->  Sort  (cost=319642.46..320434.16 rows=316680 width=14)
                     Sort Key: partsupp.ps_partkey
                     ->  Hash Join  (cost=2323.46..290709.52 rows=316680 width=14)
                           Hash Cond: (partsupp.ps_suppkey = supplier.s_suppkey)
                           ->  Seq Scan on partsupp  (cost=0.00..255220.01 rows=7999801 width=18)
                           ->  Hash  (cost=2273.46..2273.46 rows=4000 width=4)
                                 ->  Nested Loop  (cost=49.29..2273.46 rows=4000 width=4)
                                       ->  Seq Scan on nation  (cost=0.00..1.31 rows=1 width=4)
                                             Filter: (n_name = 'SAUDI ARABIA'::bpchar)
                                       ->  Bitmap Heap Scan on supplier  (cost=49.29..2232.15 rows=4000 width=8)
                                             Recheck Cond: (s_nationkey = nation.n_nationkey)
                                             ->  Bitmap Index Scan on idx_supplier_nation_key  (cost=0.00..48.29 rows=4000 width=0)
                                                   Index Cond: (s_nationkey = nation.n_nationkey)
(32 rows)

query 12 run 1
SET
SET
                                                                                                                    QUERY PLAN                                                                                                                     
---------------------------------------------------------------------------------------------------------------------------------------------------------------------------------------------------------------------------------------------------
 Limit  (cost=3095323.59..3095323.60 rows=1 width=27)
   ->  Sort  (cost=3095323.59..3095323.60 rows=1 width=27)
         Sort Key: lineitem.l_shipmode
         ->  HashAggregate  (cost=3095323.57..3095323.58 rows=1 width=27)
               Group Key: lineitem.l_shipmode
               ->  Merge Join  (cost=2500626.54..3090327.93 rows=285465 width=27)
                     Merge Cond: (orders.o_orderkey = lineitem.l_orderkey)
                     ->  Index Scan using orders_pkey on orders  (cost=0.43..547989.69 rows=15001617 width=20)
                     ->  Sort  (cost=2500580.33..2501293.99 rows=285465 width=15)
                           Sort Key: lineitem.l_orderkey
                           ->  Seq Scan on lineitem  (cost=0.00..2474712.98 rows=285465 width=15)
                                 Filter: ((l_shipmode = ANY ('{SHIP,"REG AIR"}'::bpchar[])) AND (l_commitdate < l_receiptdate) AND (l_shipdate < l_commitdate) AND (l_receiptdate >= '1994-01-01'::date) AND (l_receiptdate < '1995-01-01'::date))
(12 rows)

query 13 run 1
SET
SET
                                                        QUERY PLAN                                                         
---------------------------------------------------------------------------------------------------------------------------
 Limit  (cost=2728468.60..2728468.60 rows=1 width=8)
   ->  Sort  (cost=2728468.60..2728469.10 rows=200 width=8)
         Sort Key: (count(*)) DESC, (count(orders.o_orderkey)) DESC
         ->  HashAggregate  (cost=2728465.60..2728467.60 rows=200 width=8)
               Group Key: count(orders.o_orderkey)
               ->  GroupAggregate  (cost=2327814.27..2705964.21 rows=1500093 width=8)
                     Group Key: customer.c_custkey
                     ->  Merge Left Join  (cost=2327814.27..2617469.19 rows=14698817 width=8)
                           Merge Cond: (customer.c_custkey = orders.o_custkey)
                           ->  Index Only Scan using customer_pkey on customer  (cost=0.43..28675.82 rows=1500093 width=4)
                           ->  Materialize  (cost=2327813.84..2401307.92 rows=14698817 width=8)
                                 ->  Sort  (cost=2327813.84..2364560.88 rows=14698817 width=8)
                                       Sort Key: orders.o_custkey
                                       ->  Seq Scan on orders  (cost=0.00..448788.21 rows=14698817 width=8)
                                             Filter: ((o_comment)::text !~~ '%special%requests%'::text)
(15 rows)

query 14 run 1
SET
SET
                                                    QUERY PLAN                                                    
------------------------------------------------------------------------------------------------------------------
 Limit  (cost=817736.61..817736.63 rows=1 width=33)
   ->  Aggregate  (cost=817736.61..817736.63 rows=1 width=33)
         ->  Hash Join  (cost=111793.31..804483.05 rows=757346 width=33)
               Hash Cond: (lineitem.l_partkey = part.p_partkey)
               ->  Bitmap Heap Scan on lineitem  (cost=12138.86..672399.41 rows=757346 width=16)
                     Recheck Cond: ((l_shipdate >= '1994-05-01'::date) AND (l_shipdate < '1994-06-01'::date))
                     ->  Bitmap Index Scan on idx_lineitem_shipdate  (cost=0.00..11949.52 rows=757346 width=0)
                           Index Cond: ((l_shipdate >= '1994-05-01'::date) AND (l_shipdate < '1994-06-01'::date))
               ->  Hash  (cost=60981.20..60981.20 rows=2000020 width=25)
                     ->  Seq Scan on part  (cost=0.00..60981.20 rows=2000020 width=25)
(10 rows)

query 15 run 1
SET
SET
CREATE VIEW
                                                          QUERY PLAN                                                          
------------------------------------------------------------------------------------------------------------------------------
 Limit  (cost=2456164.62..2456165.78 rows=1 width=103)
   InitPlan 1 (returns $0)
     ->  Aggregate  (cost=1219360.19..1219360.20 rows=1 width=32)
           ->  HashAggregate  (cost=1219264.29..1219312.24 rows=3836 width=16)
                 Group Key: lineitem_1.l_suppkey
                 ->  Bitmap Heap Scan on lineitem lineitem_1  (cost=36767.94..1196322.95 rows=2294134 width=16)
                       Recheck Cond: ((l_shipdate >= '1996-01-01'::date) AND (l_shipdate < '1996-04-01'::date))
                       ->  Bitmap Index Scan on idx_lineitem_shipdate  (cost=0.00..36194.40 rows=2294134 width=0)
                             Index Cond: ((l_shipdate >= '1996-01-01'::date) AND (l_shipdate < '1996-04-01'::date))
   ->  Merge Join  (cost=1236804.42..1241247.46 rows=3836 width=103)
         Merge Cond: (supplier.s_suppkey = revenue0.supplier_no)
         ->  Index Scan using supplier_pkey on supplier  (cost=0.29..4135.79 rows=100000 width=71)
         ->  Sort  (cost=1236804.13..1236813.72 rows=3836 width=36)
               Sort Key: revenue0.supplier_no
               ->  Subquery Scan on revenue0  (cost=1236470.29..1236575.78 rows=3836 width=36)
                     ->  HashAggregate  (cost=1236470.29..1236537.42 rows=3836 width=16)
                           Group Key: lineitem.l_suppkey
                           Filter: (sum((lineitem.l_extendedprice * ('1'::numeric - lineitem.l_discount))) = $0)
                           ->  Bitmap Heap Scan on lineitem  (cost=36767.94..1196322.95 rows=2294134 width=16)
                                 Recheck Cond: ((l_shipdate >= '1996-01-01'::date) AND (l_shipdate < '1996-04-01'::date))
                                 ->  Bitmap Index Scan on idx_lineitem_shipdate  (cost=0.00..36194.40 rows=2294134 width=0)
                                       Index Cond: ((l_shipdate >= '1996-01-01'::date) AND (l_shipdate < '1996-04-01'::date))
(22 rows)

DROP VIEW
query 16 run 1
SET
SET
                                                                                         QUERY PLAN                                                                                         
--------------------------------------------------------------------------------------------------------------------------------------------------------------------------------------------
 Limit  (cost=367059.83..367059.83 rows=1 width=40)
   ->  Sort  (cost=367059.83..367129.28 rows=27782 width=40)
         Sort Key: (count(DISTINCT partsupp.ps_suppkey)) DESC, part.p_brand, part.p_type, part.p_size
         ->  GroupAggregate  (cost=359234.81..366920.92 rows=27782 width=40)
               Group Key: part.p_brand, part.p_type, part.p_size
               ->  Sort  (cost=359234.81..360716.47 rows=592663 width=40)
                     Sort Key: part.p_brand, part.p_type, part.p_size
                     ->  Hash Join  (cost=98159.73..291988.01 rows=592663 width=40)
                           Hash Cond: (partsupp.ps_partkey = part.p_partkey)
                           ->  Index Only Scan using partsupp_pkey on partsupp  (cost=3473.96..176375.98 rows=3999900 width=8)
                                 Filter: (NOT (hashed SubPlan 1))
                                 SubPlan 1
                                   ->  Seq Scan on supplier  (cost=0.00..3471.00 rows=1010 width=4)
                                         Filter: ((s_comment)::text ~~ '%Customer%Complaints%'::text)
                           ->  Hash  (cost=90981.50..90981.50 rows=296342 width=40)
                                 ->  Seq Scan on part  (cost=0.00..90981.50 rows=296342 width=40)
                                       Filter: ((p_brand <> 'Brand#12'::bpchar) AND ((p_type)::text !~~ 'SMALL BRUSHED%'::text) AND (p_size = ANY ('{12,32,36,26,40,34,49,9}'::integer[])))
(17 rows)

query 17 run 1
SET
SET
                                                       QUERY PLAN                                                       
------------------------------------------------------------------------------------------------------------------------
 Limit  (cost=10820601.21..10820601.22 rows=1 width=8)
   ->  Aggregate  (cost=10820601.21..10820601.22 rows=1 width=8)
         ->  Merge Join  (cost=10132854.66..10820552.60 rows=19443 width=8)
               Merge Cond: (lineitem_1.l_partkey = part.p_partkey)
               Join Filter: (lineitem.l_quantity < ((0.2 * avg(lineitem_1.l_quantity))))
               ->  GroupAggregate  (cost=10132853.66..10612373.57 rows=1977550 width=9)
                     Group Key: lineitem_1.l_partkey
                     ->  Sort  (cost=10132853.66..10282805.88 rows=59980888 width=9)
                           Sort Key: lineitem_1.l_partkey
                           ->  Seq Scan on lineitem lineitem_1  (cost=0.00..1724951.88 rows=59980888 width=9)
               ->  Materialize  (cost=0.99..182583.07 rows=58991 width=21)
                     ->  Nested Loop  (cost=0.99..182435.59 rows=58991 width=21)
                           ->  Index Scan using part_pkey on part  (cost=0.43..89212.83 rows=1967 width=4)
                                 Filter: ((p_brand = 'Brand#22'::bpchar) AND (p_container = 'LG BOX'::bpchar))
                           ->  Index Scan using idx_lineitem_part_supp on lineitem  (cost=0.56..47.09 rows=30 width=17)
                                 Index Cond: (l_partkey = part.p_partkey)
(16 rows)

query 18 run 1
SET
SET
                                                                          QUERY PLAN                                                                          
--------------------------------------------------------------------------------------------------------------------------------------------------------------
 Limit  (cost=11761537.20..11761540.20 rows=100 width=44)
   ->  GroupAggregate  (cost=11761537.20..12661250.52 rows=29990444 width=44)
         Group Key: orders.o_totalprice, orders.o_orderdate, customer.c_name, customer.c_custkey, orders.o_orderkey
         ->  Sort  (cost=11761537.20..11836513.31 rows=29990444 width=44)
               Sort Key: orders.o_totalprice DESC, orders.o_orderdate, customer.c_name, customer.c_custkey, orders.o_orderkey
               ->  Hash Join  (cost=78786.12..7443951.03 rows=29990444 width=44)
                     Hash Cond: (orders.o_custkey = customer.c_custkey)
                     ->  Merge Join  (cost=297.03..6496789.28 rows=29990444 width=25)
                           Merge Cond: (orders.o_orderkey = lineitem.l_orderkey)
                           ->  Merge Semi Join  (cost=1.00..3756784.44 rows=7500808 width=24)
                                 Merge Cond: (orders.o_orderkey = lineitem_1.l_orderkey)
                                 ->  Index Scan using orders_pkey on orders  (cost=0.43..547989.69 rows=15001617 width=20)
                                 ->  Materialize  (cost=0.56..2983850.43 rows=14995222 width=4)
                                       ->  GroupAggregate  (cost=0.56..2796410.16 rows=14995222 width=9)
                                             Group Key: lineitem_1.l_orderkey
                                             Filter: (sum(lineitem_1.l_quantity) > '313'::numeric)
                                             ->  Index Scan using idx_lineitem_orderkey on lineitem lineitem_1  (cost=0.56..2271577.38 rows=59980888 width=9)
                           ->  Index Scan using idx_lineitem_orderkey on lineitem  (cost=0.56..2271577.38 rows=59980888 width=9)
                     ->  Hash  (cost=50947.93..50947.93 rows=1500093 width=23)
                           ->  Seq Scan on customer  (cost=0.00..50947.93 rows=1500093 width=23)
(20 rows)

query 19 run 1
SET
SET
                                                                                                                                                                                                                                                                                                                                                                                                                                                                                                            QUERY PLAN                                                                                                                                                                                                                                                                                                                                                                                                                                                                                                            
----------------------------------------------------------------------------------------------------------------------------------------------------------------------------------------------------------------------------------------------------------------------------------------------------------------------------------------------------------------------------------------------------------------------------------------------------------------------------------------------------------------------------------------------------------------------------------------------------------------------------------------------------------------------------------------------------------------------------------------------------------------------------------------------------------------------------------------------------------------------------------------------------------------------------------------------------------------------------------------------------------------------------------
 Limit  (cost=359564.60..359564.61 rows=1 width=12)
   ->  Aggregate  (cost=359564.60..359564.61 rows=1 width=12)
         ->  Nested Loop  (cost=0.56..359556.26 rows=1112 width=12)
               ->  Seq Scan on part  (cost=0.00..125981.85 rows=4766 width=30)
                     Filter: ((p_size >= 1) AND (((p_brand = 'Brand#24'::bpchar) AND (p_container = ANY ('{"SM CASE","SM BOX","SM PACK","SM PKG"}'::bpchar[])) AND (p_size <= 5)) OR ((p_brand = 'Brand#43'::bpchar) AND (p_container = ANY ('{"MED BAG","MED BOX","MED PKG","MED PACK"}'::bpchar[])) AND (p_size <= 10)) OR ((p_brand = 'Brand#44'::bpchar) AND (p_container = ANY ('{"LG CASE","LG BOX","LG PACK","LG PKG"}'::bpchar[])) AND (p_size <= 15))))
               ->  Index Scan using idx_lineitem_part_supp on lineitem  (cost=0.56..49.00 rows=1 width=21)
                     Index Cond: (l_partkey = part.p_partkey)
                     Filter: ((l_shipmode = ANY ('{AIR,"AIR REG"}'::bpchar[])) AND (l_shipinstruct = 'DELIVER IN PERSON'::bpchar) AND (((l_quantity >= '10'::numeric) AND (l_quantity <= '20'::numeric)) OR ((l_quantity >= '10'::numeric) AND (l_quantity <= '20'::numeric)) OR ((l_quantity >= '20'::numeric) AND (l_quantity <= '30'::numeric))) AND (((part.p_brand = 'Brand#24'::bpchar) AND (part.p_container = ANY ('{"SM CASE","SM BOX","SM PACK","SM PKG"}'::bpchar[])) AND (l_quantity >= '10'::numeric) AND (l_quantity <= '20'::numeric) AND (part.p_size <= 5)) OR ((part.p_brand = 'Brand#43'::bpchar) AND (part.p_container = ANY ('{"MED BAG","MED BOX","MED PKG","MED PACK"}'::bpchar[])) AND (l_quantity >= '10'::numeric) AND (l_quantity <= '20'::numeric) AND (part.p_size <= 10)) OR ((part.p_brand = 'Brand#44'::bpchar) AND (part.p_container = ANY ('{"LG CASE","LG BOX","LG PACK","LG PKG"}'::bpchar[])) AND (l_quantity >= '20'::numeric) AND (l_quantity <= '30'::numeric) AND (part.p_size <= 15))))
(8 rows)

query 20 run 1
SET
SET
                                                                QUERY PLAN                                                                
------------------------------------------------------------------------------------------------------------------------------------------
 Limit  (cost=2884580.86..2884580.86 rows=1 width=51)
   ->  Sort  (cost=2884580.86..2884585.86 rows=2000 width=51)
         Sort Key: supplier.s_name
         ->  Nested Loop Semi Join  (cost=2757871.17..2884570.86 rows=2000 width=51)
               Join Filter: (supplier.s_suppkey = lineitem.l_suppkey)
               ->  Nested Loop  (cost=49.29..2273.46 rows=4000 width=55)
                     ->  Seq Scan on nation  (cost=0.00..1.31 rows=1 width=4)
                           Filter: (n_name = 'IRAQ'::bpchar)
                     ->  Bitmap Heap Scan on supplier  (cost=49.29..2232.15 rows=4000 width=59)
                           Recheck Cond: (s_nationkey = nation.n_nationkey)
                           ->  Bitmap Index Scan on idx_supplier_nation_key  (cost=0.00..48.29 rows=4000 width=0)
                                 Index Cond: (s_nationkey = nation.n_nationkey)
               ->  Materialize  (cost=2757821.88..2880617.47 rows=28 width=8)
                     ->  Merge Join  (cost=2757821.88..2880617.33 rows=28 width=8)
                           Merge Cond: ((lineitem.l_partkey = partsupp.ps_partkey) AND (lineitem.l_suppkey = partsupp.ps_suppkey))
                           Join Filter: ((partsupp.ps_availqty)::numeric > ((0.5 * sum(lineitem.l_quantity))))
                           ->  GroupAggregate  (cost=2580695.41..2686837.64 rows=922976 width=13)
                                 Group Key: lineitem.l_partkey, lineitem.l_suppkey
                                 ->  Sort  (cost=2580695.41..2603769.81 rows=9229759 width=13)
                                       Sort Key: lineitem.l_partkey, lineitem.l_suppkey
                                       ->  Bitmap Heap Scan on lineitem  (cost=147918.59..1411507.98 rows=9229759 width=13)
                                             Recheck Cond: ((l_shipdate >= '1996-01-01'::date) AND (l_shipdate < '1997-01-01'::date))
                                             ->  Bitmap Index Scan on idx_lineitem_shipdate  (cost=0.00..145611.15 rows=9229759 width=0)
                                                   Index Cond: ((l_shipdate >= '1996-01-01'::date) AND (l_shipdate < '1997-01-01'::date))
                           ->  Sort  (cost=177126.47..178062.62 rows=374462 width=16)
                                 Sort Key: partsupp.ps_partkey, partsupp.ps_suppkey
                                 ->  Nested Loop  (cost=0.43..142461.66 rows=374462 width=16)
                                       ->  Seq Scan on part  (cost=0.00..65981.25 rows=20202 width=4)
                                             Filter: ((p_name)::text ~~ 'olive%'::text)
                                       ->  Index Scan using idx_partsupp_partkey on partsupp  (cost=0.43..3.60 rows=19 width=12)
                                             Index Cond: (ps_partkey = part.p_partkey)
(31 rows)

query 21 run 1
SET
SET
                                                                   QUERY PLAN                                                                   
------------------------------------------------------------------------------------------------------------------------------------------------
 Limit  (cost=4006659.27..4006659.28 rows=1 width=26)
   ->  Sort  (cost=4006659.27..4006659.28 rows=1 width=26)
         Sort Key: (count(*)) DESC, supplier.s_name
         ->  HashAggregate  (cost=4006659.25..4006659.26 rows=1 width=26)
               Group Key: supplier.s_name
               ->  Nested Loop Anti Join  (cost=570818.38..4006659.25 rows=1 width=26)
                     ->  Nested Loop Semi Join  (cost=570817.81..4006652.52 rows=1 width=34)
                           Join Filter: (l2.l_suppkey <> l1.l_suppkey)
                           ->  Hash Join  (cost=570817.25..2582482.94 rows=387837 width=38)
                                 Hash Cond: (l1.l_orderkey = orders.o_orderkey)
                                 ->  Hash Join  (cost=2323.46..1960177.84 rows=797417 width=34)
                                       Hash Cond: (l1.l_suppkey = supplier.s_suppkey)
                                       ->  Seq Scan on lineitem l1  (cost=0.00..1874904.10 rows=19993629 width=8)
                                             Filter: (l_receiptdate > l_commitdate)
                                       ->  Hash  (cost=2273.46..2273.46 rows=4000 width=30)
                                             ->  Nested Loop  (cost=49.29..2273.46 rows=4000 width=30)
                                                   ->  Seq Scan on nation  (cost=0.00..1.31 rows=1 width=4)
                                                         Filter: (n_name = 'PERU'::bpchar)
                                                   ->  Bitmap Heap Scan on supplier  (cost=49.29..2232.15 rows=4000 width=34)
                                                         Recheck Cond: (s_nationkey = nation.n_nationkey)
                                                         ->  Bitmap Index Scan on idx_supplier_nation_key  (cost=0.00..48.29 rows=4000 width=0)
                                                               Index Cond: (s_nationkey = nation.n_nationkey)
                                 ->  Hash  (cost=448788.21..448788.21 rows=7296286 width=4)
                                       ->  Seq Scan on orders  (cost=0.00..448788.21 rows=7296286 width=4)
                                             Filter: (o_orderstatus = 'F'::bpchar)
                           ->  Index Scan using idx_lineitem_orderkey on lineitem l2  (cost=0.56..3.62 rows=4 width=8)
                                 Index Cond: (l_orderkey = orders.o_orderkey)
                     ->  Index Scan using idx_lineitem_orderkey on lineitem l3  (cost=0.56..3.64 rows=1 width=8)
                           Index Cond: (l_orderkey = l1.l_orderkey)
                           Filter: ((l_receiptdate > l_commitdate) AND (l_suppkey <> l1.l_suppkey))
(30 rows)

query 22 run 1
SET
SET
                                                               QUERY PLAN                                                               
----------------------------------------------------------------------------------------------------------------------------------------
 Limit  (cost=161329.42..161329.43 rows=1 width=22)
   InitPlan 1 (returns $0)
     ->  Aggregate  (cost=75443.53..75443.54 rows=1 width=6)
           ->  Seq Scan on customer customer_1  (cost=0.00..75324.44 rows=47636 width=6)
                 Filter: ((c_acctbal > 0.00) AND ("substring"((c_phone)::text, 1, 2) = ANY ('{21,29,26,34,14,15,17}'::text[])))
   ->  Sort  (cost=85885.88..85905.81 rows=7972 width=22)
         Sort Key: ("substring"((customer.c_phone)::text, 1, 2))
         ->  HashAggregate  (cost=85706.51..85846.02 rows=7972 width=22)
               Group Key: "substring"((customer.c_phone)::text, 1, 2)
               ->  Nested Loop Anti Join  (cost=0.43..85646.72 rows=7972 width=22)
                     ->  Seq Scan on customer  (cost=0.00..75324.44 rows=17501 width=26)
                           Filter: ((c_acctbal > $0) AND ("substring"((c_phone)::text, 1, 2) = ANY ('{21,29,26,34,14,15,17}'::text[])))
                     ->  Index Only Scan using idx_orders_custkey on orders  (cost=0.43..2.18 rows=18 width=4)
                           Index Cond: (o_custkey = customer.c_custkey)
(14 rows)

