query 1 run 1
SET
SET
SET
                                                 QUERY PLAN                                                  
-------------------------------------------------------------------------------------------------------------
 Limit  (cost=1906733.01..1906733.68 rows=1 width=236)
   ->  Finalize GroupAggregate  (cost=1906733.01..1906737.06 rows=6 width=236)
         Group Key: l_returnflag, l_linestatus
         ->  Gather Merge  (cost=1906733.01..1906735.88 rows=24 width=236)
               Workers Planned: 4
               ->  Sort  (cost=1905732.95..1905732.96 rows=6 width=236)
                     Sort Key: l_returnflag, l_linestatus
                     ->  Partial HashAggregate  (cost=1905732.71..1905732.87 rows=6 width=236)
                           Group Key: l_returnflag, l_linestatus
                           ->  Parallel Seq Scan on lineitem  (cost=0.00..1312625.23 rows=14827687 width=25)
                                 Filter: (l_shipdate <= '1998-09-10 00:00:00'::timestamp without time zone)
(11 rows)

query 2 run 1
SET
SET
SET
                                                                  QUERY PLAN                                                                  
----------------------------------------------------------------------------------------------------------------------------------------------
 Limit  (cost=1138926.27..1138926.27 rows=1 width=192)
   ->  Sort  (cost=1138926.27..1138926.27 rows=1 width=192)
         Sort Key: supplier.s_acctbal DESC, nation.n_name, supplier.s_name, part.p_partkey
         ->  Merge Join  (cost=559071.97..1138926.26 rows=1 width=192)
               Merge Cond: (part.p_partkey = partsupp.ps_partkey)
               Join Filter: (partsupp.ps_supplycost = (SubPlan 1))
               ->  Gather Merge  (cost=1000.49..68835.70 rows=9430 width=30)
                     Workers Planned: 4
                     ->  Parallel Index Scan using part_pkey on part  (cost=0.43..66712.44 rows=2358 width=30)
                           Filter: (((p_type)::text ~~ '%NICKEL'::text) AND (p_size = 16))
               ->  Materialize  (cost=558071.49..566072.16 rows=1600134 width=172)
                     ->  Sort  (cost=558071.49..562071.82 rows=1600134 width=172)
                           Sort Key: partsupp.ps_partkey
                           ->  Hash Join  (cost=4048.51..305281.09 rows=1600134 width=172)
                                 Hash Cond: (partsupp.ps_suppkey = supplier.s_suppkey)
                                 ->  Seq Scan on partsupp  (cost=0.00..255228.72 rows=8000672 width=14)
                                 ->  Hash  (cost=3798.51..3798.51 rows=20000 width=166)
                                       ->  Hash Join  (cost=2.51..3798.51 rows=20000 width=166)
                                             Hash Cond: (supplier.s_nationkey = nation.n_nationkey)
                                             ->  Seq Scan on supplier  (cost=0.00..3221.00 rows=100000 width=144)
                                             ->  Hash  (cost=2.45..2.45 rows=5 width=30)
                                                   ->  Hash Join  (cost=1.07..2.45 rows=5 width=30)
                                                         Hash Cond: (nation.n_regionkey = region.r_regionkey)
                                                         ->  Seq Scan on nation  (cost=0.00..1.25 rows=25 width=34)
                                                         ->  Hash  (cost=1.06..1.06 rows=1 width=4)
                                                               ->  Seq Scan on region  (cost=0.00..1.06 rows=1 width=4)
                                                                     Filter: (r_name = 'AMERICA'::bpchar)
               SubPlan 1
                 ->  Aggregate  (cost=66.25..66.26 rows=1 width=32)
                       ->  Nested Loop  (cost=2.29..66.24 rows=4 width=6)
                             Join Filter: (nation_1.n_regionkey = region_1.r_regionkey)
                             ->  Seq Scan on region region_1  (cost=0.00..1.06 rows=1 width=4)
                                   Filter: (r_name = 'AMERICA'::bpchar)
                             ->  Hash Join  (cost=2.29..64.95 rows=18 width=10)
                                   Hash Cond: (supplier_1.s_nationkey = nation_1.n_nationkey)
                                   ->  Nested Loop  (cost=0.72..63.33 rows=18 width=10)
                                         ->  Index Scan using idx_partsupp_partkey on partsupp partsupp_1  (cost=0.43..3.75 rows=18 width=10)
                                               Index Cond: (ps_partkey = part.p_partkey)
                                         ->  Index Scan using supplier_pkey on supplier supplier_1  (cost=0.29..3.31 rows=1 width=8)
                                               Index Cond: (s_suppkey = partsupp_1.ps_suppkey)
                                   ->  Hash  (cost=1.25..1.25 rows=25 width=8)
                                         ->  Seq Scan on nation nation_1  (cost=0.00..1.25 rows=25 width=8)
(42 rows)

query 3 run 1
SET
SET
SET
                                                        QUERY PLAN                                                         
---------------------------------------------------------------------------------------------------------------------------
 Limit  (cost=2296583.50..2296583.52 rows=10 width=44)
   ->  Sort  (cost=2296583.50..2304436.73 rows=3141293 width=44)
         Sort Key: (sum((lineitem.l_extendedprice * ('1'::numeric - lineitem.l_discount)))) DESC, orders.o_orderdate
         ->  GroupAggregate  (cost=1766194.14..2228701.29 rows=3141293 width=44)
               Group Key: lineitem.l_orderkey, orders.o_orderdate, orders.o_shippriority
               ->  Gather Merge  (cost=1766194.14..2142315.73 rows=3141293 width=24)
                     Workers Planned: 4
                     ->  Sort  (cost=1765194.08..1767157.39 rows=785323 width=24)
                           Sort Key: lineitem.l_orderkey, orders.o_orderdate, orders.o_shippriority
                           ->  Nested Loop  (cost=41583.13..1677944.97 rows=785323 width=24)
                                 ->  Parallel Hash Join  (cost=41582.57..354455.53 rows=364336 width=12)
                                       Hash Cond: (orders.o_custkey = customer.c_custkey)
                                       ->  Parallel Seq Scan on orders  (cost=0.00..308143.86 rows=1801560 width=16)
                                             Filter: (o_orderdate < '1995-03-07'::date)
                                       ->  Parallel Hash  (cost=40634.58..40634.58 rows=75839 width=4)
                                             ->  Parallel Seq Scan on customer  (cost=0.00..40634.58 rows=75839 width=4)
                                                   Filter: (c_mktsegment = 'BUILDING'::bpchar)
                                 ->  Index Scan using idx_lineitem_orderkey on lineitem  (cost=0.56..3.61 rows=2 width=16)
                                       Index Cond: (l_orderkey = orders.o_orderkey)
                                       Filter: (l_shipdate > '1995-03-07'::date)
(20 rows)

query 4 run 1
SET
SET
SET
                                                           QUERY PLAN                                                           
--------------------------------------------------------------------------------------------------------------------------------
 Limit  (cost=283429.94..665101.57 rows=1 width=24)
   ->  GroupAggregate  (cost=283429.94..2191788.09 rows=5 width=24)
         Group Key: orders.o_orderpriority
         ->  Nested Loop Semi Join  (cost=283429.94..2188905.72 rows=576464 width=16)
               ->  Gather Merge  (cost=283429.37..352459.86 rows=576529 width=20)
                     Workers Planned: 4
                     ->  Sort  (cost=282429.31..282789.64 rows=144132 width=20)
                           Sort Key: orders.o_orderpriority
                           ->  Parallel Bitmap Heap Scan on orders  (cost=6649.36..270079.34 rows=144132 width=20)
                                 Recheck Cond: ((o_orderdate >= '1993-12-01'::date) AND (o_orderdate < '1994-03-01'::date))
                                 ->  Bitmap Index Scan on idx_orders_orderdate  (cost=0.00..6505.23 rows=576529 width=0)
                                       Index Cond: ((o_orderdate >= '1993-12-01'::date) AND (o_orderdate < '1994-03-01'::date))
               ->  Index Scan using idx_lineitem_orderkey on lineitem  (cost=0.56..3.61 rows=1 width=4)
                     Index Cond: (l_orderkey = orders.o_orderkey)
                     Filter: (l_commitdate < l_receiptdate)
(15 rows)

query 5 run 1
SET
SET
SET
                                                                       QUERY PLAN                                                                       
--------------------------------------------------------------------------------------------------------------------------------------------------------
 Limit  (cost=758126.24..758126.24 rows=1 width=58)
   ->  Sort  (cost=758126.24..758126.30 rows=25 width=58)
         Sort Key: (sum((lineitem.l_extendedprice * ('1'::numeric - lineitem.l_discount)))) DESC
         ->  Finalize GroupAggregate  (cost=757893.03..758126.12 rows=25 width=58)
               Group Key: nation.n_name
               ->  Gather Merge  (cost=757893.03..758125.05 rows=100 width=58)
                     Workers Planned: 4
                     ->  Partial GroupAggregate  (cost=756892.97..757113.08 rows=25 width=58)
                           Group Key: nation.n_name
                           ->  Sort  (cost=756892.97..756936.93 rows=17584 width=38)
                                 Sort Key: nation.n_name
                                 ->  Parallel Hash Join  (cost=72373.52..755653.13 rows=17584 width=38)
                                       Hash Cond: ((lineitem.l_suppkey = supplier.s_suppkey) AND (customer.c_nationkey = supplier.s_nationkey))
                                       ->  Nested Loop  (cost=68681.92..749604.77 rows=448906 width=50)
                                             ->  Parallel Hash Join  (cost=68681.36..340752.39 rows=112239 width=38)
                                                   Hash Cond: (orders.o_custkey = customer.c_custkey)
                                                   ->  Parallel Bitmap Heap Scan on orders  (cost=25887.99..295573.94 rows=561196 width=8)
                                                         Recheck Cond: ((o_orderdate >= '1993-01-01'::date) AND (o_orderdate < '1994-01-01'::date))
                                                         ->  Bitmap Index Scan on idx_orders_orderdate  (cost=0.00..25326.80 rows=2244786 width=0)
                                                               Index Cond: ((o_orderdate >= '1993-01-01'::date) AND (o_orderdate < '1994-01-01'::date))
                                                   ->  Parallel Hash  (cost=41855.85..41855.85 rows=75001 width=38)
                                                         ->  Hash Join  (cost=2.51..41855.85 rows=75001 width=38)
                                                               Hash Cond: (customer.c_nationkey = nation.n_nationkey)
                                                               ->  Parallel Seq Scan on customer  (cost=0.00..39697.06 rows=375006 width=8)
                                                               ->  Hash  (cost=2.45..2.45 rows=5 width=30)
                                                                     ->  Hash Join  (cost=1.07..2.45 rows=5 width=30)
                                                                           Hash Cond: (nation.n_regionkey = region.r_regionkey)
                                                                           ->  Seq Scan on nation  (cost=0.00..1.25 rows=25 width=34)
                                                                           ->  Hash  (cost=1.06..1.06 rows=1 width=4)
                                                                                 ->  Seq Scan on region  (cost=0.00..1.06 rows=1 width=4)
                                                                                       Filter: (r_name = 'AMERICA'::bpchar)
                                             ->  Index Scan using idx_lineitem_orderkey on lineitem  (cost=0.56..3.60 rows=4 width=20)
                                                   Index Cond: (l_orderkey = orders.o_orderkey)
                                       ->  Parallel Hash  (cost=2809.24..2809.24 rows=58824 width=8)
                                             ->  Parallel Seq Scan on supplier  (cost=0.00..2809.24 rows=58824 width=8)
(35 rows)

query 6 run 1
SET
SET
SET
                                                                                                                QUERY PLAN                                                                                                                 
-------------------------------------------------------------------------------------------------------------------------------------------------------------------------------------------------------------------------------------------
 Limit  (cost=1293299.44..1293299.45 rows=1 width=32)
   ->  Finalize Aggregate  (cost=1293299.44..1293299.45 rows=1 width=32)
         ->  Gather  (cost=1293299.01..1293299.42 rows=4 width=32)
               Workers Planned: 4
               ->  Partial Aggregate  (cost=1292299.01..1292299.02 rows=1 width=32)
                     ->  Parallel Bitmap Heap Scan on lineitem  (cost=212470.23..1290787.36 rows=302330 width=12)
                           Recheck Cond: ((l_shipdate >= '1993-01-01'::date) AND (l_shipdate < '1994-01-01 00:00:00'::timestamp without time zone) AND (l_discount >= 0.06) AND (l_discount <= 0.08) AND (l_quantity < '25'::numeric))
                           ->  Bitmap Index Scan on idx_lineitem_shipdate  (cost=0.00..212167.90 rows=1209318 width=0)
                                 Index Cond: ((l_shipdate >= '1993-01-01'::date) AND (l_shipdate < '1994-01-01 00:00:00'::timestamp without time zone) AND (l_discount >= 0.06) AND (l_discount <= 0.08) AND (l_quantity < '25'::numeric))
(9 rows)

query 7 run 1
SET
SET
SET
                                                                                                      QUERY PLAN                                                                                                       
-----------------------------------------------------------------------------------------------------------------------------------------------------------------------------------------------------------------------
 Limit  (cost=1418514.22..1419545.38 rows=1 width=92)
   ->  GroupAggregate  (cost=1418514.22..11763026.34 rows=10032 width=92)
         Group Key: n1.n_name, n2.n_name, date_part('year'::text, (lineitem.l_shipdate)::timestamp without time zone)
         ->  Nested Loop  (cost=1418514.22..11761959.32 rows=59431 width=72)
               Join Filter: (n2.n_nationkey = customer.c_nationkey)
               ->  Nested Loop  (cost=1418513.80..6676200.49 rows=1485772 width=76)
                     ->  Gather Merge  (cost=1418513.36..1596411.74 rows=1485772 width=76)
                           Workers Planned: 4
                           ->  Sort  (cost=1417513.30..1418441.91 rows=371443 width=76)
                                 Sort Key: n1.n_name, n2.n_name, (date_part('year'::text, (lineitem.l_shipdate)::timestamp without time zone))
                                 ->  Parallel Hash Join  (cost=3140.96..1372538.66 rows=371443 width=76)
                                       Hash Cond: (lineitem.l_suppkey = supplier.s_suppkey)
                                       ->  Parallel Seq Scan on lineitem  (cost=0.00..1350121.67 rows=4557620 width=24)
                                             Filter: ((l_shipdate >= '1995-01-01'::date) AND (l_shipdate <= '1996-12-31'::date))
                                       ->  Parallel Hash  (cost=3079.76..3079.76 rows=4896 width=60)
                                             ->  Hash Join  (cost=2.87..3079.76 rows=4896 width=60)
                                                   Hash Cond: (supplier.s_nationkey = n1.n_nationkey)
                                                   ->  Parallel Seq Scan on supplier  (cost=0.00..2809.24 rows=58824 width=8)
                                                   ->  Hash  (cost=2.84..2.84 rows=2 width=60)
                                                         ->  Nested Loop  (cost=0.00..2.84 rows=2 width=60)
                                                               Join Filter: (((n1.n_name = 'PERU'::bpchar) AND (n2.n_name = 'MOROCCO'::bpchar)) OR ((n1.n_name = 'MOROCCO'::bpchar) AND (n2.n_name = 'PERU'::bpchar)))
                                                               ->  Seq Scan on nation n1  (cost=0.00..1.38 rows=2 width=30)
                                                                     Filter: ((n_name = 'PERU'::bpchar) OR (n_name = 'MOROCCO'::bpchar))
                                                               ->  Materialize  (cost=0.00..1.39 rows=2 width=30)
                                                                     ->  Seq Scan on nation n2  (cost=0.00..1.38 rows=2 width=30)
                                                                           Filter: ((n_name = 'MOROCCO'::bpchar) OR (n_name = 'PERU'::bpchar))
                     ->  Index Scan using orders_pkey on orders  (cost=0.43..3.42 rows=1 width=8)
                           Index Cond: (o_orderkey = lineitem.l_orderkey)
               ->  Index Scan using customer_pkey on customer  (cost=0.43..3.41 rows=1 width=8)
                     Index Cond: (c_custkey = orders.o_custkey)
(30 rows)

query 8 run 1
SET
SET
SET
                                                                  QUERY PLAN                                                                   
-----------------------------------------------------------------------------------------------------------------------------------------------
 Limit  (cost=386641.90..393328.47 rows=1 width=40)
   ->  GroupAggregate  (cost=386641.90..16474530.59 rows=2406 width=40)
         Group Key: date_part('year'::text, (orders.o_orderdate)::timestamp without time zone)
         ->  Nested Loop  (cost=386641.90..16473997.32 rows=23957 width=46)
               Join Filter: (supplier.s_nationkey = n2.n_nationkey)
               ->  Nested Loop  (cost=386641.90..16465223.96 rows=23957 width=20)
                     ->  Nested Loop  (cost=386641.60..16385186.46 rows=24466 width=20)
                           ->  Nested Loop  (cost=386641.18..3843411.88 rows=3673822 width=24)
                                 ->  Gather Merge  (cost=386640.61..496623.94 rows=918559 width=8)
                                       Workers Planned: 4
                                       ->  Sort  (cost=385640.55..386214.65 rows=229640 width=8)
                                             Sort Key: (date_part('year'::text, (orders.o_orderdate)::timestamp without time zone))
                                             ->  Parallel Hash Join  (cost=42793.37..365192.24 rows=229640 width=8)
                                                   Hash Cond: (orders.o_custkey = customer.c_custkey)
                                                   ->  Parallel Seq Scan on orders  (cost=0.00..317519.03 rows=1148199 width=12)
                                                         Filter: ((o_orderdate >= '1995-01-01'::date) AND (o_orderdate <= '1996-12-31'::date))
                                                   ->  Parallel Hash  (cost=41855.85..41855.85 rows=75001 width=4)
                                                         ->  Hash Join  (cost=2.51..41855.85 rows=75001 width=4)
                                                               Hash Cond: (customer.c_nationkey = n1.n_nationkey)
                                                               ->  Parallel Seq Scan on customer  (cost=0.00..39697.06 rows=375006 width=8)
                                                               ->  Hash  (cost=2.45..2.45 rows=5 width=4)
                                                                     ->  Hash Join  (cost=1.07..2.45 rows=5 width=4)
                                                                           Hash Cond: (n1.n_regionkey = region.r_regionkey)
                                                                           ->  Seq Scan on nation n1  (cost=0.00..1.25 rows=25 width=8)
                                                                           ->  Hash  (cost=1.06..1.06 rows=1 width=4)
                                                                                 ->  Seq Scan on region  (cost=0.00..1.06 rows=1 width=4)
                                                                                       Filter: (r_name = 'AMERICA'::bpchar)
                                 ->  Index Scan using idx_lineitem_orderkey on lineitem  (cost=0.56..3.60 rows=4 width=24)
                                       Index Cond: (l_orderkey = orders.o_orderkey)
                           ->  Index Scan using part_pkey on part  (cost=0.43..3.41 rows=1 width=4)
                                 Index Cond: (p_partkey = lineitem.l_partkey)
                                 Filter: ((p_type)::text = 'LARGE POLISHED BRASS'::text)
                     ->  Index Scan using supplier_pkey on supplier  (cost=0.29..3.27 rows=1 width=8)
                           Index Cond: (s_suppkey = lineitem.l_suppkey)
               ->  Materialize  (cost=0.00..1.38 rows=25 width=30)
                     ->  Seq Scan on nation n2  (cost=0.00..1.25 rows=25 width=30)
(36 rows)

query 9 run 1
SET
SET
SET
                                                                 QUERY PLAN                                                                  
---------------------------------------------------------------------------------------------------------------------------------------------
 Limit  (cost=27084.63..32815.70 rows=1 width=66)
   ->  GroupAggregate  (cost=27084.63..445453.12 rows=73 width=66)
         Group Key: nation.n_name, (date_part('year'::text, (orders.o_orderdate)::timestamp without time zone))
         ->  Incremental Sort  (cost=27084.63..445450.57 rows=73 width=57)
               Sort Key: nation.n_name, (date_part('year'::text, (orders.o_orderdate)::timestamp without time zone)) DESC
               Presorted Key: nation.n_name
               ->  Nested Loop  (cost=9652.78..445447.90 rows=73 width=57)
                     Join Filter: (supplier.s_suppkey = lineitem.l_suppkey)
                     ->  Gather Merge  (cost=8651.47..20048.53 rows=100000 width=30)
                           Workers Planned: 1
                           ->  Sort  (cost=7651.46..7798.52 rows=58824 width=30)
                                 Sort Key: nation.n_name
                                 ->  Hash Join  (cost=1.56..2991.39 rows=58824 width=30)
                                       Hash Cond: (supplier.s_nationkey = nation.n_nationkey)
                                       ->  Parallel Seq Scan on supplier  (cost=0.00..2809.24 rows=58824 width=8)
                                       ->  Hash  (cost=1.25..1.25 rows=25 width=30)
                                             ->  Seq Scan on nation  (cost=0.00..1.25 rows=25 width=30)
                     ->  Materialize  (cost=1001.31..315899.19 rows=73 width=35)
                           ->  Gather  (cost=1001.31..315898.82 rows=73 width=35)
                                 Workers Planned: 4
                                 ->  Nested Loop  (cost=1.31..314891.52 rows=18 width=35)
                                       ->  Nested Loop  (cost=0.87..314829.92 rows=18 width=35)
                                             ->  Nested Loop  (cost=0.43..106283.34 rows=60611 width=18)
                                                   ->  Parallel Seq Scan on part  (cost=0.00..47231.00 rows=15152 width=4)
                                                         Filter: ((p_name)::text ~~ '%navy%'::text)
                                                   ->  Index Scan using idx_partsupp_partkey on partsupp  (cost=0.43..3.72 rows=18 width=14)
                                                         Index Cond: (ps_partkey = part.p_partkey)
                                             ->  Index Scan using idx_lineitem_part_supp on lineitem  (cost=0.44..3.43 rows=1 width=29)
                                                   Index Cond: ((l_partkey = partsupp.ps_partkey) AND (l_suppkey = partsupp.ps_suppkey))
                                       ->  Index Scan using orders_pkey on orders  (cost=0.43..3.42 rows=1 width=8)
                                             Index Cond: (o_orderkey = lineitem.l_orderkey)
(31 rows)

query 10 run 1
SET
SET
SET
                                                                       QUERY PLAN                                                                       
--------------------------------------------------------------------------------------------------------------------------------------------------------
 Limit  (cost=940328.68..940328.73 rows=20 width=201)
   ->  Sort  (cost=940328.68..941736.94 rows=563304 width=201)
         Sort Key: (sum((lineitem.l_extendedprice * ('1'::numeric - lineitem.l_discount)))) DESC
         ->  GroupAggregate  (cost=843809.76..925339.37 rows=563304 width=201)
               Group Key: customer.c_custkey, nation.n_name
               ->  Gather Merge  (cost=843809.76..911256.77 rows=563304 width=181)
                     Workers Planned: 4
                     ->  Sort  (cost=842809.71..843161.77 rows=140826 width=181)
                           Sort Key: customer.c_custkey, nation.n_name
                           ->  Hash Join  (cost=787472.58..830766.58 rows=140826 width=181)
                                 Hash Cond: (customer.c_nationkey = nation.n_nationkey)
                                 ->  Parallel Hash Join  (cost=787471.01..830332.68 rows=140826 width=159)
                                       Hash Cond: (customer.c_custkey = orders.o_custkey)
                                       ->  Parallel Seq Scan on customer  (cost=0.00..39697.06 rows=375006 width=147)
                                       ->  Parallel Hash  (cost=785710.69..785710.69 rows=140826 width=16)
                                             ->  Nested Loop  (cost=6568.28..785710.69 rows=140826 width=16)
                                                   ->  Parallel Bitmap Heap Scan on orders  (cost=6567.72..269971.12 rows=142360 width=8)
                                                         Recheck Cond: ((o_orderdate >= '1994-08-01'::date) AND (o_orderdate < '1994-11-01'::date))
                                                         ->  Bitmap Index Scan on idx_orders_orderdate  (cost=0.00..6425.36 rows=569442 width=0)
                                                               Index Cond: ((o_orderdate >= '1994-08-01'::date) AND (o_orderdate < '1994-11-01'::date))
                                                   ->  Index Scan using idx_lineitem_orderkey on lineitem  (cost=0.56..3.61 rows=1 width=16)
                                                         Index Cond: (l_orderkey = orders.o_orderkey)
                                                         Filter: (l_returnflag = 'R'::bpchar)
                                 ->  Hash  (cost=1.25..1.25 rows=25 width=30)
                                       ->  Seq Scan on nation  (cost=0.00..1.25 rows=25 width=30)
(25 rows)

query 11 run 1
SET
SET
SET
                                                                QUERY PLAN                                                                
------------------------------------------------------------------------------------------------------------------------------------------
 Limit  (cost=470840.58..470840.59 rows=1 width=36)
   InitPlan 1 (returns $2)
     ->  Finalize Aggregate  (cost=207436.33..207436.34 rows=1 width=32)
           ->  Gather  (cost=207435.89..207436.30 rows=4 width=32)
                 Workers Planned: 4
                 ->  Partial Aggregate  (cost=206435.89..206435.90 rows=1 width=32)
                       ->  Hash Join  (cost=2311.46..205835.84 rows=80007 width=10)
                             Hash Cond: (partsupp_1.ps_suppkey = supplier_1.s_suppkey)
                             ->  Parallel Seq Scan on partsupp partsupp_1  (cost=0.00..195223.68 rows=2000168 width=14)
                             ->  Hash  (cost=2261.46..2261.46 rows=4000 width=4)
                                   ->  Nested Loop  (cost=37.29..2261.46 rows=4000 width=4)
                                         ->  Seq Scan on nation nation_1  (cost=0.00..1.31 rows=1 width=4)
                                               Filter: (n_name = 'SAUDI ARABIA'::bpchar)
                                         ->  Bitmap Heap Scan on supplier supplier_1  (cost=37.29..2220.15 rows=4000 width=8)
                                               Recheck Cond: (s_nationkey = nation_1.n_nationkey)
                                               ->  Bitmap Index Scan on idx_supplier_nation_key  (cost=0.00..36.29 rows=4000 width=0)
                                                     Index Cond: (s_nationkey = nation_1.n_nationkey)
   ->  Sort  (cost=263404.25..263670.94 rows=106676 width=36)
         Sort Key: (sum((partsupp.ps_supplycost * (partsupp.ps_availqty)::numeric))) DESC
         ->  GroupAggregate  (cost=213351.60..262870.87 rows=106676 width=36)
               Group Key: partsupp.ps_partkey
               Filter: (sum((partsupp.ps_supplycost * (partsupp.ps_availqty)::numeric)) > $2)
               ->  Gather Merge  (cost=213351.60..251669.92 rows=320027 width=14)
                     Workers Planned: 4
                     ->  Sort  (cost=212351.54..212551.56 rows=80007 width=14)
                           Sort Key: partsupp.ps_partkey
                           ->  Hash Join  (cost=2311.46..205835.84 rows=80007 width=14)
                                 Hash Cond: (partsupp.ps_suppkey = supplier.s_suppkey)
                                 ->  Parallel Seq Scan on partsupp  (cost=0.00..195223.68 rows=2000168 width=18)
                                 ->  Hash  (cost=2261.46..2261.46 rows=4000 width=4)
                                       ->  Nested Loop  (cost=37.29..2261.46 rows=4000 width=4)
                                             ->  Seq Scan on nation  (cost=0.00..1.31 rows=1 width=4)
                                                   Filter: (n_name = 'SAUDI ARABIA'::bpchar)
                                             ->  Bitmap Heap Scan on supplier  (cost=37.29..2220.15 rows=4000 width=8)
                                                   Recheck Cond: (s_nationkey = nation.n_nationkey)
                                                   ->  Bitmap Index Scan on idx_supplier_nation_key  (cost=0.00..36.29 rows=4000 width=0)
                                                         Index Cond: (s_nationkey = nation.n_nationkey)
(37 rows)

query 12 run 1
SET
SET
SET
                                                                                                                    QUERY PLAN                                                                                                                     
---------------------------------------------------------------------------------------------------------------------------------------------------------------------------------------------------------------------------------------------------
 Limit  (cost=1469564.10..1619161.48 rows=1 width=27)
   ->  GroupAggregate  (cost=1469564.10..2516745.73 rows=7 width=27)
         Group Key: lineitem.l_shipmode
         ->  Nested Loop  (cost=1469564.10..2511591.30 rows=294535 width=27)
               ->  Gather Merge  (cost=1469563.67..1504829.71 rows=294535 width=15)
                     Workers Planned: 4
                     ->  Sort  (cost=1468563.61..1468747.69 rows=73634 width=15)
                           Sort Key: lineitem.l_shipmode
                           ->  Parallel Seq Scan on lineitem  (cost=0.00..1462611.00 rows=73634 width=15)
                                 Filter: ((l_shipmode = ANY ('{SHIP,"REG AIR"}'::bpchar[])) AND (l_commitdate < l_receiptdate) AND (l_shipdate < l_commitdate) AND (l_receiptdate >= '1994-01-01'::date) AND (l_receiptdate < '1995-01-01'::date))
               ->  Index Scan using orders_pkey on orders  (cost=0.43..3.42 rows=1 width=20)
                     Index Cond: (o_orderkey = lineitem.l_orderkey)
(12 rows)

query 13 run 1
SET
SET
SET
                                                           QUERY PLAN                                                            
---------------------------------------------------------------------------------------------------------------------------------
 Limit  (cost=1369884.27..1369884.27 rows=1 width=16)
   ->  Sort  (cost=1369884.27..1369884.77 rows=200 width=16)
         Sort Key: (count(*)) DESC, (count(orders.o_orderkey)) DESC
         ->  HashAggregate  (cost=1369881.27..1369883.27 rows=200 width=16)
               Group Key: count(orders.o_orderkey)
               ->  HashAggregate  (cost=1215202.72..1347380.90 rows=1500025 width=12)
                     Group Key: customer.c_custkey
                     Planned Partitions: 8
                     ->  Hash Right Join  (cost=53285.12..664466.45 rows=14998775 width=8)
                           Hash Cond: (orders.o_custkey = customer.c_custkey)
                           ->  Seq Scan on orders  (cost=0.00..448771.44 rows=14998775 width=8)
                                 Filter: ((o_comment)::text !~~ '%special%requests%'::text)
                           ->  Hash  (cost=28674.80..28674.80 rows=1500025 width=4)
                                 ->  Index Only Scan using customer_pkey on customer  (cost=0.43..28674.80 rows=1500025 width=4)
(14 rows)

query 14 run 1
SET
SET
SET
                                                          QUERY PLAN                                                          
------------------------------------------------------------------------------------------------------------------------------
 Limit  (cost=873378.46..873378.47 rows=1 width=32)
   ->  Finalize Aggregate  (cost=873378.46..873378.47 rows=1 width=32)
         ->  Gather  (cost=873378.00..873378.41 rows=4 width=64)
               Workers Planned: 4
               ->  Partial Aggregate  (cost=872378.00..872378.01 rows=1 width=64)
                     ->  Parallel Hash Join  (cost=65194.05..868840.86 rows=202122 width=33)
                           Hash Cond: (lineitem.l_partkey = part.p_partkey)
                           ->  Parallel Bitmap Heap Scan on lineitem  (cost=12963.05..816079.29 rows=202122 width=16)
                                 Recheck Cond: ((l_shipdate >= '1994-05-01'::date) AND (l_shipdate < '1994-06-01'::date))
                                 ->  Bitmap Index Scan on idx_lineitem_shipdate  (cost=0.00..12760.93 rows=808486 width=0)
                                       Index Cond: ((l_shipdate >= '1994-05-01'::date) AND (l_shipdate < '1994-06-01'::date))
                           ->  Parallel Hash  (cost=45981.00..45981.00 rows=500000 width=25)
                                 ->  Parallel Seq Scan on part  (cost=0.00..45981.00 rows=500000 width=25)
(13 rows)

query 15 run 1
SET
SET
SET
CREATE VIEW
                                                             QUERY PLAN                                                             
------------------------------------------------------------------------------------------------------------------------------------
 Limit  (cost=2719069.11..2719180.77 rows=1 width=103)
   InitPlan 1 (returns $1)
     ->  Aggregate  (cost=1378519.60..1378519.61 rows=1 width=32)
           ->  Finalize HashAggregate  (cost=1375966.45..1377243.03 rows=102126 width=36)
                 Group Key: lineitem_1.l_suppkey
                 ->  Gather  (cost=1330775.70..1372902.67 rows=408504 width=36)
                       Workers Planned: 4
                       ->  Partial HashAggregate  (cost=1329775.70..1331052.27 rows=102126 width=36)
                             Group Key: lineitem_1.l_suppkey
                             ->  Parallel Bitmap Heap Scan on lineitem lineitem_1  (cost=35239.34..1324281.12 rows=549458 width=16)
                                   Recheck Cond: ((l_shipdate >= '1996-01-01'::date) AND (l_shipdate < '1996-04-01'::date))
                                   ->  Bitmap Index Scan on idx_lineitem_shipdate  (cost=0.00..34689.89 rows=2197832 width=0)
                                         Index Cond: ((l_shipdate >= '1996-01-01'::date) AND (l_shipdate < '1996-04-01'::date))
   ->  Nested Loop  (cost=1340549.50..1397605.81 rows=511 width=103)
         ->  Finalize GroupAggregate  (cost=1340549.21..1396354.79 rows=511 width=36)
               Group Key: lineitem.l_suppkey
               Filter: (sum((lineitem.l_extendedprice * ('1'::numeric - lineitem.l_discount))) = $1)
               ->  Gather Merge  (cost=1340549.21..1389461.29 rows=408504 width=36)
                     Workers Planned: 4
                     ->  Sort  (cost=1339549.15..1339804.46 rows=102126 width=36)
                           Sort Key: lineitem.l_suppkey
                           ->  Partial HashAggregate  (cost=1329775.70..1331052.27 rows=102126 width=36)
                                 Group Key: lineitem.l_suppkey
                                 ->  Parallel Bitmap Heap Scan on lineitem  (cost=35239.34..1324281.12 rows=549458 width=16)
                                       Recheck Cond: ((l_shipdate >= '1996-01-01'::date) AND (l_shipdate < '1996-04-01'::date))
                                       ->  Bitmap Index Scan on idx_lineitem_shipdate  (cost=0.00..34689.89 rows=2197832 width=0)
                                             Index Cond: ((l_shipdate >= '1996-01-01'::date) AND (l_shipdate < '1996-04-01'::date))
         ->  Index Scan using supplier_pkey on supplier  (cost=0.29..2.44 rows=1 width=71)
               Index Cond: (s_suppkey = lineitem.l_suppkey)
(29 rows)

DROP VIEW
query 16 run 1
SET
SET
SET
                                                                                            QUERY PLAN                                                                                            
--------------------------------------------------------------------------------------------------------------------------------------------------------------------------------------------------
 Limit  (cost=252411.96..252411.96 rows=1 width=44)
   ->  Sort  (cost=252411.96..252797.78 rows=154327 width=44)
         Sort Key: (count(DISTINCT partsupp.ps_suppkey)) DESC, part.p_brand, part.p_type, part.p_size
         ->  GroupAggregate  (cost=172311.54..251640.33 rows=154327 width=44)
               Group Key: part.p_brand, part.p_type, part.p_size
               ->  Gather Merge  (cost=172311.54..244101.32 rows=599574 width=40)
                     Workers Planned: 4
                     ->  Sort  (cost=171311.48..171686.22 rows=149894 width=40)
                           Sort Key: part.p_brand, part.p_type, part.p_size
                           ->  Parallel Hash Join  (cost=57889.21..158425.41 rows=149894 width=40)
                                 Hash Cond: (partsupp.ps_partkey = part.p_partkey)
                                 ->  Parallel Index Only Scan using partsupp_pkey on partsupp  (cost=3471.46..101382.42 rows=1000084 width=8)
                                       Filter: (NOT (hashed SubPlan 1))
                                       SubPlan 1
                                         ->  Seq Scan on supplier  (cost=0.00..3471.00 rows=10 width=4)
                                               Filter: ((s_comment)::text ~~ '%Customer%Complaints%'::text)
                                 ->  Parallel Hash  (cost=53481.01..53481.01 rows=74940 width=40)
                                       ->  Parallel Seq Scan on part  (cost=0.00..53481.01 rows=74940 width=40)
                                             Filter: ((p_brand <> 'Brand#12'::bpchar) AND ((p_type)::text !~~ 'SMALL BRUSHED%'::text) AND (p_size = ANY ('{12,32,36,26,40,34,49,9}'::integer[])))
(19 rows)

query 17 run 1
SET
SET
SET
                                                            QUERY PLAN                                                             
-----------------------------------------------------------------------------------------------------------------------------------
 Limit  (cost=3430271.72..3430271.73 rows=1 width=32)
   ->  Aggregate  (cost=3430271.72..3430271.73 rows=1 width=32)
         ->  Merge Join  (cost=2281472.21..3430222.33 rows=19752 width=8)
               Merge Cond: (lineitem_1.l_partkey = part.p_partkey)
               Join Filter: (lineitem.l_quantity < ((0.2 * avg(lineitem_1.l_quantity))))
               ->  Finalize GroupAggregate  (cost=2280471.28..3305189.27 rows=1955798 width=36)
                     Group Key: lineitem_1.l_partkey
                     ->  Gather Merge  (cost=2280471.28..3217178.36 rows=7823192 width=36)
                           Workers Planned: 4
                           ->  Sort  (cost=2279471.23..2284360.72 rows=1955798 width=36)
                                 Sort Key: lineitem_1.l_partkey
                                 ->  Partial HashAggregate  (cost=1869798.96..2040716.93 rows=1955798 width=36)
                                       Group Key: lineitem_1.l_partkey
                                       Planned Partitions: 32
                                       ->  Parallel Seq Scan on lineitem lineitem_1  (cost=0.00..1275128.78 rows=14998578 width=9)
               ->  Materialize  (cost=1000.93..99693.41 rows=60594 width=21)
                     ->  Gather Merge  (cost=1000.93..99541.93 rows=60594 width=21)
                           Workers Planned: 4
                           ->  Nested Loop  (cost=0.87..91324.54 rows=15148 width=21)
                                 ->  Parallel Index Scan using part_pkey on part  (cost=0.43..66712.44 rows=505 width=4)
                                       Filter: ((p_brand = 'Brand#22'::bpchar) AND (p_container = 'LG BOX'::bpchar))
                                 ->  Index Scan using idx_lineitem_part_supp on lineitem  (cost=0.44..48.43 rows=31 width=17)
                                       Index Cond: (l_partkey = part.p_partkey)
(23 rows)

query 18 run 1
SET
SET
SET
                                                                       QUERY PLAN                                                                       
--------------------------------------------------------------------------------------------------------------------------------------------------------
 Limit  (cost=8776378.29..8776378.54 rows=100 width=71)
   ->  Sort  (cost=8776378.29..8826367.89 rows=19995842 width=71)
         Sort Key: orders.o_totalprice DESC, orders.o_orderdate
         ->  HashAggregate  (cost=7410714.15..8012151.59 rows=19995842 width=71)
               Group Key: customer.c_custkey, orders.o_orderkey
               Planned Partitions: 256
               ->  Hash Join  (cost=78773.48..6333594.38 rows=19995842 width=44)
                     Hash Cond: (orders.o_custkey = customer.c_custkey)
                     ->  Merge Join  (cost=285.92..5920445.59 rows=19995842 width=25)
                           Merge Cond: (orders.o_orderkey = lineitem.l_orderkey)
                           ->  Merge Join  (cost=1.00..3390504.56 rows=4999526 width=24)
                                 Merge Cond: (orders.o_orderkey = lineitem_1.l_orderkey)
                                 ->  Index Scan using orders_pkey on orders  (cost=0.43..547969.56 rows=15000275 width=20)
                                 ->  GroupAggregate  (cost=0.56..2692544.97 rows=4999526 width=4)
                                       Group Key: lineitem_1.l_orderkey
                                       Filter: (sum(lineitem_1.l_quantity) > '313'::numeric)
                                       ->  Index Scan using idx_lineitem_orderkey on lineitem lineitem_1  (cost=0.56..2167594.75 rows=59994312 width=9)
                           ->  Index Scan using idx_lineitem_orderkey on lineitem  (cost=0.56..2167594.75 rows=59994312 width=9)
                     ->  Hash  (cost=50947.25..50947.25 rows=1500025 width=23)
                           ->  Seq Scan on customer  (cost=0.00..50947.25 rows=1500025 width=23)
(20 rows)

query 19 run 1
SET
SET
SET
                                                                                                                                                                                                                                                                                                                                                                                                                                                                                                                  QUERY PLAN                                                                                                                                                                                                                                                                                                                                                                                                                                                                                                                  
----------------------------------------------------------------------------------------------------------------------------------------------------------------------------------------------------------------------------------------------------------------------------------------------------------------------------------------------------------------------------------------------------------------------------------------------------------------------------------------------------------------------------------------------------------------------------------------------------------------------------------------------------------------------------------------------------------------------------------------------------------------------------------------------------------------------------------------------------------------------------------------------------------------------------------------------------------------------------------------------------------------------------------------------
 Limit  (cost=124527.38..124527.39 rows=1 width=32)
   ->  Finalize Aggregate  (cost=124527.38..124527.39 rows=1 width=32)
         ->  Gather  (cost=124526.95..124527.36 rows=4 width=32)
               Workers Planned: 4
               ->  Partial Aggregate  (cost=123526.95..123526.96 rows=1 width=32)
                     ->  Nested Loop  (cost=0.44..123524.77 rows=290 width=12)
                           ->  Parallel Seq Scan on part  (cost=0.00..62231.01 rows=1216 width=30)
                                 Filter: ((p_size >= 1) AND (((p_brand = 'Brand#24'::bpchar) AND (p_container = ANY ('{"SM CASE","SM BOX","SM PACK","SM PKG"}'::bpchar[])) AND (p_size <= 5)) OR ((p_brand = 'Brand#43'::bpchar) AND (p_container = ANY ('{"MED BAG","MED BOX","MED PKG","MED PACK"}'::bpchar[])) AND (p_size <= 10)) OR ((p_brand = 'Brand#44'::bpchar) AND (p_container = ANY ('{"LG CASE","LG BOX","LG PACK","LG PKG"}'::bpchar[])) AND (p_size <= 15))))
                           ->  Index Scan using idx_lineitem_part_supp on lineitem  (cost=0.44..50.40 rows=1 width=21)
                                 Index Cond: (l_partkey = part.p_partkey)
                                 Filter: ((l_shipmode = ANY ('{AIR,"AIR REG"}'::bpchar[])) AND (l_shipinstruct = 'DELIVER IN PERSON'::bpchar) AND (((l_quantity >= '10'::numeric) AND (l_quantity <= '20'::numeric)) OR ((l_quantity >= '10'::numeric) AND (l_quantity <= '20'::numeric)) OR ((l_quantity >= '20'::numeric) AND (l_quantity <= '30'::numeric))) AND (((part.p_brand = 'Brand#24'::bpchar) AND (part.p_container = ANY ('{"SM CASE","SM BOX","SM PACK","SM PKG"}'::bpchar[])) AND (l_quantity >= '10'::numeric) AND (l_quantity <= '20'::numeric) AND (part.p_size <= 5)) OR ((part.p_brand = 'Brand#43'::bpchar) AND (part.p_container = ANY ('{"MED BAG","MED BOX","MED PKG","MED PACK"}'::bpchar[])) AND (l_quantity >= '10'::numeric) AND (l_quantity <= '20'::numeric) AND (part.p_size <= 10)) OR ((part.p_brand = 'Brand#44'::bpchar) AND (part.p_container = ANY ('{"LG CASE","LG BOX","LG PACK","LG PKG"}'::bpchar[])) AND (l_quantity >= '20'::numeric) AND (l_quantity <= '30'::numeric) AND (part.p_size <= 15))))
(11 rows)

query 20 run 1
SET
SET
SET
                                                           QUERY PLAN                                                            
---------------------------------------------------------------------------------------------------------------------------------
 Limit  (cost=2443988.10..2687123.44 rows=1 width=51)
   ->  Nested Loop Semi Join  (cost=2443988.10..2687123.44 rows=1 width=51)
         Join Filter: (supplier.s_suppkey = lineitem.l_suppkey)
         ->  Gather Merge  (cost=4122.93..4578.81 rows=4000 width=55)
               Workers Planned: 1
               ->  Sort  (cost=3122.92..3128.80 rows=2353 width=55)
                     Sort Key: supplier.s_name
                     ->  Hash Join  (cost=1.32..2991.15 rows=2353 width=55)
                           Hash Cond: (supplier.s_nationkey = nation.n_nationkey)
                           ->  Parallel Seq Scan on supplier  (cost=0.00..2809.24 rows=58824 width=59)
                           ->  Hash  (cost=1.31..1.31 rows=1 width=4)
                                 ->  Seq Scan on nation  (cost=0.00..1.31 rows=1 width=4)
                                       Filter: (n_name = 'IRAQ'::bpchar)
         ->  Materialize  (cost=2439865.17..2682364.63 rows=3 width=8)
               ->  Hash Join  (cost=2439865.17..2682364.62 rows=3 width=8)
                     Hash Cond: ((lineitem.l_partkey = partsupp.ps_partkey) AND (lineitem.l_suppkey = partsupp.ps_suppkey))
                     Join Filter: ((partsupp.ps_availqty)::numeric > ((0.5 * sum(lineitem.l_quantity))))
                     ->  HashAggregate  (cost=2363399.73..2522045.01 rows=4791659 width=40)
                           Group Key: lineitem.l_partkey, lineitem.l_suppkey
                           Planned Partitions: 64
                           ->  Bitmap Heap Scan on lineitem  (cost=142457.28..1988898.68 rows=8885289 width=13)
                                 Recheck Cond: ((l_shipdate >= '1996-01-01'::date) AND (l_shipdate < '1997-01-01'::date))
                                 ->  Bitmap Index Scan on idx_lineitem_shipdate  (cost=0.00..140235.96 rows=8885289 width=0)
                                       Index Cond: ((l_shipdate >= '1996-01-01'::date) AND (l_shipdate < '1997-01-01'::date))
                     ->  Hash  (cost=75253.22..75253.22 rows=80815 width=16)
                           ->  Gather  (cost=1000.43..75253.22 rows=80815 width=16)
                                 Workers Planned: 4
                                 ->  Nested Loop  (cost=0.43..66171.72 rows=20204 width=16)
                                       ->  Parallel Seq Scan on part  (cost=0.00..47231.00 rows=5050 width=4)
                                             Filter: ((p_name)::text ~~ 'olive%'::text)
                                       ->  Index Scan using idx_partsupp_partkey on partsupp  (cost=0.43..3.57 rows=18 width=12)
                                             Index Cond: (ps_partkey = part.p_partkey)
(32 rows)

query 21 run 1
SET
SET
SET
                                                                   QUERY PLAN                                                                    
-------------------------------------------------------------------------------------------------------------------------------------------------
 Limit  (cost=1959612.68..1959612.69 rows=1 width=34)
   ->  Sort  (cost=1959612.68..1959612.69 rows=1 width=34)
         Sort Key: (count(*)) DESC, supplier.s_name
         ->  GroupAggregate  (cost=1959609.46..1959612.67 rows=1 width=34)
               Group Key: supplier.s_name
               ->  Nested Loop Semi Join  (cost=1959609.46..1959612.66 rows=1 width=26)
                     Join Filter: (l2.l_suppkey <> l1.l_suppkey)
                     ->  Gather Merge  (cost=1959608.89..1959609.02 rows=1 width=38)
                           Workers Planned: 4
                           ->  Sort  (cost=1958608.83..1958608.84 rows=1 width=38)
                                 Sort Key: supplier.s_name
                                 ->  Nested Loop Anti Join  (cost=1337994.20..1958608.82 rows=1 width=38)
                                       ->  Parallel Hash Join  (cost=1337993.64..1653206.04 rows=95115 width=38)
                                             Hash Cond: (orders.o_orderkey = l1.l_orderkey)
                                             ->  Parallel Seq Scan on orders  (cost=0.00..308143.86 rows=1821534 width=4)
                                                   Filter: (o_orderstatus = 'F'::bpchar)
                                             ->  Parallel Hash  (cost=1335545.91..1335545.91 rows=195818 width=34)
                                                   ->  Parallel Hash Join  (cost=3020.56..1335545.91 rows=195818 width=34)
                                                         Hash Cond: (l1.l_suppkey = supplier.s_suppkey)
                                                         ->  Parallel Seq Scan on lineitem l1  (cost=0.00..1312625.23 rows=4999526 width=8)
                                                               Filter: (l_receiptdate > l_commitdate)
                                                         ->  Parallel Hash  (cost=2991.15..2991.15 rows=2353 width=30)
                                                               ->  Hash Join  (cost=1.32..2991.15 rows=2353 width=30)
                                                                     Hash Cond: (supplier.s_nationkey = nation.n_nationkey)
                                                                     ->  Parallel Seq Scan on supplier  (cost=0.00..2809.24 rows=58824 width=34)
                                                                     ->  Hash  (cost=1.31..1.31 rows=1 width=4)
                                                                           ->  Seq Scan on nation  (cost=0.00..1.31 rows=1 width=4)
                                                                                 Filter: (n_name = 'PERU'::bpchar)
                                       ->  Index Scan using idx_lineitem_orderkey on lineitem l3  (cost=0.56..3.64 rows=1 width=8)
                                             Index Cond: (l_orderkey = l1.l_orderkey)
                                             Filter: ((l_receiptdate > l_commitdate) AND (l_suppkey <> l1.l_suppkey))
                     ->  Index Scan using idx_lineitem_orderkey on lineitem l2  (cost=0.56..3.62 rows=4 width=8)
                           Index Cond: (l_orderkey = orders.o_orderkey)
(33 rows)

query 22 run 1
SET
SET
SET
                                                                  QUERY PLAN                                                                  
----------------------------------------------------------------------------------------------------------------------------------------------
 Limit  (cost=93877.26..93879.08 rows=1 width=72)
   InitPlan 1 (returns $1)
     ->  Finalize Aggregate  (cost=46821.26..46821.27 rows=1 width=32)
           ->  Gather  (cost=46820.83..46821.24 rows=4 width=32)
                 Workers Planned: 4
                 ->  Partial Aggregate  (cost=45820.83..45820.84 rows=1 width=32)
                       ->  Parallel Seq Scan on customer customer_1  (cost=0.00..45790.91 rows=11966 width=6)
                             Filter: ((c_acctbal > 0.00) AND ("substring"((c_phone)::text, 1, 2) = ANY ('{21,29,26,34,14,15,17}'::text[])))
   ->  GroupAggregate  (cost=47055.99..59906.34 rows=7082 width=72)
         Group Key: "substring"((customer.c_phone)::text, 1, 2)
         ->  Nested Loop Anti Join  (cost=47055.99..59729.29 rows=7082 width=38)
               ->  Gather Merge  (cost=47055.55..49150.91 rows=17500 width=26)
                     Workers Planned: 4
                     Params Evaluated: $1
                     ->  Sort  (cost=46055.49..46066.43 rows=4375 width=26)
                           Sort Key: ("substring"((customer.c_phone)::text, 1, 2))
                           ->  Parallel Seq Scan on customer  (cost=0.00..45790.91 rows=4375 width=26)
                                 Filter: ((c_acctbal > $1) AND ("substring"((c_phone)::text, 1, 2) = ANY ('{21,29,26,34,14,15,17}'::text[])))
               ->  Index Only Scan using idx_orders_custkey on orders  (cost=0.43..2.16 rows=17 width=4)
                     Index Cond: (o_custkey = customer.c_custkey)
(20 rows)

