query 1 run 1
SET
SET
SET
                                                 QUERY PLAN                                                  
-------------------------------------------------------------------------------------------------------------
 Limit  (cost=1832153.47..1832154.11 rows=1 width=236)
   ->  Finalize GroupAggregate  (cost=1832153.47..1832157.29 rows=6 width=236)
         Group Key: l_returnflag, l_linestatus
         ->  Gather Merge  (cost=1832153.47..1832156.35 rows=24 width=236)
               Workers Planned: 4
               ->  Sort  (cost=1831153.42..1831153.43 rows=6 width=236)
                     Sort Key: l_returnflag, l_linestatus
                     ->  Partial HashAggregate  (cost=1831153.20..1831153.34 rows=6 width=236)
                           Group Key: l_returnflag, l_linestatus
                           ->  Parallel Seq Scan on lineitem  (cost=0.00..1312608.46 rows=14815564 width=25)
                                 Filter: (l_shipdate <= '1998-09-10 00:00:00'::timestamp without time zone)
(11 rows)

query 2 run 1
SET
SET
SET
                                                                  QUERY PLAN                                                                  
----------------------------------------------------------------------------------------------------------------------------------------------
 Limit  (cost=1088651.65..1088651.66 rows=1 width=192)
   ->  Sort  (cost=1088651.65..1088651.66 rows=1 width=192)
         Sort Key: supplier.s_acctbal DESC, nation.n_name, supplier.s_name, part.p_partkey
         ->  Merge Join  (cost=552746.68..1088651.64 rows=1 width=192)
               Merge Cond: (part.p_partkey = partsupp.ps_partkey)
               Join Filter: (partsupp.ps_supplycost = (SubPlan 1))
               ->  Gather Merge  (cost=1000.49..68760.80 rows=8805 width=30)
                     Workers Planned: 4
                     ->  Parallel Index Scan using part_pkey on part  (cost=0.43..66711.98 rows=2201 width=30)
                           Filter: (((p_type)::text ~~ '%NICKEL'::text) AND (p_size = 16))
               ->  Materialize  (cost=551746.19..559567.48 rows=1564257 width=172)
                     ->  Sort  (cost=551746.19..555656.83 rows=1564257 width=172)
                           Sort Key: partsupp.ps_partkey
                           ->  Hash Join  (cost=4048.51..304879.75 rows=1564257 width=172)
                                 Hash Cond: (partsupp.ps_suppkey = supplier.s_suppkey)
                                 ->  Seq Scan on partsupp  (cost=0.00..255197.76 rows=7997576 width=14)
                                 ->  Hash  (cost=3798.51..3798.51 rows=20000 width=166)
                                       ->  Hash Join  (cost=2.51..3798.51 rows=20000 width=166)
                                             Hash Cond: (supplier.s_nationkey = nation.n_nationkey)
                                             ->  Seq Scan on supplier  (cost=0.00..3221.00 rows=100000 width=144)
                                             ->  Hash  (cost=2.45..2.45 rows=5 width=30)
                                                   ->  Hash Join  (cost=1.07..2.45 rows=5 width=30)
                                                         Hash Cond: (nation.n_regionkey = region.r_regionkey)
                                                         ->  Seq Scan on nation  (cost=0.00..1.25 rows=25 width=34)
                                                         ->  Hash  (cost=1.06..1.06 rows=1 width=4)
                                                               ->  Seq Scan on region  (cost=0.00..1.06 rows=1 width=4)
                                                                     Filter: (r_name = 'AMERICA'::bpchar)
               SubPlan 1
                 ->  Aggregate  (cost=66.25..66.26 rows=1 width=32)
                       ->  Nested Loop  (cost=2.29..66.24 rows=4 width=6)
                             Join Filter: (nation_1.n_regionkey = region_1.r_regionkey)
                             ->  Seq Scan on region region_1  (cost=0.00..1.06 rows=1 width=4)
                                   Filter: (r_name = 'AMERICA'::bpchar)
                             ->  Hash Join  (cost=2.29..64.95 rows=18 width=10)
                                   Hash Cond: (supplier_1.s_nationkey = nation_1.n_nationkey)
                                   ->  Nested Loop  (cost=0.72..63.33 rows=18 width=10)
                                         ->  Index Scan using idx_partsupp_partkey on partsupp partsupp_1  (cost=0.43..3.75 rows=18 width=10)
                                               Index Cond: (ps_partkey = part.p_partkey)
                                         ->  Index Scan using supplier_pkey on supplier supplier_1  (cost=0.29..3.31 rows=1 width=8)
                                               Index Cond: (s_suppkey = partsupp_1.ps_suppkey)
                                   ->  Hash  (cost=1.25..1.25 rows=25 width=8)
                                         ->  Seq Scan on nation nation_1  (cost=0.00..1.25 rows=25 width=8)
(42 rows)

query 3 run 1
SET
SET
SET
                                                        QUERY PLAN                                                         
---------------------------------------------------------------------------------------------------------------------------
 Limit  (cost=2293766.78..2293766.80 rows=10 width=44)
   ->  Sort  (cost=2293766.78..2301617.05 rows=3140109 width=44)
         Sort Key: (sum((lineitem.l_extendedprice * ('1'::numeric - lineitem.l_discount)))) DESC, orders.o_orderdate
         ->  GroupAggregate  (cost=1763577.33..2225910.15 rows=3140109 width=44)
               Group Key: lineitem.l_orderkey, orders.o_orderdate, orders.o_shippriority
               ->  Gather Merge  (cost=1763577.33..2139557.15 rows=3140109 width=24)
                     Workers Planned: 4
                     ->  Sort  (cost=1762577.27..1764539.84 rows=785027 width=24)
                           Sort Key: lineitem.l_orderkey, orders.o_orderdate, orders.o_shippriority
                           ->  Nested Loop  (cost=41574.23..1675363.78 rows=785027 width=24)
                                 ->  Parallel Hash Join  (cost=41573.66..354486.26 rows=363617 width=12)
                                       Hash Cond: (orders.o_custkey = customer.c_custkey)
                                       ->  Parallel Seq Scan on orders  (cost=0.00..308146.47 rows=1815660 width=16)
                                             Filter: (o_orderdate < '1995-03-07'::date)
                                       ->  Parallel Hash  (cost=40634.84..40634.84 rows=75106 width=4)
                                             ->  Parallel Seq Scan on customer  (cost=0.00..40634.84 rows=75106 width=4)
                                                   Filter: (c_mktsegment = 'BUILDING'::bpchar)
                                 ->  Index Scan using idx_lineitem_orderkey on lineitem  (cost=0.56..3.61 rows=2 width=16)
                                       Index Cond: (l_orderkey = orders.o_orderkey)
                                       Filter: (l_shipdate > '1995-03-07'::date)
(20 rows)

query 4 run 1
SET
SET
SET
                                                           QUERY PLAN                                                           
--------------------------------------------------------------------------------------------------------------------------------
 Limit  (cost=283531.81..666941.63 rows=1 width=24)
   ->  GroupAggregate  (cost=283531.81..2200580.91 rows=5 width=24)
         Group Key: orders.o_orderpriority
         ->  Nested Loop Semi Join  (cost=283531.81..2197685.89 rows=578994 width=16)
               ->  Gather Merge  (cost=283531.25..352874.85 rows=579144 width=20)
                     Workers Planned: 4
                     ->  Sort  (cost=282531.19..282893.16 rows=144786 width=20)
                           Sort Key: orders.o_orderpriority
                           ->  Parallel Bitmap Heap Scan on orders  (cost=6680.66..270120.45 rows=144786 width=20)
                                 Recheck Cond: ((o_orderdate >= '1993-12-01'::date) AND (o_orderdate < '1994-03-01'::date))
                                 ->  Bitmap Index Scan on idx_orders_orderdate  (cost=0.00..6535.88 rows=579144 width=0)
                                       Index Cond: ((o_orderdate >= '1993-12-01'::date) AND (o_orderdate < '1994-03-01'::date))
               ->  Index Scan using idx_lineitem_orderkey on lineitem  (cost=0.56..3.61 rows=1 width=4)
                     Index Cond: (l_orderkey = orders.o_orderkey)
                     Filter: (l_commitdate < l_receiptdate)
(15 rows)

query 5 run 1
SET
SET
SET
                                                                       QUERY PLAN                                                                       
--------------------------------------------------------------------------------------------------------------------------------------------------------
 Limit  (cost=752593.73..752593.73 rows=1 width=58)
   ->  Sort  (cost=752593.73..752593.79 rows=25 width=58)
         Sort Key: (sum((lineitem.l_extendedprice * ('1'::numeric - lineitem.l_discount)))) DESC
         ->  Finalize GroupAggregate  (cost=752358.66..752593.60 rows=25 width=58)
               Group Key: nation.n_name
               ->  Gather Merge  (cost=752358.66..752592.54 rows=100 width=58)
                     Workers Planned: 4
                     ->  Partial GroupAggregate  (cost=751358.61..751580.57 rows=25 width=58)
                           Group Key: nation.n_name
                           ->  Sort  (cost=751358.61..751402.94 rows=17732 width=38)
                                 Sort Key: nation.n_name
                                 ->  Parallel Hash Join  (cost=72054.35..750107.25 rows=17732 width=38)
                                       Hash Cond: ((lineitem.l_suppkey = supplier.s_suppkey) AND (customer.c_nationkey = supplier.s_nationkey))
                                       ->  Nested Loop  (cost=68362.76..744088.43 rows=443281 width=50)
                                             ->  Parallel Hash Join  (cost=68362.19..340299.39 rows=110849 width=38)
                                                   Hash Cond: (orders.o_custkey = customer.c_custkey)
                                                   ->  Parallel Bitmap Heap Scan on orders  (cost=25568.44..295150.10 rows=554244 width=8)
                                                         Recheck Cond: ((o_orderdate >= '1993-01-01'::date) AND (o_orderdate < '1994-01-01'::date))
                                                         ->  Bitmap Index Scan on idx_orders_orderdate  (cost=0.00..25014.20 rows=2216976 width=0)
                                                               Index Cond: ((o_orderdate >= '1993-01-01'::date) AND (o_orderdate < '1994-01-01'::date))
                                                   ->  Parallel Hash  (cost=41856.18..41856.18 rows=75006 width=38)
                                                         ->  Hash Join  (cost=2.51..41856.18 rows=75006 width=38)
                                                               Hash Cond: (customer.c_nationkey = nation.n_nationkey)
                                                               ->  Parallel Seq Scan on customer  (cost=0.00..39697.27 rows=375027 width=8)
                                                               ->  Hash  (cost=2.45..2.45 rows=5 width=30)
                                                                     ->  Hash Join  (cost=1.07..2.45 rows=5 width=30)
                                                                           Hash Cond: (nation.n_regionkey = region.r_regionkey)
                                                                           ->  Seq Scan on nation  (cost=0.00..1.25 rows=25 width=34)
                                                                           ->  Hash  (cost=1.06..1.06 rows=1 width=4)
                                                                                 ->  Seq Scan on region  (cost=0.00..1.06 rows=1 width=4)
                                                                                       Filter: (r_name = 'AMERICA'::bpchar)
                                             ->  Index Scan using idx_lineitem_orderkey on lineitem  (cost=0.56..3.60 rows=4 width=20)
                                                   Index Cond: (l_orderkey = orders.o_orderkey)
                                       ->  Parallel Hash  (cost=2809.24..2809.24 rows=58824 width=8)
                                             ->  Parallel Seq Scan on supplier  (cost=0.00..2809.24 rows=58824 width=8)
(35 rows)

query 6 run 1
SET
SET
SET
                                                                                                                QUERY PLAN                                                                                                                 
-------------------------------------------------------------------------------------------------------------------------------------------------------------------------------------------------------------------------------------------
 Limit  (cost=1292083.33..1292083.34 rows=1 width=32)
   ->  Finalize Aggregate  (cost=1292083.33..1292083.34 rows=1 width=32)
         ->  Gather  (cost=1292082.89..1292083.30 rows=4 width=32)
               Workers Planned: 4
               ->  Partial Aggregate  (cost=1291082.89..1291082.90 rows=1 width=32)
                     ->  Parallel Bitmap Heap Scan on lineitem  (cost=212404.22..1289574.51 rows=301676 width=12)
                           Recheck Cond: ((l_shipdate >= '1993-01-01'::date) AND (l_shipdate < '1994-01-01 00:00:00'::timestamp without time zone) AND (l_discount >= 0.06) AND (l_discount <= 0.08) AND (l_quantity < '25'::numeric))
                           ->  Bitmap Index Scan on idx_lineitem_shipdate  (cost=0.00..212102.54 rows=1206704 width=0)
                                 Index Cond: ((l_shipdate >= '1993-01-01'::date) AND (l_shipdate < '1994-01-01 00:00:00'::timestamp without time zone) AND (l_discount >= 0.06) AND (l_discount <= 0.08) AND (l_quantity < '25'::numeric))
(9 rows)

query 7 run 1
SET
SET
SET
                                                                                                      QUERY PLAN                                                                                                       
-----------------------------------------------------------------------------------------------------------------------------------------------------------------------------------------------------------------------
 Limit  (cost=1419065.41..1420109.64 rows=1 width=116)
   ->  GroupAggregate  (cost=1419065.41..11907263.44 rows=10044 width=116)
         Group Key: n1.n_name, n2.n_name, EXTRACT(year FROM lineitem.l_shipdate)
         ->  Nested Loop  (cost=1419065.41..11906208.92 rows=60257 width=96)
               Join Filter: (customer.c_nationkey = n2.n_nationkey)
               ->  Nested Loop  (cost=1419064.98..6749871.77 rows=1506435 width=76)
                     ->  Gather Merge  (cost=1419064.55..1599437.00 rows=1506435 width=76)
                           Workers Planned: 4
                           ->  Sort  (cost=1418064.49..1419006.01 rows=376609 width=76)
                                 Sort Key: n1.n_name, n2.n_name, (EXTRACT(year FROM lineitem.l_shipdate))
                                 ->  Parallel Hash Join  (cost=3140.96..1372425.90 rows=376609 width=76)
                                       Hash Cond: (lineitem.l_suppkey = supplier.s_suppkey)
                                       ->  Parallel Seq Scan on lineitem  (cost=0.00..1350101.55 rows=4524810 width=24)
                                             Filter: ((l_shipdate >= '1995-01-01'::date) AND (l_shipdate <= '1996-12-31'::date))
                                       ->  Parallel Hash  (cost=3079.76..3079.76 rows=4896 width=60)
                                             ->  Hash Join  (cost=2.87..3079.76 rows=4896 width=60)
                                                   Hash Cond: (supplier.s_nationkey = n1.n_nationkey)
                                                   ->  Parallel Seq Scan on supplier  (cost=0.00..2809.24 rows=58824 width=8)
                                                   ->  Hash  (cost=2.84..2.84 rows=2 width=60)
                                                         ->  Nested Loop  (cost=0.00..2.84 rows=2 width=60)
                                                               Join Filter: (((n1.n_name = 'PERU'::bpchar) AND (n2.n_name = 'MOROCCO'::bpchar)) OR ((n1.n_name = 'MOROCCO'::bpchar) AND (n2.n_name = 'PERU'::bpchar)))
                                                               ->  Seq Scan on nation n1  (cost=0.00..1.38 rows=2 width=30)
                                                                     Filter: ((n_name = 'PERU'::bpchar) OR (n_name = 'MOROCCO'::bpchar))
                                                               ->  Materialize  (cost=0.00..1.39 rows=2 width=30)
                                                                     ->  Seq Scan on nation n2  (cost=0.00..1.38 rows=2 width=30)
                                                                           Filter: ((n_name = 'MOROCCO'::bpchar) OR (n_name = 'PERU'::bpchar))
                     ->  Index Scan using orders_pkey on orders  (cost=0.43..3.42 rows=1 width=8)
                           Index Cond: (o_orderkey = lineitem.l_orderkey)
               ->  Index Scan using customer_pkey on customer  (cost=0.43..3.41 rows=1 width=8)
                     Index Cond: (c_custkey = orders.o_custkey)
(30 rows)

query 8 run 1
SET
SET
SET
                                                                  QUERY PLAN                                                                   
-----------------------------------------------------------------------------------------------------------------------------------------------
 Limit  (cost=386362.10..392219.90 rows=1 width=64)
   ->  GroupAggregate  (cost=386362.10..14480220.71 rows=2406 width=64)
         Group Key: EXTRACT(year FROM orders.o_orderdate)
         ->  Nested Loop  (cost=386362.10..14479689.01 rows=24179 width=70)
               Join Filter: (supplier.s_nationkey = n2.n_nationkey)
               ->  Nested Loop  (cost=386362.10..14470894.85 rows=24179 width=20)
                     ->  Nested Loop  (cost=386361.81..14391796.24 rows=24179 width=20)
                           ->  Nested Loop  (cost=386361.37..3806828.14 rows=3634707 width=24)
                                 ->  Gather Merge  (cost=386360.80..495189.06 rows=908912 width=8)
                                       Workers Planned: 4
                                       ->  Sort  (cost=385360.75..385928.82 rows=227228 width=8)
                                             Sort Key: (EXTRACT(year FROM orders.o_orderdate))
                                             ->  Parallel Hash Join  (cost=42793.75..365144.52 rows=227228 width=8)
                                                   Hash Cond: (orders.o_custkey = customer.c_custkey)
                                                   ->  Parallel Seq Scan on orders  (cost=0.00..317522.17 rows=1136140 width=12)
                                                         Filter: ((o_orderdate >= '1995-01-01'::date) AND (o_orderdate <= '1996-12-31'::date))
                                                   ->  Parallel Hash  (cost=41856.18..41856.18 rows=75006 width=4)
                                                         ->  Hash Join  (cost=2.51..41856.18 rows=75006 width=4)
                                                               Hash Cond: (customer.c_nationkey = n1.n_nationkey)
                                                               ->  Parallel Seq Scan on customer  (cost=0.00..39697.27 rows=375027 width=8)
                                                               ->  Hash  (cost=2.45..2.45 rows=5 width=4)
                                                                     ->  Hash Join  (cost=1.07..2.45 rows=5 width=4)
                                                                           Hash Cond: (n1.n_regionkey = region.r_regionkey)
                                                                           ->  Seq Scan on nation n1  (cost=0.00..1.25 rows=25 width=8)
                                                                           ->  Hash  (cost=1.06..1.06 rows=1 width=4)
                                                                                 ->  Seq Scan on region  (cost=0.00..1.06 rows=1 width=4)
                                                                                       Filter: (r_name = 'AMERICA'::bpchar)
                                 ->  Index Scan using idx_lineitem_orderkey on lineitem  (cost=0.56..3.60 rows=4 width=24)
                                       Index Cond: (l_orderkey = orders.o_orderkey)
                           ->  Memoize  (cost=0.44..3.42 rows=1 width=4)
                                 Cache Key: lineitem.l_partkey
                                 Cache Mode: logical
                                 ->  Index Scan using part_pkey on part  (cost=0.43..3.41 rows=1 width=4)
                                       Index Cond: (p_partkey = lineitem.l_partkey)
                                       Filter: ((p_type)::text = 'LARGE POLISHED BRASS'::text)
                     ->  Index Scan using supplier_pkey on supplier  (cost=0.29..3.27 rows=1 width=8)
                           Index Cond: (s_suppkey = lineitem.l_suppkey)
               ->  Materialize  (cost=0.00..1.38 rows=25 width=30)
                     ->  Seq Scan on nation n2  (cost=0.00..1.25 rows=25 width=30)
(39 rows)

query 9 run 1
SET
SET
SET
                                                                 QUERY PLAN                                                                  
---------------------------------------------------------------------------------------------------------------------------------------------
 Limit  (cost=47112.44..52432.20 rows=1 width=90)
   ->  GroupAggregate  (cost=47112.44..946152.45 rows=169 width=90)
         Group Key: nation.n_name, (EXTRACT(year FROM orders.o_orderdate))
         ->  Incremental Sort  (cost=47112.44..946146.96 rows=169 width=81)
               Sort Key: nation.n_name, (EXTRACT(year FROM orders.o_orderdate)) DESC
               Presorted Key: nation.n_name
               ->  Nested Loop  (cost=9652.78..946142.02 rows=169 width=81)
                     Join Filter: (supplier.s_suppkey = lineitem.l_suppkey)
                     ->  Gather Merge  (cost=8651.47..20048.53 rows=100000 width=30)
                           Workers Planned: 1
                           ->  Sort  (cost=7651.46..7798.52 rows=58824 width=30)
                                 Sort Key: nation.n_name
                                 ->  Hash Join  (cost=1.56..2991.39 rows=58824 width=30)
                                       Hash Cond: (supplier.s_nationkey = nation.n_nationkey)
                                       ->  Parallel Seq Scan on supplier  (cost=0.00..2809.24 rows=58824 width=8)
                                       ->  Hash  (cost=1.25..1.25 rows=25 width=30)
                                             ->  Seq Scan on nation  (cost=0.00..1.25 rows=25 width=30)
                     ->  Materialize  (cost=1001.31..672593.49 rows=169 width=35)
                           ->  Gather  (cost=1001.31..672592.65 rows=169 width=35)
                                 Workers Planned: 4
                                 ->  Nested Loop  (cost=1.31..671575.75 rows=42 width=35)
                                       ->  Nested Loop  (cost=0.87..671432.00 rows=42 width=35)
                                             ->  Nested Loop  (cost=0.43..185007.99 rows=141372 width=18)
                                                   ->  Parallel Seq Scan on part  (cost=0.00..47230.84 rows=35353 width=4)
                                                         Filter: ((p_name)::text ~~ '%navy%'::text)
                                                   ->  Index Scan using idx_partsupp_partkey on partsupp  (cost=0.43..3.72 rows=18 width=14)
                                                         Index Cond: (ps_partkey = part.p_partkey)
                                             ->  Index Scan using idx_lineitem_part_supp on lineitem  (cost=0.44..3.43 rows=1 width=29)
                                                   Index Cond: ((l_partkey = partsupp.ps_partkey) AND (l_suppkey = partsupp.ps_suppkey))
                                       ->  Index Scan using orders_pkey on orders  (cost=0.43..3.42 rows=1 width=8)
                                             Index Cond: (o_orderkey = lineitem.l_orderkey)
(31 rows)

query 10 run 1
SET
SET
SET
                                                                       QUERY PLAN                                                                       
--------------------------------------------------------------------------------------------------------------------------------------------------------
 Limit  (cost=936799.05..936799.10 rows=20 width=202)
   ->  Sort  (cost=936799.05..938203.38 rows=561729 width=202)
         Sort Key: (sum((lineitem.l_extendedprice * ('1'::numeric - lineitem.l_discount)))) DESC
         ->  GroupAggregate  (cost=840550.00..921851.65 rows=561729 width=202)
               Group Key: customer.c_custkey, nation.n_name
               ->  Gather Merge  (cost=840550.00..907808.42 rows=561729 width=182)
                     Workers Planned: 4
                     ->  Sort  (cost=839549.95..839901.03 rows=140432 width=182)
                           Sort Key: customer.c_custkey, nation.n_name
                           ->  Hash Join  (cost=784251.18..827543.35 rows=140432 width=182)
                                 Hash Cond: (customer.c_nationkey = nation.n_nationkey)
                                 ->  Parallel Hash Join  (cost=784249.61..827110.67 rows=140432 width=160)
                                       Hash Cond: (customer.c_custkey = orders.o_custkey)
                                       ->  Parallel Seq Scan on customer  (cost=0.00..39697.27 rows=375027 width=148)
                                       ->  Parallel Hash  (cost=782494.21..782494.21 rows=140432 width=16)
                                             ->  Nested Loop  (cost=6527.98..782494.21 rows=140432 width=16)
                                                   ->  Parallel Bitmap Heap Scan on orders  (cost=6527.41..269917.72 rows=141487 width=8)
                                                         Recheck Cond: ((o_orderdate >= '1994-08-01'::date) AND (o_orderdate < '1994-11-01'::date))
                                                         ->  Bitmap Index Scan on idx_orders_orderdate  (cost=0.00..6385.93 rows=565949 width=0)
                                                               Index Cond: ((o_orderdate >= '1994-08-01'::date) AND (o_orderdate < '1994-11-01'::date))
                                                   ->  Index Scan using idx_lineitem_orderkey on lineitem  (cost=0.56..3.61 rows=1 width=16)
                                                         Index Cond: (l_orderkey = orders.o_orderkey)
                                                         Filter: (l_returnflag = 'R'::bpchar)
                                 ->  Hash  (cost=1.25..1.25 rows=25 width=30)
                                       ->  Seq Scan on nation  (cost=0.00..1.25 rows=25 width=30)
(25 rows)

query 11 run 1
SET
SET
SET
                                                                  QUERY PLAN                                                                   
-----------------------------------------------------------------------------------------------------------------------------------------------
 Limit  (cost=432345.18..432345.18 rows=1 width=36)
   InitPlan 1
     ->  Finalize Aggregate  (cost=190863.61..190863.62 rows=1 width=32)
           ->  Gather  (cost=190863.39..190863.60 rows=2 width=32)
                 Workers Planned: 2
                 ->  Partial Aggregate  (cost=189863.39..189863.40 rows=1 width=32)
                       ->  Nested Loop  (cost=0.87..188885.72 rows=130355 width=10)
                             ->  Nested Loop  (cost=0.44..4617.72 rows=1667 width=4)
                                   ->  Parallel Index Scan using supplier_pkey on supplier supplier_1  (cost=0.29..3552.46 rows=41667 width=8)
                                   ->  Memoize  (cost=0.15..0.92 rows=1 width=4)
                                         Cache Key: supplier_1.s_nationkey
                                         Cache Mode: logical
                                         ->  Index Scan using nation_pkey on nation nation_1  (cost=0.14..0.91 rows=1 width=4)
                                               Index Cond: (n_nationkey = supplier_1.s_nationkey)
                                               Filter: (n_name = 'SAUDI ARABIA'::bpchar)
                             ->  Index Scan using idx_partsupp_suppkey on partsupp partsupp_1  (cost=0.43..109.76 rows=78 width=14)
                                   Index Cond: (ps_suppkey = supplier_1.s_suppkey)
   ->  Sort  (cost=241481.55..241742.26 rows=104284 width=36)
         Sort Key: (sum((partsupp.ps_supplycost * (partsupp.ps_availqty)::numeric))) DESC
         ->  Finalize GroupAggregate  (cost=200960.76..240960.13 rows=104284 width=36)
               Group Key: partsupp.ps_partkey
               Filter: (sum((partsupp.ps_supplycost * (partsupp.ps_availqty)::numeric)) > (InitPlan 1).col1)
               ->  Gather Merge  (cost=200960.76..234312.04 rows=260710 width=36)
                     Workers Planned: 2
                     ->  Partial GroupAggregate  (cost=199960.74..203219.62 rows=130355 width=36)
                           Group Key: partsupp.ps_partkey
                           ->  Sort  (cost=199960.74..200286.63 rows=130355 width=14)
                                 Sort Key: partsupp.ps_partkey
                                 ->  Nested Loop  (cost=0.87..188885.72 rows=130355 width=14)
                                       ->  Nested Loop  (cost=0.44..4617.72 rows=1667 width=4)
                                             ->  Parallel Index Scan using supplier_pkey on supplier  (cost=0.29..3552.46 rows=41667 width=8)
                                             ->  Memoize  (cost=0.15..0.92 rows=1 width=4)
                                                   Cache Key: supplier.s_nationkey
                                                   Cache Mode: logical
                                                   ->  Index Scan using nation_pkey on nation  (cost=0.14..0.91 rows=1 width=4)
                                                         Index Cond: (n_nationkey = supplier.s_nationkey)
                                                         Filter: (n_name = 'SAUDI ARABIA'::bpchar)
                                       ->  Index Scan using idx_partsupp_suppkey on partsupp  (cost=0.43..109.76 rows=78 width=18)
                                             Index Cond: (ps_suppkey = supplier.s_suppkey)
(39 rows)

query 12 run 1
SET
SET
SET
                                                                                                                    QUERY PLAN                                                                                                                     
---------------------------------------------------------------------------------------------------------------------------------------------------------------------------------------------------------------------------------------------------
 Limit  (cost=1469558.06..1619713.15 rows=1 width=27)
   ->  GroupAggregate  (cost=1469558.06..2520643.71 rows=7 width=27)
         Group Key: lineitem.l_shipmode
         ->  Nested Loop  (cost=1469558.06..2515470.07 rows=295633 width=27)
               ->  Gather Merge  (cost=1469557.62..1504955.13 rows=295633 width=15)
                     Workers Planned: 4
                     ->  Sort  (cost=1468557.57..1468742.34 rows=73908 width=15)
                           Sort Key: lineitem.l_shipmode
                           ->  Parallel Seq Scan on lineitem  (cost=0.00..1462580.83 rows=73908 width=15)
                                 Filter: ((l_shipmode = ANY ('{SHIP,"REG AIR"}'::bpchar[])) AND (l_commitdate < l_receiptdate) AND (l_shipdate < l_commitdate) AND (l_receiptdate >= '1994-01-01'::date) AND (l_receiptdate < '1995-01-01'::date))
               ->  Index Scan using orders_pkey on orders  (cost=0.43..3.42 rows=1 width=20)
                     Index Cond: (o_orderkey = lineitem.l_orderkey)
(12 rows)

query 13 run 1
SET
SET
SET
                                                           QUERY PLAN                                                            
---------------------------------------------------------------------------------------------------------------------------------
 Limit  (cost=1361699.90..1361699.90 rows=1 width=16)
   ->  Sort  (cost=1361699.90..1361700.40 rows=200 width=16)
         Sort Key: (count(*)) DESC, (count(orders.o_orderkey)) DESC
         ->  HashAggregate  (cost=1361696.90..1361698.90 rows=200 width=16)
               Group Key: count(orders.o_orderkey)
               ->  HashAggregate  (cost=1208181.81..1339195.28 rows=1500108 width=12)
                     Group Key: customer.c_custkey
                     Planned Partitions: 4
                     ->  Hash Right Join  (cost=53287.40..662923.57 rows=14849586 width=8)
                           Hash Cond: (orders.o_custkey = customer.c_custkey)
                           ->  Seq Scan on orders  (cost=0.00..448781.90 rows=14849586 width=8)
                                 Filter: ((o_comment)::text !~~ '%special%requests%'::text)
                           ->  Hash  (cost=28676.05..28676.05 rows=1500108 width=4)
                                 ->  Index Only Scan using customer_pkey on customer  (cost=0.43..28676.05 rows=1500108 width=4)
(14 rows)

query 14 run 1
SET
SET
SET
                                                          QUERY PLAN                                                          
------------------------------------------------------------------------------------------------------------------------------
 Limit  (cost=893488.44..893488.45 rows=1 width=32)
   ->  Finalize Aggregate  (cost=893488.44..893488.45 rows=1 width=32)
         ->  Gather  (cost=893487.98..893488.39 rows=4 width=64)
               Workers Planned: 4
               ->  Partial Aggregate  (cost=892487.98..892487.99 rows=1 width=64)
                     ->  Parallel Hash Join  (cost=65716.82..888808.25 rows=210270 width=33)
                           Hash Cond: (lineitem.l_partkey = part.p_partkey)
                           ->  Parallel Bitmap Heap Scan on lineitem  (cost=13486.11..836025.58 rows=210270 width=16)
                                 Recheck Cond: ((l_shipdate >= '1994-05-01'::date) AND (l_shipdate < '1994-06-01'::date))
                                 ->  Bitmap Index Scan on idx_lineitem_shipdate  (cost=0.00..13275.85 rows=841078 width=0)
                                       Index Cond: ((l_shipdate >= '1994-05-01'::date) AND (l_shipdate < '1994-06-01'::date))
                           ->  Parallel Hash  (cost=45980.87..45980.87 rows=499987 width=25)
                                 ->  Parallel Seq Scan on part  (cost=0.00..45980.87 rows=499987 width=25)
(13 rows)

query 15 run 1
SET
SET
SET
CREATE VIEW
                                                             QUERY PLAN                                                             
------------------------------------------------------------------------------------------------------------------------------------
 Limit  (cost=2738670.98..2738778.32 rows=1 width=103)
   InitPlan 1
     ->  Aggregate  (cost=1387913.20..1387913.21 rows=1 width=32)
           ->  Finalize HashAggregate  (cost=1385415.90..1386664.55 rows=99892 width=36)
                 Group Key: lineitem_1.l_suppkey
                 ->  Gather  (cost=1341213.69..1382419.14 rows=399568 width=36)
                       Workers Planned: 4
                       ->  Partial HashAggregate  (cost=1340213.69..1341462.34 rows=99892 width=36)
                             Group Key: lineitem_1.l_suppkey
                             ->  Parallel Bitmap Heap Scan on lineitem lineitem_1  (cost=35996.13..1334601.11 rows=561258 width=16)
                                   Recheck Cond: ((l_shipdate >= '1996-01-01'::date) AND (l_shipdate < '1996-04-01'::date))
                                   ->  Bitmap Index Scan on idx_lineitem_shipdate  (cost=0.00..35434.88 rows=2245031 width=0)
                                         Index Cond: ((l_shipdate >= '1996-01-01'::date) AND (l_shipdate < '1996-04-01'::date))
   ->  Nested Loop  (cost=1350757.77..1404322.42 rows=499 width=103)
         ->  Finalize GroupAggregate  (cost=1350757.47..1403094.74 rows=499 width=36)
               Group Key: lineitem.l_suppkey
               Filter: (sum((lineitem.l_extendedprice * ('1'::numeric - lineitem.l_discount))) = (InitPlan 1).col1)
               ->  Gather Merge  (cost=1350757.47..1398599.60 rows=399568 width=36)
                     Workers Planned: 4
                     ->  Sort  (cost=1349757.42..1350007.15 rows=99892 width=36)
                           Sort Key: lineitem.l_suppkey
                           ->  Partial HashAggregate  (cost=1340213.69..1341462.34 rows=99892 width=36)
                                 Group Key: lineitem.l_suppkey
                                 ->  Parallel Bitmap Heap Scan on lineitem  (cost=35996.13..1334601.11 rows=561258 width=16)
                                       Recheck Cond: ((l_shipdate >= '1996-01-01'::date) AND (l_shipdate < '1996-04-01'::date))
                                       ->  Bitmap Index Scan on idx_lineitem_shipdate  (cost=0.00..35434.88 rows=2245031 width=0)
                                             Index Cond: ((l_shipdate >= '1996-01-01'::date) AND (l_shipdate < '1996-04-01'::date))
         ->  Index Scan using supplier_pkey on supplier  (cost=0.29..2.45 rows=1 width=71)
               Index Cond: (s_suppkey = lineitem.l_suppkey)
(29 rows)

DROP VIEW
query 16 run 1
SET
SET
SET
                                                                                            QUERY PLAN                                                                                            
--------------------------------------------------------------------------------------------------------------------------------------------------------------------------------------------------
 Limit  (cost=251223.33..251223.33 rows=1 width=44)
   ->  Sort  (cost=251223.33..251607.25 rows=153567 width=44)
         Sort Key: (count(DISTINCT partsupp.ps_suppkey)) DESC, part.p_brand, part.p_type, part.p_size
         ->  GroupAggregate  (cost=172100.31..250455.49 rows=153567 width=44)
               Group Key: part.p_brand, part.p_type, part.p_size
               ->  Gather Merge  (cost=172100.31..242998.54 rows=592128 width=40)
                     Workers Planned: 4
                     ->  Sort  (cost=171100.25..171470.33 rows=148032 width=40)
                           Sort Key: part.p_brand, part.p_type, part.p_size, partsupp.ps_suppkey
                           ->  Parallel Hash Join  (cost=57877.59..158387.60 rows=148032 width=40)
                                 Hash Cond: (partsupp.ps_partkey = part.p_partkey)
                                 ->  Parallel Index Only Scan using partsupp_pkey on partsupp  (cost=3471.46..101357.26 rows=999697 width=8)
                                       Filter: (NOT (ANY (ps_suppkey = (hashed SubPlan 1).col1)))
                                       SubPlan 1
                                         ->  Seq Scan on supplier  (cost=0.00..3471.00 rows=10 width=4)
                                               Filter: ((s_comment)::text ~~ '%Customer%Complaints%'::text)
                                 ->  Parallel Hash  (cost=53480.68..53480.68 rows=74036 width=40)
                                       ->  Parallel Seq Scan on part  (cost=0.00..53480.68 rows=74036 width=40)
                                             Filter: ((p_brand <> 'Brand#12'::bpchar) AND ((p_type)::text !~~ 'SMALL BRUSHED%'::text) AND (p_size = ANY ('{12,32,36,26,40,34,49,9}'::integer[])))
(19 rows)

query 17 run 1
SET
SET
SET
                                                            QUERY PLAN                                                             
-----------------------------------------------------------------------------------------------------------------------------------
 Limit  (cost=3419213.13..3419213.14 rows=1 width=32)
   ->  Aggregate  (cost=3419213.13..3419213.14 rows=1 width=32)
         ->  Merge Join  (cost=2283224.51..3419162.32 rows=20324 width=8)
               Merge Cond: (lineitem_1.l_partkey = part.p_partkey)
               Join Filter: (lineitem.l_quantity < ((0.2 * avg(lineitem_1.l_quantity))))
               ->  Finalize GroupAggregate  (cost=2282223.59..3313709.29 rows=1968715 width=36)
                     Group Key: lineitem_1.l_partkey
                     ->  Gather Merge  (cost=2282223.59..3225117.12 rows=7874860 width=36)
                           Workers Planned: 4
                           ->  Sort  (cost=2281223.53..2286145.32 rows=1968715 width=36)
                                 Sort Key: lineitem_1.l_partkey
                                 ->  Partial HashAggregate  (cost=1869732.38..2040798.71 rows=1968715 width=36)
                                       Group Key: lineitem_1.l_partkey
                                       Planned Partitions: 16
                                       ->  Parallel Seq Scan on lineitem lineitem_1  (cost=0.00..1275115.37 rows=14997237 width=9)
               ->  Materialize  (cost=1000.93..99614.22 rows=61940 width=21)
                     ->  Gather Merge  (cost=1000.93..99459.37 rows=61940 width=21)
                           Workers Planned: 4
                           ->  Nested Loop  (cost=0.87..91081.66 rows=15485 width=21)
                                 ->  Parallel Index Scan using part_pkey on part  (cost=0.43..66711.98 rows=516 width=4)
                                       Filter: ((p_brand = 'Brand#22'::bpchar) AND (p_container = 'LG BOX'::bpchar))
                                 ->  Index Scan using idx_lineitem_part_supp on lineitem  (cost=0.44..46.93 rows=30 width=17)
                                       Index Cond: (l_partkey = part.p_partkey)
(23 rows)

query 18 run 1
SET
SET
SET
                                                                          QUERY PLAN                                                                          
--------------------------------------------------------------------------------------------------------------------------------------------------------------
 Limit  (cost=8579484.44..8579484.69 rows=100 width=71)
   ->  Sort  (cost=8579484.44..8629462.32 rows=19991151 width=71)
         Sort Key: orders.o_totalprice DESC, orders.o_orderdate
         ->  GroupAggregate  (cost=830174.86..7815437.02 rows=19991151 width=71)
               Group Key: orders.o_orderkey, customer.c_custkey
               ->  Incremental Sort  (cost=830174.86..7415614.00 rows=19991151 width=44)
                     Sort Key: orders.o_orderkey, customer.c_custkey
                     Presorted Key: orders.o_orderkey
                     ->  Merge Join  (cost=830174.46..6690663.57 rows=19991151 width=44)
                           Merge Cond: (orders.o_orderkey = lineitem.l_orderkey)
                           ->  Gather Merge  (cost=829429.49..4161031.80 rows=4999079 width=43)
                                 Workers Planned: 4
                                 ->  Merge Join  (cost=828429.44..3564593.24 rows=1249770 width=43)
                                       Merge Cond: (orders.o_orderkey = lineitem_1.l_orderkey)
                                       ->  Sort  (cost=828428.87..837804.57 rows=3750278 width=39)
                                             Sort Key: orders.o_orderkey
                                             ->  Parallel Hash Join  (cost=44385.11..353000.40 rows=3750278 width=39)
                                                   Hash Cond: (orders.o_custkey = customer.c_custkey)
                                                   ->  Parallel Seq Scan on orders  (cost=0.00..298770.78 rows=3750278 width=20)
                                                   ->  Parallel Hash  (cost=39697.27..39697.27 rows=375027 width=23)
                                                         ->  Parallel Seq Scan on customer  (cost=0.00..39697.27 rows=375027 width=23)
                                       ->  GroupAggregate  (cost=0.56..2692417.58 rows=4999079 width=4)
                                             Group Key: lineitem_1.l_orderkey
                                             Filter: (sum(lineitem_1.l_quantity) > '313'::numeric)
                                             ->  Index Scan using idx_lineitem_orderkey on lineitem lineitem_1  (cost=0.56..2167514.28 rows=59988948 width=9)
                           ->  Index Scan using idx_lineitem_orderkey on lineitem  (cost=0.56..2167514.28 rows=59988948 width=9)
(26 rows)

query 19 run 1
SET
SET
SET
                                                                                                                                                                                                                                                                                                                                                                                                                                                                                                                  QUERY PLAN                                                                                                                                                                                                                                                                                                                                                                                                                                                                                                                  
----------------------------------------------------------------------------------------------------------------------------------------------------------------------------------------------------------------------------------------------------------------------------------------------------------------------------------------------------------------------------------------------------------------------------------------------------------------------------------------------------------------------------------------------------------------------------------------------------------------------------------------------------------------------------------------------------------------------------------------------------------------------------------------------------------------------------------------------------------------------------------------------------------------------------------------------------------------------------------------------------------------------------------------------
 Limit  (cost=120820.67..120820.68 rows=1 width=32)
   ->  Finalize Aggregate  (cost=120820.67..120820.68 rows=1 width=32)
         ->  Gather  (cost=120820.24..120820.65 rows=4 width=32)
               Workers Planned: 4
               ->  Partial Aggregate  (cost=119820.24..119820.25 rows=1 width=32)
                     ->  Nested Loop  (cost=0.44..119818.15 rows=278 width=12)
                           ->  Parallel Seq Scan on part  (cost=0.00..62230.46 rows=1179 width=30)
                                 Filter: ((p_size >= 1) AND (((p_brand = 'Brand#24'::bpchar) AND (p_container = ANY ('{"SM CASE","SM BOX","SM PACK","SM PKG"}'::bpchar[])) AND (p_size <= 5)) OR ((p_brand = 'Brand#43'::bpchar) AND (p_container = ANY ('{"MED BAG","MED BOX","MED PKG","MED PACK"}'::bpchar[])) AND (p_size <= 10)) OR ((p_brand = 'Brand#44'::bpchar) AND (p_container = ANY ('{"LG CASE","LG BOX","LG PACK","LG PKG"}'::bpchar[])) AND (p_size <= 15))))
                           ->  Index Scan using idx_lineitem_part_supp on lineitem  (cost=0.44..48.83 rows=1 width=21)
                                 Index Cond: (l_partkey = part.p_partkey)
                                 Filter: ((l_shipmode = ANY ('{AIR,"AIR REG"}'::bpchar[])) AND (l_shipinstruct = 'DELIVER IN PERSON'::bpchar) AND (((l_quantity >= '10'::numeric) AND (l_quantity <= '20'::numeric)) OR ((l_quantity >= '10'::numeric) AND (l_quantity <= '20'::numeric)) OR ((l_quantity >= '20'::numeric) AND (l_quantity <= '30'::numeric))) AND (((part.p_brand = 'Brand#24'::bpchar) AND (part.p_container = ANY ('{"SM CASE","SM BOX","SM PACK","SM PKG"}'::bpchar[])) AND (l_quantity >= '10'::numeric) AND (l_quantity <= '20'::numeric) AND (part.p_size <= 5)) OR ((part.p_brand = 'Brand#43'::bpchar) AND (part.p_container = ANY ('{"MED BAG","MED BOX","MED PKG","MED PACK"}'::bpchar[])) AND (l_quantity >= '10'::numeric) AND (l_quantity <= '20'::numeric) AND (part.p_size <= 10)) OR ((part.p_brand = 'Brand#44'::bpchar) AND (part.p_container = ANY ('{"LG CASE","LG BOX","LG PACK","LG PKG"}'::bpchar[])) AND (l_quantity >= '20'::numeric) AND (l_quantity <= '30'::numeric) AND (part.p_size <= 15))))
(11 rows)

query 20 run 1
SET
SET
SET
                                                           QUERY PLAN                                                            
---------------------------------------------------------------------------------------------------------------------------------
 Limit  (cost=2461143.59..2660530.98 rows=1 width=51)
   ->  Nested Loop Semi Join  (cost=2461143.59..2660530.98 rows=1 width=51)
         Join Filter: (supplier.s_suppkey = lineitem.l_suppkey)
         ->  Gather Merge  (cost=4122.93..4578.81 rows=4000 width=55)
               Workers Planned: 1
               ->  Sort  (cost=3122.92..3128.80 rows=2353 width=55)
                     Sort Key: supplier.s_name
                     ->  Hash Join  (cost=1.32..2991.15 rows=2353 width=55)
                           Hash Cond: (supplier.s_nationkey = nation.n_nationkey)
                           ->  Parallel Seq Scan on supplier  (cost=0.00..2809.24 rows=58824 width=59)
                           ->  Hash  (cost=1.31..1.31 rows=1 width=4)
                                 ->  Seq Scan on nation  (cost=0.00..1.31 rows=1 width=4)
                                       Filter: (n_name = 'IRAQ'::bpchar)
         ->  Materialize  (cost=2457020.66..2655772.17 rows=3 width=8)
               ->  Hash Join  (cost=2457020.66..2655772.16 rows=3 width=8)
                     Hash Cond: ((lineitem.l_partkey = partsupp.ps_partkey) AND (lineitem.l_suppkey = partsupp.ps_suppkey))
                     Join Filter: ((partsupp.ps_availqty)::numeric > ((0.5 * sum(lineitem.l_quantity))))
                     ->  HashAggregate  (cost=2380558.71..2542891.76 rows=4855776 width=40)
                           Group Key: lineitem.l_partkey, lineitem.l_suppkey
                           Planned Partitions: 32
                           ->  Bitmap Heap Scan on lineitem  (cost=146936.99..1994292.22 rows=9164432 width=13)
                                 Recheck Cond: ((l_shipdate >= '1996-01-01'::date) AND (l_shipdate < '1997-01-01'::date))
                                 ->  Bitmap Index Scan on idx_lineitem_shipdate  (cost=0.00..144645.89 rows=9164432 width=0)
                                       Index Cond: ((l_shipdate >= '1996-01-01'::date) AND (l_shipdate < '1997-01-01'::date))
                     ->  Hash  (cost=75250.15..75250.15 rows=80786 width=16)
                           ->  Gather  (cost=1000.43..75250.15 rows=80786 width=16)
                                 Workers Planned: 4
                                 ->  Nested Loop  (cost=0.43..66171.55 rows=20196 width=16)
                                       ->  Parallel Seq Scan on part  (cost=0.00..47230.84 rows=5050 width=4)
                                             Filter: ((p_name)::text ~~ 'olive%'::text)
                                       ->  Index Scan using idx_partsupp_partkey on partsupp  (cost=0.43..3.57 rows=18 width=12)
                                             Index Cond: (ps_partkey = part.p_partkey)
(32 rows)

query 21 run 1
SET
SET
SET
                                                                   QUERY PLAN                                                                    
-------------------------------------------------------------------------------------------------------------------------------------------------
 Limit  (cost=1968200.84..1968200.85 rows=1 width=34)
   ->  Sort  (cost=1968200.84..1968200.85 rows=1 width=34)
         Sort Key: (count(*)) DESC, supplier.s_name
         ->  GroupAggregate  (cost=1968197.62..1968200.83 rows=1 width=34)
               Group Key: supplier.s_name
               ->  Nested Loop Semi Join  (cost=1968197.62..1968200.82 rows=1 width=26)
                     Join Filter: (l2.l_suppkey <> l1.l_suppkey)
                     ->  Gather Merge  (cost=1968197.05..1968197.17 rows=1 width=38)
                           Workers Planned: 4
                           ->  Sort  (cost=1967196.99..1967197.00 rows=1 width=38)
                                 Sort Key: supplier.s_name
                                 ->  Nested Loop Anti Join  (cost=1338051.95..1967196.98 rows=1 width=38)
                                       ->  Parallel Hash Join  (cost=1338051.39..1653317.45 rows=97755 width=38)
                                             Hash Cond: (orders.o_orderkey = l1.l_orderkey)
                                             ->  Parallel Seq Scan on orders  (cost=0.00..308146.47 rows=1833386 width=4)
                                                   Filter: (o_orderstatus = 'F'::bpchar)
                                             ->  Parallel Hash  (cost=1335551.85..1335551.85 rows=199963 width=34)
                                                   ->  Parallel Hash Join  (cost=3020.56..1335551.85 rows=199963 width=34)
                                                         Hash Cond: (l1.l_suppkey = supplier.s_suppkey)
                                                         ->  Parallel Seq Scan on lineitem l1  (cost=0.00..1312608.46 rows=4999079 width=8)
                                                               Filter: (l_receiptdate > l_commitdate)
                                                         ->  Parallel Hash  (cost=2991.15..2991.15 rows=2353 width=30)
                                                               ->  Hash Join  (cost=1.32..2991.15 rows=2353 width=30)
                                                                     Hash Cond: (supplier.s_nationkey = nation.n_nationkey)
                                                                     ->  Parallel Seq Scan on supplier  (cost=0.00..2809.24 rows=58824 width=34)
                                                                     ->  Hash  (cost=1.31..1.31 rows=1 width=4)
                                                                           ->  Seq Scan on nation  (cost=0.00..1.31 rows=1 width=4)
                                                                                 Filter: (n_name = 'PERU'::bpchar)
                                       ->  Index Scan using idx_lineitem_orderkey on lineitem l3  (cost=0.56..3.64 rows=1 width=8)
                                             Index Cond: (l_orderkey = l1.l_orderkey)
                                             Filter: ((l_receiptdate > l_commitdate) AND (l_suppkey <> l1.l_suppkey))
                     ->  Index Scan using idx_lineitem_orderkey on lineitem l2  (cost=0.56..3.62 rows=4 width=8)
                           Index Cond: (l_orderkey = orders.o_orderkey)
(33 rows)

query 22 run 1
SET
SET
SET
                                                                        QUERY PLAN                                                                        
----------------------------------------------------------------------------------------------------------------------------------------------------------
 Limit  (cost=93878.31..93879.94 rows=1 width=72)
   InitPlan 1
     ->  Finalize Aggregate  (cost=46821.76..46821.77 rows=1 width=32)
           ->  Gather  (cost=46821.33..46821.74 rows=4 width=32)
                 Workers Planned: 4
                 ->  Partial Aggregate  (cost=45821.33..45821.34 rows=1 width=32)
                       ->  Parallel Seq Scan on customer customer_1  (cost=0.00..45791.46 rows=11948 width=6)
                             Filter: ((c_acctbal > 0.00) AND (SUBSTRING(c_phone FROM 1 FOR 2) = ANY ('{21,29,26,34,14,15,17}'::text[])))
   ->  GroupAggregate  (cost=47056.53..59719.22 rows=7752 width=72)
         Group Key: SUBSTRING(customer.c_phone FROM 1 FOR 2)
         ->  Nested Loop Anti Join  (cost=47056.53..59525.42 rows=7752 width=38)
               ->  Gather Merge  (cost=47056.10..49151.57 rows=17501 width=26)
                     Workers Planned: 4
                     ->  Sort  (cost=46056.04..46066.98 rows=4375 width=26)
                           Sort Key: (SUBSTRING(customer.c_phone FROM 1 FOR 2))
                           ->  Parallel Seq Scan on customer  (cost=0.00..45791.46 rows=4375 width=26)
                                 Filter: ((c_acctbal > (InitPlan 1).col1) AND (SUBSTRING(c_phone FROM 1 FOR 2) = ANY ('{21,29,26,34,14,15,17}'::text[])))
               ->  Index Only Scan using idx_orders_custkey on orders  (cost=0.43..2.17 rows=18 width=4)
                     Index Cond: (o_custkey = customer.c_custkey)
(19 rows)

