query 1 run 1
SET
SET
SET
                                                 QUERY PLAN                                                 
------------------------------------------------------------------------------------------------------------
 Limit  (cost=191582.89..191583.09 rows=1 width=236)
   ->  Finalize GroupAggregate  (cost=191582.89..191584.13 rows=6 width=236)
         Group Key: l_returnflag, l_linestatus
         ->  Sort  (cost=191582.89..191582.95 rows=24 width=236)
               Sort Key: l_returnflag, l_linestatus
               ->  Gather  (cost=191579.77..191582.34 rows=24 width=236)
                     Workers Planned: 4
                     ->  Partial HashAggregate  (cost=190579.77..190579.94 rows=6 width=236)
                           Group Key: l_returnflag, l_linestatus
                           ->  Parallel Seq Scan on lineitem  (cost=0.00..131312.25 rows=1481688 width=25)
                                 Filter: (l_shipdate <= '1998-09-10 00:00:00'::timestamp without time zone)
(11 rows)

query 1 run 2
SET
SET
SET
                                                 QUERY PLAN                                                 
------------------------------------------------------------------------------------------------------------
 Limit  (cost=191582.89..191583.09 rows=1 width=236)
   ->  Finalize GroupAggregate  (cost=191582.89..191584.13 rows=6 width=236)
         Group Key: l_returnflag, l_linestatus
         ->  Sort  (cost=191582.89..191582.95 rows=24 width=236)
               Sort Key: l_returnflag, l_linestatus
               ->  Gather  (cost=191579.77..191582.34 rows=24 width=236)
                     Workers Planned: 4
                     ->  Partial HashAggregate  (cost=190579.77..190579.94 rows=6 width=236)
                           Group Key: l_returnflag, l_linestatus
                           ->  Parallel Seq Scan on lineitem  (cost=0.00..131312.25 rows=1481688 width=25)
                                 Filter: (l_shipdate <= '1998-09-10 00:00:00'::timestamp without time zone)
(11 rows)

query 1 run 3
SET
SET
SET
                                                 QUERY PLAN                                                 
------------------------------------------------------------------------------------------------------------
 Limit  (cost=191582.89..191583.09 rows=1 width=236)
   ->  Finalize GroupAggregate  (cost=191582.89..191584.13 rows=6 width=236)
         Group Key: l_returnflag, l_linestatus
         ->  Sort  (cost=191582.89..191582.95 rows=24 width=236)
               Sort Key: l_returnflag, l_linestatus
               ->  Gather  (cost=191579.77..191582.34 rows=24 width=236)
                     Workers Planned: 4
                     ->  Partial HashAggregate  (cost=190579.77..190579.94 rows=6 width=236)
                           Group Key: l_returnflag, l_linestatus
                           ->  Parallel Seq Scan on lineitem  (cost=0.00..131312.25 rows=1481688 width=25)
                                 Filter: (l_shipdate <= '1998-09-10 00:00:00'::timestamp without time zone)
(11 rows)

query 2 run 1
SET
SET
SET
                                                                 QUERY PLAN                                                                  
---------------------------------------------------------------------------------------------------------------------------------------------
 Limit  (cost=45948.19..45948.20 rows=1 width=192)
   ->  Sort  (cost=45948.19..45948.20 rows=1 width=192)
         Sort Key: supplier.s_acctbal DESC, nation.n_name, supplier.s_name, part.p_partkey
         ->  Merge Join  (cost=26133.88..45948.18 rows=1 width=192)
               Merge Cond: (part.p_partkey = partsupp.ps_partkey)
               Join Filter: (partsupp.ps_supplycost = (SubPlan 1))
               ->  Gather Merge  (cost=1000.44..8268.21 rows=795 width=30)
                     Workers Planned: 2
                     ->  Parallel Index Scan using part_pkey on part  (cost=0.42..7176.42 rows=331 width=30)
                           Filter: (((p_type)::text ~~ '%NICKEL'::text) AND (p_size = 16))
               ->  Sort  (cost=25133.43..25533.43 rows=160000 width=172)
                     Sort Key: partsupp.ps_partkey
                     ->  Nested Loop  (cost=0.71..11303.26 rows=160000 width=172)
                           ->  Nested Loop  (cost=0.29..134.30 rows=2000 width=166)
                                 ->  Nested Loop  (cost=0.00..2.62 rows=5 width=30)
                                       Join Filter: (nation.n_regionkey = region.r_regionkey)
                                       ->  Seq Scan on region  (cost=0.00..1.06 rows=1 width=4)
                                             Filter: (r_name = 'AMERICA'::bpchar)
                                       ->  Seq Scan on nation  (cost=0.00..1.25 rows=25 width=34)
                                 ->  Index Scan using idx_supplier_nation_key on supplier  (cost=0.29..22.34 rows=400 width=144)
                                       Index Cond: (s_nationkey = nation.n_nationkey)
                           ->  Index Scan using idx_partsupp_suppkey on partsupp  (cost=0.42..4.78 rows=80 width=14)
                                 Index Cond: (ps_suppkey = supplier.s_suppkey)
               SubPlan 1
                 ->  Aggregate  (cost=18.44..18.45 rows=1 width=32)
                       ->  Nested Loop  (cost=0.85..18.44 rows=1 width=6)
                             Join Filter: (nation_1.n_regionkey = region_1.r_regionkey)
                             ->  Seq Scan on region region_1  (cost=0.00..1.06 rows=1 width=4)
                                   Filter: (r_name = 'AMERICA'::bpchar)
                             ->  Nested Loop  (cost=0.85..17.33 rows=4 width=10)
                                   ->  Nested Loop  (cost=0.71..16.71 rows=4 width=10)
                                         ->  Index Scan using idx_partsupp_partkey on partsupp partsupp_1  (cost=0.42..3.50 rows=4 width=10)
                                               Index Cond: (part.p_partkey = ps_partkey)
                                         ->  Index Scan using supplier_pkey on supplier supplier_1  (cost=0.29..3.30 rows=1 width=8)
                                               Index Cond: (s_suppkey = partsupp_1.ps_suppkey)
                                   ->  Index Scan using nation_pkey on nation nation_1  (cost=0.14..0.16 rows=1 width=8)
                                         Index Cond: (n_nationkey = supplier_1.s_nationkey)
(37 rows)

query 2 run 2
SET
SET
SET
                                                                 QUERY PLAN                                                                  
---------------------------------------------------------------------------------------------------------------------------------------------
 Limit  (cost=45948.19..45948.20 rows=1 width=192)
   ->  Sort  (cost=45948.19..45948.20 rows=1 width=192)
         Sort Key: supplier.s_acctbal DESC, nation.n_name, supplier.s_name, part.p_partkey
         ->  Merge Join  (cost=26133.88..45948.18 rows=1 width=192)
               Merge Cond: (part.p_partkey = partsupp.ps_partkey)
               Join Filter: (partsupp.ps_supplycost = (SubPlan 1))
               ->  Gather Merge  (cost=1000.44..8268.21 rows=795 width=30)
                     Workers Planned: 2
                     ->  Parallel Index Scan using part_pkey on part  (cost=0.42..7176.42 rows=331 width=30)
                           Filter: (((p_type)::text ~~ '%NICKEL'::text) AND (p_size = 16))
               ->  Sort  (cost=25133.43..25533.43 rows=160000 width=172)
                     Sort Key: partsupp.ps_partkey
                     ->  Nested Loop  (cost=0.71..11303.26 rows=160000 width=172)
                           ->  Nested Loop  (cost=0.29..134.30 rows=2000 width=166)
                                 ->  Nested Loop  (cost=0.00..2.62 rows=5 width=30)
                                       Join Filter: (nation.n_regionkey = region.r_regionkey)
                                       ->  Seq Scan on region  (cost=0.00..1.06 rows=1 width=4)
                                             Filter: (r_name = 'AMERICA'::bpchar)
                                       ->  Seq Scan on nation  (cost=0.00..1.25 rows=25 width=34)
                                 ->  Index Scan using idx_supplier_nation_key on supplier  (cost=0.29..22.34 rows=400 width=144)
                                       Index Cond: (s_nationkey = nation.n_nationkey)
                           ->  Index Scan using idx_partsupp_suppkey on partsupp  (cost=0.42..4.78 rows=80 width=14)
                                 Index Cond: (ps_suppkey = supplier.s_suppkey)
               SubPlan 1
                 ->  Aggregate  (cost=18.44..18.45 rows=1 width=32)
                       ->  Nested Loop  (cost=0.85..18.44 rows=1 width=6)
                             Join Filter: (nation_1.n_regionkey = region_1.r_regionkey)
                             ->  Seq Scan on region region_1  (cost=0.00..1.06 rows=1 width=4)
                                   Filter: (r_name = 'AMERICA'::bpchar)
                             ->  Nested Loop  (cost=0.85..17.33 rows=4 width=10)
                                   ->  Nested Loop  (cost=0.71..16.71 rows=4 width=10)
                                         ->  Index Scan using idx_partsupp_partkey on partsupp partsupp_1  (cost=0.42..3.50 rows=4 width=10)
                                               Index Cond: (part.p_partkey = ps_partkey)
                                         ->  Index Scan using supplier_pkey on supplier supplier_1  (cost=0.29..3.30 rows=1 width=8)
                                               Index Cond: (s_suppkey = partsupp_1.ps_suppkey)
                                   ->  Index Scan using nation_pkey on nation nation_1  (cost=0.14..0.16 rows=1 width=8)
                                         Index Cond: (n_nationkey = supplier_1.s_nationkey)
(37 rows)

query 2 run 3
SET
SET
SET
                                                                 QUERY PLAN                                                                  
---------------------------------------------------------------------------------------------------------------------------------------------
 Limit  (cost=45948.19..45948.20 rows=1 width=192)
   ->  Sort  (cost=45948.19..45948.20 rows=1 width=192)
         Sort Key: supplier.s_acctbal DESC, nation.n_name, supplier.s_name, part.p_partkey
         ->  Merge Join  (cost=26133.88..45948.18 rows=1 width=192)
               Merge Cond: (part.p_partkey = partsupp.ps_partkey)
               Join Filter: (partsupp.ps_supplycost = (SubPlan 1))
               ->  Gather Merge  (cost=1000.44..8268.21 rows=795 width=30)
                     Workers Planned: 2
                     ->  Parallel Index Scan using part_pkey on part  (cost=0.42..7176.42 rows=331 width=30)
                           Filter: (((p_type)::text ~~ '%NICKEL'::text) AND (p_size = 16))
               ->  Sort  (cost=25133.43..25533.43 rows=160000 width=172)
                     Sort Key: partsupp.ps_partkey
                     ->  Nested Loop  (cost=0.71..11303.26 rows=160000 width=172)
                           ->  Nested Loop  (cost=0.29..134.30 rows=2000 width=166)
                                 ->  Nested Loop  (cost=0.00..2.62 rows=5 width=30)
                                       Join Filter: (nation.n_regionkey = region.r_regionkey)
                                       ->  Seq Scan on region  (cost=0.00..1.06 rows=1 width=4)
                                             Filter: (r_name = 'AMERICA'::bpchar)
                                       ->  Seq Scan on nation  (cost=0.00..1.25 rows=25 width=34)
                                 ->  Index Scan using idx_supplier_nation_key on supplier  (cost=0.29..22.34 rows=400 width=144)
                                       Index Cond: (s_nationkey = nation.n_nationkey)
                           ->  Index Scan using idx_partsupp_suppkey on partsupp  (cost=0.42..4.78 rows=80 width=14)
                                 Index Cond: (ps_suppkey = supplier.s_suppkey)
               SubPlan 1
                 ->  Aggregate  (cost=18.44..18.45 rows=1 width=32)
                       ->  Nested Loop  (cost=0.85..18.44 rows=1 width=6)
                             Join Filter: (nation_1.n_regionkey = region_1.r_regionkey)
                             ->  Seq Scan on region region_1  (cost=0.00..1.06 rows=1 width=4)
                                   Filter: (r_name = 'AMERICA'::bpchar)
                             ->  Nested Loop  (cost=0.85..17.33 rows=4 width=10)
                                   ->  Nested Loop  (cost=0.71..16.71 rows=4 width=10)
                                         ->  Index Scan using idx_partsupp_partkey on partsupp partsupp_1  (cost=0.42..3.50 rows=4 width=10)
                                               Index Cond: (part.p_partkey = ps_partkey)
                                         ->  Index Scan using supplier_pkey on supplier supplier_1  (cost=0.29..3.30 rows=1 width=8)
                                               Index Cond: (s_suppkey = partsupp_1.ps_suppkey)
                                   ->  Index Scan using nation_pkey on nation nation_1  (cost=0.14..0.16 rows=1 width=8)
                                         Index Cond: (n_nationkey = supplier_1.s_nationkey)
(37 rows)

query 3 run 1
SET
SET
SET
                                                            QUERY PLAN                                                            
----------------------------------------------------------------------------------------------------------------------------------
 Limit  (cost=144559.77..144559.79 rows=10 width=44)
   ->  Sort  (cost=144559.77..145359.10 rows=319735 width=44)
         Sort Key: (sum((lineitem.l_extendedprice * ('1'::numeric - lineitem.l_discount)))) DESC, orders.o_orderdate
         ->  Finalize GroupAggregate  (cost=95571.97..137650.41 rows=319735 width=44)
               Group Key: lineitem.l_orderkey, orders.o_orderdate, orders.o_shippriority
               ->  Gather Merge  (cost=95571.97..130323.14 rows=266446 width=44)
                     Workers Planned: 2
                     ->  Partial GroupAggregate  (cost=94571.95..98568.64 rows=133223 width=44)
                           Group Key: lineitem.l_orderkey, orders.o_orderdate, orders.o_shippriority
                           ->  Sort  (cost=94571.95..94905.01 rows=133223 width=24)
                                 Sort Key: lineitem.l_orderkey, orders.o_orderdate, orders.o_shippriority
                                 ->  Nested Loop  (cost=0.86..83232.35 rows=133223 width=24)
                                       ->  Nested Loop  (cost=0.43..34085.09 rows=61414 width=12)
                                             ->  Parallel Seq Scan on customer  (cost=0.00..4378.25 rows=12746 width=4)
                                                   Filter: (c_mktsegment = 'BUILDING'::bpchar)
                                             ->  Index Scan using idx_orders_custkey on orders  (cost=0.43..2.25 rows=8 width=16)
                                                   Index Cond: (o_custkey = customer.c_custkey)
                                                   Filter: (o_orderdate < '1995-03-07'::date)
                                       ->  Index Scan using idx_lineitem_orderkey on lineitem  (cost=0.43..0.78 rows=2 width=16)
                                             Index Cond: (l_orderkey = orders.o_orderkey)
                                             Filter: (l_shipdate > '1995-03-07'::date)
(21 rows)

query 3 run 2
SET
SET
SET
                                                            QUERY PLAN                                                            
----------------------------------------------------------------------------------------------------------------------------------
 Limit  (cost=144559.77..144559.79 rows=10 width=44)
   ->  Sort  (cost=144559.77..145359.10 rows=319735 width=44)
         Sort Key: (sum((lineitem.l_extendedprice * ('1'::numeric - lineitem.l_discount)))) DESC, orders.o_orderdate
         ->  Finalize GroupAggregate  (cost=95571.97..137650.41 rows=319735 width=44)
               Group Key: lineitem.l_orderkey, orders.o_orderdate, orders.o_shippriority
               ->  Gather Merge  (cost=95571.97..130323.14 rows=266446 width=44)
                     Workers Planned: 2
                     ->  Partial GroupAggregate  (cost=94571.95..98568.64 rows=133223 width=44)
                           Group Key: lineitem.l_orderkey, orders.o_orderdate, orders.o_shippriority
                           ->  Sort  (cost=94571.95..94905.01 rows=133223 width=24)
                                 Sort Key: lineitem.l_orderkey, orders.o_orderdate, orders.o_shippriority
                                 ->  Nested Loop  (cost=0.86..83232.35 rows=133223 width=24)
                                       ->  Nested Loop  (cost=0.43..34085.09 rows=61414 width=12)
                                             ->  Parallel Seq Scan on customer  (cost=0.00..4378.25 rows=12746 width=4)
                                                   Filter: (c_mktsegment = 'BUILDING'::bpchar)
                                             ->  Index Scan using idx_orders_custkey on orders  (cost=0.43..2.25 rows=8 width=16)
                                                   Index Cond: (o_custkey = customer.c_custkey)
                                                   Filter: (o_orderdate < '1995-03-07'::date)
                                       ->  Index Scan using idx_lineitem_orderkey on lineitem  (cost=0.43..0.78 rows=2 width=16)
                                             Index Cond: (l_orderkey = orders.o_orderkey)
                                             Filter: (l_shipdate > '1995-03-07'::date)
(21 rows)

query 3 run 3
SET
SET
SET
                                                            QUERY PLAN                                                            
----------------------------------------------------------------------------------------------------------------------------------
 Limit  (cost=144559.77..144559.79 rows=10 width=44)
   ->  Sort  (cost=144559.77..145359.10 rows=319735 width=44)
         Sort Key: (sum((lineitem.l_extendedprice * ('1'::numeric - lineitem.l_discount)))) DESC, orders.o_orderdate
         ->  Finalize GroupAggregate  (cost=95571.97..137650.41 rows=319735 width=44)
               Group Key: lineitem.l_orderkey, orders.o_orderdate, orders.o_shippriority
               ->  Gather Merge  (cost=95571.97..130323.14 rows=266446 width=44)
                     Workers Planned: 2
                     ->  Partial GroupAggregate  (cost=94571.95..98568.64 rows=133223 width=44)
                           Group Key: lineitem.l_orderkey, orders.o_orderdate, orders.o_shippriority
                           ->  Sort  (cost=94571.95..94905.01 rows=133223 width=24)
                                 Sort Key: lineitem.l_orderkey, orders.o_orderdate, orders.o_shippriority
                                 ->  Nested Loop  (cost=0.86..83232.35 rows=133223 width=24)
                                       ->  Nested Loop  (cost=0.43..34085.09 rows=61414 width=12)
                                             ->  Parallel Seq Scan on customer  (cost=0.00..4378.25 rows=12746 width=4)
                                                   Filter: (c_mktsegment = 'BUILDING'::bpchar)
                                             ->  Index Scan using idx_orders_custkey on orders  (cost=0.43..2.25 rows=8 width=16)
                                                   Index Cond: (o_custkey = customer.c_custkey)
                                                   Filter: (o_orderdate < '1995-03-07'::date)
                                       ->  Index Scan using idx_lineitem_orderkey on lineitem  (cost=0.43..0.78 rows=2 width=16)
                                             Index Cond: (l_orderkey = orders.o_orderkey)
                                             Filter: (l_shipdate > '1995-03-07'::date)
(21 rows)

query 4 run 1
SET
SET
SET
                                                              QUERY PLAN                                                              
--------------------------------------------------------------------------------------------------------------------------------------
 Limit  (cost=63194.87..63194.90 rows=1 width=24)
   ->  Finalize GroupAggregate  (cost=63194.87..63195.03 rows=5 width=24)
         Group Key: orders.o_orderpriority
         ->  Sort  (cost=63194.87..63194.91 rows=15 width=24)
               Sort Key: orders.o_orderpriority
               ->  Gather  (cost=63193.03..63194.58 rows=15 width=24)
                     Workers Planned: 3
                     ->  Partial HashAggregate  (cost=62193.03..62193.08 rows=5 width=24)
                           Group Key: orders.o_orderpriority
                           ->  Nested Loop Semi Join  (cost=814.85..62101.76 rows=18253 width=16)
                                 ->  Parallel Bitmap Heap Scan on orders  (cost=814.41..27219.21 rows=18253 width=20)
                                       Recheck Cond: ((o_orderdate >= '1993-12-01'::date) AND (o_orderdate < '1994-03-01'::date))
                                       ->  Bitmap Index Scan on idx_orders_orderdate  (cost=0.00..800.27 rows=56584 width=0)
                                             Index Cond: ((o_orderdate >= '1993-12-01'::date) AND (o_orderdate < '1994-03-01'::date))
                                 ->  Index Scan using idx_lineitem_orderkey on lineitem  (cost=0.43..2.15 rows=1 width=4)
                                       Index Cond: (l_orderkey = orders.o_orderkey)
                                       Filter: (l_commitdate < l_receiptdate)
(17 rows)

query 4 run 2
SET
SET
SET
                                                              QUERY PLAN                                                              
--------------------------------------------------------------------------------------------------------------------------------------
 Limit  (cost=63194.87..63194.90 rows=1 width=24)
   ->  Finalize GroupAggregate  (cost=63194.87..63195.03 rows=5 width=24)
         Group Key: orders.o_orderpriority
         ->  Sort  (cost=63194.87..63194.91 rows=15 width=24)
               Sort Key: orders.o_orderpriority
               ->  Gather  (cost=63193.03..63194.58 rows=15 width=24)
                     Workers Planned: 3
                     ->  Partial HashAggregate  (cost=62193.03..62193.08 rows=5 width=24)
                           Group Key: orders.o_orderpriority
                           ->  Nested Loop Semi Join  (cost=814.85..62101.76 rows=18253 width=16)
                                 ->  Parallel Bitmap Heap Scan on orders  (cost=814.41..27219.21 rows=18253 width=20)
                                       Recheck Cond: ((o_orderdate >= '1993-12-01'::date) AND (o_orderdate < '1994-03-01'::date))
                                       ->  Bitmap Index Scan on idx_orders_orderdate  (cost=0.00..800.27 rows=56584 width=0)
                                             Index Cond: ((o_orderdate >= '1993-12-01'::date) AND (o_orderdate < '1994-03-01'::date))
                                 ->  Index Scan using idx_lineitem_orderkey on lineitem  (cost=0.43..2.15 rows=1 width=4)
                                       Index Cond: (l_orderkey = orders.o_orderkey)
                                       Filter: (l_commitdate < l_receiptdate)
(17 rows)

query 4 run 3
SET
SET
SET
                                                              QUERY PLAN                                                              
--------------------------------------------------------------------------------------------------------------------------------------
 Limit  (cost=63194.87..63194.90 rows=1 width=24)
   ->  Finalize GroupAggregate  (cost=63194.87..63195.03 rows=5 width=24)
         Group Key: orders.o_orderpriority
         ->  Sort  (cost=63194.87..63194.91 rows=15 width=24)
               Sort Key: orders.o_orderpriority
               ->  Gather  (cost=63193.03..63194.58 rows=15 width=24)
                     Workers Planned: 3
                     ->  Partial HashAggregate  (cost=62193.03..62193.08 rows=5 width=24)
                           Group Key: orders.o_orderpriority
                           ->  Nested Loop Semi Join  (cost=814.85..62101.76 rows=18253 width=16)
                                 ->  Parallel Bitmap Heap Scan on orders  (cost=814.41..27219.21 rows=18253 width=20)
                                       Recheck Cond: ((o_orderdate >= '1993-12-01'::date) AND (o_orderdate < '1994-03-01'::date))
                                       ->  Bitmap Index Scan on idx_orders_orderdate  (cost=0.00..800.27 rows=56584 width=0)
                                             Index Cond: ((o_orderdate >= '1993-12-01'::date) AND (o_orderdate < '1994-03-01'::date))
                                 ->  Index Scan using idx_lineitem_orderkey on lineitem  (cost=0.43..2.15 rows=1 width=4)
                                       Index Cond: (l_orderkey = orders.o_orderkey)
                                       Filter: (l_commitdate < l_receiptdate)
(17 rows)

query 5 run 1
SET
SET
SET
                                                                   QUERY PLAN                                                                   
------------------------------------------------------------------------------------------------------------------------------------------------
 Limit  (cost=47098.19..47098.19 rows=1 width=58)
   ->  Sort  (cost=47098.19..47098.25 rows=25 width=58)
         Sort Key: (sum((lineitem.l_extendedprice * ('1'::numeric - lineitem.l_discount)))) DESC
         ->  Finalize GroupAggregate  (cost=47054.20..47098.06 rows=25 width=58)
               Group Key: nation.n_name
               ->  Gather Merge  (cost=47054.20..47097.38 rows=50 width=58)
                     Workers Planned: 2
                     ->  Partial GroupAggregate  (cost=46054.18..46091.58 rows=25 width=58)
                           Group Key: nation.n_name
                           ->  Sort  (cost=46054.18..46061.60 rows=2967 width=38)
                                 Sort Key: nation.n_name
                                 ->  Hash Join  (cost=476.37..45883.06 rows=2967 width=38)
                                       Hash Cond: ((lineitem.l_suppkey = supplier.s_suppkey) AND (customer.c_nationkey = supplier.s_nationkey))
                                       ->  Nested Loop  (cost=3.37..45019.53 rows=74388 width=50)
                                             ->  Nested Loop  (cost=2.94..18864.76 rows=18597 width=38)
                                                   ->  Hash Join  (cost=2.51..4583.88 rows=12500 width=38)
                                                         Hash Cond: (customer.c_nationkey = nation.n_nationkey)
                                                         ->  Parallel Seq Scan on customer  (cost=0.00..4222.00 rows=62500 width=8)
                                                         ->  Hash  (cost=2.45..2.45 rows=5 width=30)
                                                               ->  Hash Join  (cost=1.07..2.45 rows=5 width=30)
                                                                     Hash Cond: (nation.n_regionkey = region.r_regionkey)
                                                                     ->  Seq Scan on nation  (cost=0.00..1.25 rows=25 width=34)
                                                                     ->  Hash  (cost=1.06..1.06 rows=1 width=4)
                                                                           ->  Seq Scan on region  (cost=0.00..1.06 rows=1 width=4)
                                                                                 Filter: (r_name = 'AMERICA'::bpchar)
                                                   ->  Index Scan using idx_orders_custkey on orders  (cost=0.43..1.11 rows=3 width=8)
                                                         Index Cond: (o_custkey = customer.c_custkey)
                                                         Filter: ((o_orderdate >= '1993-01-01'::date) AND (o_orderdate < '1994-01-01'::date))
                                             ->  Index Scan using idx_lineitem_orderkey on lineitem  (cost=0.43..1.37 rows=4 width=20)
                                                   Index Cond: (l_orderkey = orders.o_orderkey)
                                       ->  Hash  (cost=323.00..323.00 rows=10000 width=8)
                                             ->  Seq Scan on supplier  (cost=0.00..323.00 rows=10000 width=8)
(32 rows)

query 5 run 2
SET
SET
SET
                                                                   QUERY PLAN                                                                   
------------------------------------------------------------------------------------------------------------------------------------------------
 Limit  (cost=47098.19..47098.19 rows=1 width=58)
   ->  Sort  (cost=47098.19..47098.25 rows=25 width=58)
         Sort Key: (sum((lineitem.l_extendedprice * ('1'::numeric - lineitem.l_discount)))) DESC
         ->  Finalize GroupAggregate  (cost=47054.20..47098.06 rows=25 width=58)
               Group Key: nation.n_name
               ->  Gather Merge  (cost=47054.20..47097.38 rows=50 width=58)
                     Workers Planned: 2
                     ->  Partial GroupAggregate  (cost=46054.18..46091.58 rows=25 width=58)
                           Group Key: nation.n_name
                           ->  Sort  (cost=46054.18..46061.60 rows=2967 width=38)
                                 Sort Key: nation.n_name
                                 ->  Hash Join  (cost=476.37..45883.06 rows=2967 width=38)
                                       Hash Cond: ((lineitem.l_suppkey = supplier.s_suppkey) AND (customer.c_nationkey = supplier.s_nationkey))
                                       ->  Nested Loop  (cost=3.37..45019.53 rows=74388 width=50)
                                             ->  Nested Loop  (cost=2.94..18864.76 rows=18597 width=38)
                                                   ->  Hash Join  (cost=2.51..4583.88 rows=12500 width=38)
                                                         Hash Cond: (customer.c_nationkey = nation.n_nationkey)
                                                         ->  Parallel Seq Scan on customer  (cost=0.00..4222.00 rows=62500 width=8)
                                                         ->  Hash  (cost=2.45..2.45 rows=5 width=30)
                                                               ->  Hash Join  (cost=1.07..2.45 rows=5 width=30)
                                                                     Hash Cond: (nation.n_regionkey = region.r_regionkey)
                                                                     ->  Seq Scan on nation  (cost=0.00..1.25 rows=25 width=34)
                                                                     ->  Hash  (cost=1.06..1.06 rows=1 width=4)
                                                                           ->  Seq Scan on region  (cost=0.00..1.06 rows=1 width=4)
                                                                                 Filter: (r_name = 'AMERICA'::bpchar)
                                                   ->  Index Scan using idx_orders_custkey on orders  (cost=0.43..1.11 rows=3 width=8)
                                                         Index Cond: (o_custkey = customer.c_custkey)
                                                         Filter: ((o_orderdate >= '1993-01-01'::date) AND (o_orderdate < '1994-01-01'::date))
                                             ->  Index Scan using idx_lineitem_orderkey on lineitem  (cost=0.43..1.37 rows=4 width=20)
                                                   Index Cond: (l_orderkey = orders.o_orderkey)
                                       ->  Hash  (cost=323.00..323.00 rows=10000 width=8)
                                             ->  Seq Scan on supplier  (cost=0.00..323.00 rows=10000 width=8)
(32 rows)

query 5 run 3
SET
SET
SET
                                                                   QUERY PLAN                                                                   
------------------------------------------------------------------------------------------------------------------------------------------------
 Limit  (cost=47098.19..47098.19 rows=1 width=58)
   ->  Sort  (cost=47098.19..47098.25 rows=25 width=58)
         Sort Key: (sum((lineitem.l_extendedprice * ('1'::numeric - lineitem.l_discount)))) DESC
         ->  Finalize GroupAggregate  (cost=47054.20..47098.06 rows=25 width=58)
               Group Key: nation.n_name
               ->  Gather Merge  (cost=47054.20..47097.38 rows=50 width=58)
                     Workers Planned: 2
                     ->  Partial GroupAggregate  (cost=46054.18..46091.58 rows=25 width=58)
                           Group Key: nation.n_name
                           ->  Sort  (cost=46054.18..46061.60 rows=2967 width=38)
                                 Sort Key: nation.n_name
                                 ->  Hash Join  (cost=476.37..45883.06 rows=2967 width=38)
                                       Hash Cond: ((lineitem.l_suppkey = supplier.s_suppkey) AND (customer.c_nationkey = supplier.s_nationkey))
                                       ->  Nested Loop  (cost=3.37..45019.53 rows=74388 width=50)
                                             ->  Nested Loop  (cost=2.94..18864.76 rows=18597 width=38)
                                                   ->  Hash Join  (cost=2.51..4583.88 rows=12500 width=38)
                                                         Hash Cond: (customer.c_nationkey = nation.n_nationkey)
                                                         ->  Parallel Seq Scan on customer  (cost=0.00..4222.00 rows=62500 width=8)
                                                         ->  Hash  (cost=2.45..2.45 rows=5 width=30)
                                                               ->  Hash Join  (cost=1.07..2.45 rows=5 width=30)
                                                                     Hash Cond: (nation.n_regionkey = region.r_regionkey)
                                                                     ->  Seq Scan on nation  (cost=0.00..1.25 rows=25 width=34)
                                                                     ->  Hash  (cost=1.06..1.06 rows=1 width=4)
                                                                           ->  Seq Scan on region  (cost=0.00..1.06 rows=1 width=4)
                                                                                 Filter: (r_name = 'AMERICA'::bpchar)
                                                   ->  Index Scan using idx_orders_custkey on orders  (cost=0.43..1.11 rows=3 width=8)
                                                         Index Cond: (o_custkey = customer.c_custkey)
                                                         Filter: ((o_orderdate >= '1993-01-01'::date) AND (o_orderdate < '1994-01-01'::date))
                                             ->  Index Scan using idx_lineitem_orderkey on lineitem  (cost=0.43..1.37 rows=4 width=20)
                                                   Index Cond: (l_orderkey = orders.o_orderkey)
                                       ->  Hash  (cost=323.00..323.00 rows=10000 width=8)
                                             ->  Seq Scan on supplier  (cost=0.00..323.00 rows=10000 width=8)
(32 rows)

query 6 run 1
SET
SET
SET
                                                                                                                QUERY PLAN                                                                                                                 
-------------------------------------------------------------------------------------------------------------------------------------------------------------------------------------------------------------------------------------------
 Limit  (cost=108045.87..108045.88 rows=1 width=32)
   ->  Finalize Aggregate  (cost=108045.87..108045.88 rows=1 width=32)
         ->  Gather  (cost=108045.44..108045.85 rows=4 width=32)
               Workers Planned: 4
               ->  Partial Aggregate  (cost=107045.44..107045.45 rows=1 width=32)
                     ->  Parallel Bitmap Heap Scan on lineitem  (cost=21359.64..106895.16 rows=30056 width=12)
                           Recheck Cond: ((l_shipdate >= '1993-01-01'::date) AND (l_shipdate < '1994-01-01 00:00:00'::timestamp without time zone) AND (l_discount >= 0.06) AND (l_discount <= 0.08) AND (l_quantity < '25'::numeric))
                           ->  Bitmap Index Scan on idx_lineitem_shipdate  (cost=0.00..21329.59 rows=120223 width=0)
                                 Index Cond: ((l_shipdate >= '1993-01-01'::date) AND (l_shipdate < '1994-01-01 00:00:00'::timestamp without time zone) AND (l_discount >= 0.06) AND (l_discount <= 0.08) AND (l_quantity < '25'::numeric))
(9 rows)

query 6 run 2
SET
SET
SET
                                                                                                                QUERY PLAN                                                                                                                 
-------------------------------------------------------------------------------------------------------------------------------------------------------------------------------------------------------------------------------------------
 Limit  (cost=108045.87..108045.88 rows=1 width=32)
   ->  Finalize Aggregate  (cost=108045.87..108045.88 rows=1 width=32)
         ->  Gather  (cost=108045.44..108045.85 rows=4 width=32)
               Workers Planned: 4
               ->  Partial Aggregate  (cost=107045.44..107045.45 rows=1 width=32)
                     ->  Parallel Bitmap Heap Scan on lineitem  (cost=21359.64..106895.16 rows=30056 width=12)
                           Recheck Cond: ((l_shipdate >= '1993-01-01'::date) AND (l_shipdate < '1994-01-01 00:00:00'::timestamp without time zone) AND (l_discount >= 0.06) AND (l_discount <= 0.08) AND (l_quantity < '25'::numeric))
                           ->  Bitmap Index Scan on idx_lineitem_shipdate  (cost=0.00..21329.59 rows=120223 width=0)
                                 Index Cond: ((l_shipdate >= '1993-01-01'::date) AND (l_shipdate < '1994-01-01 00:00:00'::timestamp without time zone) AND (l_discount >= 0.06) AND (l_discount <= 0.08) AND (l_quantity < '25'::numeric))
(9 rows)

query 6 run 3
SET
SET
SET
                                                                                                                QUERY PLAN                                                                                                                 
-------------------------------------------------------------------------------------------------------------------------------------------------------------------------------------------------------------------------------------------
 Limit  (cost=108045.87..108045.88 rows=1 width=32)
   ->  Finalize Aggregate  (cost=108045.87..108045.88 rows=1 width=32)
         ->  Gather  (cost=108045.44..108045.85 rows=4 width=32)
               Workers Planned: 4
               ->  Partial Aggregate  (cost=107045.44..107045.45 rows=1 width=32)
                     ->  Parallel Bitmap Heap Scan on lineitem  (cost=21359.64..106895.16 rows=30056 width=12)
                           Recheck Cond: ((l_shipdate >= '1993-01-01'::date) AND (l_shipdate < '1994-01-01 00:00:00'::timestamp without time zone) AND (l_discount >= 0.06) AND (l_discount <= 0.08) AND (l_quantity < '25'::numeric))
                           ->  Bitmap Index Scan on idx_lineitem_shipdate  (cost=0.00..21329.59 rows=120223 width=0)
                                 Index Cond: ((l_shipdate >= '1993-01-01'::date) AND (l_shipdate < '1994-01-01 00:00:00'::timestamp without time zone) AND (l_discount >= 0.06) AND (l_discount <= 0.08) AND (l_quantity < '25'::numeric))
(9 rows)

query 7 run 1
SET
SET
SET
                                                                                       QUERY PLAN                                                                                        
-----------------------------------------------------------------------------------------------------------------------------------------------------------------------------------------
 Limit  (cost=45255.15..45255.29 rows=1 width=92)
   ->  Finalize GroupAggregate  (cost=45255.15..46091.26 rows=6028 width=92)
         Group Key: n1.n_name, n2.n_name, (date_part('year'::text, (lineitem.l_shipdate)::timestamp without time zone))
         ->  Gather Merge  (cost=45255.15..45922.97 rows=5024 width=92)
               Workers Planned: 2
               ->  Partial GroupAggregate  (cost=44255.13..44343.05 rows=2512 width=92)
                     Group Key: n1.n_name, n2.n_name, (date_part('year'::text, (lineitem.l_shipdate)::timestamp without time zone))
                     ->  Sort  (cost=44255.13..44261.41 rows=2512 width=72)
                           Sort Key: n1.n_name, n2.n_name, (date_part('year'::text, (lineitem.l_shipdate)::timestamp without time zone))
                           ->  Hash Join  (cost=301.03..44113.27 rows=2512 width=72)
                                 Hash Cond: (lineitem.l_suppkey = supplier.s_suppkey)
                                 Join Filter: (((n1.n_name = 'PERU'::bpchar) AND (n2.n_name = 'MOROCCO'::bpchar)) OR ((n1.n_name = 'MOROCCO'::bpchar) AND (n2.n_name = 'PERU'::bpchar)))
                                 ->  Nested Loop  (cost=2.26..43478.47 rows=60502 width=46)
                                       ->  Nested Loop  (cost=1.83..10402.62 rows=50000 width=30)
                                             ->  Hash Join  (cost=1.40..4415.27 rows=5000 width=30)
                                                   Hash Cond: (customer.c_nationkey = n2.n_nationkey)
                                                   ->  Parallel Seq Scan on customer  (cost=0.00..4222.00 rows=62500 width=8)
                                                   ->  Hash  (cost=1.38..1.38 rows=2 width=30)
                                                         ->  Seq Scan on nation n2  (cost=0.00..1.38 rows=2 width=30)
                                                               Filter: ((n_name = 'MOROCCO'::bpchar) OR (n_name = 'PERU'::bpchar))
                                             ->  Index Scan using idx_orders_custkey on orders  (cost=0.43..1.03 rows=17 width=8)
                                                   Index Cond: (o_custkey = customer.c_custkey)
                                       ->  Index Scan using idx_lineitem_orderkey on lineitem  (cost=0.43..0.65 rows=1 width=24)
                                             Index Cond: (l_orderkey = orders.o_orderkey)
                                             Filter: ((l_shipdate >= '1995-01-01'::date) AND (l_shipdate <= '1996-12-31'::date))
                                 ->  Hash  (cost=288.77..288.77 rows=800 width=30)
                                       ->  Nested Loop  (cost=6.38..288.77 rows=800 width=30)
                                             ->  Seq Scan on nation n1  (cost=0.00..1.38 rows=2 width=30)
                                                   Filter: ((n_name = 'PERU'::bpchar) OR (n_name = 'MOROCCO'::bpchar))
                                             ->  Bitmap Heap Scan on supplier  (cost=6.38..139.70 rows=400 width=8)
                                                   Recheck Cond: (s_nationkey = n1.n_nationkey)
                                                   ->  Bitmap Index Scan on idx_supplier_nation_key  (cost=0.00..6.29 rows=400 width=0)
                                                         Index Cond: (s_nationkey = n1.n_nationkey)
(33 rows)

query 7 run 2
SET
SET
SET
                                                                                       QUERY PLAN                                                                                        
-----------------------------------------------------------------------------------------------------------------------------------------------------------------------------------------
 Limit  (cost=45255.15..45255.29 rows=1 width=92)
   ->  Finalize GroupAggregate  (cost=45255.15..46091.26 rows=6028 width=92)
         Group Key: n1.n_name, n2.n_name, (date_part('year'::text, (lineitem.l_shipdate)::timestamp without time zone))
         ->  Gather Merge  (cost=45255.15..45922.97 rows=5024 width=92)
               Workers Planned: 2
               ->  Partial GroupAggregate  (cost=44255.13..44343.05 rows=2512 width=92)
                     Group Key: n1.n_name, n2.n_name, (date_part('year'::text, (lineitem.l_shipdate)::timestamp without time zone))
                     ->  Sort  (cost=44255.13..44261.41 rows=2512 width=72)
                           Sort Key: n1.n_name, n2.n_name, (date_part('year'::text, (lineitem.l_shipdate)::timestamp without time zone))
                           ->  Hash Join  (cost=301.03..44113.27 rows=2512 width=72)
                                 Hash Cond: (lineitem.l_suppkey = supplier.s_suppkey)
                                 Join Filter: (((n1.n_name = 'PERU'::bpchar) AND (n2.n_name = 'MOROCCO'::bpchar)) OR ((n1.n_name = 'MOROCCO'::bpchar) AND (n2.n_name = 'PERU'::bpchar)))
                                 ->  Nested Loop  (cost=2.26..43478.47 rows=60502 width=46)
                                       ->  Nested Loop  (cost=1.83..10402.62 rows=50000 width=30)
                                             ->  Hash Join  (cost=1.40..4415.27 rows=5000 width=30)
                                                   Hash Cond: (customer.c_nationkey = n2.n_nationkey)
                                                   ->  Parallel Seq Scan on customer  (cost=0.00..4222.00 rows=62500 width=8)
                                                   ->  Hash  (cost=1.38..1.38 rows=2 width=30)
                                                         ->  Seq Scan on nation n2  (cost=0.00..1.38 rows=2 width=30)
                                                               Filter: ((n_name = 'MOROCCO'::bpchar) OR (n_name = 'PERU'::bpchar))
                                             ->  Index Scan using idx_orders_custkey on orders  (cost=0.43..1.03 rows=17 width=8)
                                                   Index Cond: (o_custkey = customer.c_custkey)
                                       ->  Index Scan using idx_lineitem_orderkey on lineitem  (cost=0.43..0.65 rows=1 width=24)
                                             Index Cond: (l_orderkey = orders.o_orderkey)
                                             Filter: ((l_shipdate >= '1995-01-01'::date) AND (l_shipdate <= '1996-12-31'::date))
                                 ->  Hash  (cost=288.77..288.77 rows=800 width=30)
                                       ->  Nested Loop  (cost=6.38..288.77 rows=800 width=30)
                                             ->  Seq Scan on nation n1  (cost=0.00..1.38 rows=2 width=30)
                                                   Filter: ((n_name = 'PERU'::bpchar) OR (n_name = 'MOROCCO'::bpchar))
                                             ->  Bitmap Heap Scan on supplier  (cost=6.38..139.70 rows=400 width=8)
                                                   Recheck Cond: (s_nationkey = n1.n_nationkey)
                                                   ->  Bitmap Index Scan on idx_supplier_nation_key  (cost=0.00..6.29 rows=400 width=0)
                                                         Index Cond: (s_nationkey = n1.n_nationkey)
(33 rows)

query 7 run 3
SET
SET
SET
                                                                                       QUERY PLAN                                                                                        
-----------------------------------------------------------------------------------------------------------------------------------------------------------------------------------------
 Limit  (cost=45255.15..45255.29 rows=1 width=92)
   ->  Finalize GroupAggregate  (cost=45255.15..46091.26 rows=6028 width=92)
         Group Key: n1.n_name, n2.n_name, (date_part('year'::text, (lineitem.l_shipdate)::timestamp without time zone))
         ->  Gather Merge  (cost=45255.15..45922.97 rows=5024 width=92)
               Workers Planned: 2
               ->  Partial GroupAggregate  (cost=44255.13..44343.05 rows=2512 width=92)
                     Group Key: n1.n_name, n2.n_name, (date_part('year'::text, (lineitem.l_shipdate)::timestamp without time zone))
                     ->  Sort  (cost=44255.13..44261.41 rows=2512 width=72)
                           Sort Key: n1.n_name, n2.n_name, (date_part('year'::text, (lineitem.l_shipdate)::timestamp without time zone))
                           ->  Hash Join  (cost=301.03..44113.27 rows=2512 width=72)
                                 Hash Cond: (lineitem.l_suppkey = supplier.s_suppkey)
                                 Join Filter: (((n1.n_name = 'PERU'::bpchar) AND (n2.n_name = 'MOROCCO'::bpchar)) OR ((n1.n_name = 'MOROCCO'::bpchar) AND (n2.n_name = 'PERU'::bpchar)))
                                 ->  Nested Loop  (cost=2.26..43478.47 rows=60502 width=46)
                                       ->  Nested Loop  (cost=1.83..10402.62 rows=50000 width=30)
                                             ->  Hash Join  (cost=1.40..4415.27 rows=5000 width=30)
                                                   Hash Cond: (customer.c_nationkey = n2.n_nationkey)
                                                   ->  Parallel Seq Scan on customer  (cost=0.00..4222.00 rows=62500 width=8)
                                                   ->  Hash  (cost=1.38..1.38 rows=2 width=30)
                                                         ->  Seq Scan on nation n2  (cost=0.00..1.38 rows=2 width=30)
                                                               Filter: ((n_name = 'MOROCCO'::bpchar) OR (n_name = 'PERU'::bpchar))
                                             ->  Index Scan using idx_orders_custkey on orders  (cost=0.43..1.03 rows=17 width=8)
                                                   Index Cond: (o_custkey = customer.c_custkey)
                                       ->  Index Scan using idx_lineitem_orderkey on lineitem  (cost=0.43..0.65 rows=1 width=24)
                                             Index Cond: (l_orderkey = orders.o_orderkey)
                                             Filter: ((l_shipdate >= '1995-01-01'::date) AND (l_shipdate <= '1996-12-31'::date))
                                 ->  Hash  (cost=288.77..288.77 rows=800 width=30)
                                       ->  Nested Loop  (cost=6.38..288.77 rows=800 width=30)
                                             ->  Seq Scan on nation n1  (cost=0.00..1.38 rows=2 width=30)
                                                   Filter: ((n_name = 'PERU'::bpchar) OR (n_name = 'MOROCCO'::bpchar))
                                             ->  Bitmap Heap Scan on supplier  (cost=6.38..139.70 rows=400 width=8)
                                                   Recheck Cond: (s_nationkey = n1.n_nationkey)
                                                   ->  Bitmap Index Scan on idx_supplier_nation_key  (cost=0.00..6.29 rows=400 width=0)
                                                         Index Cond: (s_nationkey = n1.n_nationkey)
(33 rows)

query 8 run 1
SET
SET
SET
                                                                         QUERY PLAN                                                                         
------------------------------------------------------------------------------------------------------------------------------------------------------------
 Limit  (cost=39724.71..39724.85 rows=1 width=40)
   ->  Finalize GroupAggregate  (cost=39724.71..40075.30 rows=2388 width=40)
         Group Key: (date_part('year'::text, (orders.o_orderdate)::timestamp without time zone))
         ->  Gather Merge  (cost=39724.71..39996.69 rows=1990 width=72)
               Workers Planned: 2
               ->  Partial GroupAggregate  (cost=38724.68..38766.97 rows=995 width=72)
                     Group Key: (date_part('year'::text, (orders.o_orderdate)::timestamp without time zone))
                     ->  Sort  (cost=38724.68..38727.17 rows=995 width=46)
                           Sort Key: (date_part('year'::text, (orders.o_orderdate)::timestamp without time zone))
                           ->  Hash Join  (cost=5.64..38675.14 rows=995 width=46)
                                 Hash Cond: (supplier.s_nationkey = n2.n_nationkey)
                                 ->  Nested Loop  (cost=4.07..38665.55 rows=995 width=20)
                                       ->  Hash Join  (cost=3.79..38363.59 rows=998 width=20)
                                             Hash Cond: (customer.c_nationkey = n1.n_nationkey)
                                             ->  Nested Loop  (cost=1.28..38332.39 rows=4988 width=24)
                                                   ->  Nested Loop  (cost=0.86..36083.31 rows=4988 width=24)
                                                         ->  Nested Loop  (cost=0.43..28458.05 rows=16665 width=20)
                                                               ->  Parallel Seq Scan on part  (cost=0.00..5140.67 rows=555 width=4)
                                                                     Filter: ((p_type)::text = 'LARGE POLISHED BRASS'::text)
                                                               ->  Index Scan using idx_lineitem_part_supp on lineitem  (cost=0.43..41.70 rows=31 width=24)
                                                                     Index Cond: (l_partkey = part.p_partkey)
                                                         ->  Index Scan using orders_pkey on orders  (cost=0.43..0.46 rows=1 width=12)
                                                               Index Cond: (o_orderkey = lineitem.l_orderkey)
                                                               Filter: ((o_orderdate >= '1995-01-01'::date) AND (o_orderdate <= '1996-12-31'::date))
                                                   ->  Index Scan using customer_pkey on customer  (cost=0.42..0.45 rows=1 width=8)
                                                         Index Cond: (c_custkey = orders.o_custkey)
                                             ->  Hash  (cost=2.45..2.45 rows=5 width=4)
                                                   ->  Hash Join  (cost=1.07..2.45 rows=5 width=4)
                                                         Hash Cond: (n1.n_regionkey = region.r_regionkey)
                                                         ->  Seq Scan on nation n1  (cost=0.00..1.25 rows=25 width=8)
                                                         ->  Hash  (cost=1.06..1.06 rows=1 width=4)
                                                               ->  Seq Scan on region  (cost=0.00..1.06 rows=1 width=4)
                                                                     Filter: (r_name = 'AMERICA'::bpchar)
                                       ->  Index Scan using supplier_pkey on supplier  (cost=0.29..0.30 rows=1 width=8)
                                             Index Cond: (s_suppkey = lineitem.l_suppkey)
                                 ->  Hash  (cost=1.25..1.25 rows=25 width=30)
                                       ->  Seq Scan on nation n2  (cost=0.00..1.25 rows=25 width=30)
(37 rows)

query 8 run 2
SET
SET
SET
                                                                         QUERY PLAN                                                                         
------------------------------------------------------------------------------------------------------------------------------------------------------------
 Limit  (cost=39724.71..39724.85 rows=1 width=40)
   ->  Finalize GroupAggregate  (cost=39724.71..40075.30 rows=2388 width=40)
         Group Key: (date_part('year'::text, (orders.o_orderdate)::timestamp without time zone))
         ->  Gather Merge  (cost=39724.71..39996.69 rows=1990 width=72)
               Workers Planned: 2
               ->  Partial GroupAggregate  (cost=38724.68..38766.97 rows=995 width=72)
                     Group Key: (date_part('year'::text, (orders.o_orderdate)::timestamp without time zone))
                     ->  Sort  (cost=38724.68..38727.17 rows=995 width=46)
                           Sort Key: (date_part('year'::text, (orders.o_orderdate)::timestamp without time zone))
                           ->  Hash Join  (cost=5.64..38675.14 rows=995 width=46)
                                 Hash Cond: (supplier.s_nationkey = n2.n_nationkey)
                                 ->  Nested Loop  (cost=4.07..38665.55 rows=995 width=20)
                                       ->  Hash Join  (cost=3.79..38363.59 rows=998 width=20)
                                             Hash Cond: (customer.c_nationkey = n1.n_nationkey)
                                             ->  Nested Loop  (cost=1.28..38332.39 rows=4988 width=24)
                                                   ->  Nested Loop  (cost=0.86..36083.31 rows=4988 width=24)
                                                         ->  Nested Loop  (cost=0.43..28458.05 rows=16665 width=20)
                                                               ->  Parallel Seq Scan on part  (cost=0.00..5140.67 rows=555 width=4)
                                                                     Filter: ((p_type)::text = 'LARGE POLISHED BRASS'::text)
                                                               ->  Index Scan using idx_lineitem_part_supp on lineitem  (cost=0.43..41.70 rows=31 width=24)
                                                                     Index Cond: (l_partkey = part.p_partkey)
                                                         ->  Index Scan using orders_pkey on orders  (cost=0.43..0.46 rows=1 width=12)
                                                               Index Cond: (o_orderkey = lineitem.l_orderkey)
                                                               Filter: ((o_orderdate >= '1995-01-01'::date) AND (o_orderdate <= '1996-12-31'::date))
                                                   ->  Index Scan using customer_pkey on customer  (cost=0.42..0.45 rows=1 width=8)
                                                         Index Cond: (c_custkey = orders.o_custkey)
                                             ->  Hash  (cost=2.45..2.45 rows=5 width=4)
                                                   ->  Hash Join  (cost=1.07..2.45 rows=5 width=4)
                                                         Hash Cond: (n1.n_regionkey = region.r_regionkey)
                                                         ->  Seq Scan on nation n1  (cost=0.00..1.25 rows=25 width=8)
                                                         ->  Hash  (cost=1.06..1.06 rows=1 width=4)
                                                               ->  Seq Scan on region  (cost=0.00..1.06 rows=1 width=4)
                                                                     Filter: (r_name = 'AMERICA'::bpchar)
                                       ->  Index Scan using supplier_pkey on supplier  (cost=0.29..0.30 rows=1 width=8)
                                             Index Cond: (s_suppkey = lineitem.l_suppkey)
                                 ->  Hash  (cost=1.25..1.25 rows=25 width=30)
                                       ->  Seq Scan on nation n2  (cost=0.00..1.25 rows=25 width=30)
(37 rows)

query 8 run 3
SET
SET
SET
                                                                         QUERY PLAN                                                                         
------------------------------------------------------------------------------------------------------------------------------------------------------------
 Limit  (cost=39724.71..39724.85 rows=1 width=40)
   ->  Finalize GroupAggregate  (cost=39724.71..40075.30 rows=2388 width=40)
         Group Key: (date_part('year'::text, (orders.o_orderdate)::timestamp without time zone))
         ->  Gather Merge  (cost=39724.71..39996.69 rows=1990 width=72)
               Workers Planned: 2
               ->  Partial GroupAggregate  (cost=38724.68..38766.97 rows=995 width=72)
                     Group Key: (date_part('year'::text, (orders.o_orderdate)::timestamp without time zone))
                     ->  Sort  (cost=38724.68..38727.17 rows=995 width=46)
                           Sort Key: (date_part('year'::text, (orders.o_orderdate)::timestamp without time zone))
                           ->  Hash Join  (cost=5.64..38675.14 rows=995 width=46)
                                 Hash Cond: (supplier.s_nationkey = n2.n_nationkey)
                                 ->  Nested Loop  (cost=4.07..38665.55 rows=995 width=20)
                                       ->  Hash Join  (cost=3.79..38363.59 rows=998 width=20)
                                             Hash Cond: (customer.c_nationkey = n1.n_nationkey)
                                             ->  Nested Loop  (cost=1.28..38332.39 rows=4988 width=24)
                                                   ->  Nested Loop  (cost=0.86..36083.31 rows=4988 width=24)
                                                         ->  Nested Loop  (cost=0.43..28458.05 rows=16665 width=20)
                                                               ->  Parallel Seq Scan on part  (cost=0.00..5140.67 rows=555 width=4)
                                                                     Filter: ((p_type)::text = 'LARGE POLISHED BRASS'::text)
                                                               ->  Index Scan using idx_lineitem_part_supp on lineitem  (cost=0.43..41.70 rows=31 width=24)
                                                                     Index Cond: (l_partkey = part.p_partkey)
                                                         ->  Index Scan using orders_pkey on orders  (cost=0.43..0.46 rows=1 width=12)
                                                               Index Cond: (o_orderkey = lineitem.l_orderkey)
                                                               Filter: ((o_orderdate >= '1995-01-01'::date) AND (o_orderdate <= '1996-12-31'::date))
                                                   ->  Index Scan using customer_pkey on customer  (cost=0.42..0.45 rows=1 width=8)
                                                         Index Cond: (c_custkey = orders.o_custkey)
                                             ->  Hash  (cost=2.45..2.45 rows=5 width=4)
                                                   ->  Hash Join  (cost=1.07..2.45 rows=5 width=4)
                                                         Hash Cond: (n1.n_regionkey = region.r_regionkey)
                                                         ->  Seq Scan on nation n1  (cost=0.00..1.25 rows=25 width=8)
                                                         ->  Hash  (cost=1.06..1.06 rows=1 width=4)
                                                               ->  Seq Scan on region  (cost=0.00..1.06 rows=1 width=4)
                                                                     Filter: (r_name = 'AMERICA'::bpchar)
                                       ->  Index Scan using supplier_pkey on supplier  (cost=0.29..0.30 rows=1 width=8)
                                             Index Cond: (s_suppkey = lineitem.l_suppkey)
                                 ->  Hash  (cost=1.25..1.25 rows=25 width=30)
                                       ->  Seq Scan on nation n2  (cost=0.00..1.25 rows=25 width=30)
(37 rows)

query 9 run 1
SET
SET
SET
                                                                    QUERY PLAN                                                                    
--------------------------------------------------------------------------------------------------------------------------------------------------
 Limit  (cost=30123.91..30124.05 rows=1 width=66)
   ->  Finalize GroupAggregate  (cost=30123.91..30143.75 rows=145 width=66)
         Group Key: nation.n_name, (date_part('year'::text, (orders.o_orderdate)::timestamp without time zone))
         ->  Gather Merge  (cost=30123.91..30140.01 rows=120 width=66)
               Workers Planned: 2
               ->  Partial GroupAggregate  (cost=29123.89..29126.14 rows=60 width=66)
                     Group Key: nation.n_name, (date_part('year'::text, (orders.o_orderdate)::timestamp without time zone))
                     ->  Sort  (cost=29123.89..29124.04 rows=60 width=57)
                           Sort Key: nation.n_name, (date_part('year'::text, (orders.o_orderdate)::timestamp without time zone)) DESC
                           ->  Hash Join  (cost=3.13..29122.12 rows=60 width=57)
                                 Hash Cond: (supplier.s_nationkey = nation.n_nationkey)
                                 ->  Nested Loop  (cost=1.57..29120.07 rows=60 width=31)
                                       ->  Nested Loop  (cost=1.14..29092.92 rows=60 width=31)
                                             ->  Nested Loop  (cost=0.86..29074.77 rows=60 width=35)
                                                   ->  Nested Loop  (cost=0.42..14844.34 rows=20202 width=18)
                                                         ->  Parallel Seq Scan on part  (cost=0.00..5140.67 rows=5050 width=4)
                                                               Filter: ((p_name)::text ~~ '%navy%'::text)
                                                         ->  Index Scan using idx_partsupp_partkey on partsupp  (cost=0.42..1.88 rows=4 width=14)
                                                               Index Cond: (ps_partkey = part.p_partkey)
                                                   ->  Index Scan using idx_lineitem_part_supp on lineitem  (cost=0.43..0.69 rows=1 width=29)
                                                         Index Cond: ((l_partkey = partsupp.ps_partkey) AND (l_suppkey = partsupp.ps_suppkey))
                                             ->  Index Scan using supplier_pkey on supplier  (cost=0.29..0.30 rows=1 width=8)
                                                   Index Cond: (s_suppkey = lineitem.l_suppkey)
                                       ->  Index Scan using orders_pkey on orders  (cost=0.43..0.45 rows=1 width=8)
                                             Index Cond: (o_orderkey = lineitem.l_orderkey)
                                 ->  Hash  (cost=1.25..1.25 rows=25 width=30)
                                       ->  Seq Scan on nation  (cost=0.00..1.25 rows=25 width=30)
(27 rows)

query 9 run 2
SET
SET
SET
                                                                    QUERY PLAN                                                                    
--------------------------------------------------------------------------------------------------------------------------------------------------
 Limit  (cost=30123.91..30124.05 rows=1 width=66)
   ->  Finalize GroupAggregate  (cost=30123.91..30143.75 rows=145 width=66)
         Group Key: nation.n_name, (date_part('year'::text, (orders.o_orderdate)::timestamp without time zone))
         ->  Gather Merge  (cost=30123.91..30140.01 rows=120 width=66)
               Workers Planned: 2
               ->  Partial GroupAggregate  (cost=29123.89..29126.14 rows=60 width=66)
                     Group Key: nation.n_name, (date_part('year'::text, (orders.o_orderdate)::timestamp without time zone))
                     ->  Sort  (cost=29123.89..29124.04 rows=60 width=57)
                           Sort Key: nation.n_name, (date_part('year'::text, (orders.o_orderdate)::timestamp without time zone)) DESC
                           ->  Hash Join  (cost=3.13..29122.12 rows=60 width=57)
                                 Hash Cond: (supplier.s_nationkey = nation.n_nationkey)
                                 ->  Nested Loop  (cost=1.57..29120.07 rows=60 width=31)
                                       ->  Nested Loop  (cost=1.14..29092.92 rows=60 width=31)
                                             ->  Nested Loop  (cost=0.86..29074.77 rows=60 width=35)
                                                   ->  Nested Loop  (cost=0.42..14844.34 rows=20202 width=18)
                                                         ->  Parallel Seq Scan on part  (cost=0.00..5140.67 rows=5050 width=4)
                                                               Filter: ((p_name)::text ~~ '%navy%'::text)
                                                         ->  Index Scan using idx_partsupp_partkey on partsupp  (cost=0.42..1.88 rows=4 width=14)
                                                               Index Cond: (ps_partkey = part.p_partkey)
                                                   ->  Index Scan using idx_lineitem_part_supp on lineitem  (cost=0.43..0.69 rows=1 width=29)
                                                         Index Cond: ((l_partkey = partsupp.ps_partkey) AND (l_suppkey = partsupp.ps_suppkey))
                                             ->  Index Scan using supplier_pkey on supplier  (cost=0.29..0.30 rows=1 width=8)
                                                   Index Cond: (s_suppkey = lineitem.l_suppkey)
                                       ->  Index Scan using orders_pkey on orders  (cost=0.43..0.45 rows=1 width=8)
                                             Index Cond: (o_orderkey = lineitem.l_orderkey)
                                 ->  Hash  (cost=1.25..1.25 rows=25 width=30)
                                       ->  Seq Scan on nation  (cost=0.00..1.25 rows=25 width=30)
(27 rows)

query 9 run 3
SET
SET
SET
                                                                    QUERY PLAN                                                                    
--------------------------------------------------------------------------------------------------------------------------------------------------
 Limit  (cost=30123.91..30124.05 rows=1 width=66)
   ->  Finalize GroupAggregate  (cost=30123.91..30143.75 rows=145 width=66)
         Group Key: nation.n_name, (date_part('year'::text, (orders.o_orderdate)::timestamp without time zone))
         ->  Gather Merge  (cost=30123.91..30140.01 rows=120 width=66)
               Workers Planned: 2
               ->  Partial GroupAggregate  (cost=29123.89..29126.14 rows=60 width=66)
                     Group Key: nation.n_name, (date_part('year'::text, (orders.o_orderdate)::timestamp without time zone))
                     ->  Sort  (cost=29123.89..29124.04 rows=60 width=57)
                           Sort Key: nation.n_name, (date_part('year'::text, (orders.o_orderdate)::timestamp without time zone)) DESC
                           ->  Hash Join  (cost=3.13..29122.12 rows=60 width=57)
                                 Hash Cond: (supplier.s_nationkey = nation.n_nationkey)
                                 ->  Nested Loop  (cost=1.57..29120.07 rows=60 width=31)
                                       ->  Nested Loop  (cost=1.14..29092.92 rows=60 width=31)
                                             ->  Nested Loop  (cost=0.86..29074.77 rows=60 width=35)
                                                   ->  Nested Loop  (cost=0.42..14844.34 rows=20202 width=18)
                                                         ->  Parallel Seq Scan on part  (cost=0.00..5140.67 rows=5050 width=4)
                                                               Filter: ((p_name)::text ~~ '%navy%'::text)
                                                         ->  Index Scan using idx_partsupp_partkey on partsupp  (cost=0.42..1.88 rows=4 width=14)
                                                               Index Cond: (ps_partkey = part.p_partkey)
                                                   ->  Index Scan using idx_lineitem_part_supp on lineitem  (cost=0.43..0.69 rows=1 width=29)
                                                         Index Cond: ((l_partkey = partsupp.ps_partkey) AND (l_suppkey = partsupp.ps_suppkey))
                                             ->  Index Scan using supplier_pkey on supplier  (cost=0.29..0.30 rows=1 width=8)
                                                   Index Cond: (s_suppkey = lineitem.l_suppkey)
                                       ->  Index Scan using orders_pkey on orders  (cost=0.43..0.45 rows=1 width=8)
                                             Index Cond: (o_orderkey = lineitem.l_orderkey)
                                 ->  Hash  (cost=1.25..1.25 rows=25 width=30)
                                       ->  Seq Scan on nation  (cost=0.00..1.25 rows=25 width=30)
(27 rows)

query 10 run 1
SET
SET
SET
                                                                 QUERY PLAN                                                                 
--------------------------------------------------------------------------------------------------------------------------------------------
 Limit  (cost=84760.98..84761.03 rows=20 width=201)
   ->  Sort  (cost=84760.98..84907.68 rows=58681 width=201)
         Sort Key: (sum((lineitem.l_extendedprice * ('1'::numeric - lineitem.l_discount)))) DESC
         ->  HashAggregate  (cost=82465.99..83199.50 rows=58681 width=201)
               Group Key: customer.c_custkey, nation.n_name
               ->  Gather  (cost=8821.97..81732.48 rows=58681 width=181)
                     Workers Planned: 3
                     ->  Hash Join  (cost=7821.97..74864.38 rows=18929 width=181)
                           Hash Cond: (customer.c_nationkey = nation.n_nationkey)
                           ->  Hash Join  (cost=7820.40..74804.70 rows=18929 width=159)
                                 Hash Cond: (orders.o_custkey = customer.c_custkey)
                                 ->  Nested Loop  (cost=848.41..67783.01 rows=18929 width=16)
                                       ->  Parallel Bitmap Heap Scan on orders  (cost=847.97..27264.36 rows=19026 width=8)
                                             Recheck Cond: ((o_orderdate >= '1994-08-01'::date) AND (o_orderdate < '1994-11-01'::date))
                                             ->  Bitmap Index Scan on idx_orders_orderdate  (cost=0.00..833.23 rows=58980 width=0)
                                                   Index Cond: ((o_orderdate >= '1994-08-01'::date) AND (o_orderdate < '1994-11-01'::date))
                                       ->  Index Scan using idx_lineitem_orderkey on lineitem  (cost=0.43..2.12 rows=1 width=16)
                                             Index Cond: (l_orderkey = orders.o_orderkey)
                                             Filter: (l_returnflag = 'R'::bpchar)
                                 ->  Hash  (cost=5097.00..5097.00 rows=150000 width=147)
                                       ->  Seq Scan on customer  (cost=0.00..5097.00 rows=150000 width=147)
                           ->  Hash  (cost=1.25..1.25 rows=25 width=30)
                                 ->  Seq Scan on nation  (cost=0.00..1.25 rows=25 width=30)
(23 rows)

query 10 run 2
SET
SET
SET
                                                                 QUERY PLAN                                                                 
--------------------------------------------------------------------------------------------------------------------------------------------
 Limit  (cost=84760.98..84761.03 rows=20 width=201)
   ->  Sort  (cost=84760.98..84907.68 rows=58681 width=201)
         Sort Key: (sum((lineitem.l_extendedprice * ('1'::numeric - lineitem.l_discount)))) DESC
         ->  HashAggregate  (cost=82465.99..83199.50 rows=58681 width=201)
               Group Key: customer.c_custkey, nation.n_name
               ->  Gather  (cost=8821.97..81732.48 rows=58681 width=181)
                     Workers Planned: 3
                     ->  Hash Join  (cost=7821.97..74864.38 rows=18929 width=181)
                           Hash Cond: (customer.c_nationkey = nation.n_nationkey)
                           ->  Hash Join  (cost=7820.40..74804.70 rows=18929 width=159)
                                 Hash Cond: (orders.o_custkey = customer.c_custkey)
                                 ->  Nested Loop  (cost=848.41..67783.01 rows=18929 width=16)
                                       ->  Parallel Bitmap Heap Scan on orders  (cost=847.97..27264.36 rows=19026 width=8)
                                             Recheck Cond: ((o_orderdate >= '1994-08-01'::date) AND (o_orderdate < '1994-11-01'::date))
                                             ->  Bitmap Index Scan on idx_orders_orderdate  (cost=0.00..833.23 rows=58980 width=0)
                                                   Index Cond: ((o_orderdate >= '1994-08-01'::date) AND (o_orderdate < '1994-11-01'::date))
                                       ->  Index Scan using idx_lineitem_orderkey on lineitem  (cost=0.43..2.12 rows=1 width=16)
                                             Index Cond: (l_orderkey = orders.o_orderkey)
                                             Filter: (l_returnflag = 'R'::bpchar)
                                 ->  Hash  (cost=5097.00..5097.00 rows=150000 width=147)
                                       ->  Seq Scan on customer  (cost=0.00..5097.00 rows=150000 width=147)
                           ->  Hash  (cost=1.25..1.25 rows=25 width=30)
                                 ->  Seq Scan on nation  (cost=0.00..1.25 rows=25 width=30)
(23 rows)

query 10 run 3
SET
SET
SET
                                                                 QUERY PLAN                                                                 
--------------------------------------------------------------------------------------------------------------------------------------------
 Limit  (cost=84760.98..84761.03 rows=20 width=201)
   ->  Sort  (cost=84760.98..84907.68 rows=58681 width=201)
         Sort Key: (sum((lineitem.l_extendedprice * ('1'::numeric - lineitem.l_discount)))) DESC
         ->  HashAggregate  (cost=82465.99..83199.50 rows=58681 width=201)
               Group Key: customer.c_custkey, nation.n_name
               ->  Gather  (cost=8821.97..81732.48 rows=58681 width=181)
                     Workers Planned: 3
                     ->  Hash Join  (cost=7821.97..74864.38 rows=18929 width=181)
                           Hash Cond: (customer.c_nationkey = nation.n_nationkey)
                           ->  Hash Join  (cost=7820.40..74804.70 rows=18929 width=159)
                                 Hash Cond: (orders.o_custkey = customer.c_custkey)
                                 ->  Nested Loop  (cost=848.41..67783.01 rows=18929 width=16)
                                       ->  Parallel Bitmap Heap Scan on orders  (cost=847.97..27264.36 rows=19026 width=8)
                                             Recheck Cond: ((o_orderdate >= '1994-08-01'::date) AND (o_orderdate < '1994-11-01'::date))
                                             ->  Bitmap Index Scan on idx_orders_orderdate  (cost=0.00..833.23 rows=58980 width=0)
                                                   Index Cond: ((o_orderdate >= '1994-08-01'::date) AND (o_orderdate < '1994-11-01'::date))
                                       ->  Index Scan using idx_lineitem_orderkey on lineitem  (cost=0.43..2.12 rows=1 width=16)
                                             Index Cond: (l_orderkey = orders.o_orderkey)
                                             Filter: (l_returnflag = 'R'::bpchar)
                                 ->  Hash  (cost=5097.00..5097.00 rows=150000 width=147)
                                       ->  Seq Scan on customer  (cost=0.00..5097.00 rows=150000 width=147)
                           ->  Hash  (cost=1.25..1.25 rows=25 width=30)
                                 ->  Seq Scan on nation  (cost=0.00..1.25 rows=25 width=30)
(23 rows)

query 11 run 1
SET
SET
SET
                                                      QUERY PLAN                                                      
----------------------------------------------------------------------------------------------------------------------
 Limit  (cost=6368.75..6368.75 rows=1 width=36)
   InitPlan 1 (returns $2)
     ->  Aggregate  (cost=2704.37..2704.38 rows=1 width=32)
           ->  Nested Loop  (cost=6.81..2464.37 rows=32000 width=10)
                 ->  Nested Loop  (cost=6.38..230.58 rows=400 width=4)
                       ->  Seq Scan on nation nation_1  (cost=0.00..1.31 rows=1 width=4)
                             Filter: (n_name = 'SAUDI ARABIA'::bpchar)
                       ->  Bitmap Heap Scan on supplier supplier_1  (cost=6.38..225.26 rows=400 width=8)
                             Recheck Cond: (s_nationkey = nation_1.n_nationkey)
                             ->  Bitmap Index Scan on idx_supplier_nation_key  (cost=0.00..6.29 rows=400 width=0)
                                   Index Cond: (s_nationkey = nation_1.n_nationkey)
                 ->  Index Scan using idx_partsupp_suppkey on partsupp partsupp_1  (cost=0.42..4.78 rows=80 width=14)
                       Index Cond: (ps_suppkey = supplier_1.s_suppkey)
   ->  Sort  (cost=3664.37..3744.37 rows=32000 width=36)
         Sort Key: (sum((partsupp.ps_supplycost * (partsupp.ps_availqty)::numeric))) DESC
         ->  HashAggregate  (cost=3024.37..3504.37 rows=32000 width=36)
               Group Key: partsupp.ps_partkey
               Filter: (sum((partsupp.ps_supplycost * (partsupp.ps_availqty)::numeric)) > $2)
               ->  Nested Loop  (cost=6.81..2464.37 rows=32000 width=14)
                     ->  Nested Loop  (cost=6.38..230.58 rows=400 width=4)
                           ->  Seq Scan on nation  (cost=0.00..1.31 rows=1 width=4)
                                 Filter: (n_name = 'SAUDI ARABIA'::bpchar)
                           ->  Bitmap Heap Scan on supplier  (cost=6.38..225.26 rows=400 width=8)
                                 Recheck Cond: (s_nationkey = nation.n_nationkey)
                                 ->  Bitmap Index Scan on idx_supplier_nation_key  (cost=0.00..6.29 rows=400 width=0)
                                       Index Cond: (s_nationkey = nation.n_nationkey)
                     ->  Index Scan using idx_partsupp_suppkey on partsupp  (cost=0.42..4.78 rows=80 width=18)
                           Index Cond: (ps_suppkey = supplier.s_suppkey)
(28 rows)

query 11 run 2
SET
SET
SET
                                                      QUERY PLAN                                                      
----------------------------------------------------------------------------------------------------------------------
 Limit  (cost=6368.75..6368.75 rows=1 width=36)
   InitPlan 1 (returns $2)
     ->  Aggregate  (cost=2704.37..2704.38 rows=1 width=32)
           ->  Nested Loop  (cost=6.81..2464.37 rows=32000 width=10)
                 ->  Nested Loop  (cost=6.38..230.58 rows=400 width=4)
                       ->  Seq Scan on nation nation_1  (cost=0.00..1.31 rows=1 width=4)
                             Filter: (n_name = 'SAUDI ARABIA'::bpchar)
                       ->  Bitmap Heap Scan on supplier supplier_1  (cost=6.38..225.26 rows=400 width=8)
                             Recheck Cond: (s_nationkey = nation_1.n_nationkey)
                             ->  Bitmap Index Scan on idx_supplier_nation_key  (cost=0.00..6.29 rows=400 width=0)
                                   Index Cond: (s_nationkey = nation_1.n_nationkey)
                 ->  Index Scan using idx_partsupp_suppkey on partsupp partsupp_1  (cost=0.42..4.78 rows=80 width=14)
                       Index Cond: (ps_suppkey = supplier_1.s_suppkey)
   ->  Sort  (cost=3664.37..3744.37 rows=32000 width=36)
         Sort Key: (sum((partsupp.ps_supplycost * (partsupp.ps_availqty)::numeric))) DESC
         ->  HashAggregate  (cost=3024.37..3504.37 rows=32000 width=36)
               Group Key: partsupp.ps_partkey
               Filter: (sum((partsupp.ps_supplycost * (partsupp.ps_availqty)::numeric)) > $2)
               ->  Nested Loop  (cost=6.81..2464.37 rows=32000 width=14)
                     ->  Nested Loop  (cost=6.38..230.58 rows=400 width=4)
                           ->  Seq Scan on nation  (cost=0.00..1.31 rows=1 width=4)
                                 Filter: (n_name = 'SAUDI ARABIA'::bpchar)
                           ->  Bitmap Heap Scan on supplier  (cost=6.38..225.26 rows=400 width=8)
                                 Recheck Cond: (s_nationkey = nation.n_nationkey)
                                 ->  Bitmap Index Scan on idx_supplier_nation_key  (cost=0.00..6.29 rows=400 width=0)
                                       Index Cond: (s_nationkey = nation.n_nationkey)
                     ->  Index Scan using idx_partsupp_suppkey on partsupp  (cost=0.42..4.78 rows=80 width=18)
                           Index Cond: (ps_suppkey = supplier.s_suppkey)
(28 rows)

query 11 run 3
SET
SET
SET
                                                      QUERY PLAN                                                      
----------------------------------------------------------------------------------------------------------------------
 Limit  (cost=6368.75..6368.75 rows=1 width=36)
   InitPlan 1 (returns $2)
     ->  Aggregate  (cost=2704.37..2704.38 rows=1 width=32)
           ->  Nested Loop  (cost=6.81..2464.37 rows=32000 width=10)
                 ->  Nested Loop  (cost=6.38..230.58 rows=400 width=4)
                       ->  Seq Scan on nation nation_1  (cost=0.00..1.31 rows=1 width=4)
                             Filter: (n_name = 'SAUDI ARABIA'::bpchar)
                       ->  Bitmap Heap Scan on supplier supplier_1  (cost=6.38..225.26 rows=400 width=8)
                             Recheck Cond: (s_nationkey = nation_1.n_nationkey)
                             ->  Bitmap Index Scan on idx_supplier_nation_key  (cost=0.00..6.29 rows=400 width=0)
                                   Index Cond: (s_nationkey = nation_1.n_nationkey)
                 ->  Index Scan using idx_partsupp_suppkey on partsupp partsupp_1  (cost=0.42..4.78 rows=80 width=14)
                       Index Cond: (ps_suppkey = supplier_1.s_suppkey)
   ->  Sort  (cost=3664.37..3744.37 rows=32000 width=36)
         Sort Key: (sum((partsupp.ps_supplycost * (partsupp.ps_availqty)::numeric))) DESC
         ->  HashAggregate  (cost=3024.37..3504.37 rows=32000 width=36)
               Group Key: partsupp.ps_partkey
               Filter: (sum((partsupp.ps_supplycost * (partsupp.ps_availqty)::numeric)) > $2)
               ->  Nested Loop  (cost=6.81..2464.37 rows=32000 width=14)
                     ->  Nested Loop  (cost=6.38..230.58 rows=400 width=4)
                           ->  Seq Scan on nation  (cost=0.00..1.31 rows=1 width=4)
                                 Filter: (n_name = 'SAUDI ARABIA'::bpchar)
                           ->  Bitmap Heap Scan on supplier  (cost=6.38..225.26 rows=400 width=8)
                                 Recheck Cond: (s_nationkey = nation.n_nationkey)
                                 ->  Bitmap Index Scan on idx_supplier_nation_key  (cost=0.00..6.29 rows=400 width=0)
                                       Index Cond: (s_nationkey = nation.n_nationkey)
                     ->  Index Scan using idx_partsupp_suppkey on partsupp  (cost=0.42..4.78 rows=80 width=18)
                           Index Cond: (ps_suppkey = supplier.s_suppkey)
(28 rows)

query 12 run 1
SET
SET
SET
                                                                                                                       QUERY PLAN                                                                                                                        
---------------------------------------------------------------------------------------------------------------------------------------------------------------------------------------------------------------------------------------------------------
 Limit  (cost=159712.78..159734.44 rows=1 width=27)
   ->  Finalize GroupAggregate  (cost=159712.78..159864.44 rows=7 width=27)
         Group Key: lineitem.l_shipmode
         ->  Gather Merge  (cost=159712.78..159864.16 rows=28 width=27)
               Workers Planned: 4
               ->  Partial GroupAggregate  (cost=158712.72..158860.77 rows=7 width=27)
                     Group Key: lineitem.l_shipmode
                     ->  Sort  (cost=158712.72..158731.22 rows=7399 width=27)
                           Sort Key: lineitem.l_shipmode
                           ->  Nested Loop  (cost=0.43..158237.22 rows=7399 width=27)
                                 ->  Parallel Seq Scan on lineitem  (cost=0.00..146314.05 rows=7400 width=15)
                                       Filter: ((l_shipmode = ANY ('{SHIP,"REG AIR"}'::bpchar[])) AND (l_commitdate < l_receiptdate) AND (l_shipdate < l_commitdate) AND (l_receiptdate >= '1994-01-01'::date) AND (l_receiptdate < '1995-01-01'::date))
                                 ->  Index Scan using orders_pkey on orders  (cost=0.43..1.61 rows=1 width=20)
                                       Index Cond: (o_orderkey = lineitem.l_orderkey)
(14 rows)

query 12 run 2
SET
SET
SET
                                                                                                                       QUERY PLAN                                                                                                                        
---------------------------------------------------------------------------------------------------------------------------------------------------------------------------------------------------------------------------------------------------------
 Limit  (cost=159712.78..159734.44 rows=1 width=27)
   ->  Finalize GroupAggregate  (cost=159712.78..159864.44 rows=7 width=27)
         Group Key: lineitem.l_shipmode
         ->  Gather Merge  (cost=159712.78..159864.16 rows=28 width=27)
               Workers Planned: 4
               ->  Partial GroupAggregate  (cost=158712.72..158860.77 rows=7 width=27)
                     Group Key: lineitem.l_shipmode
                     ->  Sort  (cost=158712.72..158731.22 rows=7399 width=27)
                           Sort Key: lineitem.l_shipmode
                           ->  Nested Loop  (cost=0.43..158237.22 rows=7399 width=27)
                                 ->  Parallel Seq Scan on lineitem  (cost=0.00..146314.05 rows=7400 width=15)
                                       Filter: ((l_shipmode = ANY ('{SHIP,"REG AIR"}'::bpchar[])) AND (l_commitdate < l_receiptdate) AND (l_shipdate < l_commitdate) AND (l_receiptdate >= '1994-01-01'::date) AND (l_receiptdate < '1995-01-01'::date))
                                 ->  Index Scan using orders_pkey on orders  (cost=0.43..1.61 rows=1 width=20)
                                       Index Cond: (o_orderkey = lineitem.l_orderkey)
(14 rows)

query 12 run 3
SET
SET
SET
                                                                                                                       QUERY PLAN                                                                                                                        
---------------------------------------------------------------------------------------------------------------------------------------------------------------------------------------------------------------------------------------------------------
 Limit  (cost=159712.78..159734.44 rows=1 width=27)
   ->  Finalize GroupAggregate  (cost=159712.78..159864.44 rows=7 width=27)
         Group Key: lineitem.l_shipmode
         ->  Gather Merge  (cost=159712.78..159864.16 rows=28 width=27)
               Workers Planned: 4
               ->  Partial GroupAggregate  (cost=158712.72..158860.77 rows=7 width=27)
                     Group Key: lineitem.l_shipmode
                     ->  Sort  (cost=158712.72..158731.22 rows=7399 width=27)
                           Sort Key: lineitem.l_shipmode
                           ->  Nested Loop  (cost=0.43..158237.22 rows=7399 width=27)
                                 ->  Parallel Seq Scan on lineitem  (cost=0.00..146314.05 rows=7400 width=15)
                                       Filter: ((l_shipmode = ANY ('{SHIP,"REG AIR"}'::bpchar[])) AND (l_commitdate < l_receiptdate) AND (l_shipdate < l_commitdate) AND (l_receiptdate >= '1994-01-01'::date) AND (l_receiptdate < '1995-01-01'::date))
                                 ->  Index Scan using orders_pkey on orders  (cost=0.43..1.61 rows=1 width=20)
                                       Index Cond: (o_orderkey = lineitem.l_orderkey)
(14 rows)

query 13 run 1
SET
SET
SET
                                                          QUERY PLAN                                                           
-------------------------------------------------------------------------------------------------------------------------------
 Limit  (cost=64701.83..64701.84 rows=1 width=16)
   ->  Sort  (cost=64701.83..64702.33 rows=200 width=16)
         Sort Key: (count(*)) DESC, (count(orders.o_orderkey)) DESC
         ->  HashAggregate  (cost=64698.83..64700.83 rows=200 width=16)
               Group Key: count(orders.o_orderkey)
               ->  HashAggregate  (cost=60948.83..62448.83 rows=150000 width=12)
                     Group Key: customer.c_custkey
                     ->  Hash Right Join  (cost=4746.42..53525.03 rows=1484761 width=8)
                           Hash Cond: (orders.o_custkey = customer.c_custkey)
                           ->  Seq Scan on orders  (cost=0.00..44881.00 rows=1484761 width=8)
                                 Filter: ((o_comment)::text !~~ '%special%requests%'::text)
                           ->  Hash  (cost=2871.42..2871.42 rows=150000 width=4)
                                 ->  Index Only Scan using customer_pkey on customer  (cost=0.42..2871.42 rows=150000 width=4)
(13 rows)

query 13 run 2
SET
SET
SET
                                                          QUERY PLAN                                                           
-------------------------------------------------------------------------------------------------------------------------------
 Limit  (cost=64701.83..64701.84 rows=1 width=16)
   ->  Sort  (cost=64701.83..64702.33 rows=200 width=16)
         Sort Key: (count(*)) DESC, (count(orders.o_orderkey)) DESC
         ->  HashAggregate  (cost=64698.83..64700.83 rows=200 width=16)
               Group Key: count(orders.o_orderkey)
               ->  HashAggregate  (cost=60948.83..62448.83 rows=150000 width=12)
                     Group Key: customer.c_custkey
                     ->  Hash Right Join  (cost=4746.42..53525.03 rows=1484761 width=8)
                           Hash Cond: (orders.o_custkey = customer.c_custkey)
                           ->  Seq Scan on orders  (cost=0.00..44881.00 rows=1484761 width=8)
                                 Filter: ((o_comment)::text !~~ '%special%requests%'::text)
                           ->  Hash  (cost=2871.42..2871.42 rows=150000 width=4)
                                 ->  Index Only Scan using customer_pkey on customer  (cost=0.42..2871.42 rows=150000 width=4)
(13 rows)

query 13 run 3
SET
SET
SET
                                                          QUERY PLAN                                                           
-------------------------------------------------------------------------------------------------------------------------------
 Limit  (cost=64701.83..64701.84 rows=1 width=16)
   ->  Sort  (cost=64701.83..64702.33 rows=200 width=16)
         Sort Key: (count(*)) DESC, (count(orders.o_orderkey)) DESC
         ->  HashAggregate  (cost=64698.83..64700.83 rows=200 width=16)
               Group Key: count(orders.o_orderkey)
               ->  HashAggregate  (cost=60948.83..62448.83 rows=150000 width=12)
                     Group Key: customer.c_custkey
                     ->  Hash Right Join  (cost=4746.42..53525.03 rows=1484761 width=8)
                           Hash Cond: (orders.o_custkey = customer.c_custkey)
                           ->  Seq Scan on orders  (cost=0.00..44881.00 rows=1484761 width=8)
                                 Filter: ((o_comment)::text !~~ '%special%requests%'::text)
                           ->  Hash  (cost=2871.42..2871.42 rows=150000 width=4)
                                 ->  Index Only Scan using customer_pkey on customer  (cost=0.42..2871.42 rows=150000 width=4)
(13 rows)

query 14 run 1
SET
SET
SET
                                                          QUERY PLAN                                                          
------------------------------------------------------------------------------------------------------------------------------
 Limit  (cost=82221.05..82221.07 rows=1 width=32)
   ->  Finalize Aggregate  (cost=82221.05..82221.07 rows=1 width=32)
         ->  Gather  (cost=82220.60..82221.01 rows=4 width=64)
               Workers Planned: 4
               ->  Partial Aggregate  (cost=81220.60..81220.61 rows=1 width=64)
                     ->  Hash Join  (cost=9987.45..80842.00 rows=21634 width=33)
                           Hash Cond: (lineitem.l_partkey = part.p_partkey)
                           ->  Parallel Bitmap Heap Scan on lineitem  (cost=1388.45..72186.21 rows=21634 width=16)
                                 Recheck Cond: ((l_shipdate >= '1994-05-01'::date) AND (l_shipdate < '1994-06-01'::date))
                                 ->  Bitmap Index Scan on idx_lineitem_shipdate  (cost=0.00..1366.81 rows=86538 width=0)
                                       Index Cond: ((l_shipdate >= '1994-05-01'::date) AND (l_shipdate < '1994-06-01'::date))
                           ->  Hash  (cost=6099.00..6099.00 rows=200000 width=25)
                                 ->  Seq Scan on part  (cost=0.00..6099.00 rows=200000 width=25)
(13 rows)

query 14 run 2
SET
SET
SET
                                                          QUERY PLAN                                                          
------------------------------------------------------------------------------------------------------------------------------
 Limit  (cost=82221.05..82221.07 rows=1 width=32)
   ->  Finalize Aggregate  (cost=82221.05..82221.07 rows=1 width=32)
         ->  Gather  (cost=82220.60..82221.01 rows=4 width=64)
               Workers Planned: 4
               ->  Partial Aggregate  (cost=81220.60..81220.61 rows=1 width=64)
                     ->  Hash Join  (cost=9987.45..80842.00 rows=21634 width=33)
                           Hash Cond: (lineitem.l_partkey = part.p_partkey)
                           ->  Parallel Bitmap Heap Scan on lineitem  (cost=1388.45..72186.21 rows=21634 width=16)
                                 Recheck Cond: ((l_shipdate >= '1994-05-01'::date) AND (l_shipdate < '1994-06-01'::date))
                                 ->  Bitmap Index Scan on idx_lineitem_shipdate  (cost=0.00..1366.81 rows=86538 width=0)
                                       Index Cond: ((l_shipdate >= '1994-05-01'::date) AND (l_shipdate < '1994-06-01'::date))
                           ->  Hash  (cost=6099.00..6099.00 rows=200000 width=25)
                                 ->  Seq Scan on part  (cost=0.00..6099.00 rows=200000 width=25)
(13 rows)

query 14 run 3
SET
SET
SET
                                                          QUERY PLAN                                                          
------------------------------------------------------------------------------------------------------------------------------
 Limit  (cost=82221.05..82221.07 rows=1 width=32)
   ->  Finalize Aggregate  (cost=82221.05..82221.07 rows=1 width=32)
         ->  Gather  (cost=82220.60..82221.01 rows=4 width=64)
               Workers Planned: 4
               ->  Partial Aggregate  (cost=81220.60..81220.61 rows=1 width=64)
                     ->  Hash Join  (cost=9987.45..80842.00 rows=21634 width=33)
                           Hash Cond: (lineitem.l_partkey = part.p_partkey)
                           ->  Parallel Bitmap Heap Scan on lineitem  (cost=1388.45..72186.21 rows=21634 width=16)
                                 Recheck Cond: ((l_shipdate >= '1994-05-01'::date) AND (l_shipdate < '1994-06-01'::date))
                                 ->  Bitmap Index Scan on idx_lineitem_shipdate  (cost=0.00..1366.81 rows=86538 width=0)
                                       Index Cond: ((l_shipdate >= '1994-05-01'::date) AND (l_shipdate < '1994-06-01'::date))
                           ->  Hash  (cost=6099.00..6099.00 rows=200000 width=25)
                                 ->  Seq Scan on part  (cost=0.00..6099.00 rows=200000 width=25)
(13 rows)

query 15 run 1
SET
SET
SET
CREATE VIEW
                                                          QUERY PLAN                                                          
------------------------------------------------------------------------------------------------------------------------------
 Limit  (cost=246663.58..246663.64 rows=1 width=103)
   InitPlan 1 (returns $0)
     ->  Aggregate  (cost=122145.48..122145.49 rows=1 width=32)
           ->  HashAggregate  (cost=121894.88..122020.18 rows=10024 width=36)
                 Group Key: lineitem_1.l_suppkey
                 ->  Bitmap Heap Scan on lineitem lineitem_1  (cost=3647.68..119620.00 rows=227488 width=16)
                       Recheck Cond: ((l_shipdate >= '1996-01-01'::date) AND (l_shipdate < '1996-04-01'::date))
                       ->  Bitmap Index Scan on idx_lineitem_shipdate  (cost=0.00..3590.81 rows=227488 width=0)
                             Index Cond: ((l_shipdate >= '1996-01-01'::date) AND (l_shipdate < '1996-04-01'::date))
   ->  Merge Join  (cost=124518.08..125111.94 rows=10024 width=103)
         Merge Cond: (supplier.s_suppkey = revenue0.supplier_no)
         ->  Index Scan using supplier_pkey on supplier  (cost=0.29..418.79 rows=10000 width=71)
         ->  Sort  (cost=124517.80..124542.86 rows=10024 width=36)
               Sort Key: revenue0.supplier_no
               ->  Subquery Scan on revenue0  (cost=123601.04..123851.64 rows=10024 width=36)
                     ->  HashAggregate  (cost=123601.04..123751.40 rows=10024 width=36)
                           Group Key: lineitem.l_suppkey
                           Filter: (sum((lineitem.l_extendedprice * ('1'::numeric - lineitem.l_discount))) = $0)
                           ->  Bitmap Heap Scan on lineitem  (cost=3647.68..119620.00 rows=227488 width=16)
                                 Recheck Cond: ((l_shipdate >= '1996-01-01'::date) AND (l_shipdate < '1996-04-01'::date))
                                 ->  Bitmap Index Scan on idx_lineitem_shipdate  (cost=0.00..3590.81 rows=227488 width=0)
                                       Index Cond: ((l_shipdate >= '1996-01-01'::date) AND (l_shipdate < '1996-04-01'::date))
(22 rows)

DROP VIEW
query 15 run 2
SET
SET
SET
CREATE VIEW
                                                          QUERY PLAN                                                          
------------------------------------------------------------------------------------------------------------------------------
 Limit  (cost=246663.58..246663.64 rows=1 width=103)
   InitPlan 1 (returns $0)
     ->  Aggregate  (cost=122145.48..122145.49 rows=1 width=32)
           ->  HashAggregate  (cost=121894.88..122020.18 rows=10024 width=36)
                 Group Key: lineitem_1.l_suppkey
                 ->  Bitmap Heap Scan on lineitem lineitem_1  (cost=3647.68..119620.00 rows=227488 width=16)
                       Recheck Cond: ((l_shipdate >= '1996-01-01'::date) AND (l_shipdate < '1996-04-01'::date))
                       ->  Bitmap Index Scan on idx_lineitem_shipdate  (cost=0.00..3590.81 rows=227488 width=0)
                             Index Cond: ((l_shipdate >= '1996-01-01'::date) AND (l_shipdate < '1996-04-01'::date))
   ->  Merge Join  (cost=124518.08..125111.94 rows=10024 width=103)
         Merge Cond: (supplier.s_suppkey = revenue0.supplier_no)
         ->  Index Scan using supplier_pkey on supplier  (cost=0.29..418.79 rows=10000 width=71)
         ->  Sort  (cost=124517.80..124542.86 rows=10024 width=36)
               Sort Key: revenue0.supplier_no
               ->  Subquery Scan on revenue0  (cost=123601.04..123851.64 rows=10024 width=36)
                     ->  HashAggregate  (cost=123601.04..123751.40 rows=10024 width=36)
                           Group Key: lineitem.l_suppkey
                           Filter: (sum((lineitem.l_extendedprice * ('1'::numeric - lineitem.l_discount))) = $0)
                           ->  Bitmap Heap Scan on lineitem  (cost=3647.68..119620.00 rows=227488 width=16)
                                 Recheck Cond: ((l_shipdate >= '1996-01-01'::date) AND (l_shipdate < '1996-04-01'::date))
                                 ->  Bitmap Index Scan on idx_lineitem_shipdate  (cost=0.00..3590.81 rows=227488 width=0)
                                       Index Cond: ((l_shipdate >= '1996-01-01'::date) AND (l_shipdate < '1996-04-01'::date))
(22 rows)

DROP VIEW
query 15 run 3
SET
SET
SET
CREATE VIEW
                                                          QUERY PLAN                                                          
------------------------------------------------------------------------------------------------------------------------------
 Limit  (cost=246663.58..246663.64 rows=1 width=103)
   InitPlan 1 (returns $0)
     ->  Aggregate  (cost=122145.48..122145.49 rows=1 width=32)
           ->  HashAggregate  (cost=121894.88..122020.18 rows=10024 width=36)
                 Group Key: lineitem_1.l_suppkey
                 ->  Bitmap Heap Scan on lineitem lineitem_1  (cost=3647.68..119620.00 rows=227488 width=16)
                       Recheck Cond: ((l_shipdate >= '1996-01-01'::date) AND (l_shipdate < '1996-04-01'::date))
                       ->  Bitmap Index Scan on idx_lineitem_shipdate  (cost=0.00..3590.81 rows=227488 width=0)
                             Index Cond: ((l_shipdate >= '1996-01-01'::date) AND (l_shipdate < '1996-04-01'::date))
   ->  Merge Join  (cost=124518.08..125111.94 rows=10024 width=103)
         Merge Cond: (supplier.s_suppkey = revenue0.supplier_no)
         ->  Index Scan using supplier_pkey on supplier  (cost=0.29..418.79 rows=10000 width=71)
         ->  Sort  (cost=124517.80..124542.86 rows=10024 width=36)
               Sort Key: revenue0.supplier_no
               ->  Subquery Scan on revenue0  (cost=123601.04..123851.64 rows=10024 width=36)
                     ->  HashAggregate  (cost=123601.04..123751.40 rows=10024 width=36)
                           Group Key: lineitem.l_suppkey
                           Filter: (sum((lineitem.l_extendedprice * ('1'::numeric - lineitem.l_discount))) = $0)
                           ->  Bitmap Heap Scan on lineitem  (cost=3647.68..119620.00 rows=227488 width=16)
                                 Recheck Cond: ((l_shipdate >= '1996-01-01'::date) AND (l_shipdate < '1996-04-01'::date))
                                 ->  Bitmap Index Scan on idx_lineitem_shipdate  (cost=0.00..3590.81 rows=227488 width=0)
                                       Index Cond: ((l_shipdate >= '1996-01-01'::date) AND (l_shipdate < '1996-04-01'::date))
(22 rows)

DROP VIEW
query 16 run 1
SET
SET
SET
                                                                                            QUERY PLAN                                                                                            
--------------------------------------------------------------------------------------------------------------------------------------------------------------------------------------------------
 Limit  (cost=32307.08..32307.08 rows=1 width=44)
   ->  Sort  (cost=32307.08..32346.77 rows=15877 width=44)
         Sort Key: (count(DISTINCT partsupp.ps_suppkey)) DESC, part.p_brand, part.p_type, part.p_size
         ->  GroupAggregate  (cost=31338.53..32227.70 rows=15877 width=44)
               Group Key: part.p_brand, part.p_type, part.p_size
               ->  Sort  (cost=31338.53..31484.61 rows=58432 width=40)
                     Sort Key: part.p_brand, part.p_type, part.p_size
                     ->  Gather  (cost=10812.63..26712.33 rows=58432 width=40)
                           Workers Planned: 4
                           ->  Hash Join  (cost=9812.63..19869.13 rows=14608 width=40)
                                 Hash Cond: (partsupp.ps_partkey = part.p_partkey)
                                 ->  Parallel Index Only Scan using partsupp_pkey on partsupp  (cost=348.43..10142.43 rows=100000 width=8)
                                       Filter: (NOT (hashed SubPlan 1))
                                       SubPlan 1
                                         ->  Seq Scan on supplier  (cost=0.00..348.00 rows=1 width=4)
                                               Filter: ((s_comment)::text ~~ '%Customer%Complaints%'::text)
                                 ->  Hash  (cost=9099.00..9099.00 rows=29216 width=40)
                                       ->  Seq Scan on part  (cost=0.00..9099.00 rows=29216 width=40)
                                             Filter: ((p_brand <> 'Brand#12'::bpchar) AND ((p_type)::text !~~ 'SMALL BRUSHED%'::text) AND (p_size = ANY ('{12,32,36,26,40,34,49,9}'::integer[])))
(19 rows)

query 16 run 2
SET
SET
SET
                                                                                            QUERY PLAN                                                                                            
--------------------------------------------------------------------------------------------------------------------------------------------------------------------------------------------------
 Limit  (cost=32307.08..32307.08 rows=1 width=44)
   ->  Sort  (cost=32307.08..32346.77 rows=15877 width=44)
         Sort Key: (count(DISTINCT partsupp.ps_suppkey)) DESC, part.p_brand, part.p_type, part.p_size
         ->  GroupAggregate  (cost=31338.53..32227.70 rows=15877 width=44)
               Group Key: part.p_brand, part.p_type, part.p_size
               ->  Sort  (cost=31338.53..31484.61 rows=58432 width=40)
                     Sort Key: part.p_brand, part.p_type, part.p_size
                     ->  Gather  (cost=10812.63..26712.33 rows=58432 width=40)
                           Workers Planned: 4
                           ->  Hash Join  (cost=9812.63..19869.13 rows=14608 width=40)
                                 Hash Cond: (partsupp.ps_partkey = part.p_partkey)
                                 ->  Parallel Index Only Scan using partsupp_pkey on partsupp  (cost=348.43..10142.43 rows=100000 width=8)
                                       Filter: (NOT (hashed SubPlan 1))
                                       SubPlan 1
                                         ->  Seq Scan on supplier  (cost=0.00..348.00 rows=1 width=4)
                                               Filter: ((s_comment)::text ~~ '%Customer%Complaints%'::text)
                                 ->  Hash  (cost=9099.00..9099.00 rows=29216 width=40)
                                       ->  Seq Scan on part  (cost=0.00..9099.00 rows=29216 width=40)
                                             Filter: ((p_brand <> 'Brand#12'::bpchar) AND ((p_type)::text !~~ 'SMALL BRUSHED%'::text) AND (p_size = ANY ('{12,32,36,26,40,34,49,9}'::integer[])))
(19 rows)

query 16 run 3
SET
SET
SET
                                                                                            QUERY PLAN                                                                                            
--------------------------------------------------------------------------------------------------------------------------------------------------------------------------------------------------
 Limit  (cost=32307.08..32307.08 rows=1 width=44)
   ->  Sort  (cost=32307.08..32346.77 rows=15877 width=44)
         Sort Key: (count(DISTINCT partsupp.ps_suppkey)) DESC, part.p_brand, part.p_type, part.p_size
         ->  GroupAggregate  (cost=31338.53..32227.70 rows=15877 width=44)
               Group Key: part.p_brand, part.p_type, part.p_size
               ->  Sort  (cost=31338.53..31484.61 rows=58432 width=40)
                     Sort Key: part.p_brand, part.p_type, part.p_size
                     ->  Gather  (cost=10812.63..26712.33 rows=58432 width=40)
                           Workers Planned: 4
                           ->  Hash Join  (cost=9812.63..19869.13 rows=14608 width=40)
                                 Hash Cond: (partsupp.ps_partkey = part.p_partkey)
                                 ->  Parallel Index Only Scan using partsupp_pkey on partsupp  (cost=348.43..10142.43 rows=100000 width=8)
                                       Filter: (NOT (hashed SubPlan 1))
                                       SubPlan 1
                                         ->  Seq Scan on supplier  (cost=0.00..348.00 rows=1 width=4)
                                               Filter: ((s_comment)::text ~~ '%Customer%Complaints%'::text)
                                 ->  Hash  (cost=9099.00..9099.00 rows=29216 width=40)
                                       ->  Seq Scan on part  (cost=0.00..9099.00 rows=29216 width=40)
                                             Filter: ((p_brand <> 'Brand#12'::bpchar) AND ((p_type)::text !~~ 'SMALL BRUSHED%'::text) AND (p_size = ANY ('{12,32,36,26,40,34,49,9}'::integer[])))
(19 rows)

query 17 run 1
SET
SET
SET
                                                                QUERY PLAN                                                                 
-------------------------------------------------------------------------------------------------------------------------------------------
 Limit  (cost=328181.48..328181.50 rows=1 width=32)
   ->  Aggregate  (cost=328181.48..328181.50 rows=1 width=32)
         ->  Nested Loop  (cost=1.29..328176.98 rows=1800 width=8)
               Join Filter: (part.p_partkey = lineitem.l_partkey)
               ->  Merge Join  (cost=0.85..327785.01 rows=180 width=40)
                     Merge Cond: (part.p_partkey = lineitem_1.l_partkey)
                     ->  Index Scan using part_pkey on part  (cost=0.42..8926.42 rows=186 width=4)
                           Filter: ((p_brand = 'Brand#22'::bpchar) AND (p_container = 'LG BOX'::bpchar))
                     ->  GroupAggregate  (cost=0.43..316437.60 rows=193498 width=36)
                           Group Key: lineitem_1.l_partkey
                           ->  Index Scan using idx_lineitem_part_supp on lineitem lineitem_1  (cost=0.43..283531.53 rows=6000720 width=9)
               ->  Index Scan using idx_lineitem_part_supp on lineitem  (cost=0.43..2.05 rows=10 width=17)
                     Index Cond: (l_partkey = lineitem_1.l_partkey)
                     Filter: (l_quantity < ((0.2 * avg(lineitem_1.l_quantity))))
(14 rows)

query 17 run 2
SET
SET
SET
                                                                QUERY PLAN                                                                 
-------------------------------------------------------------------------------------------------------------------------------------------
 Limit  (cost=328181.48..328181.50 rows=1 width=32)
   ->  Aggregate  (cost=328181.48..328181.50 rows=1 width=32)
         ->  Nested Loop  (cost=1.29..328176.98 rows=1800 width=8)
               Join Filter: (part.p_partkey = lineitem.l_partkey)
               ->  Merge Join  (cost=0.85..327785.01 rows=180 width=40)
                     Merge Cond: (part.p_partkey = lineitem_1.l_partkey)
                     ->  Index Scan using part_pkey on part  (cost=0.42..8926.42 rows=186 width=4)
                           Filter: ((p_brand = 'Brand#22'::bpchar) AND (p_container = 'LG BOX'::bpchar))
                     ->  GroupAggregate  (cost=0.43..316437.60 rows=193498 width=36)
                           Group Key: lineitem_1.l_partkey
                           ->  Index Scan using idx_lineitem_part_supp on lineitem lineitem_1  (cost=0.43..283531.53 rows=6000720 width=9)
               ->  Index Scan using idx_lineitem_part_supp on lineitem  (cost=0.43..2.05 rows=10 width=17)
                     Index Cond: (l_partkey = lineitem_1.l_partkey)
                     Filter: (l_quantity < ((0.2 * avg(lineitem_1.l_quantity))))
(14 rows)

query 17 run 3
SET
SET
SET
                                                                QUERY PLAN                                                                 
-------------------------------------------------------------------------------------------------------------------------------------------
 Limit  (cost=328181.48..328181.50 rows=1 width=32)
   ->  Aggregate  (cost=328181.48..328181.50 rows=1 width=32)
         ->  Nested Loop  (cost=1.29..328176.98 rows=1800 width=8)
               Join Filter: (part.p_partkey = lineitem.l_partkey)
               ->  Merge Join  (cost=0.85..327785.01 rows=180 width=40)
                     Merge Cond: (part.p_partkey = lineitem_1.l_partkey)
                     ->  Index Scan using part_pkey on part  (cost=0.42..8926.42 rows=186 width=4)
                           Filter: ((p_brand = 'Brand#22'::bpchar) AND (p_container = 'LG BOX'::bpchar))
                     ->  GroupAggregate  (cost=0.43..316437.60 rows=193498 width=36)
                           Group Key: lineitem_1.l_partkey
                           ->  Index Scan using idx_lineitem_part_supp on lineitem lineitem_1  (cost=0.43..283531.53 rows=6000720 width=9)
               ->  Index Scan using idx_lineitem_part_supp on lineitem  (cost=0.43..2.05 rows=10 width=17)
                     Index Cond: (l_partkey = lineitem_1.l_partkey)
                     Filter: (l_quantity < ((0.2 * avg(lineitem_1.l_quantity))))
(14 rows)

query 18 run 1
SET
SET
SET
                                                                         QUERY PLAN                                                                         
------------------------------------------------------------------------------------------------------------------------------------------------------------
 Limit  (cost=1855647.62..1855647.87 rows=100 width=71)
   ->  Sort  (cost=1855647.62..1870649.42 rows=6000720 width=71)
         Sort Key: orders.o_totalprice DESC, orders.o_orderdate
         ->  GroupAggregate  (cost=1491288.22..1626304.42 rows=6000720 width=71)
               Group Key: customer.c_custkey, orders.o_orderkey
               ->  Sort  (cost=1491288.22..1506290.02 rows=6000720 width=44)
                     Sort Key: customer.c_custkey, orders.o_orderkey
                     ->  Hash Join  (cost=6980.60..697038.78 rows=6000720 width=44)
                           Hash Cond: (orders.o_custkey = customer.c_custkey)
                           ->  Merge Join  (cost=8.60..674314.44 rows=6000720 width=25)
                                 Merge Cond: (orders.o_orderkey = lineitem.l_orderkey)
                                 ->  Merge Join  (cost=0.86..368323.06 rows=1500180 width=24)
                                       Merge Cond: (orders.o_orderkey = lineitem_1.l_orderkey)
                                       ->  Index Scan using orders_pkey on orders  (cost=0.43..54805.93 rows=1500000 width=20)
                                       ->  GroupAggregate  (cost=0.43..276013.08 rows=1500180 width=4)
                                             Group Key: lineitem_1.l_orderkey
                                             Filter: (sum(lineitem_1.l_quantity) > '313'::numeric)
                                             ->  Index Scan using idx_lineitem_orderkey on lineitem lineitem_1  (cost=0.43..227257.23 rows=6000720 width=9)
                                 ->  Index Scan using idx_lineitem_orderkey on lineitem  (cost=0.43..227257.23 rows=6000720 width=9)
                           ->  Hash  (cost=5097.00..5097.00 rows=150000 width=23)
                                 ->  Seq Scan on customer  (cost=0.00..5097.00 rows=150000 width=23)
(21 rows)

query 18 run 2
SET
SET
SET
                                                                         QUERY PLAN                                                                         
------------------------------------------------------------------------------------------------------------------------------------------------------------
 Limit  (cost=1855647.62..1855647.87 rows=100 width=71)
   ->  Sort  (cost=1855647.62..1870649.42 rows=6000720 width=71)
         Sort Key: orders.o_totalprice DESC, orders.o_orderdate
         ->  GroupAggregate  (cost=1491288.22..1626304.42 rows=6000720 width=71)
               Group Key: customer.c_custkey, orders.o_orderkey
               ->  Sort  (cost=1491288.22..1506290.02 rows=6000720 width=44)
                     Sort Key: customer.c_custkey, orders.o_orderkey
                     ->  Hash Join  (cost=6980.60..697038.78 rows=6000720 width=44)
                           Hash Cond: (orders.o_custkey = customer.c_custkey)
                           ->  Merge Join  (cost=8.60..674314.44 rows=6000720 width=25)
                                 Merge Cond: (orders.o_orderkey = lineitem.l_orderkey)
                                 ->  Merge Join  (cost=0.86..368323.06 rows=1500180 width=24)
                                       Merge Cond: (orders.o_orderkey = lineitem_1.l_orderkey)
                                       ->  Index Scan using orders_pkey on orders  (cost=0.43..54805.93 rows=1500000 width=20)
                                       ->  GroupAggregate  (cost=0.43..276013.08 rows=1500180 width=4)
                                             Group Key: lineitem_1.l_orderkey
                                             Filter: (sum(lineitem_1.l_quantity) > '313'::numeric)
                                             ->  Index Scan using idx_lineitem_orderkey on lineitem lineitem_1  (cost=0.43..227257.23 rows=6000720 width=9)
                                 ->  Index Scan using idx_lineitem_orderkey on lineitem  (cost=0.43..227257.23 rows=6000720 width=9)
                           ->  Hash  (cost=5097.00..5097.00 rows=150000 width=23)
                                 ->  Seq Scan on customer  (cost=0.00..5097.00 rows=150000 width=23)
(21 rows)

query 18 run 3
SET
SET
SET
                                                                         QUERY PLAN                                                                         
------------------------------------------------------------------------------------------------------------------------------------------------------------
 Limit  (cost=1855647.62..1855647.87 rows=100 width=71)
   ->  Sort  (cost=1855647.62..1870649.42 rows=6000720 width=71)
         Sort Key: orders.o_totalprice DESC, orders.o_orderdate
         ->  GroupAggregate  (cost=1491288.22..1626304.42 rows=6000720 width=71)
               Group Key: customer.c_custkey, orders.o_orderkey
               ->  Sort  (cost=1491288.22..1506290.02 rows=6000720 width=44)
                     Sort Key: customer.c_custkey, orders.o_orderkey
                     ->  Hash Join  (cost=6980.60..697038.78 rows=6000720 width=44)
                           Hash Cond: (orders.o_custkey = customer.c_custkey)
                           ->  Merge Join  (cost=8.60..674314.44 rows=6000720 width=25)
                                 Merge Cond: (orders.o_orderkey = lineitem.l_orderkey)
                                 ->  Merge Join  (cost=0.86..368323.06 rows=1500180 width=24)
                                       Merge Cond: (orders.o_orderkey = lineitem_1.l_orderkey)
                                       ->  Index Scan using orders_pkey on orders  (cost=0.43..54805.93 rows=1500000 width=20)
                                       ->  GroupAggregate  (cost=0.43..276013.08 rows=1500180 width=4)
                                             Group Key: lineitem_1.l_orderkey
                                             Filter: (sum(lineitem_1.l_quantity) > '313'::numeric)
                                             ->  Index Scan using idx_lineitem_orderkey on lineitem lineitem_1  (cost=0.43..227257.23 rows=6000720 width=9)
                                 ->  Index Scan using idx_lineitem_orderkey on lineitem  (cost=0.43..227257.23 rows=6000720 width=9)
                           ->  Hash  (cost=5097.00..5097.00 rows=150000 width=23)
                                 ->  Seq Scan on customer  (cost=0.00..5097.00 rows=150000 width=23)
(21 rows)

query 19 run 1
SET
SET
SET
                                                                                                                                                                                                                                                                                                                                                                                                                                                                                                                  QUERY PLAN                                                                                                                                                                                                                                                                                                                                                                                                                                                                                                                  
----------------------------------------------------------------------------------------------------------------------------------------------------------------------------------------------------------------------------------------------------------------------------------------------------------------------------------------------------------------------------------------------------------------------------------------------------------------------------------------------------------------------------------------------------------------------------------------------------------------------------------------------------------------------------------------------------------------------------------------------------------------------------------------------------------------------------------------------------------------------------------------------------------------------------------------------------------------------------------------------------------------------------------------------
 Limit  (cost=18034.30..18034.31 rows=1 width=32)
   ->  Finalize Aggregate  (cost=18034.30..18034.31 rows=1 width=32)
         ->  Gather  (cost=18034.08..18034.29 rows=2 width=32)
               Workers Planned: 2
               ->  Partial Aggregate  (cost=17034.08..17034.09 rows=1 width=32)
                     ->  Nested Loop  (cost=0.43..17033.73 rows=46 width=12)
                           ->  Parallel Seq Scan on part  (cost=0.00..7640.67 rows=195 width=30)
                                 Filter: ((p_size >= 1) AND (((p_brand = 'Brand#24'::bpchar) AND (p_container = ANY ('{"SM CASE","SM BOX","SM PACK","SM PKG"}'::bpchar[])) AND (p_size <= 5)) OR ((p_brand = 'Brand#43'::bpchar) AND (p_container = ANY ('{"MED BAG","MED BOX","MED PKG","MED PACK"}'::bpchar[])) AND (p_size <= 10)) OR ((p_brand = 'Brand#44'::bpchar) AND (p_container = ANY ('{"LG CASE","LG BOX","LG PACK","LG PKG"}'::bpchar[])) AND (p_size <= 15))))
                           ->  Index Scan using idx_lineitem_part_supp on lineitem  (cost=0.43..48.16 rows=1 width=21)
                                 Index Cond: (l_partkey = part.p_partkey)
                                 Filter: ((l_shipmode = ANY ('{AIR,"AIR REG"}'::bpchar[])) AND (l_shipinstruct = 'DELIVER IN PERSON'::bpchar) AND (((l_quantity >= '10'::numeric) AND (l_quantity <= '20'::numeric)) OR ((l_quantity >= '10'::numeric) AND (l_quantity <= '20'::numeric)) OR ((l_quantity >= '20'::numeric) AND (l_quantity <= '30'::numeric))) AND (((part.p_brand = 'Brand#24'::bpchar) AND (part.p_container = ANY ('{"SM CASE","SM BOX","SM PACK","SM PKG"}'::bpchar[])) AND (l_quantity >= '10'::numeric) AND (l_quantity <= '20'::numeric) AND (part.p_size <= 5)) OR ((part.p_brand = 'Brand#43'::bpchar) AND (part.p_container = ANY ('{"MED BAG","MED BOX","MED PKG","MED PACK"}'::bpchar[])) AND (l_quantity >= '10'::numeric) AND (l_quantity <= '20'::numeric) AND (part.p_size <= 10)) OR ((part.p_brand = 'Brand#44'::bpchar) AND (part.p_container = ANY ('{"LG CASE","LG BOX","LG PACK","LG PKG"}'::bpchar[])) AND (l_quantity >= '20'::numeric) AND (l_quantity <= '30'::numeric) AND (part.p_size <= 15))))
(11 rows)

query 19 run 2
SET
SET
SET
                                                                                                                                                                                                                                                                                                                                                                                                                                                                                                                  QUERY PLAN                                                                                                                                                                                                                                                                                                                                                                                                                                                                                                                  
----------------------------------------------------------------------------------------------------------------------------------------------------------------------------------------------------------------------------------------------------------------------------------------------------------------------------------------------------------------------------------------------------------------------------------------------------------------------------------------------------------------------------------------------------------------------------------------------------------------------------------------------------------------------------------------------------------------------------------------------------------------------------------------------------------------------------------------------------------------------------------------------------------------------------------------------------------------------------------------------------------------------------------------------
 Limit  (cost=18034.30..18034.31 rows=1 width=32)
   ->  Finalize Aggregate  (cost=18034.30..18034.31 rows=1 width=32)
         ->  Gather  (cost=18034.08..18034.29 rows=2 width=32)
               Workers Planned: 2
               ->  Partial Aggregate  (cost=17034.08..17034.09 rows=1 width=32)
                     ->  Nested Loop  (cost=0.43..17033.73 rows=46 width=12)
                           ->  Parallel Seq Scan on part  (cost=0.00..7640.67 rows=195 width=30)
                                 Filter: ((p_size >= 1) AND (((p_brand = 'Brand#24'::bpchar) AND (p_container = ANY ('{"SM CASE","SM BOX","SM PACK","SM PKG"}'::bpchar[])) AND (p_size <= 5)) OR ((p_brand = 'Brand#43'::bpchar) AND (p_container = ANY ('{"MED BAG","MED BOX","MED PKG","MED PACK"}'::bpchar[])) AND (p_size <= 10)) OR ((p_brand = 'Brand#44'::bpchar) AND (p_container = ANY ('{"LG CASE","LG BOX","LG PACK","LG PKG"}'::bpchar[])) AND (p_size <= 15))))
                           ->  Index Scan using idx_lineitem_part_supp on lineitem  (cost=0.43..48.16 rows=1 width=21)
                                 Index Cond: (l_partkey = part.p_partkey)
                                 Filter: ((l_shipmode = ANY ('{AIR,"AIR REG"}'::bpchar[])) AND (l_shipinstruct = 'DELIVER IN PERSON'::bpchar) AND (((l_quantity >= '10'::numeric) AND (l_quantity <= '20'::numeric)) OR ((l_quantity >= '10'::numeric) AND (l_quantity <= '20'::numeric)) OR ((l_quantity >= '20'::numeric) AND (l_quantity <= '30'::numeric))) AND (((part.p_brand = 'Brand#24'::bpchar) AND (part.p_container = ANY ('{"SM CASE","SM BOX","SM PACK","SM PKG"}'::bpchar[])) AND (l_quantity >= '10'::numeric) AND (l_quantity <= '20'::numeric) AND (part.p_size <= 5)) OR ((part.p_brand = 'Brand#43'::bpchar) AND (part.p_container = ANY ('{"MED BAG","MED BOX","MED PKG","MED PACK"}'::bpchar[])) AND (l_quantity >= '10'::numeric) AND (l_quantity <= '20'::numeric) AND (part.p_size <= 10)) OR ((part.p_brand = 'Brand#44'::bpchar) AND (part.p_container = ANY ('{"LG CASE","LG BOX","LG PACK","LG PKG"}'::bpchar[])) AND (l_quantity >= '20'::numeric) AND (l_quantity <= '30'::numeric) AND (part.p_size <= 15))))
(11 rows)

query 19 run 3
SET
SET
SET
                                                                                                                                                                                                                                                                                                                                                                                                                                                                                                                  QUERY PLAN                                                                                                                                                                                                                                                                                                                                                                                                                                                                                                                  
----------------------------------------------------------------------------------------------------------------------------------------------------------------------------------------------------------------------------------------------------------------------------------------------------------------------------------------------------------------------------------------------------------------------------------------------------------------------------------------------------------------------------------------------------------------------------------------------------------------------------------------------------------------------------------------------------------------------------------------------------------------------------------------------------------------------------------------------------------------------------------------------------------------------------------------------------------------------------------------------------------------------------------------------
 Limit  (cost=18034.30..18034.31 rows=1 width=32)
   ->  Finalize Aggregate  (cost=18034.30..18034.31 rows=1 width=32)
         ->  Gather  (cost=18034.08..18034.29 rows=2 width=32)
               Workers Planned: 2
               ->  Partial Aggregate  (cost=17034.08..17034.09 rows=1 width=32)
                     ->  Nested Loop  (cost=0.43..17033.73 rows=46 width=12)
                           ->  Parallel Seq Scan on part  (cost=0.00..7640.67 rows=195 width=30)
                                 Filter: ((p_size >= 1) AND (((p_brand = 'Brand#24'::bpchar) AND (p_container = ANY ('{"SM CASE","SM BOX","SM PACK","SM PKG"}'::bpchar[])) AND (p_size <= 5)) OR ((p_brand = 'Brand#43'::bpchar) AND (p_container = ANY ('{"MED BAG","MED BOX","MED PKG","MED PACK"}'::bpchar[])) AND (p_size <= 10)) OR ((p_brand = 'Brand#44'::bpchar) AND (p_container = ANY ('{"LG CASE","LG BOX","LG PACK","LG PKG"}'::bpchar[])) AND (p_size <= 15))))
                           ->  Index Scan using idx_lineitem_part_supp on lineitem  (cost=0.43..48.16 rows=1 width=21)
                                 Index Cond: (l_partkey = part.p_partkey)
                                 Filter: ((l_shipmode = ANY ('{AIR,"AIR REG"}'::bpchar[])) AND (l_shipinstruct = 'DELIVER IN PERSON'::bpchar) AND (((l_quantity >= '10'::numeric) AND (l_quantity <= '20'::numeric)) OR ((l_quantity >= '10'::numeric) AND (l_quantity <= '20'::numeric)) OR ((l_quantity >= '20'::numeric) AND (l_quantity <= '30'::numeric))) AND (((part.p_brand = 'Brand#24'::bpchar) AND (part.p_container = ANY ('{"SM CASE","SM BOX","SM PACK","SM PKG"}'::bpchar[])) AND (l_quantity >= '10'::numeric) AND (l_quantity <= '20'::numeric) AND (part.p_size <= 5)) OR ((part.p_brand = 'Brand#43'::bpchar) AND (part.p_container = ANY ('{"MED BAG","MED BOX","MED PKG","MED PACK"}'::bpchar[])) AND (l_quantity >= '10'::numeric) AND (l_quantity <= '20'::numeric) AND (part.p_size <= 10)) OR ((part.p_brand = 'Brand#44'::bpchar) AND (part.p_container = ANY ('{"LG CASE","LG BOX","LG PACK","LG PKG"}'::bpchar[])) AND (l_quantity >= '20'::numeric) AND (l_quantity <= '30'::numeric) AND (part.p_size <= 15))))
(11 rows)

query 20 run 1
SET
SET
SET
                                                                   QUERY PLAN                                                                   
------------------------------------------------------------------------------------------------------------------------------------------------
 Limit  (cost=272636.12..272636.13 rows=1 width=51)
   ->  Sort  (cost=272636.12..272636.13 rows=1 width=51)
         Sort Key: supplier.s_name
         ->  Nested Loop Semi Join  (cost=238960.83..272636.11 rows=1 width=51)
               Join Filter: (supplier.s_suppkey = lineitem.l_suppkey)
               ->  Nested Loop  (cost=0.00..449.31 rows=400 width=55)
                     Join Filter: (supplier.s_nationkey = nation.n_nationkey)
                     ->  Seq Scan on nation  (cost=0.00..1.31 rows=1 width=4)
                           Filter: (n_name = 'IRAQ'::bpchar)
                     ->  Seq Scan on supplier  (cost=0.00..323.00 rows=10000 width=59)
               ->  Materialize  (cost=238960.83..272180.80 rows=1 width=8)
                     ->  Nested Loop  (cost=238960.83..272180.80 rows=1 width=8)
                           ->  Merge Join  (cost=238960.41..269645.80 rows=4861 width=44)
                                 Merge Cond: (lineitem.l_partkey = part.p_partkey)
                                 ->  GroupAggregate  (cost=238959.99..255150.15 rows=481246 width=40)
                                       Group Key: lineitem.l_partkey, lineitem.l_suppkey
                                       ->  Sort  (cost=238959.99..241202.85 rows=897147 width=13)
                                             Sort Key: lineitem.l_partkey, lineitem.l_suppkey
                                             ->  Bitmap Heap Scan on lineitem  (cost=14380.19..140397.39 rows=897147 width=13)
                                                   Recheck Cond: ((l_shipdate >= '1996-01-01'::date) AND (l_shipdate < '1997-01-01'::date))
                                                   ->  Bitmap Index Scan on idx_lineitem_shipdate  (cost=0.00..14155.90 rows=897147 width=0)
                                                         Index Cond: ((l_shipdate >= '1996-01-01'::date) AND (l_shipdate < '1997-01-01'::date))
                                 ->  Index Scan using part_pkey on part  (cost=0.42..8426.42 rows=2020 width=4)
                                       Filter: ((p_name)::text ~~ 'olive%'::text)
                           ->  Index Scan using partsupp_pkey on partsupp  (cost=0.42..0.51 rows=1 width=12)
                                 Index Cond: ((ps_partkey = lineitem.l_partkey) AND (ps_suppkey = lineitem.l_suppkey))
                                 Filter: ((ps_availqty)::numeric > ((0.5 * sum(lineitem.l_quantity))))
(27 rows)

query 20 run 2
SET
SET
SET
                                                                   QUERY PLAN                                                                   
------------------------------------------------------------------------------------------------------------------------------------------------
 Limit  (cost=272636.12..272636.13 rows=1 width=51)
   ->  Sort  (cost=272636.12..272636.13 rows=1 width=51)
         Sort Key: supplier.s_name
         ->  Nested Loop Semi Join  (cost=238960.83..272636.11 rows=1 width=51)
               Join Filter: (supplier.s_suppkey = lineitem.l_suppkey)
               ->  Nested Loop  (cost=0.00..449.31 rows=400 width=55)
                     Join Filter: (supplier.s_nationkey = nation.n_nationkey)
                     ->  Seq Scan on nation  (cost=0.00..1.31 rows=1 width=4)
                           Filter: (n_name = 'IRAQ'::bpchar)
                     ->  Seq Scan on supplier  (cost=0.00..323.00 rows=10000 width=59)
               ->  Materialize  (cost=238960.83..272180.80 rows=1 width=8)
                     ->  Nested Loop  (cost=238960.83..272180.80 rows=1 width=8)
                           ->  Merge Join  (cost=238960.41..269645.80 rows=4861 width=44)
                                 Merge Cond: (lineitem.l_partkey = part.p_partkey)
                                 ->  GroupAggregate  (cost=238959.99..255150.15 rows=481246 width=40)
                                       Group Key: lineitem.l_partkey, lineitem.l_suppkey
                                       ->  Sort  (cost=238959.99..241202.85 rows=897147 width=13)
                                             Sort Key: lineitem.l_partkey, lineitem.l_suppkey
                                             ->  Bitmap Heap Scan on lineitem  (cost=14380.19..140397.39 rows=897147 width=13)
                                                   Recheck Cond: ((l_shipdate >= '1996-01-01'::date) AND (l_shipdate < '1997-01-01'::date))
                                                   ->  Bitmap Index Scan on idx_lineitem_shipdate  (cost=0.00..14155.90 rows=897147 width=0)
                                                         Index Cond: ((l_shipdate >= '1996-01-01'::date) AND (l_shipdate < '1997-01-01'::date))
                                 ->  Index Scan using part_pkey on part  (cost=0.42..8426.42 rows=2020 width=4)
                                       Filter: ((p_name)::text ~~ 'olive%'::text)
                           ->  Index Scan using partsupp_pkey on partsupp  (cost=0.42..0.51 rows=1 width=12)
                                 Index Cond: ((ps_partkey = lineitem.l_partkey) AND (ps_suppkey = lineitem.l_suppkey))
                                 Filter: ((ps_availqty)::numeric > ((0.5 * sum(lineitem.l_quantity))))
(27 rows)

query 20 run 3
SET
SET
SET
                                                                   QUERY PLAN                                                                   
------------------------------------------------------------------------------------------------------------------------------------------------
 Limit  (cost=272636.12..272636.13 rows=1 width=51)
   ->  Sort  (cost=272636.12..272636.13 rows=1 width=51)
         Sort Key: supplier.s_name
         ->  Nested Loop Semi Join  (cost=238960.83..272636.11 rows=1 width=51)
               Join Filter: (supplier.s_suppkey = lineitem.l_suppkey)
               ->  Nested Loop  (cost=0.00..449.31 rows=400 width=55)
                     Join Filter: (supplier.s_nationkey = nation.n_nationkey)
                     ->  Seq Scan on nation  (cost=0.00..1.31 rows=1 width=4)
                           Filter: (n_name = 'IRAQ'::bpchar)
                     ->  Seq Scan on supplier  (cost=0.00..323.00 rows=10000 width=59)
               ->  Materialize  (cost=238960.83..272180.80 rows=1 width=8)
                     ->  Nested Loop  (cost=238960.83..272180.80 rows=1 width=8)
                           ->  Merge Join  (cost=238960.41..269645.80 rows=4861 width=44)
                                 Merge Cond: (lineitem.l_partkey = part.p_partkey)
                                 ->  GroupAggregate  (cost=238959.99..255150.15 rows=481246 width=40)
                                       Group Key: lineitem.l_partkey, lineitem.l_suppkey
                                       ->  Sort  (cost=238959.99..241202.85 rows=897147 width=13)
                                             Sort Key: lineitem.l_partkey, lineitem.l_suppkey
                                             ->  Bitmap Heap Scan on lineitem  (cost=14380.19..140397.39 rows=897147 width=13)
                                                   Recheck Cond: ((l_shipdate >= '1996-01-01'::date) AND (l_shipdate < '1997-01-01'::date))
                                                   ->  Bitmap Index Scan on idx_lineitem_shipdate  (cost=0.00..14155.90 rows=897147 width=0)
                                                         Index Cond: ((l_shipdate >= '1996-01-01'::date) AND (l_shipdate < '1997-01-01'::date))
                                 ->  Index Scan using part_pkey on part  (cost=0.42..8426.42 rows=2020 width=4)
                                       Filter: ((p_name)::text ~~ 'olive%'::text)
                           ->  Index Scan using partsupp_pkey on partsupp  (cost=0.42..0.51 rows=1 width=12)
                                 Index Cond: ((ps_partkey = lineitem.l_partkey) AND (ps_suppkey = lineitem.l_suppkey))
                                 Filter: ((ps_availqty)::numeric > ((0.5 * sum(lineitem.l_quantity))))
(27 rows)

query 21 run 1
SET
SET
SET
                                                                        QUERY PLAN                                                                        
----------------------------------------------------------------------------------------------------------------------------------------------------------
 Limit  (cost=147579.00..147579.00 rows=1 width=34)
   ->  Sort  (cost=147579.00..147579.00 rows=1 width=34)
         Sort Key: (count(*)) DESC, supplier.s_name
         ->  GroupAggregate  (cost=147578.97..147578.99 rows=1 width=34)
               Group Key: supplier.s_name
               ->  Sort  (cost=147578.97..147578.97 rows=1 width=26)
                     Sort Key: supplier.s_name
                     ->  Nested Loop Anti Join  (cost=1236.87..147578.96 rows=1 width=26)
                           ->  Nested Loop  (cost=1236.44..147578.33 rows=1 width=34)
                                 ->  Gather  (cost=1236.01..147577.86 rows=1 width=38)
                                       Workers Planned: 4
                                       ->  Nested Loop Semi Join  (cost=236.01..146577.76 rows=1 width=38)
                                             ->  Hash Join  (cost=235.58..133622.60 rows=19954 width=34)
                                                   Hash Cond: (l1.l_suppkey = supplier.s_suppkey)
                                                   ->  Parallel Seq Scan on lineitem l1  (cost=0.00..131312.25 rows=500060 width=8)
                                                         Filter: (l_receiptdate > l_commitdate)
                                                   ->  Hash  (cost=230.58..230.58 rows=400 width=30)
                                                         ->  Nested Loop  (cost=6.38..230.58 rows=400 width=30)
                                                               ->  Seq Scan on nation  (cost=0.00..1.31 rows=1 width=4)
                                                                     Filter: (n_name = 'PERU'::bpchar)
                                                               ->  Bitmap Heap Scan on supplier  (cost=6.38..225.26 rows=400 width=34)
                                                                     Recheck Cond: (s_nationkey = nation.n_nationkey)
                                                                     ->  Bitmap Index Scan on idx_supplier_nation_key  (cost=0.00..6.29 rows=400 width=0)
                                                                           Index Cond: (s_nationkey = nation.n_nationkey)
                                             ->  Index Scan using idx_lineitem_orderkey on lineitem l2  (cost=0.43..0.61 rows=4 width=8)
                                                   Index Cond: (l_orderkey = l1.l_orderkey)
                                                   Filter: (l_suppkey <> l1.l_suppkey)
                                 ->  Index Scan using orders_pkey on orders  (cost=0.43..0.47 rows=1 width=4)
                                       Index Cond: (o_orderkey = l1.l_orderkey)
                                       Filter: (o_orderstatus = 'F'::bpchar)
                           ->  Index Scan using idx_lineitem_orderkey on lineitem l3  (cost=0.43..0.62 rows=1 width=8)
                                 Index Cond: (l_orderkey = l1.l_orderkey)
                                 Filter: ((l_receiptdate > l_commitdate) AND (l_suppkey <> l1.l_suppkey))
(33 rows)

query 21 run 2
SET
SET
SET
                                                                        QUERY PLAN                                                                        
----------------------------------------------------------------------------------------------------------------------------------------------------------
 Limit  (cost=147579.00..147579.00 rows=1 width=34)
   ->  Sort  (cost=147579.00..147579.00 rows=1 width=34)
         Sort Key: (count(*)) DESC, supplier.s_name
         ->  GroupAggregate  (cost=147578.97..147578.99 rows=1 width=34)
               Group Key: supplier.s_name
               ->  Sort  (cost=147578.97..147578.97 rows=1 width=26)
                     Sort Key: supplier.s_name
                     ->  Nested Loop Anti Join  (cost=1236.87..147578.96 rows=1 width=26)
                           ->  Nested Loop  (cost=1236.44..147578.33 rows=1 width=34)
                                 ->  Gather  (cost=1236.01..147577.86 rows=1 width=38)
                                       Workers Planned: 4
                                       ->  Nested Loop Semi Join  (cost=236.01..146577.76 rows=1 width=38)
                                             ->  Hash Join  (cost=235.58..133622.60 rows=19954 width=34)
                                                   Hash Cond: (l1.l_suppkey = supplier.s_suppkey)
                                                   ->  Parallel Seq Scan on lineitem l1  (cost=0.00..131312.25 rows=500060 width=8)
                                                         Filter: (l_receiptdate > l_commitdate)
                                                   ->  Hash  (cost=230.58..230.58 rows=400 width=30)
                                                         ->  Nested Loop  (cost=6.38..230.58 rows=400 width=30)
                                                               ->  Seq Scan on nation  (cost=0.00..1.31 rows=1 width=4)
                                                                     Filter: (n_name = 'PERU'::bpchar)
                                                               ->  Bitmap Heap Scan on supplier  (cost=6.38..225.26 rows=400 width=34)
                                                                     Recheck Cond: (s_nationkey = nation.n_nationkey)
                                                                     ->  Bitmap Index Scan on idx_supplier_nation_key  (cost=0.00..6.29 rows=400 width=0)
                                                                           Index Cond: (s_nationkey = nation.n_nationkey)
                                             ->  Index Scan using idx_lineitem_orderkey on lineitem l2  (cost=0.43..0.61 rows=4 width=8)
                                                   Index Cond: (l_orderkey = l1.l_orderkey)
                                                   Filter: (l_suppkey <> l1.l_suppkey)
                                 ->  Index Scan using orders_pkey on orders  (cost=0.43..0.47 rows=1 width=4)
                                       Index Cond: (o_orderkey = l1.l_orderkey)
                                       Filter: (o_orderstatus = 'F'::bpchar)
                           ->  Index Scan using idx_lineitem_orderkey on lineitem l3  (cost=0.43..0.62 rows=1 width=8)
                                 Index Cond: (l_orderkey = l1.l_orderkey)
                                 Filter: ((l_receiptdate > l_commitdate) AND (l_suppkey <> l1.l_suppkey))
(33 rows)

query 21 run 3
SET
SET
SET
                                                                        QUERY PLAN                                                                        
----------------------------------------------------------------------------------------------------------------------------------------------------------
 Limit  (cost=147579.00..147579.00 rows=1 width=34)
   ->  Sort  (cost=147579.00..147579.00 rows=1 width=34)
         Sort Key: (count(*)) DESC, supplier.s_name
         ->  GroupAggregate  (cost=147578.97..147578.99 rows=1 width=34)
               Group Key: supplier.s_name
               ->  Sort  (cost=147578.97..147578.97 rows=1 width=26)
                     Sort Key: supplier.s_name
                     ->  Nested Loop Anti Join  (cost=1236.87..147578.96 rows=1 width=26)
                           ->  Nested Loop  (cost=1236.44..147578.33 rows=1 width=34)
                                 ->  Gather  (cost=1236.01..147577.86 rows=1 width=38)
                                       Workers Planned: 4
                                       ->  Nested Loop Semi Join  (cost=236.01..146577.76 rows=1 width=38)
                                             ->  Hash Join  (cost=235.58..133622.60 rows=19954 width=34)
                                                   Hash Cond: (l1.l_suppkey = supplier.s_suppkey)
                                                   ->  Parallel Seq Scan on lineitem l1  (cost=0.00..131312.25 rows=500060 width=8)
                                                         Filter: (l_receiptdate > l_commitdate)
                                                   ->  Hash  (cost=230.58..230.58 rows=400 width=30)
                                                         ->  Nested Loop  (cost=6.38..230.58 rows=400 width=30)
                                                               ->  Seq Scan on nation  (cost=0.00..1.31 rows=1 width=4)
                                                                     Filter: (n_name = 'PERU'::bpchar)
                                                               ->  Bitmap Heap Scan on supplier  (cost=6.38..225.26 rows=400 width=34)
                                                                     Recheck Cond: (s_nationkey = nation.n_nationkey)
                                                                     ->  Bitmap Index Scan on idx_supplier_nation_key  (cost=0.00..6.29 rows=400 width=0)
                                                                           Index Cond: (s_nationkey = nation.n_nationkey)
                                             ->  Index Scan using idx_lineitem_orderkey on lineitem l2  (cost=0.43..0.61 rows=4 width=8)
                                                   Index Cond: (l_orderkey = l1.l_orderkey)
                                                   Filter: (l_suppkey <> l1.l_suppkey)
                                 ->  Index Scan using orders_pkey on orders  (cost=0.43..0.47 rows=1 width=4)
                                       Index Cond: (o_orderkey = l1.l_orderkey)
                                       Filter: (o_orderstatus = 'F'::bpchar)
                           ->  Index Scan using idx_lineitem_orderkey on lineitem l3  (cost=0.43..0.62 rows=1 width=8)
                                 Index Cond: (l_orderkey = l1.l_orderkey)
                                 Filter: ((l_receiptdate > l_commitdate) AND (l_suppkey <> l1.l_suppkey))
(33 rows)

query 22 run 1
SET
SET
SET
                                                                 QUERY PLAN                                                                 
--------------------------------------------------------------------------------------------------------------------------------------------
 Limit  (cost=14821.68..14821.71 rows=1 width=72)
   InitPlan 1 (returns $1)
     ->  Finalize Aggregate  (cost=6242.81..6242.82 rows=1 width=32)
           ->  Gather  (cost=6242.59..6242.80 rows=2 width=32)
                 Workers Planned: 2
                 ->  Partial Aggregate  (cost=5242.59..5242.60 rows=1 width=32)
                       ->  Parallel Seq Scan on customer customer_1  (cost=0.00..5237.62 rows=1985 width=6)
                             Filter: ((c_acctbal > 0.00) AND ("substring"((c_phone)::text, 1, 2) = ANY ('{21,29,26,34,14,15,17}'::text[])))
   ->  GroupAggregate  (cost=8578.86..8598.88 rows=728 width=72)
         Group Key: ("substring"((customer.c_phone)::text, 1, 2))
         ->  Sort  (cost=8578.86..8580.68 rows=728 width=38)
               Sort Key: ("substring"((customer.c_phone)::text, 1, 2))
               ->  Nested Loop Anti Join  (cost=0.43..8544.25 rows=728 width=38)
                     ->  Seq Scan on customer  (cost=0.00..7534.50 rows=1750 width=26)
                           Filter: ((c_acctbal > $1) AND ("substring"((c_phone)::text, 1, 2) = ANY ('{21,29,26,34,14,15,17}'::text[])))
                     ->  Index Only Scan using idx_orders_custkey on orders  (cost=0.43..1.96 rows=17 width=4)
                           Index Cond: (o_custkey = customer.c_custkey)
(17 rows)

query 22 run 2
SET
SET
SET
                                                                 QUERY PLAN                                                                 
--------------------------------------------------------------------------------------------------------------------------------------------
 Limit  (cost=14821.68..14821.71 rows=1 width=72)
   InitPlan 1 (returns $1)
     ->  Finalize Aggregate  (cost=6242.81..6242.82 rows=1 width=32)
           ->  Gather  (cost=6242.59..6242.80 rows=2 width=32)
                 Workers Planned: 2
                 ->  Partial Aggregate  (cost=5242.59..5242.60 rows=1 width=32)
                       ->  Parallel Seq Scan on customer customer_1  (cost=0.00..5237.62 rows=1985 width=6)
                             Filter: ((c_acctbal > 0.00) AND ("substring"((c_phone)::text, 1, 2) = ANY ('{21,29,26,34,14,15,17}'::text[])))
   ->  GroupAggregate  (cost=8578.86..8598.88 rows=728 width=72)
         Group Key: ("substring"((customer.c_phone)::text, 1, 2))
         ->  Sort  (cost=8578.86..8580.68 rows=728 width=38)
               Sort Key: ("substring"((customer.c_phone)::text, 1, 2))
               ->  Nested Loop Anti Join  (cost=0.43..8544.25 rows=728 width=38)
                     ->  Seq Scan on customer  (cost=0.00..7534.50 rows=1750 width=26)
                           Filter: ((c_acctbal > $1) AND ("substring"((c_phone)::text, 1, 2) = ANY ('{21,29,26,34,14,15,17}'::text[])))
                     ->  Index Only Scan using idx_orders_custkey on orders  (cost=0.43..1.96 rows=17 width=4)
                           Index Cond: (o_custkey = customer.c_custkey)
(17 rows)

query 22 run 3
SET
SET
SET
                                                                 QUERY PLAN                                                                 
--------------------------------------------------------------------------------------------------------------------------------------------
 Limit  (cost=14821.68..14821.71 rows=1 width=72)
   InitPlan 1 (returns $1)
     ->  Finalize Aggregate  (cost=6242.81..6242.82 rows=1 width=32)
           ->  Gather  (cost=6242.59..6242.80 rows=2 width=32)
                 Workers Planned: 2
                 ->  Partial Aggregate  (cost=5242.59..5242.60 rows=1 width=32)
                       ->  Parallel Seq Scan on customer customer_1  (cost=0.00..5237.62 rows=1985 width=6)
                             Filter: ((c_acctbal > 0.00) AND ("substring"((c_phone)::text, 1, 2) = ANY ('{21,29,26,34,14,15,17}'::text[])))
   ->  GroupAggregate  (cost=8578.86..8598.88 rows=728 width=72)
         Group Key: ("substring"((customer.c_phone)::text, 1, 2))
         ->  Sort  (cost=8578.86..8580.68 rows=728 width=38)
               Sort Key: ("substring"((customer.c_phone)::text, 1, 2))
               ->  Nested Loop Anti Join  (cost=0.43..8544.25 rows=728 width=38)
                     ->  Seq Scan on customer  (cost=0.00..7534.50 rows=1750 width=26)
                           Filter: ((c_acctbal > $1) AND ("substring"((c_phone)::text, 1, 2) = ANY ('{21,29,26,34,14,15,17}'::text[])))
                     ->  Index Only Scan using idx_orders_custkey on orders  (cost=0.43..1.96 rows=17 width=4)
                           Index Cond: (o_custkey = customer.c_custkey)
(17 rows)

