query 1 run 1
SET
SET
                                           QUERY PLAN                                           
------------------------------------------------------------------------------------------------
 Limit  (cost=424778.37..424778.38 rows=1 width=25)
   ->  Sort  (cost=424778.37..424778.39 rows=6 width=25)
         Sort Key: l_returnflag, l_linestatus
         ->  HashAggregate  (cost=424778.18..424778.34 rows=6 width=25)
               Group Key: l_returnflag, l_linestatus
               ->  Seq Scan on lineitem  (cost=0.00..187571.54 rows=5930166 width=25)
                     Filter: (l_shipdate <= '1998-09-10 00:00:00'::timestamp without time zone)
(7 rows)

query 1 run 2
SET
SET
                                           QUERY PLAN                                           
------------------------------------------------------------------------------------------------
 Limit  (cost=424778.37..424778.38 rows=1 width=25)
   ->  Sort  (cost=424778.37..424778.39 rows=6 width=25)
         Sort Key: l_returnflag, l_linestatus
         ->  HashAggregate  (cost=424778.18..424778.34 rows=6 width=25)
               Group Key: l_returnflag, l_linestatus
               ->  Seq Scan on lineitem  (cost=0.00..187571.54 rows=5930166 width=25)
                     Filter: (l_shipdate <= '1998-09-10 00:00:00'::timestamp without time zone)
(7 rows)

query 1 run 3
SET
SET
                                           QUERY PLAN                                           
------------------------------------------------------------------------------------------------
 Limit  (cost=424778.37..424778.38 rows=1 width=25)
   ->  Sort  (cost=424778.37..424778.39 rows=6 width=25)
         Sort Key: l_returnflag, l_linestatus
         ->  HashAggregate  (cost=424778.18..424778.34 rows=6 width=25)
               Group Key: l_returnflag, l_linestatus
               ->  Seq Scan on lineitem  (cost=0.00..187571.54 rows=5930166 width=25)
                     Filter: (l_shipdate <= '1998-09-10 00:00:00'::timestamp without time zone)
(7 rows)

query 2 run 1
SET
SET
                                                                 QUERY PLAN                                                                  
---------------------------------------------------------------------------------------------------------------------------------------------
 Limit  (cost=47432.17..47432.18 rows=1 width=192)
   ->  Sort  (cost=47432.17..47432.18 rows=1 width=192)
         Sort Key: supplier.s_acctbal, nation.n_name, supplier.s_name, part.p_partkey
         ->  Merge Join  (cost=25526.41..47432.16 rows=1 width=192)
               Merge Cond: (part.p_partkey = partsupp.ps_partkey)
               Join Filter: (partsupp.ps_supplycost = (SubPlan 1))
               ->  Index Scan using part_pkey on part  (cost=0.42..8926.42 rows=820 width=30)
                     Filter: (((p_type)::text ~~ '%NICKEL'::text) AND (p_size = 16))
               ->  Sort  (cost=25525.99..25925.75 rows=159904 width=172)
                     Sort Key: partsupp.ps_partkey
                     ->  Nested Loop  (cost=5.49..11704.81 rows=159904 width=172)
                           ->  Nested Loop  (cost=5.06..135.93 rows=2000 width=166)
                                 ->  Nested Loop  (cost=0.00..2.62 rows=5 width=30)
                                       Join Filter: (nation.n_regionkey = region.r_regionkey)
                                       ->  Seq Scan on region  (cost=0.00..1.06 rows=1 width=4)
                                             Filter: (r_name = 'AMERICA'::bpchar)
                                       ->  Seq Scan on nation  (cost=0.00..1.25 rows=25 width=34)
                                 ->  Bitmap Heap Scan on supplier  (cost=5.06..22.66 rows=400 width=144)
                                       Recheck Cond: (s_nationkey = nation.n_nationkey)
                                       ->  Bitmap Index Scan on idx_supplier_nation_key  (cost=0.00..4.96 rows=400 width=0)
                                             Index Cond: (s_nationkey = nation.n_nationkey)
                           ->  Index Scan using idx_partsupp_suppkey on partsupp  (cost=0.42..4.98 rows=80 width=14)
                                 Index Cond: (ps_suppkey = supplier.s_suppkey)
               SubPlan 1
                 ->  Aggregate  (cost=18.54..18.55 rows=1 width=6)
                       ->  Nested Loop  (cost=0.85..18.54 rows=1 width=6)
                             Join Filter: (nation_1.n_regionkey = region_1.r_regionkey)
                             ->  Seq Scan on region region_1  (cost=0.00..1.06 rows=1 width=4)
                                   Filter: (r_name = 'AMERICA'::bpchar)
                             ->  Nested Loop  (cost=0.85..17.43 rows=4 width=10)
                                   ->  Nested Loop  (cost=0.71..16.76 rows=4 width=10)
                                         ->  Index Scan using idx_partsupp_partkey on partsupp partsupp_1  (cost=0.42..3.50 rows=4 width=10)
                                               Index Cond: (part.p_partkey = ps_partkey)
                                         ->  Index Scan using supplier_pkey on supplier supplier_1  (cost=0.29..3.31 rows=1 width=8)
                                               Index Cond: (s_suppkey = partsupp_1.ps_suppkey)
                                   ->  Index Scan using nation_pkey on nation nation_1  (cost=0.14..0.16 rows=1 width=8)
                                         Index Cond: (n_nationkey = supplier_1.s_nationkey)
(37 rows)

query 2 run 2
SET
SET
                                                                 QUERY PLAN                                                                  
---------------------------------------------------------------------------------------------------------------------------------------------
 Limit  (cost=47432.17..47432.18 rows=1 width=192)
   ->  Sort  (cost=47432.17..47432.18 rows=1 width=192)
         Sort Key: supplier.s_acctbal, nation.n_name, supplier.s_name, part.p_partkey
         ->  Merge Join  (cost=25526.41..47432.16 rows=1 width=192)
               Merge Cond: (part.p_partkey = partsupp.ps_partkey)
               Join Filter: (partsupp.ps_supplycost = (SubPlan 1))
               ->  Index Scan using part_pkey on part  (cost=0.42..8926.42 rows=820 width=30)
                     Filter: (((p_type)::text ~~ '%NICKEL'::text) AND (p_size = 16))
               ->  Sort  (cost=25525.99..25925.75 rows=159904 width=172)
                     Sort Key: partsupp.ps_partkey
                     ->  Nested Loop  (cost=5.49..11704.81 rows=159904 width=172)
                           ->  Nested Loop  (cost=5.06..135.93 rows=2000 width=166)
                                 ->  Nested Loop  (cost=0.00..2.62 rows=5 width=30)
                                       Join Filter: (nation.n_regionkey = region.r_regionkey)
                                       ->  Seq Scan on region  (cost=0.00..1.06 rows=1 width=4)
                                             Filter: (r_name = 'AMERICA'::bpchar)
                                       ->  Seq Scan on nation  (cost=0.00..1.25 rows=25 width=34)
                                 ->  Bitmap Heap Scan on supplier  (cost=5.06..22.66 rows=400 width=144)
                                       Recheck Cond: (s_nationkey = nation.n_nationkey)
                                       ->  Bitmap Index Scan on idx_supplier_nation_key  (cost=0.00..4.96 rows=400 width=0)
                                             Index Cond: (s_nationkey = nation.n_nationkey)
                           ->  Index Scan using idx_partsupp_suppkey on partsupp  (cost=0.42..4.98 rows=80 width=14)
                                 Index Cond: (ps_suppkey = supplier.s_suppkey)
               SubPlan 1
                 ->  Aggregate  (cost=18.54..18.55 rows=1 width=6)
                       ->  Nested Loop  (cost=0.85..18.54 rows=1 width=6)
                             Join Filter: (nation_1.n_regionkey = region_1.r_regionkey)
                             ->  Seq Scan on region region_1  (cost=0.00..1.06 rows=1 width=4)
                                   Filter: (r_name = 'AMERICA'::bpchar)
                             ->  Nested Loop  (cost=0.85..17.43 rows=4 width=10)
                                   ->  Nested Loop  (cost=0.71..16.76 rows=4 width=10)
                                         ->  Index Scan using idx_partsupp_partkey on partsupp partsupp_1  (cost=0.42..3.50 rows=4 width=10)
                                               Index Cond: (part.p_partkey = ps_partkey)
                                         ->  Index Scan using supplier_pkey on supplier supplier_1  (cost=0.29..3.31 rows=1 width=8)
                                               Index Cond: (s_suppkey = partsupp_1.ps_suppkey)
                                   ->  Index Scan using nation_pkey on nation nation_1  (cost=0.14..0.16 rows=1 width=8)
                                         Index Cond: (n_nationkey = supplier_1.s_nationkey)
(37 rows)

query 2 run 3
SET
SET
                                                                 QUERY PLAN                                                                  
---------------------------------------------------------------------------------------------------------------------------------------------
 Limit  (cost=47432.17..47432.18 rows=1 width=192)
   ->  Sort  (cost=47432.17..47432.18 rows=1 width=192)
         Sort Key: supplier.s_acctbal, nation.n_name, supplier.s_name, part.p_partkey
         ->  Merge Join  (cost=25526.41..47432.16 rows=1 width=192)
               Merge Cond: (part.p_partkey = partsupp.ps_partkey)
               Join Filter: (partsupp.ps_supplycost = (SubPlan 1))
               ->  Index Scan using part_pkey on part  (cost=0.42..8926.42 rows=820 width=30)
                     Filter: (((p_type)::text ~~ '%NICKEL'::text) AND (p_size = 16))
               ->  Sort  (cost=25525.99..25925.75 rows=159904 width=172)
                     Sort Key: partsupp.ps_partkey
                     ->  Nested Loop  (cost=5.49..11704.81 rows=159904 width=172)
                           ->  Nested Loop  (cost=5.06..135.93 rows=2000 width=166)
                                 ->  Nested Loop  (cost=0.00..2.62 rows=5 width=30)
                                       Join Filter: (nation.n_regionkey = region.r_regionkey)
                                       ->  Seq Scan on region  (cost=0.00..1.06 rows=1 width=4)
                                             Filter: (r_name = 'AMERICA'::bpchar)
                                       ->  Seq Scan on nation  (cost=0.00..1.25 rows=25 width=34)
                                 ->  Bitmap Heap Scan on supplier  (cost=5.06..22.66 rows=400 width=144)
                                       Recheck Cond: (s_nationkey = nation.n_nationkey)
                                       ->  Bitmap Index Scan on idx_supplier_nation_key  (cost=0.00..4.96 rows=400 width=0)
                                             Index Cond: (s_nationkey = nation.n_nationkey)
                           ->  Index Scan using idx_partsupp_suppkey on partsupp  (cost=0.42..4.98 rows=80 width=14)
                                 Index Cond: (ps_suppkey = supplier.s_suppkey)
               SubPlan 1
                 ->  Aggregate  (cost=18.54..18.55 rows=1 width=6)
                       ->  Nested Loop  (cost=0.85..18.54 rows=1 width=6)
                             Join Filter: (nation_1.n_regionkey = region_1.r_regionkey)
                             ->  Seq Scan on region region_1  (cost=0.00..1.06 rows=1 width=4)
                                   Filter: (r_name = 'AMERICA'::bpchar)
                             ->  Nested Loop  (cost=0.85..17.43 rows=4 width=10)
                                   ->  Nested Loop  (cost=0.71..16.76 rows=4 width=10)
                                         ->  Index Scan using idx_partsupp_partkey on partsupp partsupp_1  (cost=0.42..3.50 rows=4 width=10)
                                               Index Cond: (part.p_partkey = ps_partkey)
                                         ->  Index Scan using supplier_pkey on supplier supplier_1  (cost=0.29..3.31 rows=1 width=8)
                                               Index Cond: (s_suppkey = partsupp_1.ps_suppkey)
                                   ->  Index Scan using nation_pkey on nation nation_1  (cost=0.14..0.16 rows=1 width=8)
                                         Index Cond: (n_nationkey = supplier_1.s_nationkey)
(37 rows)

query 3 run 1
SET
SET
                                                     QUERY PLAN                                                      
---------------------------------------------------------------------------------------------------------------------
 Limit  (cost=223267.82..223267.84 rows=10 width=24)
   ->  Sort  (cost=223267.82..224061.31 rows=317397 width=24)
         Sort Key: (sum((lineitem.l_extendedprice * (1::numeric - lineitem.l_discount)))), orders.o_orderdate
         ->  GroupAggregate  (cost=206887.07..216408.98 rows=317397 width=24)
               Group Key: lineitem.l_orderkey, orders.o_orderdate, orders.o_shippriority
               ->  Sort  (cost=206887.07..207680.57 rows=317397 width=24)
                     Sort Key: lineitem.l_orderkey, orders.o_orderdate, orders.o_shippriority
                     ->  Nested Loop  (cost=5846.37..177883.45 rows=317397 width=24)
                           ->  Hash Join  (cost=5845.94..60385.71 rows=145442 width=12)
                                 Hash Cond: (orders.o_custkey = customer.c_custkey)
                                 ->  Seq Scan on orders  (cost=0.00..44881.00 rows=729276 width=16)
                                       Filter: (o_orderdate < '1995-03-07'::date)
                                 ->  Hash  (cost=5472.00..5472.00 rows=29915 width=4)
                                       ->  Seq Scan on customer  (cost=0.00..5472.00 rows=29915 width=4)
                                             Filter: (c_mktsegment = 'BUILDING'::bpchar)
                           ->  Index Scan using idx_lineitem_orderkey on lineitem  (cost=0.43..0.79 rows=2 width=16)
                                 Index Cond: (l_orderkey = orders.o_orderkey)
                                 Filter: (l_shipdate > '1995-03-07'::date)
(18 rows)

query 3 run 2
SET
SET
                                                     QUERY PLAN                                                      
---------------------------------------------------------------------------------------------------------------------
 Limit  (cost=223267.82..223267.84 rows=10 width=24)
   ->  Sort  (cost=223267.82..224061.31 rows=317397 width=24)
         Sort Key: (sum((lineitem.l_extendedprice * (1::numeric - lineitem.l_discount)))), orders.o_orderdate
         ->  GroupAggregate  (cost=206887.07..216408.98 rows=317397 width=24)
               Group Key: lineitem.l_orderkey, orders.o_orderdate, orders.o_shippriority
               ->  Sort  (cost=206887.07..207680.57 rows=317397 width=24)
                     Sort Key: lineitem.l_orderkey, orders.o_orderdate, orders.o_shippriority
                     ->  Nested Loop  (cost=5846.37..177883.45 rows=317397 width=24)
                           ->  Hash Join  (cost=5845.94..60385.71 rows=145442 width=12)
                                 Hash Cond: (orders.o_custkey = customer.c_custkey)
                                 ->  Seq Scan on orders  (cost=0.00..44881.00 rows=729276 width=16)
                                       Filter: (o_orderdate < '1995-03-07'::date)
                                 ->  Hash  (cost=5472.00..5472.00 rows=29915 width=4)
                                       ->  Seq Scan on customer  (cost=0.00..5472.00 rows=29915 width=4)
                                             Filter: (c_mktsegment = 'BUILDING'::bpchar)
                           ->  Index Scan using idx_lineitem_orderkey on lineitem  (cost=0.43..0.79 rows=2 width=16)
                                 Index Cond: (l_orderkey = orders.o_orderkey)
                                 Filter: (l_shipdate > '1995-03-07'::date)
(18 rows)

query 3 run 3
SET
SET
                                                     QUERY PLAN                                                      
---------------------------------------------------------------------------------------------------------------------
 Limit  (cost=223267.82..223267.84 rows=10 width=24)
   ->  Sort  (cost=223267.82..224061.31 rows=317397 width=24)
         Sort Key: (sum((lineitem.l_extendedprice * (1::numeric - lineitem.l_discount)))), orders.o_orderdate
         ->  GroupAggregate  (cost=206887.07..216408.98 rows=317397 width=24)
               Group Key: lineitem.l_orderkey, orders.o_orderdate, orders.o_shippriority
               ->  Sort  (cost=206887.07..207680.57 rows=317397 width=24)
                     Sort Key: lineitem.l_orderkey, orders.o_orderdate, orders.o_shippriority
                     ->  Nested Loop  (cost=5846.37..177883.45 rows=317397 width=24)
                           ->  Hash Join  (cost=5845.94..60385.71 rows=145442 width=12)
                                 Hash Cond: (orders.o_custkey = customer.c_custkey)
                                 ->  Seq Scan on orders  (cost=0.00..44881.00 rows=729276 width=16)
                                       Filter: (o_orderdate < '1995-03-07'::date)
                                 ->  Hash  (cost=5472.00..5472.00 rows=29915 width=4)
                                       ->  Seq Scan on customer  (cost=0.00..5472.00 rows=29915 width=4)
                                             Filter: (c_mktsegment = 'BUILDING'::bpchar)
                           ->  Index Scan using idx_lineitem_orderkey on lineitem  (cost=0.43..0.79 rows=2 width=16)
                                 Index Cond: (l_orderkey = orders.o_orderkey)
                                 Filter: (l_shipdate > '1995-03-07'::date)
(18 rows)

query 4 run 1
SET
SET
                                                        QUERY PLAN                                                        
--------------------------------------------------------------------------------------------------------------------------
 Limit  (cost=135842.15..135842.16 rows=1 width=16)
   ->  Sort  (cost=135842.15..135842.16 rows=1 width=16)
         Sort Key: orders.o_orderpriority
         ->  HashAggregate  (cost=135842.13..135842.14 rows=1 width=16)
               Group Key: orders.o_orderpriority
               ->  Nested Loop Semi Join  (cost=805.48..135562.32 rows=55963 width=16)
                     ->  Bitmap Heap Scan on orders  (cost=805.05..27775.49 rows=55963 width=20)
                           Recheck Cond: ((o_orderdate >= '1993-12-01'::date) AND (o_orderdate < '1994-03-01'::date))
                           ->  Bitmap Index Scan on idx_orders_orderdate  (cost=0.00..791.06 rows=55963 width=0)
                                 Index Cond: ((o_orderdate >= '1993-12-01'::date) AND (o_orderdate < '1994-03-01'::date))
                     ->  Index Scan using idx_lineitem_orderkey on lineitem  (cost=0.43..2.16 rows=1 width=4)
                           Index Cond: (l_orderkey = orders.o_orderkey)
                           Filter: (l_commitdate < l_receiptdate)
(13 rows)

query 4 run 2
SET
SET
                                                        QUERY PLAN                                                        
--------------------------------------------------------------------------------------------------------------------------
 Limit  (cost=135842.15..135842.16 rows=1 width=16)
   ->  Sort  (cost=135842.15..135842.16 rows=1 width=16)
         Sort Key: orders.o_orderpriority
         ->  HashAggregate  (cost=135842.13..135842.14 rows=1 width=16)
               Group Key: orders.o_orderpriority
               ->  Nested Loop Semi Join  (cost=805.48..135562.32 rows=55963 width=16)
                     ->  Bitmap Heap Scan on orders  (cost=805.05..27775.49 rows=55963 width=20)
                           Recheck Cond: ((o_orderdate >= '1993-12-01'::date) AND (o_orderdate < '1994-03-01'::date))
                           ->  Bitmap Index Scan on idx_orders_orderdate  (cost=0.00..791.06 rows=55963 width=0)
                                 Index Cond: ((o_orderdate >= '1993-12-01'::date) AND (o_orderdate < '1994-03-01'::date))
                     ->  Index Scan using idx_lineitem_orderkey on lineitem  (cost=0.43..2.16 rows=1 width=4)
                           Index Cond: (l_orderkey = orders.o_orderkey)
                           Filter: (l_commitdate < l_receiptdate)
(13 rows)

query 4 run 3
SET
SET
                                                        QUERY PLAN                                                        
--------------------------------------------------------------------------------------------------------------------------
 Limit  (cost=135842.15..135842.16 rows=1 width=16)
   ->  Sort  (cost=135842.15..135842.16 rows=1 width=16)
         Sort Key: orders.o_orderpriority
         ->  HashAggregate  (cost=135842.13..135842.14 rows=1 width=16)
               Group Key: orders.o_orderpriority
               ->  Nested Loop Semi Join  (cost=805.48..135562.32 rows=55963 width=16)
                     ->  Bitmap Heap Scan on orders  (cost=805.05..27775.49 rows=55963 width=20)
                           Recheck Cond: ((o_orderdate >= '1993-12-01'::date) AND (o_orderdate < '1994-03-01'::date))
                           ->  Bitmap Index Scan on idx_orders_orderdate  (cost=0.00..791.06 rows=55963 width=0)
                                 Index Cond: ((o_orderdate >= '1993-12-01'::date) AND (o_orderdate < '1994-03-01'::date))
                     ->  Index Scan using idx_lineitem_orderkey on lineitem  (cost=0.43..2.16 rows=1 width=4)
                           Index Cond: (l_orderkey = orders.o_orderkey)
                           Filter: (l_commitdate < l_receiptdate)
(13 rows)

query 5 run 1
SET
SET
                                                            QUERY PLAN                                                             
-----------------------------------------------------------------------------------------------------------------------------------
 Limit  (cost=108175.15..108175.16 rows=1 width=38)
   ->  Sort  (cost=108175.15..108175.22 rows=25 width=38)
         Sort Key: (sum((lineitem.l_extendedprice * (1::numeric - lineitem.l_discount))))
         ->  HashAggregate  (cost=108174.72..108175.03 rows=25 width=38)
               Group Key: nation.n_name
               ->  Hash Join  (cost=537.78..108100.30 rows=7442 width=38)
                     Hash Cond: ((lineitem.l_suppkey = supplier.s_suppkey) AND (customer.c_nationkey = supplier.s_nationkey))
                     ->  Nested Loop  (cost=64.78..101969.58 rows=186110 width=50)
                           ->  Nested Loop  (cost=64.34..37557.42 rows=46528 width=38)
                                 ->  Nested Loop  (cost=63.92..2008.32 rows=30000 width=38)
                                       ->  Nested Loop  (cost=0.14..6.45 rows=5 width=30)
                                             Join Filter: (nation.n_regionkey = region.r_regionkey)
                                             ->  Index Scan using nation_pkey on nation  (cost=0.14..5.01 rows=25 width=34)
                                             ->  Materialize  (cost=0.00..1.07 rows=1 width=4)
                                                   ->  Seq Scan on region  (cost=0.00..1.06 rows=1 width=4)
                                                         Filter: (r_name = 'AMERICA'::bpchar)
                                       ->  Bitmap Heap Scan on customer  (cost=63.78..340.37 rows=6000 width=8)
                                             Recheck Cond: (c_nationkey = nation.n_nationkey)
                                             ->  Bitmap Index Scan on idx_customer_nationkey  (cost=0.00..62.28 rows=6000 width=0)
                                                   Index Cond: (c_nationkey = nation.n_nationkey)
                                 ->  Index Scan using idx_orders_custkey on orders  (cost=0.43..1.15 rows=3 width=8)
                                       Index Cond: (o_custkey = customer.c_custkey)
                                       Filter: ((o_orderdate >= '1993-01-01'::date) AND (o_orderdate < '1994-01-01'::date))
                           ->  Index Scan using idx_lineitem_orderkey on lineitem  (cost=0.43..1.34 rows=4 width=20)
                                 Index Cond: (l_orderkey = orders.o_orderkey)
                     ->  Hash  (cost=323.00..323.00 rows=10000 width=8)
                           ->  Seq Scan on supplier  (cost=0.00..323.00 rows=10000 width=8)
(27 rows)

query 5 run 2
SET
SET
                                                            QUERY PLAN                                                             
-----------------------------------------------------------------------------------------------------------------------------------
 Limit  (cost=108175.15..108175.16 rows=1 width=38)
   ->  Sort  (cost=108175.15..108175.22 rows=25 width=38)
         Sort Key: (sum((lineitem.l_extendedprice * (1::numeric - lineitem.l_discount))))
         ->  HashAggregate  (cost=108174.72..108175.03 rows=25 width=38)
               Group Key: nation.n_name
               ->  Hash Join  (cost=537.78..108100.30 rows=7442 width=38)
                     Hash Cond: ((lineitem.l_suppkey = supplier.s_suppkey) AND (customer.c_nationkey = supplier.s_nationkey))
                     ->  Nested Loop  (cost=64.78..101969.58 rows=186110 width=50)
                           ->  Nested Loop  (cost=64.34..37557.42 rows=46528 width=38)
                                 ->  Nested Loop  (cost=63.92..2008.32 rows=30000 width=38)
                                       ->  Nested Loop  (cost=0.14..6.45 rows=5 width=30)
                                             Join Filter: (nation.n_regionkey = region.r_regionkey)
                                             ->  Index Scan using nation_pkey on nation  (cost=0.14..5.01 rows=25 width=34)
                                             ->  Materialize  (cost=0.00..1.07 rows=1 width=4)
                                                   ->  Seq Scan on region  (cost=0.00..1.06 rows=1 width=4)
                                                         Filter: (r_name = 'AMERICA'::bpchar)
                                       ->  Bitmap Heap Scan on customer  (cost=63.78..340.37 rows=6000 width=8)
                                             Recheck Cond: (c_nationkey = nation.n_nationkey)
                                             ->  Bitmap Index Scan on idx_customer_nationkey  (cost=0.00..62.28 rows=6000 width=0)
                                                   Index Cond: (c_nationkey = nation.n_nationkey)
                                 ->  Index Scan using idx_orders_custkey on orders  (cost=0.43..1.15 rows=3 width=8)
                                       Index Cond: (o_custkey = customer.c_custkey)
                                       Filter: ((o_orderdate >= '1993-01-01'::date) AND (o_orderdate < '1994-01-01'::date))
                           ->  Index Scan using idx_lineitem_orderkey on lineitem  (cost=0.43..1.34 rows=4 width=20)
                                 Index Cond: (l_orderkey = orders.o_orderkey)
                     ->  Hash  (cost=323.00..323.00 rows=10000 width=8)
                           ->  Seq Scan on supplier  (cost=0.00..323.00 rows=10000 width=8)
(27 rows)

query 5 run 3
SET
SET
                                                            QUERY PLAN                                                             
-----------------------------------------------------------------------------------------------------------------------------------
 Limit  (cost=108175.15..108175.16 rows=1 width=38)
   ->  Sort  (cost=108175.15..108175.22 rows=25 width=38)
         Sort Key: (sum((lineitem.l_extendedprice * (1::numeric - lineitem.l_discount))))
         ->  HashAggregate  (cost=108174.72..108175.03 rows=25 width=38)
               Group Key: nation.n_name
               ->  Hash Join  (cost=537.78..108100.30 rows=7442 width=38)
                     Hash Cond: ((lineitem.l_suppkey = supplier.s_suppkey) AND (customer.c_nationkey = supplier.s_nationkey))
                     ->  Nested Loop  (cost=64.78..101969.58 rows=186110 width=50)
                           ->  Nested Loop  (cost=64.34..37557.42 rows=46528 width=38)
                                 ->  Nested Loop  (cost=63.92..2008.32 rows=30000 width=38)
                                       ->  Nested Loop  (cost=0.14..6.45 rows=5 width=30)
                                             Join Filter: (nation.n_regionkey = region.r_regionkey)
                                             ->  Index Scan using nation_pkey on nation  (cost=0.14..5.01 rows=25 width=34)
                                             ->  Materialize  (cost=0.00..1.07 rows=1 width=4)
                                                   ->  Seq Scan on region  (cost=0.00..1.06 rows=1 width=4)
                                                         Filter: (r_name = 'AMERICA'::bpchar)
                                       ->  Bitmap Heap Scan on customer  (cost=63.78..340.37 rows=6000 width=8)
                                             Recheck Cond: (c_nationkey = nation.n_nationkey)
                                             ->  Bitmap Index Scan on idx_customer_nationkey  (cost=0.00..62.28 rows=6000 width=0)
                                                   Index Cond: (c_nationkey = nation.n_nationkey)
                                 ->  Index Scan using idx_orders_custkey on orders  (cost=0.43..1.15 rows=3 width=8)
                                       Index Cond: (o_custkey = customer.c_custkey)
                                       Filter: ((o_orderdate >= '1993-01-01'::date) AND (o_orderdate < '1994-01-01'::date))
                           ->  Index Scan using idx_lineitem_orderkey on lineitem  (cost=0.43..1.34 rows=4 width=20)
                                 Index Cond: (l_orderkey = orders.o_orderkey)
                     ->  Hash  (cost=323.00..323.00 rows=10000 width=8)
                           ->  Seq Scan on supplier  (cost=0.00..323.00 rows=10000 width=8)
(27 rows)

query 6 run 1
SET
SET
                                                                                                         QUERY PLAN                                                                                                          
-----------------------------------------------------------------------------------------------------------------------------------------------------------------------------------------------------------------------------
 Limit  (cost=107887.53..107887.54 rows=1 width=12)
   ->  Aggregate  (cost=107887.53..107887.54 rows=1 width=12)
         ->  Bitmap Heap Scan on lineitem  (cost=20935.88..107301.45 rows=117215 width=12)
               Recheck Cond: ((l_shipdate >= '1993-01-01'::date) AND (l_shipdate < '1994-01-01 00:00:00'::timestamp without time zone) AND (l_discount >= 0.06) AND (l_discount <= 0.08) AND (l_quantity < 25::numeric))
               ->  Bitmap Index Scan on idx_lineitem_shipdate  (cost=0.00..20906.58 rows=117215 width=0)
                     Index Cond: ((l_shipdate >= '1993-01-01'::date) AND (l_shipdate < '1994-01-01 00:00:00'::timestamp without time zone) AND (l_discount >= 0.06) AND (l_discount <= 0.08) AND (l_quantity < 25::numeric))
(6 rows)

query 6 run 2
SET
SET
                                                                                                         QUERY PLAN                                                                                                          
-----------------------------------------------------------------------------------------------------------------------------------------------------------------------------------------------------------------------------
 Limit  (cost=107887.53..107887.54 rows=1 width=12)
   ->  Aggregate  (cost=107887.53..107887.54 rows=1 width=12)
         ->  Bitmap Heap Scan on lineitem  (cost=20935.88..107301.45 rows=117215 width=12)
               Recheck Cond: ((l_shipdate >= '1993-01-01'::date) AND (l_shipdate < '1994-01-01 00:00:00'::timestamp without time zone) AND (l_discount >= 0.06) AND (l_discount <= 0.08) AND (l_quantity < 25::numeric))
               ->  Bitmap Index Scan on idx_lineitem_shipdate  (cost=0.00..20906.58 rows=117215 width=0)
                     Index Cond: ((l_shipdate >= '1993-01-01'::date) AND (l_shipdate < '1994-01-01 00:00:00'::timestamp without time zone) AND (l_discount >= 0.06) AND (l_discount <= 0.08) AND (l_quantity < 25::numeric))
(6 rows)

query 6 run 3
SET
SET
                                                                                                         QUERY PLAN                                                                                                          
-----------------------------------------------------------------------------------------------------------------------------------------------------------------------------------------------------------------------------
 Limit  (cost=107887.53..107887.54 rows=1 width=12)
   ->  Aggregate  (cost=107887.53..107887.54 rows=1 width=12)
         ->  Bitmap Heap Scan on lineitem  (cost=20935.88..107301.45 rows=117215 width=12)
               Recheck Cond: ((l_shipdate >= '1993-01-01'::date) AND (l_shipdate < '1994-01-01 00:00:00'::timestamp without time zone) AND (l_discount >= 0.06) AND (l_discount <= 0.08) AND (l_quantity < 25::numeric))
               ->  Bitmap Index Scan on idx_lineitem_shipdate  (cost=0.00..20906.58 rows=117215 width=0)
                     Index Cond: ((l_shipdate >= '1993-01-01'::date) AND (l_shipdate < '1994-01-01 00:00:00'::timestamp without time zone) AND (l_discount >= 0.06) AND (l_discount <= 0.08) AND (l_quantity < 25::numeric))
(6 rows)

query 7 run 1
SET
SET
                                                                                 QUERY PLAN                                                                                  
-----------------------------------------------------------------------------------------------------------------------------------------------------------------------------
 Limit  (cost=101256.36..101256.36 rows=1 width=68)
   ->  Sort  (cost=101256.36..101263.88 rows=3009 width=68)
         Sort Key: n1.n_name, n2.n_name, (date_part('year'::text, (lineitem.l_shipdate)::timestamp without time zone))
         ->  HashAggregate  (cost=101188.66..101241.31 rows=3009 width=68)
               Group Key: n1.n_name, n2.n_name, date_part('year'::text, (lineitem.l_shipdate)::timestamp without time zone)
               ->  Hash Join  (cost=371.30..101098.94 rows=5981 width=68)
                     Hash Cond: (lineitem.l_suppkey = supplier.s_suppkey)
                     Join Filter: (((n1.n_name = 'PERU'::bpchar) AND (n2.n_name = 'MOROCCO'::bpchar)) OR ((n1.n_name = 'MOROCCO'::bpchar) AND (n2.n_name = 'PERU'::bpchar)))
                     ->  Nested Loop  (cost=72.53..100001.13 rows=143779 width=46)
                           ->  Nested Loop  (cost=72.10..19419.09 rows=120000 width=30)
                                 ->  Nested Loop  (cost=71.67..4539.45 rows=12000 width=30)
                                       ->  Seq Scan on nation n2  (cost=0.00..1.38 rows=2 width=30)
                                             Filter: ((n_name = 'MOROCCO'::bpchar) OR (n_name = 'PERU'::bpchar))
                                       ->  Bitmap Heap Scan on customer  (cost=71.67..2209.04 rows=6000 width=8)
                                             Recheck Cond: (c_nationkey = n2.n_nationkey)
                                             ->  Bitmap Index Scan on idx_customer_nationkey  (cost=0.00..70.17 rows=6000 width=0)
                                                   Index Cond: (c_nationkey = n2.n_nationkey)
                                 ->  Index Scan using idx_orders_custkey on orders  (cost=0.43..1.07 rows=17 width=8)
                                       Index Cond: (o_custkey = customer.c_custkey)
                           ->  Index Scan using idx_lineitem_orderkey on lineitem  (cost=0.43..0.66 rows=1 width=24)
                                 Index Cond: (l_orderkey = orders.o_orderkey)
                                 Filter: ((l_shipdate >= '1995-01-01'::date) AND (l_shipdate <= '1996-12-31'::date))
                     ->  Hash  (cost=288.77..288.77 rows=800 width=30)
                           ->  Nested Loop  (cost=6.38..288.77 rows=800 width=30)
                                 ->  Seq Scan on nation n1  (cost=0.00..1.38 rows=2 width=30)
                                       Filter: ((n_name = 'PERU'::bpchar) OR (n_name = 'MOROCCO'::bpchar))
                                 ->  Bitmap Heap Scan on supplier  (cost=6.38..139.70 rows=400 width=8)
                                       Recheck Cond: (s_nationkey = n1.n_nationkey)
                                       ->  Bitmap Index Scan on idx_supplier_nation_key  (cost=0.00..6.29 rows=400 width=0)
                                             Index Cond: (s_nationkey = n1.n_nationkey)
(30 rows)

query 7 run 2
SET
SET
                                                                                 QUERY PLAN                                                                                  
-----------------------------------------------------------------------------------------------------------------------------------------------------------------------------
 Limit  (cost=101256.36..101256.36 rows=1 width=68)
   ->  Sort  (cost=101256.36..101263.88 rows=3009 width=68)
         Sort Key: n1.n_name, n2.n_name, (date_part('year'::text, (lineitem.l_shipdate)::timestamp without time zone))
         ->  HashAggregate  (cost=101188.66..101241.31 rows=3009 width=68)
               Group Key: n1.n_name, n2.n_name, date_part('year'::text, (lineitem.l_shipdate)::timestamp without time zone)
               ->  Hash Join  (cost=371.30..101098.94 rows=5981 width=68)
                     Hash Cond: (lineitem.l_suppkey = supplier.s_suppkey)
                     Join Filter: (((n1.n_name = 'PERU'::bpchar) AND (n2.n_name = 'MOROCCO'::bpchar)) OR ((n1.n_name = 'MOROCCO'::bpchar) AND (n2.n_name = 'PERU'::bpchar)))
                     ->  Nested Loop  (cost=72.53..100001.13 rows=143779 width=46)
                           ->  Nested Loop  (cost=72.10..19419.09 rows=120000 width=30)
                                 ->  Nested Loop  (cost=71.67..4539.45 rows=12000 width=30)
                                       ->  Seq Scan on nation n2  (cost=0.00..1.38 rows=2 width=30)
                                             Filter: ((n_name = 'MOROCCO'::bpchar) OR (n_name = 'PERU'::bpchar))
                                       ->  Bitmap Heap Scan on customer  (cost=71.67..2209.04 rows=6000 width=8)
                                             Recheck Cond: (c_nationkey = n2.n_nationkey)
                                             ->  Bitmap Index Scan on idx_customer_nationkey  (cost=0.00..70.17 rows=6000 width=0)
                                                   Index Cond: (c_nationkey = n2.n_nationkey)
                                 ->  Index Scan using idx_orders_custkey on orders  (cost=0.43..1.07 rows=17 width=8)
                                       Index Cond: (o_custkey = customer.c_custkey)
                           ->  Index Scan using idx_lineitem_orderkey on lineitem  (cost=0.43..0.66 rows=1 width=24)
                                 Index Cond: (l_orderkey = orders.o_orderkey)
                                 Filter: ((l_shipdate >= '1995-01-01'::date) AND (l_shipdate <= '1996-12-31'::date))
                     ->  Hash  (cost=288.77..288.77 rows=800 width=30)
                           ->  Nested Loop  (cost=6.38..288.77 rows=800 width=30)
                                 ->  Seq Scan on nation n1  (cost=0.00..1.38 rows=2 width=30)
                                       Filter: ((n_name = 'PERU'::bpchar) OR (n_name = 'MOROCCO'::bpchar))
                                 ->  Bitmap Heap Scan on supplier  (cost=6.38..139.70 rows=400 width=8)
                                       Recheck Cond: (s_nationkey = n1.n_nationkey)
                                       ->  Bitmap Index Scan on idx_supplier_nation_key  (cost=0.00..6.29 rows=400 width=0)
                                             Index Cond: (s_nationkey = n1.n_nationkey)
(30 rows)

query 7 run 3
SET
SET
                                                                                 QUERY PLAN                                                                                  
-----------------------------------------------------------------------------------------------------------------------------------------------------------------------------
 Limit  (cost=101256.36..101256.36 rows=1 width=68)
   ->  Sort  (cost=101256.36..101263.88 rows=3009 width=68)
         Sort Key: n1.n_name, n2.n_name, (date_part('year'::text, (lineitem.l_shipdate)::timestamp without time zone))
         ->  HashAggregate  (cost=101188.66..101241.31 rows=3009 width=68)
               Group Key: n1.n_name, n2.n_name, date_part('year'::text, (lineitem.l_shipdate)::timestamp without time zone)
               ->  Hash Join  (cost=371.30..101098.94 rows=5981 width=68)
                     Hash Cond: (lineitem.l_suppkey = supplier.s_suppkey)
                     Join Filter: (((n1.n_name = 'PERU'::bpchar) AND (n2.n_name = 'MOROCCO'::bpchar)) OR ((n1.n_name = 'MOROCCO'::bpchar) AND (n2.n_name = 'PERU'::bpchar)))
                     ->  Nested Loop  (cost=72.53..100001.13 rows=143779 width=46)
                           ->  Nested Loop  (cost=72.10..19419.09 rows=120000 width=30)
                                 ->  Nested Loop  (cost=71.67..4539.45 rows=12000 width=30)
                                       ->  Seq Scan on nation n2  (cost=0.00..1.38 rows=2 width=30)
                                             Filter: ((n_name = 'MOROCCO'::bpchar) OR (n_name = 'PERU'::bpchar))
                                       ->  Bitmap Heap Scan on customer  (cost=71.67..2209.04 rows=6000 width=8)
                                             Recheck Cond: (c_nationkey = n2.n_nationkey)
                                             ->  Bitmap Index Scan on idx_customer_nationkey  (cost=0.00..70.17 rows=6000 width=0)
                                                   Index Cond: (c_nationkey = n2.n_nationkey)
                                 ->  Index Scan using idx_orders_custkey on orders  (cost=0.43..1.07 rows=17 width=8)
                                       Index Cond: (o_custkey = customer.c_custkey)
                           ->  Index Scan using idx_lineitem_orderkey on lineitem  (cost=0.43..0.66 rows=1 width=24)
                                 Index Cond: (l_orderkey = orders.o_orderkey)
                                 Filter: ((l_shipdate >= '1995-01-01'::date) AND (l_shipdate <= '1996-12-31'::date))
                     ->  Hash  (cost=288.77..288.77 rows=800 width=30)
                           ->  Nested Loop  (cost=6.38..288.77 rows=800 width=30)
                                 ->  Seq Scan on nation n1  (cost=0.00..1.38 rows=2 width=30)
                                       Filter: ((n_name = 'PERU'::bpchar) OR (n_name = 'MOROCCO'::bpchar))
                                 ->  Bitmap Heap Scan on supplier  (cost=6.38..139.70 rows=400 width=8)
                                       Recheck Cond: (s_nationkey = n1.n_nationkey)
                                       ->  Bitmap Index Scan on idx_supplier_nation_key  (cost=0.00..6.29 rows=400 width=0)
                                             Index Cond: (s_nationkey = n1.n_nationkey)
(30 rows)

query 8 run 1
SET
SET
                                                                QUERY PLAN                                                                
------------------------------------------------------------------------------------------------------------------------------------------
 Limit  (cost=85219.95..85219.95 rows=1 width=42)
   ->  Sort  (cost=85219.95..85221.77 rows=726 width=42)
         Sort Key: (date_part('year'::text, (orders.o_orderdate)::timestamp without time zone))
         ->  HashAggregate  (cost=85199.99..85216.32 rows=726 width=42)
               Group Key: date_part('year'::text, (orders.o_orderdate)::timestamp without time zone)
               ->  Nested Loop  (cost=2380.78..85151.77 rows=2411 width=42)
                     ->  Nested Loop  (cost=2380.64..84734.78 rows=2411 width=20)
                           ->  Hash Join  (cost=2380.35..83974.85 rows=2412 width=20)
                                 Hash Cond: (orders.o_custkey = customer.c_custkey)
                                 ->  Nested Loop  (cost=0.86..81510.94 rows=12059 width=24)
                                       ->  Nested Loop  (cost=0.43..62710.40 rows=39996 width=20)
                                             ->  Seq Scan on part  (cost=0.00..6599.00 rows=1333 width=4)
                                                   Filter: ((p_type)::text = 'LARGE POLISHED BRASS'::text)
                                             ->  Index Scan using idx_lineitem_part_supp on lineitem  (cost=0.43..41.78 rows=31 width=24)
                                                   Index Cond: (l_partkey = part.p_partkey)
                                       ->  Index Scan using orders_pkey on orders  (cost=0.43..0.46 rows=1 width=12)
                                             Index Cond: (o_orderkey = lineitem.l_orderkey)
                                             Filter: ((o_orderdate >= '1995-01-01'::date) AND (o_orderdate <= '1996-12-31'::date))
                                 ->  Hash  (cost=2004.49..2004.49 rows=30000 width=4)
                                       ->  Nested Loop  (cost=63.78..2004.49 rows=30000 width=4)
                                             ->  Nested Loop  (cost=0.00..2.62 rows=5 width=4)
                                                   Join Filter: (n1.n_regionkey = region.r_regionkey)
                                                   ->  Seq Scan on region  (cost=0.00..1.06 rows=1 width=4)
                                                         Filter: (r_name = 'AMERICA'::bpchar)
                                                   ->  Seq Scan on nation n1  (cost=0.00..1.25 rows=25 width=8)
                                             ->  Bitmap Heap Scan on customer  (cost=63.78..340.37 rows=6000 width=8)
                                                   Recheck Cond: (c_nationkey = n1.n_nationkey)
                                                   ->  Bitmap Index Scan on idx_customer_nationkey  (cost=0.00..62.28 rows=6000 width=0)
                                                         Index Cond: (c_nationkey = n1.n_nationkey)
                           ->  Index Scan using supplier_pkey on supplier  (cost=0.29..0.31 rows=1 width=8)
                                 Index Cond: (s_suppkey = lineitem.l_suppkey)
                     ->  Index Scan using nation_pkey on nation n2  (cost=0.14..0.16 rows=1 width=30)
                           Index Cond: (n_nationkey = supplier.s_nationkey)
(33 rows)

query 8 run 2
SET
SET
                                                                QUERY PLAN                                                                
------------------------------------------------------------------------------------------------------------------------------------------
 Limit  (cost=85219.95..85219.95 rows=1 width=42)
   ->  Sort  (cost=85219.95..85221.77 rows=726 width=42)
         Sort Key: (date_part('year'::text, (orders.o_orderdate)::timestamp without time zone))
         ->  HashAggregate  (cost=85199.99..85216.32 rows=726 width=42)
               Group Key: date_part('year'::text, (orders.o_orderdate)::timestamp without time zone)
               ->  Nested Loop  (cost=2380.78..85151.77 rows=2411 width=42)
                     ->  Nested Loop  (cost=2380.64..84734.78 rows=2411 width=20)
                           ->  Hash Join  (cost=2380.35..83974.85 rows=2412 width=20)
                                 Hash Cond: (orders.o_custkey = customer.c_custkey)
                                 ->  Nested Loop  (cost=0.86..81510.94 rows=12059 width=24)
                                       ->  Nested Loop  (cost=0.43..62710.40 rows=39996 width=20)
                                             ->  Seq Scan on part  (cost=0.00..6599.00 rows=1333 width=4)
                                                   Filter: ((p_type)::text = 'LARGE POLISHED BRASS'::text)
                                             ->  Index Scan using idx_lineitem_part_supp on lineitem  (cost=0.43..41.78 rows=31 width=24)
                                                   Index Cond: (l_partkey = part.p_partkey)
                                       ->  Index Scan using orders_pkey on orders  (cost=0.43..0.46 rows=1 width=12)
                                             Index Cond: (o_orderkey = lineitem.l_orderkey)
                                             Filter: ((o_orderdate >= '1995-01-01'::date) AND (o_orderdate <= '1996-12-31'::date))
                                 ->  Hash  (cost=2004.49..2004.49 rows=30000 width=4)
                                       ->  Nested Loop  (cost=63.78..2004.49 rows=30000 width=4)
                                             ->  Nested Loop  (cost=0.00..2.62 rows=5 width=4)
                                                   Join Filter: (n1.n_regionkey = region.r_regionkey)
                                                   ->  Seq Scan on region  (cost=0.00..1.06 rows=1 width=4)
                                                         Filter: (r_name = 'AMERICA'::bpchar)
                                                   ->  Seq Scan on nation n1  (cost=0.00..1.25 rows=25 width=8)
                                             ->  Bitmap Heap Scan on customer  (cost=63.78..340.37 rows=6000 width=8)
                                                   Recheck Cond: (c_nationkey = n1.n_nationkey)
                                                   ->  Bitmap Index Scan on idx_customer_nationkey  (cost=0.00..62.28 rows=6000 width=0)
                                                         Index Cond: (c_nationkey = n1.n_nationkey)
                           ->  Index Scan using supplier_pkey on supplier  (cost=0.29..0.31 rows=1 width=8)
                                 Index Cond: (s_suppkey = lineitem.l_suppkey)
                     ->  Index Scan using nation_pkey on nation n2  (cost=0.14..0.16 rows=1 width=30)
                           Index Cond: (n_nationkey = supplier.s_nationkey)
(33 rows)

query 8 run 3
SET
SET
                                                                QUERY PLAN                                                                
------------------------------------------------------------------------------------------------------------------------------------------
 Limit  (cost=85219.95..85219.95 rows=1 width=42)
   ->  Sort  (cost=85219.95..85221.77 rows=726 width=42)
         Sort Key: (date_part('year'::text, (orders.o_orderdate)::timestamp without time zone))
         ->  HashAggregate  (cost=85199.99..85216.32 rows=726 width=42)
               Group Key: date_part('year'::text, (orders.o_orderdate)::timestamp without time zone)
               ->  Nested Loop  (cost=2380.78..85151.77 rows=2411 width=42)
                     ->  Nested Loop  (cost=2380.64..84734.78 rows=2411 width=20)
                           ->  Hash Join  (cost=2380.35..83974.85 rows=2412 width=20)
                                 Hash Cond: (orders.o_custkey = customer.c_custkey)
                                 ->  Nested Loop  (cost=0.86..81510.94 rows=12059 width=24)
                                       ->  Nested Loop  (cost=0.43..62710.40 rows=39996 width=20)
                                             ->  Seq Scan on part  (cost=0.00..6599.00 rows=1333 width=4)
                                                   Filter: ((p_type)::text = 'LARGE POLISHED BRASS'::text)
                                             ->  Index Scan using idx_lineitem_part_supp on lineitem  (cost=0.43..41.78 rows=31 width=24)
                                                   Index Cond: (l_partkey = part.p_partkey)
                                       ->  Index Scan using orders_pkey on orders  (cost=0.43..0.46 rows=1 width=12)
                                             Index Cond: (o_orderkey = lineitem.l_orderkey)
                                             Filter: ((o_orderdate >= '1995-01-01'::date) AND (o_orderdate <= '1996-12-31'::date))
                                 ->  Hash  (cost=2004.49..2004.49 rows=30000 width=4)
                                       ->  Nested Loop  (cost=63.78..2004.49 rows=30000 width=4)
                                             ->  Nested Loop  (cost=0.00..2.62 rows=5 width=4)
                                                   Join Filter: (n1.n_regionkey = region.r_regionkey)
                                                   ->  Seq Scan on region  (cost=0.00..1.06 rows=1 width=4)
                                                         Filter: (r_name = 'AMERICA'::bpchar)
                                                   ->  Seq Scan on nation n1  (cost=0.00..1.25 rows=25 width=8)
                                             ->  Bitmap Heap Scan on customer  (cost=63.78..340.37 rows=6000 width=8)
                                                   Recheck Cond: (c_nationkey = n1.n_nationkey)
                                                   ->  Bitmap Index Scan on idx_customer_nationkey  (cost=0.00..62.28 rows=6000 width=0)
                                                         Index Cond: (c_nationkey = n1.n_nationkey)
                           ->  Index Scan using supplier_pkey on supplier  (cost=0.29..0.31 rows=1 width=8)
                                 Index Cond: (s_suppkey = lineitem.l_suppkey)
                     ->  Index Scan using nation_pkey on nation n2  (cost=0.14..0.16 rows=1 width=30)
                           Index Cond: (n_nationkey = supplier.s_nationkey)
(33 rows)

query 9 run 1
SET
SET
                                                              QUERY PLAN                                                              
--------------------------------------------------------------------------------------------------------------------------------------
 Limit  (cost=97747.58..97747.59 rows=1 width=53)
   ->  Sort  (cost=97747.58..97748.19 rows=242 width=53)
         Sort Key: nation.n_name, (date_part('year'::text, (orders.o_orderdate)::timestamp without time zone))
         ->  HashAggregate  (cost=97742.14..97746.37 rows=242 width=53)
               Group Key: nation.n_name, date_part('year'::text, (orders.o_orderdate)::timestamp without time zone)
               ->  Nested Loop  (cost=1.57..97737.90 rows=242 width=53)
                     Join Filter: (supplier.s_nationkey = nation.n_nationkey)
                     ->  Nested Loop  (cost=1.57..97644.63 rows=242 width=31)
                           ->  Nested Loop  (cost=1.14..97532.09 rows=242 width=31)
                                 ->  Nested Loop  (cost=0.86..97455.84 rows=242 width=35)
                                       ->  Nested Loop  (cost=0.42..40130.09 rows=80808 width=18)
                                             ->  Seq Scan on part  (cost=0.00..6599.00 rows=20202 width=4)
                                                   Filter: ((p_name)::text ~~ '%navy%'::text)
                                             ->  Index Scan using idx_partsupp_partkey on partsupp  (cost=0.42..1.62 rows=4 width=14)
                                                   Index Cond: (ps_partkey = part.p_partkey)
                                       ->  Index Scan using idx_lineitem_part_supp on lineitem  (cost=0.43..0.70 rows=1 width=29)
                                             Index Cond: ((l_partkey = partsupp.ps_partkey) AND (l_suppkey = partsupp.ps_suppkey))
                                 ->  Index Scan using supplier_pkey on supplier  (cost=0.29..0.31 rows=1 width=8)
                                       Index Cond: (s_suppkey = lineitem.l_suppkey)
                           ->  Index Scan using orders_pkey on orders  (cost=0.43..0.46 rows=1 width=8)
                                 Index Cond: (o_orderkey = lineitem.l_orderkey)
                     ->  Materialize  (cost=0.00..1.38 rows=25 width=30)
                           ->  Seq Scan on nation  (cost=0.00..1.25 rows=25 width=30)
(23 rows)

query 9 run 2
SET
SET
                                                              QUERY PLAN                                                              
--------------------------------------------------------------------------------------------------------------------------------------
 Limit  (cost=97747.58..97747.59 rows=1 width=53)
   ->  Sort  (cost=97747.58..97748.19 rows=242 width=53)
         Sort Key: nation.n_name, (date_part('year'::text, (orders.o_orderdate)::timestamp without time zone))
         ->  HashAggregate  (cost=97742.14..97746.37 rows=242 width=53)
               Group Key: nation.n_name, date_part('year'::text, (orders.o_orderdate)::timestamp without time zone)
               ->  Nested Loop  (cost=1.57..97737.90 rows=242 width=53)
                     Join Filter: (supplier.s_nationkey = nation.n_nationkey)
                     ->  Nested Loop  (cost=1.57..97644.63 rows=242 width=31)
                           ->  Nested Loop  (cost=1.14..97532.09 rows=242 width=31)
                                 ->  Nested Loop  (cost=0.86..97455.84 rows=242 width=35)
                                       ->  Nested Loop  (cost=0.42..40130.09 rows=80808 width=18)
                                             ->  Seq Scan on part  (cost=0.00..6599.00 rows=20202 width=4)
                                                   Filter: ((p_name)::text ~~ '%navy%'::text)
                                             ->  Index Scan using idx_partsupp_partkey on partsupp  (cost=0.42..1.62 rows=4 width=14)
                                                   Index Cond: (ps_partkey = part.p_partkey)
                                       ->  Index Scan using idx_lineitem_part_supp on lineitem  (cost=0.43..0.70 rows=1 width=29)
                                             Index Cond: ((l_partkey = partsupp.ps_partkey) AND (l_suppkey = partsupp.ps_suppkey))
                                 ->  Index Scan using supplier_pkey on supplier  (cost=0.29..0.31 rows=1 width=8)
                                       Index Cond: (s_suppkey = lineitem.l_suppkey)
                           ->  Index Scan using orders_pkey on orders  (cost=0.43..0.46 rows=1 width=8)
                                 Index Cond: (o_orderkey = lineitem.l_orderkey)
                     ->  Materialize  (cost=0.00..1.38 rows=25 width=30)
                           ->  Seq Scan on nation  (cost=0.00..1.25 rows=25 width=30)
(23 rows)

query 9 run 3
SET
SET
                                                              QUERY PLAN                                                              
--------------------------------------------------------------------------------------------------------------------------------------
 Limit  (cost=97747.58..97747.59 rows=1 width=53)
   ->  Sort  (cost=97747.58..97748.19 rows=242 width=53)
         Sort Key: nation.n_name, (date_part('year'::text, (orders.o_orderdate)::timestamp without time zone))
         ->  HashAggregate  (cost=97742.14..97746.37 rows=242 width=53)
               Group Key: nation.n_name, date_part('year'::text, (orders.o_orderdate)::timestamp without time zone)
               ->  Nested Loop  (cost=1.57..97737.90 rows=242 width=53)
                     Join Filter: (supplier.s_nationkey = nation.n_nationkey)
                     ->  Nested Loop  (cost=1.57..97644.63 rows=242 width=31)
                           ->  Nested Loop  (cost=1.14..97532.09 rows=242 width=31)
                                 ->  Nested Loop  (cost=0.86..97455.84 rows=242 width=35)
                                       ->  Nested Loop  (cost=0.42..40130.09 rows=80808 width=18)
                                             ->  Seq Scan on part  (cost=0.00..6599.00 rows=20202 width=4)
                                                   Filter: ((p_name)::text ~~ '%navy%'::text)
                                             ->  Index Scan using idx_partsupp_partkey on partsupp  (cost=0.42..1.62 rows=4 width=14)
                                                   Index Cond: (ps_partkey = part.p_partkey)
                                       ->  Index Scan using idx_lineitem_part_supp on lineitem  (cost=0.43..0.70 rows=1 width=29)
                                             Index Cond: ((l_partkey = partsupp.ps_partkey) AND (l_suppkey = partsupp.ps_suppkey))
                                 ->  Index Scan using supplier_pkey on supplier  (cost=0.29..0.31 rows=1 width=8)
                                       Index Cond: (s_suppkey = lineitem.l_suppkey)
                           ->  Index Scan using orders_pkey on orders  (cost=0.43..0.46 rows=1 width=8)
                                 Index Cond: (o_orderkey = lineitem.l_orderkey)
                     ->  Materialize  (cost=0.00..1.38 rows=25 width=30)
                           ->  Seq Scan on nation  (cost=0.00..1.25 rows=25 width=30)
(23 rows)

query 10 run 1
SET
SET
                                                                        QUERY PLAN                                                                         
-----------------------------------------------------------------------------------------------------------------------------------------------------------
 Limit  (cost=162447.47..162447.52 rows=20 width=182)
   ->  Sort  (cost=162447.47..162583.93 rows=54583 width=182)
         Sort Key: (sum((lineitem.l_extendedprice * (1::numeric - lineitem.l_discount))))
         ->  HashAggregate  (cost=160312.75..160995.04 rows=54583 width=182)
               Group Key: customer.c_custkey, customer.c_name, customer.c_acctbal, customer.c_phone, nation.n_name, customer.c_address, customer.c_comment
               ->  Hash Join  (cost=7783.46..158948.17 rows=54583 width=182)
                     Hash Cond: (customer.c_nationkey = nation.n_nationkey)
                     ->  Hash Join  (cost=7781.90..158196.10 rows=54583 width=160)
                           Hash Cond: (orders.o_custkey = customer.c_custkey)
                           ->  Nested Loop  (cost=809.90..149927.75 rows=54583 width=16)
                                 ->  Bitmap Heap Scan on orders  (cost=809.47..27784.19 rows=56248 width=8)
                                       Recheck Cond: ((o_orderdate >= '1994-08-01'::date) AND (o_orderdate < '1994-11-01'::date))
                                       ->  Bitmap Index Scan on idx_orders_orderdate  (cost=0.00..795.41 rows=56248 width=0)
                                             Index Cond: ((o_orderdate >= '1994-08-01'::date) AND (o_orderdate < '1994-11-01'::date))
                                 ->  Index Scan using idx_lineitem_orderkey on lineitem  (cost=0.43..2.16 rows=1 width=16)
                                       Index Cond: (l_orderkey = orders.o_orderkey)
                                       Filter: (l_returnflag = 'R'::bpchar)
                           ->  Hash  (cost=5097.00..5097.00 rows=150000 width=148)
                                 ->  Seq Scan on customer  (cost=0.00..5097.00 rows=150000 width=148)
                     ->  Hash  (cost=1.25..1.25 rows=25 width=30)
                           ->  Seq Scan on nation  (cost=0.00..1.25 rows=25 width=30)
(21 rows)

query 10 run 2
SET
SET
                                                                        QUERY PLAN                                                                         
-----------------------------------------------------------------------------------------------------------------------------------------------------------
 Limit  (cost=162447.47..162447.52 rows=20 width=182)
   ->  Sort  (cost=162447.47..162583.93 rows=54583 width=182)
         Sort Key: (sum((lineitem.l_extendedprice * (1::numeric - lineitem.l_discount))))
         ->  HashAggregate  (cost=160312.75..160995.04 rows=54583 width=182)
               Group Key: customer.c_custkey, customer.c_name, customer.c_acctbal, customer.c_phone, nation.n_name, customer.c_address, customer.c_comment
               ->  Hash Join  (cost=7783.46..158948.17 rows=54583 width=182)
                     Hash Cond: (customer.c_nationkey = nation.n_nationkey)
                     ->  Hash Join  (cost=7781.90..158196.10 rows=54583 width=160)
                           Hash Cond: (orders.o_custkey = customer.c_custkey)
                           ->  Nested Loop  (cost=809.90..149927.75 rows=54583 width=16)
                                 ->  Bitmap Heap Scan on orders  (cost=809.47..27784.19 rows=56248 width=8)
                                       Recheck Cond: ((o_orderdate >= '1994-08-01'::date) AND (o_orderdate < '1994-11-01'::date))
                                       ->  Bitmap Index Scan on idx_orders_orderdate  (cost=0.00..795.41 rows=56248 width=0)
                                             Index Cond: ((o_orderdate >= '1994-08-01'::date) AND (o_orderdate < '1994-11-01'::date))
                                 ->  Index Scan using idx_lineitem_orderkey on lineitem  (cost=0.43..2.16 rows=1 width=16)
                                       Index Cond: (l_orderkey = orders.o_orderkey)
                                       Filter: (l_returnflag = 'R'::bpchar)
                           ->  Hash  (cost=5097.00..5097.00 rows=150000 width=148)
                                 ->  Seq Scan on customer  (cost=0.00..5097.00 rows=150000 width=148)
                     ->  Hash  (cost=1.25..1.25 rows=25 width=30)
                           ->  Seq Scan on nation  (cost=0.00..1.25 rows=25 width=30)
(21 rows)

query 10 run 3
SET
SET
                                                                        QUERY PLAN                                                                         
-----------------------------------------------------------------------------------------------------------------------------------------------------------
 Limit  (cost=162447.47..162447.52 rows=20 width=182)
   ->  Sort  (cost=162447.47..162583.93 rows=54583 width=182)
         Sort Key: (sum((lineitem.l_extendedprice * (1::numeric - lineitem.l_discount))))
         ->  HashAggregate  (cost=160312.75..160995.04 rows=54583 width=182)
               Group Key: customer.c_custkey, customer.c_name, customer.c_acctbal, customer.c_phone, nation.n_name, customer.c_address, customer.c_comment
               ->  Hash Join  (cost=7783.46..158948.17 rows=54583 width=182)
                     Hash Cond: (customer.c_nationkey = nation.n_nationkey)
                     ->  Hash Join  (cost=7781.90..158196.10 rows=54583 width=160)
                           Hash Cond: (orders.o_custkey = customer.c_custkey)
                           ->  Nested Loop  (cost=809.90..149927.75 rows=54583 width=16)
                                 ->  Bitmap Heap Scan on orders  (cost=809.47..27784.19 rows=56248 width=8)
                                       Recheck Cond: ((o_orderdate >= '1994-08-01'::date) AND (o_orderdate < '1994-11-01'::date))
                                       ->  Bitmap Index Scan on idx_orders_orderdate  (cost=0.00..795.41 rows=56248 width=0)
                                             Index Cond: ((o_orderdate >= '1994-08-01'::date) AND (o_orderdate < '1994-11-01'::date))
                                 ->  Index Scan using idx_lineitem_orderkey on lineitem  (cost=0.43..2.16 rows=1 width=16)
                                       Index Cond: (l_orderkey = orders.o_orderkey)
                                       Filter: (l_returnflag = 'R'::bpchar)
                           ->  Hash  (cost=5097.00..5097.00 rows=150000 width=148)
                                 ->  Seq Scan on customer  (cost=0.00..5097.00 rows=150000 width=148)
                     ->  Hash  (cost=1.25..1.25 rows=25 width=30)
                           ->  Seq Scan on nation  (cost=0.00..1.25 rows=25 width=30)
(21 rows)

query 11 run 1
SET
SET
                                                      QUERY PLAN                                                      
----------------------------------------------------------------------------------------------------------------------
 Limit  (cost=6607.82..6607.82 rows=1 width=14)
   InitPlan 1 (returns $2)
     ->  Aggregate  (cost=2784.21..2784.22 rows=1 width=10)
           ->  Nested Loop  (cost=6.81..2544.35 rows=31981 width=10)
                 ->  Nested Loop  (cost=6.38..230.58 rows=400 width=4)
                       ->  Seq Scan on nation nation_1  (cost=0.00..1.31 rows=1 width=4)
                             Filter: (n_name = 'SAUDI ARABIA'::bpchar)
                       ->  Bitmap Heap Scan on supplier supplier_1  (cost=6.38..225.26 rows=400 width=8)
                             Recheck Cond: (s_nationkey = nation_1.n_nationkey)
                             ->  Bitmap Index Scan on idx_supplier_nation_key  (cost=0.00..6.29 rows=400 width=0)
                                   Index Cond: (s_nationkey = nation_1.n_nationkey)
                 ->  Index Scan using idx_partsupp_suppkey on partsupp partsupp_1  (cost=0.42..4.98 rows=80 width=14)
                       Index Cond: (ps_suppkey = supplier_1.s_suppkey)
   ->  Sort  (cost=3823.59..3903.54 rows=31981 width=14)
         Sort Key: (sum((partsupp.ps_supplycost * (partsupp.ps_availqty)::numeric)))
         ->  HashAggregate  (cost=3104.02..3663.69 rows=31981 width=14)
               Group Key: partsupp.ps_partkey
               Filter: (sum((partsupp.ps_supplycost * (partsupp.ps_availqty)::numeric)) > $2)
               ->  Nested Loop  (cost=6.81..2544.35 rows=31981 width=14)
                     ->  Nested Loop  (cost=6.38..230.58 rows=400 width=4)
                           ->  Seq Scan on nation  (cost=0.00..1.31 rows=1 width=4)
                                 Filter: (n_name = 'SAUDI ARABIA'::bpchar)
                           ->  Bitmap Heap Scan on supplier  (cost=6.38..225.26 rows=400 width=8)
                                 Recheck Cond: (s_nationkey = nation.n_nationkey)
                                 ->  Bitmap Index Scan on idx_supplier_nation_key  (cost=0.00..6.29 rows=400 width=0)
                                       Index Cond: (s_nationkey = nation.n_nationkey)
                     ->  Index Scan using idx_partsupp_suppkey on partsupp  (cost=0.42..4.98 rows=80 width=18)
                           Index Cond: (ps_suppkey = supplier.s_suppkey)
(28 rows)

query 11 run 2
SET
SET
                                                      QUERY PLAN                                                      
----------------------------------------------------------------------------------------------------------------------
 Limit  (cost=6607.82..6607.82 rows=1 width=14)
   InitPlan 1 (returns $2)
     ->  Aggregate  (cost=2784.21..2784.22 rows=1 width=10)
           ->  Nested Loop  (cost=6.81..2544.35 rows=31981 width=10)
                 ->  Nested Loop  (cost=6.38..230.58 rows=400 width=4)
                       ->  Seq Scan on nation nation_1  (cost=0.00..1.31 rows=1 width=4)
                             Filter: (n_name = 'SAUDI ARABIA'::bpchar)
                       ->  Bitmap Heap Scan on supplier supplier_1  (cost=6.38..225.26 rows=400 width=8)
                             Recheck Cond: (s_nationkey = nation_1.n_nationkey)
                             ->  Bitmap Index Scan on idx_supplier_nation_key  (cost=0.00..6.29 rows=400 width=0)
                                   Index Cond: (s_nationkey = nation_1.n_nationkey)
                 ->  Index Scan using idx_partsupp_suppkey on partsupp partsupp_1  (cost=0.42..4.98 rows=80 width=14)
                       Index Cond: (ps_suppkey = supplier_1.s_suppkey)
   ->  Sort  (cost=3823.59..3903.54 rows=31981 width=14)
         Sort Key: (sum((partsupp.ps_supplycost * (partsupp.ps_availqty)::numeric)))
         ->  HashAggregate  (cost=3104.02..3663.69 rows=31981 width=14)
               Group Key: partsupp.ps_partkey
               Filter: (sum((partsupp.ps_supplycost * (partsupp.ps_availqty)::numeric)) > $2)
               ->  Nested Loop  (cost=6.81..2544.35 rows=31981 width=14)
                     ->  Nested Loop  (cost=6.38..230.58 rows=400 width=4)
                           ->  Seq Scan on nation  (cost=0.00..1.31 rows=1 width=4)
                                 Filter: (n_name = 'SAUDI ARABIA'::bpchar)
                           ->  Bitmap Heap Scan on supplier  (cost=6.38..225.26 rows=400 width=8)
                                 Recheck Cond: (s_nationkey = nation.n_nationkey)
                                 ->  Bitmap Index Scan on idx_supplier_nation_key  (cost=0.00..6.29 rows=400 width=0)
                                       Index Cond: (s_nationkey = nation.n_nationkey)
                     ->  Index Scan using idx_partsupp_suppkey on partsupp  (cost=0.42..4.98 rows=80 width=18)
                           Index Cond: (ps_suppkey = supplier.s_suppkey)
(28 rows)

query 11 run 3
SET
SET
                                                      QUERY PLAN                                                      
----------------------------------------------------------------------------------------------------------------------
 Limit  (cost=6607.82..6607.82 rows=1 width=14)
   InitPlan 1 (returns $2)
     ->  Aggregate  (cost=2784.21..2784.22 rows=1 width=10)
           ->  Nested Loop  (cost=6.81..2544.35 rows=31981 width=10)
                 ->  Nested Loop  (cost=6.38..230.58 rows=400 width=4)
                       ->  Seq Scan on nation nation_1  (cost=0.00..1.31 rows=1 width=4)
                             Filter: (n_name = 'SAUDI ARABIA'::bpchar)
                       ->  Bitmap Heap Scan on supplier supplier_1  (cost=6.38..225.26 rows=400 width=8)
                             Recheck Cond: (s_nationkey = nation_1.n_nationkey)
                             ->  Bitmap Index Scan on idx_supplier_nation_key  (cost=0.00..6.29 rows=400 width=0)
                                   Index Cond: (s_nationkey = nation_1.n_nationkey)
                 ->  Index Scan using idx_partsupp_suppkey on partsupp partsupp_1  (cost=0.42..4.98 rows=80 width=14)
                       Index Cond: (ps_suppkey = supplier_1.s_suppkey)
   ->  Sort  (cost=3823.59..3903.54 rows=31981 width=14)
         Sort Key: (sum((partsupp.ps_supplycost * (partsupp.ps_availqty)::numeric)))
         ->  HashAggregate  (cost=3104.02..3663.69 rows=31981 width=14)
               Group Key: partsupp.ps_partkey
               Filter: (sum((partsupp.ps_supplycost * (partsupp.ps_availqty)::numeric)) > $2)
               ->  Nested Loop  (cost=6.81..2544.35 rows=31981 width=14)
                     ->  Nested Loop  (cost=6.38..230.58 rows=400 width=4)
                           ->  Seq Scan on nation  (cost=0.00..1.31 rows=1 width=4)
                                 Filter: (n_name = 'SAUDI ARABIA'::bpchar)
                           ->  Bitmap Heap Scan on supplier  (cost=6.38..225.26 rows=400 width=8)
                                 Recheck Cond: (s_nationkey = nation.n_nationkey)
                                 ->  Bitmap Index Scan on idx_supplier_nation_key  (cost=0.00..6.29 rows=400 width=0)
                                       Index Cond: (s_nationkey = nation.n_nationkey)
                     ->  Index Scan using idx_partsupp_suppkey on partsupp  (cost=0.42..4.98 rows=80 width=18)
                           Index Cond: (ps_suppkey = supplier.s_suppkey)
(28 rows)

query 12 run 1
SET
SET
                                                                                                                 QUERY PLAN                                                                                                                  
---------------------------------------------------------------------------------------------------------------------------------------------------------------------------------------------------------------------------------------------
 Limit  (cost=295996.50..295996.51 rows=1 width=27)
   ->  Sort  (cost=295996.50..295996.51 rows=1 width=27)
         Sort Key: lineitem.l_shipmode
         ->  HashAggregate  (cost=295996.48..295996.49 rows=1 width=27)
               Group Key: lineitem.l_shipmode
               ->  Nested Loop  (cost=0.43..295481.23 rows=29443 width=27)
                     ->  Seq Scan on lineitem  (cost=0.00..247580.77 rows=29448 width=15)
                           Filter: ((l_shipmode = ANY ('{SHIP,"REG AIR"}'::bpchar[])) AND (l_commitdate < l_receiptdate) AND (l_shipdate < l_commitdate) AND (l_receiptdate >= '1994-01-01'::date) AND (l_receiptdate < '1995-01-01'::date))
                     ->  Index Scan using orders_pkey on orders  (cost=0.43..1.62 rows=1 width=20)
                           Index Cond: (o_orderkey = lineitem.l_orderkey)
(10 rows)

query 12 run 2
SET
SET
                                                                                                                 QUERY PLAN                                                                                                                  
---------------------------------------------------------------------------------------------------------------------------------------------------------------------------------------------------------------------------------------------
 Limit  (cost=295996.50..295996.51 rows=1 width=27)
   ->  Sort  (cost=295996.50..295996.51 rows=1 width=27)
         Sort Key: lineitem.l_shipmode
         ->  HashAggregate  (cost=295996.48..295996.49 rows=1 width=27)
               Group Key: lineitem.l_shipmode
               ->  Nested Loop  (cost=0.43..295481.23 rows=29443 width=27)
                     ->  Seq Scan on lineitem  (cost=0.00..247580.77 rows=29448 width=15)
                           Filter: ((l_shipmode = ANY ('{SHIP,"REG AIR"}'::bpchar[])) AND (l_commitdate < l_receiptdate) AND (l_shipdate < l_commitdate) AND (l_receiptdate >= '1994-01-01'::date) AND (l_receiptdate < '1995-01-01'::date))
                     ->  Index Scan using orders_pkey on orders  (cost=0.43..1.62 rows=1 width=20)
                           Index Cond: (o_orderkey = lineitem.l_orderkey)
(10 rows)

query 12 run 3
SET
SET
                                                                                                                 QUERY PLAN                                                                                                                  
---------------------------------------------------------------------------------------------------------------------------------------------------------------------------------------------------------------------------------------------
 Limit  (cost=295996.50..295996.51 rows=1 width=27)
   ->  Sort  (cost=295996.50..295996.51 rows=1 width=27)
         Sort Key: lineitem.l_shipmode
         ->  HashAggregate  (cost=295996.48..295996.49 rows=1 width=27)
               Group Key: lineitem.l_shipmode
               ->  Nested Loop  (cost=0.43..295481.23 rows=29443 width=27)
                     ->  Seq Scan on lineitem  (cost=0.00..247580.77 rows=29448 width=15)
                           Filter: ((l_shipmode = ANY ('{SHIP,"REG AIR"}'::bpchar[])) AND (l_commitdate < l_receiptdate) AND (l_shipdate < l_commitdate) AND (l_receiptdate >= '1994-01-01'::date) AND (l_receiptdate < '1995-01-01'::date))
                     ->  Index Scan using orders_pkey on orders  (cost=0.43..1.62 rows=1 width=20)
                           Index Cond: (o_orderkey = lineitem.l_orderkey)
(10 rows)

query 13 run 1
SET
SET
                                                          QUERY PLAN                                                           
-------------------------------------------------------------------------------------------------------------------------------
 Limit  (cost=96501.11..96501.11 rows=1 width=8)
   ->  Sort  (cost=96501.11..96501.61 rows=200 width=8)
         Sort Key: (count(*)), (count(orders.o_orderkey))
         ->  HashAggregate  (cost=96498.11..96500.11 rows=200 width=8)
               Group Key: count(orders.o_orderkey)
               ->  HashAggregate  (cost=92748.11..94248.11 rows=150000 width=8)
                     Group Key: customer.c_custkey
                     ->  Hash Right Join  (cost=4746.42..85248.86 rows=1499850 width=8)
                           Hash Cond: (orders.o_custkey = customer.c_custkey)
                           ->  Seq Scan on orders  (cost=0.00..44881.00 rows=1499850 width=8)
                                 Filter: ((o_comment)::text !~~ '%special%requests%'::text)
                           ->  Hash  (cost=2871.42..2871.42 rows=150000 width=4)
                                 ->  Index Only Scan using customer_pkey on customer  (cost=0.42..2871.42 rows=150000 width=4)
(13 rows)

query 13 run 2
SET
SET
                                                          QUERY PLAN                                                           
-------------------------------------------------------------------------------------------------------------------------------
 Limit  (cost=96501.11..96501.11 rows=1 width=8)
   ->  Sort  (cost=96501.11..96501.61 rows=200 width=8)
         Sort Key: (count(*)), (count(orders.o_orderkey))
         ->  HashAggregate  (cost=96498.11..96500.11 rows=200 width=8)
               Group Key: count(orders.o_orderkey)
               ->  HashAggregate  (cost=92748.11..94248.11 rows=150000 width=8)
                     Group Key: customer.c_custkey
                     ->  Hash Right Join  (cost=4746.42..85248.86 rows=1499850 width=8)
                           Hash Cond: (orders.o_custkey = customer.c_custkey)
                           ->  Seq Scan on orders  (cost=0.00..44881.00 rows=1499850 width=8)
                                 Filter: ((o_comment)::text !~~ '%special%requests%'::text)
                           ->  Hash  (cost=2871.42..2871.42 rows=150000 width=4)
                                 ->  Index Only Scan using customer_pkey on customer  (cost=0.42..2871.42 rows=150000 width=4)
(13 rows)

query 13 run 3
SET
SET
                                                          QUERY PLAN                                                           
-------------------------------------------------------------------------------------------------------------------------------
 Limit  (cost=96501.11..96501.11 rows=1 width=8)
   ->  Sort  (cost=96501.11..96501.61 rows=200 width=8)
         Sort Key: (count(*)), (count(orders.o_orderkey))
         ->  HashAggregate  (cost=96498.11..96500.11 rows=200 width=8)
               Group Key: count(orders.o_orderkey)
               ->  HashAggregate  (cost=92748.11..94248.11 rows=150000 width=8)
                     Group Key: customer.c_custkey
                     ->  Hash Right Join  (cost=4746.42..85248.86 rows=1499850 width=8)
                           Hash Cond: (orders.o_custkey = customer.c_custkey)
                           ->  Seq Scan on orders  (cost=0.00..44881.00 rows=1499850 width=8)
                                 Filter: ((o_comment)::text !~~ '%special%requests%'::text)
                           ->  Hash  (cost=2871.42..2871.42 rows=150000 width=4)
                                 ->  Index Only Scan using customer_pkey on customer  (cost=0.42..2871.42 rows=150000 width=4)
(13 rows)

query 14 run 1
SET
SET
                                                    QUERY PLAN                                                    
------------------------------------------------------------------------------------------------------------------
 Limit  (cost=78797.97..78797.99 rows=1 width=33)
   ->  Aggregate  (cost=78797.97..78797.99 rows=1 width=33)
         ->  Hash Join  (cost=9817.02..77469.53 rows=75911 width=33)
               Hash Cond: (lineitem.l_partkey = part.p_partkey)
               ->  Bitmap Heap Scan on lineitem  (cost=1218.02..67352.31 rows=75911 width=16)
                     Recheck Cond: ((l_shipdate >= '1994-05-01'::date) AND (l_shipdate < '1994-06-01'::date))
                     ->  Bitmap Index Scan on idx_lineitem_shipdate  (cost=0.00..1199.04 rows=75911 width=0)
                           Index Cond: ((l_shipdate >= '1994-05-01'::date) AND (l_shipdate < '1994-06-01'::date))
               ->  Hash  (cost=6099.00..6099.00 rows=200000 width=25)
                     ->  Seq Scan on part  (cost=0.00..6099.00 rows=200000 width=25)
(10 rows)

query 14 run 2
SET
SET
                                                    QUERY PLAN                                                    
------------------------------------------------------------------------------------------------------------------
 Limit  (cost=78797.97..78797.99 rows=1 width=33)
   ->  Aggregate  (cost=78797.97..78797.99 rows=1 width=33)
         ->  Hash Join  (cost=9817.02..77469.53 rows=75911 width=33)
               Hash Cond: (lineitem.l_partkey = part.p_partkey)
               ->  Bitmap Heap Scan on lineitem  (cost=1218.02..67352.31 rows=75911 width=16)
                     Recheck Cond: ((l_shipdate >= '1994-05-01'::date) AND (l_shipdate < '1994-06-01'::date))
                     ->  Bitmap Index Scan on idx_lineitem_shipdate  (cost=0.00..1199.04 rows=75911 width=0)
                           Index Cond: ((l_shipdate >= '1994-05-01'::date) AND (l_shipdate < '1994-06-01'::date))
               ->  Hash  (cost=6099.00..6099.00 rows=200000 width=25)
                     ->  Seq Scan on part  (cost=0.00..6099.00 rows=200000 width=25)
(10 rows)

query 14 run 3
SET
SET
                                                    QUERY PLAN                                                    
------------------------------------------------------------------------------------------------------------------
 Limit  (cost=78797.97..78797.99 rows=1 width=33)
   ->  Aggregate  (cost=78797.97..78797.99 rows=1 width=33)
         ->  Hash Join  (cost=9817.02..77469.53 rows=75911 width=33)
               Hash Cond: (lineitem.l_partkey = part.p_partkey)
               ->  Bitmap Heap Scan on lineitem  (cost=1218.02..67352.31 rows=75911 width=16)
                     Recheck Cond: ((l_shipdate >= '1994-05-01'::date) AND (l_shipdate < '1994-06-01'::date))
                     ->  Bitmap Index Scan on idx_lineitem_shipdate  (cost=0.00..1199.04 rows=75911 width=0)
                           Index Cond: ((l_shipdate >= '1994-05-01'::date) AND (l_shipdate < '1994-06-01'::date))
               ->  Hash  (cost=6099.00..6099.00 rows=200000 width=25)
                     ->  Seq Scan on part  (cost=0.00..6099.00 rows=200000 width=25)
(10 rows)

query 15 run 1
SET
SET
CREATE VIEW
                                                          QUERY PLAN                                                          
------------------------------------------------------------------------------------------------------------------------------
 Limit  (cost=245290.08..245291.28 rows=1 width=103)
   InitPlan 1 (returns $0)
     ->  Aggregate  (cost=121792.41..121792.42 rows=1 width=32)
           ->  HashAggregate  (cost=121783.01..121787.71 rows=376 width=16)
                 Group Key: lineitem_1.l_suppkey
                 ->  Bitmap Heap Scan on lineitem lineitem_1  (cost=3607.79..119532.42 rows=225059 width=16)
                       Recheck Cond: ((l_shipdate >= '1996-01-01'::date) AND (l_shipdate < '1996-04-01'::date))
                       ->  Bitmap Index Scan on idx_lineitem_shipdate  (cost=0.00..3551.52 rows=225059 width=0)
                             Index Cond: ((l_shipdate >= '1996-01-01'::date) AND (l_shipdate < '1996-04-01'::date))
   ->  Merge Join  (cost=123497.66..123946.80 rows=376 width=103)
         Merge Cond: (supplier.s_suppkey = revenue0.supplier_no)
         ->  Index Scan using supplier_pkey on supplier  (cost=0.29..418.79 rows=10000 width=71)
         ->  Sort  (cost=123497.38..123498.32 rows=376 width=36)
               Sort Key: revenue0.supplier_no
               ->  Subquery Scan on revenue0  (cost=123470.95..123481.29 rows=376 width=36)
                     ->  HashAggregate  (cost=123470.95..123477.53 rows=376 width=16)
                           Group Key: lineitem.l_suppkey
                           Filter: (sum((lineitem.l_extendedprice * (1::numeric - lineitem.l_discount))) = $0)
                           ->  Bitmap Heap Scan on lineitem  (cost=3607.79..119532.42 rows=225059 width=16)
                                 Recheck Cond: ((l_shipdate >= '1996-01-01'::date) AND (l_shipdate < '1996-04-01'::date))
                                 ->  Bitmap Index Scan on idx_lineitem_shipdate  (cost=0.00..3551.52 rows=225059 width=0)
                                       Index Cond: ((l_shipdate >= '1996-01-01'::date) AND (l_shipdate < '1996-04-01'::date))
(22 rows)

DROP VIEW
query 15 run 2
SET
SET
CREATE VIEW
                                                          QUERY PLAN                                                          
------------------------------------------------------------------------------------------------------------------------------
 Limit  (cost=245290.08..245291.28 rows=1 width=103)
   InitPlan 1 (returns $0)
     ->  Aggregate  (cost=121792.41..121792.42 rows=1 width=32)
           ->  HashAggregate  (cost=121783.01..121787.71 rows=376 width=16)
                 Group Key: lineitem_1.l_suppkey
                 ->  Bitmap Heap Scan on lineitem lineitem_1  (cost=3607.79..119532.42 rows=225059 width=16)
                       Recheck Cond: ((l_shipdate >= '1996-01-01'::date) AND (l_shipdate < '1996-04-01'::date))
                       ->  Bitmap Index Scan on idx_lineitem_shipdate  (cost=0.00..3551.52 rows=225059 width=0)
                             Index Cond: ((l_shipdate >= '1996-01-01'::date) AND (l_shipdate < '1996-04-01'::date))
   ->  Merge Join  (cost=123497.66..123946.80 rows=376 width=103)
         Merge Cond: (supplier.s_suppkey = revenue0.supplier_no)
         ->  Index Scan using supplier_pkey on supplier  (cost=0.29..418.79 rows=10000 width=71)
         ->  Sort  (cost=123497.38..123498.32 rows=376 width=36)
               Sort Key: revenue0.supplier_no
               ->  Subquery Scan on revenue0  (cost=123470.95..123481.29 rows=376 width=36)
                     ->  HashAggregate  (cost=123470.95..123477.53 rows=376 width=16)
                           Group Key: lineitem.l_suppkey
                           Filter: (sum((lineitem.l_extendedprice * (1::numeric - lineitem.l_discount))) = $0)
                           ->  Bitmap Heap Scan on lineitem  (cost=3607.79..119532.42 rows=225059 width=16)
                                 Recheck Cond: ((l_shipdate >= '1996-01-01'::date) AND (l_shipdate < '1996-04-01'::date))
                                 ->  Bitmap Index Scan on idx_lineitem_shipdate  (cost=0.00..3551.52 rows=225059 width=0)
                                       Index Cond: ((l_shipdate >= '1996-01-01'::date) AND (l_shipdate < '1996-04-01'::date))
(22 rows)

DROP VIEW
query 15 run 3
SET
SET
CREATE VIEW
                                                          QUERY PLAN                                                          
------------------------------------------------------------------------------------------------------------------------------
 Limit  (cost=245290.08..245291.28 rows=1 width=103)
   InitPlan 1 (returns $0)
     ->  Aggregate  (cost=121792.41..121792.42 rows=1 width=32)
           ->  HashAggregate  (cost=121783.01..121787.71 rows=376 width=16)
                 Group Key: lineitem_1.l_suppkey
                 ->  Bitmap Heap Scan on lineitem lineitem_1  (cost=3607.79..119532.42 rows=225059 width=16)
                       Recheck Cond: ((l_shipdate >= '1996-01-01'::date) AND (l_shipdate < '1996-04-01'::date))
                       ->  Bitmap Index Scan on idx_lineitem_shipdate  (cost=0.00..3551.52 rows=225059 width=0)
                             Index Cond: ((l_shipdate >= '1996-01-01'::date) AND (l_shipdate < '1996-04-01'::date))
   ->  Merge Join  (cost=123497.66..123946.80 rows=376 width=103)
         Merge Cond: (supplier.s_suppkey = revenue0.supplier_no)
         ->  Index Scan using supplier_pkey on supplier  (cost=0.29..418.79 rows=10000 width=71)
         ->  Sort  (cost=123497.38..123498.32 rows=376 width=36)
               Sort Key: revenue0.supplier_no
               ->  Subquery Scan on revenue0  (cost=123470.95..123481.29 rows=376 width=36)
                     ->  HashAggregate  (cost=123470.95..123477.53 rows=376 width=16)
                           Group Key: lineitem.l_suppkey
                           Filter: (sum((lineitem.l_extendedprice * (1::numeric - lineitem.l_discount))) = $0)
                           ->  Bitmap Heap Scan on lineitem  (cost=3607.79..119532.42 rows=225059 width=16)
                                 Recheck Cond: ((l_shipdate >= '1996-01-01'::date) AND (l_shipdate < '1996-04-01'::date))
                                 ->  Bitmap Index Scan on idx_lineitem_shipdate  (cost=0.00..3551.52 rows=225059 width=0)
                                       Index Cond: ((l_shipdate >= '1996-01-01'::date) AND (l_shipdate < '1996-04-01'::date))
(22 rows)

DROP VIEW
query 16 run 1
SET
SET
                                                                                      QUERY PLAN                                                                                      
--------------------------------------------------------------------------------------------------------------------------------------------------------------------------------------
 Limit  (cost=35849.41..35849.41 rows=1 width=40)
   ->  Sort  (cost=35849.41..35856.96 rows=3023 width=40)
         Sort Key: (count(DISTINCT partsupp.ps_suppkey)), part.p_brand, part.p_type, part.p_size
         ->  GroupAggregate  (cost=35048.54..35834.29 rows=3023 width=40)
               Group Key: part.p_brand, part.p_type, part.p_size
               ->  Sort  (cost=35048.54..35199.64 rows=60442 width=40)
                     Sort Key: part.p_brand, part.p_type, part.p_size
                     ->  Merge Join  (cost=348.85..30248.46 rows=60442 width=40)
                           Merge Cond: (part.p_partkey = partsupp.ps_partkey)
                           ->  Index Scan using part_pkey on part  (cost=0.42..10926.42 rows=30221 width=40)
                                 Filter: ((p_brand <> 'Brand#12'::bpchar) AND ((p_type)::text !~~ 'SMALL BRUSHED%'::text) AND (p_size = ANY ('{12,32,36,26,40,34,49,9}'::integer[])))
                           ->  Index Only Scan using partsupp_pkey on partsupp  (cost=348.43..17642.43 rows=400000 width=8)
                                 Filter: (NOT (hashed SubPlan 1))
                                 SubPlan 1
                                   ->  Seq Scan on supplier  (cost=0.00..348.00 rows=1 width=4)
                                         Filter: ((s_comment)::text ~~ '%Customer%Complaints%'::text)
(16 rows)

query 16 run 2
SET
SET
                                                                                      QUERY PLAN                                                                                      
--------------------------------------------------------------------------------------------------------------------------------------------------------------------------------------
 Limit  (cost=35849.41..35849.41 rows=1 width=40)
   ->  Sort  (cost=35849.41..35856.96 rows=3023 width=40)
         Sort Key: (count(DISTINCT partsupp.ps_suppkey)), part.p_brand, part.p_type, part.p_size
         ->  GroupAggregate  (cost=35048.54..35834.29 rows=3023 width=40)
               Group Key: part.p_brand, part.p_type, part.p_size
               ->  Sort  (cost=35048.54..35199.64 rows=60442 width=40)
                     Sort Key: part.p_brand, part.p_type, part.p_size
                     ->  Merge Join  (cost=348.85..30248.46 rows=60442 width=40)
                           Merge Cond: (part.p_partkey = partsupp.ps_partkey)
                           ->  Index Scan using part_pkey on part  (cost=0.42..10926.42 rows=30221 width=40)
                                 Filter: ((p_brand <> 'Brand#12'::bpchar) AND ((p_type)::text !~~ 'SMALL BRUSHED%'::text) AND (p_size = ANY ('{12,32,36,26,40,34,49,9}'::integer[])))
                           ->  Index Only Scan using partsupp_pkey on partsupp  (cost=348.43..17642.43 rows=400000 width=8)
                                 Filter: (NOT (hashed SubPlan 1))
                                 SubPlan 1
                                   ->  Seq Scan on supplier  (cost=0.00..348.00 rows=1 width=4)
                                         Filter: ((s_comment)::text ~~ '%Customer%Complaints%'::text)
(16 rows)

query 16 run 3
SET
SET
                                                                                      QUERY PLAN                                                                                      
--------------------------------------------------------------------------------------------------------------------------------------------------------------------------------------
 Limit  (cost=35849.41..35849.41 rows=1 width=40)
   ->  Sort  (cost=35849.41..35856.96 rows=3023 width=40)
         Sort Key: (count(DISTINCT partsupp.ps_suppkey)), part.p_brand, part.p_type, part.p_size
         ->  GroupAggregate  (cost=35048.54..35834.29 rows=3023 width=40)
               Group Key: part.p_brand, part.p_type, part.p_size
               ->  Sort  (cost=35048.54..35199.64 rows=60442 width=40)
                     Sort Key: part.p_brand, part.p_type, part.p_size
                     ->  Merge Join  (cost=348.85..30248.46 rows=60442 width=40)
                           Merge Cond: (part.p_partkey = partsupp.ps_partkey)
                           ->  Index Scan using part_pkey on part  (cost=0.42..10926.42 rows=30221 width=40)
                                 Filter: ((p_brand <> 'Brand#12'::bpchar) AND ((p_type)::text !~~ 'SMALL BRUSHED%'::text) AND (p_size = ANY ('{12,32,36,26,40,34,49,9}'::integer[])))
                           ->  Index Only Scan using partsupp_pkey on partsupp  (cost=348.43..17642.43 rows=400000 width=8)
                                 Filter: (NOT (hashed SubPlan 1))
                                 SubPlan 1
                                   ->  Seq Scan on supplier  (cost=0.00..348.00 rows=1 width=4)
                                         Filter: ((s_comment)::text ~~ '%Customer%Complaints%'::text)
(16 rows)

query 17 run 1
SET
SET
                                                                QUERY PLAN                                                                 
-------------------------------------------------------------------------------------------------------------------------------------------
 Limit  (cost=328233.94..328233.95 rows=1 width=8)
   ->  Aggregate  (cost=328233.94..328233.95 rows=1 width=8)
         ->  Nested Loop  (cost=1.29..328228.92 rows=2005 width=8)
               Join Filter: (part.p_partkey = lineitem.l_partkey)
               ->  Merge Join  (cost=0.85..327774.91 rows=201 width=40)
                     Merge Cond: (lineitem_1.l_partkey = part.p_partkey)
                     ->  GroupAggregate  (cost=0.43..316436.00 rows=192797 width=9)
                           Group Key: lineitem_1.l_partkey
                           ->  Index Scan using idx_lineitem_part_supp on lineitem lineitem_1  (cost=0.43..283539.43 rows=6000923 width=9)
                     ->  Index Scan using part_pkey on part  (cost=0.42..8926.42 rows=208 width=4)
                           Filter: ((p_brand = 'Brand#22'::bpchar) AND (p_container = 'LG BOX'::bpchar))
               ->  Index Scan using idx_lineitem_part_supp on lineitem  (cost=0.43..2.13 rows=10 width=17)
                     Index Cond: (l_partkey = lineitem_1.l_partkey)
                     Filter: (l_quantity < ((0.2 * avg(lineitem_1.l_quantity))))
(14 rows)

query 17 run 2
SET
SET
                                                                QUERY PLAN                                                                 
-------------------------------------------------------------------------------------------------------------------------------------------
 Limit  (cost=328233.94..328233.95 rows=1 width=8)
   ->  Aggregate  (cost=328233.94..328233.95 rows=1 width=8)
         ->  Nested Loop  (cost=1.29..328228.92 rows=2005 width=8)
               Join Filter: (part.p_partkey = lineitem.l_partkey)
               ->  Merge Join  (cost=0.85..327774.91 rows=201 width=40)
                     Merge Cond: (lineitem_1.l_partkey = part.p_partkey)
                     ->  GroupAggregate  (cost=0.43..316436.00 rows=192797 width=9)
                           Group Key: lineitem_1.l_partkey
                           ->  Index Scan using idx_lineitem_part_supp on lineitem lineitem_1  (cost=0.43..283539.43 rows=6000923 width=9)
                     ->  Index Scan using part_pkey on part  (cost=0.42..8926.42 rows=208 width=4)
                           Filter: ((p_brand = 'Brand#22'::bpchar) AND (p_container = 'LG BOX'::bpchar))
               ->  Index Scan using idx_lineitem_part_supp on lineitem  (cost=0.43..2.13 rows=10 width=17)
                     Index Cond: (l_partkey = lineitem_1.l_partkey)
                     Filter: (l_quantity < ((0.2 * avg(lineitem_1.l_quantity))))
(14 rows)

query 17 run 3
SET
SET
                                                                QUERY PLAN                                                                 
-------------------------------------------------------------------------------------------------------------------------------------------
 Limit  (cost=328233.94..328233.95 rows=1 width=8)
   ->  Aggregate  (cost=328233.94..328233.95 rows=1 width=8)
         ->  Nested Loop  (cost=1.29..328228.92 rows=2005 width=8)
               Join Filter: (part.p_partkey = lineitem.l_partkey)
               ->  Merge Join  (cost=0.85..327774.91 rows=201 width=40)
                     Merge Cond: (lineitem_1.l_partkey = part.p_partkey)
                     ->  GroupAggregate  (cost=0.43..316436.00 rows=192797 width=9)
                           Group Key: lineitem_1.l_partkey
                           ->  Index Scan using idx_lineitem_part_supp on lineitem lineitem_1  (cost=0.43..283539.43 rows=6000923 width=9)
                     ->  Index Scan using part_pkey on part  (cost=0.42..8926.42 rows=208 width=4)
                           Filter: ((p_brand = 'Brand#22'::bpchar) AND (p_container = 'LG BOX'::bpchar))
               ->  Index Scan using idx_lineitem_part_supp on lineitem  (cost=0.43..2.13 rows=10 width=17)
                     Index Cond: (l_partkey = lineitem_1.l_partkey)
                     Filter: (l_quantity < ((0.2 * avg(lineitem_1.l_quantity))))
(14 rows)

query 18 run 1
SET
SET
                                                                         QUERY PLAN                                                                         
------------------------------------------------------------------------------------------------------------------------------------------------------------
 Limit  (cost=1110261.57..1110264.57 rows=100 width=44)
   ->  GroupAggregate  (cost=1110261.57..1200261.57 rows=3000000 width=44)
         Group Key: orders.o_totalprice, orders.o_orderdate, customer.c_name, customer.c_custkey, orders.o_orderkey
         ->  Sort  (cost=1110261.57..1117761.57 rows=3000000 width=44)
               Sort Key: orders.o_totalprice, orders.o_orderdate, customer.c_name, customer.c_custkey, orders.o_orderkey
               ->  Hash Join  (cost=7016.10..728185.61 rows=3000000 width=44)
                     Hash Cond: (orders.o_custkey = customer.c_custkey)
                     ->  Merge Join  (cost=44.10..649963.61 rows=3000000 width=25)
                           Merge Cond: (orders.o_orderkey = lineitem.l_orderkey)
                           ->  Merge Semi Join  (cost=0.86..375830.06 rows=750000 width=24)
                                 Merge Cond: (orders.o_orderkey = lineitem_1.l_orderkey)
                                 ->  Index Scan using orders_pkey on orders  (cost=0.43..54805.93 rows=1500000 width=20)
                                 ->  Materialize  (cost=0.43..298521.25 rows=1500231 width=4)
                                       ->  GroupAggregate  (cost=0.43..279768.36 rows=1500231 width=9)
                                             Group Key: lineitem_1.l_orderkey
                                             Filter: (sum(lineitem_1.l_quantity) > 313::numeric)
                                             ->  Index Scan using idx_lineitem_orderkey on lineitem lineitem_1  (cost=0.43..227260.28 rows=6000923 width=9)
                           ->  Index Scan using idx_lineitem_orderkey on lineitem  (cost=0.43..227260.28 rows=6000923 width=9)
                     ->  Hash  (cost=5097.00..5097.00 rows=150000 width=23)
                           ->  Seq Scan on customer  (cost=0.00..5097.00 rows=150000 width=23)
(20 rows)

query 18 run 2
SET
SET
                                                                         QUERY PLAN                                                                         
------------------------------------------------------------------------------------------------------------------------------------------------------------
 Limit  (cost=1110261.57..1110264.57 rows=100 width=44)
   ->  GroupAggregate  (cost=1110261.57..1200261.57 rows=3000000 width=44)
         Group Key: orders.o_totalprice, orders.o_orderdate, customer.c_name, customer.c_custkey, orders.o_orderkey
         ->  Sort  (cost=1110261.57..1117761.57 rows=3000000 width=44)
               Sort Key: orders.o_totalprice, orders.o_orderdate, customer.c_name, customer.c_custkey, orders.o_orderkey
               ->  Hash Join  (cost=7016.10..728185.61 rows=3000000 width=44)
                     Hash Cond: (orders.o_custkey = customer.c_custkey)
                     ->  Merge Join  (cost=44.10..649963.61 rows=3000000 width=25)
                           Merge Cond: (orders.o_orderkey = lineitem.l_orderkey)
                           ->  Merge Semi Join  (cost=0.86..375830.06 rows=750000 width=24)
                                 Merge Cond: (orders.o_orderkey = lineitem_1.l_orderkey)
                                 ->  Index Scan using orders_pkey on orders  (cost=0.43..54805.93 rows=1500000 width=20)
                                 ->  Materialize  (cost=0.43..298521.25 rows=1500231 width=4)
                                       ->  GroupAggregate  (cost=0.43..279768.36 rows=1500231 width=9)
                                             Group Key: lineitem_1.l_orderkey
                                             Filter: (sum(lineitem_1.l_quantity) > 313::numeric)
                                             ->  Index Scan using idx_lineitem_orderkey on lineitem lineitem_1  (cost=0.43..227260.28 rows=6000923 width=9)
                           ->  Index Scan using idx_lineitem_orderkey on lineitem  (cost=0.43..227260.28 rows=6000923 width=9)
                     ->  Hash  (cost=5097.00..5097.00 rows=150000 width=23)
                           ->  Seq Scan on customer  (cost=0.00..5097.00 rows=150000 width=23)
(20 rows)

query 18 run 3
SET
SET
                                                                         QUERY PLAN                                                                         
------------------------------------------------------------------------------------------------------------------------------------------------------------
 Limit  (cost=1110261.57..1110264.57 rows=100 width=44)
   ->  GroupAggregate  (cost=1110261.57..1200261.57 rows=3000000 width=44)
         Group Key: orders.o_totalprice, orders.o_orderdate, customer.c_name, customer.c_custkey, orders.o_orderkey
         ->  Sort  (cost=1110261.57..1117761.57 rows=3000000 width=44)
               Sort Key: orders.o_totalprice, orders.o_orderdate, customer.c_name, customer.c_custkey, orders.o_orderkey
               ->  Hash Join  (cost=7016.10..728185.61 rows=3000000 width=44)
                     Hash Cond: (orders.o_custkey = customer.c_custkey)
                     ->  Merge Join  (cost=44.10..649963.61 rows=3000000 width=25)
                           Merge Cond: (orders.o_orderkey = lineitem.l_orderkey)
                           ->  Merge Semi Join  (cost=0.86..375830.06 rows=750000 width=24)
                                 Merge Cond: (orders.o_orderkey = lineitem_1.l_orderkey)
                                 ->  Index Scan using orders_pkey on orders  (cost=0.43..54805.93 rows=1500000 width=20)
                                 ->  Materialize  (cost=0.43..298521.25 rows=1500231 width=4)
                                       ->  GroupAggregate  (cost=0.43..279768.36 rows=1500231 width=9)
                                             Group Key: lineitem_1.l_orderkey
                                             Filter: (sum(lineitem_1.l_quantity) > 313::numeric)
                                             ->  Index Scan using idx_lineitem_orderkey on lineitem lineitem_1  (cost=0.43..227260.28 rows=6000923 width=9)
                           ->  Index Scan using idx_lineitem_orderkey on lineitem  (cost=0.43..227260.28 rows=6000923 width=9)
                     ->  Hash  (cost=5097.00..5097.00 rows=150000 width=23)
                           ->  Seq Scan on customer  (cost=0.00..5097.00 rows=150000 width=23)
(20 rows)

query 19 run 1
SET
SET
                                                                                                                                                                                                                                                                                                                                                                                                                                                                                                QUERY PLAN                                                                                                                                                                                                                                                                                                                                                                                                                                                                                                
----------------------------------------------------------------------------------------------------------------------------------------------------------------------------------------------------------------------------------------------------------------------------------------------------------------------------------------------------------------------------------------------------------------------------------------------------------------------------------------------------------------------------------------------------------------------------------------------------------------------------------------------------------------------------------------------------------------------------------------------------------------------------------------------------------------------------------------------------------------------------------------------------------------------------------------------------------------------------------------------------------
 Limit  (cost=35543.12..35543.13 rows=1 width=12)
   ->  Aggregate  (cost=35543.12..35543.13 rows=1 width=12)
         ->  Nested Loop  (cost=0.43..35542.27 rows=113 width=12)
               ->  Seq Scan on part  (cost=0.00..12599.00 rows=476 width=30)
                     Filter: ((p_size >= 1) AND (((p_brand = 'Brand#24'::bpchar) AND (p_container = ANY ('{"SM CASE","SM BOX","SM PACK","SM PKG"}'::bpchar[])) AND (p_size <= 5)) OR ((p_brand = 'Brand#43'::bpchar) AND (p_container = ANY ('{"MED BAG","MED BOX","MED PKG","MED PACK"}'::bpchar[])) AND (p_size <= 10)) OR ((p_brand = 'Brand#44'::bpchar) AND (p_container = ANY ('{"LG CASE","LG BOX","LG PACK","LG PKG"}'::bpchar[])) AND (p_size <= 15))))
               ->  Index Scan using idx_lineitem_part_supp on lineitem  (cost=0.43..48.19 rows=1 width=21)
                     Index Cond: (l_partkey = part.p_partkey)
                     Filter: ((l_shipmode = ANY ('{AIR,"AIR REG"}'::bpchar[])) AND (l_shipinstruct = 'DELIVER IN PERSON'::bpchar) AND (((l_quantity >= 10::numeric) AND (l_quantity <= 20::numeric)) OR ((l_quantity >= 10::numeric) AND (l_quantity <= 20::numeric)) OR ((l_quantity >= 20::numeric) AND (l_quantity <= 30::numeric))) AND (((part.p_brand = 'Brand#24'::bpchar) AND (part.p_container = ANY ('{"SM CASE","SM BOX","SM PACK","SM PKG"}'::bpchar[])) AND (l_quantity >= 10::numeric) AND (l_quantity <= 20::numeric) AND (part.p_size <= 5)) OR ((part.p_brand = 'Brand#43'::bpchar) AND (part.p_container = ANY ('{"MED BAG","MED BOX","MED PKG","MED PACK"}'::bpchar[])) AND (l_quantity >= 10::numeric) AND (l_quantity <= 20::numeric) AND (part.p_size <= 10)) OR ((part.p_brand = 'Brand#44'::bpchar) AND (part.p_container = ANY ('{"LG CASE","LG BOX","LG PACK","LG PKG"}'::bpchar[])) AND (l_quantity >= 20::numeric) AND (l_quantity <= 30::numeric) AND (part.p_size <= 15))))
(8 rows)

query 19 run 2
SET
SET
                                                                                                                                                                                                                                                                                                                                                                                                                                                                                                QUERY PLAN                                                                                                                                                                                                                                                                                                                                                                                                                                                                                                
----------------------------------------------------------------------------------------------------------------------------------------------------------------------------------------------------------------------------------------------------------------------------------------------------------------------------------------------------------------------------------------------------------------------------------------------------------------------------------------------------------------------------------------------------------------------------------------------------------------------------------------------------------------------------------------------------------------------------------------------------------------------------------------------------------------------------------------------------------------------------------------------------------------------------------------------------------------------------------------------------------
 Limit  (cost=35543.12..35543.13 rows=1 width=12)
   ->  Aggregate  (cost=35543.12..35543.13 rows=1 width=12)
         ->  Nested Loop  (cost=0.43..35542.27 rows=113 width=12)
               ->  Seq Scan on part  (cost=0.00..12599.00 rows=476 width=30)
                     Filter: ((p_size >= 1) AND (((p_brand = 'Brand#24'::bpchar) AND (p_container = ANY ('{"SM CASE","SM BOX","SM PACK","SM PKG"}'::bpchar[])) AND (p_size <= 5)) OR ((p_brand = 'Brand#43'::bpchar) AND (p_container = ANY ('{"MED BAG","MED BOX","MED PKG","MED PACK"}'::bpchar[])) AND (p_size <= 10)) OR ((p_brand = 'Brand#44'::bpchar) AND (p_container = ANY ('{"LG CASE","LG BOX","LG PACK","LG PKG"}'::bpchar[])) AND (p_size <= 15))))
               ->  Index Scan using idx_lineitem_part_supp on lineitem  (cost=0.43..48.19 rows=1 width=21)
                     Index Cond: (l_partkey = part.p_partkey)
                     Filter: ((l_shipmode = ANY ('{AIR,"AIR REG"}'::bpchar[])) AND (l_shipinstruct = 'DELIVER IN PERSON'::bpchar) AND (((l_quantity >= 10::numeric) AND (l_quantity <= 20::numeric)) OR ((l_quantity >= 10::numeric) AND (l_quantity <= 20::numeric)) OR ((l_quantity >= 20::numeric) AND (l_quantity <= 30::numeric))) AND (((part.p_brand = 'Brand#24'::bpchar) AND (part.p_container = ANY ('{"SM CASE","SM BOX","SM PACK","SM PKG"}'::bpchar[])) AND (l_quantity >= 10::numeric) AND (l_quantity <= 20::numeric) AND (part.p_size <= 5)) OR ((part.p_brand = 'Brand#43'::bpchar) AND (part.p_container = ANY ('{"MED BAG","MED BOX","MED PKG","MED PACK"}'::bpchar[])) AND (l_quantity >= 10::numeric) AND (l_quantity <= 20::numeric) AND (part.p_size <= 10)) OR ((part.p_brand = 'Brand#44'::bpchar) AND (part.p_container = ANY ('{"LG CASE","LG BOX","LG PACK","LG PKG"}'::bpchar[])) AND (l_quantity >= 20::numeric) AND (l_quantity <= 30::numeric) AND (part.p_size <= 15))))
(8 rows)

query 19 run 3
SET
SET
                                                                                                                                                                                                                                                                                                                                                                                                                                                                                                QUERY PLAN                                                                                                                                                                                                                                                                                                                                                                                                                                                                                                
----------------------------------------------------------------------------------------------------------------------------------------------------------------------------------------------------------------------------------------------------------------------------------------------------------------------------------------------------------------------------------------------------------------------------------------------------------------------------------------------------------------------------------------------------------------------------------------------------------------------------------------------------------------------------------------------------------------------------------------------------------------------------------------------------------------------------------------------------------------------------------------------------------------------------------------------------------------------------------------------------------
 Limit  (cost=35543.12..35543.13 rows=1 width=12)
   ->  Aggregate  (cost=35543.12..35543.13 rows=1 width=12)
         ->  Nested Loop  (cost=0.43..35542.27 rows=113 width=12)
               ->  Seq Scan on part  (cost=0.00..12599.00 rows=476 width=30)
                     Filter: ((p_size >= 1) AND (((p_brand = 'Brand#24'::bpchar) AND (p_container = ANY ('{"SM CASE","SM BOX","SM PACK","SM PKG"}'::bpchar[])) AND (p_size <= 5)) OR ((p_brand = 'Brand#43'::bpchar) AND (p_container = ANY ('{"MED BAG","MED BOX","MED PKG","MED PACK"}'::bpchar[])) AND (p_size <= 10)) OR ((p_brand = 'Brand#44'::bpchar) AND (p_container = ANY ('{"LG CASE","LG BOX","LG PACK","LG PKG"}'::bpchar[])) AND (p_size <= 15))))
               ->  Index Scan using idx_lineitem_part_supp on lineitem  (cost=0.43..48.19 rows=1 width=21)
                     Index Cond: (l_partkey = part.p_partkey)
                     Filter: ((l_shipmode = ANY ('{AIR,"AIR REG"}'::bpchar[])) AND (l_shipinstruct = 'DELIVER IN PERSON'::bpchar) AND (((l_quantity >= 10::numeric) AND (l_quantity <= 20::numeric)) OR ((l_quantity >= 10::numeric) AND (l_quantity <= 20::numeric)) OR ((l_quantity >= 20::numeric) AND (l_quantity <= 30::numeric))) AND (((part.p_brand = 'Brand#24'::bpchar) AND (part.p_container = ANY ('{"SM CASE","SM BOX","SM PACK","SM PKG"}'::bpchar[])) AND (l_quantity >= 10::numeric) AND (l_quantity <= 20::numeric) AND (part.p_size <= 5)) OR ((part.p_brand = 'Brand#43'::bpchar) AND (part.p_container = ANY ('{"MED BAG","MED BOX","MED PKG","MED PACK"}'::bpchar[])) AND (l_quantity >= 10::numeric) AND (l_quantity <= 20::numeric) AND (part.p_size <= 10)) OR ((part.p_brand = 'Brand#44'::bpchar) AND (part.p_container = ANY ('{"LG CASE","LG BOX","LG PACK","LG PKG"}'::bpchar[])) AND (l_quantity >= 20::numeric) AND (l_quantity <= 30::numeric) AND (part.p_size <= 15))))
(8 rows)

query 20 run 1
SET
SET
                                                             QUERY PLAN                                                             
------------------------------------------------------------------------------------------------------------------------------------
 Limit  (cost=168027.68..168027.68 rows=1 width=51)
   ->  Sort  (cost=168027.68..168028.18 rows=200 width=51)
         Sort Key: supplier.s_name
         ->  Nested Loop Semi Join  (cost=164509.05..168026.68 rows=200 width=51)
               Join Filter: (supplier.s_suppkey = lineitem.l_suppkey)
               ->  Hash Join  (cost=1.32..365.82 rows=400 width=55)
                     Hash Cond: (supplier.s_nationkey = nation.n_nationkey)
                     ->  Seq Scan on supplier  (cost=0.00..323.00 rows=10000 width=59)
                     ->  Hash  (cost=1.31..1.31 rows=1 width=4)
                           ->  Seq Scan on nation  (cost=0.00..1.31 rows=1 width=4)
                                 Filter: (n_name = 'IRAQ'::bpchar)
               ->  Materialize  (cost=164507.73..167624.87 rows=6 width=8)
                     ->  Hash Join  (cost=164507.73..167624.84 rows=6 width=8)
                           Hash Cond: ((lineitem.l_partkey = partsupp.ps_partkey) AND (lineitem.l_suppkey = partsupp.ps_suppkey))
                           Join Filter: ((partsupp.ps_availqty)::numeric > ((0.5 * sum(lineitem.l_quantity))))
                           ->  HashAggregate  (cost=146872.26..148208.16 rows=89060 width=13)
                                 Group Key: lineitem.l_partkey, lineitem.l_suppkey
                                 ->  Bitmap Heap Scan on lineitem  (cost=14273.98..140192.83 rows=890590 width=13)
                                       Recheck Cond: ((l_shipdate >= '1996-01-01'::date) AND (l_shipdate < '1997-01-01'::date))
                                       ->  Bitmap Index Scan on idx_lineitem_shipdate  (cost=0.00..14051.33 rows=890590 width=0)
                                             Index Cond: ((l_shipdate >= '1996-01-01'::date) AND (l_shipdate < '1997-01-01'::date))
                           ->  Hash  (cost=17392.80..17392.80 rows=16178 width=16)
                                 ->  Nested Loop  (cost=0.42..17392.80 rows=16178 width=16)
                                       ->  Seq Scan on part  (cost=0.00..6599.00 rows=4040 width=4)
                                             Filter: ((p_name)::text ~~ 'olive%'::text)
                                       ->  Index Scan using idx_partsupp_partkey on partsupp  (cost=0.42..2.63 rows=4 width=12)
                                             Index Cond: (ps_partkey = part.p_partkey)
(27 rows)

query 20 run 2
SET
SET
                                                             QUERY PLAN                                                             
------------------------------------------------------------------------------------------------------------------------------------
 Limit  (cost=168027.68..168027.68 rows=1 width=51)
   ->  Sort  (cost=168027.68..168028.18 rows=200 width=51)
         Sort Key: supplier.s_name
         ->  Nested Loop Semi Join  (cost=164509.05..168026.68 rows=200 width=51)
               Join Filter: (supplier.s_suppkey = lineitem.l_suppkey)
               ->  Hash Join  (cost=1.32..365.82 rows=400 width=55)
                     Hash Cond: (supplier.s_nationkey = nation.n_nationkey)
                     ->  Seq Scan on supplier  (cost=0.00..323.00 rows=10000 width=59)
                     ->  Hash  (cost=1.31..1.31 rows=1 width=4)
                           ->  Seq Scan on nation  (cost=0.00..1.31 rows=1 width=4)
                                 Filter: (n_name = 'IRAQ'::bpchar)
               ->  Materialize  (cost=164507.73..167624.87 rows=6 width=8)
                     ->  Hash Join  (cost=164507.73..167624.84 rows=6 width=8)
                           Hash Cond: ((lineitem.l_partkey = partsupp.ps_partkey) AND (lineitem.l_suppkey = partsupp.ps_suppkey))
                           Join Filter: ((partsupp.ps_availqty)::numeric > ((0.5 * sum(lineitem.l_quantity))))
                           ->  HashAggregate  (cost=146872.26..148208.16 rows=89060 width=13)
                                 Group Key: lineitem.l_partkey, lineitem.l_suppkey
                                 ->  Bitmap Heap Scan on lineitem  (cost=14273.98..140192.83 rows=890590 width=13)
                                       Recheck Cond: ((l_shipdate >= '1996-01-01'::date) AND (l_shipdate < '1997-01-01'::date))
                                       ->  Bitmap Index Scan on idx_lineitem_shipdate  (cost=0.00..14051.33 rows=890590 width=0)
                                             Index Cond: ((l_shipdate >= '1996-01-01'::date) AND (l_shipdate < '1997-01-01'::date))
                           ->  Hash  (cost=17392.80..17392.80 rows=16178 width=16)
                                 ->  Nested Loop  (cost=0.42..17392.80 rows=16178 width=16)
                                       ->  Seq Scan on part  (cost=0.00..6599.00 rows=4040 width=4)
                                             Filter: ((p_name)::text ~~ 'olive%'::text)
                                       ->  Index Scan using idx_partsupp_partkey on partsupp  (cost=0.42..2.63 rows=4 width=12)
                                             Index Cond: (ps_partkey = part.p_partkey)
(27 rows)

query 20 run 3
SET
SET
                                                             QUERY PLAN                                                             
------------------------------------------------------------------------------------------------------------------------------------
 Limit  (cost=168027.68..168027.68 rows=1 width=51)
   ->  Sort  (cost=168027.68..168028.18 rows=200 width=51)
         Sort Key: supplier.s_name
         ->  Nested Loop Semi Join  (cost=164509.05..168026.68 rows=200 width=51)
               Join Filter: (supplier.s_suppkey = lineitem.l_suppkey)
               ->  Hash Join  (cost=1.32..365.82 rows=400 width=55)
                     Hash Cond: (supplier.s_nationkey = nation.n_nationkey)
                     ->  Seq Scan on supplier  (cost=0.00..323.00 rows=10000 width=59)
                     ->  Hash  (cost=1.31..1.31 rows=1 width=4)
                           ->  Seq Scan on nation  (cost=0.00..1.31 rows=1 width=4)
                                 Filter: (n_name = 'IRAQ'::bpchar)
               ->  Materialize  (cost=164507.73..167624.87 rows=6 width=8)
                     ->  Hash Join  (cost=164507.73..167624.84 rows=6 width=8)
                           Hash Cond: ((lineitem.l_partkey = partsupp.ps_partkey) AND (lineitem.l_suppkey = partsupp.ps_suppkey))
                           Join Filter: ((partsupp.ps_availqty)::numeric > ((0.5 * sum(lineitem.l_quantity))))
                           ->  HashAggregate  (cost=146872.26..148208.16 rows=89060 width=13)
                                 Group Key: lineitem.l_partkey, lineitem.l_suppkey
                                 ->  Bitmap Heap Scan on lineitem  (cost=14273.98..140192.83 rows=890590 width=13)
                                       Recheck Cond: ((l_shipdate >= '1996-01-01'::date) AND (l_shipdate < '1997-01-01'::date))
                                       ->  Bitmap Index Scan on idx_lineitem_shipdate  (cost=0.00..14051.33 rows=890590 width=0)
                                             Index Cond: ((l_shipdate >= '1996-01-01'::date) AND (l_shipdate < '1997-01-01'::date))
                           ->  Hash  (cost=17392.80..17392.80 rows=16178 width=16)
                                 ->  Nested Loop  (cost=0.42..17392.80 rows=16178 width=16)
                                       ->  Seq Scan on part  (cost=0.00..6599.00 rows=4040 width=4)
                                             Filter: ((p_name)::text ~~ 'olive%'::text)
                                       ->  Index Scan using idx_partsupp_partkey on partsupp  (cost=0.42..2.63 rows=4 width=12)
                                             Index Cond: (ps_partkey = part.p_partkey)
(27 rows)

query 21 run 1
SET
SET
                                                                  QUERY PLAN                                                                  
----------------------------------------------------------------------------------------------------------------------------------------------
 Limit  (cost=248836.21..248836.21 rows=1 width=26)
   ->  Sort  (cost=248836.21..248836.21 rows=1 width=26)
         Sort Key: (count(*)), supplier.s_name
         ->  HashAggregate  (cost=248836.19..248836.20 rows=1 width=26)
               Group Key: supplier.s_name
               ->  Nested Loop Anti Join  (cost=236.87..248836.18 rows=1 width=26)
                     ->  Nested Loop  (cost=236.44..248835.37 rows=1 width=34)
                           Join Filter: (l1.l_orderkey = orders.o_orderkey)
                           ->  Nested Loop Semi Join  (cost=236.01..248834.90 rows=1 width=38)
                                 ->  Hash Join  (cost=235.58..196108.07 rows=79980 width=34)
                                       Hash Cond: (l1.l_suppkey = supplier.s_suppkey)
                                       ->  Seq Scan on lineitem l1  (cost=0.00..187571.54 rows=2000308 width=8)
                                             Filter: (l_receiptdate > l_commitdate)
                                       ->  Hash  (cost=230.58..230.58 rows=400 width=30)
                                             ->  Nested Loop  (cost=6.38..230.58 rows=400 width=30)
                                                   ->  Seq Scan on nation  (cost=0.00..1.31 rows=1 width=4)
                                                         Filter: (n_name = 'PERU'::bpchar)
                                                   ->  Bitmap Heap Scan on supplier  (cost=6.38..225.26 rows=400 width=34)
                                                         Recheck Cond: (s_nationkey = nation.n_nationkey)
                                                         ->  Bitmap Index Scan on idx_supplier_nation_key  (cost=0.00..6.29 rows=400 width=0)
                                                               Index Cond: (s_nationkey = nation.n_nationkey)
                                 ->  Index Scan using idx_lineitem_orderkey on lineitem l2  (cost=0.43..0.62 rows=4 width=8)
                                       Index Cond: (l_orderkey = l1.l_orderkey)
                                       Filter: (l_suppkey <> l1.l_suppkey)
                           ->  Index Scan using orders_pkey on orders  (cost=0.43..0.46 rows=1 width=4)
                                 Index Cond: (o_orderkey = l2.l_orderkey)
                                 Filter: (o_orderstatus = 'F'::bpchar)
                     ->  Index Scan using idx_lineitem_orderkey on lineitem l3  (cost=0.43..0.62 rows=1 width=8)
                           Index Cond: (l_orderkey = l1.l_orderkey)
                           Filter: ((l_receiptdate > l_commitdate) AND (l_suppkey <> l1.l_suppkey))
(30 rows)

query 21 run 2
SET
SET
                                                                  QUERY PLAN                                                                  
----------------------------------------------------------------------------------------------------------------------------------------------
 Limit  (cost=248836.21..248836.21 rows=1 width=26)
   ->  Sort  (cost=248836.21..248836.21 rows=1 width=26)
         Sort Key: (count(*)), supplier.s_name
         ->  HashAggregate  (cost=248836.19..248836.20 rows=1 width=26)
               Group Key: supplier.s_name
               ->  Nested Loop Anti Join  (cost=236.87..248836.18 rows=1 width=26)
                     ->  Nested Loop  (cost=236.44..248835.37 rows=1 width=34)
                           Join Filter: (l1.l_orderkey = orders.o_orderkey)
                           ->  Nested Loop Semi Join  (cost=236.01..248834.90 rows=1 width=38)
                                 ->  Hash Join  (cost=235.58..196108.07 rows=79980 width=34)
                                       Hash Cond: (l1.l_suppkey = supplier.s_suppkey)
                                       ->  Seq Scan on lineitem l1  (cost=0.00..187571.54 rows=2000308 width=8)
                                             Filter: (l_receiptdate > l_commitdate)
                                       ->  Hash  (cost=230.58..230.58 rows=400 width=30)
                                             ->  Nested Loop  (cost=6.38..230.58 rows=400 width=30)
                                                   ->  Seq Scan on nation  (cost=0.00..1.31 rows=1 width=4)
                                                         Filter: (n_name = 'PERU'::bpchar)
                                                   ->  Bitmap Heap Scan on supplier  (cost=6.38..225.26 rows=400 width=34)
                                                         Recheck Cond: (s_nationkey = nation.n_nationkey)
                                                         ->  Bitmap Index Scan on idx_supplier_nation_key  (cost=0.00..6.29 rows=400 width=0)
                                                               Index Cond: (s_nationkey = nation.n_nationkey)
                                 ->  Index Scan using idx_lineitem_orderkey on lineitem l2  (cost=0.43..0.62 rows=4 width=8)
                                       Index Cond: (l_orderkey = l1.l_orderkey)
                                       Filter: (l_suppkey <> l1.l_suppkey)
                           ->  Index Scan using orders_pkey on orders  (cost=0.43..0.46 rows=1 width=4)
                                 Index Cond: (o_orderkey = l2.l_orderkey)
                                 Filter: (o_orderstatus = 'F'::bpchar)
                     ->  Index Scan using idx_lineitem_orderkey on lineitem l3  (cost=0.43..0.62 rows=1 width=8)
                           Index Cond: (l_orderkey = l1.l_orderkey)
                           Filter: ((l_receiptdate > l_commitdate) AND (l_suppkey <> l1.l_suppkey))
(30 rows)

query 21 run 3
SET
SET
                                                                  QUERY PLAN                                                                  
----------------------------------------------------------------------------------------------------------------------------------------------
 Limit  (cost=248836.21..248836.21 rows=1 width=26)
   ->  Sort  (cost=248836.21..248836.21 rows=1 width=26)
         Sort Key: (count(*)), supplier.s_name
         ->  HashAggregate  (cost=248836.19..248836.20 rows=1 width=26)
               Group Key: supplier.s_name
               ->  Nested Loop Anti Join  (cost=236.87..248836.18 rows=1 width=26)
                     ->  Nested Loop  (cost=236.44..248835.37 rows=1 width=34)
                           Join Filter: (l1.l_orderkey = orders.o_orderkey)
                           ->  Nested Loop Semi Join  (cost=236.01..248834.90 rows=1 width=38)
                                 ->  Hash Join  (cost=235.58..196108.07 rows=79980 width=34)
                                       Hash Cond: (l1.l_suppkey = supplier.s_suppkey)
                                       ->  Seq Scan on lineitem l1  (cost=0.00..187571.54 rows=2000308 width=8)
                                             Filter: (l_receiptdate > l_commitdate)
                                       ->  Hash  (cost=230.58..230.58 rows=400 width=30)
                                             ->  Nested Loop  (cost=6.38..230.58 rows=400 width=30)
                                                   ->  Seq Scan on nation  (cost=0.00..1.31 rows=1 width=4)
                                                         Filter: (n_name = 'PERU'::bpchar)
                                                   ->  Bitmap Heap Scan on supplier  (cost=6.38..225.26 rows=400 width=34)
                                                         Recheck Cond: (s_nationkey = nation.n_nationkey)
                                                         ->  Bitmap Index Scan on idx_supplier_nation_key  (cost=0.00..6.29 rows=400 width=0)
                                                               Index Cond: (s_nationkey = nation.n_nationkey)
                                 ->  Index Scan using idx_lineitem_orderkey on lineitem l2  (cost=0.43..0.62 rows=4 width=8)
                                       Index Cond: (l_orderkey = l1.l_orderkey)
                                       Filter: (l_suppkey <> l1.l_suppkey)
                           ->  Index Scan using orders_pkey on orders  (cost=0.43..0.46 rows=1 width=4)
                                 Index Cond: (o_orderkey = l2.l_orderkey)
                                 Filter: (o_orderstatus = 'F'::bpchar)
                     ->  Index Scan using idx_lineitem_orderkey on lineitem l3  (cost=0.43..0.62 rows=1 width=8)
                           Index Cond: (l_orderkey = l1.l_orderkey)
                           Filter: ((l_receiptdate > l_commitdate) AND (l_suppkey <> l1.l_suppkey))
(30 rows)

query 22 run 1
SET
SET
                                                               QUERY PLAN                                                               
----------------------------------------------------------------------------------------------------------------------------------------
 Limit  (cost=16115.62..16115.62 rows=1 width=22)
   InitPlan 1 (returns $0)
     ->  Aggregate  (cost=7546.45..7546.46 rows=1 width=6)
           ->  Seq Scan on customer customer_1  (cost=0.00..7534.50 rows=4779 width=6)
                 Filter: ((c_acctbal > 0.00) AND ("substring"((c_phone)::text, 1, 2) = ANY ('{21,29,26,34,14,15,17}'::text[])))
   ->  Sort  (cost=8569.16..8570.95 rows=716 width=22)
         Sort Key: ("substring"((customer.c_phone)::text, 1, 2))
         ->  HashAggregate  (cost=8553.05..8565.58 rows=716 width=22)
               Group Key: "substring"((customer.c_phone)::text, 1, 2)
               ->  Nested Loop Anti Join  (cost=0.43..8547.68 rows=716 width=22)
                     ->  Seq Scan on customer  (cost=0.00..7534.50 rows=1750 width=26)
                           Filter: ((c_acctbal > $0) AND ("substring"((c_phone)::text, 1, 2) = ANY ('{21,29,26,34,14,15,17}'::text[])))
                     ->  Index Only Scan using idx_orders_custkey on orders  (cost=0.43..1.96 rows=17 width=4)
                           Index Cond: (o_custkey = customer.c_custkey)
(14 rows)

query 22 run 2
SET
SET
                                                               QUERY PLAN                                                               
----------------------------------------------------------------------------------------------------------------------------------------
 Limit  (cost=16115.62..16115.62 rows=1 width=22)
   InitPlan 1 (returns $0)
     ->  Aggregate  (cost=7546.45..7546.46 rows=1 width=6)
           ->  Seq Scan on customer customer_1  (cost=0.00..7534.50 rows=4779 width=6)
                 Filter: ((c_acctbal > 0.00) AND ("substring"((c_phone)::text, 1, 2) = ANY ('{21,29,26,34,14,15,17}'::text[])))
   ->  Sort  (cost=8569.16..8570.95 rows=716 width=22)
         Sort Key: ("substring"((customer.c_phone)::text, 1, 2))
         ->  HashAggregate  (cost=8553.05..8565.58 rows=716 width=22)
               Group Key: "substring"((customer.c_phone)::text, 1, 2)
               ->  Nested Loop Anti Join  (cost=0.43..8547.68 rows=716 width=22)
                     ->  Seq Scan on customer  (cost=0.00..7534.50 rows=1750 width=26)
                           Filter: ((c_acctbal > $0) AND ("substring"((c_phone)::text, 1, 2) = ANY ('{21,29,26,34,14,15,17}'::text[])))
                     ->  Index Only Scan using idx_orders_custkey on orders  (cost=0.43..1.96 rows=17 width=4)
                           Index Cond: (o_custkey = customer.c_custkey)
(14 rows)

query 22 run 3
SET
SET
                                                               QUERY PLAN                                                               
----------------------------------------------------------------------------------------------------------------------------------------
 Limit  (cost=16115.62..16115.62 rows=1 width=22)
   InitPlan 1 (returns $0)
     ->  Aggregate  (cost=7546.45..7546.46 rows=1 width=6)
           ->  Seq Scan on customer customer_1  (cost=0.00..7534.50 rows=4779 width=6)
                 Filter: ((c_acctbal > 0.00) AND ("substring"((c_phone)::text, 1, 2) = ANY ('{21,29,26,34,14,15,17}'::text[])))
   ->  Sort  (cost=8569.16..8570.95 rows=716 width=22)
         Sort Key: ("substring"((customer.c_phone)::text, 1, 2))
         ->  HashAggregate  (cost=8553.05..8565.58 rows=716 width=22)
               Group Key: "substring"((customer.c_phone)::text, 1, 2)
               ->  Nested Loop Anti Join  (cost=0.43..8547.68 rows=716 width=22)
                     ->  Seq Scan on customer  (cost=0.00..7534.50 rows=1750 width=26)
                           Filter: ((c_acctbal > $0) AND ("substring"((c_phone)::text, 1, 2) = ANY ('{21,29,26,34,14,15,17}'::text[])))
                     ->  Index Only Scan using idx_orders_custkey on orders  (cost=0.43..1.96 rows=17 width=4)
                           Index Cond: (o_custkey = customer.c_custkey)
(14 rows)

