query 1 run 1
SET
SET
SET
                                                 QUERY PLAN                                                 
------------------------------------------------------------------------------------------------------------
 Limit  (cost=184184.26..184184.90 rows=1 width=236)
   ->  Finalize GroupAggregate  (cost=184184.26..184188.08 rows=6 width=236)
         Group Key: l_returnflag, l_linestatus
         ->  Gather Merge  (cost=184184.26..184187.13 rows=24 width=236)
               Workers Planned: 4
               ->  Sort  (cost=183184.20..183184.22 rows=6 width=236)
                     Sort Key: l_returnflag, l_linestatus
                     ->  Partial HashAggregate  (cost=183183.99..183184.13 rows=6 width=236)
                           Group Key: l_returnflag, l_linestatus
                           ->  Parallel Seq Scan on lineitem  (cost=0.00..131315.04 rows=1481970 width=25)
                                 Filter: (l_shipdate <= '1998-09-10 00:00:00'::timestamp without time zone)
(11 rows)

query 1 run 2
SET
SET
SET
                                                 QUERY PLAN                                                 
------------------------------------------------------------------------------------------------------------
 Limit  (cost=184184.26..184184.90 rows=1 width=236)
   ->  Finalize GroupAggregate  (cost=184184.26..184188.08 rows=6 width=236)
         Group Key: l_returnflag, l_linestatus
         ->  Gather Merge  (cost=184184.26..184187.13 rows=24 width=236)
               Workers Planned: 4
               ->  Sort  (cost=183184.20..183184.22 rows=6 width=236)
                     Sort Key: l_returnflag, l_linestatus
                     ->  Partial HashAggregate  (cost=183183.99..183184.13 rows=6 width=236)
                           Group Key: l_returnflag, l_linestatus
                           ->  Parallel Seq Scan on lineitem  (cost=0.00..131315.04 rows=1481970 width=25)
                                 Filter: (l_shipdate <= '1998-09-10 00:00:00'::timestamp without time zone)
(11 rows)

query 1 run 3
SET
SET
SET
                                                 QUERY PLAN                                                 
------------------------------------------------------------------------------------------------------------
 Limit  (cost=184184.26..184184.90 rows=1 width=236)
   ->  Finalize GroupAggregate  (cost=184184.26..184188.08 rows=6 width=236)
         Group Key: l_returnflag, l_linestatus
         ->  Gather Merge  (cost=184184.26..184187.13 rows=24 width=236)
               Workers Planned: 4
               ->  Sort  (cost=183184.20..183184.22 rows=6 width=236)
                     Sort Key: l_returnflag, l_linestatus
                     ->  Partial HashAggregate  (cost=183183.99..183184.13 rows=6 width=236)
                           Group Key: l_returnflag, l_linestatus
                           ->  Parallel Seq Scan on lineitem  (cost=0.00..131315.04 rows=1481970 width=25)
                                 Filter: (l_shipdate <= '1998-09-10 00:00:00'::timestamp without time zone)
(11 rows)

query 2 run 1
SET
SET
SET
                                                                 QUERY PLAN                                                                  
---------------------------------------------------------------------------------------------------------------------------------------------
 Limit  (cost=26413.46..26413.46 rows=1 width=192)
   ->  Sort  (cost=26413.46..26413.46 rows=1 width=192)
         Sort Key: supplier.s_acctbal DESC, nation.n_name, supplier.s_name, part.p_partkey
         ->  Hash Join  (cost=14241.00..26413.45 rows=1 width=192)
               Hash Cond: ((part.p_partkey = partsupp.ps_partkey) AND ((SubPlan 1) = partsupp.ps_supplycost))
               ->  Gather  (cost=1000.00..6422.10 rows=731 width=30)
                     Workers Planned: 2
                     ->  Parallel Seq Scan on part  (cost=0.00..5349.00 rows=305 width=30)
                           Filter: (((p_type)::text ~~ '%NICKEL'::text) AND (p_size = 16))
               ->  Hash  (cost=10841.00..10841.00 rows=160000 width=172)
                     ->  Nested Loop  (cost=0.71..10841.00 rows=160000 width=172)
                           ->  Nested Loop  (cost=0.29..129.20 rows=2000 width=166)
                                 ->  Nested Loop  (cost=0.00..2.62 rows=5 width=30)
                                       Join Filter: (nation.n_regionkey = region.r_regionkey)
                                       ->  Seq Scan on region  (cost=0.00..1.06 rows=1 width=4)
                                             Filter: (r_name = 'AMERICA'::bpchar)
                                       ->  Seq Scan on nation  (cost=0.00..1.25 rows=25 width=34)
                                 ->  Index Scan using idx_supplier_nation_key on supplier  (cost=0.29..21.32 rows=400 width=144)
                                       Index Cond: (s_nationkey = nation.n_nationkey)
                           ->  Index Scan using idx_partsupp_suppkey on partsupp  (cost=0.42..4.56 rows=80 width=14)
                                 Index Cond: (ps_suppkey = supplier.s_suppkey)
               SubPlan 1
                 ->  Aggregate  (cost=18.44..18.45 rows=1 width=32)
                       ->  Nested Loop  (cost=0.85..18.44 rows=1 width=6)
                             Join Filter: (nation_1.n_regionkey = region_1.r_regionkey)
                             ->  Seq Scan on region region_1  (cost=0.00..1.06 rows=1 width=4)
                                   Filter: (r_name = 'AMERICA'::bpchar)
                             ->  Nested Loop  (cost=0.85..17.33 rows=4 width=10)
                                   ->  Nested Loop  (cost=0.71..16.71 rows=4 width=10)
                                         ->  Index Scan using idx_partsupp_partkey on partsupp partsupp_1  (cost=0.42..3.50 rows=4 width=10)
                                               Index Cond: (ps_partkey = part.p_partkey)
                                         ->  Index Scan using supplier_pkey on supplier supplier_1  (cost=0.29..3.30 rows=1 width=8)
                                               Index Cond: (s_suppkey = partsupp_1.ps_suppkey)
                                   ->  Index Scan using nation_pkey on nation nation_1  (cost=0.14..0.16 rows=1 width=8)
                                         Index Cond: (n_nationkey = supplier_1.s_nationkey)
(35 rows)

query 2 run 2
SET
SET
SET
                                                                 QUERY PLAN                                                                  
---------------------------------------------------------------------------------------------------------------------------------------------
 Limit  (cost=26413.46..26413.46 rows=1 width=192)
   ->  Sort  (cost=26413.46..26413.46 rows=1 width=192)
         Sort Key: supplier.s_acctbal DESC, nation.n_name, supplier.s_name, part.p_partkey
         ->  Hash Join  (cost=14241.00..26413.45 rows=1 width=192)
               Hash Cond: ((part.p_partkey = partsupp.ps_partkey) AND ((SubPlan 1) = partsupp.ps_supplycost))
               ->  Gather  (cost=1000.00..6422.10 rows=731 width=30)
                     Workers Planned: 2
                     ->  Parallel Seq Scan on part  (cost=0.00..5349.00 rows=305 width=30)
                           Filter: (((p_type)::text ~~ '%NICKEL'::text) AND (p_size = 16))
               ->  Hash  (cost=10841.00..10841.00 rows=160000 width=172)
                     ->  Nested Loop  (cost=0.71..10841.00 rows=160000 width=172)
                           ->  Nested Loop  (cost=0.29..129.20 rows=2000 width=166)
                                 ->  Nested Loop  (cost=0.00..2.62 rows=5 width=30)
                                       Join Filter: (nation.n_regionkey = region.r_regionkey)
                                       ->  Seq Scan on region  (cost=0.00..1.06 rows=1 width=4)
                                             Filter: (r_name = 'AMERICA'::bpchar)
                                       ->  Seq Scan on nation  (cost=0.00..1.25 rows=25 width=34)
                                 ->  Index Scan using idx_supplier_nation_key on supplier  (cost=0.29..21.32 rows=400 width=144)
                                       Index Cond: (s_nationkey = nation.n_nationkey)
                           ->  Index Scan using idx_partsupp_suppkey on partsupp  (cost=0.42..4.56 rows=80 width=14)
                                 Index Cond: (ps_suppkey = supplier.s_suppkey)
               SubPlan 1
                 ->  Aggregate  (cost=18.44..18.45 rows=1 width=32)
                       ->  Nested Loop  (cost=0.85..18.44 rows=1 width=6)
                             Join Filter: (nation_1.n_regionkey = region_1.r_regionkey)
                             ->  Seq Scan on region region_1  (cost=0.00..1.06 rows=1 width=4)
                                   Filter: (r_name = 'AMERICA'::bpchar)
                             ->  Nested Loop  (cost=0.85..17.33 rows=4 width=10)
                                   ->  Nested Loop  (cost=0.71..16.71 rows=4 width=10)
                                         ->  Index Scan using idx_partsupp_partkey on partsupp partsupp_1  (cost=0.42..3.50 rows=4 width=10)
                                               Index Cond: (ps_partkey = part.p_partkey)
                                         ->  Index Scan using supplier_pkey on supplier supplier_1  (cost=0.29..3.30 rows=1 width=8)
                                               Index Cond: (s_suppkey = partsupp_1.ps_suppkey)
                                   ->  Index Scan using nation_pkey on nation nation_1  (cost=0.14..0.16 rows=1 width=8)
                                         Index Cond: (n_nationkey = supplier_1.s_nationkey)
(35 rows)

query 2 run 3
SET
SET
SET
                                                                 QUERY PLAN                                                                  
---------------------------------------------------------------------------------------------------------------------------------------------
 Limit  (cost=26413.46..26413.46 rows=1 width=192)
   ->  Sort  (cost=26413.46..26413.46 rows=1 width=192)
         Sort Key: supplier.s_acctbal DESC, nation.n_name, supplier.s_name, part.p_partkey
         ->  Hash Join  (cost=14241.00..26413.45 rows=1 width=192)
               Hash Cond: ((part.p_partkey = partsupp.ps_partkey) AND ((SubPlan 1) = partsupp.ps_supplycost))
               ->  Gather  (cost=1000.00..6422.10 rows=731 width=30)
                     Workers Planned: 2
                     ->  Parallel Seq Scan on part  (cost=0.00..5349.00 rows=305 width=30)
                           Filter: (((p_type)::text ~~ '%NICKEL'::text) AND (p_size = 16))
               ->  Hash  (cost=10841.00..10841.00 rows=160000 width=172)
                     ->  Nested Loop  (cost=0.71..10841.00 rows=160000 width=172)
                           ->  Nested Loop  (cost=0.29..129.20 rows=2000 width=166)
                                 ->  Nested Loop  (cost=0.00..2.62 rows=5 width=30)
                                       Join Filter: (nation.n_regionkey = region.r_regionkey)
                                       ->  Seq Scan on region  (cost=0.00..1.06 rows=1 width=4)
                                             Filter: (r_name = 'AMERICA'::bpchar)
                                       ->  Seq Scan on nation  (cost=0.00..1.25 rows=25 width=34)
                                 ->  Index Scan using idx_supplier_nation_key on supplier  (cost=0.29..21.32 rows=400 width=144)
                                       Index Cond: (s_nationkey = nation.n_nationkey)
                           ->  Index Scan using idx_partsupp_suppkey on partsupp  (cost=0.42..4.56 rows=80 width=14)
                                 Index Cond: (ps_suppkey = supplier.s_suppkey)
               SubPlan 1
                 ->  Aggregate  (cost=18.44..18.45 rows=1 width=32)
                       ->  Nested Loop  (cost=0.85..18.44 rows=1 width=6)
                             Join Filter: (nation_1.n_regionkey = region_1.r_regionkey)
                             ->  Seq Scan on region region_1  (cost=0.00..1.06 rows=1 width=4)
                                   Filter: (r_name = 'AMERICA'::bpchar)
                             ->  Nested Loop  (cost=0.85..17.33 rows=4 width=10)
                                   ->  Nested Loop  (cost=0.71..16.71 rows=4 width=10)
                                         ->  Index Scan using idx_partsupp_partkey on partsupp partsupp_1  (cost=0.42..3.50 rows=4 width=10)
                                               Index Cond: (ps_partkey = part.p_partkey)
                                         ->  Index Scan using supplier_pkey on supplier supplier_1  (cost=0.29..3.30 rows=1 width=8)
                                               Index Cond: (s_suppkey = partsupp_1.ps_suppkey)
                                   ->  Index Scan using nation_pkey on nation nation_1  (cost=0.14..0.16 rows=1 width=8)
                                         Index Cond: (n_nationkey = supplier_1.s_nationkey)
(35 rows)

query 3 run 1
SET
SET
SET
                                                            QUERY PLAN                                                            
----------------------------------------------------------------------------------------------------------------------------------
 Limit  (cost=138683.59..138683.62 rows=10 width=44)
   ->  Sort  (cost=138683.59..139461.19 rows=311039 width=44)
         Sort Key: (sum((lineitem.l_extendedprice * ('1'::numeric - lineitem.l_discount)))) DESC, orders.o_orderdate
         ->  Finalize GroupAggregate  (cost=91028.05..131962.15 rows=311039 width=44)
               Group Key: lineitem.l_orderkey, orders.o_orderdate, orders.o_shippriority
               ->  Gather Merge  (cost=91028.05..124834.17 rows=259200 width=44)
                     Workers Planned: 2
                     ->  Partial GroupAggregate  (cost=90028.03..93916.03 rows=129600 width=44)
                           Group Key: lineitem.l_orderkey, orders.o_orderdate, orders.o_shippriority
                           ->  Sort  (cost=90028.03..90352.03 rows=129600 width=24)
                                 Sort Key: lineitem.l_orderkey, orders.o_orderdate, orders.o_shippriority
                                 ->  Nested Loop  (cost=0.86..79022.59 rows=129600 width=24)
                                       ->  Nested Loop  (cost=0.43..32168.00 rows=59603 width=12)
                                             ->  Parallel Seq Scan on customer  (cost=0.00..4378.25 rows=12383 width=4)
                                                   Filter: (c_mktsegment = 'BUILDING'::bpchar)
                                             ->  Index Scan using idx_orders_custkey on orders  (cost=0.43..2.16 rows=8 width=16)
                                                   Index Cond: (o_custkey = customer.c_custkey)
                                                   Filter: (o_orderdate < '1995-03-07'::date)
                                       ->  Index Scan using idx_lineitem_orderkey on lineitem  (cost=0.43..0.77 rows=2 width=16)
                                             Index Cond: (l_orderkey = orders.o_orderkey)
                                             Filter: (l_shipdate > '1995-03-07'::date)
(21 rows)

query 3 run 2
SET
SET
SET
                                                            QUERY PLAN                                                            
----------------------------------------------------------------------------------------------------------------------------------
 Limit  (cost=138683.59..138683.62 rows=10 width=44)
   ->  Sort  (cost=138683.59..139461.19 rows=311039 width=44)
         Sort Key: (sum((lineitem.l_extendedprice * ('1'::numeric - lineitem.l_discount)))) DESC, orders.o_orderdate
         ->  Finalize GroupAggregate  (cost=91028.05..131962.15 rows=311039 width=44)
               Group Key: lineitem.l_orderkey, orders.o_orderdate, orders.o_shippriority
               ->  Gather Merge  (cost=91028.05..124834.17 rows=259200 width=44)
                     Workers Planned: 2
                     ->  Partial GroupAggregate  (cost=90028.03..93916.03 rows=129600 width=44)
                           Group Key: lineitem.l_orderkey, orders.o_orderdate, orders.o_shippriority
                           ->  Sort  (cost=90028.03..90352.03 rows=129600 width=24)
                                 Sort Key: lineitem.l_orderkey, orders.o_orderdate, orders.o_shippriority
                                 ->  Nested Loop  (cost=0.86..79022.59 rows=129600 width=24)
                                       ->  Nested Loop  (cost=0.43..32168.00 rows=59603 width=12)
                                             ->  Parallel Seq Scan on customer  (cost=0.00..4378.25 rows=12383 width=4)
                                                   Filter: (c_mktsegment = 'BUILDING'::bpchar)
                                             ->  Index Scan using idx_orders_custkey on orders  (cost=0.43..2.16 rows=8 width=16)
                                                   Index Cond: (o_custkey = customer.c_custkey)
                                                   Filter: (o_orderdate < '1995-03-07'::date)
                                       ->  Index Scan using idx_lineitem_orderkey on lineitem  (cost=0.43..0.77 rows=2 width=16)
                                             Index Cond: (l_orderkey = orders.o_orderkey)
                                             Filter: (l_shipdate > '1995-03-07'::date)
(21 rows)

query 3 run 3
SET
SET
SET
                                                            QUERY PLAN                                                            
----------------------------------------------------------------------------------------------------------------------------------
 Limit  (cost=138683.59..138683.62 rows=10 width=44)
   ->  Sort  (cost=138683.59..139461.19 rows=311039 width=44)
         Sort Key: (sum((lineitem.l_extendedprice * ('1'::numeric - lineitem.l_discount)))) DESC, orders.o_orderdate
         ->  Finalize GroupAggregate  (cost=91028.05..131962.15 rows=311039 width=44)
               Group Key: lineitem.l_orderkey, orders.o_orderdate, orders.o_shippriority
               ->  Gather Merge  (cost=91028.05..124834.17 rows=259200 width=44)
                     Workers Planned: 2
                     ->  Partial GroupAggregate  (cost=90028.03..93916.03 rows=129600 width=44)
                           Group Key: lineitem.l_orderkey, orders.o_orderdate, orders.o_shippriority
                           ->  Sort  (cost=90028.03..90352.03 rows=129600 width=24)
                                 Sort Key: lineitem.l_orderkey, orders.o_orderdate, orders.o_shippriority
                                 ->  Nested Loop  (cost=0.86..79022.59 rows=129600 width=24)
                                       ->  Nested Loop  (cost=0.43..32168.00 rows=59603 width=12)
                                             ->  Parallel Seq Scan on customer  (cost=0.00..4378.25 rows=12383 width=4)
                                                   Filter: (c_mktsegment = 'BUILDING'::bpchar)
                                             ->  Index Scan using idx_orders_custkey on orders  (cost=0.43..2.16 rows=8 width=16)
                                                   Index Cond: (o_custkey = customer.c_custkey)
                                                   Filter: (o_orderdate < '1995-03-07'::date)
                                       ->  Index Scan using idx_lineitem_orderkey on lineitem  (cost=0.43..0.77 rows=2 width=16)
                                             Index Cond: (l_orderkey = orders.o_orderkey)
                                             Filter: (l_shipdate > '1995-03-07'::date)
(21 rows)

query 4 run 1
SET
SET
SET
                                                           QUERY PLAN                                                           
--------------------------------------------------------------------------------------------------------------------------------
 Limit  (cost=29370.84..50727.19 rows=1 width=24)
   ->  GroupAggregate  (cost=29370.84..136152.56 rows=5 width=24)
         Group Key: orders.o_orderpriority
         ->  Nested Loop Semi Join  (cost=29370.84..135867.51 rows=57000 width=16)
               ->  Gather Merge  (cost=29370.41..36113.88 rows=57000 width=20)
                     Workers Planned: 3
                     ->  Sort  (cost=28370.37..28416.34 rows=18387 width=20)
                           Sort Key: orders.o_orderpriority
                           ->  Parallel Bitmap Heap Scan on orders  (cost=661.18..27067.98 rows=18387 width=20)
                                 Recheck Cond: ((o_orderdate >= '1993-12-01'::date) AND (o_orderdate < '1994-03-01'::date))
                                 ->  Bitmap Index Scan on idx_orders_orderdate  (cost=0.00..646.93 rows=57000 width=0)
                                       Index Cond: ((o_orderdate >= '1993-12-01'::date) AND (o_orderdate < '1994-03-01'::date))
               ->  Index Scan using idx_lineitem_orderkey on lineitem  (cost=0.43..1.96 rows=1 width=4)
                     Index Cond: (l_orderkey = orders.o_orderkey)
                     Filter: (l_commitdate < l_receiptdate)
(15 rows)

query 4 run 2
SET
SET
SET
                                                           QUERY PLAN                                                           
--------------------------------------------------------------------------------------------------------------------------------
 Limit  (cost=29370.84..50727.19 rows=1 width=24)
   ->  GroupAggregate  (cost=29370.84..136152.56 rows=5 width=24)
         Group Key: orders.o_orderpriority
         ->  Nested Loop Semi Join  (cost=29370.84..135867.51 rows=57000 width=16)
               ->  Gather Merge  (cost=29370.41..36113.88 rows=57000 width=20)
                     Workers Planned: 3
                     ->  Sort  (cost=28370.37..28416.34 rows=18387 width=20)
                           Sort Key: orders.o_orderpriority
                           ->  Parallel Bitmap Heap Scan on orders  (cost=661.18..27067.98 rows=18387 width=20)
                                 Recheck Cond: ((o_orderdate >= '1993-12-01'::date) AND (o_orderdate < '1994-03-01'::date))
                                 ->  Bitmap Index Scan on idx_orders_orderdate  (cost=0.00..646.93 rows=57000 width=0)
                                       Index Cond: ((o_orderdate >= '1993-12-01'::date) AND (o_orderdate < '1994-03-01'::date))
               ->  Index Scan using idx_lineitem_orderkey on lineitem  (cost=0.43..1.96 rows=1 width=4)
                     Index Cond: (l_orderkey = orders.o_orderkey)
                     Filter: (l_commitdate < l_receiptdate)
(15 rows)

query 4 run 3
SET
SET
SET
                                                           QUERY PLAN                                                           
--------------------------------------------------------------------------------------------------------------------------------
 Limit  (cost=29370.84..50727.19 rows=1 width=24)
   ->  GroupAggregate  (cost=29370.84..136152.56 rows=5 width=24)
         Group Key: orders.o_orderpriority
         ->  Nested Loop Semi Join  (cost=29370.84..135867.51 rows=57000 width=16)
               ->  Gather Merge  (cost=29370.41..36113.88 rows=57000 width=20)
                     Workers Planned: 3
                     ->  Sort  (cost=28370.37..28416.34 rows=18387 width=20)
                           Sort Key: orders.o_orderpriority
                           ->  Parallel Bitmap Heap Scan on orders  (cost=661.18..27067.98 rows=18387 width=20)
                                 Recheck Cond: ((o_orderdate >= '1993-12-01'::date) AND (o_orderdate < '1994-03-01'::date))
                                 ->  Bitmap Index Scan on idx_orders_orderdate  (cost=0.00..646.93 rows=57000 width=0)
                                       Index Cond: ((o_orderdate >= '1993-12-01'::date) AND (o_orderdate < '1994-03-01'::date))
               ->  Index Scan using idx_lineitem_orderkey on lineitem  (cost=0.43..1.96 rows=1 width=4)
                     Index Cond: (l_orderkey = orders.o_orderkey)
                     Filter: (l_commitdate < l_receiptdate)
(15 rows)

query 5 run 1
SET
SET
SET
                                                                   QUERY PLAN                                                                   
------------------------------------------------------------------------------------------------------------------------------------------------
 Limit  (cost=46201.97..46201.98 rows=1 width=58)
   ->  Sort  (cost=46201.97..46202.04 rows=25 width=58)
         Sort Key: (sum((lineitem.l_extendedprice * ('1'::numeric - lineitem.l_discount)))) DESC
         ->  Finalize GroupAggregate  (cost=46157.18..46201.85 rows=25 width=58)
               Group Key: nation.n_name
               ->  Gather Merge  (cost=46157.18..46201.16 rows=50 width=58)
                     Workers Planned: 2
                     ->  Partial GroupAggregate  (cost=45157.15..45195.37 rows=25 width=58)
                           Group Key: nation.n_name
                           ->  Sort  (cost=45157.15..45164.73 rows=3032 width=38)
                                 Sort Key: nation.n_name
                                 ->  Hash Join  (cost=476.37..44981.81 rows=3032 width=38)
                                       Hash Cond: ((lineitem.l_suppkey = supplier.s_suppkey) AND (customer.c_nationkey = supplier.s_nationkey))
                                       ->  Nested Loop  (cost=3.37..44109.76 rows=76010 width=50)
                                             ->  Nested Loop  (cost=2.94..18543.01 rows=19002 width=38)
                                                   ->  Hash Join  (cost=2.51..4583.88 rows=12500 width=38)
                                                         Hash Cond: (customer.c_nationkey = nation.n_nationkey)
                                                         ->  Parallel Seq Scan on customer  (cost=0.00..4222.00 rows=62500 width=8)
                                                         ->  Hash  (cost=2.45..2.45 rows=5 width=30)
                                                               ->  Hash Join  (cost=1.07..2.45 rows=5 width=30)
                                                                     Hash Cond: (nation.n_regionkey = region.r_regionkey)
                                                                     ->  Seq Scan on nation  (cost=0.00..1.25 rows=25 width=34)
                                                                     ->  Hash  (cost=1.06..1.06 rows=1 width=4)
                                                                           ->  Seq Scan on region  (cost=0.00..1.06 rows=1 width=4)
                                                                                 Filter: (r_name = 'AMERICA'::bpchar)
                                                   ->  Index Scan using idx_orders_custkey on orders  (cost=0.43..1.09 rows=3 width=8)
                                                         Index Cond: (o_custkey = customer.c_custkey)
                                                         Filter: ((o_orderdate >= '1993-01-01'::date) AND (o_orderdate < '1994-01-01'::date))
                                             ->  Index Scan using idx_lineitem_orderkey on lineitem  (cost=0.43..1.31 rows=4 width=20)
                                                   Index Cond: (l_orderkey = orders.o_orderkey)
                                       ->  Hash  (cost=323.00..323.00 rows=10000 width=8)
                                             ->  Seq Scan on supplier  (cost=0.00..323.00 rows=10000 width=8)
(32 rows)

query 5 run 2
SET
SET
SET
                                                                   QUERY PLAN                                                                   
------------------------------------------------------------------------------------------------------------------------------------------------
 Limit  (cost=46201.97..46201.98 rows=1 width=58)
   ->  Sort  (cost=46201.97..46202.04 rows=25 width=58)
         Sort Key: (sum((lineitem.l_extendedprice * ('1'::numeric - lineitem.l_discount)))) DESC
         ->  Finalize GroupAggregate  (cost=46157.18..46201.85 rows=25 width=58)
               Group Key: nation.n_name
               ->  Gather Merge  (cost=46157.18..46201.16 rows=50 width=58)
                     Workers Planned: 2
                     ->  Partial GroupAggregate  (cost=45157.15..45195.37 rows=25 width=58)
                           Group Key: nation.n_name
                           ->  Sort  (cost=45157.15..45164.73 rows=3032 width=38)
                                 Sort Key: nation.n_name
                                 ->  Hash Join  (cost=476.37..44981.81 rows=3032 width=38)
                                       Hash Cond: ((lineitem.l_suppkey = supplier.s_suppkey) AND (customer.c_nationkey = supplier.s_nationkey))
                                       ->  Nested Loop  (cost=3.37..44109.76 rows=76010 width=50)
                                             ->  Nested Loop  (cost=2.94..18543.01 rows=19002 width=38)
                                                   ->  Hash Join  (cost=2.51..4583.88 rows=12500 width=38)
                                                         Hash Cond: (customer.c_nationkey = nation.n_nationkey)
                                                         ->  Parallel Seq Scan on customer  (cost=0.00..4222.00 rows=62500 width=8)
                                                         ->  Hash  (cost=2.45..2.45 rows=5 width=30)
                                                               ->  Hash Join  (cost=1.07..2.45 rows=5 width=30)
                                                                     Hash Cond: (nation.n_regionkey = region.r_regionkey)
                                                                     ->  Seq Scan on nation  (cost=0.00..1.25 rows=25 width=34)
                                                                     ->  Hash  (cost=1.06..1.06 rows=1 width=4)
                                                                           ->  Seq Scan on region  (cost=0.00..1.06 rows=1 width=4)
                                                                                 Filter: (r_name = 'AMERICA'::bpchar)
                                                   ->  Index Scan using idx_orders_custkey on orders  (cost=0.43..1.09 rows=3 width=8)
                                                         Index Cond: (o_custkey = customer.c_custkey)
                                                         Filter: ((o_orderdate >= '1993-01-01'::date) AND (o_orderdate < '1994-01-01'::date))
                                             ->  Index Scan using idx_lineitem_orderkey on lineitem  (cost=0.43..1.31 rows=4 width=20)
                                                   Index Cond: (l_orderkey = orders.o_orderkey)
                                       ->  Hash  (cost=323.00..323.00 rows=10000 width=8)
                                             ->  Seq Scan on supplier  (cost=0.00..323.00 rows=10000 width=8)
(32 rows)

query 5 run 3
SET
SET
SET
                                                                   QUERY PLAN                                                                   
------------------------------------------------------------------------------------------------------------------------------------------------
 Limit  (cost=46201.97..46201.98 rows=1 width=58)
   ->  Sort  (cost=46201.97..46202.04 rows=25 width=58)
         Sort Key: (sum((lineitem.l_extendedprice * ('1'::numeric - lineitem.l_discount)))) DESC
         ->  Finalize GroupAggregate  (cost=46157.18..46201.85 rows=25 width=58)
               Group Key: nation.n_name
               ->  Gather Merge  (cost=46157.18..46201.16 rows=50 width=58)
                     Workers Planned: 2
                     ->  Partial GroupAggregate  (cost=45157.15..45195.37 rows=25 width=58)
                           Group Key: nation.n_name
                           ->  Sort  (cost=45157.15..45164.73 rows=3032 width=38)
                                 Sort Key: nation.n_name
                                 ->  Hash Join  (cost=476.37..44981.81 rows=3032 width=38)
                                       Hash Cond: ((lineitem.l_suppkey = supplier.s_suppkey) AND (customer.c_nationkey = supplier.s_nationkey))
                                       ->  Nested Loop  (cost=3.37..44109.76 rows=76010 width=50)
                                             ->  Nested Loop  (cost=2.94..18543.01 rows=19002 width=38)
                                                   ->  Hash Join  (cost=2.51..4583.88 rows=12500 width=38)
                                                         Hash Cond: (customer.c_nationkey = nation.n_nationkey)
                                                         ->  Parallel Seq Scan on customer  (cost=0.00..4222.00 rows=62500 width=8)
                                                         ->  Hash  (cost=2.45..2.45 rows=5 width=30)
                                                               ->  Hash Join  (cost=1.07..2.45 rows=5 width=30)
                                                                     Hash Cond: (nation.n_regionkey = region.r_regionkey)
                                                                     ->  Seq Scan on nation  (cost=0.00..1.25 rows=25 width=34)
                                                                     ->  Hash  (cost=1.06..1.06 rows=1 width=4)
                                                                           ->  Seq Scan on region  (cost=0.00..1.06 rows=1 width=4)
                                                                                 Filter: (r_name = 'AMERICA'::bpchar)
                                                   ->  Index Scan using idx_orders_custkey on orders  (cost=0.43..1.09 rows=3 width=8)
                                                         Index Cond: (o_custkey = customer.c_custkey)
                                                         Filter: ((o_orderdate >= '1993-01-01'::date) AND (o_orderdate < '1994-01-01'::date))
                                             ->  Index Scan using idx_lineitem_orderkey on lineitem  (cost=0.43..1.31 rows=4 width=20)
                                                   Index Cond: (l_orderkey = orders.o_orderkey)
                                       ->  Hash  (cost=323.00..323.00 rows=10000 width=8)
                                             ->  Seq Scan on supplier  (cost=0.00..323.00 rows=10000 width=8)
(32 rows)

query 6 run 1
SET
SET
SET
                                                                                                                QUERY PLAN                                                                                                                 
-------------------------------------------------------------------------------------------------------------------------------------------------------------------------------------------------------------------------------------------
 Limit  (cost=106307.61..106307.62 rows=1 width=32)
   ->  Finalize Aggregate  (cost=106307.61..106307.62 rows=1 width=32)
         ->  Gather  (cost=106307.18..106307.59 rows=4 width=32)
               Workers Planned: 4
               ->  Partial Aggregate  (cost=105307.18..105307.19 rows=1 width=32)
                     ->  Parallel Bitmap Heap Scan on lineitem  (cost=21035.56..105161.50 rows=29135 width=12)
                           Recheck Cond: ((l_shipdate >= '1993-01-01'::date) AND (l_shipdate < '1994-01-01 00:00:00'::timestamp without time zone) AND (l_discount >= 0.06) AND (l_discount <= 0.08) AND (l_quantity < '25'::numeric))
                           ->  Bitmap Index Scan on idx_lineitem_shipdate  (cost=0.00..21006.42 rows=116539 width=0)
                                 Index Cond: ((l_shipdate >= '1993-01-01'::date) AND (l_shipdate < '1994-01-01 00:00:00'::timestamp without time zone) AND (l_discount >= 0.06) AND (l_discount <= 0.08) AND (l_quantity < '25'::numeric))
(9 rows)

query 6 run 2
SET
SET
SET
                                                                                                                QUERY PLAN                                                                                                                 
-------------------------------------------------------------------------------------------------------------------------------------------------------------------------------------------------------------------------------------------
 Limit  (cost=106307.61..106307.62 rows=1 width=32)
   ->  Finalize Aggregate  (cost=106307.61..106307.62 rows=1 width=32)
         ->  Gather  (cost=106307.18..106307.59 rows=4 width=32)
               Workers Planned: 4
               ->  Partial Aggregate  (cost=105307.18..105307.19 rows=1 width=32)
                     ->  Parallel Bitmap Heap Scan on lineitem  (cost=21035.56..105161.50 rows=29135 width=12)
                           Recheck Cond: ((l_shipdate >= '1993-01-01'::date) AND (l_shipdate < '1994-01-01 00:00:00'::timestamp without time zone) AND (l_discount >= 0.06) AND (l_discount <= 0.08) AND (l_quantity < '25'::numeric))
                           ->  Bitmap Index Scan on idx_lineitem_shipdate  (cost=0.00..21006.42 rows=116539 width=0)
                                 Index Cond: ((l_shipdate >= '1993-01-01'::date) AND (l_shipdate < '1994-01-01 00:00:00'::timestamp without time zone) AND (l_discount >= 0.06) AND (l_discount <= 0.08) AND (l_quantity < '25'::numeric))
(9 rows)

query 6 run 3
SET
SET
SET
                                                                                                                QUERY PLAN                                                                                                                 
-------------------------------------------------------------------------------------------------------------------------------------------------------------------------------------------------------------------------------------------
 Limit  (cost=106307.61..106307.62 rows=1 width=32)
   ->  Finalize Aggregate  (cost=106307.61..106307.62 rows=1 width=32)
         ->  Gather  (cost=106307.18..106307.59 rows=4 width=32)
               Workers Planned: 4
               ->  Partial Aggregate  (cost=105307.18..105307.19 rows=1 width=32)
                     ->  Parallel Bitmap Heap Scan on lineitem  (cost=21035.56..105161.50 rows=29135 width=12)
                           Recheck Cond: ((l_shipdate >= '1993-01-01'::date) AND (l_shipdate < '1994-01-01 00:00:00'::timestamp without time zone) AND (l_discount >= 0.06) AND (l_discount <= 0.08) AND (l_quantity < '25'::numeric))
                           ->  Bitmap Index Scan on idx_lineitem_shipdate  (cost=0.00..21006.42 rows=116539 width=0)
                                 Index Cond: ((l_shipdate >= '1993-01-01'::date) AND (l_shipdate < '1994-01-01 00:00:00'::timestamp without time zone) AND (l_discount >= 0.06) AND (l_discount <= 0.08) AND (l_quantity < '25'::numeric))
(9 rows)

query 7 run 1
SET
SET
SET
                                                                                                      QUERY PLAN                                                                                                       
-----------------------------------------------------------------------------------------------------------------------------------------------------------------------------------------------------------------------
 Limit  (cost=42361.41..42379.49 rows=1 width=116)
   ->  GroupAggregate  (cost=42361.41..152209.38 rows=6075 width=116)
         Group Key: n1.n_name, n2.n_name, (EXTRACT(year FROM lineitem.l_shipdate))
         ->  Incremental Sort  (cost=42361.41..152027.13 rows=6075 width=96)
               Sort Key: n1.n_name, n2.n_name, (EXTRACT(year FROM lineitem.l_shipdate))
               Presorted Key: n1.n_name, n2.n_name
               ->  Nested Loop  (cost=5831.50..151630.09 rows=6075 width=96)
                     Join Filter: (supplier.s_nationkey = n1.n_nationkey)
                     ->  Nested Loop  (cost=5831.22..103635.00 rows=152217 width=76)
                           ->  Nested Loop  (cost=5830.79..21913.49 rows=124848 width=60)
                                 ->  Gather Merge  (cost=5830.36..7284.44 rows=12485 width=60)
                                       Workers Planned: 2
                                       ->  Sort  (cost=4830.33..4843.34 rows=5202 width=60)
                                             Sort Key: n1.n_name, n2.n_name
                                             ->  Hash Join  (cost=2.87..4509.24 rows=5202 width=60)
                                                   Hash Cond: (customer.c_nationkey = n2.n_nationkey)
                                                   ->  Parallel Seq Scan on customer  (cost=0.00..4222.00 rows=62500 width=8)
                                                   ->  Hash  (cost=2.84..2.84 rows=2 width=60)
                                                         ->  Nested Loop  (cost=0.00..2.84 rows=2 width=60)
                                                               Join Filter: (((n1.n_name = 'PERU'::bpchar) AND (n2.n_name = 'MOROCCO'::bpchar)) OR ((n1.n_name = 'MOROCCO'::bpchar) AND (n2.n_name = 'PERU'::bpchar)))
                                                               ->  Seq Scan on nation n1  (cost=0.00..1.38 rows=2 width=30)
                                                                     Filter: ((n_name = 'PERU'::bpchar) OR (n_name = 'MOROCCO'::bpchar))
                                                               ->  Materialize  (cost=0.00..1.39 rows=2 width=30)
                                                                     ->  Seq Scan on nation n2  (cost=0.00..1.38 rows=2 width=30)
                                                                           Filter: ((n_name = 'MOROCCO'::bpchar) OR (n_name = 'PERU'::bpchar))
                                 ->  Index Scan using idx_orders_custkey on orders  (cost=0.43..1.00 rows=17 width=8)
                                       Index Cond: (o_custkey = customer.c_custkey)
                           ->  Index Scan using idx_lineitem_orderkey on lineitem  (cost=0.43..0.64 rows=1 width=24)
                                 Index Cond: (l_orderkey = orders.o_orderkey)
                                 Filter: ((l_shipdate >= '1995-01-01'::date) AND (l_shipdate <= '1996-12-31'::date))
                     ->  Index Scan using supplier_pkey on supplier  (cost=0.29..0.30 rows=1 width=8)
                           Index Cond: (s_suppkey = lineitem.l_suppkey)
(32 rows)

query 7 run 2
SET
SET
SET
                                                                                                      QUERY PLAN                                                                                                       
-----------------------------------------------------------------------------------------------------------------------------------------------------------------------------------------------------------------------
 Limit  (cost=42361.41..42379.49 rows=1 width=116)
   ->  GroupAggregate  (cost=42361.41..152209.38 rows=6075 width=116)
         Group Key: n1.n_name, n2.n_name, (EXTRACT(year FROM lineitem.l_shipdate))
         ->  Incremental Sort  (cost=42361.41..152027.13 rows=6075 width=96)
               Sort Key: n1.n_name, n2.n_name, (EXTRACT(year FROM lineitem.l_shipdate))
               Presorted Key: n1.n_name, n2.n_name
               ->  Nested Loop  (cost=5831.50..151630.09 rows=6075 width=96)
                     Join Filter: (supplier.s_nationkey = n1.n_nationkey)
                     ->  Nested Loop  (cost=5831.22..103635.00 rows=152217 width=76)
                           ->  Nested Loop  (cost=5830.79..21913.49 rows=124848 width=60)
                                 ->  Gather Merge  (cost=5830.36..7284.44 rows=12485 width=60)
                                       Workers Planned: 2
                                       ->  Sort  (cost=4830.33..4843.34 rows=5202 width=60)
                                             Sort Key: n1.n_name, n2.n_name
                                             ->  Hash Join  (cost=2.87..4509.24 rows=5202 width=60)
                                                   Hash Cond: (customer.c_nationkey = n2.n_nationkey)
                                                   ->  Parallel Seq Scan on customer  (cost=0.00..4222.00 rows=62500 width=8)
                                                   ->  Hash  (cost=2.84..2.84 rows=2 width=60)
                                                         ->  Nested Loop  (cost=0.00..2.84 rows=2 width=60)
                                                               Join Filter: (((n1.n_name = 'PERU'::bpchar) AND (n2.n_name = 'MOROCCO'::bpchar)) OR ((n1.n_name = 'MOROCCO'::bpchar) AND (n2.n_name = 'PERU'::bpchar)))
                                                               ->  Seq Scan on nation n1  (cost=0.00..1.38 rows=2 width=30)
                                                                     Filter: ((n_name = 'PERU'::bpchar) OR (n_name = 'MOROCCO'::bpchar))
                                                               ->  Materialize  (cost=0.00..1.39 rows=2 width=30)
                                                                     ->  Seq Scan on nation n2  (cost=0.00..1.38 rows=2 width=30)
                                                                           Filter: ((n_name = 'MOROCCO'::bpchar) OR (n_name = 'PERU'::bpchar))
                                 ->  Index Scan using idx_orders_custkey on orders  (cost=0.43..1.00 rows=17 width=8)
                                       Index Cond: (o_custkey = customer.c_custkey)
                           ->  Index Scan using idx_lineitem_orderkey on lineitem  (cost=0.43..0.64 rows=1 width=24)
                                 Index Cond: (l_orderkey = orders.o_orderkey)
                                 Filter: ((l_shipdate >= '1995-01-01'::date) AND (l_shipdate <= '1996-12-31'::date))
                     ->  Index Scan using supplier_pkey on supplier  (cost=0.29..0.30 rows=1 width=8)
                           Index Cond: (s_suppkey = lineitem.l_suppkey)
(32 rows)

query 7 run 3
SET
SET
SET
                                                                                                      QUERY PLAN                                                                                                       
-----------------------------------------------------------------------------------------------------------------------------------------------------------------------------------------------------------------------
 Limit  (cost=42361.41..42379.49 rows=1 width=116)
   ->  GroupAggregate  (cost=42361.41..152209.38 rows=6075 width=116)
         Group Key: n1.n_name, n2.n_name, (EXTRACT(year FROM lineitem.l_shipdate))
         ->  Incremental Sort  (cost=42361.41..152027.13 rows=6075 width=96)
               Sort Key: n1.n_name, n2.n_name, (EXTRACT(year FROM lineitem.l_shipdate))
               Presorted Key: n1.n_name, n2.n_name
               ->  Nested Loop  (cost=5831.50..151630.09 rows=6075 width=96)
                     Join Filter: (supplier.s_nationkey = n1.n_nationkey)
                     ->  Nested Loop  (cost=5831.22..103635.00 rows=152217 width=76)
                           ->  Nested Loop  (cost=5830.79..21913.49 rows=124848 width=60)
                                 ->  Gather Merge  (cost=5830.36..7284.44 rows=12485 width=60)
                                       Workers Planned: 2
                                       ->  Sort  (cost=4830.33..4843.34 rows=5202 width=60)
                                             Sort Key: n1.n_name, n2.n_name
                                             ->  Hash Join  (cost=2.87..4509.24 rows=5202 width=60)
                                                   Hash Cond: (customer.c_nationkey = n2.n_nationkey)
                                                   ->  Parallel Seq Scan on customer  (cost=0.00..4222.00 rows=62500 width=8)
                                                   ->  Hash  (cost=2.84..2.84 rows=2 width=60)
                                                         ->  Nested Loop  (cost=0.00..2.84 rows=2 width=60)
                                                               Join Filter: (((n1.n_name = 'PERU'::bpchar) AND (n2.n_name = 'MOROCCO'::bpchar)) OR ((n1.n_name = 'MOROCCO'::bpchar) AND (n2.n_name = 'PERU'::bpchar)))
                                                               ->  Seq Scan on nation n1  (cost=0.00..1.38 rows=2 width=30)
                                                                     Filter: ((n_name = 'PERU'::bpchar) OR (n_name = 'MOROCCO'::bpchar))
                                                               ->  Materialize  (cost=0.00..1.39 rows=2 width=30)
                                                                     ->  Seq Scan on nation n2  (cost=0.00..1.38 rows=2 width=30)
                                                                           Filter: ((n_name = 'MOROCCO'::bpchar) OR (n_name = 'PERU'::bpchar))
                                 ->  Index Scan using idx_orders_custkey on orders  (cost=0.43..1.00 rows=17 width=8)
                                       Index Cond: (o_custkey = customer.c_custkey)
                           ->  Index Scan using idx_lineitem_orderkey on lineitem  (cost=0.43..0.64 rows=1 width=24)
                                 Index Cond: (l_orderkey = orders.o_orderkey)
                                 Filter: ((l_shipdate >= '1995-01-01'::date) AND (l_shipdate <= '1996-12-31'::date))
                     ->  Index Scan using supplier_pkey on supplier  (cost=0.29..0.30 rows=1 width=8)
                           Index Cond: (s_suppkey = lineitem.l_suppkey)
(32 rows)

query 8 run 1
SET
SET
SET
                                                                  QUERY PLAN                                                                   
-----------------------------------------------------------------------------------------------------------------------------------------------
 Limit  (cost=22705.33..22787.71 rows=1 width=64)
   ->  GroupAggregate  (cost=22705.33..219910.06 rows=2394 width=64)
         Group Key: EXTRACT(year FROM orders.o_orderdate)
         ->  Nested Loop  (cost=22705.33..219814.30 rows=2394 width=70)
               ->  Nested Loop  (cost=22705.20..219437.68 rows=2394 width=20)
                     ->  Nested Loop  (cost=22704.91..218711.84 rows=2399 width=20)
                           ->  Nested Loop  (cost=22704.48..119809.82 rows=367150 width=24)
                                 ->  Gather Merge  (cost=22704.05..33394.27 rows=91788 width=8)
                                       Workers Planned: 2
                                       ->  Sort  (cost=21704.02..21799.64 rows=38245 width=8)
                                             Sort Key: (EXTRACT(year FROM orders.o_orderdate))
                                             ->  Nested Loop  (cost=2.94..18793.01 rows=38245 width=8)
                                                   ->  Hash Join  (cost=2.51..4583.88 rows=12500 width=4)
                                                         Hash Cond: (customer.c_nationkey = n1.n_nationkey)
                                                         ->  Parallel Seq Scan on customer  (cost=0.00..4222.00 rows=62500 width=8)
                                                         ->  Hash  (cost=2.45..2.45 rows=5 width=4)
                                                               ->  Hash Join  (cost=1.07..2.45 rows=5 width=4)
                                                                     Hash Cond: (n1.n_regionkey = region.r_regionkey)
                                                                     ->  Seq Scan on nation n1  (cost=0.00..1.25 rows=25 width=8)
                                                                     ->  Hash  (cost=1.06..1.06 rows=1 width=4)
                                                                           ->  Seq Scan on region  (cost=0.00..1.06 rows=1 width=4)
                                                                                 Filter: (r_name = 'AMERICA'::bpchar)
                                                   ->  Index Scan using idx_orders_custkey on orders  (cost=0.43..1.09 rows=5 width=12)
                                                         Index Cond: (o_custkey = customer.c_custkey)
                                                         Filter: ((o_orderdate >= '1995-01-01'::date) AND (o_orderdate <= '1996-12-31'::date))
                                 ->  Index Scan using idx_lineitem_orderkey on lineitem  (cost=0.43..0.90 rows=4 width=24)
                                       Index Cond: (l_orderkey = orders.o_orderkey)
                           ->  Memoize  (cost=0.43..0.45 rows=1 width=4)
                                 Cache Key: lineitem.l_partkey
                                 Cache Mode: logical
                                 ->  Index Scan using part_pkey on part  (cost=0.42..0.44 rows=1 width=4)
                                       Index Cond: (p_partkey = lineitem.l_partkey)
                                       Filter: ((p_type)::text = 'LARGE POLISHED BRASS'::text)
                     ->  Index Scan using supplier_pkey on supplier  (cost=0.29..0.30 rows=1 width=8)
                           Index Cond: (s_suppkey = lineitem.l_suppkey)
               ->  Index Scan using nation_pkey on nation n2  (cost=0.14..0.16 rows=1 width=30)
                     Index Cond: (n_nationkey = supplier.s_nationkey)
(37 rows)

query 8 run 2
SET
SET
SET
                                                                  QUERY PLAN                                                                   
-----------------------------------------------------------------------------------------------------------------------------------------------
 Limit  (cost=22705.33..22787.71 rows=1 width=64)
   ->  GroupAggregate  (cost=22705.33..219910.06 rows=2394 width=64)
         Group Key: EXTRACT(year FROM orders.o_orderdate)
         ->  Nested Loop  (cost=22705.33..219814.30 rows=2394 width=70)
               ->  Nested Loop  (cost=22705.20..219437.68 rows=2394 width=20)
                     ->  Nested Loop  (cost=22704.91..218711.84 rows=2399 width=20)
                           ->  Nested Loop  (cost=22704.48..119809.82 rows=367150 width=24)
                                 ->  Gather Merge  (cost=22704.05..33394.27 rows=91788 width=8)
                                       Workers Planned: 2
                                       ->  Sort  (cost=21704.02..21799.64 rows=38245 width=8)
                                             Sort Key: (EXTRACT(year FROM orders.o_orderdate))
                                             ->  Nested Loop  (cost=2.94..18793.01 rows=38245 width=8)
                                                   ->  Hash Join  (cost=2.51..4583.88 rows=12500 width=4)
                                                         Hash Cond: (customer.c_nationkey = n1.n_nationkey)
                                                         ->  Parallel Seq Scan on customer  (cost=0.00..4222.00 rows=62500 width=8)
                                                         ->  Hash  (cost=2.45..2.45 rows=5 width=4)
                                                               ->  Hash Join  (cost=1.07..2.45 rows=5 width=4)
                                                                     Hash Cond: (n1.n_regionkey = region.r_regionkey)
                                                                     ->  Seq Scan on nation n1  (cost=0.00..1.25 rows=25 width=8)
                                                                     ->  Hash  (cost=1.06..1.06 rows=1 width=4)
                                                                           ->  Seq Scan on region  (cost=0.00..1.06 rows=1 width=4)
                                                                                 Filter: (r_name = 'AMERICA'::bpchar)
                                                   ->  Index Scan using idx_orders_custkey on orders  (cost=0.43..1.09 rows=5 width=12)
                                                         Index Cond: (o_custkey = customer.c_custkey)
                                                         Filter: ((o_orderdate >= '1995-01-01'::date) AND (o_orderdate <= '1996-12-31'::date))
                                 ->  Index Scan using idx_lineitem_orderkey on lineitem  (cost=0.43..0.90 rows=4 width=24)
                                       Index Cond: (l_orderkey = orders.o_orderkey)
                           ->  Memoize  (cost=0.43..0.45 rows=1 width=4)
                                 Cache Key: lineitem.l_partkey
                                 Cache Mode: logical
                                 ->  Index Scan using part_pkey on part  (cost=0.42..0.44 rows=1 width=4)
                                       Index Cond: (p_partkey = lineitem.l_partkey)
                                       Filter: ((p_type)::text = 'LARGE POLISHED BRASS'::text)
                     ->  Index Scan using supplier_pkey on supplier  (cost=0.29..0.30 rows=1 width=8)
                           Index Cond: (s_suppkey = lineitem.l_suppkey)
               ->  Index Scan using nation_pkey on nation n2  (cost=0.14..0.16 rows=1 width=30)
                     Index Cond: (n_nationkey = supplier.s_nationkey)
(37 rows)

query 8 run 3
SET
SET
SET
                                                                  QUERY PLAN                                                                   
-----------------------------------------------------------------------------------------------------------------------------------------------
 Limit  (cost=22705.33..22787.71 rows=1 width=64)
   ->  GroupAggregate  (cost=22705.33..219910.06 rows=2394 width=64)
         Group Key: EXTRACT(year FROM orders.o_orderdate)
         ->  Nested Loop  (cost=22705.33..219814.30 rows=2394 width=70)
               ->  Nested Loop  (cost=22705.20..219437.68 rows=2394 width=20)
                     ->  Nested Loop  (cost=22704.91..218711.84 rows=2399 width=20)
                           ->  Nested Loop  (cost=22704.48..119809.82 rows=367150 width=24)
                                 ->  Gather Merge  (cost=22704.05..33394.27 rows=91788 width=8)
                                       Workers Planned: 2
                                       ->  Sort  (cost=21704.02..21799.64 rows=38245 width=8)
                                             Sort Key: (EXTRACT(year FROM orders.o_orderdate))
                                             ->  Nested Loop  (cost=2.94..18793.01 rows=38245 width=8)
                                                   ->  Hash Join  (cost=2.51..4583.88 rows=12500 width=4)
                                                         Hash Cond: (customer.c_nationkey = n1.n_nationkey)
                                                         ->  Parallel Seq Scan on customer  (cost=0.00..4222.00 rows=62500 width=8)
                                                         ->  Hash  (cost=2.45..2.45 rows=5 width=4)
                                                               ->  Hash Join  (cost=1.07..2.45 rows=5 width=4)
                                                                     Hash Cond: (n1.n_regionkey = region.r_regionkey)
                                                                     ->  Seq Scan on nation n1  (cost=0.00..1.25 rows=25 width=8)
                                                                     ->  Hash  (cost=1.06..1.06 rows=1 width=4)
                                                                           ->  Seq Scan on region  (cost=0.00..1.06 rows=1 width=4)
                                                                                 Filter: (r_name = 'AMERICA'::bpchar)
                                                   ->  Index Scan using idx_orders_custkey on orders  (cost=0.43..1.09 rows=5 width=12)
                                                         Index Cond: (o_custkey = customer.c_custkey)
                                                         Filter: ((o_orderdate >= '1995-01-01'::date) AND (o_orderdate <= '1996-12-31'::date))
                                 ->  Index Scan using idx_lineitem_orderkey on lineitem  (cost=0.43..0.90 rows=4 width=24)
                                       Index Cond: (l_orderkey = orders.o_orderkey)
                           ->  Memoize  (cost=0.43..0.45 rows=1 width=4)
                                 Cache Key: lineitem.l_partkey
                                 Cache Mode: logical
                                 ->  Index Scan using part_pkey on part  (cost=0.42..0.44 rows=1 width=4)
                                       Index Cond: (p_partkey = lineitem.l_partkey)
                                       Filter: ((p_type)::text = 'LARGE POLISHED BRASS'::text)
                     ->  Index Scan using supplier_pkey on supplier  (cost=0.29..0.30 rows=1 width=8)
                           Index Cond: (s_suppkey = lineitem.l_suppkey)
               ->  Index Scan using nation_pkey on nation n2  (cost=0.14..0.16 rows=1 width=30)
                     Index Cond: (n_nationkey = supplier.s_nationkey)
(37 rows)

query 9 run 1
SET
SET
SET
                                                                    QUERY PLAN                                                                    
--------------------------------------------------------------------------------------------------------------------------------------------------
 Limit  (cost=18782.88..19049.94 rows=1 width=90)
   ->  GroupAggregate  (cost=18782.88..56171.17 rows=140 width=90)
         Group Key: nation.n_name, (EXTRACT(year FROM orders.o_orderdate))
         ->  Incremental Sort  (cost=18782.88..56166.62 rows=140 width=81)
               Sort Key: nation.n_name, (EXTRACT(year FROM orders.o_orderdate)) DESC
               Presorted Key: nation.n_name
               ->  Nested Loop  (cost=17225.32..56162.63 rows=140 width=81)
                     ->  Nested Loop  (cost=17224.89..56098.92 rows=140 width=53)
                           Join Filter: (supplier.s_suppkey = lineitem.l_suppkey)
                           ->  Gather Merge  (cost=17224.46..22838.61 rows=48204 width=48)
                                 Workers Planned: 2
                                 ->  Sort  (cost=16224.44..16274.65 rows=20085 width=48)
                                       Sort Key: nation.n_name
                                       ->  Hash Join  (cost=449.99..14788.98 rows=20085 width=48)
                                             Hash Cond: (supplier.s_nationkey = nation.n_nationkey)
                                             ->  Hash Join  (cost=448.43..14725.76 rows=20085 width=26)
                                                   Hash Cond: (partsupp.ps_suppkey = supplier.s_suppkey)
                                                   ->  Nested Loop  (cost=0.42..14225.02 rows=20085 width=18)
                                                         ->  Parallel Seq Scan on part  (cost=0.00..5140.67 rows=5050 width=4)
                                                               Filter: ((p_name)::text ~~ '%navy%'::text)
                                                         ->  Index Scan using idx_partsupp_partkey on partsupp  (cost=0.42..1.76 rows=4 width=14)
                                                               Index Cond: (ps_partkey = part.p_partkey)
                                                   ->  Hash  (cost=323.00..323.00 rows=10000 width=8)
                                                         ->  Seq Scan on supplier  (cost=0.00..323.00 rows=10000 width=8)
                                             ->  Hash  (cost=1.25..1.25 rows=25 width=30)
                                                   ->  Seq Scan on nation  (cost=0.00..1.25 rows=25 width=30)
                           ->  Index Scan using idx_lineitem_part_supp on lineitem  (cost=0.43..0.68 rows=1 width=29)
                                 Index Cond: ((l_partkey = partsupp.ps_partkey) AND (l_suppkey = partsupp.ps_suppkey))
                     ->  Index Scan using orders_pkey on orders  (cost=0.43..0.45 rows=1 width=8)
                           Index Cond: (o_orderkey = lineitem.l_orderkey)
(30 rows)

query 9 run 2
SET
SET
SET
                                                                    QUERY PLAN                                                                    
--------------------------------------------------------------------------------------------------------------------------------------------------
 Limit  (cost=18782.88..19049.94 rows=1 width=90)
   ->  GroupAggregate  (cost=18782.88..56171.17 rows=140 width=90)
         Group Key: nation.n_name, (EXTRACT(year FROM orders.o_orderdate))
         ->  Incremental Sort  (cost=18782.88..56166.62 rows=140 width=81)
               Sort Key: nation.n_name, (EXTRACT(year FROM orders.o_orderdate)) DESC
               Presorted Key: nation.n_name
               ->  Nested Loop  (cost=17225.32..56162.63 rows=140 width=81)
                     ->  Nested Loop  (cost=17224.89..56098.92 rows=140 width=53)
                           Join Filter: (supplier.s_suppkey = lineitem.l_suppkey)
                           ->  Gather Merge  (cost=17224.46..22838.61 rows=48204 width=48)
                                 Workers Planned: 2
                                 ->  Sort  (cost=16224.44..16274.65 rows=20085 width=48)
                                       Sort Key: nation.n_name
                                       ->  Hash Join  (cost=449.99..14788.98 rows=20085 width=48)
                                             Hash Cond: (supplier.s_nationkey = nation.n_nationkey)
                                             ->  Hash Join  (cost=448.43..14725.76 rows=20085 width=26)
                                                   Hash Cond: (partsupp.ps_suppkey = supplier.s_suppkey)
                                                   ->  Nested Loop  (cost=0.42..14225.02 rows=20085 width=18)
                                                         ->  Parallel Seq Scan on part  (cost=0.00..5140.67 rows=5050 width=4)
                                                               Filter: ((p_name)::text ~~ '%navy%'::text)
                                                         ->  Index Scan using idx_partsupp_partkey on partsupp  (cost=0.42..1.76 rows=4 width=14)
                                                               Index Cond: (ps_partkey = part.p_partkey)
                                                   ->  Hash  (cost=323.00..323.00 rows=10000 width=8)
                                                         ->  Seq Scan on supplier  (cost=0.00..323.00 rows=10000 width=8)
                                             ->  Hash  (cost=1.25..1.25 rows=25 width=30)
                                                   ->  Seq Scan on nation  (cost=0.00..1.25 rows=25 width=30)
                           ->  Index Scan using idx_lineitem_part_supp on lineitem  (cost=0.43..0.68 rows=1 width=29)
                                 Index Cond: ((l_partkey = partsupp.ps_partkey) AND (l_suppkey = partsupp.ps_suppkey))
                     ->  Index Scan using orders_pkey on orders  (cost=0.43..0.45 rows=1 width=8)
                           Index Cond: (o_orderkey = lineitem.l_orderkey)
(30 rows)

query 9 run 3
SET
SET
SET
                                                                    QUERY PLAN                                                                    
--------------------------------------------------------------------------------------------------------------------------------------------------
 Limit  (cost=18782.88..19049.94 rows=1 width=90)
   ->  GroupAggregate  (cost=18782.88..56171.17 rows=140 width=90)
         Group Key: nation.n_name, (EXTRACT(year FROM orders.o_orderdate))
         ->  Incremental Sort  (cost=18782.88..56166.62 rows=140 width=81)
               Sort Key: nation.n_name, (EXTRACT(year FROM orders.o_orderdate)) DESC
               Presorted Key: nation.n_name
               ->  Nested Loop  (cost=17225.32..56162.63 rows=140 width=81)
                     ->  Nested Loop  (cost=17224.89..56098.92 rows=140 width=53)
                           Join Filter: (supplier.s_suppkey = lineitem.l_suppkey)
                           ->  Gather Merge  (cost=17224.46..22838.61 rows=48204 width=48)
                                 Workers Planned: 2
                                 ->  Sort  (cost=16224.44..16274.65 rows=20085 width=48)
                                       Sort Key: nation.n_name
                                       ->  Hash Join  (cost=449.99..14788.98 rows=20085 width=48)
                                             Hash Cond: (supplier.s_nationkey = nation.n_nationkey)
                                             ->  Hash Join  (cost=448.43..14725.76 rows=20085 width=26)
                                                   Hash Cond: (partsupp.ps_suppkey = supplier.s_suppkey)
                                                   ->  Nested Loop  (cost=0.42..14225.02 rows=20085 width=18)
                                                         ->  Parallel Seq Scan on part  (cost=0.00..5140.67 rows=5050 width=4)
                                                               Filter: ((p_name)::text ~~ '%navy%'::text)
                                                         ->  Index Scan using idx_partsupp_partkey on partsupp  (cost=0.42..1.76 rows=4 width=14)
                                                               Index Cond: (ps_partkey = part.p_partkey)
                                                   ->  Hash  (cost=323.00..323.00 rows=10000 width=8)
                                                         ->  Seq Scan on supplier  (cost=0.00..323.00 rows=10000 width=8)
                                             ->  Hash  (cost=1.25..1.25 rows=25 width=30)
                                                   ->  Seq Scan on nation  (cost=0.00..1.25 rows=25 width=30)
                           ->  Index Scan using idx_lineitem_part_supp on lineitem  (cost=0.43..0.68 rows=1 width=29)
                                 Index Cond: ((l_partkey = partsupp.ps_partkey) AND (l_suppkey = partsupp.ps_suppkey))
                     ->  Index Scan using orders_pkey on orders  (cost=0.43..0.45 rows=1 width=8)
                           Index Cond: (o_orderkey = lineitem.l_orderkey)
(30 rows)

query 10 run 1
SET
SET
SET
                                                                 QUERY PLAN                                                                 
--------------------------------------------------------------------------------------------------------------------------------------------
 Limit  (cost=76854.55..76854.60 rows=20 width=202)
   ->  Sort  (cost=76854.55..76992.98 rows=55371 width=202)
         Sort Key: (sum((lineitem.l_extendedprice * ('1'::numeric - lineitem.l_discount)))) DESC
         ->  HashAggregate  (cost=74689.01..75381.15 rows=55371 width=202)
               Group Key: customer.c_custkey, nation.n_name
               ->  Gather  (cost=6644.16..73996.88 rows=55371 width=182)
                     Workers Planned: 3
                     ->  Nested Loop  (cost=5644.16..67459.78 rows=17862 width=182)
                           ->  Hash Join  (cost=5643.73..32142.70 rows=17781 width=174)
                                 Hash Cond: (customer.c_nationkey = nation.n_nationkey)
                                 ->  Parallel Hash Join  (cost=5642.17..32086.56 rows=17781 width=152)
                                       Hash Cond: (orders.o_custkey = customer.c_custkey)
                                       ->  Parallel Bitmap Heap Scan on orders  (cost=638.92..27036.63 rows=17781 width=8)
                                             Recheck Cond: ((o_orderdate >= '1994-08-01'::date) AND (o_orderdate < '1994-11-01'::date))
                                             ->  Bitmap Index Scan on idx_orders_orderdate  (cost=0.00..625.14 rows=55121 width=0)
                                                   Index Cond: ((o_orderdate >= '1994-08-01'::date) AND (o_orderdate < '1994-11-01'::date))
                                       ->  Parallel Hash  (cost=4222.00..4222.00 rows=62500 width=148)
                                             ->  Parallel Seq Scan on customer  (cost=0.00..4222.00 rows=62500 width=148)
                                 ->  Hash  (cost=1.25..1.25 rows=25 width=30)
                                       ->  Seq Scan on nation  (cost=0.00..1.25 rows=25 width=30)
                           ->  Index Scan using idx_lineitem_orderkey on lineitem  (cost=0.43..1.98 rows=1 width=16)
                                 Index Cond: (l_orderkey = orders.o_orderkey)
                                 Filter: (l_returnflag = 'R'::bpchar)
(23 rows)

query 10 run 2
SET
SET
SET
                                                                 QUERY PLAN                                                                 
--------------------------------------------------------------------------------------------------------------------------------------------
 Limit  (cost=76854.55..76854.60 rows=20 width=202)
   ->  Sort  (cost=76854.55..76992.98 rows=55371 width=202)
         Sort Key: (sum((lineitem.l_extendedprice * ('1'::numeric - lineitem.l_discount)))) DESC
         ->  HashAggregate  (cost=74689.01..75381.15 rows=55371 width=202)
               Group Key: customer.c_custkey, nation.n_name
               ->  Gather  (cost=6644.16..73996.88 rows=55371 width=182)
                     Workers Planned: 3
                     ->  Nested Loop  (cost=5644.16..67459.78 rows=17862 width=182)
                           ->  Hash Join  (cost=5643.73..32142.70 rows=17781 width=174)
                                 Hash Cond: (customer.c_nationkey = nation.n_nationkey)
                                 ->  Parallel Hash Join  (cost=5642.17..32086.56 rows=17781 width=152)
                                       Hash Cond: (orders.o_custkey = customer.c_custkey)
                                       ->  Parallel Bitmap Heap Scan on orders  (cost=638.92..27036.63 rows=17781 width=8)
                                             Recheck Cond: ((o_orderdate >= '1994-08-01'::date) AND (o_orderdate < '1994-11-01'::date))
                                             ->  Bitmap Index Scan on idx_orders_orderdate  (cost=0.00..625.14 rows=55121 width=0)
                                                   Index Cond: ((o_orderdate >= '1994-08-01'::date) AND (o_orderdate < '1994-11-01'::date))
                                       ->  Parallel Hash  (cost=4222.00..4222.00 rows=62500 width=148)
                                             ->  Parallel Seq Scan on customer  (cost=0.00..4222.00 rows=62500 width=148)
                                 ->  Hash  (cost=1.25..1.25 rows=25 width=30)
                                       ->  Seq Scan on nation  (cost=0.00..1.25 rows=25 width=30)
                           ->  Index Scan using idx_lineitem_orderkey on lineitem  (cost=0.43..1.98 rows=1 width=16)
                                 Index Cond: (l_orderkey = orders.o_orderkey)
                                 Filter: (l_returnflag = 'R'::bpchar)
(23 rows)

query 10 run 3
SET
SET
SET
                                                                 QUERY PLAN                                                                 
--------------------------------------------------------------------------------------------------------------------------------------------
 Limit  (cost=76854.55..76854.60 rows=20 width=202)
   ->  Sort  (cost=76854.55..76992.98 rows=55371 width=202)
         Sort Key: (sum((lineitem.l_extendedprice * ('1'::numeric - lineitem.l_discount)))) DESC
         ->  HashAggregate  (cost=74689.01..75381.15 rows=55371 width=202)
               Group Key: customer.c_custkey, nation.n_name
               ->  Gather  (cost=6644.16..73996.88 rows=55371 width=182)
                     Workers Planned: 3
                     ->  Nested Loop  (cost=5644.16..67459.78 rows=17862 width=182)
                           ->  Hash Join  (cost=5643.73..32142.70 rows=17781 width=174)
                                 Hash Cond: (customer.c_nationkey = nation.n_nationkey)
                                 ->  Parallel Hash Join  (cost=5642.17..32086.56 rows=17781 width=152)
                                       Hash Cond: (orders.o_custkey = customer.c_custkey)
                                       ->  Parallel Bitmap Heap Scan on orders  (cost=638.92..27036.63 rows=17781 width=8)
                                             Recheck Cond: ((o_orderdate >= '1994-08-01'::date) AND (o_orderdate < '1994-11-01'::date))
                                             ->  Bitmap Index Scan on idx_orders_orderdate  (cost=0.00..625.14 rows=55121 width=0)
                                                   Index Cond: ((o_orderdate >= '1994-08-01'::date) AND (o_orderdate < '1994-11-01'::date))
                                       ->  Parallel Hash  (cost=4222.00..4222.00 rows=62500 width=148)
                                             ->  Parallel Seq Scan on customer  (cost=0.00..4222.00 rows=62500 width=148)
                                 ->  Hash  (cost=1.25..1.25 rows=25 width=30)
                                       ->  Seq Scan on nation  (cost=0.00..1.25 rows=25 width=30)
                           ->  Index Scan using idx_lineitem_orderkey on lineitem  (cost=0.43..1.98 rows=1 width=16)
                                 Index Cond: (l_orderkey = orders.o_orderkey)
                                 Filter: (l_returnflag = 'R'::bpchar)
(23 rows)

query 11 run 1
SET
SET
SET
                                                      QUERY PLAN                                                      
----------------------------------------------------------------------------------------------------------------------
 Limit  (cost=5836.22..5836.22 rows=1 width=36)
   InitPlan 1
     ->  Aggregate  (cost=2611.44..2611.45 rows=1 width=32)
           ->  Nested Loop  (cost=5.31..2371.43 rows=32000 width=10)
                 ->  Nested Loop  (cost=4.88..229.08 rows=400 width=4)
                       ->  Seq Scan on nation nation_1  (cost=0.00..1.31 rows=1 width=4)
                             Filter: (n_name = 'SAUDI ARABIA'::bpchar)
                       ->  Bitmap Heap Scan on supplier supplier_1  (cost=4.88..223.76 rows=400 width=8)
                             Recheck Cond: (s_nationkey = nation_1.n_nationkey)
                             ->  Bitmap Index Scan on idx_supplier_nation_key  (cost=0.00..4.79 rows=400 width=0)
                                   Index Cond: (s_nationkey = nation_1.n_nationkey)
                 ->  Index Scan using idx_partsupp_suppkey on partsupp partsupp_1  (cost=0.42..4.56 rows=80 width=14)
                       Index Cond: (ps_suppkey = supplier_1.s_suppkey)
   ->  Sort  (cost=3224.77..3251.44 rows=10667 width=36)
         Sort Key: (sum((partsupp.ps_supplycost * (partsupp.ps_availqty)::numeric))) DESC
         ->  HashAggregate  (cost=2691.43..3171.43 rows=10667 width=36)
               Group Key: partsupp.ps_partkey
               Filter: (sum((partsupp.ps_supplycost * (partsupp.ps_availqty)::numeric)) > (InitPlan 1).col1)
               ->  Nested Loop  (cost=5.31..2371.43 rows=32000 width=14)
                     ->  Nested Loop  (cost=4.88..229.08 rows=400 width=4)
                           ->  Seq Scan on nation  (cost=0.00..1.31 rows=1 width=4)
                                 Filter: (n_name = 'SAUDI ARABIA'::bpchar)
                           ->  Bitmap Heap Scan on supplier  (cost=4.88..223.76 rows=400 width=8)
                                 Recheck Cond: (s_nationkey = nation.n_nationkey)
                                 ->  Bitmap Index Scan on idx_supplier_nation_key  (cost=0.00..4.79 rows=400 width=0)
                                       Index Cond: (s_nationkey = nation.n_nationkey)
                     ->  Index Scan using idx_partsupp_suppkey on partsupp  (cost=0.42..4.56 rows=80 width=18)
                           Index Cond: (ps_suppkey = supplier.s_suppkey)
(28 rows)

query 11 run 2
SET
SET
SET
                                                      QUERY PLAN                                                      
----------------------------------------------------------------------------------------------------------------------
 Limit  (cost=5836.22..5836.22 rows=1 width=36)
   InitPlan 1
     ->  Aggregate  (cost=2611.44..2611.45 rows=1 width=32)
           ->  Nested Loop  (cost=5.31..2371.43 rows=32000 width=10)
                 ->  Nested Loop  (cost=4.88..229.08 rows=400 width=4)
                       ->  Seq Scan on nation nation_1  (cost=0.00..1.31 rows=1 width=4)
                             Filter: (n_name = 'SAUDI ARABIA'::bpchar)
                       ->  Bitmap Heap Scan on supplier supplier_1  (cost=4.88..223.76 rows=400 width=8)
                             Recheck Cond: (s_nationkey = nation_1.n_nationkey)
                             ->  Bitmap Index Scan on idx_supplier_nation_key  (cost=0.00..4.79 rows=400 width=0)
                                   Index Cond: (s_nationkey = nation_1.n_nationkey)
                 ->  Index Scan using idx_partsupp_suppkey on partsupp partsupp_1  (cost=0.42..4.56 rows=80 width=14)
                       Index Cond: (ps_suppkey = supplier_1.s_suppkey)
   ->  Sort  (cost=3224.77..3251.44 rows=10667 width=36)
         Sort Key: (sum((partsupp.ps_supplycost * (partsupp.ps_availqty)::numeric))) DESC
         ->  HashAggregate  (cost=2691.43..3171.43 rows=10667 width=36)
               Group Key: partsupp.ps_partkey
               Filter: (sum((partsupp.ps_supplycost * (partsupp.ps_availqty)::numeric)) > (InitPlan 1).col1)
               ->  Nested Loop  (cost=5.31..2371.43 rows=32000 width=14)
                     ->  Nested Loop  (cost=4.88..229.08 rows=400 width=4)
                           ->  Seq Scan on nation  (cost=0.00..1.31 rows=1 width=4)
                                 Filter: (n_name = 'SAUDI ARABIA'::bpchar)
                           ->  Bitmap Heap Scan on supplier  (cost=4.88..223.76 rows=400 width=8)
                                 Recheck Cond: (s_nationkey = nation.n_nationkey)
                                 ->  Bitmap Index Scan on idx_supplier_nation_key  (cost=0.00..4.79 rows=400 width=0)
                                       Index Cond: (s_nationkey = nation.n_nationkey)
                     ->  Index Scan using idx_partsupp_suppkey on partsupp  (cost=0.42..4.56 rows=80 width=18)
                           Index Cond: (ps_suppkey = supplier.s_suppkey)
(28 rows)

query 11 run 3
SET
SET
SET
                                                      QUERY PLAN                                                      
----------------------------------------------------------------------------------------------------------------------
 Limit  (cost=5836.22..5836.22 rows=1 width=36)
   InitPlan 1
     ->  Aggregate  (cost=2611.44..2611.45 rows=1 width=32)
           ->  Nested Loop  (cost=5.31..2371.43 rows=32000 width=10)
                 ->  Nested Loop  (cost=4.88..229.08 rows=400 width=4)
                       ->  Seq Scan on nation nation_1  (cost=0.00..1.31 rows=1 width=4)
                             Filter: (n_name = 'SAUDI ARABIA'::bpchar)
                       ->  Bitmap Heap Scan on supplier supplier_1  (cost=4.88..223.76 rows=400 width=8)
                             Recheck Cond: (s_nationkey = nation_1.n_nationkey)
                             ->  Bitmap Index Scan on idx_supplier_nation_key  (cost=0.00..4.79 rows=400 width=0)
                                   Index Cond: (s_nationkey = nation_1.n_nationkey)
                 ->  Index Scan using idx_partsupp_suppkey on partsupp partsupp_1  (cost=0.42..4.56 rows=80 width=14)
                       Index Cond: (ps_suppkey = supplier_1.s_suppkey)
   ->  Sort  (cost=3224.77..3251.44 rows=10667 width=36)
         Sort Key: (sum((partsupp.ps_supplycost * (partsupp.ps_availqty)::numeric))) DESC
         ->  HashAggregate  (cost=2691.43..3171.43 rows=10667 width=36)
               Group Key: partsupp.ps_partkey
               Filter: (sum((partsupp.ps_supplycost * (partsupp.ps_availqty)::numeric)) > (InitPlan 1).col1)
               ->  Nested Loop  (cost=5.31..2371.43 rows=32000 width=14)
                     ->  Nested Loop  (cost=4.88..229.08 rows=400 width=4)
                           ->  Seq Scan on nation  (cost=0.00..1.31 rows=1 width=4)
                                 Filter: (n_name = 'SAUDI ARABIA'::bpchar)
                           ->  Bitmap Heap Scan on supplier  (cost=4.88..223.76 rows=400 width=8)
                                 Recheck Cond: (s_nationkey = nation.n_nationkey)
                                 ->  Bitmap Index Scan on idx_supplier_nation_key  (cost=0.00..4.79 rows=400 width=0)
                                       Index Cond: (s_nationkey = nation.n_nationkey)
                     ->  Index Scan using idx_partsupp_suppkey on partsupp  (cost=0.42..4.56 rows=80 width=18)
                           Index Cond: (ps_suppkey = supplier.s_suppkey)
(28 rows)

query 12 run 1
SET
SET
SET
                                                                                                                    QUERY PLAN                                                                                                                     
---------------------------------------------------------------------------------------------------------------------------------------------------------------------------------------------------------------------------------------------------
 Limit  (cost=147797.92..155217.92 rows=1 width=27)
   ->  GroupAggregate  (cost=147797.92..199737.90 rows=7 width=27)
         Group Key: lineitem.l_shipmode
         ->  Nested Loop  (cost=147797.92..199217.24 rows=29748 width=27)
               ->  Gather Merge  (cost=147797.49..151360.32 rows=29756 width=15)
                     Workers Planned: 4
                     ->  Sort  (cost=146797.43..146816.03 rows=7439 width=15)
                           Sort Key: lineitem.l_shipmode
                           ->  Parallel Seq Scan on lineitem  (cost=0.00..146319.07 rows=7439 width=15)
                                 Filter: ((l_shipmode = ANY ('{SHIP,"REG AIR"}'::bpchar[])) AND (l_commitdate < l_receiptdate) AND (l_shipdate < l_commitdate) AND (l_receiptdate >= '1994-01-01'::date) AND (l_receiptdate < '1995-01-01'::date))
               ->  Index Scan using orders_pkey on orders  (cost=0.43..1.61 rows=1 width=20)
                     Index Cond: (o_orderkey = lineitem.l_orderkey)
(12 rows)

query 12 run 2
SET
SET
SET
                                                                                                                    QUERY PLAN                                                                                                                     
---------------------------------------------------------------------------------------------------------------------------------------------------------------------------------------------------------------------------------------------------
 Limit  (cost=147797.92..155217.92 rows=1 width=27)
   ->  GroupAggregate  (cost=147797.92..199737.90 rows=7 width=27)
         Group Key: lineitem.l_shipmode
         ->  Nested Loop  (cost=147797.92..199217.24 rows=29748 width=27)
               ->  Gather Merge  (cost=147797.49..151360.32 rows=29756 width=15)
                     Workers Planned: 4
                     ->  Sort  (cost=146797.43..146816.03 rows=7439 width=15)
                           Sort Key: lineitem.l_shipmode
                           ->  Parallel Seq Scan on lineitem  (cost=0.00..146319.07 rows=7439 width=15)
                                 Filter: ((l_shipmode = ANY ('{SHIP,"REG AIR"}'::bpchar[])) AND (l_commitdate < l_receiptdate) AND (l_shipdate < l_commitdate) AND (l_receiptdate >= '1994-01-01'::date) AND (l_receiptdate < '1995-01-01'::date))
               ->  Index Scan using orders_pkey on orders  (cost=0.43..1.61 rows=1 width=20)
                     Index Cond: (o_orderkey = lineitem.l_orderkey)
(12 rows)

query 12 run 3
SET
SET
SET
                                                                                                                    QUERY PLAN                                                                                                                     
---------------------------------------------------------------------------------------------------------------------------------------------------------------------------------------------------------------------------------------------------
 Limit  (cost=147797.92..155217.92 rows=1 width=27)
   ->  GroupAggregate  (cost=147797.92..199737.90 rows=7 width=27)
         Group Key: lineitem.l_shipmode
         ->  Nested Loop  (cost=147797.92..199217.24 rows=29748 width=27)
               ->  Gather Merge  (cost=147797.49..151360.32 rows=29756 width=15)
                     Workers Planned: 4
                     ->  Sort  (cost=146797.43..146816.03 rows=7439 width=15)
                           Sort Key: lineitem.l_shipmode
                           ->  Parallel Seq Scan on lineitem  (cost=0.00..146319.07 rows=7439 width=15)
                                 Filter: ((l_shipmode = ANY ('{SHIP,"REG AIR"}'::bpchar[])) AND (l_commitdate < l_receiptdate) AND (l_shipdate < l_commitdate) AND (l_receiptdate >= '1994-01-01'::date) AND (l_receiptdate < '1995-01-01'::date))
               ->  Index Scan using orders_pkey on orders  (cost=0.43..1.61 rows=1 width=20)
                     Index Cond: (o_orderkey = lineitem.l_orderkey)
(12 rows)

query 13 run 1
SET
SET
SET
                                                          QUERY PLAN                                                           
-------------------------------------------------------------------------------------------------------------------------------
 Limit  (cost=64586.97..64586.97 rows=1 width=16)
   ->  Sort  (cost=64586.97..64587.47 rows=200 width=16)
         Sort Key: (count(*)) DESC, (count(orders.o_orderkey)) DESC
         ->  HashAggregate  (cost=64583.97..64585.97 rows=200 width=16)
               Group Key: count(orders.o_orderkey)
               ->  HashAggregate  (cost=60833.97..62333.97 rows=150000 width=12)
                     Group Key: customer.c_custkey
                     ->  Hash Right Join  (cost=4746.42..53485.49 rows=1469697 width=8)
                           Hash Cond: (orders.o_custkey = customer.c_custkey)
                           ->  Seq Scan on orders  (cost=0.00..44881.00 rows=1469697 width=8)
                                 Filter: ((o_comment)::text !~~ '%special%requests%'::text)
                           ->  Hash  (cost=2871.42..2871.42 rows=150000 width=4)
                                 ->  Index Only Scan using customer_pkey on customer  (cost=0.42..2871.42 rows=150000 width=4)
(13 rows)

query 13 run 2
SET
SET
SET
                                                          QUERY PLAN                                                           
-------------------------------------------------------------------------------------------------------------------------------
 Limit  (cost=64586.97..64586.97 rows=1 width=16)
   ->  Sort  (cost=64586.97..64587.47 rows=200 width=16)
         Sort Key: (count(*)) DESC, (count(orders.o_orderkey)) DESC
         ->  HashAggregate  (cost=64583.97..64585.97 rows=200 width=16)
               Group Key: count(orders.o_orderkey)
               ->  HashAggregate  (cost=60833.97..62333.97 rows=150000 width=12)
                     Group Key: customer.c_custkey
                     ->  Hash Right Join  (cost=4746.42..53485.49 rows=1469697 width=8)
                           Hash Cond: (orders.o_custkey = customer.c_custkey)
                           ->  Seq Scan on orders  (cost=0.00..44881.00 rows=1469697 width=8)
                                 Filter: ((o_comment)::text !~~ '%special%requests%'::text)
                           ->  Hash  (cost=2871.42..2871.42 rows=150000 width=4)
                                 ->  Index Only Scan using customer_pkey on customer  (cost=0.42..2871.42 rows=150000 width=4)
(13 rows)

query 13 run 3
SET
SET
SET
                                                          QUERY PLAN                                                           
-------------------------------------------------------------------------------------------------------------------------------
 Limit  (cost=64586.97..64586.97 rows=1 width=16)
   ->  Sort  (cost=64586.97..64587.47 rows=200 width=16)
         Sort Key: (count(*)) DESC, (count(orders.o_orderkey)) DESC
         ->  HashAggregate  (cost=64583.97..64585.97 rows=200 width=16)
               Group Key: count(orders.o_orderkey)
               ->  HashAggregate  (cost=60833.97..62333.97 rows=150000 width=12)
                     Group Key: customer.c_custkey
                     ->  Hash Right Join  (cost=4746.42..53485.49 rows=1469697 width=8)
                           Hash Cond: (orders.o_custkey = customer.c_custkey)
                           ->  Seq Scan on orders  (cost=0.00..44881.00 rows=1469697 width=8)
                                 Filter: ((o_comment)::text !~~ '%special%requests%'::text)
                           ->  Hash  (cost=2871.42..2871.42 rows=150000 width=4)
                                 ->  Index Only Scan using customer_pkey on customer  (cost=0.42..2871.42 rows=150000 width=4)
(13 rows)

query 14 run 1
SET
SET
SET
                                                          QUERY PLAN                                                          
------------------------------------------------------------------------------------------------------------------------------
 Limit  (cost=75613.86..75613.88 rows=1 width=32)
   ->  Finalize Aggregate  (cost=75613.86..75613.88 rows=1 width=32)
         ->  Gather  (cost=75613.41..75613.82 rows=4 width=64)
               Workers Planned: 4
               ->  Partial Aggregate  (cost=74613.41..74613.42 rows=1 width=64)
                     ->  Parallel Hash Join  (cost=7242.45..74273.20 rows=19440 width=33)
                           Hash Cond: (lineitem.l_partkey = part.p_partkey)
                           ->  Parallel Bitmap Heap Scan on lineitem  (cost=1268.45..68247.32 rows=19769 width=16)
                                 Recheck Cond: ((l_shipdate >= '1994-05-01'::date) AND (l_shipdate < '1994-06-01'::date))
                                 ->  Bitmap Index Scan on idx_lineitem_shipdate  (cost=0.00..1248.68 rows=79075 width=0)
                                       Index Cond: ((l_shipdate >= '1994-05-01'::date) AND (l_shipdate < '1994-06-01'::date))
                           ->  Parallel Hash  (cost=4932.33..4932.33 rows=83333 width=25)
                                 ->  Parallel Seq Scan on part  (cost=0.00..4932.33 rows=83333 width=25)
(13 rows)

query 14 run 2
SET
SET
SET
                                                          QUERY PLAN                                                          
------------------------------------------------------------------------------------------------------------------------------
 Limit  (cost=75613.86..75613.88 rows=1 width=32)
   ->  Finalize Aggregate  (cost=75613.86..75613.88 rows=1 width=32)
         ->  Gather  (cost=75613.41..75613.82 rows=4 width=64)
               Workers Planned: 4
               ->  Partial Aggregate  (cost=74613.41..74613.42 rows=1 width=64)
                     ->  Parallel Hash Join  (cost=7242.45..74273.20 rows=19440 width=33)
                           Hash Cond: (lineitem.l_partkey = part.p_partkey)
                           ->  Parallel Bitmap Heap Scan on lineitem  (cost=1268.45..68247.32 rows=19769 width=16)
                                 Recheck Cond: ((l_shipdate >= '1994-05-01'::date) AND (l_shipdate < '1994-06-01'::date))
                                 ->  Bitmap Index Scan on idx_lineitem_shipdate  (cost=0.00..1248.68 rows=79075 width=0)
                                       Index Cond: ((l_shipdate >= '1994-05-01'::date) AND (l_shipdate < '1994-06-01'::date))
                           ->  Parallel Hash  (cost=4932.33..4932.33 rows=83333 width=25)
                                 ->  Parallel Seq Scan on part  (cost=0.00..4932.33 rows=83333 width=25)
(13 rows)

query 14 run 3
SET
SET
SET
                                                          QUERY PLAN                                                          
------------------------------------------------------------------------------------------------------------------------------
 Limit  (cost=75613.86..75613.88 rows=1 width=32)
   ->  Finalize Aggregate  (cost=75613.86..75613.88 rows=1 width=32)
         ->  Gather  (cost=75613.41..75613.82 rows=4 width=64)
               Workers Planned: 4
               ->  Partial Aggregate  (cost=74613.41..74613.42 rows=1 width=64)
                     ->  Parallel Hash Join  (cost=7242.45..74273.20 rows=19440 width=33)
                           Hash Cond: (lineitem.l_partkey = part.p_partkey)
                           ->  Parallel Bitmap Heap Scan on lineitem  (cost=1268.45..68247.32 rows=19769 width=16)
                                 Recheck Cond: ((l_shipdate >= '1994-05-01'::date) AND (l_shipdate < '1994-06-01'::date))
                                 ->  Bitmap Index Scan on idx_lineitem_shipdate  (cost=0.00..1248.68 rows=79075 width=0)
                                       Index Cond: ((l_shipdate >= '1994-05-01'::date) AND (l_shipdate < '1994-06-01'::date))
                           ->  Parallel Hash  (cost=4932.33..4932.33 rows=83333 width=25)
                                 ->  Parallel Seq Scan on part  (cost=0.00..4932.33 rows=83333 width=25)
(13 rows)

query 15 run 1
SET
SET
SET
CREATE VIEW
                                                             QUERY PLAN                                                             
------------------------------------------------------------------------------------------------------------------------------------
 Limit  (cost=242074.59..242182.10 rows=1 width=103)
   InitPlan 1
     ->  Aggregate  (cost=122474.64..122474.65 rows=1 width=32)
           ->  HashAggregate  (cost=122224.09..122349.36 rows=10022 width=36)
                 Group Key: lineitem_1.l_suppkey
                 ->  Bitmap Heap Scan on lineitem lineitem_1  (cost=3776.39..119869.01 rows=235508 width=16)
                       Recheck Cond: ((l_shipdate >= '1996-01-01'::date) AND (l_shipdate < '1996-04-01'::date))
                       ->  Bitmap Index Scan on idx_lineitem_shipdate  (cost=0.00..3717.51 rows=235508 width=0)
                             Index Cond: ((l_shipdate >= '1996-01-01'::date) AND (l_shipdate < '1996-04-01'::date))
   ->  Nested Loop  (cost=119599.94..124975.69 rows=50 width=103)
         ->  Finalize GroupAggregate  (cost=119599.65..124850.57 rows=50 width=36)
               Group Key: lineitem.l_suppkey
               Filter: (sum((lineitem.l_extendedprice * ('1'::numeric - lineitem.l_discount))) = (InitPlan 1).col1)
               ->  Gather Merge  (cost=119599.65..124399.58 rows=40088 width=36)
                     Workers Planned: 4
                     ->  Sort  (cost=118599.60..118624.65 rows=10022 width=36)
                           Sort Key: lineitem.l_suppkey
                           ->  Partial HashAggregate  (cost=117808.31..117933.59 rows=10022 width=36)
                                 Group Key: lineitem.l_suppkey
                                 ->  Parallel Bitmap Heap Scan on lineitem  (cost=3776.39..117219.54 rows=58877 width=16)
                                       Recheck Cond: ((l_shipdate >= '1996-01-01'::date) AND (l_shipdate < '1996-04-01'::date))
                                       ->  Bitmap Index Scan on idx_lineitem_shipdate  (cost=0.00..3717.51 rows=235508 width=0)
                                             Index Cond: ((l_shipdate >= '1996-01-01'::date) AND (l_shipdate < '1996-04-01'::date))
         ->  Index Scan using supplier_pkey on supplier  (cost=0.29..2.49 rows=1 width=71)
               Index Cond: (s_suppkey = lineitem.l_suppkey)
(25 rows)

DROP VIEW
query 15 run 2
SET
SET
SET
CREATE VIEW
                                                             QUERY PLAN                                                             
------------------------------------------------------------------------------------------------------------------------------------
 Limit  (cost=242074.59..242182.10 rows=1 width=103)
   InitPlan 1
     ->  Aggregate  (cost=122474.64..122474.65 rows=1 width=32)
           ->  HashAggregate  (cost=122224.09..122349.36 rows=10022 width=36)
                 Group Key: lineitem_1.l_suppkey
                 ->  Bitmap Heap Scan on lineitem lineitem_1  (cost=3776.39..119869.01 rows=235508 width=16)
                       Recheck Cond: ((l_shipdate >= '1996-01-01'::date) AND (l_shipdate < '1996-04-01'::date))
                       ->  Bitmap Index Scan on idx_lineitem_shipdate  (cost=0.00..3717.51 rows=235508 width=0)
                             Index Cond: ((l_shipdate >= '1996-01-01'::date) AND (l_shipdate < '1996-04-01'::date))
   ->  Nested Loop  (cost=119599.94..124975.69 rows=50 width=103)
         ->  Finalize GroupAggregate  (cost=119599.65..124850.57 rows=50 width=36)
               Group Key: lineitem.l_suppkey
               Filter: (sum((lineitem.l_extendedprice * ('1'::numeric - lineitem.l_discount))) = (InitPlan 1).col1)
               ->  Gather Merge  (cost=119599.65..124399.58 rows=40088 width=36)
                     Workers Planned: 4
                     ->  Sort  (cost=118599.60..118624.65 rows=10022 width=36)
                           Sort Key: lineitem.l_suppkey
                           ->  Partial HashAggregate  (cost=117808.31..117933.59 rows=10022 width=36)
                                 Group Key: lineitem.l_suppkey
                                 ->  Parallel Bitmap Heap Scan on lineitem  (cost=3776.39..117219.54 rows=58877 width=16)
                                       Recheck Cond: ((l_shipdate >= '1996-01-01'::date) AND (l_shipdate < '1996-04-01'::date))
                                       ->  Bitmap Index Scan on idx_lineitem_shipdate  (cost=0.00..3717.51 rows=235508 width=0)
                                             Index Cond: ((l_shipdate >= '1996-01-01'::date) AND (l_shipdate < '1996-04-01'::date))
         ->  Index Scan using supplier_pkey on supplier  (cost=0.29..2.49 rows=1 width=71)
               Index Cond: (s_suppkey = lineitem.l_suppkey)
(25 rows)

DROP VIEW
query 15 run 3
SET
SET
SET
CREATE VIEW
                                                             QUERY PLAN                                                             
------------------------------------------------------------------------------------------------------------------------------------
 Limit  (cost=242074.59..242182.10 rows=1 width=103)
   InitPlan 1
     ->  Aggregate  (cost=122474.64..122474.65 rows=1 width=32)
           ->  HashAggregate  (cost=122224.09..122349.36 rows=10022 width=36)
                 Group Key: lineitem_1.l_suppkey
                 ->  Bitmap Heap Scan on lineitem lineitem_1  (cost=3776.39..119869.01 rows=235508 width=16)
                       Recheck Cond: ((l_shipdate >= '1996-01-01'::date) AND (l_shipdate < '1996-04-01'::date))
                       ->  Bitmap Index Scan on idx_lineitem_shipdate  (cost=0.00..3717.51 rows=235508 width=0)
                             Index Cond: ((l_shipdate >= '1996-01-01'::date) AND (l_shipdate < '1996-04-01'::date))
   ->  Nested Loop  (cost=119599.94..124975.69 rows=50 width=103)
         ->  Finalize GroupAggregate  (cost=119599.65..124850.57 rows=50 width=36)
               Group Key: lineitem.l_suppkey
               Filter: (sum((lineitem.l_extendedprice * ('1'::numeric - lineitem.l_discount))) = (InitPlan 1).col1)
               ->  Gather Merge  (cost=119599.65..124399.58 rows=40088 width=36)
                     Workers Planned: 4
                     ->  Sort  (cost=118599.60..118624.65 rows=10022 width=36)
                           Sort Key: lineitem.l_suppkey
                           ->  Partial HashAggregate  (cost=117808.31..117933.59 rows=10022 width=36)
                                 Group Key: lineitem.l_suppkey
                                 ->  Parallel Bitmap Heap Scan on lineitem  (cost=3776.39..117219.54 rows=58877 width=16)
                                       Recheck Cond: ((l_shipdate >= '1996-01-01'::date) AND (l_shipdate < '1996-04-01'::date))
                                       ->  Bitmap Index Scan on idx_lineitem_shipdate  (cost=0.00..3717.51 rows=235508 width=0)
                                             Index Cond: ((l_shipdate >= '1996-01-01'::date) AND (l_shipdate < '1996-04-01'::date))
         ->  Index Scan using supplier_pkey on supplier  (cost=0.29..2.49 rows=1 width=71)
               Index Cond: (s_suppkey = lineitem.l_suppkey)
(25 rows)

DROP VIEW
query 16 run 1
SET
SET
SET
                                                                                            QUERY PLAN                                                                                            
--------------------------------------------------------------------------------------------------------------------------------------------------------------------------------------------------
 Limit  (cost=26608.15..26608.15 rows=1 width=44)
   ->  Sort  (cost=26608.15..26648.02 rows=15948 width=44)
         Sort Key: (count(DISTINCT partsupp.ps_suppkey)) DESC, part.p_brand, part.p_type, part.p_size
         ->  GroupAggregate  (cost=18756.23..26528.41 rows=15948 width=44)
               Group Key: part.p_brand, part.p_type, part.p_size
               ->  Gather Merge  (cost=18756.23..25782.14 rows=58679 width=40)
                     Workers Planned: 4
                     ->  Sort  (cost=17756.17..17792.84 rows=14670 width=40)
                           Sort Key: part.p_brand, part.p_type, part.p_size, partsupp.ps_suppkey
                           ->  Parallel Hash Join  (cost=6684.46..16740.96 rows=14670 width=40)
                                 Hash Cond: (partsupp.ps_partkey = part.p_partkey)
                                 ->  Parallel Index Only Scan using partsupp_pkey on partsupp  (cost=348.43..10142.43 rows=100000 width=8)
                                       Filter: (NOT (ANY (ps_suppkey = (hashed SubPlan 1).col1)))
                                       SubPlan 1
                                         ->  Seq Scan on supplier  (cost=0.00..348.00 rows=1 width=4)
                                               Filter: ((s_comment)::text ~~ '%Customer%Complaints%'::text)
                                 ->  Parallel Hash  (cost=6182.33..6182.33 rows=12296 width=40)
                                       ->  Parallel Seq Scan on part  (cost=0.00..6182.33 rows=12296 width=40)
                                             Filter: ((p_brand <> 'Brand#12'::bpchar) AND ((p_type)::text !~~ 'SMALL BRUSHED%'::text) AND (p_size = ANY ('{12,32,36,26,40,34,49,9}'::integer[])))
(19 rows)

query 16 run 2
SET
SET
SET
                                                                                            QUERY PLAN                                                                                            
--------------------------------------------------------------------------------------------------------------------------------------------------------------------------------------------------
 Limit  (cost=26608.15..26608.15 rows=1 width=44)
   ->  Sort  (cost=26608.15..26648.02 rows=15948 width=44)
         Sort Key: (count(DISTINCT partsupp.ps_suppkey)) DESC, part.p_brand, part.p_type, part.p_size
         ->  GroupAggregate  (cost=18756.23..26528.41 rows=15948 width=44)
               Group Key: part.p_brand, part.p_type, part.p_size
               ->  Gather Merge  (cost=18756.23..25782.14 rows=58679 width=40)
                     Workers Planned: 4
                     ->  Sort  (cost=17756.17..17792.84 rows=14670 width=40)
                           Sort Key: part.p_brand, part.p_type, part.p_size, partsupp.ps_suppkey
                           ->  Parallel Hash Join  (cost=6684.46..16740.96 rows=14670 width=40)
                                 Hash Cond: (partsupp.ps_partkey = part.p_partkey)
                                 ->  Parallel Index Only Scan using partsupp_pkey on partsupp  (cost=348.43..10142.43 rows=100000 width=8)
                                       Filter: (NOT (ANY (ps_suppkey = (hashed SubPlan 1).col1)))
                                       SubPlan 1
                                         ->  Seq Scan on supplier  (cost=0.00..348.00 rows=1 width=4)
                                               Filter: ((s_comment)::text ~~ '%Customer%Complaints%'::text)
                                 ->  Parallel Hash  (cost=6182.33..6182.33 rows=12296 width=40)
                                       ->  Parallel Seq Scan on part  (cost=0.00..6182.33 rows=12296 width=40)
                                             Filter: ((p_brand <> 'Brand#12'::bpchar) AND ((p_type)::text !~~ 'SMALL BRUSHED%'::text) AND (p_size = ANY ('{12,32,36,26,40,34,49,9}'::integer[])))
(19 rows)

query 16 run 3
SET
SET
SET
                                                                                            QUERY PLAN                                                                                            
--------------------------------------------------------------------------------------------------------------------------------------------------------------------------------------------------
 Limit  (cost=26608.15..26608.15 rows=1 width=44)
   ->  Sort  (cost=26608.15..26648.02 rows=15948 width=44)
         Sort Key: (count(DISTINCT partsupp.ps_suppkey)) DESC, part.p_brand, part.p_type, part.p_size
         ->  GroupAggregate  (cost=18756.23..26528.41 rows=15948 width=44)
               Group Key: part.p_brand, part.p_type, part.p_size
               ->  Gather Merge  (cost=18756.23..25782.14 rows=58679 width=40)
                     Workers Planned: 4
                     ->  Sort  (cost=17756.17..17792.84 rows=14670 width=40)
                           Sort Key: part.p_brand, part.p_type, part.p_size, partsupp.ps_suppkey
                           ->  Parallel Hash Join  (cost=6684.46..16740.96 rows=14670 width=40)
                                 Hash Cond: (partsupp.ps_partkey = part.p_partkey)
                                 ->  Parallel Index Only Scan using partsupp_pkey on partsupp  (cost=348.43..10142.43 rows=100000 width=8)
                                       Filter: (NOT (ANY (ps_suppkey = (hashed SubPlan 1).col1)))
                                       SubPlan 1
                                         ->  Seq Scan on supplier  (cost=0.00..348.00 rows=1 width=4)
                                               Filter: ((s_comment)::text ~~ '%Customer%Complaints%'::text)
                                 ->  Parallel Hash  (cost=6182.33..6182.33 rows=12296 width=40)
                                       ->  Parallel Seq Scan on part  (cost=0.00..6182.33 rows=12296 width=40)
                                             Filter: ((p_brand <> 'Brand#12'::bpchar) AND ((p_type)::text !~~ 'SMALL BRUSHED%'::text) AND (p_size = ANY ('{12,32,36,26,40,34,49,9}'::integer[])))
(19 rows)

query 17 run 1
SET
SET
SET
                                                     QUERY PLAN                                                      
---------------------------------------------------------------------------------------------------------------------
 Limit  (cost=212933.74..212933.75 rows=1 width=32)
   ->  Aggregate  (cost=212933.74..212933.75 rows=1 width=32)
         ->  Nested Loop  (cost=208954.78..212929.03 rows=1881 width=8)
               Join Filter: (lineitem.l_partkey = part.p_partkey)
               ->  Hash Join  (cost=208954.35..212538.91 rows=191 width=40)
                     Hash Cond: (lineitem_1.l_partkey = part.p_partkey)
                     ->  HashAggregate  (cost=202584.20..205634.88 rows=203379 width=36)
                           Group Key: lineitem_1.l_partkey
                           ->  Seq Scan on lineitem lineitem_1  (cost=0.00..172576.13 rows=6001613 width=9)
                     ->  Hash  (cost=6367.80..6367.80 rows=188 width=4)
                           ->  Gather  (cost=1000.00..6367.80 rows=188 width=4)
                                 Workers Planned: 2
                                 ->  Parallel Seq Scan on part  (cost=0.00..5349.00 rows=78 width=4)
                                       Filter: ((p_brand = 'Brand#22'::bpchar) AND (p_container = 'LG BOX'::bpchar))
               ->  Index Scan using idx_lineitem_part_supp on lineitem  (cost=0.43..1.92 rows=10 width=17)
                     Index Cond: (l_partkey = lineitem_1.l_partkey)
                     Filter: (l_quantity < ((0.2 * avg(lineitem_1.l_quantity))))
(17 rows)

query 17 run 2
SET
SET
SET
                                                     QUERY PLAN                                                      
---------------------------------------------------------------------------------------------------------------------
 Limit  (cost=212933.74..212933.75 rows=1 width=32)
   ->  Aggregate  (cost=212933.74..212933.75 rows=1 width=32)
         ->  Nested Loop  (cost=208954.78..212929.03 rows=1881 width=8)
               Join Filter: (lineitem.l_partkey = part.p_partkey)
               ->  Hash Join  (cost=208954.35..212538.91 rows=191 width=40)
                     Hash Cond: (lineitem_1.l_partkey = part.p_partkey)
                     ->  HashAggregate  (cost=202584.20..205634.88 rows=203379 width=36)
                           Group Key: lineitem_1.l_partkey
                           ->  Seq Scan on lineitem lineitem_1  (cost=0.00..172576.13 rows=6001613 width=9)
                     ->  Hash  (cost=6367.80..6367.80 rows=188 width=4)
                           ->  Gather  (cost=1000.00..6367.80 rows=188 width=4)
                                 Workers Planned: 2
                                 ->  Parallel Seq Scan on part  (cost=0.00..5349.00 rows=78 width=4)
                                       Filter: ((p_brand = 'Brand#22'::bpchar) AND (p_container = 'LG BOX'::bpchar))
               ->  Index Scan using idx_lineitem_part_supp on lineitem  (cost=0.43..1.92 rows=10 width=17)
                     Index Cond: (l_partkey = lineitem_1.l_partkey)
                     Filter: (l_quantity < ((0.2 * avg(lineitem_1.l_quantity))))
(17 rows)

query 17 run 3
SET
SET
SET
                                                     QUERY PLAN                                                      
---------------------------------------------------------------------------------------------------------------------
 Limit  (cost=212933.74..212933.75 rows=1 width=32)
   ->  Aggregate  (cost=212933.74..212933.75 rows=1 width=32)
         ->  Nested Loop  (cost=208954.78..212929.03 rows=1881 width=8)
               Join Filter: (lineitem.l_partkey = part.p_partkey)
               ->  Hash Join  (cost=208954.35..212538.91 rows=191 width=40)
                     Hash Cond: (lineitem_1.l_partkey = part.p_partkey)
                     ->  HashAggregate  (cost=202584.20..205634.88 rows=203379 width=36)
                           Group Key: lineitem_1.l_partkey
                           ->  Seq Scan on lineitem lineitem_1  (cost=0.00..172576.13 rows=6001613 width=9)
                     ->  Hash  (cost=6367.80..6367.80 rows=188 width=4)
                           ->  Gather  (cost=1000.00..6367.80 rows=188 width=4)
                                 Workers Planned: 2
                                 ->  Parallel Seq Scan on part  (cost=0.00..5349.00 rows=78 width=4)
                                       Filter: ((p_brand = 'Brand#22'::bpchar) AND (p_container = 'LG BOX'::bpchar))
               ->  Index Scan using idx_lineitem_part_supp on lineitem  (cost=0.43..1.92 rows=10 width=17)
                     Index Cond: (l_partkey = lineitem_1.l_partkey)
                     Filter: (l_quantity < ((0.2 * avg(lineitem_1.l_quantity))))
(17 rows)

query 18 run 1
SET
SET
SET
                                                                            QUERY PLAN                                                                            
------------------------------------------------------------------------------------------------------------------------------------------------------------------
 Limit  (cost=794700.19..794700.44 rows=100 width=71)
   ->  Sort  (cost=794700.19..799701.53 rows=2000536 width=71)
         Sort Key: orders.o_totalprice DESC, orders.o_orderdate
         ->  HashAggregate  (cost=658068.77..718241.14 rows=2000536 width=71)
               Group Key: customer.c_custkey, orders.o_orderkey
               Planned Partitions: 16
               ->  Hash Join  (cost=335217.98..550305.52 rows=2000536 width=44)
                     Hash Cond: (lineitem.l_orderkey = orders.o_orderkey)
                     ->  Seq Scan on lineitem  (cost=0.00..172576.13 rows=6001613 width=9)
                     ->  Hash  (cost=328966.31..328966.31 rows=500134 width=43)
                           ->  Hash Join  (cost=282584.91..328966.31 rows=500134 width=43)
                                 Hash Cond: (orders.o_custkey = customer.c_custkey)
                                 ->  Hash Join  (cost=275612.91..320681.42 rows=500134 width=24)
                                       Hash Cond: (orders.o_orderkey = lineitem_1.l_orderkey)
                                       ->  Seq Scan on orders  (cost=0.00..41131.00 rows=1500000 width=20)
                                       ->  Hash  (cost=269361.24..269361.24 rows=500134 width=4)
                                             ->  GroupAggregate  (cost=0.43..269361.24 rows=500134 width=4)
                                                   Group Key: lineitem_1.l_orderkey
                                                   Filter: (sum(lineitem_1.l_quantity) > '313'::numeric)
                                                   ->  Index Scan using idx_lineitem_orderkey on lineitem lineitem_1  (cost=0.43..216847.13 rows=6001613 width=9)
                                 ->  Hash  (cost=5097.00..5097.00 rows=150000 width=23)
                                       ->  Seq Scan on customer  (cost=0.00..5097.00 rows=150000 width=23)
(22 rows)

query 18 run 2
SET
SET
SET
                                                                            QUERY PLAN                                                                            
------------------------------------------------------------------------------------------------------------------------------------------------------------------
 Limit  (cost=794700.19..794700.44 rows=100 width=71)
   ->  Sort  (cost=794700.19..799701.53 rows=2000536 width=71)
         Sort Key: orders.o_totalprice DESC, orders.o_orderdate
         ->  HashAggregate  (cost=658068.77..718241.14 rows=2000536 width=71)
               Group Key: customer.c_custkey, orders.o_orderkey
               Planned Partitions: 16
               ->  Hash Join  (cost=335217.98..550305.52 rows=2000536 width=44)
                     Hash Cond: (lineitem.l_orderkey = orders.o_orderkey)
                     ->  Seq Scan on lineitem  (cost=0.00..172576.13 rows=6001613 width=9)
                     ->  Hash  (cost=328966.31..328966.31 rows=500134 width=43)
                           ->  Hash Join  (cost=282584.91..328966.31 rows=500134 width=43)
                                 Hash Cond: (orders.o_custkey = customer.c_custkey)
                                 ->  Hash Join  (cost=275612.91..320681.42 rows=500134 width=24)
                                       Hash Cond: (orders.o_orderkey = lineitem_1.l_orderkey)
                                       ->  Seq Scan on orders  (cost=0.00..41131.00 rows=1500000 width=20)
                                       ->  Hash  (cost=269361.24..269361.24 rows=500134 width=4)
                                             ->  GroupAggregate  (cost=0.43..269361.24 rows=500134 width=4)
                                                   Group Key: lineitem_1.l_orderkey
                                                   Filter: (sum(lineitem_1.l_quantity) > '313'::numeric)
                                                   ->  Index Scan using idx_lineitem_orderkey on lineitem lineitem_1  (cost=0.43..216847.13 rows=6001613 width=9)
                                 ->  Hash  (cost=5097.00..5097.00 rows=150000 width=23)
                                       ->  Seq Scan on customer  (cost=0.00..5097.00 rows=150000 width=23)
(22 rows)

query 18 run 3
SET
SET
SET
                                                                            QUERY PLAN                                                                            
------------------------------------------------------------------------------------------------------------------------------------------------------------------
 Limit  (cost=794700.19..794700.44 rows=100 width=71)
   ->  Sort  (cost=794700.19..799701.53 rows=2000536 width=71)
         Sort Key: orders.o_totalprice DESC, orders.o_orderdate
         ->  HashAggregate  (cost=658068.77..718241.14 rows=2000536 width=71)
               Group Key: customer.c_custkey, orders.o_orderkey
               Planned Partitions: 16
               ->  Hash Join  (cost=335217.98..550305.52 rows=2000536 width=44)
                     Hash Cond: (lineitem.l_orderkey = orders.o_orderkey)
                     ->  Seq Scan on lineitem  (cost=0.00..172576.13 rows=6001613 width=9)
                     ->  Hash  (cost=328966.31..328966.31 rows=500134 width=43)
                           ->  Hash Join  (cost=282584.91..328966.31 rows=500134 width=43)
                                 Hash Cond: (orders.o_custkey = customer.c_custkey)
                                 ->  Hash Join  (cost=275612.91..320681.42 rows=500134 width=24)
                                       Hash Cond: (orders.o_orderkey = lineitem_1.l_orderkey)
                                       ->  Seq Scan on orders  (cost=0.00..41131.00 rows=1500000 width=20)
                                       ->  Hash  (cost=269361.24..269361.24 rows=500134 width=4)
                                             ->  GroupAggregate  (cost=0.43..269361.24 rows=500134 width=4)
                                                   Group Key: lineitem_1.l_orderkey
                                                   Filter: (sum(lineitem_1.l_quantity) > '313'::numeric)
                                                   ->  Index Scan using idx_lineitem_orderkey on lineitem lineitem_1  (cost=0.43..216847.13 rows=6001613 width=9)
                                 ->  Hash  (cost=5097.00..5097.00 rows=150000 width=23)
                                       ->  Seq Scan on customer  (cost=0.00..5097.00 rows=150000 width=23)
(22 rows)

query 19 run 1
SET
SET
SET
                                                                                                                                                                                                                                                                                                                                                                                                                                                                                                                  QUERY PLAN                                                                                                                                                                                                                                                                                                                                                                                                                                                                                                                  
----------------------------------------------------------------------------------------------------------------------------------------------------------------------------------------------------------------------------------------------------------------------------------------------------------------------------------------------------------------------------------------------------------------------------------------------------------------------------------------------------------------------------------------------------------------------------------------------------------------------------------------------------------------------------------------------------------------------------------------------------------------------------------------------------------------------------------------------------------------------------------------------------------------------------------------------------------------------------------------------------------------------------------------------
 Limit  (cost=17931.51..17931.52 rows=1 width=32)
   ->  Finalize Aggregate  (cost=17931.51..17931.52 rows=1 width=32)
         ->  Gather  (cost=17931.28..17931.49 rows=2 width=32)
               Workers Planned: 2
               ->  Partial Aggregate  (cost=16931.28..16931.29 rows=1 width=32)
                     ->  Nested Loop  (cost=0.43..16930.94 rows=46 width=12)
                           ->  Parallel Seq Scan on part  (cost=0.00..7640.67 rows=199 width=30)
                                 Filter: ((p_size >= 1) AND (((p_brand = 'Brand#24'::bpchar) AND (p_container = ANY ('{"SM CASE","SM BOX","SM PACK","SM PKG"}'::bpchar[])) AND (p_size <= 5)) OR ((p_brand = 'Brand#43'::bpchar) AND (p_container = ANY ('{"MED BAG","MED BOX","MED PKG","MED PACK"}'::bpchar[])) AND (p_size <= 10)) OR ((p_brand = 'Brand#44'::bpchar) AND (p_container = ANY ('{"LG CASE","LG BOX","LG PACK","LG PKG"}'::bpchar[])) AND (p_size <= 15))))
                           ->  Index Scan using idx_lineitem_part_supp on lineitem  (cost=0.43..46.67 rows=1 width=21)
                                 Index Cond: (l_partkey = part.p_partkey)
                                 Filter: ((l_shipmode = ANY ('{AIR,"AIR REG"}'::bpchar[])) AND (l_shipinstruct = 'DELIVER IN PERSON'::bpchar) AND (((l_quantity >= '10'::numeric) AND (l_quantity <= '20'::numeric)) OR ((l_quantity >= '10'::numeric) AND (l_quantity <= '20'::numeric)) OR ((l_quantity >= '20'::numeric) AND (l_quantity <= '30'::numeric))) AND (((part.p_brand = 'Brand#24'::bpchar) AND (part.p_container = ANY ('{"SM CASE","SM BOX","SM PACK","SM PKG"}'::bpchar[])) AND (l_quantity >= '10'::numeric) AND (l_quantity <= '20'::numeric) AND (part.p_size <= 5)) OR ((part.p_brand = 'Brand#43'::bpchar) AND (part.p_container = ANY ('{"MED BAG","MED BOX","MED PKG","MED PACK"}'::bpchar[])) AND (l_quantity >= '10'::numeric) AND (l_quantity <= '20'::numeric) AND (part.p_size <= 10)) OR ((part.p_brand = 'Brand#44'::bpchar) AND (part.p_container = ANY ('{"LG CASE","LG BOX","LG PACK","LG PKG"}'::bpchar[])) AND (l_quantity >= '20'::numeric) AND (l_quantity <= '30'::numeric) AND (part.p_size <= 15))))
(11 rows)

query 19 run 2
SET
SET
SET
                                                                                                                                                                                                                                                                                                                                                                                                                                                                                                                  QUERY PLAN                                                                                                                                                                                                                                                                                                                                                                                                                                                                                                                  
----------------------------------------------------------------------------------------------------------------------------------------------------------------------------------------------------------------------------------------------------------------------------------------------------------------------------------------------------------------------------------------------------------------------------------------------------------------------------------------------------------------------------------------------------------------------------------------------------------------------------------------------------------------------------------------------------------------------------------------------------------------------------------------------------------------------------------------------------------------------------------------------------------------------------------------------------------------------------------------------------------------------------------------------
 Limit  (cost=17931.51..17931.52 rows=1 width=32)
   ->  Finalize Aggregate  (cost=17931.51..17931.52 rows=1 width=32)
         ->  Gather  (cost=17931.28..17931.49 rows=2 width=32)
               Workers Planned: 2
               ->  Partial Aggregate  (cost=16931.28..16931.29 rows=1 width=32)
                     ->  Nested Loop  (cost=0.43..16930.94 rows=46 width=12)
                           ->  Parallel Seq Scan on part  (cost=0.00..7640.67 rows=199 width=30)
                                 Filter: ((p_size >= 1) AND (((p_brand = 'Brand#24'::bpchar) AND (p_container = ANY ('{"SM CASE","SM BOX","SM PACK","SM PKG"}'::bpchar[])) AND (p_size <= 5)) OR ((p_brand = 'Brand#43'::bpchar) AND (p_container = ANY ('{"MED BAG","MED BOX","MED PKG","MED PACK"}'::bpchar[])) AND (p_size <= 10)) OR ((p_brand = 'Brand#44'::bpchar) AND (p_container = ANY ('{"LG CASE","LG BOX","LG PACK","LG PKG"}'::bpchar[])) AND (p_size <= 15))))
                           ->  Index Scan using idx_lineitem_part_supp on lineitem  (cost=0.43..46.67 rows=1 width=21)
                                 Index Cond: (l_partkey = part.p_partkey)
                                 Filter: ((l_shipmode = ANY ('{AIR,"AIR REG"}'::bpchar[])) AND (l_shipinstruct = 'DELIVER IN PERSON'::bpchar) AND (((l_quantity >= '10'::numeric) AND (l_quantity <= '20'::numeric)) OR ((l_quantity >= '10'::numeric) AND (l_quantity <= '20'::numeric)) OR ((l_quantity >= '20'::numeric) AND (l_quantity <= '30'::numeric))) AND (((part.p_brand = 'Brand#24'::bpchar) AND (part.p_container = ANY ('{"SM CASE","SM BOX","SM PACK","SM PKG"}'::bpchar[])) AND (l_quantity >= '10'::numeric) AND (l_quantity <= '20'::numeric) AND (part.p_size <= 5)) OR ((part.p_brand = 'Brand#43'::bpchar) AND (part.p_container = ANY ('{"MED BAG","MED BOX","MED PKG","MED PACK"}'::bpchar[])) AND (l_quantity >= '10'::numeric) AND (l_quantity <= '20'::numeric) AND (part.p_size <= 10)) OR ((part.p_brand = 'Brand#44'::bpchar) AND (part.p_container = ANY ('{"LG CASE","LG BOX","LG PACK","LG PKG"}'::bpchar[])) AND (l_quantity >= '20'::numeric) AND (l_quantity <= '30'::numeric) AND (part.p_size <= 15))))
(11 rows)

query 19 run 3
SET
SET
SET
                                                                                                                                                                                                                                                                                                                                                                                                                                                                                                                  QUERY PLAN                                                                                                                                                                                                                                                                                                                                                                                                                                                                                                                  
----------------------------------------------------------------------------------------------------------------------------------------------------------------------------------------------------------------------------------------------------------------------------------------------------------------------------------------------------------------------------------------------------------------------------------------------------------------------------------------------------------------------------------------------------------------------------------------------------------------------------------------------------------------------------------------------------------------------------------------------------------------------------------------------------------------------------------------------------------------------------------------------------------------------------------------------------------------------------------------------------------------------------------------------
 Limit  (cost=17931.51..17931.52 rows=1 width=32)
   ->  Finalize Aggregate  (cost=17931.51..17931.52 rows=1 width=32)
         ->  Gather  (cost=17931.28..17931.49 rows=2 width=32)
               Workers Planned: 2
               ->  Partial Aggregate  (cost=16931.28..16931.29 rows=1 width=32)
                     ->  Nested Loop  (cost=0.43..16930.94 rows=46 width=12)
                           ->  Parallel Seq Scan on part  (cost=0.00..7640.67 rows=199 width=30)
                                 Filter: ((p_size >= 1) AND (((p_brand = 'Brand#24'::bpchar) AND (p_container = ANY ('{"SM CASE","SM BOX","SM PACK","SM PKG"}'::bpchar[])) AND (p_size <= 5)) OR ((p_brand = 'Brand#43'::bpchar) AND (p_container = ANY ('{"MED BAG","MED BOX","MED PKG","MED PACK"}'::bpchar[])) AND (p_size <= 10)) OR ((p_brand = 'Brand#44'::bpchar) AND (p_container = ANY ('{"LG CASE","LG BOX","LG PACK","LG PKG"}'::bpchar[])) AND (p_size <= 15))))
                           ->  Index Scan using idx_lineitem_part_supp on lineitem  (cost=0.43..46.67 rows=1 width=21)
                                 Index Cond: (l_partkey = part.p_partkey)
                                 Filter: ((l_shipmode = ANY ('{AIR,"AIR REG"}'::bpchar[])) AND (l_shipinstruct = 'DELIVER IN PERSON'::bpchar) AND (((l_quantity >= '10'::numeric) AND (l_quantity <= '20'::numeric)) OR ((l_quantity >= '10'::numeric) AND (l_quantity <= '20'::numeric)) OR ((l_quantity >= '20'::numeric) AND (l_quantity <= '30'::numeric))) AND (((part.p_brand = 'Brand#24'::bpchar) AND (part.p_container = ANY ('{"SM CASE","SM BOX","SM PACK","SM PKG"}'::bpchar[])) AND (l_quantity >= '10'::numeric) AND (l_quantity <= '20'::numeric) AND (part.p_size <= 5)) OR ((part.p_brand = 'Brand#43'::bpchar) AND (part.p_container = ANY ('{"MED BAG","MED BOX","MED PKG","MED PACK"}'::bpchar[])) AND (l_quantity >= '10'::numeric) AND (l_quantity <= '20'::numeric) AND (part.p_size <= 10)) OR ((part.p_brand = 'Brand#44'::bpchar) AND (part.p_container = ANY ('{"LG CASE","LG BOX","LG PACK","LG PKG"}'::bpchar[])) AND (l_quantity >= '20'::numeric) AND (l_quantity <= '30'::numeric) AND (part.p_size <= 15))))
(11 rows)

query 20 run 1
SET
SET
SET
                                                                QUERY PLAN                                                                
------------------------------------------------------------------------------------------------------------------------------------------
 Limit  (cost=207352.19..207352.20 rows=1 width=51)
   ->  Sort  (cost=207352.19..207352.20 rows=1 width=51)
         Sort Key: supplier.s_name
         ->  Nested Loop Semi Join  (cost=186691.49..207352.18 rows=1 width=51)
               Join Filter: (supplier.s_suppkey = lineitem.l_suppkey)
               ->  Nested Loop  (cost=0.00..449.31 rows=400 width=55)
                     Join Filter: (supplier.s_nationkey = nation.n_nationkey)
                     ->  Seq Scan on nation  (cost=0.00..1.31 rows=1 width=4)
                           Filter: (n_name = 'IRAQ'::bpchar)
                     ->  Seq Scan on supplier  (cost=0.00..323.00 rows=10000 width=59)
               ->  Materialize  (cost=186691.49..206896.87 rows=1 width=8)
                     ->  Nested Loop  (cost=186691.49..206896.87 rows=1 width=8)
                           ->  Hash Join  (cost=186691.07..204331.54 rows=4927 width=44)
                                 Hash Cond: (lineitem.l_partkey = part.p_partkey)
                                 ->  HashAggregate  (cost=180323.15..196683.06 rows=487827 width=40)
                                       Group Key: lineitem.l_partkey, lineitem.l_suppkey
                                       Planned Partitions: 4
                                       ->  Bitmap Heap Scan on lineitem  (cost=14846.44..141295.72 rows=925952 width=13)
                                             Recheck Cond: ((l_shipdate >= '1996-01-01'::date) AND (l_shipdate < '1997-01-01'::date))
                                             ->  Bitmap Index Scan on idx_lineitem_shipdate  (cost=0.00..14614.95 rows=925952 width=0)
                                                   Index Cond: ((l_shipdate >= '1996-01-01'::date) AND (l_shipdate < '1997-01-01'::date))
                                 ->  Hash  (cost=6342.67..6342.67 rows=2020 width=4)
                                       ->  Gather  (cost=1000.00..6342.67 rows=2020 width=4)
                                             Workers Planned: 2
                                             ->  Parallel Seq Scan on part  (cost=0.00..5140.67 rows=842 width=4)
                                                   Filter: ((p_name)::text ~~ 'olive%'::text)
                           ->  Index Scan using partsupp_pkey on partsupp  (cost=0.42..0.51 rows=1 width=12)
                                 Index Cond: ((ps_partkey = lineitem.l_partkey) AND (ps_suppkey = lineitem.l_suppkey))
                                 Filter: ((ps_availqty)::numeric > ((0.5 * sum(lineitem.l_quantity))))
(29 rows)

query 20 run 2
SET
SET
SET
                                                                QUERY PLAN                                                                
------------------------------------------------------------------------------------------------------------------------------------------
 Limit  (cost=207352.19..207352.20 rows=1 width=51)
   ->  Sort  (cost=207352.19..207352.20 rows=1 width=51)
         Sort Key: supplier.s_name
         ->  Nested Loop Semi Join  (cost=186691.49..207352.18 rows=1 width=51)
               Join Filter: (supplier.s_suppkey = lineitem.l_suppkey)
               ->  Nested Loop  (cost=0.00..449.31 rows=400 width=55)
                     Join Filter: (supplier.s_nationkey = nation.n_nationkey)
                     ->  Seq Scan on nation  (cost=0.00..1.31 rows=1 width=4)
                           Filter: (n_name = 'IRAQ'::bpchar)
                     ->  Seq Scan on supplier  (cost=0.00..323.00 rows=10000 width=59)
               ->  Materialize  (cost=186691.49..206896.87 rows=1 width=8)
                     ->  Nested Loop  (cost=186691.49..206896.87 rows=1 width=8)
                           ->  Hash Join  (cost=186691.07..204331.54 rows=4927 width=44)
                                 Hash Cond: (lineitem.l_partkey = part.p_partkey)
                                 ->  HashAggregate  (cost=180323.15..196683.06 rows=487827 width=40)
                                       Group Key: lineitem.l_partkey, lineitem.l_suppkey
                                       Planned Partitions: 4
                                       ->  Bitmap Heap Scan on lineitem  (cost=14846.44..141295.72 rows=925952 width=13)
                                             Recheck Cond: ((l_shipdate >= '1996-01-01'::date) AND (l_shipdate < '1997-01-01'::date))
                                             ->  Bitmap Index Scan on idx_lineitem_shipdate  (cost=0.00..14614.95 rows=925952 width=0)
                                                   Index Cond: ((l_shipdate >= '1996-01-01'::date) AND (l_shipdate < '1997-01-01'::date))
                                 ->  Hash  (cost=6342.67..6342.67 rows=2020 width=4)
                                       ->  Gather  (cost=1000.00..6342.67 rows=2020 width=4)
                                             Workers Planned: 2
                                             ->  Parallel Seq Scan on part  (cost=0.00..5140.67 rows=842 width=4)
                                                   Filter: ((p_name)::text ~~ 'olive%'::text)
                           ->  Index Scan using partsupp_pkey on partsupp  (cost=0.42..0.51 rows=1 width=12)
                                 Index Cond: ((ps_partkey = lineitem.l_partkey) AND (ps_suppkey = lineitem.l_suppkey))
                                 Filter: ((ps_availqty)::numeric > ((0.5 * sum(lineitem.l_quantity))))
(29 rows)

query 20 run 3
SET
SET
SET
                                                                QUERY PLAN                                                                
------------------------------------------------------------------------------------------------------------------------------------------
 Limit  (cost=207352.19..207352.20 rows=1 width=51)
   ->  Sort  (cost=207352.19..207352.20 rows=1 width=51)
         Sort Key: supplier.s_name
         ->  Nested Loop Semi Join  (cost=186691.49..207352.18 rows=1 width=51)
               Join Filter: (supplier.s_suppkey = lineitem.l_suppkey)
               ->  Nested Loop  (cost=0.00..449.31 rows=400 width=55)
                     Join Filter: (supplier.s_nationkey = nation.n_nationkey)
                     ->  Seq Scan on nation  (cost=0.00..1.31 rows=1 width=4)
                           Filter: (n_name = 'IRAQ'::bpchar)
                     ->  Seq Scan on supplier  (cost=0.00..323.00 rows=10000 width=59)
               ->  Materialize  (cost=186691.49..206896.87 rows=1 width=8)
                     ->  Nested Loop  (cost=186691.49..206896.87 rows=1 width=8)
                           ->  Hash Join  (cost=186691.07..204331.54 rows=4927 width=44)
                                 Hash Cond: (lineitem.l_partkey = part.p_partkey)
                                 ->  HashAggregate  (cost=180323.15..196683.06 rows=487827 width=40)
                                       Group Key: lineitem.l_partkey, lineitem.l_suppkey
                                       Planned Partitions: 4
                                       ->  Bitmap Heap Scan on lineitem  (cost=14846.44..141295.72 rows=925952 width=13)
                                             Recheck Cond: ((l_shipdate >= '1996-01-01'::date) AND (l_shipdate < '1997-01-01'::date))
                                             ->  Bitmap Index Scan on idx_lineitem_shipdate  (cost=0.00..14614.95 rows=925952 width=0)
                                                   Index Cond: ((l_shipdate >= '1996-01-01'::date) AND (l_shipdate < '1997-01-01'::date))
                                 ->  Hash  (cost=6342.67..6342.67 rows=2020 width=4)
                                       ->  Gather  (cost=1000.00..6342.67 rows=2020 width=4)
                                             Workers Planned: 2
                                             ->  Parallel Seq Scan on part  (cost=0.00..5140.67 rows=842 width=4)
                                                   Filter: ((p_name)::text ~~ 'olive%'::text)
                           ->  Index Scan using partsupp_pkey on partsupp  (cost=0.42..0.51 rows=1 width=12)
                                 Index Cond: ((ps_partkey = lineitem.l_partkey) AND (ps_suppkey = lineitem.l_suppkey))
                                 Filter: ((ps_availqty)::numeric > ((0.5 * sum(lineitem.l_quantity))))
(29 rows)

query 21 run 1
SET
SET
SET
                                                                        QUERY PLAN                                                                        
----------------------------------------------------------------------------------------------------------------------------------------------------------
 Limit  (cost=146536.31..146536.31 rows=1 width=34)
   ->  Sort  (cost=146536.31..146536.31 rows=1 width=34)
         Sort Key: (count(*)) DESC, supplier.s_name
         ->  GroupAggregate  (cost=146536.28..146536.30 rows=1 width=34)
               Group Key: supplier.s_name
               ->  Sort  (cost=146536.28..146536.28 rows=1 width=26)
                     Sort Key: supplier.s_name
                     ->  Nested Loop  (cost=1235.37..146536.27 rows=1 width=26)
                           ->  Nested Loop Semi Join  (cost=1234.94..146535.80 rows=1 width=34)
                                 ->  Gather  (cost=1234.51..146535.18 rows=1 width=34)
                                       Workers Planned: 4
                                       ->  Nested Loop Anti Join  (cost=234.51..145535.08 rows=1 width=34)
                                             ->  Hash Join  (cost=234.08..133624.23 rows=19962 width=34)
                                                   Hash Cond: (l1.l_suppkey = supplier.s_suppkey)
                                                   ->  Parallel Seq Scan on lineitem l1  (cost=0.00..131315.04 rows=500134 width=8)
                                                         Filter: (l_receiptdate > l_commitdate)
                                                   ->  Hash  (cost=229.08..229.08 rows=400 width=30)
                                                         ->  Nested Loop  (cost=4.88..229.08 rows=400 width=30)
                                                               ->  Seq Scan on nation  (cost=0.00..1.31 rows=1 width=4)
                                                                     Filter: (n_name = 'PERU'::bpchar)
                                                               ->  Bitmap Heap Scan on supplier  (cost=4.88..223.76 rows=400 width=34)
                                                                     Recheck Cond: (s_nationkey = nation.n_nationkey)
                                                                     ->  Bitmap Index Scan on idx_supplier_nation_key  (cost=0.00..4.79 rows=400 width=0)
                                                                           Index Cond: (s_nationkey = nation.n_nationkey)
                                             ->  Index Scan using idx_lineitem_orderkey on lineitem l3  (cost=0.43..0.61 rows=1 width=8)
                                                   Index Cond: (l_orderkey = l1.l_orderkey)
                                                   Filter: ((l_receiptdate > l_commitdate) AND (l_suppkey <> l1.l_suppkey))
                                 ->  Index Scan using idx_lineitem_orderkey on lineitem l2  (cost=0.43..0.60 rows=4 width=8)
                                       Index Cond: (l_orderkey = l1.l_orderkey)
                                       Filter: (l_suppkey <> l1.l_suppkey)
                           ->  Index Scan using orders_pkey on orders  (cost=0.43..0.47 rows=1 width=4)
                                 Index Cond: (o_orderkey = l1.l_orderkey)
                                 Filter: (o_orderstatus = 'F'::bpchar)
(33 rows)

query 21 run 2
SET
SET
SET
                                                                        QUERY PLAN                                                                        
----------------------------------------------------------------------------------------------------------------------------------------------------------
 Limit  (cost=146536.31..146536.31 rows=1 width=34)
   ->  Sort  (cost=146536.31..146536.31 rows=1 width=34)
         Sort Key: (count(*)) DESC, supplier.s_name
         ->  GroupAggregate  (cost=146536.28..146536.30 rows=1 width=34)
               Group Key: supplier.s_name
               ->  Sort  (cost=146536.28..146536.28 rows=1 width=26)
                     Sort Key: supplier.s_name
                     ->  Nested Loop  (cost=1235.37..146536.27 rows=1 width=26)
                           ->  Nested Loop Semi Join  (cost=1234.94..146535.80 rows=1 width=34)
                                 ->  Gather  (cost=1234.51..146535.18 rows=1 width=34)
                                       Workers Planned: 4
                                       ->  Nested Loop Anti Join  (cost=234.51..145535.08 rows=1 width=34)
                                             ->  Hash Join  (cost=234.08..133624.23 rows=19962 width=34)
                                                   Hash Cond: (l1.l_suppkey = supplier.s_suppkey)
                                                   ->  Parallel Seq Scan on lineitem l1  (cost=0.00..131315.04 rows=500134 width=8)
                                                         Filter: (l_receiptdate > l_commitdate)
                                                   ->  Hash  (cost=229.08..229.08 rows=400 width=30)
                                                         ->  Nested Loop  (cost=4.88..229.08 rows=400 width=30)
                                                               ->  Seq Scan on nation  (cost=0.00..1.31 rows=1 width=4)
                                                                     Filter: (n_name = 'PERU'::bpchar)
                                                               ->  Bitmap Heap Scan on supplier  (cost=4.88..223.76 rows=400 width=34)
                                                                     Recheck Cond: (s_nationkey = nation.n_nationkey)
                                                                     ->  Bitmap Index Scan on idx_supplier_nation_key  (cost=0.00..4.79 rows=400 width=0)
                                                                           Index Cond: (s_nationkey = nation.n_nationkey)
                                             ->  Index Scan using idx_lineitem_orderkey on lineitem l3  (cost=0.43..0.61 rows=1 width=8)
                                                   Index Cond: (l_orderkey = l1.l_orderkey)
                                                   Filter: ((l_receiptdate > l_commitdate) AND (l_suppkey <> l1.l_suppkey))
                                 ->  Index Scan using idx_lineitem_orderkey on lineitem l2  (cost=0.43..0.60 rows=4 width=8)
                                       Index Cond: (l_orderkey = l1.l_orderkey)
                                       Filter: (l_suppkey <> l1.l_suppkey)
                           ->  Index Scan using orders_pkey on orders  (cost=0.43..0.47 rows=1 width=4)
                                 Index Cond: (o_orderkey = l1.l_orderkey)
                                 Filter: (o_orderstatus = 'F'::bpchar)
(33 rows)

query 21 run 3
SET
SET
SET
                                                                        QUERY PLAN                                                                        
----------------------------------------------------------------------------------------------------------------------------------------------------------
 Limit  (cost=146536.31..146536.31 rows=1 width=34)
   ->  Sort  (cost=146536.31..146536.31 rows=1 width=34)
         Sort Key: (count(*)) DESC, supplier.s_name
         ->  GroupAggregate  (cost=146536.28..146536.30 rows=1 width=34)
               Group Key: supplier.s_name
               ->  Sort  (cost=146536.28..146536.28 rows=1 width=26)
                     Sort Key: supplier.s_name
                     ->  Nested Loop  (cost=1235.37..146536.27 rows=1 width=26)
                           ->  Nested Loop Semi Join  (cost=1234.94..146535.80 rows=1 width=34)
                                 ->  Gather  (cost=1234.51..146535.18 rows=1 width=34)
                                       Workers Planned: 4
                                       ->  Nested Loop Anti Join  (cost=234.51..145535.08 rows=1 width=34)
                                             ->  Hash Join  (cost=234.08..133624.23 rows=19962 width=34)
                                                   Hash Cond: (l1.l_suppkey = supplier.s_suppkey)
                                                   ->  Parallel Seq Scan on lineitem l1  (cost=0.00..131315.04 rows=500134 width=8)
                                                         Filter: (l_receiptdate > l_commitdate)
                                                   ->  Hash  (cost=229.08..229.08 rows=400 width=30)
                                                         ->  Nested Loop  (cost=4.88..229.08 rows=400 width=30)
                                                               ->  Seq Scan on nation  (cost=0.00..1.31 rows=1 width=4)
                                                                     Filter: (n_name = 'PERU'::bpchar)
                                                               ->  Bitmap Heap Scan on supplier  (cost=4.88..223.76 rows=400 width=34)
                                                                     Recheck Cond: (s_nationkey = nation.n_nationkey)
                                                                     ->  Bitmap Index Scan on idx_supplier_nation_key  (cost=0.00..4.79 rows=400 width=0)
                                                                           Index Cond: (s_nationkey = nation.n_nationkey)
                                             ->  Index Scan using idx_lineitem_orderkey on lineitem l3  (cost=0.43..0.61 rows=1 width=8)
                                                   Index Cond: (l_orderkey = l1.l_orderkey)
                                                   Filter: ((l_receiptdate > l_commitdate) AND (l_suppkey <> l1.l_suppkey))
                                 ->  Index Scan using idx_lineitem_orderkey on lineitem l2  (cost=0.43..0.60 rows=4 width=8)
                                       Index Cond: (l_orderkey = l1.l_orderkey)
                                       Filter: (l_suppkey <> l1.l_suppkey)
                           ->  Index Scan using orders_pkey on orders  (cost=0.43..0.47 rows=1 width=4)
                                 Index Cond: (o_orderkey = l1.l_orderkey)
                                 Filter: (o_orderstatus = 'F'::bpchar)
(33 rows)

query 22 run 1
SET
SET
SET
                                                                        QUERY PLAN                                                                        
----------------------------------------------------------------------------------------------------------------------------------------------------------
 Limit  (cost=12515.58..12517.16 rows=1 width=72)
   InitPlan 1
     ->  Finalize Aggregate  (cost=6242.83..6242.84 rows=1 width=32)
           ->  Gather  (cost=6242.60..6242.81 rows=2 width=32)
                 Workers Planned: 2
                 ->  Partial Aggregate  (cost=5242.60..5242.61 rows=1 width=32)
                       ->  Parallel Seq Scan on customer customer_1  (cost=0.00..5237.62 rows=1991 width=6)
                             Filter: ((c_acctbal > 0.00) AND (SUBSTRING(c_phone FROM 1 FOR 2) = ANY ('{21,29,26,34,14,15,17}'::text[])))
   ->  GroupAggregate  (cost=6272.74..7456.57 rows=748 width=72)
         Group Key: SUBSTRING(customer.c_phone FROM 1 FOR 2)
         ->  Nested Loop Anti Join  (cost=6272.74..7437.87 rows=748 width=38)
               ->  Gather Merge  (cost=6272.31..6476.13 rows=1750 width=26)
                     Workers Planned: 2
                     ->  Sort  (cost=5272.29..5274.11 rows=729 width=26)
                           Sort Key: (SUBSTRING(customer.c_phone FROM 1 FOR 2))
                           ->  Parallel Seq Scan on customer  (cost=0.00..5237.62 rows=729 width=26)
                                 Filter: ((c_acctbal > (InitPlan 1).col1) AND (SUBSTRING(c_phone FROM 1 FOR 2) = ANY ('{21,29,26,34,14,15,17}'::text[])))
               ->  Index Only Scan using idx_orders_custkey on orders  (cost=0.43..1.68 rows=17 width=4)
                     Index Cond: (o_custkey = customer.c_custkey)
(19 rows)

query 22 run 2
SET
SET
SET
                                                                        QUERY PLAN                                                                        
----------------------------------------------------------------------------------------------------------------------------------------------------------
 Limit  (cost=12515.58..12517.16 rows=1 width=72)
   InitPlan 1
     ->  Finalize Aggregate  (cost=6242.83..6242.84 rows=1 width=32)
           ->  Gather  (cost=6242.60..6242.81 rows=2 width=32)
                 Workers Planned: 2
                 ->  Partial Aggregate  (cost=5242.60..5242.61 rows=1 width=32)
                       ->  Parallel Seq Scan on customer customer_1  (cost=0.00..5237.62 rows=1991 width=6)
                             Filter: ((c_acctbal > 0.00) AND (SUBSTRING(c_phone FROM 1 FOR 2) = ANY ('{21,29,26,34,14,15,17}'::text[])))
   ->  GroupAggregate  (cost=6272.74..7456.57 rows=748 width=72)
         Group Key: SUBSTRING(customer.c_phone FROM 1 FOR 2)
         ->  Nested Loop Anti Join  (cost=6272.74..7437.87 rows=748 width=38)
               ->  Gather Merge  (cost=6272.31..6476.13 rows=1750 width=26)
                     Workers Planned: 2
                     ->  Sort  (cost=5272.29..5274.11 rows=729 width=26)
                           Sort Key: (SUBSTRING(customer.c_phone FROM 1 FOR 2))
                           ->  Parallel Seq Scan on customer  (cost=0.00..5237.62 rows=729 width=26)
                                 Filter: ((c_acctbal > (InitPlan 1).col1) AND (SUBSTRING(c_phone FROM 1 FOR 2) = ANY ('{21,29,26,34,14,15,17}'::text[])))
               ->  Index Only Scan using idx_orders_custkey on orders  (cost=0.43..1.68 rows=17 width=4)
                     Index Cond: (o_custkey = customer.c_custkey)
(19 rows)

query 22 run 3
SET
SET
SET
                                                                        QUERY PLAN                                                                        
----------------------------------------------------------------------------------------------------------------------------------------------------------
 Limit  (cost=12515.58..12517.16 rows=1 width=72)
   InitPlan 1
     ->  Finalize Aggregate  (cost=6242.83..6242.84 rows=1 width=32)
           ->  Gather  (cost=6242.60..6242.81 rows=2 width=32)
                 Workers Planned: 2
                 ->  Partial Aggregate  (cost=5242.60..5242.61 rows=1 width=32)
                       ->  Parallel Seq Scan on customer customer_1  (cost=0.00..5237.62 rows=1991 width=6)
                             Filter: ((c_acctbal > 0.00) AND (SUBSTRING(c_phone FROM 1 FOR 2) = ANY ('{21,29,26,34,14,15,17}'::text[])))
   ->  GroupAggregate  (cost=6272.74..7456.57 rows=748 width=72)
         Group Key: SUBSTRING(customer.c_phone FROM 1 FOR 2)
         ->  Nested Loop Anti Join  (cost=6272.74..7437.87 rows=748 width=38)
               ->  Gather Merge  (cost=6272.31..6476.13 rows=1750 width=26)
                     Workers Planned: 2
                     ->  Sort  (cost=5272.29..5274.11 rows=729 width=26)
                           Sort Key: (SUBSTRING(customer.c_phone FROM 1 FOR 2))
                           ->  Parallel Seq Scan on customer  (cost=0.00..5237.62 rows=729 width=26)
                                 Filter: ((c_acctbal > (InitPlan 1).col1) AND (SUBSTRING(c_phone FROM 1 FOR 2) = ANY ('{21,29,26,34,14,15,17}'::text[])))
               ->  Index Only Scan using idx_orders_custkey on orders  (cost=0.43..1.68 rows=17 width=4)
                     Index Cond: (o_custkey = customer.c_custkey)
(19 rows)

