query 1 run 1
SET
SET
SET
                                                 QUERY PLAN                                                  
-------------------------------------------------------------------------------------------------------------
 Limit  (cost=1832403.30..1832403.94 rows=1 width=236)
   ->  Finalize GroupAggregate  (cost=1832403.30..1832407.12 rows=6 width=236)
         Group Key: l_returnflag, l_linestatus
         ->  Gather Merge  (cost=1832403.30..1832406.17 rows=24 width=236)
               Workers Planned: 4
               ->  Sort  (cost=1831403.24..1831403.26 rows=6 width=236)
                     Sort Key: l_returnflag, l_linestatus
                     ->  Partial HashAggregate  (cost=1831403.03..1831403.17 rows=6 width=236)
                           Group Key: l_returnflag, l_linestatus
                           ->  Parallel Seq Scan on lineitem  (cost=0.00..1312587.60 rows=14823298 width=25)
                                 Filter: (l_shipdate <= '1998-09-10 00:00:00'::timestamp without time zone)
(11 rows)

query 1 run 2
SET
SET
SET
                                                 QUERY PLAN                                                  
-------------------------------------------------------------------------------------------------------------
 Limit  (cost=1832403.30..1832403.94 rows=1 width=236)
   ->  Finalize GroupAggregate  (cost=1832403.30..1832407.12 rows=6 width=236)
         Group Key: l_returnflag, l_linestatus
         ->  Gather Merge  (cost=1832403.30..1832406.17 rows=24 width=236)
               Workers Planned: 4
               ->  Sort  (cost=1831403.24..1831403.26 rows=6 width=236)
                     Sort Key: l_returnflag, l_linestatus
                     ->  Partial HashAggregate  (cost=1831403.03..1831403.17 rows=6 width=236)
                           Group Key: l_returnflag, l_linestatus
                           ->  Parallel Seq Scan on lineitem  (cost=0.00..1312587.60 rows=14823298 width=25)
                                 Filter: (l_shipdate <= '1998-09-10 00:00:00'::timestamp without time zone)
(11 rows)

query 1 run 3
SET
SET
SET
                                                 QUERY PLAN                                                  
-------------------------------------------------------------------------------------------------------------
 Limit  (cost=1832403.30..1832403.94 rows=1 width=236)
   ->  Finalize GroupAggregate  (cost=1832403.30..1832407.12 rows=6 width=236)
         Group Key: l_returnflag, l_linestatus
         ->  Gather Merge  (cost=1832403.30..1832406.17 rows=24 width=236)
               Workers Planned: 4
               ->  Sort  (cost=1831403.24..1831403.26 rows=6 width=236)
                     Sort Key: l_returnflag, l_linestatus
                     ->  Partial HashAggregate  (cost=1831403.03..1831403.17 rows=6 width=236)
                           Group Key: l_returnflag, l_linestatus
                           ->  Parallel Seq Scan on lineitem  (cost=0.00..1312587.60 rows=14823298 width=25)
                                 Filter: (l_shipdate <= '1998-09-10 00:00:00'::timestamp without time zone)
(11 rows)

query 2 run 1
SET
SET
SET
                                                                  QUERY PLAN                                                                  
----------------------------------------------------------------------------------------------------------------------------------------------
 Limit  (cost=860387.95..860387.96 rows=1 width=192)
   ->  Sort  (cost=860387.95..860387.96 rows=1 width=192)
         Sort Key: supplier.s_acctbal DESC, nation.n_name, supplier.s_name, part.p_partkey
         ->  Merge Join  (cost=362232.46..860387.94 rows=1 width=192)
               Merge Cond: (part.p_partkey = partsupp.ps_partkey)
               Join Filter: (partsupp.ps_supplycost = (SubPlan 1))
               ->  Gather Merge  (cost=1000.49..68651.89 rows=7893 width=30)
                     Workers Planned: 4
                     ->  Parallel Index Scan using part_pkey on part  (cost=0.43..66711.70 rows=1973 width=30)
                           Filter: (((p_type)::text ~~ '%NICKEL'::text) AND (p_size = 16))
               ->  Materialize  (cost=361231.23..369231.17 rows=1599989 width=172)
                     ->  Sort  (cost=361231.23..365231.20 rows=1599989 width=172)
                           Sort Key: partsupp.ps_partkey
                           ->  Nested Loop  (cost=0.72..108463.57 rows=1599989 width=172)
                                 ->  Nested Loop  (cost=0.29..1239.14 rows=20000 width=166)
                                       ->  Nested Loop  (cost=0.00..2.62 rows=5 width=30)
                                             Join Filter: (nation.n_regionkey = region.r_regionkey)
                                             ->  Seq Scan on region  (cost=0.00..1.06 rows=1 width=4)
                                                   Filter: (r_name = 'AMERICA'::bpchar)
                                             ->  Seq Scan on nation  (cost=0.00..1.25 rows=25 width=34)
                                       ->  Index Scan using idx_supplier_nation_key on supplier  (cost=0.29..207.30 rows=4000 width=144)
                                             Index Cond: (s_nationkey = nation.n_nationkey)
                                 ->  Index Scan using idx_partsupp_suppkey on partsupp  (cost=0.43..4.56 rows=80 width=14)
                                       Index Cond: (ps_suppkey = supplier.s_suppkey)
               SubPlan 1
                 ->  Aggregate  (cost=66.25..66.26 rows=1 width=32)
                       ->  Nested Loop  (cost=2.29..66.24 rows=4 width=6)
                             Join Filter: (nation_1.n_regionkey = region_1.r_regionkey)
                             ->  Seq Scan on region region_1  (cost=0.00..1.06 rows=1 width=4)
                                   Filter: (r_name = 'AMERICA'::bpchar)
                             ->  Hash Join  (cost=2.29..64.95 rows=18 width=10)
                                   Hash Cond: (supplier_1.s_nationkey = nation_1.n_nationkey)
                                   ->  Nested Loop  (cost=0.72..63.33 rows=18 width=10)
                                         ->  Index Scan using idx_partsupp_partkey on partsupp partsupp_1  (cost=0.43..3.75 rows=18 width=10)
                                               Index Cond: (ps_partkey = part.p_partkey)
                                         ->  Index Scan using supplier_pkey on supplier supplier_1  (cost=0.29..3.31 rows=1 width=8)
                                               Index Cond: (s_suppkey = partsupp_1.ps_suppkey)
                                   ->  Hash  (cost=1.25..1.25 rows=25 width=8)
                                         ->  Seq Scan on nation nation_1  (cost=0.00..1.25 rows=25 width=8)
(39 rows)

query 2 run 2
SET
SET
SET
                                                                  QUERY PLAN                                                                  
----------------------------------------------------------------------------------------------------------------------------------------------
 Limit  (cost=860387.95..860387.96 rows=1 width=192)
   ->  Sort  (cost=860387.95..860387.96 rows=1 width=192)
         Sort Key: supplier.s_acctbal DESC, nation.n_name, supplier.s_name, part.p_partkey
         ->  Merge Join  (cost=362232.46..860387.94 rows=1 width=192)
               Merge Cond: (part.p_partkey = partsupp.ps_partkey)
               Join Filter: (partsupp.ps_supplycost = (SubPlan 1))
               ->  Gather Merge  (cost=1000.49..68651.89 rows=7893 width=30)
                     Workers Planned: 4
                     ->  Parallel Index Scan using part_pkey on part  (cost=0.43..66711.70 rows=1973 width=30)
                           Filter: (((p_type)::text ~~ '%NICKEL'::text) AND (p_size = 16))
               ->  Materialize  (cost=361231.23..369231.17 rows=1599989 width=172)
                     ->  Sort  (cost=361231.23..365231.20 rows=1599989 width=172)
                           Sort Key: partsupp.ps_partkey
                           ->  Nested Loop  (cost=0.72..108463.57 rows=1599989 width=172)
                                 ->  Nested Loop  (cost=0.29..1239.14 rows=20000 width=166)
                                       ->  Nested Loop  (cost=0.00..2.62 rows=5 width=30)
                                             Join Filter: (nation.n_regionkey = region.r_regionkey)
                                             ->  Seq Scan on region  (cost=0.00..1.06 rows=1 width=4)
                                                   Filter: (r_name = 'AMERICA'::bpchar)
                                             ->  Seq Scan on nation  (cost=0.00..1.25 rows=25 width=34)
                                       ->  Index Scan using idx_supplier_nation_key on supplier  (cost=0.29..207.30 rows=4000 width=144)
                                             Index Cond: (s_nationkey = nation.n_nationkey)
                                 ->  Index Scan using idx_partsupp_suppkey on partsupp  (cost=0.43..4.56 rows=80 width=14)
                                       Index Cond: (ps_suppkey = supplier.s_suppkey)
               SubPlan 1
                 ->  Aggregate  (cost=66.25..66.26 rows=1 width=32)
                       ->  Nested Loop  (cost=2.29..66.24 rows=4 width=6)
                             Join Filter: (nation_1.n_regionkey = region_1.r_regionkey)
                             ->  Seq Scan on region region_1  (cost=0.00..1.06 rows=1 width=4)
                                   Filter: (r_name = 'AMERICA'::bpchar)
                             ->  Hash Join  (cost=2.29..64.95 rows=18 width=10)
                                   Hash Cond: (supplier_1.s_nationkey = nation_1.n_nationkey)
                                   ->  Nested Loop  (cost=0.72..63.33 rows=18 width=10)
                                         ->  Index Scan using idx_partsupp_partkey on partsupp partsupp_1  (cost=0.43..3.75 rows=18 width=10)
                                               Index Cond: (ps_partkey = part.p_partkey)
                                         ->  Index Scan using supplier_pkey on supplier supplier_1  (cost=0.29..3.31 rows=1 width=8)
                                               Index Cond: (s_suppkey = partsupp_1.ps_suppkey)
                                   ->  Hash  (cost=1.25..1.25 rows=25 width=8)
                                         ->  Seq Scan on nation nation_1  (cost=0.00..1.25 rows=25 width=8)
(39 rows)

query 2 run 3
SET
SET
SET
                                                                  QUERY PLAN                                                                  
----------------------------------------------------------------------------------------------------------------------------------------------
 Limit  (cost=860387.95..860387.96 rows=1 width=192)
   ->  Sort  (cost=860387.95..860387.96 rows=1 width=192)
         Sort Key: supplier.s_acctbal DESC, nation.n_name, supplier.s_name, part.p_partkey
         ->  Merge Join  (cost=362232.46..860387.94 rows=1 width=192)
               Merge Cond: (part.p_partkey = partsupp.ps_partkey)
               Join Filter: (partsupp.ps_supplycost = (SubPlan 1))
               ->  Gather Merge  (cost=1000.49..68651.89 rows=7893 width=30)
                     Workers Planned: 4
                     ->  Parallel Index Scan using part_pkey on part  (cost=0.43..66711.70 rows=1973 width=30)
                           Filter: (((p_type)::text ~~ '%NICKEL'::text) AND (p_size = 16))
               ->  Materialize  (cost=361231.23..369231.17 rows=1599989 width=172)
                     ->  Sort  (cost=361231.23..365231.20 rows=1599989 width=172)
                           Sort Key: partsupp.ps_partkey
                           ->  Nested Loop  (cost=0.72..108463.57 rows=1599989 width=172)
                                 ->  Nested Loop  (cost=0.29..1239.14 rows=20000 width=166)
                                       ->  Nested Loop  (cost=0.00..2.62 rows=5 width=30)
                                             Join Filter: (nation.n_regionkey = region.r_regionkey)
                                             ->  Seq Scan on region  (cost=0.00..1.06 rows=1 width=4)
                                                   Filter: (r_name = 'AMERICA'::bpchar)
                                             ->  Seq Scan on nation  (cost=0.00..1.25 rows=25 width=34)
                                       ->  Index Scan using idx_supplier_nation_key on supplier  (cost=0.29..207.30 rows=4000 width=144)
                                             Index Cond: (s_nationkey = nation.n_nationkey)
                                 ->  Index Scan using idx_partsupp_suppkey on partsupp  (cost=0.43..4.56 rows=80 width=14)
                                       Index Cond: (ps_suppkey = supplier.s_suppkey)
               SubPlan 1
                 ->  Aggregate  (cost=66.25..66.26 rows=1 width=32)
                       ->  Nested Loop  (cost=2.29..66.24 rows=4 width=6)
                             Join Filter: (nation_1.n_regionkey = region_1.r_regionkey)
                             ->  Seq Scan on region region_1  (cost=0.00..1.06 rows=1 width=4)
                                   Filter: (r_name = 'AMERICA'::bpchar)
                             ->  Hash Join  (cost=2.29..64.95 rows=18 width=10)
                                   Hash Cond: (supplier_1.s_nationkey = nation_1.n_nationkey)
                                   ->  Nested Loop  (cost=0.72..63.33 rows=18 width=10)
                                         ->  Index Scan using idx_partsupp_partkey on partsupp partsupp_1  (cost=0.43..3.75 rows=18 width=10)
                                               Index Cond: (ps_partkey = part.p_partkey)
                                         ->  Index Scan using supplier_pkey on supplier supplier_1  (cost=0.29..3.31 rows=1 width=8)
                                               Index Cond: (s_suppkey = partsupp_1.ps_suppkey)
                                   ->  Hash  (cost=1.25..1.25 rows=25 width=8)
                                         ->  Seq Scan on nation nation_1  (cost=0.00..1.25 rows=25 width=8)
(39 rows)

query 3 run 1
SET
SET
SET
                                                        QUERY PLAN                                                         
---------------------------------------------------------------------------------------------------------------------------
 Limit  (cost=1945685.22..1945685.24 rows=10 width=44)
   ->  Sort  (cost=1945685.22..1953605.09 rows=3167951 width=44)
         Sort Key: (sum((lineitem.l_extendedprice * ('1'::numeric - lineitem.l_discount)))) DESC, orders.o_orderdate
         ->  GroupAggregate  (cost=1410794.81..1877226.93 rows=3167951 width=44)
               Group Key: lineitem.l_orderkey, orders.o_orderdate, orders.o_shippriority
               ->  Gather Merge  (cost=1410794.81..1790108.28 rows=3167951 width=24)
                     Workers Planned: 4
                     ->  Sort  (cost=1409794.75..1411774.72 rows=791988 width=24)
                           Sort Key: lineitem.l_orderkey, orders.o_orderdate, orders.o_shippriority
                           ->  Nested Loop  (cost=41581.98..1321757.00 rows=791988 width=24)
                                 ->  Parallel Hash Join  (cost=41581.41..354470.32 rows=365472 width=12)
                                       Hash Cond: (orders.o_custkey = customer.c_custkey)
                                       ->  Parallel Seq Scan on orders  (cost=0.00..308138.80 rows=1809561 width=16)
                                             Filter: (o_orderdate < '1995-03-07'::date)
                                       ->  Parallel Hash  (cost=40634.66..40634.66 rows=75740 width=4)
                                             ->  Parallel Seq Scan on customer  (cost=0.00..40634.66 rows=75740 width=4)
                                                   Filter: (c_mktsegment = 'BUILDING'::bpchar)
                                 ->  Index Scan using idx_lineitem_orderkey on lineitem  (cost=0.56..2.63 rows=2 width=16)
                                       Index Cond: (l_orderkey = orders.o_orderkey)
                                       Filter: (l_shipdate > '1995-03-07'::date)
(20 rows)

query 3 run 2
SET
SET
SET
                                                        QUERY PLAN                                                         
---------------------------------------------------------------------------------------------------------------------------
 Limit  (cost=1945685.22..1945685.24 rows=10 width=44)
   ->  Sort  (cost=1945685.22..1953605.09 rows=3167951 width=44)
         Sort Key: (sum((lineitem.l_extendedprice * ('1'::numeric - lineitem.l_discount)))) DESC, orders.o_orderdate
         ->  GroupAggregate  (cost=1410794.81..1877226.93 rows=3167951 width=44)
               Group Key: lineitem.l_orderkey, orders.o_orderdate, orders.o_shippriority
               ->  Gather Merge  (cost=1410794.81..1790108.28 rows=3167951 width=24)
                     Workers Planned: 4
                     ->  Sort  (cost=1409794.75..1411774.72 rows=791988 width=24)
                           Sort Key: lineitem.l_orderkey, orders.o_orderdate, orders.o_shippriority
                           ->  Nested Loop  (cost=41581.98..1321757.00 rows=791988 width=24)
                                 ->  Parallel Hash Join  (cost=41581.41..354470.32 rows=365472 width=12)
                                       Hash Cond: (orders.o_custkey = customer.c_custkey)
                                       ->  Parallel Seq Scan on orders  (cost=0.00..308138.80 rows=1809561 width=16)
                                             Filter: (o_orderdate < '1995-03-07'::date)
                                       ->  Parallel Hash  (cost=40634.66..40634.66 rows=75740 width=4)
                                             ->  Parallel Seq Scan on customer  (cost=0.00..40634.66 rows=75740 width=4)
                                                   Filter: (c_mktsegment = 'BUILDING'::bpchar)
                                 ->  Index Scan using idx_lineitem_orderkey on lineitem  (cost=0.56..2.63 rows=2 width=16)
                                       Index Cond: (l_orderkey = orders.o_orderkey)
                                       Filter: (l_shipdate > '1995-03-07'::date)
(20 rows)

query 3 run 3
SET
SET
SET
                                                        QUERY PLAN                                                         
---------------------------------------------------------------------------------------------------------------------------
 Limit  (cost=1945685.22..1945685.24 rows=10 width=44)
   ->  Sort  (cost=1945685.22..1953605.09 rows=3167951 width=44)
         Sort Key: (sum((lineitem.l_extendedprice * ('1'::numeric - lineitem.l_discount)))) DESC, orders.o_orderdate
         ->  GroupAggregate  (cost=1410794.81..1877226.93 rows=3167951 width=44)
               Group Key: lineitem.l_orderkey, orders.o_orderdate, orders.o_shippriority
               ->  Gather Merge  (cost=1410794.81..1790108.28 rows=3167951 width=24)
                     Workers Planned: 4
                     ->  Sort  (cost=1409794.75..1411774.72 rows=791988 width=24)
                           Sort Key: lineitem.l_orderkey, orders.o_orderdate, orders.o_shippriority
                           ->  Nested Loop  (cost=41581.98..1321757.00 rows=791988 width=24)
                                 ->  Parallel Hash Join  (cost=41581.41..354470.32 rows=365472 width=12)
                                       Hash Cond: (orders.o_custkey = customer.c_custkey)
                                       ->  Parallel Seq Scan on orders  (cost=0.00..308138.80 rows=1809561 width=16)
                                             Filter: (o_orderdate < '1995-03-07'::date)
                                       ->  Parallel Hash  (cost=40634.66..40634.66 rows=75740 width=4)
                                             ->  Parallel Seq Scan on customer  (cost=0.00..40634.66 rows=75740 width=4)
                                                   Filter: (c_mktsegment = 'BUILDING'::bpchar)
                                 ->  Index Scan using idx_lineitem_orderkey on lineitem  (cost=0.56..2.63 rows=2 width=16)
                                       Index Cond: (l_orderkey = orders.o_orderkey)
                                       Filter: (l_shipdate > '1995-03-07'::date)
(20 rows)

query 4 run 1
SET
SET
SET
                                                           QUERY PLAN                                                           
--------------------------------------------------------------------------------------------------------------------------------
 Limit  (cost=283082.16..582553.08 rows=1 width=24)
   ->  GroupAggregate  (cost=283082.16..1780436.74 rows=5 width=24)
         Group Key: orders.o_orderpriority
         ->  Nested Loop Semi Join  (cost=283082.16..1777599.95 rows=567348 width=16)
               ->  Gather Merge  (cost=283081.60..351026.81 rows=567465 width=20)
                     Workers Planned: 4
                     ->  Sort  (cost=282081.54..282436.20 rows=141866 width=20)
                           Sort Key: orders.o_orderpriority
                           ->  Parallel Bitmap Heap Scan on orders  (cost=6545.95..269941.95 rows=141866 width=20)
                                 Recheck Cond: ((o_orderdate >= '1993-12-01'::date) AND (o_orderdate < '1994-03-01'::date))
                                 ->  Bitmap Index Scan on idx_orders_orderdate  (cost=0.00..6404.09 rows=567465 width=0)
                                       Index Cond: ((o_orderdate >= '1993-12-01'::date) AND (o_orderdate < '1994-03-01'::date))
               ->  Index Scan using idx_lineitem_orderkey on lineitem  (cost=0.56..2.83 rows=1 width=4)
                     Index Cond: (l_orderkey = orders.o_orderkey)
                     Filter: (l_commitdate < l_receiptdate)
(15 rows)

query 4 run 2
SET
SET
SET
                                                           QUERY PLAN                                                           
--------------------------------------------------------------------------------------------------------------------------------
 Limit  (cost=283082.16..582553.08 rows=1 width=24)
   ->  GroupAggregate  (cost=283082.16..1780436.74 rows=5 width=24)
         Group Key: orders.o_orderpriority
         ->  Nested Loop Semi Join  (cost=283082.16..1777599.95 rows=567348 width=16)
               ->  Gather Merge  (cost=283081.60..351026.81 rows=567465 width=20)
                     Workers Planned: 4
                     ->  Sort  (cost=282081.54..282436.20 rows=141866 width=20)
                           Sort Key: orders.o_orderpriority
                           ->  Parallel Bitmap Heap Scan on orders  (cost=6545.95..269941.95 rows=141866 width=20)
                                 Recheck Cond: ((o_orderdate >= '1993-12-01'::date) AND (o_orderdate < '1994-03-01'::date))
                                 ->  Bitmap Index Scan on idx_orders_orderdate  (cost=0.00..6404.09 rows=567465 width=0)
                                       Index Cond: ((o_orderdate >= '1993-12-01'::date) AND (o_orderdate < '1994-03-01'::date))
               ->  Index Scan using idx_lineitem_orderkey on lineitem  (cost=0.56..2.83 rows=1 width=4)
                     Index Cond: (l_orderkey = orders.o_orderkey)
                     Filter: (l_commitdate < l_receiptdate)
(15 rows)

query 4 run 3
SET
SET
SET
                                                           QUERY PLAN                                                           
--------------------------------------------------------------------------------------------------------------------------------
 Limit  (cost=283082.16..582553.08 rows=1 width=24)
   ->  GroupAggregate  (cost=283082.16..1780436.74 rows=5 width=24)
         Group Key: orders.o_orderpriority
         ->  Nested Loop Semi Join  (cost=283082.16..1777599.95 rows=567348 width=16)
               ->  Gather Merge  (cost=283081.60..351026.81 rows=567465 width=20)
                     Workers Planned: 4
                     ->  Sort  (cost=282081.54..282436.20 rows=141866 width=20)
                           Sort Key: orders.o_orderpriority
                           ->  Parallel Bitmap Heap Scan on orders  (cost=6545.95..269941.95 rows=141866 width=20)
                                 Recheck Cond: ((o_orderdate >= '1993-12-01'::date) AND (o_orderdate < '1994-03-01'::date))
                                 ->  Bitmap Index Scan on idx_orders_orderdate  (cost=0.00..6404.09 rows=567465 width=0)
                                       Index Cond: ((o_orderdate >= '1993-12-01'::date) AND (o_orderdate < '1994-03-01'::date))
               ->  Index Scan using idx_lineitem_orderkey on lineitem  (cost=0.56..2.83 rows=1 width=4)
                     Index Cond: (l_orderkey = orders.o_orderkey)
                     Filter: (l_commitdate < l_receiptdate)
(15 rows)

query 5 run 1
SET
SET
SET
                                                                       QUERY PLAN                                                                       
--------------------------------------------------------------------------------------------------------------------------------------------------------
 Limit  (cost=653637.26..653637.26 rows=1 width=58)
   ->  Sort  (cost=653637.26..653637.32 rows=25 width=58)
         Sort Key: (sum((lineitem.l_extendedprice * ('1'::numeric - lineitem.l_discount)))) DESC
         ->  Finalize GroupAggregate  (cost=653398.40..653637.13 rows=25 width=58)
               Group Key: nation.n_name
               ->  Gather Merge  (cost=653398.40..653636.07 rows=100 width=58)
                     Workers Planned: 4
                     ->  Partial GroupAggregate  (cost=652398.34..652624.10 rows=25 width=58)
                           Group Key: nation.n_name
                           ->  Sort  (cost=652398.34..652443.43 rows=18036 width=38)
                                 Sort Key: nation.n_name
                                 ->  Parallel Hash Join  (cost=72485.52..651123.32 rows=18036 width=38)
                                       Hash Cond: ((lineitem.l_suppkey = supplier.s_suppkey) AND (customer.c_nationkey = supplier.s_nationkey))
                                       ->  Nested Loop  (cost=68793.93..645065.11 rows=450784 width=50)
                                             ->  Parallel Hash Join  (cost=68793.36..340910.59 rows=112719 width=38)
                                                   Hash Cond: (orders.o_custkey = customer.c_custkey)
                                                   ->  Parallel Bitmap Heap Scan on orders  (cost=25999.87..295721.81 rows=563596 width=8)
                                                         Recheck Cond: ((o_orderdate >= '1993-01-01'::date) AND (o_orderdate < '1994-01-01'::date))
                                                         ->  Bitmap Index Scan on idx_orders_orderdate  (cost=0.00..25436.28 rows=2254384 width=0)
                                                               Index Cond: ((o_orderdate >= '1993-01-01'::date) AND (o_orderdate < '1994-01-01'::date))
                                                   ->  Parallel Hash  (cost=41855.97..41855.97 rows=75002 width=38)
                                                         ->  Hash Join  (cost=2.51..41855.97 rows=75002 width=38)
                                                               Hash Cond: (customer.c_nationkey = nation.n_nationkey)
                                                               ->  Parallel Seq Scan on customer  (cost=0.00..39697.13 rows=375013 width=8)
                                                               ->  Hash  (cost=2.45..2.45 rows=5 width=30)
                                                                     ->  Hash Join  (cost=1.07..2.45 rows=5 width=30)
                                                                           Hash Cond: (nation.n_regionkey = region.r_regionkey)
                                                                           ->  Seq Scan on nation  (cost=0.00..1.25 rows=25 width=34)
                                                                           ->  Hash  (cost=1.06..1.06 rows=1 width=4)
                                                                                 ->  Seq Scan on region  (cost=0.00..1.06 rows=1 width=4)
                                                                                       Filter: (r_name = 'AMERICA'::bpchar)
                                             ->  Index Scan using idx_lineitem_orderkey on lineitem  (cost=0.56..2.66 rows=4 width=20)
                                                   Index Cond: (l_orderkey = orders.o_orderkey)
                                       ->  Parallel Hash  (cost=2809.24..2809.24 rows=58824 width=8)
                                             ->  Parallel Seq Scan on supplier  (cost=0.00..2809.24 rows=58824 width=8)
(35 rows)

query 5 run 2
SET
SET
SET
                                                                       QUERY PLAN                                                                       
--------------------------------------------------------------------------------------------------------------------------------------------------------
 Limit  (cost=653637.26..653637.26 rows=1 width=58)
   ->  Sort  (cost=653637.26..653637.32 rows=25 width=58)
         Sort Key: (sum((lineitem.l_extendedprice * ('1'::numeric - lineitem.l_discount)))) DESC
         ->  Finalize GroupAggregate  (cost=653398.40..653637.13 rows=25 width=58)
               Group Key: nation.n_name
               ->  Gather Merge  (cost=653398.40..653636.07 rows=100 width=58)
                     Workers Planned: 4
                     ->  Partial GroupAggregate  (cost=652398.34..652624.10 rows=25 width=58)
                           Group Key: nation.n_name
                           ->  Sort  (cost=652398.34..652443.43 rows=18036 width=38)
                                 Sort Key: nation.n_name
                                 ->  Parallel Hash Join  (cost=72485.52..651123.32 rows=18036 width=38)
                                       Hash Cond: ((lineitem.l_suppkey = supplier.s_suppkey) AND (customer.c_nationkey = supplier.s_nationkey))
                                       ->  Nested Loop  (cost=68793.93..645065.11 rows=450784 width=50)
                                             ->  Parallel Hash Join  (cost=68793.36..340910.59 rows=112719 width=38)
                                                   Hash Cond: (orders.o_custkey = customer.c_custkey)
                                                   ->  Parallel Bitmap Heap Scan on orders  (cost=25999.87..295721.81 rows=563596 width=8)
                                                         Recheck Cond: ((o_orderdate >= '1993-01-01'::date) AND (o_orderdate < '1994-01-01'::date))
                                                         ->  Bitmap Index Scan on idx_orders_orderdate  (cost=0.00..25436.28 rows=2254384 width=0)
                                                               Index Cond: ((o_orderdate >= '1993-01-01'::date) AND (o_orderdate < '1994-01-01'::date))
                                                   ->  Parallel Hash  (cost=41855.97..41855.97 rows=75002 width=38)
                                                         ->  Hash Join  (cost=2.51..41855.97 rows=75002 width=38)
                                                               Hash Cond: (customer.c_nationkey = nation.n_nationkey)
                                                               ->  Parallel Seq Scan on customer  (cost=0.00..39697.13 rows=375013 width=8)
                                                               ->  Hash  (cost=2.45..2.45 rows=5 width=30)
                                                                     ->  Hash Join  (cost=1.07..2.45 rows=5 width=30)
                                                                           Hash Cond: (nation.n_regionkey = region.r_regionkey)
                                                                           ->  Seq Scan on nation  (cost=0.00..1.25 rows=25 width=34)
                                                                           ->  Hash  (cost=1.06..1.06 rows=1 width=4)
                                                                                 ->  Seq Scan on region  (cost=0.00..1.06 rows=1 width=4)
                                                                                       Filter: (r_name = 'AMERICA'::bpchar)
                                             ->  Index Scan using idx_lineitem_orderkey on lineitem  (cost=0.56..2.66 rows=4 width=20)
                                                   Index Cond: (l_orderkey = orders.o_orderkey)
                                       ->  Parallel Hash  (cost=2809.24..2809.24 rows=58824 width=8)
                                             ->  Parallel Seq Scan on supplier  (cost=0.00..2809.24 rows=58824 width=8)
(35 rows)

query 5 run 3
SET
SET
SET
                                                                       QUERY PLAN                                                                       
--------------------------------------------------------------------------------------------------------------------------------------------------------
 Limit  (cost=653637.26..653637.26 rows=1 width=58)
   ->  Sort  (cost=653637.26..653637.32 rows=25 width=58)
         Sort Key: (sum((lineitem.l_extendedprice * ('1'::numeric - lineitem.l_discount)))) DESC
         ->  Finalize GroupAggregate  (cost=653398.40..653637.13 rows=25 width=58)
               Group Key: nation.n_name
               ->  Gather Merge  (cost=653398.40..653636.07 rows=100 width=58)
                     Workers Planned: 4
                     ->  Partial GroupAggregate  (cost=652398.34..652624.10 rows=25 width=58)
                           Group Key: nation.n_name
                           ->  Sort  (cost=652398.34..652443.43 rows=18036 width=38)
                                 Sort Key: nation.n_name
                                 ->  Parallel Hash Join  (cost=72485.52..651123.32 rows=18036 width=38)
                                       Hash Cond: ((lineitem.l_suppkey = supplier.s_suppkey) AND (customer.c_nationkey = supplier.s_nationkey))
                                       ->  Nested Loop  (cost=68793.93..645065.11 rows=450784 width=50)
                                             ->  Parallel Hash Join  (cost=68793.36..340910.59 rows=112719 width=38)
                                                   Hash Cond: (orders.o_custkey = customer.c_custkey)
                                                   ->  Parallel Bitmap Heap Scan on orders  (cost=25999.87..295721.81 rows=563596 width=8)
                                                         Recheck Cond: ((o_orderdate >= '1993-01-01'::date) AND (o_orderdate < '1994-01-01'::date))
                                                         ->  Bitmap Index Scan on idx_orders_orderdate  (cost=0.00..25436.28 rows=2254384 width=0)
                                                               Index Cond: ((o_orderdate >= '1993-01-01'::date) AND (o_orderdate < '1994-01-01'::date))
                                                   ->  Parallel Hash  (cost=41855.97..41855.97 rows=75002 width=38)
                                                         ->  Hash Join  (cost=2.51..41855.97 rows=75002 width=38)
                                                               Hash Cond: (customer.c_nationkey = nation.n_nationkey)
                                                               ->  Parallel Seq Scan on customer  (cost=0.00..39697.13 rows=375013 width=8)
                                                               ->  Hash  (cost=2.45..2.45 rows=5 width=30)
                                                                     ->  Hash Join  (cost=1.07..2.45 rows=5 width=30)
                                                                           Hash Cond: (nation.n_regionkey = region.r_regionkey)
                                                                           ->  Seq Scan on nation  (cost=0.00..1.25 rows=25 width=34)
                                                                           ->  Hash  (cost=1.06..1.06 rows=1 width=4)
                                                                                 ->  Seq Scan on region  (cost=0.00..1.06 rows=1 width=4)
                                                                                       Filter: (r_name = 'AMERICA'::bpchar)
                                             ->  Index Scan using idx_lineitem_orderkey on lineitem  (cost=0.56..2.66 rows=4 width=20)
                                                   Index Cond: (l_orderkey = orders.o_orderkey)
                                       ->  Parallel Hash  (cost=2809.24..2809.24 rows=58824 width=8)
                                             ->  Parallel Seq Scan on supplier  (cost=0.00..2809.24 rows=58824 width=8)
(35 rows)

query 6 run 1
SET
SET
SET
                                                                                                                QUERY PLAN                                                                                                                 
-------------------------------------------------------------------------------------------------------------------------------------------------------------------------------------------------------------------------------------------
 Limit  (cost=1275420.92..1275420.93 rows=1 width=32)
   ->  Finalize Aggregate  (cost=1275420.92..1275420.93 rows=1 width=32)
         ->  Gather  (cost=1275420.49..1275420.90 rows=4 width=32)
               Workers Planned: 4
               ->  Partial Aggregate  (cost=1274420.49..1274420.50 rows=1 width=32)
                     ->  Parallel Bitmap Heap Scan on lineitem  (cost=211135.82..1272955.81 rows=292935 width=12)
                           Recheck Cond: ((l_shipdate >= '1993-01-01'::date) AND (l_shipdate < '1994-01-01 00:00:00'::timestamp without time zone) AND (l_discount >= 0.06) AND (l_discount <= 0.08) AND (l_quantity < '25'::numeric))
                           ->  Bitmap Index Scan on idx_lineitem_shipdate  (cost=0.00..210842.89 rows=1171741 width=0)
                                 Index Cond: ((l_shipdate >= '1993-01-01'::date) AND (l_shipdate < '1994-01-01 00:00:00'::timestamp without time zone) AND (l_discount >= 0.06) AND (l_discount <= 0.08) AND (l_quantity < '25'::numeric))
(9 rows)

query 6 run 2
SET
SET
SET
                                                                                                                QUERY PLAN                                                                                                                 
-------------------------------------------------------------------------------------------------------------------------------------------------------------------------------------------------------------------------------------------
 Limit  (cost=1275420.92..1275420.93 rows=1 width=32)
   ->  Finalize Aggregate  (cost=1275420.92..1275420.93 rows=1 width=32)
         ->  Gather  (cost=1275420.49..1275420.90 rows=4 width=32)
               Workers Planned: 4
               ->  Partial Aggregate  (cost=1274420.49..1274420.50 rows=1 width=32)
                     ->  Parallel Bitmap Heap Scan on lineitem  (cost=211135.82..1272955.81 rows=292935 width=12)
                           Recheck Cond: ((l_shipdate >= '1993-01-01'::date) AND (l_shipdate < '1994-01-01 00:00:00'::timestamp without time zone) AND (l_discount >= 0.06) AND (l_discount <= 0.08) AND (l_quantity < '25'::numeric))
                           ->  Bitmap Index Scan on idx_lineitem_shipdate  (cost=0.00..210842.89 rows=1171741 width=0)
                                 Index Cond: ((l_shipdate >= '1993-01-01'::date) AND (l_shipdate < '1994-01-01 00:00:00'::timestamp without time zone) AND (l_discount >= 0.06) AND (l_discount <= 0.08) AND (l_quantity < '25'::numeric))
(9 rows)

query 6 run 3
SET
SET
SET
                                                                                                                QUERY PLAN                                                                                                                 
-------------------------------------------------------------------------------------------------------------------------------------------------------------------------------------------------------------------------------------------
 Limit  (cost=1275420.92..1275420.93 rows=1 width=32)
   ->  Finalize Aggregate  (cost=1275420.92..1275420.93 rows=1 width=32)
         ->  Gather  (cost=1275420.49..1275420.90 rows=4 width=32)
               Workers Planned: 4
               ->  Partial Aggregate  (cost=1274420.49..1274420.50 rows=1 width=32)
                     ->  Parallel Bitmap Heap Scan on lineitem  (cost=211135.82..1272955.81 rows=292935 width=12)
                           Recheck Cond: ((l_shipdate >= '1993-01-01'::date) AND (l_shipdate < '1994-01-01 00:00:00'::timestamp without time zone) AND (l_discount >= 0.06) AND (l_discount <= 0.08) AND (l_quantity < '25'::numeric))
                           ->  Bitmap Index Scan on idx_lineitem_shipdate  (cost=0.00..210842.89 rows=1171741 width=0)
                                 Index Cond: ((l_shipdate >= '1993-01-01'::date) AND (l_shipdate < '1994-01-01 00:00:00'::timestamp without time zone) AND (l_discount >= 0.06) AND (l_discount <= 0.08) AND (l_quantity < '25'::numeric))
(9 rows)

query 7 run 1
SET
SET
SET
                                                                                       QUERY PLAN                                                                                        
-----------------------------------------------------------------------------------------------------------------------------------------------------------------------------------------
 Limit  (cost=1153200.32..1153200.90 rows=1 width=116)
   ->  Finalize GroupAggregate  (cost=1153200.32..1159034.81 rows=10008 width=116)
         Group Key: n1.n_name, n2.n_name, (EXTRACT(year FROM lineitem.l_shipdate))
         ->  Gather Merge  (cost=1153200.32..1158384.29 rows=40032 width=116)
               Workers Planned: 4
               ->  Partial GroupAggregate  (cost=1152200.26..1152616.03 rows=10008 width=116)
                     Group Key: n1.n_name, n2.n_name, (EXTRACT(year FROM lineitem.l_shipdate))
                     ->  Sort  (cost=1152200.26..1152238.21 rows=15180 width=96)
                           Sort Key: n1.n_name, n2.n_name, (EXTRACT(year FROM lineitem.l_shipdate))
                           ->  Parallel Hash Join  (cost=44275.45..1151146.02 rows=15180 width=96)
                                 Hash Cond: (lineitem.l_suppkey = supplier.s_suppkey)
                                 Join Filter: (((n1.n_name = 'PERU'::bpchar) AND (n2.n_name = 'MOROCCO'::bpchar)) OR ((n1.n_name = 'MOROCCO'::bpchar) AND (n2.n_name = 'PERU'::bpchar)))
                                 ->  Nested Loop  (cost=41225.40..1146346.89 rows=364756 width=46)
                                       ->  Parallel Hash Join  (cost=41224.84..354800.65 rows=299973 width=30)
                                             Hash Cond: (orders.o_custkey = customer.c_custkey)
                                             ->  Parallel Seq Scan on orders  (cost=0.00..298764.64 rows=3749664 width=8)
                                             ->  Parallel Hash  (cost=40849.83..40849.83 rows=30001 width=30)
                                                   ->  Hash Join  (cost=1.40..40849.83 rows=30001 width=30)
                                                         Hash Cond: (customer.c_nationkey = n2.n_nationkey)
                                                         ->  Parallel Seq Scan on customer  (cost=0.00..39697.13 rows=375013 width=8)
                                                         ->  Hash  (cost=1.38..1.38 rows=2 width=30)
                                                               ->  Seq Scan on nation n2  (cost=0.00..1.38 rows=2 width=30)
                                                                     Filter: ((n_name = 'MOROCCO'::bpchar) OR (n_name = 'PERU'::bpchar))
                                       ->  Index Scan using idx_lineitem_orderkey on lineitem  (cost=0.56..2.63 rows=1 width=24)
                                             Index Cond: (l_orderkey = orders.o_orderkey)
                                             Filter: ((l_shipdate >= '1995-01-01'::date) AND (l_shipdate <= '1996-12-31'::date))
                                 ->  Parallel Hash  (cost=2991.23..2991.23 rows=4706 width=30)
                                       ->  Hash Join  (cost=1.40..2991.23 rows=4706 width=30)
                                             Hash Cond: (supplier.s_nationkey = n1.n_nationkey)
                                             ->  Parallel Seq Scan on supplier  (cost=0.00..2809.24 rows=58824 width=8)
                                             ->  Hash  (cost=1.38..1.38 rows=2 width=30)
                                                   ->  Seq Scan on nation n1  (cost=0.00..1.38 rows=2 width=30)
                                                         Filter: ((n_name = 'PERU'::bpchar) OR (n_name = 'MOROCCO'::bpchar))
(33 rows)

query 7 run 2
SET
SET
SET
                                                                                       QUERY PLAN                                                                                        
-----------------------------------------------------------------------------------------------------------------------------------------------------------------------------------------
 Limit  (cost=1153200.32..1153200.90 rows=1 width=116)
   ->  Finalize GroupAggregate  (cost=1153200.32..1159034.81 rows=10008 width=116)
         Group Key: n1.n_name, n2.n_name, (EXTRACT(year FROM lineitem.l_shipdate))
         ->  Gather Merge  (cost=1153200.32..1158384.29 rows=40032 width=116)
               Workers Planned: 4
               ->  Partial GroupAggregate  (cost=1152200.26..1152616.03 rows=10008 width=116)
                     Group Key: n1.n_name, n2.n_name, (EXTRACT(year FROM lineitem.l_shipdate))
                     ->  Sort  (cost=1152200.26..1152238.21 rows=15180 width=96)
                           Sort Key: n1.n_name, n2.n_name, (EXTRACT(year FROM lineitem.l_shipdate))
                           ->  Parallel Hash Join  (cost=44275.45..1151146.02 rows=15180 width=96)
                                 Hash Cond: (lineitem.l_suppkey = supplier.s_suppkey)
                                 Join Filter: (((n1.n_name = 'PERU'::bpchar) AND (n2.n_name = 'MOROCCO'::bpchar)) OR ((n1.n_name = 'MOROCCO'::bpchar) AND (n2.n_name = 'PERU'::bpchar)))
                                 ->  Nested Loop  (cost=41225.40..1146346.89 rows=364756 width=46)
                                       ->  Parallel Hash Join  (cost=41224.84..354800.65 rows=299973 width=30)
                                             Hash Cond: (orders.o_custkey = customer.c_custkey)
                                             ->  Parallel Seq Scan on orders  (cost=0.00..298764.64 rows=3749664 width=8)
                                             ->  Parallel Hash  (cost=40849.83..40849.83 rows=30001 width=30)
                                                   ->  Hash Join  (cost=1.40..40849.83 rows=30001 width=30)
                                                         Hash Cond: (customer.c_nationkey = n2.n_nationkey)
                                                         ->  Parallel Seq Scan on customer  (cost=0.00..39697.13 rows=375013 width=8)
                                                         ->  Hash  (cost=1.38..1.38 rows=2 width=30)
                                                               ->  Seq Scan on nation n2  (cost=0.00..1.38 rows=2 width=30)
                                                                     Filter: ((n_name = 'MOROCCO'::bpchar) OR (n_name = 'PERU'::bpchar))
                                       ->  Index Scan using idx_lineitem_orderkey on lineitem  (cost=0.56..2.63 rows=1 width=24)
                                             Index Cond: (l_orderkey = orders.o_orderkey)
                                             Filter: ((l_shipdate >= '1995-01-01'::date) AND (l_shipdate <= '1996-12-31'::date))
                                 ->  Parallel Hash  (cost=2991.23..2991.23 rows=4706 width=30)
                                       ->  Hash Join  (cost=1.40..2991.23 rows=4706 width=30)
                                             Hash Cond: (supplier.s_nationkey = n1.n_nationkey)
                                             ->  Parallel Seq Scan on supplier  (cost=0.00..2809.24 rows=58824 width=8)
                                             ->  Hash  (cost=1.38..1.38 rows=2 width=30)
                                                   ->  Seq Scan on nation n1  (cost=0.00..1.38 rows=2 width=30)
                                                         Filter: ((n_name = 'PERU'::bpchar) OR (n_name = 'MOROCCO'::bpchar))
(33 rows)

query 7 run 3
SET
SET
SET
                                                                                       QUERY PLAN                                                                                        
-----------------------------------------------------------------------------------------------------------------------------------------------------------------------------------------
 Limit  (cost=1153200.32..1153200.90 rows=1 width=116)
   ->  Finalize GroupAggregate  (cost=1153200.32..1159034.81 rows=10008 width=116)
         Group Key: n1.n_name, n2.n_name, (EXTRACT(year FROM lineitem.l_shipdate))
         ->  Gather Merge  (cost=1153200.32..1158384.29 rows=40032 width=116)
               Workers Planned: 4
               ->  Partial GroupAggregate  (cost=1152200.26..1152616.03 rows=10008 width=116)
                     Group Key: n1.n_name, n2.n_name, (EXTRACT(year FROM lineitem.l_shipdate))
                     ->  Sort  (cost=1152200.26..1152238.21 rows=15180 width=96)
                           Sort Key: n1.n_name, n2.n_name, (EXTRACT(year FROM lineitem.l_shipdate))
                           ->  Parallel Hash Join  (cost=44275.45..1151146.02 rows=15180 width=96)
                                 Hash Cond: (lineitem.l_suppkey = supplier.s_suppkey)
                                 Join Filter: (((n1.n_name = 'PERU'::bpchar) AND (n2.n_name = 'MOROCCO'::bpchar)) OR ((n1.n_name = 'MOROCCO'::bpchar) AND (n2.n_name = 'PERU'::bpchar)))
                                 ->  Nested Loop  (cost=41225.40..1146346.89 rows=364756 width=46)
                                       ->  Parallel Hash Join  (cost=41224.84..354800.65 rows=299973 width=30)
                                             Hash Cond: (orders.o_custkey = customer.c_custkey)
                                             ->  Parallel Seq Scan on orders  (cost=0.00..298764.64 rows=3749664 width=8)
                                             ->  Parallel Hash  (cost=40849.83..40849.83 rows=30001 width=30)
                                                   ->  Hash Join  (cost=1.40..40849.83 rows=30001 width=30)
                                                         Hash Cond: (customer.c_nationkey = n2.n_nationkey)
                                                         ->  Parallel Seq Scan on customer  (cost=0.00..39697.13 rows=375013 width=8)
                                                         ->  Hash  (cost=1.38..1.38 rows=2 width=30)
                                                               ->  Seq Scan on nation n2  (cost=0.00..1.38 rows=2 width=30)
                                                                     Filter: ((n_name = 'MOROCCO'::bpchar) OR (n_name = 'PERU'::bpchar))
                                       ->  Index Scan using idx_lineitem_orderkey on lineitem  (cost=0.56..2.63 rows=1 width=24)
                                             Index Cond: (l_orderkey = orders.o_orderkey)
                                             Filter: ((l_shipdate >= '1995-01-01'::date) AND (l_shipdate <= '1996-12-31'::date))
                                 ->  Parallel Hash  (cost=2991.23..2991.23 rows=4706 width=30)
                                       ->  Hash Join  (cost=1.40..2991.23 rows=4706 width=30)
                                             Hash Cond: (supplier.s_nationkey = n1.n_nationkey)
                                             ->  Parallel Seq Scan on supplier  (cost=0.00..2809.24 rows=58824 width=8)
                                             ->  Hash  (cost=1.38..1.38 rows=2 width=30)
                                                   ->  Seq Scan on nation n1  (cost=0.00..1.38 rows=2 width=30)
                                                         Filter: ((n_name = 'PERU'::bpchar) OR (n_name = 'MOROCCO'::bpchar))
(33 rows)

query 8 run 1
SET
SET
SET
                                                                  QUERY PLAN                                                                   
-----------------------------------------------------------------------------------------------------------------------------------------------
 Limit  (cost=386532.56..390790.03 rows=1 width=64)
   ->  GroupAggregate  (cost=386532.56..10630016.27 rows=2406 width=64)
         Group Key: EXTRACT(year FROM orders.o_orderdate)
         ->  Nested Loop  (cost=386532.56..10629499.89 rows=23413 width=70)
               Join Filter: (supplier.s_nationkey = n2.n_nationkey)
               ->  Nested Loop  (cost=386532.56..10620984.51 rows=23413 width=20)
                     ->  Nested Loop  (cost=386532.26..10568655.49 rows=23413 width=20)
                           ->  Nested Loop  (cost=386531.83..2961448.95 rows=3659402 width=24)
                                 ->  Gather Merge  (cost=386531.26..496093.13 rows=915039 width=8)
                                       Workers Planned: 4
                                       ->  Sort  (cost=385531.20..386103.10 rows=228760 width=8)
                                             Sort Key: (EXTRACT(year FROM orders.o_orderdate))
                                             ->  Parallel Hash Join  (cost=42793.49..365167.59 rows=228760 width=8)
                                                   Hash Cond: (orders.o_custkey = customer.c_custkey)
                                                   ->  Parallel Seq Scan on orders  (cost=0.00..317512.96 rows=1143799 width=12)
                                                         Filter: ((o_orderdate >= '1995-01-01'::date) AND (o_orderdate <= '1996-12-31'::date))
                                                   ->  Parallel Hash  (cost=41855.97..41855.97 rows=75002 width=4)
                                                         ->  Hash Join  (cost=2.51..41855.97 rows=75002 width=4)
                                                               Hash Cond: (customer.c_nationkey = n1.n_nationkey)
                                                               ->  Parallel Seq Scan on customer  (cost=0.00..39697.13 rows=375013 width=8)
                                                               ->  Hash  (cost=2.45..2.45 rows=5 width=4)
                                                                     ->  Hash Join  (cost=1.07..2.45 rows=5 width=4)
                                                                           Hash Cond: (n1.n_regionkey = region.r_regionkey)
                                                                           ->  Seq Scan on nation n1  (cost=0.00..1.25 rows=25 width=8)
                                                                           ->  Hash  (cost=1.06..1.06 rows=1 width=4)
                                                                                 ->  Seq Scan on region  (cost=0.00..1.06 rows=1 width=4)
                                                                                       Filter: (r_name = 'AMERICA'::bpchar)
                                 ->  Index Scan using idx_lineitem_orderkey on lineitem  (cost=0.56..2.65 rows=4 width=24)
                                       Index Cond: (l_orderkey = orders.o_orderkey)
                           ->  Memoize  (cost=0.44..2.39 rows=1 width=4)
                                 Cache Key: lineitem.l_partkey
                                 Cache Mode: logical
                                 ->  Index Scan using part_pkey on part  (cost=0.43..2.38 rows=1 width=4)
                                       Index Cond: (p_partkey = lineitem.l_partkey)
                                       Filter: ((p_type)::text = 'LARGE POLISHED BRASS'::text)
                     ->  Index Scan using supplier_pkey on supplier  (cost=0.29..2.24 rows=1 width=8)
                           Index Cond: (s_suppkey = lineitem.l_suppkey)
               ->  Materialize  (cost=0.00..1.38 rows=25 width=30)
                     ->  Seq Scan on nation n2  (cost=0.00..1.25 rows=25 width=30)
(39 rows)

query 8 run 2
SET
SET
SET
                                                                  QUERY PLAN                                                                   
-----------------------------------------------------------------------------------------------------------------------------------------------
 Limit  (cost=386532.56..390790.03 rows=1 width=64)
   ->  GroupAggregate  (cost=386532.56..10630016.27 rows=2406 width=64)
         Group Key: EXTRACT(year FROM orders.o_orderdate)
         ->  Nested Loop  (cost=386532.56..10629499.89 rows=23413 width=70)
               Join Filter: (supplier.s_nationkey = n2.n_nationkey)
               ->  Nested Loop  (cost=386532.56..10620984.51 rows=23413 width=20)
                     ->  Nested Loop  (cost=386532.26..10568655.49 rows=23413 width=20)
                           ->  Nested Loop  (cost=386531.83..2961448.95 rows=3659402 width=24)
                                 ->  Gather Merge  (cost=386531.26..496093.13 rows=915039 width=8)
                                       Workers Planned: 4
                                       ->  Sort  (cost=385531.20..386103.10 rows=228760 width=8)
                                             Sort Key: (EXTRACT(year FROM orders.o_orderdate))
                                             ->  Parallel Hash Join  (cost=42793.49..365167.59 rows=228760 width=8)
                                                   Hash Cond: (orders.o_custkey = customer.c_custkey)
                                                   ->  Parallel Seq Scan on orders  (cost=0.00..317512.96 rows=1143799 width=12)
                                                         Filter: ((o_orderdate >= '1995-01-01'::date) AND (o_orderdate <= '1996-12-31'::date))
                                                   ->  Parallel Hash  (cost=41855.97..41855.97 rows=75002 width=4)
                                                         ->  Hash Join  (cost=2.51..41855.97 rows=75002 width=4)
                                                               Hash Cond: (customer.c_nationkey = n1.n_nationkey)
                                                               ->  Parallel Seq Scan on customer  (cost=0.00..39697.13 rows=375013 width=8)
                                                               ->  Hash  (cost=2.45..2.45 rows=5 width=4)
                                                                     ->  Hash Join  (cost=1.07..2.45 rows=5 width=4)
                                                                           Hash Cond: (n1.n_regionkey = region.r_regionkey)
                                                                           ->  Seq Scan on nation n1  (cost=0.00..1.25 rows=25 width=8)
                                                                           ->  Hash  (cost=1.06..1.06 rows=1 width=4)
                                                                                 ->  Seq Scan on region  (cost=0.00..1.06 rows=1 width=4)
                                                                                       Filter: (r_name = 'AMERICA'::bpchar)
                                 ->  Index Scan using idx_lineitem_orderkey on lineitem  (cost=0.56..2.65 rows=4 width=24)
                                       Index Cond: (l_orderkey = orders.o_orderkey)
                           ->  Memoize  (cost=0.44..2.39 rows=1 width=4)
                                 Cache Key: lineitem.l_partkey
                                 Cache Mode: logical
                                 ->  Index Scan using part_pkey on part  (cost=0.43..2.38 rows=1 width=4)
                                       Index Cond: (p_partkey = lineitem.l_partkey)
                                       Filter: ((p_type)::text = 'LARGE POLISHED BRASS'::text)
                     ->  Index Scan using supplier_pkey on supplier  (cost=0.29..2.24 rows=1 width=8)
                           Index Cond: (s_suppkey = lineitem.l_suppkey)
               ->  Materialize  (cost=0.00..1.38 rows=25 width=30)
                     ->  Seq Scan on nation n2  (cost=0.00..1.25 rows=25 width=30)
(39 rows)

query 8 run 3
SET
SET
SET
                                                                  QUERY PLAN                                                                   
-----------------------------------------------------------------------------------------------------------------------------------------------
 Limit  (cost=386532.56..390790.03 rows=1 width=64)
   ->  GroupAggregate  (cost=386532.56..10630016.27 rows=2406 width=64)
         Group Key: EXTRACT(year FROM orders.o_orderdate)
         ->  Nested Loop  (cost=386532.56..10629499.89 rows=23413 width=70)
               Join Filter: (supplier.s_nationkey = n2.n_nationkey)
               ->  Nested Loop  (cost=386532.56..10620984.51 rows=23413 width=20)
                     ->  Nested Loop  (cost=386532.26..10568655.49 rows=23413 width=20)
                           ->  Nested Loop  (cost=386531.83..2961448.95 rows=3659402 width=24)
                                 ->  Gather Merge  (cost=386531.26..496093.13 rows=915039 width=8)
                                       Workers Planned: 4
                                       ->  Sort  (cost=385531.20..386103.10 rows=228760 width=8)
                                             Sort Key: (EXTRACT(year FROM orders.o_orderdate))
                                             ->  Parallel Hash Join  (cost=42793.49..365167.59 rows=228760 width=8)
                                                   Hash Cond: (orders.o_custkey = customer.c_custkey)
                                                   ->  Parallel Seq Scan on orders  (cost=0.00..317512.96 rows=1143799 width=12)
                                                         Filter: ((o_orderdate >= '1995-01-01'::date) AND (o_orderdate <= '1996-12-31'::date))
                                                   ->  Parallel Hash  (cost=41855.97..41855.97 rows=75002 width=4)
                                                         ->  Hash Join  (cost=2.51..41855.97 rows=75002 width=4)
                                                               Hash Cond: (customer.c_nationkey = n1.n_nationkey)
                                                               ->  Parallel Seq Scan on customer  (cost=0.00..39697.13 rows=375013 width=8)
                                                               ->  Hash  (cost=2.45..2.45 rows=5 width=4)
                                                                     ->  Hash Join  (cost=1.07..2.45 rows=5 width=4)
                                                                           Hash Cond: (n1.n_regionkey = region.r_regionkey)
                                                                           ->  Seq Scan on nation n1  (cost=0.00..1.25 rows=25 width=8)
                                                                           ->  Hash  (cost=1.06..1.06 rows=1 width=4)
                                                                                 ->  Seq Scan on region  (cost=0.00..1.06 rows=1 width=4)
                                                                                       Filter: (r_name = 'AMERICA'::bpchar)
                                 ->  Index Scan using idx_lineitem_orderkey on lineitem  (cost=0.56..2.65 rows=4 width=24)
                                       Index Cond: (l_orderkey = orders.o_orderkey)
                           ->  Memoize  (cost=0.44..2.39 rows=1 width=4)
                                 Cache Key: lineitem.l_partkey
                                 Cache Mode: logical
                                 ->  Index Scan using part_pkey on part  (cost=0.43..2.38 rows=1 width=4)
                                       Index Cond: (p_partkey = lineitem.l_partkey)
                                       Filter: ((p_type)::text = 'LARGE POLISHED BRASS'::text)
                     ->  Index Scan using supplier_pkey on supplier  (cost=0.29..2.24 rows=1 width=8)
                           Index Cond: (s_suppkey = lineitem.l_suppkey)
               ->  Materialize  (cost=0.00..1.38 rows=25 width=30)
                     ->  Seq Scan on nation n2  (cost=0.00..1.25 rows=25 width=30)
(39 rows)

query 9 run 1
SET
SET
SET
                                                                 QUERY PLAN                                                                  
---------------------------------------------------------------------------------------------------------------------------------------------
 Limit  (cost=40179.85..44846.46 rows=1 width=90)
   ->  GroupAggregate  (cost=40179.85..772837.22 rows=157 width=90)
         Group Key: nation.n_name, (EXTRACT(year FROM orders.o_orderdate))
         ->  Incremental Sort  (cost=40179.85..772832.12 rows=157 width=81)
               Sort Key: nation.n_name, (EXTRACT(year FROM orders.o_orderdate)) DESC
               Presorted Key: nation.n_name
               ->  Nested Loop  (cost=9652.78..772827.58 rows=157 width=81)
                     Join Filter: (supplier.s_suppkey = lineitem.l_suppkey)
                     ->  Gather Merge  (cost=8651.47..20048.53 rows=100000 width=30)
                           Workers Planned: 1
                           ->  Sort  (cost=7651.46..7798.52 rows=58824 width=30)
                                 Sort Key: nation.n_name
                                 ->  Hash Join  (cost=1.56..2991.39 rows=58824 width=30)
                                       Hash Cond: (supplier.s_nationkey = nation.n_nationkey)
                                       ->  Parallel Seq Scan on supplier  (cost=0.00..2809.24 rows=58824 width=8)
                                       ->  Hash  (cost=1.25..1.25 rows=25 width=30)
                                             ->  Seq Scan on nation  (cost=0.00..1.25 rows=25 width=30)
                     ->  Materialize  (cost=1001.31..517279.05 rows=157 width=35)
                           ->  Gather  (cost=1001.31..517278.26 rows=157 width=35)
                                 Workers Planned: 4
                                 ->  Nested Loop  (cost=1.31..516262.56 rows=39 width=35)
                                       ->  Nested Loop  (cost=0.87..516165.17 rows=39 width=35)
                                             ->  Nested Loop  (cost=0.43..156088.47 rows=141413 width=18)
                                                   ->  Parallel Seq Scan on part  (cost=0.00..47230.74 rows=35352 width=4)
                                                         Filter: ((p_name)::text ~~ '%navy%'::text)
                                                   ->  Index Scan using idx_partsupp_partkey on partsupp  (cost=0.43..2.90 rows=18 width=14)
                                                         Index Cond: (ps_partkey = part.p_partkey)
                                             ->  Index Scan using idx_lineitem_part_supp on lineitem  (cost=0.44..2.54 rows=1 width=29)
                                                   Index Cond: ((l_partkey = partsupp.ps_partkey) AND (l_suppkey = partsupp.ps_suppkey))
                                       ->  Index Scan using orders_pkey on orders  (cost=0.43..2.50 rows=1 width=8)
                                             Index Cond: (o_orderkey = lineitem.l_orderkey)
(31 rows)

query 9 run 2
SET
SET
SET
                                                                 QUERY PLAN                                                                  
---------------------------------------------------------------------------------------------------------------------------------------------
 Limit  (cost=40179.85..44846.46 rows=1 width=90)
   ->  GroupAggregate  (cost=40179.85..772837.22 rows=157 width=90)
         Group Key: nation.n_name, (EXTRACT(year FROM orders.o_orderdate))
         ->  Incremental Sort  (cost=40179.85..772832.12 rows=157 width=81)
               Sort Key: nation.n_name, (EXTRACT(year FROM orders.o_orderdate)) DESC
               Presorted Key: nation.n_name
               ->  Nested Loop  (cost=9652.78..772827.58 rows=157 width=81)
                     Join Filter: (supplier.s_suppkey = lineitem.l_suppkey)
                     ->  Gather Merge  (cost=8651.47..20048.53 rows=100000 width=30)
                           Workers Planned: 1
                           ->  Sort  (cost=7651.46..7798.52 rows=58824 width=30)
                                 Sort Key: nation.n_name
                                 ->  Hash Join  (cost=1.56..2991.39 rows=58824 width=30)
                                       Hash Cond: (supplier.s_nationkey = nation.n_nationkey)
                                       ->  Parallel Seq Scan on supplier  (cost=0.00..2809.24 rows=58824 width=8)
                                       ->  Hash  (cost=1.25..1.25 rows=25 width=30)
                                             ->  Seq Scan on nation  (cost=0.00..1.25 rows=25 width=30)
                     ->  Materialize  (cost=1001.31..517279.05 rows=157 width=35)
                           ->  Gather  (cost=1001.31..517278.26 rows=157 width=35)
                                 Workers Planned: 4
                                 ->  Nested Loop  (cost=1.31..516262.56 rows=39 width=35)
                                       ->  Nested Loop  (cost=0.87..516165.17 rows=39 width=35)
                                             ->  Nested Loop  (cost=0.43..156088.47 rows=141413 width=18)
                                                   ->  Parallel Seq Scan on part  (cost=0.00..47230.74 rows=35352 width=4)
                                                         Filter: ((p_name)::text ~~ '%navy%'::text)
                                                   ->  Index Scan using idx_partsupp_partkey on partsupp  (cost=0.43..2.90 rows=18 width=14)
                                                         Index Cond: (ps_partkey = part.p_partkey)
                                             ->  Index Scan using idx_lineitem_part_supp on lineitem  (cost=0.44..2.54 rows=1 width=29)
                                                   Index Cond: ((l_partkey = partsupp.ps_partkey) AND (l_suppkey = partsupp.ps_suppkey))
                                       ->  Index Scan using orders_pkey on orders  (cost=0.43..2.50 rows=1 width=8)
                                             Index Cond: (o_orderkey = lineitem.l_orderkey)
(31 rows)

query 9 run 3
SET
SET
SET
                                                                 QUERY PLAN                                                                  
---------------------------------------------------------------------------------------------------------------------------------------------
 Limit  (cost=40179.85..44846.46 rows=1 width=90)
   ->  GroupAggregate  (cost=40179.85..772837.22 rows=157 width=90)
         Group Key: nation.n_name, (EXTRACT(year FROM orders.o_orderdate))
         ->  Incremental Sort  (cost=40179.85..772832.12 rows=157 width=81)
               Sort Key: nation.n_name, (EXTRACT(year FROM orders.o_orderdate)) DESC
               Presorted Key: nation.n_name
               ->  Nested Loop  (cost=9652.78..772827.58 rows=157 width=81)
                     Join Filter: (supplier.s_suppkey = lineitem.l_suppkey)
                     ->  Gather Merge  (cost=8651.47..20048.53 rows=100000 width=30)
                           Workers Planned: 1
                           ->  Sort  (cost=7651.46..7798.52 rows=58824 width=30)
                                 Sort Key: nation.n_name
                                 ->  Hash Join  (cost=1.56..2991.39 rows=58824 width=30)
                                       Hash Cond: (supplier.s_nationkey = nation.n_nationkey)
                                       ->  Parallel Seq Scan on supplier  (cost=0.00..2809.24 rows=58824 width=8)
                                       ->  Hash  (cost=1.25..1.25 rows=25 width=30)
                                             ->  Seq Scan on nation  (cost=0.00..1.25 rows=25 width=30)
                     ->  Materialize  (cost=1001.31..517279.05 rows=157 width=35)
                           ->  Gather  (cost=1001.31..517278.26 rows=157 width=35)
                                 Workers Planned: 4
                                 ->  Nested Loop  (cost=1.31..516262.56 rows=39 width=35)
                                       ->  Nested Loop  (cost=0.87..516165.17 rows=39 width=35)
                                             ->  Nested Loop  (cost=0.43..156088.47 rows=141413 width=18)
                                                   ->  Parallel Seq Scan on part  (cost=0.00..47230.74 rows=35352 width=4)
                                                         Filter: ((p_name)::text ~~ '%navy%'::text)
                                                   ->  Index Scan using idx_partsupp_partkey on partsupp  (cost=0.43..2.90 rows=18 width=14)
                                                         Index Cond: (ps_partkey = part.p_partkey)
                                             ->  Index Scan using idx_lineitem_part_supp on lineitem  (cost=0.44..2.54 rows=1 width=29)
                                                   Index Cond: ((l_partkey = partsupp.ps_partkey) AND (l_suppkey = partsupp.ps_suppkey))
                                       ->  Index Scan using orders_pkey on orders  (cost=0.43..2.50 rows=1 width=8)
                                             Index Cond: (o_orderkey = lineitem.l_orderkey)
(31 rows)

query 10 run 1
SET
SET
SET
                                                                    QUERY PLAN                                                                    
--------------------------------------------------------------------------------------------------------------------------------------------------
 Limit  (cost=843189.09..843189.14 rows=20 width=202)
   ->  Sort  (cost=843189.09..844633.57 rows=577793 width=202)
         Sort Key: (sum((lineitem.l_extendedprice * ('1'::numeric - lineitem.l_discount)))) DESC
         ->  GroupAggregate  (cost=744187.57..827814.23 rows=577793 width=202)
               Group Key: customer.c_custkey, nation.n_name
               ->  Gather Merge  (cost=744187.57..813369.40 rows=577793 width=182)
                     Workers Planned: 4
                     ->  Sort  (cost=743187.51..743548.63 rows=144448 width=182)
                           Sort Key: customer.c_custkey, nation.n_name
                           ->  Hash Join  (cost=51124.82..730808.18 rows=144448 width=182)
                                 Hash Cond: (customer.c_nationkey = nation.n_nationkey)
                                 ->  Parallel Hash Join  (cost=51123.26..730363.16 rows=144448 width=160)
                                       Hash Cond: (orders.o_custkey = customer.c_custkey)
                                       ->  Nested Loop  (cost=6738.47..685599.19 rows=144448 width=16)
                                             ->  Parallel Bitmap Heap Scan on orders  (cost=6737.90..270196.44 rows=146036 width=8)
                                                   Recheck Cond: ((o_orderdate >= '1994-08-01'::date) AND (o_orderdate < '1994-11-01'::date))
                                                   ->  Bitmap Index Scan on idx_orders_orderdate  (cost=0.00..6591.87 rows=584143 width=0)
                                                         Index Cond: ((o_orderdate >= '1994-08-01'::date) AND (o_orderdate < '1994-11-01'::date))
                                             ->  Index Scan using idx_lineitem_orderkey on lineitem  (cost=0.56..2.83 rows=1 width=16)
                                                   Index Cond: (l_orderkey = orders.o_orderkey)
                                                   Filter: (l_returnflag = 'R'::bpchar)
                                       ->  Parallel Hash  (cost=39697.13..39697.13 rows=375013 width=148)
                                             ->  Parallel Seq Scan on customer  (cost=0.00..39697.13 rows=375013 width=148)
                                 ->  Hash  (cost=1.25..1.25 rows=25 width=30)
                                       ->  Seq Scan on nation  (cost=0.00..1.25 rows=25 width=30)
(25 rows)

query 10 run 2
SET
SET
SET
                                                                    QUERY PLAN                                                                    
--------------------------------------------------------------------------------------------------------------------------------------------------
 Limit  (cost=843189.09..843189.14 rows=20 width=202)
   ->  Sort  (cost=843189.09..844633.57 rows=577793 width=202)
         Sort Key: (sum((lineitem.l_extendedprice * ('1'::numeric - lineitem.l_discount)))) DESC
         ->  GroupAggregate  (cost=744187.57..827814.23 rows=577793 width=202)
               Group Key: customer.c_custkey, nation.n_name
               ->  Gather Merge  (cost=744187.57..813369.40 rows=577793 width=182)
                     Workers Planned: 4
                     ->  Sort  (cost=743187.51..743548.63 rows=144448 width=182)
                           Sort Key: customer.c_custkey, nation.n_name
                           ->  Hash Join  (cost=51124.82..730808.18 rows=144448 width=182)
                                 Hash Cond: (customer.c_nationkey = nation.n_nationkey)
                                 ->  Parallel Hash Join  (cost=51123.26..730363.16 rows=144448 width=160)
                                       Hash Cond: (orders.o_custkey = customer.c_custkey)
                                       ->  Nested Loop  (cost=6738.47..685599.19 rows=144448 width=16)
                                             ->  Parallel Bitmap Heap Scan on orders  (cost=6737.90..270196.44 rows=146036 width=8)
                                                   Recheck Cond: ((o_orderdate >= '1994-08-01'::date) AND (o_orderdate < '1994-11-01'::date))
                                                   ->  Bitmap Index Scan on idx_orders_orderdate  (cost=0.00..6591.87 rows=584143 width=0)
                                                         Index Cond: ((o_orderdate >= '1994-08-01'::date) AND (o_orderdate < '1994-11-01'::date))
                                             ->  Index Scan using idx_lineitem_orderkey on lineitem  (cost=0.56..2.83 rows=1 width=16)
                                                   Index Cond: (l_orderkey = orders.o_orderkey)
                                                   Filter: (l_returnflag = 'R'::bpchar)
                                       ->  Parallel Hash  (cost=39697.13..39697.13 rows=375013 width=148)
                                             ->  Parallel Seq Scan on customer  (cost=0.00..39697.13 rows=375013 width=148)
                                 ->  Hash  (cost=1.25..1.25 rows=25 width=30)
                                       ->  Seq Scan on nation  (cost=0.00..1.25 rows=25 width=30)
(25 rows)

query 10 run 3
SET
SET
SET
                                                                    QUERY PLAN                                                                    
--------------------------------------------------------------------------------------------------------------------------------------------------
 Limit  (cost=843189.09..843189.14 rows=20 width=202)
   ->  Sort  (cost=843189.09..844633.57 rows=577793 width=202)
         Sort Key: (sum((lineitem.l_extendedprice * ('1'::numeric - lineitem.l_discount)))) DESC
         ->  GroupAggregate  (cost=744187.57..827814.23 rows=577793 width=202)
               Group Key: customer.c_custkey, nation.n_name
               ->  Gather Merge  (cost=744187.57..813369.40 rows=577793 width=182)
                     Workers Planned: 4
                     ->  Sort  (cost=743187.51..743548.63 rows=144448 width=182)
                           Sort Key: customer.c_custkey, nation.n_name
                           ->  Hash Join  (cost=51124.82..730808.18 rows=144448 width=182)
                                 Hash Cond: (customer.c_nationkey = nation.n_nationkey)
                                 ->  Parallel Hash Join  (cost=51123.26..730363.16 rows=144448 width=160)
                                       Hash Cond: (orders.o_custkey = customer.c_custkey)
                                       ->  Nested Loop  (cost=6738.47..685599.19 rows=144448 width=16)
                                             ->  Parallel Bitmap Heap Scan on orders  (cost=6737.90..270196.44 rows=146036 width=8)
                                                   Recheck Cond: ((o_orderdate >= '1994-08-01'::date) AND (o_orderdate < '1994-11-01'::date))
                                                   ->  Bitmap Index Scan on idx_orders_orderdate  (cost=0.00..6591.87 rows=584143 width=0)
                                                         Index Cond: ((o_orderdate >= '1994-08-01'::date) AND (o_orderdate < '1994-11-01'::date))
                                             ->  Index Scan using idx_lineitem_orderkey on lineitem  (cost=0.56..2.83 rows=1 width=16)
                                                   Index Cond: (l_orderkey = orders.o_orderkey)
                                                   Filter: (l_returnflag = 'R'::bpchar)
                                       ->  Parallel Hash  (cost=39697.13..39697.13 rows=375013 width=148)
                                             ->  Parallel Seq Scan on customer  (cost=0.00..39697.13 rows=375013 width=148)
                                 ->  Hash  (cost=1.25..1.25 rows=25 width=30)
                                       ->  Seq Scan on nation  (cost=0.00..1.25 rows=25 width=30)
(25 rows)

query 11 run 1
SET
SET
SET
                                                            QUERY PLAN                                                            
----------------------------------------------------------------------------------------------------------------------------------
 Limit  (cost=64470.03..64470.03 rows=1 width=36)
   InitPlan 1 (returns $2)
     ->  Finalize Aggregate  (cost=18017.98..18017.99 rows=1 width=32)
           ->  Gather  (cost=18017.86..18017.97 rows=1 width=32)
                 Workers Planned: 1
                 ->  Partial Aggregate  (cost=17017.86..17017.87 rows=1 width=32)
                       ->  Nested Loop  (cost=1.76..15606.10 rows=188234 width=10)
                             ->  Hash Join  (cost=1.32..2991.15 rows=2353 width=4)
                                   Hash Cond: (supplier_1.s_nationkey = nation_1.n_nationkey)
                                   ->  Parallel Seq Scan on supplier supplier_1  (cost=0.00..2809.24 rows=58824 width=8)
                                   ->  Hash  (cost=1.31..1.31 rows=1 width=4)
                                         ->  Seq Scan on nation nation_1  (cost=0.00..1.31 rows=1 width=4)
                                               Filter: (n_name = 'SAUDI ARABIA'::bpchar)
                             ->  Index Scan using idx_partsupp_suppkey on partsupp partsupp_1  (cost=0.43..4.56 rows=80 width=14)
                                   Index Cond: (ps_suppkey = supplier_1.s_suppkey)
   ->  Sort  (cost=46452.04..46718.70 rows=106666 width=36)
         Sort Key: (sum((partsupp.ps_supplycost * (partsupp.ps_availqty)::numeric))) DESC
         ->  HashAggregate  (cost=37993.75..45918.71 rows=106666 width=36)
               Group Key: partsupp.ps_partkey
               Filter: (sum((partsupp.ps_supplycost * (partsupp.ps_availqty)::numeric)) > $2)
               Planned Partitions: 4
               ->  Nested Loop  (cost=37.72..23706.34 rows=319998 width=14)
                     ->  Nested Loop  (cost=37.29..2261.46 rows=4000 width=4)
                           ->  Seq Scan on nation  (cost=0.00..1.31 rows=1 width=4)
                                 Filter: (n_name = 'SAUDI ARABIA'::bpchar)
                           ->  Bitmap Heap Scan on supplier  (cost=37.29..2220.15 rows=4000 width=8)
                                 Recheck Cond: (s_nationkey = nation.n_nationkey)
                                 ->  Bitmap Index Scan on idx_supplier_nation_key  (cost=0.00..36.29 rows=4000 width=0)
                                       Index Cond: (s_nationkey = nation.n_nationkey)
                     ->  Index Scan using idx_partsupp_suppkey on partsupp  (cost=0.43..4.56 rows=80 width=18)
                           Index Cond: (ps_suppkey = supplier.s_suppkey)
(31 rows)

query 11 run 2
SET
SET
SET
                                                            QUERY PLAN                                                            
----------------------------------------------------------------------------------------------------------------------------------
 Limit  (cost=64470.03..64470.03 rows=1 width=36)
   InitPlan 1 (returns $2)
     ->  Finalize Aggregate  (cost=18017.98..18017.99 rows=1 width=32)
           ->  Gather  (cost=18017.86..18017.97 rows=1 width=32)
                 Workers Planned: 1
                 ->  Partial Aggregate  (cost=17017.86..17017.87 rows=1 width=32)
                       ->  Nested Loop  (cost=1.76..15606.10 rows=188234 width=10)
                             ->  Hash Join  (cost=1.32..2991.15 rows=2353 width=4)
                                   Hash Cond: (supplier_1.s_nationkey = nation_1.n_nationkey)
                                   ->  Parallel Seq Scan on supplier supplier_1  (cost=0.00..2809.24 rows=58824 width=8)
                                   ->  Hash  (cost=1.31..1.31 rows=1 width=4)
                                         ->  Seq Scan on nation nation_1  (cost=0.00..1.31 rows=1 width=4)
                                               Filter: (n_name = 'SAUDI ARABIA'::bpchar)
                             ->  Index Scan using idx_partsupp_suppkey on partsupp partsupp_1  (cost=0.43..4.56 rows=80 width=14)
                                   Index Cond: (ps_suppkey = supplier_1.s_suppkey)
   ->  Sort  (cost=46452.04..46718.70 rows=106666 width=36)
         Sort Key: (sum((partsupp.ps_supplycost * (partsupp.ps_availqty)::numeric))) DESC
         ->  HashAggregate  (cost=37993.75..45918.71 rows=106666 width=36)
               Group Key: partsupp.ps_partkey
               Filter: (sum((partsupp.ps_supplycost * (partsupp.ps_availqty)::numeric)) > $2)
               Planned Partitions: 4
               ->  Nested Loop  (cost=37.72..23706.34 rows=319998 width=14)
                     ->  Nested Loop  (cost=37.29..2261.46 rows=4000 width=4)
                           ->  Seq Scan on nation  (cost=0.00..1.31 rows=1 width=4)
                                 Filter: (n_name = 'SAUDI ARABIA'::bpchar)
                           ->  Bitmap Heap Scan on supplier  (cost=37.29..2220.15 rows=4000 width=8)
                                 Recheck Cond: (s_nationkey = nation.n_nationkey)
                                 ->  Bitmap Index Scan on idx_supplier_nation_key  (cost=0.00..36.29 rows=4000 width=0)
                                       Index Cond: (s_nationkey = nation.n_nationkey)
                     ->  Index Scan using idx_partsupp_suppkey on partsupp  (cost=0.43..4.56 rows=80 width=18)
                           Index Cond: (ps_suppkey = supplier.s_suppkey)
(31 rows)

query 11 run 3
SET
SET
SET
                                                            QUERY PLAN                                                            
----------------------------------------------------------------------------------------------------------------------------------
 Limit  (cost=64470.03..64470.03 rows=1 width=36)
   InitPlan 1 (returns $2)
     ->  Finalize Aggregate  (cost=18017.98..18017.99 rows=1 width=32)
           ->  Gather  (cost=18017.86..18017.97 rows=1 width=32)
                 Workers Planned: 1
                 ->  Partial Aggregate  (cost=17017.86..17017.87 rows=1 width=32)
                       ->  Nested Loop  (cost=1.76..15606.10 rows=188234 width=10)
                             ->  Hash Join  (cost=1.32..2991.15 rows=2353 width=4)
                                   Hash Cond: (supplier_1.s_nationkey = nation_1.n_nationkey)
                                   ->  Parallel Seq Scan on supplier supplier_1  (cost=0.00..2809.24 rows=58824 width=8)
                                   ->  Hash  (cost=1.31..1.31 rows=1 width=4)
                                         ->  Seq Scan on nation nation_1  (cost=0.00..1.31 rows=1 width=4)
                                               Filter: (n_name = 'SAUDI ARABIA'::bpchar)
                             ->  Index Scan using idx_partsupp_suppkey on partsupp partsupp_1  (cost=0.43..4.56 rows=80 width=14)
                                   Index Cond: (ps_suppkey = supplier_1.s_suppkey)
   ->  Sort  (cost=46452.04..46718.70 rows=106666 width=36)
         Sort Key: (sum((partsupp.ps_supplycost * (partsupp.ps_availqty)::numeric))) DESC
         ->  HashAggregate  (cost=37993.75..45918.71 rows=106666 width=36)
               Group Key: partsupp.ps_partkey
               Filter: (sum((partsupp.ps_supplycost * (partsupp.ps_availqty)::numeric)) > $2)
               Planned Partitions: 4
               ->  Nested Loop  (cost=37.72..23706.34 rows=319998 width=14)
                     ->  Nested Loop  (cost=37.29..2261.46 rows=4000 width=4)
                           ->  Seq Scan on nation  (cost=0.00..1.31 rows=1 width=4)
                                 Filter: (n_name = 'SAUDI ARABIA'::bpchar)
                           ->  Bitmap Heap Scan on supplier  (cost=37.29..2220.15 rows=4000 width=8)
                                 Recheck Cond: (s_nationkey = nation.n_nationkey)
                                 ->  Bitmap Index Scan on idx_supplier_nation_key  (cost=0.00..36.29 rows=4000 width=0)
                                       Index Cond: (s_nationkey = nation.n_nationkey)
                     ->  Index Scan using idx_partsupp_suppkey on partsupp  (cost=0.43..4.56 rows=80 width=18)
                           Index Cond: (ps_suppkey = supplier.s_suppkey)
(31 rows)

query 12 run 1
SET
SET
SET
                                                                                                                    QUERY PLAN                                                                                                                     
---------------------------------------------------------------------------------------------------------------------------------------------------------------------------------------------------------------------------------------------------
 Limit  (cost=1469463.98..1578976.57 rows=1 width=27)
   ->  GroupAggregate  (cost=1469463.98..2236052.11 rows=7 width=27)
         Group Key: lineitem.l_shipmode
         ->  Nested Loop  (cost=1469463.98..2230923.42 rows=293064 width=27)
               ->  Gather Merge  (cost=1469463.54..1504553.46 rows=293064 width=15)
                     Workers Planned: 4
                     ->  Sort  (cost=1468463.49..1468646.65 rows=73266 width=15)
                           Sort Key: lineitem.l_shipmode
                           ->  Parallel Seq Scan on lineitem  (cost=0.00..1462543.28 rows=73266 width=15)
                                 Filter: ((l_shipmode = ANY ('{SHIP,"REG AIR"}'::bpchar[])) AND (l_commitdate < l_receiptdate) AND (l_shipdate < l_commitdate) AND (l_receiptdate >= '1994-01-01'::date) AND (l_receiptdate < '1995-01-01'::date))
               ->  Index Scan using orders_pkey on orders  (cost=0.43..2.48 rows=1 width=20)
                     Index Cond: (o_orderkey = lineitem.l_orderkey)
(12 rows)

query 12 run 2
SET
SET
SET
                                                                                                                    QUERY PLAN                                                                                                                     
---------------------------------------------------------------------------------------------------------------------------------------------------------------------------------------------------------------------------------------------------
 Limit  (cost=1469463.98..1578976.57 rows=1 width=27)
   ->  GroupAggregate  (cost=1469463.98..2236052.11 rows=7 width=27)
         Group Key: lineitem.l_shipmode
         ->  Nested Loop  (cost=1469463.98..2230923.42 rows=293064 width=27)
               ->  Gather Merge  (cost=1469463.54..1504553.46 rows=293064 width=15)
                     Workers Planned: 4
                     ->  Sort  (cost=1468463.49..1468646.65 rows=73266 width=15)
                           Sort Key: lineitem.l_shipmode
                           ->  Parallel Seq Scan on lineitem  (cost=0.00..1462543.28 rows=73266 width=15)
                                 Filter: ((l_shipmode = ANY ('{SHIP,"REG AIR"}'::bpchar[])) AND (l_commitdate < l_receiptdate) AND (l_shipdate < l_commitdate) AND (l_receiptdate >= '1994-01-01'::date) AND (l_receiptdate < '1995-01-01'::date))
               ->  Index Scan using orders_pkey on orders  (cost=0.43..2.48 rows=1 width=20)
                     Index Cond: (o_orderkey = lineitem.l_orderkey)
(12 rows)

query 12 run 3
SET
SET
SET
                                                                                                                    QUERY PLAN                                                                                                                     
---------------------------------------------------------------------------------------------------------------------------------------------------------------------------------------------------------------------------------------------------
 Limit  (cost=1469463.98..1578976.57 rows=1 width=27)
   ->  GroupAggregate  (cost=1469463.98..2236052.11 rows=7 width=27)
         Group Key: lineitem.l_shipmode
         ->  Nested Loop  (cost=1469463.98..2230923.42 rows=293064 width=27)
               ->  Gather Merge  (cost=1469463.54..1504553.46 rows=293064 width=15)
                     Workers Planned: 4
                     ->  Sort  (cost=1468463.49..1468646.65 rows=73266 width=15)
                           Sort Key: lineitem.l_shipmode
                           ->  Parallel Seq Scan on lineitem  (cost=0.00..1462543.28 rows=73266 width=15)
                                 Filter: ((l_shipmode = ANY ('{SHIP,"REG AIR"}'::bpchar[])) AND (l_commitdate < l_receiptdate) AND (l_shipdate < l_commitdate) AND (l_receiptdate >= '1994-01-01'::date) AND (l_receiptdate < '1995-01-01'::date))
               ->  Index Scan using orders_pkey on orders  (cost=0.43..2.48 rows=1 width=20)
                     Index Cond: (o_orderkey = lineitem.l_orderkey)
(12 rows)

query 13 run 1
SET
SET
SET
                                                        QUERY PLAN                                                         
---------------------------------------------------------------------------------------------------------------------------
 Limit  (cost=1001916.66..1001916.66 rows=1 width=16)
   ->  Sort  (cost=1001916.66..1001917.16 rows=200 width=16)
         Sort Key: (count(*)) DESC, (count(orders.o_orderkey)) DESC
         ->  HashAggregate  (cost=1001913.66..1001915.66 rows=200 width=16)
               Group Key: count(orders.o_orderkey)
               ->  GroupAggregate  (cost=0.86..979412.88 rows=1500052 width=12)
                     Group Key: customer.c_custkey
                     ->  Merge Left Join  (cost=0.86..891691.60 rows=14544151 width=8)
                           Merge Cond: (customer.c_custkey = orders.o_custkey)
                           ->  Index Only Scan using customer_pkey on customer  (cost=0.43..28675.21 rows=1500052 width=4)
                           ->  Index Scan using idx_orders_custkey on orders  (cost=0.43..677464.38 rows=14544151 width=8)
                                 Filter: ((o_comment)::text !~~ '%special%requests%'::text)
(12 rows)

query 13 run 2
SET
SET
SET
                                                        QUERY PLAN                                                         
---------------------------------------------------------------------------------------------------------------------------
 Limit  (cost=1001916.66..1001916.66 rows=1 width=16)
   ->  Sort  (cost=1001916.66..1001917.16 rows=200 width=16)
         Sort Key: (count(*)) DESC, (count(orders.o_orderkey)) DESC
         ->  HashAggregate  (cost=1001913.66..1001915.66 rows=200 width=16)
               Group Key: count(orders.o_orderkey)
               ->  GroupAggregate  (cost=0.86..979412.88 rows=1500052 width=12)
                     Group Key: customer.c_custkey
                     ->  Merge Left Join  (cost=0.86..891691.60 rows=14544151 width=8)
                           Merge Cond: (customer.c_custkey = orders.o_custkey)
                           ->  Index Only Scan using customer_pkey on customer  (cost=0.43..28675.21 rows=1500052 width=4)
                           ->  Index Scan using idx_orders_custkey on orders  (cost=0.43..677464.38 rows=14544151 width=8)
                                 Filter: ((o_comment)::text !~~ '%special%requests%'::text)
(12 rows)

query 13 run 3
SET
SET
SET
                                                        QUERY PLAN                                                         
---------------------------------------------------------------------------------------------------------------------------
 Limit  (cost=1001916.66..1001916.66 rows=1 width=16)
   ->  Sort  (cost=1001916.66..1001917.16 rows=200 width=16)
         Sort Key: (count(*)) DESC, (count(orders.o_orderkey)) DESC
         ->  HashAggregate  (cost=1001913.66..1001915.66 rows=200 width=16)
               Group Key: count(orders.o_orderkey)
               ->  GroupAggregate  (cost=0.86..979412.88 rows=1500052 width=12)
                     Group Key: customer.c_custkey
                     ->  Merge Left Join  (cost=0.86..891691.60 rows=14544151 width=8)
                           Merge Cond: (customer.c_custkey = orders.o_custkey)
                           ->  Index Only Scan using customer_pkey on customer  (cost=0.43..28675.21 rows=1500052 width=4)
                           ->  Index Scan using idx_orders_custkey on orders  (cost=0.43..677464.38 rows=14544151 width=8)
                                 Filter: ((o_comment)::text !~~ '%special%requests%'::text)
(12 rows)

query 14 run 1
SET
SET
SET
                                                          QUERY PLAN                                                          
------------------------------------------------------------------------------------------------------------------------------
 Limit  (cost=868079.35..868079.37 rows=1 width=32)
   ->  Finalize Aggregate  (cost=868079.35..868079.37 rows=1 width=32)
         ->  Gather  (cost=868078.90..868079.31 rows=4 width=64)
               Workers Planned: 4
               ->  Partial Aggregate  (cost=867078.90..867078.91 rows=1 width=64)
                     ->  Parallel Hash Join  (cost=65065.09..863711.28 rows=192435 width=33)
                           Hash Cond: (lineitem.l_partkey = part.p_partkey)
                           ->  Parallel Bitmap Heap Scan on lineitem  (cost=12834.56..810955.53 rows=200085 width=16)
                                 Recheck Cond: ((l_shipdate >= '1994-05-01'::date) AND (l_shipdate < '1994-06-01'::date))
                                 ->  Bitmap Index Scan on idx_lineitem_shipdate  (cost=0.00..12634.48 rows=800341 width=0)
                                       Index Cond: ((l_shipdate >= '1994-05-01'::date) AND (l_shipdate < '1994-06-01'::date))
                           ->  Parallel Hash  (cost=45980.79..45980.79 rows=499979 width=25)
                                 ->  Parallel Seq Scan on part  (cost=0.00..45980.79 rows=499979 width=25)
(13 rows)

query 14 run 2
SET
SET
SET
                                                          QUERY PLAN                                                          
------------------------------------------------------------------------------------------------------------------------------
 Limit  (cost=868079.35..868079.37 rows=1 width=32)
   ->  Finalize Aggregate  (cost=868079.35..868079.37 rows=1 width=32)
         ->  Gather  (cost=868078.90..868079.31 rows=4 width=64)
               Workers Planned: 4
               ->  Partial Aggregate  (cost=867078.90..867078.91 rows=1 width=64)
                     ->  Parallel Hash Join  (cost=65065.09..863711.28 rows=192435 width=33)
                           Hash Cond: (lineitem.l_partkey = part.p_partkey)
                           ->  Parallel Bitmap Heap Scan on lineitem  (cost=12834.56..810955.53 rows=200085 width=16)
                                 Recheck Cond: ((l_shipdate >= '1994-05-01'::date) AND (l_shipdate < '1994-06-01'::date))
                                 ->  Bitmap Index Scan on idx_lineitem_shipdate  (cost=0.00..12634.48 rows=800341 width=0)
                                       Index Cond: ((l_shipdate >= '1994-05-01'::date) AND (l_shipdate < '1994-06-01'::date))
                           ->  Parallel Hash  (cost=45980.79..45980.79 rows=499979 width=25)
                                 ->  Parallel Seq Scan on part  (cost=0.00..45980.79 rows=499979 width=25)
(13 rows)

query 14 run 3
SET
SET
SET
                                                          QUERY PLAN                                                          
------------------------------------------------------------------------------------------------------------------------------
 Limit  (cost=868079.35..868079.37 rows=1 width=32)
   ->  Finalize Aggregate  (cost=868079.35..868079.37 rows=1 width=32)
         ->  Gather  (cost=868078.90..868079.31 rows=4 width=64)
               Workers Planned: 4
               ->  Partial Aggregate  (cost=867078.90..867078.91 rows=1 width=64)
                     ->  Parallel Hash Join  (cost=65065.09..863711.28 rows=192435 width=33)
                           Hash Cond: (lineitem.l_partkey = part.p_partkey)
                           ->  Parallel Bitmap Heap Scan on lineitem  (cost=12834.56..810955.53 rows=200085 width=16)
                                 Recheck Cond: ((l_shipdate >= '1994-05-01'::date) AND (l_shipdate < '1994-06-01'::date))
                                 ->  Bitmap Index Scan on idx_lineitem_shipdate  (cost=0.00..12634.48 rows=800341 width=0)
                                       Index Cond: ((l_shipdate >= '1994-05-01'::date) AND (l_shipdate < '1994-06-01'::date))
                           ->  Parallel Hash  (cost=45980.79..45980.79 rows=499979 width=25)
                                 ->  Parallel Seq Scan on part  (cost=0.00..45980.79 rows=499979 width=25)
(13 rows)

query 15 run 1
SET
SET
SET
CREATE VIEW
                                                             QUERY PLAN                                                             
------------------------------------------------------------------------------------------------------------------------------------
 Limit  (cost=2742839.33..2742946.62 rows=1 width=103)
   InitPlan 1 (returns $1)
     ->  Aggregate  (cost=1389952.33..1389952.34 rows=1 width=32)
           ->  Finalize HashAggregate  (cost=1387461.21..1388706.77 rows=99645 width=36)
                 Group Key: lineitem_1.l_suppkey
                 ->  Gather  (cost=1343368.29..1384471.86 rows=398580 width=36)
                       Workers Planned: 4
                       ->  Partial HashAggregate  (cost=1342368.29..1343613.86 rows=99645 width=36)
                             Group Key: lineitem_1.l_suppkey
                             ->  Parallel Bitmap Heap Scan on lineitem lineitem_1  (cost=36928.54..1336610.61 rows=575768 width=16)
                                   Recheck Cond: ((l_shipdate >= '1996-01-01'::date) AND (l_shipdate < '1996-04-01'::date))
                                   ->  Bitmap Index Scan on idx_lineitem_shipdate  (cost=0.00..36352.78 rows=2303071 width=0)
                                         Index Cond: ((l_shipdate >= '1996-01-01'::date) AND (l_shipdate < '1996-04-01'::date))
   ->  Nested Loop  (cost=1352886.99..1406318.91 rows=498 width=103)
         ->  Finalize GroupAggregate  (cost=1352886.70..1405094.55 rows=498 width=36)
               Group Key: lineitem.l_suppkey
               Filter: (sum((lineitem.l_extendedprice * ('1'::numeric - lineitem.l_discount))) = $1)
               ->  Gather Merge  (cost=1352886.70..1400610.53 rows=398580 width=36)
                     Workers Planned: 4
                     ->  Sort  (cost=1351886.64..1352135.75 rows=99645 width=36)
                           Sort Key: lineitem.l_suppkey
                           ->  Partial HashAggregate  (cost=1342368.29..1343613.86 rows=99645 width=36)
                                 Group Key: lineitem.l_suppkey
                                 ->  Parallel Bitmap Heap Scan on lineitem  (cost=36928.54..1336610.61 rows=575768 width=16)
                                       Recheck Cond: ((l_shipdate >= '1996-01-01'::date) AND (l_shipdate < '1996-04-01'::date))
                                       ->  Bitmap Index Scan on idx_lineitem_shipdate  (cost=0.00..36352.78 rows=2303071 width=0)
                                             Index Cond: ((l_shipdate >= '1996-01-01'::date) AND (l_shipdate < '1996-04-01'::date))
         ->  Index Scan using supplier_pkey on supplier  (cost=0.29..2.45 rows=1 width=71)
               Index Cond: (s_suppkey = lineitem.l_suppkey)
(29 rows)

DROP VIEW
query 15 run 2
SET
SET
SET
CREATE VIEW
                                                             QUERY PLAN                                                             
------------------------------------------------------------------------------------------------------------------------------------
 Limit  (cost=2742839.33..2742946.62 rows=1 width=103)
   InitPlan 1 (returns $1)
     ->  Aggregate  (cost=1389952.33..1389952.34 rows=1 width=32)
           ->  Finalize HashAggregate  (cost=1387461.21..1388706.77 rows=99645 width=36)
                 Group Key: lineitem_1.l_suppkey
                 ->  Gather  (cost=1343368.29..1384471.86 rows=398580 width=36)
                       Workers Planned: 4
                       ->  Partial HashAggregate  (cost=1342368.29..1343613.86 rows=99645 width=36)
                             Group Key: lineitem_1.l_suppkey
                             ->  Parallel Bitmap Heap Scan on lineitem lineitem_1  (cost=36928.54..1336610.61 rows=575768 width=16)
                                   Recheck Cond: ((l_shipdate >= '1996-01-01'::date) AND (l_shipdate < '1996-04-01'::date))
                                   ->  Bitmap Index Scan on idx_lineitem_shipdate  (cost=0.00..36352.78 rows=2303071 width=0)
                                         Index Cond: ((l_shipdate >= '1996-01-01'::date) AND (l_shipdate < '1996-04-01'::date))
   ->  Nested Loop  (cost=1352886.99..1406318.91 rows=498 width=103)
         ->  Finalize GroupAggregate  (cost=1352886.70..1405094.55 rows=498 width=36)
               Group Key: lineitem.l_suppkey
               Filter: (sum((lineitem.l_extendedprice * ('1'::numeric - lineitem.l_discount))) = $1)
               ->  Gather Merge  (cost=1352886.70..1400610.53 rows=398580 width=36)
                     Workers Planned: 4
                     ->  Sort  (cost=1351886.64..1352135.75 rows=99645 width=36)
                           Sort Key: lineitem.l_suppkey
                           ->  Partial HashAggregate  (cost=1342368.29..1343613.86 rows=99645 width=36)
                                 Group Key: lineitem.l_suppkey
                                 ->  Parallel Bitmap Heap Scan on lineitem  (cost=36928.54..1336610.61 rows=575768 width=16)
                                       Recheck Cond: ((l_shipdate >= '1996-01-01'::date) AND (l_shipdate < '1996-04-01'::date))
                                       ->  Bitmap Index Scan on idx_lineitem_shipdate  (cost=0.00..36352.78 rows=2303071 width=0)
                                             Index Cond: ((l_shipdate >= '1996-01-01'::date) AND (l_shipdate < '1996-04-01'::date))
         ->  Index Scan using supplier_pkey on supplier  (cost=0.29..2.45 rows=1 width=71)
               Index Cond: (s_suppkey = lineitem.l_suppkey)
(29 rows)

DROP VIEW
query 15 run 3
SET
SET
SET
CREATE VIEW
                                                             QUERY PLAN                                                             
------------------------------------------------------------------------------------------------------------------------------------
 Limit  (cost=2742839.33..2742946.62 rows=1 width=103)
   InitPlan 1 (returns $1)
     ->  Aggregate  (cost=1389952.33..1389952.34 rows=1 width=32)
           ->  Finalize HashAggregate  (cost=1387461.21..1388706.77 rows=99645 width=36)
                 Group Key: lineitem_1.l_suppkey
                 ->  Gather  (cost=1343368.29..1384471.86 rows=398580 width=36)
                       Workers Planned: 4
                       ->  Partial HashAggregate  (cost=1342368.29..1343613.86 rows=99645 width=36)
                             Group Key: lineitem_1.l_suppkey
                             ->  Parallel Bitmap Heap Scan on lineitem lineitem_1  (cost=36928.54..1336610.61 rows=575768 width=16)
                                   Recheck Cond: ((l_shipdate >= '1996-01-01'::date) AND (l_shipdate < '1996-04-01'::date))
                                   ->  Bitmap Index Scan on idx_lineitem_shipdate  (cost=0.00..36352.78 rows=2303071 width=0)
                                         Index Cond: ((l_shipdate >= '1996-01-01'::date) AND (l_shipdate < '1996-04-01'::date))
   ->  Nested Loop  (cost=1352886.99..1406318.91 rows=498 width=103)
         ->  Finalize GroupAggregate  (cost=1352886.70..1405094.55 rows=498 width=36)
               Group Key: lineitem.l_suppkey
               Filter: (sum((lineitem.l_extendedprice * ('1'::numeric - lineitem.l_discount))) = $1)
               ->  Gather Merge  (cost=1352886.70..1400610.53 rows=398580 width=36)
                     Workers Planned: 4
                     ->  Sort  (cost=1351886.64..1352135.75 rows=99645 width=36)
                           Sort Key: lineitem.l_suppkey
                           ->  Partial HashAggregate  (cost=1342368.29..1343613.86 rows=99645 width=36)
                                 Group Key: lineitem.l_suppkey
                                 ->  Parallel Bitmap Heap Scan on lineitem  (cost=36928.54..1336610.61 rows=575768 width=16)
                                       Recheck Cond: ((l_shipdate >= '1996-01-01'::date) AND (l_shipdate < '1996-04-01'::date))
                                       ->  Bitmap Index Scan on idx_lineitem_shipdate  (cost=0.00..36352.78 rows=2303071 width=0)
                                             Index Cond: ((l_shipdate >= '1996-01-01'::date) AND (l_shipdate < '1996-04-01'::date))
         ->  Index Scan using supplier_pkey on supplier  (cost=0.29..2.45 rows=1 width=71)
               Index Cond: (s_suppkey = lineitem.l_suppkey)
(29 rows)

DROP VIEW
query 16 run 1
SET
SET
SET
                                                                                            QUERY PLAN                                                                                            
--------------------------------------------------------------------------------------------------------------------------------------------------------------------------------------------------
 Limit  (cost=250167.90..250167.90 rows=1 width=44)
   ->  Sort  (cost=250167.90..250549.92 rows=152809 width=44)
         Sort Key: (count(DISTINCT partsupp.ps_suppkey)) DESC, part.p_brand, part.p_type, part.p_size
         ->  GroupAggregate  (cost=171949.08..249403.85 rows=152809 width=44)
               Group Key: part.p_brand, part.p_type, part.p_size
               ->  Gather Merge  (cost=171949.08..242023.30 rows=585246 width=40)
                     Workers Planned: 4
                     ->  Sort  (cost=170949.03..171314.81 rows=146312 width=40)
                           Sort Key: part.p_brand, part.p_type, part.p_size, partsupp.ps_suppkey
                           ->  Parallel Hash Join  (cost=57866.35..158396.42 rows=146312 width=40)
                                 Hash Cond: (partsupp.ps_partkey = part.p_partkey)
                                 ->  Parallel Index Only Scan using partsupp_pkey on partsupp  (cost=3471.46..101376.53 rows=999994 width=8)
                                       Filter: (NOT (hashed SubPlan 1))
                                       SubPlan 1
                                         ->  Seq Scan on supplier  (cost=0.00..3471.00 rows=10 width=4)
                                               Filter: ((s_comment)::text ~~ '%Customer%Complaints%'::text)
                                 ->  Parallel Hash  (cost=53480.48..53480.48 rows=73153 width=40)
                                       ->  Parallel Seq Scan on part  (cost=0.00..53480.48 rows=73153 width=40)
                                             Filter: ((p_brand <> 'Brand#12'::bpchar) AND ((p_type)::text !~~ 'SMALL BRUSHED%'::text) AND (p_size = ANY ('{12,32,36,26,40,34,49,9}'::integer[])))
(19 rows)

query 16 run 2
SET
SET
SET
                                                                                            QUERY PLAN                                                                                            
--------------------------------------------------------------------------------------------------------------------------------------------------------------------------------------------------
 Limit  (cost=250167.90..250167.90 rows=1 width=44)
   ->  Sort  (cost=250167.90..250549.92 rows=152809 width=44)
         Sort Key: (count(DISTINCT partsupp.ps_suppkey)) DESC, part.p_brand, part.p_type, part.p_size
         ->  GroupAggregate  (cost=171949.08..249403.85 rows=152809 width=44)
               Group Key: part.p_brand, part.p_type, part.p_size
               ->  Gather Merge  (cost=171949.08..242023.30 rows=585246 width=40)
                     Workers Planned: 4
                     ->  Sort  (cost=170949.03..171314.81 rows=146312 width=40)
                           Sort Key: part.p_brand, part.p_type, part.p_size, partsupp.ps_suppkey
                           ->  Parallel Hash Join  (cost=57866.35..158396.42 rows=146312 width=40)
                                 Hash Cond: (partsupp.ps_partkey = part.p_partkey)
                                 ->  Parallel Index Only Scan using partsupp_pkey on partsupp  (cost=3471.46..101376.53 rows=999994 width=8)
                                       Filter: (NOT (hashed SubPlan 1))
                                       SubPlan 1
                                         ->  Seq Scan on supplier  (cost=0.00..3471.00 rows=10 width=4)
                                               Filter: ((s_comment)::text ~~ '%Customer%Complaints%'::text)
                                 ->  Parallel Hash  (cost=53480.48..53480.48 rows=73153 width=40)
                                       ->  Parallel Seq Scan on part  (cost=0.00..53480.48 rows=73153 width=40)
                                             Filter: ((p_brand <> 'Brand#12'::bpchar) AND ((p_type)::text !~~ 'SMALL BRUSHED%'::text) AND (p_size = ANY ('{12,32,36,26,40,34,49,9}'::integer[])))
(19 rows)

query 16 run 3
SET
SET
SET
                                                                                            QUERY PLAN                                                                                            
--------------------------------------------------------------------------------------------------------------------------------------------------------------------------------------------------
 Limit  (cost=250167.90..250167.90 rows=1 width=44)
   ->  Sort  (cost=250167.90..250549.92 rows=152809 width=44)
         Sort Key: (count(DISTINCT partsupp.ps_suppkey)) DESC, part.p_brand, part.p_type, part.p_size
         ->  GroupAggregate  (cost=171949.08..249403.85 rows=152809 width=44)
               Group Key: part.p_brand, part.p_type, part.p_size
               ->  Gather Merge  (cost=171949.08..242023.30 rows=585246 width=40)
                     Workers Planned: 4
                     ->  Sort  (cost=170949.03..171314.81 rows=146312 width=40)
                           Sort Key: part.p_brand, part.p_type, part.p_size, partsupp.ps_suppkey
                           ->  Parallel Hash Join  (cost=57866.35..158396.42 rows=146312 width=40)
                                 Hash Cond: (partsupp.ps_partkey = part.p_partkey)
                                 ->  Parallel Index Only Scan using partsupp_pkey on partsupp  (cost=3471.46..101376.53 rows=999994 width=8)
                                       Filter: (NOT (hashed SubPlan 1))
                                       SubPlan 1
                                         ->  Seq Scan on supplier  (cost=0.00..3471.00 rows=10 width=4)
                                               Filter: ((s_comment)::text ~~ '%Customer%Complaints%'::text)
                                 ->  Parallel Hash  (cost=53480.48..53480.48 rows=73153 width=40)
                                       ->  Parallel Seq Scan on part  (cost=0.00..53480.48 rows=73153 width=40)
                                             Filter: ((p_brand <> 'Brand#12'::bpchar) AND ((p_type)::text !~~ 'SMALL BRUSHED%'::text) AND (p_size = ANY ('{12,32,36,26,40,34,49,9}'::integer[])))
(19 rows)

query 17 run 1
SET
SET
SET
                                                            QUERY PLAN                                                             
-----------------------------------------------------------------------------------------------------------------------------------
 Limit  (cost=3491862.76..3491862.77 rows=1 width=32)
   ->  Aggregate  (cost=3491862.76..3491862.77 rows=1 width=32)
         ->  Merge Join  (cost=2298850.08..3491810.97 rows=20715 width=8)
               Merge Cond: (lineitem_1.l_partkey = part.p_partkey)
               Join Filter: (lineitem.l_quantity < ((0.2 * avg(lineitem_1.l_quantity))))
               ->  Finalize GroupAggregate  (cost=2297849.15..3387339.57 rows=2079424 width=36)
                     Group Key: lineitem_1.l_partkey
                     ->  Gather Merge  (cost=2297849.15..3293765.49 rows=8317696 width=36)
                           Workers Planned: 4
                           ->  Sort  (cost=2296849.10..2302047.66 rows=2079424 width=36)
                                 Sort Key: lineitem_1.l_partkey
                                 ->  Partial HashAggregate  (cost=1869649.52..2042083.41 rows=2079424 width=36)
                                       Group Key: lineitem_1.l_partkey
                                       Planned Partitions: 16
                                       ->  Parallel Seq Scan on lineitem lineitem_1  (cost=0.00..1275098.68 rows=14995568 width=9)
               ->  Materialize  (cost=1000.93..98334.73 rows=59768 width=21)
                     ->  Gather Merge  (cost=1000.93..98185.31 rows=59768 width=21)
                           Workers Planned: 4
                           ->  Nested Loop  (cost=0.87..90066.31 rows=14942 width=21)
                                 ->  Parallel Index Scan using part_pkey on part  (cost=0.43..66711.70 rows=518 width=4)
                                       Filter: ((p_brand = 'Brand#22'::bpchar) AND (p_container = 'LG BOX'::bpchar))
                                 ->  Index Scan using idx_lineitem_part_supp on lineitem  (cost=0.44..44.80 rows=29 width=17)
                                       Index Cond: (l_partkey = part.p_partkey)
(23 rows)

query 17 run 2
SET
SET
SET
                                                            QUERY PLAN                                                             
-----------------------------------------------------------------------------------------------------------------------------------
 Limit  (cost=3491862.76..3491862.77 rows=1 width=32)
   ->  Aggregate  (cost=3491862.76..3491862.77 rows=1 width=32)
         ->  Merge Join  (cost=2298850.08..3491810.97 rows=20715 width=8)
               Merge Cond: (lineitem_1.l_partkey = part.p_partkey)
               Join Filter: (lineitem.l_quantity < ((0.2 * avg(lineitem_1.l_quantity))))
               ->  Finalize GroupAggregate  (cost=2297849.15..3387339.57 rows=2079424 width=36)
                     Group Key: lineitem_1.l_partkey
                     ->  Gather Merge  (cost=2297849.15..3293765.49 rows=8317696 width=36)
                           Workers Planned: 4
                           ->  Sort  (cost=2296849.10..2302047.66 rows=2079424 width=36)
                                 Sort Key: lineitem_1.l_partkey
                                 ->  Partial HashAggregate  (cost=1869649.52..2042083.41 rows=2079424 width=36)
                                       Group Key: lineitem_1.l_partkey
                                       Planned Partitions: 16
                                       ->  Parallel Seq Scan on lineitem lineitem_1  (cost=0.00..1275098.68 rows=14995568 width=9)
               ->  Materialize  (cost=1000.93..98334.73 rows=59768 width=21)
                     ->  Gather Merge  (cost=1000.93..98185.31 rows=59768 width=21)
                           Workers Planned: 4
                           ->  Nested Loop  (cost=0.87..90066.31 rows=14942 width=21)
                                 ->  Parallel Index Scan using part_pkey on part  (cost=0.43..66711.70 rows=518 width=4)
                                       Filter: ((p_brand = 'Brand#22'::bpchar) AND (p_container = 'LG BOX'::bpchar))
                                 ->  Index Scan using idx_lineitem_part_supp on lineitem  (cost=0.44..44.80 rows=29 width=17)
                                       Index Cond: (l_partkey = part.p_partkey)
(23 rows)

query 17 run 3
SET
SET
SET
                                                            QUERY PLAN                                                             
-----------------------------------------------------------------------------------------------------------------------------------
 Limit  (cost=3491862.76..3491862.77 rows=1 width=32)
   ->  Aggregate  (cost=3491862.76..3491862.77 rows=1 width=32)
         ->  Merge Join  (cost=2298850.08..3491810.97 rows=20715 width=8)
               Merge Cond: (lineitem_1.l_partkey = part.p_partkey)
               Join Filter: (lineitem.l_quantity < ((0.2 * avg(lineitem_1.l_quantity))))
               ->  Finalize GroupAggregate  (cost=2297849.15..3387339.57 rows=2079424 width=36)
                     Group Key: lineitem_1.l_partkey
                     ->  Gather Merge  (cost=2297849.15..3293765.49 rows=8317696 width=36)
                           Workers Planned: 4
                           ->  Sort  (cost=2296849.10..2302047.66 rows=2079424 width=36)
                                 Sort Key: lineitem_1.l_partkey
                                 ->  Partial HashAggregate  (cost=1869649.52..2042083.41 rows=2079424 width=36)
                                       Group Key: lineitem_1.l_partkey
                                       Planned Partitions: 16
                                       ->  Parallel Seq Scan on lineitem lineitem_1  (cost=0.00..1275098.68 rows=14995568 width=9)
               ->  Materialize  (cost=1000.93..98334.73 rows=59768 width=21)
                     ->  Gather Merge  (cost=1000.93..98185.31 rows=59768 width=21)
                           Workers Planned: 4
                           ->  Nested Loop  (cost=0.87..90066.31 rows=14942 width=21)
                                 ->  Parallel Index Scan using part_pkey on part  (cost=0.43..66711.70 rows=518 width=4)
                                       Filter: ((p_brand = 'Brand#22'::bpchar) AND (p_container = 'LG BOX'::bpchar))
                                 ->  Index Scan using idx_lineitem_part_supp on lineitem  (cost=0.44..44.80 rows=29 width=17)
                                       Index Cond: (l_partkey = part.p_partkey)
(23 rows)

query 18 run 1
SET
SET
SET
                                                                       QUERY PLAN                                                                       
--------------------------------------------------------------------------------------------------------------------------------------------------------
 Limit  (cost=8724748.38..8724748.63 rows=100 width=71)
   ->  Sort  (cost=8724748.38..8774723.32 rows=19989976 width=71)
         Sort Key: orders.o_totalprice DESC, orders.o_orderdate
         ->  HashAggregate  (cost=7359484.88..7960745.87 rows=19989976 width=71)
               Group Key: customer.c_custkey, orders.o_orderkey
               Planned Partitions: 128
               ->  Hash Join  (cost=78570.21..6282681.09 rows=19989976 width=44)
                     Hash Cond: (orders.o_custkey = customer.c_custkey)
                     ->  Merge Join  (cost=82.04..5869627.09 rows=19989976 width=25)
                           Merge Cond: (orders.o_orderkey = lineitem.l_orderkey)
                           ->  Merge Join  (cost=1.00..3340182.48 rows=4998523 width=24)
                                 Merge Cond: (orders.o_orderkey = lineitem_1.l_orderkey)
                                 ->  Index Scan using orders_pkey on orders  (cost=0.43..547945.28 rows=14998656 width=20)
                                 ->  GroupAggregate  (cost=0.56..2692259.03 rows=4998523 width=4)
                                       Group Key: lineitem_1.l_orderkey
                                       Filter: (sum(lineitem_1.l_quantity) > '313'::numeric)
                                       ->  Index Scan using idx_lineitem_orderkey on lineitem lineitem_1  (cost=0.56..2167414.15 rows=59982272 width=9)
                           ->  Index Scan using idx_lineitem_orderkey on lineitem  (cost=0.56..2167414.15 rows=59982272 width=9)
                     ->  Hash  (cost=50947.52..50947.52 rows=1500052 width=23)
                           ->  Seq Scan on customer  (cost=0.00..50947.52 rows=1500052 width=23)
(20 rows)

query 18 run 2
SET
SET
SET
                                                                       QUERY PLAN                                                                       
--------------------------------------------------------------------------------------------------------------------------------------------------------
 Limit  (cost=8724748.38..8724748.63 rows=100 width=71)
   ->  Sort  (cost=8724748.38..8774723.32 rows=19989976 width=71)
         Sort Key: orders.o_totalprice DESC, orders.o_orderdate
         ->  HashAggregate  (cost=7359484.88..7960745.87 rows=19989976 width=71)
               Group Key: customer.c_custkey, orders.o_orderkey
               Planned Partitions: 128
               ->  Hash Join  (cost=78570.21..6282681.09 rows=19989976 width=44)
                     Hash Cond: (orders.o_custkey = customer.c_custkey)
                     ->  Merge Join  (cost=82.04..5869627.09 rows=19989976 width=25)
                           Merge Cond: (orders.o_orderkey = lineitem.l_orderkey)
                           ->  Merge Join  (cost=1.00..3340182.48 rows=4998523 width=24)
                                 Merge Cond: (orders.o_orderkey = lineitem_1.l_orderkey)
                                 ->  Index Scan using orders_pkey on orders  (cost=0.43..547945.28 rows=14998656 width=20)
                                 ->  GroupAggregate  (cost=0.56..2692259.03 rows=4998523 width=4)
                                       Group Key: lineitem_1.l_orderkey
                                       Filter: (sum(lineitem_1.l_quantity) > '313'::numeric)
                                       ->  Index Scan using idx_lineitem_orderkey on lineitem lineitem_1  (cost=0.56..2167414.15 rows=59982272 width=9)
                           ->  Index Scan using idx_lineitem_orderkey on lineitem  (cost=0.56..2167414.15 rows=59982272 width=9)
                     ->  Hash  (cost=50947.52..50947.52 rows=1500052 width=23)
                           ->  Seq Scan on customer  (cost=0.00..50947.52 rows=1500052 width=23)
(20 rows)

query 18 run 3
SET
SET
SET
                                                                       QUERY PLAN                                                                       
--------------------------------------------------------------------------------------------------------------------------------------------------------
 Limit  (cost=8724748.38..8724748.63 rows=100 width=71)
   ->  Sort  (cost=8724748.38..8774723.32 rows=19989976 width=71)
         Sort Key: orders.o_totalprice DESC, orders.o_orderdate
         ->  HashAggregate  (cost=7359484.88..7960745.87 rows=19989976 width=71)
               Group Key: customer.c_custkey, orders.o_orderkey
               Planned Partitions: 128
               ->  Hash Join  (cost=78570.21..6282681.09 rows=19989976 width=44)
                     Hash Cond: (orders.o_custkey = customer.c_custkey)
                     ->  Merge Join  (cost=82.04..5869627.09 rows=19989976 width=25)
                           Merge Cond: (orders.o_orderkey = lineitem.l_orderkey)
                           ->  Merge Join  (cost=1.00..3340182.48 rows=4998523 width=24)
                                 Merge Cond: (orders.o_orderkey = lineitem_1.l_orderkey)
                                 ->  Index Scan using orders_pkey on orders  (cost=0.43..547945.28 rows=14998656 width=20)
                                 ->  GroupAggregate  (cost=0.56..2692259.03 rows=4998523 width=4)
                                       Group Key: lineitem_1.l_orderkey
                                       Filter: (sum(lineitem_1.l_quantity) > '313'::numeric)
                                       ->  Index Scan using idx_lineitem_orderkey on lineitem lineitem_1  (cost=0.56..2167414.15 rows=59982272 width=9)
                           ->  Index Scan using idx_lineitem_orderkey on lineitem  (cost=0.56..2167414.15 rows=59982272 width=9)
                     ->  Hash  (cost=50947.52..50947.52 rows=1500052 width=23)
                           ->  Seq Scan on customer  (cost=0.00..50947.52 rows=1500052 width=23)
(20 rows)

query 19 run 1
SET
SET
SET
                                                                                                                                                                                                                                                                                                                                                                                                                                                                                                                  QUERY PLAN                                                                                                                                                                                                                                                                                                                                                                                                                                                                                                                  
----------------------------------------------------------------------------------------------------------------------------------------------------------------------------------------------------------------------------------------------------------------------------------------------------------------------------------------------------------------------------------------------------------------------------------------------------------------------------------------------------------------------------------------------------------------------------------------------------------------------------------------------------------------------------------------------------------------------------------------------------------------------------------------------------------------------------------------------------------------------------------------------------------------------------------------------------------------------------------------------------------------------------------------------
 Limit  (cost=116646.01..116646.02 rows=1 width=32)
   ->  Finalize Aggregate  (cost=116646.01..116646.02 rows=1 width=32)
         ->  Gather  (cost=116645.57..116645.98 rows=4 width=32)
               Workers Planned: 4
               ->  Partial Aggregate  (cost=115645.57..115645.58 rows=1 width=32)
                     ->  Nested Loop  (cost=0.44..115643.56 rows=268 width=12)
                           ->  Parallel Seq Scan on part  (cost=0.00..62230.12 rows=1179 width=30)
                                 Filter: ((p_size >= 1) AND (((p_brand = 'Brand#24'::bpchar) AND (p_container = ANY ('{"SM CASE","SM BOX","SM PACK","SM PKG"}'::bpchar[])) AND (p_size <= 5)) OR ((p_brand = 'Brand#43'::bpchar) AND (p_container = ANY ('{"MED BAG","MED BOX","MED PKG","MED PACK"}'::bpchar[])) AND (p_size <= 10)) OR ((p_brand = 'Brand#44'::bpchar) AND (p_container = ANY ('{"LG CASE","LG BOX","LG PACK","LG PKG"}'::bpchar[])) AND (p_size <= 15))))
                           ->  Index Scan using idx_lineitem_part_supp on lineitem  (cost=0.44..45.29 rows=1 width=21)
                                 Index Cond: (l_partkey = part.p_partkey)
                                 Filter: ((l_shipmode = ANY ('{AIR,"AIR REG"}'::bpchar[])) AND (l_shipinstruct = 'DELIVER IN PERSON'::bpchar) AND (((l_quantity >= '10'::numeric) AND (l_quantity <= '20'::numeric)) OR ((l_quantity >= '10'::numeric) AND (l_quantity <= '20'::numeric)) OR ((l_quantity >= '20'::numeric) AND (l_quantity <= '30'::numeric))) AND (((part.p_brand = 'Brand#24'::bpchar) AND (part.p_container = ANY ('{"SM CASE","SM BOX","SM PACK","SM PKG"}'::bpchar[])) AND (l_quantity >= '10'::numeric) AND (l_quantity <= '20'::numeric) AND (part.p_size <= 5)) OR ((part.p_brand = 'Brand#43'::bpchar) AND (part.p_container = ANY ('{"MED BAG","MED BOX","MED PKG","MED PACK"}'::bpchar[])) AND (l_quantity >= '10'::numeric) AND (l_quantity <= '20'::numeric) AND (part.p_size <= 10)) OR ((part.p_brand = 'Brand#44'::bpchar) AND (part.p_container = ANY ('{"LG CASE","LG BOX","LG PACK","LG PKG"}'::bpchar[])) AND (l_quantity >= '20'::numeric) AND (l_quantity <= '30'::numeric) AND (part.p_size <= 15))))
(11 rows)

query 19 run 2
SET
SET
SET
                                                                                                                                                                                                                                                                                                                                                                                                                                                                                                                  QUERY PLAN                                                                                                                                                                                                                                                                                                                                                                                                                                                                                                                  
----------------------------------------------------------------------------------------------------------------------------------------------------------------------------------------------------------------------------------------------------------------------------------------------------------------------------------------------------------------------------------------------------------------------------------------------------------------------------------------------------------------------------------------------------------------------------------------------------------------------------------------------------------------------------------------------------------------------------------------------------------------------------------------------------------------------------------------------------------------------------------------------------------------------------------------------------------------------------------------------------------------------------------------------
 Limit  (cost=116646.01..116646.02 rows=1 width=32)
   ->  Finalize Aggregate  (cost=116646.01..116646.02 rows=1 width=32)
         ->  Gather  (cost=116645.57..116645.98 rows=4 width=32)
               Workers Planned: 4
               ->  Partial Aggregate  (cost=115645.57..115645.58 rows=1 width=32)
                     ->  Nested Loop  (cost=0.44..115643.56 rows=268 width=12)
                           ->  Parallel Seq Scan on part  (cost=0.00..62230.12 rows=1179 width=30)
                                 Filter: ((p_size >= 1) AND (((p_brand = 'Brand#24'::bpchar) AND (p_container = ANY ('{"SM CASE","SM BOX","SM PACK","SM PKG"}'::bpchar[])) AND (p_size <= 5)) OR ((p_brand = 'Brand#43'::bpchar) AND (p_container = ANY ('{"MED BAG","MED BOX","MED PKG","MED PACK"}'::bpchar[])) AND (p_size <= 10)) OR ((p_brand = 'Brand#44'::bpchar) AND (p_container = ANY ('{"LG CASE","LG BOX","LG PACK","LG PKG"}'::bpchar[])) AND (p_size <= 15))))
                           ->  Index Scan using idx_lineitem_part_supp on lineitem  (cost=0.44..45.29 rows=1 width=21)
                                 Index Cond: (l_partkey = part.p_partkey)
                                 Filter: ((l_shipmode = ANY ('{AIR,"AIR REG"}'::bpchar[])) AND (l_shipinstruct = 'DELIVER IN PERSON'::bpchar) AND (((l_quantity >= '10'::numeric) AND (l_quantity <= '20'::numeric)) OR ((l_quantity >= '10'::numeric) AND (l_quantity <= '20'::numeric)) OR ((l_quantity >= '20'::numeric) AND (l_quantity <= '30'::numeric))) AND (((part.p_brand = 'Brand#24'::bpchar) AND (part.p_container = ANY ('{"SM CASE","SM BOX","SM PACK","SM PKG"}'::bpchar[])) AND (l_quantity >= '10'::numeric) AND (l_quantity <= '20'::numeric) AND (part.p_size <= 5)) OR ((part.p_brand = 'Brand#43'::bpchar) AND (part.p_container = ANY ('{"MED BAG","MED BOX","MED PKG","MED PACK"}'::bpchar[])) AND (l_quantity >= '10'::numeric) AND (l_quantity <= '20'::numeric) AND (part.p_size <= 10)) OR ((part.p_brand = 'Brand#44'::bpchar) AND (part.p_container = ANY ('{"LG CASE","LG BOX","LG PACK","LG PKG"}'::bpchar[])) AND (l_quantity >= '20'::numeric) AND (l_quantity <= '30'::numeric) AND (part.p_size <= 15))))
(11 rows)

query 19 run 3
SET
SET
SET
                                                                                                                                                                                                                                                                                                                                                                                                                                                                                                                  QUERY PLAN                                                                                                                                                                                                                                                                                                                                                                                                                                                                                                                  
----------------------------------------------------------------------------------------------------------------------------------------------------------------------------------------------------------------------------------------------------------------------------------------------------------------------------------------------------------------------------------------------------------------------------------------------------------------------------------------------------------------------------------------------------------------------------------------------------------------------------------------------------------------------------------------------------------------------------------------------------------------------------------------------------------------------------------------------------------------------------------------------------------------------------------------------------------------------------------------------------------------------------------------------
 Limit  (cost=116646.01..116646.02 rows=1 width=32)
   ->  Finalize Aggregate  (cost=116646.01..116646.02 rows=1 width=32)
         ->  Gather  (cost=116645.57..116645.98 rows=4 width=32)
               Workers Planned: 4
               ->  Partial Aggregate  (cost=115645.57..115645.58 rows=1 width=32)
                     ->  Nested Loop  (cost=0.44..115643.56 rows=268 width=12)
                           ->  Parallel Seq Scan on part  (cost=0.00..62230.12 rows=1179 width=30)
                                 Filter: ((p_size >= 1) AND (((p_brand = 'Brand#24'::bpchar) AND (p_container = ANY ('{"SM CASE","SM BOX","SM PACK","SM PKG"}'::bpchar[])) AND (p_size <= 5)) OR ((p_brand = 'Brand#43'::bpchar) AND (p_container = ANY ('{"MED BAG","MED BOX","MED PKG","MED PACK"}'::bpchar[])) AND (p_size <= 10)) OR ((p_brand = 'Brand#44'::bpchar) AND (p_container = ANY ('{"LG CASE","LG BOX","LG PACK","LG PKG"}'::bpchar[])) AND (p_size <= 15))))
                           ->  Index Scan using idx_lineitem_part_supp on lineitem  (cost=0.44..45.29 rows=1 width=21)
                                 Index Cond: (l_partkey = part.p_partkey)
                                 Filter: ((l_shipmode = ANY ('{AIR,"AIR REG"}'::bpchar[])) AND (l_shipinstruct = 'DELIVER IN PERSON'::bpchar) AND (((l_quantity >= '10'::numeric) AND (l_quantity <= '20'::numeric)) OR ((l_quantity >= '10'::numeric) AND (l_quantity <= '20'::numeric)) OR ((l_quantity >= '20'::numeric) AND (l_quantity <= '30'::numeric))) AND (((part.p_brand = 'Brand#24'::bpchar) AND (part.p_container = ANY ('{"SM CASE","SM BOX","SM PACK","SM PKG"}'::bpchar[])) AND (l_quantity >= '10'::numeric) AND (l_quantity <= '20'::numeric) AND (part.p_size <= 5)) OR ((part.p_brand = 'Brand#43'::bpchar) AND (part.p_container = ANY ('{"MED BAG","MED BOX","MED PKG","MED PACK"}'::bpchar[])) AND (l_quantity >= '10'::numeric) AND (l_quantity <= '20'::numeric) AND (part.p_size <= 10)) OR ((part.p_brand = 'Brand#44'::bpchar) AND (part.p_container = ANY ('{"LG CASE","LG BOX","LG PACK","LG PKG"}'::bpchar[])) AND (l_quantity >= '20'::numeric) AND (l_quantity <= '30'::numeric) AND (part.p_size <= 15))))
(11 rows)

query 20 run 1
SET
SET
SET
                                                             QUERY PLAN                                                             
------------------------------------------------------------------------------------------------------------------------------------
 Limit  (cost=2443840.57..2673213.74 rows=1 width=51)
   ->  Nested Loop Semi Join  (cost=2443840.57..2673213.74 rows=1 width=51)
         Join Filter: (supplier.s_suppkey = lineitem.l_suppkey)
         ->  Gather Merge  (cost=4122.93..4578.81 rows=4000 width=55)
               Workers Planned: 1
               ->  Sort  (cost=3122.92..3128.80 rows=2353 width=55)
                     Sort Key: supplier.s_name
                     ->  Hash Join  (cost=1.32..2991.15 rows=2353 width=55)
                           Hash Cond: (supplier.s_nationkey = nation.n_nationkey)
                           ->  Parallel Seq Scan on supplier  (cost=0.00..2809.24 rows=58824 width=59)
                           ->  Hash  (cost=1.31..1.31 rows=1 width=4)
                                 ->  Seq Scan on nation  (cost=0.00..1.31 rows=1 width=4)
                                       Filter: (n_name = 'IRAQ'::bpchar)
         ->  Materialize  (cost=2439717.64..2668274.94 rows=6 width=8)
               ->  Nested Loop  (cost=2439717.64..2668274.91 rows=6 width=8)
                     ->  Hash Join  (cost=2439717.20..2616223.66 rows=98560 width=44)
                           Hash Cond: (lineitem.l_partkey = part.p_partkey)
                           ->  HashAggregate  (cost=2386941.24..2550640.89 rows=4878774 width=40)
                                 Group Key: lineitem.l_partkey, lineitem.l_suppkey
                                 Planned Partitions: 32
                                 ->  Bitmap Heap Scan on lineitem  (cost=148621.31..1996265.35 rows=9269048 width=13)
                                       Recheck Cond: ((l_shipdate >= '1996-01-01'::date) AND (l_shipdate < '1997-01-01'::date))
                                       ->  Bitmap Index Scan on idx_lineitem_shipdate  (cost=0.00..146304.04 rows=9269048 width=0)
                                             Index Cond: ((l_shipdate >= '1996-01-01'::date) AND (l_shipdate < '1997-01-01'::date))
                           ->  Hash  (cost=52270.94..52270.94 rows=40402 width=4)
                                 ->  Gather  (cost=1000.00..52270.94 rows=40402 width=4)
                                       Workers Planned: 4
                                       ->  Parallel Seq Scan on part  (cost=0.00..47230.74 rows=10100 width=4)
                                             Filter: ((p_name)::text ~~ 'olive%'::text)
                     ->  Index Scan using partsupp_pkey on partsupp  (cost=0.43..0.52 rows=1 width=12)
                           Index Cond: ((ps_partkey = lineitem.l_partkey) AND (ps_suppkey = lineitem.l_suppkey))
                           Filter: ((ps_availqty)::numeric > ((0.5 * sum(lineitem.l_quantity))))
(32 rows)

query 20 run 2
SET
SET
SET
                                                             QUERY PLAN                                                             
------------------------------------------------------------------------------------------------------------------------------------
 Limit  (cost=2443840.57..2673213.74 rows=1 width=51)
   ->  Nested Loop Semi Join  (cost=2443840.57..2673213.74 rows=1 width=51)
         Join Filter: (supplier.s_suppkey = lineitem.l_suppkey)
         ->  Gather Merge  (cost=4122.93..4578.81 rows=4000 width=55)
               Workers Planned: 1
               ->  Sort  (cost=3122.92..3128.80 rows=2353 width=55)
                     Sort Key: supplier.s_name
                     ->  Hash Join  (cost=1.32..2991.15 rows=2353 width=55)
                           Hash Cond: (supplier.s_nationkey = nation.n_nationkey)
                           ->  Parallel Seq Scan on supplier  (cost=0.00..2809.24 rows=58824 width=59)
                           ->  Hash  (cost=1.31..1.31 rows=1 width=4)
                                 ->  Seq Scan on nation  (cost=0.00..1.31 rows=1 width=4)
                                       Filter: (n_name = 'IRAQ'::bpchar)
         ->  Materialize  (cost=2439717.64..2668274.94 rows=6 width=8)
               ->  Nested Loop  (cost=2439717.64..2668274.91 rows=6 width=8)
                     ->  Hash Join  (cost=2439717.20..2616223.66 rows=98560 width=44)
                           Hash Cond: (lineitem.l_partkey = part.p_partkey)
                           ->  HashAggregate  (cost=2386941.24..2550640.89 rows=4878774 width=40)
                                 Group Key: lineitem.l_partkey, lineitem.l_suppkey
                                 Planned Partitions: 32
                                 ->  Bitmap Heap Scan on lineitem  (cost=148621.31..1996265.35 rows=9269048 width=13)
                                       Recheck Cond: ((l_shipdate >= '1996-01-01'::date) AND (l_shipdate < '1997-01-01'::date))
                                       ->  Bitmap Index Scan on idx_lineitem_shipdate  (cost=0.00..146304.04 rows=9269048 width=0)
                                             Index Cond: ((l_shipdate >= '1996-01-01'::date) AND (l_shipdate < '1997-01-01'::date))
                           ->  Hash  (cost=52270.94..52270.94 rows=40402 width=4)
                                 ->  Gather  (cost=1000.00..52270.94 rows=40402 width=4)
                                       Workers Planned: 4
                                       ->  Parallel Seq Scan on part  (cost=0.00..47230.74 rows=10100 width=4)
                                             Filter: ((p_name)::text ~~ 'olive%'::text)
                     ->  Index Scan using partsupp_pkey on partsupp  (cost=0.43..0.52 rows=1 width=12)
                           Index Cond: ((ps_partkey = lineitem.l_partkey) AND (ps_suppkey = lineitem.l_suppkey))
                           Filter: ((ps_availqty)::numeric > ((0.5 * sum(lineitem.l_quantity))))
(32 rows)

query 20 run 3
SET
SET
SET
                                                             QUERY PLAN                                                             
------------------------------------------------------------------------------------------------------------------------------------
 Limit  (cost=2443840.57..2673213.74 rows=1 width=51)
   ->  Nested Loop Semi Join  (cost=2443840.57..2673213.74 rows=1 width=51)
         Join Filter: (supplier.s_suppkey = lineitem.l_suppkey)
         ->  Gather Merge  (cost=4122.93..4578.81 rows=4000 width=55)
               Workers Planned: 1
               ->  Sort  (cost=3122.92..3128.80 rows=2353 width=55)
                     Sort Key: supplier.s_name
                     ->  Hash Join  (cost=1.32..2991.15 rows=2353 width=55)
                           Hash Cond: (supplier.s_nationkey = nation.n_nationkey)
                           ->  Parallel Seq Scan on supplier  (cost=0.00..2809.24 rows=58824 width=59)
                           ->  Hash  (cost=1.31..1.31 rows=1 width=4)
                                 ->  Seq Scan on nation  (cost=0.00..1.31 rows=1 width=4)
                                       Filter: (n_name = 'IRAQ'::bpchar)
         ->  Materialize  (cost=2439717.64..2668274.94 rows=6 width=8)
               ->  Nested Loop  (cost=2439717.64..2668274.91 rows=6 width=8)
                     ->  Hash Join  (cost=2439717.20..2616223.66 rows=98560 width=44)
                           Hash Cond: (lineitem.l_partkey = part.p_partkey)
                           ->  HashAggregate  (cost=2386941.24..2550640.89 rows=4878774 width=40)
                                 Group Key: lineitem.l_partkey, lineitem.l_suppkey
                                 Planned Partitions: 32
                                 ->  Bitmap Heap Scan on lineitem  (cost=148621.31..1996265.35 rows=9269048 width=13)
                                       Recheck Cond: ((l_shipdate >= '1996-01-01'::date) AND (l_shipdate < '1997-01-01'::date))
                                       ->  Bitmap Index Scan on idx_lineitem_shipdate  (cost=0.00..146304.04 rows=9269048 width=0)
                                             Index Cond: ((l_shipdate >= '1996-01-01'::date) AND (l_shipdate < '1997-01-01'::date))
                           ->  Hash  (cost=52270.94..52270.94 rows=40402 width=4)
                                 ->  Gather  (cost=1000.00..52270.94 rows=40402 width=4)
                                       Workers Planned: 4
                                       ->  Parallel Seq Scan on part  (cost=0.00..47230.74 rows=10100 width=4)
                                             Filter: ((p_name)::text ~~ 'olive%'::text)
                     ->  Index Scan using partsupp_pkey on partsupp  (cost=0.43..0.52 rows=1 width=12)
                           Index Cond: ((ps_partkey = lineitem.l_partkey) AND (ps_suppkey = lineitem.l_suppkey))
                           Filter: ((ps_availqty)::numeric > ((0.5 * sum(lineitem.l_quantity))))
(32 rows)

query 21 run 1
SET
SET
SET
                                                                QUERY PLAN                                                                 
-------------------------------------------------------------------------------------------------------------------------------------------
 Limit  (cost=1908751.22..1908751.22 rows=1 width=34)
   ->  Sort  (cost=1908751.22..1908751.22 rows=1 width=34)
         Sort Key: (count(*)) DESC, supplier.s_name
         ->  GroupAggregate  (cost=1908751.19..1908751.21 rows=1 width=34)
               Group Key: supplier.s_name
               ->  Sort  (cost=1908751.19..1908751.19 rows=1 width=26)
                     Sort Key: supplier.s_name
                     ->  Nested Loop Semi Join  (cost=4022.13..1908751.18 rows=1 width=26)
                           Join Filter: (l2.l_suppkey <> l1.l_suppkey)
                           ->  Nested Loop  (cost=4021.56..1908747.94 rows=1 width=38)
                                 ->  Gather  (cost=4021.13..1908744.91 rows=1 width=34)
                                       Workers Planned: 4
                                       ->  Nested Loop Anti Join  (cost=3021.13..1907744.81 rows=1 width=34)
                                             ->  Parallel Hash Join  (cost=3020.56..1335528.77 rows=199941 width=34)
                                                   Hash Cond: (l1.l_suppkey = supplier.s_suppkey)
                                                   ->  Parallel Seq Scan on lineitem l1  (cost=0.00..1312587.60 rows=4998523 width=8)
                                                         Filter: (l_receiptdate > l_commitdate)
                                                   ->  Parallel Hash  (cost=2991.15..2991.15 rows=2353 width=30)
                                                         ->  Hash Join  (cost=1.32..2991.15 rows=2353 width=30)
                                                               Hash Cond: (supplier.s_nationkey = nation.n_nationkey)
                                                               ->  Parallel Seq Scan on supplier  (cost=0.00..2809.24 rows=58824 width=34)
                                                               ->  Hash  (cost=1.31..1.31 rows=1 width=4)
                                                                     ->  Seq Scan on nation  (cost=0.00..1.31 rows=1 width=4)
                                                                           Filter: (n_name = 'PERU'::bpchar)
                                             ->  Index Scan using idx_lineitem_orderkey on lineitem l3  (cost=0.56..3.23 rows=1 width=8)
                                                   Index Cond: (l_orderkey = l1.l_orderkey)
                                                   Filter: ((l_receiptdate > l_commitdate) AND (l_suppkey <> l1.l_suppkey))
                                 ->  Index Scan using orders_pkey on orders  (cost=0.43..3.03 rows=1 width=4)
                                       Index Cond: (o_orderkey = l1.l_orderkey)
                                       Filter: (o_orderstatus = 'F'::bpchar)
                           ->  Index Scan using idx_lineitem_orderkey on lineitem l2  (cost=0.56..3.22 rows=4 width=8)
                                 Index Cond: (l_orderkey = orders.o_orderkey)
(32 rows)

query 21 run 2
SET
SET
SET
                                                                QUERY PLAN                                                                 
-------------------------------------------------------------------------------------------------------------------------------------------
 Limit  (cost=1908751.22..1908751.22 rows=1 width=34)
   ->  Sort  (cost=1908751.22..1908751.22 rows=1 width=34)
         Sort Key: (count(*)) DESC, supplier.s_name
         ->  GroupAggregate  (cost=1908751.19..1908751.21 rows=1 width=34)
               Group Key: supplier.s_name
               ->  Sort  (cost=1908751.19..1908751.19 rows=1 width=26)
                     Sort Key: supplier.s_name
                     ->  Nested Loop Semi Join  (cost=4022.13..1908751.18 rows=1 width=26)
                           Join Filter: (l2.l_suppkey <> l1.l_suppkey)
                           ->  Nested Loop  (cost=4021.56..1908747.94 rows=1 width=38)
                                 ->  Gather  (cost=4021.13..1908744.91 rows=1 width=34)
                                       Workers Planned: 4
                                       ->  Nested Loop Anti Join  (cost=3021.13..1907744.81 rows=1 width=34)
                                             ->  Parallel Hash Join  (cost=3020.56..1335528.77 rows=199941 width=34)
                                                   Hash Cond: (l1.l_suppkey = supplier.s_suppkey)
                                                   ->  Parallel Seq Scan on lineitem l1  (cost=0.00..1312587.60 rows=4998523 width=8)
                                                         Filter: (l_receiptdate > l_commitdate)
                                                   ->  Parallel Hash  (cost=2991.15..2991.15 rows=2353 width=30)
                                                         ->  Hash Join  (cost=1.32..2991.15 rows=2353 width=30)
                                                               Hash Cond: (supplier.s_nationkey = nation.n_nationkey)
                                                               ->  Parallel Seq Scan on supplier  (cost=0.00..2809.24 rows=58824 width=34)
                                                               ->  Hash  (cost=1.31..1.31 rows=1 width=4)
                                                                     ->  Seq Scan on nation  (cost=0.00..1.31 rows=1 width=4)
                                                                           Filter: (n_name = 'PERU'::bpchar)
                                             ->  Index Scan using idx_lineitem_orderkey on lineitem l3  (cost=0.56..3.23 rows=1 width=8)
                                                   Index Cond: (l_orderkey = l1.l_orderkey)
                                                   Filter: ((l_receiptdate > l_commitdate) AND (l_suppkey <> l1.l_suppkey))
                                 ->  Index Scan using orders_pkey on orders  (cost=0.43..3.03 rows=1 width=4)
                                       Index Cond: (o_orderkey = l1.l_orderkey)
                                       Filter: (o_orderstatus = 'F'::bpchar)
                           ->  Index Scan using idx_lineitem_orderkey on lineitem l2  (cost=0.56..3.22 rows=4 width=8)
                                 Index Cond: (l_orderkey = orders.o_orderkey)
(32 rows)

query 21 run 3
SET
SET
SET
                                                                QUERY PLAN                                                                 
-------------------------------------------------------------------------------------------------------------------------------------------
 Limit  (cost=1908751.22..1908751.22 rows=1 width=34)
   ->  Sort  (cost=1908751.22..1908751.22 rows=1 width=34)
         Sort Key: (count(*)) DESC, supplier.s_name
         ->  GroupAggregate  (cost=1908751.19..1908751.21 rows=1 width=34)
               Group Key: supplier.s_name
               ->  Sort  (cost=1908751.19..1908751.19 rows=1 width=26)
                     Sort Key: supplier.s_name
                     ->  Nested Loop Semi Join  (cost=4022.13..1908751.18 rows=1 width=26)
                           Join Filter: (l2.l_suppkey <> l1.l_suppkey)
                           ->  Nested Loop  (cost=4021.56..1908747.94 rows=1 width=38)
                                 ->  Gather  (cost=4021.13..1908744.91 rows=1 width=34)
                                       Workers Planned: 4
                                       ->  Nested Loop Anti Join  (cost=3021.13..1907744.81 rows=1 width=34)
                                             ->  Parallel Hash Join  (cost=3020.56..1335528.77 rows=199941 width=34)
                                                   Hash Cond: (l1.l_suppkey = supplier.s_suppkey)
                                                   ->  Parallel Seq Scan on lineitem l1  (cost=0.00..1312587.60 rows=4998523 width=8)
                                                         Filter: (l_receiptdate > l_commitdate)
                                                   ->  Parallel Hash  (cost=2991.15..2991.15 rows=2353 width=30)
                                                         ->  Hash Join  (cost=1.32..2991.15 rows=2353 width=30)
                                                               Hash Cond: (supplier.s_nationkey = nation.n_nationkey)
                                                               ->  Parallel Seq Scan on supplier  (cost=0.00..2809.24 rows=58824 width=34)
                                                               ->  Hash  (cost=1.31..1.31 rows=1 width=4)
                                                                     ->  Seq Scan on nation  (cost=0.00..1.31 rows=1 width=4)
                                                                           Filter: (n_name = 'PERU'::bpchar)
                                             ->  Index Scan using idx_lineitem_orderkey on lineitem l3  (cost=0.56..3.23 rows=1 width=8)
                                                   Index Cond: (l_orderkey = l1.l_orderkey)
                                                   Filter: ((l_receiptdate > l_commitdate) AND (l_suppkey <> l1.l_suppkey))
                                 ->  Index Scan using orders_pkey on orders  (cost=0.43..3.03 rows=1 width=4)
                                       Index Cond: (o_orderkey = l1.l_orderkey)
                                       Filter: (o_orderstatus = 'F'::bpchar)
                           ->  Index Scan using idx_lineitem_orderkey on lineitem l2  (cost=0.56..3.22 rows=4 width=8)
                                 Index Cond: (l_orderkey = orders.o_orderkey)
(32 rows)

query 22 run 1
SET
SET
SET
                                                                QUERY PLAN                                                                 
-------------------------------------------------------------------------------------------------------------------------------------------
 Limit  (cost=93877.53..93878.91 rows=1 width=72)
   InitPlan 1 (returns $1)
     ->  Finalize Aggregate  (cost=46821.36..46821.37 rows=1 width=32)
           ->  Gather  (cost=46820.92..46821.33 rows=4 width=32)
                 Workers Planned: 4
                 ->  Partial Aggregate  (cost=45820.92..45820.93 rows=1 width=32)
                       ->  Parallel Seq Scan on customer customer_1  (cost=0.00..45791.09 rows=11932 width=6)
                             Filter: ((c_acctbal > 0.00) AND (SUBSTRING(c_phone FROM 1 FOR 2) = ANY ('{21,29,26,34,14,15,17}'::text[])))
   ->  GroupAggregate  (cost=47056.16..58884.94 rows=8584 width=72)
         Group Key: SUBSTRING(customer.c_phone FROM 1 FOR 2)
         ->  Nested Loop Anti Join  (cost=47056.16..58670.34 rows=8584 width=38)
               ->  Gather Merge  (cost=47055.73..49151.20 rows=17501 width=26)
                     Workers Planned: 4
                     Params Evaluated: $1
                     ->  Sort  (cost=46055.67..46066.61 rows=4375 width=26)
                           Sort Key: (SUBSTRING(customer.c_phone FROM 1 FOR 2))
                           ->  Parallel Seq Scan on customer  (cost=0.00..45791.09 rows=4375 width=26)
                                 Filter: ((c_acctbal > $1) AND (SUBSTRING(c_phone FROM 1 FOR 2) = ANY ('{21,29,26,34,14,15,17}'::text[])))
               ->  Index Only Scan using idx_orders_custkey on orders  (cost=0.43..1.74 rows=20 width=4)
                     Index Cond: (o_custkey = customer.c_custkey)
(20 rows)

query 22 run 2
SET
SET
SET
                                                                QUERY PLAN                                                                 
-------------------------------------------------------------------------------------------------------------------------------------------
 Limit  (cost=93877.53..93878.91 rows=1 width=72)
   InitPlan 1 (returns $1)
     ->  Finalize Aggregate  (cost=46821.36..46821.37 rows=1 width=32)
           ->  Gather  (cost=46820.92..46821.33 rows=4 width=32)
                 Workers Planned: 4
                 ->  Partial Aggregate  (cost=45820.92..45820.93 rows=1 width=32)
                       ->  Parallel Seq Scan on customer customer_1  (cost=0.00..45791.09 rows=11932 width=6)
                             Filter: ((c_acctbal > 0.00) AND (SUBSTRING(c_phone FROM 1 FOR 2) = ANY ('{21,29,26,34,14,15,17}'::text[])))
   ->  GroupAggregate  (cost=47056.16..58884.94 rows=8584 width=72)
         Group Key: SUBSTRING(customer.c_phone FROM 1 FOR 2)
         ->  Nested Loop Anti Join  (cost=47056.16..58670.34 rows=8584 width=38)
               ->  Gather Merge  (cost=47055.73..49151.20 rows=17501 width=26)
                     Workers Planned: 4
                     Params Evaluated: $1
                     ->  Sort  (cost=46055.67..46066.61 rows=4375 width=26)
                           Sort Key: (SUBSTRING(customer.c_phone FROM 1 FOR 2))
                           ->  Parallel Seq Scan on customer  (cost=0.00..45791.09 rows=4375 width=26)
                                 Filter: ((c_acctbal > $1) AND (SUBSTRING(c_phone FROM 1 FOR 2) = ANY ('{21,29,26,34,14,15,17}'::text[])))
               ->  Index Only Scan using idx_orders_custkey on orders  (cost=0.43..1.74 rows=20 width=4)
                     Index Cond: (o_custkey = customer.c_custkey)
(20 rows)

query 22 run 3
SET
SET
SET
                                                                QUERY PLAN                                                                 
-------------------------------------------------------------------------------------------------------------------------------------------
 Limit  (cost=93877.53..93878.91 rows=1 width=72)
   InitPlan 1 (returns $1)
     ->  Finalize Aggregate  (cost=46821.36..46821.37 rows=1 width=32)
           ->  Gather  (cost=46820.92..46821.33 rows=4 width=32)
                 Workers Planned: 4
                 ->  Partial Aggregate  (cost=45820.92..45820.93 rows=1 width=32)
                       ->  Parallel Seq Scan on customer customer_1  (cost=0.00..45791.09 rows=11932 width=6)
                             Filter: ((c_acctbal > 0.00) AND (SUBSTRING(c_phone FROM 1 FOR 2) = ANY ('{21,29,26,34,14,15,17}'::text[])))
   ->  GroupAggregate  (cost=47056.16..58884.94 rows=8584 width=72)
         Group Key: SUBSTRING(customer.c_phone FROM 1 FOR 2)
         ->  Nested Loop Anti Join  (cost=47056.16..58670.34 rows=8584 width=38)
               ->  Gather Merge  (cost=47055.73..49151.20 rows=17501 width=26)
                     Workers Planned: 4
                     Params Evaluated: $1
                     ->  Sort  (cost=46055.67..46066.61 rows=4375 width=26)
                           Sort Key: (SUBSTRING(customer.c_phone FROM 1 FOR 2))
                           ->  Parallel Seq Scan on customer  (cost=0.00..45791.09 rows=4375 width=26)
                                 Filter: ((c_acctbal > $1) AND (SUBSTRING(c_phone FROM 1 FOR 2) = ANY ('{21,29,26,34,14,15,17}'::text[])))
               ->  Index Only Scan using idx_orders_custkey on orders  (cost=0.43..1.74 rows=20 width=4)
                     Index Cond: (o_custkey = customer.c_custkey)
(20 rows)

