query 1 run 1
SET
SET
                                           QUERY PLAN                                           
------------------------------------------------------------------------------------------------
 Limit  (cost=424660.40..424660.40 rows=1 width=25)
   ->  Sort  (cost=424660.40..424660.42 rows=6 width=25)
         Sort Key: l_returnflag, l_linestatus
         ->  HashAggregate  (cost=424660.27..424660.37 rows=6 width=25)
               ->  Seq Scan on lineitem  (cost=0.00..187579.23 rows=5927026 width=25)
                     Filter: (l_shipdate <= '1998-09-10 00:00:00'::timestamp without time zone)
(6 rows)

query 1 run 2
SET
SET
                                           QUERY PLAN                                           
------------------------------------------------------------------------------------------------
 Limit  (cost=424660.40..424660.40 rows=1 width=25)
   ->  Sort  (cost=424660.40..424660.42 rows=6 width=25)
         Sort Key: l_returnflag, l_linestatus
         ->  HashAggregate  (cost=424660.27..424660.37 rows=6 width=25)
               ->  Seq Scan on lineitem  (cost=0.00..187579.23 rows=5927026 width=25)
                     Filter: (l_shipdate <= '1998-09-10 00:00:00'::timestamp without time zone)
(6 rows)

query 1 run 3
SET
SET
                                           QUERY PLAN                                           
------------------------------------------------------------------------------------------------
 Limit  (cost=424660.40..424660.40 rows=1 width=25)
   ->  Sort  (cost=424660.40..424660.42 rows=6 width=25)
         Sort Key: l_returnflag, l_linestatus
         ->  HashAggregate  (cost=424660.27..424660.37 rows=6 width=25)
               ->  Seq Scan on lineitem  (cost=0.00..187579.23 rows=5927026 width=25)
                     Filter: (l_shipdate <= '1998-09-10 00:00:00'::timestamp without time zone)
(6 rows)

query 2 run 1
SET
SET
                                                                 QUERY PLAN                                                                  
---------------------------------------------------------------------------------------------------------------------------------------------
 Limit  (cost=66553.72..66553.73 rows=1 width=192)
   ->  Sort  (cost=66553.72..66553.73 rows=1 width=192)
         Sort Key: supplier.s_acctbal, nation.n_name, supplier.s_name, part.p_partkey
         ->  Merge Join  (cost=45336.32..66553.71 rows=1 width=192)
               Merge Cond: (part.p_partkey = partsupp.ps_partkey)
               Join Filter: (partsupp.ps_supplycost = (SubPlan 1))
               ->  Index Scan using part_pkey on part  (cost=0.42..8926.42 rows=783 width=30)
                     Filter: (((p_type)::text ~~ '%NICKEL'::text) AND (p_size = 16))
               ->  Sort  (cost=45335.82..45734.94 rows=159649 width=172)
                     Sort Key: partsupp.ps_partkey
                     ->  Hash Join  (cost=408.03..31538.52 rows=159649 width=172)
                           Hash Cond: (partsupp.ps_suppkey = supplier.s_suppkey)
                           ->  Seq Scan on partsupp  (cost=0.00..25534.00 rows=800000 width=14)
                           ->  Hash  (cost=383.03..383.03 rows=2000 width=166)
                                 ->  Hash Join  (cost=2.53..383.03 rows=2000 width=166)
                                       Hash Cond: (supplier.s_nationkey = nation.n_nationkey)
                                       ->  Seq Scan on supplier  (cost=0.00..323.00 rows=10000 width=144)
                                       ->  Hash  (cost=2.47..2.47 rows=5 width=30)
                                             ->  Hash Join  (cost=1.07..2.47 rows=5 width=30)
                                                   Hash Cond: (nation.n_regionkey = region.r_regionkey)
                                                   ->  Seq Scan on nation  (cost=0.00..1.25 rows=25 width=34)
                                                   ->  Hash  (cost=1.06..1.06 rows=1 width=4)
                                                         ->  Seq Scan on region  (cost=0.00..1.06 rows=1 width=4)
                                                               Filter: (r_name = 'AMERICA'::bpchar)
               SubPlan 1
                 ->  Aggregate  (cost=18.54..18.55 rows=1 width=6)
                       ->  Nested Loop  (cost=0.85..18.54 rows=1 width=6)
                             Join Filter: (nation_1.n_regionkey = region_1.r_regionkey)
                             ->  Seq Scan on region region_1  (cost=0.00..1.06 rows=1 width=4)
                                   Filter: (r_name = 'AMERICA'::bpchar)
                             ->  Nested Loop  (cost=0.85..17.43 rows=4 width=10)
                                   ->  Nested Loop  (cost=0.71..16.76 rows=4 width=10)
                                         ->  Index Scan using idx_partsupp_partkey on partsupp partsupp_1  (cost=0.42..3.50 rows=4 width=10)
                                               Index Cond: (part.p_partkey = ps_partkey)
                                         ->  Index Scan using supplier_pkey on supplier supplier_1  (cost=0.29..3.31 rows=1 width=8)
                                               Index Cond: (s_suppkey = partsupp_1.ps_suppkey)
                                   ->  Index Scan using nation_pkey on nation nation_1  (cost=0.14..0.16 rows=1 width=8)
                                         Index Cond: (n_nationkey = supplier_1.s_nationkey)
(38 rows)

query 2 run 2
SET
SET
                                                                 QUERY PLAN                                                                  
---------------------------------------------------------------------------------------------------------------------------------------------
 Limit  (cost=66553.72..66553.73 rows=1 width=192)
   ->  Sort  (cost=66553.72..66553.73 rows=1 width=192)
         Sort Key: supplier.s_acctbal, nation.n_name, supplier.s_name, part.p_partkey
         ->  Merge Join  (cost=45336.32..66553.71 rows=1 width=192)
               Merge Cond: (part.p_partkey = partsupp.ps_partkey)
               Join Filter: (partsupp.ps_supplycost = (SubPlan 1))
               ->  Index Scan using part_pkey on part  (cost=0.42..8926.42 rows=783 width=30)
                     Filter: (((p_type)::text ~~ '%NICKEL'::text) AND (p_size = 16))
               ->  Sort  (cost=45335.82..45734.94 rows=159649 width=172)
                     Sort Key: partsupp.ps_partkey
                     ->  Hash Join  (cost=408.03..31538.52 rows=159649 width=172)
                           Hash Cond: (partsupp.ps_suppkey = supplier.s_suppkey)
                           ->  Seq Scan on partsupp  (cost=0.00..25534.00 rows=800000 width=14)
                           ->  Hash  (cost=383.03..383.03 rows=2000 width=166)
                                 ->  Hash Join  (cost=2.53..383.03 rows=2000 width=166)
                                       Hash Cond: (supplier.s_nationkey = nation.n_nationkey)
                                       ->  Seq Scan on supplier  (cost=0.00..323.00 rows=10000 width=144)
                                       ->  Hash  (cost=2.47..2.47 rows=5 width=30)
                                             ->  Hash Join  (cost=1.07..2.47 rows=5 width=30)
                                                   Hash Cond: (nation.n_regionkey = region.r_regionkey)
                                                   ->  Seq Scan on nation  (cost=0.00..1.25 rows=25 width=34)
                                                   ->  Hash  (cost=1.06..1.06 rows=1 width=4)
                                                         ->  Seq Scan on region  (cost=0.00..1.06 rows=1 width=4)
                                                               Filter: (r_name = 'AMERICA'::bpchar)
               SubPlan 1
                 ->  Aggregate  (cost=18.54..18.55 rows=1 width=6)
                       ->  Nested Loop  (cost=0.85..18.54 rows=1 width=6)
                             Join Filter: (nation_1.n_regionkey = region_1.r_regionkey)
                             ->  Seq Scan on region region_1  (cost=0.00..1.06 rows=1 width=4)
                                   Filter: (r_name = 'AMERICA'::bpchar)
                             ->  Nested Loop  (cost=0.85..17.43 rows=4 width=10)
                                   ->  Nested Loop  (cost=0.71..16.76 rows=4 width=10)
                                         ->  Index Scan using idx_partsupp_partkey on partsupp partsupp_1  (cost=0.42..3.50 rows=4 width=10)
                                               Index Cond: (part.p_partkey = ps_partkey)
                                         ->  Index Scan using supplier_pkey on supplier supplier_1  (cost=0.29..3.31 rows=1 width=8)
                                               Index Cond: (s_suppkey = partsupp_1.ps_suppkey)
                                   ->  Index Scan using nation_pkey on nation nation_1  (cost=0.14..0.16 rows=1 width=8)
                                         Index Cond: (n_nationkey = supplier_1.s_nationkey)
(38 rows)

query 2 run 3
SET
SET
                                                                 QUERY PLAN                                                                  
---------------------------------------------------------------------------------------------------------------------------------------------
 Limit  (cost=66553.72..66553.73 rows=1 width=192)
   ->  Sort  (cost=66553.72..66553.73 rows=1 width=192)
         Sort Key: supplier.s_acctbal, nation.n_name, supplier.s_name, part.p_partkey
         ->  Merge Join  (cost=45336.32..66553.71 rows=1 width=192)
               Merge Cond: (part.p_partkey = partsupp.ps_partkey)
               Join Filter: (partsupp.ps_supplycost = (SubPlan 1))
               ->  Index Scan using part_pkey on part  (cost=0.42..8926.42 rows=783 width=30)
                     Filter: (((p_type)::text ~~ '%NICKEL'::text) AND (p_size = 16))
               ->  Sort  (cost=45335.82..45734.94 rows=159649 width=172)
                     Sort Key: partsupp.ps_partkey
                     ->  Hash Join  (cost=408.03..31538.52 rows=159649 width=172)
                           Hash Cond: (partsupp.ps_suppkey = supplier.s_suppkey)
                           ->  Seq Scan on partsupp  (cost=0.00..25534.00 rows=800000 width=14)
                           ->  Hash  (cost=383.03..383.03 rows=2000 width=166)
                                 ->  Hash Join  (cost=2.53..383.03 rows=2000 width=166)
                                       Hash Cond: (supplier.s_nationkey = nation.n_nationkey)
                                       ->  Seq Scan on supplier  (cost=0.00..323.00 rows=10000 width=144)
                                       ->  Hash  (cost=2.47..2.47 rows=5 width=30)
                                             ->  Hash Join  (cost=1.07..2.47 rows=5 width=30)
                                                   Hash Cond: (nation.n_regionkey = region.r_regionkey)
                                                   ->  Seq Scan on nation  (cost=0.00..1.25 rows=25 width=34)
                                                   ->  Hash  (cost=1.06..1.06 rows=1 width=4)
                                                         ->  Seq Scan on region  (cost=0.00..1.06 rows=1 width=4)
                                                               Filter: (r_name = 'AMERICA'::bpchar)
               SubPlan 1
                 ->  Aggregate  (cost=18.54..18.55 rows=1 width=6)
                       ->  Nested Loop  (cost=0.85..18.54 rows=1 width=6)
                             Join Filter: (nation_1.n_regionkey = region_1.r_regionkey)
                             ->  Seq Scan on region region_1  (cost=0.00..1.06 rows=1 width=4)
                                   Filter: (r_name = 'AMERICA'::bpchar)
                             ->  Nested Loop  (cost=0.85..17.43 rows=4 width=10)
                                   ->  Nested Loop  (cost=0.71..16.76 rows=4 width=10)
                                         ->  Index Scan using idx_partsupp_partkey on partsupp partsupp_1  (cost=0.42..3.50 rows=4 width=10)
                                               Index Cond: (part.p_partkey = ps_partkey)
                                         ->  Index Scan using supplier_pkey on supplier supplier_1  (cost=0.29..3.31 rows=1 width=8)
                                               Index Cond: (s_suppkey = partsupp_1.ps_suppkey)
                                   ->  Index Scan using nation_pkey on nation nation_1  (cost=0.14..0.16 rows=1 width=8)
                                         Index Cond: (n_nationkey = supplier_1.s_nationkey)
(38 rows)

query 3 run 1
SET
SET
                                                             QUERY PLAN                                                              
-------------------------------------------------------------------------------------------------------------------------------------
 Limit  (cost=309446.23..309446.26 rows=10 width=24)
   ->  Sort  (cost=309446.23..310249.86 rows=321451 width=24)
         Sort Key: (sum((lineitem.l_extendedprice * (1::numeric - lineitem.l_discount)))), orders.o_orderdate
         ->  GroupAggregate  (cost=293659.89..302499.79 rows=321451 width=24)
               ->  Sort  (cost=293659.89..294463.52 rows=321451 width=24)
                     Sort Key: lineitem.l_orderkey, orders.o_orderdate, orders.o_shippriority
                     ->  Hash Join  (cost=61193.45..264256.38 rows=321451 width=24)
                           Hash Cond: (lineitem.l_orderkey = orders.o_orderkey)
                           ->  Seq Scan on lineitem  (cost=0.00..187579.23 rows=3271786 width=16)
                                 Filter: (l_shipdate > '1995-03-07'::date)
                           ->  Hash  (cost=59350.80..59350.80 rows=147412 width=12)
                                 ->  Hash Join  (cost=14479.38..59350.80 rows=147412 width=12)
                                       Hash Cond: (orders.o_custkey = customer.c_custkey)
                                       ->  Bitmap Heap Scan on orders  (cost=8627.19..43845.72 rows=727002 width=16)
                                             Recheck Cond: (o_orderdate < '1995-03-07'::date)
                                             ->  Bitmap Index Scan on idx_orders_orderdate  (cost=0.00..8445.44 rows=727002 width=0)
                                                   Index Cond: (o_orderdate < '1995-03-07'::date)
                                       ->  Hash  (cost=5472.00..5472.00 rows=30415 width=4)
                                             ->  Seq Scan on customer  (cost=0.00..5472.00 rows=30415 width=4)
                                                   Filter: (c_mktsegment = 'BUILDING'::bpchar)
(20 rows)

query 3 run 2
SET
SET
                                                             QUERY PLAN                                                              
-------------------------------------------------------------------------------------------------------------------------------------
 Limit  (cost=309446.23..309446.26 rows=10 width=24)
   ->  Sort  (cost=309446.23..310249.86 rows=321451 width=24)
         Sort Key: (sum((lineitem.l_extendedprice * (1::numeric - lineitem.l_discount)))), orders.o_orderdate
         ->  GroupAggregate  (cost=293659.89..302499.79 rows=321451 width=24)
               ->  Sort  (cost=293659.89..294463.52 rows=321451 width=24)
                     Sort Key: lineitem.l_orderkey, orders.o_orderdate, orders.o_shippriority
                     ->  Hash Join  (cost=61193.45..264256.38 rows=321451 width=24)
                           Hash Cond: (lineitem.l_orderkey = orders.o_orderkey)
                           ->  Seq Scan on lineitem  (cost=0.00..187579.23 rows=3271786 width=16)
                                 Filter: (l_shipdate > '1995-03-07'::date)
                           ->  Hash  (cost=59350.80..59350.80 rows=147412 width=12)
                                 ->  Hash Join  (cost=14479.38..59350.80 rows=147412 width=12)
                                       Hash Cond: (orders.o_custkey = customer.c_custkey)
                                       ->  Bitmap Heap Scan on orders  (cost=8627.19..43845.72 rows=727002 width=16)
                                             Recheck Cond: (o_orderdate < '1995-03-07'::date)
                                             ->  Bitmap Index Scan on idx_orders_orderdate  (cost=0.00..8445.44 rows=727002 width=0)
                                                   Index Cond: (o_orderdate < '1995-03-07'::date)
                                       ->  Hash  (cost=5472.00..5472.00 rows=30415 width=4)
                                             ->  Seq Scan on customer  (cost=0.00..5472.00 rows=30415 width=4)
                                                   Filter: (c_mktsegment = 'BUILDING'::bpchar)
(20 rows)

query 3 run 3
SET
SET
                                                             QUERY PLAN                                                              
-------------------------------------------------------------------------------------------------------------------------------------
 Limit  (cost=309446.23..309446.26 rows=10 width=24)
   ->  Sort  (cost=309446.23..310249.86 rows=321451 width=24)
         Sort Key: (sum((lineitem.l_extendedprice * (1::numeric - lineitem.l_discount)))), orders.o_orderdate
         ->  GroupAggregate  (cost=293659.89..302499.79 rows=321451 width=24)
               ->  Sort  (cost=293659.89..294463.52 rows=321451 width=24)
                     Sort Key: lineitem.l_orderkey, orders.o_orderdate, orders.o_shippriority
                     ->  Hash Join  (cost=61193.45..264256.38 rows=321451 width=24)
                           Hash Cond: (lineitem.l_orderkey = orders.o_orderkey)
                           ->  Seq Scan on lineitem  (cost=0.00..187579.23 rows=3271786 width=16)
                                 Filter: (l_shipdate > '1995-03-07'::date)
                           ->  Hash  (cost=59350.80..59350.80 rows=147412 width=12)
                                 ->  Hash Join  (cost=14479.38..59350.80 rows=147412 width=12)
                                       Hash Cond: (orders.o_custkey = customer.c_custkey)
                                       ->  Bitmap Heap Scan on orders  (cost=8627.19..43845.72 rows=727002 width=16)
                                             Recheck Cond: (o_orderdate < '1995-03-07'::date)
                                             ->  Bitmap Index Scan on idx_orders_orderdate  (cost=0.00..8445.44 rows=727002 width=0)
                                                   Index Cond: (o_orderdate < '1995-03-07'::date)
                                       ->  Hash  (cost=5472.00..5472.00 rows=30415 width=4)
                                             ->  Seq Scan on customer  (cost=0.00..5472.00 rows=30415 width=4)
                                                   Filter: (c_mktsegment = 'BUILDING'::bpchar)
(20 rows)

query 4 run 1
SET
SET
                                                        QUERY PLAN                                                        
--------------------------------------------------------------------------------------------------------------------------
 Limit  (cost=191741.93..191741.93 rows=1 width=16)
   ->  Sort  (cost=191741.93..191741.93 rows=1 width=16)
         Sort Key: orders.o_orderpriority
         ->  HashAggregate  (cost=191741.91..191741.92 rows=1 width=16)
               ->  Nested Loop Semi Join  (cost=830.95..191453.33 rows=57716 width=16)
                     ->  Bitmap Heap Scan on orders  (cost=830.52..27827.26 rows=57716 width=20)
                           Recheck Cond: ((o_orderdate >= '1993-12-01'::date) AND (o_orderdate < '1994-03-01'::date))
                           ->  Bitmap Index Scan on idx_orders_orderdate  (cost=0.00..816.09 rows=57716 width=0)
                                 Index Cond: ((o_orderdate >= '1993-12-01'::date) AND (o_orderdate < '1994-03-01'::date))
                     ->  Index Scan using idx_lineitem_orderkey on lineitem  (cost=0.43..3.23 rows=1 width=4)
                           Index Cond: (l_orderkey = orders.o_orderkey)
                           Filter: (l_commitdate < l_receiptdate)
(12 rows)

query 4 run 2
SET
SET
                                                        QUERY PLAN                                                        
--------------------------------------------------------------------------------------------------------------------------
 Limit  (cost=191741.93..191741.93 rows=1 width=16)
   ->  Sort  (cost=191741.93..191741.93 rows=1 width=16)
         Sort Key: orders.o_orderpriority
         ->  HashAggregate  (cost=191741.91..191741.92 rows=1 width=16)
               ->  Nested Loop Semi Join  (cost=830.95..191453.33 rows=57716 width=16)
                     ->  Bitmap Heap Scan on orders  (cost=830.52..27827.26 rows=57716 width=20)
                           Recheck Cond: ((o_orderdate >= '1993-12-01'::date) AND (o_orderdate < '1994-03-01'::date))
                           ->  Bitmap Index Scan on idx_orders_orderdate  (cost=0.00..816.09 rows=57716 width=0)
                                 Index Cond: ((o_orderdate >= '1993-12-01'::date) AND (o_orderdate < '1994-03-01'::date))
                     ->  Index Scan using idx_lineitem_orderkey on lineitem  (cost=0.43..3.23 rows=1 width=4)
                           Index Cond: (l_orderkey = orders.o_orderkey)
                           Filter: (l_commitdate < l_receiptdate)
(12 rows)

query 4 run 3
SET
SET
                                                        QUERY PLAN                                                        
--------------------------------------------------------------------------------------------------------------------------
 Limit  (cost=191741.93..191741.93 rows=1 width=16)
   ->  Sort  (cost=191741.93..191741.93 rows=1 width=16)
         Sort Key: orders.o_orderpriority
         ->  HashAggregate  (cost=191741.91..191741.92 rows=1 width=16)
               ->  Nested Loop Semi Join  (cost=830.95..191453.33 rows=57716 width=16)
                     ->  Bitmap Heap Scan on orders  (cost=830.52..27827.26 rows=57716 width=20)
                           Recheck Cond: ((o_orderdate >= '1993-12-01'::date) AND (o_orderdate < '1994-03-01'::date))
                           ->  Bitmap Index Scan on idx_orders_orderdate  (cost=0.00..816.09 rows=57716 width=0)
                                 Index Cond: ((o_orderdate >= '1993-12-01'::date) AND (o_orderdate < '1994-03-01'::date))
                     ->  Index Scan using idx_lineitem_orderkey on lineitem  (cost=0.43..3.23 rows=1 width=4)
                           Index Cond: (l_orderkey = orders.o_orderkey)
                           Filter: (l_commitdate < l_receiptdate)
(12 rows)

query 5 run 1
SET
SET
                                                              QUERY PLAN                                                              
--------------------------------------------------------------------------------------------------------------------------------------
 Limit  (cost=196006.51..196006.51 rows=1 width=38)
   ->  Sort  (cost=196006.51..196006.57 rows=25 width=38)
         Sort Key: (sum((lineitem.l_extendedprice * (1::numeric - lineitem.l_discount))))
         ->  HashAggregate  (cost=196006.13..196006.38 rows=25 width=38)
               ->  Hash Join  (cost=10108.00..195932.71 rows=7342 width=38)
                     Hash Cond: ((lineitem.l_suppkey = supplier.s_suppkey) AND (customer.c_nationkey = supplier.s_nationkey))
                     ->  Nested Loop  (cost=9635.00..189878.92 rows=183579 width=50)
                           ->  Hash Join  (cost=9634.57..40814.00 rows=45895 width=38)
                                 Hash Cond: (orders.o_custkey = customer.c_custkey)
                                 ->  Bitmap Heap Scan on orders  (cost=3297.54..32870.65 rows=229474 width=8)
                                       Recheck Cond: ((o_orderdate >= '1993-01-01'::date) AND (o_orderdate < '1994-01-01'::date))
                                       ->  Bitmap Index Scan on idx_orders_orderdate  (cost=0.00..3240.17 rows=229474 width=0)
                                             Index Cond: ((o_orderdate >= '1993-01-01'::date) AND (o_orderdate < '1994-01-01'::date))
                                 ->  Hash  (cost=5962.03..5962.03 rows=30000 width=38)
                                       ->  Hash Join  (cost=2.53..5962.03 rows=30000 width=38)
                                             Hash Cond: (customer.c_nationkey = nation.n_nationkey)
                                             ->  Seq Scan on customer  (cost=0.00..5097.00 rows=150000 width=8)
                                             ->  Hash  (cost=2.47..2.47 rows=5 width=30)
                                                   ->  Hash Join  (cost=1.07..2.47 rows=5 width=30)
                                                         Hash Cond: (nation.n_regionkey = region.r_regionkey)
                                                         ->  Seq Scan on nation  (cost=0.00..1.25 rows=25 width=34)
                                                         ->  Hash  (cost=1.06..1.06 rows=1 width=4)
                                                               ->  Seq Scan on region  (cost=0.00..1.06 rows=1 width=4)
                                                                     Filter: (r_name = 'AMERICA'::bpchar)
                           ->  Index Scan using idx_lineitem_orderkey on lineitem  (cost=0.43..3.21 rows=4 width=20)
                                 Index Cond: (l_orderkey = orders.o_orderkey)
                     ->  Hash  (cost=323.00..323.00 rows=10000 width=8)
                           ->  Seq Scan on supplier  (cost=0.00..323.00 rows=10000 width=8)
(28 rows)

query 5 run 2
SET
SET
                                                              QUERY PLAN                                                              
--------------------------------------------------------------------------------------------------------------------------------------
 Limit  (cost=196006.51..196006.51 rows=1 width=38)
   ->  Sort  (cost=196006.51..196006.57 rows=25 width=38)
         Sort Key: (sum((lineitem.l_extendedprice * (1::numeric - lineitem.l_discount))))
         ->  HashAggregate  (cost=196006.13..196006.38 rows=25 width=38)
               ->  Hash Join  (cost=10108.00..195932.71 rows=7342 width=38)
                     Hash Cond: ((lineitem.l_suppkey = supplier.s_suppkey) AND (customer.c_nationkey = supplier.s_nationkey))
                     ->  Nested Loop  (cost=9635.00..189878.92 rows=183579 width=50)
                           ->  Hash Join  (cost=9634.57..40814.00 rows=45895 width=38)
                                 Hash Cond: (orders.o_custkey = customer.c_custkey)
                                 ->  Bitmap Heap Scan on orders  (cost=3297.54..32870.65 rows=229474 width=8)
                                       Recheck Cond: ((o_orderdate >= '1993-01-01'::date) AND (o_orderdate < '1994-01-01'::date))
                                       ->  Bitmap Index Scan on idx_orders_orderdate  (cost=0.00..3240.17 rows=229474 width=0)
                                             Index Cond: ((o_orderdate >= '1993-01-01'::date) AND (o_orderdate < '1994-01-01'::date))
                                 ->  Hash  (cost=5962.03..5962.03 rows=30000 width=38)
                                       ->  Hash Join  (cost=2.53..5962.03 rows=30000 width=38)
                                             Hash Cond: (customer.c_nationkey = nation.n_nationkey)
                                             ->  Seq Scan on customer  (cost=0.00..5097.00 rows=150000 width=8)
                                             ->  Hash  (cost=2.47..2.47 rows=5 width=30)
                                                   ->  Hash Join  (cost=1.07..2.47 rows=5 width=30)
                                                         Hash Cond: (nation.n_regionkey = region.r_regionkey)
                                                         ->  Seq Scan on nation  (cost=0.00..1.25 rows=25 width=34)
                                                         ->  Hash  (cost=1.06..1.06 rows=1 width=4)
                                                               ->  Seq Scan on region  (cost=0.00..1.06 rows=1 width=4)
                                                                     Filter: (r_name = 'AMERICA'::bpchar)
                           ->  Index Scan using idx_lineitem_orderkey on lineitem  (cost=0.43..3.21 rows=4 width=20)
                                 Index Cond: (l_orderkey = orders.o_orderkey)
                     ->  Hash  (cost=323.00..323.00 rows=10000 width=8)
                           ->  Seq Scan on supplier  (cost=0.00..323.00 rows=10000 width=8)
(28 rows)

query 5 run 3
SET
SET
                                                              QUERY PLAN                                                              
--------------------------------------------------------------------------------------------------------------------------------------
 Limit  (cost=196006.51..196006.51 rows=1 width=38)
   ->  Sort  (cost=196006.51..196006.57 rows=25 width=38)
         Sort Key: (sum((lineitem.l_extendedprice * (1::numeric - lineitem.l_discount))))
         ->  HashAggregate  (cost=196006.13..196006.38 rows=25 width=38)
               ->  Hash Join  (cost=10108.00..195932.71 rows=7342 width=38)
                     Hash Cond: ((lineitem.l_suppkey = supplier.s_suppkey) AND (customer.c_nationkey = supplier.s_nationkey))
                     ->  Nested Loop  (cost=9635.00..189878.92 rows=183579 width=50)
                           ->  Hash Join  (cost=9634.57..40814.00 rows=45895 width=38)
                                 Hash Cond: (orders.o_custkey = customer.c_custkey)
                                 ->  Bitmap Heap Scan on orders  (cost=3297.54..32870.65 rows=229474 width=8)
                                       Recheck Cond: ((o_orderdate >= '1993-01-01'::date) AND (o_orderdate < '1994-01-01'::date))
                                       ->  Bitmap Index Scan on idx_orders_orderdate  (cost=0.00..3240.17 rows=229474 width=0)
                                             Index Cond: ((o_orderdate >= '1993-01-01'::date) AND (o_orderdate < '1994-01-01'::date))
                                 ->  Hash  (cost=5962.03..5962.03 rows=30000 width=38)
                                       ->  Hash Join  (cost=2.53..5962.03 rows=30000 width=38)
                                             Hash Cond: (customer.c_nationkey = nation.n_nationkey)
                                             ->  Seq Scan on customer  (cost=0.00..5097.00 rows=150000 width=8)
                                             ->  Hash  (cost=2.47..2.47 rows=5 width=30)
                                                   ->  Hash Join  (cost=1.07..2.47 rows=5 width=30)
                                                         Hash Cond: (nation.n_regionkey = region.r_regionkey)
                                                         ->  Seq Scan on nation  (cost=0.00..1.25 rows=25 width=34)
                                                         ->  Hash  (cost=1.06..1.06 rows=1 width=4)
                                                               ->  Seq Scan on region  (cost=0.00..1.06 rows=1 width=4)
                                                                     Filter: (r_name = 'AMERICA'::bpchar)
                           ->  Index Scan using idx_lineitem_orderkey on lineitem  (cost=0.43..3.21 rows=4 width=20)
                                 Index Cond: (l_orderkey = orders.o_orderkey)
                     ->  Hash  (cost=323.00..323.00 rows=10000 width=8)
                           ->  Seq Scan on supplier  (cost=0.00..323.00 rows=10000 width=8)
(28 rows)

query 6 run 1
SET
SET
                                                                                                         QUERY PLAN                                                                                                          
-----------------------------------------------------------------------------------------------------------------------------------------------------------------------------------------------------------------------------
 Limit  (cost=106901.27..106901.28 rows=1 width=12)
   ->  Aggregate  (cost=106901.27..106901.28 rows=1 width=12)
         ->  Bitmap Heap Scan on lineitem  (cost=20634.12..106323.54 rows=115546 width=12)
               Recheck Cond: ((l_shipdate >= '1993-01-01'::date) AND (l_shipdate < '1994-01-01 00:00:00'::timestamp without time zone) AND (l_discount >= 0.06) AND (l_discount <= 0.08) AND (l_quantity < 25::numeric))
               ->  Bitmap Index Scan on idx_lineitem_shipdate  (cost=0.00..20605.23 rows=115546 width=0)
                     Index Cond: ((l_shipdate >= '1993-01-01'::date) AND (l_shipdate < '1994-01-01 00:00:00'::timestamp without time zone) AND (l_discount >= 0.06) AND (l_discount <= 0.08) AND (l_quantity < 25::numeric))
(6 rows)

query 6 run 2
SET
SET
                                                                                                         QUERY PLAN                                                                                                          
-----------------------------------------------------------------------------------------------------------------------------------------------------------------------------------------------------------------------------
 Limit  (cost=106901.27..106901.28 rows=1 width=12)
   ->  Aggregate  (cost=106901.27..106901.28 rows=1 width=12)
         ->  Bitmap Heap Scan on lineitem  (cost=20634.12..106323.54 rows=115546 width=12)
               Recheck Cond: ((l_shipdate >= '1993-01-01'::date) AND (l_shipdate < '1994-01-01 00:00:00'::timestamp without time zone) AND (l_discount >= 0.06) AND (l_discount <= 0.08) AND (l_quantity < 25::numeric))
               ->  Bitmap Index Scan on idx_lineitem_shipdate  (cost=0.00..20605.23 rows=115546 width=0)
                     Index Cond: ((l_shipdate >= '1993-01-01'::date) AND (l_shipdate < '1994-01-01 00:00:00'::timestamp without time zone) AND (l_discount >= 0.06) AND (l_discount <= 0.08) AND (l_quantity < 25::numeric))
(6 rows)

query 6 run 3
SET
SET
                                                                                                         QUERY PLAN                                                                                                          
-----------------------------------------------------------------------------------------------------------------------------------------------------------------------------------------------------------------------------
 Limit  (cost=106901.27..106901.28 rows=1 width=12)
   ->  Aggregate  (cost=106901.27..106901.28 rows=1 width=12)
         ->  Bitmap Heap Scan on lineitem  (cost=20634.12..106323.54 rows=115546 width=12)
               Recheck Cond: ((l_shipdate >= '1993-01-01'::date) AND (l_shipdate < '1994-01-01 00:00:00'::timestamp without time zone) AND (l_discount >= 0.06) AND (l_discount <= 0.08) AND (l_quantity < 25::numeric))
               ->  Bitmap Index Scan on idx_lineitem_shipdate  (cost=0.00..20605.23 rows=115546 width=0)
                     Index Cond: ((l_shipdate >= '1993-01-01'::date) AND (l_shipdate < '1994-01-01 00:00:00'::timestamp without time zone) AND (l_discount >= 0.06) AND (l_discount <= 0.08) AND (l_quantity < 25::numeric))
(6 rows)

query 7 run 1
SET
SET
                                                                                                      QUERY PLAN                                                                                                       
-----------------------------------------------------------------------------------------------------------------------------------------------------------------------------------------------------------------------
 Limit  (cost=238455.67..238455.68 rows=1 width=68)
   ->  Sort  (cost=238455.67..238470.35 rows=5870 width=68)
         Sort Key: n1.n_name, n2.n_name, (date_part('year'::text, (lineitem.l_shipdate)::timestamp without time zone))
         ->  HashAggregate  (cost=238338.27..238426.32 rows=5870 width=68)
               ->  Hash Join  (cost=85301.76..238250.22 rows=5870 width=68)
                     Hash Cond: ((lineitem.l_suppkey = supplier.s_suppkey) AND (n1.n_nationkey = supplier.s_nationkey))
                     ->  Hash Join  (cost=84828.76..233286.73 rows=146748 width=76)
                           Hash Cond: (lineitem.l_orderkey = orders.o_orderkey)
                           ->  Bitmap Heap Scan on lineitem  (cost=29428.94..169533.33 rows=1836293 width=24)
                                 Recheck Cond: ((l_shipdate >= '1995-01-01'::date) AND (l_shipdate <= '1996-12-31'::date))
                                 ->  Bitmap Index Scan on idx_lineitem_shipdate  (cost=0.00..28969.86 rows=1836293 width=0)
                                       Index Cond: ((l_shipdate >= '1995-01-01'::date) AND (l_shipdate <= '1996-12-31'::date))
                           ->  Hash  (cost=53901.03..53901.03 rows=119904 width=60)
                                 ->  Hash Join  (cost=5946.02..53901.03 rows=119904 width=60)
                                       Hash Cond: (orders.o_custkey = customer.c_custkey)
                                       ->  Seq Scan on orders  (cost=0.00..41131.00 rows=1500000 width=8)
                                       ->  Hash  (cost=5796.15..5796.15 rows=11990 width=60)
                                             ->  Hash Join  (cost=16.65..5796.15 rows=11990 width=60)
                                                   Hash Cond: (customer.c_nationkey = n2.n_nationkey)
                                                   ->  Seq Scan on customer  (cost=0.00..5097.00 rows=150000 width=8)
                                                   ->  Hash  (cost=16.62..16.62 rows=2 width=60)
                                                         ->  Nested Loop  (cost=0.00..16.62 rows=2 width=60)
                                                               Join Filter: (((n1.n_name = 'PERU'::bpchar) AND (n2.n_name = 'MOROCCO'::bpchar)) OR ((n1.n_name = 'MOROCCO'::bpchar) AND (n2.n_name = 'PERU'::bpchar)))
                                                               ->  Seq Scan on nation n1  (cost=0.00..1.25 rows=25 width=30)
                                                               ->  Materialize  (cost=0.00..1.38 rows=25 width=30)
                                                                     ->  Seq Scan on nation n2  (cost=0.00..1.25 rows=25 width=30)
                     ->  Hash  (cost=323.00..323.00 rows=10000 width=8)
                           ->  Seq Scan on supplier  (cost=0.00..323.00 rows=10000 width=8)
(28 rows)

query 7 run 2
SET
SET
                                                                                                      QUERY PLAN                                                                                                       
-----------------------------------------------------------------------------------------------------------------------------------------------------------------------------------------------------------------------
 Limit  (cost=238455.67..238455.68 rows=1 width=68)
   ->  Sort  (cost=238455.67..238470.35 rows=5870 width=68)
         Sort Key: n1.n_name, n2.n_name, (date_part('year'::text, (lineitem.l_shipdate)::timestamp without time zone))
         ->  HashAggregate  (cost=238338.27..238426.32 rows=5870 width=68)
               ->  Hash Join  (cost=85301.76..238250.22 rows=5870 width=68)
                     Hash Cond: ((lineitem.l_suppkey = supplier.s_suppkey) AND (n1.n_nationkey = supplier.s_nationkey))
                     ->  Hash Join  (cost=84828.76..233286.73 rows=146748 width=76)
                           Hash Cond: (lineitem.l_orderkey = orders.o_orderkey)
                           ->  Bitmap Heap Scan on lineitem  (cost=29428.94..169533.33 rows=1836293 width=24)
                                 Recheck Cond: ((l_shipdate >= '1995-01-01'::date) AND (l_shipdate <= '1996-12-31'::date))
                                 ->  Bitmap Index Scan on idx_lineitem_shipdate  (cost=0.00..28969.86 rows=1836293 width=0)
                                       Index Cond: ((l_shipdate >= '1995-01-01'::date) AND (l_shipdate <= '1996-12-31'::date))
                           ->  Hash  (cost=53901.03..53901.03 rows=119904 width=60)
                                 ->  Hash Join  (cost=5946.02..53901.03 rows=119904 width=60)
                                       Hash Cond: (orders.o_custkey = customer.c_custkey)
                                       ->  Seq Scan on orders  (cost=0.00..41131.00 rows=1500000 width=8)
                                       ->  Hash  (cost=5796.15..5796.15 rows=11990 width=60)
                                             ->  Hash Join  (cost=16.65..5796.15 rows=11990 width=60)
                                                   Hash Cond: (customer.c_nationkey = n2.n_nationkey)
                                                   ->  Seq Scan on customer  (cost=0.00..5097.00 rows=150000 width=8)
                                                   ->  Hash  (cost=16.62..16.62 rows=2 width=60)
                                                         ->  Nested Loop  (cost=0.00..16.62 rows=2 width=60)
                                                               Join Filter: (((n1.n_name = 'PERU'::bpchar) AND (n2.n_name = 'MOROCCO'::bpchar)) OR ((n1.n_name = 'MOROCCO'::bpchar) AND (n2.n_name = 'PERU'::bpchar)))
                                                               ->  Seq Scan on nation n1  (cost=0.00..1.25 rows=25 width=30)
                                                               ->  Materialize  (cost=0.00..1.38 rows=25 width=30)
                                                                     ->  Seq Scan on nation n2  (cost=0.00..1.25 rows=25 width=30)
                     ->  Hash  (cost=323.00..323.00 rows=10000 width=8)
                           ->  Seq Scan on supplier  (cost=0.00..323.00 rows=10000 width=8)
(28 rows)

query 7 run 3
SET
SET
                                                                                                      QUERY PLAN                                                                                                       
-----------------------------------------------------------------------------------------------------------------------------------------------------------------------------------------------------------------------
 Limit  (cost=238455.67..238455.68 rows=1 width=68)
   ->  Sort  (cost=238455.67..238470.35 rows=5870 width=68)
         Sort Key: n1.n_name, n2.n_name, (date_part('year'::text, (lineitem.l_shipdate)::timestamp without time zone))
         ->  HashAggregate  (cost=238338.27..238426.32 rows=5870 width=68)
               ->  Hash Join  (cost=85301.76..238250.22 rows=5870 width=68)
                     Hash Cond: ((lineitem.l_suppkey = supplier.s_suppkey) AND (n1.n_nationkey = supplier.s_nationkey))
                     ->  Hash Join  (cost=84828.76..233286.73 rows=146748 width=76)
                           Hash Cond: (lineitem.l_orderkey = orders.o_orderkey)
                           ->  Bitmap Heap Scan on lineitem  (cost=29428.94..169533.33 rows=1836293 width=24)
                                 Recheck Cond: ((l_shipdate >= '1995-01-01'::date) AND (l_shipdate <= '1996-12-31'::date))
                                 ->  Bitmap Index Scan on idx_lineitem_shipdate  (cost=0.00..28969.86 rows=1836293 width=0)
                                       Index Cond: ((l_shipdate >= '1995-01-01'::date) AND (l_shipdate <= '1996-12-31'::date))
                           ->  Hash  (cost=53901.03..53901.03 rows=119904 width=60)
                                 ->  Hash Join  (cost=5946.02..53901.03 rows=119904 width=60)
                                       Hash Cond: (orders.o_custkey = customer.c_custkey)
                                       ->  Seq Scan on orders  (cost=0.00..41131.00 rows=1500000 width=8)
                                       ->  Hash  (cost=5796.15..5796.15 rows=11990 width=60)
                                             ->  Hash Join  (cost=16.65..5796.15 rows=11990 width=60)
                                                   Hash Cond: (customer.c_nationkey = n2.n_nationkey)
                                                   ->  Seq Scan on customer  (cost=0.00..5097.00 rows=150000 width=8)
                                                   ->  Hash  (cost=16.62..16.62 rows=2 width=60)
                                                         ->  Nested Loop  (cost=0.00..16.62 rows=2 width=60)
                                                               Join Filter: (((n1.n_name = 'PERU'::bpchar) AND (n2.n_name = 'MOROCCO'::bpchar)) OR ((n1.n_name = 'MOROCCO'::bpchar) AND (n2.n_name = 'PERU'::bpchar)))
                                                               ->  Seq Scan on nation n1  (cost=0.00..1.25 rows=25 width=30)
                                                               ->  Materialize  (cost=0.00..1.38 rows=25 width=30)
                                                                     ->  Seq Scan on nation n2  (cost=0.00..1.25 rows=25 width=30)
                     ->  Hash  (cost=323.00..323.00 rows=10000 width=8)
                           ->  Seq Scan on supplier  (cost=0.00..323.00 rows=10000 width=8)
(28 rows)

query 8 run 1
SET
SET
                                                                    QUERY PLAN                                                                     
---------------------------------------------------------------------------------------------------------------------------------------------------
 Limit  (cost=118882.36..118882.36 rows=1 width=42)
   ->  Sort  (cost=118882.36..118884.19 rows=733 width=42)
         Sort Key: (date_part('year'::text, (orders.o_orderdate)::timestamp without time zone))
         ->  HashAggregate  (cost=118865.87..118878.69 rows=733 width=42)
               ->  Nested Loop  (cost=50663.76..118817.17 rows=2435 width=42)
                     Join Filter: (supplier.s_nationkey = n2.n_nationkey)
                     ->  Hash Join  (cost=50663.76..117890.55 rows=2435 width=20)
                           Hash Cond: (lineitem.l_suppkey = supplier.s_suppkey)
                           ->  Hash Join  (cost=50215.76..117381.68 rows=2435 width=20)
                                 Hash Cond: (lineitem.l_orderkey = orders.o_orderkey)
                                 ->  Nested Loop  (cost=0.43..66992.00 rows=40000 width=20)
                                       ->  Seq Scan on part  (cost=0.00..6599.00 rows=1333 width=4)
                                             Filter: ((p_type)::text = 'LARGE POLISHED BRASS'::text)
                                       ->  Index Scan using idx_lineitem_part_supp on lineitem  (cost=0.43..45.00 rows=31 width=24)
                                             Index Cond: (l_partkey = part.p_partkey)
                                 ->  Hash  (cost=49073.79..49073.79 rows=91323 width=8)
                                       ->  Hash Join  (cost=12897.26..49073.79 rows=91323 width=8)
                                             Hash Cond: (orders.o_custkey = customer.c_custkey)
                                             ->  Bitmap Heap Scan on orders  (cost=6560.23..39540.46 rows=456615 width=12)
                                                   Recheck Cond: ((o_orderdate >= '1995-01-01'::date) AND (o_orderdate <= '1996-12-31'::date))
                                                   ->  Bitmap Index Scan on idx_orders_orderdate  (cost=0.00..6446.08 rows=456615 width=0)
                                                         Index Cond: ((o_orderdate >= '1995-01-01'::date) AND (o_orderdate <= '1996-12-31'::date))
                                             ->  Hash  (cost=5962.03..5962.03 rows=30000 width=4)
                                                   ->  Hash Join  (cost=2.53..5962.03 rows=30000 width=4)
                                                         Hash Cond: (customer.c_nationkey = n1.n_nationkey)
                                                         ->  Seq Scan on customer  (cost=0.00..5097.00 rows=150000 width=8)
                                                         ->  Hash  (cost=2.47..2.47 rows=5 width=4)
                                                               ->  Hash Join  (cost=1.07..2.47 rows=5 width=4)
                                                                     Hash Cond: (n1.n_regionkey = region.r_regionkey)
                                                                     ->  Seq Scan on nation n1  (cost=0.00..1.25 rows=25 width=8)
                                                                     ->  Hash  (cost=1.06..1.06 rows=1 width=4)
                                                                           ->  Seq Scan on region  (cost=0.00..1.06 rows=1 width=4)
                                                                                 Filter: (r_name = 'AMERICA'::bpchar)
                           ->  Hash  (cost=323.00..323.00 rows=10000 width=8)
                                 ->  Seq Scan on supplier  (cost=0.00..323.00 rows=10000 width=8)
                     ->  Materialize  (cost=0.00..1.38 rows=25 width=30)
                           ->  Seq Scan on nation n2  (cost=0.00..1.25 rows=25 width=30)
(37 rows)

query 8 run 2
SET
SET
                                                                    QUERY PLAN                                                                     
---------------------------------------------------------------------------------------------------------------------------------------------------
 Limit  (cost=118882.36..118882.36 rows=1 width=42)
   ->  Sort  (cost=118882.36..118884.19 rows=733 width=42)
         Sort Key: (date_part('year'::text, (orders.o_orderdate)::timestamp without time zone))
         ->  HashAggregate  (cost=118865.87..118878.69 rows=733 width=42)
               ->  Nested Loop  (cost=50663.76..118817.17 rows=2435 width=42)
                     Join Filter: (supplier.s_nationkey = n2.n_nationkey)
                     ->  Hash Join  (cost=50663.76..117890.55 rows=2435 width=20)
                           Hash Cond: (lineitem.l_suppkey = supplier.s_suppkey)
                           ->  Hash Join  (cost=50215.76..117381.68 rows=2435 width=20)
                                 Hash Cond: (lineitem.l_orderkey = orders.o_orderkey)
                                 ->  Nested Loop  (cost=0.43..66992.00 rows=40000 width=20)
                                       ->  Seq Scan on part  (cost=0.00..6599.00 rows=1333 width=4)
                                             Filter: ((p_type)::text = 'LARGE POLISHED BRASS'::text)
                                       ->  Index Scan using idx_lineitem_part_supp on lineitem  (cost=0.43..45.00 rows=31 width=24)
                                             Index Cond: (l_partkey = part.p_partkey)
                                 ->  Hash  (cost=49073.79..49073.79 rows=91323 width=8)
                                       ->  Hash Join  (cost=12897.26..49073.79 rows=91323 width=8)
                                             Hash Cond: (orders.o_custkey = customer.c_custkey)
                                             ->  Bitmap Heap Scan on orders  (cost=6560.23..39540.46 rows=456615 width=12)
                                                   Recheck Cond: ((o_orderdate >= '1995-01-01'::date) AND (o_orderdate <= '1996-12-31'::date))
                                                   ->  Bitmap Index Scan on idx_orders_orderdate  (cost=0.00..6446.08 rows=456615 width=0)
                                                         Index Cond: ((o_orderdate >= '1995-01-01'::date) AND (o_orderdate <= '1996-12-31'::date))
                                             ->  Hash  (cost=5962.03..5962.03 rows=30000 width=4)
                                                   ->  Hash Join  (cost=2.53..5962.03 rows=30000 width=4)
                                                         Hash Cond: (customer.c_nationkey = n1.n_nationkey)
                                                         ->  Seq Scan on customer  (cost=0.00..5097.00 rows=150000 width=8)
                                                         ->  Hash  (cost=2.47..2.47 rows=5 width=4)
                                                               ->  Hash Join  (cost=1.07..2.47 rows=5 width=4)
                                                                     Hash Cond: (n1.n_regionkey = region.r_regionkey)
                                                                     ->  Seq Scan on nation n1  (cost=0.00..1.25 rows=25 width=8)
                                                                     ->  Hash  (cost=1.06..1.06 rows=1 width=4)
                                                                           ->  Seq Scan on region  (cost=0.00..1.06 rows=1 width=4)
                                                                                 Filter: (r_name = 'AMERICA'::bpchar)
                           ->  Hash  (cost=323.00..323.00 rows=10000 width=8)
                                 ->  Seq Scan on supplier  (cost=0.00..323.00 rows=10000 width=8)
                     ->  Materialize  (cost=0.00..1.38 rows=25 width=30)
                           ->  Seq Scan on nation n2  (cost=0.00..1.25 rows=25 width=30)
(37 rows)

query 8 run 3
SET
SET
                                                                    QUERY PLAN                                                                     
---------------------------------------------------------------------------------------------------------------------------------------------------
 Limit  (cost=118882.36..118882.36 rows=1 width=42)
   ->  Sort  (cost=118882.36..118884.19 rows=733 width=42)
         Sort Key: (date_part('year'::text, (orders.o_orderdate)::timestamp without time zone))
         ->  HashAggregate  (cost=118865.87..118878.69 rows=733 width=42)
               ->  Nested Loop  (cost=50663.76..118817.17 rows=2435 width=42)
                     Join Filter: (supplier.s_nationkey = n2.n_nationkey)
                     ->  Hash Join  (cost=50663.76..117890.55 rows=2435 width=20)
                           Hash Cond: (lineitem.l_suppkey = supplier.s_suppkey)
                           ->  Hash Join  (cost=50215.76..117381.68 rows=2435 width=20)
                                 Hash Cond: (lineitem.l_orderkey = orders.o_orderkey)
                                 ->  Nested Loop  (cost=0.43..66992.00 rows=40000 width=20)
                                       ->  Seq Scan on part  (cost=0.00..6599.00 rows=1333 width=4)
                                             Filter: ((p_type)::text = 'LARGE POLISHED BRASS'::text)
                                       ->  Index Scan using idx_lineitem_part_supp on lineitem  (cost=0.43..45.00 rows=31 width=24)
                                             Index Cond: (l_partkey = part.p_partkey)
                                 ->  Hash  (cost=49073.79..49073.79 rows=91323 width=8)
                                       ->  Hash Join  (cost=12897.26..49073.79 rows=91323 width=8)
                                             Hash Cond: (orders.o_custkey = customer.c_custkey)
                                             ->  Bitmap Heap Scan on orders  (cost=6560.23..39540.46 rows=456615 width=12)
                                                   Recheck Cond: ((o_orderdate >= '1995-01-01'::date) AND (o_orderdate <= '1996-12-31'::date))
                                                   ->  Bitmap Index Scan on idx_orders_orderdate  (cost=0.00..6446.08 rows=456615 width=0)
                                                         Index Cond: ((o_orderdate >= '1995-01-01'::date) AND (o_orderdate <= '1996-12-31'::date))
                                             ->  Hash  (cost=5962.03..5962.03 rows=30000 width=4)
                                                   ->  Hash Join  (cost=2.53..5962.03 rows=30000 width=4)
                                                         Hash Cond: (customer.c_nationkey = n1.n_nationkey)
                                                         ->  Seq Scan on customer  (cost=0.00..5097.00 rows=150000 width=8)
                                                         ->  Hash  (cost=2.47..2.47 rows=5 width=4)
                                                               ->  Hash Join  (cost=1.07..2.47 rows=5 width=4)
                                                                     Hash Cond: (n1.n_regionkey = region.r_regionkey)
                                                                     ->  Seq Scan on nation n1  (cost=0.00..1.25 rows=25 width=8)
                                                                     ->  Hash  (cost=1.06..1.06 rows=1 width=4)
                                                                           ->  Seq Scan on region  (cost=0.00..1.06 rows=1 width=4)
                                                                                 Filter: (r_name = 'AMERICA'::bpchar)
                           ->  Hash  (cost=323.00..323.00 rows=10000 width=8)
                                 ->  Seq Scan on supplier  (cost=0.00..323.00 rows=10000 width=8)
                     ->  Materialize  (cost=0.00..1.38 rows=25 width=30)
                           ->  Seq Scan on nation n2  (cost=0.00..1.25 rows=25 width=30)
(37 rows)

query 9 run 1
SET
SET
                                                                  QUERY PLAN                                                                   
-----------------------------------------------------------------------------------------------------------------------------------------------
 Limit  (cost=249333.76..249333.76 rows=1 width=53)
   ->  Sort  (cost=249333.76..249334.24 rows=192 width=53)
         Sort Key: nation.n_name, (date_part('year'::text, (orders.o_orderdate)::timestamp without time zone))
         ->  HashAggregate  (cost=249329.92..249332.80 rows=192 width=53)
               ->  Nested Loop  (cost=5.17..249326.56 rows=192 width=53)
                     Join Filter: (supplier.s_nationkey = nation.n_nationkey)
                     ->  Nested Loop  (cost=5.17..249252.28 rows=192 width=31)
                           ->  Nested Loop  (cost=4.74..248645.79 rows=192 width=31)
                                 ->  Nested Loop  (cost=4.46..248077.41 rows=192 width=35)
                                       ->  Merge Join  (cost=4.02..43934.09 rows=63978 width=18)
                                             Merge Cond: (part.p_partkey = partsupp.ps_partkey)
                                             ->  Index Scan using part_pkey on part  (cost=0.42..8426.42 rows=16162 width=4)
                                                   Filter: ((p_name)::text ~~ '%navy%'::text)
                                             ->  Index Scan using idx_partsupp_partkey on partsupp  (cost=0.42..32828.93 rows=800000 width=14)
                                       ->  Index Scan using idx_lineitem_part_supp on lineitem  (cost=0.43..3.18 rows=1 width=29)
                                             Index Cond: ((l_partkey = partsupp.ps_partkey) AND (l_suppkey = partsupp.ps_suppkey))
                                 ->  Index Scan using supplier_pkey on supplier  (cost=0.29..2.95 rows=1 width=8)
                                       Index Cond: (s_suppkey = lineitem.l_suppkey)
                           ->  Index Scan using orders_pkey on orders  (cost=0.43..3.15 rows=1 width=8)
                                 Index Cond: (o_orderkey = lineitem.l_orderkey)
                     ->  Materialize  (cost=0.00..1.38 rows=25 width=30)
                           ->  Seq Scan on nation  (cost=0.00..1.25 rows=25 width=30)
(22 rows)

query 9 run 2
SET
SET
                                                                  QUERY PLAN                                                                   
-----------------------------------------------------------------------------------------------------------------------------------------------
 Limit  (cost=249333.76..249333.76 rows=1 width=53)
   ->  Sort  (cost=249333.76..249334.24 rows=192 width=53)
         Sort Key: nation.n_name, (date_part('year'::text, (orders.o_orderdate)::timestamp without time zone))
         ->  HashAggregate  (cost=249329.92..249332.80 rows=192 width=53)
               ->  Nested Loop  (cost=5.17..249326.56 rows=192 width=53)
                     Join Filter: (supplier.s_nationkey = nation.n_nationkey)
                     ->  Nested Loop  (cost=5.17..249252.28 rows=192 width=31)
                           ->  Nested Loop  (cost=4.74..248645.79 rows=192 width=31)
                                 ->  Nested Loop  (cost=4.46..248077.41 rows=192 width=35)
                                       ->  Merge Join  (cost=4.02..43934.09 rows=63978 width=18)
                                             Merge Cond: (part.p_partkey = partsupp.ps_partkey)
                                             ->  Index Scan using part_pkey on part  (cost=0.42..8426.42 rows=16162 width=4)
                                                   Filter: ((p_name)::text ~~ '%navy%'::text)
                                             ->  Index Scan using idx_partsupp_partkey on partsupp  (cost=0.42..32828.93 rows=800000 width=14)
                                       ->  Index Scan using idx_lineitem_part_supp on lineitem  (cost=0.43..3.18 rows=1 width=29)
                                             Index Cond: ((l_partkey = partsupp.ps_partkey) AND (l_suppkey = partsupp.ps_suppkey))
                                 ->  Index Scan using supplier_pkey on supplier  (cost=0.29..2.95 rows=1 width=8)
                                       Index Cond: (s_suppkey = lineitem.l_suppkey)
                           ->  Index Scan using orders_pkey on orders  (cost=0.43..3.15 rows=1 width=8)
                                 Index Cond: (o_orderkey = lineitem.l_orderkey)
                     ->  Materialize  (cost=0.00..1.38 rows=25 width=30)
                           ->  Seq Scan on nation  (cost=0.00..1.25 rows=25 width=30)
(22 rows)

query 9 run 3
SET
SET
                                                                  QUERY PLAN                                                                   
-----------------------------------------------------------------------------------------------------------------------------------------------
 Limit  (cost=249333.76..249333.76 rows=1 width=53)
   ->  Sort  (cost=249333.76..249334.24 rows=192 width=53)
         Sort Key: nation.n_name, (date_part('year'::text, (orders.o_orderdate)::timestamp without time zone))
         ->  HashAggregate  (cost=249329.92..249332.80 rows=192 width=53)
               ->  Nested Loop  (cost=5.17..249326.56 rows=192 width=53)
                     Join Filter: (supplier.s_nationkey = nation.n_nationkey)
                     ->  Nested Loop  (cost=5.17..249252.28 rows=192 width=31)
                           ->  Nested Loop  (cost=4.74..248645.79 rows=192 width=31)
                                 ->  Nested Loop  (cost=4.46..248077.41 rows=192 width=35)
                                       ->  Merge Join  (cost=4.02..43934.09 rows=63978 width=18)
                                             Merge Cond: (part.p_partkey = partsupp.ps_partkey)
                                             ->  Index Scan using part_pkey on part  (cost=0.42..8426.42 rows=16162 width=4)
                                                   Filter: ((p_name)::text ~~ '%navy%'::text)
                                             ->  Index Scan using idx_partsupp_partkey on partsupp  (cost=0.42..32828.93 rows=800000 width=14)
                                       ->  Index Scan using idx_lineitem_part_supp on lineitem  (cost=0.43..3.18 rows=1 width=29)
                                             Index Cond: ((l_partkey = partsupp.ps_partkey) AND (l_suppkey = partsupp.ps_suppkey))
                                 ->  Index Scan using supplier_pkey on supplier  (cost=0.29..2.95 rows=1 width=8)
                                       Index Cond: (s_suppkey = lineitem.l_suppkey)
                           ->  Index Scan using orders_pkey on orders  (cost=0.43..3.15 rows=1 width=8)
                                 Index Cond: (o_orderkey = lineitem.l_orderkey)
                     ->  Materialize  (cost=0.00..1.38 rows=25 width=30)
                           ->  Seq Scan on nation  (cost=0.00..1.25 rows=25 width=30)
(22 rows)

query 10 run 1
SET
SET
                                                              QUERY PLAN                                                              
--------------------------------------------------------------------------------------------------------------------------------------
 Limit  (cost=221612.45..221612.50 rows=20 width=182)
   ->  Sort  (cost=221612.45..221749.94 rows=54997 width=182)
         Sort Key: (sum((lineitem.l_extendedprice * (1::numeric - lineitem.l_discount))))
         ->  HashAggregate  (cost=219599.03..220149.00 rows=54997 width=182)
               ->  Hash Join  (cost=7778.93..218224.11 rows=54997 width=182)
                     Hash Cond: (customer.c_nationkey = nation.n_nationkey)
                     ->  Hash Join  (cost=7777.37..217466.33 rows=54997 width=160)
                           Hash Cond: (orders.o_custkey = customer.c_custkey)
                           ->  Nested Loop  (cost=805.37..209188.16 rows=54997 width=16)
                                 ->  Bitmap Heap Scan on orders  (cost=804.94..27775.22 rows=55952 width=8)
                                       Recheck Cond: ((o_orderdate >= '1994-08-01'::date) AND (o_orderdate < '1994-11-01'::date))
                                       ->  Bitmap Index Scan on idx_orders_orderdate  (cost=0.00..790.95 rows=55952 width=0)
                                             Index Cond: ((o_orderdate >= '1994-08-01'::date) AND (o_orderdate < '1994-11-01'::date))
                                 ->  Index Scan using idx_lineitem_orderkey on lineitem  (cost=0.43..3.23 rows=1 width=16)
                                       Index Cond: (l_orderkey = orders.o_orderkey)
                                       Filter: (l_returnflag = 'R'::bpchar)
                           ->  Hash  (cost=5097.00..5097.00 rows=150000 width=148)
                                 ->  Seq Scan on customer  (cost=0.00..5097.00 rows=150000 width=148)
                     ->  Hash  (cost=1.25..1.25 rows=25 width=30)
                           ->  Seq Scan on nation  (cost=0.00..1.25 rows=25 width=30)
(20 rows)

query 10 run 2
SET
SET
                                                              QUERY PLAN                                                              
--------------------------------------------------------------------------------------------------------------------------------------
 Limit  (cost=221612.45..221612.50 rows=20 width=182)
   ->  Sort  (cost=221612.45..221749.94 rows=54997 width=182)
         Sort Key: (sum((lineitem.l_extendedprice * (1::numeric - lineitem.l_discount))))
         ->  HashAggregate  (cost=219599.03..220149.00 rows=54997 width=182)
               ->  Hash Join  (cost=7778.93..218224.11 rows=54997 width=182)
                     Hash Cond: (customer.c_nationkey = nation.n_nationkey)
                     ->  Hash Join  (cost=7777.37..217466.33 rows=54997 width=160)
                           Hash Cond: (orders.o_custkey = customer.c_custkey)
                           ->  Nested Loop  (cost=805.37..209188.16 rows=54997 width=16)
                                 ->  Bitmap Heap Scan on orders  (cost=804.94..27775.22 rows=55952 width=8)
                                       Recheck Cond: ((o_orderdate >= '1994-08-01'::date) AND (o_orderdate < '1994-11-01'::date))
                                       ->  Bitmap Index Scan on idx_orders_orderdate  (cost=0.00..790.95 rows=55952 width=0)
                                             Index Cond: ((o_orderdate >= '1994-08-01'::date) AND (o_orderdate < '1994-11-01'::date))
                                 ->  Index Scan using idx_lineitem_orderkey on lineitem  (cost=0.43..3.23 rows=1 width=16)
                                       Index Cond: (l_orderkey = orders.o_orderkey)
                                       Filter: (l_returnflag = 'R'::bpchar)
                           ->  Hash  (cost=5097.00..5097.00 rows=150000 width=148)
                                 ->  Seq Scan on customer  (cost=0.00..5097.00 rows=150000 width=148)
                     ->  Hash  (cost=1.25..1.25 rows=25 width=30)
                           ->  Seq Scan on nation  (cost=0.00..1.25 rows=25 width=30)
(20 rows)

query 10 run 3
SET
SET
                                                              QUERY PLAN                                                              
--------------------------------------------------------------------------------------------------------------------------------------
 Limit  (cost=221612.45..221612.50 rows=20 width=182)
   ->  Sort  (cost=221612.45..221749.94 rows=54997 width=182)
         Sort Key: (sum((lineitem.l_extendedprice * (1::numeric - lineitem.l_discount))))
         ->  HashAggregate  (cost=219599.03..220149.00 rows=54997 width=182)
               ->  Hash Join  (cost=7778.93..218224.11 rows=54997 width=182)
                     Hash Cond: (customer.c_nationkey = nation.n_nationkey)
                     ->  Hash Join  (cost=7777.37..217466.33 rows=54997 width=160)
                           Hash Cond: (orders.o_custkey = customer.c_custkey)
                           ->  Nested Loop  (cost=805.37..209188.16 rows=54997 width=16)
                                 ->  Bitmap Heap Scan on orders  (cost=804.94..27775.22 rows=55952 width=8)
                                       Recheck Cond: ((o_orderdate >= '1994-08-01'::date) AND (o_orderdate < '1994-11-01'::date))
                                       ->  Bitmap Index Scan on idx_orders_orderdate  (cost=0.00..790.95 rows=55952 width=0)
                                             Index Cond: ((o_orderdate >= '1994-08-01'::date) AND (o_orderdate < '1994-11-01'::date))
                                 ->  Index Scan using idx_lineitem_orderkey on lineitem  (cost=0.43..3.23 rows=1 width=16)
                                       Index Cond: (l_orderkey = orders.o_orderkey)
                                       Filter: (l_returnflag = 'R'::bpchar)
                           ->  Hash  (cost=5097.00..5097.00 rows=150000 width=148)
                                 ->  Seq Scan on customer  (cost=0.00..5097.00 rows=150000 width=148)
                     ->  Hash  (cost=1.25..1.25 rows=25 width=30)
                           ->  Seq Scan on nation  (cost=0.00..1.25 rows=25 width=30)
(20 rows)

query 11 run 1
SET
SET
                                                      QUERY PLAN                                                       
-----------------------------------------------------------------------------------------------------------------------
 Limit  (cost=22820.97..22820.97 rows=1 width=14)
   InitPlan 1 (returns $2)
     ->  Aggregate  (cost=10971.44..10971.45 rows=1 width=10)
           ->  Nested Loop  (cost=6.81..10731.97 rows=31930 width=10)
                 ->  Nested Loop  (cost=6.38..230.58 rows=400 width=4)
                       ->  Seq Scan on nation nation_1  (cost=0.00..1.31 rows=1 width=4)
                             Filter: (n_name = 'SAUDI ARABIA'::bpchar)
                       ->  Bitmap Heap Scan on supplier supplier_1  (cost=6.38..225.26 rows=400 width=8)
                             Recheck Cond: (s_nationkey = nation_1.n_nationkey)
                             ->  Bitmap Index Scan on idx_supplier_nation_key  (cost=0.00..6.29 rows=400 width=0)
                                   Index Cond: (s_nationkey = nation_1.n_nationkey)
                 ->  Index Scan using idx_partsupp_suppkey on partsupp partsupp_1  (cost=0.42..25.45 rows=80 width=14)
                       Index Cond: (ps_suppkey = supplier_1.s_suppkey)
   ->  Sort  (cost=11849.52..11929.34 rows=31930 width=14)
         Sort Key: (sum((partsupp.ps_supplycost * (partsupp.ps_availqty)::numeric)))
         ->  HashAggregate  (cost=11290.74..11689.87 rows=31930 width=14)
               Filter: (sum((partsupp.ps_supplycost * (partsupp.ps_availqty)::numeric)) > $2)
               ->  Nested Loop  (cost=6.81..10731.97 rows=31930 width=14)
                     ->  Nested Loop  (cost=6.38..230.58 rows=400 width=4)
                           ->  Seq Scan on nation  (cost=0.00..1.31 rows=1 width=4)
                                 Filter: (n_name = 'SAUDI ARABIA'::bpchar)
                           ->  Bitmap Heap Scan on supplier  (cost=6.38..225.26 rows=400 width=8)
                                 Recheck Cond: (s_nationkey = nation.n_nationkey)
                                 ->  Bitmap Index Scan on idx_supplier_nation_key  (cost=0.00..6.29 rows=400 width=0)
                                       Index Cond: (s_nationkey = nation.n_nationkey)
                     ->  Index Scan using idx_partsupp_suppkey on partsupp  (cost=0.42..25.45 rows=80 width=18)
                           Index Cond: (ps_suppkey = supplier.s_suppkey)
(27 rows)

query 11 run 2
SET
SET
                                                      QUERY PLAN                                                       
-----------------------------------------------------------------------------------------------------------------------
 Limit  (cost=22820.97..22820.97 rows=1 width=14)
   InitPlan 1 (returns $2)
     ->  Aggregate  (cost=10971.44..10971.45 rows=1 width=10)
           ->  Nested Loop  (cost=6.81..10731.97 rows=31930 width=10)
                 ->  Nested Loop  (cost=6.38..230.58 rows=400 width=4)
                       ->  Seq Scan on nation nation_1  (cost=0.00..1.31 rows=1 width=4)
                             Filter: (n_name = 'SAUDI ARABIA'::bpchar)
                       ->  Bitmap Heap Scan on supplier supplier_1  (cost=6.38..225.26 rows=400 width=8)
                             Recheck Cond: (s_nationkey = nation_1.n_nationkey)
                             ->  Bitmap Index Scan on idx_supplier_nation_key  (cost=0.00..6.29 rows=400 width=0)
                                   Index Cond: (s_nationkey = nation_1.n_nationkey)
                 ->  Index Scan using idx_partsupp_suppkey on partsupp partsupp_1  (cost=0.42..25.45 rows=80 width=14)
                       Index Cond: (ps_suppkey = supplier_1.s_suppkey)
   ->  Sort  (cost=11849.52..11929.34 rows=31930 width=14)
         Sort Key: (sum((partsupp.ps_supplycost * (partsupp.ps_availqty)::numeric)))
         ->  HashAggregate  (cost=11290.74..11689.87 rows=31930 width=14)
               Filter: (sum((partsupp.ps_supplycost * (partsupp.ps_availqty)::numeric)) > $2)
               ->  Nested Loop  (cost=6.81..10731.97 rows=31930 width=14)
                     ->  Nested Loop  (cost=6.38..230.58 rows=400 width=4)
                           ->  Seq Scan on nation  (cost=0.00..1.31 rows=1 width=4)
                                 Filter: (n_name = 'SAUDI ARABIA'::bpchar)
                           ->  Bitmap Heap Scan on supplier  (cost=6.38..225.26 rows=400 width=8)
                                 Recheck Cond: (s_nationkey = nation.n_nationkey)
                                 ->  Bitmap Index Scan on idx_supplier_nation_key  (cost=0.00..6.29 rows=400 width=0)
                                       Index Cond: (s_nationkey = nation.n_nationkey)
                     ->  Index Scan using idx_partsupp_suppkey on partsupp  (cost=0.42..25.45 rows=80 width=18)
                           Index Cond: (ps_suppkey = supplier.s_suppkey)
(27 rows)

query 11 run 3
SET
SET
                                                      QUERY PLAN                                                       
-----------------------------------------------------------------------------------------------------------------------
 Limit  (cost=22820.97..22820.97 rows=1 width=14)
   InitPlan 1 (returns $2)
     ->  Aggregate  (cost=10971.44..10971.45 rows=1 width=10)
           ->  Nested Loop  (cost=6.81..10731.97 rows=31930 width=10)
                 ->  Nested Loop  (cost=6.38..230.58 rows=400 width=4)
                       ->  Seq Scan on nation nation_1  (cost=0.00..1.31 rows=1 width=4)
                             Filter: (n_name = 'SAUDI ARABIA'::bpchar)
                       ->  Bitmap Heap Scan on supplier supplier_1  (cost=6.38..225.26 rows=400 width=8)
                             Recheck Cond: (s_nationkey = nation_1.n_nationkey)
                             ->  Bitmap Index Scan on idx_supplier_nation_key  (cost=0.00..6.29 rows=400 width=0)
                                   Index Cond: (s_nationkey = nation_1.n_nationkey)
                 ->  Index Scan using idx_partsupp_suppkey on partsupp partsupp_1  (cost=0.42..25.45 rows=80 width=14)
                       Index Cond: (ps_suppkey = supplier_1.s_suppkey)
   ->  Sort  (cost=11849.52..11929.34 rows=31930 width=14)
         Sort Key: (sum((partsupp.ps_supplycost * (partsupp.ps_availqty)::numeric)))
         ->  HashAggregate  (cost=11290.74..11689.87 rows=31930 width=14)
               Filter: (sum((partsupp.ps_supplycost * (partsupp.ps_availqty)::numeric)) > $2)
               ->  Nested Loop  (cost=6.81..10731.97 rows=31930 width=14)
                     ->  Nested Loop  (cost=6.38..230.58 rows=400 width=4)
                           ->  Seq Scan on nation  (cost=0.00..1.31 rows=1 width=4)
                                 Filter: (n_name = 'SAUDI ARABIA'::bpchar)
                           ->  Bitmap Heap Scan on supplier  (cost=6.38..225.26 rows=400 width=8)
                                 Recheck Cond: (s_nationkey = nation.n_nationkey)
                                 ->  Bitmap Index Scan on idx_supplier_nation_key  (cost=0.00..6.29 rows=400 width=0)
                                       Index Cond: (s_nationkey = nation.n_nationkey)
                     ->  Index Scan using idx_partsupp_suppkey on partsupp  (cost=0.42..25.45 rows=80 width=18)
                           Index Cond: (ps_suppkey = supplier.s_suppkey)
(27 rows)

query 12 run 1
SET
SET
                                                                                                                    QUERY PLAN                                                                                                                     
---------------------------------------------------------------------------------------------------------------------------------------------------------------------------------------------------------------------------------------------------
 Limit  (cost=309177.23..309177.24 rows=1 width=27)
   ->  Sort  (cost=309177.23..309177.24 rows=1 width=27)
         Sort Key: lineitem.l_shipmode
         ->  HashAggregate  (cost=309177.21..309177.22 rows=1 width=27)
               ->  Merge Join  (cost=249700.61..308679.85 rows=28421 width=27)
                     Merge Cond: (orders.o_orderkey = lineitem.l_orderkey)
                     ->  Index Scan using orders_pkey on orders  (cost=0.43..54805.93 rows=1500000 width=20)
                     ->  Sort  (cost=249697.57..249768.64 rows=28428 width=15)
                           Sort Key: lineitem.l_orderkey
                           ->  Seq Scan on lineitem  (cost=0.00..247594.60 rows=28428 width=15)
                                 Filter: ((l_shipmode = ANY ('{SHIP,"REG AIR"}'::bpchar[])) AND (l_commitdate < l_receiptdate) AND (l_shipdate < l_commitdate) AND (l_receiptdate >= '1994-01-01'::date) AND (l_receiptdate < '1995-01-01'::date))
(11 rows)

query 12 run 2
SET
SET
                                                                                                                    QUERY PLAN                                                                                                                     
---------------------------------------------------------------------------------------------------------------------------------------------------------------------------------------------------------------------------------------------------
 Limit  (cost=309177.23..309177.24 rows=1 width=27)
   ->  Sort  (cost=309177.23..309177.24 rows=1 width=27)
         Sort Key: lineitem.l_shipmode
         ->  HashAggregate  (cost=309177.21..309177.22 rows=1 width=27)
               ->  Merge Join  (cost=249700.61..308679.85 rows=28421 width=27)
                     Merge Cond: (orders.o_orderkey = lineitem.l_orderkey)
                     ->  Index Scan using orders_pkey on orders  (cost=0.43..54805.93 rows=1500000 width=20)
                     ->  Sort  (cost=249697.57..249768.64 rows=28428 width=15)
                           Sort Key: lineitem.l_orderkey
                           ->  Seq Scan on lineitem  (cost=0.00..247594.60 rows=28428 width=15)
                                 Filter: ((l_shipmode = ANY ('{SHIP,"REG AIR"}'::bpchar[])) AND (l_commitdate < l_receiptdate) AND (l_shipdate < l_commitdate) AND (l_receiptdate >= '1994-01-01'::date) AND (l_receiptdate < '1995-01-01'::date))
(11 rows)

query 12 run 3
SET
SET
                                                                                                                    QUERY PLAN                                                                                                                     
---------------------------------------------------------------------------------------------------------------------------------------------------------------------------------------------------------------------------------------------------
 Limit  (cost=309177.23..309177.24 rows=1 width=27)
   ->  Sort  (cost=309177.23..309177.24 rows=1 width=27)
         Sort Key: lineitem.l_shipmode
         ->  HashAggregate  (cost=309177.21..309177.22 rows=1 width=27)
               ->  Merge Join  (cost=249700.61..308679.85 rows=28421 width=27)
                     Merge Cond: (orders.o_orderkey = lineitem.l_orderkey)
                     ->  Index Scan using orders_pkey on orders  (cost=0.43..54805.93 rows=1500000 width=20)
                     ->  Sort  (cost=249697.57..249768.64 rows=28428 width=15)
                           Sort Key: lineitem.l_orderkey
                           ->  Seq Scan on lineitem  (cost=0.00..247594.60 rows=28428 width=15)
                                 Filter: ((l_shipmode = ANY ('{SHIP,"REG AIR"}'::bpchar[])) AND (l_commitdate < l_receiptdate) AND (l_shipdate < l_commitdate) AND (l_receiptdate >= '1994-01-01'::date) AND (l_receiptdate < '1995-01-01'::date))
(11 rows)

query 13 run 1
SET
SET
                                                          QUERY PLAN                                                           
-------------------------------------------------------------------------------------------------------------------------------
 Limit  (cost=96501.11..96501.11 rows=1 width=8)
   ->  Sort  (cost=96501.11..96501.61 rows=200 width=8)
         Sort Key: (count(*)), (count(orders.o_orderkey))
         ->  HashAggregate  (cost=96498.11..96500.11 rows=200 width=8)
               ->  HashAggregate  (cost=92748.11..94248.11 rows=150000 width=8)
                     ->  Hash Right Join  (cost=4746.42..85248.86 rows=1499850 width=8)
                           Hash Cond: (orders.o_custkey = customer.c_custkey)
                           ->  Seq Scan on orders  (cost=0.00..44881.00 rows=1499850 width=8)
                                 Filter: ((o_comment)::text !~~ '%special%requests%'::text)
                           ->  Hash  (cost=2871.42..2871.42 rows=150000 width=4)
                                 ->  Index Only Scan using customer_pkey on customer  (cost=0.42..2871.42 rows=150000 width=4)
(11 rows)

query 13 run 2
SET
SET
                                                          QUERY PLAN                                                           
-------------------------------------------------------------------------------------------------------------------------------
 Limit  (cost=96501.11..96501.11 rows=1 width=8)
   ->  Sort  (cost=96501.11..96501.61 rows=200 width=8)
         Sort Key: (count(*)), (count(orders.o_orderkey))
         ->  HashAggregate  (cost=96498.11..96500.11 rows=200 width=8)
               ->  HashAggregate  (cost=92748.11..94248.11 rows=150000 width=8)
                     ->  Hash Right Join  (cost=4746.42..85248.86 rows=1499850 width=8)
                           Hash Cond: (orders.o_custkey = customer.c_custkey)
                           ->  Seq Scan on orders  (cost=0.00..44881.00 rows=1499850 width=8)
                                 Filter: ((o_comment)::text !~~ '%special%requests%'::text)
                           ->  Hash  (cost=2871.42..2871.42 rows=150000 width=4)
                                 ->  Index Only Scan using customer_pkey on customer  (cost=0.42..2871.42 rows=150000 width=4)
(11 rows)

query 13 run 3
SET
SET
                                                          QUERY PLAN                                                           
-------------------------------------------------------------------------------------------------------------------------------
 Limit  (cost=96501.11..96501.11 rows=1 width=8)
   ->  Sort  (cost=96501.11..96501.61 rows=200 width=8)
         Sort Key: (count(*)), (count(orders.o_orderkey))
         ->  HashAggregate  (cost=96498.11..96500.11 rows=200 width=8)
               ->  HashAggregate  (cost=92748.11..94248.11 rows=150000 width=8)
                     ->  Hash Right Join  (cost=4746.42..85248.86 rows=1499850 width=8)
                           Hash Cond: (orders.o_custkey = customer.c_custkey)
                           ->  Seq Scan on orders  (cost=0.00..44881.00 rows=1499850 width=8)
                                 Filter: ((o_comment)::text !~~ '%special%requests%'::text)
                           ->  Hash  (cost=2871.42..2871.42 rows=150000 width=4)
                                 ->  Index Only Scan using customer_pkey on customer  (cost=0.42..2871.42 rows=150000 width=4)
(11 rows)

query 14 run 1
SET
SET
                                                    QUERY PLAN                                                    
------------------------------------------------------------------------------------------------------------------
 Limit  (cost=79047.69..79047.71 rows=1 width=33)
   ->  Aggregate  (cost=79047.69..79047.71 rows=1 width=33)
         ->  Hash Join  (cost=9822.74..77712.04 rows=76323 width=33)
               Hash Cond: (lineitem.l_partkey = part.p_partkey)
               ->  Bitmap Heap Scan on lineitem  (cost=1223.74..67586.58 rows=76323 width=16)
                     Recheck Cond: ((l_shipdate >= '1994-05-01'::date) AND (l_shipdate < '1994-06-01'::date))
                     ->  Bitmap Index Scan on idx_lineitem_shipdate  (cost=0.00..1204.66 rows=76323 width=0)
                           Index Cond: ((l_shipdate >= '1994-05-01'::date) AND (l_shipdate < '1994-06-01'::date))
               ->  Hash  (cost=6099.00..6099.00 rows=200000 width=25)
                     ->  Seq Scan on part  (cost=0.00..6099.00 rows=200000 width=25)
(10 rows)

query 14 run 2
SET
SET
                                                    QUERY PLAN                                                    
------------------------------------------------------------------------------------------------------------------
 Limit  (cost=79047.69..79047.71 rows=1 width=33)
   ->  Aggregate  (cost=79047.69..79047.71 rows=1 width=33)
         ->  Hash Join  (cost=9822.74..77712.04 rows=76323 width=33)
               Hash Cond: (lineitem.l_partkey = part.p_partkey)
               ->  Bitmap Heap Scan on lineitem  (cost=1223.74..67586.58 rows=76323 width=16)
                     Recheck Cond: ((l_shipdate >= '1994-05-01'::date) AND (l_shipdate < '1994-06-01'::date))
                     ->  Bitmap Index Scan on idx_lineitem_shipdate  (cost=0.00..1204.66 rows=76323 width=0)
                           Index Cond: ((l_shipdate >= '1994-05-01'::date) AND (l_shipdate < '1994-06-01'::date))
               ->  Hash  (cost=6099.00..6099.00 rows=200000 width=25)
                     ->  Seq Scan on part  (cost=0.00..6099.00 rows=200000 width=25)
(10 rows)

query 14 run 3
SET
SET
                                                    QUERY PLAN                                                    
------------------------------------------------------------------------------------------------------------------
 Limit  (cost=79047.69..79047.71 rows=1 width=33)
   ->  Aggregate  (cost=79047.69..79047.71 rows=1 width=33)
         ->  Hash Join  (cost=9822.74..77712.04 rows=76323 width=33)
               Hash Cond: (lineitem.l_partkey = part.p_partkey)
               ->  Bitmap Heap Scan on lineitem  (cost=1223.74..67586.58 rows=76323 width=16)
                     Recheck Cond: ((l_shipdate >= '1994-05-01'::date) AND (l_shipdate < '1994-06-01'::date))
                     ->  Bitmap Index Scan on idx_lineitem_shipdate  (cost=0.00..1204.66 rows=76323 width=0)
                           Index Cond: ((l_shipdate >= '1994-05-01'::date) AND (l_shipdate < '1994-06-01'::date))
               ->  Hash  (cost=6099.00..6099.00 rows=200000 width=25)
                     ->  Seq Scan on part  (cost=0.00..6099.00 rows=200000 width=25)
(10 rows)

query 15 run 1
SET
SET
CREATE VIEW
                                                          QUERY PLAN                                                          
------------------------------------------------------------------------------------------------------------------------------
 Limit  (cost=245120.88..245122.08 rows=1 width=103)
   InitPlan 1 (returns $0)
     ->  Aggregate  (cost=121709.68..121709.69 rows=1 width=32)
           ->  HashAggregate  (cost=121701.27..121705.01 rows=374 width=16)
                 ->  Bitmap Heap Scan on lineitem lineitem_1  (cost=3602.59..119454.29 rows=224698 width=16)
                       Recheck Cond: ((l_shipdate >= '1996-01-01'::date) AND (l_shipdate < '1996-04-01'::date))
                       ->  Bitmap Index Scan on idx_lineitem_shipdate  (cost=0.00..3546.41 rows=224698 width=0)
                             Index Cond: ((l_shipdate >= '1996-01-01'::date) AND (l_shipdate < '1996-04-01'::date))
   ->  Merge Join  (cost=123411.19..123860.30 rows=374 width=103)
         Merge Cond: (supplier.s_suppkey = revenue0.supplier_no)
         ->  Index Scan using supplier_pkey on supplier  (cost=0.29..418.79 rows=10000 width=71)
         ->  Sort  (cost=123410.90..123411.84 rows=374 width=36)
               Sort Key: revenue0.supplier_no
               ->  Subquery Scan on revenue0  (cost=123386.50..123394.92 rows=374 width=36)
                     ->  HashAggregate  (cost=123386.50..123391.18 rows=374 width=16)
                           Filter: (sum((lineitem.l_extendedprice * (1::numeric - lineitem.l_discount))) = $0)
                           ->  Bitmap Heap Scan on lineitem  (cost=3602.59..119454.29 rows=224698 width=16)
                                 Recheck Cond: ((l_shipdate >= '1996-01-01'::date) AND (l_shipdate < '1996-04-01'::date))
                                 ->  Bitmap Index Scan on idx_lineitem_shipdate  (cost=0.00..3546.41 rows=224698 width=0)
                                       Index Cond: ((l_shipdate >= '1996-01-01'::date) AND (l_shipdate < '1996-04-01'::date))
(20 rows)

DROP VIEW
query 15 run 2
SET
SET
CREATE VIEW
                                                          QUERY PLAN                                                          
------------------------------------------------------------------------------------------------------------------------------
 Limit  (cost=245120.88..245122.08 rows=1 width=103)
   InitPlan 1 (returns $0)
     ->  Aggregate  (cost=121709.68..121709.69 rows=1 width=32)
           ->  HashAggregate  (cost=121701.27..121705.01 rows=374 width=16)
                 ->  Bitmap Heap Scan on lineitem lineitem_1  (cost=3602.59..119454.29 rows=224698 width=16)
                       Recheck Cond: ((l_shipdate >= '1996-01-01'::date) AND (l_shipdate < '1996-04-01'::date))
                       ->  Bitmap Index Scan on idx_lineitem_shipdate  (cost=0.00..3546.41 rows=224698 width=0)
                             Index Cond: ((l_shipdate >= '1996-01-01'::date) AND (l_shipdate < '1996-04-01'::date))
   ->  Merge Join  (cost=123411.19..123860.30 rows=374 width=103)
         Merge Cond: (supplier.s_suppkey = revenue0.supplier_no)
         ->  Index Scan using supplier_pkey on supplier  (cost=0.29..418.79 rows=10000 width=71)
         ->  Sort  (cost=123410.90..123411.84 rows=374 width=36)
               Sort Key: revenue0.supplier_no
               ->  Subquery Scan on revenue0  (cost=123386.50..123394.92 rows=374 width=36)
                     ->  HashAggregate  (cost=123386.50..123391.18 rows=374 width=16)
                           Filter: (sum((lineitem.l_extendedprice * (1::numeric - lineitem.l_discount))) = $0)
                           ->  Bitmap Heap Scan on lineitem  (cost=3602.59..119454.29 rows=224698 width=16)
                                 Recheck Cond: ((l_shipdate >= '1996-01-01'::date) AND (l_shipdate < '1996-04-01'::date))
                                 ->  Bitmap Index Scan on idx_lineitem_shipdate  (cost=0.00..3546.41 rows=224698 width=0)
                                       Index Cond: ((l_shipdate >= '1996-01-01'::date) AND (l_shipdate < '1996-04-01'::date))
(20 rows)

DROP VIEW
query 15 run 3
SET
SET
CREATE VIEW
                                                          QUERY PLAN                                                          
------------------------------------------------------------------------------------------------------------------------------
 Limit  (cost=245120.88..245122.08 rows=1 width=103)
   InitPlan 1 (returns $0)
     ->  Aggregate  (cost=121709.68..121709.69 rows=1 width=32)
           ->  HashAggregate  (cost=121701.27..121705.01 rows=374 width=16)
                 ->  Bitmap Heap Scan on lineitem lineitem_1  (cost=3602.59..119454.29 rows=224698 width=16)
                       Recheck Cond: ((l_shipdate >= '1996-01-01'::date) AND (l_shipdate < '1996-04-01'::date))
                       ->  Bitmap Index Scan on idx_lineitem_shipdate  (cost=0.00..3546.41 rows=224698 width=0)
                             Index Cond: ((l_shipdate >= '1996-01-01'::date) AND (l_shipdate < '1996-04-01'::date))
   ->  Merge Join  (cost=123411.19..123860.30 rows=374 width=103)
         Merge Cond: (supplier.s_suppkey = revenue0.supplier_no)
         ->  Index Scan using supplier_pkey on supplier  (cost=0.29..418.79 rows=10000 width=71)
         ->  Sort  (cost=123410.90..123411.84 rows=374 width=36)
               Sort Key: revenue0.supplier_no
               ->  Subquery Scan on revenue0  (cost=123386.50..123394.92 rows=374 width=36)
                     ->  HashAggregate  (cost=123386.50..123391.18 rows=374 width=16)
                           Filter: (sum((lineitem.l_extendedprice * (1::numeric - lineitem.l_discount))) = $0)
                           ->  Bitmap Heap Scan on lineitem  (cost=3602.59..119454.29 rows=224698 width=16)
                                 Recheck Cond: ((l_shipdate >= '1996-01-01'::date) AND (l_shipdate < '1996-04-01'::date))
                                 ->  Bitmap Index Scan on idx_lineitem_shipdate  (cost=0.00..3546.41 rows=224698 width=0)
                                       Index Cond: ((l_shipdate >= '1996-01-01'::date) AND (l_shipdate < '1996-04-01'::date))
(20 rows)

DROP VIEW
query 16 run 1
SET
SET
                                                                                      QUERY PLAN                                                                                      
--------------------------------------------------------------------------------------------------------------------------------------------------------------------------------------
 Limit  (cost=35506.83..35506.83 rows=1 width=40)
   ->  Sort  (cost=35506.83..35514.07 rows=2898 width=40)
         Sort Key: (count(DISTINCT partsupp.ps_suppkey)), part.p_brand, part.p_type, part.p_size
         ->  GroupAggregate  (cost=34746.52..35492.34 rows=2898 width=40)
               ->  Sort  (cost=34746.52..34889.89 rows=57347 width=40)
                     Sort Key: part.p_brand, part.p_type, part.p_size
                     ->  Merge Join  (cost=350.49..30213.98 rows=57347 width=40)
                           Merge Cond: (part.p_partkey = partsupp.ps_partkey)
                           ->  Index Scan using part_pkey on part  (cost=0.42..10926.42 rows=28974 width=40)
                                 Filter: ((p_brand <> 'Brand#12'::bpchar) AND ((p_type)::text !~~ 'SMALL BRUSHED%'::text) AND (p_size = ANY ('{12,32,36,26,40,34,49,9}'::integer[])))
                           ->  Index Only Scan using partsupp_pkey on partsupp  (cost=348.43..17642.43 rows=400000 width=8)
                                 Filter: (NOT (hashed SubPlan 1))
                                 SubPlan 1
                                   ->  Seq Scan on supplier  (cost=0.00..348.00 rows=1 width=4)
                                         Filter: ((s_comment)::text ~~ '%Customer%Complaints%'::text)
(15 rows)

query 16 run 2
SET
SET
                                                                                      QUERY PLAN                                                                                      
--------------------------------------------------------------------------------------------------------------------------------------------------------------------------------------
 Limit  (cost=35506.83..35506.83 rows=1 width=40)
   ->  Sort  (cost=35506.83..35514.07 rows=2898 width=40)
         Sort Key: (count(DISTINCT partsupp.ps_suppkey)), part.p_brand, part.p_type, part.p_size
         ->  GroupAggregate  (cost=34746.52..35492.34 rows=2898 width=40)
               ->  Sort  (cost=34746.52..34889.89 rows=57347 width=40)
                     Sort Key: part.p_brand, part.p_type, part.p_size
                     ->  Merge Join  (cost=350.49..30213.98 rows=57347 width=40)
                           Merge Cond: (part.p_partkey = partsupp.ps_partkey)
                           ->  Index Scan using part_pkey on part  (cost=0.42..10926.42 rows=28974 width=40)
                                 Filter: ((p_brand <> 'Brand#12'::bpchar) AND ((p_type)::text !~~ 'SMALL BRUSHED%'::text) AND (p_size = ANY ('{12,32,36,26,40,34,49,9}'::integer[])))
                           ->  Index Only Scan using partsupp_pkey on partsupp  (cost=348.43..17642.43 rows=400000 width=8)
                                 Filter: (NOT (hashed SubPlan 1))
                                 SubPlan 1
                                   ->  Seq Scan on supplier  (cost=0.00..348.00 rows=1 width=4)
                                         Filter: ((s_comment)::text ~~ '%Customer%Complaints%'::text)
(15 rows)

query 16 run 3
SET
SET
                                                                                      QUERY PLAN                                                                                      
--------------------------------------------------------------------------------------------------------------------------------------------------------------------------------------
 Limit  (cost=35506.83..35506.83 rows=1 width=40)
   ->  Sort  (cost=35506.83..35514.07 rows=2898 width=40)
         Sort Key: (count(DISTINCT partsupp.ps_suppkey)), part.p_brand, part.p_type, part.p_size
         ->  GroupAggregate  (cost=34746.52..35492.34 rows=2898 width=40)
               ->  Sort  (cost=34746.52..34889.89 rows=57347 width=40)
                     Sort Key: part.p_brand, part.p_type, part.p_size
                     ->  Merge Join  (cost=350.49..30213.98 rows=57347 width=40)
                           Merge Cond: (part.p_partkey = partsupp.ps_partkey)
                           ->  Index Scan using part_pkey on part  (cost=0.42..10926.42 rows=28974 width=40)
                                 Filter: ((p_brand <> 'Brand#12'::bpchar) AND ((p_type)::text !~~ 'SMALL BRUSHED%'::text) AND (p_size = ANY ('{12,32,36,26,40,34,49,9}'::integer[])))
                           ->  Index Only Scan using partsupp_pkey on partsupp  (cost=348.43..17642.43 rows=400000 width=8)
                                 Filter: (NOT (hashed SubPlan 1))
                                 SubPlan 1
                                   ->  Seq Scan on supplier  (cost=0.00..348.00 rows=1 width=4)
                                         Filter: ((s_comment)::text ~~ '%Customer%Complaints%'::text)
(15 rows)

query 17 run 1
SET
SET
                                                  QUERY PLAN                                                   
---------------------------------------------------------------------------------------------------------------
 Limit  (cost=224290.71..224290.72 rows=1 width=8)
   ->  Aggregate  (cost=224290.71..224290.72 rows=1 width=8)
         ->  Nested Loop  (cost=209685.18..224285.52 rows=2078 width=8)
               Join Filter: (part.p_partkey = lineitem.l_partkey)
               ->  Hash Join  (cost=209684.74..215267.83 rows=208 width=40)
                     Hash Cond: (lineitem_1.l_partkey = part.p_partkey)
                     ->  HashAggregate  (cost=202583.07..205494.90 rows=194122 width=9)
                           ->  Seq Scan on lineitem lineitem_1  (cost=0.00..172575.38 rows=6001538 width=9)
                     ->  Hash  (cost=7099.00..7099.00 rows=214 width=4)
                           ->  Seq Scan on part  (cost=0.00..7099.00 rows=214 width=4)
                                 Filter: ((p_brand = 'Brand#22'::bpchar) AND (p_container = 'LG BOX'::bpchar))
               ->  Index Scan using idx_lineitem_part_supp on lineitem  (cost=0.43..43.23 rows=10 width=17)
                     Index Cond: (l_partkey = lineitem_1.l_partkey)
                     Filter: (l_quantity < ((0.2 * avg(lineitem_1.l_quantity))))
(14 rows)

query 17 run 2
SET
SET
                                                  QUERY PLAN                                                   
---------------------------------------------------------------------------------------------------------------
 Limit  (cost=224290.71..224290.72 rows=1 width=8)
   ->  Aggregate  (cost=224290.71..224290.72 rows=1 width=8)
         ->  Nested Loop  (cost=209685.18..224285.52 rows=2078 width=8)
               Join Filter: (part.p_partkey = lineitem.l_partkey)
               ->  Hash Join  (cost=209684.74..215267.83 rows=208 width=40)
                     Hash Cond: (lineitem_1.l_partkey = part.p_partkey)
                     ->  HashAggregate  (cost=202583.07..205494.90 rows=194122 width=9)
                           ->  Seq Scan on lineitem lineitem_1  (cost=0.00..172575.38 rows=6001538 width=9)
                     ->  Hash  (cost=7099.00..7099.00 rows=214 width=4)
                           ->  Seq Scan on part  (cost=0.00..7099.00 rows=214 width=4)
                                 Filter: ((p_brand = 'Brand#22'::bpchar) AND (p_container = 'LG BOX'::bpchar))
               ->  Index Scan using idx_lineitem_part_supp on lineitem  (cost=0.43..43.23 rows=10 width=17)
                     Index Cond: (l_partkey = lineitem_1.l_partkey)
                     Filter: (l_quantity < ((0.2 * avg(lineitem_1.l_quantity))))
(14 rows)

query 17 run 3
SET
SET
                                                  QUERY PLAN                                                   
---------------------------------------------------------------------------------------------------------------
 Limit  (cost=224290.71..224290.72 rows=1 width=8)
   ->  Aggregate  (cost=224290.71..224290.72 rows=1 width=8)
         ->  Nested Loop  (cost=209685.18..224285.52 rows=2078 width=8)
               Join Filter: (part.p_partkey = lineitem.l_partkey)
               ->  Hash Join  (cost=209684.74..215267.83 rows=208 width=40)
                     Hash Cond: (lineitem_1.l_partkey = part.p_partkey)
                     ->  HashAggregate  (cost=202583.07..205494.90 rows=194122 width=9)
                           ->  Seq Scan on lineitem lineitem_1  (cost=0.00..172575.38 rows=6001538 width=9)
                     ->  Hash  (cost=7099.00..7099.00 rows=214 width=4)
                           ->  Seq Scan on part  (cost=0.00..7099.00 rows=214 width=4)
                                 Filter: ((p_brand = 'Brand#22'::bpchar) AND (p_container = 'LG BOX'::bpchar))
               ->  Index Scan using idx_lineitem_part_supp on lineitem  (cost=0.43..43.23 rows=10 width=17)
                     Index Cond: (l_partkey = lineitem_1.l_partkey)
                     Filter: (l_quantity < ((0.2 * avg(lineitem_1.l_quantity))))
(14 rows)

query 18 run 1
SET
SET
                                                                         QUERY PLAN                                                                         
------------------------------------------------------------------------------------------------------------------------------------------------------------
 Limit  (cost=1106540.07..1106542.82 rows=100 width=44)
   ->  GroupAggregate  (cost=1106540.07..1189040.09 rows=3000001 width=44)
         ->  Sort  (cost=1106540.07..1114040.07 rows=3000001 width=44)
               Sort Key: orders.o_totalprice, orders.o_orderdate, customer.c_name, customer.c_custkey, orders.o_orderkey
               ->  Hash Join  (cost=6989.75..724463.99 rows=3000001 width=44)
                     Hash Cond: (orders.o_custkey = customer.c_custkey)
                     ->  Merge Join  (cost=17.75..646241.96 rows=3000001 width=25)
                           Merge Cond: (orders.o_orderkey = lineitem.l_orderkey)
                           ->  Merge Semi Join  (cost=0.86..372097.52 rows=750000 width=24)
                                 Merge Cond: (orders.o_orderkey = lineitem_1.l_orderkey)
                                 ->  Index Scan using orders_pkey on orders  (cost=0.43..54805.93 rows=1500000 width=20)
                                 ->  Materialize  (cost=0.43..294786.79 rows=1500384 width=4)
                                       ->  GroupAggregate  (cost=0.43..276031.99 rows=1500384 width=9)
                                             Filter: (sum(lineitem_1.l_quantity) > 313::numeric)
                                             ->  Index Scan using idx_lineitem_orderkey on lineitem lineitem_1  (cost=0.43..227269.50 rows=6001538 width=9)
                           ->  Index Scan using idx_lineitem_orderkey on lineitem  (cost=0.43..227269.50 rows=6001538 width=9)
                     ->  Hash  (cost=5097.00..5097.00 rows=150000 width=23)
                           ->  Seq Scan on customer  (cost=0.00..5097.00 rows=150000 width=23)
(18 rows)

query 18 run 2
SET
SET
                                                                         QUERY PLAN                                                                         
------------------------------------------------------------------------------------------------------------------------------------------------------------
 Limit  (cost=1106540.07..1106542.82 rows=100 width=44)
   ->  GroupAggregate  (cost=1106540.07..1189040.09 rows=3000001 width=44)
         ->  Sort  (cost=1106540.07..1114040.07 rows=3000001 width=44)
               Sort Key: orders.o_totalprice, orders.o_orderdate, customer.c_name, customer.c_custkey, orders.o_orderkey
               ->  Hash Join  (cost=6989.75..724463.99 rows=3000001 width=44)
                     Hash Cond: (orders.o_custkey = customer.c_custkey)
                     ->  Merge Join  (cost=17.75..646241.96 rows=3000001 width=25)
                           Merge Cond: (orders.o_orderkey = lineitem.l_orderkey)
                           ->  Merge Semi Join  (cost=0.86..372097.52 rows=750000 width=24)
                                 Merge Cond: (orders.o_orderkey = lineitem_1.l_orderkey)
                                 ->  Index Scan using orders_pkey on orders  (cost=0.43..54805.93 rows=1500000 width=20)
                                 ->  Materialize  (cost=0.43..294786.79 rows=1500384 width=4)
                                       ->  GroupAggregate  (cost=0.43..276031.99 rows=1500384 width=9)
                                             Filter: (sum(lineitem_1.l_quantity) > 313::numeric)
                                             ->  Index Scan using idx_lineitem_orderkey on lineitem lineitem_1  (cost=0.43..227269.50 rows=6001538 width=9)
                           ->  Index Scan using idx_lineitem_orderkey on lineitem  (cost=0.43..227269.50 rows=6001538 width=9)
                     ->  Hash  (cost=5097.00..5097.00 rows=150000 width=23)
                           ->  Seq Scan on customer  (cost=0.00..5097.00 rows=150000 width=23)
(18 rows)

query 18 run 3
SET
SET
                                                                         QUERY PLAN                                                                         
------------------------------------------------------------------------------------------------------------------------------------------------------------
 Limit  (cost=1106540.07..1106542.82 rows=100 width=44)
   ->  GroupAggregate  (cost=1106540.07..1189040.09 rows=3000001 width=44)
         ->  Sort  (cost=1106540.07..1114040.07 rows=3000001 width=44)
               Sort Key: orders.o_totalprice, orders.o_orderdate, customer.c_name, customer.c_custkey, orders.o_orderkey
               ->  Hash Join  (cost=6989.75..724463.99 rows=3000001 width=44)
                     Hash Cond: (orders.o_custkey = customer.c_custkey)
                     ->  Merge Join  (cost=17.75..646241.96 rows=3000001 width=25)
                           Merge Cond: (orders.o_orderkey = lineitem.l_orderkey)
                           ->  Merge Semi Join  (cost=0.86..372097.52 rows=750000 width=24)
                                 Merge Cond: (orders.o_orderkey = lineitem_1.l_orderkey)
                                 ->  Index Scan using orders_pkey on orders  (cost=0.43..54805.93 rows=1500000 width=20)
                                 ->  Materialize  (cost=0.43..294786.79 rows=1500384 width=4)
                                       ->  GroupAggregate  (cost=0.43..276031.99 rows=1500384 width=9)
                                             Filter: (sum(lineitem_1.l_quantity) > 313::numeric)
                                             ->  Index Scan using idx_lineitem_orderkey on lineitem lineitem_1  (cost=0.43..227269.50 rows=6001538 width=9)
                           ->  Index Scan using idx_lineitem_orderkey on lineitem  (cost=0.43..227269.50 rows=6001538 width=9)
                     ->  Hash  (cost=5097.00..5097.00 rows=150000 width=23)
                           ->  Seq Scan on customer  (cost=0.00..5097.00 rows=150000 width=23)
(18 rows)

query 19 run 1
SET
SET
                                                                                                                                                                                                                                                                                                                                                                  QUERY PLAN                                                                                                                                                                                                                                                                                                                                                                   
-----------------------------------------------------------------------------------------------------------------------------------------------------------------------------------------------------------------------------------------------------------------------------------------------------------------------------------------------------------------------------------------------------------------------------------------------------------------------------------------------------------------------------------------------------------------------------------------------------------------------------------------------------------------------------------------------------------------------------------------------
 Limit  (cost=309117.18..309117.19 rows=1 width=12)
   ->  Aggregate  (cost=309117.18..309117.19 rows=1 width=12)
         ->  Hash Join  (cost=9099.00..309116.31 rows=116 width=12)
               Hash Cond: (lineitem.l_partkey = part.p_partkey)
               Join Filter: (((part.p_brand = 'Brand#24'::bpchar) AND (part.p_container = ANY ('{"SM CASE","SM BOX","SM PACK","SM PKG"}'::bpchar[])) AND (lineitem.l_quantity >= 10::numeric) AND (lineitem.l_quantity <= 20::numeric) AND (part.p_size <= 5)) OR ((part.p_brand = 'Brand#43'::bpchar) AND (part.p_container = ANY ('{"MED BAG","MED BOX","MED PKG","MED PACK"}'::bpchar[])) AND (lineitem.l_quantity >= 10::numeric) AND (lineitem.l_quantity <= 20::numeric) AND (part.p_size <= 10)) OR ((part.p_brand = 'Brand#44'::bpchar) AND (part.p_container = ANY ('{"LG CASE","LG BOX","LG PACK","LG PKG"}'::bpchar[])) AND (lineitem.l_quantity >= 20::numeric) AND (lineitem.l_quantity <= 30::numeric) AND (part.p_size <= 15)))
               ->  Seq Scan on lineitem  (cost=0.00..292606.14 rows=114018 width=21)
                     Filter: ((l_shipmode = ANY ('{AIR,"AIR REG"}'::bpchar[])) AND (l_shipinstruct = 'DELIVER IN PERSON'::bpchar) AND (((l_quantity >= 10::numeric) AND (l_quantity <= 20::numeric)) OR ((l_quantity >= 10::numeric) AND (l_quantity <= 20::numeric)) OR ((l_quantity >= 20::numeric) AND (l_quantity <= 30::numeric))))
               ->  Hash  (cost=6599.00..6599.00 rows=200000 width=30)
                     ->  Seq Scan on part  (cost=0.00..6599.00 rows=200000 width=30)
                           Filter: (p_size >= 1)
(10 rows)

query 19 run 2
SET
SET
                                                                                                                                                                                                                                                                                                                                                                  QUERY PLAN                                                                                                                                                                                                                                                                                                                                                                   
-----------------------------------------------------------------------------------------------------------------------------------------------------------------------------------------------------------------------------------------------------------------------------------------------------------------------------------------------------------------------------------------------------------------------------------------------------------------------------------------------------------------------------------------------------------------------------------------------------------------------------------------------------------------------------------------------------------------------------------------------
 Limit  (cost=309117.18..309117.19 rows=1 width=12)
   ->  Aggregate  (cost=309117.18..309117.19 rows=1 width=12)
         ->  Hash Join  (cost=9099.00..309116.31 rows=116 width=12)
               Hash Cond: (lineitem.l_partkey = part.p_partkey)
               Join Filter: (((part.p_brand = 'Brand#24'::bpchar) AND (part.p_container = ANY ('{"SM CASE","SM BOX","SM PACK","SM PKG"}'::bpchar[])) AND (lineitem.l_quantity >= 10::numeric) AND (lineitem.l_quantity <= 20::numeric) AND (part.p_size <= 5)) OR ((part.p_brand = 'Brand#43'::bpchar) AND (part.p_container = ANY ('{"MED BAG","MED BOX","MED PKG","MED PACK"}'::bpchar[])) AND (lineitem.l_quantity >= 10::numeric) AND (lineitem.l_quantity <= 20::numeric) AND (part.p_size <= 10)) OR ((part.p_brand = 'Brand#44'::bpchar) AND (part.p_container = ANY ('{"LG CASE","LG BOX","LG PACK","LG PKG"}'::bpchar[])) AND (lineitem.l_quantity >= 20::numeric) AND (lineitem.l_quantity <= 30::numeric) AND (part.p_size <= 15)))
               ->  Seq Scan on lineitem  (cost=0.00..292606.14 rows=114018 width=21)
                     Filter: ((l_shipmode = ANY ('{AIR,"AIR REG"}'::bpchar[])) AND (l_shipinstruct = 'DELIVER IN PERSON'::bpchar) AND (((l_quantity >= 10::numeric) AND (l_quantity <= 20::numeric)) OR ((l_quantity >= 10::numeric) AND (l_quantity <= 20::numeric)) OR ((l_quantity >= 20::numeric) AND (l_quantity <= 30::numeric))))
               ->  Hash  (cost=6599.00..6599.00 rows=200000 width=30)
                     ->  Seq Scan on part  (cost=0.00..6599.00 rows=200000 width=30)
                           Filter: (p_size >= 1)
(10 rows)

query 19 run 3
SET
SET
                                                                                                                                                                                                                                                                                                                                                                  QUERY PLAN                                                                                                                                                                                                                                                                                                                                                                   
-----------------------------------------------------------------------------------------------------------------------------------------------------------------------------------------------------------------------------------------------------------------------------------------------------------------------------------------------------------------------------------------------------------------------------------------------------------------------------------------------------------------------------------------------------------------------------------------------------------------------------------------------------------------------------------------------------------------------------------------------
 Limit  (cost=309117.18..309117.19 rows=1 width=12)
   ->  Aggregate  (cost=309117.18..309117.19 rows=1 width=12)
         ->  Hash Join  (cost=9099.00..309116.31 rows=116 width=12)
               Hash Cond: (lineitem.l_partkey = part.p_partkey)
               Join Filter: (((part.p_brand = 'Brand#24'::bpchar) AND (part.p_container = ANY ('{"SM CASE","SM BOX","SM PACK","SM PKG"}'::bpchar[])) AND (lineitem.l_quantity >= 10::numeric) AND (lineitem.l_quantity <= 20::numeric) AND (part.p_size <= 5)) OR ((part.p_brand = 'Brand#43'::bpchar) AND (part.p_container = ANY ('{"MED BAG","MED BOX","MED PKG","MED PACK"}'::bpchar[])) AND (lineitem.l_quantity >= 10::numeric) AND (lineitem.l_quantity <= 20::numeric) AND (part.p_size <= 10)) OR ((part.p_brand = 'Brand#44'::bpchar) AND (part.p_container = ANY ('{"LG CASE","LG BOX","LG PACK","LG PKG"}'::bpchar[])) AND (lineitem.l_quantity >= 20::numeric) AND (lineitem.l_quantity <= 30::numeric) AND (part.p_size <= 15)))
               ->  Seq Scan on lineitem  (cost=0.00..292606.14 rows=114018 width=21)
                     Filter: ((l_shipmode = ANY ('{AIR,"AIR REG"}'::bpchar[])) AND (l_shipinstruct = 'DELIVER IN PERSON'::bpchar) AND (((l_quantity >= 10::numeric) AND (l_quantity <= 20::numeric)) OR ((l_quantity >= 10::numeric) AND (l_quantity <= 20::numeric)) OR ((l_quantity >= 20::numeric) AND (l_quantity <= 30::numeric))))
               ->  Hash  (cost=6599.00..6599.00 rows=200000 width=30)
                     ->  Seq Scan on part  (cost=0.00..6599.00 rows=200000 width=30)
                           Filter: (p_size >= 1)
(10 rows)

query 20 run 1
SET
SET
                                                             QUERY PLAN                                                             
------------------------------------------------------------------------------------------------------------------------------------
 Limit  (cost=164147.25..164147.25 rows=1 width=51)
   ->  Sort  (cost=164147.25..164147.75 rows=200 width=51)
         Sort Key: supplier.s_name
         ->  Nested Loop Semi Join  (cost=160891.19..164146.25 rows=200 width=51)
               Join Filter: (supplier.s_suppkey = lineitem.l_suppkey)
               ->  Nested Loop  (cost=0.00..449.31 rows=400 width=55)
                     Join Filter: (supplier.s_nationkey = nation.n_nationkey)
                     ->  Seq Scan on nation  (cost=0.00..1.31 rows=1 width=4)
                           Filter: (n_name = 'IRAQ'::bpchar)
                     ->  Seq Scan on supplier  (cost=0.00..323.00 rows=10000 width=59)
               ->  Materialize  (cost=160891.19..163660.95 rows=6 width=8)
                     ->  Hash Join  (cost=160891.19..163660.92 rows=6 width=8)
                           Hash Cond: ((lineitem.l_partkey = partsupp.ps_partkey) AND (lineitem.l_suppkey = partsupp.ps_suppkey))
                           Join Filter: ((partsupp.ps_availqty)::numeric > ((0.5 * sum(lineitem.l_quantity))))
                           ->  HashAggregate  (cost=148130.35..149284.40 rows=92324 width=13)
                                 ->  Bitmap Heap Scan on lineitem  (cost=14797.58..141206.09 rows=923234 width=13)
                                       Recheck Cond: ((l_shipdate >= '1996-01-01'::date) AND (l_shipdate < '1997-01-01'::date))
                                       ->  Bitmap Index Scan on idx_lineitem_shipdate  (cost=0.00..14566.77 rows=923234 width=0)
                                             Index Cond: ((l_shipdate >= '1996-01-01'::date) AND (l_shipdate < '1997-01-01'::date))
                           ->  Hash  (cost=12640.90..12640.90 rows=7996 width=16)
                                 ->  Nested Loop  (cost=0.42..12640.90 rows=7996 width=16)
                                       ->  Seq Scan on part  (cost=0.00..6599.00 rows=2020 width=4)
                                             Filter: ((p_name)::text ~~ 'olive%'::text)
                                       ->  Index Scan using idx_partsupp_partkey on partsupp  (cost=0.42..2.95 rows=4 width=12)
                                             Index Cond: (ps_partkey = part.p_partkey)
(25 rows)

query 20 run 2
SET
SET
                                                             QUERY PLAN                                                             
------------------------------------------------------------------------------------------------------------------------------------
 Limit  (cost=164147.25..164147.25 rows=1 width=51)
   ->  Sort  (cost=164147.25..164147.75 rows=200 width=51)
         Sort Key: supplier.s_name
         ->  Nested Loop Semi Join  (cost=160891.19..164146.25 rows=200 width=51)
               Join Filter: (supplier.s_suppkey = lineitem.l_suppkey)
               ->  Nested Loop  (cost=0.00..449.31 rows=400 width=55)
                     Join Filter: (supplier.s_nationkey = nation.n_nationkey)
                     ->  Seq Scan on nation  (cost=0.00..1.31 rows=1 width=4)
                           Filter: (n_name = 'IRAQ'::bpchar)
                     ->  Seq Scan on supplier  (cost=0.00..323.00 rows=10000 width=59)
               ->  Materialize  (cost=160891.19..163660.95 rows=6 width=8)
                     ->  Hash Join  (cost=160891.19..163660.92 rows=6 width=8)
                           Hash Cond: ((lineitem.l_partkey = partsupp.ps_partkey) AND (lineitem.l_suppkey = partsupp.ps_suppkey))
                           Join Filter: ((partsupp.ps_availqty)::numeric > ((0.5 * sum(lineitem.l_quantity))))
                           ->  HashAggregate  (cost=148130.35..149284.40 rows=92324 width=13)
                                 ->  Bitmap Heap Scan on lineitem  (cost=14797.58..141206.09 rows=923234 width=13)
                                       Recheck Cond: ((l_shipdate >= '1996-01-01'::date) AND (l_shipdate < '1997-01-01'::date))
                                       ->  Bitmap Index Scan on idx_lineitem_shipdate  (cost=0.00..14566.77 rows=923234 width=0)
                                             Index Cond: ((l_shipdate >= '1996-01-01'::date) AND (l_shipdate < '1997-01-01'::date))
                           ->  Hash  (cost=12640.90..12640.90 rows=7996 width=16)
                                 ->  Nested Loop  (cost=0.42..12640.90 rows=7996 width=16)
                                       ->  Seq Scan on part  (cost=0.00..6599.00 rows=2020 width=4)
                                             Filter: ((p_name)::text ~~ 'olive%'::text)
                                       ->  Index Scan using idx_partsupp_partkey on partsupp  (cost=0.42..2.95 rows=4 width=12)
                                             Index Cond: (ps_partkey = part.p_partkey)
(25 rows)

query 20 run 3
SET
SET
                                                             QUERY PLAN                                                             
------------------------------------------------------------------------------------------------------------------------------------
 Limit  (cost=164147.25..164147.25 rows=1 width=51)
   ->  Sort  (cost=164147.25..164147.75 rows=200 width=51)
         Sort Key: supplier.s_name
         ->  Nested Loop Semi Join  (cost=160891.19..164146.25 rows=200 width=51)
               Join Filter: (supplier.s_suppkey = lineitem.l_suppkey)
               ->  Nested Loop  (cost=0.00..449.31 rows=400 width=55)
                     Join Filter: (supplier.s_nationkey = nation.n_nationkey)
                     ->  Seq Scan on nation  (cost=0.00..1.31 rows=1 width=4)
                           Filter: (n_name = 'IRAQ'::bpchar)
                     ->  Seq Scan on supplier  (cost=0.00..323.00 rows=10000 width=59)
               ->  Materialize  (cost=160891.19..163660.95 rows=6 width=8)
                     ->  Hash Join  (cost=160891.19..163660.92 rows=6 width=8)
                           Hash Cond: ((lineitem.l_partkey = partsupp.ps_partkey) AND (lineitem.l_suppkey = partsupp.ps_suppkey))
                           Join Filter: ((partsupp.ps_availqty)::numeric > ((0.5 * sum(lineitem.l_quantity))))
                           ->  HashAggregate  (cost=148130.35..149284.40 rows=92324 width=13)
                                 ->  Bitmap Heap Scan on lineitem  (cost=14797.58..141206.09 rows=923234 width=13)
                                       Recheck Cond: ((l_shipdate >= '1996-01-01'::date) AND (l_shipdate < '1997-01-01'::date))
                                       ->  Bitmap Index Scan on idx_lineitem_shipdate  (cost=0.00..14566.77 rows=923234 width=0)
                                             Index Cond: ((l_shipdate >= '1996-01-01'::date) AND (l_shipdate < '1997-01-01'::date))
                           ->  Hash  (cost=12640.90..12640.90 rows=7996 width=16)
                                 ->  Nested Loop  (cost=0.42..12640.90 rows=7996 width=16)
                                       ->  Seq Scan on part  (cost=0.00..6599.00 rows=2020 width=4)
                                             Filter: ((p_name)::text ~~ 'olive%'::text)
                                       ->  Index Scan using idx_partsupp_partkey on partsupp  (cost=0.42..2.95 rows=4 width=12)
                                             Index Cond: (ps_partkey = part.p_partkey)
(25 rows)

query 21 run 1
SET
SET
                                                                  QUERY PLAN                                                                  
----------------------------------------------------------------------------------------------------------------------------------------------
 Limit  (cost=385922.79..385922.80 rows=1 width=26)
   ->  Sort  (cost=385922.79..385922.80 rows=1 width=26)
         Sort Key: (count(*)), supplier.s_name
         ->  HashAggregate  (cost=385922.77..385922.78 rows=1 width=26)
               ->  Nested Loop Anti Join  (cost=54301.19..385922.77 rows=1 width=26)
                     ->  Nested Loop Semi Join  (cost=54300.76..385916.41 rows=1 width=34)
                           Join Filter: (l2.l_suppkey <> l1.l_suppkey)
                           ->  Hash Join  (cost=54300.33..251373.73 rows=39184 width=38)
                                 Hash Cond: (l1.l_orderkey = orders.o_orderkey)
                                 ->  Hash Join  (cost=235.58..196116.93 rows=80021 width=34)
                                       Hash Cond: (l1.l_suppkey = supplier.s_suppkey)
                                       ->  Seq Scan on lineitem l1  (cost=0.00..187579.23 rows=2000513 width=8)
                                             Filter: (l_receiptdate > l_commitdate)
                                       ->  Hash  (cost=230.58..230.58 rows=400 width=30)
                                             ->  Nested Loop  (cost=6.38..230.58 rows=400 width=30)
                                                   ->  Seq Scan on nation  (cost=0.00..1.31 rows=1 width=4)
                                                         Filter: (n_name = 'PERU'::bpchar)
                                                   ->  Bitmap Heap Scan on supplier  (cost=6.38..225.26 rows=400 width=34)
                                                         Recheck Cond: (s_nationkey = nation.n_nationkey)
                                                         ->  Bitmap Index Scan on idx_supplier_nation_key  (cost=0.00..6.29 rows=400 width=0)
                                                               Index Cond: (s_nationkey = nation.n_nationkey)
                                 ->  Hash  (cost=44881.00..44881.00 rows=734700 width=4)
                                       ->  Seq Scan on orders  (cost=0.00..44881.00 rows=734700 width=4)
                                             Filter: (o_orderstatus = 'F'::bpchar)
                           ->  Index Scan using idx_lineitem_orderkey on lineitem l2  (cost=0.43..3.38 rows=4 width=8)
                                 Index Cond: (l_orderkey = orders.o_orderkey)
                     ->  Index Scan using idx_lineitem_orderkey on lineitem l3  (cost=0.43..3.39 rows=1 width=8)
                           Index Cond: (l_orderkey = l1.l_orderkey)
                           Filter: ((l_receiptdate > l_commitdate) AND (l_suppkey <> l1.l_suppkey))
(29 rows)

query 21 run 2
SET
SET
                                                                  QUERY PLAN                                                                  
----------------------------------------------------------------------------------------------------------------------------------------------
 Limit  (cost=385922.79..385922.80 rows=1 width=26)
   ->  Sort  (cost=385922.79..385922.80 rows=1 width=26)
         Sort Key: (count(*)), supplier.s_name
         ->  HashAggregate  (cost=385922.77..385922.78 rows=1 width=26)
               ->  Nested Loop Anti Join  (cost=54301.19..385922.77 rows=1 width=26)
                     ->  Nested Loop Semi Join  (cost=54300.76..385916.41 rows=1 width=34)
                           Join Filter: (l2.l_suppkey <> l1.l_suppkey)
                           ->  Hash Join  (cost=54300.33..251373.73 rows=39184 width=38)
                                 Hash Cond: (l1.l_orderkey = orders.o_orderkey)
                                 ->  Hash Join  (cost=235.58..196116.93 rows=80021 width=34)
                                       Hash Cond: (l1.l_suppkey = supplier.s_suppkey)
                                       ->  Seq Scan on lineitem l1  (cost=0.00..187579.23 rows=2000513 width=8)
                                             Filter: (l_receiptdate > l_commitdate)
                                       ->  Hash  (cost=230.58..230.58 rows=400 width=30)
                                             ->  Nested Loop  (cost=6.38..230.58 rows=400 width=30)
                                                   ->  Seq Scan on nation  (cost=0.00..1.31 rows=1 width=4)
                                                         Filter: (n_name = 'PERU'::bpchar)
                                                   ->  Bitmap Heap Scan on supplier  (cost=6.38..225.26 rows=400 width=34)
                                                         Recheck Cond: (s_nationkey = nation.n_nationkey)
                                                         ->  Bitmap Index Scan on idx_supplier_nation_key  (cost=0.00..6.29 rows=400 width=0)
                                                               Index Cond: (s_nationkey = nation.n_nationkey)
                                 ->  Hash  (cost=44881.00..44881.00 rows=734700 width=4)
                                       ->  Seq Scan on orders  (cost=0.00..44881.00 rows=734700 width=4)
                                             Filter: (o_orderstatus = 'F'::bpchar)
                           ->  Index Scan using idx_lineitem_orderkey on lineitem l2  (cost=0.43..3.38 rows=4 width=8)
                                 Index Cond: (l_orderkey = orders.o_orderkey)
                     ->  Index Scan using idx_lineitem_orderkey on lineitem l3  (cost=0.43..3.39 rows=1 width=8)
                           Index Cond: (l_orderkey = l1.l_orderkey)
                           Filter: ((l_receiptdate > l_commitdate) AND (l_suppkey <> l1.l_suppkey))
(29 rows)

query 21 run 3
SET
SET
                                                                  QUERY PLAN                                                                  
----------------------------------------------------------------------------------------------------------------------------------------------
 Limit  (cost=385922.79..385922.80 rows=1 width=26)
   ->  Sort  (cost=385922.79..385922.80 rows=1 width=26)
         Sort Key: (count(*)), supplier.s_name
         ->  HashAggregate  (cost=385922.77..385922.78 rows=1 width=26)
               ->  Nested Loop Anti Join  (cost=54301.19..385922.77 rows=1 width=26)
                     ->  Nested Loop Semi Join  (cost=54300.76..385916.41 rows=1 width=34)
                           Join Filter: (l2.l_suppkey <> l1.l_suppkey)
                           ->  Hash Join  (cost=54300.33..251373.73 rows=39184 width=38)
                                 Hash Cond: (l1.l_orderkey = orders.o_orderkey)
                                 ->  Hash Join  (cost=235.58..196116.93 rows=80021 width=34)
                                       Hash Cond: (l1.l_suppkey = supplier.s_suppkey)
                                       ->  Seq Scan on lineitem l1  (cost=0.00..187579.23 rows=2000513 width=8)
                                             Filter: (l_receiptdate > l_commitdate)
                                       ->  Hash  (cost=230.58..230.58 rows=400 width=30)
                                             ->  Nested Loop  (cost=6.38..230.58 rows=400 width=30)
                                                   ->  Seq Scan on nation  (cost=0.00..1.31 rows=1 width=4)
                                                         Filter: (n_name = 'PERU'::bpchar)
                                                   ->  Bitmap Heap Scan on supplier  (cost=6.38..225.26 rows=400 width=34)
                                                         Recheck Cond: (s_nationkey = nation.n_nationkey)
                                                         ->  Bitmap Index Scan on idx_supplier_nation_key  (cost=0.00..6.29 rows=400 width=0)
                                                               Index Cond: (s_nationkey = nation.n_nationkey)
                                 ->  Hash  (cost=44881.00..44881.00 rows=734700 width=4)
                                       ->  Seq Scan on orders  (cost=0.00..44881.00 rows=734700 width=4)
                                             Filter: (o_orderstatus = 'F'::bpchar)
                           ->  Index Scan using idx_lineitem_orderkey on lineitem l2  (cost=0.43..3.38 rows=4 width=8)
                                 Index Cond: (l_orderkey = orders.o_orderkey)
                     ->  Index Scan using idx_lineitem_orderkey on lineitem l3  (cost=0.43..3.39 rows=1 width=8)
                           Index Cond: (l_orderkey = l1.l_orderkey)
                           Filter: ((l_receiptdate > l_commitdate) AND (l_suppkey <> l1.l_suppkey))
(29 rows)

query 22 run 1
SET
SET
                                                               QUERY PLAN                                                               
----------------------------------------------------------------------------------------------------------------------------------------
 Limit  (cost=16109.32..16109.33 rows=1 width=22)
   InitPlan 1 (returns $0)
     ->  Aggregate  (cost=7546.43..7546.44 rows=1 width=6)
           ->  Seq Scan on customer customer_1  (cost=0.00..7534.50 rows=4771 width=6)
                 Filter: ((c_acctbal > 0.00) AND ("substring"((c_phone)::text, 1, 2) = ANY ('{21,29,26,34,14,15,17}'::text[])))
   ->  Sort  (cost=8562.88..8564.72 rows=734 width=22)
         Sort Key: ("substring"((customer.c_phone)::text, 1, 2))
         ->  HashAggregate  (cost=8548.20..8559.21 rows=734 width=22)
               ->  Nested Loop Anti Join  (cost=0.43..8542.70 rows=734 width=22)
                     ->  Seq Scan on customer  (cost=0.00..7534.50 rows=1750 width=26)
                           Filter: ((c_acctbal > $0) AND ("substring"((c_phone)::text, 1, 2) = ANY ('{21,29,26,34,14,15,17}'::text[])))
                     ->  Index Only Scan using idx_orders_custkey on orders  (cost=0.43..1.96 rows=17 width=4)
                           Index Cond: (o_custkey = customer.c_custkey)
(13 rows)

query 22 run 2
SET
SET
                                                               QUERY PLAN                                                               
----------------------------------------------------------------------------------------------------------------------------------------
 Limit  (cost=16109.32..16109.33 rows=1 width=22)
   InitPlan 1 (returns $0)
     ->  Aggregate  (cost=7546.43..7546.44 rows=1 width=6)
           ->  Seq Scan on customer customer_1  (cost=0.00..7534.50 rows=4771 width=6)
                 Filter: ((c_acctbal > 0.00) AND ("substring"((c_phone)::text, 1, 2) = ANY ('{21,29,26,34,14,15,17}'::text[])))
   ->  Sort  (cost=8562.88..8564.72 rows=734 width=22)
         Sort Key: ("substring"((customer.c_phone)::text, 1, 2))
         ->  HashAggregate  (cost=8548.20..8559.21 rows=734 width=22)
               ->  Nested Loop Anti Join  (cost=0.43..8542.70 rows=734 width=22)
                     ->  Seq Scan on customer  (cost=0.00..7534.50 rows=1750 width=26)
                           Filter: ((c_acctbal > $0) AND ("substring"((c_phone)::text, 1, 2) = ANY ('{21,29,26,34,14,15,17}'::text[])))
                     ->  Index Only Scan using idx_orders_custkey on orders  (cost=0.43..1.96 rows=17 width=4)
                           Index Cond: (o_custkey = customer.c_custkey)
(13 rows)

query 22 run 3
SET
SET
                                                               QUERY PLAN                                                               
----------------------------------------------------------------------------------------------------------------------------------------
 Limit  (cost=16109.32..16109.33 rows=1 width=22)
   InitPlan 1 (returns $0)
     ->  Aggregate  (cost=7546.43..7546.44 rows=1 width=6)
           ->  Seq Scan on customer customer_1  (cost=0.00..7534.50 rows=4771 width=6)
                 Filter: ((c_acctbal > 0.00) AND ("substring"((c_phone)::text, 1, 2) = ANY ('{21,29,26,34,14,15,17}'::text[])))
   ->  Sort  (cost=8562.88..8564.72 rows=734 width=22)
         Sort Key: ("substring"((customer.c_phone)::text, 1, 2))
         ->  HashAggregate  (cost=8548.20..8559.21 rows=734 width=22)
               ->  Nested Loop Anti Join  (cost=0.43..8542.70 rows=734 width=22)
                     ->  Seq Scan on customer  (cost=0.00..7534.50 rows=1750 width=26)
                           Filter: ((c_acctbal > $0) AND ("substring"((c_phone)::text, 1, 2) = ANY ('{21,29,26,34,14,15,17}'::text[])))
                     ->  Index Only Scan using idx_orders_custkey on orders  (cost=0.43..1.96 rows=17 width=4)
                           Index Cond: (o_custkey = customer.c_custkey)
(13 rows)

