query 1 run 1
SET
SET
SET
                                           QUERY PLAN                                           
------------------------------------------------------------------------------------------------
 Limit  (cost=4242736.40..4242736.40 rows=1 width=236)
   ->  Sort  (cost=4242736.40..4242736.41 rows=6 width=236)
         Sort Key: l_returnflag, l_linestatus
         ->  HashAggregate  (cost=4242736.20..4242736.37 rows=6 width=236)
               Group Key: l_returnflag, l_linestatus
               ->  Seq Scan on lineitem  (cost=0.00..1874963.60 rows=59194315 width=25)
                     Filter: (l_shipdate <= '1998-09-10 00:00:00'::timestamp without time zone)
(7 rows)

query 1 run 2
SET
SET
SET
                                           QUERY PLAN                                           
------------------------------------------------------------------------------------------------
 Limit  (cost=4242736.40..4242736.40 rows=1 width=236)
   ->  Sort  (cost=4242736.40..4242736.41 rows=6 width=236)
         Sort Key: l_returnflag, l_linestatus
         ->  HashAggregate  (cost=4242736.20..4242736.37 rows=6 width=236)
               Group Key: l_returnflag, l_linestatus
               ->  Seq Scan on lineitem  (cost=0.00..1874963.60 rows=59194315 width=25)
                     Filter: (l_shipdate <= '1998-09-10 00:00:00'::timestamp without time zone)
(7 rows)

query 1 run 3
SET
SET
SET
                                           QUERY PLAN                                           
------------------------------------------------------------------------------------------------
 Limit  (cost=4242736.40..4242736.40 rows=1 width=236)
   ->  Sort  (cost=4242736.40..4242736.41 rows=6 width=236)
         Sort Key: l_returnflag, l_linestatus
         ->  HashAggregate  (cost=4242736.20..4242736.37 rows=6 width=236)
               Group Key: l_returnflag, l_linestatus
               ->  Seq Scan on lineitem  (cost=0.00..1874963.60 rows=59194315 width=25)
                     Filter: (l_shipdate <= '1998-09-10 00:00:00'::timestamp without time zone)
(7 rows)

query 2 run 1
SET
SET
SET
                                                                  QUERY PLAN                                                                  
----------------------------------------------------------------------------------------------------------------------------------------------
 Limit  (cost=873033.34..873033.35 rows=1 width=192)
   ->  Sort  (cost=873033.34..873033.35 rows=1 width=192)
         Sort Key: supplier.s_acctbal DESC, nation.n_name, supplier.s_name, part.p_partkey
         ->  Merge Join  (cost=366403.79..873033.33 rows=1 width=192)
               Merge Cond: (part.p_partkey = partsupp.ps_partkey)
               Join Filter: (partsupp.ps_supplycost = (SubPlan 1))
               ->  Index Scan using part_pkey on part  (cost=0.43..89209.91 rows=7280 width=30)
                     Filter: (((p_type)::text ~~ '%NICKEL'::text) AND (p_size = 16))
               ->  Materialize  (cost=366402.76..374402.70 rows=1599988 width=172)
                     ->  Sort  (cost=366402.76..370402.73 rows=1599988 width=172)
                           Sort Key: partsupp.ps_partkey
                           ->  Nested Loop  (cost=0.85..113635.21 rows=1599988 width=172)
                                 ->  Nested Loop  (cost=0.42..1279.17 rows=20000 width=166)
                                       ->  Nested Loop  (cost=0.00..2.62 rows=5 width=30)
                                             Join Filter: (nation.n_regionkey = region.r_regionkey)
                                             ->  Seq Scan on region  (cost=0.00..1.06 rows=1 width=4)
                                                   Filter: (r_name = 'AMERICA'::bpchar)
                                             ->  Seq Scan on nation  (cost=0.00..1.25 rows=25 width=34)
                                       ->  Index Scan using idx_supplier_nation_key on supplier  (cost=0.42..215.31 rows=4000 width=144)
                                             Index Cond: (s_nationkey = nation.n_nationkey)
                                 ->  Index Scan using idx_partsupp_suppkey on partsupp  (cost=0.43..4.81 rows=81 width=14)
                                       Index Cond: (ps_suppkey = supplier.s_suppkey)
               SubPlan 1
                 ->  Aggregate  (cost=69.59..69.60 rows=1 width=32)
                       ->  Nested Loop  (cost=2.29..69.58 rows=4 width=6)
                             Join Filter: (nation_1.n_regionkey = region_1.r_regionkey)
                             ->  Seq Scan on region region_1  (cost=0.00..1.06 rows=1 width=4)
                                   Filter: (r_name = 'AMERICA'::bpchar)
                             ->  Hash Join  (cost=2.29..68.28 rows=19 width=10)
                                   Hash Cond: (supplier_1.s_nationkey = nation_1.n_nationkey)
                                   ->  Nested Loop  (cost=0.72..66.66 rows=19 width=10)
                                         ->  Index Scan using idx_partsupp_partkey on partsupp partsupp_1  (cost=0.43..3.77 rows=19 width=10)
                                               Index Cond: (ps_partkey = part.p_partkey)
                                         ->  Index Scan using supplier_pkey on supplier supplier_1  (cost=0.29..3.31 rows=1 width=8)
                                               Index Cond: (s_suppkey = partsupp_1.ps_suppkey)
                                   ->  Hash  (cost=1.25..1.25 rows=25 width=8)
                                         ->  Seq Scan on nation nation_1  (cost=0.00..1.25 rows=25 width=8)
(37 rows)

query 2 run 2
SET
SET
SET
                                                                  QUERY PLAN                                                                  
----------------------------------------------------------------------------------------------------------------------------------------------
 Limit  (cost=873033.34..873033.35 rows=1 width=192)
   ->  Sort  (cost=873033.34..873033.35 rows=1 width=192)
         Sort Key: supplier.s_acctbal DESC, nation.n_name, supplier.s_name, part.p_partkey
         ->  Merge Join  (cost=366403.79..873033.33 rows=1 width=192)
               Merge Cond: (part.p_partkey = partsupp.ps_partkey)
               Join Filter: (partsupp.ps_supplycost = (SubPlan 1))
               ->  Index Scan using part_pkey on part  (cost=0.43..89209.91 rows=7280 width=30)
                     Filter: (((p_type)::text ~~ '%NICKEL'::text) AND (p_size = 16))
               ->  Materialize  (cost=366402.76..374402.70 rows=1599988 width=172)
                     ->  Sort  (cost=366402.76..370402.73 rows=1599988 width=172)
                           Sort Key: partsupp.ps_partkey
                           ->  Nested Loop  (cost=0.85..113635.21 rows=1599988 width=172)
                                 ->  Nested Loop  (cost=0.42..1279.17 rows=20000 width=166)
                                       ->  Nested Loop  (cost=0.00..2.62 rows=5 width=30)
                                             Join Filter: (nation.n_regionkey = region.r_regionkey)
                                             ->  Seq Scan on region  (cost=0.00..1.06 rows=1 width=4)
                                                   Filter: (r_name = 'AMERICA'::bpchar)
                                             ->  Seq Scan on nation  (cost=0.00..1.25 rows=25 width=34)
                                       ->  Index Scan using idx_supplier_nation_key on supplier  (cost=0.42..215.31 rows=4000 width=144)
                                             Index Cond: (s_nationkey = nation.n_nationkey)
                                 ->  Index Scan using idx_partsupp_suppkey on partsupp  (cost=0.43..4.81 rows=81 width=14)
                                       Index Cond: (ps_suppkey = supplier.s_suppkey)
               SubPlan 1
                 ->  Aggregate  (cost=69.59..69.60 rows=1 width=32)
                       ->  Nested Loop  (cost=2.29..69.58 rows=4 width=6)
                             Join Filter: (nation_1.n_regionkey = region_1.r_regionkey)
                             ->  Seq Scan on region region_1  (cost=0.00..1.06 rows=1 width=4)
                                   Filter: (r_name = 'AMERICA'::bpchar)
                             ->  Hash Join  (cost=2.29..68.28 rows=19 width=10)
                                   Hash Cond: (supplier_1.s_nationkey = nation_1.n_nationkey)
                                   ->  Nested Loop  (cost=0.72..66.66 rows=19 width=10)
                                         ->  Index Scan using idx_partsupp_partkey on partsupp partsupp_1  (cost=0.43..3.77 rows=19 width=10)
                                               Index Cond: (ps_partkey = part.p_partkey)
                                         ->  Index Scan using supplier_pkey on supplier supplier_1  (cost=0.29..3.31 rows=1 width=8)
                                               Index Cond: (s_suppkey = partsupp_1.ps_suppkey)
                                   ->  Hash  (cost=1.25..1.25 rows=25 width=8)
                                         ->  Seq Scan on nation nation_1  (cost=0.00..1.25 rows=25 width=8)
(37 rows)

query 2 run 3
SET
SET
SET
                                                                  QUERY PLAN                                                                  
----------------------------------------------------------------------------------------------------------------------------------------------
 Limit  (cost=873033.34..873033.35 rows=1 width=192)
   ->  Sort  (cost=873033.34..873033.35 rows=1 width=192)
         Sort Key: supplier.s_acctbal DESC, nation.n_name, supplier.s_name, part.p_partkey
         ->  Merge Join  (cost=366403.79..873033.33 rows=1 width=192)
               Merge Cond: (part.p_partkey = partsupp.ps_partkey)
               Join Filter: (partsupp.ps_supplycost = (SubPlan 1))
               ->  Index Scan using part_pkey on part  (cost=0.43..89209.91 rows=7280 width=30)
                     Filter: (((p_type)::text ~~ '%NICKEL'::text) AND (p_size = 16))
               ->  Materialize  (cost=366402.76..374402.70 rows=1599988 width=172)
                     ->  Sort  (cost=366402.76..370402.73 rows=1599988 width=172)
                           Sort Key: partsupp.ps_partkey
                           ->  Nested Loop  (cost=0.85..113635.21 rows=1599988 width=172)
                                 ->  Nested Loop  (cost=0.42..1279.17 rows=20000 width=166)
                                       ->  Nested Loop  (cost=0.00..2.62 rows=5 width=30)
                                             Join Filter: (nation.n_regionkey = region.r_regionkey)
                                             ->  Seq Scan on region  (cost=0.00..1.06 rows=1 width=4)
                                                   Filter: (r_name = 'AMERICA'::bpchar)
                                             ->  Seq Scan on nation  (cost=0.00..1.25 rows=25 width=34)
                                       ->  Index Scan using idx_supplier_nation_key on supplier  (cost=0.42..215.31 rows=4000 width=144)
                                             Index Cond: (s_nationkey = nation.n_nationkey)
                                 ->  Index Scan using idx_partsupp_suppkey on partsupp  (cost=0.43..4.81 rows=81 width=14)
                                       Index Cond: (ps_suppkey = supplier.s_suppkey)
               SubPlan 1
                 ->  Aggregate  (cost=69.59..69.60 rows=1 width=32)
                       ->  Nested Loop  (cost=2.29..69.58 rows=4 width=6)
                             Join Filter: (nation_1.n_regionkey = region_1.r_regionkey)
                             ->  Seq Scan on region region_1  (cost=0.00..1.06 rows=1 width=4)
                                   Filter: (r_name = 'AMERICA'::bpchar)
                             ->  Hash Join  (cost=2.29..68.28 rows=19 width=10)
                                   Hash Cond: (supplier_1.s_nationkey = nation_1.n_nationkey)
                                   ->  Nested Loop  (cost=0.72..66.66 rows=19 width=10)
                                         ->  Index Scan using idx_partsupp_partkey on partsupp partsupp_1  (cost=0.43..3.77 rows=19 width=10)
                                               Index Cond: (ps_partkey = part.p_partkey)
                                         ->  Index Scan using supplier_pkey on supplier supplier_1  (cost=0.29..3.31 rows=1 width=8)
                                               Index Cond: (s_suppkey = partsupp_1.ps_suppkey)
                                   ->  Hash  (cost=1.25..1.25 rows=25 width=8)
                                         ->  Seq Scan on nation nation_1  (cost=0.00..1.25 rows=25 width=8)
(37 rows)

query 3 run 1
SET
SET
SET
                                                              QUERY PLAN                                                               
---------------------------------------------------------------------------------------------------------------------------------------
 Limit  (cost=3428123.74..3428123.77 rows=10 width=44)
   ->  Sort  (cost=3428123.74..3435932.78 rows=3123616 width=44)
         Sort Key: (sum((lineitem.l_extendedprice * ('1'::numeric - lineitem.l_discount)))) DESC, orders.o_orderdate
         ->  GroupAggregate  (cost=3266915.04..3360623.52 rows=3123616 width=44)
               Group Key: lineitem.l_orderkey, orders.o_orderdate, orders.o_shippriority
               ->  Sort  (cost=3266915.04..3274724.08 rows=3123616 width=24)
                     Sort Key: lineitem.l_orderkey, orders.o_orderdate, orders.o_shippriority
                     ->  Hash Join  (cost=540729.23..2888776.57 rows=3123616 width=24)
                           Hash Cond: (lineitem.l_orderkey = orders.o_orderkey)
                           ->  Seq Scan on lineitem  (cost=0.00..1874963.60 rows=32165221 width=16)
                                 Filter: (l_shipdate > '1995-03-07'::date)
                           ->  Hash  (cost=515405.68..515405.68 rows=1456764 width=12)
                                 ->  Hash Join  (cost=144499.69..515405.68 rows=1456764 width=12)
                                       Hash Cond: (orders.o_custkey = customer.c_custkey)
                                       ->  Bitmap Heap Scan on orders  (cost=86033.05..437910.91 rows=7248789 width=16)
                                             Recheck Cond: (o_orderdate < '1995-03-07'::date)
                                             ->  Bitmap Index Scan on idx_orders_orderdate  (cost=0.00..84220.85 rows=7248789 width=0)
                                                   Index Cond: (o_orderdate < '1995-03-07'::date)
                                       ->  Hash  (cost=54698.26..54698.26 rows=301470 width=4)
                                             ->  Seq Scan on customer  (cost=0.00..54698.26 rows=301470 width=4)
                                                   Filter: (c_mktsegment = 'BUILDING'::bpchar)
(21 rows)

query 3 run 2
SET
SET
SET
                                                              QUERY PLAN                                                               
---------------------------------------------------------------------------------------------------------------------------------------
 Limit  (cost=3428123.74..3428123.77 rows=10 width=44)
   ->  Sort  (cost=3428123.74..3435932.78 rows=3123616 width=44)
         Sort Key: (sum((lineitem.l_extendedprice * ('1'::numeric - lineitem.l_discount)))) DESC, orders.o_orderdate
         ->  GroupAggregate  (cost=3266915.04..3360623.52 rows=3123616 width=44)
               Group Key: lineitem.l_orderkey, orders.o_orderdate, orders.o_shippriority
               ->  Sort  (cost=3266915.04..3274724.08 rows=3123616 width=24)
                     Sort Key: lineitem.l_orderkey, orders.o_orderdate, orders.o_shippriority
                     ->  Hash Join  (cost=540729.23..2888776.57 rows=3123616 width=24)
                           Hash Cond: (lineitem.l_orderkey = orders.o_orderkey)
                           ->  Seq Scan on lineitem  (cost=0.00..1874963.60 rows=32165221 width=16)
                                 Filter: (l_shipdate > '1995-03-07'::date)
                           ->  Hash  (cost=515405.68..515405.68 rows=1456764 width=12)
                                 ->  Hash Join  (cost=144499.69..515405.68 rows=1456764 width=12)
                                       Hash Cond: (orders.o_custkey = customer.c_custkey)
                                       ->  Bitmap Heap Scan on orders  (cost=86033.05..437910.91 rows=7248789 width=16)
                                             Recheck Cond: (o_orderdate < '1995-03-07'::date)
                                             ->  Bitmap Index Scan on idx_orders_orderdate  (cost=0.00..84220.85 rows=7248789 width=0)
                                                   Index Cond: (o_orderdate < '1995-03-07'::date)
                                       ->  Hash  (cost=54698.26..54698.26 rows=301470 width=4)
                                             ->  Seq Scan on customer  (cost=0.00..54698.26 rows=301470 width=4)
                                                   Filter: (c_mktsegment = 'BUILDING'::bpchar)
(21 rows)

query 3 run 3
SET
SET
SET
                                                              QUERY PLAN                                                               
---------------------------------------------------------------------------------------------------------------------------------------
 Limit  (cost=3428123.74..3428123.77 rows=10 width=44)
   ->  Sort  (cost=3428123.74..3435932.78 rows=3123616 width=44)
         Sort Key: (sum((lineitem.l_extendedprice * ('1'::numeric - lineitem.l_discount)))) DESC, orders.o_orderdate
         ->  GroupAggregate  (cost=3266915.04..3360623.52 rows=3123616 width=44)
               Group Key: lineitem.l_orderkey, orders.o_orderdate, orders.o_shippriority
               ->  Sort  (cost=3266915.04..3274724.08 rows=3123616 width=24)
                     Sort Key: lineitem.l_orderkey, orders.o_orderdate, orders.o_shippriority
                     ->  Hash Join  (cost=540729.23..2888776.57 rows=3123616 width=24)
                           Hash Cond: (lineitem.l_orderkey = orders.o_orderkey)
                           ->  Seq Scan on lineitem  (cost=0.00..1874963.60 rows=32165221 width=16)
                                 Filter: (l_shipdate > '1995-03-07'::date)
                           ->  Hash  (cost=515405.68..515405.68 rows=1456764 width=12)
                                 ->  Hash Join  (cost=144499.69..515405.68 rows=1456764 width=12)
                                       Hash Cond: (orders.o_custkey = customer.c_custkey)
                                       ->  Bitmap Heap Scan on orders  (cost=86033.05..437910.91 rows=7248789 width=16)
                                             Recheck Cond: (o_orderdate < '1995-03-07'::date)
                                             ->  Bitmap Index Scan on idx_orders_orderdate  (cost=0.00..84220.85 rows=7248789 width=0)
                                                   Index Cond: (o_orderdate < '1995-03-07'::date)
                                       ->  Hash  (cost=54698.26..54698.26 rows=301470 width=4)
                                             ->  Seq Scan on customer  (cost=0.00..54698.26 rows=301470 width=4)
                                                   Filter: (c_mktsegment = 'BUILDING'::bpchar)
(21 rows)

query 4 run 1
SET
SET
SET
                                                        QUERY PLAN                                                        
--------------------------------------------------------------------------------------------------------------------------
 Limit  (cost=1745726.98..1745726.98 rows=1 width=24)
   ->  Sort  (cost=1745726.98..1745726.99 rows=5 width=24)
         Sort Key: orders.o_orderpriority
         ->  HashAggregate  (cost=1745726.91..1745726.96 rows=5 width=24)
               Group Key: orders.o_orderpriority
               ->  Nested Loop Semi Join  (cost=8279.04..1742847.27 rows=575928 width=16)
                     ->  Bitmap Heap Scan on orders  (cost=8278.47..278187.99 rows=576101 width=20)
                           Recheck Cond: ((o_orderdate >= '1993-12-01'::date) AND (o_orderdate < '1994-03-01'::date))
                           ->  Bitmap Index Scan on idx_orders_orderdate  (cost=0.00..8134.45 rows=576101 width=0)
                                 Index Cond: ((o_orderdate >= '1993-12-01'::date) AND (o_orderdate < '1994-03-01'::date))
                     ->  Index Scan using idx_lineitem_orderkey on lineitem  (cost=0.56..2.86 rows=1 width=4)
                           Index Cond: (l_orderkey = orders.o_orderkey)
                           Filter: (l_commitdate < l_receiptdate)
(13 rows)

query 4 run 2
SET
SET
SET
                                                        QUERY PLAN                                                        
--------------------------------------------------------------------------------------------------------------------------
 Limit  (cost=1745726.98..1745726.98 rows=1 width=24)
   ->  Sort  (cost=1745726.98..1745726.99 rows=5 width=24)
         Sort Key: orders.o_orderpriority
         ->  HashAggregate  (cost=1745726.91..1745726.96 rows=5 width=24)
               Group Key: orders.o_orderpriority
               ->  Nested Loop Semi Join  (cost=8279.04..1742847.27 rows=575928 width=16)
                     ->  Bitmap Heap Scan on orders  (cost=8278.47..278187.99 rows=576101 width=20)
                           Recheck Cond: ((o_orderdate >= '1993-12-01'::date) AND (o_orderdate < '1994-03-01'::date))
                           ->  Bitmap Index Scan on idx_orders_orderdate  (cost=0.00..8134.45 rows=576101 width=0)
                                 Index Cond: ((o_orderdate >= '1993-12-01'::date) AND (o_orderdate < '1994-03-01'::date))
                     ->  Index Scan using idx_lineitem_orderkey on lineitem  (cost=0.56..2.86 rows=1 width=4)
                           Index Cond: (l_orderkey = orders.o_orderkey)
                           Filter: (l_commitdate < l_receiptdate)
(13 rows)

query 4 run 3
SET
SET
SET
                                                        QUERY PLAN                                                        
--------------------------------------------------------------------------------------------------------------------------
 Limit  (cost=1745726.98..1745726.98 rows=1 width=24)
   ->  Sort  (cost=1745726.98..1745726.99 rows=5 width=24)
         Sort Key: orders.o_orderpriority
         ->  HashAggregate  (cost=1745726.91..1745726.96 rows=5 width=24)
               Group Key: orders.o_orderpriority
               ->  Nested Loop Semi Join  (cost=8279.04..1742847.27 rows=575928 width=16)
                     ->  Bitmap Heap Scan on orders  (cost=8278.47..278187.99 rows=576101 width=20)
                           Recheck Cond: ((o_orderdate >= '1993-12-01'::date) AND (o_orderdate < '1994-03-01'::date))
                           ->  Bitmap Index Scan on idx_orders_orderdate  (cost=0.00..8134.45 rows=576101 width=0)
                                 Index Cond: ((o_orderdate >= '1993-12-01'::date) AND (o_orderdate < '1994-03-01'::date))
                     ->  Index Scan using idx_lineitem_orderkey on lineitem  (cost=0.56..2.86 rows=1 width=4)
                           Index Cond: (l_orderkey = orders.o_orderkey)
                           Filter: (l_commitdate < l_receiptdate)
(13 rows)

query 5 run 1
SET
SET
SET
                                                                 QUERY PLAN                                                                 
--------------------------------------------------------------------------------------------------------------------------------------------
 Limit  (cost=1671169.93..1671169.94 rows=1 width=58)
   ->  Sort  (cost=1671169.93..1671170.00 rows=25 width=58)
         Sort Key: (sum((lineitem.l_extendedprice * ('1'::numeric - lineitem.l_discount)))) DESC
         ->  GroupAggregate  (cost=1670260.62..1671169.81 rows=25 width=58)
               Group Key: nation.n_name
               ->  Sort  (cost=1670260.62..1670442.40 rows=72710 width=38)
                     Sort Key: nation.n_name
                     ->  Hash Join  (cost=100702.19..1664389.34 rows=72710 width=38)
                           Hash Cond: ((lineitem.l_suppkey = supplier.s_suppkey) AND (customer.c_nationkey = supplier.s_nationkey))
                           ->  Nested Loop  (cost=95981.19..1650126.40 rows=1817509 width=50)
                                 ->  Hash Join  (cost=95980.62..404404.45 rows=454514 width=38)
                                       Hash Cond: (orders.o_custkey = customer.c_custkey)
                                       ->  Bitmap Heap Scan on orders  (cost=32654.28..328010.83 rows=2272570 width=8)
                                             Recheck Cond: ((o_orderdate >= '1993-01-01'::date) AND (o_orderdate < '1994-01-01'::date))
                                             ->  Bitmap Index Scan on idx_orders_orderdate  (cost=0.00..32086.14 rows=2272570 width=0)
                                                   Index Cond: ((o_orderdate >= '1993-01-01'::date) AND (o_orderdate < '1994-01-01'::date))
                                       ->  Hash  (cost=59576.10..59576.10 rows=300020 width=38)
                                             ->  Hash Join  (cost=2.51..59576.10 rows=300020 width=38)
                                                   Hash Cond: (customer.c_nationkey = nation.n_nationkey)
                                                   ->  Seq Scan on customer  (cost=0.00..50948.01 rows=1500101 width=8)
                                                   ->  Hash  (cost=2.45..2.45 rows=5 width=30)
                                                         ->  Hash Join  (cost=1.07..2.45 rows=5 width=30)
                                                               Hash Cond: (nation.n_regionkey = region.r_regionkey)
                                                               ->  Seq Scan on nation  (cost=0.00..1.25 rows=25 width=34)
                                                               ->  Hash  (cost=1.06..1.06 rows=1 width=4)
                                                                     ->  Seq Scan on region  (cost=0.00..1.06 rows=1 width=4)
                                                                           Filter: (r_name = 'AMERICA'::bpchar)
                                 ->  Index Scan using idx_lineitem_orderkey on lineitem  (cost=0.56..2.70 rows=4 width=20)
                                       Index Cond: (l_orderkey = orders.o_orderkey)
                           ->  Hash  (cost=3221.00..3221.00 rows=100000 width=8)
                                 ->  Seq Scan on supplier  (cost=0.00..3221.00 rows=100000 width=8)
(31 rows)

query 5 run 2
SET
SET
SET
                                                                 QUERY PLAN                                                                 
--------------------------------------------------------------------------------------------------------------------------------------------
 Limit  (cost=1671169.93..1671169.94 rows=1 width=58)
   ->  Sort  (cost=1671169.93..1671170.00 rows=25 width=58)
         Sort Key: (sum((lineitem.l_extendedprice * ('1'::numeric - lineitem.l_discount)))) DESC
         ->  GroupAggregate  (cost=1670260.62..1671169.81 rows=25 width=58)
               Group Key: nation.n_name
               ->  Sort  (cost=1670260.62..1670442.40 rows=72710 width=38)
                     Sort Key: nation.n_name
                     ->  Hash Join  (cost=100702.19..1664389.34 rows=72710 width=38)
                           Hash Cond: ((lineitem.l_suppkey = supplier.s_suppkey) AND (customer.c_nationkey = supplier.s_nationkey))
                           ->  Nested Loop  (cost=95981.19..1650126.40 rows=1817509 width=50)
                                 ->  Hash Join  (cost=95980.62..404404.45 rows=454514 width=38)
                                       Hash Cond: (orders.o_custkey = customer.c_custkey)
                                       ->  Bitmap Heap Scan on orders  (cost=32654.28..328010.83 rows=2272570 width=8)
                                             Recheck Cond: ((o_orderdate >= '1993-01-01'::date) AND (o_orderdate < '1994-01-01'::date))
                                             ->  Bitmap Index Scan on idx_orders_orderdate  (cost=0.00..32086.14 rows=2272570 width=0)
                                                   Index Cond: ((o_orderdate >= '1993-01-01'::date) AND (o_orderdate < '1994-01-01'::date))
                                       ->  Hash  (cost=59576.10..59576.10 rows=300020 width=38)
                                             ->  Hash Join  (cost=2.51..59576.10 rows=300020 width=38)
                                                   Hash Cond: (customer.c_nationkey = nation.n_nationkey)
                                                   ->  Seq Scan on customer  (cost=0.00..50948.01 rows=1500101 width=8)
                                                   ->  Hash  (cost=2.45..2.45 rows=5 width=30)
                                                         ->  Hash Join  (cost=1.07..2.45 rows=5 width=30)
                                                               Hash Cond: (nation.n_regionkey = region.r_regionkey)
                                                               ->  Seq Scan on nation  (cost=0.00..1.25 rows=25 width=34)
                                                               ->  Hash  (cost=1.06..1.06 rows=1 width=4)
                                                                     ->  Seq Scan on region  (cost=0.00..1.06 rows=1 width=4)
                                                                           Filter: (r_name = 'AMERICA'::bpchar)
                                 ->  Index Scan using idx_lineitem_orderkey on lineitem  (cost=0.56..2.70 rows=4 width=20)
                                       Index Cond: (l_orderkey = orders.o_orderkey)
                           ->  Hash  (cost=3221.00..3221.00 rows=100000 width=8)
                                 ->  Seq Scan on supplier  (cost=0.00..3221.00 rows=100000 width=8)
(31 rows)

query 5 run 3
SET
SET
SET
                                                                 QUERY PLAN                                                                 
--------------------------------------------------------------------------------------------------------------------------------------------
 Limit  (cost=1671169.93..1671169.94 rows=1 width=58)
   ->  Sort  (cost=1671169.93..1671170.00 rows=25 width=58)
         Sort Key: (sum((lineitem.l_extendedprice * ('1'::numeric - lineitem.l_discount)))) DESC
         ->  GroupAggregate  (cost=1670260.62..1671169.81 rows=25 width=58)
               Group Key: nation.n_name
               ->  Sort  (cost=1670260.62..1670442.40 rows=72710 width=38)
                     Sort Key: nation.n_name
                     ->  Hash Join  (cost=100702.19..1664389.34 rows=72710 width=38)
                           Hash Cond: ((lineitem.l_suppkey = supplier.s_suppkey) AND (customer.c_nationkey = supplier.s_nationkey))
                           ->  Nested Loop  (cost=95981.19..1650126.40 rows=1817509 width=50)
                                 ->  Hash Join  (cost=95980.62..404404.45 rows=454514 width=38)
                                       Hash Cond: (orders.o_custkey = customer.c_custkey)
                                       ->  Bitmap Heap Scan on orders  (cost=32654.28..328010.83 rows=2272570 width=8)
                                             Recheck Cond: ((o_orderdate >= '1993-01-01'::date) AND (o_orderdate < '1994-01-01'::date))
                                             ->  Bitmap Index Scan on idx_orders_orderdate  (cost=0.00..32086.14 rows=2272570 width=0)
                                                   Index Cond: ((o_orderdate >= '1993-01-01'::date) AND (o_orderdate < '1994-01-01'::date))
                                       ->  Hash  (cost=59576.10..59576.10 rows=300020 width=38)
                                             ->  Hash Join  (cost=2.51..59576.10 rows=300020 width=38)
                                                   Hash Cond: (customer.c_nationkey = nation.n_nationkey)
                                                   ->  Seq Scan on customer  (cost=0.00..50948.01 rows=1500101 width=8)
                                                   ->  Hash  (cost=2.45..2.45 rows=5 width=30)
                                                         ->  Hash Join  (cost=1.07..2.45 rows=5 width=30)
                                                               Hash Cond: (nation.n_regionkey = region.r_regionkey)
                                                               ->  Seq Scan on nation  (cost=0.00..1.25 rows=25 width=34)
                                                               ->  Hash  (cost=1.06..1.06 rows=1 width=4)
                                                                     ->  Seq Scan on region  (cost=0.00..1.06 rows=1 width=4)
                                                                           Filter: (r_name = 'AMERICA'::bpchar)
                                 ->  Index Scan using idx_lineitem_orderkey on lineitem  (cost=0.56..2.70 rows=4 width=20)
                                       Index Cond: (l_orderkey = orders.o_orderkey)
                           ->  Hash  (cost=3221.00..3221.00 rows=100000 width=8)
                                 ->  Seq Scan on supplier  (cost=0.00..3221.00 rows=100000 width=8)
(31 rows)

query 6 run 1
SET
SET
SET
                                                                                                       QUERY PLAN                                                                                                        
-------------------------------------------------------------------------------------------------------------------------------------------------------------------------------------------------------------------------
 Limit  (cost=1515589.89..1515589.90 rows=1 width=32)
   ->  Aggregate  (cost=1515589.89..1515589.90 rows=1 width=32)
         ->  Index Scan using idx_lineitem_shipdate on lineitem  (cost=0.56..1509486.95 rows=1220587 width=12)
               Index Cond: ((l_shipdate >= '1993-01-01'::date) AND (l_shipdate < '1994-01-01 00:00:00'::timestamp without time zone) AND (l_discount >= 0.06) AND (l_discount <= 0.08) AND (l_quantity < '25'::numeric))
(4 rows)

query 6 run 2
SET
SET
SET
                                                                                                       QUERY PLAN                                                                                                        
-------------------------------------------------------------------------------------------------------------------------------------------------------------------------------------------------------------------------
 Limit  (cost=1515589.89..1515589.90 rows=1 width=32)
   ->  Aggregate  (cost=1515589.89..1515589.90 rows=1 width=32)
         ->  Index Scan using idx_lineitem_shipdate on lineitem  (cost=0.56..1509486.95 rows=1220587 width=12)
               Index Cond: ((l_shipdate >= '1993-01-01'::date) AND (l_shipdate < '1994-01-01 00:00:00'::timestamp without time zone) AND (l_discount >= 0.06) AND (l_discount <= 0.08) AND (l_quantity < '25'::numeric))
(4 rows)

query 6 run 3
SET
SET
SET
                                                                                                       QUERY PLAN                                                                                                        
-------------------------------------------------------------------------------------------------------------------------------------------------------------------------------------------------------------------------
 Limit  (cost=1515589.89..1515589.90 rows=1 width=32)
   ->  Aggregate  (cost=1515589.89..1515589.90 rows=1 width=32)
         ->  Index Scan using idx_lineitem_shipdate on lineitem  (cost=0.56..1509486.95 rows=1220587 width=12)
               Index Cond: ((l_shipdate >= '1993-01-01'::date) AND (l_shipdate < '1994-01-01 00:00:00'::timestamp without time zone) AND (l_discount >= 0.06) AND (l_discount <= 0.08) AND (l_quantity < '25'::numeric))
(4 rows)

query 7 run 1
SET
SET
SET
                                                                                 QUERY PLAN                                                                                  
-----------------------------------------------------------------------------------------------------------------------------------------------------------------------------
 Limit  (cost=2715117.19..2715117.31 rows=1 width=92)
   ->  GroupAggregate  (cost=2715117.19..2716329.42 rows=10044 width=92)
         Group Key: n1.n_name, n2.n_name, (date_part('year'::text, (lineitem.l_shipdate)::timestamp without time zone))
         ->  Sort  (cost=2715117.19..2715265.26 rows=59226 width=72)
               Sort Key: n1.n_name, n2.n_name, (date_part('year'::text, (lineitem.l_shipdate)::timestamp without time zone))
               ->  Hash Join  (cost=563420.66..2710422.36 rows=59226 width=72)
                     Hash Cond: (lineitem.l_orderkey = orders.o_orderkey)
                     Join Filter: (((n1.n_name = 'PERU'::bpchar) AND (n2.n_name = 'MOROCCO'::bpchar)) OR ((n1.n_name = 'MOROCCO'::bpchar) AND (n2.n_name = 'PERU'::bpchar)))
                     ->  Hash Join  (cost=3629.40..2109499.10 rows=1423156 width=46)
                           Hash Cond: (lineitem.l_suppkey = supplier.s_suppkey)
                           ->  Seq Scan on lineitem  (cost=0.00..2024927.72 rows=17789445 width=24)
                                 Filter: ((l_shipdate >= '1995-01-01'::date) AND (l_shipdate <= '1996-12-31'::date))
                           ->  Hash  (cost=3529.40..3529.40 rows=8000 width=30)
                                 ->  Hash Join  (cost=1.40..3529.40 rows=8000 width=30)
                                       Hash Cond: (supplier.s_nationkey = n1.n_nationkey)
                                       ->  Seq Scan on supplier  (cost=0.00..3221.00 rows=100000 width=8)
                                       ->  Hash  (cost=1.38..1.38 rows=2 width=30)
                                             ->  Seq Scan on nation n1  (cost=0.00..1.38 rows=2 width=30)
                                                   Filter: ((n_name = 'PERU'::bpchar) OR (n_name = 'MOROCCO'::bpchar))
                     ->  Hash  (cost=536586.33..536586.33 rows=1200074 width=30)
                           ->  Hash Join  (cost=57054.82..536586.33 rows=1200074 width=30)
                                 Hash Cond: (orders.o_custkey = customer.c_custkey)
                                 ->  Seq Scan on orders  (cost=0.00..411277.29 rows=15000929 width=8)
                                 ->  Hash  (cost=55554.72..55554.72 rows=120008 width=30)
                                       ->  Hash Join  (cost=1.40..55554.72 rows=120008 width=30)
                                             Hash Cond: (customer.c_nationkey = n2.n_nationkey)
                                             ->  Seq Scan on customer  (cost=0.00..50948.01 rows=1500101 width=8)
                                             ->  Hash  (cost=1.38..1.38 rows=2 width=30)
                                                   ->  Seq Scan on nation n2  (cost=0.00..1.38 rows=2 width=30)
                                                         Filter: ((n_name = 'MOROCCO'::bpchar) OR (n_name = 'PERU'::bpchar))
(30 rows)

query 7 run 2
SET
SET
SET
                                                                                 QUERY PLAN                                                                                  
-----------------------------------------------------------------------------------------------------------------------------------------------------------------------------
 Limit  (cost=2715117.19..2715117.31 rows=1 width=92)
   ->  GroupAggregate  (cost=2715117.19..2716329.42 rows=10044 width=92)
         Group Key: n1.n_name, n2.n_name, (date_part('year'::text, (lineitem.l_shipdate)::timestamp without time zone))
         ->  Sort  (cost=2715117.19..2715265.26 rows=59226 width=72)
               Sort Key: n1.n_name, n2.n_name, (date_part('year'::text, (lineitem.l_shipdate)::timestamp without time zone))
               ->  Hash Join  (cost=563420.66..2710422.36 rows=59226 width=72)
                     Hash Cond: (lineitem.l_orderkey = orders.o_orderkey)
                     Join Filter: (((n1.n_name = 'PERU'::bpchar) AND (n2.n_name = 'MOROCCO'::bpchar)) OR ((n1.n_name = 'MOROCCO'::bpchar) AND (n2.n_name = 'PERU'::bpchar)))
                     ->  Hash Join  (cost=3629.40..2109499.10 rows=1423156 width=46)
                           Hash Cond: (lineitem.l_suppkey = supplier.s_suppkey)
                           ->  Seq Scan on lineitem  (cost=0.00..2024927.72 rows=17789445 width=24)
                                 Filter: ((l_shipdate >= '1995-01-01'::date) AND (l_shipdate <= '1996-12-31'::date))
                           ->  Hash  (cost=3529.40..3529.40 rows=8000 width=30)
                                 ->  Hash Join  (cost=1.40..3529.40 rows=8000 width=30)
                                       Hash Cond: (supplier.s_nationkey = n1.n_nationkey)
                                       ->  Seq Scan on supplier  (cost=0.00..3221.00 rows=100000 width=8)
                                       ->  Hash  (cost=1.38..1.38 rows=2 width=30)
                                             ->  Seq Scan on nation n1  (cost=0.00..1.38 rows=2 width=30)
                                                   Filter: ((n_name = 'PERU'::bpchar) OR (n_name = 'MOROCCO'::bpchar))
                     ->  Hash  (cost=536586.33..536586.33 rows=1200074 width=30)
                           ->  Hash Join  (cost=57054.82..536586.33 rows=1200074 width=30)
                                 Hash Cond: (orders.o_custkey = customer.c_custkey)
                                 ->  Seq Scan on orders  (cost=0.00..411277.29 rows=15000929 width=8)
                                 ->  Hash  (cost=55554.72..55554.72 rows=120008 width=30)
                                       ->  Hash Join  (cost=1.40..55554.72 rows=120008 width=30)
                                             Hash Cond: (customer.c_nationkey = n2.n_nationkey)
                                             ->  Seq Scan on customer  (cost=0.00..50948.01 rows=1500101 width=8)
                                             ->  Hash  (cost=1.38..1.38 rows=2 width=30)
                                                   ->  Seq Scan on nation n2  (cost=0.00..1.38 rows=2 width=30)
                                                         Filter: ((n_name = 'MOROCCO'::bpchar) OR (n_name = 'PERU'::bpchar))
(30 rows)

query 7 run 3
SET
SET
SET
                                                                                 QUERY PLAN                                                                                  
-----------------------------------------------------------------------------------------------------------------------------------------------------------------------------
 Limit  (cost=2715117.19..2715117.31 rows=1 width=92)
   ->  GroupAggregate  (cost=2715117.19..2716329.42 rows=10044 width=92)
         Group Key: n1.n_name, n2.n_name, (date_part('year'::text, (lineitem.l_shipdate)::timestamp without time zone))
         ->  Sort  (cost=2715117.19..2715265.26 rows=59226 width=72)
               Sort Key: n1.n_name, n2.n_name, (date_part('year'::text, (lineitem.l_shipdate)::timestamp without time zone))
               ->  Hash Join  (cost=563420.66..2710422.36 rows=59226 width=72)
                     Hash Cond: (lineitem.l_orderkey = orders.o_orderkey)
                     Join Filter: (((n1.n_name = 'PERU'::bpchar) AND (n2.n_name = 'MOROCCO'::bpchar)) OR ((n1.n_name = 'MOROCCO'::bpchar) AND (n2.n_name = 'PERU'::bpchar)))
                     ->  Hash Join  (cost=3629.40..2109499.10 rows=1423156 width=46)
                           Hash Cond: (lineitem.l_suppkey = supplier.s_suppkey)
                           ->  Seq Scan on lineitem  (cost=0.00..2024927.72 rows=17789445 width=24)
                                 Filter: ((l_shipdate >= '1995-01-01'::date) AND (l_shipdate <= '1996-12-31'::date))
                           ->  Hash  (cost=3529.40..3529.40 rows=8000 width=30)
                                 ->  Hash Join  (cost=1.40..3529.40 rows=8000 width=30)
                                       Hash Cond: (supplier.s_nationkey = n1.n_nationkey)
                                       ->  Seq Scan on supplier  (cost=0.00..3221.00 rows=100000 width=8)
                                       ->  Hash  (cost=1.38..1.38 rows=2 width=30)
                                             ->  Seq Scan on nation n1  (cost=0.00..1.38 rows=2 width=30)
                                                   Filter: ((n_name = 'PERU'::bpchar) OR (n_name = 'MOROCCO'::bpchar))
                     ->  Hash  (cost=536586.33..536586.33 rows=1200074 width=30)
                           ->  Hash Join  (cost=57054.82..536586.33 rows=1200074 width=30)
                                 Hash Cond: (orders.o_custkey = customer.c_custkey)
                                 ->  Seq Scan on orders  (cost=0.00..411277.29 rows=15000929 width=8)
                                 ->  Hash  (cost=55554.72..55554.72 rows=120008 width=30)
                                       ->  Hash Join  (cost=1.40..55554.72 rows=120008 width=30)
                                             Hash Cond: (customer.c_nationkey = n2.n_nationkey)
                                             ->  Seq Scan on customer  (cost=0.00..50948.01 rows=1500101 width=8)
                                             ->  Hash  (cost=1.38..1.38 rows=2 width=30)
                                                   ->  Seq Scan on nation n2  (cost=0.00..1.38 rows=2 width=30)
                                                         Filter: ((n_name = 'MOROCCO'::bpchar) OR (n_name = 'PERU'::bpchar))
(30 rows)

query 8 run 1
SET
SET
SET
                                                                   QUERY PLAN                                                                   
------------------------------------------------------------------------------------------------------------------------------------------------
 Limit  (cost=1093910.72..1093910.96 rows=1 width=40)
   ->  GroupAggregate  (cost=1093910.72..1094489.35 rows=2406 width=40)
         Group Key: (date_part('year'::text, (orders.o_orderdate)::timestamp without time zone))
         ->  Sort  (cost=1093910.72..1093969.00 rows=23311 width=46)
               Sort Key: (date_part('year'::text, (orders.o_orderdate)::timestamp without time zone))
               ->  Nested Loop  (cost=734728.69..1092219.66 rows=23311 width=46)
                     Join Filter: (supplier.s_nationkey = n2.n_nationkey)
                     ->  Hash Join  (cost=734728.69..1083682.78 rows=23311 width=20)
                           Hash Cond: (lineitem.l_suppkey = supplier.s_suppkey)
                           ->  Hash Join  (cost=730257.69..1079150.59 rows=23311 width=20)
                                 Hash Cond: (orders.o_custkey = customer.c_custkey)
                                 ->  Hash Join  (cost=666931.34..1015154.06 rows=116553 width=24)
                                       Hash Cond: (orders.o_orderkey = lineitem.l_orderkey)
                                       ->  Bitmap Heap Scan on orders  (cost=65743.02..395642.37 rows=4575423 width=12)
                                             Recheck Cond: ((o_orderdate >= '1995-01-01'::date) AND (o_orderdate <= '1996-12-31'::date))
                                             ->  Bitmap Index Scan on idx_orders_orderdate  (cost=0.00..64599.17 rows=4575423 width=0)
                                                   Index Cond: ((o_orderdate >= '1995-01-01'::date) AND (o_orderdate <= '1996-12-31'::date))
                                       ->  Hash  (cost=596411.71..596411.71 rows=382129 width=20)
                                             ->  Nested Loop  (cost=0.56..596411.71 rows=382129 width=20)
                                                   ->  Seq Scan on part  (cost=0.00..65979.43 rows=13278 width=4)
                                                         Filter: ((p_type)::text = 'LARGE POLISHED BRASS'::text)
                                                   ->  Index Scan using idx_lineitem_part_supp on lineitem  (cost=0.56..39.66 rows=29 width=24)
                                                         Index Cond: (l_partkey = part.p_partkey)
                                 ->  Hash  (cost=59576.10..59576.10 rows=300020 width=4)
                                       ->  Hash Join  (cost=2.51..59576.10 rows=300020 width=4)
                                             Hash Cond: (customer.c_nationkey = n1.n_nationkey)
                                             ->  Seq Scan on customer  (cost=0.00..50948.01 rows=1500101 width=8)
                                             ->  Hash  (cost=2.45..2.45 rows=5 width=4)
                                                   ->  Hash Join  (cost=1.07..2.45 rows=5 width=4)
                                                         Hash Cond: (n1.n_regionkey = region.r_regionkey)
                                                         ->  Seq Scan on nation n1  (cost=0.00..1.25 rows=25 width=8)
                                                         ->  Hash  (cost=1.06..1.06 rows=1 width=4)
                                                               ->  Seq Scan on region  (cost=0.00..1.06 rows=1 width=4)
                                                                     Filter: (r_name = 'AMERICA'::bpchar)
                           ->  Hash  (cost=3221.00..3221.00 rows=100000 width=8)
                                 ->  Seq Scan on supplier  (cost=0.00..3221.00 rows=100000 width=8)
                     ->  Materialize  (cost=0.00..1.38 rows=25 width=30)
                           ->  Seq Scan on nation n2  (cost=0.00..1.25 rows=25 width=30)
(38 rows)

query 8 run 2
SET
SET
SET
                                                                   QUERY PLAN                                                                   
------------------------------------------------------------------------------------------------------------------------------------------------
 Limit  (cost=1093910.72..1093910.96 rows=1 width=40)
   ->  GroupAggregate  (cost=1093910.72..1094489.35 rows=2406 width=40)
         Group Key: (date_part('year'::text, (orders.o_orderdate)::timestamp without time zone))
         ->  Sort  (cost=1093910.72..1093969.00 rows=23311 width=46)
               Sort Key: (date_part('year'::text, (orders.o_orderdate)::timestamp without time zone))
               ->  Nested Loop  (cost=734728.69..1092219.66 rows=23311 width=46)
                     Join Filter: (supplier.s_nationkey = n2.n_nationkey)
                     ->  Hash Join  (cost=734728.69..1083682.78 rows=23311 width=20)
                           Hash Cond: (lineitem.l_suppkey = supplier.s_suppkey)
                           ->  Hash Join  (cost=730257.69..1079150.59 rows=23311 width=20)
                                 Hash Cond: (orders.o_custkey = customer.c_custkey)
                                 ->  Hash Join  (cost=666931.34..1015154.06 rows=116553 width=24)
                                       Hash Cond: (orders.o_orderkey = lineitem.l_orderkey)
                                       ->  Bitmap Heap Scan on orders  (cost=65743.02..395642.37 rows=4575423 width=12)
                                             Recheck Cond: ((o_orderdate >= '1995-01-01'::date) AND (o_orderdate <= '1996-12-31'::date))
                                             ->  Bitmap Index Scan on idx_orders_orderdate  (cost=0.00..64599.17 rows=4575423 width=0)
                                                   Index Cond: ((o_orderdate >= '1995-01-01'::date) AND (o_orderdate <= '1996-12-31'::date))
                                       ->  Hash  (cost=596411.71..596411.71 rows=382129 width=20)
                                             ->  Nested Loop  (cost=0.56..596411.71 rows=382129 width=20)
                                                   ->  Seq Scan on part  (cost=0.00..65979.43 rows=13278 width=4)
                                                         Filter: ((p_type)::text = 'LARGE POLISHED BRASS'::text)
                                                   ->  Index Scan using idx_lineitem_part_supp on lineitem  (cost=0.56..39.66 rows=29 width=24)
                                                         Index Cond: (l_partkey = part.p_partkey)
                                 ->  Hash  (cost=59576.10..59576.10 rows=300020 width=4)
                                       ->  Hash Join  (cost=2.51..59576.10 rows=300020 width=4)
                                             Hash Cond: (customer.c_nationkey = n1.n_nationkey)
                                             ->  Seq Scan on customer  (cost=0.00..50948.01 rows=1500101 width=8)
                                             ->  Hash  (cost=2.45..2.45 rows=5 width=4)
                                                   ->  Hash Join  (cost=1.07..2.45 rows=5 width=4)
                                                         Hash Cond: (n1.n_regionkey = region.r_regionkey)
                                                         ->  Seq Scan on nation n1  (cost=0.00..1.25 rows=25 width=8)
                                                         ->  Hash  (cost=1.06..1.06 rows=1 width=4)
                                                               ->  Seq Scan on region  (cost=0.00..1.06 rows=1 width=4)
                                                                     Filter: (r_name = 'AMERICA'::bpchar)
                           ->  Hash  (cost=3221.00..3221.00 rows=100000 width=8)
                                 ->  Seq Scan on supplier  (cost=0.00..3221.00 rows=100000 width=8)
                     ->  Materialize  (cost=0.00..1.38 rows=25 width=30)
                           ->  Seq Scan on nation n2  (cost=0.00..1.25 rows=25 width=30)
(38 rows)

query 8 run 3
SET
SET
SET
                                                                   QUERY PLAN                                                                   
------------------------------------------------------------------------------------------------------------------------------------------------
 Limit  (cost=1093910.72..1093910.96 rows=1 width=40)
   ->  GroupAggregate  (cost=1093910.72..1094489.35 rows=2406 width=40)
         Group Key: (date_part('year'::text, (orders.o_orderdate)::timestamp without time zone))
         ->  Sort  (cost=1093910.72..1093969.00 rows=23311 width=46)
               Sort Key: (date_part('year'::text, (orders.o_orderdate)::timestamp without time zone))
               ->  Nested Loop  (cost=734728.69..1092219.66 rows=23311 width=46)
                     Join Filter: (supplier.s_nationkey = n2.n_nationkey)
                     ->  Hash Join  (cost=734728.69..1083682.78 rows=23311 width=20)
                           Hash Cond: (lineitem.l_suppkey = supplier.s_suppkey)
                           ->  Hash Join  (cost=730257.69..1079150.59 rows=23311 width=20)
                                 Hash Cond: (orders.o_custkey = customer.c_custkey)
                                 ->  Hash Join  (cost=666931.34..1015154.06 rows=116553 width=24)
                                       Hash Cond: (orders.o_orderkey = lineitem.l_orderkey)
                                       ->  Bitmap Heap Scan on orders  (cost=65743.02..395642.37 rows=4575423 width=12)
                                             Recheck Cond: ((o_orderdate >= '1995-01-01'::date) AND (o_orderdate <= '1996-12-31'::date))
                                             ->  Bitmap Index Scan on idx_orders_orderdate  (cost=0.00..64599.17 rows=4575423 width=0)
                                                   Index Cond: ((o_orderdate >= '1995-01-01'::date) AND (o_orderdate <= '1996-12-31'::date))
                                       ->  Hash  (cost=596411.71..596411.71 rows=382129 width=20)
                                             ->  Nested Loop  (cost=0.56..596411.71 rows=382129 width=20)
                                                   ->  Seq Scan on part  (cost=0.00..65979.43 rows=13278 width=4)
                                                         Filter: ((p_type)::text = 'LARGE POLISHED BRASS'::text)
                                                   ->  Index Scan using idx_lineitem_part_supp on lineitem  (cost=0.56..39.66 rows=29 width=24)
                                                         Index Cond: (l_partkey = part.p_partkey)
                                 ->  Hash  (cost=59576.10..59576.10 rows=300020 width=4)
                                       ->  Hash Join  (cost=2.51..59576.10 rows=300020 width=4)
                                             Hash Cond: (customer.c_nationkey = n1.n_nationkey)
                                             ->  Seq Scan on customer  (cost=0.00..50948.01 rows=1500101 width=8)
                                             ->  Hash  (cost=2.45..2.45 rows=5 width=4)
                                                   ->  Hash Join  (cost=1.07..2.45 rows=5 width=4)
                                                         Hash Cond: (n1.n_regionkey = region.r_regionkey)
                                                         ->  Seq Scan on nation n1  (cost=0.00..1.25 rows=25 width=8)
                                                         ->  Hash  (cost=1.06..1.06 rows=1 width=4)
                                                               ->  Seq Scan on region  (cost=0.00..1.06 rows=1 width=4)
                                                                     Filter: (r_name = 'AMERICA'::bpchar)
                           ->  Hash  (cost=3221.00..3221.00 rows=100000 width=8)
                                 ->  Seq Scan on supplier  (cost=0.00..3221.00 rows=100000 width=8)
                     ->  Materialize  (cost=0.00..1.38 rows=25 width=30)
                           ->  Seq Scan on nation n2  (cost=0.00..1.25 rows=25 width=30)
(38 rows)

query 9 run 1
SET
SET
SET
                                                              QUERY PLAN                                                               
---------------------------------------------------------------------------------------------------------------------------------------
 Limit  (cost=641603.87..641603.91 rows=1 width=66)
   ->  GroupAggregate  (cost=641603.87..641605.56 rows=45 width=66)
         Group Key: nation.n_name, (date_part('year'::text, (orders.o_orderdate)::timestamp without time zone))
         ->  Sort  (cost=641603.87..641603.98 rows=45 width=57)
               Sort Key: nation.n_name, (date_part('year'::text, (orders.o_orderdate)::timestamp without time zone)) DESC
               ->  Nested Loop  (cost=1.73..641602.63 rows=45 width=57)
                     Join Filter: (supplier.s_nationkey = nation.n_nationkey)
                     ->  Nested Loop  (cost=1.73..641584.91 rows=45 width=31)
                           ->  Nested Loop  (cost=1.29..641472.53 rows=45 width=31)
                                 ->  Nested Loop  (cost=1.00..641367.90 rows=45 width=35)
                                       ->  Nested Loop  (cost=0.43..202008.38 rows=161613 width=18)
                                             ->  Seq Scan on part  (cost=0.00..65979.43 rows=40401 width=4)
                                                   Filter: ((p_name)::text ~~ '%navy%'::text)
                                             ->  Index Scan using idx_partsupp_partkey on partsupp  (cost=0.43..3.18 rows=19 width=14)
                                                   Index Cond: (ps_partkey = part.p_partkey)
                                       ->  Index Scan using idx_lineitem_part_supp on lineitem  (cost=0.56..2.71 rows=1 width=29)
                                             Index Cond: ((l_partkey = partsupp.ps_partkey) AND (l_suppkey = partsupp.ps_suppkey))
                                 ->  Index Scan using supplier_pkey on supplier  (cost=0.29..2.33 rows=1 width=8)
                                       Index Cond: (s_suppkey = lineitem.l_suppkey)
                           ->  Index Scan using orders_pkey on orders  (cost=0.43..2.50 rows=1 width=8)
                                 Index Cond: (o_orderkey = lineitem.l_orderkey)
                     ->  Materialize  (cost=0.00..1.38 rows=25 width=30)
                           ->  Seq Scan on nation  (cost=0.00..1.25 rows=25 width=30)
(23 rows)

query 9 run 2
SET
SET
SET
                                                              QUERY PLAN                                                               
---------------------------------------------------------------------------------------------------------------------------------------
 Limit  (cost=641603.87..641603.91 rows=1 width=66)
   ->  GroupAggregate  (cost=641603.87..641605.56 rows=45 width=66)
         Group Key: nation.n_name, (date_part('year'::text, (orders.o_orderdate)::timestamp without time zone))
         ->  Sort  (cost=641603.87..641603.98 rows=45 width=57)
               Sort Key: nation.n_name, (date_part('year'::text, (orders.o_orderdate)::timestamp without time zone)) DESC
               ->  Nested Loop  (cost=1.73..641602.63 rows=45 width=57)
                     Join Filter: (supplier.s_nationkey = nation.n_nationkey)
                     ->  Nested Loop  (cost=1.73..641584.91 rows=45 width=31)
                           ->  Nested Loop  (cost=1.29..641472.53 rows=45 width=31)
                                 ->  Nested Loop  (cost=1.00..641367.90 rows=45 width=35)
                                       ->  Nested Loop  (cost=0.43..202008.38 rows=161613 width=18)
                                             ->  Seq Scan on part  (cost=0.00..65979.43 rows=40401 width=4)
                                                   Filter: ((p_name)::text ~~ '%navy%'::text)
                                             ->  Index Scan using idx_partsupp_partkey on partsupp  (cost=0.43..3.18 rows=19 width=14)
                                                   Index Cond: (ps_partkey = part.p_partkey)
                                       ->  Index Scan using idx_lineitem_part_supp on lineitem  (cost=0.56..2.71 rows=1 width=29)
                                             Index Cond: ((l_partkey = partsupp.ps_partkey) AND (l_suppkey = partsupp.ps_suppkey))
                                 ->  Index Scan using supplier_pkey on supplier  (cost=0.29..2.33 rows=1 width=8)
                                       Index Cond: (s_suppkey = lineitem.l_suppkey)
                           ->  Index Scan using orders_pkey on orders  (cost=0.43..2.50 rows=1 width=8)
                                 Index Cond: (o_orderkey = lineitem.l_orderkey)
                     ->  Materialize  (cost=0.00..1.38 rows=25 width=30)
                           ->  Seq Scan on nation  (cost=0.00..1.25 rows=25 width=30)
(23 rows)

query 9 run 3
SET
SET
SET
                                                              QUERY PLAN                                                               
---------------------------------------------------------------------------------------------------------------------------------------
 Limit  (cost=641603.87..641603.91 rows=1 width=66)
   ->  GroupAggregate  (cost=641603.87..641605.56 rows=45 width=66)
         Group Key: nation.n_name, (date_part('year'::text, (orders.o_orderdate)::timestamp without time zone))
         ->  Sort  (cost=641603.87..641603.98 rows=45 width=57)
               Sort Key: nation.n_name, (date_part('year'::text, (orders.o_orderdate)::timestamp without time zone)) DESC
               ->  Nested Loop  (cost=1.73..641602.63 rows=45 width=57)
                     Join Filter: (supplier.s_nationkey = nation.n_nationkey)
                     ->  Nested Loop  (cost=1.73..641584.91 rows=45 width=31)
                           ->  Nested Loop  (cost=1.29..641472.53 rows=45 width=31)
                                 ->  Nested Loop  (cost=1.00..641367.90 rows=45 width=35)
                                       ->  Nested Loop  (cost=0.43..202008.38 rows=161613 width=18)
                                             ->  Seq Scan on part  (cost=0.00..65979.43 rows=40401 width=4)
                                                   Filter: ((p_name)::text ~~ '%navy%'::text)
                                             ->  Index Scan using idx_partsupp_partkey on partsupp  (cost=0.43..3.18 rows=19 width=14)
                                                   Index Cond: (ps_partkey = part.p_partkey)
                                       ->  Index Scan using idx_lineitem_part_supp on lineitem  (cost=0.56..2.71 rows=1 width=29)
                                             Index Cond: ((l_partkey = partsupp.ps_partkey) AND (l_suppkey = partsupp.ps_suppkey))
                                 ->  Index Scan using supplier_pkey on supplier  (cost=0.29..2.33 rows=1 width=8)
                                       Index Cond: (s_suppkey = lineitem.l_suppkey)
                           ->  Index Scan using orders_pkey on orders  (cost=0.43..2.50 rows=1 width=8)
                                 Index Cond: (o_orderkey = lineitem.l_orderkey)
                     ->  Materialize  (cost=0.00..1.38 rows=25 width=30)
                           ->  Seq Scan on nation  (cost=0.00..1.25 rows=25 width=30)
(23 rows)

query 10 run 1
SET
SET
SET
                                                                    QUERY PLAN                                                                    
--------------------------------------------------------------------------------------------------------------------------------------------------
 Limit  (cost=2163394.13..2163394.18 rows=20 width=201)
   ->  Sort  (cost=2163394.13..2164820.24 rows=570445 width=201)
         Sort Key: (sum((lineitem.l_extendedprice * ('1'::numeric - lineitem.l_discount)))) DESC
         ->  GroupAggregate  (cost=2132527.56..2148214.80 rows=570445 width=201)
               Group Key: customer.c_custkey, nation.n_name
               ->  Sort  (cost=2132527.56..2133953.67 rows=570445 width=181)
                     Sort Key: customer.c_custkey, nation.n_name
                     ->  Hash Join  (cost=285465.24..2045399.09 rows=570445 width=181)
                           Hash Cond: (customer.c_nationkey = nation.n_nationkey)
                           ->  Nested Loop  (cost=285463.68..2043646.26 rows=570445 width=159)
                                 ->  Hash Join  (cost=285463.11..377817.11 rows=577859 width=151)
                                       Hash Cond: (customer.c_custkey = orders.o_custkey)
                                       ->  Seq Scan on customer  (cost=0.00..50948.01 rows=1500101 width=147)
                                       ->  Hash  (cost=278239.87..278239.87 rows=577859 width=8)
                                             ->  Bitmap Heap Scan on orders  (cost=8303.99..278239.87 rows=577859 width=8)
                                                   Recheck Cond: ((o_orderdate >= '1994-08-01'::date) AND (o_orderdate < '1994-11-01'::date))
                                                   ->  Bitmap Index Scan on idx_orders_orderdate  (cost=0.00..8159.53 rows=577859 width=0)
                                                         Index Cond: ((o_orderdate >= '1994-08-01'::date) AND (o_orderdate < '1994-11-01'::date))
                                 ->  Index Scan using idx_lineitem_orderkey on lineitem  (cost=0.56..2.87 rows=1 width=16)
                                       Index Cond: (l_orderkey = orders.o_orderkey)
                                       Filter: (l_returnflag = 'R'::bpchar)
                           ->  Hash  (cost=1.25..1.25 rows=25 width=30)
                                 ->  Seq Scan on nation  (cost=0.00..1.25 rows=25 width=30)
(23 rows)

query 10 run 2
SET
SET
SET
                                                                    QUERY PLAN                                                                    
--------------------------------------------------------------------------------------------------------------------------------------------------
 Limit  (cost=2163394.13..2163394.18 rows=20 width=201)
   ->  Sort  (cost=2163394.13..2164820.24 rows=570445 width=201)
         Sort Key: (sum((lineitem.l_extendedprice * ('1'::numeric - lineitem.l_discount)))) DESC
         ->  GroupAggregate  (cost=2132527.56..2148214.80 rows=570445 width=201)
               Group Key: customer.c_custkey, nation.n_name
               ->  Sort  (cost=2132527.56..2133953.67 rows=570445 width=181)
                     Sort Key: customer.c_custkey, nation.n_name
                     ->  Hash Join  (cost=285465.24..2045399.09 rows=570445 width=181)
                           Hash Cond: (customer.c_nationkey = nation.n_nationkey)
                           ->  Nested Loop  (cost=285463.68..2043646.26 rows=570445 width=159)
                                 ->  Hash Join  (cost=285463.11..377817.11 rows=577859 width=151)
                                       Hash Cond: (customer.c_custkey = orders.o_custkey)
                                       ->  Seq Scan on customer  (cost=0.00..50948.01 rows=1500101 width=147)
                                       ->  Hash  (cost=278239.87..278239.87 rows=577859 width=8)
                                             ->  Bitmap Heap Scan on orders  (cost=8303.99..278239.87 rows=577859 width=8)
                                                   Recheck Cond: ((o_orderdate >= '1994-08-01'::date) AND (o_orderdate < '1994-11-01'::date))
                                                   ->  Bitmap Index Scan on idx_orders_orderdate  (cost=0.00..8159.53 rows=577859 width=0)
                                                         Index Cond: ((o_orderdate >= '1994-08-01'::date) AND (o_orderdate < '1994-11-01'::date))
                                 ->  Index Scan using idx_lineitem_orderkey on lineitem  (cost=0.56..2.87 rows=1 width=16)
                                       Index Cond: (l_orderkey = orders.o_orderkey)
                                       Filter: (l_returnflag = 'R'::bpchar)
                           ->  Hash  (cost=1.25..1.25 rows=25 width=30)
                                 ->  Seq Scan on nation  (cost=0.00..1.25 rows=25 width=30)
(23 rows)

query 10 run 3
SET
SET
SET
                                                                    QUERY PLAN                                                                    
--------------------------------------------------------------------------------------------------------------------------------------------------
 Limit  (cost=2163394.13..2163394.18 rows=20 width=201)
   ->  Sort  (cost=2163394.13..2164820.24 rows=570445 width=201)
         Sort Key: (sum((lineitem.l_extendedprice * ('1'::numeric - lineitem.l_discount)))) DESC
         ->  GroupAggregate  (cost=2132527.56..2148214.80 rows=570445 width=201)
               Group Key: customer.c_custkey, nation.n_name
               ->  Sort  (cost=2132527.56..2133953.67 rows=570445 width=181)
                     Sort Key: customer.c_custkey, nation.n_name
                     ->  Hash Join  (cost=285465.24..2045399.09 rows=570445 width=181)
                           Hash Cond: (customer.c_nationkey = nation.n_nationkey)
                           ->  Nested Loop  (cost=285463.68..2043646.26 rows=570445 width=159)
                                 ->  Hash Join  (cost=285463.11..377817.11 rows=577859 width=151)
                                       Hash Cond: (customer.c_custkey = orders.o_custkey)
                                       ->  Seq Scan on customer  (cost=0.00..50948.01 rows=1500101 width=147)
                                       ->  Hash  (cost=278239.87..278239.87 rows=577859 width=8)
                                             ->  Bitmap Heap Scan on orders  (cost=8303.99..278239.87 rows=577859 width=8)
                                                   Recheck Cond: ((o_orderdate >= '1994-08-01'::date) AND (o_orderdate < '1994-11-01'::date))
                                                   ->  Bitmap Index Scan on idx_orders_orderdate  (cost=0.00..8159.53 rows=577859 width=0)
                                                         Index Cond: ((o_orderdate >= '1994-08-01'::date) AND (o_orderdate < '1994-11-01'::date))
                                 ->  Index Scan using idx_lineitem_orderkey on lineitem  (cost=0.56..2.87 rows=1 width=16)
                                       Index Cond: (l_orderkey = orders.o_orderkey)
                                       Filter: (l_returnflag = 'R'::bpchar)
                           ->  Hash  (cost=1.25..1.25 rows=25 width=30)
                                 ->  Seq Scan on nation  (cost=0.00..1.25 rows=25 width=30)
(23 rows)

query 11 run 1
SET
SET
SET
                                                          QUERY PLAN                                                          
------------------------------------------------------------------------------------------------------------------------------
 Limit  (cost=93682.98..93682.98 rows=1 width=36)
   InitPlan 1 (returns $2)
     ->  Aggregate  (cost=27144.78..27144.79 rows=1 width=32)
           ->  Nested Loop  (cost=49.85..24744.79 rows=319998 width=10)
                 ->  Nested Loop  (cost=49.42..2273.58 rows=4000 width=4)
                       ->  Seq Scan on nation nation_1  (cost=0.00..1.31 rows=1 width=4)
                             Filter: (n_name = 'SAUDI ARABIA'::bpchar)
                       ->  Bitmap Heap Scan on supplier supplier_1  (cost=49.42..2232.27 rows=4000 width=8)
                             Recheck Cond: (s_nationkey = nation_1.n_nationkey)
                             ->  Bitmap Index Scan on idx_supplier_nation_key  (cost=0.00..48.42 rows=4000 width=0)
                                   Index Cond: (s_nationkey = nation_1.n_nationkey)
                 ->  Index Scan using idx_partsupp_suppkey on partsupp partsupp_1  (cost=0.43..4.81 rows=81 width=14)
                       Index Cond: (ps_suppkey = supplier_1.s_suppkey)
   ->  Sort  (cost=66538.19..66804.85 rows=106666 width=36)
         Sort Key: (sum((partsupp.ps_supplycost * (partsupp.ps_availqty)::numeric))) DESC
         ->  GroupAggregate  (cost=54004.93..66004.86 rows=106666 width=36)
               Group Key: partsupp.ps_partkey
               Filter: (sum((partsupp.ps_supplycost * (partsupp.ps_availqty)::numeric)) > $2)
               ->  Sort  (cost=54004.93..54804.93 rows=319998 width=14)
                     Sort Key: partsupp.ps_partkey
                     ->  Nested Loop  (cost=49.85..24744.79 rows=319998 width=14)
                           ->  Nested Loop  (cost=49.42..2273.58 rows=4000 width=4)
                                 ->  Seq Scan on nation  (cost=0.00..1.31 rows=1 width=4)
                                       Filter: (n_name = 'SAUDI ARABIA'::bpchar)
                                 ->  Bitmap Heap Scan on supplier  (cost=49.42..2232.27 rows=4000 width=8)
                                       Recheck Cond: (s_nationkey = nation.n_nationkey)
                                       ->  Bitmap Index Scan on idx_supplier_nation_key  (cost=0.00..48.42 rows=4000 width=0)
                                             Index Cond: (s_nationkey = nation.n_nationkey)
                           ->  Index Scan using idx_partsupp_suppkey on partsupp  (cost=0.43..4.81 rows=81 width=18)
                                 Index Cond: (ps_suppkey = supplier.s_suppkey)
(30 rows)

query 11 run 2
SET
SET
SET
                                                          QUERY PLAN                                                          
------------------------------------------------------------------------------------------------------------------------------
 Limit  (cost=93682.98..93682.98 rows=1 width=36)
   InitPlan 1 (returns $2)
     ->  Aggregate  (cost=27144.78..27144.79 rows=1 width=32)
           ->  Nested Loop  (cost=49.85..24744.79 rows=319998 width=10)
                 ->  Nested Loop  (cost=49.42..2273.58 rows=4000 width=4)
                       ->  Seq Scan on nation nation_1  (cost=0.00..1.31 rows=1 width=4)
                             Filter: (n_name = 'SAUDI ARABIA'::bpchar)
                       ->  Bitmap Heap Scan on supplier supplier_1  (cost=49.42..2232.27 rows=4000 width=8)
                             Recheck Cond: (s_nationkey = nation_1.n_nationkey)
                             ->  Bitmap Index Scan on idx_supplier_nation_key  (cost=0.00..48.42 rows=4000 width=0)
                                   Index Cond: (s_nationkey = nation_1.n_nationkey)
                 ->  Index Scan using idx_partsupp_suppkey on partsupp partsupp_1  (cost=0.43..4.81 rows=81 width=14)
                       Index Cond: (ps_suppkey = supplier_1.s_suppkey)
   ->  Sort  (cost=66538.19..66804.85 rows=106666 width=36)
         Sort Key: (sum((partsupp.ps_supplycost * (partsupp.ps_availqty)::numeric))) DESC
         ->  GroupAggregate  (cost=54004.93..66004.86 rows=106666 width=36)
               Group Key: partsupp.ps_partkey
               Filter: (sum((partsupp.ps_supplycost * (partsupp.ps_availqty)::numeric)) > $2)
               ->  Sort  (cost=54004.93..54804.93 rows=319998 width=14)
                     Sort Key: partsupp.ps_partkey
                     ->  Nested Loop  (cost=49.85..24744.79 rows=319998 width=14)
                           ->  Nested Loop  (cost=49.42..2273.58 rows=4000 width=4)
                                 ->  Seq Scan on nation  (cost=0.00..1.31 rows=1 width=4)
                                       Filter: (n_name = 'SAUDI ARABIA'::bpchar)
                                 ->  Bitmap Heap Scan on supplier  (cost=49.42..2232.27 rows=4000 width=8)
                                       Recheck Cond: (s_nationkey = nation.n_nationkey)
                                       ->  Bitmap Index Scan on idx_supplier_nation_key  (cost=0.00..48.42 rows=4000 width=0)
                                             Index Cond: (s_nationkey = nation.n_nationkey)
                           ->  Index Scan using idx_partsupp_suppkey on partsupp  (cost=0.43..4.81 rows=81 width=18)
                                 Index Cond: (ps_suppkey = supplier.s_suppkey)
(30 rows)

query 11 run 3
SET
SET
SET
                                                          QUERY PLAN                                                          
------------------------------------------------------------------------------------------------------------------------------
 Limit  (cost=93682.98..93682.98 rows=1 width=36)
   InitPlan 1 (returns $2)
     ->  Aggregate  (cost=27144.78..27144.79 rows=1 width=32)
           ->  Nested Loop  (cost=49.85..24744.79 rows=319998 width=10)
                 ->  Nested Loop  (cost=49.42..2273.58 rows=4000 width=4)
                       ->  Seq Scan on nation nation_1  (cost=0.00..1.31 rows=1 width=4)
                             Filter: (n_name = 'SAUDI ARABIA'::bpchar)
                       ->  Bitmap Heap Scan on supplier supplier_1  (cost=49.42..2232.27 rows=4000 width=8)
                             Recheck Cond: (s_nationkey = nation_1.n_nationkey)
                             ->  Bitmap Index Scan on idx_supplier_nation_key  (cost=0.00..48.42 rows=4000 width=0)
                                   Index Cond: (s_nationkey = nation_1.n_nationkey)
                 ->  Index Scan using idx_partsupp_suppkey on partsupp partsupp_1  (cost=0.43..4.81 rows=81 width=14)
                       Index Cond: (ps_suppkey = supplier_1.s_suppkey)
   ->  Sort  (cost=66538.19..66804.85 rows=106666 width=36)
         Sort Key: (sum((partsupp.ps_supplycost * (partsupp.ps_availqty)::numeric))) DESC
         ->  GroupAggregate  (cost=54004.93..66004.86 rows=106666 width=36)
               Group Key: partsupp.ps_partkey
               Filter: (sum((partsupp.ps_supplycost * (partsupp.ps_availqty)::numeric)) > $2)
               ->  Sort  (cost=54004.93..54804.93 rows=319998 width=14)
                     Sort Key: partsupp.ps_partkey
                     ->  Nested Loop  (cost=49.85..24744.79 rows=319998 width=14)
                           ->  Nested Loop  (cost=49.42..2273.58 rows=4000 width=4)
                                 ->  Seq Scan on nation  (cost=0.00..1.31 rows=1 width=4)
                                       Filter: (n_name = 'SAUDI ARABIA'::bpchar)
                                 ->  Bitmap Heap Scan on supplier  (cost=49.42..2232.27 rows=4000 width=8)
                                       Recheck Cond: (s_nationkey = nation.n_nationkey)
                                       ->  Bitmap Index Scan on idx_supplier_nation_key  (cost=0.00..48.42 rows=4000 width=0)
                                             Index Cond: (s_nationkey = nation.n_nationkey)
                           ->  Index Scan using idx_partsupp_suppkey on partsupp  (cost=0.43..4.81 rows=81 width=18)
                                 Index Cond: (ps_suppkey = supplier.s_suppkey)
(30 rows)

query 12 run 1
SET
SET
SET
                                                                                                                    QUERY PLAN                                                                                                                     
---------------------------------------------------------------------------------------------------------------------------------------------------------------------------------------------------------------------------------------------------
 Limit  (cost=3031552.01..3032383.24 rows=1 width=27)
   ->  GroupAggregate  (cost=3031552.01..3037370.58 rows=7 width=27)
         Group Key: lineitem.l_shipmode
         ->  Sort  (cost=3031552.01..3032279.32 rows=290925 width=27)
               Sort Key: lineitem.l_shipmode
               ->  Hash Join  (cost=2478456.64..3005150.15 rows=290925 width=27)
                     Hash Cond: (orders.o_orderkey = lineitem.l_orderkey)
                     ->  Seq Scan on orders  (cost=0.00..411277.29 rows=15000929 width=20)
                     ->  Hash  (cost=2474820.08..2474820.08 rows=290925 width=15)
                           ->  Seq Scan on lineitem  (cost=0.00..2474820.08 rows=290925 width=15)
                                 Filter: ((l_shipmode = ANY ('{SHIP,"REG AIR"}'::bpchar[])) AND (l_commitdate < l_receiptdate) AND (l_shipdate < l_commitdate) AND (l_receiptdate >= '1994-01-01'::date) AND (l_receiptdate < '1995-01-01'::date))
(11 rows)

query 12 run 2
SET
SET
SET
                                                                                                                    QUERY PLAN                                                                                                                     
---------------------------------------------------------------------------------------------------------------------------------------------------------------------------------------------------------------------------------------------------
 Limit  (cost=3031552.01..3032383.24 rows=1 width=27)
   ->  GroupAggregate  (cost=3031552.01..3037370.58 rows=7 width=27)
         Group Key: lineitem.l_shipmode
         ->  Sort  (cost=3031552.01..3032279.32 rows=290925 width=27)
               Sort Key: lineitem.l_shipmode
               ->  Hash Join  (cost=2478456.64..3005150.15 rows=290925 width=27)
                     Hash Cond: (orders.o_orderkey = lineitem.l_orderkey)
                     ->  Seq Scan on orders  (cost=0.00..411277.29 rows=15000929 width=20)
                     ->  Hash  (cost=2474820.08..2474820.08 rows=290925 width=15)
                           ->  Seq Scan on lineitem  (cost=0.00..2474820.08 rows=290925 width=15)
                                 Filter: ((l_shipmode = ANY ('{SHIP,"REG AIR"}'::bpchar[])) AND (l_commitdate < l_receiptdate) AND (l_shipdate < l_commitdate) AND (l_receiptdate >= '1994-01-01'::date) AND (l_receiptdate < '1995-01-01'::date))
(11 rows)

query 12 run 3
SET
SET
SET
                                                                                                                    QUERY PLAN                                                                                                                     
---------------------------------------------------------------------------------------------------------------------------------------------------------------------------------------------------------------------------------------------------
 Limit  (cost=3031552.01..3032383.24 rows=1 width=27)
   ->  GroupAggregate  (cost=3031552.01..3037370.58 rows=7 width=27)
         Group Key: lineitem.l_shipmode
         ->  Sort  (cost=3031552.01..3032279.32 rows=290925 width=27)
               Sort Key: lineitem.l_shipmode
               ->  Hash Join  (cost=2478456.64..3005150.15 rows=290925 width=27)
                     Hash Cond: (orders.o_orderkey = lineitem.l_orderkey)
                     ->  Seq Scan on orders  (cost=0.00..411277.29 rows=15000929 width=20)
                     ->  Hash  (cost=2474820.08..2474820.08 rows=290925 width=15)
                           ->  Seq Scan on lineitem  (cost=0.00..2474820.08 rows=290925 width=15)
                                 Filter: ((l_shipmode = ANY ('{SHIP,"REG AIR"}'::bpchar[])) AND (l_commitdate < l_receiptdate) AND (l_shipdate < l_commitdate) AND (l_receiptdate >= '1994-01-01'::date) AND (l_receiptdate < '1995-01-01'::date))
(11 rows)

query 13 run 1
SET
SET
SET
                                                        QUERY PLAN                                                         
---------------------------------------------------------------------------------------------------------------------------
 Limit  (cost=1038035.05..1038035.05 rows=1 width=16)
   ->  Sort  (cost=1038035.05..1038035.55 rows=200 width=16)
         Sort Key: (count(*)) DESC, (count(orders.o_orderkey)) DESC
         ->  HashAggregate  (cost=1038032.05..1038034.05 rows=200 width=16)
               Group Key: count(orders.o_orderkey)
               ->  GroupAggregate  (cost=80.13..1015530.53 rows=1500101 width=12)
                     Group Key: customer.c_custkey
                     ->  Merge Left Join  (cost=80.13..928555.37 rows=14394831 width=8)
                           Merge Cond: (customer.c_custkey = orders.o_custkey)
                           ->  Index Only Scan using customer_pkey on customer  (cost=0.43..28675.94 rows=1500101 width=4)
                           ->  Index Scan using idx_orders_custkey on orders  (cost=0.43..716193.79 rows=14394831 width=8)
                                 Filter: ((o_comment)::text !~~ '%special%requests%'::text)
(12 rows)

query 13 run 2
SET
SET
SET
                                                        QUERY PLAN                                                         
---------------------------------------------------------------------------------------------------------------------------
 Limit  (cost=1038035.05..1038035.05 rows=1 width=16)
   ->  Sort  (cost=1038035.05..1038035.55 rows=200 width=16)
         Sort Key: (count(*)) DESC, (count(orders.o_orderkey)) DESC
         ->  HashAggregate  (cost=1038032.05..1038034.05 rows=200 width=16)
               Group Key: count(orders.o_orderkey)
               ->  GroupAggregate  (cost=80.13..1015530.53 rows=1500101 width=12)
                     Group Key: customer.c_custkey
                     ->  Merge Left Join  (cost=80.13..928555.37 rows=14394831 width=8)
                           Merge Cond: (customer.c_custkey = orders.o_custkey)
                           ->  Index Only Scan using customer_pkey on customer  (cost=0.43..28675.94 rows=1500101 width=4)
                           ->  Index Scan using idx_orders_custkey on orders  (cost=0.43..716193.79 rows=14394831 width=8)
                                 Filter: ((o_comment)::text !~~ '%special%requests%'::text)
(12 rows)

query 13 run 3
SET
SET
SET
                                                        QUERY PLAN                                                         
---------------------------------------------------------------------------------------------------------------------------
 Limit  (cost=1038035.05..1038035.05 rows=1 width=16)
   ->  Sort  (cost=1038035.05..1038035.55 rows=200 width=16)
         Sort Key: (count(*)) DESC, (count(orders.o_orderkey)) DESC
         ->  HashAggregate  (cost=1038032.05..1038034.05 rows=200 width=16)
               Group Key: count(orders.o_orderkey)
               ->  GroupAggregate  (cost=80.13..1015530.53 rows=1500101 width=12)
                     Group Key: customer.c_custkey
                     ->  Merge Left Join  (cost=80.13..928555.37 rows=14394831 width=8)
                           Merge Cond: (customer.c_custkey = orders.o_custkey)
                           ->  Index Only Scan using customer_pkey on customer  (cost=0.43..28675.94 rows=1500101 width=4)
                           ->  Index Scan using idx_orders_custkey on orders  (cost=0.43..716193.79 rows=14394831 width=8)
                                 Filter: ((o_comment)::text !~~ '%special%requests%'::text)
(12 rows)

query 14 run 1
SET
SET
SET
                                                    QUERY PLAN                                                     
-------------------------------------------------------------------------------------------------------------------
 Limit  (cost=1029075.56..1029075.57 rows=1 width=32)
   ->  Aggregate  (cost=1029075.56..1029075.57 rows=1 width=32)
         ->  Hash Join  (cost=99650.73..1016052.66 rows=744165 width=33)
               Hash Cond: (lineitem.l_partkey = part.p_partkey)
               ->  Index Scan using idx_lineitem_shipdate on lineitem  (cost=0.56..893118.56 rows=775597 width=16)
                     Index Cond: ((l_shipdate >= '1994-05-01'::date) AND (l_shipdate < '1994-06-01'::date))
               ->  Hash  (cost=60979.74..60979.74 rows=1999874 width=25)
                     ->  Seq Scan on part  (cost=0.00..60979.74 rows=1999874 width=25)
(8 rows)

query 14 run 2
SET
SET
SET
                                                    QUERY PLAN                                                     
-------------------------------------------------------------------------------------------------------------------
 Limit  (cost=1029075.56..1029075.57 rows=1 width=32)
   ->  Aggregate  (cost=1029075.56..1029075.57 rows=1 width=32)
         ->  Hash Join  (cost=99650.73..1016052.66 rows=744165 width=33)
               Hash Cond: (lineitem.l_partkey = part.p_partkey)
               ->  Index Scan using idx_lineitem_shipdate on lineitem  (cost=0.56..893118.56 rows=775597 width=16)
                     Index Cond: ((l_shipdate >= '1994-05-01'::date) AND (l_shipdate < '1994-06-01'::date))
               ->  Hash  (cost=60979.74..60979.74 rows=1999874 width=25)
                     ->  Seq Scan on part  (cost=0.00..60979.74 rows=1999874 width=25)
(8 rows)

query 14 run 3
SET
SET
SET
                                                    QUERY PLAN                                                     
-------------------------------------------------------------------------------------------------------------------
 Limit  (cost=1029075.56..1029075.57 rows=1 width=32)
   ->  Aggregate  (cost=1029075.56..1029075.57 rows=1 width=32)
         ->  Hash Join  (cost=99650.73..1016052.66 rows=744165 width=33)
               Hash Cond: (lineitem.l_partkey = part.p_partkey)
               ->  Index Scan using idx_lineitem_shipdate on lineitem  (cost=0.56..893118.56 rows=775597 width=16)
                     Index Cond: ((l_shipdate >= '1994-05-01'::date) AND (l_shipdate < '1994-06-01'::date))
               ->  Hash  (cost=60979.74..60979.74 rows=1999874 width=25)
                     ->  Seq Scan on part  (cost=0.00..60979.74 rows=1999874 width=25)
(8 rows)

query 15 run 1
SET
SET
SET
CREATE VIEW
                                                       QUERY PLAN                                                       
------------------------------------------------------------------------------------------------------------------------
 Limit  (cost=4013230.75..4013329.99 rows=1 width=103)
   InitPlan 1 (returns $0)
     ->  Aggregate  (cost=1885505.99..1885506.00 rows=1 width=32)
           ->  HashAggregate  (cost=1883045.31..1884275.65 rows=98427 width=36)
                 Group Key: lineitem_1.l_suppkey
                 ->  Bitmap Heap Scan on lineitem lineitem_1  (cost=36791.60..1860099.91 rows=2294540 width=16)
                       Recheck Cond: ((l_shipdate >= '1996-01-01'::date) AND (l_shipdate < '1996-04-01'::date))
                       ->  Bitmap Index Scan on idx_lineitem_shipdate  (cost=0.00..36217.97 rows=2294540 width=0)
                             Index Cond: ((l_shipdate >= '1996-01-01'::date) AND (l_shipdate < '1996-04-01'::date))
   ->  Nested Loop  (cost=2127724.76..2176551.18 rows=492 width=103)
         ->  GroupAggregate  (cost=2127724.46..2175337.74 rows=492 width=36)
               Group Key: lineitem.l_suppkey
               Filter: (sum((lineitem.l_extendedprice * ('1'::numeric - lineitem.l_discount))) = $0)
               ->  Sort  (cost=2127724.46..2133460.81 rows=2294540 width=16)
                     Sort Key: lineitem.l_suppkey
                     ->  Bitmap Heap Scan on lineitem  (cost=36791.60..1860099.91 rows=2294540 width=16)
                           Recheck Cond: ((l_shipdate >= '1996-01-01'::date) AND (l_shipdate < '1996-04-01'::date))
                           ->  Bitmap Index Scan on idx_lineitem_shipdate  (cost=0.00..36217.97 rows=2294540 width=0)
                                 Index Cond: ((l_shipdate >= '1996-01-01'::date) AND (l_shipdate < '1996-04-01'::date))
         ->  Index Scan using supplier_pkey on supplier  (cost=0.29..2.46 rows=1 width=71)
               Index Cond: (s_suppkey = lineitem.l_suppkey)
(21 rows)

DROP VIEW
query 15 run 2
SET
SET
SET
CREATE VIEW
                                                       QUERY PLAN                                                       
------------------------------------------------------------------------------------------------------------------------
 Limit  (cost=4013230.75..4013329.99 rows=1 width=103)
   InitPlan 1 (returns $0)
     ->  Aggregate  (cost=1885505.99..1885506.00 rows=1 width=32)
           ->  HashAggregate  (cost=1883045.31..1884275.65 rows=98427 width=36)
                 Group Key: lineitem_1.l_suppkey
                 ->  Bitmap Heap Scan on lineitem lineitem_1  (cost=36791.60..1860099.91 rows=2294540 width=16)
                       Recheck Cond: ((l_shipdate >= '1996-01-01'::date) AND (l_shipdate < '1996-04-01'::date))
                       ->  Bitmap Index Scan on idx_lineitem_shipdate  (cost=0.00..36217.97 rows=2294540 width=0)
                             Index Cond: ((l_shipdate >= '1996-01-01'::date) AND (l_shipdate < '1996-04-01'::date))
   ->  Nested Loop  (cost=2127724.76..2176551.18 rows=492 width=103)
         ->  GroupAggregate  (cost=2127724.46..2175337.74 rows=492 width=36)
               Group Key: lineitem.l_suppkey
               Filter: (sum((lineitem.l_extendedprice * ('1'::numeric - lineitem.l_discount))) = $0)
               ->  Sort  (cost=2127724.46..2133460.81 rows=2294540 width=16)
                     Sort Key: lineitem.l_suppkey
                     ->  Bitmap Heap Scan on lineitem  (cost=36791.60..1860099.91 rows=2294540 width=16)
                           Recheck Cond: ((l_shipdate >= '1996-01-01'::date) AND (l_shipdate < '1996-04-01'::date))
                           ->  Bitmap Index Scan on idx_lineitem_shipdate  (cost=0.00..36217.97 rows=2294540 width=0)
                                 Index Cond: ((l_shipdate >= '1996-01-01'::date) AND (l_shipdate < '1996-04-01'::date))
         ->  Index Scan using supplier_pkey on supplier  (cost=0.29..2.46 rows=1 width=71)
               Index Cond: (s_suppkey = lineitem.l_suppkey)
(21 rows)

DROP VIEW
query 15 run 3
SET
SET
SET
CREATE VIEW
                                                       QUERY PLAN                                                       
------------------------------------------------------------------------------------------------------------------------
 Limit  (cost=4013230.75..4013329.99 rows=1 width=103)
   InitPlan 1 (returns $0)
     ->  Aggregate  (cost=1885505.99..1885506.00 rows=1 width=32)
           ->  HashAggregate  (cost=1883045.31..1884275.65 rows=98427 width=36)
                 Group Key: lineitem_1.l_suppkey
                 ->  Bitmap Heap Scan on lineitem lineitem_1  (cost=36791.60..1860099.91 rows=2294540 width=16)
                       Recheck Cond: ((l_shipdate >= '1996-01-01'::date) AND (l_shipdate < '1996-04-01'::date))
                       ->  Bitmap Index Scan on idx_lineitem_shipdate  (cost=0.00..36217.97 rows=2294540 width=0)
                             Index Cond: ((l_shipdate >= '1996-01-01'::date) AND (l_shipdate < '1996-04-01'::date))
   ->  Nested Loop  (cost=2127724.76..2176551.18 rows=492 width=103)
         ->  GroupAggregate  (cost=2127724.46..2175337.74 rows=492 width=36)
               Group Key: lineitem.l_suppkey
               Filter: (sum((lineitem.l_extendedprice * ('1'::numeric - lineitem.l_discount))) = $0)
               ->  Sort  (cost=2127724.46..2133460.81 rows=2294540 width=16)
                     Sort Key: lineitem.l_suppkey
                     ->  Bitmap Heap Scan on lineitem  (cost=36791.60..1860099.91 rows=2294540 width=16)
                           Recheck Cond: ((l_shipdate >= '1996-01-01'::date) AND (l_shipdate < '1996-04-01'::date))
                           ->  Bitmap Index Scan on idx_lineitem_shipdate  (cost=0.00..36217.97 rows=2294540 width=0)
                                 Index Cond: ((l_shipdate >= '1996-01-01'::date) AND (l_shipdate < '1996-04-01'::date))
         ->  Index Scan using supplier_pkey on supplier  (cost=0.29..2.46 rows=1 width=71)
               Index Cond: (s_suppkey = lineitem.l_suppkey)
(21 rows)

DROP VIEW
query 16 run 1
SET
SET
SET
                                                                                         QUERY PLAN                                                                                         
--------------------------------------------------------------------------------------------------------------------------------------------------------------------------------------------
 Limit  (cost=359634.92..359634.92 rows=1 width=44)
   ->  Sort  (cost=359634.92..360021.01 rows=154435 width=44)
         Sort Key: (count(DISTINCT partsupp.ps_suppkey)) DESC, part.p_brand, part.p_type, part.p_size
         ->  GroupAggregate  (cost=349811.03..358862.74 rows=154435 width=44)
               Group Key: part.p_brand, part.p_type, part.p_size
               ->  Sort  (cost=349811.03..351312.50 rows=600589 width=40)
                     Sort Key: part.p_brand, part.p_type, part.p_size
                     ->  Hash Join  (cost=98202.78..281607.19 rows=600589 width=40)
                           Hash Cond: (partsupp.ps_partkey = part.p_partkey)
                           ->  Index Only Scan using partsupp_pkey on partsupp  (cost=3471.46..176375.93 rows=3999970 width=8)
                                 Filter: (NOT (hashed SubPlan 1))
                                 SubPlan 1
                                   ->  Seq Scan on supplier  (cost=0.00..3471.00 rows=10 width=4)
                                         Filter: ((s_comment)::text ~~ '%Customer%Complaints%'::text)
                           ->  Hash  (cost=90977.85..90977.85 rows=300278 width=40)
                                 ->  Seq Scan on part  (cost=0.00..90977.85 rows=300278 width=40)
                                       Filter: ((p_brand <> 'Brand#12'::bpchar) AND ((p_type)::text !~~ 'SMALL BRUSHED%'::text) AND (p_size = ANY ('{12,32,36,26,40,34,49,9}'::integer[])))
(17 rows)

query 16 run 2
SET
SET
SET
                                                                                         QUERY PLAN                                                                                         
--------------------------------------------------------------------------------------------------------------------------------------------------------------------------------------------
 Limit  (cost=359634.92..359634.92 rows=1 width=44)
   ->  Sort  (cost=359634.92..360021.01 rows=154435 width=44)
         Sort Key: (count(DISTINCT partsupp.ps_suppkey)) DESC, part.p_brand, part.p_type, part.p_size
         ->  GroupAggregate  (cost=349811.03..358862.74 rows=154435 width=44)
               Group Key: part.p_brand, part.p_type, part.p_size
               ->  Sort  (cost=349811.03..351312.50 rows=600589 width=40)
                     Sort Key: part.p_brand, part.p_type, part.p_size
                     ->  Hash Join  (cost=98202.78..281607.19 rows=600589 width=40)
                           Hash Cond: (partsupp.ps_partkey = part.p_partkey)
                           ->  Index Only Scan using partsupp_pkey on partsupp  (cost=3471.46..176375.93 rows=3999970 width=8)
                                 Filter: (NOT (hashed SubPlan 1))
                                 SubPlan 1
                                   ->  Seq Scan on supplier  (cost=0.00..3471.00 rows=10 width=4)
                                         Filter: ((s_comment)::text ~~ '%Customer%Complaints%'::text)
                           ->  Hash  (cost=90977.85..90977.85 rows=300278 width=40)
                                 ->  Seq Scan on part  (cost=0.00..90977.85 rows=300278 width=40)
                                       Filter: ((p_brand <> 'Brand#12'::bpchar) AND ((p_type)::text !~~ 'SMALL BRUSHED%'::text) AND (p_size = ANY ('{12,32,36,26,40,34,49,9}'::integer[])))
(17 rows)

query 16 run 3
SET
SET
SET
                                                                                         QUERY PLAN                                                                                         
--------------------------------------------------------------------------------------------------------------------------------------------------------------------------------------------
 Limit  (cost=359634.92..359634.92 rows=1 width=44)
   ->  Sort  (cost=359634.92..360021.01 rows=154435 width=44)
         Sort Key: (count(DISTINCT partsupp.ps_suppkey)) DESC, part.p_brand, part.p_type, part.p_size
         ->  GroupAggregate  (cost=349811.03..358862.74 rows=154435 width=44)
               Group Key: part.p_brand, part.p_type, part.p_size
               ->  Sort  (cost=349811.03..351312.50 rows=600589 width=40)
                     Sort Key: part.p_brand, part.p_type, part.p_size
                     ->  Hash Join  (cost=98202.78..281607.19 rows=600589 width=40)
                           Hash Cond: (partsupp.ps_partkey = part.p_partkey)
                           ->  Index Only Scan using partsupp_pkey on partsupp  (cost=3471.46..176375.93 rows=3999970 width=8)
                                 Filter: (NOT (hashed SubPlan 1))
                                 SubPlan 1
                                   ->  Seq Scan on supplier  (cost=0.00..3471.00 rows=10 width=4)
                                         Filter: ((s_comment)::text ~~ '%Customer%Complaints%'::text)
                           ->  Hash  (cost=90977.85..90977.85 rows=300278 width=40)
                                 ->  Seq Scan on part  (cost=0.00..90977.85 rows=300278 width=40)
                                       Filter: ((p_brand <> 'Brand#12'::bpchar) AND ((p_type)::text !~~ 'SMALL BRUSHED%'::text) AND (p_size = ANY ('{12,32,36,26,40,34,49,9}'::integer[])))
(17 rows)

query 17 run 1
SET
SET
SET
                                                       QUERY PLAN                                                       
------------------------------------------------------------------------------------------------------------------------
 Limit  (cost=10822807.49..10822807.50 rows=1 width=32)
   ->  Aggregate  (cost=10822807.49..10822807.50 rows=1 width=32)
         ->  Merge Join  (cost=10133603.29..10822756.84 rows=20257 width=8)
               Merge Cond: (lineitem_1.l_partkey = part.p_partkey)
               Join Filter: (lineitem.l_quantity < ((0.2 * avg(lineitem_1.l_quantity))))
               ->  GroupAggregate  (cost=10133602.30..10614759.83 rows=2084345 width=36)
                     Group Key: lineitem_1.l_partkey
                     ->  Sort  (cost=10133602.30..10283566.42 rows=59985648 width=9)
                           Sort Key: lineitem_1.l_partkey
                           ->  Seq Scan on lineitem lineitem_1  (cost=0.00..1724999.48 rows=59985648 width=9)
               ->  Materialize  (cost=0.99..181024.99 rows=58307 width=21)
                     ->  Nested Loop  (cost=0.99..180879.22 rows=58307 width=21)
                           ->  Index Scan using part_pkey on part  (cost=0.43..89209.91 rows=2026 width=4)
                                 Filter: ((p_brand = 'Brand#22'::bpchar) AND (p_container = 'LG BOX'::bpchar))
                           ->  Index Scan using idx_lineitem_part_supp on lineitem  (cost=0.56..44.96 rows=29 width=17)
                                 Index Cond: (l_partkey = part.p_partkey)
(16 rows)

query 17 run 2
SET
SET
SET
                                                       QUERY PLAN                                                       
------------------------------------------------------------------------------------------------------------------------
 Limit  (cost=10822807.49..10822807.50 rows=1 width=32)
   ->  Aggregate  (cost=10822807.49..10822807.50 rows=1 width=32)
         ->  Merge Join  (cost=10133603.29..10822756.84 rows=20257 width=8)
               Merge Cond: (lineitem_1.l_partkey = part.p_partkey)
               Join Filter: (lineitem.l_quantity < ((0.2 * avg(lineitem_1.l_quantity))))
               ->  GroupAggregate  (cost=10133602.30..10614759.83 rows=2084345 width=36)
                     Group Key: lineitem_1.l_partkey
                     ->  Sort  (cost=10133602.30..10283566.42 rows=59985648 width=9)
                           Sort Key: lineitem_1.l_partkey
                           ->  Seq Scan on lineitem lineitem_1  (cost=0.00..1724999.48 rows=59985648 width=9)
               ->  Materialize  (cost=0.99..181024.99 rows=58307 width=21)
                     ->  Nested Loop  (cost=0.99..180879.22 rows=58307 width=21)
                           ->  Index Scan using part_pkey on part  (cost=0.43..89209.91 rows=2026 width=4)
                                 Filter: ((p_brand = 'Brand#22'::bpchar) AND (p_container = 'LG BOX'::bpchar))
                           ->  Index Scan using idx_lineitem_part_supp on lineitem  (cost=0.56..44.96 rows=29 width=17)
                                 Index Cond: (l_partkey = part.p_partkey)
(16 rows)

query 17 run 3
SET
SET
SET
                                                       QUERY PLAN                                                       
------------------------------------------------------------------------------------------------------------------------
 Limit  (cost=10822807.49..10822807.50 rows=1 width=32)
   ->  Aggregate  (cost=10822807.49..10822807.50 rows=1 width=32)
         ->  Merge Join  (cost=10133603.29..10822756.84 rows=20257 width=8)
               Merge Cond: (lineitem_1.l_partkey = part.p_partkey)
               Join Filter: (lineitem.l_quantity < ((0.2 * avg(lineitem_1.l_quantity))))
               ->  GroupAggregate  (cost=10133602.30..10614759.83 rows=2084345 width=36)
                     Group Key: lineitem_1.l_partkey
                     ->  Sort  (cost=10133602.30..10283566.42 rows=59985648 width=9)
                           Sort Key: lineitem_1.l_partkey
                           ->  Seq Scan on lineitem lineitem_1  (cost=0.00..1724999.48 rows=59985648 width=9)
               ->  Materialize  (cost=0.99..181024.99 rows=58307 width=21)
                     ->  Nested Loop  (cost=0.99..180879.22 rows=58307 width=21)
                           ->  Index Scan using part_pkey on part  (cost=0.43..89209.91 rows=2026 width=4)
                                 Filter: ((p_brand = 'Brand#22'::bpchar) AND (p_container = 'LG BOX'::bpchar))
                           ->  Index Scan using idx_lineitem_part_supp on lineitem  (cost=0.56..44.96 rows=29 width=17)
                                 Index Cond: (l_partkey = part.p_partkey)
(16 rows)

query 18 run 1
SET
SET
SET
                                                                          QUERY PLAN                                                                          
--------------------------------------------------------------------------------------------------------------------------------------------------------------
 Limit  (cost=10574830.40..10574830.65 rows=100 width=71)
   ->  Sort  (cost=10574830.40..10624803.38 rows=19989195 width=71)
         Sort Key: orders.o_totalprice DESC, orders.o_orderdate
         ->  GroupAggregate  (cost=9361100.85..9810857.74 rows=19989195 width=71)
               Group Key: customer.c_custkey, orders.o_orderkey
               ->  Sort  (cost=9361100.85..9411073.84 rows=19989195 width=44)
                     Sort Key: customer.c_custkey, orders.o_orderkey
                     ->  Hash Join  (cost=78532.71..6541843.65 rows=19989195 width=44)
                           Hash Cond: (orders.o_custkey = customer.c_custkey)
                           ->  Merge Join  (cost=43.43..6128802.59 rows=19989195 width=25)
                                 Merge Cond: (orders.o_orderkey = lineitem.l_orderkey)
                                 ->  Merge Join  (cost=1.00..3494737.49 rows=4998804 width=24)
                                       Merge Cond: (orders.o_orderkey = lineitem_1.l_orderkey)
                                       ->  Index Scan using orders_pkey on orders  (cost=0.43..547979.37 rows=15000929 width=20)
                                       ->  GroupAggregate  (cost=0.56..2796782.70 rows=4998804 width=4)
                                             Group Key: lineitem_1.l_orderkey
                                             Filter: (sum(lineitem_1.l_quantity) > '313'::numeric)
                                             ->  Index Scan using idx_lineitem_orderkey on lineitem lineitem_1  (cost=0.56..2271908.28 rows=59985648 width=9)
                                 ->  Index Scan using idx_lineitem_orderkey on lineitem  (cost=0.56..2271908.28 rows=59985648 width=9)
                           ->  Hash  (cost=50948.01..50948.01 rows=1500101 width=23)
                                 ->  Seq Scan on customer  (cost=0.00..50948.01 rows=1500101 width=23)
(21 rows)

query 18 run 2
SET
SET
SET
                                                                          QUERY PLAN                                                                          
--------------------------------------------------------------------------------------------------------------------------------------------------------------
 Limit  (cost=10574830.40..10574830.65 rows=100 width=71)
   ->  Sort  (cost=10574830.40..10624803.38 rows=19989195 width=71)
         Sort Key: orders.o_totalprice DESC, orders.o_orderdate
         ->  GroupAggregate  (cost=9361100.85..9810857.74 rows=19989195 width=71)
               Group Key: customer.c_custkey, orders.o_orderkey
               ->  Sort  (cost=9361100.85..9411073.84 rows=19989195 width=44)
                     Sort Key: customer.c_custkey, orders.o_orderkey
                     ->  Hash Join  (cost=78532.71..6541843.65 rows=19989195 width=44)
                           Hash Cond: (orders.o_custkey = customer.c_custkey)
                           ->  Merge Join  (cost=43.43..6128802.59 rows=19989195 width=25)
                                 Merge Cond: (orders.o_orderkey = lineitem.l_orderkey)
                                 ->  Merge Join  (cost=1.00..3494737.49 rows=4998804 width=24)
                                       Merge Cond: (orders.o_orderkey = lineitem_1.l_orderkey)
                                       ->  Index Scan using orders_pkey on orders  (cost=0.43..547979.37 rows=15000929 width=20)
                                       ->  GroupAggregate  (cost=0.56..2796782.70 rows=4998804 width=4)
                                             Group Key: lineitem_1.l_orderkey
                                             Filter: (sum(lineitem_1.l_quantity) > '313'::numeric)
                                             ->  Index Scan using idx_lineitem_orderkey on lineitem lineitem_1  (cost=0.56..2271908.28 rows=59985648 width=9)
                                 ->  Index Scan using idx_lineitem_orderkey on lineitem  (cost=0.56..2271908.28 rows=59985648 width=9)
                           ->  Hash  (cost=50948.01..50948.01 rows=1500101 width=23)
                                 ->  Seq Scan on customer  (cost=0.00..50948.01 rows=1500101 width=23)
(21 rows)

query 18 run 3
SET
SET
SET
                                                                          QUERY PLAN                                                                          
--------------------------------------------------------------------------------------------------------------------------------------------------------------
 Limit  (cost=10574830.40..10574830.65 rows=100 width=71)
   ->  Sort  (cost=10574830.40..10624803.38 rows=19989195 width=71)
         Sort Key: orders.o_totalprice DESC, orders.o_orderdate
         ->  GroupAggregate  (cost=9361100.85..9810857.74 rows=19989195 width=71)
               Group Key: customer.c_custkey, orders.o_orderkey
               ->  Sort  (cost=9361100.85..9411073.84 rows=19989195 width=44)
                     Sort Key: customer.c_custkey, orders.o_orderkey
                     ->  Hash Join  (cost=78532.71..6541843.65 rows=19989195 width=44)
                           Hash Cond: (orders.o_custkey = customer.c_custkey)
                           ->  Merge Join  (cost=43.43..6128802.59 rows=19989195 width=25)
                                 Merge Cond: (orders.o_orderkey = lineitem.l_orderkey)
                                 ->  Merge Join  (cost=1.00..3494737.49 rows=4998804 width=24)
                                       Merge Cond: (orders.o_orderkey = lineitem_1.l_orderkey)
                                       ->  Index Scan using orders_pkey on orders  (cost=0.43..547979.37 rows=15000929 width=20)
                                       ->  GroupAggregate  (cost=0.56..2796782.70 rows=4998804 width=4)
                                             Group Key: lineitem_1.l_orderkey
                                             Filter: (sum(lineitem_1.l_quantity) > '313'::numeric)
                                             ->  Index Scan using idx_lineitem_orderkey on lineitem lineitem_1  (cost=0.56..2271908.28 rows=59985648 width=9)
                                 ->  Index Scan using idx_lineitem_orderkey on lineitem  (cost=0.56..2271908.28 rows=59985648 width=9)
                           ->  Hash  (cost=50948.01..50948.01 rows=1500101 width=23)
                                 ->  Seq Scan on customer  (cost=0.00..50948.01 rows=1500101 width=23)
(21 rows)

query 19 run 1
SET
SET
SET
                                                                                                                                                                                                                                                                                                                                                                                                                                                                                                            QUERY PLAN                                                                                                                                                                                                                                                                                                                                                                                                                                                                                                            
----------------------------------------------------------------------------------------------------------------------------------------------------------------------------------------------------------------------------------------------------------------------------------------------------------------------------------------------------------------------------------------------------------------------------------------------------------------------------------------------------------------------------------------------------------------------------------------------------------------------------------------------------------------------------------------------------------------------------------------------------------------------------------------------------------------------------------------------------------------------------------------------------------------------------------------------------------------------------------------------------------------------------------
 Limit  (cost=352629.14..352629.15 rows=1 width=32)
   ->  Aggregate  (cost=352629.14..352629.15 rows=1 width=32)
         ->  Nested Loop  (cost=0.56..352620.63 rows=1135 width=12)
               ->  Seq Scan on part  (cost=0.00..125975.65 rows=5002 width=30)
                     Filter: ((p_size >= 1) AND (((p_brand = 'Brand#24'::bpchar) AND (p_container = ANY ('{"SM CASE","SM BOX","SM PACK","SM PKG"}'::bpchar[])) AND (p_size <= 5)) OR ((p_brand = 'Brand#43'::bpchar) AND (p_container = ANY ('{"MED BAG","MED BOX","MED PKG","MED PACK"}'::bpchar[])) AND (p_size <= 10)) OR ((p_brand = 'Brand#44'::bpchar) AND (p_container = ANY ('{"LG CASE","LG BOX","LG PACK","LG PKG"}'::bpchar[])) AND (p_size <= 15))))
               ->  Index Scan using idx_lineitem_part_supp on lineitem  (cost=0.56..45.30 rows=1 width=21)
                     Index Cond: (l_partkey = part.p_partkey)
                     Filter: ((l_shipmode = ANY ('{AIR,"AIR REG"}'::bpchar[])) AND (l_shipinstruct = 'DELIVER IN PERSON'::bpchar) AND (((l_quantity >= '10'::numeric) AND (l_quantity <= '20'::numeric)) OR ((l_quantity >= '10'::numeric) AND (l_quantity <= '20'::numeric)) OR ((l_quantity >= '20'::numeric) AND (l_quantity <= '30'::numeric))) AND (((part.p_brand = 'Brand#24'::bpchar) AND (part.p_container = ANY ('{"SM CASE","SM BOX","SM PACK","SM PKG"}'::bpchar[])) AND (l_quantity >= '10'::numeric) AND (l_quantity <= '20'::numeric) AND (part.p_size <= 5)) OR ((part.p_brand = 'Brand#43'::bpchar) AND (part.p_container = ANY ('{"MED BAG","MED BOX","MED PKG","MED PACK"}'::bpchar[])) AND (l_quantity >= '10'::numeric) AND (l_quantity <= '20'::numeric) AND (part.p_size <= 10)) OR ((part.p_brand = 'Brand#44'::bpchar) AND (part.p_container = ANY ('{"LG CASE","LG BOX","LG PACK","LG PKG"}'::bpchar[])) AND (l_quantity >= '20'::numeric) AND (l_quantity <= '30'::numeric) AND (part.p_size <= 15))))
(8 rows)

query 19 run 2
SET
SET
SET
                                                                                                                                                                                                                                                                                                                                                                                                                                                                                                            QUERY PLAN                                                                                                                                                                                                                                                                                                                                                                                                                                                                                                            
----------------------------------------------------------------------------------------------------------------------------------------------------------------------------------------------------------------------------------------------------------------------------------------------------------------------------------------------------------------------------------------------------------------------------------------------------------------------------------------------------------------------------------------------------------------------------------------------------------------------------------------------------------------------------------------------------------------------------------------------------------------------------------------------------------------------------------------------------------------------------------------------------------------------------------------------------------------------------------------------------------------------------------
 Limit  (cost=352629.14..352629.15 rows=1 width=32)
   ->  Aggregate  (cost=352629.14..352629.15 rows=1 width=32)
         ->  Nested Loop  (cost=0.56..352620.63 rows=1135 width=12)
               ->  Seq Scan on part  (cost=0.00..125975.65 rows=5002 width=30)
                     Filter: ((p_size >= 1) AND (((p_brand = 'Brand#24'::bpchar) AND (p_container = ANY ('{"SM CASE","SM BOX","SM PACK","SM PKG"}'::bpchar[])) AND (p_size <= 5)) OR ((p_brand = 'Brand#43'::bpchar) AND (p_container = ANY ('{"MED BAG","MED BOX","MED PKG","MED PACK"}'::bpchar[])) AND (p_size <= 10)) OR ((p_brand = 'Brand#44'::bpchar) AND (p_container = ANY ('{"LG CASE","LG BOX","LG PACK","LG PKG"}'::bpchar[])) AND (p_size <= 15))))
               ->  Index Scan using idx_lineitem_part_supp on lineitem  (cost=0.56..45.30 rows=1 width=21)
                     Index Cond: (l_partkey = part.p_partkey)
                     Filter: ((l_shipmode = ANY ('{AIR,"AIR REG"}'::bpchar[])) AND (l_shipinstruct = 'DELIVER IN PERSON'::bpchar) AND (((l_quantity >= '10'::numeric) AND (l_quantity <= '20'::numeric)) OR ((l_quantity >= '10'::numeric) AND (l_quantity <= '20'::numeric)) OR ((l_quantity >= '20'::numeric) AND (l_quantity <= '30'::numeric))) AND (((part.p_brand = 'Brand#24'::bpchar) AND (part.p_container = ANY ('{"SM CASE","SM BOX","SM PACK","SM PKG"}'::bpchar[])) AND (l_quantity >= '10'::numeric) AND (l_quantity <= '20'::numeric) AND (part.p_size <= 5)) OR ((part.p_brand = 'Brand#43'::bpchar) AND (part.p_container = ANY ('{"MED BAG","MED BOX","MED PKG","MED PACK"}'::bpchar[])) AND (l_quantity >= '10'::numeric) AND (l_quantity <= '20'::numeric) AND (part.p_size <= 10)) OR ((part.p_brand = 'Brand#44'::bpchar) AND (part.p_container = ANY ('{"LG CASE","LG BOX","LG PACK","LG PKG"}'::bpchar[])) AND (l_quantity >= '20'::numeric) AND (l_quantity <= '30'::numeric) AND (part.p_size <= 15))))
(8 rows)

query 19 run 3
SET
SET
SET
                                                                                                                                                                                                                                                                                                                                                                                                                                                                                                            QUERY PLAN                                                                                                                                                                                                                                                                                                                                                                                                                                                                                                            
----------------------------------------------------------------------------------------------------------------------------------------------------------------------------------------------------------------------------------------------------------------------------------------------------------------------------------------------------------------------------------------------------------------------------------------------------------------------------------------------------------------------------------------------------------------------------------------------------------------------------------------------------------------------------------------------------------------------------------------------------------------------------------------------------------------------------------------------------------------------------------------------------------------------------------------------------------------------------------------------------------------------------------
 Limit  (cost=352629.14..352629.15 rows=1 width=32)
   ->  Aggregate  (cost=352629.14..352629.15 rows=1 width=32)
         ->  Nested Loop  (cost=0.56..352620.63 rows=1135 width=12)
               ->  Seq Scan on part  (cost=0.00..125975.65 rows=5002 width=30)
                     Filter: ((p_size >= 1) AND (((p_brand = 'Brand#24'::bpchar) AND (p_container = ANY ('{"SM CASE","SM BOX","SM PACK","SM PKG"}'::bpchar[])) AND (p_size <= 5)) OR ((p_brand = 'Brand#43'::bpchar) AND (p_container = ANY ('{"MED BAG","MED BOX","MED PKG","MED PACK"}'::bpchar[])) AND (p_size <= 10)) OR ((p_brand = 'Brand#44'::bpchar) AND (p_container = ANY ('{"LG CASE","LG BOX","LG PACK","LG PKG"}'::bpchar[])) AND (p_size <= 15))))
               ->  Index Scan using idx_lineitem_part_supp on lineitem  (cost=0.56..45.30 rows=1 width=21)
                     Index Cond: (l_partkey = part.p_partkey)
                     Filter: ((l_shipmode = ANY ('{AIR,"AIR REG"}'::bpchar[])) AND (l_shipinstruct = 'DELIVER IN PERSON'::bpchar) AND (((l_quantity >= '10'::numeric) AND (l_quantity <= '20'::numeric)) OR ((l_quantity >= '10'::numeric) AND (l_quantity <= '20'::numeric)) OR ((l_quantity >= '20'::numeric) AND (l_quantity <= '30'::numeric))) AND (((part.p_brand = 'Brand#24'::bpchar) AND (part.p_container = ANY ('{"SM CASE","SM BOX","SM PACK","SM PKG"}'::bpchar[])) AND (l_quantity >= '10'::numeric) AND (l_quantity <= '20'::numeric) AND (part.p_size <= 5)) OR ((part.p_brand = 'Brand#43'::bpchar) AND (part.p_container = ANY ('{"MED BAG","MED BOX","MED PKG","MED PACK"}'::bpchar[])) AND (l_quantity >= '10'::numeric) AND (l_quantity <= '20'::numeric) AND (part.p_size <= 10)) OR ((part.p_brand = 'Brand#44'::bpchar) AND (part.p_container = ANY ('{"LG CASE","LG BOX","LG PACK","LG PKG"}'::bpchar[])) AND (l_quantity >= '20'::numeric) AND (l_quantity <= '30'::numeric) AND (part.p_size <= 15))))
(8 rows)

query 20 run 1
SET
SET
SET
                                                                   QUERY PLAN                                                                   
------------------------------------------------------------------------------------------------------------------------------------------------
 Limit  (cost=3437410.90..3437410.91 rows=1 width=51)
   ->  Sort  (cost=3437410.90..3437410.91 rows=1 width=51)
         Sort Key: supplier.s_name
         ->  Nested Loop Semi Join  (cost=3102837.38..3437410.89 rows=1 width=51)
               Join Filter: (supplier.s_suppkey = lineitem.l_suppkey)
               ->  Nested Loop  (cost=0.00..4472.31 rows=4000 width=55)
                     Join Filter: (supplier.s_nationkey = nation.n_nationkey)
                     ->  Seq Scan on nation  (cost=0.00..1.31 rows=1 width=4)
                           Filter: (n_name = 'IRAQ'::bpchar)
                     ->  Seq Scan on supplier  (cost=0.00..3221.00 rows=100000 width=59)
               ->  Materialize  (cost=3102837.38..3432758.59 rows=3 width=8)
                     ->  Nested Loop  (cost=3102837.38..3432758.57 rows=3 width=8)
                           ->  Merge Join  (cost=3102836.94..3407212.06 rows=48255 width=44)
                                 Merge Cond: (lineitem.l_partkey = part.p_partkey)
                                 ->  GroupAggregate  (cost=3102836.52..3262754.00 rows=4777183 width=40)
                                       Group Key: lineitem.l_partkey, lineitem.l_suppkey
                                       ->  Sort  (cost=3102836.52..3124901.45 rows=8825974 width=13)
                                             Sort Key: lineitem.l_partkey, lineitem.l_suppkey
                                             ->  Bitmap Heap Scan on lineitem  (cost=141513.30..1987647.72 rows=8825974 width=13)
                                                   Recheck Cond: ((l_shipdate >= '1996-01-01'::date) AND (l_shipdate < '1997-01-01'::date))
                                                   ->  Bitmap Index Scan on idx_lineitem_shipdate  (cost=0.00..139306.80 rows=8825974 width=0)
                                                         Index Cond: ((l_shipdate >= '1996-01-01'::date) AND (l_shipdate < '1997-01-01'::date))
                                 ->  Index Scan using part_pkey on part  (cost=0.43..84210.22 rows=20201 width=4)
                                       Filter: ((p_name)::text ~~ 'olive%'::text)
                           ->  Index Scan using partsupp_pkey on partsupp  (cost=0.43..0.52 rows=1 width=12)
                                 Index Cond: ((ps_partkey = lineitem.l_partkey) AND (ps_suppkey = lineitem.l_suppkey))
                                 Filter: ((ps_availqty)::numeric > ((0.5 * sum(lineitem.l_quantity))))
(27 rows)

query 20 run 2
SET
SET
SET
                                                                   QUERY PLAN                                                                   
------------------------------------------------------------------------------------------------------------------------------------------------
 Limit  (cost=3437410.90..3437410.91 rows=1 width=51)
   ->  Sort  (cost=3437410.90..3437410.91 rows=1 width=51)
         Sort Key: supplier.s_name
         ->  Nested Loop Semi Join  (cost=3102837.38..3437410.89 rows=1 width=51)
               Join Filter: (supplier.s_suppkey = lineitem.l_suppkey)
               ->  Nested Loop  (cost=0.00..4472.31 rows=4000 width=55)
                     Join Filter: (supplier.s_nationkey = nation.n_nationkey)
                     ->  Seq Scan on nation  (cost=0.00..1.31 rows=1 width=4)
                           Filter: (n_name = 'IRAQ'::bpchar)
                     ->  Seq Scan on supplier  (cost=0.00..3221.00 rows=100000 width=59)
               ->  Materialize  (cost=3102837.38..3432758.59 rows=3 width=8)
                     ->  Nested Loop  (cost=3102837.38..3432758.57 rows=3 width=8)
                           ->  Merge Join  (cost=3102836.94..3407212.06 rows=48255 width=44)
                                 Merge Cond: (lineitem.l_partkey = part.p_partkey)
                                 ->  GroupAggregate  (cost=3102836.52..3262754.00 rows=4777183 width=40)
                                       Group Key: lineitem.l_partkey, lineitem.l_suppkey
                                       ->  Sort  (cost=3102836.52..3124901.45 rows=8825974 width=13)
                                             Sort Key: lineitem.l_partkey, lineitem.l_suppkey
                                             ->  Bitmap Heap Scan on lineitem  (cost=141513.30..1987647.72 rows=8825974 width=13)
                                                   Recheck Cond: ((l_shipdate >= '1996-01-01'::date) AND (l_shipdate < '1997-01-01'::date))
                                                   ->  Bitmap Index Scan on idx_lineitem_shipdate  (cost=0.00..139306.80 rows=8825974 width=0)
                                                         Index Cond: ((l_shipdate >= '1996-01-01'::date) AND (l_shipdate < '1997-01-01'::date))
                                 ->  Index Scan using part_pkey on part  (cost=0.43..84210.22 rows=20201 width=4)
                                       Filter: ((p_name)::text ~~ 'olive%'::text)
                           ->  Index Scan using partsupp_pkey on partsupp  (cost=0.43..0.52 rows=1 width=12)
                                 Index Cond: ((ps_partkey = lineitem.l_partkey) AND (ps_suppkey = lineitem.l_suppkey))
                                 Filter: ((ps_availqty)::numeric > ((0.5 * sum(lineitem.l_quantity))))
(27 rows)

query 20 run 3
SET
SET
SET
                                                                   QUERY PLAN                                                                   
------------------------------------------------------------------------------------------------------------------------------------------------
 Limit  (cost=3437410.90..3437410.91 rows=1 width=51)
   ->  Sort  (cost=3437410.90..3437410.91 rows=1 width=51)
         Sort Key: supplier.s_name
         ->  Nested Loop Semi Join  (cost=3102837.38..3437410.89 rows=1 width=51)
               Join Filter: (supplier.s_suppkey = lineitem.l_suppkey)
               ->  Nested Loop  (cost=0.00..4472.31 rows=4000 width=55)
                     Join Filter: (supplier.s_nationkey = nation.n_nationkey)
                     ->  Seq Scan on nation  (cost=0.00..1.31 rows=1 width=4)
                           Filter: (n_name = 'IRAQ'::bpchar)
                     ->  Seq Scan on supplier  (cost=0.00..3221.00 rows=100000 width=59)
               ->  Materialize  (cost=3102837.38..3432758.59 rows=3 width=8)
                     ->  Nested Loop  (cost=3102837.38..3432758.57 rows=3 width=8)
                           ->  Merge Join  (cost=3102836.94..3407212.06 rows=48255 width=44)
                                 Merge Cond: (lineitem.l_partkey = part.p_partkey)
                                 ->  GroupAggregate  (cost=3102836.52..3262754.00 rows=4777183 width=40)
                                       Group Key: lineitem.l_partkey, lineitem.l_suppkey
                                       ->  Sort  (cost=3102836.52..3124901.45 rows=8825974 width=13)
                                             Sort Key: lineitem.l_partkey, lineitem.l_suppkey
                                             ->  Bitmap Heap Scan on lineitem  (cost=141513.30..1987647.72 rows=8825974 width=13)
                                                   Recheck Cond: ((l_shipdate >= '1996-01-01'::date) AND (l_shipdate < '1997-01-01'::date))
                                                   ->  Bitmap Index Scan on idx_lineitem_shipdate  (cost=0.00..139306.80 rows=8825974 width=0)
                                                         Index Cond: ((l_shipdate >= '1996-01-01'::date) AND (l_shipdate < '1997-01-01'::date))
                                 ->  Index Scan using part_pkey on part  (cost=0.43..84210.22 rows=20201 width=4)
                                       Filter: ((p_name)::text ~~ 'olive%'::text)
                           ->  Index Scan using partsupp_pkey on partsupp  (cost=0.43..0.52 rows=1 width=12)
                                 Index Cond: ((ps_partkey = lineitem.l_partkey) AND (ps_suppkey = lineitem.l_suppkey))
                                 Filter: ((ps_availqty)::numeric > ((0.5 * sum(lineitem.l_quantity))))
(27 rows)

query 21 run 1
SET
SET
SET
                                                                         QUERY PLAN                                                                         
------------------------------------------------------------------------------------------------------------------------------------------------------------
 Limit  (cost=3641111.37..3641111.38 rows=1 width=34)
   ->  Sort  (cost=3641111.37..3641111.38 rows=1 width=34)
         Sort Key: (count(*)) DESC, supplier.s_name
         ->  GroupAggregate  (cost=3641111.34..3641111.36 rows=1 width=34)
               Group Key: supplier.s_name
               ->  Sort  (cost=3641111.34..3641111.35 rows=1 width=26)
                     Sort Key: supplier.s_name
                     ->  Nested Loop Semi Join  (cost=1976515.08..3641111.33 rows=1 width=26)
                           Join Filter: (l2.l_suppkey <> l1.l_suppkey)
                           ->  Nested Loop Anti Join  (cost=1976514.51..3641108.09 rows=1 width=38)
                                 ->  Hash Join  (cost=1976513.95..2520191.74 rows=390760 width=38)
                                       Hash Cond: (orders.o_orderkey = l1.l_orderkey)
                                       ->  Seq Scan on orders  (cost=0.00..448779.61 rows=7328954 width=4)
                                             Filter: (o_orderstatus = 'F'::bpchar)
                                       ->  Hash  (cost=1960267.33..1960267.33 rows=799809 width=34)
                                             ->  Hash Join  (cost=2323.58..1960267.33 rows=799809 width=34)
                                                   Hash Cond: (l1.l_suppkey = supplier.s_suppkey)
                                                   ->  Seq Scan on lineitem l1  (cost=0.00..1874963.60 rows=19995216 width=8)
                                                         Filter: (l_receiptdate > l_commitdate)
                                                   ->  Hash  (cost=2273.58..2273.58 rows=4000 width=30)
                                                         ->  Nested Loop  (cost=49.42..2273.58 rows=4000 width=30)
                                                               ->  Seq Scan on nation  (cost=0.00..1.31 rows=1 width=4)
                                                                     Filter: (n_name = 'PERU'::bpchar)
                                                               ->  Bitmap Heap Scan on supplier  (cost=49.42..2232.27 rows=4000 width=34)
                                                                     Recheck Cond: (s_nationkey = nation.n_nationkey)
                                                                     ->  Bitmap Index Scan on idx_supplier_nation_key  (cost=0.00..48.42 rows=4000 width=0)
                                                                           Index Cond: (s_nationkey = nation.n_nationkey)
                                 ->  Index Scan using idx_lineitem_orderkey on lineitem l3  (cost=0.56..3.24 rows=1 width=8)
                                       Index Cond: (l_orderkey = l1.l_orderkey)
                                       Filter: ((l_receiptdate > l_commitdate) AND (l_suppkey <> l1.l_suppkey))
                           ->  Index Scan using idx_lineitem_orderkey on lineitem l2  (cost=0.56..3.22 rows=4 width=8)
                                 Index Cond: (l_orderkey = orders.o_orderkey)
(32 rows)

query 21 run 2
SET
SET
SET
                                                                         QUERY PLAN                                                                         
------------------------------------------------------------------------------------------------------------------------------------------------------------
 Limit  (cost=3641111.37..3641111.38 rows=1 width=34)
   ->  Sort  (cost=3641111.37..3641111.38 rows=1 width=34)
         Sort Key: (count(*)) DESC, supplier.s_name
         ->  GroupAggregate  (cost=3641111.34..3641111.36 rows=1 width=34)
               Group Key: supplier.s_name
               ->  Sort  (cost=3641111.34..3641111.35 rows=1 width=26)
                     Sort Key: supplier.s_name
                     ->  Nested Loop Semi Join  (cost=1976515.08..3641111.33 rows=1 width=26)
                           Join Filter: (l2.l_suppkey <> l1.l_suppkey)
                           ->  Nested Loop Anti Join  (cost=1976514.51..3641108.09 rows=1 width=38)
                                 ->  Hash Join  (cost=1976513.95..2520191.74 rows=390760 width=38)
                                       Hash Cond: (orders.o_orderkey = l1.l_orderkey)
                                       ->  Seq Scan on orders  (cost=0.00..448779.61 rows=7328954 width=4)
                                             Filter: (o_orderstatus = 'F'::bpchar)
                                       ->  Hash  (cost=1960267.33..1960267.33 rows=799809 width=34)
                                             ->  Hash Join  (cost=2323.58..1960267.33 rows=799809 width=34)
                                                   Hash Cond: (l1.l_suppkey = supplier.s_suppkey)
                                                   ->  Seq Scan on lineitem l1  (cost=0.00..1874963.60 rows=19995216 width=8)
                                                         Filter: (l_receiptdate > l_commitdate)
                                                   ->  Hash  (cost=2273.58..2273.58 rows=4000 width=30)
                                                         ->  Nested Loop  (cost=49.42..2273.58 rows=4000 width=30)
                                                               ->  Seq Scan on nation  (cost=0.00..1.31 rows=1 width=4)
                                                                     Filter: (n_name = 'PERU'::bpchar)
                                                               ->  Bitmap Heap Scan on supplier  (cost=49.42..2232.27 rows=4000 width=34)
                                                                     Recheck Cond: (s_nationkey = nation.n_nationkey)
                                                                     ->  Bitmap Index Scan on idx_supplier_nation_key  (cost=0.00..48.42 rows=4000 width=0)
                                                                           Index Cond: (s_nationkey = nation.n_nationkey)
                                 ->  Index Scan using idx_lineitem_orderkey on lineitem l3  (cost=0.56..3.24 rows=1 width=8)
                                       Index Cond: (l_orderkey = l1.l_orderkey)
                                       Filter: ((l_receiptdate > l_commitdate) AND (l_suppkey <> l1.l_suppkey))
                           ->  Index Scan using idx_lineitem_orderkey on lineitem l2  (cost=0.56..3.22 rows=4 width=8)
                                 Index Cond: (l_orderkey = orders.o_orderkey)
(32 rows)

query 21 run 3
SET
SET
SET
                                                                         QUERY PLAN                                                                         
------------------------------------------------------------------------------------------------------------------------------------------------------------
 Limit  (cost=3641111.37..3641111.38 rows=1 width=34)
   ->  Sort  (cost=3641111.37..3641111.38 rows=1 width=34)
         Sort Key: (count(*)) DESC, supplier.s_name
         ->  GroupAggregate  (cost=3641111.34..3641111.36 rows=1 width=34)
               Group Key: supplier.s_name
               ->  Sort  (cost=3641111.34..3641111.35 rows=1 width=26)
                     Sort Key: supplier.s_name
                     ->  Nested Loop Semi Join  (cost=1976515.08..3641111.33 rows=1 width=26)
                           Join Filter: (l2.l_suppkey <> l1.l_suppkey)
                           ->  Nested Loop Anti Join  (cost=1976514.51..3641108.09 rows=1 width=38)
                                 ->  Hash Join  (cost=1976513.95..2520191.74 rows=390760 width=38)
                                       Hash Cond: (orders.o_orderkey = l1.l_orderkey)
                                       ->  Seq Scan on orders  (cost=0.00..448779.61 rows=7328954 width=4)
                                             Filter: (o_orderstatus = 'F'::bpchar)
                                       ->  Hash  (cost=1960267.33..1960267.33 rows=799809 width=34)
                                             ->  Hash Join  (cost=2323.58..1960267.33 rows=799809 width=34)
                                                   Hash Cond: (l1.l_suppkey = supplier.s_suppkey)
                                                   ->  Seq Scan on lineitem l1  (cost=0.00..1874963.60 rows=19995216 width=8)
                                                         Filter: (l_receiptdate > l_commitdate)
                                                   ->  Hash  (cost=2273.58..2273.58 rows=4000 width=30)
                                                         ->  Nested Loop  (cost=49.42..2273.58 rows=4000 width=30)
                                                               ->  Seq Scan on nation  (cost=0.00..1.31 rows=1 width=4)
                                                                     Filter: (n_name = 'PERU'::bpchar)
                                                               ->  Bitmap Heap Scan on supplier  (cost=49.42..2232.27 rows=4000 width=34)
                                                                     Recheck Cond: (s_nationkey = nation.n_nationkey)
                                                                     ->  Bitmap Index Scan on idx_supplier_nation_key  (cost=0.00..48.42 rows=4000 width=0)
                                                                           Index Cond: (s_nationkey = nation.n_nationkey)
                                 ->  Index Scan using idx_lineitem_orderkey on lineitem l3  (cost=0.56..3.24 rows=1 width=8)
                                       Index Cond: (l_orderkey = l1.l_orderkey)
                                       Filter: ((l_receiptdate > l_commitdate) AND (l_suppkey <> l1.l_suppkey))
                           ->  Index Scan using idx_lineitem_orderkey on lineitem l2  (cost=0.56..3.22 rows=4 width=8)
                                 Index Cond: (l_orderkey = orders.o_orderkey)
(32 rows)

query 22 run 1
SET
SET
SET
                                                               QUERY PLAN                                                               
----------------------------------------------------------------------------------------------------------------------------------------
 Limit  (cost=161433.27..161433.30 rows=1 width=72)
   InitPlan 1 (returns $0)
     ->  Aggregate  (cost=75444.32..75444.33 rows=1 width=32)
           ->  Seq Scan on customer customer_1  (cost=0.00..75324.65 rows=47866 width=6)
                 Filter: ((c_acctbal > 0.00) AND ("substring"((c_phone)::text, 1, 2) = ANY ('{21,29,26,34,14,15,17}'::text[])))
   ->  GroupAggregate  (cost=85988.94..86193.65 rows=7444 width=72)
         Group Key: ("substring"((customer.c_phone)::text, 1, 2))
         ->  Sort  (cost=85988.94..86007.55 rows=7444 width=38)
               Sort Key: ("substring"((customer.c_phone)::text, 1, 2))
               ->  Nested Loop Anti Join  (cost=0.43..85510.22 rows=7444 width=38)
                     ->  Seq Scan on customer  (cost=0.00..75324.65 rows=17501 width=26)
                           Filter: ((c_acctbal > $0) AND ("substring"((c_phone)::text, 1, 2) = ANY ('{21,29,26,34,14,15,17}'::text[])))
                     ->  Index Only Scan using idx_orders_custkey on orders  (cost=0.43..1.97 rows=17 width=4)
                           Index Cond: (o_custkey = customer.c_custkey)
(14 rows)

query 22 run 2
SET
SET
SET
                                                               QUERY PLAN                                                               
----------------------------------------------------------------------------------------------------------------------------------------
 Limit  (cost=161433.27..161433.30 rows=1 width=72)
   InitPlan 1 (returns $0)
     ->  Aggregate  (cost=75444.32..75444.33 rows=1 width=32)
           ->  Seq Scan on customer customer_1  (cost=0.00..75324.65 rows=47866 width=6)
                 Filter: ((c_acctbal > 0.00) AND ("substring"((c_phone)::text, 1, 2) = ANY ('{21,29,26,34,14,15,17}'::text[])))
   ->  GroupAggregate  (cost=85988.94..86193.65 rows=7444 width=72)
         Group Key: ("substring"((customer.c_phone)::text, 1, 2))
         ->  Sort  (cost=85988.94..86007.55 rows=7444 width=38)
               Sort Key: ("substring"((customer.c_phone)::text, 1, 2))
               ->  Nested Loop Anti Join  (cost=0.43..85510.22 rows=7444 width=38)
                     ->  Seq Scan on customer  (cost=0.00..75324.65 rows=17501 width=26)
                           Filter: ((c_acctbal > $0) AND ("substring"((c_phone)::text, 1, 2) = ANY ('{21,29,26,34,14,15,17}'::text[])))
                     ->  Index Only Scan using idx_orders_custkey on orders  (cost=0.43..1.97 rows=17 width=4)
                           Index Cond: (o_custkey = customer.c_custkey)
(14 rows)

query 22 run 3
SET
SET
SET
                                                               QUERY PLAN                                                               
----------------------------------------------------------------------------------------------------------------------------------------
 Limit  (cost=161433.27..161433.30 rows=1 width=72)
   InitPlan 1 (returns $0)
     ->  Aggregate  (cost=75444.32..75444.33 rows=1 width=32)
           ->  Seq Scan on customer customer_1  (cost=0.00..75324.65 rows=47866 width=6)
                 Filter: ((c_acctbal > 0.00) AND ("substring"((c_phone)::text, 1, 2) = ANY ('{21,29,26,34,14,15,17}'::text[])))
   ->  GroupAggregate  (cost=85988.94..86193.65 rows=7444 width=72)
         Group Key: ("substring"((customer.c_phone)::text, 1, 2))
         ->  Sort  (cost=85988.94..86007.55 rows=7444 width=38)
               Sort Key: ("substring"((customer.c_phone)::text, 1, 2))
               ->  Nested Loop Anti Join  (cost=0.43..85510.22 rows=7444 width=38)
                     ->  Seq Scan on customer  (cost=0.00..75324.65 rows=17501 width=26)
                           Filter: ((c_acctbal > $0) AND ("substring"((c_phone)::text, 1, 2) = ANY ('{21,29,26,34,14,15,17}'::text[])))
                     ->  Index Only Scan using idx_orders_custkey on orders  (cost=0.43..1.97 rows=17 width=4)
                           Index Cond: (o_custkey = customer.c_custkey)
(14 rows)

