query 1 run 1
SET
SET
SET
                                           QUERY PLAN                                           
------------------------------------------------------------------------------------------------
 Limit  (cost=424776.77..424776.77 rows=1 width=236)
   ->  Sort  (cost=424776.77..424776.78 rows=6 width=236)
         Sort Key: l_returnflag, l_linestatus
         ->  HashAggregate  (cost=424776.57..424776.73 rows=6 width=236)
               Group Key: l_returnflag, l_linestatus
               ->  Seq Scan on lineitem  (cost=0.00..187577.25 rows=5929983 width=25)
                     Filter: (l_shipdate <= '1998-09-10 00:00:00'::timestamp without time zone)
(7 rows)

query 1 run 2
SET
SET
SET
                                           QUERY PLAN                                           
------------------------------------------------------------------------------------------------
 Limit  (cost=424776.77..424776.77 rows=1 width=236)
   ->  Sort  (cost=424776.77..424776.78 rows=6 width=236)
         Sort Key: l_returnflag, l_linestatus
         ->  HashAggregate  (cost=424776.57..424776.73 rows=6 width=236)
               Group Key: l_returnflag, l_linestatus
               ->  Seq Scan on lineitem  (cost=0.00..187577.25 rows=5929983 width=25)
                     Filter: (l_shipdate <= '1998-09-10 00:00:00'::timestamp without time zone)
(7 rows)

query 1 run 3
SET
SET
SET
                                           QUERY PLAN                                           
------------------------------------------------------------------------------------------------
 Limit  (cost=424776.77..424776.77 rows=1 width=236)
   ->  Sort  (cost=424776.77..424776.78 rows=6 width=236)
         Sort Key: l_returnflag, l_linestatus
         ->  HashAggregate  (cost=424776.57..424776.73 rows=6 width=236)
               Group Key: l_returnflag, l_linestatus
               ->  Seq Scan on lineitem  (cost=0.00..187577.25 rows=5929983 width=25)
                     Filter: (l_shipdate <= '1998-09-10 00:00:00'::timestamp without time zone)
(7 rows)

query 2 run 1
SET
SET
SET
                                                                 QUERY PLAN                                                                  
---------------------------------------------------------------------------------------------------------------------------------------------
 Limit  (cost=37078.44..37078.45 rows=1 width=192)
   ->  Sort  (cost=37078.44..37078.45 rows=1 width=192)
         Sort Key: supplier.s_acctbal DESC, nation.n_name, supplier.s_name, part.p_partkey
         ->  Hash Join  (cost=17609.96..37078.43 rows=1 width=192)
               Hash Cond: ((part.p_partkey = partsupp.ps_partkey) AND ((SubPlan 1) = partsupp.ps_supplycost))
               ->  Seq Scan on part  (cost=0.00..7099.00 rows=915 width=30)
                     Filter: (((p_type)::text ~~ '%NICKEL'::text) AND (p_size = 16))
               ->  Hash  (cost=11304.20..11304.20 rows=159984 width=172)
                     ->  Nested Loop  (cost=0.71..11304.20 rows=159984 width=172)
                           ->  Nested Loop  (cost=0.29..134.30 rows=2000 width=166)
                                 ->  Nested Loop  (cost=0.00..2.62 rows=5 width=30)
                                       Join Filter: (nation.n_regionkey = region.r_regionkey)
                                       ->  Seq Scan on region  (cost=0.00..1.06 rows=1 width=4)
                                             Filter: (r_name = 'AMERICA'::bpchar)
                                       ->  Seq Scan on nation  (cost=0.00..1.25 rows=25 width=34)
                                 ->  Index Scan using idx_supplier_nation_key on supplier  (cost=0.29..22.34 rows=400 width=144)
                                       Index Cond: (s_nationkey = nation.n_nationkey)
                           ->  Index Scan using idx_partsupp_suppkey on partsupp  (cost=0.42..4.78 rows=80 width=14)
                                 Index Cond: (ps_suppkey = supplier.s_suppkey)
               SubPlan 1
                 ->  Aggregate  (cost=18.44..18.45 rows=1 width=32)
                       ->  Nested Loop  (cost=0.85..18.44 rows=1 width=6)
                             Join Filter: (nation_1.n_regionkey = region_1.r_regionkey)
                             ->  Seq Scan on region region_1  (cost=0.00..1.06 rows=1 width=4)
                                   Filter: (r_name = 'AMERICA'::bpchar)
                             ->  Nested Loop  (cost=0.85..17.33 rows=4 width=10)
                                   ->  Nested Loop  (cost=0.71..16.71 rows=4 width=10)
                                         ->  Index Scan using idx_partsupp_partkey on partsupp partsupp_1  (cost=0.42..3.50 rows=4 width=10)
                                               Index Cond: (ps_partkey = part.p_partkey)
                                         ->  Index Scan using supplier_pkey on supplier supplier_1  (cost=0.29..3.30 rows=1 width=8)
                                               Index Cond: (s_suppkey = partsupp_1.ps_suppkey)
                                   ->  Index Scan using nation_pkey on nation nation_1  (cost=0.14..0.16 rows=1 width=8)
                                         Index Cond: (n_nationkey = supplier_1.s_nationkey)
(33 rows)

query 2 run 2
SET
SET
SET
                                                                 QUERY PLAN                                                                  
---------------------------------------------------------------------------------------------------------------------------------------------
 Limit  (cost=37078.44..37078.45 rows=1 width=192)
   ->  Sort  (cost=37078.44..37078.45 rows=1 width=192)
         Sort Key: supplier.s_acctbal DESC, nation.n_name, supplier.s_name, part.p_partkey
         ->  Hash Join  (cost=17609.96..37078.43 rows=1 width=192)
               Hash Cond: ((part.p_partkey = partsupp.ps_partkey) AND ((SubPlan 1) = partsupp.ps_supplycost))
               ->  Seq Scan on part  (cost=0.00..7099.00 rows=915 width=30)
                     Filter: (((p_type)::text ~~ '%NICKEL'::text) AND (p_size = 16))
               ->  Hash  (cost=11304.20..11304.20 rows=159984 width=172)
                     ->  Nested Loop  (cost=0.71..11304.20 rows=159984 width=172)
                           ->  Nested Loop  (cost=0.29..134.30 rows=2000 width=166)
                                 ->  Nested Loop  (cost=0.00..2.62 rows=5 width=30)
                                       Join Filter: (nation.n_regionkey = region.r_regionkey)
                                       ->  Seq Scan on region  (cost=0.00..1.06 rows=1 width=4)
                                             Filter: (r_name = 'AMERICA'::bpchar)
                                       ->  Seq Scan on nation  (cost=0.00..1.25 rows=25 width=34)
                                 ->  Index Scan using idx_supplier_nation_key on supplier  (cost=0.29..22.34 rows=400 width=144)
                                       Index Cond: (s_nationkey = nation.n_nationkey)
                           ->  Index Scan using idx_partsupp_suppkey on partsupp  (cost=0.42..4.78 rows=80 width=14)
                                 Index Cond: (ps_suppkey = supplier.s_suppkey)
               SubPlan 1
                 ->  Aggregate  (cost=18.44..18.45 rows=1 width=32)
                       ->  Nested Loop  (cost=0.85..18.44 rows=1 width=6)
                             Join Filter: (nation_1.n_regionkey = region_1.r_regionkey)
                             ->  Seq Scan on region region_1  (cost=0.00..1.06 rows=1 width=4)
                                   Filter: (r_name = 'AMERICA'::bpchar)
                             ->  Nested Loop  (cost=0.85..17.33 rows=4 width=10)
                                   ->  Nested Loop  (cost=0.71..16.71 rows=4 width=10)
                                         ->  Index Scan using idx_partsupp_partkey on partsupp partsupp_1  (cost=0.42..3.50 rows=4 width=10)
                                               Index Cond: (ps_partkey = part.p_partkey)
                                         ->  Index Scan using supplier_pkey on supplier supplier_1  (cost=0.29..3.30 rows=1 width=8)
                                               Index Cond: (s_suppkey = partsupp_1.ps_suppkey)
                                   ->  Index Scan using nation_pkey on nation nation_1  (cost=0.14..0.16 rows=1 width=8)
                                         Index Cond: (n_nationkey = supplier_1.s_nationkey)
(33 rows)

query 2 run 3
SET
SET
SET
                                                                 QUERY PLAN                                                                  
---------------------------------------------------------------------------------------------------------------------------------------------
 Limit  (cost=37078.44..37078.45 rows=1 width=192)
   ->  Sort  (cost=37078.44..37078.45 rows=1 width=192)
         Sort Key: supplier.s_acctbal DESC, nation.n_name, supplier.s_name, part.p_partkey
         ->  Hash Join  (cost=17609.96..37078.43 rows=1 width=192)
               Hash Cond: ((part.p_partkey = partsupp.ps_partkey) AND ((SubPlan 1) = partsupp.ps_supplycost))
               ->  Seq Scan on part  (cost=0.00..7099.00 rows=915 width=30)
                     Filter: (((p_type)::text ~~ '%NICKEL'::text) AND (p_size = 16))
               ->  Hash  (cost=11304.20..11304.20 rows=159984 width=172)
                     ->  Nested Loop  (cost=0.71..11304.20 rows=159984 width=172)
                           ->  Nested Loop  (cost=0.29..134.30 rows=2000 width=166)
                                 ->  Nested Loop  (cost=0.00..2.62 rows=5 width=30)
                                       Join Filter: (nation.n_regionkey = region.r_regionkey)
                                       ->  Seq Scan on region  (cost=0.00..1.06 rows=1 width=4)
                                             Filter: (r_name = 'AMERICA'::bpchar)
                                       ->  Seq Scan on nation  (cost=0.00..1.25 rows=25 width=34)
                                 ->  Index Scan using idx_supplier_nation_key on supplier  (cost=0.29..22.34 rows=400 width=144)
                                       Index Cond: (s_nationkey = nation.n_nationkey)
                           ->  Index Scan using idx_partsupp_suppkey on partsupp  (cost=0.42..4.78 rows=80 width=14)
                                 Index Cond: (ps_suppkey = supplier.s_suppkey)
               SubPlan 1
                 ->  Aggregate  (cost=18.44..18.45 rows=1 width=32)
                       ->  Nested Loop  (cost=0.85..18.44 rows=1 width=6)
                             Join Filter: (nation_1.n_regionkey = region_1.r_regionkey)
                             ->  Seq Scan on region region_1  (cost=0.00..1.06 rows=1 width=4)
                                   Filter: (r_name = 'AMERICA'::bpchar)
                             ->  Nested Loop  (cost=0.85..17.33 rows=4 width=10)
                                   ->  Nested Loop  (cost=0.71..16.71 rows=4 width=10)
                                         ->  Index Scan using idx_partsupp_partkey on partsupp partsupp_1  (cost=0.42..3.50 rows=4 width=10)
                                               Index Cond: (ps_partkey = part.p_partkey)
                                         ->  Index Scan using supplier_pkey on supplier supplier_1  (cost=0.29..3.30 rows=1 width=8)
                                               Index Cond: (s_suppkey = partsupp_1.ps_suppkey)
                                   ->  Index Scan using nation_pkey on nation nation_1  (cost=0.14..0.16 rows=1 width=8)
                                         Index Cond: (n_nationkey = supplier_1.s_nationkey)
(33 rows)

query 3 run 1
SET
SET
SET
                                                     QUERY PLAN                                                      
---------------------------------------------------------------------------------------------------------------------
 Limit  (cost=213863.12..213863.15 rows=10 width=44)
   ->  Sort  (cost=213863.12..214656.02 rows=317160 width=44)
         Sort Key: (sum((lineitem.l_extendedprice * ('1'::numeric - lineitem.l_discount)))) DESC, orders.o_orderdate
         ->  GroupAggregate  (cost=197494.61..207009.41 rows=317160 width=44)
               Group Key: lineitem.l_orderkey, orders.o_orderdate, orders.o_shippriority
               ->  Sort  (cost=197494.61..198287.51 rows=317160 width=24)
                     Sort Key: lineitem.l_orderkey, orders.o_orderdate, orders.o_shippriority
                     ->  Nested Loop  (cost=5847.24..168514.35 rows=317160 width=24)
                           ->  Hash Join  (cost=5846.81..52631.57 rows=144971 width=12)
                                 Hash Cond: (orders.o_custkey = customer.c_custkey)
                                 ->  Seq Scan on orders  (cost=0.00..44881.00 rows=725218 width=16)
                                       Filter: (o_orderdate < '1995-03-07'::date)
                                 ->  Hash  (cost=5472.00..5472.00 rows=29985 width=4)
                                       ->  Seq Scan on customer  (cost=0.00..5472.00 rows=29985 width=4)
                                             Filter: (c_mktsegment = 'BUILDING'::bpchar)
                           ->  Index Scan using lineitem_pkey on lineitem  (cost=0.43..0.78 rows=2 width=16)
                                 Index Cond: (l_orderkey = orders.o_orderkey)
                                 Filter: (l_shipdate > '1995-03-07'::date)
(18 rows)

query 3 run 2
SET
SET
SET
                                                     QUERY PLAN                                                      
---------------------------------------------------------------------------------------------------------------------
 Limit  (cost=213863.12..213863.15 rows=10 width=44)
   ->  Sort  (cost=213863.12..214656.02 rows=317160 width=44)
         Sort Key: (sum((lineitem.l_extendedprice * ('1'::numeric - lineitem.l_discount)))) DESC, orders.o_orderdate
         ->  GroupAggregate  (cost=197494.61..207009.41 rows=317160 width=44)
               Group Key: lineitem.l_orderkey, orders.o_orderdate, orders.o_shippriority
               ->  Sort  (cost=197494.61..198287.51 rows=317160 width=24)
                     Sort Key: lineitem.l_orderkey, orders.o_orderdate, orders.o_shippriority
                     ->  Nested Loop  (cost=5847.24..168514.35 rows=317160 width=24)
                           ->  Hash Join  (cost=5846.81..52631.57 rows=144971 width=12)
                                 Hash Cond: (orders.o_custkey = customer.c_custkey)
                                 ->  Seq Scan on orders  (cost=0.00..44881.00 rows=725218 width=16)
                                       Filter: (o_orderdate < '1995-03-07'::date)
                                 ->  Hash  (cost=5472.00..5472.00 rows=29985 width=4)
                                       ->  Seq Scan on customer  (cost=0.00..5472.00 rows=29985 width=4)
                                             Filter: (c_mktsegment = 'BUILDING'::bpchar)
                           ->  Index Scan using lineitem_pkey on lineitem  (cost=0.43..0.78 rows=2 width=16)
                                 Index Cond: (l_orderkey = orders.o_orderkey)
                                 Filter: (l_shipdate > '1995-03-07'::date)
(18 rows)

query 3 run 3
SET
SET
SET
                                                     QUERY PLAN                                                      
---------------------------------------------------------------------------------------------------------------------
 Limit  (cost=213863.12..213863.15 rows=10 width=44)
   ->  Sort  (cost=213863.12..214656.02 rows=317160 width=44)
         Sort Key: (sum((lineitem.l_extendedprice * ('1'::numeric - lineitem.l_discount)))) DESC, orders.o_orderdate
         ->  GroupAggregate  (cost=197494.61..207009.41 rows=317160 width=44)
               Group Key: lineitem.l_orderkey, orders.o_orderdate, orders.o_shippriority
               ->  Sort  (cost=197494.61..198287.51 rows=317160 width=24)
                     Sort Key: lineitem.l_orderkey, orders.o_orderdate, orders.o_shippriority
                     ->  Nested Loop  (cost=5847.24..168514.35 rows=317160 width=24)
                           ->  Hash Join  (cost=5846.81..52631.57 rows=144971 width=12)
                                 Hash Cond: (orders.o_custkey = customer.c_custkey)
                                 ->  Seq Scan on orders  (cost=0.00..44881.00 rows=725218 width=16)
                                       Filter: (o_orderdate < '1995-03-07'::date)
                                 ->  Hash  (cost=5472.00..5472.00 rows=29985 width=4)
                                       ->  Seq Scan on customer  (cost=0.00..5472.00 rows=29985 width=4)
                                             Filter: (c_mktsegment = 'BUILDING'::bpchar)
                           ->  Index Scan using lineitem_pkey on lineitem  (cost=0.43..0.78 rows=2 width=16)
                                 Index Cond: (l_orderkey = orders.o_orderkey)
                                 Filter: (l_shipdate > '1995-03-07'::date)
(18 rows)

query 4 run 1
SET
SET
SET
                                                        QUERY PLAN                                                        
--------------------------------------------------------------------------------------------------------------------------
 Limit  (cost=133233.26..133233.26 rows=1 width=24)
   ->  Sort  (cost=133233.26..133233.27 rows=5 width=24)
         Sort Key: orders.o_orderpriority
         ->  HashAggregate  (cost=133233.19..133233.24 rows=5 width=24)
               Group Key: orders.o_orderpriority
               ->  Nested Loop Semi Join  (cost=783.41..132961.21 rows=54395 width=16)
                     ->  Bitmap Heap Scan on orders  (cost=782.98..27729.90 rows=54395 width=20)
                           Recheck Cond: ((o_orderdate >= '1993-12-01'::date) AND (o_orderdate < '1994-03-01'::date))
                           ->  Bitmap Index Scan on idx_orders_orderdate  (cost=0.00..769.38 rows=54395 width=0)
                                 Index Cond: ((o_orderdate >= '1993-12-01'::date) AND (o_orderdate < '1994-03-01'::date))
                     ->  Index Scan using idx_lineitem_orderkey on lineitem  (cost=0.43..2.17 rows=1 width=4)
                           Index Cond: (l_orderkey = orders.o_orderkey)
                           Filter: (l_commitdate < l_receiptdate)
(13 rows)

query 4 run 2
SET
SET
SET
                                                        QUERY PLAN                                                        
--------------------------------------------------------------------------------------------------------------------------
 Limit  (cost=133233.26..133233.26 rows=1 width=24)
   ->  Sort  (cost=133233.26..133233.27 rows=5 width=24)
         Sort Key: orders.o_orderpriority
         ->  HashAggregate  (cost=133233.19..133233.24 rows=5 width=24)
               Group Key: orders.o_orderpriority
               ->  Nested Loop Semi Join  (cost=783.41..132961.21 rows=54395 width=16)
                     ->  Bitmap Heap Scan on orders  (cost=782.98..27729.90 rows=54395 width=20)
                           Recheck Cond: ((o_orderdate >= '1993-12-01'::date) AND (o_orderdate < '1994-03-01'::date))
                           ->  Bitmap Index Scan on idx_orders_orderdate  (cost=0.00..769.38 rows=54395 width=0)
                                 Index Cond: ((o_orderdate >= '1993-12-01'::date) AND (o_orderdate < '1994-03-01'::date))
                     ->  Index Scan using idx_lineitem_orderkey on lineitem  (cost=0.43..2.17 rows=1 width=4)
                           Index Cond: (l_orderkey = orders.o_orderkey)
                           Filter: (l_commitdate < l_receiptdate)
(13 rows)

query 4 run 3
SET
SET
SET
                                                        QUERY PLAN                                                        
--------------------------------------------------------------------------------------------------------------------------
 Limit  (cost=133233.26..133233.26 rows=1 width=24)
   ->  Sort  (cost=133233.26..133233.27 rows=5 width=24)
         Sort Key: orders.o_orderpriority
         ->  HashAggregate  (cost=133233.19..133233.24 rows=5 width=24)
               Group Key: orders.o_orderpriority
               ->  Nested Loop Semi Join  (cost=783.41..132961.21 rows=54395 width=16)
                     ->  Bitmap Heap Scan on orders  (cost=782.98..27729.90 rows=54395 width=20)
                           Recheck Cond: ((o_orderdate >= '1993-12-01'::date) AND (o_orderdate < '1994-03-01'::date))
                           ->  Bitmap Index Scan on idx_orders_orderdate  (cost=0.00..769.38 rows=54395 width=0)
                                 Index Cond: ((o_orderdate >= '1993-12-01'::date) AND (o_orderdate < '1994-03-01'::date))
                     ->  Index Scan using idx_lineitem_orderkey on lineitem  (cost=0.43..2.17 rows=1 width=4)
                           Index Cond: (l_orderkey = orders.o_orderkey)
                           Filter: (l_commitdate < l_receiptdate)
(13 rows)

query 5 run 1
SET
SET
SET
                                                                 QUERY PLAN                                                                 
--------------------------------------------------------------------------------------------------------------------------------------------
 Limit  (cost=102318.31..102318.31 rows=1 width=58)
   ->  Sort  (cost=102318.31..102318.37 rows=25 width=58)
         Sort Key: (sum((lineitem.l_extendedprice * ('1'::numeric - lineitem.l_discount)))) DESC
         ->  GroupAggregate  (cost=102224.73..102318.18 rows=25 width=58)
               Group Key: nation.n_name
               ->  Sort  (cost=102224.73..102243.36 rows=7451 width=38)
                     Sort Key: nation.n_name
                     ->  Hash Join  (cost=474.28..101745.51 rows=7451 width=38)
                           Hash Cond: ((lineitem.l_suppkey = supplier.s_suppkey) AND (customer.c_nationkey = supplier.s_nationkey))
                           ->  Nested Loop  (cost=1.28..100292.41 rows=186684 width=50)
                                 ->  Nested Loop  (cost=0.85..36268.29 rows=46671 width=38)
                                       ->  Nested Loop  (cost=0.42..1992.69 rows=30000 width=38)
                                             ->  Nested Loop  (cost=0.00..2.62 rows=5 width=30)
                                                   Join Filter: (nation.n_regionkey = region.r_regionkey)
                                                   ->  Seq Scan on region  (cost=0.00..1.06 rows=1 width=4)
                                                         Filter: (r_name = 'AMERICA'::bpchar)
                                                   ->  Seq Scan on nation  (cost=0.00..1.25 rows=25 width=34)
                                             ->  Index Scan using idx_customer_nationkey on customer  (cost=0.42..338.01 rows=6000 width=8)
                                                   Index Cond: (c_nationkey = nation.n_nationkey)
                                       ->  Index Scan using idx_orders_custkey on orders  (cost=0.43..1.11 rows=3 width=8)
                                             Index Cond: (o_custkey = customer.c_custkey)
                                             Filter: ((o_orderdate >= '1993-01-01'::date) AND (o_orderdate < '1994-01-01'::date))
                                 ->  Index Scan using lineitem_pkey on lineitem  (cost=0.43..1.33 rows=4 width=20)
                                       Index Cond: (l_orderkey = orders.o_orderkey)
                           ->  Hash  (cost=323.00..323.00 rows=10000 width=8)
                                 ->  Seq Scan on supplier  (cost=0.00..323.00 rows=10000 width=8)
(26 rows)

query 5 run 2
SET
SET
SET
                                                                 QUERY PLAN                                                                 
--------------------------------------------------------------------------------------------------------------------------------------------
 Limit  (cost=102318.31..102318.31 rows=1 width=58)
   ->  Sort  (cost=102318.31..102318.37 rows=25 width=58)
         Sort Key: (sum((lineitem.l_extendedprice * ('1'::numeric - lineitem.l_discount)))) DESC
         ->  GroupAggregate  (cost=102224.73..102318.18 rows=25 width=58)
               Group Key: nation.n_name
               ->  Sort  (cost=102224.73..102243.36 rows=7451 width=38)
                     Sort Key: nation.n_name
                     ->  Hash Join  (cost=474.28..101745.51 rows=7451 width=38)
                           Hash Cond: ((lineitem.l_suppkey = supplier.s_suppkey) AND (customer.c_nationkey = supplier.s_nationkey))
                           ->  Nested Loop  (cost=1.28..100292.41 rows=186684 width=50)
                                 ->  Nested Loop  (cost=0.85..36268.29 rows=46671 width=38)
                                       ->  Nested Loop  (cost=0.42..1992.69 rows=30000 width=38)
                                             ->  Nested Loop  (cost=0.00..2.62 rows=5 width=30)
                                                   Join Filter: (nation.n_regionkey = region.r_regionkey)
                                                   ->  Seq Scan on region  (cost=0.00..1.06 rows=1 width=4)
                                                         Filter: (r_name = 'AMERICA'::bpchar)
                                                   ->  Seq Scan on nation  (cost=0.00..1.25 rows=25 width=34)
                                             ->  Index Scan using idx_customer_nationkey on customer  (cost=0.42..338.01 rows=6000 width=8)
                                                   Index Cond: (c_nationkey = nation.n_nationkey)
                                       ->  Index Scan using idx_orders_custkey on orders  (cost=0.43..1.11 rows=3 width=8)
                                             Index Cond: (o_custkey = customer.c_custkey)
                                             Filter: ((o_orderdate >= '1993-01-01'::date) AND (o_orderdate < '1994-01-01'::date))
                                 ->  Index Scan using lineitem_pkey on lineitem  (cost=0.43..1.33 rows=4 width=20)
                                       Index Cond: (l_orderkey = orders.o_orderkey)
                           ->  Hash  (cost=323.00..323.00 rows=10000 width=8)
                                 ->  Seq Scan on supplier  (cost=0.00..323.00 rows=10000 width=8)
(26 rows)

query 5 run 3
SET
SET
SET
                                                                 QUERY PLAN                                                                 
--------------------------------------------------------------------------------------------------------------------------------------------
 Limit  (cost=102318.31..102318.31 rows=1 width=58)
   ->  Sort  (cost=102318.31..102318.37 rows=25 width=58)
         Sort Key: (sum((lineitem.l_extendedprice * ('1'::numeric - lineitem.l_discount)))) DESC
         ->  GroupAggregate  (cost=102224.73..102318.18 rows=25 width=58)
               Group Key: nation.n_name
               ->  Sort  (cost=102224.73..102243.36 rows=7451 width=38)
                     Sort Key: nation.n_name
                     ->  Hash Join  (cost=474.28..101745.51 rows=7451 width=38)
                           Hash Cond: ((lineitem.l_suppkey = supplier.s_suppkey) AND (customer.c_nationkey = supplier.s_nationkey))
                           ->  Nested Loop  (cost=1.28..100292.41 rows=186684 width=50)
                                 ->  Nested Loop  (cost=0.85..36268.29 rows=46671 width=38)
                                       ->  Nested Loop  (cost=0.42..1992.69 rows=30000 width=38)
                                             ->  Nested Loop  (cost=0.00..2.62 rows=5 width=30)
                                                   Join Filter: (nation.n_regionkey = region.r_regionkey)
                                                   ->  Seq Scan on region  (cost=0.00..1.06 rows=1 width=4)
                                                         Filter: (r_name = 'AMERICA'::bpchar)
                                                   ->  Seq Scan on nation  (cost=0.00..1.25 rows=25 width=34)
                                             ->  Index Scan using idx_customer_nationkey on customer  (cost=0.42..338.01 rows=6000 width=8)
                                                   Index Cond: (c_nationkey = nation.n_nationkey)
                                       ->  Index Scan using idx_orders_custkey on orders  (cost=0.43..1.11 rows=3 width=8)
                                             Index Cond: (o_custkey = customer.c_custkey)
                                             Filter: ((o_orderdate >= '1993-01-01'::date) AND (o_orderdate < '1994-01-01'::date))
                                 ->  Index Scan using lineitem_pkey on lineitem  (cost=0.43..1.33 rows=4 width=20)
                                       Index Cond: (l_orderkey = orders.o_orderkey)
                           ->  Hash  (cost=323.00..323.00 rows=10000 width=8)
                                 ->  Seq Scan on supplier  (cost=0.00..323.00 rows=10000 width=8)
(26 rows)

query 6 run 1
SET
SET
SET
                                                                                                          QUERY PLAN                                                                                                           
-------------------------------------------------------------------------------------------------------------------------------------------------------------------------------------------------------------------------------
 Limit  (cost=109166.07..109166.08 rows=1 width=32)
   ->  Aggregate  (cost=109166.07..109166.08 rows=1 width=32)
         ->  Bitmap Heap Scan on lineitem  (cost=21346.35..108569.26 rows=119361 width=12)
               Recheck Cond: ((l_shipdate >= '1993-01-01'::date) AND (l_shipdate < '1994-01-01 00:00:00'::timestamp without time zone) AND (l_discount >= 0.06) AND (l_discount <= 0.08) AND (l_quantity < '25'::numeric))
               ->  Bitmap Index Scan on idx_lineitem_shipdate  (cost=0.00..21316.51 rows=119361 width=0)
                     Index Cond: ((l_shipdate >= '1993-01-01'::date) AND (l_shipdate < '1994-01-01 00:00:00'::timestamp without time zone) AND (l_discount >= 0.06) AND (l_discount <= 0.08) AND (l_quantity < '25'::numeric))
(6 rows)

query 6 run 2
SET
SET
SET
                                                                                                          QUERY PLAN                                                                                                           
-------------------------------------------------------------------------------------------------------------------------------------------------------------------------------------------------------------------------------
 Limit  (cost=109166.07..109166.08 rows=1 width=32)
   ->  Aggregate  (cost=109166.07..109166.08 rows=1 width=32)
         ->  Bitmap Heap Scan on lineitem  (cost=21346.35..108569.26 rows=119361 width=12)
               Recheck Cond: ((l_shipdate >= '1993-01-01'::date) AND (l_shipdate < '1994-01-01 00:00:00'::timestamp without time zone) AND (l_discount >= 0.06) AND (l_discount <= 0.08) AND (l_quantity < '25'::numeric))
               ->  Bitmap Index Scan on idx_lineitem_shipdate  (cost=0.00..21316.51 rows=119361 width=0)
                     Index Cond: ((l_shipdate >= '1993-01-01'::date) AND (l_shipdate < '1994-01-01 00:00:00'::timestamp without time zone) AND (l_discount >= 0.06) AND (l_discount <= 0.08) AND (l_quantity < '25'::numeric))
(6 rows)

query 6 run 3
SET
SET
SET
                                                                                                          QUERY PLAN                                                                                                           
-------------------------------------------------------------------------------------------------------------------------------------------------------------------------------------------------------------------------------
 Limit  (cost=109166.07..109166.08 rows=1 width=32)
   ->  Aggregate  (cost=109166.07..109166.08 rows=1 width=32)
         ->  Bitmap Heap Scan on lineitem  (cost=21346.35..108569.26 rows=119361 width=12)
               Recheck Cond: ((l_shipdate >= '1993-01-01'::date) AND (l_shipdate < '1994-01-01 00:00:00'::timestamp without time zone) AND (l_discount >= 0.06) AND (l_discount <= 0.08) AND (l_quantity < '25'::numeric))
               ->  Bitmap Index Scan on idx_lineitem_shipdate  (cost=0.00..21316.51 rows=119361 width=0)
                     Index Cond: ((l_shipdate >= '1993-01-01'::date) AND (l_shipdate < '1994-01-01 00:00:00'::timestamp without time zone) AND (l_discount >= 0.06) AND (l_discount <= 0.08) AND (l_quantity < '25'::numeric))
(6 rows)

query 7 run 1
SET
SET
SET
                                                                                 QUERY PLAN                                                                                  
-----------------------------------------------------------------------------------------------------------------------------------------------------------------------------
 Limit  (cost=99792.69..99792.72 rows=1 width=92)
   ->  GroupAggregate  (cost=99792.69..100006.64 rows=6113 width=92)
         Group Key: n1.n_name, n2.n_name, (date_part('year'::text, (lineitem.l_shipdate)::timestamp without time zone))
         ->  Sort  (cost=99792.69..99807.97 rows=6113 width=72)
               Sort Key: n1.n_name, n2.n_name, (date_part('year'::text, (lineitem.l_shipdate)::timestamp without time zone))
               ->  Hash Join  (cost=371.30..99408.25 rows=6113 width=72)
                     Hash Cond: (lineitem.l_suppkey = supplier.s_suppkey)
                     Join Filter: (((n1.n_name = 'PERU'::bpchar) AND (n2.n_name = 'MOROCCO'::bpchar)) OR ((n1.n_name = 'MOROCCO'::bpchar) AND (n2.n_name = 'PERU'::bpchar)))
                     ->  Nested Loop  (cost=72.53..98291.73 rows=147248 width=46)
                           ->  Nested Loop  (cost=72.10..18909.69 rows=120000 width=30)
                                 ->  Nested Loop  (cost=71.67..4539.45 rows=12000 width=30)
                                       ->  Seq Scan on nation n2  (cost=0.00..1.38 rows=2 width=30)
                                             Filter: ((n_name = 'MOROCCO'::bpchar) OR (n_name = 'PERU'::bpchar))
                                       ->  Bitmap Heap Scan on customer  (cost=71.67..2209.04 rows=6000 width=8)
                                             Recheck Cond: (c_nationkey = n2.n_nationkey)
                                             ->  Bitmap Index Scan on idx_customer_nationkey  (cost=0.00..70.17 rows=6000 width=0)
                                                   Index Cond: (c_nationkey = n2.n_nationkey)
                                 ->  Index Scan using idx_orders_custkey on orders  (cost=0.43..1.03 rows=17 width=8)
                                       Index Cond: (o_custkey = customer.c_custkey)
                           ->  Index Scan using lineitem_pkey on lineitem  (cost=0.43..0.65 rows=1 width=24)
                                 Index Cond: (l_orderkey = orders.o_orderkey)
                                 Filter: ((l_shipdate >= '1995-01-01'::date) AND (l_shipdate <= '1996-12-31'::date))
                     ->  Hash  (cost=288.77..288.77 rows=800 width=30)
                           ->  Nested Loop  (cost=6.38..288.77 rows=800 width=30)
                                 ->  Seq Scan on nation n1  (cost=0.00..1.38 rows=2 width=30)
                                       Filter: ((n_name = 'PERU'::bpchar) OR (n_name = 'MOROCCO'::bpchar))
                                 ->  Bitmap Heap Scan on supplier  (cost=6.38..139.70 rows=400 width=8)
                                       Recheck Cond: (s_nationkey = n1.n_nationkey)
                                       ->  Bitmap Index Scan on idx_supplier_nation_key  (cost=0.00..6.29 rows=400 width=0)
                                             Index Cond: (s_nationkey = n1.n_nationkey)
(30 rows)

query 7 run 2
SET
SET
SET
                                                                                 QUERY PLAN                                                                                  
-----------------------------------------------------------------------------------------------------------------------------------------------------------------------------
 Limit  (cost=99792.69..99792.72 rows=1 width=92)
   ->  GroupAggregate  (cost=99792.69..100006.64 rows=6113 width=92)
         Group Key: n1.n_name, n2.n_name, (date_part('year'::text, (lineitem.l_shipdate)::timestamp without time zone))
         ->  Sort  (cost=99792.69..99807.97 rows=6113 width=72)
               Sort Key: n1.n_name, n2.n_name, (date_part('year'::text, (lineitem.l_shipdate)::timestamp without time zone))
               ->  Hash Join  (cost=371.30..99408.25 rows=6113 width=72)
                     Hash Cond: (lineitem.l_suppkey = supplier.s_suppkey)
                     Join Filter: (((n1.n_name = 'PERU'::bpchar) AND (n2.n_name = 'MOROCCO'::bpchar)) OR ((n1.n_name = 'MOROCCO'::bpchar) AND (n2.n_name = 'PERU'::bpchar)))
                     ->  Nested Loop  (cost=72.53..98291.73 rows=147248 width=46)
                           ->  Nested Loop  (cost=72.10..18909.69 rows=120000 width=30)
                                 ->  Nested Loop  (cost=71.67..4539.45 rows=12000 width=30)
                                       ->  Seq Scan on nation n2  (cost=0.00..1.38 rows=2 width=30)
                                             Filter: ((n_name = 'MOROCCO'::bpchar) OR (n_name = 'PERU'::bpchar))
                                       ->  Bitmap Heap Scan on customer  (cost=71.67..2209.04 rows=6000 width=8)
                                             Recheck Cond: (c_nationkey = n2.n_nationkey)
                                             ->  Bitmap Index Scan on idx_customer_nationkey  (cost=0.00..70.17 rows=6000 width=0)
                                                   Index Cond: (c_nationkey = n2.n_nationkey)
                                 ->  Index Scan using idx_orders_custkey on orders  (cost=0.43..1.03 rows=17 width=8)
                                       Index Cond: (o_custkey = customer.c_custkey)
                           ->  Index Scan using lineitem_pkey on lineitem  (cost=0.43..0.65 rows=1 width=24)
                                 Index Cond: (l_orderkey = orders.o_orderkey)
                                 Filter: ((l_shipdate >= '1995-01-01'::date) AND (l_shipdate <= '1996-12-31'::date))
                     ->  Hash  (cost=288.77..288.77 rows=800 width=30)
                           ->  Nested Loop  (cost=6.38..288.77 rows=800 width=30)
                                 ->  Seq Scan on nation n1  (cost=0.00..1.38 rows=2 width=30)
                                       Filter: ((n_name = 'PERU'::bpchar) OR (n_name = 'MOROCCO'::bpchar))
                                 ->  Bitmap Heap Scan on supplier  (cost=6.38..139.70 rows=400 width=8)
                                       Recheck Cond: (s_nationkey = n1.n_nationkey)
                                       ->  Bitmap Index Scan on idx_supplier_nation_key  (cost=0.00..6.29 rows=400 width=0)
                                             Index Cond: (s_nationkey = n1.n_nationkey)
(30 rows)

query 7 run 3
SET
SET
SET
                                                                                 QUERY PLAN                                                                                  
-----------------------------------------------------------------------------------------------------------------------------------------------------------------------------
 Limit  (cost=99792.69..99792.72 rows=1 width=92)
   ->  GroupAggregate  (cost=99792.69..100006.64 rows=6113 width=92)
         Group Key: n1.n_name, n2.n_name, (date_part('year'::text, (lineitem.l_shipdate)::timestamp without time zone))
         ->  Sort  (cost=99792.69..99807.97 rows=6113 width=72)
               Sort Key: n1.n_name, n2.n_name, (date_part('year'::text, (lineitem.l_shipdate)::timestamp without time zone))
               ->  Hash Join  (cost=371.30..99408.25 rows=6113 width=72)
                     Hash Cond: (lineitem.l_suppkey = supplier.s_suppkey)
                     Join Filter: (((n1.n_name = 'PERU'::bpchar) AND (n2.n_name = 'MOROCCO'::bpchar)) OR ((n1.n_name = 'MOROCCO'::bpchar) AND (n2.n_name = 'PERU'::bpchar)))
                     ->  Nested Loop  (cost=72.53..98291.73 rows=147248 width=46)
                           ->  Nested Loop  (cost=72.10..18909.69 rows=120000 width=30)
                                 ->  Nested Loop  (cost=71.67..4539.45 rows=12000 width=30)
                                       ->  Seq Scan on nation n2  (cost=0.00..1.38 rows=2 width=30)
                                             Filter: ((n_name = 'MOROCCO'::bpchar) OR (n_name = 'PERU'::bpchar))
                                       ->  Bitmap Heap Scan on customer  (cost=71.67..2209.04 rows=6000 width=8)
                                             Recheck Cond: (c_nationkey = n2.n_nationkey)
                                             ->  Bitmap Index Scan on idx_customer_nationkey  (cost=0.00..70.17 rows=6000 width=0)
                                                   Index Cond: (c_nationkey = n2.n_nationkey)
                                 ->  Index Scan using idx_orders_custkey on orders  (cost=0.43..1.03 rows=17 width=8)
                                       Index Cond: (o_custkey = customer.c_custkey)
                           ->  Index Scan using lineitem_pkey on lineitem  (cost=0.43..0.65 rows=1 width=24)
                                 Index Cond: (l_orderkey = orders.o_orderkey)
                                 Filter: ((l_shipdate >= '1995-01-01'::date) AND (l_shipdate <= '1996-12-31'::date))
                     ->  Hash  (cost=288.77..288.77 rows=800 width=30)
                           ->  Nested Loop  (cost=6.38..288.77 rows=800 width=30)
                                 ->  Seq Scan on nation n1  (cost=0.00..1.38 rows=2 width=30)
                                       Filter: ((n_name = 'PERU'::bpchar) OR (n_name = 'MOROCCO'::bpchar))
                                 ->  Bitmap Heap Scan on supplier  (cost=6.38..139.70 rows=400 width=8)
                                       Recheck Cond: (s_nationkey = n1.n_nationkey)
                                       ->  Bitmap Index Scan on idx_supplier_nation_key  (cost=0.00..6.29 rows=400 width=0)
                                             Index Cond: (s_nationkey = n1.n_nationkey)
(30 rows)

query 8 run 1
SET
SET
SET
                                                                 QUERY PLAN                                                                 
--------------------------------------------------------------------------------------------------------------------------------------------
 Limit  (cost=85747.96..85748.01 rows=1 width=40)
   ->  GroupAggregate  (cost=85747.96..85856.10 rows=2403 width=40)
         Group Key: (date_part('year'::text, (orders.o_orderdate)::timestamp without time zone))
         ->  Sort  (cost=85747.96..85753.97 rows=2403 width=46)
               Sort Key: (date_part('year'::text, (orders.o_orderdate)::timestamp without time zone))
               ->  Nested Loop  (cost=2368.97..85613.03 rows=2403 width=46)
                     ->  Nested Loop  (cost=2368.84..85228.98 rows=2403 width=20)
                           ->  Hash Join  (cost=2368.55..84500.11 rows=2409 width=20)
                                 Hash Cond: (orders.o_custkey = customer.c_custkey)
                                 ->  Nested Loop  (cost=0.86..82063.15 rows=12047 width=24)
                                       ->  Nested Loop  (cost=0.43..63843.57 rows=39819 width=20)
                                             ->  Seq Scan on part  (cost=0.00..6599.00 rows=1327 width=4)
                                                   Filter: ((p_type)::text = 'LARGE POLISHED BRASS'::text)
                                             ->  Index Scan using idx_lineitem_part_supp on lineitem  (cost=0.43..42.82 rows=32 width=24)
                                                   Index Cond: (l_partkey = part.p_partkey)
                                       ->  Index Scan using orders_pkey on orders  (cost=0.43..0.46 rows=1 width=12)
                                             Index Cond: (o_orderkey = lineitem.l_orderkey)
                                             Filter: ((o_orderdate >= '1995-01-01'::date) AND (o_orderdate <= '1996-12-31'::date))
                                 ->  Hash  (cost=1992.69..1992.69 rows=30000 width=4)
                                       ->  Nested Loop  (cost=0.42..1992.69 rows=30000 width=4)
                                             ->  Nested Loop  (cost=0.00..2.62 rows=5 width=4)
                                                   Join Filter: (n1.n_regionkey = region.r_regionkey)
                                                   ->  Seq Scan on region  (cost=0.00..1.06 rows=1 width=4)
                                                         Filter: (r_name = 'AMERICA'::bpchar)
                                                   ->  Seq Scan on nation n1  (cost=0.00..1.25 rows=25 width=8)
                                             ->  Index Scan using idx_customer_nationkey on customer  (cost=0.42..338.01 rows=6000 width=8)
                                                   Index Cond: (c_nationkey = n1.n_nationkey)
                           ->  Index Scan using supplier_pkey on supplier  (cost=0.29..0.30 rows=1 width=8)
                                 Index Cond: (s_suppkey = lineitem.l_suppkey)
                     ->  Index Scan using nation_pkey on nation n2  (cost=0.14..0.16 rows=1 width=30)
                           Index Cond: (n_nationkey = supplier.s_nationkey)
(31 rows)

query 8 run 2
SET
SET
SET
                                                                 QUERY PLAN                                                                 
--------------------------------------------------------------------------------------------------------------------------------------------
 Limit  (cost=85747.96..85748.01 rows=1 width=40)
   ->  GroupAggregate  (cost=85747.96..85856.10 rows=2403 width=40)
         Group Key: (date_part('year'::text, (orders.o_orderdate)::timestamp without time zone))
         ->  Sort  (cost=85747.96..85753.97 rows=2403 width=46)
               Sort Key: (date_part('year'::text, (orders.o_orderdate)::timestamp without time zone))
               ->  Nested Loop  (cost=2368.97..85613.03 rows=2403 width=46)
                     ->  Nested Loop  (cost=2368.84..85228.98 rows=2403 width=20)
                           ->  Hash Join  (cost=2368.55..84500.11 rows=2409 width=20)
                                 Hash Cond: (orders.o_custkey = customer.c_custkey)
                                 ->  Nested Loop  (cost=0.86..82063.15 rows=12047 width=24)
                                       ->  Nested Loop  (cost=0.43..63843.57 rows=39819 width=20)
                                             ->  Seq Scan on part  (cost=0.00..6599.00 rows=1327 width=4)
                                                   Filter: ((p_type)::text = 'LARGE POLISHED BRASS'::text)
                                             ->  Index Scan using idx_lineitem_part_supp on lineitem  (cost=0.43..42.82 rows=32 width=24)
                                                   Index Cond: (l_partkey = part.p_partkey)
                                       ->  Index Scan using orders_pkey on orders  (cost=0.43..0.46 rows=1 width=12)
                                             Index Cond: (o_orderkey = lineitem.l_orderkey)
                                             Filter: ((o_orderdate >= '1995-01-01'::date) AND (o_orderdate <= '1996-12-31'::date))
                                 ->  Hash  (cost=1992.69..1992.69 rows=30000 width=4)
                                       ->  Nested Loop  (cost=0.42..1992.69 rows=30000 width=4)
                                             ->  Nested Loop  (cost=0.00..2.62 rows=5 width=4)
                                                   Join Filter: (n1.n_regionkey = region.r_regionkey)
                                                   ->  Seq Scan on region  (cost=0.00..1.06 rows=1 width=4)
                                                         Filter: (r_name = 'AMERICA'::bpchar)
                                                   ->  Seq Scan on nation n1  (cost=0.00..1.25 rows=25 width=8)
                                             ->  Index Scan using idx_customer_nationkey on customer  (cost=0.42..338.01 rows=6000 width=8)
                                                   Index Cond: (c_nationkey = n1.n_nationkey)
                           ->  Index Scan using supplier_pkey on supplier  (cost=0.29..0.30 rows=1 width=8)
                                 Index Cond: (s_suppkey = lineitem.l_suppkey)
                     ->  Index Scan using nation_pkey on nation n2  (cost=0.14..0.16 rows=1 width=30)
                           Index Cond: (n_nationkey = supplier.s_nationkey)
(31 rows)

query 8 run 3
SET
SET
SET
                                                                 QUERY PLAN                                                                 
--------------------------------------------------------------------------------------------------------------------------------------------
 Limit  (cost=85747.96..85748.01 rows=1 width=40)
   ->  GroupAggregate  (cost=85747.96..85856.10 rows=2403 width=40)
         Group Key: (date_part('year'::text, (orders.o_orderdate)::timestamp without time zone))
         ->  Sort  (cost=85747.96..85753.97 rows=2403 width=46)
               Sort Key: (date_part('year'::text, (orders.o_orderdate)::timestamp without time zone))
               ->  Nested Loop  (cost=2368.97..85613.03 rows=2403 width=46)
                     ->  Nested Loop  (cost=2368.84..85228.98 rows=2403 width=20)
                           ->  Hash Join  (cost=2368.55..84500.11 rows=2409 width=20)
                                 Hash Cond: (orders.o_custkey = customer.c_custkey)
                                 ->  Nested Loop  (cost=0.86..82063.15 rows=12047 width=24)
                                       ->  Nested Loop  (cost=0.43..63843.57 rows=39819 width=20)
                                             ->  Seq Scan on part  (cost=0.00..6599.00 rows=1327 width=4)
                                                   Filter: ((p_type)::text = 'LARGE POLISHED BRASS'::text)
                                             ->  Index Scan using idx_lineitem_part_supp on lineitem  (cost=0.43..42.82 rows=32 width=24)
                                                   Index Cond: (l_partkey = part.p_partkey)
                                       ->  Index Scan using orders_pkey on orders  (cost=0.43..0.46 rows=1 width=12)
                                             Index Cond: (o_orderkey = lineitem.l_orderkey)
                                             Filter: ((o_orderdate >= '1995-01-01'::date) AND (o_orderdate <= '1996-12-31'::date))
                                 ->  Hash  (cost=1992.69..1992.69 rows=30000 width=4)
                                       ->  Nested Loop  (cost=0.42..1992.69 rows=30000 width=4)
                                             ->  Nested Loop  (cost=0.00..2.62 rows=5 width=4)
                                                   Join Filter: (n1.n_regionkey = region.r_regionkey)
                                                   ->  Seq Scan on region  (cost=0.00..1.06 rows=1 width=4)
                                                         Filter: (r_name = 'AMERICA'::bpchar)
                                                   ->  Seq Scan on nation n1  (cost=0.00..1.25 rows=25 width=8)
                                             ->  Index Scan using idx_customer_nationkey on customer  (cost=0.42..338.01 rows=6000 width=8)
                                                   Index Cond: (c_nationkey = n1.n_nationkey)
                           ->  Index Scan using supplier_pkey on supplier  (cost=0.29..0.30 rows=1 width=8)
                                 Index Cond: (s_suppkey = lineitem.l_suppkey)
                     ->  Index Scan using nation_pkey on nation n2  (cost=0.14..0.16 rows=1 width=30)
                           Index Cond: (n_nationkey = supplier.s_nationkey)
(31 rows)

query 9 run 1
SET
SET
SET
                                                              QUERY PLAN                                                              
--------------------------------------------------------------------------------------------------------------------------------------
 Limit  (cost=46753.79..46753.83 rows=1 width=66)
   ->  GroupAggregate  (cost=46753.79..46757.39 rows=96 width=66)
         Group Key: nation.n_name, (date_part('year'::text, (orders.o_orderdate)::timestamp without time zone))
         ->  Sort  (cost=46753.79..46754.03 rows=96 width=57)
               Sort Key: nation.n_name, (date_part('year'::text, (orders.o_orderdate)::timestamp without time zone)) DESC
               ->  Nested Loop  (cost=1.57..46750.63 rows=96 width=57)
                     Join Filter: (supplier.s_nationkey = nation.n_nationkey)
                     ->  Nested Loop  (cost=1.57..46714.22 rows=96 width=31)
                           ->  Nested Loop  (cost=1.14..46670.78 rows=96 width=31)
                                 ->  Nested Loop  (cost=0.86..46641.73 rows=96 width=35)
                                       ->  Nested Loop  (cost=0.42..24071.33 rows=32040 width=18)
                                             ->  Seq Scan on part  (cost=0.00..6599.00 rows=8081 width=4)
                                                   Filter: ((p_name)::text ~~ '%navy%'::text)
                                             ->  Index Scan using idx_partsupp_partkey on partsupp  (cost=0.42..2.12 rows=4 width=14)
                                                   Index Cond: (ps_partkey = part.p_partkey)
                                       ->  Index Scan using idx_lineitem_part_supp on lineitem  (cost=0.43..0.69 rows=1 width=29)
                                             Index Cond: ((l_partkey = partsupp.ps_partkey) AND (l_suppkey = partsupp.ps_suppkey))
                                 ->  Index Scan using supplier_pkey on supplier  (cost=0.29..0.30 rows=1 width=8)
                                       Index Cond: (s_suppkey = lineitem.l_suppkey)
                           ->  Index Scan using orders_pkey on orders  (cost=0.43..0.45 rows=1 width=8)
                                 Index Cond: (o_orderkey = lineitem.l_orderkey)
                     ->  Materialize  (cost=0.00..1.38 rows=25 width=30)
                           ->  Seq Scan on nation  (cost=0.00..1.25 rows=25 width=30)
(23 rows)

query 9 run 2
SET
SET
SET
                                                              QUERY PLAN                                                              
--------------------------------------------------------------------------------------------------------------------------------------
 Limit  (cost=46753.79..46753.83 rows=1 width=66)
   ->  GroupAggregate  (cost=46753.79..46757.39 rows=96 width=66)
         Group Key: nation.n_name, (date_part('year'::text, (orders.o_orderdate)::timestamp without time zone))
         ->  Sort  (cost=46753.79..46754.03 rows=96 width=57)
               Sort Key: nation.n_name, (date_part('year'::text, (orders.o_orderdate)::timestamp without time zone)) DESC
               ->  Nested Loop  (cost=1.57..46750.63 rows=96 width=57)
                     Join Filter: (supplier.s_nationkey = nation.n_nationkey)
                     ->  Nested Loop  (cost=1.57..46714.22 rows=96 width=31)
                           ->  Nested Loop  (cost=1.14..46670.78 rows=96 width=31)
                                 ->  Nested Loop  (cost=0.86..46641.73 rows=96 width=35)
                                       ->  Nested Loop  (cost=0.42..24071.33 rows=32040 width=18)
                                             ->  Seq Scan on part  (cost=0.00..6599.00 rows=8081 width=4)
                                                   Filter: ((p_name)::text ~~ '%navy%'::text)
                                             ->  Index Scan using idx_partsupp_partkey on partsupp  (cost=0.42..2.12 rows=4 width=14)
                                                   Index Cond: (ps_partkey = part.p_partkey)
                                       ->  Index Scan using idx_lineitem_part_supp on lineitem  (cost=0.43..0.69 rows=1 width=29)
                                             Index Cond: ((l_partkey = partsupp.ps_partkey) AND (l_suppkey = partsupp.ps_suppkey))
                                 ->  Index Scan using supplier_pkey on supplier  (cost=0.29..0.30 rows=1 width=8)
                                       Index Cond: (s_suppkey = lineitem.l_suppkey)
                           ->  Index Scan using orders_pkey on orders  (cost=0.43..0.45 rows=1 width=8)
                                 Index Cond: (o_orderkey = lineitem.l_orderkey)
                     ->  Materialize  (cost=0.00..1.38 rows=25 width=30)
                           ->  Seq Scan on nation  (cost=0.00..1.25 rows=25 width=30)
(23 rows)

query 9 run 3
SET
SET
SET
                                                              QUERY PLAN                                                              
--------------------------------------------------------------------------------------------------------------------------------------
 Limit  (cost=46753.79..46753.83 rows=1 width=66)
   ->  GroupAggregate  (cost=46753.79..46757.39 rows=96 width=66)
         Group Key: nation.n_name, (date_part('year'::text, (orders.o_orderdate)::timestamp without time zone))
         ->  Sort  (cost=46753.79..46754.03 rows=96 width=57)
               Sort Key: nation.n_name, (date_part('year'::text, (orders.o_orderdate)::timestamp without time zone)) DESC
               ->  Nested Loop  (cost=1.57..46750.63 rows=96 width=57)
                     Join Filter: (supplier.s_nationkey = nation.n_nationkey)
                     ->  Nested Loop  (cost=1.57..46714.22 rows=96 width=31)
                           ->  Nested Loop  (cost=1.14..46670.78 rows=96 width=31)
                                 ->  Nested Loop  (cost=0.86..46641.73 rows=96 width=35)
                                       ->  Nested Loop  (cost=0.42..24071.33 rows=32040 width=18)
                                             ->  Seq Scan on part  (cost=0.00..6599.00 rows=8081 width=4)
                                                   Filter: ((p_name)::text ~~ '%navy%'::text)
                                             ->  Index Scan using idx_partsupp_partkey on partsupp  (cost=0.42..2.12 rows=4 width=14)
                                                   Index Cond: (ps_partkey = part.p_partkey)
                                       ->  Index Scan using idx_lineitem_part_supp on lineitem  (cost=0.43..0.69 rows=1 width=29)
                                             Index Cond: ((l_partkey = partsupp.ps_partkey) AND (l_suppkey = partsupp.ps_suppkey))
                                 ->  Index Scan using supplier_pkey on supplier  (cost=0.29..0.30 rows=1 width=8)
                                       Index Cond: (s_suppkey = lineitem.l_suppkey)
                           ->  Index Scan using orders_pkey on orders  (cost=0.43..0.45 rows=1 width=8)
                                 Index Cond: (o_orderkey = lineitem.l_orderkey)
                     ->  Materialize  (cost=0.00..1.38 rows=25 width=30)
                           ->  Seq Scan on nation  (cost=0.00..1.25 rows=25 width=30)
(23 rows)

query 10 run 1
SET
SET
SET
                                                              QUERY PLAN                                                              
--------------------------------------------------------------------------------------------------------------------------------------
 Limit  (cost=158785.50..158785.55 rows=20 width=202)
   ->  Sort  (cost=158785.50..158921.74 rows=54496 width=202)
         Sort Key: (sum((lineitem.l_extendedprice * ('1'::numeric - lineitem.l_discount)))) DESC
         ->  HashAggregate  (cost=156654.18..157335.38 rows=54496 width=202)
               Group Key: customer.c_custkey, nation.n_name
               ->  Hash Join  (cost=7777.20..155972.98 rows=54496 width=182)
                     Hash Cond: (customer.c_nationkey = nation.n_nationkey)
                     ->  Hash Join  (cost=7775.64..155804.12 rows=54496 width=160)
                           Hash Cond: (orders.o_custkey = customer.c_custkey)
                           ->  Nested Loop  (cost=803.64..148689.07 rows=54496 width=16)
                                 ->  Bitmap Heap Scan on orders  (cost=803.20..27770.95 rows=55783 width=8)
                                       Recheck Cond: ((o_orderdate >= '1994-08-01'::date) AND (o_orderdate < '1994-11-01'::date))
                                       ->  Bitmap Index Scan on idx_orders_orderdate  (cost=0.00..789.26 rows=55783 width=0)
                                             Index Cond: ((o_orderdate >= '1994-08-01'::date) AND (o_orderdate < '1994-11-01'::date))
                                 ->  Index Scan using idx_lineitem_orderkey on lineitem  (cost=0.43..2.16 rows=1 width=16)
                                       Index Cond: (l_orderkey = orders.o_orderkey)
                                       Filter: (l_returnflag = 'R'::bpchar)
                           ->  Hash  (cost=5097.00..5097.00 rows=150000 width=148)
                                 ->  Seq Scan on customer  (cost=0.00..5097.00 rows=150000 width=148)
                     ->  Hash  (cost=1.25..1.25 rows=25 width=30)
                           ->  Seq Scan on nation  (cost=0.00..1.25 rows=25 width=30)
(21 rows)

query 10 run 2
SET
SET
SET
                                                              QUERY PLAN                                                              
--------------------------------------------------------------------------------------------------------------------------------------
 Limit  (cost=158785.50..158785.55 rows=20 width=202)
   ->  Sort  (cost=158785.50..158921.74 rows=54496 width=202)
         Sort Key: (sum((lineitem.l_extendedprice * ('1'::numeric - lineitem.l_discount)))) DESC
         ->  HashAggregate  (cost=156654.18..157335.38 rows=54496 width=202)
               Group Key: customer.c_custkey, nation.n_name
               ->  Hash Join  (cost=7777.20..155972.98 rows=54496 width=182)
                     Hash Cond: (customer.c_nationkey = nation.n_nationkey)
                     ->  Hash Join  (cost=7775.64..155804.12 rows=54496 width=160)
                           Hash Cond: (orders.o_custkey = customer.c_custkey)
                           ->  Nested Loop  (cost=803.64..148689.07 rows=54496 width=16)
                                 ->  Bitmap Heap Scan on orders  (cost=803.20..27770.95 rows=55783 width=8)
                                       Recheck Cond: ((o_orderdate >= '1994-08-01'::date) AND (o_orderdate < '1994-11-01'::date))
                                       ->  Bitmap Index Scan on idx_orders_orderdate  (cost=0.00..789.26 rows=55783 width=0)
                                             Index Cond: ((o_orderdate >= '1994-08-01'::date) AND (o_orderdate < '1994-11-01'::date))
                                 ->  Index Scan using idx_lineitem_orderkey on lineitem  (cost=0.43..2.16 rows=1 width=16)
                                       Index Cond: (l_orderkey = orders.o_orderkey)
                                       Filter: (l_returnflag = 'R'::bpchar)
                           ->  Hash  (cost=5097.00..5097.00 rows=150000 width=148)
                                 ->  Seq Scan on customer  (cost=0.00..5097.00 rows=150000 width=148)
                     ->  Hash  (cost=1.25..1.25 rows=25 width=30)
                           ->  Seq Scan on nation  (cost=0.00..1.25 rows=25 width=30)
(21 rows)

query 10 run 3
SET
SET
SET
                                                              QUERY PLAN                                                              
--------------------------------------------------------------------------------------------------------------------------------------
 Limit  (cost=158785.50..158785.55 rows=20 width=202)
   ->  Sort  (cost=158785.50..158921.74 rows=54496 width=202)
         Sort Key: (sum((lineitem.l_extendedprice * ('1'::numeric - lineitem.l_discount)))) DESC
         ->  HashAggregate  (cost=156654.18..157335.38 rows=54496 width=202)
               Group Key: customer.c_custkey, nation.n_name
               ->  Hash Join  (cost=7777.20..155972.98 rows=54496 width=182)
                     Hash Cond: (customer.c_nationkey = nation.n_nationkey)
                     ->  Hash Join  (cost=7775.64..155804.12 rows=54496 width=160)
                           Hash Cond: (orders.o_custkey = customer.c_custkey)
                           ->  Nested Loop  (cost=803.64..148689.07 rows=54496 width=16)
                                 ->  Bitmap Heap Scan on orders  (cost=803.20..27770.95 rows=55783 width=8)
                                       Recheck Cond: ((o_orderdate >= '1994-08-01'::date) AND (o_orderdate < '1994-11-01'::date))
                                       ->  Bitmap Index Scan on idx_orders_orderdate  (cost=0.00..789.26 rows=55783 width=0)
                                             Index Cond: ((o_orderdate >= '1994-08-01'::date) AND (o_orderdate < '1994-11-01'::date))
                                 ->  Index Scan using idx_lineitem_orderkey on lineitem  (cost=0.43..2.16 rows=1 width=16)
                                       Index Cond: (l_orderkey = orders.o_orderkey)
                                       Filter: (l_returnflag = 'R'::bpchar)
                           ->  Hash  (cost=5097.00..5097.00 rows=150000 width=148)
                                 ->  Seq Scan on customer  (cost=0.00..5097.00 rows=150000 width=148)
                     ->  Hash  (cost=1.25..1.25 rows=25 width=30)
                           ->  Seq Scan on nation  (cost=0.00..1.25 rows=25 width=30)
(21 rows)

query 11 run 1
SET
SET
SET
                                                      QUERY PLAN                                                      
----------------------------------------------------------------------------------------------------------------------
 Limit  (cost=6342.32..6342.33 rows=1 width=36)
   InitPlan 1 (returns $2)
     ->  Aggregate  (cost=2704.53..2704.55 rows=1 width=32)
           ->  Nested Loop  (cost=6.81..2464.55 rows=31997 width=10)
                 ->  Nested Loop  (cost=6.38..230.58 rows=400 width=4)
                       ->  Seq Scan on nation nation_1  (cost=0.00..1.31 rows=1 width=4)
                             Filter: (n_name = 'SAUDI ARABIA'::bpchar)
                       ->  Bitmap Heap Scan on supplier supplier_1  (cost=6.38..225.26 rows=400 width=8)
                             Recheck Cond: (s_nationkey = nation_1.n_nationkey)
                             ->  Bitmap Index Scan on idx_supplier_nation_key  (cost=0.00..6.29 rows=400 width=0)
                                   Index Cond: (s_nationkey = nation_1.n_nationkey)
                 ->  Index Scan using idx_partsupp_suppkey on partsupp partsupp_1  (cost=0.42..4.78 rows=80 width=14)
                       Index Cond: (ps_suppkey = supplier_1.s_suppkey)
   ->  Sort  (cost=3637.78..3664.44 rows=10666 width=36)
         Sort Key: (sum((partsupp.ps_supplycost * (partsupp.ps_availqty)::numeric))) DESC
         ->  HashAggregate  (cost=3024.50..3584.45 rows=10666 width=36)
               Group Key: partsupp.ps_partkey
               Filter: (sum((partsupp.ps_supplycost * (partsupp.ps_availqty)::numeric)) > $2)
               ->  Nested Loop  (cost=6.81..2464.55 rows=31997 width=14)
                     ->  Nested Loop  (cost=6.38..230.58 rows=400 width=4)
                           ->  Seq Scan on nation  (cost=0.00..1.31 rows=1 width=4)
                                 Filter: (n_name = 'SAUDI ARABIA'::bpchar)
                           ->  Bitmap Heap Scan on supplier  (cost=6.38..225.26 rows=400 width=8)
                                 Recheck Cond: (s_nationkey = nation.n_nationkey)
                                 ->  Bitmap Index Scan on idx_supplier_nation_key  (cost=0.00..6.29 rows=400 width=0)
                                       Index Cond: (s_nationkey = nation.n_nationkey)
                     ->  Index Scan using idx_partsupp_suppkey on partsupp  (cost=0.42..4.78 rows=80 width=18)
                           Index Cond: (ps_suppkey = supplier.s_suppkey)
(28 rows)

query 11 run 2
SET
SET
SET
                                                      QUERY PLAN                                                      
----------------------------------------------------------------------------------------------------------------------
 Limit  (cost=6342.32..6342.33 rows=1 width=36)
   InitPlan 1 (returns $2)
     ->  Aggregate  (cost=2704.53..2704.55 rows=1 width=32)
           ->  Nested Loop  (cost=6.81..2464.55 rows=31997 width=10)
                 ->  Nested Loop  (cost=6.38..230.58 rows=400 width=4)
                       ->  Seq Scan on nation nation_1  (cost=0.00..1.31 rows=1 width=4)
                             Filter: (n_name = 'SAUDI ARABIA'::bpchar)
                       ->  Bitmap Heap Scan on supplier supplier_1  (cost=6.38..225.26 rows=400 width=8)
                             Recheck Cond: (s_nationkey = nation_1.n_nationkey)
                             ->  Bitmap Index Scan on idx_supplier_nation_key  (cost=0.00..6.29 rows=400 width=0)
                                   Index Cond: (s_nationkey = nation_1.n_nationkey)
                 ->  Index Scan using idx_partsupp_suppkey on partsupp partsupp_1  (cost=0.42..4.78 rows=80 width=14)
                       Index Cond: (ps_suppkey = supplier_1.s_suppkey)
   ->  Sort  (cost=3637.78..3664.44 rows=10666 width=36)
         Sort Key: (sum((partsupp.ps_supplycost * (partsupp.ps_availqty)::numeric))) DESC
         ->  HashAggregate  (cost=3024.50..3584.45 rows=10666 width=36)
               Group Key: partsupp.ps_partkey
               Filter: (sum((partsupp.ps_supplycost * (partsupp.ps_availqty)::numeric)) > $2)
               ->  Nested Loop  (cost=6.81..2464.55 rows=31997 width=14)
                     ->  Nested Loop  (cost=6.38..230.58 rows=400 width=4)
                           ->  Seq Scan on nation  (cost=0.00..1.31 rows=1 width=4)
                                 Filter: (n_name = 'SAUDI ARABIA'::bpchar)
                           ->  Bitmap Heap Scan on supplier  (cost=6.38..225.26 rows=400 width=8)
                                 Recheck Cond: (s_nationkey = nation.n_nationkey)
                                 ->  Bitmap Index Scan on idx_supplier_nation_key  (cost=0.00..6.29 rows=400 width=0)
                                       Index Cond: (s_nationkey = nation.n_nationkey)
                     ->  Index Scan using idx_partsupp_suppkey on partsupp  (cost=0.42..4.78 rows=80 width=18)
                           Index Cond: (ps_suppkey = supplier.s_suppkey)
(28 rows)

query 11 run 3
SET
SET
SET
                                                      QUERY PLAN                                                      
----------------------------------------------------------------------------------------------------------------------
 Limit  (cost=6342.32..6342.33 rows=1 width=36)
   InitPlan 1 (returns $2)
     ->  Aggregate  (cost=2704.53..2704.55 rows=1 width=32)
           ->  Nested Loop  (cost=6.81..2464.55 rows=31997 width=10)
                 ->  Nested Loop  (cost=6.38..230.58 rows=400 width=4)
                       ->  Seq Scan on nation nation_1  (cost=0.00..1.31 rows=1 width=4)
                             Filter: (n_name = 'SAUDI ARABIA'::bpchar)
                       ->  Bitmap Heap Scan on supplier supplier_1  (cost=6.38..225.26 rows=400 width=8)
                             Recheck Cond: (s_nationkey = nation_1.n_nationkey)
                             ->  Bitmap Index Scan on idx_supplier_nation_key  (cost=0.00..6.29 rows=400 width=0)
                                   Index Cond: (s_nationkey = nation_1.n_nationkey)
                 ->  Index Scan using idx_partsupp_suppkey on partsupp partsupp_1  (cost=0.42..4.78 rows=80 width=14)
                       Index Cond: (ps_suppkey = supplier_1.s_suppkey)
   ->  Sort  (cost=3637.78..3664.44 rows=10666 width=36)
         Sort Key: (sum((partsupp.ps_supplycost * (partsupp.ps_availqty)::numeric))) DESC
         ->  HashAggregate  (cost=3024.50..3584.45 rows=10666 width=36)
               Group Key: partsupp.ps_partkey
               Filter: (sum((partsupp.ps_supplycost * (partsupp.ps_availqty)::numeric)) > $2)
               ->  Nested Loop  (cost=6.81..2464.55 rows=31997 width=14)
                     ->  Nested Loop  (cost=6.38..230.58 rows=400 width=4)
                           ->  Seq Scan on nation  (cost=0.00..1.31 rows=1 width=4)
                                 Filter: (n_name = 'SAUDI ARABIA'::bpchar)
                           ->  Bitmap Heap Scan on supplier  (cost=6.38..225.26 rows=400 width=8)
                                 Recheck Cond: (s_nationkey = nation.n_nationkey)
                                 ->  Bitmap Index Scan on idx_supplier_nation_key  (cost=0.00..6.29 rows=400 width=0)
                                       Index Cond: (s_nationkey = nation.n_nationkey)
                     ->  Index Scan using idx_partsupp_suppkey on partsupp  (cost=0.42..4.78 rows=80 width=18)
                           Index Cond: (ps_suppkey = supplier.s_suppkey)
(28 rows)

query 12 run 1
SET
SET
SET
                                                                                                                 QUERY PLAN                                                                                                                  
---------------------------------------------------------------------------------------------------------------------------------------------------------------------------------------------------------------------------------------------
 Limit  (cost=296625.51..296707.93 rows=1 width=27)
   ->  GroupAggregate  (cost=296625.51..297202.46 rows=7 width=27)
         Group Key: lineitem.l_shipmode
         ->  Sort  (cost=296625.51..296697.62 rows=28844 width=27)
               Sort Key: lineitem.l_shipmode
               ->  Nested Loop  (cost=0.43..294488.75 rows=28844 width=27)
                     ->  Seq Scan on lineitem  (cost=0.00..247591.05 rows=28851 width=15)
                           Filter: ((l_shipmode = ANY ('{SHIP,"REG AIR"}'::bpchar[])) AND (l_commitdate < l_receiptdate) AND (l_shipdate < l_commitdate) AND (l_receiptdate >= '1994-01-01'::date) AND (l_receiptdate < '1995-01-01'::date))
                     ->  Index Scan using orders_pkey on orders  (cost=0.43..1.63 rows=1 width=20)
                           Index Cond: (o_orderkey = lineitem.l_orderkey)
(10 rows)

query 12 run 2
SET
SET
SET
                                                                                                                 QUERY PLAN                                                                                                                  
---------------------------------------------------------------------------------------------------------------------------------------------------------------------------------------------------------------------------------------------
 Limit  (cost=296625.51..296707.93 rows=1 width=27)
   ->  GroupAggregate  (cost=296625.51..297202.46 rows=7 width=27)
         Group Key: lineitem.l_shipmode
         ->  Sort  (cost=296625.51..296697.62 rows=28844 width=27)
               Sort Key: lineitem.l_shipmode
               ->  Nested Loop  (cost=0.43..294488.75 rows=28844 width=27)
                     ->  Seq Scan on lineitem  (cost=0.00..247591.05 rows=28851 width=15)
                           Filter: ((l_shipmode = ANY ('{SHIP,"REG AIR"}'::bpchar[])) AND (l_commitdate < l_receiptdate) AND (l_shipdate < l_commitdate) AND (l_receiptdate >= '1994-01-01'::date) AND (l_receiptdate < '1995-01-01'::date))
                     ->  Index Scan using orders_pkey on orders  (cost=0.43..1.63 rows=1 width=20)
                           Index Cond: (o_orderkey = lineitem.l_orderkey)
(10 rows)

query 12 run 3
SET
SET
SET
                                                                                                                 QUERY PLAN                                                                                                                  
---------------------------------------------------------------------------------------------------------------------------------------------------------------------------------------------------------------------------------------------
 Limit  (cost=296625.51..296707.93 rows=1 width=27)
   ->  GroupAggregate  (cost=296625.51..297202.46 rows=7 width=27)
         Group Key: lineitem.l_shipmode
         ->  Sort  (cost=296625.51..296697.62 rows=28844 width=27)
               Sort Key: lineitem.l_shipmode
               ->  Nested Loop  (cost=0.43..294488.75 rows=28844 width=27)
                     ->  Seq Scan on lineitem  (cost=0.00..247591.05 rows=28851 width=15)
                           Filter: ((l_shipmode = ANY ('{SHIP,"REG AIR"}'::bpchar[])) AND (l_commitdate < l_receiptdate) AND (l_shipdate < l_commitdate) AND (l_receiptdate >= '1994-01-01'::date) AND (l_receiptdate < '1995-01-01'::date))
                     ->  Index Scan using orders_pkey on orders  (cost=0.43..1.63 rows=1 width=20)
                           Index Cond: (o_orderkey = lineitem.l_orderkey)
(10 rows)

query 13 run 1
SET
SET
SET
                                                          QUERY PLAN                                                           
-------------------------------------------------------------------------------------------------------------------------------
 Limit  (cost=64586.97..64586.97 rows=1 width=16)
   ->  Sort  (cost=64586.97..64587.47 rows=200 width=16)
         Sort Key: (count(*)) DESC, (count(orders.o_orderkey)) DESC
         ->  HashAggregate  (cost=64583.97..64585.97 rows=200 width=16)
               Group Key: count(orders.o_orderkey)
               ->  HashAggregate  (cost=60833.97..62333.97 rows=150000 width=12)
                     Group Key: customer.c_custkey
                     ->  Hash Right Join  (cost=4746.42..53485.49 rows=1469697 width=8)
                           Hash Cond: (orders.o_custkey = customer.c_custkey)
                           ->  Seq Scan on orders  (cost=0.00..44881.00 rows=1469697 width=8)
                                 Filter: ((o_comment)::text !~~ '%special%requests%'::text)
                           ->  Hash  (cost=2871.42..2871.42 rows=150000 width=4)
                                 ->  Index Only Scan using customer_pkey on customer  (cost=0.42..2871.42 rows=150000 width=4)
(13 rows)

query 13 run 2
SET
SET
SET
                                                          QUERY PLAN                                                           
-------------------------------------------------------------------------------------------------------------------------------
 Limit  (cost=64586.97..64586.97 rows=1 width=16)
   ->  Sort  (cost=64586.97..64587.47 rows=200 width=16)
         Sort Key: (count(*)) DESC, (count(orders.o_orderkey)) DESC
         ->  HashAggregate  (cost=64583.97..64585.97 rows=200 width=16)
               Group Key: count(orders.o_orderkey)
               ->  HashAggregate  (cost=60833.97..62333.97 rows=150000 width=12)
                     Group Key: customer.c_custkey
                     ->  Hash Right Join  (cost=4746.42..53485.49 rows=1469697 width=8)
                           Hash Cond: (orders.o_custkey = customer.c_custkey)
                           ->  Seq Scan on orders  (cost=0.00..44881.00 rows=1469697 width=8)
                                 Filter: ((o_comment)::text !~~ '%special%requests%'::text)
                           ->  Hash  (cost=2871.42..2871.42 rows=150000 width=4)
                                 ->  Index Only Scan using customer_pkey on customer  (cost=0.42..2871.42 rows=150000 width=4)
(13 rows)

query 13 run 3
SET
SET
SET
                                                          QUERY PLAN                                                           
-------------------------------------------------------------------------------------------------------------------------------
 Limit  (cost=64586.97..64586.97 rows=1 width=16)
   ->  Sort  (cost=64586.97..64587.47 rows=200 width=16)
         Sort Key: (count(*)) DESC, (count(orders.o_orderkey)) DESC
         ->  HashAggregate  (cost=64583.97..64585.97 rows=200 width=16)
               Group Key: count(orders.o_orderkey)
               ->  HashAggregate  (cost=60833.97..62333.97 rows=150000 width=12)
                     Group Key: customer.c_custkey
                     ->  Hash Right Join  (cost=4746.42..53485.49 rows=1469697 width=8)
                           Hash Cond: (orders.o_custkey = customer.c_custkey)
                           ->  Seq Scan on orders  (cost=0.00..44881.00 rows=1469697 width=8)
                                 Filter: ((o_comment)::text !~~ '%special%requests%'::text)
                           ->  Hash  (cost=2871.42..2871.42 rows=150000 width=4)
                                 ->  Index Only Scan using customer_pkey on customer  (cost=0.42..2871.42 rows=150000 width=4)
(13 rows)

query 14 run 1
SET
SET
SET
                                                    QUERY PLAN                                                    
------------------------------------------------------------------------------------------------------------------
 Limit  (cost=80638.50..80638.51 rows=1 width=32)
   ->  Aggregate  (cost=80638.50..80638.51 rows=1 width=32)
         ->  Hash Join  (cost=9904.49..79214.50 rows=81371 width=33)
               Hash Cond: (lineitem.l_partkey = part.p_partkey)
               ->  Bitmap Heap Scan on lineitem  (cost=1305.49..70401.90 rows=81371 width=16)
                     Recheck Cond: ((l_shipdate >= '1994-05-01'::date) AND (l_shipdate < '1994-06-01'::date))
                     ->  Bitmap Index Scan on idx_lineitem_shipdate  (cost=0.00..1285.14 rows=81371 width=0)
                           Index Cond: ((l_shipdate >= '1994-05-01'::date) AND (l_shipdate < '1994-06-01'::date))
               ->  Hash  (cost=6099.00..6099.00 rows=200000 width=25)
                     ->  Seq Scan on part  (cost=0.00..6099.00 rows=200000 width=25)
(10 rows)

query 14 run 2
SET
SET
SET
                                                    QUERY PLAN                                                    
------------------------------------------------------------------------------------------------------------------
 Limit  (cost=80638.50..80638.51 rows=1 width=32)
   ->  Aggregate  (cost=80638.50..80638.51 rows=1 width=32)
         ->  Hash Join  (cost=9904.49..79214.50 rows=81371 width=33)
               Hash Cond: (lineitem.l_partkey = part.p_partkey)
               ->  Bitmap Heap Scan on lineitem  (cost=1305.49..70401.90 rows=81371 width=16)
                     Recheck Cond: ((l_shipdate >= '1994-05-01'::date) AND (l_shipdate < '1994-06-01'::date))
                     ->  Bitmap Index Scan on idx_lineitem_shipdate  (cost=0.00..1285.14 rows=81371 width=0)
                           Index Cond: ((l_shipdate >= '1994-05-01'::date) AND (l_shipdate < '1994-06-01'::date))
               ->  Hash  (cost=6099.00..6099.00 rows=200000 width=25)
                     ->  Seq Scan on part  (cost=0.00..6099.00 rows=200000 width=25)
(10 rows)

query 14 run 3
SET
SET
SET
                                                    QUERY PLAN                                                    
------------------------------------------------------------------------------------------------------------------
 Limit  (cost=80638.50..80638.51 rows=1 width=32)
   ->  Aggregate  (cost=80638.50..80638.51 rows=1 width=32)
         ->  Hash Join  (cost=9904.49..79214.50 rows=81371 width=33)
               Hash Cond: (lineitem.l_partkey = part.p_partkey)
               ->  Bitmap Heap Scan on lineitem  (cost=1305.49..70401.90 rows=81371 width=16)
                     Recheck Cond: ((l_shipdate >= '1994-05-01'::date) AND (l_shipdate < '1994-06-01'::date))
                     ->  Bitmap Index Scan on idx_lineitem_shipdate  (cost=0.00..1285.14 rows=81371 width=0)
                           Index Cond: ((l_shipdate >= '1994-05-01'::date) AND (l_shipdate < '1994-06-01'::date))
               ->  Hash  (cost=6099.00..6099.00 rows=200000 width=25)
                     ->  Seq Scan on part  (cost=0.00..6099.00 rows=200000 width=25)
(10 rows)

query 15 run 1
SET
SET
SET
CREATE VIEW
                                                          QUERY PLAN                                                          
------------------------------------------------------------------------------------------------------------------------------
 Limit  (cost=243862.01..243870.89 rows=1 width=103)
   InitPlan 1 (returns $0)
     ->  Aggregate  (cost=121138.11..121138.12 rows=1 width=32)
           ->  HashAggregate  (cost=120887.48..121012.80 rows=10025 width=36)
                 Group Key: lineitem_1.l_suppkey
                 ->  Bitmap Heap Scan on lineitem lineitem_1  (cost=3546.91..118675.79 rows=221169 width=16)
                       Recheck Cond: ((l_shipdate >= '1996-01-01'::date) AND (l_shipdate < '1996-04-01'::date))
                       ->  Bitmap Index Scan on idx_lineitem_shipdate  (cost=0.00..3491.62 rows=221169 width=0)
                             Index Cond: ((l_shipdate >= '1996-01-01'::date) AND (l_shipdate < '1996-04-01'::date))
   ->  Merge Join  (cost=122723.89..123168.14 rows=50 width=103)
         Merge Cond: (supplier.s_suppkey = revenue0.supplier_no)
         ->  Index Scan using supplier_pkey on supplier  (cost=0.29..418.79 rows=10000 width=71)
         ->  Sort  (cost=122723.60..122723.73 rows=50 width=36)
               Sort Key: revenue0.supplier_no
               ->  Subquery Scan on revenue0  (cost=122546.25..122722.19 rows=50 width=36)
                     ->  HashAggregate  (cost=122546.25..122721.69 rows=50 width=36)
                           Group Key: lineitem.l_suppkey
                           Filter: (sum((lineitem.l_extendedprice * ('1'::numeric - lineitem.l_discount))) = $0)
                           ->  Bitmap Heap Scan on lineitem  (cost=3546.91..118675.79 rows=221169 width=16)
                                 Recheck Cond: ((l_shipdate >= '1996-01-01'::date) AND (l_shipdate < '1996-04-01'::date))
                                 ->  Bitmap Index Scan on idx_lineitem_shipdate  (cost=0.00..3491.62 rows=221169 width=0)
                                       Index Cond: ((l_shipdate >= '1996-01-01'::date) AND (l_shipdate < '1996-04-01'::date))
(22 rows)

DROP VIEW
query 15 run 2
SET
SET
SET
CREATE VIEW
                                                          QUERY PLAN                                                          
------------------------------------------------------------------------------------------------------------------------------
 Limit  (cost=243862.01..243870.89 rows=1 width=103)
   InitPlan 1 (returns $0)
     ->  Aggregate  (cost=121138.11..121138.12 rows=1 width=32)
           ->  HashAggregate  (cost=120887.48..121012.80 rows=10025 width=36)
                 Group Key: lineitem_1.l_suppkey
                 ->  Bitmap Heap Scan on lineitem lineitem_1  (cost=3546.91..118675.79 rows=221169 width=16)
                       Recheck Cond: ((l_shipdate >= '1996-01-01'::date) AND (l_shipdate < '1996-04-01'::date))
                       ->  Bitmap Index Scan on idx_lineitem_shipdate  (cost=0.00..3491.62 rows=221169 width=0)
                             Index Cond: ((l_shipdate >= '1996-01-01'::date) AND (l_shipdate < '1996-04-01'::date))
   ->  Merge Join  (cost=122723.89..123168.14 rows=50 width=103)
         Merge Cond: (supplier.s_suppkey = revenue0.supplier_no)
         ->  Index Scan using supplier_pkey on supplier  (cost=0.29..418.79 rows=10000 width=71)
         ->  Sort  (cost=122723.60..122723.73 rows=50 width=36)
               Sort Key: revenue0.supplier_no
               ->  Subquery Scan on revenue0  (cost=122546.25..122722.19 rows=50 width=36)
                     ->  HashAggregate  (cost=122546.25..122721.69 rows=50 width=36)
                           Group Key: lineitem.l_suppkey
                           Filter: (sum((lineitem.l_extendedprice * ('1'::numeric - lineitem.l_discount))) = $0)
                           ->  Bitmap Heap Scan on lineitem  (cost=3546.91..118675.79 rows=221169 width=16)
                                 Recheck Cond: ((l_shipdate >= '1996-01-01'::date) AND (l_shipdate < '1996-04-01'::date))
                                 ->  Bitmap Index Scan on idx_lineitem_shipdate  (cost=0.00..3491.62 rows=221169 width=0)
                                       Index Cond: ((l_shipdate >= '1996-01-01'::date) AND (l_shipdate < '1996-04-01'::date))
(22 rows)

DROP VIEW
query 15 run 3
SET
SET
SET
CREATE VIEW
                                                          QUERY PLAN                                                          
------------------------------------------------------------------------------------------------------------------------------
 Limit  (cost=243862.01..243870.89 rows=1 width=103)
   InitPlan 1 (returns $0)
     ->  Aggregate  (cost=121138.11..121138.12 rows=1 width=32)
           ->  HashAggregate  (cost=120887.48..121012.80 rows=10025 width=36)
                 Group Key: lineitem_1.l_suppkey
                 ->  Bitmap Heap Scan on lineitem lineitem_1  (cost=3546.91..118675.79 rows=221169 width=16)
                       Recheck Cond: ((l_shipdate >= '1996-01-01'::date) AND (l_shipdate < '1996-04-01'::date))
                       ->  Bitmap Index Scan on idx_lineitem_shipdate  (cost=0.00..3491.62 rows=221169 width=0)
                             Index Cond: ((l_shipdate >= '1996-01-01'::date) AND (l_shipdate < '1996-04-01'::date))
   ->  Merge Join  (cost=122723.89..123168.14 rows=50 width=103)
         Merge Cond: (supplier.s_suppkey = revenue0.supplier_no)
         ->  Index Scan using supplier_pkey on supplier  (cost=0.29..418.79 rows=10000 width=71)
         ->  Sort  (cost=122723.60..122723.73 rows=50 width=36)
               Sort Key: revenue0.supplier_no
               ->  Subquery Scan on revenue0  (cost=122546.25..122722.19 rows=50 width=36)
                     ->  HashAggregate  (cost=122546.25..122721.69 rows=50 width=36)
                           Group Key: lineitem.l_suppkey
                           Filter: (sum((lineitem.l_extendedprice * ('1'::numeric - lineitem.l_discount))) = $0)
                           ->  Bitmap Heap Scan on lineitem  (cost=3546.91..118675.79 rows=221169 width=16)
                                 Recheck Cond: ((l_shipdate >= '1996-01-01'::date) AND (l_shipdate < '1996-04-01'::date))
                                 ->  Bitmap Index Scan on idx_lineitem_shipdate  (cost=0.00..3491.62 rows=221169 width=0)
                                       Index Cond: ((l_shipdate >= '1996-01-01'::date) AND (l_shipdate < '1996-04-01'::date))
(22 rows)

DROP VIEW
query 16 run 1
SET
SET
SET
                                                                                         QUERY PLAN                                                                                         
--------------------------------------------------------------------------------------------------------------------------------------------------------------------------------------------
 Limit  (cost=33675.13..33675.13 rows=1 width=44)
   ->  Sort  (cost=33675.13..33714.75 rows=15848 width=44)
         Sort Key: (count(DISTINCT partsupp.ps_suppkey)) DESC, part.p_brand, part.p_type, part.p_size
         ->  GroupAggregate  (cost=32716.41..33595.89 rows=15848 width=44)
               Group Key: part.p_brand, part.p_type, part.p_size
               ->  Sort  (cost=32716.41..32860.61 rows=57680 width=40)
                     Sort Key: part.p_brand, part.p_type, part.p_size
                     ->  Hash Join  (cost=9811.11..28155.14 rows=57680 width=40)
                           Hash Cond: (partsupp.ps_partkey = part.p_partkey)
                           ->  Index Only Scan using partsupp_pkey on partsupp  (cost=348.43..17642.43 rows=400000 width=8)
                                 Filter: (NOT (hashed SubPlan 1))
                                 SubPlan 1
                                   ->  Seq Scan on supplier  (cost=0.00..348.00 rows=1 width=4)
                                         Filter: ((s_comment)::text ~~ '%Customer%Complaints%'::text)
                           ->  Hash  (cost=9099.00..9099.00 rows=29095 width=40)
                                 ->  Seq Scan on part  (cost=0.00..9099.00 rows=29095 width=40)
                                       Filter: ((p_brand <> 'Brand#12'::bpchar) AND ((p_type)::text !~~ 'SMALL BRUSHED%'::text) AND (p_size = ANY ('{12,32,36,26,40,34,49,9}'::integer[])))
(17 rows)

query 16 run 2
SET
SET
SET
                                                                                         QUERY PLAN                                                                                         
--------------------------------------------------------------------------------------------------------------------------------------------------------------------------------------------
 Limit  (cost=33675.13..33675.13 rows=1 width=44)
   ->  Sort  (cost=33675.13..33714.75 rows=15848 width=44)
         Sort Key: (count(DISTINCT partsupp.ps_suppkey)) DESC, part.p_brand, part.p_type, part.p_size
         ->  GroupAggregate  (cost=32716.41..33595.89 rows=15848 width=44)
               Group Key: part.p_brand, part.p_type, part.p_size
               ->  Sort  (cost=32716.41..32860.61 rows=57680 width=40)
                     Sort Key: part.p_brand, part.p_type, part.p_size
                     ->  Hash Join  (cost=9811.11..28155.14 rows=57680 width=40)
                           Hash Cond: (partsupp.ps_partkey = part.p_partkey)
                           ->  Index Only Scan using partsupp_pkey on partsupp  (cost=348.43..17642.43 rows=400000 width=8)
                                 Filter: (NOT (hashed SubPlan 1))
                                 SubPlan 1
                                   ->  Seq Scan on supplier  (cost=0.00..348.00 rows=1 width=4)
                                         Filter: ((s_comment)::text ~~ '%Customer%Complaints%'::text)
                           ->  Hash  (cost=9099.00..9099.00 rows=29095 width=40)
                                 ->  Seq Scan on part  (cost=0.00..9099.00 rows=29095 width=40)
                                       Filter: ((p_brand <> 'Brand#12'::bpchar) AND ((p_type)::text !~~ 'SMALL BRUSHED%'::text) AND (p_size = ANY ('{12,32,36,26,40,34,49,9}'::integer[])))
(17 rows)

query 16 run 3
SET
SET
SET
                                                                                         QUERY PLAN                                                                                         
--------------------------------------------------------------------------------------------------------------------------------------------------------------------------------------------
 Limit  (cost=33675.13..33675.13 rows=1 width=44)
   ->  Sort  (cost=33675.13..33714.75 rows=15848 width=44)
         Sort Key: (count(DISTINCT partsupp.ps_suppkey)) DESC, part.p_brand, part.p_type, part.p_size
         ->  GroupAggregate  (cost=32716.41..33595.89 rows=15848 width=44)
               Group Key: part.p_brand, part.p_type, part.p_size
               ->  Sort  (cost=32716.41..32860.61 rows=57680 width=40)
                     Sort Key: part.p_brand, part.p_type, part.p_size
                     ->  Hash Join  (cost=9811.11..28155.14 rows=57680 width=40)
                           Hash Cond: (partsupp.ps_partkey = part.p_partkey)
                           ->  Index Only Scan using partsupp_pkey on partsupp  (cost=348.43..17642.43 rows=400000 width=8)
                                 Filter: (NOT (hashed SubPlan 1))
                                 SubPlan 1
                                   ->  Seq Scan on supplier  (cost=0.00..348.00 rows=1 width=4)
                                         Filter: ((s_comment)::text ~~ '%Customer%Complaints%'::text)
                           ->  Hash  (cost=9099.00..9099.00 rows=29095 width=40)
                                 ->  Seq Scan on part  (cost=0.00..9099.00 rows=29095 width=40)
                                       Filter: ((p_brand <> 'Brand#12'::bpchar) AND ((p_type)::text !~~ 'SMALL BRUSHED%'::text) AND (p_size = ANY ('{12,32,36,26,40,34,49,9}'::integer[])))
(17 rows)

query 17 run 1
SET
SET
SET
                                                                QUERY PLAN                                                                 
-------------------------------------------------------------------------------------------------------------------------------------------
 Limit  (cost=328164.86..328164.87 rows=1 width=32)
   ->  Aggregate  (cost=328164.86..328164.87 rows=1 width=32)
         ->  Nested Loop  (cost=1.29..328160.22 rows=1856 width=8)
               Join Filter: (part.p_partkey = lineitem.l_partkey)
               ->  Merge Join  (cost=0.85..327746.00 rows=186 width=40)
                     Merge Cond: (part.p_partkey = lineitem_1.l_partkey)
                     ->  Index Scan using part_pkey on part  (cost=0.42..8926.42 rows=195 width=4)
                           Filter: ((p_brand = 'Brand#22'::bpchar) AND (p_container = 'LG BOX'::bpchar))
                     ->  GroupAggregate  (cost=0.43..316438.22 rows=190321 width=36)
                           Group Key: lineitem_1.l_partkey
                           ->  Index Scan using idx_lineitem_part_supp on lineitem lineitem_1  (cost=0.43..283576.50 rows=6001380 width=9)
               ->  Index Scan using idx_lineitem_part_supp on lineitem  (cost=0.43..2.09 rows=11 width=17)
                     Index Cond: (l_partkey = lineitem_1.l_partkey)
                     Filter: (l_quantity < ((0.2 * avg(lineitem_1.l_quantity))))
(14 rows)

query 17 run 2
SET
SET
SET
                                                                QUERY PLAN                                                                 
-------------------------------------------------------------------------------------------------------------------------------------------
 Limit  (cost=328164.86..328164.87 rows=1 width=32)
   ->  Aggregate  (cost=328164.86..328164.87 rows=1 width=32)
         ->  Nested Loop  (cost=1.29..328160.22 rows=1856 width=8)
               Join Filter: (part.p_partkey = lineitem.l_partkey)
               ->  Merge Join  (cost=0.85..327746.00 rows=186 width=40)
                     Merge Cond: (part.p_partkey = lineitem_1.l_partkey)
                     ->  Index Scan using part_pkey on part  (cost=0.42..8926.42 rows=195 width=4)
                           Filter: ((p_brand = 'Brand#22'::bpchar) AND (p_container = 'LG BOX'::bpchar))
                     ->  GroupAggregate  (cost=0.43..316438.22 rows=190321 width=36)
                           Group Key: lineitem_1.l_partkey
                           ->  Index Scan using idx_lineitem_part_supp on lineitem lineitem_1  (cost=0.43..283576.50 rows=6001380 width=9)
               ->  Index Scan using idx_lineitem_part_supp on lineitem  (cost=0.43..2.09 rows=11 width=17)
                     Index Cond: (l_partkey = lineitem_1.l_partkey)
                     Filter: (l_quantity < ((0.2 * avg(lineitem_1.l_quantity))))
(14 rows)

query 17 run 3
SET
SET
SET
                                                                QUERY PLAN                                                                 
-------------------------------------------------------------------------------------------------------------------------------------------
 Limit  (cost=328164.86..328164.87 rows=1 width=32)
   ->  Aggregate  (cost=328164.86..328164.87 rows=1 width=32)
         ->  Nested Loop  (cost=1.29..328160.22 rows=1856 width=8)
               Join Filter: (part.p_partkey = lineitem.l_partkey)
               ->  Merge Join  (cost=0.85..327746.00 rows=186 width=40)
                     Merge Cond: (part.p_partkey = lineitem_1.l_partkey)
                     ->  Index Scan using part_pkey on part  (cost=0.42..8926.42 rows=195 width=4)
                           Filter: ((p_brand = 'Brand#22'::bpchar) AND (p_container = 'LG BOX'::bpchar))
                     ->  GroupAggregate  (cost=0.43..316438.22 rows=190321 width=36)
                           Group Key: lineitem_1.l_partkey
                           ->  Index Scan using idx_lineitem_part_supp on lineitem lineitem_1  (cost=0.43..283576.50 rows=6001380 width=9)
               ->  Index Scan using idx_lineitem_part_supp on lineitem  (cost=0.43..2.09 rows=11 width=17)
                     Index Cond: (l_partkey = lineitem_1.l_partkey)
                     Filter: (l_quantity < ((0.2 * avg(lineitem_1.l_quantity))))
(14 rows)

query 18 run 1
SET
SET
SET
                                                                               QUERY PLAN                                                                               
------------------------------------------------------------------------------------------------------------------------------------------------------------------------
 Limit  (cost=940081.06..940081.31 rows=100 width=71)
   ->  Sort  (cost=940081.06..945082.21 rows=2000460 width=71)
         Sort Key: orders.o_totalprice DESC, orders.o_orderdate
         ->  GroupAggregate  (cost=818614.57..863624.92 rows=2000460 width=71)
               Group Key: customer.c_custkey, orders.o_orderkey
               ->  Sort  (cost=818614.57..823615.72 rows=2000460 width=44)
                     Sort Key: customer.c_custkey, orders.o_orderkey
                     ->  Hash Join  (cost=349350.74..569685.67 rows=2000460 width=44)
                           Hash Cond: (orders.o_custkey = customer.c_custkey)
                           ->  Hash Join  (cost=342378.74..557462.32 rows=2000460 width=25)
                                 Hash Cond: (lineitem.l_orderkey = orders.o_orderkey)
                                 ->  Seq Scan on lineitem  (cost=0.00..172573.80 rows=6001380 width=9)
                                 ->  Hash  (cost=336127.31..336127.31 rows=500115 width=24)
                                       ->  Hash Join  (cost=291058.80..336127.31 rows=500115 width=24)
                                             Hash Cond: (orders.o_orderkey = lineitem_1.l_orderkey)
                                             ->  Seq Scan on orders  (cost=0.00..41131.00 rows=1500000 width=20)
                                             ->  Hash  (cost=284807.36..284807.36 rows=500115 width=4)
                                                   ->  GroupAggregate  (cost=0.43..279806.21 rows=500115 width=4)
                                                         Group Key: lineitem_1.l_orderkey
                                                         Filter: (sum(lineitem_1.l_quantity) > '313'::numeric)
                                                         ->  Index Scan using idx_lineitem_orderkey on lineitem lineitem_1  (cost=0.43..227294.13 rows=6001380 width=9)
                           ->  Hash  (cost=5097.00..5097.00 rows=150000 width=23)
                                 ->  Seq Scan on customer  (cost=0.00..5097.00 rows=150000 width=23)
(23 rows)

query 18 run 2
SET
SET
SET
                                                                               QUERY PLAN                                                                               
------------------------------------------------------------------------------------------------------------------------------------------------------------------------
 Limit  (cost=940081.06..940081.31 rows=100 width=71)
   ->  Sort  (cost=940081.06..945082.21 rows=2000460 width=71)
         Sort Key: orders.o_totalprice DESC, orders.o_orderdate
         ->  GroupAggregate  (cost=818614.57..863624.92 rows=2000460 width=71)
               Group Key: customer.c_custkey, orders.o_orderkey
               ->  Sort  (cost=818614.57..823615.72 rows=2000460 width=44)
                     Sort Key: customer.c_custkey, orders.o_orderkey
                     ->  Hash Join  (cost=349350.74..569685.67 rows=2000460 width=44)
                           Hash Cond: (orders.o_custkey = customer.c_custkey)
                           ->  Hash Join  (cost=342378.74..557462.32 rows=2000460 width=25)
                                 Hash Cond: (lineitem.l_orderkey = orders.o_orderkey)
                                 ->  Seq Scan on lineitem  (cost=0.00..172573.80 rows=6001380 width=9)
                                 ->  Hash  (cost=336127.31..336127.31 rows=500115 width=24)
                                       ->  Hash Join  (cost=291058.80..336127.31 rows=500115 width=24)
                                             Hash Cond: (orders.o_orderkey = lineitem_1.l_orderkey)
                                             ->  Seq Scan on orders  (cost=0.00..41131.00 rows=1500000 width=20)
                                             ->  Hash  (cost=284807.36..284807.36 rows=500115 width=4)
                                                   ->  GroupAggregate  (cost=0.43..279806.21 rows=500115 width=4)
                                                         Group Key: lineitem_1.l_orderkey
                                                         Filter: (sum(lineitem_1.l_quantity) > '313'::numeric)
                                                         ->  Index Scan using idx_lineitem_orderkey on lineitem lineitem_1  (cost=0.43..227294.13 rows=6001380 width=9)
                           ->  Hash  (cost=5097.00..5097.00 rows=150000 width=23)
                                 ->  Seq Scan on customer  (cost=0.00..5097.00 rows=150000 width=23)
(23 rows)

query 18 run 3
SET
SET
SET
                                                                               QUERY PLAN                                                                               
------------------------------------------------------------------------------------------------------------------------------------------------------------------------
 Limit  (cost=940081.06..940081.31 rows=100 width=71)
   ->  Sort  (cost=940081.06..945082.21 rows=2000460 width=71)
         Sort Key: orders.o_totalprice DESC, orders.o_orderdate
         ->  GroupAggregate  (cost=818614.57..863624.92 rows=2000460 width=71)
               Group Key: customer.c_custkey, orders.o_orderkey
               ->  Sort  (cost=818614.57..823615.72 rows=2000460 width=44)
                     Sort Key: customer.c_custkey, orders.o_orderkey
                     ->  Hash Join  (cost=349350.74..569685.67 rows=2000460 width=44)
                           Hash Cond: (orders.o_custkey = customer.c_custkey)
                           ->  Hash Join  (cost=342378.74..557462.32 rows=2000460 width=25)
                                 Hash Cond: (lineitem.l_orderkey = orders.o_orderkey)
                                 ->  Seq Scan on lineitem  (cost=0.00..172573.80 rows=6001380 width=9)
                                 ->  Hash  (cost=336127.31..336127.31 rows=500115 width=24)
                                       ->  Hash Join  (cost=291058.80..336127.31 rows=500115 width=24)
                                             Hash Cond: (orders.o_orderkey = lineitem_1.l_orderkey)
                                             ->  Seq Scan on orders  (cost=0.00..41131.00 rows=1500000 width=20)
                                             ->  Hash  (cost=284807.36..284807.36 rows=500115 width=4)
                                                   ->  GroupAggregate  (cost=0.43..279806.21 rows=500115 width=4)
                                                         Group Key: lineitem_1.l_orderkey
                                                         Filter: (sum(lineitem_1.l_quantity) > '313'::numeric)
                                                         ->  Index Scan using idx_lineitem_orderkey on lineitem lineitem_1  (cost=0.43..227294.13 rows=6001380 width=9)
                           ->  Hash  (cost=5097.00..5097.00 rows=150000 width=23)
                                 ->  Seq Scan on customer  (cost=0.00..5097.00 rows=150000 width=23)
(23 rows)

query 19 run 1
SET
SET
SET
                                                                                                                                                                                                                                                                                                                                                                                                                                                                                                            QUERY PLAN                                                                                                                                                                                                                                                                                                                                                                                                                                                                                                            
----------------------------------------------------------------------------------------------------------------------------------------------------------------------------------------------------------------------------------------------------------------------------------------------------------------------------------------------------------------------------------------------------------------------------------------------------------------------------------------------------------------------------------------------------------------------------------------------------------------------------------------------------------------------------------------------------------------------------------------------------------------------------------------------------------------------------------------------------------------------------------------------------------------------------------------------------------------------------------------------------------------------------------
 Limit  (cost=36500.19..36500.20 rows=1 width=32)
   ->  Aggregate  (cost=36500.19..36500.20 rows=1 width=32)
         ->  Nested Loop  (cost=0.43..36499.30 rows=118 width=12)
               ->  Seq Scan on part  (cost=0.00..12599.00 rows=483 width=30)
                     Filter: ((p_size >= 1) AND (((p_brand = 'Brand#24'::bpchar) AND (p_container = ANY ('{"SM CASE","SM BOX","SM PACK","SM PKG"}'::bpchar[])) AND (p_size <= 5)) OR ((p_brand = 'Brand#43'::bpchar) AND (p_container = ANY ('{"MED BAG","MED BOX","MED PKG","MED PACK"}'::bpchar[])) AND (p_size <= 10)) OR ((p_brand = 'Brand#44'::bpchar) AND (p_container = ANY ('{"LG CASE","LG BOX","LG PACK","LG PKG"}'::bpchar[])) AND (p_size <= 15))))
               ->  Index Scan using idx_lineitem_part_supp on lineitem  (cost=0.43..49.47 rows=1 width=21)
                     Index Cond: (l_partkey = part.p_partkey)
                     Filter: ((l_shipmode = ANY ('{AIR,"AIR REG"}'::bpchar[])) AND (l_shipinstruct = 'DELIVER IN PERSON'::bpchar) AND (((l_quantity >= '10'::numeric) AND (l_quantity <= '20'::numeric)) OR ((l_quantity >= '10'::numeric) AND (l_quantity <= '20'::numeric)) OR ((l_quantity >= '20'::numeric) AND (l_quantity <= '30'::numeric))) AND (((part.p_brand = 'Brand#24'::bpchar) AND (part.p_container = ANY ('{"SM CASE","SM BOX","SM PACK","SM PKG"}'::bpchar[])) AND (l_quantity >= '10'::numeric) AND (l_quantity <= '20'::numeric) AND (part.p_size <= 5)) OR ((part.p_brand = 'Brand#43'::bpchar) AND (part.p_container = ANY ('{"MED BAG","MED BOX","MED PKG","MED PACK"}'::bpchar[])) AND (l_quantity >= '10'::numeric) AND (l_quantity <= '20'::numeric) AND (part.p_size <= 10)) OR ((part.p_brand = 'Brand#44'::bpchar) AND (part.p_container = ANY ('{"LG CASE","LG BOX","LG PACK","LG PKG"}'::bpchar[])) AND (l_quantity >= '20'::numeric) AND (l_quantity <= '30'::numeric) AND (part.p_size <= 15))))
(8 rows)

query 19 run 2
SET
SET
SET
                                                                                                                                                                                                                                                                                                                                                                                                                                                                                                            QUERY PLAN                                                                                                                                                                                                                                                                                                                                                                                                                                                                                                            
----------------------------------------------------------------------------------------------------------------------------------------------------------------------------------------------------------------------------------------------------------------------------------------------------------------------------------------------------------------------------------------------------------------------------------------------------------------------------------------------------------------------------------------------------------------------------------------------------------------------------------------------------------------------------------------------------------------------------------------------------------------------------------------------------------------------------------------------------------------------------------------------------------------------------------------------------------------------------------------------------------------------------------
 Limit  (cost=36500.19..36500.20 rows=1 width=32)
   ->  Aggregate  (cost=36500.19..36500.20 rows=1 width=32)
         ->  Nested Loop  (cost=0.43..36499.30 rows=118 width=12)
               ->  Seq Scan on part  (cost=0.00..12599.00 rows=483 width=30)
                     Filter: ((p_size >= 1) AND (((p_brand = 'Brand#24'::bpchar) AND (p_container = ANY ('{"SM CASE","SM BOX","SM PACK","SM PKG"}'::bpchar[])) AND (p_size <= 5)) OR ((p_brand = 'Brand#43'::bpchar) AND (p_container = ANY ('{"MED BAG","MED BOX","MED PKG","MED PACK"}'::bpchar[])) AND (p_size <= 10)) OR ((p_brand = 'Brand#44'::bpchar) AND (p_container = ANY ('{"LG CASE","LG BOX","LG PACK","LG PKG"}'::bpchar[])) AND (p_size <= 15))))
               ->  Index Scan using idx_lineitem_part_supp on lineitem  (cost=0.43..49.47 rows=1 width=21)
                     Index Cond: (l_partkey = part.p_partkey)
                     Filter: ((l_shipmode = ANY ('{AIR,"AIR REG"}'::bpchar[])) AND (l_shipinstruct = 'DELIVER IN PERSON'::bpchar) AND (((l_quantity >= '10'::numeric) AND (l_quantity <= '20'::numeric)) OR ((l_quantity >= '10'::numeric) AND (l_quantity <= '20'::numeric)) OR ((l_quantity >= '20'::numeric) AND (l_quantity <= '30'::numeric))) AND (((part.p_brand = 'Brand#24'::bpchar) AND (part.p_container = ANY ('{"SM CASE","SM BOX","SM PACK","SM PKG"}'::bpchar[])) AND (l_quantity >= '10'::numeric) AND (l_quantity <= '20'::numeric) AND (part.p_size <= 5)) OR ((part.p_brand = 'Brand#43'::bpchar) AND (part.p_container = ANY ('{"MED BAG","MED BOX","MED PKG","MED PACK"}'::bpchar[])) AND (l_quantity >= '10'::numeric) AND (l_quantity <= '20'::numeric) AND (part.p_size <= 10)) OR ((part.p_brand = 'Brand#44'::bpchar) AND (part.p_container = ANY ('{"LG CASE","LG BOX","LG PACK","LG PKG"}'::bpchar[])) AND (l_quantity >= '20'::numeric) AND (l_quantity <= '30'::numeric) AND (part.p_size <= 15))))
(8 rows)

query 19 run 3
SET
SET
SET
                                                                                                                                                                                                                                                                                                                                                                                                                                                                                                            QUERY PLAN                                                                                                                                                                                                                                                                                                                                                                                                                                                                                                            
----------------------------------------------------------------------------------------------------------------------------------------------------------------------------------------------------------------------------------------------------------------------------------------------------------------------------------------------------------------------------------------------------------------------------------------------------------------------------------------------------------------------------------------------------------------------------------------------------------------------------------------------------------------------------------------------------------------------------------------------------------------------------------------------------------------------------------------------------------------------------------------------------------------------------------------------------------------------------------------------------------------------------------
 Limit  (cost=36500.19..36500.20 rows=1 width=32)
   ->  Aggregate  (cost=36500.19..36500.20 rows=1 width=32)
         ->  Nested Loop  (cost=0.43..36499.30 rows=118 width=12)
               ->  Seq Scan on part  (cost=0.00..12599.00 rows=483 width=30)
                     Filter: ((p_size >= 1) AND (((p_brand = 'Brand#24'::bpchar) AND (p_container = ANY ('{"SM CASE","SM BOX","SM PACK","SM PKG"}'::bpchar[])) AND (p_size <= 5)) OR ((p_brand = 'Brand#43'::bpchar) AND (p_container = ANY ('{"MED BAG","MED BOX","MED PKG","MED PACK"}'::bpchar[])) AND (p_size <= 10)) OR ((p_brand = 'Brand#44'::bpchar) AND (p_container = ANY ('{"LG CASE","LG BOX","LG PACK","LG PKG"}'::bpchar[])) AND (p_size <= 15))))
               ->  Index Scan using idx_lineitem_part_supp on lineitem  (cost=0.43..49.47 rows=1 width=21)
                     Index Cond: (l_partkey = part.p_partkey)
                     Filter: ((l_shipmode = ANY ('{AIR,"AIR REG"}'::bpchar[])) AND (l_shipinstruct = 'DELIVER IN PERSON'::bpchar) AND (((l_quantity >= '10'::numeric) AND (l_quantity <= '20'::numeric)) OR ((l_quantity >= '10'::numeric) AND (l_quantity <= '20'::numeric)) OR ((l_quantity >= '20'::numeric) AND (l_quantity <= '30'::numeric))) AND (((part.p_brand = 'Brand#24'::bpchar) AND (part.p_container = ANY ('{"SM CASE","SM BOX","SM PACK","SM PKG"}'::bpchar[])) AND (l_quantity >= '10'::numeric) AND (l_quantity <= '20'::numeric) AND (part.p_size <= 5)) OR ((part.p_brand = 'Brand#43'::bpchar) AND (part.p_container = ANY ('{"MED BAG","MED BOX","MED PKG","MED PACK"}'::bpchar[])) AND (l_quantity >= '10'::numeric) AND (l_quantity <= '20'::numeric) AND (part.p_size <= 10)) OR ((part.p_brand = 'Brand#44'::bpchar) AND (part.p_container = ANY ('{"LG CASE","LG BOX","LG PACK","LG PKG"}'::bpchar[])) AND (l_quantity >= '20'::numeric) AND (l_quantity <= '30'::numeric) AND (part.p_size <= 15))))
(8 rows)

query 20 run 1
SET
SET
SET
                                                                   QUERY PLAN                                                                   
------------------------------------------------------------------------------------------------------------------------------------------------
 Limit  (cost=278786.11..278786.11 rows=1 width=51)
   ->  Sort  (cost=278786.11..278786.11 rows=1 width=51)
         Sort Key: supplier.s_name
         ->  Nested Loop Semi Join  (cost=244469.14..278786.10 rows=1 width=51)
               Join Filter: (supplier.s_suppkey = lineitem.l_suppkey)
               ->  Nested Loop  (cost=0.00..449.31 rows=400 width=55)
                     Join Filter: (supplier.s_nationkey = nation.n_nationkey)
                     ->  Seq Scan on nation  (cost=0.00..1.31 rows=1 width=4)
                           Filter: (n_name = 'IRAQ'::bpchar)
                     ->  Seq Scan on supplier  (cost=0.00..323.00 rows=10000 width=59)
               ->  Materialize  (cost=244469.14..278330.79 rows=1 width=8)
                     ->  Nested Loop  (cost=244469.14..278330.78 rows=1 width=8)
                           ->  Merge Join  (cost=244468.72..275757.20 rows=4945 width=44)
                                 Merge Cond: (lineitem.l_partkey = part.p_partkey)
                                 ->  GroupAggregate  (cost=244468.30..261155.73 rows=489644 width=40)
                                       Group Key: lineitem.l_partkey, lineitem.l_suppkey
                                       ->  Sort  (cost=244468.30..246803.99 rows=934277 width=13)
                                             Sort Key: lineitem.l_partkey, lineitem.l_suppkey
                                             ->  Bitmap Heap Scan on lineitem  (cost=14979.77..141553.93 rows=934277 width=13)
                                                   Recheck Cond: ((l_shipdate >= '1996-01-01'::date) AND (l_shipdate < '1997-01-01'::date))
                                                   ->  Bitmap Index Scan on idx_lineitem_shipdate  (cost=0.00..14746.20 rows=934277 width=0)
                                                         Index Cond: ((l_shipdate >= '1996-01-01'::date) AND (l_shipdate < '1997-01-01'::date))
                                 ->  Index Scan using part_pkey on part  (cost=0.42..8426.42 rows=2020 width=4)
                                       Filter: ((p_name)::text ~~ 'olive%'::text)
                           ->  Index Scan using partsupp_pkey on partsupp  (cost=0.42..0.51 rows=1 width=12)
                                 Index Cond: ((ps_partkey = lineitem.l_partkey) AND (ps_suppkey = lineitem.l_suppkey))
                                 Filter: ((ps_availqty)::numeric > ((0.5 * sum(lineitem.l_quantity))))
(27 rows)

query 20 run 2
SET
SET
SET
                                                                   QUERY PLAN                                                                   
------------------------------------------------------------------------------------------------------------------------------------------------
 Limit  (cost=278786.11..278786.11 rows=1 width=51)
   ->  Sort  (cost=278786.11..278786.11 rows=1 width=51)
         Sort Key: supplier.s_name
         ->  Nested Loop Semi Join  (cost=244469.14..278786.10 rows=1 width=51)
               Join Filter: (supplier.s_suppkey = lineitem.l_suppkey)
               ->  Nested Loop  (cost=0.00..449.31 rows=400 width=55)
                     Join Filter: (supplier.s_nationkey = nation.n_nationkey)
                     ->  Seq Scan on nation  (cost=0.00..1.31 rows=1 width=4)
                           Filter: (n_name = 'IRAQ'::bpchar)
                     ->  Seq Scan on supplier  (cost=0.00..323.00 rows=10000 width=59)
               ->  Materialize  (cost=244469.14..278330.79 rows=1 width=8)
                     ->  Nested Loop  (cost=244469.14..278330.78 rows=1 width=8)
                           ->  Merge Join  (cost=244468.72..275757.20 rows=4945 width=44)
                                 Merge Cond: (lineitem.l_partkey = part.p_partkey)
                                 ->  GroupAggregate  (cost=244468.30..261155.73 rows=489644 width=40)
                                       Group Key: lineitem.l_partkey, lineitem.l_suppkey
                                       ->  Sort  (cost=244468.30..246803.99 rows=934277 width=13)
                                             Sort Key: lineitem.l_partkey, lineitem.l_suppkey
                                             ->  Bitmap Heap Scan on lineitem  (cost=14979.77..141553.93 rows=934277 width=13)
                                                   Recheck Cond: ((l_shipdate >= '1996-01-01'::date) AND (l_shipdate < '1997-01-01'::date))
                                                   ->  Bitmap Index Scan on idx_lineitem_shipdate  (cost=0.00..14746.20 rows=934277 width=0)
                                                         Index Cond: ((l_shipdate >= '1996-01-01'::date) AND (l_shipdate < '1997-01-01'::date))
                                 ->  Index Scan using part_pkey on part  (cost=0.42..8426.42 rows=2020 width=4)
                                       Filter: ((p_name)::text ~~ 'olive%'::text)
                           ->  Index Scan using partsupp_pkey on partsupp  (cost=0.42..0.51 rows=1 width=12)
                                 Index Cond: ((ps_partkey = lineitem.l_partkey) AND (ps_suppkey = lineitem.l_suppkey))
                                 Filter: ((ps_availqty)::numeric > ((0.5 * sum(lineitem.l_quantity))))
(27 rows)

query 20 run 3
SET
SET
SET
                                                                   QUERY PLAN                                                                   
------------------------------------------------------------------------------------------------------------------------------------------------
 Limit  (cost=278786.11..278786.11 rows=1 width=51)
   ->  Sort  (cost=278786.11..278786.11 rows=1 width=51)
         Sort Key: supplier.s_name
         ->  Nested Loop Semi Join  (cost=244469.14..278786.10 rows=1 width=51)
               Join Filter: (supplier.s_suppkey = lineitem.l_suppkey)
               ->  Nested Loop  (cost=0.00..449.31 rows=400 width=55)
                     Join Filter: (supplier.s_nationkey = nation.n_nationkey)
                     ->  Seq Scan on nation  (cost=0.00..1.31 rows=1 width=4)
                           Filter: (n_name = 'IRAQ'::bpchar)
                     ->  Seq Scan on supplier  (cost=0.00..323.00 rows=10000 width=59)
               ->  Materialize  (cost=244469.14..278330.79 rows=1 width=8)
                     ->  Nested Loop  (cost=244469.14..278330.78 rows=1 width=8)
                           ->  Merge Join  (cost=244468.72..275757.20 rows=4945 width=44)
                                 Merge Cond: (lineitem.l_partkey = part.p_partkey)
                                 ->  GroupAggregate  (cost=244468.30..261155.73 rows=489644 width=40)
                                       Group Key: lineitem.l_partkey, lineitem.l_suppkey
                                       ->  Sort  (cost=244468.30..246803.99 rows=934277 width=13)
                                             Sort Key: lineitem.l_partkey, lineitem.l_suppkey
                                             ->  Bitmap Heap Scan on lineitem  (cost=14979.77..141553.93 rows=934277 width=13)
                                                   Recheck Cond: ((l_shipdate >= '1996-01-01'::date) AND (l_shipdate < '1997-01-01'::date))
                                                   ->  Bitmap Index Scan on idx_lineitem_shipdate  (cost=0.00..14746.20 rows=934277 width=0)
                                                         Index Cond: ((l_shipdate >= '1996-01-01'::date) AND (l_shipdate < '1997-01-01'::date))
                                 ->  Index Scan using part_pkey on part  (cost=0.42..8426.42 rows=2020 width=4)
                                       Filter: ((p_name)::text ~~ 'olive%'::text)
                           ->  Index Scan using partsupp_pkey on partsupp  (cost=0.42..0.51 rows=1 width=12)
                                 Index Cond: ((ps_partkey = lineitem.l_partkey) AND (ps_suppkey = lineitem.l_suppkey))
                                 Filter: ((ps_availqty)::numeric > ((0.5 * sum(lineitem.l_quantity))))
(27 rows)

query 21 run 1
SET
SET
SET
                                                                     QUERY PLAN                                                                     
----------------------------------------------------------------------------------------------------------------------------------------------------
 Limit  (cost=244096.65..244096.65 rows=1 width=34)
   ->  Sort  (cost=244096.65..244096.65 rows=1 width=34)
         Sort Key: (count(*)) DESC, supplier.s_name
         ->  GroupAggregate  (cost=244096.62..244096.64 rows=1 width=34)
               Group Key: supplier.s_name
               ->  Sort  (cost=244096.62..244096.62 rows=1 width=26)
                     Sort Key: supplier.s_name
                     ->  Nested Loop  (cost=236.87..244096.61 rows=1 width=26)
                           ->  Nested Loop Semi Join  (cost=236.44..244096.14 rows=1 width=34)
                                 ->  Nested Loop Anti Join  (cost=236.01..244095.51 rows=1 width=34)
                                       ->  Hash Join  (cost=235.58..196112.74 rows=79819 width=34)
                                             Hash Cond: (l1.l_suppkey = supplier.s_suppkey)
                                             ->  Seq Scan on lineitem l1  (cost=0.00..187577.25 rows=2000460 width=8)
                                                   Filter: (l_receiptdate > l_commitdate)
                                             ->  Hash  (cost=230.58..230.58 rows=400 width=30)
                                                   ->  Nested Loop  (cost=6.38..230.58 rows=400 width=30)
                                                         ->  Seq Scan on nation  (cost=0.00..1.31 rows=1 width=4)
                                                               Filter: (n_name = 'PERU'::bpchar)
                                                         ->  Bitmap Heap Scan on supplier  (cost=6.38..225.26 rows=400 width=34)
                                                               Recheck Cond: (s_nationkey = nation.n_nationkey)
                                                               ->  Bitmap Index Scan on idx_supplier_nation_key  (cost=0.00..6.29 rows=400 width=0)
                                                                     Index Cond: (s_nationkey = nation.n_nationkey)
                                       ->  Index Scan using lineitem_pkey on lineitem l3  (cost=0.43..0.62 rows=1 width=8)
                                             Index Cond: (l_orderkey = l1.l_orderkey)
                                             Filter: ((l_receiptdate > l_commitdate) AND (l_suppkey <> l1.l_suppkey))
                                 ->  Index Scan using lineitem_pkey on lineitem l2  (cost=0.43..0.61 rows=4 width=8)
                                       Index Cond: (l_orderkey = l1.l_orderkey)
                                       Filter: (l_suppkey <> l1.l_suppkey)
                           ->  Index Scan using orders_pkey on orders  (cost=0.43..0.47 rows=1 width=4)
                                 Index Cond: (o_orderkey = l1.l_orderkey)
                                 Filter: (o_orderstatus = 'F'::bpchar)
(31 rows)

query 21 run 2
SET
SET
SET
                                                                     QUERY PLAN                                                                     
----------------------------------------------------------------------------------------------------------------------------------------------------
 Limit  (cost=244096.65..244096.65 rows=1 width=34)
   ->  Sort  (cost=244096.65..244096.65 rows=1 width=34)
         Sort Key: (count(*)) DESC, supplier.s_name
         ->  GroupAggregate  (cost=244096.62..244096.64 rows=1 width=34)
               Group Key: supplier.s_name
               ->  Sort  (cost=244096.62..244096.62 rows=1 width=26)
                     Sort Key: supplier.s_name
                     ->  Nested Loop  (cost=236.87..244096.61 rows=1 width=26)
                           ->  Nested Loop Semi Join  (cost=236.44..244096.14 rows=1 width=34)
                                 ->  Nested Loop Anti Join  (cost=236.01..244095.51 rows=1 width=34)
                                       ->  Hash Join  (cost=235.58..196112.74 rows=79819 width=34)
                                             Hash Cond: (l1.l_suppkey = supplier.s_suppkey)
                                             ->  Seq Scan on lineitem l1  (cost=0.00..187577.25 rows=2000460 width=8)
                                                   Filter: (l_receiptdate > l_commitdate)
                                             ->  Hash  (cost=230.58..230.58 rows=400 width=30)
                                                   ->  Nested Loop  (cost=6.38..230.58 rows=400 width=30)
                                                         ->  Seq Scan on nation  (cost=0.00..1.31 rows=1 width=4)
                                                               Filter: (n_name = 'PERU'::bpchar)
                                                         ->  Bitmap Heap Scan on supplier  (cost=6.38..225.26 rows=400 width=34)
                                                               Recheck Cond: (s_nationkey = nation.n_nationkey)
                                                               ->  Bitmap Index Scan on idx_supplier_nation_key  (cost=0.00..6.29 rows=400 width=0)
                                                                     Index Cond: (s_nationkey = nation.n_nationkey)
                                       ->  Index Scan using lineitem_pkey on lineitem l3  (cost=0.43..0.62 rows=1 width=8)
                                             Index Cond: (l_orderkey = l1.l_orderkey)
                                             Filter: ((l_receiptdate > l_commitdate) AND (l_suppkey <> l1.l_suppkey))
                                 ->  Index Scan using lineitem_pkey on lineitem l2  (cost=0.43..0.61 rows=4 width=8)
                                       Index Cond: (l_orderkey = l1.l_orderkey)
                                       Filter: (l_suppkey <> l1.l_suppkey)
                           ->  Index Scan using orders_pkey on orders  (cost=0.43..0.47 rows=1 width=4)
                                 Index Cond: (o_orderkey = l1.l_orderkey)
                                 Filter: (o_orderstatus = 'F'::bpchar)
(31 rows)

query 21 run 3
SET
SET
SET
                                                                     QUERY PLAN                                                                     
----------------------------------------------------------------------------------------------------------------------------------------------------
 Limit  (cost=244096.65..244096.65 rows=1 width=34)
   ->  Sort  (cost=244096.65..244096.65 rows=1 width=34)
         Sort Key: (count(*)) DESC, supplier.s_name
         ->  GroupAggregate  (cost=244096.62..244096.64 rows=1 width=34)
               Group Key: supplier.s_name
               ->  Sort  (cost=244096.62..244096.62 rows=1 width=26)
                     Sort Key: supplier.s_name
                     ->  Nested Loop  (cost=236.87..244096.61 rows=1 width=26)
                           ->  Nested Loop Semi Join  (cost=236.44..244096.14 rows=1 width=34)
                                 ->  Nested Loop Anti Join  (cost=236.01..244095.51 rows=1 width=34)
                                       ->  Hash Join  (cost=235.58..196112.74 rows=79819 width=34)
                                             Hash Cond: (l1.l_suppkey = supplier.s_suppkey)
                                             ->  Seq Scan on lineitem l1  (cost=0.00..187577.25 rows=2000460 width=8)
                                                   Filter: (l_receiptdate > l_commitdate)
                                             ->  Hash  (cost=230.58..230.58 rows=400 width=30)
                                                   ->  Nested Loop  (cost=6.38..230.58 rows=400 width=30)
                                                         ->  Seq Scan on nation  (cost=0.00..1.31 rows=1 width=4)
                                                               Filter: (n_name = 'PERU'::bpchar)
                                                         ->  Bitmap Heap Scan on supplier  (cost=6.38..225.26 rows=400 width=34)
                                                               Recheck Cond: (s_nationkey = nation.n_nationkey)
                                                               ->  Bitmap Index Scan on idx_supplier_nation_key  (cost=0.00..6.29 rows=400 width=0)
                                                                     Index Cond: (s_nationkey = nation.n_nationkey)
                                       ->  Index Scan using lineitem_pkey on lineitem l3  (cost=0.43..0.62 rows=1 width=8)
                                             Index Cond: (l_orderkey = l1.l_orderkey)
                                             Filter: ((l_receiptdate > l_commitdate) AND (l_suppkey <> l1.l_suppkey))
                                 ->  Index Scan using lineitem_pkey on lineitem l2  (cost=0.43..0.61 rows=4 width=8)
                                       Index Cond: (l_orderkey = l1.l_orderkey)
                                       Filter: (l_suppkey <> l1.l_suppkey)
                           ->  Index Scan using orders_pkey on orders  (cost=0.43..0.47 rows=1 width=4)
                                 Index Cond: (o_orderkey = l1.l_orderkey)
                                 Filter: (o_orderstatus = 'F'::bpchar)
(31 rows)

query 22 run 1
SET
SET
SET
                                                               QUERY PLAN                                                               
----------------------------------------------------------------------------------------------------------------------------------------
 Limit  (cost=16124.84..16124.87 rows=1 width=72)
   InitPlan 1 (returns $0)
     ->  Aggregate  (cost=7546.41..7546.43 rows=1 width=32)
           ->  Seq Scan on customer customer_1  (cost=0.00..7534.50 rows=4765 width=6)
                 Filter: ((c_acctbal > 0.00) AND ("substring"((c_phone)::text, 1, 2) = ANY ('{21,29,26,34,14,15,17}'::text[])))
   ->  GroupAggregate  (cost=8578.42..8598.49 rows=730 width=72)
         Group Key: ("substring"((customer.c_phone)::text, 1, 2))
         ->  Sort  (cost=8578.42..8580.24 rows=730 width=38)
               Sort Key: ("substring"((customer.c_phone)::text, 1, 2))
               ->  Nested Loop Anti Join  (cost=0.43..8543.70 rows=730 width=38)
                     ->  Seq Scan on customer  (cost=0.00..7534.50 rows=1750 width=26)
                           Filter: ((c_acctbal > $0) AND ("substring"((c_phone)::text, 1, 2) = ANY ('{21,29,26,34,14,15,17}'::text[])))
                     ->  Index Only Scan using idx_orders_custkey on orders  (cost=0.43..1.96 rows=17 width=4)
                           Index Cond: (o_custkey = customer.c_custkey)
(14 rows)

query 22 run 2
SET
SET
SET
                                                               QUERY PLAN                                                               
----------------------------------------------------------------------------------------------------------------------------------------
 Limit  (cost=16124.84..16124.87 rows=1 width=72)
   InitPlan 1 (returns $0)
     ->  Aggregate  (cost=7546.41..7546.43 rows=1 width=32)
           ->  Seq Scan on customer customer_1  (cost=0.00..7534.50 rows=4765 width=6)
                 Filter: ((c_acctbal > 0.00) AND ("substring"((c_phone)::text, 1, 2) = ANY ('{21,29,26,34,14,15,17}'::text[])))
   ->  GroupAggregate  (cost=8578.42..8598.49 rows=730 width=72)
         Group Key: ("substring"((customer.c_phone)::text, 1, 2))
         ->  Sort  (cost=8578.42..8580.24 rows=730 width=38)
               Sort Key: ("substring"((customer.c_phone)::text, 1, 2))
               ->  Nested Loop Anti Join  (cost=0.43..8543.70 rows=730 width=38)
                     ->  Seq Scan on customer  (cost=0.00..7534.50 rows=1750 width=26)
                           Filter: ((c_acctbal > $0) AND ("substring"((c_phone)::text, 1, 2) = ANY ('{21,29,26,34,14,15,17}'::text[])))
                     ->  Index Only Scan using idx_orders_custkey on orders  (cost=0.43..1.96 rows=17 width=4)
                           Index Cond: (o_custkey = customer.c_custkey)
(14 rows)

query 22 run 3
SET
SET
SET
                                                               QUERY PLAN                                                               
----------------------------------------------------------------------------------------------------------------------------------------
 Limit  (cost=16124.84..16124.87 rows=1 width=72)
   InitPlan 1 (returns $0)
     ->  Aggregate  (cost=7546.41..7546.43 rows=1 width=32)
           ->  Seq Scan on customer customer_1  (cost=0.00..7534.50 rows=4765 width=6)
                 Filter: ((c_acctbal > 0.00) AND ("substring"((c_phone)::text, 1, 2) = ANY ('{21,29,26,34,14,15,17}'::text[])))
   ->  GroupAggregate  (cost=8578.42..8598.49 rows=730 width=72)
         Group Key: ("substring"((customer.c_phone)::text, 1, 2))
         ->  Sort  (cost=8578.42..8580.24 rows=730 width=38)
               Sort Key: ("substring"((customer.c_phone)::text, 1, 2))
               ->  Nested Loop Anti Join  (cost=0.43..8543.70 rows=730 width=38)
                     ->  Seq Scan on customer  (cost=0.00..7534.50 rows=1750 width=26)
                           Filter: ((c_acctbal > $0) AND ("substring"((c_phone)::text, 1, 2) = ANY ('{21,29,26,34,14,15,17}'::text[])))
                     ->  Index Only Scan using idx_orders_custkey on orders  (cost=0.43..1.96 rows=17 width=4)
                           Index Cond: (o_custkey = customer.c_custkey)
(14 rows)

