query 1 run 1
SET
SET
SET
                                           QUERY PLAN                                           
------------------------------------------------------------------------------------------------
 Limit  (cost=4243866.78..4243866.78 rows=1 width=236)
   ->  Sort  (cost=4243866.78..4243866.79 rows=6 width=236)
         Sort Key: l_returnflag, l_linestatus
         ->  HashAggregate  (cost=4243866.58..4243866.75 rows=6 width=236)
               Group Key: l_returnflag, l_linestatus
               ->  Seq Scan on lineitem  (cost=0.00..1875014.70 rows=59221297 width=25)
                     Filter: (l_shipdate <= '1998-09-10 00:00:00'::timestamp without time zone)
(7 rows)

query 1 run 2
SET
SET
SET
                                           QUERY PLAN                                           
------------------------------------------------------------------------------------------------
 Limit  (cost=4243866.78..4243866.78 rows=1 width=236)
   ->  Sort  (cost=4243866.78..4243866.79 rows=6 width=236)
         Sort Key: l_returnflag, l_linestatus
         ->  HashAggregate  (cost=4243866.58..4243866.75 rows=6 width=236)
               Group Key: l_returnflag, l_linestatus
               ->  Seq Scan on lineitem  (cost=0.00..1875014.70 rows=59221297 width=25)
                     Filter: (l_shipdate <= '1998-09-10 00:00:00'::timestamp without time zone)
(7 rows)

query 1 run 3
SET
SET
SET
                                           QUERY PLAN                                           
------------------------------------------------------------------------------------------------
 Limit  (cost=4243866.78..4243866.78 rows=1 width=236)
   ->  Sort  (cost=4243866.78..4243866.79 rows=6 width=236)
         Sort Key: l_returnflag, l_linestatus
         ->  HashAggregate  (cost=4243866.58..4243866.75 rows=6 width=236)
               Group Key: l_returnflag, l_linestatus
               ->  Seq Scan on lineitem  (cost=0.00..1875014.70 rows=59221297 width=25)
                     Filter: (l_shipdate <= '1998-09-10 00:00:00'::timestamp without time zone)
(7 rows)

query 2 run 1
SET
SET
SET
                                                                  QUERY PLAN                                                                  
----------------------------------------------------------------------------------------------------------------------------------------------
 Limit  (cost=881832.08..881832.08 rows=1 width=193)
   ->  Sort  (cost=881832.08..881832.08 rows=1 width=193)
         Sort Key: supplier.s_acctbal DESC, nation.n_name, supplier.s_name, part.p_partkey
         ->  Merge Join  (cost=365848.61..881832.07 rows=1 width=193)
               Merge Cond: (part.p_partkey = partsupp.ps_partkey)
               Join Filter: (partsupp.ps_supplycost = (SubPlan 1))
               ->  Index Scan using part_pkey on part  (cost=0.43..89213.87 rows=7825 width=30)
                     Filter: (((p_type)::text ~~ '%NICKEL'::text) AND (p_size = 16))
               ->  Materialize  (cost=365825.38..373824.79 rows=1599883 width=173)
                     ->  Sort  (cost=365825.38..369825.08 rows=1599883 width=173)
                           Sort Key: partsupp.ps_partkey
                           ->  Nested Loop  (cost=0.72..113076.15 rows=1599883 width=173)
                                 ->  Nested Loop  (cost=0.29..1278.50 rows=20000 width=167)
                                       ->  Nested Loop  (cost=0.00..2.62 rows=5 width=30)
                                             Join Filter: (nation.n_regionkey = region.r_regionkey)
                                             ->  Seq Scan on region  (cost=0.00..1.06 rows=1 width=4)
                                                   Filter: (r_name = 'AMERICA'::bpchar)
                                             ->  Seq Scan on nation  (cost=0.00..1.25 rows=25 width=34)
                                       ->  Index Scan using idx_supplier_nation_key on supplier  (cost=0.29..215.18 rows=4000 width=145)
                                             Index Cond: (s_nationkey = nation.n_nationkey)
                                 ->  Index Scan using idx_partsupp_suppkey on partsupp  (cost=0.43..4.79 rows=80 width=14)
                                       Index Cond: (ps_suppkey = supplier.s_suppkey)
               SubPlan 1
                 ->  Aggregate  (cost=66.25..66.26 rows=1 width=32)
                       ->  Nested Loop  (cost=2.29..66.24 rows=4 width=6)
                             Join Filter: (nation_1.n_regionkey = region_1.r_regionkey)
                             ->  Seq Scan on region region_1  (cost=0.00..1.06 rows=1 width=4)
                                   Filter: (r_name = 'AMERICA'::bpchar)
                             ->  Hash Join  (cost=2.29..64.95 rows=18 width=10)
                                   Hash Cond: (supplier_1.s_nationkey = nation_1.n_nationkey)
                                   ->  Nested Loop  (cost=0.72..63.33 rows=18 width=10)
                                         ->  Index Scan using idx_partsupp_partkey on partsupp partsupp_1  (cost=0.43..3.75 rows=18 width=10)
                                               Index Cond: (part.p_partkey = ps_partkey)
                                         ->  Index Scan using supplier_pkey on supplier supplier_1  (cost=0.29..3.31 rows=1 width=8)
                                               Index Cond: (s_suppkey = partsupp_1.ps_suppkey)
                                   ->  Hash  (cost=1.25..1.25 rows=25 width=8)
                                         ->  Seq Scan on nation nation_1  (cost=0.00..1.25 rows=25 width=8)
(37 rows)

query 2 run 2
SET
SET
SET
                                                                  QUERY PLAN                                                                  
----------------------------------------------------------------------------------------------------------------------------------------------
 Limit  (cost=881832.08..881832.08 rows=1 width=193)
   ->  Sort  (cost=881832.08..881832.08 rows=1 width=193)
         Sort Key: supplier.s_acctbal DESC, nation.n_name, supplier.s_name, part.p_partkey
         ->  Merge Join  (cost=365848.61..881832.07 rows=1 width=193)
               Merge Cond: (part.p_partkey = partsupp.ps_partkey)
               Join Filter: (partsupp.ps_supplycost = (SubPlan 1))
               ->  Index Scan using part_pkey on part  (cost=0.43..89213.87 rows=7825 width=30)
                     Filter: (((p_type)::text ~~ '%NICKEL'::text) AND (p_size = 16))
               ->  Materialize  (cost=365825.38..373824.79 rows=1599883 width=173)
                     ->  Sort  (cost=365825.38..369825.08 rows=1599883 width=173)
                           Sort Key: partsupp.ps_partkey
                           ->  Nested Loop  (cost=0.72..113076.15 rows=1599883 width=173)
                                 ->  Nested Loop  (cost=0.29..1278.50 rows=20000 width=167)
                                       ->  Nested Loop  (cost=0.00..2.62 rows=5 width=30)
                                             Join Filter: (nation.n_regionkey = region.r_regionkey)
                                             ->  Seq Scan on region  (cost=0.00..1.06 rows=1 width=4)
                                                   Filter: (r_name = 'AMERICA'::bpchar)
                                             ->  Seq Scan on nation  (cost=0.00..1.25 rows=25 width=34)
                                       ->  Index Scan using idx_supplier_nation_key on supplier  (cost=0.29..215.18 rows=4000 width=145)
                                             Index Cond: (s_nationkey = nation.n_nationkey)
                                 ->  Index Scan using idx_partsupp_suppkey on partsupp  (cost=0.43..4.79 rows=80 width=14)
                                       Index Cond: (ps_suppkey = supplier.s_suppkey)
               SubPlan 1
                 ->  Aggregate  (cost=66.25..66.26 rows=1 width=32)
                       ->  Nested Loop  (cost=2.29..66.24 rows=4 width=6)
                             Join Filter: (nation_1.n_regionkey = region_1.r_regionkey)
                             ->  Seq Scan on region region_1  (cost=0.00..1.06 rows=1 width=4)
                                   Filter: (r_name = 'AMERICA'::bpchar)
                             ->  Hash Join  (cost=2.29..64.95 rows=18 width=10)
                                   Hash Cond: (supplier_1.s_nationkey = nation_1.n_nationkey)
                                   ->  Nested Loop  (cost=0.72..63.33 rows=18 width=10)
                                         ->  Index Scan using idx_partsupp_partkey on partsupp partsupp_1  (cost=0.43..3.75 rows=18 width=10)
                                               Index Cond: (part.p_partkey = ps_partkey)
                                         ->  Index Scan using supplier_pkey on supplier supplier_1  (cost=0.29..3.31 rows=1 width=8)
                                               Index Cond: (s_suppkey = partsupp_1.ps_suppkey)
                                   ->  Hash  (cost=1.25..1.25 rows=25 width=8)
                                         ->  Seq Scan on nation nation_1  (cost=0.00..1.25 rows=25 width=8)
(37 rows)

query 2 run 3
SET
SET
SET
                                                                  QUERY PLAN                                                                  
----------------------------------------------------------------------------------------------------------------------------------------------
 Limit  (cost=881832.08..881832.08 rows=1 width=193)
   ->  Sort  (cost=881832.08..881832.08 rows=1 width=193)
         Sort Key: supplier.s_acctbal DESC, nation.n_name, supplier.s_name, part.p_partkey
         ->  Merge Join  (cost=365848.61..881832.07 rows=1 width=193)
               Merge Cond: (part.p_partkey = partsupp.ps_partkey)
               Join Filter: (partsupp.ps_supplycost = (SubPlan 1))
               ->  Index Scan using part_pkey on part  (cost=0.43..89213.87 rows=7825 width=30)
                     Filter: (((p_type)::text ~~ '%NICKEL'::text) AND (p_size = 16))
               ->  Materialize  (cost=365825.38..373824.79 rows=1599883 width=173)
                     ->  Sort  (cost=365825.38..369825.08 rows=1599883 width=173)
                           Sort Key: partsupp.ps_partkey
                           ->  Nested Loop  (cost=0.72..113076.15 rows=1599883 width=173)
                                 ->  Nested Loop  (cost=0.29..1278.50 rows=20000 width=167)
                                       ->  Nested Loop  (cost=0.00..2.62 rows=5 width=30)
                                             Join Filter: (nation.n_regionkey = region.r_regionkey)
                                             ->  Seq Scan on region  (cost=0.00..1.06 rows=1 width=4)
                                                   Filter: (r_name = 'AMERICA'::bpchar)
                                             ->  Seq Scan on nation  (cost=0.00..1.25 rows=25 width=34)
                                       ->  Index Scan using idx_supplier_nation_key on supplier  (cost=0.29..215.18 rows=4000 width=145)
                                             Index Cond: (s_nationkey = nation.n_nationkey)
                                 ->  Index Scan using idx_partsupp_suppkey on partsupp  (cost=0.43..4.79 rows=80 width=14)
                                       Index Cond: (ps_suppkey = supplier.s_suppkey)
               SubPlan 1
                 ->  Aggregate  (cost=66.25..66.26 rows=1 width=32)
                       ->  Nested Loop  (cost=2.29..66.24 rows=4 width=6)
                             Join Filter: (nation_1.n_regionkey = region_1.r_regionkey)
                             ->  Seq Scan on region region_1  (cost=0.00..1.06 rows=1 width=4)
                                   Filter: (r_name = 'AMERICA'::bpchar)
                             ->  Hash Join  (cost=2.29..64.95 rows=18 width=10)
                                   Hash Cond: (supplier_1.s_nationkey = nation_1.n_nationkey)
                                   ->  Nested Loop  (cost=0.72..63.33 rows=18 width=10)
                                         ->  Index Scan using idx_partsupp_partkey on partsupp partsupp_1  (cost=0.43..3.75 rows=18 width=10)
                                               Index Cond: (part.p_partkey = ps_partkey)
                                         ->  Index Scan using supplier_pkey on supplier supplier_1  (cost=0.29..3.31 rows=1 width=8)
                                               Index Cond: (s_suppkey = partsupp_1.ps_suppkey)
                                   ->  Hash  (cost=1.25..1.25 rows=25 width=8)
                                         ->  Seq Scan on nation nation_1  (cost=0.00..1.25 rows=25 width=8)
(37 rows)

query 3 run 1
SET
SET
SET
                                                              QUERY PLAN                                                               
---------------------------------------------------------------------------------------------------------------------------------------
 Limit  (cost=3430882.65..3430882.68 rows=10 width=44)
   ->  Sort  (cost=3430882.65..3438664.64 rows=3112795 width=44)
         Sort Key: (sum((lineitem.l_extendedprice * ('1'::numeric - lineitem.l_discount)))) DESC, orders.o_orderdate
         ->  GroupAggregate  (cost=3270232.42..3363616.27 rows=3112795 width=44)
               Group Key: lineitem.l_orderkey, orders.o_orderdate, orders.o_shippriority
               ->  Sort  (cost=3270232.42..3278014.41 rows=3112795 width=24)
                     Sort Key: lineitem.l_orderkey, orders.o_orderdate, orders.o_shippriority
                     ->  Hash Join  (cost=540576.60..2893480.92 rows=3112795 width=24)
                           Hash Cond: (lineitem.l_orderkey = orders.o_orderkey)
                           ->  Seq Scan on lineitem  (cost=0.00..1875014.70 rows=32536713 width=16)
                                 Filter: (l_shipdate > '1995-03-07'::date)
                           ->  Hash  (cost=515632.06..515632.06 rows=1435003 width=12)
                                 ->  Hash Join  (cost=144542.39..515632.06 rows=1435003 width=12)
                                       Hash Cond: (orders.o_custkey = customer.c_custkey)
                                       ->  Bitmap Heap Scan on orders  (cost=86139.17..438168.83 rows=7260933 width=16)
                                             Recheck Cond: (o_orderdate < '1995-03-07'::date)
                                             ->  Bitmap Index Scan on idx_orders_orderdate  (cost=0.00..84323.93 rows=7260933 width=0)
                                                   Index Cond: (o_orderdate < '1995-03-07'::date)
                                       ->  Hash  (cost=54697.50..54697.50 rows=296458 width=4)
                                             ->  Seq Scan on customer  (cost=0.00..54697.50 rows=296458 width=4)
                                                   Filter: (c_mktsegment = 'BUILDING'::bpchar)
(21 rows)

query 3 run 2
SET
SET
SET
                                                              QUERY PLAN                                                               
---------------------------------------------------------------------------------------------------------------------------------------
 Limit  (cost=3430882.65..3430882.68 rows=10 width=44)
   ->  Sort  (cost=3430882.65..3438664.64 rows=3112795 width=44)
         Sort Key: (sum((lineitem.l_extendedprice * ('1'::numeric - lineitem.l_discount)))) DESC, orders.o_orderdate
         ->  GroupAggregate  (cost=3270232.42..3363616.27 rows=3112795 width=44)
               Group Key: lineitem.l_orderkey, orders.o_orderdate, orders.o_shippriority
               ->  Sort  (cost=3270232.42..3278014.41 rows=3112795 width=24)
                     Sort Key: lineitem.l_orderkey, orders.o_orderdate, orders.o_shippriority
                     ->  Hash Join  (cost=540576.60..2893480.92 rows=3112795 width=24)
                           Hash Cond: (lineitem.l_orderkey = orders.o_orderkey)
                           ->  Seq Scan on lineitem  (cost=0.00..1875014.70 rows=32536713 width=16)
                                 Filter: (l_shipdate > '1995-03-07'::date)
                           ->  Hash  (cost=515632.06..515632.06 rows=1435003 width=12)
                                 ->  Hash Join  (cost=144542.39..515632.06 rows=1435003 width=12)
                                       Hash Cond: (orders.o_custkey = customer.c_custkey)
                                       ->  Bitmap Heap Scan on orders  (cost=86139.17..438168.83 rows=7260933 width=16)
                                             Recheck Cond: (o_orderdate < '1995-03-07'::date)
                                             ->  Bitmap Index Scan on idx_orders_orderdate  (cost=0.00..84323.93 rows=7260933 width=0)
                                                   Index Cond: (o_orderdate < '1995-03-07'::date)
                                       ->  Hash  (cost=54697.50..54697.50 rows=296458 width=4)
                                             ->  Seq Scan on customer  (cost=0.00..54697.50 rows=296458 width=4)
                                                   Filter: (c_mktsegment = 'BUILDING'::bpchar)
(21 rows)

query 3 run 3
SET
SET
SET
                                                              QUERY PLAN                                                               
---------------------------------------------------------------------------------------------------------------------------------------
 Limit  (cost=3430882.65..3430882.68 rows=10 width=44)
   ->  Sort  (cost=3430882.65..3438664.64 rows=3112795 width=44)
         Sort Key: (sum((lineitem.l_extendedprice * ('1'::numeric - lineitem.l_discount)))) DESC, orders.o_orderdate
         ->  GroupAggregate  (cost=3270232.42..3363616.27 rows=3112795 width=44)
               Group Key: lineitem.l_orderkey, orders.o_orderdate, orders.o_shippriority
               ->  Sort  (cost=3270232.42..3278014.41 rows=3112795 width=24)
                     Sort Key: lineitem.l_orderkey, orders.o_orderdate, orders.o_shippriority
                     ->  Hash Join  (cost=540576.60..2893480.92 rows=3112795 width=24)
                           Hash Cond: (lineitem.l_orderkey = orders.o_orderkey)
                           ->  Seq Scan on lineitem  (cost=0.00..1875014.70 rows=32536713 width=16)
                                 Filter: (l_shipdate > '1995-03-07'::date)
                           ->  Hash  (cost=515632.06..515632.06 rows=1435003 width=12)
                                 ->  Hash Join  (cost=144542.39..515632.06 rows=1435003 width=12)
                                       Hash Cond: (orders.o_custkey = customer.c_custkey)
                                       ->  Bitmap Heap Scan on orders  (cost=86139.17..438168.83 rows=7260933 width=16)
                                             Recheck Cond: (o_orderdate < '1995-03-07'::date)
                                             ->  Bitmap Index Scan on idx_orders_orderdate  (cost=0.00..84323.93 rows=7260933 width=0)
                                                   Index Cond: (o_orderdate < '1995-03-07'::date)
                                       ->  Hash  (cost=54697.50..54697.50 rows=296458 width=4)
                                             ->  Seq Scan on customer  (cost=0.00..54697.50 rows=296458 width=4)
                                                   Filter: (c_mktsegment = 'BUILDING'::bpchar)
(21 rows)

query 4 run 1
SET
SET
SET
                                                        QUERY PLAN                                                        
--------------------------------------------------------------------------------------------------------------------------
 Limit  (cost=1704769.05..1704769.05 rows=1 width=24)
   ->  Sort  (cost=1704769.05..1704769.06 rows=5 width=24)
         Sort Key: orders.o_orderpriority
         ->  HashAggregate  (cost=1704768.97..1704769.02 rows=5 width=24)
               Group Key: orders.o_orderpriority
               ->  Nested Loop Semi Join  (cost=8029.37..1701974.78 rows=558838 width=16)
                     ->  Bitmap Heap Scan on orders  (cost=8028.80..277680.51 rows=558914 width=20)
                           Recheck Cond: ((o_orderdate >= '1993-12-01'::date) AND (o_orderdate < '1994-03-01'::date))
                           ->  Bitmap Index Scan on idx_orders_orderdate  (cost=0.00..7889.08 rows=558914 width=0)
                                 Index Cond: ((o_orderdate >= '1993-12-01'::date) AND (o_orderdate < '1994-03-01'::date))
                     ->  Index Scan using idx_lineitem_orderkey on lineitem  (cost=0.56..2.87 rows=1 width=4)
                           Index Cond: (l_orderkey = orders.o_orderkey)
                           Filter: (l_commitdate < l_receiptdate)
(13 rows)

query 4 run 2
SET
SET
SET
                                                        QUERY PLAN                                                        
--------------------------------------------------------------------------------------------------------------------------
 Limit  (cost=1704769.05..1704769.05 rows=1 width=24)
   ->  Sort  (cost=1704769.05..1704769.06 rows=5 width=24)
         Sort Key: orders.o_orderpriority
         ->  HashAggregate  (cost=1704768.97..1704769.02 rows=5 width=24)
               Group Key: orders.o_orderpriority
               ->  Nested Loop Semi Join  (cost=8029.37..1701974.78 rows=558838 width=16)
                     ->  Bitmap Heap Scan on orders  (cost=8028.80..277680.51 rows=558914 width=20)
                           Recheck Cond: ((o_orderdate >= '1993-12-01'::date) AND (o_orderdate < '1994-03-01'::date))
                           ->  Bitmap Index Scan on idx_orders_orderdate  (cost=0.00..7889.08 rows=558914 width=0)
                                 Index Cond: ((o_orderdate >= '1993-12-01'::date) AND (o_orderdate < '1994-03-01'::date))
                     ->  Index Scan using idx_lineitem_orderkey on lineitem  (cost=0.56..2.87 rows=1 width=4)
                           Index Cond: (l_orderkey = orders.o_orderkey)
                           Filter: (l_commitdate < l_receiptdate)
(13 rows)

query 4 run 3
SET
SET
SET
                                                        QUERY PLAN                                                        
--------------------------------------------------------------------------------------------------------------------------
 Limit  (cost=1704769.05..1704769.05 rows=1 width=24)
   ->  Sort  (cost=1704769.05..1704769.06 rows=5 width=24)
         Sort Key: orders.o_orderpriority
         ->  HashAggregate  (cost=1704768.97..1704769.02 rows=5 width=24)
               Group Key: orders.o_orderpriority
               ->  Nested Loop Semi Join  (cost=8029.37..1701974.78 rows=558838 width=16)
                     ->  Bitmap Heap Scan on orders  (cost=8028.80..277680.51 rows=558914 width=20)
                           Recheck Cond: ((o_orderdate >= '1993-12-01'::date) AND (o_orderdate < '1994-03-01'::date))
                           ->  Bitmap Index Scan on idx_orders_orderdate  (cost=0.00..7889.08 rows=558914 width=0)
                                 Index Cond: ((o_orderdate >= '1993-12-01'::date) AND (o_orderdate < '1994-03-01'::date))
                     ->  Index Scan using idx_lineitem_orderkey on lineitem  (cost=0.56..2.87 rows=1 width=4)
                           Index Cond: (l_orderkey = orders.o_orderkey)
                           Filter: (l_commitdate < l_receiptdate)
(13 rows)

query 5 run 1
SET
SET
SET
                                                                 QUERY PLAN                                                                 
--------------------------------------------------------------------------------------------------------------------------------------------
 Limit  (cost=1661060.75..1661060.75 rows=1 width=58)
   ->  Sort  (cost=1661060.75..1661060.81 rows=25 width=58)
         Sort Key: (sum((lineitem.l_extendedprice * ('1'::numeric - lineitem.l_discount)))) DESC
         ->  GroupAggregate  (cost=1660158.64..1661060.62 rows=25 width=58)
               Group Key: nation.n_name
               ->  Sort  (cost=1660158.64..1660338.97 rows=72134 width=38)
                     Sort Key: nation.n_name
                     ->  Hash Join  (cost=100440.83..1654338.00 rows=72134 width=38)
                           Hash Cond: ((lineitem.l_suppkey = supplier.s_suppkey) AND (customer.c_nationkey = supplier.s_nationkey))
                           ->  Nested Loop  (cost=95719.83..1640146.32 rows=1803937 width=50)
                                 ->  Hash Join  (cost=95719.26..403783.25 rows=451046 width=38)
                                       Hash Cond: (orders.o_custkey = customer.c_custkey)
                                       ->  Bitmap Heap Scan on orders  (cost=32394.02..327490.44 rows=2255228 width=8)
                                             Recheck Cond: ((o_orderdate >= '1993-01-01'::date) AND (o_orderdate < '1994-01-01'::date))
                                             ->  Bitmap Index Scan on idx_orders_orderdate  (cost=0.00..31830.22 rows=2255228 width=0)
                                                   Index Cond: ((o_orderdate >= '1993-01-01'::date) AND (o_orderdate < '1994-01-01'::date))
                                       ->  Hash  (cost=59575.14..59575.14 rows=300008 width=38)
                                             ->  Hash Join  (cost=2.51..59575.14 rows=300008 width=38)
                                                   Hash Cond: (customer.c_nationkey = nation.n_nationkey)
                                                   ->  Seq Scan on customer  (cost=0.00..50947.40 rows=1500040 width=8)
                                                   ->  Hash  (cost=2.45..2.45 rows=5 width=30)
                                                         ->  Hash Join  (cost=1.07..2.45 rows=5 width=30)
                                                               Hash Cond: (nation.n_regionkey = region.r_regionkey)
                                                               ->  Seq Scan on nation  (cost=0.00..1.25 rows=25 width=34)
                                                               ->  Hash  (cost=1.06..1.06 rows=1 width=4)
                                                                     ->  Seq Scan on region  (cost=0.00..1.06 rows=1 width=4)
                                                                           Filter: (r_name = 'AMERICA'::bpchar)
                                 ->  Index Scan using idx_lineitem_orderkey on lineitem  (cost=0.56..2.70 rows=4 width=20)
                                       Index Cond: (l_orderkey = orders.o_orderkey)
                           ->  Hash  (cost=3221.00..3221.00 rows=100000 width=8)
                                 ->  Seq Scan on supplier  (cost=0.00..3221.00 rows=100000 width=8)
(31 rows)

query 5 run 2
SET
SET
SET
                                                                 QUERY PLAN                                                                 
--------------------------------------------------------------------------------------------------------------------------------------------
 Limit  (cost=1661060.75..1661060.75 rows=1 width=58)
   ->  Sort  (cost=1661060.75..1661060.81 rows=25 width=58)
         Sort Key: (sum((lineitem.l_extendedprice * ('1'::numeric - lineitem.l_discount)))) DESC
         ->  GroupAggregate  (cost=1660158.64..1661060.62 rows=25 width=58)
               Group Key: nation.n_name
               ->  Sort  (cost=1660158.64..1660338.97 rows=72134 width=38)
                     Sort Key: nation.n_name
                     ->  Hash Join  (cost=100440.83..1654338.00 rows=72134 width=38)
                           Hash Cond: ((lineitem.l_suppkey = supplier.s_suppkey) AND (customer.c_nationkey = supplier.s_nationkey))
                           ->  Nested Loop  (cost=95719.83..1640146.32 rows=1803937 width=50)
                                 ->  Hash Join  (cost=95719.26..403783.25 rows=451046 width=38)
                                       Hash Cond: (orders.o_custkey = customer.c_custkey)
                                       ->  Bitmap Heap Scan on orders  (cost=32394.02..327490.44 rows=2255228 width=8)
                                             Recheck Cond: ((o_orderdate >= '1993-01-01'::date) AND (o_orderdate < '1994-01-01'::date))
                                             ->  Bitmap Index Scan on idx_orders_orderdate  (cost=0.00..31830.22 rows=2255228 width=0)
                                                   Index Cond: ((o_orderdate >= '1993-01-01'::date) AND (o_orderdate < '1994-01-01'::date))
                                       ->  Hash  (cost=59575.14..59575.14 rows=300008 width=38)
                                             ->  Hash Join  (cost=2.51..59575.14 rows=300008 width=38)
                                                   Hash Cond: (customer.c_nationkey = nation.n_nationkey)
                                                   ->  Seq Scan on customer  (cost=0.00..50947.40 rows=1500040 width=8)
                                                   ->  Hash  (cost=2.45..2.45 rows=5 width=30)
                                                         ->  Hash Join  (cost=1.07..2.45 rows=5 width=30)
                                                               Hash Cond: (nation.n_regionkey = region.r_regionkey)
                                                               ->  Seq Scan on nation  (cost=0.00..1.25 rows=25 width=34)
                                                               ->  Hash  (cost=1.06..1.06 rows=1 width=4)
                                                                     ->  Seq Scan on region  (cost=0.00..1.06 rows=1 width=4)
                                                                           Filter: (r_name = 'AMERICA'::bpchar)
                                 ->  Index Scan using idx_lineitem_orderkey on lineitem  (cost=0.56..2.70 rows=4 width=20)
                                       Index Cond: (l_orderkey = orders.o_orderkey)
                           ->  Hash  (cost=3221.00..3221.00 rows=100000 width=8)
                                 ->  Seq Scan on supplier  (cost=0.00..3221.00 rows=100000 width=8)
(31 rows)

query 5 run 3
SET
SET
SET
                                                                 QUERY PLAN                                                                 
--------------------------------------------------------------------------------------------------------------------------------------------
 Limit  (cost=1661060.75..1661060.75 rows=1 width=58)
   ->  Sort  (cost=1661060.75..1661060.81 rows=25 width=58)
         Sort Key: (sum((lineitem.l_extendedprice * ('1'::numeric - lineitem.l_discount)))) DESC
         ->  GroupAggregate  (cost=1660158.64..1661060.62 rows=25 width=58)
               Group Key: nation.n_name
               ->  Sort  (cost=1660158.64..1660338.97 rows=72134 width=38)
                     Sort Key: nation.n_name
                     ->  Hash Join  (cost=100440.83..1654338.00 rows=72134 width=38)
                           Hash Cond: ((lineitem.l_suppkey = supplier.s_suppkey) AND (customer.c_nationkey = supplier.s_nationkey))
                           ->  Nested Loop  (cost=95719.83..1640146.32 rows=1803937 width=50)
                                 ->  Hash Join  (cost=95719.26..403783.25 rows=451046 width=38)
                                       Hash Cond: (orders.o_custkey = customer.c_custkey)
                                       ->  Bitmap Heap Scan on orders  (cost=32394.02..327490.44 rows=2255228 width=8)
                                             Recheck Cond: ((o_orderdate >= '1993-01-01'::date) AND (o_orderdate < '1994-01-01'::date))
                                             ->  Bitmap Index Scan on idx_orders_orderdate  (cost=0.00..31830.22 rows=2255228 width=0)
                                                   Index Cond: ((o_orderdate >= '1993-01-01'::date) AND (o_orderdate < '1994-01-01'::date))
                                       ->  Hash  (cost=59575.14..59575.14 rows=300008 width=38)
                                             ->  Hash Join  (cost=2.51..59575.14 rows=300008 width=38)
                                                   Hash Cond: (customer.c_nationkey = nation.n_nationkey)
                                                   ->  Seq Scan on customer  (cost=0.00..50947.40 rows=1500040 width=8)
                                                   ->  Hash  (cost=2.45..2.45 rows=5 width=30)
                                                         ->  Hash Join  (cost=1.07..2.45 rows=5 width=30)
                                                               Hash Cond: (nation.n_regionkey = region.r_regionkey)
                                                               ->  Seq Scan on nation  (cost=0.00..1.25 rows=25 width=34)
                                                               ->  Hash  (cost=1.06..1.06 rows=1 width=4)
                                                                     ->  Seq Scan on region  (cost=0.00..1.06 rows=1 width=4)
                                                                           Filter: (r_name = 'AMERICA'::bpchar)
                                 ->  Index Scan using idx_lineitem_orderkey on lineitem  (cost=0.56..2.70 rows=4 width=20)
                                       Index Cond: (l_orderkey = orders.o_orderkey)
                           ->  Hash  (cost=3221.00..3221.00 rows=100000 width=8)
                                 ->  Seq Scan on supplier  (cost=0.00..3221.00 rows=100000 width=8)
(31 rows)

query 6 run 1
SET
SET
SET
                                                                                                          QUERY PLAN                                                                                                           
-------------------------------------------------------------------------------------------------------------------------------------------------------------------------------------------------------------------------------
 Limit  (cost=1091049.01..1091049.02 rows=1 width=32)
   ->  Aggregate  (cost=1091049.01..1091049.02 rows=1 width=32)
         ->  Bitmap Heap Scan on lineitem  (cost=210857.62..1085054.05 rows=1198993 width=12)
               Recheck Cond: ((l_shipdate >= '1993-01-01'::date) AND (l_shipdate < '1994-01-01 00:00:00'::timestamp without time zone) AND (l_discount >= 0.06) AND (l_discount <= 0.08) AND (l_quantity < '25'::numeric))
               ->  Bitmap Index Scan on idx_lineitem_shipdate  (cost=0.00..210557.88 rows=1198993 width=0)
                     Index Cond: ((l_shipdate >= '1993-01-01'::date) AND (l_shipdate < '1994-01-01 00:00:00'::timestamp without time zone) AND (l_discount >= 0.06) AND (l_discount <= 0.08) AND (l_quantity < '25'::numeric))
(6 rows)

query 6 run 2
SET
SET
SET
                                                                                                          QUERY PLAN                                                                                                           
-------------------------------------------------------------------------------------------------------------------------------------------------------------------------------------------------------------------------------
 Limit  (cost=1091049.01..1091049.02 rows=1 width=32)
   ->  Aggregate  (cost=1091049.01..1091049.02 rows=1 width=32)
         ->  Bitmap Heap Scan on lineitem  (cost=210857.62..1085054.05 rows=1198993 width=12)
               Recheck Cond: ((l_shipdate >= '1993-01-01'::date) AND (l_shipdate < '1994-01-01 00:00:00'::timestamp without time zone) AND (l_discount >= 0.06) AND (l_discount <= 0.08) AND (l_quantity < '25'::numeric))
               ->  Bitmap Index Scan on idx_lineitem_shipdate  (cost=0.00..210557.88 rows=1198993 width=0)
                     Index Cond: ((l_shipdate >= '1993-01-01'::date) AND (l_shipdate < '1994-01-01 00:00:00'::timestamp without time zone) AND (l_discount >= 0.06) AND (l_discount <= 0.08) AND (l_quantity < '25'::numeric))
(6 rows)

query 6 run 3
SET
SET
SET
                                                                                                          QUERY PLAN                                                                                                           
-------------------------------------------------------------------------------------------------------------------------------------------------------------------------------------------------------------------------------
 Limit  (cost=1091049.01..1091049.02 rows=1 width=32)
   ->  Aggregate  (cost=1091049.01..1091049.02 rows=1 width=32)
         ->  Bitmap Heap Scan on lineitem  (cost=210857.62..1085054.05 rows=1198993 width=12)
               Recheck Cond: ((l_shipdate >= '1993-01-01'::date) AND (l_shipdate < '1994-01-01 00:00:00'::timestamp without time zone) AND (l_discount >= 0.06) AND (l_discount <= 0.08) AND (l_quantity < '25'::numeric))
               ->  Bitmap Index Scan on idx_lineitem_shipdate  (cost=0.00..210557.88 rows=1198993 width=0)
                     Index Cond: ((l_shipdate >= '1993-01-01'::date) AND (l_shipdate < '1994-01-01 00:00:00'::timestamp without time zone) AND (l_discount >= 0.06) AND (l_discount <= 0.08) AND (l_quantity < '25'::numeric))
(6 rows)

query 7 run 1
SET
SET
SET
                                                                                 QUERY PLAN                                                                                  
-----------------------------------------------------------------------------------------------------------------------------------------------------------------------------
 Limit  (cost=2382169.40..2382169.52 rows=1 width=92)
   ->  GroupAggregate  (cost=2382169.40..2383404.84 rows=10052 width=92)
         Group Key: n1.n_name, n2.n_name, (date_part('year'::text, (lineitem.l_shipdate)::timestamp without time zone))
         ->  Sort  (cost=2382169.40..2382320.76 rows=60545 width=72)
               Sort Key: n1.n_name, n2.n_name, (date_part('year'::text, (lineitem.l_shipdate)::timestamp without time zone))
               ->  Hash Join  (cost=854827.00..2377360.39 rows=60545 width=72)
                     Hash Cond: (lineitem.l_orderkey = orders.o_orderkey)
                     Join Filter: (((n1.n_name = 'PERU'::bpchar) AND (n2.n_name = 'MOROCCO'::bpchar)) OR ((n1.n_name = 'MOROCCO'::bpchar) AND (n2.n_name = 'PERU'::bpchar)))
                     ->  Hash Join  (cost=295060.23..1775730.50 rows=1454843 width=46)
                           Hash Cond: (lineitem.l_suppkey = supplier.s_suppkey)
                           ->  Bitmap Heap Scan on lineitem  (cost=291430.83..1689356.90 rows=18185538 width=24)
                                 Recheck Cond: ((l_shipdate >= '1995-01-01'::date) AND (l_shipdate <= '1996-12-31'::date))
                                 ->  Bitmap Index Scan on idx_lineitem_shipdate  (cost=0.00..286884.45 rows=18185538 width=0)
                                       Index Cond: ((l_shipdate >= '1995-01-01'::date) AND (l_shipdate <= '1996-12-31'::date))
                           ->  Hash  (cost=3529.40..3529.40 rows=8000 width=30)
                                 ->  Hash Join  (cost=1.40..3529.40 rows=8000 width=30)
                                       Hash Cond: (supplier.s_nationkey = n1.n_nationkey)
                                       ->  Seq Scan on supplier  (cost=0.00..3221.00 rows=100000 width=8)
                                       ->  Hash  (cost=1.38..1.38 rows=2 width=30)
                                             ->  Seq Scan on nation n1  (cost=0.00..1.38 rows=2 width=30)
                                                   Filter: ((n_name = 'PERU'::bpchar) OR (n_name = 'MOROCCO'::bpchar))
                     ->  Hash  (cost=536564.29..536564.29 rows=1199958 width=30)
                           ->  Hash Join  (cost=57053.96..536564.29 rows=1199958 width=30)
                                 Hash Cond: (orders.o_custkey = customer.c_custkey)
                                 ->  Seq Scan on orders  (cost=0.00..411262.74 rows=14999474 width=8)
                                 ->  Hash  (cost=55553.93..55553.93 rows=120003 width=30)
                                       ->  Hash Join  (cost=1.40..55553.93 rows=120003 width=30)
                                             Hash Cond: (customer.c_nationkey = n2.n_nationkey)
                                             ->  Seq Scan on customer  (cost=0.00..50947.40 rows=1500040 width=8)
                                             ->  Hash  (cost=1.38..1.38 rows=2 width=30)
                                                   ->  Seq Scan on nation n2  (cost=0.00..1.38 rows=2 width=30)
                                                         Filter: ((n_name = 'MOROCCO'::bpchar) OR (n_name = 'PERU'::bpchar))
(32 rows)

query 7 run 2
SET
SET
SET
                                                                                 QUERY PLAN                                                                                  
-----------------------------------------------------------------------------------------------------------------------------------------------------------------------------
 Limit  (cost=2382169.40..2382169.52 rows=1 width=92)
   ->  GroupAggregate  (cost=2382169.40..2383404.84 rows=10052 width=92)
         Group Key: n1.n_name, n2.n_name, (date_part('year'::text, (lineitem.l_shipdate)::timestamp without time zone))
         ->  Sort  (cost=2382169.40..2382320.76 rows=60545 width=72)
               Sort Key: n1.n_name, n2.n_name, (date_part('year'::text, (lineitem.l_shipdate)::timestamp without time zone))
               ->  Hash Join  (cost=854827.00..2377360.39 rows=60545 width=72)
                     Hash Cond: (lineitem.l_orderkey = orders.o_orderkey)
                     Join Filter: (((n1.n_name = 'PERU'::bpchar) AND (n2.n_name = 'MOROCCO'::bpchar)) OR ((n1.n_name = 'MOROCCO'::bpchar) AND (n2.n_name = 'PERU'::bpchar)))
                     ->  Hash Join  (cost=295060.23..1775730.50 rows=1454843 width=46)
                           Hash Cond: (lineitem.l_suppkey = supplier.s_suppkey)
                           ->  Bitmap Heap Scan on lineitem  (cost=291430.83..1689356.90 rows=18185538 width=24)
                                 Recheck Cond: ((l_shipdate >= '1995-01-01'::date) AND (l_shipdate <= '1996-12-31'::date))
                                 ->  Bitmap Index Scan on idx_lineitem_shipdate  (cost=0.00..286884.45 rows=18185538 width=0)
                                       Index Cond: ((l_shipdate >= '1995-01-01'::date) AND (l_shipdate <= '1996-12-31'::date))
                           ->  Hash  (cost=3529.40..3529.40 rows=8000 width=30)
                                 ->  Hash Join  (cost=1.40..3529.40 rows=8000 width=30)
                                       Hash Cond: (supplier.s_nationkey = n1.n_nationkey)
                                       ->  Seq Scan on supplier  (cost=0.00..3221.00 rows=100000 width=8)
                                       ->  Hash  (cost=1.38..1.38 rows=2 width=30)
                                             ->  Seq Scan on nation n1  (cost=0.00..1.38 rows=2 width=30)
                                                   Filter: ((n_name = 'PERU'::bpchar) OR (n_name = 'MOROCCO'::bpchar))
                     ->  Hash  (cost=536564.29..536564.29 rows=1199958 width=30)
                           ->  Hash Join  (cost=57053.96..536564.29 rows=1199958 width=30)
                                 Hash Cond: (orders.o_custkey = customer.c_custkey)
                                 ->  Seq Scan on orders  (cost=0.00..411262.74 rows=14999474 width=8)
                                 ->  Hash  (cost=55553.93..55553.93 rows=120003 width=30)
                                       ->  Hash Join  (cost=1.40..55553.93 rows=120003 width=30)
                                             Hash Cond: (customer.c_nationkey = n2.n_nationkey)
                                             ->  Seq Scan on customer  (cost=0.00..50947.40 rows=1500040 width=8)
                                             ->  Hash  (cost=1.38..1.38 rows=2 width=30)
                                                   ->  Seq Scan on nation n2  (cost=0.00..1.38 rows=2 width=30)
                                                         Filter: ((n_name = 'MOROCCO'::bpchar) OR (n_name = 'PERU'::bpchar))
(32 rows)

query 7 run 3
SET
SET
SET
                                                                                 QUERY PLAN                                                                                  
-----------------------------------------------------------------------------------------------------------------------------------------------------------------------------
 Limit  (cost=2382169.40..2382169.52 rows=1 width=92)
   ->  GroupAggregate  (cost=2382169.40..2383404.84 rows=10052 width=92)
         Group Key: n1.n_name, n2.n_name, (date_part('year'::text, (lineitem.l_shipdate)::timestamp without time zone))
         ->  Sort  (cost=2382169.40..2382320.76 rows=60545 width=72)
               Sort Key: n1.n_name, n2.n_name, (date_part('year'::text, (lineitem.l_shipdate)::timestamp without time zone))
               ->  Hash Join  (cost=854827.00..2377360.39 rows=60545 width=72)
                     Hash Cond: (lineitem.l_orderkey = orders.o_orderkey)
                     Join Filter: (((n1.n_name = 'PERU'::bpchar) AND (n2.n_name = 'MOROCCO'::bpchar)) OR ((n1.n_name = 'MOROCCO'::bpchar) AND (n2.n_name = 'PERU'::bpchar)))
                     ->  Hash Join  (cost=295060.23..1775730.50 rows=1454843 width=46)
                           Hash Cond: (lineitem.l_suppkey = supplier.s_suppkey)
                           ->  Bitmap Heap Scan on lineitem  (cost=291430.83..1689356.90 rows=18185538 width=24)
                                 Recheck Cond: ((l_shipdate >= '1995-01-01'::date) AND (l_shipdate <= '1996-12-31'::date))
                                 ->  Bitmap Index Scan on idx_lineitem_shipdate  (cost=0.00..286884.45 rows=18185538 width=0)
                                       Index Cond: ((l_shipdate >= '1995-01-01'::date) AND (l_shipdate <= '1996-12-31'::date))
                           ->  Hash  (cost=3529.40..3529.40 rows=8000 width=30)
                                 ->  Hash Join  (cost=1.40..3529.40 rows=8000 width=30)
                                       Hash Cond: (supplier.s_nationkey = n1.n_nationkey)
                                       ->  Seq Scan on supplier  (cost=0.00..3221.00 rows=100000 width=8)
                                       ->  Hash  (cost=1.38..1.38 rows=2 width=30)
                                             ->  Seq Scan on nation n1  (cost=0.00..1.38 rows=2 width=30)
                                                   Filter: ((n_name = 'PERU'::bpchar) OR (n_name = 'MOROCCO'::bpchar))
                     ->  Hash  (cost=536564.29..536564.29 rows=1199958 width=30)
                           ->  Hash Join  (cost=57053.96..536564.29 rows=1199958 width=30)
                                 Hash Cond: (orders.o_custkey = customer.c_custkey)
                                 ->  Seq Scan on orders  (cost=0.00..411262.74 rows=14999474 width=8)
                                 ->  Hash  (cost=55553.93..55553.93 rows=120003 width=30)
                                       ->  Hash Join  (cost=1.40..55553.93 rows=120003 width=30)
                                             Hash Cond: (customer.c_nationkey = n2.n_nationkey)
                                             ->  Seq Scan on customer  (cost=0.00..50947.40 rows=1500040 width=8)
                                             ->  Hash  (cost=1.38..1.38 rows=2 width=30)
                                                   ->  Seq Scan on nation n2  (cost=0.00..1.38 rows=2 width=30)
                                                         Filter: ((n_name = 'MOROCCO'::bpchar) OR (n_name = 'PERU'::bpchar))
(32 rows)

query 8 run 1
SET
SET
SET
                                                                    QUERY PLAN                                                                     
---------------------------------------------------------------------------------------------------------------------------------------------------
 Limit  (cost=1180751.17..1180751.42 rows=1 width=40)
   ->  GroupAggregate  (cost=1180751.17..1181350.32 rows=2406 width=40)
         Group Key: (date_part('year'::text, (orders.o_orderdate)::timestamp without time zone))
         ->  Sort  (cost=1180751.17..1180811.73 rows=24223 width=46)
               Sort Key: (date_part('year'::text, (orders.o_orderdate)::timestamp without time zone))
               ->  Nested Loop  (cost=503471.76..1178987.24 rows=24223 width=46)
                     Join Filter: (supplier.s_nationkey = n2.n_nationkey)
                     ->  Hash Join  (cost=503471.76..1170116.61 rows=24223 width=20)
                           Hash Cond: (lineitem.l_suppkey = supplier.s_suppkey)
                           ->  Hash Join  (cost=499000.76..1165582.02 rows=24223 width=20)
                                 Hash Cond: (lineitem.l_orderkey = orders.o_orderkey)
                                 ->  Nested Loop  (cost=0.56..656602.84 rows=399937 width=20)
                                       ->  Seq Scan on part  (cost=0.00..65981.90 rows=13334 width=4)
                                             Filter: ((p_type)::text = 'LARGE POLISHED BRASS'::text)
                                       ->  Index Scan using idx_lineitem_part_supp on lineitem  (cost=0.56..43.96 rows=33 width=24)
                                             Index Cond: (l_partkey = part.p_partkey)
                                 ->  Hash  (cost=484095.07..484095.07 rows=908490 width=8)
                                       ->  Hash Join  (cost=128571.27..484095.07 rows=908490 width=8)
                                             Hash Cond: (orders.o_custkey = customer.c_custkey)
                                             ->  Bitmap Heap Scan on orders  (cost=65246.03..394650.75 rows=4542448 width=12)
                                                   Recheck Cond: ((o_orderdate >= '1995-01-01'::date) AND (o_orderdate <= '1996-12-31'::date))
                                                   ->  Bitmap Index Scan on idx_orders_orderdate  (cost=0.00..64110.42 rows=4542448 width=0)
                                                         Index Cond: ((o_orderdate >= '1995-01-01'::date) AND (o_orderdate <= '1996-12-31'::date))
                                             ->  Hash  (cost=59575.14..59575.14 rows=300008 width=4)
                                                   ->  Hash Join  (cost=2.51..59575.14 rows=300008 width=4)
                                                         Hash Cond: (customer.c_nationkey = n1.n_nationkey)
                                                         ->  Seq Scan on customer  (cost=0.00..50947.40 rows=1500040 width=8)
                                                         ->  Hash  (cost=2.45..2.45 rows=5 width=4)
                                                               ->  Hash Join  (cost=1.07..2.45 rows=5 width=4)
                                                                     Hash Cond: (n1.n_regionkey = region.r_regionkey)
                                                                     ->  Seq Scan on nation n1  (cost=0.00..1.25 rows=25 width=8)
                                                                     ->  Hash  (cost=1.06..1.06 rows=1 width=4)
                                                                           ->  Seq Scan on region  (cost=0.00..1.06 rows=1 width=4)
                                                                                 Filter: (r_name = 'AMERICA'::bpchar)
                           ->  Hash  (cost=3221.00..3221.00 rows=100000 width=8)
                                 ->  Seq Scan on supplier  (cost=0.00..3221.00 rows=100000 width=8)
                     ->  Materialize  (cost=0.00..1.38 rows=25 width=30)
                           ->  Seq Scan on nation n2  (cost=0.00..1.25 rows=25 width=30)
(38 rows)

query 8 run 2
SET
SET
SET
                                                                    QUERY PLAN                                                                     
---------------------------------------------------------------------------------------------------------------------------------------------------
 Limit  (cost=1180751.17..1180751.42 rows=1 width=40)
   ->  GroupAggregate  (cost=1180751.17..1181350.32 rows=2406 width=40)
         Group Key: (date_part('year'::text, (orders.o_orderdate)::timestamp without time zone))
         ->  Sort  (cost=1180751.17..1180811.73 rows=24223 width=46)
               Sort Key: (date_part('year'::text, (orders.o_orderdate)::timestamp without time zone))
               ->  Nested Loop  (cost=503471.76..1178987.24 rows=24223 width=46)
                     Join Filter: (supplier.s_nationkey = n2.n_nationkey)
                     ->  Hash Join  (cost=503471.76..1170116.61 rows=24223 width=20)
                           Hash Cond: (lineitem.l_suppkey = supplier.s_suppkey)
                           ->  Hash Join  (cost=499000.76..1165582.02 rows=24223 width=20)
                                 Hash Cond: (lineitem.l_orderkey = orders.o_orderkey)
                                 ->  Nested Loop  (cost=0.56..656602.84 rows=399937 width=20)
                                       ->  Seq Scan on part  (cost=0.00..65981.90 rows=13334 width=4)
                                             Filter: ((p_type)::text = 'LARGE POLISHED BRASS'::text)
                                       ->  Index Scan using idx_lineitem_part_supp on lineitem  (cost=0.56..43.96 rows=33 width=24)
                                             Index Cond: (l_partkey = part.p_partkey)
                                 ->  Hash  (cost=484095.07..484095.07 rows=908490 width=8)
                                       ->  Hash Join  (cost=128571.27..484095.07 rows=908490 width=8)
                                             Hash Cond: (orders.o_custkey = customer.c_custkey)
                                             ->  Bitmap Heap Scan on orders  (cost=65246.03..394650.75 rows=4542448 width=12)
                                                   Recheck Cond: ((o_orderdate >= '1995-01-01'::date) AND (o_orderdate <= '1996-12-31'::date))
                                                   ->  Bitmap Index Scan on idx_orders_orderdate  (cost=0.00..64110.42 rows=4542448 width=0)
                                                         Index Cond: ((o_orderdate >= '1995-01-01'::date) AND (o_orderdate <= '1996-12-31'::date))
                                             ->  Hash  (cost=59575.14..59575.14 rows=300008 width=4)
                                                   ->  Hash Join  (cost=2.51..59575.14 rows=300008 width=4)
                                                         Hash Cond: (customer.c_nationkey = n1.n_nationkey)
                                                         ->  Seq Scan on customer  (cost=0.00..50947.40 rows=1500040 width=8)
                                                         ->  Hash  (cost=2.45..2.45 rows=5 width=4)
                                                               ->  Hash Join  (cost=1.07..2.45 rows=5 width=4)
                                                                     Hash Cond: (n1.n_regionkey = region.r_regionkey)
                                                                     ->  Seq Scan on nation n1  (cost=0.00..1.25 rows=25 width=8)
                                                                     ->  Hash  (cost=1.06..1.06 rows=1 width=4)
                                                                           ->  Seq Scan on region  (cost=0.00..1.06 rows=1 width=4)
                                                                                 Filter: (r_name = 'AMERICA'::bpchar)
                           ->  Hash  (cost=3221.00..3221.00 rows=100000 width=8)
                                 ->  Seq Scan on supplier  (cost=0.00..3221.00 rows=100000 width=8)
                     ->  Materialize  (cost=0.00..1.38 rows=25 width=30)
                           ->  Seq Scan on nation n2  (cost=0.00..1.25 rows=25 width=30)
(38 rows)

query 8 run 3
SET
SET
SET
                                                                    QUERY PLAN                                                                     
---------------------------------------------------------------------------------------------------------------------------------------------------
 Limit  (cost=1180751.17..1180751.42 rows=1 width=40)
   ->  GroupAggregate  (cost=1180751.17..1181350.32 rows=2406 width=40)
         Group Key: (date_part('year'::text, (orders.o_orderdate)::timestamp without time zone))
         ->  Sort  (cost=1180751.17..1180811.73 rows=24223 width=46)
               Sort Key: (date_part('year'::text, (orders.o_orderdate)::timestamp without time zone))
               ->  Nested Loop  (cost=503471.76..1178987.24 rows=24223 width=46)
                     Join Filter: (supplier.s_nationkey = n2.n_nationkey)
                     ->  Hash Join  (cost=503471.76..1170116.61 rows=24223 width=20)
                           Hash Cond: (lineitem.l_suppkey = supplier.s_suppkey)
                           ->  Hash Join  (cost=499000.76..1165582.02 rows=24223 width=20)
                                 Hash Cond: (lineitem.l_orderkey = orders.o_orderkey)
                                 ->  Nested Loop  (cost=0.56..656602.84 rows=399937 width=20)
                                       ->  Seq Scan on part  (cost=0.00..65981.90 rows=13334 width=4)
                                             Filter: ((p_type)::text = 'LARGE POLISHED BRASS'::text)
                                       ->  Index Scan using idx_lineitem_part_supp on lineitem  (cost=0.56..43.96 rows=33 width=24)
                                             Index Cond: (l_partkey = part.p_partkey)
                                 ->  Hash  (cost=484095.07..484095.07 rows=908490 width=8)
                                       ->  Hash Join  (cost=128571.27..484095.07 rows=908490 width=8)
                                             Hash Cond: (orders.o_custkey = customer.c_custkey)
                                             ->  Bitmap Heap Scan on orders  (cost=65246.03..394650.75 rows=4542448 width=12)
                                                   Recheck Cond: ((o_orderdate >= '1995-01-01'::date) AND (o_orderdate <= '1996-12-31'::date))
                                                   ->  Bitmap Index Scan on idx_orders_orderdate  (cost=0.00..64110.42 rows=4542448 width=0)
                                                         Index Cond: ((o_orderdate >= '1995-01-01'::date) AND (o_orderdate <= '1996-12-31'::date))
                                             ->  Hash  (cost=59575.14..59575.14 rows=300008 width=4)
                                                   ->  Hash Join  (cost=2.51..59575.14 rows=300008 width=4)
                                                         Hash Cond: (customer.c_nationkey = n1.n_nationkey)
                                                         ->  Seq Scan on customer  (cost=0.00..50947.40 rows=1500040 width=8)
                                                         ->  Hash  (cost=2.45..2.45 rows=5 width=4)
                                                               ->  Hash Join  (cost=1.07..2.45 rows=5 width=4)
                                                                     Hash Cond: (n1.n_regionkey = region.r_regionkey)
                                                                     ->  Seq Scan on nation n1  (cost=0.00..1.25 rows=25 width=8)
                                                                     ->  Hash  (cost=1.06..1.06 rows=1 width=4)
                                                                           ->  Seq Scan on region  (cost=0.00..1.06 rows=1 width=4)
                                                                                 Filter: (r_name = 'AMERICA'::bpchar)
                           ->  Hash  (cost=3221.00..3221.00 rows=100000 width=8)
                                 ->  Seq Scan on supplier  (cost=0.00..3221.00 rows=100000 width=8)
                     ->  Materialize  (cost=0.00..1.38 rows=25 width=30)
                           ->  Seq Scan on nation n2  (cost=0.00..1.25 rows=25 width=30)
(38 rows)

query 9 run 1
SET
SET
SET
                                                            QUERY PLAN                                                             
-----------------------------------------------------------------------------------------------------------------------------------
 Limit  (cost=1442451.70..1442451.74 rows=1 width=66)
   ->  GroupAggregate  (cost=1442451.70..1442456.65 rows=132 width=66)
         Group Key: nation.n_name, (date_part('year'::text, (orders.o_orderdate)::timestamp without time zone))
         ->  Sort  (cost=1442451.70..1442452.03 rows=132 width=57)
               Sort Key: nation.n_name, (date_part('year'::text, (orders.o_orderdate)::timestamp without time zone)) DESC
               ->  Nested Loop  (cost=67245.87..1442447.06 rows=132 width=57)
                     Join Filter: (supplier.s_nationkey = nation.n_nationkey)
                     ->  Nested Loop  (cost=67245.87..1442397.31 rows=132 width=31)
                           ->  Nested Loop  (cost=67245.43..1442067.66 rows=132 width=31)
                                 ->  Nested Loop  (cost=67245.14..1441760.75 rows=132 width=35)
                                       ->  Hash Join  (cost=67244.57..343459.25 rows=404012 width=18)
                                             Hash Cond: (partsupp.ps_partkey = part.p_partkey)
                                             ->  Seq Scan on partsupp  (cost=0.00..255216.16 rows=7999416 width=14)
                                             ->  Hash  (cost=65981.90..65981.90 rows=101014 width=4)
                                                   ->  Seq Scan on part  (cost=0.00..65981.90 rows=101014 width=4)
                                                         Filter: ((p_name)::text ~~ '%navy%'::text)
                                       ->  Index Scan using idx_lineitem_part_supp on lineitem  (cost=0.56..2.71 rows=1 width=29)
                                             Index Cond: ((l_partkey = partsupp.ps_partkey) AND (l_suppkey = partsupp.ps_suppkey))
                                 ->  Index Scan using supplier_pkey on supplier  (cost=0.29..2.33 rows=1 width=8)
                                       Index Cond: (s_suppkey = lineitem.l_suppkey)
                           ->  Index Scan using orders_pkey on orders  (cost=0.43..2.50 rows=1 width=8)
                                 Index Cond: (o_orderkey = lineitem.l_orderkey)
                     ->  Materialize  (cost=0.00..1.38 rows=25 width=30)
                           ->  Seq Scan on nation  (cost=0.00..1.25 rows=25 width=30)
(24 rows)

query 9 run 2
SET
SET
SET
                                                            QUERY PLAN                                                             
-----------------------------------------------------------------------------------------------------------------------------------
 Limit  (cost=1442451.70..1442451.74 rows=1 width=66)
   ->  GroupAggregate  (cost=1442451.70..1442456.65 rows=132 width=66)
         Group Key: nation.n_name, (date_part('year'::text, (orders.o_orderdate)::timestamp without time zone))
         ->  Sort  (cost=1442451.70..1442452.03 rows=132 width=57)
               Sort Key: nation.n_name, (date_part('year'::text, (orders.o_orderdate)::timestamp without time zone)) DESC
               ->  Nested Loop  (cost=67245.87..1442447.06 rows=132 width=57)
                     Join Filter: (supplier.s_nationkey = nation.n_nationkey)
                     ->  Nested Loop  (cost=67245.87..1442397.31 rows=132 width=31)
                           ->  Nested Loop  (cost=67245.43..1442067.66 rows=132 width=31)
                                 ->  Nested Loop  (cost=67245.14..1441760.75 rows=132 width=35)
                                       ->  Hash Join  (cost=67244.57..343459.25 rows=404012 width=18)
                                             Hash Cond: (partsupp.ps_partkey = part.p_partkey)
                                             ->  Seq Scan on partsupp  (cost=0.00..255216.16 rows=7999416 width=14)
                                             ->  Hash  (cost=65981.90..65981.90 rows=101014 width=4)
                                                   ->  Seq Scan on part  (cost=0.00..65981.90 rows=101014 width=4)
                                                         Filter: ((p_name)::text ~~ '%navy%'::text)
                                       ->  Index Scan using idx_lineitem_part_supp on lineitem  (cost=0.56..2.71 rows=1 width=29)
                                             Index Cond: ((l_partkey = partsupp.ps_partkey) AND (l_suppkey = partsupp.ps_suppkey))
                                 ->  Index Scan using supplier_pkey on supplier  (cost=0.29..2.33 rows=1 width=8)
                                       Index Cond: (s_suppkey = lineitem.l_suppkey)
                           ->  Index Scan using orders_pkey on orders  (cost=0.43..2.50 rows=1 width=8)
                                 Index Cond: (o_orderkey = lineitem.l_orderkey)
                     ->  Materialize  (cost=0.00..1.38 rows=25 width=30)
                           ->  Seq Scan on nation  (cost=0.00..1.25 rows=25 width=30)
(24 rows)

query 9 run 3
SET
SET
SET
                                                            QUERY PLAN                                                             
-----------------------------------------------------------------------------------------------------------------------------------
 Limit  (cost=1442451.70..1442451.74 rows=1 width=66)
   ->  GroupAggregate  (cost=1442451.70..1442456.65 rows=132 width=66)
         Group Key: nation.n_name, (date_part('year'::text, (orders.o_orderdate)::timestamp without time zone))
         ->  Sort  (cost=1442451.70..1442452.03 rows=132 width=57)
               Sort Key: nation.n_name, (date_part('year'::text, (orders.o_orderdate)::timestamp without time zone)) DESC
               ->  Nested Loop  (cost=67245.87..1442447.06 rows=132 width=57)
                     Join Filter: (supplier.s_nationkey = nation.n_nationkey)
                     ->  Nested Loop  (cost=67245.87..1442397.31 rows=132 width=31)
                           ->  Nested Loop  (cost=67245.43..1442067.66 rows=132 width=31)
                                 ->  Nested Loop  (cost=67245.14..1441760.75 rows=132 width=35)
                                       ->  Hash Join  (cost=67244.57..343459.25 rows=404012 width=18)
                                             Hash Cond: (partsupp.ps_partkey = part.p_partkey)
                                             ->  Seq Scan on partsupp  (cost=0.00..255216.16 rows=7999416 width=14)
                                             ->  Hash  (cost=65981.90..65981.90 rows=101014 width=4)
                                                   ->  Seq Scan on part  (cost=0.00..65981.90 rows=101014 width=4)
                                                         Filter: ((p_name)::text ~~ '%navy%'::text)
                                       ->  Index Scan using idx_lineitem_part_supp on lineitem  (cost=0.56..2.71 rows=1 width=29)
                                             Index Cond: ((l_partkey = partsupp.ps_partkey) AND (l_suppkey = partsupp.ps_suppkey))
                                 ->  Index Scan using supplier_pkey on supplier  (cost=0.29..2.33 rows=1 width=8)
                                       Index Cond: (s_suppkey = lineitem.l_suppkey)
                           ->  Index Scan using orders_pkey on orders  (cost=0.43..2.50 rows=1 width=8)
                                 Index Cond: (o_orderkey = lineitem.l_orderkey)
                     ->  Materialize  (cost=0.00..1.38 rows=25 width=30)
                           ->  Seq Scan on nation  (cost=0.00..1.25 rows=25 width=30)
(24 rows)

query 10 run 1
SET
SET
SET
                                                                 QUERY PLAN                                                                 
--------------------------------------------------------------------------------------------------------------------------------------------
 Limit  (cost=2189059.88..2189059.93 rows=20 width=201)
   ->  Sort  (cost=2189059.88..2190483.50 rows=569451 width=201)
         Sort Key: (sum((lineitem.l_extendedprice * ('1'::numeric - lineitem.l_discount)))) DESC
         ->  GroupAggregate  (cost=2158247.09..2173906.99 rows=569451 width=201)
               Group Key: customer.c_custkey, nation.n_name
               ->  Sort  (cost=2158247.09..2159670.71 rows=569451 width=181)
                     Sort Key: customer.c_custkey, nation.n_name
                     ->  Hash Join  (cost=110150.86..2071277.06 rows=569451 width=181)
                           Hash Cond: (customer.c_nationkey = nation.n_nationkey)
                           ->  Nested Loop  (cost=110149.30..2069527.29 rows=569451 width=159)
                                 ->  Hash Join  (cost=110148.73..418207.79 rows=572429 width=151)
                                       Hash Cond: (orders.o_custkey = customer.c_custkey)
                                       ->  Bitmap Heap Scan on orders  (cost=8222.83..278077.27 rows=572429 width=8)
                                             Recheck Cond: ((o_orderdate >= '1994-08-01'::date) AND (o_orderdate < '1994-11-01'::date))
                                             ->  Bitmap Index Scan on idx_orders_orderdate  (cost=0.00..8079.73 rows=572429 width=0)
                                                   Index Cond: ((o_orderdate >= '1994-08-01'::date) AND (o_orderdate < '1994-11-01'::date))
                                       ->  Hash  (cost=50947.40..50947.40 rows=1500040 width=147)
                                             ->  Seq Scan on customer  (cost=0.00..50947.40 rows=1500040 width=147)
                                 ->  Index Scan using idx_lineitem_orderkey on lineitem  (cost=0.56..2.87 rows=1 width=16)
                                       Index Cond: (l_orderkey = orders.o_orderkey)
                                       Filter: (l_returnflag = 'R'::bpchar)
                           ->  Hash  (cost=1.25..1.25 rows=25 width=30)
                                 ->  Seq Scan on nation  (cost=0.00..1.25 rows=25 width=30)
(23 rows)

query 10 run 2
SET
SET
SET
                                                                 QUERY PLAN                                                                 
--------------------------------------------------------------------------------------------------------------------------------------------
 Limit  (cost=2189059.88..2189059.93 rows=20 width=201)
   ->  Sort  (cost=2189059.88..2190483.50 rows=569451 width=201)
         Sort Key: (sum((lineitem.l_extendedprice * ('1'::numeric - lineitem.l_discount)))) DESC
         ->  GroupAggregate  (cost=2158247.09..2173906.99 rows=569451 width=201)
               Group Key: customer.c_custkey, nation.n_name
               ->  Sort  (cost=2158247.09..2159670.71 rows=569451 width=181)
                     Sort Key: customer.c_custkey, nation.n_name
                     ->  Hash Join  (cost=110150.86..2071277.06 rows=569451 width=181)
                           Hash Cond: (customer.c_nationkey = nation.n_nationkey)
                           ->  Nested Loop  (cost=110149.30..2069527.29 rows=569451 width=159)
                                 ->  Hash Join  (cost=110148.73..418207.79 rows=572429 width=151)
                                       Hash Cond: (orders.o_custkey = customer.c_custkey)
                                       ->  Bitmap Heap Scan on orders  (cost=8222.83..278077.27 rows=572429 width=8)
                                             Recheck Cond: ((o_orderdate >= '1994-08-01'::date) AND (o_orderdate < '1994-11-01'::date))
                                             ->  Bitmap Index Scan on idx_orders_orderdate  (cost=0.00..8079.73 rows=572429 width=0)
                                                   Index Cond: ((o_orderdate >= '1994-08-01'::date) AND (o_orderdate < '1994-11-01'::date))
                                       ->  Hash  (cost=50947.40..50947.40 rows=1500040 width=147)
                                             ->  Seq Scan on customer  (cost=0.00..50947.40 rows=1500040 width=147)
                                 ->  Index Scan using idx_lineitem_orderkey on lineitem  (cost=0.56..2.87 rows=1 width=16)
                                       Index Cond: (l_orderkey = orders.o_orderkey)
                                       Filter: (l_returnflag = 'R'::bpchar)
                           ->  Hash  (cost=1.25..1.25 rows=25 width=30)
                                 ->  Seq Scan on nation  (cost=0.00..1.25 rows=25 width=30)
(23 rows)

query 10 run 3
SET
SET
SET
                                                                 QUERY PLAN                                                                 
--------------------------------------------------------------------------------------------------------------------------------------------
 Limit  (cost=2189059.88..2189059.93 rows=20 width=201)
   ->  Sort  (cost=2189059.88..2190483.50 rows=569451 width=201)
         Sort Key: (sum((lineitem.l_extendedprice * ('1'::numeric - lineitem.l_discount)))) DESC
         ->  GroupAggregate  (cost=2158247.09..2173906.99 rows=569451 width=201)
               Group Key: customer.c_custkey, nation.n_name
               ->  Sort  (cost=2158247.09..2159670.71 rows=569451 width=181)
                     Sort Key: customer.c_custkey, nation.n_name
                     ->  Hash Join  (cost=110150.86..2071277.06 rows=569451 width=181)
                           Hash Cond: (customer.c_nationkey = nation.n_nationkey)
                           ->  Nested Loop  (cost=110149.30..2069527.29 rows=569451 width=159)
                                 ->  Hash Join  (cost=110148.73..418207.79 rows=572429 width=151)
                                       Hash Cond: (orders.o_custkey = customer.c_custkey)
                                       ->  Bitmap Heap Scan on orders  (cost=8222.83..278077.27 rows=572429 width=8)
                                             Recheck Cond: ((o_orderdate >= '1994-08-01'::date) AND (o_orderdate < '1994-11-01'::date))
                                             ->  Bitmap Index Scan on idx_orders_orderdate  (cost=0.00..8079.73 rows=572429 width=0)
                                                   Index Cond: ((o_orderdate >= '1994-08-01'::date) AND (o_orderdate < '1994-11-01'::date))
                                       ->  Hash  (cost=50947.40..50947.40 rows=1500040 width=147)
                                             ->  Seq Scan on customer  (cost=0.00..50947.40 rows=1500040 width=147)
                                 ->  Index Scan using idx_lineitem_orderkey on lineitem  (cost=0.56..2.87 rows=1 width=16)
                                       Index Cond: (l_orderkey = orders.o_orderkey)
                                       Filter: (l_returnflag = 'R'::bpchar)
                           ->  Hash  (cost=1.25..1.25 rows=25 width=30)
                                 ->  Seq Scan on nation  (cost=0.00..1.25 rows=25 width=30)
(23 rows)

query 11 run 1
SET
SET
SET
                                                          QUERY PLAN                                                          
------------------------------------------------------------------------------------------------------------------------------
 Limit  (cost=93722.97..93722.97 rows=1 width=36)
   InitPlan 1 (returns $2)
     ->  Aggregate  (cost=27032.82..27032.83 rows=1 width=32)
           ->  Nested Loop  (cost=49.72..24632.99 rows=319977 width=10)
                 ->  Nested Loop  (cost=49.29..2273.46 rows=4000 width=4)
                       ->  Seq Scan on nation nation_1  (cost=0.00..1.31 rows=1 width=4)
                             Filter: (n_name = 'SAUDI ARABIA'::bpchar)
                       ->  Bitmap Heap Scan on supplier supplier_1  (cost=49.29..2232.15 rows=4000 width=8)
                             Recheck Cond: (s_nationkey = nation_1.n_nationkey)
                             ->  Bitmap Index Scan on idx_supplier_nation_key  (cost=0.00..48.29 rows=4000 width=0)
                                   Index Cond: (s_nationkey = nation_1.n_nationkey)
                 ->  Index Scan using idx_partsupp_suppkey on partsupp partsupp_1  (cost=0.43..4.79 rows=80 width=14)
                       Index Cond: (ps_suppkey = supplier_1.s_suppkey)
   ->  Sort  (cost=66690.14..67490.08 rows=319977 width=36)
         Sort Key: (sum((partsupp.ps_supplycost * (partsupp.ps_availqty)::numeric))) DESC
         ->  GroupAggregate  (cost=53891.06..65090.25 rows=319977 width=36)
               Group Key: partsupp.ps_partkey
               Filter: (sum((partsupp.ps_supplycost * (partsupp.ps_availqty)::numeric)) > $2)
               ->  Sort  (cost=53891.06..54691.00 rows=319977 width=14)
                     Sort Key: partsupp.ps_partkey
                     ->  Nested Loop  (cost=49.72..24632.99 rows=319977 width=14)
                           ->  Nested Loop  (cost=49.29..2273.46 rows=4000 width=4)
                                 ->  Seq Scan on nation  (cost=0.00..1.31 rows=1 width=4)
                                       Filter: (n_name = 'SAUDI ARABIA'::bpchar)
                                 ->  Bitmap Heap Scan on supplier  (cost=49.29..2232.15 rows=4000 width=8)
                                       Recheck Cond: (s_nationkey = nation.n_nationkey)
                                       ->  Bitmap Index Scan on idx_supplier_nation_key  (cost=0.00..48.29 rows=4000 width=0)
                                             Index Cond: (s_nationkey = nation.n_nationkey)
                           ->  Index Scan using idx_partsupp_suppkey on partsupp  (cost=0.43..4.79 rows=80 width=18)
                                 Index Cond: (ps_suppkey = supplier.s_suppkey)
(30 rows)

query 11 run 2
SET
SET
SET
                                                          QUERY PLAN                                                          
------------------------------------------------------------------------------------------------------------------------------
 Limit  (cost=93722.97..93722.97 rows=1 width=36)
   InitPlan 1 (returns $2)
     ->  Aggregate  (cost=27032.82..27032.83 rows=1 width=32)
           ->  Nested Loop  (cost=49.72..24632.99 rows=319977 width=10)
                 ->  Nested Loop  (cost=49.29..2273.46 rows=4000 width=4)
                       ->  Seq Scan on nation nation_1  (cost=0.00..1.31 rows=1 width=4)
                             Filter: (n_name = 'SAUDI ARABIA'::bpchar)
                       ->  Bitmap Heap Scan on supplier supplier_1  (cost=49.29..2232.15 rows=4000 width=8)
                             Recheck Cond: (s_nationkey = nation_1.n_nationkey)
                             ->  Bitmap Index Scan on idx_supplier_nation_key  (cost=0.00..48.29 rows=4000 width=0)
                                   Index Cond: (s_nationkey = nation_1.n_nationkey)
                 ->  Index Scan using idx_partsupp_suppkey on partsupp partsupp_1  (cost=0.43..4.79 rows=80 width=14)
                       Index Cond: (ps_suppkey = supplier_1.s_suppkey)
   ->  Sort  (cost=66690.14..67490.08 rows=319977 width=36)
         Sort Key: (sum((partsupp.ps_supplycost * (partsupp.ps_availqty)::numeric))) DESC
         ->  GroupAggregate  (cost=53891.06..65090.25 rows=319977 width=36)
               Group Key: partsupp.ps_partkey
               Filter: (sum((partsupp.ps_supplycost * (partsupp.ps_availqty)::numeric)) > $2)
               ->  Sort  (cost=53891.06..54691.00 rows=319977 width=14)
                     Sort Key: partsupp.ps_partkey
                     ->  Nested Loop  (cost=49.72..24632.99 rows=319977 width=14)
                           ->  Nested Loop  (cost=49.29..2273.46 rows=4000 width=4)
                                 ->  Seq Scan on nation  (cost=0.00..1.31 rows=1 width=4)
                                       Filter: (n_name = 'SAUDI ARABIA'::bpchar)
                                 ->  Bitmap Heap Scan on supplier  (cost=49.29..2232.15 rows=4000 width=8)
                                       Recheck Cond: (s_nationkey = nation.n_nationkey)
                                       ->  Bitmap Index Scan on idx_supplier_nation_key  (cost=0.00..48.29 rows=4000 width=0)
                                             Index Cond: (s_nationkey = nation.n_nationkey)
                           ->  Index Scan using idx_partsupp_suppkey on partsupp  (cost=0.43..4.79 rows=80 width=18)
                                 Index Cond: (ps_suppkey = supplier.s_suppkey)
(30 rows)

query 11 run 3
SET
SET
SET
                                                          QUERY PLAN                                                          
------------------------------------------------------------------------------------------------------------------------------
 Limit  (cost=93722.97..93722.97 rows=1 width=36)
   InitPlan 1 (returns $2)
     ->  Aggregate  (cost=27032.82..27032.83 rows=1 width=32)
           ->  Nested Loop  (cost=49.72..24632.99 rows=319977 width=10)
                 ->  Nested Loop  (cost=49.29..2273.46 rows=4000 width=4)
                       ->  Seq Scan on nation nation_1  (cost=0.00..1.31 rows=1 width=4)
                             Filter: (n_name = 'SAUDI ARABIA'::bpchar)
                       ->  Bitmap Heap Scan on supplier supplier_1  (cost=49.29..2232.15 rows=4000 width=8)
                             Recheck Cond: (s_nationkey = nation_1.n_nationkey)
                             ->  Bitmap Index Scan on idx_supplier_nation_key  (cost=0.00..48.29 rows=4000 width=0)
                                   Index Cond: (s_nationkey = nation_1.n_nationkey)
                 ->  Index Scan using idx_partsupp_suppkey on partsupp partsupp_1  (cost=0.43..4.79 rows=80 width=14)
                       Index Cond: (ps_suppkey = supplier_1.s_suppkey)
   ->  Sort  (cost=66690.14..67490.08 rows=319977 width=36)
         Sort Key: (sum((partsupp.ps_supplycost * (partsupp.ps_availqty)::numeric))) DESC
         ->  GroupAggregate  (cost=53891.06..65090.25 rows=319977 width=36)
               Group Key: partsupp.ps_partkey
               Filter: (sum((partsupp.ps_supplycost * (partsupp.ps_availqty)::numeric)) > $2)
               ->  Sort  (cost=53891.06..54691.00 rows=319977 width=14)
                     Sort Key: partsupp.ps_partkey
                     ->  Nested Loop  (cost=49.72..24632.99 rows=319977 width=14)
                           ->  Nested Loop  (cost=49.29..2273.46 rows=4000 width=4)
                                 ->  Seq Scan on nation  (cost=0.00..1.31 rows=1 width=4)
                                       Filter: (n_name = 'SAUDI ARABIA'::bpchar)
                                 ->  Bitmap Heap Scan on supplier  (cost=49.29..2232.15 rows=4000 width=8)
                                       Recheck Cond: (s_nationkey = nation.n_nationkey)
                                       ->  Bitmap Index Scan on idx_supplier_nation_key  (cost=0.00..48.29 rows=4000 width=0)
                                             Index Cond: (s_nationkey = nation.n_nationkey)
                           ->  Index Scan using idx_partsupp_suppkey on partsupp  (cost=0.43..4.79 rows=80 width=18)
                                 Index Cond: (ps_suppkey = supplier.s_suppkey)
(30 rows)

query 12 run 1
SET
SET
SET
                                                                                                                    QUERY PLAN                                                                                                                     
---------------------------------------------------------------------------------------------------------------------------------------------------------------------------------------------------------------------------------------------------
 Limit  (cost=3115480.81..3116284.90 rows=1 width=27)
   ->  GroupAggregate  (cost=3115480.81..3121109.44 rows=7 width=27)
         Group Key: lineitem.l_shipmode
         ->  Sort  (cost=3115480.81..3116184.38 rows=281428 width=27)
               Sort Key: lineitem.l_shipmode
               ->  Merge Join  (cost=2500385.22..3090008.19 rows=281428 width=27)
                     Merge Cond: (orders.o_orderkey = lineitem.l_orderkey)
                     ->  Index Scan using orders_pkey on orders  (cost=0.43..547957.55 rows=14999474 width=20)
                     ->  Sort  (cost=2500384.68..2501088.25 rows=281428 width=15)
                           Sort Key: lineitem.l_orderkey
                           ->  Seq Scan on lineitem  (cost=0.00..2474912.06 rows=281428 width=15)
                                 Filter: ((l_shipmode = ANY ('{SHIP,"REG AIR"}'::bpchar[])) AND (l_commitdate < l_receiptdate) AND (l_shipdate < l_commitdate) AND (l_receiptdate >= '1994-01-01'::date) AND (l_receiptdate < '1995-01-01'::date))
(12 rows)

query 12 run 2
SET
SET
SET
                                                                                                                    QUERY PLAN                                                                                                                     
---------------------------------------------------------------------------------------------------------------------------------------------------------------------------------------------------------------------------------------------------
 Limit  (cost=3115480.81..3116284.90 rows=1 width=27)
   ->  GroupAggregate  (cost=3115480.81..3121109.44 rows=7 width=27)
         Group Key: lineitem.l_shipmode
         ->  Sort  (cost=3115480.81..3116184.38 rows=281428 width=27)
               Sort Key: lineitem.l_shipmode
               ->  Merge Join  (cost=2500385.22..3090008.19 rows=281428 width=27)
                     Merge Cond: (orders.o_orderkey = lineitem.l_orderkey)
                     ->  Index Scan using orders_pkey on orders  (cost=0.43..547957.55 rows=14999474 width=20)
                     ->  Sort  (cost=2500384.68..2501088.25 rows=281428 width=15)
                           Sort Key: lineitem.l_orderkey
                           ->  Seq Scan on lineitem  (cost=0.00..2474912.06 rows=281428 width=15)
                                 Filter: ((l_shipmode = ANY ('{SHIP,"REG AIR"}'::bpchar[])) AND (l_commitdate < l_receiptdate) AND (l_shipdate < l_commitdate) AND (l_receiptdate >= '1994-01-01'::date) AND (l_receiptdate < '1995-01-01'::date))
(12 rows)

query 12 run 3
SET
SET
SET
                                                                                                                    QUERY PLAN                                                                                                                     
---------------------------------------------------------------------------------------------------------------------------------------------------------------------------------------------------------------------------------------------------
 Limit  (cost=3115480.81..3116284.90 rows=1 width=27)
   ->  GroupAggregate  (cost=3115480.81..3121109.44 rows=7 width=27)
         Group Key: lineitem.l_shipmode
         ->  Sort  (cost=3115480.81..3116184.38 rows=281428 width=27)
               Sort Key: lineitem.l_shipmode
               ->  Merge Join  (cost=2500385.22..3090008.19 rows=281428 width=27)
                     Merge Cond: (orders.o_orderkey = lineitem.l_orderkey)
                     ->  Index Scan using orders_pkey on orders  (cost=0.43..547957.55 rows=14999474 width=20)
                     ->  Sort  (cost=2500384.68..2501088.25 rows=281428 width=15)
                           Sort Key: lineitem.l_orderkey
                           ->  Seq Scan on lineitem  (cost=0.00..2474912.06 rows=281428 width=15)
                                 Filter: ((l_shipmode = ANY ('{SHIP,"REG AIR"}'::bpchar[])) AND (l_commitdate < l_receiptdate) AND (l_shipdate < l_commitdate) AND (l_receiptdate >= '1994-01-01'::date) AND (l_receiptdate < '1995-01-01'::date))
(12 rows)

query 13 run 1
SET
SET
SET
                                                        QUERY PLAN                                                         
---------------------------------------------------------------------------------------------------------------------------
 Limit  (cost=1048445.26..1048445.27 rows=1 width=16)
   ->  Sort  (cost=1048445.26..1048445.76 rows=200 width=16)
         Sort Key: (count(*)) DESC, (count(orders.o_orderkey)) DESC
         ->  HashAggregate  (cost=1048442.26..1048444.26 rows=200 width=16)
               Group Key: count(orders.o_orderkey)
               ->  GroupAggregate  (cost=0.86..1025941.66 rows=1500040 width=12)
                     Group Key: customer.c_custkey
                     ->  Merge Left Join  (cost=0.86..935951.39 rows=14997975 width=8)
                           Merge Cond: (customer.c_custkey = orders.o_custkey)
                           ->  Index Only Scan using customer_pkey on customer  (cost=0.43..28675.03 rows=1500040 width=4)
                           ->  Index Scan using idx_orders_custkey on orders  (cost=0.43..716085.64 rows=14997975 width=8)
                                 Filter: ((o_comment)::text !~~ '%special%requests%'::text)
(12 rows)

query 13 run 2
SET
SET
SET
                                                        QUERY PLAN                                                         
---------------------------------------------------------------------------------------------------------------------------
 Limit  (cost=1048445.26..1048445.27 rows=1 width=16)
   ->  Sort  (cost=1048445.26..1048445.76 rows=200 width=16)
         Sort Key: (count(*)) DESC, (count(orders.o_orderkey)) DESC
         ->  HashAggregate  (cost=1048442.26..1048444.26 rows=200 width=16)
               Group Key: count(orders.o_orderkey)
               ->  GroupAggregate  (cost=0.86..1025941.66 rows=1500040 width=12)
                     Group Key: customer.c_custkey
                     ->  Merge Left Join  (cost=0.86..935951.39 rows=14997975 width=8)
                           Merge Cond: (customer.c_custkey = orders.o_custkey)
                           ->  Index Only Scan using customer_pkey on customer  (cost=0.43..28675.03 rows=1500040 width=4)
                           ->  Index Scan using idx_orders_custkey on orders  (cost=0.43..716085.64 rows=14997975 width=8)
                                 Filter: ((o_comment)::text !~~ '%special%requests%'::text)
(12 rows)

query 13 run 3
SET
SET
SET
                                                        QUERY PLAN                                                         
---------------------------------------------------------------------------------------------------------------------------
 Limit  (cost=1048445.26..1048445.27 rows=1 width=16)
   ->  Sort  (cost=1048445.26..1048445.76 rows=200 width=16)
         Sort Key: (count(*)) DESC, (count(orders.o_orderkey)) DESC
         ->  HashAggregate  (cost=1048442.26..1048444.26 rows=200 width=16)
               Group Key: count(orders.o_orderkey)
               ->  GroupAggregate  (cost=0.86..1025941.66 rows=1500040 width=12)
                     Group Key: customer.c_custkey
                     ->  Merge Left Join  (cost=0.86..935951.39 rows=14997975 width=8)
                           Merge Cond: (customer.c_custkey = orders.o_custkey)
                           ->  Index Only Scan using customer_pkey on customer  (cost=0.43..28675.03 rows=1500040 width=4)
                           ->  Index Scan using idx_orders_custkey on orders  (cost=0.43..716085.64 rows=14997975 width=8)
                                 Filter: ((o_comment)::text !~~ '%special%requests%'::text)
(12 rows)

query 14 run 1
SET
SET
SET
                                                    QUERY PLAN                                                    
------------------------------------------------------------------------------------------------------------------
 Limit  (cost=802396.03..802396.04 rows=1 width=32)
   ->  Aggregate  (cost=802396.03..802396.04 rows=1 width=32)
         ->  Hash Join  (cost=111634.90..789315.05 rows=747484 width=33)
               Hash Cond: (lineitem.l_partkey = part.p_partkey)
               ->  Bitmap Heap Scan on lineitem  (cost=11979.28..666724.29 rows=747484 width=16)
                     Recheck Cond: ((l_shipdate >= '1994-05-01'::date) AND (l_shipdate < '1994-06-01'::date))
                     ->  Bitmap Index Scan on idx_lineitem_shipdate  (cost=0.00..11792.41 rows=747484 width=0)
                           Index Cond: ((l_shipdate >= '1994-05-01'::date) AND (l_shipdate < '1994-06-01'::date))
               ->  Hash  (cost=60981.72..60981.72 rows=2000072 width=25)
                     ->  Seq Scan on part  (cost=0.00..60981.72 rows=2000072 width=25)
(10 rows)

query 14 run 2
SET
SET
SET
                                                    QUERY PLAN                                                    
------------------------------------------------------------------------------------------------------------------
 Limit  (cost=802396.03..802396.04 rows=1 width=32)
   ->  Aggregate  (cost=802396.03..802396.04 rows=1 width=32)
         ->  Hash Join  (cost=111634.90..789315.05 rows=747484 width=33)
               Hash Cond: (lineitem.l_partkey = part.p_partkey)
               ->  Bitmap Heap Scan on lineitem  (cost=11979.28..666724.29 rows=747484 width=16)
                     Recheck Cond: ((l_shipdate >= '1994-05-01'::date) AND (l_shipdate < '1994-06-01'::date))
                     ->  Bitmap Index Scan on idx_lineitem_shipdate  (cost=0.00..11792.41 rows=747484 width=0)
                           Index Cond: ((l_shipdate >= '1994-05-01'::date) AND (l_shipdate < '1994-06-01'::date))
               ->  Hash  (cost=60981.72..60981.72 rows=2000072 width=25)
                     ->  Seq Scan on part  (cost=0.00..60981.72 rows=2000072 width=25)
(10 rows)

query 14 run 3
SET
SET
SET
                                                    QUERY PLAN                                                    
------------------------------------------------------------------------------------------------------------------
 Limit  (cost=802396.03..802396.04 rows=1 width=32)
   ->  Aggregate  (cost=802396.03..802396.04 rows=1 width=32)
         ->  Hash Join  (cost=111634.90..789315.05 rows=747484 width=33)
               Hash Cond: (lineitem.l_partkey = part.p_partkey)
               ->  Bitmap Heap Scan on lineitem  (cost=11979.28..666724.29 rows=747484 width=16)
                     Recheck Cond: ((l_shipdate >= '1994-05-01'::date) AND (l_shipdate < '1994-06-01'::date))
                     ->  Bitmap Index Scan on idx_lineitem_shipdate  (cost=0.00..11792.41 rows=747484 width=0)
                           Index Cond: ((l_shipdate >= '1994-05-01'::date) AND (l_shipdate < '1994-06-01'::date))
               ->  Hash  (cost=60981.72..60981.72 rows=2000072 width=25)
                     ->  Seq Scan on part  (cost=0.00..60981.72 rows=2000072 width=25)
(10 rows)

query 15 run 1
SET
SET
SET
CREATE VIEW
                                                       QUERY PLAN                                                       
------------------------------------------------------------------------------------------------------------------------
 Limit  (cost=2677794.65..2677795.19 rows=1 width=104)
   InitPlan 1 (returns $0)
     ->  Aggregate  (cost=1220086.20..1220086.21 rows=1 width=32)
           ->  HashAggregate  (cost=1217622.85..1218854.52 rows=98534 width=36)
                 Group Key: lineitem_1.l_suppkey
                 ->  Bitmap Heap Scan on lineitem lineitem_1  (cost=36125.75..1195081.21 rows=2254164 width=16)
                       Recheck Cond: ((l_shipdate >= '1996-01-01'::date) AND (l_shipdate < '1996-04-01'::date))
                       ->  Bitmap Index Scan on idx_lineitem_shipdate  (cost=0.00..35562.21 rows=2254164 width=0)
                             Index Cond: ((l_shipdate >= '1996-01-01'::date) AND (l_shipdate < '1996-04-01'::date))
   ->  Merge Join  (cost=1457708.45..1510872.25 rows=98534 width=104)
         Merge Cond: (supplier.s_suppkey = lineitem.l_suppkey)
         ->  Index Scan using supplier_pkey on supplier  (cost=0.29..4135.79 rows=100000 width=72)
         ->  GroupAggregate  (cost=1457708.16..1504269.45 rows=98534 width=36)
               Group Key: lineitem.l_suppkey
               Filter: (sum((lineitem.l_extendedprice * ('1'::numeric - lineitem.l_discount))) = $0)
               ->  Sort  (cost=1457708.16..1463343.57 rows=2254164 width=16)
                     Sort Key: lineitem.l_suppkey
                     ->  Bitmap Heap Scan on lineitem  (cost=36125.75..1195081.21 rows=2254164 width=16)
                           Recheck Cond: ((l_shipdate >= '1996-01-01'::date) AND (l_shipdate < '1996-04-01'::date))
                           ->  Bitmap Index Scan on idx_lineitem_shipdate  (cost=0.00..35562.21 rows=2254164 width=0)
                                 Index Cond: ((l_shipdate >= '1996-01-01'::date) AND (l_shipdate < '1996-04-01'::date))
(21 rows)

DROP VIEW
query 15 run 2
SET
SET
SET
CREATE VIEW
                                                       QUERY PLAN                                                       
------------------------------------------------------------------------------------------------------------------------
 Limit  (cost=2677794.65..2677795.19 rows=1 width=104)
   InitPlan 1 (returns $0)
     ->  Aggregate  (cost=1220086.20..1220086.21 rows=1 width=32)
           ->  HashAggregate  (cost=1217622.85..1218854.52 rows=98534 width=36)
                 Group Key: lineitem_1.l_suppkey
                 ->  Bitmap Heap Scan on lineitem lineitem_1  (cost=36125.75..1195081.21 rows=2254164 width=16)
                       Recheck Cond: ((l_shipdate >= '1996-01-01'::date) AND (l_shipdate < '1996-04-01'::date))
                       ->  Bitmap Index Scan on idx_lineitem_shipdate  (cost=0.00..35562.21 rows=2254164 width=0)
                             Index Cond: ((l_shipdate >= '1996-01-01'::date) AND (l_shipdate < '1996-04-01'::date))
   ->  Merge Join  (cost=1457708.45..1510872.25 rows=98534 width=104)
         Merge Cond: (supplier.s_suppkey = lineitem.l_suppkey)
         ->  Index Scan using supplier_pkey on supplier  (cost=0.29..4135.79 rows=100000 width=72)
         ->  GroupAggregate  (cost=1457708.16..1504269.45 rows=98534 width=36)
               Group Key: lineitem.l_suppkey
               Filter: (sum((lineitem.l_extendedprice * ('1'::numeric - lineitem.l_discount))) = $0)
               ->  Sort  (cost=1457708.16..1463343.57 rows=2254164 width=16)
                     Sort Key: lineitem.l_suppkey
                     ->  Bitmap Heap Scan on lineitem  (cost=36125.75..1195081.21 rows=2254164 width=16)
                           Recheck Cond: ((l_shipdate >= '1996-01-01'::date) AND (l_shipdate < '1996-04-01'::date))
                           ->  Bitmap Index Scan on idx_lineitem_shipdate  (cost=0.00..35562.21 rows=2254164 width=0)
                                 Index Cond: ((l_shipdate >= '1996-01-01'::date) AND (l_shipdate < '1996-04-01'::date))
(21 rows)

DROP VIEW
query 15 run 3
SET
SET
SET
CREATE VIEW
                                                       QUERY PLAN                                                       
------------------------------------------------------------------------------------------------------------------------
 Limit  (cost=2677794.65..2677795.19 rows=1 width=104)
   InitPlan 1 (returns $0)
     ->  Aggregate  (cost=1220086.20..1220086.21 rows=1 width=32)
           ->  HashAggregate  (cost=1217622.85..1218854.52 rows=98534 width=36)
                 Group Key: lineitem_1.l_suppkey
                 ->  Bitmap Heap Scan on lineitem lineitem_1  (cost=36125.75..1195081.21 rows=2254164 width=16)
                       Recheck Cond: ((l_shipdate >= '1996-01-01'::date) AND (l_shipdate < '1996-04-01'::date))
                       ->  Bitmap Index Scan on idx_lineitem_shipdate  (cost=0.00..35562.21 rows=2254164 width=0)
                             Index Cond: ((l_shipdate >= '1996-01-01'::date) AND (l_shipdate < '1996-04-01'::date))
   ->  Merge Join  (cost=1457708.45..1510872.25 rows=98534 width=104)
         Merge Cond: (supplier.s_suppkey = lineitem.l_suppkey)
         ->  Index Scan using supplier_pkey on supplier  (cost=0.29..4135.79 rows=100000 width=72)
         ->  GroupAggregate  (cost=1457708.16..1504269.45 rows=98534 width=36)
               Group Key: lineitem.l_suppkey
               Filter: (sum((lineitem.l_extendedprice * ('1'::numeric - lineitem.l_discount))) = $0)
               ->  Sort  (cost=1457708.16..1463343.57 rows=2254164 width=16)
                     Sort Key: lineitem.l_suppkey
                     ->  Bitmap Heap Scan on lineitem  (cost=36125.75..1195081.21 rows=2254164 width=16)
                           Recheck Cond: ((l_shipdate >= '1996-01-01'::date) AND (l_shipdate < '1996-04-01'::date))
                           ->  Bitmap Index Scan on idx_lineitem_shipdate  (cost=0.00..35562.21 rows=2254164 width=0)
                                 Index Cond: ((l_shipdate >= '1996-01-01'::date) AND (l_shipdate < '1996-04-01'::date))
(21 rows)

DROP VIEW
query 16 run 1
SET
SET
SET
                                                                                         QUERY PLAN                                                                                         
--------------------------------------------------------------------------------------------------------------------------------------------------------------------------------------------
 Limit  (cost=358017.76..358017.76 rows=1 width=44)
   ->  Sort  (cost=358017.76..358400.86 rows=153240 width=44)
         Sort Key: (count(DISTINCT partsupp.ps_suppkey)) DESC, part.p_brand, part.p_type, part.p_size
         ->  GroupAggregate  (cost=348354.61..357251.56 rows=153240 width=44)
               Group Key: part.p_brand, part.p_type, part.p_size
               ->  Sort  (cost=348354.61..349827.52 rows=589164 width=40)
                     Sort Key: part.p_brand, part.p_type, part.p_size
                     ->  Hash Join  (cost=98136.93..281531.47 rows=589164 width=40)
                           Hash Cond: (partsupp.ps_partkey = part.p_partkey)
                           ->  Index Only Scan using partsupp_pkey on partsupp  (cost=3471.46..176366.74 rows=3999708 width=8)
                                 Filter: (NOT (hashed SubPlan 1))
                                 SubPlan 1
                                   ->  Seq Scan on supplier  (cost=0.00..3471.00 rows=10 width=4)
                                         Filter: ((s_comment)::text ~~ '%Customer%Complaints%'::text)
                           ->  Hash  (cost=90982.80..90982.80 rows=294614 width=40)
                                 ->  Seq Scan on part  (cost=0.00..90982.80 rows=294614 width=40)
                                       Filter: ((p_brand <> 'Brand#12'::bpchar) AND ((p_type)::text !~~ 'SMALL BRUSHED%'::text) AND (p_size = ANY ('{12,32,36,26,40,34,49,9}'::integer[])))
(17 rows)

query 16 run 2
SET
SET
SET
                                                                                         QUERY PLAN                                                                                         
--------------------------------------------------------------------------------------------------------------------------------------------------------------------------------------------
 Limit  (cost=358017.76..358017.76 rows=1 width=44)
   ->  Sort  (cost=358017.76..358400.86 rows=153240 width=44)
         Sort Key: (count(DISTINCT partsupp.ps_suppkey)) DESC, part.p_brand, part.p_type, part.p_size
         ->  GroupAggregate  (cost=348354.61..357251.56 rows=153240 width=44)
               Group Key: part.p_brand, part.p_type, part.p_size
               ->  Sort  (cost=348354.61..349827.52 rows=589164 width=40)
                     Sort Key: part.p_brand, part.p_type, part.p_size
                     ->  Hash Join  (cost=98136.93..281531.47 rows=589164 width=40)
                           Hash Cond: (partsupp.ps_partkey = part.p_partkey)
                           ->  Index Only Scan using partsupp_pkey on partsupp  (cost=3471.46..176366.74 rows=3999708 width=8)
                                 Filter: (NOT (hashed SubPlan 1))
                                 SubPlan 1
                                   ->  Seq Scan on supplier  (cost=0.00..3471.00 rows=10 width=4)
                                         Filter: ((s_comment)::text ~~ '%Customer%Complaints%'::text)
                           ->  Hash  (cost=90982.80..90982.80 rows=294614 width=40)
                                 ->  Seq Scan on part  (cost=0.00..90982.80 rows=294614 width=40)
                                       Filter: ((p_brand <> 'Brand#12'::bpchar) AND ((p_type)::text !~~ 'SMALL BRUSHED%'::text) AND (p_size = ANY ('{12,32,36,26,40,34,49,9}'::integer[])))
(17 rows)

query 16 run 3
SET
SET
SET
                                                                                         QUERY PLAN                                                                                         
--------------------------------------------------------------------------------------------------------------------------------------------------------------------------------------------
 Limit  (cost=358017.76..358017.76 rows=1 width=44)
   ->  Sort  (cost=358017.76..358400.86 rows=153240 width=44)
         Sort Key: (count(DISTINCT partsupp.ps_suppkey)) DESC, part.p_brand, part.p_type, part.p_size
         ->  GroupAggregate  (cost=348354.61..357251.56 rows=153240 width=44)
               Group Key: part.p_brand, part.p_type, part.p_size
               ->  Sort  (cost=348354.61..349827.52 rows=589164 width=40)
                     Sort Key: part.p_brand, part.p_type, part.p_size
                     ->  Hash Join  (cost=98136.93..281531.47 rows=589164 width=40)
                           Hash Cond: (partsupp.ps_partkey = part.p_partkey)
                           ->  Index Only Scan using partsupp_pkey on partsupp  (cost=3471.46..176366.74 rows=3999708 width=8)
                                 Filter: (NOT (hashed SubPlan 1))
                                 SubPlan 1
                                   ->  Seq Scan on supplier  (cost=0.00..3471.00 rows=10 width=4)
                                         Filter: ((s_comment)::text ~~ '%Customer%Complaints%'::text)
                           ->  Hash  (cost=90982.80..90982.80 rows=294614 width=40)
                                 ->  Seq Scan on part  (cost=0.00..90982.80 rows=294614 width=40)
                                       Filter: ((p_brand <> 'Brand#12'::bpchar) AND ((p_type)::text !~~ 'SMALL BRUSHED%'::text) AND (p_size = ANY ('{12,32,36,26,40,34,49,9}'::integer[])))
(17 rows)

query 17 run 1
SET
SET
SET
                                                       QUERY PLAN                                                       
------------------------------------------------------------------------------------------------------------------------
 Limit  (cost=10824364.45..10824364.47 rows=1 width=32)
   ->  Aggregate  (cost=10824364.45..10824364.47 rows=1 width=32)
         ->  Merge Join  (cost=10134246.79..10824319.70 rows=17899 width=8)
               Merge Cond: (lineitem_1.l_partkey = part.p_partkey)
               Join Filter: (lineitem.l_quantity < ((0.2 * avg(lineitem_1.l_quantity))))
               ->  GroupAggregate  (cost=10134245.80..10611797.21 rows=1841893 width=36)
                     Group Key: lineitem_1.l_partkey
                     ->  Sort  (cost=10134245.80..10284220.14 rows=59989736 width=9)
                           Sort Key: lineitem_1.l_partkey
                           ->  Seq Scan on lineitem lineitem_1  (cost=0.00..1725040.36 rows=59989736 width=9)
               ->  Materialize  (cost=0.99..188681.85 rows=58308 width=21)
                     ->  Nested Loop  (cost=0.99..188536.08 rows=58308 width=21)
                           ->  Index Scan using part_pkey on part  (cost=0.43..89213.87 rows=1944 width=4)
                                 Filter: ((p_brand = 'Brand#22'::bpchar) AND (p_container = 'LG BOX'::bpchar))
                           ->  Index Scan using idx_lineitem_part_supp on lineitem  (cost=0.56..50.76 rows=33 width=17)
                                 Index Cond: (l_partkey = part.p_partkey)
(16 rows)

query 17 run 2
SET
SET
SET
                                                       QUERY PLAN                                                       
------------------------------------------------------------------------------------------------------------------------
 Limit  (cost=10824364.45..10824364.47 rows=1 width=32)
   ->  Aggregate  (cost=10824364.45..10824364.47 rows=1 width=32)
         ->  Merge Join  (cost=10134246.79..10824319.70 rows=17899 width=8)
               Merge Cond: (lineitem_1.l_partkey = part.p_partkey)
               Join Filter: (lineitem.l_quantity < ((0.2 * avg(lineitem_1.l_quantity))))
               ->  GroupAggregate  (cost=10134245.80..10611797.21 rows=1841893 width=36)
                     Group Key: lineitem_1.l_partkey
                     ->  Sort  (cost=10134245.80..10284220.14 rows=59989736 width=9)
                           Sort Key: lineitem_1.l_partkey
                           ->  Seq Scan on lineitem lineitem_1  (cost=0.00..1725040.36 rows=59989736 width=9)
               ->  Materialize  (cost=0.99..188681.85 rows=58308 width=21)
                     ->  Nested Loop  (cost=0.99..188536.08 rows=58308 width=21)
                           ->  Index Scan using part_pkey on part  (cost=0.43..89213.87 rows=1944 width=4)
                                 Filter: ((p_brand = 'Brand#22'::bpchar) AND (p_container = 'LG BOX'::bpchar))
                           ->  Index Scan using idx_lineitem_part_supp on lineitem  (cost=0.56..50.76 rows=33 width=17)
                                 Index Cond: (l_partkey = part.p_partkey)
(16 rows)

query 17 run 3
SET
SET
SET
                                                       QUERY PLAN                                                       
------------------------------------------------------------------------------------------------------------------------
 Limit  (cost=10824364.45..10824364.47 rows=1 width=32)
   ->  Aggregate  (cost=10824364.45..10824364.47 rows=1 width=32)
         ->  Merge Join  (cost=10134246.79..10824319.70 rows=17899 width=8)
               Merge Cond: (lineitem_1.l_partkey = part.p_partkey)
               Join Filter: (lineitem.l_quantity < ((0.2 * avg(lineitem_1.l_quantity))))
               ->  GroupAggregate  (cost=10134245.80..10611797.21 rows=1841893 width=36)
                     Group Key: lineitem_1.l_partkey
                     ->  Sort  (cost=10134245.80..10284220.14 rows=59989736 width=9)
                           Sort Key: lineitem_1.l_partkey
                           ->  Seq Scan on lineitem lineitem_1  (cost=0.00..1725040.36 rows=59989736 width=9)
               ->  Materialize  (cost=0.99..188681.85 rows=58308 width=21)
                     ->  Nested Loop  (cost=0.99..188536.08 rows=58308 width=21)
                           ->  Index Scan using part_pkey on part  (cost=0.43..89213.87 rows=1944 width=4)
                                 Filter: ((p_brand = 'Brand#22'::bpchar) AND (p_container = 'LG BOX'::bpchar))
                           ->  Index Scan using idx_lineitem_part_supp on lineitem  (cost=0.56..50.76 rows=33 width=17)
                                 Index Cond: (l_partkey = part.p_partkey)
(16 rows)

query 18 run 1
SET
SET
SET
                                                                          QUERY PLAN                                                                          
--------------------------------------------------------------------------------------------------------------------------------------------------------------
 Limit  (cost=21568848.99..21568849.24 rows=100 width=71)
   ->  Sort  (cost=21568848.99..21718802.93 rows=59981577 width=71)
         Sort Key: orders.o_totalprice DESC, orders.o_orderdate
         ->  GroupAggregate  (cost=17926810.77..19276396.25 rows=59981577 width=71)
               Group Key: customer.c_custkey, orders.o_orderkey
               ->  Sort  (cost=17926810.77..18076764.71 rows=59981577 width=44)
                     Sort Key: customer.c_custkey, orders.o_orderkey
                     ->  Hash Join  (cost=78668.09..7805467.00 rows=59981577 width=44)
                           Hash Cond: (orders.o_custkey = customer.c_custkey)
                           ->  Merge Join  (cost=180.19..6740675.01 rows=59981577 width=25)
                                 Merge Cond: (orders.o_orderkey = lineitem.l_orderkey)
                                 ->  Merge Join  (cost=1.00..3682025.20 rows=14997434 width=24)
                                       Merge Cond: (orders.o_orderkey = lineitem_1.l_orderkey)
                                       ->  Index Scan using orders_pkey on orders  (cost=0.43..547957.55 rows=14999474 width=20)
                                       ->  GroupAggregate  (cost=0.56..2759126.71 rows=14997434 width=4)
                                             Group Key: lineitem_1.l_orderkey
                                             Filter: (sum(lineitem_1.l_quantity) > '313'::numeric)
                                             ->  Index Scan using idx_lineitem_orderkey on lineitem lineitem_1  (cost=0.56..2271710.10 rows=59989736 width=9)
                                 ->  Index Scan using idx_lineitem_orderkey on lineitem  (cost=0.56..2271710.10 rows=59989736 width=9)
                           ->  Hash  (cost=50947.40..50947.40 rows=1500040 width=23)
                                 ->  Seq Scan on customer  (cost=0.00..50947.40 rows=1500040 width=23)
(21 rows)

query 18 run 2
SET
SET
SET
                                                                          QUERY PLAN                                                                          
--------------------------------------------------------------------------------------------------------------------------------------------------------------
 Limit  (cost=21568848.99..21568849.24 rows=100 width=71)
   ->  Sort  (cost=21568848.99..21718802.93 rows=59981577 width=71)
         Sort Key: orders.o_totalprice DESC, orders.o_orderdate
         ->  GroupAggregate  (cost=17926810.77..19276396.25 rows=59981577 width=71)
               Group Key: customer.c_custkey, orders.o_orderkey
               ->  Sort  (cost=17926810.77..18076764.71 rows=59981577 width=44)
                     Sort Key: customer.c_custkey, orders.o_orderkey
                     ->  Hash Join  (cost=78668.09..7805467.00 rows=59981577 width=44)
                           Hash Cond: (orders.o_custkey = customer.c_custkey)
                           ->  Merge Join  (cost=180.19..6740675.01 rows=59981577 width=25)
                                 Merge Cond: (orders.o_orderkey = lineitem.l_orderkey)
                                 ->  Merge Join  (cost=1.00..3682025.20 rows=14997434 width=24)
                                       Merge Cond: (orders.o_orderkey = lineitem_1.l_orderkey)
                                       ->  Index Scan using orders_pkey on orders  (cost=0.43..547957.55 rows=14999474 width=20)
                                       ->  GroupAggregate  (cost=0.56..2759126.71 rows=14997434 width=4)
                                             Group Key: lineitem_1.l_orderkey
                                             Filter: (sum(lineitem_1.l_quantity) > '313'::numeric)
                                             ->  Index Scan using idx_lineitem_orderkey on lineitem lineitem_1  (cost=0.56..2271710.10 rows=59989736 width=9)
                                 ->  Index Scan using idx_lineitem_orderkey on lineitem  (cost=0.56..2271710.10 rows=59989736 width=9)
                           ->  Hash  (cost=50947.40..50947.40 rows=1500040 width=23)
                                 ->  Seq Scan on customer  (cost=0.00..50947.40 rows=1500040 width=23)
(21 rows)

query 18 run 3
SET
SET
SET
                                                                          QUERY PLAN                                                                          
--------------------------------------------------------------------------------------------------------------------------------------------------------------
 Limit  (cost=21568848.99..21568849.24 rows=100 width=71)
   ->  Sort  (cost=21568848.99..21718802.93 rows=59981577 width=71)
         Sort Key: orders.o_totalprice DESC, orders.o_orderdate
         ->  GroupAggregate  (cost=17926810.77..19276396.25 rows=59981577 width=71)
               Group Key: customer.c_custkey, orders.o_orderkey
               ->  Sort  (cost=17926810.77..18076764.71 rows=59981577 width=44)
                     Sort Key: customer.c_custkey, orders.o_orderkey
                     ->  Hash Join  (cost=78668.09..7805467.00 rows=59981577 width=44)
                           Hash Cond: (orders.o_custkey = customer.c_custkey)
                           ->  Merge Join  (cost=180.19..6740675.01 rows=59981577 width=25)
                                 Merge Cond: (orders.o_orderkey = lineitem.l_orderkey)
                                 ->  Merge Join  (cost=1.00..3682025.20 rows=14997434 width=24)
                                       Merge Cond: (orders.o_orderkey = lineitem_1.l_orderkey)
                                       ->  Index Scan using orders_pkey on orders  (cost=0.43..547957.55 rows=14999474 width=20)
                                       ->  GroupAggregate  (cost=0.56..2759126.71 rows=14997434 width=4)
                                             Group Key: lineitem_1.l_orderkey
                                             Filter: (sum(lineitem_1.l_quantity) > '313'::numeric)
                                             ->  Index Scan using idx_lineitem_orderkey on lineitem lineitem_1  (cost=0.56..2271710.10 rows=59989736 width=9)
                                 ->  Index Scan using idx_lineitem_orderkey on lineitem  (cost=0.56..2271710.10 rows=59989736 width=9)
                           ->  Hash  (cost=50947.40..50947.40 rows=1500040 width=23)
                                 ->  Seq Scan on customer  (cost=0.00..50947.40 rows=1500040 width=23)
(21 rows)

query 19 run 1
SET
SET
SET
                                                                                                                                                                                                                                                                                                                                                                                                                                                                                                            QUERY PLAN                                                                                                                                                                                                                                                                                                                                                                                                                                                                                                            
----------------------------------------------------------------------------------------------------------------------------------------------------------------------------------------------------------------------------------------------------------------------------------------------------------------------------------------------------------------------------------------------------------------------------------------------------------------------------------------------------------------------------------------------------------------------------------------------------------------------------------------------------------------------------------------------------------------------------------------------------------------------------------------------------------------------------------------------------------------------------------------------------------------------------------------------------------------------------------------------------------------------------------
 Limit  (cost=381748.42..381748.43 rows=1 width=32)
   ->  Aggregate  (cost=381748.42..381748.43 rows=1 width=32)
         ->  Nested Loop  (cost=0.56..381739.54 rows=1184 width=12)
               ->  Seq Scan on part  (cost=0.00..125984.06 rows=5027 width=30)
                     Filter: ((p_size >= 1) AND (((p_brand = 'Brand#24'::bpchar) AND (p_container = ANY ('{"SM CASE","SM BOX","SM PACK","SM PKG"}'::bpchar[])) AND (p_size <= 5)) OR ((p_brand = 'Brand#43'::bpchar) AND (p_container = ANY ('{"MED BAG","MED BOX","MED PKG","MED PACK"}'::bpchar[])) AND (p_size <= 10)) OR ((p_brand = 'Brand#44'::bpchar) AND (p_container = ANY ('{"LG CASE","LG BOX","LG PACK","LG PKG"}'::bpchar[])) AND (p_size <= 15))))
               ->  Index Scan using idx_lineitem_part_supp on lineitem  (cost=0.56..50.87 rows=1 width=21)
                     Index Cond: (l_partkey = part.p_partkey)
                     Filter: ((l_shipmode = ANY ('{AIR,"AIR REG"}'::bpchar[])) AND (l_shipinstruct = 'DELIVER IN PERSON'::bpchar) AND (((l_quantity >= '10'::numeric) AND (l_quantity <= '20'::numeric)) OR ((l_quantity >= '10'::numeric) AND (l_quantity <= '20'::numeric)) OR ((l_quantity >= '20'::numeric) AND (l_quantity <= '30'::numeric))) AND (((part.p_brand = 'Brand#24'::bpchar) AND (part.p_container = ANY ('{"SM CASE","SM BOX","SM PACK","SM PKG"}'::bpchar[])) AND (l_quantity >= '10'::numeric) AND (l_quantity <= '20'::numeric) AND (part.p_size <= 5)) OR ((part.p_brand = 'Brand#43'::bpchar) AND (part.p_container = ANY ('{"MED BAG","MED BOX","MED PKG","MED PACK"}'::bpchar[])) AND (l_quantity >= '10'::numeric) AND (l_quantity <= '20'::numeric) AND (part.p_size <= 10)) OR ((part.p_brand = 'Brand#44'::bpchar) AND (part.p_container = ANY ('{"LG CASE","LG BOX","LG PACK","LG PKG"}'::bpchar[])) AND (l_quantity >= '20'::numeric) AND (l_quantity <= '30'::numeric) AND (part.p_size <= 15))))
(8 rows)

query 19 run 2
SET
SET
SET
                                                                                                                                                                                                                                                                                                                                                                                                                                                                                                            QUERY PLAN                                                                                                                                                                                                                                                                                                                                                                                                                                                                                                            
----------------------------------------------------------------------------------------------------------------------------------------------------------------------------------------------------------------------------------------------------------------------------------------------------------------------------------------------------------------------------------------------------------------------------------------------------------------------------------------------------------------------------------------------------------------------------------------------------------------------------------------------------------------------------------------------------------------------------------------------------------------------------------------------------------------------------------------------------------------------------------------------------------------------------------------------------------------------------------------------------------------------------------
 Limit  (cost=381748.42..381748.43 rows=1 width=32)
   ->  Aggregate  (cost=381748.42..381748.43 rows=1 width=32)
         ->  Nested Loop  (cost=0.56..381739.54 rows=1184 width=12)
               ->  Seq Scan on part  (cost=0.00..125984.06 rows=5027 width=30)
                     Filter: ((p_size >= 1) AND (((p_brand = 'Brand#24'::bpchar) AND (p_container = ANY ('{"SM CASE","SM BOX","SM PACK","SM PKG"}'::bpchar[])) AND (p_size <= 5)) OR ((p_brand = 'Brand#43'::bpchar) AND (p_container = ANY ('{"MED BAG","MED BOX","MED PKG","MED PACK"}'::bpchar[])) AND (p_size <= 10)) OR ((p_brand = 'Brand#44'::bpchar) AND (p_container = ANY ('{"LG CASE","LG BOX","LG PACK","LG PKG"}'::bpchar[])) AND (p_size <= 15))))
               ->  Index Scan using idx_lineitem_part_supp on lineitem  (cost=0.56..50.87 rows=1 width=21)
                     Index Cond: (l_partkey = part.p_partkey)
                     Filter: ((l_shipmode = ANY ('{AIR,"AIR REG"}'::bpchar[])) AND (l_shipinstruct = 'DELIVER IN PERSON'::bpchar) AND (((l_quantity >= '10'::numeric) AND (l_quantity <= '20'::numeric)) OR ((l_quantity >= '10'::numeric) AND (l_quantity <= '20'::numeric)) OR ((l_quantity >= '20'::numeric) AND (l_quantity <= '30'::numeric))) AND (((part.p_brand = 'Brand#24'::bpchar) AND (part.p_container = ANY ('{"SM CASE","SM BOX","SM PACK","SM PKG"}'::bpchar[])) AND (l_quantity >= '10'::numeric) AND (l_quantity <= '20'::numeric) AND (part.p_size <= 5)) OR ((part.p_brand = 'Brand#43'::bpchar) AND (part.p_container = ANY ('{"MED BAG","MED BOX","MED PKG","MED PACK"}'::bpchar[])) AND (l_quantity >= '10'::numeric) AND (l_quantity <= '20'::numeric) AND (part.p_size <= 10)) OR ((part.p_brand = 'Brand#44'::bpchar) AND (part.p_container = ANY ('{"LG CASE","LG BOX","LG PACK","LG PKG"}'::bpchar[])) AND (l_quantity >= '20'::numeric) AND (l_quantity <= '30'::numeric) AND (part.p_size <= 15))))
(8 rows)

query 19 run 3
SET
SET
SET
                                                                                                                                                                                                                                                                                                                                                                                                                                                                                                            QUERY PLAN                                                                                                                                                                                                                                                                                                                                                                                                                                                                                                            
----------------------------------------------------------------------------------------------------------------------------------------------------------------------------------------------------------------------------------------------------------------------------------------------------------------------------------------------------------------------------------------------------------------------------------------------------------------------------------------------------------------------------------------------------------------------------------------------------------------------------------------------------------------------------------------------------------------------------------------------------------------------------------------------------------------------------------------------------------------------------------------------------------------------------------------------------------------------------------------------------------------------------------
 Limit  (cost=381748.42..381748.43 rows=1 width=32)
   ->  Aggregate  (cost=381748.42..381748.43 rows=1 width=32)
         ->  Nested Loop  (cost=0.56..381739.54 rows=1184 width=12)
               ->  Seq Scan on part  (cost=0.00..125984.06 rows=5027 width=30)
                     Filter: ((p_size >= 1) AND (((p_brand = 'Brand#24'::bpchar) AND (p_container = ANY ('{"SM CASE","SM BOX","SM PACK","SM PKG"}'::bpchar[])) AND (p_size <= 5)) OR ((p_brand = 'Brand#43'::bpchar) AND (p_container = ANY ('{"MED BAG","MED BOX","MED PKG","MED PACK"}'::bpchar[])) AND (p_size <= 10)) OR ((p_brand = 'Brand#44'::bpchar) AND (p_container = ANY ('{"LG CASE","LG BOX","LG PACK","LG PKG"}'::bpchar[])) AND (p_size <= 15))))
               ->  Index Scan using idx_lineitem_part_supp on lineitem  (cost=0.56..50.87 rows=1 width=21)
                     Index Cond: (l_partkey = part.p_partkey)
                     Filter: ((l_shipmode = ANY ('{AIR,"AIR REG"}'::bpchar[])) AND (l_shipinstruct = 'DELIVER IN PERSON'::bpchar) AND (((l_quantity >= '10'::numeric) AND (l_quantity <= '20'::numeric)) OR ((l_quantity >= '10'::numeric) AND (l_quantity <= '20'::numeric)) OR ((l_quantity >= '20'::numeric) AND (l_quantity <= '30'::numeric))) AND (((part.p_brand = 'Brand#24'::bpchar) AND (part.p_container = ANY ('{"SM CASE","SM BOX","SM PACK","SM PKG"}'::bpchar[])) AND (l_quantity >= '10'::numeric) AND (l_quantity <= '20'::numeric) AND (part.p_size <= 5)) OR ((part.p_brand = 'Brand#43'::bpchar) AND (part.p_container = ANY ('{"MED BAG","MED BOX","MED PKG","MED PACK"}'::bpchar[])) AND (l_quantity >= '10'::numeric) AND (l_quantity <= '20'::numeric) AND (part.p_size <= 10)) OR ((part.p_brand = 'Brand#44'::bpchar) AND (part.p_container = ANY ('{"LG CASE","LG BOX","LG PACK","LG PKG"}'::bpchar[])) AND (l_quantity >= '20'::numeric) AND (l_quantity <= '30'::numeric) AND (part.p_size <= 15))))
(8 rows)

query 20 run 1
SET
SET
SET
                                                                   QUERY PLAN                                                                   
------------------------------------------------------------------------------------------------------------------------------------------------
 Limit  (cost=2915234.22..2915234.22 rows=1 width=52)
   ->  Sort  (cost=2915234.22..2915234.22 rows=1 width=52)
         Sort Key: supplier.s_name
         ->  Nested Loop Semi Join  (cost=2574275.05..2915234.21 rows=1 width=52)
               Join Filter: (supplier.s_suppkey = lineitem.l_suppkey)
               ->  Nested Loop  (cost=0.00..4472.31 rows=4000 width=56)
                     Join Filter: (supplier.s_nationkey = nation.n_nationkey)
                     ->  Seq Scan on nation  (cost=0.00..1.31 rows=1 width=4)
                           Filter: (n_name = 'IRAQ'::bpchar)
                     ->  Seq Scan on supplier  (cost=0.00..3221.00 rows=100000 width=60)
               ->  Materialize  (cost=2574275.05..2910581.90 rows=3 width=8)
                     ->  Nested Loop  (cost=2574275.05..2910581.89 rows=3 width=8)
                           ->  Merge Join  (cost=2574274.62..2884636.14 rows=49109 width=44)
                                 Merge Cond: (lineitem.l_partkey = part.p_partkey)
                                 ->  GroupAggregate  (cost=2574274.19..2739109.05 rows=4861745 width=40)
                                       Group Key: lineitem.l_partkey, lineitem.l_suppkey
                                       ->  Sort  (cost=2574274.19..2597251.36 rows=9190868 width=13)
                                             Sort Key: lineitem.l_partkey, lineitem.l_suppkey
                                             ->  Bitmap Heap Scan on lineitem  (cost=147287.46..1410293.48 rows=9190868 width=13)
                                                   Recheck Cond: ((l_shipdate >= '1996-01-01'::date) AND (l_shipdate < '1997-01-01'::date))
                                                   ->  Bitmap Index Scan on idx_lineitem_shipdate  (cost=0.00..144989.74 rows=9190868 width=0)
                                                         Index Cond: ((l_shipdate >= '1996-01-01'::date) AND (l_shipdate < '1997-01-01'::date))
                                 ->  Index Scan using part_pkey on part  (cost=0.43..84213.69 rows=20203 width=4)
                                       Filter: ((p_name)::text ~~ 'olive%'::text)
                           ->  Index Scan using partsupp_pkey on partsupp  (cost=0.43..0.52 rows=1 width=12)
                                 Index Cond: ((ps_partkey = lineitem.l_partkey) AND (ps_suppkey = lineitem.l_suppkey))
                                 Filter: ((ps_availqty)::numeric > ((0.5 * sum(lineitem.l_quantity))))
(27 rows)

query 20 run 2
SET
SET
SET
                                                                   QUERY PLAN                                                                   
------------------------------------------------------------------------------------------------------------------------------------------------
 Limit  (cost=2915234.22..2915234.22 rows=1 width=52)
   ->  Sort  (cost=2915234.22..2915234.22 rows=1 width=52)
         Sort Key: supplier.s_name
         ->  Nested Loop Semi Join  (cost=2574275.05..2915234.21 rows=1 width=52)
               Join Filter: (supplier.s_suppkey = lineitem.l_suppkey)
               ->  Nested Loop  (cost=0.00..4472.31 rows=4000 width=56)
                     Join Filter: (supplier.s_nationkey = nation.n_nationkey)
                     ->  Seq Scan on nation  (cost=0.00..1.31 rows=1 width=4)
                           Filter: (n_name = 'IRAQ'::bpchar)
                     ->  Seq Scan on supplier  (cost=0.00..3221.00 rows=100000 width=60)
               ->  Materialize  (cost=2574275.05..2910581.90 rows=3 width=8)
                     ->  Nested Loop  (cost=2574275.05..2910581.89 rows=3 width=8)
                           ->  Merge Join  (cost=2574274.62..2884636.14 rows=49109 width=44)
                                 Merge Cond: (lineitem.l_partkey = part.p_partkey)
                                 ->  GroupAggregate  (cost=2574274.19..2739109.05 rows=4861745 width=40)
                                       Group Key: lineitem.l_partkey, lineitem.l_suppkey
                                       ->  Sort  (cost=2574274.19..2597251.36 rows=9190868 width=13)
                                             Sort Key: lineitem.l_partkey, lineitem.l_suppkey
                                             ->  Bitmap Heap Scan on lineitem  (cost=147287.46..1410293.48 rows=9190868 width=13)
                                                   Recheck Cond: ((l_shipdate >= '1996-01-01'::date) AND (l_shipdate < '1997-01-01'::date))
                                                   ->  Bitmap Index Scan on idx_lineitem_shipdate  (cost=0.00..144989.74 rows=9190868 width=0)
                                                         Index Cond: ((l_shipdate >= '1996-01-01'::date) AND (l_shipdate < '1997-01-01'::date))
                                 ->  Index Scan using part_pkey on part  (cost=0.43..84213.69 rows=20203 width=4)
                                       Filter: ((p_name)::text ~~ 'olive%'::text)
                           ->  Index Scan using partsupp_pkey on partsupp  (cost=0.43..0.52 rows=1 width=12)
                                 Index Cond: ((ps_partkey = lineitem.l_partkey) AND (ps_suppkey = lineitem.l_suppkey))
                                 Filter: ((ps_availqty)::numeric > ((0.5 * sum(lineitem.l_quantity))))
(27 rows)

query 20 run 3
SET
SET
SET
                                                                   QUERY PLAN                                                                   
------------------------------------------------------------------------------------------------------------------------------------------------
 Limit  (cost=2915234.22..2915234.22 rows=1 width=52)
   ->  Sort  (cost=2915234.22..2915234.22 rows=1 width=52)
         Sort Key: supplier.s_name
         ->  Nested Loop Semi Join  (cost=2574275.05..2915234.21 rows=1 width=52)
               Join Filter: (supplier.s_suppkey = lineitem.l_suppkey)
               ->  Nested Loop  (cost=0.00..4472.31 rows=4000 width=56)
                     Join Filter: (supplier.s_nationkey = nation.n_nationkey)
                     ->  Seq Scan on nation  (cost=0.00..1.31 rows=1 width=4)
                           Filter: (n_name = 'IRAQ'::bpchar)
                     ->  Seq Scan on supplier  (cost=0.00..3221.00 rows=100000 width=60)
               ->  Materialize  (cost=2574275.05..2910581.90 rows=3 width=8)
                     ->  Nested Loop  (cost=2574275.05..2910581.89 rows=3 width=8)
                           ->  Merge Join  (cost=2574274.62..2884636.14 rows=49109 width=44)
                                 Merge Cond: (lineitem.l_partkey = part.p_partkey)
                                 ->  GroupAggregate  (cost=2574274.19..2739109.05 rows=4861745 width=40)
                                       Group Key: lineitem.l_partkey, lineitem.l_suppkey
                                       ->  Sort  (cost=2574274.19..2597251.36 rows=9190868 width=13)
                                             Sort Key: lineitem.l_partkey, lineitem.l_suppkey
                                             ->  Bitmap Heap Scan on lineitem  (cost=147287.46..1410293.48 rows=9190868 width=13)
                                                   Recheck Cond: ((l_shipdate >= '1996-01-01'::date) AND (l_shipdate < '1997-01-01'::date))
                                                   ->  Bitmap Index Scan on idx_lineitem_shipdate  (cost=0.00..144989.74 rows=9190868 width=0)
                                                         Index Cond: ((l_shipdate >= '1996-01-01'::date) AND (l_shipdate < '1997-01-01'::date))
                                 ->  Index Scan using part_pkey on part  (cost=0.43..84213.69 rows=20203 width=4)
                                       Filter: ((p_name)::text ~~ 'olive%'::text)
                           ->  Index Scan using partsupp_pkey on partsupp  (cost=0.43..0.52 rows=1 width=12)
                                 Index Cond: ((ps_partkey = lineitem.l_partkey) AND (ps_suppkey = lineitem.l_suppkey))
                                 Filter: ((ps_availqty)::numeric > ((0.5 * sum(lineitem.l_quantity))))
(27 rows)

query 21 run 1
SET
SET
SET
                                                                      QUERY PLAN                                                                      
------------------------------------------------------------------------------------------------------------------------------------------------------
 Limit  (cost=3853398.01..3853398.02 rows=1 width=34)
   ->  Sort  (cost=3853398.01..3853398.02 rows=1 width=34)
         Sort Key: (count(*)) DESC, supplier.s_name
         ->  GroupAggregate  (cost=3853397.98..3853398.00 rows=1 width=34)
               Group Key: supplier.s_name
               ->  Sort  (cost=3853397.98..3853397.99 rows=1 width=26)
                     Sort Key: supplier.s_name
                     ->  Nested Loop Anti Join  (cost=571430.55..3853397.97 rows=1 width=26)
                           ->  Nested Loop Semi Join  (cost=571429.99..3853394.72 rows=1 width=34)
                                 Join Filter: (l2.l_suppkey <> l1.l_suppkey)
                                 ->  Hash Join  (cost=571429.42..2572681.56 rows=391160 width=38)
                                       Hash Cond: (l1.l_orderkey = orders.o_orderkey)
                                       ->  Hash Join  (cost=2323.46..1960323.96 rows=799863 width=34)
                                             Hash Cond: (l1.l_suppkey = supplier.s_suppkey)
                                             ->  Seq Scan on lineitem l1  (cost=0.00..1875014.70 rows=19996579 width=8)
                                                   Filter: (l_receiptdate > l_commitdate)
                                             ->  Hash  (cost=2273.46..2273.46 rows=4000 width=30)
                                                   ->  Nested Loop  (cost=49.29..2273.46 rows=4000 width=30)
                                                         ->  Seq Scan on nation  (cost=0.00..1.31 rows=1 width=4)
                                                               Filter: (n_name = 'PERU'::bpchar)
                                                         ->  Bitmap Heap Scan on supplier  (cost=49.29..2232.15 rows=4000 width=34)
                                                               Recheck Cond: (s_nationkey = nation.n_nationkey)
                                                               ->  Bitmap Index Scan on idx_supplier_nation_key  (cost=0.00..48.29 rows=4000 width=0)
                                                                     Index Cond: (s_nationkey = nation.n_nationkey)
                                       ->  Hash  (cost=448761.43..448761.43 rows=7335243 width=4)
                                             ->  Seq Scan on orders  (cost=0.00..448761.43 rows=7335243 width=4)
                                                   Filter: (o_orderstatus = 'F'::bpchar)
                                 ->  Index Scan using idx_lineitem_orderkey on lineitem l2  (cost=0.56..3.22 rows=4 width=8)
                                       Index Cond: (l_orderkey = orders.o_orderkey)
                           ->  Index Scan using idx_lineitem_orderkey on lineitem l3  (cost=0.56..3.24 rows=1 width=8)
                                 Index Cond: (l_orderkey = l1.l_orderkey)
                                 Filter: ((l_receiptdate > l_commitdate) AND (l_suppkey <> l1.l_suppkey))
(32 rows)

query 21 run 2
SET
SET
SET
                                                                      QUERY PLAN                                                                      
------------------------------------------------------------------------------------------------------------------------------------------------------
 Limit  (cost=3853398.01..3853398.02 rows=1 width=34)
   ->  Sort  (cost=3853398.01..3853398.02 rows=1 width=34)
         Sort Key: (count(*)) DESC, supplier.s_name
         ->  GroupAggregate  (cost=3853397.98..3853398.00 rows=1 width=34)
               Group Key: supplier.s_name
               ->  Sort  (cost=3853397.98..3853397.99 rows=1 width=26)
                     Sort Key: supplier.s_name
                     ->  Nested Loop Anti Join  (cost=571430.55..3853397.97 rows=1 width=26)
                           ->  Nested Loop Semi Join  (cost=571429.99..3853394.72 rows=1 width=34)
                                 Join Filter: (l2.l_suppkey <> l1.l_suppkey)
                                 ->  Hash Join  (cost=571429.42..2572681.56 rows=391160 width=38)
                                       Hash Cond: (l1.l_orderkey = orders.o_orderkey)
                                       ->  Hash Join  (cost=2323.46..1960323.96 rows=799863 width=34)
                                             Hash Cond: (l1.l_suppkey = supplier.s_suppkey)
                                             ->  Seq Scan on lineitem l1  (cost=0.00..1875014.70 rows=19996579 width=8)
                                                   Filter: (l_receiptdate > l_commitdate)
                                             ->  Hash  (cost=2273.46..2273.46 rows=4000 width=30)
                                                   ->  Nested Loop  (cost=49.29..2273.46 rows=4000 width=30)
                                                         ->  Seq Scan on nation  (cost=0.00..1.31 rows=1 width=4)
                                                               Filter: (n_name = 'PERU'::bpchar)
                                                         ->  Bitmap Heap Scan on supplier  (cost=49.29..2232.15 rows=4000 width=34)
                                                               Recheck Cond: (s_nationkey = nation.n_nationkey)
                                                               ->  Bitmap Index Scan on idx_supplier_nation_key  (cost=0.00..48.29 rows=4000 width=0)
                                                                     Index Cond: (s_nationkey = nation.n_nationkey)
                                       ->  Hash  (cost=448761.43..448761.43 rows=7335243 width=4)
                                             ->  Seq Scan on orders  (cost=0.00..448761.43 rows=7335243 width=4)
                                                   Filter: (o_orderstatus = 'F'::bpchar)
                                 ->  Index Scan using idx_lineitem_orderkey on lineitem l2  (cost=0.56..3.22 rows=4 width=8)
                                       Index Cond: (l_orderkey = orders.o_orderkey)
                           ->  Index Scan using idx_lineitem_orderkey on lineitem l3  (cost=0.56..3.24 rows=1 width=8)
                                 Index Cond: (l_orderkey = l1.l_orderkey)
                                 Filter: ((l_receiptdate > l_commitdate) AND (l_suppkey <> l1.l_suppkey))
(32 rows)

query 21 run 3
SET
SET
SET
                                                                      QUERY PLAN                                                                      
------------------------------------------------------------------------------------------------------------------------------------------------------
 Limit  (cost=3853398.01..3853398.02 rows=1 width=34)
   ->  Sort  (cost=3853398.01..3853398.02 rows=1 width=34)
         Sort Key: (count(*)) DESC, supplier.s_name
         ->  GroupAggregate  (cost=3853397.98..3853398.00 rows=1 width=34)
               Group Key: supplier.s_name
               ->  Sort  (cost=3853397.98..3853397.99 rows=1 width=26)
                     Sort Key: supplier.s_name
                     ->  Nested Loop Anti Join  (cost=571430.55..3853397.97 rows=1 width=26)
                           ->  Nested Loop Semi Join  (cost=571429.99..3853394.72 rows=1 width=34)
                                 Join Filter: (l2.l_suppkey <> l1.l_suppkey)
                                 ->  Hash Join  (cost=571429.42..2572681.56 rows=391160 width=38)
                                       Hash Cond: (l1.l_orderkey = orders.o_orderkey)
                                       ->  Hash Join  (cost=2323.46..1960323.96 rows=799863 width=34)
                                             Hash Cond: (l1.l_suppkey = supplier.s_suppkey)
                                             ->  Seq Scan on lineitem l1  (cost=0.00..1875014.70 rows=19996579 width=8)
                                                   Filter: (l_receiptdate > l_commitdate)
                                             ->  Hash  (cost=2273.46..2273.46 rows=4000 width=30)
                                                   ->  Nested Loop  (cost=49.29..2273.46 rows=4000 width=30)
                                                         ->  Seq Scan on nation  (cost=0.00..1.31 rows=1 width=4)
                                                               Filter: (n_name = 'PERU'::bpchar)
                                                         ->  Bitmap Heap Scan on supplier  (cost=49.29..2232.15 rows=4000 width=34)
                                                               Recheck Cond: (s_nationkey = nation.n_nationkey)
                                                               ->  Bitmap Index Scan on idx_supplier_nation_key  (cost=0.00..48.29 rows=4000 width=0)
                                                                     Index Cond: (s_nationkey = nation.n_nationkey)
                                       ->  Hash  (cost=448761.43..448761.43 rows=7335243 width=4)
                                             ->  Seq Scan on orders  (cost=0.00..448761.43 rows=7335243 width=4)
                                                   Filter: (o_orderstatus = 'F'::bpchar)
                                 ->  Index Scan using idx_lineitem_orderkey on lineitem l2  (cost=0.56..3.22 rows=4 width=8)
                                       Index Cond: (l_orderkey = orders.o_orderkey)
                           ->  Index Scan using idx_lineitem_orderkey on lineitem l3  (cost=0.56..3.24 rows=1 width=8)
                                 Index Cond: (l_orderkey = l1.l_orderkey)
                                 Filter: ((l_receiptdate > l_commitdate) AND (l_suppkey <> l1.l_suppkey))
(32 rows)

query 22 run 1
SET
SET
SET
                                                               QUERY PLAN                                                               
----------------------------------------------------------------------------------------------------------------------------------------
 Limit  (cost=161398.84..161398.87 rows=1 width=72)
   InitPlan 1 (returns $0)
     ->  Aggregate  (cost=75441.95..75441.96 rows=1 width=32)
           ->  Seq Scan on customer customer_1  (cost=0.00..75323.05 rows=47559 width=6)
                 Filter: ((c_acctbal > 0.00) AND ("substring"((c_phone)::text, 1, 2) = ANY ('{21,29,26,34,14,15,17}'::text[])))
   ->  GroupAggregate  (cost=85956.88..86165.61 rows=7590 width=72)
         Group Key: ("substring"((customer.c_phone)::text, 1, 2))
         ->  Sort  (cost=85956.88..85975.86 rows=7590 width=38)
               Sort Key: ("substring"((customer.c_phone)::text, 1, 2))
               ->  Nested Loop Anti Join  (cost=0.43..85467.71 rows=7590 width=38)
                     ->  Seq Scan on customer  (cost=0.00..75323.05 rows=17500 width=26)
                           Filter: ((c_acctbal > $0) AND ("substring"((c_phone)::text, 1, 2) = ANY ('{21,29,26,34,14,15,17}'::text[])))
                     ->  Index Only Scan using idx_orders_custkey on orders  (cost=0.43..1.99 rows=18 width=4)
                           Index Cond: (o_custkey = customer.c_custkey)
(14 rows)

query 22 run 2
SET
SET
SET
                                                               QUERY PLAN                                                               
----------------------------------------------------------------------------------------------------------------------------------------
 Limit  (cost=161398.84..161398.87 rows=1 width=72)
   InitPlan 1 (returns $0)
     ->  Aggregate  (cost=75441.95..75441.96 rows=1 width=32)
           ->  Seq Scan on customer customer_1  (cost=0.00..75323.05 rows=47559 width=6)
                 Filter: ((c_acctbal > 0.00) AND ("substring"((c_phone)::text, 1, 2) = ANY ('{21,29,26,34,14,15,17}'::text[])))
   ->  GroupAggregate  (cost=85956.88..86165.61 rows=7590 width=72)
         Group Key: ("substring"((customer.c_phone)::text, 1, 2))
         ->  Sort  (cost=85956.88..85975.86 rows=7590 width=38)
               Sort Key: ("substring"((customer.c_phone)::text, 1, 2))
               ->  Nested Loop Anti Join  (cost=0.43..85467.71 rows=7590 width=38)
                     ->  Seq Scan on customer  (cost=0.00..75323.05 rows=17500 width=26)
                           Filter: ((c_acctbal > $0) AND ("substring"((c_phone)::text, 1, 2) = ANY ('{21,29,26,34,14,15,17}'::text[])))
                     ->  Index Only Scan using idx_orders_custkey on orders  (cost=0.43..1.99 rows=18 width=4)
                           Index Cond: (o_custkey = customer.c_custkey)
(14 rows)

query 22 run 3
SET
SET
SET
                                                               QUERY PLAN                                                               
----------------------------------------------------------------------------------------------------------------------------------------
 Limit  (cost=161398.84..161398.87 rows=1 width=72)
   InitPlan 1 (returns $0)
     ->  Aggregate  (cost=75441.95..75441.96 rows=1 width=32)
           ->  Seq Scan on customer customer_1  (cost=0.00..75323.05 rows=47559 width=6)
                 Filter: ((c_acctbal > 0.00) AND ("substring"((c_phone)::text, 1, 2) = ANY ('{21,29,26,34,14,15,17}'::text[])))
   ->  GroupAggregate  (cost=85956.88..86165.61 rows=7590 width=72)
         Group Key: ("substring"((customer.c_phone)::text, 1, 2))
         ->  Sort  (cost=85956.88..85975.86 rows=7590 width=38)
               Sort Key: ("substring"((customer.c_phone)::text, 1, 2))
               ->  Nested Loop Anti Join  (cost=0.43..85467.71 rows=7590 width=38)
                     ->  Seq Scan on customer  (cost=0.00..75323.05 rows=17500 width=26)
                           Filter: ((c_acctbal > $0) AND ("substring"((c_phone)::text, 1, 2) = ANY ('{21,29,26,34,14,15,17}'::text[])))
                     ->  Index Only Scan using idx_orders_custkey on orders  (cost=0.43..1.99 rows=18 width=4)
                           Index Cond: (o_custkey = customer.c_custkey)
(14 rows)

