query 1 run 1
SET
SET
SET
                                           QUERY PLAN                                           
------------------------------------------------------------------------------------------------
 Limit  (cost=424812.02..424812.02 rows=1 width=236)
   ->  Sort  (cost=424812.02..424812.03 rows=6 width=236)
         Sort Key: l_returnflag, l_linestatus
         ->  HashAggregate  (cost=424811.82..424811.98 rows=6 width=236)
               Group Key: l_returnflag, l_linestatus
               ->  Seq Scan on lineitem  (cost=0.00..187579.50 rows=5930808 width=25)
                     Filter: (l_shipdate <= '1998-09-10 00:00:00'::timestamp without time zone)
(7 rows)

query 1 run 2
SET
SET
SET
                                           QUERY PLAN                                           
------------------------------------------------------------------------------------------------
 Limit  (cost=424812.02..424812.02 rows=1 width=236)
   ->  Sort  (cost=424812.02..424812.03 rows=6 width=236)
         Sort Key: l_returnflag, l_linestatus
         ->  HashAggregate  (cost=424811.82..424811.98 rows=6 width=236)
               Group Key: l_returnflag, l_linestatus
               ->  Seq Scan on lineitem  (cost=0.00..187579.50 rows=5930808 width=25)
                     Filter: (l_shipdate <= '1998-09-10 00:00:00'::timestamp without time zone)
(7 rows)

query 1 run 3
SET
SET
SET
                                           QUERY PLAN                                           
------------------------------------------------------------------------------------------------
 Limit  (cost=424812.02..424812.02 rows=1 width=236)
   ->  Sort  (cost=424812.02..424812.03 rows=6 width=236)
         Sort Key: l_returnflag, l_linestatus
         ->  HashAggregate  (cost=424811.82..424811.98 rows=6 width=236)
               Group Key: l_returnflag, l_linestatus
               ->  Seq Scan on lineitem  (cost=0.00..187579.50 rows=5930808 width=25)
                     Filter: (l_shipdate <= '1998-09-10 00:00:00'::timestamp without time zone)
(7 rows)

query 2 run 1
SET
SET
SET
                                                                 QUERY PLAN                                                                  
---------------------------------------------------------------------------------------------------------------------------------------------
 Limit  (cost=45153.70..45153.71 rows=1 width=192)
   ->  Sort  (cost=45153.70..45153.71 rows=1 width=192)
         Sort Key: supplier.s_acctbal DESC, nation.n_name, supplier.s_name, part.p_partkey
         ->  Merge Join  (cost=25133.84..45153.69 rows=1 width=192)
               Merge Cond: (part.p_partkey = partsupp.ps_partkey)
               Join Filter: (partsupp.ps_supplycost = (SubPlan 1))
               ->  Index Scan using part_pkey on part  (cost=0.42..8926.42 rows=706 width=30)
                     Filter: (((p_type)::text ~~ '%NICKEL'::text) AND (p_size = 16))
               ->  Sort  (cost=25133.42..25533.42 rows=160000 width=172)
                     Sort Key: partsupp.ps_partkey
                     ->  Nested Loop  (cost=0.71..11303.25 rows=160000 width=172)
                           ->  Nested Loop  (cost=0.29..134.30 rows=2000 width=166)
                                 ->  Nested Loop  (cost=0.00..2.62 rows=5 width=30)
                                       Join Filter: (nation.n_regionkey = region.r_regionkey)
                                       ->  Seq Scan on region  (cost=0.00..1.06 rows=1 width=4)
                                             Filter: (r_name = 'AMERICA'::bpchar)
                                       ->  Seq Scan on nation  (cost=0.00..1.25 rows=25 width=34)
                                 ->  Index Scan using idx_supplier_nation_key on supplier  (cost=0.29..22.34 rows=400 width=144)
                                       Index Cond: (s_nationkey = nation.n_nationkey)
                           ->  Index Scan using idx_partsupp_suppkey on partsupp  (cost=0.42..4.78 rows=80 width=14)
                                 Index Cond: (ps_suppkey = supplier.s_suppkey)
               SubPlan 1
                 ->  Aggregate  (cost=18.52..18.53 rows=1 width=32)
                       ->  Nested Loop  (cost=0.85..18.52 rows=1 width=6)
                             Join Filter: (nation_1.n_regionkey = region_1.r_regionkey)
                             ->  Seq Scan on region region_1  (cost=0.00..1.06 rows=1 width=4)
                                   Filter: (r_name = 'AMERICA'::bpchar)
                             ->  Nested Loop  (cost=0.85..17.41 rows=4 width=10)
                                   ->  Nested Loop  (cost=0.71..16.74 rows=4 width=10)
                                         ->  Index Scan using idx_partsupp_partkey on partsupp partsupp_1  (cost=0.42..3.50 rows=4 width=10)
                                               Index Cond: (part.p_partkey = ps_partkey)
                                         ->  Index Scan using supplier_pkey on supplier supplier_1  (cost=0.29..3.30 rows=1 width=8)
                                               Index Cond: (s_suppkey = partsupp_1.ps_suppkey)
                                   ->  Index Scan using nation_pkey on nation nation_1  (cost=0.14..0.16 rows=1 width=8)
                                         Index Cond: (n_nationkey = supplier_1.s_nationkey)
(35 rows)

query 2 run 2
SET
SET
SET
                                                                 QUERY PLAN                                                                  
---------------------------------------------------------------------------------------------------------------------------------------------
 Limit  (cost=45153.70..45153.71 rows=1 width=192)
   ->  Sort  (cost=45153.70..45153.71 rows=1 width=192)
         Sort Key: supplier.s_acctbal DESC, nation.n_name, supplier.s_name, part.p_partkey
         ->  Merge Join  (cost=25133.84..45153.69 rows=1 width=192)
               Merge Cond: (part.p_partkey = partsupp.ps_partkey)
               Join Filter: (partsupp.ps_supplycost = (SubPlan 1))
               ->  Index Scan using part_pkey on part  (cost=0.42..8926.42 rows=706 width=30)
                     Filter: (((p_type)::text ~~ '%NICKEL'::text) AND (p_size = 16))
               ->  Sort  (cost=25133.42..25533.42 rows=160000 width=172)
                     Sort Key: partsupp.ps_partkey
                     ->  Nested Loop  (cost=0.71..11303.25 rows=160000 width=172)
                           ->  Nested Loop  (cost=0.29..134.30 rows=2000 width=166)
                                 ->  Nested Loop  (cost=0.00..2.62 rows=5 width=30)
                                       Join Filter: (nation.n_regionkey = region.r_regionkey)
                                       ->  Seq Scan on region  (cost=0.00..1.06 rows=1 width=4)
                                             Filter: (r_name = 'AMERICA'::bpchar)
                                       ->  Seq Scan on nation  (cost=0.00..1.25 rows=25 width=34)
                                 ->  Index Scan using idx_supplier_nation_key on supplier  (cost=0.29..22.34 rows=400 width=144)
                                       Index Cond: (s_nationkey = nation.n_nationkey)
                           ->  Index Scan using idx_partsupp_suppkey on partsupp  (cost=0.42..4.78 rows=80 width=14)
                                 Index Cond: (ps_suppkey = supplier.s_suppkey)
               SubPlan 1
                 ->  Aggregate  (cost=18.52..18.53 rows=1 width=32)
                       ->  Nested Loop  (cost=0.85..18.52 rows=1 width=6)
                             Join Filter: (nation_1.n_regionkey = region_1.r_regionkey)
                             ->  Seq Scan on region region_1  (cost=0.00..1.06 rows=1 width=4)
                                   Filter: (r_name = 'AMERICA'::bpchar)
                             ->  Nested Loop  (cost=0.85..17.41 rows=4 width=10)
                                   ->  Nested Loop  (cost=0.71..16.74 rows=4 width=10)
                                         ->  Index Scan using idx_partsupp_partkey on partsupp partsupp_1  (cost=0.42..3.50 rows=4 width=10)
                                               Index Cond: (part.p_partkey = ps_partkey)
                                         ->  Index Scan using supplier_pkey on supplier supplier_1  (cost=0.29..3.30 rows=1 width=8)
                                               Index Cond: (s_suppkey = partsupp_1.ps_suppkey)
                                   ->  Index Scan using nation_pkey on nation nation_1  (cost=0.14..0.16 rows=1 width=8)
                                         Index Cond: (n_nationkey = supplier_1.s_nationkey)
(35 rows)

query 2 run 3
SET
SET
SET
                                                                 QUERY PLAN                                                                  
---------------------------------------------------------------------------------------------------------------------------------------------
 Limit  (cost=45153.70..45153.71 rows=1 width=192)
   ->  Sort  (cost=45153.70..45153.71 rows=1 width=192)
         Sort Key: supplier.s_acctbal DESC, nation.n_name, supplier.s_name, part.p_partkey
         ->  Merge Join  (cost=25133.84..45153.69 rows=1 width=192)
               Merge Cond: (part.p_partkey = partsupp.ps_partkey)
               Join Filter: (partsupp.ps_supplycost = (SubPlan 1))
               ->  Index Scan using part_pkey on part  (cost=0.42..8926.42 rows=706 width=30)
                     Filter: (((p_type)::text ~~ '%NICKEL'::text) AND (p_size = 16))
               ->  Sort  (cost=25133.42..25533.42 rows=160000 width=172)
                     Sort Key: partsupp.ps_partkey
                     ->  Nested Loop  (cost=0.71..11303.25 rows=160000 width=172)
                           ->  Nested Loop  (cost=0.29..134.30 rows=2000 width=166)
                                 ->  Nested Loop  (cost=0.00..2.62 rows=5 width=30)
                                       Join Filter: (nation.n_regionkey = region.r_regionkey)
                                       ->  Seq Scan on region  (cost=0.00..1.06 rows=1 width=4)
                                             Filter: (r_name = 'AMERICA'::bpchar)
                                       ->  Seq Scan on nation  (cost=0.00..1.25 rows=25 width=34)
                                 ->  Index Scan using idx_supplier_nation_key on supplier  (cost=0.29..22.34 rows=400 width=144)
                                       Index Cond: (s_nationkey = nation.n_nationkey)
                           ->  Index Scan using idx_partsupp_suppkey on partsupp  (cost=0.42..4.78 rows=80 width=14)
                                 Index Cond: (ps_suppkey = supplier.s_suppkey)
               SubPlan 1
                 ->  Aggregate  (cost=18.52..18.53 rows=1 width=32)
                       ->  Nested Loop  (cost=0.85..18.52 rows=1 width=6)
                             Join Filter: (nation_1.n_regionkey = region_1.r_regionkey)
                             ->  Seq Scan on region region_1  (cost=0.00..1.06 rows=1 width=4)
                                   Filter: (r_name = 'AMERICA'::bpchar)
                             ->  Nested Loop  (cost=0.85..17.41 rows=4 width=10)
                                   ->  Nested Loop  (cost=0.71..16.74 rows=4 width=10)
                                         ->  Index Scan using idx_partsupp_partkey on partsupp partsupp_1  (cost=0.42..3.50 rows=4 width=10)
                                               Index Cond: (part.p_partkey = ps_partkey)
                                         ->  Index Scan using supplier_pkey on supplier supplier_1  (cost=0.29..3.30 rows=1 width=8)
                                               Index Cond: (s_suppkey = partsupp_1.ps_suppkey)
                                   ->  Index Scan using nation_pkey on nation nation_1  (cost=0.14..0.16 rows=1 width=8)
                                         Index Cond: (n_nationkey = supplier_1.s_nationkey)
(35 rows)

query 3 run 1
SET
SET
SET
                                                     QUERY PLAN                                                      
---------------------------------------------------------------------------------------------------------------------
 Limit  (cost=214680.39..214680.41 rows=10 width=44)
   ->  Sort  (cost=214680.39..215460.73 rows=312136 width=44)
         Sort Key: (sum((lineitem.l_extendedprice * ('1'::numeric - lineitem.l_discount)))) DESC, orders.o_orderdate
         ->  GroupAggregate  (cost=198571.16..207935.24 rows=312136 width=44)
               Group Key: lineitem.l_orderkey, orders.o_orderdate, orders.o_shippriority
               ->  Sort  (cost=198571.16..199351.50 rows=312136 width=24)
                     Sort Key: lineitem.l_orderkey, orders.o_orderdate, orders.o_shippriority
                     ->  Nested Loop  (cost=5846.43..170085.92 rows=312136 width=24)
                           ->  Hash Join  (cost=5846.00..54870.62 rows=143875 width=12)
                                 Hash Cond: (orders.o_custkey = customer.c_custkey)
                                 ->  Seq Scan on orders  (cost=0.00..44881.00 rows=721299 width=16)
                                       Filter: (o_orderdate < '1995-03-07'::date)
                                 ->  Hash  (cost=5472.00..5472.00 rows=29920 width=4)
                                       ->  Seq Scan on customer  (cost=0.00..5472.00 rows=29920 width=4)
                                             Filter: (c_mktsegment = 'BUILDING'::bpchar)
                           ->  Index Scan using idx_lineitem_orderkey on lineitem  (cost=0.43..0.78 rows=2 width=16)
                                 Index Cond: (l_orderkey = orders.o_orderkey)
                                 Filter: (l_shipdate > '1995-03-07'::date)
(18 rows)

query 3 run 2
SET
SET
SET
                                                     QUERY PLAN                                                      
---------------------------------------------------------------------------------------------------------------------
 Limit  (cost=214680.39..214680.41 rows=10 width=44)
   ->  Sort  (cost=214680.39..215460.73 rows=312136 width=44)
         Sort Key: (sum((lineitem.l_extendedprice * ('1'::numeric - lineitem.l_discount)))) DESC, orders.o_orderdate
         ->  GroupAggregate  (cost=198571.16..207935.24 rows=312136 width=44)
               Group Key: lineitem.l_orderkey, orders.o_orderdate, orders.o_shippriority
               ->  Sort  (cost=198571.16..199351.50 rows=312136 width=24)
                     Sort Key: lineitem.l_orderkey, orders.o_orderdate, orders.o_shippriority
                     ->  Nested Loop  (cost=5846.43..170085.92 rows=312136 width=24)
                           ->  Hash Join  (cost=5846.00..54870.62 rows=143875 width=12)
                                 Hash Cond: (orders.o_custkey = customer.c_custkey)
                                 ->  Seq Scan on orders  (cost=0.00..44881.00 rows=721299 width=16)
                                       Filter: (o_orderdate < '1995-03-07'::date)
                                 ->  Hash  (cost=5472.00..5472.00 rows=29920 width=4)
                                       ->  Seq Scan on customer  (cost=0.00..5472.00 rows=29920 width=4)
                                             Filter: (c_mktsegment = 'BUILDING'::bpchar)
                           ->  Index Scan using idx_lineitem_orderkey on lineitem  (cost=0.43..0.78 rows=2 width=16)
                                 Index Cond: (l_orderkey = orders.o_orderkey)
                                 Filter: (l_shipdate > '1995-03-07'::date)
(18 rows)

query 3 run 3
SET
SET
SET
                                                     QUERY PLAN                                                      
---------------------------------------------------------------------------------------------------------------------
 Limit  (cost=214680.39..214680.41 rows=10 width=44)
   ->  Sort  (cost=214680.39..215460.73 rows=312136 width=44)
         Sort Key: (sum((lineitem.l_extendedprice * ('1'::numeric - lineitem.l_discount)))) DESC, orders.o_orderdate
         ->  GroupAggregate  (cost=198571.16..207935.24 rows=312136 width=44)
               Group Key: lineitem.l_orderkey, orders.o_orderdate, orders.o_shippriority
               ->  Sort  (cost=198571.16..199351.50 rows=312136 width=24)
                     Sort Key: lineitem.l_orderkey, orders.o_orderdate, orders.o_shippriority
                     ->  Nested Loop  (cost=5846.43..170085.92 rows=312136 width=24)
                           ->  Hash Join  (cost=5846.00..54870.62 rows=143875 width=12)
                                 Hash Cond: (orders.o_custkey = customer.c_custkey)
                                 ->  Seq Scan on orders  (cost=0.00..44881.00 rows=721299 width=16)
                                       Filter: (o_orderdate < '1995-03-07'::date)
                                 ->  Hash  (cost=5472.00..5472.00 rows=29920 width=4)
                                       ->  Seq Scan on customer  (cost=0.00..5472.00 rows=29920 width=4)
                                             Filter: (c_mktsegment = 'BUILDING'::bpchar)
                           ->  Index Scan using idx_lineitem_orderkey on lineitem  (cost=0.43..0.78 rows=2 width=16)
                                 Index Cond: (l_orderkey = orders.o_orderkey)
                                 Filter: (l_shipdate > '1995-03-07'::date)
(18 rows)

query 4 run 1
SET
SET
SET
                                                        QUERY PLAN                                                        
--------------------------------------------------------------------------------------------------------------------------
 Limit  (cost=137634.38..137634.38 rows=1 width=24)
   ->  Sort  (cost=137634.38..137634.39 rows=5 width=24)
         Sort Key: orders.o_orderpriority
         ->  HashAggregate  (cost=137634.30..137634.35 rows=5 width=24)
               Group Key: orders.o_orderpriority
               ->  Nested Loop Semi Join  (cost=830.05..137346.16 rows=57628 width=16)
                     ->  Bitmap Heap Scan on orders  (cost=829.61..27825.03 rows=57628 width=20)
                           Recheck Cond: ((o_orderdate >= '1993-12-01'::date) AND (o_orderdate < '1994-03-01'::date))
                           ->  Bitmap Index Scan on idx_orders_orderdate  (cost=0.00..815.21 rows=57628 width=0)
                                 Index Cond: ((o_orderdate >= '1993-12-01'::date) AND (o_orderdate < '1994-03-01'::date))
                     ->  Index Scan using idx_lineitem_orderkey on lineitem  (cost=0.43..2.14 rows=1 width=4)
                           Index Cond: (l_orderkey = orders.o_orderkey)
                           Filter: (l_commitdate < l_receiptdate)
(13 rows)

query 4 run 2
SET
SET
SET
                                                        QUERY PLAN                                                        
--------------------------------------------------------------------------------------------------------------------------
 Limit  (cost=137634.38..137634.38 rows=1 width=24)
   ->  Sort  (cost=137634.38..137634.39 rows=5 width=24)
         Sort Key: orders.o_orderpriority
         ->  HashAggregate  (cost=137634.30..137634.35 rows=5 width=24)
               Group Key: orders.o_orderpriority
               ->  Nested Loop Semi Join  (cost=830.05..137346.16 rows=57628 width=16)
                     ->  Bitmap Heap Scan on orders  (cost=829.61..27825.03 rows=57628 width=20)
                           Recheck Cond: ((o_orderdate >= '1993-12-01'::date) AND (o_orderdate < '1994-03-01'::date))
                           ->  Bitmap Index Scan on idx_orders_orderdate  (cost=0.00..815.21 rows=57628 width=0)
                                 Index Cond: ((o_orderdate >= '1993-12-01'::date) AND (o_orderdate < '1994-03-01'::date))
                     ->  Index Scan using idx_lineitem_orderkey on lineitem  (cost=0.43..2.14 rows=1 width=4)
                           Index Cond: (l_orderkey = orders.o_orderkey)
                           Filter: (l_commitdate < l_receiptdate)
(13 rows)

query 4 run 3
SET
SET
SET
                                                        QUERY PLAN                                                        
--------------------------------------------------------------------------------------------------------------------------
 Limit  (cost=137634.38..137634.38 rows=1 width=24)
   ->  Sort  (cost=137634.38..137634.39 rows=5 width=24)
         Sort Key: orders.o_orderpriority
         ->  HashAggregate  (cost=137634.30..137634.35 rows=5 width=24)
               Group Key: orders.o_orderpriority
               ->  Nested Loop Semi Join  (cost=830.05..137346.16 rows=57628 width=16)
                     ->  Bitmap Heap Scan on orders  (cost=829.61..27825.03 rows=57628 width=20)
                           Recheck Cond: ((o_orderdate >= '1993-12-01'::date) AND (o_orderdate < '1994-03-01'::date))
                           ->  Bitmap Index Scan on idx_orders_orderdate  (cost=0.00..815.21 rows=57628 width=0)
                                 Index Cond: ((o_orderdate >= '1993-12-01'::date) AND (o_orderdate < '1994-03-01'::date))
                     ->  Index Scan using idx_lineitem_orderkey on lineitem  (cost=0.43..2.14 rows=1 width=4)
                           Index Cond: (l_orderkey = orders.o_orderkey)
                           Filter: (l_commitdate < l_receiptdate)
(13 rows)

query 5 run 1
SET
SET
SET
                                                                 QUERY PLAN                                                                 
--------------------------------------------------------------------------------------------------------------------------------------------
 Limit  (cost=101509.17..101509.17 rows=1 width=58)
   ->  Sort  (cost=101509.17..101509.23 rows=25 width=58)
         Sort Key: (sum((lineitem.l_extendedprice * ('1'::numeric - lineitem.l_discount)))) DESC
         ->  GroupAggregate  (cost=101419.37..101509.04 rows=25 width=58)
               Group Key: nation.n_name
               ->  Sort  (cost=101419.37..101437.24 rows=7149 width=38)
                     Sort Key: nation.n_name
                     ->  Hash Join  (cost=474.28..100961.71 rows=7149 width=38)
                           Hash Cond: ((lineitem.l_suppkey = supplier.s_suppkey) AND (customer.c_nationkey = supplier.s_nationkey))
                           ->  Nested Loop  (cost=1.28..99076.98 rows=178698 width=50)
                                 ->  Nested Loop  (cost=0.85..36266.75 rows=44675 width=38)
                                       ->  Nested Loop  (cost=0.42..1992.65 rows=30000 width=38)
                                             ->  Nested Loop  (cost=0.00..2.62 rows=5 width=30)
                                                   Join Filter: (nation.n_regionkey = region.r_regionkey)
                                                   ->  Seq Scan on region  (cost=0.00..1.06 rows=1 width=4)
                                                         Filter: (r_name = 'AMERICA'::bpchar)
                                                   ->  Seq Scan on nation  (cost=0.00..1.25 rows=25 width=34)
                                             ->  Index Scan using idx_customer_nationkey on customer  (cost=0.42..338.00 rows=6000 width=8)
                                                   Index Cond: (c_nationkey = nation.n_nationkey)
                                       ->  Index Scan using idx_orders_custkey on orders  (cost=0.43..1.11 rows=3 width=8)
                                             Index Cond: (o_custkey = customer.c_custkey)
                                             Filter: ((o_orderdate >= '1993-01-01'::date) AND (o_orderdate < '1994-01-01'::date))
                                 ->  Index Scan using idx_lineitem_orderkey on lineitem  (cost=0.43..1.37 rows=4 width=20)
                                       Index Cond: (l_orderkey = orders.o_orderkey)
                           ->  Hash  (cost=323.00..323.00 rows=10000 width=8)
                                 ->  Seq Scan on supplier  (cost=0.00..323.00 rows=10000 width=8)
(26 rows)

query 5 run 2
SET
SET
SET
                                                                 QUERY PLAN                                                                 
--------------------------------------------------------------------------------------------------------------------------------------------
 Limit  (cost=101509.17..101509.17 rows=1 width=58)
   ->  Sort  (cost=101509.17..101509.23 rows=25 width=58)
         Sort Key: (sum((lineitem.l_extendedprice * ('1'::numeric - lineitem.l_discount)))) DESC
         ->  GroupAggregate  (cost=101419.37..101509.04 rows=25 width=58)
               Group Key: nation.n_name
               ->  Sort  (cost=101419.37..101437.24 rows=7149 width=38)
                     Sort Key: nation.n_name
                     ->  Hash Join  (cost=474.28..100961.71 rows=7149 width=38)
                           Hash Cond: ((lineitem.l_suppkey = supplier.s_suppkey) AND (customer.c_nationkey = supplier.s_nationkey))
                           ->  Nested Loop  (cost=1.28..99076.98 rows=178698 width=50)
                                 ->  Nested Loop  (cost=0.85..36266.75 rows=44675 width=38)
                                       ->  Nested Loop  (cost=0.42..1992.65 rows=30000 width=38)
                                             ->  Nested Loop  (cost=0.00..2.62 rows=5 width=30)
                                                   Join Filter: (nation.n_regionkey = region.r_regionkey)
                                                   ->  Seq Scan on region  (cost=0.00..1.06 rows=1 width=4)
                                                         Filter: (r_name = 'AMERICA'::bpchar)
                                                   ->  Seq Scan on nation  (cost=0.00..1.25 rows=25 width=34)
                                             ->  Index Scan using idx_customer_nationkey on customer  (cost=0.42..338.00 rows=6000 width=8)
                                                   Index Cond: (c_nationkey = nation.n_nationkey)
                                       ->  Index Scan using idx_orders_custkey on orders  (cost=0.43..1.11 rows=3 width=8)
                                             Index Cond: (o_custkey = customer.c_custkey)
                                             Filter: ((o_orderdate >= '1993-01-01'::date) AND (o_orderdate < '1994-01-01'::date))
                                 ->  Index Scan using idx_lineitem_orderkey on lineitem  (cost=0.43..1.37 rows=4 width=20)
                                       Index Cond: (l_orderkey = orders.o_orderkey)
                           ->  Hash  (cost=323.00..323.00 rows=10000 width=8)
                                 ->  Seq Scan on supplier  (cost=0.00..323.00 rows=10000 width=8)
(26 rows)

query 5 run 3
SET
SET
SET
                                                                 QUERY PLAN                                                                 
--------------------------------------------------------------------------------------------------------------------------------------------
 Limit  (cost=101509.17..101509.17 rows=1 width=58)
   ->  Sort  (cost=101509.17..101509.23 rows=25 width=58)
         Sort Key: (sum((lineitem.l_extendedprice * ('1'::numeric - lineitem.l_discount)))) DESC
         ->  GroupAggregate  (cost=101419.37..101509.04 rows=25 width=58)
               Group Key: nation.n_name
               ->  Sort  (cost=101419.37..101437.24 rows=7149 width=38)
                     Sort Key: nation.n_name
                     ->  Hash Join  (cost=474.28..100961.71 rows=7149 width=38)
                           Hash Cond: ((lineitem.l_suppkey = supplier.s_suppkey) AND (customer.c_nationkey = supplier.s_nationkey))
                           ->  Nested Loop  (cost=1.28..99076.98 rows=178698 width=50)
                                 ->  Nested Loop  (cost=0.85..36266.75 rows=44675 width=38)
                                       ->  Nested Loop  (cost=0.42..1992.65 rows=30000 width=38)
                                             ->  Nested Loop  (cost=0.00..2.62 rows=5 width=30)
                                                   Join Filter: (nation.n_regionkey = region.r_regionkey)
                                                   ->  Seq Scan on region  (cost=0.00..1.06 rows=1 width=4)
                                                         Filter: (r_name = 'AMERICA'::bpchar)
                                                   ->  Seq Scan on nation  (cost=0.00..1.25 rows=25 width=34)
                                             ->  Index Scan using idx_customer_nationkey on customer  (cost=0.42..338.00 rows=6000 width=8)
                                                   Index Cond: (c_nationkey = nation.n_nationkey)
                                       ->  Index Scan using idx_orders_custkey on orders  (cost=0.43..1.11 rows=3 width=8)
                                             Index Cond: (o_custkey = customer.c_custkey)
                                             Filter: ((o_orderdate >= '1993-01-01'::date) AND (o_orderdate < '1994-01-01'::date))
                                 ->  Index Scan using idx_lineitem_orderkey on lineitem  (cost=0.43..1.37 rows=4 width=20)
                                       Index Cond: (l_orderkey = orders.o_orderkey)
                           ->  Hash  (cost=323.00..323.00 rows=10000 width=8)
                                 ->  Seq Scan on supplier  (cost=0.00..323.00 rows=10000 width=8)
(26 rows)

query 6 run 1
SET
SET
SET
                                                                                                          QUERY PLAN                                                                                                           
-------------------------------------------------------------------------------------------------------------------------------------------------------------------------------------------------------------------------------
 Limit  (cost=108329.69..108329.70 rows=1 width=32)
   ->  Aggregate  (cost=108329.69..108329.70 rows=1 width=32)
         ->  Bitmap Heap Scan on lineitem  (cost=21033.12..107739.37 rows=118064 width=12)
               Recheck Cond: ((l_shipdate >= '1993-01-01'::date) AND (l_shipdate < '1994-01-01 00:00:00'::timestamp without time zone) AND (l_discount >= 0.06) AND (l_discount <= 0.08) AND (l_quantity < '25'::numeric))
               ->  Bitmap Index Scan on idx_lineitem_shipdate  (cost=0.00..21003.60 rows=118064 width=0)
                     Index Cond: ((l_shipdate >= '1993-01-01'::date) AND (l_shipdate < '1994-01-01 00:00:00'::timestamp without time zone) AND (l_discount >= 0.06) AND (l_discount <= 0.08) AND (l_quantity < '25'::numeric))
(6 rows)

query 6 run 2
SET
SET
SET
                                                                                                          QUERY PLAN                                                                                                           
-------------------------------------------------------------------------------------------------------------------------------------------------------------------------------------------------------------------------------
 Limit  (cost=108329.69..108329.70 rows=1 width=32)
   ->  Aggregate  (cost=108329.69..108329.70 rows=1 width=32)
         ->  Bitmap Heap Scan on lineitem  (cost=21033.12..107739.37 rows=118064 width=12)
               Recheck Cond: ((l_shipdate >= '1993-01-01'::date) AND (l_shipdate < '1994-01-01 00:00:00'::timestamp without time zone) AND (l_discount >= 0.06) AND (l_discount <= 0.08) AND (l_quantity < '25'::numeric))
               ->  Bitmap Index Scan on idx_lineitem_shipdate  (cost=0.00..21003.60 rows=118064 width=0)
                     Index Cond: ((l_shipdate >= '1993-01-01'::date) AND (l_shipdate < '1994-01-01 00:00:00'::timestamp without time zone) AND (l_discount >= 0.06) AND (l_discount <= 0.08) AND (l_quantity < '25'::numeric))
(6 rows)

query 6 run 3
SET
SET
SET
                                                                                                          QUERY PLAN                                                                                                           
-------------------------------------------------------------------------------------------------------------------------------------------------------------------------------------------------------------------------------
 Limit  (cost=108329.69..108329.70 rows=1 width=32)
   ->  Aggregate  (cost=108329.69..108329.70 rows=1 width=32)
         ->  Bitmap Heap Scan on lineitem  (cost=21033.12..107739.37 rows=118064 width=12)
               Recheck Cond: ((l_shipdate >= '1993-01-01'::date) AND (l_shipdate < '1994-01-01 00:00:00'::timestamp without time zone) AND (l_discount >= 0.06) AND (l_discount <= 0.08) AND (l_quantity < '25'::numeric))
               ->  Bitmap Index Scan on idx_lineitem_shipdate  (cost=0.00..21003.60 rows=118064 width=0)
                     Index Cond: ((l_shipdate >= '1993-01-01'::date) AND (l_shipdate < '1994-01-01 00:00:00'::timestamp without time zone) AND (l_discount >= 0.06) AND (l_discount <= 0.08) AND (l_quantity < '25'::numeric))
(6 rows)

query 7 run 1
SET
SET
SET
                                                                                 QUERY PLAN                                                                                  
-----------------------------------------------------------------------------------------------------------------------------------------------------------------------------
 Limit  (cost=99792.45..99792.48 rows=1 width=92)
   ->  GroupAggregate  (cost=99792.45..100006.68 rows=6121 width=92)
         Group Key: n1.n_name, n2.n_name, (date_part('year'::text, (lineitem.l_shipdate)::timestamp without time zone))
         ->  Sort  (cost=99792.45..99807.75 rows=6121 width=72)
               Sort Key: n1.n_name, n2.n_name, (date_part('year'::text, (lineitem.l_shipdate)::timestamp without time zone))
               ->  Hash Join  (cost=371.30..99407.45 rows=6121 width=72)
                     Hash Cond: (lineitem.l_suppkey = supplier.s_suppkey)
                     Join Filter: (((n1.n_name = 'PERU'::bpchar) AND (n2.n_name = 'MOROCCO'::bpchar)) OR ((n1.n_name = 'MOROCCO'::bpchar) AND (n2.n_name = 'PERU'::bpchar)))
                     ->  Nested Loop  (cost=72.53..98291.13 rows=147093 width=46)
                           ->  Nested Loop  (cost=72.10..18909.09 rows=120000 width=30)
                                 ->  Nested Loop  (cost=71.67..4539.45 rows=12000 width=30)
                                       ->  Seq Scan on nation n2  (cost=0.00..1.38 rows=2 width=30)
                                             Filter: ((n_name = 'MOROCCO'::bpchar) OR (n_name = 'PERU'::bpchar))
                                       ->  Bitmap Heap Scan on customer  (cost=71.67..2209.04 rows=6000 width=8)
                                             Recheck Cond: (c_nationkey = n2.n_nationkey)
                                             ->  Bitmap Index Scan on idx_customer_nationkey  (cost=0.00..70.17 rows=6000 width=0)
                                                   Index Cond: (c_nationkey = n2.n_nationkey)
                                 ->  Index Scan using idx_orders_custkey on orders  (cost=0.43..1.03 rows=17 width=8)
                                       Index Cond: (o_custkey = customer.c_custkey)
                           ->  Index Scan using idx_lineitem_orderkey on lineitem  (cost=0.43..0.65 rows=1 width=24)
                                 Index Cond: (l_orderkey = orders.o_orderkey)
                                 Filter: ((l_shipdate >= '1995-01-01'::date) AND (l_shipdate <= '1996-12-31'::date))
                     ->  Hash  (cost=288.77..288.77 rows=800 width=30)
                           ->  Nested Loop  (cost=6.38..288.77 rows=800 width=30)
                                 ->  Seq Scan on nation n1  (cost=0.00..1.38 rows=2 width=30)
                                       Filter: ((n_name = 'PERU'::bpchar) OR (n_name = 'MOROCCO'::bpchar))
                                 ->  Bitmap Heap Scan on supplier  (cost=6.38..139.70 rows=400 width=8)
                                       Recheck Cond: (s_nationkey = n1.n_nationkey)
                                       ->  Bitmap Index Scan on idx_supplier_nation_key  (cost=0.00..6.29 rows=400 width=0)
                                             Index Cond: (s_nationkey = n1.n_nationkey)
(30 rows)

query 7 run 2
SET
SET
SET
                                                                                 QUERY PLAN                                                                                  
-----------------------------------------------------------------------------------------------------------------------------------------------------------------------------
 Limit  (cost=99792.45..99792.48 rows=1 width=92)
   ->  GroupAggregate  (cost=99792.45..100006.68 rows=6121 width=92)
         Group Key: n1.n_name, n2.n_name, (date_part('year'::text, (lineitem.l_shipdate)::timestamp without time zone))
         ->  Sort  (cost=99792.45..99807.75 rows=6121 width=72)
               Sort Key: n1.n_name, n2.n_name, (date_part('year'::text, (lineitem.l_shipdate)::timestamp without time zone))
               ->  Hash Join  (cost=371.30..99407.45 rows=6121 width=72)
                     Hash Cond: (lineitem.l_suppkey = supplier.s_suppkey)
                     Join Filter: (((n1.n_name = 'PERU'::bpchar) AND (n2.n_name = 'MOROCCO'::bpchar)) OR ((n1.n_name = 'MOROCCO'::bpchar) AND (n2.n_name = 'PERU'::bpchar)))
                     ->  Nested Loop  (cost=72.53..98291.13 rows=147093 width=46)
                           ->  Nested Loop  (cost=72.10..18909.09 rows=120000 width=30)
                                 ->  Nested Loop  (cost=71.67..4539.45 rows=12000 width=30)
                                       ->  Seq Scan on nation n2  (cost=0.00..1.38 rows=2 width=30)
                                             Filter: ((n_name = 'MOROCCO'::bpchar) OR (n_name = 'PERU'::bpchar))
                                       ->  Bitmap Heap Scan on customer  (cost=71.67..2209.04 rows=6000 width=8)
                                             Recheck Cond: (c_nationkey = n2.n_nationkey)
                                             ->  Bitmap Index Scan on idx_customer_nationkey  (cost=0.00..70.17 rows=6000 width=0)
                                                   Index Cond: (c_nationkey = n2.n_nationkey)
                                 ->  Index Scan using idx_orders_custkey on orders  (cost=0.43..1.03 rows=17 width=8)
                                       Index Cond: (o_custkey = customer.c_custkey)
                           ->  Index Scan using idx_lineitem_orderkey on lineitem  (cost=0.43..0.65 rows=1 width=24)
                                 Index Cond: (l_orderkey = orders.o_orderkey)
                                 Filter: ((l_shipdate >= '1995-01-01'::date) AND (l_shipdate <= '1996-12-31'::date))
                     ->  Hash  (cost=288.77..288.77 rows=800 width=30)
                           ->  Nested Loop  (cost=6.38..288.77 rows=800 width=30)
                                 ->  Seq Scan on nation n1  (cost=0.00..1.38 rows=2 width=30)
                                       Filter: ((n_name = 'PERU'::bpchar) OR (n_name = 'MOROCCO'::bpchar))
                                 ->  Bitmap Heap Scan on supplier  (cost=6.38..139.70 rows=400 width=8)
                                       Recheck Cond: (s_nationkey = n1.n_nationkey)
                                       ->  Bitmap Index Scan on idx_supplier_nation_key  (cost=0.00..6.29 rows=400 width=0)
                                             Index Cond: (s_nationkey = n1.n_nationkey)
(30 rows)

query 7 run 3
SET
SET
SET
                                                                                 QUERY PLAN                                                                                  
-----------------------------------------------------------------------------------------------------------------------------------------------------------------------------
 Limit  (cost=99792.45..99792.48 rows=1 width=92)
   ->  GroupAggregate  (cost=99792.45..100006.68 rows=6121 width=92)
         Group Key: n1.n_name, n2.n_name, (date_part('year'::text, (lineitem.l_shipdate)::timestamp without time zone))
         ->  Sort  (cost=99792.45..99807.75 rows=6121 width=72)
               Sort Key: n1.n_name, n2.n_name, (date_part('year'::text, (lineitem.l_shipdate)::timestamp without time zone))
               ->  Hash Join  (cost=371.30..99407.45 rows=6121 width=72)
                     Hash Cond: (lineitem.l_suppkey = supplier.s_suppkey)
                     Join Filter: (((n1.n_name = 'PERU'::bpchar) AND (n2.n_name = 'MOROCCO'::bpchar)) OR ((n1.n_name = 'MOROCCO'::bpchar) AND (n2.n_name = 'PERU'::bpchar)))
                     ->  Nested Loop  (cost=72.53..98291.13 rows=147093 width=46)
                           ->  Nested Loop  (cost=72.10..18909.09 rows=120000 width=30)
                                 ->  Nested Loop  (cost=71.67..4539.45 rows=12000 width=30)
                                       ->  Seq Scan on nation n2  (cost=0.00..1.38 rows=2 width=30)
                                             Filter: ((n_name = 'MOROCCO'::bpchar) OR (n_name = 'PERU'::bpchar))
                                       ->  Bitmap Heap Scan on customer  (cost=71.67..2209.04 rows=6000 width=8)
                                             Recheck Cond: (c_nationkey = n2.n_nationkey)
                                             ->  Bitmap Index Scan on idx_customer_nationkey  (cost=0.00..70.17 rows=6000 width=0)
                                                   Index Cond: (c_nationkey = n2.n_nationkey)
                                 ->  Index Scan using idx_orders_custkey on orders  (cost=0.43..1.03 rows=17 width=8)
                                       Index Cond: (o_custkey = customer.c_custkey)
                           ->  Index Scan using idx_lineitem_orderkey on lineitem  (cost=0.43..0.65 rows=1 width=24)
                                 Index Cond: (l_orderkey = orders.o_orderkey)
                                 Filter: ((l_shipdate >= '1995-01-01'::date) AND (l_shipdate <= '1996-12-31'::date))
                     ->  Hash  (cost=288.77..288.77 rows=800 width=30)
                           ->  Nested Loop  (cost=6.38..288.77 rows=800 width=30)
                                 ->  Seq Scan on nation n1  (cost=0.00..1.38 rows=2 width=30)
                                       Filter: ((n_name = 'PERU'::bpchar) OR (n_name = 'MOROCCO'::bpchar))
                                 ->  Bitmap Heap Scan on supplier  (cost=6.38..139.70 rows=400 width=8)
                                       Recheck Cond: (s_nationkey = n1.n_nationkey)
                                       ->  Bitmap Index Scan on idx_supplier_nation_key  (cost=0.00..6.29 rows=400 width=0)
                                             Index Cond: (s_nationkey = n1.n_nationkey)
(30 rows)

query 8 run 1
SET
SET
SET
                                                                 QUERY PLAN                                                                 
--------------------------------------------------------------------------------------------------------------------------------------------
 Limit  (cost=85061.66..85061.71 rows=1 width=40)
   ->  GroupAggregate  (cost=85061.66..85170.67 rows=2406 width=40)
         Group Key: (date_part('year'::text, (orders.o_orderdate)::timestamp without time zone))
         ->  Sort  (cost=85061.66..85067.76 rows=2439 width=46)
               Sort Key: (date_part('year'::text, (orders.o_orderdate)::timestamp without time zone))
               ->  Nested Loop  (cost=2368.93..84924.44 rows=2439 width=46)
                     ->  Nested Loop  (cost=2368.79..84508.72 rows=2439 width=20)
                           ->  Hash Join  (cost=2368.51..83746.37 rows=2439 width=20)
                                 Hash Cond: (orders.o_custkey = customer.c_custkey)
                                 ->  Nested Loop  (cost=0.86..81308.61 rows=12193 width=24)
                                       ->  Nested Loop  (cost=0.43..62606.22 rows=40000 width=20)
                                             ->  Seq Scan on part  (cost=0.00..6599.00 rows=1333 width=4)
                                                   Filter: ((p_type)::text = 'LARGE POLISHED BRASS'::text)
                                             ->  Index Scan using idx_lineitem_part_supp on lineitem  (cost=0.43..41.71 rows=31 width=24)
                                                   Index Cond: (l_partkey = part.p_partkey)
                                       ->  Index Scan using orders_pkey on orders  (cost=0.43..0.46 rows=1 width=12)
                                             Index Cond: (o_orderkey = lineitem.l_orderkey)
                                             Filter: ((o_orderdate >= '1995-01-01'::date) AND (o_orderdate <= '1996-12-31'::date))
                                 ->  Hash  (cost=1992.65..1992.65 rows=30000 width=4)
                                       ->  Nested Loop  (cost=0.42..1992.65 rows=30000 width=4)
                                             ->  Nested Loop  (cost=0.00..2.62 rows=5 width=4)
                                                   Join Filter: (n1.n_regionkey = region.r_regionkey)
                                                   ->  Seq Scan on region  (cost=0.00..1.06 rows=1 width=4)
                                                         Filter: (r_name = 'AMERICA'::bpchar)
                                                   ->  Seq Scan on nation n1  (cost=0.00..1.25 rows=25 width=8)
                                             ->  Index Scan using idx_customer_nationkey on customer  (cost=0.42..338.00 rows=6000 width=8)
                                                   Index Cond: (c_nationkey = n1.n_nationkey)
                           ->  Index Scan using supplier_pkey on supplier  (cost=0.29..0.30 rows=1 width=8)
                                 Index Cond: (s_suppkey = lineitem.l_suppkey)
                     ->  Index Scan using nation_pkey on nation n2  (cost=0.14..0.16 rows=1 width=30)
                           Index Cond: (n_nationkey = supplier.s_nationkey)
(31 rows)

query 8 run 2
SET
SET
SET
                                                                 QUERY PLAN                                                                 
--------------------------------------------------------------------------------------------------------------------------------------------
 Limit  (cost=85061.66..85061.71 rows=1 width=40)
   ->  GroupAggregate  (cost=85061.66..85170.67 rows=2406 width=40)
         Group Key: (date_part('year'::text, (orders.o_orderdate)::timestamp without time zone))
         ->  Sort  (cost=85061.66..85067.76 rows=2439 width=46)
               Sort Key: (date_part('year'::text, (orders.o_orderdate)::timestamp without time zone))
               ->  Nested Loop  (cost=2368.93..84924.44 rows=2439 width=46)
                     ->  Nested Loop  (cost=2368.79..84508.72 rows=2439 width=20)
                           ->  Hash Join  (cost=2368.51..83746.37 rows=2439 width=20)
                                 Hash Cond: (orders.o_custkey = customer.c_custkey)
                                 ->  Nested Loop  (cost=0.86..81308.61 rows=12193 width=24)
                                       ->  Nested Loop  (cost=0.43..62606.22 rows=40000 width=20)
                                             ->  Seq Scan on part  (cost=0.00..6599.00 rows=1333 width=4)
                                                   Filter: ((p_type)::text = 'LARGE POLISHED BRASS'::text)
                                             ->  Index Scan using idx_lineitem_part_supp on lineitem  (cost=0.43..41.71 rows=31 width=24)
                                                   Index Cond: (l_partkey = part.p_partkey)
                                       ->  Index Scan using orders_pkey on orders  (cost=0.43..0.46 rows=1 width=12)
                                             Index Cond: (o_orderkey = lineitem.l_orderkey)
                                             Filter: ((o_orderdate >= '1995-01-01'::date) AND (o_orderdate <= '1996-12-31'::date))
                                 ->  Hash  (cost=1992.65..1992.65 rows=30000 width=4)
                                       ->  Nested Loop  (cost=0.42..1992.65 rows=30000 width=4)
                                             ->  Nested Loop  (cost=0.00..2.62 rows=5 width=4)
                                                   Join Filter: (n1.n_regionkey = region.r_regionkey)
                                                   ->  Seq Scan on region  (cost=0.00..1.06 rows=1 width=4)
                                                         Filter: (r_name = 'AMERICA'::bpchar)
                                                   ->  Seq Scan on nation n1  (cost=0.00..1.25 rows=25 width=8)
                                             ->  Index Scan using idx_customer_nationkey on customer  (cost=0.42..338.00 rows=6000 width=8)
                                                   Index Cond: (c_nationkey = n1.n_nationkey)
                           ->  Index Scan using supplier_pkey on supplier  (cost=0.29..0.30 rows=1 width=8)
                                 Index Cond: (s_suppkey = lineitem.l_suppkey)
                     ->  Index Scan using nation_pkey on nation n2  (cost=0.14..0.16 rows=1 width=30)
                           Index Cond: (n_nationkey = supplier.s_nationkey)
(31 rows)

query 8 run 3
SET
SET
SET
                                                                 QUERY PLAN                                                                 
--------------------------------------------------------------------------------------------------------------------------------------------
 Limit  (cost=85061.66..85061.71 rows=1 width=40)
   ->  GroupAggregate  (cost=85061.66..85170.67 rows=2406 width=40)
         Group Key: (date_part('year'::text, (orders.o_orderdate)::timestamp without time zone))
         ->  Sort  (cost=85061.66..85067.76 rows=2439 width=46)
               Sort Key: (date_part('year'::text, (orders.o_orderdate)::timestamp without time zone))
               ->  Nested Loop  (cost=2368.93..84924.44 rows=2439 width=46)
                     ->  Nested Loop  (cost=2368.79..84508.72 rows=2439 width=20)
                           ->  Hash Join  (cost=2368.51..83746.37 rows=2439 width=20)
                                 Hash Cond: (orders.o_custkey = customer.c_custkey)
                                 ->  Nested Loop  (cost=0.86..81308.61 rows=12193 width=24)
                                       ->  Nested Loop  (cost=0.43..62606.22 rows=40000 width=20)
                                             ->  Seq Scan on part  (cost=0.00..6599.00 rows=1333 width=4)
                                                   Filter: ((p_type)::text = 'LARGE POLISHED BRASS'::text)
                                             ->  Index Scan using idx_lineitem_part_supp on lineitem  (cost=0.43..41.71 rows=31 width=24)
                                                   Index Cond: (l_partkey = part.p_partkey)
                                       ->  Index Scan using orders_pkey on orders  (cost=0.43..0.46 rows=1 width=12)
                                             Index Cond: (o_orderkey = lineitem.l_orderkey)
                                             Filter: ((o_orderdate >= '1995-01-01'::date) AND (o_orderdate <= '1996-12-31'::date))
                                 ->  Hash  (cost=1992.65..1992.65 rows=30000 width=4)
                                       ->  Nested Loop  (cost=0.42..1992.65 rows=30000 width=4)
                                             ->  Nested Loop  (cost=0.00..2.62 rows=5 width=4)
                                                   Join Filter: (n1.n_regionkey = region.r_regionkey)
                                                   ->  Seq Scan on region  (cost=0.00..1.06 rows=1 width=4)
                                                         Filter: (r_name = 'AMERICA'::bpchar)
                                                   ->  Seq Scan on nation n1  (cost=0.00..1.25 rows=25 width=8)
                                             ->  Index Scan using idx_customer_nationkey on customer  (cost=0.42..338.00 rows=6000 width=8)
                                                   Index Cond: (c_nationkey = n1.n_nationkey)
                           ->  Index Scan using supplier_pkey on supplier  (cost=0.29..0.30 rows=1 width=8)
                                 Index Cond: (s_suppkey = lineitem.l_suppkey)
                     ->  Index Scan using nation_pkey on nation n2  (cost=0.14..0.16 rows=1 width=30)
                           Index Cond: (n_nationkey = supplier.s_nationkey)
(31 rows)

query 9 run 1
SET
SET
SET
                                                              QUERY PLAN                                                              
--------------------------------------------------------------------------------------------------------------------------------------
 Limit  (cost=63591.12..63591.15 rows=1 width=66)
   ->  GroupAggregate  (cost=63591.12..63596.48 rows=143 width=66)
         Group Key: nation.n_name, (date_part('year'::text, (orders.o_orderdate)::timestamp without time zone))
         ->  Sort  (cost=63591.12..63591.47 rows=143 width=57)
               Sort Key: nation.n_name, (date_part('year'::text, (orders.o_orderdate)::timestamp without time zone)) DESC
               ->  Nested Loop  (cost=1.57..63586.00 rows=143 width=57)
                     Join Filter: (supplier.s_nationkey = nation.n_nationkey)
                     ->  Nested Loop  (cost=1.57..63530.34 rows=143 width=31)
                           ->  Nested Loop  (cost=1.14..63464.20 rows=143 width=31)
                                 ->  Nested Loop  (cost=0.86..63419.50 rows=143 width=35)
                                       ->  Nested Loop  (cost=0.42..29889.73 rows=47600 width=18)
                                             ->  Seq Scan on part  (cost=0.00..6599.00 rows=12121 width=4)
                                                   Filter: ((p_name)::text ~~ '%navy%'::text)
                                             ->  Index Scan using idx_partsupp_partkey on partsupp  (cost=0.42..1.88 rows=4 width=14)
                                                   Index Cond: (ps_partkey = part.p_partkey)
                                       ->  Index Scan using idx_lineitem_part_supp on lineitem  (cost=0.43..0.69 rows=1 width=29)
                                             Index Cond: ((l_partkey = partsupp.ps_partkey) AND (l_suppkey = partsupp.ps_suppkey))
                                 ->  Index Scan using supplier_pkey on supplier  (cost=0.29..0.30 rows=1 width=8)
                                       Index Cond: (s_suppkey = lineitem.l_suppkey)
                           ->  Index Scan using orders_pkey on orders  (cost=0.43..0.45 rows=1 width=8)
                                 Index Cond: (o_orderkey = lineitem.l_orderkey)
                     ->  Materialize  (cost=0.00..1.38 rows=25 width=30)
                           ->  Seq Scan on nation  (cost=0.00..1.25 rows=25 width=30)
(23 rows)

query 9 run 2
SET
SET
SET
                                                              QUERY PLAN                                                              
--------------------------------------------------------------------------------------------------------------------------------------
 Limit  (cost=63591.12..63591.15 rows=1 width=66)
   ->  GroupAggregate  (cost=63591.12..63596.48 rows=143 width=66)
         Group Key: nation.n_name, (date_part('year'::text, (orders.o_orderdate)::timestamp without time zone))
         ->  Sort  (cost=63591.12..63591.47 rows=143 width=57)
               Sort Key: nation.n_name, (date_part('year'::text, (orders.o_orderdate)::timestamp without time zone)) DESC
               ->  Nested Loop  (cost=1.57..63586.00 rows=143 width=57)
                     Join Filter: (supplier.s_nationkey = nation.n_nationkey)
                     ->  Nested Loop  (cost=1.57..63530.34 rows=143 width=31)
                           ->  Nested Loop  (cost=1.14..63464.20 rows=143 width=31)
                                 ->  Nested Loop  (cost=0.86..63419.50 rows=143 width=35)
                                       ->  Nested Loop  (cost=0.42..29889.73 rows=47600 width=18)
                                             ->  Seq Scan on part  (cost=0.00..6599.00 rows=12121 width=4)
                                                   Filter: ((p_name)::text ~~ '%navy%'::text)
                                             ->  Index Scan using idx_partsupp_partkey on partsupp  (cost=0.42..1.88 rows=4 width=14)
                                                   Index Cond: (ps_partkey = part.p_partkey)
                                       ->  Index Scan using idx_lineitem_part_supp on lineitem  (cost=0.43..0.69 rows=1 width=29)
                                             Index Cond: ((l_partkey = partsupp.ps_partkey) AND (l_suppkey = partsupp.ps_suppkey))
                                 ->  Index Scan using supplier_pkey on supplier  (cost=0.29..0.30 rows=1 width=8)
                                       Index Cond: (s_suppkey = lineitem.l_suppkey)
                           ->  Index Scan using orders_pkey on orders  (cost=0.43..0.45 rows=1 width=8)
                                 Index Cond: (o_orderkey = lineitem.l_orderkey)
                     ->  Materialize  (cost=0.00..1.38 rows=25 width=30)
                           ->  Seq Scan on nation  (cost=0.00..1.25 rows=25 width=30)
(23 rows)

query 9 run 3
SET
SET
SET
                                                              QUERY PLAN                                                              
--------------------------------------------------------------------------------------------------------------------------------------
 Limit  (cost=63591.12..63591.15 rows=1 width=66)
   ->  GroupAggregate  (cost=63591.12..63596.48 rows=143 width=66)
         Group Key: nation.n_name, (date_part('year'::text, (orders.o_orderdate)::timestamp without time zone))
         ->  Sort  (cost=63591.12..63591.47 rows=143 width=57)
               Sort Key: nation.n_name, (date_part('year'::text, (orders.o_orderdate)::timestamp without time zone)) DESC
               ->  Nested Loop  (cost=1.57..63586.00 rows=143 width=57)
                     Join Filter: (supplier.s_nationkey = nation.n_nationkey)
                     ->  Nested Loop  (cost=1.57..63530.34 rows=143 width=31)
                           ->  Nested Loop  (cost=1.14..63464.20 rows=143 width=31)
                                 ->  Nested Loop  (cost=0.86..63419.50 rows=143 width=35)
                                       ->  Nested Loop  (cost=0.42..29889.73 rows=47600 width=18)
                                             ->  Seq Scan on part  (cost=0.00..6599.00 rows=12121 width=4)
                                                   Filter: ((p_name)::text ~~ '%navy%'::text)
                                             ->  Index Scan using idx_partsupp_partkey on partsupp  (cost=0.42..1.88 rows=4 width=14)
                                                   Index Cond: (ps_partkey = part.p_partkey)
                                       ->  Index Scan using idx_lineitem_part_supp on lineitem  (cost=0.43..0.69 rows=1 width=29)
                                             Index Cond: ((l_partkey = partsupp.ps_partkey) AND (l_suppkey = partsupp.ps_suppkey))
                                 ->  Index Scan using supplier_pkey on supplier  (cost=0.29..0.30 rows=1 width=8)
                                       Index Cond: (s_suppkey = lineitem.l_suppkey)
                           ->  Index Scan using orders_pkey on orders  (cost=0.43..0.45 rows=1 width=8)
                                 Index Cond: (o_orderkey = lineitem.l_orderkey)
                     ->  Materialize  (cost=0.00..1.38 rows=25 width=30)
                           ->  Seq Scan on nation  (cost=0.00..1.25 rows=25 width=30)
(23 rows)

query 10 run 1
SET
SET
SET
                                                              QUERY PLAN                                                              
--------------------------------------------------------------------------------------------------------------------------------------
 Limit  (cost=162190.32..162190.37 rows=20 width=202)
   ->  Sort  (cost=162190.32..162332.21 rows=56755 width=202)
         Sort Key: (sum((lineitem.l_extendedprice * ('1'::numeric - lineitem.l_discount)))) DESC
         ->  HashAggregate  (cost=159970.65..160680.09 rows=56755 width=202)
               Group Key: customer.c_custkey, nation.n_name
               ->  Hash Join  (cost=7795.72..159261.21 rows=56755 width=182)
                     Hash Cond: (customer.c_nationkey = nation.n_nationkey)
                     ->  Hash Join  (cost=7794.16..158479.27 rows=56755 width=160)
                           Hash Cond: (orders.o_custkey = customer.c_custkey)
                           ->  Nested Loop  (cost=822.16..150726.89 rows=56755 width=16)
                                 ->  Bitmap Heap Scan on orders  (cost=821.73..27809.99 rows=57151 width=8)
                                       Recheck Cond: ((o_orderdate >= '1994-08-01'::date) AND (o_orderdate < '1994-11-01'::date))
                                       ->  Bitmap Index Scan on idx_orders_orderdate  (cost=0.00..807.44 rows=57151 width=0)
                                             Index Cond: ((o_orderdate >= '1994-08-01'::date) AND (o_orderdate < '1994-11-01'::date))
                                 ->  Index Scan using idx_lineitem_orderkey on lineitem  (cost=0.43..2.14 rows=1 width=16)
                                       Index Cond: (l_orderkey = orders.o_orderkey)
                                       Filter: (l_returnflag = 'R'::bpchar)
                           ->  Hash  (cost=5097.00..5097.00 rows=150000 width=148)
                                 ->  Seq Scan on customer  (cost=0.00..5097.00 rows=150000 width=148)
                     ->  Hash  (cost=1.25..1.25 rows=25 width=30)
                           ->  Seq Scan on nation  (cost=0.00..1.25 rows=25 width=30)
(21 rows)

query 10 run 2
SET
SET
SET
                                                              QUERY PLAN                                                              
--------------------------------------------------------------------------------------------------------------------------------------
 Limit  (cost=162190.32..162190.37 rows=20 width=202)
   ->  Sort  (cost=162190.32..162332.21 rows=56755 width=202)
         Sort Key: (sum((lineitem.l_extendedprice * ('1'::numeric - lineitem.l_discount)))) DESC
         ->  HashAggregate  (cost=159970.65..160680.09 rows=56755 width=202)
               Group Key: customer.c_custkey, nation.n_name
               ->  Hash Join  (cost=7795.72..159261.21 rows=56755 width=182)
                     Hash Cond: (customer.c_nationkey = nation.n_nationkey)
                     ->  Hash Join  (cost=7794.16..158479.27 rows=56755 width=160)
                           Hash Cond: (orders.o_custkey = customer.c_custkey)
                           ->  Nested Loop  (cost=822.16..150726.89 rows=56755 width=16)
                                 ->  Bitmap Heap Scan on orders  (cost=821.73..27809.99 rows=57151 width=8)
                                       Recheck Cond: ((o_orderdate >= '1994-08-01'::date) AND (o_orderdate < '1994-11-01'::date))
                                       ->  Bitmap Index Scan on idx_orders_orderdate  (cost=0.00..807.44 rows=57151 width=0)
                                             Index Cond: ((o_orderdate >= '1994-08-01'::date) AND (o_orderdate < '1994-11-01'::date))
                                 ->  Index Scan using idx_lineitem_orderkey on lineitem  (cost=0.43..2.14 rows=1 width=16)
                                       Index Cond: (l_orderkey = orders.o_orderkey)
                                       Filter: (l_returnflag = 'R'::bpchar)
                           ->  Hash  (cost=5097.00..5097.00 rows=150000 width=148)
                                 ->  Seq Scan on customer  (cost=0.00..5097.00 rows=150000 width=148)
                     ->  Hash  (cost=1.25..1.25 rows=25 width=30)
                           ->  Seq Scan on nation  (cost=0.00..1.25 rows=25 width=30)
(21 rows)

query 10 run 3
SET
SET
SET
                                                              QUERY PLAN                                                              
--------------------------------------------------------------------------------------------------------------------------------------
 Limit  (cost=162190.32..162190.37 rows=20 width=202)
   ->  Sort  (cost=162190.32..162332.21 rows=56755 width=202)
         Sort Key: (sum((lineitem.l_extendedprice * ('1'::numeric - lineitem.l_discount)))) DESC
         ->  HashAggregate  (cost=159970.65..160680.09 rows=56755 width=202)
               Group Key: customer.c_custkey, nation.n_name
               ->  Hash Join  (cost=7795.72..159261.21 rows=56755 width=182)
                     Hash Cond: (customer.c_nationkey = nation.n_nationkey)
                     ->  Hash Join  (cost=7794.16..158479.27 rows=56755 width=160)
                           Hash Cond: (orders.o_custkey = customer.c_custkey)
                           ->  Nested Loop  (cost=822.16..150726.89 rows=56755 width=16)
                                 ->  Bitmap Heap Scan on orders  (cost=821.73..27809.99 rows=57151 width=8)
                                       Recheck Cond: ((o_orderdate >= '1994-08-01'::date) AND (o_orderdate < '1994-11-01'::date))
                                       ->  Bitmap Index Scan on idx_orders_orderdate  (cost=0.00..807.44 rows=57151 width=0)
                                             Index Cond: ((o_orderdate >= '1994-08-01'::date) AND (o_orderdate < '1994-11-01'::date))
                                 ->  Index Scan using idx_lineitem_orderkey on lineitem  (cost=0.43..2.14 rows=1 width=16)
                                       Index Cond: (l_orderkey = orders.o_orderkey)
                                       Filter: (l_returnflag = 'R'::bpchar)
                           ->  Hash  (cost=5097.00..5097.00 rows=150000 width=148)
                                 ->  Seq Scan on customer  (cost=0.00..5097.00 rows=150000 width=148)
                     ->  Hash  (cost=1.25..1.25 rows=25 width=30)
                           ->  Seq Scan on nation  (cost=0.00..1.25 rows=25 width=30)
(21 rows)

query 11 run 1
SET
SET
SET
                                                      QUERY PLAN                                                      
----------------------------------------------------------------------------------------------------------------------
 Limit  (cost=6368.74..6368.75 rows=1 width=36)
   InitPlan 1 (returns $2)
     ->  Aggregate  (cost=2704.37..2704.38 rows=1 width=32)
           ->  Nested Loop  (cost=6.81..2464.36 rows=32000 width=10)
                 ->  Nested Loop  (cost=6.38..230.58 rows=400 width=4)
                       ->  Seq Scan on nation nation_1  (cost=0.00..1.31 rows=1 width=4)
                             Filter: (n_name = 'SAUDI ARABIA'::bpchar)
                       ->  Bitmap Heap Scan on supplier supplier_1  (cost=6.38..225.26 rows=400 width=8)
                             Recheck Cond: (s_nationkey = nation_1.n_nationkey)
                             ->  Bitmap Index Scan on idx_supplier_nation_key  (cost=0.00..6.29 rows=400 width=0)
                                   Index Cond: (s_nationkey = nation_1.n_nationkey)
                 ->  Index Scan using idx_partsupp_suppkey on partsupp partsupp_1  (cost=0.42..4.78 rows=80 width=14)
                       Index Cond: (ps_suppkey = supplier_1.s_suppkey)
   ->  Sort  (cost=3664.36..3744.36 rows=32000 width=36)
         Sort Key: (sum((partsupp.ps_supplycost * (partsupp.ps_availqty)::numeric))) DESC
         ->  HashAggregate  (cost=3024.36..3504.36 rows=32000 width=36)
               Group Key: partsupp.ps_partkey
               Filter: (sum((partsupp.ps_supplycost * (partsupp.ps_availqty)::numeric)) > $2)
               ->  Nested Loop  (cost=6.81..2464.36 rows=32000 width=14)
                     ->  Nested Loop  (cost=6.38..230.58 rows=400 width=4)
                           ->  Seq Scan on nation  (cost=0.00..1.31 rows=1 width=4)
                                 Filter: (n_name = 'SAUDI ARABIA'::bpchar)
                           ->  Bitmap Heap Scan on supplier  (cost=6.38..225.26 rows=400 width=8)
                                 Recheck Cond: (s_nationkey = nation.n_nationkey)
                                 ->  Bitmap Index Scan on idx_supplier_nation_key  (cost=0.00..6.29 rows=400 width=0)
                                       Index Cond: (s_nationkey = nation.n_nationkey)
                     ->  Index Scan using idx_partsupp_suppkey on partsupp  (cost=0.42..4.78 rows=80 width=18)
                           Index Cond: (ps_suppkey = supplier.s_suppkey)
(28 rows)

query 11 run 2
SET
SET
SET
                                                      QUERY PLAN                                                      
----------------------------------------------------------------------------------------------------------------------
 Limit  (cost=6368.74..6368.75 rows=1 width=36)
   InitPlan 1 (returns $2)
     ->  Aggregate  (cost=2704.37..2704.38 rows=1 width=32)
           ->  Nested Loop  (cost=6.81..2464.36 rows=32000 width=10)
                 ->  Nested Loop  (cost=6.38..230.58 rows=400 width=4)
                       ->  Seq Scan on nation nation_1  (cost=0.00..1.31 rows=1 width=4)
                             Filter: (n_name = 'SAUDI ARABIA'::bpchar)
                       ->  Bitmap Heap Scan on supplier supplier_1  (cost=6.38..225.26 rows=400 width=8)
                             Recheck Cond: (s_nationkey = nation_1.n_nationkey)
                             ->  Bitmap Index Scan on idx_supplier_nation_key  (cost=0.00..6.29 rows=400 width=0)
                                   Index Cond: (s_nationkey = nation_1.n_nationkey)
                 ->  Index Scan using idx_partsupp_suppkey on partsupp partsupp_1  (cost=0.42..4.78 rows=80 width=14)
                       Index Cond: (ps_suppkey = supplier_1.s_suppkey)
   ->  Sort  (cost=3664.36..3744.36 rows=32000 width=36)
         Sort Key: (sum((partsupp.ps_supplycost * (partsupp.ps_availqty)::numeric))) DESC
         ->  HashAggregate  (cost=3024.36..3504.36 rows=32000 width=36)
               Group Key: partsupp.ps_partkey
               Filter: (sum((partsupp.ps_supplycost * (partsupp.ps_availqty)::numeric)) > $2)
               ->  Nested Loop  (cost=6.81..2464.36 rows=32000 width=14)
                     ->  Nested Loop  (cost=6.38..230.58 rows=400 width=4)
                           ->  Seq Scan on nation  (cost=0.00..1.31 rows=1 width=4)
                                 Filter: (n_name = 'SAUDI ARABIA'::bpchar)
                           ->  Bitmap Heap Scan on supplier  (cost=6.38..225.26 rows=400 width=8)
                                 Recheck Cond: (s_nationkey = nation.n_nationkey)
                                 ->  Bitmap Index Scan on idx_supplier_nation_key  (cost=0.00..6.29 rows=400 width=0)
                                       Index Cond: (s_nationkey = nation.n_nationkey)
                     ->  Index Scan using idx_partsupp_suppkey on partsupp  (cost=0.42..4.78 rows=80 width=18)
                           Index Cond: (ps_suppkey = supplier.s_suppkey)
(28 rows)

query 11 run 3
SET
SET
SET
                                                      QUERY PLAN                                                      
----------------------------------------------------------------------------------------------------------------------
 Limit  (cost=6368.74..6368.75 rows=1 width=36)
   InitPlan 1 (returns $2)
     ->  Aggregate  (cost=2704.37..2704.38 rows=1 width=32)
           ->  Nested Loop  (cost=6.81..2464.36 rows=32000 width=10)
                 ->  Nested Loop  (cost=6.38..230.58 rows=400 width=4)
                       ->  Seq Scan on nation nation_1  (cost=0.00..1.31 rows=1 width=4)
                             Filter: (n_name = 'SAUDI ARABIA'::bpchar)
                       ->  Bitmap Heap Scan on supplier supplier_1  (cost=6.38..225.26 rows=400 width=8)
                             Recheck Cond: (s_nationkey = nation_1.n_nationkey)
                             ->  Bitmap Index Scan on idx_supplier_nation_key  (cost=0.00..6.29 rows=400 width=0)
                                   Index Cond: (s_nationkey = nation_1.n_nationkey)
                 ->  Index Scan using idx_partsupp_suppkey on partsupp partsupp_1  (cost=0.42..4.78 rows=80 width=14)
                       Index Cond: (ps_suppkey = supplier_1.s_suppkey)
   ->  Sort  (cost=3664.36..3744.36 rows=32000 width=36)
         Sort Key: (sum((partsupp.ps_supplycost * (partsupp.ps_availqty)::numeric))) DESC
         ->  HashAggregate  (cost=3024.36..3504.36 rows=32000 width=36)
               Group Key: partsupp.ps_partkey
               Filter: (sum((partsupp.ps_supplycost * (partsupp.ps_availqty)::numeric)) > $2)
               ->  Nested Loop  (cost=6.81..2464.36 rows=32000 width=14)
                     ->  Nested Loop  (cost=6.38..230.58 rows=400 width=4)
                           ->  Seq Scan on nation  (cost=0.00..1.31 rows=1 width=4)
                                 Filter: (n_name = 'SAUDI ARABIA'::bpchar)
                           ->  Bitmap Heap Scan on supplier  (cost=6.38..225.26 rows=400 width=8)
                                 Recheck Cond: (s_nationkey = nation.n_nationkey)
                                 ->  Bitmap Index Scan on idx_supplier_nation_key  (cost=0.00..6.29 rows=400 width=0)
                                       Index Cond: (s_nationkey = nation.n_nationkey)
                     ->  Index Scan using idx_partsupp_suppkey on partsupp  (cost=0.42..4.78 rows=80 width=18)
                           Index Cond: (ps_suppkey = supplier.s_suppkey)
(28 rows)

query 12 run 1
SET
SET
SET
                                                                                                                 QUERY PLAN                                                                                                                  
---------------------------------------------------------------------------------------------------------------------------------------------------------------------------------------------------------------------------------------------
 Limit  (cost=297448.21..297531.94 rows=1 width=27)
   ->  GroupAggregate  (cost=297448.21..298034.34 rows=7 width=27)
         Group Key: lineitem.l_shipmode
         ->  Sort  (cost=297448.21..297521.46 rows=29303 width=27)
               Sort Key: lineitem.l_shipmode
               ->  Nested Loop  (cost=0.43..295274.10 rows=29303 width=27)
                     ->  Seq Scan on lineitem  (cost=0.00..247595.10 rows=29311 width=15)
                           Filter: ((l_shipmode = ANY ('{SHIP,"REG AIR"}'::bpchar[])) AND (l_commitdate < l_receiptdate) AND (l_shipdate < l_commitdate) AND (l_receiptdate >= '1994-01-01'::date) AND (l_receiptdate < '1995-01-01'::date))
                     ->  Index Scan using orders_pkey on orders  (cost=0.43..1.62 rows=1 width=20)
                           Index Cond: (o_orderkey = lineitem.l_orderkey)
(10 rows)

query 12 run 2
SET
SET
SET
                                                                                                                 QUERY PLAN                                                                                                                  
---------------------------------------------------------------------------------------------------------------------------------------------------------------------------------------------------------------------------------------------
 Limit  (cost=297448.21..297531.94 rows=1 width=27)
   ->  GroupAggregate  (cost=297448.21..298034.34 rows=7 width=27)
         Group Key: lineitem.l_shipmode
         ->  Sort  (cost=297448.21..297521.46 rows=29303 width=27)
               Sort Key: lineitem.l_shipmode
               ->  Nested Loop  (cost=0.43..295274.10 rows=29303 width=27)
                     ->  Seq Scan on lineitem  (cost=0.00..247595.10 rows=29311 width=15)
                           Filter: ((l_shipmode = ANY ('{SHIP,"REG AIR"}'::bpchar[])) AND (l_commitdate < l_receiptdate) AND (l_shipdate < l_commitdate) AND (l_receiptdate >= '1994-01-01'::date) AND (l_receiptdate < '1995-01-01'::date))
                     ->  Index Scan using orders_pkey on orders  (cost=0.43..1.62 rows=1 width=20)
                           Index Cond: (o_orderkey = lineitem.l_orderkey)
(10 rows)

query 12 run 3
SET
SET
SET
                                                                                                                 QUERY PLAN                                                                                                                  
---------------------------------------------------------------------------------------------------------------------------------------------------------------------------------------------------------------------------------------------
 Limit  (cost=297448.21..297531.94 rows=1 width=27)
   ->  GroupAggregate  (cost=297448.21..298034.34 rows=7 width=27)
         Group Key: lineitem.l_shipmode
         ->  Sort  (cost=297448.21..297521.46 rows=29303 width=27)
               Sort Key: lineitem.l_shipmode
               ->  Nested Loop  (cost=0.43..295274.10 rows=29303 width=27)
                     ->  Seq Scan on lineitem  (cost=0.00..247595.10 rows=29311 width=15)
                           Filter: ((l_shipmode = ANY ('{SHIP,"REG AIR"}'::bpchar[])) AND (l_commitdate < l_receiptdate) AND (l_shipdate < l_commitdate) AND (l_receiptdate >= '1994-01-01'::date) AND (l_receiptdate < '1995-01-01'::date))
                     ->  Index Scan using orders_pkey on orders  (cost=0.43..1.62 rows=1 width=20)
                           Index Cond: (o_orderkey = lineitem.l_orderkey)
(10 rows)

query 13 run 1
SET
SET
SET
                                                          QUERY PLAN                                                           
-------------------------------------------------------------------------------------------------------------------------------
 Limit  (cost=81221.47..81221.47 rows=1 width=16)
   ->  Sort  (cost=81221.47..81221.97 rows=200 width=16)
         Sort Key: (count(*)) DESC, (count(orders.o_orderkey)) DESC
         ->  HashAggregate  (cost=81218.47..81220.47 rows=200 width=16)
               Group Key: count(orders.o_orderkey)
               ->  HashAggregate  (cost=77468.47..78968.47 rows=150000 width=12)
                     Group Key: customer.c_custkey
                     ->  Hash Right Join  (cost=4746.42..70044.19 rows=1484856 width=8)
                           Hash Cond: (orders.o_custkey = customer.c_custkey)
                           ->  Seq Scan on orders  (cost=0.00..44881.00 rows=1484856 width=8)
                                 Filter: ((o_comment)::text !~~ '%special%requests%'::text)
                           ->  Hash  (cost=2871.42..2871.42 rows=150000 width=4)
                                 ->  Index Only Scan using customer_pkey on customer  (cost=0.42..2871.42 rows=150000 width=4)
(13 rows)

query 13 run 2
SET
SET
SET
                                                          QUERY PLAN                                                           
-------------------------------------------------------------------------------------------------------------------------------
 Limit  (cost=81221.47..81221.47 rows=1 width=16)
   ->  Sort  (cost=81221.47..81221.97 rows=200 width=16)
         Sort Key: (count(*)) DESC, (count(orders.o_orderkey)) DESC
         ->  HashAggregate  (cost=81218.47..81220.47 rows=200 width=16)
               Group Key: count(orders.o_orderkey)
               ->  HashAggregate  (cost=77468.47..78968.47 rows=150000 width=12)
                     Group Key: customer.c_custkey
                     ->  Hash Right Join  (cost=4746.42..70044.19 rows=1484856 width=8)
                           Hash Cond: (orders.o_custkey = customer.c_custkey)
                           ->  Seq Scan on orders  (cost=0.00..44881.00 rows=1484856 width=8)
                                 Filter: ((o_comment)::text !~~ '%special%requests%'::text)
                           ->  Hash  (cost=2871.42..2871.42 rows=150000 width=4)
                                 ->  Index Only Scan using customer_pkey on customer  (cost=0.42..2871.42 rows=150000 width=4)
(13 rows)

query 13 run 3
SET
SET
SET
                                                          QUERY PLAN                                                           
-------------------------------------------------------------------------------------------------------------------------------
 Limit  (cost=81221.47..81221.47 rows=1 width=16)
   ->  Sort  (cost=81221.47..81221.97 rows=200 width=16)
         Sort Key: (count(*)) DESC, (count(orders.o_orderkey)) DESC
         ->  HashAggregate  (cost=81218.47..81220.47 rows=200 width=16)
               Group Key: count(orders.o_orderkey)
               ->  HashAggregate  (cost=77468.47..78968.47 rows=150000 width=12)
                     Group Key: customer.c_custkey
                     ->  Hash Right Join  (cost=4746.42..70044.19 rows=1484856 width=8)
                           Hash Cond: (orders.o_custkey = customer.c_custkey)
                           ->  Seq Scan on orders  (cost=0.00..44881.00 rows=1484856 width=8)
                                 Filter: ((o_comment)::text !~~ '%special%requests%'::text)
                           ->  Hash  (cost=2871.42..2871.42 rows=150000 width=4)
                                 ->  Index Only Scan using customer_pkey on customer  (cost=0.42..2871.42 rows=150000 width=4)
(13 rows)

query 14 run 1
SET
SET
SET
                                                    QUERY PLAN                                                    
------------------------------------------------------------------------------------------------------------------
 Limit  (cost=80213.38..80213.40 rows=1 width=32)
   ->  Aggregate  (cost=80213.38..80213.40 rows=1 width=32)
         ->  Hash Join  (cost=9867.56..78829.37 rows=79086 width=33)
               Hash Cond: (lineitem.l_partkey = part.p_partkey)
               ->  Bitmap Heap Scan on lineitem  (cost=1268.56..69142.94 rows=79086 width=16)
                     Recheck Cond: ((l_shipdate >= '1994-05-01'::date) AND (l_shipdate < '1994-06-01'::date))
                     ->  Bitmap Index Scan on idx_lineitem_shipdate  (cost=0.00..1248.79 rows=79086 width=0)
                           Index Cond: ((l_shipdate >= '1994-05-01'::date) AND (l_shipdate < '1994-06-01'::date))
               ->  Hash  (cost=6099.00..6099.00 rows=200000 width=25)
                     ->  Seq Scan on part  (cost=0.00..6099.00 rows=200000 width=25)
(10 rows)

query 14 run 2
SET
SET
SET
                                                    QUERY PLAN                                                    
------------------------------------------------------------------------------------------------------------------
 Limit  (cost=80213.38..80213.40 rows=1 width=32)
   ->  Aggregate  (cost=80213.38..80213.40 rows=1 width=32)
         ->  Hash Join  (cost=9867.56..78829.37 rows=79086 width=33)
               Hash Cond: (lineitem.l_partkey = part.p_partkey)
               ->  Bitmap Heap Scan on lineitem  (cost=1268.56..69142.94 rows=79086 width=16)
                     Recheck Cond: ((l_shipdate >= '1994-05-01'::date) AND (l_shipdate < '1994-06-01'::date))
                     ->  Bitmap Index Scan on idx_lineitem_shipdate  (cost=0.00..1248.79 rows=79086 width=0)
                           Index Cond: ((l_shipdate >= '1994-05-01'::date) AND (l_shipdate < '1994-06-01'::date))
               ->  Hash  (cost=6099.00..6099.00 rows=200000 width=25)
                     ->  Seq Scan on part  (cost=0.00..6099.00 rows=200000 width=25)
(10 rows)

query 14 run 3
SET
SET
SET
                                                    QUERY PLAN                                                    
------------------------------------------------------------------------------------------------------------------
 Limit  (cost=80213.38..80213.40 rows=1 width=32)
   ->  Aggregate  (cost=80213.38..80213.40 rows=1 width=32)
         ->  Hash Join  (cost=9867.56..78829.37 rows=79086 width=33)
               Hash Cond: (lineitem.l_partkey = part.p_partkey)
               ->  Bitmap Heap Scan on lineitem  (cost=1268.56..69142.94 rows=79086 width=16)
                     Recheck Cond: ((l_shipdate >= '1994-05-01'::date) AND (l_shipdate < '1994-06-01'::date))
                     ->  Bitmap Index Scan on idx_lineitem_shipdate  (cost=0.00..1248.79 rows=79086 width=0)
                           Index Cond: ((l_shipdate >= '1994-05-01'::date) AND (l_shipdate < '1994-06-01'::date))
               ->  Hash  (cost=6099.00..6099.00 rows=200000 width=25)
                     ->  Seq Scan on part  (cost=0.00..6099.00 rows=200000 width=25)
(10 rows)

query 15 run 1
SET
SET
SET
CREATE VIEW
                                                          QUERY PLAN                                                          
------------------------------------------------------------------------------------------------------------------------------
 Limit  (cost=246832.98..246833.04 rows=1 width=103)
   InitPlan 1 (returns $0)
     ->  Aggregate  (cost=122224.29..122224.30 rows=1 width=32)
           ->  HashAggregate  (cost=121974.69..122099.49 rows=9984 width=36)
                 Group Key: lineitem_1.l_suppkey
                 ->  Bitmap Heap Scan on lineitem lineitem_1  (cost=3678.34..119680.15 rows=229454 width=16)
                       Recheck Cond: ((l_shipdate >= '1996-01-01'::date) AND (l_shipdate < '1996-04-01'::date))
                       ->  Bitmap Index Scan on idx_lineitem_shipdate  (cost=0.00..3620.97 rows=229454 width=0)
                             Index Cond: ((l_shipdate >= '1996-01-01'::date) AND (l_shipdate < '1996-04-01'::date))
   ->  Merge Join  (cost=124608.68..125201.94 rows=9984 width=103)
         Merge Cond: (supplier.s_suppkey = revenue0.supplier_no)
         ->  Index Scan using supplier_pkey on supplier  (cost=0.29..418.79 rows=10000 width=71)
         ->  Sort  (cost=124608.40..124633.36 rows=9984 width=36)
               Sort Key: revenue0.supplier_no
               ->  Subquery Scan on revenue0  (cost=123695.59..123945.19 rows=9984 width=36)
                     ->  HashAggregate  (cost=123695.59..123845.35 rows=9984 width=36)
                           Group Key: lineitem.l_suppkey
                           Filter: (sum((lineitem.l_extendedprice * ('1'::numeric - lineitem.l_discount))) = $0)
                           ->  Bitmap Heap Scan on lineitem  (cost=3678.34..119680.15 rows=229454 width=16)
                                 Recheck Cond: ((l_shipdate >= '1996-01-01'::date) AND (l_shipdate < '1996-04-01'::date))
                                 ->  Bitmap Index Scan on idx_lineitem_shipdate  (cost=0.00..3620.97 rows=229454 width=0)
                                       Index Cond: ((l_shipdate >= '1996-01-01'::date) AND (l_shipdate < '1996-04-01'::date))
(22 rows)

DROP VIEW
query 15 run 2
SET
SET
SET
CREATE VIEW
                                                          QUERY PLAN                                                          
------------------------------------------------------------------------------------------------------------------------------
 Limit  (cost=246832.98..246833.04 rows=1 width=103)
   InitPlan 1 (returns $0)
     ->  Aggregate  (cost=122224.29..122224.30 rows=1 width=32)
           ->  HashAggregate  (cost=121974.69..122099.49 rows=9984 width=36)
                 Group Key: lineitem_1.l_suppkey
                 ->  Bitmap Heap Scan on lineitem lineitem_1  (cost=3678.34..119680.15 rows=229454 width=16)
                       Recheck Cond: ((l_shipdate >= '1996-01-01'::date) AND (l_shipdate < '1996-04-01'::date))
                       ->  Bitmap Index Scan on idx_lineitem_shipdate  (cost=0.00..3620.97 rows=229454 width=0)
                             Index Cond: ((l_shipdate >= '1996-01-01'::date) AND (l_shipdate < '1996-04-01'::date))
   ->  Merge Join  (cost=124608.68..125201.94 rows=9984 width=103)
         Merge Cond: (supplier.s_suppkey = revenue0.supplier_no)
         ->  Index Scan using supplier_pkey on supplier  (cost=0.29..418.79 rows=10000 width=71)
         ->  Sort  (cost=124608.40..124633.36 rows=9984 width=36)
               Sort Key: revenue0.supplier_no
               ->  Subquery Scan on revenue0  (cost=123695.59..123945.19 rows=9984 width=36)
                     ->  HashAggregate  (cost=123695.59..123845.35 rows=9984 width=36)
                           Group Key: lineitem.l_suppkey
                           Filter: (sum((lineitem.l_extendedprice * ('1'::numeric - lineitem.l_discount))) = $0)
                           ->  Bitmap Heap Scan on lineitem  (cost=3678.34..119680.15 rows=229454 width=16)
                                 Recheck Cond: ((l_shipdate >= '1996-01-01'::date) AND (l_shipdate < '1996-04-01'::date))
                                 ->  Bitmap Index Scan on idx_lineitem_shipdate  (cost=0.00..3620.97 rows=229454 width=0)
                                       Index Cond: ((l_shipdate >= '1996-01-01'::date) AND (l_shipdate < '1996-04-01'::date))
(22 rows)

DROP VIEW
query 15 run 3
SET
SET
SET
CREATE VIEW
                                                          QUERY PLAN                                                          
------------------------------------------------------------------------------------------------------------------------------
 Limit  (cost=246832.98..246833.04 rows=1 width=103)
   InitPlan 1 (returns $0)
     ->  Aggregate  (cost=122224.29..122224.30 rows=1 width=32)
           ->  HashAggregate  (cost=121974.69..122099.49 rows=9984 width=36)
                 Group Key: lineitem_1.l_suppkey
                 ->  Bitmap Heap Scan on lineitem lineitem_1  (cost=3678.34..119680.15 rows=229454 width=16)
                       Recheck Cond: ((l_shipdate >= '1996-01-01'::date) AND (l_shipdate < '1996-04-01'::date))
                       ->  Bitmap Index Scan on idx_lineitem_shipdate  (cost=0.00..3620.97 rows=229454 width=0)
                             Index Cond: ((l_shipdate >= '1996-01-01'::date) AND (l_shipdate < '1996-04-01'::date))
   ->  Merge Join  (cost=124608.68..125201.94 rows=9984 width=103)
         Merge Cond: (supplier.s_suppkey = revenue0.supplier_no)
         ->  Index Scan using supplier_pkey on supplier  (cost=0.29..418.79 rows=10000 width=71)
         ->  Sort  (cost=124608.40..124633.36 rows=9984 width=36)
               Sort Key: revenue0.supplier_no
               ->  Subquery Scan on revenue0  (cost=123695.59..123945.19 rows=9984 width=36)
                     ->  HashAggregate  (cost=123695.59..123845.35 rows=9984 width=36)
                           Group Key: lineitem.l_suppkey
                           Filter: (sum((lineitem.l_extendedprice * ('1'::numeric - lineitem.l_discount))) = $0)
                           ->  Bitmap Heap Scan on lineitem  (cost=3678.34..119680.15 rows=229454 width=16)
                                 Recheck Cond: ((l_shipdate >= '1996-01-01'::date) AND (l_shipdate < '1996-04-01'::date))
                                 ->  Bitmap Index Scan on idx_lineitem_shipdate  (cost=0.00..3620.97 rows=229454 width=0)
                                       Index Cond: ((l_shipdate >= '1996-01-01'::date) AND (l_shipdate < '1996-04-01'::date))
(22 rows)

DROP VIEW
query 16 run 1
SET
SET
SET
                                                                                         QUERY PLAN                                                                                         
--------------------------------------------------------------------------------------------------------------------------------------------------------------------------------------------
 Limit  (cost=34733.69..34733.69 rows=1 width=44)
   ->  Sort  (cost=34733.69..34773.55 rows=15944 width=44)
         Sort Key: (count(DISTINCT partsupp.ps_suppkey)) DESC, part.p_brand, part.p_type, part.p_size
         ->  GroupAggregate  (cost=33770.61..34653.97 rows=15944 width=44)
               Group Key: part.p_brand, part.p_type, part.p_size
               ->  Sort  (cost=33770.61..33915.40 rows=57913 width=40)
                     Sort Key: part.p_brand, part.p_type, part.p_size
                     ->  Hash Join  (cost=9816.10..29189.23 rows=57913 width=40)
                           Hash Cond: (partsupp.ps_partkey = part.p_partkey)
                           ->  Index Only Scan using partsupp_pkey on partsupp  (cost=348.43..17642.43 rows=400000 width=8)
                                 Filter: (NOT (hashed SubPlan 1))
                                 SubPlan 1
                                   ->  Seq Scan on supplier  (cost=0.00..348.00 rows=1 width=4)
                                         Filter: ((s_comment)::text ~~ '%Customer%Complaints%'::text)
                           ->  Hash  (cost=9099.00..9099.00 rows=29494 width=40)
                                 ->  Seq Scan on part  (cost=0.00..9099.00 rows=29494 width=40)
                                       Filter: ((p_brand <> 'Brand#12'::bpchar) AND ((p_type)::text !~~ 'SMALL BRUSHED%'::text) AND (p_size = ANY ('{12,32,36,26,40,34,49,9}'::integer[])))
(17 rows)

query 16 run 2
SET
SET
SET
                                                                                         QUERY PLAN                                                                                         
--------------------------------------------------------------------------------------------------------------------------------------------------------------------------------------------
 Limit  (cost=34733.69..34733.69 rows=1 width=44)
   ->  Sort  (cost=34733.69..34773.55 rows=15944 width=44)
         Sort Key: (count(DISTINCT partsupp.ps_suppkey)) DESC, part.p_brand, part.p_type, part.p_size
         ->  GroupAggregate  (cost=33770.61..34653.97 rows=15944 width=44)
               Group Key: part.p_brand, part.p_type, part.p_size
               ->  Sort  (cost=33770.61..33915.40 rows=57913 width=40)
                     Sort Key: part.p_brand, part.p_type, part.p_size
                     ->  Hash Join  (cost=9816.10..29189.23 rows=57913 width=40)
                           Hash Cond: (partsupp.ps_partkey = part.p_partkey)
                           ->  Index Only Scan using partsupp_pkey on partsupp  (cost=348.43..17642.43 rows=400000 width=8)
                                 Filter: (NOT (hashed SubPlan 1))
                                 SubPlan 1
                                   ->  Seq Scan on supplier  (cost=0.00..348.00 rows=1 width=4)
                                         Filter: ((s_comment)::text ~~ '%Customer%Complaints%'::text)
                           ->  Hash  (cost=9099.00..9099.00 rows=29494 width=40)
                                 ->  Seq Scan on part  (cost=0.00..9099.00 rows=29494 width=40)
                                       Filter: ((p_brand <> 'Brand#12'::bpchar) AND ((p_type)::text !~~ 'SMALL BRUSHED%'::text) AND (p_size = ANY ('{12,32,36,26,40,34,49,9}'::integer[])))
(17 rows)

query 16 run 3
SET
SET
SET
                                                                                         QUERY PLAN                                                                                         
--------------------------------------------------------------------------------------------------------------------------------------------------------------------------------------------
 Limit  (cost=34733.69..34733.69 rows=1 width=44)
   ->  Sort  (cost=34733.69..34773.55 rows=15944 width=44)
         Sort Key: (count(DISTINCT partsupp.ps_suppkey)) DESC, part.p_brand, part.p_type, part.p_size
         ->  GroupAggregate  (cost=33770.61..34653.97 rows=15944 width=44)
               Group Key: part.p_brand, part.p_type, part.p_size
               ->  Sort  (cost=33770.61..33915.40 rows=57913 width=40)
                     Sort Key: part.p_brand, part.p_type, part.p_size
                     ->  Hash Join  (cost=9816.10..29189.23 rows=57913 width=40)
                           Hash Cond: (partsupp.ps_partkey = part.p_partkey)
                           ->  Index Only Scan using partsupp_pkey on partsupp  (cost=348.43..17642.43 rows=400000 width=8)
                                 Filter: (NOT (hashed SubPlan 1))
                                 SubPlan 1
                                   ->  Seq Scan on supplier  (cost=0.00..348.00 rows=1 width=4)
                                         Filter: ((s_comment)::text ~~ '%Customer%Complaints%'::text)
                           ->  Hash  (cost=9099.00..9099.00 rows=29494 width=40)
                                 ->  Seq Scan on part  (cost=0.00..9099.00 rows=29494 width=40)
                                       Filter: ((p_brand <> 'Brand#12'::bpchar) AND ((p_type)::text !~~ 'SMALL BRUSHED%'::text) AND (p_size = ANY ('{12,32,36,26,40,34,49,9}'::integer[])))
(17 rows)

query 17 run 1
SET
SET
SET
                                                                QUERY PLAN                                                                 
-------------------------------------------------------------------------------------------------------------------------------------------
 Limit  (cost=328224.11..328224.12 rows=1 width=32)
   ->  Aggregate  (cost=328224.11..328224.12 rows=1 width=32)
         ->  Nested Loop  (cost=1.29..328219.32 rows=1915 width=8)
               Join Filter: (part.p_partkey = lineitem.l_partkey)
               ->  Merge Join  (cost=0.85..327803.30 rows=191 width=40)
                     Merge Cond: (lineitem_1.l_partkey = part.p_partkey)
                     ->  GroupAggregate  (cost=0.43..316456.90 rows=193406 width=36)
                           Group Key: lineitem_1.l_partkey
                           ->  Index Scan using idx_lineitem_part_supp on lineitem lineitem_1  (cost=0.43..283548.01 rows=6001560 width=9)
                     ->  Index Scan using part_pkey on part  (cost=0.42..8926.42 rows=198 width=4)
                           Filter: ((p_brand = 'Brand#22'::bpchar) AND (p_container = 'LG BOX'::bpchar))
               ->  Index Scan using idx_lineitem_part_supp on lineitem  (cost=0.43..2.05 rows=10 width=17)
                     Index Cond: (l_partkey = lineitem_1.l_partkey)
                     Filter: (l_quantity < ((0.2 * avg(lineitem_1.l_quantity))))
(14 rows)

query 17 run 2
SET
SET
SET
                                                                QUERY PLAN                                                                 
-------------------------------------------------------------------------------------------------------------------------------------------
 Limit  (cost=328224.11..328224.12 rows=1 width=32)
   ->  Aggregate  (cost=328224.11..328224.12 rows=1 width=32)
         ->  Nested Loop  (cost=1.29..328219.32 rows=1915 width=8)
               Join Filter: (part.p_partkey = lineitem.l_partkey)
               ->  Merge Join  (cost=0.85..327803.30 rows=191 width=40)
                     Merge Cond: (lineitem_1.l_partkey = part.p_partkey)
                     ->  GroupAggregate  (cost=0.43..316456.90 rows=193406 width=36)
                           Group Key: lineitem_1.l_partkey
                           ->  Index Scan using idx_lineitem_part_supp on lineitem lineitem_1  (cost=0.43..283548.01 rows=6001560 width=9)
                     ->  Index Scan using part_pkey on part  (cost=0.42..8926.42 rows=198 width=4)
                           Filter: ((p_brand = 'Brand#22'::bpchar) AND (p_container = 'LG BOX'::bpchar))
               ->  Index Scan using idx_lineitem_part_supp on lineitem  (cost=0.43..2.05 rows=10 width=17)
                     Index Cond: (l_partkey = lineitem_1.l_partkey)
                     Filter: (l_quantity < ((0.2 * avg(lineitem_1.l_quantity))))
(14 rows)

query 17 run 3
SET
SET
SET
                                                                QUERY PLAN                                                                 
-------------------------------------------------------------------------------------------------------------------------------------------
 Limit  (cost=328224.11..328224.12 rows=1 width=32)
   ->  Aggregate  (cost=328224.11..328224.12 rows=1 width=32)
         ->  Nested Loop  (cost=1.29..328219.32 rows=1915 width=8)
               Join Filter: (part.p_partkey = lineitem.l_partkey)
               ->  Merge Join  (cost=0.85..327803.30 rows=191 width=40)
                     Merge Cond: (lineitem_1.l_partkey = part.p_partkey)
                     ->  GroupAggregate  (cost=0.43..316456.90 rows=193406 width=36)
                           Group Key: lineitem_1.l_partkey
                           ->  Index Scan using idx_lineitem_part_supp on lineitem lineitem_1  (cost=0.43..283548.01 rows=6001560 width=9)
                     ->  Index Scan using part_pkey on part  (cost=0.42..8926.42 rows=198 width=4)
                           Filter: ((p_brand = 'Brand#22'::bpchar) AND (p_container = 'LG BOX'::bpchar))
               ->  Index Scan using idx_lineitem_part_supp on lineitem  (cost=0.43..2.05 rows=10 width=17)
                     Index Cond: (l_partkey = lineitem_1.l_partkey)
                     Filter: (l_quantity < ((0.2 * avg(lineitem_1.l_quantity))))
(14 rows)

query 18 run 1
SET
SET
SET
                                                                            QUERY PLAN                                                                            
------------------------------------------------------------------------------------------------------------------------------------------------------------------
 Limit  (cost=1258682.78..1258683.03 rows=100 width=71)
   ->  Sort  (cost=1258682.78..1266182.78 rows=3000000 width=71)
         Sort Key: orders.o_totalprice DESC, orders.o_orderdate
         ->  GroupAggregate  (cost=1076524.94..1144024.94 rows=3000000 width=71)
               Group Key: customer.c_custkey, orders.o_orderkey
               ->  Sort  (cost=1076524.94..1084024.94 rows=3000000 width=44)
                     Sort Key: customer.c_custkey, orders.o_orderkey
                     ->  Hash Join  (cost=7004.21..694448.98 rows=3000000 width=44)
                           Hash Cond: (orders.o_custkey = customer.c_custkey)
                           ->  Merge Join  (cost=32.21..646226.98 rows=3000000 width=25)
                                 Merge Cond: (orders.o_orderkey = lineitem.l_orderkey)
                                 ->  Merge Semi Join  (cost=0.86..372098.18 rows=750000 width=24)
                                       Merge Cond: (orders.o_orderkey = lineitem_1.l_orderkey)
                                       ->  Index Scan using orders_pkey on orders  (cost=0.43..54805.93 rows=1500000 width=20)
                                       ->  Materialize  (cost=0.43..294787.38 rows=1500390 width=4)
                                             ->  GroupAggregate  (cost=0.43..276032.51 rows=1500390 width=4)
                                                   Group Key: lineitem_1.l_orderkey
                                                   Filter: (sum(lineitem_1.l_quantity) > '313'::numeric)
                                                   ->  Index Scan using idx_lineitem_orderkey on lineitem lineitem_1  (cost=0.43..227269.83 rows=6001560 width=9)
                                 ->  Index Scan using idx_lineitem_orderkey on lineitem  (cost=0.43..227269.83 rows=6001560 width=9)
                           ->  Hash  (cost=5097.00..5097.00 rows=150000 width=23)
                                 ->  Seq Scan on customer  (cost=0.00..5097.00 rows=150000 width=23)
(22 rows)

query 18 run 2
SET
SET
SET
                                                                            QUERY PLAN                                                                            
------------------------------------------------------------------------------------------------------------------------------------------------------------------
 Limit  (cost=1258682.78..1258683.03 rows=100 width=71)
   ->  Sort  (cost=1258682.78..1266182.78 rows=3000000 width=71)
         Sort Key: orders.o_totalprice DESC, orders.o_orderdate
         ->  GroupAggregate  (cost=1076524.94..1144024.94 rows=3000000 width=71)
               Group Key: customer.c_custkey, orders.o_orderkey
               ->  Sort  (cost=1076524.94..1084024.94 rows=3000000 width=44)
                     Sort Key: customer.c_custkey, orders.o_orderkey
                     ->  Hash Join  (cost=7004.21..694448.98 rows=3000000 width=44)
                           Hash Cond: (orders.o_custkey = customer.c_custkey)
                           ->  Merge Join  (cost=32.21..646226.98 rows=3000000 width=25)
                                 Merge Cond: (orders.o_orderkey = lineitem.l_orderkey)
                                 ->  Merge Semi Join  (cost=0.86..372098.18 rows=750000 width=24)
                                       Merge Cond: (orders.o_orderkey = lineitem_1.l_orderkey)
                                       ->  Index Scan using orders_pkey on orders  (cost=0.43..54805.93 rows=1500000 width=20)
                                       ->  Materialize  (cost=0.43..294787.38 rows=1500390 width=4)
                                             ->  GroupAggregate  (cost=0.43..276032.51 rows=1500390 width=4)
                                                   Group Key: lineitem_1.l_orderkey
                                                   Filter: (sum(lineitem_1.l_quantity) > '313'::numeric)
                                                   ->  Index Scan using idx_lineitem_orderkey on lineitem lineitem_1  (cost=0.43..227269.83 rows=6001560 width=9)
                                 ->  Index Scan using idx_lineitem_orderkey on lineitem  (cost=0.43..227269.83 rows=6001560 width=9)
                           ->  Hash  (cost=5097.00..5097.00 rows=150000 width=23)
                                 ->  Seq Scan on customer  (cost=0.00..5097.00 rows=150000 width=23)
(22 rows)

query 18 run 3
SET
SET
SET
                                                                            QUERY PLAN                                                                            
------------------------------------------------------------------------------------------------------------------------------------------------------------------
 Limit  (cost=1258682.78..1258683.03 rows=100 width=71)
   ->  Sort  (cost=1258682.78..1266182.78 rows=3000000 width=71)
         Sort Key: orders.o_totalprice DESC, orders.o_orderdate
         ->  GroupAggregate  (cost=1076524.94..1144024.94 rows=3000000 width=71)
               Group Key: customer.c_custkey, orders.o_orderkey
               ->  Sort  (cost=1076524.94..1084024.94 rows=3000000 width=44)
                     Sort Key: customer.c_custkey, orders.o_orderkey
                     ->  Hash Join  (cost=7004.21..694448.98 rows=3000000 width=44)
                           Hash Cond: (orders.o_custkey = customer.c_custkey)
                           ->  Merge Join  (cost=32.21..646226.98 rows=3000000 width=25)
                                 Merge Cond: (orders.o_orderkey = lineitem.l_orderkey)
                                 ->  Merge Semi Join  (cost=0.86..372098.18 rows=750000 width=24)
                                       Merge Cond: (orders.o_orderkey = lineitem_1.l_orderkey)
                                       ->  Index Scan using orders_pkey on orders  (cost=0.43..54805.93 rows=1500000 width=20)
                                       ->  Materialize  (cost=0.43..294787.38 rows=1500390 width=4)
                                             ->  GroupAggregate  (cost=0.43..276032.51 rows=1500390 width=4)
                                                   Group Key: lineitem_1.l_orderkey
                                                   Filter: (sum(lineitem_1.l_quantity) > '313'::numeric)
                                                   ->  Index Scan using idx_lineitem_orderkey on lineitem lineitem_1  (cost=0.43..227269.83 rows=6001560 width=9)
                                 ->  Index Scan using idx_lineitem_orderkey on lineitem  (cost=0.43..227269.83 rows=6001560 width=9)
                           ->  Hash  (cost=5097.00..5097.00 rows=150000 width=23)
                                 ->  Seq Scan on customer  (cost=0.00..5097.00 rows=150000 width=23)
(22 rows)

query 19 run 1
SET
SET
SET
                                                                                                                                                                                                                                                                                                                                                                                                                                                                                                            QUERY PLAN                                                                                                                                                                                                                                                                                                                                                                                                                                                                                                            
----------------------------------------------------------------------------------------------------------------------------------------------------------------------------------------------------------------------------------------------------------------------------------------------------------------------------------------------------------------------------------------------------------------------------------------------------------------------------------------------------------------------------------------------------------------------------------------------------------------------------------------------------------------------------------------------------------------------------------------------------------------------------------------------------------------------------------------------------------------------------------------------------------------------------------------------------------------------------------------------------------------------------------
 Limit  (cost=36501.89..36501.90 rows=1 width=32)
   ->  Aggregate  (cost=36501.89..36501.90 rows=1 width=32)
         ->  Nested Loop  (cost=0.43..36501.01 rows=117 width=12)
               ->  Seq Scan on part  (cost=0.00..12599.00 rows=498 width=30)
                     Filter: ((p_size >= 1) AND (((p_brand = 'Brand#24'::bpchar) AND (p_container = ANY ('{"SM CASE","SM BOX","SM PACK","SM PKG"}'::bpchar[])) AND (p_size <= 5)) OR ((p_brand = 'Brand#43'::bpchar) AND (p_container = ANY ('{"MED BAG","MED BOX","MED PKG","MED PACK"}'::bpchar[])) AND (p_size <= 10)) OR ((p_brand = 'Brand#44'::bpchar) AND (p_container = ANY ('{"LG CASE","LG BOX","LG PACK","LG PKG"}'::bpchar[])) AND (p_size <= 15))))
               ->  Index Scan using idx_lineitem_part_supp on lineitem  (cost=0.43..47.99 rows=1 width=21)
                     Index Cond: (l_partkey = part.p_partkey)
                     Filter: ((l_shipmode = ANY ('{AIR,"AIR REG"}'::bpchar[])) AND (l_shipinstruct = 'DELIVER IN PERSON'::bpchar) AND (((l_quantity >= '10'::numeric) AND (l_quantity <= '20'::numeric)) OR ((l_quantity >= '10'::numeric) AND (l_quantity <= '20'::numeric)) OR ((l_quantity >= '20'::numeric) AND (l_quantity <= '30'::numeric))) AND (((part.p_brand = 'Brand#24'::bpchar) AND (part.p_container = ANY ('{"SM CASE","SM BOX","SM PACK","SM PKG"}'::bpchar[])) AND (l_quantity >= '10'::numeric) AND (l_quantity <= '20'::numeric) AND (part.p_size <= 5)) OR ((part.p_brand = 'Brand#43'::bpchar) AND (part.p_container = ANY ('{"MED BAG","MED BOX","MED PKG","MED PACK"}'::bpchar[])) AND (l_quantity >= '10'::numeric) AND (l_quantity <= '20'::numeric) AND (part.p_size <= 10)) OR ((part.p_brand = 'Brand#44'::bpchar) AND (part.p_container = ANY ('{"LG CASE","LG BOX","LG PACK","LG PKG"}'::bpchar[])) AND (l_quantity >= '20'::numeric) AND (l_quantity <= '30'::numeric) AND (part.p_size <= 15))))
(8 rows)

query 19 run 2
SET
SET
SET
                                                                                                                                                                                                                                                                                                                                                                                                                                                                                                            QUERY PLAN                                                                                                                                                                                                                                                                                                                                                                                                                                                                                                            
----------------------------------------------------------------------------------------------------------------------------------------------------------------------------------------------------------------------------------------------------------------------------------------------------------------------------------------------------------------------------------------------------------------------------------------------------------------------------------------------------------------------------------------------------------------------------------------------------------------------------------------------------------------------------------------------------------------------------------------------------------------------------------------------------------------------------------------------------------------------------------------------------------------------------------------------------------------------------------------------------------------------------------
 Limit  (cost=36501.89..36501.90 rows=1 width=32)
   ->  Aggregate  (cost=36501.89..36501.90 rows=1 width=32)
         ->  Nested Loop  (cost=0.43..36501.01 rows=117 width=12)
               ->  Seq Scan on part  (cost=0.00..12599.00 rows=498 width=30)
                     Filter: ((p_size >= 1) AND (((p_brand = 'Brand#24'::bpchar) AND (p_container = ANY ('{"SM CASE","SM BOX","SM PACK","SM PKG"}'::bpchar[])) AND (p_size <= 5)) OR ((p_brand = 'Brand#43'::bpchar) AND (p_container = ANY ('{"MED BAG","MED BOX","MED PKG","MED PACK"}'::bpchar[])) AND (p_size <= 10)) OR ((p_brand = 'Brand#44'::bpchar) AND (p_container = ANY ('{"LG CASE","LG BOX","LG PACK","LG PKG"}'::bpchar[])) AND (p_size <= 15))))
               ->  Index Scan using idx_lineitem_part_supp on lineitem  (cost=0.43..47.99 rows=1 width=21)
                     Index Cond: (l_partkey = part.p_partkey)
                     Filter: ((l_shipmode = ANY ('{AIR,"AIR REG"}'::bpchar[])) AND (l_shipinstruct = 'DELIVER IN PERSON'::bpchar) AND (((l_quantity >= '10'::numeric) AND (l_quantity <= '20'::numeric)) OR ((l_quantity >= '10'::numeric) AND (l_quantity <= '20'::numeric)) OR ((l_quantity >= '20'::numeric) AND (l_quantity <= '30'::numeric))) AND (((part.p_brand = 'Brand#24'::bpchar) AND (part.p_container = ANY ('{"SM CASE","SM BOX","SM PACK","SM PKG"}'::bpchar[])) AND (l_quantity >= '10'::numeric) AND (l_quantity <= '20'::numeric) AND (part.p_size <= 5)) OR ((part.p_brand = 'Brand#43'::bpchar) AND (part.p_container = ANY ('{"MED BAG","MED BOX","MED PKG","MED PACK"}'::bpchar[])) AND (l_quantity >= '10'::numeric) AND (l_quantity <= '20'::numeric) AND (part.p_size <= 10)) OR ((part.p_brand = 'Brand#44'::bpchar) AND (part.p_container = ANY ('{"LG CASE","LG BOX","LG PACK","LG PKG"}'::bpchar[])) AND (l_quantity >= '20'::numeric) AND (l_quantity <= '30'::numeric) AND (part.p_size <= 15))))
(8 rows)

query 19 run 3
SET
SET
SET
                                                                                                                                                                                                                                                                                                                                                                                                                                                                                                            QUERY PLAN                                                                                                                                                                                                                                                                                                                                                                                                                                                                                                            
----------------------------------------------------------------------------------------------------------------------------------------------------------------------------------------------------------------------------------------------------------------------------------------------------------------------------------------------------------------------------------------------------------------------------------------------------------------------------------------------------------------------------------------------------------------------------------------------------------------------------------------------------------------------------------------------------------------------------------------------------------------------------------------------------------------------------------------------------------------------------------------------------------------------------------------------------------------------------------------------------------------------------------
 Limit  (cost=36501.89..36501.90 rows=1 width=32)
   ->  Aggregate  (cost=36501.89..36501.90 rows=1 width=32)
         ->  Nested Loop  (cost=0.43..36501.01 rows=117 width=12)
               ->  Seq Scan on part  (cost=0.00..12599.00 rows=498 width=30)
                     Filter: ((p_size >= 1) AND (((p_brand = 'Brand#24'::bpchar) AND (p_container = ANY ('{"SM CASE","SM BOX","SM PACK","SM PKG"}'::bpchar[])) AND (p_size <= 5)) OR ((p_brand = 'Brand#43'::bpchar) AND (p_container = ANY ('{"MED BAG","MED BOX","MED PKG","MED PACK"}'::bpchar[])) AND (p_size <= 10)) OR ((p_brand = 'Brand#44'::bpchar) AND (p_container = ANY ('{"LG CASE","LG BOX","LG PACK","LG PKG"}'::bpchar[])) AND (p_size <= 15))))
               ->  Index Scan using idx_lineitem_part_supp on lineitem  (cost=0.43..47.99 rows=1 width=21)
                     Index Cond: (l_partkey = part.p_partkey)
                     Filter: ((l_shipmode = ANY ('{AIR,"AIR REG"}'::bpchar[])) AND (l_shipinstruct = 'DELIVER IN PERSON'::bpchar) AND (((l_quantity >= '10'::numeric) AND (l_quantity <= '20'::numeric)) OR ((l_quantity >= '10'::numeric) AND (l_quantity <= '20'::numeric)) OR ((l_quantity >= '20'::numeric) AND (l_quantity <= '30'::numeric))) AND (((part.p_brand = 'Brand#24'::bpchar) AND (part.p_container = ANY ('{"SM CASE","SM BOX","SM PACK","SM PKG"}'::bpchar[])) AND (l_quantity >= '10'::numeric) AND (l_quantity <= '20'::numeric) AND (part.p_size <= 5)) OR ((part.p_brand = 'Brand#43'::bpchar) AND (part.p_container = ANY ('{"MED BAG","MED BOX","MED PKG","MED PACK"}'::bpchar[])) AND (l_quantity >= '10'::numeric) AND (l_quantity <= '20'::numeric) AND (part.p_size <= 10)) OR ((part.p_brand = 'Brand#44'::bpchar) AND (part.p_container = ANY ('{"LG CASE","LG BOX","LG PACK","LG PKG"}'::bpchar[])) AND (l_quantity >= '20'::numeric) AND (l_quantity <= '30'::numeric) AND (part.p_size <= 15))))
(8 rows)

query 20 run 1
SET
SET
SET
                                                                QUERY PLAN                                                                
------------------------------------------------------------------------------------------------------------------------------------------
 Limit  (cost=278401.10..278401.10 rows=1 width=51)
   ->  Sort  (cost=278401.10..278401.60 rows=200 width=51)
         Sort Key: supplier.s_name
         ->  Nested Loop Semi Join  (cost=254267.19..278400.10 rows=200 width=51)
               Join Filter: (supplier.s_suppkey = lineitem.l_suppkey)
               ->  Nested Loop  (cost=6.38..230.58 rows=400 width=55)
                     ->  Seq Scan on nation  (cost=0.00..1.31 rows=1 width=4)
                           Filter: (n_name = 'IRAQ'::bpchar)
                     ->  Bitmap Heap Scan on supplier  (cost=6.38..225.26 rows=400 width=59)
                           Recheck Cond: (s_nationkey = nation.n_nationkey)
                           ->  Bitmap Index Scan on idx_supplier_nation_key  (cost=0.00..6.29 rows=400 width=0)
                                 Index Cond: (s_nationkey = nation.n_nationkey)
               ->  Materialize  (cost=254260.80..277977.60 rows=32 width=8)
                     ->  Merge Join  (cost=254260.80..277977.44 rows=32 width=8)
                           Merge Cond: ((lineitem.l_partkey = partsupp.ps_partkey) AND (lineitem.l_suppkey = partsupp.ps_suppkey))
                           Join Filter: ((partsupp.ps_availqty)::numeric > ((0.5 * sum(lineitem.l_quantity))))
                           ->  GroupAggregate  (cost=241126.30..257513.72 rows=484646 width=40)
                                 Group Key: lineitem.l_partkey, lineitem.l_suppkey
                                 ->  Sort  (cost=241126.30..243405.73 rows=911773 width=13)
                                       Sort Key: lineitem.l_partkey, lineitem.l_suppkey
                                       ->  Bitmap Heap Scan on lineitem  (cost=14612.61..140849.20 rows=911773 width=13)
                                             Recheck Cond: ((l_shipdate >= '1996-01-01'::date) AND (l_shipdate < '1997-01-01'::date))
                                             ->  Bitmap Index Scan on idx_lineitem_shipdate  (cost=0.00..14384.66 rows=911773 width=0)
                                                   Index Cond: ((l_shipdate >= '1996-01-01'::date) AND (l_shipdate < '1997-01-01'::date))
                           ->  Sort  (cost=13134.51..13154.34 rows=7933 width=16)
                                 Sort Key: partsupp.ps_partkey, partsupp.ps_suppkey
                                 ->  Nested Loop  (cost=0.42..12620.70 rows=7933 width=16)
                                       ->  Seq Scan on part  (cost=0.00..6599.00 rows=2020 width=4)
                                             Filter: ((p_name)::text ~~ 'olive%'::text)
                                       ->  Index Scan using idx_partsupp_partkey on partsupp  (cost=0.42..2.94 rows=4 width=12)
                                             Index Cond: (ps_partkey = part.p_partkey)
(31 rows)

query 20 run 2
SET
SET
SET
                                                                QUERY PLAN                                                                
------------------------------------------------------------------------------------------------------------------------------------------
 Limit  (cost=278401.10..278401.10 rows=1 width=51)
   ->  Sort  (cost=278401.10..278401.60 rows=200 width=51)
         Sort Key: supplier.s_name
         ->  Nested Loop Semi Join  (cost=254267.19..278400.10 rows=200 width=51)
               Join Filter: (supplier.s_suppkey = lineitem.l_suppkey)
               ->  Nested Loop  (cost=6.38..230.58 rows=400 width=55)
                     ->  Seq Scan on nation  (cost=0.00..1.31 rows=1 width=4)
                           Filter: (n_name = 'IRAQ'::bpchar)
                     ->  Bitmap Heap Scan on supplier  (cost=6.38..225.26 rows=400 width=59)
                           Recheck Cond: (s_nationkey = nation.n_nationkey)
                           ->  Bitmap Index Scan on idx_supplier_nation_key  (cost=0.00..6.29 rows=400 width=0)
                                 Index Cond: (s_nationkey = nation.n_nationkey)
               ->  Materialize  (cost=254260.80..277977.60 rows=32 width=8)
                     ->  Merge Join  (cost=254260.80..277977.44 rows=32 width=8)
                           Merge Cond: ((lineitem.l_partkey = partsupp.ps_partkey) AND (lineitem.l_suppkey = partsupp.ps_suppkey))
                           Join Filter: ((partsupp.ps_availqty)::numeric > ((0.5 * sum(lineitem.l_quantity))))
                           ->  GroupAggregate  (cost=241126.30..257513.72 rows=484646 width=40)
                                 Group Key: lineitem.l_partkey, lineitem.l_suppkey
                                 ->  Sort  (cost=241126.30..243405.73 rows=911773 width=13)
                                       Sort Key: lineitem.l_partkey, lineitem.l_suppkey
                                       ->  Bitmap Heap Scan on lineitem  (cost=14612.61..140849.20 rows=911773 width=13)
                                             Recheck Cond: ((l_shipdate >= '1996-01-01'::date) AND (l_shipdate < '1997-01-01'::date))
                                             ->  Bitmap Index Scan on idx_lineitem_shipdate  (cost=0.00..14384.66 rows=911773 width=0)
                                                   Index Cond: ((l_shipdate >= '1996-01-01'::date) AND (l_shipdate < '1997-01-01'::date))
                           ->  Sort  (cost=13134.51..13154.34 rows=7933 width=16)
                                 Sort Key: partsupp.ps_partkey, partsupp.ps_suppkey
                                 ->  Nested Loop  (cost=0.42..12620.70 rows=7933 width=16)
                                       ->  Seq Scan on part  (cost=0.00..6599.00 rows=2020 width=4)
                                             Filter: ((p_name)::text ~~ 'olive%'::text)
                                       ->  Index Scan using idx_partsupp_partkey on partsupp  (cost=0.42..2.94 rows=4 width=12)
                                             Index Cond: (ps_partkey = part.p_partkey)
(31 rows)

query 20 run 3
SET
SET
SET
                                                                QUERY PLAN                                                                
------------------------------------------------------------------------------------------------------------------------------------------
 Limit  (cost=278401.10..278401.10 rows=1 width=51)
   ->  Sort  (cost=278401.10..278401.60 rows=200 width=51)
         Sort Key: supplier.s_name
         ->  Nested Loop Semi Join  (cost=254267.19..278400.10 rows=200 width=51)
               Join Filter: (supplier.s_suppkey = lineitem.l_suppkey)
               ->  Nested Loop  (cost=6.38..230.58 rows=400 width=55)
                     ->  Seq Scan on nation  (cost=0.00..1.31 rows=1 width=4)
                           Filter: (n_name = 'IRAQ'::bpchar)
                     ->  Bitmap Heap Scan on supplier  (cost=6.38..225.26 rows=400 width=59)
                           Recheck Cond: (s_nationkey = nation.n_nationkey)
                           ->  Bitmap Index Scan on idx_supplier_nation_key  (cost=0.00..6.29 rows=400 width=0)
                                 Index Cond: (s_nationkey = nation.n_nationkey)
               ->  Materialize  (cost=254260.80..277977.60 rows=32 width=8)
                     ->  Merge Join  (cost=254260.80..277977.44 rows=32 width=8)
                           Merge Cond: ((lineitem.l_partkey = partsupp.ps_partkey) AND (lineitem.l_suppkey = partsupp.ps_suppkey))
                           Join Filter: ((partsupp.ps_availqty)::numeric > ((0.5 * sum(lineitem.l_quantity))))
                           ->  GroupAggregate  (cost=241126.30..257513.72 rows=484646 width=40)
                                 Group Key: lineitem.l_partkey, lineitem.l_suppkey
                                 ->  Sort  (cost=241126.30..243405.73 rows=911773 width=13)
                                       Sort Key: lineitem.l_partkey, lineitem.l_suppkey
                                       ->  Bitmap Heap Scan on lineitem  (cost=14612.61..140849.20 rows=911773 width=13)
                                             Recheck Cond: ((l_shipdate >= '1996-01-01'::date) AND (l_shipdate < '1997-01-01'::date))
                                             ->  Bitmap Index Scan on idx_lineitem_shipdate  (cost=0.00..14384.66 rows=911773 width=0)
                                                   Index Cond: ((l_shipdate >= '1996-01-01'::date) AND (l_shipdate < '1997-01-01'::date))
                           ->  Sort  (cost=13134.51..13154.34 rows=7933 width=16)
                                 Sort Key: partsupp.ps_partkey, partsupp.ps_suppkey
                                 ->  Nested Loop  (cost=0.42..12620.70 rows=7933 width=16)
                                       ->  Seq Scan on part  (cost=0.00..6599.00 rows=2020 width=4)
                                             Filter: ((p_name)::text ~~ 'olive%'::text)
                                       ->  Index Scan using idx_partsupp_partkey on partsupp  (cost=0.42..2.94 rows=4 width=12)
                                             Index Cond: (ps_partkey = part.p_partkey)
(31 rows)

query 21 run 1
SET
SET
SET
                                                                     QUERY PLAN                                                                     
----------------------------------------------------------------------------------------------------------------------------------------------------
 Limit  (cost=248071.39..248071.40 rows=1 width=34)
   ->  Sort  (cost=248071.39..248071.40 rows=1 width=34)
         Sort Key: (count(*)) DESC, supplier.s_name
         ->  GroupAggregate  (cost=248071.36..248071.38 rows=1 width=34)
               Group Key: supplier.s_name
               ->  Sort  (cost=248071.36..248071.37 rows=1 width=26)
                     Sort Key: supplier.s_name
                     ->  Nested Loop Anti Join  (cost=236.87..248071.35 rows=1 width=26)
                           ->  Nested Loop  (cost=236.44..248070.53 rows=1 width=34)
                                 ->  Nested Loop Semi Join  (cost=236.01..248070.05 rows=1 width=38)
                                       ->  Hash Join  (cost=235.58..196117.24 rows=80021 width=34)
                                             Hash Cond: (l1.l_suppkey = supplier.s_suppkey)
                                             ->  Seq Scan on lineitem l1  (cost=0.00..187579.50 rows=2000520 width=8)
                                                   Filter: (l_receiptdate > l_commitdate)
                                             ->  Hash  (cost=230.58..230.58 rows=400 width=30)
                                                   ->  Nested Loop  (cost=6.38..230.58 rows=400 width=30)
                                                         ->  Seq Scan on nation  (cost=0.00..1.31 rows=1 width=4)
                                                               Filter: (n_name = 'PERU'::bpchar)
                                                         ->  Bitmap Heap Scan on supplier  (cost=6.38..225.26 rows=400 width=34)
                                                               Recheck Cond: (s_nationkey = nation.n_nationkey)
                                                               ->  Bitmap Index Scan on idx_supplier_nation_key  (cost=0.00..6.29 rows=400 width=0)
                                                                     Index Cond: (s_nationkey = nation.n_nationkey)
                                       ->  Index Scan using idx_lineitem_orderkey on lineitem l2  (cost=0.43..0.61 rows=4 width=8)
                                             Index Cond: (l_orderkey = l1.l_orderkey)
                                             Filter: (l_suppkey <> l1.l_suppkey)
                                 ->  Index Scan using orders_pkey on orders  (cost=0.43..0.47 rows=1 width=4)
                                       Index Cond: (o_orderkey = l1.l_orderkey)
                                       Filter: (o_orderstatus = 'F'::bpchar)
                           ->  Index Scan using idx_lineitem_orderkey on lineitem l3  (cost=0.43..0.62 rows=1 width=8)
                                 Index Cond: (l_orderkey = l1.l_orderkey)
                                 Filter: ((l_receiptdate > l_commitdate) AND (l_suppkey <> l1.l_suppkey))
(31 rows)

query 21 run 2
SET
SET
SET
                                                                     QUERY PLAN                                                                     
----------------------------------------------------------------------------------------------------------------------------------------------------
 Limit  (cost=248071.39..248071.40 rows=1 width=34)
   ->  Sort  (cost=248071.39..248071.40 rows=1 width=34)
         Sort Key: (count(*)) DESC, supplier.s_name
         ->  GroupAggregate  (cost=248071.36..248071.38 rows=1 width=34)
               Group Key: supplier.s_name
               ->  Sort  (cost=248071.36..248071.37 rows=1 width=26)
                     Sort Key: supplier.s_name
                     ->  Nested Loop Anti Join  (cost=236.87..248071.35 rows=1 width=26)
                           ->  Nested Loop  (cost=236.44..248070.53 rows=1 width=34)
                                 ->  Nested Loop Semi Join  (cost=236.01..248070.05 rows=1 width=38)
                                       ->  Hash Join  (cost=235.58..196117.24 rows=80021 width=34)
                                             Hash Cond: (l1.l_suppkey = supplier.s_suppkey)
                                             ->  Seq Scan on lineitem l1  (cost=0.00..187579.50 rows=2000520 width=8)
                                                   Filter: (l_receiptdate > l_commitdate)
                                             ->  Hash  (cost=230.58..230.58 rows=400 width=30)
                                                   ->  Nested Loop  (cost=6.38..230.58 rows=400 width=30)
                                                         ->  Seq Scan on nation  (cost=0.00..1.31 rows=1 width=4)
                                                               Filter: (n_name = 'PERU'::bpchar)
                                                         ->  Bitmap Heap Scan on supplier  (cost=6.38..225.26 rows=400 width=34)
                                                               Recheck Cond: (s_nationkey = nation.n_nationkey)
                                                               ->  Bitmap Index Scan on idx_supplier_nation_key  (cost=0.00..6.29 rows=400 width=0)
                                                                     Index Cond: (s_nationkey = nation.n_nationkey)
                                       ->  Index Scan using idx_lineitem_orderkey on lineitem l2  (cost=0.43..0.61 rows=4 width=8)
                                             Index Cond: (l_orderkey = l1.l_orderkey)
                                             Filter: (l_suppkey <> l1.l_suppkey)
                                 ->  Index Scan using orders_pkey on orders  (cost=0.43..0.47 rows=1 width=4)
                                       Index Cond: (o_orderkey = l1.l_orderkey)
                                       Filter: (o_orderstatus = 'F'::bpchar)
                           ->  Index Scan using idx_lineitem_orderkey on lineitem l3  (cost=0.43..0.62 rows=1 width=8)
                                 Index Cond: (l_orderkey = l1.l_orderkey)
                                 Filter: ((l_receiptdate > l_commitdate) AND (l_suppkey <> l1.l_suppkey))
(31 rows)

query 21 run 3
SET
SET
SET
                                                                     QUERY PLAN                                                                     
----------------------------------------------------------------------------------------------------------------------------------------------------
 Limit  (cost=248071.39..248071.40 rows=1 width=34)
   ->  Sort  (cost=248071.39..248071.40 rows=1 width=34)
         Sort Key: (count(*)) DESC, supplier.s_name
         ->  GroupAggregate  (cost=248071.36..248071.38 rows=1 width=34)
               Group Key: supplier.s_name
               ->  Sort  (cost=248071.36..248071.37 rows=1 width=26)
                     Sort Key: supplier.s_name
                     ->  Nested Loop Anti Join  (cost=236.87..248071.35 rows=1 width=26)
                           ->  Nested Loop  (cost=236.44..248070.53 rows=1 width=34)
                                 ->  Nested Loop Semi Join  (cost=236.01..248070.05 rows=1 width=38)
                                       ->  Hash Join  (cost=235.58..196117.24 rows=80021 width=34)
                                             Hash Cond: (l1.l_suppkey = supplier.s_suppkey)
                                             ->  Seq Scan on lineitem l1  (cost=0.00..187579.50 rows=2000520 width=8)
                                                   Filter: (l_receiptdate > l_commitdate)
                                             ->  Hash  (cost=230.58..230.58 rows=400 width=30)
                                                   ->  Nested Loop  (cost=6.38..230.58 rows=400 width=30)
                                                         ->  Seq Scan on nation  (cost=0.00..1.31 rows=1 width=4)
                                                               Filter: (n_name = 'PERU'::bpchar)
                                                         ->  Bitmap Heap Scan on supplier  (cost=6.38..225.26 rows=400 width=34)
                                                               Recheck Cond: (s_nationkey = nation.n_nationkey)
                                                               ->  Bitmap Index Scan on idx_supplier_nation_key  (cost=0.00..6.29 rows=400 width=0)
                                                                     Index Cond: (s_nationkey = nation.n_nationkey)
                                       ->  Index Scan using idx_lineitem_orderkey on lineitem l2  (cost=0.43..0.61 rows=4 width=8)
                                             Index Cond: (l_orderkey = l1.l_orderkey)
                                             Filter: (l_suppkey <> l1.l_suppkey)
                                 ->  Index Scan using orders_pkey on orders  (cost=0.43..0.47 rows=1 width=4)
                                       Index Cond: (o_orderkey = l1.l_orderkey)
                                       Filter: (o_orderstatus = 'F'::bpchar)
                           ->  Index Scan using idx_lineitem_orderkey on lineitem l3  (cost=0.43..0.62 rows=1 width=8)
                                 Index Cond: (l_orderkey = l1.l_orderkey)
                                 Filter: ((l_receiptdate > l_commitdate) AND (l_suppkey <> l1.l_suppkey))
(31 rows)

query 22 run 1
SET
SET
SET
                                                               QUERY PLAN                                                               
----------------------------------------------------------------------------------------------------------------------------------------
 Limit  (cost=16123.12..16123.15 rows=1 width=72)
   InitPlan 1 (returns $0)
     ->  Aggregate  (cost=7546.46..7546.47 rows=1 width=32)
           ->  Seq Scan on customer customer_1  (cost=0.00..7534.50 rows=4782 width=6)
                 Filter: ((c_acctbal > 0.00) AND ("substring"((c_phone)::text, 1, 2) = ANY ('{21,29,26,34,14,15,17}'::text[])))
   ->  GroupAggregate  (cost=8576.66..8596.98 rows=739 width=72)
         Group Key: ("substring"((customer.c_phone)::text, 1, 2))
         ->  Sort  (cost=8576.66..8578.50 rows=739 width=38)
               Sort Key: ("substring"((customer.c_phone)::text, 1, 2))
               ->  Nested Loop Anti Join  (cost=0.43..8541.45 rows=739 width=38)
                     ->  Seq Scan on customer  (cost=0.00..7534.50 rows=1750 width=26)
                           Filter: ((c_acctbal > $0) AND ("substring"((c_phone)::text, 1, 2) = ANY ('{21,29,26,34,14,15,17}'::text[])))
                     ->  Index Only Scan using idx_orders_custkey on orders  (cost=0.43..1.96 rows=17 width=4)
                           Index Cond: (o_custkey = customer.c_custkey)
(14 rows)

query 22 run 2
SET
SET
SET
                                                               QUERY PLAN                                                               
----------------------------------------------------------------------------------------------------------------------------------------
 Limit  (cost=16123.12..16123.15 rows=1 width=72)
   InitPlan 1 (returns $0)
     ->  Aggregate  (cost=7546.46..7546.47 rows=1 width=32)
           ->  Seq Scan on customer customer_1  (cost=0.00..7534.50 rows=4782 width=6)
                 Filter: ((c_acctbal > 0.00) AND ("substring"((c_phone)::text, 1, 2) = ANY ('{21,29,26,34,14,15,17}'::text[])))
   ->  GroupAggregate  (cost=8576.66..8596.98 rows=739 width=72)
         Group Key: ("substring"((customer.c_phone)::text, 1, 2))
         ->  Sort  (cost=8576.66..8578.50 rows=739 width=38)
               Sort Key: ("substring"((customer.c_phone)::text, 1, 2))
               ->  Nested Loop Anti Join  (cost=0.43..8541.45 rows=739 width=38)
                     ->  Seq Scan on customer  (cost=0.00..7534.50 rows=1750 width=26)
                           Filter: ((c_acctbal > $0) AND ("substring"((c_phone)::text, 1, 2) = ANY ('{21,29,26,34,14,15,17}'::text[])))
                     ->  Index Only Scan using idx_orders_custkey on orders  (cost=0.43..1.96 rows=17 width=4)
                           Index Cond: (o_custkey = customer.c_custkey)
(14 rows)

query 22 run 3
SET
SET
SET
                                                               QUERY PLAN                                                               
----------------------------------------------------------------------------------------------------------------------------------------
 Limit  (cost=16123.12..16123.15 rows=1 width=72)
   InitPlan 1 (returns $0)
     ->  Aggregate  (cost=7546.46..7546.47 rows=1 width=32)
           ->  Seq Scan on customer customer_1  (cost=0.00..7534.50 rows=4782 width=6)
                 Filter: ((c_acctbal > 0.00) AND ("substring"((c_phone)::text, 1, 2) = ANY ('{21,29,26,34,14,15,17}'::text[])))
   ->  GroupAggregate  (cost=8576.66..8596.98 rows=739 width=72)
         Group Key: ("substring"((customer.c_phone)::text, 1, 2))
         ->  Sort  (cost=8576.66..8578.50 rows=739 width=38)
               Sort Key: ("substring"((customer.c_phone)::text, 1, 2))
               ->  Nested Loop Anti Join  (cost=0.43..8541.45 rows=739 width=38)
                     ->  Seq Scan on customer  (cost=0.00..7534.50 rows=1750 width=26)
                           Filter: ((c_acctbal > $0) AND ("substring"((c_phone)::text, 1, 2) = ANY ('{21,29,26,34,14,15,17}'::text[])))
                     ->  Index Only Scan using idx_orders_custkey on orders  (cost=0.43..1.96 rows=17 width=4)
                           Index Cond: (o_custkey = customer.c_custkey)
(14 rows)

