query 1 run 1
SET
SET
                                           QUERY PLAN                                           
------------------------------------------------------------------------------------------------
 Limit  (cost=341792.86..341792.87 rows=1 width=33)
   ->  Sort  (cost=341792.86..341792.88 rows=6 width=33)
         Sort Key: l_returnflag, l_linestatus
         ->  HashAggregate  (cost=341792.56..341792.83 rows=6 width=33)
               ->  Seq Scan on lineitem  (cost=0.00..193583.01 rows=5928382 width=33)
                     Filter: (l_shipdate <= '1998-09-10 00:00:00'::timestamp without time zone)
(6 rows)

query 1 run 2
SET
SET
                                           QUERY PLAN                                           
------------------------------------------------------------------------------------------------
 Limit  (cost=341792.86..341792.87 rows=1 width=33)
   ->  Sort  (cost=341792.86..341792.88 rows=6 width=33)
         Sort Key: l_returnflag, l_linestatus
         ->  HashAggregate  (cost=341792.56..341792.83 rows=6 width=33)
               ->  Seq Scan on lineitem  (cost=0.00..193583.01 rows=5928382 width=33)
                     Filter: (l_shipdate <= '1998-09-10 00:00:00'::timestamp without time zone)
(6 rows)

query 1 run 3
SET
SET
                                           QUERY PLAN                                           
------------------------------------------------------------------------------------------------
 Limit  (cost=341792.86..341792.87 rows=1 width=33)
   ->  Sort  (cost=341792.86..341792.88 rows=6 width=33)
         Sort Key: l_returnflag, l_linestatus
         ->  HashAggregate  (cost=341792.56..341792.83 rows=6 width=33)
               ->  Seq Scan on lineitem  (cost=0.00..193583.01 rows=5928382 width=33)
                     Filter: (l_shipdate <= '1998-09-10 00:00:00'::timestamp without time zone)
(6 rows)

query 2 run 1
SET
SET
                                                            QUERY PLAN                                                            
----------------------------------------------------------------------------------------------------------------------------------
 Limit  (cost=69251.98..69251.99 rows=1 width=194)
   ->  Sort  (cost=69251.98..69251.99 rows=1 width=194)
         Sort Key: public.supplier.s_acctbal, public.nation.n_name, public.supplier.s_name, part.p_partkey
         ->  Merge Join  (cost=45675.22..69251.97 rows=1 width=194)
               Merge Cond: (part.p_partkey = public.partsupp.ps_partkey)
               Join Filter: (public.partsupp.ps_supplycost = (SubPlan 1))
               ->  Index Scan using part_pkey on part  (cost=0.00..8984.26 rows=932 width=30)
                     Filter: (((p_type)::text ~~ '%NICKEL'::text) AND (p_size = 16))
               ->  Sort  (cost=45675.20..46075.20 rows=160000 width=176)
                     Sort Key: public.partsupp.ps_partkey
                     ->  Hash Join  (cost=410.03..31845.03 rows=160000 width=176)
                           Hash Cond: (public.partsupp.ps_suppkey = public.supplier.s_suppkey)
                           ->  Seq Scan on partsupp  (cost=0.00..25835.00 rows=800000 width=16)
                           ->  Hash  (cost=385.03..385.03 rows=2000 width=168)
                                 ->  Hash Join  (cost=2.53..385.03 rows=2000 width=168)
                                       Hash Cond: (public.supplier.s_nationkey = public.nation.n_nationkey)
                                       ->  Seq Scan on supplier  (cost=0.00..325.00 rows=10000 width=146)
                                       ->  Hash  (cost=2.47..2.47 rows=5 width=30)
                                             ->  Hash Join  (cost=1.07..2.47 rows=5 width=30)
                                                   Hash Cond: (public.nation.n_regionkey = public.region.r_regionkey)
                                                   ->  Seq Scan on nation  (cost=0.00..1.25 rows=25 width=34)
                                                   ->  Hash  (cost=1.06..1.06 rows=1 width=4)
                                                         ->  Seq Scan on region  (cost=0.00..1.06 rows=1 width=4)
                                                               Filter: (r_name = 'AMERICA'::bpchar)
               SubPlan 1
                 ->  Aggregate  (cost=18.71..18.72 rows=1 width=8)
                       ->  Nested Loop  (cost=0.00..18.71 rows=1 width=8)
                             Join Filter: (public.nation.n_regionkey = public.region.r_regionkey)
                             ->  Seq Scan on region  (cost=0.00..1.06 rows=1 width=4)
                                   Filter: (r_name = 'AMERICA'::bpchar)
                             ->  Nested Loop  (cost=0.00..17.60 rows=4 width=12)
                                   ->  Nested Loop  (cost=0.00..16.47 rows=4 width=12)
                                         ->  Index Scan using idx_partsupp_partkey on partsupp  (cost=0.00..3.35 rows=4 width=12)
                                               Index Cond: ($0 = ps_partkey)
                                         ->  Index Scan using supplier_pkey on supplier  (cost=0.00..3.27 rows=1 width=8)
                                               Index Cond: (public.supplier.s_suppkey = public.partsupp.ps_suppkey)
                                   ->  Index Scan using nation_pkey on nation  (cost=0.00..0.27 rows=1 width=8)
                                         Index Cond: (public.nation.n_nationkey = public.supplier.s_nationkey)
(38 rows)

query 2 run 2
SET
SET
                                                            QUERY PLAN                                                            
----------------------------------------------------------------------------------------------------------------------------------
 Limit  (cost=69251.98..69251.99 rows=1 width=194)
   ->  Sort  (cost=69251.98..69251.99 rows=1 width=194)
         Sort Key: public.supplier.s_acctbal, public.nation.n_name, public.supplier.s_name, part.p_partkey
         ->  Merge Join  (cost=45675.22..69251.97 rows=1 width=194)
               Merge Cond: (part.p_partkey = public.partsupp.ps_partkey)
               Join Filter: (public.partsupp.ps_supplycost = (SubPlan 1))
               ->  Index Scan using part_pkey on part  (cost=0.00..8984.26 rows=932 width=30)
                     Filter: (((p_type)::text ~~ '%NICKEL'::text) AND (p_size = 16))
               ->  Sort  (cost=45675.20..46075.20 rows=160000 width=176)
                     Sort Key: public.partsupp.ps_partkey
                     ->  Hash Join  (cost=410.03..31845.03 rows=160000 width=176)
                           Hash Cond: (public.partsupp.ps_suppkey = public.supplier.s_suppkey)
                           ->  Seq Scan on partsupp  (cost=0.00..25835.00 rows=800000 width=16)
                           ->  Hash  (cost=385.03..385.03 rows=2000 width=168)
                                 ->  Hash Join  (cost=2.53..385.03 rows=2000 width=168)
                                       Hash Cond: (public.supplier.s_nationkey = public.nation.n_nationkey)
                                       ->  Seq Scan on supplier  (cost=0.00..325.00 rows=10000 width=146)
                                       ->  Hash  (cost=2.47..2.47 rows=5 width=30)
                                             ->  Hash Join  (cost=1.07..2.47 rows=5 width=30)
                                                   Hash Cond: (public.nation.n_regionkey = public.region.r_regionkey)
                                                   ->  Seq Scan on nation  (cost=0.00..1.25 rows=25 width=34)
                                                   ->  Hash  (cost=1.06..1.06 rows=1 width=4)
                                                         ->  Seq Scan on region  (cost=0.00..1.06 rows=1 width=4)
                                                               Filter: (r_name = 'AMERICA'::bpchar)
               SubPlan 1
                 ->  Aggregate  (cost=18.71..18.72 rows=1 width=8)
                       ->  Nested Loop  (cost=0.00..18.71 rows=1 width=8)
                             Join Filter: (public.nation.n_regionkey = public.region.r_regionkey)
                             ->  Seq Scan on region  (cost=0.00..1.06 rows=1 width=4)
                                   Filter: (r_name = 'AMERICA'::bpchar)
                             ->  Nested Loop  (cost=0.00..17.60 rows=4 width=12)
                                   ->  Nested Loop  (cost=0.00..16.47 rows=4 width=12)
                                         ->  Index Scan using idx_partsupp_partkey on partsupp  (cost=0.00..3.35 rows=4 width=12)
                                               Index Cond: ($0 = ps_partkey)
                                         ->  Index Scan using supplier_pkey on supplier  (cost=0.00..3.27 rows=1 width=8)
                                               Index Cond: (public.supplier.s_suppkey = public.partsupp.ps_suppkey)
                                   ->  Index Scan using nation_pkey on nation  (cost=0.00..0.27 rows=1 width=8)
                                         Index Cond: (public.nation.n_nationkey = public.supplier.s_nationkey)
(38 rows)

query 2 run 3
SET
SET
                                                            QUERY PLAN                                                            
----------------------------------------------------------------------------------------------------------------------------------
 Limit  (cost=69251.98..69251.99 rows=1 width=194)
   ->  Sort  (cost=69251.98..69251.99 rows=1 width=194)
         Sort Key: public.supplier.s_acctbal, public.nation.n_name, public.supplier.s_name, part.p_partkey
         ->  Merge Join  (cost=45675.22..69251.97 rows=1 width=194)
               Merge Cond: (part.p_partkey = public.partsupp.ps_partkey)
               Join Filter: (public.partsupp.ps_supplycost = (SubPlan 1))
               ->  Index Scan using part_pkey on part  (cost=0.00..8984.26 rows=932 width=30)
                     Filter: (((p_type)::text ~~ '%NICKEL'::text) AND (p_size = 16))
               ->  Sort  (cost=45675.20..46075.20 rows=160000 width=176)
                     Sort Key: public.partsupp.ps_partkey
                     ->  Hash Join  (cost=410.03..31845.03 rows=160000 width=176)
                           Hash Cond: (public.partsupp.ps_suppkey = public.supplier.s_suppkey)
                           ->  Seq Scan on partsupp  (cost=0.00..25835.00 rows=800000 width=16)
                           ->  Hash  (cost=385.03..385.03 rows=2000 width=168)
                                 ->  Hash Join  (cost=2.53..385.03 rows=2000 width=168)
                                       Hash Cond: (public.supplier.s_nationkey = public.nation.n_nationkey)
                                       ->  Seq Scan on supplier  (cost=0.00..325.00 rows=10000 width=146)
                                       ->  Hash  (cost=2.47..2.47 rows=5 width=30)
                                             ->  Hash Join  (cost=1.07..2.47 rows=5 width=30)
                                                   Hash Cond: (public.nation.n_regionkey = public.region.r_regionkey)
                                                   ->  Seq Scan on nation  (cost=0.00..1.25 rows=25 width=34)
                                                   ->  Hash  (cost=1.06..1.06 rows=1 width=4)
                                                         ->  Seq Scan on region  (cost=0.00..1.06 rows=1 width=4)
                                                               Filter: (r_name = 'AMERICA'::bpchar)
               SubPlan 1
                 ->  Aggregate  (cost=18.71..18.72 rows=1 width=8)
                       ->  Nested Loop  (cost=0.00..18.71 rows=1 width=8)
                             Join Filter: (public.nation.n_regionkey = public.region.r_regionkey)
                             ->  Seq Scan on region  (cost=0.00..1.06 rows=1 width=4)
                                   Filter: (r_name = 'AMERICA'::bpchar)
                             ->  Nested Loop  (cost=0.00..17.60 rows=4 width=12)
                                   ->  Nested Loop  (cost=0.00..16.47 rows=4 width=12)
                                         ->  Index Scan using idx_partsupp_partkey on partsupp  (cost=0.00..3.35 rows=4 width=12)
                                               Index Cond: ($0 = ps_partkey)
                                         ->  Index Scan using supplier_pkey on supplier  (cost=0.00..3.27 rows=1 width=8)
                                               Index Cond: (public.supplier.s_suppkey = public.partsupp.ps_suppkey)
                                   ->  Index Scan using nation_pkey on nation  (cost=0.00..0.27 rows=1 width=8)
                                         Index Cond: (public.nation.n_nationkey = public.supplier.s_nationkey)
(38 rows)

query 3 run 1
SET
SET
                                                             QUERY PLAN                                                              
-------------------------------------------------------------------------------------------------------------------------------------
 Limit  (cost=315887.76..315887.78 rows=10 width=28)
   ->  Sort  (cost=315887.76..316680.00 rows=316898 width=28)
         Sort Key: (sum((lineitem.l_extendedprice * (1::numeric - lineitem.l_discount)))), orders.o_orderdate
         ->  GroupAggregate  (cost=299532.76..309039.70 rows=316898 width=28)
               ->  Sort  (cost=299532.76..300325.01 rows=316898 width=28)
                     Sort Key: lineitem.l_orderkey, orders.o_orderdate, orders.o_shippriority
                     ->  Hash Join  (cost=61500.77..270578.33 rows=316898 width=28)
                           Hash Cond: (lineitem.l_orderkey = orders.o_orderkey)
                           ->  Seq Scan on lineitem  (cost=0.00..193583.01 rows=3286819 width=20)
                                 Filter: (l_shipdate > '1995-03-07'::date)
                           ->  Hash  (cost=59692.61..59692.61 rows=144653 width=12)
                                 ->  Hash Join  (cost=14391.62..59692.61 rows=144653 width=12)
                                       Hash Cond: (orders.o_custkey = customer.c_custkey)
                                       ->  Bitmap Heap Scan on orders  (cost=8505.18..44296.84 rows=716693 width=16)
                                             Recheck Cond: (o_orderdate < '1995-03-07'::date)
                                             ->  Bitmap Index Scan on idx_orders_orderdate  (cost=0.00..8326.01 rows=716693 width=0)
                                                   Index Cond: (o_orderdate < '1995-03-07'::date)
                                       ->  Hash  (cost=5508.00..5508.00 rows=30275 width=4)
                                             ->  Seq Scan on customer  (cost=0.00..5508.00 rows=30275 width=4)
                                                   Filter: (c_mktsegment = 'BUILDING'::bpchar)
(20 rows)

query 3 run 2
SET
SET
                                                             QUERY PLAN                                                              
-------------------------------------------------------------------------------------------------------------------------------------
 Limit  (cost=315887.76..315887.78 rows=10 width=28)
   ->  Sort  (cost=315887.76..316680.00 rows=316898 width=28)
         Sort Key: (sum((lineitem.l_extendedprice * (1::numeric - lineitem.l_discount)))), orders.o_orderdate
         ->  GroupAggregate  (cost=299532.76..309039.70 rows=316898 width=28)
               ->  Sort  (cost=299532.76..300325.01 rows=316898 width=28)
                     Sort Key: lineitem.l_orderkey, orders.o_orderdate, orders.o_shippriority
                     ->  Hash Join  (cost=61500.77..270578.33 rows=316898 width=28)
                           Hash Cond: (lineitem.l_orderkey = orders.o_orderkey)
                           ->  Seq Scan on lineitem  (cost=0.00..193583.01 rows=3286819 width=20)
                                 Filter: (l_shipdate > '1995-03-07'::date)
                           ->  Hash  (cost=59692.61..59692.61 rows=144653 width=12)
                                 ->  Hash Join  (cost=14391.62..59692.61 rows=144653 width=12)
                                       Hash Cond: (orders.o_custkey = customer.c_custkey)
                                       ->  Bitmap Heap Scan on orders  (cost=8505.18..44296.84 rows=716693 width=16)
                                             Recheck Cond: (o_orderdate < '1995-03-07'::date)
                                             ->  Bitmap Index Scan on idx_orders_orderdate  (cost=0.00..8326.01 rows=716693 width=0)
                                                   Index Cond: (o_orderdate < '1995-03-07'::date)
                                       ->  Hash  (cost=5508.00..5508.00 rows=30275 width=4)
                                             ->  Seq Scan on customer  (cost=0.00..5508.00 rows=30275 width=4)
                                                   Filter: (c_mktsegment = 'BUILDING'::bpchar)
(20 rows)

query 3 run 3
SET
SET
                                                             QUERY PLAN                                                              
-------------------------------------------------------------------------------------------------------------------------------------
 Limit  (cost=315887.76..315887.78 rows=10 width=28)
   ->  Sort  (cost=315887.76..316680.00 rows=316898 width=28)
         Sort Key: (sum((lineitem.l_extendedprice * (1::numeric - lineitem.l_discount)))), orders.o_orderdate
         ->  GroupAggregate  (cost=299532.76..309039.70 rows=316898 width=28)
               ->  Sort  (cost=299532.76..300325.01 rows=316898 width=28)
                     Sort Key: lineitem.l_orderkey, orders.o_orderdate, orders.o_shippriority
                     ->  Hash Join  (cost=61500.77..270578.33 rows=316898 width=28)
                           Hash Cond: (lineitem.l_orderkey = orders.o_orderkey)
                           ->  Seq Scan on lineitem  (cost=0.00..193583.01 rows=3286819 width=20)
                                 Filter: (l_shipdate > '1995-03-07'::date)
                           ->  Hash  (cost=59692.61..59692.61 rows=144653 width=12)
                                 ->  Hash Join  (cost=14391.62..59692.61 rows=144653 width=12)
                                       Hash Cond: (orders.o_custkey = customer.c_custkey)
                                       ->  Bitmap Heap Scan on orders  (cost=8505.18..44296.84 rows=716693 width=16)
                                             Recheck Cond: (o_orderdate < '1995-03-07'::date)
                                             ->  Bitmap Index Scan on idx_orders_orderdate  (cost=0.00..8326.01 rows=716693 width=0)
                                                   Index Cond: (o_orderdate < '1995-03-07'::date)
                                       ->  Hash  (cost=5508.00..5508.00 rows=30275 width=4)
                                             ->  Seq Scan on customer  (cost=0.00..5508.00 rows=30275 width=4)
                                                   Filter: (c_mktsegment = 'BUILDING'::bpchar)
(20 rows)

query 4 run 1
SET
SET
                                                        QUERY PLAN                                                        
--------------------------------------------------------------------------------------------------------------------------
 Limit  (cost=185458.32..185458.33 rows=1 width=16)
   ->  Sort  (cost=185458.32..185458.33 rows=1 width=16)
         Sort Key: orders.o_orderpriority
         ->  HashAggregate  (cost=185458.30..185458.31 rows=1 width=16)
               ->  Nested Loop Semi Join  (cost=795.30..185181.72 rows=55316 width=16)
                     ->  Bitmap Heap Scan on orders  (cost=795.30..28458.04 rows=55316 width=20)
                           Recheck Cond: ((o_orderdate >= '1993-12-01'::date) AND (o_orderdate < '1994-03-01'::date))
                           ->  Bitmap Index Scan on idx_orders_orderdate  (cost=0.00..781.47 rows=55316 width=0)
                                 Index Cond: ((o_orderdate >= '1993-12-01'::date) AND (o_orderdate < '1994-03-01'::date))
                     ->  Index Scan using idx_lineitem_orderkey on lineitem  (cost=0.00..3.29 rows=1 width=4)
                           Index Cond: (lineitem.l_orderkey = orders.o_orderkey)
                           Filter: (lineitem.l_commitdate < lineitem.l_receiptdate)
(12 rows)

query 4 run 2
SET
SET
                                                        QUERY PLAN                                                        
--------------------------------------------------------------------------------------------------------------------------
 Limit  (cost=185458.32..185458.33 rows=1 width=16)
   ->  Sort  (cost=185458.32..185458.33 rows=1 width=16)
         Sort Key: orders.o_orderpriority
         ->  HashAggregate  (cost=185458.30..185458.31 rows=1 width=16)
               ->  Nested Loop Semi Join  (cost=795.30..185181.72 rows=55316 width=16)
                     ->  Bitmap Heap Scan on orders  (cost=795.30..28458.04 rows=55316 width=20)
                           Recheck Cond: ((o_orderdate >= '1993-12-01'::date) AND (o_orderdate < '1994-03-01'::date))
                           ->  Bitmap Index Scan on idx_orders_orderdate  (cost=0.00..781.47 rows=55316 width=0)
                                 Index Cond: ((o_orderdate >= '1993-12-01'::date) AND (o_orderdate < '1994-03-01'::date))
                     ->  Index Scan using idx_lineitem_orderkey on lineitem  (cost=0.00..3.29 rows=1 width=4)
                           Index Cond: (lineitem.l_orderkey = orders.o_orderkey)
                           Filter: (lineitem.l_commitdate < lineitem.l_receiptdate)
(12 rows)

query 4 run 3
SET
SET
                                                        QUERY PLAN                                                        
--------------------------------------------------------------------------------------------------------------------------
 Limit  (cost=185458.32..185458.33 rows=1 width=16)
   ->  Sort  (cost=185458.32..185458.33 rows=1 width=16)
         Sort Key: orders.o_orderpriority
         ->  HashAggregate  (cost=185458.30..185458.31 rows=1 width=16)
               ->  Nested Loop Semi Join  (cost=795.30..185181.72 rows=55316 width=16)
                     ->  Bitmap Heap Scan on orders  (cost=795.30..28458.04 rows=55316 width=20)
                           Recheck Cond: ((o_orderdate >= '1993-12-01'::date) AND (o_orderdate < '1994-03-01'::date))
                           ->  Bitmap Index Scan on idx_orders_orderdate  (cost=0.00..781.47 rows=55316 width=0)
                                 Index Cond: ((o_orderdate >= '1993-12-01'::date) AND (o_orderdate < '1994-03-01'::date))
                     ->  Index Scan using idx_lineitem_orderkey on lineitem  (cost=0.00..3.29 rows=1 width=4)
                           Index Cond: (lineitem.l_orderkey = orders.o_orderkey)
                           Filter: (lineitem.l_commitdate < lineitem.l_receiptdate)
(12 rows)

query 5 run 1
SET
SET
                                                              QUERY PLAN                                                              
--------------------------------------------------------------------------------------------------------------------------------------
 Limit  (cost=193914.70..193914.70 rows=1 width=42)
   ->  Sort  (cost=193914.70..193914.76 rows=25 width=42)
         Sort Key: (sum((lineitem.l_extendedprice * (1::numeric - lineitem.l_discount))))
         ->  HashAggregate  (cost=193914.14..193914.58 rows=25 width=42)
               ->  Hash Join  (cost=10020.11..193878.84 rows=7060 width=42)
                     Hash Cond: ((lineitem.l_suppkey = supplier.s_suppkey) AND (customer.c_nationkey = supplier.s_nationkey))
                     ->  Nested Loop  (cost=9545.11..188035.06 rows=176606 width=54)
                           ->  Hash Join  (cost=9545.11..41234.79 rows=44152 width=38)
                                 Hash Cond: (orders.o_custkey = customer.c_custkey)
                                 ->  Bitmap Heap Scan on orders  (cost=3172.08..33316.45 rows=220758 width=8)
                                       Recheck Cond: ((o_orderdate >= '1993-01-01'::date) AND (o_orderdate < '1994-01-01'::date))
                                       ->  Bitmap Index Scan on idx_orders_orderdate  (cost=0.00..3116.89 rows=220758 width=0)
                                             Index Cond: ((o_orderdate >= '1993-01-01'::date) AND (o_orderdate < '1994-01-01'::date))
                                 ->  Hash  (cost=5998.03..5998.03 rows=30000 width=38)
                                       ->  Hash Join  (cost=2.53..5998.03 rows=30000 width=38)
                                             Hash Cond: (customer.c_nationkey = nation.n_nationkey)
                                             ->  Seq Scan on customer  (cost=0.00..5133.00 rows=150000 width=8)
                                             ->  Hash  (cost=2.47..2.47 rows=5 width=30)
                                                   ->  Hash Join  (cost=1.07..2.47 rows=5 width=30)
                                                         Hash Cond: (nation.n_regionkey = region.r_regionkey)
                                                         ->  Seq Scan on nation  (cost=0.00..1.25 rows=25 width=34)
                                                         ->  Hash  (cost=1.06..1.06 rows=1 width=4)
                                                               ->  Seq Scan on region  (cost=0.00..1.06 rows=1 width=4)
                                                                     Filter: (r_name = 'AMERICA'::bpchar)
                           ->  Index Scan using idx_lineitem_orderkey on lineitem  (cost=0.00..3.27 rows=4 width=24)
                                 Index Cond: (lineitem.l_orderkey = orders.o_orderkey)
                     ->  Hash  (cost=325.00..325.00 rows=10000 width=8)
                           ->  Seq Scan on supplier  (cost=0.00..325.00 rows=10000 width=8)
(28 rows)

query 5 run 2
SET
SET
                                                              QUERY PLAN                                                              
--------------------------------------------------------------------------------------------------------------------------------------
 Limit  (cost=193914.70..193914.70 rows=1 width=42)
   ->  Sort  (cost=193914.70..193914.76 rows=25 width=42)
         Sort Key: (sum((lineitem.l_extendedprice * (1::numeric - lineitem.l_discount))))
         ->  HashAggregate  (cost=193914.14..193914.58 rows=25 width=42)
               ->  Hash Join  (cost=10020.11..193878.84 rows=7060 width=42)
                     Hash Cond: ((lineitem.l_suppkey = supplier.s_suppkey) AND (customer.c_nationkey = supplier.s_nationkey))
                     ->  Nested Loop  (cost=9545.11..188035.06 rows=176606 width=54)
                           ->  Hash Join  (cost=9545.11..41234.79 rows=44152 width=38)
                                 Hash Cond: (orders.o_custkey = customer.c_custkey)
                                 ->  Bitmap Heap Scan on orders  (cost=3172.08..33316.45 rows=220758 width=8)
                                       Recheck Cond: ((o_orderdate >= '1993-01-01'::date) AND (o_orderdate < '1994-01-01'::date))
                                       ->  Bitmap Index Scan on idx_orders_orderdate  (cost=0.00..3116.89 rows=220758 width=0)
                                             Index Cond: ((o_orderdate >= '1993-01-01'::date) AND (o_orderdate < '1994-01-01'::date))
                                 ->  Hash  (cost=5998.03..5998.03 rows=30000 width=38)
                                       ->  Hash Join  (cost=2.53..5998.03 rows=30000 width=38)
                                             Hash Cond: (customer.c_nationkey = nation.n_nationkey)
                                             ->  Seq Scan on customer  (cost=0.00..5133.00 rows=150000 width=8)
                                             ->  Hash  (cost=2.47..2.47 rows=5 width=30)
                                                   ->  Hash Join  (cost=1.07..2.47 rows=5 width=30)
                                                         Hash Cond: (nation.n_regionkey = region.r_regionkey)
                                                         ->  Seq Scan on nation  (cost=0.00..1.25 rows=25 width=34)
                                                         ->  Hash  (cost=1.06..1.06 rows=1 width=4)
                                                               ->  Seq Scan on region  (cost=0.00..1.06 rows=1 width=4)
                                                                     Filter: (r_name = 'AMERICA'::bpchar)
                           ->  Index Scan using idx_lineitem_orderkey on lineitem  (cost=0.00..3.27 rows=4 width=24)
                                 Index Cond: (lineitem.l_orderkey = orders.o_orderkey)
                     ->  Hash  (cost=325.00..325.00 rows=10000 width=8)
                           ->  Seq Scan on supplier  (cost=0.00..325.00 rows=10000 width=8)
(28 rows)

query 5 run 3
SET
SET
                                                              QUERY PLAN                                                              
--------------------------------------------------------------------------------------------------------------------------------------
 Limit  (cost=193914.70..193914.70 rows=1 width=42)
   ->  Sort  (cost=193914.70..193914.76 rows=25 width=42)
         Sort Key: (sum((lineitem.l_extendedprice * (1::numeric - lineitem.l_discount))))
         ->  HashAggregate  (cost=193914.14..193914.58 rows=25 width=42)
               ->  Hash Join  (cost=10020.11..193878.84 rows=7060 width=42)
                     Hash Cond: ((lineitem.l_suppkey = supplier.s_suppkey) AND (customer.c_nationkey = supplier.s_nationkey))
                     ->  Nested Loop  (cost=9545.11..188035.06 rows=176606 width=54)
                           ->  Hash Join  (cost=9545.11..41234.79 rows=44152 width=38)
                                 Hash Cond: (orders.o_custkey = customer.c_custkey)
                                 ->  Bitmap Heap Scan on orders  (cost=3172.08..33316.45 rows=220758 width=8)
                                       Recheck Cond: ((o_orderdate >= '1993-01-01'::date) AND (o_orderdate < '1994-01-01'::date))
                                       ->  Bitmap Index Scan on idx_orders_orderdate  (cost=0.00..3116.89 rows=220758 width=0)
                                             Index Cond: ((o_orderdate >= '1993-01-01'::date) AND (o_orderdate < '1994-01-01'::date))
                                 ->  Hash  (cost=5998.03..5998.03 rows=30000 width=38)
                                       ->  Hash Join  (cost=2.53..5998.03 rows=30000 width=38)
                                             Hash Cond: (customer.c_nationkey = nation.n_nationkey)
                                             ->  Seq Scan on customer  (cost=0.00..5133.00 rows=150000 width=8)
                                             ->  Hash  (cost=2.47..2.47 rows=5 width=30)
                                                   ->  Hash Join  (cost=1.07..2.47 rows=5 width=30)
                                                         Hash Cond: (nation.n_regionkey = region.r_regionkey)
                                                         ->  Seq Scan on nation  (cost=0.00..1.25 rows=25 width=34)
                                                         ->  Hash  (cost=1.06..1.06 rows=1 width=4)
                                                               ->  Seq Scan on region  (cost=0.00..1.06 rows=1 width=4)
                                                                     Filter: (r_name = 'AMERICA'::bpchar)
                           ->  Index Scan using idx_lineitem_orderkey on lineitem  (cost=0.00..3.27 rows=4 width=24)
                                 Index Cond: (lineitem.l_orderkey = orders.o_orderkey)
                     ->  Hash  (cost=325.00..325.00 rows=10000 width=8)
                           ->  Seq Scan on supplier  (cost=0.00..325.00 rows=10000 width=8)
(28 rows)

query 6 run 1
SET
SET
                                                                                                         QUERY PLAN                                                                                                          
-----------------------------------------------------------------------------------------------------------------------------------------------------------------------------------------------------------------------------
 Limit  (cost=109320.29..109320.30 rows=1 width=16)
   ->  Aggregate  (cost=109320.29..109320.30 rows=1 width=16)
         ->  Bitmap Heap Scan on lineitem  (cost=21795.11..109034.07 rows=114487 width=16)
               Recheck Cond: ((l_shipdate >= '1993-01-01'::date) AND (l_shipdate < '1994-01-01 00:00:00'::timestamp without time zone) AND (l_discount >= 0.06) AND (l_discount <= 0.08) AND (l_quantity < 25::numeric))
               ->  Bitmap Index Scan on idx_lineitem_shipdate  (cost=0.00..21766.49 rows=114487 width=0)
                     Index Cond: ((l_shipdate >= '1993-01-01'::date) AND (l_shipdate < '1994-01-01 00:00:00'::timestamp without time zone) AND (l_discount >= 0.06) AND (l_discount <= 0.08) AND (l_quantity < 25::numeric))
(6 rows)

query 6 run 2
SET
SET
                                                                                                         QUERY PLAN                                                                                                          
-----------------------------------------------------------------------------------------------------------------------------------------------------------------------------------------------------------------------------
 Limit  (cost=109320.29..109320.30 rows=1 width=16)
   ->  Aggregate  (cost=109320.29..109320.30 rows=1 width=16)
         ->  Bitmap Heap Scan on lineitem  (cost=21795.11..109034.07 rows=114487 width=16)
               Recheck Cond: ((l_shipdate >= '1993-01-01'::date) AND (l_shipdate < '1994-01-01 00:00:00'::timestamp without time zone) AND (l_discount >= 0.06) AND (l_discount <= 0.08) AND (l_quantity < 25::numeric))
               ->  Bitmap Index Scan on idx_lineitem_shipdate  (cost=0.00..21766.49 rows=114487 width=0)
                     Index Cond: ((l_shipdate >= '1993-01-01'::date) AND (l_shipdate < '1994-01-01 00:00:00'::timestamp without time zone) AND (l_discount >= 0.06) AND (l_discount <= 0.08) AND (l_quantity < 25::numeric))
(6 rows)

query 6 run 3
SET
SET
                                                                                                         QUERY PLAN                                                                                                          
-----------------------------------------------------------------------------------------------------------------------------------------------------------------------------------------------------------------------------
 Limit  (cost=109320.29..109320.30 rows=1 width=16)
   ->  Aggregate  (cost=109320.29..109320.30 rows=1 width=16)
         ->  Bitmap Heap Scan on lineitem  (cost=21795.11..109034.07 rows=114487 width=16)
               Recheck Cond: ((l_shipdate >= '1993-01-01'::date) AND (l_shipdate < '1994-01-01 00:00:00'::timestamp without time zone) AND (l_discount >= 0.06) AND (l_discount <= 0.08) AND (l_quantity < 25::numeric))
               ->  Bitmap Index Scan on idx_lineitem_shipdate  (cost=0.00..21766.49 rows=114487 width=0)
                     Index Cond: ((l_shipdate >= '1993-01-01'::date) AND (l_shipdate < '1994-01-01 00:00:00'::timestamp without time zone) AND (l_discount >= 0.06) AND (l_discount <= 0.08) AND (l_quantity < 25::numeric))
(6 rows)

query 7 run 1
SET
SET
                                                                                                      QUERY PLAN                                                                                                       
-----------------------------------------------------------------------------------------------------------------------------------------------------------------------------------------------------------------------
 Limit  (cost=248319.10..248319.10 rows=1 width=72)
   ->  Sort  (cost=248319.10..248333.83 rows=5892 width=72)
         Sort Key: n1.n_name, n2.n_name, (date_part('year'::text, (lineitem.l_shipdate)::timestamp without time zone))
         ->  HashAggregate  (cost=248157.07..248289.64 rows=5892 width=72)
               ->  Hash Join  (cost=88960.39..248098.15 rows=5892 width=72)
                     Hash Cond: ((lineitem.l_suppkey = supplier.s_suppkey) AND (n1.n_nationkey = supplier.s_nationkey))
                     ->  Hash Join  (cost=88485.39..243112.29 rows=147416 width=80)
                           Hash Cond: (lineitem.l_orderkey = orders.o_orderkey)
                           ->  Bitmap Heap Scan on lineitem  (cost=32347.56..178583.16 rows=1844573 width=28)
                                 Recheck Cond: ((l_shipdate >= '1995-01-01'::date) AND (l_shipdate <= '1996-12-31'::date))
                                 ->  Bitmap Index Scan on idx_lineitem_shipdate  (cost=0.00..31886.42 rows=1844573 width=0)
                                       Index Cond: ((l_shipdate >= '1995-01-01'::date) AND (l_shipdate <= '1996-12-31'::date))
                           ->  Hash  (cost=54639.03..54639.03 rows=119904 width=60)
                                 ->  Hash Join  (cost=5982.02..54639.03 rows=119904 width=60)
                                       Hash Cond: (orders.o_custkey = customer.c_custkey)
                                       ->  Seq Scan on orders  (cost=0.00..41833.00 rows=1500000 width=8)
                                       ->  Hash  (cost=5832.15..5832.15 rows=11990 width=60)
                                             ->  Hash Join  (cost=16.65..5832.15 rows=11990 width=60)
                                                   Hash Cond: (customer.c_nationkey = n2.n_nationkey)
                                                   ->  Seq Scan on customer  (cost=0.00..5133.00 rows=150000 width=8)
                                                   ->  Hash  (cost=16.62..16.62 rows=2 width=60)
                                                         ->  Nested Loop  (cost=0.00..16.62 rows=2 width=60)
                                                               Join Filter: (((n1.n_name = 'PERU'::bpchar) AND (n2.n_name = 'MOROCCO'::bpchar)) OR ((n1.n_name = 'MOROCCO'::bpchar) AND (n2.n_name = 'PERU'::bpchar)))
                                                               ->  Seq Scan on nation n1  (cost=0.00..1.25 rows=25 width=30)
                                                               ->  Materialize  (cost=0.00..1.38 rows=25 width=30)
                                                                     ->  Seq Scan on nation n2  (cost=0.00..1.25 rows=25 width=30)
                     ->  Hash  (cost=325.00..325.00 rows=10000 width=8)
                           ->  Seq Scan on supplier  (cost=0.00..325.00 rows=10000 width=8)
(28 rows)

query 7 run 2
SET
SET
                                                                                                      QUERY PLAN                                                                                                       
-----------------------------------------------------------------------------------------------------------------------------------------------------------------------------------------------------------------------
 Limit  (cost=248319.10..248319.10 rows=1 width=72)
   ->  Sort  (cost=248319.10..248333.83 rows=5892 width=72)
         Sort Key: n1.n_name, n2.n_name, (date_part('year'::text, (lineitem.l_shipdate)::timestamp without time zone))
         ->  HashAggregate  (cost=248157.07..248289.64 rows=5892 width=72)
               ->  Hash Join  (cost=88960.39..248098.15 rows=5892 width=72)
                     Hash Cond: ((lineitem.l_suppkey = supplier.s_suppkey) AND (n1.n_nationkey = supplier.s_nationkey))
                     ->  Hash Join  (cost=88485.39..243112.29 rows=147416 width=80)
                           Hash Cond: (lineitem.l_orderkey = orders.o_orderkey)
                           ->  Bitmap Heap Scan on lineitem  (cost=32347.56..178583.16 rows=1844573 width=28)
                                 Recheck Cond: ((l_shipdate >= '1995-01-01'::date) AND (l_shipdate <= '1996-12-31'::date))
                                 ->  Bitmap Index Scan on idx_lineitem_shipdate  (cost=0.00..31886.42 rows=1844573 width=0)
                                       Index Cond: ((l_shipdate >= '1995-01-01'::date) AND (l_shipdate <= '1996-12-31'::date))
                           ->  Hash  (cost=54639.03..54639.03 rows=119904 width=60)
                                 ->  Hash Join  (cost=5982.02..54639.03 rows=119904 width=60)
                                       Hash Cond: (orders.o_custkey = customer.c_custkey)
                                       ->  Seq Scan on orders  (cost=0.00..41833.00 rows=1500000 width=8)
                                       ->  Hash  (cost=5832.15..5832.15 rows=11990 width=60)
                                             ->  Hash Join  (cost=16.65..5832.15 rows=11990 width=60)
                                                   Hash Cond: (customer.c_nationkey = n2.n_nationkey)
                                                   ->  Seq Scan on customer  (cost=0.00..5133.00 rows=150000 width=8)
                                                   ->  Hash  (cost=16.62..16.62 rows=2 width=60)
                                                         ->  Nested Loop  (cost=0.00..16.62 rows=2 width=60)
                                                               Join Filter: (((n1.n_name = 'PERU'::bpchar) AND (n2.n_name = 'MOROCCO'::bpchar)) OR ((n1.n_name = 'MOROCCO'::bpchar) AND (n2.n_name = 'PERU'::bpchar)))
                                                               ->  Seq Scan on nation n1  (cost=0.00..1.25 rows=25 width=30)
                                                               ->  Materialize  (cost=0.00..1.38 rows=25 width=30)
                                                                     ->  Seq Scan on nation n2  (cost=0.00..1.25 rows=25 width=30)
                     ->  Hash  (cost=325.00..325.00 rows=10000 width=8)
                           ->  Seq Scan on supplier  (cost=0.00..325.00 rows=10000 width=8)
(28 rows)

query 7 run 3
SET
SET
                                                                                                      QUERY PLAN                                                                                                       
-----------------------------------------------------------------------------------------------------------------------------------------------------------------------------------------------------------------------
 Limit  (cost=248319.10..248319.10 rows=1 width=72)
   ->  Sort  (cost=248319.10..248333.83 rows=5892 width=72)
         Sort Key: n1.n_name, n2.n_name, (date_part('year'::text, (lineitem.l_shipdate)::timestamp without time zone))
         ->  HashAggregate  (cost=248157.07..248289.64 rows=5892 width=72)
               ->  Hash Join  (cost=88960.39..248098.15 rows=5892 width=72)
                     Hash Cond: ((lineitem.l_suppkey = supplier.s_suppkey) AND (n1.n_nationkey = supplier.s_nationkey))
                     ->  Hash Join  (cost=88485.39..243112.29 rows=147416 width=80)
                           Hash Cond: (lineitem.l_orderkey = orders.o_orderkey)
                           ->  Bitmap Heap Scan on lineitem  (cost=32347.56..178583.16 rows=1844573 width=28)
                                 Recheck Cond: ((l_shipdate >= '1995-01-01'::date) AND (l_shipdate <= '1996-12-31'::date))
                                 ->  Bitmap Index Scan on idx_lineitem_shipdate  (cost=0.00..31886.42 rows=1844573 width=0)
                                       Index Cond: ((l_shipdate >= '1995-01-01'::date) AND (l_shipdate <= '1996-12-31'::date))
                           ->  Hash  (cost=54639.03..54639.03 rows=119904 width=60)
                                 ->  Hash Join  (cost=5982.02..54639.03 rows=119904 width=60)
                                       Hash Cond: (orders.o_custkey = customer.c_custkey)
                                       ->  Seq Scan on orders  (cost=0.00..41833.00 rows=1500000 width=8)
                                       ->  Hash  (cost=5832.15..5832.15 rows=11990 width=60)
                                             ->  Hash Join  (cost=16.65..5832.15 rows=11990 width=60)
                                                   Hash Cond: (customer.c_nationkey = n2.n_nationkey)
                                                   ->  Seq Scan on customer  (cost=0.00..5133.00 rows=150000 width=8)
                                                   ->  Hash  (cost=16.62..16.62 rows=2 width=60)
                                                         ->  Nested Loop  (cost=0.00..16.62 rows=2 width=60)
                                                               Join Filter: (((n1.n_name = 'PERU'::bpchar) AND (n2.n_name = 'MOROCCO'::bpchar)) OR ((n1.n_name = 'MOROCCO'::bpchar) AND (n2.n_name = 'PERU'::bpchar)))
                                                               ->  Seq Scan on nation n1  (cost=0.00..1.25 rows=25 width=30)
                                                               ->  Materialize  (cost=0.00..1.38 rows=25 width=30)
                                                                     ->  Seq Scan on nation n2  (cost=0.00..1.25 rows=25 width=30)
                     ->  Hash  (cost=325.00..325.00 rows=10000 width=8)
                           ->  Seq Scan on supplier  (cost=0.00..325.00 rows=10000 width=8)
(28 rows)

query 8 run 1
SET
SET
                                                                    QUERY PLAN                                                                     
---------------------------------------------------------------------------------------------------------------------------------------------------
 Limit  (cost=119204.48..119204.49 rows=1 width=46)
   ->  Sort  (cost=119204.48..119206.33 rows=738 width=46)
         Sort Key: (date_part('year'::text, (orders.o_orderdate)::timestamp without time zone))
         ->  HashAggregate  (cost=119174.96..119200.79 rows=738 width=46)
               ->  Hash Join  (cost=51517.55..119156.60 rows=2448 width=46)
                     Hash Cond: (supplier.s_nationkey = n2.n_nationkey)
                     ->  Hash Join  (cost=51515.99..119109.14 rows=2448 width=24)
                           Hash Cond: (lineitem.l_suppkey = supplier.s_suppkey)
                           ->  Hash Join  (cost=51065.99..118597.91 rows=2450 width=24)
                                 Hash Cond: (lineitem.l_orderkey = orders.o_orderkey)
                                 ->  Nested Loop  (cost=0.00..67357.43 rows=39999 width=24)
                                       ->  Seq Scan on part  (cost=0.00..6657.00 rows=1333 width=4)
                                             Filter: ((p_type)::text = 'LARGE POLISHED BRASS'::text)
                                       ->  Index Scan using idx_lineitem_part_supp on lineitem  (cost=0.00..45.15 rows=31 width=28)
                                             Index Cond: (lineitem.l_partkey = part.p_partkey)
                                 ->  Hash  (cost=49917.20..49917.20 rows=91903 width=8)
                                       ->  Hash Join  (cost=12974.87..49917.20 rows=91903 width=8)
                                             Hash Cond: (orders.o_custkey = customer.c_custkey)
                                             ->  Bitmap Heap Scan on orders  (cost=6601.84..40327.57 rows=459515 width=12)
                                                   Recheck Cond: ((o_orderdate >= '1995-01-01'::date) AND (o_orderdate <= '1996-12-31'::date))
                                                   ->  Bitmap Index Scan on idx_orders_orderdate  (cost=0.00..6486.96 rows=459515 width=0)
                                                         Index Cond: ((o_orderdate >= '1995-01-01'::date) AND (o_orderdate <= '1996-12-31'::date))
                                             ->  Hash  (cost=5998.03..5998.03 rows=30000 width=4)
                                                   ->  Hash Join  (cost=2.53..5998.03 rows=30000 width=4)
                                                         Hash Cond: (customer.c_nationkey = n1.n_nationkey)
                                                         ->  Seq Scan on customer  (cost=0.00..5133.00 rows=150000 width=8)
                                                         ->  Hash  (cost=2.47..2.47 rows=5 width=4)
                                                               ->  Hash Join  (cost=1.07..2.47 rows=5 width=4)
                                                                     Hash Cond: (n1.n_regionkey = region.r_regionkey)
                                                                     ->  Seq Scan on nation n1  (cost=0.00..1.25 rows=25 width=8)
                                                                     ->  Hash  (cost=1.06..1.06 rows=1 width=4)
                                                                           ->  Seq Scan on region  (cost=0.00..1.06 rows=1 width=4)
                                                                                 Filter: (r_name = 'AMERICA'::bpchar)
                           ->  Hash  (cost=325.00..325.00 rows=10000 width=8)
                                 ->  Seq Scan on supplier  (cost=0.00..325.00 rows=10000 width=8)
                     ->  Hash  (cost=1.25..1.25 rows=25 width=30)
                           ->  Seq Scan on nation n2  (cost=0.00..1.25 rows=25 width=30)
(37 rows)

query 8 run 2
SET
SET
                                                                    QUERY PLAN                                                                     
---------------------------------------------------------------------------------------------------------------------------------------------------
 Limit  (cost=119204.48..119204.49 rows=1 width=46)
   ->  Sort  (cost=119204.48..119206.33 rows=738 width=46)
         Sort Key: (date_part('year'::text, (orders.o_orderdate)::timestamp without time zone))
         ->  HashAggregate  (cost=119174.96..119200.79 rows=738 width=46)
               ->  Hash Join  (cost=51517.55..119156.60 rows=2448 width=46)
                     Hash Cond: (supplier.s_nationkey = n2.n_nationkey)
                     ->  Hash Join  (cost=51515.99..119109.14 rows=2448 width=24)
                           Hash Cond: (lineitem.l_suppkey = supplier.s_suppkey)
                           ->  Hash Join  (cost=51065.99..118597.91 rows=2450 width=24)
                                 Hash Cond: (lineitem.l_orderkey = orders.o_orderkey)
                                 ->  Nested Loop  (cost=0.00..67357.43 rows=39999 width=24)
                                       ->  Seq Scan on part  (cost=0.00..6657.00 rows=1333 width=4)
                                             Filter: ((p_type)::text = 'LARGE POLISHED BRASS'::text)
                                       ->  Index Scan using idx_lineitem_part_supp on lineitem  (cost=0.00..45.15 rows=31 width=28)
                                             Index Cond: (lineitem.l_partkey = part.p_partkey)
                                 ->  Hash  (cost=49917.20..49917.20 rows=91903 width=8)
                                       ->  Hash Join  (cost=12974.87..49917.20 rows=91903 width=8)
                                             Hash Cond: (orders.o_custkey = customer.c_custkey)
                                             ->  Bitmap Heap Scan on orders  (cost=6601.84..40327.57 rows=459515 width=12)
                                                   Recheck Cond: ((o_orderdate >= '1995-01-01'::date) AND (o_orderdate <= '1996-12-31'::date))
                                                   ->  Bitmap Index Scan on idx_orders_orderdate  (cost=0.00..6486.96 rows=459515 width=0)
                                                         Index Cond: ((o_orderdate >= '1995-01-01'::date) AND (o_orderdate <= '1996-12-31'::date))
                                             ->  Hash  (cost=5998.03..5998.03 rows=30000 width=4)
                                                   ->  Hash Join  (cost=2.53..5998.03 rows=30000 width=4)
                                                         Hash Cond: (customer.c_nationkey = n1.n_nationkey)
                                                         ->  Seq Scan on customer  (cost=0.00..5133.00 rows=150000 width=8)
                                                         ->  Hash  (cost=2.47..2.47 rows=5 width=4)
                                                               ->  Hash Join  (cost=1.07..2.47 rows=5 width=4)
                                                                     Hash Cond: (n1.n_regionkey = region.r_regionkey)
                                                                     ->  Seq Scan on nation n1  (cost=0.00..1.25 rows=25 width=8)
                                                                     ->  Hash  (cost=1.06..1.06 rows=1 width=4)
                                                                           ->  Seq Scan on region  (cost=0.00..1.06 rows=1 width=4)
                                                                                 Filter: (r_name = 'AMERICA'::bpchar)
                           ->  Hash  (cost=325.00..325.00 rows=10000 width=8)
                                 ->  Seq Scan on supplier  (cost=0.00..325.00 rows=10000 width=8)
                     ->  Hash  (cost=1.25..1.25 rows=25 width=30)
                           ->  Seq Scan on nation n2  (cost=0.00..1.25 rows=25 width=30)
(37 rows)

query 8 run 3
SET
SET
                                                                    QUERY PLAN                                                                     
---------------------------------------------------------------------------------------------------------------------------------------------------
 Limit  (cost=119204.48..119204.49 rows=1 width=46)
   ->  Sort  (cost=119204.48..119206.33 rows=738 width=46)
         Sort Key: (date_part('year'::text, (orders.o_orderdate)::timestamp without time zone))
         ->  HashAggregate  (cost=119174.96..119200.79 rows=738 width=46)
               ->  Hash Join  (cost=51517.55..119156.60 rows=2448 width=46)
                     Hash Cond: (supplier.s_nationkey = n2.n_nationkey)
                     ->  Hash Join  (cost=51515.99..119109.14 rows=2448 width=24)
                           Hash Cond: (lineitem.l_suppkey = supplier.s_suppkey)
                           ->  Hash Join  (cost=51065.99..118597.91 rows=2450 width=24)
                                 Hash Cond: (lineitem.l_orderkey = orders.o_orderkey)
                                 ->  Nested Loop  (cost=0.00..67357.43 rows=39999 width=24)
                                       ->  Seq Scan on part  (cost=0.00..6657.00 rows=1333 width=4)
                                             Filter: ((p_type)::text = 'LARGE POLISHED BRASS'::text)
                                       ->  Index Scan using idx_lineitem_part_supp on lineitem  (cost=0.00..45.15 rows=31 width=28)
                                             Index Cond: (lineitem.l_partkey = part.p_partkey)
                                 ->  Hash  (cost=49917.20..49917.20 rows=91903 width=8)
                                       ->  Hash Join  (cost=12974.87..49917.20 rows=91903 width=8)
                                             Hash Cond: (orders.o_custkey = customer.c_custkey)
                                             ->  Bitmap Heap Scan on orders  (cost=6601.84..40327.57 rows=459515 width=12)
                                                   Recheck Cond: ((o_orderdate >= '1995-01-01'::date) AND (o_orderdate <= '1996-12-31'::date))
                                                   ->  Bitmap Index Scan on idx_orders_orderdate  (cost=0.00..6486.96 rows=459515 width=0)
                                                         Index Cond: ((o_orderdate >= '1995-01-01'::date) AND (o_orderdate <= '1996-12-31'::date))
                                             ->  Hash  (cost=5998.03..5998.03 rows=30000 width=4)
                                                   ->  Hash Join  (cost=2.53..5998.03 rows=30000 width=4)
                                                         Hash Cond: (customer.c_nationkey = n1.n_nationkey)
                                                         ->  Seq Scan on customer  (cost=0.00..5133.00 rows=150000 width=8)
                                                         ->  Hash  (cost=2.47..2.47 rows=5 width=4)
                                                               ->  Hash Join  (cost=1.07..2.47 rows=5 width=4)
                                                                     Hash Cond: (n1.n_regionkey = region.r_regionkey)
                                                                     ->  Seq Scan on nation n1  (cost=0.00..1.25 rows=25 width=8)
                                                                     ->  Hash  (cost=1.06..1.06 rows=1 width=4)
                                                                           ->  Seq Scan on region  (cost=0.00..1.06 rows=1 width=4)
                                                                                 Filter: (r_name = 'AMERICA'::bpchar)
                           ->  Hash  (cost=325.00..325.00 rows=10000 width=8)
                                 ->  Seq Scan on supplier  (cost=0.00..325.00 rows=10000 width=8)
                     ->  Hash  (cost=1.25..1.25 rows=25 width=30)
                           ->  Seq Scan on nation n2  (cost=0.00..1.25 rows=25 width=30)
(37 rows)

query 9 run 1
SET
SET
                                                                     QUERY PLAN                                                                      
-----------------------------------------------------------------------------------------------------------------------------------------------------
 Limit  (cost=307209.84..307209.84 rows=1 width=61)
   ->  Sort  (cost=307209.84..307210.44 rows=239 width=61)
         Sort Key: nation.n_name, (date_part('year'::text, (orders.o_orderdate)::timestamp without time zone))
         ->  HashAggregate  (cost=307202.07..307208.64 rows=239 width=61)
               ->  Nested Loop  (cost=0.97..307200.28 rows=239 width=61)
                     Join Filter: (supplier.s_nationkey = nation.n_nationkey)
                     ->  Nested Loop  (cost=0.97..307108.15 rows=239 width=39)
                           ->  Nested Loop  (cost=0.97..306377.89 rows=239 width=39)
                                 ->  Nested Loop  (cost=0.97..305664.48 rows=239 width=43)
                                       ->  Merge Join  (cost=0.97..44461.60 rows=79748 width=20)
                                             Merge Cond: (part.p_partkey = partsupp.ps_partkey)
                                             ->  Index Scan using part_pkey on part  (cost=0.00..8484.26 rows=20202 width=4)
                                                   Filter: ((p_name)::text ~~ '%navy%'::text)
                                             ->  Index Scan using idx_partsupp_partkey on partsupp  (cost=0.00..33129.78 rows=800000 width=16)
                                       ->  Index Scan using idx_lineitem_part_supp on lineitem  (cost=0.00..3.26 rows=1 width=35)
                                             Index Cond: ((lineitem.l_partkey = partsupp.ps_partkey) AND (lineitem.l_suppkey = partsupp.ps_suppkey))
                                 ->  Index Scan using supplier_pkey on supplier  (cost=0.00..2.97 rows=1 width=8)
                                       Index Cond: (supplier.s_suppkey = lineitem.l_suppkey)
                           ->  Index Scan using orders_pkey on orders  (cost=0.00..3.04 rows=1 width=8)
                                 Index Cond: (orders.o_orderkey = lineitem.l_orderkey)
                     ->  Materialize  (cost=0.00..1.38 rows=25 width=30)
                           ->  Seq Scan on nation  (cost=0.00..1.25 rows=25 width=30)
(22 rows)

query 9 run 2
SET
SET
                                                                     QUERY PLAN                                                                      
-----------------------------------------------------------------------------------------------------------------------------------------------------
 Limit  (cost=307209.84..307209.84 rows=1 width=61)
   ->  Sort  (cost=307209.84..307210.44 rows=239 width=61)
         Sort Key: nation.n_name, (date_part('year'::text, (orders.o_orderdate)::timestamp without time zone))
         ->  HashAggregate  (cost=307202.07..307208.64 rows=239 width=61)
               ->  Nested Loop  (cost=0.97..307200.28 rows=239 width=61)
                     Join Filter: (supplier.s_nationkey = nation.n_nationkey)
                     ->  Nested Loop  (cost=0.97..307108.15 rows=239 width=39)
                           ->  Nested Loop  (cost=0.97..306377.89 rows=239 width=39)
                                 ->  Nested Loop  (cost=0.97..305664.48 rows=239 width=43)
                                       ->  Merge Join  (cost=0.97..44461.60 rows=79748 width=20)
                                             Merge Cond: (part.p_partkey = partsupp.ps_partkey)
                                             ->  Index Scan using part_pkey on part  (cost=0.00..8484.26 rows=20202 width=4)
                                                   Filter: ((p_name)::text ~~ '%navy%'::text)
                                             ->  Index Scan using idx_partsupp_partkey on partsupp  (cost=0.00..33129.78 rows=800000 width=16)
                                       ->  Index Scan using idx_lineitem_part_supp on lineitem  (cost=0.00..3.26 rows=1 width=35)
                                             Index Cond: ((lineitem.l_partkey = partsupp.ps_partkey) AND (lineitem.l_suppkey = partsupp.ps_suppkey))
                                 ->  Index Scan using supplier_pkey on supplier  (cost=0.00..2.97 rows=1 width=8)
                                       Index Cond: (supplier.s_suppkey = lineitem.l_suppkey)
                           ->  Index Scan using orders_pkey on orders  (cost=0.00..3.04 rows=1 width=8)
                                 Index Cond: (orders.o_orderkey = lineitem.l_orderkey)
                     ->  Materialize  (cost=0.00..1.38 rows=25 width=30)
                           ->  Seq Scan on nation  (cost=0.00..1.25 rows=25 width=30)
(22 rows)

query 9 run 3
SET
SET
                                                                     QUERY PLAN                                                                      
-----------------------------------------------------------------------------------------------------------------------------------------------------
 Limit  (cost=307209.84..307209.84 rows=1 width=61)
   ->  Sort  (cost=307209.84..307210.44 rows=239 width=61)
         Sort Key: nation.n_name, (date_part('year'::text, (orders.o_orderdate)::timestamp without time zone))
         ->  HashAggregate  (cost=307202.07..307208.64 rows=239 width=61)
               ->  Nested Loop  (cost=0.97..307200.28 rows=239 width=61)
                     Join Filter: (supplier.s_nationkey = nation.n_nationkey)
                     ->  Nested Loop  (cost=0.97..307108.15 rows=239 width=39)
                           ->  Nested Loop  (cost=0.97..306377.89 rows=239 width=39)
                                 ->  Nested Loop  (cost=0.97..305664.48 rows=239 width=43)
                                       ->  Merge Join  (cost=0.97..44461.60 rows=79748 width=20)
                                             Merge Cond: (part.p_partkey = partsupp.ps_partkey)
                                             ->  Index Scan using part_pkey on part  (cost=0.00..8484.26 rows=20202 width=4)
                                                   Filter: ((p_name)::text ~~ '%navy%'::text)
                                             ->  Index Scan using idx_partsupp_partkey on partsupp  (cost=0.00..33129.78 rows=800000 width=16)
                                       ->  Index Scan using idx_lineitem_part_supp on lineitem  (cost=0.00..3.26 rows=1 width=35)
                                             Index Cond: ((lineitem.l_partkey = partsupp.ps_partkey) AND (lineitem.l_suppkey = partsupp.ps_suppkey))
                                 ->  Index Scan using supplier_pkey on supplier  (cost=0.00..2.97 rows=1 width=8)
                                       Index Cond: (supplier.s_suppkey = lineitem.l_suppkey)
                           ->  Index Scan using orders_pkey on orders  (cost=0.00..3.04 rows=1 width=8)
                                 Index Cond: (orders.o_orderkey = lineitem.l_orderkey)
                     ->  Materialize  (cost=0.00..1.38 rows=25 width=30)
                           ->  Seq Scan on nation  (cost=0.00..1.25 rows=25 width=30)
(22 rows)

query 10 run 1
SET
SET
                                                              QUERY PLAN                                                              
--------------------------------------------------------------------------------------------------------------------------------------
 Limit  (cost=224694.81..224694.86 rows=20 width=188)
   ->  Sort  (cost=224694.81..224828.92 rows=53644 width=188)
         Sort Key: (sum((lineitem.l_extendedprice * (1::numeric - lineitem.l_discount))))
         ->  HashAggregate  (cost=222328.60..223267.37 rows=53644 width=188)
               ->  Hash Join  (cost=7808.26..221255.72 rows=53644 width=188)
                     Hash Cond: (customer.c_nationkey = nation.n_nationkey)
                     ->  Hash Join  (cost=7806.70..220516.55 rows=53644 width=166)
                           Hash Cond: (orders.o_custkey = customer.c_custkey)
                           ->  Nested Loop  (cost=798.70..212234.50 rows=53644 width=20)
                                 ->  Bitmap Heap Scan on orders  (cost=798.70..28464.21 rows=55501 width=8)
                                       Recheck Cond: ((o_orderdate >= '1994-08-01'::date) AND (o_orderdate < '1994-11-01'::date))
                                       ->  Bitmap Index Scan on idx_orders_orderdate  (cost=0.00..784.82 rows=55501 width=0)
                                             Index Cond: ((o_orderdate >= '1994-08-01'::date) AND (o_orderdate < '1994-11-01'::date))
                                 ->  Index Scan using idx_lineitem_orderkey on lineitem  (cost=0.00..3.30 rows=1 width=20)
                                       Index Cond: (lineitem.l_orderkey = orders.o_orderkey)
                                       Filter: (lineitem.l_returnflag = 'R'::bpchar)
                           ->  Hash  (cost=5133.00..5133.00 rows=150000 width=150)
                                 ->  Seq Scan on customer  (cost=0.00..5133.00 rows=150000 width=150)
                     ->  Hash  (cost=1.25..1.25 rows=25 width=30)
                           ->  Seq Scan on nation  (cost=0.00..1.25 rows=25 width=30)
(20 rows)

query 10 run 2
SET
SET
                                                              QUERY PLAN                                                              
--------------------------------------------------------------------------------------------------------------------------------------
 Limit  (cost=224694.81..224694.86 rows=20 width=188)
   ->  Sort  (cost=224694.81..224828.92 rows=53644 width=188)
         Sort Key: (sum((lineitem.l_extendedprice * (1::numeric - lineitem.l_discount))))
         ->  HashAggregate  (cost=222328.60..223267.37 rows=53644 width=188)
               ->  Hash Join  (cost=7808.26..221255.72 rows=53644 width=188)
                     Hash Cond: (customer.c_nationkey = nation.n_nationkey)
                     ->  Hash Join  (cost=7806.70..220516.55 rows=53644 width=166)
                           Hash Cond: (orders.o_custkey = customer.c_custkey)
                           ->  Nested Loop  (cost=798.70..212234.50 rows=53644 width=20)
                                 ->  Bitmap Heap Scan on orders  (cost=798.70..28464.21 rows=55501 width=8)
                                       Recheck Cond: ((o_orderdate >= '1994-08-01'::date) AND (o_orderdate < '1994-11-01'::date))
                                       ->  Bitmap Index Scan on idx_orders_orderdate  (cost=0.00..784.82 rows=55501 width=0)
                                             Index Cond: ((o_orderdate >= '1994-08-01'::date) AND (o_orderdate < '1994-11-01'::date))
                                 ->  Index Scan using idx_lineitem_orderkey on lineitem  (cost=0.00..3.30 rows=1 width=20)
                                       Index Cond: (lineitem.l_orderkey = orders.o_orderkey)
                                       Filter: (lineitem.l_returnflag = 'R'::bpchar)
                           ->  Hash  (cost=5133.00..5133.00 rows=150000 width=150)
                                 ->  Seq Scan on customer  (cost=0.00..5133.00 rows=150000 width=150)
                     ->  Hash  (cost=1.25..1.25 rows=25 width=30)
                           ->  Seq Scan on nation  (cost=0.00..1.25 rows=25 width=30)
(20 rows)

query 10 run 3
SET
SET
                                                              QUERY PLAN                                                              
--------------------------------------------------------------------------------------------------------------------------------------
 Limit  (cost=224694.81..224694.86 rows=20 width=188)
   ->  Sort  (cost=224694.81..224828.92 rows=53644 width=188)
         Sort Key: (sum((lineitem.l_extendedprice * (1::numeric - lineitem.l_discount))))
         ->  HashAggregate  (cost=222328.60..223267.37 rows=53644 width=188)
               ->  Hash Join  (cost=7808.26..221255.72 rows=53644 width=188)
                     Hash Cond: (customer.c_nationkey = nation.n_nationkey)
                     ->  Hash Join  (cost=7806.70..220516.55 rows=53644 width=166)
                           Hash Cond: (orders.o_custkey = customer.c_custkey)
                           ->  Nested Loop  (cost=798.70..212234.50 rows=53644 width=20)
                                 ->  Bitmap Heap Scan on orders  (cost=798.70..28464.21 rows=55501 width=8)
                                       Recheck Cond: ((o_orderdate >= '1994-08-01'::date) AND (o_orderdate < '1994-11-01'::date))
                                       ->  Bitmap Index Scan on idx_orders_orderdate  (cost=0.00..784.82 rows=55501 width=0)
                                             Index Cond: ((o_orderdate >= '1994-08-01'::date) AND (o_orderdate < '1994-11-01'::date))
                                 ->  Index Scan using idx_lineitem_orderkey on lineitem  (cost=0.00..3.30 rows=1 width=20)
                                       Index Cond: (lineitem.l_orderkey = orders.o_orderkey)
                                       Filter: (lineitem.l_returnflag = 'R'::bpchar)
                           ->  Hash  (cost=5133.00..5133.00 rows=150000 width=150)
                                 ->  Seq Scan on customer  (cost=0.00..5133.00 rows=150000 width=150)
                     ->  Hash  (cost=1.25..1.25 rows=25 width=30)
                           ->  Seq Scan on nation  (cost=0.00..1.25 rows=25 width=30)
(20 rows)

query 11 run 1
SET
SET
                                                        QUERY PLAN                                                        
--------------------------------------------------------------------------------------------------------------------------
 Limit  (cost=24057.93..24057.94 rows=1 width=16)
   InitPlan 1 (returns $0)
     ->  Aggregate  (cost=11428.96..11428.98 rows=1 width=12)
           ->  Nested Loop  (cost=0.00..11348.96 rows=32000 width=12)
                 ->  Nested Loop  (cost=0.00..326.43 rows=400 width=4)
                       ->  Seq Scan on nation  (cost=0.00..1.31 rows=1 width=4)
                             Filter: (n_name = 'SAUDI ARABIA'::bpchar)
                       ->  Index Scan using idx_supplier_nation_key on supplier  (cost=0.00..320.12 rows=400 width=8)
                             Index Cond: (public.supplier.s_nationkey = public.nation.n_nationkey)
                 ->  Index Scan using idx_partsupp_suppkey on partsupp  (cost=0.00..26.56 rows=80 width=16)
                       Index Cond: (public.partsupp.ps_suppkey = public.supplier.s_suppkey)
   ->  Sort  (cost=12628.96..12708.96 rows=32000 width=16)
         Sort Key: (sum((public.partsupp.ps_supplycost * (public.partsupp.ps_availqty)::numeric)))
         ->  HashAggregate  (cost=11588.96..12468.96 rows=32000 width=16)
               Filter: (sum((public.partsupp.ps_supplycost * (public.partsupp.ps_availqty)::numeric)) > $0)
               ->  Nested Loop  (cost=0.00..11348.96 rows=32000 width=16)
                     ->  Nested Loop  (cost=0.00..326.43 rows=400 width=4)
                           ->  Seq Scan on nation  (cost=0.00..1.31 rows=1 width=4)
                                 Filter: (n_name = 'SAUDI ARABIA'::bpchar)
                           ->  Index Scan using idx_supplier_nation_key on supplier  (cost=0.00..320.12 rows=400 width=8)
                                 Index Cond: (public.supplier.s_nationkey = public.nation.n_nationkey)
                     ->  Index Scan using idx_partsupp_suppkey on partsupp  (cost=0.00..26.56 rows=80 width=20)
                           Index Cond: (public.partsupp.ps_suppkey = public.supplier.s_suppkey)
(23 rows)

query 11 run 2
SET
SET
                                                        QUERY PLAN                                                        
--------------------------------------------------------------------------------------------------------------------------
 Limit  (cost=24057.93..24057.94 rows=1 width=16)
   InitPlan 1 (returns $0)
     ->  Aggregate  (cost=11428.96..11428.98 rows=1 width=12)
           ->  Nested Loop  (cost=0.00..11348.96 rows=32000 width=12)
                 ->  Nested Loop  (cost=0.00..326.43 rows=400 width=4)
                       ->  Seq Scan on nation  (cost=0.00..1.31 rows=1 width=4)
                             Filter: (n_name = 'SAUDI ARABIA'::bpchar)
                       ->  Index Scan using idx_supplier_nation_key on supplier  (cost=0.00..320.12 rows=400 width=8)
                             Index Cond: (public.supplier.s_nationkey = public.nation.n_nationkey)
                 ->  Index Scan using idx_partsupp_suppkey on partsupp  (cost=0.00..26.56 rows=80 width=16)
                       Index Cond: (public.partsupp.ps_suppkey = public.supplier.s_suppkey)
   ->  Sort  (cost=12628.96..12708.96 rows=32000 width=16)
         Sort Key: (sum((public.partsupp.ps_supplycost * (public.partsupp.ps_availqty)::numeric)))
         ->  HashAggregate  (cost=11588.96..12468.96 rows=32000 width=16)
               Filter: (sum((public.partsupp.ps_supplycost * (public.partsupp.ps_availqty)::numeric)) > $0)
               ->  Nested Loop  (cost=0.00..11348.96 rows=32000 width=16)
                     ->  Nested Loop  (cost=0.00..326.43 rows=400 width=4)
                           ->  Seq Scan on nation  (cost=0.00..1.31 rows=1 width=4)
                                 Filter: (n_name = 'SAUDI ARABIA'::bpchar)
                           ->  Index Scan using idx_supplier_nation_key on supplier  (cost=0.00..320.12 rows=400 width=8)
                                 Index Cond: (public.supplier.s_nationkey = public.nation.n_nationkey)
                     ->  Index Scan using idx_partsupp_suppkey on partsupp  (cost=0.00..26.56 rows=80 width=20)
                           Index Cond: (public.partsupp.ps_suppkey = public.supplier.s_suppkey)
(23 rows)

query 11 run 3
SET
SET
                                                        QUERY PLAN                                                        
--------------------------------------------------------------------------------------------------------------------------
 Limit  (cost=24057.93..24057.94 rows=1 width=16)
   InitPlan 1 (returns $0)
     ->  Aggregate  (cost=11428.96..11428.98 rows=1 width=12)
           ->  Nested Loop  (cost=0.00..11348.96 rows=32000 width=12)
                 ->  Nested Loop  (cost=0.00..326.43 rows=400 width=4)
                       ->  Seq Scan on nation  (cost=0.00..1.31 rows=1 width=4)
                             Filter: (n_name = 'SAUDI ARABIA'::bpchar)
                       ->  Index Scan using idx_supplier_nation_key on supplier  (cost=0.00..320.12 rows=400 width=8)
                             Index Cond: (public.supplier.s_nationkey = public.nation.n_nationkey)
                 ->  Index Scan using idx_partsupp_suppkey on partsupp  (cost=0.00..26.56 rows=80 width=16)
                       Index Cond: (public.partsupp.ps_suppkey = public.supplier.s_suppkey)
   ->  Sort  (cost=12628.96..12708.96 rows=32000 width=16)
         Sort Key: (sum((public.partsupp.ps_supplycost * (public.partsupp.ps_availqty)::numeric)))
         ->  HashAggregate  (cost=11588.96..12468.96 rows=32000 width=16)
               Filter: (sum((public.partsupp.ps_supplycost * (public.partsupp.ps_availqty)::numeric)) > $0)
               ->  Nested Loop  (cost=0.00..11348.96 rows=32000 width=16)
                     ->  Nested Loop  (cost=0.00..326.43 rows=400 width=4)
                           ->  Seq Scan on nation  (cost=0.00..1.31 rows=1 width=4)
                                 Filter: (n_name = 'SAUDI ARABIA'::bpchar)
                           ->  Index Scan using idx_supplier_nation_key on supplier  (cost=0.00..320.12 rows=400 width=8)
                                 Index Cond: (public.supplier.s_nationkey = public.nation.n_nationkey)
                     ->  Index Scan using idx_partsupp_suppkey on partsupp  (cost=0.00..26.56 rows=80 width=20)
                           Index Cond: (public.partsupp.ps_suppkey = public.supplier.s_suppkey)
(23 rows)

query 12 run 1
SET
SET
                                                                                                                    QUERY PLAN                                                                                                                     
---------------------------------------------------------------------------------------------------------------------------------------------------------------------------------------------------------------------------------------------------
 Limit  (cost=315368.41..315368.41 rows=1 width=27)
   ->  Sort  (cost=315368.41..315368.41 rows=1 width=27)
         Sort Key: lineitem.l_shipmode
         ->  HashAggregate  (cost=315368.37..315368.40 rows=1 width=27)
               ->  Merge Join  (cost=255528.30..315171.56 rows=26242 width=27)
                     Merge Cond: (orders.o_orderkey = lineitem.l_orderkey)
                     ->  Index Scan using orders_pkey on orders  (cost=0.00..55507.81 rows=1500000 width=20)
                     ->  Sort  (cost=255522.42..255588.04 rows=26248 width=15)
                           Sort Key: lineitem.l_orderkey
                           ->  Seq Scan on lineitem  (cost=0.00..253595.82 rows=26248 width=15)
                                 Filter: ((l_shipmode = ANY ('{SHIP,"REG AIR"}'::bpchar[])) AND (l_commitdate < l_receiptdate) AND (l_shipdate < l_commitdate) AND (l_receiptdate >= '1994-01-01'::date) AND (l_receiptdate < '1995-01-01'::date))
(11 rows)

query 12 run 2
SET
SET
                                                                                                                    QUERY PLAN                                                                                                                     
---------------------------------------------------------------------------------------------------------------------------------------------------------------------------------------------------------------------------------------------------
 Limit  (cost=315368.41..315368.41 rows=1 width=27)
   ->  Sort  (cost=315368.41..315368.41 rows=1 width=27)
         Sort Key: lineitem.l_shipmode
         ->  HashAggregate  (cost=315368.37..315368.40 rows=1 width=27)
               ->  Merge Join  (cost=255528.30..315171.56 rows=26242 width=27)
                     Merge Cond: (orders.o_orderkey = lineitem.l_orderkey)
                     ->  Index Scan using orders_pkey on orders  (cost=0.00..55507.81 rows=1500000 width=20)
                     ->  Sort  (cost=255522.42..255588.04 rows=26248 width=15)
                           Sort Key: lineitem.l_orderkey
                           ->  Seq Scan on lineitem  (cost=0.00..253595.82 rows=26248 width=15)
                                 Filter: ((l_shipmode = ANY ('{SHIP,"REG AIR"}'::bpchar[])) AND (l_commitdate < l_receiptdate) AND (l_shipdate < l_commitdate) AND (l_receiptdate >= '1994-01-01'::date) AND (l_receiptdate < '1995-01-01'::date))
(11 rows)

query 12 run 3
SET
SET
                                                                                                                    QUERY PLAN                                                                                                                     
---------------------------------------------------------------------------------------------------------------------------------------------------------------------------------------------------------------------------------------------------
 Limit  (cost=315368.41..315368.41 rows=1 width=27)
   ->  Sort  (cost=315368.41..315368.41 rows=1 width=27)
         Sort Key: lineitem.l_shipmode
         ->  HashAggregate  (cost=315368.37..315368.40 rows=1 width=27)
               ->  Merge Join  (cost=255528.30..315171.56 rows=26242 width=27)
                     Merge Cond: (orders.o_orderkey = lineitem.l_orderkey)
                     ->  Index Scan using orders_pkey on orders  (cost=0.00..55507.81 rows=1500000 width=20)
                     ->  Sort  (cost=255522.42..255588.04 rows=26248 width=15)
                           Sort Key: lineitem.l_orderkey
                           ->  Seq Scan on lineitem  (cost=0.00..253595.82 rows=26248 width=15)
                                 Filter: ((l_shipmode = ANY ('{SHIP,"REG AIR"}'::bpchar[])) AND (l_commitdate < l_receiptdate) AND (l_shipdate < l_commitdate) AND (l_receiptdate >= '1994-01-01'::date) AND (l_receiptdate < '1995-01-01'::date))
(11 rows)

query 13 run 1
SET
SET
                                             QUERY PLAN                                             
----------------------------------------------------------------------------------------------------
 Limit  (cost=156230.38..156230.38 rows=1 width=8)
   ->  Sort  (cost=156230.38..156230.88 rows=200 width=8)
         Sort Key: (count(*)), (count(orders.o_orderkey))
         ->  HashAggregate  (cost=156226.88..156229.38 rows=200 width=8)
               ->  HashAggregate  (cost=152101.88..153976.88 rows=150000 width=8)
                     ->  Hash Left Join  (cost=70190.12..144602.62 rows=1499850 width=8)
                           Hash Cond: (customer.c_custkey = orders.o_custkey)
                           ->  Seq Scan on customer  (cost=0.00..5133.00 rows=150000 width=4)
                           ->  Hash  (cost=45583.00..45583.00 rows=1499850 width=8)
                                 ->  Seq Scan on orders  (cost=0.00..45583.00 rows=1499850 width=8)
                                       Filter: ((o_comment)::text !~~ '%special%requests%'::text)
(11 rows)

query 13 run 2
SET
SET
                                             QUERY PLAN                                             
----------------------------------------------------------------------------------------------------
 Limit  (cost=156230.38..156230.38 rows=1 width=8)
   ->  Sort  (cost=156230.38..156230.88 rows=200 width=8)
         Sort Key: (count(*)), (count(orders.o_orderkey))
         ->  HashAggregate  (cost=156226.88..156229.38 rows=200 width=8)
               ->  HashAggregate  (cost=152101.88..153976.88 rows=150000 width=8)
                     ->  Hash Left Join  (cost=70190.12..144602.62 rows=1499850 width=8)
                           Hash Cond: (customer.c_custkey = orders.o_custkey)
                           ->  Seq Scan on customer  (cost=0.00..5133.00 rows=150000 width=4)
                           ->  Hash  (cost=45583.00..45583.00 rows=1499850 width=8)
                                 ->  Seq Scan on orders  (cost=0.00..45583.00 rows=1499850 width=8)
                                       Filter: ((o_comment)::text !~~ '%special%requests%'::text)
(11 rows)

query 13 run 3
SET
SET
                                             QUERY PLAN                                             
----------------------------------------------------------------------------------------------------
 Limit  (cost=156230.38..156230.38 rows=1 width=8)
   ->  Sort  (cost=156230.38..156230.88 rows=200 width=8)
         Sort Key: (count(*)), (count(orders.o_orderkey))
         ->  HashAggregate  (cost=156226.88..156229.38 rows=200 width=8)
               ->  HashAggregate  (cost=152101.88..153976.88 rows=150000 width=8)
                     ->  Hash Left Join  (cost=70190.12..144602.62 rows=1499850 width=8)
                           Hash Cond: (customer.c_custkey = orders.o_custkey)
                           ->  Seq Scan on customer  (cost=0.00..5133.00 rows=150000 width=4)
                           ->  Hash  (cost=45583.00..45583.00 rows=1499850 width=8)
                                 ->  Seq Scan on orders  (cost=0.00..45583.00 rows=1499850 width=8)
                                       Filter: ((o_comment)::text !~~ '%special%requests%'::text)
(11 rows)

query 14 run 1
SET
SET
                                                    QUERY PLAN                                                    
------------------------------------------------------------------------------------------------------------------
 Limit  (cost=75528.34..75528.36 rows=1 width=37)
   ->  Aggregate  (cost=75528.34..75528.36 rows=1 width=37)
         ->  Hash Join  (cost=9886.95..75178.20 rows=70026 width=37)
               Hash Cond: (lineitem.l_partkey = part.p_partkey)
               ->  Bitmap Heap Scan on lineitem  (cost=1229.95..65120.68 rows=70026 width=20)
                     Recheck Cond: ((l_shipdate >= '1994-05-01'::date) AND (l_shipdate < '1994-06-01'::date))
                     ->  Bitmap Index Scan on idx_lineitem_shipdate  (cost=0.00..1212.45 rows=70026 width=0)
                           Index Cond: ((l_shipdate >= '1994-05-01'::date) AND (l_shipdate < '1994-06-01'::date))
               ->  Hash  (cost=6157.00..6157.00 rows=200000 width=25)
                     ->  Seq Scan on part  (cost=0.00..6157.00 rows=200000 width=25)
(10 rows)

query 14 run 2
SET
SET
                                                    QUERY PLAN                                                    
------------------------------------------------------------------------------------------------------------------
 Limit  (cost=75528.34..75528.36 rows=1 width=37)
   ->  Aggregate  (cost=75528.34..75528.36 rows=1 width=37)
         ->  Hash Join  (cost=9886.95..75178.20 rows=70026 width=37)
               Hash Cond: (lineitem.l_partkey = part.p_partkey)
               ->  Bitmap Heap Scan on lineitem  (cost=1229.95..65120.68 rows=70026 width=20)
                     Recheck Cond: ((l_shipdate >= '1994-05-01'::date) AND (l_shipdate < '1994-06-01'::date))
                     ->  Bitmap Index Scan on idx_lineitem_shipdate  (cost=0.00..1212.45 rows=70026 width=0)
                           Index Cond: ((l_shipdate >= '1994-05-01'::date) AND (l_shipdate < '1994-06-01'::date))
               ->  Hash  (cost=6157.00..6157.00 rows=200000 width=25)
                     ->  Seq Scan on part  (cost=0.00..6157.00 rows=200000 width=25)
(10 rows)

query 14 run 3
SET
SET
                                                    QUERY PLAN                                                    
------------------------------------------------------------------------------------------------------------------
 Limit  (cost=75528.34..75528.36 rows=1 width=37)
   ->  Aggregate  (cost=75528.34..75528.36 rows=1 width=37)
         ->  Hash Join  (cost=9886.95..75178.20 rows=70026 width=37)
               Hash Cond: (lineitem.l_partkey = part.p_partkey)
               ->  Bitmap Heap Scan on lineitem  (cost=1229.95..65120.68 rows=70026 width=20)
                     Recheck Cond: ((l_shipdate >= '1994-05-01'::date) AND (l_shipdate < '1994-06-01'::date))
                     ->  Bitmap Index Scan on idx_lineitem_shipdate  (cost=0.00..1212.45 rows=70026 width=0)
                           Index Cond: ((l_shipdate >= '1994-05-01'::date) AND (l_shipdate < '1994-06-01'::date))
               ->  Hash  (cost=6157.00..6157.00 rows=200000 width=25)
                     ->  Seq Scan on part  (cost=0.00..6157.00 rows=200000 width=25)
(10 rows)

query 15 run 1
SET
SET
CREATE VIEW
                                                          QUERY PLAN                                                          
------------------------------------------------------------------------------------------------------------------------------
 Limit  (cost=247029.86..247031.09 rows=1 width=103)
   InitPlan 1 (returns $0)
     ->  Aggregate  (cost=123232.00..123232.01 rows=1 width=32)
           ->  HashAggregate  (cost=123221.01..123227.42 rows=366 width=20)
                 ->  Bitmap Heap Scan on lineitem  (cost=3841.57..122125.95 rows=219013 width=20)
                       Recheck Cond: ((l_shipdate >= '1996-01-01'::date) AND (l_shipdate < '1996-04-01'::date))
                       ->  Bitmap Index Scan on idx_lineitem_shipdate  (cost=0.00..3786.82 rows=219013 width=0)
                             Index Cond: ((l_shipdate >= '1996-01-01'::date) AND (l_shipdate < '1996-04-01'::date))
   ->  Merge Join  (cost=123797.85..124249.09 rows=366 width=103)
         Merge Cond: (supplier.s_suppkey = revenue0.supplier_no)
         ->  Index Scan using supplier_pkey on supplier  (cost=0.00..420.75 rows=10000 width=71)
         ->  Sort  (cost=123797.85..123798.77 rows=366 width=36)
               Sort Key: revenue0.supplier_no
               ->  Subquery Scan on revenue0  (cost=123768.55..123782.27 rows=366 width=36)
                     ->  HashAggregate  (cost=123768.55..123778.61 rows=366 width=20)
                           Filter: (sum((public.lineitem.l_extendedprice * (1::numeric - public.lineitem.l_discount))) = $0)
                           ->  Bitmap Heap Scan on lineitem  (cost=3841.57..122125.95 rows=219013 width=20)
                                 Recheck Cond: ((l_shipdate >= '1996-01-01'::date) AND (l_shipdate < '1996-04-01'::date))
                                 ->  Bitmap Index Scan on idx_lineitem_shipdate  (cost=0.00..3786.82 rows=219013 width=0)
                                       Index Cond: ((l_shipdate >= '1996-01-01'::date) AND (l_shipdate < '1996-04-01'::date))
(20 rows)

DROP VIEW
query 15 run 2
SET
SET
CREATE VIEW
                                                          QUERY PLAN                                                          
------------------------------------------------------------------------------------------------------------------------------
 Limit  (cost=247029.86..247031.09 rows=1 width=103)
   InitPlan 1 (returns $0)
     ->  Aggregate  (cost=123232.00..123232.01 rows=1 width=32)
           ->  HashAggregate  (cost=123221.01..123227.42 rows=366 width=20)
                 ->  Bitmap Heap Scan on lineitem  (cost=3841.57..122125.95 rows=219013 width=20)
                       Recheck Cond: ((l_shipdate >= '1996-01-01'::date) AND (l_shipdate < '1996-04-01'::date))
                       ->  Bitmap Index Scan on idx_lineitem_shipdate  (cost=0.00..3786.82 rows=219013 width=0)
                             Index Cond: ((l_shipdate >= '1996-01-01'::date) AND (l_shipdate < '1996-04-01'::date))
   ->  Merge Join  (cost=123797.85..124249.09 rows=366 width=103)
         Merge Cond: (supplier.s_suppkey = revenue0.supplier_no)
         ->  Index Scan using supplier_pkey on supplier  (cost=0.00..420.75 rows=10000 width=71)
         ->  Sort  (cost=123797.85..123798.77 rows=366 width=36)
               Sort Key: revenue0.supplier_no
               ->  Subquery Scan on revenue0  (cost=123768.55..123782.27 rows=366 width=36)
                     ->  HashAggregate  (cost=123768.55..123778.61 rows=366 width=20)
                           Filter: (sum((public.lineitem.l_extendedprice * (1::numeric - public.lineitem.l_discount))) = $0)
                           ->  Bitmap Heap Scan on lineitem  (cost=3841.57..122125.95 rows=219013 width=20)
                                 Recheck Cond: ((l_shipdate >= '1996-01-01'::date) AND (l_shipdate < '1996-04-01'::date))
                                 ->  Bitmap Index Scan on idx_lineitem_shipdate  (cost=0.00..3786.82 rows=219013 width=0)
                                       Index Cond: ((l_shipdate >= '1996-01-01'::date) AND (l_shipdate < '1996-04-01'::date))
(20 rows)

DROP VIEW
query 15 run 3
SET
SET
CREATE VIEW
                                                          QUERY PLAN                                                          
------------------------------------------------------------------------------------------------------------------------------
 Limit  (cost=247029.86..247031.09 rows=1 width=103)
   InitPlan 1 (returns $0)
     ->  Aggregate  (cost=123232.00..123232.01 rows=1 width=32)
           ->  HashAggregate  (cost=123221.01..123227.42 rows=366 width=20)
                 ->  Bitmap Heap Scan on lineitem  (cost=3841.57..122125.95 rows=219013 width=20)
                       Recheck Cond: ((l_shipdate >= '1996-01-01'::date) AND (l_shipdate < '1996-04-01'::date))
                       ->  Bitmap Index Scan on idx_lineitem_shipdate  (cost=0.00..3786.82 rows=219013 width=0)
                             Index Cond: ((l_shipdate >= '1996-01-01'::date) AND (l_shipdate < '1996-04-01'::date))
   ->  Merge Join  (cost=123797.85..124249.09 rows=366 width=103)
         Merge Cond: (supplier.s_suppkey = revenue0.supplier_no)
         ->  Index Scan using supplier_pkey on supplier  (cost=0.00..420.75 rows=10000 width=71)
         ->  Sort  (cost=123797.85..123798.77 rows=366 width=36)
               Sort Key: revenue0.supplier_no
               ->  Subquery Scan on revenue0  (cost=123768.55..123782.27 rows=366 width=36)
                     ->  HashAggregate  (cost=123768.55..123778.61 rows=366 width=20)
                           Filter: (sum((public.lineitem.l_extendedprice * (1::numeric - public.lineitem.l_discount))) = $0)
                           ->  Bitmap Heap Scan on lineitem  (cost=3841.57..122125.95 rows=219013 width=20)
                                 Recheck Cond: ((l_shipdate >= '1996-01-01'::date) AND (l_shipdate < '1996-04-01'::date))
                                 ->  Bitmap Index Scan on idx_lineitem_shipdate  (cost=0.00..3786.82 rows=219013 width=0)
                                       Index Cond: ((l_shipdate >= '1996-01-01'::date) AND (l_shipdate < '1996-04-01'::date))
(20 rows)

DROP VIEW
query 16 run 1
SET
SET
                                                                                         QUERY PLAN                                                                                         
--------------------------------------------------------------------------------------------------------------------------------------------------------------------------------------------
 Limit  (cost=47650.44..47650.44 rows=1 width=40)
   ->  Sort  (cost=47650.44..47657.24 rows=2718 width=40)
         Sort Key: (count(DISTINCT partsupp.ps_suppkey)), part.p_brand, part.p_type, part.p_size
         ->  GroupAggregate  (cost=46932.31..47636.85 rows=2718 width=40)
               ->  Sort  (cost=46932.31..47066.43 rows=53645 width=40)
                     Sort Key: part.p_brand, part.p_type, part.p_size
                     ->  Hash Join  (cost=9846.74..42718.19 rows=53645 width=40)
                           Hash Cond: (partsupp.ps_partkey = part.p_partkey)
                           ->  Seq Scan on partsupp  (cost=350.00..28185.00 rows=400000 width=8)
                                 Filter: (NOT (hashed SubPlan 1))
                                 SubPlan 1
                                   ->  Seq Scan on supplier  (cost=0.00..350.00 rows=1 width=4)
                                         Filter: ((s_comment)::text ~~ '%Customer%Complaints%'::text)
                           ->  Hash  (cost=9157.00..9157.00 rows=27179 width=40)
                                 ->  Seq Scan on part  (cost=0.00..9157.00 rows=27179 width=40)
                                       Filter: ((p_brand <> 'Brand#12'::bpchar) AND ((p_type)::text !~~ 'SMALL BRUSHED%'::text) AND (p_size = ANY ('{12,32,36,26,40,34,49,9}'::integer[])))
(16 rows)

query 16 run 2
SET
SET
                                                                                         QUERY PLAN                                                                                         
--------------------------------------------------------------------------------------------------------------------------------------------------------------------------------------------
 Limit  (cost=47650.44..47650.44 rows=1 width=40)
   ->  Sort  (cost=47650.44..47657.24 rows=2718 width=40)
         Sort Key: (count(DISTINCT partsupp.ps_suppkey)), part.p_brand, part.p_type, part.p_size
         ->  GroupAggregate  (cost=46932.31..47636.85 rows=2718 width=40)
               ->  Sort  (cost=46932.31..47066.43 rows=53645 width=40)
                     Sort Key: part.p_brand, part.p_type, part.p_size
                     ->  Hash Join  (cost=9846.74..42718.19 rows=53645 width=40)
                           Hash Cond: (partsupp.ps_partkey = part.p_partkey)
                           ->  Seq Scan on partsupp  (cost=350.00..28185.00 rows=400000 width=8)
                                 Filter: (NOT (hashed SubPlan 1))
                                 SubPlan 1
                                   ->  Seq Scan on supplier  (cost=0.00..350.00 rows=1 width=4)
                                         Filter: ((s_comment)::text ~~ '%Customer%Complaints%'::text)
                           ->  Hash  (cost=9157.00..9157.00 rows=27179 width=40)
                                 ->  Seq Scan on part  (cost=0.00..9157.00 rows=27179 width=40)
                                       Filter: ((p_brand <> 'Brand#12'::bpchar) AND ((p_type)::text !~~ 'SMALL BRUSHED%'::text) AND (p_size = ANY ('{12,32,36,26,40,34,49,9}'::integer[])))
(16 rows)

query 16 run 3
SET
SET
                                                                                         QUERY PLAN                                                                                         
--------------------------------------------------------------------------------------------------------------------------------------------------------------------------------------------
 Limit  (cost=47650.44..47650.44 rows=1 width=40)
   ->  Sort  (cost=47650.44..47657.24 rows=2718 width=40)
         Sort Key: (count(DISTINCT partsupp.ps_suppkey)), part.p_brand, part.p_type, part.p_size
         ->  GroupAggregate  (cost=46932.31..47636.85 rows=2718 width=40)
               ->  Sort  (cost=46932.31..47066.43 rows=53645 width=40)
                     Sort Key: part.p_brand, part.p_type, part.p_size
                     ->  Hash Join  (cost=9846.74..42718.19 rows=53645 width=40)
                           Hash Cond: (partsupp.ps_partkey = part.p_partkey)
                           ->  Seq Scan on partsupp  (cost=350.00..28185.00 rows=400000 width=8)
                                 Filter: (NOT (hashed SubPlan 1))
                                 SubPlan 1
                                   ->  Seq Scan on supplier  (cost=0.00..350.00 rows=1 width=4)
                                         Filter: ((s_comment)::text ~~ '%Customer%Complaints%'::text)
                           ->  Hash  (cost=9157.00..9157.00 rows=27179 width=40)
                                 ->  Seq Scan on part  (cost=0.00..9157.00 rows=27179 width=40)
                                       Filter: ((p_brand <> 'Brand#12'::bpchar) AND ((p_type)::text !~~ 'SMALL BRUSHED%'::text) AND (p_size = ANY ('{12,32,36,26,40,34,49,9}'::integer[])))
(16 rows)

query 17 run 1
SET
SET
                                                  QUERY PLAN                                                   
---------------------------------------------------------------------------------------------------------------
 Limit  (cost=231041.69..231041.70 rows=1 width=10)
   ->  Aggregate  (cost=231041.69..231041.70 rows=1 width=10)
         ->  Nested Loop  (cost=215745.84..231036.63 rows=2021 width=10)
               Join Filter: (public.lineitem.l_quantity < ((0.2 * avg(public.lineitem.l_quantity))))
               ->  Hash Join  (cost=215745.84..221279.76 rows=202 width=40)
                     Hash Cond: (public.lineitem.l_partkey = part.p_partkey)
                     ->  HashAggregate  (cost=208586.22..211472.43 rows=192414 width=11)
                           ->  Seq Scan on lineitem  (cost=0.00..178579.81 rows=6001281 width=11)
                     ->  Hash  (cost=7157.00..7157.00 rows=210 width=4)
                           ->  Seq Scan on part  (cost=0.00..7157.00 rows=210 width=4)
                                 Filter: ((p_brand = 'Brand#22'::bpchar) AND (p_container = 'LG BOX'::bpchar))
               ->  Index Scan using idx_lineitem_part_supp on lineitem  (cost=0.00..47.84 rows=31 width=21)
                     Index Cond: (public.lineitem.l_partkey = part.p_partkey)
(13 rows)

query 17 run 2
SET
SET
                                                  QUERY PLAN                                                   
---------------------------------------------------------------------------------------------------------------
 Limit  (cost=231041.69..231041.70 rows=1 width=10)
   ->  Aggregate  (cost=231041.69..231041.70 rows=1 width=10)
         ->  Nested Loop  (cost=215745.84..231036.63 rows=2021 width=10)
               Join Filter: (public.lineitem.l_quantity < ((0.2 * avg(public.lineitem.l_quantity))))
               ->  Hash Join  (cost=215745.84..221279.76 rows=202 width=40)
                     Hash Cond: (public.lineitem.l_partkey = part.p_partkey)
                     ->  HashAggregate  (cost=208586.22..211472.43 rows=192414 width=11)
                           ->  Seq Scan on lineitem  (cost=0.00..178579.81 rows=6001281 width=11)
                     ->  Hash  (cost=7157.00..7157.00 rows=210 width=4)
                           ->  Seq Scan on part  (cost=0.00..7157.00 rows=210 width=4)
                                 Filter: ((p_brand = 'Brand#22'::bpchar) AND (p_container = 'LG BOX'::bpchar))
               ->  Index Scan using idx_lineitem_part_supp on lineitem  (cost=0.00..47.84 rows=31 width=21)
                     Index Cond: (public.lineitem.l_partkey = part.p_partkey)
(13 rows)

query 17 run 3
SET
SET
                                                  QUERY PLAN                                                   
---------------------------------------------------------------------------------------------------------------
 Limit  (cost=231041.69..231041.70 rows=1 width=10)
   ->  Aggregate  (cost=231041.69..231041.70 rows=1 width=10)
         ->  Nested Loop  (cost=215745.84..231036.63 rows=2021 width=10)
               Join Filter: (public.lineitem.l_quantity < ((0.2 * avg(public.lineitem.l_quantity))))
               ->  Hash Join  (cost=215745.84..221279.76 rows=202 width=40)
                     Hash Cond: (public.lineitem.l_partkey = part.p_partkey)
                     ->  HashAggregate  (cost=208586.22..211472.43 rows=192414 width=11)
                           ->  Seq Scan on lineitem  (cost=0.00..178579.81 rows=6001281 width=11)
                     ->  Hash  (cost=7157.00..7157.00 rows=210 width=4)
                           ->  Seq Scan on part  (cost=0.00..7157.00 rows=210 width=4)
                                 Filter: ((p_brand = 'Brand#22'::bpchar) AND (p_container = 'LG BOX'::bpchar))
               ->  Index Scan using idx_lineitem_part_supp on lineitem  (cost=0.00..47.84 rows=31 width=21)
                     Index Cond: (public.lineitem.l_partkey = part.p_partkey)
(13 rows)

query 18 run 1
SET
SET
                                                                    QUERY PLAN                                                                    
--------------------------------------------------------------------------------------------------------------------------------------------------
 Limit  (cost=1123019.74..1123022.74 rows=100 width=48)
   ->  GroupAggregate  (cost=1123019.74..1213019.74 rows=3000000 width=48)
         ->  Sort  (cost=1123019.74..1130519.74 rows=3000000 width=48)
               Sort Key: orders.o_totalprice, orders.o_orderdate, customer.c_name, customer.c_custkey, orders.o_orderkey
               ->  Hash Join  (cost=7045.93..740943.78 rows=3000000 width=48)
                     Hash Cond: (orders.o_custkey = customer.c_custkey)
                     ->  Merge Join  (cost=37.93..662685.78 rows=3000000 width=29)
                           Merge Cond: (orders.o_orderkey = public.lineitem.l_orderkey)
                           ->  Merge Semi Join  (cost=0.00..382549.73 rows=750000 width=26)
                                 Merge Cond: (orders.o_orderkey = public.lineitem.l_orderkey)
                                 ->  Index Scan using orders_pkey on orders  (cost=0.00..55507.81 rows=1500000 width=22)
                                 ->  Materialize  (cost=0.00..304537.92 rows=1500320 width=4)
                                       ->  GroupAggregate  (cost=0.00..285783.92 rows=1500320 width=11)
                                             Filter: (sum(public.lineitem.l_quantity) > 313::numeric)
                                             ->  Index Scan using idx_lineitem_orderkey on lineitem  (cost=0.00..233272.71 rows=6001281 width=11)
                           ->  Index Scan using idx_lineitem_orderkey on lineitem  (cost=0.00..233272.71 rows=6001281 width=11)
                     ->  Hash  (cost=5133.00..5133.00 rows=150000 width=23)
                           ->  Seq Scan on customer  (cost=0.00..5133.00 rows=150000 width=23)
(18 rows)

query 18 run 2
SET
SET
                                                                    QUERY PLAN                                                                    
--------------------------------------------------------------------------------------------------------------------------------------------------
 Limit  (cost=1123019.74..1123022.74 rows=100 width=48)
   ->  GroupAggregate  (cost=1123019.74..1213019.74 rows=3000000 width=48)
         ->  Sort  (cost=1123019.74..1130519.74 rows=3000000 width=48)
               Sort Key: orders.o_totalprice, orders.o_orderdate, customer.c_name, customer.c_custkey, orders.o_orderkey
               ->  Hash Join  (cost=7045.93..740943.78 rows=3000000 width=48)
                     Hash Cond: (orders.o_custkey = customer.c_custkey)
                     ->  Merge Join  (cost=37.93..662685.78 rows=3000000 width=29)
                           Merge Cond: (orders.o_orderkey = public.lineitem.l_orderkey)
                           ->  Merge Semi Join  (cost=0.00..382549.73 rows=750000 width=26)
                                 Merge Cond: (orders.o_orderkey = public.lineitem.l_orderkey)
                                 ->  Index Scan using orders_pkey on orders  (cost=0.00..55507.81 rows=1500000 width=22)
                                 ->  Materialize  (cost=0.00..304537.92 rows=1500320 width=4)
                                       ->  GroupAggregate  (cost=0.00..285783.92 rows=1500320 width=11)
                                             Filter: (sum(public.lineitem.l_quantity) > 313::numeric)
                                             ->  Index Scan using idx_lineitem_orderkey on lineitem  (cost=0.00..233272.71 rows=6001281 width=11)
                           ->  Index Scan using idx_lineitem_orderkey on lineitem  (cost=0.00..233272.71 rows=6001281 width=11)
                     ->  Hash  (cost=5133.00..5133.00 rows=150000 width=23)
                           ->  Seq Scan on customer  (cost=0.00..5133.00 rows=150000 width=23)
(18 rows)

query 18 run 3
SET
SET
                                                                    QUERY PLAN                                                                    
--------------------------------------------------------------------------------------------------------------------------------------------------
 Limit  (cost=1123019.74..1123022.74 rows=100 width=48)
   ->  GroupAggregate  (cost=1123019.74..1213019.74 rows=3000000 width=48)
         ->  Sort  (cost=1123019.74..1130519.74 rows=3000000 width=48)
               Sort Key: orders.o_totalprice, orders.o_orderdate, customer.c_name, customer.c_custkey, orders.o_orderkey
               ->  Hash Join  (cost=7045.93..740943.78 rows=3000000 width=48)
                     Hash Cond: (orders.o_custkey = customer.c_custkey)
                     ->  Merge Join  (cost=37.93..662685.78 rows=3000000 width=29)
                           Merge Cond: (orders.o_orderkey = public.lineitem.l_orderkey)
                           ->  Merge Semi Join  (cost=0.00..382549.73 rows=750000 width=26)
                                 Merge Cond: (orders.o_orderkey = public.lineitem.l_orderkey)
                                 ->  Index Scan using orders_pkey on orders  (cost=0.00..55507.81 rows=1500000 width=22)
                                 ->  Materialize  (cost=0.00..304537.92 rows=1500320 width=4)
                                       ->  GroupAggregate  (cost=0.00..285783.92 rows=1500320 width=11)
                                             Filter: (sum(public.lineitem.l_quantity) > 313::numeric)
                                             ->  Index Scan using idx_lineitem_orderkey on lineitem  (cost=0.00..233272.71 rows=6001281 width=11)
                           ->  Index Scan using idx_lineitem_orderkey on lineitem  (cost=0.00..233272.71 rows=6001281 width=11)
                     ->  Hash  (cost=5133.00..5133.00 rows=150000 width=23)
                           ->  Seq Scan on customer  (cost=0.00..5133.00 rows=150000 width=23)
(18 rows)

query 19 run 1
SET
SET
                                                                                                                                                                                                                                                                                                                                                                  QUERY PLAN                                                                                                                                                                                                                                                                                                                                                                   
-----------------------------------------------------------------------------------------------------------------------------------------------------------------------------------------------------------------------------------------------------------------------------------------------------------------------------------------------------------------------------------------------------------------------------------------------------------------------------------------------------------------------------------------------------------------------------------------------------------------------------------------------------------------------------------------------------------------------------------------------
 Limit  (cost=315059.41..315059.43 rows=1 width=16)
   ->  Aggregate  (cost=315059.41..315059.43 rows=1 width=16)
         ->  Hash Join  (cost=9157.00..315059.14 rows=110 width=16)
               Hash Cond: (lineitem.l_partkey = part.p_partkey)
               Join Filter: (((part.p_brand = 'Brand#24'::bpchar) AND (part.p_container = ANY ('{"SM CASE","SM BOX","SM PACK","SM PKG"}'::bpchar[])) AND (lineitem.l_quantity >= 10::numeric) AND (lineitem.l_quantity <= 20::numeric) AND (part.p_size <= 5)) OR ((part.p_brand = 'Brand#43'::bpchar) AND (part.p_container = ANY ('{"MED BAG","MED BOX","MED PKG","MED PACK"}'::bpchar[])) AND (lineitem.l_quantity >= 10::numeric) AND (lineitem.l_quantity <= 20::numeric) AND (part.p_size <= 10)) OR ((part.p_brand = 'Brand#44'::bpchar) AND (part.p_container = ANY ('{"LG CASE","LG BOX","LG PACK","LG PKG"}'::bpchar[])) AND (lineitem.l_quantity >= 20::numeric) AND (lineitem.l_quantity <= 30::numeric) AND (part.p_size <= 15)))
               ->  Seq Scan on lineitem  (cost=0.00..298605.43 rows=112257 width=27)
                     Filter: ((l_shipmode = ANY ('{AIR,"AIR REG"}'::bpchar[])) AND (l_shipinstruct = 'DELIVER IN PERSON'::bpchar) AND (((l_quantity >= 10::numeric) AND (l_quantity <= 20::numeric)) OR ((l_quantity >= 10::numeric) AND (l_quantity <= 20::numeric)) OR ((l_quantity >= 20::numeric) AND (l_quantity <= 30::numeric))))
               ->  Hash  (cost=6657.00..6657.00 rows=200000 width=30)
                     ->  Seq Scan on part  (cost=0.00..6657.00 rows=200000 width=30)
                           Filter: (p_size >= 1)
(10 rows)

query 19 run 2
SET
SET
                                                                                                                                                                                                                                                                                                                                                                  QUERY PLAN                                                                                                                                                                                                                                                                                                                                                                   
-----------------------------------------------------------------------------------------------------------------------------------------------------------------------------------------------------------------------------------------------------------------------------------------------------------------------------------------------------------------------------------------------------------------------------------------------------------------------------------------------------------------------------------------------------------------------------------------------------------------------------------------------------------------------------------------------------------------------------------------------
 Limit  (cost=315059.41..315059.43 rows=1 width=16)
   ->  Aggregate  (cost=315059.41..315059.43 rows=1 width=16)
         ->  Hash Join  (cost=9157.00..315059.14 rows=110 width=16)
               Hash Cond: (lineitem.l_partkey = part.p_partkey)
               Join Filter: (((part.p_brand = 'Brand#24'::bpchar) AND (part.p_container = ANY ('{"SM CASE","SM BOX","SM PACK","SM PKG"}'::bpchar[])) AND (lineitem.l_quantity >= 10::numeric) AND (lineitem.l_quantity <= 20::numeric) AND (part.p_size <= 5)) OR ((part.p_brand = 'Brand#43'::bpchar) AND (part.p_container = ANY ('{"MED BAG","MED BOX","MED PKG","MED PACK"}'::bpchar[])) AND (lineitem.l_quantity >= 10::numeric) AND (lineitem.l_quantity <= 20::numeric) AND (part.p_size <= 10)) OR ((part.p_brand = 'Brand#44'::bpchar) AND (part.p_container = ANY ('{"LG CASE","LG BOX","LG PACK","LG PKG"}'::bpchar[])) AND (lineitem.l_quantity >= 20::numeric) AND (lineitem.l_quantity <= 30::numeric) AND (part.p_size <= 15)))
               ->  Seq Scan on lineitem  (cost=0.00..298605.43 rows=112257 width=27)
                     Filter: ((l_shipmode = ANY ('{AIR,"AIR REG"}'::bpchar[])) AND (l_shipinstruct = 'DELIVER IN PERSON'::bpchar) AND (((l_quantity >= 10::numeric) AND (l_quantity <= 20::numeric)) OR ((l_quantity >= 10::numeric) AND (l_quantity <= 20::numeric)) OR ((l_quantity >= 20::numeric) AND (l_quantity <= 30::numeric))))
               ->  Hash  (cost=6657.00..6657.00 rows=200000 width=30)
                     ->  Seq Scan on part  (cost=0.00..6657.00 rows=200000 width=30)
                           Filter: (p_size >= 1)
(10 rows)

query 19 run 3
SET
SET
                                                                                                                                                                                                                                                                                                                                                                  QUERY PLAN                                                                                                                                                                                                                                                                                                                                                                   
-----------------------------------------------------------------------------------------------------------------------------------------------------------------------------------------------------------------------------------------------------------------------------------------------------------------------------------------------------------------------------------------------------------------------------------------------------------------------------------------------------------------------------------------------------------------------------------------------------------------------------------------------------------------------------------------------------------------------------------------------
 Limit  (cost=315059.41..315059.43 rows=1 width=16)
   ->  Aggregate  (cost=315059.41..315059.43 rows=1 width=16)
         ->  Hash Join  (cost=9157.00..315059.14 rows=110 width=16)
               Hash Cond: (lineitem.l_partkey = part.p_partkey)
               Join Filter: (((part.p_brand = 'Brand#24'::bpchar) AND (part.p_container = ANY ('{"SM CASE","SM BOX","SM PACK","SM PKG"}'::bpchar[])) AND (lineitem.l_quantity >= 10::numeric) AND (lineitem.l_quantity <= 20::numeric) AND (part.p_size <= 5)) OR ((part.p_brand = 'Brand#43'::bpchar) AND (part.p_container = ANY ('{"MED BAG","MED BOX","MED PKG","MED PACK"}'::bpchar[])) AND (lineitem.l_quantity >= 10::numeric) AND (lineitem.l_quantity <= 20::numeric) AND (part.p_size <= 10)) OR ((part.p_brand = 'Brand#44'::bpchar) AND (part.p_container = ANY ('{"LG CASE","LG BOX","LG PACK","LG PKG"}'::bpchar[])) AND (lineitem.l_quantity >= 20::numeric) AND (lineitem.l_quantity <= 30::numeric) AND (part.p_size <= 15)))
               ->  Seq Scan on lineitem  (cost=0.00..298605.43 rows=112257 width=27)
                     Filter: ((l_shipmode = ANY ('{AIR,"AIR REG"}'::bpchar[])) AND (l_shipinstruct = 'DELIVER IN PERSON'::bpchar) AND (((l_quantity >= 10::numeric) AND (l_quantity <= 20::numeric)) OR ((l_quantity >= 10::numeric) AND (l_quantity <= 20::numeric)) OR ((l_quantity >= 20::numeric) AND (l_quantity <= 30::numeric))))
               ->  Hash  (cost=6657.00..6657.00 rows=200000 width=30)
                     ->  Seq Scan on part  (cost=0.00..6657.00 rows=200000 width=30)
                           Filter: (p_size >= 1)
(10 rows)

query 20 run 1
SET
SET
                                                             QUERY PLAN                                                             
------------------------------------------------------------------------------------------------------------------------------------
 Limit  (cost=171455.61..171455.61 rows=1 width=51)
   ->  Sort  (cost=171455.61..171455.61 rows=1 width=51)
         Sort Key: supplier.s_name
         ->  Nested Loop Semi Join  (cost=168186.39..171455.60 rows=1 width=51)
               Join Filter: (supplier.s_suppkey = lineitem.l_suppkey)
               ->  Nested Loop  (cost=6.35..231.77 rows=400 width=55)
                     ->  Seq Scan on nation  (cost=0.00..1.31 rows=1 width=4)
                           Filter: (n_name = 'IRAQ'::bpchar)
                     ->  Bitmap Heap Scan on supplier  (cost=6.35..225.46 rows=400 width=59)
                           Recheck Cond: (supplier.s_nationkey = nation.n_nationkey)
                           ->  Bitmap Index Scan on idx_supplier_nation_key  (cost=0.00..6.25 rows=400 width=0)
                                 Index Cond: (supplier.s_nationkey = nation.n_nationkey)
               ->  Materialize  (cost=168180.04..171187.83 rows=6 width=8)
                     ->  Hash Join  (cost=168180.04..171187.80 rows=6 width=8)
                           Hash Cond: ((lineitem.l_partkey = partsupp.ps_partkey) AND (lineitem.l_suppkey = partsupp.ps_suppkey))
                           Join Filter: ((partsupp.ps_availqty)::numeric > ((0.5 * sum(lineitem.l_quantity))))
                           ->  HashAggregate  (cost=155620.24..157008.43 rows=92546 width=15)
                                 ->  Bitmap Heap Scan on lineitem  (cost=16230.57..148679.35 rows=925452 width=15)
                                       Recheck Cond: ((l_shipdate >= '1996-01-01'::date) AND (l_shipdate < '1997-01-01'::date))
                                       ->  Bitmap Index Scan on idx_lineitem_shipdate  (cost=0.00..15999.21 rows=925452 width=0)
                                             Index Cond: ((l_shipdate >= '1996-01-01'::date) AND (l_shipdate < '1997-01-01'::date))
                           ->  Hash  (cost=12440.19..12440.19 rows=7974 width=16)
                                 ->  Nested Loop  (cost=6662.05..12440.19 rows=7974 width=16)
                                       ->  HashAggregate  (cost=6662.05..6682.25 rows=2020 width=4)
                                             ->  Seq Scan on part  (cost=0.00..6657.00 rows=2020 width=4)
                                                   Filter: ((p_name)::text ~~ 'olive%'::text)
                                       ->  Index Scan using idx_partsupp_partkey on partsupp  (cost=0.00..2.80 rows=4 width=12)
                                             Index Cond: (partsupp.ps_partkey = part.p_partkey)
(28 rows)

query 20 run 2
SET
SET
                                                             QUERY PLAN                                                             
------------------------------------------------------------------------------------------------------------------------------------
 Limit  (cost=171455.61..171455.61 rows=1 width=51)
   ->  Sort  (cost=171455.61..171455.61 rows=1 width=51)
         Sort Key: supplier.s_name
         ->  Nested Loop Semi Join  (cost=168186.39..171455.60 rows=1 width=51)
               Join Filter: (supplier.s_suppkey = lineitem.l_suppkey)
               ->  Nested Loop  (cost=6.35..231.77 rows=400 width=55)
                     ->  Seq Scan on nation  (cost=0.00..1.31 rows=1 width=4)
                           Filter: (n_name = 'IRAQ'::bpchar)
                     ->  Bitmap Heap Scan on supplier  (cost=6.35..225.46 rows=400 width=59)
                           Recheck Cond: (supplier.s_nationkey = nation.n_nationkey)
                           ->  Bitmap Index Scan on idx_supplier_nation_key  (cost=0.00..6.25 rows=400 width=0)
                                 Index Cond: (supplier.s_nationkey = nation.n_nationkey)
               ->  Materialize  (cost=168180.04..171187.83 rows=6 width=8)
                     ->  Hash Join  (cost=168180.04..171187.80 rows=6 width=8)
                           Hash Cond: ((lineitem.l_partkey = partsupp.ps_partkey) AND (lineitem.l_suppkey = partsupp.ps_suppkey))
                           Join Filter: ((partsupp.ps_availqty)::numeric > ((0.5 * sum(lineitem.l_quantity))))
                           ->  HashAggregate  (cost=155620.24..157008.43 rows=92546 width=15)
                                 ->  Bitmap Heap Scan on lineitem  (cost=16230.57..148679.35 rows=925452 width=15)
                                       Recheck Cond: ((l_shipdate >= '1996-01-01'::date) AND (l_shipdate < '1997-01-01'::date))
                                       ->  Bitmap Index Scan on idx_lineitem_shipdate  (cost=0.00..15999.21 rows=925452 width=0)
                                             Index Cond: ((l_shipdate >= '1996-01-01'::date) AND (l_shipdate < '1997-01-01'::date))
                           ->  Hash  (cost=12440.19..12440.19 rows=7974 width=16)
                                 ->  Nested Loop  (cost=6662.05..12440.19 rows=7974 width=16)
                                       ->  HashAggregate  (cost=6662.05..6682.25 rows=2020 width=4)
                                             ->  Seq Scan on part  (cost=0.00..6657.00 rows=2020 width=4)
                                                   Filter: ((p_name)::text ~~ 'olive%'::text)
                                       ->  Index Scan using idx_partsupp_partkey on partsupp  (cost=0.00..2.80 rows=4 width=12)
                                             Index Cond: (partsupp.ps_partkey = part.p_partkey)
(28 rows)

query 20 run 3
SET
SET
                                                             QUERY PLAN                                                             
------------------------------------------------------------------------------------------------------------------------------------
 Limit  (cost=171455.61..171455.61 rows=1 width=51)
   ->  Sort  (cost=171455.61..171455.61 rows=1 width=51)
         Sort Key: supplier.s_name
         ->  Nested Loop Semi Join  (cost=168186.39..171455.60 rows=1 width=51)
               Join Filter: (supplier.s_suppkey = lineitem.l_suppkey)
               ->  Nested Loop  (cost=6.35..231.77 rows=400 width=55)
                     ->  Seq Scan on nation  (cost=0.00..1.31 rows=1 width=4)
                           Filter: (n_name = 'IRAQ'::bpchar)
                     ->  Bitmap Heap Scan on supplier  (cost=6.35..225.46 rows=400 width=59)
                           Recheck Cond: (supplier.s_nationkey = nation.n_nationkey)
                           ->  Bitmap Index Scan on idx_supplier_nation_key  (cost=0.00..6.25 rows=400 width=0)
                                 Index Cond: (supplier.s_nationkey = nation.n_nationkey)
               ->  Materialize  (cost=168180.04..171187.83 rows=6 width=8)
                     ->  Hash Join  (cost=168180.04..171187.80 rows=6 width=8)
                           Hash Cond: ((lineitem.l_partkey = partsupp.ps_partkey) AND (lineitem.l_suppkey = partsupp.ps_suppkey))
                           Join Filter: ((partsupp.ps_availqty)::numeric > ((0.5 * sum(lineitem.l_quantity))))
                           ->  HashAggregate  (cost=155620.24..157008.43 rows=92546 width=15)
                                 ->  Bitmap Heap Scan on lineitem  (cost=16230.57..148679.35 rows=925452 width=15)
                                       Recheck Cond: ((l_shipdate >= '1996-01-01'::date) AND (l_shipdate < '1997-01-01'::date))
                                       ->  Bitmap Index Scan on idx_lineitem_shipdate  (cost=0.00..15999.21 rows=925452 width=0)
                                             Index Cond: ((l_shipdate >= '1996-01-01'::date) AND (l_shipdate < '1997-01-01'::date))
                           ->  Hash  (cost=12440.19..12440.19 rows=7974 width=16)
                                 ->  Nested Loop  (cost=6662.05..12440.19 rows=7974 width=16)
                                       ->  HashAggregate  (cost=6662.05..6682.25 rows=2020 width=4)
                                             ->  Seq Scan on part  (cost=0.00..6657.00 rows=2020 width=4)
                                                   Filter: ((p_name)::text ~~ 'olive%'::text)
                                       ->  Index Scan using idx_partsupp_partkey on partsupp  (cost=0.00..2.80 rows=4 width=12)
                                             Index Cond: (partsupp.ps_partkey = part.p_partkey)
(28 rows)

query 21 run 1
SET
SET
                                                                  QUERY PLAN                                                                  
----------------------------------------------------------------------------------------------------------------------------------------------
 Limit  (cost=393176.32..393176.32 rows=1 width=26)
   ->  Sort  (cost=393176.32..393176.32 rows=1 width=26)
         Sort Key: (count(*)), supplier.s_name
         ->  HashAggregate  (cost=393176.29..393176.31 rows=1 width=26)
               ->  Nested Loop Anti Join  (cost=54872.27..393176.29 rows=1 width=26)
                     Join Filter: (l3.l_suppkey <> l1.l_suppkey)
                     ->  Nested Loop Semi Join  (cost=54872.27..393169.37 rows=1 width=34)
                           Join Filter: (l2.l_suppkey <> l1.l_suppkey)
                           ->  Hash Join  (cost=54872.27..257941.87 rows=38593 width=38)
                                 Hash Cond: (l1.l_orderkey = orders.o_orderkey)
                                 ->  Hash Join  (cost=236.77..202120.91 rows=79953 width=34)
                                       Hash Cond: (l1.l_suppkey = supplier.s_suppkey)
                                       ->  Seq Scan on lineitem l1  (cost=0.00..193583.01 rows=2000427 width=8)
                                             Filter: (l_receiptdate > l_commitdate)
                                       ->  Hash  (cost=231.77..231.77 rows=400 width=30)
                                             ->  Nested Loop  (cost=6.35..231.77 rows=400 width=30)
                                                   ->  Seq Scan on nation  (cost=0.00..1.31 rows=1 width=4)
                                                         Filter: (n_name = 'PERU'::bpchar)
                                                   ->  Bitmap Heap Scan on supplier  (cost=6.35..225.46 rows=400 width=34)
                                                         Recheck Cond: (supplier.s_nationkey = nation.n_nationkey)
                                                         ->  Bitmap Index Scan on idx_supplier_nation_key  (cost=0.00..6.25 rows=400 width=0)
                                                               Index Cond: (supplier.s_nationkey = nation.n_nationkey)
                                 ->  Hash  (cost=45583.00..45583.00 rows=724200 width=4)
                                       ->  Seq Scan on orders  (cost=0.00..45583.00 rows=724200 width=4)
                                             Filter: (o_orderstatus = 'F'::bpchar)
                           ->  Index Scan using idx_lineitem_orderkey on lineitem l2  (cost=0.00..3.44 rows=4 width=8)
                                 Index Cond: (l2.l_orderkey = orders.o_orderkey)
                     ->  Index Scan using idx_lineitem_orderkey on lineitem l3  (cost=0.00..3.45 rows=1 width=8)
                           Index Cond: (l3.l_orderkey = l1.l_orderkey)
                           Filter: (l3.l_receiptdate > l3.l_commitdate)
(30 rows)

query 21 run 2
SET
SET
                                                                  QUERY PLAN                                                                  
----------------------------------------------------------------------------------------------------------------------------------------------
 Limit  (cost=393176.32..393176.32 rows=1 width=26)
   ->  Sort  (cost=393176.32..393176.32 rows=1 width=26)
         Sort Key: (count(*)), supplier.s_name
         ->  HashAggregate  (cost=393176.29..393176.31 rows=1 width=26)
               ->  Nested Loop Anti Join  (cost=54872.27..393176.29 rows=1 width=26)
                     Join Filter: (l3.l_suppkey <> l1.l_suppkey)
                     ->  Nested Loop Semi Join  (cost=54872.27..393169.37 rows=1 width=34)
                           Join Filter: (l2.l_suppkey <> l1.l_suppkey)
                           ->  Hash Join  (cost=54872.27..257941.87 rows=38593 width=38)
                                 Hash Cond: (l1.l_orderkey = orders.o_orderkey)
                                 ->  Hash Join  (cost=236.77..202120.91 rows=79953 width=34)
                                       Hash Cond: (l1.l_suppkey = supplier.s_suppkey)
                                       ->  Seq Scan on lineitem l1  (cost=0.00..193583.01 rows=2000427 width=8)
                                             Filter: (l_receiptdate > l_commitdate)
                                       ->  Hash  (cost=231.77..231.77 rows=400 width=30)
                                             ->  Nested Loop  (cost=6.35..231.77 rows=400 width=30)
                                                   ->  Seq Scan on nation  (cost=0.00..1.31 rows=1 width=4)
                                                         Filter: (n_name = 'PERU'::bpchar)
                                                   ->  Bitmap Heap Scan on supplier  (cost=6.35..225.46 rows=400 width=34)
                                                         Recheck Cond: (supplier.s_nationkey = nation.n_nationkey)
                                                         ->  Bitmap Index Scan on idx_supplier_nation_key  (cost=0.00..6.25 rows=400 width=0)
                                                               Index Cond: (supplier.s_nationkey = nation.n_nationkey)
                                 ->  Hash  (cost=45583.00..45583.00 rows=724200 width=4)
                                       ->  Seq Scan on orders  (cost=0.00..45583.00 rows=724200 width=4)
                                             Filter: (o_orderstatus = 'F'::bpchar)
                           ->  Index Scan using idx_lineitem_orderkey on lineitem l2  (cost=0.00..3.44 rows=4 width=8)
                                 Index Cond: (l2.l_orderkey = orders.o_orderkey)
                     ->  Index Scan using idx_lineitem_orderkey on lineitem l3  (cost=0.00..3.45 rows=1 width=8)
                           Index Cond: (l3.l_orderkey = l1.l_orderkey)
                           Filter: (l3.l_receiptdate > l3.l_commitdate)
(30 rows)

query 21 run 3
SET
SET
                                                                  QUERY PLAN                                                                  
----------------------------------------------------------------------------------------------------------------------------------------------
 Limit  (cost=393176.32..393176.32 rows=1 width=26)
   ->  Sort  (cost=393176.32..393176.32 rows=1 width=26)
         Sort Key: (count(*)), supplier.s_name
         ->  HashAggregate  (cost=393176.29..393176.31 rows=1 width=26)
               ->  Nested Loop Anti Join  (cost=54872.27..393176.29 rows=1 width=26)
                     Join Filter: (l3.l_suppkey <> l1.l_suppkey)
                     ->  Nested Loop Semi Join  (cost=54872.27..393169.37 rows=1 width=34)
                           Join Filter: (l2.l_suppkey <> l1.l_suppkey)
                           ->  Hash Join  (cost=54872.27..257941.87 rows=38593 width=38)
                                 Hash Cond: (l1.l_orderkey = orders.o_orderkey)
                                 ->  Hash Join  (cost=236.77..202120.91 rows=79953 width=34)
                                       Hash Cond: (l1.l_suppkey = supplier.s_suppkey)
                                       ->  Seq Scan on lineitem l1  (cost=0.00..193583.01 rows=2000427 width=8)
                                             Filter: (l_receiptdate > l_commitdate)
                                       ->  Hash  (cost=231.77..231.77 rows=400 width=30)
                                             ->  Nested Loop  (cost=6.35..231.77 rows=400 width=30)
                                                   ->  Seq Scan on nation  (cost=0.00..1.31 rows=1 width=4)
                                                         Filter: (n_name = 'PERU'::bpchar)
                                                   ->  Bitmap Heap Scan on supplier  (cost=6.35..225.46 rows=400 width=34)
                                                         Recheck Cond: (supplier.s_nationkey = nation.n_nationkey)
                                                         ->  Bitmap Index Scan on idx_supplier_nation_key  (cost=0.00..6.25 rows=400 width=0)
                                                               Index Cond: (supplier.s_nationkey = nation.n_nationkey)
                                 ->  Hash  (cost=45583.00..45583.00 rows=724200 width=4)
                                       ->  Seq Scan on orders  (cost=0.00..45583.00 rows=724200 width=4)
                                             Filter: (o_orderstatus = 'F'::bpchar)
                           ->  Index Scan using idx_lineitem_orderkey on lineitem l2  (cost=0.00..3.44 rows=4 width=8)
                                 Index Cond: (l2.l_orderkey = orders.o_orderkey)
                     ->  Index Scan using idx_lineitem_orderkey on lineitem l3  (cost=0.00..3.45 rows=1 width=8)
                           Index Cond: (l3.l_orderkey = l1.l_orderkey)
                           Filter: (l3.l_receiptdate > l3.l_commitdate)
(30 rows)

query 22 run 1
SET
SET
                                                               QUERY PLAN                                                               
----------------------------------------------------------------------------------------------------------------------------------------
 Limit  (cost=18049.96..18049.96 rows=1 width=24)
   InitPlan 1 (returns $0)
     ->  Aggregate  (cost=7582.28..7582.29 rows=1 width=8)
           ->  Seq Scan on customer  (cost=0.00..7570.50 rows=4710 width=8)
                 Filter: ((c_acctbal > 0.00) AND ("substring"((c_phone)::text, 1, 2) = ANY ('{21,29,26,34,14,15,17}'::text[])))
   ->  Sort  (cost=10467.67..10469.49 rows=730 width=24)
         Sort Key: ("substring"((public.customer.c_phone)::text, 1, 2))
         ->  HashAggregate  (cost=10449.42..10464.02 rows=730 width=24)
               ->  Nested Loop Anti Join  (cost=0.00..10443.94 rows=730 width=24)
                     ->  Seq Scan on customer  (cost=0.00..7570.50 rows=1724 width=28)
                           Filter: ((c_acctbal > $0) AND ("substring"((c_phone)::text, 1, 2) = ANY ('{21,29,26,34,14,15,17}'::text[])))
                     ->  Index Scan using idx_orders_custkey on orders  (cost=0.00..18.70 rows=17 width=4)
                           Index Cond: (orders.o_custkey = public.customer.c_custkey)
(13 rows)

query 22 run 2
SET
SET
                                                               QUERY PLAN                                                               
----------------------------------------------------------------------------------------------------------------------------------------
 Limit  (cost=18049.96..18049.96 rows=1 width=24)
   InitPlan 1 (returns $0)
     ->  Aggregate  (cost=7582.28..7582.29 rows=1 width=8)
           ->  Seq Scan on customer  (cost=0.00..7570.50 rows=4710 width=8)
                 Filter: ((c_acctbal > 0.00) AND ("substring"((c_phone)::text, 1, 2) = ANY ('{21,29,26,34,14,15,17}'::text[])))
   ->  Sort  (cost=10467.67..10469.49 rows=730 width=24)
         Sort Key: ("substring"((public.customer.c_phone)::text, 1, 2))
         ->  HashAggregate  (cost=10449.42..10464.02 rows=730 width=24)
               ->  Nested Loop Anti Join  (cost=0.00..10443.94 rows=730 width=24)
                     ->  Seq Scan on customer  (cost=0.00..7570.50 rows=1724 width=28)
                           Filter: ((c_acctbal > $0) AND ("substring"((c_phone)::text, 1, 2) = ANY ('{21,29,26,34,14,15,17}'::text[])))
                     ->  Index Scan using idx_orders_custkey on orders  (cost=0.00..18.70 rows=17 width=4)
                           Index Cond: (orders.o_custkey = public.customer.c_custkey)
(13 rows)

query 22 run 3
SET
SET
                                                               QUERY PLAN                                                               
----------------------------------------------------------------------------------------------------------------------------------------
 Limit  (cost=18049.96..18049.96 rows=1 width=24)
   InitPlan 1 (returns $0)
     ->  Aggregate  (cost=7582.28..7582.29 rows=1 width=8)
           ->  Seq Scan on customer  (cost=0.00..7570.50 rows=4710 width=8)
                 Filter: ((c_acctbal > 0.00) AND ("substring"((c_phone)::text, 1, 2) = ANY ('{21,29,26,34,14,15,17}'::text[])))
   ->  Sort  (cost=10467.67..10469.49 rows=730 width=24)
         Sort Key: ("substring"((public.customer.c_phone)::text, 1, 2))
         ->  HashAggregate  (cost=10449.42..10464.02 rows=730 width=24)
               ->  Nested Loop Anti Join  (cost=0.00..10443.94 rows=730 width=24)
                     ->  Seq Scan on customer  (cost=0.00..7570.50 rows=1724 width=28)
                           Filter: ((c_acctbal > $0) AND ("substring"((c_phone)::text, 1, 2) = ANY ('{21,29,26,34,14,15,17}'::text[])))
                     ->  Index Scan using idx_orders_custkey on orders  (cost=0.00..18.70 rows=17 width=4)
                           Index Cond: (orders.o_custkey = public.customer.c_custkey)
(13 rows)

