query 1 run 1
SET
SET
SET
                                           QUERY PLAN                                           
------------------------------------------------------------------------------------------------
 Limit  (cost=395342.65..395342.65 rows=1 width=236)
   ->  Sort  (cost=395342.65..395342.66 rows=6 width=236)
         Sort Key: l_returnflag, l_linestatus
         ->  HashAggregate  (cost=395342.45..395342.62 rows=6 width=236)
               Group Key: l_returnflag, l_linestatus
               ->  Seq Scan on lineitem  (cost=0.00..187574.44 rows=5936229 width=25)
                     Filter: (l_shipdate <= '1998-09-10 00:00:00'::timestamp without time zone)
(7 rows)

query 1 run 2
SET
SET
SET
                                           QUERY PLAN                                           
------------------------------------------------------------------------------------------------
 Limit  (cost=395342.65..395342.65 rows=1 width=236)
   ->  Sort  (cost=395342.65..395342.66 rows=6 width=236)
         Sort Key: l_returnflag, l_linestatus
         ->  HashAggregate  (cost=395342.45..395342.62 rows=6 width=236)
               Group Key: l_returnflag, l_linestatus
               ->  Seq Scan on lineitem  (cost=0.00..187574.44 rows=5936229 width=25)
                     Filter: (l_shipdate <= '1998-09-10 00:00:00'::timestamp without time zone)
(7 rows)

query 1 run 3
SET
SET
SET
                                           QUERY PLAN                                           
------------------------------------------------------------------------------------------------
 Limit  (cost=395342.65..395342.65 rows=1 width=236)
   ->  Sort  (cost=395342.65..395342.66 rows=6 width=236)
         Sort Key: l_returnflag, l_linestatus
         ->  HashAggregate  (cost=395342.45..395342.62 rows=6 width=236)
               Group Key: l_returnflag, l_linestatus
               ->  Seq Scan on lineitem  (cost=0.00..187574.44 rows=5936229 width=25)
                     Filter: (l_shipdate <= '1998-09-10 00:00:00'::timestamp without time zone)
(7 rows)

query 2 run 1
SET
SET
SET
                                                                 QUERY PLAN                                                                  
---------------------------------------------------------------------------------------------------------------------------------------------
 Limit  (cost=29962.26..29962.26 rows=1 width=192)
   ->  Sort  (cost=29962.26..29962.26 rows=1 width=192)
         Sort Key: supplier.s_acctbal DESC, nation.n_name, supplier.s_name, part.p_partkey
         ->  Hash Join  (cost=13241.00..29962.25 rows=1 width=192)
               Hash Cond: ((part.p_partkey = partsupp.ps_partkey) AND ((SubPlan 1) = partsupp.ps_supplycost))
               ->  Seq Scan on part  (cost=0.00..7099.00 rows=1042 width=30)
                     Filter: (((p_type)::text ~~ '%NICKEL'::text) AND (p_size = 16))
               ->  Hash  (cost=10841.00..10841.00 rows=160000 width=172)
                     ->  Nested Loop  (cost=0.71..10841.00 rows=160000 width=172)
                           ->  Nested Loop  (cost=0.29..129.20 rows=2000 width=166)
                                 ->  Nested Loop  (cost=0.00..2.62 rows=5 width=30)
                                       Join Filter: (nation.n_regionkey = region.r_regionkey)
                                       ->  Seq Scan on region  (cost=0.00..1.06 rows=1 width=4)
                                             Filter: (r_name = 'AMERICA'::bpchar)
                                       ->  Seq Scan on nation  (cost=0.00..1.25 rows=25 width=34)
                                 ->  Index Scan using idx_supplier_nation_key on supplier  (cost=0.29..21.32 rows=400 width=144)
                                       Index Cond: (s_nationkey = nation.n_nationkey)
                           ->  Index Scan using idx_partsupp_suppkey on partsupp  (cost=0.42..4.56 rows=80 width=14)
                                 Index Cond: (ps_suppkey = supplier.s_suppkey)
               SubPlan 1
                 ->  Aggregate  (cost=18.44..18.45 rows=1 width=32)
                       ->  Nested Loop  (cost=0.85..18.44 rows=1 width=6)
                             Join Filter: (nation_1.n_regionkey = region_1.r_regionkey)
                             ->  Seq Scan on region region_1  (cost=0.00..1.06 rows=1 width=4)
                                   Filter: (r_name = 'AMERICA'::bpchar)
                             ->  Nested Loop  (cost=0.85..17.33 rows=4 width=10)
                                   ->  Nested Loop  (cost=0.71..16.71 rows=4 width=10)
                                         ->  Index Scan using idx_partsupp_partkey on partsupp partsupp_1  (cost=0.42..3.50 rows=4 width=10)
                                               Index Cond: (ps_partkey = part.p_partkey)
                                         ->  Index Scan using supplier_pkey on supplier supplier_1  (cost=0.29..3.30 rows=1 width=8)
                                               Index Cond: (s_suppkey = partsupp_1.ps_suppkey)
                                   ->  Index Scan using nation_pkey on nation nation_1  (cost=0.14..0.16 rows=1 width=8)
                                         Index Cond: (n_nationkey = supplier_1.s_nationkey)
(33 rows)

query 2 run 2
SET
SET
SET
                                                                 QUERY PLAN                                                                  
---------------------------------------------------------------------------------------------------------------------------------------------
 Limit  (cost=29962.26..29962.26 rows=1 width=192)
   ->  Sort  (cost=29962.26..29962.26 rows=1 width=192)
         Sort Key: supplier.s_acctbal DESC, nation.n_name, supplier.s_name, part.p_partkey
         ->  Hash Join  (cost=13241.00..29962.25 rows=1 width=192)
               Hash Cond: ((part.p_partkey = partsupp.ps_partkey) AND ((SubPlan 1) = partsupp.ps_supplycost))
               ->  Seq Scan on part  (cost=0.00..7099.00 rows=1042 width=30)
                     Filter: (((p_type)::text ~~ '%NICKEL'::text) AND (p_size = 16))
               ->  Hash  (cost=10841.00..10841.00 rows=160000 width=172)
                     ->  Nested Loop  (cost=0.71..10841.00 rows=160000 width=172)
                           ->  Nested Loop  (cost=0.29..129.20 rows=2000 width=166)
                                 ->  Nested Loop  (cost=0.00..2.62 rows=5 width=30)
                                       Join Filter: (nation.n_regionkey = region.r_regionkey)
                                       ->  Seq Scan on region  (cost=0.00..1.06 rows=1 width=4)
                                             Filter: (r_name = 'AMERICA'::bpchar)
                                       ->  Seq Scan on nation  (cost=0.00..1.25 rows=25 width=34)
                                 ->  Index Scan using idx_supplier_nation_key on supplier  (cost=0.29..21.32 rows=400 width=144)
                                       Index Cond: (s_nationkey = nation.n_nationkey)
                           ->  Index Scan using idx_partsupp_suppkey on partsupp  (cost=0.42..4.56 rows=80 width=14)
                                 Index Cond: (ps_suppkey = supplier.s_suppkey)
               SubPlan 1
                 ->  Aggregate  (cost=18.44..18.45 rows=1 width=32)
                       ->  Nested Loop  (cost=0.85..18.44 rows=1 width=6)
                             Join Filter: (nation_1.n_regionkey = region_1.r_regionkey)
                             ->  Seq Scan on region region_1  (cost=0.00..1.06 rows=1 width=4)
                                   Filter: (r_name = 'AMERICA'::bpchar)
                             ->  Nested Loop  (cost=0.85..17.33 rows=4 width=10)
                                   ->  Nested Loop  (cost=0.71..16.71 rows=4 width=10)
                                         ->  Index Scan using idx_partsupp_partkey on partsupp partsupp_1  (cost=0.42..3.50 rows=4 width=10)
                                               Index Cond: (ps_partkey = part.p_partkey)
                                         ->  Index Scan using supplier_pkey on supplier supplier_1  (cost=0.29..3.30 rows=1 width=8)
                                               Index Cond: (s_suppkey = partsupp_1.ps_suppkey)
                                   ->  Index Scan using nation_pkey on nation nation_1  (cost=0.14..0.16 rows=1 width=8)
                                         Index Cond: (n_nationkey = supplier_1.s_nationkey)
(33 rows)

query 2 run 3
SET
SET
SET
                                                                 QUERY PLAN                                                                  
---------------------------------------------------------------------------------------------------------------------------------------------
 Limit  (cost=29962.26..29962.26 rows=1 width=192)
   ->  Sort  (cost=29962.26..29962.26 rows=1 width=192)
         Sort Key: supplier.s_acctbal DESC, nation.n_name, supplier.s_name, part.p_partkey
         ->  Hash Join  (cost=13241.00..29962.25 rows=1 width=192)
               Hash Cond: ((part.p_partkey = partsupp.ps_partkey) AND ((SubPlan 1) = partsupp.ps_supplycost))
               ->  Seq Scan on part  (cost=0.00..7099.00 rows=1042 width=30)
                     Filter: (((p_type)::text ~~ '%NICKEL'::text) AND (p_size = 16))
               ->  Hash  (cost=10841.00..10841.00 rows=160000 width=172)
                     ->  Nested Loop  (cost=0.71..10841.00 rows=160000 width=172)
                           ->  Nested Loop  (cost=0.29..129.20 rows=2000 width=166)
                                 ->  Nested Loop  (cost=0.00..2.62 rows=5 width=30)
                                       Join Filter: (nation.n_regionkey = region.r_regionkey)
                                       ->  Seq Scan on region  (cost=0.00..1.06 rows=1 width=4)
                                             Filter: (r_name = 'AMERICA'::bpchar)
                                       ->  Seq Scan on nation  (cost=0.00..1.25 rows=25 width=34)
                                 ->  Index Scan using idx_supplier_nation_key on supplier  (cost=0.29..21.32 rows=400 width=144)
                                       Index Cond: (s_nationkey = nation.n_nationkey)
                           ->  Index Scan using idx_partsupp_suppkey on partsupp  (cost=0.42..4.56 rows=80 width=14)
                                 Index Cond: (ps_suppkey = supplier.s_suppkey)
               SubPlan 1
                 ->  Aggregate  (cost=18.44..18.45 rows=1 width=32)
                       ->  Nested Loop  (cost=0.85..18.44 rows=1 width=6)
                             Join Filter: (nation_1.n_regionkey = region_1.r_regionkey)
                             ->  Seq Scan on region region_1  (cost=0.00..1.06 rows=1 width=4)
                                   Filter: (r_name = 'AMERICA'::bpchar)
                             ->  Nested Loop  (cost=0.85..17.33 rows=4 width=10)
                                   ->  Nested Loop  (cost=0.71..16.71 rows=4 width=10)
                                         ->  Index Scan using idx_partsupp_partkey on partsupp partsupp_1  (cost=0.42..3.50 rows=4 width=10)
                                               Index Cond: (ps_partkey = part.p_partkey)
                                         ->  Index Scan using supplier_pkey on supplier supplier_1  (cost=0.29..3.30 rows=1 width=8)
                                               Index Cond: (s_suppkey = partsupp_1.ps_suppkey)
                                   ->  Index Scan using nation_pkey on nation nation_1  (cost=0.14..0.16 rows=1 width=8)
                                         Index Cond: (n_nationkey = supplier_1.s_nationkey)
(33 rows)

query 3 run 1
SET
SET
SET
                                                       QUERY PLAN                                                        
-------------------------------------------------------------------------------------------------------------------------
 Limit  (cost=196080.50..196080.53 rows=10 width=44)
   ->  Sort  (cost=196080.50..196872.71 rows=316884 width=44)
         Sort Key: (sum((lineitem.l_extendedprice * ('1'::numeric - lineitem.l_discount)))) DESC, orders.o_orderdate
         ->  HashAggregate  (cost=181558.22..189232.75 rows=316884 width=44)
               Group Key: lineitem.l_orderkey, orders.o_orderdate, orders.o_shippriority
               Planned Partitions: 4
               ->  Nested Loop  (cost=12416.07..164897.05 rows=316884 width=24)
                     ->  Hash Join  (cost=12415.64..49476.98 rows=146869 width=12)
                           Hash Cond: (orders.o_custkey = customer.c_custkey)
                           ->  Bitmap Heap Scan on orders  (cost=6562.57..41726.87 rows=722664 width=16)
                                 Recheck Cond: (o_orderdate < '1995-03-07'::date)
                                 ->  Bitmap Index Scan on idx_orders_orderdate  (cost=0.00..6381.91 rows=722664 width=0)
                                       Index Cond: (o_orderdate < '1995-03-07'::date)
                           ->  Hash  (cost=5472.00..5472.00 rows=30485 width=4)
                                 ->  Seq Scan on customer  (cost=0.00..5472.00 rows=30485 width=4)
                                       Filter: (c_mktsegment = 'BUILDING'::bpchar)
                     ->  Index Scan using idx_lineitem_orderkey on lineitem  (cost=0.43..0.77 rows=2 width=16)
                           Index Cond: (l_orderkey = orders.o_orderkey)
                           Filter: (l_shipdate > '1995-03-07'::date)
(19 rows)

query 3 run 2
SET
SET
SET
                                                       QUERY PLAN                                                        
-------------------------------------------------------------------------------------------------------------------------
 Limit  (cost=196080.50..196080.53 rows=10 width=44)
   ->  Sort  (cost=196080.50..196872.71 rows=316884 width=44)
         Sort Key: (sum((lineitem.l_extendedprice * ('1'::numeric - lineitem.l_discount)))) DESC, orders.o_orderdate
         ->  HashAggregate  (cost=181558.22..189232.75 rows=316884 width=44)
               Group Key: lineitem.l_orderkey, orders.o_orderdate, orders.o_shippriority
               Planned Partitions: 4
               ->  Nested Loop  (cost=12416.07..164897.05 rows=316884 width=24)
                     ->  Hash Join  (cost=12415.64..49476.98 rows=146869 width=12)
                           Hash Cond: (orders.o_custkey = customer.c_custkey)
                           ->  Bitmap Heap Scan on orders  (cost=6562.57..41726.87 rows=722664 width=16)
                                 Recheck Cond: (o_orderdate < '1995-03-07'::date)
                                 ->  Bitmap Index Scan on idx_orders_orderdate  (cost=0.00..6381.91 rows=722664 width=0)
                                       Index Cond: (o_orderdate < '1995-03-07'::date)
                           ->  Hash  (cost=5472.00..5472.00 rows=30485 width=4)
                                 ->  Seq Scan on customer  (cost=0.00..5472.00 rows=30485 width=4)
                                       Filter: (c_mktsegment = 'BUILDING'::bpchar)
                     ->  Index Scan using idx_lineitem_orderkey on lineitem  (cost=0.43..0.77 rows=2 width=16)
                           Index Cond: (l_orderkey = orders.o_orderkey)
                           Filter: (l_shipdate > '1995-03-07'::date)
(19 rows)

query 3 run 3
SET
SET
SET
                                                       QUERY PLAN                                                        
-------------------------------------------------------------------------------------------------------------------------
 Limit  (cost=196080.50..196080.53 rows=10 width=44)
   ->  Sort  (cost=196080.50..196872.71 rows=316884 width=44)
         Sort Key: (sum((lineitem.l_extendedprice * ('1'::numeric - lineitem.l_discount)))) DESC, orders.o_orderdate
         ->  HashAggregate  (cost=181558.22..189232.75 rows=316884 width=44)
               Group Key: lineitem.l_orderkey, orders.o_orderdate, orders.o_shippriority
               Planned Partitions: 4
               ->  Nested Loop  (cost=12416.07..164897.05 rows=316884 width=24)
                     ->  Hash Join  (cost=12415.64..49476.98 rows=146869 width=12)
                           Hash Cond: (orders.o_custkey = customer.c_custkey)
                           ->  Bitmap Heap Scan on orders  (cost=6562.57..41726.87 rows=722664 width=16)
                                 Recheck Cond: (o_orderdate < '1995-03-07'::date)
                                 ->  Bitmap Index Scan on idx_orders_orderdate  (cost=0.00..6381.91 rows=722664 width=0)
                                       Index Cond: (o_orderdate < '1995-03-07'::date)
                           ->  Hash  (cost=5472.00..5472.00 rows=30485 width=4)
                                 ->  Seq Scan on customer  (cost=0.00..5472.00 rows=30485 width=4)
                                       Filter: (c_mktsegment = 'BUILDING'::bpchar)
                     ->  Index Scan using idx_lineitem_orderkey on lineitem  (cost=0.43..0.77 rows=2 width=16)
                           Index Cond: (l_orderkey = orders.o_orderkey)
                           Filter: (l_shipdate > '1995-03-07'::date)
(19 rows)

query 4 run 1
SET
SET
SET
                                                        QUERY PLAN                                                        
--------------------------------------------------------------------------------------------------------------------------
 Limit  (cost=125470.47..125470.48 rows=1 width=24)
   ->  Sort  (cost=125470.47..125470.49 rows=5 width=24)
         Sort Key: orders.o_orderpriority
         ->  HashAggregate  (cost=125470.40..125470.45 rows=5 width=24)
               Group Key: orders.o_orderpriority
               ->  Nested Loop Semi Join  (cost=643.46..125193.52 rows=55376 width=16)
                     ->  Bitmap Heap Scan on orders  (cost=643.03..27604.67 rows=55376 width=20)
                           Recheck Cond: ((o_orderdate >= '1993-12-01'::date) AND (o_orderdate < '1994-03-01'::date))
                           ->  Bitmap Index Scan on idx_orders_orderdate  (cost=0.00..629.19 rows=55376 width=0)
                                 Index Cond: ((o_orderdate >= '1993-12-01'::date) AND (o_orderdate < '1994-03-01'::date))
                     ->  Index Scan using idx_lineitem_orderkey on lineitem  (cost=0.43..1.97 rows=1 width=4)
                           Index Cond: (l_orderkey = orders.o_orderkey)
                           Filter: (l_commitdate < l_receiptdate)
(13 rows)

query 4 run 2
SET
SET
SET
                                                        QUERY PLAN                                                        
--------------------------------------------------------------------------------------------------------------------------
 Limit  (cost=125470.47..125470.48 rows=1 width=24)
   ->  Sort  (cost=125470.47..125470.49 rows=5 width=24)
         Sort Key: orders.o_orderpriority
         ->  HashAggregate  (cost=125470.40..125470.45 rows=5 width=24)
               Group Key: orders.o_orderpriority
               ->  Nested Loop Semi Join  (cost=643.46..125193.52 rows=55376 width=16)
                     ->  Bitmap Heap Scan on orders  (cost=643.03..27604.67 rows=55376 width=20)
                           Recheck Cond: ((o_orderdate >= '1993-12-01'::date) AND (o_orderdate < '1994-03-01'::date))
                           ->  Bitmap Index Scan on idx_orders_orderdate  (cost=0.00..629.19 rows=55376 width=0)
                                 Index Cond: ((o_orderdate >= '1993-12-01'::date) AND (o_orderdate < '1994-03-01'::date))
                     ->  Index Scan using idx_lineitem_orderkey on lineitem  (cost=0.43..1.97 rows=1 width=4)
                           Index Cond: (l_orderkey = orders.o_orderkey)
                           Filter: (l_commitdate < l_receiptdate)
(13 rows)

query 4 run 3
SET
SET
SET
                                                        QUERY PLAN                                                        
--------------------------------------------------------------------------------------------------------------------------
 Limit  (cost=125470.47..125470.48 rows=1 width=24)
   ->  Sort  (cost=125470.47..125470.49 rows=5 width=24)
         Sort Key: orders.o_orderpriority
         ->  HashAggregate  (cost=125470.40..125470.45 rows=5 width=24)
               Group Key: orders.o_orderpriority
               ->  Nested Loop Semi Join  (cost=643.46..125193.52 rows=55376 width=16)
                     ->  Bitmap Heap Scan on orders  (cost=643.03..27604.67 rows=55376 width=20)
                           Recheck Cond: ((o_orderdate >= '1993-12-01'::date) AND (o_orderdate < '1994-03-01'::date))
                           ->  Bitmap Index Scan on idx_orders_orderdate  (cost=0.00..629.19 rows=55376 width=0)
                                 Index Cond: ((o_orderdate >= '1993-12-01'::date) AND (o_orderdate < '1994-03-01'::date))
                     ->  Index Scan using idx_lineitem_orderkey on lineitem  (cost=0.43..1.97 rows=1 width=4)
                           Index Cond: (l_orderkey = orders.o_orderkey)
                           Filter: (l_commitdate < l_receiptdate)
(13 rows)

query 5 run 1
SET
SET
SET
                                                                 QUERY PLAN                                                                 
--------------------------------------------------------------------------------------------------------------------------------------------
 Limit  (cost=98323.41..98323.41 rows=1 width=58)
   ->  Sort  (cost=98323.41..98323.47 rows=25 width=58)
         Sort Key: (sum((lineitem.l_extendedprice * ('1'::numeric - lineitem.l_discount)))) DESC
         ->  GroupAggregate  (cost=98233.24..98323.29 rows=25 width=58)
               Group Key: nation.n_name
               ->  Sort  (cost=98233.24..98251.18 rows=7179 width=38)
                     Sort Key: nation.n_name
                     ->  Hash Join  (cost=474.15..97773.44 rows=7179 width=38)
                           Hash Cond: ((lineitem.l_suppkey = supplier.s_suppkey) AND (customer.c_nationkey = supplier.s_nationkey))
                           ->  Nested Loop  (cost=1.15..96357.83 rows=179542 width=50)
                                 ->  Nested Loop  (cost=0.72..35438.35 rows=44886 width=38)
                                       ->  Nested Loop  (cost=0.29..1936.45 rows=30000 width=38)
                                             ->  Nested Loop  (cost=0.00..2.62 rows=5 width=30)
                                                   Join Filter: (nation.n_regionkey = region.r_regionkey)
                                                   ->  Seq Scan on region  (cost=0.00..1.06 rows=1 width=4)
                                                         Filter: (r_name = 'AMERICA'::bpchar)
                                                   ->  Seq Scan on nation  (cost=0.00..1.25 rows=25 width=34)
                                             ->  Index Scan using idx_customer_nationkey on customer  (cost=0.29..326.76 rows=6000 width=8)
                                                   Index Cond: (c_nationkey = nation.n_nationkey)
                                       ->  Index Scan using idx_orders_custkey on orders  (cost=0.43..1.09 rows=3 width=8)
                                             Index Cond: (o_custkey = customer.c_custkey)
                                             Filter: ((o_orderdate >= '1993-01-01'::date) AND (o_orderdate < '1994-01-01'::date))
                                 ->  Index Scan using idx_lineitem_orderkey on lineitem  (cost=0.43..1.32 rows=4 width=20)
                                       Index Cond: (l_orderkey = orders.o_orderkey)
                           ->  Hash  (cost=323.00..323.00 rows=10000 width=8)
                                 ->  Seq Scan on supplier  (cost=0.00..323.00 rows=10000 width=8)
(26 rows)

query 5 run 2
SET
SET
SET
                                                                 QUERY PLAN                                                                 
--------------------------------------------------------------------------------------------------------------------------------------------
 Limit  (cost=98323.41..98323.41 rows=1 width=58)
   ->  Sort  (cost=98323.41..98323.47 rows=25 width=58)
         Sort Key: (sum((lineitem.l_extendedprice * ('1'::numeric - lineitem.l_discount)))) DESC
         ->  GroupAggregate  (cost=98233.24..98323.29 rows=25 width=58)
               Group Key: nation.n_name
               ->  Sort  (cost=98233.24..98251.18 rows=7179 width=38)
                     Sort Key: nation.n_name
                     ->  Hash Join  (cost=474.15..97773.44 rows=7179 width=38)
                           Hash Cond: ((lineitem.l_suppkey = supplier.s_suppkey) AND (customer.c_nationkey = supplier.s_nationkey))
                           ->  Nested Loop  (cost=1.15..96357.83 rows=179542 width=50)
                                 ->  Nested Loop  (cost=0.72..35438.35 rows=44886 width=38)
                                       ->  Nested Loop  (cost=0.29..1936.45 rows=30000 width=38)
                                             ->  Nested Loop  (cost=0.00..2.62 rows=5 width=30)
                                                   Join Filter: (nation.n_regionkey = region.r_regionkey)
                                                   ->  Seq Scan on region  (cost=0.00..1.06 rows=1 width=4)
                                                         Filter: (r_name = 'AMERICA'::bpchar)
                                                   ->  Seq Scan on nation  (cost=0.00..1.25 rows=25 width=34)
                                             ->  Index Scan using idx_customer_nationkey on customer  (cost=0.29..326.76 rows=6000 width=8)
                                                   Index Cond: (c_nationkey = nation.n_nationkey)
                                       ->  Index Scan using idx_orders_custkey on orders  (cost=0.43..1.09 rows=3 width=8)
                                             Index Cond: (o_custkey = customer.c_custkey)
                                             Filter: ((o_orderdate >= '1993-01-01'::date) AND (o_orderdate < '1994-01-01'::date))
                                 ->  Index Scan using idx_lineitem_orderkey on lineitem  (cost=0.43..1.32 rows=4 width=20)
                                       Index Cond: (l_orderkey = orders.o_orderkey)
                           ->  Hash  (cost=323.00..323.00 rows=10000 width=8)
                                 ->  Seq Scan on supplier  (cost=0.00..323.00 rows=10000 width=8)
(26 rows)

query 5 run 3
SET
SET
SET
                                                                 QUERY PLAN                                                                 
--------------------------------------------------------------------------------------------------------------------------------------------
 Limit  (cost=98323.41..98323.41 rows=1 width=58)
   ->  Sort  (cost=98323.41..98323.47 rows=25 width=58)
         Sort Key: (sum((lineitem.l_extendedprice * ('1'::numeric - lineitem.l_discount)))) DESC
         ->  GroupAggregate  (cost=98233.24..98323.29 rows=25 width=58)
               Group Key: nation.n_name
               ->  Sort  (cost=98233.24..98251.18 rows=7179 width=38)
                     Sort Key: nation.n_name
                     ->  Hash Join  (cost=474.15..97773.44 rows=7179 width=38)
                           Hash Cond: ((lineitem.l_suppkey = supplier.s_suppkey) AND (customer.c_nationkey = supplier.s_nationkey))
                           ->  Nested Loop  (cost=1.15..96357.83 rows=179542 width=50)
                                 ->  Nested Loop  (cost=0.72..35438.35 rows=44886 width=38)
                                       ->  Nested Loop  (cost=0.29..1936.45 rows=30000 width=38)
                                             ->  Nested Loop  (cost=0.00..2.62 rows=5 width=30)
                                                   Join Filter: (nation.n_regionkey = region.r_regionkey)
                                                   ->  Seq Scan on region  (cost=0.00..1.06 rows=1 width=4)
                                                         Filter: (r_name = 'AMERICA'::bpchar)
                                                   ->  Seq Scan on nation  (cost=0.00..1.25 rows=25 width=34)
                                             ->  Index Scan using idx_customer_nationkey on customer  (cost=0.29..326.76 rows=6000 width=8)
                                                   Index Cond: (c_nationkey = nation.n_nationkey)
                                       ->  Index Scan using idx_orders_custkey on orders  (cost=0.43..1.09 rows=3 width=8)
                                             Index Cond: (o_custkey = customer.c_custkey)
                                             Filter: ((o_orderdate >= '1993-01-01'::date) AND (o_orderdate < '1994-01-01'::date))
                                 ->  Index Scan using idx_lineitem_orderkey on lineitem  (cost=0.43..1.32 rows=4 width=20)
                                       Index Cond: (l_orderkey = orders.o_orderkey)
                           ->  Hash  (cost=323.00..323.00 rows=10000 width=8)
                                 ->  Seq Scan on supplier  (cost=0.00..323.00 rows=10000 width=8)
(26 rows)

query 6 run 1
SET
SET
SET
                                                                                                          QUERY PLAN                                                                                                           
-------------------------------------------------------------------------------------------------------------------------------------------------------------------------------------------------------------------------------
 Limit  (cost=108238.03..108238.04 rows=1 width=32)
   ->  Aggregate  (cost=108238.03..108238.04 rows=1 width=32)
         ->  Bitmap Heap Scan on lineitem  (cost=21370.33..107652.99 rows=117009 width=12)
               Recheck Cond: ((l_shipdate >= '1993-01-01'::date) AND (l_shipdate < '1994-01-01 00:00:00'::timestamp without time zone) AND (l_discount >= 0.06) AND (l_discount <= 0.08) AND (l_quantity < '25'::numeric))
               ->  Bitmap Index Scan on idx_lineitem_shipdate  (cost=0.00..21341.08 rows=117009 width=0)
                     Index Cond: ((l_shipdate >= '1993-01-01'::date) AND (l_shipdate < '1994-01-01 00:00:00'::timestamp without time zone) AND (l_discount >= 0.06) AND (l_discount <= 0.08) AND (l_quantity < '25'::numeric))
(6 rows)

query 6 run 2
SET
SET
SET
                                                                                                          QUERY PLAN                                                                                                           
-------------------------------------------------------------------------------------------------------------------------------------------------------------------------------------------------------------------------------
 Limit  (cost=108238.03..108238.04 rows=1 width=32)
   ->  Aggregate  (cost=108238.03..108238.04 rows=1 width=32)
         ->  Bitmap Heap Scan on lineitem  (cost=21370.33..107652.99 rows=117009 width=12)
               Recheck Cond: ((l_shipdate >= '1993-01-01'::date) AND (l_shipdate < '1994-01-01 00:00:00'::timestamp without time zone) AND (l_discount >= 0.06) AND (l_discount <= 0.08) AND (l_quantity < '25'::numeric))
               ->  Bitmap Index Scan on idx_lineitem_shipdate  (cost=0.00..21341.08 rows=117009 width=0)
                     Index Cond: ((l_shipdate >= '1993-01-01'::date) AND (l_shipdate < '1994-01-01 00:00:00'::timestamp without time zone) AND (l_discount >= 0.06) AND (l_discount <= 0.08) AND (l_quantity < '25'::numeric))
(6 rows)

query 6 run 3
SET
SET
SET
                                                                                                          QUERY PLAN                                                                                                           
-------------------------------------------------------------------------------------------------------------------------------------------------------------------------------------------------------------------------------
 Limit  (cost=108238.03..108238.04 rows=1 width=32)
   ->  Aggregate  (cost=108238.03..108238.04 rows=1 width=32)
         ->  Bitmap Heap Scan on lineitem  (cost=21370.33..107652.99 rows=117009 width=12)
               Recheck Cond: ((l_shipdate >= '1993-01-01'::date) AND (l_shipdate < '1994-01-01 00:00:00'::timestamp without time zone) AND (l_discount >= 0.06) AND (l_discount <= 0.08) AND (l_quantity < '25'::numeric))
               ->  Bitmap Index Scan on idx_lineitem_shipdate  (cost=0.00..21341.08 rows=117009 width=0)
                     Index Cond: ((l_shipdate >= '1993-01-01'::date) AND (l_shipdate < '1994-01-01 00:00:00'::timestamp without time zone) AND (l_discount >= 0.06) AND (l_discount <= 0.08) AND (l_quantity < '25'::numeric))
(6 rows)

query 7 run 1
SET
SET
SET
                                                                                 QUERY PLAN                                                                                  
-----------------------------------------------------------------------------------------------------------------------------------------------------------------------------
 Limit  (cost=98583.91..98583.94 rows=1 width=116)
   ->  GroupAggregate  (cost=98583.91..98780.31 rows=6043 width=116)
         Group Key: n1.n_name, n2.n_name, (EXTRACT(year FROM lineitem.l_shipdate))
         ->  Sort  (cost=98583.91..98599.02 rows=6043 width=96)
               Sort Key: n1.n_name, n2.n_name, (EXTRACT(year FROM lineitem.l_shipdate))
               ->  Hash Join  (cost=352.43..98204.38 rows=6043 width=96)
                     Hash Cond: (lineitem.l_suppkey = supplier.s_suppkey)
                     Join Filter: (((n1.n_name = 'PERU'::bpchar) AND (n2.n_name = 'MOROCCO'::bpchar)) OR ((n1.n_name = 'MOROCCO'::bpchar) AND (n2.n_name = 'PERU'::bpchar)))
                     ->  Nested Loop  (cost=56.66..97116.62 rows=145210 width=46)
                           ->  Nested Loop  (cost=56.22..18568.46 rows=120000 width=30)
                                 ->  Nested Loop  (cost=55.80..4507.70 rows=12000 width=30)
                                       ->  Seq Scan on nation n2  (cost=0.00..1.38 rows=2 width=30)
                                             Filter: ((n_name = 'MOROCCO'::bpchar) OR (n_name = 'PERU'::bpchar))
                                       ->  Bitmap Heap Scan on customer  (cost=55.80..2193.16 rows=6000 width=8)
                                             Recheck Cond: (c_nationkey = n2.n_nationkey)
                                             ->  Bitmap Index Scan on idx_customer_nationkey  (cost=0.00..54.30 rows=6000 width=0)
                                                   Index Cond: (c_nationkey = n2.n_nationkey)
                                 ->  Index Scan using idx_orders_custkey on orders  (cost=0.43..1.00 rows=17 width=8)
                                       Index Cond: (o_custkey = customer.c_custkey)
                           ->  Index Scan using idx_lineitem_orderkey on lineitem  (cost=0.43..0.64 rows=1 width=24)
                                 Index Cond: (l_orderkey = orders.o_orderkey)
                                 Filter: ((l_shipdate >= '1995-01-01'::date) AND (l_shipdate <= '1996-12-31'::date))
                     ->  Hash  (cost=285.77..285.77 rows=800 width=30)
                           ->  Nested Loop  (cost=4.88..285.77 rows=800 width=30)
                                 ->  Seq Scan on nation n1  (cost=0.00..1.38 rows=2 width=30)
                                       Filter: ((n_name = 'PERU'::bpchar) OR (n_name = 'MOROCCO'::bpchar))
                                 ->  Bitmap Heap Scan on supplier  (cost=4.88..138.20 rows=400 width=8)
                                       Recheck Cond: (s_nationkey = n1.n_nationkey)
                                       ->  Bitmap Index Scan on idx_supplier_nation_key  (cost=0.00..4.79 rows=400 width=0)
                                             Index Cond: (s_nationkey = n1.n_nationkey)
(30 rows)

query 7 run 2
SET
SET
SET
                                                                                 QUERY PLAN                                                                                  
-----------------------------------------------------------------------------------------------------------------------------------------------------------------------------
 Limit  (cost=98583.91..98583.94 rows=1 width=116)
   ->  GroupAggregate  (cost=98583.91..98780.31 rows=6043 width=116)
         Group Key: n1.n_name, n2.n_name, (EXTRACT(year FROM lineitem.l_shipdate))
         ->  Sort  (cost=98583.91..98599.02 rows=6043 width=96)
               Sort Key: n1.n_name, n2.n_name, (EXTRACT(year FROM lineitem.l_shipdate))
               ->  Hash Join  (cost=352.43..98204.38 rows=6043 width=96)
                     Hash Cond: (lineitem.l_suppkey = supplier.s_suppkey)
                     Join Filter: (((n1.n_name = 'PERU'::bpchar) AND (n2.n_name = 'MOROCCO'::bpchar)) OR ((n1.n_name = 'MOROCCO'::bpchar) AND (n2.n_name = 'PERU'::bpchar)))
                     ->  Nested Loop  (cost=56.66..97116.62 rows=145210 width=46)
                           ->  Nested Loop  (cost=56.22..18568.46 rows=120000 width=30)
                                 ->  Nested Loop  (cost=55.80..4507.70 rows=12000 width=30)
                                       ->  Seq Scan on nation n2  (cost=0.00..1.38 rows=2 width=30)
                                             Filter: ((n_name = 'MOROCCO'::bpchar) OR (n_name = 'PERU'::bpchar))
                                       ->  Bitmap Heap Scan on customer  (cost=55.80..2193.16 rows=6000 width=8)
                                             Recheck Cond: (c_nationkey = n2.n_nationkey)
                                             ->  Bitmap Index Scan on idx_customer_nationkey  (cost=0.00..54.30 rows=6000 width=0)
                                                   Index Cond: (c_nationkey = n2.n_nationkey)
                                 ->  Index Scan using idx_orders_custkey on orders  (cost=0.43..1.00 rows=17 width=8)
                                       Index Cond: (o_custkey = customer.c_custkey)
                           ->  Index Scan using idx_lineitem_orderkey on lineitem  (cost=0.43..0.64 rows=1 width=24)
                                 Index Cond: (l_orderkey = orders.o_orderkey)
                                 Filter: ((l_shipdate >= '1995-01-01'::date) AND (l_shipdate <= '1996-12-31'::date))
                     ->  Hash  (cost=285.77..285.77 rows=800 width=30)
                           ->  Nested Loop  (cost=4.88..285.77 rows=800 width=30)
                                 ->  Seq Scan on nation n1  (cost=0.00..1.38 rows=2 width=30)
                                       Filter: ((n_name = 'PERU'::bpchar) OR (n_name = 'MOROCCO'::bpchar))
                                 ->  Bitmap Heap Scan on supplier  (cost=4.88..138.20 rows=400 width=8)
                                       Recheck Cond: (s_nationkey = n1.n_nationkey)
                                       ->  Bitmap Index Scan on idx_supplier_nation_key  (cost=0.00..4.79 rows=400 width=0)
                                             Index Cond: (s_nationkey = n1.n_nationkey)
(30 rows)

query 7 run 3
SET
SET
SET
                                                                                 QUERY PLAN                                                                                  
-----------------------------------------------------------------------------------------------------------------------------------------------------------------------------
 Limit  (cost=98583.91..98583.94 rows=1 width=116)
   ->  GroupAggregate  (cost=98583.91..98780.31 rows=6043 width=116)
         Group Key: n1.n_name, n2.n_name, (EXTRACT(year FROM lineitem.l_shipdate))
         ->  Sort  (cost=98583.91..98599.02 rows=6043 width=96)
               Sort Key: n1.n_name, n2.n_name, (EXTRACT(year FROM lineitem.l_shipdate))
               ->  Hash Join  (cost=352.43..98204.38 rows=6043 width=96)
                     Hash Cond: (lineitem.l_suppkey = supplier.s_suppkey)
                     Join Filter: (((n1.n_name = 'PERU'::bpchar) AND (n2.n_name = 'MOROCCO'::bpchar)) OR ((n1.n_name = 'MOROCCO'::bpchar) AND (n2.n_name = 'PERU'::bpchar)))
                     ->  Nested Loop  (cost=56.66..97116.62 rows=145210 width=46)
                           ->  Nested Loop  (cost=56.22..18568.46 rows=120000 width=30)
                                 ->  Nested Loop  (cost=55.80..4507.70 rows=12000 width=30)
                                       ->  Seq Scan on nation n2  (cost=0.00..1.38 rows=2 width=30)
                                             Filter: ((n_name = 'MOROCCO'::bpchar) OR (n_name = 'PERU'::bpchar))
                                       ->  Bitmap Heap Scan on customer  (cost=55.80..2193.16 rows=6000 width=8)
                                             Recheck Cond: (c_nationkey = n2.n_nationkey)
                                             ->  Bitmap Index Scan on idx_customer_nationkey  (cost=0.00..54.30 rows=6000 width=0)
                                                   Index Cond: (c_nationkey = n2.n_nationkey)
                                 ->  Index Scan using idx_orders_custkey on orders  (cost=0.43..1.00 rows=17 width=8)
                                       Index Cond: (o_custkey = customer.c_custkey)
                           ->  Index Scan using idx_lineitem_orderkey on lineitem  (cost=0.43..0.64 rows=1 width=24)
                                 Index Cond: (l_orderkey = orders.o_orderkey)
                                 Filter: ((l_shipdate >= '1995-01-01'::date) AND (l_shipdate <= '1996-12-31'::date))
                     ->  Hash  (cost=285.77..285.77 rows=800 width=30)
                           ->  Nested Loop  (cost=4.88..285.77 rows=800 width=30)
                                 ->  Seq Scan on nation n1  (cost=0.00..1.38 rows=2 width=30)
                                       Filter: ((n_name = 'PERU'::bpchar) OR (n_name = 'MOROCCO'::bpchar))
                                 ->  Bitmap Heap Scan on supplier  (cost=4.88..138.20 rows=400 width=8)
                                       Recheck Cond: (s_nationkey = n1.n_nationkey)
                                       ->  Bitmap Index Scan on idx_supplier_nation_key  (cost=0.00..4.79 rows=400 width=0)
                                             Index Cond: (s_nationkey = n1.n_nationkey)
(30 rows)

query 8 run 1
SET
SET
SET
                                                                 QUERY PLAN                                                                 
--------------------------------------------------------------------------------------------------------------------------------------------
 Limit  (cost=83900.56..83900.60 rows=1 width=64)
   ->  GroupAggregate  (cost=83900.56..84002.90 rows=2406 width=64)
         Group Key: (EXTRACT(year FROM orders.o_orderdate))
         ->  Sort  (cost=83900.56..83906.58 rows=2410 width=70)
               Sort Key: (EXTRACT(year FROM orders.o_orderdate))
               ->  Nested Loop  (cost=2312.73..83765.18 rows=2410 width=70)
                     ->  Nested Loop  (cost=2312.59..83386.04 rows=2410 width=20)
                           ->  Hash Join  (cost=2312.31..82656.86 rows=2410 width=20)
                                 Hash Cond: (orders.o_custkey = customer.c_custkey)
                                 ->  Nested Loop  (cost=0.86..80276.13 rows=12048 width=24)
                                       ->  Nested Loop  (cost=0.43..62125.63 rows=39668 width=20)
                                             ->  Seq Scan on part  (cost=0.00..6599.00 rows=1322 width=4)
                                                   Filter: ((p_type)::text = 'LARGE POLISHED BRASS'::text)
                                             ->  Index Scan using idx_lineitem_part_supp on lineitem  (cost=0.43..41.69 rows=31 width=24)
                                                   Index Cond: (l_partkey = part.p_partkey)
                                       ->  Index Scan using orders_pkey on orders  (cost=0.43..0.46 rows=1 width=12)
                                             Index Cond: (o_orderkey = lineitem.l_orderkey)
                                             Filter: ((o_orderdate >= '1995-01-01'::date) AND (o_orderdate <= '1996-12-31'::date))
                                 ->  Hash  (cost=1936.45..1936.45 rows=30000 width=4)
                                       ->  Nested Loop  (cost=0.29..1936.45 rows=30000 width=4)
                                             ->  Nested Loop  (cost=0.00..2.62 rows=5 width=4)
                                                   Join Filter: (n1.n_regionkey = region.r_regionkey)
                                                   ->  Seq Scan on region  (cost=0.00..1.06 rows=1 width=4)
                                                         Filter: (r_name = 'AMERICA'::bpchar)
                                                   ->  Seq Scan on nation n1  (cost=0.00..1.25 rows=25 width=8)
                                             ->  Index Scan using idx_customer_nationkey on customer  (cost=0.29..326.76 rows=6000 width=8)
                                                   Index Cond: (c_nationkey = n1.n_nationkey)
                           ->  Index Scan using supplier_pkey on supplier  (cost=0.29..0.30 rows=1 width=8)
                                 Index Cond: (s_suppkey = lineitem.l_suppkey)
                     ->  Index Scan using nation_pkey on nation n2  (cost=0.14..0.16 rows=1 width=30)
                           Index Cond: (n_nationkey = supplier.s_nationkey)
(31 rows)

query 8 run 2
SET
SET
SET
                                                                 QUERY PLAN                                                                 
--------------------------------------------------------------------------------------------------------------------------------------------
 Limit  (cost=83900.56..83900.60 rows=1 width=64)
   ->  GroupAggregate  (cost=83900.56..84002.90 rows=2406 width=64)
         Group Key: (EXTRACT(year FROM orders.o_orderdate))
         ->  Sort  (cost=83900.56..83906.58 rows=2410 width=70)
               Sort Key: (EXTRACT(year FROM orders.o_orderdate))
               ->  Nested Loop  (cost=2312.73..83765.18 rows=2410 width=70)
                     ->  Nested Loop  (cost=2312.59..83386.04 rows=2410 width=20)
                           ->  Hash Join  (cost=2312.31..82656.86 rows=2410 width=20)
                                 Hash Cond: (orders.o_custkey = customer.c_custkey)
                                 ->  Nested Loop  (cost=0.86..80276.13 rows=12048 width=24)
                                       ->  Nested Loop  (cost=0.43..62125.63 rows=39668 width=20)
                                             ->  Seq Scan on part  (cost=0.00..6599.00 rows=1322 width=4)
                                                   Filter: ((p_type)::text = 'LARGE POLISHED BRASS'::text)
                                             ->  Index Scan using idx_lineitem_part_supp on lineitem  (cost=0.43..41.69 rows=31 width=24)
                                                   Index Cond: (l_partkey = part.p_partkey)
                                       ->  Index Scan using orders_pkey on orders  (cost=0.43..0.46 rows=1 width=12)
                                             Index Cond: (o_orderkey = lineitem.l_orderkey)
                                             Filter: ((o_orderdate >= '1995-01-01'::date) AND (o_orderdate <= '1996-12-31'::date))
                                 ->  Hash  (cost=1936.45..1936.45 rows=30000 width=4)
                                       ->  Nested Loop  (cost=0.29..1936.45 rows=30000 width=4)
                                             ->  Nested Loop  (cost=0.00..2.62 rows=5 width=4)
                                                   Join Filter: (n1.n_regionkey = region.r_regionkey)
                                                   ->  Seq Scan on region  (cost=0.00..1.06 rows=1 width=4)
                                                         Filter: (r_name = 'AMERICA'::bpchar)
                                                   ->  Seq Scan on nation n1  (cost=0.00..1.25 rows=25 width=8)
                                             ->  Index Scan using idx_customer_nationkey on customer  (cost=0.29..326.76 rows=6000 width=8)
                                                   Index Cond: (c_nationkey = n1.n_nationkey)
                           ->  Index Scan using supplier_pkey on supplier  (cost=0.29..0.30 rows=1 width=8)
                                 Index Cond: (s_suppkey = lineitem.l_suppkey)
                     ->  Index Scan using nation_pkey on nation n2  (cost=0.14..0.16 rows=1 width=30)
                           Index Cond: (n_nationkey = supplier.s_nationkey)
(31 rows)

query 8 run 3
SET
SET
SET
                                                                 QUERY PLAN                                                                 
--------------------------------------------------------------------------------------------------------------------------------------------
 Limit  (cost=83900.56..83900.60 rows=1 width=64)
   ->  GroupAggregate  (cost=83900.56..84002.90 rows=2406 width=64)
         Group Key: (EXTRACT(year FROM orders.o_orderdate))
         ->  Sort  (cost=83900.56..83906.58 rows=2410 width=70)
               Sort Key: (EXTRACT(year FROM orders.o_orderdate))
               ->  Nested Loop  (cost=2312.73..83765.18 rows=2410 width=70)
                     ->  Nested Loop  (cost=2312.59..83386.04 rows=2410 width=20)
                           ->  Hash Join  (cost=2312.31..82656.86 rows=2410 width=20)
                                 Hash Cond: (orders.o_custkey = customer.c_custkey)
                                 ->  Nested Loop  (cost=0.86..80276.13 rows=12048 width=24)
                                       ->  Nested Loop  (cost=0.43..62125.63 rows=39668 width=20)
                                             ->  Seq Scan on part  (cost=0.00..6599.00 rows=1322 width=4)
                                                   Filter: ((p_type)::text = 'LARGE POLISHED BRASS'::text)
                                             ->  Index Scan using idx_lineitem_part_supp on lineitem  (cost=0.43..41.69 rows=31 width=24)
                                                   Index Cond: (l_partkey = part.p_partkey)
                                       ->  Index Scan using orders_pkey on orders  (cost=0.43..0.46 rows=1 width=12)
                                             Index Cond: (o_orderkey = lineitem.l_orderkey)
                                             Filter: ((o_orderdate >= '1995-01-01'::date) AND (o_orderdate <= '1996-12-31'::date))
                                 ->  Hash  (cost=1936.45..1936.45 rows=30000 width=4)
                                       ->  Nested Loop  (cost=0.29..1936.45 rows=30000 width=4)
                                             ->  Nested Loop  (cost=0.00..2.62 rows=5 width=4)
                                                   Join Filter: (n1.n_regionkey = region.r_regionkey)
                                                   ->  Seq Scan on region  (cost=0.00..1.06 rows=1 width=4)
                                                         Filter: (r_name = 'AMERICA'::bpchar)
                                                   ->  Seq Scan on nation n1  (cost=0.00..1.25 rows=25 width=8)
                                             ->  Index Scan using idx_customer_nationkey on customer  (cost=0.29..326.76 rows=6000 width=8)
                                                   Index Cond: (c_nationkey = n1.n_nationkey)
                           ->  Index Scan using supplier_pkey on supplier  (cost=0.29..0.30 rows=1 width=8)
                                 Index Cond: (s_suppkey = lineitem.l_suppkey)
                     ->  Index Scan using nation_pkey on nation n2  (cost=0.14..0.16 rows=1 width=30)
                           Index Cond: (n_nationkey = supplier.s_nationkey)
(31 rows)

query 9 run 1
SET
SET
SET
                                                              QUERY PLAN                                                              
--------------------------------------------------------------------------------------------------------------------------------------
 Limit  (cost=44919.62..44919.66 rows=1 width=90)
   ->  GroupAggregate  (cost=44919.62..44923.09 rows=99 width=90)
         Group Key: nation.n_name, (EXTRACT(year FROM orders.o_orderdate))
         ->  Sort  (cost=44919.62..44919.87 rows=99 width=81)
               Sort Key: nation.n_name, (EXTRACT(year FROM orders.o_orderdate)) DESC
               ->  Nested Loop  (cost=1.57..44916.34 rows=99 width=81)
                     Join Filter: (supplier.s_nationkey = nation.n_nationkey)
                     ->  Nested Loop  (cost=1.57..44879.04 rows=99 width=31)
                           ->  Nested Loop  (cost=1.14..44834.24 rows=99 width=31)
                                 ->  Nested Loop  (cost=0.86..44804.28 rows=99 width=35)
                                       ->  Nested Loop  (cost=0.42..22581.83 rows=32324 width=18)
                                             ->  Seq Scan on part  (cost=0.00..6599.00 rows=8081 width=4)
                                                   Filter: ((p_name)::text ~~ '%navy%'::text)
                                             ->  Index Scan using idx_partsupp_partkey on partsupp  (cost=0.42..1.94 rows=4 width=14)
                                                   Index Cond: (ps_partkey = part.p_partkey)
                                       ->  Index Scan using idx_lineitem_part_supp on lineitem  (cost=0.43..0.68 rows=1 width=29)
                                             Index Cond: ((l_partkey = partsupp.ps_partkey) AND (l_suppkey = partsupp.ps_suppkey))
                                 ->  Index Scan using supplier_pkey on supplier  (cost=0.29..0.30 rows=1 width=8)
                                       Index Cond: (s_suppkey = lineitem.l_suppkey)
                           ->  Index Scan using orders_pkey on orders  (cost=0.43..0.45 rows=1 width=8)
                                 Index Cond: (o_orderkey = lineitem.l_orderkey)
                     ->  Materialize  (cost=0.00..1.38 rows=25 width=30)
                           ->  Seq Scan on nation  (cost=0.00..1.25 rows=25 width=30)
(23 rows)

query 9 run 2
SET
SET
SET
                                                              QUERY PLAN                                                              
--------------------------------------------------------------------------------------------------------------------------------------
 Limit  (cost=44919.62..44919.66 rows=1 width=90)
   ->  GroupAggregate  (cost=44919.62..44923.09 rows=99 width=90)
         Group Key: nation.n_name, (EXTRACT(year FROM orders.o_orderdate))
         ->  Sort  (cost=44919.62..44919.87 rows=99 width=81)
               Sort Key: nation.n_name, (EXTRACT(year FROM orders.o_orderdate)) DESC
               ->  Nested Loop  (cost=1.57..44916.34 rows=99 width=81)
                     Join Filter: (supplier.s_nationkey = nation.n_nationkey)
                     ->  Nested Loop  (cost=1.57..44879.04 rows=99 width=31)
                           ->  Nested Loop  (cost=1.14..44834.24 rows=99 width=31)
                                 ->  Nested Loop  (cost=0.86..44804.28 rows=99 width=35)
                                       ->  Nested Loop  (cost=0.42..22581.83 rows=32324 width=18)
                                             ->  Seq Scan on part  (cost=0.00..6599.00 rows=8081 width=4)
                                                   Filter: ((p_name)::text ~~ '%navy%'::text)
                                             ->  Index Scan using idx_partsupp_partkey on partsupp  (cost=0.42..1.94 rows=4 width=14)
                                                   Index Cond: (ps_partkey = part.p_partkey)
                                       ->  Index Scan using idx_lineitem_part_supp on lineitem  (cost=0.43..0.68 rows=1 width=29)
                                             Index Cond: ((l_partkey = partsupp.ps_partkey) AND (l_suppkey = partsupp.ps_suppkey))
                                 ->  Index Scan using supplier_pkey on supplier  (cost=0.29..0.30 rows=1 width=8)
                                       Index Cond: (s_suppkey = lineitem.l_suppkey)
                           ->  Index Scan using orders_pkey on orders  (cost=0.43..0.45 rows=1 width=8)
                                 Index Cond: (o_orderkey = lineitem.l_orderkey)
                     ->  Materialize  (cost=0.00..1.38 rows=25 width=30)
                           ->  Seq Scan on nation  (cost=0.00..1.25 rows=25 width=30)
(23 rows)

query 9 run 3
SET
SET
SET
                                                              QUERY PLAN                                                              
--------------------------------------------------------------------------------------------------------------------------------------
 Limit  (cost=44919.62..44919.66 rows=1 width=90)
   ->  GroupAggregate  (cost=44919.62..44923.09 rows=99 width=90)
         Group Key: nation.n_name, (EXTRACT(year FROM orders.o_orderdate))
         ->  Sort  (cost=44919.62..44919.87 rows=99 width=81)
               Sort Key: nation.n_name, (EXTRACT(year FROM orders.o_orderdate)) DESC
               ->  Nested Loop  (cost=1.57..44916.34 rows=99 width=81)
                     Join Filter: (supplier.s_nationkey = nation.n_nationkey)
                     ->  Nested Loop  (cost=1.57..44879.04 rows=99 width=31)
                           ->  Nested Loop  (cost=1.14..44834.24 rows=99 width=31)
                                 ->  Nested Loop  (cost=0.86..44804.28 rows=99 width=35)
                                       ->  Nested Loop  (cost=0.42..22581.83 rows=32324 width=18)
                                             ->  Seq Scan on part  (cost=0.00..6599.00 rows=8081 width=4)
                                                   Filter: ((p_name)::text ~~ '%navy%'::text)
                                             ->  Index Scan using idx_partsupp_partkey on partsupp  (cost=0.42..1.94 rows=4 width=14)
                                                   Index Cond: (ps_partkey = part.p_partkey)
                                       ->  Index Scan using idx_lineitem_part_supp on lineitem  (cost=0.43..0.68 rows=1 width=29)
                                             Index Cond: ((l_partkey = partsupp.ps_partkey) AND (l_suppkey = partsupp.ps_suppkey))
                                 ->  Index Scan using supplier_pkey on supplier  (cost=0.29..0.30 rows=1 width=8)
                                       Index Cond: (s_suppkey = lineitem.l_suppkey)
                           ->  Index Scan using orders_pkey on orders  (cost=0.43..0.45 rows=1 width=8)
                                 Index Cond: (o_orderkey = lineitem.l_orderkey)
                     ->  Materialize  (cost=0.00..1.38 rows=25 width=30)
                           ->  Seq Scan on nation  (cost=0.00..1.25 rows=25 width=30)
(23 rows)

query 10 run 1
SET
SET
SET
                                                              QUERY PLAN                                                              
--------------------------------------------------------------------------------------------------------------------------------------
 Limit  (cost=154763.99..154764.04 rows=20 width=202)
   ->  Sort  (cost=154763.99..154911.16 rows=58871 width=202)
         Sort Key: (sum((lineitem.l_extendedprice * ('1'::numeric - lineitem.l_discount)))) DESC
         ->  HashAggregate  (cost=152461.56..153197.45 rows=58871 width=202)
               Group Key: customer.c_custkey, nation.n_name
               ->  Nested Loop  (cost=7658.93..151725.67 rows=58871 width=182)
                     ->  Hash Join  (cost=7658.78..150282.50 rows=58871 width=160)
                           Hash Cond: (orders.o_custkey = customer.c_custkey)
                           ->  Nested Loop  (cost=686.78..143155.96 rows=58871 width=16)
                                 ->  Bitmap Heap Scan on orders  (cost=686.35..27704.79 rows=59163 width=8)
                                       Recheck Cond: ((o_orderdate >= '1994-08-01'::date) AND (o_orderdate < '1994-11-01'::date))
                                       ->  Bitmap Index Scan on idx_orders_orderdate  (cost=0.00..671.56 rows=59163 width=0)
                                             Index Cond: ((o_orderdate >= '1994-08-01'::date) AND (o_orderdate < '1994-11-01'::date))
                                 ->  Index Scan using idx_lineitem_orderkey on lineitem  (cost=0.43..1.94 rows=1 width=16)
                                       Index Cond: (l_orderkey = orders.o_orderkey)
                                       Filter: (l_returnflag = 'R'::bpchar)
                           ->  Hash  (cost=5097.00..5097.00 rows=150000 width=148)
                                 ->  Seq Scan on customer  (cost=0.00..5097.00 rows=150000 width=148)
                     ->  Memoize  (cost=0.15..0.17 rows=1 width=30)
                           Cache Key: customer.c_nationkey
                           Cache Mode: logical
                           ->  Index Scan using nation_pkey on nation  (cost=0.14..0.16 rows=1 width=30)
                                 Index Cond: (n_nationkey = customer.c_nationkey)
(23 rows)

query 10 run 2
SET
SET
SET
                                                              QUERY PLAN                                                              
--------------------------------------------------------------------------------------------------------------------------------------
 Limit  (cost=154763.99..154764.04 rows=20 width=202)
   ->  Sort  (cost=154763.99..154911.16 rows=58871 width=202)
         Sort Key: (sum((lineitem.l_extendedprice * ('1'::numeric - lineitem.l_discount)))) DESC
         ->  HashAggregate  (cost=152461.56..153197.45 rows=58871 width=202)
               Group Key: customer.c_custkey, nation.n_name
               ->  Nested Loop  (cost=7658.93..151725.67 rows=58871 width=182)
                     ->  Hash Join  (cost=7658.78..150282.50 rows=58871 width=160)
                           Hash Cond: (orders.o_custkey = customer.c_custkey)
                           ->  Nested Loop  (cost=686.78..143155.96 rows=58871 width=16)
                                 ->  Bitmap Heap Scan on orders  (cost=686.35..27704.79 rows=59163 width=8)
                                       Recheck Cond: ((o_orderdate >= '1994-08-01'::date) AND (o_orderdate < '1994-11-01'::date))
                                       ->  Bitmap Index Scan on idx_orders_orderdate  (cost=0.00..671.56 rows=59163 width=0)
                                             Index Cond: ((o_orderdate >= '1994-08-01'::date) AND (o_orderdate < '1994-11-01'::date))
                                 ->  Index Scan using idx_lineitem_orderkey on lineitem  (cost=0.43..1.94 rows=1 width=16)
                                       Index Cond: (l_orderkey = orders.o_orderkey)
                                       Filter: (l_returnflag = 'R'::bpchar)
                           ->  Hash  (cost=5097.00..5097.00 rows=150000 width=148)
                                 ->  Seq Scan on customer  (cost=0.00..5097.00 rows=150000 width=148)
                     ->  Memoize  (cost=0.15..0.17 rows=1 width=30)
                           Cache Key: customer.c_nationkey
                           Cache Mode: logical
                           ->  Index Scan using nation_pkey on nation  (cost=0.14..0.16 rows=1 width=30)
                                 Index Cond: (n_nationkey = customer.c_nationkey)
(23 rows)

query 10 run 3
SET
SET
SET
                                                              QUERY PLAN                                                              
--------------------------------------------------------------------------------------------------------------------------------------
 Limit  (cost=154763.99..154764.04 rows=20 width=202)
   ->  Sort  (cost=154763.99..154911.16 rows=58871 width=202)
         Sort Key: (sum((lineitem.l_extendedprice * ('1'::numeric - lineitem.l_discount)))) DESC
         ->  HashAggregate  (cost=152461.56..153197.45 rows=58871 width=202)
               Group Key: customer.c_custkey, nation.n_name
               ->  Nested Loop  (cost=7658.93..151725.67 rows=58871 width=182)
                     ->  Hash Join  (cost=7658.78..150282.50 rows=58871 width=160)
                           Hash Cond: (orders.o_custkey = customer.c_custkey)
                           ->  Nested Loop  (cost=686.78..143155.96 rows=58871 width=16)
                                 ->  Bitmap Heap Scan on orders  (cost=686.35..27704.79 rows=59163 width=8)
                                       Recheck Cond: ((o_orderdate >= '1994-08-01'::date) AND (o_orderdate < '1994-11-01'::date))
                                       ->  Bitmap Index Scan on idx_orders_orderdate  (cost=0.00..671.56 rows=59163 width=0)
                                             Index Cond: ((o_orderdate >= '1994-08-01'::date) AND (o_orderdate < '1994-11-01'::date))
                                 ->  Index Scan using idx_lineitem_orderkey on lineitem  (cost=0.43..1.94 rows=1 width=16)
                                       Index Cond: (l_orderkey = orders.o_orderkey)
                                       Filter: (l_returnflag = 'R'::bpchar)
                           ->  Hash  (cost=5097.00..5097.00 rows=150000 width=148)
                                 ->  Seq Scan on customer  (cost=0.00..5097.00 rows=150000 width=148)
                     ->  Memoize  (cost=0.15..0.17 rows=1 width=30)
                           Cache Key: customer.c_nationkey
                           Cache Mode: logical
                           ->  Index Scan using nation_pkey on nation  (cost=0.14..0.16 rows=1 width=30)
                                 Index Cond: (n_nationkey = customer.c_nationkey)
(23 rows)

query 11 run 1
SET
SET
SET
                                                      QUERY PLAN                                                      
----------------------------------------------------------------------------------------------------------------------
 Limit  (cost=5836.22..5836.22 rows=1 width=36)
   InitPlan 1 (returns $2)
     ->  Aggregate  (cost=2611.44..2611.45 rows=1 width=32)
           ->  Nested Loop  (cost=5.31..2371.44 rows=32000 width=10)
                 ->  Nested Loop  (cost=4.88..229.08 rows=400 width=4)
                       ->  Seq Scan on nation nation_1  (cost=0.00..1.31 rows=1 width=4)
                             Filter: (n_name = 'SAUDI ARABIA'::bpchar)
                       ->  Bitmap Heap Scan on supplier supplier_1  (cost=4.88..223.76 rows=400 width=8)
                             Recheck Cond: (s_nationkey = nation_1.n_nationkey)
                             ->  Bitmap Index Scan on idx_supplier_nation_key  (cost=0.00..4.79 rows=400 width=0)
                                   Index Cond: (s_nationkey = nation_1.n_nationkey)
                 ->  Index Scan using idx_partsupp_suppkey on partsupp partsupp_1  (cost=0.42..4.56 rows=80 width=14)
                       Index Cond: (ps_suppkey = supplier_1.s_suppkey)
   ->  Sort  (cost=3224.77..3251.44 rows=10667 width=36)
         Sort Key: (sum((partsupp.ps_supplycost * (partsupp.ps_availqty)::numeric))) DESC
         ->  HashAggregate  (cost=2691.44..3171.44 rows=10667 width=36)
               Group Key: partsupp.ps_partkey
               Filter: (sum((partsupp.ps_supplycost * (partsupp.ps_availqty)::numeric)) > $2)
               ->  Nested Loop  (cost=5.31..2371.44 rows=32000 width=14)
                     ->  Nested Loop  (cost=4.88..229.08 rows=400 width=4)
                           ->  Seq Scan on nation  (cost=0.00..1.31 rows=1 width=4)
                                 Filter: (n_name = 'SAUDI ARABIA'::bpchar)
                           ->  Bitmap Heap Scan on supplier  (cost=4.88..223.76 rows=400 width=8)
                                 Recheck Cond: (s_nationkey = nation.n_nationkey)
                                 ->  Bitmap Index Scan on idx_supplier_nation_key  (cost=0.00..4.79 rows=400 width=0)
                                       Index Cond: (s_nationkey = nation.n_nationkey)
                     ->  Index Scan using idx_partsupp_suppkey on partsupp  (cost=0.42..4.56 rows=80 width=18)
                           Index Cond: (ps_suppkey = supplier.s_suppkey)
(28 rows)

query 11 run 2
SET
SET
SET
                                                      QUERY PLAN                                                      
----------------------------------------------------------------------------------------------------------------------
 Limit  (cost=5836.22..5836.22 rows=1 width=36)
   InitPlan 1 (returns $2)
     ->  Aggregate  (cost=2611.44..2611.45 rows=1 width=32)
           ->  Nested Loop  (cost=5.31..2371.44 rows=32000 width=10)
                 ->  Nested Loop  (cost=4.88..229.08 rows=400 width=4)
                       ->  Seq Scan on nation nation_1  (cost=0.00..1.31 rows=1 width=4)
                             Filter: (n_name = 'SAUDI ARABIA'::bpchar)
                       ->  Bitmap Heap Scan on supplier supplier_1  (cost=4.88..223.76 rows=400 width=8)
                             Recheck Cond: (s_nationkey = nation_1.n_nationkey)
                             ->  Bitmap Index Scan on idx_supplier_nation_key  (cost=0.00..4.79 rows=400 width=0)
                                   Index Cond: (s_nationkey = nation_1.n_nationkey)
                 ->  Index Scan using idx_partsupp_suppkey on partsupp partsupp_1  (cost=0.42..4.56 rows=80 width=14)
                       Index Cond: (ps_suppkey = supplier_1.s_suppkey)
   ->  Sort  (cost=3224.77..3251.44 rows=10667 width=36)
         Sort Key: (sum((partsupp.ps_supplycost * (partsupp.ps_availqty)::numeric))) DESC
         ->  HashAggregate  (cost=2691.44..3171.44 rows=10667 width=36)
               Group Key: partsupp.ps_partkey
               Filter: (sum((partsupp.ps_supplycost * (partsupp.ps_availqty)::numeric)) > $2)
               ->  Nested Loop  (cost=5.31..2371.44 rows=32000 width=14)
                     ->  Nested Loop  (cost=4.88..229.08 rows=400 width=4)
                           ->  Seq Scan on nation  (cost=0.00..1.31 rows=1 width=4)
                                 Filter: (n_name = 'SAUDI ARABIA'::bpchar)
                           ->  Bitmap Heap Scan on supplier  (cost=4.88..223.76 rows=400 width=8)
                                 Recheck Cond: (s_nationkey = nation.n_nationkey)
                                 ->  Bitmap Index Scan on idx_supplier_nation_key  (cost=0.00..4.79 rows=400 width=0)
                                       Index Cond: (s_nationkey = nation.n_nationkey)
                     ->  Index Scan using idx_partsupp_suppkey on partsupp  (cost=0.42..4.56 rows=80 width=18)
                           Index Cond: (ps_suppkey = supplier.s_suppkey)
(28 rows)

query 11 run 3
SET
SET
SET
                                                      QUERY PLAN                                                      
----------------------------------------------------------------------------------------------------------------------
 Limit  (cost=5836.22..5836.22 rows=1 width=36)
   InitPlan 1 (returns $2)
     ->  Aggregate  (cost=2611.44..2611.45 rows=1 width=32)
           ->  Nested Loop  (cost=5.31..2371.44 rows=32000 width=10)
                 ->  Nested Loop  (cost=4.88..229.08 rows=400 width=4)
                       ->  Seq Scan on nation nation_1  (cost=0.00..1.31 rows=1 width=4)
                             Filter: (n_name = 'SAUDI ARABIA'::bpchar)
                       ->  Bitmap Heap Scan on supplier supplier_1  (cost=4.88..223.76 rows=400 width=8)
                             Recheck Cond: (s_nationkey = nation_1.n_nationkey)
                             ->  Bitmap Index Scan on idx_supplier_nation_key  (cost=0.00..4.79 rows=400 width=0)
                                   Index Cond: (s_nationkey = nation_1.n_nationkey)
                 ->  Index Scan using idx_partsupp_suppkey on partsupp partsupp_1  (cost=0.42..4.56 rows=80 width=14)
                       Index Cond: (ps_suppkey = supplier_1.s_suppkey)
   ->  Sort  (cost=3224.77..3251.44 rows=10667 width=36)
         Sort Key: (sum((partsupp.ps_supplycost * (partsupp.ps_availqty)::numeric))) DESC
         ->  HashAggregate  (cost=2691.44..3171.44 rows=10667 width=36)
               Group Key: partsupp.ps_partkey
               Filter: (sum((partsupp.ps_supplycost * (partsupp.ps_availqty)::numeric)) > $2)
               ->  Nested Loop  (cost=5.31..2371.44 rows=32000 width=14)
                     ->  Nested Loop  (cost=4.88..229.08 rows=400 width=4)
                           ->  Seq Scan on nation  (cost=0.00..1.31 rows=1 width=4)
                                 Filter: (n_name = 'SAUDI ARABIA'::bpchar)
                           ->  Bitmap Heap Scan on supplier  (cost=4.88..223.76 rows=400 width=8)
                                 Recheck Cond: (s_nationkey = nation.n_nationkey)
                                 ->  Bitmap Index Scan on idx_supplier_nation_key  (cost=0.00..4.79 rows=400 width=0)
                                       Index Cond: (s_nationkey = nation.n_nationkey)
                     ->  Index Scan using idx_partsupp_suppkey on partsupp  (cost=0.42..4.56 rows=80 width=18)
                           Index Cond: (ps_suppkey = supplier.s_suppkey)
(28 rows)

query 12 run 1
SET
SET
SET
                                                                                                                 QUERY PLAN                                                                                                                  
---------------------------------------------------------------------------------------------------------------------------------------------------------------------------------------------------------------------------------------------
 Limit  (cost=296740.29..296823.01 rows=1 width=27)
   ->  GroupAggregate  (cost=296740.29..297319.36 rows=7 width=27)
         Group Key: lineitem.l_shipmode
         ->  Sort  (cost=296740.29..296812.66 rows=28950 width=27)
               Sort Key: lineitem.l_shipmode
               ->  Nested Loop  (cost=0.43..294594.91 rows=28950 width=27)
                     ->  Seq Scan on lineitem  (cost=0.00..247585.99 rows=28956 width=15)
                           Filter: ((l_shipmode = ANY ('{SHIP,"REG AIR"}'::bpchar[])) AND (l_commitdate < l_receiptdate) AND (l_shipdate < l_commitdate) AND (l_receiptdate >= '1994-01-01'::date) AND (l_receiptdate < '1995-01-01'::date))
                     ->  Index Scan using orders_pkey on orders  (cost=0.43..1.62 rows=1 width=20)
                           Index Cond: (o_orderkey = lineitem.l_orderkey)
(10 rows)

query 12 run 2
SET
SET
SET
                                                                                                                 QUERY PLAN                                                                                                                  
---------------------------------------------------------------------------------------------------------------------------------------------------------------------------------------------------------------------------------------------
 Limit  (cost=296740.29..296823.01 rows=1 width=27)
   ->  GroupAggregate  (cost=296740.29..297319.36 rows=7 width=27)
         Group Key: lineitem.l_shipmode
         ->  Sort  (cost=296740.29..296812.66 rows=28950 width=27)
               Sort Key: lineitem.l_shipmode
               ->  Nested Loop  (cost=0.43..294594.91 rows=28950 width=27)
                     ->  Seq Scan on lineitem  (cost=0.00..247585.99 rows=28956 width=15)
                           Filter: ((l_shipmode = ANY ('{SHIP,"REG AIR"}'::bpchar[])) AND (l_commitdate < l_receiptdate) AND (l_shipdate < l_commitdate) AND (l_receiptdate >= '1994-01-01'::date) AND (l_receiptdate < '1995-01-01'::date))
                     ->  Index Scan using orders_pkey on orders  (cost=0.43..1.62 rows=1 width=20)
                           Index Cond: (o_orderkey = lineitem.l_orderkey)
(10 rows)

query 12 run 3
SET
SET
SET
                                                                                                                 QUERY PLAN                                                                                                                  
---------------------------------------------------------------------------------------------------------------------------------------------------------------------------------------------------------------------------------------------
 Limit  (cost=296740.29..296823.01 rows=1 width=27)
   ->  GroupAggregate  (cost=296740.29..297319.36 rows=7 width=27)
         Group Key: lineitem.l_shipmode
         ->  Sort  (cost=296740.29..296812.66 rows=28950 width=27)
               Sort Key: lineitem.l_shipmode
               ->  Nested Loop  (cost=0.43..294594.91 rows=28950 width=27)
                     ->  Seq Scan on lineitem  (cost=0.00..247585.99 rows=28956 width=15)
                           Filter: ((l_shipmode = ANY ('{SHIP,"REG AIR"}'::bpchar[])) AND (l_commitdate < l_receiptdate) AND (l_shipdate < l_commitdate) AND (l_receiptdate >= '1994-01-01'::date) AND (l_receiptdate < '1995-01-01'::date))
                     ->  Index Scan using orders_pkey on orders  (cost=0.43..1.62 rows=1 width=20)
                           Index Cond: (o_orderkey = lineitem.l_orderkey)
(10 rows)

query 13 run 1
SET
SET
SET
                                                          QUERY PLAN                                                           
-------------------------------------------------------------------------------------------------------------------------------
 Limit  (cost=64702.50..64702.50 rows=1 width=16)
   ->  Sort  (cost=64702.50..64703.00 rows=200 width=16)
         Sort Key: (count(*)) DESC, (count(orders.o_orderkey)) DESC
         ->  HashAggregate  (cost=64699.50..64701.50 rows=200 width=16)
               Group Key: count(orders.o_orderkey)
               ->  HashAggregate  (cost=60949.50..62449.50 rows=150000 width=12)
                     Group Key: customer.c_custkey
                     ->  Hash Right Join  (cost=4746.42..53525.26 rows=1484848 width=8)
                           Hash Cond: (orders.o_custkey = customer.c_custkey)
                           ->  Seq Scan on orders  (cost=0.00..44881.00 rows=1484848 width=8)
                                 Filter: ((o_comment)::text !~~ '%special%requests%'::text)
                           ->  Hash  (cost=2871.42..2871.42 rows=150000 width=4)
                                 ->  Index Only Scan using customer_pkey on customer  (cost=0.42..2871.42 rows=150000 width=4)
(13 rows)

query 13 run 2
SET
SET
SET
                                                          QUERY PLAN                                                           
-------------------------------------------------------------------------------------------------------------------------------
 Limit  (cost=64702.50..64702.50 rows=1 width=16)
   ->  Sort  (cost=64702.50..64703.00 rows=200 width=16)
         Sort Key: (count(*)) DESC, (count(orders.o_orderkey)) DESC
         ->  HashAggregate  (cost=64699.50..64701.50 rows=200 width=16)
               Group Key: count(orders.o_orderkey)
               ->  HashAggregate  (cost=60949.50..62449.50 rows=150000 width=12)
                     Group Key: customer.c_custkey
                     ->  Hash Right Join  (cost=4746.42..53525.26 rows=1484848 width=8)
                           Hash Cond: (orders.o_custkey = customer.c_custkey)
                           ->  Seq Scan on orders  (cost=0.00..44881.00 rows=1484848 width=8)
                                 Filter: ((o_comment)::text !~~ '%special%requests%'::text)
                           ->  Hash  (cost=2871.42..2871.42 rows=150000 width=4)
                                 ->  Index Only Scan using customer_pkey on customer  (cost=0.42..2871.42 rows=150000 width=4)
(13 rows)

query 13 run 3
SET
SET
SET
                                                          QUERY PLAN                                                           
-------------------------------------------------------------------------------------------------------------------------------
 Limit  (cost=64702.50..64702.50 rows=1 width=16)
   ->  Sort  (cost=64702.50..64703.00 rows=200 width=16)
         Sort Key: (count(*)) DESC, (count(orders.o_orderkey)) DESC
         ->  HashAggregate  (cost=64699.50..64701.50 rows=200 width=16)
               Group Key: count(orders.o_orderkey)
               ->  HashAggregate  (cost=60949.50..62449.50 rows=150000 width=12)
                     Group Key: customer.c_custkey
                     ->  Hash Right Join  (cost=4746.42..53525.26 rows=1484848 width=8)
                           Hash Cond: (orders.o_custkey = customer.c_custkey)
                           ->  Seq Scan on orders  (cost=0.00..44881.00 rows=1484848 width=8)
                                 Filter: ((o_comment)::text !~~ '%special%requests%'::text)
                           ->  Hash  (cost=2871.42..2871.42 rows=150000 width=4)
                                 ->  Index Only Scan using customer_pkey on customer  (cost=0.42..2871.42 rows=150000 width=4)
(13 rows)

query 14 run 1
SET
SET
SET
                                                    QUERY PLAN                                                    
------------------------------------------------------------------------------------------------------------------
 Limit  (cost=79307.53..79307.54 rows=1 width=32)
   ->  Aggregate  (cost=79307.53..79307.54 rows=1 width=32)
         ->  Hash Join  (cost=9867.10..77924.31 rows=79041 width=33)
               Hash Cond: (lineitem.l_partkey = part.p_partkey)
               ->  Bitmap Heap Scan on lineitem  (cost=1268.10..69117.82 rows=79041 width=16)
                     Recheck Cond: ((l_shipdate >= '1994-05-01'::date) AND (l_shipdate < '1994-06-01'::date))
                     ->  Bitmap Index Scan on idx_lineitem_shipdate  (cost=0.00..1248.34 rows=79041 width=0)
                           Index Cond: ((l_shipdate >= '1994-05-01'::date) AND (l_shipdate < '1994-06-01'::date))
               ->  Hash  (cost=6099.00..6099.00 rows=200000 width=25)
                     ->  Seq Scan on part  (cost=0.00..6099.00 rows=200000 width=25)
(10 rows)

query 14 run 2
SET
SET
SET
                                                    QUERY PLAN                                                    
------------------------------------------------------------------------------------------------------------------
 Limit  (cost=79307.53..79307.54 rows=1 width=32)
   ->  Aggregate  (cost=79307.53..79307.54 rows=1 width=32)
         ->  Hash Join  (cost=9867.10..77924.31 rows=79041 width=33)
               Hash Cond: (lineitem.l_partkey = part.p_partkey)
               ->  Bitmap Heap Scan on lineitem  (cost=1268.10..69117.82 rows=79041 width=16)
                     Recheck Cond: ((l_shipdate >= '1994-05-01'::date) AND (l_shipdate < '1994-06-01'::date))
                     ->  Bitmap Index Scan on idx_lineitem_shipdate  (cost=0.00..1248.34 rows=79041 width=0)
                           Index Cond: ((l_shipdate >= '1994-05-01'::date) AND (l_shipdate < '1994-06-01'::date))
               ->  Hash  (cost=6099.00..6099.00 rows=200000 width=25)
                     ->  Seq Scan on part  (cost=0.00..6099.00 rows=200000 width=25)
(10 rows)

query 14 run 3
SET
SET
SET
                                                    QUERY PLAN                                                    
------------------------------------------------------------------------------------------------------------------
 Limit  (cost=79307.53..79307.54 rows=1 width=32)
   ->  Aggregate  (cost=79307.53..79307.54 rows=1 width=32)
         ->  Hash Join  (cost=9867.10..77924.31 rows=79041 width=33)
               Hash Cond: (lineitem.l_partkey = part.p_partkey)
               ->  Bitmap Heap Scan on lineitem  (cost=1268.10..69117.82 rows=79041 width=16)
                     Recheck Cond: ((l_shipdate >= '1994-05-01'::date) AND (l_shipdate < '1994-06-01'::date))
                     ->  Bitmap Index Scan on idx_lineitem_shipdate  (cost=0.00..1248.34 rows=79041 width=0)
                           Index Cond: ((l_shipdate >= '1994-05-01'::date) AND (l_shipdate < '1994-06-01'::date))
               ->  Hash  (cost=6099.00..6099.00 rows=200000 width=25)
                     ->  Seq Scan on part  (cost=0.00..6099.00 rows=200000 width=25)
(10 rows)

query 15 run 1
SET
SET
SET
CREATE VIEW
                                                          QUERY PLAN                                                          
------------------------------------------------------------------------------------------------------------------------------
 Limit  (cost=241306.43..241315.31 rows=1 width=103)
   InitPlan 1 (returns $0)
     ->  Aggregate  (cost=120702.05..120702.06 rows=1 width=32)
           ->  HashAggregate  (cost=120452.35..120577.20 rows=9988 width=36)
                 Group Key: lineitem_1.l_suppkey
                 ->  Bitmap Heap Scan on lineitem lineitem_1  (cost=3517.32..118259.29 rows=219306 width=16)
                       Recheck Cond: ((l_shipdate >= '1996-01-01'::date) AND (l_shipdate < '1996-04-01'::date))
                       ->  Bitmap Index Scan on idx_lineitem_shipdate  (cost=0.00..3462.49 rows=219306 width=0)
                             Index Cond: ((l_shipdate >= '1996-01-01'::date) AND (l_shipdate < '1996-04-01'::date))
   ->  Merge Join  (cost=120604.37..121048.62 rows=50 width=103)
         Merge Cond: (supplier.s_suppkey = revenue0.supplier_no)
         ->  Index Scan using supplier_pkey on supplier  (cost=0.29..418.79 rows=10000 width=71)
         ->  Sort  (cost=120604.08..120604.21 rows=50 width=36)
               Sort Key: revenue0.supplier_no
               ->  Subquery Scan on revenue0  (cost=120452.35..120602.67 rows=50 width=36)
                     ->  HashAggregate  (cost=120452.35..120602.17 rows=50 width=36)
                           Group Key: lineitem.l_suppkey
                           Filter: (sum((lineitem.l_extendedprice * ('1'::numeric - lineitem.l_discount))) = $0)
                           ->  Bitmap Heap Scan on lineitem  (cost=3517.32..118259.29 rows=219306 width=16)
                                 Recheck Cond: ((l_shipdate >= '1996-01-01'::date) AND (l_shipdate < '1996-04-01'::date))
                                 ->  Bitmap Index Scan on idx_lineitem_shipdate  (cost=0.00..3462.49 rows=219306 width=0)
                                       Index Cond: ((l_shipdate >= '1996-01-01'::date) AND (l_shipdate < '1996-04-01'::date))
(22 rows)

DROP VIEW
query 15 run 2
SET
SET
SET
CREATE VIEW
                                                          QUERY PLAN                                                          
------------------------------------------------------------------------------------------------------------------------------
 Limit  (cost=241306.43..241315.31 rows=1 width=103)
   InitPlan 1 (returns $0)
     ->  Aggregate  (cost=120702.05..120702.06 rows=1 width=32)
           ->  HashAggregate  (cost=120452.35..120577.20 rows=9988 width=36)
                 Group Key: lineitem_1.l_suppkey
                 ->  Bitmap Heap Scan on lineitem lineitem_1  (cost=3517.32..118259.29 rows=219306 width=16)
                       Recheck Cond: ((l_shipdate >= '1996-01-01'::date) AND (l_shipdate < '1996-04-01'::date))
                       ->  Bitmap Index Scan on idx_lineitem_shipdate  (cost=0.00..3462.49 rows=219306 width=0)
                             Index Cond: ((l_shipdate >= '1996-01-01'::date) AND (l_shipdate < '1996-04-01'::date))
   ->  Merge Join  (cost=120604.37..121048.62 rows=50 width=103)
         Merge Cond: (supplier.s_suppkey = revenue0.supplier_no)
         ->  Index Scan using supplier_pkey on supplier  (cost=0.29..418.79 rows=10000 width=71)
         ->  Sort  (cost=120604.08..120604.21 rows=50 width=36)
               Sort Key: revenue0.supplier_no
               ->  Subquery Scan on revenue0  (cost=120452.35..120602.67 rows=50 width=36)
                     ->  HashAggregate  (cost=120452.35..120602.17 rows=50 width=36)
                           Group Key: lineitem.l_suppkey
                           Filter: (sum((lineitem.l_extendedprice * ('1'::numeric - lineitem.l_discount))) = $0)
                           ->  Bitmap Heap Scan on lineitem  (cost=3517.32..118259.29 rows=219306 width=16)
                                 Recheck Cond: ((l_shipdate >= '1996-01-01'::date) AND (l_shipdate < '1996-04-01'::date))
                                 ->  Bitmap Index Scan on idx_lineitem_shipdate  (cost=0.00..3462.49 rows=219306 width=0)
                                       Index Cond: ((l_shipdate >= '1996-01-01'::date) AND (l_shipdate < '1996-04-01'::date))
(22 rows)

DROP VIEW
query 15 run 3
SET
SET
SET
CREATE VIEW
                                                          QUERY PLAN                                                          
------------------------------------------------------------------------------------------------------------------------------
 Limit  (cost=241306.43..241315.31 rows=1 width=103)
   InitPlan 1 (returns $0)
     ->  Aggregate  (cost=120702.05..120702.06 rows=1 width=32)
           ->  HashAggregate  (cost=120452.35..120577.20 rows=9988 width=36)
                 Group Key: lineitem_1.l_suppkey
                 ->  Bitmap Heap Scan on lineitem lineitem_1  (cost=3517.32..118259.29 rows=219306 width=16)
                       Recheck Cond: ((l_shipdate >= '1996-01-01'::date) AND (l_shipdate < '1996-04-01'::date))
                       ->  Bitmap Index Scan on idx_lineitem_shipdate  (cost=0.00..3462.49 rows=219306 width=0)
                             Index Cond: ((l_shipdate >= '1996-01-01'::date) AND (l_shipdate < '1996-04-01'::date))
   ->  Merge Join  (cost=120604.37..121048.62 rows=50 width=103)
         Merge Cond: (supplier.s_suppkey = revenue0.supplier_no)
         ->  Index Scan using supplier_pkey on supplier  (cost=0.29..418.79 rows=10000 width=71)
         ->  Sort  (cost=120604.08..120604.21 rows=50 width=36)
               Sort Key: revenue0.supplier_no
               ->  Subquery Scan on revenue0  (cost=120452.35..120602.67 rows=50 width=36)
                     ->  HashAggregate  (cost=120452.35..120602.17 rows=50 width=36)
                           Group Key: lineitem.l_suppkey
                           Filter: (sum((lineitem.l_extendedprice * ('1'::numeric - lineitem.l_discount))) = $0)
                           ->  Bitmap Heap Scan on lineitem  (cost=3517.32..118259.29 rows=219306 width=16)
                                 Recheck Cond: ((l_shipdate >= '1996-01-01'::date) AND (l_shipdate < '1996-04-01'::date))
                                 ->  Bitmap Index Scan on idx_lineitem_shipdate  (cost=0.00..3462.49 rows=219306 width=0)
                                       Index Cond: ((l_shipdate >= '1996-01-01'::date) AND (l_shipdate < '1996-04-01'::date))
(22 rows)

DROP VIEW
query 16 run 1
SET
SET
SET
                                                                                         QUERY PLAN                                                                                         
--------------------------------------------------------------------------------------------------------------------------------------------------------------------------------------------
 Limit  (cost=33779.85..33779.86 rows=1 width=44)
   ->  Sort  (cost=33779.85..33819.63 rows=15909 width=44)
         Sort Key: (count(DISTINCT partsupp.ps_suppkey)) DESC, part.p_brand, part.p_type, part.p_size
         ->  GroupAggregate  (cost=32807.49..33700.31 rows=15909 width=44)
               Group Key: part.p_brand, part.p_type, part.p_size
               ->  Sort  (cost=32807.49..32954.24 rows=58698 width=40)
                     Sort Key: part.p_brand, part.p_type, part.p_size
                     ->  Hash Join  (cost=9814.29..28158.31 rows=58698 width=40)
                           Hash Cond: (partsupp.ps_partkey = part.p_partkey)
                           ->  Index Only Scan using partsupp_pkey on partsupp  (cost=348.43..17642.43 rows=400000 width=8)
                                 Filter: (NOT (hashed SubPlan 1))
                                 SubPlan 1
                                   ->  Seq Scan on supplier  (cost=0.00..348.00 rows=1 width=4)
                                         Filter: ((s_comment)::text ~~ '%Customer%Complaints%'::text)
                           ->  Hash  (cost=9099.00..9099.00 rows=29349 width=40)
                                 ->  Seq Scan on part  (cost=0.00..9099.00 rows=29349 width=40)
                                       Filter: ((p_brand <> 'Brand#12'::bpchar) AND ((p_type)::text !~~ 'SMALL BRUSHED%'::text) AND (p_size = ANY ('{12,32,36,26,40,34,49,9}'::integer[])))
(17 rows)

query 16 run 2
SET
SET
SET
                                                                                         QUERY PLAN                                                                                         
--------------------------------------------------------------------------------------------------------------------------------------------------------------------------------------------
 Limit  (cost=33779.85..33779.86 rows=1 width=44)
   ->  Sort  (cost=33779.85..33819.63 rows=15909 width=44)
         Sort Key: (count(DISTINCT partsupp.ps_suppkey)) DESC, part.p_brand, part.p_type, part.p_size
         ->  GroupAggregate  (cost=32807.49..33700.31 rows=15909 width=44)
               Group Key: part.p_brand, part.p_type, part.p_size
               ->  Sort  (cost=32807.49..32954.24 rows=58698 width=40)
                     Sort Key: part.p_brand, part.p_type, part.p_size
                     ->  Hash Join  (cost=9814.29..28158.31 rows=58698 width=40)
                           Hash Cond: (partsupp.ps_partkey = part.p_partkey)
                           ->  Index Only Scan using partsupp_pkey on partsupp  (cost=348.43..17642.43 rows=400000 width=8)
                                 Filter: (NOT (hashed SubPlan 1))
                                 SubPlan 1
                                   ->  Seq Scan on supplier  (cost=0.00..348.00 rows=1 width=4)
                                         Filter: ((s_comment)::text ~~ '%Customer%Complaints%'::text)
                           ->  Hash  (cost=9099.00..9099.00 rows=29349 width=40)
                                 ->  Seq Scan on part  (cost=0.00..9099.00 rows=29349 width=40)
                                       Filter: ((p_brand <> 'Brand#12'::bpchar) AND ((p_type)::text !~~ 'SMALL BRUSHED%'::text) AND (p_size = ANY ('{12,32,36,26,40,34,49,9}'::integer[])))
(17 rows)

query 16 run 3
SET
SET
SET
                                                                                         QUERY PLAN                                                                                         
--------------------------------------------------------------------------------------------------------------------------------------------------------------------------------------------
 Limit  (cost=33779.85..33779.86 rows=1 width=44)
   ->  Sort  (cost=33779.85..33819.63 rows=15909 width=44)
         Sort Key: (count(DISTINCT partsupp.ps_suppkey)) DESC, part.p_brand, part.p_type, part.p_size
         ->  GroupAggregate  (cost=32807.49..33700.31 rows=15909 width=44)
               Group Key: part.p_brand, part.p_type, part.p_size
               ->  Sort  (cost=32807.49..32954.24 rows=58698 width=40)
                     Sort Key: part.p_brand, part.p_type, part.p_size
                     ->  Hash Join  (cost=9814.29..28158.31 rows=58698 width=40)
                           Hash Cond: (partsupp.ps_partkey = part.p_partkey)
                           ->  Index Only Scan using partsupp_pkey on partsupp  (cost=348.43..17642.43 rows=400000 width=8)
                                 Filter: (NOT (hashed SubPlan 1))
                                 SubPlan 1
                                   ->  Seq Scan on supplier  (cost=0.00..348.00 rows=1 width=4)
                                         Filter: ((s_comment)::text ~~ '%Customer%Complaints%'::text)
                           ->  Hash  (cost=9099.00..9099.00 rows=29349 width=40)
                                 ->  Seq Scan on part  (cost=0.00..9099.00 rows=29349 width=40)
                                       Filter: ((p_brand <> 'Brand#12'::bpchar) AND ((p_type)::text !~~ 'SMALL BRUSHED%'::text) AND (p_size = ANY ('{12,32,36,26,40,34,49,9}'::integer[])))
(17 rows)

query 17 run 1
SET
SET
SET
                                                  QUERY PLAN                                                   
---------------------------------------------------------------------------------------------------------------
 Limit  (cost=215449.31..215449.32 rows=1 width=32)
   ->  Aggregate  (cost=215449.31..215449.32 rows=1 width=32)
         ->  Nested Loop  (cost=209679.16..215444.64 rows=1867 width=8)
               Join Filter: (part.p_partkey = lineitem.l_partkey)
               ->  Hash Join  (cost=209678.73..215051.38 rows=187 width=40)
                     Hash Cond: (lineitem_1.l_partkey = part.p_partkey)
                     ->  HashAggregate  (cost=202577.33..205494.60 rows=194485 width=36)
                           Group Key: lineitem_1.l_partkey
                           ->  Seq Scan on lineitem lineitem_1  (cost=0.00..172571.55 rows=6001155 width=9)
                     ->  Hash  (cost=7099.00..7099.00 rows=192 width=4)
                           ->  Seq Scan on part  (cost=0.00..7099.00 rows=192 width=4)
                                 Filter: ((p_brand = 'Brand#22'::bpchar) AND (p_container = 'LG BOX'::bpchar))
               ->  Index Scan using idx_lineitem_part_supp on lineitem  (cost=0.43..1.98 rows=10 width=17)
                     Index Cond: (l_partkey = lineitem_1.l_partkey)
                     Filter: (l_quantity < ((0.2 * avg(lineitem_1.l_quantity))))
(15 rows)

query 17 run 2
SET
SET
SET
                                                  QUERY PLAN                                                   
---------------------------------------------------------------------------------------------------------------
 Limit  (cost=215449.31..215449.32 rows=1 width=32)
   ->  Aggregate  (cost=215449.31..215449.32 rows=1 width=32)
         ->  Nested Loop  (cost=209679.16..215444.64 rows=1867 width=8)
               Join Filter: (part.p_partkey = lineitem.l_partkey)
               ->  Hash Join  (cost=209678.73..215051.38 rows=187 width=40)
                     Hash Cond: (lineitem_1.l_partkey = part.p_partkey)
                     ->  HashAggregate  (cost=202577.33..205494.60 rows=194485 width=36)
                           Group Key: lineitem_1.l_partkey
                           ->  Seq Scan on lineitem lineitem_1  (cost=0.00..172571.55 rows=6001155 width=9)
                     ->  Hash  (cost=7099.00..7099.00 rows=192 width=4)
                           ->  Seq Scan on part  (cost=0.00..7099.00 rows=192 width=4)
                                 Filter: ((p_brand = 'Brand#22'::bpchar) AND (p_container = 'LG BOX'::bpchar))
               ->  Index Scan using idx_lineitem_part_supp on lineitem  (cost=0.43..1.98 rows=10 width=17)
                     Index Cond: (l_partkey = lineitem_1.l_partkey)
                     Filter: (l_quantity < ((0.2 * avg(lineitem_1.l_quantity))))
(15 rows)

query 17 run 3
SET
SET
SET
                                                  QUERY PLAN                                                   
---------------------------------------------------------------------------------------------------------------
 Limit  (cost=215449.31..215449.32 rows=1 width=32)
   ->  Aggregate  (cost=215449.31..215449.32 rows=1 width=32)
         ->  Nested Loop  (cost=209679.16..215444.64 rows=1867 width=8)
               Join Filter: (part.p_partkey = lineitem.l_partkey)
               ->  Hash Join  (cost=209678.73..215051.38 rows=187 width=40)
                     Hash Cond: (lineitem_1.l_partkey = part.p_partkey)
                     ->  HashAggregate  (cost=202577.33..205494.60 rows=194485 width=36)
                           Group Key: lineitem_1.l_partkey
                           ->  Seq Scan on lineitem lineitem_1  (cost=0.00..172571.55 rows=6001155 width=9)
                     ->  Hash  (cost=7099.00..7099.00 rows=192 width=4)
                           ->  Seq Scan on part  (cost=0.00..7099.00 rows=192 width=4)
                                 Filter: ((p_brand = 'Brand#22'::bpchar) AND (p_container = 'LG BOX'::bpchar))
               ->  Index Scan using idx_lineitem_part_supp on lineitem  (cost=0.43..1.98 rows=10 width=17)
                     Index Cond: (l_partkey = lineitem_1.l_partkey)
                     Filter: (l_quantity < ((0.2 * avg(lineitem_1.l_quantity))))
(15 rows)

query 18 run 1
SET
SET
SET
                                                                            QUERY PLAN                                                                            
------------------------------------------------------------------------------------------------------------------------------------------------------------------
 Limit  (cost=799662.84..799663.09 rows=100 width=71)
   ->  Sort  (cost=799662.84..804663.80 rows=2000384 width=71)
         Sort Key: orders.o_totalprice DESC, orders.o_orderdate
         ->  HashAggregate  (cost=663041.81..723209.61 rows=2000384 width=71)
               Group Key: customer.c_custkey, orders.o_orderkey
               Planned Partitions: 16
               ->  Hash Join  (cost=340207.02..555286.75 rows=2000384 width=44)
                     Hash Cond: (lineitem.l_orderkey = orders.o_orderkey)
                     ->  Seq Scan on lineitem  (cost=0.00..172571.55 rows=6001155 width=9)
                     ->  Hash  (cost=333955.82..333955.82 rows=500096 width=43)
                           ->  Hash Join  (cost=287574.53..333955.82 rows=500096 width=43)
                                 Hash Cond: (orders.o_custkey = customer.c_custkey)
                                 ->  Hash Join  (cost=280602.53..325671.04 rows=500096 width=24)
                                       Hash Cond: (orders.o_orderkey = lineitem_1.l_orderkey)
                                       ->  Seq Scan on orders  (cost=0.00..41131.00 rows=1500000 width=20)
                                       ->  Hash  (cost=274351.33..274351.33 rows=500096 width=4)
                                             ->  GroupAggregate  (cost=0.43..269350.37 rows=500096 width=4)
                                                   Group Key: lineitem_1.l_orderkey
                                                   Filter: (sum(lineitem_1.l_quantity) > '313'::numeric)
                                                   ->  Index Scan using idx_lineitem_orderkey on lineitem lineitem_1  (cost=0.43..216840.26 rows=6001155 width=9)
                                 ->  Hash  (cost=5097.00..5097.00 rows=150000 width=23)
                                       ->  Seq Scan on customer  (cost=0.00..5097.00 rows=150000 width=23)
(22 rows)

query 18 run 2
SET
SET
SET
                                                                            QUERY PLAN                                                                            
------------------------------------------------------------------------------------------------------------------------------------------------------------------
 Limit  (cost=799662.84..799663.09 rows=100 width=71)
   ->  Sort  (cost=799662.84..804663.80 rows=2000384 width=71)
         Sort Key: orders.o_totalprice DESC, orders.o_orderdate
         ->  HashAggregate  (cost=663041.81..723209.61 rows=2000384 width=71)
               Group Key: customer.c_custkey, orders.o_orderkey
               Planned Partitions: 16
               ->  Hash Join  (cost=340207.02..555286.75 rows=2000384 width=44)
                     Hash Cond: (lineitem.l_orderkey = orders.o_orderkey)
                     ->  Seq Scan on lineitem  (cost=0.00..172571.55 rows=6001155 width=9)
                     ->  Hash  (cost=333955.82..333955.82 rows=500096 width=43)
                           ->  Hash Join  (cost=287574.53..333955.82 rows=500096 width=43)
                                 Hash Cond: (orders.o_custkey = customer.c_custkey)
                                 ->  Hash Join  (cost=280602.53..325671.04 rows=500096 width=24)
                                       Hash Cond: (orders.o_orderkey = lineitem_1.l_orderkey)
                                       ->  Seq Scan on orders  (cost=0.00..41131.00 rows=1500000 width=20)
                                       ->  Hash  (cost=274351.33..274351.33 rows=500096 width=4)
                                             ->  GroupAggregate  (cost=0.43..269350.37 rows=500096 width=4)
                                                   Group Key: lineitem_1.l_orderkey
                                                   Filter: (sum(lineitem_1.l_quantity) > '313'::numeric)
                                                   ->  Index Scan using idx_lineitem_orderkey on lineitem lineitem_1  (cost=0.43..216840.26 rows=6001155 width=9)
                                 ->  Hash  (cost=5097.00..5097.00 rows=150000 width=23)
                                       ->  Seq Scan on customer  (cost=0.00..5097.00 rows=150000 width=23)
(22 rows)

query 18 run 3
SET
SET
SET
                                                                            QUERY PLAN                                                                            
------------------------------------------------------------------------------------------------------------------------------------------------------------------
 Limit  (cost=799662.84..799663.09 rows=100 width=71)
   ->  Sort  (cost=799662.84..804663.80 rows=2000384 width=71)
         Sort Key: orders.o_totalprice DESC, orders.o_orderdate
         ->  HashAggregate  (cost=663041.81..723209.61 rows=2000384 width=71)
               Group Key: customer.c_custkey, orders.o_orderkey
               Planned Partitions: 16
               ->  Hash Join  (cost=340207.02..555286.75 rows=2000384 width=44)
                     Hash Cond: (lineitem.l_orderkey = orders.o_orderkey)
                     ->  Seq Scan on lineitem  (cost=0.00..172571.55 rows=6001155 width=9)
                     ->  Hash  (cost=333955.82..333955.82 rows=500096 width=43)
                           ->  Hash Join  (cost=287574.53..333955.82 rows=500096 width=43)
                                 Hash Cond: (orders.o_custkey = customer.c_custkey)
                                 ->  Hash Join  (cost=280602.53..325671.04 rows=500096 width=24)
                                       Hash Cond: (orders.o_orderkey = lineitem_1.l_orderkey)
                                       ->  Seq Scan on orders  (cost=0.00..41131.00 rows=1500000 width=20)
                                       ->  Hash  (cost=274351.33..274351.33 rows=500096 width=4)
                                             ->  GroupAggregate  (cost=0.43..269350.37 rows=500096 width=4)
                                                   Group Key: lineitem_1.l_orderkey
                                                   Filter: (sum(lineitem_1.l_quantity) > '313'::numeric)
                                                   ->  Index Scan using idx_lineitem_orderkey on lineitem lineitem_1  (cost=0.43..216840.26 rows=6001155 width=9)
                                 ->  Hash  (cost=5097.00..5097.00 rows=150000 width=23)
                                       ->  Seq Scan on customer  (cost=0.00..5097.00 rows=150000 width=23)
(22 rows)

query 19 run 1
SET
SET
SET
                                                                                                                                                                                                                                                                                                                                                                                                                                                                                                            QUERY PLAN                                                                                                                                                                                                                                                                                                                                                                                                                                                                                                            
----------------------------------------------------------------------------------------------------------------------------------------------------------------------------------------------------------------------------------------------------------------------------------------------------------------------------------------------------------------------------------------------------------------------------------------------------------------------------------------------------------------------------------------------------------------------------------------------------------------------------------------------------------------------------------------------------------------------------------------------------------------------------------------------------------------------------------------------------------------------------------------------------------------------------------------------------------------------------------------------------------------------------------
 Limit  (cost=35945.41..35945.42 rows=1 width=32)
   ->  Aggregate  (cost=35945.41..35945.42 rows=1 width=32)
         ->  Nested Loop  (cost=0.43..35944.53 rows=116 width=12)
               ->  Seq Scan on part  (cost=0.00..12599.00 rows=486 width=30)
                     Filter: ((p_size >= 1) AND (((p_brand = 'Brand#24'::bpchar) AND (p_container = ANY ('{"SM CASE","SM BOX","SM PACK","SM PKG"}'::bpchar[])) AND (p_size <= 5)) OR ((p_brand = 'Brand#43'::bpchar) AND (p_container = ANY ('{"MED BAG","MED BOX","MED PKG","MED PACK"}'::bpchar[])) AND (p_size <= 10)) OR ((p_brand = 'Brand#44'::bpchar) AND (p_container = ANY ('{"LG CASE","LG BOX","LG PACK","LG PKG"}'::bpchar[])) AND (p_size <= 15))))
               ->  Index Scan using idx_lineitem_part_supp on lineitem  (cost=0.43..48.03 rows=1 width=21)
                     Index Cond: (l_partkey = part.p_partkey)
                     Filter: ((l_shipmode = ANY ('{AIR,"AIR REG"}'::bpchar[])) AND (l_shipinstruct = 'DELIVER IN PERSON'::bpchar) AND (((l_quantity >= '10'::numeric) AND (l_quantity <= '20'::numeric)) OR ((l_quantity >= '10'::numeric) AND (l_quantity <= '20'::numeric)) OR ((l_quantity >= '20'::numeric) AND (l_quantity <= '30'::numeric))) AND (((part.p_brand = 'Brand#24'::bpchar) AND (part.p_container = ANY ('{"SM CASE","SM BOX","SM PACK","SM PKG"}'::bpchar[])) AND (l_quantity >= '10'::numeric) AND (l_quantity <= '20'::numeric) AND (part.p_size <= 5)) OR ((part.p_brand = 'Brand#43'::bpchar) AND (part.p_container = ANY ('{"MED BAG","MED BOX","MED PKG","MED PACK"}'::bpchar[])) AND (l_quantity >= '10'::numeric) AND (l_quantity <= '20'::numeric) AND (part.p_size <= 10)) OR ((part.p_brand = 'Brand#44'::bpchar) AND (part.p_container = ANY ('{"LG CASE","LG BOX","LG PACK","LG PKG"}'::bpchar[])) AND (l_quantity >= '20'::numeric) AND (l_quantity <= '30'::numeric) AND (part.p_size <= 15))))
(8 rows)

query 19 run 2
SET
SET
SET
                                                                                                                                                                                                                                                                                                                                                                                                                                                                                                            QUERY PLAN                                                                                                                                                                                                                                                                                                                                                                                                                                                                                                            
----------------------------------------------------------------------------------------------------------------------------------------------------------------------------------------------------------------------------------------------------------------------------------------------------------------------------------------------------------------------------------------------------------------------------------------------------------------------------------------------------------------------------------------------------------------------------------------------------------------------------------------------------------------------------------------------------------------------------------------------------------------------------------------------------------------------------------------------------------------------------------------------------------------------------------------------------------------------------------------------------------------------------------
 Limit  (cost=35945.41..35945.42 rows=1 width=32)
   ->  Aggregate  (cost=35945.41..35945.42 rows=1 width=32)
         ->  Nested Loop  (cost=0.43..35944.53 rows=116 width=12)
               ->  Seq Scan on part  (cost=0.00..12599.00 rows=486 width=30)
                     Filter: ((p_size >= 1) AND (((p_brand = 'Brand#24'::bpchar) AND (p_container = ANY ('{"SM CASE","SM BOX","SM PACK","SM PKG"}'::bpchar[])) AND (p_size <= 5)) OR ((p_brand = 'Brand#43'::bpchar) AND (p_container = ANY ('{"MED BAG","MED BOX","MED PKG","MED PACK"}'::bpchar[])) AND (p_size <= 10)) OR ((p_brand = 'Brand#44'::bpchar) AND (p_container = ANY ('{"LG CASE","LG BOX","LG PACK","LG PKG"}'::bpchar[])) AND (p_size <= 15))))
               ->  Index Scan using idx_lineitem_part_supp on lineitem  (cost=0.43..48.03 rows=1 width=21)
                     Index Cond: (l_partkey = part.p_partkey)
                     Filter: ((l_shipmode = ANY ('{AIR,"AIR REG"}'::bpchar[])) AND (l_shipinstruct = 'DELIVER IN PERSON'::bpchar) AND (((l_quantity >= '10'::numeric) AND (l_quantity <= '20'::numeric)) OR ((l_quantity >= '10'::numeric) AND (l_quantity <= '20'::numeric)) OR ((l_quantity >= '20'::numeric) AND (l_quantity <= '30'::numeric))) AND (((part.p_brand = 'Brand#24'::bpchar) AND (part.p_container = ANY ('{"SM CASE","SM BOX","SM PACK","SM PKG"}'::bpchar[])) AND (l_quantity >= '10'::numeric) AND (l_quantity <= '20'::numeric) AND (part.p_size <= 5)) OR ((part.p_brand = 'Brand#43'::bpchar) AND (part.p_container = ANY ('{"MED BAG","MED BOX","MED PKG","MED PACK"}'::bpchar[])) AND (l_quantity >= '10'::numeric) AND (l_quantity <= '20'::numeric) AND (part.p_size <= 10)) OR ((part.p_brand = 'Brand#44'::bpchar) AND (part.p_container = ANY ('{"LG CASE","LG BOX","LG PACK","LG PKG"}'::bpchar[])) AND (l_quantity >= '20'::numeric) AND (l_quantity <= '30'::numeric) AND (part.p_size <= 15))))
(8 rows)

query 19 run 3
SET
SET
SET
                                                                                                                                                                                                                                                                                                                                                                                                                                                                                                            QUERY PLAN                                                                                                                                                                                                                                                                                                                                                                                                                                                                                                            
----------------------------------------------------------------------------------------------------------------------------------------------------------------------------------------------------------------------------------------------------------------------------------------------------------------------------------------------------------------------------------------------------------------------------------------------------------------------------------------------------------------------------------------------------------------------------------------------------------------------------------------------------------------------------------------------------------------------------------------------------------------------------------------------------------------------------------------------------------------------------------------------------------------------------------------------------------------------------------------------------------------------------------
 Limit  (cost=35945.41..35945.42 rows=1 width=32)
   ->  Aggregate  (cost=35945.41..35945.42 rows=1 width=32)
         ->  Nested Loop  (cost=0.43..35944.53 rows=116 width=12)
               ->  Seq Scan on part  (cost=0.00..12599.00 rows=486 width=30)
                     Filter: ((p_size >= 1) AND (((p_brand = 'Brand#24'::bpchar) AND (p_container = ANY ('{"SM CASE","SM BOX","SM PACK","SM PKG"}'::bpchar[])) AND (p_size <= 5)) OR ((p_brand = 'Brand#43'::bpchar) AND (p_container = ANY ('{"MED BAG","MED BOX","MED PKG","MED PACK"}'::bpchar[])) AND (p_size <= 10)) OR ((p_brand = 'Brand#44'::bpchar) AND (p_container = ANY ('{"LG CASE","LG BOX","LG PACK","LG PKG"}'::bpchar[])) AND (p_size <= 15))))
               ->  Index Scan using idx_lineitem_part_supp on lineitem  (cost=0.43..48.03 rows=1 width=21)
                     Index Cond: (l_partkey = part.p_partkey)
                     Filter: ((l_shipmode = ANY ('{AIR,"AIR REG"}'::bpchar[])) AND (l_shipinstruct = 'DELIVER IN PERSON'::bpchar) AND (((l_quantity >= '10'::numeric) AND (l_quantity <= '20'::numeric)) OR ((l_quantity >= '10'::numeric) AND (l_quantity <= '20'::numeric)) OR ((l_quantity >= '20'::numeric) AND (l_quantity <= '30'::numeric))) AND (((part.p_brand = 'Brand#24'::bpchar) AND (part.p_container = ANY ('{"SM CASE","SM BOX","SM PACK","SM PKG"}'::bpchar[])) AND (l_quantity >= '10'::numeric) AND (l_quantity <= '20'::numeric) AND (part.p_size <= 5)) OR ((part.p_brand = 'Brand#43'::bpchar) AND (part.p_container = ANY ('{"MED BAG","MED BOX","MED PKG","MED PACK"}'::bpchar[])) AND (l_quantity >= '10'::numeric) AND (l_quantity <= '20'::numeric) AND (part.p_size <= 10)) OR ((part.p_brand = 'Brand#44'::bpchar) AND (part.p_container = ANY ('{"LG CASE","LG BOX","LG PACK","LG PKG"}'::bpchar[])) AND (l_quantity >= '20'::numeric) AND (l_quantity <= '30'::numeric) AND (part.p_size <= 15))))
(8 rows)

query 20 run 1
SET
SET
SET
                                                                QUERY PLAN                                                                
------------------------------------------------------------------------------------------------------------------------------------------
 Limit  (cost=209496.08..209496.08 rows=1 width=51)
   ->  Sort  (cost=209496.08..209496.08 rows=1 width=51)
         Sort Key: supplier.s_name
         ->  Nested Loop Semi Join  (cost=184524.40..209496.07 rows=1 width=51)
               Join Filter: (supplier.s_suppkey = lineitem.l_suppkey)
               ->  Nested Loop  (cost=0.00..449.31 rows=400 width=55)
                     Join Filter: (supplier.s_nationkey = nation.n_nationkey)
                     ->  Seq Scan on nation  (cost=0.00..1.31 rows=1 width=4)
                           Filter: (n_name = 'IRAQ'::bpchar)
                     ->  Seq Scan on supplier  (cost=0.00..323.00 rows=10000 width=59)
               ->  Materialize  (cost=184524.40..209040.76 rows=1 width=8)
                     ->  Nested Loop  (cost=184524.40..209040.75 rows=1 width=8)
                           ->  Hash Join  (cost=184523.97..206510.36 rows=4851 width=44)
                                 Hash Cond: (lineitem.l_partkey = part.p_partkey)
                                 ->  HashAggregate  (cost=177899.72..193822.80 rows=480260 width=40)
                                       Group Key: lineitem.l_partkey, lineitem.l_suppkey
                                       Planned Partitions: 4
                                       ->  Bitmap Heap Scan on lineitem  (cost=14315.08..140267.74 rows=892844 width=13)
                                             Recheck Cond: ((l_shipdate >= '1996-01-01'::date) AND (l_shipdate < '1997-01-01'::date))
                                             ->  Bitmap Index Scan on idx_lineitem_shipdate  (cost=0.00..14091.87 rows=892844 width=0)
                                                   Index Cond: ((l_shipdate >= '1996-01-01'::date) AND (l_shipdate < '1997-01-01'::date))
                                 ->  Hash  (cost=6599.00..6599.00 rows=2020 width=4)
                                       ->  Seq Scan on part  (cost=0.00..6599.00 rows=2020 width=4)
                                             Filter: ((p_name)::text ~~ 'olive%'::text)
                           ->  Index Scan using partsupp_pkey on partsupp  (cost=0.42..0.51 rows=1 width=12)
                                 Index Cond: ((ps_partkey = lineitem.l_partkey) AND (ps_suppkey = lineitem.l_suppkey))
                                 Filter: ((ps_availqty)::numeric > ((0.5 * sum(lineitem.l_quantity))))
(27 rows)

query 20 run 2
SET
SET
SET
                                                                QUERY PLAN                                                                
------------------------------------------------------------------------------------------------------------------------------------------
 Limit  (cost=209496.08..209496.08 rows=1 width=51)
   ->  Sort  (cost=209496.08..209496.08 rows=1 width=51)
         Sort Key: supplier.s_name
         ->  Nested Loop Semi Join  (cost=184524.40..209496.07 rows=1 width=51)
               Join Filter: (supplier.s_suppkey = lineitem.l_suppkey)
               ->  Nested Loop  (cost=0.00..449.31 rows=400 width=55)
                     Join Filter: (supplier.s_nationkey = nation.n_nationkey)
                     ->  Seq Scan on nation  (cost=0.00..1.31 rows=1 width=4)
                           Filter: (n_name = 'IRAQ'::bpchar)
                     ->  Seq Scan on supplier  (cost=0.00..323.00 rows=10000 width=59)
               ->  Materialize  (cost=184524.40..209040.76 rows=1 width=8)
                     ->  Nested Loop  (cost=184524.40..209040.75 rows=1 width=8)
                           ->  Hash Join  (cost=184523.97..206510.36 rows=4851 width=44)
                                 Hash Cond: (lineitem.l_partkey = part.p_partkey)
                                 ->  HashAggregate  (cost=177899.72..193822.80 rows=480260 width=40)
                                       Group Key: lineitem.l_partkey, lineitem.l_suppkey
                                       Planned Partitions: 4
                                       ->  Bitmap Heap Scan on lineitem  (cost=14315.08..140267.74 rows=892844 width=13)
                                             Recheck Cond: ((l_shipdate >= '1996-01-01'::date) AND (l_shipdate < '1997-01-01'::date))
                                             ->  Bitmap Index Scan on idx_lineitem_shipdate  (cost=0.00..14091.87 rows=892844 width=0)
                                                   Index Cond: ((l_shipdate >= '1996-01-01'::date) AND (l_shipdate < '1997-01-01'::date))
                                 ->  Hash  (cost=6599.00..6599.00 rows=2020 width=4)
                                       ->  Seq Scan on part  (cost=0.00..6599.00 rows=2020 width=4)
                                             Filter: ((p_name)::text ~~ 'olive%'::text)
                           ->  Index Scan using partsupp_pkey on partsupp  (cost=0.42..0.51 rows=1 width=12)
                                 Index Cond: ((ps_partkey = lineitem.l_partkey) AND (ps_suppkey = lineitem.l_suppkey))
                                 Filter: ((ps_availqty)::numeric > ((0.5 * sum(lineitem.l_quantity))))
(27 rows)

query 20 run 3
SET
SET
SET
                                                                QUERY PLAN                                                                
------------------------------------------------------------------------------------------------------------------------------------------
 Limit  (cost=209496.08..209496.08 rows=1 width=51)
   ->  Sort  (cost=209496.08..209496.08 rows=1 width=51)
         Sort Key: supplier.s_name
         ->  Nested Loop Semi Join  (cost=184524.40..209496.07 rows=1 width=51)
               Join Filter: (supplier.s_suppkey = lineitem.l_suppkey)
               ->  Nested Loop  (cost=0.00..449.31 rows=400 width=55)
                     Join Filter: (supplier.s_nationkey = nation.n_nationkey)
                     ->  Seq Scan on nation  (cost=0.00..1.31 rows=1 width=4)
                           Filter: (n_name = 'IRAQ'::bpchar)
                     ->  Seq Scan on supplier  (cost=0.00..323.00 rows=10000 width=59)
               ->  Materialize  (cost=184524.40..209040.76 rows=1 width=8)
                     ->  Nested Loop  (cost=184524.40..209040.75 rows=1 width=8)
                           ->  Hash Join  (cost=184523.97..206510.36 rows=4851 width=44)
                                 Hash Cond: (lineitem.l_partkey = part.p_partkey)
                                 ->  HashAggregate  (cost=177899.72..193822.80 rows=480260 width=40)
                                       Group Key: lineitem.l_partkey, lineitem.l_suppkey
                                       Planned Partitions: 4
                                       ->  Bitmap Heap Scan on lineitem  (cost=14315.08..140267.74 rows=892844 width=13)
                                             Recheck Cond: ((l_shipdate >= '1996-01-01'::date) AND (l_shipdate < '1997-01-01'::date))
                                             ->  Bitmap Index Scan on idx_lineitem_shipdate  (cost=0.00..14091.87 rows=892844 width=0)
                                                   Index Cond: ((l_shipdate >= '1996-01-01'::date) AND (l_shipdate < '1997-01-01'::date))
                                 ->  Hash  (cost=6599.00..6599.00 rows=2020 width=4)
                                       ->  Seq Scan on part  (cost=0.00..6599.00 rows=2020 width=4)
                                             Filter: ((p_name)::text ~~ 'olive%'::text)
                           ->  Index Scan using partsupp_pkey on partsupp  (cost=0.42..0.51 rows=1 width=12)
                                 Index Cond: ((ps_partkey = lineitem.l_partkey) AND (ps_suppkey = lineitem.l_suppkey))
                                 Filter: ((ps_availqty)::numeric > ((0.5 * sum(lineitem.l_quantity))))
(27 rows)

query 21 run 1
SET
SET
SET
                                                                     QUERY PLAN                                                                     
----------------------------------------------------------------------------------------------------------------------------------------------------
 Limit  (cost=243854.69..243854.69 rows=1 width=34)
   ->  Sort  (cost=243854.69..243854.69 rows=1 width=34)
         Sort Key: (count(*)) DESC, supplier.s_name
         ->  GroupAggregate  (cost=243854.66..243854.68 rows=1 width=34)
               Group Key: supplier.s_name
               ->  Sort  (cost=243854.66..243854.66 rows=1 width=26)
                     Sort Key: supplier.s_name
                     ->  Nested Loop  (cost=235.37..243854.65 rows=1 width=26)
                           ->  Nested Loop Semi Join  (cost=234.94..243854.18 rows=1 width=34)
                                 ->  Nested Loop Anti Join  (cost=234.51..243853.56 rows=1 width=34)
                                       ->  Hash Join  (cost=234.08..196110.11 rows=80015 width=34)
                                             Hash Cond: (l1.l_suppkey = supplier.s_suppkey)
                                             ->  Seq Scan on lineitem l1  (cost=0.00..187574.44 rows=2000385 width=8)
                                                   Filter: (l_receiptdate > l_commitdate)
                                             ->  Hash  (cost=229.08..229.08 rows=400 width=30)
                                                   ->  Nested Loop  (cost=4.88..229.08 rows=400 width=30)
                                                         ->  Seq Scan on nation  (cost=0.00..1.31 rows=1 width=4)
                                                               Filter: (n_name = 'PERU'::bpchar)
                                                         ->  Bitmap Heap Scan on supplier  (cost=4.88..223.76 rows=400 width=34)
                                                               Recheck Cond: (s_nationkey = nation.n_nationkey)
                                                               ->  Bitmap Index Scan on idx_supplier_nation_key  (cost=0.00..4.79 rows=400 width=0)
                                                                     Index Cond: (s_nationkey = nation.n_nationkey)
                                       ->  Index Scan using idx_lineitem_orderkey on lineitem l3  (cost=0.43..0.61 rows=1 width=8)
                                             Index Cond: (l_orderkey = l1.l_orderkey)
                                             Filter: ((l_receiptdate > l_commitdate) AND (l_suppkey <> l1.l_suppkey))
                                 ->  Index Scan using idx_lineitem_orderkey on lineitem l2  (cost=0.43..0.60 rows=4 width=8)
                                       Index Cond: (l_orderkey = l1.l_orderkey)
                                       Filter: (l_suppkey <> l1.l_suppkey)
                           ->  Index Scan using orders_pkey on orders  (cost=0.43..0.47 rows=1 width=4)
                                 Index Cond: (o_orderkey = l1.l_orderkey)
                                 Filter: (o_orderstatus = 'F'::bpchar)
(31 rows)

query 21 run 2
SET
SET
SET
                                                                     QUERY PLAN                                                                     
----------------------------------------------------------------------------------------------------------------------------------------------------
 Limit  (cost=243854.69..243854.69 rows=1 width=34)
   ->  Sort  (cost=243854.69..243854.69 rows=1 width=34)
         Sort Key: (count(*)) DESC, supplier.s_name
         ->  GroupAggregate  (cost=243854.66..243854.68 rows=1 width=34)
               Group Key: supplier.s_name
               ->  Sort  (cost=243854.66..243854.66 rows=1 width=26)
                     Sort Key: supplier.s_name
                     ->  Nested Loop  (cost=235.37..243854.65 rows=1 width=26)
                           ->  Nested Loop Semi Join  (cost=234.94..243854.18 rows=1 width=34)
                                 ->  Nested Loop Anti Join  (cost=234.51..243853.56 rows=1 width=34)
                                       ->  Hash Join  (cost=234.08..196110.11 rows=80015 width=34)
                                             Hash Cond: (l1.l_suppkey = supplier.s_suppkey)
                                             ->  Seq Scan on lineitem l1  (cost=0.00..187574.44 rows=2000385 width=8)
                                                   Filter: (l_receiptdate > l_commitdate)
                                             ->  Hash  (cost=229.08..229.08 rows=400 width=30)
                                                   ->  Nested Loop  (cost=4.88..229.08 rows=400 width=30)
                                                         ->  Seq Scan on nation  (cost=0.00..1.31 rows=1 width=4)
                                                               Filter: (n_name = 'PERU'::bpchar)
                                                         ->  Bitmap Heap Scan on supplier  (cost=4.88..223.76 rows=400 width=34)
                                                               Recheck Cond: (s_nationkey = nation.n_nationkey)
                                                               ->  Bitmap Index Scan on idx_supplier_nation_key  (cost=0.00..4.79 rows=400 width=0)
                                                                     Index Cond: (s_nationkey = nation.n_nationkey)
                                       ->  Index Scan using idx_lineitem_orderkey on lineitem l3  (cost=0.43..0.61 rows=1 width=8)
                                             Index Cond: (l_orderkey = l1.l_orderkey)
                                             Filter: ((l_receiptdate > l_commitdate) AND (l_suppkey <> l1.l_suppkey))
                                 ->  Index Scan using idx_lineitem_orderkey on lineitem l2  (cost=0.43..0.60 rows=4 width=8)
                                       Index Cond: (l_orderkey = l1.l_orderkey)
                                       Filter: (l_suppkey <> l1.l_suppkey)
                           ->  Index Scan using orders_pkey on orders  (cost=0.43..0.47 rows=1 width=4)
                                 Index Cond: (o_orderkey = l1.l_orderkey)
                                 Filter: (o_orderstatus = 'F'::bpchar)
(31 rows)

query 21 run 3
SET
SET
SET
                                                                     QUERY PLAN                                                                     
----------------------------------------------------------------------------------------------------------------------------------------------------
 Limit  (cost=243854.69..243854.69 rows=1 width=34)
   ->  Sort  (cost=243854.69..243854.69 rows=1 width=34)
         Sort Key: (count(*)) DESC, supplier.s_name
         ->  GroupAggregate  (cost=243854.66..243854.68 rows=1 width=34)
               Group Key: supplier.s_name
               ->  Sort  (cost=243854.66..243854.66 rows=1 width=26)
                     Sort Key: supplier.s_name
                     ->  Nested Loop  (cost=235.37..243854.65 rows=1 width=26)
                           ->  Nested Loop Semi Join  (cost=234.94..243854.18 rows=1 width=34)
                                 ->  Nested Loop Anti Join  (cost=234.51..243853.56 rows=1 width=34)
                                       ->  Hash Join  (cost=234.08..196110.11 rows=80015 width=34)
                                             Hash Cond: (l1.l_suppkey = supplier.s_suppkey)
                                             ->  Seq Scan on lineitem l1  (cost=0.00..187574.44 rows=2000385 width=8)
                                                   Filter: (l_receiptdate > l_commitdate)
                                             ->  Hash  (cost=229.08..229.08 rows=400 width=30)
                                                   ->  Nested Loop  (cost=4.88..229.08 rows=400 width=30)
                                                         ->  Seq Scan on nation  (cost=0.00..1.31 rows=1 width=4)
                                                               Filter: (n_name = 'PERU'::bpchar)
                                                         ->  Bitmap Heap Scan on supplier  (cost=4.88..223.76 rows=400 width=34)
                                                               Recheck Cond: (s_nationkey = nation.n_nationkey)
                                                               ->  Bitmap Index Scan on idx_supplier_nation_key  (cost=0.00..4.79 rows=400 width=0)
                                                                     Index Cond: (s_nationkey = nation.n_nationkey)
                                       ->  Index Scan using idx_lineitem_orderkey on lineitem l3  (cost=0.43..0.61 rows=1 width=8)
                                             Index Cond: (l_orderkey = l1.l_orderkey)
                                             Filter: ((l_receiptdate > l_commitdate) AND (l_suppkey <> l1.l_suppkey))
                                 ->  Index Scan using idx_lineitem_orderkey on lineitem l2  (cost=0.43..0.60 rows=4 width=8)
                                       Index Cond: (l_orderkey = l1.l_orderkey)
                                       Filter: (l_suppkey <> l1.l_suppkey)
                           ->  Index Scan using orders_pkey on orders  (cost=0.43..0.47 rows=1 width=4)
                                 Index Cond: (o_orderkey = l1.l_orderkey)
                                 Filter: (o_orderstatus = 'F'::bpchar)
(31 rows)

query 22 run 1
SET
SET
SET
                                                             QUERY PLAN                                                              
-------------------------------------------------------------------------------------------------------------------------------------
 Limit  (cost=16079.20..16079.23 rows=1 width=72)
   InitPlan 1 (returns $0)
     ->  Aggregate  (cost=7546.42..7546.43 rows=1 width=32)
           ->  Seq Scan on customer customer_1  (cost=0.00..7534.50 rows=4766 width=6)
                 Filter: ((c_acctbal > 0.00) AND (SUBSTRING(c_phone FROM 1 FOR 2) = ANY ('{21,29,26,34,14,15,17}'::text[])))
   ->  GroupAggregate  (cost=8532.78..8553.21 rows=743 width=72)
         Group Key: (SUBSTRING(customer.c_phone FROM 1 FOR 2))
         ->  Sort  (cost=8532.78..8534.63 rows=743 width=38)
               Sort Key: (SUBSTRING(customer.c_phone FROM 1 FOR 2))
               ->  Nested Loop Anti Join  (cost=0.43..8497.35 rows=743 width=38)
                     ->  Seq Scan on customer  (cost=0.00..7534.50 rows=1750 width=26)
                           Filter: ((c_acctbal > $0) AND (SUBSTRING(c_phone FROM 1 FOR 2) = ANY ('{21,29,26,34,14,15,17}'::text[])))
                     ->  Index Only Scan using idx_orders_custkey on orders  (cost=0.43..1.68 rows=17 width=4)
                           Index Cond: (o_custkey = customer.c_custkey)
(14 rows)

query 22 run 2
SET
SET
SET
                                                             QUERY PLAN                                                              
-------------------------------------------------------------------------------------------------------------------------------------
 Limit  (cost=16079.20..16079.23 rows=1 width=72)
   InitPlan 1 (returns $0)
     ->  Aggregate  (cost=7546.42..7546.43 rows=1 width=32)
           ->  Seq Scan on customer customer_1  (cost=0.00..7534.50 rows=4766 width=6)
                 Filter: ((c_acctbal > 0.00) AND (SUBSTRING(c_phone FROM 1 FOR 2) = ANY ('{21,29,26,34,14,15,17}'::text[])))
   ->  GroupAggregate  (cost=8532.78..8553.21 rows=743 width=72)
         Group Key: (SUBSTRING(customer.c_phone FROM 1 FOR 2))
         ->  Sort  (cost=8532.78..8534.63 rows=743 width=38)
               Sort Key: (SUBSTRING(customer.c_phone FROM 1 FOR 2))
               ->  Nested Loop Anti Join  (cost=0.43..8497.35 rows=743 width=38)
                     ->  Seq Scan on customer  (cost=0.00..7534.50 rows=1750 width=26)
                           Filter: ((c_acctbal > $0) AND (SUBSTRING(c_phone FROM 1 FOR 2) = ANY ('{21,29,26,34,14,15,17}'::text[])))
                     ->  Index Only Scan using idx_orders_custkey on orders  (cost=0.43..1.68 rows=17 width=4)
                           Index Cond: (o_custkey = customer.c_custkey)
(14 rows)

query 22 run 3
SET
SET
SET
                                                             QUERY PLAN                                                              
-------------------------------------------------------------------------------------------------------------------------------------
 Limit  (cost=16079.20..16079.23 rows=1 width=72)
   InitPlan 1 (returns $0)
     ->  Aggregate  (cost=7546.42..7546.43 rows=1 width=32)
           ->  Seq Scan on customer customer_1  (cost=0.00..7534.50 rows=4766 width=6)
                 Filter: ((c_acctbal > 0.00) AND (SUBSTRING(c_phone FROM 1 FOR 2) = ANY ('{21,29,26,34,14,15,17}'::text[])))
   ->  GroupAggregate  (cost=8532.78..8553.21 rows=743 width=72)
         Group Key: (SUBSTRING(customer.c_phone FROM 1 FOR 2))
         ->  Sort  (cost=8532.78..8534.63 rows=743 width=38)
               Sort Key: (SUBSTRING(customer.c_phone FROM 1 FOR 2))
               ->  Nested Loop Anti Join  (cost=0.43..8497.35 rows=743 width=38)
                     ->  Seq Scan on customer  (cost=0.00..7534.50 rows=1750 width=26)
                           Filter: ((c_acctbal > $0) AND (SUBSTRING(c_phone FROM 1 FOR 2) = ANY ('{21,29,26,34,14,15,17}'::text[])))
                     ->  Index Only Scan using idx_orders_custkey on orders  (cost=0.43..1.68 rows=17 width=4)
                           Index Cond: (o_custkey = customer.c_custkey)
(14 rows)

