query 1 run 1
SET
SET
SET
                                           QUERY PLAN                                           
------------------------------------------------------------------------------------------------
 Limit  (cost=3948828.83..3948828.83 rows=1 width=236)
   ->  Sort  (cost=3948828.83..3948828.85 rows=6 width=236)
         Sort Key: l_returnflag, l_linestatus
         ->  HashAggregate  (cost=3948828.64..3948828.80 rows=6 width=236)
               Group Key: l_returnflag, l_linestatus
               ->  Seq Scan on lineitem  (cost=0.00..1874947.70 rows=59253741 width=25)
                     Filter: (l_shipdate <= '1998-09-10 00:00:00'::timestamp without time zone)
(7 rows)

query 1 run 2
SET
SET
SET
                                           QUERY PLAN                                           
------------------------------------------------------------------------------------------------
 Limit  (cost=3948828.83..3948828.83 rows=1 width=236)
   ->  Sort  (cost=3948828.83..3948828.85 rows=6 width=236)
         Sort Key: l_returnflag, l_linestatus
         ->  HashAggregate  (cost=3948828.64..3948828.80 rows=6 width=236)
               Group Key: l_returnflag, l_linestatus
               ->  Seq Scan on lineitem  (cost=0.00..1874947.70 rows=59253741 width=25)
                     Filter: (l_shipdate <= '1998-09-10 00:00:00'::timestamp without time zone)
(7 rows)

query 1 run 3
SET
SET
SET
                                           QUERY PLAN                                           
------------------------------------------------------------------------------------------------
 Limit  (cost=3948828.83..3948828.83 rows=1 width=236)
   ->  Sort  (cost=3948828.83..3948828.85 rows=6 width=236)
         Sort Key: l_returnflag, l_linestatus
         ->  HashAggregate  (cost=3948828.64..3948828.80 rows=6 width=236)
               Group Key: l_returnflag, l_linestatus
               ->  Seq Scan on lineitem  (cost=0.00..1874947.70 rows=59253741 width=25)
                     Filter: (l_shipdate <= '1998-09-10 00:00:00'::timestamp without time zone)
(7 rows)

query 2 run 1
SET
SET
SET
                                                                  QUERY PLAN                                                                  
----------------------------------------------------------------------------------------------------------------------------------------------
 Limit  (cost=958374.05..958374.05 rows=1 width=192)
   ->  Sort  (cost=958374.05..958374.05 rows=1 width=192)
         Sort Key: supplier.s_acctbal DESC, nation.n_name, supplier.s_name, part.p_partkey
         ->  Merge Join  (cost=361268.93..958374.04 rows=1 width=192)
               Merge Cond: (part.p_partkey = partsupp.ps_partkey)
               Join Filter: (partsupp.ps_supplycost = (SubPlan 1))
               ->  Index Scan using part_pkey on part  (cost=0.43..89213.35 rows=9353 width=30)
                     Filter: (((p_type)::text ~~ '%NICKEL'::text) AND (p_size = 16))
               ->  Materialize  (cost=361258.96..369259.75 rows=1600158 width=172)
                     ->  Sort  (cost=361258.96..365259.36 rows=1600158 width=172)
                           Sort Key: partsupp.ps_partkey
                           ->  Nested Loop  (cost=0.72..108463.67 rows=1600158 width=172)
                                 ->  Nested Loop  (cost=0.29..1239.19 rows=20000 width=166)
                                       ->  Nested Loop  (cost=0.00..2.62 rows=5 width=30)
                                             Join Filter: (nation.n_regionkey = region.r_regionkey)
                                             ->  Seq Scan on region  (cost=0.00..1.06 rows=1 width=4)
                                                   Filter: (r_name = 'AMERICA'::bpchar)
                                             ->  Seq Scan on nation  (cost=0.00..1.25 rows=25 width=34)
                                       ->  Index Scan using idx_supplier_nation_key on supplier  (cost=0.29..207.31 rows=4000 width=144)
                                             Index Cond: (s_nationkey = nation.n_nationkey)
                                 ->  Index Scan using idx_partsupp_suppkey on partsupp  (cost=0.43..4.56 rows=80 width=14)
                                       Index Cond: (ps_suppkey = supplier.s_suppkey)
               SubPlan 1
                 ->  Aggregate  (cost=66.25..66.26 rows=1 width=32)
                       ->  Nested Loop  (cost=2.29..66.24 rows=4 width=6)
                             Join Filter: (nation_1.n_regionkey = region_1.r_regionkey)
                             ->  Seq Scan on region region_1  (cost=0.00..1.06 rows=1 width=4)
                                   Filter: (r_name = 'AMERICA'::bpchar)
                             ->  Hash Join  (cost=2.29..64.95 rows=18 width=10)
                                   Hash Cond: (supplier_1.s_nationkey = nation_1.n_nationkey)
                                   ->  Nested Loop  (cost=0.72..63.33 rows=18 width=10)
                                         ->  Index Scan using idx_partsupp_partkey on partsupp partsupp_1  (cost=0.43..3.75 rows=18 width=10)
                                               Index Cond: (ps_partkey = part.p_partkey)
                                         ->  Index Scan using supplier_pkey on supplier supplier_1  (cost=0.29..3.31 rows=1 width=8)
                                               Index Cond: (s_suppkey = partsupp_1.ps_suppkey)
                                   ->  Hash  (cost=1.25..1.25 rows=25 width=8)
                                         ->  Seq Scan on nation nation_1  (cost=0.00..1.25 rows=25 width=8)
(37 rows)

query 2 run 2
SET
SET
SET
                                                                  QUERY PLAN                                                                  
----------------------------------------------------------------------------------------------------------------------------------------------
 Limit  (cost=958374.05..958374.05 rows=1 width=192)
   ->  Sort  (cost=958374.05..958374.05 rows=1 width=192)
         Sort Key: supplier.s_acctbal DESC, nation.n_name, supplier.s_name, part.p_partkey
         ->  Merge Join  (cost=361268.93..958374.04 rows=1 width=192)
               Merge Cond: (part.p_partkey = partsupp.ps_partkey)
               Join Filter: (partsupp.ps_supplycost = (SubPlan 1))
               ->  Index Scan using part_pkey on part  (cost=0.43..89213.35 rows=9353 width=30)
                     Filter: (((p_type)::text ~~ '%NICKEL'::text) AND (p_size = 16))
               ->  Materialize  (cost=361258.96..369259.75 rows=1600158 width=172)
                     ->  Sort  (cost=361258.96..365259.36 rows=1600158 width=172)
                           Sort Key: partsupp.ps_partkey
                           ->  Nested Loop  (cost=0.72..108463.67 rows=1600158 width=172)
                                 ->  Nested Loop  (cost=0.29..1239.19 rows=20000 width=166)
                                       ->  Nested Loop  (cost=0.00..2.62 rows=5 width=30)
                                             Join Filter: (nation.n_regionkey = region.r_regionkey)
                                             ->  Seq Scan on region  (cost=0.00..1.06 rows=1 width=4)
                                                   Filter: (r_name = 'AMERICA'::bpchar)
                                             ->  Seq Scan on nation  (cost=0.00..1.25 rows=25 width=34)
                                       ->  Index Scan using idx_supplier_nation_key on supplier  (cost=0.29..207.31 rows=4000 width=144)
                                             Index Cond: (s_nationkey = nation.n_nationkey)
                                 ->  Index Scan using idx_partsupp_suppkey on partsupp  (cost=0.43..4.56 rows=80 width=14)
                                       Index Cond: (ps_suppkey = supplier.s_suppkey)
               SubPlan 1
                 ->  Aggregate  (cost=66.25..66.26 rows=1 width=32)
                       ->  Nested Loop  (cost=2.29..66.24 rows=4 width=6)
                             Join Filter: (nation_1.n_regionkey = region_1.r_regionkey)
                             ->  Seq Scan on region region_1  (cost=0.00..1.06 rows=1 width=4)
                                   Filter: (r_name = 'AMERICA'::bpchar)
                             ->  Hash Join  (cost=2.29..64.95 rows=18 width=10)
                                   Hash Cond: (supplier_1.s_nationkey = nation_1.n_nationkey)
                                   ->  Nested Loop  (cost=0.72..63.33 rows=18 width=10)
                                         ->  Index Scan using idx_partsupp_partkey on partsupp partsupp_1  (cost=0.43..3.75 rows=18 width=10)
                                               Index Cond: (ps_partkey = part.p_partkey)
                                         ->  Index Scan using supplier_pkey on supplier supplier_1  (cost=0.29..3.31 rows=1 width=8)
                                               Index Cond: (s_suppkey = partsupp_1.ps_suppkey)
                                   ->  Hash  (cost=1.25..1.25 rows=25 width=8)
                                         ->  Seq Scan on nation nation_1  (cost=0.00..1.25 rows=25 width=8)
(37 rows)

query 2 run 3
SET
SET
SET
                                                                  QUERY PLAN                                                                  
----------------------------------------------------------------------------------------------------------------------------------------------
 Limit  (cost=958374.05..958374.05 rows=1 width=192)
   ->  Sort  (cost=958374.05..958374.05 rows=1 width=192)
         Sort Key: supplier.s_acctbal DESC, nation.n_name, supplier.s_name, part.p_partkey
         ->  Merge Join  (cost=361268.93..958374.04 rows=1 width=192)
               Merge Cond: (part.p_partkey = partsupp.ps_partkey)
               Join Filter: (partsupp.ps_supplycost = (SubPlan 1))
               ->  Index Scan using part_pkey on part  (cost=0.43..89213.35 rows=9353 width=30)
                     Filter: (((p_type)::text ~~ '%NICKEL'::text) AND (p_size = 16))
               ->  Materialize  (cost=361258.96..369259.75 rows=1600158 width=172)
                     ->  Sort  (cost=361258.96..365259.36 rows=1600158 width=172)
                           Sort Key: partsupp.ps_partkey
                           ->  Nested Loop  (cost=0.72..108463.67 rows=1600158 width=172)
                                 ->  Nested Loop  (cost=0.29..1239.19 rows=20000 width=166)
                                       ->  Nested Loop  (cost=0.00..2.62 rows=5 width=30)
                                             Join Filter: (nation.n_regionkey = region.r_regionkey)
                                             ->  Seq Scan on region  (cost=0.00..1.06 rows=1 width=4)
                                                   Filter: (r_name = 'AMERICA'::bpchar)
                                             ->  Seq Scan on nation  (cost=0.00..1.25 rows=25 width=34)
                                       ->  Index Scan using idx_supplier_nation_key on supplier  (cost=0.29..207.31 rows=4000 width=144)
                                             Index Cond: (s_nationkey = nation.n_nationkey)
                                 ->  Index Scan using idx_partsupp_suppkey on partsupp  (cost=0.43..4.56 rows=80 width=14)
                                       Index Cond: (ps_suppkey = supplier.s_suppkey)
               SubPlan 1
                 ->  Aggregate  (cost=66.25..66.26 rows=1 width=32)
                       ->  Nested Loop  (cost=2.29..66.24 rows=4 width=6)
                             Join Filter: (nation_1.n_regionkey = region_1.r_regionkey)
                             ->  Seq Scan on region region_1  (cost=0.00..1.06 rows=1 width=4)
                                   Filter: (r_name = 'AMERICA'::bpchar)
                             ->  Hash Join  (cost=2.29..64.95 rows=18 width=10)
                                   Hash Cond: (supplier_1.s_nationkey = nation_1.n_nationkey)
                                   ->  Nested Loop  (cost=0.72..63.33 rows=18 width=10)
                                         ->  Index Scan using idx_partsupp_partkey on partsupp partsupp_1  (cost=0.43..3.75 rows=18 width=10)
                                               Index Cond: (ps_partkey = part.p_partkey)
                                         ->  Index Scan using supplier_pkey on supplier supplier_1  (cost=0.29..3.31 rows=1 width=8)
                                               Index Cond: (s_suppkey = partsupp_1.ps_suppkey)
                                   ->  Hash  (cost=1.25..1.25 rows=25 width=8)
                                         ->  Seq Scan on nation nation_1  (cost=0.00..1.25 rows=25 width=8)
(37 rows)

query 3 run 1
SET
SET
SET
                                                           QUERY PLAN                                                            
---------------------------------------------------------------------------------------------------------------------------------
 Limit  (cost=3183527.14..3183527.17 rows=10 width=44)
   ->  Sort  (cost=3183527.14..3191454.10 rows=3170783 width=44)
         Sort Key: (sum((lineitem.l_extendedprice * ('1'::numeric - lineitem.l_discount)))) DESC, orders.o_orderdate
         ->  HashAggregate  (cost=3038215.26..3115007.66 rows=3170783 width=44)
               Group Key: lineitem.l_orderkey, orders.o_orderdate, orders.o_shippriority
               Planned Partitions: 16
               ->  Hash Join  (cost=518661.31..2871501.44 rows=3170783 width=24)
                     Hash Cond: (lineitem.l_orderkey = orders.o_orderkey)
                     ->  Seq Scan on lineitem  (cost=0.00..1874947.70 rows=32483359 width=16)
                           Filter: (l_shipdate > '1995-03-07'::date)
                     ->  Hash  (cost=493208.71..493208.71 rows=1464208 width=12)
                           ->  Hash Join  (cost=123363.23..493208.71 rows=1464208 width=12)
                                 Hash Cond: (orders.o_custkey = customer.c_custkey)
                                 ->  Bitmap Heap Scan on orders  (cost=64840.65..415842.06 rows=7178673 width=16)
                                       Recheck Cond: (o_orderdate < '1995-03-07'::date)
                                       ->  Bitmap Index Scan on idx_orders_orderdate  (cost=0.00..63045.98 rows=7178673 width=0)
                                             Index Cond: (o_orderdate < '1995-03-07'::date)
                                 ->  Hash  (cost=54698.00..54698.00 rows=305966 width=4)
                                       ->  Seq Scan on customer  (cost=0.00..54698.00 rows=305966 width=4)
                                             Filter: (c_mktsegment = 'BUILDING'::bpchar)
(20 rows)

query 3 run 2
SET
SET
SET
                                                           QUERY PLAN                                                            
---------------------------------------------------------------------------------------------------------------------------------
 Limit  (cost=3183527.14..3183527.17 rows=10 width=44)
   ->  Sort  (cost=3183527.14..3191454.10 rows=3170783 width=44)
         Sort Key: (sum((lineitem.l_extendedprice * ('1'::numeric - lineitem.l_discount)))) DESC, orders.o_orderdate
         ->  HashAggregate  (cost=3038215.26..3115007.66 rows=3170783 width=44)
               Group Key: lineitem.l_orderkey, orders.o_orderdate, orders.o_shippriority
               Planned Partitions: 16
               ->  Hash Join  (cost=518661.31..2871501.44 rows=3170783 width=24)
                     Hash Cond: (lineitem.l_orderkey = orders.o_orderkey)
                     ->  Seq Scan on lineitem  (cost=0.00..1874947.70 rows=32483359 width=16)
                           Filter: (l_shipdate > '1995-03-07'::date)
                     ->  Hash  (cost=493208.71..493208.71 rows=1464208 width=12)
                           ->  Hash Join  (cost=123363.23..493208.71 rows=1464208 width=12)
                                 Hash Cond: (orders.o_custkey = customer.c_custkey)
                                 ->  Bitmap Heap Scan on orders  (cost=64840.65..415842.06 rows=7178673 width=16)
                                       Recheck Cond: (o_orderdate < '1995-03-07'::date)
                                       ->  Bitmap Index Scan on idx_orders_orderdate  (cost=0.00..63045.98 rows=7178673 width=0)
                                             Index Cond: (o_orderdate < '1995-03-07'::date)
                                 ->  Hash  (cost=54698.00..54698.00 rows=305966 width=4)
                                       ->  Seq Scan on customer  (cost=0.00..54698.00 rows=305966 width=4)
                                             Filter: (c_mktsegment = 'BUILDING'::bpchar)
(20 rows)

query 3 run 3
SET
SET
SET
                                                           QUERY PLAN                                                            
---------------------------------------------------------------------------------------------------------------------------------
 Limit  (cost=3183527.14..3183527.17 rows=10 width=44)
   ->  Sort  (cost=3183527.14..3191454.10 rows=3170783 width=44)
         Sort Key: (sum((lineitem.l_extendedprice * ('1'::numeric - lineitem.l_discount)))) DESC, orders.o_orderdate
         ->  HashAggregate  (cost=3038215.26..3115007.66 rows=3170783 width=44)
               Group Key: lineitem.l_orderkey, orders.o_orderdate, orders.o_shippriority
               Planned Partitions: 16
               ->  Hash Join  (cost=518661.31..2871501.44 rows=3170783 width=24)
                     Hash Cond: (lineitem.l_orderkey = orders.o_orderkey)
                     ->  Seq Scan on lineitem  (cost=0.00..1874947.70 rows=32483359 width=16)
                           Filter: (l_shipdate > '1995-03-07'::date)
                     ->  Hash  (cost=493208.71..493208.71 rows=1464208 width=12)
                           ->  Hash Join  (cost=123363.23..493208.71 rows=1464208 width=12)
                                 Hash Cond: (orders.o_custkey = customer.c_custkey)
                                 ->  Bitmap Heap Scan on orders  (cost=64840.65..415842.06 rows=7178673 width=16)
                                       Recheck Cond: (o_orderdate < '1995-03-07'::date)
                                       ->  Bitmap Index Scan on idx_orders_orderdate  (cost=0.00..63045.98 rows=7178673 width=0)
                                             Index Cond: (o_orderdate < '1995-03-07'::date)
                                 ->  Hash  (cost=54698.00..54698.00 rows=305966 width=4)
                                       ->  Seq Scan on customer  (cost=0.00..54698.00 rows=305966 width=4)
                                             Filter: (c_mktsegment = 'BUILDING'::bpchar)
(20 rows)

query 4 run 1
SET
SET
SET
                                                        QUERY PLAN                                                        
--------------------------------------------------------------------------------------------------------------------------
 Limit  (cost=1673287.93..1673287.93 rows=1 width=24)
   ->  Sort  (cost=1673287.93..1673287.94 rows=5 width=24)
         Sort Key: orders.o_orderpriority
         ->  HashAggregate  (cost=1673287.85..1673287.90 rows=5 width=24)
               Group Key: orders.o_orderpriority
               ->  Nested Loop Semi Join  (cost=6386.03..1670520.79 rows=553412 width=16)
                     ->  Bitmap Heap Scan on orders  (cost=6385.47..275956.93 rows=553564 width=20)
                           Recheck Cond: ((o_orderdate >= '1993-12-01'::date) AND (o_orderdate < '1994-03-01'::date))
                           ->  Bitmap Index Scan on idx_orders_orderdate  (cost=0.00..6247.08 rows=553564 width=0)
                                 Index Cond: ((o_orderdate >= '1993-12-01'::date) AND (o_orderdate < '1994-03-01'::date))
                     ->  Index Scan using idx_lineitem_orderkey on lineitem  (cost=0.56..2.83 rows=1 width=4)
                           Index Cond: (l_orderkey = orders.o_orderkey)
                           Filter: (l_commitdate < l_receiptdate)
(13 rows)

query 4 run 2
SET
SET
SET
                                                        QUERY PLAN                                                        
--------------------------------------------------------------------------------------------------------------------------
 Limit  (cost=1673287.93..1673287.93 rows=1 width=24)
   ->  Sort  (cost=1673287.93..1673287.94 rows=5 width=24)
         Sort Key: orders.o_orderpriority
         ->  HashAggregate  (cost=1673287.85..1673287.90 rows=5 width=24)
               Group Key: orders.o_orderpriority
               ->  Nested Loop Semi Join  (cost=6386.03..1670520.79 rows=553412 width=16)
                     ->  Bitmap Heap Scan on orders  (cost=6385.47..275956.93 rows=553564 width=20)
                           Recheck Cond: ((o_orderdate >= '1993-12-01'::date) AND (o_orderdate < '1994-03-01'::date))
                           ->  Bitmap Index Scan on idx_orders_orderdate  (cost=0.00..6247.08 rows=553564 width=0)
                                 Index Cond: ((o_orderdate >= '1993-12-01'::date) AND (o_orderdate < '1994-03-01'::date))
                     ->  Index Scan using idx_lineitem_orderkey on lineitem  (cost=0.56..2.83 rows=1 width=4)
                           Index Cond: (l_orderkey = orders.o_orderkey)
                           Filter: (l_commitdate < l_receiptdate)
(13 rows)

query 4 run 3
SET
SET
SET
                                                        QUERY PLAN                                                        
--------------------------------------------------------------------------------------------------------------------------
 Limit  (cost=1673287.93..1673287.93 rows=1 width=24)
   ->  Sort  (cost=1673287.93..1673287.94 rows=5 width=24)
         Sort Key: orders.o_orderpriority
         ->  HashAggregate  (cost=1673287.85..1673287.90 rows=5 width=24)
               Group Key: orders.o_orderpriority
               ->  Nested Loop Semi Join  (cost=6386.03..1670520.79 rows=553412 width=16)
                     ->  Bitmap Heap Scan on orders  (cost=6385.47..275956.93 rows=553564 width=20)
                           Recheck Cond: ((o_orderdate >= '1993-12-01'::date) AND (o_orderdate < '1994-03-01'::date))
                           ->  Bitmap Index Scan on idx_orders_orderdate  (cost=0.00..6247.08 rows=553564 width=0)
                                 Index Cond: ((o_orderdate >= '1993-12-01'::date) AND (o_orderdate < '1994-03-01'::date))
                     ->  Index Scan using idx_lineitem_orderkey on lineitem  (cost=0.56..2.83 rows=1 width=4)
                           Index Cond: (l_orderkey = orders.o_orderkey)
                           Filter: (l_commitdate < l_receiptdate)
(13 rows)

query 5 run 1
SET
SET
SET
                                                                 QUERY PLAN                                                                 
--------------------------------------------------------------------------------------------------------------------------------------------
 Limit  (cost=1629430.71..1629430.72 rows=1 width=58)
   ->  Sort  (cost=1629430.71..1629430.78 rows=25 width=58)
         Sort Key: (sum((lineitem.l_extendedprice * ('1'::numeric - lineitem.l_discount)))) DESC
         ->  GroupAggregate  (cost=1628536.10..1629430.59 rows=25 width=58)
               Group Key: nation.n_name
               ->  Sort  (cost=1628536.10..1628714.94 rows=71534 width=38)
                     Sort Key: nation.n_name
                     ->  Hash Join  (cost=93935.67..1622768.19 rows=71534 width=38)
                           Hash Cond: ((lineitem.l_suppkey = supplier.s_suppkey) AND (customer.c_nationkey = supplier.s_nationkey))
                           ->  Nested Loop  (cost=89214.67..1608621.60 rows=1795348 width=50)
                                 ->  Hash Join  (cost=89214.10..397061.70 rows=448960 width=38)
                                       Hash Cond: (orders.o_custkey = customer.c_custkey)
                                       ->  Bitmap Heap Scan on orders  (cost=25888.14..320828.14 rows=2244800 width=8)
                                             Recheck Cond: ((o_orderdate >= '1993-01-01'::date) AND (o_orderdate < '1994-01-01'::date))
                                             ->  Bitmap Index Scan on idx_orders_orderdate  (cost=0.00..25326.94 rows=2244800 width=0)
                                                   Index Cond: ((o_orderdate >= '1993-01-01'::date) AND (o_orderdate < '1994-01-01'::date))
                                       ->  Hash  (cost=59575.77..59575.77 rows=300016 width=38)
                                             ->  Hash Join  (cost=2.51..59575.77 rows=300016 width=38)
                                                   Hash Cond: (customer.c_nationkey = nation.n_nationkey)
                                                   ->  Seq Scan on customer  (cost=0.00..50947.80 rows=1500080 width=8)
                                                   ->  Hash  (cost=2.45..2.45 rows=5 width=30)
                                                         ->  Hash Join  (cost=1.07..2.45 rows=5 width=30)
                                                               Hash Cond: (nation.n_regionkey = region.r_regionkey)
                                                               ->  Seq Scan on nation  (cost=0.00..1.25 rows=25 width=34)
                                                               ->  Hash  (cost=1.06..1.06 rows=1 width=4)
                                                                     ->  Seq Scan on region  (cost=0.00..1.06 rows=1 width=4)
                                                                           Filter: (r_name = 'AMERICA'::bpchar)
                                 ->  Index Scan using idx_lineitem_orderkey on lineitem  (cost=0.56..2.66 rows=4 width=20)
                                       Index Cond: (l_orderkey = orders.o_orderkey)
                           ->  Hash  (cost=3221.00..3221.00 rows=100000 width=8)
                                 ->  Seq Scan on supplier  (cost=0.00..3221.00 rows=100000 width=8)
(31 rows)

query 5 run 2
SET
SET
SET
                                                                 QUERY PLAN                                                                 
--------------------------------------------------------------------------------------------------------------------------------------------
 Limit  (cost=1629430.71..1629430.72 rows=1 width=58)
   ->  Sort  (cost=1629430.71..1629430.78 rows=25 width=58)
         Sort Key: (sum((lineitem.l_extendedprice * ('1'::numeric - lineitem.l_discount)))) DESC
         ->  GroupAggregate  (cost=1628536.10..1629430.59 rows=25 width=58)
               Group Key: nation.n_name
               ->  Sort  (cost=1628536.10..1628714.94 rows=71534 width=38)
                     Sort Key: nation.n_name
                     ->  Hash Join  (cost=93935.67..1622768.19 rows=71534 width=38)
                           Hash Cond: ((lineitem.l_suppkey = supplier.s_suppkey) AND (customer.c_nationkey = supplier.s_nationkey))
                           ->  Nested Loop  (cost=89214.67..1608621.60 rows=1795348 width=50)
                                 ->  Hash Join  (cost=89214.10..397061.70 rows=448960 width=38)
                                       Hash Cond: (orders.o_custkey = customer.c_custkey)
                                       ->  Bitmap Heap Scan on orders  (cost=25888.14..320828.14 rows=2244800 width=8)
                                             Recheck Cond: ((o_orderdate >= '1993-01-01'::date) AND (o_orderdate < '1994-01-01'::date))
                                             ->  Bitmap Index Scan on idx_orders_orderdate  (cost=0.00..25326.94 rows=2244800 width=0)
                                                   Index Cond: ((o_orderdate >= '1993-01-01'::date) AND (o_orderdate < '1994-01-01'::date))
                                       ->  Hash  (cost=59575.77..59575.77 rows=300016 width=38)
                                             ->  Hash Join  (cost=2.51..59575.77 rows=300016 width=38)
                                                   Hash Cond: (customer.c_nationkey = nation.n_nationkey)
                                                   ->  Seq Scan on customer  (cost=0.00..50947.80 rows=1500080 width=8)
                                                   ->  Hash  (cost=2.45..2.45 rows=5 width=30)
                                                         ->  Hash Join  (cost=1.07..2.45 rows=5 width=30)
                                                               Hash Cond: (nation.n_regionkey = region.r_regionkey)
                                                               ->  Seq Scan on nation  (cost=0.00..1.25 rows=25 width=34)
                                                               ->  Hash  (cost=1.06..1.06 rows=1 width=4)
                                                                     ->  Seq Scan on region  (cost=0.00..1.06 rows=1 width=4)
                                                                           Filter: (r_name = 'AMERICA'::bpchar)
                                 ->  Index Scan using idx_lineitem_orderkey on lineitem  (cost=0.56..2.66 rows=4 width=20)
                                       Index Cond: (l_orderkey = orders.o_orderkey)
                           ->  Hash  (cost=3221.00..3221.00 rows=100000 width=8)
                                 ->  Seq Scan on supplier  (cost=0.00..3221.00 rows=100000 width=8)
(31 rows)

query 5 run 3
SET
SET
SET
                                                                 QUERY PLAN                                                                 
--------------------------------------------------------------------------------------------------------------------------------------------
 Limit  (cost=1629430.71..1629430.72 rows=1 width=58)
   ->  Sort  (cost=1629430.71..1629430.78 rows=25 width=58)
         Sort Key: (sum((lineitem.l_extendedprice * ('1'::numeric - lineitem.l_discount)))) DESC
         ->  GroupAggregate  (cost=1628536.10..1629430.59 rows=25 width=58)
               Group Key: nation.n_name
               ->  Sort  (cost=1628536.10..1628714.94 rows=71534 width=38)
                     Sort Key: nation.n_name
                     ->  Hash Join  (cost=93935.67..1622768.19 rows=71534 width=38)
                           Hash Cond: ((lineitem.l_suppkey = supplier.s_suppkey) AND (customer.c_nationkey = supplier.s_nationkey))
                           ->  Nested Loop  (cost=89214.67..1608621.60 rows=1795348 width=50)
                                 ->  Hash Join  (cost=89214.10..397061.70 rows=448960 width=38)
                                       Hash Cond: (orders.o_custkey = customer.c_custkey)
                                       ->  Bitmap Heap Scan on orders  (cost=25888.14..320828.14 rows=2244800 width=8)
                                             Recheck Cond: ((o_orderdate >= '1993-01-01'::date) AND (o_orderdate < '1994-01-01'::date))
                                             ->  Bitmap Index Scan on idx_orders_orderdate  (cost=0.00..25326.94 rows=2244800 width=0)
                                                   Index Cond: ((o_orderdate >= '1993-01-01'::date) AND (o_orderdate < '1994-01-01'::date))
                                       ->  Hash  (cost=59575.77..59575.77 rows=300016 width=38)
                                             ->  Hash Join  (cost=2.51..59575.77 rows=300016 width=38)
                                                   Hash Cond: (customer.c_nationkey = nation.n_nationkey)
                                                   ->  Seq Scan on customer  (cost=0.00..50947.80 rows=1500080 width=8)
                                                   ->  Hash  (cost=2.45..2.45 rows=5 width=30)
                                                         ->  Hash Join  (cost=1.07..2.45 rows=5 width=30)
                                                               Hash Cond: (nation.n_regionkey = region.r_regionkey)
                                                               ->  Seq Scan on nation  (cost=0.00..1.25 rows=25 width=34)
                                                               ->  Hash  (cost=1.06..1.06 rows=1 width=4)
                                                                     ->  Seq Scan on region  (cost=0.00..1.06 rows=1 width=4)
                                                                           Filter: (r_name = 'AMERICA'::bpchar)
                                 ->  Index Scan using idx_lineitem_orderkey on lineitem  (cost=0.56..2.66 rows=4 width=20)
                                       Index Cond: (l_orderkey = orders.o_orderkey)
                           ->  Hash  (cost=3221.00..3221.00 rows=100000 width=8)
                                 ->  Seq Scan on supplier  (cost=0.00..3221.00 rows=100000 width=8)
(31 rows)

query 6 run 1
SET
SET
SET
                                                                                                       QUERY PLAN                                                                                                        
-------------------------------------------------------------------------------------------------------------------------------------------------------------------------------------------------------------------------
 Limit  (cost=1490275.08..1490275.09 rows=1 width=32)
   ->  Aggregate  (cost=1490275.08..1490275.09 rows=1 width=32)
         ->  Index Scan using idx_lineitem_shipdate on lineitem  (cost=0.56..1484296.49 rows=1195718 width=12)
               Index Cond: ((l_shipdate >= '1993-01-01'::date) AND (l_shipdate < '1994-01-01 00:00:00'::timestamp without time zone) AND (l_discount >= 0.06) AND (l_discount <= 0.08) AND (l_quantity < '25'::numeric))
(4 rows)

query 6 run 2
SET
SET
SET
                                                                                                       QUERY PLAN                                                                                                        
-------------------------------------------------------------------------------------------------------------------------------------------------------------------------------------------------------------------------
 Limit  (cost=1490275.08..1490275.09 rows=1 width=32)
   ->  Aggregate  (cost=1490275.08..1490275.09 rows=1 width=32)
         ->  Index Scan using idx_lineitem_shipdate on lineitem  (cost=0.56..1484296.49 rows=1195718 width=12)
               Index Cond: ((l_shipdate >= '1993-01-01'::date) AND (l_shipdate < '1994-01-01 00:00:00'::timestamp without time zone) AND (l_discount >= 0.06) AND (l_discount <= 0.08) AND (l_quantity < '25'::numeric))
(4 rows)

query 6 run 3
SET
SET
SET
                                                                                                       QUERY PLAN                                                                                                        
-------------------------------------------------------------------------------------------------------------------------------------------------------------------------------------------------------------------------
 Limit  (cost=1490275.08..1490275.09 rows=1 width=32)
   ->  Aggregate  (cost=1490275.08..1490275.09 rows=1 width=32)
         ->  Index Scan using idx_lineitem_shipdate on lineitem  (cost=0.56..1484296.49 rows=1195718 width=12)
               Index Cond: ((l_shipdate >= '1993-01-01'::date) AND (l_shipdate < '1994-01-01 00:00:00'::timestamp without time zone) AND (l_discount >= 0.06) AND (l_discount <= 0.08) AND (l_quantity < '25'::numeric))
(4 rows)

query 7 run 1
SET
SET
SET
                                                                                 QUERY PLAN                                                                                  
-----------------------------------------------------------------------------------------------------------------------------------------------------------------------------
 Limit  (cost=2717037.75..2717037.87 rows=1 width=116)
   ->  GroupAggregate  (cost=2717037.75..2718241.06 rows=10056 width=116)
         Group Key: n1.n_name, n2.n_name, (EXTRACT(year FROM lineitem.l_shipdate))
         ->  Sort  (cost=2717037.75..2717188.11 rows=60141 width=96)
               Sort Key: n1.n_name, n2.n_name, (EXTRACT(year FROM lineitem.l_shipdate))
               ->  Hash Join  (cost=563409.07..2712263.74 rows=60141 width=96)
                     Hash Cond: (lineitem.l_orderkey = orders.o_orderkey)
                     Join Filter: (((n1.n_name = 'PERU'::bpchar) AND (n2.n_name = 'MOROCCO'::bpchar)) OR ((n1.n_name = 'MOROCCO'::bpchar) AND (n2.n_name = 'PERU'::bpchar)))
                     ->  Hash Join  (cost=3629.40..2110994.25 rows=1445134 width=46)
                           Hash Cond: (lineitem.l_suppkey = supplier.s_suppkey)
                           ->  Seq Scan on lineitem  (cost=0.00..2024908.64 rows=18134631 width=24)
                                 Filter: ((l_shipdate >= '1995-01-01'::date) AND (l_shipdate <= '1996-12-31'::date))
                           ->  Hash  (cost=3529.40..3529.40 rows=8000 width=30)
                                 ->  Hash Join  (cost=1.40..3529.40 rows=8000 width=30)
                                       Hash Cond: (supplier.s_nationkey = n1.n_nationkey)
                                       ->  Seq Scan on supplier  (cost=0.00..3221.00 rows=100000 width=8)
                                       ->  Hash  (cost=1.38..1.38 rows=2 width=30)
                                             ->  Seq Scan on nation n1  (cost=0.00..1.38 rows=2 width=30)
                                                   Filter: ((n_name = 'PERU'::bpchar) OR (n_name = 'MOROCCO'::bpchar))
                     ->  Hash  (cost=536575.47..536575.47 rows=1200016 width=30)
                           ->  Hash Join  (cost=57054.52..536575.47 rows=1200016 width=30)
                                 Hash Cond: (orders.o_custkey = customer.c_custkey)
                                 ->  Seq Scan on orders  (cost=0.00..411270.06 rows=15000206 width=8)
                                 ->  Hash  (cost=55554.44..55554.44 rows=120006 width=30)
                                       ->  Hash Join  (cost=1.40..55554.44 rows=120006 width=30)
                                             Hash Cond: (customer.c_nationkey = n2.n_nationkey)
                                             ->  Seq Scan on customer  (cost=0.00..50947.80 rows=1500080 width=8)
                                             ->  Hash  (cost=1.38..1.38 rows=2 width=30)
                                                   ->  Seq Scan on nation n2  (cost=0.00..1.38 rows=2 width=30)
                                                         Filter: ((n_name = 'MOROCCO'::bpchar) OR (n_name = 'PERU'::bpchar))
(30 rows)

query 7 run 2
SET
SET
SET
                                                                                 QUERY PLAN                                                                                  
-----------------------------------------------------------------------------------------------------------------------------------------------------------------------------
 Limit  (cost=2717037.75..2717037.87 rows=1 width=116)
   ->  GroupAggregate  (cost=2717037.75..2718241.06 rows=10056 width=116)
         Group Key: n1.n_name, n2.n_name, (EXTRACT(year FROM lineitem.l_shipdate))
         ->  Sort  (cost=2717037.75..2717188.11 rows=60141 width=96)
               Sort Key: n1.n_name, n2.n_name, (EXTRACT(year FROM lineitem.l_shipdate))
               ->  Hash Join  (cost=563409.07..2712263.74 rows=60141 width=96)
                     Hash Cond: (lineitem.l_orderkey = orders.o_orderkey)
                     Join Filter: (((n1.n_name = 'PERU'::bpchar) AND (n2.n_name = 'MOROCCO'::bpchar)) OR ((n1.n_name = 'MOROCCO'::bpchar) AND (n2.n_name = 'PERU'::bpchar)))
                     ->  Hash Join  (cost=3629.40..2110994.25 rows=1445134 width=46)
                           Hash Cond: (lineitem.l_suppkey = supplier.s_suppkey)
                           ->  Seq Scan on lineitem  (cost=0.00..2024908.64 rows=18134631 width=24)
                                 Filter: ((l_shipdate >= '1995-01-01'::date) AND (l_shipdate <= '1996-12-31'::date))
                           ->  Hash  (cost=3529.40..3529.40 rows=8000 width=30)
                                 ->  Hash Join  (cost=1.40..3529.40 rows=8000 width=30)
                                       Hash Cond: (supplier.s_nationkey = n1.n_nationkey)
                                       ->  Seq Scan on supplier  (cost=0.00..3221.00 rows=100000 width=8)
                                       ->  Hash  (cost=1.38..1.38 rows=2 width=30)
                                             ->  Seq Scan on nation n1  (cost=0.00..1.38 rows=2 width=30)
                                                   Filter: ((n_name = 'PERU'::bpchar) OR (n_name = 'MOROCCO'::bpchar))
                     ->  Hash  (cost=536575.47..536575.47 rows=1200016 width=30)
                           ->  Hash Join  (cost=57054.52..536575.47 rows=1200016 width=30)
                                 Hash Cond: (orders.o_custkey = customer.c_custkey)
                                 ->  Seq Scan on orders  (cost=0.00..411270.06 rows=15000206 width=8)
                                 ->  Hash  (cost=55554.44..55554.44 rows=120006 width=30)
                                       ->  Hash Join  (cost=1.40..55554.44 rows=120006 width=30)
                                             Hash Cond: (customer.c_nationkey = n2.n_nationkey)
                                             ->  Seq Scan on customer  (cost=0.00..50947.80 rows=1500080 width=8)
                                             ->  Hash  (cost=1.38..1.38 rows=2 width=30)
                                                   ->  Seq Scan on nation n2  (cost=0.00..1.38 rows=2 width=30)
                                                         Filter: ((n_name = 'MOROCCO'::bpchar) OR (n_name = 'PERU'::bpchar))
(30 rows)

query 7 run 3
SET
SET
SET
                                                                                 QUERY PLAN                                                                                  
-----------------------------------------------------------------------------------------------------------------------------------------------------------------------------
 Limit  (cost=2717037.75..2717037.87 rows=1 width=116)
   ->  GroupAggregate  (cost=2717037.75..2718241.06 rows=10056 width=116)
         Group Key: n1.n_name, n2.n_name, (EXTRACT(year FROM lineitem.l_shipdate))
         ->  Sort  (cost=2717037.75..2717188.11 rows=60141 width=96)
               Sort Key: n1.n_name, n2.n_name, (EXTRACT(year FROM lineitem.l_shipdate))
               ->  Hash Join  (cost=563409.07..2712263.74 rows=60141 width=96)
                     Hash Cond: (lineitem.l_orderkey = orders.o_orderkey)
                     Join Filter: (((n1.n_name = 'PERU'::bpchar) AND (n2.n_name = 'MOROCCO'::bpchar)) OR ((n1.n_name = 'MOROCCO'::bpchar) AND (n2.n_name = 'PERU'::bpchar)))
                     ->  Hash Join  (cost=3629.40..2110994.25 rows=1445134 width=46)
                           Hash Cond: (lineitem.l_suppkey = supplier.s_suppkey)
                           ->  Seq Scan on lineitem  (cost=0.00..2024908.64 rows=18134631 width=24)
                                 Filter: ((l_shipdate >= '1995-01-01'::date) AND (l_shipdate <= '1996-12-31'::date))
                           ->  Hash  (cost=3529.40..3529.40 rows=8000 width=30)
                                 ->  Hash Join  (cost=1.40..3529.40 rows=8000 width=30)
                                       Hash Cond: (supplier.s_nationkey = n1.n_nationkey)
                                       ->  Seq Scan on supplier  (cost=0.00..3221.00 rows=100000 width=8)
                                       ->  Hash  (cost=1.38..1.38 rows=2 width=30)
                                             ->  Seq Scan on nation n1  (cost=0.00..1.38 rows=2 width=30)
                                                   Filter: ((n_name = 'PERU'::bpchar) OR (n_name = 'MOROCCO'::bpchar))
                     ->  Hash  (cost=536575.47..536575.47 rows=1200016 width=30)
                           ->  Hash Join  (cost=57054.52..536575.47 rows=1200016 width=30)
                                 Hash Cond: (orders.o_custkey = customer.c_custkey)
                                 ->  Seq Scan on orders  (cost=0.00..411270.06 rows=15000206 width=8)
                                 ->  Hash  (cost=55554.44..55554.44 rows=120006 width=30)
                                       ->  Hash Join  (cost=1.40..55554.44 rows=120006 width=30)
                                             Hash Cond: (customer.c_nationkey = n2.n_nationkey)
                                             ->  Seq Scan on customer  (cost=0.00..50947.80 rows=1500080 width=8)
                                             ->  Hash  (cost=1.38..1.38 rows=2 width=30)
                                                   ->  Seq Scan on nation n2  (cost=0.00..1.38 rows=2 width=30)
                                                         Filter: ((n_name = 'MOROCCO'::bpchar) OR (n_name = 'PERU'::bpchar))
(30 rows)

query 8 run 1
SET
SET
SET
                                                                   QUERY PLAN                                                                   
------------------------------------------------------------------------------------------------------------------------------------------------
 Limit  (cost=1069695.56..1069695.80 rows=1 width=64)
   ->  GroupAggregate  (cost=1069695.56..1070274.23 rows=2406 width=64)
         Group Key: (EXTRACT(year FROM orders.o_orderdate))
         ->  Sort  (cost=1069695.56..1069754.51 rows=23580 width=70)
               Sort Key: (EXTRACT(year FROM orders.o_orderdate))
               ->  Nested Loop  (cost=718480.06..1067983.03 rows=23580 width=70)
                     ->  Hash Join  (cost=718479.91..1067324.82 rows=23580 width=20)
                           Hash Cond: (lineitem.l_suppkey = supplier.s_suppkey)
                           ->  Hash Join  (cost=714008.91..1062791.69 rows=23671 width=20)
                                 Hash Cond: (orders.o_custkey = customer.c_custkey)
                                 ->  Hash Join  (cost=650682.94..998785.17 rows=118357 width=24)
                                       Hash Cond: (orders.o_orderkey = lineitem.l_orderkey)
                                       ->  Bitmap Heap Scan on orders  (cost=52681.79..382470.32 rows=4568035 width=12)
                                             Recheck Cond: ((o_orderdate >= '1995-01-01'::date) AND (o_orderdate <= '1996-12-31'::date))
                                             ->  Bitmap Index Scan on idx_orders_orderdate  (cost=0.00..51539.78 rows=4568035 width=0)
                                                   Index Cond: ((o_orderdate >= '1995-01-01'::date) AND (o_orderdate <= '1996-12-31'::date))
                                       ->  Hash  (cost=593142.97..593142.97 rows=388654 width=20)
                                             ->  Nested Loop  (cost=0.44..593142.97 rows=388654 width=20)
                                                   ->  Seq Scan on part  (cost=0.00..65981.57 rows=13256 width=4)
                                                         Filter: ((p_type)::text = 'LARGE POLISHED BRASS'::text)
                                                   ->  Index Scan using idx_lineitem_part_supp on lineitem  (cost=0.44..39.48 rows=29 width=24)
                                                         Index Cond: (l_partkey = part.p_partkey)
                                 ->  Hash  (cost=59575.77..59575.77 rows=300016 width=4)
                                       ->  Hash Join  (cost=2.51..59575.77 rows=300016 width=4)
                                             Hash Cond: (customer.c_nationkey = n1.n_nationkey)
                                             ->  Seq Scan on customer  (cost=0.00..50947.80 rows=1500080 width=8)
                                             ->  Hash  (cost=2.45..2.45 rows=5 width=4)
                                                   ->  Hash Join  (cost=1.07..2.45 rows=5 width=4)
                                                         Hash Cond: (n1.n_regionkey = region.r_regionkey)
                                                         ->  Seq Scan on nation n1  (cost=0.00..1.25 rows=25 width=8)
                                                         ->  Hash  (cost=1.06..1.06 rows=1 width=4)
                                                               ->  Seq Scan on region  (cost=0.00..1.06 rows=1 width=4)
                                                                     Filter: (r_name = 'AMERICA'::bpchar)
                           ->  Hash  (cost=3221.00..3221.00 rows=100000 width=8)
                                 ->  Seq Scan on supplier  (cost=0.00..3221.00 rows=100000 width=8)
                     ->  Memoize  (cost=0.15..0.92 rows=1 width=30)
                           Cache Key: supplier.s_nationkey
                           Cache Mode: logical
                           ->  Index Scan using nation_pkey on nation n2  (cost=0.14..0.91 rows=1 width=30)
                                 Index Cond: (n_nationkey = supplier.s_nationkey)
(40 rows)

query 8 run 2
SET
SET
SET
                                                                   QUERY PLAN                                                                   
------------------------------------------------------------------------------------------------------------------------------------------------
 Limit  (cost=1069695.56..1069695.80 rows=1 width=64)
   ->  GroupAggregate  (cost=1069695.56..1070274.23 rows=2406 width=64)
         Group Key: (EXTRACT(year FROM orders.o_orderdate))
         ->  Sort  (cost=1069695.56..1069754.51 rows=23580 width=70)
               Sort Key: (EXTRACT(year FROM orders.o_orderdate))
               ->  Nested Loop  (cost=718480.06..1067983.03 rows=23580 width=70)
                     ->  Hash Join  (cost=718479.91..1067324.82 rows=23580 width=20)
                           Hash Cond: (lineitem.l_suppkey = supplier.s_suppkey)
                           ->  Hash Join  (cost=714008.91..1062791.69 rows=23671 width=20)
                                 Hash Cond: (orders.o_custkey = customer.c_custkey)
                                 ->  Hash Join  (cost=650682.94..998785.17 rows=118357 width=24)
                                       Hash Cond: (orders.o_orderkey = lineitem.l_orderkey)
                                       ->  Bitmap Heap Scan on orders  (cost=52681.79..382470.32 rows=4568035 width=12)
                                             Recheck Cond: ((o_orderdate >= '1995-01-01'::date) AND (o_orderdate <= '1996-12-31'::date))
                                             ->  Bitmap Index Scan on idx_orders_orderdate  (cost=0.00..51539.78 rows=4568035 width=0)
                                                   Index Cond: ((o_orderdate >= '1995-01-01'::date) AND (o_orderdate <= '1996-12-31'::date))
                                       ->  Hash  (cost=593142.97..593142.97 rows=388654 width=20)
                                             ->  Nested Loop  (cost=0.44..593142.97 rows=388654 width=20)
                                                   ->  Seq Scan on part  (cost=0.00..65981.57 rows=13256 width=4)
                                                         Filter: ((p_type)::text = 'LARGE POLISHED BRASS'::text)
                                                   ->  Index Scan using idx_lineitem_part_supp on lineitem  (cost=0.44..39.48 rows=29 width=24)
                                                         Index Cond: (l_partkey = part.p_partkey)
                                 ->  Hash  (cost=59575.77..59575.77 rows=300016 width=4)
                                       ->  Hash Join  (cost=2.51..59575.77 rows=300016 width=4)
                                             Hash Cond: (customer.c_nationkey = n1.n_nationkey)
                                             ->  Seq Scan on customer  (cost=0.00..50947.80 rows=1500080 width=8)
                                             ->  Hash  (cost=2.45..2.45 rows=5 width=4)
                                                   ->  Hash Join  (cost=1.07..2.45 rows=5 width=4)
                                                         Hash Cond: (n1.n_regionkey = region.r_regionkey)
                                                         ->  Seq Scan on nation n1  (cost=0.00..1.25 rows=25 width=8)
                                                         ->  Hash  (cost=1.06..1.06 rows=1 width=4)
                                                               ->  Seq Scan on region  (cost=0.00..1.06 rows=1 width=4)
                                                                     Filter: (r_name = 'AMERICA'::bpchar)
                           ->  Hash  (cost=3221.00..3221.00 rows=100000 width=8)
                                 ->  Seq Scan on supplier  (cost=0.00..3221.00 rows=100000 width=8)
                     ->  Memoize  (cost=0.15..0.92 rows=1 width=30)
                           Cache Key: supplier.s_nationkey
                           Cache Mode: logical
                           ->  Index Scan using nation_pkey on nation n2  (cost=0.14..0.91 rows=1 width=30)
                                 Index Cond: (n_nationkey = supplier.s_nationkey)
(40 rows)

query 8 run 3
SET
SET
SET
                                                                   QUERY PLAN                                                                   
------------------------------------------------------------------------------------------------------------------------------------------------
 Limit  (cost=1069695.56..1069695.80 rows=1 width=64)
   ->  GroupAggregate  (cost=1069695.56..1070274.23 rows=2406 width=64)
         Group Key: (EXTRACT(year FROM orders.o_orderdate))
         ->  Sort  (cost=1069695.56..1069754.51 rows=23580 width=70)
               Sort Key: (EXTRACT(year FROM orders.o_orderdate))
               ->  Nested Loop  (cost=718480.06..1067983.03 rows=23580 width=70)
                     ->  Hash Join  (cost=718479.91..1067324.82 rows=23580 width=20)
                           Hash Cond: (lineitem.l_suppkey = supplier.s_suppkey)
                           ->  Hash Join  (cost=714008.91..1062791.69 rows=23671 width=20)
                                 Hash Cond: (orders.o_custkey = customer.c_custkey)
                                 ->  Hash Join  (cost=650682.94..998785.17 rows=118357 width=24)
                                       Hash Cond: (orders.o_orderkey = lineitem.l_orderkey)
                                       ->  Bitmap Heap Scan on orders  (cost=52681.79..382470.32 rows=4568035 width=12)
                                             Recheck Cond: ((o_orderdate >= '1995-01-01'::date) AND (o_orderdate <= '1996-12-31'::date))
                                             ->  Bitmap Index Scan on idx_orders_orderdate  (cost=0.00..51539.78 rows=4568035 width=0)
                                                   Index Cond: ((o_orderdate >= '1995-01-01'::date) AND (o_orderdate <= '1996-12-31'::date))
                                       ->  Hash  (cost=593142.97..593142.97 rows=388654 width=20)
                                             ->  Nested Loop  (cost=0.44..593142.97 rows=388654 width=20)
                                                   ->  Seq Scan on part  (cost=0.00..65981.57 rows=13256 width=4)
                                                         Filter: ((p_type)::text = 'LARGE POLISHED BRASS'::text)
                                                   ->  Index Scan using idx_lineitem_part_supp on lineitem  (cost=0.44..39.48 rows=29 width=24)
                                                         Index Cond: (l_partkey = part.p_partkey)
                                 ->  Hash  (cost=59575.77..59575.77 rows=300016 width=4)
                                       ->  Hash Join  (cost=2.51..59575.77 rows=300016 width=4)
                                             Hash Cond: (customer.c_nationkey = n1.n_nationkey)
                                             ->  Seq Scan on customer  (cost=0.00..50947.80 rows=1500080 width=8)
                                             ->  Hash  (cost=2.45..2.45 rows=5 width=4)
                                                   ->  Hash Join  (cost=1.07..2.45 rows=5 width=4)
                                                         Hash Cond: (n1.n_regionkey = region.r_regionkey)
                                                         ->  Seq Scan on nation n1  (cost=0.00..1.25 rows=25 width=8)
                                                         ->  Hash  (cost=1.06..1.06 rows=1 width=4)
                                                               ->  Seq Scan on region  (cost=0.00..1.06 rows=1 width=4)
                                                                     Filter: (r_name = 'AMERICA'::bpchar)
                           ->  Hash  (cost=3221.00..3221.00 rows=100000 width=8)
                                 ->  Seq Scan on supplier  (cost=0.00..3221.00 rows=100000 width=8)
                     ->  Memoize  (cost=0.15..0.92 rows=1 width=30)
                           Cache Key: supplier.s_nationkey
                           Cache Mode: logical
                           ->  Index Scan using nation_pkey on nation n2  (cost=0.14..0.91 rows=1 width=30)
                                 Index Cond: (n_nationkey = supplier.s_nationkey)
(40 rows)

query 9 run 1
SET
SET
SET
                                                            QUERY PLAN                                                             
-----------------------------------------------------------------------------------------------------------------------------------
 Limit  (cost=1785285.12..1785285.15 rows=1 width=90)
   ->  GroupAggregate  (cost=1785285.12..1785290.79 rows=162 width=90)
         Group Key: nation.n_name, (EXTRACT(year FROM orders.o_orderdate))
         ->  Sort  (cost=1785285.12..1785285.52 rows=162 width=81)
               Sort Key: nation.n_name, (EXTRACT(year FROM orders.o_orderdate)) DESC
               ->  Nested Loop  (cost=67750.45..1785279.17 rows=162 width=81)
                     Join Filter: (supplier.s_nationkey = nation.n_nationkey)
                     ->  Nested Loop  (cost=67750.45..1785218.78 rows=162 width=31)
                           ->  Nested Loop  (cost=67750.02..1784814.21 rows=162 width=31)
                                 ->  Nested Loop  (cost=67749.73..1784437.54 rows=162 width=35)
                                       ->  Hash Join  (cost=67749.29..343981.28 rows=565711 width=18)
                                             Hash Cond: (partsupp.ps_partkey = part.p_partkey)
                                             ->  Seq Scan on partsupp  (cost=0.00..255229.88 rows=8000788 width=14)
                                             ->  Hash  (cost=65981.57..65981.57 rows=141417 width=4)
                                                   ->  Seq Scan on part  (cost=0.00..65981.57 rows=141417 width=4)
                                                         Filter: ((p_name)::text ~~ '%navy%'::text)
                                       ->  Index Scan using idx_lineitem_part_supp on lineitem  (cost=0.44..2.54 rows=1 width=29)
                                             Index Cond: ((l_partkey = partsupp.ps_partkey) AND (l_suppkey = partsupp.ps_suppkey))
                                 ->  Index Scan using supplier_pkey on supplier  (cost=0.29..2.33 rows=1 width=8)
                                       Index Cond: (s_suppkey = lineitem.l_suppkey)
                           ->  Index Scan using orders_pkey on orders  (cost=0.43..2.50 rows=1 width=8)
                                 Index Cond: (o_orderkey = lineitem.l_orderkey)
                     ->  Materialize  (cost=0.00..1.38 rows=25 width=30)
                           ->  Seq Scan on nation  (cost=0.00..1.25 rows=25 width=30)
(24 rows)

query 9 run 2
SET
SET
SET
                                                            QUERY PLAN                                                             
-----------------------------------------------------------------------------------------------------------------------------------
 Limit  (cost=1785285.12..1785285.15 rows=1 width=90)
   ->  GroupAggregate  (cost=1785285.12..1785290.79 rows=162 width=90)
         Group Key: nation.n_name, (EXTRACT(year FROM orders.o_orderdate))
         ->  Sort  (cost=1785285.12..1785285.52 rows=162 width=81)
               Sort Key: nation.n_name, (EXTRACT(year FROM orders.o_orderdate)) DESC
               ->  Nested Loop  (cost=67750.45..1785279.17 rows=162 width=81)
                     Join Filter: (supplier.s_nationkey = nation.n_nationkey)
                     ->  Nested Loop  (cost=67750.45..1785218.78 rows=162 width=31)
                           ->  Nested Loop  (cost=67750.02..1784814.21 rows=162 width=31)
                                 ->  Nested Loop  (cost=67749.73..1784437.54 rows=162 width=35)
                                       ->  Hash Join  (cost=67749.29..343981.28 rows=565711 width=18)
                                             Hash Cond: (partsupp.ps_partkey = part.p_partkey)
                                             ->  Seq Scan on partsupp  (cost=0.00..255229.88 rows=8000788 width=14)
                                             ->  Hash  (cost=65981.57..65981.57 rows=141417 width=4)
                                                   ->  Seq Scan on part  (cost=0.00..65981.57 rows=141417 width=4)
                                                         Filter: ((p_name)::text ~~ '%navy%'::text)
                                       ->  Index Scan using idx_lineitem_part_supp on lineitem  (cost=0.44..2.54 rows=1 width=29)
                                             Index Cond: ((l_partkey = partsupp.ps_partkey) AND (l_suppkey = partsupp.ps_suppkey))
                                 ->  Index Scan using supplier_pkey on supplier  (cost=0.29..2.33 rows=1 width=8)
                                       Index Cond: (s_suppkey = lineitem.l_suppkey)
                           ->  Index Scan using orders_pkey on orders  (cost=0.43..2.50 rows=1 width=8)
                                 Index Cond: (o_orderkey = lineitem.l_orderkey)
                     ->  Materialize  (cost=0.00..1.38 rows=25 width=30)
                           ->  Seq Scan on nation  (cost=0.00..1.25 rows=25 width=30)
(24 rows)

query 9 run 3
SET
SET
SET
                                                            QUERY PLAN                                                             
-----------------------------------------------------------------------------------------------------------------------------------
 Limit  (cost=1785285.12..1785285.15 rows=1 width=90)
   ->  GroupAggregate  (cost=1785285.12..1785290.79 rows=162 width=90)
         Group Key: nation.n_name, (EXTRACT(year FROM orders.o_orderdate))
         ->  Sort  (cost=1785285.12..1785285.52 rows=162 width=81)
               Sort Key: nation.n_name, (EXTRACT(year FROM orders.o_orderdate)) DESC
               ->  Nested Loop  (cost=67750.45..1785279.17 rows=162 width=81)
                     Join Filter: (supplier.s_nationkey = nation.n_nationkey)
                     ->  Nested Loop  (cost=67750.45..1785218.78 rows=162 width=31)
                           ->  Nested Loop  (cost=67750.02..1784814.21 rows=162 width=31)
                                 ->  Nested Loop  (cost=67749.73..1784437.54 rows=162 width=35)
                                       ->  Hash Join  (cost=67749.29..343981.28 rows=565711 width=18)
                                             Hash Cond: (partsupp.ps_partkey = part.p_partkey)
                                             ->  Seq Scan on partsupp  (cost=0.00..255229.88 rows=8000788 width=14)
                                             ->  Hash  (cost=65981.57..65981.57 rows=141417 width=4)
                                                   ->  Seq Scan on part  (cost=0.00..65981.57 rows=141417 width=4)
                                                         Filter: ((p_name)::text ~~ '%navy%'::text)
                                       ->  Index Scan using idx_lineitem_part_supp on lineitem  (cost=0.44..2.54 rows=1 width=29)
                                             Index Cond: ((l_partkey = partsupp.ps_partkey) AND (l_suppkey = partsupp.ps_suppkey))
                                 ->  Index Scan using supplier_pkey on supplier  (cost=0.29..2.33 rows=1 width=8)
                                       Index Cond: (s_suppkey = lineitem.l_suppkey)
                           ->  Index Scan using orders_pkey on orders  (cost=0.43..2.50 rows=1 width=8)
                                 Index Cond: (o_orderkey = lineitem.l_orderkey)
                     ->  Materialize  (cost=0.00..1.38 rows=25 width=30)
                           ->  Seq Scan on nation  (cost=0.00..1.25 rows=25 width=30)
(24 rows)

query 10 run 1
SET
SET
SET
                                                                    QUERY PLAN                                                                    
--------------------------------------------------------------------------------------------------------------------------------------------------
 Limit  (cost=2128350.32..2128350.37 rows=20 width=202)
   ->  Sort  (cost=2128350.32..2129773.68 rows=569344 width=202)
         Sort Key: (sum((lineitem.l_extendedprice * ('1'::numeric - lineitem.l_discount)))) DESC
         ->  GroupAggregate  (cost=332156.24..2113200.28 rows=569344 width=202)
               Group Key: customer.c_custkey, nation.n_name
               ->  Incremental Sort  (cost=332156.24..2098966.68 rows=569344 width=182)
                     Sort Key: customer.c_custkey, nation.n_name
                     Presorted Key: customer.c_custkey
                     ->  Nested Loop  (cost=332153.17..2073346.20 rows=569344 width=182)
                           ->  Nested Loop  (cost=332153.02..2059405.11 rows=569344 width=160)
                                 ->  Merge Join  (cost=332152.46..409215.40 rows=579782 width=152)
                                       Merge Cond: (customer.c_custkey = orders.o_custkey)
                                       ->  Index Scan using customer_pkey on customer  (cost=0.43..64623.13 rows=1500080 width=148)
                                       ->  Sort  (cost=332152.00..333601.46 rows=579782 width=8)
                                             Sort Key: orders.o_custkey
                                             ->  Bitmap Heap Scan on orders  (cost=6687.20..276651.93 rows=579782 width=8)
                                                   Recheck Cond: ((o_orderdate >= '1994-08-01'::date) AND (o_orderdate < '1994-11-01'::date))
                                                   ->  Bitmap Index Scan on idx_orders_orderdate  (cost=0.00..6542.26 rows=579782 width=0)
                                                         Index Cond: ((o_orderdate >= '1994-08-01'::date) AND (o_orderdate < '1994-11-01'::date))
                                 ->  Index Scan using idx_lineitem_orderkey on lineitem  (cost=0.56..2.84 rows=1 width=16)
                                       Index Cond: (l_orderkey = orders.o_orderkey)
                                       Filter: (l_returnflag = 'R'::bpchar)
                           ->  Memoize  (cost=0.15..0.92 rows=1 width=30)
                                 Cache Key: customer.c_nationkey
                                 Cache Mode: logical
                                 ->  Index Scan using nation_pkey on nation  (cost=0.14..0.91 rows=1 width=30)
                                       Index Cond: (n_nationkey = customer.c_nationkey)
(27 rows)

query 10 run 2
SET
SET
SET
                                                                    QUERY PLAN                                                                    
--------------------------------------------------------------------------------------------------------------------------------------------------
 Limit  (cost=2128350.32..2128350.37 rows=20 width=202)
   ->  Sort  (cost=2128350.32..2129773.68 rows=569344 width=202)
         Sort Key: (sum((lineitem.l_extendedprice * ('1'::numeric - lineitem.l_discount)))) DESC
         ->  GroupAggregate  (cost=332156.24..2113200.28 rows=569344 width=202)
               Group Key: customer.c_custkey, nation.n_name
               ->  Incremental Sort  (cost=332156.24..2098966.68 rows=569344 width=182)
                     Sort Key: customer.c_custkey, nation.n_name
                     Presorted Key: customer.c_custkey
                     ->  Nested Loop  (cost=332153.17..2073346.20 rows=569344 width=182)
                           ->  Nested Loop  (cost=332153.02..2059405.11 rows=569344 width=160)
                                 ->  Merge Join  (cost=332152.46..409215.40 rows=579782 width=152)
                                       Merge Cond: (customer.c_custkey = orders.o_custkey)
                                       ->  Index Scan using customer_pkey on customer  (cost=0.43..64623.13 rows=1500080 width=148)
                                       ->  Sort  (cost=332152.00..333601.46 rows=579782 width=8)
                                             Sort Key: orders.o_custkey
                                             ->  Bitmap Heap Scan on orders  (cost=6687.20..276651.93 rows=579782 width=8)
                                                   Recheck Cond: ((o_orderdate >= '1994-08-01'::date) AND (o_orderdate < '1994-11-01'::date))
                                                   ->  Bitmap Index Scan on idx_orders_orderdate  (cost=0.00..6542.26 rows=579782 width=0)
                                                         Index Cond: ((o_orderdate >= '1994-08-01'::date) AND (o_orderdate < '1994-11-01'::date))
                                 ->  Index Scan using idx_lineitem_orderkey on lineitem  (cost=0.56..2.84 rows=1 width=16)
                                       Index Cond: (l_orderkey = orders.o_orderkey)
                                       Filter: (l_returnflag = 'R'::bpchar)
                           ->  Memoize  (cost=0.15..0.92 rows=1 width=30)
                                 Cache Key: customer.c_nationkey
                                 Cache Mode: logical
                                 ->  Index Scan using nation_pkey on nation  (cost=0.14..0.91 rows=1 width=30)
                                       Index Cond: (n_nationkey = customer.c_nationkey)
(27 rows)

query 10 run 3
SET
SET
SET
                                                                    QUERY PLAN                                                                    
--------------------------------------------------------------------------------------------------------------------------------------------------
 Limit  (cost=2128350.32..2128350.37 rows=20 width=202)
   ->  Sort  (cost=2128350.32..2129773.68 rows=569344 width=202)
         Sort Key: (sum((lineitem.l_extendedprice * ('1'::numeric - lineitem.l_discount)))) DESC
         ->  GroupAggregate  (cost=332156.24..2113200.28 rows=569344 width=202)
               Group Key: customer.c_custkey, nation.n_name
               ->  Incremental Sort  (cost=332156.24..2098966.68 rows=569344 width=182)
                     Sort Key: customer.c_custkey, nation.n_name
                     Presorted Key: customer.c_custkey
                     ->  Nested Loop  (cost=332153.17..2073346.20 rows=569344 width=182)
                           ->  Nested Loop  (cost=332153.02..2059405.11 rows=569344 width=160)
                                 ->  Merge Join  (cost=332152.46..409215.40 rows=579782 width=152)
                                       Merge Cond: (customer.c_custkey = orders.o_custkey)
                                       ->  Index Scan using customer_pkey on customer  (cost=0.43..64623.13 rows=1500080 width=148)
                                       ->  Sort  (cost=332152.00..333601.46 rows=579782 width=8)
                                             Sort Key: orders.o_custkey
                                             ->  Bitmap Heap Scan on orders  (cost=6687.20..276651.93 rows=579782 width=8)
                                                   Recheck Cond: ((o_orderdate >= '1994-08-01'::date) AND (o_orderdate < '1994-11-01'::date))
                                                   ->  Bitmap Index Scan on idx_orders_orderdate  (cost=0.00..6542.26 rows=579782 width=0)
                                                         Index Cond: ((o_orderdate >= '1994-08-01'::date) AND (o_orderdate < '1994-11-01'::date))
                                 ->  Index Scan using idx_lineitem_orderkey on lineitem  (cost=0.56..2.84 rows=1 width=16)
                                       Index Cond: (l_orderkey = orders.o_orderkey)
                                       Filter: (l_returnflag = 'R'::bpchar)
                           ->  Memoize  (cost=0.15..0.92 rows=1 width=30)
                                 Cache Key: customer.c_nationkey
                                 Cache Mode: logical
                                 ->  Index Scan using nation_pkey on nation  (cost=0.14..0.91 rows=1 width=30)
                                       Index Cond: (n_nationkey = customer.c_nationkey)
(27 rows)

query 11 run 1
SET
SET
SET
                                                       QUERY PLAN                                                       
------------------------------------------------------------------------------------------------------------------------
 Limit  (cost=72561.07..72561.07 rows=1 width=36)
   InitPlan 1
     ->  Aggregate  (cost=26106.60..26106.61 rows=1 width=32)
           ->  Nested Loop  (cost=37.72..23706.35 rows=320032 width=10)
                 ->  Nested Loop  (cost=37.29..2261.46 rows=4000 width=4)
                       ->  Seq Scan on nation nation_1  (cost=0.00..1.31 rows=1 width=4)
                             Filter: (n_name = 'SAUDI ARABIA'::bpchar)
                       ->  Bitmap Heap Scan on supplier supplier_1  (cost=37.29..2220.15 rows=4000 width=8)
                             Recheck Cond: (s_nationkey = nation_1.n_nationkey)
                             ->  Bitmap Index Scan on idx_supplier_nation_key  (cost=0.00..36.29 rows=4000 width=0)
                                   Index Cond: (s_nationkey = nation_1.n_nationkey)
                 ->  Index Scan using idx_partsupp_suppkey on partsupp partsupp_1  (cost=0.43..4.56 rows=80 width=14)
                       Index Cond: (ps_suppkey = supplier_1.s_suppkey)
   ->  Sort  (cost=46454.46..46721.15 rows=106677 width=36)
         Sort Key: (sum((partsupp.ps_supplycost * (partsupp.ps_availqty)::numeric))) DESC
         ->  HashAggregate  (cost=37995.28..45921.08 rows=106677 width=36)
               Group Key: partsupp.ps_partkey
               Filter: (sum((partsupp.ps_supplycost * (partsupp.ps_availqty)::numeric)) > (InitPlan 1).col1)
               Planned Partitions: 4
               ->  Nested Loop  (cost=37.72..23706.35 rows=320032 width=14)
                     ->  Nested Loop  (cost=37.29..2261.46 rows=4000 width=4)
                           ->  Seq Scan on nation  (cost=0.00..1.31 rows=1 width=4)
                                 Filter: (n_name = 'SAUDI ARABIA'::bpchar)
                           ->  Bitmap Heap Scan on supplier  (cost=37.29..2220.15 rows=4000 width=8)
                                 Recheck Cond: (s_nationkey = nation.n_nationkey)
                                 ->  Bitmap Index Scan on idx_supplier_nation_key  (cost=0.00..36.29 rows=4000 width=0)
                                       Index Cond: (s_nationkey = nation.n_nationkey)
                     ->  Index Scan using idx_partsupp_suppkey on partsupp  (cost=0.43..4.56 rows=80 width=18)
                           Index Cond: (ps_suppkey = supplier.s_suppkey)
(29 rows)

query 11 run 2
SET
SET
SET
                                                       QUERY PLAN                                                       
------------------------------------------------------------------------------------------------------------------------
 Limit  (cost=72561.07..72561.07 rows=1 width=36)
   InitPlan 1
     ->  Aggregate  (cost=26106.60..26106.61 rows=1 width=32)
           ->  Nested Loop  (cost=37.72..23706.35 rows=320032 width=10)
                 ->  Nested Loop  (cost=37.29..2261.46 rows=4000 width=4)
                       ->  Seq Scan on nation nation_1  (cost=0.00..1.31 rows=1 width=4)
                             Filter: (n_name = 'SAUDI ARABIA'::bpchar)
                       ->  Bitmap Heap Scan on supplier supplier_1  (cost=37.29..2220.15 rows=4000 width=8)
                             Recheck Cond: (s_nationkey = nation_1.n_nationkey)
                             ->  Bitmap Index Scan on idx_supplier_nation_key  (cost=0.00..36.29 rows=4000 width=0)
                                   Index Cond: (s_nationkey = nation_1.n_nationkey)
                 ->  Index Scan using idx_partsupp_suppkey on partsupp partsupp_1  (cost=0.43..4.56 rows=80 width=14)
                       Index Cond: (ps_suppkey = supplier_1.s_suppkey)
   ->  Sort  (cost=46454.46..46721.15 rows=106677 width=36)
         Sort Key: (sum((partsupp.ps_supplycost * (partsupp.ps_availqty)::numeric))) DESC
         ->  HashAggregate  (cost=37995.28..45921.08 rows=106677 width=36)
               Group Key: partsupp.ps_partkey
               Filter: (sum((partsupp.ps_supplycost * (partsupp.ps_availqty)::numeric)) > (InitPlan 1).col1)
               Planned Partitions: 4
               ->  Nested Loop  (cost=37.72..23706.35 rows=320032 width=14)
                     ->  Nested Loop  (cost=37.29..2261.46 rows=4000 width=4)
                           ->  Seq Scan on nation  (cost=0.00..1.31 rows=1 width=4)
                                 Filter: (n_name = 'SAUDI ARABIA'::bpchar)
                           ->  Bitmap Heap Scan on supplier  (cost=37.29..2220.15 rows=4000 width=8)
                                 Recheck Cond: (s_nationkey = nation.n_nationkey)
                                 ->  Bitmap Index Scan on idx_supplier_nation_key  (cost=0.00..36.29 rows=4000 width=0)
                                       Index Cond: (s_nationkey = nation.n_nationkey)
                     ->  Index Scan using idx_partsupp_suppkey on partsupp  (cost=0.43..4.56 rows=80 width=18)
                           Index Cond: (ps_suppkey = supplier.s_suppkey)
(29 rows)

query 11 run 3
SET
SET
SET
                                                       QUERY PLAN                                                       
------------------------------------------------------------------------------------------------------------------------
 Limit  (cost=72561.07..72561.07 rows=1 width=36)
   InitPlan 1
     ->  Aggregate  (cost=26106.60..26106.61 rows=1 width=32)
           ->  Nested Loop  (cost=37.72..23706.35 rows=320032 width=10)
                 ->  Nested Loop  (cost=37.29..2261.46 rows=4000 width=4)
                       ->  Seq Scan on nation nation_1  (cost=0.00..1.31 rows=1 width=4)
                             Filter: (n_name = 'SAUDI ARABIA'::bpchar)
                       ->  Bitmap Heap Scan on supplier supplier_1  (cost=37.29..2220.15 rows=4000 width=8)
                             Recheck Cond: (s_nationkey = nation_1.n_nationkey)
                             ->  Bitmap Index Scan on idx_supplier_nation_key  (cost=0.00..36.29 rows=4000 width=0)
                                   Index Cond: (s_nationkey = nation_1.n_nationkey)
                 ->  Index Scan using idx_partsupp_suppkey on partsupp partsupp_1  (cost=0.43..4.56 rows=80 width=14)
                       Index Cond: (ps_suppkey = supplier_1.s_suppkey)
   ->  Sort  (cost=46454.46..46721.15 rows=106677 width=36)
         Sort Key: (sum((partsupp.ps_supplycost * (partsupp.ps_availqty)::numeric))) DESC
         ->  HashAggregate  (cost=37995.28..45921.08 rows=106677 width=36)
               Group Key: partsupp.ps_partkey
               Filter: (sum((partsupp.ps_supplycost * (partsupp.ps_availqty)::numeric)) > (InitPlan 1).col1)
               Planned Partitions: 4
               ->  Nested Loop  (cost=37.72..23706.35 rows=320032 width=14)
                     ->  Nested Loop  (cost=37.29..2261.46 rows=4000 width=4)
                           ->  Seq Scan on nation  (cost=0.00..1.31 rows=1 width=4)
                                 Filter: (n_name = 'SAUDI ARABIA'::bpchar)
                           ->  Bitmap Heap Scan on supplier  (cost=37.29..2220.15 rows=4000 width=8)
                                 Recheck Cond: (s_nationkey = nation.n_nationkey)
                                 ->  Bitmap Index Scan on idx_supplier_nation_key  (cost=0.00..36.29 rows=4000 width=0)
                                       Index Cond: (s_nationkey = nation.n_nationkey)
                     ->  Index Scan using idx_partsupp_suppkey on partsupp  (cost=0.43..4.56 rows=80 width=18)
                           Index Cond: (ps_suppkey = supplier.s_suppkey)
(29 rows)

query 12 run 1
SET
SET
SET
                                                                                                                    QUERY PLAN                                                                                                                     
---------------------------------------------------------------------------------------------------------------------------------------------------------------------------------------------------------------------------------------------------
 Limit  (cost=3031803.66..3032641.83 rows=1 width=27)
   ->  GroupAggregate  (cost=3031803.66..3037670.85 rows=7 width=27)
         Group Key: lineitem.l_shipmode
         ->  Sort  (cost=3031803.66..3032537.05 rows=293356 width=27)
               Sort Key: lineitem.l_shipmode
               ->  Hash Join  (cost=2478458.41..3005163.58 rows=293356 width=27)
                     Hash Cond: (orders.o_orderkey = lineitem.l_orderkey)
                     ->  Seq Scan on orders  (cost=0.00..411270.06 rows=15000206 width=20)
                     ->  Hash  (cost=2474791.46..2474791.46 rows=293356 width=15)
                           ->  Seq Scan on lineitem  (cost=0.00..2474791.46 rows=293356 width=15)
                                 Filter: ((l_shipmode = ANY ('{SHIP,"REG AIR"}'::bpchar[])) AND (l_commitdate < l_receiptdate) AND (l_shipdate < l_commitdate) AND (l_receiptdate >= '1994-01-01'::date) AND (l_receiptdate < '1995-01-01'::date))
(11 rows)

query 12 run 2
SET
SET
SET
                                                                                                                    QUERY PLAN                                                                                                                     
---------------------------------------------------------------------------------------------------------------------------------------------------------------------------------------------------------------------------------------------------
 Limit  (cost=3031803.66..3032641.83 rows=1 width=27)
   ->  GroupAggregate  (cost=3031803.66..3037670.85 rows=7 width=27)
         Group Key: lineitem.l_shipmode
         ->  Sort  (cost=3031803.66..3032537.05 rows=293356 width=27)
               Sort Key: lineitem.l_shipmode
               ->  Hash Join  (cost=2478458.41..3005163.58 rows=293356 width=27)
                     Hash Cond: (orders.o_orderkey = lineitem.l_orderkey)
                     ->  Seq Scan on orders  (cost=0.00..411270.06 rows=15000206 width=20)
                     ->  Hash  (cost=2474791.46..2474791.46 rows=293356 width=15)
                           ->  Seq Scan on lineitem  (cost=0.00..2474791.46 rows=293356 width=15)
                                 Filter: ((l_shipmode = ANY ('{SHIP,"REG AIR"}'::bpchar[])) AND (l_commitdate < l_receiptdate) AND (l_shipdate < l_commitdate) AND (l_receiptdate >= '1994-01-01'::date) AND (l_receiptdate < '1995-01-01'::date))
(11 rows)

query 12 run 3
SET
SET
SET
                                                                                                                    QUERY PLAN                                                                                                                     
---------------------------------------------------------------------------------------------------------------------------------------------------------------------------------------------------------------------------------------------------
 Limit  (cost=3031803.66..3032641.83 rows=1 width=27)
   ->  GroupAggregate  (cost=3031803.66..3037670.85 rows=7 width=27)
         Group Key: lineitem.l_shipmode
         ->  Sort  (cost=3031803.66..3032537.05 rows=293356 width=27)
               Sort Key: lineitem.l_shipmode
               ->  Hash Join  (cost=2478458.41..3005163.58 rows=293356 width=27)
                     Hash Cond: (orders.o_orderkey = lineitem.l_orderkey)
                     ->  Seq Scan on orders  (cost=0.00..411270.06 rows=15000206 width=20)
                     ->  Hash  (cost=2474791.46..2474791.46 rows=293356 width=15)
                           ->  Seq Scan on lineitem  (cost=0.00..2474791.46 rows=293356 width=15)
                                 Filter: ((l_shipmode = ANY ('{SHIP,"REG AIR"}'::bpchar[])) AND (l_commitdate < l_receiptdate) AND (l_shipdate < l_commitdate) AND (l_receiptdate >= '1994-01-01'::date) AND (l_receiptdate < '1995-01-01'::date))
(11 rows)

query 13 run 1
SET
SET
SET
                                                        QUERY PLAN                                                         
---------------------------------------------------------------------------------------------------------------------------
 Limit  (cost=1009900.70..1009900.70 rows=1 width=16)
   ->  Sort  (cost=1009900.70..1009901.20 rows=200 width=16)
         Sort Key: (count(*)) DESC, (count(orders.o_orderkey)) DESC
         ->  HashAggregate  (cost=1009897.70..1009899.70 rows=200 width=16)
               Group Key: count(orders.o_orderkey)
               ->  GroupAggregate  (cost=8.35..987396.50 rows=1500080 width=12)
                     Group Key: customer.c_custkey
                     ->  Merge Left Join  (cost=8.35..897402.17 rows=14998706 width=8)
                           Merge Cond: (customer.c_custkey = orders.o_custkey)
                           ->  Index Only Scan using customer_pkey on customer  (cost=0.43..28675.63 rows=1500080 width=4)
                           ->  Index Scan using idx_orders_custkey on orders  (cost=0.43..677492.52 rows=14998706 width=8)
                                 Filter: ((o_comment)::text !~~ '%special%requests%'::text)
(12 rows)

query 13 run 2
SET
SET
SET
                                                        QUERY PLAN                                                         
---------------------------------------------------------------------------------------------------------------------------
 Limit  (cost=1009900.70..1009900.70 rows=1 width=16)
   ->  Sort  (cost=1009900.70..1009901.20 rows=200 width=16)
         Sort Key: (count(*)) DESC, (count(orders.o_orderkey)) DESC
         ->  HashAggregate  (cost=1009897.70..1009899.70 rows=200 width=16)
               Group Key: count(orders.o_orderkey)
               ->  GroupAggregate  (cost=8.35..987396.50 rows=1500080 width=12)
                     Group Key: customer.c_custkey
                     ->  Merge Left Join  (cost=8.35..897402.17 rows=14998706 width=8)
                           Merge Cond: (customer.c_custkey = orders.o_custkey)
                           ->  Index Only Scan using customer_pkey on customer  (cost=0.43..28675.63 rows=1500080 width=4)
                           ->  Index Scan using idx_orders_custkey on orders  (cost=0.43..677492.52 rows=14998706 width=8)
                                 Filter: ((o_comment)::text !~~ '%special%requests%'::text)
(12 rows)

query 13 run 3
SET
SET
SET
                                                        QUERY PLAN                                                         
---------------------------------------------------------------------------------------------------------------------------
 Limit  (cost=1009900.70..1009900.70 rows=1 width=16)
   ->  Sort  (cost=1009900.70..1009901.20 rows=200 width=16)
         Sort Key: (count(*)) DESC, (count(orders.o_orderkey)) DESC
         ->  HashAggregate  (cost=1009897.70..1009899.70 rows=200 width=16)
               Group Key: count(orders.o_orderkey)
               ->  GroupAggregate  (cost=8.35..987396.50 rows=1500080 width=12)
                     Group Key: customer.c_custkey
                     ->  Merge Left Join  (cost=8.35..897402.17 rows=14998706 width=8)
                           Merge Cond: (customer.c_custkey = orders.o_custkey)
                           ->  Index Only Scan using customer_pkey on customer  (cost=0.43..28675.63 rows=1500080 width=4)
                           ->  Index Scan using idx_orders_custkey on orders  (cost=0.43..677492.52 rows=14998706 width=8)
                                 Filter: ((o_comment)::text !~~ '%special%requests%'::text)
(12 rows)

query 14 run 1
SET
SET
SET
                                                    QUERY PLAN                                                     
-------------------------------------------------------------------------------------------------------------------
 Limit  (cost=1044823.52..1044823.53 rows=1 width=32)
   ->  Aggregate  (cost=1044823.52..1044823.53 rows=1 width=32)
         ->  Hash Join  (cost=99655.60..1031287.52 rows=773485 width=33)
               Hash Cond: (lineitem.l_partkey = part.p_partkey)
               ->  Index Scan using idx_lineitem_shipdate on lineitem  (cost=0.56..908154.53 rows=791223 width=16)
                     Index Cond: ((l_shipdate >= '1994-05-01'::date) AND (l_shipdate < '1994-06-01'::date))
               ->  Hash  (cost=60981.46..60981.46 rows=2000046 width=25)
                     ->  Seq Scan on part  (cost=0.00..60981.46 rows=2000046 width=25)
(8 rows)

query 14 run 2
SET
SET
SET
                                                    QUERY PLAN                                                     
-------------------------------------------------------------------------------------------------------------------
 Limit  (cost=1044823.52..1044823.53 rows=1 width=32)
   ->  Aggregate  (cost=1044823.52..1044823.53 rows=1 width=32)
         ->  Hash Join  (cost=99655.60..1031287.52 rows=773485 width=33)
               Hash Cond: (lineitem.l_partkey = part.p_partkey)
               ->  Index Scan using idx_lineitem_shipdate on lineitem  (cost=0.56..908154.53 rows=791223 width=16)
                     Index Cond: ((l_shipdate >= '1994-05-01'::date) AND (l_shipdate < '1994-06-01'::date))
               ->  Hash  (cost=60981.46..60981.46 rows=2000046 width=25)
                     ->  Seq Scan on part  (cost=0.00..60981.46 rows=2000046 width=25)
(8 rows)

query 14 run 3
SET
SET
SET
                                                    QUERY PLAN                                                     
-------------------------------------------------------------------------------------------------------------------
 Limit  (cost=1044823.52..1044823.53 rows=1 width=32)
   ->  Aggregate  (cost=1044823.52..1044823.53 rows=1 width=32)
         ->  Hash Join  (cost=99655.60..1031287.52 rows=773485 width=33)
               Hash Cond: (lineitem.l_partkey = part.p_partkey)
               ->  Index Scan using idx_lineitem_shipdate on lineitem  (cost=0.56..908154.53 rows=791223 width=16)
                     Index Cond: ((l_shipdate >= '1994-05-01'::date) AND (l_shipdate < '1994-06-01'::date))
               ->  Hash  (cost=60981.46..60981.46 rows=2000046 width=25)
                     ->  Seq Scan on part  (cost=0.00..60981.46 rows=2000046 width=25)
(8 rows)

query 15 run 1
SET
SET
SET
CREATE VIEW
                                                           QUERY PLAN                                                           
--------------------------------------------------------------------------------------------------------------------------------
 Limit  (cost=3770332.49..3770341.25 rows=1 width=103)
   InitPlan 1
     ->  Aggregate  (cost=1885654.28..1885654.29 rows=1 width=32)
           ->  HashAggregate  (cost=1883144.53..1884399.40 rows=100390 width=36)
                 Group Key: lineitem_1.l_suppkey
                 ->  Bitmap Heap Scan on lineitem lineitem_1  (cost=36853.53..1860160.66 rows=2298387 width=16)
                       Recheck Cond: ((l_shipdate >= '1996-01-01'::date) AND (l_shipdate < '1996-04-01'::date))
                       ->  Bitmap Index Scan on idx_lineitem_shipdate  (cost=0.00..36278.93 rows=2298387 width=0)
                             Index Cond: ((l_shipdate >= '1996-01-01'::date) AND (l_shipdate < '1996-04-01'::date))
   ->  Merge Join  (cost=1884678.21..1889071.24 rows=502 width=103)
         Merge Cond: (supplier.s_suppkey = revenue0.supplier_no)
         ->  Index Scan using supplier_pkey on supplier  (cost=0.29..4135.79 rows=100000 width=71)
         ->  Sort  (cost=1884677.92..1884679.17 rows=502 width=36)
               Sort Key: revenue0.supplier_no
               ->  Subquery Scan on revenue0  (cost=1883144.53..1884655.40 rows=502 width=36)
                     ->  HashAggregate  (cost=1883144.53..1884650.38 rows=502 width=36)
                           Group Key: lineitem.l_suppkey
                           Filter: (sum((lineitem.l_extendedprice * ('1'::numeric - lineitem.l_discount))) = (InitPlan 1).col1)
                           ->  Bitmap Heap Scan on lineitem  (cost=36853.53..1860160.66 rows=2298387 width=16)
                                 Recheck Cond: ((l_shipdate >= '1996-01-01'::date) AND (l_shipdate < '1996-04-01'::date))
                                 ->  Bitmap Index Scan on idx_lineitem_shipdate  (cost=0.00..36278.93 rows=2298387 width=0)
                                       Index Cond: ((l_shipdate >= '1996-01-01'::date) AND (l_shipdate < '1996-04-01'::date))
(22 rows)

DROP VIEW
query 15 run 2
SET
SET
SET
CREATE VIEW
                                                           QUERY PLAN                                                           
--------------------------------------------------------------------------------------------------------------------------------
 Limit  (cost=3770332.49..3770341.25 rows=1 width=103)
   InitPlan 1
     ->  Aggregate  (cost=1885654.28..1885654.29 rows=1 width=32)
           ->  HashAggregate  (cost=1883144.53..1884399.40 rows=100390 width=36)
                 Group Key: lineitem_1.l_suppkey
                 ->  Bitmap Heap Scan on lineitem lineitem_1  (cost=36853.53..1860160.66 rows=2298387 width=16)
                       Recheck Cond: ((l_shipdate >= '1996-01-01'::date) AND (l_shipdate < '1996-04-01'::date))
                       ->  Bitmap Index Scan on idx_lineitem_shipdate  (cost=0.00..36278.93 rows=2298387 width=0)
                             Index Cond: ((l_shipdate >= '1996-01-01'::date) AND (l_shipdate < '1996-04-01'::date))
   ->  Merge Join  (cost=1884678.21..1889071.24 rows=502 width=103)
         Merge Cond: (supplier.s_suppkey = revenue0.supplier_no)
         ->  Index Scan using supplier_pkey on supplier  (cost=0.29..4135.79 rows=100000 width=71)
         ->  Sort  (cost=1884677.92..1884679.17 rows=502 width=36)
               Sort Key: revenue0.supplier_no
               ->  Subquery Scan on revenue0  (cost=1883144.53..1884655.40 rows=502 width=36)
                     ->  HashAggregate  (cost=1883144.53..1884650.38 rows=502 width=36)
                           Group Key: lineitem.l_suppkey
                           Filter: (sum((lineitem.l_extendedprice * ('1'::numeric - lineitem.l_discount))) = (InitPlan 1).col1)
                           ->  Bitmap Heap Scan on lineitem  (cost=36853.53..1860160.66 rows=2298387 width=16)
                                 Recheck Cond: ((l_shipdate >= '1996-01-01'::date) AND (l_shipdate < '1996-04-01'::date))
                                 ->  Bitmap Index Scan on idx_lineitem_shipdate  (cost=0.00..36278.93 rows=2298387 width=0)
                                       Index Cond: ((l_shipdate >= '1996-01-01'::date) AND (l_shipdate < '1996-04-01'::date))
(22 rows)

DROP VIEW
query 15 run 3
SET
SET
SET
CREATE VIEW
                                                           QUERY PLAN                                                           
--------------------------------------------------------------------------------------------------------------------------------
 Limit  (cost=3770332.49..3770341.25 rows=1 width=103)
   InitPlan 1
     ->  Aggregate  (cost=1885654.28..1885654.29 rows=1 width=32)
           ->  HashAggregate  (cost=1883144.53..1884399.40 rows=100390 width=36)
                 Group Key: lineitem_1.l_suppkey
                 ->  Bitmap Heap Scan on lineitem lineitem_1  (cost=36853.53..1860160.66 rows=2298387 width=16)
                       Recheck Cond: ((l_shipdate >= '1996-01-01'::date) AND (l_shipdate < '1996-04-01'::date))
                       ->  Bitmap Index Scan on idx_lineitem_shipdate  (cost=0.00..36278.93 rows=2298387 width=0)
                             Index Cond: ((l_shipdate >= '1996-01-01'::date) AND (l_shipdate < '1996-04-01'::date))
   ->  Merge Join  (cost=1884678.21..1889071.24 rows=502 width=103)
         Merge Cond: (supplier.s_suppkey = revenue0.supplier_no)
         ->  Index Scan using supplier_pkey on supplier  (cost=0.29..4135.79 rows=100000 width=71)
         ->  Sort  (cost=1884677.92..1884679.17 rows=502 width=36)
               Sort Key: revenue0.supplier_no
               ->  Subquery Scan on revenue0  (cost=1883144.53..1884655.40 rows=502 width=36)
                     ->  HashAggregate  (cost=1883144.53..1884650.38 rows=502 width=36)
                           Group Key: lineitem.l_suppkey
                           Filter: (sum((lineitem.l_extendedprice * ('1'::numeric - lineitem.l_discount))) = (InitPlan 1).col1)
                           ->  Bitmap Heap Scan on lineitem  (cost=36853.53..1860160.66 rows=2298387 width=16)
                                 Recheck Cond: ((l_shipdate >= '1996-01-01'::date) AND (l_shipdate < '1996-04-01'::date))
                                 ->  Bitmap Index Scan on idx_lineitem_shipdate  (cost=0.00..36278.93 rows=2298387 width=0)
                                       Index Cond: ((l_shipdate >= '1996-01-01'::date) AND (l_shipdate < '1996-04-01'::date))
(22 rows)

DROP VIEW
query 16 run 1
SET
SET
SET
                                                                                         QUERY PLAN                                                                                         
--------------------------------------------------------------------------------------------------------------------------------------------------------------------------------------------
 Limit  (cost=357140.63..357140.63 rows=1 width=44)
   ->  Sort  (cost=357140.63..357521.97 rows=152537 width=44)
         Sort Key: (count(DISTINCT partsupp.ps_suppkey)) DESC, part.p_brand, part.p_type, part.p_size
         ->  GroupAggregate  (cost=347567.95..356377.94 rows=152537 width=44)
               Group Key: part.p_brand, part.p_type, part.p_size
               ->  Sort  (cost=347567.95..349024.87 rows=582770 width=40)
                     Sort Key: part.p_brand, part.p_type, part.p_size, partsupp.ps_suppkey
                     ->  Hash Join  (cost=98095.65..281515.99 rows=582770 width=40)
                           Hash Cond: (partsupp.ps_partkey = part.p_partkey)
                           ->  Index Only Scan using partsupp_pkey on partsupp  (cost=3471.46..176390.75 rows=4000394 width=8)
                                 Filter: (NOT (ANY (ps_suppkey = (hashed SubPlan 1).col1)))
                                 SubPlan 1
                                   ->  Seq Scan on supplier  (cost=0.00..3471.00 rows=10 width=4)
                                         Filter: ((s_comment)::text ~~ '%Customer%Complaints%'::text)
                           ->  Hash  (cost=90982.15..90982.15 rows=291363 width=40)
                                 ->  Seq Scan on part  (cost=0.00..90982.15 rows=291363 width=40)
                                       Filter: ((p_brand <> 'Brand#12'::bpchar) AND ((p_type)::text !~~ 'SMALL BRUSHED%'::text) AND (p_size = ANY ('{12,32,36,26,40,34,49,9}'::integer[])))
(17 rows)

query 16 run 2
SET
SET
SET
                                                                                         QUERY PLAN                                                                                         
--------------------------------------------------------------------------------------------------------------------------------------------------------------------------------------------
 Limit  (cost=357140.63..357140.63 rows=1 width=44)
   ->  Sort  (cost=357140.63..357521.97 rows=152537 width=44)
         Sort Key: (count(DISTINCT partsupp.ps_suppkey)) DESC, part.p_brand, part.p_type, part.p_size
         ->  GroupAggregate  (cost=347567.95..356377.94 rows=152537 width=44)
               Group Key: part.p_brand, part.p_type, part.p_size
               ->  Sort  (cost=347567.95..349024.87 rows=582770 width=40)
                     Sort Key: part.p_brand, part.p_type, part.p_size, partsupp.ps_suppkey
                     ->  Hash Join  (cost=98095.65..281515.99 rows=582770 width=40)
                           Hash Cond: (partsupp.ps_partkey = part.p_partkey)
                           ->  Index Only Scan using partsupp_pkey on partsupp  (cost=3471.46..176390.75 rows=4000394 width=8)
                                 Filter: (NOT (ANY (ps_suppkey = (hashed SubPlan 1).col1)))
                                 SubPlan 1
                                   ->  Seq Scan on supplier  (cost=0.00..3471.00 rows=10 width=4)
                                         Filter: ((s_comment)::text ~~ '%Customer%Complaints%'::text)
                           ->  Hash  (cost=90982.15..90982.15 rows=291363 width=40)
                                 ->  Seq Scan on part  (cost=0.00..90982.15 rows=291363 width=40)
                                       Filter: ((p_brand <> 'Brand#12'::bpchar) AND ((p_type)::text !~~ 'SMALL BRUSHED%'::text) AND (p_size = ANY ('{12,32,36,26,40,34,49,9}'::integer[])))
(17 rows)

query 16 run 3
SET
SET
SET
                                                                                         QUERY PLAN                                                                                         
--------------------------------------------------------------------------------------------------------------------------------------------------------------------------------------------
 Limit  (cost=357140.63..357140.63 rows=1 width=44)
   ->  Sort  (cost=357140.63..357521.97 rows=152537 width=44)
         Sort Key: (count(DISTINCT partsupp.ps_suppkey)) DESC, part.p_brand, part.p_type, part.p_size
         ->  GroupAggregate  (cost=347567.95..356377.94 rows=152537 width=44)
               Group Key: part.p_brand, part.p_type, part.p_size
               ->  Sort  (cost=347567.95..349024.87 rows=582770 width=40)
                     Sort Key: part.p_brand, part.p_type, part.p_size, partsupp.ps_suppkey
                     ->  Hash Join  (cost=98095.65..281515.99 rows=582770 width=40)
                           Hash Cond: (partsupp.ps_partkey = part.p_partkey)
                           ->  Index Only Scan using partsupp_pkey on partsupp  (cost=3471.46..176390.75 rows=4000394 width=8)
                                 Filter: (NOT (ANY (ps_suppkey = (hashed SubPlan 1).col1)))
                                 SubPlan 1
                                   ->  Seq Scan on supplier  (cost=0.00..3471.00 rows=10 width=4)
                                         Filter: ((s_comment)::text ~~ '%Customer%Complaints%'::text)
                           ->  Hash  (cost=90982.15..90982.15 rows=291363 width=40)
                                 ->  Seq Scan on part  (cost=0.00..90982.15 rows=291363 width=40)
                                       Filter: ((p_brand <> 'Brand#12'::bpchar) AND ((p_type)::text !~~ 'SMALL BRUSHED%'::text) AND (p_size = ANY ('{12,32,36,26,40,34,49,9}'::integer[])))
(17 rows)

query 17 run 1
SET
SET
SET
                                                  QUERY PLAN                                                   
---------------------------------------------------------------------------------------------------------------
 Limit  (cost=4856237.50..4856237.52 rows=1 width=32)
   ->  Aggregate  (cost=4856237.50..4856237.52 rows=1 width=32)
         ->  Nested Loop  (cost=4174282.64..4856183.59 rows=21564 width=8)
               Join Filter: (lineitem.l_partkey = part.p_partkey)
               ->  Hash Join  (cost=4174282.20..4796126.34 rows=2206 width=40)
                     Hash Cond: (lineitem_1.l_partkey = part.p_partkey)
                     ->  HashAggregate  (cost=4103273.54..4719747.16 rows=2045913 width=36)
                           Group Key: lineitem_1.l_partkey
                           Planned Partitions: 16
                           ->  Seq Scan on lineitem lineitem_1  (cost=0.00..1724986.76 rows=59984376 width=9)
                     ->  Hash  (cost=70981.69..70981.69 rows=2157 width=4)
                           ->  Seq Scan on part  (cost=0.00..70981.69 rows=2157 width=4)
                                 Filter: ((p_brand = 'Brand#22'::bpchar) AND (p_container = 'LG BOX'::bpchar))
               ->  Index Scan using idx_lineitem_part_supp on lineitem  (cost=0.44..27.10 rows=10 width=17)
                     Index Cond: (l_partkey = lineitem_1.l_partkey)
                     Filter: (l_quantity < ((0.2 * avg(lineitem_1.l_quantity))))
(16 rows)

query 17 run 2
SET
SET
SET
                                                  QUERY PLAN                                                   
---------------------------------------------------------------------------------------------------------------
 Limit  (cost=4856237.50..4856237.52 rows=1 width=32)
   ->  Aggregate  (cost=4856237.50..4856237.52 rows=1 width=32)
         ->  Nested Loop  (cost=4174282.64..4856183.59 rows=21564 width=8)
               Join Filter: (lineitem.l_partkey = part.p_partkey)
               ->  Hash Join  (cost=4174282.20..4796126.34 rows=2206 width=40)
                     Hash Cond: (lineitem_1.l_partkey = part.p_partkey)
                     ->  HashAggregate  (cost=4103273.54..4719747.16 rows=2045913 width=36)
                           Group Key: lineitem_1.l_partkey
                           Planned Partitions: 16
                           ->  Seq Scan on lineitem lineitem_1  (cost=0.00..1724986.76 rows=59984376 width=9)
                     ->  Hash  (cost=70981.69..70981.69 rows=2157 width=4)
                           ->  Seq Scan on part  (cost=0.00..70981.69 rows=2157 width=4)
                                 Filter: ((p_brand = 'Brand#22'::bpchar) AND (p_container = 'LG BOX'::bpchar))
               ->  Index Scan using idx_lineitem_part_supp on lineitem  (cost=0.44..27.10 rows=10 width=17)
                     Index Cond: (l_partkey = lineitem_1.l_partkey)
                     Filter: (l_quantity < ((0.2 * avg(lineitem_1.l_quantity))))
(16 rows)

query 17 run 3
SET
SET
SET
                                                  QUERY PLAN                                                   
---------------------------------------------------------------------------------------------------------------
 Limit  (cost=4856237.50..4856237.52 rows=1 width=32)
   ->  Aggregate  (cost=4856237.50..4856237.52 rows=1 width=32)
         ->  Nested Loop  (cost=4174282.64..4856183.59 rows=21564 width=8)
               Join Filter: (lineitem.l_partkey = part.p_partkey)
               ->  Hash Join  (cost=4174282.20..4796126.34 rows=2206 width=40)
                     Hash Cond: (lineitem_1.l_partkey = part.p_partkey)
                     ->  HashAggregate  (cost=4103273.54..4719747.16 rows=2045913 width=36)
                           Group Key: lineitem_1.l_partkey
                           Planned Partitions: 16
                           ->  Seq Scan on lineitem lineitem_1  (cost=0.00..1724986.76 rows=59984376 width=9)
                     ->  Hash  (cost=70981.69..70981.69 rows=2157 width=4)
                           ->  Seq Scan on part  (cost=0.00..70981.69 rows=2157 width=4)
                                 Filter: ((p_brand = 'Brand#22'::bpchar) AND (p_container = 'LG BOX'::bpchar))
               ->  Index Scan using idx_lineitem_part_supp on lineitem  (cost=0.44..27.10 rows=10 width=17)
                     Index Cond: (l_partkey = lineitem_1.l_partkey)
                     Filter: (l_quantity < ((0.2 * avg(lineitem_1.l_quantity))))
(16 rows)

query 18 run 1
SET
SET
SET
                                                                                QUERY PLAN                                                                                
--------------------------------------------------------------------------------------------------------------------------------------------------------------------------
 Limit  (cost=8672562.79..8672563.04 rows=100 width=71)
   ->  Sort  (cost=8672562.79..8722536.07 rows=19989311 width=71)
         Sort Key: orders.o_totalprice DESC, orders.o_orderdate
         ->  GroupAggregate  (cost=4154279.13..7908585.70 rows=19989311 width=71)
               Group Key: orders.o_orderkey, customer.c_custkey
               ->  Incremental Sort  (cost=4154279.13..7508799.48 rows=19989311 width=44)
                     Sort Key: orders.o_orderkey, customer.c_custkey
                     Presorted Key: orders.o_orderkey
                     ->  Merge Join  (cost=4154278.95..6783899.16 rows=19989311 width=44)
                           Merge Cond: (lineitem.l_orderkey = orders.o_orderkey)
                           ->  Index Scan using idx_lineitem_orderkey on lineitem  (cost=0.56..2167445.70 rows=59984376 width=9)
                           ->  Materialize  (cost=4154276.83..4179270.32 rows=4998698 width=43)
                                 ->  Sort  (cost=4154276.83..4166773.58 rows=4998698 width=43)
                                       Sort Key: orders.o_orderkey
                                       ->  Hash Join  (cost=78489.80..3499242.18 rows=4998698 width=43)
                                             Hash Cond: (orders.o_custkey = customer.c_custkey)
                                             ->  Merge Join  (cost=1.00..3340261.76 rows=4998698 width=24)
                                                   Merge Cond: (orders.o_orderkey = lineitem_1.l_orderkey)
                                                   ->  Index Scan using orders_pkey on orders  (cost=0.43..547968.53 rows=15000206 width=20)
                                                   ->  GroupAggregate  (cost=0.56..2692308.99 rows=4998698 width=4)
                                                         Group Key: lineitem_1.l_orderkey
                                                         Filter: (sum(lineitem_1.l_quantity) > '313'::numeric)
                                                         ->  Index Scan using idx_lineitem_orderkey on lineitem lineitem_1  (cost=0.56..2167445.70 rows=59984376 width=9)
                                             ->  Hash  (cost=50947.80..50947.80 rows=1500080 width=23)
                                                   ->  Seq Scan on customer  (cost=0.00..50947.80 rows=1500080 width=23)
(25 rows)

query 18 run 2
SET
SET
SET
                                                                                QUERY PLAN                                                                                
--------------------------------------------------------------------------------------------------------------------------------------------------------------------------
 Limit  (cost=8672562.79..8672563.04 rows=100 width=71)
   ->  Sort  (cost=8672562.79..8722536.07 rows=19989311 width=71)
         Sort Key: orders.o_totalprice DESC, orders.o_orderdate
         ->  GroupAggregate  (cost=4154279.13..7908585.70 rows=19989311 width=71)
               Group Key: orders.o_orderkey, customer.c_custkey
               ->  Incremental Sort  (cost=4154279.13..7508799.48 rows=19989311 width=44)
                     Sort Key: orders.o_orderkey, customer.c_custkey
                     Presorted Key: orders.o_orderkey
                     ->  Merge Join  (cost=4154278.95..6783899.16 rows=19989311 width=44)
                           Merge Cond: (lineitem.l_orderkey = orders.o_orderkey)
                           ->  Index Scan using idx_lineitem_orderkey on lineitem  (cost=0.56..2167445.70 rows=59984376 width=9)
                           ->  Materialize  (cost=4154276.83..4179270.32 rows=4998698 width=43)
                                 ->  Sort  (cost=4154276.83..4166773.58 rows=4998698 width=43)
                                       Sort Key: orders.o_orderkey
                                       ->  Hash Join  (cost=78489.80..3499242.18 rows=4998698 width=43)
                                             Hash Cond: (orders.o_custkey = customer.c_custkey)
                                             ->  Merge Join  (cost=1.00..3340261.76 rows=4998698 width=24)
                                                   Merge Cond: (orders.o_orderkey = lineitem_1.l_orderkey)
                                                   ->  Index Scan using orders_pkey on orders  (cost=0.43..547968.53 rows=15000206 width=20)
                                                   ->  GroupAggregate  (cost=0.56..2692308.99 rows=4998698 width=4)
                                                         Group Key: lineitem_1.l_orderkey
                                                         Filter: (sum(lineitem_1.l_quantity) > '313'::numeric)
                                                         ->  Index Scan using idx_lineitem_orderkey on lineitem lineitem_1  (cost=0.56..2167445.70 rows=59984376 width=9)
                                             ->  Hash  (cost=50947.80..50947.80 rows=1500080 width=23)
                                                   ->  Seq Scan on customer  (cost=0.00..50947.80 rows=1500080 width=23)
(25 rows)

query 18 run 3
SET
SET
SET
                                                                                QUERY PLAN                                                                                
--------------------------------------------------------------------------------------------------------------------------------------------------------------------------
 Limit  (cost=8672562.79..8672563.04 rows=100 width=71)
   ->  Sort  (cost=8672562.79..8722536.07 rows=19989311 width=71)
         Sort Key: orders.o_totalprice DESC, orders.o_orderdate
         ->  GroupAggregate  (cost=4154279.13..7908585.70 rows=19989311 width=71)
               Group Key: orders.o_orderkey, customer.c_custkey
               ->  Incremental Sort  (cost=4154279.13..7508799.48 rows=19989311 width=44)
                     Sort Key: orders.o_orderkey, customer.c_custkey
                     Presorted Key: orders.o_orderkey
                     ->  Merge Join  (cost=4154278.95..6783899.16 rows=19989311 width=44)
                           Merge Cond: (lineitem.l_orderkey = orders.o_orderkey)
                           ->  Index Scan using idx_lineitem_orderkey on lineitem  (cost=0.56..2167445.70 rows=59984376 width=9)
                           ->  Materialize  (cost=4154276.83..4179270.32 rows=4998698 width=43)
                                 ->  Sort  (cost=4154276.83..4166773.58 rows=4998698 width=43)
                                       Sort Key: orders.o_orderkey
                                       ->  Hash Join  (cost=78489.80..3499242.18 rows=4998698 width=43)
                                             Hash Cond: (orders.o_custkey = customer.c_custkey)
                                             ->  Merge Join  (cost=1.00..3340261.76 rows=4998698 width=24)
                                                   Merge Cond: (orders.o_orderkey = lineitem_1.l_orderkey)
                                                   ->  Index Scan using orders_pkey on orders  (cost=0.43..547968.53 rows=15000206 width=20)
                                                   ->  GroupAggregate  (cost=0.56..2692308.99 rows=4998698 width=4)
                                                         Group Key: lineitem_1.l_orderkey
                                                         Filter: (sum(lineitem_1.l_quantity) > '313'::numeric)
                                                         ->  Index Scan using idx_lineitem_orderkey on lineitem lineitem_1  (cost=0.56..2167445.70 rows=59984376 width=9)
                                             ->  Hash  (cost=50947.80..50947.80 rows=1500080 width=23)
                                                   ->  Seq Scan on customer  (cost=0.00..50947.80 rows=1500080 width=23)
(25 rows)

query 19 run 1
SET
SET
SET
                                                                                                                                                                                                                                                                                                                                                                                                                                                                                                            QUERY PLAN                                                                                                                                                                                                                                                                                                                                                                                                                                                                                                            
----------------------------------------------------------------------------------------------------------------------------------------------------------------------------------------------------------------------------------------------------------------------------------------------------------------------------------------------------------------------------------------------------------------------------------------------------------------------------------------------------------------------------------------------------------------------------------------------------------------------------------------------------------------------------------------------------------------------------------------------------------------------------------------------------------------------------------------------------------------------------------------------------------------------------------------------------------------------------------------------------------------------------------
 Limit  (cost=340719.23..340719.24 rows=1 width=32)
   ->  Aggregate  (cost=340719.23..340719.24 rows=1 width=32)
         ->  Nested Loop  (cost=0.44..340711.09 rows=1085 width=12)
               ->  Seq Scan on part  (cost=0.00..125982.96 rows=4741 width=30)
                     Filter: ((p_size >= 1) AND (((p_brand = 'Brand#24'::bpchar) AND (p_container = ANY ('{"SM CASE","SM BOX","SM PACK","SM PKG"}'::bpchar[])) AND (p_size <= 5)) OR ((p_brand = 'Brand#43'::bpchar) AND (p_container = ANY ('{"MED BAG","MED BOX","MED PKG","MED PACK"}'::bpchar[])) AND (p_size <= 10)) OR ((p_brand = 'Brand#44'::bpchar) AND (p_container = ANY ('{"LG CASE","LG BOX","LG PACK","LG PKG"}'::bpchar[])) AND (p_size <= 15))))
               ->  Index Scan using idx_lineitem_part_supp on lineitem  (cost=0.44..45.28 rows=1 width=21)
                     Index Cond: (l_partkey = part.p_partkey)
                     Filter: ((l_shipmode = ANY ('{AIR,"AIR REG"}'::bpchar[])) AND (l_shipinstruct = 'DELIVER IN PERSON'::bpchar) AND (((l_quantity >= '10'::numeric) AND (l_quantity <= '20'::numeric)) OR ((l_quantity >= '10'::numeric) AND (l_quantity <= '20'::numeric)) OR ((l_quantity >= '20'::numeric) AND (l_quantity <= '30'::numeric))) AND (((part.p_brand = 'Brand#24'::bpchar) AND (part.p_container = ANY ('{"SM CASE","SM BOX","SM PACK","SM PKG"}'::bpchar[])) AND (l_quantity >= '10'::numeric) AND (l_quantity <= '20'::numeric) AND (part.p_size <= 5)) OR ((part.p_brand = 'Brand#43'::bpchar) AND (part.p_container = ANY ('{"MED BAG","MED BOX","MED PKG","MED PACK"}'::bpchar[])) AND (l_quantity >= '10'::numeric) AND (l_quantity <= '20'::numeric) AND (part.p_size <= 10)) OR ((part.p_brand = 'Brand#44'::bpchar) AND (part.p_container = ANY ('{"LG CASE","LG BOX","LG PACK","LG PKG"}'::bpchar[])) AND (l_quantity >= '20'::numeric) AND (l_quantity <= '30'::numeric) AND (part.p_size <= 15))))
(8 rows)

query 19 run 2
SET
SET
SET
                                                                                                                                                                                                                                                                                                                                                                                                                                                                                                            QUERY PLAN                                                                                                                                                                                                                                                                                                                                                                                                                                                                                                            
----------------------------------------------------------------------------------------------------------------------------------------------------------------------------------------------------------------------------------------------------------------------------------------------------------------------------------------------------------------------------------------------------------------------------------------------------------------------------------------------------------------------------------------------------------------------------------------------------------------------------------------------------------------------------------------------------------------------------------------------------------------------------------------------------------------------------------------------------------------------------------------------------------------------------------------------------------------------------------------------------------------------------------
 Limit  (cost=340719.23..340719.24 rows=1 width=32)
   ->  Aggregate  (cost=340719.23..340719.24 rows=1 width=32)
         ->  Nested Loop  (cost=0.44..340711.09 rows=1085 width=12)
               ->  Seq Scan on part  (cost=0.00..125982.96 rows=4741 width=30)
                     Filter: ((p_size >= 1) AND (((p_brand = 'Brand#24'::bpchar) AND (p_container = ANY ('{"SM CASE","SM BOX","SM PACK","SM PKG"}'::bpchar[])) AND (p_size <= 5)) OR ((p_brand = 'Brand#43'::bpchar) AND (p_container = ANY ('{"MED BAG","MED BOX","MED PKG","MED PACK"}'::bpchar[])) AND (p_size <= 10)) OR ((p_brand = 'Brand#44'::bpchar) AND (p_container = ANY ('{"LG CASE","LG BOX","LG PACK","LG PKG"}'::bpchar[])) AND (p_size <= 15))))
               ->  Index Scan using idx_lineitem_part_supp on lineitem  (cost=0.44..45.28 rows=1 width=21)
                     Index Cond: (l_partkey = part.p_partkey)
                     Filter: ((l_shipmode = ANY ('{AIR,"AIR REG"}'::bpchar[])) AND (l_shipinstruct = 'DELIVER IN PERSON'::bpchar) AND (((l_quantity >= '10'::numeric) AND (l_quantity <= '20'::numeric)) OR ((l_quantity >= '10'::numeric) AND (l_quantity <= '20'::numeric)) OR ((l_quantity >= '20'::numeric) AND (l_quantity <= '30'::numeric))) AND (((part.p_brand = 'Brand#24'::bpchar) AND (part.p_container = ANY ('{"SM CASE","SM BOX","SM PACK","SM PKG"}'::bpchar[])) AND (l_quantity >= '10'::numeric) AND (l_quantity <= '20'::numeric) AND (part.p_size <= 5)) OR ((part.p_brand = 'Brand#43'::bpchar) AND (part.p_container = ANY ('{"MED BAG","MED BOX","MED PKG","MED PACK"}'::bpchar[])) AND (l_quantity >= '10'::numeric) AND (l_quantity <= '20'::numeric) AND (part.p_size <= 10)) OR ((part.p_brand = 'Brand#44'::bpchar) AND (part.p_container = ANY ('{"LG CASE","LG BOX","LG PACK","LG PKG"}'::bpchar[])) AND (l_quantity >= '20'::numeric) AND (l_quantity <= '30'::numeric) AND (part.p_size <= 15))))
(8 rows)

query 19 run 3
SET
SET
SET
                                                                                                                                                                                                                                                                                                                                                                                                                                                                                                            QUERY PLAN                                                                                                                                                                                                                                                                                                                                                                                                                                                                                                            
----------------------------------------------------------------------------------------------------------------------------------------------------------------------------------------------------------------------------------------------------------------------------------------------------------------------------------------------------------------------------------------------------------------------------------------------------------------------------------------------------------------------------------------------------------------------------------------------------------------------------------------------------------------------------------------------------------------------------------------------------------------------------------------------------------------------------------------------------------------------------------------------------------------------------------------------------------------------------------------------------------------------------------
 Limit  (cost=340719.23..340719.24 rows=1 width=32)
   ->  Aggregate  (cost=340719.23..340719.24 rows=1 width=32)
         ->  Nested Loop  (cost=0.44..340711.09 rows=1085 width=12)
               ->  Seq Scan on part  (cost=0.00..125982.96 rows=4741 width=30)
                     Filter: ((p_size >= 1) AND (((p_brand = 'Brand#24'::bpchar) AND (p_container = ANY ('{"SM CASE","SM BOX","SM PACK","SM PKG"}'::bpchar[])) AND (p_size <= 5)) OR ((p_brand = 'Brand#43'::bpchar) AND (p_container = ANY ('{"MED BAG","MED BOX","MED PKG","MED PACK"}'::bpchar[])) AND (p_size <= 10)) OR ((p_brand = 'Brand#44'::bpchar) AND (p_container = ANY ('{"LG CASE","LG BOX","LG PACK","LG PKG"}'::bpchar[])) AND (p_size <= 15))))
               ->  Index Scan using idx_lineitem_part_supp on lineitem  (cost=0.44..45.28 rows=1 width=21)
                     Index Cond: (l_partkey = part.p_partkey)
                     Filter: ((l_shipmode = ANY ('{AIR,"AIR REG"}'::bpchar[])) AND (l_shipinstruct = 'DELIVER IN PERSON'::bpchar) AND (((l_quantity >= '10'::numeric) AND (l_quantity <= '20'::numeric)) OR ((l_quantity >= '10'::numeric) AND (l_quantity <= '20'::numeric)) OR ((l_quantity >= '20'::numeric) AND (l_quantity <= '30'::numeric))) AND (((part.p_brand = 'Brand#24'::bpchar) AND (part.p_container = ANY ('{"SM CASE","SM BOX","SM PACK","SM PKG"}'::bpchar[])) AND (l_quantity >= '10'::numeric) AND (l_quantity <= '20'::numeric) AND (part.p_size <= 5)) OR ((part.p_brand = 'Brand#43'::bpchar) AND (part.p_container = ANY ('{"MED BAG","MED BOX","MED PKG","MED PACK"}'::bpchar[])) AND (l_quantity >= '10'::numeric) AND (l_quantity <= '20'::numeric) AND (part.p_size <= 10)) OR ((part.p_brand = 'Brand#44'::bpchar) AND (part.p_container = ANY ('{"LG CASE","LG BOX","LG PACK","LG PKG"}'::bpchar[])) AND (l_quantity >= '20'::numeric) AND (l_quantity <= '30'::numeric) AND (part.p_size <= 15))))
(8 rows)

query 20 run 1
SET
SET
SET
                                                                QUERY PLAN                                                                
------------------------------------------------------------------------------------------------------------------------------------------
 Limit  (cost=2659330.35..2659330.36 rows=1 width=51)
   ->  Sort  (cost=2659330.35..2659330.36 rows=1 width=51)
         Sort Key: supplier.s_name
         ->  Nested Loop Semi Join  (cost=2452346.99..2659330.34 rows=1 width=51)
               Join Filter: (supplier.s_suppkey = lineitem.l_suppkey)
               ->  Nested Loop  (cost=0.00..4472.31 rows=4000 width=55)
                     Join Filter: (supplier.s_nationkey = nation.n_nationkey)
                     ->  Seq Scan on nation  (cost=0.00..1.31 rows=1 width=4)
                           Filter: (n_name = 'IRAQ'::bpchar)
                     ->  Seq Scan on supplier  (cost=0.00..3221.00 rows=100000 width=59)
               ->  Materialize  (cost=2452346.99..2654678.04 rows=3 width=8)
                     ->  Nested Loop  (cost=2452346.99..2654678.02 rows=3 width=8)
                           ->  Hash Join  (cost=2452346.55..2628666.44 rows=49250 width=44)
                                 Hash Cond: (lineitem.l_partkey = part.p_partkey)
                                 ->  HashAggregate  (cost=2386112.45..2549633.27 rows=4875826 width=40)
                                       Group Key: lineitem.l_partkey, lineitem.l_suppkey
                                       Planned Partitions: 32
                                       ->  Bitmap Heap Scan on lineitem  (cost=148397.51..1996017.58 rows=9255263 width=13)
                                             Recheck Cond: ((l_shipdate >= '1996-01-01'::date) AND (l_shipdate < '1997-01-01'::date))
                                             ->  Bitmap Index Scan on idx_lineitem_shipdate  (cost=0.00..146083.70 rows=9255263 width=0)
                                                   Index Cond: ((l_shipdate >= '1996-01-01'::date) AND (l_shipdate < '1997-01-01'::date))
                                 ->  Hash  (cost=65981.57..65981.57 rows=20202 width=4)
                                       ->  Seq Scan on part  (cost=0.00..65981.57 rows=20202 width=4)
                                             Filter: ((p_name)::text ~~ 'olive%'::text)
                           ->  Index Scan using partsupp_pkey on partsupp  (cost=0.43..0.52 rows=1 width=12)
                                 Index Cond: ((ps_partkey = lineitem.l_partkey) AND (ps_suppkey = lineitem.l_suppkey))
                                 Filter: ((ps_availqty)::numeric > ((0.5 * sum(lineitem.l_quantity))))
(27 rows)

query 20 run 2
SET
SET
SET
                                                                QUERY PLAN                                                                
------------------------------------------------------------------------------------------------------------------------------------------
 Limit  (cost=2659330.35..2659330.36 rows=1 width=51)
   ->  Sort  (cost=2659330.35..2659330.36 rows=1 width=51)
         Sort Key: supplier.s_name
         ->  Nested Loop Semi Join  (cost=2452346.99..2659330.34 rows=1 width=51)
               Join Filter: (supplier.s_suppkey = lineitem.l_suppkey)
               ->  Nested Loop  (cost=0.00..4472.31 rows=4000 width=55)
                     Join Filter: (supplier.s_nationkey = nation.n_nationkey)
                     ->  Seq Scan on nation  (cost=0.00..1.31 rows=1 width=4)
                           Filter: (n_name = 'IRAQ'::bpchar)
                     ->  Seq Scan on supplier  (cost=0.00..3221.00 rows=100000 width=59)
               ->  Materialize  (cost=2452346.99..2654678.04 rows=3 width=8)
                     ->  Nested Loop  (cost=2452346.99..2654678.02 rows=3 width=8)
                           ->  Hash Join  (cost=2452346.55..2628666.44 rows=49250 width=44)
                                 Hash Cond: (lineitem.l_partkey = part.p_partkey)
                                 ->  HashAggregate  (cost=2386112.45..2549633.27 rows=4875826 width=40)
                                       Group Key: lineitem.l_partkey, lineitem.l_suppkey
                                       Planned Partitions: 32
                                       ->  Bitmap Heap Scan on lineitem  (cost=148397.51..1996017.58 rows=9255263 width=13)
                                             Recheck Cond: ((l_shipdate >= '1996-01-01'::date) AND (l_shipdate < '1997-01-01'::date))
                                             ->  Bitmap Index Scan on idx_lineitem_shipdate  (cost=0.00..146083.70 rows=9255263 width=0)
                                                   Index Cond: ((l_shipdate >= '1996-01-01'::date) AND (l_shipdate < '1997-01-01'::date))
                                 ->  Hash  (cost=65981.57..65981.57 rows=20202 width=4)
                                       ->  Seq Scan on part  (cost=0.00..65981.57 rows=20202 width=4)
                                             Filter: ((p_name)::text ~~ 'olive%'::text)
                           ->  Index Scan using partsupp_pkey on partsupp  (cost=0.43..0.52 rows=1 width=12)
                                 Index Cond: ((ps_partkey = lineitem.l_partkey) AND (ps_suppkey = lineitem.l_suppkey))
                                 Filter: ((ps_availqty)::numeric > ((0.5 * sum(lineitem.l_quantity))))
(27 rows)

query 20 run 3
SET
SET
SET
                                                                QUERY PLAN                                                                
------------------------------------------------------------------------------------------------------------------------------------------
 Limit  (cost=2659330.35..2659330.36 rows=1 width=51)
   ->  Sort  (cost=2659330.35..2659330.36 rows=1 width=51)
         Sort Key: supplier.s_name
         ->  Nested Loop Semi Join  (cost=2452346.99..2659330.34 rows=1 width=51)
               Join Filter: (supplier.s_suppkey = lineitem.l_suppkey)
               ->  Nested Loop  (cost=0.00..4472.31 rows=4000 width=55)
                     Join Filter: (supplier.s_nationkey = nation.n_nationkey)
                     ->  Seq Scan on nation  (cost=0.00..1.31 rows=1 width=4)
                           Filter: (n_name = 'IRAQ'::bpchar)
                     ->  Seq Scan on supplier  (cost=0.00..3221.00 rows=100000 width=59)
               ->  Materialize  (cost=2452346.99..2654678.04 rows=3 width=8)
                     ->  Nested Loop  (cost=2452346.99..2654678.02 rows=3 width=8)
                           ->  Hash Join  (cost=2452346.55..2628666.44 rows=49250 width=44)
                                 Hash Cond: (lineitem.l_partkey = part.p_partkey)
                                 ->  HashAggregate  (cost=2386112.45..2549633.27 rows=4875826 width=40)
                                       Group Key: lineitem.l_partkey, lineitem.l_suppkey
                                       Planned Partitions: 32
                                       ->  Bitmap Heap Scan on lineitem  (cost=148397.51..1996017.58 rows=9255263 width=13)
                                             Recheck Cond: ((l_shipdate >= '1996-01-01'::date) AND (l_shipdate < '1997-01-01'::date))
                                             ->  Bitmap Index Scan on idx_lineitem_shipdate  (cost=0.00..146083.70 rows=9255263 width=0)
                                                   Index Cond: ((l_shipdate >= '1996-01-01'::date) AND (l_shipdate < '1997-01-01'::date))
                                 ->  Hash  (cost=65981.57..65981.57 rows=20202 width=4)
                                       ->  Seq Scan on part  (cost=0.00..65981.57 rows=20202 width=4)
                                             Filter: ((p_name)::text ~~ 'olive%'::text)
                           ->  Index Scan using partsupp_pkey on partsupp  (cost=0.43..0.52 rows=1 width=12)
                                 Index Cond: ((ps_partkey = lineitem.l_partkey) AND (ps_suppkey = lineitem.l_suppkey))
                                 Filter: ((ps_availqty)::numeric > ((0.5 * sum(lineitem.l_quantity))))
(27 rows)

query 21 run 1
SET
SET
SET
                                                                         QUERY PLAN                                                                         
------------------------------------------------------------------------------------------------------------------------------------------------------------
 Limit  (cost=3553331.07..3553331.08 rows=1 width=34)
   ->  Sort  (cost=3553331.07..3553331.08 rows=1 width=34)
         Sort Key: (count(*)) DESC, supplier.s_name
         ->  GroupAggregate  (cost=3553331.04..3553331.06 rows=1 width=34)
               Group Key: supplier.s_name
               ->  Sort  (cost=3553331.04..3553331.05 rows=1 width=26)
                     Sort Key: supplier.s_name
                     ->  Nested Loop Semi Join  (cost=1970166.17..3553331.03 rows=1 width=26)
                           Join Filter: (l2.l_suppkey <> l1.l_suppkey)
                           ->  Nested Loop Anti Join  (cost=1970165.61..3553327.80 rows=1 width=38)
                                 ->  Hash Join  (cost=1970165.04..2450010.53 rows=385516 width=38)
                                       Hash Cond: (orders.o_orderkey = l1.l_orderkey)
                                       ->  Seq Scan on orders  (cost=0.00..448770.58 rows=7258600 width=4)
                                             Filter: (o_orderstatus = 'F'::bpchar)
                                       ->  Hash  (cost=1960206.48..1960206.48 rows=796685 width=34)
                                             ->  Hash Join  (cost=2311.46..1960206.48 rows=796685 width=34)
                                                   Hash Cond: (l1.l_suppkey = supplier.s_suppkey)
                                                   ->  Seq Scan on lineitem l1  (cost=0.00..1874947.70 rows=19994792 width=8)
                                                         Filter: (l_receiptdate > l_commitdate)
                                                   ->  Hash  (cost=2261.46..2261.46 rows=4000 width=30)
                                                         ->  Nested Loop  (cost=37.29..2261.46 rows=4000 width=30)
                                                               ->  Seq Scan on nation  (cost=0.00..1.31 rows=1 width=4)
                                                                     Filter: (n_name = 'PERU'::bpchar)
                                                               ->  Bitmap Heap Scan on supplier  (cost=37.29..2220.15 rows=4000 width=34)
                                                                     Recheck Cond: (s_nationkey = nation.n_nationkey)
                                                                     ->  Bitmap Index Scan on idx_supplier_nation_key  (cost=0.00..36.29 rows=4000 width=0)
                                                                           Index Cond: (s_nationkey = nation.n_nationkey)
                                 ->  Index Scan using idx_lineitem_orderkey on lineitem l3  (cost=0.56..3.23 rows=1 width=8)
                                       Index Cond: (l_orderkey = l1.l_orderkey)
                                       Filter: ((l_receiptdate > l_commitdate) AND (l_suppkey <> l1.l_suppkey))
                           ->  Index Scan using idx_lineitem_orderkey on lineitem l2  (cost=0.56..3.22 rows=4 width=8)
                                 Index Cond: (l_orderkey = orders.o_orderkey)
(32 rows)

query 21 run 2
SET
SET
SET
                                                                         QUERY PLAN                                                                         
------------------------------------------------------------------------------------------------------------------------------------------------------------
 Limit  (cost=3553331.07..3553331.08 rows=1 width=34)
   ->  Sort  (cost=3553331.07..3553331.08 rows=1 width=34)
         Sort Key: (count(*)) DESC, supplier.s_name
         ->  GroupAggregate  (cost=3553331.04..3553331.06 rows=1 width=34)
               Group Key: supplier.s_name
               ->  Sort  (cost=3553331.04..3553331.05 rows=1 width=26)
                     Sort Key: supplier.s_name
                     ->  Nested Loop Semi Join  (cost=1970166.17..3553331.03 rows=1 width=26)
                           Join Filter: (l2.l_suppkey <> l1.l_suppkey)
                           ->  Nested Loop Anti Join  (cost=1970165.61..3553327.80 rows=1 width=38)
                                 ->  Hash Join  (cost=1970165.04..2450010.53 rows=385516 width=38)
                                       Hash Cond: (orders.o_orderkey = l1.l_orderkey)
                                       ->  Seq Scan on orders  (cost=0.00..448770.58 rows=7258600 width=4)
                                             Filter: (o_orderstatus = 'F'::bpchar)
                                       ->  Hash  (cost=1960206.48..1960206.48 rows=796685 width=34)
                                             ->  Hash Join  (cost=2311.46..1960206.48 rows=796685 width=34)
                                                   Hash Cond: (l1.l_suppkey = supplier.s_suppkey)
                                                   ->  Seq Scan on lineitem l1  (cost=0.00..1874947.70 rows=19994792 width=8)
                                                         Filter: (l_receiptdate > l_commitdate)
                                                   ->  Hash  (cost=2261.46..2261.46 rows=4000 width=30)
                                                         ->  Nested Loop  (cost=37.29..2261.46 rows=4000 width=30)
                                                               ->  Seq Scan on nation  (cost=0.00..1.31 rows=1 width=4)
                                                                     Filter: (n_name = 'PERU'::bpchar)
                                                               ->  Bitmap Heap Scan on supplier  (cost=37.29..2220.15 rows=4000 width=34)
                                                                     Recheck Cond: (s_nationkey = nation.n_nationkey)
                                                                     ->  Bitmap Index Scan on idx_supplier_nation_key  (cost=0.00..36.29 rows=4000 width=0)
                                                                           Index Cond: (s_nationkey = nation.n_nationkey)
                                 ->  Index Scan using idx_lineitem_orderkey on lineitem l3  (cost=0.56..3.23 rows=1 width=8)
                                       Index Cond: (l_orderkey = l1.l_orderkey)
                                       Filter: ((l_receiptdate > l_commitdate) AND (l_suppkey <> l1.l_suppkey))
                           ->  Index Scan using idx_lineitem_orderkey on lineitem l2  (cost=0.56..3.22 rows=4 width=8)
                                 Index Cond: (l_orderkey = orders.o_orderkey)
(32 rows)

query 21 run 3
SET
SET
SET
                                                                         QUERY PLAN                                                                         
------------------------------------------------------------------------------------------------------------------------------------------------------------
 Limit  (cost=3553331.07..3553331.08 rows=1 width=34)
   ->  Sort  (cost=3553331.07..3553331.08 rows=1 width=34)
         Sort Key: (count(*)) DESC, supplier.s_name
         ->  GroupAggregate  (cost=3553331.04..3553331.06 rows=1 width=34)
               Group Key: supplier.s_name
               ->  Sort  (cost=3553331.04..3553331.05 rows=1 width=26)
                     Sort Key: supplier.s_name
                     ->  Nested Loop Semi Join  (cost=1970166.17..3553331.03 rows=1 width=26)
                           Join Filter: (l2.l_suppkey <> l1.l_suppkey)
                           ->  Nested Loop Anti Join  (cost=1970165.61..3553327.80 rows=1 width=38)
                                 ->  Hash Join  (cost=1970165.04..2450010.53 rows=385516 width=38)
                                       Hash Cond: (orders.o_orderkey = l1.l_orderkey)
                                       ->  Seq Scan on orders  (cost=0.00..448770.58 rows=7258600 width=4)
                                             Filter: (o_orderstatus = 'F'::bpchar)
                                       ->  Hash  (cost=1960206.48..1960206.48 rows=796685 width=34)
                                             ->  Hash Join  (cost=2311.46..1960206.48 rows=796685 width=34)
                                                   Hash Cond: (l1.l_suppkey = supplier.s_suppkey)
                                                   ->  Seq Scan on lineitem l1  (cost=0.00..1874947.70 rows=19994792 width=8)
                                                         Filter: (l_receiptdate > l_commitdate)
                                                   ->  Hash  (cost=2261.46..2261.46 rows=4000 width=30)
                                                         ->  Nested Loop  (cost=37.29..2261.46 rows=4000 width=30)
                                                               ->  Seq Scan on nation  (cost=0.00..1.31 rows=1 width=4)
                                                                     Filter: (n_name = 'PERU'::bpchar)
                                                               ->  Bitmap Heap Scan on supplier  (cost=37.29..2220.15 rows=4000 width=34)
                                                                     Recheck Cond: (s_nationkey = nation.n_nationkey)
                                                                     ->  Bitmap Index Scan on idx_supplier_nation_key  (cost=0.00..36.29 rows=4000 width=0)
                                                                           Index Cond: (s_nationkey = nation.n_nationkey)
                                 ->  Index Scan using idx_lineitem_orderkey on lineitem l3  (cost=0.56..3.23 rows=1 width=8)
                                       Index Cond: (l_orderkey = l1.l_orderkey)
                                       Filter: ((l_receiptdate > l_commitdate) AND (l_suppkey <> l1.l_suppkey))
                           ->  Index Scan using idx_lineitem_orderkey on lineitem l2  (cost=0.56..3.22 rows=4 width=8)
                                 Index Cond: (l_orderkey = orders.o_orderkey)
(32 rows)

query 22 run 1
SET
SET
SET
                                                                     QUERY PLAN                                                                     
----------------------------------------------------------------------------------------------------------------------------------------------------
 Limit  (cost=161010.75..161010.77 rows=1 width=72)
   InitPlan 1
     ->  Aggregate  (cost=75443.23..75443.24 rows=1 width=32)
           ->  Seq Scan on customer customer_1  (cost=0.00..75324.10 rows=47650 width=6)
                 Filter: ((c_acctbal > 0.00) AND (SUBSTRING(c_phone FROM 1 FOR 2) = ANY ('{21,29,26,34,14,15,17}'::text[])))
   ->  GroupAggregate  (cost=85567.51..85770.57 rows=7384 width=72)
         Group Key: (SUBSTRING(customer.c_phone FROM 1 FOR 2))
         ->  Sort  (cost=85567.51..85585.97 rows=7384 width=38)
               Sort Key: (SUBSTRING(customer.c_phone FROM 1 FOR 2))
               ->  Nested Loop Anti Join  (cost=0.43..85093.08 rows=7384 width=38)
                     ->  Seq Scan on customer  (cost=0.00..75324.10 rows=17501 width=26)
                           Filter: ((c_acctbal > (InitPlan 1).col1) AND (SUBSTRING(c_phone FROM 1 FOR 2) = ANY ('{21,29,26,34,14,15,17}'::text[])))
                     ->  Index Only Scan using idx_orders_custkey on orders  (cost=0.43..1.69 rows=17 width=4)
                           Index Cond: (o_custkey = customer.c_custkey)
(14 rows)

query 22 run 2
SET
SET
SET
                                                                     QUERY PLAN                                                                     
----------------------------------------------------------------------------------------------------------------------------------------------------
 Limit  (cost=161010.75..161010.77 rows=1 width=72)
   InitPlan 1
     ->  Aggregate  (cost=75443.23..75443.24 rows=1 width=32)
           ->  Seq Scan on customer customer_1  (cost=0.00..75324.10 rows=47650 width=6)
                 Filter: ((c_acctbal > 0.00) AND (SUBSTRING(c_phone FROM 1 FOR 2) = ANY ('{21,29,26,34,14,15,17}'::text[])))
   ->  GroupAggregate  (cost=85567.51..85770.57 rows=7384 width=72)
         Group Key: (SUBSTRING(customer.c_phone FROM 1 FOR 2))
         ->  Sort  (cost=85567.51..85585.97 rows=7384 width=38)
               Sort Key: (SUBSTRING(customer.c_phone FROM 1 FOR 2))
               ->  Nested Loop Anti Join  (cost=0.43..85093.08 rows=7384 width=38)
                     ->  Seq Scan on customer  (cost=0.00..75324.10 rows=17501 width=26)
                           Filter: ((c_acctbal > (InitPlan 1).col1) AND (SUBSTRING(c_phone FROM 1 FOR 2) = ANY ('{21,29,26,34,14,15,17}'::text[])))
                     ->  Index Only Scan using idx_orders_custkey on orders  (cost=0.43..1.69 rows=17 width=4)
                           Index Cond: (o_custkey = customer.c_custkey)
(14 rows)

query 22 run 3
SET
SET
SET
                                                                     QUERY PLAN                                                                     
----------------------------------------------------------------------------------------------------------------------------------------------------
 Limit  (cost=161010.75..161010.77 rows=1 width=72)
   InitPlan 1
     ->  Aggregate  (cost=75443.23..75443.24 rows=1 width=32)
           ->  Seq Scan on customer customer_1  (cost=0.00..75324.10 rows=47650 width=6)
                 Filter: ((c_acctbal > 0.00) AND (SUBSTRING(c_phone FROM 1 FOR 2) = ANY ('{21,29,26,34,14,15,17}'::text[])))
   ->  GroupAggregate  (cost=85567.51..85770.57 rows=7384 width=72)
         Group Key: (SUBSTRING(customer.c_phone FROM 1 FOR 2))
         ->  Sort  (cost=85567.51..85585.97 rows=7384 width=38)
               Sort Key: (SUBSTRING(customer.c_phone FROM 1 FOR 2))
               ->  Nested Loop Anti Join  (cost=0.43..85093.08 rows=7384 width=38)
                     ->  Seq Scan on customer  (cost=0.00..75324.10 rows=17501 width=26)
                           Filter: ((c_acctbal > (InitPlan 1).col1) AND (SUBSTRING(c_phone FROM 1 FOR 2) = ANY ('{21,29,26,34,14,15,17}'::text[])))
                     ->  Index Only Scan using idx_orders_custkey on orders  (cost=0.43..1.69 rows=17 width=4)
                           Index Cond: (o_custkey = customer.c_custkey)
(14 rows)

