query 1 run 1
SET
SET
SET
                                                 QUERY PLAN                                                  
-------------------------------------------------------------------------------------------------------------
 Limit  (cost=1832110.60..1832111.23 rows=1 width=236)
   ->  Finalize GroupAggregate  (cost=1832110.60..1832114.42 rows=6 width=236)
         Group Key: l_returnflag, l_linestatus
         ->  Gather Merge  (cost=1832110.60..1832113.47 rows=24 width=236)
               Workers Planned: 4
               ->  Sort  (cost=1831110.54..1831110.56 rows=6 width=236)
                     Sort Key: l_returnflag, l_linestatus
                     ->  Partial HashAggregate  (cost=1831110.33..1831110.46 rows=6 width=236)
                           Group Key: l_returnflag, l_linestatus
                           ->  Parallel Seq Scan on lineitem  (cost=0.00..1312594.64 rows=14814734 width=25)
                                 Filter: (l_shipdate <= '1998-09-10 00:00:00'::timestamp without time zone)
(11 rows)

query 1 run 2
SET
SET
SET
                                                 QUERY PLAN                                                  
-------------------------------------------------------------------------------------------------------------
 Limit  (cost=1832110.60..1832111.23 rows=1 width=236)
   ->  Finalize GroupAggregate  (cost=1832110.60..1832114.42 rows=6 width=236)
         Group Key: l_returnflag, l_linestatus
         ->  Gather Merge  (cost=1832110.60..1832113.47 rows=24 width=236)
               Workers Planned: 4
               ->  Sort  (cost=1831110.54..1831110.56 rows=6 width=236)
                     Sort Key: l_returnflag, l_linestatus
                     ->  Partial HashAggregate  (cost=1831110.33..1831110.46 rows=6 width=236)
                           Group Key: l_returnflag, l_linestatus
                           ->  Parallel Seq Scan on lineitem  (cost=0.00..1312594.64 rows=14814734 width=25)
                                 Filter: (l_shipdate <= '1998-09-10 00:00:00'::timestamp without time zone)
(11 rows)

query 1 run 3
SET
SET
SET
                                                 QUERY PLAN                                                  
-------------------------------------------------------------------------------------------------------------
 Limit  (cost=1832110.60..1832111.23 rows=1 width=236)
   ->  Finalize GroupAggregate  (cost=1832110.60..1832114.42 rows=6 width=236)
         Group Key: l_returnflag, l_linestatus
         ->  Gather Merge  (cost=1832110.60..1832113.47 rows=24 width=236)
               Workers Planned: 4
               ->  Sort  (cost=1831110.54..1831110.56 rows=6 width=236)
                     Sort Key: l_returnflag, l_linestatus
                     ->  Partial HashAggregate  (cost=1831110.33..1831110.46 rows=6 width=236)
                           Group Key: l_returnflag, l_linestatus
                           ->  Parallel Seq Scan on lineitem  (cost=0.00..1312594.64 rows=14814734 width=25)
                                 Filter: (l_shipdate <= '1998-09-10 00:00:00'::timestamp without time zone)
(11 rows)

query 2 run 1
SET
SET
SET
                                                                  QUERY PLAN                                                                  
----------------------------------------------------------------------------------------------------------------------------------------------
 Limit  (cost=869864.16..869864.16 rows=1 width=192)
   ->  Sort  (cost=869864.16..869864.16 rows=1 width=192)
         Sort Key: supplier.s_acctbal DESC, nation.n_name, supplier.s_name, part.p_partkey
         ->  Merge Join  (cost=363815.58..869864.15 rows=1 width=192)
               Merge Cond: (part.p_partkey = partsupp.ps_partkey)
               Join Filter: (partsupp.ps_supplycost = (SubPlan 1))
               ->  Gather Merge  (cost=1000.49..68670.03 rows=8044 width=30)
                     Workers Planned: 4
                     ->  Parallel Index Scan using part_pkey on part  (cost=0.43..66711.85 rows=2011 width=30)
                           Filter: (((p_type)::text ~~ '%NICKEL'::text) AND (p_size = 16))
               ->  Materialize  (cost=362814.39..370812.34 rows=1599590 width=172)
                     ->  Sort  (cost=362814.39..366813.36 rows=1599590 width=172)
                           Sort Key: partsupp.ps_partkey
                           ->  Nested Loop  (cost=0.72..110113.22 rows=1599590 width=172)
                                 ->  Nested Loop  (cost=0.29..1239.41 rows=20000 width=166)
                                       ->  Nested Loop  (cost=0.00..2.62 rows=5 width=30)
                                             Join Filter: (nation.n_regionkey = region.r_regionkey)
                                             ->  Seq Scan on region  (cost=0.00..1.06 rows=1 width=4)
                                                   Filter: (r_name = 'AMERICA'::bpchar)
                                             ->  Seq Scan on nation  (cost=0.00..1.25 rows=25 width=34)
                                       ->  Index Scan using idx_supplier_nation_key on supplier  (cost=0.29..207.36 rows=4000 width=144)
                                             Index Cond: (s_nationkey = nation.n_nationkey)
                                 ->  Index Scan using idx_partsupp_suppkey on partsupp  (cost=0.43..4.61 rows=83 width=14)
                                       Index Cond: (ps_suppkey = supplier.s_suppkey)
               SubPlan 1
                 ->  Aggregate  (cost=66.25..66.26 rows=1 width=32)
                       ->  Nested Loop  (cost=2.29..66.24 rows=4 width=6)
                             Join Filter: (nation_1.n_regionkey = region_1.r_regionkey)
                             ->  Seq Scan on region region_1  (cost=0.00..1.06 rows=1 width=4)
                                   Filter: (r_name = 'AMERICA'::bpchar)
                             ->  Hash Join  (cost=2.29..64.95 rows=18 width=10)
                                   Hash Cond: (supplier_1.s_nationkey = nation_1.n_nationkey)
                                   ->  Nested Loop  (cost=0.72..63.33 rows=18 width=10)
                                         ->  Index Scan using idx_partsupp_partkey on partsupp partsupp_1  (cost=0.43..3.75 rows=18 width=10)
                                               Index Cond: (ps_partkey = part.p_partkey)
                                         ->  Index Scan using supplier_pkey on supplier supplier_1  (cost=0.29..3.31 rows=1 width=8)
                                               Index Cond: (s_suppkey = partsupp_1.ps_suppkey)
                                   ->  Hash  (cost=1.25..1.25 rows=25 width=8)
                                         ->  Seq Scan on nation nation_1  (cost=0.00..1.25 rows=25 width=8)
(39 rows)

query 2 run 2
SET
SET
SET
                                                                  QUERY PLAN                                                                  
----------------------------------------------------------------------------------------------------------------------------------------------
 Limit  (cost=869864.16..869864.16 rows=1 width=192)
   ->  Sort  (cost=869864.16..869864.16 rows=1 width=192)
         Sort Key: supplier.s_acctbal DESC, nation.n_name, supplier.s_name, part.p_partkey
         ->  Merge Join  (cost=363815.58..869864.15 rows=1 width=192)
               Merge Cond: (part.p_partkey = partsupp.ps_partkey)
               Join Filter: (partsupp.ps_supplycost = (SubPlan 1))
               ->  Gather Merge  (cost=1000.49..68670.03 rows=8044 width=30)
                     Workers Planned: 4
                     ->  Parallel Index Scan using part_pkey on part  (cost=0.43..66711.85 rows=2011 width=30)
                           Filter: (((p_type)::text ~~ '%NICKEL'::text) AND (p_size = 16))
               ->  Materialize  (cost=362814.39..370812.34 rows=1599590 width=172)
                     ->  Sort  (cost=362814.39..366813.36 rows=1599590 width=172)
                           Sort Key: partsupp.ps_partkey
                           ->  Nested Loop  (cost=0.72..110113.22 rows=1599590 width=172)
                                 ->  Nested Loop  (cost=0.29..1239.41 rows=20000 width=166)
                                       ->  Nested Loop  (cost=0.00..2.62 rows=5 width=30)
                                             Join Filter: (nation.n_regionkey = region.r_regionkey)
                                             ->  Seq Scan on region  (cost=0.00..1.06 rows=1 width=4)
                                                   Filter: (r_name = 'AMERICA'::bpchar)
                                             ->  Seq Scan on nation  (cost=0.00..1.25 rows=25 width=34)
                                       ->  Index Scan using idx_supplier_nation_key on supplier  (cost=0.29..207.36 rows=4000 width=144)
                                             Index Cond: (s_nationkey = nation.n_nationkey)
                                 ->  Index Scan using idx_partsupp_suppkey on partsupp  (cost=0.43..4.61 rows=83 width=14)
                                       Index Cond: (ps_suppkey = supplier.s_suppkey)
               SubPlan 1
                 ->  Aggregate  (cost=66.25..66.26 rows=1 width=32)
                       ->  Nested Loop  (cost=2.29..66.24 rows=4 width=6)
                             Join Filter: (nation_1.n_regionkey = region_1.r_regionkey)
                             ->  Seq Scan on region region_1  (cost=0.00..1.06 rows=1 width=4)
                                   Filter: (r_name = 'AMERICA'::bpchar)
                             ->  Hash Join  (cost=2.29..64.95 rows=18 width=10)
                                   Hash Cond: (supplier_1.s_nationkey = nation_1.n_nationkey)
                                   ->  Nested Loop  (cost=0.72..63.33 rows=18 width=10)
                                         ->  Index Scan using idx_partsupp_partkey on partsupp partsupp_1  (cost=0.43..3.75 rows=18 width=10)
                                               Index Cond: (ps_partkey = part.p_partkey)
                                         ->  Index Scan using supplier_pkey on supplier supplier_1  (cost=0.29..3.31 rows=1 width=8)
                                               Index Cond: (s_suppkey = partsupp_1.ps_suppkey)
                                   ->  Hash  (cost=1.25..1.25 rows=25 width=8)
                                         ->  Seq Scan on nation nation_1  (cost=0.00..1.25 rows=25 width=8)
(39 rows)

query 2 run 3
SET
SET
SET
                                                                  QUERY PLAN                                                                  
----------------------------------------------------------------------------------------------------------------------------------------------
 Limit  (cost=869864.16..869864.16 rows=1 width=192)
   ->  Sort  (cost=869864.16..869864.16 rows=1 width=192)
         Sort Key: supplier.s_acctbal DESC, nation.n_name, supplier.s_name, part.p_partkey
         ->  Merge Join  (cost=363815.58..869864.15 rows=1 width=192)
               Merge Cond: (part.p_partkey = partsupp.ps_partkey)
               Join Filter: (partsupp.ps_supplycost = (SubPlan 1))
               ->  Gather Merge  (cost=1000.49..68670.03 rows=8044 width=30)
                     Workers Planned: 4
                     ->  Parallel Index Scan using part_pkey on part  (cost=0.43..66711.85 rows=2011 width=30)
                           Filter: (((p_type)::text ~~ '%NICKEL'::text) AND (p_size = 16))
               ->  Materialize  (cost=362814.39..370812.34 rows=1599590 width=172)
                     ->  Sort  (cost=362814.39..366813.36 rows=1599590 width=172)
                           Sort Key: partsupp.ps_partkey
                           ->  Nested Loop  (cost=0.72..110113.22 rows=1599590 width=172)
                                 ->  Nested Loop  (cost=0.29..1239.41 rows=20000 width=166)
                                       ->  Nested Loop  (cost=0.00..2.62 rows=5 width=30)
                                             Join Filter: (nation.n_regionkey = region.r_regionkey)
                                             ->  Seq Scan on region  (cost=0.00..1.06 rows=1 width=4)
                                                   Filter: (r_name = 'AMERICA'::bpchar)
                                             ->  Seq Scan on nation  (cost=0.00..1.25 rows=25 width=34)
                                       ->  Index Scan using idx_supplier_nation_key on supplier  (cost=0.29..207.36 rows=4000 width=144)
                                             Index Cond: (s_nationkey = nation.n_nationkey)
                                 ->  Index Scan using idx_partsupp_suppkey on partsupp  (cost=0.43..4.61 rows=83 width=14)
                                       Index Cond: (ps_suppkey = supplier.s_suppkey)
               SubPlan 1
                 ->  Aggregate  (cost=66.25..66.26 rows=1 width=32)
                       ->  Nested Loop  (cost=2.29..66.24 rows=4 width=6)
                             Join Filter: (nation_1.n_regionkey = region_1.r_regionkey)
                             ->  Seq Scan on region region_1  (cost=0.00..1.06 rows=1 width=4)
                                   Filter: (r_name = 'AMERICA'::bpchar)
                             ->  Hash Join  (cost=2.29..64.95 rows=18 width=10)
                                   Hash Cond: (supplier_1.s_nationkey = nation_1.n_nationkey)
                                   ->  Nested Loop  (cost=0.72..63.33 rows=18 width=10)
                                         ->  Index Scan using idx_partsupp_partkey on partsupp partsupp_1  (cost=0.43..3.75 rows=18 width=10)
                                               Index Cond: (ps_partkey = part.p_partkey)
                                         ->  Index Scan using supplier_pkey on supplier supplier_1  (cost=0.29..3.31 rows=1 width=8)
                                               Index Cond: (s_suppkey = partsupp_1.ps_suppkey)
                                   ->  Hash  (cost=1.25..1.25 rows=25 width=8)
                                         ->  Seq Scan on nation nation_1  (cost=0.00..1.25 rows=25 width=8)
(39 rows)

query 3 run 1
SET
SET
SET
                                                        QUERY PLAN                                                         
---------------------------------------------------------------------------------------------------------------------------
 Limit  (cost=1941495.54..1941495.57 rows=10 width=44)
   ->  Sort  (cost=1941495.54..1949427.94 rows=3172959 width=44)
         Sort Key: (sum((lineitem.l_extendedprice * ('1'::numeric - lineitem.l_discount)))) DESC, orders.o_orderdate
         ->  GroupAggregate  (cost=1405759.56..1872929.04 rows=3172959 width=44)
               Group Key: lineitem.l_orderkey, orders.o_orderdate, orders.o_shippriority
               ->  Gather Merge  (cost=1405759.56..1785672.67 rows=3172959 width=24)
                     Workers Planned: 4
                     ->  Sort  (cost=1404759.51..1406742.61 rows=793240 width=24)
                           Sort Key: lineitem.l_orderkey, orders.o_orderdate, orders.o_shippriority
                           ->  Nested Loop  (cost=41576.21..1316574.31 rows=793240 width=24)
                                 ->  Parallel Hash Join  (cost=41575.64..354477.02 rows=363514 width=12)
                                       Hash Cond: (orders.o_custkey = customer.c_custkey)
                                       ->  Parallel Seq Scan on orders  (cost=0.00..308146.09 rows=1811532 width=16)
                                             Filter: (o_orderdate < '1995-03-07'::date)
                                       ->  Parallel Hash  (cost=40634.93..40634.93 rows=75257 width=4)
                                             ->  Parallel Seq Scan on customer  (cost=0.00..40634.93 rows=75257 width=4)
                                                   Filter: (c_mktsegment = 'BUILDING'::bpchar)
                                 ->  Index Scan using idx_lineitem_orderkey on lineitem  (cost=0.56..2.63 rows=2 width=16)
                                       Index Cond: (l_orderkey = orders.o_orderkey)
                                       Filter: (l_shipdate > '1995-03-07'::date)
(20 rows)

query 3 run 2
SET
SET
SET
                                                        QUERY PLAN                                                         
---------------------------------------------------------------------------------------------------------------------------
 Limit  (cost=1941495.54..1941495.57 rows=10 width=44)
   ->  Sort  (cost=1941495.54..1949427.94 rows=3172959 width=44)
         Sort Key: (sum((lineitem.l_extendedprice * ('1'::numeric - lineitem.l_discount)))) DESC, orders.o_orderdate
         ->  GroupAggregate  (cost=1405759.56..1872929.04 rows=3172959 width=44)
               Group Key: lineitem.l_orderkey, orders.o_orderdate, orders.o_shippriority
               ->  Gather Merge  (cost=1405759.56..1785672.67 rows=3172959 width=24)
                     Workers Planned: 4
                     ->  Sort  (cost=1404759.51..1406742.61 rows=793240 width=24)
                           Sort Key: lineitem.l_orderkey, orders.o_orderdate, orders.o_shippriority
                           ->  Nested Loop  (cost=41576.21..1316574.31 rows=793240 width=24)
                                 ->  Parallel Hash Join  (cost=41575.64..354477.02 rows=363514 width=12)
                                       Hash Cond: (orders.o_custkey = customer.c_custkey)
                                       ->  Parallel Seq Scan on orders  (cost=0.00..308146.09 rows=1811532 width=16)
                                             Filter: (o_orderdate < '1995-03-07'::date)
                                       ->  Parallel Hash  (cost=40634.93..40634.93 rows=75257 width=4)
                                             ->  Parallel Seq Scan on customer  (cost=0.00..40634.93 rows=75257 width=4)
                                                   Filter: (c_mktsegment = 'BUILDING'::bpchar)
                                 ->  Index Scan using idx_lineitem_orderkey on lineitem  (cost=0.56..2.63 rows=2 width=16)
                                       Index Cond: (l_orderkey = orders.o_orderkey)
                                       Filter: (l_shipdate > '1995-03-07'::date)
(20 rows)

query 3 run 3
SET
SET
SET
                                                        QUERY PLAN                                                         
---------------------------------------------------------------------------------------------------------------------------
 Limit  (cost=1941495.54..1941495.57 rows=10 width=44)
   ->  Sort  (cost=1941495.54..1949427.94 rows=3172959 width=44)
         Sort Key: (sum((lineitem.l_extendedprice * ('1'::numeric - lineitem.l_discount)))) DESC, orders.o_orderdate
         ->  GroupAggregate  (cost=1405759.56..1872929.04 rows=3172959 width=44)
               Group Key: lineitem.l_orderkey, orders.o_orderdate, orders.o_shippriority
               ->  Gather Merge  (cost=1405759.56..1785672.67 rows=3172959 width=24)
                     Workers Planned: 4
                     ->  Sort  (cost=1404759.51..1406742.61 rows=793240 width=24)
                           Sort Key: lineitem.l_orderkey, orders.o_orderdate, orders.o_shippriority
                           ->  Nested Loop  (cost=41576.21..1316574.31 rows=793240 width=24)
                                 ->  Parallel Hash Join  (cost=41575.64..354477.02 rows=363514 width=12)
                                       Hash Cond: (orders.o_custkey = customer.c_custkey)
                                       ->  Parallel Seq Scan on orders  (cost=0.00..308146.09 rows=1811532 width=16)
                                             Filter: (o_orderdate < '1995-03-07'::date)
                                       ->  Parallel Hash  (cost=40634.93..40634.93 rows=75257 width=4)
                                             ->  Parallel Seq Scan on customer  (cost=0.00..40634.93 rows=75257 width=4)
                                                   Filter: (c_mktsegment = 'BUILDING'::bpchar)
                                 ->  Index Scan using idx_lineitem_orderkey on lineitem  (cost=0.56..2.63 rows=2 width=16)
                                       Index Cond: (l_orderkey = orders.o_orderkey)
                                       Filter: (l_shipdate > '1995-03-07'::date)
(20 rows)

query 4 run 1
SET
SET
SET
                                                           QUERY PLAN                                                           
--------------------------------------------------------------------------------------------------------------------------------
 Limit  (cost=282364.35..572773.07 rows=1 width=24)
   ->  GroupAggregate  (cost=282364.35..1734407.98 rows=5 width=24)
         Group Key: orders.o_orderpriority
         ->  Nested Loop Semi Join  (cost=282364.35..1731664.84 rows=548619 width=16)
               ->  Gather Merge  (cost=282363.78..348073.79 rows=548797 width=20)
                     Workers Planned: 4
                     ->  Sort  (cost=281363.72..281706.72 rows=137199 width=20)
                           Sort Key: orders.o_orderpriority
                           ->  Parallel Bitmap Heap Scan on orders  (cost=6330.60..269656.59 rows=137199 width=20)
                                 Recheck Cond: ((o_orderdate >= '1993-12-01'::date) AND (o_orderdate < '1994-03-01'::date))
                                 ->  Bitmap Index Scan on idx_orders_orderdate  (cost=0.00..6193.41 rows=548797 width=0)
                                       Index Cond: ((o_orderdate >= '1993-12-01'::date) AND (o_orderdate < '1994-03-01'::date))
               ->  Index Scan using idx_lineitem_orderkey on lineitem  (cost=0.56..2.84 rows=1 width=4)
                     Index Cond: (l_orderkey = orders.o_orderkey)
                     Filter: (l_commitdate < l_receiptdate)
(15 rows)

query 4 run 2
SET
SET
SET
                                                           QUERY PLAN                                                           
--------------------------------------------------------------------------------------------------------------------------------
 Limit  (cost=282364.35..572773.07 rows=1 width=24)
   ->  GroupAggregate  (cost=282364.35..1734407.98 rows=5 width=24)
         Group Key: orders.o_orderpriority
         ->  Nested Loop Semi Join  (cost=282364.35..1731664.84 rows=548619 width=16)
               ->  Gather Merge  (cost=282363.78..348073.79 rows=548797 width=20)
                     Workers Planned: 4
                     ->  Sort  (cost=281363.72..281706.72 rows=137199 width=20)
                           Sort Key: orders.o_orderpriority
                           ->  Parallel Bitmap Heap Scan on orders  (cost=6330.60..269656.59 rows=137199 width=20)
                                 Recheck Cond: ((o_orderdate >= '1993-12-01'::date) AND (o_orderdate < '1994-03-01'::date))
                                 ->  Bitmap Index Scan on idx_orders_orderdate  (cost=0.00..6193.41 rows=548797 width=0)
                                       Index Cond: ((o_orderdate >= '1993-12-01'::date) AND (o_orderdate < '1994-03-01'::date))
               ->  Index Scan using idx_lineitem_orderkey on lineitem  (cost=0.56..2.84 rows=1 width=4)
                     Index Cond: (l_orderkey = orders.o_orderkey)
                     Filter: (l_commitdate < l_receiptdate)
(15 rows)

query 4 run 3
SET
SET
SET
                                                           QUERY PLAN                                                           
--------------------------------------------------------------------------------------------------------------------------------
 Limit  (cost=282364.35..572773.07 rows=1 width=24)
   ->  GroupAggregate  (cost=282364.35..1734407.98 rows=5 width=24)
         Group Key: orders.o_orderpriority
         ->  Nested Loop Semi Join  (cost=282364.35..1731664.84 rows=548619 width=16)
               ->  Gather Merge  (cost=282363.78..348073.79 rows=548797 width=20)
                     Workers Planned: 4
                     ->  Sort  (cost=281363.72..281706.72 rows=137199 width=20)
                           Sort Key: orders.o_orderpriority
                           ->  Parallel Bitmap Heap Scan on orders  (cost=6330.60..269656.59 rows=137199 width=20)
                                 Recheck Cond: ((o_orderdate >= '1993-12-01'::date) AND (o_orderdate < '1994-03-01'::date))
                                 ->  Bitmap Index Scan on idx_orders_orderdate  (cost=0.00..6193.41 rows=548797 width=0)
                                       Index Cond: ((o_orderdate >= '1993-12-01'::date) AND (o_orderdate < '1994-03-01'::date))
               ->  Index Scan using idx_lineitem_orderkey on lineitem  (cost=0.56..2.84 rows=1 width=4)
                     Index Cond: (l_orderkey = orders.o_orderkey)
                     Filter: (l_commitdate < l_receiptdate)
(15 rows)

query 5 run 1
SET
SET
SET
                                                                       QUERY PLAN                                                                       
--------------------------------------------------------------------------------------------------------------------------------------------------------
 Limit  (cost=654502.90..654502.90 rows=1 width=58)
   ->  Sort  (cost=654502.90..654502.96 rows=25 width=58)
         Sort Key: (sum((lineitem.l_extendedprice * ('1'::numeric - lineitem.l_discount)))) DESC
         ->  Finalize GroupAggregate  (cost=654267.85..654502.78 rows=25 width=58)
               Group Key: nation.n_name
               ->  Gather Merge  (cost=654267.85..654501.71 rows=100 width=58)
                     Workers Planned: 4
                     ->  Partial GroupAggregate  (cost=653267.80..653489.75 rows=25 width=58)
                           Group Key: nation.n_name
                           ->  Sort  (cost=653267.80..653312.12 rows=17731 width=38)
                                 Sort Key: nation.n_name
                                 ->  Parallel Hash Join  (cost=72554.62..652016.52 rows=17731 width=38)
                                       Hash Cond: ((lineitem.l_suppkey = supplier.s_suppkey) AND (customer.c_nationkey = supplier.s_nationkey))
                                       ->  Nested Loop  (cost=68863.03..645952.32 rows=451924 width=50)
                                             ->  Parallel Hash Join  (cost=68862.46..341008.42 rows=113018 width=38)
                                                   Hash Cond: (orders.o_custkey = customer.c_custkey)
                                                   ->  Parallel Bitmap Heap Scan on orders  (cost=26068.57..295812.90 rows=565089 width=8)
                                                         Recheck Cond: ((o_orderdate >= '1993-01-01'::date) AND (o_orderdate < '1994-01-01'::date))
                                                         ->  Bitmap Index Scan on idx_orders_orderdate  (cost=0.00..25503.49 rows=2260355 width=0)
                                                               Index Cond: ((o_orderdate >= '1993-01-01'::date) AND (o_orderdate < '1994-01-01'::date))
                                                   ->  Parallel Hash  (cost=41856.30..41856.30 rows=75007 width=38)
                                                         ->  Hash Join  (cost=2.51..41856.30 rows=75007 width=38)
                                                               Hash Cond: (customer.c_nationkey = nation.n_nationkey)
                                                               ->  Parallel Seq Scan on customer  (cost=0.00..39697.35 rows=375034 width=8)
                                                               ->  Hash  (cost=2.45..2.45 rows=5 width=30)
                                                                     ->  Hash Join  (cost=1.07..2.45 rows=5 width=30)
                                                                           Hash Cond: (nation.n_regionkey = region.r_regionkey)
                                                                           ->  Seq Scan on nation  (cost=0.00..1.25 rows=25 width=34)
                                                                           ->  Hash  (cost=1.06..1.06 rows=1 width=4)
                                                                                 ->  Seq Scan on region  (cost=0.00..1.06 rows=1 width=4)
                                                                                       Filter: (r_name = 'AMERICA'::bpchar)
                                             ->  Index Scan using idx_lineitem_orderkey on lineitem  (cost=0.56..2.66 rows=4 width=20)
                                                   Index Cond: (l_orderkey = orders.o_orderkey)
                                       ->  Parallel Hash  (cost=2809.24..2809.24 rows=58824 width=8)
                                             ->  Parallel Seq Scan on supplier  (cost=0.00..2809.24 rows=58824 width=8)
(35 rows)

query 5 run 2
SET
SET
SET
                                                                       QUERY PLAN                                                                       
--------------------------------------------------------------------------------------------------------------------------------------------------------
 Limit  (cost=654502.90..654502.90 rows=1 width=58)
   ->  Sort  (cost=654502.90..654502.96 rows=25 width=58)
         Sort Key: (sum((lineitem.l_extendedprice * ('1'::numeric - lineitem.l_discount)))) DESC
         ->  Finalize GroupAggregate  (cost=654267.85..654502.78 rows=25 width=58)
               Group Key: nation.n_name
               ->  Gather Merge  (cost=654267.85..654501.71 rows=100 width=58)
                     Workers Planned: 4
                     ->  Partial GroupAggregate  (cost=653267.80..653489.75 rows=25 width=58)
                           Group Key: nation.n_name
                           ->  Sort  (cost=653267.80..653312.12 rows=17731 width=38)
                                 Sort Key: nation.n_name
                                 ->  Parallel Hash Join  (cost=72554.62..652016.52 rows=17731 width=38)
                                       Hash Cond: ((lineitem.l_suppkey = supplier.s_suppkey) AND (customer.c_nationkey = supplier.s_nationkey))
                                       ->  Nested Loop  (cost=68863.03..645952.32 rows=451924 width=50)
                                             ->  Parallel Hash Join  (cost=68862.46..341008.42 rows=113018 width=38)
                                                   Hash Cond: (orders.o_custkey = customer.c_custkey)
                                                   ->  Parallel Bitmap Heap Scan on orders  (cost=26068.57..295812.90 rows=565089 width=8)
                                                         Recheck Cond: ((o_orderdate >= '1993-01-01'::date) AND (o_orderdate < '1994-01-01'::date))
                                                         ->  Bitmap Index Scan on idx_orders_orderdate  (cost=0.00..25503.49 rows=2260355 width=0)
                                                               Index Cond: ((o_orderdate >= '1993-01-01'::date) AND (o_orderdate < '1994-01-01'::date))
                                                   ->  Parallel Hash  (cost=41856.30..41856.30 rows=75007 width=38)
                                                         ->  Hash Join  (cost=2.51..41856.30 rows=75007 width=38)
                                                               Hash Cond: (customer.c_nationkey = nation.n_nationkey)
                                                               ->  Parallel Seq Scan on customer  (cost=0.00..39697.35 rows=375034 width=8)
                                                               ->  Hash  (cost=2.45..2.45 rows=5 width=30)
                                                                     ->  Hash Join  (cost=1.07..2.45 rows=5 width=30)
                                                                           Hash Cond: (nation.n_regionkey = region.r_regionkey)
                                                                           ->  Seq Scan on nation  (cost=0.00..1.25 rows=25 width=34)
                                                                           ->  Hash  (cost=1.06..1.06 rows=1 width=4)
                                                                                 ->  Seq Scan on region  (cost=0.00..1.06 rows=1 width=4)
                                                                                       Filter: (r_name = 'AMERICA'::bpchar)
                                             ->  Index Scan using idx_lineitem_orderkey on lineitem  (cost=0.56..2.66 rows=4 width=20)
                                                   Index Cond: (l_orderkey = orders.o_orderkey)
                                       ->  Parallel Hash  (cost=2809.24..2809.24 rows=58824 width=8)
                                             ->  Parallel Seq Scan on supplier  (cost=0.00..2809.24 rows=58824 width=8)
(35 rows)

query 5 run 3
SET
SET
SET
                                                                       QUERY PLAN                                                                       
--------------------------------------------------------------------------------------------------------------------------------------------------------
 Limit  (cost=654502.90..654502.90 rows=1 width=58)
   ->  Sort  (cost=654502.90..654502.96 rows=25 width=58)
         Sort Key: (sum((lineitem.l_extendedprice * ('1'::numeric - lineitem.l_discount)))) DESC
         ->  Finalize GroupAggregate  (cost=654267.85..654502.78 rows=25 width=58)
               Group Key: nation.n_name
               ->  Gather Merge  (cost=654267.85..654501.71 rows=100 width=58)
                     Workers Planned: 4
                     ->  Partial GroupAggregate  (cost=653267.80..653489.75 rows=25 width=58)
                           Group Key: nation.n_name
                           ->  Sort  (cost=653267.80..653312.12 rows=17731 width=38)
                                 Sort Key: nation.n_name
                                 ->  Parallel Hash Join  (cost=72554.62..652016.52 rows=17731 width=38)
                                       Hash Cond: ((lineitem.l_suppkey = supplier.s_suppkey) AND (customer.c_nationkey = supplier.s_nationkey))
                                       ->  Nested Loop  (cost=68863.03..645952.32 rows=451924 width=50)
                                             ->  Parallel Hash Join  (cost=68862.46..341008.42 rows=113018 width=38)
                                                   Hash Cond: (orders.o_custkey = customer.c_custkey)
                                                   ->  Parallel Bitmap Heap Scan on orders  (cost=26068.57..295812.90 rows=565089 width=8)
                                                         Recheck Cond: ((o_orderdate >= '1993-01-01'::date) AND (o_orderdate < '1994-01-01'::date))
                                                         ->  Bitmap Index Scan on idx_orders_orderdate  (cost=0.00..25503.49 rows=2260355 width=0)
                                                               Index Cond: ((o_orderdate >= '1993-01-01'::date) AND (o_orderdate < '1994-01-01'::date))
                                                   ->  Parallel Hash  (cost=41856.30..41856.30 rows=75007 width=38)
                                                         ->  Hash Join  (cost=2.51..41856.30 rows=75007 width=38)
                                                               Hash Cond: (customer.c_nationkey = nation.n_nationkey)
                                                               ->  Parallel Seq Scan on customer  (cost=0.00..39697.35 rows=375034 width=8)
                                                               ->  Hash  (cost=2.45..2.45 rows=5 width=30)
                                                                     ->  Hash Join  (cost=1.07..2.45 rows=5 width=30)
                                                                           Hash Cond: (nation.n_regionkey = region.r_regionkey)
                                                                           ->  Seq Scan on nation  (cost=0.00..1.25 rows=25 width=34)
                                                                           ->  Hash  (cost=1.06..1.06 rows=1 width=4)
                                                                                 ->  Seq Scan on region  (cost=0.00..1.06 rows=1 width=4)
                                                                                       Filter: (r_name = 'AMERICA'::bpchar)
                                             ->  Index Scan using idx_lineitem_orderkey on lineitem  (cost=0.56..2.66 rows=4 width=20)
                                                   Index Cond: (l_orderkey = orders.o_orderkey)
                                       ->  Parallel Hash  (cost=2809.24..2809.24 rows=58824 width=8)
                                             ->  Parallel Seq Scan on supplier  (cost=0.00..2809.24 rows=58824 width=8)
(35 rows)

query 6 run 1
SET
SET
SET
                                                                                                                QUERY PLAN                                                                                                                 
-------------------------------------------------------------------------------------------------------------------------------------------------------------------------------------------------------------------------------------------
 Limit  (cost=1274569.91..1274569.92 rows=1 width=32)
   ->  Finalize Aggregate  (cost=1274569.91..1274569.92 rows=1 width=32)
         ->  Gather  (cost=1274569.48..1274569.89 rows=4 width=32)
               Workers Planned: 4
               ->  Partial Aggregate  (cost=1273569.48..1273569.49 rows=1 width=32)
                     ->  Parallel Bitmap Heap Scan on lineitem  (cost=210167.07..1272104.50 rows=292996 width=12)
                           Recheck Cond: ((l_shipdate >= '1993-01-01'::date) AND (l_shipdate < '1994-01-01 00:00:00'::timestamp without time zone) AND (l_discount >= 0.06) AND (l_discount <= 0.08) AND (l_quantity < '25'::numeric))
                           ->  Bitmap Index Scan on idx_lineitem_shipdate  (cost=0.00..209874.07 rows=1171985 width=0)
                                 Index Cond: ((l_shipdate >= '1993-01-01'::date) AND (l_shipdate < '1994-01-01 00:00:00'::timestamp without time zone) AND (l_discount >= 0.06) AND (l_discount <= 0.08) AND (l_quantity < '25'::numeric))
(9 rows)

query 6 run 2
SET
SET
SET
                                                                                                                QUERY PLAN                                                                                                                 
-------------------------------------------------------------------------------------------------------------------------------------------------------------------------------------------------------------------------------------------
 Limit  (cost=1274569.91..1274569.92 rows=1 width=32)
   ->  Finalize Aggregate  (cost=1274569.91..1274569.92 rows=1 width=32)
         ->  Gather  (cost=1274569.48..1274569.89 rows=4 width=32)
               Workers Planned: 4
               ->  Partial Aggregate  (cost=1273569.48..1273569.49 rows=1 width=32)
                     ->  Parallel Bitmap Heap Scan on lineitem  (cost=210167.07..1272104.50 rows=292996 width=12)
                           Recheck Cond: ((l_shipdate >= '1993-01-01'::date) AND (l_shipdate < '1994-01-01 00:00:00'::timestamp without time zone) AND (l_discount >= 0.06) AND (l_discount <= 0.08) AND (l_quantity < '25'::numeric))
                           ->  Bitmap Index Scan on idx_lineitem_shipdate  (cost=0.00..209874.07 rows=1171985 width=0)
                                 Index Cond: ((l_shipdate >= '1993-01-01'::date) AND (l_shipdate < '1994-01-01 00:00:00'::timestamp without time zone) AND (l_discount >= 0.06) AND (l_discount <= 0.08) AND (l_quantity < '25'::numeric))
(9 rows)

query 6 run 3
SET
SET
SET
                                                                                                                QUERY PLAN                                                                                                                 
-------------------------------------------------------------------------------------------------------------------------------------------------------------------------------------------------------------------------------------------
 Limit  (cost=1274569.91..1274569.92 rows=1 width=32)
   ->  Finalize Aggregate  (cost=1274569.91..1274569.92 rows=1 width=32)
         ->  Gather  (cost=1274569.48..1274569.89 rows=4 width=32)
               Workers Planned: 4
               ->  Partial Aggregate  (cost=1273569.48..1273569.49 rows=1 width=32)
                     ->  Parallel Bitmap Heap Scan on lineitem  (cost=210167.07..1272104.50 rows=292996 width=12)
                           Recheck Cond: ((l_shipdate >= '1993-01-01'::date) AND (l_shipdate < '1994-01-01 00:00:00'::timestamp without time zone) AND (l_discount >= 0.06) AND (l_discount <= 0.08) AND (l_quantity < '25'::numeric))
                           ->  Bitmap Index Scan on idx_lineitem_shipdate  (cost=0.00..209874.07 rows=1171985 width=0)
                                 Index Cond: ((l_shipdate >= '1993-01-01'::date) AND (l_shipdate < '1994-01-01 00:00:00'::timestamp without time zone) AND (l_discount >= 0.06) AND (l_discount <= 0.08) AND (l_quantity < '25'::numeric))
(9 rows)

query 7 run 1
SET
SET
SET
                                                                                       QUERY PLAN                                                                                        
-----------------------------------------------------------------------------------------------------------------------------------------------------------------------------------------
 Limit  (cost=1153317.55..1153318.14 rows=1 width=116)
   ->  Finalize GroupAggregate  (cost=1153317.55..1159166.08 rows=10040 width=116)
         Group Key: n1.n_name, n2.n_name, (EXTRACT(year FROM lineitem.l_shipdate))
         ->  Gather Merge  (cost=1153317.55..1158513.48 rows=40160 width=116)
               Workers Planned: 4
               ->  Partial GroupAggregate  (cost=1152317.50..1152729.98 rows=10040 width=116)
                     Group Key: n1.n_name, n2.n_name, (EXTRACT(year FROM lineitem.l_shipdate))
                     ->  Sort  (cost=1152317.50..1152354.91 rows=14965 width=96)
                           Sort Key: n1.n_name, n2.n_name, (EXTRACT(year FROM lineitem.l_shipdate))
                           ->  Parallel Hash Join  (cost=44275.75..1151279.73 rows=14965 width=96)
                                 Hash Cond: (lineitem.l_suppkey = supplier.s_suppkey)
                                 Join Filter: (((n1.n_name = 'PERU'::bpchar) AND (n2.n_name = 'MOROCCO'::bpchar)) OR ((n1.n_name = 'MOROCCO'::bpchar) AND (n2.n_name = 'PERU'::bpchar)))
                                 ->  Nested Loop  (cost=41225.70..1146478.96 rows=366624 width=46)
                                       ->  Parallel Hash Join  (cost=41225.13..354809.10 rows=300020 width=30)
                                             Hash Cond: (orders.o_custkey = customer.c_custkey)
                                             ->  Parallel Seq Scan on orders  (cost=0.00..298770.47 rows=3750248 width=8)
                                             ->  Parallel Hash  (cost=40850.10..40850.10 rows=30003 width=30)
                                                   ->  Hash Join  (cost=1.40..40850.10 rows=30003 width=30)
                                                         Hash Cond: (customer.c_nationkey = n2.n_nationkey)
                                                         ->  Parallel Seq Scan on customer  (cost=0.00..39697.35 rows=375034 width=8)
                                                         ->  Hash  (cost=1.38..1.38 rows=2 width=30)
                                                               ->  Seq Scan on nation n2  (cost=0.00..1.38 rows=2 width=30)
                                                                     Filter: ((n_name = 'MOROCCO'::bpchar) OR (n_name = 'PERU'::bpchar))
                                       ->  Index Scan using idx_lineitem_orderkey on lineitem  (cost=0.56..2.63 rows=1 width=24)
                                             Index Cond: (l_orderkey = orders.o_orderkey)
                                             Filter: ((l_shipdate >= '1995-01-01'::date) AND (l_shipdate <= '1996-12-31'::date))
                                 ->  Parallel Hash  (cost=2991.23..2991.23 rows=4706 width=30)
                                       ->  Hash Join  (cost=1.40..2991.23 rows=4706 width=30)
                                             Hash Cond: (supplier.s_nationkey = n1.n_nationkey)
                                             ->  Parallel Seq Scan on supplier  (cost=0.00..2809.24 rows=58824 width=8)
                                             ->  Hash  (cost=1.38..1.38 rows=2 width=30)
                                                   ->  Seq Scan on nation n1  (cost=0.00..1.38 rows=2 width=30)
                                                         Filter: ((n_name = 'PERU'::bpchar) OR (n_name = 'MOROCCO'::bpchar))
(33 rows)

query 7 run 2
SET
SET
SET
                                                                                       QUERY PLAN                                                                                        
-----------------------------------------------------------------------------------------------------------------------------------------------------------------------------------------
 Limit  (cost=1153317.55..1153318.14 rows=1 width=116)
   ->  Finalize GroupAggregate  (cost=1153317.55..1159166.08 rows=10040 width=116)
         Group Key: n1.n_name, n2.n_name, (EXTRACT(year FROM lineitem.l_shipdate))
         ->  Gather Merge  (cost=1153317.55..1158513.48 rows=40160 width=116)
               Workers Planned: 4
               ->  Partial GroupAggregate  (cost=1152317.50..1152729.98 rows=10040 width=116)
                     Group Key: n1.n_name, n2.n_name, (EXTRACT(year FROM lineitem.l_shipdate))
                     ->  Sort  (cost=1152317.50..1152354.91 rows=14965 width=96)
                           Sort Key: n1.n_name, n2.n_name, (EXTRACT(year FROM lineitem.l_shipdate))
                           ->  Parallel Hash Join  (cost=44275.75..1151279.73 rows=14965 width=96)
                                 Hash Cond: (lineitem.l_suppkey = supplier.s_suppkey)
                                 Join Filter: (((n1.n_name = 'PERU'::bpchar) AND (n2.n_name = 'MOROCCO'::bpchar)) OR ((n1.n_name = 'MOROCCO'::bpchar) AND (n2.n_name = 'PERU'::bpchar)))
                                 ->  Nested Loop  (cost=41225.70..1146478.96 rows=366624 width=46)
                                       ->  Parallel Hash Join  (cost=41225.13..354809.10 rows=300020 width=30)
                                             Hash Cond: (orders.o_custkey = customer.c_custkey)
                                             ->  Parallel Seq Scan on orders  (cost=0.00..298770.47 rows=3750248 width=8)
                                             ->  Parallel Hash  (cost=40850.10..40850.10 rows=30003 width=30)
                                                   ->  Hash Join  (cost=1.40..40850.10 rows=30003 width=30)
                                                         Hash Cond: (customer.c_nationkey = n2.n_nationkey)
                                                         ->  Parallel Seq Scan on customer  (cost=0.00..39697.35 rows=375034 width=8)
                                                         ->  Hash  (cost=1.38..1.38 rows=2 width=30)
                                                               ->  Seq Scan on nation n2  (cost=0.00..1.38 rows=2 width=30)
                                                                     Filter: ((n_name = 'MOROCCO'::bpchar) OR (n_name = 'PERU'::bpchar))
                                       ->  Index Scan using idx_lineitem_orderkey on lineitem  (cost=0.56..2.63 rows=1 width=24)
                                             Index Cond: (l_orderkey = orders.o_orderkey)
                                             Filter: ((l_shipdate >= '1995-01-01'::date) AND (l_shipdate <= '1996-12-31'::date))
                                 ->  Parallel Hash  (cost=2991.23..2991.23 rows=4706 width=30)
                                       ->  Hash Join  (cost=1.40..2991.23 rows=4706 width=30)
                                             Hash Cond: (supplier.s_nationkey = n1.n_nationkey)
                                             ->  Parallel Seq Scan on supplier  (cost=0.00..2809.24 rows=58824 width=8)
                                             ->  Hash  (cost=1.38..1.38 rows=2 width=30)
                                                   ->  Seq Scan on nation n1  (cost=0.00..1.38 rows=2 width=30)
                                                         Filter: ((n_name = 'PERU'::bpchar) OR (n_name = 'MOROCCO'::bpchar))
(33 rows)

query 7 run 3
SET
SET
SET
                                                                                       QUERY PLAN                                                                                        
-----------------------------------------------------------------------------------------------------------------------------------------------------------------------------------------
 Limit  (cost=1153317.55..1153318.14 rows=1 width=116)
   ->  Finalize GroupAggregate  (cost=1153317.55..1159166.08 rows=10040 width=116)
         Group Key: n1.n_name, n2.n_name, (EXTRACT(year FROM lineitem.l_shipdate))
         ->  Gather Merge  (cost=1153317.55..1158513.48 rows=40160 width=116)
               Workers Planned: 4
               ->  Partial GroupAggregate  (cost=1152317.50..1152729.98 rows=10040 width=116)
                     Group Key: n1.n_name, n2.n_name, (EXTRACT(year FROM lineitem.l_shipdate))
                     ->  Sort  (cost=1152317.50..1152354.91 rows=14965 width=96)
                           Sort Key: n1.n_name, n2.n_name, (EXTRACT(year FROM lineitem.l_shipdate))
                           ->  Parallel Hash Join  (cost=44275.75..1151279.73 rows=14965 width=96)
                                 Hash Cond: (lineitem.l_suppkey = supplier.s_suppkey)
                                 Join Filter: (((n1.n_name = 'PERU'::bpchar) AND (n2.n_name = 'MOROCCO'::bpchar)) OR ((n1.n_name = 'MOROCCO'::bpchar) AND (n2.n_name = 'PERU'::bpchar)))
                                 ->  Nested Loop  (cost=41225.70..1146478.96 rows=366624 width=46)
                                       ->  Parallel Hash Join  (cost=41225.13..354809.10 rows=300020 width=30)
                                             Hash Cond: (orders.o_custkey = customer.c_custkey)
                                             ->  Parallel Seq Scan on orders  (cost=0.00..298770.47 rows=3750248 width=8)
                                             ->  Parallel Hash  (cost=40850.10..40850.10 rows=30003 width=30)
                                                   ->  Hash Join  (cost=1.40..40850.10 rows=30003 width=30)
                                                         Hash Cond: (customer.c_nationkey = n2.n_nationkey)
                                                         ->  Parallel Seq Scan on customer  (cost=0.00..39697.35 rows=375034 width=8)
                                                         ->  Hash  (cost=1.38..1.38 rows=2 width=30)
                                                               ->  Seq Scan on nation n2  (cost=0.00..1.38 rows=2 width=30)
                                                                     Filter: ((n_name = 'MOROCCO'::bpchar) OR (n_name = 'PERU'::bpchar))
                                       ->  Index Scan using idx_lineitem_orderkey on lineitem  (cost=0.56..2.63 rows=1 width=24)
                                             Index Cond: (l_orderkey = orders.o_orderkey)
                                             Filter: ((l_shipdate >= '1995-01-01'::date) AND (l_shipdate <= '1996-12-31'::date))
                                 ->  Parallel Hash  (cost=2991.23..2991.23 rows=4706 width=30)
                                       ->  Hash Join  (cost=1.40..2991.23 rows=4706 width=30)
                                             Hash Cond: (supplier.s_nationkey = n1.n_nationkey)
                                             ->  Parallel Seq Scan on supplier  (cost=0.00..2809.24 rows=58824 width=8)
                                             ->  Hash  (cost=1.38..1.38 rows=2 width=30)
                                                   ->  Seq Scan on nation n1  (cost=0.00..1.38 rows=2 width=30)
                                                         Filter: ((n_name = 'PERU'::bpchar) OR (n_name = 'MOROCCO'::bpchar))
(33 rows)

query 8 run 1
SET
SET
SET
                                                                  QUERY PLAN                                                                   
-----------------------------------------------------------------------------------------------------------------------------------------------
 Limit  (cost=386340.98..391019.26 rows=1 width=64)
   ->  GroupAggregate  (cost=386340.98..11642275.40 rows=2406 width=64)
         Group Key: EXTRACT(year FROM orders.o_orderdate)
         ->  Nested Loop  (cost=386340.98..11641753.56 rows=23686 width=70)
               Join Filter: (supplier.s_nationkey = n2.n_nationkey)
               ->  Nested Loop  (cost=386340.98..11633138.59 rows=23686 width=20)
                     ->  Nested Loop  (cost=386340.69..11579164.59 rows=24149 width=20)
                           ->  Nested Loop  (cost=386340.26..2942206.48 rows=3631634 width=24)
                                 ->  Gather Merge  (cost=386339.69..495083.05 rows=908203 width=8)
                                       Workers Planned: 4
                                       ->  Sort  (cost=385339.64..385907.26 rows=227051 width=8)
                                             Sort Key: (EXTRACT(year FROM orders.o_orderdate))
                                             ->  Parallel Hash Join  (cost=42793.89..365140.43 rows=227051 width=8)
                                                   Hash Cond: (orders.o_custkey = customer.c_custkey)
                                                   ->  Parallel Seq Scan on orders  (cost=0.00..317521.71 rows=1135254 width=12)
                                                         Filter: ((o_orderdate >= '1995-01-01'::date) AND (o_orderdate <= '1996-12-31'::date))
                                                   ->  Parallel Hash  (cost=41856.30..41856.30 rows=75007 width=4)
                                                         ->  Hash Join  (cost=2.51..41856.30 rows=75007 width=4)
                                                               Hash Cond: (customer.c_nationkey = n1.n_nationkey)
                                                               ->  Parallel Seq Scan on customer  (cost=0.00..39697.35 rows=375034 width=8)
                                                               ->  Hash  (cost=2.45..2.45 rows=5 width=4)
                                                                     ->  Hash Join  (cost=1.07..2.45 rows=5 width=4)
                                                                           Hash Cond: (n1.n_regionkey = region.r_regionkey)
                                                                           ->  Seq Scan on nation n1  (cost=0.00..1.25 rows=25 width=8)
                                                                           ->  Hash  (cost=1.06..1.06 rows=1 width=4)
                                                                                 ->  Seq Scan on region  (cost=0.00..1.06 rows=1 width=4)
                                                                                       Filter: (r_name = 'AMERICA'::bpchar)
                                 ->  Index Scan using idx_lineitem_orderkey on lineitem  (cost=0.56..2.65 rows=4 width=24)
                                       Index Cond: (l_orderkey = orders.o_orderkey)
                           ->  Index Scan using part_pkey on part  (cost=0.43..2.38 rows=1 width=4)
                                 Index Cond: (p_partkey = lineitem.l_partkey)
                                 Filter: ((p_type)::text = 'LARGE POLISHED BRASS'::text)
                     ->  Index Scan using supplier_pkey on supplier  (cost=0.29..2.24 rows=1 width=8)
                           Index Cond: (s_suppkey = lineitem.l_suppkey)
               ->  Materialize  (cost=0.00..1.38 rows=25 width=30)
                     ->  Seq Scan on nation n2  (cost=0.00..1.25 rows=25 width=30)
(36 rows)

query 8 run 2
SET
SET
SET
                                                                  QUERY PLAN                                                                   
-----------------------------------------------------------------------------------------------------------------------------------------------
 Limit  (cost=386340.98..391019.26 rows=1 width=64)
   ->  GroupAggregate  (cost=386340.98..11642275.40 rows=2406 width=64)
         Group Key: EXTRACT(year FROM orders.o_orderdate)
         ->  Nested Loop  (cost=386340.98..11641753.56 rows=23686 width=70)
               Join Filter: (supplier.s_nationkey = n2.n_nationkey)
               ->  Nested Loop  (cost=386340.98..11633138.59 rows=23686 width=20)
                     ->  Nested Loop  (cost=386340.69..11579164.59 rows=24149 width=20)
                           ->  Nested Loop  (cost=386340.26..2942206.48 rows=3631634 width=24)
                                 ->  Gather Merge  (cost=386339.69..495083.05 rows=908203 width=8)
                                       Workers Planned: 4
                                       ->  Sort  (cost=385339.64..385907.26 rows=227051 width=8)
                                             Sort Key: (EXTRACT(year FROM orders.o_orderdate))
                                             ->  Parallel Hash Join  (cost=42793.89..365140.43 rows=227051 width=8)
                                                   Hash Cond: (orders.o_custkey = customer.c_custkey)
                                                   ->  Parallel Seq Scan on orders  (cost=0.00..317521.71 rows=1135254 width=12)
                                                         Filter: ((o_orderdate >= '1995-01-01'::date) AND (o_orderdate <= '1996-12-31'::date))
                                                   ->  Parallel Hash  (cost=41856.30..41856.30 rows=75007 width=4)
                                                         ->  Hash Join  (cost=2.51..41856.30 rows=75007 width=4)
                                                               Hash Cond: (customer.c_nationkey = n1.n_nationkey)
                                                               ->  Parallel Seq Scan on customer  (cost=0.00..39697.35 rows=375034 width=8)
                                                               ->  Hash  (cost=2.45..2.45 rows=5 width=4)
                                                                     ->  Hash Join  (cost=1.07..2.45 rows=5 width=4)
                                                                           Hash Cond: (n1.n_regionkey = region.r_regionkey)
                                                                           ->  Seq Scan on nation n1  (cost=0.00..1.25 rows=25 width=8)
                                                                           ->  Hash  (cost=1.06..1.06 rows=1 width=4)
                                                                                 ->  Seq Scan on region  (cost=0.00..1.06 rows=1 width=4)
                                                                                       Filter: (r_name = 'AMERICA'::bpchar)
                                 ->  Index Scan using idx_lineitem_orderkey on lineitem  (cost=0.56..2.65 rows=4 width=24)
                                       Index Cond: (l_orderkey = orders.o_orderkey)
                           ->  Index Scan using part_pkey on part  (cost=0.43..2.38 rows=1 width=4)
                                 Index Cond: (p_partkey = lineitem.l_partkey)
                                 Filter: ((p_type)::text = 'LARGE POLISHED BRASS'::text)
                     ->  Index Scan using supplier_pkey on supplier  (cost=0.29..2.24 rows=1 width=8)
                           Index Cond: (s_suppkey = lineitem.l_suppkey)
               ->  Materialize  (cost=0.00..1.38 rows=25 width=30)
                     ->  Seq Scan on nation n2  (cost=0.00..1.25 rows=25 width=30)
(36 rows)

query 8 run 3
SET
SET
SET
                                                                  QUERY PLAN                                                                   
-----------------------------------------------------------------------------------------------------------------------------------------------
 Limit  (cost=386340.98..391019.26 rows=1 width=64)
   ->  GroupAggregate  (cost=386340.98..11642275.40 rows=2406 width=64)
         Group Key: EXTRACT(year FROM orders.o_orderdate)
         ->  Nested Loop  (cost=386340.98..11641753.56 rows=23686 width=70)
               Join Filter: (supplier.s_nationkey = n2.n_nationkey)
               ->  Nested Loop  (cost=386340.98..11633138.59 rows=23686 width=20)
                     ->  Nested Loop  (cost=386340.69..11579164.59 rows=24149 width=20)
                           ->  Nested Loop  (cost=386340.26..2942206.48 rows=3631634 width=24)
                                 ->  Gather Merge  (cost=386339.69..495083.05 rows=908203 width=8)
                                       Workers Planned: 4
                                       ->  Sort  (cost=385339.64..385907.26 rows=227051 width=8)
                                             Sort Key: (EXTRACT(year FROM orders.o_orderdate))
                                             ->  Parallel Hash Join  (cost=42793.89..365140.43 rows=227051 width=8)
                                                   Hash Cond: (orders.o_custkey = customer.c_custkey)
                                                   ->  Parallel Seq Scan on orders  (cost=0.00..317521.71 rows=1135254 width=12)
                                                         Filter: ((o_orderdate >= '1995-01-01'::date) AND (o_orderdate <= '1996-12-31'::date))
                                                   ->  Parallel Hash  (cost=41856.30..41856.30 rows=75007 width=4)
                                                         ->  Hash Join  (cost=2.51..41856.30 rows=75007 width=4)
                                                               Hash Cond: (customer.c_nationkey = n1.n_nationkey)
                                                               ->  Parallel Seq Scan on customer  (cost=0.00..39697.35 rows=375034 width=8)
                                                               ->  Hash  (cost=2.45..2.45 rows=5 width=4)
                                                                     ->  Hash Join  (cost=1.07..2.45 rows=5 width=4)
                                                                           Hash Cond: (n1.n_regionkey = region.r_regionkey)
                                                                           ->  Seq Scan on nation n1  (cost=0.00..1.25 rows=25 width=8)
                                                                           ->  Hash  (cost=1.06..1.06 rows=1 width=4)
                                                                                 ->  Seq Scan on region  (cost=0.00..1.06 rows=1 width=4)
                                                                                       Filter: (r_name = 'AMERICA'::bpchar)
                                 ->  Index Scan using idx_lineitem_orderkey on lineitem  (cost=0.56..2.65 rows=4 width=24)
                                       Index Cond: (l_orderkey = orders.o_orderkey)
                           ->  Index Scan using part_pkey on part  (cost=0.43..2.38 rows=1 width=4)
                                 Index Cond: (p_partkey = lineitem.l_partkey)
                                 Filter: ((p_type)::text = 'LARGE POLISHED BRASS'::text)
                     ->  Index Scan using supplier_pkey on supplier  (cost=0.29..2.24 rows=1 width=8)
                           Index Cond: (s_suppkey = lineitem.l_suppkey)
               ->  Materialize  (cost=0.00..1.38 rows=25 width=30)
                     ->  Seq Scan on nation n2  (cost=0.00..1.25 rows=25 width=30)
(36 rows)

query 9 run 1
SET
SET
SET
                                                                 QUERY PLAN                                                                  
---------------------------------------------------------------------------------------------------------------------------------------------
 Limit  (cost=28612.67..33303.83 rows=1 width=90)
   ->  GroupAggregate  (cost=28612.67..483655.13 rows=97 width=90)
         Group Key: nation.n_name, (EXTRACT(year FROM orders.o_orderdate))
         ->  Incremental Sort  (cost=28612.67..483651.97 rows=97 width=81)
               Sort Key: nation.n_name, (EXTRACT(year FROM orders.o_orderdate)) DESC
               Presorted Key: nation.n_name
               ->  Nested Loop  (cost=9652.78..483648.29 rows=97 width=81)
                     Join Filter: (supplier.s_suppkey = lineitem.l_suppkey)
                     ->  Gather Merge  (cost=8651.47..20048.53 rows=100000 width=30)
                           Workers Planned: 1
                           ->  Sort  (cost=7651.46..7798.52 rows=58824 width=30)
                                 Sort Key: nation.n_name
                                 ->  Hash Join  (cost=1.56..2991.39 rows=58824 width=30)
                                       Hash Cond: (supplier.s_nationkey = nation.n_nationkey)
                                       ->  Parallel Seq Scan on supplier  (cost=0.00..2809.24 rows=58824 width=8)
                                       ->  Hash  (cost=1.25..1.25 rows=25 width=30)
                                             ->  Seq Scan on nation  (cost=0.00..1.25 rows=25 width=30)
                     ->  Materialize  (cost=1001.31..318099.76 rows=97 width=35)
                           ->  Gather  (cost=1001.31..318099.28 rows=97 width=35)
                                 Workers Planned: 4
                                 ->  Nested Loop  (cost=1.31..317089.58 rows=24 width=35)
                                       ->  Nested Loop  (cost=0.87..317029.64 rows=24 width=35)
                                             ->  Nested Loop  (cost=0.43..111323.28 rows=80787 width=18)
                                                   ->  Parallel Seq Scan on part  (cost=0.00..47230.79 rows=20201 width=4)
                                                         Filter: ((p_name)::text ~~ '%navy%'::text)
                                                   ->  Index Scan using idx_partsupp_partkey on partsupp  (cost=0.43..2.99 rows=18 width=14)
                                                         Index Cond: (ps_partkey = part.p_partkey)
                                             ->  Index Scan using idx_lineitem_part_supp on lineitem  (cost=0.44..2.54 rows=1 width=29)
                                                   Index Cond: ((l_partkey = partsupp.ps_partkey) AND (l_suppkey = partsupp.ps_suppkey))
                                       ->  Index Scan using orders_pkey on orders  (cost=0.43..2.50 rows=1 width=8)
                                             Index Cond: (o_orderkey = lineitem.l_orderkey)
(31 rows)

query 9 run 2
SET
SET
SET
                                                                 QUERY PLAN                                                                  
---------------------------------------------------------------------------------------------------------------------------------------------
 Limit  (cost=28612.67..33303.83 rows=1 width=90)
   ->  GroupAggregate  (cost=28612.67..483655.13 rows=97 width=90)
         Group Key: nation.n_name, (EXTRACT(year FROM orders.o_orderdate))
         ->  Incremental Sort  (cost=28612.67..483651.97 rows=97 width=81)
               Sort Key: nation.n_name, (EXTRACT(year FROM orders.o_orderdate)) DESC
               Presorted Key: nation.n_name
               ->  Nested Loop  (cost=9652.78..483648.29 rows=97 width=81)
                     Join Filter: (supplier.s_suppkey = lineitem.l_suppkey)
                     ->  Gather Merge  (cost=8651.47..20048.53 rows=100000 width=30)
                           Workers Planned: 1
                           ->  Sort  (cost=7651.46..7798.52 rows=58824 width=30)
                                 Sort Key: nation.n_name
                                 ->  Hash Join  (cost=1.56..2991.39 rows=58824 width=30)
                                       Hash Cond: (supplier.s_nationkey = nation.n_nationkey)
                                       ->  Parallel Seq Scan on supplier  (cost=0.00..2809.24 rows=58824 width=8)
                                       ->  Hash  (cost=1.25..1.25 rows=25 width=30)
                                             ->  Seq Scan on nation  (cost=0.00..1.25 rows=25 width=30)
                     ->  Materialize  (cost=1001.31..318099.76 rows=97 width=35)
                           ->  Gather  (cost=1001.31..318099.28 rows=97 width=35)
                                 Workers Planned: 4
                                 ->  Nested Loop  (cost=1.31..317089.58 rows=24 width=35)
                                       ->  Nested Loop  (cost=0.87..317029.64 rows=24 width=35)
                                             ->  Nested Loop  (cost=0.43..111323.28 rows=80787 width=18)
                                                   ->  Parallel Seq Scan on part  (cost=0.00..47230.79 rows=20201 width=4)
                                                         Filter: ((p_name)::text ~~ '%navy%'::text)
                                                   ->  Index Scan using idx_partsupp_partkey on partsupp  (cost=0.43..2.99 rows=18 width=14)
                                                         Index Cond: (ps_partkey = part.p_partkey)
                                             ->  Index Scan using idx_lineitem_part_supp on lineitem  (cost=0.44..2.54 rows=1 width=29)
                                                   Index Cond: ((l_partkey = partsupp.ps_partkey) AND (l_suppkey = partsupp.ps_suppkey))
                                       ->  Index Scan using orders_pkey on orders  (cost=0.43..2.50 rows=1 width=8)
                                             Index Cond: (o_orderkey = lineitem.l_orderkey)
(31 rows)

query 9 run 3
SET
SET
SET
                                                                 QUERY PLAN                                                                  
---------------------------------------------------------------------------------------------------------------------------------------------
 Limit  (cost=28612.67..33303.83 rows=1 width=90)
   ->  GroupAggregate  (cost=28612.67..483655.13 rows=97 width=90)
         Group Key: nation.n_name, (EXTRACT(year FROM orders.o_orderdate))
         ->  Incremental Sort  (cost=28612.67..483651.97 rows=97 width=81)
               Sort Key: nation.n_name, (EXTRACT(year FROM orders.o_orderdate)) DESC
               Presorted Key: nation.n_name
               ->  Nested Loop  (cost=9652.78..483648.29 rows=97 width=81)
                     Join Filter: (supplier.s_suppkey = lineitem.l_suppkey)
                     ->  Gather Merge  (cost=8651.47..20048.53 rows=100000 width=30)
                           Workers Planned: 1
                           ->  Sort  (cost=7651.46..7798.52 rows=58824 width=30)
                                 Sort Key: nation.n_name
                                 ->  Hash Join  (cost=1.56..2991.39 rows=58824 width=30)
                                       Hash Cond: (supplier.s_nationkey = nation.n_nationkey)
                                       ->  Parallel Seq Scan on supplier  (cost=0.00..2809.24 rows=58824 width=8)
                                       ->  Hash  (cost=1.25..1.25 rows=25 width=30)
                                             ->  Seq Scan on nation  (cost=0.00..1.25 rows=25 width=30)
                     ->  Materialize  (cost=1001.31..318099.76 rows=97 width=35)
                           ->  Gather  (cost=1001.31..318099.28 rows=97 width=35)
                                 Workers Planned: 4
                                 ->  Nested Loop  (cost=1.31..317089.58 rows=24 width=35)
                                       ->  Nested Loop  (cost=0.87..317029.64 rows=24 width=35)
                                             ->  Nested Loop  (cost=0.43..111323.28 rows=80787 width=18)
                                                   ->  Parallel Seq Scan on part  (cost=0.00..47230.79 rows=20201 width=4)
                                                         Filter: ((p_name)::text ~~ '%navy%'::text)
                                                   ->  Index Scan using idx_partsupp_partkey on partsupp  (cost=0.43..2.99 rows=18 width=14)
                                                         Index Cond: (ps_partkey = part.p_partkey)
                                             ->  Index Scan using idx_lineitem_part_supp on lineitem  (cost=0.44..2.54 rows=1 width=29)
                                                   Index Cond: ((l_partkey = partsupp.ps_partkey) AND (l_suppkey = partsupp.ps_suppkey))
                                       ->  Index Scan using orders_pkey on orders  (cost=0.43..2.50 rows=1 width=8)
                                             Index Cond: (o_orderkey = lineitem.l_orderkey)
(31 rows)

query 10 run 1
SET
SET
SET
                                                                       QUERY PLAN                                                                       
--------------------------------------------------------------------------------------------------------------------------------------------------------
 Limit  (cost=851122.49..851122.54 rows=20 width=202)
   ->  Sort  (cost=851122.49..852601.15 rows=591467 width=202)
         Sort Key: (sum((lineitem.l_extendedprice * ('1'::numeric - lineitem.l_discount)))) DESC
         ->  GroupAggregate  (cost=749778.00..835383.76 rows=591467 width=202)
               Group Key: customer.c_custkey, nation.n_name
               ->  Gather Merge  (cost=749778.00..820597.09 rows=591467 width=182)
                     Workers Planned: 4
                     ->  Sort  (cost=748777.94..749147.61 rows=147867 width=182)
                           Sort Key: customer.c_custkey, nation.n_name
                           ->  Hash Join  (cost=692746.92..736080.65 rows=147867 width=182)
                                 Hash Cond: (customer.c_nationkey = nation.n_nationkey)
                                 ->  Parallel Hash Join  (cost=692745.36..735625.13 rows=147867 width=160)
                                       Hash Cond: (customer.c_custkey = orders.o_custkey)
                                       ->  Parallel Seq Scan on customer  (cost=0.00..39697.35 rows=375034 width=148)
                                       ->  Parallel Hash  (cost=690897.02..690897.02 rows=147867 width=16)
                                             ->  Nested Loop  (cost=6830.04..690897.02 rows=147867 width=16)
                                                   ->  Parallel Bitmap Heap Scan on orders  (cost=6829.48..270317.68 rows=148013 width=8)
                                                         Recheck Cond: ((o_orderdate >= '1994-08-01'::date) AND (o_orderdate < '1994-11-01'::date))
                                                         ->  Bitmap Index Scan on idx_orders_orderdate  (cost=0.00..6681.47 rows=592053 width=0)
                                                               Index Cond: ((o_orderdate >= '1994-08-01'::date) AND (o_orderdate < '1994-11-01'::date))
                                                   ->  Index Scan using idx_lineitem_orderkey on lineitem  (cost=0.56..2.83 rows=1 width=16)
                                                         Index Cond: (l_orderkey = orders.o_orderkey)
                                                         Filter: (l_returnflag = 'R'::bpchar)
                                 ->  Hash  (cost=1.25..1.25 rows=25 width=30)
                                       ->  Seq Scan on nation  (cost=0.00..1.25 rows=25 width=30)
(25 rows)

query 10 run 2
SET
SET
SET
                                                                       QUERY PLAN                                                                       
--------------------------------------------------------------------------------------------------------------------------------------------------------
 Limit  (cost=851122.49..851122.54 rows=20 width=202)
   ->  Sort  (cost=851122.49..852601.15 rows=591467 width=202)
         Sort Key: (sum((lineitem.l_extendedprice * ('1'::numeric - lineitem.l_discount)))) DESC
         ->  GroupAggregate  (cost=749778.00..835383.76 rows=591467 width=202)
               Group Key: customer.c_custkey, nation.n_name
               ->  Gather Merge  (cost=749778.00..820597.09 rows=591467 width=182)
                     Workers Planned: 4
                     ->  Sort  (cost=748777.94..749147.61 rows=147867 width=182)
                           Sort Key: customer.c_custkey, nation.n_name
                           ->  Hash Join  (cost=692746.92..736080.65 rows=147867 width=182)
                                 Hash Cond: (customer.c_nationkey = nation.n_nationkey)
                                 ->  Parallel Hash Join  (cost=692745.36..735625.13 rows=147867 width=160)
                                       Hash Cond: (customer.c_custkey = orders.o_custkey)
                                       ->  Parallel Seq Scan on customer  (cost=0.00..39697.35 rows=375034 width=148)
                                       ->  Parallel Hash  (cost=690897.02..690897.02 rows=147867 width=16)
                                             ->  Nested Loop  (cost=6830.04..690897.02 rows=147867 width=16)
                                                   ->  Parallel Bitmap Heap Scan on orders  (cost=6829.48..270317.68 rows=148013 width=8)
                                                         Recheck Cond: ((o_orderdate >= '1994-08-01'::date) AND (o_orderdate < '1994-11-01'::date))
                                                         ->  Bitmap Index Scan on idx_orders_orderdate  (cost=0.00..6681.47 rows=592053 width=0)
                                                               Index Cond: ((o_orderdate >= '1994-08-01'::date) AND (o_orderdate < '1994-11-01'::date))
                                                   ->  Index Scan using idx_lineitem_orderkey on lineitem  (cost=0.56..2.83 rows=1 width=16)
                                                         Index Cond: (l_orderkey = orders.o_orderkey)
                                                         Filter: (l_returnflag = 'R'::bpchar)
                                 ->  Hash  (cost=1.25..1.25 rows=25 width=30)
                                       ->  Seq Scan on nation  (cost=0.00..1.25 rows=25 width=30)
(25 rows)

query 10 run 3
SET
SET
SET
                                                                       QUERY PLAN                                                                       
--------------------------------------------------------------------------------------------------------------------------------------------------------
 Limit  (cost=851122.49..851122.54 rows=20 width=202)
   ->  Sort  (cost=851122.49..852601.15 rows=591467 width=202)
         Sort Key: (sum((lineitem.l_extendedprice * ('1'::numeric - lineitem.l_discount)))) DESC
         ->  GroupAggregate  (cost=749778.00..835383.76 rows=591467 width=202)
               Group Key: customer.c_custkey, nation.n_name
               ->  Gather Merge  (cost=749778.00..820597.09 rows=591467 width=182)
                     Workers Planned: 4
                     ->  Sort  (cost=748777.94..749147.61 rows=147867 width=182)
                           Sort Key: customer.c_custkey, nation.n_name
                           ->  Hash Join  (cost=692746.92..736080.65 rows=147867 width=182)
                                 Hash Cond: (customer.c_nationkey = nation.n_nationkey)
                                 ->  Parallel Hash Join  (cost=692745.36..735625.13 rows=147867 width=160)
                                       Hash Cond: (customer.c_custkey = orders.o_custkey)
                                       ->  Parallel Seq Scan on customer  (cost=0.00..39697.35 rows=375034 width=148)
                                       ->  Parallel Hash  (cost=690897.02..690897.02 rows=147867 width=16)
                                             ->  Nested Loop  (cost=6830.04..690897.02 rows=147867 width=16)
                                                   ->  Parallel Bitmap Heap Scan on orders  (cost=6829.48..270317.68 rows=148013 width=8)
                                                         Recheck Cond: ((o_orderdate >= '1994-08-01'::date) AND (o_orderdate < '1994-11-01'::date))
                                                         ->  Bitmap Index Scan on idx_orders_orderdate  (cost=0.00..6681.47 rows=592053 width=0)
                                                               Index Cond: ((o_orderdate >= '1994-08-01'::date) AND (o_orderdate < '1994-11-01'::date))
                                                   ->  Index Scan using idx_lineitem_orderkey on lineitem  (cost=0.56..2.83 rows=1 width=16)
                                                         Index Cond: (l_orderkey = orders.o_orderkey)
                                                         Filter: (l_returnflag = 'R'::bpchar)
                                 ->  Hash  (cost=1.25..1.25 rows=25 width=30)
                                       ->  Seq Scan on nation  (cost=0.00..1.25 rows=25 width=30)
(25 rows)

query 11 run 1
SET
SET
SET
                                                            QUERY PLAN                                                            
----------------------------------------------------------------------------------------------------------------------------------
 Limit  (cost=64987.91..64987.92 rows=1 width=36)
   InitPlan 1 (returns $2)
     ->  Finalize Aggregate  (cost=18211.68..18211.69 rows=1 width=32)
           ->  Gather  (cost=18211.56..18211.67 rows=1 width=32)
                 Workers Planned: 1
                 ->  Partial Aggregate  (cost=17211.56..17211.57 rows=1 width=32)
                       ->  Nested Loop  (cost=1.76..15800.15 rows=188187 width=10)
                             ->  Hash Join  (cost=1.32..2991.15 rows=2353 width=4)
                                   Hash Cond: (supplier_1.s_nationkey = nation_1.n_nationkey)
                                   ->  Parallel Seq Scan on supplier supplier_1  (cost=0.00..2809.24 rows=58824 width=8)
                                   ->  Hash  (cost=1.31..1.31 rows=1 width=4)
                                         ->  Seq Scan on nation nation_1  (cost=0.00..1.31 rows=1 width=4)
                                               Filter: (n_name = 'SAUDI ARABIA'::bpchar)
                             ->  Index Scan using idx_partsupp_suppkey on partsupp partsupp_1  (cost=0.43..4.61 rows=83 width=14)
                                   Index Cond: (ps_suppkey = supplier_1.s_suppkey)
   ->  Sort  (cost=46776.22..47042.82 rows=106639 width=36)
         Sort Key: (sum((partsupp.ps_supplycost * (partsupp.ps_availqty)::numeric))) DESC
         ->  HashAggregate  (cost=38320.06..46243.03 rows=106639 width=36)
               Group Key: partsupp.ps_partkey
               Filter: (sum((partsupp.ps_supplycost * (partsupp.ps_availqty)::numeric)) > $2)
               Planned Partitions: 4
               ->  Nested Loop  (cost=37.72..24036.22 rows=319918 width=14)
                     ->  Nested Loop  (cost=37.29..2261.46 rows=4000 width=4)
                           ->  Seq Scan on nation  (cost=0.00..1.31 rows=1 width=4)
                                 Filter: (n_name = 'SAUDI ARABIA'::bpchar)
                           ->  Bitmap Heap Scan on supplier  (cost=37.29..2220.15 rows=4000 width=8)
                                 Recheck Cond: (s_nationkey = nation.n_nationkey)
                                 ->  Bitmap Index Scan on idx_supplier_nation_key  (cost=0.00..36.29 rows=4000 width=0)
                                       Index Cond: (s_nationkey = nation.n_nationkey)
                     ->  Index Scan using idx_partsupp_suppkey on partsupp  (cost=0.43..4.61 rows=83 width=18)
                           Index Cond: (ps_suppkey = supplier.s_suppkey)
(31 rows)

query 11 run 2
SET
SET
SET
                                                            QUERY PLAN                                                            
----------------------------------------------------------------------------------------------------------------------------------
 Limit  (cost=64987.91..64987.92 rows=1 width=36)
   InitPlan 1 (returns $2)
     ->  Finalize Aggregate  (cost=18211.68..18211.69 rows=1 width=32)
           ->  Gather  (cost=18211.56..18211.67 rows=1 width=32)
                 Workers Planned: 1
                 ->  Partial Aggregate  (cost=17211.56..17211.57 rows=1 width=32)
                       ->  Nested Loop  (cost=1.76..15800.15 rows=188187 width=10)
                             ->  Hash Join  (cost=1.32..2991.15 rows=2353 width=4)
                                   Hash Cond: (supplier_1.s_nationkey = nation_1.n_nationkey)
                                   ->  Parallel Seq Scan on supplier supplier_1  (cost=0.00..2809.24 rows=58824 width=8)
                                   ->  Hash  (cost=1.31..1.31 rows=1 width=4)
                                         ->  Seq Scan on nation nation_1  (cost=0.00..1.31 rows=1 width=4)
                                               Filter: (n_name = 'SAUDI ARABIA'::bpchar)
                             ->  Index Scan using idx_partsupp_suppkey on partsupp partsupp_1  (cost=0.43..4.61 rows=83 width=14)
                                   Index Cond: (ps_suppkey = supplier_1.s_suppkey)
   ->  Sort  (cost=46776.22..47042.82 rows=106639 width=36)
         Sort Key: (sum((partsupp.ps_supplycost * (partsupp.ps_availqty)::numeric))) DESC
         ->  HashAggregate  (cost=38320.06..46243.03 rows=106639 width=36)
               Group Key: partsupp.ps_partkey
               Filter: (sum((partsupp.ps_supplycost * (partsupp.ps_availqty)::numeric)) > $2)
               Planned Partitions: 4
               ->  Nested Loop  (cost=37.72..24036.22 rows=319918 width=14)
                     ->  Nested Loop  (cost=37.29..2261.46 rows=4000 width=4)
                           ->  Seq Scan on nation  (cost=0.00..1.31 rows=1 width=4)
                                 Filter: (n_name = 'SAUDI ARABIA'::bpchar)
                           ->  Bitmap Heap Scan on supplier  (cost=37.29..2220.15 rows=4000 width=8)
                                 Recheck Cond: (s_nationkey = nation.n_nationkey)
                                 ->  Bitmap Index Scan on idx_supplier_nation_key  (cost=0.00..36.29 rows=4000 width=0)
                                       Index Cond: (s_nationkey = nation.n_nationkey)
                     ->  Index Scan using idx_partsupp_suppkey on partsupp  (cost=0.43..4.61 rows=83 width=18)
                           Index Cond: (ps_suppkey = supplier.s_suppkey)
(31 rows)

query 11 run 3
SET
SET
SET
                                                            QUERY PLAN                                                            
----------------------------------------------------------------------------------------------------------------------------------
 Limit  (cost=64987.91..64987.92 rows=1 width=36)
   InitPlan 1 (returns $2)
     ->  Finalize Aggregate  (cost=18211.68..18211.69 rows=1 width=32)
           ->  Gather  (cost=18211.56..18211.67 rows=1 width=32)
                 Workers Planned: 1
                 ->  Partial Aggregate  (cost=17211.56..17211.57 rows=1 width=32)
                       ->  Nested Loop  (cost=1.76..15800.15 rows=188187 width=10)
                             ->  Hash Join  (cost=1.32..2991.15 rows=2353 width=4)
                                   Hash Cond: (supplier_1.s_nationkey = nation_1.n_nationkey)
                                   ->  Parallel Seq Scan on supplier supplier_1  (cost=0.00..2809.24 rows=58824 width=8)
                                   ->  Hash  (cost=1.31..1.31 rows=1 width=4)
                                         ->  Seq Scan on nation nation_1  (cost=0.00..1.31 rows=1 width=4)
                                               Filter: (n_name = 'SAUDI ARABIA'::bpchar)
                             ->  Index Scan using idx_partsupp_suppkey on partsupp partsupp_1  (cost=0.43..4.61 rows=83 width=14)
                                   Index Cond: (ps_suppkey = supplier_1.s_suppkey)
   ->  Sort  (cost=46776.22..47042.82 rows=106639 width=36)
         Sort Key: (sum((partsupp.ps_supplycost * (partsupp.ps_availqty)::numeric))) DESC
         ->  HashAggregate  (cost=38320.06..46243.03 rows=106639 width=36)
               Group Key: partsupp.ps_partkey
               Filter: (sum((partsupp.ps_supplycost * (partsupp.ps_availqty)::numeric)) > $2)
               Planned Partitions: 4
               ->  Nested Loop  (cost=37.72..24036.22 rows=319918 width=14)
                     ->  Nested Loop  (cost=37.29..2261.46 rows=4000 width=4)
                           ->  Seq Scan on nation  (cost=0.00..1.31 rows=1 width=4)
                                 Filter: (n_name = 'SAUDI ARABIA'::bpchar)
                           ->  Bitmap Heap Scan on supplier  (cost=37.29..2220.15 rows=4000 width=8)
                                 Recheck Cond: (s_nationkey = nation.n_nationkey)
                                 ->  Bitmap Index Scan on idx_supplier_nation_key  (cost=0.00..36.29 rows=4000 width=0)
                                       Index Cond: (s_nationkey = nation.n_nationkey)
                     ->  Index Scan using idx_partsupp_suppkey on partsupp  (cost=0.43..4.61 rows=83 width=18)
                           Index Cond: (ps_suppkey = supplier.s_suppkey)
(31 rows)

query 12 run 1
SET
SET
SET
                                                                                                                    QUERY PLAN                                                                                                                     
---------------------------------------------------------------------------------------------------------------------------------------------------------------------------------------------------------------------------------------------------
 Limit  (cost=1469444.62..1578439.53 rows=1 width=27)
   ->  GroupAggregate  (cost=1469444.62..2232409.00 rows=7 width=27)
         Group Key: lineitem.l_shipmode
         ->  Nested Loop  (cost=1469444.62..2227305.81 rows=291607 width=27)
               ->  Gather Merge  (cost=1469444.18..1504359.64 rows=291607 width=15)
                     Workers Planned: 4
                     ->  Sort  (cost=1468444.12..1468626.38 rows=72902 width=15)
                           Sort Key: lineitem.l_shipmode
                           ->  Parallel Seq Scan on lineitem  (cost=0.00..1462555.95 rows=72902 width=15)
                                 Filter: ((l_shipmode = ANY ('{SHIP,"REG AIR"}'::bpchar[])) AND (l_commitdate < l_receiptdate) AND (l_shipdate < l_commitdate) AND (l_receiptdate >= '1994-01-01'::date) AND (l_receiptdate < '1995-01-01'::date))
               ->  Index Scan using orders_pkey on orders  (cost=0.43..2.48 rows=1 width=20)
                     Index Cond: (o_orderkey = lineitem.l_orderkey)
(12 rows)

query 12 run 2
SET
SET
SET
                                                                                                                    QUERY PLAN                                                                                                                     
---------------------------------------------------------------------------------------------------------------------------------------------------------------------------------------------------------------------------------------------------
 Limit  (cost=1469444.62..1578439.53 rows=1 width=27)
   ->  GroupAggregate  (cost=1469444.62..2232409.00 rows=7 width=27)
         Group Key: lineitem.l_shipmode
         ->  Nested Loop  (cost=1469444.62..2227305.81 rows=291607 width=27)
               ->  Gather Merge  (cost=1469444.18..1504359.64 rows=291607 width=15)
                     Workers Planned: 4
                     ->  Sort  (cost=1468444.12..1468626.38 rows=72902 width=15)
                           Sort Key: lineitem.l_shipmode
                           ->  Parallel Seq Scan on lineitem  (cost=0.00..1462555.95 rows=72902 width=15)
                                 Filter: ((l_shipmode = ANY ('{SHIP,"REG AIR"}'::bpchar[])) AND (l_commitdate < l_receiptdate) AND (l_shipdate < l_commitdate) AND (l_receiptdate >= '1994-01-01'::date) AND (l_receiptdate < '1995-01-01'::date))
               ->  Index Scan using orders_pkey on orders  (cost=0.43..2.48 rows=1 width=20)
                     Index Cond: (o_orderkey = lineitem.l_orderkey)
(12 rows)

query 12 run 3
SET
SET
SET
                                                                                                                    QUERY PLAN                                                                                                                     
---------------------------------------------------------------------------------------------------------------------------------------------------------------------------------------------------------------------------------------------------
 Limit  (cost=1469444.62..1578439.53 rows=1 width=27)
   ->  GroupAggregate  (cost=1469444.62..2232409.00 rows=7 width=27)
         Group Key: lineitem.l_shipmode
         ->  Nested Loop  (cost=1469444.62..2227305.81 rows=291607 width=27)
               ->  Gather Merge  (cost=1469444.18..1504359.64 rows=291607 width=15)
                     Workers Planned: 4
                     ->  Sort  (cost=1468444.12..1468626.38 rows=72902 width=15)
                           Sort Key: lineitem.l_shipmode
                           ->  Parallel Seq Scan on lineitem  (cost=0.00..1462555.95 rows=72902 width=15)
                                 Filter: ((l_shipmode = ANY ('{SHIP,"REG AIR"}'::bpchar[])) AND (l_commitdate < l_receiptdate) AND (l_shipdate < l_commitdate) AND (l_receiptdate >= '1994-01-01'::date) AND (l_receiptdate < '1995-01-01'::date))
               ->  Index Scan using orders_pkey on orders  (cost=0.43..2.48 rows=1 width=20)
                     Index Cond: (o_orderkey = lineitem.l_orderkey)
(12 rows)

query 13 run 1
SET
SET
SET
                                                        QUERY PLAN                                                         
---------------------------------------------------------------------------------------------------------------------------
 Limit  (cost=999347.25..999347.25 rows=1 width=16)
   ->  Sort  (cost=999347.25..999347.75 rows=200 width=16)
         Sort Key: (count(*)) DESC, (count(orders.o_orderkey)) DESC
         ->  HashAggregate  (cost=999344.25..999346.25 rows=200 width=16)
               Group Key: count(orders.o_orderkey)
               ->  GroupAggregate  (cost=0.86..976842.18 rows=1500138 width=12)
                     Group Key: customer.c_custkey
                     ->  Merge Left Join  (cost=0.86..889866.36 rows=14394889 width=8)
                           Merge Cond: (customer.c_custkey = orders.o_custkey)
                           ->  Index Only Scan using customer_pkey on customer  (cost=0.43..28676.50 rows=1500138 width=4)
                           ->  Index Scan using idx_orders_custkey on orders  (cost=0.43..677503.40 rows=14394889 width=8)
                                 Filter: ((o_comment)::text !~~ '%special%requests%'::text)
(12 rows)

query 13 run 2
SET
SET
SET
                                                        QUERY PLAN                                                         
---------------------------------------------------------------------------------------------------------------------------
 Limit  (cost=999347.25..999347.25 rows=1 width=16)
   ->  Sort  (cost=999347.25..999347.75 rows=200 width=16)
         Sort Key: (count(*)) DESC, (count(orders.o_orderkey)) DESC
         ->  HashAggregate  (cost=999344.25..999346.25 rows=200 width=16)
               Group Key: count(orders.o_orderkey)
               ->  GroupAggregate  (cost=0.86..976842.18 rows=1500138 width=12)
                     Group Key: customer.c_custkey
                     ->  Merge Left Join  (cost=0.86..889866.36 rows=14394889 width=8)
                           Merge Cond: (customer.c_custkey = orders.o_custkey)
                           ->  Index Only Scan using customer_pkey on customer  (cost=0.43..28676.50 rows=1500138 width=4)
                           ->  Index Scan using idx_orders_custkey on orders  (cost=0.43..677503.40 rows=14394889 width=8)
                                 Filter: ((o_comment)::text !~~ '%special%requests%'::text)
(12 rows)

query 13 run 3
SET
SET
SET
                                                        QUERY PLAN                                                         
---------------------------------------------------------------------------------------------------------------------------
 Limit  (cost=999347.25..999347.25 rows=1 width=16)
   ->  Sort  (cost=999347.25..999347.75 rows=200 width=16)
         Sort Key: (count(*)) DESC, (count(orders.o_orderkey)) DESC
         ->  HashAggregate  (cost=999344.25..999346.25 rows=200 width=16)
               Group Key: count(orders.o_orderkey)
               ->  GroupAggregate  (cost=0.86..976842.18 rows=1500138 width=12)
                     Group Key: customer.c_custkey
                     ->  Merge Left Join  (cost=0.86..889866.36 rows=14394889 width=8)
                           Merge Cond: (customer.c_custkey = orders.o_custkey)
                           ->  Index Only Scan using customer_pkey on customer  (cost=0.43..28676.50 rows=1500138 width=4)
                           ->  Index Scan using idx_orders_custkey on orders  (cost=0.43..677503.40 rows=14394889 width=8)
                                 Filter: ((o_comment)::text !~~ '%special%requests%'::text)
(12 rows)

query 14 run 1
SET
SET
SET
                                                          QUERY PLAN                                                          
------------------------------------------------------------------------------------------------------------------------------
 Limit  (cost=847407.69..847407.70 rows=1 width=32)
   ->  Finalize Aggregate  (cost=847407.69..847407.70 rows=1 width=32)
         ->  Gather  (cost=847407.23..847407.64 rows=4 width=64)
               Workers Planned: 4
               ->  Partial Aggregate  (cost=846407.23..846407.24 rows=1 width=64)
                     ->  Parallel Hash Join  (cost=64547.43..843046.70 rows=192030 width=33)
                           Hash Cond: (lineitem.l_partkey = part.p_partkey)
                           ->  Parallel Bitmap Heap Scan on lineitem  (cost=12316.80..790311.99 rows=192030 width=16)
                                 Recheck Cond: ((l_shipdate >= '1994-05-01'::date) AND (l_shipdate < '1994-06-01'::date))
                                 ->  Bitmap Index Scan on idx_lineitem_shipdate  (cost=0.00..12124.77 rows=768120 width=0)
                                       Index Cond: ((l_shipdate >= '1994-05-01'::date) AND (l_shipdate < '1994-06-01'::date))
                           ->  Parallel Hash  (cost=45980.83..45980.83 rows=499984 width=25)
                                 ->  Parallel Seq Scan on part  (cost=0.00..45980.83 rows=499984 width=25)
(13 rows)

query 14 run 2
SET
SET
SET
                                                          QUERY PLAN                                                          
------------------------------------------------------------------------------------------------------------------------------
 Limit  (cost=847407.69..847407.70 rows=1 width=32)
   ->  Finalize Aggregate  (cost=847407.69..847407.70 rows=1 width=32)
         ->  Gather  (cost=847407.23..847407.64 rows=4 width=64)
               Workers Planned: 4
               ->  Partial Aggregate  (cost=846407.23..846407.24 rows=1 width=64)
                     ->  Parallel Hash Join  (cost=64547.43..843046.70 rows=192030 width=33)
                           Hash Cond: (lineitem.l_partkey = part.p_partkey)
                           ->  Parallel Bitmap Heap Scan on lineitem  (cost=12316.80..790311.99 rows=192030 width=16)
                                 Recheck Cond: ((l_shipdate >= '1994-05-01'::date) AND (l_shipdate < '1994-06-01'::date))
                                 ->  Bitmap Index Scan on idx_lineitem_shipdate  (cost=0.00..12124.77 rows=768120 width=0)
                                       Index Cond: ((l_shipdate >= '1994-05-01'::date) AND (l_shipdate < '1994-06-01'::date))
                           ->  Parallel Hash  (cost=45980.83..45980.83 rows=499984 width=25)
                                 ->  Parallel Seq Scan on part  (cost=0.00..45980.83 rows=499984 width=25)
(13 rows)

query 14 run 3
SET
SET
SET
                                                          QUERY PLAN                                                          
------------------------------------------------------------------------------------------------------------------------------
 Limit  (cost=847407.69..847407.70 rows=1 width=32)
   ->  Finalize Aggregate  (cost=847407.69..847407.70 rows=1 width=32)
         ->  Gather  (cost=847407.23..847407.64 rows=4 width=64)
               Workers Planned: 4
               ->  Partial Aggregate  (cost=846407.23..846407.24 rows=1 width=64)
                     ->  Parallel Hash Join  (cost=64547.43..843046.70 rows=192030 width=33)
                           Hash Cond: (lineitem.l_partkey = part.p_partkey)
                           ->  Parallel Bitmap Heap Scan on lineitem  (cost=12316.80..790311.99 rows=192030 width=16)
                                 Recheck Cond: ((l_shipdate >= '1994-05-01'::date) AND (l_shipdate < '1994-06-01'::date))
                                 ->  Bitmap Index Scan on idx_lineitem_shipdate  (cost=0.00..12124.77 rows=768120 width=0)
                                       Index Cond: ((l_shipdate >= '1994-05-01'::date) AND (l_shipdate < '1994-06-01'::date))
                           ->  Parallel Hash  (cost=45980.83..45980.83 rows=499984 width=25)
                                 ->  Parallel Seq Scan on part  (cost=0.00..45980.83 rows=499984 width=25)
(13 rows)

query 15 run 1
SET
SET
SET
CREATE VIEW
                                                             QUERY PLAN                                                             
------------------------------------------------------------------------------------------------------------------------------------
 Limit  (cost=2733369.42..2733476.61 rows=1 width=103)
   InitPlan 1 (returns $1)
     ->  Aggregate  (cost=1385638.40..1385638.41 rows=1 width=32)
           ->  Finalize HashAggregate  (cost=1383089.55..1384363.97 rows=101954 width=36)
                 Group Key: lineitem_1.l_suppkey
                 ->  Gather  (cost=1337974.90..1380030.93 rows=407816 width=36)
                       Workers Planned: 4
                       ->  Partial HashAggregate  (cost=1336974.90..1338249.33 rows=101954 width=36)
                             Group Key: lineitem_1.l_suppkey
                             ->  Parallel Bitmap Heap Scan on lineitem lineitem_1  (cost=35761.48..1331399.07 rows=557583 width=16)
                                   Recheck Cond: ((l_shipdate >= '1996-01-01'::date) AND (l_shipdate < '1996-04-01'::date))
                                   ->  Bitmap Index Scan on idx_lineitem_shipdate  (cost=0.00..35203.90 rows=2230333 width=0)
                                         Index Cond: ((l_shipdate >= '1996-01-01'::date) AND (l_shipdate < '1996-04-01'::date))
   ->  Nested Loop  (cost=1347731.01..1402397.55 rows=510 width=103)
         ->  Finalize GroupAggregate  (cost=1347730.72..1401148.35 rows=510 width=36)
               Group Key: lineitem.l_suppkey
               Filter: (sum((lineitem.l_extendedprice * ('1'::numeric - lineitem.l_discount))) = $1)
               ->  Gather Merge  (cost=1347730.72..1396560.42 rows=407816 width=36)
                     Workers Planned: 4
                     ->  Sort  (cost=1346730.66..1346985.54 rows=101954 width=36)
                           Sort Key: lineitem.l_suppkey
                           ->  Partial HashAggregate  (cost=1336974.90..1338249.33 rows=101954 width=36)
                                 Group Key: lineitem.l_suppkey
                                 ->  Parallel Bitmap Heap Scan on lineitem  (cost=35761.48..1331399.07 rows=557583 width=16)
                                       Recheck Cond: ((l_shipdate >= '1996-01-01'::date) AND (l_shipdate < '1996-04-01'::date))
                                       ->  Bitmap Index Scan on idx_lineitem_shipdate  (cost=0.00..35203.90 rows=2230333 width=0)
                                             Index Cond: ((l_shipdate >= '1996-01-01'::date) AND (l_shipdate < '1996-04-01'::date))
         ->  Index Scan using supplier_pkey on supplier  (cost=0.29..2.44 rows=1 width=71)
               Index Cond: (s_suppkey = lineitem.l_suppkey)
(29 rows)

DROP VIEW
query 15 run 2
SET
SET
SET
CREATE VIEW
                                                             QUERY PLAN                                                             
------------------------------------------------------------------------------------------------------------------------------------
 Limit  (cost=2733369.42..2733476.61 rows=1 width=103)
   InitPlan 1 (returns $1)
     ->  Aggregate  (cost=1385638.40..1385638.41 rows=1 width=32)
           ->  Finalize HashAggregate  (cost=1383089.55..1384363.97 rows=101954 width=36)
                 Group Key: lineitem_1.l_suppkey
                 ->  Gather  (cost=1337974.90..1380030.93 rows=407816 width=36)
                       Workers Planned: 4
                       ->  Partial HashAggregate  (cost=1336974.90..1338249.33 rows=101954 width=36)
                             Group Key: lineitem_1.l_suppkey
                             ->  Parallel Bitmap Heap Scan on lineitem lineitem_1  (cost=35761.48..1331399.07 rows=557583 width=16)
                                   Recheck Cond: ((l_shipdate >= '1996-01-01'::date) AND (l_shipdate < '1996-04-01'::date))
                                   ->  Bitmap Index Scan on idx_lineitem_shipdate  (cost=0.00..35203.90 rows=2230333 width=0)
                                         Index Cond: ((l_shipdate >= '1996-01-01'::date) AND (l_shipdate < '1996-04-01'::date))
   ->  Nested Loop  (cost=1347731.01..1402397.55 rows=510 width=103)
         ->  Finalize GroupAggregate  (cost=1347730.72..1401148.35 rows=510 width=36)
               Group Key: lineitem.l_suppkey
               Filter: (sum((lineitem.l_extendedprice * ('1'::numeric - lineitem.l_discount))) = $1)
               ->  Gather Merge  (cost=1347730.72..1396560.42 rows=407816 width=36)
                     Workers Planned: 4
                     ->  Sort  (cost=1346730.66..1346985.54 rows=101954 width=36)
                           Sort Key: lineitem.l_suppkey
                           ->  Partial HashAggregate  (cost=1336974.90..1338249.33 rows=101954 width=36)
                                 Group Key: lineitem.l_suppkey
                                 ->  Parallel Bitmap Heap Scan on lineitem  (cost=35761.48..1331399.07 rows=557583 width=16)
                                       Recheck Cond: ((l_shipdate >= '1996-01-01'::date) AND (l_shipdate < '1996-04-01'::date))
                                       ->  Bitmap Index Scan on idx_lineitem_shipdate  (cost=0.00..35203.90 rows=2230333 width=0)
                                             Index Cond: ((l_shipdate >= '1996-01-01'::date) AND (l_shipdate < '1996-04-01'::date))
         ->  Index Scan using supplier_pkey on supplier  (cost=0.29..2.44 rows=1 width=71)
               Index Cond: (s_suppkey = lineitem.l_suppkey)
(29 rows)

DROP VIEW
query 15 run 3
SET
SET
SET
CREATE VIEW
                                                             QUERY PLAN                                                             
------------------------------------------------------------------------------------------------------------------------------------
 Limit  (cost=2733369.42..2733476.61 rows=1 width=103)
   InitPlan 1 (returns $1)
     ->  Aggregate  (cost=1385638.40..1385638.41 rows=1 width=32)
           ->  Finalize HashAggregate  (cost=1383089.55..1384363.97 rows=101954 width=36)
                 Group Key: lineitem_1.l_suppkey
                 ->  Gather  (cost=1337974.90..1380030.93 rows=407816 width=36)
                       Workers Planned: 4
                       ->  Partial HashAggregate  (cost=1336974.90..1338249.33 rows=101954 width=36)
                             Group Key: lineitem_1.l_suppkey
                             ->  Parallel Bitmap Heap Scan on lineitem lineitem_1  (cost=35761.48..1331399.07 rows=557583 width=16)
                                   Recheck Cond: ((l_shipdate >= '1996-01-01'::date) AND (l_shipdate < '1996-04-01'::date))
                                   ->  Bitmap Index Scan on idx_lineitem_shipdate  (cost=0.00..35203.90 rows=2230333 width=0)
                                         Index Cond: ((l_shipdate >= '1996-01-01'::date) AND (l_shipdate < '1996-04-01'::date))
   ->  Nested Loop  (cost=1347731.01..1402397.55 rows=510 width=103)
         ->  Finalize GroupAggregate  (cost=1347730.72..1401148.35 rows=510 width=36)
               Group Key: lineitem.l_suppkey
               Filter: (sum((lineitem.l_extendedprice * ('1'::numeric - lineitem.l_discount))) = $1)
               ->  Gather Merge  (cost=1347730.72..1396560.42 rows=407816 width=36)
                     Workers Planned: 4
                     ->  Sort  (cost=1346730.66..1346985.54 rows=101954 width=36)
                           Sort Key: lineitem.l_suppkey
                           ->  Partial HashAggregate  (cost=1336974.90..1338249.33 rows=101954 width=36)
                                 Group Key: lineitem.l_suppkey
                                 ->  Parallel Bitmap Heap Scan on lineitem  (cost=35761.48..1331399.07 rows=557583 width=16)
                                       Recheck Cond: ((l_shipdate >= '1996-01-01'::date) AND (l_shipdate < '1996-04-01'::date))
                                       ->  Bitmap Index Scan on idx_lineitem_shipdate  (cost=0.00..35203.90 rows=2230333 width=0)
                                             Index Cond: ((l_shipdate >= '1996-01-01'::date) AND (l_shipdate < '1996-04-01'::date))
         ->  Index Scan using supplier_pkey on supplier  (cost=0.29..2.44 rows=1 width=71)
               Index Cond: (s_suppkey = lineitem.l_suppkey)
(29 rows)

DROP VIEW
query 16 run 1
SET
SET
SET
                                                                                            QUERY PLAN                                                                                            
--------------------------------------------------------------------------------------------------------------------------------------------------------------------------------------------------
 Limit  (cost=252284.45..252284.45 rows=1 width=44)
   ->  Sort  (cost=252284.45..252670.14 rows=154277 width=44)
         Sort Key: (count(DISTINCT partsupp.ps_suppkey)) DESC, part.p_brand, part.p_type, part.p_size
         ->  GroupAggregate  (cost=172271.70..251513.06 rows=154277 width=44)
               Group Key: part.p_brand, part.p_type, part.p_size
               ->  Gather Merge  (cost=172271.70..243981.25 rows=598904 width=40)
                     Workers Planned: 4
                     ->  Sort  (cost=171271.64..171645.95 rows=149726 width=40)
                           Sort Key: part.p_brand, part.p_type, part.p_size
                           ->  Parallel Hash Join  (cost=57888.04..158401.22 rows=149726 width=40)
                                 Hash Cond: (partsupp.ps_partkey = part.p_partkey)
                                 ->  Parallel Index Only Scan using partsupp_pkey on partsupp  (cost=3471.46..101360.30 rows=999744 width=8)
                                       Filter: (NOT (hashed SubPlan 1))
                                       SubPlan 1
                                         ->  Seq Scan on supplier  (cost=0.00..3471.00 rows=10 width=4)
                                               Filter: ((s_comment)::text ~~ '%Customer%Complaints%'::text)
                                 ->  Parallel Hash  (cost=53480.59..53480.59 rows=74880 width=40)
                                       ->  Parallel Seq Scan on part  (cost=0.00..53480.59 rows=74880 width=40)
                                             Filter: ((p_brand <> 'Brand#12'::bpchar) AND ((p_type)::text !~~ 'SMALL BRUSHED%'::text) AND (p_size = ANY ('{12,32,36,26,40,34,49,9}'::integer[])))
(19 rows)

query 16 run 2
SET
SET
SET
                                                                                            QUERY PLAN                                                                                            
--------------------------------------------------------------------------------------------------------------------------------------------------------------------------------------------------
 Limit  (cost=252284.45..252284.45 rows=1 width=44)
   ->  Sort  (cost=252284.45..252670.14 rows=154277 width=44)
         Sort Key: (count(DISTINCT partsupp.ps_suppkey)) DESC, part.p_brand, part.p_type, part.p_size
         ->  GroupAggregate  (cost=172271.70..251513.06 rows=154277 width=44)
               Group Key: part.p_brand, part.p_type, part.p_size
               ->  Gather Merge  (cost=172271.70..243981.25 rows=598904 width=40)
                     Workers Planned: 4
                     ->  Sort  (cost=171271.64..171645.95 rows=149726 width=40)
                           Sort Key: part.p_brand, part.p_type, part.p_size
                           ->  Parallel Hash Join  (cost=57888.04..158401.22 rows=149726 width=40)
                                 Hash Cond: (partsupp.ps_partkey = part.p_partkey)
                                 ->  Parallel Index Only Scan using partsupp_pkey on partsupp  (cost=3471.46..101360.30 rows=999744 width=8)
                                       Filter: (NOT (hashed SubPlan 1))
                                       SubPlan 1
                                         ->  Seq Scan on supplier  (cost=0.00..3471.00 rows=10 width=4)
                                               Filter: ((s_comment)::text ~~ '%Customer%Complaints%'::text)
                                 ->  Parallel Hash  (cost=53480.59..53480.59 rows=74880 width=40)
                                       ->  Parallel Seq Scan on part  (cost=0.00..53480.59 rows=74880 width=40)
                                             Filter: ((p_brand <> 'Brand#12'::bpchar) AND ((p_type)::text !~~ 'SMALL BRUSHED%'::text) AND (p_size = ANY ('{12,32,36,26,40,34,49,9}'::integer[])))
(19 rows)

query 16 run 3
SET
SET
SET
                                                                                            QUERY PLAN                                                                                            
--------------------------------------------------------------------------------------------------------------------------------------------------------------------------------------------------
 Limit  (cost=252284.45..252284.45 rows=1 width=44)
   ->  Sort  (cost=252284.45..252670.14 rows=154277 width=44)
         Sort Key: (count(DISTINCT partsupp.ps_suppkey)) DESC, part.p_brand, part.p_type, part.p_size
         ->  GroupAggregate  (cost=172271.70..251513.06 rows=154277 width=44)
               Group Key: part.p_brand, part.p_type, part.p_size
               ->  Gather Merge  (cost=172271.70..243981.25 rows=598904 width=40)
                     Workers Planned: 4
                     ->  Sort  (cost=171271.64..171645.95 rows=149726 width=40)
                           Sort Key: part.p_brand, part.p_type, part.p_size
                           ->  Parallel Hash Join  (cost=57888.04..158401.22 rows=149726 width=40)
                                 Hash Cond: (partsupp.ps_partkey = part.p_partkey)
                                 ->  Parallel Index Only Scan using partsupp_pkey on partsupp  (cost=3471.46..101360.30 rows=999744 width=8)
                                       Filter: (NOT (hashed SubPlan 1))
                                       SubPlan 1
                                         ->  Seq Scan on supplier  (cost=0.00..3471.00 rows=10 width=4)
                                               Filter: ((s_comment)::text ~~ '%Customer%Complaints%'::text)
                                 ->  Parallel Hash  (cost=53480.59..53480.59 rows=74880 width=40)
                                       ->  Parallel Seq Scan on part  (cost=0.00..53480.59 rows=74880 width=40)
                                             Filter: ((p_brand <> 'Brand#12'::bpchar) AND ((p_type)::text !~~ 'SMALL BRUSHED%'::text) AND (p_size = ANY ('{12,32,36,26,40,34,49,9}'::integer[])))
(19 rows)

query 17 run 1
SET
SET
SET
                                                            QUERY PLAN                                                             
-----------------------------------------------------------------------------------------------------------------------------------
 Limit  (cost=3430358.14..3430358.15 rows=1 width=32)
   ->  Aggregate  (cost=3430358.14..3430358.15 rows=1 width=32)
         ->  Merge Join  (cost=2281306.93..3430307.69 rows=20178 width=8)
               Merge Cond: (lineitem_1.l_partkey = part.p_partkey)
               Join Filter: (lineitem.l_quantity < ((0.2 * avg(lineitem_1.l_quantity))))
               ->  Finalize GroupAggregate  (cost=2280306.01..3304949.60 rows=1955656 width=36)
                     Group Key: lineitem_1.l_partkey
                     ->  Gather Merge  (cost=2280306.01..3216945.08 rows=7822624 width=36)
                           Workers Planned: 4
                           ->  Sort  (cost=2279305.95..2284195.09 rows=1955656 width=36)
                                 Sort Key: lineitem_1.l_partkey
                                 ->  Partial HashAggregate  (cost=1869677.47..2040569.76 rows=1955656 width=36)
                                       Group Key: lineitem_1.l_partkey
                                       Planned Partitions: 16
                                       ->  Parallel Seq Scan on lineitem lineitem_1  (cost=0.00..1275104.31 rows=14996131 width=9)
               ->  Materialize  (cost=1000.93..100000.94 rows=61906 width=21)
                     ->  Gather Merge  (cost=1000.93..99846.17 rows=61906 width=21)
                           Workers Planned: 4
                           ->  Nested Loop  (cost=0.87..91472.51 rows=15476 width=21)
                                 ->  Parallel Index Scan using part_pkey on part  (cost=0.43..66711.85 rows=516 width=4)
                                       Filter: ((p_brand = 'Brand#22'::bpchar) AND (p_container = 'LG BOX'::bpchar))
                                 ->  Index Scan using idx_lineitem_part_supp on lineitem  (cost=0.44..47.68 rows=31 width=17)
                                       Index Cond: (l_partkey = part.p_partkey)
(23 rows)

query 17 run 2
SET
SET
SET
                                                            QUERY PLAN                                                             
-----------------------------------------------------------------------------------------------------------------------------------
 Limit  (cost=3430358.14..3430358.15 rows=1 width=32)
   ->  Aggregate  (cost=3430358.14..3430358.15 rows=1 width=32)
         ->  Merge Join  (cost=2281306.93..3430307.69 rows=20178 width=8)
               Merge Cond: (lineitem_1.l_partkey = part.p_partkey)
               Join Filter: (lineitem.l_quantity < ((0.2 * avg(lineitem_1.l_quantity))))
               ->  Finalize GroupAggregate  (cost=2280306.01..3304949.60 rows=1955656 width=36)
                     Group Key: lineitem_1.l_partkey
                     ->  Gather Merge  (cost=2280306.01..3216945.08 rows=7822624 width=36)
                           Workers Planned: 4
                           ->  Sort  (cost=2279305.95..2284195.09 rows=1955656 width=36)
                                 Sort Key: lineitem_1.l_partkey
                                 ->  Partial HashAggregate  (cost=1869677.47..2040569.76 rows=1955656 width=36)
                                       Group Key: lineitem_1.l_partkey
                                       Planned Partitions: 16
                                       ->  Parallel Seq Scan on lineitem lineitem_1  (cost=0.00..1275104.31 rows=14996131 width=9)
               ->  Materialize  (cost=1000.93..100000.94 rows=61906 width=21)
                     ->  Gather Merge  (cost=1000.93..99846.17 rows=61906 width=21)
                           Workers Planned: 4
                           ->  Nested Loop  (cost=0.87..91472.51 rows=15476 width=21)
                                 ->  Parallel Index Scan using part_pkey on part  (cost=0.43..66711.85 rows=516 width=4)
                                       Filter: ((p_brand = 'Brand#22'::bpchar) AND (p_container = 'LG BOX'::bpchar))
                                 ->  Index Scan using idx_lineitem_part_supp on lineitem  (cost=0.44..47.68 rows=31 width=17)
                                       Index Cond: (l_partkey = part.p_partkey)
(23 rows)

query 17 run 3
SET
SET
SET
                                                            QUERY PLAN                                                             
-----------------------------------------------------------------------------------------------------------------------------------
 Limit  (cost=3430358.14..3430358.15 rows=1 width=32)
   ->  Aggregate  (cost=3430358.14..3430358.15 rows=1 width=32)
         ->  Merge Join  (cost=2281306.93..3430307.69 rows=20178 width=8)
               Merge Cond: (lineitem_1.l_partkey = part.p_partkey)
               Join Filter: (lineitem.l_quantity < ((0.2 * avg(lineitem_1.l_quantity))))
               ->  Finalize GroupAggregate  (cost=2280306.01..3304949.60 rows=1955656 width=36)
                     Group Key: lineitem_1.l_partkey
                     ->  Gather Merge  (cost=2280306.01..3216945.08 rows=7822624 width=36)
                           Workers Planned: 4
                           ->  Sort  (cost=2279305.95..2284195.09 rows=1955656 width=36)
                                 Sort Key: lineitem_1.l_partkey
                                 ->  Partial HashAggregate  (cost=1869677.47..2040569.76 rows=1955656 width=36)
                                       Group Key: lineitem_1.l_partkey
                                       Planned Partitions: 16
                                       ->  Parallel Seq Scan on lineitem lineitem_1  (cost=0.00..1275104.31 rows=14996131 width=9)
               ->  Materialize  (cost=1000.93..100000.94 rows=61906 width=21)
                     ->  Gather Merge  (cost=1000.93..99846.17 rows=61906 width=21)
                           Workers Planned: 4
                           ->  Nested Loop  (cost=0.87..91472.51 rows=15476 width=21)
                                 ->  Parallel Index Scan using part_pkey on part  (cost=0.43..66711.85 rows=516 width=4)
                                       Filter: ((p_brand = 'Brand#22'::bpchar) AND (p_container = 'LG BOX'::bpchar))
                                 ->  Index Scan using idx_lineitem_part_supp on lineitem  (cost=0.44..47.68 rows=31 width=17)
                                       Index Cond: (l_partkey = part.p_partkey)
(23 rows)

query 18 run 1
SET
SET
SET
                                                                       QUERY PLAN                                                                       
--------------------------------------------------------------------------------------------------------------------------------------------------------
 Limit  (cost=8774608.66..8774608.91 rows=100 width=71)
   ->  Sort  (cost=8774608.66..8824579.56 rows=19988363 width=71)
         Sort Key: orders.o_totalprice DESC, orders.o_orderdate
         ->  HashAggregate  (cost=7409455.31..8010667.79 rows=19988363 width=71)
               Group Key: customer.c_custkey, orders.o_orderkey
               Planned Partitions: 128
               ->  Hash Join  (cost=78692.48..6332738.42 rows=19988363 width=44)
                     Hash Cond: (orders.o_custkey = customer.c_custkey)
                     ->  Merge Join  (cost=202.38..5919708.71 rows=19988363 width=25)
                           Merge Cond: (orders.o_orderkey = lineitem.l_orderkey)
                           ->  Merge Join  (cost=1.00..3390266.25 rows=4998710 width=24)
                                 Merge Cond: (orders.o_orderkey = lineitem_1.l_orderkey)
                                 ->  Index Scan using orders_pkey on orders  (cost=0.43..547980.29 rows=15000990 width=20)
                                 ->  GroupAggregate  (cost=0.56..2692312.51 rows=4998710 width=4)
                                       Group Key: lineitem_1.l_orderkey
                                       Filter: (sum(lineitem_1.l_quantity) > '313'::numeric)
                                       ->  Index Scan using idx_lineitem_orderkey on lineitem lineitem_1  (cost=0.56..2167447.93 rows=59984524 width=9)
                           ->  Index Scan using idx_lineitem_orderkey on lineitem  (cost=0.56..2167447.93 rows=59984524 width=9)
                     ->  Hash  (cost=50948.38..50948.38 rows=1500138 width=23)
                           ->  Seq Scan on customer  (cost=0.00..50948.38 rows=1500138 width=23)
(20 rows)

query 18 run 2
SET
SET
SET
                                                                       QUERY PLAN                                                                       
--------------------------------------------------------------------------------------------------------------------------------------------------------
 Limit  (cost=8774608.66..8774608.91 rows=100 width=71)
   ->  Sort  (cost=8774608.66..8824579.56 rows=19988363 width=71)
         Sort Key: orders.o_totalprice DESC, orders.o_orderdate
         ->  HashAggregate  (cost=7409455.31..8010667.79 rows=19988363 width=71)
               Group Key: customer.c_custkey, orders.o_orderkey
               Planned Partitions: 128
               ->  Hash Join  (cost=78692.48..6332738.42 rows=19988363 width=44)
                     Hash Cond: (orders.o_custkey = customer.c_custkey)
                     ->  Merge Join  (cost=202.38..5919708.71 rows=19988363 width=25)
                           Merge Cond: (orders.o_orderkey = lineitem.l_orderkey)
                           ->  Merge Join  (cost=1.00..3390266.25 rows=4998710 width=24)
                                 Merge Cond: (orders.o_orderkey = lineitem_1.l_orderkey)
                                 ->  Index Scan using orders_pkey on orders  (cost=0.43..547980.29 rows=15000990 width=20)
                                 ->  GroupAggregate  (cost=0.56..2692312.51 rows=4998710 width=4)
                                       Group Key: lineitem_1.l_orderkey
                                       Filter: (sum(lineitem_1.l_quantity) > '313'::numeric)
                                       ->  Index Scan using idx_lineitem_orderkey on lineitem lineitem_1  (cost=0.56..2167447.93 rows=59984524 width=9)
                           ->  Index Scan using idx_lineitem_orderkey on lineitem  (cost=0.56..2167447.93 rows=59984524 width=9)
                     ->  Hash  (cost=50948.38..50948.38 rows=1500138 width=23)
                           ->  Seq Scan on customer  (cost=0.00..50948.38 rows=1500138 width=23)
(20 rows)

query 18 run 3
SET
SET
SET
                                                                       QUERY PLAN                                                                       
--------------------------------------------------------------------------------------------------------------------------------------------------------
 Limit  (cost=8774608.66..8774608.91 rows=100 width=71)
   ->  Sort  (cost=8774608.66..8824579.56 rows=19988363 width=71)
         Sort Key: orders.o_totalprice DESC, orders.o_orderdate
         ->  HashAggregate  (cost=7409455.31..8010667.79 rows=19988363 width=71)
               Group Key: customer.c_custkey, orders.o_orderkey
               Planned Partitions: 128
               ->  Hash Join  (cost=78692.48..6332738.42 rows=19988363 width=44)
                     Hash Cond: (orders.o_custkey = customer.c_custkey)
                     ->  Merge Join  (cost=202.38..5919708.71 rows=19988363 width=25)
                           Merge Cond: (orders.o_orderkey = lineitem.l_orderkey)
                           ->  Merge Join  (cost=1.00..3390266.25 rows=4998710 width=24)
                                 Merge Cond: (orders.o_orderkey = lineitem_1.l_orderkey)
                                 ->  Index Scan using orders_pkey on orders  (cost=0.43..547980.29 rows=15000990 width=20)
                                 ->  GroupAggregate  (cost=0.56..2692312.51 rows=4998710 width=4)
                                       Group Key: lineitem_1.l_orderkey
                                       Filter: (sum(lineitem_1.l_quantity) > '313'::numeric)
                                       ->  Index Scan using idx_lineitem_orderkey on lineitem lineitem_1  (cost=0.56..2167447.93 rows=59984524 width=9)
                           ->  Index Scan using idx_lineitem_orderkey on lineitem  (cost=0.56..2167447.93 rows=59984524 width=9)
                     ->  Hash  (cost=50948.38..50948.38 rows=1500138 width=23)
                           ->  Seq Scan on customer  (cost=0.00..50948.38 rows=1500138 width=23)
(20 rows)

query 19 run 1
SET
SET
SET
                                                                                                                                                                                                                                                                                                                                                                                                                                                                                                                  QUERY PLAN                                                                                                                                                                                                                                                                                                                                                                                                                                                                                                                  
----------------------------------------------------------------------------------------------------------------------------------------------------------------------------------------------------------------------------------------------------------------------------------------------------------------------------------------------------------------------------------------------------------------------------------------------------------------------------------------------------------------------------------------------------------------------------------------------------------------------------------------------------------------------------------------------------------------------------------------------------------------------------------------------------------------------------------------------------------------------------------------------------------------------------------------------------------------------------------------------------------------------------------------------
 Limit  (cost=120787.32..120787.33 rows=1 width=32)
   ->  Finalize Aggregate  (cost=120787.32..120787.33 rows=1 width=32)
         ->  Gather  (cost=120786.88..120787.29 rows=4 width=32)
               Workers Planned: 4
               ->  Partial Aggregate  (cost=119786.88..119786.89 rows=1 width=32)
                     ->  Nested Loop  (cost=0.44..119784.76 rows=283 width=12)
                           ->  Parallel Seq Scan on part  (cost=0.00..62230.30 rows=1197 width=30)
                                 Filter: ((p_size >= 1) AND (((p_brand = 'Brand#24'::bpchar) AND (p_container = ANY ('{"SM CASE","SM BOX","SM PACK","SM PKG"}'::bpchar[])) AND (p_size <= 5)) OR ((p_brand = 'Brand#43'::bpchar) AND (p_container = ANY ('{"MED BAG","MED BOX","MED PKG","MED PACK"}'::bpchar[])) AND (p_size <= 10)) OR ((p_brand = 'Brand#44'::bpchar) AND (p_container = ANY ('{"LG CASE","LG BOX","LG PACK","LG PKG"}'::bpchar[])) AND (p_size <= 15))))
                           ->  Index Scan using idx_lineitem_part_supp on lineitem  (cost=0.44..48.07 rows=1 width=21)
                                 Index Cond: (l_partkey = part.p_partkey)
                                 Filter: ((l_shipmode = ANY ('{AIR,"AIR REG"}'::bpchar[])) AND (l_shipinstruct = 'DELIVER IN PERSON'::bpchar) AND (((l_quantity >= '10'::numeric) AND (l_quantity <= '20'::numeric)) OR ((l_quantity >= '10'::numeric) AND (l_quantity <= '20'::numeric)) OR ((l_quantity >= '20'::numeric) AND (l_quantity <= '30'::numeric))) AND (((part.p_brand = 'Brand#24'::bpchar) AND (part.p_container = ANY ('{"SM CASE","SM BOX","SM PACK","SM PKG"}'::bpchar[])) AND (l_quantity >= '10'::numeric) AND (l_quantity <= '20'::numeric) AND (part.p_size <= 5)) OR ((part.p_brand = 'Brand#43'::bpchar) AND (part.p_container = ANY ('{"MED BAG","MED BOX","MED PKG","MED PACK"}'::bpchar[])) AND (l_quantity >= '10'::numeric) AND (l_quantity <= '20'::numeric) AND (part.p_size <= 10)) OR ((part.p_brand = 'Brand#44'::bpchar) AND (part.p_container = ANY ('{"LG CASE","LG BOX","LG PACK","LG PKG"}'::bpchar[])) AND (l_quantity >= '20'::numeric) AND (l_quantity <= '30'::numeric) AND (part.p_size <= 15))))
(11 rows)

query 19 run 2
SET
SET
SET
                                                                                                                                                                                                                                                                                                                                                                                                                                                                                                                  QUERY PLAN                                                                                                                                                                                                                                                                                                                                                                                                                                                                                                                  
----------------------------------------------------------------------------------------------------------------------------------------------------------------------------------------------------------------------------------------------------------------------------------------------------------------------------------------------------------------------------------------------------------------------------------------------------------------------------------------------------------------------------------------------------------------------------------------------------------------------------------------------------------------------------------------------------------------------------------------------------------------------------------------------------------------------------------------------------------------------------------------------------------------------------------------------------------------------------------------------------------------------------------------------
 Limit  (cost=120787.32..120787.33 rows=1 width=32)
   ->  Finalize Aggregate  (cost=120787.32..120787.33 rows=1 width=32)
         ->  Gather  (cost=120786.88..120787.29 rows=4 width=32)
               Workers Planned: 4
               ->  Partial Aggregate  (cost=119786.88..119786.89 rows=1 width=32)
                     ->  Nested Loop  (cost=0.44..119784.76 rows=283 width=12)
                           ->  Parallel Seq Scan on part  (cost=0.00..62230.30 rows=1197 width=30)
                                 Filter: ((p_size >= 1) AND (((p_brand = 'Brand#24'::bpchar) AND (p_container = ANY ('{"SM CASE","SM BOX","SM PACK","SM PKG"}'::bpchar[])) AND (p_size <= 5)) OR ((p_brand = 'Brand#43'::bpchar) AND (p_container = ANY ('{"MED BAG","MED BOX","MED PKG","MED PACK"}'::bpchar[])) AND (p_size <= 10)) OR ((p_brand = 'Brand#44'::bpchar) AND (p_container = ANY ('{"LG CASE","LG BOX","LG PACK","LG PKG"}'::bpchar[])) AND (p_size <= 15))))
                           ->  Index Scan using idx_lineitem_part_supp on lineitem  (cost=0.44..48.07 rows=1 width=21)
                                 Index Cond: (l_partkey = part.p_partkey)
                                 Filter: ((l_shipmode = ANY ('{AIR,"AIR REG"}'::bpchar[])) AND (l_shipinstruct = 'DELIVER IN PERSON'::bpchar) AND (((l_quantity >= '10'::numeric) AND (l_quantity <= '20'::numeric)) OR ((l_quantity >= '10'::numeric) AND (l_quantity <= '20'::numeric)) OR ((l_quantity >= '20'::numeric) AND (l_quantity <= '30'::numeric))) AND (((part.p_brand = 'Brand#24'::bpchar) AND (part.p_container = ANY ('{"SM CASE","SM BOX","SM PACK","SM PKG"}'::bpchar[])) AND (l_quantity >= '10'::numeric) AND (l_quantity <= '20'::numeric) AND (part.p_size <= 5)) OR ((part.p_brand = 'Brand#43'::bpchar) AND (part.p_container = ANY ('{"MED BAG","MED BOX","MED PKG","MED PACK"}'::bpchar[])) AND (l_quantity >= '10'::numeric) AND (l_quantity <= '20'::numeric) AND (part.p_size <= 10)) OR ((part.p_brand = 'Brand#44'::bpchar) AND (part.p_container = ANY ('{"LG CASE","LG BOX","LG PACK","LG PKG"}'::bpchar[])) AND (l_quantity >= '20'::numeric) AND (l_quantity <= '30'::numeric) AND (part.p_size <= 15))))
(11 rows)

query 19 run 3
SET
SET
SET
                                                                                                                                                                                                                                                                                                                                                                                                                                                                                                                  QUERY PLAN                                                                                                                                                                                                                                                                                                                                                                                                                                                                                                                  
----------------------------------------------------------------------------------------------------------------------------------------------------------------------------------------------------------------------------------------------------------------------------------------------------------------------------------------------------------------------------------------------------------------------------------------------------------------------------------------------------------------------------------------------------------------------------------------------------------------------------------------------------------------------------------------------------------------------------------------------------------------------------------------------------------------------------------------------------------------------------------------------------------------------------------------------------------------------------------------------------------------------------------------------
 Limit  (cost=120787.32..120787.33 rows=1 width=32)
   ->  Finalize Aggregate  (cost=120787.32..120787.33 rows=1 width=32)
         ->  Gather  (cost=120786.88..120787.29 rows=4 width=32)
               Workers Planned: 4
               ->  Partial Aggregate  (cost=119786.88..119786.89 rows=1 width=32)
                     ->  Nested Loop  (cost=0.44..119784.76 rows=283 width=12)
                           ->  Parallel Seq Scan on part  (cost=0.00..62230.30 rows=1197 width=30)
                                 Filter: ((p_size >= 1) AND (((p_brand = 'Brand#24'::bpchar) AND (p_container = ANY ('{"SM CASE","SM BOX","SM PACK","SM PKG"}'::bpchar[])) AND (p_size <= 5)) OR ((p_brand = 'Brand#43'::bpchar) AND (p_container = ANY ('{"MED BAG","MED BOX","MED PKG","MED PACK"}'::bpchar[])) AND (p_size <= 10)) OR ((p_brand = 'Brand#44'::bpchar) AND (p_container = ANY ('{"LG CASE","LG BOX","LG PACK","LG PKG"}'::bpchar[])) AND (p_size <= 15))))
                           ->  Index Scan using idx_lineitem_part_supp on lineitem  (cost=0.44..48.07 rows=1 width=21)
                                 Index Cond: (l_partkey = part.p_partkey)
                                 Filter: ((l_shipmode = ANY ('{AIR,"AIR REG"}'::bpchar[])) AND (l_shipinstruct = 'DELIVER IN PERSON'::bpchar) AND (((l_quantity >= '10'::numeric) AND (l_quantity <= '20'::numeric)) OR ((l_quantity >= '10'::numeric) AND (l_quantity <= '20'::numeric)) OR ((l_quantity >= '20'::numeric) AND (l_quantity <= '30'::numeric))) AND (((part.p_brand = 'Brand#24'::bpchar) AND (part.p_container = ANY ('{"SM CASE","SM BOX","SM PACK","SM PKG"}'::bpchar[])) AND (l_quantity >= '10'::numeric) AND (l_quantity <= '20'::numeric) AND (part.p_size <= 5)) OR ((part.p_brand = 'Brand#43'::bpchar) AND (part.p_container = ANY ('{"MED BAG","MED BOX","MED PKG","MED PACK"}'::bpchar[])) AND (l_quantity >= '10'::numeric) AND (l_quantity <= '20'::numeric) AND (part.p_size <= 10)) OR ((part.p_brand = 'Brand#44'::bpchar) AND (part.p_container = ANY ('{"LG CASE","LG BOX","LG PACK","LG PKG"}'::bpchar[])) AND (l_quantity >= '20'::numeric) AND (l_quantity <= '30'::numeric) AND (part.p_size <= 15))))
(11 rows)

query 20 run 1
SET
SET
SET
                                                             QUERY PLAN                                                             
------------------------------------------------------------------------------------------------------------------------------------
 Limit  (cost=2442434.54..2694623.98 rows=1 width=51)
   ->  Nested Loop Semi Join  (cost=2442434.54..2694623.98 rows=1 width=51)
         Join Filter: (supplier.s_suppkey = lineitem.l_suppkey)
         ->  Gather Merge  (cost=4122.93..4578.81 rows=4000 width=55)
               Workers Planned: 1
               ->  Sort  (cost=3122.92..3128.80 rows=2353 width=55)
                     Sort Key: supplier.s_name
                     ->  Hash Join  (cost=1.32..2991.15 rows=2353 width=55)
                           Hash Cond: (supplier.s_nationkey = nation.n_nationkey)
                           ->  Parallel Seq Scan on supplier  (cost=0.00..2809.24 rows=58824 width=59)
                           ->  Hash  (cost=1.31..1.31 rows=1 width=4)
                                 ->  Seq Scan on nation  (cost=0.00..1.31 rows=1 width=4)
                                       Filter: (n_name = 'IRAQ'::bpchar)
         ->  Materialize  (cost=2438311.61..2689865.18 rows=3 width=8)
               ->  Nested Loop  (cost=2438311.61..2689865.16 rows=3 width=8)
                     ->  Hash Join  (cost=2438311.18..2663825.07 rows=49311 width=44)
                           Hash Cond: (lineitem.l_partkey = part.p_partkey)
                           ->  HashAggregate  (cost=2387807.77..2551687.73 rows=4881894 width=40)
                                 Group Key: lineitem.l_partkey, lineitem.l_suppkey
                                 Planned Partitions: 32
                                 ->  Bitmap Heap Scan on lineitem  (cost=148837.93..1996555.67 rows=9282719 width=13)
                                       Recheck Cond: ((l_shipdate >= '1996-01-01'::date) AND (l_shipdate < '1997-01-01'::date))
                                       ->  Bitmap Index Scan on idx_lineitem_shipdate  (cost=0.00..146517.26 rows=9282719 width=0)
                                             Index Cond: ((l_shipdate >= '1996-01-01'::date) AND (l_shipdate < '1997-01-01'::date))
                           ->  Hash  (cost=50250.89..50250.89 rows=20201 width=4)
                                 ->  Gather  (cost=1000.00..50250.89 rows=20201 width=4)
                                       Workers Planned: 4
                                       ->  Parallel Seq Scan on part  (cost=0.00..47230.79 rows=5050 width=4)
                                             Filter: ((p_name)::text ~~ 'olive%'::text)
                     ->  Index Scan using partsupp_pkey on partsupp  (cost=0.43..0.52 rows=1 width=12)
                           Index Cond: ((ps_partkey = lineitem.l_partkey) AND (ps_suppkey = lineitem.l_suppkey))
                           Filter: ((ps_availqty)::numeric > ((0.5 * sum(lineitem.l_quantity))))
(32 rows)

query 20 run 2
SET
SET
SET
                                                             QUERY PLAN                                                             
------------------------------------------------------------------------------------------------------------------------------------
 Limit  (cost=2442434.54..2694623.98 rows=1 width=51)
   ->  Nested Loop Semi Join  (cost=2442434.54..2694623.98 rows=1 width=51)
         Join Filter: (supplier.s_suppkey = lineitem.l_suppkey)
         ->  Gather Merge  (cost=4122.93..4578.81 rows=4000 width=55)
               Workers Planned: 1
               ->  Sort  (cost=3122.92..3128.80 rows=2353 width=55)
                     Sort Key: supplier.s_name
                     ->  Hash Join  (cost=1.32..2991.15 rows=2353 width=55)
                           Hash Cond: (supplier.s_nationkey = nation.n_nationkey)
                           ->  Parallel Seq Scan on supplier  (cost=0.00..2809.24 rows=58824 width=59)
                           ->  Hash  (cost=1.31..1.31 rows=1 width=4)
                                 ->  Seq Scan on nation  (cost=0.00..1.31 rows=1 width=4)
                                       Filter: (n_name = 'IRAQ'::bpchar)
         ->  Materialize  (cost=2438311.61..2689865.18 rows=3 width=8)
               ->  Nested Loop  (cost=2438311.61..2689865.16 rows=3 width=8)
                     ->  Hash Join  (cost=2438311.18..2663825.07 rows=49311 width=44)
                           Hash Cond: (lineitem.l_partkey = part.p_partkey)
                           ->  HashAggregate  (cost=2387807.77..2551687.73 rows=4881894 width=40)
                                 Group Key: lineitem.l_partkey, lineitem.l_suppkey
                                 Planned Partitions: 32
                                 ->  Bitmap Heap Scan on lineitem  (cost=148837.93..1996555.67 rows=9282719 width=13)
                                       Recheck Cond: ((l_shipdate >= '1996-01-01'::date) AND (l_shipdate < '1997-01-01'::date))
                                       ->  Bitmap Index Scan on idx_lineitem_shipdate  (cost=0.00..146517.26 rows=9282719 width=0)
                                             Index Cond: ((l_shipdate >= '1996-01-01'::date) AND (l_shipdate < '1997-01-01'::date))
                           ->  Hash  (cost=50250.89..50250.89 rows=20201 width=4)
                                 ->  Gather  (cost=1000.00..50250.89 rows=20201 width=4)
                                       Workers Planned: 4
                                       ->  Parallel Seq Scan on part  (cost=0.00..47230.79 rows=5050 width=4)
                                             Filter: ((p_name)::text ~~ 'olive%'::text)
                     ->  Index Scan using partsupp_pkey on partsupp  (cost=0.43..0.52 rows=1 width=12)
                           Index Cond: ((ps_partkey = lineitem.l_partkey) AND (ps_suppkey = lineitem.l_suppkey))
                           Filter: ((ps_availqty)::numeric > ((0.5 * sum(lineitem.l_quantity))))
(32 rows)

query 20 run 3
SET
SET
SET
                                                             QUERY PLAN                                                             
------------------------------------------------------------------------------------------------------------------------------------
 Limit  (cost=2442434.54..2694623.98 rows=1 width=51)
   ->  Nested Loop Semi Join  (cost=2442434.54..2694623.98 rows=1 width=51)
         Join Filter: (supplier.s_suppkey = lineitem.l_suppkey)
         ->  Gather Merge  (cost=4122.93..4578.81 rows=4000 width=55)
               Workers Planned: 1
               ->  Sort  (cost=3122.92..3128.80 rows=2353 width=55)
                     Sort Key: supplier.s_name
                     ->  Hash Join  (cost=1.32..2991.15 rows=2353 width=55)
                           Hash Cond: (supplier.s_nationkey = nation.n_nationkey)
                           ->  Parallel Seq Scan on supplier  (cost=0.00..2809.24 rows=58824 width=59)
                           ->  Hash  (cost=1.31..1.31 rows=1 width=4)
                                 ->  Seq Scan on nation  (cost=0.00..1.31 rows=1 width=4)
                                       Filter: (n_name = 'IRAQ'::bpchar)
         ->  Materialize  (cost=2438311.61..2689865.18 rows=3 width=8)
               ->  Nested Loop  (cost=2438311.61..2689865.16 rows=3 width=8)
                     ->  Hash Join  (cost=2438311.18..2663825.07 rows=49311 width=44)
                           Hash Cond: (lineitem.l_partkey = part.p_partkey)
                           ->  HashAggregate  (cost=2387807.77..2551687.73 rows=4881894 width=40)
                                 Group Key: lineitem.l_partkey, lineitem.l_suppkey
                                 Planned Partitions: 32
                                 ->  Bitmap Heap Scan on lineitem  (cost=148837.93..1996555.67 rows=9282719 width=13)
                                       Recheck Cond: ((l_shipdate >= '1996-01-01'::date) AND (l_shipdate < '1997-01-01'::date))
                                       ->  Bitmap Index Scan on idx_lineitem_shipdate  (cost=0.00..146517.26 rows=9282719 width=0)
                                             Index Cond: ((l_shipdate >= '1996-01-01'::date) AND (l_shipdate < '1997-01-01'::date))
                           ->  Hash  (cost=50250.89..50250.89 rows=20201 width=4)
                                 ->  Gather  (cost=1000.00..50250.89 rows=20201 width=4)
                                       Workers Planned: 4
                                       ->  Parallel Seq Scan on part  (cost=0.00..47230.79 rows=5050 width=4)
                                             Filter: ((p_name)::text ~~ 'olive%'::text)
                     ->  Index Scan using partsupp_pkey on partsupp  (cost=0.43..0.52 rows=1 width=12)
                           Index Cond: ((ps_partkey = lineitem.l_partkey) AND (ps_suppkey = lineitem.l_suppkey))
                           Filter: ((ps_availqty)::numeric > ((0.5 * sum(lineitem.l_quantity))))
(32 rows)

query 21 run 1
SET
SET
SET
                                                                QUERY PLAN                                                                 
-------------------------------------------------------------------------------------------------------------------------------------------
 Limit  (cost=1897789.54..1897789.55 rows=1 width=34)
   ->  Sort  (cost=1897789.54..1897789.55 rows=1 width=34)
         Sort Key: (count(*)) DESC, supplier.s_name
         ->  GroupAggregate  (cost=1897789.51..1897789.53 rows=1 width=34)
               Group Key: supplier.s_name
               ->  Sort  (cost=1897789.51..1897789.52 rows=1 width=26)
                     Sort Key: supplier.s_name
                     ->  Nested Loop Semi Join  (cost=4022.13..1897789.50 rows=1 width=26)
                           Join Filter: (l2.l_suppkey <> l1.l_suppkey)
                           ->  Nested Loop  (cost=4021.56..1897786.26 rows=1 width=38)
                                 ->  Gather  (cost=4021.13..1897783.24 rows=1 width=34)
                                       Workers Planned: 4
                                       ->  Nested Loop Anti Join  (cost=3021.13..1896783.14 rows=1 width=34)
                                             ->  Parallel Hash Join  (cost=3020.56..1335514.01 rows=196116 width=34)
                                                   Hash Cond: (l1.l_suppkey = supplier.s_suppkey)
                                                   ->  Parallel Seq Scan on lineitem l1  (cost=0.00..1312594.64 rows=4998710 width=8)
                                                         Filter: (l_receiptdate > l_commitdate)
                                                   ->  Parallel Hash  (cost=2991.15..2991.15 rows=2353 width=30)
                                                         ->  Hash Join  (cost=1.32..2991.15 rows=2353 width=30)
                                                               Hash Cond: (supplier.s_nationkey = nation.n_nationkey)
                                                               ->  Parallel Seq Scan on supplier  (cost=0.00..2809.24 rows=58824 width=34)
                                                               ->  Hash  (cost=1.31..1.31 rows=1 width=4)
                                                                     ->  Seq Scan on nation  (cost=0.00..1.31 rows=1 width=4)
                                                                           Filter: (n_name = 'PERU'::bpchar)
                                             ->  Index Scan using idx_lineitem_orderkey on lineitem l3  (cost=0.56..3.23 rows=1 width=8)
                                                   Index Cond: (l_orderkey = l1.l_orderkey)
                                                   Filter: ((l_receiptdate > l_commitdate) AND (l_suppkey <> l1.l_suppkey))
                                 ->  Index Scan using orders_pkey on orders  (cost=0.43..3.03 rows=1 width=4)
                                       Index Cond: (o_orderkey = l1.l_orderkey)
                                       Filter: (o_orderstatus = 'F'::bpchar)
                           ->  Index Scan using idx_lineitem_orderkey on lineitem l2  (cost=0.56..3.22 rows=4 width=8)
                                 Index Cond: (l_orderkey = orders.o_orderkey)
(32 rows)

query 21 run 2
SET
SET
SET
                                                                QUERY PLAN                                                                 
-------------------------------------------------------------------------------------------------------------------------------------------
 Limit  (cost=1897789.54..1897789.55 rows=1 width=34)
   ->  Sort  (cost=1897789.54..1897789.55 rows=1 width=34)
         Sort Key: (count(*)) DESC, supplier.s_name
         ->  GroupAggregate  (cost=1897789.51..1897789.53 rows=1 width=34)
               Group Key: supplier.s_name
               ->  Sort  (cost=1897789.51..1897789.52 rows=1 width=26)
                     Sort Key: supplier.s_name
                     ->  Nested Loop Semi Join  (cost=4022.13..1897789.50 rows=1 width=26)
                           Join Filter: (l2.l_suppkey <> l1.l_suppkey)
                           ->  Nested Loop  (cost=4021.56..1897786.26 rows=1 width=38)
                                 ->  Gather  (cost=4021.13..1897783.24 rows=1 width=34)
                                       Workers Planned: 4
                                       ->  Nested Loop Anti Join  (cost=3021.13..1896783.14 rows=1 width=34)
                                             ->  Parallel Hash Join  (cost=3020.56..1335514.01 rows=196116 width=34)
                                                   Hash Cond: (l1.l_suppkey = supplier.s_suppkey)
                                                   ->  Parallel Seq Scan on lineitem l1  (cost=0.00..1312594.64 rows=4998710 width=8)
                                                         Filter: (l_receiptdate > l_commitdate)
                                                   ->  Parallel Hash  (cost=2991.15..2991.15 rows=2353 width=30)
                                                         ->  Hash Join  (cost=1.32..2991.15 rows=2353 width=30)
                                                               Hash Cond: (supplier.s_nationkey = nation.n_nationkey)
                                                               ->  Parallel Seq Scan on supplier  (cost=0.00..2809.24 rows=58824 width=34)
                                                               ->  Hash  (cost=1.31..1.31 rows=1 width=4)
                                                                     ->  Seq Scan on nation  (cost=0.00..1.31 rows=1 width=4)
                                                                           Filter: (n_name = 'PERU'::bpchar)
                                             ->  Index Scan using idx_lineitem_orderkey on lineitem l3  (cost=0.56..3.23 rows=1 width=8)
                                                   Index Cond: (l_orderkey = l1.l_orderkey)
                                                   Filter: ((l_receiptdate > l_commitdate) AND (l_suppkey <> l1.l_suppkey))
                                 ->  Index Scan using orders_pkey on orders  (cost=0.43..3.03 rows=1 width=4)
                                       Index Cond: (o_orderkey = l1.l_orderkey)
                                       Filter: (o_orderstatus = 'F'::bpchar)
                           ->  Index Scan using idx_lineitem_orderkey on lineitem l2  (cost=0.56..3.22 rows=4 width=8)
                                 Index Cond: (l_orderkey = orders.o_orderkey)
(32 rows)

query 21 run 3
SET
SET
SET
                                                                QUERY PLAN                                                                 
-------------------------------------------------------------------------------------------------------------------------------------------
 Limit  (cost=1897789.54..1897789.55 rows=1 width=34)
   ->  Sort  (cost=1897789.54..1897789.55 rows=1 width=34)
         Sort Key: (count(*)) DESC, supplier.s_name
         ->  GroupAggregate  (cost=1897789.51..1897789.53 rows=1 width=34)
               Group Key: supplier.s_name
               ->  Sort  (cost=1897789.51..1897789.52 rows=1 width=26)
                     Sort Key: supplier.s_name
                     ->  Nested Loop Semi Join  (cost=4022.13..1897789.50 rows=1 width=26)
                           Join Filter: (l2.l_suppkey <> l1.l_suppkey)
                           ->  Nested Loop  (cost=4021.56..1897786.26 rows=1 width=38)
                                 ->  Gather  (cost=4021.13..1897783.24 rows=1 width=34)
                                       Workers Planned: 4
                                       ->  Nested Loop Anti Join  (cost=3021.13..1896783.14 rows=1 width=34)
                                             ->  Parallel Hash Join  (cost=3020.56..1335514.01 rows=196116 width=34)
                                                   Hash Cond: (l1.l_suppkey = supplier.s_suppkey)
                                                   ->  Parallel Seq Scan on lineitem l1  (cost=0.00..1312594.64 rows=4998710 width=8)
                                                         Filter: (l_receiptdate > l_commitdate)
                                                   ->  Parallel Hash  (cost=2991.15..2991.15 rows=2353 width=30)
                                                         ->  Hash Join  (cost=1.32..2991.15 rows=2353 width=30)
                                                               Hash Cond: (supplier.s_nationkey = nation.n_nationkey)
                                                               ->  Parallel Seq Scan on supplier  (cost=0.00..2809.24 rows=58824 width=34)
                                                               ->  Hash  (cost=1.31..1.31 rows=1 width=4)
                                                                     ->  Seq Scan on nation  (cost=0.00..1.31 rows=1 width=4)
                                                                           Filter: (n_name = 'PERU'::bpchar)
                                             ->  Index Scan using idx_lineitem_orderkey on lineitem l3  (cost=0.56..3.23 rows=1 width=8)
                                                   Index Cond: (l_orderkey = l1.l_orderkey)
                                                   Filter: ((l_receiptdate > l_commitdate) AND (l_suppkey <> l1.l_suppkey))
                                 ->  Index Scan using orders_pkey on orders  (cost=0.43..3.03 rows=1 width=4)
                                       Index Cond: (o_orderkey = l1.l_orderkey)
                                       Filter: (o_orderstatus = 'F'::bpchar)
                           ->  Index Scan using idx_lineitem_orderkey on lineitem l2  (cost=0.56..3.22 rows=4 width=8)
                                 Index Cond: (l_orderkey = orders.o_orderkey)
(32 rows)

query 22 run 1
SET
SET
SET
                                                                QUERY PLAN                                                                 
-------------------------------------------------------------------------------------------------------------------------------------------
 Limit  (cost=93878.72..93880.30 rows=1 width=72)
   InitPlan 1 (returns $1)
     ->  Finalize Aggregate  (cost=46821.92..46821.93 rows=1 width=32)
           ->  Gather  (cost=46821.49..46821.90 rows=4 width=32)
                 Workers Planned: 4
                 ->  Partial Aggregate  (cost=45821.49..45821.50 rows=1 width=32)
                       ->  Parallel Seq Scan on customer customer_1  (cost=0.00..45791.66 rows=11931 width=6)
                             Filter: ((c_acctbal > 0.00) AND (SUBSTRING(c_phone FROM 1 FOR 2) = ANY ('{21,29,26,34,14,15,17}'::text[])))
   ->  GroupAggregate  (cost=47056.80..59061.23 rows=7639 width=72)
         Group Key: SUBSTRING(customer.c_phone FROM 1 FOR 2)
         ->  Nested Loop Anti Join  (cost=47056.80..58870.25 rows=7639 width=38)
               ->  Gather Merge  (cost=47056.36..49151.96 rows=17502 width=26)
                     Workers Planned: 4
                     Params Evaluated: $1
                     ->  Sort  (cost=46056.30..46067.24 rows=4376 width=26)
                           Sort Key: (SUBSTRING(customer.c_phone FROM 1 FOR 2))
                           ->  Parallel Seq Scan on customer  (cost=0.00..45791.66 rows=4376 width=26)
                                 Filter: ((c_acctbal > $1) AND (SUBSTRING(c_phone FROM 1 FOR 2) = ANY ('{21,29,26,34,14,15,17}'::text[])))
               ->  Index Only Scan using idx_orders_custkey on orders  (cost=0.43..1.71 rows=18 width=4)
                     Index Cond: (o_custkey = customer.c_custkey)
(20 rows)

query 22 run 2
SET
SET
SET
                                                                QUERY PLAN                                                                 
-------------------------------------------------------------------------------------------------------------------------------------------
 Limit  (cost=93878.72..93880.30 rows=1 width=72)
   InitPlan 1 (returns $1)
     ->  Finalize Aggregate  (cost=46821.92..46821.93 rows=1 width=32)
           ->  Gather  (cost=46821.49..46821.90 rows=4 width=32)
                 Workers Planned: 4
                 ->  Partial Aggregate  (cost=45821.49..45821.50 rows=1 width=32)
                       ->  Parallel Seq Scan on customer customer_1  (cost=0.00..45791.66 rows=11931 width=6)
                             Filter: ((c_acctbal > 0.00) AND (SUBSTRING(c_phone FROM 1 FOR 2) = ANY ('{21,29,26,34,14,15,17}'::text[])))
   ->  GroupAggregate  (cost=47056.80..59061.23 rows=7639 width=72)
         Group Key: SUBSTRING(customer.c_phone FROM 1 FOR 2)
         ->  Nested Loop Anti Join  (cost=47056.80..58870.25 rows=7639 width=38)
               ->  Gather Merge  (cost=47056.36..49151.96 rows=17502 width=26)
                     Workers Planned: 4
                     Params Evaluated: $1
                     ->  Sort  (cost=46056.30..46067.24 rows=4376 width=26)
                           Sort Key: (SUBSTRING(customer.c_phone FROM 1 FOR 2))
                           ->  Parallel Seq Scan on customer  (cost=0.00..45791.66 rows=4376 width=26)
                                 Filter: ((c_acctbal > $1) AND (SUBSTRING(c_phone FROM 1 FOR 2) = ANY ('{21,29,26,34,14,15,17}'::text[])))
               ->  Index Only Scan using idx_orders_custkey on orders  (cost=0.43..1.71 rows=18 width=4)
                     Index Cond: (o_custkey = customer.c_custkey)
(20 rows)

query 22 run 3
SET
SET
SET
                                                                QUERY PLAN                                                                 
-------------------------------------------------------------------------------------------------------------------------------------------
 Limit  (cost=93878.72..93880.30 rows=1 width=72)
   InitPlan 1 (returns $1)
     ->  Finalize Aggregate  (cost=46821.92..46821.93 rows=1 width=32)
           ->  Gather  (cost=46821.49..46821.90 rows=4 width=32)
                 Workers Planned: 4
                 ->  Partial Aggregate  (cost=45821.49..45821.50 rows=1 width=32)
                       ->  Parallel Seq Scan on customer customer_1  (cost=0.00..45791.66 rows=11931 width=6)
                             Filter: ((c_acctbal > 0.00) AND (SUBSTRING(c_phone FROM 1 FOR 2) = ANY ('{21,29,26,34,14,15,17}'::text[])))
   ->  GroupAggregate  (cost=47056.80..59061.23 rows=7639 width=72)
         Group Key: SUBSTRING(customer.c_phone FROM 1 FOR 2)
         ->  Nested Loop Anti Join  (cost=47056.80..58870.25 rows=7639 width=38)
               ->  Gather Merge  (cost=47056.36..49151.96 rows=17502 width=26)
                     Workers Planned: 4
                     Params Evaluated: $1
                     ->  Sort  (cost=46056.30..46067.24 rows=4376 width=26)
                           Sort Key: (SUBSTRING(customer.c_phone FROM 1 FOR 2))
                           ->  Parallel Seq Scan on customer  (cost=0.00..45791.66 rows=4376 width=26)
                                 Filter: ((c_acctbal > $1) AND (SUBSTRING(c_phone FROM 1 FOR 2) = ANY ('{21,29,26,34,14,15,17}'::text[])))
               ->  Index Only Scan using idx_orders_custkey on orders  (cost=0.43..1.71 rows=18 width=4)
                     Index Cond: (o_custkey = customer.c_custkey)
(20 rows)

