query 1 run 1
SET
SET
SET
                                           QUERY PLAN                                           
------------------------------------------------------------------------------------------------
 Limit  (cost=3950858.15..3950858.15 rows=1 width=236)
   ->  Sort  (cost=3950858.15..3950858.17 rows=6 width=236)
         Sort Key: l_returnflag, l_linestatus
         ->  HashAggregate  (cost=3950857.96..3950858.12 rows=6 width=236)
               Group Key: l_returnflag, l_linestatus
               ->  Seq Scan on lineitem  (cost=0.00..1874942.05 rows=59311883 width=25)
                     Filter: (l_shipdate <= '1998-09-10 00:00:00'::timestamp without time zone)
(7 rows)

query 1 run 2
SET
SET
SET
                                           QUERY PLAN                                           
------------------------------------------------------------------------------------------------
 Limit  (cost=3950858.15..3950858.15 rows=1 width=236)
   ->  Sort  (cost=3950858.15..3950858.17 rows=6 width=236)
         Sort Key: l_returnflag, l_linestatus
         ->  HashAggregate  (cost=3950857.96..3950858.12 rows=6 width=236)
               Group Key: l_returnflag, l_linestatus
               ->  Seq Scan on lineitem  (cost=0.00..1874942.05 rows=59311883 width=25)
                     Filter: (l_shipdate <= '1998-09-10 00:00:00'::timestamp without time zone)
(7 rows)

query 1 run 3
SET
SET
SET
                                           QUERY PLAN                                           
------------------------------------------------------------------------------------------------
 Limit  (cost=3950858.15..3950858.15 rows=1 width=236)
   ->  Sort  (cost=3950858.15..3950858.17 rows=6 width=236)
         Sort Key: l_returnflag, l_linestatus
         ->  HashAggregate  (cost=3950857.96..3950858.12 rows=6 width=236)
               Group Key: l_returnflag, l_linestatus
               ->  Seq Scan on lineitem  (cost=0.00..1874942.05 rows=59311883 width=25)
                     Filter: (l_shipdate <= '1998-09-10 00:00:00'::timestamp without time zone)
(7 rows)

query 2 run 1
SET
SET
SET
                                                                  QUERY PLAN                                                                  
----------------------------------------------------------------------------------------------------------------------------------------------
 Limit  (cost=887768.47..887768.48 rows=1 width=193)
   ->  Sort  (cost=887768.47..887768.48 rows=1 width=193)
         Sort Key: supplier.s_acctbal DESC, nation.n_name, supplier.s_name, part.p_partkey
         ->  Merge Join  (cost=361818.48..887768.46 rows=1 width=193)
               Merge Cond: (part.p_partkey = partsupp.ps_partkey)
               Join Filter: (partsupp.ps_supplycost = (SubPlan 1))
               ->  Index Scan using part_pkey on part  (cost=0.43..89214.89 rows=8011 width=30)
                     Filter: (((p_type)::text ~~ '%NICKEL'::text) AND (p_size = 16))
               ->  Materialize  (cost=361817.52..369818.60 rows=1600217 width=173)
                     ->  Sort  (cost=361817.52..365818.06 rows=1600217 width=173)
                           Sort Key: partsupp.ps_partkey
                           ->  Nested Loop  (cost=0.72..109013.47 rows=1600217 width=173)
                                 ->  Nested Loop  (cost=0.29..1239.23 rows=20000 width=167)
                                       ->  Nested Loop  (cost=0.00..2.62 rows=5 width=30)
                                             Join Filter: (nation.n_regionkey = region.r_regionkey)
                                             ->  Seq Scan on region  (cost=0.00..1.06 rows=1 width=4)
                                                   Filter: (r_name = 'AMERICA'::bpchar)
                                             ->  Seq Scan on nation  (cost=0.00..1.25 rows=25 width=34)
                                       ->  Index Scan using idx_supplier_nation_key on supplier  (cost=0.29..207.32 rows=4000 width=145)
                                             Index Cond: (s_nationkey = nation.n_nationkey)
                                 ->  Index Scan using idx_partsupp_suppkey on partsupp  (cost=0.43..4.58 rows=81 width=14)
                                       Index Cond: (ps_suppkey = supplier.s_suppkey)
               SubPlan 1
                 ->  Aggregate  (cost=66.25..66.26 rows=1 width=32)
                       ->  Nested Loop  (cost=2.29..66.24 rows=4 width=6)
                             Join Filter: (nation_1.n_regionkey = region_1.r_regionkey)
                             ->  Seq Scan on region region_1  (cost=0.00..1.06 rows=1 width=4)
                                   Filter: (r_name = 'AMERICA'::bpchar)
                             ->  Hash Join  (cost=2.29..64.95 rows=18 width=10)
                                   Hash Cond: (supplier_1.s_nationkey = nation_1.n_nationkey)
                                   ->  Nested Loop  (cost=0.72..63.33 rows=18 width=10)
                                         ->  Index Scan using idx_partsupp_partkey on partsupp partsupp_1  (cost=0.43..3.75 rows=18 width=10)
                                               Index Cond: (ps_partkey = part.p_partkey)
                                         ->  Index Scan using supplier_pkey on supplier supplier_1  (cost=0.29..3.31 rows=1 width=8)
                                               Index Cond: (s_suppkey = partsupp_1.ps_suppkey)
                                   ->  Hash  (cost=1.25..1.25 rows=25 width=8)
                                         ->  Seq Scan on nation nation_1  (cost=0.00..1.25 rows=25 width=8)
(37 rows)

query 2 run 2
SET
SET
SET
                                                                  QUERY PLAN                                                                  
----------------------------------------------------------------------------------------------------------------------------------------------
 Limit  (cost=887768.47..887768.48 rows=1 width=193)
   ->  Sort  (cost=887768.47..887768.48 rows=1 width=193)
         Sort Key: supplier.s_acctbal DESC, nation.n_name, supplier.s_name, part.p_partkey
         ->  Merge Join  (cost=361818.48..887768.46 rows=1 width=193)
               Merge Cond: (part.p_partkey = partsupp.ps_partkey)
               Join Filter: (partsupp.ps_supplycost = (SubPlan 1))
               ->  Index Scan using part_pkey on part  (cost=0.43..89214.89 rows=8011 width=30)
                     Filter: (((p_type)::text ~~ '%NICKEL'::text) AND (p_size = 16))
               ->  Materialize  (cost=361817.52..369818.60 rows=1600217 width=173)
                     ->  Sort  (cost=361817.52..365818.06 rows=1600217 width=173)
                           Sort Key: partsupp.ps_partkey
                           ->  Nested Loop  (cost=0.72..109013.47 rows=1600217 width=173)
                                 ->  Nested Loop  (cost=0.29..1239.23 rows=20000 width=167)
                                       ->  Nested Loop  (cost=0.00..2.62 rows=5 width=30)
                                             Join Filter: (nation.n_regionkey = region.r_regionkey)
                                             ->  Seq Scan on region  (cost=0.00..1.06 rows=1 width=4)
                                                   Filter: (r_name = 'AMERICA'::bpchar)
                                             ->  Seq Scan on nation  (cost=0.00..1.25 rows=25 width=34)
                                       ->  Index Scan using idx_supplier_nation_key on supplier  (cost=0.29..207.32 rows=4000 width=145)
                                             Index Cond: (s_nationkey = nation.n_nationkey)
                                 ->  Index Scan using idx_partsupp_suppkey on partsupp  (cost=0.43..4.58 rows=81 width=14)
                                       Index Cond: (ps_suppkey = supplier.s_suppkey)
               SubPlan 1
                 ->  Aggregate  (cost=66.25..66.26 rows=1 width=32)
                       ->  Nested Loop  (cost=2.29..66.24 rows=4 width=6)
                             Join Filter: (nation_1.n_regionkey = region_1.r_regionkey)
                             ->  Seq Scan on region region_1  (cost=0.00..1.06 rows=1 width=4)
                                   Filter: (r_name = 'AMERICA'::bpchar)
                             ->  Hash Join  (cost=2.29..64.95 rows=18 width=10)
                                   Hash Cond: (supplier_1.s_nationkey = nation_1.n_nationkey)
                                   ->  Nested Loop  (cost=0.72..63.33 rows=18 width=10)
                                         ->  Index Scan using idx_partsupp_partkey on partsupp partsupp_1  (cost=0.43..3.75 rows=18 width=10)
                                               Index Cond: (ps_partkey = part.p_partkey)
                                         ->  Index Scan using supplier_pkey on supplier supplier_1  (cost=0.29..3.31 rows=1 width=8)
                                               Index Cond: (s_suppkey = partsupp_1.ps_suppkey)
                                   ->  Hash  (cost=1.25..1.25 rows=25 width=8)
                                         ->  Seq Scan on nation nation_1  (cost=0.00..1.25 rows=25 width=8)
(37 rows)

query 2 run 3
SET
SET
SET
                                                                  QUERY PLAN                                                                  
----------------------------------------------------------------------------------------------------------------------------------------------
 Limit  (cost=887768.47..887768.48 rows=1 width=193)
   ->  Sort  (cost=887768.47..887768.48 rows=1 width=193)
         Sort Key: supplier.s_acctbal DESC, nation.n_name, supplier.s_name, part.p_partkey
         ->  Merge Join  (cost=361818.48..887768.46 rows=1 width=193)
               Merge Cond: (part.p_partkey = partsupp.ps_partkey)
               Join Filter: (partsupp.ps_supplycost = (SubPlan 1))
               ->  Index Scan using part_pkey on part  (cost=0.43..89214.89 rows=8011 width=30)
                     Filter: (((p_type)::text ~~ '%NICKEL'::text) AND (p_size = 16))
               ->  Materialize  (cost=361817.52..369818.60 rows=1600217 width=173)
                     ->  Sort  (cost=361817.52..365818.06 rows=1600217 width=173)
                           Sort Key: partsupp.ps_partkey
                           ->  Nested Loop  (cost=0.72..109013.47 rows=1600217 width=173)
                                 ->  Nested Loop  (cost=0.29..1239.23 rows=20000 width=167)
                                       ->  Nested Loop  (cost=0.00..2.62 rows=5 width=30)
                                             Join Filter: (nation.n_regionkey = region.r_regionkey)
                                             ->  Seq Scan on region  (cost=0.00..1.06 rows=1 width=4)
                                                   Filter: (r_name = 'AMERICA'::bpchar)
                                             ->  Seq Scan on nation  (cost=0.00..1.25 rows=25 width=34)
                                       ->  Index Scan using idx_supplier_nation_key on supplier  (cost=0.29..207.32 rows=4000 width=145)
                                             Index Cond: (s_nationkey = nation.n_nationkey)
                                 ->  Index Scan using idx_partsupp_suppkey on partsupp  (cost=0.43..4.58 rows=81 width=14)
                                       Index Cond: (ps_suppkey = supplier.s_suppkey)
               SubPlan 1
                 ->  Aggregate  (cost=66.25..66.26 rows=1 width=32)
                       ->  Nested Loop  (cost=2.29..66.24 rows=4 width=6)
                             Join Filter: (nation_1.n_regionkey = region_1.r_regionkey)
                             ->  Seq Scan on region region_1  (cost=0.00..1.06 rows=1 width=4)
                                   Filter: (r_name = 'AMERICA'::bpchar)
                             ->  Hash Join  (cost=2.29..64.95 rows=18 width=10)
                                   Hash Cond: (supplier_1.s_nationkey = nation_1.n_nationkey)
                                   ->  Nested Loop  (cost=0.72..63.33 rows=18 width=10)
                                         ->  Index Scan using idx_partsupp_partkey on partsupp partsupp_1  (cost=0.43..3.75 rows=18 width=10)
                                               Index Cond: (ps_partkey = part.p_partkey)
                                         ->  Index Scan using supplier_pkey on supplier supplier_1  (cost=0.29..3.31 rows=1 width=8)
                                               Index Cond: (s_suppkey = partsupp_1.ps_suppkey)
                                   ->  Hash  (cost=1.25..1.25 rows=25 width=8)
                                         ->  Seq Scan on nation nation_1  (cost=0.00..1.25 rows=25 width=8)
(37 rows)

query 3 run 1
SET
SET
SET
                                                           QUERY PLAN                                                            
---------------------------------------------------------------------------------------------------------------------------------
 Limit  (cost=3180612.99..3180613.01 rows=10 width=44)
   ->  Sort  (cost=3180612.99..3188493.46 rows=3152188 width=44)
         Sort Key: (sum((lineitem.l_extendedprice * ('1'::numeric - lineitem.l_discount)))) DESC, orders.o_orderdate
         ->  HashAggregate  (cost=3036153.28..3112495.34 rows=3152188 width=44)
               Group Key: lineitem.l_orderkey, orders.o_orderdate, orders.o_shippriority
               Planned Partitions: 16
               ->  Hash Join  (cost=519108.11..2870417.15 rows=3152188 width=24)
                     Hash Cond: (lineitem.l_orderkey = orders.o_orderkey)
                     ->  Seq Scan on lineitem  (cost=0.00..1874942.05 rows=32385895 width=16)
                           Filter: (l_shipdate > '1995-03-07'::date)
                     ->  Hash  (cost=493733.45..493733.45 rows=1459733 width=12)
                           ->  Hash Join  (cost=123543.66..493733.45 rows=1459733 width=12)
                                 Hash Cond: (orders.o_custkey = customer.c_custkey)
                                 ->  Bitmap Heap Scan on orders  (cost=65048.57..416334.53 rows=7201437 width=16)
                                       Recheck Cond: (o_orderdate < '1995-03-07'::date)
                                       ->  Bitmap Index Scan on idx_orders_orderdate  (cost=0.00..63248.21 rows=7201437 width=0)
                                             Index Cond: (o_orderdate < '1995-03-07'::date)
                                 ->  Hash  (cost=54694.89..54694.89 rows=304016 width=4)
                                       ->  Seq Scan on customer  (cost=0.00..54694.89 rows=304016 width=4)
                                             Filter: (c_mktsegment = 'BUILDING'::bpchar)
(20 rows)

query 3 run 2
SET
SET
SET
                                                           QUERY PLAN                                                            
---------------------------------------------------------------------------------------------------------------------------------
 Limit  (cost=3180612.99..3180613.01 rows=10 width=44)
   ->  Sort  (cost=3180612.99..3188493.46 rows=3152188 width=44)
         Sort Key: (sum((lineitem.l_extendedprice * ('1'::numeric - lineitem.l_discount)))) DESC, orders.o_orderdate
         ->  HashAggregate  (cost=3036153.28..3112495.34 rows=3152188 width=44)
               Group Key: lineitem.l_orderkey, orders.o_orderdate, orders.o_shippriority
               Planned Partitions: 16
               ->  Hash Join  (cost=519108.11..2870417.15 rows=3152188 width=24)
                     Hash Cond: (lineitem.l_orderkey = orders.o_orderkey)
                     ->  Seq Scan on lineitem  (cost=0.00..1874942.05 rows=32385895 width=16)
                           Filter: (l_shipdate > '1995-03-07'::date)
                     ->  Hash  (cost=493733.45..493733.45 rows=1459733 width=12)
                           ->  Hash Join  (cost=123543.66..493733.45 rows=1459733 width=12)
                                 Hash Cond: (orders.o_custkey = customer.c_custkey)
                                 ->  Bitmap Heap Scan on orders  (cost=65048.57..416334.53 rows=7201437 width=16)
                                       Recheck Cond: (o_orderdate < '1995-03-07'::date)
                                       ->  Bitmap Index Scan on idx_orders_orderdate  (cost=0.00..63248.21 rows=7201437 width=0)
                                             Index Cond: (o_orderdate < '1995-03-07'::date)
                                 ->  Hash  (cost=54694.89..54694.89 rows=304016 width=4)
                                       ->  Seq Scan on customer  (cost=0.00..54694.89 rows=304016 width=4)
                                             Filter: (c_mktsegment = 'BUILDING'::bpchar)
(20 rows)

query 3 run 3
SET
SET
SET
                                                           QUERY PLAN                                                            
---------------------------------------------------------------------------------------------------------------------------------
 Limit  (cost=3180612.99..3180613.01 rows=10 width=44)
   ->  Sort  (cost=3180612.99..3188493.46 rows=3152188 width=44)
         Sort Key: (sum((lineitem.l_extendedprice * ('1'::numeric - lineitem.l_discount)))) DESC, orders.o_orderdate
         ->  HashAggregate  (cost=3036153.28..3112495.34 rows=3152188 width=44)
               Group Key: lineitem.l_orderkey, orders.o_orderdate, orders.o_shippriority
               Planned Partitions: 16
               ->  Hash Join  (cost=519108.11..2870417.15 rows=3152188 width=24)
                     Hash Cond: (lineitem.l_orderkey = orders.o_orderkey)
                     ->  Seq Scan on lineitem  (cost=0.00..1874942.05 rows=32385895 width=16)
                           Filter: (l_shipdate > '1995-03-07'::date)
                     ->  Hash  (cost=493733.45..493733.45 rows=1459733 width=12)
                           ->  Hash Join  (cost=123543.66..493733.45 rows=1459733 width=12)
                                 Hash Cond: (orders.o_custkey = customer.c_custkey)
                                 ->  Bitmap Heap Scan on orders  (cost=65048.57..416334.53 rows=7201437 width=16)
                                       Recheck Cond: (o_orderdate < '1995-03-07'::date)
                                       ->  Bitmap Index Scan on idx_orders_orderdate  (cost=0.00..63248.21 rows=7201437 width=0)
                                             Index Cond: (o_orderdate < '1995-03-07'::date)
                                 ->  Hash  (cost=54694.89..54694.89 rows=304016 width=4)
                                       ->  Seq Scan on customer  (cost=0.00..54694.89 rows=304016 width=4)
                                             Filter: (c_mktsegment = 'BUILDING'::bpchar)
(20 rows)

query 4 run 1
SET
SET
SET
                                                        QUERY PLAN                                                        
--------------------------------------------------------------------------------------------------------------------------
 Limit  (cost=1629479.20..1629479.20 rows=1 width=24)
   ->  Sort  (cost=1629479.20..1629479.21 rows=5 width=24)
         Sort Key: orders.o_orderpriority
         ->  HashAggregate  (cost=1629479.12..1629479.17 rows=5 width=24)
               Group Key: orders.o_orderpriority
               ->  Nested Loop Semi Join  (cost=6169.86..1626805.30 rows=534764 width=16)
                     ->  Bitmap Heap Scan on orders  (cost=6169.30..275459.54 rows=534816 width=20)
                           Recheck Cond: ((o_orderdate >= '1993-12-01'::date) AND (o_orderdate < '1994-03-01'::date))
                           ->  Bitmap Index Scan on idx_orders_orderdate  (cost=0.00..6035.60 rows=534816 width=0)
                                 Index Cond: ((o_orderdate >= '1993-12-01'::date) AND (o_orderdate < '1994-03-01'::date))
                     ->  Index Scan using idx_lineitem_orderkey on lineitem  (cost=0.56..2.84 rows=1 width=4)
                           Index Cond: (l_orderkey = orders.o_orderkey)
                           Filter: (l_commitdate < l_receiptdate)
(13 rows)

query 4 run 2
SET
SET
SET
                                                        QUERY PLAN                                                        
--------------------------------------------------------------------------------------------------------------------------
 Limit  (cost=1629479.20..1629479.20 rows=1 width=24)
   ->  Sort  (cost=1629479.20..1629479.21 rows=5 width=24)
         Sort Key: orders.o_orderpriority
         ->  HashAggregate  (cost=1629479.12..1629479.17 rows=5 width=24)
               Group Key: orders.o_orderpriority
               ->  Nested Loop Semi Join  (cost=6169.86..1626805.30 rows=534764 width=16)
                     ->  Bitmap Heap Scan on orders  (cost=6169.30..275459.54 rows=534816 width=20)
                           Recheck Cond: ((o_orderdate >= '1993-12-01'::date) AND (o_orderdate < '1994-03-01'::date))
                           ->  Bitmap Index Scan on idx_orders_orderdate  (cost=0.00..6035.60 rows=534816 width=0)
                                 Index Cond: ((o_orderdate >= '1993-12-01'::date) AND (o_orderdate < '1994-03-01'::date))
                     ->  Index Scan using idx_lineitem_orderkey on lineitem  (cost=0.56..2.84 rows=1 width=4)
                           Index Cond: (l_orderkey = orders.o_orderkey)
                           Filter: (l_commitdate < l_receiptdate)
(13 rows)

query 4 run 3
SET
SET
SET
                                                        QUERY PLAN                                                        
--------------------------------------------------------------------------------------------------------------------------
 Limit  (cost=1629479.20..1629479.20 rows=1 width=24)
   ->  Sort  (cost=1629479.20..1629479.21 rows=5 width=24)
         Sort Key: orders.o_orderpriority
         ->  HashAggregate  (cost=1629479.12..1629479.17 rows=5 width=24)
               Group Key: orders.o_orderpriority
               ->  Nested Loop Semi Join  (cost=6169.86..1626805.30 rows=534764 width=16)
                     ->  Bitmap Heap Scan on orders  (cost=6169.30..275459.54 rows=534816 width=20)
                           Recheck Cond: ((o_orderdate >= '1993-12-01'::date) AND (o_orderdate < '1994-03-01'::date))
                           ->  Bitmap Index Scan on idx_orders_orderdate  (cost=0.00..6035.60 rows=534816 width=0)
                                 Index Cond: ((o_orderdate >= '1993-12-01'::date) AND (o_orderdate < '1994-03-01'::date))
                     ->  Index Scan using idx_lineitem_orderkey on lineitem  (cost=0.56..2.84 rows=1 width=4)
                           Index Cond: (l_orderkey = orders.o_orderkey)
                           Filter: (l_commitdate < l_receiptdate)
(13 rows)

query 5 run 1
SET
SET
SET
                                                                 QUERY PLAN                                                                 
--------------------------------------------------------------------------------------------------------------------------------------------
 Limit  (cost=1633778.21..1633778.21 rows=1 width=58)
   ->  Sort  (cost=1633778.21..1633778.27 rows=25 width=58)
         Sort Key: (sum((lineitem.l_extendedprice * ('1'::numeric - lineitem.l_discount)))) DESC
         ->  GroupAggregate  (cost=1632876.86..1633778.08 rows=25 width=58)
               Group Key: nation.n_name
               ->  Sort  (cost=1632876.86..1633057.04 rows=72073 width=38)
                     Sort Key: nation.n_name
                     ->  Hash Join  (cost=94019.64..1627061.58 rows=72073 width=38)
                           Hash Cond: ((lineitem.l_suppkey = supplier.s_suppkey) AND (customer.c_nationkey = supplier.s_nationkey))
                           ->  Nested Loop  (cost=89298.64..1612881.36 rows=1801754 width=50)
                                 ->  Hash Join  (cost=89298.08..397303.62 rows=450482 width=38)
                                       Hash Cond: (orders.o_custkey = customer.c_custkey)
                                       ->  Bitmap Heap Scan on orders  (cost=25976.66..321030.84 rows=2252412 width=8)
                                             Recheck Cond: ((o_orderdate >= '1993-01-01'::date) AND (o_orderdate < '1994-01-01'::date))
                                             ->  Bitmap Index Scan on idx_orders_orderdate  (cost=0.00..25413.56 rows=2252412 width=0)
                                                   Index Cond: ((o_orderdate >= '1993-01-01'::date) AND (o_orderdate < '1994-01-01'::date))
                                       ->  Hash  (cost=59571.84..59571.84 rows=299966 width=38)
                                             ->  Hash Join  (cost=2.51..59571.84 rows=299966 width=38)
                                                   Hash Cond: (customer.c_nationkey = nation.n_nationkey)
                                                   ->  Seq Scan on customer  (cost=0.00..50945.31 rows=1499831 width=8)
                                                   ->  Hash  (cost=2.45..2.45 rows=5 width=30)
                                                         ->  Hash Join  (cost=1.07..2.45 rows=5 width=30)
                                                               Hash Cond: (nation.n_regionkey = region.r_regionkey)
                                                               ->  Seq Scan on nation  (cost=0.00..1.25 rows=25 width=34)
                                                               ->  Hash  (cost=1.06..1.06 rows=1 width=4)
                                                                     ->  Seq Scan on region  (cost=0.00..1.06 rows=1 width=4)
                                                                           Filter: (r_name = 'AMERICA'::bpchar)
                                 ->  Index Scan using idx_lineitem_orderkey on lineitem  (cost=0.56..2.66 rows=4 width=20)
                                       Index Cond: (l_orderkey = orders.o_orderkey)
                           ->  Hash  (cost=3221.00..3221.00 rows=100000 width=8)
                                 ->  Seq Scan on supplier  (cost=0.00..3221.00 rows=100000 width=8)
(31 rows)

query 5 run 2
SET
SET
SET
                                                                 QUERY PLAN                                                                 
--------------------------------------------------------------------------------------------------------------------------------------------
 Limit  (cost=1633778.21..1633778.21 rows=1 width=58)
   ->  Sort  (cost=1633778.21..1633778.27 rows=25 width=58)
         Sort Key: (sum((lineitem.l_extendedprice * ('1'::numeric - lineitem.l_discount)))) DESC
         ->  GroupAggregate  (cost=1632876.86..1633778.08 rows=25 width=58)
               Group Key: nation.n_name
               ->  Sort  (cost=1632876.86..1633057.04 rows=72073 width=38)
                     Sort Key: nation.n_name
                     ->  Hash Join  (cost=94019.64..1627061.58 rows=72073 width=38)
                           Hash Cond: ((lineitem.l_suppkey = supplier.s_suppkey) AND (customer.c_nationkey = supplier.s_nationkey))
                           ->  Nested Loop  (cost=89298.64..1612881.36 rows=1801754 width=50)
                                 ->  Hash Join  (cost=89298.08..397303.62 rows=450482 width=38)
                                       Hash Cond: (orders.o_custkey = customer.c_custkey)
                                       ->  Bitmap Heap Scan on orders  (cost=25976.66..321030.84 rows=2252412 width=8)
                                             Recheck Cond: ((o_orderdate >= '1993-01-01'::date) AND (o_orderdate < '1994-01-01'::date))
                                             ->  Bitmap Index Scan on idx_orders_orderdate  (cost=0.00..25413.56 rows=2252412 width=0)
                                                   Index Cond: ((o_orderdate >= '1993-01-01'::date) AND (o_orderdate < '1994-01-01'::date))
                                       ->  Hash  (cost=59571.84..59571.84 rows=299966 width=38)
                                             ->  Hash Join  (cost=2.51..59571.84 rows=299966 width=38)
                                                   Hash Cond: (customer.c_nationkey = nation.n_nationkey)
                                                   ->  Seq Scan on customer  (cost=0.00..50945.31 rows=1499831 width=8)
                                                   ->  Hash  (cost=2.45..2.45 rows=5 width=30)
                                                         ->  Hash Join  (cost=1.07..2.45 rows=5 width=30)
                                                               Hash Cond: (nation.n_regionkey = region.r_regionkey)
                                                               ->  Seq Scan on nation  (cost=0.00..1.25 rows=25 width=34)
                                                               ->  Hash  (cost=1.06..1.06 rows=1 width=4)
                                                                     ->  Seq Scan on region  (cost=0.00..1.06 rows=1 width=4)
                                                                           Filter: (r_name = 'AMERICA'::bpchar)
                                 ->  Index Scan using idx_lineitem_orderkey on lineitem  (cost=0.56..2.66 rows=4 width=20)
                                       Index Cond: (l_orderkey = orders.o_orderkey)
                           ->  Hash  (cost=3221.00..3221.00 rows=100000 width=8)
                                 ->  Seq Scan on supplier  (cost=0.00..3221.00 rows=100000 width=8)
(31 rows)

query 5 run 3
SET
SET
SET
                                                                 QUERY PLAN                                                                 
--------------------------------------------------------------------------------------------------------------------------------------------
 Limit  (cost=1633778.21..1633778.21 rows=1 width=58)
   ->  Sort  (cost=1633778.21..1633778.27 rows=25 width=58)
         Sort Key: (sum((lineitem.l_extendedprice * ('1'::numeric - lineitem.l_discount)))) DESC
         ->  GroupAggregate  (cost=1632876.86..1633778.08 rows=25 width=58)
               Group Key: nation.n_name
               ->  Sort  (cost=1632876.86..1633057.04 rows=72073 width=38)
                     Sort Key: nation.n_name
                     ->  Hash Join  (cost=94019.64..1627061.58 rows=72073 width=38)
                           Hash Cond: ((lineitem.l_suppkey = supplier.s_suppkey) AND (customer.c_nationkey = supplier.s_nationkey))
                           ->  Nested Loop  (cost=89298.64..1612881.36 rows=1801754 width=50)
                                 ->  Hash Join  (cost=89298.08..397303.62 rows=450482 width=38)
                                       Hash Cond: (orders.o_custkey = customer.c_custkey)
                                       ->  Bitmap Heap Scan on orders  (cost=25976.66..321030.84 rows=2252412 width=8)
                                             Recheck Cond: ((o_orderdate >= '1993-01-01'::date) AND (o_orderdate < '1994-01-01'::date))
                                             ->  Bitmap Index Scan on idx_orders_orderdate  (cost=0.00..25413.56 rows=2252412 width=0)
                                                   Index Cond: ((o_orderdate >= '1993-01-01'::date) AND (o_orderdate < '1994-01-01'::date))
                                       ->  Hash  (cost=59571.84..59571.84 rows=299966 width=38)
                                             ->  Hash Join  (cost=2.51..59571.84 rows=299966 width=38)
                                                   Hash Cond: (customer.c_nationkey = nation.n_nationkey)
                                                   ->  Seq Scan on customer  (cost=0.00..50945.31 rows=1499831 width=8)
                                                   ->  Hash  (cost=2.45..2.45 rows=5 width=30)
                                                         ->  Hash Join  (cost=1.07..2.45 rows=5 width=30)
                                                               Hash Cond: (nation.n_regionkey = region.r_regionkey)
                                                               ->  Seq Scan on nation  (cost=0.00..1.25 rows=25 width=34)
                                                               ->  Hash  (cost=1.06..1.06 rows=1 width=4)
                                                                     ->  Seq Scan on region  (cost=0.00..1.06 rows=1 width=4)
                                                                           Filter: (r_name = 'AMERICA'::bpchar)
                                 ->  Index Scan using idx_lineitem_orderkey on lineitem  (cost=0.56..2.66 rows=4 width=20)
                                       Index Cond: (l_orderkey = orders.o_orderkey)
                           ->  Hash  (cost=3221.00..3221.00 rows=100000 width=8)
                                 ->  Seq Scan on supplier  (cost=0.00..3221.00 rows=100000 width=8)
(31 rows)

query 6 run 1
SET
SET
SET
                                                                                                       QUERY PLAN                                                                                                        
-------------------------------------------------------------------------------------------------------------------------------------------------------------------------------------------------------------------------
 Limit  (cost=1501596.15..1501596.16 rows=1 width=32)
   ->  Aggregate  (cost=1501596.15..1501596.16 rows=1 width=32)
         ->  Index Scan using idx_lineitem_shipdate on lineitem  (cost=0.56..1495562.76 rows=1206676 width=12)
               Index Cond: ((l_shipdate >= '1993-01-01'::date) AND (l_shipdate < '1994-01-01 00:00:00'::timestamp without time zone) AND (l_discount >= 0.06) AND (l_discount <= 0.08) AND (l_quantity < '25'::numeric))
(4 rows)

query 6 run 2
SET
SET
SET
                                                                                                       QUERY PLAN                                                                                                        
-------------------------------------------------------------------------------------------------------------------------------------------------------------------------------------------------------------------------
 Limit  (cost=1501596.15..1501596.16 rows=1 width=32)
   ->  Aggregate  (cost=1501596.15..1501596.16 rows=1 width=32)
         ->  Index Scan using idx_lineitem_shipdate on lineitem  (cost=0.56..1495562.76 rows=1206676 width=12)
               Index Cond: ((l_shipdate >= '1993-01-01'::date) AND (l_shipdate < '1994-01-01 00:00:00'::timestamp without time zone) AND (l_discount >= 0.06) AND (l_discount <= 0.08) AND (l_quantity < '25'::numeric))
(4 rows)

query 6 run 3
SET
SET
SET
                                                                                                       QUERY PLAN                                                                                                        
-------------------------------------------------------------------------------------------------------------------------------------------------------------------------------------------------------------------------
 Limit  (cost=1501596.15..1501596.16 rows=1 width=32)
   ->  Aggregate  (cost=1501596.15..1501596.16 rows=1 width=32)
         ->  Index Scan using idx_lineitem_shipdate on lineitem  (cost=0.56..1495562.76 rows=1206676 width=12)
               Index Cond: ((l_shipdate >= '1993-01-01'::date) AND (l_shipdate < '1994-01-01 00:00:00'::timestamp without time zone) AND (l_discount >= 0.06) AND (l_discount <= 0.08) AND (l_quantity < '25'::numeric))
(4 rows)

query 7 run 1
SET
SET
SET
                                                                                 QUERY PLAN                                                                                  
-----------------------------------------------------------------------------------------------------------------------------------------------------------------------------
 Limit  (cost=2716730.16..2716730.28 rows=1 width=116)
   ->  GroupAggregate  (cost=2716730.16..2717933.71 rows=10064 width=116)
         Group Key: n1.n_name, n2.n_name, (EXTRACT(year FROM lineitem.l_shipdate))
         ->  Sort  (cost=2716730.16..2716880.53 rows=60148 width=96)
               Sort Key: n1.n_name, n2.n_name, (EXTRACT(year FROM lineitem.l_shipdate))
               ->  Hash Join  (cost=563360.64..2711955.54 rows=60148 width=96)
                     Hash Cond: (lineitem.l_orderkey = orders.o_orderkey)
                     Join Filter: (((n1.n_name = 'PERU'::bpchar) AND (n2.n_name = 'MOROCCO'::bpchar)) OR ((n1.n_name = 'MOROCCO'::bpchar) AND (n2.n_name = 'PERU'::bpchar)))
                     ->  Hash Join  (cost=3629.40..2110733.50 rows=1445314 width=46)
                           Hash Cond: (lineitem.l_suppkey = supplier.s_suppkey)
                           ->  Seq Scan on lineitem  (cost=0.00..2024901.86 rows=18066427 width=24)
                                 Filter: ((l_shipdate >= '1995-01-01'::date) AND (l_shipdate <= '1996-12-31'::date))
                           ->  Hash  (cost=3529.40..3529.40 rows=8000 width=30)
                                 ->  Hash Join  (cost=1.40..3529.40 rows=8000 width=30)
                                       Hash Cond: (supplier.s_nationkey = n1.n_nationkey)
                                       ->  Seq Scan on supplier  (cost=0.00..3221.00 rows=100000 width=8)
                                       ->  Hash  (cost=1.38..1.38 rows=2 width=30)
                                             ->  Seq Scan on nation n1  (cost=0.00..1.38 rows=2 width=30)
                                                   Filter: ((n_name = 'PERU'::bpchar) OR (n_name = 'MOROCCO'::bpchar))
                     ->  Hash  (cost=536531.79..536531.79 rows=1199796 width=30)
                           ->  Hash Join  (cost=57051.01..536531.79 rows=1199796 width=30)
                                 Hash Cond: (orders.o_custkey = customer.c_custkey)
                                 ->  Seq Scan on orders  (cost=0.00..411242.45 rows=14997445 width=8)
                                 ->  Hash  (cost=55551.19..55551.19 rows=119986 width=30)
                                       ->  Hash Join  (cost=1.40..55551.19 rows=119986 width=30)
                                             Hash Cond: (customer.c_nationkey = n2.n_nationkey)
                                             ->  Seq Scan on customer  (cost=0.00..50945.31 rows=1499831 width=8)
                                             ->  Hash  (cost=1.38..1.38 rows=2 width=30)
                                                   ->  Seq Scan on nation n2  (cost=0.00..1.38 rows=2 width=30)
                                                         Filter: ((n_name = 'MOROCCO'::bpchar) OR (n_name = 'PERU'::bpchar))
(30 rows)

query 7 run 2
SET
SET
SET
                                                                                 QUERY PLAN                                                                                  
-----------------------------------------------------------------------------------------------------------------------------------------------------------------------------
 Limit  (cost=2716730.16..2716730.28 rows=1 width=116)
   ->  GroupAggregate  (cost=2716730.16..2717933.71 rows=10064 width=116)
         Group Key: n1.n_name, n2.n_name, (EXTRACT(year FROM lineitem.l_shipdate))
         ->  Sort  (cost=2716730.16..2716880.53 rows=60148 width=96)
               Sort Key: n1.n_name, n2.n_name, (EXTRACT(year FROM lineitem.l_shipdate))
               ->  Hash Join  (cost=563360.64..2711955.54 rows=60148 width=96)
                     Hash Cond: (lineitem.l_orderkey = orders.o_orderkey)
                     Join Filter: (((n1.n_name = 'PERU'::bpchar) AND (n2.n_name = 'MOROCCO'::bpchar)) OR ((n1.n_name = 'MOROCCO'::bpchar) AND (n2.n_name = 'PERU'::bpchar)))
                     ->  Hash Join  (cost=3629.40..2110733.50 rows=1445314 width=46)
                           Hash Cond: (lineitem.l_suppkey = supplier.s_suppkey)
                           ->  Seq Scan on lineitem  (cost=0.00..2024901.86 rows=18066427 width=24)
                                 Filter: ((l_shipdate >= '1995-01-01'::date) AND (l_shipdate <= '1996-12-31'::date))
                           ->  Hash  (cost=3529.40..3529.40 rows=8000 width=30)
                                 ->  Hash Join  (cost=1.40..3529.40 rows=8000 width=30)
                                       Hash Cond: (supplier.s_nationkey = n1.n_nationkey)
                                       ->  Seq Scan on supplier  (cost=0.00..3221.00 rows=100000 width=8)
                                       ->  Hash  (cost=1.38..1.38 rows=2 width=30)
                                             ->  Seq Scan on nation n1  (cost=0.00..1.38 rows=2 width=30)
                                                   Filter: ((n_name = 'PERU'::bpchar) OR (n_name = 'MOROCCO'::bpchar))
                     ->  Hash  (cost=536531.79..536531.79 rows=1199796 width=30)
                           ->  Hash Join  (cost=57051.01..536531.79 rows=1199796 width=30)
                                 Hash Cond: (orders.o_custkey = customer.c_custkey)
                                 ->  Seq Scan on orders  (cost=0.00..411242.45 rows=14997445 width=8)
                                 ->  Hash  (cost=55551.19..55551.19 rows=119986 width=30)
                                       ->  Hash Join  (cost=1.40..55551.19 rows=119986 width=30)
                                             Hash Cond: (customer.c_nationkey = n2.n_nationkey)
                                             ->  Seq Scan on customer  (cost=0.00..50945.31 rows=1499831 width=8)
                                             ->  Hash  (cost=1.38..1.38 rows=2 width=30)
                                                   ->  Seq Scan on nation n2  (cost=0.00..1.38 rows=2 width=30)
                                                         Filter: ((n_name = 'MOROCCO'::bpchar) OR (n_name = 'PERU'::bpchar))
(30 rows)

query 7 run 3
SET
SET
SET
                                                                                 QUERY PLAN                                                                                  
-----------------------------------------------------------------------------------------------------------------------------------------------------------------------------
 Limit  (cost=2716730.16..2716730.28 rows=1 width=116)
   ->  GroupAggregate  (cost=2716730.16..2717933.71 rows=10064 width=116)
         Group Key: n1.n_name, n2.n_name, (EXTRACT(year FROM lineitem.l_shipdate))
         ->  Sort  (cost=2716730.16..2716880.53 rows=60148 width=96)
               Sort Key: n1.n_name, n2.n_name, (EXTRACT(year FROM lineitem.l_shipdate))
               ->  Hash Join  (cost=563360.64..2711955.54 rows=60148 width=96)
                     Hash Cond: (lineitem.l_orderkey = orders.o_orderkey)
                     Join Filter: (((n1.n_name = 'PERU'::bpchar) AND (n2.n_name = 'MOROCCO'::bpchar)) OR ((n1.n_name = 'MOROCCO'::bpchar) AND (n2.n_name = 'PERU'::bpchar)))
                     ->  Hash Join  (cost=3629.40..2110733.50 rows=1445314 width=46)
                           Hash Cond: (lineitem.l_suppkey = supplier.s_suppkey)
                           ->  Seq Scan on lineitem  (cost=0.00..2024901.86 rows=18066427 width=24)
                                 Filter: ((l_shipdate >= '1995-01-01'::date) AND (l_shipdate <= '1996-12-31'::date))
                           ->  Hash  (cost=3529.40..3529.40 rows=8000 width=30)
                                 ->  Hash Join  (cost=1.40..3529.40 rows=8000 width=30)
                                       Hash Cond: (supplier.s_nationkey = n1.n_nationkey)
                                       ->  Seq Scan on supplier  (cost=0.00..3221.00 rows=100000 width=8)
                                       ->  Hash  (cost=1.38..1.38 rows=2 width=30)
                                             ->  Seq Scan on nation n1  (cost=0.00..1.38 rows=2 width=30)
                                                   Filter: ((n_name = 'PERU'::bpchar) OR (n_name = 'MOROCCO'::bpchar))
                     ->  Hash  (cost=536531.79..536531.79 rows=1199796 width=30)
                           ->  Hash Join  (cost=57051.01..536531.79 rows=1199796 width=30)
                                 Hash Cond: (orders.o_custkey = customer.c_custkey)
                                 ->  Seq Scan on orders  (cost=0.00..411242.45 rows=14997445 width=8)
                                 ->  Hash  (cost=55551.19..55551.19 rows=119986 width=30)
                                       ->  Hash Join  (cost=1.40..55551.19 rows=119986 width=30)
                                             Hash Cond: (customer.c_nationkey = n2.n_nationkey)
                                             ->  Seq Scan on customer  (cost=0.00..50945.31 rows=1499831 width=8)
                                             ->  Hash  (cost=1.38..1.38 rows=2 width=30)
                                                   ->  Seq Scan on nation n2  (cost=0.00..1.38 rows=2 width=30)
                                                         Filter: ((n_name = 'MOROCCO'::bpchar) OR (n_name = 'PERU'::bpchar))
(30 rows)

query 8 run 1
SET
SET
SET
                                                                   QUERY PLAN                                                                   
------------------------------------------------------------------------------------------------------------------------------------------------
 Limit  (cost=1102123.47..1102123.72 rows=1 width=64)
   ->  GroupAggregate  (cost=1102123.47..1102722.35 rows=2406 width=64)
         Group Key: (EXTRACT(year FROM orders.o_orderdate))
         ->  Sort  (cost=1102123.47..1102184.67 rows=24478 width=70)
               Sort Key: (EXTRACT(year FROM orders.o_orderdate))
               ->  Nested Loop  (cost=750137.37..1100339.13 rows=24478 width=70)
                     ->  Hash Join  (cost=750137.23..1099656.72 rows=24478 width=20)
                           Hash Cond: (lineitem.l_suppkey = supplier.s_suppkey)
                           ->  Hash Join  (cost=745666.23..1095121.46 rows=24478 width=20)
                                 Hash Cond: (orders.o_custkey = customer.c_custkey)
                                 ->  Hash Join  (cost=682344.81..1031096.30 rows=122391 width=24)
                                       Hash Cond: (orders.o_orderkey = lineitem.l_orderkey)
                                       ->  Bitmap Heap Scan on orders  (cost=53056.67..383332.34 rows=4600511 width=12)
                                             Recheck Cond: ((o_orderdate >= '1995-01-01'::date) AND (o_orderdate <= '1996-12-31'::date))
                                             ->  Bitmap Index Scan on idx_orders_orderdate  (cost=0.00..51906.54 rows=4600511 width=0)
                                                   Index Cond: ((o_orderdate >= '1995-01-01'::date) AND (o_orderdate <= '1996-12-31'::date))
                                       ->  Hash  (cost=624300.77..624300.77 rows=398989 width=20)
                                             ->  Nested Loop  (cost=0.44..624300.77 rows=398989 width=20)
                                                   ->  Seq Scan on part  (cost=0.00..65982.54 rows=13304 width=4)
                                                         Filter: ((p_type)::text = 'LARGE POLISHED BRASS'::text)
                                                   ->  Index Scan using idx_lineitem_part_supp on lineitem  (cost=0.44..41.66 rows=31 width=24)
                                                         Index Cond: (l_partkey = part.p_partkey)
                                 ->  Hash  (cost=59571.84..59571.84 rows=299966 width=4)
                                       ->  Hash Join  (cost=2.51..59571.84 rows=299966 width=4)
                                             Hash Cond: (customer.c_nationkey = n1.n_nationkey)
                                             ->  Seq Scan on customer  (cost=0.00..50945.31 rows=1499831 width=8)
                                             ->  Hash  (cost=2.45..2.45 rows=5 width=4)
                                                   ->  Hash Join  (cost=1.07..2.45 rows=5 width=4)
                                                         Hash Cond: (n1.n_regionkey = region.r_regionkey)
                                                         ->  Seq Scan on nation n1  (cost=0.00..1.25 rows=25 width=8)
                                                         ->  Hash  (cost=1.06..1.06 rows=1 width=4)
                                                               ->  Seq Scan on region  (cost=0.00..1.06 rows=1 width=4)
                                                                     Filter: (r_name = 'AMERICA'::bpchar)
                           ->  Hash  (cost=3221.00..3221.00 rows=100000 width=8)
                                 ->  Seq Scan on supplier  (cost=0.00..3221.00 rows=100000 width=8)
                     ->  Memoize  (cost=0.15..0.92 rows=1 width=30)
                           Cache Key: supplier.s_nationkey
                           Cache Mode: logical
                           ->  Index Scan using nation_pkey on nation n2  (cost=0.14..0.91 rows=1 width=30)
                                 Index Cond: (n_nationkey = supplier.s_nationkey)
(40 rows)

query 8 run 2
SET
SET
SET
                                                                   QUERY PLAN                                                                   
------------------------------------------------------------------------------------------------------------------------------------------------
 Limit  (cost=1102123.47..1102123.72 rows=1 width=64)
   ->  GroupAggregate  (cost=1102123.47..1102722.35 rows=2406 width=64)
         Group Key: (EXTRACT(year FROM orders.o_orderdate))
         ->  Sort  (cost=1102123.47..1102184.67 rows=24478 width=70)
               Sort Key: (EXTRACT(year FROM orders.o_orderdate))
               ->  Nested Loop  (cost=750137.37..1100339.13 rows=24478 width=70)
                     ->  Hash Join  (cost=750137.23..1099656.72 rows=24478 width=20)
                           Hash Cond: (lineitem.l_suppkey = supplier.s_suppkey)
                           ->  Hash Join  (cost=745666.23..1095121.46 rows=24478 width=20)
                                 Hash Cond: (orders.o_custkey = customer.c_custkey)
                                 ->  Hash Join  (cost=682344.81..1031096.30 rows=122391 width=24)
                                       Hash Cond: (orders.o_orderkey = lineitem.l_orderkey)
                                       ->  Bitmap Heap Scan on orders  (cost=53056.67..383332.34 rows=4600511 width=12)
                                             Recheck Cond: ((o_orderdate >= '1995-01-01'::date) AND (o_orderdate <= '1996-12-31'::date))
                                             ->  Bitmap Index Scan on idx_orders_orderdate  (cost=0.00..51906.54 rows=4600511 width=0)
                                                   Index Cond: ((o_orderdate >= '1995-01-01'::date) AND (o_orderdate <= '1996-12-31'::date))
                                       ->  Hash  (cost=624300.77..624300.77 rows=398989 width=20)
                                             ->  Nested Loop  (cost=0.44..624300.77 rows=398989 width=20)
                                                   ->  Seq Scan on part  (cost=0.00..65982.54 rows=13304 width=4)
                                                         Filter: ((p_type)::text = 'LARGE POLISHED BRASS'::text)
                                                   ->  Index Scan using idx_lineitem_part_supp on lineitem  (cost=0.44..41.66 rows=31 width=24)
                                                         Index Cond: (l_partkey = part.p_partkey)
                                 ->  Hash  (cost=59571.84..59571.84 rows=299966 width=4)
                                       ->  Hash Join  (cost=2.51..59571.84 rows=299966 width=4)
                                             Hash Cond: (customer.c_nationkey = n1.n_nationkey)
                                             ->  Seq Scan on customer  (cost=0.00..50945.31 rows=1499831 width=8)
                                             ->  Hash  (cost=2.45..2.45 rows=5 width=4)
                                                   ->  Hash Join  (cost=1.07..2.45 rows=5 width=4)
                                                         Hash Cond: (n1.n_regionkey = region.r_regionkey)
                                                         ->  Seq Scan on nation n1  (cost=0.00..1.25 rows=25 width=8)
                                                         ->  Hash  (cost=1.06..1.06 rows=1 width=4)
                                                               ->  Seq Scan on region  (cost=0.00..1.06 rows=1 width=4)
                                                                     Filter: (r_name = 'AMERICA'::bpchar)
                           ->  Hash  (cost=3221.00..3221.00 rows=100000 width=8)
                                 ->  Seq Scan on supplier  (cost=0.00..3221.00 rows=100000 width=8)
                     ->  Memoize  (cost=0.15..0.92 rows=1 width=30)
                           Cache Key: supplier.s_nationkey
                           Cache Mode: logical
                           ->  Index Scan using nation_pkey on nation n2  (cost=0.14..0.91 rows=1 width=30)
                                 Index Cond: (n_nationkey = supplier.s_nationkey)
(40 rows)

query 8 run 3
SET
SET
SET
                                                                   QUERY PLAN                                                                   
------------------------------------------------------------------------------------------------------------------------------------------------
 Limit  (cost=1102123.47..1102123.72 rows=1 width=64)
   ->  GroupAggregate  (cost=1102123.47..1102722.35 rows=2406 width=64)
         Group Key: (EXTRACT(year FROM orders.o_orderdate))
         ->  Sort  (cost=1102123.47..1102184.67 rows=24478 width=70)
               Sort Key: (EXTRACT(year FROM orders.o_orderdate))
               ->  Nested Loop  (cost=750137.37..1100339.13 rows=24478 width=70)
                     ->  Hash Join  (cost=750137.23..1099656.72 rows=24478 width=20)
                           Hash Cond: (lineitem.l_suppkey = supplier.s_suppkey)
                           ->  Hash Join  (cost=745666.23..1095121.46 rows=24478 width=20)
                                 Hash Cond: (orders.o_custkey = customer.c_custkey)
                                 ->  Hash Join  (cost=682344.81..1031096.30 rows=122391 width=24)
                                       Hash Cond: (orders.o_orderkey = lineitem.l_orderkey)
                                       ->  Bitmap Heap Scan on orders  (cost=53056.67..383332.34 rows=4600511 width=12)
                                             Recheck Cond: ((o_orderdate >= '1995-01-01'::date) AND (o_orderdate <= '1996-12-31'::date))
                                             ->  Bitmap Index Scan on idx_orders_orderdate  (cost=0.00..51906.54 rows=4600511 width=0)
                                                   Index Cond: ((o_orderdate >= '1995-01-01'::date) AND (o_orderdate <= '1996-12-31'::date))
                                       ->  Hash  (cost=624300.77..624300.77 rows=398989 width=20)
                                             ->  Nested Loop  (cost=0.44..624300.77 rows=398989 width=20)
                                                   ->  Seq Scan on part  (cost=0.00..65982.54 rows=13304 width=4)
                                                         Filter: ((p_type)::text = 'LARGE POLISHED BRASS'::text)
                                                   ->  Index Scan using idx_lineitem_part_supp on lineitem  (cost=0.44..41.66 rows=31 width=24)
                                                         Index Cond: (l_partkey = part.p_partkey)
                                 ->  Hash  (cost=59571.84..59571.84 rows=299966 width=4)
                                       ->  Hash Join  (cost=2.51..59571.84 rows=299966 width=4)
                                             Hash Cond: (customer.c_nationkey = n1.n_nationkey)
                                             ->  Seq Scan on customer  (cost=0.00..50945.31 rows=1499831 width=8)
                                             ->  Hash  (cost=2.45..2.45 rows=5 width=4)
                                                   ->  Hash Join  (cost=1.07..2.45 rows=5 width=4)
                                                         Hash Cond: (n1.n_regionkey = region.r_regionkey)
                                                         ->  Seq Scan on nation n1  (cost=0.00..1.25 rows=25 width=8)
                                                         ->  Hash  (cost=1.06..1.06 rows=1 width=4)
                                                               ->  Seq Scan on region  (cost=0.00..1.06 rows=1 width=4)
                                                                     Filter: (r_name = 'AMERICA'::bpchar)
                           ->  Hash  (cost=3221.00..3221.00 rows=100000 width=8)
                                 ->  Seq Scan on supplier  (cost=0.00..3221.00 rows=100000 width=8)
                     ->  Memoize  (cost=0.15..0.92 rows=1 width=30)
                           Cache Key: supplier.s_nationkey
                           Cache Mode: logical
                           ->  Index Scan using nation_pkey on nation n2  (cost=0.14..0.91 rows=1 width=30)
                                 Index Cond: (n_nationkey = supplier.s_nationkey)
(40 rows)

query 9 run 1
SET
SET
SET
                                                            QUERY PLAN                                                             
-----------------------------------------------------------------------------------------------------------------------------------
 Limit  (cost=1579242.63..1579242.67 rows=1 width=90)
   ->  GroupAggregate  (cost=1579242.63..1579247.85 rows=149 width=90)
         Group Key: nation.n_name, (EXTRACT(year FROM orders.o_orderdate))
         ->  Sort  (cost=1579242.63..1579243.00 rows=149 width=81)
               Sort Key: nation.n_name, (EXTRACT(year FROM orders.o_orderdate)) DESC
               ->  Nested Loop  (cost=67498.96..1579237.25 rows=149 width=81)
                     Join Filter: (supplier.s_nationkey = nation.n_nationkey)
                     ->  Nested Loop  (cost=67498.96..1579181.77 rows=149 width=31)
                           ->  Nested Loop  (cost=67498.52..1578809.67 rows=149 width=31)
                                 ->  Nested Loop  (cost=67498.23..1578463.22 rows=149 width=35)
                                       ->  Hash Join  (cost=67497.79..343733.54 rows=484916 width=18)
                                             Hash Cond: (partsupp.ps_partkey = part.p_partkey)
                                             ->  Seq Scan on partsupp  (cost=0.00..255232.86 rows=8001086 width=14)
                                             ->  Hash  (cost=65982.54..65982.54 rows=121220 width=4)
                                                   ->  Seq Scan on part  (cost=0.00..65982.54 rows=121220 width=4)
                                                         Filter: ((p_name)::text ~~ '%navy%'::text)
                                       ->  Index Scan using idx_lineitem_part_supp on lineitem  (cost=0.44..2.54 rows=1 width=29)
                                             Index Cond: ((l_partkey = partsupp.ps_partkey) AND (l_suppkey = partsupp.ps_suppkey))
                                 ->  Index Scan using supplier_pkey on supplier  (cost=0.29..2.33 rows=1 width=8)
                                       Index Cond: (s_suppkey = lineitem.l_suppkey)
                           ->  Index Scan using orders_pkey on orders  (cost=0.43..2.50 rows=1 width=8)
                                 Index Cond: (o_orderkey = lineitem.l_orderkey)
                     ->  Materialize  (cost=0.00..1.38 rows=25 width=30)
                           ->  Seq Scan on nation  (cost=0.00..1.25 rows=25 width=30)
(24 rows)

query 9 run 2
SET
SET
SET
                                                            QUERY PLAN                                                             
-----------------------------------------------------------------------------------------------------------------------------------
 Limit  (cost=1579242.63..1579242.67 rows=1 width=90)
   ->  GroupAggregate  (cost=1579242.63..1579247.85 rows=149 width=90)
         Group Key: nation.n_name, (EXTRACT(year FROM orders.o_orderdate))
         ->  Sort  (cost=1579242.63..1579243.00 rows=149 width=81)
               Sort Key: nation.n_name, (EXTRACT(year FROM orders.o_orderdate)) DESC
               ->  Nested Loop  (cost=67498.96..1579237.25 rows=149 width=81)
                     Join Filter: (supplier.s_nationkey = nation.n_nationkey)
                     ->  Nested Loop  (cost=67498.96..1579181.77 rows=149 width=31)
                           ->  Nested Loop  (cost=67498.52..1578809.67 rows=149 width=31)
                                 ->  Nested Loop  (cost=67498.23..1578463.22 rows=149 width=35)
                                       ->  Hash Join  (cost=67497.79..343733.54 rows=484916 width=18)
                                             Hash Cond: (partsupp.ps_partkey = part.p_partkey)
                                             ->  Seq Scan on partsupp  (cost=0.00..255232.86 rows=8001086 width=14)
                                             ->  Hash  (cost=65982.54..65982.54 rows=121220 width=4)
                                                   ->  Seq Scan on part  (cost=0.00..65982.54 rows=121220 width=4)
                                                         Filter: ((p_name)::text ~~ '%navy%'::text)
                                       ->  Index Scan using idx_lineitem_part_supp on lineitem  (cost=0.44..2.54 rows=1 width=29)
                                             Index Cond: ((l_partkey = partsupp.ps_partkey) AND (l_suppkey = partsupp.ps_suppkey))
                                 ->  Index Scan using supplier_pkey on supplier  (cost=0.29..2.33 rows=1 width=8)
                                       Index Cond: (s_suppkey = lineitem.l_suppkey)
                           ->  Index Scan using orders_pkey on orders  (cost=0.43..2.50 rows=1 width=8)
                                 Index Cond: (o_orderkey = lineitem.l_orderkey)
                     ->  Materialize  (cost=0.00..1.38 rows=25 width=30)
                           ->  Seq Scan on nation  (cost=0.00..1.25 rows=25 width=30)
(24 rows)

query 9 run 3
SET
SET
SET
                                                            QUERY PLAN                                                             
-----------------------------------------------------------------------------------------------------------------------------------
 Limit  (cost=1579242.63..1579242.67 rows=1 width=90)
   ->  GroupAggregate  (cost=1579242.63..1579247.85 rows=149 width=90)
         Group Key: nation.n_name, (EXTRACT(year FROM orders.o_orderdate))
         ->  Sort  (cost=1579242.63..1579243.00 rows=149 width=81)
               Sort Key: nation.n_name, (EXTRACT(year FROM orders.o_orderdate)) DESC
               ->  Nested Loop  (cost=67498.96..1579237.25 rows=149 width=81)
                     Join Filter: (supplier.s_nationkey = nation.n_nationkey)
                     ->  Nested Loop  (cost=67498.96..1579181.77 rows=149 width=31)
                           ->  Nested Loop  (cost=67498.52..1578809.67 rows=149 width=31)
                                 ->  Nested Loop  (cost=67498.23..1578463.22 rows=149 width=35)
                                       ->  Hash Join  (cost=67497.79..343733.54 rows=484916 width=18)
                                             Hash Cond: (partsupp.ps_partkey = part.p_partkey)
                                             ->  Seq Scan on partsupp  (cost=0.00..255232.86 rows=8001086 width=14)
                                             ->  Hash  (cost=65982.54..65982.54 rows=121220 width=4)
                                                   ->  Seq Scan on part  (cost=0.00..65982.54 rows=121220 width=4)
                                                         Filter: ((p_name)::text ~~ '%navy%'::text)
                                       ->  Index Scan using idx_lineitem_part_supp on lineitem  (cost=0.44..2.54 rows=1 width=29)
                                             Index Cond: ((l_partkey = partsupp.ps_partkey) AND (l_suppkey = partsupp.ps_suppkey))
                                 ->  Index Scan using supplier_pkey on supplier  (cost=0.29..2.33 rows=1 width=8)
                                       Index Cond: (s_suppkey = lineitem.l_suppkey)
                           ->  Index Scan using orders_pkey on orders  (cost=0.43..2.50 rows=1 width=8)
                                 Index Cond: (o_orderkey = lineitem.l_orderkey)
                     ->  Materialize  (cost=0.00..1.38 rows=25 width=30)
                           ->  Seq Scan on nation  (cost=0.00..1.25 rows=25 width=30)
(24 rows)

query 10 run 1
SET
SET
SET
                                                                    QUERY PLAN                                                                    
--------------------------------------------------------------------------------------------------------------------------------------------------
 Limit  (cost=2130223.16..2130223.21 rows=20 width=202)
   ->  Sort  (cost=2130223.16..2131650.21 rows=570821 width=202)
         Sort Key: (sum((lineitem.l_extendedprice * ('1'::numeric - lineitem.l_discount)))) DESC
         ->  GroupAggregate  (cost=332236.83..2115033.81 rows=570821 width=202)
               Group Key: customer.c_custkey, nation.n_name
               ->  Incremental Sort  (cost=332236.83..2100763.29 rows=570821 width=182)
                     Sort Key: customer.c_custkey, nation.n_name
                     Presorted Key: customer.c_custkey
                     ->  Nested Loop  (cost=332233.77..2075076.34 rows=570821 width=182)
                           ->  Nested Loop  (cost=332233.62..2061099.15 rows=570821 width=160)
                                 ->  Merge Join  (cost=332233.06..409304.93 rows=580395 width=152)
                                       Merge Cond: (customer.c_custkey = orders.o_custkey)
                                       ->  Index Scan using customer_pkey on customer  (cost=0.43..64619.39 rows=1499831 width=148)
                                       ->  Sort  (cost=332232.08..333683.07 rows=580395 width=8)
                                             Sort Key: orders.o_custkey
                                             ->  Bitmap Heap Scan on orders  (cost=6694.98..276668.91 rows=580395 width=8)
                                                   Recheck Cond: ((o_orderdate >= '1994-08-01'::date) AND (o_orderdate < '1994-11-01'::date))
                                                   ->  Bitmap Index Scan on idx_orders_orderdate  (cost=0.00..6549.89 rows=580395 width=0)
                                                         Index Cond: ((o_orderdate >= '1994-08-01'::date) AND (o_orderdate < '1994-11-01'::date))
                                 ->  Index Scan using idx_lineitem_orderkey on lineitem  (cost=0.56..2.84 rows=1 width=16)
                                       Index Cond: (l_orderkey = orders.o_orderkey)
                                       Filter: (l_returnflag = 'R'::bpchar)
                           ->  Memoize  (cost=0.15..0.92 rows=1 width=30)
                                 Cache Key: customer.c_nationkey
                                 Cache Mode: logical
                                 ->  Index Scan using nation_pkey on nation  (cost=0.14..0.91 rows=1 width=30)
                                       Index Cond: (n_nationkey = customer.c_nationkey)
(27 rows)

query 10 run 2
SET
SET
SET
                                                                    QUERY PLAN                                                                    
--------------------------------------------------------------------------------------------------------------------------------------------------
 Limit  (cost=2130223.16..2130223.21 rows=20 width=202)
   ->  Sort  (cost=2130223.16..2131650.21 rows=570821 width=202)
         Sort Key: (sum((lineitem.l_extendedprice * ('1'::numeric - lineitem.l_discount)))) DESC
         ->  GroupAggregate  (cost=332236.83..2115033.81 rows=570821 width=202)
               Group Key: customer.c_custkey, nation.n_name
               ->  Incremental Sort  (cost=332236.83..2100763.29 rows=570821 width=182)
                     Sort Key: customer.c_custkey, nation.n_name
                     Presorted Key: customer.c_custkey
                     ->  Nested Loop  (cost=332233.77..2075076.34 rows=570821 width=182)
                           ->  Nested Loop  (cost=332233.62..2061099.15 rows=570821 width=160)
                                 ->  Merge Join  (cost=332233.06..409304.93 rows=580395 width=152)
                                       Merge Cond: (customer.c_custkey = orders.o_custkey)
                                       ->  Index Scan using customer_pkey on customer  (cost=0.43..64619.39 rows=1499831 width=148)
                                       ->  Sort  (cost=332232.08..333683.07 rows=580395 width=8)
                                             Sort Key: orders.o_custkey
                                             ->  Bitmap Heap Scan on orders  (cost=6694.98..276668.91 rows=580395 width=8)
                                                   Recheck Cond: ((o_orderdate >= '1994-08-01'::date) AND (o_orderdate < '1994-11-01'::date))
                                                   ->  Bitmap Index Scan on idx_orders_orderdate  (cost=0.00..6549.89 rows=580395 width=0)
                                                         Index Cond: ((o_orderdate >= '1994-08-01'::date) AND (o_orderdate < '1994-11-01'::date))
                                 ->  Index Scan using idx_lineitem_orderkey on lineitem  (cost=0.56..2.84 rows=1 width=16)
                                       Index Cond: (l_orderkey = orders.o_orderkey)
                                       Filter: (l_returnflag = 'R'::bpchar)
                           ->  Memoize  (cost=0.15..0.92 rows=1 width=30)
                                 Cache Key: customer.c_nationkey
                                 Cache Mode: logical
                                 ->  Index Scan using nation_pkey on nation  (cost=0.14..0.91 rows=1 width=30)
                                       Index Cond: (n_nationkey = customer.c_nationkey)
(27 rows)

query 10 run 3
SET
SET
SET
                                                                    QUERY PLAN                                                                    
--------------------------------------------------------------------------------------------------------------------------------------------------
 Limit  (cost=2130223.16..2130223.21 rows=20 width=202)
   ->  Sort  (cost=2130223.16..2131650.21 rows=570821 width=202)
         Sort Key: (sum((lineitem.l_extendedprice * ('1'::numeric - lineitem.l_discount)))) DESC
         ->  GroupAggregate  (cost=332236.83..2115033.81 rows=570821 width=202)
               Group Key: customer.c_custkey, nation.n_name
               ->  Incremental Sort  (cost=332236.83..2100763.29 rows=570821 width=182)
                     Sort Key: customer.c_custkey, nation.n_name
                     Presorted Key: customer.c_custkey
                     ->  Nested Loop  (cost=332233.77..2075076.34 rows=570821 width=182)
                           ->  Nested Loop  (cost=332233.62..2061099.15 rows=570821 width=160)
                                 ->  Merge Join  (cost=332233.06..409304.93 rows=580395 width=152)
                                       Merge Cond: (customer.c_custkey = orders.o_custkey)
                                       ->  Index Scan using customer_pkey on customer  (cost=0.43..64619.39 rows=1499831 width=148)
                                       ->  Sort  (cost=332232.08..333683.07 rows=580395 width=8)
                                             Sort Key: orders.o_custkey
                                             ->  Bitmap Heap Scan on orders  (cost=6694.98..276668.91 rows=580395 width=8)
                                                   Recheck Cond: ((o_orderdate >= '1994-08-01'::date) AND (o_orderdate < '1994-11-01'::date))
                                                   ->  Bitmap Index Scan on idx_orders_orderdate  (cost=0.00..6549.89 rows=580395 width=0)
                                                         Index Cond: ((o_orderdate >= '1994-08-01'::date) AND (o_orderdate < '1994-11-01'::date))
                                 ->  Index Scan using idx_lineitem_orderkey on lineitem  (cost=0.56..2.84 rows=1 width=16)
                                       Index Cond: (l_orderkey = orders.o_orderkey)
                                       Filter: (l_returnflag = 'R'::bpchar)
                           ->  Memoize  (cost=0.15..0.92 rows=1 width=30)
                                 Cache Key: customer.c_nationkey
                                 Cache Mode: logical
                                 ->  Index Scan using nation_pkey on nation  (cost=0.14..0.91 rows=1 width=30)
                                       Index Cond: (n_nationkey = customer.c_nationkey)
(27 rows)

query 11 run 1
SET
SET
SET
                                                       QUERY PLAN                                                       
------------------------------------------------------------------------------------------------------------------------
 Limit  (cost=72781.84..72781.84 rows=1 width=36)
   InitPlan 1 (returns $2)
     ->  Aggregate  (cost=26216.63..26216.64 rows=1 width=32)
           ->  Nested Loop  (cost=37.72..23816.31 rows=320043 width=10)
                 ->  Nested Loop  (cost=37.29..2261.46 rows=4000 width=4)
                       ->  Seq Scan on nation nation_1  (cost=0.00..1.31 rows=1 width=4)
                             Filter: (n_name = 'SAUDI ARABIA'::bpchar)
                       ->  Bitmap Heap Scan on supplier supplier_1  (cost=37.29..2220.15 rows=4000 width=8)
                             Recheck Cond: (s_nationkey = nation_1.n_nationkey)
                             ->  Bitmap Index Scan on idx_supplier_nation_key  (cost=0.00..36.29 rows=4000 width=0)
                                   Index Cond: (s_nationkey = nation_1.n_nationkey)
                 ->  Index Scan using idx_partsupp_suppkey on partsupp partsupp_1  (cost=0.43..4.58 rows=81 width=14)
                       Index Cond: (ps_suppkey = supplier_1.s_suppkey)
   ->  Sort  (cost=46565.20..46831.90 rows=106681 width=36)
         Sort Key: (sum((partsupp.ps_supplycost * (partsupp.ps_availqty)::numeric))) DESC
         ->  HashAggregate  (cost=38105.73..46031.79 rows=106681 width=36)
               Group Key: partsupp.ps_partkey
               Filter: (sum((partsupp.ps_supplycost * (partsupp.ps_availqty)::numeric)) > $2)
               Planned Partitions: 4
               ->  Nested Loop  (cost=37.72..23816.31 rows=320043 width=14)
                     ->  Nested Loop  (cost=37.29..2261.46 rows=4000 width=4)
                           ->  Seq Scan on nation  (cost=0.00..1.31 rows=1 width=4)
                                 Filter: (n_name = 'SAUDI ARABIA'::bpchar)
                           ->  Bitmap Heap Scan on supplier  (cost=37.29..2220.15 rows=4000 width=8)
                                 Recheck Cond: (s_nationkey = nation.n_nationkey)
                                 ->  Bitmap Index Scan on idx_supplier_nation_key  (cost=0.00..36.29 rows=4000 width=0)
                                       Index Cond: (s_nationkey = nation.n_nationkey)
                     ->  Index Scan using idx_partsupp_suppkey on partsupp  (cost=0.43..4.58 rows=81 width=18)
                           Index Cond: (ps_suppkey = supplier.s_suppkey)
(29 rows)

query 11 run 2
SET
SET
SET
                                                       QUERY PLAN                                                       
------------------------------------------------------------------------------------------------------------------------
 Limit  (cost=72781.84..72781.84 rows=1 width=36)
   InitPlan 1 (returns $2)
     ->  Aggregate  (cost=26216.63..26216.64 rows=1 width=32)
           ->  Nested Loop  (cost=37.72..23816.31 rows=320043 width=10)
                 ->  Nested Loop  (cost=37.29..2261.46 rows=4000 width=4)
                       ->  Seq Scan on nation nation_1  (cost=0.00..1.31 rows=1 width=4)
                             Filter: (n_name = 'SAUDI ARABIA'::bpchar)
                       ->  Bitmap Heap Scan on supplier supplier_1  (cost=37.29..2220.15 rows=4000 width=8)
                             Recheck Cond: (s_nationkey = nation_1.n_nationkey)
                             ->  Bitmap Index Scan on idx_supplier_nation_key  (cost=0.00..36.29 rows=4000 width=0)
                                   Index Cond: (s_nationkey = nation_1.n_nationkey)
                 ->  Index Scan using idx_partsupp_suppkey on partsupp partsupp_1  (cost=0.43..4.58 rows=81 width=14)
                       Index Cond: (ps_suppkey = supplier_1.s_suppkey)
   ->  Sort  (cost=46565.20..46831.90 rows=106681 width=36)
         Sort Key: (sum((partsupp.ps_supplycost * (partsupp.ps_availqty)::numeric))) DESC
         ->  HashAggregate  (cost=38105.73..46031.79 rows=106681 width=36)
               Group Key: partsupp.ps_partkey
               Filter: (sum((partsupp.ps_supplycost * (partsupp.ps_availqty)::numeric)) > $2)
               Planned Partitions: 4
               ->  Nested Loop  (cost=37.72..23816.31 rows=320043 width=14)
                     ->  Nested Loop  (cost=37.29..2261.46 rows=4000 width=4)
                           ->  Seq Scan on nation  (cost=0.00..1.31 rows=1 width=4)
                                 Filter: (n_name = 'SAUDI ARABIA'::bpchar)
                           ->  Bitmap Heap Scan on supplier  (cost=37.29..2220.15 rows=4000 width=8)
                                 Recheck Cond: (s_nationkey = nation.n_nationkey)
                                 ->  Bitmap Index Scan on idx_supplier_nation_key  (cost=0.00..36.29 rows=4000 width=0)
                                       Index Cond: (s_nationkey = nation.n_nationkey)
                     ->  Index Scan using idx_partsupp_suppkey on partsupp  (cost=0.43..4.58 rows=81 width=18)
                           Index Cond: (ps_suppkey = supplier.s_suppkey)
(29 rows)

query 11 run 3
SET
SET
SET
                                                       QUERY PLAN                                                       
------------------------------------------------------------------------------------------------------------------------
 Limit  (cost=72781.84..72781.84 rows=1 width=36)
   InitPlan 1 (returns $2)
     ->  Aggregate  (cost=26216.63..26216.64 rows=1 width=32)
           ->  Nested Loop  (cost=37.72..23816.31 rows=320043 width=10)
                 ->  Nested Loop  (cost=37.29..2261.46 rows=4000 width=4)
                       ->  Seq Scan on nation nation_1  (cost=0.00..1.31 rows=1 width=4)
                             Filter: (n_name = 'SAUDI ARABIA'::bpchar)
                       ->  Bitmap Heap Scan on supplier supplier_1  (cost=37.29..2220.15 rows=4000 width=8)
                             Recheck Cond: (s_nationkey = nation_1.n_nationkey)
                             ->  Bitmap Index Scan on idx_supplier_nation_key  (cost=0.00..36.29 rows=4000 width=0)
                                   Index Cond: (s_nationkey = nation_1.n_nationkey)
                 ->  Index Scan using idx_partsupp_suppkey on partsupp partsupp_1  (cost=0.43..4.58 rows=81 width=14)
                       Index Cond: (ps_suppkey = supplier_1.s_suppkey)
   ->  Sort  (cost=46565.20..46831.90 rows=106681 width=36)
         Sort Key: (sum((partsupp.ps_supplycost * (partsupp.ps_availqty)::numeric))) DESC
         ->  HashAggregate  (cost=38105.73..46031.79 rows=106681 width=36)
               Group Key: partsupp.ps_partkey
               Filter: (sum((partsupp.ps_supplycost * (partsupp.ps_availqty)::numeric)) > $2)
               Planned Partitions: 4
               ->  Nested Loop  (cost=37.72..23816.31 rows=320043 width=14)
                     ->  Nested Loop  (cost=37.29..2261.46 rows=4000 width=4)
                           ->  Seq Scan on nation  (cost=0.00..1.31 rows=1 width=4)
                                 Filter: (n_name = 'SAUDI ARABIA'::bpchar)
                           ->  Bitmap Heap Scan on supplier  (cost=37.29..2220.15 rows=4000 width=8)
                                 Recheck Cond: (s_nationkey = nation.n_nationkey)
                                 ->  Bitmap Index Scan on idx_supplier_nation_key  (cost=0.00..36.29 rows=4000 width=0)
                                       Index Cond: (s_nationkey = nation.n_nationkey)
                     ->  Index Scan using idx_partsupp_suppkey on partsupp  (cost=0.43..4.58 rows=81 width=18)
                           Index Cond: (ps_suppkey = supplier.s_suppkey)
(29 rows)

query 12 run 1
SET
SET
SET
                                                                                                                    QUERY PLAN                                                                                                                     
---------------------------------------------------------------------------------------------------------------------------------------------------------------------------------------------------------------------------------------------------
 Limit  (cost=3031322.89..3032151.04 rows=1 width=27)
   ->  GroupAggregate  (cost=3031322.89..3037119.98 rows=7 width=27)
         Group Key: lineitem.l_shipmode
         ->  Sort  (cost=3031322.89..3032047.51 rows=289851 width=27)
               Sort Key: lineitem.l_shipmode
               ->  Hash Join  (cost=2478404.43..3005026.23 rows=289851 width=27)
                     Hash Cond: (orders.o_orderkey = lineitem.l_orderkey)
                     ->  Seq Scan on orders  (cost=0.00..411242.45 rows=14997445 width=20)
                     ->  Hash  (cost=2474781.29..2474781.29 rows=289851 width=15)
                           ->  Seq Scan on lineitem  (cost=0.00..2474781.29 rows=289851 width=15)
                                 Filter: ((l_shipmode = ANY ('{SHIP,"REG AIR"}'::bpchar[])) AND (l_commitdate < l_receiptdate) AND (l_shipdate < l_commitdate) AND (l_receiptdate >= '1994-01-01'::date) AND (l_receiptdate < '1995-01-01'::date))
(11 rows)

query 12 run 2
SET
SET
SET
                                                                                                                    QUERY PLAN                                                                                                                     
---------------------------------------------------------------------------------------------------------------------------------------------------------------------------------------------------------------------------------------------------
 Limit  (cost=3031322.89..3032151.04 rows=1 width=27)
   ->  GroupAggregate  (cost=3031322.89..3037119.98 rows=7 width=27)
         Group Key: lineitem.l_shipmode
         ->  Sort  (cost=3031322.89..3032047.51 rows=289851 width=27)
               Sort Key: lineitem.l_shipmode
               ->  Hash Join  (cost=2478404.43..3005026.23 rows=289851 width=27)
                     Hash Cond: (orders.o_orderkey = lineitem.l_orderkey)
                     ->  Seq Scan on orders  (cost=0.00..411242.45 rows=14997445 width=20)
                     ->  Hash  (cost=2474781.29..2474781.29 rows=289851 width=15)
                           ->  Seq Scan on lineitem  (cost=0.00..2474781.29 rows=289851 width=15)
                                 Filter: ((l_shipmode = ANY ('{SHIP,"REG AIR"}'::bpchar[])) AND (l_commitdate < l_receiptdate) AND (l_shipdate < l_commitdate) AND (l_receiptdate >= '1994-01-01'::date) AND (l_receiptdate < '1995-01-01'::date))
(11 rows)

query 12 run 3
SET
SET
SET
                                                                                                                    QUERY PLAN                                                                                                                     
---------------------------------------------------------------------------------------------------------------------------------------------------------------------------------------------------------------------------------------------------
 Limit  (cost=3031322.89..3032151.04 rows=1 width=27)
   ->  GroupAggregate  (cost=3031322.89..3037119.98 rows=7 width=27)
         Group Key: lineitem.l_shipmode
         ->  Sort  (cost=3031322.89..3032047.51 rows=289851 width=27)
               Sort Key: lineitem.l_shipmode
               ->  Hash Join  (cost=2478404.43..3005026.23 rows=289851 width=27)
                     Hash Cond: (orders.o_orderkey = lineitem.l_orderkey)
                     ->  Seq Scan on orders  (cost=0.00..411242.45 rows=14997445 width=20)
                     ->  Hash  (cost=2474781.29..2474781.29 rows=289851 width=15)
                           ->  Seq Scan on lineitem  (cost=0.00..2474781.29 rows=289851 width=15)
                                 Filter: ((l_shipmode = ANY ('{SHIP,"REG AIR"}'::bpchar[])) AND (l_commitdate < l_receiptdate) AND (l_shipdate < l_commitdate) AND (l_receiptdate >= '1994-01-01'::date) AND (l_receiptdate < '1995-01-01'::date))
(11 rows)

query 13 run 1
SET
SET
SET
                                                        QUERY PLAN                                                         
---------------------------------------------------------------------------------------------------------------------------
 Limit  (cost=1007166.00..1007166.00 rows=1 width=16)
   ->  Sort  (cost=1007166.00..1007166.50 rows=200 width=16)
         Sort Key: (count(*)) DESC, (count(orders.o_orderkey)) DESC
         ->  HashAggregate  (cost=1007163.00..1007165.00 rows=200 width=16)
               Group Key: count(orders.o_orderkey)
               ->  GroupAggregate  (cost=0.86..984665.53 rows=1499831 width=12)
                     Group Key: customer.c_custkey
                     ->  Merge Left Join  (cost=0.86..895437.44 rows=14845956 width=8)
                           Merge Cond: (customer.c_custkey = orders.o_custkey)
                           ->  Index Only Scan using customer_pkey on customer  (cost=0.43..28671.89 rows=1499831 width=4)
                           ->  Index Scan using idx_orders_custkey on orders  (cost=0.43..677441.52 rows=14845956 width=8)
                                 Filter: ((o_comment)::text !~~ '%special%requests%'::text)
(12 rows)

query 13 run 2
SET
SET
SET
                                                        QUERY PLAN                                                         
---------------------------------------------------------------------------------------------------------------------------
 Limit  (cost=1007166.00..1007166.00 rows=1 width=16)
   ->  Sort  (cost=1007166.00..1007166.50 rows=200 width=16)
         Sort Key: (count(*)) DESC, (count(orders.o_orderkey)) DESC
         ->  HashAggregate  (cost=1007163.00..1007165.00 rows=200 width=16)
               Group Key: count(orders.o_orderkey)
               ->  GroupAggregate  (cost=0.86..984665.53 rows=1499831 width=12)
                     Group Key: customer.c_custkey
                     ->  Merge Left Join  (cost=0.86..895437.44 rows=14845956 width=8)
                           Merge Cond: (customer.c_custkey = orders.o_custkey)
                           ->  Index Only Scan using customer_pkey on customer  (cost=0.43..28671.89 rows=1499831 width=4)
                           ->  Index Scan using idx_orders_custkey on orders  (cost=0.43..677441.52 rows=14845956 width=8)
                                 Filter: ((o_comment)::text !~~ '%special%requests%'::text)
(12 rows)

query 13 run 3
SET
SET
SET
                                                        QUERY PLAN                                                         
---------------------------------------------------------------------------------------------------------------------------
 Limit  (cost=1007166.00..1007166.00 rows=1 width=16)
   ->  Sort  (cost=1007166.00..1007166.50 rows=200 width=16)
         Sort Key: (count(*)) DESC, (count(orders.o_orderkey)) DESC
         ->  HashAggregate  (cost=1007163.00..1007165.00 rows=200 width=16)
               Group Key: count(orders.o_orderkey)
               ->  GroupAggregate  (cost=0.86..984665.53 rows=1499831 width=12)
                     Group Key: customer.c_custkey
                     ->  Merge Left Join  (cost=0.86..895437.44 rows=14845956 width=8)
                           Merge Cond: (customer.c_custkey = orders.o_custkey)
                           ->  Index Only Scan using customer_pkey on customer  (cost=0.43..28671.89 rows=1499831 width=4)
                           ->  Index Scan using idx_orders_custkey on orders  (cost=0.43..677441.52 rows=14845956 width=8)
                                 Filter: ((o_comment)::text !~~ '%special%requests%'::text)
(12 rows)

query 14 run 1
SET
SET
SET
                                                    QUERY PLAN                                                     
-------------------------------------------------------------------------------------------------------------------
 Limit  (cost=1036071.56..1036071.58 rows=1 width=32)
   ->  Aggregate  (cost=1036071.56..1036071.58 rows=1 width=32)
         ->  Hash Join  (cost=99657.33..1022384.93 rows=782093 width=33)
               Hash Cond: (lineitem.l_partkey = part.p_partkey)
               ->  Index Scan using idx_lineitem_shipdate on lineitem  (cost=0.56..899364.17 rows=782093 width=16)
                     Index Cond: ((l_shipdate >= '1994-05-01'::date) AND (l_shipdate < '1994-06-01'::date))
               ->  Hash  (cost=60982.23..60982.23 rows=2000123 width=25)
                     ->  Seq Scan on part  (cost=0.00..60982.23 rows=2000123 width=25)
(8 rows)

query 14 run 2
SET
SET
SET
                                                    QUERY PLAN                                                     
-------------------------------------------------------------------------------------------------------------------
 Limit  (cost=1036071.56..1036071.58 rows=1 width=32)
   ->  Aggregate  (cost=1036071.56..1036071.58 rows=1 width=32)
         ->  Hash Join  (cost=99657.33..1022384.93 rows=782093 width=33)
               Hash Cond: (lineitem.l_partkey = part.p_partkey)
               ->  Index Scan using idx_lineitem_shipdate on lineitem  (cost=0.56..899364.17 rows=782093 width=16)
                     Index Cond: ((l_shipdate >= '1994-05-01'::date) AND (l_shipdate < '1994-06-01'::date))
               ->  Hash  (cost=60982.23..60982.23 rows=2000123 width=25)
                     ->  Seq Scan on part  (cost=0.00..60982.23 rows=2000123 width=25)
(8 rows)

query 14 run 3
SET
SET
SET
                                                    QUERY PLAN                                                     
-------------------------------------------------------------------------------------------------------------------
 Limit  (cost=1036071.56..1036071.58 rows=1 width=32)
   ->  Aggregate  (cost=1036071.56..1036071.58 rows=1 width=32)
         ->  Hash Join  (cost=99657.33..1022384.93 rows=782093 width=33)
               Hash Cond: (lineitem.l_partkey = part.p_partkey)
               ->  Index Scan using idx_lineitem_shipdate on lineitem  (cost=0.56..899364.17 rows=782093 width=16)
                     Index Cond: ((l_shipdate >= '1994-05-01'::date) AND (l_shipdate < '1994-06-01'::date))
               ->  Hash  (cost=60982.23..60982.23 rows=2000123 width=25)
                     ->  Seq Scan on part  (cost=0.00..60982.23 rows=2000123 width=25)
(8 rows)

query 15 run 1
SET
SET
SET
CREATE VIEW
                                                          QUERY PLAN                                                          
------------------------------------------------------------------------------------------------------------------------------
 Limit  (cost=3768270.34..3768279.14 rows=1 width=104)
   InitPlan 1 (returns $0)
     ->  Aggregate  (cost=1884620.58..1884620.59 rows=1 width=32)
           ->  HashAggregate  (cost=1882124.40..1883372.49 rows=99847 width=36)
                 Group Key: lineitem_1.l_suppkey
                 ->  Bitmap Heap Scan on lineitem lineitem_1  (cost=36302.04..1859483.94 rows=2264046 width=16)
                       Recheck Cond: ((l_shipdate >= '1996-01-01'::date) AND (l_shipdate < '1996-04-01'::date))
                       ->  Bitmap Index Scan on idx_lineitem_shipdate  (cost=0.00..35736.03 rows=2264046 width=0)
                             Index Cond: ((l_shipdate >= '1996-01-01'::date) AND (l_shipdate < '1996-04-01'::date))
   ->  Merge Join  (cost=1883649.75..1888042.74 rows=499 width=104)
         Merge Cond: (supplier.s_suppkey = revenue0.supplier_no)
         ->  Index Scan using supplier_pkey on supplier  (cost=0.29..4135.79 rows=100000 width=72)
         ->  Sort  (cost=1883649.46..1883650.71 rows=499 width=36)
               Sort Key: revenue0.supplier_no
               ->  Subquery Scan on revenue0  (cost=1882124.40..1883627.10 rows=499 width=36)
                     ->  HashAggregate  (cost=1882124.40..1883622.11 rows=499 width=36)
                           Group Key: lineitem.l_suppkey
                           Filter: (sum((lineitem.l_extendedprice * ('1'::numeric - lineitem.l_discount))) = $0)
                           ->  Bitmap Heap Scan on lineitem  (cost=36302.04..1859483.94 rows=2264046 width=16)
                                 Recheck Cond: ((l_shipdate >= '1996-01-01'::date) AND (l_shipdate < '1996-04-01'::date))
                                 ->  Bitmap Index Scan on idx_lineitem_shipdate  (cost=0.00..35736.03 rows=2264046 width=0)
                                       Index Cond: ((l_shipdate >= '1996-01-01'::date) AND (l_shipdate < '1996-04-01'::date))
(22 rows)

DROP VIEW
query 15 run 2
SET
SET
SET
CREATE VIEW
                                                          QUERY PLAN                                                          
------------------------------------------------------------------------------------------------------------------------------
 Limit  (cost=3768270.34..3768279.14 rows=1 width=104)
   InitPlan 1 (returns $0)
     ->  Aggregate  (cost=1884620.58..1884620.59 rows=1 width=32)
           ->  HashAggregate  (cost=1882124.40..1883372.49 rows=99847 width=36)
                 Group Key: lineitem_1.l_suppkey
                 ->  Bitmap Heap Scan on lineitem lineitem_1  (cost=36302.04..1859483.94 rows=2264046 width=16)
                       Recheck Cond: ((l_shipdate >= '1996-01-01'::date) AND (l_shipdate < '1996-04-01'::date))
                       ->  Bitmap Index Scan on idx_lineitem_shipdate  (cost=0.00..35736.03 rows=2264046 width=0)
                             Index Cond: ((l_shipdate >= '1996-01-01'::date) AND (l_shipdate < '1996-04-01'::date))
   ->  Merge Join  (cost=1883649.75..1888042.74 rows=499 width=104)
         Merge Cond: (supplier.s_suppkey = revenue0.supplier_no)
         ->  Index Scan using supplier_pkey on supplier  (cost=0.29..4135.79 rows=100000 width=72)
         ->  Sort  (cost=1883649.46..1883650.71 rows=499 width=36)
               Sort Key: revenue0.supplier_no
               ->  Subquery Scan on revenue0  (cost=1882124.40..1883627.10 rows=499 width=36)
                     ->  HashAggregate  (cost=1882124.40..1883622.11 rows=499 width=36)
                           Group Key: lineitem.l_suppkey
                           Filter: (sum((lineitem.l_extendedprice * ('1'::numeric - lineitem.l_discount))) = $0)
                           ->  Bitmap Heap Scan on lineitem  (cost=36302.04..1859483.94 rows=2264046 width=16)
                                 Recheck Cond: ((l_shipdate >= '1996-01-01'::date) AND (l_shipdate < '1996-04-01'::date))
                                 ->  Bitmap Index Scan on idx_lineitem_shipdate  (cost=0.00..35736.03 rows=2264046 width=0)
                                       Index Cond: ((l_shipdate >= '1996-01-01'::date) AND (l_shipdate < '1996-04-01'::date))
(22 rows)

DROP VIEW
query 15 run 3
SET
SET
SET
CREATE VIEW
                                                          QUERY PLAN                                                          
------------------------------------------------------------------------------------------------------------------------------
 Limit  (cost=3768270.34..3768279.14 rows=1 width=104)
   InitPlan 1 (returns $0)
     ->  Aggregate  (cost=1884620.58..1884620.59 rows=1 width=32)
           ->  HashAggregate  (cost=1882124.40..1883372.49 rows=99847 width=36)
                 Group Key: lineitem_1.l_suppkey
                 ->  Bitmap Heap Scan on lineitem lineitem_1  (cost=36302.04..1859483.94 rows=2264046 width=16)
                       Recheck Cond: ((l_shipdate >= '1996-01-01'::date) AND (l_shipdate < '1996-04-01'::date))
                       ->  Bitmap Index Scan on idx_lineitem_shipdate  (cost=0.00..35736.03 rows=2264046 width=0)
                             Index Cond: ((l_shipdate >= '1996-01-01'::date) AND (l_shipdate < '1996-04-01'::date))
   ->  Merge Join  (cost=1883649.75..1888042.74 rows=499 width=104)
         Merge Cond: (supplier.s_suppkey = revenue0.supplier_no)
         ->  Index Scan using supplier_pkey on supplier  (cost=0.29..4135.79 rows=100000 width=72)
         ->  Sort  (cost=1883649.46..1883650.71 rows=499 width=36)
               Sort Key: revenue0.supplier_no
               ->  Subquery Scan on revenue0  (cost=1882124.40..1883627.10 rows=499 width=36)
                     ->  HashAggregate  (cost=1882124.40..1883622.11 rows=499 width=36)
                           Group Key: lineitem.l_suppkey
                           Filter: (sum((lineitem.l_extendedprice * ('1'::numeric - lineitem.l_discount))) = $0)
                           ->  Bitmap Heap Scan on lineitem  (cost=36302.04..1859483.94 rows=2264046 width=16)
                                 Recheck Cond: ((l_shipdate >= '1996-01-01'::date) AND (l_shipdate < '1996-04-01'::date))
                                 ->  Bitmap Index Scan on idx_lineitem_shipdate  (cost=0.00..35736.03 rows=2264046 width=0)
                                       Index Cond: ((l_shipdate >= '1996-01-01'::date) AND (l_shipdate < '1996-04-01'::date))
(22 rows)

DROP VIEW
query 16 run 1
SET
SET
SET
                                                                                         QUERY PLAN                                                                                         
--------------------------------------------------------------------------------------------------------------------------------------------------------------------------------------------
 Limit  (cost=357661.01..357661.01 rows=1 width=44)
   ->  Sort  (cost=357661.01..358043.33 rows=152930 width=44)
         Sort Key: (count(DISTINCT partsupp.ps_suppkey)) DESC, part.p_brand, part.p_type, part.p_size
         ->  GroupAggregate  (cost=348037.08..356896.36 rows=152930 width=44)
               Group Key: part.p_brand, part.p_type, part.p_size
               ->  Sort  (cost=348037.08..349503.08 rows=586398 width=40)
                     Sort Key: part.p_brand, part.p_type, part.p_size
                     ->  Hash Join  (cost=98120.25..281546.20 rows=586398 width=40)
                           Hash Cond: (partsupp.ps_partkey = part.p_partkey)
                           ->  Index Only Scan using partsupp_pkey on partsupp  (cost=3471.46..176395.96 rows=4000543 width=8)
                                 Filter: (NOT (hashed SubPlan 1))
                                 SubPlan 1
                                   ->  Seq Scan on supplier  (cost=0.00..3471.00 rows=10 width=4)
                                         Filter: ((s_comment)::text ~~ '%Customer%Complaints%'::text)
                           ->  Hash  (cost=90984.08..90984.08 rows=293177 width=40)
                                 ->  Seq Scan on part  (cost=0.00..90984.08 rows=293177 width=40)
                                       Filter: ((p_brand <> 'Brand#12'::bpchar) AND ((p_type)::text !~~ 'SMALL BRUSHED%'::text) AND (p_size = ANY ('{12,32,36,26,40,34,49,9}'::integer[])))
(17 rows)

query 16 run 2
SET
SET
SET
                                                                                         QUERY PLAN                                                                                         
--------------------------------------------------------------------------------------------------------------------------------------------------------------------------------------------
 Limit  (cost=357661.01..357661.01 rows=1 width=44)
   ->  Sort  (cost=357661.01..358043.33 rows=152930 width=44)
         Sort Key: (count(DISTINCT partsupp.ps_suppkey)) DESC, part.p_brand, part.p_type, part.p_size
         ->  GroupAggregate  (cost=348037.08..356896.36 rows=152930 width=44)
               Group Key: part.p_brand, part.p_type, part.p_size
               ->  Sort  (cost=348037.08..349503.08 rows=586398 width=40)
                     Sort Key: part.p_brand, part.p_type, part.p_size
                     ->  Hash Join  (cost=98120.25..281546.20 rows=586398 width=40)
                           Hash Cond: (partsupp.ps_partkey = part.p_partkey)
                           ->  Index Only Scan using partsupp_pkey on partsupp  (cost=3471.46..176395.96 rows=4000543 width=8)
                                 Filter: (NOT (hashed SubPlan 1))
                                 SubPlan 1
                                   ->  Seq Scan on supplier  (cost=0.00..3471.00 rows=10 width=4)
                                         Filter: ((s_comment)::text ~~ '%Customer%Complaints%'::text)
                           ->  Hash  (cost=90984.08..90984.08 rows=293177 width=40)
                                 ->  Seq Scan on part  (cost=0.00..90984.08 rows=293177 width=40)
                                       Filter: ((p_brand <> 'Brand#12'::bpchar) AND ((p_type)::text !~~ 'SMALL BRUSHED%'::text) AND (p_size = ANY ('{12,32,36,26,40,34,49,9}'::integer[])))
(17 rows)

query 16 run 3
SET
SET
SET
                                                                                         QUERY PLAN                                                                                         
--------------------------------------------------------------------------------------------------------------------------------------------------------------------------------------------
 Limit  (cost=357661.01..357661.01 rows=1 width=44)
   ->  Sort  (cost=357661.01..358043.33 rows=152930 width=44)
         Sort Key: (count(DISTINCT partsupp.ps_suppkey)) DESC, part.p_brand, part.p_type, part.p_size
         ->  GroupAggregate  (cost=348037.08..356896.36 rows=152930 width=44)
               Group Key: part.p_brand, part.p_type, part.p_size
               ->  Sort  (cost=348037.08..349503.08 rows=586398 width=40)
                     Sort Key: part.p_brand, part.p_type, part.p_size
                     ->  Hash Join  (cost=98120.25..281546.20 rows=586398 width=40)
                           Hash Cond: (partsupp.ps_partkey = part.p_partkey)
                           ->  Index Only Scan using partsupp_pkey on partsupp  (cost=3471.46..176395.96 rows=4000543 width=8)
                                 Filter: (NOT (hashed SubPlan 1))
                                 SubPlan 1
                                   ->  Seq Scan on supplier  (cost=0.00..3471.00 rows=10 width=4)
                                         Filter: ((s_comment)::text ~~ '%Customer%Complaints%'::text)
                           ->  Hash  (cost=90984.08..90984.08 rows=293177 width=40)
                                 ->  Seq Scan on part  (cost=0.00..90984.08 rows=293177 width=40)
                                       Filter: ((p_brand <> 'Brand#12'::bpchar) AND ((p_type)::text !~~ 'SMALL BRUSHED%'::text) AND (p_size = ANY ('{12,32,36,26,40,34,49,9}'::integer[])))
(17 rows)

query 17 run 1
SET
SET
SET
                                                  QUERY PLAN                                                   
---------------------------------------------------------------------------------------------------------------
 Limit  (cost=4871914.60..4871914.61 rows=1 width=32)
   ->  Aggregate  (cost=4871914.60..4871914.61 rows=1 width=32)
         ->  Nested Loop  (cost=4174259.86..4871864.79 rows=19921 width=8)
               Join Filter: (part.p_partkey = lineitem.l_partkey)
               ->  Hash Join  (cost=4174259.42..4814066.73 rows=1993 width=40)
                     Hash Cond: (lineitem_1.l_partkey = part.p_partkey)
                     ->  HashAggregate  (cost=4103251.10..4718367.42 rows=1955721 width=36)
                           Group Key: lineitem_1.l_partkey
                           Planned Partitions: 16
                           ->  Seq Scan on lineitem lineitem_1  (cost=0.00..1724982.24 rows=59983924 width=9)
                     ->  Hash  (cost=70982.85..70982.85 rows=2038 width=4)
                           ->  Seq Scan on part  (cost=0.00..70982.85 rows=2038 width=4)
                                 Filter: ((p_brand = 'Brand#22'::bpchar) AND (p_container = 'LG BOX'::bpchar))
               ->  Index Scan using idx_lineitem_part_supp on lineitem  (cost=0.44..28.88 rows=10 width=17)
                     Index Cond: (l_partkey = lineitem_1.l_partkey)
                     Filter: (l_quantity < ((0.2 * avg(lineitem_1.l_quantity))))
(16 rows)

query 17 run 2
SET
SET
SET
                                                  QUERY PLAN                                                   
---------------------------------------------------------------------------------------------------------------
 Limit  (cost=4871914.60..4871914.61 rows=1 width=32)
   ->  Aggregate  (cost=4871914.60..4871914.61 rows=1 width=32)
         ->  Nested Loop  (cost=4174259.86..4871864.79 rows=19921 width=8)
               Join Filter: (part.p_partkey = lineitem.l_partkey)
               ->  Hash Join  (cost=4174259.42..4814066.73 rows=1993 width=40)
                     Hash Cond: (lineitem_1.l_partkey = part.p_partkey)
                     ->  HashAggregate  (cost=4103251.10..4718367.42 rows=1955721 width=36)
                           Group Key: lineitem_1.l_partkey
                           Planned Partitions: 16
                           ->  Seq Scan on lineitem lineitem_1  (cost=0.00..1724982.24 rows=59983924 width=9)
                     ->  Hash  (cost=70982.85..70982.85 rows=2038 width=4)
                           ->  Seq Scan on part  (cost=0.00..70982.85 rows=2038 width=4)
                                 Filter: ((p_brand = 'Brand#22'::bpchar) AND (p_container = 'LG BOX'::bpchar))
               ->  Index Scan using idx_lineitem_part_supp on lineitem  (cost=0.44..28.88 rows=10 width=17)
                     Index Cond: (l_partkey = lineitem_1.l_partkey)
                     Filter: (l_quantity < ((0.2 * avg(lineitem_1.l_quantity))))
(16 rows)

query 17 run 3
SET
SET
SET
                                                  QUERY PLAN                                                   
---------------------------------------------------------------------------------------------------------------
 Limit  (cost=4871914.60..4871914.61 rows=1 width=32)
   ->  Aggregate  (cost=4871914.60..4871914.61 rows=1 width=32)
         ->  Nested Loop  (cost=4174259.86..4871864.79 rows=19921 width=8)
               Join Filter: (part.p_partkey = lineitem.l_partkey)
               ->  Hash Join  (cost=4174259.42..4814066.73 rows=1993 width=40)
                     Hash Cond: (lineitem_1.l_partkey = part.p_partkey)
                     ->  HashAggregate  (cost=4103251.10..4718367.42 rows=1955721 width=36)
                           Group Key: lineitem_1.l_partkey
                           Planned Partitions: 16
                           ->  Seq Scan on lineitem lineitem_1  (cost=0.00..1724982.24 rows=59983924 width=9)
                     ->  Hash  (cost=70982.85..70982.85 rows=2038 width=4)
                           ->  Seq Scan on part  (cost=0.00..70982.85 rows=2038 width=4)
                                 Filter: ((p_brand = 'Brand#22'::bpchar) AND (p_container = 'LG BOX'::bpchar))
               ->  Index Scan using idx_lineitem_part_supp on lineitem  (cost=0.44..28.88 rows=10 width=17)
                     Index Cond: (l_partkey = lineitem_1.l_partkey)
                     Filter: (l_quantity < ((0.2 * avg(lineitem_1.l_quantity))))
(16 rows)

query 18 run 1
SET
SET
SET
                                                                       QUERY PLAN                                                                       
--------------------------------------------------------------------------------------------------------------------------------------------------------
 Limit  (cost=8774290.89..8774291.14 rows=100 width=71)
   ->  Sort  (cost=8774290.89..8824272.61 rows=19992688 width=71)
         Sort Key: orders.o_totalprice DESC, orders.o_orderdate
         ->  HashAggregate  (cost=7408842.16..8010184.73 rows=19992688 width=71)
               Group Key: customer.c_custkey, orders.o_orderkey
               Planned Partitions: 128
               ->  Hash Join  (cost=78544.92..6331892.29 rows=19992688 width=44)
                     Hash Cond: (orders.o_custkey = customer.c_custkey)
                     ->  Merge Join  (cost=62.72..5918802.14 rows=19992688 width=25)
                           Merge Cond: (orders.o_orderkey = lineitem.l_orderkey)
                           ->  Merge Join  (cost=1.00..3390188.83 rows=4998660 width=24)
                                 Merge Cond: (orders.o_orderkey = lineitem_1.l_orderkey)
                                 ->  Index Scan using orders_pkey on orders  (cost=0.43..547927.11 rows=14997445 width=20)
                                 ->  GroupAggregate  (cost=0.56..2692298.26 rows=4998660 width=4)
                                       Group Key: lineitem_1.l_orderkey
                                       Filter: (sum(lineitem_1.l_quantity) > '313'::numeric)
                                       ->  Index Scan using idx_lineitem_orderkey on lineitem lineitem_1  (cost=0.56..2167438.93 rows=59983924 width=9)
                           ->  Index Scan using idx_lineitem_orderkey on lineitem  (cost=0.56..2167438.93 rows=59983924 width=9)
                     ->  Hash  (cost=50945.31..50945.31 rows=1499831 width=23)
                           ->  Seq Scan on customer  (cost=0.00..50945.31 rows=1499831 width=23)
(20 rows)

query 18 run 2
SET
SET
SET
                                                                       QUERY PLAN                                                                       
--------------------------------------------------------------------------------------------------------------------------------------------------------
 Limit  (cost=8774290.89..8774291.14 rows=100 width=71)
   ->  Sort  (cost=8774290.89..8824272.61 rows=19992688 width=71)
         Sort Key: orders.o_totalprice DESC, orders.o_orderdate
         ->  HashAggregate  (cost=7408842.16..8010184.73 rows=19992688 width=71)
               Group Key: customer.c_custkey, orders.o_orderkey
               Planned Partitions: 128
               ->  Hash Join  (cost=78544.92..6331892.29 rows=19992688 width=44)
                     Hash Cond: (orders.o_custkey = customer.c_custkey)
                     ->  Merge Join  (cost=62.72..5918802.14 rows=19992688 width=25)
                           Merge Cond: (orders.o_orderkey = lineitem.l_orderkey)
                           ->  Merge Join  (cost=1.00..3390188.83 rows=4998660 width=24)
                                 Merge Cond: (orders.o_orderkey = lineitem_1.l_orderkey)
                                 ->  Index Scan using orders_pkey on orders  (cost=0.43..547927.11 rows=14997445 width=20)
                                 ->  GroupAggregate  (cost=0.56..2692298.26 rows=4998660 width=4)
                                       Group Key: lineitem_1.l_orderkey
                                       Filter: (sum(lineitem_1.l_quantity) > '313'::numeric)
                                       ->  Index Scan using idx_lineitem_orderkey on lineitem lineitem_1  (cost=0.56..2167438.93 rows=59983924 width=9)
                           ->  Index Scan using idx_lineitem_orderkey on lineitem  (cost=0.56..2167438.93 rows=59983924 width=9)
                     ->  Hash  (cost=50945.31..50945.31 rows=1499831 width=23)
                           ->  Seq Scan on customer  (cost=0.00..50945.31 rows=1499831 width=23)
(20 rows)

query 18 run 3
SET
SET
SET
                                                                       QUERY PLAN                                                                       
--------------------------------------------------------------------------------------------------------------------------------------------------------
 Limit  (cost=8774290.89..8774291.14 rows=100 width=71)
   ->  Sort  (cost=8774290.89..8824272.61 rows=19992688 width=71)
         Sort Key: orders.o_totalprice DESC, orders.o_orderdate
         ->  HashAggregate  (cost=7408842.16..8010184.73 rows=19992688 width=71)
               Group Key: customer.c_custkey, orders.o_orderkey
               Planned Partitions: 128
               ->  Hash Join  (cost=78544.92..6331892.29 rows=19992688 width=44)
                     Hash Cond: (orders.o_custkey = customer.c_custkey)
                     ->  Merge Join  (cost=62.72..5918802.14 rows=19992688 width=25)
                           Merge Cond: (orders.o_orderkey = lineitem.l_orderkey)
                           ->  Merge Join  (cost=1.00..3390188.83 rows=4998660 width=24)
                                 Merge Cond: (orders.o_orderkey = lineitem_1.l_orderkey)
                                 ->  Index Scan using orders_pkey on orders  (cost=0.43..547927.11 rows=14997445 width=20)
                                 ->  GroupAggregate  (cost=0.56..2692298.26 rows=4998660 width=4)
                                       Group Key: lineitem_1.l_orderkey
                                       Filter: (sum(lineitem_1.l_quantity) > '313'::numeric)
                                       ->  Index Scan using idx_lineitem_orderkey on lineitem lineitem_1  (cost=0.56..2167438.93 rows=59983924 width=9)
                           ->  Index Scan using idx_lineitem_orderkey on lineitem  (cost=0.56..2167438.93 rows=59983924 width=9)
                     ->  Hash  (cost=50945.31..50945.31 rows=1499831 width=23)
                           ->  Seq Scan on customer  (cost=0.00..50945.31 rows=1499831 width=23)
(20 rows)

query 19 run 1
SET
SET
SET
                                                                                                                                                                                                                                                                                                                                                                                                                                                                                                            QUERY PLAN                                                                                                                                                                                                                                                                                                                                                                                                                                                                                                            
----------------------------------------------------------------------------------------------------------------------------------------------------------------------------------------------------------------------------------------------------------------------------------------------------------------------------------------------------------------------------------------------------------------------------------------------------------------------------------------------------------------------------------------------------------------------------------------------------------------------------------------------------------------------------------------------------------------------------------------------------------------------------------------------------------------------------------------------------------------------------------------------------------------------------------------------------------------------------------------------------------------------------------
 Limit  (cost=356122.88..356122.89 rows=1 width=32)
   ->  Aggregate  (cost=356122.88..356122.89 rows=1 width=32)
         ->  Nested Loop  (cost=0.44..356114.64 rows=1099 width=12)
               ->  Seq Scan on part  (cost=0.00..125986.23 rows=4786 width=30)
                     Filter: ((p_size >= 1) AND (((p_brand = 'Brand#24'::bpchar) AND (p_container = ANY ('{"SM CASE","SM BOX","SM PACK","SM PKG"}'::bpchar[])) AND (p_size <= 5)) OR ((p_brand = 'Brand#43'::bpchar) AND (p_container = ANY ('{"MED BAG","MED BOX","MED PKG","MED PACK"}'::bpchar[])) AND (p_size <= 10)) OR ((p_brand = 'Brand#44'::bpchar) AND (p_container = ANY ('{"LG CASE","LG BOX","LG PACK","LG PKG"}'::bpchar[])) AND (p_size <= 15))))
               ->  Index Scan using idx_lineitem_part_supp on lineitem  (cost=0.44..48.07 rows=1 width=21)
                     Index Cond: (l_partkey = part.p_partkey)
                     Filter: ((l_shipmode = ANY ('{AIR,"AIR REG"}'::bpchar[])) AND (l_shipinstruct = 'DELIVER IN PERSON'::bpchar) AND (((l_quantity >= '10'::numeric) AND (l_quantity <= '20'::numeric)) OR ((l_quantity >= '10'::numeric) AND (l_quantity <= '20'::numeric)) OR ((l_quantity >= '20'::numeric) AND (l_quantity <= '30'::numeric))) AND (((part.p_brand = 'Brand#24'::bpchar) AND (part.p_container = ANY ('{"SM CASE","SM BOX","SM PACK","SM PKG"}'::bpchar[])) AND (l_quantity >= '10'::numeric) AND (l_quantity <= '20'::numeric) AND (part.p_size <= 5)) OR ((part.p_brand = 'Brand#43'::bpchar) AND (part.p_container = ANY ('{"MED BAG","MED BOX","MED PKG","MED PACK"}'::bpchar[])) AND (l_quantity >= '10'::numeric) AND (l_quantity <= '20'::numeric) AND (part.p_size <= 10)) OR ((part.p_brand = 'Brand#44'::bpchar) AND (part.p_container = ANY ('{"LG CASE","LG BOX","LG PACK","LG PKG"}'::bpchar[])) AND (l_quantity >= '20'::numeric) AND (l_quantity <= '30'::numeric) AND (part.p_size <= 15))))
(8 rows)

query 19 run 2
SET
SET
SET
                                                                                                                                                                                                                                                                                                                                                                                                                                                                                                            QUERY PLAN                                                                                                                                                                                                                                                                                                                                                                                                                                                                                                            
----------------------------------------------------------------------------------------------------------------------------------------------------------------------------------------------------------------------------------------------------------------------------------------------------------------------------------------------------------------------------------------------------------------------------------------------------------------------------------------------------------------------------------------------------------------------------------------------------------------------------------------------------------------------------------------------------------------------------------------------------------------------------------------------------------------------------------------------------------------------------------------------------------------------------------------------------------------------------------------------------------------------------------
 Limit  (cost=356122.88..356122.89 rows=1 width=32)
   ->  Aggregate  (cost=356122.88..356122.89 rows=1 width=32)
         ->  Nested Loop  (cost=0.44..356114.64 rows=1099 width=12)
               ->  Seq Scan on part  (cost=0.00..125986.23 rows=4786 width=30)
                     Filter: ((p_size >= 1) AND (((p_brand = 'Brand#24'::bpchar) AND (p_container = ANY ('{"SM CASE","SM BOX","SM PACK","SM PKG"}'::bpchar[])) AND (p_size <= 5)) OR ((p_brand = 'Brand#43'::bpchar) AND (p_container = ANY ('{"MED BAG","MED BOX","MED PKG","MED PACK"}'::bpchar[])) AND (p_size <= 10)) OR ((p_brand = 'Brand#44'::bpchar) AND (p_container = ANY ('{"LG CASE","LG BOX","LG PACK","LG PKG"}'::bpchar[])) AND (p_size <= 15))))
               ->  Index Scan using idx_lineitem_part_supp on lineitem  (cost=0.44..48.07 rows=1 width=21)
                     Index Cond: (l_partkey = part.p_partkey)
                     Filter: ((l_shipmode = ANY ('{AIR,"AIR REG"}'::bpchar[])) AND (l_shipinstruct = 'DELIVER IN PERSON'::bpchar) AND (((l_quantity >= '10'::numeric) AND (l_quantity <= '20'::numeric)) OR ((l_quantity >= '10'::numeric) AND (l_quantity <= '20'::numeric)) OR ((l_quantity >= '20'::numeric) AND (l_quantity <= '30'::numeric))) AND (((part.p_brand = 'Brand#24'::bpchar) AND (part.p_container = ANY ('{"SM CASE","SM BOX","SM PACK","SM PKG"}'::bpchar[])) AND (l_quantity >= '10'::numeric) AND (l_quantity <= '20'::numeric) AND (part.p_size <= 5)) OR ((part.p_brand = 'Brand#43'::bpchar) AND (part.p_container = ANY ('{"MED BAG","MED BOX","MED PKG","MED PACK"}'::bpchar[])) AND (l_quantity >= '10'::numeric) AND (l_quantity <= '20'::numeric) AND (part.p_size <= 10)) OR ((part.p_brand = 'Brand#44'::bpchar) AND (part.p_container = ANY ('{"LG CASE","LG BOX","LG PACK","LG PKG"}'::bpchar[])) AND (l_quantity >= '20'::numeric) AND (l_quantity <= '30'::numeric) AND (part.p_size <= 15))))
(8 rows)

query 19 run 3
SET
SET
SET
                                                                                                                                                                                                                                                                                                                                                                                                                                                                                                            QUERY PLAN                                                                                                                                                                                                                                                                                                                                                                                                                                                                                                            
----------------------------------------------------------------------------------------------------------------------------------------------------------------------------------------------------------------------------------------------------------------------------------------------------------------------------------------------------------------------------------------------------------------------------------------------------------------------------------------------------------------------------------------------------------------------------------------------------------------------------------------------------------------------------------------------------------------------------------------------------------------------------------------------------------------------------------------------------------------------------------------------------------------------------------------------------------------------------------------------------------------------------------
 Limit  (cost=356122.88..356122.89 rows=1 width=32)
   ->  Aggregate  (cost=356122.88..356122.89 rows=1 width=32)
         ->  Nested Loop  (cost=0.44..356114.64 rows=1099 width=12)
               ->  Seq Scan on part  (cost=0.00..125986.23 rows=4786 width=30)
                     Filter: ((p_size >= 1) AND (((p_brand = 'Brand#24'::bpchar) AND (p_container = ANY ('{"SM CASE","SM BOX","SM PACK","SM PKG"}'::bpchar[])) AND (p_size <= 5)) OR ((p_brand = 'Brand#43'::bpchar) AND (p_container = ANY ('{"MED BAG","MED BOX","MED PKG","MED PACK"}'::bpchar[])) AND (p_size <= 10)) OR ((p_brand = 'Brand#44'::bpchar) AND (p_container = ANY ('{"LG CASE","LG BOX","LG PACK","LG PKG"}'::bpchar[])) AND (p_size <= 15))))
               ->  Index Scan using idx_lineitem_part_supp on lineitem  (cost=0.44..48.07 rows=1 width=21)
                     Index Cond: (l_partkey = part.p_partkey)
                     Filter: ((l_shipmode = ANY ('{AIR,"AIR REG"}'::bpchar[])) AND (l_shipinstruct = 'DELIVER IN PERSON'::bpchar) AND (((l_quantity >= '10'::numeric) AND (l_quantity <= '20'::numeric)) OR ((l_quantity >= '10'::numeric) AND (l_quantity <= '20'::numeric)) OR ((l_quantity >= '20'::numeric) AND (l_quantity <= '30'::numeric))) AND (((part.p_brand = 'Brand#24'::bpchar) AND (part.p_container = ANY ('{"SM CASE","SM BOX","SM PACK","SM PKG"}'::bpchar[])) AND (l_quantity >= '10'::numeric) AND (l_quantity <= '20'::numeric) AND (part.p_size <= 5)) OR ((part.p_brand = 'Brand#43'::bpchar) AND (part.p_container = ANY ('{"MED BAG","MED BOX","MED PKG","MED PACK"}'::bpchar[])) AND (l_quantity >= '10'::numeric) AND (l_quantity <= '20'::numeric) AND (part.p_size <= 10)) OR ((part.p_brand = 'Brand#44'::bpchar) AND (part.p_container = ANY ('{"LG CASE","LG BOX","LG PACK","LG PKG"}'::bpchar[])) AND (l_quantity >= '20'::numeric) AND (l_quantity <= '30'::numeric) AND (part.p_size <= 15))))
(8 rows)

query 20 run 1
SET
SET
SET
                                                                QUERY PLAN                                                                
------------------------------------------------------------------------------------------------------------------------------------------
 Limit  (cost=2689897.27..2689897.27 rows=1 width=52)
   ->  Sort  (cost=2689897.27..2689897.27 rows=1 width=52)
         Sort Key: supplier.s_name
         ->  Nested Loop Semi Join  (cost=2438099.11..2689897.26 rows=1 width=52)
               Join Filter: (supplier.s_suppkey = lineitem.l_suppkey)
               ->  Nested Loop  (cost=0.00..4472.31 rows=4000 width=56)
                     Join Filter: (supplier.s_nationkey = nation.n_nationkey)
                     ->  Seq Scan on nation  (cost=0.00..1.31 rows=1 width=4)
                           Filter: (n_name = 'IRAQ'::bpchar)
                     ->  Seq Scan on supplier  (cost=0.00..3221.00 rows=100000 width=60)
               ->  Materialize  (cost=2438099.11..2685244.95 rows=3 width=8)
                     ->  Nested Loop  (cost=2438099.11..2685244.94 rows=3 width=8)
                           ->  Hash Join  (cost=2438098.68..2659479.71 rows=48723 width=44)
                                 Hash Cond: (lineitem.l_partkey = part.p_partkey)
                                 ->  HashAggregate  (cost=2371863.61..2532346.20 rows=4823637 width=40)
                                       Group Key: lineitem.l_partkey, lineitem.l_suppkey
                                       Planned Partitions: 32
                                       ->  Bitmap Heap Scan on lineitem  (cost=144695.25..1991503.00 rows=9024311 width=13)
                                             Recheck Cond: ((l_shipdate >= '1996-01-01'::date) AND (l_shipdate < '1997-01-01'::date))
                                             ->  Bitmap Index Scan on idx_lineitem_shipdate  (cost=0.00..142439.17 rows=9024311 width=0)
                                                   Index Cond: ((l_shipdate >= '1996-01-01'::date) AND (l_shipdate < '1997-01-01'::date))
                                 ->  Hash  (cost=65982.54..65982.54 rows=20203 width=4)
                                       ->  Seq Scan on part  (cost=0.00..65982.54 rows=20203 width=4)
                                             Filter: ((p_name)::text ~~ 'olive%'::text)
                           ->  Index Scan using partsupp_pkey on partsupp  (cost=0.43..0.52 rows=1 width=12)
                                 Index Cond: ((ps_partkey = lineitem.l_partkey) AND (ps_suppkey = lineitem.l_suppkey))
                                 Filter: ((ps_availqty)::numeric > ((0.5 * sum(lineitem.l_quantity))))
(27 rows)

query 20 run 2
SET
SET
SET
                                                                QUERY PLAN                                                                
------------------------------------------------------------------------------------------------------------------------------------------
 Limit  (cost=2689897.27..2689897.27 rows=1 width=52)
   ->  Sort  (cost=2689897.27..2689897.27 rows=1 width=52)
         Sort Key: supplier.s_name
         ->  Nested Loop Semi Join  (cost=2438099.11..2689897.26 rows=1 width=52)
               Join Filter: (supplier.s_suppkey = lineitem.l_suppkey)
               ->  Nested Loop  (cost=0.00..4472.31 rows=4000 width=56)
                     Join Filter: (supplier.s_nationkey = nation.n_nationkey)
                     ->  Seq Scan on nation  (cost=0.00..1.31 rows=1 width=4)
                           Filter: (n_name = 'IRAQ'::bpchar)
                     ->  Seq Scan on supplier  (cost=0.00..3221.00 rows=100000 width=60)
               ->  Materialize  (cost=2438099.11..2685244.95 rows=3 width=8)
                     ->  Nested Loop  (cost=2438099.11..2685244.94 rows=3 width=8)
                           ->  Hash Join  (cost=2438098.68..2659479.71 rows=48723 width=44)
                                 Hash Cond: (lineitem.l_partkey = part.p_partkey)
                                 ->  HashAggregate  (cost=2371863.61..2532346.20 rows=4823637 width=40)
                                       Group Key: lineitem.l_partkey, lineitem.l_suppkey
                                       Planned Partitions: 32
                                       ->  Bitmap Heap Scan on lineitem  (cost=144695.25..1991503.00 rows=9024311 width=13)
                                             Recheck Cond: ((l_shipdate >= '1996-01-01'::date) AND (l_shipdate < '1997-01-01'::date))
                                             ->  Bitmap Index Scan on idx_lineitem_shipdate  (cost=0.00..142439.17 rows=9024311 width=0)
                                                   Index Cond: ((l_shipdate >= '1996-01-01'::date) AND (l_shipdate < '1997-01-01'::date))
                                 ->  Hash  (cost=65982.54..65982.54 rows=20203 width=4)
                                       ->  Seq Scan on part  (cost=0.00..65982.54 rows=20203 width=4)
                                             Filter: ((p_name)::text ~~ 'olive%'::text)
                           ->  Index Scan using partsupp_pkey on partsupp  (cost=0.43..0.52 rows=1 width=12)
                                 Index Cond: ((ps_partkey = lineitem.l_partkey) AND (ps_suppkey = lineitem.l_suppkey))
                                 Filter: ((ps_availqty)::numeric > ((0.5 * sum(lineitem.l_quantity))))
(27 rows)

query 20 run 3
SET
SET
SET
                                                                QUERY PLAN                                                                
------------------------------------------------------------------------------------------------------------------------------------------
 Limit  (cost=2689897.27..2689897.27 rows=1 width=52)
   ->  Sort  (cost=2689897.27..2689897.27 rows=1 width=52)
         Sort Key: supplier.s_name
         ->  Nested Loop Semi Join  (cost=2438099.11..2689897.26 rows=1 width=52)
               Join Filter: (supplier.s_suppkey = lineitem.l_suppkey)
               ->  Nested Loop  (cost=0.00..4472.31 rows=4000 width=56)
                     Join Filter: (supplier.s_nationkey = nation.n_nationkey)
                     ->  Seq Scan on nation  (cost=0.00..1.31 rows=1 width=4)
                           Filter: (n_name = 'IRAQ'::bpchar)
                     ->  Seq Scan on supplier  (cost=0.00..3221.00 rows=100000 width=60)
               ->  Materialize  (cost=2438099.11..2685244.95 rows=3 width=8)
                     ->  Nested Loop  (cost=2438099.11..2685244.94 rows=3 width=8)
                           ->  Hash Join  (cost=2438098.68..2659479.71 rows=48723 width=44)
                                 Hash Cond: (lineitem.l_partkey = part.p_partkey)
                                 ->  HashAggregate  (cost=2371863.61..2532346.20 rows=4823637 width=40)
                                       Group Key: lineitem.l_partkey, lineitem.l_suppkey
                                       Planned Partitions: 32
                                       ->  Bitmap Heap Scan on lineitem  (cost=144695.25..1991503.00 rows=9024311 width=13)
                                             Recheck Cond: ((l_shipdate >= '1996-01-01'::date) AND (l_shipdate < '1997-01-01'::date))
                                             ->  Bitmap Index Scan on idx_lineitem_shipdate  (cost=0.00..142439.17 rows=9024311 width=0)
                                                   Index Cond: ((l_shipdate >= '1996-01-01'::date) AND (l_shipdate < '1997-01-01'::date))
                                 ->  Hash  (cost=65982.54..65982.54 rows=20203 width=4)
                                       ->  Seq Scan on part  (cost=0.00..65982.54 rows=20203 width=4)
                                             Filter: ((p_name)::text ~~ 'olive%'::text)
                           ->  Index Scan using partsupp_pkey on partsupp  (cost=0.43..0.52 rows=1 width=12)
                                 Index Cond: ((ps_partkey = lineitem.l_partkey) AND (ps_suppkey = lineitem.l_suppkey))
                                 Filter: ((ps_availqty)::numeric > ((0.5 * sum(lineitem.l_quantity))))
(27 rows)

query 21 run 1
SET
SET
SET
                                                                         QUERY PLAN                                                                         
------------------------------------------------------------------------------------------------------------------------------------------------------------
 Limit  (cost=3628836.04..3628836.05 rows=1 width=34)
   ->  Sort  (cost=3628836.04..3628836.05 rows=1 width=34)
         Sort Key: (count(*)) DESC, supplier.s_name
         ->  GroupAggregate  (cost=3628836.01..3628836.03 rows=1 width=34)
               Group Key: supplier.s_name
               ->  Sort  (cost=3628836.01..3628836.02 rows=1 width=26)
                     Sort Key: supplier.s_name
                     ->  Nested Loop Semi Join  (cost=1976478.73..3628836.00 rows=1 width=26)
                           Join Filter: (l2.l_suppkey <> l1.l_suppkey)
                           ->  Nested Loop Anti Join  (cost=1976478.16..3628832.77 rows=1 width=38)
                                 ->  Hash Join  (cost=1976477.60..2519390.95 rows=387656 width=38)
                                       Hash Cond: (orders.o_orderkey = l1.l_orderkey)
                                       ->  Seq Scan on orders  (cost=0.00..448736.06 rows=7269262 width=4)
                                             Filter: (o_orderstatus = 'F'::bpchar)
                                       ->  Hash  (cost=1960231.27..1960231.27 rows=799786 width=34)
                                             ->  Hash Join  (cost=2311.46..1960231.27 rows=799786 width=34)
                                                   Hash Cond: (l1.l_suppkey = supplier.s_suppkey)
                                                   ->  Seq Scan on lineitem l1  (cost=0.00..1874942.05 rows=19994641 width=8)
                                                         Filter: (l_receiptdate > l_commitdate)
                                                   ->  Hash  (cost=2261.46..2261.46 rows=4000 width=30)
                                                         ->  Nested Loop  (cost=37.29..2261.46 rows=4000 width=30)
                                                               ->  Seq Scan on nation  (cost=0.00..1.31 rows=1 width=4)
                                                                     Filter: (n_name = 'PERU'::bpchar)
                                                               ->  Bitmap Heap Scan on supplier  (cost=37.29..2220.15 rows=4000 width=34)
                                                                     Recheck Cond: (s_nationkey = nation.n_nationkey)
                                                                     ->  Bitmap Index Scan on idx_supplier_nation_key  (cost=0.00..36.29 rows=4000 width=0)
                                                                           Index Cond: (s_nationkey = nation.n_nationkey)
                                 ->  Index Scan using idx_lineitem_orderkey on lineitem l3  (cost=0.56..3.23 rows=1 width=8)
                                       Index Cond: (l_orderkey = l1.l_orderkey)
                                       Filter: ((l_receiptdate > l_commitdate) AND (l_suppkey <> l1.l_suppkey))
                           ->  Index Scan using idx_lineitem_orderkey on lineitem l2  (cost=0.56..3.22 rows=4 width=8)
                                 Index Cond: (l_orderkey = orders.o_orderkey)
(32 rows)

query 21 run 2
SET
SET
SET
                                                                         QUERY PLAN                                                                         
------------------------------------------------------------------------------------------------------------------------------------------------------------
 Limit  (cost=3628836.04..3628836.05 rows=1 width=34)
   ->  Sort  (cost=3628836.04..3628836.05 rows=1 width=34)
         Sort Key: (count(*)) DESC, supplier.s_name
         ->  GroupAggregate  (cost=3628836.01..3628836.03 rows=1 width=34)
               Group Key: supplier.s_name
               ->  Sort  (cost=3628836.01..3628836.02 rows=1 width=26)
                     Sort Key: supplier.s_name
                     ->  Nested Loop Semi Join  (cost=1976478.73..3628836.00 rows=1 width=26)
                           Join Filter: (l2.l_suppkey <> l1.l_suppkey)
                           ->  Nested Loop Anti Join  (cost=1976478.16..3628832.77 rows=1 width=38)
                                 ->  Hash Join  (cost=1976477.60..2519390.95 rows=387656 width=38)
                                       Hash Cond: (orders.o_orderkey = l1.l_orderkey)
                                       ->  Seq Scan on orders  (cost=0.00..448736.06 rows=7269262 width=4)
                                             Filter: (o_orderstatus = 'F'::bpchar)
                                       ->  Hash  (cost=1960231.27..1960231.27 rows=799786 width=34)
                                             ->  Hash Join  (cost=2311.46..1960231.27 rows=799786 width=34)
                                                   Hash Cond: (l1.l_suppkey = supplier.s_suppkey)
                                                   ->  Seq Scan on lineitem l1  (cost=0.00..1874942.05 rows=19994641 width=8)
                                                         Filter: (l_receiptdate > l_commitdate)
                                                   ->  Hash  (cost=2261.46..2261.46 rows=4000 width=30)
                                                         ->  Nested Loop  (cost=37.29..2261.46 rows=4000 width=30)
                                                               ->  Seq Scan on nation  (cost=0.00..1.31 rows=1 width=4)
                                                                     Filter: (n_name = 'PERU'::bpchar)
                                                               ->  Bitmap Heap Scan on supplier  (cost=37.29..2220.15 rows=4000 width=34)
                                                                     Recheck Cond: (s_nationkey = nation.n_nationkey)
                                                                     ->  Bitmap Index Scan on idx_supplier_nation_key  (cost=0.00..36.29 rows=4000 width=0)
                                                                           Index Cond: (s_nationkey = nation.n_nationkey)
                                 ->  Index Scan using idx_lineitem_orderkey on lineitem l3  (cost=0.56..3.23 rows=1 width=8)
                                       Index Cond: (l_orderkey = l1.l_orderkey)
                                       Filter: ((l_receiptdate > l_commitdate) AND (l_suppkey <> l1.l_suppkey))
                           ->  Index Scan using idx_lineitem_orderkey on lineitem l2  (cost=0.56..3.22 rows=4 width=8)
                                 Index Cond: (l_orderkey = orders.o_orderkey)
(32 rows)

query 21 run 3
SET
SET
SET
                                                                         QUERY PLAN                                                                         
------------------------------------------------------------------------------------------------------------------------------------------------------------
 Limit  (cost=3628836.04..3628836.05 rows=1 width=34)
   ->  Sort  (cost=3628836.04..3628836.05 rows=1 width=34)
         Sort Key: (count(*)) DESC, supplier.s_name
         ->  GroupAggregate  (cost=3628836.01..3628836.03 rows=1 width=34)
               Group Key: supplier.s_name
               ->  Sort  (cost=3628836.01..3628836.02 rows=1 width=26)
                     Sort Key: supplier.s_name
                     ->  Nested Loop Semi Join  (cost=1976478.73..3628836.00 rows=1 width=26)
                           Join Filter: (l2.l_suppkey <> l1.l_suppkey)
                           ->  Nested Loop Anti Join  (cost=1976478.16..3628832.77 rows=1 width=38)
                                 ->  Hash Join  (cost=1976477.60..2519390.95 rows=387656 width=38)
                                       Hash Cond: (orders.o_orderkey = l1.l_orderkey)
                                       ->  Seq Scan on orders  (cost=0.00..448736.06 rows=7269262 width=4)
                                             Filter: (o_orderstatus = 'F'::bpchar)
                                       ->  Hash  (cost=1960231.27..1960231.27 rows=799786 width=34)
                                             ->  Hash Join  (cost=2311.46..1960231.27 rows=799786 width=34)
                                                   Hash Cond: (l1.l_suppkey = supplier.s_suppkey)
                                                   ->  Seq Scan on lineitem l1  (cost=0.00..1874942.05 rows=19994641 width=8)
                                                         Filter: (l_receiptdate > l_commitdate)
                                                   ->  Hash  (cost=2261.46..2261.46 rows=4000 width=30)
                                                         ->  Nested Loop  (cost=37.29..2261.46 rows=4000 width=30)
                                                               ->  Seq Scan on nation  (cost=0.00..1.31 rows=1 width=4)
                                                                     Filter: (n_name = 'PERU'::bpchar)
                                                               ->  Bitmap Heap Scan on supplier  (cost=37.29..2220.15 rows=4000 width=34)
                                                                     Recheck Cond: (s_nationkey = nation.n_nationkey)
                                                                     ->  Bitmap Index Scan on idx_supplier_nation_key  (cost=0.00..36.29 rows=4000 width=0)
                                                                           Index Cond: (s_nationkey = nation.n_nationkey)
                                 ->  Index Scan using idx_lineitem_orderkey on lineitem l3  (cost=0.56..3.23 rows=1 width=8)
                                       Index Cond: (l_orderkey = l1.l_orderkey)
                                       Filter: ((l_receiptdate > l_commitdate) AND (l_suppkey <> l1.l_suppkey))
                           ->  Index Scan using idx_lineitem_orderkey on lineitem l2  (cost=0.56..3.22 rows=4 width=8)
                                 Index Cond: (l_orderkey = orders.o_orderkey)
(32 rows)

query 22 run 1
SET
SET
SET
                                                             QUERY PLAN                                                              
-------------------------------------------------------------------------------------------------------------------------------------
 Limit  (cost=161013.60..161013.63 rows=1 width=72)
   InitPlan 1 (returns $0)
     ->  Aggregate  (cost=75436.72..75436.73 rows=1 width=32)
           ->  Seq Scan on customer customer_1  (cost=0.00..75317.56 rows=47663 width=6)
                 Filter: ((c_acctbal > 0.00) AND (SUBSTRING(c_phone FROM 1 FOR 2) = ANY ('{21,29,26,34,14,15,17}'::text[])))
   ->  GroupAggregate  (cost=85576.87..85776.77 rows=7269 width=72)
         Group Key: (SUBSTRING(customer.c_phone FROM 1 FOR 2))
         ->  Sort  (cost=85576.87..85595.04 rows=7269 width=38)
               Sort Key: (SUBSTRING(customer.c_phone FROM 1 FOR 2))
               ->  Nested Loop Anti Join  (cost=0.43..85110.65 rows=7269 width=38)
                     ->  Seq Scan on customer  (cost=0.00..75317.56 rows=17498 width=26)
                           Filter: ((c_acctbal > $0) AND (SUBSTRING(c_phone FROM 1 FOR 2) = ANY ('{21,29,26,34,14,15,17}'::text[])))
                     ->  Index Only Scan using idx_orders_custkey on orders  (cost=0.43..1.69 rows=17 width=4)
                           Index Cond: (o_custkey = customer.c_custkey)
(14 rows)

query 22 run 2
SET
SET
SET
                                                             QUERY PLAN                                                              
-------------------------------------------------------------------------------------------------------------------------------------
 Limit  (cost=161013.60..161013.63 rows=1 width=72)
   InitPlan 1 (returns $0)
     ->  Aggregate  (cost=75436.72..75436.73 rows=1 width=32)
           ->  Seq Scan on customer customer_1  (cost=0.00..75317.56 rows=47663 width=6)
                 Filter: ((c_acctbal > 0.00) AND (SUBSTRING(c_phone FROM 1 FOR 2) = ANY ('{21,29,26,34,14,15,17}'::text[])))
   ->  GroupAggregate  (cost=85576.87..85776.77 rows=7269 width=72)
         Group Key: (SUBSTRING(customer.c_phone FROM 1 FOR 2))
         ->  Sort  (cost=85576.87..85595.04 rows=7269 width=38)
               Sort Key: (SUBSTRING(customer.c_phone FROM 1 FOR 2))
               ->  Nested Loop Anti Join  (cost=0.43..85110.65 rows=7269 width=38)
                     ->  Seq Scan on customer  (cost=0.00..75317.56 rows=17498 width=26)
                           Filter: ((c_acctbal > $0) AND (SUBSTRING(c_phone FROM 1 FOR 2) = ANY ('{21,29,26,34,14,15,17}'::text[])))
                     ->  Index Only Scan using idx_orders_custkey on orders  (cost=0.43..1.69 rows=17 width=4)
                           Index Cond: (o_custkey = customer.c_custkey)
(14 rows)

query 22 run 3
SET
SET
SET
                                                             QUERY PLAN                                                              
-------------------------------------------------------------------------------------------------------------------------------------
 Limit  (cost=161013.60..161013.63 rows=1 width=72)
   InitPlan 1 (returns $0)
     ->  Aggregate  (cost=75436.72..75436.73 rows=1 width=32)
           ->  Seq Scan on customer customer_1  (cost=0.00..75317.56 rows=47663 width=6)
                 Filter: ((c_acctbal > 0.00) AND (SUBSTRING(c_phone FROM 1 FOR 2) = ANY ('{21,29,26,34,14,15,17}'::text[])))
   ->  GroupAggregate  (cost=85576.87..85776.77 rows=7269 width=72)
         Group Key: (SUBSTRING(customer.c_phone FROM 1 FOR 2))
         ->  Sort  (cost=85576.87..85595.04 rows=7269 width=38)
               Sort Key: (SUBSTRING(customer.c_phone FROM 1 FOR 2))
               ->  Nested Loop Anti Join  (cost=0.43..85110.65 rows=7269 width=38)
                     ->  Seq Scan on customer  (cost=0.00..75317.56 rows=17498 width=26)
                           Filter: ((c_acctbal > $0) AND (SUBSTRING(c_phone FROM 1 FOR 2) = ANY ('{21,29,26,34,14,15,17}'::text[])))
                     ->  Index Only Scan using idx_orders_custkey on orders  (cost=0.43..1.69 rows=17 width=4)
                           Index Cond: (o_custkey = customer.c_custkey)
(14 rows)

